<?xml version="1.0" encoding="UTF-8"?>
<testsuite xmlns:xsi="http://www.w3.org/2001/XMLSchema-instance" xsi:noNamespaceSchemaLocation="https://maven.apache.org/surefire/maven-surefire-plugin/xsd/surefire-test-report.xsd" name="org.apache.hadoop.ozone.client.rpc.TestBlockOutputStreamWithFailures" time="671.843" tests="8" errors="0" skipped="0" failures="2">
  <properties>
    <property name="awt.toolkit" value="sun.awt.X11.XToolkit"/>
    <property name="file.encoding.pkg" value="sun.io"/>
    <property name="java.specification.version" value="1.8"/>
    <property name="sun.cpu.isalist" value=""/>
    <property name="sun.jnu.encoding" value="UTF-8"/>
    <property name="java.class.path" value="/workdir/hadoop-ozone/integration-test/target/test-classes:/workdir/hadoop-ozone/integration-test/target/classes:/home/user/.m2/repository/org/apache/hadoop/hadoop-ozone-common/0.5.0-SNAPSHOT/hadoop-ozone-common-0.5.0-SNAPSHOT.jar:/home/user/.m2/repository/org/apache/commons/commons-compress/1.4.1/commons-compress-1.4.1.jar:/home/user/.m2/repository/org/tukaani/xz/1.0/xz-1.0.jar:/home/user/.m2/repository/org/apache/hadoop/hadoop-common/3.2.0/hadoop-common-3.2.0.jar:/home/user/.m2/repository/org/apache/hadoop/hadoop-hdfs/3.2.0/hadoop-hdfs-3.2.0.jar:/home/user/.m2/repository/org/apache/hadoop/hadoop-hdfs-client/3.2.0/hadoop-hdfs-client-3.2.0.jar:/home/user/.m2/repository/com/fasterxml/jackson/core/jackson-annotations/2.9.5/jackson-annotations-2.9.5.jar:/home/user/.m2/repository/org/apache/hadoop/hadoop-hdds-common/0.5.0-SNAPSHOT/hadoop-hdds-common-0.5.0-SNAPSHOT.jar:/home/user/.m2/repository/javax/annotation/javax.annotation-api/1.2/javax.annotation-api-1.2.jar:/home/user/.m2/repository/org/apache/ratis/ratis-server/0.4.0-2337318-SNAPSHOT/ratis-server-0.4.0-2337318-SNAPSHOT.jar:/home/user/.m2/repository/org/apache/ratis/ratis-thirdparty-misc/0.2.0/ratis-thirdparty-misc-0.2.0.jar:/home/user/.m2/repository/org/apache/ratis/ratis-proto/0.4.0-2337318-SNAPSHOT/ratis-proto-0.4.0-2337318-SNAPSHOT.jar:/home/user/.m2/repository/org/apache/ratis/ratis-common/0.4.0-2337318-SNAPSHOT/ratis-common-0.4.0-2337318-SNAPSHOT.jar:/home/user/.m2/repository/org/apache/ratis/ratis-client/0.4.0-2337318-SNAPSHOT/ratis-client-0.4.0-2337318-SNAPSHOT.jar:/home/user/.m2/repository/org/apache/ratis/ratis-metrics/0.4.0-2337318-SNAPSHOT/ratis-metrics-0.4.0-2337318-SNAPSHOT.jar:/home/user/.m2/repository/org/apache/ratis/ratis-netty/0.4.0-2337318-SNAPSHOT/ratis-netty-0.4.0-2337318-SNAPSHOT.jar:/home/user/.m2/repository/org/apache/ratis/ratis-grpc/0.4.0-2337318-SNAPSHOT/ratis-grpc-0.4.0-2337318-SNAPSHOT.jar:/home/user/.m2/repository/org/rocksdb/rocksdbjni/6.0.1/rocksdbjni-6.0.1.jar:/home/user/.m2/repository/org/apache/logging/log4j/log4j-api/2.11.0/log4j-api-2.11.0.jar:/home/user/.m2/repository/org/apache/logging/log4j/log4j-core/2.11.0/log4j-core-2.11.0.jar:/home/user/.m2/repository/com/lmax/disruptor/3.4.2/disruptor-3.4.2.jar:/home/user/.m2/repository/org/apache/commons/commons-pool2/2.6.0/commons-pool2-2.6.0.jar:/home/user/.m2/repository/org/bouncycastle/bcpkix-jdk15on/1.60/bcpkix-jdk15on-1.60.jar:/home/user/.m2/repository/commons-validator/commons-validator/1.6/commons-validator-1.6.jar:/home/user/.m2/repository/commons-digester/commons-digester/1.8.1/commons-digester-1.8.1.jar:/home/user/.m2/repository/io/jaegertracing/jaeger-client/0.33.1/jaeger-client-0.33.1.jar:/home/user/.m2/repository/io/jaegertracing/jaeger-thrift/0.33.1/jaeger-thrift-0.33.1.jar:/home/user/.m2/repository/org/apache/thrift/libthrift/0.11.0/libthrift-0.11.0.jar:/home/user/.m2/repository/com/squareup/okhttp3/okhttp/3.9.0/okhttp-3.9.0.jar:/home/user/.m2/repository/com/squareup/okio/okio/1.13.0/okio-1.13.0.jar:/home/user/.m2/repository/io/jaegertracing/jaeger-core/0.33.1/jaeger-core-0.33.1.jar:/home/user/.m2/repository/io/jaegertracing/jaeger-tracerresolver/0.33.1/jaeger-tracerresolver-0.33.1.jar:/home/user/.m2/repository/io/opentracing/contrib/opentracing-tracerresolver/0.1.5/opentracing-tracerresolver-0.1.5.jar:/home/user/.m2/repository/io/opentracing/opentracing-util/0.31.0/opentracing-util-0.31.0.jar:/home/user/.m2/repository/io/opentracing/opentracing-api/0.31.0/opentracing-api-0.31.0.jar:/home/user/.m2/repository/io/opentracing/opentracing-noop/0.31.0/opentracing-noop-0.31.0.jar:/home/user/.m2/repository/org/apache/hadoop/hadoop-hdds-server-framework/0.5.0-SNAPSHOT/hadoop-hdds-server-framework-0.5.0-SNAPSHOT.jar:/home/user/.m2/repository/org/apache/hadoop/hadoop-hdds-container-service/0.5.0-SNAPSHOT/hadoop-hdds-container-service-0.5.0-SNAPSHOT.jar:/home/user/.m2/repository/org/apache/hadoop/hadoop-hdds-client/0.5.0-SNAPSHOT/hadoop-hdds-client-0.5.0-SNAPSHOT.jar:/home/user/.m2/repository/org/apache/hadoop/hadoop-hdds-tools/0.5.0-SNAPSHOT/hadoop-hdds-tools-0.5.0-SNAPSHOT.jar:/home/user/.m2/repository/org/apache/hadoop/hadoop-hdds-server-scm/0.5.0-SNAPSHOT/hadoop-hdds-server-scm-0.5.0-SNAPSHOT.jar:/home/user/.m2/repository/org/apache/hadoop/hadoop-hdds-docs/0.5.0-SNAPSHOT/hadoop-hdds-docs-0.5.0-SNAPSHOT.jar:/home/user/.m2/repository/io/dropwizard/metrics/metrics-core/3.2.4/metrics-core-3.2.4.jar:/home/user/.m2/repository/org/hamcrest/hamcrest-all/1.3/hamcrest-all-1.3.jar:/home/user/.m2/repository/org/bouncycastle/bcprov-jdk15on/1.60/bcprov-jdk15on-1.60.jar:/home/user/.m2/repository/info/picocli/picocli/3.9.6/picocli-3.9.6.jar:/home/user/.m2/repository/com/google/protobuf/protobuf-java/2.5.0/protobuf-java-2.5.0.jar:/home/user/.m2/repository/com/google/guava/guava/11.0.2/guava-11.0.2.jar:/home/user/.m2/repository/org/apache/hadoop/hadoop-ozone-ozone-manager/0.5.0-SNAPSHOT/hadoop-ozone-ozone-manager-0.5.0-SNAPSHOT.jar:/home/user/.m2/repository/org/apache/hadoop/hadoop-minikdc/3.2.0/hadoop-minikdc-3.2.0.jar:/home/user/.m2/repository/commons-io/commons-io/2.5/commons-io-2.5.jar:/home/user/.m2/repository/org/apache/kerby/kerb-simplekdc/1.0.1/kerb-simplekdc-1.0.1.jar:/home/user/.m2/repository/org/apache/kerby/kerb-client/1.0.1/kerb-client-1.0.1.jar:/home/user/.m2/repository/org/apache/kerby/kerby-config/1.0.1/kerby-config-1.0.1.jar:/home/user/.m2/repository/org/apache/kerby/kerb-core/1.0.1/kerb-core-1.0.1.jar:/home/user/.m2/repository/org/apache/kerby/kerby-pkix/1.0.1/kerby-pkix-1.0.1.jar:/home/user/.m2/repository/org/apache/kerby/kerby-asn1/1.0.1/kerby-asn1-1.0.1.jar:/home/user/.m2/repository/org/apache/kerby/kerby-util/1.0.1/kerby-util-1.0.1.jar:/home/user/.m2/repository/org/apache/kerby/kerb-common/1.0.1/kerb-common-1.0.1.jar:/home/user/.m2/repository/org/apache/kerby/kerb-crypto/1.0.1/kerb-crypto-1.0.1.jar:/home/user/.m2/repository/org/apache/kerby/kerb-util/1.0.1/kerb-util-1.0.1.jar:/home/user/.m2/repository/org/apache/kerby/token-provider/1.0.1/token-provider-1.0.1.jar:/home/user/.m2/repository/org/apache/kerby/kerb-admin/1.0.1/kerb-admin-1.0.1.jar:/home/user/.m2/repository/org/apache/kerby/kerb-server/1.0.1/kerb-server-1.0.1.jar:/home/user/.m2/repository/org/apache/kerby/kerb-identity/1.0.1/kerb-identity-1.0.1.jar:/home/user/.m2/repository/org/apache/kerby/kerby-xdr/1.0.1/kerby-xdr-1.0.1.jar:/home/user/.m2/repository/org/slf4j/slf4j-log4j12/1.7.25/slf4j-log4j12-1.7.25.jar:/home/user/.m2/repository/org/apache/hadoop/hadoop-ozone-objectstore-service/0.5.0-SNAPSHOT/hadoop-ozone-objectstore-service-0.5.0-SNAPSHOT.jar:/home/user/.m2/repository/org/apache/hadoop/hadoop-ozone-s3gateway/0.5.0-SNAPSHOT/hadoop-ozone-s3gateway-0.5.0-SNAPSHOT.jar:/home/user/.m2/repository/org/jboss/weld/servlet/weld-servlet/2.4.7.Final/weld-servlet-2.4.7.Final.jar:/home/user/.m2/repository/org/glassfish/jersey/containers/jersey-container-servlet-core/2.27/jersey-container-servlet-core-2.27.jar:/home/user/.m2/repository/org/glassfish/hk2/external/javax.inject/2.5.0-b42/javax.inject-2.5.0-b42.jar:/home/user/.m2/repository/org/glassfish/jersey/core/jersey-common/2.27/jersey-common-2.27.jar:/home/user/.m2/repository/org/glassfish/hk2/osgi-resource-locator/1.0.1/osgi-resource-locator-1.0.1.jar:/home/user/.m2/repository/javax/ws/rs/javax.ws.rs-api/2.1/javax.ws.rs-api-2.1.jar:/home/user/.m2/repository/org/glassfish/jersey/ext/cdi/jersey-cdi1x/2.27/jersey-cdi1x-2.27.jar:/home/user/.m2/repository/org/glassfish/jersey/inject/jersey-hk2/2.27/jersey-hk2-2.27.jar:/home/user/.m2/repository/org/glassfish/hk2/hk2-locator/2.5.0-b42/hk2-locator-2.5.0-b42.jar:/home/user/.m2/repository/org/javassist/javassist/3.22.0-CR2/javassist-3.22.0-CR2.jar:/home/user/.m2/repository/org/glassfish/hk2/hk2-api/2.5.0/hk2-api-2.5.0.jar:/home/user/.m2/repository/org/glassfish/hk2/external/jakarta.inject/2.5.0/jakarta.inject-2.5.0.jar:/home/user/.m2/repository/org/glassfish/hk2/hk2-utils/2.5.0/hk2-utils-2.5.0.jar:/home/user/.m2/repository/jakarta/annotation/jakarta.annotation-api/1.3.4/jakarta.annotation-api-1.3.4.jar:/home/user/.m2/repository/org/glassfish/hk2/external/aopalliance-repackaged/2.5.0/aopalliance-repackaged-2.5.0.jar:/home/user/.m2/repository/com/fasterxml/jackson/dataformat/jackson-dataformat-xml/2.9.0/jackson-dataformat-xml-2.9.0.jar:/home/user/.m2/repository/com/fasterxml/jackson/core/jackson-core/2.9.5/jackson-core-2.9.5.jar:/home/user/.m2/repository/com/fasterxml/jackson/module/jackson-module-jaxb-annotations/2.9.5/jackson-module-jaxb-annotations-2.9.5.jar:/home/user/.m2/repository/javax/enterprise/cdi-api/1.2/cdi-api-1.2.jar:/home/user/.m2/repository/javax/el/javax.el-api/3.0.0/javax.el-api-3.0.0.jar:/home/user/.m2/repository/javax/interceptor/javax.interceptor-api/1.2/javax.interceptor-api-1.2.jar:/home/user/.m2/repository/javax/inject/javax.inject/1/javax.inject-1.jar:/home/user/.m2/repository/com/sun/xml/bind/jaxb-impl/2.3.0.1/jaxb-impl-2.3.0.1.jar:/home/user/.m2/repository/com/sun/xml/bind/jaxb-core/2.3.0.1/jaxb-core-2.3.0.1.jar:/home/user/.m2/repository/javax/xml/bind/jaxb-api/2.3.0/jaxb-api-2.3.0.jar:/home/user/.m2/repository/javax/activation/activation/1.1.1/activation-1.1.1.jar:/home/user/.m2/repository/org/apache/hadoop/hadoop-ozone-csi/0.5.0-SNAPSHOT/hadoop-ozone-csi-0.5.0-SNAPSHOT.jar:/home/user/.m2/repository/com/google/protobuf/protobuf-java-util/3.5.1/protobuf-java-util-3.5.1.jar:/home/user/.m2/repository/org/apache/hadoop/hadoop-hdds-config/0.5.0-SNAPSHOT/hadoop-hdds-config-0.5.0-SNAPSHOT.jar:/home/user/.m2/repository/io/grpc/grpc-netty/1.17.1/grpc-netty-1.17.1.jar:/home/user/.m2/repository/io/grpc/grpc-core/1.17.1/grpc-core-1.17.1.jar:/home/user/.m2/repository/io/grpc/grpc-context/1.17.1/grpc-context-1.17.1.jar:/home/user/.m2/repository/com/google/errorprone/error_prone_annotations/2.2.0/error_prone_annotations-2.2.0.jar:/home/user/.m2/repository/org/codehaus/mojo/animal-sniffer-annotations/1.17/animal-sniffer-annotations-1.17.jar:/home/user/.m2/repository/io/opencensus/opencensus-api/0.17.0/opencensus-api-0.17.0.jar:/home/user/.m2/repository/io/opencensus/opencensus-contrib-grpc-metrics/0.17.0/opencensus-contrib-grpc-metrics-0.17.0.jar:/home/user/.m2/repository/io/netty/netty-codec-http2/4.1.30.Final/netty-codec-http2-4.1.30.Final.jar:/home/user/.m2/repository/io/netty/netty-codec-http/4.1.30.Final/netty-codec-http-4.1.30.Final.jar:/home/user/.m2/repository/io/netty/netty-codec/4.1.30.Final/netty-codec-4.1.30.Final.jar:/home/user/.m2/repository/io/netty/netty-handler/4.1.30.Final/netty-handler-4.1.30.Final.jar:/home/user/.m2/repository/io/netty/netty-handler-proxy/4.1.30.Final/netty-handler-proxy-4.1.30.Final.jar:/home/user/.m2/repository/io/netty/netty-codec-socks/4.1.30.Final/netty-codec-socks-4.1.30.Final.jar:/home/user/.m2/repository/io/netty/netty-transport-native-epoll/4.1.30.Final/netty-transport-native-epoll-4.1.30.Final.jar:/home/user/.m2/repository/io/netty/netty-common/4.1.30.Final/netty-common-4.1.30.Final.jar:/home/user/.m2/repository/io/netty/netty-buffer/4.1.30.Final/netty-buffer-4.1.30.Final.jar:/home/user/.m2/repository/io/netty/netty-transport/4.1.30.Final/netty-transport-4.1.30.Final.jar:/home/user/.m2/repository/io/netty/netty-resolver/4.1.30.Final/netty-resolver-4.1.30.Final.jar:/home/user/.m2/repository/io/netty/netty-transport-native-unix-common/4.1.30.Final/netty-transport-native-unix-common-4.1.30.Final.jar:/home/user/.m2/repository/io/grpc/grpc-protobuf/1.17.1/grpc-protobuf-1.17.1.jar:/home/user/.m2/repository/com/google/api/grpc/proto-google-common-protos/1.0.0/proto-google-common-protos-1.0.0.jar:/home/user/.m2/repository/io/grpc/grpc-protobuf-lite/1.17.1/grpc-protobuf-lite-1.17.1.jar:/home/user/.m2/repository/io/grpc/grpc-stub/1.17.1/grpc-stub-1.17.1.jar:/home/user/.m2/repository/org/apache/hadoop/hadoop-ozone-recon/0.5.0-SNAPSHOT/hadoop-ozone-recon-0.5.0-SNAPSHOT.jar:/home/user/.m2/repository/org/apache/hadoop/hadoop-ozone-reconcodegen/0.5.0-SNAPSHOT/hadoop-ozone-reconcodegen-0.5.0-SNAPSHOT.jar:/home/user/.m2/repository/com/google/inject/extensions/guice-multibindings/4.0/guice-multibindings-4.0.jar:/home/user/.m2/repository/com/google/inject/guice/4.0/guice-4.0.jar:/home/user/.m2/repository/aopalliance/aopalliance/1.0/aopalliance-1.0.jar:/home/user/.m2/repository/com/google/inject/extensions/guice-servlet/4.0/guice-servlet-4.0.jar:/home/user/.m2/repository/org/glassfish/jersey/containers/jersey-container-servlet/2.27/jersey-container-servlet-2.27.jar:/home/user/.m2/repository/org/glassfish/hk2/guice-bridge/2.5.0/guice-bridge-2.5.0.jar:/home/user/.m2/repository/org/glassfish/jersey/core/jersey-server/2.27/jersey-server-2.27.jar:/home/user/.m2/repository/org/glassfish/jersey/core/jersey-client/2.27/jersey-client-2.27.jar:/home/user/.m2/repository/org/glassfish/jersey/media/jersey-media-jaxb/2.27/jersey-media-jaxb-2.27.jar:/home/user/.m2/repository/javax/validation/validation-api/1.1.0.Final/validation-api-1.1.0.Final.jar:/home/user/.m2/repository/org/glassfish/jersey/media/jersey-media-json-jackson/2.27/jersey-media-json-jackson-2.27.jar:/home/user/.m2/repository/org/glassfish/jersey/ext/jersey-entity-filtering/2.27/jersey-entity-filtering-2.27.jar:/home/user/.m2/repository/com/google/inject/extensions/guice-assistedinject/4.0/guice-assistedinject-4.0.jar:/home/user/.m2/repository/org/jooq/jooq/3.11.10/jooq-3.11.10.jar:/home/user/.m2/repository/org/jooq/jooq-meta/3.11.10/jooq-meta-3.11.10.jar:/home/user/.m2/repository/org/jooq/jooq-codegen/3.11.10/jooq-codegen-3.11.10.jar:/home/user/.m2/repository/com/jolbox/bonecp/0.8.0.RELEASE/bonecp-0.8.0.RELEASE.jar:/home/user/.m2/repository/org/xerial/sqlite-jdbc/3.25.2/sqlite-jdbc-3.25.2.jar:/home/user/.m2/repository/org/springframework/spring-jdbc/5.1.3.RELEASE/spring-jdbc-5.1.3.RELEASE.jar:/home/user/.m2/repository/org/springframework/spring-beans/5.1.3.RELEASE/spring-beans-5.1.3.RELEASE.jar:/home/user/.m2/repository/org/springframework/spring-core/5.1.3.RELEASE/spring-core-5.1.3.RELEASE.jar:/home/user/.m2/repository/org/springframework/spring-jcl/5.1.3.RELEASE/spring-jcl-5.1.3.RELEASE.jar:/home/user/.m2/repository/org/springframework/spring-tx/5.1.3.RELEASE/spring-tx-5.1.3.RELEASE.jar:/home/user/.m2/repository/org/apache/hadoop/hadoop-ozone-client/0.5.0-SNAPSHOT/hadoop-ozone-client-0.5.0-SNAPSHOT.jar:/home/user/.m2/repository/commons-lang/commons-lang/2.6/commons-lang-2.6.jar:/home/user/.m2/repository/org/apache/hadoop/hadoop-ozone-ozone-manager/0.5.0-SNAPSHOT/hadoop-ozone-ozone-manager-0.5.0-SNAPSHOT-tests.jar:/home/user/.m2/repository/junit/junit/4.11/junit-4.11.jar:/home/user/.m2/repository/org/hamcrest/hamcrest-core/1.3/hamcrest-core-1.3.jar:/home/user/.m2/repository/org/openjdk/jmh/jmh-core/1.19/jmh-core-1.19.jar:/home/user/.m2/repository/net/sf/jopt-simple/jopt-simple/4.6/jopt-simple-4.6.jar:/home/user/.m2/repository/org/apache/commons/commons-math3/3.1.1/commons-math3-3.1.1.jar:/home/user/.m2/repository/org/openjdk/jmh/jmh-generator-annprocess/1.19/jmh-generator-annprocess-1.19.jar:/home/user/.m2/repository/org/mockito/mockito-all/1.8.5/mockito-all-1.8.5.jar:/home/user/.m2/repository/org/apache/hadoop/hadoop-kms/3.2.0/hadoop-kms-3.2.0.jar:/home/user/.m2/repository/org/apache/hadoop/hadoop-auth/3.2.0/hadoop-auth-3.2.0.jar:/home/user/.m2/repository/com/nimbusds/nimbus-jose-jwt/4.41.1/nimbus-jose-jwt-4.41.1.jar:/home/user/.m2/repository/com/github/stephenc/jcip/jcip-annotations/1.0-1/jcip-annotations-1.0-1.jar:/home/user/.m2/repository/net/minidev/json-smart/2.3/json-smart-2.3.jar:/home/user/.m2/repository/net/minidev/accessors-smart/1.2/accessors-smart-1.2.jar:/home/user/.m2/repository/org/ow2/asm/asm/5.0.4/asm-5.0.4.jar:/home/user/.m2/repository/org/apache/curator/curator-framework/2.12.0/curator-framework-2.12.0.jar:/home/user/.m2/repository/com/sun/jersey/jersey-core/1.19/jersey-core-1.19.jar:/home/user/.m2/repository/javax/ws/rs/jsr311-api/1.1.1/jsr311-api-1.1.1.jar:/home/user/.m2/repository/com/sun/jersey/jersey-server/1.19/jersey-server-1.19.jar:/home/user/.m2/repository/javax/servlet/javax.servlet-api/3.1.0/javax.servlet-api-3.1.0.jar:/home/user/.m2/repository/org/eclipse/jetty/jetty-server/9.3.24.v20180605/jetty-server-9.3.24.v20180605.jar:/home/user/.m2/repository/org/eclipse/jetty/jetty-http/9.3.24.v20180605/jetty-http-9.3.24.v20180605.jar:/home/user/.m2/repository/org/eclipse/jetty/jetty-io/9.3.24.v20180605/jetty-io-9.3.24.v20180605.jar:/home/user/.m2/repository/org/eclipse/jetty/jetty-webapp/9.3.24.v20180605/jetty-webapp-9.3.24.v20180605.jar:/home/user/.m2/repository/org/eclipse/jetty/jetty-xml/9.3.24.v20180605/jetty-xml-9.3.24.v20180605.jar:/home/user/.m2/repository/log4j/log4j/1.2.17/log4j-1.2.17.jar:/home/user/.m2/repository/org/slf4j/slf4j-api/1.7.25/slf4j-api-1.7.25.jar:/home/user/.m2/repository/org/slf4j/jul-to-slf4j/1.7.25/jul-to-slf4j-1.7.25.jar:/home/user/.m2/repository/org/eclipse/jetty/jetty-util/9.3.24.v20180605/jetty-util-9.3.24.v20180605.jar:/home/user/.m2/repository/com/fasterxml/jackson/core/jackson-databind/2.9.5/jackson-databind-2.9.5.jar:/home/user/.m2/repository/org/apache/hadoop/hadoop-kms/3.2.0/hadoop-kms-3.2.0-tests.jar:/home/user/.m2/repository/org/apache/hadoop/hadoop-hdds-server-scm/0.5.0-SNAPSHOT/hadoop-hdds-server-scm-0.5.0-SNAPSHOT-tests.jar:/home/user/.m2/repository/org/apache/hadoop/hadoop-hdds-container-service/0.5.0-SNAPSHOT/hadoop-hdds-container-service-0.5.0-SNAPSHOT-tests.jar:/home/user/.m2/repository/org/yaml/snakeyaml/1.16/snakeyaml-1.16.jar:/home/user/.m2/repository/org/apache/hadoop/hadoop-common/3.2.0/hadoop-common-3.2.0-tests.jar:/home/user/.m2/repository/org/apache/hadoop/hadoop-annotations/3.2.0/hadoop-annotations-3.2.0.jar:/usr/lib/jvm/java-1.8-openjdk/jre/../lib/tools.jar:/home/user/.m2/repository/commons-cli/commons-cli/1.2/commons-cli-1.2.jar:/home/user/.m2/repository/org/apache/httpcomponents/httpclient/4.5.2/httpclient-4.5.2.jar:/home/user/.m2/repository/org/apache/httpcomponents/httpcore/4.4.4/httpcore-4.4.4.jar:/home/user/.m2/repository/commons-codec/commons-codec/1.11/commons-codec-1.11.jar:/home/user/.m2/repository/commons-net/commons-net/3.6/commons-net-3.6.jar:/home/user/.m2/repository/commons-collections/commons-collections/3.2.2/commons-collections-3.2.2.jar:/home/user/.m2/repository/org/eclipse/jetty/jetty-servlet/9.3.24.v20180605/jetty-servlet-9.3.24.v20180605.jar:/home/user/.m2/repository/org/eclipse/jetty/jetty-security/9.3.24.v20180605/jetty-security-9.3.24.v20180605.jar:/home/user/.m2/repository/javax/servlet/jsp/jsp-api/2.1/jsp-api-2.1.jar:/home/user/.m2/repository/com/sun/jersey/jersey-servlet/1.19/jersey-servlet-1.19.jar:/home/user/.m2/repository/com/sun/jersey/jersey-json/1.19/jersey-json-1.19.jar:/home/user/.m2/repository/org/codehaus/jettison/jettison/1.1/jettison-1.1.jar:/home/user/.m2/repository/org/codehaus/jackson/jackson-core-asl/1.9.13/jackson-core-asl-1.9.13.jar:/home/user/.m2/repository/org/codehaus/jackson/jackson-mapper-asl/1.9.13/jackson-mapper-asl-1.9.13.jar:/home/user/.m2/repository/org/codehaus/jackson/jackson-jaxrs/1.9.13/jackson-jaxrs-1.9.13.jar:/home/user/.m2/repository/org/codehaus/jackson/jackson-xc/1.9.13/jackson-xc-1.9.13.jar:/home/user/.m2/repository/commons-logging/commons-logging/1.1.3/commons-logging-1.1.3.jar:/home/user/.m2/repository/commons-beanutils/commons-beanutils/1.9.3/commons-beanutils-1.9.3.jar:/home/user/.m2/repository/org/apache/commons/commons-configuration2/2.1.1/commons-configuration2-2.1.1.jar:/home/user/.m2/repository/org/apache/commons/commons-lang3/3.7/commons-lang3-3.7.jar:/home/user/.m2/repository/org/apache/commons/commons-text/1.4/commons-text-1.4.jar:/home/user/.m2/repository/org/apache/avro/avro/1.7.7/avro-1.7.7.jar:/home/user/.m2/repository/com/thoughtworks/paranamer/paranamer/2.3/paranamer-2.3.jar:/home/user/.m2/repository/org/xerial/snappy/snappy-java/1.0.5/snappy-java-1.0.5.jar:/home/user/.m2/repository/com/google/re2j/re2j/1.1/re2j-1.1.jar:/home/user/.m2/repository/com/google/code/gson/gson/2.2.4/gson-2.2.4.jar:/home/user/.m2/repository/com/jcraft/jsch/0.1.54/jsch-0.1.54.jar:/home/user/.m2/repository/org/apache/curator/curator-client/2.12.0/curator-client-2.12.0.jar:/home/user/.m2/repository/org/apache/curator/curator-recipes/2.12.0/curator-recipes-2.12.0.jar:/home/user/.m2/repository/com/google/code/findbugs/jsr305/3.0.0/jsr305-3.0.0.jar:/home/user/.m2/repository/org/apache/htrace/htrace-core4/4.1.0-incubating/htrace-core4-4.1.0-incubating.jar:/home/user/.m2/repository/org/apache/zookeeper/zookeeper/3.4.13/zookeeper-3.4.13.jar:/home/user/.m2/repository/org/apache/yetus/audience-annotations/0.5.0/audience-annotations-0.5.0.jar:/home/user/.m2/repository/org/codehaus/woodstox/stax2-api/3.1.4/stax2-api-3.1.4.jar:/home/user/.m2/repository/com/fasterxml/woodstox/woodstox-core/5.0.3/woodstox-core-5.0.3.jar:/home/user/.m2/repository/dnsjava/dnsjava/2.1.7/dnsjava-2.1.7.jar:/home/user/.m2/repository/org/apache/hadoop/hadoop-hdfs/3.2.0/hadoop-hdfs-3.2.0-tests.jar:/home/user/.m2/repository/org/eclipse/jetty/jetty-util-ajax/9.3.24.v20180605/jetty-util-ajax-9.3.24.v20180605.jar:/home/user/.m2/repository/commons-daemon/commons-daemon/1.0.13/commons-daemon-1.0.13.jar:/home/user/.m2/repository/io/netty/netty/3.10.5.Final/netty-3.10.5.Final.jar:/home/user/.m2/repository/io/netty/netty-all/4.0.52.Final/netty-all-4.0.52.Final.jar:/home/user/.m2/repository/org/fusesource/leveldbjni/leveldbjni-all/1.8/leveldbjni-all-1.8.jar:"/>
    <property name="java.vm.vendor" value="IcedTea"/>
    <property name="sun.arch.data.model" value="64"/>
    <property name="test.build.dir" value="/workdir/hadoop-ozone/integration-test/target/test-dir"/>
    <property name="test.cache.data" value=""/>
    <property name="java.vendor.url" value="https://icedtea.classpath.org"/>
    <property name="user.timezone" value=""/>
    <property name="java.vm.specification.version" value="1.8"/>
    <property name="os.name" value="Linux"/>
    <property name="test.build.data" value="/workdir/hadoop-ozone/integration-test/target/test-dir"/>
    <property name="user.country" value="US"/>
    <property name="sun.java.launcher" value="SUN_STANDARD"/>
    <property name="sun.boot.library.path" value="/usr/lib/jvm/java-1.8-openjdk/jre/lib/amd64"/>
    <property name="sun.java.command" value="/workdir/hadoop-ozone/integration-test/target/surefire/surefirebooter815624990864447687.jar /workdir/hadoop-ozone/integration-test/target/surefire 2019-08-22T01-24-08_633-jvmRun1 surefire5323828514103584814tmp surefire_483523371402708291083tmp"/>
    <property name="test" value="!TestMiniChaosOzoneCluster"/>
    <property name="surefire.test.class.path" value="/workdir/hadoop-ozone/integration-test/target/test-classes:/workdir/hadoop-ozone/integration-test/target/classes:/home/user/.m2/repository/org/apache/hadoop/hadoop-ozone-common/0.5.0-SNAPSHOT/hadoop-ozone-common-0.5.0-SNAPSHOT.jar:/home/user/.m2/repository/org/apache/commons/commons-compress/1.4.1/commons-compress-1.4.1.jar:/home/user/.m2/repository/org/tukaani/xz/1.0/xz-1.0.jar:/home/user/.m2/repository/org/apache/hadoop/hadoop-common/3.2.0/hadoop-common-3.2.0.jar:/home/user/.m2/repository/org/apache/hadoop/hadoop-hdfs/3.2.0/hadoop-hdfs-3.2.0.jar:/home/user/.m2/repository/org/apache/hadoop/hadoop-hdfs-client/3.2.0/hadoop-hdfs-client-3.2.0.jar:/home/user/.m2/repository/com/fasterxml/jackson/core/jackson-annotations/2.9.5/jackson-annotations-2.9.5.jar:/home/user/.m2/repository/org/apache/hadoop/hadoop-hdds-common/0.5.0-SNAPSHOT/hadoop-hdds-common-0.5.0-SNAPSHOT.jar:/home/user/.m2/repository/javax/annotation/javax.annotation-api/1.2/javax.annotation-api-1.2.jar:/home/user/.m2/repository/org/apache/ratis/ratis-server/0.4.0-2337318-SNAPSHOT/ratis-server-0.4.0-2337318-SNAPSHOT.jar:/home/user/.m2/repository/org/apache/ratis/ratis-thirdparty-misc/0.2.0/ratis-thirdparty-misc-0.2.0.jar:/home/user/.m2/repository/org/apache/ratis/ratis-proto/0.4.0-2337318-SNAPSHOT/ratis-proto-0.4.0-2337318-SNAPSHOT.jar:/home/user/.m2/repository/org/apache/ratis/ratis-common/0.4.0-2337318-SNAPSHOT/ratis-common-0.4.0-2337318-SNAPSHOT.jar:/home/user/.m2/repository/org/apache/ratis/ratis-client/0.4.0-2337318-SNAPSHOT/ratis-client-0.4.0-2337318-SNAPSHOT.jar:/home/user/.m2/repository/org/apache/ratis/ratis-metrics/0.4.0-2337318-SNAPSHOT/ratis-metrics-0.4.0-2337318-SNAPSHOT.jar:/home/user/.m2/repository/org/apache/ratis/ratis-netty/0.4.0-2337318-SNAPSHOT/ratis-netty-0.4.0-2337318-SNAPSHOT.jar:/home/user/.m2/repository/org/apache/ratis/ratis-grpc/0.4.0-2337318-SNAPSHOT/ratis-grpc-0.4.0-2337318-SNAPSHOT.jar:/home/user/.m2/repository/org/rocksdb/rocksdbjni/6.0.1/rocksdbjni-6.0.1.jar:/home/user/.m2/repository/org/apache/logging/log4j/log4j-api/2.11.0/log4j-api-2.11.0.jar:/home/user/.m2/repository/org/apache/logging/log4j/log4j-core/2.11.0/log4j-core-2.11.0.jar:/home/user/.m2/repository/com/lmax/disruptor/3.4.2/disruptor-3.4.2.jar:/home/user/.m2/repository/org/apache/commons/commons-pool2/2.6.0/commons-pool2-2.6.0.jar:/home/user/.m2/repository/org/bouncycastle/bcpkix-jdk15on/1.60/bcpkix-jdk15on-1.60.jar:/home/user/.m2/repository/commons-validator/commons-validator/1.6/commons-validator-1.6.jar:/home/user/.m2/repository/commons-digester/commons-digester/1.8.1/commons-digester-1.8.1.jar:/home/user/.m2/repository/io/jaegertracing/jaeger-client/0.33.1/jaeger-client-0.33.1.jar:/home/user/.m2/repository/io/jaegertracing/jaeger-thrift/0.33.1/jaeger-thrift-0.33.1.jar:/home/user/.m2/repository/org/apache/thrift/libthrift/0.11.0/libthrift-0.11.0.jar:/home/user/.m2/repository/com/squareup/okhttp3/okhttp/3.9.0/okhttp-3.9.0.jar:/home/user/.m2/repository/com/squareup/okio/okio/1.13.0/okio-1.13.0.jar:/home/user/.m2/repository/io/jaegertracing/jaeger-core/0.33.1/jaeger-core-0.33.1.jar:/home/user/.m2/repository/io/jaegertracing/jaeger-tracerresolver/0.33.1/jaeger-tracerresolver-0.33.1.jar:/home/user/.m2/repository/io/opentracing/contrib/opentracing-tracerresolver/0.1.5/opentracing-tracerresolver-0.1.5.jar:/home/user/.m2/repository/io/opentracing/opentracing-util/0.31.0/opentracing-util-0.31.0.jar:/home/user/.m2/repository/io/opentracing/opentracing-api/0.31.0/opentracing-api-0.31.0.jar:/home/user/.m2/repository/io/opentracing/opentracing-noop/0.31.0/opentracing-noop-0.31.0.jar:/home/user/.m2/repository/org/apache/hadoop/hadoop-hdds-server-framework/0.5.0-SNAPSHOT/hadoop-hdds-server-framework-0.5.0-SNAPSHOT.jar:/home/user/.m2/repository/org/apache/hadoop/hadoop-hdds-container-service/0.5.0-SNAPSHOT/hadoop-hdds-container-service-0.5.0-SNAPSHOT.jar:/home/user/.m2/repository/org/apache/hadoop/hadoop-hdds-client/0.5.0-SNAPSHOT/hadoop-hdds-client-0.5.0-SNAPSHOT.jar:/home/user/.m2/repository/org/apache/hadoop/hadoop-hdds-tools/0.5.0-SNAPSHOT/hadoop-hdds-tools-0.5.0-SNAPSHOT.jar:/home/user/.m2/repository/org/apache/hadoop/hadoop-hdds-server-scm/0.5.0-SNAPSHOT/hadoop-hdds-server-scm-0.5.0-SNAPSHOT.jar:/home/user/.m2/repository/org/apache/hadoop/hadoop-hdds-docs/0.5.0-SNAPSHOT/hadoop-hdds-docs-0.5.0-SNAPSHOT.jar:/home/user/.m2/repository/io/dropwizard/metrics/metrics-core/3.2.4/metrics-core-3.2.4.jar:/home/user/.m2/repository/org/hamcrest/hamcrest-all/1.3/hamcrest-all-1.3.jar:/home/user/.m2/repository/org/bouncycastle/bcprov-jdk15on/1.60/bcprov-jdk15on-1.60.jar:/home/user/.m2/repository/info/picocli/picocli/3.9.6/picocli-3.9.6.jar:/home/user/.m2/repository/com/google/protobuf/protobuf-java/2.5.0/protobuf-java-2.5.0.jar:/home/user/.m2/repository/com/google/guava/guava/11.0.2/guava-11.0.2.jar:/home/user/.m2/repository/org/apache/hadoop/hadoop-ozone-ozone-manager/0.5.0-SNAPSHOT/hadoop-ozone-ozone-manager-0.5.0-SNAPSHOT.jar:/home/user/.m2/repository/org/apache/hadoop/hadoop-minikdc/3.2.0/hadoop-minikdc-3.2.0.jar:/home/user/.m2/repository/commons-io/commons-io/2.5/commons-io-2.5.jar:/home/user/.m2/repository/org/apache/kerby/kerb-simplekdc/1.0.1/kerb-simplekdc-1.0.1.jar:/home/user/.m2/repository/org/apache/kerby/kerb-client/1.0.1/kerb-client-1.0.1.jar:/home/user/.m2/repository/org/apache/kerby/kerby-config/1.0.1/kerby-config-1.0.1.jar:/home/user/.m2/repository/org/apache/kerby/kerb-core/1.0.1/kerb-core-1.0.1.jar:/home/user/.m2/repository/org/apache/kerby/kerby-pkix/1.0.1/kerby-pkix-1.0.1.jar:/home/user/.m2/repository/org/apache/kerby/kerby-asn1/1.0.1/kerby-asn1-1.0.1.jar:/home/user/.m2/repository/org/apache/kerby/kerby-util/1.0.1/kerby-util-1.0.1.jar:/home/user/.m2/repository/org/apache/kerby/kerb-common/1.0.1/kerb-common-1.0.1.jar:/home/user/.m2/repository/org/apache/kerby/kerb-crypto/1.0.1/kerb-crypto-1.0.1.jar:/home/user/.m2/repository/org/apache/kerby/kerb-util/1.0.1/kerb-util-1.0.1.jar:/home/user/.m2/repository/org/apache/kerby/token-provider/1.0.1/token-provider-1.0.1.jar:/home/user/.m2/repository/org/apache/kerby/kerb-admin/1.0.1/kerb-admin-1.0.1.jar:/home/user/.m2/repository/org/apache/kerby/kerb-server/1.0.1/kerb-server-1.0.1.jar:/home/user/.m2/repository/org/apache/kerby/kerb-identity/1.0.1/kerb-identity-1.0.1.jar:/home/user/.m2/repository/org/apache/kerby/kerby-xdr/1.0.1/kerby-xdr-1.0.1.jar:/home/user/.m2/repository/org/slf4j/slf4j-log4j12/1.7.25/slf4j-log4j12-1.7.25.jar:/home/user/.m2/repository/org/apache/hadoop/hadoop-ozone-objectstore-service/0.5.0-SNAPSHOT/hadoop-ozone-objectstore-service-0.5.0-SNAPSHOT.jar:/home/user/.m2/repository/org/apache/hadoop/hadoop-ozone-s3gateway/0.5.0-SNAPSHOT/hadoop-ozone-s3gateway-0.5.0-SNAPSHOT.jar:/home/user/.m2/repository/org/jboss/weld/servlet/weld-servlet/2.4.7.Final/weld-servlet-2.4.7.Final.jar:/home/user/.m2/repository/org/glassfish/jersey/containers/jersey-container-servlet-core/2.27/jersey-container-servlet-core-2.27.jar:/home/user/.m2/repository/org/glassfish/hk2/external/javax.inject/2.5.0-b42/javax.inject-2.5.0-b42.jar:/home/user/.m2/repository/org/glassfish/jersey/core/jersey-common/2.27/jersey-common-2.27.jar:/home/user/.m2/repository/org/glassfish/hk2/osgi-resource-locator/1.0.1/osgi-resource-locator-1.0.1.jar:/home/user/.m2/repository/javax/ws/rs/javax.ws.rs-api/2.1/javax.ws.rs-api-2.1.jar:/home/user/.m2/repository/org/glassfish/jersey/ext/cdi/jersey-cdi1x/2.27/jersey-cdi1x-2.27.jar:/home/user/.m2/repository/org/glassfish/jersey/inject/jersey-hk2/2.27/jersey-hk2-2.27.jar:/home/user/.m2/repository/org/glassfish/hk2/hk2-locator/2.5.0-b42/hk2-locator-2.5.0-b42.jar:/home/user/.m2/repository/org/javassist/javassist/3.22.0-CR2/javassist-3.22.0-CR2.jar:/home/user/.m2/repository/org/glassfish/hk2/hk2-api/2.5.0/hk2-api-2.5.0.jar:/home/user/.m2/repository/org/glassfish/hk2/external/jakarta.inject/2.5.0/jakarta.inject-2.5.0.jar:/home/user/.m2/repository/org/glassfish/hk2/hk2-utils/2.5.0/hk2-utils-2.5.0.jar:/home/user/.m2/repository/jakarta/annotation/jakarta.annotation-api/1.3.4/jakarta.annotation-api-1.3.4.jar:/home/user/.m2/repository/org/glassfish/hk2/external/aopalliance-repackaged/2.5.0/aopalliance-repackaged-2.5.0.jar:/home/user/.m2/repository/com/fasterxml/jackson/dataformat/jackson-dataformat-xml/2.9.0/jackson-dataformat-xml-2.9.0.jar:/home/user/.m2/repository/com/fasterxml/jackson/core/jackson-core/2.9.5/jackson-core-2.9.5.jar:/home/user/.m2/repository/com/fasterxml/jackson/module/jackson-module-jaxb-annotations/2.9.5/jackson-module-jaxb-annotations-2.9.5.jar:/home/user/.m2/repository/javax/enterprise/cdi-api/1.2/cdi-api-1.2.jar:/home/user/.m2/repository/javax/el/javax.el-api/3.0.0/javax.el-api-3.0.0.jar:/home/user/.m2/repository/javax/interceptor/javax.interceptor-api/1.2/javax.interceptor-api-1.2.jar:/home/user/.m2/repository/javax/inject/javax.inject/1/javax.inject-1.jar:/home/user/.m2/repository/com/sun/xml/bind/jaxb-impl/2.3.0.1/jaxb-impl-2.3.0.1.jar:/home/user/.m2/repository/com/sun/xml/bind/jaxb-core/2.3.0.1/jaxb-core-2.3.0.1.jar:/home/user/.m2/repository/javax/xml/bind/jaxb-api/2.3.0/jaxb-api-2.3.0.jar:/home/user/.m2/repository/javax/activation/activation/1.1.1/activation-1.1.1.jar:/home/user/.m2/repository/org/apache/hadoop/hadoop-ozone-csi/0.5.0-SNAPSHOT/hadoop-ozone-csi-0.5.0-SNAPSHOT.jar:/home/user/.m2/repository/com/google/protobuf/protobuf-java-util/3.5.1/protobuf-java-util-3.5.1.jar:/home/user/.m2/repository/org/apache/hadoop/hadoop-hdds-config/0.5.0-SNAPSHOT/hadoop-hdds-config-0.5.0-SNAPSHOT.jar:/home/user/.m2/repository/io/grpc/grpc-netty/1.17.1/grpc-netty-1.17.1.jar:/home/user/.m2/repository/io/grpc/grpc-core/1.17.1/grpc-core-1.17.1.jar:/home/user/.m2/repository/io/grpc/grpc-context/1.17.1/grpc-context-1.17.1.jar:/home/user/.m2/repository/com/google/errorprone/error_prone_annotations/2.2.0/error_prone_annotations-2.2.0.jar:/home/user/.m2/repository/org/codehaus/mojo/animal-sniffer-annotations/1.17/animal-sniffer-annotations-1.17.jar:/home/user/.m2/repository/io/opencensus/opencensus-api/0.17.0/opencensus-api-0.17.0.jar:/home/user/.m2/repository/io/opencensus/opencensus-contrib-grpc-metrics/0.17.0/opencensus-contrib-grpc-metrics-0.17.0.jar:/home/user/.m2/repository/io/netty/netty-codec-http2/4.1.30.Final/netty-codec-http2-4.1.30.Final.jar:/home/user/.m2/repository/io/netty/netty-codec-http/4.1.30.Final/netty-codec-http-4.1.30.Final.jar:/home/user/.m2/repository/io/netty/netty-codec/4.1.30.Final/netty-codec-4.1.30.Final.jar:/home/user/.m2/repository/io/netty/netty-handler/4.1.30.Final/netty-handler-4.1.30.Final.jar:/home/user/.m2/repository/io/netty/netty-handler-proxy/4.1.30.Final/netty-handler-proxy-4.1.30.Final.jar:/home/user/.m2/repository/io/netty/netty-codec-socks/4.1.30.Final/netty-codec-socks-4.1.30.Final.jar:/home/user/.m2/repository/io/netty/netty-transport-native-epoll/4.1.30.Final/netty-transport-native-epoll-4.1.30.Final.jar:/home/user/.m2/repository/io/netty/netty-common/4.1.30.Final/netty-common-4.1.30.Final.jar:/home/user/.m2/repository/io/netty/netty-buffer/4.1.30.Final/netty-buffer-4.1.30.Final.jar:/home/user/.m2/repository/io/netty/netty-transport/4.1.30.Final/netty-transport-4.1.30.Final.jar:/home/user/.m2/repository/io/netty/netty-resolver/4.1.30.Final/netty-resolver-4.1.30.Final.jar:/home/user/.m2/repository/io/netty/netty-transport-native-unix-common/4.1.30.Final/netty-transport-native-unix-common-4.1.30.Final.jar:/home/user/.m2/repository/io/grpc/grpc-protobuf/1.17.1/grpc-protobuf-1.17.1.jar:/home/user/.m2/repository/com/google/api/grpc/proto-google-common-protos/1.0.0/proto-google-common-protos-1.0.0.jar:/home/user/.m2/repository/io/grpc/grpc-protobuf-lite/1.17.1/grpc-protobuf-lite-1.17.1.jar:/home/user/.m2/repository/io/grpc/grpc-stub/1.17.1/grpc-stub-1.17.1.jar:/home/user/.m2/repository/org/apache/hadoop/hadoop-ozone-recon/0.5.0-SNAPSHOT/hadoop-ozone-recon-0.5.0-SNAPSHOT.jar:/home/user/.m2/repository/org/apache/hadoop/hadoop-ozone-reconcodegen/0.5.0-SNAPSHOT/hadoop-ozone-reconcodegen-0.5.0-SNAPSHOT.jar:/home/user/.m2/repository/com/google/inject/extensions/guice-multibindings/4.0/guice-multibindings-4.0.jar:/home/user/.m2/repository/com/google/inject/guice/4.0/guice-4.0.jar:/home/user/.m2/repository/aopalliance/aopalliance/1.0/aopalliance-1.0.jar:/home/user/.m2/repository/com/google/inject/extensions/guice-servlet/4.0/guice-servlet-4.0.jar:/home/user/.m2/repository/org/glassfish/jersey/containers/jersey-container-servlet/2.27/jersey-container-servlet-2.27.jar:/home/user/.m2/repository/org/glassfish/hk2/guice-bridge/2.5.0/guice-bridge-2.5.0.jar:/home/user/.m2/repository/org/glassfish/jersey/core/jersey-server/2.27/jersey-server-2.27.jar:/home/user/.m2/repository/org/glassfish/jersey/core/jersey-client/2.27/jersey-client-2.27.jar:/home/user/.m2/repository/org/glassfish/jersey/media/jersey-media-jaxb/2.27/jersey-media-jaxb-2.27.jar:/home/user/.m2/repository/javax/validation/validation-api/1.1.0.Final/validation-api-1.1.0.Final.jar:/home/user/.m2/repository/org/glassfish/jersey/media/jersey-media-json-jackson/2.27/jersey-media-json-jackson-2.27.jar:/home/user/.m2/repository/org/glassfish/jersey/ext/jersey-entity-filtering/2.27/jersey-entity-filtering-2.27.jar:/home/user/.m2/repository/com/google/inject/extensions/guice-assistedinject/4.0/guice-assistedinject-4.0.jar:/home/user/.m2/repository/org/jooq/jooq/3.11.10/jooq-3.11.10.jar:/home/user/.m2/repository/org/jooq/jooq-meta/3.11.10/jooq-meta-3.11.10.jar:/home/user/.m2/repository/org/jooq/jooq-codegen/3.11.10/jooq-codegen-3.11.10.jar:/home/user/.m2/repository/com/jolbox/bonecp/0.8.0.RELEASE/bonecp-0.8.0.RELEASE.jar:/home/user/.m2/repository/org/xerial/sqlite-jdbc/3.25.2/sqlite-jdbc-3.25.2.jar:/home/user/.m2/repository/org/springframework/spring-jdbc/5.1.3.RELEASE/spring-jdbc-5.1.3.RELEASE.jar:/home/user/.m2/repository/org/springframework/spring-beans/5.1.3.RELEASE/spring-beans-5.1.3.RELEASE.jar:/home/user/.m2/repository/org/springframework/spring-core/5.1.3.RELEASE/spring-core-5.1.3.RELEASE.jar:/home/user/.m2/repository/org/springframework/spring-jcl/5.1.3.RELEASE/spring-jcl-5.1.3.RELEASE.jar:/home/user/.m2/repository/org/springframework/spring-tx/5.1.3.RELEASE/spring-tx-5.1.3.RELEASE.jar:/home/user/.m2/repository/org/apache/hadoop/hadoop-ozone-client/0.5.0-SNAPSHOT/hadoop-ozone-client-0.5.0-SNAPSHOT.jar:/home/user/.m2/repository/commons-lang/commons-lang/2.6/commons-lang-2.6.jar:/home/user/.m2/repository/org/apache/hadoop/hadoop-ozone-ozone-manager/0.5.0-SNAPSHOT/hadoop-ozone-ozone-manager-0.5.0-SNAPSHOT-tests.jar:/home/user/.m2/repository/junit/junit/4.11/junit-4.11.jar:/home/user/.m2/repository/org/hamcrest/hamcrest-core/1.3/hamcrest-core-1.3.jar:/home/user/.m2/repository/org/openjdk/jmh/jmh-core/1.19/jmh-core-1.19.jar:/home/user/.m2/repository/net/sf/jopt-simple/jopt-simple/4.6/jopt-simple-4.6.jar:/home/user/.m2/repository/org/apache/commons/commons-math3/3.1.1/commons-math3-3.1.1.jar:/home/user/.m2/repository/org/openjdk/jmh/jmh-generator-annprocess/1.19/jmh-generator-annprocess-1.19.jar:/home/user/.m2/repository/org/mockito/mockito-all/1.8.5/mockito-all-1.8.5.jar:/home/user/.m2/repository/org/apache/hadoop/hadoop-kms/3.2.0/hadoop-kms-3.2.0.jar:/home/user/.m2/repository/org/apache/hadoop/hadoop-auth/3.2.0/hadoop-auth-3.2.0.jar:/home/user/.m2/repository/com/nimbusds/nimbus-jose-jwt/4.41.1/nimbus-jose-jwt-4.41.1.jar:/home/user/.m2/repository/com/github/stephenc/jcip/jcip-annotations/1.0-1/jcip-annotations-1.0-1.jar:/home/user/.m2/repository/net/minidev/json-smart/2.3/json-smart-2.3.jar:/home/user/.m2/repository/net/minidev/accessors-smart/1.2/accessors-smart-1.2.jar:/home/user/.m2/repository/org/ow2/asm/asm/5.0.4/asm-5.0.4.jar:/home/user/.m2/repository/org/apache/curator/curator-framework/2.12.0/curator-framework-2.12.0.jar:/home/user/.m2/repository/com/sun/jersey/jersey-core/1.19/jersey-core-1.19.jar:/home/user/.m2/repository/javax/ws/rs/jsr311-api/1.1.1/jsr311-api-1.1.1.jar:/home/user/.m2/repository/com/sun/jersey/jersey-server/1.19/jersey-server-1.19.jar:/home/user/.m2/repository/javax/servlet/javax.servlet-api/3.1.0/javax.servlet-api-3.1.0.jar:/home/user/.m2/repository/org/eclipse/jetty/jetty-server/9.3.24.v20180605/jetty-server-9.3.24.v20180605.jar:/home/user/.m2/repository/org/eclipse/jetty/jetty-http/9.3.24.v20180605/jetty-http-9.3.24.v20180605.jar:/home/user/.m2/repository/org/eclipse/jetty/jetty-io/9.3.24.v20180605/jetty-io-9.3.24.v20180605.jar:/home/user/.m2/repository/org/eclipse/jetty/jetty-webapp/9.3.24.v20180605/jetty-webapp-9.3.24.v20180605.jar:/home/user/.m2/repository/org/eclipse/jetty/jetty-xml/9.3.24.v20180605/jetty-xml-9.3.24.v20180605.jar:/home/user/.m2/repository/log4j/log4j/1.2.17/log4j-1.2.17.jar:/home/user/.m2/repository/org/slf4j/slf4j-api/1.7.25/slf4j-api-1.7.25.jar:/home/user/.m2/repository/org/slf4j/jul-to-slf4j/1.7.25/jul-to-slf4j-1.7.25.jar:/home/user/.m2/repository/org/eclipse/jetty/jetty-util/9.3.24.v20180605/jetty-util-9.3.24.v20180605.jar:/home/user/.m2/repository/com/fasterxml/jackson/core/jackson-databind/2.9.5/jackson-databind-2.9.5.jar:/home/user/.m2/repository/org/apache/hadoop/hadoop-kms/3.2.0/hadoop-kms-3.2.0-tests.jar:/home/user/.m2/repository/org/apache/hadoop/hadoop-hdds-server-scm/0.5.0-SNAPSHOT/hadoop-hdds-server-scm-0.5.0-SNAPSHOT-tests.jar:/home/user/.m2/repository/org/apache/hadoop/hadoop-hdds-container-service/0.5.0-SNAPSHOT/hadoop-hdds-container-service-0.5.0-SNAPSHOT-tests.jar:/home/user/.m2/repository/org/yaml/snakeyaml/1.16/snakeyaml-1.16.jar:/home/user/.m2/repository/org/apache/hadoop/hadoop-common/3.2.0/hadoop-common-3.2.0-tests.jar:/home/user/.m2/repository/org/apache/hadoop/hadoop-annotations/3.2.0/hadoop-annotations-3.2.0.jar:/usr/lib/jvm/java-1.8-openjdk/jre/../lib/tools.jar:/home/user/.m2/repository/commons-cli/commons-cli/1.2/commons-cli-1.2.jar:/home/user/.m2/repository/org/apache/httpcomponents/httpclient/4.5.2/httpclient-4.5.2.jar:/home/user/.m2/repository/org/apache/httpcomponents/httpcore/4.4.4/httpcore-4.4.4.jar:/home/user/.m2/repository/commons-codec/commons-codec/1.11/commons-codec-1.11.jar:/home/user/.m2/repository/commons-net/commons-net/3.6/commons-net-3.6.jar:/home/user/.m2/repository/commons-collections/commons-collections/3.2.2/commons-collections-3.2.2.jar:/home/user/.m2/repository/org/eclipse/jetty/jetty-servlet/9.3.24.v20180605/jetty-servlet-9.3.24.v20180605.jar:/home/user/.m2/repository/org/eclipse/jetty/jetty-security/9.3.24.v20180605/jetty-security-9.3.24.v20180605.jar:/home/user/.m2/repository/javax/servlet/jsp/jsp-api/2.1/jsp-api-2.1.jar:/home/user/.m2/repository/com/sun/jersey/jersey-servlet/1.19/jersey-servlet-1.19.jar:/home/user/.m2/repository/com/sun/jersey/jersey-json/1.19/jersey-json-1.19.jar:/home/user/.m2/repository/org/codehaus/jettison/jettison/1.1/jettison-1.1.jar:/home/user/.m2/repository/org/codehaus/jackson/jackson-core-asl/1.9.13/jackson-core-asl-1.9.13.jar:/home/user/.m2/repository/org/codehaus/jackson/jackson-mapper-asl/1.9.13/jackson-mapper-asl-1.9.13.jar:/home/user/.m2/repository/org/codehaus/jackson/jackson-jaxrs/1.9.13/jackson-jaxrs-1.9.13.jar:/home/user/.m2/repository/org/codehaus/jackson/jackson-xc/1.9.13/jackson-xc-1.9.13.jar:/home/user/.m2/repository/commons-logging/commons-logging/1.1.3/commons-logging-1.1.3.jar:/home/user/.m2/repository/commons-beanutils/commons-beanutils/1.9.3/commons-beanutils-1.9.3.jar:/home/user/.m2/repository/org/apache/commons/commons-configuration2/2.1.1/commons-configuration2-2.1.1.jar:/home/user/.m2/repository/org/apache/commons/commons-lang3/3.7/commons-lang3-3.7.jar:/home/user/.m2/repository/org/apache/commons/commons-text/1.4/commons-text-1.4.jar:/home/user/.m2/repository/org/apache/avro/avro/1.7.7/avro-1.7.7.jar:/home/user/.m2/repository/com/thoughtworks/paranamer/paranamer/2.3/paranamer-2.3.jar:/home/user/.m2/repository/org/xerial/snappy/snappy-java/1.0.5/snappy-java-1.0.5.jar:/home/user/.m2/repository/com/google/re2j/re2j/1.1/re2j-1.1.jar:/home/user/.m2/repository/com/google/code/gson/gson/2.2.4/gson-2.2.4.jar:/home/user/.m2/repository/com/jcraft/jsch/0.1.54/jsch-0.1.54.jar:/home/user/.m2/repository/org/apache/curator/curator-client/2.12.0/curator-client-2.12.0.jar:/home/user/.m2/repository/org/apache/curator/curator-recipes/2.12.0/curator-recipes-2.12.0.jar:/home/user/.m2/repository/com/google/code/findbugs/jsr305/3.0.0/jsr305-3.0.0.jar:/home/user/.m2/repository/org/apache/htrace/htrace-core4/4.1.0-incubating/htrace-core4-4.1.0-incubating.jar:/home/user/.m2/repository/org/apache/zookeeper/zookeeper/3.4.13/zookeeper-3.4.13.jar:/home/user/.m2/repository/org/apache/yetus/audience-annotations/0.5.0/audience-annotations-0.5.0.jar:/home/user/.m2/repository/org/codehaus/woodstox/stax2-api/3.1.4/stax2-api-3.1.4.jar:/home/user/.m2/repository/com/fasterxml/woodstox/woodstox-core/5.0.3/woodstox-core-5.0.3.jar:/home/user/.m2/repository/dnsjava/dnsjava/2.1.7/dnsjava-2.1.7.jar:/home/user/.m2/repository/org/apache/hadoop/hadoop-hdfs/3.2.0/hadoop-hdfs-3.2.0-tests.jar:/home/user/.m2/repository/org/eclipse/jetty/jetty-util-ajax/9.3.24.v20180605/jetty-util-ajax-9.3.24.v20180605.jar:/home/user/.m2/repository/commons-daemon/commons-daemon/1.0.13/commons-daemon-1.0.13.jar:/home/user/.m2/repository/io/netty/netty/3.10.5.Final/netty-3.10.5.Final.jar:/home/user/.m2/repository/io/netty/netty-all/4.0.52.Final/netty-all-4.0.52.Final.jar:/home/user/.m2/repository/org/fusesource/leveldbjni/leveldbjni-all/1.8/leveldbjni-all-1.8.jar:"/>
    <property name="sun.cpu.endian" value="little"/>
    <property name="user.home" value="/home/user"/>
    <property name="user.language" value="en"/>
    <property name="java.specification.vendor" value="Oracle Corporation"/>
    <property name="java.home" value="/usr/lib/jvm/java-1.8-openjdk/jre"/>
    <property name="java.security.krb5.conf" value="/workdir/hadoop-ozone/integration-test/target/test-classes/krb5.conf"/>
    <property name="basedir" value="/workdir/hadoop-ozone/integration-test"/>
    <property name="file.separator" value="/"/>
    <property name="line.separator" value="&#10;"/>
    <property name="java.vm.specification.vendor" value="Oracle Corporation"/>
    <property name="java.specification.name" value="Java Platform API Specification"/>
    <property name="java.awt.graphicsenv" value="sun.awt.X11GraphicsEnvironment"/>
    <property name="surefire.real.class.path" value="/workdir/hadoop-ozone/integration-test/target/surefire/surefirebooter815624990864447687.jar"/>
    <property name="hadoop.log.dir" value="/workdir/hadoop-ozone/integration-test/target/log"/>
    <property name="sun.boot.class.path" value="/usr/lib/jvm/java-1.8-openjdk/jre/lib/resources.jar:/usr/lib/jvm/java-1.8-openjdk/jre/lib/rt.jar:/usr/lib/jvm/java-1.8-openjdk/jre/lib/sunrsasign.jar:/usr/lib/jvm/java-1.8-openjdk/jre/lib/jsse.jar:/usr/lib/jvm/java-1.8-openjdk/jre/lib/jce.jar:/usr/lib/jvm/java-1.8-openjdk/jre/lib/charsets.jar:/usr/lib/jvm/java-1.8-openjdk/jre/lib/jfr.jar:/usr/lib/jvm/java-1.8-openjdk/jre/classes"/>
    <property name="sun.management.compiler" value="HotSpot 64-Bit Tiered Compilers"/>
    <property name="java.runtime.version" value="1.8.0_212-b04"/>
    <property name="java.net.preferIPv4Stack" value="true"/>
    <property name="user.name" value="jenkins1000"/>
    <property name="path.separator" value=":"/>
    <property name="java.security.egd" value="file:///dev/urandom"/>
    <property name="os.version" value="3.10.0-957.12.2.el7.x86_64"/>
    <property name="java.endorsed.dirs" value="/usr/lib/jvm/java-1.8-openjdk/jre/lib/endorsed"/>
    <property name="java.runtime.name" value="OpenJDK Runtime Environment"/>
    <property name="file.encoding" value="UTF-8"/>
    <property name="java.vm.name" value="OpenJDK 64-Bit Server VM"/>
    <property name="test.build.webapps" value=""/>
    <property name="localRepository" value="/home/user/.m2/repository"/>
    <property name="java.vendor.url.bug" value="https://icedtea.classpath.org/bugzilla"/>
    <property name="java.io.tmpdir" value="/tmp"/>
    <property name="require.test.libhadoop" value=""/>
    <property name="java.version" value="1.8.0_212"/>
    <property name="user.dir" value="/workdir/hadoop-ozone/integration-test"/>
    <property name="os.arch" value="amd64"/>
    <property name="java.vm.specification.name" value="Java Virtual Machine Specification"/>
    <property name="test.build.classes" value="/workdir/hadoop-ozone/integration-test/target/test-classes"/>
    <property name="java.awt.printerjob" value="sun.print.PSPrinterJob"/>
    <property name="sun.os.patch.level" value="unknown"/>
    <property name="hadoop.tmp.dir" value="/workdir/hadoop-ozone/integration-test/target/tmp"/>
    <property name="java.library.path" value="/usr/lib/jvm/java-1.8-openjdk/jre/lib/amd64/server:/usr/lib/jvm/java-1.8-openjdk/jre/lib/amd64:/usr/lib/jvm/java-1.8-openjdk/jre/../lib/amd64:/workdir/hadoop-ozone/integration-test/target/native/target/usr/local/lib:/workdir/hadoop-ozone/integration-test/../../hadoop-common-project/hadoop-common/target/native/target/usr/local/lib:/usr/java/packages/lib/amd64:/usr/lib64:/lib64:/lib:/usr/lib"/>
    <property name="java.vm.info" value="mixed mode"/>
    <property name="java.vendor" value="IcedTea"/>
    <property name="java.vm.version" value="25.212-b04"/>
    <property name="java.ext.dirs" value="/usr/lib/jvm/java-1.8-openjdk/jre/lib/ext:/usr/java/packages/lib/ext"/>
    <property name="sun.io.unicode.encoding" value="UnicodeLittle"/>
    <property name="java.class.version" value="52.0"/>
  </properties>
  <testcase name="test2DatanodesFailure" classname="org.apache.hadoop.ozone.client.rpc.TestBlockOutputStreamWithFailures" time="45.159"/>
  <testcase name="testDatanodeFailureWithPreAllocation" classname="org.apache.hadoop.ozone.client.rpc.TestBlockOutputStreamWithFailures" time="225.054"/>
  <testcase name="testDatanodeFailureWithSingleNodeRatis" classname="org.apache.hadoop.ozone.client.rpc.TestBlockOutputStreamWithFailures" time="224.688"/>
  <testcase name="testWatchForCommitWithSingleNodeRatis" classname="org.apache.hadoop.ozone.client.rpc.TestBlockOutputStreamWithFailures" time="34.802"/>
  <testcase name="testWatchForCommitDatanodeFailure" classname="org.apache.hadoop.ozone.client.rpc.TestBlockOutputStreamWithFailures" time="36.773">
    <failure message="expected:&lt;61&gt; but was:&lt;62&gt;" type="java.lang.AssertionError"><![CDATA[java.lang.AssertionError: expected:<61> but was:<62>
	at org.junit.Assert.fail(Assert.java:88)
	at org.junit.Assert.failNotEquals(Assert.java:743)
	at org.junit.Assert.assertEquals(Assert.java:118)
	at org.junit.Assert.assertEquals(Assert.java:555)
	at org.junit.Assert.assertEquals(Assert.java:542)
	at org.apache.hadoop.ozone.client.rpc.TestBlockOutputStreamWithFailures.testWatchForCommitDatanodeFailure(TestBlockOutputStreamWithFailures.java:336)
	at sun.reflect.NativeMethodAccessorImpl.invoke0(Native Method)
	at sun.reflect.NativeMethodAccessorImpl.invoke(NativeMethodAccessorImpl.java:62)
	at sun.reflect.DelegatingMethodAccessorImpl.invoke(DelegatingMethodAccessorImpl.java:43)
	at java.lang.reflect.Method.invoke(Method.java:498)
	at org.junit.runners.model.FrameworkMethod$1.runReflectiveCall(FrameworkMethod.java:47)
	at org.junit.internal.runners.model.ReflectiveCallable.run(ReflectiveCallable.java:12)
	at org.junit.runners.model.FrameworkMethod.invokeExplosively(FrameworkMethod.java:44)
	at org.junit.internal.runners.statements.InvokeMethod.evaluate(InvokeMethod.java:17)
	at org.junit.internal.runners.statements.RunBefores.evaluate(RunBefores.java:26)
	at org.junit.internal.runners.statements.RunAfters.evaluate(RunAfters.java:27)
	at org.junit.runners.ParentRunner.runLeaf(ParentRunner.java:271)
	at org.junit.runners.BlockJUnit4ClassRunner.runChild(BlockJUnit4ClassRunner.java:70)
	at org.junit.runners.BlockJUnit4ClassRunner.runChild(BlockJUnit4ClassRunner.java:50)
	at org.junit.runners.ParentRunner$3.run(ParentRunner.java:238)
	at org.junit.runners.ParentRunner$1.schedule(ParentRunner.java:63)
	at org.junit.runners.ParentRunner.runChildren(ParentRunner.java:236)
	at org.junit.runners.ParentRunner.access$000(ParentRunner.java:53)
	at org.junit.runners.ParentRunner$2.evaluate(ParentRunner.java:229)
	at org.junit.runners.ParentRunner.run(ParentRunner.java:309)
	at org.apache.maven.surefire.junit4.JUnit4Provider.execute(JUnit4Provider.java:365)
	at org.apache.maven.surefire.junit4.JUnit4Provider.executeWithRerun(JUnit4Provider.java:273)
	at org.apache.maven.surefire.junit4.JUnit4Provider.executeTestSet(JUnit4Provider.java:238)
	at org.apache.maven.surefire.junit4.JUnit4Provider.invoke(JUnit4Provider.java:159)
	at org.apache.maven.surefire.booter.ForkedBooter.invokeProviderInSameClassLoader(ForkedBooter.java:384)
	at org.apache.maven.surefire.booter.ForkedBooter.runSuitesInProcess(ForkedBooter.java:345)
	at org.apache.maven.surefire.booter.ForkedBooter.execute(ForkedBooter.java:126)
	at org.apache.maven.surefire.booter.ForkedBooter.main(ForkedBooter.java:418)
]]></failure>
    <system-out><![CDATA[2019-08-22 01:57:54,639 [main] WARN  server.ServerUtils (ServerUtils.java:getScmDbDir(145)) - ozone.scm.db.dirs is not configured. We recommend adding this setting. Falling back to ozone.metadata.dirs instead.
2019-08-22 01:57:54,664 [main] WARN  server.ServerUtils (ServerUtils.java:getScmDbDir(145)) - ozone.scm.db.dirs is not configured. We recommend adding this setting. Falling back to ozone.metadata.dirs instead.
2019-08-22 01:57:54,665 [main] WARN  server.ServerUtils (ServerUtils.java:getScmDbDir(145)) - ozone.scm.db.dirs is not configured. We recommend adding this setting. Falling back to ozone.metadata.dirs instead.
2019-08-22 01:57:54,665 [main] INFO  db.DBStoreBuilder (DBStoreBuilder.java:addTable(110)) - using custom profile for table: deletedBlocks
2019-08-22 01:57:54,666 [main] INFO  db.DBStoreBuilder (DBStoreBuilder.java:processTables(161)) - Using default column profile:DBProfile.DISK for Table:deletedBlocks
2019-08-22 01:57:54,666 [main] INFO  db.DBStoreBuilder (DBStoreBuilder.java:addTable(110)) - using custom profile for table: validCerts
2019-08-22 01:57:54,666 [main] INFO  db.DBStoreBuilder (DBStoreBuilder.java:processTables(161)) - Using default column profile:DBProfile.DISK for Table:validCerts
2019-08-22 01:57:54,667 [main] INFO  db.DBStoreBuilder (DBStoreBuilder.java:addTable(110)) - using custom profile for table: revokedCerts
2019-08-22 01:57:54,667 [main] INFO  db.DBStoreBuilder (DBStoreBuilder.java:processTables(161)) - Using default column profile:DBProfile.DISK for Table:revokedCerts
2019-08-22 01:57:54,667 [main] INFO  db.DBStoreBuilder (DBStoreBuilder.java:addTable(110)) - using custom profile for table: default
2019-08-22 01:57:54,667 [main] INFO  db.DBStoreBuilder (DBStoreBuilder.java:processTables(167)) - Using default column profile:DBProfile.DISK for Table:default
2019-08-22 01:57:54,668 [main] INFO  db.DBStoreBuilder (DBStoreBuilder.java:getDbProfile(198)) - Using default options. DBProfile.DISK
2019-08-22 01:57:54,825 [main] INFO  net.NodeSchemaLoader (NodeSchemaLoader.java:loadSchemaFromFile(125)) - Loading file from sun.misc.CompoundEnumeration@7b6e196e
2019-08-22 01:57:54,825 [main] INFO  net.NodeSchemaLoader (NodeSchemaLoader.java:loadSchema(171)) - Loading network topology layer schema file
2019-08-22 01:57:54,831 [main] INFO  node.SCMNodeManager (SCMNodeManager.java:<init>(121)) - Entering startup safe mode.
2019-08-22 01:57:54,832 [main] INFO  algorithms.ContainerPlacementPolicyFactory (ContainerPlacementPolicyFactory.java:getPolicy(55)) - Create container placement policy of type org.apache.hadoop.hdds.scm.container.placement.algorithms.SCMContainerPlacementRandom
2019-08-22 01:57:54,832 [main] WARN  server.ServerUtils (ServerUtils.java:getScmDbDir(145)) - ozone.scm.db.dirs is not configured. We recommend adding this setting. Falling back to ozone.metadata.dirs instead.
2019-08-22 01:57:54,855 [main] INFO  pipeline.SCMPipelineManager (SCMPipelineManager.java:initializePipelineState(126)) - No pipeline exists in current db
2019-08-22 01:57:54,856 [main] WARN  server.ServerUtils (ServerUtils.java:getScmDbDir(145)) - ozone.scm.db.dirs is not configured. We recommend adding this setting. Falling back to ozone.metadata.dirs instead.
2019-08-22 01:57:54,879 [main] WARN  events.EventQueue (EventQueue.java:fireEvent(175)) - No event handler registered for event TypedEvent{payloadType=SafeModeStatus, name='SafeModeStatus'}
2019-08-22 01:57:54,880 [main] INFO  ipc.CallQueueManager (CallQueueManager.java:<init>(84)) - Using callQueue: class java.util.concurrent.LinkedBlockingQueue, queueCapacity: 2000, scheduler: class org.apache.hadoop.ipc.DefaultRpcScheduler, ipcBackoff: false.
2019-08-22 01:57:54,881 [Socket Reader #1 for port 41501] INFO  ipc.Server (Server.java:run(1074)) - Starting Socket Reader #1 for port 41501
2019-08-22 01:57:54,883 [main] INFO  ipc.CallQueueManager (CallQueueManager.java:<init>(84)) - Using callQueue: class java.util.concurrent.LinkedBlockingQueue, queueCapacity: 2000, scheduler: class org.apache.hadoop.ipc.DefaultRpcScheduler, ipcBackoff: false.
2019-08-22 01:57:54,884 [Socket Reader #1 for port 40792] INFO  ipc.Server (Server.java:run(1074)) - Starting Socket Reader #1 for port 40792
2019-08-22 01:57:54,885 [main] INFO  ipc.CallQueueManager (CallQueueManager.java:<init>(84)) - Using callQueue: class java.util.concurrent.LinkedBlockingQueue, queueCapacity: 2000, scheduler: class org.apache.hadoop.ipc.DefaultRpcScheduler, ipcBackoff: false.
2019-08-22 01:57:54,886 [Socket Reader #1 for port 45257] INFO  ipc.Server (Server.java:run(1074)) - Starting Socket Reader #1 for port 45257
2019-08-22 01:57:54,889 [main] INFO  hdfs.DFSUtil (DFSUtil.java:httpServerTemplateForNNAndJN(1641)) - Starting Web-server for scm at: http://0.0.0.0:0
2019-08-22 01:57:54,891 [main] INFO  server.AuthenticationFilter (AuthenticationFilter.java:constructSecretProvider(240)) - Unable to initialize FileSignerSecretProvider, falling back to use random secrets.
2019-08-22 01:57:54,892 [main] WARN  http.HttpRequestLog (HttpRequestLog.java:getRequestLog(97)) - Jetty request log can only be enabled using Log4j
2019-08-22 01:57:54,894 [main] INFO  http.HttpServer2 (HttpServer2.java:addGlobalFilter(975)) - Added global filter 'safety' (class=org.apache.hadoop.http.HttpServer2$QuotingInputFilter)
2019-08-22 01:57:54,895 [main] INFO  http.HttpServer2 (HttpServer2.java:addFilter(948)) - Added filter static_user_filter (class=org.apache.hadoop.http.lib.StaticUserWebFilter$StaticUserFilter) to context scm
2019-08-22 01:57:54,895 [main] INFO  http.HttpServer2 (HttpServer2.java:addFilter(958)) - Added filter static_user_filter (class=org.apache.hadoop.http.lib.StaticUserWebFilter$StaticUserFilter) to context logs
2019-08-22 01:57:54,896 [main] INFO  http.HttpServer2 (HttpServer2.java:addFilter(958)) - Added filter static_user_filter (class=org.apache.hadoop.http.lib.StaticUserWebFilter$StaticUserFilter) to context static
2019-08-22 01:57:54,898 [main] INFO  server.StorageContainerManager (StorageContainerManager.java:start(759)) - StorageContainerLocationProtocol RPC server is listening at /0.0.0.0:45257
2019-08-22 01:57:54,900 [main] WARN  impl.MetricsConfig (MetricsConfig.java:loadFirst(134)) - Cannot locate configuration: tried hadoop-metrics2-storagecontainermanager.properties,hadoop-metrics2.properties
2019-08-22 01:57:54,901 [main] INFO  impl.MetricsSystemImpl (MetricsSystemImpl.java:startTimer(374)) - Scheduled Metric snapshot period at 10 second(s).
2019-08-22 01:57:54,901 [main] INFO  impl.MetricsSystemImpl (MetricsSystemImpl.java:start(191)) - StorageContainerManager metrics system started
2019-08-22 01:57:54,982 [main] INFO  server.SCMClientProtocolServer (SCMClientProtocolServer.java:start(151)) - RPC server for Client  is listening at /0.0.0.0:45257
2019-08-22 01:57:54,982 [IPC Server Responder] INFO  ipc.Server (Server.java:run(1314)) - IPC Server Responder: starting
2019-08-22 01:57:54,983 [IPC Server listener on 45257] INFO  ipc.Server (Server.java:run(1153)) - IPC Server listener on 45257: starting
2019-08-22 01:57:54,987 [main] INFO  server.StorageContainerManager (StorageContainerManager.java:start(769)) - ScmBlockLocationProtocol RPC server is listening at /0.0.0.0:40792
2019-08-22 01:57:54,987 [main] INFO  server.SCMBlockProtocolServer (SCMBlockProtocolServer.java:start(140)) - RPC server for Block Protocol is listening at /0.0.0.0:40792
2019-08-22 01:57:54,988 [IPC Server Responder] INFO  ipc.Server (Server.java:run(1314)) - IPC Server Responder: starting
2019-08-22 01:57:54,988 [IPC Server listener on 40792] INFO  ipc.Server (Server.java:run(1153)) - IPC Server listener on 40792: starting
2019-08-22 01:57:54,992 [main] INFO  server.StorageContainerManager (StorageContainerManager.java:start(773)) - ScmDatanodeProtocl RPC server is listening at /0.0.0.0:41501
2019-08-22 01:57:54,992 [main] INFO  server.SCMDatanodeProtocolServer (SCMDatanodeProtocolServer.java:start(191)) - RPC server for DataNodes is listening at /0.0.0.0:41501
2019-08-22 01:57:54,992 [IPC Server Responder] INFO  ipc.Server (Server.java:run(1314)) - IPC Server Responder: starting
2019-08-22 01:57:54,993 [IPC Server listener on 41501] INFO  ipc.Server (Server.java:run(1153)) - IPC Server listener on 41501: starting
2019-08-22 01:57:54,997 [main] INFO  http.HttpServer2 (HttpServer2.java:bindListener(1191)) - Jetty bound to port 38773
2019-08-22 01:57:54,997 [main] INFO  server.Server (Server.java:doStart(351)) - jetty-9.3.24.v20180605, build timestamp: 2018-06-05T17:11:56Z, git hash: 84205aa28f11a4f31f2a3b86d1bba2cc8ab69827
2019-08-22 01:57:54,999 [main] INFO  handler.ContextHandler (ContextHandler.java:doStart(781)) - Started o.e.j.s.ServletContextHandler@454f6cc5{/logs,file:///workdir/hadoop-ozone/integration-test/target/log,AVAILABLE}
2019-08-22 01:57:54,999 [main] INFO  handler.ContextHandler (ContextHandler.java:doStart(781)) - Started o.e.j.s.ServletContextHandler@739500b8{/static,file:///workdir/hadoop-ozone/integration-test/target/test-classes/webapps/static,AVAILABLE}
2019-08-22 01:57:55,004 [main] INFO  handler.ContextHandler (ContextHandler.java:doStart(781)) - Started o.e.j.w.WebAppContext@4a10e65b{/,file:///workdir/hadoop-ozone/integration-test/target/test-classes/webapps/scm/,AVAILABLE}{/scm}
2019-08-22 01:57:55,004 [main] INFO  server.AbstractConnector (AbstractConnector.java:doStart(278)) - Started ServerConnector@311eb725{HTTP/1.1,[http/1.1]}{0.0.0.0:38773}
2019-08-22 01:57:55,005 [main] INFO  server.Server (Server.java:doStart(419)) - Started @530672ms
2019-08-22 01:57:55,007 [main] INFO  server.BaseHttpServer (BaseHttpServer.java:updateConnectorAddress(213)) - HTTP server of SCM is listening at http://0.0.0.0:38773
2019-08-22 01:57:55,008 [main] WARN  server.ServerUtils (ServerUtils.java:getDBPath(222)) - ozone.om.db.dirs is not configured. We recommend adding this setting. Falling back to ozone.metadata.dirs instead.
2019-08-22 01:57:55,009 [org.apache.hadoop.util.JvmPauseMonitor$Monitor@6c4a1980] INFO  util.JvmPauseMonitor (JvmPauseMonitor.java:run(188)) - Starting JVM pause monitor
2019-08-22 01:57:55,034 [main] WARN  server.ServerUtils (ServerUtils.java:getDBPath(222)) - ozone.om.db.dirs is not configured. We recommend adding this setting. Falling back to ozone.metadata.dirs instead.
2019-08-22 01:57:55,035 [main] WARN  server.ServerUtils (ServerUtils.java:getDBPath(222)) - ozone.om.db.dirs is not configured. We recommend adding this setting. Falling back to ozone.metadata.dirs instead.
2019-08-22 01:57:55,035 [main] INFO  om.OzoneManager (OzoneManager.java:setOMNodeDetails(648)) - OM Service ID is not set. Setting it to the default ID: omServiceIdDefault
2019-08-22 01:57:55,035 [main] INFO  om.OzoneManager (OzoneManager.java:setOMNodeDetails(654)) - OM Node ID is not set. Setting it to the OmStorage's OmID: e172ea7b-10a0-4d3a-bc3c-1a5f3157da7c
2019-08-22 01:57:55,035 [main] INFO  om.OzoneManager (OzoneManager.java:loadOMHAConfigs(605)) - Found matching OM address with OMServiceId: null, OMNodeId: null, RPC Address: localhost:0 and Ratis port: 9872
2019-08-22 01:57:55,040 | INFO  | SCMAudit | user=jenkins1000 | ip=192.168.34.54 | op=GET_SCM_INFO null | ret=SUCCESS |  
2019-08-22 01:57:55,041 [main] WARN  server.ServerUtils (ServerUtils.java:getDBPath(222)) - ozone.om.db.dirs is not configured. We recommend adding this setting. Falling back to ozone.metadata.dirs instead.
2019-08-22 01:57:55,042 [main] INFO  db.DBStoreBuilder (DBStoreBuilder.java:addTable(110)) - using custom profile for table: userTable
2019-08-22 01:57:55,042 [main] INFO  db.DBStoreBuilder (DBStoreBuilder.java:processTables(161)) - Using default column profile:DBProfile.DISK for Table:userTable
2019-08-22 01:57:55,042 [main] INFO  db.DBStoreBuilder (DBStoreBuilder.java:addTable(110)) - using custom profile for table: volumeTable
2019-08-22 01:57:55,043 [main] INFO  db.DBStoreBuilder (DBStoreBuilder.java:processTables(161)) - Using default column profile:DBProfile.DISK for Table:volumeTable
2019-08-22 01:57:55,043 [main] INFO  db.DBStoreBuilder (DBStoreBuilder.java:addTable(110)) - using custom profile for table: bucketTable
2019-08-22 01:57:55,043 [main] INFO  db.DBStoreBuilder (DBStoreBuilder.java:processTables(161)) - Using default column profile:DBProfile.DISK for Table:bucketTable
2019-08-22 01:57:55,043 [main] INFO  db.DBStoreBuilder (DBStoreBuilder.java:addTable(110)) - using custom profile for table: keyTable
2019-08-22 01:57:55,043 [main] INFO  db.DBStoreBuilder (DBStoreBuilder.java:processTables(161)) - Using default column profile:DBProfile.DISK for Table:keyTable
2019-08-22 01:57:55,044 [main] INFO  db.DBStoreBuilder (DBStoreBuilder.java:addTable(110)) - using custom profile for table: deletedTable
2019-08-22 01:57:55,044 [main] INFO  db.DBStoreBuilder (DBStoreBuilder.java:processTables(161)) - Using default column profile:DBProfile.DISK for Table:deletedTable
2019-08-22 01:57:55,044 [main] INFO  db.DBStoreBuilder (DBStoreBuilder.java:addTable(110)) - using custom profile for table: openKeyTable
2019-08-22 01:57:55,044 [main] INFO  db.DBStoreBuilder (DBStoreBuilder.java:processTables(161)) - Using default column profile:DBProfile.DISK for Table:openKeyTable
2019-08-22 01:57:55,045 [main] INFO  db.DBStoreBuilder (DBStoreBuilder.java:addTable(110)) - using custom profile for table: s3Table
2019-08-22 01:57:55,045 [main] INFO  db.DBStoreBuilder (DBStoreBuilder.java:processTables(161)) - Using default column profile:DBProfile.DISK for Table:s3Table
2019-08-22 01:57:55,045 [main] INFO  db.DBStoreBuilder (DBStoreBuilder.java:addTable(110)) - using custom profile for table: multipartInfoTable
2019-08-22 01:57:55,045 [main] INFO  db.DBStoreBuilder (DBStoreBuilder.java:processTables(161)) - Using default column profile:DBProfile.DISK for Table:multipartInfoTable
2019-08-22 01:57:55,045 [main] INFO  db.DBStoreBuilder (DBStoreBuilder.java:addTable(110)) - using custom profile for table: dTokenTable
2019-08-22 01:57:55,046 [main] INFO  db.DBStoreBuilder (DBStoreBuilder.java:processTables(161)) - Using default column profile:DBProfile.DISK for Table:dTokenTable
2019-08-22 01:57:55,046 [main] INFO  db.DBStoreBuilder (DBStoreBuilder.java:addTable(110)) - using custom profile for table: s3SecretTable
2019-08-22 01:57:55,046 [main] INFO  db.DBStoreBuilder (DBStoreBuilder.java:processTables(161)) - Using default column profile:DBProfile.DISK for Table:s3SecretTable
2019-08-22 01:57:55,046 [main] INFO  db.DBStoreBuilder (DBStoreBuilder.java:addTable(110)) - using custom profile for table: prefixTable
2019-08-22 01:57:55,047 [main] INFO  db.DBStoreBuilder (DBStoreBuilder.java:processTables(161)) - Using default column profile:DBProfile.DISK for Table:prefixTable
2019-08-22 01:57:55,047 [main] INFO  db.DBStoreBuilder (DBStoreBuilder.java:addTable(110)) - using custom profile for table: default
2019-08-22 01:57:55,047 [main] INFO  db.DBStoreBuilder (DBStoreBuilder.java:processTables(167)) - Using default column profile:DBProfile.DISK for Table:default
2019-08-22 01:57:55,047 [main] INFO  db.DBStoreBuilder (DBStoreBuilder.java:getDbProfile(198)) - Using default options. DBProfile.DISK
2019-08-22 01:57:55,671 [main] INFO  ipc.CallQueueManager (CallQueueManager.java:<init>(84)) - Using callQueue: class java.util.concurrent.LinkedBlockingQueue, queueCapacity: 2000, scheduler: class org.apache.hadoop.ipc.DefaultRpcScheduler, ipcBackoff: false.
2019-08-22 01:57:55,673 [Socket Reader #1 for port 33810] INFO  ipc.Server (Server.java:run(1074)) - Starting Socket Reader #1 for port 33810
2019-08-22 01:57:55,690 [main] INFO  om.OzoneManager (OzoneManager.java:start(1259)) - OzoneManager RPC server is listening at localhost/127.0.0.1:33810
2019-08-22 01:57:55,690 [main] INFO  impl.MetricsSystemImpl (MetricsSystemImpl.java:init(158)) - OzoneManager metrics system started (again)
2019-08-22 01:57:55,691 [IPC Server Responder] INFO  ipc.Server (Server.java:run(1314)) - IPC Server Responder: starting
2019-08-22 01:57:55,691 [IPC Server listener on 33810] INFO  ipc.Server (Server.java:run(1153)) - IPC Server listener on 33810: starting
2019-08-22 01:57:55,698 [main] INFO  hdfs.DFSUtil (DFSUtil.java:httpServerTemplateForNNAndJN(1641)) - Starting Web-server for ozoneManager at: http://0.0.0.0:0
2019-08-22 01:57:55,700 [main] INFO  server.AuthenticationFilter (AuthenticationFilter.java:constructSecretProvider(240)) - Unable to initialize FileSignerSecretProvider, falling back to use random secrets.
2019-08-22 01:57:55,701 [main] WARN  http.HttpRequestLog (HttpRequestLog.java:getRequestLog(97)) - Jetty request log can only be enabled using Log4j
2019-08-22 01:57:55,703 [main] INFO  http.HttpServer2 (HttpServer2.java:addGlobalFilter(975)) - Added global filter 'safety' (class=org.apache.hadoop.http.HttpServer2$QuotingInputFilter)
2019-08-22 01:57:55,704 [main] INFO  http.HttpServer2 (HttpServer2.java:addFilter(948)) - Added filter static_user_filter (class=org.apache.hadoop.http.lib.StaticUserWebFilter$StaticUserFilter) to context ozoneManager
2019-08-22 01:57:55,704 [main] INFO  http.HttpServer2 (HttpServer2.java:addFilter(958)) - Added filter static_user_filter (class=org.apache.hadoop.http.lib.StaticUserWebFilter$StaticUserFilter) to context static
2019-08-22 01:57:55,704 [main] INFO  http.HttpServer2 (HttpServer2.java:addFilter(958)) - Added filter static_user_filter (class=org.apache.hadoop.http.lib.StaticUserWebFilter$StaticUserFilter) to context logs
2019-08-22 01:57:55,705 [main] INFO  http.HttpServer2 (HttpServer2.java:bindListener(1191)) - Jetty bound to port 44506
2019-08-22 01:57:55,705 [main] INFO  server.Server (Server.java:doStart(351)) - jetty-9.3.24.v20180605, build timestamp: 2018-06-05T17:11:56Z, git hash: 84205aa28f11a4f31f2a3b86d1bba2cc8ab69827
2019-08-22 01:57:55,707 [main] INFO  handler.ContextHandler (ContextHandler.java:doStart(781)) - Started o.e.j.s.ServletContextHandler@df0b348{/logs,file:///workdir/hadoop-ozone/integration-test/target/log,AVAILABLE}
2019-08-22 01:57:55,708 [main] INFO  handler.ContextHandler (ContextHandler.java:doStart(781)) - Started o.e.j.s.ServletContextHandler@72dc7f0a{/static,file:///workdir/hadoop-ozone/integration-test/target/test-classes/webapps/static,AVAILABLE}
2019-08-22 01:57:55,712 [main] INFO  handler.ContextHandler (ContextHandler.java:doStart(781)) - Started o.e.j.w.WebAppContext@5f910283{/,file:///workdir/hadoop-ozone/integration-test/target/test-classes/webapps/ozoneManager/,AVAILABLE}{/ozoneManager}
2019-08-22 01:57:55,713 [main] INFO  server.AbstractConnector (AbstractConnector.java:doStart(278)) - Started ServerConnector@6e2764c9{HTTP/1.1,[http/1.1]}{0.0.0.0:44506}
2019-08-22 01:57:55,714 [main] INFO  server.Server (Server.java:doStart(419)) - Started @531380ms
2019-08-22 01:57:55,715 [main] INFO  server.BaseHttpServer (BaseHttpServer.java:updateConnectorAddress(213)) - HTTP server of OZONEMANAGER is listening at http://0.0.0.0:44506
2019-08-22 01:57:55,730 [main] INFO  impl.MetricsSystemImpl (MetricsSystemImpl.java:init(158)) - HddsDatanode metrics system started (again)
2019-08-22 01:57:55,732 [main] INFO  ozone.HddsDatanodeService (HddsDatanodeService.java:start(184)) - HddsDatanodeService host:pr-hdds-1998-jt8wz-3050591487 ip:192.168.34.54
2019-08-22 01:57:55,743 [main] INFO  volume.HddsVolume (HddsVolume.java:<init>(176)) - Creating Volume: /workdir/hadoop-ozone/integration-test/target/test-dir/MiniOzoneClusterImpl-2261fce3-3b3f-45be-b7bf-e56da5754016/datanode-0/data/containers/hdds of  storage type : DISK and capacity : 1482555576320
2019-08-22 01:57:55,744 [main] INFO  volume.VolumeSet (VolumeSet.java:initializeVolumeSet(170)) - Added Volume : /workdir/hadoop-ozone/integration-test/target/test-dir/MiniOzoneClusterImpl-2261fce3-3b3f-45be-b7bf-e56da5754016/datanode-0/data/containers/hdds to VolumeSet
2019-08-22 01:57:55,744 [main] INFO  volume.ThrottledAsyncChecker (ThrottledAsyncChecker.java:schedule(140)) - Scheduling a check for org.apache.hadoop.ozone.container.common.volume.HddsVolume@487f025
2019-08-22 01:57:55,744 [main] INFO  volume.HddsVolumeChecker (HddsVolumeChecker.java:checkAllVolumes(203)) - Scheduled health check for volume org.apache.hadoop.ozone.container.common.volume.HddsVolume@487f025
2019-08-22 01:57:55,760 [main] INFO  impl.RaftServerProxy (ConfUtils.java:logGet(43)) - raft.rpc.type = GRPC (default)
2019-08-22 01:57:55,760 [main] INFO  grpc.GrpcFactory (GrpcFactory.java:checkPooledByteBufAllocatorUseCacheForAllThreads(45)) - PERFORMANCE WARNING: useCacheForAllThreads is true that may cause Netty to create a lot garbage objects and, as a result, trigger GC.
	It is recommended to disable useCacheForAllThreads by setting -Dorg.apache.ratis.thirdparty.io.netty.allocator.useCacheForAllThreads=false in command line.
2019-08-22 01:57:55,760 [main] INFO  grpc.GrpcConfigKeys$Server (ConfUtils.java:logGet(43)) - raft.grpc.server.port = 0 (default)
2019-08-22 01:57:55,761 [main] INFO  server.GrpcService (ConfUtils.java:logGet(43)) - raft.grpc.message.size.max = 33570816 (custom)
2019-08-22 01:57:55,761 [main] INFO  server.RaftServerConfigKeys (ConfUtils.java:logGet(43)) - raft.server.log.appender.buffer.byte-limit = 33554432 (custom)
2019-08-22 01:57:55,761 [main] INFO  server.GrpcService (ConfUtils.java:logGet(43)) - raft.grpc.flow.control.window = 1MB (=1048576) (default)
2019-08-22 01:57:55,761 [main] INFO  server.RaftServerConfigKeys (ConfUtils.java:logGet(43)) - raft.server.rpc.request.timeout = 3000ms (default)
2019-08-22 01:57:55,762 [main] INFO  server.RaftServerConfigKeys (ConfUtils.java:logGet(43)) - raft.server.storage.dir = [/workdir/hadoop-ozone/integration-test/target/test-dir/MiniOzoneClusterImpl-2261fce3-3b3f-45be-b7bf-e56da5754016/datanode-0/data/ratis] (custom)
2019-08-22 01:57:55,762 [main] INFO  replication.SimpleContainerDownloader (SimpleContainerDownloader.java:<init>(72)) - Starting container downloader service to copy containers to replicate.
2019-08-22 01:57:55,763 [main] INFO  hdfs.DFSUtil (DFSUtil.java:httpServerTemplateForNNAndJN(1641)) - Starting Web-server for hddsDatanode at: http://0.0.0.0:0
2019-08-22 01:57:55,765 [main] INFO  server.AuthenticationFilter (AuthenticationFilter.java:constructSecretProvider(240)) - Unable to initialize FileSignerSecretProvider, falling back to use random secrets.
2019-08-22 01:57:55,765 [main] WARN  http.HttpRequestLog (HttpRequestLog.java:getRequestLog(97)) - Jetty request log can only be enabled using Log4j
2019-08-22 01:57:55,766 [main] INFO  http.HttpServer2 (HttpServer2.java:addGlobalFilter(975)) - Added global filter 'safety' (class=org.apache.hadoop.http.HttpServer2$QuotingInputFilter)
2019-08-22 01:57:55,767 [main] INFO  http.HttpServer2 (HttpServer2.java:addFilter(948)) - Added filter static_user_filter (class=org.apache.hadoop.http.lib.StaticUserWebFilter$StaticUserFilter) to context hddsDatanode
2019-08-22 01:57:55,767 [main] INFO  http.HttpServer2 (HttpServer2.java:addFilter(958)) - Added filter static_user_filter (class=org.apache.hadoop.http.lib.StaticUserWebFilter$StaticUserFilter) to context static
2019-08-22 01:57:55,767 [main] INFO  http.HttpServer2 (HttpServer2.java:addFilter(958)) - Added filter static_user_filter (class=org.apache.hadoop.http.lib.StaticUserWebFilter$StaticUserFilter) to context logs
2019-08-22 01:57:55,768 [main] INFO  http.HttpServer2 (HttpServer2.java:bindListener(1191)) - Jetty bound to port 32774
2019-08-22 01:57:55,768 [main] INFO  server.Server (Server.java:doStart(351)) - jetty-9.3.24.v20180605, build timestamp: 2018-06-05T17:11:56Z, git hash: 84205aa28f11a4f31f2a3b86d1bba2cc8ab69827
2019-08-22 01:57:55,770 [main] INFO  handler.ContextHandler (ContextHandler.java:doStart(781)) - Started o.e.j.s.ServletContextHandler@6db64abf{/logs,file:///workdir/hadoop-ozone/integration-test/target/log,AVAILABLE}
2019-08-22 01:57:55,770 [main] INFO  handler.ContextHandler (ContextHandler.java:doStart(781)) - Started o.e.j.s.ServletContextHandler@49a0fe14{/static,jar:file:/home/user/.m2/repository/org/apache/hadoop/hadoop-hdds-container-service/0.5.0-SNAPSHOT/hadoop-hdds-container-service-0.5.0-SNAPSHOT.jar!/webapps/static,AVAILABLE}
2019-08-22 01:57:55,800 [main] INFO  handler.ContextHandler (ContextHandler.java:doStart(781)) - Started o.e.j.w.WebAppContext@a47a011{/,file:///tmp/jetty-0.0.0.0-32774-hddsDatanode-_-any-8789661537996072357.dir/webapp/,AVAILABLE}{/hddsDatanode}
2019-08-22 01:57:55,800 [main] INFO  server.AbstractConnector (AbstractConnector.java:doStart(278)) - Started ServerConnector@6441da2c{HTTP/1.1,[http/1.1]}{0.0.0.0:32774}
2019-08-22 01:57:55,800 [main] INFO  server.Server (Server.java:doStart(419)) - Started @531467ms
2019-08-22 01:57:55,802 [main] INFO  server.BaseHttpServer (BaseHttpServer.java:updateConnectorAddress(213)) - HTTP server of HDDSDATANODE is listening at http://0.0.0.0:32774
2019-08-22 01:57:55,899 | INFO  | ObjectStoreRestHttpServer | Listening HDDS REST traffic on /0.0.0.0:36868 |  
2019-08-22 01:57:55,899 [main] INFO  ozone.HddsDatanodeService (HddsDatanodeService.java:startPlugins(395)) - Started plug-in org.apache.hadoop.ozone.web.OzoneHddsDatanodeService@467625e3
2019-08-22 01:57:55,899 [main] INFO  impl.MetricsSystemImpl (MetricsSystemImpl.java:init(158)) - HddsDatanode metrics system started (again)
2019-08-22 01:57:55,901 [main] INFO  ozone.HddsDatanodeService (HddsDatanodeService.java:start(184)) - HddsDatanodeService host:pr-hdds-1998-jt8wz-3050591487 ip:192.168.34.54
2019-08-22 01:57:55,901 [org.apache.hadoop.util.JvmPauseMonitor$Monitor@5dffd714] INFO  util.JvmPauseMonitor (JvmPauseMonitor.java:run(188)) - Starting JVM pause monitor
2019-08-22 01:57:55,903 [Datanode State Machine Thread - 0] INFO  datanode.InitDatanodeState (InitDatanodeState.java:persistContainerDatanodeDetails(140)) - DatanodeDetails is persisted to /workdir/hadoop-ozone/integration-test/target/test-dir/MiniOzoneClusterImpl-2261fce3-3b3f-45be-b7bf-e56da5754016/datanode-0/meta/datanode.id
2019-08-22 01:57:55,911 [main] INFO  volume.HddsVolume (HddsVolume.java:<init>(176)) - Creating Volume: /workdir/hadoop-ozone/integration-test/target/test-dir/MiniOzoneClusterImpl-2261fce3-3b3f-45be-b7bf-e56da5754016/datanode-1/data/containers/hdds of  storage type : DISK and capacity : 1482555576320
2019-08-22 01:57:55,911 [main] INFO  volume.VolumeSet (VolumeSet.java:initializeVolumeSet(170)) - Added Volume : /workdir/hadoop-ozone/integration-test/target/test-dir/MiniOzoneClusterImpl-2261fce3-3b3f-45be-b7bf-e56da5754016/datanode-1/data/containers/hdds to VolumeSet
2019-08-22 01:57:55,912 [main] INFO  volume.ThrottledAsyncChecker (ThrottledAsyncChecker.java:schedule(140)) - Scheduling a check for org.apache.hadoop.ozone.container.common.volume.HddsVolume@6cca70e3
2019-08-22 01:57:55,912 [main] INFO  volume.HddsVolumeChecker (HddsVolumeChecker.java:checkAllVolumes(203)) - Scheduled health check for volume org.apache.hadoop.ozone.container.common.volume.HddsVolume@6cca70e3
2019-08-22 01:57:55,927 [main] INFO  impl.RaftServerProxy (ConfUtils.java:logGet(43)) - raft.rpc.type = GRPC (default)
2019-08-22 01:57:55,927 [main] INFO  grpc.GrpcFactory (GrpcFactory.java:checkPooledByteBufAllocatorUseCacheForAllThreads(45)) - PERFORMANCE WARNING: useCacheForAllThreads is true that may cause Netty to create a lot garbage objects and, as a result, trigger GC.
	It is recommended to disable useCacheForAllThreads by setting -Dorg.apache.ratis.thirdparty.io.netty.allocator.useCacheForAllThreads=false in command line.
2019-08-22 01:57:55,928 [main] INFO  grpc.GrpcConfigKeys$Server (ConfUtils.java:logGet(43)) - raft.grpc.server.port = 0 (default)
2019-08-22 01:57:55,928 [main] INFO  server.GrpcService (ConfUtils.java:logGet(43)) - raft.grpc.message.size.max = 33570816 (custom)
2019-08-22 01:57:55,928 [main] INFO  server.RaftServerConfigKeys (ConfUtils.java:logGet(43)) - raft.server.log.appender.buffer.byte-limit = 33554432 (custom)
2019-08-22 01:57:55,928 [main] INFO  server.GrpcService (ConfUtils.java:logGet(43)) - raft.grpc.flow.control.window = 1MB (=1048576) (default)
2019-08-22 01:57:55,928 [main] INFO  server.RaftServerConfigKeys (ConfUtils.java:logGet(43)) - raft.server.rpc.request.timeout = 3000ms (default)
2019-08-22 01:57:55,929 [main] INFO  server.RaftServerConfigKeys (ConfUtils.java:logGet(43)) - raft.server.storage.dir = [/workdir/hadoop-ozone/integration-test/target/test-dir/MiniOzoneClusterImpl-2261fce3-3b3f-45be-b7bf-e56da5754016/datanode-1/data/ratis] (custom)
2019-08-22 01:57:55,929 [main] INFO  replication.SimpleContainerDownloader (SimpleContainerDownloader.java:<init>(72)) - Starting container downloader service to copy containers to replicate.
2019-08-22 01:57:55,930 [main] INFO  hdfs.DFSUtil (DFSUtil.java:httpServerTemplateForNNAndJN(1641)) - Starting Web-server for hddsDatanode at: http://0.0.0.0:0
2019-08-22 01:57:55,931 [main] INFO  server.AuthenticationFilter (AuthenticationFilter.java:constructSecretProvider(240)) - Unable to initialize FileSignerSecretProvider, falling back to use random secrets.
2019-08-22 01:57:55,932 [main] WARN  http.HttpRequestLog (HttpRequestLog.java:getRequestLog(97)) - Jetty request log can only be enabled using Log4j
2019-08-22 01:57:55,933 [main] INFO  http.HttpServer2 (HttpServer2.java:addGlobalFilter(975)) - Added global filter 'safety' (class=org.apache.hadoop.http.HttpServer2$QuotingInputFilter)
2019-08-22 01:57:55,933 [main] INFO  http.HttpServer2 (HttpServer2.java:addFilter(948)) - Added filter static_user_filter (class=org.apache.hadoop.http.lib.StaticUserWebFilter$StaticUserFilter) to context hddsDatanode
2019-08-22 01:57:55,933 [main] INFO  http.HttpServer2 (HttpServer2.java:addFilter(958)) - Added filter static_user_filter (class=org.apache.hadoop.http.lib.StaticUserWebFilter$StaticUserFilter) to context logs
2019-08-22 01:57:55,933 [main] INFO  http.HttpServer2 (HttpServer2.java:addFilter(958)) - Added filter static_user_filter (class=org.apache.hadoop.http.lib.StaticUserWebFilter$StaticUserFilter) to context static
2019-08-22 01:57:55,934 [main] INFO  http.HttpServer2 (HttpServer2.java:bindListener(1191)) - Jetty bound to port 40664
2019-08-22 01:57:55,934 [main] INFO  server.Server (Server.java:doStart(351)) - jetty-9.3.24.v20180605, build timestamp: 2018-06-05T17:11:56Z, git hash: 84205aa28f11a4f31f2a3b86d1bba2cc8ab69827
2019-08-22 01:57:55,936 [main] INFO  handler.ContextHandler (ContextHandler.java:doStart(781)) - Started o.e.j.s.ServletContextHandler@2ff2a096{/logs,file:///workdir/hadoop-ozone/integration-test/target/log,AVAILABLE}
2019-08-22 01:57:55,936 [main] INFO  handler.ContextHandler (ContextHandler.java:doStart(781)) - Started o.e.j.s.ServletContextHandler@44f8d884{/static,jar:file:/home/user/.m2/repository/org/apache/hadoop/hadoop-hdds-container-service/0.5.0-SNAPSHOT/hadoop-hdds-container-service-0.5.0-SNAPSHOT.jar!/webapps/static,AVAILABLE}
2019-08-22 01:57:55,962 [main] INFO  handler.ContextHandler (ContextHandler.java:doStart(781)) - Started o.e.j.w.WebAppContext@6592a73b{/,file:///tmp/jetty-0.0.0.0-40664-hddsDatanode-_-any-5158900043402564140.dir/webapp/,AVAILABLE}{/hddsDatanode}
2019-08-22 01:57:55,963 [main] INFO  server.AbstractConnector (AbstractConnector.java:doStart(278)) - Started ServerConnector@14f11a56{HTTP/1.1,[http/1.1]}{0.0.0.0:40664}
2019-08-22 01:57:55,964 [main] INFO  server.Server (Server.java:doStart(419)) - Started @531630ms
2019-08-22 01:57:55,965 [main] INFO  server.BaseHttpServer (BaseHttpServer.java:updateConnectorAddress(213)) - HTTP server of HDDSDATANODE is listening at http://0.0.0.0:40664
2019-08-22 01:57:56,062 | INFO  | ObjectStoreRestHttpServer | Listening HDDS REST traffic on /0.0.0.0:35603 |  
2019-08-22 01:57:56,062 [main] INFO  ozone.HddsDatanodeService (HddsDatanodeService.java:startPlugins(395)) - Started plug-in org.apache.hadoop.ozone.web.OzoneHddsDatanodeService@27c9500c
2019-08-22 01:57:56,063 [main] INFO  impl.MetricsSystemImpl (MetricsSystemImpl.java:init(158)) - HddsDatanode metrics system started (again)
2019-08-22 01:57:56,065 [main] INFO  ozone.HddsDatanodeService (HddsDatanodeService.java:start(184)) - HddsDatanodeService host:pr-hdds-1998-jt8wz-3050591487 ip:192.168.34.54
2019-08-22 01:57:56,065 [org.apache.hadoop.util.JvmPauseMonitor$Monitor@79c23b54] INFO  util.JvmPauseMonitor (JvmPauseMonitor.java:run(188)) - Starting JVM pause monitor
2019-08-22 01:57:56,067 [Datanode State Machine Thread - 0] INFO  datanode.InitDatanodeState (InitDatanodeState.java:persistContainerDatanodeDetails(140)) - DatanodeDetails is persisted to /workdir/hadoop-ozone/integration-test/target/test-dir/MiniOzoneClusterImpl-2261fce3-3b3f-45be-b7bf-e56da5754016/datanode-1/meta/datanode.id
2019-08-22 01:57:56,075 [main] INFO  volume.HddsVolume (HddsVolume.java:<init>(176)) - Creating Volume: /workdir/hadoop-ozone/integration-test/target/test-dir/MiniOzoneClusterImpl-2261fce3-3b3f-45be-b7bf-e56da5754016/datanode-2/data/containers/hdds of  storage type : DISK and capacity : 1482555576320
2019-08-22 01:57:56,076 [main] INFO  volume.VolumeSet (VolumeSet.java:initializeVolumeSet(170)) - Added Volume : /workdir/hadoop-ozone/integration-test/target/test-dir/MiniOzoneClusterImpl-2261fce3-3b3f-45be-b7bf-e56da5754016/datanode-2/data/containers/hdds to VolumeSet
2019-08-22 01:57:56,076 [main] INFO  volume.ThrottledAsyncChecker (ThrottledAsyncChecker.java:schedule(140)) - Scheduling a check for org.apache.hadoop.ozone.container.common.volume.HddsVolume@3725242e
2019-08-22 01:57:56,076 [main] INFO  volume.HddsVolumeChecker (HddsVolumeChecker.java:checkAllVolumes(203)) - Scheduled health check for volume org.apache.hadoop.ozone.container.common.volume.HddsVolume@3725242e
2019-08-22 01:57:56,089 [main] INFO  impl.RaftServerProxy (ConfUtils.java:logGet(43)) - raft.rpc.type = GRPC (default)
2019-08-22 01:57:56,089 [main] INFO  grpc.GrpcFactory (GrpcFactory.java:checkPooledByteBufAllocatorUseCacheForAllThreads(45)) - PERFORMANCE WARNING: useCacheForAllThreads is true that may cause Netty to create a lot garbage objects and, as a result, trigger GC.
	It is recommended to disable useCacheForAllThreads by setting -Dorg.apache.ratis.thirdparty.io.netty.allocator.useCacheForAllThreads=false in command line.
2019-08-22 01:57:56,089 [main] INFO  grpc.GrpcConfigKeys$Server (ConfUtils.java:logGet(43)) - raft.grpc.server.port = 0 (default)
2019-08-22 01:57:56,090 [main] INFO  server.GrpcService (ConfUtils.java:logGet(43)) - raft.grpc.message.size.max = 33570816 (custom)
2019-08-22 01:57:56,090 [main] INFO  server.RaftServerConfigKeys (ConfUtils.java:logGet(43)) - raft.server.log.appender.buffer.byte-limit = 33554432 (custom)
2019-08-22 01:57:56,090 [main] INFO  server.GrpcService (ConfUtils.java:logGet(43)) - raft.grpc.flow.control.window = 1MB (=1048576) (default)
2019-08-22 01:57:56,090 [main] INFO  server.RaftServerConfigKeys (ConfUtils.java:logGet(43)) - raft.server.rpc.request.timeout = 3000ms (default)
2019-08-22 01:57:56,090 [main] INFO  server.RaftServerConfigKeys (ConfUtils.java:logGet(43)) - raft.server.storage.dir = [/workdir/hadoop-ozone/integration-test/target/test-dir/MiniOzoneClusterImpl-2261fce3-3b3f-45be-b7bf-e56da5754016/datanode-2/data/ratis] (custom)
2019-08-22 01:57:56,091 [main] INFO  replication.SimpleContainerDownloader (SimpleContainerDownloader.java:<init>(72)) - Starting container downloader service to copy containers to replicate.
2019-08-22 01:57:56,092 [main] INFO  hdfs.DFSUtil (DFSUtil.java:httpServerTemplateForNNAndJN(1641)) - Starting Web-server for hddsDatanode at: http://0.0.0.0:0
2019-08-22 01:57:56,093 [main] INFO  server.AuthenticationFilter (AuthenticationFilter.java:constructSecretProvider(240)) - Unable to initialize FileSignerSecretProvider, falling back to use random secrets.
2019-08-22 01:57:56,093 [main] WARN  http.HttpRequestLog (HttpRequestLog.java:getRequestLog(97)) - Jetty request log can only be enabled using Log4j
2019-08-22 01:57:56,094 [main] INFO  http.HttpServer2 (HttpServer2.java:addGlobalFilter(975)) - Added global filter 'safety' (class=org.apache.hadoop.http.HttpServer2$QuotingInputFilter)
2019-08-22 01:57:56,095 [main] INFO  http.HttpServer2 (HttpServer2.java:addFilter(948)) - Added filter static_user_filter (class=org.apache.hadoop.http.lib.StaticUserWebFilter$StaticUserFilter) to context hddsDatanode
2019-08-22 01:57:56,095 [main] INFO  http.HttpServer2 (HttpServer2.java:addFilter(958)) - Added filter static_user_filter (class=org.apache.hadoop.http.lib.StaticUserWebFilter$StaticUserFilter) to context static
2019-08-22 01:57:56,095 [main] INFO  http.HttpServer2 (HttpServer2.java:addFilter(958)) - Added filter static_user_filter (class=org.apache.hadoop.http.lib.StaticUserWebFilter$StaticUserFilter) to context logs
2019-08-22 01:57:56,095 [main] INFO  http.HttpServer2 (HttpServer2.java:bindListener(1191)) - Jetty bound to port 39790
2019-08-22 01:57:56,095 [main] INFO  server.Server (Server.java:doStart(351)) - jetty-9.3.24.v20180605, build timestamp: 2018-06-05T17:11:56Z, git hash: 84205aa28f11a4f31f2a3b86d1bba2cc8ab69827
2019-08-22 01:57:56,097 [main] INFO  handler.ContextHandler (ContextHandler.java:doStart(781)) - Started o.e.j.s.ServletContextHandler@35fddea2{/logs,file:///workdir/hadoop-ozone/integration-test/target/log,AVAILABLE}
2019-08-22 01:57:56,097 [main] INFO  handler.ContextHandler (ContextHandler.java:doStart(781)) - Started o.e.j.s.ServletContextHandler@52d625bd{/static,jar:file:/home/user/.m2/repository/org/apache/hadoop/hadoop-hdds-container-service/0.5.0-SNAPSHOT/hadoop-hdds-container-service-0.5.0-SNAPSHOT.jar!/webapps/static,AVAILABLE}
2019-08-22 01:57:56,125 [main] INFO  handler.ContextHandler (ContextHandler.java:doStart(781)) - Started o.e.j.w.WebAppContext@35800dea{/,file:///tmp/jetty-0.0.0.0-39790-hddsDatanode-_-any-2676900029454083774.dir/webapp/,AVAILABLE}{/hddsDatanode}
2019-08-22 01:57:56,126 [main] INFO  server.AbstractConnector (AbstractConnector.java:doStart(278)) - Started ServerConnector@3b4cce5a{HTTP/1.1,[http/1.1]}{0.0.0.0:39790}
2019-08-22 01:57:56,126 [main] INFO  server.Server (Server.java:doStart(419)) - Started @531793ms
2019-08-22 01:57:56,128 [main] INFO  server.BaseHttpServer (BaseHttpServer.java:updateConnectorAddress(213)) - HTTP server of HDDSDATANODE is listening at http://0.0.0.0:39790
2019-08-22 01:57:56,233 | INFO  | ObjectStoreRestHttpServer | Listening HDDS REST traffic on /0.0.0.0:44963 |  
2019-08-22 01:57:56,233 [main] INFO  ozone.HddsDatanodeService (HddsDatanodeService.java:startPlugins(395)) - Started plug-in org.apache.hadoop.ozone.web.OzoneHddsDatanodeService@1c0f32ad
2019-08-22 01:57:56,233 [main] INFO  impl.MetricsSystemImpl (MetricsSystemImpl.java:init(158)) - HddsDatanode metrics system started (again)
2019-08-22 01:57:56,236 [main] INFO  ozone.HddsDatanodeService (HddsDatanodeService.java:start(184)) - HddsDatanodeService host:pr-hdds-1998-jt8wz-3050591487 ip:192.168.34.54
2019-08-22 01:57:56,236 [org.apache.hadoop.util.JvmPauseMonitor$Monitor@7bea58bf] INFO  util.JvmPauseMonitor (JvmPauseMonitor.java:run(188)) - Starting JVM pause monitor
2019-08-22 01:57:56,238 [Datanode State Machine Thread - 0] INFO  datanode.InitDatanodeState (InitDatanodeState.java:persistContainerDatanodeDetails(140)) - DatanodeDetails is persisted to /workdir/hadoop-ozone/integration-test/target/test-dir/MiniOzoneClusterImpl-2261fce3-3b3f-45be-b7bf-e56da5754016/datanode-2/meta/datanode.id
2019-08-22 01:57:56,245 [main] INFO  volume.HddsVolume (HddsVolume.java:<init>(176)) - Creating Volume: /workdir/hadoop-ozone/integration-test/target/test-dir/MiniOzoneClusterImpl-2261fce3-3b3f-45be-b7bf-e56da5754016/datanode-3/data/containers/hdds of  storage type : DISK and capacity : 1482555576320
2019-08-22 01:57:56,246 [main] INFO  volume.VolumeSet (VolumeSet.java:initializeVolumeSet(170)) - Added Volume : /workdir/hadoop-ozone/integration-test/target/test-dir/MiniOzoneClusterImpl-2261fce3-3b3f-45be-b7bf-e56da5754016/datanode-3/data/containers/hdds to VolumeSet
2019-08-22 01:57:56,246 [main] INFO  volume.ThrottledAsyncChecker (ThrottledAsyncChecker.java:schedule(140)) - Scheduling a check for org.apache.hadoop.ozone.container.common.volume.HddsVolume@19544627
2019-08-22 01:57:56,246 [main] INFO  volume.HddsVolumeChecker (HddsVolumeChecker.java:checkAllVolumes(203)) - Scheduled health check for volume org.apache.hadoop.ozone.container.common.volume.HddsVolume@19544627
2019-08-22 01:57:56,262 [main] INFO  impl.RaftServerProxy (ConfUtils.java:logGet(43)) - raft.rpc.type = GRPC (default)
2019-08-22 01:57:56,262 [main] INFO  grpc.GrpcFactory (GrpcFactory.java:checkPooledByteBufAllocatorUseCacheForAllThreads(45)) - PERFORMANCE WARNING: useCacheForAllThreads is true that may cause Netty to create a lot garbage objects and, as a result, trigger GC.
	It is recommended to disable useCacheForAllThreads by setting -Dorg.apache.ratis.thirdparty.io.netty.allocator.useCacheForAllThreads=false in command line.
2019-08-22 01:57:56,262 [main] INFO  grpc.GrpcConfigKeys$Server (ConfUtils.java:logGet(43)) - raft.grpc.server.port = 0 (default)
2019-08-22 01:57:56,263 [main] INFO  server.GrpcService (ConfUtils.java:logGet(43)) - raft.grpc.message.size.max = 33570816 (custom)
2019-08-22 01:57:56,263 [main] INFO  server.RaftServerConfigKeys (ConfUtils.java:logGet(43)) - raft.server.log.appender.buffer.byte-limit = 33554432 (custom)
2019-08-22 01:57:56,263 [main] INFO  server.GrpcService (ConfUtils.java:logGet(43)) - raft.grpc.flow.control.window = 1MB (=1048576) (default)
2019-08-22 01:57:56,263 [main] INFO  server.RaftServerConfigKeys (ConfUtils.java:logGet(43)) - raft.server.rpc.request.timeout = 3000ms (default)
2019-08-22 01:57:56,264 [main] INFO  server.RaftServerConfigKeys (ConfUtils.java:logGet(43)) - raft.server.storage.dir = [/workdir/hadoop-ozone/integration-test/target/test-dir/MiniOzoneClusterImpl-2261fce3-3b3f-45be-b7bf-e56da5754016/datanode-3/data/ratis] (custom)
2019-08-22 01:57:56,264 [main] INFO  replication.SimpleContainerDownloader (SimpleContainerDownloader.java:<init>(72)) - Starting container downloader service to copy containers to replicate.
2019-08-22 01:57:56,266 [main] INFO  hdfs.DFSUtil (DFSUtil.java:httpServerTemplateForNNAndJN(1641)) - Starting Web-server for hddsDatanode at: http://0.0.0.0:0
2019-08-22 01:57:56,267 [main] INFO  server.AuthenticationFilter (AuthenticationFilter.java:constructSecretProvider(240)) - Unable to initialize FileSignerSecretProvider, falling back to use random secrets.
2019-08-22 01:57:56,267 [main] WARN  http.HttpRequestLog (HttpRequestLog.java:getRequestLog(97)) - Jetty request log can only be enabled using Log4j
2019-08-22 01:57:56,268 [main] INFO  http.HttpServer2 (HttpServer2.java:addGlobalFilter(975)) - Added global filter 'safety' (class=org.apache.hadoop.http.HttpServer2$QuotingInputFilter)
2019-08-22 01:57:56,269 [main] INFO  http.HttpServer2 (HttpServer2.java:addFilter(948)) - Added filter static_user_filter (class=org.apache.hadoop.http.lib.StaticUserWebFilter$StaticUserFilter) to context hddsDatanode
2019-08-22 01:57:56,269 [main] INFO  http.HttpServer2 (HttpServer2.java:addFilter(958)) - Added filter static_user_filter (class=org.apache.hadoop.http.lib.StaticUserWebFilter$StaticUserFilter) to context static
2019-08-22 01:57:56,269 [main] INFO  http.HttpServer2 (HttpServer2.java:addFilter(958)) - Added filter static_user_filter (class=org.apache.hadoop.http.lib.StaticUserWebFilter$StaticUserFilter) to context logs
2019-08-22 01:57:56,270 [main] INFO  http.HttpServer2 (HttpServer2.java:bindListener(1191)) - Jetty bound to port 35274
2019-08-22 01:57:56,270 [main] INFO  server.Server (Server.java:doStart(351)) - jetty-9.3.24.v20180605, build timestamp: 2018-06-05T17:11:56Z, git hash: 84205aa28f11a4f31f2a3b86d1bba2cc8ab69827
2019-08-22 01:57:56,271 [main] INFO  handler.ContextHandler (ContextHandler.java:doStart(781)) - Started o.e.j.s.ServletContextHandler@1bad5ab3{/logs,file:///workdir/hadoop-ozone/integration-test/target/log,AVAILABLE}
2019-08-22 01:57:56,271 [main] INFO  handler.ContextHandler (ContextHandler.java:doStart(781)) - Started o.e.j.s.ServletContextHandler@63513c1c{/static,jar:file:/home/user/.m2/repository/org/apache/hadoop/hadoop-hdds-container-service/0.5.0-SNAPSHOT/hadoop-hdds-container-service-0.5.0-SNAPSHOT.jar!/webapps/static,AVAILABLE}
2019-08-22 01:57:56,300 [main] INFO  handler.ContextHandler (ContextHandler.java:doStart(781)) - Started o.e.j.w.WebAppContext@209ab1d7{/,file:///tmp/jetty-0.0.0.0-35274-hddsDatanode-_-any-6376070766827258846.dir/webapp/,AVAILABLE}{/hddsDatanode}
2019-08-22 01:57:56,301 [main] INFO  server.AbstractConnector (AbstractConnector.java:doStart(278)) - Started ServerConnector@7937f96e{HTTP/1.1,[http/1.1]}{0.0.0.0:35274}
2019-08-22 01:57:56,301 [main] INFO  server.Server (Server.java:doStart(419)) - Started @531968ms
2019-08-22 01:57:56,303 [main] INFO  server.BaseHttpServer (BaseHttpServer.java:updateConnectorAddress(213)) - HTTP server of HDDSDATANODE is listening at http://0.0.0.0:35274
2019-08-22 01:57:56,595 | INFO  | ObjectStoreRestHttpServer | Listening HDDS REST traffic on /0.0.0.0:37516 |  
2019-08-22 01:57:56,595 [main] INFO  ozone.HddsDatanodeService (HddsDatanodeService.java:startPlugins(395)) - Started plug-in org.apache.hadoop.ozone.web.OzoneHddsDatanodeService@296ddfc7
2019-08-22 01:57:56,596 [main] INFO  impl.MetricsSystemImpl (MetricsSystemImpl.java:init(158)) - HddsDatanode metrics system started (again)
2019-08-22 01:57:56,600 [main] INFO  ozone.HddsDatanodeService (HddsDatanodeService.java:start(184)) - HddsDatanodeService host:pr-hdds-1998-jt8wz-3050591487 ip:192.168.34.54
2019-08-22 01:57:56,600 [org.apache.hadoop.util.JvmPauseMonitor$Monitor@5cb676a9] INFO  util.JvmPauseMonitor (JvmPauseMonitor.java:run(188)) - Starting JVM pause monitor
2019-08-22 01:57:56,601 [Datanode State Machine Thread - 0] INFO  datanode.InitDatanodeState (InitDatanodeState.java:persistContainerDatanodeDetails(140)) - DatanodeDetails is persisted to /workdir/hadoop-ozone/integration-test/target/test-dir/MiniOzoneClusterImpl-2261fce3-3b3f-45be-b7bf-e56da5754016/datanode-3/meta/datanode.id
2019-08-22 01:57:56,612 [main] INFO  volume.HddsVolume (HddsVolume.java:<init>(176)) - Creating Volume: /workdir/hadoop-ozone/integration-test/target/test-dir/MiniOzoneClusterImpl-2261fce3-3b3f-45be-b7bf-e56da5754016/datanode-4/data/containers/hdds of  storage type : DISK and capacity : 1482555576320
2019-08-22 01:57:56,612 [main] INFO  volume.VolumeSet (VolumeSet.java:initializeVolumeSet(170)) - Added Volume : /workdir/hadoop-ozone/integration-test/target/test-dir/MiniOzoneClusterImpl-2261fce3-3b3f-45be-b7bf-e56da5754016/datanode-4/data/containers/hdds to VolumeSet
2019-08-22 01:57:56,612 [main] INFO  volume.ThrottledAsyncChecker (ThrottledAsyncChecker.java:schedule(140)) - Scheduling a check for org.apache.hadoop.ozone.container.common.volume.HddsVolume@d35d84a
2019-08-22 01:57:56,613 [main] INFO  volume.HddsVolumeChecker (HddsVolumeChecker.java:checkAllVolumes(203)) - Scheduled health check for volume org.apache.hadoop.ozone.container.common.volume.HddsVolume@d35d84a
2019-08-22 01:57:56,634 [main] INFO  impl.RaftServerProxy (ConfUtils.java:logGet(43)) - raft.rpc.type = GRPC (default)
2019-08-22 01:57:56,634 [main] INFO  grpc.GrpcFactory (GrpcFactory.java:checkPooledByteBufAllocatorUseCacheForAllThreads(45)) - PERFORMANCE WARNING: useCacheForAllThreads is true that may cause Netty to create a lot garbage objects and, as a result, trigger GC.
	It is recommended to disable useCacheForAllThreads by setting -Dorg.apache.ratis.thirdparty.io.netty.allocator.useCacheForAllThreads=false in command line.
2019-08-22 01:57:56,635 [main] INFO  grpc.GrpcConfigKeys$Server (ConfUtils.java:logGet(43)) - raft.grpc.server.port = 0 (default)
2019-08-22 01:57:56,635 [main] INFO  server.GrpcService (ConfUtils.java:logGet(43)) - raft.grpc.message.size.max = 33570816 (custom)
2019-08-22 01:57:56,635 [main] INFO  server.RaftServerConfigKeys (ConfUtils.java:logGet(43)) - raft.server.log.appender.buffer.byte-limit = 33554432 (custom)
2019-08-22 01:57:56,635 [main] INFO  server.GrpcService (ConfUtils.java:logGet(43)) - raft.grpc.flow.control.window = 1MB (=1048576) (default)
2019-08-22 01:57:56,636 [main] INFO  server.RaftServerConfigKeys (ConfUtils.java:logGet(43)) - raft.server.rpc.request.timeout = 3000ms (default)
2019-08-22 01:57:56,636 [main] INFO  server.RaftServerConfigKeys (ConfUtils.java:logGet(43)) - raft.server.storage.dir = [/workdir/hadoop-ozone/integration-test/target/test-dir/MiniOzoneClusterImpl-2261fce3-3b3f-45be-b7bf-e56da5754016/datanode-4/data/ratis] (custom)
2019-08-22 01:57:56,637 [main] INFO  replication.SimpleContainerDownloader (SimpleContainerDownloader.java:<init>(72)) - Starting container downloader service to copy containers to replicate.
2019-08-22 01:57:56,639 [main] INFO  hdfs.DFSUtil (DFSUtil.java:httpServerTemplateForNNAndJN(1641)) - Starting Web-server for hddsDatanode at: http://0.0.0.0:0
2019-08-22 01:57:56,640 [main] INFO  server.AuthenticationFilter (AuthenticationFilter.java:constructSecretProvider(240)) - Unable to initialize FileSignerSecretProvider, falling back to use random secrets.
2019-08-22 01:57:56,641 [main] WARN  http.HttpRequestLog (HttpRequestLog.java:getRequestLog(97)) - Jetty request log can only be enabled using Log4j
2019-08-22 01:57:56,642 [main] INFO  http.HttpServer2 (HttpServer2.java:addGlobalFilter(975)) - Added global filter 'safety' (class=org.apache.hadoop.http.HttpServer2$QuotingInputFilter)
2019-08-22 01:57:56,643 [main] INFO  http.HttpServer2 (HttpServer2.java:addFilter(948)) - Added filter static_user_filter (class=org.apache.hadoop.http.lib.StaticUserWebFilter$StaticUserFilter) to context hddsDatanode
2019-08-22 01:57:56,643 [main] INFO  http.HttpServer2 (HttpServer2.java:addFilter(958)) - Added filter static_user_filter (class=org.apache.hadoop.http.lib.StaticUserWebFilter$StaticUserFilter) to context logs
2019-08-22 01:57:56,643 [main] INFO  http.HttpServer2 (HttpServer2.java:addFilter(958)) - Added filter static_user_filter (class=org.apache.hadoop.http.lib.StaticUserWebFilter$StaticUserFilter) to context static
2019-08-22 01:57:56,644 [main] INFO  http.HttpServer2 (HttpServer2.java:bindListener(1191)) - Jetty bound to port 46724
2019-08-22 01:57:56,644 [main] INFO  server.Server (Server.java:doStart(351)) - jetty-9.3.24.v20180605, build timestamp: 2018-06-05T17:11:56Z, git hash: 84205aa28f11a4f31f2a3b86d1bba2cc8ab69827
2019-08-22 01:57:56,645 [main] INFO  handler.ContextHandler (ContextHandler.java:doStart(781)) - Started o.e.j.s.ServletContextHandler@6dde03ce{/logs,file:///workdir/hadoop-ozone/integration-test/target/log,AVAILABLE}
2019-08-22 01:57:56,646 [main] INFO  handler.ContextHandler (ContextHandler.java:doStart(781)) - Started o.e.j.s.ServletContextHandler@6f647464{/static,jar:file:/home/user/.m2/repository/org/apache/hadoop/hadoop-hdds-container-service/0.5.0-SNAPSHOT/hadoop-hdds-container-service-0.5.0-SNAPSHOT.jar!/webapps/static,AVAILABLE}
2019-08-22 01:57:56,673 [main] INFO  handler.ContextHandler (ContextHandler.java:doStart(781)) - Started o.e.j.w.WebAppContext@2512eaaa{/,file:///tmp/jetty-0.0.0.0-46724-hddsDatanode-_-any-3350348563292127136.dir/webapp/,AVAILABLE}{/hddsDatanode}
2019-08-22 01:57:56,674 [main] INFO  server.AbstractConnector (AbstractConnector.java:doStart(278)) - Started ServerConnector@3435b6d8{HTTP/1.1,[http/1.1]}{0.0.0.0:46724}
2019-08-22 01:57:56,674 [main] INFO  server.Server (Server.java:doStart(419)) - Started @532340ms
2019-08-22 01:57:56,675 [main] INFO  server.BaseHttpServer (BaseHttpServer.java:updateConnectorAddress(213)) - HTTP server of HDDSDATANODE is listening at http://0.0.0.0:46724
2019-08-22 01:57:56,775 | INFO  | ObjectStoreRestHttpServer | Listening HDDS REST traffic on /0.0.0.0:34211 |  
2019-08-22 01:57:56,775 [main] INFO  ozone.HddsDatanodeService (HddsDatanodeService.java:startPlugins(395)) - Started plug-in org.apache.hadoop.ozone.web.OzoneHddsDatanodeService@6c5e6da
2019-08-22 01:57:56,775 [main] INFO  impl.MetricsSystemImpl (MetricsSystemImpl.java:init(158)) - HddsDatanode metrics system started (again)
2019-08-22 01:57:56,778 [main] INFO  ozone.HddsDatanodeService (HddsDatanodeService.java:start(184)) - HddsDatanodeService host:pr-hdds-1998-jt8wz-3050591487 ip:192.168.34.54
2019-08-22 01:57:56,779 [org.apache.hadoop.util.JvmPauseMonitor$Monitor@711ceac] INFO  util.JvmPauseMonitor (JvmPauseMonitor.java:run(188)) - Starting JVM pause monitor
2019-08-22 01:57:56,780 [Datanode State Machine Thread - 0] INFO  datanode.InitDatanodeState (InitDatanodeState.java:persistContainerDatanodeDetails(140)) - DatanodeDetails is persisted to /workdir/hadoop-ozone/integration-test/target/test-dir/MiniOzoneClusterImpl-2261fce3-3b3f-45be-b7bf-e56da5754016/datanode-4/meta/datanode.id
2019-08-22 01:57:56,790 [main] INFO  volume.HddsVolume (HddsVolume.java:<init>(176)) - Creating Volume: /workdir/hadoop-ozone/integration-test/target/test-dir/MiniOzoneClusterImpl-2261fce3-3b3f-45be-b7bf-e56da5754016/datanode-5/data/containers/hdds of  storage type : DISK and capacity : 1482555576320
2019-08-22 01:57:56,790 [main] INFO  volume.VolumeSet (VolumeSet.java:initializeVolumeSet(170)) - Added Volume : /workdir/hadoop-ozone/integration-test/target/test-dir/MiniOzoneClusterImpl-2261fce3-3b3f-45be-b7bf-e56da5754016/datanode-5/data/containers/hdds to VolumeSet
2019-08-22 01:57:56,791 [main] INFO  volume.ThrottledAsyncChecker (ThrottledAsyncChecker.java:schedule(140)) - Scheduling a check for org.apache.hadoop.ozone.container.common.volume.HddsVolume@5fc44b4b
2019-08-22 01:57:56,791 [main] INFO  volume.HddsVolumeChecker (HddsVolumeChecker.java:checkAllVolumes(203)) - Scheduled health check for volume org.apache.hadoop.ozone.container.common.volume.HddsVolume@5fc44b4b
2019-08-22 01:57:56,810 [main] INFO  impl.RaftServerProxy (ConfUtils.java:logGet(43)) - raft.rpc.type = GRPC (default)
2019-08-22 01:57:56,810 [main] INFO  grpc.GrpcFactory (GrpcFactory.java:checkPooledByteBufAllocatorUseCacheForAllThreads(45)) - PERFORMANCE WARNING: useCacheForAllThreads is true that may cause Netty to create a lot garbage objects and, as a result, trigger GC.
	It is recommended to disable useCacheForAllThreads by setting -Dorg.apache.ratis.thirdparty.io.netty.allocator.useCacheForAllThreads=false in command line.
2019-08-22 01:57:56,810 [main] INFO  grpc.GrpcConfigKeys$Server (ConfUtils.java:logGet(43)) - raft.grpc.server.port = 0 (default)
2019-08-22 01:57:56,811 [main] INFO  server.GrpcService (ConfUtils.java:logGet(43)) - raft.grpc.message.size.max = 33570816 (custom)
2019-08-22 01:57:56,811 [main] INFO  server.RaftServerConfigKeys (ConfUtils.java:logGet(43)) - raft.server.log.appender.buffer.byte-limit = 33554432 (custom)
2019-08-22 01:57:56,811 [main] INFO  server.GrpcService (ConfUtils.java:logGet(43)) - raft.grpc.flow.control.window = 1MB (=1048576) (default)
2019-08-22 01:57:56,812 [main] INFO  server.RaftServerConfigKeys (ConfUtils.java:logGet(43)) - raft.server.rpc.request.timeout = 3000ms (default)
2019-08-22 01:57:56,812 [main] INFO  server.RaftServerConfigKeys (ConfUtils.java:logGet(43)) - raft.server.storage.dir = [/workdir/hadoop-ozone/integration-test/target/test-dir/MiniOzoneClusterImpl-2261fce3-3b3f-45be-b7bf-e56da5754016/datanode-5/data/ratis] (custom)
2019-08-22 01:57:56,813 [main] INFO  replication.SimpleContainerDownloader (SimpleContainerDownloader.java:<init>(72)) - Starting container downloader service to copy containers to replicate.
2019-08-22 01:57:56,814 [main] INFO  hdfs.DFSUtil (DFSUtil.java:httpServerTemplateForNNAndJN(1641)) - Starting Web-server for hddsDatanode at: http://0.0.0.0:0
2019-08-22 01:57:56,816 [main] INFO  server.AuthenticationFilter (AuthenticationFilter.java:constructSecretProvider(240)) - Unable to initialize FileSignerSecretProvider, falling back to use random secrets.
2019-08-22 01:57:56,816 [main] WARN  http.HttpRequestLog (HttpRequestLog.java:getRequestLog(97)) - Jetty request log can only be enabled using Log4j
2019-08-22 01:57:56,817 [main] INFO  http.HttpServer2 (HttpServer2.java:addGlobalFilter(975)) - Added global filter 'safety' (class=org.apache.hadoop.http.HttpServer2$QuotingInputFilter)
2019-08-22 01:57:56,818 [main] INFO  http.HttpServer2 (HttpServer2.java:addFilter(948)) - Added filter static_user_filter (class=org.apache.hadoop.http.lib.StaticUserWebFilter$StaticUserFilter) to context hddsDatanode
2019-08-22 01:57:56,818 [main] INFO  http.HttpServer2 (HttpServer2.java:addFilter(958)) - Added filter static_user_filter (class=org.apache.hadoop.http.lib.StaticUserWebFilter$StaticUserFilter) to context logs
2019-08-22 01:57:56,818 [main] INFO  http.HttpServer2 (HttpServer2.java:addFilter(958)) - Added filter static_user_filter (class=org.apache.hadoop.http.lib.StaticUserWebFilter$StaticUserFilter) to context static
2019-08-22 01:57:56,818 [main] INFO  http.HttpServer2 (HttpServer2.java:bindListener(1191)) - Jetty bound to port 38713
2019-08-22 01:57:56,819 [main] INFO  server.Server (Server.java:doStart(351)) - jetty-9.3.24.v20180605, build timestamp: 2018-06-05T17:11:56Z, git hash: 84205aa28f11a4f31f2a3b86d1bba2cc8ab69827
2019-08-22 01:57:56,820 [main] INFO  handler.ContextHandler (ContextHandler.java:doStart(781)) - Started o.e.j.s.ServletContextHandler@4f1a4d61{/logs,file:///workdir/hadoop-ozone/integration-test/target/log,AVAILABLE}
2019-08-22 01:57:56,821 [main] INFO  handler.ContextHandler (ContextHandler.java:doStart(781)) - Started o.e.j.s.ServletContextHandler@7f1581bb{/static,jar:file:/home/user/.m2/repository/org/apache/hadoop/hadoop-hdds-container-service/0.5.0-SNAPSHOT/hadoop-hdds-container-service-0.5.0-SNAPSHOT.jar!/webapps/static,AVAILABLE}
2019-08-22 01:57:56,848 [main] INFO  handler.ContextHandler (ContextHandler.java:doStart(781)) - Started o.e.j.w.WebAppContext@3bd552f7{/,file:///tmp/jetty-0.0.0.0-38713-hddsDatanode-_-any-1560493309280865044.dir/webapp/,AVAILABLE}{/hddsDatanode}
2019-08-22 01:57:56,849 [main] INFO  server.AbstractConnector (AbstractConnector.java:doStart(278)) - Started ServerConnector@ba4c99c{HTTP/1.1,[http/1.1]}{0.0.0.0:38713}
2019-08-22 01:57:56,849 [main] INFO  server.Server (Server.java:doStart(419)) - Started @532515ms
2019-08-22 01:57:56,851 [main] INFO  server.BaseHttpServer (BaseHttpServer.java:updateConnectorAddress(213)) - HTTP server of HDDSDATANODE is listening at http://0.0.0.0:38713
2019-08-22 01:57:56,958 | INFO  | ObjectStoreRestHttpServer | Listening HDDS REST traffic on /0.0.0.0:39554 |  
2019-08-22 01:57:56,958 [main] INFO  ozone.HddsDatanodeService (HddsDatanodeService.java:startPlugins(395)) - Started plug-in org.apache.hadoop.ozone.web.OzoneHddsDatanodeService@d436e51
2019-08-22 01:57:56,958 [main] INFO  impl.MetricsSystemImpl (MetricsSystemImpl.java:init(158)) - HddsDatanode metrics system started (again)
2019-08-22 01:57:56,962 [main] INFO  ozone.HddsDatanodeService (HddsDatanodeService.java:start(184)) - HddsDatanodeService host:pr-hdds-1998-jt8wz-3050591487 ip:192.168.34.54
2019-08-22 01:57:56,962 [org.apache.hadoop.util.JvmPauseMonitor$Monitor@41fc160f] INFO  util.JvmPauseMonitor (JvmPauseMonitor.java:run(188)) - Starting JVM pause monitor
2019-08-22 01:57:56,963 [Datanode State Machine Thread - 0] INFO  datanode.InitDatanodeState (InitDatanodeState.java:persistContainerDatanodeDetails(140)) - DatanodeDetails is persisted to /workdir/hadoop-ozone/integration-test/target/test-dir/MiniOzoneClusterImpl-2261fce3-3b3f-45be-b7bf-e56da5754016/datanode-5/meta/datanode.id
2019-08-22 01:57:56,972 [main] INFO  volume.HddsVolume (HddsVolume.java:<init>(176)) - Creating Volume: /workdir/hadoop-ozone/integration-test/target/test-dir/MiniOzoneClusterImpl-2261fce3-3b3f-45be-b7bf-e56da5754016/datanode-6/data/containers/hdds of  storage type : DISK and capacity : 1482555576320
2019-08-22 01:57:56,972 [main] INFO  volume.VolumeSet (VolumeSet.java:initializeVolumeSet(170)) - Added Volume : /workdir/hadoop-ozone/integration-test/target/test-dir/MiniOzoneClusterImpl-2261fce3-3b3f-45be-b7bf-e56da5754016/datanode-6/data/containers/hdds to VolumeSet
2019-08-22 01:57:56,972 [main] INFO  volume.ThrottledAsyncChecker (ThrottledAsyncChecker.java:schedule(140)) - Scheduling a check for org.apache.hadoop.ozone.container.common.volume.HddsVolume@65c97eeb
2019-08-22 01:57:56,973 [main] INFO  volume.HddsVolumeChecker (HddsVolumeChecker.java:checkAllVolumes(203)) - Scheduled health check for volume org.apache.hadoop.ozone.container.common.volume.HddsVolume@65c97eeb
2019-08-22 01:57:56,986 [main] INFO  impl.RaftServerProxy (ConfUtils.java:logGet(43)) - raft.rpc.type = GRPC (default)
2019-08-22 01:57:56,986 [main] INFO  grpc.GrpcFactory (GrpcFactory.java:checkPooledByteBufAllocatorUseCacheForAllThreads(45)) - PERFORMANCE WARNING: useCacheForAllThreads is true that may cause Netty to create a lot garbage objects and, as a result, trigger GC.
	It is recommended to disable useCacheForAllThreads by setting -Dorg.apache.ratis.thirdparty.io.netty.allocator.useCacheForAllThreads=false in command line.
2019-08-22 01:57:56,987 [main] INFO  grpc.GrpcConfigKeys$Server (ConfUtils.java:logGet(43)) - raft.grpc.server.port = 0 (default)
2019-08-22 01:57:56,987 [main] INFO  server.GrpcService (ConfUtils.java:logGet(43)) - raft.grpc.message.size.max = 33570816 (custom)
2019-08-22 01:57:56,987 [main] INFO  server.RaftServerConfigKeys (ConfUtils.java:logGet(43)) - raft.server.log.appender.buffer.byte-limit = 33554432 (custom)
2019-08-22 01:57:56,987 [main] INFO  server.GrpcService (ConfUtils.java:logGet(43)) - raft.grpc.flow.control.window = 1MB (=1048576) (default)
2019-08-22 01:57:56,987 [main] INFO  server.RaftServerConfigKeys (ConfUtils.java:logGet(43)) - raft.server.rpc.request.timeout = 3000ms (default)
2019-08-22 01:57:56,988 [main] INFO  server.RaftServerConfigKeys (ConfUtils.java:logGet(43)) - raft.server.storage.dir = [/workdir/hadoop-ozone/integration-test/target/test-dir/MiniOzoneClusterImpl-2261fce3-3b3f-45be-b7bf-e56da5754016/datanode-6/data/ratis] (custom)
2019-08-22 01:57:56,988 [main] INFO  replication.SimpleContainerDownloader (SimpleContainerDownloader.java:<init>(72)) - Starting container downloader service to copy containers to replicate.
2019-08-22 01:57:56,989 [main] INFO  hdfs.DFSUtil (DFSUtil.java:httpServerTemplateForNNAndJN(1641)) - Starting Web-server for hddsDatanode at: http://0.0.0.0:0
2019-08-22 01:57:56,990 [main] INFO  server.AuthenticationFilter (AuthenticationFilter.java:constructSecretProvider(240)) - Unable to initialize FileSignerSecretProvider, falling back to use random secrets.
2019-08-22 01:57:56,991 [main] WARN  http.HttpRequestLog (HttpRequestLog.java:getRequestLog(97)) - Jetty request log can only be enabled using Log4j
2019-08-22 01:57:56,992 [main] INFO  http.HttpServer2 (HttpServer2.java:addGlobalFilter(975)) - Added global filter 'safety' (class=org.apache.hadoop.http.HttpServer2$QuotingInputFilter)
2019-08-22 01:57:56,992 [main] INFO  http.HttpServer2 (HttpServer2.java:addFilter(948)) - Added filter static_user_filter (class=org.apache.hadoop.http.lib.StaticUserWebFilter$StaticUserFilter) to context hddsDatanode
2019-08-22 01:57:56,993 [main] INFO  http.HttpServer2 (HttpServer2.java:addFilter(958)) - Added filter static_user_filter (class=org.apache.hadoop.http.lib.StaticUserWebFilter$StaticUserFilter) to context logs
2019-08-22 01:57:56,993 [main] INFO  http.HttpServer2 (HttpServer2.java:addFilter(958)) - Added filter static_user_filter (class=org.apache.hadoop.http.lib.StaticUserWebFilter$StaticUserFilter) to context static
2019-08-22 01:57:56,993 [main] INFO  http.HttpServer2 (HttpServer2.java:bindListener(1191)) - Jetty bound to port 40473
2019-08-22 01:57:56,993 [main] INFO  server.Server (Server.java:doStart(351)) - jetty-9.3.24.v20180605, build timestamp: 2018-06-05T17:11:56Z, git hash: 84205aa28f11a4f31f2a3b86d1bba2cc8ab69827
2019-08-22 01:57:56,995 [main] INFO  handler.ContextHandler (ContextHandler.java:doStart(781)) - Started o.e.j.s.ServletContextHandler@cc41d2d{/logs,file:///workdir/hadoop-ozone/integration-test/target/log,AVAILABLE}
2019-08-22 01:57:56,995 [main] INFO  handler.ContextHandler (ContextHandler.java:doStart(781)) - Started o.e.j.s.ServletContextHandler@504ccf42{/static,jar:file:/home/user/.m2/repository/org/apache/hadoop/hadoop-hdds-container-service/0.5.0-SNAPSHOT/hadoop-hdds-container-service-0.5.0-SNAPSHOT.jar!/webapps/static,AVAILABLE}
2019-08-22 01:57:57,022 [main] INFO  handler.ContextHandler (ContextHandler.java:doStart(781)) - Started o.e.j.w.WebAppContext@372153eb{/,file:///tmp/jetty-0.0.0.0-40473-hddsDatanode-_-any-9175886677097271182.dir/webapp/,AVAILABLE}{/hddsDatanode}
2019-08-22 01:57:57,022 [main] INFO  server.AbstractConnector (AbstractConnector.java:doStart(278)) - Started ServerConnector@42e20500{HTTP/1.1,[http/1.1]}{0.0.0.0:40473}
2019-08-22 01:57:57,023 [main] INFO  server.Server (Server.java:doStart(419)) - Started @532689ms
2019-08-22 01:57:57,029 [main] INFO  server.BaseHttpServer (BaseHttpServer.java:updateConnectorAddress(213)) - HTTP server of HDDSDATANODE is listening at http://0.0.0.0:40473
2019-08-22 01:57:57,133 | INFO  | ObjectStoreRestHttpServer | Listening HDDS REST traffic on /0.0.0.0:44644 |  
2019-08-22 01:57:57,133 [main] INFO  ozone.HddsDatanodeService (HddsDatanodeService.java:startPlugins(395)) - Started plug-in org.apache.hadoop.ozone.web.OzoneHddsDatanodeService@3d577add
2019-08-22 01:57:57,134 [main] INFO  ozone.MiniOzoneClusterImpl (MiniOzoneClusterImpl.java:lambda$waitForClusterToBeReady$0(142)) - Waiting for cluster to be ready. Got 0 of 7 DN Heartbeats.
2019-08-22 01:57:57,135 [org.apache.hadoop.util.JvmPauseMonitor$Monitor@69d14ba8] INFO  util.JvmPauseMonitor (JvmPauseMonitor.java:run(188)) - Starting JVM pause monitor
2019-08-22 01:57:57,136 [Datanode State Machine Thread - 0] INFO  datanode.InitDatanodeState (InitDatanodeState.java:persistContainerDatanodeDetails(140)) - DatanodeDetails is persisted to /workdir/hadoop-ozone/integration-test/target/test-dir/MiniOzoneClusterImpl-2261fce3-3b3f-45be-b7bf-e56da5754016/datanode-6/meta/datanode.id
2019-08-22 01:57:57,907 | INFO  | SCMAudit | user=jenkins1000 | ip=192.168.34.54 | op=GET_VERSION null | ret=SUCCESS |  
2019-08-22 01:57:57,932 [Datanode State Machine Thread - 0] INFO  ozoneimpl.OzoneContainer (OzoneContainer.java:start(186)) - Attempting to start container services.
2019-08-22 01:57:57,932 [Datanode State Machine Thread - 0] INFO  ozoneimpl.OzoneContainer (OzoneContainer.java:startContainerScrub(160)) - Background container scrubber has been disabled by hdds.containerscrub.enabled
2019-08-22 01:57:57,932 [Datanode State Machine Thread - 0] INFO  ratis.XceiverServerRatis (XceiverServerRatis.java:start(404)) - Starting XceiverServerRatis e7db1c3f-e23d-40ca-a1db-3f81dcb93f9b at port 0
2019-08-22 01:57:57,939 [Datanode State Machine Thread - 0] INFO  impl.RaftServerProxy (RaftServerProxy.java:lambda$start$3(299)) - e7db1c3f-e23d-40ca-a1db-3f81dcb93f9b: start RPC server
2019-08-22 01:57:57,940 [Datanode State Machine Thread - 0] INFO  server.GrpcService (GrpcService.java:startImpl(149)) - e7db1c3f-e23d-40ca-a1db-3f81dcb93f9b: GrpcService started, listening on 0.0.0.0/0.0.0.0:44594
2019-08-22 01:57:57,940 [Datanode State Machine Thread - 0] INFO  ratis.XceiverServerRatis (XceiverServerRatis.java:start(414)) - XceiverServerRatis e7db1c3f-e23d-40ca-a1db-3f81dcb93f9b is started using port 44594
2019-08-22 01:57:57,941 [Datanode State Machine Thread - 0] INFO  server.XceiverServerGrpc (XceiverServerGrpc.java:start(161)) - XceiverServerGrpc e7db1c3f-e23d-40ca-a1db-3f81dcb93f9b is started using port 43330
2019-08-22 01:57:58,066 | INFO  | SCMAudit | user=jenkins1000 | ip=192.168.34.54 | op=GET_VERSION null | ret=SUCCESS |  
2019-08-22 01:57:58,080 [Datanode State Machine Thread - 0] INFO  ozoneimpl.OzoneContainer (OzoneContainer.java:start(186)) - Attempting to start container services.
2019-08-22 01:57:58,080 [Datanode State Machine Thread - 0] INFO  ozoneimpl.OzoneContainer (OzoneContainer.java:startContainerScrub(160)) - Background container scrubber has been disabled by hdds.containerscrub.enabled
2019-08-22 01:57:58,080 [Datanode State Machine Thread - 0] INFO  ratis.XceiverServerRatis (XceiverServerRatis.java:start(404)) - Starting XceiverServerRatis a4945655-5ae5-4fb0-807f-bf09391df8f9 at port 0
2019-08-22 01:57:58,087 [Datanode State Machine Thread - 0] INFO  impl.RaftServerProxy (RaftServerProxy.java:lambda$start$3(299)) - a4945655-5ae5-4fb0-807f-bf09391df8f9: start RPC server
2019-08-22 01:57:58,090 [Datanode State Machine Thread - 0] INFO  server.GrpcService (GrpcService.java:startImpl(149)) - a4945655-5ae5-4fb0-807f-bf09391df8f9: GrpcService started, listening on 0.0.0.0/0.0.0.0:40661
2019-08-22 01:57:58,091 [Datanode State Machine Thread - 0] INFO  ratis.XceiverServerRatis (XceiverServerRatis.java:start(414)) - XceiverServerRatis a4945655-5ae5-4fb0-807f-bf09391df8f9 is started using port 40661
2019-08-22 01:57:58,091 [Datanode State Machine Thread - 0] INFO  server.XceiverServerGrpc (XceiverServerGrpc.java:start(161)) - XceiverServerGrpc a4945655-5ae5-4fb0-807f-bf09391df8f9 is started using port 34228
2019-08-22 01:57:58,134 [main] INFO  ozone.MiniOzoneClusterImpl (MiniOzoneClusterImpl.java:lambda$waitForClusterToBeReady$0(142)) - Waiting for cluster to be ready. Got 0 of 7 DN Heartbeats.
2019-08-22 01:57:58,237 | INFO  | SCMAudit | user=jenkins1000 | ip=192.168.34.54 | op=GET_VERSION null | ret=SUCCESS |  
2019-08-22 01:57:58,254 [Datanode State Machine Thread - 0] INFO  ozoneimpl.OzoneContainer (OzoneContainer.java:start(186)) - Attempting to start container services.
2019-08-22 01:57:58,254 [Datanode State Machine Thread - 0] INFO  ozoneimpl.OzoneContainer (OzoneContainer.java:startContainerScrub(160)) - Background container scrubber has been disabled by hdds.containerscrub.enabled
2019-08-22 01:57:58,255 [Datanode State Machine Thread - 0] INFO  ratis.XceiverServerRatis (XceiverServerRatis.java:start(404)) - Starting XceiverServerRatis 489c3654-cc5c-4faf-8cd1-81b3f3c2ce9e at port 0
2019-08-22 01:57:58,261 [Datanode State Machine Thread - 0] INFO  impl.RaftServerProxy (RaftServerProxy.java:lambda$start$3(299)) - 489c3654-cc5c-4faf-8cd1-81b3f3c2ce9e: start RPC server
2019-08-22 01:57:58,262 [Datanode State Machine Thread - 0] INFO  server.GrpcService (GrpcService.java:startImpl(149)) - 489c3654-cc5c-4faf-8cd1-81b3f3c2ce9e: GrpcService started, listening on 0.0.0.0/0.0.0.0:38884
2019-08-22 01:57:58,263 [Datanode State Machine Thread - 0] INFO  ratis.XceiverServerRatis (XceiverServerRatis.java:start(414)) - XceiverServerRatis 489c3654-cc5c-4faf-8cd1-81b3f3c2ce9e is started using port 38884
2019-08-22 01:57:58,263 [Datanode State Machine Thread - 0] INFO  server.XceiverServerGrpc (XceiverServerGrpc.java:start(161)) - XceiverServerGrpc 489c3654-cc5c-4faf-8cd1-81b3f3c2ce9e is started using port 34124
2019-08-22 01:57:58,601 | INFO  | SCMAudit | user=jenkins1000 | ip=192.168.34.54 | op=GET_VERSION null | ret=SUCCESS |  
2019-08-22 01:57:58,627 [Datanode State Machine Thread - 0] INFO  ozoneimpl.OzoneContainer (OzoneContainer.java:start(186)) - Attempting to start container services.
2019-08-22 01:57:58,627 [Datanode State Machine Thread - 0] INFO  ozoneimpl.OzoneContainer (OzoneContainer.java:startContainerScrub(160)) - Background container scrubber has been disabled by hdds.containerscrub.enabled
2019-08-22 01:57:58,627 [Datanode State Machine Thread - 0] INFO  ratis.XceiverServerRatis (XceiverServerRatis.java:start(404)) - Starting XceiverServerRatis f058baaf-af82-4783-b3d7-382a54c54b25 at port 0
2019-08-22 01:57:58,634 [Datanode State Machine Thread - 0] INFO  impl.RaftServerProxy (RaftServerProxy.java:lambda$start$3(299)) - f058baaf-af82-4783-b3d7-382a54c54b25: start RPC server
2019-08-22 01:57:58,635 [Datanode State Machine Thread - 0] INFO  server.GrpcService (GrpcService.java:startImpl(149)) - f058baaf-af82-4783-b3d7-382a54c54b25: GrpcService started, listening on 0.0.0.0/0.0.0.0:38684
2019-08-22 01:57:58,635 [Datanode State Machine Thread - 0] INFO  ratis.XceiverServerRatis (XceiverServerRatis.java:start(414)) - XceiverServerRatis f058baaf-af82-4783-b3d7-382a54c54b25 is started using port 38684
2019-08-22 01:57:58,636 [Datanode State Machine Thread - 0] INFO  server.XceiverServerGrpc (XceiverServerGrpc.java:start(161)) - XceiverServerGrpc f058baaf-af82-4783-b3d7-382a54c54b25 is started using port 38228
2019-08-22 01:57:58,779 | INFO  | SCMAudit | user=jenkins1000 | ip=192.168.34.54 | op=GET_VERSION null | ret=SUCCESS |  
2019-08-22 01:57:58,793 [Datanode State Machine Thread - 0] INFO  ozoneimpl.OzoneContainer (OzoneContainer.java:start(186)) - Attempting to start container services.
2019-08-22 01:57:58,793 [Datanode State Machine Thread - 0] INFO  ozoneimpl.OzoneContainer (OzoneContainer.java:startContainerScrub(160)) - Background container scrubber has been disabled by hdds.containerscrub.enabled
2019-08-22 01:57:58,793 [Datanode State Machine Thread - 0] INFO  ratis.XceiverServerRatis (XceiverServerRatis.java:start(404)) - Starting XceiverServerRatis c9473f95-2b72-4ec6-839c-23a2efec0cdd at port 0
2019-08-22 01:57:58,800 [Datanode State Machine Thread - 0] INFO  impl.RaftServerProxy (RaftServerProxy.java:lambda$start$3(299)) - c9473f95-2b72-4ec6-839c-23a2efec0cdd: start RPC server
2019-08-22 01:57:58,801 [Datanode State Machine Thread - 0] INFO  server.GrpcService (GrpcService.java:startImpl(149)) - c9473f95-2b72-4ec6-839c-23a2efec0cdd: GrpcService started, listening on 0.0.0.0/0.0.0.0:36137
2019-08-22 01:57:58,802 [Datanode State Machine Thread - 0] INFO  ratis.XceiverServerRatis (XceiverServerRatis.java:start(414)) - XceiverServerRatis c9473f95-2b72-4ec6-839c-23a2efec0cdd is started using port 36137
2019-08-22 01:57:58,802 [Datanode State Machine Thread - 0] INFO  server.XceiverServerGrpc (XceiverServerGrpc.java:start(161)) - XceiverServerGrpc c9473f95-2b72-4ec6-839c-23a2efec0cdd is started using port 36354
2019-08-22 01:57:58,962 | INFO  | SCMAudit | user=jenkins1000 | ip=192.168.34.54 | op=GET_VERSION null | ret=SUCCESS |  
2019-08-22 01:57:58,984 [Datanode State Machine Thread - 0] INFO  ozoneimpl.OzoneContainer (OzoneContainer.java:start(186)) - Attempting to start container services.
2019-08-22 01:57:58,984 [Datanode State Machine Thread - 0] INFO  ozoneimpl.OzoneContainer (OzoneContainer.java:startContainerScrub(160)) - Background container scrubber has been disabled by hdds.containerscrub.enabled
2019-08-22 01:57:58,984 [Datanode State Machine Thread - 0] INFO  ratis.XceiverServerRatis (XceiverServerRatis.java:start(404)) - Starting XceiverServerRatis fcccdfbe-c34f-4324-a92c-8940ffc9076a at port 0
2019-08-22 01:57:58,989 [Datanode State Machine Thread - 0] INFO  impl.RaftServerProxy (RaftServerProxy.java:lambda$start$3(299)) - fcccdfbe-c34f-4324-a92c-8940ffc9076a: start RPC server
2019-08-22 01:57:58,990 [Datanode State Machine Thread - 0] INFO  server.GrpcService (GrpcService.java:startImpl(149)) - fcccdfbe-c34f-4324-a92c-8940ffc9076a: GrpcService started, listening on 0.0.0.0/0.0.0.0:44996
2019-08-22 01:57:58,990 [Datanode State Machine Thread - 0] INFO  ratis.XceiverServerRatis (XceiverServerRatis.java:start(414)) - XceiverServerRatis fcccdfbe-c34f-4324-a92c-8940ffc9076a is started using port 44996
2019-08-22 01:57:58,999 [Datanode State Machine Thread - 0] INFO  server.XceiverServerGrpc (XceiverServerGrpc.java:start(161)) - XceiverServerGrpc fcccdfbe-c34f-4324-a92c-8940ffc9076a is started using port 44427
2019-08-22 01:57:59,135 [main] INFO  ozone.MiniOzoneClusterImpl (MiniOzoneClusterImpl.java:lambda$waitForClusterToBeReady$0(142)) - Waiting for cluster to be ready. Got 0 of 7 DN Heartbeats.
2019-08-22 01:57:59,135 | INFO  | SCMAudit | user=jenkins1000 | ip=192.168.34.54 | op=GET_VERSION null | ret=SUCCESS |  
2019-08-22 01:57:59,165 [Datanode State Machine Thread - 0] INFO  ozoneimpl.OzoneContainer (OzoneContainer.java:start(186)) - Attempting to start container services.
2019-08-22 01:57:59,165 [Datanode State Machine Thread - 0] INFO  ozoneimpl.OzoneContainer (OzoneContainer.java:startContainerScrub(160)) - Background container scrubber has been disabled by hdds.containerscrub.enabled
2019-08-22 01:57:59,166 [Datanode State Machine Thread - 0] INFO  ratis.XceiverServerRatis (XceiverServerRatis.java:start(404)) - Starting XceiverServerRatis 625bdeda-2dd3-41ed-bca6-2cf8ccbfa1a7 at port 0
2019-08-22 01:57:59,172 [Datanode State Machine Thread - 0] INFO  impl.RaftServerProxy (RaftServerProxy.java:lambda$start$3(299)) - 625bdeda-2dd3-41ed-bca6-2cf8ccbfa1a7: start RPC server
2019-08-22 01:57:59,173 [Datanode State Machine Thread - 0] INFO  server.GrpcService (GrpcService.java:startImpl(149)) - 625bdeda-2dd3-41ed-bca6-2cf8ccbfa1a7: GrpcService started, listening on 0.0.0.0/0.0.0.0:39183
2019-08-22 01:57:59,173 [Datanode State Machine Thread - 0] INFO  ratis.XceiverServerRatis (XceiverServerRatis.java:start(414)) - XceiverServerRatis 625bdeda-2dd3-41ed-bca6-2cf8ccbfa1a7 is started using port 39183
2019-08-22 01:57:59,174 [Datanode State Machine Thread - 0] INFO  server.XceiverServerGrpc (XceiverServerGrpc.java:start(161)) - XceiverServerGrpc 625bdeda-2dd3-41ed-bca6-2cf8ccbfa1a7 is started using port 45862
2019-08-22 01:57:59,906 [IPC Server handler 4 on 41501] INFO  net.NetworkTopology (NetworkTopologyImpl.java:add(110)) - Added a new node: /default-rack/e7db1c3f-e23d-40ca-a1db-3f81dcb93f9b
2019-08-22 01:57:59,907 [IPC Server handler 4 on 41501] INFO  node.SCMNodeManager (SCMNodeManager.java:register(273)) - Registered Data node : e7db1c3f-e23d-40ca-a1db-3f81dcb93f9b{ip: 192.168.34.54, host: pr-hdds-1998-jt8wz-3050591487, networkLocation: /default-rack, certSerialId: null}
2019-08-22 01:57:59,908 [EventQueue-NodeRegistrationContainerReportForDataNodeSafeModeRule] INFO  safemode.SCMSafeModeManager (DataNodeSafeModeRule.java:process(71)) - SCM in safe mode. 1 DataNodes registered, 1 required.
2019-08-22 01:57:59,908 | INFO  | SCMAudit | user=jenkins1000 | ip=192.168.34.54 | op=REGISTER {datanodeDetails=e7db1c3f-e23d-40ca-a1db-3f81dcb93f9b{ip: 192.168.34.54, host: pr-hdds-1998-jt8wz-3050591487, networkLocation: /default-rack, certSerialId: null}} | ret=SUCCESS |  
2019-08-22 01:57:59,910 [EventQueue-NodeRegistrationContainerReportForDataNodeSafeModeRule] INFO  safemode.SCMSafeModeManager (SCMSafeModeManager.java:validateSafeModeExitRules(177)) - ScmSafeModeManager, all rules are successfully validated
2019-08-22 01:57:59,910 [EventQueue-NodeRegistrationContainerReportForDataNodeSafeModeRule] INFO  safemode.SCMSafeModeManager (SCMSafeModeManager.java:exitSafeMode(193)) - SCM exiting safe mode.
2019-08-22 01:57:59,928 [grpc-default-executor-6] INFO  impl.RaftServerProxy (RaftServerProxy.java:addNew(89)) - e7db1c3f-e23d-40ca-a1db-3f81dcb93f9b: addNew group-B25C0C181BBC:[e7db1c3f-e23d-40ca-a1db-3f81dcb93f9b:192.168.34.54:44594] returns group-B25C0C181BBC:java.util.concurrent.CompletableFuture@6bc672dc[Not completed]
2019-08-22 01:57:59,929 [pool-439-thread-1] INFO  impl.RaftServerImpl (RaftServerImpl.java:<init>(93)) - e7db1c3f-e23d-40ca-a1db-3f81dcb93f9b: new RaftServerImpl for group-B25C0C181BBC:[e7db1c3f-e23d-40ca-a1db-3f81dcb93f9b:192.168.34.54:44594] with ContainerStateMachine:uninitialized
2019-08-22 01:57:59,929 [pool-439-thread-1] INFO  server.RaftServerConfigKeys (ConfUtils.java:logGet(43)) - raft.server.rpc.timeout.min = 5s (custom)
2019-08-22 01:57:59,929 [pool-439-thread-1] INFO  server.RaftServerConfigKeys (ConfUtils.java:logGet(43)) - raft.server.rpc.timeout.max = 5200ms (custom)
2019-08-22 01:57:59,929 [pool-439-thread-1] INFO  server.RaftServerConfigKeys (ConfUtils.java:logGet(43)) - raft.server.rpcslowness.timeout = 120s (custom)
2019-08-22 01:57:59,929 [pool-439-thread-1] INFO  server.RaftServerConfigKeys (ConfUtils.java:logGet(43)) - raft.server.sleep.deviation.threshold = 300 (default)
2019-08-22 01:57:59,929 [pool-439-thread-1] INFO  server.RaftServerConfigKeys (ConfUtils.java:logGet(43)) - raft.server.log.appender.install.snapshot.enabled = false (custom)
2019-08-22 01:57:59,930 [pool-439-thread-1] INFO  impl.RaftServerImpl (ServerState.java:<init>(105)) - e7db1c3f-e23d-40ca-a1db-3f81dcb93f9b:group-B25C0C181BBC ConfigurationManager, init=-1: [e7db1c3f-e23d-40ca-a1db-3f81dcb93f9b:192.168.34.54:44594], old=null, confs=<EMPTY_MAP>
2019-08-22 01:57:59,930 [pool-439-thread-1] INFO  server.RaftServerConfigKeys (ConfUtils.java:logGet(43)) - raft.server.storage.dir = [/workdir/hadoop-ozone/integration-test/target/test-dir/MiniOzoneClusterImpl-2261fce3-3b3f-45be-b7bf-e56da5754016/datanode-0/data/ratis] (custom)
2019-08-22 01:57:59,930 [pool-439-thread-1] INFO  storage.RaftStorageDirectory (RaftStorageDirectory.java:analyzeStorage(246)) - The storage directory /workdir/hadoop-ozone/integration-test/target/test-dir/MiniOzoneClusterImpl-2261fce3-3b3f-45be-b7bf-e56da5754016/datanode-0/data/ratis/4638b303-76da-469a-98d2-b25c0c181bbc does not exist. Creating ...
2019-08-22 01:57:59,943 [pool-439-thread-1] INFO  storage.RaftStorageDirectory (RaftStorageDirectory.java:tryLock(328)) - Lock on /workdir/hadoop-ozone/integration-test/target/test-dir/MiniOzoneClusterImpl-2261fce3-3b3f-45be-b7bf-e56da5754016/datanode-0/data/ratis/4638b303-76da-469a-98d2-b25c0c181bbc/in_use.lock acquired by nodename 12097@pr-hdds-1998-jt8wz-3050591487
2019-08-22 01:57:59,957 [pool-439-thread-1] INFO  storage.RaftStorage (RaftStorage.java:format(72)) - Storage directory /workdir/hadoop-ozone/integration-test/target/test-dir/MiniOzoneClusterImpl-2261fce3-3b3f-45be-b7bf-e56da5754016/datanode-0/data/ratis/4638b303-76da-469a-98d2-b25c0c181bbc has been successfully formatted.
2019-08-22 01:57:59,958 [pool-439-thread-1] INFO  ratis.ContainerStateMachine (ContainerStateMachine.java:loadSnapshot(226)) - group-B25C0C181BBC: The snapshot info is null. Setting the last applied indexto:(t:0, i:~)
2019-08-22 01:57:59,958 [pool-439-thread-1] INFO  server.RaftServerConfigKeys (ConfUtils.java:logGet(43)) - raft.server.leader.election.timeout = 120s (custom)
2019-08-22 01:57:59,958 [pool-439-thread-1] INFO  server.RaftServerConfigKeys (ConfUtils.java:logGet(43)) - raft.server.log.use.memory = false (default)
2019-08-22 01:57:59,958 [pool-439-thread-1] INFO  server.RaftServerConfigKeys (ConfUtils.java:logGet(43)) - raft.server.log.purge.gap = 1000000 (custom)
2019-08-22 01:57:59,958 [pool-439-thread-1] INFO  server.RaftServerConfigKeys (ConfUtils.java:logGet(43)) - raft.server.log.appender.buffer.byte-limit = 33554432 (custom)
2019-08-22 01:57:59,958 [pool-439-thread-1] INFO  server.RaftServerConfigKeys (ConfUtils.java:logGet(43)) - raft.server.log.segment.size.max = 1048576 (custom)
2019-08-22 01:57:59,958 [pool-439-thread-1] INFO  server.RaftServerConfigKeys (ConfUtils.java:logGet(43)) - raft.server.log.segment.cache.num.max = 2 (custom)
2019-08-22 01:57:59,959 [pool-439-thread-1] INFO  segmented.SegmentedRaftLogWorker (SegmentedRaftLogWorker.java:<init>(172)) - new e7db1c3f-e23d-40ca-a1db-3f81dcb93f9b-SegmentedRaftLogWorker:Storage Directory /workdir/hadoop-ozone/integration-test/target/test-dir/MiniOzoneClusterImpl-2261fce3-3b3f-45be-b7bf-e56da5754016/datanode-0/data/ratis/4638b303-76da-469a-98d2-b25c0c181bbc for RaftStorage:Storage Directory /workdir/hadoop-ozone/integration-test/target/test-dir/MiniOzoneClusterImpl-2261fce3-3b3f-45be-b7bf-e56da5754016/datanode-0/data/ratis/4638b303-76da-469a-98d2-b25c0c181bbc
2019-08-22 01:57:59,959 [pool-439-thread-1] INFO  server.RaftServerConfigKeys (ConfUtils.java:logGet(43)) - raft.server.log.queue.byte-limit = 2147483647 (custom)
2019-08-22 01:57:59,959 [pool-439-thread-1] INFO  server.RaftServerConfigKeys (ConfUtils.java:logGet(43)) - raft.server.log.queue.element-limit = 1024 (custom)
2019-08-22 01:57:59,959 [pool-439-thread-1] INFO  server.RaftServerConfigKeys (ConfUtils.java:logGet(43)) - raft.server.log.segment.size.max = 1048576 (custom)
2019-08-22 01:57:59,959 [pool-439-thread-1] INFO  server.RaftServerConfigKeys (ConfUtils.java:logGet(43)) - raft.server.log.preallocated.size = 16384 (custom)
2019-08-22 01:57:59,959 [pool-439-thread-1] INFO  server.RaftServerConfigKeys (ConfUtils.java:logGet(43)) - raft.server.log.write.buffer.size = 33554432 (custom)
2019-08-22 01:57:59,959 [pool-439-thread-1] INFO  server.RaftServerConfigKeys (ConfUtils.java:logGet(43)) - raft.server.log.force.sync.num = 128 (default)
2019-08-22 01:57:59,960 [pool-439-thread-1] INFO  server.RaftServerConfigKeys (ConfUtils.java:logGet(43)) - raft.server.log.statemachine.data.sync = true (default)
2019-08-22 01:57:59,960 [pool-439-thread-1] INFO  server.RaftServerConfigKeys (ConfUtils.java:logGet(43)) - raft.server.log.statemachine.data.sync.timeout = 10s (default)
2019-08-22 01:57:59,960 [pool-439-thread-1] INFO  server.RaftServerConfigKeys (ConfUtils.java:logGet(43)) - raft.server.log.statemachine.data.sync.timeout.retry = -1 (default)
2019-08-22 01:57:59,960 [pool-439-thread-1] INFO  server.RaftServerConfigKeys (ConfUtils.java:logGet(43)) - raft.server.log.statemachine.data.caching.enabled = true (custom)
2019-08-22 01:57:59,960 [pool-439-thread-1] INFO  segmented.SegmentedRaftLogWorker (SegmentedRaftLogWorker.java:lambda$new$0(132)) - e7db1c3f-e23d-40ca-a1db-3f81dcb93f9b-SegmentedRaftLogWorker:Storage Directory /workdir/hadoop-ozone/integration-test/target/test-dir/MiniOzoneClusterImpl-2261fce3-3b3f-45be-b7bf-e56da5754016/datanode-0/data/ratis/4638b303-76da-469a-98d2-b25c0c181bbc: flushIndex: setUnconditionally 0 -> -1
2019-08-22 01:57:59,961 [pool-439-thread-1] INFO  server.RaftServerConfigKeys (ConfUtils.java:logGet(43)) - raft.server.snapshot.auto.trigger.enabled = true (custom)
2019-08-22 01:57:59,961 [pool-439-thread-1] INFO  server.RaftServerConfigKeys (ConfUtils.java:logGet(43)) - raft.server.snapshot.auto.trigger.threshold = 10000 (custom)
2019-08-22 01:57:59,961 [pool-439-thread-1] INFO  server.RaftServerConfigKeys (ConfUtils.java:logGet(43)) - raft.server.retrycache.expirytime = 600000ms (custom)
2019-08-22 01:57:59,961 [pool-439-thread-1] INFO  impl.RaftServerImpl (RaftServerImpl.java:start(180)) - e7db1c3f-e23d-40ca-a1db-3f81dcb93f9b: start group-B25C0C181BBC
2019-08-22 01:57:59,961 [pool-439-thread-1] INFO  impl.RaftServerImpl (RaftServerImpl.java:setRole(171)) - e7db1c3f-e23d-40ca-a1db-3f81dcb93f9b:group-B25C0C181BBC changes role from null to FOLLOWER at term 0 for startAsFollower
2019-08-22 01:57:59,961 [pool-439-thread-1] INFO  impl.RoleInfo (RoleInfo.java:updateAndGet(143)) - e7db1c3f-e23d-40ca-a1db-3f81dcb93f9b: start FollowerState
2019-08-22 01:57:59,974 [pool-439-thread-1] INFO  util.JmxRegister (JmxRegister.java:tryRegister(44)) - Successfully registered JMX Bean with object name Ratis:service=RaftServer,group=group-B25C0C181BBC,id=e7db1c3f-e23d-40ca-a1db-3f81dcb93f9b
2019-08-22 01:57:59,990 [RatisPipelineUtilsThread] INFO  pipeline.PipelineStateManager (PipelineStateManager.java:addPipeline(56)) - Created pipeline Pipeline[ Id: 4638b303-76da-469a-98d2-b25c0c181bbc, Nodes: e7db1c3f-e23d-40ca-a1db-3f81dcb93f9b{ip: 192.168.34.54, host: pr-hdds-1998-jt8wz-3050591487, networkLocation: /default-rack, certSerialId: null}, Type:RATIS, Factor:ONE, State:OPEN]
2019-08-22 01:58:00,067 [IPC Server handler 0 on 41501] INFO  net.NetworkTopology (NetworkTopologyImpl.java:add(110)) - Added a new node: /default-rack/a4945655-5ae5-4fb0-807f-bf09391df8f9
2019-08-22 01:58:00,067 [IPC Server handler 0 on 41501] INFO  node.SCMNodeManager (SCMNodeManager.java:register(273)) - Registered Data node : a4945655-5ae5-4fb0-807f-bf09391df8f9{ip: 192.168.34.54, host: pr-hdds-1998-jt8wz-3050591487, networkLocation: /default-rack, certSerialId: null}
2019-08-22 01:58:00,067 | INFO  | SCMAudit | user=jenkins1000 | ip=192.168.34.54 | op=REGISTER {datanodeDetails=a4945655-5ae5-4fb0-807f-bf09391df8f9{ip: 192.168.34.54, host: pr-hdds-1998-jt8wz-3050591487, networkLocation: /default-rack, certSerialId: null}} | ret=SUCCESS |  
2019-08-22 01:58:00,075 [grpc-default-executor-6] INFO  impl.RaftServerProxy (RaftServerProxy.java:addNew(89)) - a4945655-5ae5-4fb0-807f-bf09391df8f9: addNew group-79073149AA07:[a4945655-5ae5-4fb0-807f-bf09391df8f9:192.168.34.54:40661] returns group-79073149AA07:java.util.concurrent.CompletableFuture@17e83d89[Not completed]
2019-08-22 01:58:00,076 [pool-450-thread-1] INFO  impl.RaftServerImpl (RaftServerImpl.java:<init>(93)) - a4945655-5ae5-4fb0-807f-bf09391df8f9: new RaftServerImpl for group-79073149AA07:[a4945655-5ae5-4fb0-807f-bf09391df8f9:192.168.34.54:40661] with ContainerStateMachine:uninitialized
2019-08-22 01:58:00,076 [pool-450-thread-1] INFO  server.RaftServerConfigKeys (ConfUtils.java:logGet(43)) - raft.server.rpc.timeout.min = 5s (custom)
2019-08-22 01:58:00,076 [pool-450-thread-1] INFO  server.RaftServerConfigKeys (ConfUtils.java:logGet(43)) - raft.server.rpc.timeout.max = 5200ms (custom)
2019-08-22 01:58:00,076 [pool-450-thread-1] INFO  server.RaftServerConfigKeys (ConfUtils.java:logGet(43)) - raft.server.rpcslowness.timeout = 120s (custom)
2019-08-22 01:58:00,076 [pool-450-thread-1] INFO  server.RaftServerConfigKeys (ConfUtils.java:logGet(43)) - raft.server.sleep.deviation.threshold = 300 (default)
2019-08-22 01:58:00,076 [pool-450-thread-1] INFO  server.RaftServerConfigKeys (ConfUtils.java:logGet(43)) - raft.server.log.appender.install.snapshot.enabled = false (custom)
2019-08-22 01:58:00,076 [pool-450-thread-1] INFO  impl.RaftServerImpl (ServerState.java:<init>(105)) - a4945655-5ae5-4fb0-807f-bf09391df8f9:group-79073149AA07 ConfigurationManager, init=-1: [a4945655-5ae5-4fb0-807f-bf09391df8f9:192.168.34.54:40661], old=null, confs=<EMPTY_MAP>
2019-08-22 01:58:00,077 [pool-450-thread-1] INFO  server.RaftServerConfigKeys (ConfUtils.java:logGet(43)) - raft.server.storage.dir = [/workdir/hadoop-ozone/integration-test/target/test-dir/MiniOzoneClusterImpl-2261fce3-3b3f-45be-b7bf-e56da5754016/datanode-1/data/ratis] (custom)
2019-08-22 01:58:00,077 [pool-450-thread-1] INFO  storage.RaftStorageDirectory (RaftStorageDirectory.java:analyzeStorage(246)) - The storage directory /workdir/hadoop-ozone/integration-test/target/test-dir/MiniOzoneClusterImpl-2261fce3-3b3f-45be-b7bf-e56da5754016/datanode-1/data/ratis/90cf36f0-445e-4604-9427-79073149aa07 does not exist. Creating ...
2019-08-22 01:58:00,091 [pool-450-thread-1] INFO  storage.RaftStorageDirectory (RaftStorageDirectory.java:tryLock(328)) - Lock on /workdir/hadoop-ozone/integration-test/target/test-dir/MiniOzoneClusterImpl-2261fce3-3b3f-45be-b7bf-e56da5754016/datanode-1/data/ratis/90cf36f0-445e-4604-9427-79073149aa07/in_use.lock acquired by nodename 12097@pr-hdds-1998-jt8wz-3050591487
2019-08-22 01:58:00,104 [pool-450-thread-1] INFO  storage.RaftStorage (RaftStorage.java:format(72)) - Storage directory /workdir/hadoop-ozone/integration-test/target/test-dir/MiniOzoneClusterImpl-2261fce3-3b3f-45be-b7bf-e56da5754016/datanode-1/data/ratis/90cf36f0-445e-4604-9427-79073149aa07 has been successfully formatted.
2019-08-22 01:58:00,104 [pool-450-thread-1] INFO  ratis.ContainerStateMachine (ContainerStateMachine.java:loadSnapshot(226)) - group-79073149AA07: The snapshot info is null. Setting the last applied indexto:(t:0, i:~)
2019-08-22 01:58:00,104 [pool-450-thread-1] INFO  server.RaftServerConfigKeys (ConfUtils.java:logGet(43)) - raft.server.leader.election.timeout = 120s (custom)
2019-08-22 01:58:00,104 [pool-450-thread-1] INFO  server.RaftServerConfigKeys (ConfUtils.java:logGet(43)) - raft.server.log.use.memory = false (default)
2019-08-22 01:58:00,104 [pool-450-thread-1] INFO  server.RaftServerConfigKeys (ConfUtils.java:logGet(43)) - raft.server.log.purge.gap = 1000000 (custom)
2019-08-22 01:58:00,104 [pool-450-thread-1] INFO  server.RaftServerConfigKeys (ConfUtils.java:logGet(43)) - raft.server.log.appender.buffer.byte-limit = 33554432 (custom)
2019-08-22 01:58:00,104 [pool-450-thread-1] INFO  server.RaftServerConfigKeys (ConfUtils.java:logGet(43)) - raft.server.log.segment.size.max = 1048576 (custom)
2019-08-22 01:58:00,105 [pool-450-thread-1] INFO  server.RaftServerConfigKeys (ConfUtils.java:logGet(43)) - raft.server.log.segment.cache.num.max = 2 (custom)
2019-08-22 01:58:00,105 [pool-450-thread-1] INFO  segmented.SegmentedRaftLogWorker (SegmentedRaftLogWorker.java:<init>(172)) - new a4945655-5ae5-4fb0-807f-bf09391df8f9-SegmentedRaftLogWorker:Storage Directory /workdir/hadoop-ozone/integration-test/target/test-dir/MiniOzoneClusterImpl-2261fce3-3b3f-45be-b7bf-e56da5754016/datanode-1/data/ratis/90cf36f0-445e-4604-9427-79073149aa07 for RaftStorage:Storage Directory /workdir/hadoop-ozone/integration-test/target/test-dir/MiniOzoneClusterImpl-2261fce3-3b3f-45be-b7bf-e56da5754016/datanode-1/data/ratis/90cf36f0-445e-4604-9427-79073149aa07
2019-08-22 01:58:00,105 [pool-450-thread-1] INFO  server.RaftServerConfigKeys (ConfUtils.java:logGet(43)) - raft.server.log.queue.byte-limit = 2147483647 (custom)
2019-08-22 01:58:00,105 [pool-450-thread-1] INFO  server.RaftServerConfigKeys (ConfUtils.java:logGet(43)) - raft.server.log.queue.element-limit = 1024 (custom)
2019-08-22 01:58:00,105 [pool-450-thread-1] INFO  server.RaftServerConfigKeys (ConfUtils.java:logGet(43)) - raft.server.log.segment.size.max = 1048576 (custom)
2019-08-22 01:58:00,105 [pool-450-thread-1] INFO  server.RaftServerConfigKeys (ConfUtils.java:logGet(43)) - raft.server.log.preallocated.size = 16384 (custom)
2019-08-22 01:58:00,105 [pool-450-thread-1] INFO  server.RaftServerConfigKeys (ConfUtils.java:logGet(43)) - raft.server.log.write.buffer.size = 33554432 (custom)
2019-08-22 01:58:00,106 [pool-450-thread-1] INFO  server.RaftServerConfigKeys (ConfUtils.java:logGet(43)) - raft.server.log.force.sync.num = 128 (default)
2019-08-22 01:58:00,106 [pool-450-thread-1] INFO  server.RaftServerConfigKeys (ConfUtils.java:logGet(43)) - raft.server.log.statemachine.data.sync = true (default)
2019-08-22 01:58:00,106 [pool-450-thread-1] INFO  server.RaftServerConfigKeys (ConfUtils.java:logGet(43)) - raft.server.log.statemachine.data.sync.timeout = 10s (default)
2019-08-22 01:58:00,106 [pool-450-thread-1] INFO  server.RaftServerConfigKeys (ConfUtils.java:logGet(43)) - raft.server.log.statemachine.data.sync.timeout.retry = -1 (default)
2019-08-22 01:58:00,106 [pool-450-thread-1] INFO  server.RaftServerConfigKeys (ConfUtils.java:logGet(43)) - raft.server.log.statemachine.data.caching.enabled = true (custom)
2019-08-22 01:58:00,106 [pool-450-thread-1] INFO  segmented.SegmentedRaftLogWorker (SegmentedRaftLogWorker.java:lambda$new$0(132)) - a4945655-5ae5-4fb0-807f-bf09391df8f9-SegmentedRaftLogWorker:Storage Directory /workdir/hadoop-ozone/integration-test/target/test-dir/MiniOzoneClusterImpl-2261fce3-3b3f-45be-b7bf-e56da5754016/datanode-1/data/ratis/90cf36f0-445e-4604-9427-79073149aa07: flushIndex: setUnconditionally 0 -> -1
2019-08-22 01:58:00,107 [pool-450-thread-1] INFO  server.RaftServerConfigKeys (ConfUtils.java:logGet(43)) - raft.server.snapshot.auto.trigger.enabled = true (custom)
2019-08-22 01:58:00,107 [pool-450-thread-1] INFO  server.RaftServerConfigKeys (ConfUtils.java:logGet(43)) - raft.server.snapshot.auto.trigger.threshold = 10000 (custom)
2019-08-22 01:58:00,107 [pool-450-thread-1] INFO  server.RaftServerConfigKeys (ConfUtils.java:logGet(43)) - raft.server.retrycache.expirytime = 600000ms (custom)
2019-08-22 01:58:00,107 [pool-450-thread-1] INFO  impl.RaftServerImpl (RaftServerImpl.java:start(180)) - a4945655-5ae5-4fb0-807f-bf09391df8f9: start group-79073149AA07
2019-08-22 01:58:00,107 [pool-450-thread-1] INFO  impl.RaftServerImpl (RaftServerImpl.java:setRole(171)) - a4945655-5ae5-4fb0-807f-bf09391df8f9:group-79073149AA07 changes role from null to FOLLOWER at term 0 for startAsFollower
2019-08-22 01:58:00,107 [pool-450-thread-1] INFO  impl.RoleInfo (RoleInfo.java:updateAndGet(143)) - a4945655-5ae5-4fb0-807f-bf09391df8f9: start FollowerState
2019-08-22 01:58:00,108 [pool-450-thread-1] INFO  util.JmxRegister (JmxRegister.java:tryRegister(44)) - Successfully registered JMX Bean with object name Ratis:service=RaftServer,group=group-79073149AA07,id=a4945655-5ae5-4fb0-807f-bf09391df8f9
2019-08-22 01:58:00,114 [RatisPipelineUtilsThread] INFO  pipeline.PipelineStateManager (PipelineStateManager.java:addPipeline(56)) - Created pipeline Pipeline[ Id: 90cf36f0-445e-4604-9427-79073149aa07, Nodes: a4945655-5ae5-4fb0-807f-bf09391df8f9{ip: 192.168.34.54, host: pr-hdds-1998-jt8wz-3050591487, networkLocation: /default-rack, certSerialId: null}, Type:RATIS, Factor:ONE, State:OPEN]
2019-08-22 01:58:00,135 [main] INFO  ozone.MiniOzoneClusterImpl (MiniOzoneClusterImpl.java:lambda$waitForClusterToBeReady$0(142)) - Waiting for cluster to be ready. Got 2 of 7 DN Heartbeats.
2019-08-22 01:58:00,238 [IPC Server handler 2 on 41501] INFO  net.NetworkTopology (NetworkTopologyImpl.java:add(110)) - Added a new node: /default-rack/489c3654-cc5c-4faf-8cd1-81b3f3c2ce9e
2019-08-22 01:58:00,238 [IPC Server handler 2 on 41501] INFO  node.SCMNodeManager (SCMNodeManager.java:register(273)) - Registered Data node : 489c3654-cc5c-4faf-8cd1-81b3f3c2ce9e{ip: 192.168.34.54, host: pr-hdds-1998-jt8wz-3050591487, networkLocation: /default-rack, certSerialId: null}
2019-08-22 01:58:00,239 | INFO  | SCMAudit | user=jenkins1000 | ip=192.168.34.54 | op=REGISTER {datanodeDetails=489c3654-cc5c-4faf-8cd1-81b3f3c2ce9e{ip: 192.168.34.54, host: pr-hdds-1998-jt8wz-3050591487, networkLocation: /default-rack, certSerialId: null}} | ret=SUCCESS |  
2019-08-22 01:58:00,247 [grpc-default-executor-6] INFO  impl.RaftServerProxy (RaftServerProxy.java:addNew(89)) - 489c3654-cc5c-4faf-8cd1-81b3f3c2ce9e: addNew group-C246A7CE39AB:[489c3654-cc5c-4faf-8cd1-81b3f3c2ce9e:192.168.34.54:38884] returns group-C246A7CE39AB:java.util.concurrent.CompletableFuture@2ad85ec6[Not completed]
2019-08-22 01:58:00,249 [pool-461-thread-1] INFO  impl.RaftServerImpl (RaftServerImpl.java:<init>(93)) - 489c3654-cc5c-4faf-8cd1-81b3f3c2ce9e: new RaftServerImpl for group-C246A7CE39AB:[489c3654-cc5c-4faf-8cd1-81b3f3c2ce9e:192.168.34.54:38884] with ContainerStateMachine:uninitialized
2019-08-22 01:58:00,249 [pool-461-thread-1] INFO  server.RaftServerConfigKeys (ConfUtils.java:logGet(43)) - raft.server.rpc.timeout.min = 5s (custom)
2019-08-22 01:58:00,249 [pool-461-thread-1] INFO  server.RaftServerConfigKeys (ConfUtils.java:logGet(43)) - raft.server.rpc.timeout.max = 5200ms (custom)
2019-08-22 01:58:00,249 [pool-461-thread-1] INFO  server.RaftServerConfigKeys (ConfUtils.java:logGet(43)) - raft.server.rpcslowness.timeout = 120s (custom)
2019-08-22 01:58:00,249 [pool-461-thread-1] INFO  server.RaftServerConfigKeys (ConfUtils.java:logGet(43)) - raft.server.sleep.deviation.threshold = 300 (default)
2019-08-22 01:58:00,250 [pool-461-thread-1] INFO  server.RaftServerConfigKeys (ConfUtils.java:logGet(43)) - raft.server.log.appender.install.snapshot.enabled = false (custom)
2019-08-22 01:58:00,250 [pool-461-thread-1] INFO  impl.RaftServerImpl (ServerState.java:<init>(105)) - 489c3654-cc5c-4faf-8cd1-81b3f3c2ce9e:group-C246A7CE39AB ConfigurationManager, init=-1: [489c3654-cc5c-4faf-8cd1-81b3f3c2ce9e:192.168.34.54:38884], old=null, confs=<EMPTY_MAP>
2019-08-22 01:58:00,250 [pool-461-thread-1] INFO  server.RaftServerConfigKeys (ConfUtils.java:logGet(43)) - raft.server.storage.dir = [/workdir/hadoop-ozone/integration-test/target/test-dir/MiniOzoneClusterImpl-2261fce3-3b3f-45be-b7bf-e56da5754016/datanode-2/data/ratis] (custom)
2019-08-22 01:58:00,250 [pool-461-thread-1] INFO  storage.RaftStorageDirectory (RaftStorageDirectory.java:analyzeStorage(246)) - The storage directory /workdir/hadoop-ozone/integration-test/target/test-dir/MiniOzoneClusterImpl-2261fce3-3b3f-45be-b7bf-e56da5754016/datanode-2/data/ratis/52b13d0d-f568-4feb-bd24-c246a7ce39ab does not exist. Creating ...
2019-08-22 01:58:00,276 [pool-461-thread-1] INFO  storage.RaftStorageDirectory (RaftStorageDirectory.java:tryLock(328)) - Lock on /workdir/hadoop-ozone/integration-test/target/test-dir/MiniOzoneClusterImpl-2261fce3-3b3f-45be-b7bf-e56da5754016/datanode-2/data/ratis/52b13d0d-f568-4feb-bd24-c246a7ce39ab/in_use.lock acquired by nodename 12097@pr-hdds-1998-jt8wz-3050591487
2019-08-22 01:58:00,290 [pool-461-thread-1] INFO  storage.RaftStorage (RaftStorage.java:format(72)) - Storage directory /workdir/hadoop-ozone/integration-test/target/test-dir/MiniOzoneClusterImpl-2261fce3-3b3f-45be-b7bf-e56da5754016/datanode-2/data/ratis/52b13d0d-f568-4feb-bd24-c246a7ce39ab has been successfully formatted.
2019-08-22 01:58:00,290 [pool-461-thread-1] INFO  ratis.ContainerStateMachine (ContainerStateMachine.java:loadSnapshot(226)) - group-C246A7CE39AB: The snapshot info is null. Setting the last applied indexto:(t:0, i:~)
2019-08-22 01:58:00,291 [pool-461-thread-1] INFO  server.RaftServerConfigKeys (ConfUtils.java:logGet(43)) - raft.server.leader.election.timeout = 120s (custom)
2019-08-22 01:58:00,291 [pool-461-thread-1] INFO  server.RaftServerConfigKeys (ConfUtils.java:logGet(43)) - raft.server.log.use.memory = false (default)
2019-08-22 01:58:00,291 [pool-461-thread-1] INFO  server.RaftServerConfigKeys (ConfUtils.java:logGet(43)) - raft.server.log.purge.gap = 1000000 (custom)
2019-08-22 01:58:00,291 [pool-461-thread-1] INFO  server.RaftServerConfigKeys (ConfUtils.java:logGet(43)) - raft.server.log.appender.buffer.byte-limit = 33554432 (custom)
2019-08-22 01:58:00,291 [pool-461-thread-1] INFO  server.RaftServerConfigKeys (ConfUtils.java:logGet(43)) - raft.server.log.segment.size.max = 1048576 (custom)
2019-08-22 01:58:00,291 [pool-461-thread-1] INFO  server.RaftServerConfigKeys (ConfUtils.java:logGet(43)) - raft.server.log.segment.cache.num.max = 2 (custom)
2019-08-22 01:58:00,292 [pool-461-thread-1] INFO  segmented.SegmentedRaftLogWorker (SegmentedRaftLogWorker.java:<init>(172)) - new 489c3654-cc5c-4faf-8cd1-81b3f3c2ce9e-SegmentedRaftLogWorker:Storage Directory /workdir/hadoop-ozone/integration-test/target/test-dir/MiniOzoneClusterImpl-2261fce3-3b3f-45be-b7bf-e56da5754016/datanode-2/data/ratis/52b13d0d-f568-4feb-bd24-c246a7ce39ab for RaftStorage:Storage Directory /workdir/hadoop-ozone/integration-test/target/test-dir/MiniOzoneClusterImpl-2261fce3-3b3f-45be-b7bf-e56da5754016/datanode-2/data/ratis/52b13d0d-f568-4feb-bd24-c246a7ce39ab
2019-08-22 01:58:00,292 [pool-461-thread-1] INFO  server.RaftServerConfigKeys (ConfUtils.java:logGet(43)) - raft.server.log.queue.byte-limit = 2147483647 (custom)
2019-08-22 01:58:00,292 [pool-461-thread-1] INFO  server.RaftServerConfigKeys (ConfUtils.java:logGet(43)) - raft.server.log.queue.element-limit = 1024 (custom)
2019-08-22 01:58:00,292 [pool-461-thread-1] INFO  server.RaftServerConfigKeys (ConfUtils.java:logGet(43)) - raft.server.log.segment.size.max = 1048576 (custom)
2019-08-22 01:58:00,293 [pool-461-thread-1] INFO  server.RaftServerConfigKeys (ConfUtils.java:logGet(43)) - raft.server.log.preallocated.size = 16384 (custom)
2019-08-22 01:58:00,293 [pool-461-thread-1] INFO  server.RaftServerConfigKeys (ConfUtils.java:logGet(43)) - raft.server.log.write.buffer.size = 33554432 (custom)
2019-08-22 01:58:00,293 [pool-461-thread-1] INFO  server.RaftServerConfigKeys (ConfUtils.java:logGet(43)) - raft.server.log.force.sync.num = 128 (default)
2019-08-22 01:58:00,293 [pool-461-thread-1] INFO  server.RaftServerConfigKeys (ConfUtils.java:logGet(43)) - raft.server.log.statemachine.data.sync = true (default)
2019-08-22 01:58:00,293 [pool-461-thread-1] INFO  server.RaftServerConfigKeys (ConfUtils.java:logGet(43)) - raft.server.log.statemachine.data.sync.timeout = 10s (default)
2019-08-22 01:58:00,293 [pool-461-thread-1] INFO  server.RaftServerConfigKeys (ConfUtils.java:logGet(43)) - raft.server.log.statemachine.data.sync.timeout.retry = -1 (default)
2019-08-22 01:58:00,294 [pool-461-thread-1] INFO  server.RaftServerConfigKeys (ConfUtils.java:logGet(43)) - raft.server.log.statemachine.data.caching.enabled = true (custom)
2019-08-22 01:58:00,294 [pool-461-thread-1] INFO  segmented.SegmentedRaftLogWorker (SegmentedRaftLogWorker.java:lambda$new$0(132)) - 489c3654-cc5c-4faf-8cd1-81b3f3c2ce9e-SegmentedRaftLogWorker:Storage Directory /workdir/hadoop-ozone/integration-test/target/test-dir/MiniOzoneClusterImpl-2261fce3-3b3f-45be-b7bf-e56da5754016/datanode-2/data/ratis/52b13d0d-f568-4feb-bd24-c246a7ce39ab: flushIndex: setUnconditionally 0 -> -1
2019-08-22 01:58:00,295 [pool-461-thread-1] INFO  server.RaftServerConfigKeys (ConfUtils.java:logGet(43)) - raft.server.snapshot.auto.trigger.enabled = true (custom)
2019-08-22 01:58:00,295 [pool-461-thread-1] INFO  server.RaftServerConfigKeys (ConfUtils.java:logGet(43)) - raft.server.snapshot.auto.trigger.threshold = 10000 (custom)
2019-08-22 01:58:00,295 [pool-461-thread-1] INFO  server.RaftServerConfigKeys (ConfUtils.java:logGet(43)) - raft.server.retrycache.expirytime = 600000ms (custom)
2019-08-22 01:58:00,295 [pool-461-thread-1] INFO  impl.RaftServerImpl (RaftServerImpl.java:start(180)) - 489c3654-cc5c-4faf-8cd1-81b3f3c2ce9e: start group-C246A7CE39AB
2019-08-22 01:58:00,295 [pool-461-thread-1] INFO  impl.RaftServerImpl (RaftServerImpl.java:setRole(171)) - 489c3654-cc5c-4faf-8cd1-81b3f3c2ce9e:group-C246A7CE39AB changes role from null to FOLLOWER at term 0 for startAsFollower
2019-08-22 01:58:00,296 [pool-461-thread-1] INFO  impl.RoleInfo (RoleInfo.java:updateAndGet(143)) - 489c3654-cc5c-4faf-8cd1-81b3f3c2ce9e: start FollowerState
2019-08-22 01:58:00,296 [pool-461-thread-1] INFO  util.JmxRegister (JmxRegister.java:tryRegister(44)) - Successfully registered JMX Bean with object name Ratis:service=RaftServer,group=group-C246A7CE39AB,id=489c3654-cc5c-4faf-8cd1-81b3f3c2ce9e
2019-08-22 01:58:00,303 [RatisPipelineUtilsThread] INFO  pipeline.PipelineStateManager (PipelineStateManager.java:addPipeline(56)) - Created pipeline Pipeline[ Id: 52b13d0d-f568-4feb-bd24-c246a7ce39ab, Nodes: 489c3654-cc5c-4faf-8cd1-81b3f3c2ce9e{ip: 192.168.34.54, host: pr-hdds-1998-jt8wz-3050591487, networkLocation: /default-rack, certSerialId: null}, Type:RATIS, Factor:ONE, State:OPEN]
2019-08-22 01:58:00,320 [grpc-default-executor-0] INFO  impl.RaftServerProxy (RaftServerProxy.java:addNew(89)) - 489c3654-cc5c-4faf-8cd1-81b3f3c2ce9e: addNew group-E361DC9D5DB9:[489c3654-cc5c-4faf-8cd1-81b3f3c2ce9e:192.168.34.54:38884, a4945655-5ae5-4fb0-807f-bf09391df8f9:192.168.34.54:40661, e7db1c3f-e23d-40ca-a1db-3f81dcb93f9b:192.168.34.54:44594] returns group-E361DC9D5DB9:java.util.concurrent.CompletableFuture@cff857[Not completed]
2019-08-22 01:58:00,320 [grpc-default-executor-4] INFO  impl.RaftServerProxy (RaftServerProxy.java:addNew(89)) - e7db1c3f-e23d-40ca-a1db-3f81dcb93f9b: addNew group-E361DC9D5DB9:[489c3654-cc5c-4faf-8cd1-81b3f3c2ce9e:192.168.34.54:38884, a4945655-5ae5-4fb0-807f-bf09391df8f9:192.168.34.54:40661, e7db1c3f-e23d-40ca-a1db-3f81dcb93f9b:192.168.34.54:44594] returns group-E361DC9D5DB9:java.util.concurrent.CompletableFuture@5d854ee9[Not completed]
2019-08-22 01:58:00,320 [grpc-default-executor-6] INFO  impl.RaftServerProxy (RaftServerProxy.java:addNew(89)) - a4945655-5ae5-4fb0-807f-bf09391df8f9: addNew group-E361DC9D5DB9:[489c3654-cc5c-4faf-8cd1-81b3f3c2ce9e:192.168.34.54:38884, a4945655-5ae5-4fb0-807f-bf09391df8f9:192.168.34.54:40661, e7db1c3f-e23d-40ca-a1db-3f81dcb93f9b:192.168.34.54:44594] returns group-E361DC9D5DB9:java.util.concurrent.CompletableFuture@34cb01e7[Not completed]
2019-08-22 01:58:00,322 [pool-439-thread-1] INFO  impl.RaftServerImpl (RaftServerImpl.java:<init>(93)) - e7db1c3f-e23d-40ca-a1db-3f81dcb93f9b: new RaftServerImpl for group-E361DC9D5DB9:[489c3654-cc5c-4faf-8cd1-81b3f3c2ce9e:192.168.34.54:38884, a4945655-5ae5-4fb0-807f-bf09391df8f9:192.168.34.54:40661, e7db1c3f-e23d-40ca-a1db-3f81dcb93f9b:192.168.34.54:44594] with ContainerStateMachine:uninitialized
2019-08-22 01:58:00,322 [pool-439-thread-1] INFO  server.RaftServerConfigKeys (ConfUtils.java:logGet(43)) - raft.server.rpc.timeout.min = 5s (custom)
2019-08-22 01:58:00,323 [pool-439-thread-1] INFO  server.RaftServerConfigKeys (ConfUtils.java:logGet(43)) - raft.server.rpc.timeout.max = 5200ms (custom)
2019-08-22 01:58:00,323 [pool-461-thread-1] INFO  impl.RaftServerImpl (RaftServerImpl.java:<init>(93)) - 489c3654-cc5c-4faf-8cd1-81b3f3c2ce9e: new RaftServerImpl for group-E361DC9D5DB9:[489c3654-cc5c-4faf-8cd1-81b3f3c2ce9e:192.168.34.54:38884, a4945655-5ae5-4fb0-807f-bf09391df8f9:192.168.34.54:40661, e7db1c3f-e23d-40ca-a1db-3f81dcb93f9b:192.168.34.54:44594] with ContainerStateMachine:uninitialized
2019-08-22 01:58:00,323 [pool-439-thread-1] INFO  server.RaftServerConfigKeys (ConfUtils.java:logGet(43)) - raft.server.rpcslowness.timeout = 120s (custom)
2019-08-22 01:58:00,323 [pool-461-thread-1] INFO  server.RaftServerConfigKeys (ConfUtils.java:logGet(43)) - raft.server.rpc.timeout.min = 5s (custom)
2019-08-22 01:58:00,323 [pool-450-thread-1] INFO  impl.RaftServerImpl (RaftServerImpl.java:<init>(93)) - a4945655-5ae5-4fb0-807f-bf09391df8f9: new RaftServerImpl for group-E361DC9D5DB9:[489c3654-cc5c-4faf-8cd1-81b3f3c2ce9e:192.168.34.54:38884, a4945655-5ae5-4fb0-807f-bf09391df8f9:192.168.34.54:40661, e7db1c3f-e23d-40ca-a1db-3f81dcb93f9b:192.168.34.54:44594] with ContainerStateMachine:uninitialized
2019-08-22 01:58:00,323 [pool-439-thread-1] INFO  server.RaftServerConfigKeys (ConfUtils.java:logGet(43)) - raft.server.sleep.deviation.threshold = 300 (default)
2019-08-22 01:58:00,323 [pool-450-thread-1] INFO  server.RaftServerConfigKeys (ConfUtils.java:logGet(43)) - raft.server.rpc.timeout.min = 5s (custom)
2019-08-22 01:58:00,323 [pool-461-thread-1] INFO  server.RaftServerConfigKeys (ConfUtils.java:logGet(43)) - raft.server.rpc.timeout.max = 5200ms (custom)
2019-08-22 01:58:00,324 [pool-450-thread-1] INFO  server.RaftServerConfigKeys (ConfUtils.java:logGet(43)) - raft.server.rpc.timeout.max = 5200ms (custom)
2019-08-22 01:58:00,323 [pool-439-thread-1] INFO  server.RaftServerConfigKeys (ConfUtils.java:logGet(43)) - raft.server.log.appender.install.snapshot.enabled = false (custom)
2019-08-22 01:58:00,324 [pool-450-thread-1] INFO  server.RaftServerConfigKeys (ConfUtils.java:logGet(43)) - raft.server.rpcslowness.timeout = 120s (custom)
2019-08-22 01:58:00,324 [pool-461-thread-1] INFO  server.RaftServerConfigKeys (ConfUtils.java:logGet(43)) - raft.server.rpcslowness.timeout = 120s (custom)
2019-08-22 01:58:00,324 [pool-450-thread-1] INFO  server.RaftServerConfigKeys (ConfUtils.java:logGet(43)) - raft.server.sleep.deviation.threshold = 300 (default)
2019-08-22 01:58:00,324 [pool-450-thread-1] INFO  server.RaftServerConfigKeys (ConfUtils.java:logGet(43)) - raft.server.log.appender.install.snapshot.enabled = false (custom)
2019-08-22 01:58:00,324 [pool-439-thread-1] INFO  impl.RaftServerImpl (ServerState.java:<init>(105)) - e7db1c3f-e23d-40ca-a1db-3f81dcb93f9b:group-E361DC9D5DB9 ConfigurationManager, init=-1: [489c3654-cc5c-4faf-8cd1-81b3f3c2ce9e:192.168.34.54:38884, a4945655-5ae5-4fb0-807f-bf09391df8f9:192.168.34.54:40661, e7db1c3f-e23d-40ca-a1db-3f81dcb93f9b:192.168.34.54:44594], old=null, confs=<EMPTY_MAP>
2019-08-22 01:58:00,324 [pool-450-thread-1] INFO  impl.RaftServerImpl (ServerState.java:<init>(105)) - a4945655-5ae5-4fb0-807f-bf09391df8f9:group-E361DC9D5DB9 ConfigurationManager, init=-1: [489c3654-cc5c-4faf-8cd1-81b3f3c2ce9e:192.168.34.54:38884, a4945655-5ae5-4fb0-807f-bf09391df8f9:192.168.34.54:40661, e7db1c3f-e23d-40ca-a1db-3f81dcb93f9b:192.168.34.54:44594], old=null, confs=<EMPTY_MAP>
2019-08-22 01:58:00,324 [pool-461-thread-1] INFO  server.RaftServerConfigKeys (ConfUtils.java:logGet(43)) - raft.server.sleep.deviation.threshold = 300 (default)
2019-08-22 01:58:00,325 [pool-450-thread-1] INFO  server.RaftServerConfigKeys (ConfUtils.java:logGet(43)) - raft.server.storage.dir = [/workdir/hadoop-ozone/integration-test/target/test-dir/MiniOzoneClusterImpl-2261fce3-3b3f-45be-b7bf-e56da5754016/datanode-1/data/ratis] (custom)
2019-08-22 01:58:00,324 [pool-439-thread-1] INFO  server.RaftServerConfigKeys (ConfUtils.java:logGet(43)) - raft.server.storage.dir = [/workdir/hadoop-ozone/integration-test/target/test-dir/MiniOzoneClusterImpl-2261fce3-3b3f-45be-b7bf-e56da5754016/datanode-0/data/ratis] (custom)
2019-08-22 01:58:00,325 [pool-461-thread-1] INFO  server.RaftServerConfigKeys (ConfUtils.java:logGet(43)) - raft.server.log.appender.install.snapshot.enabled = false (custom)
2019-08-22 01:58:00,325 [pool-461-thread-1] INFO  impl.RaftServerImpl (ServerState.java:<init>(105)) - 489c3654-cc5c-4faf-8cd1-81b3f3c2ce9e:group-E361DC9D5DB9 ConfigurationManager, init=-1: [489c3654-cc5c-4faf-8cd1-81b3f3c2ce9e:192.168.34.54:38884, a4945655-5ae5-4fb0-807f-bf09391df8f9:192.168.34.54:40661, e7db1c3f-e23d-40ca-a1db-3f81dcb93f9b:192.168.34.54:44594], old=null, confs=<EMPTY_MAP>
2019-08-22 01:58:00,325 [pool-439-thread-1] INFO  storage.RaftStorageDirectory (RaftStorageDirectory.java:analyzeStorage(246)) - The storage directory /workdir/hadoop-ozone/integration-test/target/test-dir/MiniOzoneClusterImpl-2261fce3-3b3f-45be-b7bf-e56da5754016/datanode-0/data/ratis/afe22c63-8932-4e82-b5ba-e361dc9d5db9 does not exist. Creating ...
2019-08-22 01:58:00,325 [pool-450-thread-1] INFO  storage.RaftStorageDirectory (RaftStorageDirectory.java:analyzeStorage(246)) - The storage directory /workdir/hadoop-ozone/integration-test/target/test-dir/MiniOzoneClusterImpl-2261fce3-3b3f-45be-b7bf-e56da5754016/datanode-1/data/ratis/afe22c63-8932-4e82-b5ba-e361dc9d5db9 does not exist. Creating ...
2019-08-22 01:58:00,325 [pool-461-thread-1] INFO  server.RaftServerConfigKeys (ConfUtils.java:logGet(43)) - raft.server.storage.dir = [/workdir/hadoop-ozone/integration-test/target/test-dir/MiniOzoneClusterImpl-2261fce3-3b3f-45be-b7bf-e56da5754016/datanode-2/data/ratis] (custom)
2019-08-22 01:58:00,326 [pool-461-thread-1] INFO  storage.RaftStorageDirectory (RaftStorageDirectory.java:analyzeStorage(246)) - The storage directory /workdir/hadoop-ozone/integration-test/target/test-dir/MiniOzoneClusterImpl-2261fce3-3b3f-45be-b7bf-e56da5754016/datanode-2/data/ratis/afe22c63-8932-4e82-b5ba-e361dc9d5db9 does not exist. Creating ...
2019-08-22 01:58:00,339 [pool-461-thread-1] INFO  storage.RaftStorageDirectory (RaftStorageDirectory.java:tryLock(328)) - Lock on /workdir/hadoop-ozone/integration-test/target/test-dir/MiniOzoneClusterImpl-2261fce3-3b3f-45be-b7bf-e56da5754016/datanode-2/data/ratis/afe22c63-8932-4e82-b5ba-e361dc9d5db9/in_use.lock acquired by nodename 12097@pr-hdds-1998-jt8wz-3050591487
2019-08-22 01:58:00,339 [pool-450-thread-1] INFO  storage.RaftStorageDirectory (RaftStorageDirectory.java:tryLock(328)) - Lock on /workdir/hadoop-ozone/integration-test/target/test-dir/MiniOzoneClusterImpl-2261fce3-3b3f-45be-b7bf-e56da5754016/datanode-1/data/ratis/afe22c63-8932-4e82-b5ba-e361dc9d5db9/in_use.lock acquired by nodename 12097@pr-hdds-1998-jt8wz-3050591487
2019-08-22 01:58:00,339 [pool-439-thread-1] INFO  storage.RaftStorageDirectory (RaftStorageDirectory.java:tryLock(328)) - Lock on /workdir/hadoop-ozone/integration-test/target/test-dir/MiniOzoneClusterImpl-2261fce3-3b3f-45be-b7bf-e56da5754016/datanode-0/data/ratis/afe22c63-8932-4e82-b5ba-e361dc9d5db9/in_use.lock acquired by nodename 12097@pr-hdds-1998-jt8wz-3050591487
2019-08-22 01:58:00,365 [pool-450-thread-1] INFO  storage.RaftStorage (RaftStorage.java:format(72)) - Storage directory /workdir/hadoop-ozone/integration-test/target/test-dir/MiniOzoneClusterImpl-2261fce3-3b3f-45be-b7bf-e56da5754016/datanode-1/data/ratis/afe22c63-8932-4e82-b5ba-e361dc9d5db9 has been successfully formatted.
2019-08-22 01:58:00,365 [pool-461-thread-1] INFO  storage.RaftStorage (RaftStorage.java:format(72)) - Storage directory /workdir/hadoop-ozone/integration-test/target/test-dir/MiniOzoneClusterImpl-2261fce3-3b3f-45be-b7bf-e56da5754016/datanode-2/data/ratis/afe22c63-8932-4e82-b5ba-e361dc9d5db9 has been successfully formatted.
2019-08-22 01:58:00,365 [pool-439-thread-1] INFO  storage.RaftStorage (RaftStorage.java:format(72)) - Storage directory /workdir/hadoop-ozone/integration-test/target/test-dir/MiniOzoneClusterImpl-2261fce3-3b3f-45be-b7bf-e56da5754016/datanode-0/data/ratis/afe22c63-8932-4e82-b5ba-e361dc9d5db9 has been successfully formatted.
2019-08-22 01:58:00,365 [pool-461-thread-1] INFO  ratis.ContainerStateMachine (ContainerStateMachine.java:loadSnapshot(226)) - group-E361DC9D5DB9: The snapshot info is null. Setting the last applied indexto:(t:0, i:~)
2019-08-22 01:58:00,365 [pool-439-thread-1] INFO  ratis.ContainerStateMachine (ContainerStateMachine.java:loadSnapshot(226)) - group-E361DC9D5DB9: The snapshot info is null. Setting the last applied indexto:(t:0, i:~)
2019-08-22 01:58:00,365 [pool-461-thread-1] INFO  server.RaftServerConfigKeys (ConfUtils.java:logGet(43)) - raft.server.leader.election.timeout = 120s (custom)
2019-08-22 01:58:00,366 [pool-450-thread-1] INFO  ratis.ContainerStateMachine (ContainerStateMachine.java:loadSnapshot(226)) - group-E361DC9D5DB9: The snapshot info is null. Setting the last applied indexto:(t:0, i:~)
2019-08-22 01:58:00,366 [pool-439-thread-1] INFO  server.RaftServerConfigKeys (ConfUtils.java:logGet(43)) - raft.server.leader.election.timeout = 120s (custom)
2019-08-22 01:58:00,366 [pool-450-thread-1] INFO  server.RaftServerConfigKeys (ConfUtils.java:logGet(43)) - raft.server.leader.election.timeout = 120s (custom)
2019-08-22 01:58:00,366 [pool-461-thread-1] INFO  server.RaftServerConfigKeys (ConfUtils.java:logGet(43)) - raft.server.log.use.memory = false (default)
2019-08-22 01:58:00,366 [pool-450-thread-1] INFO  server.RaftServerConfigKeys (ConfUtils.java:logGet(43)) - raft.server.log.use.memory = false (default)
2019-08-22 01:58:00,366 [pool-439-thread-1] INFO  server.RaftServerConfigKeys (ConfUtils.java:logGet(43)) - raft.server.log.use.memory = false (default)
2019-08-22 01:58:00,366 [pool-450-thread-1] INFO  server.RaftServerConfigKeys (ConfUtils.java:logGet(43)) - raft.server.log.purge.gap = 1000000 (custom)
2019-08-22 01:58:00,366 [pool-461-thread-1] INFO  server.RaftServerConfigKeys (ConfUtils.java:logGet(43)) - raft.server.log.purge.gap = 1000000 (custom)
2019-08-22 01:58:00,367 [pool-450-thread-1] INFO  server.RaftServerConfigKeys (ConfUtils.java:logGet(43)) - raft.server.log.appender.buffer.byte-limit = 33554432 (custom)
2019-08-22 01:58:00,366 [pool-439-thread-1] INFO  server.RaftServerConfigKeys (ConfUtils.java:logGet(43)) - raft.server.log.purge.gap = 1000000 (custom)
2019-08-22 01:58:00,367 [pool-450-thread-1] INFO  server.RaftServerConfigKeys (ConfUtils.java:logGet(43)) - raft.server.log.segment.size.max = 1048576 (custom)
2019-08-22 01:58:00,367 [pool-461-thread-1] INFO  server.RaftServerConfigKeys (ConfUtils.java:logGet(43)) - raft.server.log.appender.buffer.byte-limit = 33554432 (custom)
2019-08-22 01:58:00,367 [pool-450-thread-1] INFO  server.RaftServerConfigKeys (ConfUtils.java:logGet(43)) - raft.server.log.segment.cache.num.max = 2 (custom)
2019-08-22 01:58:00,367 [pool-439-thread-1] INFO  server.RaftServerConfigKeys (ConfUtils.java:logGet(43)) - raft.server.log.appender.buffer.byte-limit = 33554432 (custom)
2019-08-22 01:58:00,367 [pool-450-thread-1] INFO  segmented.SegmentedRaftLogWorker (SegmentedRaftLogWorker.java:<init>(172)) - new a4945655-5ae5-4fb0-807f-bf09391df8f9-SegmentedRaftLogWorker:Storage Directory /workdir/hadoop-ozone/integration-test/target/test-dir/MiniOzoneClusterImpl-2261fce3-3b3f-45be-b7bf-e56da5754016/datanode-1/data/ratis/afe22c63-8932-4e82-b5ba-e361dc9d5db9 for RaftStorage:Storage Directory /workdir/hadoop-ozone/integration-test/target/test-dir/MiniOzoneClusterImpl-2261fce3-3b3f-45be-b7bf-e56da5754016/datanode-1/data/ratis/afe22c63-8932-4e82-b5ba-e361dc9d5db9
2019-08-22 01:58:00,367 [pool-461-thread-1] INFO  server.RaftServerConfigKeys (ConfUtils.java:logGet(43)) - raft.server.log.segment.size.max = 1048576 (custom)
2019-08-22 01:58:00,368 [pool-450-thread-1] INFO  server.RaftServerConfigKeys (ConfUtils.java:logGet(43)) - raft.server.log.queue.byte-limit = 2147483647 (custom)
2019-08-22 01:58:00,368 [pool-450-thread-1] INFO  server.RaftServerConfigKeys (ConfUtils.java:logGet(43)) - raft.server.log.queue.element-limit = 1024 (custom)
2019-08-22 01:58:00,368 [pool-439-thread-1] INFO  server.RaftServerConfigKeys (ConfUtils.java:logGet(43)) - raft.server.log.segment.size.max = 1048576 (custom)
2019-08-22 01:58:00,368 [pool-450-thread-1] INFO  server.RaftServerConfigKeys (ConfUtils.java:logGet(43)) - raft.server.log.segment.size.max = 1048576 (custom)
2019-08-22 01:58:00,368 [pool-461-thread-1] INFO  server.RaftServerConfigKeys (ConfUtils.java:logGet(43)) - raft.server.log.segment.cache.num.max = 2 (custom)
2019-08-22 01:58:00,368 [pool-450-thread-1] INFO  server.RaftServerConfigKeys (ConfUtils.java:logGet(43)) - raft.server.log.preallocated.size = 16384 (custom)
2019-08-22 01:58:00,368 [pool-439-thread-1] INFO  server.RaftServerConfigKeys (ConfUtils.java:logGet(43)) - raft.server.log.segment.cache.num.max = 2 (custom)
2019-08-22 01:58:00,369 [pool-450-thread-1] INFO  server.RaftServerConfigKeys (ConfUtils.java:logGet(43)) - raft.server.log.write.buffer.size = 33554432 (custom)
2019-08-22 01:58:00,369 [pool-450-thread-1] INFO  server.RaftServerConfigKeys (ConfUtils.java:logGet(43)) - raft.server.log.force.sync.num = 128 (default)
2019-08-22 01:58:00,368 [pool-461-thread-1] INFO  segmented.SegmentedRaftLogWorker (SegmentedRaftLogWorker.java:<init>(172)) - new 489c3654-cc5c-4faf-8cd1-81b3f3c2ce9e-SegmentedRaftLogWorker:Storage Directory /workdir/hadoop-ozone/integration-test/target/test-dir/MiniOzoneClusterImpl-2261fce3-3b3f-45be-b7bf-e56da5754016/datanode-2/data/ratis/afe22c63-8932-4e82-b5ba-e361dc9d5db9 for RaftStorage:Storage Directory /workdir/hadoop-ozone/integration-test/target/test-dir/MiniOzoneClusterImpl-2261fce3-3b3f-45be-b7bf-e56da5754016/datanode-2/data/ratis/afe22c63-8932-4e82-b5ba-e361dc9d5db9
2019-08-22 01:58:00,369 [pool-450-thread-1] INFO  server.RaftServerConfigKeys (ConfUtils.java:logGet(43)) - raft.server.log.statemachine.data.sync = true (default)
2019-08-22 01:58:00,369 [pool-439-thread-1] INFO  segmented.SegmentedRaftLogWorker (SegmentedRaftLogWorker.java:<init>(172)) - new e7db1c3f-e23d-40ca-a1db-3f81dcb93f9b-SegmentedRaftLogWorker:Storage Directory /workdir/hadoop-ozone/integration-test/target/test-dir/MiniOzoneClusterImpl-2261fce3-3b3f-45be-b7bf-e56da5754016/datanode-0/data/ratis/afe22c63-8932-4e82-b5ba-e361dc9d5db9 for RaftStorage:Storage Directory /workdir/hadoop-ozone/integration-test/target/test-dir/MiniOzoneClusterImpl-2261fce3-3b3f-45be-b7bf-e56da5754016/datanode-0/data/ratis/afe22c63-8932-4e82-b5ba-e361dc9d5db9
2019-08-22 01:58:00,369 [pool-450-thread-1] INFO  server.RaftServerConfigKeys (ConfUtils.java:logGet(43)) - raft.server.log.statemachine.data.sync.timeout = 10s (default)
2019-08-22 01:58:00,369 [pool-461-thread-1] INFO  server.RaftServerConfigKeys (ConfUtils.java:logGet(43)) - raft.server.log.queue.byte-limit = 2147483647 (custom)
2019-08-22 01:58:00,369 [pool-450-thread-1] INFO  server.RaftServerConfigKeys (ConfUtils.java:logGet(43)) - raft.server.log.statemachine.data.sync.timeout.retry = -1 (default)
2019-08-22 01:58:00,369 [pool-439-thread-1] INFO  server.RaftServerConfigKeys (ConfUtils.java:logGet(43)) - raft.server.log.queue.byte-limit = 2147483647 (custom)
2019-08-22 01:58:00,370 [pool-450-thread-1] INFO  server.RaftServerConfigKeys (ConfUtils.java:logGet(43)) - raft.server.log.statemachine.data.caching.enabled = true (custom)
2019-08-22 01:58:00,370 [pool-461-thread-1] INFO  server.RaftServerConfigKeys (ConfUtils.java:logGet(43)) - raft.server.log.queue.element-limit = 1024 (custom)
2019-08-22 01:58:00,370 [pool-439-thread-1] INFO  server.RaftServerConfigKeys (ConfUtils.java:logGet(43)) - raft.server.log.queue.element-limit = 1024 (custom)
2019-08-22 01:58:00,370 [pool-450-thread-1] INFO  segmented.SegmentedRaftLogWorker (SegmentedRaftLogWorker.java:lambda$new$0(132)) - a4945655-5ae5-4fb0-807f-bf09391df8f9-SegmentedRaftLogWorker:Storage Directory /workdir/hadoop-ozone/integration-test/target/test-dir/MiniOzoneClusterImpl-2261fce3-3b3f-45be-b7bf-e56da5754016/datanode-1/data/ratis/afe22c63-8932-4e82-b5ba-e361dc9d5db9: flushIndex: setUnconditionally 0 -> -1
2019-08-22 01:58:00,370 [pool-461-thread-1] INFO  server.RaftServerConfigKeys (ConfUtils.java:logGet(43)) - raft.server.log.segment.size.max = 1048576 (custom)
2019-08-22 01:58:00,370 [pool-439-thread-1] INFO  server.RaftServerConfigKeys (ConfUtils.java:logGet(43)) - raft.server.log.segment.size.max = 1048576 (custom)
2019-08-22 01:58:00,371 [pool-450-thread-1] INFO  server.RaftServerConfigKeys (ConfUtils.java:logGet(43)) - raft.server.snapshot.auto.trigger.enabled = true (custom)
2019-08-22 01:58:00,371 [pool-461-thread-1] INFO  server.RaftServerConfigKeys (ConfUtils.java:logGet(43)) - raft.server.log.preallocated.size = 16384 (custom)
2019-08-22 01:58:00,371 [pool-450-thread-1] INFO  server.RaftServerConfigKeys (ConfUtils.java:logGet(43)) - raft.server.snapshot.auto.trigger.threshold = 10000 (custom)
2019-08-22 01:58:00,371 [pool-439-thread-1] INFO  server.RaftServerConfigKeys (ConfUtils.java:logGet(43)) - raft.server.log.preallocated.size = 16384 (custom)
2019-08-22 01:58:00,371 [pool-450-thread-1] INFO  server.RaftServerConfigKeys (ConfUtils.java:logGet(43)) - raft.server.retrycache.expirytime = 600000ms (custom)
2019-08-22 01:58:00,371 [pool-461-thread-1] INFO  server.RaftServerConfigKeys (ConfUtils.java:logGet(43)) - raft.server.log.write.buffer.size = 33554432 (custom)
2019-08-22 01:58:00,371 [pool-450-thread-1] INFO  impl.RaftServerImpl (RaftServerImpl.java:start(180)) - a4945655-5ae5-4fb0-807f-bf09391df8f9: start group-E361DC9D5DB9
2019-08-22 01:58:00,371 [pool-439-thread-1] INFO  server.RaftServerConfigKeys (ConfUtils.java:logGet(43)) - raft.server.log.write.buffer.size = 33554432 (custom)
2019-08-22 01:58:00,371 [pool-450-thread-1] INFO  impl.RaftServerImpl (RaftServerImpl.java:setRole(171)) - a4945655-5ae5-4fb0-807f-bf09391df8f9:group-E361DC9D5DB9 changes role from null to FOLLOWER at term 0 for startAsFollower
2019-08-22 01:58:00,371 [pool-461-thread-1] INFO  server.RaftServerConfigKeys (ConfUtils.java:logGet(43)) - raft.server.log.force.sync.num = 128 (default)
2019-08-22 01:58:00,372 [pool-450-thread-1] INFO  impl.RoleInfo (RoleInfo.java:updateAndGet(143)) - a4945655-5ae5-4fb0-807f-bf09391df8f9: start FollowerState
2019-08-22 01:58:00,372 [pool-439-thread-1] INFO  server.RaftServerConfigKeys (ConfUtils.java:logGet(43)) - raft.server.log.force.sync.num = 128 (default)
2019-08-22 01:58:00,372 [pool-461-thread-1] INFO  server.RaftServerConfigKeys (ConfUtils.java:logGet(43)) - raft.server.log.statemachine.data.sync = true (default)
2019-08-22 01:58:00,372 [pool-439-thread-1] INFO  server.RaftServerConfigKeys (ConfUtils.java:logGet(43)) - raft.server.log.statemachine.data.sync = true (default)
2019-08-22 01:58:00,372 [pool-450-thread-1] INFO  util.JmxRegister (JmxRegister.java:tryRegister(44)) - Successfully registered JMX Bean with object name Ratis:service=RaftServer,group=group-E361DC9D5DB9,id=a4945655-5ae5-4fb0-807f-bf09391df8f9
2019-08-22 01:58:00,372 [pool-461-thread-1] INFO  server.RaftServerConfigKeys (ConfUtils.java:logGet(43)) - raft.server.log.statemachine.data.sync.timeout = 10s (default)
2019-08-22 01:58:00,372 [pool-439-thread-1] INFO  server.RaftServerConfigKeys (ConfUtils.java:logGet(43)) - raft.server.log.statemachine.data.sync.timeout = 10s (default)
2019-08-22 01:58:00,373 [pool-461-thread-1] INFO  server.RaftServerConfigKeys (ConfUtils.java:logGet(43)) - raft.server.log.statemachine.data.sync.timeout.retry = -1 (default)
2019-08-22 01:58:00,373 [pool-439-thread-1] INFO  server.RaftServerConfigKeys (ConfUtils.java:logGet(43)) - raft.server.log.statemachine.data.sync.timeout.retry = -1 (default)
2019-08-22 01:58:00,373 [pool-439-thread-1] INFO  server.RaftServerConfigKeys (ConfUtils.java:logGet(43)) - raft.server.log.statemachine.data.caching.enabled = true (custom)
2019-08-22 01:58:00,373 [pool-461-thread-1] INFO  server.RaftServerConfigKeys (ConfUtils.java:logGet(43)) - raft.server.log.statemachine.data.caching.enabled = true (custom)
2019-08-22 01:58:00,373 [pool-439-thread-1] INFO  segmented.SegmentedRaftLogWorker (SegmentedRaftLogWorker.java:lambda$new$0(132)) - e7db1c3f-e23d-40ca-a1db-3f81dcb93f9b-SegmentedRaftLogWorker:Storage Directory /workdir/hadoop-ozone/integration-test/target/test-dir/MiniOzoneClusterImpl-2261fce3-3b3f-45be-b7bf-e56da5754016/datanode-0/data/ratis/afe22c63-8932-4e82-b5ba-e361dc9d5db9: flushIndex: setUnconditionally 0 -> -1
2019-08-22 01:58:00,374 [pool-461-thread-1] INFO  segmented.SegmentedRaftLogWorker (SegmentedRaftLogWorker.java:lambda$new$0(132)) - 489c3654-cc5c-4faf-8cd1-81b3f3c2ce9e-SegmentedRaftLogWorker:Storage Directory /workdir/hadoop-ozone/integration-test/target/test-dir/MiniOzoneClusterImpl-2261fce3-3b3f-45be-b7bf-e56da5754016/datanode-2/data/ratis/afe22c63-8932-4e82-b5ba-e361dc9d5db9: flushIndex: setUnconditionally 0 -> -1
2019-08-22 01:58:00,374 [pool-439-thread-1] INFO  server.RaftServerConfigKeys (ConfUtils.java:logGet(43)) - raft.server.snapshot.auto.trigger.enabled = true (custom)
2019-08-22 01:58:00,374 [pool-439-thread-1] INFO  server.RaftServerConfigKeys (ConfUtils.java:logGet(43)) - raft.server.snapshot.auto.trigger.threshold = 10000 (custom)
2019-08-22 01:58:00,374 [pool-461-thread-1] INFO  server.RaftServerConfigKeys (ConfUtils.java:logGet(43)) - raft.server.snapshot.auto.trigger.enabled = true (custom)
2019-08-22 01:58:00,374 [pool-439-thread-1] INFO  server.RaftServerConfigKeys (ConfUtils.java:logGet(43)) - raft.server.retrycache.expirytime = 600000ms (custom)
2019-08-22 01:58:00,374 [pool-461-thread-1] INFO  server.RaftServerConfigKeys (ConfUtils.java:logGet(43)) - raft.server.snapshot.auto.trigger.threshold = 10000 (custom)
2019-08-22 01:58:00,378 [pool-439-thread-1] INFO  impl.RaftServerImpl (RaftServerImpl.java:start(180)) - e7db1c3f-e23d-40ca-a1db-3f81dcb93f9b: start group-E361DC9D5DB9
2019-08-22 01:58:00,378 [pool-461-thread-1] INFO  server.RaftServerConfigKeys (ConfUtils.java:logGet(43)) - raft.server.retrycache.expirytime = 600000ms (custom)
2019-08-22 01:58:00,378 [pool-439-thread-1] INFO  impl.RaftServerImpl (RaftServerImpl.java:setRole(171)) - e7db1c3f-e23d-40ca-a1db-3f81dcb93f9b:group-E361DC9D5DB9 changes role from null to FOLLOWER at term 0 for startAsFollower
2019-08-22 01:58:00,378 [pool-461-thread-1] INFO  impl.RaftServerImpl (RaftServerImpl.java:start(180)) - 489c3654-cc5c-4faf-8cd1-81b3f3c2ce9e: start group-E361DC9D5DB9
2019-08-22 01:58:00,378 [pool-439-thread-1] INFO  impl.RoleInfo (RoleInfo.java:updateAndGet(143)) - e7db1c3f-e23d-40ca-a1db-3f81dcb93f9b: start FollowerState
2019-08-22 01:58:00,378 [pool-461-thread-1] INFO  impl.RaftServerImpl (RaftServerImpl.java:setRole(171)) - 489c3654-cc5c-4faf-8cd1-81b3f3c2ce9e:group-E361DC9D5DB9 changes role from null to FOLLOWER at term 0 for startAsFollower
2019-08-22 01:58:00,378 [pool-461-thread-1] INFO  impl.RoleInfo (RoleInfo.java:updateAndGet(143)) - 489c3654-cc5c-4faf-8cd1-81b3f3c2ce9e: start FollowerState
2019-08-22 01:58:00,379 [pool-439-thread-1] INFO  util.JmxRegister (JmxRegister.java:tryRegister(44)) - Successfully registered JMX Bean with object name Ratis:service=RaftServer,group=group-E361DC9D5DB9,id=e7db1c3f-e23d-40ca-a1db-3f81dcb93f9b
2019-08-22 01:58:00,379 [pool-461-thread-1] INFO  util.JmxRegister (JmxRegister.java:tryRegister(44)) - Successfully registered JMX Bean with object name Ratis:service=RaftServer,group=group-E361DC9D5DB9,id=489c3654-cc5c-4faf-8cd1-81b3f3c2ce9e
2019-08-22 01:58:00,387 [RatisPipelineUtilsThread] INFO  pipeline.PipelineStateManager (PipelineStateManager.java:addPipeline(56)) - Created pipeline Pipeline[ Id: afe22c63-8932-4e82-b5ba-e361dc9d5db9, Nodes: 489c3654-cc5c-4faf-8cd1-81b3f3c2ce9e{ip: 192.168.34.54, host: pr-hdds-1998-jt8wz-3050591487, networkLocation: /default-rack, certSerialId: null}a4945655-5ae5-4fb0-807f-bf09391df8f9{ip: 192.168.34.54, host: pr-hdds-1998-jt8wz-3050591487, networkLocation: /default-rack, certSerialId: null}e7db1c3f-e23d-40ca-a1db-3f81dcb93f9b{ip: 192.168.34.54, host: pr-hdds-1998-jt8wz-3050591487, networkLocation: /default-rack, certSerialId: null}, Type:RATIS, Factor:THREE, State:OPEN]
2019-08-22 01:58:00,602 [IPC Server handler 3 on 41501] INFO  net.NetworkTopology (NetworkTopologyImpl.java:add(110)) - Added a new node: /default-rack/f058baaf-af82-4783-b3d7-382a54c54b25
2019-08-22 01:58:00,602 [IPC Server handler 3 on 41501] INFO  node.SCMNodeManager (SCMNodeManager.java:register(273)) - Registered Data node : f058baaf-af82-4783-b3d7-382a54c54b25{ip: 192.168.34.54, host: pr-hdds-1998-jt8wz-3050591487, networkLocation: /default-rack, certSerialId: null}
2019-08-22 01:58:00,603 | INFO  | SCMAudit | user=jenkins1000 | ip=192.168.34.54 | op=REGISTER {datanodeDetails=f058baaf-af82-4783-b3d7-382a54c54b25{ip: 192.168.34.54, host: pr-hdds-1998-jt8wz-3050591487, networkLocation: /default-rack, certSerialId: null}} | ret=SUCCESS |  
2019-08-22 01:58:00,611 [grpc-default-executor-6] INFO  impl.RaftServerProxy (RaftServerProxy.java:addNew(89)) - f058baaf-af82-4783-b3d7-382a54c54b25: addNew group-97DC4DCB0E9E:[f058baaf-af82-4783-b3d7-382a54c54b25:192.168.34.54:38684] returns group-97DC4DCB0E9E:java.util.concurrent.CompletableFuture@795a1223[Not completed]
2019-08-22 01:58:00,612 [pool-472-thread-1] INFO  impl.RaftServerImpl (RaftServerImpl.java:<init>(93)) - f058baaf-af82-4783-b3d7-382a54c54b25: new RaftServerImpl for group-97DC4DCB0E9E:[f058baaf-af82-4783-b3d7-382a54c54b25:192.168.34.54:38684] with ContainerStateMachine:uninitialized
2019-08-22 01:58:00,612 [pool-472-thread-1] INFO  server.RaftServerConfigKeys (ConfUtils.java:logGet(43)) - raft.server.rpc.timeout.min = 5s (custom)
2019-08-22 01:58:00,612 [pool-472-thread-1] INFO  server.RaftServerConfigKeys (ConfUtils.java:logGet(43)) - raft.server.rpc.timeout.max = 5200ms (custom)
2019-08-22 01:58:00,612 [pool-472-thread-1] INFO  server.RaftServerConfigKeys (ConfUtils.java:logGet(43)) - raft.server.rpcslowness.timeout = 120s (custom)
2019-08-22 01:58:00,612 [pool-472-thread-1] INFO  server.RaftServerConfigKeys (ConfUtils.java:logGet(43)) - raft.server.sleep.deviation.threshold = 300 (default)
2019-08-22 01:58:00,613 [pool-472-thread-1] INFO  server.RaftServerConfigKeys (ConfUtils.java:logGet(43)) - raft.server.log.appender.install.snapshot.enabled = false (custom)
2019-08-22 01:58:00,613 [pool-472-thread-1] INFO  impl.RaftServerImpl (ServerState.java:<init>(105)) - f058baaf-af82-4783-b3d7-382a54c54b25:group-97DC4DCB0E9E ConfigurationManager, init=-1: [f058baaf-af82-4783-b3d7-382a54c54b25:192.168.34.54:38684], old=null, confs=<EMPTY_MAP>
2019-08-22 01:58:00,613 [pool-472-thread-1] INFO  server.RaftServerConfigKeys (ConfUtils.java:logGet(43)) - raft.server.storage.dir = [/workdir/hadoop-ozone/integration-test/target/test-dir/MiniOzoneClusterImpl-2261fce3-3b3f-45be-b7bf-e56da5754016/datanode-3/data/ratis] (custom)
2019-08-22 01:58:00,613 [pool-472-thread-1] INFO  storage.RaftStorageDirectory (RaftStorageDirectory.java:analyzeStorage(246)) - The storage directory /workdir/hadoop-ozone/integration-test/target/test-dir/MiniOzoneClusterImpl-2261fce3-3b3f-45be-b7bf-e56da5754016/datanode-3/data/ratis/bcbab3cb-ba76-4d04-9992-97dc4dcb0e9e does not exist. Creating ...
2019-08-22 01:58:00,626 [pool-472-thread-1] INFO  storage.RaftStorageDirectory (RaftStorageDirectory.java:tryLock(328)) - Lock on /workdir/hadoop-ozone/integration-test/target/test-dir/MiniOzoneClusterImpl-2261fce3-3b3f-45be-b7bf-e56da5754016/datanode-3/data/ratis/bcbab3cb-ba76-4d04-9992-97dc4dcb0e9e/in_use.lock acquired by nodename 12097@pr-hdds-1998-jt8wz-3050591487
2019-08-22 01:58:00,640 [pool-472-thread-1] INFO  storage.RaftStorage (RaftStorage.java:format(72)) - Storage directory /workdir/hadoop-ozone/integration-test/target/test-dir/MiniOzoneClusterImpl-2261fce3-3b3f-45be-b7bf-e56da5754016/datanode-3/data/ratis/bcbab3cb-ba76-4d04-9992-97dc4dcb0e9e has been successfully formatted.
2019-08-22 01:58:00,640 [pool-472-thread-1] INFO  ratis.ContainerStateMachine (ContainerStateMachine.java:loadSnapshot(226)) - group-97DC4DCB0E9E: The snapshot info is null. Setting the last applied indexto:(t:0, i:~)
2019-08-22 01:58:00,640 [pool-472-thread-1] INFO  server.RaftServerConfigKeys (ConfUtils.java:logGet(43)) - raft.server.leader.election.timeout = 120s (custom)
2019-08-22 01:58:00,640 [pool-472-thread-1] INFO  server.RaftServerConfigKeys (ConfUtils.java:logGet(43)) - raft.server.log.use.memory = false (default)
2019-08-22 01:58:00,640 [pool-472-thread-1] INFO  server.RaftServerConfigKeys (ConfUtils.java:logGet(43)) - raft.server.log.purge.gap = 1000000 (custom)
2019-08-22 01:58:00,640 [pool-472-thread-1] INFO  server.RaftServerConfigKeys (ConfUtils.java:logGet(43)) - raft.server.log.appender.buffer.byte-limit = 33554432 (custom)
2019-08-22 01:58:00,641 [pool-472-thread-1] INFO  server.RaftServerConfigKeys (ConfUtils.java:logGet(43)) - raft.server.log.segment.size.max = 1048576 (custom)
2019-08-22 01:58:00,641 [pool-472-thread-1] INFO  server.RaftServerConfigKeys (ConfUtils.java:logGet(43)) - raft.server.log.segment.cache.num.max = 2 (custom)
2019-08-22 01:58:00,641 [pool-472-thread-1] INFO  segmented.SegmentedRaftLogWorker (SegmentedRaftLogWorker.java:<init>(172)) - new f058baaf-af82-4783-b3d7-382a54c54b25-SegmentedRaftLogWorker:Storage Directory /workdir/hadoop-ozone/integration-test/target/test-dir/MiniOzoneClusterImpl-2261fce3-3b3f-45be-b7bf-e56da5754016/datanode-3/data/ratis/bcbab3cb-ba76-4d04-9992-97dc4dcb0e9e for RaftStorage:Storage Directory /workdir/hadoop-ozone/integration-test/target/test-dir/MiniOzoneClusterImpl-2261fce3-3b3f-45be-b7bf-e56da5754016/datanode-3/data/ratis/bcbab3cb-ba76-4d04-9992-97dc4dcb0e9e
2019-08-22 01:58:00,641 [pool-472-thread-1] INFO  server.RaftServerConfigKeys (ConfUtils.java:logGet(43)) - raft.server.log.queue.byte-limit = 2147483647 (custom)
2019-08-22 01:58:00,641 [pool-472-thread-1] INFO  server.RaftServerConfigKeys (ConfUtils.java:logGet(43)) - raft.server.log.queue.element-limit = 1024 (custom)
2019-08-22 01:58:00,641 [pool-472-thread-1] INFO  server.RaftServerConfigKeys (ConfUtils.java:logGet(43)) - raft.server.log.segment.size.max = 1048576 (custom)
2019-08-22 01:58:00,642 [pool-472-thread-1] INFO  server.RaftServerConfigKeys (ConfUtils.java:logGet(43)) - raft.server.log.preallocated.size = 16384 (custom)
2019-08-22 01:58:00,642 [pool-472-thread-1] INFO  server.RaftServerConfigKeys (ConfUtils.java:logGet(43)) - raft.server.log.write.buffer.size = 33554432 (custom)
2019-08-22 01:58:00,642 [pool-472-thread-1] INFO  server.RaftServerConfigKeys (ConfUtils.java:logGet(43)) - raft.server.log.force.sync.num = 128 (default)
2019-08-22 01:58:00,642 [pool-472-thread-1] INFO  server.RaftServerConfigKeys (ConfUtils.java:logGet(43)) - raft.server.log.statemachine.data.sync = true (default)
2019-08-22 01:58:00,642 [pool-472-thread-1] INFO  server.RaftServerConfigKeys (ConfUtils.java:logGet(43)) - raft.server.log.statemachine.data.sync.timeout = 10s (default)
2019-08-22 01:58:00,642 [pool-472-thread-1] INFO  server.RaftServerConfigKeys (ConfUtils.java:logGet(43)) - raft.server.log.statemachine.data.sync.timeout.retry = -1 (default)
2019-08-22 01:58:00,643 [pool-472-thread-1] INFO  server.RaftServerConfigKeys (ConfUtils.java:logGet(43)) - raft.server.log.statemachine.data.caching.enabled = true (custom)
2019-08-22 01:58:00,643 [pool-472-thread-1] INFO  segmented.SegmentedRaftLogWorker (SegmentedRaftLogWorker.java:lambda$new$0(132)) - f058baaf-af82-4783-b3d7-382a54c54b25-SegmentedRaftLogWorker:Storage Directory /workdir/hadoop-ozone/integration-test/target/test-dir/MiniOzoneClusterImpl-2261fce3-3b3f-45be-b7bf-e56da5754016/datanode-3/data/ratis/bcbab3cb-ba76-4d04-9992-97dc4dcb0e9e: flushIndex: setUnconditionally 0 -> -1
2019-08-22 01:58:00,643 [pool-472-thread-1] INFO  server.RaftServerConfigKeys (ConfUtils.java:logGet(43)) - raft.server.snapshot.auto.trigger.enabled = true (custom)
2019-08-22 01:58:00,643 [pool-472-thread-1] INFO  server.RaftServerConfigKeys (ConfUtils.java:logGet(43)) - raft.server.snapshot.auto.trigger.threshold = 10000 (custom)
2019-08-22 01:58:00,644 [pool-472-thread-1] INFO  server.RaftServerConfigKeys (ConfUtils.java:logGet(43)) - raft.server.retrycache.expirytime = 600000ms (custom)
2019-08-22 01:58:00,644 [pool-472-thread-1] INFO  impl.RaftServerImpl (RaftServerImpl.java:start(180)) - f058baaf-af82-4783-b3d7-382a54c54b25: start group-97DC4DCB0E9E
2019-08-22 01:58:00,644 [pool-472-thread-1] INFO  impl.RaftServerImpl (RaftServerImpl.java:setRole(171)) - f058baaf-af82-4783-b3d7-382a54c54b25:group-97DC4DCB0E9E changes role from null to FOLLOWER at term 0 for startAsFollower
2019-08-22 01:58:00,644 [pool-472-thread-1] INFO  impl.RoleInfo (RoleInfo.java:updateAndGet(143)) - f058baaf-af82-4783-b3d7-382a54c54b25: start FollowerState
2019-08-22 01:58:00,644 [pool-472-thread-1] INFO  util.JmxRegister (JmxRegister.java:tryRegister(44)) - Successfully registered JMX Bean with object name Ratis:service=RaftServer,group=group-97DC4DCB0E9E,id=f058baaf-af82-4783-b3d7-382a54c54b25
2019-08-22 01:58:00,650 [RatisPipelineUtilsThread] INFO  pipeline.PipelineStateManager (PipelineStateManager.java:addPipeline(56)) - Created pipeline Pipeline[ Id: bcbab3cb-ba76-4d04-9992-97dc4dcb0e9e, Nodes: f058baaf-af82-4783-b3d7-382a54c54b25{ip: 192.168.34.54, host: pr-hdds-1998-jt8wz-3050591487, networkLocation: /default-rack, certSerialId: null}, Type:RATIS, Factor:ONE, State:OPEN]
2019-08-22 01:58:00,780 [IPC Server handler 4 on 41501] INFO  net.NetworkTopology (NetworkTopologyImpl.java:add(110)) - Added a new node: /default-rack/c9473f95-2b72-4ec6-839c-23a2efec0cdd
2019-08-22 01:58:00,780 [IPC Server handler 4 on 41501] INFO  node.SCMNodeManager (SCMNodeManager.java:register(273)) - Registered Data node : c9473f95-2b72-4ec6-839c-23a2efec0cdd{ip: 192.168.34.54, host: pr-hdds-1998-jt8wz-3050591487, networkLocation: /default-rack, certSerialId: null}
2019-08-22 01:58:00,784 | INFO  | SCMAudit | user=jenkins1000 | ip=192.168.34.54 | op=REGISTER {datanodeDetails=c9473f95-2b72-4ec6-839c-23a2efec0cdd{ip: 192.168.34.54, host: pr-hdds-1998-jt8wz-3050591487, networkLocation: /default-rack, certSerialId: null}} | ret=SUCCESS |  
2019-08-22 01:58:00,791 [grpc-default-executor-6] INFO  impl.RaftServerProxy (RaftServerProxy.java:addNew(89)) - c9473f95-2b72-4ec6-839c-23a2efec0cdd: addNew group-7242BADFE69D:[c9473f95-2b72-4ec6-839c-23a2efec0cdd:192.168.34.54:36137] returns group-7242BADFE69D:java.util.concurrent.CompletableFuture@4f57ffaa[Not completed]
2019-08-22 01:58:00,792 [pool-483-thread-1] INFO  impl.RaftServerImpl (RaftServerImpl.java:<init>(93)) - c9473f95-2b72-4ec6-839c-23a2efec0cdd: new RaftServerImpl for group-7242BADFE69D:[c9473f95-2b72-4ec6-839c-23a2efec0cdd:192.168.34.54:36137] with ContainerStateMachine:uninitialized
2019-08-22 01:58:00,792 [pool-483-thread-1] INFO  server.RaftServerConfigKeys (ConfUtils.java:logGet(43)) - raft.server.rpc.timeout.min = 5s (custom)
2019-08-22 01:58:00,792 [pool-483-thread-1] INFO  server.RaftServerConfigKeys (ConfUtils.java:logGet(43)) - raft.server.rpc.timeout.max = 5200ms (custom)
2019-08-22 01:58:00,793 [pool-483-thread-1] INFO  server.RaftServerConfigKeys (ConfUtils.java:logGet(43)) - raft.server.rpcslowness.timeout = 120s (custom)
2019-08-22 01:58:00,793 [pool-483-thread-1] INFO  server.RaftServerConfigKeys (ConfUtils.java:logGet(43)) - raft.server.sleep.deviation.threshold = 300 (default)
2019-08-22 01:58:00,793 [pool-483-thread-1] INFO  server.RaftServerConfigKeys (ConfUtils.java:logGet(43)) - raft.server.log.appender.install.snapshot.enabled = false (custom)
2019-08-22 01:58:00,793 [pool-483-thread-1] INFO  impl.RaftServerImpl (ServerState.java:<init>(105)) - c9473f95-2b72-4ec6-839c-23a2efec0cdd:group-7242BADFE69D ConfigurationManager, init=-1: [c9473f95-2b72-4ec6-839c-23a2efec0cdd:192.168.34.54:36137], old=null, confs=<EMPTY_MAP>
2019-08-22 01:58:00,793 [pool-483-thread-1] INFO  server.RaftServerConfigKeys (ConfUtils.java:logGet(43)) - raft.server.storage.dir = [/workdir/hadoop-ozone/integration-test/target/test-dir/MiniOzoneClusterImpl-2261fce3-3b3f-45be-b7bf-e56da5754016/datanode-4/data/ratis] (custom)
2019-08-22 01:58:00,794 [pool-483-thread-1] INFO  storage.RaftStorageDirectory (RaftStorageDirectory.java:analyzeStorage(246)) - The storage directory /workdir/hadoop-ozone/integration-test/target/test-dir/MiniOzoneClusterImpl-2261fce3-3b3f-45be-b7bf-e56da5754016/datanode-4/data/ratis/69e21d38-9ba8-4027-8dbd-7242badfe69d does not exist. Creating ...
2019-08-22 01:58:00,807 [pool-483-thread-1] INFO  storage.RaftStorageDirectory (RaftStorageDirectory.java:tryLock(328)) - Lock on /workdir/hadoop-ozone/integration-test/target/test-dir/MiniOzoneClusterImpl-2261fce3-3b3f-45be-b7bf-e56da5754016/datanode-4/data/ratis/69e21d38-9ba8-4027-8dbd-7242badfe69d/in_use.lock acquired by nodename 12097@pr-hdds-1998-jt8wz-3050591487
2019-08-22 01:58:00,820 [pool-483-thread-1] INFO  storage.RaftStorage (RaftStorage.java:format(72)) - Storage directory /workdir/hadoop-ozone/integration-test/target/test-dir/MiniOzoneClusterImpl-2261fce3-3b3f-45be-b7bf-e56da5754016/datanode-4/data/ratis/69e21d38-9ba8-4027-8dbd-7242badfe69d has been successfully formatted.
2019-08-22 01:58:00,820 [pool-483-thread-1] INFO  ratis.ContainerStateMachine (ContainerStateMachine.java:loadSnapshot(226)) - group-7242BADFE69D: The snapshot info is null. Setting the last applied indexto:(t:0, i:~)
2019-08-22 01:58:00,820 [pool-483-thread-1] INFO  server.RaftServerConfigKeys (ConfUtils.java:logGet(43)) - raft.server.leader.election.timeout = 120s (custom)
2019-08-22 01:58:00,820 [pool-483-thread-1] INFO  server.RaftServerConfigKeys (ConfUtils.java:logGet(43)) - raft.server.log.use.memory = false (default)
2019-08-22 01:58:00,820 [pool-483-thread-1] INFO  server.RaftServerConfigKeys (ConfUtils.java:logGet(43)) - raft.server.log.purge.gap = 1000000 (custom)
2019-08-22 01:58:00,821 [pool-483-thread-1] INFO  server.RaftServerConfigKeys (ConfUtils.java:logGet(43)) - raft.server.log.appender.buffer.byte-limit = 33554432 (custom)
2019-08-22 01:58:00,821 [pool-483-thread-1] INFO  server.RaftServerConfigKeys (ConfUtils.java:logGet(43)) - raft.server.log.segment.size.max = 1048576 (custom)
2019-08-22 01:58:00,821 [pool-483-thread-1] INFO  server.RaftServerConfigKeys (ConfUtils.java:logGet(43)) - raft.server.log.segment.cache.num.max = 2 (custom)
2019-08-22 01:58:00,821 [pool-483-thread-1] INFO  segmented.SegmentedRaftLogWorker (SegmentedRaftLogWorker.java:<init>(172)) - new c9473f95-2b72-4ec6-839c-23a2efec0cdd-SegmentedRaftLogWorker:Storage Directory /workdir/hadoop-ozone/integration-test/target/test-dir/MiniOzoneClusterImpl-2261fce3-3b3f-45be-b7bf-e56da5754016/datanode-4/data/ratis/69e21d38-9ba8-4027-8dbd-7242badfe69d for RaftStorage:Storage Directory /workdir/hadoop-ozone/integration-test/target/test-dir/MiniOzoneClusterImpl-2261fce3-3b3f-45be-b7bf-e56da5754016/datanode-4/data/ratis/69e21d38-9ba8-4027-8dbd-7242badfe69d
2019-08-22 01:58:00,821 [pool-483-thread-1] INFO  server.RaftServerConfigKeys (ConfUtils.java:logGet(43)) - raft.server.log.queue.byte-limit = 2147483647 (custom)
2019-08-22 01:58:00,821 [pool-483-thread-1] INFO  server.RaftServerConfigKeys (ConfUtils.java:logGet(43)) - raft.server.log.queue.element-limit = 1024 (custom)
2019-08-22 01:58:00,822 [pool-483-thread-1] INFO  server.RaftServerConfigKeys (ConfUtils.java:logGet(43)) - raft.server.log.segment.size.max = 1048576 (custom)
2019-08-22 01:58:00,822 [pool-483-thread-1] INFO  server.RaftServerConfigKeys (ConfUtils.java:logGet(43)) - raft.server.log.preallocated.size = 16384 (custom)
2019-08-22 01:58:00,822 [pool-483-thread-1] INFO  server.RaftServerConfigKeys (ConfUtils.java:logGet(43)) - raft.server.log.write.buffer.size = 33554432 (custom)
2019-08-22 01:58:00,822 [pool-483-thread-1] INFO  server.RaftServerConfigKeys (ConfUtils.java:logGet(43)) - raft.server.log.force.sync.num = 128 (default)
2019-08-22 01:58:00,822 [pool-483-thread-1] INFO  server.RaftServerConfigKeys (ConfUtils.java:logGet(43)) - raft.server.log.statemachine.data.sync = true (default)
2019-08-22 01:58:00,822 [pool-483-thread-1] INFO  server.RaftServerConfigKeys (ConfUtils.java:logGet(43)) - raft.server.log.statemachine.data.sync.timeout = 10s (default)
2019-08-22 01:58:00,822 [pool-483-thread-1] INFO  server.RaftServerConfigKeys (ConfUtils.java:logGet(43)) - raft.server.log.statemachine.data.sync.timeout.retry = -1 (default)
2019-08-22 01:58:00,823 [pool-483-thread-1] INFO  server.RaftServerConfigKeys (ConfUtils.java:logGet(43)) - raft.server.log.statemachine.data.caching.enabled = true (custom)
2019-08-22 01:58:00,823 [pool-483-thread-1] INFO  segmented.SegmentedRaftLogWorker (SegmentedRaftLogWorker.java:lambda$new$0(132)) - c9473f95-2b72-4ec6-839c-23a2efec0cdd-SegmentedRaftLogWorker:Storage Directory /workdir/hadoop-ozone/integration-test/target/test-dir/MiniOzoneClusterImpl-2261fce3-3b3f-45be-b7bf-e56da5754016/datanode-4/data/ratis/69e21d38-9ba8-4027-8dbd-7242badfe69d: flushIndex: setUnconditionally 0 -> -1
2019-08-22 01:58:00,823 [pool-483-thread-1] INFO  server.RaftServerConfigKeys (ConfUtils.java:logGet(43)) - raft.server.snapshot.auto.trigger.enabled = true (custom)
2019-08-22 01:58:00,824 [pool-483-thread-1] INFO  server.RaftServerConfigKeys (ConfUtils.java:logGet(43)) - raft.server.snapshot.auto.trigger.threshold = 10000 (custom)
2019-08-22 01:58:00,824 [pool-483-thread-1] INFO  server.RaftServerConfigKeys (ConfUtils.java:logGet(43)) - raft.server.retrycache.expirytime = 600000ms (custom)
2019-08-22 01:58:00,824 [pool-483-thread-1] INFO  impl.RaftServerImpl (RaftServerImpl.java:start(180)) - c9473f95-2b72-4ec6-839c-23a2efec0cdd: start group-7242BADFE69D
2019-08-22 01:58:00,824 [pool-483-thread-1] INFO  impl.RaftServerImpl (RaftServerImpl.java:setRole(171)) - c9473f95-2b72-4ec6-839c-23a2efec0cdd:group-7242BADFE69D changes role from null to FOLLOWER at term 0 for startAsFollower
2019-08-22 01:58:00,824 [pool-483-thread-1] INFO  impl.RoleInfo (RoleInfo.java:updateAndGet(143)) - c9473f95-2b72-4ec6-839c-23a2efec0cdd: start FollowerState
2019-08-22 01:58:00,825 [pool-483-thread-1] INFO  util.JmxRegister (JmxRegister.java:tryRegister(44)) - Successfully registered JMX Bean with object name Ratis:service=RaftServer,group=group-7242BADFE69D,id=c9473f95-2b72-4ec6-839c-23a2efec0cdd
2019-08-22 01:58:00,830 [RatisPipelineUtilsThread] INFO  pipeline.PipelineStateManager (PipelineStateManager.java:addPipeline(56)) - Created pipeline Pipeline[ Id: 69e21d38-9ba8-4027-8dbd-7242badfe69d, Nodes: c9473f95-2b72-4ec6-839c-23a2efec0cdd{ip: 192.168.34.54, host: pr-hdds-1998-jt8wz-3050591487, networkLocation: /default-rack, certSerialId: null}, Type:RATIS, Factor:ONE, State:OPEN]
2019-08-22 01:58:00,964 [IPC Server handler 19 on 41501] INFO  net.NetworkTopology (NetworkTopologyImpl.java:add(110)) - Added a new node: /default-rack/fcccdfbe-c34f-4324-a92c-8940ffc9076a
2019-08-22 01:58:00,965 [IPC Server handler 19 on 41501] INFO  node.SCMNodeManager (SCMNodeManager.java:register(273)) - Registered Data node : fcccdfbe-c34f-4324-a92c-8940ffc9076a{ip: 192.168.34.54, host: pr-hdds-1998-jt8wz-3050591487, networkLocation: /default-rack, certSerialId: null}
2019-08-22 01:58:00,966 | INFO  | SCMAudit | user=jenkins1000 | ip=192.168.34.54 | op=REGISTER {datanodeDetails=fcccdfbe-c34f-4324-a92c-8940ffc9076a{ip: 192.168.34.54, host: pr-hdds-1998-jt8wz-3050591487, networkLocation: /default-rack, certSerialId: null}} | ret=SUCCESS |  
2019-08-22 01:58:00,980 [grpc-default-executor-6] INFO  impl.RaftServerProxy (RaftServerProxy.java:addNew(89)) - fcccdfbe-c34f-4324-a92c-8940ffc9076a: addNew group-C1FA9A5A1307:[fcccdfbe-c34f-4324-a92c-8940ffc9076a:192.168.34.54:44996] returns group-C1FA9A5A1307:java.util.concurrent.CompletableFuture@2086ea55[Not completed]
2019-08-22 01:58:00,981 [pool-494-thread-1] INFO  impl.RaftServerImpl (RaftServerImpl.java:<init>(93)) - fcccdfbe-c34f-4324-a92c-8940ffc9076a: new RaftServerImpl for group-C1FA9A5A1307:[fcccdfbe-c34f-4324-a92c-8940ffc9076a:192.168.34.54:44996] with ContainerStateMachine:uninitialized
2019-08-22 01:58:00,982 [pool-494-thread-1] INFO  server.RaftServerConfigKeys (ConfUtils.java:logGet(43)) - raft.server.rpc.timeout.min = 5s (custom)
2019-08-22 01:58:00,982 [pool-494-thread-1] INFO  server.RaftServerConfigKeys (ConfUtils.java:logGet(43)) - raft.server.rpc.timeout.max = 5200ms (custom)
2019-08-22 01:58:00,982 [pool-494-thread-1] INFO  server.RaftServerConfigKeys (ConfUtils.java:logGet(43)) - raft.server.rpcslowness.timeout = 120s (custom)
2019-08-22 01:58:00,982 [pool-494-thread-1] INFO  server.RaftServerConfigKeys (ConfUtils.java:logGet(43)) - raft.server.sleep.deviation.threshold = 300 (default)
2019-08-22 01:58:00,982 [pool-494-thread-1] INFO  server.RaftServerConfigKeys (ConfUtils.java:logGet(43)) - raft.server.log.appender.install.snapshot.enabled = false (custom)
2019-08-22 01:58:00,982 [pool-494-thread-1] INFO  impl.RaftServerImpl (ServerState.java:<init>(105)) - fcccdfbe-c34f-4324-a92c-8940ffc9076a:group-C1FA9A5A1307 ConfigurationManager, init=-1: [fcccdfbe-c34f-4324-a92c-8940ffc9076a:192.168.34.54:44996], old=null, confs=<EMPTY_MAP>
2019-08-22 01:58:00,983 [pool-494-thread-1] INFO  server.RaftServerConfigKeys (ConfUtils.java:logGet(43)) - raft.server.storage.dir = [/workdir/hadoop-ozone/integration-test/target/test-dir/MiniOzoneClusterImpl-2261fce3-3b3f-45be-b7bf-e56da5754016/datanode-5/data/ratis] (custom)
2019-08-22 01:58:00,983 [pool-494-thread-1] INFO  storage.RaftStorageDirectory (RaftStorageDirectory.java:analyzeStorage(246)) - The storage directory /workdir/hadoop-ozone/integration-test/target/test-dir/MiniOzoneClusterImpl-2261fce3-3b3f-45be-b7bf-e56da5754016/datanode-5/data/ratis/169d78bf-1d2c-4fb1-bfb7-c1fa9a5a1307 does not exist. Creating ...
2019-08-22 01:58:00,996 [pool-494-thread-1] INFO  storage.RaftStorageDirectory (RaftStorageDirectory.java:tryLock(328)) - Lock on /workdir/hadoop-ozone/integration-test/target/test-dir/MiniOzoneClusterImpl-2261fce3-3b3f-45be-b7bf-e56da5754016/datanode-5/data/ratis/169d78bf-1d2c-4fb1-bfb7-c1fa9a5a1307/in_use.lock acquired by nodename 12097@pr-hdds-1998-jt8wz-3050591487
2019-08-22 01:58:01,009 [pool-494-thread-1] INFO  storage.RaftStorage (RaftStorage.java:format(72)) - Storage directory /workdir/hadoop-ozone/integration-test/target/test-dir/MiniOzoneClusterImpl-2261fce3-3b3f-45be-b7bf-e56da5754016/datanode-5/data/ratis/169d78bf-1d2c-4fb1-bfb7-c1fa9a5a1307 has been successfully formatted.
2019-08-22 01:58:01,009 [pool-494-thread-1] INFO  ratis.ContainerStateMachine (ContainerStateMachine.java:loadSnapshot(226)) - group-C1FA9A5A1307: The snapshot info is null. Setting the last applied indexto:(t:0, i:~)
2019-08-22 01:58:01,010 [pool-494-thread-1] INFO  server.RaftServerConfigKeys (ConfUtils.java:logGet(43)) - raft.server.leader.election.timeout = 120s (custom)
2019-08-22 01:58:01,010 [pool-494-thread-1] INFO  server.RaftServerConfigKeys (ConfUtils.java:logGet(43)) - raft.server.log.use.memory = false (default)
2019-08-22 01:58:01,010 [pool-494-thread-1] INFO  server.RaftServerConfigKeys (ConfUtils.java:logGet(43)) - raft.server.log.purge.gap = 1000000 (custom)
2019-08-22 01:58:01,010 [pool-494-thread-1] INFO  server.RaftServerConfigKeys (ConfUtils.java:logGet(43)) - raft.server.log.appender.buffer.byte-limit = 33554432 (custom)
2019-08-22 01:58:01,010 [pool-494-thread-1] INFO  server.RaftServerConfigKeys (ConfUtils.java:logGet(43)) - raft.server.log.segment.size.max = 1048576 (custom)
2019-08-22 01:58:01,010 [pool-494-thread-1] INFO  server.RaftServerConfigKeys (ConfUtils.java:logGet(43)) - raft.server.log.segment.cache.num.max = 2 (custom)
2019-08-22 01:58:01,011 [pool-494-thread-1] INFO  segmented.SegmentedRaftLogWorker (SegmentedRaftLogWorker.java:<init>(172)) - new fcccdfbe-c34f-4324-a92c-8940ffc9076a-SegmentedRaftLogWorker:Storage Directory /workdir/hadoop-ozone/integration-test/target/test-dir/MiniOzoneClusterImpl-2261fce3-3b3f-45be-b7bf-e56da5754016/datanode-5/data/ratis/169d78bf-1d2c-4fb1-bfb7-c1fa9a5a1307 for RaftStorage:Storage Directory /workdir/hadoop-ozone/integration-test/target/test-dir/MiniOzoneClusterImpl-2261fce3-3b3f-45be-b7bf-e56da5754016/datanode-5/data/ratis/169d78bf-1d2c-4fb1-bfb7-c1fa9a5a1307
2019-08-22 01:58:01,011 [pool-494-thread-1] INFO  server.RaftServerConfigKeys (ConfUtils.java:logGet(43)) - raft.server.log.queue.byte-limit = 2147483647 (custom)
2019-08-22 01:58:01,011 [pool-494-thread-1] INFO  server.RaftServerConfigKeys (ConfUtils.java:logGet(43)) - raft.server.log.queue.element-limit = 1024 (custom)
2019-08-22 01:58:01,011 [pool-494-thread-1] INFO  server.RaftServerConfigKeys (ConfUtils.java:logGet(43)) - raft.server.log.segment.size.max = 1048576 (custom)
2019-08-22 01:58:01,011 [pool-494-thread-1] INFO  server.RaftServerConfigKeys (ConfUtils.java:logGet(43)) - raft.server.log.preallocated.size = 16384 (custom)
2019-08-22 01:58:01,011 [pool-494-thread-1] INFO  server.RaftServerConfigKeys (ConfUtils.java:logGet(43)) - raft.server.log.write.buffer.size = 33554432 (custom)
2019-08-22 01:58:01,012 [pool-494-thread-1] INFO  server.RaftServerConfigKeys (ConfUtils.java:logGet(43)) - raft.server.log.force.sync.num = 128 (default)
2019-08-22 01:58:01,012 [pool-494-thread-1] INFO  server.RaftServerConfigKeys (ConfUtils.java:logGet(43)) - raft.server.log.statemachine.data.sync = true (default)
2019-08-22 01:58:01,012 [pool-494-thread-1] INFO  server.RaftServerConfigKeys (ConfUtils.java:logGet(43)) - raft.server.log.statemachine.data.sync.timeout = 10s (default)
2019-08-22 01:58:01,012 [pool-494-thread-1] INFO  server.RaftServerConfigKeys (ConfUtils.java:logGet(43)) - raft.server.log.statemachine.data.sync.timeout.retry = -1 (default)
2019-08-22 01:58:01,012 [pool-494-thread-1] INFO  server.RaftServerConfigKeys (ConfUtils.java:logGet(43)) - raft.server.log.statemachine.data.caching.enabled = true (custom)
2019-08-22 01:58:01,013 [pool-494-thread-1] INFO  segmented.SegmentedRaftLogWorker (SegmentedRaftLogWorker.java:lambda$new$0(132)) - fcccdfbe-c34f-4324-a92c-8940ffc9076a-SegmentedRaftLogWorker:Storage Directory /workdir/hadoop-ozone/integration-test/target/test-dir/MiniOzoneClusterImpl-2261fce3-3b3f-45be-b7bf-e56da5754016/datanode-5/data/ratis/169d78bf-1d2c-4fb1-bfb7-c1fa9a5a1307: flushIndex: setUnconditionally 0 -> -1
2019-08-22 01:58:01,013 [pool-494-thread-1] INFO  server.RaftServerConfigKeys (ConfUtils.java:logGet(43)) - raft.server.snapshot.auto.trigger.enabled = true (custom)
2019-08-22 01:58:01,013 [pool-494-thread-1] INFO  server.RaftServerConfigKeys (ConfUtils.java:logGet(43)) - raft.server.snapshot.auto.trigger.threshold = 10000 (custom)
2019-08-22 01:58:01,014 [pool-494-thread-1] INFO  server.RaftServerConfigKeys (ConfUtils.java:logGet(43)) - raft.server.retrycache.expirytime = 600000ms (custom)
2019-08-22 01:58:01,014 [pool-494-thread-1] INFO  impl.RaftServerImpl (RaftServerImpl.java:start(180)) - fcccdfbe-c34f-4324-a92c-8940ffc9076a: start group-C1FA9A5A1307
2019-08-22 01:58:01,014 [pool-494-thread-1] INFO  impl.RaftServerImpl (RaftServerImpl.java:setRole(171)) - fcccdfbe-c34f-4324-a92c-8940ffc9076a:group-C1FA9A5A1307 changes role from null to FOLLOWER at term 0 for startAsFollower
2019-08-22 01:58:01,014 [pool-494-thread-1] INFO  impl.RoleInfo (RoleInfo.java:updateAndGet(143)) - fcccdfbe-c34f-4324-a92c-8940ffc9076a: start FollowerState
2019-08-22 01:58:01,015 [pool-494-thread-1] INFO  util.JmxRegister (JmxRegister.java:tryRegister(44)) - Successfully registered JMX Bean with object name Ratis:service=RaftServer,group=group-C1FA9A5A1307,id=fcccdfbe-c34f-4324-a92c-8940ffc9076a
2019-08-22 01:58:01,020 [RatisPipelineUtilsThread] INFO  pipeline.PipelineStateManager (PipelineStateManager.java:addPipeline(56)) - Created pipeline Pipeline[ Id: 169d78bf-1d2c-4fb1-bfb7-c1fa9a5a1307, Nodes: fcccdfbe-c34f-4324-a92c-8940ffc9076a{ip: 192.168.34.54, host: pr-hdds-1998-jt8wz-3050591487, networkLocation: /default-rack, certSerialId: null}, Type:RATIS, Factor:ONE, State:OPEN]
2019-08-22 01:58:01,033 [grpc-default-executor-6] INFO  impl.RaftServerProxy (RaftServerProxy.java:addNew(89)) - fcccdfbe-c34f-4324-a92c-8940ffc9076a: addNew group-EA5CC32FE9F4:[f058baaf-af82-4783-b3d7-382a54c54b25:192.168.34.54:38684, fcccdfbe-c34f-4324-a92c-8940ffc9076a:192.168.34.54:44996, c9473f95-2b72-4ec6-839c-23a2efec0cdd:192.168.34.54:36137] returns group-EA5CC32FE9F4:java.util.concurrent.CompletableFuture@1f9d804d[Not completed]
2019-08-22 01:58:01,034 [grpc-default-executor-0] INFO  impl.RaftServerProxy (RaftServerProxy.java:addNew(89)) - c9473f95-2b72-4ec6-839c-23a2efec0cdd: addNew group-EA5CC32FE9F4:[f058baaf-af82-4783-b3d7-382a54c54b25:192.168.34.54:38684, fcccdfbe-c34f-4324-a92c-8940ffc9076a:192.168.34.54:44996, c9473f95-2b72-4ec6-839c-23a2efec0cdd:192.168.34.54:36137] returns group-EA5CC32FE9F4:java.util.concurrent.CompletableFuture@12ea2d83[Not completed]
2019-08-22 01:58:01,033 [grpc-default-executor-4] INFO  impl.RaftServerProxy (RaftServerProxy.java:addNew(89)) - f058baaf-af82-4783-b3d7-382a54c54b25: addNew group-EA5CC32FE9F4:[f058baaf-af82-4783-b3d7-382a54c54b25:192.168.34.54:38684, fcccdfbe-c34f-4324-a92c-8940ffc9076a:192.168.34.54:44996, c9473f95-2b72-4ec6-839c-23a2efec0cdd:192.168.34.54:36137] returns group-EA5CC32FE9F4:java.util.concurrent.CompletableFuture@5ec3dcf[Not completed]
2019-08-22 01:58:01,035 [pool-472-thread-1] INFO  impl.RaftServerImpl (RaftServerImpl.java:<init>(93)) - f058baaf-af82-4783-b3d7-382a54c54b25: new RaftServerImpl for group-EA5CC32FE9F4:[f058baaf-af82-4783-b3d7-382a54c54b25:192.168.34.54:38684, fcccdfbe-c34f-4324-a92c-8940ffc9076a:192.168.34.54:44996, c9473f95-2b72-4ec6-839c-23a2efec0cdd:192.168.34.54:36137] with ContainerStateMachine:uninitialized
2019-08-22 01:58:01,035 [pool-472-thread-1] INFO  server.RaftServerConfigKeys (ConfUtils.java:logGet(43)) - raft.server.rpc.timeout.min = 5s (custom)
2019-08-22 01:58:01,035 [pool-494-thread-1] INFO  impl.RaftServerImpl (RaftServerImpl.java:<init>(93)) - fcccdfbe-c34f-4324-a92c-8940ffc9076a: new RaftServerImpl for group-EA5CC32FE9F4:[f058baaf-af82-4783-b3d7-382a54c54b25:192.168.34.54:38684, fcccdfbe-c34f-4324-a92c-8940ffc9076a:192.168.34.54:44996, c9473f95-2b72-4ec6-839c-23a2efec0cdd:192.168.34.54:36137] with ContainerStateMachine:uninitialized
2019-08-22 01:58:01,035 [pool-472-thread-1] INFO  server.RaftServerConfigKeys (ConfUtils.java:logGet(43)) - raft.server.rpc.timeout.max = 5200ms (custom)
2019-08-22 01:58:01,035 [pool-494-thread-1] INFO  server.RaftServerConfigKeys (ConfUtils.java:logGet(43)) - raft.server.rpc.timeout.min = 5s (custom)
2019-08-22 01:58:01,035 [pool-472-thread-1] INFO  server.RaftServerConfigKeys (ConfUtils.java:logGet(43)) - raft.server.rpcslowness.timeout = 120s (custom)
2019-08-22 01:58:01,035 [pool-483-thread-1] INFO  impl.RaftServerImpl (RaftServerImpl.java:<init>(93)) - c9473f95-2b72-4ec6-839c-23a2efec0cdd: new RaftServerImpl for group-EA5CC32FE9F4:[f058baaf-af82-4783-b3d7-382a54c54b25:192.168.34.54:38684, fcccdfbe-c34f-4324-a92c-8940ffc9076a:192.168.34.54:44996, c9473f95-2b72-4ec6-839c-23a2efec0cdd:192.168.34.54:36137] with ContainerStateMachine:uninitialized
2019-08-22 01:58:01,035 [pool-494-thread-1] INFO  server.RaftServerConfigKeys (ConfUtils.java:logGet(43)) - raft.server.rpc.timeout.max = 5200ms (custom)
2019-08-22 01:58:01,036 [pool-483-thread-1] INFO  server.RaftServerConfigKeys (ConfUtils.java:logGet(43)) - raft.server.rpc.timeout.min = 5s (custom)
2019-08-22 01:58:01,035 [pool-472-thread-1] INFO  server.RaftServerConfigKeys (ConfUtils.java:logGet(43)) - raft.server.sleep.deviation.threshold = 300 (default)
2019-08-22 01:58:01,036 [pool-483-thread-1] INFO  server.RaftServerConfigKeys (ConfUtils.java:logGet(43)) - raft.server.rpc.timeout.max = 5200ms (custom)
2019-08-22 01:58:01,036 [pool-494-thread-1] INFO  server.RaftServerConfigKeys (ConfUtils.java:logGet(43)) - raft.server.rpcslowness.timeout = 120s (custom)
2019-08-22 01:58:01,036 [pool-483-thread-1] INFO  server.RaftServerConfigKeys (ConfUtils.java:logGet(43)) - raft.server.rpcslowness.timeout = 120s (custom)
2019-08-22 01:58:01,036 [pool-472-thread-1] INFO  server.RaftServerConfigKeys (ConfUtils.java:logGet(43)) - raft.server.log.appender.install.snapshot.enabled = false (custom)
2019-08-22 01:58:01,036 [pool-483-thread-1] INFO  server.RaftServerConfigKeys (ConfUtils.java:logGet(43)) - raft.server.sleep.deviation.threshold = 300 (default)
2019-08-22 01:58:01,036 [pool-494-thread-1] INFO  server.RaftServerConfigKeys (ConfUtils.java:logGet(43)) - raft.server.sleep.deviation.threshold = 300 (default)
2019-08-22 01:58:01,036 [pool-472-thread-1] INFO  impl.RaftServerImpl (ServerState.java:<init>(105)) - f058baaf-af82-4783-b3d7-382a54c54b25:group-EA5CC32FE9F4 ConfigurationManager, init=-1: [f058baaf-af82-4783-b3d7-382a54c54b25:192.168.34.54:38684, fcccdfbe-c34f-4324-a92c-8940ffc9076a:192.168.34.54:44996, c9473f95-2b72-4ec6-839c-23a2efec0cdd:192.168.34.54:36137], old=null, confs=<EMPTY_MAP>
2019-08-22 01:58:01,037 [pool-483-thread-1] INFO  server.RaftServerConfigKeys (ConfUtils.java:logGet(43)) - raft.server.log.appender.install.snapshot.enabled = false (custom)
2019-08-22 01:58:01,037 [pool-494-thread-1] INFO  server.RaftServerConfigKeys (ConfUtils.java:logGet(43)) - raft.server.log.appender.install.snapshot.enabled = false (custom)
2019-08-22 01:58:01,037 [pool-472-thread-1] INFO  server.RaftServerConfigKeys (ConfUtils.java:logGet(43)) - raft.server.storage.dir = [/workdir/hadoop-ozone/integration-test/target/test-dir/MiniOzoneClusterImpl-2261fce3-3b3f-45be-b7bf-e56da5754016/datanode-3/data/ratis] (custom)
2019-08-22 01:58:01,037 [pool-483-thread-1] INFO  impl.RaftServerImpl (ServerState.java:<init>(105)) - c9473f95-2b72-4ec6-839c-23a2efec0cdd:group-EA5CC32FE9F4 ConfigurationManager, init=-1: [f058baaf-af82-4783-b3d7-382a54c54b25:192.168.34.54:38684, fcccdfbe-c34f-4324-a92c-8940ffc9076a:192.168.34.54:44996, c9473f95-2b72-4ec6-839c-23a2efec0cdd:192.168.34.54:36137], old=null, confs=<EMPTY_MAP>
2019-08-22 01:58:01,037 [pool-494-thread-1] INFO  impl.RaftServerImpl (ServerState.java:<init>(105)) - fcccdfbe-c34f-4324-a92c-8940ffc9076a:group-EA5CC32FE9F4 ConfigurationManager, init=-1: [f058baaf-af82-4783-b3d7-382a54c54b25:192.168.34.54:38684, fcccdfbe-c34f-4324-a92c-8940ffc9076a:192.168.34.54:44996, c9473f95-2b72-4ec6-839c-23a2efec0cdd:192.168.34.54:36137], old=null, confs=<EMPTY_MAP>
2019-08-22 01:58:01,037 [pool-483-thread-1] INFO  server.RaftServerConfigKeys (ConfUtils.java:logGet(43)) - raft.server.storage.dir = [/workdir/hadoop-ozone/integration-test/target/test-dir/MiniOzoneClusterImpl-2261fce3-3b3f-45be-b7bf-e56da5754016/datanode-4/data/ratis] (custom)
2019-08-22 01:58:01,037 [pool-494-thread-1] INFO  server.RaftServerConfigKeys (ConfUtils.java:logGet(43)) - raft.server.storage.dir = [/workdir/hadoop-ozone/integration-test/target/test-dir/MiniOzoneClusterImpl-2261fce3-3b3f-45be-b7bf-e56da5754016/datanode-5/data/ratis] (custom)
2019-08-22 01:58:01,037 [pool-472-thread-1] INFO  storage.RaftStorageDirectory (RaftStorageDirectory.java:analyzeStorage(246)) - The storage directory /workdir/hadoop-ozone/integration-test/target/test-dir/MiniOzoneClusterImpl-2261fce3-3b3f-45be-b7bf-e56da5754016/datanode-3/data/ratis/c29e6fdc-c4e1-45ff-bce5-ea5cc32fe9f4 does not exist. Creating ...
2019-08-22 01:58:01,038 [pool-483-thread-1] INFO  storage.RaftStorageDirectory (RaftStorageDirectory.java:analyzeStorage(246)) - The storage directory /workdir/hadoop-ozone/integration-test/target/test-dir/MiniOzoneClusterImpl-2261fce3-3b3f-45be-b7bf-e56da5754016/datanode-4/data/ratis/c29e6fdc-c4e1-45ff-bce5-ea5cc32fe9f4 does not exist. Creating ...
2019-08-22 01:58:01,038 [pool-494-thread-1] INFO  storage.RaftStorageDirectory (RaftStorageDirectory.java:analyzeStorage(246)) - The storage directory /workdir/hadoop-ozone/integration-test/target/test-dir/MiniOzoneClusterImpl-2261fce3-3b3f-45be-b7bf-e56da5754016/datanode-5/data/ratis/c29e6fdc-c4e1-45ff-bce5-ea5cc32fe9f4 does not exist. Creating ...
2019-08-22 01:58:01,062 [pool-494-thread-1] INFO  storage.RaftStorageDirectory (RaftStorageDirectory.java:tryLock(328)) - Lock on /workdir/hadoop-ozone/integration-test/target/test-dir/MiniOzoneClusterImpl-2261fce3-3b3f-45be-b7bf-e56da5754016/datanode-5/data/ratis/c29e6fdc-c4e1-45ff-bce5-ea5cc32fe9f4/in_use.lock acquired by nodename 12097@pr-hdds-1998-jt8wz-3050591487
2019-08-22 01:58:01,062 [pool-472-thread-1] INFO  storage.RaftStorageDirectory (RaftStorageDirectory.java:tryLock(328)) - Lock on /workdir/hadoop-ozone/integration-test/target/test-dir/MiniOzoneClusterImpl-2261fce3-3b3f-45be-b7bf-e56da5754016/datanode-3/data/ratis/c29e6fdc-c4e1-45ff-bce5-ea5cc32fe9f4/in_use.lock acquired by nodename 12097@pr-hdds-1998-jt8wz-3050591487
2019-08-22 01:58:01,062 [pool-483-thread-1] INFO  storage.RaftStorageDirectory (RaftStorageDirectory.java:tryLock(328)) - Lock on /workdir/hadoop-ozone/integration-test/target/test-dir/MiniOzoneClusterImpl-2261fce3-3b3f-45be-b7bf-e56da5754016/datanode-4/data/ratis/c29e6fdc-c4e1-45ff-bce5-ea5cc32fe9f4/in_use.lock acquired by nodename 12097@pr-hdds-1998-jt8wz-3050591487
2019-08-22 01:58:01,080 [pool-472-thread-1] INFO  storage.RaftStorage (RaftStorage.java:format(72)) - Storage directory /workdir/hadoop-ozone/integration-test/target/test-dir/MiniOzoneClusterImpl-2261fce3-3b3f-45be-b7bf-e56da5754016/datanode-3/data/ratis/c29e6fdc-c4e1-45ff-bce5-ea5cc32fe9f4 has been successfully formatted.
2019-08-22 01:58:01,080 [pool-483-thread-1] INFO  storage.RaftStorage (RaftStorage.java:format(72)) - Storage directory /workdir/hadoop-ozone/integration-test/target/test-dir/MiniOzoneClusterImpl-2261fce3-3b3f-45be-b7bf-e56da5754016/datanode-4/data/ratis/c29e6fdc-c4e1-45ff-bce5-ea5cc32fe9f4 has been successfully formatted.
2019-08-22 01:58:01,080 [pool-494-thread-1] INFO  storage.RaftStorage (RaftStorage.java:format(72)) - Storage directory /workdir/hadoop-ozone/integration-test/target/test-dir/MiniOzoneClusterImpl-2261fce3-3b3f-45be-b7bf-e56da5754016/datanode-5/data/ratis/c29e6fdc-c4e1-45ff-bce5-ea5cc32fe9f4 has been successfully formatted.
2019-08-22 01:58:01,080 [pool-483-thread-1] INFO  ratis.ContainerStateMachine (ContainerStateMachine.java:loadSnapshot(226)) - group-EA5CC32FE9F4: The snapshot info is null. Setting the last applied indexto:(t:0, i:~)
2019-08-22 01:58:01,080 [pool-472-thread-1] INFO  ratis.ContainerStateMachine (ContainerStateMachine.java:loadSnapshot(226)) - group-EA5CC32FE9F4: The snapshot info is null. Setting the last applied indexto:(t:0, i:~)
2019-08-22 01:58:01,080 [pool-483-thread-1] INFO  server.RaftServerConfigKeys (ConfUtils.java:logGet(43)) - raft.server.leader.election.timeout = 120s (custom)
2019-08-22 01:58:01,080 [pool-494-thread-1] INFO  ratis.ContainerStateMachine (ContainerStateMachine.java:loadSnapshot(226)) - group-EA5CC32FE9F4: The snapshot info is null. Setting the last applied indexto:(t:0, i:~)
2019-08-22 01:58:01,081 [pool-483-thread-1] INFO  server.RaftServerConfigKeys (ConfUtils.java:logGet(43)) - raft.server.log.use.memory = false (default)
2019-08-22 01:58:01,080 [pool-472-thread-1] INFO  server.RaftServerConfigKeys (ConfUtils.java:logGet(43)) - raft.server.leader.election.timeout = 120s (custom)
2019-08-22 01:58:01,081 [pool-483-thread-1] INFO  server.RaftServerConfigKeys (ConfUtils.java:logGet(43)) - raft.server.log.purge.gap = 1000000 (custom)
2019-08-22 01:58:01,081 [pool-494-thread-1] INFO  server.RaftServerConfigKeys (ConfUtils.java:logGet(43)) - raft.server.leader.election.timeout = 120s (custom)
2019-08-22 01:58:01,081 [pool-483-thread-1] INFO  server.RaftServerConfigKeys (ConfUtils.java:logGet(43)) - raft.server.log.appender.buffer.byte-limit = 33554432 (custom)
2019-08-22 01:58:01,081 [pool-472-thread-1] INFO  server.RaftServerConfigKeys (ConfUtils.java:logGet(43)) - raft.server.log.use.memory = false (default)
2019-08-22 01:58:01,081 [pool-483-thread-1] INFO  server.RaftServerConfigKeys (ConfUtils.java:logGet(43)) - raft.server.log.segment.size.max = 1048576 (custom)
2019-08-22 01:58:01,081 [pool-494-thread-1] INFO  server.RaftServerConfigKeys (ConfUtils.java:logGet(43)) - raft.server.log.use.memory = false (default)
2019-08-22 01:58:01,082 [pool-483-thread-1] INFO  server.RaftServerConfigKeys (ConfUtils.java:logGet(43)) - raft.server.log.segment.cache.num.max = 2 (custom)
2019-08-22 01:58:01,082 [pool-472-thread-1] INFO  server.RaftServerConfigKeys (ConfUtils.java:logGet(43)) - raft.server.log.purge.gap = 1000000 (custom)
2019-08-22 01:58:01,082 [pool-483-thread-1] INFO  segmented.SegmentedRaftLogWorker (SegmentedRaftLogWorker.java:<init>(172)) - new c9473f95-2b72-4ec6-839c-23a2efec0cdd-SegmentedRaftLogWorker:Storage Directory /workdir/hadoop-ozone/integration-test/target/test-dir/MiniOzoneClusterImpl-2261fce3-3b3f-45be-b7bf-e56da5754016/datanode-4/data/ratis/c29e6fdc-c4e1-45ff-bce5-ea5cc32fe9f4 for RaftStorage:Storage Directory /workdir/hadoop-ozone/integration-test/target/test-dir/MiniOzoneClusterImpl-2261fce3-3b3f-45be-b7bf-e56da5754016/datanode-4/data/ratis/c29e6fdc-c4e1-45ff-bce5-ea5cc32fe9f4
2019-08-22 01:58:01,082 [pool-494-thread-1] INFO  server.RaftServerConfigKeys (ConfUtils.java:logGet(43)) - raft.server.log.purge.gap = 1000000 (custom)
2019-08-22 01:58:01,082 [pool-483-thread-1] INFO  server.RaftServerConfigKeys (ConfUtils.java:logGet(43)) - raft.server.log.queue.byte-limit = 2147483647 (custom)
2019-08-22 01:58:01,082 [pool-483-thread-1] INFO  server.RaftServerConfigKeys (ConfUtils.java:logGet(43)) - raft.server.log.queue.element-limit = 1024 (custom)
2019-08-22 01:58:01,082 [pool-472-thread-1] INFO  server.RaftServerConfigKeys (ConfUtils.java:logGet(43)) - raft.server.log.appender.buffer.byte-limit = 33554432 (custom)
2019-08-22 01:58:01,083 [pool-483-thread-1] INFO  server.RaftServerConfigKeys (ConfUtils.java:logGet(43)) - raft.server.log.segment.size.max = 1048576 (custom)
2019-08-22 01:58:01,082 [pool-494-thread-1] INFO  server.RaftServerConfigKeys (ConfUtils.java:logGet(43)) - raft.server.log.appender.buffer.byte-limit = 33554432 (custom)
2019-08-22 01:58:01,083 [pool-483-thread-1] INFO  server.RaftServerConfigKeys (ConfUtils.java:logGet(43)) - raft.server.log.preallocated.size = 16384 (custom)
2019-08-22 01:58:01,083 [pool-483-thread-1] INFO  server.RaftServerConfigKeys (ConfUtils.java:logGet(43)) - raft.server.log.write.buffer.size = 33554432 (custom)
2019-08-22 01:58:01,083 [pool-472-thread-1] INFO  server.RaftServerConfigKeys (ConfUtils.java:logGet(43)) - raft.server.log.segment.size.max = 1048576 (custom)
2019-08-22 01:58:01,083 [pool-483-thread-1] INFO  server.RaftServerConfigKeys (ConfUtils.java:logGet(43)) - raft.server.log.force.sync.num = 128 (default)
2019-08-22 01:58:01,083 [pool-483-thread-1] INFO  server.RaftServerConfigKeys (ConfUtils.java:logGet(43)) - raft.server.log.statemachine.data.sync = true (default)
2019-08-22 01:58:01,083 [pool-494-thread-1] INFO  server.RaftServerConfigKeys (ConfUtils.java:logGet(43)) - raft.server.log.segment.size.max = 1048576 (custom)
2019-08-22 01:58:01,084 [pool-483-thread-1] INFO  server.RaftServerConfigKeys (ConfUtils.java:logGet(43)) - raft.server.log.statemachine.data.sync.timeout = 10s (default)
2019-08-22 01:58:01,083 [pool-472-thread-1] INFO  server.RaftServerConfigKeys (ConfUtils.java:logGet(43)) - raft.server.log.segment.cache.num.max = 2 (custom)
2019-08-22 01:58:01,084 [pool-483-thread-1] INFO  server.RaftServerConfigKeys (ConfUtils.java:logGet(43)) - raft.server.log.statemachine.data.sync.timeout.retry = -1 (default)
2019-08-22 01:58:01,084 [pool-494-thread-1] INFO  server.RaftServerConfigKeys (ConfUtils.java:logGet(43)) - raft.server.log.segment.cache.num.max = 2 (custom)
2019-08-22 01:58:01,084 [pool-483-thread-1] INFO  server.RaftServerConfigKeys (ConfUtils.java:logGet(43)) - raft.server.log.statemachine.data.caching.enabled = true (custom)
2019-08-22 01:58:01,084 [pool-472-thread-1] INFO  segmented.SegmentedRaftLogWorker (SegmentedRaftLogWorker.java:<init>(172)) - new f058baaf-af82-4783-b3d7-382a54c54b25-SegmentedRaftLogWorker:Storage Directory /workdir/hadoop-ozone/integration-test/target/test-dir/MiniOzoneClusterImpl-2261fce3-3b3f-45be-b7bf-e56da5754016/datanode-3/data/ratis/c29e6fdc-c4e1-45ff-bce5-ea5cc32fe9f4 for RaftStorage:Storage Directory /workdir/hadoop-ozone/integration-test/target/test-dir/MiniOzoneClusterImpl-2261fce3-3b3f-45be-b7bf-e56da5754016/datanode-3/data/ratis/c29e6fdc-c4e1-45ff-bce5-ea5cc32fe9f4
2019-08-22 01:58:01,084 [pool-494-thread-1] INFO  segmented.SegmentedRaftLogWorker (SegmentedRaftLogWorker.java:<init>(172)) - new fcccdfbe-c34f-4324-a92c-8940ffc9076a-SegmentedRaftLogWorker:Storage Directory /workdir/hadoop-ozone/integration-test/target/test-dir/MiniOzoneClusterImpl-2261fce3-3b3f-45be-b7bf-e56da5754016/datanode-5/data/ratis/c29e6fdc-c4e1-45ff-bce5-ea5cc32fe9f4 for RaftStorage:Storage Directory /workdir/hadoop-ozone/integration-test/target/test-dir/MiniOzoneClusterImpl-2261fce3-3b3f-45be-b7bf-e56da5754016/datanode-5/data/ratis/c29e6fdc-c4e1-45ff-bce5-ea5cc32fe9f4
2019-08-22 01:58:01,085 [pool-483-thread-1] INFO  segmented.SegmentedRaftLogWorker (SegmentedRaftLogWorker.java:lambda$new$0(132)) - c9473f95-2b72-4ec6-839c-23a2efec0cdd-SegmentedRaftLogWorker:Storage Directory /workdir/hadoop-ozone/integration-test/target/test-dir/MiniOzoneClusterImpl-2261fce3-3b3f-45be-b7bf-e56da5754016/datanode-4/data/ratis/c29e6fdc-c4e1-45ff-bce5-ea5cc32fe9f4: flushIndex: setUnconditionally 0 -> -1
2019-08-22 01:58:01,085 [pool-472-thread-1] INFO  server.RaftServerConfigKeys (ConfUtils.java:logGet(43)) - raft.server.log.queue.byte-limit = 2147483647 (custom)
2019-08-22 01:58:01,085 [pool-494-thread-1] INFO  server.RaftServerConfigKeys (ConfUtils.java:logGet(43)) - raft.server.log.queue.byte-limit = 2147483647 (custom)
2019-08-22 01:58:01,085 [pool-483-thread-1] INFO  server.RaftServerConfigKeys (ConfUtils.java:logGet(43)) - raft.server.snapshot.auto.trigger.enabled = true (custom)
2019-08-22 01:58:01,085 [pool-472-thread-1] INFO  server.RaftServerConfigKeys (ConfUtils.java:logGet(43)) - raft.server.log.queue.element-limit = 1024 (custom)
2019-08-22 01:58:01,085 [pool-483-thread-1] INFO  server.RaftServerConfigKeys (ConfUtils.java:logGet(43)) - raft.server.snapshot.auto.trigger.threshold = 10000 (custom)
2019-08-22 01:58:01,085 [pool-494-thread-1] INFO  server.RaftServerConfigKeys (ConfUtils.java:logGet(43)) - raft.server.log.queue.element-limit = 1024 (custom)
2019-08-22 01:58:01,086 [pool-483-thread-1] INFO  server.RaftServerConfigKeys (ConfUtils.java:logGet(43)) - raft.server.retrycache.expirytime = 600000ms (custom)
2019-08-22 01:58:01,085 [pool-472-thread-1] INFO  server.RaftServerConfigKeys (ConfUtils.java:logGet(43)) - raft.server.log.segment.size.max = 1048576 (custom)
2019-08-22 01:58:01,086 [pool-494-thread-1] INFO  server.RaftServerConfigKeys (ConfUtils.java:logGet(43)) - raft.server.log.segment.size.max = 1048576 (custom)
2019-08-22 01:58:01,086 [pool-472-thread-1] INFO  server.RaftServerConfigKeys (ConfUtils.java:logGet(43)) - raft.server.log.preallocated.size = 16384 (custom)
2019-08-22 01:58:01,086 [pool-483-thread-1] INFO  impl.RaftServerImpl (RaftServerImpl.java:start(180)) - c9473f95-2b72-4ec6-839c-23a2efec0cdd: start group-EA5CC32FE9F4
2019-08-22 01:58:01,086 [pool-472-thread-1] INFO  server.RaftServerConfigKeys (ConfUtils.java:logGet(43)) - raft.server.log.write.buffer.size = 33554432 (custom)
2019-08-22 01:58:01,086 [pool-494-thread-1] INFO  server.RaftServerConfigKeys (ConfUtils.java:logGet(43)) - raft.server.log.preallocated.size = 16384 (custom)
2019-08-22 01:58:01,087 [pool-472-thread-1] INFO  server.RaftServerConfigKeys (ConfUtils.java:logGet(43)) - raft.server.log.force.sync.num = 128 (default)
2019-08-22 01:58:01,086 [pool-483-thread-1] INFO  impl.RaftServerImpl (RaftServerImpl.java:setRole(171)) - c9473f95-2b72-4ec6-839c-23a2efec0cdd:group-EA5CC32FE9F4 changes role from null to FOLLOWER at term 0 for startAsFollower
2019-08-22 01:58:01,087 [pool-472-thread-1] INFO  server.RaftServerConfigKeys (ConfUtils.java:logGet(43)) - raft.server.log.statemachine.data.sync = true (default)
2019-08-22 01:58:01,087 [pool-494-thread-1] INFO  server.RaftServerConfigKeys (ConfUtils.java:logGet(43)) - raft.server.log.write.buffer.size = 33554432 (custom)
2019-08-22 01:58:01,087 [pool-472-thread-1] INFO  server.RaftServerConfigKeys (ConfUtils.java:logGet(43)) - raft.server.log.statemachine.data.sync.timeout = 10s (default)
2019-08-22 01:58:01,087 [pool-483-thread-1] INFO  impl.RoleInfo (RoleInfo.java:updateAndGet(143)) - c9473f95-2b72-4ec6-839c-23a2efec0cdd: start FollowerState
2019-08-22 01:58:01,087 [pool-472-thread-1] INFO  server.RaftServerConfigKeys (ConfUtils.java:logGet(43)) - raft.server.log.statemachine.data.sync.timeout.retry = -1 (default)
2019-08-22 01:58:01,087 [pool-494-thread-1] INFO  server.RaftServerConfigKeys (ConfUtils.java:logGet(43)) - raft.server.log.force.sync.num = 128 (default)
2019-08-22 01:58:01,088 [pool-472-thread-1] INFO  server.RaftServerConfigKeys (ConfUtils.java:logGet(43)) - raft.server.log.statemachine.data.caching.enabled = true (custom)
2019-08-22 01:58:01,088 [pool-483-thread-1] INFO  util.JmxRegister (JmxRegister.java:tryRegister(44)) - Successfully registered JMX Bean with object name Ratis:service=RaftServer,group=group-EA5CC32FE9F4,id=c9473f95-2b72-4ec6-839c-23a2efec0cdd
2019-08-22 01:58:01,088 [pool-494-thread-1] INFO  server.RaftServerConfigKeys (ConfUtils.java:logGet(43)) - raft.server.log.statemachine.data.sync = true (default)
2019-08-22 01:58:01,088 [pool-472-thread-1] INFO  segmented.SegmentedRaftLogWorker (SegmentedRaftLogWorker.java:lambda$new$0(132)) - f058baaf-af82-4783-b3d7-382a54c54b25-SegmentedRaftLogWorker:Storage Directory /workdir/hadoop-ozone/integration-test/target/test-dir/MiniOzoneClusterImpl-2261fce3-3b3f-45be-b7bf-e56da5754016/datanode-3/data/ratis/c29e6fdc-c4e1-45ff-bce5-ea5cc32fe9f4: flushIndex: setUnconditionally 0 -> -1
2019-08-22 01:58:01,088 [pool-494-thread-1] INFO  server.RaftServerConfigKeys (ConfUtils.java:logGet(43)) - raft.server.log.statemachine.data.sync.timeout = 10s (default)
2019-08-22 01:58:01,089 [pool-494-thread-1] INFO  server.RaftServerConfigKeys (ConfUtils.java:logGet(43)) - raft.server.log.statemachine.data.sync.timeout.retry = -1 (default)
2019-08-22 01:58:01,089 [pool-472-thread-1] INFO  server.RaftServerConfigKeys (ConfUtils.java:logGet(43)) - raft.server.snapshot.auto.trigger.enabled = true (custom)
2019-08-22 01:58:01,089 [pool-494-thread-1] INFO  server.RaftServerConfigKeys (ConfUtils.java:logGet(43)) - raft.server.log.statemachine.data.caching.enabled = true (custom)
2019-08-22 01:58:01,089 [pool-472-thread-1] INFO  server.RaftServerConfigKeys (ConfUtils.java:logGet(43)) - raft.server.snapshot.auto.trigger.threshold = 10000 (custom)
2019-08-22 01:58:01,089 [pool-472-thread-1] INFO  server.RaftServerConfigKeys (ConfUtils.java:logGet(43)) - raft.server.retrycache.expirytime = 600000ms (custom)
2019-08-22 01:58:01,089 [pool-494-thread-1] INFO  segmented.SegmentedRaftLogWorker (SegmentedRaftLogWorker.java:lambda$new$0(132)) - fcccdfbe-c34f-4324-a92c-8940ffc9076a-SegmentedRaftLogWorker:Storage Directory /workdir/hadoop-ozone/integration-test/target/test-dir/MiniOzoneClusterImpl-2261fce3-3b3f-45be-b7bf-e56da5754016/datanode-5/data/ratis/c29e6fdc-c4e1-45ff-bce5-ea5cc32fe9f4: flushIndex: setUnconditionally 0 -> -1
2019-08-22 01:58:01,089 [pool-472-thread-1] INFO  impl.RaftServerImpl (RaftServerImpl.java:start(180)) - f058baaf-af82-4783-b3d7-382a54c54b25: start group-EA5CC32FE9F4
2019-08-22 01:58:01,090 [pool-472-thread-1] INFO  impl.RaftServerImpl (RaftServerImpl.java:setRole(171)) - f058baaf-af82-4783-b3d7-382a54c54b25:group-EA5CC32FE9F4 changes role from null to FOLLOWER at term 0 for startAsFollower
2019-08-22 01:58:01,090 [pool-494-thread-1] INFO  server.RaftServerConfigKeys (ConfUtils.java:logGet(43)) - raft.server.snapshot.auto.trigger.enabled = true (custom)
2019-08-22 01:58:01,090 [pool-472-thread-1] INFO  impl.RoleInfo (RoleInfo.java:updateAndGet(143)) - f058baaf-af82-4783-b3d7-382a54c54b25: start FollowerState
2019-08-22 01:58:01,090 [pool-494-thread-1] INFO  server.RaftServerConfigKeys (ConfUtils.java:logGet(43)) - raft.server.snapshot.auto.trigger.threshold = 10000 (custom)
2019-08-22 01:58:01,090 [pool-494-thread-1] INFO  server.RaftServerConfigKeys (ConfUtils.java:logGet(43)) - raft.server.retrycache.expirytime = 600000ms (custom)
2019-08-22 01:58:01,090 [pool-472-thread-1] INFO  util.JmxRegister (JmxRegister.java:tryRegister(44)) - Successfully registered JMX Bean with object name Ratis:service=RaftServer,group=group-EA5CC32FE9F4,id=f058baaf-af82-4783-b3d7-382a54c54b25
2019-08-22 01:58:01,090 [pool-494-thread-1] INFO  impl.RaftServerImpl (RaftServerImpl.java:start(180)) - fcccdfbe-c34f-4324-a92c-8940ffc9076a: start group-EA5CC32FE9F4
2019-08-22 01:58:01,094 [pool-494-thread-1] INFO  impl.RaftServerImpl (RaftServerImpl.java:setRole(171)) - fcccdfbe-c34f-4324-a92c-8940ffc9076a:group-EA5CC32FE9F4 changes role from null to FOLLOWER at term 0 for startAsFollower
2019-08-22 01:58:01,095 [pool-494-thread-1] INFO  impl.RoleInfo (RoleInfo.java:updateAndGet(143)) - fcccdfbe-c34f-4324-a92c-8940ffc9076a: start FollowerState
2019-08-22 01:58:01,095 [pool-494-thread-1] INFO  util.JmxRegister (JmxRegister.java:tryRegister(44)) - Successfully registered JMX Bean with object name Ratis:service=RaftServer,group=group-EA5CC32FE9F4,id=fcccdfbe-c34f-4324-a92c-8940ffc9076a
2019-08-22 01:58:01,103 [RatisPipelineUtilsThread] INFO  pipeline.PipelineStateManager (PipelineStateManager.java:addPipeline(56)) - Created pipeline Pipeline[ Id: c29e6fdc-c4e1-45ff-bce5-ea5cc32fe9f4, Nodes: fcccdfbe-c34f-4324-a92c-8940ffc9076a{ip: 192.168.34.54, host: pr-hdds-1998-jt8wz-3050591487, networkLocation: /default-rack, certSerialId: null}c9473f95-2b72-4ec6-839c-23a2efec0cdd{ip: 192.168.34.54, host: pr-hdds-1998-jt8wz-3050591487, networkLocation: /default-rack, certSerialId: null}f058baaf-af82-4783-b3d7-382a54c54b25{ip: 192.168.34.54, host: pr-hdds-1998-jt8wz-3050591487, networkLocation: /default-rack, certSerialId: null}, Type:RATIS, Factor:THREE, State:OPEN]
2019-08-22 01:58:01,135 [main] INFO  ozone.MiniOzoneClusterImpl (MiniOzoneClusterImpl.java:lambda$waitForClusterToBeReady$0(142)) - Waiting for cluster to be ready. Got 6 of 7 DN Heartbeats.
2019-08-22 01:58:01,136 [IPC Server handler 2 on 41501] INFO  net.NetworkTopology (NetworkTopologyImpl.java:add(110)) - Added a new node: /default-rack/625bdeda-2dd3-41ed-bca6-2cf8ccbfa1a7
2019-08-22 01:58:01,136 [IPC Server handler 2 on 41501] INFO  node.SCMNodeManager (SCMNodeManager.java:register(273)) - Registered Data node : 625bdeda-2dd3-41ed-bca6-2cf8ccbfa1a7{ip: 192.168.34.54, host: pr-hdds-1998-jt8wz-3050591487, networkLocation: /default-rack, certSerialId: null}
2019-08-22 01:58:01,137 | INFO  | SCMAudit | user=jenkins1000 | ip=192.168.34.54 | op=REGISTER {datanodeDetails=625bdeda-2dd3-41ed-bca6-2cf8ccbfa1a7{ip: 192.168.34.54, host: pr-hdds-1998-jt8wz-3050591487, networkLocation: /default-rack, certSerialId: null}} | ret=SUCCESS |  
2019-08-22 01:58:01,143 [grpc-default-executor-4] INFO  impl.RaftServerProxy (RaftServerProxy.java:addNew(89)) - 625bdeda-2dd3-41ed-bca6-2cf8ccbfa1a7: addNew group-DB81A89052EC:[625bdeda-2dd3-41ed-bca6-2cf8ccbfa1a7:192.168.34.54:39183] returns group-DB81A89052EC:java.util.concurrent.CompletableFuture@7093a77a[Not completed]
2019-08-22 01:58:01,144 [pool-505-thread-1] INFO  impl.RaftServerImpl (RaftServerImpl.java:<init>(93)) - 625bdeda-2dd3-41ed-bca6-2cf8ccbfa1a7: new RaftServerImpl for group-DB81A89052EC:[625bdeda-2dd3-41ed-bca6-2cf8ccbfa1a7:192.168.34.54:39183] with ContainerStateMachine:uninitialized
2019-08-22 01:58:01,144 [pool-505-thread-1] INFO  server.RaftServerConfigKeys (ConfUtils.java:logGet(43)) - raft.server.rpc.timeout.min = 5s (custom)
2019-08-22 01:58:01,144 [pool-505-thread-1] INFO  server.RaftServerConfigKeys (ConfUtils.java:logGet(43)) - raft.server.rpc.timeout.max = 5200ms (custom)
2019-08-22 01:58:01,145 [pool-505-thread-1] INFO  server.RaftServerConfigKeys (ConfUtils.java:logGet(43)) - raft.server.rpcslowness.timeout = 120s (custom)
2019-08-22 01:58:01,145 [pool-505-thread-1] INFO  server.RaftServerConfigKeys (ConfUtils.java:logGet(43)) - raft.server.sleep.deviation.threshold = 300 (default)
2019-08-22 01:58:01,145 [pool-505-thread-1] INFO  server.RaftServerConfigKeys (ConfUtils.java:logGet(43)) - raft.server.log.appender.install.snapshot.enabled = false (custom)
2019-08-22 01:58:01,145 [pool-505-thread-1] INFO  impl.RaftServerImpl (ServerState.java:<init>(105)) - 625bdeda-2dd3-41ed-bca6-2cf8ccbfa1a7:group-DB81A89052EC ConfigurationManager, init=-1: [625bdeda-2dd3-41ed-bca6-2cf8ccbfa1a7:192.168.34.54:39183], old=null, confs=<EMPTY_MAP>
2019-08-22 01:58:01,145 [pool-505-thread-1] INFO  server.RaftServerConfigKeys (ConfUtils.java:logGet(43)) - raft.server.storage.dir = [/workdir/hadoop-ozone/integration-test/target/test-dir/MiniOzoneClusterImpl-2261fce3-3b3f-45be-b7bf-e56da5754016/datanode-6/data/ratis] (custom)
2019-08-22 01:58:01,146 [pool-505-thread-1] INFO  storage.RaftStorageDirectory (RaftStorageDirectory.java:analyzeStorage(246)) - The storage directory /workdir/hadoop-ozone/integration-test/target/test-dir/MiniOzoneClusterImpl-2261fce3-3b3f-45be-b7bf-e56da5754016/datanode-6/data/ratis/a6cfa20d-5180-4e3d-9558-db81a89052ec does not exist. Creating ...
2019-08-22 01:58:01,159 [pool-505-thread-1] INFO  storage.RaftStorageDirectory (RaftStorageDirectory.java:tryLock(328)) - Lock on /workdir/hadoop-ozone/integration-test/target/test-dir/MiniOzoneClusterImpl-2261fce3-3b3f-45be-b7bf-e56da5754016/datanode-6/data/ratis/a6cfa20d-5180-4e3d-9558-db81a89052ec/in_use.lock acquired by nodename 12097@pr-hdds-1998-jt8wz-3050591487
2019-08-22 01:58:01,171 [pool-505-thread-1] INFO  storage.RaftStorage (RaftStorage.java:format(72)) - Storage directory /workdir/hadoop-ozone/integration-test/target/test-dir/MiniOzoneClusterImpl-2261fce3-3b3f-45be-b7bf-e56da5754016/datanode-6/data/ratis/a6cfa20d-5180-4e3d-9558-db81a89052ec has been successfully formatted.
2019-08-22 01:58:01,172 [pool-505-thread-1] INFO  ratis.ContainerStateMachine (ContainerStateMachine.java:loadSnapshot(226)) - group-DB81A89052EC: The snapshot info is null. Setting the last applied indexto:(t:0, i:~)
2019-08-22 01:58:01,172 [pool-505-thread-1] INFO  server.RaftServerConfigKeys (ConfUtils.java:logGet(43)) - raft.server.leader.election.timeout = 120s (custom)
2019-08-22 01:58:01,173 [pool-505-thread-1] INFO  server.RaftServerConfigKeys (ConfUtils.java:logGet(43)) - raft.server.log.use.memory = false (default)
2019-08-22 01:58:01,173 [pool-505-thread-1] INFO  server.RaftServerConfigKeys (ConfUtils.java:logGet(43)) - raft.server.log.purge.gap = 1000000 (custom)
2019-08-22 01:58:01,173 [pool-505-thread-1] INFO  server.RaftServerConfigKeys (ConfUtils.java:logGet(43)) - raft.server.log.appender.buffer.byte-limit = 33554432 (custom)
2019-08-22 01:58:01,173 [pool-505-thread-1] INFO  server.RaftServerConfigKeys (ConfUtils.java:logGet(43)) - raft.server.log.segment.size.max = 1048576 (custom)
2019-08-22 01:58:01,174 [pool-505-thread-1] INFO  server.RaftServerConfigKeys (ConfUtils.java:logGet(43)) - raft.server.log.segment.cache.num.max = 2 (custom)
2019-08-22 01:58:01,174 [pool-505-thread-1] INFO  segmented.SegmentedRaftLogWorker (SegmentedRaftLogWorker.java:<init>(172)) - new 625bdeda-2dd3-41ed-bca6-2cf8ccbfa1a7-SegmentedRaftLogWorker:Storage Directory /workdir/hadoop-ozone/integration-test/target/test-dir/MiniOzoneClusterImpl-2261fce3-3b3f-45be-b7bf-e56da5754016/datanode-6/data/ratis/a6cfa20d-5180-4e3d-9558-db81a89052ec for RaftStorage:Storage Directory /workdir/hadoop-ozone/integration-test/target/test-dir/MiniOzoneClusterImpl-2261fce3-3b3f-45be-b7bf-e56da5754016/datanode-6/data/ratis/a6cfa20d-5180-4e3d-9558-db81a89052ec
2019-08-22 01:58:01,174 [pool-505-thread-1] INFO  server.RaftServerConfigKeys (ConfUtils.java:logGet(43)) - raft.server.log.queue.byte-limit = 2147483647 (custom)
2019-08-22 01:58:01,174 [pool-505-thread-1] INFO  server.RaftServerConfigKeys (ConfUtils.java:logGet(43)) - raft.server.log.queue.element-limit = 1024 (custom)
2019-08-22 01:58:01,175 [pool-505-thread-1] INFO  server.RaftServerConfigKeys (ConfUtils.java:logGet(43)) - raft.server.log.segment.size.max = 1048576 (custom)
2019-08-22 01:58:01,175 [pool-505-thread-1] INFO  server.RaftServerConfigKeys (ConfUtils.java:logGet(43)) - raft.server.log.preallocated.size = 16384 (custom)
2019-08-22 01:58:01,175 [pool-505-thread-1] INFO  server.RaftServerConfigKeys (ConfUtils.java:logGet(43)) - raft.server.log.write.buffer.size = 33554432 (custom)
2019-08-22 01:58:01,175 [pool-505-thread-1] INFO  server.RaftServerConfigKeys (ConfUtils.java:logGet(43)) - raft.server.log.force.sync.num = 128 (default)
2019-08-22 01:58:01,175 [pool-505-thread-1] INFO  server.RaftServerConfigKeys (ConfUtils.java:logGet(43)) - raft.server.log.statemachine.data.sync = true (default)
2019-08-22 01:58:01,175 [pool-505-thread-1] INFO  server.RaftServerConfigKeys (ConfUtils.java:logGet(43)) - raft.server.log.statemachine.data.sync.timeout = 10s (default)
2019-08-22 01:58:01,175 [pool-505-thread-1] INFO  server.RaftServerConfigKeys (ConfUtils.java:logGet(43)) - raft.server.log.statemachine.data.sync.timeout.retry = -1 (default)
2019-08-22 01:58:01,176 [pool-505-thread-1] INFO  server.RaftServerConfigKeys (ConfUtils.java:logGet(43)) - raft.server.log.statemachine.data.caching.enabled = true (custom)
2019-08-22 01:58:01,176 [pool-505-thread-1] INFO  segmented.SegmentedRaftLogWorker (SegmentedRaftLogWorker.java:lambda$new$0(132)) - 625bdeda-2dd3-41ed-bca6-2cf8ccbfa1a7-SegmentedRaftLogWorker:Storage Directory /workdir/hadoop-ozone/integration-test/target/test-dir/MiniOzoneClusterImpl-2261fce3-3b3f-45be-b7bf-e56da5754016/datanode-6/data/ratis/a6cfa20d-5180-4e3d-9558-db81a89052ec: flushIndex: setUnconditionally 0 -> -1
2019-08-22 01:58:01,177 [pool-505-thread-1] INFO  server.RaftServerConfigKeys (ConfUtils.java:logGet(43)) - raft.server.snapshot.auto.trigger.enabled = true (custom)
2019-08-22 01:58:01,177 [pool-505-thread-1] INFO  server.RaftServerConfigKeys (ConfUtils.java:logGet(43)) - raft.server.snapshot.auto.trigger.threshold = 10000 (custom)
2019-08-22 01:58:01,177 [pool-505-thread-1] INFO  server.RaftServerConfigKeys (ConfUtils.java:logGet(43)) - raft.server.retrycache.expirytime = 600000ms (custom)
2019-08-22 01:58:01,178 [pool-505-thread-1] INFO  impl.RaftServerImpl (RaftServerImpl.java:start(180)) - 625bdeda-2dd3-41ed-bca6-2cf8ccbfa1a7: start group-DB81A89052EC
2019-08-22 01:58:01,178 [pool-505-thread-1] INFO  impl.RaftServerImpl (RaftServerImpl.java:setRole(171)) - 625bdeda-2dd3-41ed-bca6-2cf8ccbfa1a7:group-DB81A89052EC changes role from null to FOLLOWER at term 0 for startAsFollower
2019-08-22 01:58:01,178 [pool-505-thread-1] INFO  impl.RoleInfo (RoleInfo.java:updateAndGet(143)) - 625bdeda-2dd3-41ed-bca6-2cf8ccbfa1a7: start FollowerState
2019-08-22 01:58:01,179 [pool-505-thread-1] INFO  util.JmxRegister (JmxRegister.java:tryRegister(44)) - Successfully registered JMX Bean with object name Ratis:service=RaftServer,group=group-DB81A89052EC,id=625bdeda-2dd3-41ed-bca6-2cf8ccbfa1a7
2019-08-22 01:58:01,185 [RatisPipelineUtilsThread] INFO  pipeline.PipelineStateManager (PipelineStateManager.java:addPipeline(56)) - Created pipeline Pipeline[ Id: a6cfa20d-5180-4e3d-9558-db81a89052ec, Nodes: 625bdeda-2dd3-41ed-bca6-2cf8ccbfa1a7{ip: 192.168.34.54, host: pr-hdds-1998-jt8wz-3050591487, networkLocation: /default-rack, certSerialId: null}, Type:RATIS, Factor:ONE, State:OPEN]
2019-08-22 01:58:01,903 | INFO  | SCMAudit | user=jenkins1000 | ip=192.168.34.54 | op=SEND_HEARTBEAT {datanodeUUID=e7db1c3f-e23d-40ca-a1db-3f81dcb93f9b, command=[]} | ret=SUCCESS |  
2019-08-22 01:58:02,067 | INFO  | SCMAudit | user=jenkins1000 | ip=192.168.34.54 | op=SEND_HEARTBEAT {datanodeUUID=a4945655-5ae5-4fb0-807f-bf09391df8f9, command=[]} | ret=SUCCESS |  
2019-08-22 01:58:02,136 [main] INFO  ozone.MiniOzoneClusterImpl (MiniOzoneClusterImpl.java:lambda$waitForClusterToBeReady$0(142)) - Cluster is ready. Got 7 of 7 DN Heartbeats.
2019-08-22 01:58:02,164 [main] INFO  rpc.RpcClient (RpcClient.java:createVolume(292)) - Creating Volume: testblockoutputstream, with jenkins1000 as owner.
2019-08-22 01:58:02,166 | INFO  | OMAudit | user=jenkins1000 | ip=127.0.0.1 | op=CREATE_VOLUME {admin=jenkins1000, owner=jenkins1000, volume=testblockoutputstream, creationTime=1566439082166, quotaInBytes=1152921504606846976} | ret=SUCCESS |  
2019-08-22 01:58:02,175 | INFO  | OMAudit | user=jenkins1000 | ip=127.0.0.1 | op=READ_VOLUME {volume=testblockoutputstream} | ret=SUCCESS |  
2019-08-22 01:58:02,176 [main] INFO  rpc.RpcClient (RpcClient.java:createBucket(431)) - Creating Bucket: testblockoutputstream/testblockoutputstream, with Versioning false and Storage Type set to DISK and Encryption set to false 
2019-08-22 01:58:02,179 | INFO  | OMAudit | user=jenkins1000 | ip=127.0.0.1 | op=CREATE_BUCKET {volume=testblockoutputstream, bucket=testblockoutputstream, acls=[user:jenkins1000:a[ACCESS], group:default:a[ACCESS]], isVersionEnabled=false, storageType=DISK, creationTime=0} | ret=SUCCESS |  
2019-08-22 01:58:02,180 | INFO  | OMAudit | user=jenkins1000 | ip=127.0.0.1 | op=READ_VOLUME {volume=testblockoutputstream} | ret=SUCCESS |  
2019-08-22 01:58:02,181 | INFO  | OMAudit | user=jenkins1000 | ip=127.0.0.1 | op=READ_BUCKET {volume=testblockoutputstream, bucket=testblockoutputstream} | ret=SUCCESS |  
2019-08-22 01:58:02,185 | INFO  | SCMAudit | user=jenkins1000 | ip=192.168.34.54 | op=ALLOCATE_BLOCK {owner=e172ea7b-10a0-4d3a-bc3c-1a5f3157da7c, size=800, type=RATIS, factor=THREE} | ret=SUCCESS |  
2019-08-22 01:58:02,188 | INFO  | OMAudit | user=jenkins1000 | ip=127.0.0.1 | op=ALLOCATE_KEY {volume=testblockoutputstream, bucket=testblockoutputstream, key=8895fd51-2648-4516-817a-e08b4234813b, dataSize=0, replicationType=RATIS, replicationFactor=THREE, keyLocationInfo=null} | ret=SUCCESS |  
2019-08-22 01:58:02,210 [grpc-default-executor-4] INFO  client.GrpcClientProtocolClient (GrpcClientProtocolClient.java:onNext(255)) - client-1018614BA284->fcccdfbe-c34f-4324-a92c-8940ffc9076a: receive RaftClientReply:client-1018614BA284->fcccdfbe-c34f-4324-a92c-8940ffc9076a@group-EA5CC32FE9F4, cid=175, FAILED org.apache.ratis.protocol.NotLeaderException: Server fcccdfbe-c34f-4324-a92c-8940ffc9076a is not the leader (null). Request must be sent to leader., logIndex=0, commits[fcccdfbe-c34f-4324-a92c-8940ffc9076a:c-1]
2019-08-22 01:58:02,237 | INFO  | SCMAudit | user=jenkins1000 | ip=192.168.34.54 | op=SEND_HEARTBEAT {datanodeUUID=489c3654-cc5c-4faf-8cd1-81b3f3c2ce9e, command=[]} | ret=SUCCESS |  
2019-08-22 01:58:02,601 | INFO  | SCMAudit | user=jenkins1000 | ip=192.168.34.54 | op=SEND_HEARTBEAT {datanodeUUID=f058baaf-af82-4783-b3d7-382a54c54b25, command=[]} | ret=SUCCESS |  
2019-08-22 01:58:02,779 | INFO  | SCMAudit | user=jenkins1000 | ip=192.168.34.54 | op=SEND_HEARTBEAT {datanodeUUID=c9473f95-2b72-4ec6-839c-23a2efec0cdd, command=[]} | ret=SUCCESS |  
2019-08-22 01:58:02,902 | INFO  | SCMAudit | user=jenkins1000 | ip=192.168.34.54 | op=SEND_HEARTBEAT {datanodeUUID=e7db1c3f-e23d-40ca-a1db-3f81dcb93f9b, command=[]} | ret=SUCCESS |  
2019-08-22 01:58:02,911 [Thread-3261] INFO  container.ReplicationManager (ReplicationManager.java:start(152)) - Starting Replication Monitor Thread.
2019-08-22 01:58:02,916 [ReplicationMonitor] INFO  container.ReplicationManager (ReplicationManager.java:run(215)) - Replication Monitor Thread took 0 milliseconds for processing 1 containers.
2019-08-22 01:58:02,963 | INFO  | SCMAudit | user=jenkins1000 | ip=192.168.34.54 | op=SEND_HEARTBEAT {datanodeUUID=fcccdfbe-c34f-4324-a92c-8940ffc9076a, command=[]} | ret=SUCCESS |  
2019-08-22 01:58:03,067 | INFO  | SCMAudit | user=jenkins1000 | ip=192.168.34.54 | op=SEND_HEARTBEAT {datanodeUUID=a4945655-5ae5-4fb0-807f-bf09391df8f9, command=[]} | ret=SUCCESS |  
2019-08-22 01:58:03,135 | INFO  | SCMAudit | user=jenkins1000 | ip=192.168.34.54 | op=SEND_HEARTBEAT {datanodeUUID=625bdeda-2dd3-41ed-bca6-2cf8ccbfa1a7, command=[]} | ret=SUCCESS |  
2019-08-22 01:58:03,224 [grpc-default-executor-0] INFO  client.GrpcClientProtocolClient (GrpcClientProtocolClient.java:onNext(255)) - client-1018614BA284->f058baaf-af82-4783-b3d7-382a54c54b25: receive RaftClientReply:client-1018614BA284->f058baaf-af82-4783-b3d7-382a54c54b25@group-EA5CC32FE9F4, cid=175, FAILED org.apache.ratis.protocol.NotLeaderException: Server f058baaf-af82-4783-b3d7-382a54c54b25 is not the leader (null). Request must be sent to leader., logIndex=0, commits[f058baaf-af82-4783-b3d7-382a54c54b25:c-1]
2019-08-22 01:58:03,237 | INFO  | SCMAudit | user=jenkins1000 | ip=192.168.34.54 | op=SEND_HEARTBEAT {datanodeUUID=489c3654-cc5c-4faf-8cd1-81b3f3c2ce9e, command=[]} | ret=SUCCESS |  
2019-08-22 01:58:03,602 | INFO  | SCMAudit | user=jenkins1000 | ip=192.168.34.54 | op=SEND_HEARTBEAT {datanodeUUID=f058baaf-af82-4783-b3d7-382a54c54b25, command=[]} | ret=SUCCESS |  
2019-08-22 01:58:03,780 | INFO  | SCMAudit | user=jenkins1000 | ip=192.168.34.54 | op=SEND_HEARTBEAT {datanodeUUID=c9473f95-2b72-4ec6-839c-23a2efec0cdd, command=[]} | ret=SUCCESS |  
2019-08-22 01:58:03,903 | INFO  | SCMAudit | user=jenkins1000 | ip=192.168.34.54 | op=SEND_HEARTBEAT {datanodeUUID=e7db1c3f-e23d-40ca-a1db-3f81dcb93f9b, command=[]} | ret=SUCCESS |  
2019-08-22 01:58:03,962 | INFO  | SCMAudit | user=jenkins1000 | ip=192.168.34.54 | op=SEND_HEARTBEAT {datanodeUUID=fcccdfbe-c34f-4324-a92c-8940ffc9076a, command=[]} | ret=SUCCESS |  
2019-08-22 01:58:04,066 | INFO  | SCMAudit | user=jenkins1000 | ip=192.168.34.54 | op=SEND_HEARTBEAT {datanodeUUID=a4945655-5ae5-4fb0-807f-bf09391df8f9, command=[]} | ret=SUCCESS |  
2019-08-22 01:58:04,136 | INFO  | SCMAudit | user=jenkins1000 | ip=192.168.34.54 | op=SEND_HEARTBEAT {datanodeUUID=625bdeda-2dd3-41ed-bca6-2cf8ccbfa1a7, command=[]} | ret=SUCCESS |  
2019-08-22 01:58:04,235 [grpc-default-executor-4] INFO  client.GrpcClientProtocolClient (GrpcClientProtocolClient.java:onNext(255)) - client-1018614BA284->fcccdfbe-c34f-4324-a92c-8940ffc9076a: receive RaftClientReply:client-1018614BA284->fcccdfbe-c34f-4324-a92c-8940ffc9076a@group-EA5CC32FE9F4, cid=175, FAILED org.apache.ratis.protocol.NotLeaderException: Server fcccdfbe-c34f-4324-a92c-8940ffc9076a is not the leader (null). Request must be sent to leader., logIndex=0, commits[fcccdfbe-c34f-4324-a92c-8940ffc9076a:c-1]
2019-08-22 01:58:04,239 | INFO  | SCMAudit | user=jenkins1000 | ip=192.168.34.54 | op=SEND_HEARTBEAT {datanodeUUID=489c3654-cc5c-4faf-8cd1-81b3f3c2ce9e, command=[]} | ret=SUCCESS |  
2019-08-22 01:58:04,602 | INFO  | SCMAudit | user=jenkins1000 | ip=192.168.34.54 | op=SEND_HEARTBEAT {datanodeUUID=f058baaf-af82-4783-b3d7-382a54c54b25, command=[]} | ret=SUCCESS |  
2019-08-22 01:58:04,780 | INFO  | SCMAudit | user=jenkins1000 | ip=192.168.34.54 | op=SEND_HEARTBEAT {datanodeUUID=c9473f95-2b72-4ec6-839c-23a2efec0cdd, command=[]} | ret=SUCCESS |  
2019-08-22 01:58:04,902 | INFO  | SCMAudit | user=jenkins1000 | ip=192.168.34.54 | op=SEND_HEARTBEAT {datanodeUUID=e7db1c3f-e23d-40ca-a1db-3f81dcb93f9b, command=[]} | ret=SUCCESS |  
2019-08-22 01:58:04,963 | INFO  | SCMAudit | user=jenkins1000 | ip=192.168.34.54 | op=SEND_HEARTBEAT {datanodeUUID=fcccdfbe-c34f-4324-a92c-8940ffc9076a, command=[]} | ret=SUCCESS |  
2019-08-22 01:58:05,008 [Thread-3263] INFO  impl.FollowerState (FollowerState.java:run(106)) - e7db1c3f-e23d-40ca-a1db-3f81dcb93f9b:group-B25C0C181BBC changes to CANDIDATE, lastRpcTime:5046, electionTimeout:5046ms
2019-08-22 01:58:05,008 [Thread-3263] INFO  impl.RoleInfo (RoleInfo.java:shutdownFollowerState(121)) - e7db1c3f-e23d-40ca-a1db-3f81dcb93f9b: shutdown FollowerState
2019-08-22 01:58:05,008 [Thread-3263] INFO  impl.RaftServerImpl (RaftServerImpl.java:setRole(171)) - e7db1c3f-e23d-40ca-a1db-3f81dcb93f9b:group-B25C0C181BBC changes role from FOLLOWER to CANDIDATE at term 0 for changeToCandidate
2019-08-22 01:58:05,008 [Thread-3263] INFO  impl.RoleInfo (RoleInfo.java:updateAndGet(143)) - e7db1c3f-e23d-40ca-a1db-3f81dcb93f9b: start LeaderElection
2019-08-22 01:58:05,027 [e7db1c3f-e23d-40ca-a1db-3f81dcb93f9b:group-B25C0C181BBC:LeaderElection49] INFO  impl.LeaderElection (LeaderElection.java:askForVotes(181)) - e7db1c3f-e23d-40ca-a1db-3f81dcb93f9b:group-B25C0C181BBC:LeaderElection49: begin an election at term 1 for -1: [e7db1c3f-e23d-40ca-a1db-3f81dcb93f9b:192.168.34.54:44594], old=null
2019-08-22 01:58:05,027 [e7db1c3f-e23d-40ca-a1db-3f81dcb93f9b:group-B25C0C181BBC:LeaderElection49] INFO  impl.RoleInfo (RoleInfo.java:shutdownLeaderElection(134)) - e7db1c3f-e23d-40ca-a1db-3f81dcb93f9b: shutdown LeaderElection
2019-08-22 01:58:05,027 [e7db1c3f-e23d-40ca-a1db-3f81dcb93f9b:group-B25C0C181BBC:LeaderElection49] INFO  impl.RaftServerImpl (RaftServerImpl.java:setRole(171)) - e7db1c3f-e23d-40ca-a1db-3f81dcb93f9b:group-B25C0C181BBC changes role from CANDIDATE to LEADER at term 1 for changeToLeader
2019-08-22 01:58:05,027 [e7db1c3f-e23d-40ca-a1db-3f81dcb93f9b:group-B25C0C181BBC:LeaderElection49] INFO  impl.RaftServerImpl (ServerState.java:setLeader(263)) - e7db1c3f-e23d-40ca-a1db-3f81dcb93f9b:group-B25C0C181BBC change Leader from null to e7db1c3f-e23d-40ca-a1db-3f81dcb93f9b at term 1 for becomeLeader, leader elected after 5069ms
2019-08-22 01:58:05,027 [e7db1c3f-e23d-40ca-a1db-3f81dcb93f9b:group-B25C0C181BBC:LeaderElection49] INFO  server.RaftServerConfigKeys (ConfUtils.java:logGet(43)) - raft.server.staging.catchup.gap = 1000 (default)
2019-08-22 01:58:05,028 [e7db1c3f-e23d-40ca-a1db-3f81dcb93f9b:group-B25C0C181BBC:LeaderElection49] INFO  server.RaftServerConfigKeys (ConfUtils.java:logGet(43)) - raft.server.rpc.sleep.time = 25ms (default)
2019-08-22 01:58:05,028 [e7db1c3f-e23d-40ca-a1db-3f81dcb93f9b:group-B25C0C181BBC:LeaderElection49] INFO  server.RaftServerConfigKeys (ConfUtils.java:logGet(43)) - raft.server.write.element-limit = 4096 (default)
2019-08-22 01:58:05,028 [e7db1c3f-e23d-40ca-a1db-3f81dcb93f9b:group-B25C0C181BBC:LeaderElection49] INFO  server.RaftServerConfigKeys (ConfUtils.java:logGet(43)) - raft.server.watch.timeout = 10s (default)
2019-08-22 01:58:05,028 [e7db1c3f-e23d-40ca-a1db-3f81dcb93f9b:group-B25C0C181BBC:LeaderElection49] INFO  server.RaftServerConfigKeys (ConfUtils.java:logGet(43)) - raft.server.watch.timeout.denomination = 1s (default)
2019-08-22 01:58:05,028 [e7db1c3f-e23d-40ca-a1db-3f81dcb93f9b:group-B25C0C181BBC:LeaderElection49] INFO  server.RaftServerConfigKeys (ConfUtils.java:logGet(43)) - raft.server.watch.element-limit = 65536 (default)
2019-08-22 01:58:05,028 [e7db1c3f-e23d-40ca-a1db-3f81dcb93f9b:group-B25C0C181BBC:LeaderElection49] INFO  impl.RoleInfo (RoleInfo.java:updateAndGet(143)) - e7db1c3f-e23d-40ca-a1db-3f81dcb93f9b: start LeaderState
2019-08-22 01:58:05,029 [e7db1c3f-e23d-40ca-a1db-3f81dcb93f9b:group-B25C0C181BBC:LeaderElection49] INFO  segmented.SegmentedRaftLogWorker (SegmentedRaftLogWorker.java:startLogSegment(380)) - e7db1c3f-e23d-40ca-a1db-3f81dcb93f9b-SegmentedRaftLogWorker:Storage Directory /workdir/hadoop-ozone/integration-test/target/test-dir/MiniOzoneClusterImpl-2261fce3-3b3f-45be-b7bf-e56da5754016/datanode-0/data/ratis/4638b303-76da-469a-98d2-b25c0c181bbc: Starting segment from index:0
2019-08-22 01:58:05,029 [e7db1c3f-e23d-40ca-a1db-3f81dcb93f9b:group-B25C0C181BBC:LeaderElection49] INFO  impl.RaftServerImpl (ServerState.java:setRaftConf(361)) - e7db1c3f-e23d-40ca-a1db-3f81dcb93f9b:group-B25C0C181BBC set configuration 0: [e7db1c3f-e23d-40ca-a1db-3f81dcb93f9b:192.168.34.54:44594], old=null at 0
2019-08-22 01:58:05,060 [e7db1c3f-e23d-40ca-a1db-3f81dcb93f9b-SegmentedRaftLogWorker:Storage Directory /workdir/hadoop-ozone/integration-test/target/test-dir/MiniOzoneClusterImpl-2261fce3-3b3f-45be-b7bf-e56da5754016/datanode-0/data/ratis/4638b303-76da-469a-98d2-b25c0c181bbc] INFO  segmented.SegmentedRaftLogWorker (SegmentedRaftLogWorker.java:execute(569)) - e7db1c3f-e23d-40ca-a1db-3f81dcb93f9b-SegmentedRaftLogWorker:Storage Directory /workdir/hadoop-ozone/integration-test/target/test-dir/MiniOzoneClusterImpl-2261fce3-3b3f-45be-b7bf-e56da5754016/datanode-0/data/ratis/4638b303-76da-469a-98d2-b25c0c181bbc: created new log segment /workdir/hadoop-ozone/integration-test/target/test-dir/MiniOzoneClusterImpl-2261fce3-3b3f-45be-b7bf-e56da5754016/datanode-0/data/ratis/4638b303-76da-469a-98d2-b25c0c181bbc/current/log_inprogress_0
2019-08-22 01:58:05,066 | INFO  | SCMAudit | user=jenkins1000 | ip=192.168.34.54 | op=SEND_HEARTBEAT {datanodeUUID=a4945655-5ae5-4fb0-807f-bf09391df8f9, command=[]} | ret=SUCCESS |  
2019-08-22 01:58:05,136 | INFO  | SCMAudit | user=jenkins1000 | ip=192.168.34.54 | op=SEND_HEARTBEAT {datanodeUUID=625bdeda-2dd3-41ed-bca6-2cf8ccbfa1a7, command=[]} | ret=SUCCESS |  
2019-08-22 01:58:05,239 | INFO  | SCMAudit | user=jenkins1000 | ip=192.168.34.54 | op=SEND_HEARTBEAT {datanodeUUID=489c3654-cc5c-4faf-8cd1-81b3f3c2ce9e, command=[]} | ret=SUCCESS |  
2019-08-22 01:58:05,249 [grpc-default-executor-0] INFO  client.GrpcClientProtocolClient (GrpcClientProtocolClient.java:onNext(255)) - client-1018614BA284->c9473f95-2b72-4ec6-839c-23a2efec0cdd: receive RaftClientReply:client-1018614BA284->c9473f95-2b72-4ec6-839c-23a2efec0cdd@group-EA5CC32FE9F4, cid=175, FAILED org.apache.ratis.protocol.NotLeaderException: Server c9473f95-2b72-4ec6-839c-23a2efec0cdd is not the leader (null). Request must be sent to leader., logIndex=0, commits[c9473f95-2b72-4ec6-839c-23a2efec0cdd:c-1]
2019-08-22 01:58:05,304 [Thread-3266] INFO  impl.FollowerState (FollowerState.java:run(106)) - a4945655-5ae5-4fb0-807f-bf09391df8f9:group-79073149AA07 changes to CANDIDATE, lastRpcTime:5196, electionTimeout:5196ms
2019-08-22 01:58:05,304 [Thread-3266] INFO  impl.RoleInfo (RoleInfo.java:shutdownFollowerState(121)) - a4945655-5ae5-4fb0-807f-bf09391df8f9: shutdown FollowerState
2019-08-22 01:58:05,304 [Thread-3266] INFO  impl.RaftServerImpl (RaftServerImpl.java:setRole(171)) - a4945655-5ae5-4fb0-807f-bf09391df8f9:group-79073149AA07 changes role from FOLLOWER to CANDIDATE at term 0 for changeToCandidate
2019-08-22 01:58:05,305 [Thread-3266] INFO  impl.RoleInfo (RoleInfo.java:updateAndGet(143)) - a4945655-5ae5-4fb0-807f-bf09391df8f9: start LeaderElection
2019-08-22 01:58:05,337 [a4945655-5ae5-4fb0-807f-bf09391df8f9:group-79073149AA07:LeaderElection50] INFO  impl.LeaderElection (LeaderElection.java:askForVotes(181)) - a4945655-5ae5-4fb0-807f-bf09391df8f9:group-79073149AA07:LeaderElection50: begin an election at term 1 for -1: [a4945655-5ae5-4fb0-807f-bf09391df8f9:192.168.34.54:40661], old=null
2019-08-22 01:58:05,337 [a4945655-5ae5-4fb0-807f-bf09391df8f9:group-79073149AA07:LeaderElection50] INFO  impl.RoleInfo (RoleInfo.java:shutdownLeaderElection(134)) - a4945655-5ae5-4fb0-807f-bf09391df8f9: shutdown LeaderElection
2019-08-22 01:58:05,337 [a4945655-5ae5-4fb0-807f-bf09391df8f9:group-79073149AA07:LeaderElection50] INFO  impl.RaftServerImpl (RaftServerImpl.java:setRole(171)) - a4945655-5ae5-4fb0-807f-bf09391df8f9:group-79073149AA07 changes role from CANDIDATE to LEADER at term 1 for changeToLeader
2019-08-22 01:58:05,337 [a4945655-5ae5-4fb0-807f-bf09391df8f9:group-79073149AA07:LeaderElection50] INFO  impl.RaftServerImpl (ServerState.java:setLeader(263)) - a4945655-5ae5-4fb0-807f-bf09391df8f9:group-79073149AA07 change Leader from null to a4945655-5ae5-4fb0-807f-bf09391df8f9 at term 1 for becomeLeader, leader elected after 5233ms
2019-08-22 01:58:05,337 [a4945655-5ae5-4fb0-807f-bf09391df8f9:group-79073149AA07:LeaderElection50] INFO  server.RaftServerConfigKeys (ConfUtils.java:logGet(43)) - raft.server.staging.catchup.gap = 1000 (default)
2019-08-22 01:58:05,338 [a4945655-5ae5-4fb0-807f-bf09391df8f9:group-79073149AA07:LeaderElection50] INFO  server.RaftServerConfigKeys (ConfUtils.java:logGet(43)) - raft.server.rpc.sleep.time = 25ms (default)
2019-08-22 01:58:05,338 [a4945655-5ae5-4fb0-807f-bf09391df8f9:group-79073149AA07:LeaderElection50] INFO  server.RaftServerConfigKeys (ConfUtils.java:logGet(43)) - raft.server.write.element-limit = 4096 (default)
2019-08-22 01:58:05,338 [a4945655-5ae5-4fb0-807f-bf09391df8f9:group-79073149AA07:LeaderElection50] INFO  server.RaftServerConfigKeys (ConfUtils.java:logGet(43)) - raft.server.watch.timeout = 10s (default)
2019-08-22 01:58:05,338 [a4945655-5ae5-4fb0-807f-bf09391df8f9:group-79073149AA07:LeaderElection50] INFO  server.RaftServerConfigKeys (ConfUtils.java:logGet(43)) - raft.server.watch.timeout.denomination = 1s (default)
2019-08-22 01:58:05,338 [a4945655-5ae5-4fb0-807f-bf09391df8f9:group-79073149AA07:LeaderElection50] INFO  server.RaftServerConfigKeys (ConfUtils.java:logGet(43)) - raft.server.watch.element-limit = 65536 (default)
2019-08-22 01:58:05,338 [a4945655-5ae5-4fb0-807f-bf09391df8f9:group-79073149AA07:LeaderElection50] INFO  impl.RoleInfo (RoleInfo.java:updateAndGet(143)) - a4945655-5ae5-4fb0-807f-bf09391df8f9: start LeaderState
2019-08-22 01:58:05,339 [a4945655-5ae5-4fb0-807f-bf09391df8f9:group-79073149AA07:LeaderElection50] INFO  segmented.SegmentedRaftLogWorker (SegmentedRaftLogWorker.java:startLogSegment(380)) - a4945655-5ae5-4fb0-807f-bf09391df8f9-SegmentedRaftLogWorker:Storage Directory /workdir/hadoop-ozone/integration-test/target/test-dir/MiniOzoneClusterImpl-2261fce3-3b3f-45be-b7bf-e56da5754016/datanode-1/data/ratis/90cf36f0-445e-4604-9427-79073149aa07: Starting segment from index:0
2019-08-22 01:58:05,339 [a4945655-5ae5-4fb0-807f-bf09391df8f9:group-79073149AA07:LeaderElection50] INFO  impl.RaftServerImpl (ServerState.java:setRaftConf(361)) - a4945655-5ae5-4fb0-807f-bf09391df8f9:group-79073149AA07 set configuration 0: [a4945655-5ae5-4fb0-807f-bf09391df8f9:192.168.34.54:40661], old=null at 0
2019-08-22 01:58:05,375 [Thread-3269] INFO  impl.FollowerState (FollowerState.java:run(106)) - 489c3654-cc5c-4faf-8cd1-81b3f3c2ce9e:group-C246A7CE39AB changes to CANDIDATE, lastRpcTime:5079, electionTimeout:5079ms
2019-08-22 01:58:05,376 [Thread-3269] INFO  impl.RoleInfo (RoleInfo.java:shutdownFollowerState(121)) - 489c3654-cc5c-4faf-8cd1-81b3f3c2ce9e: shutdown FollowerState
2019-08-22 01:58:05,376 [Thread-3269] INFO  impl.RaftServerImpl (RaftServerImpl.java:setRole(171)) - 489c3654-cc5c-4faf-8cd1-81b3f3c2ce9e:group-C246A7CE39AB changes role from FOLLOWER to CANDIDATE at term 0 for changeToCandidate
2019-08-22 01:58:05,376 [Thread-3269] INFO  impl.RoleInfo (RoleInfo.java:updateAndGet(143)) - 489c3654-cc5c-4faf-8cd1-81b3f3c2ce9e: start LeaderElection
2019-08-22 01:58:05,385 [a4945655-5ae5-4fb0-807f-bf09391df8f9-SegmentedRaftLogWorker:Storage Directory /workdir/hadoop-ozone/integration-test/target/test-dir/MiniOzoneClusterImpl-2261fce3-3b3f-45be-b7bf-e56da5754016/datanode-1/data/ratis/90cf36f0-445e-4604-9427-79073149aa07] INFO  segmented.SegmentedRaftLogWorker (SegmentedRaftLogWorker.java:execute(569)) - a4945655-5ae5-4fb0-807f-bf09391df8f9-SegmentedRaftLogWorker:Storage Directory /workdir/hadoop-ozone/integration-test/target/test-dir/MiniOzoneClusterImpl-2261fce3-3b3f-45be-b7bf-e56da5754016/datanode-1/data/ratis/90cf36f0-445e-4604-9427-79073149aa07: created new log segment /workdir/hadoop-ozone/integration-test/target/test-dir/MiniOzoneClusterImpl-2261fce3-3b3f-45be-b7bf-e56da5754016/datanode-1/data/ratis/90cf36f0-445e-4604-9427-79073149aa07/current/log_inprogress_0
2019-08-22 01:58:05,386 [Thread-3276] INFO  impl.FollowerState (FollowerState.java:run(106)) - e7db1c3f-e23d-40ca-a1db-3f81dcb93f9b:group-E361DC9D5DB9 changes to CANDIDATE, lastRpcTime:5007, electionTimeout:5007ms
2019-08-22 01:58:05,386 [Thread-3276] INFO  impl.RoleInfo (RoleInfo.java:shutdownFollowerState(121)) - e7db1c3f-e23d-40ca-a1db-3f81dcb93f9b: shutdown FollowerState
2019-08-22 01:58:05,386 [Thread-3276] INFO  impl.RaftServerImpl (RaftServerImpl.java:setRole(171)) - e7db1c3f-e23d-40ca-a1db-3f81dcb93f9b:group-E361DC9D5DB9 changes role from FOLLOWER to CANDIDATE at term 0 for changeToCandidate
2019-08-22 01:58:05,386 [Thread-3276] INFO  impl.RoleInfo (RoleInfo.java:updateAndGet(143)) - e7db1c3f-e23d-40ca-a1db-3f81dcb93f9b: start LeaderElection
2019-08-22 01:58:05,390 [489c3654-cc5c-4faf-8cd1-81b3f3c2ce9e:group-C246A7CE39AB:LeaderElection51] INFO  impl.LeaderElection (LeaderElection.java:askForVotes(181)) - 489c3654-cc5c-4faf-8cd1-81b3f3c2ce9e:group-C246A7CE39AB:LeaderElection51: begin an election at term 1 for -1: [489c3654-cc5c-4faf-8cd1-81b3f3c2ce9e:192.168.34.54:38884], old=null
2019-08-22 01:58:05,391 [489c3654-cc5c-4faf-8cd1-81b3f3c2ce9e:group-C246A7CE39AB:LeaderElection51] INFO  impl.RoleInfo (RoleInfo.java:shutdownLeaderElection(134)) - 489c3654-cc5c-4faf-8cd1-81b3f3c2ce9e: shutdown LeaderElection
2019-08-22 01:58:05,391 [489c3654-cc5c-4faf-8cd1-81b3f3c2ce9e:group-C246A7CE39AB:LeaderElection51] INFO  impl.RaftServerImpl (RaftServerImpl.java:setRole(171)) - 489c3654-cc5c-4faf-8cd1-81b3f3c2ce9e:group-C246A7CE39AB changes role from CANDIDATE to LEADER at term 1 for changeToLeader
2019-08-22 01:58:05,391 [489c3654-cc5c-4faf-8cd1-81b3f3c2ce9e:group-C246A7CE39AB:LeaderElection51] INFO  impl.RaftServerImpl (ServerState.java:setLeader(263)) - 489c3654-cc5c-4faf-8cd1-81b3f3c2ce9e:group-C246A7CE39AB change Leader from null to 489c3654-cc5c-4faf-8cd1-81b3f3c2ce9e at term 1 for becomeLeader, leader elected after 5100ms
2019-08-22 01:58:05,391 [489c3654-cc5c-4faf-8cd1-81b3f3c2ce9e:group-C246A7CE39AB:LeaderElection51] INFO  server.RaftServerConfigKeys (ConfUtils.java:logGet(43)) - raft.server.staging.catchup.gap = 1000 (default)
2019-08-22 01:58:05,391 [489c3654-cc5c-4faf-8cd1-81b3f3c2ce9e:group-C246A7CE39AB:LeaderElection51] INFO  server.RaftServerConfigKeys (ConfUtils.java:logGet(43)) - raft.server.rpc.sleep.time = 25ms (default)
2019-08-22 01:58:05,391 [489c3654-cc5c-4faf-8cd1-81b3f3c2ce9e:group-C246A7CE39AB:LeaderElection51] INFO  server.RaftServerConfigKeys (ConfUtils.java:logGet(43)) - raft.server.write.element-limit = 4096 (default)
2019-08-22 01:58:05,391 [489c3654-cc5c-4faf-8cd1-81b3f3c2ce9e:group-C246A7CE39AB:LeaderElection51] INFO  server.RaftServerConfigKeys (ConfUtils.java:logGet(43)) - raft.server.watch.timeout = 10s (default)
2019-08-22 01:58:05,392 [489c3654-cc5c-4faf-8cd1-81b3f3c2ce9e:group-C246A7CE39AB:LeaderElection51] INFO  server.RaftServerConfigKeys (ConfUtils.java:logGet(43)) - raft.server.watch.timeout.denomination = 1s (default)
2019-08-22 01:58:05,392 [489c3654-cc5c-4faf-8cd1-81b3f3c2ce9e:group-C246A7CE39AB:LeaderElection51] INFO  server.RaftServerConfigKeys (ConfUtils.java:logGet(43)) - raft.server.watch.element-limit = 65536 (default)
2019-08-22 01:58:05,392 [489c3654-cc5c-4faf-8cd1-81b3f3c2ce9e:group-C246A7CE39AB:LeaderElection51] INFO  impl.RoleInfo (RoleInfo.java:updateAndGet(143)) - 489c3654-cc5c-4faf-8cd1-81b3f3c2ce9e: start LeaderState
2019-08-22 01:58:05,392 [489c3654-cc5c-4faf-8cd1-81b3f3c2ce9e:group-C246A7CE39AB:LeaderElection51] INFO  segmented.SegmentedRaftLogWorker (SegmentedRaftLogWorker.java:startLogSegment(380)) - 489c3654-cc5c-4faf-8cd1-81b3f3c2ce9e-SegmentedRaftLogWorker:Storage Directory /workdir/hadoop-ozone/integration-test/target/test-dir/MiniOzoneClusterImpl-2261fce3-3b3f-45be-b7bf-e56da5754016/datanode-2/data/ratis/52b13d0d-f568-4feb-bd24-c246a7ce39ab: Starting segment from index:0
2019-08-22 01:58:05,393 [489c3654-cc5c-4faf-8cd1-81b3f3c2ce9e:group-C246A7CE39AB:LeaderElection51] INFO  impl.RaftServerImpl (ServerState.java:setRaftConf(361)) - 489c3654-cc5c-4faf-8cd1-81b3f3c2ce9e:group-C246A7CE39AB set configuration 0: [489c3654-cc5c-4faf-8cd1-81b3f3c2ce9e:192.168.34.54:38884], old=null at 0
2019-08-22 01:58:05,413 [e7db1c3f-e23d-40ca-a1db-3f81dcb93f9b:group-E361DC9D5DB9:LeaderElection52] INFO  impl.LeaderElection (LeaderElection.java:askForVotes(181)) - e7db1c3f-e23d-40ca-a1db-3f81dcb93f9b:group-E361DC9D5DB9:LeaderElection52: begin an election at term 1 for -1: [489c3654-cc5c-4faf-8cd1-81b3f3c2ce9e:192.168.34.54:38884, a4945655-5ae5-4fb0-807f-bf09391df8f9:192.168.34.54:40661, e7db1c3f-e23d-40ca-a1db-3f81dcb93f9b:192.168.34.54:44594], old=null
2019-08-22 01:58:05,419 [grpc-default-executor-4] INFO  impl.RaftServerImpl (RaftServerImpl.java:setRole(171)) - 489c3654-cc5c-4faf-8cd1-81b3f3c2ce9e:group-E361DC9D5DB9 changes role from FOLLOWER to FOLLOWER at term 1 for recognizeCandidate:e7db1c3f-e23d-40ca-a1db-3f81dcb93f9b
2019-08-22 01:58:05,419 [grpc-default-executor-0] INFO  impl.RaftServerImpl (RaftServerImpl.java:setRole(171)) - a4945655-5ae5-4fb0-807f-bf09391df8f9:group-E361DC9D5DB9 changes role from FOLLOWER to FOLLOWER at term 1 for recognizeCandidate:e7db1c3f-e23d-40ca-a1db-3f81dcb93f9b
2019-08-22 01:58:05,419 [grpc-default-executor-4] INFO  impl.RoleInfo (RoleInfo.java:shutdownFollowerState(121)) - 489c3654-cc5c-4faf-8cd1-81b3f3c2ce9e: shutdown FollowerState
2019-08-22 01:58:05,419 [grpc-default-executor-0] INFO  impl.RoleInfo (RoleInfo.java:shutdownFollowerState(121)) - a4945655-5ae5-4fb0-807f-bf09391df8f9: shutdown FollowerState
2019-08-22 01:58:05,420 [Thread-3277] INFO  impl.FollowerState (FollowerState.java:run(114)) - 489c3654-cc5c-4faf-8cd1-81b3f3c2ce9e: FollowerState was interrupted: java.lang.InterruptedException: sleep interrupted
2019-08-22 01:58:05,420 [grpc-default-executor-0] INFO  impl.RoleInfo (RoleInfo.java:updateAndGet(143)) - a4945655-5ae5-4fb0-807f-bf09391df8f9: start FollowerState
2019-08-22 01:58:05,420 [grpc-default-executor-4] INFO  impl.RoleInfo (RoleInfo.java:updateAndGet(143)) - 489c3654-cc5c-4faf-8cd1-81b3f3c2ce9e: start FollowerState
2019-08-22 01:58:05,422 [Thread-3272] INFO  impl.FollowerState (FollowerState.java:run(114)) - a4945655-5ae5-4fb0-807f-bf09391df8f9: FollowerState was interrupted: java.lang.InterruptedException: sleep interrupted
2019-08-22 01:58:05,437 [489c3654-cc5c-4faf-8cd1-81b3f3c2ce9e-SegmentedRaftLogWorker:Storage Directory /workdir/hadoop-ozone/integration-test/target/test-dir/MiniOzoneClusterImpl-2261fce3-3b3f-45be-b7bf-e56da5754016/datanode-2/data/ratis/52b13d0d-f568-4feb-bd24-c246a7ce39ab] INFO  segmented.SegmentedRaftLogWorker (SegmentedRaftLogWorker.java:execute(569)) - 489c3654-cc5c-4faf-8cd1-81b3f3c2ce9e-SegmentedRaftLogWorker:Storage Directory /workdir/hadoop-ozone/integration-test/target/test-dir/MiniOzoneClusterImpl-2261fce3-3b3f-45be-b7bf-e56da5754016/datanode-2/data/ratis/52b13d0d-f568-4feb-bd24-c246a7ce39ab: created new log segment /workdir/hadoop-ozone/integration-test/target/test-dir/MiniOzoneClusterImpl-2261fce3-3b3f-45be-b7bf-e56da5754016/datanode-2/data/ratis/52b13d0d-f568-4feb-bd24-c246a7ce39ab/current/log_inprogress_0
2019-08-22 01:58:05,454 [e7db1c3f-e23d-40ca-a1db-3f81dcb93f9b:group-E361DC9D5DB9:LeaderElection52] INFO  impl.LeaderElection (LeaderElection.java:logAndReturn(56)) - e7db1c3f-e23d-40ca-a1db-3f81dcb93f9b:group-E361DC9D5DB9:LeaderElection52: Election PASSED; received 1 response(s) [e7db1c3f-e23d-40ca-a1db-3f81dcb93f9b<-a4945655-5ae5-4fb0-807f-bf09391df8f9#0:OK-t1] and 0 exception(s); e7db1c3f-e23d-40ca-a1db-3f81dcb93f9b:t1, leader=null, voted=e7db1c3f-e23d-40ca-a1db-3f81dcb93f9b, raftlog=e7db1c3f-e23d-40ca-a1db-3f81dcb93f9b-SegmentedRaftLog:OPENED:c-1,f-1,i0, conf=-1: [489c3654-cc5c-4faf-8cd1-81b3f3c2ce9e:192.168.34.54:38884, a4945655-5ae5-4fb0-807f-bf09391df8f9:192.168.34.54:40661, e7db1c3f-e23d-40ca-a1db-3f81dcb93f9b:192.168.34.54:44594], old=null
2019-08-22 01:58:05,455 [e7db1c3f-e23d-40ca-a1db-3f81dcb93f9b:group-E361DC9D5DB9:LeaderElection52] INFO  impl.RoleInfo (RoleInfo.java:shutdownLeaderElection(134)) - e7db1c3f-e23d-40ca-a1db-3f81dcb93f9b: shutdown LeaderElection
2019-08-22 01:58:05,457 [e7db1c3f-e23d-40ca-a1db-3f81dcb93f9b:group-E361DC9D5DB9:LeaderElection52] INFO  impl.RaftServerImpl (RaftServerImpl.java:setRole(171)) - e7db1c3f-e23d-40ca-a1db-3f81dcb93f9b:group-E361DC9D5DB9 changes role from CANDIDATE to LEADER at term 1 for changeToLeader
2019-08-22 01:58:05,457 [e7db1c3f-e23d-40ca-a1db-3f81dcb93f9b:group-E361DC9D5DB9:LeaderElection52] INFO  impl.RaftServerImpl (ServerState.java:setLeader(263)) - e7db1c3f-e23d-40ca-a1db-3f81dcb93f9b:group-E361DC9D5DB9 change Leader from null to e7db1c3f-e23d-40ca-a1db-3f81dcb93f9b at term 1 for becomeLeader, leader elected after 5091ms
2019-08-22 01:58:05,458 [e7db1c3f-e23d-40ca-a1db-3f81dcb93f9b:group-E361DC9D5DB9:LeaderElection52] INFO  server.RaftServerConfigKeys (ConfUtils.java:logGet(43)) - raft.server.staging.catchup.gap = 1000 (default)
2019-08-22 01:58:05,458 [e7db1c3f-e23d-40ca-a1db-3f81dcb93f9b:group-E361DC9D5DB9:LeaderElection52] INFO  server.RaftServerConfigKeys (ConfUtils.java:logGet(43)) - raft.server.rpc.sleep.time = 25ms (default)
2019-08-22 01:58:05,458 [e7db1c3f-e23d-40ca-a1db-3f81dcb93f9b:group-E361DC9D5DB9:LeaderElection52] INFO  server.RaftServerConfigKeys (ConfUtils.java:logGet(43)) - raft.server.write.element-limit = 4096 (default)
2019-08-22 01:58:05,458 [e7db1c3f-e23d-40ca-a1db-3f81dcb93f9b:group-E361DC9D5DB9:LeaderElection52] INFO  server.RaftServerConfigKeys (ConfUtils.java:logGet(43)) - raft.server.watch.timeout = 10s (default)
2019-08-22 01:58:05,458 [e7db1c3f-e23d-40ca-a1db-3f81dcb93f9b:group-E361DC9D5DB9:LeaderElection52] INFO  server.RaftServerConfigKeys (ConfUtils.java:logGet(43)) - raft.server.watch.timeout.denomination = 1s (default)
2019-08-22 01:58:05,458 [e7db1c3f-e23d-40ca-a1db-3f81dcb93f9b:group-E361DC9D5DB9:LeaderElection52] INFO  server.RaftServerConfigKeys (ConfUtils.java:logGet(43)) - raft.server.watch.element-limit = 65536 (default)
2019-08-22 01:58:05,459 [e7db1c3f-e23d-40ca-a1db-3f81dcb93f9b:group-E361DC9D5DB9:LeaderElection52] INFO  server.RaftServerConfigKeys (ConfUtils.java:logGet(43)) - raft.server.log.appender.snapshot.chunk.size.max = 16MB (=16777216) (default)
2019-08-22 01:58:05,459 [e7db1c3f-e23d-40ca-a1db-3f81dcb93f9b:group-E361DC9D5DB9:LeaderElection52] INFO  server.RaftServerConfigKeys (ConfUtils.java:logGet(43)) - raft.server.log.appender.buffer.byte-limit = 33554432 (custom)
2019-08-22 01:58:05,459 [e7db1c3f-e23d-40ca-a1db-3f81dcb93f9b:group-E361DC9D5DB9:LeaderElection52] INFO  server.RaftServerConfigKeys (ConfUtils.java:logGet(43)) - raft.server.log.appender.buffer.element-limit = 1 (custom)
2019-08-22 01:58:05,459 [e7db1c3f-e23d-40ca-a1db-3f81dcb93f9b:group-E361DC9D5DB9:LeaderElection52] INFO  grpc.GrpcConfigKeys$Server (ConfUtils.java:logGet(43)) - raft.grpc.server.leader.outstanding.appends.max = 128 (default)
2019-08-22 01:58:05,459 [e7db1c3f-e23d-40ca-a1db-3f81dcb93f9b:group-E361DC9D5DB9:LeaderElection52] INFO  server.RaftServerConfigKeys (ConfUtils.java:logGet(43)) - raft.server.rpc.request.timeout = 3000ms (default)
2019-08-22 01:58:05,460 [e7db1c3f-e23d-40ca-a1db-3f81dcb93f9b:group-E361DC9D5DB9:LeaderElection52] INFO  server.RaftServerConfigKeys (ConfUtils.java:logGet(43)) - raft.server.log.appender.install.snapshot.enabled = false (custom)
2019-08-22 01:58:05,460 [e7db1c3f-e23d-40ca-a1db-3f81dcb93f9b:group-E361DC9D5DB9:LeaderElection52] INFO  server.RaftServerConfigKeys (ConfUtils.java:logGet(43)) - raft.server.log.appender.snapshot.chunk.size.max = 16MB (=16777216) (default)
2019-08-22 01:58:05,460 [e7db1c3f-e23d-40ca-a1db-3f81dcb93f9b:group-E361DC9D5DB9:LeaderElection52] INFO  server.RaftServerConfigKeys (ConfUtils.java:logGet(43)) - raft.server.log.appender.buffer.byte-limit = 33554432 (custom)
2019-08-22 01:58:05,460 [e7db1c3f-e23d-40ca-a1db-3f81dcb93f9b:group-E361DC9D5DB9:LeaderElection52] INFO  server.RaftServerConfigKeys (ConfUtils.java:logGet(43)) - raft.server.log.appender.buffer.element-limit = 1 (custom)
2019-08-22 01:58:05,460 [e7db1c3f-e23d-40ca-a1db-3f81dcb93f9b:group-E361DC9D5DB9:LeaderElection52] INFO  grpc.GrpcConfigKeys$Server (ConfUtils.java:logGet(43)) - raft.grpc.server.leader.outstanding.appends.max = 128 (default)
2019-08-22 01:58:05,460 [e7db1c3f-e23d-40ca-a1db-3f81dcb93f9b:group-E361DC9D5DB9:LeaderElection52] INFO  server.RaftServerConfigKeys (ConfUtils.java:logGet(43)) - raft.server.rpc.request.timeout = 3000ms (default)
2019-08-22 01:58:05,461 [e7db1c3f-e23d-40ca-a1db-3f81dcb93f9b:group-E361DC9D5DB9:LeaderElection52] INFO  server.RaftServerConfigKeys (ConfUtils.java:logGet(43)) - raft.server.log.appender.install.snapshot.enabled = false (custom)
2019-08-22 01:58:05,461 [e7db1c3f-e23d-40ca-a1db-3f81dcb93f9b:group-E361DC9D5DB9:LeaderElection52] INFO  impl.RoleInfo (RoleInfo.java:updateAndGet(143)) - e7db1c3f-e23d-40ca-a1db-3f81dcb93f9b: start LeaderState
2019-08-22 01:58:05,461 [e7db1c3f-e23d-40ca-a1db-3f81dcb93f9b:group-E361DC9D5DB9:LeaderElection52] INFO  segmented.SegmentedRaftLogWorker (SegmentedRaftLogWorker.java:startLogSegment(380)) - e7db1c3f-e23d-40ca-a1db-3f81dcb93f9b-SegmentedRaftLogWorker:Storage Directory /workdir/hadoop-ozone/integration-test/target/test-dir/MiniOzoneClusterImpl-2261fce3-3b3f-45be-b7bf-e56da5754016/datanode-0/data/ratis/afe22c63-8932-4e82-b5ba-e361dc9d5db9: Starting segment from index:0
2019-08-22 01:58:05,462 [e7db1c3f-e23d-40ca-a1db-3f81dcb93f9b:group-E361DC9D5DB9:LeaderElection52] INFO  impl.RaftServerImpl (ServerState.java:setRaftConf(361)) - e7db1c3f-e23d-40ca-a1db-3f81dcb93f9b:group-E361DC9D5DB9 set configuration 0: [489c3654-cc5c-4faf-8cd1-81b3f3c2ce9e:192.168.34.54:38884, a4945655-5ae5-4fb0-807f-bf09391df8f9:192.168.34.54:40661, e7db1c3f-e23d-40ca-a1db-3f81dcb93f9b:192.168.34.54:44594], old=null at 0
2019-08-22 01:58:05,480 [grpc-default-executor-0] INFO  impl.RaftServerImpl (ServerState.java:setLeader(263)) - a4945655-5ae5-4fb0-807f-bf09391df8f9:group-E361DC9D5DB9 change Leader from null to e7db1c3f-e23d-40ca-a1db-3f81dcb93f9b at term 1 for appendEntries, leader elected after 5114ms
2019-08-22 01:58:05,480 [grpc-default-executor-4] INFO  impl.RaftServerImpl (ServerState.java:setLeader(263)) - 489c3654-cc5c-4faf-8cd1-81b3f3c2ce9e:group-E361DC9D5DB9 change Leader from null to e7db1c3f-e23d-40ca-a1db-3f81dcb93f9b at term 1 for appendEntries, leader elected after 5114ms
2019-08-22 01:58:05,494 [grpc-default-executor-0] INFO  impl.RaftServerImpl (ServerState.java:setRaftConf(361)) - a4945655-5ae5-4fb0-807f-bf09391df8f9:group-E361DC9D5DB9 set configuration 0: [489c3654-cc5c-4faf-8cd1-81b3f3c2ce9e:192.168.34.54:38884, a4945655-5ae5-4fb0-807f-bf09391df8f9:192.168.34.54:40661, e7db1c3f-e23d-40ca-a1db-3f81dcb93f9b:192.168.34.54:44594], old=null at 0
2019-08-22 01:58:05,494 [grpc-default-executor-4] INFO  impl.RaftServerImpl (ServerState.java:setRaftConf(361)) - 489c3654-cc5c-4faf-8cd1-81b3f3c2ce9e:group-E361DC9D5DB9 set configuration 0: [489c3654-cc5c-4faf-8cd1-81b3f3c2ce9e:192.168.34.54:38884, a4945655-5ae5-4fb0-807f-bf09391df8f9:192.168.34.54:40661, e7db1c3f-e23d-40ca-a1db-3f81dcb93f9b:192.168.34.54:44594], old=null at 0
2019-08-22 01:58:05,494 [grpc-default-executor-0] INFO  segmented.SegmentedRaftLogWorker (SegmentedRaftLogWorker.java:startLogSegment(380)) - a4945655-5ae5-4fb0-807f-bf09391df8f9-SegmentedRaftLogWorker:Storage Directory /workdir/hadoop-ozone/integration-test/target/test-dir/MiniOzoneClusterImpl-2261fce3-3b3f-45be-b7bf-e56da5754016/datanode-1/data/ratis/afe22c63-8932-4e82-b5ba-e361dc9d5db9: Starting segment from index:0
2019-08-22 01:58:05,495 [grpc-default-executor-4] INFO  segmented.SegmentedRaftLogWorker (SegmentedRaftLogWorker.java:startLogSegment(380)) - 489c3654-cc5c-4faf-8cd1-81b3f3c2ce9e-SegmentedRaftLogWorker:Storage Directory /workdir/hadoop-ozone/integration-test/target/test-dir/MiniOzoneClusterImpl-2261fce3-3b3f-45be-b7bf-e56da5754016/datanode-2/data/ratis/afe22c63-8932-4e82-b5ba-e361dc9d5db9: Starting segment from index:0
2019-08-22 01:58:05,503 [e7db1c3f-e23d-40ca-a1db-3f81dcb93f9b-SegmentedRaftLogWorker:Storage Directory /workdir/hadoop-ozone/integration-test/target/test-dir/MiniOzoneClusterImpl-2261fce3-3b3f-45be-b7bf-e56da5754016/datanode-0/data/ratis/afe22c63-8932-4e82-b5ba-e361dc9d5db9] INFO  segmented.SegmentedRaftLogWorker (SegmentedRaftLogWorker.java:execute(569)) - e7db1c3f-e23d-40ca-a1db-3f81dcb93f9b-SegmentedRaftLogWorker:Storage Directory /workdir/hadoop-ozone/integration-test/target/test-dir/MiniOzoneClusterImpl-2261fce3-3b3f-45be-b7bf-e56da5754016/datanode-0/data/ratis/afe22c63-8932-4e82-b5ba-e361dc9d5db9: created new log segment /workdir/hadoop-ozone/integration-test/target/test-dir/MiniOzoneClusterImpl-2261fce3-3b3f-45be-b7bf-e56da5754016/datanode-0/data/ratis/afe22c63-8932-4e82-b5ba-e361dc9d5db9/current/log_inprogress_0
2019-08-22 01:58:05,529 [a4945655-5ae5-4fb0-807f-bf09391df8f9-SegmentedRaftLogWorker:Storage Directory /workdir/hadoop-ozone/integration-test/target/test-dir/MiniOzoneClusterImpl-2261fce3-3b3f-45be-b7bf-e56da5754016/datanode-1/data/ratis/afe22c63-8932-4e82-b5ba-e361dc9d5db9] INFO  segmented.SegmentedRaftLogWorker (SegmentedRaftLogWorker.java:execute(569)) - a4945655-5ae5-4fb0-807f-bf09391df8f9-SegmentedRaftLogWorker:Storage Directory /workdir/hadoop-ozone/integration-test/target/test-dir/MiniOzoneClusterImpl-2261fce3-3b3f-45be-b7bf-e56da5754016/datanode-1/data/ratis/afe22c63-8932-4e82-b5ba-e361dc9d5db9: created new log segment /workdir/hadoop-ozone/integration-test/target/test-dir/MiniOzoneClusterImpl-2261fce3-3b3f-45be-b7bf-e56da5754016/datanode-1/data/ratis/afe22c63-8932-4e82-b5ba-e361dc9d5db9/current/log_inprogress_0
2019-08-22 01:58:05,529 [489c3654-cc5c-4faf-8cd1-81b3f3c2ce9e-SegmentedRaftLogWorker:Storage Directory /workdir/hadoop-ozone/integration-test/target/test-dir/MiniOzoneClusterImpl-2261fce3-3b3f-45be-b7bf-e56da5754016/datanode-2/data/ratis/afe22c63-8932-4e82-b5ba-e361dc9d5db9] INFO  segmented.SegmentedRaftLogWorker (SegmentedRaftLogWorker.java:execute(569)) - 489c3654-cc5c-4faf-8cd1-81b3f3c2ce9e-SegmentedRaftLogWorker:Storage Directory /workdir/hadoop-ozone/integration-test/target/test-dir/MiniOzoneClusterImpl-2261fce3-3b3f-45be-b7bf-e56da5754016/datanode-2/data/ratis/afe22c63-8932-4e82-b5ba-e361dc9d5db9: created new log segment /workdir/hadoop-ozone/integration-test/target/test-dir/MiniOzoneClusterImpl-2261fce3-3b3f-45be-b7bf-e56da5754016/datanode-2/data/ratis/afe22c63-8932-4e82-b5ba-e361dc9d5db9/current/log_inprogress_0
2019-08-22 01:58:05,602 | INFO  | SCMAudit | user=jenkins1000 | ip=192.168.34.54 | op=SEND_HEARTBEAT {datanodeUUID=f058baaf-af82-4783-b3d7-382a54c54b25, command=[]} | ret=SUCCESS |  
2019-08-22 01:58:05,767 [Thread-3281] INFO  impl.FollowerState (FollowerState.java:run(106)) - f058baaf-af82-4783-b3d7-382a54c54b25:group-97DC4DCB0E9E changes to CANDIDATE, lastRpcTime:5122, electionTimeout:5122ms
2019-08-22 01:58:05,767 [Thread-3281] INFO  impl.RoleInfo (RoleInfo.java:shutdownFollowerState(121)) - f058baaf-af82-4783-b3d7-382a54c54b25: shutdown FollowerState
2019-08-22 01:58:05,767 [Thread-3281] INFO  impl.RaftServerImpl (RaftServerImpl.java:setRole(171)) - f058baaf-af82-4783-b3d7-382a54c54b25:group-97DC4DCB0E9E changes role from FOLLOWER to CANDIDATE at term 0 for changeToCandidate
2019-08-22 01:58:05,767 [Thread-3281] INFO  impl.RoleInfo (RoleInfo.java:updateAndGet(143)) - f058baaf-af82-4783-b3d7-382a54c54b25: start LeaderElection
2019-08-22 01:58:05,779 | INFO  | SCMAudit | user=jenkins1000 | ip=192.168.34.54 | op=SEND_HEARTBEAT {datanodeUUID=c9473f95-2b72-4ec6-839c-23a2efec0cdd, command=[]} | ret=SUCCESS |  
2019-08-22 01:58:05,787 [f058baaf-af82-4783-b3d7-382a54c54b25:group-97DC4DCB0E9E:LeaderElection53] INFO  impl.LeaderElection (LeaderElection.java:askForVotes(181)) - f058baaf-af82-4783-b3d7-382a54c54b25:group-97DC4DCB0E9E:LeaderElection53: begin an election at term 1 for -1: [f058baaf-af82-4783-b3d7-382a54c54b25:192.168.34.54:38684], old=null
2019-08-22 01:58:05,787 [f058baaf-af82-4783-b3d7-382a54c54b25:group-97DC4DCB0E9E:LeaderElection53] INFO  impl.RoleInfo (RoleInfo.java:shutdownLeaderElection(134)) - f058baaf-af82-4783-b3d7-382a54c54b25: shutdown LeaderElection
2019-08-22 01:58:05,787 [f058baaf-af82-4783-b3d7-382a54c54b25:group-97DC4DCB0E9E:LeaderElection53] INFO  impl.RaftServerImpl (RaftServerImpl.java:setRole(171)) - f058baaf-af82-4783-b3d7-382a54c54b25:group-97DC4DCB0E9E changes role from CANDIDATE to LEADER at term 1 for changeToLeader
2019-08-22 01:58:05,787 [f058baaf-af82-4783-b3d7-382a54c54b25:group-97DC4DCB0E9E:LeaderElection53] INFO  impl.RaftServerImpl (ServerState.java:setLeader(263)) - f058baaf-af82-4783-b3d7-382a54c54b25:group-97DC4DCB0E9E change Leader from null to f058baaf-af82-4783-b3d7-382a54c54b25 at term 1 for becomeLeader, leader elected after 5147ms
2019-08-22 01:58:05,788 [f058baaf-af82-4783-b3d7-382a54c54b25:group-97DC4DCB0E9E:LeaderElection53] INFO  server.RaftServerConfigKeys (ConfUtils.java:logGet(43)) - raft.server.staging.catchup.gap = 1000 (default)
2019-08-22 01:58:05,788 [f058baaf-af82-4783-b3d7-382a54c54b25:group-97DC4DCB0E9E:LeaderElection53] INFO  server.RaftServerConfigKeys (ConfUtils.java:logGet(43)) - raft.server.rpc.sleep.time = 25ms (default)
2019-08-22 01:58:05,788 [f058baaf-af82-4783-b3d7-382a54c54b25:group-97DC4DCB0E9E:LeaderElection53] INFO  server.RaftServerConfigKeys (ConfUtils.java:logGet(43)) - raft.server.write.element-limit = 4096 (default)
2019-08-22 01:58:05,788 [f058baaf-af82-4783-b3d7-382a54c54b25:group-97DC4DCB0E9E:LeaderElection53] INFO  server.RaftServerConfigKeys (ConfUtils.java:logGet(43)) - raft.server.watch.timeout = 10s (default)
2019-08-22 01:58:05,788 [f058baaf-af82-4783-b3d7-382a54c54b25:group-97DC4DCB0E9E:LeaderElection53] INFO  server.RaftServerConfigKeys (ConfUtils.java:logGet(43)) - raft.server.watch.timeout.denomination = 1s (default)
2019-08-22 01:58:05,788 [f058baaf-af82-4783-b3d7-382a54c54b25:group-97DC4DCB0E9E:LeaderElection53] INFO  server.RaftServerConfigKeys (ConfUtils.java:logGet(43)) - raft.server.watch.element-limit = 65536 (default)
2019-08-22 01:58:05,788 [f058baaf-af82-4783-b3d7-382a54c54b25:group-97DC4DCB0E9E:LeaderElection53] INFO  impl.RoleInfo (RoleInfo.java:updateAndGet(143)) - f058baaf-af82-4783-b3d7-382a54c54b25: start LeaderState
2019-08-22 01:58:05,789 [f058baaf-af82-4783-b3d7-382a54c54b25:group-97DC4DCB0E9E:LeaderElection53] INFO  segmented.SegmentedRaftLogWorker (SegmentedRaftLogWorker.java:startLogSegment(380)) - f058baaf-af82-4783-b3d7-382a54c54b25-SegmentedRaftLogWorker:Storage Directory /workdir/hadoop-ozone/integration-test/target/test-dir/MiniOzoneClusterImpl-2261fce3-3b3f-45be-b7bf-e56da5754016/datanode-3/data/ratis/bcbab3cb-ba76-4d04-9992-97dc4dcb0e9e: Starting segment from index:0
2019-08-22 01:58:05,789 [f058baaf-af82-4783-b3d7-382a54c54b25:group-97DC4DCB0E9E:LeaderElection53] INFO  impl.RaftServerImpl (ServerState.java:setRaftConf(361)) - f058baaf-af82-4783-b3d7-382a54c54b25:group-97DC4DCB0E9E set configuration 0: [f058baaf-af82-4783-b3d7-382a54c54b25:192.168.34.54:38684], old=null at 0
2019-08-22 01:58:05,832 [f058baaf-af82-4783-b3d7-382a54c54b25-SegmentedRaftLogWorker:Storage Directory /workdir/hadoop-ozone/integration-test/target/test-dir/MiniOzoneClusterImpl-2261fce3-3b3f-45be-b7bf-e56da5754016/datanode-3/data/ratis/bcbab3cb-ba76-4d04-9992-97dc4dcb0e9e] INFO  segmented.SegmentedRaftLogWorker (SegmentedRaftLogWorker.java:execute(569)) - f058baaf-af82-4783-b3d7-382a54c54b25-SegmentedRaftLogWorker:Storage Directory /workdir/hadoop-ozone/integration-test/target/test-dir/MiniOzoneClusterImpl-2261fce3-3b3f-45be-b7bf-e56da5754016/datanode-3/data/ratis/bcbab3cb-ba76-4d04-9992-97dc4dcb0e9e: created new log segment /workdir/hadoop-ozone/integration-test/target/test-dir/MiniOzoneClusterImpl-2261fce3-3b3f-45be-b7bf-e56da5754016/datanode-3/data/ratis/bcbab3cb-ba76-4d04-9992-97dc4dcb0e9e/current/log_inprogress_0
2019-08-22 01:58:05,903 | INFO  | SCMAudit | user=jenkins1000 | ip=192.168.34.54 | op=SEND_HEARTBEAT {datanodeUUID=e7db1c3f-e23d-40ca-a1db-3f81dcb93f9b, command=[]} | ret=SUCCESS |  
2019-08-22 01:58:05,926 [Thread-3284] INFO  impl.FollowerState (FollowerState.java:run(106)) - c9473f95-2b72-4ec6-839c-23a2efec0cdd:group-7242BADFE69D changes to CANDIDATE, lastRpcTime:5101, electionTimeout:5101ms
2019-08-22 01:58:05,926 [Thread-3284] INFO  impl.RoleInfo (RoleInfo.java:shutdownFollowerState(121)) - c9473f95-2b72-4ec6-839c-23a2efec0cdd: shutdown FollowerState
2019-08-22 01:58:05,926 [Thread-3284] INFO  impl.RaftServerImpl (RaftServerImpl.java:setRole(171)) - c9473f95-2b72-4ec6-839c-23a2efec0cdd:group-7242BADFE69D changes role from FOLLOWER to CANDIDATE at term 0 for changeToCandidate
2019-08-22 01:58:05,926 [Thread-3284] INFO  impl.RoleInfo (RoleInfo.java:updateAndGet(143)) - c9473f95-2b72-4ec6-839c-23a2efec0cdd: start LeaderElection
2019-08-22 01:58:05,959 [c9473f95-2b72-4ec6-839c-23a2efec0cdd:group-7242BADFE69D:LeaderElection54] INFO  impl.LeaderElection (LeaderElection.java:askForVotes(181)) - c9473f95-2b72-4ec6-839c-23a2efec0cdd:group-7242BADFE69D:LeaderElection54: begin an election at term 1 for -1: [c9473f95-2b72-4ec6-839c-23a2efec0cdd:192.168.34.54:36137], old=null
2019-08-22 01:58:05,959 [c9473f95-2b72-4ec6-839c-23a2efec0cdd:group-7242BADFE69D:LeaderElection54] INFO  impl.RoleInfo (RoleInfo.java:shutdownLeaderElection(134)) - c9473f95-2b72-4ec6-839c-23a2efec0cdd: shutdown LeaderElection
2019-08-22 01:58:05,959 [c9473f95-2b72-4ec6-839c-23a2efec0cdd:group-7242BADFE69D:LeaderElection54] INFO  impl.RaftServerImpl (RaftServerImpl.java:setRole(171)) - c9473f95-2b72-4ec6-839c-23a2efec0cdd:group-7242BADFE69D changes role from CANDIDATE to LEADER at term 1 for changeToLeader
2019-08-22 01:58:05,960 [c9473f95-2b72-4ec6-839c-23a2efec0cdd:group-7242BADFE69D:LeaderElection54] INFO  impl.RaftServerImpl (ServerState.java:setLeader(263)) - c9473f95-2b72-4ec6-839c-23a2efec0cdd:group-7242BADFE69D change Leader from null to c9473f95-2b72-4ec6-839c-23a2efec0cdd at term 1 for becomeLeader, leader elected after 5139ms
2019-08-22 01:58:05,960 [c9473f95-2b72-4ec6-839c-23a2efec0cdd:group-7242BADFE69D:LeaderElection54] INFO  server.RaftServerConfigKeys (ConfUtils.java:logGet(43)) - raft.server.staging.catchup.gap = 1000 (default)
2019-08-22 01:58:05,960 [c9473f95-2b72-4ec6-839c-23a2efec0cdd:group-7242BADFE69D:LeaderElection54] INFO  server.RaftServerConfigKeys (ConfUtils.java:logGet(43)) - raft.server.rpc.sleep.time = 25ms (default)
2019-08-22 01:58:05,960 [c9473f95-2b72-4ec6-839c-23a2efec0cdd:group-7242BADFE69D:LeaderElection54] INFO  server.RaftServerConfigKeys (ConfUtils.java:logGet(43)) - raft.server.write.element-limit = 4096 (default)
2019-08-22 01:58:05,960 [c9473f95-2b72-4ec6-839c-23a2efec0cdd:group-7242BADFE69D:LeaderElection54] INFO  server.RaftServerConfigKeys (ConfUtils.java:logGet(43)) - raft.server.watch.timeout = 10s (default)
2019-08-22 01:58:05,960 [c9473f95-2b72-4ec6-839c-23a2efec0cdd:group-7242BADFE69D:LeaderElection54] INFO  server.RaftServerConfigKeys (ConfUtils.java:logGet(43)) - raft.server.watch.timeout.denomination = 1s (default)
2019-08-22 01:58:05,961 [c9473f95-2b72-4ec6-839c-23a2efec0cdd:group-7242BADFE69D:LeaderElection54] INFO  server.RaftServerConfigKeys (ConfUtils.java:logGet(43)) - raft.server.watch.element-limit = 65536 (default)
2019-08-22 01:58:05,961 [c9473f95-2b72-4ec6-839c-23a2efec0cdd:group-7242BADFE69D:LeaderElection54] INFO  impl.RoleInfo (RoleInfo.java:updateAndGet(143)) - c9473f95-2b72-4ec6-839c-23a2efec0cdd: start LeaderState
2019-08-22 01:58:05,961 [c9473f95-2b72-4ec6-839c-23a2efec0cdd:group-7242BADFE69D:LeaderElection54] INFO  segmented.SegmentedRaftLogWorker (SegmentedRaftLogWorker.java:startLogSegment(380)) - c9473f95-2b72-4ec6-839c-23a2efec0cdd-SegmentedRaftLogWorker:Storage Directory /workdir/hadoop-ozone/integration-test/target/test-dir/MiniOzoneClusterImpl-2261fce3-3b3f-45be-b7bf-e56da5754016/datanode-4/data/ratis/69e21d38-9ba8-4027-8dbd-7242badfe69d: Starting segment from index:0
2019-08-22 01:58:05,962 [c9473f95-2b72-4ec6-839c-23a2efec0cdd:group-7242BADFE69D:LeaderElection54] INFO  impl.RaftServerImpl (ServerState.java:setRaftConf(361)) - c9473f95-2b72-4ec6-839c-23a2efec0cdd:group-7242BADFE69D set configuration 0: [c9473f95-2b72-4ec6-839c-23a2efec0cdd:192.168.34.54:36137], old=null at 0
2019-08-22 01:58:05,982 | INFO  | SCMAudit | user=jenkins1000 | ip=192.168.34.54 | op=SEND_HEARTBEAT {datanodeUUID=fcccdfbe-c34f-4324-a92c-8940ffc9076a, command=[]} | ret=SUCCESS |  
2019-08-22 01:58:06,006 [c9473f95-2b72-4ec6-839c-23a2efec0cdd-SegmentedRaftLogWorker:Storage Directory /workdir/hadoop-ozone/integration-test/target/test-dir/MiniOzoneClusterImpl-2261fce3-3b3f-45be-b7bf-e56da5754016/datanode-4/data/ratis/69e21d38-9ba8-4027-8dbd-7242badfe69d] INFO  segmented.SegmentedRaftLogWorker (SegmentedRaftLogWorker.java:execute(569)) - c9473f95-2b72-4ec6-839c-23a2efec0cdd-SegmentedRaftLogWorker:Storage Directory /workdir/hadoop-ozone/integration-test/target/test-dir/MiniOzoneClusterImpl-2261fce3-3b3f-45be-b7bf-e56da5754016/datanode-4/data/ratis/69e21d38-9ba8-4027-8dbd-7242badfe69d: created new log segment /workdir/hadoop-ozone/integration-test/target/test-dir/MiniOzoneClusterImpl-2261fce3-3b3f-45be-b7bf-e56da5754016/datanode-4/data/ratis/69e21d38-9ba8-4027-8dbd-7242badfe69d/current/log_inprogress_0
2019-08-22 01:58:06,067 | INFO  | SCMAudit | user=jenkins1000 | ip=192.168.34.54 | op=SEND_HEARTBEAT {datanodeUUID=a4945655-5ae5-4fb0-807f-bf09391df8f9, command=[]} | ret=SUCCESS |  
2019-08-22 01:58:06,115 [Thread-3295] INFO  impl.FollowerState (FollowerState.java:run(106)) - fcccdfbe-c34f-4324-a92c-8940ffc9076a:group-EA5CC32FE9F4 changes to CANDIDATE, lastRpcTime:5020, electionTimeout:5020ms
2019-08-22 01:58:06,116 [Thread-3295] INFO  impl.RoleInfo (RoleInfo.java:shutdownFollowerState(121)) - fcccdfbe-c34f-4324-a92c-8940ffc9076a: shutdown FollowerState
2019-08-22 01:58:06,116 [Thread-3295] INFO  impl.RaftServerImpl (RaftServerImpl.java:setRole(171)) - fcccdfbe-c34f-4324-a92c-8940ffc9076a:group-EA5CC32FE9F4 changes role from FOLLOWER to CANDIDATE at term 0 for changeToCandidate
2019-08-22 01:58:06,116 [Thread-3295] INFO  impl.RoleInfo (RoleInfo.java:updateAndGet(143)) - fcccdfbe-c34f-4324-a92c-8940ffc9076a: start LeaderElection
2019-08-22 01:58:06,136 | INFO  | SCMAudit | user=jenkins1000 | ip=192.168.34.54 | op=SEND_HEARTBEAT {datanodeUUID=625bdeda-2dd3-41ed-bca6-2cf8ccbfa1a7, command=[]} | ret=SUCCESS |  
2019-08-22 01:58:06,145 [fcccdfbe-c34f-4324-a92c-8940ffc9076a:group-EA5CC32FE9F4:LeaderElection55] INFO  impl.LeaderElection (LeaderElection.java:askForVotes(181)) - fcccdfbe-c34f-4324-a92c-8940ffc9076a:group-EA5CC32FE9F4:LeaderElection55: begin an election at term 1 for -1: [f058baaf-af82-4783-b3d7-382a54c54b25:192.168.34.54:38684, fcccdfbe-c34f-4324-a92c-8940ffc9076a:192.168.34.54:44996, c9473f95-2b72-4ec6-839c-23a2efec0cdd:192.168.34.54:36137], old=null
2019-08-22 01:58:06,151 [grpc-default-executor-0] INFO  impl.RaftServerImpl (RaftServerImpl.java:setRole(171)) - f058baaf-af82-4783-b3d7-382a54c54b25:group-EA5CC32FE9F4 changes role from FOLLOWER to FOLLOWER at term 1 for recognizeCandidate:fcccdfbe-c34f-4324-a92c-8940ffc9076a
2019-08-22 01:58:06,151 [grpc-default-executor-0] INFO  impl.RoleInfo (RoleInfo.java:shutdownFollowerState(121)) - f058baaf-af82-4783-b3d7-382a54c54b25: shutdown FollowerState
2019-08-22 01:58:06,155 [grpc-default-executor-4] INFO  impl.RaftServerImpl (RaftServerImpl.java:setRole(171)) - c9473f95-2b72-4ec6-839c-23a2efec0cdd:group-EA5CC32FE9F4 changes role from FOLLOWER to FOLLOWER at term 1 for recognizeCandidate:fcccdfbe-c34f-4324-a92c-8940ffc9076a
2019-08-22 01:58:06,155 [Thread-3293] INFO  impl.FollowerState (FollowerState.java:run(114)) - f058baaf-af82-4783-b3d7-382a54c54b25: FollowerState was interrupted: java.lang.InterruptedException: sleep interrupted
2019-08-22 01:58:06,155 [grpc-default-executor-0] INFO  impl.RoleInfo (RoleInfo.java:updateAndGet(143)) - f058baaf-af82-4783-b3d7-382a54c54b25: start FollowerState
2019-08-22 01:58:06,156 [grpc-default-executor-4] INFO  impl.RoleInfo (RoleInfo.java:shutdownFollowerState(121)) - c9473f95-2b72-4ec6-839c-23a2efec0cdd: shutdown FollowerState
2019-08-22 01:58:06,159 [Thread-3290] INFO  impl.FollowerState (FollowerState.java:run(114)) - c9473f95-2b72-4ec6-839c-23a2efec0cdd: FollowerState was interrupted: java.lang.InterruptedException: sleep interrupted
2019-08-22 01:58:06,159 [grpc-default-executor-4] INFO  impl.RoleInfo (RoleInfo.java:updateAndGet(143)) - c9473f95-2b72-4ec6-839c-23a2efec0cdd: start FollowerState
2019-08-22 01:58:06,164 [Thread-3287] INFO  impl.FollowerState (FollowerState.java:run(106)) - fcccdfbe-c34f-4324-a92c-8940ffc9076a:group-C1FA9A5A1307 changes to CANDIDATE, lastRpcTime:5149, electionTimeout:5149ms
2019-08-22 01:58:06,164 [Thread-3287] INFO  impl.RoleInfo (RoleInfo.java:shutdownFollowerState(121)) - fcccdfbe-c34f-4324-a92c-8940ffc9076a: shutdown FollowerState
2019-08-22 01:58:06,164 [Thread-3287] INFO  impl.RaftServerImpl (RaftServerImpl.java:setRole(171)) - fcccdfbe-c34f-4324-a92c-8940ffc9076a:group-C1FA9A5A1307 changes role from FOLLOWER to CANDIDATE at term 0 for changeToCandidate
2019-08-22 01:58:06,164 [Thread-3287] INFO  impl.RoleInfo (RoleInfo.java:updateAndGet(143)) - fcccdfbe-c34f-4324-a92c-8940ffc9076a: start LeaderElection
2019-08-22 01:58:06,187 [fcccdfbe-c34f-4324-a92c-8940ffc9076a:group-C1FA9A5A1307:LeaderElection56] INFO  impl.LeaderElection (LeaderElection.java:askForVotes(181)) - fcccdfbe-c34f-4324-a92c-8940ffc9076a:group-C1FA9A5A1307:LeaderElection56: begin an election at term 1 for -1: [fcccdfbe-c34f-4324-a92c-8940ffc9076a:192.168.34.54:44996], old=null
2019-08-22 01:58:06,187 [fcccdfbe-c34f-4324-a92c-8940ffc9076a:group-C1FA9A5A1307:LeaderElection56] INFO  impl.RoleInfo (RoleInfo.java:shutdownLeaderElection(134)) - fcccdfbe-c34f-4324-a92c-8940ffc9076a: shutdown LeaderElection
2019-08-22 01:58:06,187 [fcccdfbe-c34f-4324-a92c-8940ffc9076a:group-C1FA9A5A1307:LeaderElection56] INFO  impl.RaftServerImpl (RaftServerImpl.java:setRole(171)) - fcccdfbe-c34f-4324-a92c-8940ffc9076a:group-C1FA9A5A1307 changes role from CANDIDATE to LEADER at term 1 for changeToLeader
2019-08-22 01:58:06,187 [fcccdfbe-c34f-4324-a92c-8940ffc9076a:group-C1FA9A5A1307:LeaderElection56] INFO  impl.RaftServerImpl (ServerState.java:setLeader(263)) - fcccdfbe-c34f-4324-a92c-8940ffc9076a:group-C1FA9A5A1307 change Leader from null to fcccdfbe-c34f-4324-a92c-8940ffc9076a at term 1 for becomeLeader, leader elected after 5177ms
2019-08-22 01:58:06,188 [fcccdfbe-c34f-4324-a92c-8940ffc9076a:group-C1FA9A5A1307:LeaderElection56] INFO  server.RaftServerConfigKeys (ConfUtils.java:logGet(43)) - raft.server.staging.catchup.gap = 1000 (default)
2019-08-22 01:58:06,188 [fcccdfbe-c34f-4324-a92c-8940ffc9076a:group-C1FA9A5A1307:LeaderElection56] INFO  server.RaftServerConfigKeys (ConfUtils.java:logGet(43)) - raft.server.rpc.sleep.time = 25ms (default)
2019-08-22 01:58:06,202 [fcccdfbe-c34f-4324-a92c-8940ffc9076a:group-C1FA9A5A1307:LeaderElection56] INFO  server.RaftServerConfigKeys (ConfUtils.java:logGet(43)) - raft.server.write.element-limit = 4096 (default)
2019-08-22 01:58:06,202 [fcccdfbe-c34f-4324-a92c-8940ffc9076a:group-C1FA9A5A1307:LeaderElection56] INFO  server.RaftServerConfigKeys (ConfUtils.java:logGet(43)) - raft.server.watch.timeout = 10s (default)
2019-08-22 01:58:06,202 [fcccdfbe-c34f-4324-a92c-8940ffc9076a:group-EA5CC32FE9F4:LeaderElection55] INFO  impl.LeaderElection (LeaderElection.java:logAndReturn(56)) - fcccdfbe-c34f-4324-a92c-8940ffc9076a:group-EA5CC32FE9F4:LeaderElection55: Election PASSED; received 1 response(s) [fcccdfbe-c34f-4324-a92c-8940ffc9076a<-f058baaf-af82-4783-b3d7-382a54c54b25#0:OK-t1] and 0 exception(s); fcccdfbe-c34f-4324-a92c-8940ffc9076a:t1, leader=null, voted=fcccdfbe-c34f-4324-a92c-8940ffc9076a, raftlog=fcccdfbe-c34f-4324-a92c-8940ffc9076a-SegmentedRaftLog:OPENED:c-1,f-1,i0, conf=-1: [f058baaf-af82-4783-b3d7-382a54c54b25:192.168.34.54:38684, fcccdfbe-c34f-4324-a92c-8940ffc9076a:192.168.34.54:44996, c9473f95-2b72-4ec6-839c-23a2efec0cdd:192.168.34.54:36137], old=null
2019-08-22 01:58:06,202 [fcccdfbe-c34f-4324-a92c-8940ffc9076a:group-C1FA9A5A1307:LeaderElection56] INFO  server.RaftServerConfigKeys (ConfUtils.java:logGet(43)) - raft.server.watch.timeout.denomination = 1s (default)
2019-08-22 01:58:06,203 [fcccdfbe-c34f-4324-a92c-8940ffc9076a:group-EA5CC32FE9F4:LeaderElection55] INFO  impl.RoleInfo (RoleInfo.java:shutdownLeaderElection(134)) - fcccdfbe-c34f-4324-a92c-8940ffc9076a: shutdown LeaderElection
2019-08-22 01:58:06,203 [fcccdfbe-c34f-4324-a92c-8940ffc9076a:group-C1FA9A5A1307:LeaderElection56] INFO  server.RaftServerConfigKeys (ConfUtils.java:logGet(43)) - raft.server.watch.element-limit = 65536 (default)
2019-08-22 01:58:06,205 [fcccdfbe-c34f-4324-a92c-8940ffc9076a:group-EA5CC32FE9F4:LeaderElection55] INFO  impl.RaftServerImpl (RaftServerImpl.java:setRole(171)) - fcccdfbe-c34f-4324-a92c-8940ffc9076a:group-EA5CC32FE9F4 changes role from CANDIDATE to LEADER at term 1 for changeToLeader
2019-08-22 01:58:06,208 [fcccdfbe-c34f-4324-a92c-8940ffc9076a:group-EA5CC32FE9F4:LeaderElection55] INFO  impl.RaftServerImpl (ServerState.java:setLeader(263)) - fcccdfbe-c34f-4324-a92c-8940ffc9076a:group-EA5CC32FE9F4 change Leader from null to fcccdfbe-c34f-4324-a92c-8940ffc9076a at term 1 for becomeLeader, leader elected after 5127ms
2019-08-22 01:58:06,208 [fcccdfbe-c34f-4324-a92c-8940ffc9076a:group-C1FA9A5A1307:LeaderElection56] INFO  impl.RoleInfo (RoleInfo.java:updateAndGet(143)) - fcccdfbe-c34f-4324-a92c-8940ffc9076a: start LeaderState
2019-08-22 01:58:06,208 [fcccdfbe-c34f-4324-a92c-8940ffc9076a:group-EA5CC32FE9F4:LeaderElection55] INFO  server.RaftServerConfigKeys (ConfUtils.java:logGet(43)) - raft.server.staging.catchup.gap = 1000 (default)
2019-08-22 01:58:06,208 [fcccdfbe-c34f-4324-a92c-8940ffc9076a:group-EA5CC32FE9F4:LeaderElection55] INFO  server.RaftServerConfigKeys (ConfUtils.java:logGet(43)) - raft.server.rpc.sleep.time = 25ms (default)
2019-08-22 01:58:06,208 [fcccdfbe-c34f-4324-a92c-8940ffc9076a:group-C1FA9A5A1307:LeaderElection56] INFO  segmented.SegmentedRaftLogWorker (SegmentedRaftLogWorker.java:startLogSegment(380)) - fcccdfbe-c34f-4324-a92c-8940ffc9076a-SegmentedRaftLogWorker:Storage Directory /workdir/hadoop-ozone/integration-test/target/test-dir/MiniOzoneClusterImpl-2261fce3-3b3f-45be-b7bf-e56da5754016/datanode-5/data/ratis/169d78bf-1d2c-4fb1-bfb7-c1fa9a5a1307: Starting segment from index:0
2019-08-22 01:58:06,208 [fcccdfbe-c34f-4324-a92c-8940ffc9076a:group-EA5CC32FE9F4:LeaderElection55] INFO  server.RaftServerConfigKeys (ConfUtils.java:logGet(43)) - raft.server.write.element-limit = 4096 (default)
2019-08-22 01:58:06,209 [fcccdfbe-c34f-4324-a92c-8940ffc9076a:group-EA5CC32FE9F4:LeaderElection55] INFO  server.RaftServerConfigKeys (ConfUtils.java:logGet(43)) - raft.server.watch.timeout = 10s (default)
2019-08-22 01:58:06,209 [fcccdfbe-c34f-4324-a92c-8940ffc9076a:group-EA5CC32FE9F4:LeaderElection55] INFO  server.RaftServerConfigKeys (ConfUtils.java:logGet(43)) - raft.server.watch.timeout.denomination = 1s (default)
2019-08-22 01:58:06,209 [fcccdfbe-c34f-4324-a92c-8940ffc9076a:group-EA5CC32FE9F4:LeaderElection55] INFO  server.RaftServerConfigKeys (ConfUtils.java:logGet(43)) - raft.server.watch.element-limit = 65536 (default)
2019-08-22 01:58:06,209 [fcccdfbe-c34f-4324-a92c-8940ffc9076a:group-C1FA9A5A1307:LeaderElection56] INFO  impl.RaftServerImpl (ServerState.java:setRaftConf(361)) - fcccdfbe-c34f-4324-a92c-8940ffc9076a:group-C1FA9A5A1307 set configuration 0: [fcccdfbe-c34f-4324-a92c-8940ffc9076a:192.168.34.54:44996], old=null at 0
2019-08-22 01:58:06,209 [fcccdfbe-c34f-4324-a92c-8940ffc9076a:group-EA5CC32FE9F4:LeaderElection55] INFO  server.RaftServerConfigKeys (ConfUtils.java:logGet(43)) - raft.server.log.appender.snapshot.chunk.size.max = 16MB (=16777216) (default)
2019-08-22 01:58:06,226 [fcccdfbe-c34f-4324-a92c-8940ffc9076a:group-EA5CC32FE9F4:LeaderElection55] INFO  server.RaftServerConfigKeys (ConfUtils.java:logGet(43)) - raft.server.log.appender.buffer.byte-limit = 33554432 (custom)
2019-08-22 01:58:06,227 [fcccdfbe-c34f-4324-a92c-8940ffc9076a:group-EA5CC32FE9F4:LeaderElection55] INFO  server.RaftServerConfigKeys (ConfUtils.java:logGet(43)) - raft.server.log.appender.buffer.element-limit = 1 (custom)
2019-08-22 01:58:06,227 [fcccdfbe-c34f-4324-a92c-8940ffc9076a:group-EA5CC32FE9F4:LeaderElection55] INFO  grpc.GrpcConfigKeys$Server (ConfUtils.java:logGet(43)) - raft.grpc.server.leader.outstanding.appends.max = 128 (default)
2019-08-22 01:58:06,227 [fcccdfbe-c34f-4324-a92c-8940ffc9076a:group-EA5CC32FE9F4:LeaderElection55] INFO  server.RaftServerConfigKeys (ConfUtils.java:logGet(43)) - raft.server.rpc.request.timeout = 3000ms (default)
2019-08-22 01:58:06,227 [fcccdfbe-c34f-4324-a92c-8940ffc9076a:group-EA5CC32FE9F4:LeaderElection55] INFO  server.RaftServerConfigKeys (ConfUtils.java:logGet(43)) - raft.server.log.appender.install.snapshot.enabled = false (custom)
2019-08-22 01:58:06,227 [fcccdfbe-c34f-4324-a92c-8940ffc9076a:group-EA5CC32FE9F4:LeaderElection55] INFO  server.RaftServerConfigKeys (ConfUtils.java:logGet(43)) - raft.server.log.appender.snapshot.chunk.size.max = 16MB (=16777216) (default)
2019-08-22 01:58:06,227 [fcccdfbe-c34f-4324-a92c-8940ffc9076a:group-EA5CC32FE9F4:LeaderElection55] INFO  server.RaftServerConfigKeys (ConfUtils.java:logGet(43)) - raft.server.log.appender.buffer.byte-limit = 33554432 (custom)
2019-08-22 01:58:06,228 [fcccdfbe-c34f-4324-a92c-8940ffc9076a:group-EA5CC32FE9F4:LeaderElection55] INFO  server.RaftServerConfigKeys (ConfUtils.java:logGet(43)) - raft.server.log.appender.buffer.element-limit = 1 (custom)
2019-08-22 01:58:06,228 [fcccdfbe-c34f-4324-a92c-8940ffc9076a:group-EA5CC32FE9F4:LeaderElection55] INFO  grpc.GrpcConfigKeys$Server (ConfUtils.java:logGet(43)) - raft.grpc.server.leader.outstanding.appends.max = 128 (default)
2019-08-22 01:58:06,228 [fcccdfbe-c34f-4324-a92c-8940ffc9076a:group-EA5CC32FE9F4:LeaderElection55] INFO  server.RaftServerConfigKeys (ConfUtils.java:logGet(43)) - raft.server.rpc.request.timeout = 3000ms (default)
2019-08-22 01:58:06,228 [fcccdfbe-c34f-4324-a92c-8940ffc9076a:group-EA5CC32FE9F4:LeaderElection55] INFO  server.RaftServerConfigKeys (ConfUtils.java:logGet(43)) - raft.server.log.appender.install.snapshot.enabled = false (custom)
2019-08-22 01:58:06,228 [fcccdfbe-c34f-4324-a92c-8940ffc9076a:group-EA5CC32FE9F4:LeaderElection55] INFO  impl.RoleInfo (RoleInfo.java:updateAndGet(143)) - fcccdfbe-c34f-4324-a92c-8940ffc9076a: start LeaderState
2019-08-22 01:58:06,229 [fcccdfbe-c34f-4324-a92c-8940ffc9076a:group-EA5CC32FE9F4:LeaderElection55] INFO  segmented.SegmentedRaftLogWorker (SegmentedRaftLogWorker.java:startLogSegment(380)) - fcccdfbe-c34f-4324-a92c-8940ffc9076a-SegmentedRaftLogWorker:Storage Directory /workdir/hadoop-ozone/integration-test/target/test-dir/MiniOzoneClusterImpl-2261fce3-3b3f-45be-b7bf-e56da5754016/datanode-5/data/ratis/c29e6fdc-c4e1-45ff-bce5-ea5cc32fe9f4: Starting segment from index:0
2019-08-22 01:58:06,229 [fcccdfbe-c34f-4324-a92c-8940ffc9076a:group-EA5CC32FE9F4:LeaderElection55] INFO  impl.RaftServerImpl (ServerState.java:setRaftConf(361)) - fcccdfbe-c34f-4324-a92c-8940ffc9076a:group-EA5CC32FE9F4 set configuration 0: [f058baaf-af82-4783-b3d7-382a54c54b25:192.168.34.54:38684, fcccdfbe-c34f-4324-a92c-8940ffc9076a:192.168.34.54:44996, c9473f95-2b72-4ec6-839c-23a2efec0cdd:192.168.34.54:36137], old=null at 0
2019-08-22 01:58:06,250 [fcccdfbe-c34f-4324-a92c-8940ffc9076a-SegmentedRaftLogWorker:Storage Directory /workdir/hadoop-ozone/integration-test/target/test-dir/MiniOzoneClusterImpl-2261fce3-3b3f-45be-b7bf-e56da5754016/datanode-5/data/ratis/169d78bf-1d2c-4fb1-bfb7-c1fa9a5a1307] INFO  segmented.SegmentedRaftLogWorker (SegmentedRaftLogWorker.java:execute(569)) - fcccdfbe-c34f-4324-a92c-8940ffc9076a-SegmentedRaftLogWorker:Storage Directory /workdir/hadoop-ozone/integration-test/target/test-dir/MiniOzoneClusterImpl-2261fce3-3b3f-45be-b7bf-e56da5754016/datanode-5/data/ratis/169d78bf-1d2c-4fb1-bfb7-c1fa9a5a1307: created new log segment /workdir/hadoop-ozone/integration-test/target/test-dir/MiniOzoneClusterImpl-2261fce3-3b3f-45be-b7bf-e56da5754016/datanode-5/data/ratis/169d78bf-1d2c-4fb1-bfb7-c1fa9a5a1307/current/log_inprogress_0
2019-08-22 01:58:06,250 | INFO  | SCMAudit | user=jenkins1000 | ip=192.168.34.54 | op=SEND_HEARTBEAT {datanodeUUID=489c3654-cc5c-4faf-8cd1-81b3f3c2ce9e, command=[]} | ret=SUCCESS |  
2019-08-22 01:58:06,251 [grpc-default-executor-4] INFO  impl.RaftServerImpl (ServerState.java:setLeader(263)) - c9473f95-2b72-4ec6-839c-23a2efec0cdd:group-EA5CC32FE9F4 change Leader from null to fcccdfbe-c34f-4324-a92c-8940ffc9076a at term 1 for appendEntries, leader elected after 5170ms
2019-08-22 01:58:06,251 [grpc-default-executor-0] INFO  impl.RaftServerImpl (ServerState.java:setLeader(263)) - f058baaf-af82-4783-b3d7-382a54c54b25:group-EA5CC32FE9F4 change Leader from null to fcccdfbe-c34f-4324-a92c-8940ffc9076a at term 1 for appendEntries, leader elected after 5170ms
2019-08-22 01:58:06,258 [grpc-default-executor-0] INFO  impl.RaftServerImpl (ServerState.java:setRaftConf(361)) - c9473f95-2b72-4ec6-839c-23a2efec0cdd:group-EA5CC32FE9F4 set configuration 0: [f058baaf-af82-4783-b3d7-382a54c54b25:192.168.34.54:38684, fcccdfbe-c34f-4324-a92c-8940ffc9076a:192.168.34.54:44996, c9473f95-2b72-4ec6-839c-23a2efec0cdd:192.168.34.54:36137], old=null at 0
2019-08-22 01:58:06,258 [grpc-default-executor-0] INFO  segmented.SegmentedRaftLogWorker (SegmentedRaftLogWorker.java:startLogSegment(380)) - c9473f95-2b72-4ec6-839c-23a2efec0cdd-SegmentedRaftLogWorker:Storage Directory /workdir/hadoop-ozone/integration-test/target/test-dir/MiniOzoneClusterImpl-2261fce3-3b3f-45be-b7bf-e56da5754016/datanode-4/data/ratis/c29e6fdc-c4e1-45ff-bce5-ea5cc32fe9f4: Starting segment from index:0
2019-08-22 01:58:06,260 [grpc-default-executor-4] INFO  impl.RaftServerImpl (ServerState.java:setRaftConf(361)) - f058baaf-af82-4783-b3d7-382a54c54b25:group-EA5CC32FE9F4 set configuration 0: [f058baaf-af82-4783-b3d7-382a54c54b25:192.168.34.54:38684, fcccdfbe-c34f-4324-a92c-8940ffc9076a:192.168.34.54:44996, c9473f95-2b72-4ec6-839c-23a2efec0cdd:192.168.34.54:36137], old=null at 0
2019-08-22 01:58:06,260 [grpc-default-executor-4] INFO  segmented.SegmentedRaftLogWorker (SegmentedRaftLogWorker.java:startLogSegment(380)) - f058baaf-af82-4783-b3d7-382a54c54b25-SegmentedRaftLogWorker:Storage Directory /workdir/hadoop-ozone/integration-test/target/test-dir/MiniOzoneClusterImpl-2261fce3-3b3f-45be-b7bf-e56da5754016/datanode-3/data/ratis/c29e6fdc-c4e1-45ff-bce5-ea5cc32fe9f4: Starting segment from index:0
2019-08-22 01:58:06,279 [Thread-3299] INFO  impl.FollowerState (FollowerState.java:run(106)) - 625bdeda-2dd3-41ed-bca6-2cf8ccbfa1a7:group-DB81A89052EC changes to CANDIDATE, lastRpcTime:5101, electionTimeout:5091ms
2019-08-22 01:58:06,280 [fcccdfbe-c34f-4324-a92c-8940ffc9076a-SegmentedRaftLogWorker:Storage Directory /workdir/hadoop-ozone/integration-test/target/test-dir/MiniOzoneClusterImpl-2261fce3-3b3f-45be-b7bf-e56da5754016/datanode-5/data/ratis/c29e6fdc-c4e1-45ff-bce5-ea5cc32fe9f4] INFO  segmented.SegmentedRaftLogWorker (SegmentedRaftLogWorker.java:execute(569)) - fcccdfbe-c34f-4324-a92c-8940ffc9076a-SegmentedRaftLogWorker:Storage Directory /workdir/hadoop-ozone/integration-test/target/test-dir/MiniOzoneClusterImpl-2261fce3-3b3f-45be-b7bf-e56da5754016/datanode-5/data/ratis/c29e6fdc-c4e1-45ff-bce5-ea5cc32fe9f4: created new log segment /workdir/hadoop-ozone/integration-test/target/test-dir/MiniOzoneClusterImpl-2261fce3-3b3f-45be-b7bf-e56da5754016/datanode-5/data/ratis/c29e6fdc-c4e1-45ff-bce5-ea5cc32fe9f4/current/log_inprogress_0
2019-08-22 01:58:06,280 [Thread-3299] INFO  impl.RoleInfo (RoleInfo.java:shutdownFollowerState(121)) - 625bdeda-2dd3-41ed-bca6-2cf8ccbfa1a7: shutdown FollowerState
2019-08-22 01:58:06,280 [Thread-3299] INFO  impl.RaftServerImpl (RaftServerImpl.java:setRole(171)) - 625bdeda-2dd3-41ed-bca6-2cf8ccbfa1a7:group-DB81A89052EC changes role from FOLLOWER to CANDIDATE at term 0 for changeToCandidate
2019-08-22 01:58:06,280 [Thread-3299] INFO  impl.RoleInfo (RoleInfo.java:updateAndGet(143)) - 625bdeda-2dd3-41ed-bca6-2cf8ccbfa1a7: start LeaderElection
2019-08-22 01:58:06,293 [grpc-default-executor-0] INFO  client.GrpcClientProtocolClient (GrpcClientProtocolClient.java:onNext(255)) - client-1018614BA284->fcccdfbe-c34f-4324-a92c-8940ffc9076a: receive RaftClientReply:client-1018614BA284->fcccdfbe-c34f-4324-a92c-8940ffc9076a@group-EA5CC32FE9F4, cid=175, FAILED org.apache.ratis.protocol.LeaderNotReadyException: fcccdfbe-c34f-4324-a92c-8940ffc9076a is in LEADER state but not ready yet., logIndex=0, commits[fcccdfbe-c34f-4324-a92c-8940ffc9076a:c-1, f058baaf-af82-4783-b3d7-382a54c54b25:c-1, c9473f95-2b72-4ec6-839c-23a2efec0cdd:c-1]
2019-08-22 01:58:06,294 [f058baaf-af82-4783-b3d7-382a54c54b25-SegmentedRaftLogWorker:Storage Directory /workdir/hadoop-ozone/integration-test/target/test-dir/MiniOzoneClusterImpl-2261fce3-3b3f-45be-b7bf-e56da5754016/datanode-3/data/ratis/c29e6fdc-c4e1-45ff-bce5-ea5cc32fe9f4] INFO  segmented.SegmentedRaftLogWorker (SegmentedRaftLogWorker.java:execute(569)) - f058baaf-af82-4783-b3d7-382a54c54b25-SegmentedRaftLogWorker:Storage Directory /workdir/hadoop-ozone/integration-test/target/test-dir/MiniOzoneClusterImpl-2261fce3-3b3f-45be-b7bf-e56da5754016/datanode-3/data/ratis/c29e6fdc-c4e1-45ff-bce5-ea5cc32fe9f4: created new log segment /workdir/hadoop-ozone/integration-test/target/test-dir/MiniOzoneClusterImpl-2261fce3-3b3f-45be-b7bf-e56da5754016/datanode-3/data/ratis/c29e6fdc-c4e1-45ff-bce5-ea5cc32fe9f4/current/log_inprogress_0
2019-08-22 01:58:06,294 [c9473f95-2b72-4ec6-839c-23a2efec0cdd-SegmentedRaftLogWorker:Storage Directory /workdir/hadoop-ozone/integration-test/target/test-dir/MiniOzoneClusterImpl-2261fce3-3b3f-45be-b7bf-e56da5754016/datanode-4/data/ratis/c29e6fdc-c4e1-45ff-bce5-ea5cc32fe9f4] INFO  segmented.SegmentedRaftLogWorker (SegmentedRaftLogWorker.java:execute(569)) - c9473f95-2b72-4ec6-839c-23a2efec0cdd-SegmentedRaftLogWorker:Storage Directory /workdir/hadoop-ozone/integration-test/target/test-dir/MiniOzoneClusterImpl-2261fce3-3b3f-45be-b7bf-e56da5754016/datanode-4/data/ratis/c29e6fdc-c4e1-45ff-bce5-ea5cc32fe9f4: created new log segment /workdir/hadoop-ozone/integration-test/target/test-dir/MiniOzoneClusterImpl-2261fce3-3b3f-45be-b7bf-e56da5754016/datanode-4/data/ratis/c29e6fdc-c4e1-45ff-bce5-ea5cc32fe9f4/current/log_inprogress_0
2019-08-22 01:58:06,294 [625bdeda-2dd3-41ed-bca6-2cf8ccbfa1a7:group-DB81A89052EC:LeaderElection57] INFO  impl.LeaderElection (LeaderElection.java:askForVotes(181)) - 625bdeda-2dd3-41ed-bca6-2cf8ccbfa1a7:group-DB81A89052EC:LeaderElection57: begin an election at term 1 for -1: [625bdeda-2dd3-41ed-bca6-2cf8ccbfa1a7:192.168.34.54:39183], old=null
2019-08-22 01:58:06,294 [625bdeda-2dd3-41ed-bca6-2cf8ccbfa1a7:group-DB81A89052EC:LeaderElection57] INFO  impl.RoleInfo (RoleInfo.java:shutdownLeaderElection(134)) - 625bdeda-2dd3-41ed-bca6-2cf8ccbfa1a7: shutdown LeaderElection
2019-08-22 01:58:06,295 [625bdeda-2dd3-41ed-bca6-2cf8ccbfa1a7:group-DB81A89052EC:LeaderElection57] INFO  impl.RaftServerImpl (RaftServerImpl.java:setRole(171)) - 625bdeda-2dd3-41ed-bca6-2cf8ccbfa1a7:group-DB81A89052EC changes role from CANDIDATE to LEADER at term 1 for changeToLeader
2019-08-22 01:58:06,295 [625bdeda-2dd3-41ed-bca6-2cf8ccbfa1a7:group-DB81A89052EC:LeaderElection57] INFO  impl.RaftServerImpl (ServerState.java:setLeader(263)) - 625bdeda-2dd3-41ed-bca6-2cf8ccbfa1a7:group-DB81A89052EC change Leader from null to 625bdeda-2dd3-41ed-bca6-2cf8ccbfa1a7 at term 1 for becomeLeader, leader elected after 5122ms
2019-08-22 01:58:06,295 [625bdeda-2dd3-41ed-bca6-2cf8ccbfa1a7:group-DB81A89052EC:LeaderElection57] INFO  server.RaftServerConfigKeys (ConfUtils.java:logGet(43)) - raft.server.staging.catchup.gap = 1000 (default)
2019-08-22 01:58:06,295 [625bdeda-2dd3-41ed-bca6-2cf8ccbfa1a7:group-DB81A89052EC:LeaderElection57] INFO  server.RaftServerConfigKeys (ConfUtils.java:logGet(43)) - raft.server.rpc.sleep.time = 25ms (default)
2019-08-22 01:58:06,295 [625bdeda-2dd3-41ed-bca6-2cf8ccbfa1a7:group-DB81A89052EC:LeaderElection57] INFO  server.RaftServerConfigKeys (ConfUtils.java:logGet(43)) - raft.server.write.element-limit = 4096 (default)
2019-08-22 01:58:06,295 [625bdeda-2dd3-41ed-bca6-2cf8ccbfa1a7:group-DB81A89052EC:LeaderElection57] INFO  server.RaftServerConfigKeys (ConfUtils.java:logGet(43)) - raft.server.watch.timeout = 10s (default)
2019-08-22 01:58:06,295 [625bdeda-2dd3-41ed-bca6-2cf8ccbfa1a7:group-DB81A89052EC:LeaderElection57] INFO  server.RaftServerConfigKeys (ConfUtils.java:logGet(43)) - raft.server.watch.timeout.denomination = 1s (default)
2019-08-22 01:58:06,295 [625bdeda-2dd3-41ed-bca6-2cf8ccbfa1a7:group-DB81A89052EC:LeaderElection57] INFO  server.RaftServerConfigKeys (ConfUtils.java:logGet(43)) - raft.server.watch.element-limit = 65536 (default)
2019-08-22 01:58:06,296 [625bdeda-2dd3-41ed-bca6-2cf8ccbfa1a7:group-DB81A89052EC:LeaderElection57] INFO  impl.RoleInfo (RoleInfo.java:updateAndGet(143)) - 625bdeda-2dd3-41ed-bca6-2cf8ccbfa1a7: start LeaderState
2019-08-22 01:58:06,296 [625bdeda-2dd3-41ed-bca6-2cf8ccbfa1a7:group-DB81A89052EC:LeaderElection57] INFO  segmented.SegmentedRaftLogWorker (SegmentedRaftLogWorker.java:startLogSegment(380)) - 625bdeda-2dd3-41ed-bca6-2cf8ccbfa1a7-SegmentedRaftLogWorker:Storage Directory /workdir/hadoop-ozone/integration-test/target/test-dir/MiniOzoneClusterImpl-2261fce3-3b3f-45be-b7bf-e56da5754016/datanode-6/data/ratis/a6cfa20d-5180-4e3d-9558-db81a89052ec: Starting segment from index:0
2019-08-22 01:58:06,296 [625bdeda-2dd3-41ed-bca6-2cf8ccbfa1a7:group-DB81A89052EC:LeaderElection57] INFO  impl.RaftServerImpl (ServerState.java:setRaftConf(361)) - 625bdeda-2dd3-41ed-bca6-2cf8ccbfa1a7:group-DB81A89052EC set configuration 0: [625bdeda-2dd3-41ed-bca6-2cf8ccbfa1a7:192.168.34.54:39183], old=null at 0
2019-08-22 01:58:06,323 [625bdeda-2dd3-41ed-bca6-2cf8ccbfa1a7-SegmentedRaftLogWorker:Storage Directory /workdir/hadoop-ozone/integration-test/target/test-dir/MiniOzoneClusterImpl-2261fce3-3b3f-45be-b7bf-e56da5754016/datanode-6/data/ratis/a6cfa20d-5180-4e3d-9558-db81a89052ec] INFO  segmented.SegmentedRaftLogWorker (SegmentedRaftLogWorker.java:execute(569)) - 625bdeda-2dd3-41ed-bca6-2cf8ccbfa1a7-SegmentedRaftLogWorker:Storage Directory /workdir/hadoop-ozone/integration-test/target/test-dir/MiniOzoneClusterImpl-2261fce3-3b3f-45be-b7bf-e56da5754016/datanode-6/data/ratis/a6cfa20d-5180-4e3d-9558-db81a89052ec: created new log segment /workdir/hadoop-ozone/integration-test/target/test-dir/MiniOzoneClusterImpl-2261fce3-3b3f-45be-b7bf-e56da5754016/datanode-6/data/ratis/a6cfa20d-5180-4e3d-9558-db81a89052ec/current/log_inprogress_0
2019-08-22 01:58:06,606 | INFO  | SCMAudit | user=jenkins1000 | ip=192.168.34.54 | op=SEND_HEARTBEAT {datanodeUUID=f058baaf-af82-4783-b3d7-382a54c54b25, command=[]} | ret=SUCCESS |  
2019-08-22 01:58:06,780 | INFO  | SCMAudit | user=jenkins1000 | ip=192.168.34.54 | op=SEND_HEARTBEAT {datanodeUUID=c9473f95-2b72-4ec6-839c-23a2efec0cdd, command=[]} | ret=SUCCESS |  
2019-08-22 01:58:06,902 | INFO  | SCMAudit | user=jenkins1000 | ip=192.168.34.54 | op=SEND_HEARTBEAT {datanodeUUID=e7db1c3f-e23d-40ca-a1db-3f81dcb93f9b, command=[]} | ret=SUCCESS |  
2019-08-22 01:58:06,963 | INFO  | SCMAudit | user=jenkins1000 | ip=192.168.34.54 | op=SEND_HEARTBEAT {datanodeUUID=fcccdfbe-c34f-4324-a92c-8940ffc9076a, command=[]} | ret=SUCCESS |  
2019-08-22 01:58:07,067 | INFO  | SCMAudit | user=jenkins1000 | ip=192.168.34.54 | op=SEND_HEARTBEAT {datanodeUUID=a4945655-5ae5-4fb0-807f-bf09391df8f9, command=[]} | ret=SUCCESS |  
2019-08-22 01:58:07,137 | INFO  | SCMAudit | user=jenkins1000 | ip=192.168.34.54 | op=SEND_HEARTBEAT {datanodeUUID=625bdeda-2dd3-41ed-bca6-2cf8ccbfa1a7, command=[]} | ret=SUCCESS |  
2019-08-22 01:58:07,249 | INFO  | SCMAudit | user=jenkins1000 | ip=192.168.34.54 | op=SEND_HEARTBEAT {datanodeUUID=489c3654-cc5c-4faf-8cd1-81b3f3c2ce9e, command=[]} | ret=SUCCESS |  
2019-08-22 01:58:07,603 | INFO  | SCMAudit | user=jenkins1000 | ip=192.168.34.54 | op=SEND_HEARTBEAT {datanodeUUID=f058baaf-af82-4783-b3d7-382a54c54b25, command=[]} | ret=SUCCESS |  
2019-08-22 01:58:07,779 | INFO  | SCMAudit | user=jenkins1000 | ip=192.168.34.54 | op=SEND_HEARTBEAT {datanodeUUID=c9473f95-2b72-4ec6-839c-23a2efec0cdd, command=[]} | ret=SUCCESS |  
2019-08-22 01:58:07,903 | INFO  | SCMAudit | user=jenkins1000 | ip=192.168.34.54 | op=SEND_HEARTBEAT {datanodeUUID=e7db1c3f-e23d-40ca-a1db-3f81dcb93f9b, command=[]} | ret=SUCCESS |  
2019-08-22 01:58:07,962 | INFO  | SCMAudit | user=jenkins1000 | ip=192.168.34.54 | op=SEND_HEARTBEAT {datanodeUUID=fcccdfbe-c34f-4324-a92c-8940ffc9076a, command=[]} | ret=SUCCESS |  
2019-08-22 01:58:08,067 | INFO  | SCMAudit | user=jenkins1000 | ip=192.168.34.54 | op=SEND_HEARTBEAT {datanodeUUID=a4945655-5ae5-4fb0-807f-bf09391df8f9, command=[]} | ret=SUCCESS |  
2019-08-22 01:58:08,136 | INFO  | SCMAudit | user=jenkins1000 | ip=192.168.34.54 | op=SEND_HEARTBEAT {datanodeUUID=625bdeda-2dd3-41ed-bca6-2cf8ccbfa1a7, command=[]} | ret=SUCCESS |  
2019-08-22 01:58:08,249 | INFO  | SCMAudit | user=jenkins1000 | ip=192.168.34.54 | op=SEND_HEARTBEAT {datanodeUUID=489c3654-cc5c-4faf-8cd1-81b3f3c2ce9e, command=[]} | ret=SUCCESS |  
2019-08-22 01:58:08,479 | INFO  | DNAudit | user=null | ip=null | op=WRITE_CHUNK {blockData=conID: 1 locID: 102658151690076174 bcsId: 0} | ret=SUCCESS |  
2019-08-22 01:58:08,479 | INFO  | DNAudit | user=null | ip=null | op=WRITE_CHUNK {blockData=conID: 1 locID: 102658151690076174 bcsId: 0} | ret=SUCCESS |  
2019-08-22 01:58:08,479 | INFO  | DNAudit | user=null | ip=null | op=WRITE_CHUNK {blockData=conID: 1 locID: 102658151690076174 bcsId: 0} | ret=SUCCESS |  
2019-08-22 01:58:08,480 | INFO  | SCMAudit | user=jenkins1000 | ip=192.168.34.54 | op=SEND_HEARTBEAT {datanodeUUID=fcccdfbe-c34f-4324-a92c-8940ffc9076a, command=[]} | ret=SUCCESS |  
2019-08-22 01:58:08,480 | INFO  | SCMAudit | user=jenkins1000 | ip=192.168.34.54 | op=SEND_HEARTBEAT {datanodeUUID=c9473f95-2b72-4ec6-839c-23a2efec0cdd, command=[]} | ret=SUCCESS |  
2019-08-22 01:58:08,480 | INFO  | SCMAudit | user=jenkins1000 | ip=192.168.34.54 | op=SEND_HEARTBEAT {datanodeUUID=f058baaf-af82-4783-b3d7-382a54c54b25, command=[]} | ret=SUCCESS |  
2019-08-22 01:58:08,484 | INFO  | DNAudit | user=null | ip=null | op=WRITE_CHUNK {blockData=conID: 1 locID: 102658151690076174 bcsId: 0} | ret=SUCCESS |  
2019-08-22 01:58:08,491 [grpc-default-executor-0] INFO  client.GrpcClientProtocolClient (GrpcClientProtocolClient.java:onNext(255)) - client-1018614BA284->fcccdfbe-c34f-4324-a92c-8940ffc9076a: receive RaftClientReply:client-1018614BA284->fcccdfbe-c34f-4324-a92c-8940ffc9076a@group-EA5CC32FE9F4, cid=175, SUCCESS, logIndex=1, commits[fcccdfbe-c34f-4324-a92c-8940ffc9076a:c1, f058baaf-af82-4783-b3d7-382a54c54b25:c0, c9473f95-2b72-4ec6-839c-23a2efec0cdd:c0]
2019-08-22 01:58:08,495 | INFO  | DNAudit | user=null | ip=null | op=WRITE_CHUNK {blockData=conID: 1 locID: 102658151690076174 bcsId: 0} | ret=SUCCESS |  
2019-08-22 01:58:08,495 | INFO  | DNAudit | user=null | ip=null | op=WRITE_CHUNK {blockData=conID: 1 locID: 102658151690076174 bcsId: 0} | ret=SUCCESS |  
2019-08-22 01:58:08,502 | INFO  | DNAudit | user=null | ip=null | op=WRITE_CHUNK {blockData=conID: 1 locID: 102658151690076174 bcsId: 0} | ret=SUCCESS |  
2019-08-22 01:58:08,503 | INFO  | DNAudit | user=null | ip=null | op=WRITE_CHUNK {blockData=conID: 1 locID: 102658151690076174 bcsId: 0} | ret=SUCCESS |  
2019-08-22 01:58:08,503 | INFO  | DNAudit | user=null | ip=null | op=WRITE_CHUNK {blockData=conID: 1 locID: 102658151690076174 bcsId: 0} | ret=SUCCESS |  
2019-08-22 01:58:08,503 | INFO  | DNAudit | user=null | ip=null | op=WRITE_CHUNK {blockData=conID: 1 locID: 102658151690076174 bcsId: 0} | ret=SUCCESS |  
2019-08-22 01:58:08,504 | INFO  | DNAudit | user=null | ip=null | op=WRITE_CHUNK {blockData=conID: 1 locID: 102658151690076174 bcsId: 0} | ret=SUCCESS |  
2019-08-22 01:58:08,505 | INFO  | DNAudit | user=null | ip=null | op=WRITE_CHUNK {blockData=conID: 1 locID: 102658151690076174 bcsId: 0} | ret=SUCCESS |  
2019-08-22 01:58:08,505 | INFO  | DNAudit | user=null | ip=null | op=WRITE_CHUNK {blockData=conID: 1 locID: 102658151690076174 bcsId: 0} | ret=SUCCESS |  
2019-08-22 01:58:08,510 | INFO  | DNAudit | user=null | ip=null | op=WRITE_CHUNK {blockData=conID: 1 locID: 102658151690076174 bcsId: 0} | ret=SUCCESS |  
2019-08-22 01:58:08,510 | INFO  | DNAudit | user=null | ip=null | op=WRITE_CHUNK {blockData=conID: 1 locID: 102658151690076174 bcsId: 0} | ret=SUCCESS |  
2019-08-22 01:58:08,510 | INFO  | DNAudit | user=null | ip=null | op=WRITE_CHUNK {blockData=conID: 1 locID: 102658151690076174 bcsId: 0} | ret=SUCCESS |  
2019-08-22 01:58:08,515 [grpc-default-executor-6] INFO  client.GrpcClientProtocolClient (GrpcClientProtocolClient.java:onNext(255)) - client-1018614BA284->fcccdfbe-c34f-4324-a92c-8940ffc9076a: receive RaftClientReply:client-1018614BA284->fcccdfbe-c34f-4324-a92c-8940ffc9076a@group-EA5CC32FE9F4, cid=176, SUCCESS, logIndex=3, commits[fcccdfbe-c34f-4324-a92c-8940ffc9076a:c5, f058baaf-af82-4783-b3d7-382a54c54b25:c2, c9473f95-2b72-4ec6-839c-23a2efec0cdd:c1]
2019-08-22 01:58:08,515 | INFO  | DNAudit | user=null | ip=null | op=WRITE_CHUNK {blockData=conID: 1 locID: 102658151690076174 bcsId: 0} | ret=SUCCESS |  
2019-08-22 01:58:08,518 | INFO  | DNAudit | user=null | ip=null | op=WRITE_CHUNK {blockData=conID: 1 locID: 102658151690076174 bcsId: 0} | ret=SUCCESS |  
2019-08-22 01:58:08,541 | INFO  | DNAudit | user=null | ip=null | op=PUT_BLOCK {blockData=[blockId=conID: 1 locID: 102658151690076174 bcsId: 0,size=200]} | ret=SUCCESS |  
2019-08-22 01:58:08,541 | INFO  | DNAudit | user=null | ip=null | op=WRITE_CHUNK {blockData=conID: 1 locID: 102658151690076174 bcsId: 0} | ret=SUCCESS |  
2019-08-22 01:58:08,542 [grpc-default-executor-0] INFO  client.GrpcClientProtocolClient (GrpcClientProtocolClient.java:onNext(255)) - client-1018614BA284->fcccdfbe-c34f-4324-a92c-8940ffc9076a: receive RaftClientReply:client-1018614BA284->fcccdfbe-c34f-4324-a92c-8940ffc9076a@group-EA5CC32FE9F4, cid=177, SUCCESS, logIndex=4, commits[fcccdfbe-c34f-4324-a92c-8940ffc9076a:c11, f058baaf-af82-4783-b3d7-382a54c54b25:c8, c9473f95-2b72-4ec6-839c-23a2efec0cdd:c8]
2019-08-22 01:58:08,542 | INFO  | DNAudit | user=null | ip=null | op=WRITE_CHUNK {blockData=conID: 1 locID: 102658151690076174 bcsId: 0} | ret=SUCCESS |  
2019-08-22 01:58:08,542 [grpc-default-executor-0] INFO  client.GrpcClientProtocolClient (GrpcClientProtocolClient.java:onNext(255)) - client-1018614BA284->fcccdfbe-c34f-4324-a92c-8940ffc9076a: receive RaftClientReply:client-1018614BA284->fcccdfbe-c34f-4324-a92c-8940ffc9076a@group-EA5CC32FE9F4, cid=178, SUCCESS, logIndex=5, commits[fcccdfbe-c34f-4324-a92c-8940ffc9076a:c11, f058baaf-af82-4783-b3d7-382a54c54b25:c8, c9473f95-2b72-4ec6-839c-23a2efec0cdd:c8]
2019-08-22 01:58:08,543 [grpc-default-executor-0] INFO  client.GrpcClientProtocolClient (GrpcClientProtocolClient.java:onNext(255)) - client-1018614BA284->fcccdfbe-c34f-4324-a92c-8940ffc9076a: receive RaftClientReply:client-1018614BA284->fcccdfbe-c34f-4324-a92c-8940ffc9076a@group-EA5CC32FE9F4, cid=179, SUCCESS, logIndex=6, commits[fcccdfbe-c34f-4324-a92c-8940ffc9076a:c11, f058baaf-af82-4783-b3d7-382a54c54b25:c8, c9473f95-2b72-4ec6-839c-23a2efec0cdd:c8]
2019-08-22 01:58:08,561 | INFO  | DNAudit | user=null | ip=null | op=PUT_BLOCK {blockData=[blockId=conID: 1 locID: 102658151690076174 bcsId: 0,size=200]} | ret=SUCCESS |  
2019-08-22 01:58:08,561 | INFO  | DNAudit | user=null | ip=null | op=WRITE_CHUNK {blockData=conID: 1 locID: 102658151690076174 bcsId: 0} | ret=SUCCESS |  
2019-08-22 01:58:08,562 | INFO  | DNAudit | user=null | ip=null | op=WRITE_CHUNK {blockData=conID: 1 locID: 102658151690076174 bcsId: 0} | ret=SUCCESS |  
2019-08-22 01:58:08,579 | INFO  | DNAudit | user=null | ip=null | op=PUT_BLOCK {blockData=[blockId=conID: 1 locID: 102658151690076174 bcsId: 0,size=400]} | ret=SUCCESS |  
2019-08-22 01:58:08,579 | INFO  | DNAudit | user=null | ip=null | op=PUT_BLOCK {blockData=[blockId=conID: 1 locID: 102658151690076174 bcsId: 0,size=200]} | ret=SUCCESS |  
2019-08-22 01:58:08,579 | INFO  | DNAudit | user=null | ip=null | op=PUT_BLOCK {blockData=[blockId=conID: 1 locID: 102658151690076174 bcsId: 0,size=400]} | ret=SUCCESS |  
2019-08-22 01:58:08,580 | INFO  | DNAudit | user=null | ip=null | op=WRITE_CHUNK {blockData=conID: 1 locID: 102658151690076174 bcsId: 0} | ret=SUCCESS |  
2019-08-22 01:58:08,580 | INFO  | DNAudit | user=null | ip=null | op=WRITE_CHUNK {blockData=conID: 1 locID: 102658151690076174 bcsId: 0} | ret=SUCCESS |  
2019-08-22 01:58:08,580 [grpc-default-executor-0] INFO  client.GrpcClientProtocolClient (GrpcClientProtocolClient.java:onNext(255)) - client-1018614BA284->fcccdfbe-c34f-4324-a92c-8940ffc9076a: receive RaftClientReply:client-1018614BA284->fcccdfbe-c34f-4324-a92c-8940ffc9076a@group-EA5CC32FE9F4, cid=180, SUCCESS, logIndex=7, commits[fcccdfbe-c34f-4324-a92c-8940ffc9076a:c11, f058baaf-af82-4783-b3d7-382a54c54b25:c8, c9473f95-2b72-4ec6-839c-23a2efec0cdd:c8]
2019-08-22 01:58:08,581 | INFO  | DNAudit | user=null | ip=null | op=PUT_BLOCK {blockData=[blockId=conID: 1 locID: 102658151690076174 bcsId: 0,size=400]} | ret=SUCCESS |  
2019-08-22 01:58:08,584 | INFO  | DNAudit | user=null | ip=null | op=WRITE_CHUNK {blockData=conID: 1 locID: 102658151690076174 bcsId: 7} | ret=SUCCESS |  
2019-08-22 01:58:08,586 | INFO  | DNAudit | user=null | ip=null | op=WRITE_CHUNK {blockData=conID: 1 locID: 102658151690076174 bcsId: 7} | ret=SUCCESS |  
2019-08-22 01:58:08,586 | INFO  | DNAudit | user=null | ip=null | op=WRITE_CHUNK {blockData=conID: 1 locID: 102658151690076174 bcsId: 7} | ret=SUCCESS |  
2019-08-22 01:58:08,598 | INFO  | DNAudit | user=null | ip=null | op=WRITE_CHUNK {blockData=conID: 1 locID: 102658151690076174 bcsId: 7} | ret=SUCCESS |  
2019-08-22 01:58:08,599 [grpc-default-executor-4] INFO  client.GrpcClientProtocolClient (GrpcClientProtocolClient.java:onNext(255)) - client-1018614BA284->fcccdfbe-c34f-4324-a92c-8940ffc9076a: receive RaftClientReply:client-1018614BA284->fcccdfbe-c34f-4324-a92c-8940ffc9076a@group-EA5CC32FE9F4, cid=181, SUCCESS, logIndex=12, commits[fcccdfbe-c34f-4324-a92c-8940ffc9076a:c12, f058baaf-af82-4783-b3d7-382a54c54b25:c11, c9473f95-2b72-4ec6-839c-23a2efec0cdd:c11]
2019-08-22 01:58:08,607 | INFO  | DNAudit | user=null | ip=null | op=PUT_BLOCK {blockData=[blockId=conID: 1 locID: 102658151690076174 bcsId: 0,size=450]} | ret=SUCCESS |  
2019-08-22 01:58:08,608 | INFO  | DNAudit | user=null | ip=null | op=WRITE_CHUNK {blockData=conID: 1 locID: 102658151690076174 bcsId: 7} | ret=SUCCESS |  
2019-08-22 01:58:08,608 | INFO  | DNAudit | user=null | ip=null | op=WRITE_CHUNK {blockData=conID: 1 locID: 102658151690076174 bcsId: 7} | ret=SUCCESS |  
2019-08-22 01:58:08,609 [grpc-default-executor-4] INFO  client.GrpcClientProtocolClient (GrpcClientProtocolClient.java:onNext(255)) - client-1018614BA284->fcccdfbe-c34f-4324-a92c-8940ffc9076a: receive RaftClientReply:client-1018614BA284->fcccdfbe-c34f-4324-a92c-8940ffc9076a@group-EA5CC32FE9F4, cid=182, SUCCESS, logIndex=13, commits[fcccdfbe-c34f-4324-a92c-8940ffc9076a:c13, f058baaf-af82-4783-b3d7-382a54c54b25:c11, c9473f95-2b72-4ec6-839c-23a2efec0cdd:c12]
2019-08-22 01:58:08,903 | INFO  | SCMAudit | user=jenkins1000 | ip=192.168.34.54 | op=SEND_HEARTBEAT {datanodeUUID=e7db1c3f-e23d-40ca-a1db-3f81dcb93f9b, command=[]} | ret=SUCCESS |  
2019-08-22 01:58:09,066 | INFO  | SCMAudit | user=jenkins1000 | ip=192.168.34.54 | op=SEND_HEARTBEAT {datanodeUUID=a4945655-5ae5-4fb0-807f-bf09391df8f9, command=[]} | ret=SUCCESS |  
2019-08-22 01:58:09,137 | INFO  | SCMAudit | user=jenkins1000 | ip=192.168.34.54 | op=SEND_HEARTBEAT {datanodeUUID=625bdeda-2dd3-41ed-bca6-2cf8ccbfa1a7, command=[]} | ret=SUCCESS |  
2019-08-22 01:58:09,250 | INFO  | SCMAudit | user=jenkins1000 | ip=192.168.34.54 | op=SEND_HEARTBEAT {datanodeUUID=489c3654-cc5c-4faf-8cd1-81b3f3c2ce9e, command=[]} | ret=SUCCESS |  
2019-08-22 01:58:09,479 | INFO  | SCMAudit | user=jenkins1000 | ip=192.168.34.54 | op=SEND_HEARTBEAT {datanodeUUID=c9473f95-2b72-4ec6-839c-23a2efec0cdd, command=[]} | ret=SUCCESS |  
2019-08-22 01:58:09,479 | INFO  | SCMAudit | user=jenkins1000 | ip=192.168.34.54 | op=SEND_HEARTBEAT {datanodeUUID=f058baaf-af82-4783-b3d7-382a54c54b25, command=[]} | ret=SUCCESS |  
2019-08-22 01:58:09,479 | INFO  | SCMAudit | user=jenkins1000 | ip=192.168.34.54 | op=SEND_HEARTBEAT {datanodeUUID=fcccdfbe-c34f-4324-a92c-8940ffc9076a, command=[]} | ret=SUCCESS |  
2019-08-22 01:58:09,610 [main] WARN  scm.XceiverClientRatis (XceiverClientRatis.java:watchForCommit(262)) - 3 way commit failed on pipeline Pipeline[ Id: c29e6fdc-c4e1-45ff-bce5-ea5cc32fe9f4, Nodes: fcccdfbe-c34f-4324-a92c-8940ffc9076a{ip: 192.168.34.54, host: pr-hdds-1998-jt8wz-3050591487, networkLocation: /default-rack, certSerialId: null}c9473f95-2b72-4ec6-839c-23a2efec0cdd{ip: 192.168.34.54, host: pr-hdds-1998-jt8wz-3050591487, networkLocation: /default-rack, certSerialId: null}f058baaf-af82-4783-b3d7-382a54c54b25{ip: 192.168.34.54, host: pr-hdds-1998-jt8wz-3050591487, networkLocation: /default-rack, certSerialId: null}, Type:RATIS, Factor:THREE, State:OPEN]
java.util.concurrent.TimeoutException
	at java.util.concurrent.CompletableFuture.timedGet(CompletableFuture.java:1771)
	at java.util.concurrent.CompletableFuture.get(CompletableFuture.java:1915)
	at org.apache.hadoop.hdds.scm.XceiverClientRatis.watchForCommit(XceiverClientRatis.java:259)
	at org.apache.hadoop.hdds.scm.storage.CommitWatcher.watchForCommit(CommitWatcher.java:194)
	at org.apache.hadoop.hdds.scm.storage.CommitWatcher.watchOnLastIndex(CommitWatcher.java:157)
	at org.apache.hadoop.hdds.scm.storage.BlockOutputStream.watchForCommit(BlockOutputStream.java:347)
	at org.apache.hadoop.hdds.scm.storage.BlockOutputStream.handleFlush(BlockOutputStream.java:479)
	at org.apache.hadoop.hdds.scm.storage.BlockOutputStream.flush(BlockOutputStream.java:428)
	at org.apache.hadoop.ozone.client.io.BlockOutputStreamEntry.flush(BlockOutputStreamEntry.java:136)
	at org.apache.hadoop.ozone.client.io.KeyOutputStream.handleFlushOrClose(KeyOutputStream.java:442)
	at org.apache.hadoop.ozone.client.io.KeyOutputStream.flush(KeyOutputStream.java:396)
	at org.apache.hadoop.ozone.client.io.OzoneOutputStream.flush(OzoneOutputStream.java:54)
	at org.apache.hadoop.ozone.client.rpc.TestBlockOutputStreamWithFailures.testWatchForCommitDatanodeFailure(TestBlockOutputStreamWithFailures.java:330)
	at sun.reflect.NativeMethodAccessorImpl.invoke0(Native Method)
	at sun.reflect.NativeMethodAccessorImpl.invoke(NativeMethodAccessorImpl.java:62)
	at sun.reflect.DelegatingMethodAccessorImpl.invoke(DelegatingMethodAccessorImpl.java:43)
	at java.lang.reflect.Method.invoke(Method.java:498)
	at org.junit.runners.model.FrameworkMethod$1.runReflectiveCall(FrameworkMethod.java:47)
	at org.junit.internal.runners.model.ReflectiveCallable.run(ReflectiveCallable.java:12)
	at org.junit.runners.model.FrameworkMethod.invokeExplosively(FrameworkMethod.java:44)
	at org.junit.internal.runners.statements.InvokeMethod.evaluate(InvokeMethod.java:17)
	at org.junit.internal.runners.statements.RunBefores.evaluate(RunBefores.java:26)
	at org.junit.internal.runners.statements.RunAfters.evaluate(RunAfters.java:27)
	at org.junit.runners.ParentRunner.runLeaf(ParentRunner.java:271)
	at org.junit.runners.BlockJUnit4ClassRunner.runChild(BlockJUnit4ClassRunner.java:70)
	at org.junit.runners.BlockJUnit4ClassRunner.runChild(BlockJUnit4ClassRunner.java:50)
	at org.junit.runners.ParentRunner$3.run(ParentRunner.java:238)
	at org.junit.runners.ParentRunner$1.schedule(ParentRunner.java:63)
	at org.junit.runners.ParentRunner.runChildren(ParentRunner.java:236)
	at org.junit.runners.ParentRunner.access$000(ParentRunner.java:53)
	at org.junit.runners.ParentRunner$2.evaluate(ParentRunner.java:229)
	at org.junit.runners.ParentRunner.run(ParentRunner.java:309)
	at org.apache.maven.surefire.junit4.JUnit4Provider.execute(JUnit4Provider.java:365)
	at org.apache.maven.surefire.junit4.JUnit4Provider.executeWithRerun(JUnit4Provider.java:273)
	at org.apache.maven.surefire.junit4.JUnit4Provider.executeTestSet(JUnit4Provider.java:238)
	at org.apache.maven.surefire.junit4.JUnit4Provider.invoke(JUnit4Provider.java:159)
	at org.apache.maven.surefire.booter.ForkedBooter.invokeProviderInSameClassLoader(ForkedBooter.java:384)
	at org.apache.maven.surefire.booter.ForkedBooter.runSuitesInProcess(ForkedBooter.java:345)
	at org.apache.maven.surefire.booter.ForkedBooter.execute(ForkedBooter.java:126)
	at org.apache.maven.surefire.booter.ForkedBooter.main(ForkedBooter.java:418)
2019-08-22 01:58:09,903 | INFO  | SCMAudit | user=jenkins1000 | ip=192.168.34.54 | op=SEND_HEARTBEAT {datanodeUUID=e7db1c3f-e23d-40ca-a1db-3f81dcb93f9b, command=[]} | ret=SUCCESS |  
2019-08-22 01:58:10,067 | INFO  | SCMAudit | user=jenkins1000 | ip=192.168.34.54 | op=SEND_HEARTBEAT {datanodeUUID=a4945655-5ae5-4fb0-807f-bf09391df8f9, command=[]} | ret=SUCCESS |  
2019-08-22 01:58:10,137 | INFO  | SCMAudit | user=jenkins1000 | ip=192.168.34.54 | op=SEND_HEARTBEAT {datanodeUUID=625bdeda-2dd3-41ed-bca6-2cf8ccbfa1a7, command=[]} | ret=SUCCESS |  
2019-08-22 01:58:10,250 | INFO  | SCMAudit | user=jenkins1000 | ip=192.168.34.54 | op=SEND_HEARTBEAT {datanodeUUID=489c3654-cc5c-4faf-8cd1-81b3f3c2ce9e, command=[]} | ret=SUCCESS |  
2019-08-22 01:58:10,480 | INFO  | SCMAudit | user=jenkins1000 | ip=192.168.34.54 | op=SEND_HEARTBEAT {datanodeUUID=c9473f95-2b72-4ec6-839c-23a2efec0cdd, command=[]} | ret=SUCCESS |  
2019-08-22 01:58:10,480 | INFO  | SCMAudit | user=jenkins1000 | ip=192.168.34.54 | op=SEND_HEARTBEAT {datanodeUUID=fcccdfbe-c34f-4324-a92c-8940ffc9076a, command=[]} | ret=SUCCESS |  
2019-08-22 01:58:10,480 | INFO  | SCMAudit | user=jenkins1000 | ip=192.168.34.54 | op=SEND_HEARTBEAT {datanodeUUID=f058baaf-af82-4783-b3d7-382a54c54b25, command=[]} | ret=SUCCESS |  
2019-08-22 01:58:10,613 [main] WARN  storage.CommitWatcher (CommitWatcher.java:watchForCommit(203)) - watchForCommit failed for index 13
java.util.concurrent.TimeoutException
	at java.util.concurrent.CompletableFuture.timedGet(CompletableFuture.java:1771)
	at java.util.concurrent.CompletableFuture.get(CompletableFuture.java:1915)
	at org.apache.hadoop.hdds.scm.XceiverClientRatis.watchForCommit(XceiverClientRatis.java:268)
	at org.apache.hadoop.hdds.scm.storage.CommitWatcher.watchForCommit(CommitWatcher.java:194)
	at org.apache.hadoop.hdds.scm.storage.CommitWatcher.watchOnLastIndex(CommitWatcher.java:157)
	at org.apache.hadoop.hdds.scm.storage.BlockOutputStream.watchForCommit(BlockOutputStream.java:347)
	at org.apache.hadoop.hdds.scm.storage.BlockOutputStream.handleFlush(BlockOutputStream.java:479)
	at org.apache.hadoop.hdds.scm.storage.BlockOutputStream.flush(BlockOutputStream.java:428)
	at org.apache.hadoop.ozone.client.io.BlockOutputStreamEntry.flush(BlockOutputStreamEntry.java:136)
	at org.apache.hadoop.ozone.client.io.KeyOutputStream.handleFlushOrClose(KeyOutputStream.java:442)
	at org.apache.hadoop.ozone.client.io.KeyOutputStream.flush(KeyOutputStream.java:396)
	at org.apache.hadoop.ozone.client.io.OzoneOutputStream.flush(OzoneOutputStream.java:54)
	at org.apache.hadoop.ozone.client.rpc.TestBlockOutputStreamWithFailures.testWatchForCommitDatanodeFailure(TestBlockOutputStreamWithFailures.java:330)
	at sun.reflect.NativeMethodAccessorImpl.invoke0(Native Method)
	at sun.reflect.NativeMethodAccessorImpl.invoke(NativeMethodAccessorImpl.java:62)
	at sun.reflect.DelegatingMethodAccessorImpl.invoke(DelegatingMethodAccessorImpl.java:43)
	at java.lang.reflect.Method.invoke(Method.java:498)
	at org.junit.runners.model.FrameworkMethod$1.runReflectiveCall(FrameworkMethod.java:47)
	at org.junit.internal.runners.model.ReflectiveCallable.run(ReflectiveCallable.java:12)
	at org.junit.runners.model.FrameworkMethod.invokeExplosively(FrameworkMethod.java:44)
	at org.junit.internal.runners.statements.InvokeMethod.evaluate(InvokeMethod.java:17)
	at org.junit.internal.runners.statements.RunBefores.evaluate(RunBefores.java:26)
	at org.junit.internal.runners.statements.RunAfters.evaluate(RunAfters.java:27)
	at org.junit.runners.ParentRunner.runLeaf(ParentRunner.java:271)
	at org.junit.runners.BlockJUnit4ClassRunner.runChild(BlockJUnit4ClassRunner.java:70)
	at org.junit.runners.BlockJUnit4ClassRunner.runChild(BlockJUnit4ClassRunner.java:50)
	at org.junit.runners.ParentRunner$3.run(ParentRunner.java:238)
	at org.junit.runners.ParentRunner$1.schedule(ParentRunner.java:63)
	at org.junit.runners.ParentRunner.runChildren(ParentRunner.java:236)
	at org.junit.runners.ParentRunner.access$000(ParentRunner.java:53)
	at org.junit.runners.ParentRunner$2.evaluate(ParentRunner.java:229)
	at org.junit.runners.ParentRunner.run(ParentRunner.java:309)
	at org.apache.maven.surefire.junit4.JUnit4Provider.execute(JUnit4Provider.java:365)
	at org.apache.maven.surefire.junit4.JUnit4Provider.executeWithRerun(JUnit4Provider.java:273)
	at org.apache.maven.surefire.junit4.JUnit4Provider.executeTestSet(JUnit4Provider.java:238)
	at org.apache.maven.surefire.junit4.JUnit4Provider.invoke(JUnit4Provider.java:159)
	at org.apache.maven.surefire.booter.ForkedBooter.invokeProviderInSameClassLoader(ForkedBooter.java:384)
	at org.apache.maven.surefire.booter.ForkedBooter.runSuitesInProcess(ForkedBooter.java:345)
	at org.apache.maven.surefire.booter.ForkedBooter.execute(ForkedBooter.java:126)
	at org.apache.maven.surefire.booter.ForkedBooter.main(ForkedBooter.java:418)
2019-08-22 01:58:10,614 [main] WARN  io.KeyOutputStream (KeyOutputStream.java:handleException(276)) - Encountered exception java.io.IOException: Unexpected Storage Container Exception: java.io.IOException: Unexpected Storage Container Exception: java.util.concurrent.TimeoutException on the pipeline Pipeline[ Id: c29e6fdc-c4e1-45ff-bce5-ea5cc32fe9f4, Nodes: fcccdfbe-c34f-4324-a92c-8940ffc9076a{ip: 192.168.34.54, host: pr-hdds-1998-jt8wz-3050591487, networkLocation: /default-rack, certSerialId: null}c9473f95-2b72-4ec6-839c-23a2efec0cdd{ip: 192.168.34.54, host: pr-hdds-1998-jt8wz-3050591487, networkLocation: /default-rack, certSerialId: null}f058baaf-af82-4783-b3d7-382a54c54b25{ip: 192.168.34.54, host: pr-hdds-1998-jt8wz-3050591487, networkLocation: /default-rack, certSerialId: null}, Type:RATIS, Factor:THREE, State:OPEN]. The last committed block length is 400, uncommitted data length is 50 retry count 0
2019-08-22 01:58:10,621 | INFO  | SCMAudit | user=jenkins1000 | ip=192.168.34.54 | op=ALLOCATE_BLOCK {owner=e172ea7b-10a0-4d3a-bc3c-1a5f3157da7c, size=800, type=RATIS, factor=THREE} | ret=SUCCESS |  
2019-08-22 01:58:10,623 | INFO  | OMAudit | user=jenkins1000 | ip=127.0.0.1 | op=ALLOCATE_BLOCK {volume=testblockoutputstream, bucket=testblockoutputstream, key=8895fd51-2648-4516-817a-e08b4234813b, dataSize=0, replicationType=null, replicationFactor=null, keyLocationInfo=null, clientID=102658151689945101} | ret=SUCCESS |  
2019-08-22 01:58:10,633 [grpc-default-executor-0] INFO  client.GrpcClientProtocolClient (GrpcClientProtocolClient.java:onNext(255)) - client-E08A29A415F4->489c3654-cc5c-4faf-8cd1-81b3f3c2ce9e: receive RaftClientReply:client-E08A29A415F4->489c3654-cc5c-4faf-8cd1-81b3f3c2ce9e@group-E361DC9D5DB9, cid=185, FAILED org.apache.ratis.protocol.NotLeaderException: Server 489c3654-cc5c-4faf-8cd1-81b3f3c2ce9e is not the leader (e7db1c3f-e23d-40ca-a1db-3f81dcb93f9b:192.168.34.54:44594). Request must be sent to leader., logIndex=0, commits[489c3654-cc5c-4faf-8cd1-81b3f3c2ce9e:c0, a4945655-5ae5-4fb0-807f-bf09391df8f9:c0, e7db1c3f-e23d-40ca-a1db-3f81dcb93f9b:c0]
2019-08-22 01:58:10,758 | INFO  | DNAudit | user=null | ip=null | op=WRITE_CHUNK {blockData=conID: 2 locID: 102658152242937871 bcsId: 0} | ret=SUCCESS |  
2019-08-22 01:58:10,758 | INFO  | DNAudit | user=null | ip=null | op=WRITE_CHUNK {blockData=conID: 2 locID: 102658152242937871 bcsId: 0} | ret=SUCCESS |  
2019-08-22 01:58:10,758 | INFO  | DNAudit | user=null | ip=null | op=WRITE_CHUNK {blockData=conID: 2 locID: 102658152242937871 bcsId: 0} | ret=SUCCESS |  
2019-08-22 01:58:10,759 | INFO  | SCMAudit | user=jenkins1000 | ip=192.168.34.54 | op=SEND_HEARTBEAT {datanodeUUID=489c3654-cc5c-4faf-8cd1-81b3f3c2ce9e, command=[]} | ret=SUCCESS |  
2019-08-22 01:58:10,759 | INFO  | SCMAudit | user=jenkins1000 | ip=192.168.34.54 | op=SEND_HEARTBEAT {datanodeUUID=e7db1c3f-e23d-40ca-a1db-3f81dcb93f9b, command=[]} | ret=SUCCESS |  
2019-08-22 01:58:10,759 | INFO  | SCMAudit | user=jenkins1000 | ip=192.168.34.54 | op=SEND_HEARTBEAT {datanodeUUID=a4945655-5ae5-4fb0-807f-bf09391df8f9, command=[]} | ret=SUCCESS |  
2019-08-22 01:58:10,773 | INFO  | DNAudit | user=null | ip=null | op=WRITE_CHUNK {blockData=conID: 2 locID: 102658152242937871 bcsId: 0} | ret=SUCCESS |  
2019-08-22 01:58:10,781 [grpc-default-executor-4] INFO  client.GrpcClientProtocolClient (GrpcClientProtocolClient.java:onNext(255)) - client-E08A29A415F4->e7db1c3f-e23d-40ca-a1db-3f81dcb93f9b: receive RaftClientReply:client-E08A29A415F4->e7db1c3f-e23d-40ca-a1db-3f81dcb93f9b@group-E361DC9D5DB9, cid=185, SUCCESS, logIndex=1, commits[e7db1c3f-e23d-40ca-a1db-3f81dcb93f9b:c1, 489c3654-cc5c-4faf-8cd1-81b3f3c2ce9e:c0, a4945655-5ae5-4fb0-807f-bf09391df8f9:c0]
2019-08-22 01:58:10,787 | INFO  | DNAudit | user=null | ip=null | op=WRITE_CHUNK {blockData=conID: 2 locID: 102658152242937871 bcsId: 0} | ret=SUCCESS |  
2019-08-22 01:58:10,787 | INFO  | DNAudit | user=null | ip=null | op=WRITE_CHUNK {blockData=conID: 2 locID: 102658152242937871 bcsId: 0} | ret=SUCCESS |  
2019-08-22 01:58:10,856 | INFO  | DNAudit | user=null | ip=null | op=PUT_BLOCK {blockData=[blockId=conID: 2 locID: 102658152242937871 bcsId: 0,size=50]} | ret=SUCCESS |  
2019-08-22 01:58:10,862 [grpc-default-executor-4] INFO  client.GrpcClientProtocolClient (GrpcClientProtocolClient.java:onNext(255)) - client-E08A29A415F4->e7db1c3f-e23d-40ca-a1db-3f81dcb93f9b: receive RaftClientReply:client-E08A29A415F4->e7db1c3f-e23d-40ca-a1db-3f81dcb93f9b@group-E361DC9D5DB9, cid=186, SUCCESS, logIndex=3, commits[e7db1c3f-e23d-40ca-a1db-3f81dcb93f9b:c4, 489c3654-cc5c-4faf-8cd1-81b3f3c2ce9e:c3, a4945655-5ae5-4fb0-807f-bf09391df8f9:c3]
2019-08-22 01:58:10,863 [main] INFO  ozone.MiniOzoneClusterImpl (MiniOzoneClusterImpl.java:shutdown(321)) - Shutting down the Mini Ozone Cluster
2019-08-22 01:58:10,864 | INFO  | SCMAudit | user=null | ip=null | op=GET_SCM_INFO null | ret=SUCCESS |  
2019-08-22 01:58:10,864 [main] INFO  ozone.MiniOzoneClusterImpl (MiniOzoneClusterImpl.java:stop(336)) - Stopping the Mini Ozone Cluster
2019-08-22 01:58:10,864 [main] INFO  ozone.MiniOzoneClusterImpl (MiniOzoneClusterImpl.java:stop(338)) - Stopping the OzoneManager
2019-08-22 01:58:10,864 [main] INFO  ipc.Server (Server.java:stop(3082)) - Stopping server on 33810
2019-08-22 01:58:10,895 [main] INFO  ratis.OzoneManagerDoubleBuffer (OzoneManagerDoubleBuffer.java:stop(248)) - Stopping OMDoubleBuffer flush thread
2019-08-22 01:58:10,895 | INFO  | DNAudit | user=null | ip=null | op=PUT_BLOCK {blockData=[blockId=conID: 2 locID: 102658152242937871 bcsId: 0,size=50]} | ret=SUCCESS |  
2019-08-22 01:58:10,895 [IPC Server Responder] INFO  ipc.Server (Server.java:run(1319)) - Stopping IPC Server Responder
2019-08-22 01:58:10,895 [IPC Server listener on 33810] INFO  ipc.Server (Server.java:run(1185)) - Stopping IPC Server listener on 33810
2019-08-22 01:58:10,895 [OMDoubleBufferFlushThread] INFO  ratis.OzoneManagerDoubleBuffer (OzoneManagerDoubleBuffer.java:flushTransactions(191)) - OMDoubleBuffer flush thread OMDoubleBufferFlushThread is interrupted and will exit. OMDoubleBufferFlushThread
2019-08-22 01:58:10,898 [main] INFO  utils.BackgroundService (BackgroundService.java:shutdown(148)) - Shutting down service KeyDeletingService
2019-08-22 01:58:10,900 [main] INFO  handler.ContextHandler (ContextHandler.java:doStop(910)) - Stopped o.e.j.w.WebAppContext@5f910283{/,null,UNAVAILABLE}{/ozoneManager}
2019-08-22 01:58:10,902 [main] INFO  server.AbstractConnector (AbstractConnector.java:doStop(318)) - Stopped ServerConnector@6e2764c9{HTTP/1.1,[http/1.1]}{0.0.0.0:0}
2019-08-22 01:58:10,902 [main] INFO  handler.ContextHandler (ContextHandler.java:doStop(910)) - Stopped o.e.j.s.ServletContextHandler@72dc7f0a{/static,file:///workdir/hadoop-ozone/integration-test/target/test-classes/webapps/static,UNAVAILABLE}
2019-08-22 01:58:10,903 [main] INFO  handler.ContextHandler (ContextHandler.java:doStop(910)) - Stopped o.e.j.s.ServletContextHandler@df0b348{/logs,file:///workdir/hadoop-ozone/integration-test/target/log,UNAVAILABLE}
2019-08-22 01:58:10,907 [main] INFO  ozone.MiniOzoneClusterImpl (MiniOzoneClusterImpl.java:stop(344)) - Shutting the HddsDatanodes
2019-08-22 01:58:10,907 [main] INFO  datanode.ObjectStoreHandler (ObjectStoreHandler.java:close(155)) - Closing ObjectStoreHandler.
2019-08-22 01:58:10,907 [ForkJoinPool.commonPool-worker-0] INFO  datanode.ObjectStoreHandler (ObjectStoreHandler.java:close(155)) - Closing ObjectStoreHandler.
2019-08-22 01:58:10,908 [main] INFO  ozone.HddsDatanodeService (HddsDatanodeService.java:stop(451)) - Stopped plug-in org.apache.hadoop.ozone.web.OzoneHddsDatanodeService@6c5e6da
2019-08-22 01:58:10,908 [ForkJoinPool.commonPool-worker-0] INFO  ozone.HddsDatanodeService (HddsDatanodeService.java:stop(451)) - Stopped plug-in org.apache.hadoop.ozone.web.OzoneHddsDatanodeService@27c9500c
2019-08-22 01:58:10,944 | INFO  | DNAudit | user=null | ip=null | op=PUT_BLOCK {blockData=[blockId=conID: 2 locID: 102658152242937871 bcsId: 0,size=50]} | ret=SUCCESS |  
2019-08-22 01:58:11,113 | INFO  | DNAudit | user=null | ip=null | op=PUT_BLOCK {blockData=[blockId=conID: 1 locID: 102658151690076174 bcsId: 0,size=450]} | ret=SUCCESS |  
2019-08-22 01:58:11,118 [grpc-default-executor-0] INFO  client.GrpcClientProtocolClient (GrpcClientProtocolClient.java:onNext(255)) - client-1018614BA284->fcccdfbe-c34f-4324-a92c-8940ffc9076a: receive RaftClientReply:client-1018614BA284->fcccdfbe-c34f-4324-a92c-8940ffc9076a@group-EA5CC32FE9F4, cid=183, SUCCESS, logIndex=0, commits[fcccdfbe-c34f-4324-a92c-8940ffc9076a:c15, f058baaf-af82-4783-b3d7-382a54c54b25:c15, c9473f95-2b72-4ec6-839c-23a2efec0cdd:c15]
2019-08-22 01:58:11,119 [grpc-default-executor-0] INFO  client.GrpcClientProtocolClient (GrpcClientProtocolClient.java:onNext(255)) - client-1018614BA284->fcccdfbe-c34f-4324-a92c-8940ffc9076a: receive RaftClientReply:client-1018614BA284->fcccdfbe-c34f-4324-a92c-8940ffc9076a@group-EA5CC32FE9F4, cid=184, SUCCESS, logIndex=0, commits[fcccdfbe-c34f-4324-a92c-8940ffc9076a:c15, f058baaf-af82-4783-b3d7-382a54c54b25:c15, c9473f95-2b72-4ec6-839c-23a2efec0cdd:c15]
2019-08-22 01:58:11,137 | INFO  | SCMAudit | user=jenkins1000 | ip=192.168.34.54 | op=SEND_HEARTBEAT {datanodeUUID=625bdeda-2dd3-41ed-bca6-2cf8ccbfa1a7, command=[]} | ret=SUCCESS |  
2019-08-22 01:58:11,479 [Datanode State Machine Thread - 0] INFO  statemachine.DatanodeStateMachine (DatanodeStateMachine.java:lambda$startDaemon$0(350)) - Ozone container server started.
2019-08-22 01:58:11,480 | INFO  | SCMAudit | user=jenkins1000 | ip=192.168.34.54 | op=SEND_HEARTBEAT {datanodeUUID=f058baaf-af82-4783-b3d7-382a54c54b25, command=[]} | ret=SUCCESS |  
2019-08-22 01:58:11,480 | INFO  | SCMAudit | user=jenkins1000 | ip=192.168.34.54 | op=SEND_HEARTBEAT {datanodeUUID=fcccdfbe-c34f-4324-a92c-8940ffc9076a, command=[]} | ret=SUCCESS |  
2019-08-22 01:58:11,757 [Datanode State Machine Thread - 0] INFO  statemachine.DatanodeStateMachine (DatanodeStateMachine.java:lambda$startDaemon$0(350)) - Ozone container server started.
2019-08-22 01:58:11,758 | INFO  | SCMAudit | user=jenkins1000 | ip=192.168.34.54 | op=SEND_HEARTBEAT {datanodeUUID=e7db1c3f-e23d-40ca-a1db-3f81dcb93f9b, command=[]} | ret=SUCCESS |  
2019-08-22 01:58:11,759 | INFO  | SCMAudit | user=jenkins1000 | ip=192.168.34.54 | op=SEND_HEARTBEAT {datanodeUUID=489c3654-cc5c-4faf-8cd1-81b3f3c2ce9e, command=[]} | ret=SUCCESS |  
2019-08-22 01:58:12,138 | INFO  | SCMAudit | user=jenkins1000 | ip=192.168.34.54 | op=SEND_HEARTBEAT {datanodeUUID=625bdeda-2dd3-41ed-bca6-2cf8ccbfa1a7, command=[]} | ret=SUCCESS |  
2019-08-22 01:58:12,481 | INFO  | SCMAudit | user=jenkins1000 | ip=192.168.34.54 | op=SEND_HEARTBEAT {datanodeUUID=fcccdfbe-c34f-4324-a92c-8940ffc9076a, command=[]} | ret=SUCCESS |  
2019-08-22 01:58:12,481 | INFO  | SCMAudit | user=jenkins1000 | ip=192.168.34.54 | op=SEND_HEARTBEAT {datanodeUUID=f058baaf-af82-4783-b3d7-382a54c54b25, command=[]} | ret=SUCCESS |  
2019-08-22 01:58:12,758 | INFO  | SCMAudit | user=jenkins1000 | ip=192.168.34.54 | op=SEND_HEARTBEAT {datanodeUUID=e7db1c3f-e23d-40ca-a1db-3f81dcb93f9b, command=[]} | ret=SUCCESS |  
2019-08-22 01:58:12,759 | INFO  | SCMAudit | user=jenkins1000 | ip=192.168.34.54 | op=SEND_HEARTBEAT {datanodeUUID=489c3654-cc5c-4faf-8cd1-81b3f3c2ce9e, command=[]} | ret=SUCCESS |  
2019-08-22 01:58:13,137 | INFO  | SCMAudit | user=jenkins1000 | ip=192.168.34.54 | op=SEND_HEARTBEAT {datanodeUUID=625bdeda-2dd3-41ed-bca6-2cf8ccbfa1a7, command=[]} | ret=SUCCESS |  
2019-08-22 01:58:13,481 | INFO  | SCMAudit | user=jenkins1000 | ip=192.168.34.54 | op=SEND_HEARTBEAT {datanodeUUID=f058baaf-af82-4783-b3d7-382a54c54b25, command=[]} | ret=SUCCESS |  
2019-08-22 01:58:13,481 | INFO  | SCMAudit | user=jenkins1000 | ip=192.168.34.54 | op=SEND_HEARTBEAT {datanodeUUID=fcccdfbe-c34f-4324-a92c-8940ffc9076a, command=[]} | ret=SUCCESS |  
2019-08-22 01:58:13,759 | INFO  | SCMAudit | user=jenkins1000 | ip=192.168.34.54 | op=SEND_HEARTBEAT {datanodeUUID=e7db1c3f-e23d-40ca-a1db-3f81dcb93f9b, command=[]} | ret=SUCCESS |  
2019-08-22 01:58:13,759 | INFO  | SCMAudit | user=jenkins1000 | ip=192.168.34.54 | op=SEND_HEARTBEAT {datanodeUUID=489c3654-cc5c-4faf-8cd1-81b3f3c2ce9e, command=[]} | ret=SUCCESS |  
2019-08-22 01:58:14,137 | INFO  | SCMAudit | user=jenkins1000 | ip=192.168.34.54 | op=SEND_HEARTBEAT {datanodeUUID=625bdeda-2dd3-41ed-bca6-2cf8ccbfa1a7, command=[]} | ret=SUCCESS |  
2019-08-22 01:58:14,480 | INFO  | SCMAudit | user=jenkins1000 | ip=192.168.34.54 | op=SEND_HEARTBEAT {datanodeUUID=fcccdfbe-c34f-4324-a92c-8940ffc9076a, command=[]} | ret=SUCCESS |  
2019-08-22 01:58:14,480 | INFO  | SCMAudit | user=jenkins1000 | ip=192.168.34.54 | op=SEND_HEARTBEAT {datanodeUUID=f058baaf-af82-4783-b3d7-382a54c54b25, command=[]} | ret=SUCCESS |  
2019-08-22 01:58:14,758 | INFO  | SCMAudit | user=jenkins1000 | ip=192.168.34.54 | op=SEND_HEARTBEAT {datanodeUUID=e7db1c3f-e23d-40ca-a1db-3f81dcb93f9b, command=[]} | ret=SUCCESS |  
2019-08-22 01:58:14,759 | INFO  | SCMAudit | user=jenkins1000 | ip=192.168.34.54 | op=SEND_HEARTBEAT {datanodeUUID=489c3654-cc5c-4faf-8cd1-81b3f3c2ce9e, command=[]} | ret=SUCCESS |  
2019-08-22 01:58:15,138 | INFO  | SCMAudit | user=jenkins1000 | ip=192.168.34.54 | op=SEND_HEARTBEAT {datanodeUUID=625bdeda-2dd3-41ed-bca6-2cf8ccbfa1a7, command=[]} | ret=SUCCESS |  
2019-08-22 01:58:15,481 | INFO  | SCMAudit | user=jenkins1000 | ip=192.168.34.54 | op=SEND_HEARTBEAT {datanodeUUID=fcccdfbe-c34f-4324-a92c-8940ffc9076a, command=[]} | ret=SUCCESS |  
2019-08-22 01:58:15,481 | INFO  | SCMAudit | user=jenkins1000 | ip=192.168.34.54 | op=SEND_HEARTBEAT {datanodeUUID=f058baaf-af82-4783-b3d7-382a54c54b25, command=[]} | ret=SUCCESS |  
2019-08-22 01:58:15,501 [EventQueue-StaleNodeForStaleNodeHandler] INFO  node.StaleNodeHandler (StaleNodeHandler.java:onMessage(58)) - Datanode c9473f95-2b72-4ec6-839c-23a2efec0cdd{ip: 192.168.34.54, host: pr-hdds-1998-jt8wz-3050591487, networkLocation: /default-rack, certSerialId: null} moved to stale state. Finalizing its pipelines [PipelineID=69e21d38-9ba8-4027-8dbd-7242badfe69d, PipelineID=c29e6fdc-c4e1-45ff-bce5-ea5cc32fe9f4]
2019-08-22 01:58:15,502 [EventQueue-StaleNodeForStaleNodeHandler] INFO  pipeline.SCMPipelineManager (SCMPipelineManager.java:finalizeAndDestroyPipeline(309)) - destroying pipeline:Pipeline[ Id: 69e21d38-9ba8-4027-8dbd-7242badfe69d, Nodes: c9473f95-2b72-4ec6-839c-23a2efec0cdd{ip: 192.168.34.54, host: pr-hdds-1998-jt8wz-3050591487, networkLocation: /default-rack, certSerialId: null}, Type:RATIS, Factor:ONE, State:OPEN]
2019-08-22 01:58:15,502 [EventQueue-StaleNodeForStaleNodeHandler] INFO  pipeline.PipelineStateManager (PipelineStateManager.java:finalizePipeline(123)) - Pipeline Pipeline[ Id: 69e21d38-9ba8-4027-8dbd-7242badfe69d, Nodes: c9473f95-2b72-4ec6-839c-23a2efec0cdd{ip: 192.168.34.54, host: pr-hdds-1998-jt8wz-3050591487, networkLocation: /default-rack, certSerialId: null}, Type:RATIS, Factor:ONE, State:CLOSED] moved to CLOSED state
2019-08-22 01:58:15,502 [EventQueue-StaleNodeForStaleNodeHandler] INFO  pipeline.SCMPipelineManager (SCMPipelineManager.java:finalizeAndDestroyPipeline(309)) - destroying pipeline:Pipeline[ Id: c29e6fdc-c4e1-45ff-bce5-ea5cc32fe9f4, Nodes: fcccdfbe-c34f-4324-a92c-8940ffc9076a{ip: 192.168.34.54, host: pr-hdds-1998-jt8wz-3050591487, networkLocation: /default-rack, certSerialId: null}c9473f95-2b72-4ec6-839c-23a2efec0cdd{ip: 192.168.34.54, host: pr-hdds-1998-jt8wz-3050591487, networkLocation: /default-rack, certSerialId: null}f058baaf-af82-4783-b3d7-382a54c54b25{ip: 192.168.34.54, host: pr-hdds-1998-jt8wz-3050591487, networkLocation: /default-rack, certSerialId: null}, Type:RATIS, Factor:THREE, State:OPEN]
2019-08-22 01:58:15,502 [EventQueue-StaleNodeForStaleNodeHandler] INFO  pipeline.PipelineStateManager (PipelineStateManager.java:finalizePipeline(123)) - Pipeline Pipeline[ Id: c29e6fdc-c4e1-45ff-bce5-ea5cc32fe9f4, Nodes: fcccdfbe-c34f-4324-a92c-8940ffc9076a{ip: 192.168.34.54, host: pr-hdds-1998-jt8wz-3050591487, networkLocation: /default-rack, certSerialId: null}c9473f95-2b72-4ec6-839c-23a2efec0cdd{ip: 192.168.34.54, host: pr-hdds-1998-jt8wz-3050591487, networkLocation: /default-rack, certSerialId: null}f058baaf-af82-4783-b3d7-382a54c54b25{ip: 192.168.34.54, host: pr-hdds-1998-jt8wz-3050591487, networkLocation: /default-rack, certSerialId: null}, Type:RATIS, Factor:THREE, State:CLOSED] moved to CLOSED state
2019-08-22 01:58:15,503 [EventQueue-CloseContainerForCloseContainerEventHandler] INFO  container.CloseContainerEventHandler (CloseContainerEventHandler.java:onMessage(61)) - Close container Event triggered for container : #1
2019-08-22 01:58:15,759 | INFO  | SCMAudit | user=jenkins1000 | ip=192.168.34.54 | op=SEND_HEARTBEAT {datanodeUUID=e7db1c3f-e23d-40ca-a1db-3f81dcb93f9b, command=[]} | ret=SUCCESS |  
2019-08-22 01:58:15,759 | INFO  | SCMAudit | user=jenkins1000 | ip=192.168.34.54 | op=SEND_HEARTBEAT {datanodeUUID=489c3654-cc5c-4faf-8cd1-81b3f3c2ce9e, command=[]} | ret=SUCCESS |  
2019-08-22 01:58:15,802 [EventQueue-StaleNodeForStaleNodeHandler] INFO  node.StaleNodeHandler (StaleNodeHandler.java:onMessage(58)) - Datanode a4945655-5ae5-4fb0-807f-bf09391df8f9{ip: 192.168.34.54, host: pr-hdds-1998-jt8wz-3050591487, networkLocation: /default-rack, certSerialId: null} moved to stale state. Finalizing its pipelines [PipelineID=90cf36f0-445e-4604-9427-79073149aa07, PipelineID=afe22c63-8932-4e82-b5ba-e361dc9d5db9]
2019-08-22 01:58:15,802 [EventQueue-StaleNodeForStaleNodeHandler] INFO  pipeline.SCMPipelineManager (SCMPipelineManager.java:finalizeAndDestroyPipeline(309)) - destroying pipeline:Pipeline[ Id: 90cf36f0-445e-4604-9427-79073149aa07, Nodes: a4945655-5ae5-4fb0-807f-bf09391df8f9{ip: 192.168.34.54, host: pr-hdds-1998-jt8wz-3050591487, networkLocation: /default-rack, certSerialId: null}, Type:RATIS, Factor:ONE, State:OPEN]
2019-08-22 01:58:15,802 [EventQueue-StaleNodeForStaleNodeHandler] INFO  pipeline.PipelineStateManager (PipelineStateManager.java:finalizePipeline(123)) - Pipeline Pipeline[ Id: 90cf36f0-445e-4604-9427-79073149aa07, Nodes: a4945655-5ae5-4fb0-807f-bf09391df8f9{ip: 192.168.34.54, host: pr-hdds-1998-jt8wz-3050591487, networkLocation: /default-rack, certSerialId: null}, Type:RATIS, Factor:ONE, State:CLOSED] moved to CLOSED state
2019-08-22 01:58:15,802 [EventQueue-StaleNodeForStaleNodeHandler] INFO  pipeline.SCMPipelineManager (SCMPipelineManager.java:finalizeAndDestroyPipeline(309)) - destroying pipeline:Pipeline[ Id: afe22c63-8932-4e82-b5ba-e361dc9d5db9, Nodes: 489c3654-cc5c-4faf-8cd1-81b3f3c2ce9e{ip: 192.168.34.54, host: pr-hdds-1998-jt8wz-3050591487, networkLocation: /default-rack, certSerialId: null}a4945655-5ae5-4fb0-807f-bf09391df8f9{ip: 192.168.34.54, host: pr-hdds-1998-jt8wz-3050591487, networkLocation: /default-rack, certSerialId: null}e7db1c3f-e23d-40ca-a1db-3f81dcb93f9b{ip: 192.168.34.54, host: pr-hdds-1998-jt8wz-3050591487, networkLocation: /default-rack, certSerialId: null}, Type:RATIS, Factor:THREE, State:OPEN]
2019-08-22 01:58:15,803 [EventQueue-StaleNodeForStaleNodeHandler] INFO  pipeline.PipelineStateManager (PipelineStateManager.java:finalizePipeline(123)) - Pipeline Pipeline[ Id: afe22c63-8932-4e82-b5ba-e361dc9d5db9, Nodes: 489c3654-cc5c-4faf-8cd1-81b3f3c2ce9e{ip: 192.168.34.54, host: pr-hdds-1998-jt8wz-3050591487, networkLocation: /default-rack, certSerialId: null}a4945655-5ae5-4fb0-807f-bf09391df8f9{ip: 192.168.34.54, host: pr-hdds-1998-jt8wz-3050591487, networkLocation: /default-rack, certSerialId: null}e7db1c3f-e23d-40ca-a1db-3f81dcb93f9b{ip: 192.168.34.54, host: pr-hdds-1998-jt8wz-3050591487, networkLocation: /default-rack, certSerialId: null}, Type:RATIS, Factor:THREE, State:CLOSED] moved to CLOSED state
2019-08-22 01:58:15,803 [EventQueue-CloseContainerForCloseContainerEventHandler] INFO  container.CloseContainerEventHandler (CloseContainerEventHandler.java:onMessage(61)) - Close container Event triggered for container : #2
2019-08-22 01:58:15,909 [ForkJoinPool.commonPool-worker-0] INFO  ozoneimpl.OzoneContainer (OzoneContainer.java:stop(199)) - Attempting to stop container services.
2019-08-22 01:58:15,909 [main] INFO  ozoneimpl.OzoneContainer (OzoneContainer.java:stop(199)) - Attempting to stop container services.
2019-08-22 01:58:15,910 [ForkJoinPool.commonPool-worker-0] INFO  impl.RaftServerProxy (RaftServerProxy.java:lambda$close$4(314)) - a4945655-5ae5-4fb0-807f-bf09391df8f9: close
2019-08-22 01:58:15,910 [main] INFO  impl.RaftServerProxy (RaftServerProxy.java:lambda$close$4(314)) - c9473f95-2b72-4ec6-839c-23a2efec0cdd: close
2019-08-22 01:58:15,911 [ForkJoinPool.commonPool-worker-0] INFO  impl.RaftServerImpl (RaftServerImpl.java:lambda$shutdown$3(245)) - a4945655-5ae5-4fb0-807f-bf09391df8f9: shutdown group-79073149AA07
2019-08-22 01:58:15,911 [main] INFO  impl.RaftServerImpl (RaftServerImpl.java:lambda$shutdown$3(245)) - c9473f95-2b72-4ec6-839c-23a2efec0cdd: shutdown group-7242BADFE69D
2019-08-22 01:58:15,911 [ForkJoinPool.commonPool-worker-0] INFO  util.JmxRegister (JmxRegister.java:unregister(73)) - Successfully un-registered JMX Bean with object name Ratis:service=RaftServer,group=group-79073149AA07,id=a4945655-5ae5-4fb0-807f-bf09391df8f9
2019-08-22 01:58:15,911 [main] INFO  util.JmxRegister (JmxRegister.java:unregister(73)) - Successfully un-registered JMX Bean with object name Ratis:service=RaftServer,group=group-7242BADFE69D,id=c9473f95-2b72-4ec6-839c-23a2efec0cdd
2019-08-22 01:58:15,912 [main] INFO  impl.RoleInfo (RoleInfo.java:shutdownLeaderState(104)) - c9473f95-2b72-4ec6-839c-23a2efec0cdd: shutdown LeaderState
2019-08-22 01:58:15,912 [ForkJoinPool.commonPool-worker-0] INFO  impl.RoleInfo (RoleInfo.java:shutdownLeaderState(104)) - a4945655-5ae5-4fb0-807f-bf09391df8f9: shutdown LeaderState
2019-08-22 01:58:15,913 [main] INFO  impl.PendingRequests (PendingRequests.java:sendNotLeaderResponses(202)) - c9473f95-2b72-4ec6-839c-23a2efec0cdd-PendingRequests: sendNotLeaderResponses
2019-08-22 01:58:15,913 [ForkJoinPool.commonPool-worker-0] INFO  impl.PendingRequests (PendingRequests.java:sendNotLeaderResponses(202)) - a4945655-5ae5-4fb0-807f-bf09391df8f9-PendingRequests: sendNotLeaderResponses
2019-08-22 01:58:15,914 [main] INFO  impl.StateMachineUpdater (StateMachineUpdater.java:stopAndJoin(115)) - StateMachineUpdater:c9473f95-2b72-4ec6-839c-23a2efec0cdd:group-7242BADFE69D: set stopIndex = 0
2019-08-22 01:58:15,920 [main] INFO  impl.RaftServerImpl (ServerState.java:close(394)) - c9473f95-2b72-4ec6-839c-23a2efec0cdd:group-7242BADFE69D closes. The last applied log index is 0
2019-08-22 01:58:15,917 [ForkJoinPool.commonPool-worker-0] INFO  impl.StateMachineUpdater (StateMachineUpdater.java:stopAndJoin(115)) - StateMachineUpdater:a4945655-5ae5-4fb0-807f-bf09391df8f9:group-79073149AA07: set stopIndex = 0
2019-08-22 01:58:15,921 [c9473f95-2b72-4ec6-839c-23a2efec0cdd-SegmentedRaftLogWorker:Storage Directory /workdir/hadoop-ozone/integration-test/target/test-dir/MiniOzoneClusterImpl-2261fce3-3b3f-45be-b7bf-e56da5754016/datanode-4/data/ratis/69e21d38-9ba8-4027-8dbd-7242badfe69d] INFO  segmented.SegmentedRaftLogWorker (SegmentedRaftLogWorker.java:run(313)) - c9473f95-2b72-4ec6-839c-23a2efec0cdd-SegmentedRaftLogWorker:Storage Directory /workdir/hadoop-ozone/integration-test/target/test-dir/MiniOzoneClusterImpl-2261fce3-3b3f-45be-b7bf-e56da5754016/datanode-4/data/ratis/69e21d38-9ba8-4027-8dbd-7242badfe69d was interrupted, exiting. There are 0 tasks remaining in the queue.
2019-08-22 01:58:15,921 [ForkJoinPool.commonPool-worker-0] INFO  impl.RaftServerImpl (ServerState.java:close(394)) - a4945655-5ae5-4fb0-807f-bf09391df8f9:group-79073149AA07 closes. The last applied log index is 0
2019-08-22 01:58:15,924 [main] INFO  segmented.SegmentedRaftLogWorker (SegmentedRaftLogWorker.java:close(228)) - c9473f95-2b72-4ec6-839c-23a2efec0cdd-SegmentedRaftLogWorker:Storage Directory /workdir/hadoop-ozone/integration-test/target/test-dir/MiniOzoneClusterImpl-2261fce3-3b3f-45be-b7bf-e56da5754016/datanode-4/data/ratis/69e21d38-9ba8-4027-8dbd-7242badfe69d close()
2019-08-22 01:58:15,924 [a4945655-5ae5-4fb0-807f-bf09391df8f9-SegmentedRaftLogWorker:Storage Directory /workdir/hadoop-ozone/integration-test/target/test-dir/MiniOzoneClusterImpl-2261fce3-3b3f-45be-b7bf-e56da5754016/datanode-1/data/ratis/90cf36f0-445e-4604-9427-79073149aa07] INFO  segmented.SegmentedRaftLogWorker (SegmentedRaftLogWorker.java:run(313)) - a4945655-5ae5-4fb0-807f-bf09391df8f9-SegmentedRaftLogWorker:Storage Directory /workdir/hadoop-ozone/integration-test/target/test-dir/MiniOzoneClusterImpl-2261fce3-3b3f-45be-b7bf-e56da5754016/datanode-1/data/ratis/90cf36f0-445e-4604-9427-79073149aa07 was interrupted, exiting. There are 0 tasks remaining in the queue.
2019-08-22 01:58:15,929 [main] INFO  impl.RaftServerImpl (RaftServerImpl.java:lambda$shutdown$3(245)) - c9473f95-2b72-4ec6-839c-23a2efec0cdd: shutdown group-EA5CC32FE9F4
2019-08-22 01:58:15,932 [ForkJoinPool.commonPool-worker-0] INFO  segmented.SegmentedRaftLogWorker (SegmentedRaftLogWorker.java:close(228)) - a4945655-5ae5-4fb0-807f-bf09391df8f9-SegmentedRaftLogWorker:Storage Directory /workdir/hadoop-ozone/integration-test/target/test-dir/MiniOzoneClusterImpl-2261fce3-3b3f-45be-b7bf-e56da5754016/datanode-1/data/ratis/90cf36f0-445e-4604-9427-79073149aa07 close()
2019-08-22 01:58:15,932 [main] INFO  util.JmxRegister (JmxRegister.java:unregister(73)) - Successfully un-registered JMX Bean with object name Ratis:service=RaftServer,group=group-EA5CC32FE9F4,id=c9473f95-2b72-4ec6-839c-23a2efec0cdd
2019-08-22 01:58:15,937 [ForkJoinPool.commonPool-worker-0] INFO  impl.RaftServerImpl (RaftServerImpl.java:lambda$shutdown$3(245)) - a4945655-5ae5-4fb0-807f-bf09391df8f9: shutdown group-E361DC9D5DB9
2019-08-22 01:58:15,938 [main] INFO  impl.RoleInfo (RoleInfo.java:shutdownFollowerState(121)) - c9473f95-2b72-4ec6-839c-23a2efec0cdd: shutdown FollowerState
2019-08-22 01:58:15,938 [ForkJoinPool.commonPool-worker-0] INFO  util.JmxRegister (JmxRegister.java:unregister(73)) - Successfully un-registered JMX Bean with object name Ratis:service=RaftServer,group=group-E361DC9D5DB9,id=a4945655-5ae5-4fb0-807f-bf09391df8f9
2019-08-22 01:58:15,939 [ForkJoinPool.commonPool-worker-0] INFO  impl.RoleInfo (RoleInfo.java:shutdownFollowerState(121)) - a4945655-5ae5-4fb0-807f-bf09391df8f9: shutdown FollowerState
2019-08-22 01:58:15,938 [StateMachineUpdater:c9473f95-2b72-4ec6-839c-23a2efec0cdd:group-EA5CC32FE9F4] INFO  ratis.ContainerStateMachine (ContainerStateMachine.java:takeSnapshot(283)) - group-EA5CC32FE9F4: Taking a snapshot at:(t:1, i:15) file /workdir/hadoop-ozone/integration-test/target/test-dir/MiniOzoneClusterImpl-2261fce3-3b3f-45be-b7bf-e56da5754016/datanode-4/data/ratis/c29e6fdc-c4e1-45ff-bce5-ea5cc32fe9f4/sm/snapshot.1_15
2019-08-22 01:58:15,938 [Thread-3344] INFO  impl.FollowerState (FollowerState.java:run(114)) - c9473f95-2b72-4ec6-839c-23a2efec0cdd: FollowerState was interrupted: java.lang.InterruptedException: sleep interrupted
2019-08-22 01:58:15,938 [main] INFO  impl.StateMachineUpdater (StateMachineUpdater.java:stopAndJoin(115)) - StateMachineUpdater:c9473f95-2b72-4ec6-839c-23a2efec0cdd:group-EA5CC32FE9F4: set stopIndex = 15
2019-08-22 01:58:15,939 [Thread-3326] INFO  impl.FollowerState (FollowerState.java:run(114)) - a4945655-5ae5-4fb0-807f-bf09391df8f9: FollowerState was interrupted: java.lang.InterruptedException: sleep interrupted
2019-08-22 01:58:15,939 [StateMachineUpdater:a4945655-5ae5-4fb0-807f-bf09391df8f9:group-E361DC9D5DB9] INFO  ratis.ContainerStateMachine (ContainerStateMachine.java:takeSnapshot(283)) - group-E361DC9D5DB9: Taking a snapshot at:(t:1, i:3) file /workdir/hadoop-ozone/integration-test/target/test-dir/MiniOzoneClusterImpl-2261fce3-3b3f-45be-b7bf-e56da5754016/datanode-1/data/ratis/afe22c63-8932-4e82-b5ba-e361dc9d5db9/sm/snapshot.1_3
2019-08-22 01:58:15,939 [ForkJoinPool.commonPool-worker-0] INFO  impl.StateMachineUpdater (StateMachineUpdater.java:stopAndJoin(115)) - StateMachineUpdater:a4945655-5ae5-4fb0-807f-bf09391df8f9:group-E361DC9D5DB9: set stopIndex = 4
2019-08-22 01:58:15,954 [StateMachineUpdater:c9473f95-2b72-4ec6-839c-23a2efec0cdd:group-EA5CC32FE9F4] INFO  ratis.ContainerStateMachine (ContainerStateMachine.java:takeSnapshot(294)) - group-EA5CC32FE9F4: Finished taking a snapshot at:(t:1, i:15) file:/workdir/hadoop-ozone/integration-test/target/test-dir/MiniOzoneClusterImpl-2261fce3-3b3f-45be-b7bf-e56da5754016/datanode-4/data/ratis/c29e6fdc-c4e1-45ff-bce5-ea5cc32fe9f4/sm/snapshot.1_15 time:16
2019-08-22 01:58:15,954 [StateMachineUpdater:c9473f95-2b72-4ec6-839c-23a2efec0cdd:group-EA5CC32FE9F4] INFO  impl.StateMachineUpdater (StateMachineUpdater.java:takeSnapshot(242)) - StateMachineUpdater:c9473f95-2b72-4ec6-839c-23a2efec0cdd:group-EA5CC32FE9F4: Took a snapshot at index 15
2019-08-22 01:58:15,955 [StateMachineUpdater:c9473f95-2b72-4ec6-839c-23a2efec0cdd:group-EA5CC32FE9F4] INFO  impl.StateMachineUpdater (StateMachineUpdater.java:lambda$new$0(80)) - StateMachineUpdater:c9473f95-2b72-4ec6-839c-23a2efec0cdd:group-EA5CC32FE9F4: snapshotIndex: updateIncreasingly -1 -> 15
2019-08-22 01:58:15,955 [main] INFO  impl.RaftServerImpl (ServerState.java:close(394)) - c9473f95-2b72-4ec6-839c-23a2efec0cdd:group-EA5CC32FE9F4 closes. The last applied log index is 15
2019-08-22 01:58:15,956 [c9473f95-2b72-4ec6-839c-23a2efec0cdd-SegmentedRaftLogWorker:Storage Directory /workdir/hadoop-ozone/integration-test/target/test-dir/MiniOzoneClusterImpl-2261fce3-3b3f-45be-b7bf-e56da5754016/datanode-4/data/ratis/c29e6fdc-c4e1-45ff-bce5-ea5cc32fe9f4] INFO  segmented.SegmentedRaftLogWorker (SegmentedRaftLogWorker.java:run(313)) - c9473f95-2b72-4ec6-839c-23a2efec0cdd-SegmentedRaftLogWorker:Storage Directory /workdir/hadoop-ozone/integration-test/target/test-dir/MiniOzoneClusterImpl-2261fce3-3b3f-45be-b7bf-e56da5754016/datanode-4/data/ratis/c29e6fdc-c4e1-45ff-bce5-ea5cc32fe9f4 was interrupted, exiting. There are 0 tasks remaining in the queue.
2019-08-22 01:58:15,958 [StateMachineUpdater:a4945655-5ae5-4fb0-807f-bf09391df8f9:group-E361DC9D5DB9] INFO  ratis.ContainerStateMachine (ContainerStateMachine.java:takeSnapshot(294)) - group-E361DC9D5DB9: Finished taking a snapshot at:(t:1, i:3) file:/workdir/hadoop-ozone/integration-test/target/test-dir/MiniOzoneClusterImpl-2261fce3-3b3f-45be-b7bf-e56da5754016/datanode-1/data/ratis/afe22c63-8932-4e82-b5ba-e361dc9d5db9/sm/snapshot.1_3 time:20
2019-08-22 01:58:15,958 [main] INFO  segmented.SegmentedRaftLogWorker (SegmentedRaftLogWorker.java:close(228)) - c9473f95-2b72-4ec6-839c-23a2efec0cdd-SegmentedRaftLogWorker:Storage Directory /workdir/hadoop-ozone/integration-test/target/test-dir/MiniOzoneClusterImpl-2261fce3-3b3f-45be-b7bf-e56da5754016/datanode-4/data/ratis/c29e6fdc-c4e1-45ff-bce5-ea5cc32fe9f4 close()
2019-08-22 01:58:15,958 [StateMachineUpdater:a4945655-5ae5-4fb0-807f-bf09391df8f9:group-E361DC9D5DB9] INFO  impl.StateMachineUpdater (StateMachineUpdater.java:takeSnapshot(242)) - StateMachineUpdater:a4945655-5ae5-4fb0-807f-bf09391df8f9:group-E361DC9D5DB9: Took a snapshot at index 3
2019-08-22 01:58:15,963 [StateMachineUpdater:a4945655-5ae5-4fb0-807f-bf09391df8f9:group-E361DC9D5DB9] INFO  impl.StateMachineUpdater (StateMachineUpdater.java:lambda$new$0(80)) - StateMachineUpdater:a4945655-5ae5-4fb0-807f-bf09391df8f9:group-E361DC9D5DB9: snapshotIndex: updateIncreasingly -1 -> 3
2019-08-22 01:58:15,964 [main] INFO  server.GrpcService (GrpcService.java:closeImpl(155)) - c9473f95-2b72-4ec6-839c-23a2efec0cdd: shutdown server with port 36137 now
2019-08-22 01:58:15,964 [ForkJoinPool.commonPool-worker-0] INFO  impl.RaftServerImpl (ServerState.java:close(394)) - a4945655-5ae5-4fb0-807f-bf09391df8f9:group-E361DC9D5DB9 closes. The last applied log index is 4
2019-08-22 01:58:15,965 [a4945655-5ae5-4fb0-807f-bf09391df8f9-SegmentedRaftLogWorker:Storage Directory /workdir/hadoop-ozone/integration-test/target/test-dir/MiniOzoneClusterImpl-2261fce3-3b3f-45be-b7bf-e56da5754016/datanode-1/data/ratis/afe22c63-8932-4e82-b5ba-e361dc9d5db9] INFO  segmented.SegmentedRaftLogWorker (SegmentedRaftLogWorker.java:run(313)) - a4945655-5ae5-4fb0-807f-bf09391df8f9-SegmentedRaftLogWorker:Storage Directory /workdir/hadoop-ozone/integration-test/target/test-dir/MiniOzoneClusterImpl-2261fce3-3b3f-45be-b7bf-e56da5754016/datanode-1/data/ratis/afe22c63-8932-4e82-b5ba-e361dc9d5db9 was interrupted, exiting. There are 0 tasks remaining in the queue.
2019-08-22 01:58:15,968 [grpc-default-executor-4] WARN  server.GrpcServerProtocolService (LogUtils.java:warn(134)) - c9473f95-2b72-4ec6-839c-23a2efec0cdd: appendEntries onError: org.apache.ratis.thirdparty.io.grpc.StatusRuntimeException: CANCELLED: cancelled before receiving half close
2019-08-22 01:58:15,968 [ForkJoinPool.commonPool-worker-0] INFO  segmented.SegmentedRaftLogWorker (SegmentedRaftLogWorker.java:close(228)) - a4945655-5ae5-4fb0-807f-bf09391df8f9-SegmentedRaftLogWorker:Storage Directory /workdir/hadoop-ozone/integration-test/target/test-dir/MiniOzoneClusterImpl-2261fce3-3b3f-45be-b7bf-e56da5754016/datanode-1/data/ratis/afe22c63-8932-4e82-b5ba-e361dc9d5db9 close()
2019-08-22 01:58:15,969 [grpc-default-executor-0] WARN  server.GrpcLogAppender (LogUtils.java:warn(134)) - fcccdfbe-c34f-4324-a92c-8940ffc9076a->c9473f95-2b72-4ec6-839c-23a2efec0cdd: Failed appendEntries: org.apache.ratis.thirdparty.io.grpc.StatusRuntimeException: CANCELLED: HTTP/2 error code: CANCEL
Received Rst Stream
2019-08-22 01:58:15,969 [main] INFO  server.GrpcService (GrpcService.java:closeImpl(163)) - c9473f95-2b72-4ec6-839c-23a2efec0cdd: shutdown server with port 36137 successfully
2019-08-22 01:58:15,974 [grpc-default-executor-0] INFO  impl.FollowerInfo (FollowerInfo.java:lambda$new$0(50)) - fcccdfbe-c34f-4324-a92c-8940ffc9076a->c9473f95-2b72-4ec6-839c-23a2efec0cdd: nextIndex: updateUnconditionally 16 -> 15
2019-08-22 01:58:15,974 [ForkJoinPool.commonPool-worker-0] INFO  server.GrpcService (GrpcService.java:closeImpl(155)) - a4945655-5ae5-4fb0-807f-bf09391df8f9: shutdown server with port 40661 now
2019-08-22 01:58:15,975 [grpc-default-executor-4] WARN  server.GrpcServerProtocolService (LogUtils.java:warn(134)) - a4945655-5ae5-4fb0-807f-bf09391df8f9: appendEntries onError: org.apache.ratis.thirdparty.io.grpc.StatusRuntimeException: CANCELLED: cancelled before receiving half close
2019-08-22 01:58:15,976 [ForkJoinPool.commonPool-worker-0] INFO  server.GrpcService (GrpcService.java:closeImpl(163)) - a4945655-5ae5-4fb0-807f-bf09391df8f9: shutdown server with port 40661 successfully
2019-08-22 01:58:15,976 [grpc-default-executor-0] WARN  server.GrpcLogAppender (LogUtils.java:warn(134)) - e7db1c3f-e23d-40ca-a1db-3f81dcb93f9b->a4945655-5ae5-4fb0-807f-bf09391df8f9: Failed appendEntries: org.apache.ratis.thirdparty.io.grpc.StatusRuntimeException: CANCELLED: HTTP/2 error code: CANCEL
Received Rst Stream
2019-08-22 01:58:15,977 [grpc-default-executor-0] INFO  impl.FollowerInfo (FollowerInfo.java:lambda$new$0(50)) - e7db1c3f-e23d-40ca-a1db-3f81dcb93f9b->a4945655-5ae5-4fb0-807f-bf09391df8f9: nextIndex: updateUnconditionally 5 -> 4
2019-08-22 01:58:15,978 [ForkJoinPool.commonPool-worker-0] INFO  utils.BackgroundService (BackgroundService.java:shutdown(148)) - Shutting down service BlockDeletingService
2019-08-22 01:58:15,981 [main] INFO  utils.BackgroundService (BackgroundService.java:shutdown(148)) - Shutting down service BlockDeletingService
2019-08-22 01:58:15,986 [refreshUsed-/workdir/hadoop-ozone/integration-test/target/test-dir/MiniOzoneClusterImpl-2261fce3-3b3f-45be-b7bf-e56da5754016/datanode-4/data/containers] WARN  fs.CachingGetSpaceUsed (CachingGetSpaceUsed.java:run(183)) - Thread Interrupted waiting to refresh disk information: sleep interrupted
2019-08-22 01:58:15,986 [refreshUsed-/workdir/hadoop-ozone/integration-test/target/test-dir/MiniOzoneClusterImpl-2261fce3-3b3f-45be-b7bf-e56da5754016/datanode-1/data/containers] WARN  fs.CachingGetSpaceUsed (CachingGetSpaceUsed.java:run(183)) - Thread Interrupted waiting to refresh disk information: sleep interrupted
2019-08-22 01:58:16,009 [main] INFO  statemachine.DatanodeStateMachine (DatanodeStateMachine.java:stopDaemon(395)) - Ozone container server stopped.
2019-08-22 01:58:16,011 [main] INFO  handler.ContextHandler (ContextHandler.java:doStop(910)) - Stopped o.e.j.w.WebAppContext@2512eaaa{/,null,UNAVAILABLE}{/hddsDatanode}
2019-08-22 01:58:16,017 [ForkJoinPool.commonPool-worker-0] INFO  statemachine.DatanodeStateMachine (DatanodeStateMachine.java:stopDaemon(395)) - Ozone container server stopped.
2019-08-22 01:58:16,019 [main] INFO  server.AbstractConnector (AbstractConnector.java:doStop(318)) - Stopped ServerConnector@3435b6d8{HTTP/1.1,[http/1.1]}{0.0.0.0:0}
2019-08-22 01:58:16,021 [main] INFO  handler.ContextHandler (ContextHandler.java:doStop(910)) - Stopped o.e.j.s.ServletContextHandler@6f647464{/static,jar:file:/home/user/.m2/repository/org/apache/hadoop/hadoop-hdds-container-service/0.5.0-SNAPSHOT/hadoop-hdds-container-service-0.5.0-SNAPSHOT.jar!/webapps/static,UNAVAILABLE}
2019-08-22 01:58:16,023 [ForkJoinPool.commonPool-worker-0] INFO  handler.ContextHandler (ContextHandler.java:doStop(910)) - Stopped o.e.j.w.WebAppContext@6592a73b{/,null,UNAVAILABLE}{/hddsDatanode}
2019-08-22 01:58:16,023 [main] INFO  handler.ContextHandler (ContextHandler.java:doStop(910)) - Stopped o.e.j.s.ServletContextHandler@6dde03ce{/logs,file:///workdir/hadoop-ozone/integration-test/target/log,UNAVAILABLE}
2019-08-22 01:58:16,024 [ForkJoinPool.commonPool-worker-0] INFO  server.AbstractConnector (AbstractConnector.java:doStop(318)) - Stopped ServerConnector@14f11a56{HTTP/1.1,[http/1.1]}{0.0.0.0:0}
2019-08-22 01:58:16,026 [ForkJoinPool.commonPool-worker-0] INFO  handler.ContextHandler (ContextHandler.java:doStop(910)) - Stopped o.e.j.s.ServletContextHandler@44f8d884{/static,jar:file:/home/user/.m2/repository/org/apache/hadoop/hadoop-hdds-container-service/0.5.0-SNAPSHOT/hadoop-hdds-container-service-0.5.0-SNAPSHOT.jar!/webapps/static,UNAVAILABLE}
2019-08-22 01:58:16,027 [main] INFO  datanode.ObjectStoreHandler (ObjectStoreHandler.java:close(155)) - Closing ObjectStoreHandler.
2019-08-22 01:58:16,028 [ForkJoinPool.commonPool-worker-0] INFO  handler.ContextHandler (ContextHandler.java:doStop(910)) - Stopped o.e.j.s.ServletContextHandler@2ff2a096{/logs,file:///workdir/hadoop-ozone/integration-test/target/log,UNAVAILABLE}
2019-08-22 01:58:16,029 [main] INFO  ozone.HddsDatanodeService (HddsDatanodeService.java:stop(451)) - Stopped plug-in org.apache.hadoop.ozone.web.OzoneHddsDatanodeService@467625e3
2019-08-22 01:58:16,029 [ForkJoinPool.commonPool-worker-0] INFO  datanode.ObjectStoreHandler (ObjectStoreHandler.java:close(155)) - Closing ObjectStoreHandler.
2019-08-22 01:58:16,030 [ForkJoinPool.commonPool-worker-0] INFO  ozone.HddsDatanodeService (HddsDatanodeService.java:stop(451)) - Stopped plug-in org.apache.hadoop.ozone.web.OzoneHddsDatanodeService@1c0f32ad
2019-08-22 01:58:16,119 [grpc-default-executor-5] WARN  server.GrpcLogAppender (LogUtils.java:warn(134)) - fcccdfbe-c34f-4324-a92c-8940ffc9076a->c9473f95-2b72-4ec6-839c-23a2efec0cdd: Failed appendEntries: org.apache.ratis.thirdparty.io.grpc.StatusRuntimeException: UNAVAILABLE: io exception
2019-08-22 01:58:16,120 [grpc-default-executor-5] INFO  impl.FollowerInfo (FollowerInfo.java:lambda$new$0(50)) - fcccdfbe-c34f-4324-a92c-8940ffc9076a->c9473f95-2b72-4ec6-839c-23a2efec0cdd: nextIndex: updateUnconditionally 15 -> 14
2019-08-22 01:58:16,137 | INFO  | SCMAudit | user=jenkins1000 | ip=192.168.34.54 | op=SEND_HEARTBEAT {datanodeUUID=625bdeda-2dd3-41ed-bca6-2cf8ccbfa1a7, command=[]} | ret=SUCCESS |  
2019-08-22 01:58:16,481 | INFO  | SCMAudit | user=jenkins1000 | ip=192.168.34.54 | op=SEND_HEARTBEAT {datanodeUUID=f058baaf-af82-4783-b3d7-382a54c54b25, command=[commandType: closeContainerCommand closeContainerCommandProto { containerID: 1 pipelineID { id: "c29e6fdc-c4e1-45ff-bce5-ea5cc32fe9f4" } cmdId: 1 force: false } ]} | ret=SUCCESS |  
2019-08-22 01:58:16,481 | INFO  | SCMAudit | user=jenkins1000 | ip=192.168.34.54 | op=SEND_HEARTBEAT {datanodeUUID=fcccdfbe-c34f-4324-a92c-8940ffc9076a, command=[commandType: closeContainerCommand closeContainerCommandProto { containerID: 1 pipelineID { id: "c29e6fdc-c4e1-45ff-bce5-ea5cc32fe9f4" } cmdId: 1 force: false } ]} | ret=SUCCESS |  
2019-08-22 01:58:16,758 [Datanode State Machine Thread - 0] INFO  statemachine.DatanodeStateMachine (DatanodeStateMachine.java:lambda$startDaemon$0(350)) - Ozone container server started.
2019-08-22 01:58:16,759 [Datanode State Machine Thread - 0] INFO  statemachine.DatanodeStateMachine (DatanodeStateMachine.java:lambda$startDaemon$0(350)) - Ozone container server started.
2019-08-22 01:58:17,138 | INFO  | SCMAudit | user=jenkins1000 | ip=192.168.34.54 | op=SEND_HEARTBEAT {datanodeUUID=625bdeda-2dd3-41ed-bca6-2cf8ccbfa1a7, command=[]} | ret=SUCCESS |  
2019-08-22 01:58:17,481 | INFO  | SCMAudit | user=jenkins1000 | ip=192.168.34.54 | op=SEND_HEARTBEAT {datanodeUUID=fcccdfbe-c34f-4324-a92c-8940ffc9076a, command=[]} | ret=SUCCESS |  
2019-08-22 01:58:17,481 | INFO  | SCMAudit | user=jenkins1000 | ip=192.168.34.54 | op=SEND_HEARTBEAT {datanodeUUID=f058baaf-af82-4783-b3d7-382a54c54b25, command=[]} | ret=SUCCESS |  
2019-08-22 01:58:17,508 | INFO  | SCMAudit | user=jenkins1000 | ip=192.168.34.54 | op=SEND_HEARTBEAT {datanodeUUID=f058baaf-af82-4783-b3d7-382a54c54b25, command=[]} | ret=SUCCESS |  
2019-08-22 01:58:17,508 | INFO  | SCMAudit | user=jenkins1000 | ip=192.168.34.54 | op=SEND_HEARTBEAT {datanodeUUID=fcccdfbe-c34f-4324-a92c-8940ffc9076a, command=[]} | ret=SUCCESS |  
2019-08-22 01:58:17,510 [grpc-default-executor-0] WARN  server.GrpcLogAppender (LogUtils.java:warn(134)) - fcccdfbe-c34f-4324-a92c-8940ffc9076a->c9473f95-2b72-4ec6-839c-23a2efec0cdd: Failed appendEntries: org.apache.ratis.thirdparty.io.grpc.StatusRuntimeException: UNAVAILABLE: io exception
2019-08-22 01:58:17,510 [grpc-default-executor-0] INFO  impl.FollowerInfo (FollowerInfo.java:lambda$new$0(50)) - fcccdfbe-c34f-4324-a92c-8940ffc9076a->c9473f95-2b72-4ec6-839c-23a2efec0cdd: nextIndex: updateUnconditionally 15 -> 14
2019-08-22 01:58:17,523 [grpc-default-executor-4] WARN  server.GrpcLogAppender (LogUtils.java:warn(134)) - fcccdfbe-c34f-4324-a92c-8940ffc9076a->c9473f95-2b72-4ec6-839c-23a2efec0cdd: Failed appendEntries: org.apache.ratis.thirdparty.io.grpc.StatusRuntimeException: UNAVAILABLE: io exception
2019-08-22 01:58:17,523 [grpc-default-executor-4] INFO  impl.FollowerInfo (FollowerInfo.java:lambda$new$0(50)) - fcccdfbe-c34f-4324-a92c-8940ffc9076a->c9473f95-2b72-4ec6-839c-23a2efec0cdd: nextIndex: updateUnconditionally 15 -> 14
2019-08-22 01:58:17,537 [grpc-default-executor-5] WARN  server.GrpcLogAppender (LogUtils.java:warn(134)) - fcccdfbe-c34f-4324-a92c-8940ffc9076a->c9473f95-2b72-4ec6-839c-23a2efec0cdd: Failed appendEntries: org.apache.ratis.thirdparty.io.grpc.StatusRuntimeException: UNAVAILABLE: io exception
2019-08-22 01:58:17,538 [grpc-default-executor-5] INFO  impl.FollowerInfo (FollowerInfo.java:lambda$new$0(50)) - fcccdfbe-c34f-4324-a92c-8940ffc9076a->c9473f95-2b72-4ec6-839c-23a2efec0cdd: nextIndex: updateUnconditionally 15 -> 14
2019-08-22 01:58:17,586 [RatisApplyTransactionExecutor 1] INFO  interfaces.Container (KeyValueContainer.java:compactDB(356)) - Container 1 is closed with bcsId 13.
2019-08-22 01:58:17,587 | INFO  | DNAudit | user=null | ip=null | op=CLOSE_CONTAINER {containerID=1} | ret=SUCCESS |  
2019-08-22 01:58:17,588 | INFO  | SCMAudit | user=jenkins1000 | ip=192.168.34.54 | op=SEND_HEARTBEAT {datanodeUUID=fcccdfbe-c34f-4324-a92c-8940ffc9076a, command=[]} | ret=SUCCESS |  
2019-08-22 01:58:17,588 [EventQueue-IncrementalContainerReportForIncrementalContainerReportHandler] INFO  container.IncrementalContainerReportHandler (AbstractContainerReportHandler.java:updateContainerState(176)) - Moving container #1 to CLOSED state, datanode fcccdfbe-c34f-4324-a92c-8940ffc9076a{ip: 192.168.34.54, host: pr-hdds-1998-jt8wz-3050591487, networkLocation: /default-rack, certSerialId: null} reported CLOSED replica.
2019-08-22 01:58:18,138 | INFO  | SCMAudit | user=jenkins1000 | ip=192.168.34.54 | op=SEND_HEARTBEAT {datanodeUUID=625bdeda-2dd3-41ed-bca6-2cf8ccbfa1a7, command=[]} | ret=SUCCESS |  
2019-08-22 01:58:18,320 [grpc-default-executor-4] WARN  server.GrpcLogAppender (LogUtils.java:warn(134)) - e7db1c3f-e23d-40ca-a1db-3f81dcb93f9b->a4945655-5ae5-4fb0-807f-bf09391df8f9: Failed appendEntries: org.apache.ratis.thirdparty.io.grpc.StatusRuntimeException: UNAVAILABLE: io exception
2019-08-22 01:58:18,321 [grpc-default-executor-4] INFO  impl.FollowerInfo (FollowerInfo.java:lambda$new$0(50)) - e7db1c3f-e23d-40ca-a1db-3f81dcb93f9b->a4945655-5ae5-4fb0-807f-bf09391df8f9: nextIndex: updateUnconditionally 4 -> 3
2019-08-22 01:58:18,509 | INFO  | SCMAudit | user=jenkins1000 | ip=192.168.34.54 | op=SEND_HEARTBEAT {datanodeUUID=f058baaf-af82-4783-b3d7-382a54c54b25, command=[]} | ret=SUCCESS |  
2019-08-22 01:58:18,588 | INFO  | SCMAudit | user=jenkins1000 | ip=192.168.34.54 | op=SEND_HEARTBEAT {datanodeUUID=fcccdfbe-c34f-4324-a92c-8940ffc9076a, command=[]} | ret=SUCCESS |  
2019-08-22 01:58:19,137 | INFO  | SCMAudit | user=jenkins1000 | ip=192.168.34.54 | op=SEND_HEARTBEAT {datanodeUUID=625bdeda-2dd3-41ed-bca6-2cf8ccbfa1a7, command=[]} | ret=SUCCESS |  
2019-08-22 01:58:19,509 | INFO  | SCMAudit | user=jenkins1000 | ip=192.168.34.54 | op=SEND_HEARTBEAT {datanodeUUID=f058baaf-af82-4783-b3d7-382a54c54b25, command=[]} | ret=SUCCESS |  
2019-08-22 01:58:19,589 | INFO  | SCMAudit | user=jenkins1000 | ip=192.168.34.54 | op=SEND_HEARTBEAT {datanodeUUID=fcccdfbe-c34f-4324-a92c-8940ffc9076a, command=[]} | ret=SUCCESS |  
2019-08-22 01:58:20,038 [grpc-default-executor-5] WARN  server.GrpcLogAppender (LogUtils.java:warn(134)) - fcccdfbe-c34f-4324-a92c-8940ffc9076a->c9473f95-2b72-4ec6-839c-23a2efec0cdd: Failed appendEntries: org.apache.ratis.thirdparty.io.grpc.StatusRuntimeException: UNAVAILABLE: io exception
2019-08-22 01:58:20,039 [grpc-default-executor-5] INFO  impl.FollowerInfo (FollowerInfo.java:lambda$new$0(50)) - fcccdfbe-c34f-4324-a92c-8940ffc9076a->c9473f95-2b72-4ec6-839c-23a2efec0cdd: nextIndex: updateUnconditionally 14 -> 13
2019-08-22 01:58:20,138 | INFO  | SCMAudit | user=jenkins1000 | ip=192.168.34.54 | op=SEND_HEARTBEAT {datanodeUUID=625bdeda-2dd3-41ed-bca6-2cf8ccbfa1a7, command=[]} | ret=SUCCESS |  
2019-08-22 01:58:20,508 | INFO  | SCMAudit | user=jenkins1000 | ip=192.168.34.54 | op=SEND_HEARTBEAT {datanodeUUID=f058baaf-af82-4783-b3d7-382a54c54b25, command=[]} | ret=SUCCESS |  
2019-08-22 01:58:20,589 | INFO  | SCMAudit | user=jenkins1000 | ip=192.168.34.54 | op=SEND_HEARTBEAT {datanodeUUID=fcccdfbe-c34f-4324-a92c-8940ffc9076a, command=[]} | ret=SUCCESS |  
2019-08-22 01:58:20,809 [EventQueue-StaleNodeForStaleNodeHandler] INFO  node.StaleNodeHandler (StaleNodeHandler.java:onMessage(58)) - Datanode 489c3654-cc5c-4faf-8cd1-81b3f3c2ce9e{ip: 192.168.34.54, host: pr-hdds-1998-jt8wz-3050591487, networkLocation: /default-rack, certSerialId: null} moved to stale state. Finalizing its pipelines [PipelineID=52b13d0d-f568-4feb-bd24-c246a7ce39ab, PipelineID=afe22c63-8932-4e82-b5ba-e361dc9d5db9]
2019-08-22 01:58:20,809 [EventQueue-StaleNodeForStaleNodeHandler] INFO  pipeline.SCMPipelineManager (SCMPipelineManager.java:finalizeAndDestroyPipeline(309)) - destroying pipeline:Pipeline[ Id: 52b13d0d-f568-4feb-bd24-c246a7ce39ab, Nodes: 489c3654-cc5c-4faf-8cd1-81b3f3c2ce9e{ip: 192.168.34.54, host: pr-hdds-1998-jt8wz-3050591487, networkLocation: /default-rack, certSerialId: null}, Type:RATIS, Factor:ONE, State:OPEN]
2019-08-22 01:58:20,810 [EventQueue-StaleNodeForStaleNodeHandler] INFO  pipeline.PipelineStateManager (PipelineStateManager.java:finalizePipeline(123)) - Pipeline Pipeline[ Id: 52b13d0d-f568-4feb-bd24-c246a7ce39ab, Nodes: 489c3654-cc5c-4faf-8cd1-81b3f3c2ce9e{ip: 192.168.34.54, host: pr-hdds-1998-jt8wz-3050591487, networkLocation: /default-rack, certSerialId: null}, Type:RATIS, Factor:ONE, State:CLOSED] moved to CLOSED state
2019-08-22 01:58:20,810 [EventQueue-StaleNodeForStaleNodeHandler] INFO  pipeline.SCMPipelineManager (SCMPipelineManager.java:finalizeAndDestroyPipeline(309)) - destroying pipeline:Pipeline[ Id: afe22c63-8932-4e82-b5ba-e361dc9d5db9, Nodes: 489c3654-cc5c-4faf-8cd1-81b3f3c2ce9e{ip: 192.168.34.54, host: pr-hdds-1998-jt8wz-3050591487, networkLocation: /default-rack, certSerialId: null}a4945655-5ae5-4fb0-807f-bf09391df8f9{ip: 192.168.34.54, host: pr-hdds-1998-jt8wz-3050591487, networkLocation: /default-rack, certSerialId: null}e7db1c3f-e23d-40ca-a1db-3f81dcb93f9b{ip: 192.168.34.54, host: pr-hdds-1998-jt8wz-3050591487, networkLocation: /default-rack, certSerialId: null}, Type:RATIS, Factor:THREE, State:CLOSED]
2019-08-22 01:58:20,810 [EventQueue-StaleNodeForStaleNodeHandler] INFO  node.StaleNodeHandler (StaleNodeHandler.java:onMessage(58)) - Datanode e7db1c3f-e23d-40ca-a1db-3f81dcb93f9b{ip: 192.168.34.54, host: pr-hdds-1998-jt8wz-3050591487, networkLocation: /default-rack, certSerialId: null} moved to stale state. Finalizing its pipelines [PipelineID=4638b303-76da-469a-98d2-b25c0c181bbc, PipelineID=afe22c63-8932-4e82-b5ba-e361dc9d5db9]
2019-08-22 01:58:20,810 [EventQueue-StaleNodeForStaleNodeHandler] INFO  pipeline.SCMPipelineManager (SCMPipelineManager.java:finalizeAndDestroyPipeline(309)) - destroying pipeline:Pipeline[ Id: 4638b303-76da-469a-98d2-b25c0c181bbc, Nodes: e7db1c3f-e23d-40ca-a1db-3f81dcb93f9b{ip: 192.168.34.54, host: pr-hdds-1998-jt8wz-3050591487, networkLocation: /default-rack, certSerialId: null}, Type:RATIS, Factor:ONE, State:OPEN]
2019-08-22 01:58:20,811 [EventQueue-StaleNodeForStaleNodeHandler] INFO  pipeline.PipelineStateManager (PipelineStateManager.java:finalizePipeline(123)) - Pipeline Pipeline[ Id: 4638b303-76da-469a-98d2-b25c0c181bbc, Nodes: e7db1c3f-e23d-40ca-a1db-3f81dcb93f9b{ip: 192.168.34.54, host: pr-hdds-1998-jt8wz-3050591487, networkLocation: /default-rack, certSerialId: null}, Type:RATIS, Factor:ONE, State:CLOSED] moved to CLOSED state
2019-08-22 01:58:20,811 [EventQueue-StaleNodeForStaleNodeHandler] INFO  pipeline.SCMPipelineManager (SCMPipelineManager.java:finalizeAndDestroyPipeline(309)) - destroying pipeline:Pipeline[ Id: afe22c63-8932-4e82-b5ba-e361dc9d5db9, Nodes: 489c3654-cc5c-4faf-8cd1-81b3f3c2ce9e{ip: 192.168.34.54, host: pr-hdds-1998-jt8wz-3050591487, networkLocation: /default-rack, certSerialId: null}a4945655-5ae5-4fb0-807f-bf09391df8f9{ip: 192.168.34.54, host: pr-hdds-1998-jt8wz-3050591487, networkLocation: /default-rack, certSerialId: null}e7db1c3f-e23d-40ca-a1db-3f81dcb93f9b{ip: 192.168.34.54, host: pr-hdds-1998-jt8wz-3050591487, networkLocation: /default-rack, certSerialId: null}, Type:RATIS, Factor:THREE, State:CLOSED]
2019-08-22 01:58:20,820 [grpc-default-executor-6] WARN  server.GrpcLogAppender (LogUtils.java:warn(134)) - e7db1c3f-e23d-40ca-a1db-3f81dcb93f9b->a4945655-5ae5-4fb0-807f-bf09391df8f9: Failed appendEntries: org.apache.ratis.thirdparty.io.grpc.StatusRuntimeException: UNAVAILABLE: io exception
2019-08-22 01:58:20,821 [grpc-default-executor-6] INFO  impl.FollowerInfo (FollowerInfo.java:lambda$new$0(50)) - e7db1c3f-e23d-40ca-a1db-3f81dcb93f9b->a4945655-5ae5-4fb0-807f-bf09391df8f9: nextIndex: updateUnconditionally 3 -> 2
2019-08-22 01:58:21,030 [main] INFO  ozoneimpl.OzoneContainer (OzoneContainer.java:stop(199)) - Attempting to stop container services.
2019-08-22 01:58:21,030 [ForkJoinPool.commonPool-worker-0] INFO  ozoneimpl.OzoneContainer (OzoneContainer.java:stop(199)) - Attempting to stop container services.
2019-08-22 01:58:21,030 [main] INFO  impl.RaftServerProxy (RaftServerProxy.java:lambda$close$4(314)) - e7db1c3f-e23d-40ca-a1db-3f81dcb93f9b: close
2019-08-22 01:58:21,031 [ForkJoinPool.commonPool-worker-0] INFO  impl.RaftServerProxy (RaftServerProxy.java:lambda$close$4(314)) - 489c3654-cc5c-4faf-8cd1-81b3f3c2ce9e: close
2019-08-22 01:58:21,031 [main] INFO  impl.RaftServerImpl (RaftServerImpl.java:lambda$shutdown$3(245)) - e7db1c3f-e23d-40ca-a1db-3f81dcb93f9b: shutdown group-B25C0C181BBC
2019-08-22 01:58:21,031 [ForkJoinPool.commonPool-worker-0] INFO  impl.RaftServerImpl (RaftServerImpl.java:lambda$shutdown$3(245)) - 489c3654-cc5c-4faf-8cd1-81b3f3c2ce9e: shutdown group-C246A7CE39AB
2019-08-22 01:58:21,032 [main] INFO  util.JmxRegister (JmxRegister.java:unregister(73)) - Successfully un-registered JMX Bean with object name Ratis:service=RaftServer,group=group-B25C0C181BBC,id=e7db1c3f-e23d-40ca-a1db-3f81dcb93f9b
2019-08-22 01:58:21,032 [ForkJoinPool.commonPool-worker-0] INFO  util.JmxRegister (JmxRegister.java:unregister(73)) - Successfully un-registered JMX Bean with object name Ratis:service=RaftServer,group=group-C246A7CE39AB,id=489c3654-cc5c-4faf-8cd1-81b3f3c2ce9e
2019-08-22 01:58:21,032 [main] INFO  impl.RoleInfo (RoleInfo.java:shutdownLeaderState(104)) - e7db1c3f-e23d-40ca-a1db-3f81dcb93f9b: shutdown LeaderState
2019-08-22 01:58:21,032 [ForkJoinPool.commonPool-worker-0] INFO  impl.RoleInfo (RoleInfo.java:shutdownLeaderState(104)) - 489c3654-cc5c-4faf-8cd1-81b3f3c2ce9e: shutdown LeaderState
2019-08-22 01:58:21,033 [main] INFO  impl.PendingRequests (PendingRequests.java:sendNotLeaderResponses(202)) - e7db1c3f-e23d-40ca-a1db-3f81dcb93f9b-PendingRequests: sendNotLeaderResponses
2019-08-22 01:58:21,033 [ForkJoinPool.commonPool-worker-0] INFO  impl.PendingRequests (PendingRequests.java:sendNotLeaderResponses(202)) - 489c3654-cc5c-4faf-8cd1-81b3f3c2ce9e-PendingRequests: sendNotLeaderResponses
2019-08-22 01:58:21,034 [main] INFO  impl.StateMachineUpdater (StateMachineUpdater.java:stopAndJoin(115)) - StateMachineUpdater:e7db1c3f-e23d-40ca-a1db-3f81dcb93f9b:group-B25C0C181BBC: set stopIndex = 0
2019-08-22 01:58:21,034 [ForkJoinPool.commonPool-worker-0] INFO  impl.StateMachineUpdater (StateMachineUpdater.java:stopAndJoin(115)) - StateMachineUpdater:489c3654-cc5c-4faf-8cd1-81b3f3c2ce9e:group-C246A7CE39AB: set stopIndex = 0
2019-08-22 01:58:21,046 [main] INFO  impl.RaftServerImpl (ServerState.java:close(394)) - e7db1c3f-e23d-40ca-a1db-3f81dcb93f9b:group-B25C0C181BBC closes. The last applied log index is 0
2019-08-22 01:58:21,047 [ForkJoinPool.commonPool-worker-0] INFO  impl.RaftServerImpl (ServerState.java:close(394)) - 489c3654-cc5c-4faf-8cd1-81b3f3c2ce9e:group-C246A7CE39AB closes. The last applied log index is 0
2019-08-22 01:58:21,047 [e7db1c3f-e23d-40ca-a1db-3f81dcb93f9b-SegmentedRaftLogWorker:Storage Directory /workdir/hadoop-ozone/integration-test/target/test-dir/MiniOzoneClusterImpl-2261fce3-3b3f-45be-b7bf-e56da5754016/datanode-0/data/ratis/4638b303-76da-469a-98d2-b25c0c181bbc] INFO  segmented.SegmentedRaftLogWorker (SegmentedRaftLogWorker.java:run(313)) - e7db1c3f-e23d-40ca-a1db-3f81dcb93f9b-SegmentedRaftLogWorker:Storage Directory /workdir/hadoop-ozone/integration-test/target/test-dir/MiniOzoneClusterImpl-2261fce3-3b3f-45be-b7bf-e56da5754016/datanode-0/data/ratis/4638b303-76da-469a-98d2-b25c0c181bbc was interrupted, exiting. There are 0 tasks remaining in the queue.
2019-08-22 01:58:21,047 [489c3654-cc5c-4faf-8cd1-81b3f3c2ce9e-SegmentedRaftLogWorker:Storage Directory /workdir/hadoop-ozone/integration-test/target/test-dir/MiniOzoneClusterImpl-2261fce3-3b3f-45be-b7bf-e56da5754016/datanode-2/data/ratis/52b13d0d-f568-4feb-bd24-c246a7ce39ab] INFO  segmented.SegmentedRaftLogWorker (SegmentedRaftLogWorker.java:run(313)) - 489c3654-cc5c-4faf-8cd1-81b3f3c2ce9e-SegmentedRaftLogWorker:Storage Directory /workdir/hadoop-ozone/integration-test/target/test-dir/MiniOzoneClusterImpl-2261fce3-3b3f-45be-b7bf-e56da5754016/datanode-2/data/ratis/52b13d0d-f568-4feb-bd24-c246a7ce39ab was interrupted, exiting. There are 0 tasks remaining in the queue.
2019-08-22 01:58:21,050 [main] INFO  segmented.SegmentedRaftLogWorker (SegmentedRaftLogWorker.java:close(228)) - e7db1c3f-e23d-40ca-a1db-3f81dcb93f9b-SegmentedRaftLogWorker:Storage Directory /workdir/hadoop-ozone/integration-test/target/test-dir/MiniOzoneClusterImpl-2261fce3-3b3f-45be-b7bf-e56da5754016/datanode-0/data/ratis/4638b303-76da-469a-98d2-b25c0c181bbc close()
2019-08-22 01:58:21,052 [ForkJoinPool.commonPool-worker-0] INFO  segmented.SegmentedRaftLogWorker (SegmentedRaftLogWorker.java:close(228)) - 489c3654-cc5c-4faf-8cd1-81b3f3c2ce9e-SegmentedRaftLogWorker:Storage Directory /workdir/hadoop-ozone/integration-test/target/test-dir/MiniOzoneClusterImpl-2261fce3-3b3f-45be-b7bf-e56da5754016/datanode-2/data/ratis/52b13d0d-f568-4feb-bd24-c246a7ce39ab close()
2019-08-22 01:58:21,055 [main] INFO  impl.RaftServerImpl (RaftServerImpl.java:lambda$shutdown$3(245)) - e7db1c3f-e23d-40ca-a1db-3f81dcb93f9b: shutdown group-E361DC9D5DB9
2019-08-22 01:58:21,059 [ForkJoinPool.commonPool-worker-0] INFO  impl.RaftServerImpl (RaftServerImpl.java:lambda$shutdown$3(245)) - 489c3654-cc5c-4faf-8cd1-81b3f3c2ce9e: shutdown group-E361DC9D5DB9
2019-08-22 01:58:21,059 [main] INFO  util.JmxRegister (JmxRegister.java:unregister(73)) - Successfully un-registered JMX Bean with object name Ratis:service=RaftServer,group=group-E361DC9D5DB9,id=e7db1c3f-e23d-40ca-a1db-3f81dcb93f9b
2019-08-22 01:58:21,059 [ForkJoinPool.commonPool-worker-0] INFO  util.JmxRegister (JmxRegister.java:unregister(73)) - Successfully un-registered JMX Bean with object name Ratis:service=RaftServer,group=group-E361DC9D5DB9,id=489c3654-cc5c-4faf-8cd1-81b3f3c2ce9e
2019-08-22 01:58:21,060 [ForkJoinPool.commonPool-worker-0] INFO  impl.RoleInfo (RoleInfo.java:shutdownFollowerState(121)) - 489c3654-cc5c-4faf-8cd1-81b3f3c2ce9e: shutdown FollowerState
2019-08-22 01:58:21,060 [main] INFO  impl.RoleInfo (RoleInfo.java:shutdownLeaderState(104)) - e7db1c3f-e23d-40ca-a1db-3f81dcb93f9b: shutdown LeaderState
2019-08-22 01:58:21,061 [StateMachineUpdater:489c3654-cc5c-4faf-8cd1-81b3f3c2ce9e:group-E361DC9D5DB9] INFO  ratis.ContainerStateMachine (ContainerStateMachine.java:takeSnapshot(283)) - group-E361DC9D5DB9: Taking a snapshot at:(t:1, i:3) file /workdir/hadoop-ozone/integration-test/target/test-dir/MiniOzoneClusterImpl-2261fce3-3b3f-45be-b7bf-e56da5754016/datanode-2/data/ratis/afe22c63-8932-4e82-b5ba-e361dc9d5db9/sm/snapshot.1_3
2019-08-22 01:58:21,060 [Thread-3325] INFO  impl.FollowerState (FollowerState.java:run(114)) - 489c3654-cc5c-4faf-8cd1-81b3f3c2ce9e: FollowerState was interrupted: java.lang.InterruptedException: sleep interrupted
2019-08-22 01:58:21,060 [ForkJoinPool.commonPool-worker-0] INFO  impl.StateMachineUpdater (StateMachineUpdater.java:stopAndJoin(115)) - StateMachineUpdater:489c3654-cc5c-4faf-8cd1-81b3f3c2ce9e:group-E361DC9D5DB9: set stopIndex = 4
2019-08-22 01:58:21,064 [org.apache.ratis.server.impl.LogAppender$AppenderDaemon$$Lambda$470/1305334601@3fcfe580] WARN  server.GrpcLogAppender (GrpcLogAppender.java:mayWait(143)) - GrpcLogAppender(e7db1c3f-e23d-40ca-a1db-3f81dcb93f9b->a4945655-5ae5-4fb0-807f-bf09391df8f9): Wait interrupted by java.lang.InterruptedException
2019-08-22 01:58:21,064 [org.apache.ratis.server.impl.LogAppender$AppenderDaemon$$Lambda$470/1305334601@7acd74bd] WARN  server.GrpcLogAppender (GrpcLogAppender.java:mayWait(143)) - GrpcLogAppender(e7db1c3f-e23d-40ca-a1db-3f81dcb93f9b->489c3654-cc5c-4faf-8cd1-81b3f3c2ce9e): Wait interrupted by java.lang.InterruptedException
2019-08-22 01:58:21,064 [main] INFO  impl.PendingRequests (PendingRequests.java:sendNotLeaderResponses(202)) - e7db1c3f-e23d-40ca-a1db-3f81dcb93f9b-PendingRequests: sendNotLeaderResponses
2019-08-22 01:58:21,067 [grpc-default-executor-6] INFO  server.GrpcServerProtocolService (GrpcServerProtocolService.java:onCompleted(104)) - 489c3654-cc5c-4faf-8cd1-81b3f3c2ce9e: appendEntries completed
2019-08-22 01:58:21,073 [main] INFO  impl.StateMachineUpdater (StateMachineUpdater.java:stopAndJoin(115)) - StateMachineUpdater:e7db1c3f-e23d-40ca-a1db-3f81dcb93f9b:group-E361DC9D5DB9: set stopIndex = 4
2019-08-22 01:58:21,073 [StateMachineUpdater:e7db1c3f-e23d-40ca-a1db-3f81dcb93f9b:group-E361DC9D5DB9] INFO  ratis.ContainerStateMachine (ContainerStateMachine.java:takeSnapshot(283)) - group-E361DC9D5DB9: Taking a snapshot at:(t:1, i:4) file /workdir/hadoop-ozone/integration-test/target/test-dir/MiniOzoneClusterImpl-2261fce3-3b3f-45be-b7bf-e56da5754016/datanode-0/data/ratis/afe22c63-8932-4e82-b5ba-e361dc9d5db9/sm/snapshot.1_4
2019-08-22 01:58:21,074 [grpc-default-executor-6] INFO  server.GrpcLogAppender (GrpcLogAppender.java:onCompleted(292)) - e7db1c3f-e23d-40ca-a1db-3f81dcb93f9b->489c3654-cc5c-4faf-8cd1-81b3f3c2ce9e: follower responses appendEntries COMPLETED
2019-08-22 01:58:21,074 [grpc-default-executor-6] INFO  impl.FollowerInfo (FollowerInfo.java:lambda$new$0(50)) - e7db1c3f-e23d-40ca-a1db-3f81dcb93f9b->489c3654-cc5c-4faf-8cd1-81b3f3c2ce9e: nextIndex: updateUnconditionally 5 -> 4
2019-08-22 01:58:21,091 [StateMachineUpdater:489c3654-cc5c-4faf-8cd1-81b3f3c2ce9e:group-E361DC9D5DB9] INFO  ratis.ContainerStateMachine (ContainerStateMachine.java:takeSnapshot(294)) - group-E361DC9D5DB9: Finished taking a snapshot at:(t:1, i:3) file:/workdir/hadoop-ozone/integration-test/target/test-dir/MiniOzoneClusterImpl-2261fce3-3b3f-45be-b7bf-e56da5754016/datanode-2/data/ratis/afe22c63-8932-4e82-b5ba-e361dc9d5db9/sm/snapshot.1_3 time:30
2019-08-22 01:58:21,091 [StateMachineUpdater:489c3654-cc5c-4faf-8cd1-81b3f3c2ce9e:group-E361DC9D5DB9] INFO  impl.StateMachineUpdater (StateMachineUpdater.java:takeSnapshot(242)) - StateMachineUpdater:489c3654-cc5c-4faf-8cd1-81b3f3c2ce9e:group-E361DC9D5DB9: Took a snapshot at index 3
2019-08-22 01:58:21,091 [StateMachineUpdater:489c3654-cc5c-4faf-8cd1-81b3f3c2ce9e:group-E361DC9D5DB9] INFO  impl.StateMachineUpdater (StateMachineUpdater.java:lambda$new$0(80)) - StateMachineUpdater:489c3654-cc5c-4faf-8cd1-81b3f3c2ce9e:group-E361DC9D5DB9: snapshotIndex: updateIncreasingly -1 -> 3
2019-08-22 01:58:21,091 [StateMachineUpdater:e7db1c3f-e23d-40ca-a1db-3f81dcb93f9b:group-E361DC9D5DB9] INFO  ratis.ContainerStateMachine (ContainerStateMachine.java:takeSnapshot(294)) - group-E361DC9D5DB9: Finished taking a snapshot at:(t:1, i:4) file:/workdir/hadoop-ozone/integration-test/target/test-dir/MiniOzoneClusterImpl-2261fce3-3b3f-45be-b7bf-e56da5754016/datanode-0/data/ratis/afe22c63-8932-4e82-b5ba-e361dc9d5db9/sm/snapshot.1_4 time:17
2019-08-22 01:58:21,091 [StateMachineUpdater:e7db1c3f-e23d-40ca-a1db-3f81dcb93f9b:group-E361DC9D5DB9] INFO  impl.StateMachineUpdater (StateMachineUpdater.java:takeSnapshot(242)) - StateMachineUpdater:e7db1c3f-e23d-40ca-a1db-3f81dcb93f9b:group-E361DC9D5DB9: Took a snapshot at index 4
2019-08-22 01:58:21,091 [StateMachineUpdater:e7db1c3f-e23d-40ca-a1db-3f81dcb93f9b:group-E361DC9D5DB9] INFO  impl.StateMachineUpdater (StateMachineUpdater.java:lambda$new$0(80)) - StateMachineUpdater:e7db1c3f-e23d-40ca-a1db-3f81dcb93f9b:group-E361DC9D5DB9: snapshotIndex: updateIncreasingly -1 -> 4
2019-08-22 01:58:21,091 [ForkJoinPool.commonPool-worker-0] INFO  impl.RaftServerImpl (ServerState.java:close(394)) - 489c3654-cc5c-4faf-8cd1-81b3f3c2ce9e:group-E361DC9D5DB9 closes. The last applied log index is 4
2019-08-22 01:58:21,092 [main] INFO  impl.RaftServerImpl (ServerState.java:close(394)) - e7db1c3f-e23d-40ca-a1db-3f81dcb93f9b:group-E361DC9D5DB9 closes. The last applied log index is 4
2019-08-22 01:58:21,092 [489c3654-cc5c-4faf-8cd1-81b3f3c2ce9e-SegmentedRaftLogWorker:Storage Directory /workdir/hadoop-ozone/integration-test/target/test-dir/MiniOzoneClusterImpl-2261fce3-3b3f-45be-b7bf-e56da5754016/datanode-2/data/ratis/afe22c63-8932-4e82-b5ba-e361dc9d5db9] INFO  segmented.SegmentedRaftLogWorker (SegmentedRaftLogWorker.java:run(313)) - 489c3654-cc5c-4faf-8cd1-81b3f3c2ce9e-SegmentedRaftLogWorker:Storage Directory /workdir/hadoop-ozone/integration-test/target/test-dir/MiniOzoneClusterImpl-2261fce3-3b3f-45be-b7bf-e56da5754016/datanode-2/data/ratis/afe22c63-8932-4e82-b5ba-e361dc9d5db9 was interrupted, exiting. There are 0 tasks remaining in the queue.
2019-08-22 01:58:21,092 [e7db1c3f-e23d-40ca-a1db-3f81dcb93f9b-SegmentedRaftLogWorker:Storage Directory /workdir/hadoop-ozone/integration-test/target/test-dir/MiniOzoneClusterImpl-2261fce3-3b3f-45be-b7bf-e56da5754016/datanode-0/data/ratis/afe22c63-8932-4e82-b5ba-e361dc9d5db9] INFO  segmented.SegmentedRaftLogWorker (SegmentedRaftLogWorker.java:run(313)) - e7db1c3f-e23d-40ca-a1db-3f81dcb93f9b-SegmentedRaftLogWorker:Storage Directory /workdir/hadoop-ozone/integration-test/target/test-dir/MiniOzoneClusterImpl-2261fce3-3b3f-45be-b7bf-e56da5754016/datanode-0/data/ratis/afe22c63-8932-4e82-b5ba-e361dc9d5db9 was interrupted, exiting. There are 0 tasks remaining in the queue.
2019-08-22 01:58:21,095 [ForkJoinPool.commonPool-worker-0] INFO  segmented.SegmentedRaftLogWorker (SegmentedRaftLogWorker.java:close(228)) - 489c3654-cc5c-4faf-8cd1-81b3f3c2ce9e-SegmentedRaftLogWorker:Storage Directory /workdir/hadoop-ozone/integration-test/target/test-dir/MiniOzoneClusterImpl-2261fce3-3b3f-45be-b7bf-e56da5754016/datanode-2/data/ratis/afe22c63-8932-4e82-b5ba-e361dc9d5db9 close()
2019-08-22 01:58:21,095 [main] INFO  segmented.SegmentedRaftLogWorker (SegmentedRaftLogWorker.java:close(228)) - e7db1c3f-e23d-40ca-a1db-3f81dcb93f9b-SegmentedRaftLogWorker:Storage Directory /workdir/hadoop-ozone/integration-test/target/test-dir/MiniOzoneClusterImpl-2261fce3-3b3f-45be-b7bf-e56da5754016/datanode-0/data/ratis/afe22c63-8932-4e82-b5ba-e361dc9d5db9 close()
2019-08-22 01:58:21,098 [ForkJoinPool.commonPool-worker-0] INFO  server.GrpcService (GrpcService.java:closeImpl(155)) - 489c3654-cc5c-4faf-8cd1-81b3f3c2ce9e: shutdown server with port 38884 now
2019-08-22 01:58:21,103 [main] INFO  server.GrpcService (GrpcService.java:closeImpl(155)) - e7db1c3f-e23d-40ca-a1db-3f81dcb93f9b: shutdown server with port 44594 now
2019-08-22 01:58:21,104 [ForkJoinPool.commonPool-worker-0] INFO  server.GrpcService (GrpcService.java:closeImpl(163)) - 489c3654-cc5c-4faf-8cd1-81b3f3c2ce9e: shutdown server with port 38884 successfully
2019-08-22 01:58:21,104 [main] INFO  server.GrpcService (GrpcService.java:closeImpl(163)) - e7db1c3f-e23d-40ca-a1db-3f81dcb93f9b: shutdown server with port 44594 successfully
2019-08-22 01:58:21,107 [ForkJoinPool.commonPool-worker-0] INFO  utils.BackgroundService (BackgroundService.java:shutdown(148)) - Shutting down service BlockDeletingService
2019-08-22 01:58:21,108 [main] INFO  utils.BackgroundService (BackgroundService.java:shutdown(148)) - Shutting down service BlockDeletingService
2019-08-22 01:58:21,109 [refreshUsed-/workdir/hadoop-ozone/integration-test/target/test-dir/MiniOzoneClusterImpl-2261fce3-3b3f-45be-b7bf-e56da5754016/datanode-2/data/containers] WARN  fs.CachingGetSpaceUsed (CachingGetSpaceUsed.java:run(183)) - Thread Interrupted waiting to refresh disk information: sleep interrupted
2019-08-22 01:58:21,111 [refreshUsed-/workdir/hadoop-ozone/integration-test/target/test-dir/MiniOzoneClusterImpl-2261fce3-3b3f-45be-b7bf-e56da5754016/datanode-0/data/containers] WARN  fs.CachingGetSpaceUsed (CachingGetSpaceUsed.java:run(183)) - Thread Interrupted waiting to refresh disk information: sleep interrupted
2019-08-22 01:58:21,131 [main] INFO  statemachine.DatanodeStateMachine (DatanodeStateMachine.java:stopDaemon(395)) - Ozone container server stopped.
2019-08-22 01:58:21,132 [main] INFO  handler.ContextHandler (ContextHandler.java:doStop(910)) - Stopped o.e.j.w.WebAppContext@a47a011{/,null,UNAVAILABLE}{/hddsDatanode}
2019-08-22 01:58:21,136 [ForkJoinPool.commonPool-worker-0] INFO  statemachine.DatanodeStateMachine (DatanodeStateMachine.java:stopDaemon(395)) - Ozone container server stopped.
2019-08-22 01:58:21,140 [main] INFO  server.AbstractConnector (AbstractConnector.java:doStop(318)) - Stopped ServerConnector@6441da2c{HTTP/1.1,[http/1.1]}{0.0.0.0:0}
2019-08-22 01:58:21,141 [ForkJoinPool.commonPool-worker-0] INFO  handler.ContextHandler (ContextHandler.java:doStop(910)) - Stopped o.e.j.w.WebAppContext@35800dea{/,null,UNAVAILABLE}{/hddsDatanode}
2019-08-22 01:58:21,142 | INFO  | SCMAudit | user=jenkins1000 | ip=192.168.34.54 | op=SEND_HEARTBEAT {datanodeUUID=625bdeda-2dd3-41ed-bca6-2cf8ccbfa1a7, command=[]} | ret=SUCCESS |  
2019-08-22 01:58:21,142 [main] INFO  handler.ContextHandler (ContextHandler.java:doStop(910)) - Stopped o.e.j.s.ServletContextHandler@49a0fe14{/static,jar:file:/home/user/.m2/repository/org/apache/hadoop/hadoop-hdds-container-service/0.5.0-SNAPSHOT/hadoop-hdds-container-service-0.5.0-SNAPSHOT.jar!/webapps/static,UNAVAILABLE}
2019-08-22 01:58:21,142 [ForkJoinPool.commonPool-worker-0] INFO  server.AbstractConnector (AbstractConnector.java:doStop(318)) - Stopped ServerConnector@3b4cce5a{HTTP/1.1,[http/1.1]}{0.0.0.0:0}
2019-08-22 01:58:21,142 [main] INFO  handler.ContextHandler (ContextHandler.java:doStop(910)) - Stopped o.e.j.s.ServletContextHandler@6db64abf{/logs,file:///workdir/hadoop-ozone/integration-test/target/log,UNAVAILABLE}
2019-08-22 01:58:21,144 [ForkJoinPool.commonPool-worker-0] INFO  handler.ContextHandler (ContextHandler.java:doStop(910)) - Stopped o.e.j.s.ServletContextHandler@52d625bd{/static,jar:file:/home/user/.m2/repository/org/apache/hadoop/hadoop-hdds-container-service/0.5.0-SNAPSHOT/hadoop-hdds-container-service-0.5.0-SNAPSHOT.jar!/webapps/static,UNAVAILABLE}
2019-08-22 01:58:21,145 [ForkJoinPool.commonPool-worker-0] INFO  handler.ContextHandler (ContextHandler.java:doStop(910)) - Stopped o.e.j.s.ServletContextHandler@35fddea2{/logs,file:///workdir/hadoop-ozone/integration-test/target/log,UNAVAILABLE}
2019-08-22 01:58:21,146 [main] INFO  datanode.ObjectStoreHandler (ObjectStoreHandler.java:close(155)) - Closing ObjectStoreHandler.
2019-08-22 01:58:21,146 [main] INFO  ozone.HddsDatanodeService (HddsDatanodeService.java:stop(451)) - Stopped plug-in org.apache.hadoop.ozone.web.OzoneHddsDatanodeService@3d577add
2019-08-22 01:58:21,146 [ForkJoinPool.commonPool-worker-0] INFO  datanode.ObjectStoreHandler (ObjectStoreHandler.java:close(155)) - Closing ObjectStoreHandler.
2019-08-22 01:58:21,147 [ForkJoinPool.commonPool-worker-0] INFO  ozone.HddsDatanodeService (HddsDatanodeService.java:stop(451)) - Stopped plug-in org.apache.hadoop.ozone.web.OzoneHddsDatanodeService@296ddfc7
2019-08-22 01:58:21,508 [Datanode State Machine Thread - 0] INFO  statemachine.DatanodeStateMachine (DatanodeStateMachine.java:lambda$startDaemon$0(350)) - Ozone container server started.
2019-08-22 01:58:21,588 | INFO  | SCMAudit | user=jenkins1000 | ip=192.168.34.54 | op=SEND_HEARTBEAT {datanodeUUID=fcccdfbe-c34f-4324-a92c-8940ffc9076a, command=[]} | ret=SUCCESS |  
2019-08-22 01:58:22,139 [Datanode State Machine Thread - 0] INFO  statemachine.DatanodeStateMachine (DatanodeStateMachine.java:lambda$startDaemon$0(350)) - Ozone container server started.
2019-08-22 01:58:22,539 [grpc-default-executor-4] WARN  server.GrpcLogAppender (LogUtils.java:warn(134)) - fcccdfbe-c34f-4324-a92c-8940ffc9076a->c9473f95-2b72-4ec6-839c-23a2efec0cdd: Failed appendEntries: org.apache.ratis.thirdparty.io.grpc.StatusRuntimeException: UNAVAILABLE: io exception
2019-08-22 01:58:22,539 [grpc-default-executor-4] INFO  impl.FollowerInfo (FollowerInfo.java:lambda$new$0(50)) - fcccdfbe-c34f-4324-a92c-8940ffc9076a->c9473f95-2b72-4ec6-839c-23a2efec0cdd: nextIndex: updateUnconditionally 13 -> 12
2019-08-22 01:58:22,589 | INFO  | SCMAudit | user=jenkins1000 | ip=192.168.34.54 | op=SEND_HEARTBEAT {datanodeUUID=fcccdfbe-c34f-4324-a92c-8940ffc9076a, command=[]} | ret=SUCCESS |  
2019-08-22 01:58:23,588 | INFO  | SCMAudit | user=jenkins1000 | ip=192.168.34.54 | op=SEND_HEARTBEAT {datanodeUUID=fcccdfbe-c34f-4324-a92c-8940ffc9076a, command=[]} | ret=SUCCESS |  
2019-08-22 01:58:24,589 | INFO  | SCMAudit | user=jenkins1000 | ip=192.168.34.54 | op=SEND_HEARTBEAT {datanodeUUID=fcccdfbe-c34f-4324-a92c-8940ffc9076a, command=[]} | ret=SUCCESS |  
2019-08-22 01:58:25,040 [grpc-default-executor-5] WARN  server.GrpcLogAppender (LogUtils.java:warn(134)) - fcccdfbe-c34f-4324-a92c-8940ffc9076a->c9473f95-2b72-4ec6-839c-23a2efec0cdd: Failed appendEntries: org.apache.ratis.thirdparty.io.grpc.StatusRuntimeException: UNAVAILABLE: io exception
2019-08-22 01:58:25,040 [grpc-default-executor-5] INFO  impl.FollowerInfo (FollowerInfo.java:lambda$new$0(50)) - fcccdfbe-c34f-4324-a92c-8940ffc9076a->c9473f95-2b72-4ec6-839c-23a2efec0cdd: nextIndex: updateUnconditionally 12 -> 11
2019-08-22 01:58:25,515 [EventQueue-StaleNodeForStaleNodeHandler] INFO  node.StaleNodeHandler (StaleNodeHandler.java:onMessage(58)) - Datanode f058baaf-af82-4783-b3d7-382a54c54b25{ip: 192.168.34.54, host: pr-hdds-1998-jt8wz-3050591487, networkLocation: /default-rack, certSerialId: null} moved to stale state. Finalizing its pipelines [PipelineID=bcbab3cb-ba76-4d04-9992-97dc4dcb0e9e, PipelineID=c29e6fdc-c4e1-45ff-bce5-ea5cc32fe9f4]
2019-08-22 01:58:25,515 [EventQueue-StaleNodeForStaleNodeHandler] INFO  pipeline.SCMPipelineManager (SCMPipelineManager.java:finalizeAndDestroyPipeline(309)) - destroying pipeline:Pipeline[ Id: bcbab3cb-ba76-4d04-9992-97dc4dcb0e9e, Nodes: f058baaf-af82-4783-b3d7-382a54c54b25{ip: 192.168.34.54, host: pr-hdds-1998-jt8wz-3050591487, networkLocation: /default-rack, certSerialId: null}, Type:RATIS, Factor:ONE, State:OPEN]
2019-08-22 01:58:25,516 [EventQueue-StaleNodeForStaleNodeHandler] INFO  pipeline.PipelineStateManager (PipelineStateManager.java:finalizePipeline(123)) - Pipeline Pipeline[ Id: bcbab3cb-ba76-4d04-9992-97dc4dcb0e9e, Nodes: f058baaf-af82-4783-b3d7-382a54c54b25{ip: 192.168.34.54, host: pr-hdds-1998-jt8wz-3050591487, networkLocation: /default-rack, certSerialId: null}, Type:RATIS, Factor:ONE, State:CLOSED] moved to CLOSED state
2019-08-22 01:58:25,516 [EventQueue-StaleNodeForStaleNodeHandler] INFO  pipeline.SCMPipelineManager (SCMPipelineManager.java:finalizeAndDestroyPipeline(309)) - destroying pipeline:Pipeline[ Id: c29e6fdc-c4e1-45ff-bce5-ea5cc32fe9f4, Nodes: fcccdfbe-c34f-4324-a92c-8940ffc9076a{ip: 192.168.34.54, host: pr-hdds-1998-jt8wz-3050591487, networkLocation: /default-rack, certSerialId: null}c9473f95-2b72-4ec6-839c-23a2efec0cdd{ip: 192.168.34.54, host: pr-hdds-1998-jt8wz-3050591487, networkLocation: /default-rack, certSerialId: null}f058baaf-af82-4783-b3d7-382a54c54b25{ip: 192.168.34.54, host: pr-hdds-1998-jt8wz-3050591487, networkLocation: /default-rack, certSerialId: null}, Type:RATIS, Factor:THREE, State:CLOSED]
2019-08-22 01:58:25,588 | INFO  | SCMAudit | user=jenkins1000 | ip=192.168.34.54 | op=SEND_HEARTBEAT {datanodeUUID=fcccdfbe-c34f-4324-a92c-8940ffc9076a, command=[]} | ret=SUCCESS |  
2019-08-22 01:58:26,147 [main] INFO  ozoneimpl.OzoneContainer (OzoneContainer.java:stop(199)) - Attempting to stop container services.
2019-08-22 01:58:26,147 [ForkJoinPool.commonPool-worker-0] INFO  ozoneimpl.OzoneContainer (OzoneContainer.java:stop(199)) - Attempting to stop container services.
2019-08-22 01:58:26,148 [main] INFO  impl.RaftServerProxy (RaftServerProxy.java:lambda$close$4(314)) - 625bdeda-2dd3-41ed-bca6-2cf8ccbfa1a7: close
2019-08-22 01:58:26,148 [ForkJoinPool.commonPool-worker-0] INFO  impl.RaftServerProxy (RaftServerProxy.java:lambda$close$4(314)) - f058baaf-af82-4783-b3d7-382a54c54b25: close
2019-08-22 01:58:26,148 [main] INFO  impl.RaftServerImpl (RaftServerImpl.java:lambda$shutdown$3(245)) - 625bdeda-2dd3-41ed-bca6-2cf8ccbfa1a7: shutdown group-DB81A89052EC
2019-08-22 01:58:26,149 [ForkJoinPool.commonPool-worker-0] INFO  impl.RaftServerImpl (RaftServerImpl.java:lambda$shutdown$3(245)) - f058baaf-af82-4783-b3d7-382a54c54b25: shutdown group-97DC4DCB0E9E
2019-08-22 01:58:26,149 [main] INFO  util.JmxRegister (JmxRegister.java:unregister(73)) - Successfully un-registered JMX Bean with object name Ratis:service=RaftServer,group=group-DB81A89052EC,id=625bdeda-2dd3-41ed-bca6-2cf8ccbfa1a7
2019-08-22 01:58:26,149 [ForkJoinPool.commonPool-worker-0] INFO  util.JmxRegister (JmxRegister.java:unregister(73)) - Successfully un-registered JMX Bean with object name Ratis:service=RaftServer,group=group-97DC4DCB0E9E,id=f058baaf-af82-4783-b3d7-382a54c54b25
2019-08-22 01:58:26,150 [main] INFO  impl.RoleInfo (RoleInfo.java:shutdownLeaderState(104)) - 625bdeda-2dd3-41ed-bca6-2cf8ccbfa1a7: shutdown LeaderState
2019-08-22 01:58:26,150 [ForkJoinPool.commonPool-worker-0] INFO  impl.RoleInfo (RoleInfo.java:shutdownLeaderState(104)) - f058baaf-af82-4783-b3d7-382a54c54b25: shutdown LeaderState
2019-08-22 01:58:26,151 [main] INFO  impl.PendingRequests (PendingRequests.java:sendNotLeaderResponses(202)) - 625bdeda-2dd3-41ed-bca6-2cf8ccbfa1a7-PendingRequests: sendNotLeaderResponses
2019-08-22 01:58:26,151 [ForkJoinPool.commonPool-worker-0] INFO  impl.PendingRequests (PendingRequests.java:sendNotLeaderResponses(202)) - f058baaf-af82-4783-b3d7-382a54c54b25-PendingRequests: sendNotLeaderResponses
2019-08-22 01:58:26,151 [main] INFO  impl.StateMachineUpdater (StateMachineUpdater.java:stopAndJoin(115)) - StateMachineUpdater:625bdeda-2dd3-41ed-bca6-2cf8ccbfa1a7:group-DB81A89052EC: set stopIndex = 0
2019-08-22 01:58:26,152 [main] INFO  impl.RaftServerImpl (ServerState.java:close(394)) - 625bdeda-2dd3-41ed-bca6-2cf8ccbfa1a7:group-DB81A89052EC closes. The last applied log index is 0
2019-08-22 01:58:26,152 [ForkJoinPool.commonPool-worker-0] INFO  impl.StateMachineUpdater (StateMachineUpdater.java:stopAndJoin(115)) - StateMachineUpdater:f058baaf-af82-4783-b3d7-382a54c54b25:group-97DC4DCB0E9E: set stopIndex = 0
2019-08-22 01:58:26,153 [625bdeda-2dd3-41ed-bca6-2cf8ccbfa1a7-SegmentedRaftLogWorker:Storage Directory /workdir/hadoop-ozone/integration-test/target/test-dir/MiniOzoneClusterImpl-2261fce3-3b3f-45be-b7bf-e56da5754016/datanode-6/data/ratis/a6cfa20d-5180-4e3d-9558-db81a89052ec] INFO  segmented.SegmentedRaftLogWorker (SegmentedRaftLogWorker.java:run(313)) - 625bdeda-2dd3-41ed-bca6-2cf8ccbfa1a7-SegmentedRaftLogWorker:Storage Directory /workdir/hadoop-ozone/integration-test/target/test-dir/MiniOzoneClusterImpl-2261fce3-3b3f-45be-b7bf-e56da5754016/datanode-6/data/ratis/a6cfa20d-5180-4e3d-9558-db81a89052ec was interrupted, exiting. There are 0 tasks remaining in the queue.
2019-08-22 01:58:26,153 [ForkJoinPool.commonPool-worker-0] INFO  impl.RaftServerImpl (ServerState.java:close(394)) - f058baaf-af82-4783-b3d7-382a54c54b25:group-97DC4DCB0E9E closes. The last applied log index is 0
2019-08-22 01:58:26,156 [f058baaf-af82-4783-b3d7-382a54c54b25-SegmentedRaftLogWorker:Storage Directory /workdir/hadoop-ozone/integration-test/target/test-dir/MiniOzoneClusterImpl-2261fce3-3b3f-45be-b7bf-e56da5754016/datanode-3/data/ratis/bcbab3cb-ba76-4d04-9992-97dc4dcb0e9e] INFO  segmented.SegmentedRaftLogWorker (SegmentedRaftLogWorker.java:run(313)) - f058baaf-af82-4783-b3d7-382a54c54b25-SegmentedRaftLogWorker:Storage Directory /workdir/hadoop-ozone/integration-test/target/test-dir/MiniOzoneClusterImpl-2261fce3-3b3f-45be-b7bf-e56da5754016/datanode-3/data/ratis/bcbab3cb-ba76-4d04-9992-97dc4dcb0e9e was interrupted, exiting. There are 0 tasks remaining in the queue.
2019-08-22 01:58:26,157 [main] INFO  segmented.SegmentedRaftLogWorker (SegmentedRaftLogWorker.java:close(228)) - 625bdeda-2dd3-41ed-bca6-2cf8ccbfa1a7-SegmentedRaftLogWorker:Storage Directory /workdir/hadoop-ozone/integration-test/target/test-dir/MiniOzoneClusterImpl-2261fce3-3b3f-45be-b7bf-e56da5754016/datanode-6/data/ratis/a6cfa20d-5180-4e3d-9558-db81a89052ec close()
2019-08-22 01:58:26,161 [main] INFO  server.GrpcService (GrpcService.java:closeImpl(155)) - 625bdeda-2dd3-41ed-bca6-2cf8ccbfa1a7: shutdown server with port 39183 now
2019-08-22 01:58:26,169 [ForkJoinPool.commonPool-worker-0] INFO  segmented.SegmentedRaftLogWorker (SegmentedRaftLogWorker.java:close(228)) - f058baaf-af82-4783-b3d7-382a54c54b25-SegmentedRaftLogWorker:Storage Directory /workdir/hadoop-ozone/integration-test/target/test-dir/MiniOzoneClusterImpl-2261fce3-3b3f-45be-b7bf-e56da5754016/datanode-3/data/ratis/bcbab3cb-ba76-4d04-9992-97dc4dcb0e9e close()
2019-08-22 01:58:26,169 [main] INFO  server.GrpcService (GrpcService.java:closeImpl(163)) - 625bdeda-2dd3-41ed-bca6-2cf8ccbfa1a7: shutdown server with port 39183 successfully
2019-08-22 01:58:26,176 [ForkJoinPool.commonPool-worker-0] INFO  impl.RaftServerImpl (RaftServerImpl.java:lambda$shutdown$3(245)) - f058baaf-af82-4783-b3d7-382a54c54b25: shutdown group-EA5CC32FE9F4
2019-08-22 01:58:26,177 [ForkJoinPool.commonPool-worker-0] INFO  util.JmxRegister (JmxRegister.java:unregister(73)) - Successfully un-registered JMX Bean with object name Ratis:service=RaftServer,group=group-EA5CC32FE9F4,id=f058baaf-af82-4783-b3d7-382a54c54b25
2019-08-22 01:58:26,177 [ForkJoinPool.commonPool-worker-0] INFO  impl.RoleInfo (RoleInfo.java:shutdownFollowerState(121)) - f058baaf-af82-4783-b3d7-382a54c54b25: shutdown FollowerState
2019-08-22 01:58:26,178 [ForkJoinPool.commonPool-worker-0] INFO  impl.StateMachineUpdater (StateMachineUpdater.java:stopAndJoin(115)) - StateMachineUpdater:f058baaf-af82-4783-b3d7-382a54c54b25:group-EA5CC32FE9F4: set stopIndex = 17
2019-08-22 01:58:26,178 [main] INFO  utils.BackgroundService (BackgroundService.java:shutdown(148)) - Shutting down service BlockDeletingService
2019-08-22 01:58:26,178 [Thread-3343] INFO  impl.FollowerState (FollowerState.java:run(114)) - f058baaf-af82-4783-b3d7-382a54c54b25: FollowerState was interrupted: java.lang.InterruptedException: sleep interrupted
2019-08-22 01:58:26,178 [StateMachineUpdater:f058baaf-af82-4783-b3d7-382a54c54b25:group-EA5CC32FE9F4] INFO  ratis.ContainerStateMachine (ContainerStateMachine.java:takeSnapshot(283)) - group-EA5CC32FE9F4: Taking a snapshot at:(t:1, i:12) file /workdir/hadoop-ozone/integration-test/target/test-dir/MiniOzoneClusterImpl-2261fce3-3b3f-45be-b7bf-e56da5754016/datanode-3/data/ratis/c29e6fdc-c4e1-45ff-bce5-ea5cc32fe9f4/sm/snapshot.1_12
2019-08-22 01:58:26,184 [refreshUsed-/workdir/hadoop-ozone/integration-test/target/test-dir/MiniOzoneClusterImpl-2261fce3-3b3f-45be-b7bf-e56da5754016/datanode-6/data/containers] WARN  fs.CachingGetSpaceUsed (CachingGetSpaceUsed.java:run(183)) - Thread Interrupted waiting to refresh disk information: sleep interrupted
2019-08-22 01:58:26,194 [StateMachineUpdater:f058baaf-af82-4783-b3d7-382a54c54b25:group-EA5CC32FE9F4] INFO  ratis.ContainerStateMachine (ContainerStateMachine.java:takeSnapshot(294)) - group-EA5CC32FE9F4: Finished taking a snapshot at:(t:1, i:12) file:/workdir/hadoop-ozone/integration-test/target/test-dir/MiniOzoneClusterImpl-2261fce3-3b3f-45be-b7bf-e56da5754016/datanode-3/data/ratis/c29e6fdc-c4e1-45ff-bce5-ea5cc32fe9f4/sm/snapshot.1_12 time:16
2019-08-22 01:58:26,194 [StateMachineUpdater:f058baaf-af82-4783-b3d7-382a54c54b25:group-EA5CC32FE9F4] INFO  impl.StateMachineUpdater (StateMachineUpdater.java:takeSnapshot(242)) - StateMachineUpdater:f058baaf-af82-4783-b3d7-382a54c54b25:group-EA5CC32FE9F4: Took a snapshot at index 12
2019-08-22 01:58:26,194 [StateMachineUpdater:f058baaf-af82-4783-b3d7-382a54c54b25:group-EA5CC32FE9F4] INFO  impl.StateMachineUpdater (StateMachineUpdater.java:lambda$new$0(80)) - StateMachineUpdater:f058baaf-af82-4783-b3d7-382a54c54b25:group-EA5CC32FE9F4: snapshotIndex: updateIncreasingly -1 -> 12
2019-08-22 01:58:26,194 [ForkJoinPool.commonPool-worker-0] INFO  impl.RaftServerImpl (ServerState.java:close(394)) - f058baaf-af82-4783-b3d7-382a54c54b25:group-EA5CC32FE9F4 closes. The last applied log index is 17
2019-08-22 01:58:26,195 [f058baaf-af82-4783-b3d7-382a54c54b25-SegmentedRaftLogWorker:Storage Directory /workdir/hadoop-ozone/integration-test/target/test-dir/MiniOzoneClusterImpl-2261fce3-3b3f-45be-b7bf-e56da5754016/datanode-3/data/ratis/c29e6fdc-c4e1-45ff-bce5-ea5cc32fe9f4] INFO  segmented.SegmentedRaftLogWorker (SegmentedRaftLogWorker.java:run(313)) - f058baaf-af82-4783-b3d7-382a54c54b25-SegmentedRaftLogWorker:Storage Directory /workdir/hadoop-ozone/integration-test/target/test-dir/MiniOzoneClusterImpl-2261fce3-3b3f-45be-b7bf-e56da5754016/datanode-3/data/ratis/c29e6fdc-c4e1-45ff-bce5-ea5cc32fe9f4 was interrupted, exiting. There are 0 tasks remaining in the queue.
2019-08-22 01:58:26,195 [ForkJoinPool.commonPool-worker-0] INFO  segmented.SegmentedRaftLogWorker (SegmentedRaftLogWorker.java:close(228)) - f058baaf-af82-4783-b3d7-382a54c54b25-SegmentedRaftLogWorker:Storage Directory /workdir/hadoop-ozone/integration-test/target/test-dir/MiniOzoneClusterImpl-2261fce3-3b3f-45be-b7bf-e56da5754016/datanode-3/data/ratis/c29e6fdc-c4e1-45ff-bce5-ea5cc32fe9f4 close()
2019-08-22 01:58:26,199 [ForkJoinPool.commonPool-worker-0] INFO  server.GrpcService (GrpcService.java:closeImpl(155)) - f058baaf-af82-4783-b3d7-382a54c54b25: shutdown server with port 38684 now
2019-08-22 01:58:26,201 [main] INFO  statemachine.DatanodeStateMachine (DatanodeStateMachine.java:stopDaemon(395)) - Ozone container server stopped.
2019-08-22 01:58:26,201 [grpc-default-executor-4] WARN  server.GrpcServerProtocolService (LogUtils.java:warn(134)) - f058baaf-af82-4783-b3d7-382a54c54b25: appendEntries onError: org.apache.ratis.thirdparty.io.grpc.StatusRuntimeException: CANCELLED: cancelled before receiving half close
2019-08-22 01:58:26,202 [ForkJoinPool.commonPool-worker-0] INFO  server.GrpcService (GrpcService.java:closeImpl(163)) - f058baaf-af82-4783-b3d7-382a54c54b25: shutdown server with port 38684 successfully
2019-08-22 01:58:26,202 [grpc-default-executor-5] WARN  server.GrpcLogAppender (LogUtils.java:warn(134)) - fcccdfbe-c34f-4324-a92c-8940ffc9076a->f058baaf-af82-4783-b3d7-382a54c54b25: Failed appendEntries: org.apache.ratis.thirdparty.io.grpc.StatusRuntimeException: CANCELLED: HTTP/2 error code: CANCEL
Received Rst Stream
2019-08-22 01:58:26,202 [main] INFO  handler.ContextHandler (ContextHandler.java:doStop(910)) - Stopped o.e.j.w.WebAppContext@372153eb{/,null,UNAVAILABLE}{/hddsDatanode}
2019-08-22 01:58:26,203 [grpc-default-executor-5] INFO  impl.FollowerInfo (FollowerInfo.java:lambda$new$0(50)) - fcccdfbe-c34f-4324-a92c-8940ffc9076a->f058baaf-af82-4783-b3d7-382a54c54b25: nextIndex: updateUnconditionally 18 -> 17
2019-08-22 01:58:26,203 [ForkJoinPool.commonPool-worker-0] INFO  utils.BackgroundService (BackgroundService.java:shutdown(148)) - Shutting down service BlockDeletingService
2019-08-22 01:58:26,205 [main] INFO  server.AbstractConnector (AbstractConnector.java:doStop(318)) - Stopped ServerConnector@42e20500{HTTP/1.1,[http/1.1]}{0.0.0.0:0}
2019-08-22 01:58:26,205 [main] INFO  handler.ContextHandler (ContextHandler.java:doStop(910)) - Stopped o.e.j.s.ServletContextHandler@504ccf42{/static,jar:file:/home/user/.m2/repository/org/apache/hadoop/hadoop-hdds-container-service/0.5.0-SNAPSHOT/hadoop-hdds-container-service-0.5.0-SNAPSHOT.jar!/webapps/static,UNAVAILABLE}
2019-08-22 01:58:26,206 [main] INFO  handler.ContextHandler (ContextHandler.java:doStop(910)) - Stopped o.e.j.s.ServletContextHandler@cc41d2d{/logs,file:///workdir/hadoop-ozone/integration-test/target/log,UNAVAILABLE}
2019-08-22 01:58:26,207 [refreshUsed-/workdir/hadoop-ozone/integration-test/target/test-dir/MiniOzoneClusterImpl-2261fce3-3b3f-45be-b7bf-e56da5754016/datanode-3/data/containers] WARN  fs.CachingGetSpaceUsed (CachingGetSpaceUsed.java:run(183)) - Thread Interrupted waiting to refresh disk information: sleep interrupted
2019-08-22 01:58:26,209 [main] INFO  datanode.ObjectStoreHandler (ObjectStoreHandler.java:close(155)) - Closing ObjectStoreHandler.
2019-08-22 01:58:26,209 [main] INFO  ozone.HddsDatanodeService (HddsDatanodeService.java:stop(451)) - Stopped plug-in org.apache.hadoop.ozone.web.OzoneHddsDatanodeService@d436e51
2019-08-22 01:58:26,216 [EventQueue-StaleNodeForStaleNodeHandler] INFO  node.StaleNodeHandler (StaleNodeHandler.java:onMessage(58)) - Datanode 625bdeda-2dd3-41ed-bca6-2cf8ccbfa1a7{ip: 192.168.34.54, host: pr-hdds-1998-jt8wz-3050591487, networkLocation: /default-rack, certSerialId: null} moved to stale state. Finalizing its pipelines [PipelineID=a6cfa20d-5180-4e3d-9558-db81a89052ec]
2019-08-22 01:58:26,216 [EventQueue-StaleNodeForStaleNodeHandler] INFO  pipeline.SCMPipelineManager (SCMPipelineManager.java:finalizeAndDestroyPipeline(309)) - destroying pipeline:Pipeline[ Id: a6cfa20d-5180-4e3d-9558-db81a89052ec, Nodes: 625bdeda-2dd3-41ed-bca6-2cf8ccbfa1a7{ip: 192.168.34.54, host: pr-hdds-1998-jt8wz-3050591487, networkLocation: /default-rack, certSerialId: null}, Type:RATIS, Factor:ONE, State:OPEN]
2019-08-22 01:58:26,216 [EventQueue-StaleNodeForStaleNodeHandler] INFO  pipeline.PipelineStateManager (PipelineStateManager.java:finalizePipeline(123)) - Pipeline Pipeline[ Id: a6cfa20d-5180-4e3d-9558-db81a89052ec, Nodes: 625bdeda-2dd3-41ed-bca6-2cf8ccbfa1a7{ip: 192.168.34.54, host: pr-hdds-1998-jt8wz-3050591487, networkLocation: /default-rack, certSerialId: null}, Type:RATIS, Factor:ONE, State:CLOSED] moved to CLOSED state
2019-08-22 01:58:26,224 [ForkJoinPool.commonPool-worker-0] INFO  statemachine.DatanodeStateMachine (DatanodeStateMachine.java:stopDaemon(395)) - Ozone container server stopped.
2019-08-22 01:58:26,227 [ForkJoinPool.commonPool-worker-0] INFO  handler.ContextHandler (ContextHandler.java:doStop(910)) - Stopped o.e.j.w.WebAppContext@209ab1d7{/,null,UNAVAILABLE}{/hddsDatanode}
2019-08-22 01:58:26,228 [ForkJoinPool.commonPool-worker-0] INFO  server.AbstractConnector (AbstractConnector.java:doStop(318)) - Stopped ServerConnector@7937f96e{HTTP/1.1,[http/1.1]}{0.0.0.0:0}
2019-08-22 01:58:26,229 [ForkJoinPool.commonPool-worker-0] INFO  handler.ContextHandler (ContextHandler.java:doStop(910)) - Stopped o.e.j.s.ServletContextHandler@63513c1c{/static,jar:file:/home/user/.m2/repository/org/apache/hadoop/hadoop-hdds-container-service/0.5.0-SNAPSHOT/hadoop-hdds-container-service-0.5.0-SNAPSHOT.jar!/webapps/static,UNAVAILABLE}
2019-08-22 01:58:26,230 [ForkJoinPool.commonPool-worker-0] INFO  handler.ContextHandler (ContextHandler.java:doStop(910)) - Stopped o.e.j.s.ServletContextHandler@1bad5ab3{/logs,file:///workdir/hadoop-ozone/integration-test/target/log,UNAVAILABLE}
2019-08-22 01:58:26,232 | INFO  | DNAudit | user=null | ip=null | op=PUT_BLOCK {blockData=[blockId=conID: 1 locID: 102658151690076174 bcsId: 0,size=450]} | ret=SUCCESS |  
2019-08-22 01:58:26,290 [RatisApplyTransactionExecutor 1] INFO  interfaces.Container (KeyValueContainer.java:compactDB(356)) - Container 1 is closed with bcsId 13.
2019-08-22 01:58:26,290 | INFO  | DNAudit | user=null | ip=null | op=CLOSE_CONTAINER {containerID=1} | ret=SUCCESS |  
2019-08-22 01:58:26,588 [Datanode State Machine Thread - 0] INFO  statemachine.DatanodeStateMachine (DatanodeStateMachine.java:lambda$startDaemon$0(350)) - Ozone container server started.
2019-08-22 01:58:27,540 [grpc-default-executor-5] WARN  server.GrpcLogAppender (LogUtils.java:warn(134)) - fcccdfbe-c34f-4324-a92c-8940ffc9076a->c9473f95-2b72-4ec6-839c-23a2efec0cdd: Failed appendEntries: org.apache.ratis.thirdparty.io.grpc.StatusRuntimeException: UNAVAILABLE: io exception
2019-08-22 01:58:27,541 [grpc-default-executor-5] INFO  impl.FollowerInfo (FollowerInfo.java:lambda$new$0(50)) - fcccdfbe-c34f-4324-a92c-8940ffc9076a->c9473f95-2b72-4ec6-839c-23a2efec0cdd: nextIndex: updateUnconditionally 11 -> 10
2019-08-22 01:58:27,543 [grpc-default-executor-5] WARN  server.GrpcLogAppender (LogUtils.java:warn(134)) - fcccdfbe-c34f-4324-a92c-8940ffc9076a->f058baaf-af82-4783-b3d7-382a54c54b25: Failed appendEntries: org.apache.ratis.thirdparty.io.grpc.StatusRuntimeException: UNAVAILABLE: io exception
2019-08-22 01:58:27,544 [grpc-default-executor-5] INFO  impl.FollowerInfo (FollowerInfo.java:lambda$new$0(50)) - fcccdfbe-c34f-4324-a92c-8940ffc9076a->f058baaf-af82-4783-b3d7-382a54c54b25: nextIndex: updateUnconditionally 17 -> 16
2019-08-22 01:58:30,041 [grpc-default-executor-6] WARN  server.GrpcLogAppender (LogUtils.java:warn(134)) - fcccdfbe-c34f-4324-a92c-8940ffc9076a->c9473f95-2b72-4ec6-839c-23a2efec0cdd: Failed appendEntries: org.apache.ratis.thirdparty.io.grpc.StatusRuntimeException: UNAVAILABLE: io exception
2019-08-22 01:58:30,041 [grpc-default-executor-6] INFO  impl.FollowerInfo (FollowerInfo.java:lambda$new$0(50)) - fcccdfbe-c34f-4324-a92c-8940ffc9076a->c9473f95-2b72-4ec6-839c-23a2efec0cdd: nextIndex: updateUnconditionally 10 -> 9
2019-08-22 01:58:30,044 [grpc-default-executor-6] WARN  server.GrpcLogAppender (LogUtils.java:warn(134)) - fcccdfbe-c34f-4324-a92c-8940ffc9076a->f058baaf-af82-4783-b3d7-382a54c54b25: Failed appendEntries: org.apache.ratis.thirdparty.io.grpc.StatusRuntimeException: UNAVAILABLE: io exception
2019-08-22 01:58:30,044 [grpc-default-executor-6] INFO  impl.FollowerInfo (FollowerInfo.java:lambda$new$0(50)) - fcccdfbe-c34f-4324-a92c-8940ffc9076a->f058baaf-af82-4783-b3d7-382a54c54b25: nextIndex: updateUnconditionally 16 -> 15
2019-08-22 01:58:30,622 [EventQueue-StaleNodeForStaleNodeHandler] INFO  node.StaleNodeHandler (StaleNodeHandler.java:onMessage(58)) - Datanode fcccdfbe-c34f-4324-a92c-8940ffc9076a{ip: 192.168.34.54, host: pr-hdds-1998-jt8wz-3050591487, networkLocation: /default-rack, certSerialId: null} moved to stale state. Finalizing its pipelines [PipelineID=c29e6fdc-c4e1-45ff-bce5-ea5cc32fe9f4, PipelineID=169d78bf-1d2c-4fb1-bfb7-c1fa9a5a1307]
2019-08-22 01:58:30,623 [EventQueue-StaleNodeForStaleNodeHandler] INFO  pipeline.SCMPipelineManager (SCMPipelineManager.java:finalizeAndDestroyPipeline(309)) - destroying pipeline:Pipeline[ Id: c29e6fdc-c4e1-45ff-bce5-ea5cc32fe9f4, Nodes: fcccdfbe-c34f-4324-a92c-8940ffc9076a{ip: 192.168.34.54, host: pr-hdds-1998-jt8wz-3050591487, networkLocation: /default-rack, certSerialId: null}c9473f95-2b72-4ec6-839c-23a2efec0cdd{ip: 192.168.34.54, host: pr-hdds-1998-jt8wz-3050591487, networkLocation: /default-rack, certSerialId: null}f058baaf-af82-4783-b3d7-382a54c54b25{ip: 192.168.34.54, host: pr-hdds-1998-jt8wz-3050591487, networkLocation: /default-rack, certSerialId: null}, Type:RATIS, Factor:THREE, State:CLOSED]
2019-08-22 01:58:30,623 [EventQueue-StaleNodeForStaleNodeHandler] INFO  pipeline.SCMPipelineManager (SCMPipelineManager.java:finalizeAndDestroyPipeline(309)) - destroying pipeline:Pipeline[ Id: 169d78bf-1d2c-4fb1-bfb7-c1fa9a5a1307, Nodes: fcccdfbe-c34f-4324-a92c-8940ffc9076a{ip: 192.168.34.54, host: pr-hdds-1998-jt8wz-3050591487, networkLocation: /default-rack, certSerialId: null}, Type:RATIS, Factor:ONE, State:OPEN]
2019-08-22 01:58:30,623 [EventQueue-StaleNodeForStaleNodeHandler] INFO  pipeline.PipelineStateManager (PipelineStateManager.java:finalizePipeline(123)) - Pipeline Pipeline[ Id: 169d78bf-1d2c-4fb1-bfb7-c1fa9a5a1307, Nodes: fcccdfbe-c34f-4324-a92c-8940ffc9076a{ip: 192.168.34.54, host: pr-hdds-1998-jt8wz-3050591487, networkLocation: /default-rack, certSerialId: null}, Type:RATIS, Factor:ONE, State:CLOSED] moved to CLOSED state
2019-08-22 01:58:31,211 [main] INFO  ozoneimpl.OzoneContainer (OzoneContainer.java:stop(199)) - Attempting to stop container services.
2019-08-22 01:58:31,211 [main] INFO  impl.RaftServerProxy (RaftServerProxy.java:lambda$close$4(314)) - fcccdfbe-c34f-4324-a92c-8940ffc9076a: close
2019-08-22 01:58:31,212 [main] INFO  impl.RaftServerImpl (RaftServerImpl.java:lambda$shutdown$3(245)) - fcccdfbe-c34f-4324-a92c-8940ffc9076a: shutdown group-EA5CC32FE9F4
2019-08-22 01:58:31,213 [main] INFO  util.JmxRegister (JmxRegister.java:unregister(73)) - Successfully un-registered JMX Bean with object name Ratis:service=RaftServer,group=group-EA5CC32FE9F4,id=fcccdfbe-c34f-4324-a92c-8940ffc9076a
2019-08-22 01:58:31,213 [main] INFO  impl.RoleInfo (RoleInfo.java:shutdownLeaderState(104)) - fcccdfbe-c34f-4324-a92c-8940ffc9076a: shutdown LeaderState
2019-08-22 01:58:31,216 [main] INFO  impl.PendingRequests (PendingRequests.java:sendNotLeaderResponses(202)) - fcccdfbe-c34f-4324-a92c-8940ffc9076a-PendingRequests: sendNotLeaderResponses
2019-08-22 01:58:31,216 [org.apache.ratis.server.impl.LogAppender$AppenderDaemon$$Lambda$470/1305334601@5a6ed11c] WARN  server.GrpcLogAppender (GrpcLogAppender.java:mayWait(143)) - GrpcLogAppender(fcccdfbe-c34f-4324-a92c-8940ffc9076a->c9473f95-2b72-4ec6-839c-23a2efec0cdd): Wait interrupted by java.lang.InterruptedException
2019-08-22 01:58:31,216 [org.apache.ratis.server.impl.LogAppender$AppenderDaemon$$Lambda$470/1305334601@1f6c4c95] WARN  server.GrpcLogAppender (GrpcLogAppender.java:mayWait(143)) - GrpcLogAppender(fcccdfbe-c34f-4324-a92c-8940ffc9076a->f058baaf-af82-4783-b3d7-382a54c54b25): Wait interrupted by java.lang.InterruptedException
2019-08-22 01:58:31,223 [main] INFO  impl.StateMachineUpdater (StateMachineUpdater.java:stopAndJoin(115)) - StateMachineUpdater:fcccdfbe-c34f-4324-a92c-8940ffc9076a:group-EA5CC32FE9F4: set stopIndex = 17
2019-08-22 01:58:31,223 [StateMachineUpdater:fcccdfbe-c34f-4324-a92c-8940ffc9076a:group-EA5CC32FE9F4] INFO  ratis.ContainerStateMachine (ContainerStateMachine.java:takeSnapshot(283)) - group-EA5CC32FE9F4: Taking a snapshot at:(t:1, i:17) file /workdir/hadoop-ozone/integration-test/target/test-dir/MiniOzoneClusterImpl-2261fce3-3b3f-45be-b7bf-e56da5754016/datanode-5/data/ratis/c29e6fdc-c4e1-45ff-bce5-ea5cc32fe9f4/sm/snapshot.1_17
2019-08-22 01:58:31,248 [StateMachineUpdater:fcccdfbe-c34f-4324-a92c-8940ffc9076a:group-EA5CC32FE9F4] INFO  ratis.ContainerStateMachine (ContainerStateMachine.java:takeSnapshot(294)) - group-EA5CC32FE9F4: Finished taking a snapshot at:(t:1, i:17) file:/workdir/hadoop-ozone/integration-test/target/test-dir/MiniOzoneClusterImpl-2261fce3-3b3f-45be-b7bf-e56da5754016/datanode-5/data/ratis/c29e6fdc-c4e1-45ff-bce5-ea5cc32fe9f4/sm/snapshot.1_17 time:25
2019-08-22 01:58:31,248 [StateMachineUpdater:fcccdfbe-c34f-4324-a92c-8940ffc9076a:group-EA5CC32FE9F4] INFO  impl.StateMachineUpdater (StateMachineUpdater.java:takeSnapshot(242)) - StateMachineUpdater:fcccdfbe-c34f-4324-a92c-8940ffc9076a:group-EA5CC32FE9F4: Took a snapshot at index 17
2019-08-22 01:58:31,248 [StateMachineUpdater:fcccdfbe-c34f-4324-a92c-8940ffc9076a:group-EA5CC32FE9F4] INFO  impl.StateMachineUpdater (StateMachineUpdater.java:lambda$new$0(80)) - StateMachineUpdater:fcccdfbe-c34f-4324-a92c-8940ffc9076a:group-EA5CC32FE9F4: snapshotIndex: updateIncreasingly -1 -> 17
2019-08-22 01:58:31,249 [main] INFO  impl.RaftServerImpl (ServerState.java:close(394)) - fcccdfbe-c34f-4324-a92c-8940ffc9076a:group-EA5CC32FE9F4 closes. The last applied log index is 17
2019-08-22 01:58:31,249 [fcccdfbe-c34f-4324-a92c-8940ffc9076a-SegmentedRaftLogWorker:Storage Directory /workdir/hadoop-ozone/integration-test/target/test-dir/MiniOzoneClusterImpl-2261fce3-3b3f-45be-b7bf-e56da5754016/datanode-5/data/ratis/c29e6fdc-c4e1-45ff-bce5-ea5cc32fe9f4] INFO  segmented.SegmentedRaftLogWorker (SegmentedRaftLogWorker.java:run(313)) - fcccdfbe-c34f-4324-a92c-8940ffc9076a-SegmentedRaftLogWorker:Storage Directory /workdir/hadoop-ozone/integration-test/target/test-dir/MiniOzoneClusterImpl-2261fce3-3b3f-45be-b7bf-e56da5754016/datanode-5/data/ratis/c29e6fdc-c4e1-45ff-bce5-ea5cc32fe9f4 was interrupted, exiting. There are 0 tasks remaining in the queue.
2019-08-22 01:58:31,250 [main] INFO  segmented.SegmentedRaftLogWorker (SegmentedRaftLogWorker.java:close(228)) - fcccdfbe-c34f-4324-a92c-8940ffc9076a-SegmentedRaftLogWorker:Storage Directory /workdir/hadoop-ozone/integration-test/target/test-dir/MiniOzoneClusterImpl-2261fce3-3b3f-45be-b7bf-e56da5754016/datanode-5/data/ratis/c29e6fdc-c4e1-45ff-bce5-ea5cc32fe9f4 close()
2019-08-22 01:58:31,251 [main] INFO  impl.RaftServerImpl (RaftServerImpl.java:lambda$shutdown$3(245)) - fcccdfbe-c34f-4324-a92c-8940ffc9076a: shutdown group-C1FA9A5A1307
2019-08-22 01:58:31,252 [main] INFO  util.JmxRegister (JmxRegister.java:unregister(73)) - Successfully un-registered JMX Bean with object name Ratis:service=RaftServer,group=group-C1FA9A5A1307,id=fcccdfbe-c34f-4324-a92c-8940ffc9076a
2019-08-22 01:58:31,252 [main] INFO  impl.RoleInfo (RoleInfo.java:shutdownLeaderState(104)) - fcccdfbe-c34f-4324-a92c-8940ffc9076a: shutdown LeaderState
2019-08-22 01:58:31,253 [main] INFO  impl.PendingRequests (PendingRequests.java:sendNotLeaderResponses(202)) - fcccdfbe-c34f-4324-a92c-8940ffc9076a-PendingRequests: sendNotLeaderResponses
2019-08-22 01:58:31,253 [main] INFO  impl.StateMachineUpdater (StateMachineUpdater.java:stopAndJoin(115)) - StateMachineUpdater:fcccdfbe-c34f-4324-a92c-8940ffc9076a:group-C1FA9A5A1307: set stopIndex = 0
2019-08-22 01:58:31,253 [main] INFO  impl.RaftServerImpl (ServerState.java:close(394)) - fcccdfbe-c34f-4324-a92c-8940ffc9076a:group-C1FA9A5A1307 closes. The last applied log index is 0
2019-08-22 01:58:31,254 [fcccdfbe-c34f-4324-a92c-8940ffc9076a-SegmentedRaftLogWorker:Storage Directory /workdir/hadoop-ozone/integration-test/target/test-dir/MiniOzoneClusterImpl-2261fce3-3b3f-45be-b7bf-e56da5754016/datanode-5/data/ratis/169d78bf-1d2c-4fb1-bfb7-c1fa9a5a1307] INFO  segmented.SegmentedRaftLogWorker (SegmentedRaftLogWorker.java:run(313)) - fcccdfbe-c34f-4324-a92c-8940ffc9076a-SegmentedRaftLogWorker:Storage Directory /workdir/hadoop-ozone/integration-test/target/test-dir/MiniOzoneClusterImpl-2261fce3-3b3f-45be-b7bf-e56da5754016/datanode-5/data/ratis/169d78bf-1d2c-4fb1-bfb7-c1fa9a5a1307 was interrupted, exiting. There are 0 tasks remaining in the queue.
2019-08-22 01:58:31,254 [main] INFO  segmented.SegmentedRaftLogWorker (SegmentedRaftLogWorker.java:close(228)) - fcccdfbe-c34f-4324-a92c-8940ffc9076a-SegmentedRaftLogWorker:Storage Directory /workdir/hadoop-ozone/integration-test/target/test-dir/MiniOzoneClusterImpl-2261fce3-3b3f-45be-b7bf-e56da5754016/datanode-5/data/ratis/169d78bf-1d2c-4fb1-bfb7-c1fa9a5a1307 close()
2019-08-22 01:58:31,256 [main] INFO  server.GrpcService (GrpcService.java:closeImpl(155)) - fcccdfbe-c34f-4324-a92c-8940ffc9076a: shutdown server with port 44996 now
2019-08-22 01:58:31,257 [grpc-default-executor-4] WARN  client.GrpcClientProtocolService (LogUtils.java:warn(134)) - 4-UnorderedRequestStreamObserver4: onError: org.apache.ratis.thirdparty.io.grpc.StatusRuntimeException: CANCELLED: cancelled before receiving half close
2019-08-22 01:58:31,257 [main] INFO  server.GrpcService (GrpcService.java:closeImpl(163)) - fcccdfbe-c34f-4324-a92c-8940ffc9076a: shutdown server with port 44996 successfully
2019-08-22 01:58:31,259 [main] INFO  utils.BackgroundService (BackgroundService.java:shutdown(148)) - Shutting down service BlockDeletingService
2019-08-22 01:58:31,263 [refreshUsed-/workdir/hadoop-ozone/integration-test/target/test-dir/MiniOzoneClusterImpl-2261fce3-3b3f-45be-b7bf-e56da5754016/datanode-5/data/containers] WARN  fs.CachingGetSpaceUsed (CachingGetSpaceUsed.java:run(183)) - Thread Interrupted waiting to refresh disk information: sleep interrupted
2019-08-22 01:58:31,284 [main] INFO  statemachine.DatanodeStateMachine (DatanodeStateMachine.java:stopDaemon(395)) - Ozone container server stopped.
2019-08-22 01:58:31,285 [main] INFO  handler.ContextHandler (ContextHandler.java:doStop(910)) - Stopped o.e.j.w.WebAppContext@3bd552f7{/,null,UNAVAILABLE}{/hddsDatanode}
2019-08-22 01:58:31,286 [main] INFO  server.AbstractConnector (AbstractConnector.java:doStop(318)) - Stopped ServerConnector@ba4c99c{HTTP/1.1,[http/1.1]}{0.0.0.0:0}
2019-08-22 01:58:31,286 [main] INFO  handler.ContextHandler (ContextHandler.java:doStop(910)) - Stopped o.e.j.s.ServletContextHandler@7f1581bb{/static,jar:file:/home/user/.m2/repository/org/apache/hadoop/hadoop-hdds-container-service/0.5.0-SNAPSHOT/hadoop-hdds-container-service-0.5.0-SNAPSHOT.jar!/webapps/static,UNAVAILABLE}
2019-08-22 01:58:31,287 [main] INFO  handler.ContextHandler (ContextHandler.java:doStop(910)) - Stopped o.e.j.s.ServletContextHandler@4f1a4d61{/logs,file:///workdir/hadoop-ozone/integration-test/target/log,UNAVAILABLE}
2019-08-22 01:58:31,288 [main] INFO  ozone.MiniOzoneClusterImpl (MiniOzoneClusterImpl.java:stop(353)) - Stopping the StorageContainerManager
2019-08-22 01:58:31,288 [main] INFO  server.StorageContainerManager (StorageContainerManager.java:stop(797)) - Stopping Replication Manager Service.
2019-08-22 01:58:31,288 [main] INFO  container.ReplicationManager (ReplicationManager.java:stop(193)) - Stopping Replication Monitor Thread.
2019-08-22 01:58:31,288 [main] INFO  server.StorageContainerManager (StorageContainerManager.java:stop(804)) - Stopping Lease Manager of the command watchers
2019-08-22 01:58:31,289 [main] INFO  server.StorageContainerManager (StorageContainerManager.java:stop(811)) - Stopping datanode service RPC server
2019-08-22 01:58:31,289 [main] INFO  server.SCMDatanodeProtocolServer (SCMDatanodeProtocolServer.java:stop(367)) - Stopping the RPC server for DataNodes
2019-08-22 01:58:31,289 [main] INFO  ipc.Server (Server.java:stop(3082)) - Stopping server on 41501
2019-08-22 01:58:31,292 [IPC Server listener on 41501] INFO  ipc.Server (Server.java:run(1185)) - Stopping IPC Server listener on 41501
2019-08-22 01:58:31,293 [IPC Server Responder] INFO  ipc.Server (Server.java:run(1319)) - Stopping IPC Server Responder
2019-08-22 01:58:31,323 [SCM Heartbeat Processing Thread - 0] WARN  node.NodeStateManager (NodeStateManager.java:scheduleNextHealthCheck(646)) - Current Thread is interrupted, shutting down HB processing thread for Node Manager.
2019-08-22 01:58:31,323 [main] INFO  server.StorageContainerManager (StorageContainerManager.java:stop(819)) - Stopping block service RPC server
2019-08-22 01:58:31,324 [main] INFO  server.SCMBlockProtocolServer (SCMBlockProtocolServer.java:stop(148)) - Stopping the RPC server for Block Protocol
2019-08-22 01:58:31,324 [main] INFO  ipc.Server (Server.java:stop(3082)) - Stopping server on 40792
2019-08-22 01:58:31,326 [main] INFO  server.StorageContainerManager (StorageContainerManager.java:stop(826)) - Stopping the StorageContainerLocationProtocol RPC server
2019-08-22 01:58:31,327 [main] INFO  server.SCMClientProtocolServer (SCMClientProtocolServer.java:stop(159)) - Stopping the RPC server for Client Protocol
2019-08-22 01:58:31,327 [IPC Server Responder] INFO  ipc.Server (Server.java:run(1319)) - Stopping IPC Server Responder
2019-08-22 01:58:31,327 [IPC Server listener on 40792] INFO  ipc.Server (Server.java:run(1185)) - Stopping IPC Server listener on 40792
2019-08-22 01:58:31,327 [main] INFO  ipc.Server (Server.java:stop(3082)) - Stopping server on 45257
2019-08-22 01:58:31,330 [main] INFO  server.StorageContainerManager (StorageContainerManager.java:stop(833)) - Stopping Storage Container Manager HTTP server.
2019-08-22 01:58:31,331 [IPC Server listener on 45257] INFO  ipc.Server (Server.java:run(1185)) - Stopping IPC Server listener on 45257
2019-08-22 01:58:31,331 [IPC Server Responder] INFO  ipc.Server (Server.java:run(1319)) - Stopping IPC Server Responder
2019-08-22 01:58:31,333 [main] INFO  handler.ContextHandler (ContextHandler.java:doStop(910)) - Stopped o.e.j.w.WebAppContext@4a10e65b{/,null,UNAVAILABLE}{/scm}
2019-08-22 01:58:31,334 [main] INFO  server.AbstractConnector (AbstractConnector.java:doStop(318)) - Stopped ServerConnector@311eb725{HTTP/1.1,[http/1.1]}{0.0.0.0:0}
2019-08-22 01:58:31,334 [main] INFO  handler.ContextHandler (ContextHandler.java:doStop(910)) - Stopped o.e.j.s.ServletContextHandler@739500b8{/static,file:///workdir/hadoop-ozone/integration-test/target/test-classes/webapps/static,UNAVAILABLE}
2019-08-22 01:58:31,335 [main] INFO  handler.ContextHandler (ContextHandler.java:doStop(910)) - Stopped o.e.j.s.ServletContextHandler@454f6cc5{/logs,file:///workdir/hadoop-ozone/integration-test/target/log,UNAVAILABLE}
2019-08-22 01:58:31,336 [main] INFO  server.StorageContainerManager (StorageContainerManager.java:stop(844)) - Stopping Block Manager Service.
2019-08-22 01:58:31,336 [main] INFO  utils.BackgroundService (BackgroundService.java:shutdown(148)) - Shutting down service SCMBlockDeletingService
2019-08-22 01:58:31,337 [main] INFO  utils.BackgroundService (BackgroundService.java:shutdown(148)) - Shutting down service SCMBlockDeletingService
2019-08-22 01:58:31,337 [main] INFO  server.StorageContainerManager (StorageContainerManager.java:stop(866)) - Stopping SCM Event Queue.
2019-08-22 01:58:31,342 [main] INFO  impl.MetricsSystemImpl (MetricsSystemImpl.java:stop(210)) - Stopping HddsDatanode metrics system...
2019-08-22 01:58:31,353 [main] INFO  impl.MetricsSystemImpl (MetricsSystemImpl.java:stop(216)) - HddsDatanode metrics system stopped.
]]></system-out>
    <system-err><![CDATA[Aug 22, 2019 1:57:55 AM com.sun.jersey.server.impl.application.WebApplicationImpl _initiate
INFO: Initiating Jersey application, version 'Jersey: 1.19 02/11/2015 03:25 AM'
Aug 22, 2019 1:57:55 AM com.sun.jersey.server.impl.application.WebApplicationImpl _initiate
INFO: Initiating Jersey application, version 'Jersey: 1.19 02/11/2015 03:25 AM'
Aug 22, 2019 1:57:56 AM com.sun.jersey.server.impl.application.WebApplicationImpl _initiate
INFO: Initiating Jersey application, version 'Jersey: 1.19 02/11/2015 03:25 AM'
Aug 22, 2019 1:57:56 AM com.sun.jersey.server.impl.application.WebApplicationImpl _initiate
INFO: Initiating Jersey application, version 'Jersey: 1.19 02/11/2015 03:25 AM'
Aug 22, 2019 1:57:56 AM com.sun.jersey.server.impl.application.WebApplicationImpl _initiate
INFO: Initiating Jersey application, version 'Jersey: 1.19 02/11/2015 03:25 AM'
Aug 22, 2019 1:57:56 AM com.sun.jersey.server.impl.application.WebApplicationImpl _initiate
INFO: Initiating Jersey application, version 'Jersey: 1.19 02/11/2015 03:25 AM'
Aug 22, 2019 1:57:57 AM com.sun.jersey.server.impl.application.WebApplicationImpl _initiate
INFO: Initiating Jersey application, version 'Jersey: 1.19 02/11/2015 03:25 AM'
Aug 22, 2019 1:57:59 AM org.apache.ratis.thirdparty.io.grpc.internal.ManagedChannelOrphanWrapper$ManagedChannelReference cleanQueue
SEVERE: *~*~*~ Channel ManagedChannelImpl{logId=2591, target=192.168.34.54:32821} was not shutdown properly!!! ~*~*~*
    Make sure to call shutdown()/shutdownNow() and wait until awaitTermination() returns true.
java.lang.RuntimeException: ManagedChannel allocation site
	at org.apache.ratis.thirdparty.io.grpc.internal.ManagedChannelOrphanWrapper$ManagedChannelReference.<init>(ManagedChannelOrphanWrapper.java:103)
	at org.apache.ratis.thirdparty.io.grpc.internal.ManagedChannelOrphanWrapper.<init>(ManagedChannelOrphanWrapper.java:53)
	at org.apache.ratis.thirdparty.io.grpc.internal.ManagedChannelOrphanWrapper.<init>(ManagedChannelOrphanWrapper.java:44)
	at org.apache.ratis.thirdparty.io.grpc.internal.AbstractManagedChannelImplBuilder.build(AbstractManagedChannelImplBuilder.java:411)
	at org.apache.ratis.grpc.client.GrpcClientProtocolClient.<init>(GrpcClientProtocolClient.java:119)
	at org.apache.ratis.grpc.client.GrpcClientRpc.lambda$new$0(GrpcClientRpc.java:55)
	at org.apache.ratis.util.PeerProxyMap$PeerAndProxy.lambda$getProxy$0(PeerProxyMap.java:61)
	at org.apache.ratis.util.LifeCycle.startAndTransition(LifeCycle.java:202)
	at org.apache.ratis.util.PeerProxyMap$PeerAndProxy.getProxy(PeerProxyMap.java:60)
	at org.apache.ratis.util.PeerProxyMap.getProxy(PeerProxyMap.java:107)
	at org.apache.ratis.grpc.client.GrpcClientRpc.sendRequestAsync(GrpcClientRpc.java:66)
	at org.apache.ratis.client.impl.OrderedAsync.sendRequest(OrderedAsync.java:208)
	at org.apache.ratis.client.impl.OrderedAsync.sendRequestWithRetry(OrderedAsync.java:169)
	at org.apache.ratis.util.SlidingWindow$Client.sendOrDelayRequest(SlidingWindow.java:278)
	at org.apache.ratis.util.SlidingWindow$Client.retry(SlidingWindow.java:294)
	at org.apache.ratis.client.impl.OrderedAsync.lambda$scheduleWithTimeout$7(OrderedAsync.java:195)
	at org.apache.ratis.util.TimeoutScheduler.lambda$onTimeout$0(TimeoutScheduler.java:85)
	at org.apache.ratis.util.TimeoutScheduler.lambda$onTimeout$1(TimeoutScheduler.java:104)
	at org.apache.ratis.util.LogUtils.runAndLog(LogUtils.java:50)
	at org.apache.ratis.util.LogUtils$1.run(LogUtils.java:91)
	at java.util.concurrent.Executors$RunnableAdapter.call(Executors.java:511)
	at java.util.concurrent.FutureTask.run(FutureTask.java:266)
	at java.util.concurrent.ScheduledThreadPoolExecutor$ScheduledFutureTask.access$201(ScheduledThreadPoolExecutor.java:180)
	at java.util.concurrent.ScheduledThreadPoolExecutor$ScheduledFutureTask.run(ScheduledThreadPoolExecutor.java:293)
	at java.util.concurrent.ThreadPoolExecutor.runWorker(ThreadPoolExecutor.java:1149)
	at java.util.concurrent.ThreadPoolExecutor$Worker.run(ThreadPoolExecutor.java:624)
	at java.lang.Thread.run(Thread.java:748)

Aug 22, 2019 1:57:59 AM org.apache.ratis.thirdparty.io.grpc.internal.ManagedChannelOrphanWrapper$ManagedChannelReference cleanQueue
SEVERE: *~*~*~ Channel ManagedChannelImpl{logId=2596, target=192.168.34.54:36063} was not shutdown properly!!! ~*~*~*
    Make sure to call shutdown()/shutdownNow() and wait until awaitTermination() returns true.
java.lang.RuntimeException: ManagedChannel allocation site
	at org.apache.ratis.thirdparty.io.grpc.internal.ManagedChannelOrphanWrapper$ManagedChannelReference.<init>(ManagedChannelOrphanWrapper.java:103)
	at org.apache.ratis.thirdparty.io.grpc.internal.ManagedChannelOrphanWrapper.<init>(ManagedChannelOrphanWrapper.java:53)
	at org.apache.ratis.thirdparty.io.grpc.internal.ManagedChannelOrphanWrapper.<init>(ManagedChannelOrphanWrapper.java:44)
	at org.apache.ratis.thirdparty.io.grpc.internal.AbstractManagedChannelImplBuilder.build(AbstractManagedChannelImplBuilder.java:411)
	at org.apache.ratis.grpc.client.GrpcClientProtocolClient.<init>(GrpcClientProtocolClient.java:119)
	at org.apache.ratis.grpc.client.GrpcClientRpc.lambda$new$0(GrpcClientRpc.java:55)
	at org.apache.ratis.util.PeerProxyMap$PeerAndProxy.lambda$getProxy$0(PeerProxyMap.java:61)
	at org.apache.ratis.util.LifeCycle.startAndTransition(LifeCycle.java:202)
	at org.apache.ratis.util.PeerProxyMap$PeerAndProxy.getProxy(PeerProxyMap.java:60)
	at org.apache.ratis.util.PeerProxyMap.getProxy(PeerProxyMap.java:107)
	at org.apache.ratis.grpc.client.GrpcClientRpc.sendRequestAsync(GrpcClientRpc.java:66)
	at org.apache.ratis.client.impl.OrderedAsync.sendRequest(OrderedAsync.java:208)
	at org.apache.ratis.client.impl.OrderedAsync.sendRequestWithRetry(OrderedAsync.java:169)
	at org.apache.ratis.util.SlidingWindow$Client.sendOrDelayRequest(SlidingWindow.java:278)
	at org.apache.ratis.util.SlidingWindow$Client.submitNewRequest(SlidingWindow.java:257)
	at org.apache.ratis.client.impl.OrderedAsync.send(OrderedAsync.java:155)
	at org.apache.ratis.client.impl.RaftClientImpl.sendAsync(RaftClientImpl.java:145)
	at org.apache.ratis.client.impl.RaftClientImpl.sendAsync(RaftClientImpl.java:125)
	at org.apache.hadoop.hdds.scm.XceiverClientRatis.sendRequestAsync(XceiverClientRatis.java:224)
	at org.apache.hadoop.hdds.scm.XceiverClientRatis.sendCommandAsync(XceiverClientRatis.java:302)
	at org.apache.hadoop.hdds.scm.storage.ContainerProtocolCalls.writeChunkAsync(ContainerProtocolCalls.java:310)
	at org.apache.hadoop.hdds.scm.storage.BlockOutputStream.writeChunkToContainer(BlockOutputStream.java:601)
	at org.apache.hadoop.hdds.scm.storage.BlockOutputStream.writeChunk(BlockOutputStream.java:459)
	at org.apache.hadoop.hdds.scm.storage.BlockOutputStream.writeOnRetry(BlockOutputStream.java:285)
	at org.apache.hadoop.ozone.client.io.BlockOutputStreamEntry.writeOnRetry(BlockOutputStreamEntry.java:200)
	at org.apache.hadoop.ozone.client.io.KeyOutputStream.handleWrite(KeyOutputStream.java:209)
	at org.apache.hadoop.ozone.client.io.KeyOutputStream.handleRetry(KeyOutputStream.java:376)
	at org.apache.hadoop.ozone.client.io.KeyOutputStream.handleException(KeyOutputStream.java:325)
	at org.apache.hadoop.ozone.client.io.KeyOutputStream.handleFlushOrClose(KeyOutputStream.java:448)
	at org.apache.hadoop.ozone.client.io.KeyOutputStream.handleWrite(KeyOutputStream.java:235)
	at org.apache.hadoop.ozone.client.io.KeyOutputStream.write(KeyOutputStream.java:193)
	at org.apache.hadoop.ozone.client.io.OzoneOutputStream.write(OzoneOutputStream.java:49)
	at java.io.OutputStream.write(OutputStream.java:75)
	at org.apache.hadoop.ozone.client.rpc.TestBlockOutputStreamWithFailures.testWatchForCommitWithSingleNodeRatis(TestBlockOutputStreamWithFailures.java:885)
	at sun.reflect.NativeMethodAccessorImpl.invoke0(Native Method)
	at sun.reflect.NativeMethodAccessorImpl.invoke(NativeMethodAccessorImpl.java:62)
	at sun.reflect.DelegatingMethodAccessorImpl.invoke(DelegatingMethodAccessorImpl.java:43)
	at java.lang.reflect.Method.invoke(Method.java:498)
	at org.junit.runners.model.FrameworkMethod$1.runReflectiveCall(FrameworkMethod.java:47)
	at org.junit.internal.runners.model.ReflectiveCallable.run(ReflectiveCallable.java:12)
	at org.junit.runners.model.FrameworkMethod.invokeExplosively(FrameworkMethod.java:44)
	at org.junit.internal.runners.statements.InvokeMethod.evaluate(InvokeMethod.java:17)
	at org.junit.internal.runners.statements.RunBefores.evaluate(RunBefores.java:26)
	at org.junit.internal.runners.statements.RunAfters.evaluate(RunAfters.java:27)
	at org.junit.runners.ParentRunner.runLeaf(ParentRunner.java:271)
	at org.junit.runners.BlockJUnit4ClassRunner.runChild(BlockJUnit4ClassRunner.java:70)
	at org.junit.runners.BlockJUnit4ClassRunner.runChild(BlockJUnit4ClassRunner.java:50)
	at org.junit.runners.ParentRunner$3.run(ParentRunner.java:238)
	at org.junit.runners.ParentRunner$1.schedule(ParentRunner.java:63)
	at org.junit.runners.ParentRunner.runChildren(ParentRunner.java:236)
	at org.junit.runners.ParentRunner.access$000(ParentRunner.java:53)
	at org.junit.runners.ParentRunner$2.evaluate(ParentRunner.java:229)
	at org.junit.runners.ParentRunner.run(ParentRunner.java:309)
	at org.apache.maven.surefire.junit4.JUnit4Provider.execute(JUnit4Provider.java:365)
	at org.apache.maven.surefire.junit4.JUnit4Provider.executeWithRerun(JUnit4Provider.java:273)
	at org.apache.maven.surefire.junit4.JUnit4Provider.executeTestSet(JUnit4Provider.java:238)
	at org.apache.maven.surefire.junit4.JUnit4Provider.invoke(JUnit4Provider.java:159)
	at org.apache.maven.surefire.booter.ForkedBooter.invokeProviderInSameClassLoader(ForkedBooter.java:384)
	at org.apache.maven.surefire.booter.ForkedBooter.runSuitesInProcess(ForkedBooter.java:345)
	at org.apache.maven.surefire.booter.ForkedBooter.execute(ForkedBooter.java:126)
	at org.apache.maven.surefire.booter.ForkedBooter.main(ForkedBooter.java:418)

Aug 22, 2019 1:57:59 AM org.apache.ratis.thirdparty.io.grpc.internal.ManagedChannelOrphanWrapper$ManagedChannelReference cleanQueue
SEVERE: *~*~*~ Channel ManagedChannelImpl{logId=2606, target=192.168.34.54:39436} was not shutdown properly!!! ~*~*~*
    Make sure to call shutdown()/shutdownNow() and wait until awaitTermination() returns true.
java.lang.RuntimeException: ManagedChannel allocation site
	at org.apache.ratis.thirdparty.io.grpc.internal.ManagedChannelOrphanWrapper$ManagedChannelReference.<init>(ManagedChannelOrphanWrapper.java:103)
	at org.apache.ratis.thirdparty.io.grpc.internal.ManagedChannelOrphanWrapper.<init>(ManagedChannelOrphanWrapper.java:53)
	at org.apache.ratis.thirdparty.io.grpc.internal.ManagedChannelOrphanWrapper.<init>(ManagedChannelOrphanWrapper.java:44)
	at org.apache.ratis.thirdparty.io.grpc.internal.AbstractManagedChannelImplBuilder.build(AbstractManagedChannelImplBuilder.java:411)
	at org.apache.hadoop.hdds.scm.XceiverClientGrpc.connectToDatanode(XceiverClientGrpc.java:174)
	at org.apache.hadoop.hdds.scm.XceiverClientGrpc.reconnect(XceiverClientGrpc.java:422)
	at org.apache.hadoop.hdds.scm.XceiverClientGrpc.sendCommandAsync(XceiverClientGrpc.java:371)
	at org.apache.hadoop.hdds.scm.XceiverClientGrpc.sendCommandWithRetry(XceiverClientGrpc.java:284)
	at org.apache.hadoop.hdds.scm.XceiverClientGrpc.sendCommandWithTraceIDAndRetry(XceiverClientGrpc.java:250)
	at org.apache.hadoop.hdds.scm.XceiverClientGrpc.sendCommand(XceiverClientGrpc.java:233)
	at org.apache.hadoop.hdds.scm.storage.ContainerProtocolCalls.getBlock(ContainerProtocolCalls.java:118)
	at org.apache.hadoop.hdds.scm.storage.BlockInputStream.getChunkInfos(BlockInputStream.java:167)
	at org.apache.hadoop.hdds.scm.storage.BlockInputStream.initialize(BlockInputStream.java:118)
	at org.apache.hadoop.hdds.scm.storage.BlockInputStream.read(BlockInputStream.java:222)
	at org.apache.hadoop.ozone.client.io.KeyInputStream.read(KeyInputStream.java:171)
	at org.apache.hadoop.ozone.client.io.OzoneInputStream.read(OzoneInputStream.java:47)
	at java.io.InputStream.read(InputStream.java:101)
	at org.apache.hadoop.ozone.container.ContainerTestHelper.validateData(ContainerTestHelper.java:713)
	at org.apache.hadoop.ozone.client.rpc.TestBlockOutputStreamWithFailures.validateData(TestBlockOutputStreamWithFailures.java:1216)
	at org.apache.hadoop.ozone.client.rpc.TestBlockOutputStreamWithFailures.testWatchForCommitWithSingleNodeRatis(TestBlockOutputStreamWithFailures.java:918)
	at sun.reflect.NativeMethodAccessorImpl.invoke0(Native Method)
	at sun.reflect.NativeMethodAccessorImpl.invoke(NativeMethodAccessorImpl.java:62)
	at sun.reflect.DelegatingMethodAccessorImpl.invoke(DelegatingMethodAccessorImpl.java:43)
	at java.lang.reflect.Method.invoke(Method.java:498)
	at org.junit.runners.model.FrameworkMethod$1.runReflectiveCall(FrameworkMethod.java:47)
	at org.junit.internal.runners.model.ReflectiveCallable.run(ReflectiveCallable.java:12)
	at org.junit.runners.model.FrameworkMethod.invokeExplosively(FrameworkMethod.java:44)
	at org.junit.internal.runners.statements.InvokeMethod.evaluate(InvokeMethod.java:17)
	at org.junit.internal.runners.statements.RunBefores.evaluate(RunBefores.java:26)
	at org.junit.internal.runners.statements.RunAfters.evaluate(RunAfters.java:27)
	at org.junit.runners.ParentRunner.runLeaf(ParentRunner.java:271)
	at org.junit.runners.BlockJUnit4ClassRunner.runChild(BlockJUnit4ClassRunner.java:70)
	at org.junit.runners.BlockJUnit4ClassRunner.runChild(BlockJUnit4ClassRunner.java:50)
	at org.junit.runners.ParentRunner$3.run(ParentRunner.java:238)
	at org.junit.runners.ParentRunner$1.schedule(ParentRunner.java:63)
	at org.junit.runners.ParentRunner.runChildren(ParentRunner.java:236)
	at org.junit.runners.ParentRunner.access$000(ParentRunner.java:53)
	at org.junit.runners.ParentRunner$2.evaluate(ParentRunner.java:229)
	at org.junit.runners.ParentRunner.run(ParentRunner.java:309)
	at org.apache.maven.surefire.junit4.JUnit4Provider.execute(JUnit4Provider.java:365)
	at org.apache.maven.surefire.junit4.JUnit4Provider.executeWithRerun(JUnit4Provider.java:273)
	at org.apache.maven.surefire.junit4.JUnit4Provider.executeTestSet(JUnit4Provider.java:238)
	at org.apache.maven.surefire.junit4.JUnit4Provider.invoke(JUnit4Provider.java:159)
	at org.apache.maven.surefire.booter.ForkedBooter.invokeProviderInSameClassLoader(ForkedBooter.java:384)
	at org.apache.maven.surefire.booter.ForkedBooter.runSuitesInProcess(ForkedBooter.java:345)
	at org.apache.maven.surefire.booter.ForkedBooter.execute(ForkedBooter.java:126)
	at org.apache.maven.surefire.booter.ForkedBooter.main(ForkedBooter.java:418)

Aug 22, 2019 1:57:59 AM org.apache.ratis.thirdparty.io.grpc.internal.ManagedChannelOrphanWrapper$ManagedChannelReference cleanQueue
SEVERE: *~*~*~ Channel ManagedChannelImpl{logId=2601, target=192.168.34.54:39367} was not shutdown properly!!! ~*~*~*
    Make sure to call shutdown()/shutdownNow() and wait until awaitTermination() returns true.
java.lang.RuntimeException: ManagedChannel allocation site
	at org.apache.ratis.thirdparty.io.grpc.internal.ManagedChannelOrphanWrapper$ManagedChannelReference.<init>(ManagedChannelOrphanWrapper.java:103)
	at org.apache.ratis.thirdparty.io.grpc.internal.ManagedChannelOrphanWrapper.<init>(ManagedChannelOrphanWrapper.java:53)
	at org.apache.ratis.thirdparty.io.grpc.internal.ManagedChannelOrphanWrapper.<init>(ManagedChannelOrphanWrapper.java:44)
	at org.apache.ratis.thirdparty.io.grpc.internal.AbstractManagedChannelImplBuilder.build(AbstractManagedChannelImplBuilder.java:411)
	at org.apache.hadoop.hdds.scm.XceiverClientGrpc.connectToDatanode(XceiverClientGrpc.java:174)
	at org.apache.hadoop.hdds.scm.XceiverClientGrpc.reconnect(XceiverClientGrpc.java:422)
	at org.apache.hadoop.hdds.scm.XceiverClientGrpc.sendCommandAsync(XceiverClientGrpc.java:371)
	at org.apache.hadoop.hdds.scm.XceiverClientGrpc.sendCommandWithRetry(XceiverClientGrpc.java:284)
	at org.apache.hadoop.hdds.scm.XceiverClientGrpc.sendCommandWithTraceIDAndRetry(XceiverClientGrpc.java:250)
	at org.apache.hadoop.hdds.scm.XceiverClientGrpc.sendCommand(XceiverClientGrpc.java:233)
	at org.apache.hadoop.hdds.scm.storage.ContainerProtocolCalls.getBlock(ContainerProtocolCalls.java:118)
	at org.apache.hadoop.hdds.scm.storage.BlockInputStream.getChunkInfos(BlockInputStream.java:167)
	at org.apache.hadoop.hdds.scm.storage.BlockInputStream.initialize(BlockInputStream.java:118)
	at org.apache.hadoop.hdds.scm.storage.BlockInputStream.read(BlockInputStream.java:222)
	at org.apache.hadoop.ozone.client.io.KeyInputStream.read(KeyInputStream.java:171)
	at org.apache.hadoop.ozone.client.io.OzoneInputStream.read(OzoneInputStream.java:47)
	at java.io.InputStream.read(InputStream.java:101)
	at org.apache.hadoop.ozone.container.ContainerTestHelper.validateData(ContainerTestHelper.java:713)
	at org.apache.hadoop.ozone.client.rpc.TestBlockOutputStreamWithFailures.validateData(TestBlockOutputStreamWithFailures.java:1216)
	at org.apache.hadoop.ozone.client.rpc.TestBlockOutputStreamWithFailures.testWatchForCommitWithSingleNodeRatis(TestBlockOutputStreamWithFailures.java:918)
	at sun.reflect.NativeMethodAccessorImpl.invoke0(Native Method)
	at sun.reflect.NativeMethodAccessorImpl.invoke(NativeMethodAccessorImpl.java:62)
	at sun.reflect.DelegatingMethodAccessorImpl.invoke(DelegatingMethodAccessorImpl.java:43)
	at java.lang.reflect.Method.invoke(Method.java:498)
	at org.junit.runners.model.FrameworkMethod$1.runReflectiveCall(FrameworkMethod.java:47)
	at org.junit.internal.runners.model.ReflectiveCallable.run(ReflectiveCallable.java:12)
	at org.junit.runners.model.FrameworkMethod.invokeExplosively(FrameworkMethod.java:44)
	at org.junit.internal.runners.statements.InvokeMethod.evaluate(InvokeMethod.java:17)
	at org.junit.internal.runners.statements.RunBefores.evaluate(RunBefores.java:26)
	at org.junit.internal.runners.statements.RunAfters.evaluate(RunAfters.java:27)
	at org.junit.runners.ParentRunner.runLeaf(ParentRunner.java:271)
	at org.junit.runners.BlockJUnit4ClassRunner.runChild(BlockJUnit4ClassRunner.java:70)
	at org.junit.runners.BlockJUnit4ClassRunner.runChild(BlockJUnit4ClassRunner.java:50)
	at org.junit.runners.ParentRunner$3.run(ParentRunner.java:238)
	at org.junit.runners.ParentRunner$1.schedule(ParentRunner.java:63)
	at org.junit.runners.ParentRunner.runChildren(ParentRunner.java:236)
	at org.junit.runners.ParentRunner.access$000(ParentRunner.java:53)
	at org.junit.runners.ParentRunner$2.evaluate(ParentRunner.java:229)
	at org.junit.runners.ParentRunner.run(ParentRunner.java:309)
	at org.apache.maven.surefire.junit4.JUnit4Provider.execute(JUnit4Provider.java:365)
	at org.apache.maven.surefire.junit4.JUnit4Provider.executeWithRerun(JUnit4Provider.java:273)
	at org.apache.maven.surefire.junit4.JUnit4Provider.executeTestSet(JUnit4Provider.java:238)
	at org.apache.maven.surefire.junit4.JUnit4Provider.invoke(JUnit4Provider.java:159)
	at org.apache.maven.surefire.booter.ForkedBooter.invokeProviderInSameClassLoader(ForkedBooter.java:384)
	at org.apache.maven.surefire.booter.ForkedBooter.runSuitesInProcess(ForkedBooter.java:345)
	at org.apache.maven.surefire.booter.ForkedBooter.execute(ForkedBooter.java:126)
	at org.apache.maven.surefire.booter.ForkedBooter.main(ForkedBooter.java:418)

]]></system-err>
  </testcase>
  <testcase name="testFailureWithPrimeSizedData" classname="org.apache.hadoop.ozone.client.rpc.TestBlockOutputStreamWithFailures" time="35.024">
    <failure message="expected:&lt;64&gt; but was:&lt;66&gt;" type="java.lang.AssertionError"><![CDATA[java.lang.AssertionError: expected:<64> but was:<66>
	at org.junit.Assert.fail(Assert.java:88)
	at org.junit.Assert.failNotEquals(Assert.java:743)
	at org.junit.Assert.assertEquals(Assert.java:118)
	at org.junit.Assert.assertEquals(Assert.java:555)
	at org.junit.Assert.assertEquals(Assert.java:542)
	at org.apache.hadoop.ozone.client.rpc.TestBlockOutputStreamWithFailures.testFailureWithPrimeSizedData(TestBlockOutputStreamWithFailures.java:605)
	at sun.reflect.NativeMethodAccessorImpl.invoke0(Native Method)
	at sun.reflect.NativeMethodAccessorImpl.invoke(NativeMethodAccessorImpl.java:62)
	at sun.reflect.DelegatingMethodAccessorImpl.invoke(DelegatingMethodAccessorImpl.java:43)
	at java.lang.reflect.Method.invoke(Method.java:498)
	at org.junit.runners.model.FrameworkMethod$1.runReflectiveCall(FrameworkMethod.java:47)
	at org.junit.internal.runners.model.ReflectiveCallable.run(ReflectiveCallable.java:12)
	at org.junit.runners.model.FrameworkMethod.invokeExplosively(FrameworkMethod.java:44)
	at org.junit.internal.runners.statements.InvokeMethod.evaluate(InvokeMethod.java:17)
	at org.junit.internal.runners.statements.RunBefores.evaluate(RunBefores.java:26)
	at org.junit.internal.runners.statements.RunAfters.evaluate(RunAfters.java:27)
	at org.junit.runners.ParentRunner.runLeaf(ParentRunner.java:271)
	at org.junit.runners.BlockJUnit4ClassRunner.runChild(BlockJUnit4ClassRunner.java:70)
	at org.junit.runners.BlockJUnit4ClassRunner.runChild(BlockJUnit4ClassRunner.java:50)
	at org.junit.runners.ParentRunner$3.run(ParentRunner.java:238)
	at org.junit.runners.ParentRunner$1.schedule(ParentRunner.java:63)
	at org.junit.runners.ParentRunner.runChildren(ParentRunner.java:236)
	at org.junit.runners.ParentRunner.access$000(ParentRunner.java:53)
	at org.junit.runners.ParentRunner$2.evaluate(ParentRunner.java:229)
	at org.junit.runners.ParentRunner.run(ParentRunner.java:309)
	at org.apache.maven.surefire.junit4.JUnit4Provider.execute(JUnit4Provider.java:365)
	at org.apache.maven.surefire.junit4.JUnit4Provider.executeWithRerun(JUnit4Provider.java:273)
	at org.apache.maven.surefire.junit4.JUnit4Provider.executeTestSet(JUnit4Provider.java:238)
	at org.apache.maven.surefire.junit4.JUnit4Provider.invoke(JUnit4Provider.java:159)
	at org.apache.maven.surefire.booter.ForkedBooter.invokeProviderInSameClassLoader(ForkedBooter.java:384)
	at org.apache.maven.surefire.booter.ForkedBooter.runSuitesInProcess(ForkedBooter.java:345)
	at org.apache.maven.surefire.booter.ForkedBooter.execute(ForkedBooter.java:126)
	at org.apache.maven.surefire.booter.ForkedBooter.main(ForkedBooter.java:418)
]]></failure>
    <system-out><![CDATA[2019-08-22 01:58:31,411 [main] WARN  server.ServerUtils (ServerUtils.java:getScmDbDir(145)) - ozone.scm.db.dirs is not configured. We recommend adding this setting. Falling back to ozone.metadata.dirs instead.
2019-08-22 01:58:31,440 [main] WARN  server.ServerUtils (ServerUtils.java:getScmDbDir(145)) - ozone.scm.db.dirs is not configured. We recommend adding this setting. Falling back to ozone.metadata.dirs instead.
2019-08-22 01:58:31,440 [main] WARN  server.ServerUtils (ServerUtils.java:getScmDbDir(145)) - ozone.scm.db.dirs is not configured. We recommend adding this setting. Falling back to ozone.metadata.dirs instead.
2019-08-22 01:58:31,441 [main] INFO  db.DBStoreBuilder (DBStoreBuilder.java:addTable(110)) - using custom profile for table: deletedBlocks
2019-08-22 01:58:31,441 [main] INFO  db.DBStoreBuilder (DBStoreBuilder.java:processTables(161)) - Using default column profile:DBProfile.DISK for Table:deletedBlocks
2019-08-22 01:58:31,441 [main] INFO  db.DBStoreBuilder (DBStoreBuilder.java:addTable(110)) - using custom profile for table: validCerts
2019-08-22 01:58:31,441 [main] INFO  db.DBStoreBuilder (DBStoreBuilder.java:processTables(161)) - Using default column profile:DBProfile.DISK for Table:validCerts
2019-08-22 01:58:31,442 [main] INFO  db.DBStoreBuilder (DBStoreBuilder.java:addTable(110)) - using custom profile for table: revokedCerts
2019-08-22 01:58:31,442 [main] INFO  db.DBStoreBuilder (DBStoreBuilder.java:processTables(161)) - Using default column profile:DBProfile.DISK for Table:revokedCerts
2019-08-22 01:58:31,442 [main] INFO  db.DBStoreBuilder (DBStoreBuilder.java:addTable(110)) - using custom profile for table: default
2019-08-22 01:58:31,442 [main] INFO  db.DBStoreBuilder (DBStoreBuilder.java:processTables(167)) - Using default column profile:DBProfile.DISK for Table:default
2019-08-22 01:58:31,442 [main] INFO  db.DBStoreBuilder (DBStoreBuilder.java:getDbProfile(198)) - Using default options. DBProfile.DISK
2019-08-22 01:58:31,662 [main] INFO  net.NodeSchemaLoader (NodeSchemaLoader.java:loadSchemaFromFile(125)) - Loading file from sun.misc.CompoundEnumeration@1ececb56
2019-08-22 01:58:31,662 [main] INFO  net.NodeSchemaLoader (NodeSchemaLoader.java:loadSchema(171)) - Loading network topology layer schema file
2019-08-22 01:58:31,668 [main] INFO  node.SCMNodeManager (SCMNodeManager.java:<init>(121)) - Entering startup safe mode.
2019-08-22 01:58:31,669 [main] INFO  algorithms.ContainerPlacementPolicyFactory (ContainerPlacementPolicyFactory.java:getPolicy(55)) - Create container placement policy of type org.apache.hadoop.hdds.scm.container.placement.algorithms.SCMContainerPlacementRandom
2019-08-22 01:58:31,669 [main] WARN  server.ServerUtils (ServerUtils.java:getScmDbDir(145)) - ozone.scm.db.dirs is not configured. We recommend adding this setting. Falling back to ozone.metadata.dirs instead.
2019-08-22 01:58:31,721 [main] INFO  pipeline.SCMPipelineManager (SCMPipelineManager.java:initializePipelineState(126)) - No pipeline exists in current db
2019-08-22 01:58:31,721 [main] WARN  server.ServerUtils (ServerUtils.java:getScmDbDir(145)) - ozone.scm.db.dirs is not configured. We recommend adding this setting. Falling back to ozone.metadata.dirs instead.
2019-08-22 01:58:31,806 [main] WARN  events.EventQueue (EventQueue.java:fireEvent(175)) - No event handler registered for event TypedEvent{payloadType=SafeModeStatus, name='SafeModeStatus'}
2019-08-22 01:58:31,807 [main] INFO  ipc.CallQueueManager (CallQueueManager.java:<init>(84)) - Using callQueue: class java.util.concurrent.LinkedBlockingQueue, queueCapacity: 2000, scheduler: class org.apache.hadoop.ipc.DefaultRpcScheduler, ipcBackoff: false.
2019-08-22 01:58:31,808 [Socket Reader #1 for port 46076] INFO  ipc.Server (Server.java:run(1074)) - Starting Socket Reader #1 for port 46076
2019-08-22 01:58:31,810 [main] INFO  ipc.CallQueueManager (CallQueueManager.java:<init>(84)) - Using callQueue: class java.util.concurrent.LinkedBlockingQueue, queueCapacity: 2000, scheduler: class org.apache.hadoop.ipc.DefaultRpcScheduler, ipcBackoff: false.
2019-08-22 01:58:31,811 [Socket Reader #1 for port 33575] INFO  ipc.Server (Server.java:run(1074)) - Starting Socket Reader #1 for port 33575
2019-08-22 01:58:31,812 [main] INFO  ipc.CallQueueManager (CallQueueManager.java:<init>(84)) - Using callQueue: class java.util.concurrent.LinkedBlockingQueue, queueCapacity: 2000, scheduler: class org.apache.hadoop.ipc.DefaultRpcScheduler, ipcBackoff: false.
2019-08-22 01:58:31,813 [Socket Reader #1 for port 41460] INFO  ipc.Server (Server.java:run(1074)) - Starting Socket Reader #1 for port 41460
2019-08-22 01:58:31,818 [main] INFO  hdfs.DFSUtil (DFSUtil.java:httpServerTemplateForNNAndJN(1641)) - Starting Web-server for scm at: http://0.0.0.0:0
2019-08-22 01:58:31,823 [main] INFO  server.AuthenticationFilter (AuthenticationFilter.java:constructSecretProvider(240)) - Unable to initialize FileSignerSecretProvider, falling back to use random secrets.
2019-08-22 01:58:31,824 [main] WARN  http.HttpRequestLog (HttpRequestLog.java:getRequestLog(97)) - Jetty request log can only be enabled using Log4j
2019-08-22 01:58:31,826 [main] INFO  http.HttpServer2 (HttpServer2.java:addGlobalFilter(975)) - Added global filter 'safety' (class=org.apache.hadoop.http.HttpServer2$QuotingInputFilter)
2019-08-22 01:58:31,827 [main] INFO  http.HttpServer2 (HttpServer2.java:addFilter(948)) - Added filter static_user_filter (class=org.apache.hadoop.http.lib.StaticUserWebFilter$StaticUserFilter) to context scm
2019-08-22 01:58:31,828 [main] INFO  http.HttpServer2 (HttpServer2.java:addFilter(958)) - Added filter static_user_filter (class=org.apache.hadoop.http.lib.StaticUserWebFilter$StaticUserFilter) to context logs
2019-08-22 01:58:31,828 [main] INFO  http.HttpServer2 (HttpServer2.java:addFilter(958)) - Added filter static_user_filter (class=org.apache.hadoop.http.lib.StaticUserWebFilter$StaticUserFilter) to context static
2019-08-22 01:58:31,830 [main] INFO  server.StorageContainerManager (StorageContainerManager.java:start(759)) - StorageContainerLocationProtocol RPC server is listening at /0.0.0.0:41460
2019-08-22 01:58:31,833 [main] WARN  impl.MetricsConfig (MetricsConfig.java:loadFirst(134)) - Cannot locate configuration: tried hadoop-metrics2-storagecontainermanager.properties,hadoop-metrics2.properties
2019-08-22 01:58:31,834 [main] INFO  impl.MetricsSystemImpl (MetricsSystemImpl.java:startTimer(374)) - Scheduled Metric snapshot period at 10 second(s).
2019-08-22 01:58:31,834 [main] INFO  impl.MetricsSystemImpl (MetricsSystemImpl.java:start(191)) - StorageContainerManager metrics system started
2019-08-22 01:58:31,931 [main] INFO  server.SCMClientProtocolServer (SCMClientProtocolServer.java:start(151)) - RPC server for Client  is listening at /0.0.0.0:41460
2019-08-22 01:58:31,932 [IPC Server Responder] INFO  ipc.Server (Server.java:run(1314)) - IPC Server Responder: starting
2019-08-22 01:58:31,932 [IPC Server listener on 41460] INFO  ipc.Server (Server.java:run(1153)) - IPC Server listener on 41460: starting
2019-08-22 01:58:31,935 [main] INFO  server.StorageContainerManager (StorageContainerManager.java:start(769)) - ScmBlockLocationProtocol RPC server is listening at /0.0.0.0:33575
2019-08-22 01:58:31,935 [main] INFO  server.SCMBlockProtocolServer (SCMBlockProtocolServer.java:start(140)) - RPC server for Block Protocol is listening at /0.0.0.0:33575
2019-08-22 01:58:31,936 [IPC Server Responder] INFO  ipc.Server (Server.java:run(1314)) - IPC Server Responder: starting
2019-08-22 01:58:31,936 [IPC Server listener on 33575] INFO  ipc.Server (Server.java:run(1153)) - IPC Server listener on 33575: starting
2019-08-22 01:58:31,939 [main] INFO  server.StorageContainerManager (StorageContainerManager.java:start(773)) - ScmDatanodeProtocl RPC server is listening at /0.0.0.0:46076
2019-08-22 01:58:31,939 [main] INFO  server.SCMDatanodeProtocolServer (SCMDatanodeProtocolServer.java:start(191)) - RPC server for DataNodes is listening at /0.0.0.0:46076
2019-08-22 01:58:31,939 [IPC Server listener on 46076] INFO  ipc.Server (Server.java:run(1153)) - IPC Server listener on 46076: starting
2019-08-22 01:58:31,939 [IPC Server Responder] INFO  ipc.Server (Server.java:run(1314)) - IPC Server Responder: starting
2019-08-22 01:58:31,944 [main] INFO  http.HttpServer2 (HttpServer2.java:bindListener(1191)) - Jetty bound to port 37843
2019-08-22 01:58:31,944 [main] INFO  server.Server (Server.java:doStart(351)) - jetty-9.3.24.v20180605, build timestamp: 2018-06-05T17:11:56Z, git hash: 84205aa28f11a4f31f2a3b86d1bba2cc8ab69827
2019-08-22 01:58:31,946 [main] INFO  handler.ContextHandler (ContextHandler.java:doStart(781)) - Started o.e.j.s.ServletContextHandler@179af25f{/logs,file:///workdir/hadoop-ozone/integration-test/target/log,AVAILABLE}
2019-08-22 01:58:31,946 [main] INFO  handler.ContextHandler (ContextHandler.java:doStart(781)) - Started o.e.j.s.ServletContextHandler@fbb585e{/static,file:///workdir/hadoop-ozone/integration-test/target/test-classes/webapps/static,AVAILABLE}
2019-08-22 01:58:31,950 [main] INFO  handler.ContextHandler (ContextHandler.java:doStart(781)) - Started o.e.j.w.WebAppContext@2251cc2e{/,file:///workdir/hadoop-ozone/integration-test/target/test-classes/webapps/scm/,AVAILABLE}{/scm}
2019-08-22 01:58:31,950 [main] INFO  server.AbstractConnector (AbstractConnector.java:doStart(278)) - Started ServerConnector@61563a91{HTTP/1.1,[http/1.1]}{0.0.0.0:37843}
2019-08-22 01:58:31,951 [main] INFO  server.Server (Server.java:doStart(419)) - Started @567617ms
2019-08-22 01:58:31,951 [main] INFO  server.BaseHttpServer (BaseHttpServer.java:updateConnectorAddress(213)) - HTTP server of SCM is listening at http://0.0.0.0:37843
2019-08-22 01:58:31,952 [main] WARN  server.ServerUtils (ServerUtils.java:getDBPath(222)) - ozone.om.db.dirs is not configured. We recommend adding this setting. Falling back to ozone.metadata.dirs instead.
2019-08-22 01:58:31,952 [org.apache.hadoop.util.JvmPauseMonitor$Monitor@4e1ffe54] INFO  util.JvmPauseMonitor (JvmPauseMonitor.java:run(188)) - Starting JVM pause monitor
2019-08-22 01:58:31,978 [main] WARN  server.ServerUtils (ServerUtils.java:getDBPath(222)) - ozone.om.db.dirs is not configured. We recommend adding this setting. Falling back to ozone.metadata.dirs instead.
2019-08-22 01:58:31,978 [main] WARN  server.ServerUtils (ServerUtils.java:getDBPath(222)) - ozone.om.db.dirs is not configured. We recommend adding this setting. Falling back to ozone.metadata.dirs instead.
2019-08-22 01:58:31,978 [main] INFO  om.OzoneManager (OzoneManager.java:setOMNodeDetails(648)) - OM Service ID is not set. Setting it to the default ID: omServiceIdDefault
2019-08-22 01:58:31,979 [main] INFO  om.OzoneManager (OzoneManager.java:setOMNodeDetails(654)) - OM Node ID is not set. Setting it to the OmStorage's OmID: d87e37ff-5314-443e-9df8-10e1efdb2a65
2019-08-22 01:58:31,979 [main] INFO  om.OzoneManager (OzoneManager.java:loadOMHAConfigs(605)) - Found matching OM address with OMServiceId: null, OMNodeId: null, RPC Address: localhost:0 and Ratis port: 9872
2019-08-22 01:58:31,983 | INFO  | SCMAudit | user=jenkins1000 | ip=192.168.34.54 | op=GET_SCM_INFO null | ret=SUCCESS |  
2019-08-22 01:58:31,985 [main] WARN  server.ServerUtils (ServerUtils.java:getDBPath(222)) - ozone.om.db.dirs is not configured. We recommend adding this setting. Falling back to ozone.metadata.dirs instead.
2019-08-22 01:58:31,986 [main] INFO  db.DBStoreBuilder (DBStoreBuilder.java:addTable(110)) - using custom profile for table: userTable
2019-08-22 01:58:31,986 [main] INFO  db.DBStoreBuilder (DBStoreBuilder.java:processTables(161)) - Using default column profile:DBProfile.DISK for Table:userTable
2019-08-22 01:58:31,986 [main] INFO  db.DBStoreBuilder (DBStoreBuilder.java:addTable(110)) - using custom profile for table: volumeTable
2019-08-22 01:58:31,986 [main] INFO  db.DBStoreBuilder (DBStoreBuilder.java:processTables(161)) - Using default column profile:DBProfile.DISK for Table:volumeTable
2019-08-22 01:58:31,987 [main] INFO  db.DBStoreBuilder (DBStoreBuilder.java:addTable(110)) - using custom profile for table: bucketTable
2019-08-22 01:58:31,987 [main] INFO  db.DBStoreBuilder (DBStoreBuilder.java:processTables(161)) - Using default column profile:DBProfile.DISK for Table:bucketTable
2019-08-22 01:58:31,987 [main] INFO  db.DBStoreBuilder (DBStoreBuilder.java:addTable(110)) - using custom profile for table: keyTable
2019-08-22 01:58:31,987 [main] INFO  db.DBStoreBuilder (DBStoreBuilder.java:processTables(161)) - Using default column profile:DBProfile.DISK for Table:keyTable
2019-08-22 01:58:31,988 [main] INFO  db.DBStoreBuilder (DBStoreBuilder.java:addTable(110)) - using custom profile for table: deletedTable
2019-08-22 01:58:31,988 [main] INFO  db.DBStoreBuilder (DBStoreBuilder.java:processTables(161)) - Using default column profile:DBProfile.DISK for Table:deletedTable
2019-08-22 01:58:31,988 [main] INFO  db.DBStoreBuilder (DBStoreBuilder.java:addTable(110)) - using custom profile for table: openKeyTable
2019-08-22 01:58:31,988 [main] INFO  db.DBStoreBuilder (DBStoreBuilder.java:processTables(161)) - Using default column profile:DBProfile.DISK for Table:openKeyTable
2019-08-22 01:58:31,989 [main] INFO  db.DBStoreBuilder (DBStoreBuilder.java:addTable(110)) - using custom profile for table: s3Table
2019-08-22 01:58:31,989 [main] INFO  db.DBStoreBuilder (DBStoreBuilder.java:processTables(161)) - Using default column profile:DBProfile.DISK for Table:s3Table
2019-08-22 01:58:31,989 [main] INFO  db.DBStoreBuilder (DBStoreBuilder.java:addTable(110)) - using custom profile for table: multipartInfoTable
2019-08-22 01:58:31,989 [main] INFO  db.DBStoreBuilder (DBStoreBuilder.java:processTables(161)) - Using default column profile:DBProfile.DISK for Table:multipartInfoTable
2019-08-22 01:58:31,990 [main] INFO  db.DBStoreBuilder (DBStoreBuilder.java:addTable(110)) - using custom profile for table: dTokenTable
2019-08-22 01:58:31,990 [main] INFO  db.DBStoreBuilder (DBStoreBuilder.java:processTables(161)) - Using default column profile:DBProfile.DISK for Table:dTokenTable
2019-08-22 01:58:31,990 [main] INFO  db.DBStoreBuilder (DBStoreBuilder.java:addTable(110)) - using custom profile for table: s3SecretTable
2019-08-22 01:58:31,990 [main] INFO  db.DBStoreBuilder (DBStoreBuilder.java:processTables(161)) - Using default column profile:DBProfile.DISK for Table:s3SecretTable
2019-08-22 01:58:31,991 [main] INFO  db.DBStoreBuilder (DBStoreBuilder.java:addTable(110)) - using custom profile for table: prefixTable
2019-08-22 01:58:31,991 [main] INFO  db.DBStoreBuilder (DBStoreBuilder.java:processTables(161)) - Using default column profile:DBProfile.DISK for Table:prefixTable
2019-08-22 01:58:31,991 [main] INFO  db.DBStoreBuilder (DBStoreBuilder.java:addTable(110)) - using custom profile for table: default
2019-08-22 01:58:31,991 [main] INFO  db.DBStoreBuilder (DBStoreBuilder.java:processTables(167)) - Using default column profile:DBProfile.DISK for Table:default
2019-08-22 01:58:31,991 [main] INFO  db.DBStoreBuilder (DBStoreBuilder.java:getDbProfile(198)) - Using default options. DBProfile.DISK
2019-08-22 01:58:32,599 [main] INFO  ipc.CallQueueManager (CallQueueManager.java:<init>(84)) - Using callQueue: class java.util.concurrent.LinkedBlockingQueue, queueCapacity: 2000, scheduler: class org.apache.hadoop.ipc.DefaultRpcScheduler, ipcBackoff: false.
2019-08-22 01:58:32,600 [Socket Reader #1 for port 36264] INFO  ipc.Server (Server.java:run(1074)) - Starting Socket Reader #1 for port 36264
2019-08-22 01:58:32,617 [main] INFO  om.OzoneManager (OzoneManager.java:start(1259)) - OzoneManager RPC server is listening at localhost/127.0.0.1:36264
2019-08-22 01:58:32,618 [main] INFO  impl.MetricsSystemImpl (MetricsSystemImpl.java:init(158)) - OzoneManager metrics system started (again)
2019-08-22 01:58:32,619 [IPC Server Responder] INFO  ipc.Server (Server.java:run(1314)) - IPC Server Responder: starting
2019-08-22 01:58:32,619 [IPC Server listener on 36264] INFO  ipc.Server (Server.java:run(1153)) - IPC Server listener on 36264: starting
2019-08-22 01:58:32,625 [main] INFO  hdfs.DFSUtil (DFSUtil.java:httpServerTemplateForNNAndJN(1641)) - Starting Web-server for ozoneManager at: http://0.0.0.0:0
2019-08-22 01:58:32,627 [main] INFO  server.AuthenticationFilter (AuthenticationFilter.java:constructSecretProvider(240)) - Unable to initialize FileSignerSecretProvider, falling back to use random secrets.
2019-08-22 01:58:32,628 [main] WARN  http.HttpRequestLog (HttpRequestLog.java:getRequestLog(97)) - Jetty request log can only be enabled using Log4j
2019-08-22 01:58:32,631 [main] INFO  http.HttpServer2 (HttpServer2.java:addGlobalFilter(975)) - Added global filter 'safety' (class=org.apache.hadoop.http.HttpServer2$QuotingInputFilter)
2019-08-22 01:58:32,631 [main] INFO  http.HttpServer2 (HttpServer2.java:addFilter(948)) - Added filter static_user_filter (class=org.apache.hadoop.http.lib.StaticUserWebFilter$StaticUserFilter) to context ozoneManager
2019-08-22 01:58:32,632 [main] INFO  http.HttpServer2 (HttpServer2.java:addFilter(958)) - Added filter static_user_filter (class=org.apache.hadoop.http.lib.StaticUserWebFilter$StaticUserFilter) to context logs
2019-08-22 01:58:32,632 [main] INFO  http.HttpServer2 (HttpServer2.java:addFilter(958)) - Added filter static_user_filter (class=org.apache.hadoop.http.lib.StaticUserWebFilter$StaticUserFilter) to context static
2019-08-22 01:58:32,633 [main] INFO  http.HttpServer2 (HttpServer2.java:bindListener(1191)) - Jetty bound to port 42244
2019-08-22 01:58:32,633 [main] INFO  server.Server (Server.java:doStart(351)) - jetty-9.3.24.v20180605, build timestamp: 2018-06-05T17:11:56Z, git hash: 84205aa28f11a4f31f2a3b86d1bba2cc8ab69827
2019-08-22 01:58:32,635 [main] INFO  handler.ContextHandler (ContextHandler.java:doStart(781)) - Started o.e.j.s.ServletContextHandler@640890bc{/logs,file:///workdir/hadoop-ozone/integration-test/target/log,AVAILABLE}
2019-08-22 01:58:32,635 [main] INFO  handler.ContextHandler (ContextHandler.java:doStart(781)) - Started o.e.j.s.ServletContextHandler@b65cc8b{/static,file:///workdir/hadoop-ozone/integration-test/target/test-classes/webapps/static,AVAILABLE}
2019-08-22 01:58:32,640 [main] INFO  handler.ContextHandler (ContextHandler.java:doStart(781)) - Started o.e.j.w.WebAppContext@6970687e{/,file:///workdir/hadoop-ozone/integration-test/target/test-classes/webapps/ozoneManager/,AVAILABLE}{/ozoneManager}
2019-08-22 01:58:32,640 [main] INFO  server.AbstractConnector (AbstractConnector.java:doStart(278)) - Started ServerConnector@a6f34f5{HTTP/1.1,[http/1.1]}{0.0.0.0:42244}
2019-08-22 01:58:32,641 [main] INFO  server.Server (Server.java:doStart(419)) - Started @568308ms
2019-08-22 01:58:32,642 [main] INFO  server.BaseHttpServer (BaseHttpServer.java:updateConnectorAddress(213)) - HTTP server of OZONEMANAGER is listening at http://0.0.0.0:42244
2019-08-22 01:58:32,659 [main] INFO  impl.MetricsSystemImpl (MetricsSystemImpl.java:init(158)) - HddsDatanode metrics system started (again)
2019-08-22 01:58:32,662 [main] INFO  ozone.HddsDatanodeService (HddsDatanodeService.java:start(184)) - HddsDatanodeService host:pr-hdds-1998-jt8wz-3050591487 ip:192.168.34.54
2019-08-22 01:58:32,672 [main] INFO  volume.HddsVolume (HddsVolume.java:<init>(176)) - Creating Volume: /workdir/hadoop-ozone/integration-test/target/test-dir/MiniOzoneClusterImpl-73a943d6-9e54-420a-b8c2-6f1b1463b42a/datanode-0/data/containers/hdds of  storage type : DISK and capacity : 1482555576320
2019-08-22 01:58:32,673 [main] INFO  volume.VolumeSet (VolumeSet.java:initializeVolumeSet(170)) - Added Volume : /workdir/hadoop-ozone/integration-test/target/test-dir/MiniOzoneClusterImpl-73a943d6-9e54-420a-b8c2-6f1b1463b42a/datanode-0/data/containers/hdds to VolumeSet
2019-08-22 01:58:32,673 [main] INFO  volume.ThrottledAsyncChecker (ThrottledAsyncChecker.java:schedule(140)) - Scheduling a check for org.apache.hadoop.ozone.container.common.volume.HddsVolume@76e5d5e5
2019-08-22 01:58:32,673 [main] INFO  volume.HddsVolumeChecker (HddsVolumeChecker.java:checkAllVolumes(203)) - Scheduled health check for volume org.apache.hadoop.ozone.container.common.volume.HddsVolume@76e5d5e5
2019-08-22 01:58:32,691 [main] INFO  impl.RaftServerProxy (ConfUtils.java:logGet(43)) - raft.rpc.type = GRPC (default)
2019-08-22 01:58:32,691 [main] INFO  grpc.GrpcFactory (GrpcFactory.java:checkPooledByteBufAllocatorUseCacheForAllThreads(45)) - PERFORMANCE WARNING: useCacheForAllThreads is true that may cause Netty to create a lot garbage objects and, as a result, trigger GC.
	It is recommended to disable useCacheForAllThreads by setting -Dorg.apache.ratis.thirdparty.io.netty.allocator.useCacheForAllThreads=false in command line.
2019-08-22 01:58:32,691 [main] INFO  grpc.GrpcConfigKeys$Server (ConfUtils.java:logGet(43)) - raft.grpc.server.port = 0 (default)
2019-08-22 01:58:32,691 [main] INFO  server.GrpcService (ConfUtils.java:logGet(43)) - raft.grpc.message.size.max = 33570816 (custom)
2019-08-22 01:58:32,692 [main] INFO  server.RaftServerConfigKeys (ConfUtils.java:logGet(43)) - raft.server.log.appender.buffer.byte-limit = 33554432 (custom)
2019-08-22 01:58:32,692 [main] INFO  server.GrpcService (ConfUtils.java:logGet(43)) - raft.grpc.flow.control.window = 1MB (=1048576) (default)
2019-08-22 01:58:32,692 [main] INFO  server.RaftServerConfigKeys (ConfUtils.java:logGet(43)) - raft.server.rpc.request.timeout = 3000ms (default)
2019-08-22 01:58:32,693 [main] INFO  server.RaftServerConfigKeys (ConfUtils.java:logGet(43)) - raft.server.storage.dir = [/workdir/hadoop-ozone/integration-test/target/test-dir/MiniOzoneClusterImpl-73a943d6-9e54-420a-b8c2-6f1b1463b42a/datanode-0/data/ratis] (custom)
2019-08-22 01:58:32,693 [main] INFO  replication.SimpleContainerDownloader (SimpleContainerDownloader.java:<init>(72)) - Starting container downloader service to copy containers to replicate.
2019-08-22 01:58:32,694 [main] INFO  hdfs.DFSUtil (DFSUtil.java:httpServerTemplateForNNAndJN(1641)) - Starting Web-server for hddsDatanode at: http://0.0.0.0:0
2019-08-22 01:58:32,696 [main] INFO  server.AuthenticationFilter (AuthenticationFilter.java:constructSecretProvider(240)) - Unable to initialize FileSignerSecretProvider, falling back to use random secrets.
2019-08-22 01:58:32,696 [main] WARN  http.HttpRequestLog (HttpRequestLog.java:getRequestLog(97)) - Jetty request log can only be enabled using Log4j
2019-08-22 01:58:32,697 [main] INFO  http.HttpServer2 (HttpServer2.java:addGlobalFilter(975)) - Added global filter 'safety' (class=org.apache.hadoop.http.HttpServer2$QuotingInputFilter)
2019-08-22 01:58:32,698 [main] INFO  http.HttpServer2 (HttpServer2.java:addFilter(948)) - Added filter static_user_filter (class=org.apache.hadoop.http.lib.StaticUserWebFilter$StaticUserFilter) to context hddsDatanode
2019-08-22 01:58:32,698 [main] INFO  http.HttpServer2 (HttpServer2.java:addFilter(958)) - Added filter static_user_filter (class=org.apache.hadoop.http.lib.StaticUserWebFilter$StaticUserFilter) to context static
2019-08-22 01:58:32,698 [main] INFO  http.HttpServer2 (HttpServer2.java:addFilter(958)) - Added filter static_user_filter (class=org.apache.hadoop.http.lib.StaticUserWebFilter$StaticUserFilter) to context logs
2019-08-22 01:58:32,699 [main] INFO  http.HttpServer2 (HttpServer2.java:bindListener(1191)) - Jetty bound to port 40884
2019-08-22 01:58:32,699 [main] INFO  server.Server (Server.java:doStart(351)) - jetty-9.3.24.v20180605, build timestamp: 2018-06-05T17:11:56Z, git hash: 84205aa28f11a4f31f2a3b86d1bba2cc8ab69827
2019-08-22 01:58:32,701 [main] INFO  handler.ContextHandler (ContextHandler.java:doStart(781)) - Started o.e.j.s.ServletContextHandler@44835de9{/logs,file:///workdir/hadoop-ozone/integration-test/target/log,AVAILABLE}
2019-08-22 01:58:32,702 [main] INFO  handler.ContextHandler (ContextHandler.java:doStart(781)) - Started o.e.j.s.ServletContextHandler@2542e124{/static,jar:file:/home/user/.m2/repository/org/apache/hadoop/hadoop-hdds-container-service/0.5.0-SNAPSHOT/hadoop-hdds-container-service-0.5.0-SNAPSHOT.jar!/webapps/static,AVAILABLE}
2019-08-22 01:58:32,731 [main] INFO  handler.ContextHandler (ContextHandler.java:doStart(781)) - Started o.e.j.w.WebAppContext@7424a39e{/,file:///tmp/jetty-0.0.0.0-40884-hddsDatanode-_-any-658657455996772886.dir/webapp/,AVAILABLE}{/hddsDatanode}
2019-08-22 01:58:32,731 [main] INFO  server.AbstractConnector (AbstractConnector.java:doStart(278)) - Started ServerConnector@2526ecb7{HTTP/1.1,[http/1.1]}{0.0.0.0:40884}
2019-08-22 01:58:32,732 [main] INFO  server.Server (Server.java:doStart(419)) - Started @568399ms
2019-08-22 01:58:32,733 [main] INFO  server.BaseHttpServer (BaseHttpServer.java:updateConnectorAddress(213)) - HTTP server of HDDSDATANODE is listening at http://0.0.0.0:40884
2019-08-22 01:58:32,847 | INFO  | ObjectStoreRestHttpServer | Listening HDDS REST traffic on /0.0.0.0:43351 |  
2019-08-22 01:58:32,847 [main] INFO  ozone.HddsDatanodeService (HddsDatanodeService.java:startPlugins(395)) - Started plug-in org.apache.hadoop.ozone.web.OzoneHddsDatanodeService@6354a50a
2019-08-22 01:58:32,847 [main] INFO  impl.MetricsSystemImpl (MetricsSystemImpl.java:init(158)) - HddsDatanode metrics system started (again)
2019-08-22 01:58:32,850 [main] INFO  ozone.HddsDatanodeService (HddsDatanodeService.java:start(184)) - HddsDatanodeService host:pr-hdds-1998-jt8wz-3050591487 ip:192.168.34.54
2019-08-22 01:58:32,850 [org.apache.hadoop.util.JvmPauseMonitor$Monitor@56d41af1] INFO  util.JvmPauseMonitor (JvmPauseMonitor.java:run(188)) - Starting JVM pause monitor
2019-08-22 01:58:32,852 [Datanode State Machine Thread - 0] INFO  datanode.InitDatanodeState (InitDatanodeState.java:persistContainerDatanodeDetails(140)) - DatanodeDetails is persisted to /workdir/hadoop-ozone/integration-test/target/test-dir/MiniOzoneClusterImpl-73a943d6-9e54-420a-b8c2-6f1b1463b42a/datanode-0/meta/datanode.id
2019-08-22 01:58:32,861 [main] INFO  volume.HddsVolume (HddsVolume.java:<init>(176)) - Creating Volume: /workdir/hadoop-ozone/integration-test/target/test-dir/MiniOzoneClusterImpl-73a943d6-9e54-420a-b8c2-6f1b1463b42a/datanode-1/data/containers/hdds of  storage type : DISK and capacity : 1482555576320
2019-08-22 01:58:32,861 [main] INFO  volume.VolumeSet (VolumeSet.java:initializeVolumeSet(170)) - Added Volume : /workdir/hadoop-ozone/integration-test/target/test-dir/MiniOzoneClusterImpl-73a943d6-9e54-420a-b8c2-6f1b1463b42a/datanode-1/data/containers/hdds to VolumeSet
2019-08-22 01:58:32,862 [main] INFO  volume.ThrottledAsyncChecker (ThrottledAsyncChecker.java:schedule(140)) - Scheduling a check for org.apache.hadoop.ozone.container.common.volume.HddsVolume@1cd7bc66
2019-08-22 01:58:32,862 [main] INFO  volume.HddsVolumeChecker (HddsVolumeChecker.java:checkAllVolumes(203)) - Scheduled health check for volume org.apache.hadoop.ozone.container.common.volume.HddsVolume@1cd7bc66
2019-08-22 01:58:32,876 [main] INFO  impl.RaftServerProxy (ConfUtils.java:logGet(43)) - raft.rpc.type = GRPC (default)
2019-08-22 01:58:32,877 [main] INFO  grpc.GrpcFactory (GrpcFactory.java:checkPooledByteBufAllocatorUseCacheForAllThreads(45)) - PERFORMANCE WARNING: useCacheForAllThreads is true that may cause Netty to create a lot garbage objects and, as a result, trigger GC.
	It is recommended to disable useCacheForAllThreads by setting -Dorg.apache.ratis.thirdparty.io.netty.allocator.useCacheForAllThreads=false in command line.
2019-08-22 01:58:32,877 [main] INFO  grpc.GrpcConfigKeys$Server (ConfUtils.java:logGet(43)) - raft.grpc.server.port = 0 (default)
2019-08-22 01:58:32,877 [main] INFO  server.GrpcService (ConfUtils.java:logGet(43)) - raft.grpc.message.size.max = 33570816 (custom)
2019-08-22 01:58:32,877 [main] INFO  server.RaftServerConfigKeys (ConfUtils.java:logGet(43)) - raft.server.log.appender.buffer.byte-limit = 33554432 (custom)
2019-08-22 01:58:32,877 [main] INFO  server.GrpcService (ConfUtils.java:logGet(43)) - raft.grpc.flow.control.window = 1MB (=1048576) (default)
2019-08-22 01:58:32,878 [main] INFO  server.RaftServerConfigKeys (ConfUtils.java:logGet(43)) - raft.server.rpc.request.timeout = 3000ms (default)
2019-08-22 01:58:32,878 [main] INFO  server.RaftServerConfigKeys (ConfUtils.java:logGet(43)) - raft.server.storage.dir = [/workdir/hadoop-ozone/integration-test/target/test-dir/MiniOzoneClusterImpl-73a943d6-9e54-420a-b8c2-6f1b1463b42a/datanode-1/data/ratis] (custom)
2019-08-22 01:58:32,878 [main] INFO  replication.SimpleContainerDownloader (SimpleContainerDownloader.java:<init>(72)) - Starting container downloader service to copy containers to replicate.
2019-08-22 01:58:32,879 [main] INFO  hdfs.DFSUtil (DFSUtil.java:httpServerTemplateForNNAndJN(1641)) - Starting Web-server for hddsDatanode at: http://0.0.0.0:0
2019-08-22 01:58:32,880 [main] INFO  server.AuthenticationFilter (AuthenticationFilter.java:constructSecretProvider(240)) - Unable to initialize FileSignerSecretProvider, falling back to use random secrets.
2019-08-22 01:58:32,881 [main] WARN  http.HttpRequestLog (HttpRequestLog.java:getRequestLog(97)) - Jetty request log can only be enabled using Log4j
2019-08-22 01:58:32,882 [main] INFO  http.HttpServer2 (HttpServer2.java:addGlobalFilter(975)) - Added global filter 'safety' (class=org.apache.hadoop.http.HttpServer2$QuotingInputFilter)
2019-08-22 01:58:32,882 [main] INFO  http.HttpServer2 (HttpServer2.java:addFilter(948)) - Added filter static_user_filter (class=org.apache.hadoop.http.lib.StaticUserWebFilter$StaticUserFilter) to context hddsDatanode
2019-08-22 01:58:32,883 [main] INFO  http.HttpServer2 (HttpServer2.java:addFilter(958)) - Added filter static_user_filter (class=org.apache.hadoop.http.lib.StaticUserWebFilter$StaticUserFilter) to context logs
2019-08-22 01:58:32,883 [main] INFO  http.HttpServer2 (HttpServer2.java:addFilter(958)) - Added filter static_user_filter (class=org.apache.hadoop.http.lib.StaticUserWebFilter$StaticUserFilter) to context static
2019-08-22 01:58:32,883 [main] INFO  http.HttpServer2 (HttpServer2.java:bindListener(1191)) - Jetty bound to port 39699
2019-08-22 01:58:32,883 [main] INFO  server.Server (Server.java:doStart(351)) - jetty-9.3.24.v20180605, build timestamp: 2018-06-05T17:11:56Z, git hash: 84205aa28f11a4f31f2a3b86d1bba2cc8ab69827
2019-08-22 01:58:32,885 [main] INFO  handler.ContextHandler (ContextHandler.java:doStart(781)) - Started o.e.j.s.ServletContextHandler@2625eb84{/logs,file:///workdir/hadoop-ozone/integration-test/target/log,AVAILABLE}
2019-08-22 01:58:32,885 [main] INFO  handler.ContextHandler (ContextHandler.java:doStart(781)) - Started o.e.j.s.ServletContextHandler@3725471{/static,jar:file:/home/user/.m2/repository/org/apache/hadoop/hadoop-hdds-container-service/0.5.0-SNAPSHOT/hadoop-hdds-container-service-0.5.0-SNAPSHOT.jar!/webapps/static,AVAILABLE}
2019-08-22 01:58:32,912 [main] INFO  handler.ContextHandler (ContextHandler.java:doStart(781)) - Started o.e.j.w.WebAppContext@1320d929{/,file:///tmp/jetty-0.0.0.0-39699-hddsDatanode-_-any-264042200644666385.dir/webapp/,AVAILABLE}{/hddsDatanode}
2019-08-22 01:58:32,912 [main] INFO  server.AbstractConnector (AbstractConnector.java:doStart(278)) - Started ServerConnector@3b5d0c4d{HTTP/1.1,[http/1.1]}{0.0.0.0:39699}
2019-08-22 01:58:32,913 [main] INFO  server.Server (Server.java:doStart(419)) - Started @568580ms
2019-08-22 01:58:32,914 [main] INFO  server.BaseHttpServer (BaseHttpServer.java:updateConnectorAddress(213)) - HTTP server of HDDSDATANODE is listening at http://0.0.0.0:39699
2019-08-22 01:58:33,039 | INFO  | ObjectStoreRestHttpServer | Listening HDDS REST traffic on /0.0.0.0:35760 |  
2019-08-22 01:58:33,039 [main] INFO  ozone.HddsDatanodeService (HddsDatanodeService.java:startPlugins(395)) - Started plug-in org.apache.hadoop.ozone.web.OzoneHddsDatanodeService@5f3fa154
2019-08-22 01:58:33,039 [main] INFO  impl.MetricsSystemImpl (MetricsSystemImpl.java:init(158)) - HddsDatanode metrics system started (again)
2019-08-22 01:58:33,042 [org.apache.hadoop.util.JvmPauseMonitor$Monitor@6c1261ab] INFO  util.JvmPauseMonitor (JvmPauseMonitor.java:run(188)) - Starting JVM pause monitor
2019-08-22 01:58:33,043 [main] INFO  ozone.HddsDatanodeService (HddsDatanodeService.java:start(184)) - HddsDatanodeService host:pr-hdds-1998-jt8wz-3050591487 ip:192.168.34.54
2019-08-22 01:58:33,044 [Datanode State Machine Thread - 0] INFO  datanode.InitDatanodeState (InitDatanodeState.java:persistContainerDatanodeDetails(140)) - DatanodeDetails is persisted to /workdir/hadoop-ozone/integration-test/target/test-dir/MiniOzoneClusterImpl-73a943d6-9e54-420a-b8c2-6f1b1463b42a/datanode-1/meta/datanode.id
2019-08-22 01:58:33,053 [main] INFO  volume.HddsVolume (HddsVolume.java:<init>(176)) - Creating Volume: /workdir/hadoop-ozone/integration-test/target/test-dir/MiniOzoneClusterImpl-73a943d6-9e54-420a-b8c2-6f1b1463b42a/datanode-2/data/containers/hdds of  storage type : DISK and capacity : 1482555576320
2019-08-22 01:58:33,054 [main] INFO  volume.VolumeSet (VolumeSet.java:initializeVolumeSet(170)) - Added Volume : /workdir/hadoop-ozone/integration-test/target/test-dir/MiniOzoneClusterImpl-73a943d6-9e54-420a-b8c2-6f1b1463b42a/datanode-2/data/containers/hdds to VolumeSet
2019-08-22 01:58:33,054 [main] INFO  volume.ThrottledAsyncChecker (ThrottledAsyncChecker.java:schedule(140)) - Scheduling a check for org.apache.hadoop.ozone.container.common.volume.HddsVolume@6e245068
2019-08-22 01:58:33,055 [main] INFO  volume.HddsVolumeChecker (HddsVolumeChecker.java:checkAllVolumes(203)) - Scheduled health check for volume org.apache.hadoop.ozone.container.common.volume.HddsVolume@6e245068
2019-08-22 01:58:33,072 [main] INFO  impl.RaftServerProxy (ConfUtils.java:logGet(43)) - raft.rpc.type = GRPC (default)
2019-08-22 01:58:33,072 [main] INFO  grpc.GrpcFactory (GrpcFactory.java:checkPooledByteBufAllocatorUseCacheForAllThreads(45)) - PERFORMANCE WARNING: useCacheForAllThreads is true that may cause Netty to create a lot garbage objects and, as a result, trigger GC.
	It is recommended to disable useCacheForAllThreads by setting -Dorg.apache.ratis.thirdparty.io.netty.allocator.useCacheForAllThreads=false in command line.
2019-08-22 01:58:33,073 [main] INFO  grpc.GrpcConfigKeys$Server (ConfUtils.java:logGet(43)) - raft.grpc.server.port = 0 (default)
2019-08-22 01:58:33,073 [main] INFO  server.GrpcService (ConfUtils.java:logGet(43)) - raft.grpc.message.size.max = 33570816 (custom)
2019-08-22 01:58:33,073 [main] INFO  server.RaftServerConfigKeys (ConfUtils.java:logGet(43)) - raft.server.log.appender.buffer.byte-limit = 33554432 (custom)
2019-08-22 01:58:33,073 [main] INFO  server.GrpcService (ConfUtils.java:logGet(43)) - raft.grpc.flow.control.window = 1MB (=1048576) (default)
2019-08-22 01:58:33,074 [main] INFO  server.RaftServerConfigKeys (ConfUtils.java:logGet(43)) - raft.server.rpc.request.timeout = 3000ms (default)
2019-08-22 01:58:33,074 [main] INFO  server.RaftServerConfigKeys (ConfUtils.java:logGet(43)) - raft.server.storage.dir = [/workdir/hadoop-ozone/integration-test/target/test-dir/MiniOzoneClusterImpl-73a943d6-9e54-420a-b8c2-6f1b1463b42a/datanode-2/data/ratis] (custom)
2019-08-22 01:58:33,075 [main] INFO  replication.SimpleContainerDownloader (SimpleContainerDownloader.java:<init>(72)) - Starting container downloader service to copy containers to replicate.
2019-08-22 01:58:33,076 [main] INFO  hdfs.DFSUtil (DFSUtil.java:httpServerTemplateForNNAndJN(1641)) - Starting Web-server for hddsDatanode at: http://0.0.0.0:0
2019-08-22 01:58:33,078 [main] INFO  server.AuthenticationFilter (AuthenticationFilter.java:constructSecretProvider(240)) - Unable to initialize FileSignerSecretProvider, falling back to use random secrets.
2019-08-22 01:58:33,078 [main] WARN  http.HttpRequestLog (HttpRequestLog.java:getRequestLog(97)) - Jetty request log can only be enabled using Log4j
2019-08-22 01:58:33,080 [main] INFO  http.HttpServer2 (HttpServer2.java:addGlobalFilter(975)) - Added global filter 'safety' (class=org.apache.hadoop.http.HttpServer2$QuotingInputFilter)
2019-08-22 01:58:33,080 [main] INFO  http.HttpServer2 (HttpServer2.java:addFilter(948)) - Added filter static_user_filter (class=org.apache.hadoop.http.lib.StaticUserWebFilter$StaticUserFilter) to context hddsDatanode
2019-08-22 01:58:33,080 [main] INFO  http.HttpServer2 (HttpServer2.java:addFilter(958)) - Added filter static_user_filter (class=org.apache.hadoop.http.lib.StaticUserWebFilter$StaticUserFilter) to context logs
2019-08-22 01:58:33,080 [main] INFO  http.HttpServer2 (HttpServer2.java:addFilter(958)) - Added filter static_user_filter (class=org.apache.hadoop.http.lib.StaticUserWebFilter$StaticUserFilter) to context static
2019-08-22 01:58:33,081 [main] INFO  http.HttpServer2 (HttpServer2.java:bindListener(1191)) - Jetty bound to port 40873
2019-08-22 01:58:33,081 [main] INFO  server.Server (Server.java:doStart(351)) - jetty-9.3.24.v20180605, build timestamp: 2018-06-05T17:11:56Z, git hash: 84205aa28f11a4f31f2a3b86d1bba2cc8ab69827
2019-08-22 01:58:33,083 [main] INFO  handler.ContextHandler (ContextHandler.java:doStart(781)) - Started o.e.j.s.ServletContextHandler@5fe1b8d2{/logs,file:///workdir/hadoop-ozone/integration-test/target/log,AVAILABLE}
2019-08-22 01:58:33,084 [main] INFO  handler.ContextHandler (ContextHandler.java:doStart(781)) - Started o.e.j.s.ServletContextHandler@1af6cd73{/static,jar:file:/home/user/.m2/repository/org/apache/hadoop/hadoop-hdds-container-service/0.5.0-SNAPSHOT/hadoop-hdds-container-service-0.5.0-SNAPSHOT.jar!/webapps/static,AVAILABLE}
2019-08-22 01:58:33,111 [main] INFO  handler.ContextHandler (ContextHandler.java:doStart(781)) - Started o.e.j.w.WebAppContext@3abe8714{/,file:///tmp/jetty-0.0.0.0-40873-hddsDatanode-_-any-5067509233831816633.dir/webapp/,AVAILABLE}{/hddsDatanode}
2019-08-22 01:58:33,112 [main] INFO  server.AbstractConnector (AbstractConnector.java:doStart(278)) - Started ServerConnector@3b0b20a8{HTTP/1.1,[http/1.1]}{0.0.0.0:40873}
2019-08-22 01:58:33,113 [main] INFO  server.Server (Server.java:doStart(419)) - Started @568780ms
2019-08-22 01:58:33,114 [main] INFO  server.BaseHttpServer (BaseHttpServer.java:updateConnectorAddress(213)) - HTTP server of HDDSDATANODE is listening at http://0.0.0.0:40873
2019-08-22 01:58:33,221 | INFO  | ObjectStoreRestHttpServer | Listening HDDS REST traffic on /0.0.0.0:44388 |  
2019-08-22 01:58:33,221 [main] INFO  ozone.HddsDatanodeService (HddsDatanodeService.java:startPlugins(395)) - Started plug-in org.apache.hadoop.ozone.web.OzoneHddsDatanodeService@731819a0
2019-08-22 01:58:33,222 [main] INFO  impl.MetricsSystemImpl (MetricsSystemImpl.java:init(158)) - HddsDatanode metrics system started (again)
2019-08-22 01:58:33,225 [main] INFO  ozone.HddsDatanodeService (HddsDatanodeService.java:start(184)) - HddsDatanodeService host:pr-hdds-1998-jt8wz-3050591487 ip:192.168.34.54
2019-08-22 01:58:33,225 [org.apache.hadoop.util.JvmPauseMonitor$Monitor@4ac7c3d2] INFO  util.JvmPauseMonitor (JvmPauseMonitor.java:run(188)) - Starting JVM pause monitor
2019-08-22 01:58:33,226 [Datanode State Machine Thread - 0] INFO  datanode.InitDatanodeState (InitDatanodeState.java:persistContainerDatanodeDetails(140)) - DatanodeDetails is persisted to /workdir/hadoop-ozone/integration-test/target/test-dir/MiniOzoneClusterImpl-73a943d6-9e54-420a-b8c2-6f1b1463b42a/datanode-2/meta/datanode.id
2019-08-22 01:58:33,234 [main] INFO  volume.HddsVolume (HddsVolume.java:<init>(176)) - Creating Volume: /workdir/hadoop-ozone/integration-test/target/test-dir/MiniOzoneClusterImpl-73a943d6-9e54-420a-b8c2-6f1b1463b42a/datanode-3/data/containers/hdds of  storage type : DISK and capacity : 1482555576320
2019-08-22 01:58:33,234 [main] INFO  volume.VolumeSet (VolumeSet.java:initializeVolumeSet(170)) - Added Volume : /workdir/hadoop-ozone/integration-test/target/test-dir/MiniOzoneClusterImpl-73a943d6-9e54-420a-b8c2-6f1b1463b42a/datanode-3/data/containers/hdds to VolumeSet
2019-08-22 01:58:33,234 [main] INFO  volume.ThrottledAsyncChecker (ThrottledAsyncChecker.java:schedule(140)) - Scheduling a check for org.apache.hadoop.ozone.container.common.volume.HddsVolume@4a35aed6
2019-08-22 01:58:33,235 [main] INFO  volume.HddsVolumeChecker (HddsVolumeChecker.java:checkAllVolumes(203)) - Scheduled health check for volume org.apache.hadoop.ozone.container.common.volume.HddsVolume@4a35aed6
2019-08-22 01:58:33,250 [main] INFO  impl.RaftServerProxy (ConfUtils.java:logGet(43)) - raft.rpc.type = GRPC (default)
2019-08-22 01:58:33,250 [main] INFO  grpc.GrpcFactory (GrpcFactory.java:checkPooledByteBufAllocatorUseCacheForAllThreads(45)) - PERFORMANCE WARNING: useCacheForAllThreads is true that may cause Netty to create a lot garbage objects and, as a result, trigger GC.
	It is recommended to disable useCacheForAllThreads by setting -Dorg.apache.ratis.thirdparty.io.netty.allocator.useCacheForAllThreads=false in command line.
2019-08-22 01:58:33,250 [main] INFO  grpc.GrpcConfigKeys$Server (ConfUtils.java:logGet(43)) - raft.grpc.server.port = 0 (default)
2019-08-22 01:58:33,251 [main] INFO  server.GrpcService (ConfUtils.java:logGet(43)) - raft.grpc.message.size.max = 33570816 (custom)
2019-08-22 01:58:33,251 [main] INFO  server.RaftServerConfigKeys (ConfUtils.java:logGet(43)) - raft.server.log.appender.buffer.byte-limit = 33554432 (custom)
2019-08-22 01:58:33,251 [main] INFO  server.GrpcService (ConfUtils.java:logGet(43)) - raft.grpc.flow.control.window = 1MB (=1048576) (default)
2019-08-22 01:58:33,251 [main] INFO  server.RaftServerConfigKeys (ConfUtils.java:logGet(43)) - raft.server.rpc.request.timeout = 3000ms (default)
2019-08-22 01:58:33,252 [main] INFO  server.RaftServerConfigKeys (ConfUtils.java:logGet(43)) - raft.server.storage.dir = [/workdir/hadoop-ozone/integration-test/target/test-dir/MiniOzoneClusterImpl-73a943d6-9e54-420a-b8c2-6f1b1463b42a/datanode-3/data/ratis] (custom)
2019-08-22 01:58:33,252 [main] INFO  replication.SimpleContainerDownloader (SimpleContainerDownloader.java:<init>(72)) - Starting container downloader service to copy containers to replicate.
2019-08-22 01:58:33,253 [main] INFO  hdfs.DFSUtil (DFSUtil.java:httpServerTemplateForNNAndJN(1641)) - Starting Web-server for hddsDatanode at: http://0.0.0.0:0
2019-08-22 01:58:33,254 [main] INFO  server.AuthenticationFilter (AuthenticationFilter.java:constructSecretProvider(240)) - Unable to initialize FileSignerSecretProvider, falling back to use random secrets.
2019-08-22 01:58:33,255 [main] WARN  http.HttpRequestLog (HttpRequestLog.java:getRequestLog(97)) - Jetty request log can only be enabled using Log4j
2019-08-22 01:58:33,257 [main] INFO  http.HttpServer2 (HttpServer2.java:addGlobalFilter(975)) - Added global filter 'safety' (class=org.apache.hadoop.http.HttpServer2$QuotingInputFilter)
2019-08-22 01:58:33,258 [main] INFO  http.HttpServer2 (HttpServer2.java:addFilter(948)) - Added filter static_user_filter (class=org.apache.hadoop.http.lib.StaticUserWebFilter$StaticUserFilter) to context hddsDatanode
2019-08-22 01:58:33,258 [main] INFO  http.HttpServer2 (HttpServer2.java:addFilter(958)) - Added filter static_user_filter (class=org.apache.hadoop.http.lib.StaticUserWebFilter$StaticUserFilter) to context static
2019-08-22 01:58:33,258 [main] INFO  http.HttpServer2 (HttpServer2.java:addFilter(958)) - Added filter static_user_filter (class=org.apache.hadoop.http.lib.StaticUserWebFilter$StaticUserFilter) to context logs
2019-08-22 01:58:33,258 [main] INFO  http.HttpServer2 (HttpServer2.java:bindListener(1191)) - Jetty bound to port 37584
2019-08-22 01:58:33,259 [main] INFO  server.Server (Server.java:doStart(351)) - jetty-9.3.24.v20180605, build timestamp: 2018-06-05T17:11:56Z, git hash: 84205aa28f11a4f31f2a3b86d1bba2cc8ab69827
2019-08-22 01:58:33,260 [main] INFO  handler.ContextHandler (ContextHandler.java:doStart(781)) - Started o.e.j.s.ServletContextHandler@4d462edc{/logs,file:///workdir/hadoop-ozone/integration-test/target/log,AVAILABLE}
2019-08-22 01:58:33,260 [main] INFO  handler.ContextHandler (ContextHandler.java:doStart(781)) - Started o.e.j.s.ServletContextHandler@330f3046{/static,jar:file:/home/user/.m2/repository/org/apache/hadoop/hadoop-hdds-container-service/0.5.0-SNAPSHOT/hadoop-hdds-container-service-0.5.0-SNAPSHOT.jar!/webapps/static,AVAILABLE}
2019-08-22 01:58:33,287 [main] INFO  handler.ContextHandler (ContextHandler.java:doStart(781)) - Started o.e.j.w.WebAppContext@e206be5{/,file:///tmp/jetty-0.0.0.0-37584-hddsDatanode-_-any-1841334531013169378.dir/webapp/,AVAILABLE}{/hddsDatanode}
2019-08-22 01:58:33,287 [main] INFO  server.AbstractConnector (AbstractConnector.java:doStart(278)) - Started ServerConnector@5f2312f3{HTTP/1.1,[http/1.1]}{0.0.0.0:37584}
2019-08-22 01:58:33,287 [main] INFO  server.Server (Server.java:doStart(419)) - Started @568954ms
2019-08-22 01:58:33,289 [main] INFO  server.BaseHttpServer (BaseHttpServer.java:updateConnectorAddress(213)) - HTTP server of HDDSDATANODE is listening at http://0.0.0.0:37584
2019-08-22 01:58:33,410 | INFO  | ObjectStoreRestHttpServer | Listening HDDS REST traffic on /0.0.0.0:33179 |  
2019-08-22 01:58:33,410 [main] INFO  ozone.HddsDatanodeService (HddsDatanodeService.java:startPlugins(395)) - Started plug-in org.apache.hadoop.ozone.web.OzoneHddsDatanodeService@65c040c9
2019-08-22 01:58:33,411 [main] INFO  impl.MetricsSystemImpl (MetricsSystemImpl.java:init(158)) - HddsDatanode metrics system started (again)
2019-08-22 01:58:33,415 [org.apache.hadoop.util.JvmPauseMonitor$Monitor@2ceb8162] INFO  util.JvmPauseMonitor (JvmPauseMonitor.java:run(188)) - Starting JVM pause monitor
2019-08-22 01:58:33,415 [main] INFO  ozone.HddsDatanodeService (HddsDatanodeService.java:start(184)) - HddsDatanodeService host:pr-hdds-1998-jt8wz-3050591487 ip:192.168.34.54
2019-08-22 01:58:33,416 [Datanode State Machine Thread - 0] INFO  datanode.InitDatanodeState (InitDatanodeState.java:persistContainerDatanodeDetails(140)) - DatanodeDetails is persisted to /workdir/hadoop-ozone/integration-test/target/test-dir/MiniOzoneClusterImpl-73a943d6-9e54-420a-b8c2-6f1b1463b42a/datanode-3/meta/datanode.id
2019-08-22 01:58:33,431 [main] INFO  volume.HddsVolume (HddsVolume.java:<init>(176)) - Creating Volume: /workdir/hadoop-ozone/integration-test/target/test-dir/MiniOzoneClusterImpl-73a943d6-9e54-420a-b8c2-6f1b1463b42a/datanode-4/data/containers/hdds of  storage type : DISK and capacity : 1482555576320
2019-08-22 01:58:33,431 [main] INFO  volume.VolumeSet (VolumeSet.java:initializeVolumeSet(170)) - Added Volume : /workdir/hadoop-ozone/integration-test/target/test-dir/MiniOzoneClusterImpl-73a943d6-9e54-420a-b8c2-6f1b1463b42a/datanode-4/data/containers/hdds to VolumeSet
2019-08-22 01:58:33,431 [main] INFO  volume.ThrottledAsyncChecker (ThrottledAsyncChecker.java:schedule(140)) - Scheduling a check for org.apache.hadoop.ozone.container.common.volume.HddsVolume@2459715c
2019-08-22 01:58:33,432 [main] INFO  volume.HddsVolumeChecker (HddsVolumeChecker.java:checkAllVolumes(203)) - Scheduled health check for volume org.apache.hadoop.ozone.container.common.volume.HddsVolume@2459715c
2019-08-22 01:58:33,445 [main] INFO  impl.RaftServerProxy (ConfUtils.java:logGet(43)) - raft.rpc.type = GRPC (default)
2019-08-22 01:58:33,445 [main] INFO  grpc.GrpcFactory (GrpcFactory.java:checkPooledByteBufAllocatorUseCacheForAllThreads(45)) - PERFORMANCE WARNING: useCacheForAllThreads is true that may cause Netty to create a lot garbage objects and, as a result, trigger GC.
	It is recommended to disable useCacheForAllThreads by setting -Dorg.apache.ratis.thirdparty.io.netty.allocator.useCacheForAllThreads=false in command line.
2019-08-22 01:58:33,446 [main] INFO  grpc.GrpcConfigKeys$Server (ConfUtils.java:logGet(43)) - raft.grpc.server.port = 0 (default)
2019-08-22 01:58:33,446 [main] INFO  server.GrpcService (ConfUtils.java:logGet(43)) - raft.grpc.message.size.max = 33570816 (custom)
2019-08-22 01:58:33,446 [main] INFO  server.RaftServerConfigKeys (ConfUtils.java:logGet(43)) - raft.server.log.appender.buffer.byte-limit = 33554432 (custom)
2019-08-22 01:58:33,446 [main] INFO  server.GrpcService (ConfUtils.java:logGet(43)) - raft.grpc.flow.control.window = 1MB (=1048576) (default)
2019-08-22 01:58:33,446 [main] INFO  server.RaftServerConfigKeys (ConfUtils.java:logGet(43)) - raft.server.rpc.request.timeout = 3000ms (default)
2019-08-22 01:58:33,447 [main] INFO  server.RaftServerConfigKeys (ConfUtils.java:logGet(43)) - raft.server.storage.dir = [/workdir/hadoop-ozone/integration-test/target/test-dir/MiniOzoneClusterImpl-73a943d6-9e54-420a-b8c2-6f1b1463b42a/datanode-4/data/ratis] (custom)
2019-08-22 01:58:33,447 [main] INFO  replication.SimpleContainerDownloader (SimpleContainerDownloader.java:<init>(72)) - Starting container downloader service to copy containers to replicate.
2019-08-22 01:58:33,448 [main] INFO  hdfs.DFSUtil (DFSUtil.java:httpServerTemplateForNNAndJN(1641)) - Starting Web-server for hddsDatanode at: http://0.0.0.0:0
2019-08-22 01:58:33,449 [main] INFO  server.AuthenticationFilter (AuthenticationFilter.java:constructSecretProvider(240)) - Unable to initialize FileSignerSecretProvider, falling back to use random secrets.
2019-08-22 01:58:33,450 [main] WARN  http.HttpRequestLog (HttpRequestLog.java:getRequestLog(97)) - Jetty request log can only be enabled using Log4j
2019-08-22 01:58:33,451 [main] INFO  http.HttpServer2 (HttpServer2.java:addGlobalFilter(975)) - Added global filter 'safety' (class=org.apache.hadoop.http.HttpServer2$QuotingInputFilter)
2019-08-22 01:58:33,451 [main] INFO  http.HttpServer2 (HttpServer2.java:addFilter(948)) - Added filter static_user_filter (class=org.apache.hadoop.http.lib.StaticUserWebFilter$StaticUserFilter) to context hddsDatanode
2019-08-22 01:58:33,452 [main] INFO  http.HttpServer2 (HttpServer2.java:addFilter(958)) - Added filter static_user_filter (class=org.apache.hadoop.http.lib.StaticUserWebFilter$StaticUserFilter) to context static
2019-08-22 01:58:33,452 [main] INFO  http.HttpServer2 (HttpServer2.java:addFilter(958)) - Added filter static_user_filter (class=org.apache.hadoop.http.lib.StaticUserWebFilter$StaticUserFilter) to context logs
2019-08-22 01:58:33,452 [main] INFO  http.HttpServer2 (HttpServer2.java:bindListener(1191)) - Jetty bound to port 37706
2019-08-22 01:58:33,452 [main] INFO  server.Server (Server.java:doStart(351)) - jetty-9.3.24.v20180605, build timestamp: 2018-06-05T17:11:56Z, git hash: 84205aa28f11a4f31f2a3b86d1bba2cc8ab69827
2019-08-22 01:58:33,454 [main] INFO  handler.ContextHandler (ContextHandler.java:doStart(781)) - Started o.e.j.s.ServletContextHandler@1b8d0c21{/logs,file:///workdir/hadoop-ozone/integration-test/target/log,AVAILABLE}
2019-08-22 01:58:33,454 [main] INFO  handler.ContextHandler (ContextHandler.java:doStart(781)) - Started o.e.j.s.ServletContextHandler@4664fef{/static,jar:file:/home/user/.m2/repository/org/apache/hadoop/hadoop-hdds-container-service/0.5.0-SNAPSHOT/hadoop-hdds-container-service-0.5.0-SNAPSHOT.jar!/webapps/static,AVAILABLE}
2019-08-22 01:58:33,482 [main] INFO  handler.ContextHandler (ContextHandler.java:doStart(781)) - Started o.e.j.w.WebAppContext@2f0b7b6d{/,file:///tmp/jetty-0.0.0.0-37706-hddsDatanode-_-any-7244435265242378835.dir/webapp/,AVAILABLE}{/hddsDatanode}
2019-08-22 01:58:33,482 [main] INFO  server.AbstractConnector (AbstractConnector.java:doStart(278)) - Started ServerConnector@1766b7{HTTP/1.1,[http/1.1]}{0.0.0.0:37706}
2019-08-22 01:58:33,484 [main] INFO  server.Server (Server.java:doStart(419)) - Started @569151ms
2019-08-22 01:58:33,485 [main] INFO  server.BaseHttpServer (BaseHttpServer.java:updateConnectorAddress(213)) - HTTP server of HDDSDATANODE is listening at http://0.0.0.0:37706
2019-08-22 01:58:33,606 | INFO  | ObjectStoreRestHttpServer | Listening HDDS REST traffic on /0.0.0.0:46078 |  
2019-08-22 01:58:33,606 [main] INFO  ozone.HddsDatanodeService (HddsDatanodeService.java:startPlugins(395)) - Started plug-in org.apache.hadoop.ozone.web.OzoneHddsDatanodeService@5bebdfcb
2019-08-22 01:58:33,606 [main] INFO  impl.MetricsSystemImpl (MetricsSystemImpl.java:init(158)) - HddsDatanode metrics system started (again)
2019-08-22 01:58:33,610 [org.apache.hadoop.util.JvmPauseMonitor$Monitor@4a22ef78] INFO  util.JvmPauseMonitor (JvmPauseMonitor.java:run(188)) - Starting JVM pause monitor
2019-08-22 01:58:33,610 [main] INFO  ozone.HddsDatanodeService (HddsDatanodeService.java:start(184)) - HddsDatanodeService host:pr-hdds-1998-jt8wz-3050591487 ip:192.168.34.54
2019-08-22 01:58:33,611 [Datanode State Machine Thread - 0] INFO  datanode.InitDatanodeState (InitDatanodeState.java:persistContainerDatanodeDetails(140)) - DatanodeDetails is persisted to /workdir/hadoop-ozone/integration-test/target/test-dir/MiniOzoneClusterImpl-73a943d6-9e54-420a-b8c2-6f1b1463b42a/datanode-4/meta/datanode.id
2019-08-22 01:58:33,622 [main] INFO  volume.HddsVolume (HddsVolume.java:<init>(176)) - Creating Volume: /workdir/hadoop-ozone/integration-test/target/test-dir/MiniOzoneClusterImpl-73a943d6-9e54-420a-b8c2-6f1b1463b42a/datanode-5/data/containers/hdds of  storage type : DISK and capacity : 1482555576320
2019-08-22 01:58:33,623 [main] INFO  volume.VolumeSet (VolumeSet.java:initializeVolumeSet(170)) - Added Volume : /workdir/hadoop-ozone/integration-test/target/test-dir/MiniOzoneClusterImpl-73a943d6-9e54-420a-b8c2-6f1b1463b42a/datanode-5/data/containers/hdds to VolumeSet
2019-08-22 01:58:33,623 [main] INFO  volume.ThrottledAsyncChecker (ThrottledAsyncChecker.java:schedule(140)) - Scheduling a check for org.apache.hadoop.ozone.container.common.volume.HddsVolume@4fc41cba
2019-08-22 01:58:33,623 [main] INFO  volume.HddsVolumeChecker (HddsVolumeChecker.java:checkAllVolumes(203)) - Scheduled health check for volume org.apache.hadoop.ozone.container.common.volume.HddsVolume@4fc41cba
2019-08-22 01:58:33,637 [main] INFO  impl.RaftServerProxy (ConfUtils.java:logGet(43)) - raft.rpc.type = GRPC (default)
2019-08-22 01:58:33,637 [main] INFO  grpc.GrpcFactory (GrpcFactory.java:checkPooledByteBufAllocatorUseCacheForAllThreads(45)) - PERFORMANCE WARNING: useCacheForAllThreads is true that may cause Netty to create a lot garbage objects and, as a result, trigger GC.
	It is recommended to disable useCacheForAllThreads by setting -Dorg.apache.ratis.thirdparty.io.netty.allocator.useCacheForAllThreads=false in command line.
2019-08-22 01:58:33,637 [main] INFO  grpc.GrpcConfigKeys$Server (ConfUtils.java:logGet(43)) - raft.grpc.server.port = 0 (default)
2019-08-22 01:58:33,637 [main] INFO  server.GrpcService (ConfUtils.java:logGet(43)) - raft.grpc.message.size.max = 33570816 (custom)
2019-08-22 01:58:33,637 [main] INFO  server.RaftServerConfigKeys (ConfUtils.java:logGet(43)) - raft.server.log.appender.buffer.byte-limit = 33554432 (custom)
2019-08-22 01:58:33,637 [main] INFO  server.GrpcService (ConfUtils.java:logGet(43)) - raft.grpc.flow.control.window = 1MB (=1048576) (default)
2019-08-22 01:58:33,638 [main] INFO  server.RaftServerConfigKeys (ConfUtils.java:logGet(43)) - raft.server.rpc.request.timeout = 3000ms (default)
2019-08-22 01:58:33,638 [main] INFO  server.RaftServerConfigKeys (ConfUtils.java:logGet(43)) - raft.server.storage.dir = [/workdir/hadoop-ozone/integration-test/target/test-dir/MiniOzoneClusterImpl-73a943d6-9e54-420a-b8c2-6f1b1463b42a/datanode-5/data/ratis] (custom)
2019-08-22 01:58:33,638 [main] INFO  replication.SimpleContainerDownloader (SimpleContainerDownloader.java:<init>(72)) - Starting container downloader service to copy containers to replicate.
2019-08-22 01:58:33,639 [main] INFO  hdfs.DFSUtil (DFSUtil.java:httpServerTemplateForNNAndJN(1641)) - Starting Web-server for hddsDatanode at: http://0.0.0.0:0
2019-08-22 01:58:33,640 [main] INFO  server.AuthenticationFilter (AuthenticationFilter.java:constructSecretProvider(240)) - Unable to initialize FileSignerSecretProvider, falling back to use random secrets.
2019-08-22 01:58:33,641 [main] WARN  http.HttpRequestLog (HttpRequestLog.java:getRequestLog(97)) - Jetty request log can only be enabled using Log4j
2019-08-22 01:58:33,642 [main] INFO  http.HttpServer2 (HttpServer2.java:addGlobalFilter(975)) - Added global filter 'safety' (class=org.apache.hadoop.http.HttpServer2$QuotingInputFilter)
2019-08-22 01:58:33,642 [main] INFO  http.HttpServer2 (HttpServer2.java:addFilter(948)) - Added filter static_user_filter (class=org.apache.hadoop.http.lib.StaticUserWebFilter$StaticUserFilter) to context hddsDatanode
2019-08-22 01:58:33,642 [main] INFO  http.HttpServer2 (HttpServer2.java:addFilter(958)) - Added filter static_user_filter (class=org.apache.hadoop.http.lib.StaticUserWebFilter$StaticUserFilter) to context logs
2019-08-22 01:58:33,642 [main] INFO  http.HttpServer2 (HttpServer2.java:addFilter(958)) - Added filter static_user_filter (class=org.apache.hadoop.http.lib.StaticUserWebFilter$StaticUserFilter) to context static
2019-08-22 01:58:33,643 [main] INFO  http.HttpServer2 (HttpServer2.java:bindListener(1191)) - Jetty bound to port 44985
2019-08-22 01:58:33,643 [main] INFO  server.Server (Server.java:doStart(351)) - jetty-9.3.24.v20180605, build timestamp: 2018-06-05T17:11:56Z, git hash: 84205aa28f11a4f31f2a3b86d1bba2cc8ab69827
2019-08-22 01:58:33,644 [main] INFO  handler.ContextHandler (ContextHandler.java:doStart(781)) - Started o.e.j.s.ServletContextHandler@5f0bcadb{/logs,file:///workdir/hadoop-ozone/integration-test/target/log,AVAILABLE}
2019-08-22 01:58:33,645 [main] INFO  handler.ContextHandler (ContextHandler.java:doStart(781)) - Started o.e.j.s.ServletContextHandler@2d7bfb13{/static,jar:file:/home/user/.m2/repository/org/apache/hadoop/hadoop-hdds-container-service/0.5.0-SNAPSHOT/hadoop-hdds-container-service-0.5.0-SNAPSHOT.jar!/webapps/static,AVAILABLE}
2019-08-22 01:58:33,673 [main] INFO  handler.ContextHandler (ContextHandler.java:doStart(781)) - Started o.e.j.w.WebAppContext@26753687{/,file:///tmp/jetty-0.0.0.0-44985-hddsDatanode-_-any-4132037425603231838.dir/webapp/,AVAILABLE}{/hddsDatanode}
2019-08-22 01:58:33,673 [main] INFO  server.AbstractConnector (AbstractConnector.java:doStart(278)) - Started ServerConnector@765650e4{HTTP/1.1,[http/1.1]}{0.0.0.0:44985}
2019-08-22 01:58:33,674 [main] INFO  server.Server (Server.java:doStart(419)) - Started @569340ms
2019-08-22 01:58:33,676 [main] INFO  server.BaseHttpServer (BaseHttpServer.java:updateConnectorAddress(213)) - HTTP server of HDDSDATANODE is listening at http://0.0.0.0:44985
2019-08-22 01:58:34,004 | INFO  | ObjectStoreRestHttpServer | Listening HDDS REST traffic on /0.0.0.0:45808 |  
2019-08-22 01:58:34,004 [main] INFO  ozone.HddsDatanodeService (HddsDatanodeService.java:startPlugins(395)) - Started plug-in org.apache.hadoop.ozone.web.OzoneHddsDatanodeService@4b5c84be
2019-08-22 01:58:34,004 [main] INFO  impl.MetricsSystemImpl (MetricsSystemImpl.java:init(158)) - HddsDatanode metrics system started (again)
2019-08-22 01:58:34,008 [org.apache.hadoop.util.JvmPauseMonitor$Monitor@2738bf7c] INFO  util.JvmPauseMonitor (JvmPauseMonitor.java:run(188)) - Starting JVM pause monitor
2019-08-22 01:58:34,009 [main] INFO  ozone.HddsDatanodeService (HddsDatanodeService.java:start(184)) - HddsDatanodeService host:pr-hdds-1998-jt8wz-3050591487 ip:192.168.34.54
2019-08-22 01:58:34,010 [Datanode State Machine Thread - 0] INFO  datanode.InitDatanodeState (InitDatanodeState.java:persistContainerDatanodeDetails(140)) - DatanodeDetails is persisted to /workdir/hadoop-ozone/integration-test/target/test-dir/MiniOzoneClusterImpl-73a943d6-9e54-420a-b8c2-6f1b1463b42a/datanode-5/meta/datanode.id
2019-08-22 01:58:34,019 [main] INFO  volume.HddsVolume (HddsVolume.java:<init>(176)) - Creating Volume: /workdir/hadoop-ozone/integration-test/target/test-dir/MiniOzoneClusterImpl-73a943d6-9e54-420a-b8c2-6f1b1463b42a/datanode-6/data/containers/hdds of  storage type : DISK and capacity : 1482555576320
2019-08-22 01:58:34,019 [main] INFO  volume.VolumeSet (VolumeSet.java:initializeVolumeSet(170)) - Added Volume : /workdir/hadoop-ozone/integration-test/target/test-dir/MiniOzoneClusterImpl-73a943d6-9e54-420a-b8c2-6f1b1463b42a/datanode-6/data/containers/hdds to VolumeSet
2019-08-22 01:58:34,019 [main] INFO  volume.ThrottledAsyncChecker (ThrottledAsyncChecker.java:schedule(140)) - Scheduling a check for org.apache.hadoop.ozone.container.common.volume.HddsVolume@655c1b
2019-08-22 01:58:34,020 [main] INFO  volume.HddsVolumeChecker (HddsVolumeChecker.java:checkAllVolumes(203)) - Scheduled health check for volume org.apache.hadoop.ozone.container.common.volume.HddsVolume@655c1b
2019-08-22 01:58:34,033 [main] INFO  impl.RaftServerProxy (ConfUtils.java:logGet(43)) - raft.rpc.type = GRPC (default)
2019-08-22 01:58:34,034 [main] INFO  grpc.GrpcFactory (GrpcFactory.java:checkPooledByteBufAllocatorUseCacheForAllThreads(45)) - PERFORMANCE WARNING: useCacheForAllThreads is true that may cause Netty to create a lot garbage objects and, as a result, trigger GC.
	It is recommended to disable useCacheForAllThreads by setting -Dorg.apache.ratis.thirdparty.io.netty.allocator.useCacheForAllThreads=false in command line.
2019-08-22 01:58:34,034 [main] INFO  grpc.GrpcConfigKeys$Server (ConfUtils.java:logGet(43)) - raft.grpc.server.port = 0 (default)
2019-08-22 01:58:34,034 [main] INFO  server.GrpcService (ConfUtils.java:logGet(43)) - raft.grpc.message.size.max = 33570816 (custom)
2019-08-22 01:58:34,034 [main] INFO  server.RaftServerConfigKeys (ConfUtils.java:logGet(43)) - raft.server.log.appender.buffer.byte-limit = 33554432 (custom)
2019-08-22 01:58:34,034 [main] INFO  server.GrpcService (ConfUtils.java:logGet(43)) - raft.grpc.flow.control.window = 1MB (=1048576) (default)
2019-08-22 01:58:34,034 [main] INFO  server.RaftServerConfigKeys (ConfUtils.java:logGet(43)) - raft.server.rpc.request.timeout = 3000ms (default)
2019-08-22 01:58:34,035 [main] INFO  server.RaftServerConfigKeys (ConfUtils.java:logGet(43)) - raft.server.storage.dir = [/workdir/hadoop-ozone/integration-test/target/test-dir/MiniOzoneClusterImpl-73a943d6-9e54-420a-b8c2-6f1b1463b42a/datanode-6/data/ratis] (custom)
2019-08-22 01:58:34,035 [main] INFO  replication.SimpleContainerDownloader (SimpleContainerDownloader.java:<init>(72)) - Starting container downloader service to copy containers to replicate.
2019-08-22 01:58:34,037 [main] INFO  hdfs.DFSUtil (DFSUtil.java:httpServerTemplateForNNAndJN(1641)) - Starting Web-server for hddsDatanode at: http://0.0.0.0:0
2019-08-22 01:58:34,038 [main] INFO  server.AuthenticationFilter (AuthenticationFilter.java:constructSecretProvider(240)) - Unable to initialize FileSignerSecretProvider, falling back to use random secrets.
2019-08-22 01:58:34,039 [main] WARN  http.HttpRequestLog (HttpRequestLog.java:getRequestLog(97)) - Jetty request log can only be enabled using Log4j
2019-08-22 01:58:34,040 [main] INFO  http.HttpServer2 (HttpServer2.java:addGlobalFilter(975)) - Added global filter 'safety' (class=org.apache.hadoop.http.HttpServer2$QuotingInputFilter)
2019-08-22 01:58:34,040 [main] INFO  http.HttpServer2 (HttpServer2.java:addFilter(948)) - Added filter static_user_filter (class=org.apache.hadoop.http.lib.StaticUserWebFilter$StaticUserFilter) to context hddsDatanode
2019-08-22 01:58:34,040 [main] INFO  http.HttpServer2 (HttpServer2.java:addFilter(958)) - Added filter static_user_filter (class=org.apache.hadoop.http.lib.StaticUserWebFilter$StaticUserFilter) to context logs
2019-08-22 01:58:34,040 [main] INFO  http.HttpServer2 (HttpServer2.java:addFilter(958)) - Added filter static_user_filter (class=org.apache.hadoop.http.lib.StaticUserWebFilter$StaticUserFilter) to context static
2019-08-22 01:58:34,041 [main] INFO  http.HttpServer2 (HttpServer2.java:bindListener(1191)) - Jetty bound to port 35226
2019-08-22 01:58:34,041 [main] INFO  server.Server (Server.java:doStart(351)) - jetty-9.3.24.v20180605, build timestamp: 2018-06-05T17:11:56Z, git hash: 84205aa28f11a4f31f2a3b86d1bba2cc8ab69827
2019-08-22 01:58:34,042 [main] INFO  handler.ContextHandler (ContextHandler.java:doStart(781)) - Started o.e.j.s.ServletContextHandler@28b5cee{/logs,file:///workdir/hadoop-ozone/integration-test/target/log,AVAILABLE}
2019-08-22 01:58:34,043 [main] INFO  handler.ContextHandler (ContextHandler.java:doStart(781)) - Started o.e.j.s.ServletContextHandler@3e1596c3{/static,jar:file:/home/user/.m2/repository/org/apache/hadoop/hadoop-hdds-container-service/0.5.0-SNAPSHOT/hadoop-hdds-container-service-0.5.0-SNAPSHOT.jar!/webapps/static,AVAILABLE}
2019-08-22 01:58:34,078 [main] INFO  handler.ContextHandler (ContextHandler.java:doStart(781)) - Started o.e.j.w.WebAppContext@5dd2e62a{/,file:///tmp/jetty-0.0.0.0-35226-hddsDatanode-_-any-5996878288066814217.dir/webapp/,AVAILABLE}{/hddsDatanode}
2019-08-22 01:58:34,078 [main] INFO  server.AbstractConnector (AbstractConnector.java:doStart(278)) - Started ServerConnector@2339ad10{HTTP/1.1,[http/1.1]}{0.0.0.0:35226}
2019-08-22 01:58:34,080 [main] INFO  server.Server (Server.java:doStart(419)) - Started @569746ms
2019-08-22 01:58:34,081 [main] INFO  server.BaseHttpServer (BaseHttpServer.java:updateConnectorAddress(213)) - HTTP server of HDDSDATANODE is listening at http://0.0.0.0:35226
2019-08-22 01:58:34,212 | INFO  | ObjectStoreRestHttpServer | Listening HDDS REST traffic on /0.0.0.0:43447 |  
2019-08-22 01:58:34,212 [main] INFO  ozone.HddsDatanodeService (HddsDatanodeService.java:startPlugins(395)) - Started plug-in org.apache.hadoop.ozone.web.OzoneHddsDatanodeService@3518882c
2019-08-22 01:58:34,212 [main] INFO  ozone.MiniOzoneClusterImpl (MiniOzoneClusterImpl.java:lambda$waitForClusterToBeReady$0(142)) - Waiting for cluster to be ready. Got 0 of 7 DN Heartbeats.
2019-08-22 01:58:34,213 [org.apache.hadoop.util.JvmPauseMonitor$Monitor@13006c7d] INFO  util.JvmPauseMonitor (JvmPauseMonitor.java:run(188)) - Starting JVM pause monitor
2019-08-22 01:58:34,215 [Datanode State Machine Thread - 0] INFO  datanode.InitDatanodeState (InitDatanodeState.java:persistContainerDatanodeDetails(140)) - DatanodeDetails is persisted to /workdir/hadoop-ozone/integration-test/target/test-dir/MiniOzoneClusterImpl-73a943d6-9e54-420a-b8c2-6f1b1463b42a/datanode-6/meta/datanode.id
2019-08-22 01:58:34,858 | INFO  | SCMAudit | user=jenkins1000 | ip=192.168.34.54 | op=GET_VERSION null | ret=SUCCESS |  
2019-08-22 01:58:34,874 [Datanode State Machine Thread - 0] INFO  ozoneimpl.OzoneContainer (OzoneContainer.java:start(186)) - Attempting to start container services.
2019-08-22 01:58:34,874 [Datanode State Machine Thread - 0] INFO  ozoneimpl.OzoneContainer (OzoneContainer.java:startContainerScrub(160)) - Background container scrubber has been disabled by hdds.containerscrub.enabled
2019-08-22 01:58:34,875 [Datanode State Machine Thread - 0] INFO  ratis.XceiverServerRatis (XceiverServerRatis.java:start(404)) - Starting XceiverServerRatis bb7541e0-7fde-4f15-9948-e374d6325018 at port 0
2019-08-22 01:58:34,881 [Datanode State Machine Thread - 0] INFO  impl.RaftServerProxy (RaftServerProxy.java:lambda$start$3(299)) - bb7541e0-7fde-4f15-9948-e374d6325018: start RPC server
2019-08-22 01:58:34,882 [Datanode State Machine Thread - 0] INFO  server.GrpcService (GrpcService.java:startImpl(149)) - bb7541e0-7fde-4f15-9948-e374d6325018: GrpcService started, listening on 0.0.0.0/0.0.0.0:35476
2019-08-22 01:58:34,882 [Datanode State Machine Thread - 0] INFO  ratis.XceiverServerRatis (XceiverServerRatis.java:start(414)) - XceiverServerRatis bb7541e0-7fde-4f15-9948-e374d6325018 is started using port 35476
2019-08-22 01:58:34,883 [Datanode State Machine Thread - 0] INFO  server.XceiverServerGrpc (XceiverServerGrpc.java:start(161)) - XceiverServerGrpc bb7541e0-7fde-4f15-9948-e374d6325018 is started using port 46830
2019-08-22 01:58:35,044 | INFO  | SCMAudit | user=jenkins1000 | ip=192.168.34.54 | op=GET_VERSION null | ret=SUCCESS |  
2019-08-22 01:58:35,069 [Datanode State Machine Thread - 0] INFO  ozoneimpl.OzoneContainer (OzoneContainer.java:start(186)) - Attempting to start container services.
2019-08-22 01:58:35,069 [Datanode State Machine Thread - 0] INFO  ozoneimpl.OzoneContainer (OzoneContainer.java:startContainerScrub(160)) - Background container scrubber has been disabled by hdds.containerscrub.enabled
2019-08-22 01:58:35,069 [Datanode State Machine Thread - 0] INFO  ratis.XceiverServerRatis (XceiverServerRatis.java:start(404)) - Starting XceiverServerRatis d2d7804f-07c4-4123-9865-3bb05000fdf0 at port 0
2019-08-22 01:58:35,076 [Datanode State Machine Thread - 0] INFO  impl.RaftServerProxy (RaftServerProxy.java:lambda$start$3(299)) - d2d7804f-07c4-4123-9865-3bb05000fdf0: start RPC server
2019-08-22 01:58:35,077 [Datanode State Machine Thread - 0] INFO  server.GrpcService (GrpcService.java:startImpl(149)) - d2d7804f-07c4-4123-9865-3bb05000fdf0: GrpcService started, listening on 0.0.0.0/0.0.0.0:34770
2019-08-22 01:58:35,077 [Datanode State Machine Thread - 0] INFO  ratis.XceiverServerRatis (XceiverServerRatis.java:start(414)) - XceiverServerRatis d2d7804f-07c4-4123-9865-3bb05000fdf0 is started using port 34770
2019-08-22 01:58:35,080 [Datanode State Machine Thread - 0] INFO  server.XceiverServerGrpc (XceiverServerGrpc.java:start(161)) - XceiverServerGrpc d2d7804f-07c4-4123-9865-3bb05000fdf0 is started using port 42790
2019-08-22 01:58:35,213 [main] INFO  ozone.MiniOzoneClusterImpl (MiniOzoneClusterImpl.java:lambda$waitForClusterToBeReady$0(142)) - Waiting for cluster to be ready. Got 0 of 7 DN Heartbeats.
2019-08-22 01:58:35,226 | INFO  | SCMAudit | user=jenkins1000 | ip=192.168.34.54 | op=GET_VERSION null | ret=SUCCESS |  
2019-08-22 01:58:35,241 [Datanode State Machine Thread - 0] INFO  ozoneimpl.OzoneContainer (OzoneContainer.java:start(186)) - Attempting to start container services.
2019-08-22 01:58:35,241 [Datanode State Machine Thread - 0] INFO  ozoneimpl.OzoneContainer (OzoneContainer.java:startContainerScrub(160)) - Background container scrubber has been disabled by hdds.containerscrub.enabled
2019-08-22 01:58:35,242 [Datanode State Machine Thread - 0] INFO  ratis.XceiverServerRatis (XceiverServerRatis.java:start(404)) - Starting XceiverServerRatis cc0da2ba-fdfe-4e15-bb7f-949408fb434b at port 0
2019-08-22 01:58:35,249 [Datanode State Machine Thread - 0] INFO  impl.RaftServerProxy (RaftServerProxy.java:lambda$start$3(299)) - cc0da2ba-fdfe-4e15-bb7f-949408fb434b: start RPC server
2019-08-22 01:58:35,252 [Datanode State Machine Thread - 0] INFO  server.GrpcService (GrpcService.java:startImpl(149)) - cc0da2ba-fdfe-4e15-bb7f-949408fb434b: GrpcService started, listening on 0.0.0.0/0.0.0.0:37015
2019-08-22 01:58:35,252 [Datanode State Machine Thread - 0] INFO  ratis.XceiverServerRatis (XceiverServerRatis.java:start(414)) - XceiverServerRatis cc0da2ba-fdfe-4e15-bb7f-949408fb434b is started using port 37015
2019-08-22 01:58:35,261 [Datanode State Machine Thread - 0] INFO  server.XceiverServerGrpc (XceiverServerGrpc.java:start(161)) - XceiverServerGrpc cc0da2ba-fdfe-4e15-bb7f-949408fb434b is started using port 45285
2019-08-22 01:58:35,415 | INFO  | SCMAudit | user=jenkins1000 | ip=192.168.34.54 | op=GET_VERSION null | ret=SUCCESS |  
2019-08-22 01:58:35,441 [Datanode State Machine Thread - 0] INFO  ozoneimpl.OzoneContainer (OzoneContainer.java:start(186)) - Attempting to start container services.
2019-08-22 01:58:35,441 [Datanode State Machine Thread - 0] INFO  ozoneimpl.OzoneContainer (OzoneContainer.java:startContainerScrub(160)) - Background container scrubber has been disabled by hdds.containerscrub.enabled
2019-08-22 01:58:35,442 [Datanode State Machine Thread - 0] INFO  ratis.XceiverServerRatis (XceiverServerRatis.java:start(404)) - Starting XceiverServerRatis 730038c5-3d8b-441c-8787-c9cbc1ffc73d at port 0
2019-08-22 01:58:35,448 [Datanode State Machine Thread - 0] INFO  impl.RaftServerProxy (RaftServerProxy.java:lambda$start$3(299)) - 730038c5-3d8b-441c-8787-c9cbc1ffc73d: start RPC server
2019-08-22 01:58:35,449 [Datanode State Machine Thread - 0] INFO  server.GrpcService (GrpcService.java:startImpl(149)) - 730038c5-3d8b-441c-8787-c9cbc1ffc73d: GrpcService started, listening on 0.0.0.0/0.0.0.0:39337
2019-08-22 01:58:35,450 [Datanode State Machine Thread - 0] INFO  ratis.XceiverServerRatis (XceiverServerRatis.java:start(414)) - XceiverServerRatis 730038c5-3d8b-441c-8787-c9cbc1ffc73d is started using port 39337
2019-08-22 01:58:35,450 [Datanode State Machine Thread - 0] INFO  server.XceiverServerGrpc (XceiverServerGrpc.java:start(161)) - XceiverServerGrpc 730038c5-3d8b-441c-8787-c9cbc1ffc73d is started using port 41476
2019-08-22 01:58:35,611 | INFO  | SCMAudit | user=jenkins1000 | ip=192.168.34.54 | op=GET_VERSION null | ret=SUCCESS |  
2019-08-22 01:58:35,636 [Datanode State Machine Thread - 0] INFO  ozoneimpl.OzoneContainer (OzoneContainer.java:start(186)) - Attempting to start container services.
2019-08-22 01:58:35,637 [Datanode State Machine Thread - 0] INFO  ozoneimpl.OzoneContainer (OzoneContainer.java:startContainerScrub(160)) - Background container scrubber has been disabled by hdds.containerscrub.enabled
2019-08-22 01:58:35,637 [Datanode State Machine Thread - 0] INFO  ratis.XceiverServerRatis (XceiverServerRatis.java:start(404)) - Starting XceiverServerRatis a150ecf0-9441-4c31-a29f-f6938f908a65 at port 0
2019-08-22 01:58:35,643 [Datanode State Machine Thread - 0] INFO  impl.RaftServerProxy (RaftServerProxy.java:lambda$start$3(299)) - a150ecf0-9441-4c31-a29f-f6938f908a65: start RPC server
2019-08-22 01:58:35,644 [Datanode State Machine Thread - 0] INFO  server.GrpcService (GrpcService.java:startImpl(149)) - a150ecf0-9441-4c31-a29f-f6938f908a65: GrpcService started, listening on 0.0.0.0/0.0.0.0:34879
2019-08-22 01:58:35,645 [Datanode State Machine Thread - 0] INFO  ratis.XceiverServerRatis (XceiverServerRatis.java:start(414)) - XceiverServerRatis a150ecf0-9441-4c31-a29f-f6938f908a65 is started using port 34879
2019-08-22 01:58:35,648 [Datanode State Machine Thread - 0] INFO  server.XceiverServerGrpc (XceiverServerGrpc.java:start(161)) - XceiverServerGrpc a150ecf0-9441-4c31-a29f-f6938f908a65 is started using port 35510
2019-08-22 01:58:36,010 | INFO  | SCMAudit | user=jenkins1000 | ip=192.168.34.54 | op=GET_VERSION null | ret=SUCCESS |  
2019-08-22 01:58:36,025 [Datanode State Machine Thread - 0] INFO  ozoneimpl.OzoneContainer (OzoneContainer.java:start(186)) - Attempting to start container services.
2019-08-22 01:58:36,026 [Datanode State Machine Thread - 0] INFO  ozoneimpl.OzoneContainer (OzoneContainer.java:startContainerScrub(160)) - Background container scrubber has been disabled by hdds.containerscrub.enabled
2019-08-22 01:58:36,026 [Datanode State Machine Thread - 0] INFO  ratis.XceiverServerRatis (XceiverServerRatis.java:start(404)) - Starting XceiverServerRatis f3d8d448-3596-4d55-8cde-6a41b384fc87 at port 0
2019-08-22 01:58:36,032 [Datanode State Machine Thread - 0] INFO  impl.RaftServerProxy (RaftServerProxy.java:lambda$start$3(299)) - f3d8d448-3596-4d55-8cde-6a41b384fc87: start RPC server
2019-08-22 01:58:36,033 [Datanode State Machine Thread - 0] INFO  server.GrpcService (GrpcService.java:startImpl(149)) - f3d8d448-3596-4d55-8cde-6a41b384fc87: GrpcService started, listening on 0.0.0.0/0.0.0.0:35986
2019-08-22 01:58:36,033 [Datanode State Machine Thread - 0] INFO  ratis.XceiverServerRatis (XceiverServerRatis.java:start(414)) - XceiverServerRatis f3d8d448-3596-4d55-8cde-6a41b384fc87 is started using port 35986
2019-08-22 01:58:36,034 [Datanode State Machine Thread - 0] INFO  server.XceiverServerGrpc (XceiverServerGrpc.java:start(161)) - XceiverServerGrpc f3d8d448-3596-4d55-8cde-6a41b384fc87 is started using port 44005
2019-08-22 01:58:36,213 [main] INFO  ozone.MiniOzoneClusterImpl (MiniOzoneClusterImpl.java:lambda$waitForClusterToBeReady$0(142)) - Waiting for cluster to be ready. Got 0 of 7 DN Heartbeats.
2019-08-22 01:58:36,214 | INFO  | SCMAudit | user=jenkins1000 | ip=192.168.34.54 | op=GET_VERSION null | ret=SUCCESS |  
2019-08-22 01:58:36,239 [Datanode State Machine Thread - 0] INFO  ozoneimpl.OzoneContainer (OzoneContainer.java:start(186)) - Attempting to start container services.
2019-08-22 01:58:36,239 [Datanode State Machine Thread - 0] INFO  ozoneimpl.OzoneContainer (OzoneContainer.java:startContainerScrub(160)) - Background container scrubber has been disabled by hdds.containerscrub.enabled
2019-08-22 01:58:36,240 [Datanode State Machine Thread - 0] INFO  ratis.XceiverServerRatis (XceiverServerRatis.java:start(404)) - Starting XceiverServerRatis 0bd46545-a21f-4e46-b789-16e7c65dbdf4 at port 0
2019-08-22 01:58:36,246 [Datanode State Machine Thread - 0] INFO  impl.RaftServerProxy (RaftServerProxy.java:lambda$start$3(299)) - 0bd46545-a21f-4e46-b789-16e7c65dbdf4: start RPC server
2019-08-22 01:58:36,247 [Datanode State Machine Thread - 0] INFO  server.GrpcService (GrpcService.java:startImpl(149)) - 0bd46545-a21f-4e46-b789-16e7c65dbdf4: GrpcService started, listening on 0.0.0.0/0.0.0.0:40330
2019-08-22 01:58:36,248 [Datanode State Machine Thread - 0] INFO  ratis.XceiverServerRatis (XceiverServerRatis.java:start(414)) - XceiverServerRatis 0bd46545-a21f-4e46-b789-16e7c65dbdf4 is started using port 40330
2019-08-22 01:58:36,262 [Datanode State Machine Thread - 0] INFO  server.XceiverServerGrpc (XceiverServerGrpc.java:start(161)) - XceiverServerGrpc 0bd46545-a21f-4e46-b789-16e7c65dbdf4 is started using port 38949
2019-08-22 01:58:36,855 [IPC Server handler 15 on 46076] INFO  net.NetworkTopology (NetworkTopologyImpl.java:add(110)) - Added a new node: /default-rack/bb7541e0-7fde-4f15-9948-e374d6325018
2019-08-22 01:58:36,859 [IPC Server handler 15 on 46076] INFO  node.SCMNodeManager (SCMNodeManager.java:register(273)) - Registered Data node : bb7541e0-7fde-4f15-9948-e374d6325018{ip: 192.168.34.54, host: pr-hdds-1998-jt8wz-3050591487, networkLocation: /default-rack, certSerialId: null}
2019-08-22 01:58:36,860 [EventQueue-NodeRegistrationContainerReportForDataNodeSafeModeRule] INFO  safemode.SCMSafeModeManager (DataNodeSafeModeRule.java:process(71)) - SCM in safe mode. 1 DataNodes registered, 1 required.
2019-08-22 01:58:36,863 [EventQueue-NodeRegistrationContainerReportForDataNodeSafeModeRule] INFO  safemode.SCMSafeModeManager (SCMSafeModeManager.java:validateSafeModeExitRules(177)) - ScmSafeModeManager, all rules are successfully validated
2019-08-22 01:58:36,863 | INFO  | SCMAudit | user=jenkins1000 | ip=192.168.34.54 | op=REGISTER {datanodeDetails=bb7541e0-7fde-4f15-9948-e374d6325018{ip: 192.168.34.54, host: pr-hdds-1998-jt8wz-3050591487, networkLocation: /default-rack, certSerialId: null}} | ret=SUCCESS |  
2019-08-22 01:58:36,863 [EventQueue-NodeRegistrationContainerReportForDataNodeSafeModeRule] INFO  safemode.SCMSafeModeManager (SCMSafeModeManager.java:exitSafeMode(193)) - SCM exiting safe mode.
2019-08-22 01:58:36,876 [grpc-default-executor-4] INFO  impl.RaftServerProxy (RaftServerProxy.java:addNew(89)) - bb7541e0-7fde-4f15-9948-e374d6325018: addNew group-A3DC10055B99:[bb7541e0-7fde-4f15-9948-e374d6325018:192.168.34.54:35476] returns group-A3DC10055B99:java.util.concurrent.CompletableFuture@48ed499a[Not completed]
2019-08-22 01:58:36,878 [pool-536-thread-1] INFO  impl.RaftServerImpl (RaftServerImpl.java:<init>(93)) - bb7541e0-7fde-4f15-9948-e374d6325018: new RaftServerImpl for group-A3DC10055B99:[bb7541e0-7fde-4f15-9948-e374d6325018:192.168.34.54:35476] with ContainerStateMachine:uninitialized
2019-08-22 01:58:36,878 [pool-536-thread-1] INFO  server.RaftServerConfigKeys (ConfUtils.java:logGet(43)) - raft.server.rpc.timeout.min = 5s (custom)
2019-08-22 01:58:36,878 [pool-536-thread-1] INFO  server.RaftServerConfigKeys (ConfUtils.java:logGet(43)) - raft.server.rpc.timeout.max = 5200ms (custom)
2019-08-22 01:58:36,878 [pool-536-thread-1] INFO  server.RaftServerConfigKeys (ConfUtils.java:logGet(43)) - raft.server.rpcslowness.timeout = 120s (custom)
2019-08-22 01:58:36,878 [pool-536-thread-1] INFO  server.RaftServerConfigKeys (ConfUtils.java:logGet(43)) - raft.server.sleep.deviation.threshold = 300 (default)
2019-08-22 01:58:36,878 [pool-536-thread-1] INFO  server.RaftServerConfigKeys (ConfUtils.java:logGet(43)) - raft.server.log.appender.install.snapshot.enabled = false (custom)
2019-08-22 01:58:36,878 [pool-536-thread-1] INFO  impl.RaftServerImpl (ServerState.java:<init>(105)) - bb7541e0-7fde-4f15-9948-e374d6325018:group-A3DC10055B99 ConfigurationManager, init=-1: [bb7541e0-7fde-4f15-9948-e374d6325018:192.168.34.54:35476], old=null, confs=<EMPTY_MAP>
2019-08-22 01:58:36,879 [pool-536-thread-1] INFO  server.RaftServerConfigKeys (ConfUtils.java:logGet(43)) - raft.server.storage.dir = [/workdir/hadoop-ozone/integration-test/target/test-dir/MiniOzoneClusterImpl-73a943d6-9e54-420a-b8c2-6f1b1463b42a/datanode-0/data/ratis] (custom)
2019-08-22 01:58:36,879 [pool-536-thread-1] INFO  storage.RaftStorageDirectory (RaftStorageDirectory.java:analyzeStorage(246)) - The storage directory /workdir/hadoop-ozone/integration-test/target/test-dir/MiniOzoneClusterImpl-73a943d6-9e54-420a-b8c2-6f1b1463b42a/datanode-0/data/ratis/ed58f3a7-a7dd-42c7-9764-a3dc10055b99 does not exist. Creating ...
2019-08-22 01:58:36,905 [pool-536-thread-1] INFO  storage.RaftStorageDirectory (RaftStorageDirectory.java:tryLock(328)) - Lock on /workdir/hadoop-ozone/integration-test/target/test-dir/MiniOzoneClusterImpl-73a943d6-9e54-420a-b8c2-6f1b1463b42a/datanode-0/data/ratis/ed58f3a7-a7dd-42c7-9764-a3dc10055b99/in_use.lock acquired by nodename 12097@pr-hdds-1998-jt8wz-3050591487
2019-08-22 01:58:36,917 [pool-536-thread-1] INFO  storage.RaftStorage (RaftStorage.java:format(72)) - Storage directory /workdir/hadoop-ozone/integration-test/target/test-dir/MiniOzoneClusterImpl-73a943d6-9e54-420a-b8c2-6f1b1463b42a/datanode-0/data/ratis/ed58f3a7-a7dd-42c7-9764-a3dc10055b99 has been successfully formatted.
2019-08-22 01:58:36,918 [pool-536-thread-1] INFO  ratis.ContainerStateMachine (ContainerStateMachine.java:loadSnapshot(226)) - group-A3DC10055B99: The snapshot info is null. Setting the last applied indexto:(t:0, i:~)
2019-08-22 01:58:36,918 [pool-536-thread-1] INFO  server.RaftServerConfigKeys (ConfUtils.java:logGet(43)) - raft.server.leader.election.timeout = 120s (custom)
2019-08-22 01:58:36,918 [pool-536-thread-1] INFO  server.RaftServerConfigKeys (ConfUtils.java:logGet(43)) - raft.server.log.use.memory = false (default)
2019-08-22 01:58:36,918 [pool-536-thread-1] INFO  server.RaftServerConfigKeys (ConfUtils.java:logGet(43)) - raft.server.log.purge.gap = 1000000 (custom)
2019-08-22 01:58:36,919 [pool-536-thread-1] INFO  server.RaftServerConfigKeys (ConfUtils.java:logGet(43)) - raft.server.log.appender.buffer.byte-limit = 33554432 (custom)
2019-08-22 01:58:36,919 [pool-536-thread-1] INFO  server.RaftServerConfigKeys (ConfUtils.java:logGet(43)) - raft.server.log.segment.size.max = 1048576 (custom)
2019-08-22 01:58:36,919 [pool-536-thread-1] INFO  server.RaftServerConfigKeys (ConfUtils.java:logGet(43)) - raft.server.log.segment.cache.num.max = 2 (custom)
2019-08-22 01:58:36,919 [pool-536-thread-1] INFO  segmented.SegmentedRaftLogWorker (SegmentedRaftLogWorker.java:<init>(172)) - new bb7541e0-7fde-4f15-9948-e374d6325018-SegmentedRaftLogWorker:Storage Directory /workdir/hadoop-ozone/integration-test/target/test-dir/MiniOzoneClusterImpl-73a943d6-9e54-420a-b8c2-6f1b1463b42a/datanode-0/data/ratis/ed58f3a7-a7dd-42c7-9764-a3dc10055b99 for RaftStorage:Storage Directory /workdir/hadoop-ozone/integration-test/target/test-dir/MiniOzoneClusterImpl-73a943d6-9e54-420a-b8c2-6f1b1463b42a/datanode-0/data/ratis/ed58f3a7-a7dd-42c7-9764-a3dc10055b99
2019-08-22 01:58:36,919 [pool-536-thread-1] INFO  server.RaftServerConfigKeys (ConfUtils.java:logGet(43)) - raft.server.log.queue.byte-limit = 2147483647 (custom)
2019-08-22 01:58:36,920 [pool-536-thread-1] INFO  server.RaftServerConfigKeys (ConfUtils.java:logGet(43)) - raft.server.log.queue.element-limit = 1024 (custom)
2019-08-22 01:58:36,920 [pool-536-thread-1] INFO  server.RaftServerConfigKeys (ConfUtils.java:logGet(43)) - raft.server.log.segment.size.max = 1048576 (custom)
2019-08-22 01:58:36,920 [pool-536-thread-1] INFO  server.RaftServerConfigKeys (ConfUtils.java:logGet(43)) - raft.server.log.preallocated.size = 16384 (custom)
2019-08-22 01:58:36,920 [pool-536-thread-1] INFO  server.RaftServerConfigKeys (ConfUtils.java:logGet(43)) - raft.server.log.write.buffer.size = 33554432 (custom)
2019-08-22 01:58:36,920 [pool-536-thread-1] INFO  server.RaftServerConfigKeys (ConfUtils.java:logGet(43)) - raft.server.log.force.sync.num = 128 (default)
2019-08-22 01:58:36,921 [pool-536-thread-1] INFO  server.RaftServerConfigKeys (ConfUtils.java:logGet(43)) - raft.server.log.statemachine.data.sync = true (default)
2019-08-22 01:58:36,921 [pool-536-thread-1] INFO  server.RaftServerConfigKeys (ConfUtils.java:logGet(43)) - raft.server.log.statemachine.data.sync.timeout = 10s (default)
2019-08-22 01:58:36,921 [pool-536-thread-1] INFO  server.RaftServerConfigKeys (ConfUtils.java:logGet(43)) - raft.server.log.statemachine.data.sync.timeout.retry = -1 (default)
2019-08-22 01:58:36,921 [pool-536-thread-1] INFO  server.RaftServerConfigKeys (ConfUtils.java:logGet(43)) - raft.server.log.statemachine.data.caching.enabled = true (custom)
2019-08-22 01:58:36,922 [pool-536-thread-1] INFO  segmented.SegmentedRaftLogWorker (SegmentedRaftLogWorker.java:lambda$new$0(132)) - bb7541e0-7fde-4f15-9948-e374d6325018-SegmentedRaftLogWorker:Storage Directory /workdir/hadoop-ozone/integration-test/target/test-dir/MiniOzoneClusterImpl-73a943d6-9e54-420a-b8c2-6f1b1463b42a/datanode-0/data/ratis/ed58f3a7-a7dd-42c7-9764-a3dc10055b99: flushIndex: setUnconditionally 0 -> -1
2019-08-22 01:58:36,922 [pool-536-thread-1] INFO  server.RaftServerConfigKeys (ConfUtils.java:logGet(43)) - raft.server.snapshot.auto.trigger.enabled = true (custom)
2019-08-22 01:58:36,922 [pool-536-thread-1] INFO  server.RaftServerConfigKeys (ConfUtils.java:logGet(43)) - raft.server.snapshot.auto.trigger.threshold = 10000 (custom)
2019-08-22 01:58:36,922 [pool-536-thread-1] INFO  server.RaftServerConfigKeys (ConfUtils.java:logGet(43)) - raft.server.retrycache.expirytime = 600000ms (custom)
2019-08-22 01:58:36,923 [pool-536-thread-1] INFO  impl.RaftServerImpl (RaftServerImpl.java:start(180)) - bb7541e0-7fde-4f15-9948-e374d6325018: start group-A3DC10055B99
2019-08-22 01:58:36,923 [pool-536-thread-1] INFO  impl.RaftServerImpl (RaftServerImpl.java:setRole(171)) - bb7541e0-7fde-4f15-9948-e374d6325018:group-A3DC10055B99 changes role from null to FOLLOWER at term 0 for startAsFollower
2019-08-22 01:58:36,923 [pool-536-thread-1] INFO  impl.RoleInfo (RoleInfo.java:updateAndGet(143)) - bb7541e0-7fde-4f15-9948-e374d6325018: start FollowerState
2019-08-22 01:58:36,924 [pool-536-thread-1] INFO  util.JmxRegister (JmxRegister.java:tryRegister(44)) - Successfully registered JMX Bean with object name Ratis:service=RaftServer,group=group-A3DC10055B99,id=bb7541e0-7fde-4f15-9948-e374d6325018
2019-08-22 01:58:36,931 [RatisPipelineUtilsThread] INFO  pipeline.PipelineStateManager (PipelineStateManager.java:addPipeline(56)) - Created pipeline Pipeline[ Id: ed58f3a7-a7dd-42c7-9764-a3dc10055b99, Nodes: bb7541e0-7fde-4f15-9948-e374d6325018{ip: 192.168.34.54, host: pr-hdds-1998-jt8wz-3050591487, networkLocation: /default-rack, certSerialId: null}, Type:RATIS, Factor:ONE, State:OPEN]
2019-08-22 01:58:37,044 [IPC Server handler 18 on 46076] INFO  net.NetworkTopology (NetworkTopologyImpl.java:add(110)) - Added a new node: /default-rack/d2d7804f-07c4-4123-9865-3bb05000fdf0
2019-08-22 01:58:37,044 [IPC Server handler 18 on 46076] INFO  node.SCMNodeManager (SCMNodeManager.java:register(273)) - Registered Data node : d2d7804f-07c4-4123-9865-3bb05000fdf0{ip: 192.168.34.54, host: pr-hdds-1998-jt8wz-3050591487, networkLocation: /default-rack, certSerialId: null}
2019-08-22 01:58:37,044 | INFO  | SCMAudit | user=jenkins1000 | ip=192.168.34.54 | op=REGISTER {datanodeDetails=d2d7804f-07c4-4123-9865-3bb05000fdf0{ip: 192.168.34.54, host: pr-hdds-1998-jt8wz-3050591487, networkLocation: /default-rack, certSerialId: null}} | ret=SUCCESS |  
2019-08-22 01:58:37,053 [grpc-default-executor-4] INFO  impl.RaftServerProxy (RaftServerProxy.java:addNew(89)) - d2d7804f-07c4-4123-9865-3bb05000fdf0: addNew group-87A62D82B691:[d2d7804f-07c4-4123-9865-3bb05000fdf0:192.168.34.54:34770] returns group-87A62D82B691:java.util.concurrent.CompletableFuture@3f9ff04[Not completed]
2019-08-22 01:58:37,055 [pool-547-thread-1] INFO  impl.RaftServerImpl (RaftServerImpl.java:<init>(93)) - d2d7804f-07c4-4123-9865-3bb05000fdf0: new RaftServerImpl for group-87A62D82B691:[d2d7804f-07c4-4123-9865-3bb05000fdf0:192.168.34.54:34770] with ContainerStateMachine:uninitialized
2019-08-22 01:58:37,055 [pool-547-thread-1] INFO  server.RaftServerConfigKeys (ConfUtils.java:logGet(43)) - raft.server.rpc.timeout.min = 5s (custom)
2019-08-22 01:58:37,055 [pool-547-thread-1] INFO  server.RaftServerConfigKeys (ConfUtils.java:logGet(43)) - raft.server.rpc.timeout.max = 5200ms (custom)
2019-08-22 01:58:37,055 [pool-547-thread-1] INFO  server.RaftServerConfigKeys (ConfUtils.java:logGet(43)) - raft.server.rpcslowness.timeout = 120s (custom)
2019-08-22 01:58:37,056 [pool-547-thread-1] INFO  server.RaftServerConfigKeys (ConfUtils.java:logGet(43)) - raft.server.sleep.deviation.threshold = 300 (default)
2019-08-22 01:58:37,056 [pool-547-thread-1] INFO  server.RaftServerConfigKeys (ConfUtils.java:logGet(43)) - raft.server.log.appender.install.snapshot.enabled = false (custom)
2019-08-22 01:58:37,056 [pool-547-thread-1] INFO  impl.RaftServerImpl (ServerState.java:<init>(105)) - d2d7804f-07c4-4123-9865-3bb05000fdf0:group-87A62D82B691 ConfigurationManager, init=-1: [d2d7804f-07c4-4123-9865-3bb05000fdf0:192.168.34.54:34770], old=null, confs=<EMPTY_MAP>
2019-08-22 01:58:37,056 [pool-547-thread-1] INFO  server.RaftServerConfigKeys (ConfUtils.java:logGet(43)) - raft.server.storage.dir = [/workdir/hadoop-ozone/integration-test/target/test-dir/MiniOzoneClusterImpl-73a943d6-9e54-420a-b8c2-6f1b1463b42a/datanode-1/data/ratis] (custom)
2019-08-22 01:58:37,057 [pool-547-thread-1] INFO  storage.RaftStorageDirectory (RaftStorageDirectory.java:analyzeStorage(246)) - The storage directory /workdir/hadoop-ozone/integration-test/target/test-dir/MiniOzoneClusterImpl-73a943d6-9e54-420a-b8c2-6f1b1463b42a/datanode-1/data/ratis/29a639fa-ee92-48ff-866d-87a62d82b691 does not exist. Creating ...
2019-08-22 01:58:37,070 [pool-547-thread-1] INFO  storage.RaftStorageDirectory (RaftStorageDirectory.java:tryLock(328)) - Lock on /workdir/hadoop-ozone/integration-test/target/test-dir/MiniOzoneClusterImpl-73a943d6-9e54-420a-b8c2-6f1b1463b42a/datanode-1/data/ratis/29a639fa-ee92-48ff-866d-87a62d82b691/in_use.lock acquired by nodename 12097@pr-hdds-1998-jt8wz-3050591487
2019-08-22 01:58:37,096 [pool-547-thread-1] INFO  storage.RaftStorage (RaftStorage.java:format(72)) - Storage directory /workdir/hadoop-ozone/integration-test/target/test-dir/MiniOzoneClusterImpl-73a943d6-9e54-420a-b8c2-6f1b1463b42a/datanode-1/data/ratis/29a639fa-ee92-48ff-866d-87a62d82b691 has been successfully formatted.
2019-08-22 01:58:37,096 [pool-547-thread-1] INFO  ratis.ContainerStateMachine (ContainerStateMachine.java:loadSnapshot(226)) - group-87A62D82B691: The snapshot info is null. Setting the last applied indexto:(t:0, i:~)
2019-08-22 01:58:37,096 [pool-547-thread-1] INFO  server.RaftServerConfigKeys (ConfUtils.java:logGet(43)) - raft.server.leader.election.timeout = 120s (custom)
2019-08-22 01:58:37,096 [pool-547-thread-1] INFO  server.RaftServerConfigKeys (ConfUtils.java:logGet(43)) - raft.server.log.use.memory = false (default)
2019-08-22 01:58:37,096 [pool-547-thread-1] INFO  server.RaftServerConfigKeys (ConfUtils.java:logGet(43)) - raft.server.log.purge.gap = 1000000 (custom)
2019-08-22 01:58:37,097 [pool-547-thread-1] INFO  server.RaftServerConfigKeys (ConfUtils.java:logGet(43)) - raft.server.log.appender.buffer.byte-limit = 33554432 (custom)
2019-08-22 01:58:37,097 [pool-547-thread-1] INFO  server.RaftServerConfigKeys (ConfUtils.java:logGet(43)) - raft.server.log.segment.size.max = 1048576 (custom)
2019-08-22 01:58:37,097 [pool-547-thread-1] INFO  server.RaftServerConfigKeys (ConfUtils.java:logGet(43)) - raft.server.log.segment.cache.num.max = 2 (custom)
2019-08-22 01:58:37,097 [pool-547-thread-1] INFO  segmented.SegmentedRaftLogWorker (SegmentedRaftLogWorker.java:<init>(172)) - new d2d7804f-07c4-4123-9865-3bb05000fdf0-SegmentedRaftLogWorker:Storage Directory /workdir/hadoop-ozone/integration-test/target/test-dir/MiniOzoneClusterImpl-73a943d6-9e54-420a-b8c2-6f1b1463b42a/datanode-1/data/ratis/29a639fa-ee92-48ff-866d-87a62d82b691 for RaftStorage:Storage Directory /workdir/hadoop-ozone/integration-test/target/test-dir/MiniOzoneClusterImpl-73a943d6-9e54-420a-b8c2-6f1b1463b42a/datanode-1/data/ratis/29a639fa-ee92-48ff-866d-87a62d82b691
2019-08-22 01:58:37,097 [pool-547-thread-1] INFO  server.RaftServerConfigKeys (ConfUtils.java:logGet(43)) - raft.server.log.queue.byte-limit = 2147483647 (custom)
2019-08-22 01:58:37,098 [pool-547-thread-1] INFO  server.RaftServerConfigKeys (ConfUtils.java:logGet(43)) - raft.server.log.queue.element-limit = 1024 (custom)
2019-08-22 01:58:37,098 [pool-547-thread-1] INFO  server.RaftServerConfigKeys (ConfUtils.java:logGet(43)) - raft.server.log.segment.size.max = 1048576 (custom)
2019-08-22 01:58:37,098 [pool-547-thread-1] INFO  server.RaftServerConfigKeys (ConfUtils.java:logGet(43)) - raft.server.log.preallocated.size = 16384 (custom)
2019-08-22 01:58:37,098 [pool-547-thread-1] INFO  server.RaftServerConfigKeys (ConfUtils.java:logGet(43)) - raft.server.log.write.buffer.size = 33554432 (custom)
2019-08-22 01:58:37,099 [pool-547-thread-1] INFO  server.RaftServerConfigKeys (ConfUtils.java:logGet(43)) - raft.server.log.force.sync.num = 128 (default)
2019-08-22 01:58:37,099 [pool-547-thread-1] INFO  server.RaftServerConfigKeys (ConfUtils.java:logGet(43)) - raft.server.log.statemachine.data.sync = true (default)
2019-08-22 01:58:37,099 [pool-547-thread-1] INFO  server.RaftServerConfigKeys (ConfUtils.java:logGet(43)) - raft.server.log.statemachine.data.sync.timeout = 10s (default)
2019-08-22 01:58:37,099 [pool-547-thread-1] INFO  server.RaftServerConfigKeys (ConfUtils.java:logGet(43)) - raft.server.log.statemachine.data.sync.timeout.retry = -1 (default)
2019-08-22 01:58:37,100 [pool-547-thread-1] INFO  server.RaftServerConfigKeys (ConfUtils.java:logGet(43)) - raft.server.log.statemachine.data.caching.enabled = true (custom)
2019-08-22 01:58:37,100 [pool-547-thread-1] INFO  segmented.SegmentedRaftLogWorker (SegmentedRaftLogWorker.java:lambda$new$0(132)) - d2d7804f-07c4-4123-9865-3bb05000fdf0-SegmentedRaftLogWorker:Storage Directory /workdir/hadoop-ozone/integration-test/target/test-dir/MiniOzoneClusterImpl-73a943d6-9e54-420a-b8c2-6f1b1463b42a/datanode-1/data/ratis/29a639fa-ee92-48ff-866d-87a62d82b691: flushIndex: setUnconditionally 0 -> -1
2019-08-22 01:58:37,100 [pool-547-thread-1] INFO  server.RaftServerConfigKeys (ConfUtils.java:logGet(43)) - raft.server.snapshot.auto.trigger.enabled = true (custom)
2019-08-22 01:58:37,101 [pool-547-thread-1] INFO  server.RaftServerConfigKeys (ConfUtils.java:logGet(43)) - raft.server.snapshot.auto.trigger.threshold = 10000 (custom)
2019-08-22 01:58:37,101 [pool-547-thread-1] INFO  server.RaftServerConfigKeys (ConfUtils.java:logGet(43)) - raft.server.retrycache.expirytime = 600000ms (custom)
2019-08-22 01:58:37,101 [pool-547-thread-1] INFO  impl.RaftServerImpl (RaftServerImpl.java:start(180)) - d2d7804f-07c4-4123-9865-3bb05000fdf0: start group-87A62D82B691
2019-08-22 01:58:37,101 [pool-547-thread-1] INFO  impl.RaftServerImpl (RaftServerImpl.java:setRole(171)) - d2d7804f-07c4-4123-9865-3bb05000fdf0:group-87A62D82B691 changes role from null to FOLLOWER at term 0 for startAsFollower
2019-08-22 01:58:37,102 [pool-547-thread-1] INFO  impl.RoleInfo (RoleInfo.java:updateAndGet(143)) - d2d7804f-07c4-4123-9865-3bb05000fdf0: start FollowerState
2019-08-22 01:58:37,102 [pool-547-thread-1] INFO  util.JmxRegister (JmxRegister.java:tryRegister(44)) - Successfully registered JMX Bean with object name Ratis:service=RaftServer,group=group-87A62D82B691,id=d2d7804f-07c4-4123-9865-3bb05000fdf0
2019-08-22 01:58:37,107 [RatisPipelineUtilsThread] INFO  pipeline.PipelineStateManager (PipelineStateManager.java:addPipeline(56)) - Created pipeline Pipeline[ Id: 29a639fa-ee92-48ff-866d-87a62d82b691, Nodes: d2d7804f-07c4-4123-9865-3bb05000fdf0{ip: 192.168.34.54, host: pr-hdds-1998-jt8wz-3050591487, networkLocation: /default-rack, certSerialId: null}, Type:RATIS, Factor:ONE, State:OPEN]
2019-08-22 01:58:37,214 [main] INFO  ozone.MiniOzoneClusterImpl (MiniOzoneClusterImpl.java:lambda$waitForClusterToBeReady$0(142)) - Waiting for cluster to be ready. Got 2 of 7 DN Heartbeats.
2019-08-22 01:58:37,227 [IPC Server handler 17 on 46076] INFO  net.NetworkTopology (NetworkTopologyImpl.java:add(110)) - Added a new node: /default-rack/cc0da2ba-fdfe-4e15-bb7f-949408fb434b
2019-08-22 01:58:37,227 [IPC Server handler 17 on 46076] INFO  node.SCMNodeManager (SCMNodeManager.java:register(273)) - Registered Data node : cc0da2ba-fdfe-4e15-bb7f-949408fb434b{ip: 192.168.34.54, host: pr-hdds-1998-jt8wz-3050591487, networkLocation: /default-rack, certSerialId: null}
2019-08-22 01:58:37,227 | INFO  | SCMAudit | user=jenkins1000 | ip=192.168.34.54 | op=REGISTER {datanodeDetails=cc0da2ba-fdfe-4e15-bb7f-949408fb434b{ip: 192.168.34.54, host: pr-hdds-1998-jt8wz-3050591487, networkLocation: /default-rack, certSerialId: null}} | ret=SUCCESS |  
2019-08-22 01:58:37,236 [grpc-default-executor-4] INFO  impl.RaftServerProxy (RaftServerProxy.java:addNew(89)) - cc0da2ba-fdfe-4e15-bb7f-949408fb434b: addNew group-E36039800411:[cc0da2ba-fdfe-4e15-bb7f-949408fb434b:192.168.34.54:37015] returns group-E36039800411:java.util.concurrent.CompletableFuture@2bb45645[Not completed]
2019-08-22 01:58:37,237 [pool-558-thread-1] INFO  impl.RaftServerImpl (RaftServerImpl.java:<init>(93)) - cc0da2ba-fdfe-4e15-bb7f-949408fb434b: new RaftServerImpl for group-E36039800411:[cc0da2ba-fdfe-4e15-bb7f-949408fb434b:192.168.34.54:37015] with ContainerStateMachine:uninitialized
2019-08-22 01:58:37,238 [pool-558-thread-1] INFO  server.RaftServerConfigKeys (ConfUtils.java:logGet(43)) - raft.server.rpc.timeout.min = 5s (custom)
2019-08-22 01:58:37,238 [pool-558-thread-1] INFO  server.RaftServerConfigKeys (ConfUtils.java:logGet(43)) - raft.server.rpc.timeout.max = 5200ms (custom)
2019-08-22 01:58:37,238 [pool-558-thread-1] INFO  server.RaftServerConfigKeys (ConfUtils.java:logGet(43)) - raft.server.rpcslowness.timeout = 120s (custom)
2019-08-22 01:58:37,238 [pool-558-thread-1] INFO  server.RaftServerConfigKeys (ConfUtils.java:logGet(43)) - raft.server.sleep.deviation.threshold = 300 (default)
2019-08-22 01:58:37,238 [pool-558-thread-1] INFO  server.RaftServerConfigKeys (ConfUtils.java:logGet(43)) - raft.server.log.appender.install.snapshot.enabled = false (custom)
2019-08-22 01:58:37,238 [pool-558-thread-1] INFO  impl.RaftServerImpl (ServerState.java:<init>(105)) - cc0da2ba-fdfe-4e15-bb7f-949408fb434b:group-E36039800411 ConfigurationManager, init=-1: [cc0da2ba-fdfe-4e15-bb7f-949408fb434b:192.168.34.54:37015], old=null, confs=<EMPTY_MAP>
2019-08-22 01:58:37,238 [pool-558-thread-1] INFO  server.RaftServerConfigKeys (ConfUtils.java:logGet(43)) - raft.server.storage.dir = [/workdir/hadoop-ozone/integration-test/target/test-dir/MiniOzoneClusterImpl-73a943d6-9e54-420a-b8c2-6f1b1463b42a/datanode-2/data/ratis] (custom)
2019-08-22 01:58:37,239 [pool-558-thread-1] INFO  storage.RaftStorageDirectory (RaftStorageDirectory.java:analyzeStorage(246)) - The storage directory /workdir/hadoop-ozone/integration-test/target/test-dir/MiniOzoneClusterImpl-73a943d6-9e54-420a-b8c2-6f1b1463b42a/datanode-2/data/ratis/27431774-f8ad-4008-ab4d-e36039800411 does not exist. Creating ...
2019-08-22 01:58:37,251 [pool-558-thread-1] INFO  storage.RaftStorageDirectory (RaftStorageDirectory.java:tryLock(328)) - Lock on /workdir/hadoop-ozone/integration-test/target/test-dir/MiniOzoneClusterImpl-73a943d6-9e54-420a-b8c2-6f1b1463b42a/datanode-2/data/ratis/27431774-f8ad-4008-ab4d-e36039800411/in_use.lock acquired by nodename 12097@pr-hdds-1998-jt8wz-3050591487
2019-08-22 01:58:37,264 [pool-558-thread-1] INFO  storage.RaftStorage (RaftStorage.java:format(72)) - Storage directory /workdir/hadoop-ozone/integration-test/target/test-dir/MiniOzoneClusterImpl-73a943d6-9e54-420a-b8c2-6f1b1463b42a/datanode-2/data/ratis/27431774-f8ad-4008-ab4d-e36039800411 has been successfully formatted.
2019-08-22 01:58:37,265 [pool-558-thread-1] INFO  ratis.ContainerStateMachine (ContainerStateMachine.java:loadSnapshot(226)) - group-E36039800411: The snapshot info is null. Setting the last applied indexto:(t:0, i:~)
2019-08-22 01:58:37,265 [pool-558-thread-1] INFO  server.RaftServerConfigKeys (ConfUtils.java:logGet(43)) - raft.server.leader.election.timeout = 120s (custom)
2019-08-22 01:58:37,265 [pool-558-thread-1] INFO  server.RaftServerConfigKeys (ConfUtils.java:logGet(43)) - raft.server.log.use.memory = false (default)
2019-08-22 01:58:37,265 [pool-558-thread-1] INFO  server.RaftServerConfigKeys (ConfUtils.java:logGet(43)) - raft.server.log.purge.gap = 1000000 (custom)
2019-08-22 01:58:37,265 [pool-558-thread-1] INFO  server.RaftServerConfigKeys (ConfUtils.java:logGet(43)) - raft.server.log.appender.buffer.byte-limit = 33554432 (custom)
2019-08-22 01:58:37,265 [pool-558-thread-1] INFO  server.RaftServerConfigKeys (ConfUtils.java:logGet(43)) - raft.server.log.segment.size.max = 1048576 (custom)
2019-08-22 01:58:37,265 [pool-558-thread-1] INFO  server.RaftServerConfigKeys (ConfUtils.java:logGet(43)) - raft.server.log.segment.cache.num.max = 2 (custom)
2019-08-22 01:58:37,265 [pool-558-thread-1] INFO  segmented.SegmentedRaftLogWorker (SegmentedRaftLogWorker.java:<init>(172)) - new cc0da2ba-fdfe-4e15-bb7f-949408fb434b-SegmentedRaftLogWorker:Storage Directory /workdir/hadoop-ozone/integration-test/target/test-dir/MiniOzoneClusterImpl-73a943d6-9e54-420a-b8c2-6f1b1463b42a/datanode-2/data/ratis/27431774-f8ad-4008-ab4d-e36039800411 for RaftStorage:Storage Directory /workdir/hadoop-ozone/integration-test/target/test-dir/MiniOzoneClusterImpl-73a943d6-9e54-420a-b8c2-6f1b1463b42a/datanode-2/data/ratis/27431774-f8ad-4008-ab4d-e36039800411
2019-08-22 01:58:37,266 [pool-558-thread-1] INFO  server.RaftServerConfigKeys (ConfUtils.java:logGet(43)) - raft.server.log.queue.byte-limit = 2147483647 (custom)
2019-08-22 01:58:37,266 [pool-558-thread-1] INFO  server.RaftServerConfigKeys (ConfUtils.java:logGet(43)) - raft.server.log.queue.element-limit = 1024 (custom)
2019-08-22 01:58:37,266 [pool-558-thread-1] INFO  server.RaftServerConfigKeys (ConfUtils.java:logGet(43)) - raft.server.log.segment.size.max = 1048576 (custom)
2019-08-22 01:58:37,266 [pool-558-thread-1] INFO  server.RaftServerConfigKeys (ConfUtils.java:logGet(43)) - raft.server.log.preallocated.size = 16384 (custom)
2019-08-22 01:58:37,266 [pool-558-thread-1] INFO  server.RaftServerConfigKeys (ConfUtils.java:logGet(43)) - raft.server.log.write.buffer.size = 33554432 (custom)
2019-08-22 01:58:37,266 [pool-558-thread-1] INFO  server.RaftServerConfigKeys (ConfUtils.java:logGet(43)) - raft.server.log.force.sync.num = 128 (default)
2019-08-22 01:58:37,266 [pool-558-thread-1] INFO  server.RaftServerConfigKeys (ConfUtils.java:logGet(43)) - raft.server.log.statemachine.data.sync = true (default)
2019-08-22 01:58:37,267 [pool-558-thread-1] INFO  server.RaftServerConfigKeys (ConfUtils.java:logGet(43)) - raft.server.log.statemachine.data.sync.timeout = 10s (default)
2019-08-22 01:58:37,267 [pool-558-thread-1] INFO  server.RaftServerConfigKeys (ConfUtils.java:logGet(43)) - raft.server.log.statemachine.data.sync.timeout.retry = -1 (default)
2019-08-22 01:58:37,267 [pool-558-thread-1] INFO  server.RaftServerConfigKeys (ConfUtils.java:logGet(43)) - raft.server.log.statemachine.data.caching.enabled = true (custom)
2019-08-22 01:58:37,267 [pool-558-thread-1] INFO  segmented.SegmentedRaftLogWorker (SegmentedRaftLogWorker.java:lambda$new$0(132)) - cc0da2ba-fdfe-4e15-bb7f-949408fb434b-SegmentedRaftLogWorker:Storage Directory /workdir/hadoop-ozone/integration-test/target/test-dir/MiniOzoneClusterImpl-73a943d6-9e54-420a-b8c2-6f1b1463b42a/datanode-2/data/ratis/27431774-f8ad-4008-ab4d-e36039800411: flushIndex: setUnconditionally 0 -> -1
2019-08-22 01:58:37,268 [pool-558-thread-1] INFO  server.RaftServerConfigKeys (ConfUtils.java:logGet(43)) - raft.server.snapshot.auto.trigger.enabled = true (custom)
2019-08-22 01:58:37,268 [pool-558-thread-1] INFO  server.RaftServerConfigKeys (ConfUtils.java:logGet(43)) - raft.server.snapshot.auto.trigger.threshold = 10000 (custom)
2019-08-22 01:58:37,268 [pool-558-thread-1] INFO  server.RaftServerConfigKeys (ConfUtils.java:logGet(43)) - raft.server.retrycache.expirytime = 600000ms (custom)
2019-08-22 01:58:37,268 [pool-558-thread-1] INFO  impl.RaftServerImpl (RaftServerImpl.java:start(180)) - cc0da2ba-fdfe-4e15-bb7f-949408fb434b: start group-E36039800411
2019-08-22 01:58:37,268 [pool-558-thread-1] INFO  impl.RaftServerImpl (RaftServerImpl.java:setRole(171)) - cc0da2ba-fdfe-4e15-bb7f-949408fb434b:group-E36039800411 changes role from null to FOLLOWER at term 0 for startAsFollower
2019-08-22 01:58:37,268 [pool-558-thread-1] INFO  impl.RoleInfo (RoleInfo.java:updateAndGet(143)) - cc0da2ba-fdfe-4e15-bb7f-949408fb434b: start FollowerState
2019-08-22 01:58:37,269 [pool-558-thread-1] INFO  util.JmxRegister (JmxRegister.java:tryRegister(44)) - Successfully registered JMX Bean with object name Ratis:service=RaftServer,group=group-E36039800411,id=cc0da2ba-fdfe-4e15-bb7f-949408fb434b
2019-08-22 01:58:37,273 [RatisPipelineUtilsThread] INFO  pipeline.PipelineStateManager (PipelineStateManager.java:addPipeline(56)) - Created pipeline Pipeline[ Id: 27431774-f8ad-4008-ab4d-e36039800411, Nodes: cc0da2ba-fdfe-4e15-bb7f-949408fb434b{ip: 192.168.34.54, host: pr-hdds-1998-jt8wz-3050591487, networkLocation: /default-rack, certSerialId: null}, Type:RATIS, Factor:ONE, State:OPEN]
2019-08-22 01:58:37,282 [grpc-default-executor-5] INFO  impl.RaftServerProxy (RaftServerProxy.java:addNew(89)) - bb7541e0-7fde-4f15-9948-e374d6325018: addNew group-CA7304BD04EF:[cc0da2ba-fdfe-4e15-bb7f-949408fb434b:192.168.34.54:37015, d2d7804f-07c4-4123-9865-3bb05000fdf0:192.168.34.54:34770, bb7541e0-7fde-4f15-9948-e374d6325018:192.168.34.54:35476] returns group-CA7304BD04EF:java.util.concurrent.CompletableFuture@43ff0498[Not completed]
2019-08-22 01:58:37,282 [grpc-default-executor-5] INFO  impl.RaftServerProxy (RaftServerProxy.java:addNew(89)) - d2d7804f-07c4-4123-9865-3bb05000fdf0: addNew group-CA7304BD04EF:[cc0da2ba-fdfe-4e15-bb7f-949408fb434b:192.168.34.54:37015, d2d7804f-07c4-4123-9865-3bb05000fdf0:192.168.34.54:34770, bb7541e0-7fde-4f15-9948-e374d6325018:192.168.34.54:35476] returns group-CA7304BD04EF:java.util.concurrent.CompletableFuture@5524d658[Not completed]
2019-08-22 01:58:37,282 [grpc-default-executor-6] INFO  impl.RaftServerProxy (RaftServerProxy.java:addNew(89)) - cc0da2ba-fdfe-4e15-bb7f-949408fb434b: addNew group-CA7304BD04EF:[cc0da2ba-fdfe-4e15-bb7f-949408fb434b:192.168.34.54:37015, d2d7804f-07c4-4123-9865-3bb05000fdf0:192.168.34.54:34770, bb7541e0-7fde-4f15-9948-e374d6325018:192.168.34.54:35476] returns group-CA7304BD04EF:java.util.concurrent.CompletableFuture@2870ad72[Not completed]
2019-08-22 01:58:37,283 [pool-536-thread-1] INFO  impl.RaftServerImpl (RaftServerImpl.java:<init>(93)) - bb7541e0-7fde-4f15-9948-e374d6325018: new RaftServerImpl for group-CA7304BD04EF:[cc0da2ba-fdfe-4e15-bb7f-949408fb434b:192.168.34.54:37015, d2d7804f-07c4-4123-9865-3bb05000fdf0:192.168.34.54:34770, bb7541e0-7fde-4f15-9948-e374d6325018:192.168.34.54:35476] with ContainerStateMachine:uninitialized
2019-08-22 01:58:37,283 [pool-536-thread-1] INFO  server.RaftServerConfigKeys (ConfUtils.java:logGet(43)) - raft.server.rpc.timeout.min = 5s (custom)
2019-08-22 01:58:37,283 [pool-536-thread-1] INFO  server.RaftServerConfigKeys (ConfUtils.java:logGet(43)) - raft.server.rpc.timeout.max = 5200ms (custom)
2019-08-22 01:58:37,283 [pool-536-thread-1] INFO  server.RaftServerConfigKeys (ConfUtils.java:logGet(43)) - raft.server.rpcslowness.timeout = 120s (custom)
2019-08-22 01:58:37,283 [pool-547-thread-1] INFO  impl.RaftServerImpl (RaftServerImpl.java:<init>(93)) - d2d7804f-07c4-4123-9865-3bb05000fdf0: new RaftServerImpl for group-CA7304BD04EF:[cc0da2ba-fdfe-4e15-bb7f-949408fb434b:192.168.34.54:37015, d2d7804f-07c4-4123-9865-3bb05000fdf0:192.168.34.54:34770, bb7541e0-7fde-4f15-9948-e374d6325018:192.168.34.54:35476] with ContainerStateMachine:uninitialized
2019-08-22 01:58:37,283 [pool-536-thread-1] INFO  server.RaftServerConfigKeys (ConfUtils.java:logGet(43)) - raft.server.sleep.deviation.threshold = 300 (default)
2019-08-22 01:58:37,284 [pool-547-thread-1] INFO  server.RaftServerConfigKeys (ConfUtils.java:logGet(43)) - raft.server.rpc.timeout.min = 5s (custom)
2019-08-22 01:58:37,284 [pool-536-thread-1] INFO  server.RaftServerConfigKeys (ConfUtils.java:logGet(43)) - raft.server.log.appender.install.snapshot.enabled = false (custom)
2019-08-22 01:58:37,284 [pool-558-thread-1] INFO  impl.RaftServerImpl (RaftServerImpl.java:<init>(93)) - cc0da2ba-fdfe-4e15-bb7f-949408fb434b: new RaftServerImpl for group-CA7304BD04EF:[cc0da2ba-fdfe-4e15-bb7f-949408fb434b:192.168.34.54:37015, d2d7804f-07c4-4123-9865-3bb05000fdf0:192.168.34.54:34770, bb7541e0-7fde-4f15-9948-e374d6325018:192.168.34.54:35476] with ContainerStateMachine:uninitialized
2019-08-22 01:58:37,284 [pool-547-thread-1] INFO  server.RaftServerConfigKeys (ConfUtils.java:logGet(43)) - raft.server.rpc.timeout.max = 5200ms (custom)
2019-08-22 01:58:37,284 [pool-558-thread-1] INFO  server.RaftServerConfigKeys (ConfUtils.java:logGet(43)) - raft.server.rpc.timeout.min = 5s (custom)
2019-08-22 01:58:37,284 [pool-558-thread-1] INFO  server.RaftServerConfigKeys (ConfUtils.java:logGet(43)) - raft.server.rpc.timeout.max = 5200ms (custom)
2019-08-22 01:58:37,284 [pool-536-thread-1] INFO  impl.RaftServerImpl (ServerState.java:<init>(105)) - bb7541e0-7fde-4f15-9948-e374d6325018:group-CA7304BD04EF ConfigurationManager, init=-1: [cc0da2ba-fdfe-4e15-bb7f-949408fb434b:192.168.34.54:37015, d2d7804f-07c4-4123-9865-3bb05000fdf0:192.168.34.54:34770, bb7541e0-7fde-4f15-9948-e374d6325018:192.168.34.54:35476], old=null, confs=<EMPTY_MAP>
2019-08-22 01:58:37,285 [pool-558-thread-1] INFO  server.RaftServerConfigKeys (ConfUtils.java:logGet(43)) - raft.server.rpcslowness.timeout = 120s (custom)
2019-08-22 01:58:37,285 [pool-536-thread-1] INFO  server.RaftServerConfigKeys (ConfUtils.java:logGet(43)) - raft.server.storage.dir = [/workdir/hadoop-ozone/integration-test/target/test-dir/MiniOzoneClusterImpl-73a943d6-9e54-420a-b8c2-6f1b1463b42a/datanode-0/data/ratis] (custom)
2019-08-22 01:58:37,284 [pool-547-thread-1] INFO  server.RaftServerConfigKeys (ConfUtils.java:logGet(43)) - raft.server.rpcslowness.timeout = 120s (custom)
2019-08-22 01:58:37,285 [pool-558-thread-1] INFO  server.RaftServerConfigKeys (ConfUtils.java:logGet(43)) - raft.server.sleep.deviation.threshold = 300 (default)
2019-08-22 01:58:37,285 [pool-547-thread-1] INFO  server.RaftServerConfigKeys (ConfUtils.java:logGet(43)) - raft.server.sleep.deviation.threshold = 300 (default)
2019-08-22 01:58:37,285 [pool-536-thread-1] INFO  storage.RaftStorageDirectory (RaftStorageDirectory.java:analyzeStorage(246)) - The storage directory /workdir/hadoop-ozone/integration-test/target/test-dir/MiniOzoneClusterImpl-73a943d6-9e54-420a-b8c2-6f1b1463b42a/datanode-0/data/ratis/d8a1a47f-f976-411d-aa60-ca7304bd04ef does not exist. Creating ...
2019-08-22 01:58:37,285 [pool-558-thread-1] INFO  server.RaftServerConfigKeys (ConfUtils.java:logGet(43)) - raft.server.log.appender.install.snapshot.enabled = false (custom)
2019-08-22 01:58:37,285 [pool-547-thread-1] INFO  server.RaftServerConfigKeys (ConfUtils.java:logGet(43)) - raft.server.log.appender.install.snapshot.enabled = false (custom)
2019-08-22 01:58:37,286 [pool-558-thread-1] INFO  impl.RaftServerImpl (ServerState.java:<init>(105)) - cc0da2ba-fdfe-4e15-bb7f-949408fb434b:group-CA7304BD04EF ConfigurationManager, init=-1: [cc0da2ba-fdfe-4e15-bb7f-949408fb434b:192.168.34.54:37015, d2d7804f-07c4-4123-9865-3bb05000fdf0:192.168.34.54:34770, bb7541e0-7fde-4f15-9948-e374d6325018:192.168.34.54:35476], old=null, confs=<EMPTY_MAP>
2019-08-22 01:58:37,286 [pool-547-thread-1] INFO  impl.RaftServerImpl (ServerState.java:<init>(105)) - d2d7804f-07c4-4123-9865-3bb05000fdf0:group-CA7304BD04EF ConfigurationManager, init=-1: [cc0da2ba-fdfe-4e15-bb7f-949408fb434b:192.168.34.54:37015, d2d7804f-07c4-4123-9865-3bb05000fdf0:192.168.34.54:34770, bb7541e0-7fde-4f15-9948-e374d6325018:192.168.34.54:35476], old=null, confs=<EMPTY_MAP>
2019-08-22 01:58:37,286 [pool-558-thread-1] INFO  server.RaftServerConfigKeys (ConfUtils.java:logGet(43)) - raft.server.storage.dir = [/workdir/hadoop-ozone/integration-test/target/test-dir/MiniOzoneClusterImpl-73a943d6-9e54-420a-b8c2-6f1b1463b42a/datanode-2/data/ratis] (custom)
2019-08-22 01:58:37,286 [pool-547-thread-1] INFO  server.RaftServerConfigKeys (ConfUtils.java:logGet(43)) - raft.server.storage.dir = [/workdir/hadoop-ozone/integration-test/target/test-dir/MiniOzoneClusterImpl-73a943d6-9e54-420a-b8c2-6f1b1463b42a/datanode-1/data/ratis] (custom)
2019-08-22 01:58:37,286 [pool-558-thread-1] INFO  storage.RaftStorageDirectory (RaftStorageDirectory.java:analyzeStorage(246)) - The storage directory /workdir/hadoop-ozone/integration-test/target/test-dir/MiniOzoneClusterImpl-73a943d6-9e54-420a-b8c2-6f1b1463b42a/datanode-2/data/ratis/d8a1a47f-f976-411d-aa60-ca7304bd04ef does not exist. Creating ...
2019-08-22 01:58:37,286 [pool-547-thread-1] INFO  storage.RaftStorageDirectory (RaftStorageDirectory.java:analyzeStorage(246)) - The storage directory /workdir/hadoop-ozone/integration-test/target/test-dir/MiniOzoneClusterImpl-73a943d6-9e54-420a-b8c2-6f1b1463b42a/datanode-1/data/ratis/d8a1a47f-f976-411d-aa60-ca7304bd04ef does not exist. Creating ...
2019-08-22 01:58:37,310 [pool-547-thread-1] INFO  storage.RaftStorageDirectory (RaftStorageDirectory.java:tryLock(328)) - Lock on /workdir/hadoop-ozone/integration-test/target/test-dir/MiniOzoneClusterImpl-73a943d6-9e54-420a-b8c2-6f1b1463b42a/datanode-1/data/ratis/d8a1a47f-f976-411d-aa60-ca7304bd04ef/in_use.lock acquired by nodename 12097@pr-hdds-1998-jt8wz-3050591487
2019-08-22 01:58:37,310 [pool-536-thread-1] INFO  storage.RaftStorageDirectory (RaftStorageDirectory.java:tryLock(328)) - Lock on /workdir/hadoop-ozone/integration-test/target/test-dir/MiniOzoneClusterImpl-73a943d6-9e54-420a-b8c2-6f1b1463b42a/datanode-0/data/ratis/d8a1a47f-f976-411d-aa60-ca7304bd04ef/in_use.lock acquired by nodename 12097@pr-hdds-1998-jt8wz-3050591487
2019-08-22 01:58:37,310 [pool-558-thread-1] INFO  storage.RaftStorageDirectory (RaftStorageDirectory.java:tryLock(328)) - Lock on /workdir/hadoop-ozone/integration-test/target/test-dir/MiniOzoneClusterImpl-73a943d6-9e54-420a-b8c2-6f1b1463b42a/datanode-2/data/ratis/d8a1a47f-f976-411d-aa60-ca7304bd04ef/in_use.lock acquired by nodename 12097@pr-hdds-1998-jt8wz-3050591487
2019-08-22 01:58:37,345 [pool-558-thread-1] INFO  storage.RaftStorage (RaftStorage.java:format(72)) - Storage directory /workdir/hadoop-ozone/integration-test/target/test-dir/MiniOzoneClusterImpl-73a943d6-9e54-420a-b8c2-6f1b1463b42a/datanode-2/data/ratis/d8a1a47f-f976-411d-aa60-ca7304bd04ef has been successfully formatted.
2019-08-22 01:58:37,345 [pool-547-thread-1] INFO  storage.RaftStorage (RaftStorage.java:format(72)) - Storage directory /workdir/hadoop-ozone/integration-test/target/test-dir/MiniOzoneClusterImpl-73a943d6-9e54-420a-b8c2-6f1b1463b42a/datanode-1/data/ratis/d8a1a47f-f976-411d-aa60-ca7304bd04ef has been successfully formatted.
2019-08-22 01:58:37,345 [pool-536-thread-1] INFO  storage.RaftStorage (RaftStorage.java:format(72)) - Storage directory /workdir/hadoop-ozone/integration-test/target/test-dir/MiniOzoneClusterImpl-73a943d6-9e54-420a-b8c2-6f1b1463b42a/datanode-0/data/ratis/d8a1a47f-f976-411d-aa60-ca7304bd04ef has been successfully formatted.
2019-08-22 01:58:37,346 [pool-558-thread-1] INFO  ratis.ContainerStateMachine (ContainerStateMachine.java:loadSnapshot(226)) - group-CA7304BD04EF: The snapshot info is null. Setting the last applied indexto:(t:0, i:~)
2019-08-22 01:58:37,346 [pool-536-thread-1] INFO  ratis.ContainerStateMachine (ContainerStateMachine.java:loadSnapshot(226)) - group-CA7304BD04EF: The snapshot info is null. Setting the last applied indexto:(t:0, i:~)
2019-08-22 01:58:37,346 [pool-547-thread-1] INFO  ratis.ContainerStateMachine (ContainerStateMachine.java:loadSnapshot(226)) - group-CA7304BD04EF: The snapshot info is null. Setting the last applied indexto:(t:0, i:~)
2019-08-22 01:58:37,346 [pool-536-thread-1] INFO  server.RaftServerConfigKeys (ConfUtils.java:logGet(43)) - raft.server.leader.election.timeout = 120s (custom)
2019-08-22 01:58:37,346 [pool-536-thread-1] INFO  server.RaftServerConfigKeys (ConfUtils.java:logGet(43)) - raft.server.log.use.memory = false (default)
2019-08-22 01:58:37,346 [pool-558-thread-1] INFO  server.RaftServerConfigKeys (ConfUtils.java:logGet(43)) - raft.server.leader.election.timeout = 120s (custom)
2019-08-22 01:58:37,347 [pool-536-thread-1] INFO  server.RaftServerConfigKeys (ConfUtils.java:logGet(43)) - raft.server.log.purge.gap = 1000000 (custom)
2019-08-22 01:58:37,346 [pool-547-thread-1] INFO  server.RaftServerConfigKeys (ConfUtils.java:logGet(43)) - raft.server.leader.election.timeout = 120s (custom)
2019-08-22 01:58:37,347 [pool-536-thread-1] INFO  server.RaftServerConfigKeys (ConfUtils.java:logGet(43)) - raft.server.log.appender.buffer.byte-limit = 33554432 (custom)
2019-08-22 01:58:37,347 [pool-558-thread-1] INFO  server.RaftServerConfigKeys (ConfUtils.java:logGet(43)) - raft.server.log.use.memory = false (default)
2019-08-22 01:58:37,347 [pool-536-thread-1] INFO  server.RaftServerConfigKeys (ConfUtils.java:logGet(43)) - raft.server.log.segment.size.max = 1048576 (custom)
2019-08-22 01:58:37,347 [pool-547-thread-1] INFO  server.RaftServerConfigKeys (ConfUtils.java:logGet(43)) - raft.server.log.use.memory = false (default)
2019-08-22 01:58:37,348 [pool-536-thread-1] INFO  server.RaftServerConfigKeys (ConfUtils.java:logGet(43)) - raft.server.log.segment.cache.num.max = 2 (custom)
2019-08-22 01:58:37,347 [pool-558-thread-1] INFO  server.RaftServerConfigKeys (ConfUtils.java:logGet(43)) - raft.server.log.purge.gap = 1000000 (custom)
2019-08-22 01:58:37,348 [pool-536-thread-1] INFO  segmented.SegmentedRaftLogWorker (SegmentedRaftLogWorker.java:<init>(172)) - new bb7541e0-7fde-4f15-9948-e374d6325018-SegmentedRaftLogWorker:Storage Directory /workdir/hadoop-ozone/integration-test/target/test-dir/MiniOzoneClusterImpl-73a943d6-9e54-420a-b8c2-6f1b1463b42a/datanode-0/data/ratis/d8a1a47f-f976-411d-aa60-ca7304bd04ef for RaftStorage:Storage Directory /workdir/hadoop-ozone/integration-test/target/test-dir/MiniOzoneClusterImpl-73a943d6-9e54-420a-b8c2-6f1b1463b42a/datanode-0/data/ratis/d8a1a47f-f976-411d-aa60-ca7304bd04ef
2019-08-22 01:58:37,348 [pool-547-thread-1] INFO  server.RaftServerConfigKeys (ConfUtils.java:logGet(43)) - raft.server.log.purge.gap = 1000000 (custom)
2019-08-22 01:58:37,348 [pool-536-thread-1] INFO  server.RaftServerConfigKeys (ConfUtils.java:logGet(43)) - raft.server.log.queue.byte-limit = 2147483647 (custom)
2019-08-22 01:58:37,348 [pool-536-thread-1] INFO  server.RaftServerConfigKeys (ConfUtils.java:logGet(43)) - raft.server.log.queue.element-limit = 1024 (custom)
2019-08-22 01:58:37,348 [pool-558-thread-1] INFO  server.RaftServerConfigKeys (ConfUtils.java:logGet(43)) - raft.server.log.appender.buffer.byte-limit = 33554432 (custom)
2019-08-22 01:58:37,349 [pool-536-thread-1] INFO  server.RaftServerConfigKeys (ConfUtils.java:logGet(43)) - raft.server.log.segment.size.max = 1048576 (custom)
2019-08-22 01:58:37,348 [pool-547-thread-1] INFO  server.RaftServerConfigKeys (ConfUtils.java:logGet(43)) - raft.server.log.appender.buffer.byte-limit = 33554432 (custom)
2019-08-22 01:58:37,349 [pool-536-thread-1] INFO  server.RaftServerConfigKeys (ConfUtils.java:logGet(43)) - raft.server.log.preallocated.size = 16384 (custom)
2019-08-22 01:58:37,349 [pool-558-thread-1] INFO  server.RaftServerConfigKeys (ConfUtils.java:logGet(43)) - raft.server.log.segment.size.max = 1048576 (custom)
2019-08-22 01:58:37,349 [pool-536-thread-1] INFO  server.RaftServerConfigKeys (ConfUtils.java:logGet(43)) - raft.server.log.write.buffer.size = 33554432 (custom)
2019-08-22 01:58:37,350 [pool-536-thread-1] INFO  server.RaftServerConfigKeys (ConfUtils.java:logGet(43)) - raft.server.log.force.sync.num = 128 (default)
2019-08-22 01:58:37,349 [pool-547-thread-1] INFO  server.RaftServerConfigKeys (ConfUtils.java:logGet(43)) - raft.server.log.segment.size.max = 1048576 (custom)
2019-08-22 01:58:37,350 [pool-536-thread-1] INFO  server.RaftServerConfigKeys (ConfUtils.java:logGet(43)) - raft.server.log.statemachine.data.sync = true (default)
2019-08-22 01:58:37,349 [pool-558-thread-1] INFO  server.RaftServerConfigKeys (ConfUtils.java:logGet(43)) - raft.server.log.segment.cache.num.max = 2 (custom)
2019-08-22 01:58:37,350 [pool-536-thread-1] INFO  server.RaftServerConfigKeys (ConfUtils.java:logGet(43)) - raft.server.log.statemachine.data.sync.timeout = 10s (default)
2019-08-22 01:58:37,350 [pool-547-thread-1] INFO  server.RaftServerConfigKeys (ConfUtils.java:logGet(43)) - raft.server.log.segment.cache.num.max = 2 (custom)
2019-08-22 01:58:37,350 [pool-536-thread-1] INFO  server.RaftServerConfigKeys (ConfUtils.java:logGet(43)) - raft.server.log.statemachine.data.sync.timeout.retry = -1 (default)
2019-08-22 01:58:37,350 [pool-558-thread-1] INFO  segmented.SegmentedRaftLogWorker (SegmentedRaftLogWorker.java:<init>(172)) - new cc0da2ba-fdfe-4e15-bb7f-949408fb434b-SegmentedRaftLogWorker:Storage Directory /workdir/hadoop-ozone/integration-test/target/test-dir/MiniOzoneClusterImpl-73a943d6-9e54-420a-b8c2-6f1b1463b42a/datanode-2/data/ratis/d8a1a47f-f976-411d-aa60-ca7304bd04ef for RaftStorage:Storage Directory /workdir/hadoop-ozone/integration-test/target/test-dir/MiniOzoneClusterImpl-73a943d6-9e54-420a-b8c2-6f1b1463b42a/datanode-2/data/ratis/d8a1a47f-f976-411d-aa60-ca7304bd04ef
2019-08-22 01:58:37,351 [pool-536-thread-1] INFO  server.RaftServerConfigKeys (ConfUtils.java:logGet(43)) - raft.server.log.statemachine.data.caching.enabled = true (custom)
2019-08-22 01:58:37,350 [pool-547-thread-1] INFO  segmented.SegmentedRaftLogWorker (SegmentedRaftLogWorker.java:<init>(172)) - new d2d7804f-07c4-4123-9865-3bb05000fdf0-SegmentedRaftLogWorker:Storage Directory /workdir/hadoop-ozone/integration-test/target/test-dir/MiniOzoneClusterImpl-73a943d6-9e54-420a-b8c2-6f1b1463b42a/datanode-1/data/ratis/d8a1a47f-f976-411d-aa60-ca7304bd04ef for RaftStorage:Storage Directory /workdir/hadoop-ozone/integration-test/target/test-dir/MiniOzoneClusterImpl-73a943d6-9e54-420a-b8c2-6f1b1463b42a/datanode-1/data/ratis/d8a1a47f-f976-411d-aa60-ca7304bd04ef
2019-08-22 01:58:37,351 [pool-558-thread-1] INFO  server.RaftServerConfigKeys (ConfUtils.java:logGet(43)) - raft.server.log.queue.byte-limit = 2147483647 (custom)
2019-08-22 01:58:37,351 [pool-536-thread-1] INFO  segmented.SegmentedRaftLogWorker (SegmentedRaftLogWorker.java:lambda$new$0(132)) - bb7541e0-7fde-4f15-9948-e374d6325018-SegmentedRaftLogWorker:Storage Directory /workdir/hadoop-ozone/integration-test/target/test-dir/MiniOzoneClusterImpl-73a943d6-9e54-420a-b8c2-6f1b1463b42a/datanode-0/data/ratis/d8a1a47f-f976-411d-aa60-ca7304bd04ef: flushIndex: setUnconditionally 0 -> -1
2019-08-22 01:58:37,351 [pool-547-thread-1] INFO  server.RaftServerConfigKeys (ConfUtils.java:logGet(43)) - raft.server.log.queue.byte-limit = 2147483647 (custom)
2019-08-22 01:58:37,351 [pool-558-thread-1] INFO  server.RaftServerConfigKeys (ConfUtils.java:logGet(43)) - raft.server.log.queue.element-limit = 1024 (custom)
2019-08-22 01:58:37,352 [pool-547-thread-1] INFO  server.RaftServerConfigKeys (ConfUtils.java:logGet(43)) - raft.server.log.queue.element-limit = 1024 (custom)
2019-08-22 01:58:37,352 [pool-536-thread-1] INFO  server.RaftServerConfigKeys (ConfUtils.java:logGet(43)) - raft.server.snapshot.auto.trigger.enabled = true (custom)
2019-08-22 01:58:37,352 [pool-547-thread-1] INFO  server.RaftServerConfigKeys (ConfUtils.java:logGet(43)) - raft.server.log.segment.size.max = 1048576 (custom)
2019-08-22 01:58:37,352 [pool-558-thread-1] INFO  server.RaftServerConfigKeys (ConfUtils.java:logGet(43)) - raft.server.log.segment.size.max = 1048576 (custom)
2019-08-22 01:58:37,352 [pool-547-thread-1] INFO  server.RaftServerConfigKeys (ConfUtils.java:logGet(43)) - raft.server.log.preallocated.size = 16384 (custom)
2019-08-22 01:58:37,352 [pool-536-thread-1] INFO  server.RaftServerConfigKeys (ConfUtils.java:logGet(43)) - raft.server.snapshot.auto.trigger.threshold = 10000 (custom)
2019-08-22 01:58:37,352 [pool-547-thread-1] INFO  server.RaftServerConfigKeys (ConfUtils.java:logGet(43)) - raft.server.log.write.buffer.size = 33554432 (custom)
2019-08-22 01:58:37,353 [pool-547-thread-1] INFO  server.RaftServerConfigKeys (ConfUtils.java:logGet(43)) - raft.server.log.force.sync.num = 128 (default)
2019-08-22 01:58:37,352 [pool-558-thread-1] INFO  server.RaftServerConfigKeys (ConfUtils.java:logGet(43)) - raft.server.log.preallocated.size = 16384 (custom)
2019-08-22 01:58:37,353 [pool-547-thread-1] INFO  server.RaftServerConfigKeys (ConfUtils.java:logGet(43)) - raft.server.log.statemachine.data.sync = true (default)
2019-08-22 01:58:37,353 [pool-536-thread-1] INFO  server.RaftServerConfigKeys (ConfUtils.java:logGet(43)) - raft.server.retrycache.expirytime = 600000ms (custom)
2019-08-22 01:58:37,353 [pool-547-thread-1] INFO  server.RaftServerConfigKeys (ConfUtils.java:logGet(43)) - raft.server.log.statemachine.data.sync.timeout = 10s (default)
2019-08-22 01:58:37,353 [pool-547-thread-1] INFO  server.RaftServerConfigKeys (ConfUtils.java:logGet(43)) - raft.server.log.statemachine.data.sync.timeout.retry = -1 (default)
2019-08-22 01:58:37,353 [pool-558-thread-1] INFO  server.RaftServerConfigKeys (ConfUtils.java:logGet(43)) - raft.server.log.write.buffer.size = 33554432 (custom)
2019-08-22 01:58:37,354 [pool-547-thread-1] INFO  server.RaftServerConfigKeys (ConfUtils.java:logGet(43)) - raft.server.log.statemachine.data.caching.enabled = true (custom)
2019-08-22 01:58:37,353 [pool-536-thread-1] INFO  impl.RaftServerImpl (RaftServerImpl.java:start(180)) - bb7541e0-7fde-4f15-9948-e374d6325018: start group-CA7304BD04EF
2019-08-22 01:58:37,354 [pool-547-thread-1] INFO  segmented.SegmentedRaftLogWorker (SegmentedRaftLogWorker.java:lambda$new$0(132)) - d2d7804f-07c4-4123-9865-3bb05000fdf0-SegmentedRaftLogWorker:Storage Directory /workdir/hadoop-ozone/integration-test/target/test-dir/MiniOzoneClusterImpl-73a943d6-9e54-420a-b8c2-6f1b1463b42a/datanode-1/data/ratis/d8a1a47f-f976-411d-aa60-ca7304bd04ef: flushIndex: setUnconditionally 0 -> -1
2019-08-22 01:58:37,354 [pool-558-thread-1] INFO  server.RaftServerConfigKeys (ConfUtils.java:logGet(43)) - raft.server.log.force.sync.num = 128 (default)
2019-08-22 01:58:37,354 [pool-547-thread-1] INFO  server.RaftServerConfigKeys (ConfUtils.java:logGet(43)) - raft.server.snapshot.auto.trigger.enabled = true (custom)
2019-08-22 01:58:37,354 [pool-536-thread-1] INFO  impl.RaftServerImpl (RaftServerImpl.java:setRole(171)) - bb7541e0-7fde-4f15-9948-e374d6325018:group-CA7304BD04EF changes role from null to FOLLOWER at term 0 for startAsFollower
2019-08-22 01:58:37,354 [pool-547-thread-1] INFO  server.RaftServerConfigKeys (ConfUtils.java:logGet(43)) - raft.server.snapshot.auto.trigger.threshold = 10000 (custom)
2019-08-22 01:58:37,354 [pool-558-thread-1] INFO  server.RaftServerConfigKeys (ConfUtils.java:logGet(43)) - raft.server.log.statemachine.data.sync = true (default)
2019-08-22 01:58:37,355 [pool-547-thread-1] INFO  server.RaftServerConfigKeys (ConfUtils.java:logGet(43)) - raft.server.retrycache.expirytime = 600000ms (custom)
2019-08-22 01:58:37,355 [pool-536-thread-1] INFO  impl.RoleInfo (RoleInfo.java:updateAndGet(143)) - bb7541e0-7fde-4f15-9948-e374d6325018: start FollowerState
2019-08-22 01:58:37,355 [pool-547-thread-1] INFO  impl.RaftServerImpl (RaftServerImpl.java:start(180)) - d2d7804f-07c4-4123-9865-3bb05000fdf0: start group-CA7304BD04EF
2019-08-22 01:58:37,355 [pool-547-thread-1] INFO  impl.RaftServerImpl (RaftServerImpl.java:setRole(171)) - d2d7804f-07c4-4123-9865-3bb05000fdf0:group-CA7304BD04EF changes role from null to FOLLOWER at term 0 for startAsFollower
2019-08-22 01:58:37,355 [pool-558-thread-1] INFO  server.RaftServerConfigKeys (ConfUtils.java:logGet(43)) - raft.server.log.statemachine.data.sync.timeout = 10s (default)
2019-08-22 01:58:37,355 [pool-536-thread-1] INFO  util.JmxRegister (JmxRegister.java:tryRegister(44)) - Successfully registered JMX Bean with object name Ratis:service=RaftServer,group=group-CA7304BD04EF,id=bb7541e0-7fde-4f15-9948-e374d6325018
2019-08-22 01:58:37,355 [pool-547-thread-1] INFO  impl.RoleInfo (RoleInfo.java:updateAndGet(143)) - d2d7804f-07c4-4123-9865-3bb05000fdf0: start FollowerState
2019-08-22 01:58:37,356 [pool-558-thread-1] INFO  server.RaftServerConfigKeys (ConfUtils.java:logGet(43)) - raft.server.log.statemachine.data.sync.timeout.retry = -1 (default)
2019-08-22 01:58:37,356 [pool-547-thread-1] INFO  util.JmxRegister (JmxRegister.java:tryRegister(44)) - Successfully registered JMX Bean with object name Ratis:service=RaftServer,group=group-CA7304BD04EF,id=d2d7804f-07c4-4123-9865-3bb05000fdf0
2019-08-22 01:58:37,356 [pool-558-thread-1] INFO  server.RaftServerConfigKeys (ConfUtils.java:logGet(43)) - raft.server.log.statemachine.data.caching.enabled = true (custom)
2019-08-22 01:58:37,357 [pool-558-thread-1] INFO  segmented.SegmentedRaftLogWorker (SegmentedRaftLogWorker.java:lambda$new$0(132)) - cc0da2ba-fdfe-4e15-bb7f-949408fb434b-SegmentedRaftLogWorker:Storage Directory /workdir/hadoop-ozone/integration-test/target/test-dir/MiniOzoneClusterImpl-73a943d6-9e54-420a-b8c2-6f1b1463b42a/datanode-2/data/ratis/d8a1a47f-f976-411d-aa60-ca7304bd04ef: flushIndex: setUnconditionally 0 -> -1
2019-08-22 01:58:37,361 [pool-558-thread-1] INFO  server.RaftServerConfigKeys (ConfUtils.java:logGet(43)) - raft.server.snapshot.auto.trigger.enabled = true (custom)
2019-08-22 01:58:37,363 [pool-558-thread-1] INFO  server.RaftServerConfigKeys (ConfUtils.java:logGet(43)) - raft.server.snapshot.auto.trigger.threshold = 10000 (custom)
2019-08-22 01:58:37,363 [pool-558-thread-1] INFO  server.RaftServerConfigKeys (ConfUtils.java:logGet(43)) - raft.server.retrycache.expirytime = 600000ms (custom)
2019-08-22 01:58:37,364 [pool-558-thread-1] INFO  impl.RaftServerImpl (RaftServerImpl.java:start(180)) - cc0da2ba-fdfe-4e15-bb7f-949408fb434b: start group-CA7304BD04EF
2019-08-22 01:58:37,364 [pool-558-thread-1] INFO  impl.RaftServerImpl (RaftServerImpl.java:setRole(171)) - cc0da2ba-fdfe-4e15-bb7f-949408fb434b:group-CA7304BD04EF changes role from null to FOLLOWER at term 0 for startAsFollower
2019-08-22 01:58:37,364 [pool-558-thread-1] INFO  impl.RoleInfo (RoleInfo.java:updateAndGet(143)) - cc0da2ba-fdfe-4e15-bb7f-949408fb434b: start FollowerState
2019-08-22 01:58:37,364 [pool-558-thread-1] INFO  util.JmxRegister (JmxRegister.java:tryRegister(44)) - Successfully registered JMX Bean with object name Ratis:service=RaftServer,group=group-CA7304BD04EF,id=cc0da2ba-fdfe-4e15-bb7f-949408fb434b
2019-08-22 01:58:37,369 [RatisPipelineUtilsThread] INFO  pipeline.PipelineStateManager (PipelineStateManager.java:addPipeline(56)) - Created pipeline Pipeline[ Id: d8a1a47f-f976-411d-aa60-ca7304bd04ef, Nodes: cc0da2ba-fdfe-4e15-bb7f-949408fb434b{ip: 192.168.34.54, host: pr-hdds-1998-jt8wz-3050591487, networkLocation: /default-rack, certSerialId: null}bb7541e0-7fde-4f15-9948-e374d6325018{ip: 192.168.34.54, host: pr-hdds-1998-jt8wz-3050591487, networkLocation: /default-rack, certSerialId: null}d2d7804f-07c4-4123-9865-3bb05000fdf0{ip: 192.168.34.54, host: pr-hdds-1998-jt8wz-3050591487, networkLocation: /default-rack, certSerialId: null}, Type:RATIS, Factor:THREE, State:OPEN]
2019-08-22 01:58:37,416 [IPC Server handler 16 on 46076] INFO  net.NetworkTopology (NetworkTopologyImpl.java:add(110)) - Added a new node: /default-rack/730038c5-3d8b-441c-8787-c9cbc1ffc73d
2019-08-22 01:58:37,416 [IPC Server handler 16 on 46076] INFO  node.SCMNodeManager (SCMNodeManager.java:register(273)) - Registered Data node : 730038c5-3d8b-441c-8787-c9cbc1ffc73d{ip: 192.168.34.54, host: pr-hdds-1998-jt8wz-3050591487, networkLocation: /default-rack, certSerialId: null}
2019-08-22 01:58:37,416 | INFO  | SCMAudit | user=jenkins1000 | ip=192.168.34.54 | op=REGISTER {datanodeDetails=730038c5-3d8b-441c-8787-c9cbc1ffc73d{ip: 192.168.34.54, host: pr-hdds-1998-jt8wz-3050591487, networkLocation: /default-rack, certSerialId: null}} | ret=SUCCESS |  
2019-08-22 01:58:37,424 [grpc-default-executor-5] INFO  impl.RaftServerProxy (RaftServerProxy.java:addNew(89)) - 730038c5-3d8b-441c-8787-c9cbc1ffc73d: addNew group-F3CCC5EA0583:[730038c5-3d8b-441c-8787-c9cbc1ffc73d:192.168.34.54:39337] returns group-F3CCC5EA0583:java.util.concurrent.CompletableFuture@c05f415[Not completed]
2019-08-22 01:58:37,425 [pool-569-thread-1] INFO  impl.RaftServerImpl (RaftServerImpl.java:<init>(93)) - 730038c5-3d8b-441c-8787-c9cbc1ffc73d: new RaftServerImpl for group-F3CCC5EA0583:[730038c5-3d8b-441c-8787-c9cbc1ffc73d:192.168.34.54:39337] with ContainerStateMachine:uninitialized
2019-08-22 01:58:37,425 [pool-569-thread-1] INFO  server.RaftServerConfigKeys (ConfUtils.java:logGet(43)) - raft.server.rpc.timeout.min = 5s (custom)
2019-08-22 01:58:37,426 [pool-569-thread-1] INFO  server.RaftServerConfigKeys (ConfUtils.java:logGet(43)) - raft.server.rpc.timeout.max = 5200ms (custom)
2019-08-22 01:58:37,426 [pool-569-thread-1] INFO  server.RaftServerConfigKeys (ConfUtils.java:logGet(43)) - raft.server.rpcslowness.timeout = 120s (custom)
2019-08-22 01:58:37,426 [pool-569-thread-1] INFO  server.RaftServerConfigKeys (ConfUtils.java:logGet(43)) - raft.server.sleep.deviation.threshold = 300 (default)
2019-08-22 01:58:37,426 [pool-569-thread-1] INFO  server.RaftServerConfigKeys (ConfUtils.java:logGet(43)) - raft.server.log.appender.install.snapshot.enabled = false (custom)
2019-08-22 01:58:37,426 [pool-569-thread-1] INFO  impl.RaftServerImpl (ServerState.java:<init>(105)) - 730038c5-3d8b-441c-8787-c9cbc1ffc73d:group-F3CCC5EA0583 ConfigurationManager, init=-1: [730038c5-3d8b-441c-8787-c9cbc1ffc73d:192.168.34.54:39337], old=null, confs=<EMPTY_MAP>
2019-08-22 01:58:37,426 [pool-569-thread-1] INFO  server.RaftServerConfigKeys (ConfUtils.java:logGet(43)) - raft.server.storage.dir = [/workdir/hadoop-ozone/integration-test/target/test-dir/MiniOzoneClusterImpl-73a943d6-9e54-420a-b8c2-6f1b1463b42a/datanode-3/data/ratis] (custom)
2019-08-22 01:58:37,427 [pool-569-thread-1] INFO  storage.RaftStorageDirectory (RaftStorageDirectory.java:analyzeStorage(246)) - The storage directory /workdir/hadoop-ozone/integration-test/target/test-dir/MiniOzoneClusterImpl-73a943d6-9e54-420a-b8c2-6f1b1463b42a/datanode-3/data/ratis/7e8e26ad-d949-4679-b9e7-f3ccc5ea0583 does not exist. Creating ...
2019-08-22 01:58:37,440 [pool-569-thread-1] INFO  storage.RaftStorageDirectory (RaftStorageDirectory.java:tryLock(328)) - Lock on /workdir/hadoop-ozone/integration-test/target/test-dir/MiniOzoneClusterImpl-73a943d6-9e54-420a-b8c2-6f1b1463b42a/datanode-3/data/ratis/7e8e26ad-d949-4679-b9e7-f3ccc5ea0583/in_use.lock acquired by nodename 12097@pr-hdds-1998-jt8wz-3050591487
2019-08-22 01:58:37,453 [pool-569-thread-1] INFO  storage.RaftStorage (RaftStorage.java:format(72)) - Storage directory /workdir/hadoop-ozone/integration-test/target/test-dir/MiniOzoneClusterImpl-73a943d6-9e54-420a-b8c2-6f1b1463b42a/datanode-3/data/ratis/7e8e26ad-d949-4679-b9e7-f3ccc5ea0583 has been successfully formatted.
2019-08-22 01:58:37,453 [pool-569-thread-1] INFO  ratis.ContainerStateMachine (ContainerStateMachine.java:loadSnapshot(226)) - group-F3CCC5EA0583: The snapshot info is null. Setting the last applied indexto:(t:0, i:~)
2019-08-22 01:58:37,453 [pool-569-thread-1] INFO  server.RaftServerConfigKeys (ConfUtils.java:logGet(43)) - raft.server.leader.election.timeout = 120s (custom)
2019-08-22 01:58:37,454 [pool-569-thread-1] INFO  server.RaftServerConfigKeys (ConfUtils.java:logGet(43)) - raft.server.log.use.memory = false (default)
2019-08-22 01:58:37,454 [pool-569-thread-1] INFO  server.RaftServerConfigKeys (ConfUtils.java:logGet(43)) - raft.server.log.purge.gap = 1000000 (custom)
2019-08-22 01:58:37,454 [pool-569-thread-1] INFO  server.RaftServerConfigKeys (ConfUtils.java:logGet(43)) - raft.server.log.appender.buffer.byte-limit = 33554432 (custom)
2019-08-22 01:58:37,454 [pool-569-thread-1] INFO  server.RaftServerConfigKeys (ConfUtils.java:logGet(43)) - raft.server.log.segment.size.max = 1048576 (custom)
2019-08-22 01:58:37,454 [pool-569-thread-1] INFO  server.RaftServerConfigKeys (ConfUtils.java:logGet(43)) - raft.server.log.segment.cache.num.max = 2 (custom)
2019-08-22 01:58:37,454 [pool-569-thread-1] INFO  segmented.SegmentedRaftLogWorker (SegmentedRaftLogWorker.java:<init>(172)) - new 730038c5-3d8b-441c-8787-c9cbc1ffc73d-SegmentedRaftLogWorker:Storage Directory /workdir/hadoop-ozone/integration-test/target/test-dir/MiniOzoneClusterImpl-73a943d6-9e54-420a-b8c2-6f1b1463b42a/datanode-3/data/ratis/7e8e26ad-d949-4679-b9e7-f3ccc5ea0583 for RaftStorage:Storage Directory /workdir/hadoop-ozone/integration-test/target/test-dir/MiniOzoneClusterImpl-73a943d6-9e54-420a-b8c2-6f1b1463b42a/datanode-3/data/ratis/7e8e26ad-d949-4679-b9e7-f3ccc5ea0583
2019-08-22 01:58:37,454 [pool-569-thread-1] INFO  server.RaftServerConfigKeys (ConfUtils.java:logGet(43)) - raft.server.log.queue.byte-limit = 2147483647 (custom)
2019-08-22 01:58:37,455 [pool-569-thread-1] INFO  server.RaftServerConfigKeys (ConfUtils.java:logGet(43)) - raft.server.log.queue.element-limit = 1024 (custom)
2019-08-22 01:58:37,455 [pool-569-thread-1] INFO  server.RaftServerConfigKeys (ConfUtils.java:logGet(43)) - raft.server.log.segment.size.max = 1048576 (custom)
2019-08-22 01:58:37,455 [pool-569-thread-1] INFO  server.RaftServerConfigKeys (ConfUtils.java:logGet(43)) - raft.server.log.preallocated.size = 16384 (custom)
2019-08-22 01:58:37,455 [pool-569-thread-1] INFO  server.RaftServerConfigKeys (ConfUtils.java:logGet(43)) - raft.server.log.write.buffer.size = 33554432 (custom)
2019-08-22 01:58:37,455 [pool-569-thread-1] INFO  server.RaftServerConfigKeys (ConfUtils.java:logGet(43)) - raft.server.log.force.sync.num = 128 (default)
2019-08-22 01:58:37,455 [pool-569-thread-1] INFO  server.RaftServerConfigKeys (ConfUtils.java:logGet(43)) - raft.server.log.statemachine.data.sync = true (default)
2019-08-22 01:58:37,456 [pool-569-thread-1] INFO  server.RaftServerConfigKeys (ConfUtils.java:logGet(43)) - raft.server.log.statemachine.data.sync.timeout = 10s (default)
2019-08-22 01:58:37,456 [pool-569-thread-1] INFO  server.RaftServerConfigKeys (ConfUtils.java:logGet(43)) - raft.server.log.statemachine.data.sync.timeout.retry = -1 (default)
2019-08-22 01:58:37,456 [pool-569-thread-1] INFO  server.RaftServerConfigKeys (ConfUtils.java:logGet(43)) - raft.server.log.statemachine.data.caching.enabled = true (custom)
2019-08-22 01:58:37,456 [pool-569-thread-1] INFO  segmented.SegmentedRaftLogWorker (SegmentedRaftLogWorker.java:lambda$new$0(132)) - 730038c5-3d8b-441c-8787-c9cbc1ffc73d-SegmentedRaftLogWorker:Storage Directory /workdir/hadoop-ozone/integration-test/target/test-dir/MiniOzoneClusterImpl-73a943d6-9e54-420a-b8c2-6f1b1463b42a/datanode-3/data/ratis/7e8e26ad-d949-4679-b9e7-f3ccc5ea0583: flushIndex: setUnconditionally 0 -> -1
2019-08-22 01:58:37,457 [pool-569-thread-1] INFO  server.RaftServerConfigKeys (ConfUtils.java:logGet(43)) - raft.server.snapshot.auto.trigger.enabled = true (custom)
2019-08-22 01:58:37,457 [pool-569-thread-1] INFO  server.RaftServerConfigKeys (ConfUtils.java:logGet(43)) - raft.server.snapshot.auto.trigger.threshold = 10000 (custom)
2019-08-22 01:58:37,457 [pool-569-thread-1] INFO  server.RaftServerConfigKeys (ConfUtils.java:logGet(43)) - raft.server.retrycache.expirytime = 600000ms (custom)
2019-08-22 01:58:37,457 [pool-569-thread-1] INFO  impl.RaftServerImpl (RaftServerImpl.java:start(180)) - 730038c5-3d8b-441c-8787-c9cbc1ffc73d: start group-F3CCC5EA0583
2019-08-22 01:58:37,458 [pool-569-thread-1] INFO  impl.RaftServerImpl (RaftServerImpl.java:setRole(171)) - 730038c5-3d8b-441c-8787-c9cbc1ffc73d:group-F3CCC5EA0583 changes role from null to FOLLOWER at term 0 for startAsFollower
2019-08-22 01:58:37,458 [pool-569-thread-1] INFO  impl.RoleInfo (RoleInfo.java:updateAndGet(143)) - 730038c5-3d8b-441c-8787-c9cbc1ffc73d: start FollowerState
2019-08-22 01:58:37,458 [pool-569-thread-1] INFO  util.JmxRegister (JmxRegister.java:tryRegister(44)) - Successfully registered JMX Bean with object name Ratis:service=RaftServer,group=group-F3CCC5EA0583,id=730038c5-3d8b-441c-8787-c9cbc1ffc73d
2019-08-22 01:58:37,464 [RatisPipelineUtilsThread] INFO  pipeline.PipelineStateManager (PipelineStateManager.java:addPipeline(56)) - Created pipeline Pipeline[ Id: 7e8e26ad-d949-4679-b9e7-f3ccc5ea0583, Nodes: 730038c5-3d8b-441c-8787-c9cbc1ffc73d{ip: 192.168.34.54, host: pr-hdds-1998-jt8wz-3050591487, networkLocation: /default-rack, certSerialId: null}, Type:RATIS, Factor:ONE, State:OPEN]
2019-08-22 01:58:37,611 [IPC Server handler 15 on 46076] INFO  net.NetworkTopology (NetworkTopologyImpl.java:add(110)) - Added a new node: /default-rack/a150ecf0-9441-4c31-a29f-f6938f908a65
2019-08-22 01:58:37,611 [IPC Server handler 15 on 46076] INFO  node.SCMNodeManager (SCMNodeManager.java:register(273)) - Registered Data node : a150ecf0-9441-4c31-a29f-f6938f908a65{ip: 192.168.34.54, host: pr-hdds-1998-jt8wz-3050591487, networkLocation: /default-rack, certSerialId: null}
2019-08-22 01:58:37,611 | INFO  | SCMAudit | user=jenkins1000 | ip=192.168.34.54 | op=REGISTER {datanodeDetails=a150ecf0-9441-4c31-a29f-f6938f908a65{ip: 192.168.34.54, host: pr-hdds-1998-jt8wz-3050591487, networkLocation: /default-rack, certSerialId: null}} | ret=SUCCESS |  
2019-08-22 01:58:37,627 [grpc-default-executor-5] INFO  impl.RaftServerProxy (RaftServerProxy.java:addNew(89)) - a150ecf0-9441-4c31-a29f-f6938f908a65: addNew group-5DBD6220F510:[a150ecf0-9441-4c31-a29f-f6938f908a65:192.168.34.54:34879] returns group-5DBD6220F510:java.util.concurrent.CompletableFuture@3e614d38[Not completed]
2019-08-22 01:58:37,628 [pool-580-thread-1] INFO  impl.RaftServerImpl (RaftServerImpl.java:<init>(93)) - a150ecf0-9441-4c31-a29f-f6938f908a65: new RaftServerImpl for group-5DBD6220F510:[a150ecf0-9441-4c31-a29f-f6938f908a65:192.168.34.54:34879] with ContainerStateMachine:uninitialized
2019-08-22 01:58:37,628 [pool-580-thread-1] INFO  server.RaftServerConfigKeys (ConfUtils.java:logGet(43)) - raft.server.rpc.timeout.min = 5s (custom)
2019-08-22 01:58:37,629 [pool-580-thread-1] INFO  server.RaftServerConfigKeys (ConfUtils.java:logGet(43)) - raft.server.rpc.timeout.max = 5200ms (custom)
2019-08-22 01:58:37,629 [pool-580-thread-1] INFO  server.RaftServerConfigKeys (ConfUtils.java:logGet(43)) - raft.server.rpcslowness.timeout = 120s (custom)
2019-08-22 01:58:37,629 [pool-580-thread-1] INFO  server.RaftServerConfigKeys (ConfUtils.java:logGet(43)) - raft.server.sleep.deviation.threshold = 300 (default)
2019-08-22 01:58:37,629 [pool-580-thread-1] INFO  server.RaftServerConfigKeys (ConfUtils.java:logGet(43)) - raft.server.log.appender.install.snapshot.enabled = false (custom)
2019-08-22 01:58:37,629 [pool-580-thread-1] INFO  impl.RaftServerImpl (ServerState.java:<init>(105)) - a150ecf0-9441-4c31-a29f-f6938f908a65:group-5DBD6220F510 ConfigurationManager, init=-1: [a150ecf0-9441-4c31-a29f-f6938f908a65:192.168.34.54:34879], old=null, confs=<EMPTY_MAP>
2019-08-22 01:58:37,629 [pool-580-thread-1] INFO  server.RaftServerConfigKeys (ConfUtils.java:logGet(43)) - raft.server.storage.dir = [/workdir/hadoop-ozone/integration-test/target/test-dir/MiniOzoneClusterImpl-73a943d6-9e54-420a-b8c2-6f1b1463b42a/datanode-4/data/ratis] (custom)
2019-08-22 01:58:37,630 [pool-580-thread-1] INFO  storage.RaftStorageDirectory (RaftStorageDirectory.java:analyzeStorage(246)) - The storage directory /workdir/hadoop-ozone/integration-test/target/test-dir/MiniOzoneClusterImpl-73a943d6-9e54-420a-b8c2-6f1b1463b42a/datanode-4/data/ratis/002eda46-f139-47a9-ae9b-5dbd6220f510 does not exist. Creating ...
2019-08-22 01:58:37,655 [pool-580-thread-1] INFO  storage.RaftStorageDirectory (RaftStorageDirectory.java:tryLock(328)) - Lock on /workdir/hadoop-ozone/integration-test/target/test-dir/MiniOzoneClusterImpl-73a943d6-9e54-420a-b8c2-6f1b1463b42a/datanode-4/data/ratis/002eda46-f139-47a9-ae9b-5dbd6220f510/in_use.lock acquired by nodename 12097@pr-hdds-1998-jt8wz-3050591487
2019-08-22 01:58:37,668 [pool-580-thread-1] INFO  storage.RaftStorage (RaftStorage.java:format(72)) - Storage directory /workdir/hadoop-ozone/integration-test/target/test-dir/MiniOzoneClusterImpl-73a943d6-9e54-420a-b8c2-6f1b1463b42a/datanode-4/data/ratis/002eda46-f139-47a9-ae9b-5dbd6220f510 has been successfully formatted.
2019-08-22 01:58:37,668 [pool-580-thread-1] INFO  ratis.ContainerStateMachine (ContainerStateMachine.java:loadSnapshot(226)) - group-5DBD6220F510: The snapshot info is null. Setting the last applied indexto:(t:0, i:~)
2019-08-22 01:58:37,668 [pool-580-thread-1] INFO  server.RaftServerConfigKeys (ConfUtils.java:logGet(43)) - raft.server.leader.election.timeout = 120s (custom)
2019-08-22 01:58:37,668 [pool-580-thread-1] INFO  server.RaftServerConfigKeys (ConfUtils.java:logGet(43)) - raft.server.log.use.memory = false (default)
2019-08-22 01:58:37,669 [pool-580-thread-1] INFO  server.RaftServerConfigKeys (ConfUtils.java:logGet(43)) - raft.server.log.purge.gap = 1000000 (custom)
2019-08-22 01:58:37,669 [pool-580-thread-1] INFO  server.RaftServerConfigKeys (ConfUtils.java:logGet(43)) - raft.server.log.appender.buffer.byte-limit = 33554432 (custom)
2019-08-22 01:58:37,669 [pool-580-thread-1] INFO  server.RaftServerConfigKeys (ConfUtils.java:logGet(43)) - raft.server.log.segment.size.max = 1048576 (custom)
2019-08-22 01:58:37,669 [pool-580-thread-1] INFO  server.RaftServerConfigKeys (ConfUtils.java:logGet(43)) - raft.server.log.segment.cache.num.max = 2 (custom)
2019-08-22 01:58:37,669 [pool-580-thread-1] INFO  segmented.SegmentedRaftLogWorker (SegmentedRaftLogWorker.java:<init>(172)) - new a150ecf0-9441-4c31-a29f-f6938f908a65-SegmentedRaftLogWorker:Storage Directory /workdir/hadoop-ozone/integration-test/target/test-dir/MiniOzoneClusterImpl-73a943d6-9e54-420a-b8c2-6f1b1463b42a/datanode-4/data/ratis/002eda46-f139-47a9-ae9b-5dbd6220f510 for RaftStorage:Storage Directory /workdir/hadoop-ozone/integration-test/target/test-dir/MiniOzoneClusterImpl-73a943d6-9e54-420a-b8c2-6f1b1463b42a/datanode-4/data/ratis/002eda46-f139-47a9-ae9b-5dbd6220f510
2019-08-22 01:58:37,669 [pool-580-thread-1] INFO  server.RaftServerConfigKeys (ConfUtils.java:logGet(43)) - raft.server.log.queue.byte-limit = 2147483647 (custom)
2019-08-22 01:58:37,670 [pool-580-thread-1] INFO  server.RaftServerConfigKeys (ConfUtils.java:logGet(43)) - raft.server.log.queue.element-limit = 1024 (custom)
2019-08-22 01:58:37,670 [pool-580-thread-1] INFO  server.RaftServerConfigKeys (ConfUtils.java:logGet(43)) - raft.server.log.segment.size.max = 1048576 (custom)
2019-08-22 01:58:37,670 [pool-580-thread-1] INFO  server.RaftServerConfigKeys (ConfUtils.java:logGet(43)) - raft.server.log.preallocated.size = 16384 (custom)
2019-08-22 01:58:37,670 [pool-580-thread-1] INFO  server.RaftServerConfigKeys (ConfUtils.java:logGet(43)) - raft.server.log.write.buffer.size = 33554432 (custom)
2019-08-22 01:58:37,670 [pool-580-thread-1] INFO  server.RaftServerConfigKeys (ConfUtils.java:logGet(43)) - raft.server.log.force.sync.num = 128 (default)
2019-08-22 01:58:37,670 [pool-580-thread-1] INFO  server.RaftServerConfigKeys (ConfUtils.java:logGet(43)) - raft.server.log.statemachine.data.sync = true (default)
2019-08-22 01:58:37,671 [pool-580-thread-1] INFO  server.RaftServerConfigKeys (ConfUtils.java:logGet(43)) - raft.server.log.statemachine.data.sync.timeout = 10s (default)
2019-08-22 01:58:37,671 [pool-580-thread-1] INFO  server.RaftServerConfigKeys (ConfUtils.java:logGet(43)) - raft.server.log.statemachine.data.sync.timeout.retry = -1 (default)
2019-08-22 01:58:37,671 [pool-580-thread-1] INFO  server.RaftServerConfigKeys (ConfUtils.java:logGet(43)) - raft.server.log.statemachine.data.caching.enabled = true (custom)
2019-08-22 01:58:37,671 [pool-580-thread-1] INFO  segmented.SegmentedRaftLogWorker (SegmentedRaftLogWorker.java:lambda$new$0(132)) - a150ecf0-9441-4c31-a29f-f6938f908a65-SegmentedRaftLogWorker:Storage Directory /workdir/hadoop-ozone/integration-test/target/test-dir/MiniOzoneClusterImpl-73a943d6-9e54-420a-b8c2-6f1b1463b42a/datanode-4/data/ratis/002eda46-f139-47a9-ae9b-5dbd6220f510: flushIndex: setUnconditionally 0 -> -1
2019-08-22 01:58:37,672 [pool-580-thread-1] INFO  server.RaftServerConfigKeys (ConfUtils.java:logGet(43)) - raft.server.snapshot.auto.trigger.enabled = true (custom)
2019-08-22 01:58:37,672 [pool-580-thread-1] INFO  server.RaftServerConfigKeys (ConfUtils.java:logGet(43)) - raft.server.snapshot.auto.trigger.threshold = 10000 (custom)
2019-08-22 01:58:37,672 [pool-580-thread-1] INFO  server.RaftServerConfigKeys (ConfUtils.java:logGet(43)) - raft.server.retrycache.expirytime = 600000ms (custom)
2019-08-22 01:58:37,672 [pool-580-thread-1] INFO  impl.RaftServerImpl (RaftServerImpl.java:start(180)) - a150ecf0-9441-4c31-a29f-f6938f908a65: start group-5DBD6220F510
2019-08-22 01:58:37,672 [pool-580-thread-1] INFO  impl.RaftServerImpl (RaftServerImpl.java:setRole(171)) - a150ecf0-9441-4c31-a29f-f6938f908a65:group-5DBD6220F510 changes role from null to FOLLOWER at term 0 for startAsFollower
2019-08-22 01:58:37,672 [pool-580-thread-1] INFO  impl.RoleInfo (RoleInfo.java:updateAndGet(143)) - a150ecf0-9441-4c31-a29f-f6938f908a65: start FollowerState
2019-08-22 01:58:37,673 [pool-580-thread-1] INFO  util.JmxRegister (JmxRegister.java:tryRegister(44)) - Successfully registered JMX Bean with object name Ratis:service=RaftServer,group=group-5DBD6220F510,id=a150ecf0-9441-4c31-a29f-f6938f908a65
2019-08-22 01:58:37,677 [RatisPipelineUtilsThread] INFO  pipeline.PipelineStateManager (PipelineStateManager.java:addPipeline(56)) - Created pipeline Pipeline[ Id: 002eda46-f139-47a9-ae9b-5dbd6220f510, Nodes: a150ecf0-9441-4c31-a29f-f6938f908a65{ip: 192.168.34.54, host: pr-hdds-1998-jt8wz-3050591487, networkLocation: /default-rack, certSerialId: null}, Type:RATIS, Factor:ONE, State:OPEN]
2019-08-22 01:58:38,011 [IPC Server handler 18 on 46076] INFO  net.NetworkTopology (NetworkTopologyImpl.java:add(110)) - Added a new node: /default-rack/f3d8d448-3596-4d55-8cde-6a41b384fc87
2019-08-22 01:58:38,012 [IPC Server handler 18 on 46076] INFO  node.SCMNodeManager (SCMNodeManager.java:register(273)) - Registered Data node : f3d8d448-3596-4d55-8cde-6a41b384fc87{ip: 192.168.34.54, host: pr-hdds-1998-jt8wz-3050591487, networkLocation: /default-rack, certSerialId: null}
2019-08-22 01:58:38,012 | INFO  | SCMAudit | user=jenkins1000 | ip=192.168.34.54 | op=REGISTER {datanodeDetails=f3d8d448-3596-4d55-8cde-6a41b384fc87{ip: 192.168.34.54, host: pr-hdds-1998-jt8wz-3050591487, networkLocation: /default-rack, certSerialId: null}} | ret=SUCCESS |  
2019-08-22 01:58:38,021 [grpc-default-executor-5] INFO  impl.RaftServerProxy (RaftServerProxy.java:addNew(89)) - f3d8d448-3596-4d55-8cde-6a41b384fc87: addNew group-CCD042532999:[f3d8d448-3596-4d55-8cde-6a41b384fc87:192.168.34.54:35986] returns group-CCD042532999:java.util.concurrent.CompletableFuture@4baeaa7f[Not completed]
2019-08-22 01:58:38,022 [pool-591-thread-1] INFO  impl.RaftServerImpl (RaftServerImpl.java:<init>(93)) - f3d8d448-3596-4d55-8cde-6a41b384fc87: new RaftServerImpl for group-CCD042532999:[f3d8d448-3596-4d55-8cde-6a41b384fc87:192.168.34.54:35986] with ContainerStateMachine:uninitialized
2019-08-22 01:58:38,022 [pool-591-thread-1] INFO  server.RaftServerConfigKeys (ConfUtils.java:logGet(43)) - raft.server.rpc.timeout.min = 5s (custom)
2019-08-22 01:58:38,022 [pool-591-thread-1] INFO  server.RaftServerConfigKeys (ConfUtils.java:logGet(43)) - raft.server.rpc.timeout.max = 5200ms (custom)
2019-08-22 01:58:38,022 [pool-591-thread-1] INFO  server.RaftServerConfigKeys (ConfUtils.java:logGet(43)) - raft.server.rpcslowness.timeout = 120s (custom)
2019-08-22 01:58:38,023 [pool-591-thread-1] INFO  server.RaftServerConfigKeys (ConfUtils.java:logGet(43)) - raft.server.sleep.deviation.threshold = 300 (default)
2019-08-22 01:58:38,023 [pool-591-thread-1] INFO  server.RaftServerConfigKeys (ConfUtils.java:logGet(43)) - raft.server.log.appender.install.snapshot.enabled = false (custom)
2019-08-22 01:58:38,023 [pool-591-thread-1] INFO  impl.RaftServerImpl (ServerState.java:<init>(105)) - f3d8d448-3596-4d55-8cde-6a41b384fc87:group-CCD042532999 ConfigurationManager, init=-1: [f3d8d448-3596-4d55-8cde-6a41b384fc87:192.168.34.54:35986], old=null, confs=<EMPTY_MAP>
2019-08-22 01:58:38,023 [pool-591-thread-1] INFO  server.RaftServerConfigKeys (ConfUtils.java:logGet(43)) - raft.server.storage.dir = [/workdir/hadoop-ozone/integration-test/target/test-dir/MiniOzoneClusterImpl-73a943d6-9e54-420a-b8c2-6f1b1463b42a/datanode-5/data/ratis] (custom)
2019-08-22 01:58:38,024 [pool-591-thread-1] INFO  storage.RaftStorageDirectory (RaftStorageDirectory.java:analyzeStorage(246)) - The storage directory /workdir/hadoop-ozone/integration-test/target/test-dir/MiniOzoneClusterImpl-73a943d6-9e54-420a-b8c2-6f1b1463b42a/datanode-5/data/ratis/38afb831-cf05-4b68-9597-ccd042532999 does not exist. Creating ...
2019-08-22 01:58:38,038 [pool-591-thread-1] INFO  storage.RaftStorageDirectory (RaftStorageDirectory.java:tryLock(328)) - Lock on /workdir/hadoop-ozone/integration-test/target/test-dir/MiniOzoneClusterImpl-73a943d6-9e54-420a-b8c2-6f1b1463b42a/datanode-5/data/ratis/38afb831-cf05-4b68-9597-ccd042532999/in_use.lock acquired by nodename 12097@pr-hdds-1998-jt8wz-3050591487
2019-08-22 01:58:38,052 [pool-591-thread-1] INFO  storage.RaftStorage (RaftStorage.java:format(72)) - Storage directory /workdir/hadoop-ozone/integration-test/target/test-dir/MiniOzoneClusterImpl-73a943d6-9e54-420a-b8c2-6f1b1463b42a/datanode-5/data/ratis/38afb831-cf05-4b68-9597-ccd042532999 has been successfully formatted.
2019-08-22 01:58:38,052 [pool-591-thread-1] INFO  ratis.ContainerStateMachine (ContainerStateMachine.java:loadSnapshot(226)) - group-CCD042532999: The snapshot info is null. Setting the last applied indexto:(t:0, i:~)
2019-08-22 01:58:38,052 [pool-591-thread-1] INFO  server.RaftServerConfigKeys (ConfUtils.java:logGet(43)) - raft.server.leader.election.timeout = 120s (custom)
2019-08-22 01:58:38,052 [pool-591-thread-1] INFO  server.RaftServerConfigKeys (ConfUtils.java:logGet(43)) - raft.server.log.use.memory = false (default)
2019-08-22 01:58:38,052 [pool-591-thread-1] INFO  server.RaftServerConfigKeys (ConfUtils.java:logGet(43)) - raft.server.log.purge.gap = 1000000 (custom)
2019-08-22 01:58:38,053 [pool-591-thread-1] INFO  server.RaftServerConfigKeys (ConfUtils.java:logGet(43)) - raft.server.log.appender.buffer.byte-limit = 33554432 (custom)
2019-08-22 01:58:38,053 [pool-591-thread-1] INFO  server.RaftServerConfigKeys (ConfUtils.java:logGet(43)) - raft.server.log.segment.size.max = 1048576 (custom)
2019-08-22 01:58:38,053 [pool-591-thread-1] INFO  server.RaftServerConfigKeys (ConfUtils.java:logGet(43)) - raft.server.log.segment.cache.num.max = 2 (custom)
2019-08-22 01:58:38,053 [pool-591-thread-1] INFO  segmented.SegmentedRaftLogWorker (SegmentedRaftLogWorker.java:<init>(172)) - new f3d8d448-3596-4d55-8cde-6a41b384fc87-SegmentedRaftLogWorker:Storage Directory /workdir/hadoop-ozone/integration-test/target/test-dir/MiniOzoneClusterImpl-73a943d6-9e54-420a-b8c2-6f1b1463b42a/datanode-5/data/ratis/38afb831-cf05-4b68-9597-ccd042532999 for RaftStorage:Storage Directory /workdir/hadoop-ozone/integration-test/target/test-dir/MiniOzoneClusterImpl-73a943d6-9e54-420a-b8c2-6f1b1463b42a/datanode-5/data/ratis/38afb831-cf05-4b68-9597-ccd042532999
2019-08-22 01:58:38,053 [pool-591-thread-1] INFO  server.RaftServerConfigKeys (ConfUtils.java:logGet(43)) - raft.server.log.queue.byte-limit = 2147483647 (custom)
2019-08-22 01:58:38,053 [pool-591-thread-1] INFO  server.RaftServerConfigKeys (ConfUtils.java:logGet(43)) - raft.server.log.queue.element-limit = 1024 (custom)
2019-08-22 01:58:38,054 [pool-591-thread-1] INFO  server.RaftServerConfigKeys (ConfUtils.java:logGet(43)) - raft.server.log.segment.size.max = 1048576 (custom)
2019-08-22 01:58:38,054 [pool-591-thread-1] INFO  server.RaftServerConfigKeys (ConfUtils.java:logGet(43)) - raft.server.log.preallocated.size = 16384 (custom)
2019-08-22 01:58:38,054 [pool-591-thread-1] INFO  server.RaftServerConfigKeys (ConfUtils.java:logGet(43)) - raft.server.log.write.buffer.size = 33554432 (custom)
2019-08-22 01:58:38,054 [pool-591-thread-1] INFO  server.RaftServerConfigKeys (ConfUtils.java:logGet(43)) - raft.server.log.force.sync.num = 128 (default)
2019-08-22 01:58:38,054 [pool-591-thread-1] INFO  server.RaftServerConfigKeys (ConfUtils.java:logGet(43)) - raft.server.log.statemachine.data.sync = true (default)
2019-08-22 01:58:38,054 [pool-591-thread-1] INFO  server.RaftServerConfigKeys (ConfUtils.java:logGet(43)) - raft.server.log.statemachine.data.sync.timeout = 10s (default)
2019-08-22 01:58:38,054 [pool-591-thread-1] INFO  server.RaftServerConfigKeys (ConfUtils.java:logGet(43)) - raft.server.log.statemachine.data.sync.timeout.retry = -1 (default)
2019-08-22 01:58:38,055 [pool-591-thread-1] INFO  server.RaftServerConfigKeys (ConfUtils.java:logGet(43)) - raft.server.log.statemachine.data.caching.enabled = true (custom)
2019-08-22 01:58:38,055 [pool-591-thread-1] INFO  segmented.SegmentedRaftLogWorker (SegmentedRaftLogWorker.java:lambda$new$0(132)) - f3d8d448-3596-4d55-8cde-6a41b384fc87-SegmentedRaftLogWorker:Storage Directory /workdir/hadoop-ozone/integration-test/target/test-dir/MiniOzoneClusterImpl-73a943d6-9e54-420a-b8c2-6f1b1463b42a/datanode-5/data/ratis/38afb831-cf05-4b68-9597-ccd042532999: flushIndex: setUnconditionally 0 -> -1
2019-08-22 01:58:38,055 [pool-591-thread-1] INFO  server.RaftServerConfigKeys (ConfUtils.java:logGet(43)) - raft.server.snapshot.auto.trigger.enabled = true (custom)
2019-08-22 01:58:38,056 [pool-591-thread-1] INFO  server.RaftServerConfigKeys (ConfUtils.java:logGet(43)) - raft.server.snapshot.auto.trigger.threshold = 10000 (custom)
2019-08-22 01:58:38,056 [pool-591-thread-1] INFO  server.RaftServerConfigKeys (ConfUtils.java:logGet(43)) - raft.server.retrycache.expirytime = 600000ms (custom)
2019-08-22 01:58:38,056 [pool-591-thread-1] INFO  impl.RaftServerImpl (RaftServerImpl.java:start(180)) - f3d8d448-3596-4d55-8cde-6a41b384fc87: start group-CCD042532999
2019-08-22 01:58:38,056 [pool-591-thread-1] INFO  impl.RaftServerImpl (RaftServerImpl.java:setRole(171)) - f3d8d448-3596-4d55-8cde-6a41b384fc87:group-CCD042532999 changes role from null to FOLLOWER at term 0 for startAsFollower
2019-08-22 01:58:38,056 [pool-591-thread-1] INFO  impl.RoleInfo (RoleInfo.java:updateAndGet(143)) - f3d8d448-3596-4d55-8cde-6a41b384fc87: start FollowerState
2019-08-22 01:58:38,057 [pool-591-thread-1] INFO  util.JmxRegister (JmxRegister.java:tryRegister(44)) - Successfully registered JMX Bean with object name Ratis:service=RaftServer,group=group-CCD042532999,id=f3d8d448-3596-4d55-8cde-6a41b384fc87
2019-08-22 01:58:38,062 [RatisPipelineUtilsThread] INFO  pipeline.PipelineStateManager (PipelineStateManager.java:addPipeline(56)) - Created pipeline Pipeline[ Id: 38afb831-cf05-4b68-9597-ccd042532999, Nodes: f3d8d448-3596-4d55-8cde-6a41b384fc87{ip: 192.168.34.54, host: pr-hdds-1998-jt8wz-3050591487, networkLocation: /default-rack, certSerialId: null}, Type:RATIS, Factor:ONE, State:OPEN]
2019-08-22 01:58:38,074 [grpc-default-executor-6] INFO  impl.RaftServerProxy (RaftServerProxy.java:addNew(89)) - 730038c5-3d8b-441c-8787-c9cbc1ffc73d: addNew group-35119918FFC0:[a150ecf0-9441-4c31-a29f-f6938f908a65:192.168.34.54:34879, 730038c5-3d8b-441c-8787-c9cbc1ffc73d:192.168.34.54:39337, f3d8d448-3596-4d55-8cde-6a41b384fc87:192.168.34.54:35986] returns group-35119918FFC0:java.util.concurrent.CompletableFuture@10e4301c[Not completed]
2019-08-22 01:58:38,074 [grpc-default-executor-5] INFO  impl.RaftServerProxy (RaftServerProxy.java:addNew(89)) - a150ecf0-9441-4c31-a29f-f6938f908a65: addNew group-35119918FFC0:[a150ecf0-9441-4c31-a29f-f6938f908a65:192.168.34.54:34879, 730038c5-3d8b-441c-8787-c9cbc1ffc73d:192.168.34.54:39337, f3d8d448-3596-4d55-8cde-6a41b384fc87:192.168.34.54:35986] returns group-35119918FFC0:java.util.concurrent.CompletableFuture@5f4888ab[Not completed]
2019-08-22 01:58:38,074 [grpc-default-executor-4] INFO  impl.RaftServerProxy (RaftServerProxy.java:addNew(89)) - f3d8d448-3596-4d55-8cde-6a41b384fc87: addNew group-35119918FFC0:[a150ecf0-9441-4c31-a29f-f6938f908a65:192.168.34.54:34879, 730038c5-3d8b-441c-8787-c9cbc1ffc73d:192.168.34.54:39337, f3d8d448-3596-4d55-8cde-6a41b384fc87:192.168.34.54:35986] returns group-35119918FFC0:java.util.concurrent.CompletableFuture@1c50c6cc[Not completed]
2019-08-22 01:58:38,075 [pool-569-thread-1] INFO  impl.RaftServerImpl (RaftServerImpl.java:<init>(93)) - 730038c5-3d8b-441c-8787-c9cbc1ffc73d: new RaftServerImpl for group-35119918FFC0:[a150ecf0-9441-4c31-a29f-f6938f908a65:192.168.34.54:34879, 730038c5-3d8b-441c-8787-c9cbc1ffc73d:192.168.34.54:39337, f3d8d448-3596-4d55-8cde-6a41b384fc87:192.168.34.54:35986] with ContainerStateMachine:uninitialized
2019-08-22 01:58:38,075 [pool-569-thread-1] INFO  server.RaftServerConfigKeys (ConfUtils.java:logGet(43)) - raft.server.rpc.timeout.min = 5s (custom)
2019-08-22 01:58:38,075 [pool-591-thread-1] INFO  impl.RaftServerImpl (RaftServerImpl.java:<init>(93)) - f3d8d448-3596-4d55-8cde-6a41b384fc87: new RaftServerImpl for group-35119918FFC0:[a150ecf0-9441-4c31-a29f-f6938f908a65:192.168.34.54:34879, 730038c5-3d8b-441c-8787-c9cbc1ffc73d:192.168.34.54:39337, f3d8d448-3596-4d55-8cde-6a41b384fc87:192.168.34.54:35986] with ContainerStateMachine:uninitialized
2019-08-22 01:58:38,075 [pool-569-thread-1] INFO  server.RaftServerConfigKeys (ConfUtils.java:logGet(43)) - raft.server.rpc.timeout.max = 5200ms (custom)
2019-08-22 01:58:38,076 [pool-591-thread-1] INFO  server.RaftServerConfigKeys (ConfUtils.java:logGet(43)) - raft.server.rpc.timeout.min = 5s (custom)
2019-08-22 01:58:38,076 [pool-569-thread-1] INFO  server.RaftServerConfigKeys (ConfUtils.java:logGet(43)) - raft.server.rpcslowness.timeout = 120s (custom)
2019-08-22 01:58:38,076 [pool-591-thread-1] INFO  server.RaftServerConfigKeys (ConfUtils.java:logGet(43)) - raft.server.rpc.timeout.max = 5200ms (custom)
2019-08-22 01:58:38,076 [pool-580-thread-1] INFO  impl.RaftServerImpl (RaftServerImpl.java:<init>(93)) - a150ecf0-9441-4c31-a29f-f6938f908a65: new RaftServerImpl for group-35119918FFC0:[a150ecf0-9441-4c31-a29f-f6938f908a65:192.168.34.54:34879, 730038c5-3d8b-441c-8787-c9cbc1ffc73d:192.168.34.54:39337, f3d8d448-3596-4d55-8cde-6a41b384fc87:192.168.34.54:35986] with ContainerStateMachine:uninitialized
2019-08-22 01:58:38,076 [pool-569-thread-1] INFO  server.RaftServerConfigKeys (ConfUtils.java:logGet(43)) - raft.server.sleep.deviation.threshold = 300 (default)
2019-08-22 01:58:38,076 [pool-580-thread-1] INFO  server.RaftServerConfigKeys (ConfUtils.java:logGet(43)) - raft.server.rpc.timeout.min = 5s (custom)
2019-08-22 01:58:38,076 [pool-580-thread-1] INFO  server.RaftServerConfigKeys (ConfUtils.java:logGet(43)) - raft.server.rpc.timeout.max = 5200ms (custom)
2019-08-22 01:58:38,076 [pool-591-thread-1] INFO  server.RaftServerConfigKeys (ConfUtils.java:logGet(43)) - raft.server.rpcslowness.timeout = 120s (custom)
2019-08-22 01:58:38,077 [pool-580-thread-1] INFO  server.RaftServerConfigKeys (ConfUtils.java:logGet(43)) - raft.server.rpcslowness.timeout = 120s (custom)
2019-08-22 01:58:38,077 [pool-580-thread-1] INFO  server.RaftServerConfigKeys (ConfUtils.java:logGet(43)) - raft.server.sleep.deviation.threshold = 300 (default)
2019-08-22 01:58:38,076 [pool-569-thread-1] INFO  server.RaftServerConfigKeys (ConfUtils.java:logGet(43)) - raft.server.log.appender.install.snapshot.enabled = false (custom)
2019-08-22 01:58:38,077 [pool-580-thread-1] INFO  server.RaftServerConfigKeys (ConfUtils.java:logGet(43)) - raft.server.log.appender.install.snapshot.enabled = false (custom)
2019-08-22 01:58:38,077 [pool-591-thread-1] INFO  server.RaftServerConfigKeys (ConfUtils.java:logGet(43)) - raft.server.sleep.deviation.threshold = 300 (default)
2019-08-22 01:58:38,077 [pool-580-thread-1] INFO  impl.RaftServerImpl (ServerState.java:<init>(105)) - a150ecf0-9441-4c31-a29f-f6938f908a65:group-35119918FFC0 ConfigurationManager, init=-1: [a150ecf0-9441-4c31-a29f-f6938f908a65:192.168.34.54:34879, 730038c5-3d8b-441c-8787-c9cbc1ffc73d:192.168.34.54:39337, f3d8d448-3596-4d55-8cde-6a41b384fc87:192.168.34.54:35986], old=null, confs=<EMPTY_MAP>
2019-08-22 01:58:38,077 [pool-569-thread-1] INFO  impl.RaftServerImpl (ServerState.java:<init>(105)) - 730038c5-3d8b-441c-8787-c9cbc1ffc73d:group-35119918FFC0 ConfigurationManager, init=-1: [a150ecf0-9441-4c31-a29f-f6938f908a65:192.168.34.54:34879, 730038c5-3d8b-441c-8787-c9cbc1ffc73d:192.168.34.54:39337, f3d8d448-3596-4d55-8cde-6a41b384fc87:192.168.34.54:35986], old=null, confs=<EMPTY_MAP>
2019-08-22 01:58:38,077 [pool-580-thread-1] INFO  server.RaftServerConfigKeys (ConfUtils.java:logGet(43)) - raft.server.storage.dir = [/workdir/hadoop-ozone/integration-test/target/test-dir/MiniOzoneClusterImpl-73a943d6-9e54-420a-b8c2-6f1b1463b42a/datanode-4/data/ratis] (custom)
2019-08-22 01:58:38,077 [pool-591-thread-1] INFO  server.RaftServerConfigKeys (ConfUtils.java:logGet(43)) - raft.server.log.appender.install.snapshot.enabled = false (custom)
2019-08-22 01:58:38,078 [pool-569-thread-1] INFO  server.RaftServerConfigKeys (ConfUtils.java:logGet(43)) - raft.server.storage.dir = [/workdir/hadoop-ozone/integration-test/target/test-dir/MiniOzoneClusterImpl-73a943d6-9e54-420a-b8c2-6f1b1463b42a/datanode-3/data/ratis] (custom)
2019-08-22 01:58:38,078 [pool-591-thread-1] INFO  impl.RaftServerImpl (ServerState.java:<init>(105)) - f3d8d448-3596-4d55-8cde-6a41b384fc87:group-35119918FFC0 ConfigurationManager, init=-1: [a150ecf0-9441-4c31-a29f-f6938f908a65:192.168.34.54:34879, 730038c5-3d8b-441c-8787-c9cbc1ffc73d:192.168.34.54:39337, f3d8d448-3596-4d55-8cde-6a41b384fc87:192.168.34.54:35986], old=null, confs=<EMPTY_MAP>
2019-08-22 01:58:38,078 [pool-580-thread-1] INFO  storage.RaftStorageDirectory (RaftStorageDirectory.java:analyzeStorage(246)) - The storage directory /workdir/hadoop-ozone/integration-test/target/test-dir/MiniOzoneClusterImpl-73a943d6-9e54-420a-b8c2-6f1b1463b42a/datanode-4/data/ratis/609f79d0-b647-47da-95d4-35119918ffc0 does not exist. Creating ...
2019-08-22 01:58:38,078 [pool-591-thread-1] INFO  server.RaftServerConfigKeys (ConfUtils.java:logGet(43)) - raft.server.storage.dir = [/workdir/hadoop-ozone/integration-test/target/test-dir/MiniOzoneClusterImpl-73a943d6-9e54-420a-b8c2-6f1b1463b42a/datanode-5/data/ratis] (custom)
2019-08-22 01:58:38,078 [pool-569-thread-1] INFO  storage.RaftStorageDirectory (RaftStorageDirectory.java:analyzeStorage(246)) - The storage directory /workdir/hadoop-ozone/integration-test/target/test-dir/MiniOzoneClusterImpl-73a943d6-9e54-420a-b8c2-6f1b1463b42a/datanode-3/data/ratis/609f79d0-b647-47da-95d4-35119918ffc0 does not exist. Creating ...
2019-08-22 01:58:38,078 [pool-591-thread-1] INFO  storage.RaftStorageDirectory (RaftStorageDirectory.java:analyzeStorage(246)) - The storage directory /workdir/hadoop-ozone/integration-test/target/test-dir/MiniOzoneClusterImpl-73a943d6-9e54-420a-b8c2-6f1b1463b42a/datanode-5/data/ratis/609f79d0-b647-47da-95d4-35119918ffc0 does not exist. Creating ...
2019-08-22 01:58:38,103 [pool-591-thread-1] INFO  storage.RaftStorageDirectory (RaftStorageDirectory.java:tryLock(328)) - Lock on /workdir/hadoop-ozone/integration-test/target/test-dir/MiniOzoneClusterImpl-73a943d6-9e54-420a-b8c2-6f1b1463b42a/datanode-5/data/ratis/609f79d0-b647-47da-95d4-35119918ffc0/in_use.lock acquired by nodename 12097@pr-hdds-1998-jt8wz-3050591487
2019-08-22 01:58:38,103 [pool-580-thread-1] INFO  storage.RaftStorageDirectory (RaftStorageDirectory.java:tryLock(328)) - Lock on /workdir/hadoop-ozone/integration-test/target/test-dir/MiniOzoneClusterImpl-73a943d6-9e54-420a-b8c2-6f1b1463b42a/datanode-4/data/ratis/609f79d0-b647-47da-95d4-35119918ffc0/in_use.lock acquired by nodename 12097@pr-hdds-1998-jt8wz-3050591487
2019-08-22 01:58:38,103 [pool-569-thread-1] INFO  storage.RaftStorageDirectory (RaftStorageDirectory.java:tryLock(328)) - Lock on /workdir/hadoop-ozone/integration-test/target/test-dir/MiniOzoneClusterImpl-73a943d6-9e54-420a-b8c2-6f1b1463b42a/datanode-3/data/ratis/609f79d0-b647-47da-95d4-35119918ffc0/in_use.lock acquired by nodename 12097@pr-hdds-1998-jt8wz-3050591487
2019-08-22 01:58:38,117 [pool-591-thread-1] INFO  storage.RaftStorage (RaftStorage.java:format(72)) - Storage directory /workdir/hadoop-ozone/integration-test/target/test-dir/MiniOzoneClusterImpl-73a943d6-9e54-420a-b8c2-6f1b1463b42a/datanode-5/data/ratis/609f79d0-b647-47da-95d4-35119918ffc0 has been successfully formatted.
2019-08-22 01:58:38,117 [pool-580-thread-1] INFO  storage.RaftStorage (RaftStorage.java:format(72)) - Storage directory /workdir/hadoop-ozone/integration-test/target/test-dir/MiniOzoneClusterImpl-73a943d6-9e54-420a-b8c2-6f1b1463b42a/datanode-4/data/ratis/609f79d0-b647-47da-95d4-35119918ffc0 has been successfully formatted.
2019-08-22 01:58:38,117 [pool-569-thread-1] INFO  storage.RaftStorage (RaftStorage.java:format(72)) - Storage directory /workdir/hadoop-ozone/integration-test/target/test-dir/MiniOzoneClusterImpl-73a943d6-9e54-420a-b8c2-6f1b1463b42a/datanode-3/data/ratis/609f79d0-b647-47da-95d4-35119918ffc0 has been successfully formatted.
2019-08-22 01:58:38,117 [pool-591-thread-1] INFO  ratis.ContainerStateMachine (ContainerStateMachine.java:loadSnapshot(226)) - group-35119918FFC0: The snapshot info is null. Setting the last applied indexto:(t:0, i:~)
2019-08-22 01:58:38,118 [pool-580-thread-1] INFO  ratis.ContainerStateMachine (ContainerStateMachine.java:loadSnapshot(226)) - group-35119918FFC0: The snapshot info is null. Setting the last applied indexto:(t:0, i:~)
2019-08-22 01:58:38,118 [pool-591-thread-1] INFO  server.RaftServerConfigKeys (ConfUtils.java:logGet(43)) - raft.server.leader.election.timeout = 120s (custom)
2019-08-22 01:58:38,118 [pool-569-thread-1] INFO  ratis.ContainerStateMachine (ContainerStateMachine.java:loadSnapshot(226)) - group-35119918FFC0: The snapshot info is null. Setting the last applied indexto:(t:0, i:~)
2019-08-22 01:58:38,118 [pool-591-thread-1] INFO  server.RaftServerConfigKeys (ConfUtils.java:logGet(43)) - raft.server.log.use.memory = false (default)
2019-08-22 01:58:38,118 [pool-580-thread-1] INFO  server.RaftServerConfigKeys (ConfUtils.java:logGet(43)) - raft.server.leader.election.timeout = 120s (custom)
2019-08-22 01:58:38,118 [pool-591-thread-1] INFO  server.RaftServerConfigKeys (ConfUtils.java:logGet(43)) - raft.server.log.purge.gap = 1000000 (custom)
2019-08-22 01:58:38,118 [pool-569-thread-1] INFO  server.RaftServerConfigKeys (ConfUtils.java:logGet(43)) - raft.server.leader.election.timeout = 120s (custom)
2019-08-22 01:58:38,119 [pool-591-thread-1] INFO  server.RaftServerConfigKeys (ConfUtils.java:logGet(43)) - raft.server.log.appender.buffer.byte-limit = 33554432 (custom)
2019-08-22 01:58:38,119 [pool-580-thread-1] INFO  server.RaftServerConfigKeys (ConfUtils.java:logGet(43)) - raft.server.log.use.memory = false (default)
2019-08-22 01:58:38,119 [pool-591-thread-1] INFO  server.RaftServerConfigKeys (ConfUtils.java:logGet(43)) - raft.server.log.segment.size.max = 1048576 (custom)
2019-08-22 01:58:38,119 [pool-569-thread-1] INFO  server.RaftServerConfigKeys (ConfUtils.java:logGet(43)) - raft.server.log.use.memory = false (default)
2019-08-22 01:58:38,119 [pool-591-thread-1] INFO  server.RaftServerConfigKeys (ConfUtils.java:logGet(43)) - raft.server.log.segment.cache.num.max = 2 (custom)
2019-08-22 01:58:38,119 [pool-580-thread-1] INFO  server.RaftServerConfigKeys (ConfUtils.java:logGet(43)) - raft.server.log.purge.gap = 1000000 (custom)
2019-08-22 01:58:38,119 [pool-591-thread-1] INFO  segmented.SegmentedRaftLogWorker (SegmentedRaftLogWorker.java:<init>(172)) - new f3d8d448-3596-4d55-8cde-6a41b384fc87-SegmentedRaftLogWorker:Storage Directory /workdir/hadoop-ozone/integration-test/target/test-dir/MiniOzoneClusterImpl-73a943d6-9e54-420a-b8c2-6f1b1463b42a/datanode-5/data/ratis/609f79d0-b647-47da-95d4-35119918ffc0 for RaftStorage:Storage Directory /workdir/hadoop-ozone/integration-test/target/test-dir/MiniOzoneClusterImpl-73a943d6-9e54-420a-b8c2-6f1b1463b42a/datanode-5/data/ratis/609f79d0-b647-47da-95d4-35119918ffc0
2019-08-22 01:58:38,119 [pool-569-thread-1] INFO  server.RaftServerConfigKeys (ConfUtils.java:logGet(43)) - raft.server.log.purge.gap = 1000000 (custom)
2019-08-22 01:58:38,120 [pool-591-thread-1] INFO  server.RaftServerConfigKeys (ConfUtils.java:logGet(43)) - raft.server.log.queue.byte-limit = 2147483647 (custom)
2019-08-22 01:58:38,120 [pool-580-thread-1] INFO  server.RaftServerConfigKeys (ConfUtils.java:logGet(43)) - raft.server.log.appender.buffer.byte-limit = 33554432 (custom)
2019-08-22 01:58:38,120 [pool-591-thread-1] INFO  server.RaftServerConfigKeys (ConfUtils.java:logGet(43)) - raft.server.log.queue.element-limit = 1024 (custom)
2019-08-22 01:58:38,120 [pool-569-thread-1] INFO  server.RaftServerConfigKeys (ConfUtils.java:logGet(43)) - raft.server.log.appender.buffer.byte-limit = 33554432 (custom)
2019-08-22 01:58:38,120 [pool-591-thread-1] INFO  server.RaftServerConfigKeys (ConfUtils.java:logGet(43)) - raft.server.log.segment.size.max = 1048576 (custom)
2019-08-22 01:58:38,120 [pool-580-thread-1] INFO  server.RaftServerConfigKeys (ConfUtils.java:logGet(43)) - raft.server.log.segment.size.max = 1048576 (custom)
2019-08-22 01:58:38,120 [pool-591-thread-1] INFO  server.RaftServerConfigKeys (ConfUtils.java:logGet(43)) - raft.server.log.preallocated.size = 16384 (custom)
2019-08-22 01:58:38,121 [pool-591-thread-1] INFO  server.RaftServerConfigKeys (ConfUtils.java:logGet(43)) - raft.server.log.write.buffer.size = 33554432 (custom)
2019-08-22 01:58:38,120 [pool-569-thread-1] INFO  server.RaftServerConfigKeys (ConfUtils.java:logGet(43)) - raft.server.log.segment.size.max = 1048576 (custom)
2019-08-22 01:58:38,121 [pool-591-thread-1] INFO  server.RaftServerConfigKeys (ConfUtils.java:logGet(43)) - raft.server.log.force.sync.num = 128 (default)
2019-08-22 01:58:38,121 [pool-591-thread-1] INFO  server.RaftServerConfigKeys (ConfUtils.java:logGet(43)) - raft.server.log.statemachine.data.sync = true (default)
2019-08-22 01:58:38,121 [pool-580-thread-1] INFO  server.RaftServerConfigKeys (ConfUtils.java:logGet(43)) - raft.server.log.segment.cache.num.max = 2 (custom)
2019-08-22 01:58:38,121 [pool-591-thread-1] INFO  server.RaftServerConfigKeys (ConfUtils.java:logGet(43)) - raft.server.log.statemachine.data.sync.timeout = 10s (default)
2019-08-22 01:58:38,121 [pool-591-thread-1] INFO  server.RaftServerConfigKeys (ConfUtils.java:logGet(43)) - raft.server.log.statemachine.data.sync.timeout.retry = -1 (default)
2019-08-22 01:58:38,121 [pool-569-thread-1] INFO  server.RaftServerConfigKeys (ConfUtils.java:logGet(43)) - raft.server.log.segment.cache.num.max = 2 (custom)
2019-08-22 01:58:38,122 [pool-591-thread-1] INFO  server.RaftServerConfigKeys (ConfUtils.java:logGet(43)) - raft.server.log.statemachine.data.caching.enabled = true (custom)
2019-08-22 01:58:38,121 [pool-580-thread-1] INFO  segmented.SegmentedRaftLogWorker (SegmentedRaftLogWorker.java:<init>(172)) - new a150ecf0-9441-4c31-a29f-f6938f908a65-SegmentedRaftLogWorker:Storage Directory /workdir/hadoop-ozone/integration-test/target/test-dir/MiniOzoneClusterImpl-73a943d6-9e54-420a-b8c2-6f1b1463b42a/datanode-4/data/ratis/609f79d0-b647-47da-95d4-35119918ffc0 for RaftStorage:Storage Directory /workdir/hadoop-ozone/integration-test/target/test-dir/MiniOzoneClusterImpl-73a943d6-9e54-420a-b8c2-6f1b1463b42a/datanode-4/data/ratis/609f79d0-b647-47da-95d4-35119918ffc0
2019-08-22 01:58:38,122 [pool-569-thread-1] INFO  segmented.SegmentedRaftLogWorker (SegmentedRaftLogWorker.java:<init>(172)) - new 730038c5-3d8b-441c-8787-c9cbc1ffc73d-SegmentedRaftLogWorker:Storage Directory /workdir/hadoop-ozone/integration-test/target/test-dir/MiniOzoneClusterImpl-73a943d6-9e54-420a-b8c2-6f1b1463b42a/datanode-3/data/ratis/609f79d0-b647-47da-95d4-35119918ffc0 for RaftStorage:Storage Directory /workdir/hadoop-ozone/integration-test/target/test-dir/MiniOzoneClusterImpl-73a943d6-9e54-420a-b8c2-6f1b1463b42a/datanode-3/data/ratis/609f79d0-b647-47da-95d4-35119918ffc0
2019-08-22 01:58:38,122 [pool-580-thread-1] INFO  server.RaftServerConfigKeys (ConfUtils.java:logGet(43)) - raft.server.log.queue.byte-limit = 2147483647 (custom)
2019-08-22 01:58:38,122 [pool-591-thread-1] INFO  segmented.SegmentedRaftLogWorker (SegmentedRaftLogWorker.java:lambda$new$0(132)) - f3d8d448-3596-4d55-8cde-6a41b384fc87-SegmentedRaftLogWorker:Storage Directory /workdir/hadoop-ozone/integration-test/target/test-dir/MiniOzoneClusterImpl-73a943d6-9e54-420a-b8c2-6f1b1463b42a/datanode-5/data/ratis/609f79d0-b647-47da-95d4-35119918ffc0: flushIndex: setUnconditionally 0 -> -1
2019-08-22 01:58:38,122 [pool-580-thread-1] INFO  server.RaftServerConfigKeys (ConfUtils.java:logGet(43)) - raft.server.log.queue.element-limit = 1024 (custom)
2019-08-22 01:58:38,122 [pool-569-thread-1] INFO  server.RaftServerConfigKeys (ConfUtils.java:logGet(43)) - raft.server.log.queue.byte-limit = 2147483647 (custom)
2019-08-22 01:58:38,123 [pool-580-thread-1] INFO  server.RaftServerConfigKeys (ConfUtils.java:logGet(43)) - raft.server.log.segment.size.max = 1048576 (custom)
2019-08-22 01:58:38,123 [pool-591-thread-1] INFO  server.RaftServerConfigKeys (ConfUtils.java:logGet(43)) - raft.server.snapshot.auto.trigger.enabled = true (custom)
2019-08-22 01:58:38,123 [pool-580-thread-1] INFO  server.RaftServerConfigKeys (ConfUtils.java:logGet(43)) - raft.server.log.preallocated.size = 16384 (custom)
2019-08-22 01:58:38,123 [pool-569-thread-1] INFO  server.RaftServerConfigKeys (ConfUtils.java:logGet(43)) - raft.server.log.queue.element-limit = 1024 (custom)
2019-08-22 01:58:38,123 [pool-580-thread-1] INFO  server.RaftServerConfigKeys (ConfUtils.java:logGet(43)) - raft.server.log.write.buffer.size = 33554432 (custom)
2019-08-22 01:58:38,123 [pool-580-thread-1] INFO  server.RaftServerConfigKeys (ConfUtils.java:logGet(43)) - raft.server.log.force.sync.num = 128 (default)
2019-08-22 01:58:38,123 [pool-591-thread-1] INFO  server.RaftServerConfigKeys (ConfUtils.java:logGet(43)) - raft.server.snapshot.auto.trigger.threshold = 10000 (custom)
2019-08-22 01:58:38,124 [pool-580-thread-1] INFO  server.RaftServerConfigKeys (ConfUtils.java:logGet(43)) - raft.server.log.statemachine.data.sync = true (default)
2019-08-22 01:58:38,123 [pool-569-thread-1] INFO  server.RaftServerConfigKeys (ConfUtils.java:logGet(43)) - raft.server.log.segment.size.max = 1048576 (custom)
2019-08-22 01:58:38,124 [pool-580-thread-1] INFO  server.RaftServerConfigKeys (ConfUtils.java:logGet(43)) - raft.server.log.statemachine.data.sync.timeout = 10s (default)
2019-08-22 01:58:38,124 [pool-591-thread-1] INFO  server.RaftServerConfigKeys (ConfUtils.java:logGet(43)) - raft.server.retrycache.expirytime = 600000ms (custom)
2019-08-22 01:58:38,124 [pool-580-thread-1] INFO  server.RaftServerConfigKeys (ConfUtils.java:logGet(43)) - raft.server.log.statemachine.data.sync.timeout.retry = -1 (default)
2019-08-22 01:58:38,124 [pool-569-thread-1] INFO  server.RaftServerConfigKeys (ConfUtils.java:logGet(43)) - raft.server.log.preallocated.size = 16384 (custom)
2019-08-22 01:58:38,125 [pool-580-thread-1] INFO  server.RaftServerConfigKeys (ConfUtils.java:logGet(43)) - raft.server.log.statemachine.data.caching.enabled = true (custom)
2019-08-22 01:58:38,124 [pool-591-thread-1] INFO  impl.RaftServerImpl (RaftServerImpl.java:start(180)) - f3d8d448-3596-4d55-8cde-6a41b384fc87: start group-35119918FFC0
2019-08-22 01:58:38,125 [pool-569-thread-1] INFO  server.RaftServerConfigKeys (ConfUtils.java:logGet(43)) - raft.server.log.write.buffer.size = 33554432 (custom)
2019-08-22 01:58:38,125 [pool-580-thread-1] INFO  segmented.SegmentedRaftLogWorker (SegmentedRaftLogWorker.java:lambda$new$0(132)) - a150ecf0-9441-4c31-a29f-f6938f908a65-SegmentedRaftLogWorker:Storage Directory /workdir/hadoop-ozone/integration-test/target/test-dir/MiniOzoneClusterImpl-73a943d6-9e54-420a-b8c2-6f1b1463b42a/datanode-4/data/ratis/609f79d0-b647-47da-95d4-35119918ffc0: flushIndex: setUnconditionally 0 -> -1
2019-08-22 01:58:38,125 [pool-591-thread-1] INFO  impl.RaftServerImpl (RaftServerImpl.java:setRole(171)) - f3d8d448-3596-4d55-8cde-6a41b384fc87:group-35119918FFC0 changes role from null to FOLLOWER at term 0 for startAsFollower
2019-08-22 01:58:38,125 [pool-569-thread-1] INFO  server.RaftServerConfigKeys (ConfUtils.java:logGet(43)) - raft.server.log.force.sync.num = 128 (default)
2019-08-22 01:58:38,125 [pool-580-thread-1] INFO  server.RaftServerConfigKeys (ConfUtils.java:logGet(43)) - raft.server.snapshot.auto.trigger.enabled = true (custom)
2019-08-22 01:58:38,125 [pool-591-thread-1] INFO  impl.RoleInfo (RoleInfo.java:updateAndGet(143)) - f3d8d448-3596-4d55-8cde-6a41b384fc87: start FollowerState
2019-08-22 01:58:38,126 [pool-580-thread-1] INFO  server.RaftServerConfigKeys (ConfUtils.java:logGet(43)) - raft.server.snapshot.auto.trigger.threshold = 10000 (custom)
2019-08-22 01:58:38,125 [pool-569-thread-1] INFO  server.RaftServerConfigKeys (ConfUtils.java:logGet(43)) - raft.server.log.statemachine.data.sync = true (default)
2019-08-22 01:58:38,126 [pool-580-thread-1] INFO  server.RaftServerConfigKeys (ConfUtils.java:logGet(43)) - raft.server.retrycache.expirytime = 600000ms (custom)
2019-08-22 01:58:38,126 [pool-591-thread-1] INFO  util.JmxRegister (JmxRegister.java:tryRegister(44)) - Successfully registered JMX Bean with object name Ratis:service=RaftServer,group=group-35119918FFC0,id=f3d8d448-3596-4d55-8cde-6a41b384fc87
2019-08-22 01:58:38,126 [pool-569-thread-1] INFO  server.RaftServerConfigKeys (ConfUtils.java:logGet(43)) - raft.server.log.statemachine.data.sync.timeout = 10s (default)
2019-08-22 01:58:38,126 [pool-580-thread-1] INFO  impl.RaftServerImpl (RaftServerImpl.java:start(180)) - a150ecf0-9441-4c31-a29f-f6938f908a65: start group-35119918FFC0
2019-08-22 01:58:38,126 [pool-569-thread-1] INFO  server.RaftServerConfigKeys (ConfUtils.java:logGet(43)) - raft.server.log.statemachine.data.sync.timeout.retry = -1 (default)
2019-08-22 01:58:38,127 [pool-580-thread-1] INFO  impl.RaftServerImpl (RaftServerImpl.java:setRole(171)) - a150ecf0-9441-4c31-a29f-f6938f908a65:group-35119918FFC0 changes role from null to FOLLOWER at term 0 for startAsFollower
2019-08-22 01:58:38,127 [pool-569-thread-1] INFO  server.RaftServerConfigKeys (ConfUtils.java:logGet(43)) - raft.server.log.statemachine.data.caching.enabled = true (custom)
2019-08-22 01:58:38,127 [pool-580-thread-1] INFO  impl.RoleInfo (RoleInfo.java:updateAndGet(143)) - a150ecf0-9441-4c31-a29f-f6938f908a65: start FollowerState
2019-08-22 01:58:38,127 [pool-569-thread-1] INFO  segmented.SegmentedRaftLogWorker (SegmentedRaftLogWorker.java:lambda$new$0(132)) - 730038c5-3d8b-441c-8787-c9cbc1ffc73d-SegmentedRaftLogWorker:Storage Directory /workdir/hadoop-ozone/integration-test/target/test-dir/MiniOzoneClusterImpl-73a943d6-9e54-420a-b8c2-6f1b1463b42a/datanode-3/data/ratis/609f79d0-b647-47da-95d4-35119918ffc0: flushIndex: setUnconditionally 0 -> -1
2019-08-22 01:58:38,128 [pool-580-thread-1] INFO  util.JmxRegister (JmxRegister.java:tryRegister(44)) - Successfully registered JMX Bean with object name Ratis:service=RaftServer,group=group-35119918FFC0,id=a150ecf0-9441-4c31-a29f-f6938f908a65
2019-08-22 01:58:38,132 [pool-569-thread-1] INFO  server.RaftServerConfigKeys (ConfUtils.java:logGet(43)) - raft.server.snapshot.auto.trigger.enabled = true (custom)
2019-08-22 01:58:38,132 [pool-569-thread-1] INFO  server.RaftServerConfigKeys (ConfUtils.java:logGet(43)) - raft.server.snapshot.auto.trigger.threshold = 10000 (custom)
2019-08-22 01:58:38,132 [pool-569-thread-1] INFO  server.RaftServerConfigKeys (ConfUtils.java:logGet(43)) - raft.server.retrycache.expirytime = 600000ms (custom)
2019-08-22 01:58:38,132 [pool-569-thread-1] INFO  impl.RaftServerImpl (RaftServerImpl.java:start(180)) - 730038c5-3d8b-441c-8787-c9cbc1ffc73d: start group-35119918FFC0
2019-08-22 01:58:38,132 [pool-569-thread-1] INFO  impl.RaftServerImpl (RaftServerImpl.java:setRole(171)) - 730038c5-3d8b-441c-8787-c9cbc1ffc73d:group-35119918FFC0 changes role from null to FOLLOWER at term 0 for startAsFollower
2019-08-22 01:58:38,135 [pool-569-thread-1] INFO  impl.RoleInfo (RoleInfo.java:updateAndGet(143)) - 730038c5-3d8b-441c-8787-c9cbc1ffc73d: start FollowerState
2019-08-22 01:58:38,136 [pool-569-thread-1] INFO  util.JmxRegister (JmxRegister.java:tryRegister(44)) - Successfully registered JMX Bean with object name Ratis:service=RaftServer,group=group-35119918FFC0,id=730038c5-3d8b-441c-8787-c9cbc1ffc73d
2019-08-22 01:58:38,140 [RatisPipelineUtilsThread] INFO  pipeline.PipelineStateManager (PipelineStateManager.java:addPipeline(56)) - Created pipeline Pipeline[ Id: 609f79d0-b647-47da-95d4-35119918ffc0, Nodes: a150ecf0-9441-4c31-a29f-f6938f908a65{ip: 192.168.34.54, host: pr-hdds-1998-jt8wz-3050591487, networkLocation: /default-rack, certSerialId: null}730038c5-3d8b-441c-8787-c9cbc1ffc73d{ip: 192.168.34.54, host: pr-hdds-1998-jt8wz-3050591487, networkLocation: /default-rack, certSerialId: null}f3d8d448-3596-4d55-8cde-6a41b384fc87{ip: 192.168.34.54, host: pr-hdds-1998-jt8wz-3050591487, networkLocation: /default-rack, certSerialId: null}, Type:RATIS, Factor:THREE, State:OPEN]
2019-08-22 01:58:38,214 [IPC Server handler 17 on 46076] INFO  net.NetworkTopology (NetworkTopologyImpl.java:add(110)) - Added a new node: /default-rack/0bd46545-a21f-4e46-b789-16e7c65dbdf4
2019-08-22 01:58:38,214 [main] INFO  ozone.MiniOzoneClusterImpl (MiniOzoneClusterImpl.java:lambda$waitForClusterToBeReady$0(142)) - Cluster is ready. Got 7 of 7 DN Heartbeats.
2019-08-22 01:58:38,214 [IPC Server handler 17 on 46076] INFO  node.SCMNodeManager (SCMNodeManager.java:register(273)) - Registered Data node : 0bd46545-a21f-4e46-b789-16e7c65dbdf4{ip: 192.168.34.54, host: pr-hdds-1998-jt8wz-3050591487, networkLocation: /default-rack, certSerialId: null}
2019-08-22 01:58:38,215 | INFO  | SCMAudit | user=jenkins1000 | ip=192.168.34.54 | op=REGISTER {datanodeDetails=0bd46545-a21f-4e46-b789-16e7c65dbdf4{ip: 192.168.34.54, host: pr-hdds-1998-jt8wz-3050591487, networkLocation: /default-rack, certSerialId: null}} | ret=SUCCESS |  
2019-08-22 01:58:38,245 [grpc-default-executor-4] INFO  impl.RaftServerProxy (RaftServerProxy.java:addNew(89)) - 0bd46545-a21f-4e46-b789-16e7c65dbdf4: addNew group-D1D09B3FA231:[0bd46545-a21f-4e46-b789-16e7c65dbdf4:192.168.34.54:40330] returns group-D1D09B3FA231:java.util.concurrent.CompletableFuture@50f88040[Not completed]
2019-08-22 01:58:38,246 [pool-602-thread-1] INFO  impl.RaftServerImpl (RaftServerImpl.java:<init>(93)) - 0bd46545-a21f-4e46-b789-16e7c65dbdf4: new RaftServerImpl for group-D1D09B3FA231:[0bd46545-a21f-4e46-b789-16e7c65dbdf4:192.168.34.54:40330] with ContainerStateMachine:uninitialized
2019-08-22 01:58:38,246 [pool-602-thread-1] INFO  server.RaftServerConfigKeys (ConfUtils.java:logGet(43)) - raft.server.rpc.timeout.min = 5s (custom)
2019-08-22 01:58:38,246 [pool-602-thread-1] INFO  server.RaftServerConfigKeys (ConfUtils.java:logGet(43)) - raft.server.rpc.timeout.max = 5200ms (custom)
2019-08-22 01:58:38,246 [pool-602-thread-1] INFO  server.RaftServerConfigKeys (ConfUtils.java:logGet(43)) - raft.server.rpcslowness.timeout = 120s (custom)
2019-08-22 01:58:38,247 [pool-602-thread-1] INFO  server.RaftServerConfigKeys (ConfUtils.java:logGet(43)) - raft.server.sleep.deviation.threshold = 300 (default)
2019-08-22 01:58:38,247 [pool-602-thread-1] INFO  server.RaftServerConfigKeys (ConfUtils.java:logGet(43)) - raft.server.log.appender.install.snapshot.enabled = false (custom)
2019-08-22 01:58:38,247 [pool-602-thread-1] INFO  impl.RaftServerImpl (ServerState.java:<init>(105)) - 0bd46545-a21f-4e46-b789-16e7c65dbdf4:group-D1D09B3FA231 ConfigurationManager, init=-1: [0bd46545-a21f-4e46-b789-16e7c65dbdf4:192.168.34.54:40330], old=null, confs=<EMPTY_MAP>
2019-08-22 01:58:38,247 [pool-602-thread-1] INFO  server.RaftServerConfigKeys (ConfUtils.java:logGet(43)) - raft.server.storage.dir = [/workdir/hadoop-ozone/integration-test/target/test-dir/MiniOzoneClusterImpl-73a943d6-9e54-420a-b8c2-6f1b1463b42a/datanode-6/data/ratis] (custom)
2019-08-22 01:58:38,247 [pool-602-thread-1] INFO  storage.RaftStorageDirectory (RaftStorageDirectory.java:analyzeStorage(246)) - The storage directory /workdir/hadoop-ozone/integration-test/target/test-dir/MiniOzoneClusterImpl-73a943d6-9e54-420a-b8c2-6f1b1463b42a/datanode-6/data/ratis/dfbc527c-afa8-4fc2-825a-d1d09b3fa231 does not exist. Creating ...
2019-08-22 01:58:38,248 [main] INFO  rpc.RpcClient (RpcClient.java:createVolume(292)) - Creating Volume: testblockoutputstream, with jenkins1000 as owner.
2019-08-22 01:58:38,250 | INFO  | OMAudit | user=jenkins1000 | ip=127.0.0.1 | op=CREATE_VOLUME {admin=jenkins1000, owner=jenkins1000, volume=testblockoutputstream, creationTime=1566439118250, quotaInBytes=1152921504606846976} | ret=SUCCESS |  
2019-08-22 01:58:38,262 | INFO  | OMAudit | user=jenkins1000 | ip=127.0.0.1 | op=READ_VOLUME {volume=testblockoutputstream} | ret=SUCCESS |  
2019-08-22 01:58:38,262 [pool-602-thread-1] INFO  storage.RaftStorageDirectory (RaftStorageDirectory.java:tryLock(328)) - Lock on /workdir/hadoop-ozone/integration-test/target/test-dir/MiniOzoneClusterImpl-73a943d6-9e54-420a-b8c2-6f1b1463b42a/datanode-6/data/ratis/dfbc527c-afa8-4fc2-825a-d1d09b3fa231/in_use.lock acquired by nodename 12097@pr-hdds-1998-jt8wz-3050591487
2019-08-22 01:58:38,262 [main] INFO  rpc.RpcClient (RpcClient.java:createBucket(431)) - Creating Bucket: testblockoutputstream/testblockoutputstream, with Versioning false and Storage Type set to DISK and Encryption set to false 
2019-08-22 01:58:38,266 | INFO  | OMAudit | user=jenkins1000 | ip=127.0.0.1 | op=CREATE_BUCKET {volume=testblockoutputstream, bucket=testblockoutputstream, acls=[user:jenkins1000:a[ACCESS], group:default:a[ACCESS]], isVersionEnabled=false, storageType=DISK, creationTime=0} | ret=SUCCESS |  
2019-08-22 01:58:38,268 | INFO  | OMAudit | user=jenkins1000 | ip=127.0.0.1 | op=READ_VOLUME {volume=testblockoutputstream} | ret=SUCCESS |  
2019-08-22 01:58:38,269 | INFO  | OMAudit | user=jenkins1000 | ip=127.0.0.1 | op=READ_BUCKET {volume=testblockoutputstream, bucket=testblockoutputstream} | ret=SUCCESS |  
2019-08-22 01:58:38,274 [pool-602-thread-1] INFO  storage.RaftStorage (RaftStorage.java:format(72)) - Storage directory /workdir/hadoop-ozone/integration-test/target/test-dir/MiniOzoneClusterImpl-73a943d6-9e54-420a-b8c2-6f1b1463b42a/datanode-6/data/ratis/dfbc527c-afa8-4fc2-825a-d1d09b3fa231 has been successfully formatted.
2019-08-22 01:58:38,275 [pool-602-thread-1] INFO  ratis.ContainerStateMachine (ContainerStateMachine.java:loadSnapshot(226)) - group-D1D09B3FA231: The snapshot info is null. Setting the last applied indexto:(t:0, i:~)
2019-08-22 01:58:38,275 [pool-602-thread-1] INFO  server.RaftServerConfigKeys (ConfUtils.java:logGet(43)) - raft.server.leader.election.timeout = 120s (custom)
2019-08-22 01:58:38,275 [pool-602-thread-1] INFO  server.RaftServerConfigKeys (ConfUtils.java:logGet(43)) - raft.server.log.use.memory = false (default)
2019-08-22 01:58:38,275 [pool-602-thread-1] INFO  server.RaftServerConfigKeys (ConfUtils.java:logGet(43)) - raft.server.log.purge.gap = 1000000 (custom)
2019-08-22 01:58:38,276 [pool-602-thread-1] INFO  server.RaftServerConfigKeys (ConfUtils.java:logGet(43)) - raft.server.log.appender.buffer.byte-limit = 33554432 (custom)
2019-08-22 01:58:38,276 [pool-602-thread-1] INFO  server.RaftServerConfigKeys (ConfUtils.java:logGet(43)) - raft.server.log.segment.size.max = 1048576 (custom)
2019-08-22 01:58:38,276 [pool-602-thread-1] INFO  server.RaftServerConfigKeys (ConfUtils.java:logGet(43)) - raft.server.log.segment.cache.num.max = 2 (custom)
2019-08-22 01:58:38,276 [pool-602-thread-1] INFO  segmented.SegmentedRaftLogWorker (SegmentedRaftLogWorker.java:<init>(172)) - new 0bd46545-a21f-4e46-b789-16e7c65dbdf4-SegmentedRaftLogWorker:Storage Directory /workdir/hadoop-ozone/integration-test/target/test-dir/MiniOzoneClusterImpl-73a943d6-9e54-420a-b8c2-6f1b1463b42a/datanode-6/data/ratis/dfbc527c-afa8-4fc2-825a-d1d09b3fa231 for RaftStorage:Storage Directory /workdir/hadoop-ozone/integration-test/target/test-dir/MiniOzoneClusterImpl-73a943d6-9e54-420a-b8c2-6f1b1463b42a/datanode-6/data/ratis/dfbc527c-afa8-4fc2-825a-d1d09b3fa231
2019-08-22 01:58:38,276 [pool-602-thread-1] INFO  server.RaftServerConfigKeys (ConfUtils.java:logGet(43)) - raft.server.log.queue.byte-limit = 2147483647 (custom)
2019-08-22 01:58:38,276 [pool-602-thread-1] INFO  server.RaftServerConfigKeys (ConfUtils.java:logGet(43)) - raft.server.log.queue.element-limit = 1024 (custom)
2019-08-22 01:58:38,277 [pool-602-thread-1] INFO  server.RaftServerConfigKeys (ConfUtils.java:logGet(43)) - raft.server.log.segment.size.max = 1048576 (custom)
2019-08-22 01:58:38,277 [pool-602-thread-1] INFO  server.RaftServerConfigKeys (ConfUtils.java:logGet(43)) - raft.server.log.preallocated.size = 16384 (custom)
2019-08-22 01:58:38,277 [pool-602-thread-1] INFO  server.RaftServerConfigKeys (ConfUtils.java:logGet(43)) - raft.server.log.write.buffer.size = 33554432 (custom)
2019-08-22 01:58:38,277 [pool-602-thread-1] INFO  server.RaftServerConfigKeys (ConfUtils.java:logGet(43)) - raft.server.log.force.sync.num = 128 (default)
2019-08-22 01:58:38,277 [pool-602-thread-1] INFO  server.RaftServerConfigKeys (ConfUtils.java:logGet(43)) - raft.server.log.statemachine.data.sync = true (default)
2019-08-22 01:58:38,277 [pool-602-thread-1] INFO  server.RaftServerConfigKeys (ConfUtils.java:logGet(43)) - raft.server.log.statemachine.data.sync.timeout = 10s (default)
2019-08-22 01:58:38,277 [pool-602-thread-1] INFO  server.RaftServerConfigKeys (ConfUtils.java:logGet(43)) - raft.server.log.statemachine.data.sync.timeout.retry = -1 (default)
2019-08-22 01:58:38,277 [pool-602-thread-1] INFO  server.RaftServerConfigKeys (ConfUtils.java:logGet(43)) - raft.server.log.statemachine.data.caching.enabled = true (custom)
2019-08-22 01:58:38,278 [pool-602-thread-1] INFO  segmented.SegmentedRaftLogWorker (SegmentedRaftLogWorker.java:lambda$new$0(132)) - 0bd46545-a21f-4e46-b789-16e7c65dbdf4-SegmentedRaftLogWorker:Storage Directory /workdir/hadoop-ozone/integration-test/target/test-dir/MiniOzoneClusterImpl-73a943d6-9e54-420a-b8c2-6f1b1463b42a/datanode-6/data/ratis/dfbc527c-afa8-4fc2-825a-d1d09b3fa231: flushIndex: setUnconditionally 0 -> -1
2019-08-22 01:58:38,278 [pool-602-thread-1] INFO  server.RaftServerConfigKeys (ConfUtils.java:logGet(43)) - raft.server.snapshot.auto.trigger.enabled = true (custom)
2019-08-22 01:58:38,278 [pool-602-thread-1] INFO  server.RaftServerConfigKeys (ConfUtils.java:logGet(43)) - raft.server.snapshot.auto.trigger.threshold = 10000 (custom)
2019-08-22 01:58:38,278 [pool-602-thread-1] INFO  server.RaftServerConfigKeys (ConfUtils.java:logGet(43)) - raft.server.retrycache.expirytime = 600000ms (custom)
2019-08-22 01:58:38,278 [pool-602-thread-1] INFO  impl.RaftServerImpl (RaftServerImpl.java:start(180)) - 0bd46545-a21f-4e46-b789-16e7c65dbdf4: start group-D1D09B3FA231
2019-08-22 01:58:38,278 [pool-602-thread-1] INFO  impl.RaftServerImpl (RaftServerImpl.java:setRole(171)) - 0bd46545-a21f-4e46-b789-16e7c65dbdf4:group-D1D09B3FA231 changes role from null to FOLLOWER at term 0 for startAsFollower
2019-08-22 01:58:38,278 [pool-602-thread-1] INFO  impl.RoleInfo (RoleInfo.java:updateAndGet(143)) - 0bd46545-a21f-4e46-b789-16e7c65dbdf4: start FollowerState
2019-08-22 01:58:38,279 [pool-602-thread-1] INFO  util.JmxRegister (JmxRegister.java:tryRegister(44)) - Successfully registered JMX Bean with object name Ratis:service=RaftServer,group=group-D1D09B3FA231,id=0bd46545-a21f-4e46-b789-16e7c65dbdf4
2019-08-22 01:58:38,284 [RatisPipelineUtilsThread] INFO  pipeline.PipelineStateManager (PipelineStateManager.java:addPipeline(56)) - Created pipeline Pipeline[ Id: dfbc527c-afa8-4fc2-825a-d1d09b3fa231, Nodes: 0bd46545-a21f-4e46-b789-16e7c65dbdf4{ip: 192.168.34.54, host: pr-hdds-1998-jt8wz-3050591487, networkLocation: /default-rack, certSerialId: null}, Type:RATIS, Factor:ONE, State:OPEN]
2019-08-22 01:58:38,287 | INFO  | SCMAudit | user=jenkins1000 | ip=192.168.34.54 | op=ALLOCATE_BLOCK {owner=d87e37ff-5314-443e-9df8-10e1efdb2a65, size=800, type=RATIS, factor=THREE} | ret=SUCCESS |  
2019-08-22 01:58:38,288 | INFO  | OMAudit | user=jenkins1000 | ip=127.0.0.1 | op=ALLOCATE_KEY {volume=testblockoutputstream, bucket=testblockoutputstream, key=5e3b81c5-a1e1-4066-9b2b-e1446b666f9b, dataSize=0, replicationType=RATIS, replicationFactor=THREE, keyLocationInfo=null} | ret=SUCCESS |  
2019-08-22 01:58:38,299 [grpc-default-executor-4] INFO  client.GrpcClientProtocolClient (GrpcClientProtocolClient.java:onNext(255)) - client-A22AA3B0CD98->cc0da2ba-fdfe-4e15-bb7f-949408fb434b: receive RaftClientReply:client-A22AA3B0CD98->cc0da2ba-fdfe-4e15-bb7f-949408fb434b@group-CA7304BD04EF, cid=200, FAILED org.apache.ratis.protocol.NotLeaderException: Server cc0da2ba-fdfe-4e15-bb7f-949408fb434b is not the leader (null). Request must be sent to leader., logIndex=0, commits[cc0da2ba-fdfe-4e15-bb7f-949408fb434b:c-1]
2019-08-22 01:58:38,850 | INFO  | SCMAudit | user=jenkins1000 | ip=192.168.34.54 | op=SEND_HEARTBEAT {datanodeUUID=bb7541e0-7fde-4f15-9948-e374d6325018, command=[]} | ret=SUCCESS |  
2019-08-22 01:58:39,044 | INFO  | SCMAudit | user=jenkins1000 | ip=192.168.34.54 | op=SEND_HEARTBEAT {datanodeUUID=d2d7804f-07c4-4123-9865-3bb05000fdf0, command=[]} | ret=SUCCESS |  
2019-08-22 01:58:39,227 | INFO  | SCMAudit | user=jenkins1000 | ip=192.168.34.54 | op=SEND_HEARTBEAT {datanodeUUID=cc0da2ba-fdfe-4e15-bb7f-949408fb434b, command=[]} | ret=SUCCESS |  
2019-08-22 01:58:39,326 [grpc-default-executor-4] INFO  client.GrpcClientProtocolClient (GrpcClientProtocolClient.java:onNext(255)) - client-A22AA3B0CD98->d2d7804f-07c4-4123-9865-3bb05000fdf0: receive RaftClientReply:client-A22AA3B0CD98->d2d7804f-07c4-4123-9865-3bb05000fdf0@group-CA7304BD04EF, cid=200, FAILED org.apache.ratis.protocol.NotLeaderException: Server d2d7804f-07c4-4123-9865-3bb05000fdf0 is not the leader (null). Request must be sent to leader., logIndex=0, commits[d2d7804f-07c4-4123-9865-3bb05000fdf0:c-1]
2019-08-22 01:58:39,416 | INFO  | SCMAudit | user=jenkins1000 | ip=192.168.34.54 | op=SEND_HEARTBEAT {datanodeUUID=730038c5-3d8b-441c-8787-c9cbc1ffc73d, command=[]} | ret=SUCCESS |  
2019-08-22 01:58:39,611 | INFO  | SCMAudit | user=jenkins1000 | ip=192.168.34.54 | op=SEND_HEARTBEAT {datanodeUUID=a150ecf0-9441-4c31-a29f-f6938f908a65, command=[]} | ret=SUCCESS |  
2019-08-22 01:58:39,851 | INFO  | SCMAudit | user=jenkins1000 | ip=192.168.34.54 | op=SEND_HEARTBEAT {datanodeUUID=bb7541e0-7fde-4f15-9948-e374d6325018, command=[]} | ret=SUCCESS |  
2019-08-22 01:58:39,864 [Thread-3690] INFO  container.ReplicationManager (ReplicationManager.java:start(152)) - Starting Replication Monitor Thread.
2019-08-22 01:58:39,869 [ReplicationMonitor] INFO  container.ReplicationManager (ReplicationManager.java:run(215)) - Replication Monitor Thread took 0 milliseconds for processing 1 containers.
2019-08-22 01:58:40,010 | INFO  | SCMAudit | user=jenkins1000 | ip=192.168.34.54 | op=SEND_HEARTBEAT {datanodeUUID=f3d8d448-3596-4d55-8cde-6a41b384fc87, command=[]} | ret=SUCCESS |  
2019-08-22 01:58:40,043 | INFO  | SCMAudit | user=jenkins1000 | ip=192.168.34.54 | op=SEND_HEARTBEAT {datanodeUUID=d2d7804f-07c4-4123-9865-3bb05000fdf0, command=[]} | ret=SUCCESS |  
2019-08-22 01:58:40,214 | INFO  | SCMAudit | user=jenkins1000 | ip=192.168.34.54 | op=SEND_HEARTBEAT {datanodeUUID=0bd46545-a21f-4e46-b789-16e7c65dbdf4, command=[]} | ret=SUCCESS |  
2019-08-22 01:58:40,226 | INFO  | SCMAudit | user=jenkins1000 | ip=192.168.34.54 | op=SEND_HEARTBEAT {datanodeUUID=cc0da2ba-fdfe-4e15-bb7f-949408fb434b, command=[]} | ret=SUCCESS |  
2019-08-22 01:58:40,340 [grpc-default-executor-5] INFO  client.GrpcClientProtocolClient (GrpcClientProtocolClient.java:onNext(255)) - client-A22AA3B0CD98->bb7541e0-7fde-4f15-9948-e374d6325018: receive RaftClientReply:client-A22AA3B0CD98->bb7541e0-7fde-4f15-9948-e374d6325018@group-CA7304BD04EF, cid=200, FAILED org.apache.ratis.protocol.NotLeaderException: Server bb7541e0-7fde-4f15-9948-e374d6325018 is not the leader (null). Request must be sent to leader., logIndex=0, commits[bb7541e0-7fde-4f15-9948-e374d6325018:c-1]
2019-08-22 01:58:40,346 [grpc-default-worker-ELG-3-4] WARN  nio.NioEventLoop (NioEventLoop.java:select(786)) - Selector.select() returned prematurely {} times in a row; rebuilding Selector {}.
2019-08-22 01:58:40,346 [grpc-default-worker-ELG-3-4] INFO  nio.NioEventLoop (NioEventLoop.java:rebuildSelector0(396)) - Migrated 0 channel(s) to the new Selector.
2019-08-22 01:58:40,415 | INFO  | SCMAudit | user=jenkins1000 | ip=192.168.34.54 | op=SEND_HEARTBEAT {datanodeUUID=730038c5-3d8b-441c-8787-c9cbc1ffc73d, command=[]} | ret=SUCCESS |  
2019-08-22 01:58:40,610 | INFO  | SCMAudit | user=jenkins1000 | ip=192.168.34.54 | op=SEND_HEARTBEAT {datanodeUUID=a150ecf0-9441-4c31-a29f-f6938f908a65, command=[]} | ret=SUCCESS |  
2019-08-22 01:58:40,852 | INFO  | SCMAudit | user=jenkins1000 | ip=192.168.34.54 | op=SEND_HEARTBEAT {datanodeUUID=bb7541e0-7fde-4f15-9948-e374d6325018, command=[]} | ret=SUCCESS |  
2019-08-22 01:58:41,011 | INFO  | SCMAudit | user=jenkins1000 | ip=192.168.34.54 | op=SEND_HEARTBEAT {datanodeUUID=f3d8d448-3596-4d55-8cde-6a41b384fc87, command=[]} | ret=SUCCESS |  
2019-08-22 01:58:41,044 | INFO  | SCMAudit | user=jenkins1000 | ip=192.168.34.54 | op=SEND_HEARTBEAT {datanodeUUID=d2d7804f-07c4-4123-9865-3bb05000fdf0, command=[]} | ret=SUCCESS |  
2019-08-22 01:58:41,214 | INFO  | SCMAudit | user=jenkins1000 | ip=192.168.34.54 | op=SEND_HEARTBEAT {datanodeUUID=0bd46545-a21f-4e46-b789-16e7c65dbdf4, command=[]} | ret=SUCCESS |  
2019-08-22 01:58:41,226 | INFO  | SCMAudit | user=jenkins1000 | ip=192.168.34.54 | op=SEND_HEARTBEAT {datanodeUUID=cc0da2ba-fdfe-4e15-bb7f-949408fb434b, command=[]} | ret=SUCCESS |  
2019-08-22 01:58:41,350 [grpc-default-executor-5] INFO  client.GrpcClientProtocolClient (GrpcClientProtocolClient.java:onNext(255)) - client-A22AA3B0CD98->cc0da2ba-fdfe-4e15-bb7f-949408fb434b: receive RaftClientReply:client-A22AA3B0CD98->cc0da2ba-fdfe-4e15-bb7f-949408fb434b@group-CA7304BD04EF, cid=200, FAILED org.apache.ratis.protocol.NotLeaderException: Server cc0da2ba-fdfe-4e15-bb7f-949408fb434b is not the leader (null). Request must be sent to leader., logIndex=0, commits[cc0da2ba-fdfe-4e15-bb7f-949408fb434b:c-1]
2019-08-22 01:58:41,415 | INFO  | SCMAudit | user=jenkins1000 | ip=192.168.34.54 | op=SEND_HEARTBEAT {datanodeUUID=730038c5-3d8b-441c-8787-c9cbc1ffc73d, command=[]} | ret=SUCCESS |  
2019-08-22 01:58:41,610 | INFO  | SCMAudit | user=jenkins1000 | ip=192.168.34.54 | op=SEND_HEARTBEAT {datanodeUUID=a150ecf0-9441-4c31-a29f-f6938f908a65, command=[]} | ret=SUCCESS |  
2019-08-22 01:58:41,852 | INFO  | SCMAudit | user=jenkins1000 | ip=192.168.34.54 | op=SEND_HEARTBEAT {datanodeUUID=bb7541e0-7fde-4f15-9948-e374d6325018, command=[]} | ret=SUCCESS |  
2019-08-22 01:58:41,967 [Thread-3692] INFO  impl.FollowerState (FollowerState.java:run(106)) - bb7541e0-7fde-4f15-9948-e374d6325018:group-A3DC10055B99 changes to CANDIDATE, lastRpcTime:5043, electionTimeout:5043ms
2019-08-22 01:58:41,967 [Thread-3692] INFO  impl.RoleInfo (RoleInfo.java:shutdownFollowerState(121)) - bb7541e0-7fde-4f15-9948-e374d6325018: shutdown FollowerState
2019-08-22 01:58:41,967 [Thread-3692] INFO  impl.RaftServerImpl (RaftServerImpl.java:setRole(171)) - bb7541e0-7fde-4f15-9948-e374d6325018:group-A3DC10055B99 changes role from FOLLOWER to CANDIDATE at term 0 for changeToCandidate
2019-08-22 01:58:41,967 [Thread-3692] INFO  impl.RoleInfo (RoleInfo.java:updateAndGet(143)) - bb7541e0-7fde-4f15-9948-e374d6325018: start LeaderElection
2019-08-22 01:58:41,989 [bb7541e0-7fde-4f15-9948-e374d6325018:group-A3DC10055B99:LeaderElection58] INFO  impl.LeaderElection (LeaderElection.java:askForVotes(181)) - bb7541e0-7fde-4f15-9948-e374d6325018:group-A3DC10055B99:LeaderElection58: begin an election at term 1 for -1: [bb7541e0-7fde-4f15-9948-e374d6325018:192.168.34.54:35476], old=null
2019-08-22 01:58:41,989 [bb7541e0-7fde-4f15-9948-e374d6325018:group-A3DC10055B99:LeaderElection58] INFO  impl.RoleInfo (RoleInfo.java:shutdownLeaderElection(134)) - bb7541e0-7fde-4f15-9948-e374d6325018: shutdown LeaderElection
2019-08-22 01:58:41,990 [bb7541e0-7fde-4f15-9948-e374d6325018:group-A3DC10055B99:LeaderElection58] INFO  impl.RaftServerImpl (RaftServerImpl.java:setRole(171)) - bb7541e0-7fde-4f15-9948-e374d6325018:group-A3DC10055B99 changes role from CANDIDATE to LEADER at term 1 for changeToLeader
2019-08-22 01:58:41,990 [bb7541e0-7fde-4f15-9948-e374d6325018:group-A3DC10055B99:LeaderElection58] INFO  impl.RaftServerImpl (ServerState.java:setLeader(263)) - bb7541e0-7fde-4f15-9948-e374d6325018:group-A3DC10055B99 change Leader from null to bb7541e0-7fde-4f15-9948-e374d6325018 at term 1 for becomeLeader, leader elected after 5071ms
2019-08-22 01:58:41,990 [bb7541e0-7fde-4f15-9948-e374d6325018:group-A3DC10055B99:LeaderElection58] INFO  server.RaftServerConfigKeys (ConfUtils.java:logGet(43)) - raft.server.staging.catchup.gap = 1000 (default)
2019-08-22 01:58:41,990 [bb7541e0-7fde-4f15-9948-e374d6325018:group-A3DC10055B99:LeaderElection58] INFO  server.RaftServerConfigKeys (ConfUtils.java:logGet(43)) - raft.server.rpc.sleep.time = 25ms (default)
2019-08-22 01:58:41,990 [bb7541e0-7fde-4f15-9948-e374d6325018:group-A3DC10055B99:LeaderElection58] INFO  server.RaftServerConfigKeys (ConfUtils.java:logGet(43)) - raft.server.write.element-limit = 4096 (default)
2019-08-22 01:58:41,990 [bb7541e0-7fde-4f15-9948-e374d6325018:group-A3DC10055B99:LeaderElection58] INFO  server.RaftServerConfigKeys (ConfUtils.java:logGet(43)) - raft.server.watch.timeout = 10s (default)
2019-08-22 01:58:41,990 [bb7541e0-7fde-4f15-9948-e374d6325018:group-A3DC10055B99:LeaderElection58] INFO  server.RaftServerConfigKeys (ConfUtils.java:logGet(43)) - raft.server.watch.timeout.denomination = 1s (default)
2019-08-22 01:58:41,990 [bb7541e0-7fde-4f15-9948-e374d6325018:group-A3DC10055B99:LeaderElection58] INFO  server.RaftServerConfigKeys (ConfUtils.java:logGet(43)) - raft.server.watch.element-limit = 65536 (default)
2019-08-22 01:58:41,991 [bb7541e0-7fde-4f15-9948-e374d6325018:group-A3DC10055B99:LeaderElection58] INFO  impl.RoleInfo (RoleInfo.java:updateAndGet(143)) - bb7541e0-7fde-4f15-9948-e374d6325018: start LeaderState
2019-08-22 01:58:41,991 [bb7541e0-7fde-4f15-9948-e374d6325018:group-A3DC10055B99:LeaderElection58] INFO  segmented.SegmentedRaftLogWorker (SegmentedRaftLogWorker.java:startLogSegment(380)) - bb7541e0-7fde-4f15-9948-e374d6325018-SegmentedRaftLogWorker:Storage Directory /workdir/hadoop-ozone/integration-test/target/test-dir/MiniOzoneClusterImpl-73a943d6-9e54-420a-b8c2-6f1b1463b42a/datanode-0/data/ratis/ed58f3a7-a7dd-42c7-9764-a3dc10055b99: Starting segment from index:0
2019-08-22 01:58:41,992 [bb7541e0-7fde-4f15-9948-e374d6325018:group-A3DC10055B99:LeaderElection58] INFO  impl.RaftServerImpl (ServerState.java:setRaftConf(361)) - bb7541e0-7fde-4f15-9948-e374d6325018:group-A3DC10055B99 set configuration 0: [bb7541e0-7fde-4f15-9948-e374d6325018:192.168.34.54:35476], old=null at 0
2019-08-22 01:58:42,010 | INFO  | SCMAudit | user=jenkins1000 | ip=192.168.34.54 | op=SEND_HEARTBEAT {datanodeUUID=f3d8d448-3596-4d55-8cde-6a41b384fc87, command=[]} | ret=SUCCESS |  
2019-08-22 01:58:42,021 [bb7541e0-7fde-4f15-9948-e374d6325018-SegmentedRaftLogWorker:Storage Directory /workdir/hadoop-ozone/integration-test/target/test-dir/MiniOzoneClusterImpl-73a943d6-9e54-420a-b8c2-6f1b1463b42a/datanode-0/data/ratis/ed58f3a7-a7dd-42c7-9764-a3dc10055b99] INFO  segmented.SegmentedRaftLogWorker (SegmentedRaftLogWorker.java:execute(569)) - bb7541e0-7fde-4f15-9948-e374d6325018-SegmentedRaftLogWorker:Storage Directory /workdir/hadoop-ozone/integration-test/target/test-dir/MiniOzoneClusterImpl-73a943d6-9e54-420a-b8c2-6f1b1463b42a/datanode-0/data/ratis/ed58f3a7-a7dd-42c7-9764-a3dc10055b99: created new log segment /workdir/hadoop-ozone/integration-test/target/test-dir/MiniOzoneClusterImpl-73a943d6-9e54-420a-b8c2-6f1b1463b42a/datanode-0/data/ratis/ed58f3a7-a7dd-42c7-9764-a3dc10055b99/current/log_inprogress_0
2019-08-22 01:58:42,044 | INFO  | SCMAudit | user=jenkins1000 | ip=192.168.34.54 | op=SEND_HEARTBEAT {datanodeUUID=d2d7804f-07c4-4123-9865-3bb05000fdf0, command=[]} | ret=SUCCESS |  
2019-08-22 01:58:42,108 [Thread-3695] INFO  impl.FollowerState (FollowerState.java:run(106)) - d2d7804f-07c4-4123-9865-3bb05000fdf0:group-87A62D82B691 changes to CANDIDATE, lastRpcTime:5006, electionTimeout:5006ms
2019-08-22 01:58:42,108 [Thread-3695] INFO  impl.RoleInfo (RoleInfo.java:shutdownFollowerState(121)) - d2d7804f-07c4-4123-9865-3bb05000fdf0: shutdown FollowerState
2019-08-22 01:58:42,109 [Thread-3695] INFO  impl.RaftServerImpl (RaftServerImpl.java:setRole(171)) - d2d7804f-07c4-4123-9865-3bb05000fdf0:group-87A62D82B691 changes role from FOLLOWER to CANDIDATE at term 0 for changeToCandidate
2019-08-22 01:58:42,109 [Thread-3695] INFO  impl.RoleInfo (RoleInfo.java:updateAndGet(143)) - d2d7804f-07c4-4123-9865-3bb05000fdf0: start LeaderElection
2019-08-22 01:58:42,130 [d2d7804f-07c4-4123-9865-3bb05000fdf0:group-87A62D82B691:LeaderElection59] INFO  impl.LeaderElection (LeaderElection.java:askForVotes(181)) - d2d7804f-07c4-4123-9865-3bb05000fdf0:group-87A62D82B691:LeaderElection59: begin an election at term 1 for -1: [d2d7804f-07c4-4123-9865-3bb05000fdf0:192.168.34.54:34770], old=null
2019-08-22 01:58:42,130 [d2d7804f-07c4-4123-9865-3bb05000fdf0:group-87A62D82B691:LeaderElection59] INFO  impl.RoleInfo (RoleInfo.java:shutdownLeaderElection(134)) - d2d7804f-07c4-4123-9865-3bb05000fdf0: shutdown LeaderElection
2019-08-22 01:58:42,130 [d2d7804f-07c4-4123-9865-3bb05000fdf0:group-87A62D82B691:LeaderElection59] INFO  impl.RaftServerImpl (RaftServerImpl.java:setRole(171)) - d2d7804f-07c4-4123-9865-3bb05000fdf0:group-87A62D82B691 changes role from CANDIDATE to LEADER at term 1 for changeToLeader
2019-08-22 01:58:42,130 [d2d7804f-07c4-4123-9865-3bb05000fdf0:group-87A62D82B691:LeaderElection59] INFO  impl.RaftServerImpl (ServerState.java:setLeader(263)) - d2d7804f-07c4-4123-9865-3bb05000fdf0:group-87A62D82B691 change Leader from null to d2d7804f-07c4-4123-9865-3bb05000fdf0 at term 1 for becomeLeader, leader elected after 5033ms
2019-08-22 01:58:42,130 [d2d7804f-07c4-4123-9865-3bb05000fdf0:group-87A62D82B691:LeaderElection59] INFO  server.RaftServerConfigKeys (ConfUtils.java:logGet(43)) - raft.server.staging.catchup.gap = 1000 (default)
2019-08-22 01:58:42,130 [d2d7804f-07c4-4123-9865-3bb05000fdf0:group-87A62D82B691:LeaderElection59] INFO  server.RaftServerConfigKeys (ConfUtils.java:logGet(43)) - raft.server.rpc.sleep.time = 25ms (default)
2019-08-22 01:58:42,130 [d2d7804f-07c4-4123-9865-3bb05000fdf0:group-87A62D82B691:LeaderElection59] INFO  server.RaftServerConfigKeys (ConfUtils.java:logGet(43)) - raft.server.write.element-limit = 4096 (default)
2019-08-22 01:58:42,130 [d2d7804f-07c4-4123-9865-3bb05000fdf0:group-87A62D82B691:LeaderElection59] INFO  server.RaftServerConfigKeys (ConfUtils.java:logGet(43)) - raft.server.watch.timeout = 10s (default)
2019-08-22 01:58:42,130 [d2d7804f-07c4-4123-9865-3bb05000fdf0:group-87A62D82B691:LeaderElection59] INFO  server.RaftServerConfigKeys (ConfUtils.java:logGet(43)) - raft.server.watch.timeout.denomination = 1s (default)
2019-08-22 01:58:42,131 [d2d7804f-07c4-4123-9865-3bb05000fdf0:group-87A62D82B691:LeaderElection59] INFO  server.RaftServerConfigKeys (ConfUtils.java:logGet(43)) - raft.server.watch.element-limit = 65536 (default)
2019-08-22 01:58:42,131 [d2d7804f-07c4-4123-9865-3bb05000fdf0:group-87A62D82B691:LeaderElection59] INFO  impl.RoleInfo (RoleInfo.java:updateAndGet(143)) - d2d7804f-07c4-4123-9865-3bb05000fdf0: start LeaderState
2019-08-22 01:58:42,131 [d2d7804f-07c4-4123-9865-3bb05000fdf0:group-87A62D82B691:LeaderElection59] INFO  segmented.SegmentedRaftLogWorker (SegmentedRaftLogWorker.java:startLogSegment(380)) - d2d7804f-07c4-4123-9865-3bb05000fdf0-SegmentedRaftLogWorker:Storage Directory /workdir/hadoop-ozone/integration-test/target/test-dir/MiniOzoneClusterImpl-73a943d6-9e54-420a-b8c2-6f1b1463b42a/datanode-1/data/ratis/29a639fa-ee92-48ff-866d-87a62d82b691: Starting segment from index:0
2019-08-22 01:58:42,131 [d2d7804f-07c4-4123-9865-3bb05000fdf0:group-87A62D82B691:LeaderElection59] INFO  impl.RaftServerImpl (ServerState.java:setRaftConf(361)) - d2d7804f-07c4-4123-9865-3bb05000fdf0:group-87A62D82B691 set configuration 0: [d2d7804f-07c4-4123-9865-3bb05000fdf0:192.168.34.54:34770], old=null at 0
2019-08-22 01:58:42,152 [d2d7804f-07c4-4123-9865-3bb05000fdf0-SegmentedRaftLogWorker:Storage Directory /workdir/hadoop-ozone/integration-test/target/test-dir/MiniOzoneClusterImpl-73a943d6-9e54-420a-b8c2-6f1b1463b42a/datanode-1/data/ratis/29a639fa-ee92-48ff-866d-87a62d82b691] INFO  segmented.SegmentedRaftLogWorker (SegmentedRaftLogWorker.java:execute(569)) - d2d7804f-07c4-4123-9865-3bb05000fdf0-SegmentedRaftLogWorker:Storage Directory /workdir/hadoop-ozone/integration-test/target/test-dir/MiniOzoneClusterImpl-73a943d6-9e54-420a-b8c2-6f1b1463b42a/datanode-1/data/ratis/29a639fa-ee92-48ff-866d-87a62d82b691: created new log segment /workdir/hadoop-ozone/integration-test/target/test-dir/MiniOzoneClusterImpl-73a943d6-9e54-420a-b8c2-6f1b1463b42a/datanode-1/data/ratis/29a639fa-ee92-48ff-866d-87a62d82b691/current/log_inprogress_0
2019-08-22 01:58:42,214 | INFO  | SCMAudit | user=jenkins1000 | ip=192.168.34.54 | op=SEND_HEARTBEAT {datanodeUUID=0bd46545-a21f-4e46-b789-16e7c65dbdf4, command=[]} | ret=SUCCESS |  
2019-08-22 01:58:42,226 | INFO  | SCMAudit | user=jenkins1000 | ip=192.168.34.54 | op=SEND_HEARTBEAT {datanodeUUID=cc0da2ba-fdfe-4e15-bb7f-949408fb434b, command=[]} | ret=SUCCESS |  
2019-08-22 01:58:42,365 [grpc-default-executor-4] INFO  client.GrpcClientProtocolClient (GrpcClientProtocolClient.java:onNext(255)) - client-A22AA3B0CD98->d2d7804f-07c4-4123-9865-3bb05000fdf0: receive RaftClientReply:client-A22AA3B0CD98->d2d7804f-07c4-4123-9865-3bb05000fdf0@group-CA7304BD04EF, cid=200, FAILED org.apache.ratis.protocol.NotLeaderException: Server d2d7804f-07c4-4123-9865-3bb05000fdf0 is not the leader (null). Request must be sent to leader., logIndex=0, commits[d2d7804f-07c4-4123-9865-3bb05000fdf0:c-1]
2019-08-22 01:58:42,371 [grpc-default-worker-ELG-3-2] WARN  nio.NioEventLoop (NioEventLoop.java:select(786)) - Selector.select() returned prematurely {} times in a row; rebuilding Selector {}.
2019-08-22 01:58:42,373 [grpc-default-worker-ELG-3-2] INFO  nio.NioEventLoop (NioEventLoop.java:rebuildSelector0(396)) - Migrated 0 channel(s) to the new Selector.
2019-08-22 01:58:42,375 [grpc-default-worker-ELG-3-3] WARN  nio.NioEventLoop (NioEventLoop.java:select(786)) - Selector.select() returned prematurely {} times in a row; rebuilding Selector {}.
2019-08-22 01:58:42,375 [grpc-default-worker-ELG-3-3] INFO  nio.NioEventLoop (NioEventLoop.java:rebuildSelector0(396)) - Migrated 0 channel(s) to the new Selector.
2019-08-22 01:58:42,412 [Thread-3698] INFO  impl.FollowerState (FollowerState.java:run(106)) - cc0da2ba-fdfe-4e15-bb7f-949408fb434b:group-E36039800411 changes to CANDIDATE, lastRpcTime:5143, electionTimeout:5143ms
2019-08-22 01:58:42,412 [Thread-3698] INFO  impl.RoleInfo (RoleInfo.java:shutdownFollowerState(121)) - cc0da2ba-fdfe-4e15-bb7f-949408fb434b: shutdown FollowerState
2019-08-22 01:58:42,412 [Thread-3698] INFO  impl.RaftServerImpl (RaftServerImpl.java:setRole(171)) - cc0da2ba-fdfe-4e15-bb7f-949408fb434b:group-E36039800411 changes role from FOLLOWER to CANDIDATE at term 0 for changeToCandidate
2019-08-22 01:58:42,412 [Thread-3698] INFO  impl.RoleInfo (RoleInfo.java:updateAndGet(143)) - cc0da2ba-fdfe-4e15-bb7f-949408fb434b: start LeaderElection
2019-08-22 01:58:42,432 | INFO  | SCMAudit | user=jenkins1000 | ip=192.168.34.54 | op=SEND_HEARTBEAT {datanodeUUID=730038c5-3d8b-441c-8787-c9cbc1ffc73d, command=[]} | ret=SUCCESS |  
2019-08-22 01:58:42,444 [cc0da2ba-fdfe-4e15-bb7f-949408fb434b:group-E36039800411:LeaderElection60] INFO  impl.LeaderElection (LeaderElection.java:askForVotes(181)) - cc0da2ba-fdfe-4e15-bb7f-949408fb434b:group-E36039800411:LeaderElection60: begin an election at term 1 for -1: [cc0da2ba-fdfe-4e15-bb7f-949408fb434b:192.168.34.54:37015], old=null
2019-08-22 01:58:42,444 [cc0da2ba-fdfe-4e15-bb7f-949408fb434b:group-E36039800411:LeaderElection60] INFO  impl.RoleInfo (RoleInfo.java:shutdownLeaderElection(134)) - cc0da2ba-fdfe-4e15-bb7f-949408fb434b: shutdown LeaderElection
2019-08-22 01:58:42,445 [cc0da2ba-fdfe-4e15-bb7f-949408fb434b:group-E36039800411:LeaderElection60] INFO  impl.RaftServerImpl (RaftServerImpl.java:setRole(171)) - cc0da2ba-fdfe-4e15-bb7f-949408fb434b:group-E36039800411 changes role from CANDIDATE to LEADER at term 1 for changeToLeader
2019-08-22 01:58:42,445 [cc0da2ba-fdfe-4e15-bb7f-949408fb434b:group-E36039800411:LeaderElection60] INFO  impl.RaftServerImpl (ServerState.java:setLeader(263)) - cc0da2ba-fdfe-4e15-bb7f-949408fb434b:group-E36039800411 change Leader from null to cc0da2ba-fdfe-4e15-bb7f-949408fb434b at term 1 for becomeLeader, leader elected after 5180ms
2019-08-22 01:58:42,445 [cc0da2ba-fdfe-4e15-bb7f-949408fb434b:group-E36039800411:LeaderElection60] INFO  server.RaftServerConfigKeys (ConfUtils.java:logGet(43)) - raft.server.staging.catchup.gap = 1000 (default)
2019-08-22 01:58:42,445 [cc0da2ba-fdfe-4e15-bb7f-949408fb434b:group-E36039800411:LeaderElection60] INFO  server.RaftServerConfigKeys (ConfUtils.java:logGet(43)) - raft.server.rpc.sleep.time = 25ms (default)
2019-08-22 01:58:42,445 [cc0da2ba-fdfe-4e15-bb7f-949408fb434b:group-E36039800411:LeaderElection60] INFO  server.RaftServerConfigKeys (ConfUtils.java:logGet(43)) - raft.server.write.element-limit = 4096 (default)
2019-08-22 01:58:42,445 [cc0da2ba-fdfe-4e15-bb7f-949408fb434b:group-E36039800411:LeaderElection60] INFO  server.RaftServerConfigKeys (ConfUtils.java:logGet(43)) - raft.server.watch.timeout = 10s (default)
2019-08-22 01:58:42,445 [cc0da2ba-fdfe-4e15-bb7f-949408fb434b:group-E36039800411:LeaderElection60] INFO  server.RaftServerConfigKeys (ConfUtils.java:logGet(43)) - raft.server.watch.timeout.denomination = 1s (default)
2019-08-22 01:58:42,445 [cc0da2ba-fdfe-4e15-bb7f-949408fb434b:group-E36039800411:LeaderElection60] INFO  server.RaftServerConfigKeys (ConfUtils.java:logGet(43)) - raft.server.watch.element-limit = 65536 (default)
2019-08-22 01:58:42,446 [cc0da2ba-fdfe-4e15-bb7f-949408fb434b:group-E36039800411:LeaderElection60] INFO  impl.RoleInfo (RoleInfo.java:updateAndGet(143)) - cc0da2ba-fdfe-4e15-bb7f-949408fb434b: start LeaderState
2019-08-22 01:58:42,446 [cc0da2ba-fdfe-4e15-bb7f-949408fb434b:group-E36039800411:LeaderElection60] INFO  segmented.SegmentedRaftLogWorker (SegmentedRaftLogWorker.java:startLogSegment(380)) - cc0da2ba-fdfe-4e15-bb7f-949408fb434b-SegmentedRaftLogWorker:Storage Directory /workdir/hadoop-ozone/integration-test/target/test-dir/MiniOzoneClusterImpl-73a943d6-9e54-420a-b8c2-6f1b1463b42a/datanode-2/data/ratis/27431774-f8ad-4008-ab4d-e36039800411: Starting segment from index:0
2019-08-22 01:58:42,446 [cc0da2ba-fdfe-4e15-bb7f-949408fb434b:group-E36039800411:LeaderElection60] INFO  impl.RaftServerImpl (ServerState.java:setRaftConf(361)) - cc0da2ba-fdfe-4e15-bb7f-949408fb434b:group-E36039800411 set configuration 0: [cc0da2ba-fdfe-4e15-bb7f-949408fb434b:192.168.34.54:37015], old=null at 0
2019-08-22 01:58:42,469 [Thread-3703] INFO  impl.FollowerState (FollowerState.java:run(106)) - d2d7804f-07c4-4123-9865-3bb05000fdf0:group-CA7304BD04EF changes to CANDIDATE, lastRpcTime:5114, electionTimeout:5113ms
2019-08-22 01:58:42,470 [Thread-3703] INFO  impl.RoleInfo (RoleInfo.java:shutdownFollowerState(121)) - d2d7804f-07c4-4123-9865-3bb05000fdf0: shutdown FollowerState
2019-08-22 01:58:42,470 [Thread-3703] INFO  impl.RaftServerImpl (RaftServerImpl.java:setRole(171)) - d2d7804f-07c4-4123-9865-3bb05000fdf0:group-CA7304BD04EF changes role from FOLLOWER to CANDIDATE at term 0 for changeToCandidate
2019-08-22 01:58:42,470 [Thread-3703] INFO  impl.RoleInfo (RoleInfo.java:updateAndGet(143)) - d2d7804f-07c4-4123-9865-3bb05000fdf0: start LeaderElection
2019-08-22 01:58:42,489 [cc0da2ba-fdfe-4e15-bb7f-949408fb434b-SegmentedRaftLogWorker:Storage Directory /workdir/hadoop-ozone/integration-test/target/test-dir/MiniOzoneClusterImpl-73a943d6-9e54-420a-b8c2-6f1b1463b42a/datanode-2/data/ratis/27431774-f8ad-4008-ab4d-e36039800411] INFO  segmented.SegmentedRaftLogWorker (SegmentedRaftLogWorker.java:execute(569)) - cc0da2ba-fdfe-4e15-bb7f-949408fb434b-SegmentedRaftLogWorker:Storage Directory /workdir/hadoop-ozone/integration-test/target/test-dir/MiniOzoneClusterImpl-73a943d6-9e54-420a-b8c2-6f1b1463b42a/datanode-2/data/ratis/27431774-f8ad-4008-ab4d-e36039800411: created new log segment /workdir/hadoop-ozone/integration-test/target/test-dir/MiniOzoneClusterImpl-73a943d6-9e54-420a-b8c2-6f1b1463b42a/datanode-2/data/ratis/27431774-f8ad-4008-ab4d-e36039800411/current/log_inprogress_0
2019-08-22 01:58:42,490 [d2d7804f-07c4-4123-9865-3bb05000fdf0:group-CA7304BD04EF:LeaderElection61] INFO  impl.LeaderElection (LeaderElection.java:askForVotes(181)) - d2d7804f-07c4-4123-9865-3bb05000fdf0:group-CA7304BD04EF:LeaderElection61: begin an election at term 1 for -1: [cc0da2ba-fdfe-4e15-bb7f-949408fb434b:192.168.34.54:37015, d2d7804f-07c4-4123-9865-3bb05000fdf0:192.168.34.54:34770, bb7541e0-7fde-4f15-9948-e374d6325018:192.168.34.54:35476], old=null
2019-08-22 01:58:42,494 [grpc-default-executor-4] INFO  impl.RaftServerImpl (RaftServerImpl.java:setRole(171)) - bb7541e0-7fde-4f15-9948-e374d6325018:group-CA7304BD04EF changes role from FOLLOWER to FOLLOWER at term 1 for recognizeCandidate:d2d7804f-07c4-4123-9865-3bb05000fdf0
2019-08-22 01:58:42,494 [grpc-default-executor-5] INFO  impl.RaftServerImpl (RaftServerImpl.java:setRole(171)) - cc0da2ba-fdfe-4e15-bb7f-949408fb434b:group-CA7304BD04EF changes role from FOLLOWER to FOLLOWER at term 1 for recognizeCandidate:d2d7804f-07c4-4123-9865-3bb05000fdf0
2019-08-22 01:58:42,494 [grpc-default-executor-4] INFO  impl.RoleInfo (RoleInfo.java:shutdownFollowerState(121)) - bb7541e0-7fde-4f15-9948-e374d6325018: shutdown FollowerState
2019-08-22 01:58:42,494 [grpc-default-executor-5] INFO  impl.RoleInfo (RoleInfo.java:shutdownFollowerState(121)) - cc0da2ba-fdfe-4e15-bb7f-949408fb434b: shutdown FollowerState
2019-08-22 01:58:42,495 [Thread-3701] INFO  impl.FollowerState (FollowerState.java:run(114)) - bb7541e0-7fde-4f15-9948-e374d6325018: FollowerState was interrupted: java.lang.InterruptedException: sleep interrupted
2019-08-22 01:58:42,495 [grpc-default-executor-4] INFO  impl.RoleInfo (RoleInfo.java:updateAndGet(143)) - bb7541e0-7fde-4f15-9948-e374d6325018: start FollowerState
2019-08-22 01:58:42,495 [Thread-3707] INFO  impl.FollowerState (FollowerState.java:run(114)) - cc0da2ba-fdfe-4e15-bb7f-949408fb434b: FollowerState was interrupted: java.lang.InterruptedException: sleep interrupted
2019-08-22 01:58:42,495 [grpc-default-executor-5] INFO  impl.RoleInfo (RoleInfo.java:updateAndGet(143)) - cc0da2ba-fdfe-4e15-bb7f-949408fb434b: start FollowerState
2019-08-22 01:58:42,520 [d2d7804f-07c4-4123-9865-3bb05000fdf0:group-CA7304BD04EF:LeaderElection61] INFO  impl.LeaderElection (LeaderElection.java:logAndReturn(56)) - d2d7804f-07c4-4123-9865-3bb05000fdf0:group-CA7304BD04EF:LeaderElection61: Election PASSED; received 1 response(s) [d2d7804f-07c4-4123-9865-3bb05000fdf0<-cc0da2ba-fdfe-4e15-bb7f-949408fb434b#0:OK-t1] and 0 exception(s); d2d7804f-07c4-4123-9865-3bb05000fdf0:t1, leader=null, voted=d2d7804f-07c4-4123-9865-3bb05000fdf0, raftlog=d2d7804f-07c4-4123-9865-3bb05000fdf0-SegmentedRaftLog:OPENED:c-1,f-1,i0, conf=-1: [cc0da2ba-fdfe-4e15-bb7f-949408fb434b:192.168.34.54:37015, d2d7804f-07c4-4123-9865-3bb05000fdf0:192.168.34.54:34770, bb7541e0-7fde-4f15-9948-e374d6325018:192.168.34.54:35476], old=null
2019-08-22 01:58:42,520 [d2d7804f-07c4-4123-9865-3bb05000fdf0:group-CA7304BD04EF:LeaderElection61] INFO  impl.RoleInfo (RoleInfo.java:shutdownLeaderElection(134)) - d2d7804f-07c4-4123-9865-3bb05000fdf0: shutdown LeaderElection
2019-08-22 01:58:42,520 [d2d7804f-07c4-4123-9865-3bb05000fdf0:group-CA7304BD04EF:LeaderElection61] INFO  impl.RaftServerImpl (RaftServerImpl.java:setRole(171)) - d2d7804f-07c4-4123-9865-3bb05000fdf0:group-CA7304BD04EF changes role from CANDIDATE to LEADER at term 1 for changeToLeader
2019-08-22 01:58:42,522 [d2d7804f-07c4-4123-9865-3bb05000fdf0:group-CA7304BD04EF:LeaderElection61] INFO  impl.RaftServerImpl (ServerState.java:setLeader(263)) - d2d7804f-07c4-4123-9865-3bb05000fdf0:group-CA7304BD04EF change Leader from null to d2d7804f-07c4-4123-9865-3bb05000fdf0 at term 1 for becomeLeader, leader elected after 5175ms
2019-08-22 01:58:42,522 [d2d7804f-07c4-4123-9865-3bb05000fdf0:group-CA7304BD04EF:LeaderElection61] INFO  server.RaftServerConfigKeys (ConfUtils.java:logGet(43)) - raft.server.staging.catchup.gap = 1000 (default)
2019-08-22 01:58:42,523 [d2d7804f-07c4-4123-9865-3bb05000fdf0:group-CA7304BD04EF:LeaderElection61] INFO  server.RaftServerConfigKeys (ConfUtils.java:logGet(43)) - raft.server.rpc.sleep.time = 25ms (default)
2019-08-22 01:58:42,523 [d2d7804f-07c4-4123-9865-3bb05000fdf0:group-CA7304BD04EF:LeaderElection61] INFO  server.RaftServerConfigKeys (ConfUtils.java:logGet(43)) - raft.server.write.element-limit = 4096 (default)
2019-08-22 01:58:42,523 [d2d7804f-07c4-4123-9865-3bb05000fdf0:group-CA7304BD04EF:LeaderElection61] INFO  server.RaftServerConfigKeys (ConfUtils.java:logGet(43)) - raft.server.watch.timeout = 10s (default)
2019-08-22 01:58:42,523 [d2d7804f-07c4-4123-9865-3bb05000fdf0:group-CA7304BD04EF:LeaderElection61] INFO  server.RaftServerConfigKeys (ConfUtils.java:logGet(43)) - raft.server.watch.timeout.denomination = 1s (default)
2019-08-22 01:58:42,523 [d2d7804f-07c4-4123-9865-3bb05000fdf0:group-CA7304BD04EF:LeaderElection61] INFO  server.RaftServerConfigKeys (ConfUtils.java:logGet(43)) - raft.server.watch.element-limit = 65536 (default)
2019-08-22 01:58:42,523 [Thread-3710] INFO  impl.FollowerState (FollowerState.java:run(106)) - 730038c5-3d8b-441c-8787-c9cbc1ffc73d:group-F3CCC5EA0583 changes to CANDIDATE, lastRpcTime:5065, electionTimeout:5065ms
2019-08-22 01:58:42,523 [d2d7804f-07c4-4123-9865-3bb05000fdf0:group-CA7304BD04EF:LeaderElection61] INFO  server.RaftServerConfigKeys (ConfUtils.java:logGet(43)) - raft.server.log.appender.snapshot.chunk.size.max = 16MB (=16777216) (default)
2019-08-22 01:58:42,523 [Thread-3710] INFO  impl.RoleInfo (RoleInfo.java:shutdownFollowerState(121)) - 730038c5-3d8b-441c-8787-c9cbc1ffc73d: shutdown FollowerState
2019-08-22 01:58:42,523 [d2d7804f-07c4-4123-9865-3bb05000fdf0:group-CA7304BD04EF:LeaderElection61] INFO  server.RaftServerConfigKeys (ConfUtils.java:logGet(43)) - raft.server.log.appender.buffer.byte-limit = 33554432 (custom)
2019-08-22 01:58:42,524 [Thread-3710] INFO  impl.RaftServerImpl (RaftServerImpl.java:setRole(171)) - 730038c5-3d8b-441c-8787-c9cbc1ffc73d:group-F3CCC5EA0583 changes role from FOLLOWER to CANDIDATE at term 0 for changeToCandidate
2019-08-22 01:58:42,524 [d2d7804f-07c4-4123-9865-3bb05000fdf0:group-CA7304BD04EF:LeaderElection61] INFO  server.RaftServerConfigKeys (ConfUtils.java:logGet(43)) - raft.server.log.appender.buffer.element-limit = 1 (custom)
2019-08-22 01:58:42,524 [Thread-3710] INFO  impl.RoleInfo (RoleInfo.java:updateAndGet(143)) - 730038c5-3d8b-441c-8787-c9cbc1ffc73d: start LeaderElection
2019-08-22 01:58:42,524 [d2d7804f-07c4-4123-9865-3bb05000fdf0:group-CA7304BD04EF:LeaderElection61] INFO  grpc.GrpcConfigKeys$Server (ConfUtils.java:logGet(43)) - raft.grpc.server.leader.outstanding.appends.max = 128 (default)
2019-08-22 01:58:42,524 [d2d7804f-07c4-4123-9865-3bb05000fdf0:group-CA7304BD04EF:LeaderElection61] INFO  server.RaftServerConfigKeys (ConfUtils.java:logGet(43)) - raft.server.rpc.request.timeout = 3000ms (default)
2019-08-22 01:58:42,524 [d2d7804f-07c4-4123-9865-3bb05000fdf0:group-CA7304BD04EF:LeaderElection61] INFO  server.RaftServerConfigKeys (ConfUtils.java:logGet(43)) - raft.server.log.appender.install.snapshot.enabled = false (custom)
2019-08-22 01:58:42,529 [d2d7804f-07c4-4123-9865-3bb05000fdf0:group-CA7304BD04EF:LeaderElection61] INFO  server.RaftServerConfigKeys (ConfUtils.java:logGet(43)) - raft.server.log.appender.snapshot.chunk.size.max = 16MB (=16777216) (default)
2019-08-22 01:58:42,529 [d2d7804f-07c4-4123-9865-3bb05000fdf0:group-CA7304BD04EF:LeaderElection61] INFO  server.RaftServerConfigKeys (ConfUtils.java:logGet(43)) - raft.server.log.appender.buffer.byte-limit = 33554432 (custom)
2019-08-22 01:58:42,529 [d2d7804f-07c4-4123-9865-3bb05000fdf0:group-CA7304BD04EF:LeaderElection61] INFO  server.RaftServerConfigKeys (ConfUtils.java:logGet(43)) - raft.server.log.appender.buffer.element-limit = 1 (custom)
2019-08-22 01:58:42,529 [d2d7804f-07c4-4123-9865-3bb05000fdf0:group-CA7304BD04EF:LeaderElection61] INFO  grpc.GrpcConfigKeys$Server (ConfUtils.java:logGet(43)) - raft.grpc.server.leader.outstanding.appends.max = 128 (default)
2019-08-22 01:58:42,530 [d2d7804f-07c4-4123-9865-3bb05000fdf0:group-CA7304BD04EF:LeaderElection61] INFO  server.RaftServerConfigKeys (ConfUtils.java:logGet(43)) - raft.server.rpc.request.timeout = 3000ms (default)
2019-08-22 01:58:42,530 [d2d7804f-07c4-4123-9865-3bb05000fdf0:group-CA7304BD04EF:LeaderElection61] INFO  server.RaftServerConfigKeys (ConfUtils.java:logGet(43)) - raft.server.log.appender.install.snapshot.enabled = false (custom)
2019-08-22 01:58:42,530 [d2d7804f-07c4-4123-9865-3bb05000fdf0:group-CA7304BD04EF:LeaderElection61] INFO  impl.RoleInfo (RoleInfo.java:updateAndGet(143)) - d2d7804f-07c4-4123-9865-3bb05000fdf0: start LeaderState
2019-08-22 01:58:42,530 [d2d7804f-07c4-4123-9865-3bb05000fdf0:group-CA7304BD04EF:LeaderElection61] INFO  segmented.SegmentedRaftLogWorker (SegmentedRaftLogWorker.java:startLogSegment(380)) - d2d7804f-07c4-4123-9865-3bb05000fdf0-SegmentedRaftLogWorker:Storage Directory /workdir/hadoop-ozone/integration-test/target/test-dir/MiniOzoneClusterImpl-73a943d6-9e54-420a-b8c2-6f1b1463b42a/datanode-1/data/ratis/d8a1a47f-f976-411d-aa60-ca7304bd04ef: Starting segment from index:0
2019-08-22 01:58:42,531 [d2d7804f-07c4-4123-9865-3bb05000fdf0:group-CA7304BD04EF:LeaderElection61] INFO  impl.RaftServerImpl (ServerState.java:setRaftConf(361)) - d2d7804f-07c4-4123-9865-3bb05000fdf0:group-CA7304BD04EF set configuration 0: [cc0da2ba-fdfe-4e15-bb7f-949408fb434b:192.168.34.54:37015, d2d7804f-07c4-4123-9865-3bb05000fdf0:192.168.34.54:34770, bb7541e0-7fde-4f15-9948-e374d6325018:192.168.34.54:35476], old=null at 0
2019-08-22 01:58:42,552 [730038c5-3d8b-441c-8787-c9cbc1ffc73d:group-F3CCC5EA0583:LeaderElection62] INFO  impl.LeaderElection (LeaderElection.java:askForVotes(181)) - 730038c5-3d8b-441c-8787-c9cbc1ffc73d:group-F3CCC5EA0583:LeaderElection62: begin an election at term 1 for -1: [730038c5-3d8b-441c-8787-c9cbc1ffc73d:192.168.34.54:39337], old=null
2019-08-22 01:58:42,552 [730038c5-3d8b-441c-8787-c9cbc1ffc73d:group-F3CCC5EA0583:LeaderElection62] INFO  impl.RoleInfo (RoleInfo.java:shutdownLeaderElection(134)) - 730038c5-3d8b-441c-8787-c9cbc1ffc73d: shutdown LeaderElection
2019-08-22 01:58:42,552 [730038c5-3d8b-441c-8787-c9cbc1ffc73d:group-F3CCC5EA0583:LeaderElection62] INFO  impl.RaftServerImpl (RaftServerImpl.java:setRole(171)) - 730038c5-3d8b-441c-8787-c9cbc1ffc73d:group-F3CCC5EA0583 changes role from CANDIDATE to LEADER at term 1 for changeToLeader
2019-08-22 01:58:42,552 [730038c5-3d8b-441c-8787-c9cbc1ffc73d:group-F3CCC5EA0583:LeaderElection62] INFO  impl.RaftServerImpl (ServerState.java:setLeader(263)) - 730038c5-3d8b-441c-8787-c9cbc1ffc73d:group-F3CCC5EA0583 change Leader from null to 730038c5-3d8b-441c-8787-c9cbc1ffc73d at term 1 for becomeLeader, leader elected after 5098ms
2019-08-22 01:58:42,552 [730038c5-3d8b-441c-8787-c9cbc1ffc73d:group-F3CCC5EA0583:LeaderElection62] INFO  server.RaftServerConfigKeys (ConfUtils.java:logGet(43)) - raft.server.staging.catchup.gap = 1000 (default)
2019-08-22 01:58:42,553 [730038c5-3d8b-441c-8787-c9cbc1ffc73d:group-F3CCC5EA0583:LeaderElection62] INFO  server.RaftServerConfigKeys (ConfUtils.java:logGet(43)) - raft.server.rpc.sleep.time = 25ms (default)
2019-08-22 01:58:42,553 [730038c5-3d8b-441c-8787-c9cbc1ffc73d:group-F3CCC5EA0583:LeaderElection62] INFO  server.RaftServerConfigKeys (ConfUtils.java:logGet(43)) - raft.server.write.element-limit = 4096 (default)
2019-08-22 01:58:42,553 [730038c5-3d8b-441c-8787-c9cbc1ffc73d:group-F3CCC5EA0583:LeaderElection62] INFO  server.RaftServerConfigKeys (ConfUtils.java:logGet(43)) - raft.server.watch.timeout = 10s (default)
2019-08-22 01:58:42,553 [grpc-default-executor-4] INFO  impl.RaftServerImpl (ServerState.java:setLeader(263)) - bb7541e0-7fde-4f15-9948-e374d6325018:group-CA7304BD04EF change Leader from null to d2d7804f-07c4-4123-9865-3bb05000fdf0 at term 1 for appendEntries, leader elected after 5206ms
2019-08-22 01:58:42,553 [730038c5-3d8b-441c-8787-c9cbc1ffc73d:group-F3CCC5EA0583:LeaderElection62] INFO  server.RaftServerConfigKeys (ConfUtils.java:logGet(43)) - raft.server.watch.timeout.denomination = 1s (default)
2019-08-22 01:58:42,553 [grpc-default-executor-5] INFO  impl.RaftServerImpl (ServerState.java:setLeader(263)) - cc0da2ba-fdfe-4e15-bb7f-949408fb434b:group-CA7304BD04EF change Leader from null to d2d7804f-07c4-4123-9865-3bb05000fdf0 at term 1 for appendEntries, leader elected after 5206ms
2019-08-22 01:58:42,553 [730038c5-3d8b-441c-8787-c9cbc1ffc73d:group-F3CCC5EA0583:LeaderElection62] INFO  server.RaftServerConfigKeys (ConfUtils.java:logGet(43)) - raft.server.watch.element-limit = 65536 (default)
2019-08-22 01:58:42,558 [730038c5-3d8b-441c-8787-c9cbc1ffc73d:group-F3CCC5EA0583:LeaderElection62] INFO  impl.RoleInfo (RoleInfo.java:updateAndGet(143)) - 730038c5-3d8b-441c-8787-c9cbc1ffc73d: start LeaderState
2019-08-22 01:58:42,558 [730038c5-3d8b-441c-8787-c9cbc1ffc73d:group-F3CCC5EA0583:LeaderElection62] INFO  segmented.SegmentedRaftLogWorker (SegmentedRaftLogWorker.java:startLogSegment(380)) - 730038c5-3d8b-441c-8787-c9cbc1ffc73d-SegmentedRaftLogWorker:Storage Directory /workdir/hadoop-ozone/integration-test/target/test-dir/MiniOzoneClusterImpl-73a943d6-9e54-420a-b8c2-6f1b1463b42a/datanode-3/data/ratis/7e8e26ad-d949-4679-b9e7-f3ccc5ea0583: Starting segment from index:0
2019-08-22 01:58:42,559 [730038c5-3d8b-441c-8787-c9cbc1ffc73d:group-F3CCC5EA0583:LeaderElection62] INFO  impl.RaftServerImpl (ServerState.java:setRaftConf(361)) - 730038c5-3d8b-441c-8787-c9cbc1ffc73d:group-F3CCC5EA0583 set configuration 0: [730038c5-3d8b-441c-8787-c9cbc1ffc73d:192.168.34.54:39337], old=null at 0
2019-08-22 01:58:42,575 [d2d7804f-07c4-4123-9865-3bb05000fdf0-SegmentedRaftLogWorker:Storage Directory /workdir/hadoop-ozone/integration-test/target/test-dir/MiniOzoneClusterImpl-73a943d6-9e54-420a-b8c2-6f1b1463b42a/datanode-1/data/ratis/d8a1a47f-f976-411d-aa60-ca7304bd04ef] INFO  segmented.SegmentedRaftLogWorker (SegmentedRaftLogWorker.java:execute(569)) - d2d7804f-07c4-4123-9865-3bb05000fdf0-SegmentedRaftLogWorker:Storage Directory /workdir/hadoop-ozone/integration-test/target/test-dir/MiniOzoneClusterImpl-73a943d6-9e54-420a-b8c2-6f1b1463b42a/datanode-1/data/ratis/d8a1a47f-f976-411d-aa60-ca7304bd04ef: created new log segment /workdir/hadoop-ozone/integration-test/target/test-dir/MiniOzoneClusterImpl-73a943d6-9e54-420a-b8c2-6f1b1463b42a/datanode-1/data/ratis/d8a1a47f-f976-411d-aa60-ca7304bd04ef/current/log_inprogress_0
2019-08-22 01:58:42,575 [grpc-default-executor-4] INFO  impl.RaftServerImpl (ServerState.java:setRaftConf(361)) - bb7541e0-7fde-4f15-9948-e374d6325018:group-CA7304BD04EF set configuration 0: [cc0da2ba-fdfe-4e15-bb7f-949408fb434b:192.168.34.54:37015, d2d7804f-07c4-4123-9865-3bb05000fdf0:192.168.34.54:34770, bb7541e0-7fde-4f15-9948-e374d6325018:192.168.34.54:35476], old=null at 0
2019-08-22 01:58:42,575 [grpc-default-executor-5] INFO  impl.RaftServerImpl (ServerState.java:setRaftConf(361)) - cc0da2ba-fdfe-4e15-bb7f-949408fb434b:group-CA7304BD04EF set configuration 0: [cc0da2ba-fdfe-4e15-bb7f-949408fb434b:192.168.34.54:37015, d2d7804f-07c4-4123-9865-3bb05000fdf0:192.168.34.54:34770, bb7541e0-7fde-4f15-9948-e374d6325018:192.168.34.54:35476], old=null at 0
2019-08-22 01:58:42,576 [grpc-default-executor-4] INFO  segmented.SegmentedRaftLogWorker (SegmentedRaftLogWorker.java:startLogSegment(380)) - bb7541e0-7fde-4f15-9948-e374d6325018-SegmentedRaftLogWorker:Storage Directory /workdir/hadoop-ozone/integration-test/target/test-dir/MiniOzoneClusterImpl-73a943d6-9e54-420a-b8c2-6f1b1463b42a/datanode-0/data/ratis/d8a1a47f-f976-411d-aa60-ca7304bd04ef: Starting segment from index:0
2019-08-22 01:58:42,576 [grpc-default-executor-5] INFO  segmented.SegmentedRaftLogWorker (SegmentedRaftLogWorker.java:startLogSegment(380)) - cc0da2ba-fdfe-4e15-bb7f-949408fb434b-SegmentedRaftLogWorker:Storage Directory /workdir/hadoop-ozone/integration-test/target/test-dir/MiniOzoneClusterImpl-73a943d6-9e54-420a-b8c2-6f1b1463b42a/datanode-2/data/ratis/d8a1a47f-f976-411d-aa60-ca7304bd04ef: Starting segment from index:0
2019-08-22 01:58:42,600 [730038c5-3d8b-441c-8787-c9cbc1ffc73d-SegmentedRaftLogWorker:Storage Directory /workdir/hadoop-ozone/integration-test/target/test-dir/MiniOzoneClusterImpl-73a943d6-9e54-420a-b8c2-6f1b1463b42a/datanode-3/data/ratis/7e8e26ad-d949-4679-b9e7-f3ccc5ea0583] INFO  segmented.SegmentedRaftLogWorker (SegmentedRaftLogWorker.java:execute(569)) - 730038c5-3d8b-441c-8787-c9cbc1ffc73d-SegmentedRaftLogWorker:Storage Directory /workdir/hadoop-ozone/integration-test/target/test-dir/MiniOzoneClusterImpl-73a943d6-9e54-420a-b8c2-6f1b1463b42a/datanode-3/data/ratis/7e8e26ad-d949-4679-b9e7-f3ccc5ea0583: created new log segment /workdir/hadoop-ozone/integration-test/target/test-dir/MiniOzoneClusterImpl-73a943d6-9e54-420a-b8c2-6f1b1463b42a/datanode-3/data/ratis/7e8e26ad-d949-4679-b9e7-f3ccc5ea0583/current/log_inprogress_0
2019-08-22 01:58:42,610 | INFO  | SCMAudit | user=jenkins1000 | ip=192.168.34.54 | op=SEND_HEARTBEAT {datanodeUUID=a150ecf0-9441-4c31-a29f-f6938f908a65, command=[]} | ret=SUCCESS |  
2019-08-22 01:58:42,614 [bb7541e0-7fde-4f15-9948-e374d6325018-SegmentedRaftLogWorker:Storage Directory /workdir/hadoop-ozone/integration-test/target/test-dir/MiniOzoneClusterImpl-73a943d6-9e54-420a-b8c2-6f1b1463b42a/datanode-0/data/ratis/d8a1a47f-f976-411d-aa60-ca7304bd04ef] INFO  segmented.SegmentedRaftLogWorker (SegmentedRaftLogWorker.java:execute(569)) - bb7541e0-7fde-4f15-9948-e374d6325018-SegmentedRaftLogWorker:Storage Directory /workdir/hadoop-ozone/integration-test/target/test-dir/MiniOzoneClusterImpl-73a943d6-9e54-420a-b8c2-6f1b1463b42a/datanode-0/data/ratis/d8a1a47f-f976-411d-aa60-ca7304bd04ef: created new log segment /workdir/hadoop-ozone/integration-test/target/test-dir/MiniOzoneClusterImpl-73a943d6-9e54-420a-b8c2-6f1b1463b42a/datanode-0/data/ratis/d8a1a47f-f976-411d-aa60-ca7304bd04ef/current/log_inprogress_0
2019-08-22 01:58:42,614 [cc0da2ba-fdfe-4e15-bb7f-949408fb434b-SegmentedRaftLogWorker:Storage Directory /workdir/hadoop-ozone/integration-test/target/test-dir/MiniOzoneClusterImpl-73a943d6-9e54-420a-b8c2-6f1b1463b42a/datanode-2/data/ratis/d8a1a47f-f976-411d-aa60-ca7304bd04ef] INFO  segmented.SegmentedRaftLogWorker (SegmentedRaftLogWorker.java:execute(569)) - cc0da2ba-fdfe-4e15-bb7f-949408fb434b-SegmentedRaftLogWorker:Storage Directory /workdir/hadoop-ozone/integration-test/target/test-dir/MiniOzoneClusterImpl-73a943d6-9e54-420a-b8c2-6f1b1463b42a/datanode-2/data/ratis/d8a1a47f-f976-411d-aa60-ca7304bd04ef: created new log segment /workdir/hadoop-ozone/integration-test/target/test-dir/MiniOzoneClusterImpl-73a943d6-9e54-420a-b8c2-6f1b1463b42a/datanode-2/data/ratis/d8a1a47f-f976-411d-aa60-ca7304bd04ef/current/log_inprogress_0
2019-08-22 01:58:42,852 | INFO  | SCMAudit | user=jenkins1000 | ip=192.168.34.54 | op=SEND_HEARTBEAT {datanodeUUID=bb7541e0-7fde-4f15-9948-e374d6325018, command=[]} | ret=SUCCESS |  
2019-08-22 01:58:42,855 [Thread-3713] INFO  impl.FollowerState (FollowerState.java:run(106)) - a150ecf0-9441-4c31-a29f-f6938f908a65:group-5DBD6220F510 changes to CANDIDATE, lastRpcTime:5182, electionTimeout:5182ms
2019-08-22 01:58:42,855 [Thread-3713] INFO  impl.RoleInfo (RoleInfo.java:shutdownFollowerState(121)) - a150ecf0-9441-4c31-a29f-f6938f908a65: shutdown FollowerState
2019-08-22 01:58:42,855 [Thread-3713] INFO  impl.RaftServerImpl (RaftServerImpl.java:setRole(171)) - a150ecf0-9441-4c31-a29f-f6938f908a65:group-5DBD6220F510 changes role from FOLLOWER to CANDIDATE at term 0 for changeToCandidate
2019-08-22 01:58:42,855 [Thread-3713] INFO  impl.RoleInfo (RoleInfo.java:updateAndGet(143)) - a150ecf0-9441-4c31-a29f-f6938f908a65: start LeaderElection
2019-08-22 01:58:42,873 [a150ecf0-9441-4c31-a29f-f6938f908a65:group-5DBD6220F510:LeaderElection63] INFO  impl.LeaderElection (LeaderElection.java:askForVotes(181)) - a150ecf0-9441-4c31-a29f-f6938f908a65:group-5DBD6220F510:LeaderElection63: begin an election at term 1 for -1: [a150ecf0-9441-4c31-a29f-f6938f908a65:192.168.34.54:34879], old=null
2019-08-22 01:58:42,873 [a150ecf0-9441-4c31-a29f-f6938f908a65:group-5DBD6220F510:LeaderElection63] INFO  impl.RoleInfo (RoleInfo.java:shutdownLeaderElection(134)) - a150ecf0-9441-4c31-a29f-f6938f908a65: shutdown LeaderElection
2019-08-22 01:58:42,874 [a150ecf0-9441-4c31-a29f-f6938f908a65:group-5DBD6220F510:LeaderElection63] INFO  impl.RaftServerImpl (RaftServerImpl.java:setRole(171)) - a150ecf0-9441-4c31-a29f-f6938f908a65:group-5DBD6220F510 changes role from CANDIDATE to LEADER at term 1 for changeToLeader
2019-08-22 01:58:42,874 [a150ecf0-9441-4c31-a29f-f6938f908a65:group-5DBD6220F510:LeaderElection63] INFO  impl.RaftServerImpl (ServerState.java:setLeader(263)) - a150ecf0-9441-4c31-a29f-f6938f908a65:group-5DBD6220F510 change Leader from null to a150ecf0-9441-4c31-a29f-f6938f908a65 at term 1 for becomeLeader, leader elected after 5205ms
2019-08-22 01:58:42,874 [a150ecf0-9441-4c31-a29f-f6938f908a65:group-5DBD6220F510:LeaderElection63] INFO  server.RaftServerConfigKeys (ConfUtils.java:logGet(43)) - raft.server.staging.catchup.gap = 1000 (default)
2019-08-22 01:58:42,874 [a150ecf0-9441-4c31-a29f-f6938f908a65:group-5DBD6220F510:LeaderElection63] INFO  server.RaftServerConfigKeys (ConfUtils.java:logGet(43)) - raft.server.rpc.sleep.time = 25ms (default)
2019-08-22 01:58:42,874 [a150ecf0-9441-4c31-a29f-f6938f908a65:group-5DBD6220F510:LeaderElection63] INFO  server.RaftServerConfigKeys (ConfUtils.java:logGet(43)) - raft.server.write.element-limit = 4096 (default)
2019-08-22 01:58:42,874 [a150ecf0-9441-4c31-a29f-f6938f908a65:group-5DBD6220F510:LeaderElection63] INFO  server.RaftServerConfigKeys (ConfUtils.java:logGet(43)) - raft.server.watch.timeout = 10s (default)
2019-08-22 01:58:42,874 [a150ecf0-9441-4c31-a29f-f6938f908a65:group-5DBD6220F510:LeaderElection63] INFO  server.RaftServerConfigKeys (ConfUtils.java:logGet(43)) - raft.server.watch.timeout.denomination = 1s (default)
2019-08-22 01:58:42,874 [a150ecf0-9441-4c31-a29f-f6938f908a65:group-5DBD6220F510:LeaderElection63] INFO  server.RaftServerConfigKeys (ConfUtils.java:logGet(43)) - raft.server.watch.element-limit = 65536 (default)
2019-08-22 01:58:42,874 [a150ecf0-9441-4c31-a29f-f6938f908a65:group-5DBD6220F510:LeaderElection63] INFO  impl.RoleInfo (RoleInfo.java:updateAndGet(143)) - a150ecf0-9441-4c31-a29f-f6938f908a65: start LeaderState
2019-08-22 01:58:42,874 [a150ecf0-9441-4c31-a29f-f6938f908a65:group-5DBD6220F510:LeaderElection63] INFO  segmented.SegmentedRaftLogWorker (SegmentedRaftLogWorker.java:startLogSegment(380)) - a150ecf0-9441-4c31-a29f-f6938f908a65-SegmentedRaftLogWorker:Storage Directory /workdir/hadoop-ozone/integration-test/target/test-dir/MiniOzoneClusterImpl-73a943d6-9e54-420a-b8c2-6f1b1463b42a/datanode-4/data/ratis/002eda46-f139-47a9-ae9b-5dbd6220f510: Starting segment from index:0
2019-08-22 01:58:42,875 [a150ecf0-9441-4c31-a29f-f6938f908a65:group-5DBD6220F510:LeaderElection63] INFO  impl.RaftServerImpl (ServerState.java:setRaftConf(361)) - a150ecf0-9441-4c31-a29f-f6938f908a65:group-5DBD6220F510 set configuration 0: [a150ecf0-9441-4c31-a29f-f6938f908a65:192.168.34.54:34879], old=null at 0
2019-08-22 01:58:42,917 [a150ecf0-9441-4c31-a29f-f6938f908a65-SegmentedRaftLogWorker:Storage Directory /workdir/hadoop-ozone/integration-test/target/test-dir/MiniOzoneClusterImpl-73a943d6-9e54-420a-b8c2-6f1b1463b42a/datanode-4/data/ratis/002eda46-f139-47a9-ae9b-5dbd6220f510] INFO  segmented.SegmentedRaftLogWorker (SegmentedRaftLogWorker.java:execute(569)) - a150ecf0-9441-4c31-a29f-f6938f908a65-SegmentedRaftLogWorker:Storage Directory /workdir/hadoop-ozone/integration-test/target/test-dir/MiniOzoneClusterImpl-73a943d6-9e54-420a-b8c2-6f1b1463b42a/datanode-4/data/ratis/002eda46-f139-47a9-ae9b-5dbd6220f510: created new log segment /workdir/hadoop-ozone/integration-test/target/test-dir/MiniOzoneClusterImpl-73a943d6-9e54-420a-b8c2-6f1b1463b42a/datanode-4/data/ratis/002eda46-f139-47a9-ae9b-5dbd6220f510/current/log_inprogress_0
2019-08-22 01:58:43,010 | INFO  | SCMAudit | user=jenkins1000 | ip=192.168.34.54 | op=SEND_HEARTBEAT {datanodeUUID=f3d8d448-3596-4d55-8cde-6a41b384fc87, command=[]} | ret=SUCCESS |  
2019-08-22 01:58:43,044 | INFO  | SCMAudit | user=jenkins1000 | ip=192.168.34.54 | op=SEND_HEARTBEAT {datanodeUUID=d2d7804f-07c4-4123-9865-3bb05000fdf0, command=[]} | ret=SUCCESS |  
2019-08-22 01:58:43,149 [Thread-3716] INFO  impl.FollowerState (FollowerState.java:run(106)) - f3d8d448-3596-4d55-8cde-6a41b384fc87:group-CCD042532999 changes to CANDIDATE, lastRpcTime:5092, electionTimeout:5092ms
2019-08-22 01:58:43,149 [Thread-3716] INFO  impl.RoleInfo (RoleInfo.java:shutdownFollowerState(121)) - f3d8d448-3596-4d55-8cde-6a41b384fc87: shutdown FollowerState
2019-08-22 01:58:43,149 [Thread-3716] INFO  impl.RaftServerImpl (RaftServerImpl.java:setRole(171)) - f3d8d448-3596-4d55-8cde-6a41b384fc87:group-CCD042532999 changes role from FOLLOWER to CANDIDATE at term 0 for changeToCandidate
2019-08-22 01:58:43,149 [Thread-3716] INFO  impl.RoleInfo (RoleInfo.java:updateAndGet(143)) - f3d8d448-3596-4d55-8cde-6a41b384fc87: start LeaderElection
2019-08-22 01:58:43,180 [f3d8d448-3596-4d55-8cde-6a41b384fc87:group-CCD042532999:LeaderElection64] INFO  impl.LeaderElection (LeaderElection.java:askForVotes(181)) - f3d8d448-3596-4d55-8cde-6a41b384fc87:group-CCD042532999:LeaderElection64: begin an election at term 1 for -1: [f3d8d448-3596-4d55-8cde-6a41b384fc87:192.168.34.54:35986], old=null
2019-08-22 01:58:43,181 [f3d8d448-3596-4d55-8cde-6a41b384fc87:group-CCD042532999:LeaderElection64] INFO  impl.RoleInfo (RoleInfo.java:shutdownLeaderElection(134)) - f3d8d448-3596-4d55-8cde-6a41b384fc87: shutdown LeaderElection
2019-08-22 01:58:43,181 [f3d8d448-3596-4d55-8cde-6a41b384fc87:group-CCD042532999:LeaderElection64] INFO  impl.RaftServerImpl (RaftServerImpl.java:setRole(171)) - f3d8d448-3596-4d55-8cde-6a41b384fc87:group-CCD042532999 changes role from CANDIDATE to LEADER at term 1 for changeToLeader
2019-08-22 01:58:43,181 [f3d8d448-3596-4d55-8cde-6a41b384fc87:group-CCD042532999:LeaderElection64] INFO  impl.RaftServerImpl (ServerState.java:setLeader(263)) - f3d8d448-3596-4d55-8cde-6a41b384fc87:group-CCD042532999 change Leader from null to f3d8d448-3596-4d55-8cde-6a41b384fc87 at term 1 for becomeLeader, leader elected after 5128ms
2019-08-22 01:58:43,181 [f3d8d448-3596-4d55-8cde-6a41b384fc87:group-CCD042532999:LeaderElection64] INFO  server.RaftServerConfigKeys (ConfUtils.java:logGet(43)) - raft.server.staging.catchup.gap = 1000 (default)
2019-08-22 01:58:43,181 [f3d8d448-3596-4d55-8cde-6a41b384fc87:group-CCD042532999:LeaderElection64] INFO  server.RaftServerConfigKeys (ConfUtils.java:logGet(43)) - raft.server.rpc.sleep.time = 25ms (default)
2019-08-22 01:58:43,181 [f3d8d448-3596-4d55-8cde-6a41b384fc87:group-CCD042532999:LeaderElection64] INFO  server.RaftServerConfigKeys (ConfUtils.java:logGet(43)) - raft.server.write.element-limit = 4096 (default)
2019-08-22 01:58:43,181 [f3d8d448-3596-4d55-8cde-6a41b384fc87:group-CCD042532999:LeaderElection64] INFO  server.RaftServerConfigKeys (ConfUtils.java:logGet(43)) - raft.server.watch.timeout = 10s (default)
2019-08-22 01:58:43,182 [f3d8d448-3596-4d55-8cde-6a41b384fc87:group-CCD042532999:LeaderElection64] INFO  server.RaftServerConfigKeys (ConfUtils.java:logGet(43)) - raft.server.watch.timeout.denomination = 1s (default)
2019-08-22 01:58:43,182 [f3d8d448-3596-4d55-8cde-6a41b384fc87:group-CCD042532999:LeaderElection64] INFO  server.RaftServerConfigKeys (ConfUtils.java:logGet(43)) - raft.server.watch.element-limit = 65536 (default)
2019-08-22 01:58:43,182 [f3d8d448-3596-4d55-8cde-6a41b384fc87:group-CCD042532999:LeaderElection64] INFO  impl.RoleInfo (RoleInfo.java:updateAndGet(143)) - f3d8d448-3596-4d55-8cde-6a41b384fc87: start LeaderState
2019-08-22 01:58:43,182 [f3d8d448-3596-4d55-8cde-6a41b384fc87:group-CCD042532999:LeaderElection64] INFO  segmented.SegmentedRaftLogWorker (SegmentedRaftLogWorker.java:startLogSegment(380)) - f3d8d448-3596-4d55-8cde-6a41b384fc87-SegmentedRaftLogWorker:Storage Directory /workdir/hadoop-ozone/integration-test/target/test-dir/MiniOzoneClusterImpl-73a943d6-9e54-420a-b8c2-6f1b1463b42a/datanode-5/data/ratis/38afb831-cf05-4b68-9597-ccd042532999: Starting segment from index:0
2019-08-22 01:58:43,183 [f3d8d448-3596-4d55-8cde-6a41b384fc87:group-CCD042532999:LeaderElection64] INFO  impl.RaftServerImpl (ServerState.java:setRaftConf(361)) - f3d8d448-3596-4d55-8cde-6a41b384fc87:group-CCD042532999 set configuration 0: [f3d8d448-3596-4d55-8cde-6a41b384fc87:192.168.34.54:35986], old=null at 0
2019-08-22 01:58:43,216 | INFO  | SCMAudit | user=jenkins1000 | ip=192.168.34.54 | op=SEND_HEARTBEAT {datanodeUUID=0bd46545-a21f-4e46-b789-16e7c65dbdf4, command=[]} | ret=SUCCESS |  
2019-08-22 01:58:43,218 [Thread-3719] INFO  impl.FollowerState (FollowerState.java:run(106)) - f3d8d448-3596-4d55-8cde-6a41b384fc87:group-35119918FFC0 changes to CANDIDATE, lastRpcTime:5092, electionTimeout:5092ms
2019-08-22 01:58:43,218 [Thread-3719] INFO  impl.RoleInfo (RoleInfo.java:shutdownFollowerState(121)) - f3d8d448-3596-4d55-8cde-6a41b384fc87: shutdown FollowerState
2019-08-22 01:58:43,219 [Thread-3719] INFO  impl.RaftServerImpl (RaftServerImpl.java:setRole(171)) - f3d8d448-3596-4d55-8cde-6a41b384fc87:group-35119918FFC0 changes role from FOLLOWER to CANDIDATE at term 0 for changeToCandidate
2019-08-22 01:58:43,219 [Thread-3719] INFO  impl.RoleInfo (RoleInfo.java:updateAndGet(143)) - f3d8d448-3596-4d55-8cde-6a41b384fc87: start LeaderElection
2019-08-22 01:58:43,226 [Thread-3722] INFO  impl.FollowerState (FollowerState.java:run(106)) - a150ecf0-9441-4c31-a29f-f6938f908a65:group-35119918FFC0 changes to CANDIDATE, lastRpcTime:5096, electionTimeout:5094ms
2019-08-22 01:58:43,226 [Thread-3722] INFO  impl.RoleInfo (RoleInfo.java:shutdownFollowerState(121)) - a150ecf0-9441-4c31-a29f-f6938f908a65: shutdown FollowerState
2019-08-22 01:58:43,226 [Thread-3722] INFO  impl.RaftServerImpl (RaftServerImpl.java:setRole(171)) - a150ecf0-9441-4c31-a29f-f6938f908a65:group-35119918FFC0 changes role from FOLLOWER to CANDIDATE at term 0 for changeToCandidate
2019-08-22 01:58:43,226 [Thread-3722] INFO  impl.RoleInfo (RoleInfo.java:updateAndGet(143)) - a150ecf0-9441-4c31-a29f-f6938f908a65: start LeaderElection
2019-08-22 01:58:43,227 | INFO  | SCMAudit | user=jenkins1000 | ip=192.168.34.54 | op=SEND_HEARTBEAT {datanodeUUID=cc0da2ba-fdfe-4e15-bb7f-949408fb434b, command=[]} | ret=SUCCESS |  
2019-08-22 01:58:43,241 [f3d8d448-3596-4d55-8cde-6a41b384fc87-SegmentedRaftLogWorker:Storage Directory /workdir/hadoop-ozone/integration-test/target/test-dir/MiniOzoneClusterImpl-73a943d6-9e54-420a-b8c2-6f1b1463b42a/datanode-5/data/ratis/38afb831-cf05-4b68-9597-ccd042532999] INFO  segmented.SegmentedRaftLogWorker (SegmentedRaftLogWorker.java:execute(569)) - f3d8d448-3596-4d55-8cde-6a41b384fc87-SegmentedRaftLogWorker:Storage Directory /workdir/hadoop-ozone/integration-test/target/test-dir/MiniOzoneClusterImpl-73a943d6-9e54-420a-b8c2-6f1b1463b42a/datanode-5/data/ratis/38afb831-cf05-4b68-9597-ccd042532999: created new log segment /workdir/hadoop-ozone/integration-test/target/test-dir/MiniOzoneClusterImpl-73a943d6-9e54-420a-b8c2-6f1b1463b42a/datanode-5/data/ratis/38afb831-cf05-4b68-9597-ccd042532999/current/log_inprogress_0
2019-08-22 01:58:43,241 [f3d8d448-3596-4d55-8cde-6a41b384fc87:group-35119918FFC0:LeaderElection65] INFO  impl.LeaderElection (LeaderElection.java:askForVotes(181)) - f3d8d448-3596-4d55-8cde-6a41b384fc87:group-35119918FFC0:LeaderElection65: begin an election at term 1 for -1: [a150ecf0-9441-4c31-a29f-f6938f908a65:192.168.34.54:34879, 730038c5-3d8b-441c-8787-c9cbc1ffc73d:192.168.34.54:39337, f3d8d448-3596-4d55-8cde-6a41b384fc87:192.168.34.54:35986], old=null
2019-08-22 01:58:43,251 [grpc-default-executor-4] INFO  impl.RaftServerImpl (RaftServerImpl.java:setRole(171)) - 730038c5-3d8b-441c-8787-c9cbc1ffc73d:group-35119918FFC0 changes role from FOLLOWER to FOLLOWER at term 1 for recognizeCandidate:f3d8d448-3596-4d55-8cde-6a41b384fc87
2019-08-22 01:58:43,251 [grpc-default-executor-4] INFO  impl.RoleInfo (RoleInfo.java:shutdownFollowerState(121)) - 730038c5-3d8b-441c-8787-c9cbc1ffc73d: shutdown FollowerState
2019-08-22 01:58:43,252 [grpc-default-executor-4] INFO  impl.RoleInfo (RoleInfo.java:updateAndGet(143)) - 730038c5-3d8b-441c-8787-c9cbc1ffc73d: start FollowerState
2019-08-22 01:58:43,252 [Thread-3725] INFO  impl.FollowerState (FollowerState.java:run(114)) - 730038c5-3d8b-441c-8787-c9cbc1ffc73d: FollowerState was interrupted: java.lang.InterruptedException: sleep interrupted
2019-08-22 01:58:43,255 [a150ecf0-9441-4c31-a29f-f6938f908a65:group-35119918FFC0:LeaderElection66] INFO  impl.LeaderElection (LeaderElection.java:askForVotes(181)) - a150ecf0-9441-4c31-a29f-f6938f908a65:group-35119918FFC0:LeaderElection66: begin an election at term 1 for -1: [a150ecf0-9441-4c31-a29f-f6938f908a65:192.168.34.54:34879, 730038c5-3d8b-441c-8787-c9cbc1ffc73d:192.168.34.54:39337, f3d8d448-3596-4d55-8cde-6a41b384fc87:192.168.34.54:35986], old=null
2019-08-22 01:58:43,263 [f3d8d448-3596-4d55-8cde-6a41b384fc87:group-35119918FFC0:LeaderElection65] INFO  impl.LeaderElection (LeaderElection.java:logAndReturn(56)) - f3d8d448-3596-4d55-8cde-6a41b384fc87:group-35119918FFC0:LeaderElection65: Election PASSED; received 2 response(s) [f3d8d448-3596-4d55-8cde-6a41b384fc87<-a150ecf0-9441-4c31-a29f-f6938f908a65#0:FAIL-t1, f3d8d448-3596-4d55-8cde-6a41b384fc87<-730038c5-3d8b-441c-8787-c9cbc1ffc73d#0:OK-t1] and 0 exception(s); f3d8d448-3596-4d55-8cde-6a41b384fc87:t1, leader=null, voted=f3d8d448-3596-4d55-8cde-6a41b384fc87, raftlog=f3d8d448-3596-4d55-8cde-6a41b384fc87-SegmentedRaftLog:OPENED:c-1,f-1,i0, conf=-1: [a150ecf0-9441-4c31-a29f-f6938f908a65:192.168.34.54:34879, 730038c5-3d8b-441c-8787-c9cbc1ffc73d:192.168.34.54:39337, f3d8d448-3596-4d55-8cde-6a41b384fc87:192.168.34.54:35986], old=null
2019-08-22 01:58:43,263 [f3d8d448-3596-4d55-8cde-6a41b384fc87:group-35119918FFC0:LeaderElection65] INFO  impl.RoleInfo (RoleInfo.java:shutdownLeaderElection(134)) - f3d8d448-3596-4d55-8cde-6a41b384fc87: shutdown LeaderElection
2019-08-22 01:58:43,265 [f3d8d448-3596-4d55-8cde-6a41b384fc87:group-35119918FFC0:LeaderElection65] INFO  impl.RaftServerImpl (RaftServerImpl.java:setRole(171)) - f3d8d448-3596-4d55-8cde-6a41b384fc87:group-35119918FFC0 changes role from CANDIDATE to LEADER at term 1 for changeToLeader
2019-08-22 01:58:43,265 [f3d8d448-3596-4d55-8cde-6a41b384fc87:group-35119918FFC0:LeaderElection65] INFO  impl.RaftServerImpl (ServerState.java:setLeader(263)) - f3d8d448-3596-4d55-8cde-6a41b384fc87:group-35119918FFC0 change Leader from null to f3d8d448-3596-4d55-8cde-6a41b384fc87 at term 1 for becomeLeader, leader elected after 5147ms
2019-08-22 01:58:43,265 [f3d8d448-3596-4d55-8cde-6a41b384fc87:group-35119918FFC0:LeaderElection65] INFO  server.RaftServerConfigKeys (ConfUtils.java:logGet(43)) - raft.server.staging.catchup.gap = 1000 (default)
2019-08-22 01:58:43,266 [f3d8d448-3596-4d55-8cde-6a41b384fc87:group-35119918FFC0:LeaderElection65] INFO  server.RaftServerConfigKeys (ConfUtils.java:logGet(43)) - raft.server.rpc.sleep.time = 25ms (default)
2019-08-22 01:58:43,266 [f3d8d448-3596-4d55-8cde-6a41b384fc87:group-35119918FFC0:LeaderElection65] INFO  server.RaftServerConfigKeys (ConfUtils.java:logGet(43)) - raft.server.write.element-limit = 4096 (default)
2019-08-22 01:58:43,266 [f3d8d448-3596-4d55-8cde-6a41b384fc87:group-35119918FFC0:LeaderElection65] INFO  server.RaftServerConfigKeys (ConfUtils.java:logGet(43)) - raft.server.watch.timeout = 10s (default)
2019-08-22 01:58:43,266 [f3d8d448-3596-4d55-8cde-6a41b384fc87:group-35119918FFC0:LeaderElection65] INFO  server.RaftServerConfigKeys (ConfUtils.java:logGet(43)) - raft.server.watch.timeout.denomination = 1s (default)
2019-08-22 01:58:43,266 [f3d8d448-3596-4d55-8cde-6a41b384fc87:group-35119918FFC0:LeaderElection65] INFO  server.RaftServerConfigKeys (ConfUtils.java:logGet(43)) - raft.server.watch.element-limit = 65536 (default)
2019-08-22 01:58:43,266 [f3d8d448-3596-4d55-8cde-6a41b384fc87:group-35119918FFC0:LeaderElection65] INFO  server.RaftServerConfigKeys (ConfUtils.java:logGet(43)) - raft.server.log.appender.snapshot.chunk.size.max = 16MB (=16777216) (default)
2019-08-22 01:58:43,267 [f3d8d448-3596-4d55-8cde-6a41b384fc87:group-35119918FFC0:LeaderElection65] INFO  server.RaftServerConfigKeys (ConfUtils.java:logGet(43)) - raft.server.log.appender.buffer.byte-limit = 33554432 (custom)
2019-08-22 01:58:43,267 [f3d8d448-3596-4d55-8cde-6a41b384fc87:group-35119918FFC0:LeaderElection65] INFO  server.RaftServerConfigKeys (ConfUtils.java:logGet(43)) - raft.server.log.appender.buffer.element-limit = 1 (custom)
2019-08-22 01:58:43,269 [f3d8d448-3596-4d55-8cde-6a41b384fc87:group-35119918FFC0:LeaderElection65] INFO  grpc.GrpcConfigKeys$Server (ConfUtils.java:logGet(43)) - raft.grpc.server.leader.outstanding.appends.max = 128 (default)
2019-08-22 01:58:43,271 [f3d8d448-3596-4d55-8cde-6a41b384fc87:group-35119918FFC0:LeaderElection65] INFO  server.RaftServerConfigKeys (ConfUtils.java:logGet(43)) - raft.server.rpc.request.timeout = 3000ms (default)
2019-08-22 01:58:43,272 [f3d8d448-3596-4d55-8cde-6a41b384fc87:group-35119918FFC0:LeaderElection65] INFO  server.RaftServerConfigKeys (ConfUtils.java:logGet(43)) - raft.server.log.appender.install.snapshot.enabled = false (custom)
2019-08-22 01:58:43,272 [f3d8d448-3596-4d55-8cde-6a41b384fc87:group-35119918FFC0:LeaderElection65] INFO  server.RaftServerConfigKeys (ConfUtils.java:logGet(43)) - raft.server.log.appender.snapshot.chunk.size.max = 16MB (=16777216) (default)
2019-08-22 01:58:43,272 [f3d8d448-3596-4d55-8cde-6a41b384fc87:group-35119918FFC0:LeaderElection65] INFO  server.RaftServerConfigKeys (ConfUtils.java:logGet(43)) - raft.server.log.appender.buffer.byte-limit = 33554432 (custom)
2019-08-22 01:58:43,272 [f3d8d448-3596-4d55-8cde-6a41b384fc87:group-35119918FFC0:LeaderElection65] INFO  server.RaftServerConfigKeys (ConfUtils.java:logGet(43)) - raft.server.log.appender.buffer.element-limit = 1 (custom)
2019-08-22 01:58:43,272 [f3d8d448-3596-4d55-8cde-6a41b384fc87:group-35119918FFC0:LeaderElection65] INFO  grpc.GrpcConfigKeys$Server (ConfUtils.java:logGet(43)) - raft.grpc.server.leader.outstanding.appends.max = 128 (default)
2019-08-22 01:58:43,273 [f3d8d448-3596-4d55-8cde-6a41b384fc87:group-35119918FFC0:LeaderElection65] INFO  server.RaftServerConfigKeys (ConfUtils.java:logGet(43)) - raft.server.rpc.request.timeout = 3000ms (default)
2019-08-22 01:58:43,273 [f3d8d448-3596-4d55-8cde-6a41b384fc87:group-35119918FFC0:LeaderElection65] INFO  server.RaftServerConfigKeys (ConfUtils.java:logGet(43)) - raft.server.log.appender.install.snapshot.enabled = false (custom)
2019-08-22 01:58:43,273 [f3d8d448-3596-4d55-8cde-6a41b384fc87:group-35119918FFC0:LeaderElection65] INFO  impl.RoleInfo (RoleInfo.java:updateAndGet(143)) - f3d8d448-3596-4d55-8cde-6a41b384fc87: start LeaderState
2019-08-22 01:58:43,273 [f3d8d448-3596-4d55-8cde-6a41b384fc87:group-35119918FFC0:LeaderElection65] INFO  segmented.SegmentedRaftLogWorker (SegmentedRaftLogWorker.java:startLogSegment(380)) - f3d8d448-3596-4d55-8cde-6a41b384fc87-SegmentedRaftLogWorker:Storage Directory /workdir/hadoop-ozone/integration-test/target/test-dir/MiniOzoneClusterImpl-73a943d6-9e54-420a-b8c2-6f1b1463b42a/datanode-5/data/ratis/609f79d0-b647-47da-95d4-35119918ffc0: Starting segment from index:0
2019-08-22 01:58:43,274 [f3d8d448-3596-4d55-8cde-6a41b384fc87:group-35119918FFC0:LeaderElection65] INFO  impl.RaftServerImpl (ServerState.java:setRaftConf(361)) - f3d8d448-3596-4d55-8cde-6a41b384fc87:group-35119918FFC0 set configuration 0: [a150ecf0-9441-4c31-a29f-f6938f908a65:192.168.34.54:34879, 730038c5-3d8b-441c-8787-c9cbc1ffc73d:192.168.34.54:39337, f3d8d448-3596-4d55-8cde-6a41b384fc87:192.168.34.54:35986], old=null at 0
2019-08-22 01:58:43,292 [grpc-default-executor-4] INFO  impl.RaftServerImpl (RaftServerImpl.java:requestVote(754)) - f3d8d448-3596-4d55-8cde-6a41b384fc87-LEADER: Withhold vote from candidate a150ecf0-9441-4c31-a29f-f6938f908a65 with term 1. State: leader=f3d8d448-3596-4d55-8cde-6a41b384fc87, term=1, lastRpcElapsed=null
2019-08-22 01:58:43,297 [grpc-default-executor-4] INFO  impl.RaftServerImpl (ServerState.java:setLeader(263)) - 730038c5-3d8b-441c-8787-c9cbc1ffc73d:group-35119918FFC0 change Leader from null to f3d8d448-3596-4d55-8cde-6a41b384fc87 at term 1 for appendEntries, leader elected after 5179ms
2019-08-22 01:58:43,297 [a150ecf0-9441-4c31-a29f-f6938f908a65:group-35119918FFC0:LeaderElection66] INFO  impl.LeaderElection (LeaderElection.java:logAndReturn(56)) - a150ecf0-9441-4c31-a29f-f6938f908a65:group-35119918FFC0:LeaderElection66: Election REJECTED; received 2 response(s) [a150ecf0-9441-4c31-a29f-f6938f908a65<-730038c5-3d8b-441c-8787-c9cbc1ffc73d#0:FAIL-t1, a150ecf0-9441-4c31-a29f-f6938f908a65<-f3d8d448-3596-4d55-8cde-6a41b384fc87#0:FAIL-t1] and 0 exception(s); a150ecf0-9441-4c31-a29f-f6938f908a65:t1, leader=null, voted=a150ecf0-9441-4c31-a29f-f6938f908a65, raftlog=a150ecf0-9441-4c31-a29f-f6938f908a65-SegmentedRaftLog:OPENED:c-1,f-1,i0, conf=-1: [a150ecf0-9441-4c31-a29f-f6938f908a65:192.168.34.54:34879, 730038c5-3d8b-441c-8787-c9cbc1ffc73d:192.168.34.54:39337, f3d8d448-3596-4d55-8cde-6a41b384fc87:192.168.34.54:35986], old=null
2019-08-22 01:58:43,297 [grpc-default-executor-5] INFO  impl.RaftServerImpl (RaftServerImpl.java:setRole(171)) - a150ecf0-9441-4c31-a29f-f6938f908a65:group-35119918FFC0 changes role from CANDIDATE to FOLLOWER at term 1 for appendEntries
2019-08-22 01:58:43,300 [grpc-default-executor-5] INFO  impl.RoleInfo (RoleInfo.java:shutdownLeaderElection(134)) - a150ecf0-9441-4c31-a29f-f6938f908a65: shutdown LeaderElection
2019-08-22 01:58:43,300 [grpc-default-executor-5] INFO  impl.RoleInfo (RoleInfo.java:updateAndGet(143)) - a150ecf0-9441-4c31-a29f-f6938f908a65: start FollowerState
2019-08-22 01:58:43,301 [grpc-default-executor-5] INFO  impl.RaftServerImpl (ServerState.java:setLeader(263)) - a150ecf0-9441-4c31-a29f-f6938f908a65:group-35119918FFC0 change Leader from null to f3d8d448-3596-4d55-8cde-6a41b384fc87 at term 1 for appendEntries, leader elected after 5182ms
2019-08-22 01:58:43,304 [grpc-default-executor-5] INFO  impl.RaftServerImpl (ServerState.java:setRaftConf(361)) - 730038c5-3d8b-441c-8787-c9cbc1ffc73d:group-35119918FFC0 set configuration 0: [a150ecf0-9441-4c31-a29f-f6938f908a65:192.168.34.54:34879, 730038c5-3d8b-441c-8787-c9cbc1ffc73d:192.168.34.54:39337, f3d8d448-3596-4d55-8cde-6a41b384fc87:192.168.34.54:35986], old=null at 0
2019-08-22 01:58:43,304 [grpc-default-executor-5] INFO  segmented.SegmentedRaftLogWorker (SegmentedRaftLogWorker.java:startLogSegment(380)) - 730038c5-3d8b-441c-8787-c9cbc1ffc73d-SegmentedRaftLogWorker:Storage Directory /workdir/hadoop-ozone/integration-test/target/test-dir/MiniOzoneClusterImpl-73a943d6-9e54-420a-b8c2-6f1b1463b42a/datanode-3/data/ratis/609f79d0-b647-47da-95d4-35119918ffc0: Starting segment from index:0
2019-08-22 01:58:43,305 [grpc-default-executor-5] INFO  impl.RaftServerImpl (ServerState.java:setRaftConf(361)) - a150ecf0-9441-4c31-a29f-f6938f908a65:group-35119918FFC0 set configuration 0: [a150ecf0-9441-4c31-a29f-f6938f908a65:192.168.34.54:34879, 730038c5-3d8b-441c-8787-c9cbc1ffc73d:192.168.34.54:39337, f3d8d448-3596-4d55-8cde-6a41b384fc87:192.168.34.54:35986], old=null at 0
2019-08-22 01:58:43,305 [grpc-default-executor-5] INFO  segmented.SegmentedRaftLogWorker (SegmentedRaftLogWorker.java:startLogSegment(380)) - a150ecf0-9441-4c31-a29f-f6938f908a65-SegmentedRaftLogWorker:Storage Directory /workdir/hadoop-ozone/integration-test/target/test-dir/MiniOzoneClusterImpl-73a943d6-9e54-420a-b8c2-6f1b1463b42a/datanode-4/data/ratis/609f79d0-b647-47da-95d4-35119918ffc0: Starting segment from index:0
2019-08-22 01:58:43,316 [f3d8d448-3596-4d55-8cde-6a41b384fc87-SegmentedRaftLogWorker:Storage Directory /workdir/hadoop-ozone/integration-test/target/test-dir/MiniOzoneClusterImpl-73a943d6-9e54-420a-b8c2-6f1b1463b42a/datanode-5/data/ratis/609f79d0-b647-47da-95d4-35119918ffc0] INFO  segmented.SegmentedRaftLogWorker (SegmentedRaftLogWorker.java:execute(569)) - f3d8d448-3596-4d55-8cde-6a41b384fc87-SegmentedRaftLogWorker:Storage Directory /workdir/hadoop-ozone/integration-test/target/test-dir/MiniOzoneClusterImpl-73a943d6-9e54-420a-b8c2-6f1b1463b42a/datanode-5/data/ratis/609f79d0-b647-47da-95d4-35119918ffc0: created new log segment /workdir/hadoop-ozone/integration-test/target/test-dir/MiniOzoneClusterImpl-73a943d6-9e54-420a-b8c2-6f1b1463b42a/datanode-5/data/ratis/609f79d0-b647-47da-95d4-35119918ffc0/current/log_inprogress_0
2019-08-22 01:58:43,329 [a150ecf0-9441-4c31-a29f-f6938f908a65-SegmentedRaftLogWorker:Storage Directory /workdir/hadoop-ozone/integration-test/target/test-dir/MiniOzoneClusterImpl-73a943d6-9e54-420a-b8c2-6f1b1463b42a/datanode-4/data/ratis/609f79d0-b647-47da-95d4-35119918ffc0] INFO  segmented.SegmentedRaftLogWorker (SegmentedRaftLogWorker.java:execute(569)) - a150ecf0-9441-4c31-a29f-f6938f908a65-SegmentedRaftLogWorker:Storage Directory /workdir/hadoop-ozone/integration-test/target/test-dir/MiniOzoneClusterImpl-73a943d6-9e54-420a-b8c2-6f1b1463b42a/datanode-4/data/ratis/609f79d0-b647-47da-95d4-35119918ffc0: created new log segment /workdir/hadoop-ozone/integration-test/target/test-dir/MiniOzoneClusterImpl-73a943d6-9e54-420a-b8c2-6f1b1463b42a/datanode-4/data/ratis/609f79d0-b647-47da-95d4-35119918ffc0/current/log_inprogress_0
2019-08-22 01:58:43,337 [Thread-3730] INFO  impl.FollowerState (FollowerState.java:run(106)) - 0bd46545-a21f-4e46-b789-16e7c65dbdf4:group-D1D09B3FA231 changes to CANDIDATE, lastRpcTime:5058, electionTimeout:5058ms
2019-08-22 01:58:43,337 [Thread-3730] INFO  impl.RoleInfo (RoleInfo.java:shutdownFollowerState(121)) - 0bd46545-a21f-4e46-b789-16e7c65dbdf4: shutdown FollowerState
2019-08-22 01:58:43,337 [Thread-3730] INFO  impl.RaftServerImpl (RaftServerImpl.java:setRole(171)) - 0bd46545-a21f-4e46-b789-16e7c65dbdf4:group-D1D09B3FA231 changes role from FOLLOWER to CANDIDATE at term 0 for changeToCandidate
2019-08-22 01:58:43,337 [Thread-3730] INFO  impl.RoleInfo (RoleInfo.java:updateAndGet(143)) - 0bd46545-a21f-4e46-b789-16e7c65dbdf4: start LeaderElection
2019-08-22 01:58:43,359 [730038c5-3d8b-441c-8787-c9cbc1ffc73d-SegmentedRaftLogWorker:Storage Directory /workdir/hadoop-ozone/integration-test/target/test-dir/MiniOzoneClusterImpl-73a943d6-9e54-420a-b8c2-6f1b1463b42a/datanode-3/data/ratis/609f79d0-b647-47da-95d4-35119918ffc0] INFO  segmented.SegmentedRaftLogWorker (SegmentedRaftLogWorker.java:execute(569)) - 730038c5-3d8b-441c-8787-c9cbc1ffc73d-SegmentedRaftLogWorker:Storage Directory /workdir/hadoop-ozone/integration-test/target/test-dir/MiniOzoneClusterImpl-73a943d6-9e54-420a-b8c2-6f1b1463b42a/datanode-3/data/ratis/609f79d0-b647-47da-95d4-35119918ffc0: created new log segment /workdir/hadoop-ozone/integration-test/target/test-dir/MiniOzoneClusterImpl-73a943d6-9e54-420a-b8c2-6f1b1463b42a/datanode-3/data/ratis/609f79d0-b647-47da-95d4-35119918ffc0/current/log_inprogress_0
2019-08-22 01:58:43,359 [0bd46545-a21f-4e46-b789-16e7c65dbdf4:group-D1D09B3FA231:LeaderElection67] INFO  impl.LeaderElection (LeaderElection.java:askForVotes(181)) - 0bd46545-a21f-4e46-b789-16e7c65dbdf4:group-D1D09B3FA231:LeaderElection67: begin an election at term 1 for -1: [0bd46545-a21f-4e46-b789-16e7c65dbdf4:192.168.34.54:40330], old=null
2019-08-22 01:58:43,359 [0bd46545-a21f-4e46-b789-16e7c65dbdf4:group-D1D09B3FA231:LeaderElection67] INFO  impl.RoleInfo (RoleInfo.java:shutdownLeaderElection(134)) - 0bd46545-a21f-4e46-b789-16e7c65dbdf4: shutdown LeaderElection
2019-08-22 01:58:43,359 [0bd46545-a21f-4e46-b789-16e7c65dbdf4:group-D1D09B3FA231:LeaderElection67] INFO  impl.RaftServerImpl (RaftServerImpl.java:setRole(171)) - 0bd46545-a21f-4e46-b789-16e7c65dbdf4:group-D1D09B3FA231 changes role from CANDIDATE to LEADER at term 1 for changeToLeader
2019-08-22 01:58:43,359 [0bd46545-a21f-4e46-b789-16e7c65dbdf4:group-D1D09B3FA231:LeaderElection67] INFO  impl.RaftServerImpl (ServerState.java:setLeader(263)) - 0bd46545-a21f-4e46-b789-16e7c65dbdf4:group-D1D09B3FA231 change Leader from null to 0bd46545-a21f-4e46-b789-16e7c65dbdf4 at term 1 for becomeLeader, leader elected after 5084ms
2019-08-22 01:58:43,359 [0bd46545-a21f-4e46-b789-16e7c65dbdf4:group-D1D09B3FA231:LeaderElection67] INFO  server.RaftServerConfigKeys (ConfUtils.java:logGet(43)) - raft.server.staging.catchup.gap = 1000 (default)
2019-08-22 01:58:43,359 [0bd46545-a21f-4e46-b789-16e7c65dbdf4:group-D1D09B3FA231:LeaderElection67] INFO  server.RaftServerConfigKeys (ConfUtils.java:logGet(43)) - raft.server.rpc.sleep.time = 25ms (default)
2019-08-22 01:58:43,360 [0bd46545-a21f-4e46-b789-16e7c65dbdf4:group-D1D09B3FA231:LeaderElection67] INFO  server.RaftServerConfigKeys (ConfUtils.java:logGet(43)) - raft.server.write.element-limit = 4096 (default)
2019-08-22 01:58:43,360 [0bd46545-a21f-4e46-b789-16e7c65dbdf4:group-D1D09B3FA231:LeaderElection67] INFO  server.RaftServerConfigKeys (ConfUtils.java:logGet(43)) - raft.server.watch.timeout = 10s (default)
2019-08-22 01:58:43,360 [0bd46545-a21f-4e46-b789-16e7c65dbdf4:group-D1D09B3FA231:LeaderElection67] INFO  server.RaftServerConfigKeys (ConfUtils.java:logGet(43)) - raft.server.watch.timeout.denomination = 1s (default)
2019-08-22 01:58:43,360 [0bd46545-a21f-4e46-b789-16e7c65dbdf4:group-D1D09B3FA231:LeaderElection67] INFO  server.RaftServerConfigKeys (ConfUtils.java:logGet(43)) - raft.server.watch.element-limit = 65536 (default)
2019-08-22 01:58:43,360 [0bd46545-a21f-4e46-b789-16e7c65dbdf4:group-D1D09B3FA231:LeaderElection67] INFO  impl.RoleInfo (RoleInfo.java:updateAndGet(143)) - 0bd46545-a21f-4e46-b789-16e7c65dbdf4: start LeaderState
2019-08-22 01:58:43,360 [0bd46545-a21f-4e46-b789-16e7c65dbdf4:group-D1D09B3FA231:LeaderElection67] INFO  segmented.SegmentedRaftLogWorker (SegmentedRaftLogWorker.java:startLogSegment(380)) - 0bd46545-a21f-4e46-b789-16e7c65dbdf4-SegmentedRaftLogWorker:Storage Directory /workdir/hadoop-ozone/integration-test/target/test-dir/MiniOzoneClusterImpl-73a943d6-9e54-420a-b8c2-6f1b1463b42a/datanode-6/data/ratis/dfbc527c-afa8-4fc2-825a-d1d09b3fa231: Starting segment from index:0
2019-08-22 01:58:43,361 [0bd46545-a21f-4e46-b789-16e7c65dbdf4:group-D1D09B3FA231:LeaderElection67] INFO  impl.RaftServerImpl (ServerState.java:setRaftConf(361)) - 0bd46545-a21f-4e46-b789-16e7c65dbdf4:group-D1D09B3FA231 set configuration 0: [0bd46545-a21f-4e46-b789-16e7c65dbdf4:192.168.34.54:40330], old=null at 0
2019-08-22 01:58:43,393 [0bd46545-a21f-4e46-b789-16e7c65dbdf4-SegmentedRaftLogWorker:Storage Directory /workdir/hadoop-ozone/integration-test/target/test-dir/MiniOzoneClusterImpl-73a943d6-9e54-420a-b8c2-6f1b1463b42a/datanode-6/data/ratis/dfbc527c-afa8-4fc2-825a-d1d09b3fa231] INFO  segmented.SegmentedRaftLogWorker (SegmentedRaftLogWorker.java:execute(569)) - 0bd46545-a21f-4e46-b789-16e7c65dbdf4-SegmentedRaftLogWorker:Storage Directory /workdir/hadoop-ozone/integration-test/target/test-dir/MiniOzoneClusterImpl-73a943d6-9e54-420a-b8c2-6f1b1463b42a/datanode-6/data/ratis/dfbc527c-afa8-4fc2-825a-d1d09b3fa231: created new log segment /workdir/hadoop-ozone/integration-test/target/test-dir/MiniOzoneClusterImpl-73a943d6-9e54-420a-b8c2-6f1b1463b42a/datanode-6/data/ratis/dfbc527c-afa8-4fc2-825a-d1d09b3fa231/current/log_inprogress_0
2019-08-22 01:58:43,400 [grpc-default-executor-5] INFO  client.GrpcClientProtocolClient (GrpcClientProtocolClient.java:onNext(255)) - client-A22AA3B0CD98->bb7541e0-7fde-4f15-9948-e374d6325018: receive RaftClientReply:client-A22AA3B0CD98->bb7541e0-7fde-4f15-9948-e374d6325018@group-CA7304BD04EF, cid=200, FAILED org.apache.ratis.protocol.NotLeaderException: Server bb7541e0-7fde-4f15-9948-e374d6325018 is not the leader (d2d7804f-07c4-4123-9865-3bb05000fdf0:192.168.34.54:34770). Request must be sent to leader., logIndex=0, commits[bb7541e0-7fde-4f15-9948-e374d6325018:c-1, cc0da2ba-fdfe-4e15-bb7f-949408fb434b:c-1, d2d7804f-07c4-4123-9865-3bb05000fdf0:c-1]
2019-08-22 01:58:43,427 | INFO  | SCMAudit | user=jenkins1000 | ip=192.168.34.54 | op=SEND_HEARTBEAT {datanodeUUID=730038c5-3d8b-441c-8787-c9cbc1ffc73d, command=[]} | ret=SUCCESS |  
2019-08-22 01:58:43,541 | INFO  | DNAudit | user=null | ip=null | op=WRITE_CHUNK {blockData=conID: 1 locID: 102658154056056849 bcsId: 0} | ret=SUCCESS |  
2019-08-22 01:58:43,541 | INFO  | DNAudit | user=null | ip=null | op=WRITE_CHUNK {blockData=conID: 1 locID: 102658154056056849 bcsId: 0} | ret=SUCCESS |  
2019-08-22 01:58:43,541 | INFO  | DNAudit | user=null | ip=null | op=WRITE_CHUNK {blockData=conID: 1 locID: 102658154056056849 bcsId: 0} | ret=SUCCESS |  
2019-08-22 01:58:43,542 | INFO  | SCMAudit | user=jenkins1000 | ip=192.168.34.54 | op=SEND_HEARTBEAT {datanodeUUID=cc0da2ba-fdfe-4e15-bb7f-949408fb434b, command=[]} | ret=SUCCESS |  
2019-08-22 01:58:43,542 | INFO  | SCMAudit | user=jenkins1000 | ip=192.168.34.54 | op=SEND_HEARTBEAT {datanodeUUID=bb7541e0-7fde-4f15-9948-e374d6325018, command=[]} | ret=SUCCESS |  
2019-08-22 01:58:43,542 | INFO  | SCMAudit | user=jenkins1000 | ip=192.168.34.54 | op=SEND_HEARTBEAT {datanodeUUID=d2d7804f-07c4-4123-9865-3bb05000fdf0, command=[]} | ret=SUCCESS |  
2019-08-22 01:58:43,555 | INFO  | DNAudit | user=null | ip=null | op=WRITE_CHUNK {blockData=conID: 1 locID: 102658154056056849 bcsId: 0} | ret=SUCCESS |  
2019-08-22 01:58:43,561 [grpc-default-executor-5] INFO  client.GrpcClientProtocolClient (GrpcClientProtocolClient.java:onNext(255)) - client-A22AA3B0CD98->d2d7804f-07c4-4123-9865-3bb05000fdf0: receive RaftClientReply:client-A22AA3B0CD98->d2d7804f-07c4-4123-9865-3bb05000fdf0@group-CA7304BD04EF, cid=200, SUCCESS, logIndex=1, commits[d2d7804f-07c4-4123-9865-3bb05000fdf0:c1, cc0da2ba-fdfe-4e15-bb7f-949408fb434b:c0, bb7541e0-7fde-4f15-9948-e374d6325018:c0]
2019-08-22 01:58:43,567 | INFO  | DNAudit | user=null | ip=null | op=WRITE_CHUNK {blockData=conID: 1 locID: 102658154056056849 bcsId: 0} | ret=SUCCESS |  
2019-08-22 01:58:43,569 | INFO  | DNAudit | user=null | ip=null | op=WRITE_CHUNK {blockData=conID: 1 locID: 102658154056056849 bcsId: 0} | ret=SUCCESS |  
2019-08-22 01:58:43,569 | INFO  | DNAudit | user=null | ip=null | op=WRITE_CHUNK {blockData=conID: 1 locID: 102658154056056849 bcsId: 0} | ret=SUCCESS |  
2019-08-22 01:58:43,569 | INFO  | DNAudit | user=null | ip=null | op=WRITE_CHUNK {blockData=conID: 1 locID: 102658154056056849 bcsId: 0} | ret=SUCCESS |  
2019-08-22 01:58:43,570 | INFO  | DNAudit | user=null | ip=null | op=WRITE_CHUNK {blockData=conID: 1 locID: 102658154056056849 bcsId: 0} | ret=SUCCESS |  
2019-08-22 01:58:43,582 | INFO  | DNAudit | user=null | ip=null | op=WRITE_CHUNK {blockData=conID: 1 locID: 102658154056056849 bcsId: 0} | ret=SUCCESS |  
2019-08-22 01:58:43,586 [grpc-default-executor-5] INFO  client.GrpcClientProtocolClient (GrpcClientProtocolClient.java:onNext(255)) - client-A22AA3B0CD98->d2d7804f-07c4-4123-9865-3bb05000fdf0: receive RaftClientReply:client-A22AA3B0CD98->d2d7804f-07c4-4123-9865-3bb05000fdf0@group-CA7304BD04EF, cid=201, SUCCESS, logIndex=3, commits[d2d7804f-07c4-4123-9865-3bb05000fdf0:c3, cc0da2ba-fdfe-4e15-bb7f-949408fb434b:c1, bb7541e0-7fde-4f15-9948-e374d6325018:c1]
2019-08-22 01:58:43,596 | INFO  | DNAudit | user=null | ip=null | op=WRITE_CHUNK {blockData=conID: 1 locID: 102658154056056849 bcsId: 0} | ret=SUCCESS |  
2019-08-22 01:58:43,596 | INFO  | DNAudit | user=null | ip=null | op=WRITE_CHUNK {blockData=conID: 1 locID: 102658154056056849 bcsId: 0} | ret=SUCCESS |  
2019-08-22 01:58:43,611 | INFO  | SCMAudit | user=jenkins1000 | ip=192.168.34.54 | op=SEND_HEARTBEAT {datanodeUUID=a150ecf0-9441-4c31-a29f-f6938f908a65, command=[]} | ret=SUCCESS |  
2019-08-22 01:58:43,648 | INFO  | DNAudit | user=null | ip=null | op=PUT_BLOCK {blockData=[blockId=conID: 1 locID: 102658154056056849 bcsId: 0,size=167]} | ret=SUCCESS |  
2019-08-22 01:58:43,650 [grpc-default-executor-4] INFO  client.GrpcClientProtocolClient (GrpcClientProtocolClient.java:onNext(255)) - client-A22AA3B0CD98->d2d7804f-07c4-4123-9865-3bb05000fdf0: receive RaftClientReply:client-A22AA3B0CD98->d2d7804f-07c4-4123-9865-3bb05000fdf0@group-CA7304BD04EF, cid=202, SUCCESS, logIndex=4, commits[d2d7804f-07c4-4123-9865-3bb05000fdf0:c6, cc0da2ba-fdfe-4e15-bb7f-949408fb434b:c3, bb7541e0-7fde-4f15-9948-e374d6325018:c3]
2019-08-22 01:58:44,011 | INFO  | SCMAudit | user=jenkins1000 | ip=192.168.34.54 | op=SEND_HEARTBEAT {datanodeUUID=f3d8d448-3596-4d55-8cde-6a41b384fc87, command=[]} | ret=SUCCESS |  
2019-08-22 01:58:44,217 | INFO  | SCMAudit | user=jenkins1000 | ip=192.168.34.54 | op=SEND_HEARTBEAT {datanodeUUID=0bd46545-a21f-4e46-b789-16e7c65dbdf4, command=[]} | ret=SUCCESS |  
2019-08-22 01:58:44,427 | INFO  | SCMAudit | user=jenkins1000 | ip=192.168.34.54 | op=SEND_HEARTBEAT {datanodeUUID=730038c5-3d8b-441c-8787-c9cbc1ffc73d, command=[]} | ret=SUCCESS |  
2019-08-22 01:58:44,541 | INFO  | SCMAudit | user=jenkins1000 | ip=192.168.34.54 | op=SEND_HEARTBEAT {datanodeUUID=cc0da2ba-fdfe-4e15-bb7f-949408fb434b, command=[]} | ret=SUCCESS |  
2019-08-22 01:58:44,541 | INFO  | SCMAudit | user=jenkins1000 | ip=192.168.34.54 | op=SEND_HEARTBEAT {datanodeUUID=bb7541e0-7fde-4f15-9948-e374d6325018, command=[]} | ret=SUCCESS |  
2019-08-22 01:58:44,541 | INFO  | SCMAudit | user=jenkins1000 | ip=192.168.34.54 | op=SEND_HEARTBEAT {datanodeUUID=d2d7804f-07c4-4123-9865-3bb05000fdf0, command=[]} | ret=SUCCESS |  
2019-08-22 01:58:44,611 | INFO  | SCMAudit | user=jenkins1000 | ip=192.168.34.54 | op=SEND_HEARTBEAT {datanodeUUID=a150ecf0-9441-4c31-a29f-f6938f908a65, command=[]} | ret=SUCCESS |  
2019-08-22 01:58:44,651 [main] WARN  scm.XceiverClientRatis (XceiverClientRatis.java:watchForCommit(262)) - 3 way commit failed on pipeline Pipeline[ Id: d8a1a47f-f976-411d-aa60-ca7304bd04ef, Nodes: cc0da2ba-fdfe-4e15-bb7f-949408fb434b{ip: 192.168.34.54, host: pr-hdds-1998-jt8wz-3050591487, networkLocation: /default-rack, certSerialId: null}bb7541e0-7fde-4f15-9948-e374d6325018{ip: 192.168.34.54, host: pr-hdds-1998-jt8wz-3050591487, networkLocation: /default-rack, certSerialId: null}d2d7804f-07c4-4123-9865-3bb05000fdf0{ip: 192.168.34.54, host: pr-hdds-1998-jt8wz-3050591487, networkLocation: /default-rack, certSerialId: null}, Type:RATIS, Factor:THREE, State:OPEN]
java.util.concurrent.TimeoutException
	at java.util.concurrent.CompletableFuture.timedGet(CompletableFuture.java:1771)
	at java.util.concurrent.CompletableFuture.get(CompletableFuture.java:1915)
	at org.apache.hadoop.hdds.scm.XceiverClientRatis.watchForCommit(XceiverClientRatis.java:259)
	at org.apache.hadoop.hdds.scm.storage.CommitWatcher.watchForCommit(CommitWatcher.java:194)
	at org.apache.hadoop.hdds.scm.storage.CommitWatcher.watchOnLastIndex(CommitWatcher.java:157)
	at org.apache.hadoop.hdds.scm.storage.BlockOutputStream.watchForCommit(BlockOutputStream.java:347)
	at org.apache.hadoop.hdds.scm.storage.BlockOutputStream.handleFlush(BlockOutputStream.java:479)
	at org.apache.hadoop.hdds.scm.storage.BlockOutputStream.flush(BlockOutputStream.java:428)
	at org.apache.hadoop.ozone.client.io.BlockOutputStreamEntry.flush(BlockOutputStreamEntry.java:136)
	at org.apache.hadoop.ozone.client.io.KeyOutputStream.handleFlushOrClose(KeyOutputStream.java:442)
	at org.apache.hadoop.ozone.client.io.KeyOutputStream.flush(KeyOutputStream.java:396)
	at org.apache.hadoop.ozone.client.io.OzoneOutputStream.flush(OzoneOutputStream.java:54)
	at org.apache.hadoop.ozone.client.rpc.TestBlockOutputStreamWithFailures.testFailureWithPrimeSizedData(TestBlockOutputStreamWithFailures.java:599)
	at sun.reflect.NativeMethodAccessorImpl.invoke0(Native Method)
	at sun.reflect.NativeMethodAccessorImpl.invoke(NativeMethodAccessorImpl.java:62)
	at sun.reflect.DelegatingMethodAccessorImpl.invoke(DelegatingMethodAccessorImpl.java:43)
	at java.lang.reflect.Method.invoke(Method.java:498)
	at org.junit.runners.model.FrameworkMethod$1.runReflectiveCall(FrameworkMethod.java:47)
	at org.junit.internal.runners.model.ReflectiveCallable.run(ReflectiveCallable.java:12)
	at org.junit.runners.model.FrameworkMethod.invokeExplosively(FrameworkMethod.java:44)
	at org.junit.internal.runners.statements.InvokeMethod.evaluate(InvokeMethod.java:17)
	at org.junit.internal.runners.statements.RunBefores.evaluate(RunBefores.java:26)
	at org.junit.internal.runners.statements.RunAfters.evaluate(RunAfters.java:27)
	at org.junit.runners.ParentRunner.runLeaf(ParentRunner.java:271)
	at org.junit.runners.BlockJUnit4ClassRunner.runChild(BlockJUnit4ClassRunner.java:70)
	at org.junit.runners.BlockJUnit4ClassRunner.runChild(BlockJUnit4ClassRunner.java:50)
	at org.junit.runners.ParentRunner$3.run(ParentRunner.java:238)
	at org.junit.runners.ParentRunner$1.schedule(ParentRunner.java:63)
	at org.junit.runners.ParentRunner.runChildren(ParentRunner.java:236)
	at org.junit.runners.ParentRunner.access$000(ParentRunner.java:53)
	at org.junit.runners.ParentRunner$2.evaluate(ParentRunner.java:229)
	at org.junit.runners.ParentRunner.run(ParentRunner.java:309)
	at org.apache.maven.surefire.junit4.JUnit4Provider.execute(JUnit4Provider.java:365)
	at org.apache.maven.surefire.junit4.JUnit4Provider.executeWithRerun(JUnit4Provider.java:273)
	at org.apache.maven.surefire.junit4.JUnit4Provider.executeTestSet(JUnit4Provider.java:238)
	at org.apache.maven.surefire.junit4.JUnit4Provider.invoke(JUnit4Provider.java:159)
	at org.apache.maven.surefire.booter.ForkedBooter.invokeProviderInSameClassLoader(ForkedBooter.java:384)
	at org.apache.maven.surefire.booter.ForkedBooter.runSuitesInProcess(ForkedBooter.java:345)
	at org.apache.maven.surefire.booter.ForkedBooter.execute(ForkedBooter.java:126)
	at org.apache.maven.surefire.booter.ForkedBooter.main(ForkedBooter.java:418)
2019-08-22 01:58:45,011 | INFO  | SCMAudit | user=jenkins1000 | ip=192.168.34.54 | op=SEND_HEARTBEAT {datanodeUUID=f3d8d448-3596-4d55-8cde-6a41b384fc87, command=[]} | ret=SUCCESS |  
2019-08-22 01:58:45,217 | INFO  | SCMAudit | user=jenkins1000 | ip=192.168.34.54 | op=SEND_HEARTBEAT {datanodeUUID=0bd46545-a21f-4e46-b789-16e7c65dbdf4, command=[]} | ret=SUCCESS |  
2019-08-22 01:58:45,428 | INFO  | SCMAudit | user=jenkins1000 | ip=192.168.34.54 | op=SEND_HEARTBEAT {datanodeUUID=730038c5-3d8b-441c-8787-c9cbc1ffc73d, command=[]} | ret=SUCCESS |  
2019-08-22 01:58:45,542 | INFO  | SCMAudit | user=jenkins1000 | ip=192.168.34.54 | op=SEND_HEARTBEAT {datanodeUUID=cc0da2ba-fdfe-4e15-bb7f-949408fb434b, command=[]} | ret=SUCCESS |  
2019-08-22 01:58:45,542 | INFO  | SCMAudit | user=jenkins1000 | ip=192.168.34.54 | op=SEND_HEARTBEAT {datanodeUUID=d2d7804f-07c4-4123-9865-3bb05000fdf0, command=[]} | ret=SUCCESS |  
2019-08-22 01:58:45,542 | INFO  | SCMAudit | user=jenkins1000 | ip=192.168.34.54 | op=SEND_HEARTBEAT {datanodeUUID=bb7541e0-7fde-4f15-9948-e374d6325018, command=[]} | ret=SUCCESS |  
2019-08-22 01:58:45,611 | INFO  | SCMAudit | user=jenkins1000 | ip=192.168.34.54 | op=SEND_HEARTBEAT {datanodeUUID=a150ecf0-9441-4c31-a29f-f6938f908a65, command=[]} | ret=SUCCESS |  
2019-08-22 01:58:45,655 [main] WARN  storage.CommitWatcher (CommitWatcher.java:watchForCommit(203)) - watchForCommit failed for index 4
java.util.concurrent.TimeoutException
	at java.util.concurrent.CompletableFuture.timedGet(CompletableFuture.java:1771)
	at java.util.concurrent.CompletableFuture.get(CompletableFuture.java:1915)
	at org.apache.hadoop.hdds.scm.XceiverClientRatis.watchForCommit(XceiverClientRatis.java:268)
	at org.apache.hadoop.hdds.scm.storage.CommitWatcher.watchForCommit(CommitWatcher.java:194)
	at org.apache.hadoop.hdds.scm.storage.CommitWatcher.watchOnLastIndex(CommitWatcher.java:157)
	at org.apache.hadoop.hdds.scm.storage.BlockOutputStream.watchForCommit(BlockOutputStream.java:347)
	at org.apache.hadoop.hdds.scm.storage.BlockOutputStream.handleFlush(BlockOutputStream.java:479)
	at org.apache.hadoop.hdds.scm.storage.BlockOutputStream.flush(BlockOutputStream.java:428)
	at org.apache.hadoop.ozone.client.io.BlockOutputStreamEntry.flush(BlockOutputStreamEntry.java:136)
	at org.apache.hadoop.ozone.client.io.KeyOutputStream.handleFlushOrClose(KeyOutputStream.java:442)
	at org.apache.hadoop.ozone.client.io.KeyOutputStream.flush(KeyOutputStream.java:396)
	at org.apache.hadoop.ozone.client.io.OzoneOutputStream.flush(OzoneOutputStream.java:54)
	at org.apache.hadoop.ozone.client.rpc.TestBlockOutputStreamWithFailures.testFailureWithPrimeSizedData(TestBlockOutputStreamWithFailures.java:599)
	at sun.reflect.NativeMethodAccessorImpl.invoke0(Native Method)
	at sun.reflect.NativeMethodAccessorImpl.invoke(NativeMethodAccessorImpl.java:62)
	at sun.reflect.DelegatingMethodAccessorImpl.invoke(DelegatingMethodAccessorImpl.java:43)
	at java.lang.reflect.Method.invoke(Method.java:498)
	at org.junit.runners.model.FrameworkMethod$1.runReflectiveCall(FrameworkMethod.java:47)
	at org.junit.internal.runners.model.ReflectiveCallable.run(ReflectiveCallable.java:12)
	at org.junit.runners.model.FrameworkMethod.invokeExplosively(FrameworkMethod.java:44)
	at org.junit.internal.runners.statements.InvokeMethod.evaluate(InvokeMethod.java:17)
	at org.junit.internal.runners.statements.RunBefores.evaluate(RunBefores.java:26)
	at org.junit.internal.runners.statements.RunAfters.evaluate(RunAfters.java:27)
	at org.junit.runners.ParentRunner.runLeaf(ParentRunner.java:271)
	at org.junit.runners.BlockJUnit4ClassRunner.runChild(BlockJUnit4ClassRunner.java:70)
	at org.junit.runners.BlockJUnit4ClassRunner.runChild(BlockJUnit4ClassRunner.java:50)
	at org.junit.runners.ParentRunner$3.run(ParentRunner.java:238)
	at org.junit.runners.ParentRunner$1.schedule(ParentRunner.java:63)
	at org.junit.runners.ParentRunner.runChildren(ParentRunner.java:236)
	at org.junit.runners.ParentRunner.access$000(ParentRunner.java:53)
	at org.junit.runners.ParentRunner$2.evaluate(ParentRunner.java:229)
	at org.junit.runners.ParentRunner.run(ParentRunner.java:309)
	at org.apache.maven.surefire.junit4.JUnit4Provider.execute(JUnit4Provider.java:365)
	at org.apache.maven.surefire.junit4.JUnit4Provider.executeWithRerun(JUnit4Provider.java:273)
	at org.apache.maven.surefire.junit4.JUnit4Provider.executeTestSet(JUnit4Provider.java:238)
	at org.apache.maven.surefire.junit4.JUnit4Provider.invoke(JUnit4Provider.java:159)
	at org.apache.maven.surefire.booter.ForkedBooter.invokeProviderInSameClassLoader(ForkedBooter.java:384)
	at org.apache.maven.surefire.booter.ForkedBooter.runSuitesInProcess(ForkedBooter.java:345)
	at org.apache.maven.surefire.booter.ForkedBooter.execute(ForkedBooter.java:126)
	at org.apache.maven.surefire.booter.ForkedBooter.main(ForkedBooter.java:418)
2019-08-22 01:58:45,657 [main] WARN  io.KeyOutputStream (KeyOutputStream.java:handleException(276)) - Encountered exception java.io.IOException: Unexpected Storage Container Exception: java.io.IOException: Unexpected Storage Container Exception: java.util.concurrent.TimeoutException on the pipeline Pipeline[ Id: d8a1a47f-f976-411d-aa60-ca7304bd04ef, Nodes: cc0da2ba-fdfe-4e15-bb7f-949408fb434b{ip: 192.168.34.54, host: pr-hdds-1998-jt8wz-3050591487, networkLocation: /default-rack, certSerialId: null}bb7541e0-7fde-4f15-9948-e374d6325018{ip: 192.168.34.54, host: pr-hdds-1998-jt8wz-3050591487, networkLocation: /default-rack, certSerialId: null}d2d7804f-07c4-4123-9865-3bb05000fdf0{ip: 192.168.34.54, host: pr-hdds-1998-jt8wz-3050591487, networkLocation: /default-rack, certSerialId: null}, Type:RATIS, Factor:THREE, State:OPEN]. The last committed block length is 0, uncommitted data length is 167 retry count 0
2019-08-22 01:58:45,664 | INFO  | SCMAudit | user=jenkins1000 | ip=192.168.34.54 | op=ALLOCATE_BLOCK {owner=d87e37ff-5314-443e-9df8-10e1efdb2a65, size=800, type=RATIS, factor=THREE} | ret=SUCCESS |  
2019-08-22 01:58:45,669 | INFO  | OMAudit | user=jenkins1000 | ip=127.0.0.1 | op=ALLOCATE_BLOCK {volume=testblockoutputstream, bucket=testblockoutputstream, key=5e3b81c5-a1e1-4066-9b2b-e1446b666f9b, dataSize=0, replicationType=null, replicationFactor=null, keyLocationInfo=null, clientID=102658154055008272} | ret=SUCCESS |  
2019-08-22 01:58:45,684 [grpc-default-executor-4] INFO  client.GrpcClientProtocolClient (GrpcClientProtocolClient.java:onNext(255)) - client-E4F1F0C1500F->a150ecf0-9441-4c31-a29f-f6938f908a65: receive RaftClientReply:client-E4F1F0C1500F->a150ecf0-9441-4c31-a29f-f6938f908a65@group-35119918FFC0, cid=205, FAILED org.apache.ratis.protocol.NotLeaderException: Server a150ecf0-9441-4c31-a29f-f6938f908a65 is not the leader (f3d8d448-3596-4d55-8cde-6a41b384fc87:192.168.34.54:35986). Request must be sent to leader., logIndex=0, commits[a150ecf0-9441-4c31-a29f-f6938f908a65:c-1, 730038c5-3d8b-441c-8787-c9cbc1ffc73d:c-1, f3d8d448-3596-4d55-8cde-6a41b384fc87:c-1]
2019-08-22 01:58:45,812 | INFO  | DNAudit | user=null | ip=null | op=WRITE_CHUNK {blockData=conID: 2 locID: 102658154539515922 bcsId: 0} | ret=SUCCESS |  
2019-08-22 01:58:45,812 | INFO  | DNAudit | user=null | ip=null | op=WRITE_CHUNK {blockData=conID: 2 locID: 102658154539515922 bcsId: 0} | ret=SUCCESS |  
2019-08-22 01:58:45,812 | INFO  | DNAudit | user=null | ip=null | op=WRITE_CHUNK {blockData=conID: 2 locID: 102658154539515922 bcsId: 0} | ret=SUCCESS |  
2019-08-22 01:58:45,812 | INFO  | SCMAudit | user=jenkins1000 | ip=192.168.34.54 | op=SEND_HEARTBEAT {datanodeUUID=a150ecf0-9441-4c31-a29f-f6938f908a65, command=[]} | ret=SUCCESS |  
2019-08-22 01:58:45,812 | INFO  | SCMAudit | user=jenkins1000 | ip=192.168.34.54 | op=SEND_HEARTBEAT {datanodeUUID=730038c5-3d8b-441c-8787-c9cbc1ffc73d, command=[]} | ret=SUCCESS |  
2019-08-22 01:58:45,812 | INFO  | SCMAudit | user=jenkins1000 | ip=192.168.34.54 | op=SEND_HEARTBEAT {datanodeUUID=f3d8d448-3596-4d55-8cde-6a41b384fc87, command=[]} | ret=SUCCESS |  
2019-08-22 01:58:45,826 | INFO  | DNAudit | user=null | ip=null | op=WRITE_CHUNK {blockData=conID: 2 locID: 102658154539515922 bcsId: 0} | ret=SUCCESS |  
2019-08-22 01:58:45,831 [grpc-default-executor-4] INFO  client.GrpcClientProtocolClient (GrpcClientProtocolClient.java:onNext(255)) - client-E4F1F0C1500F->f3d8d448-3596-4d55-8cde-6a41b384fc87: receive RaftClientReply:client-E4F1F0C1500F->f3d8d448-3596-4d55-8cde-6a41b384fc87@group-35119918FFC0, cid=205, SUCCESS, logIndex=1, commits[f3d8d448-3596-4d55-8cde-6a41b384fc87:c1, a150ecf0-9441-4c31-a29f-f6938f908a65:c0, 730038c5-3d8b-441c-8787-c9cbc1ffc73d:c0]
2019-08-22 01:58:45,836 | INFO  | DNAudit | user=null | ip=null | op=WRITE_CHUNK {blockData=conID: 2 locID: 102658154539515922 bcsId: 0} | ret=SUCCESS |  
2019-08-22 01:58:45,837 | INFO  | DNAudit | user=null | ip=null | op=WRITE_CHUNK {blockData=conID: 2 locID: 102658154539515922 bcsId: 0} | ret=SUCCESS |  
2019-08-22 01:58:45,837 | INFO  | DNAudit | user=null | ip=null | op=WRITE_CHUNK {blockData=conID: 2 locID: 102658154539515922 bcsId: 0} | ret=SUCCESS |  
2019-08-22 01:58:45,839 | INFO  | DNAudit | user=null | ip=null | op=WRITE_CHUNK {blockData=conID: 2 locID: 102658154539515922 bcsId: 0} | ret=SUCCESS |  
2019-08-22 01:58:45,840 | INFO  | DNAudit | user=null | ip=null | op=WRITE_CHUNK {blockData=conID: 2 locID: 102658154539515922 bcsId: 0} | ret=SUCCESS |  
2019-08-22 01:58:45,853 | INFO  | DNAudit | user=null | ip=null | op=WRITE_CHUNK {blockData=conID: 2 locID: 102658154539515922 bcsId: 0} | ret=SUCCESS |  
2019-08-22 01:58:45,858 [grpc-default-executor-4] INFO  client.GrpcClientProtocolClient (GrpcClientProtocolClient.java:onNext(255)) - client-E4F1F0C1500F->f3d8d448-3596-4d55-8cde-6a41b384fc87: receive RaftClientReply:client-E4F1F0C1500F->f3d8d448-3596-4d55-8cde-6a41b384fc87@group-35119918FFC0, cid=206, SUCCESS, logIndex=3, commits[f3d8d448-3596-4d55-8cde-6a41b384fc87:c4, a150ecf0-9441-4c31-a29f-f6938f908a65:c1, 730038c5-3d8b-441c-8787-c9cbc1ffc73d:c1]
2019-08-22 01:58:45,867 | INFO  | DNAudit | user=null | ip=null | op=WRITE_CHUNK {blockData=conID: 2 locID: 102658154539515922 bcsId: 0} | ret=SUCCESS |  
2019-08-22 01:58:45,867 | INFO  | DNAudit | user=null | ip=null | op=WRITE_CHUNK {blockData=conID: 2 locID: 102658154539515922 bcsId: 0} | ret=SUCCESS |  
2019-08-22 01:58:45,912 | INFO  | DNAudit | user=null | ip=null | op=PUT_BLOCK {blockData=[blockId=conID: 2 locID: 102658154539515922 bcsId: 0,size=167]} | ret=SUCCESS |  
2019-08-22 01:58:45,914 [grpc-default-executor-5] INFO  client.GrpcClientProtocolClient (GrpcClientProtocolClient.java:onNext(255)) - client-E4F1F0C1500F->f3d8d448-3596-4d55-8cde-6a41b384fc87: receive RaftClientReply:client-E4F1F0C1500F->f3d8d448-3596-4d55-8cde-6a41b384fc87@group-35119918FFC0, cid=207, SUCCESS, logIndex=4, commits[f3d8d448-3596-4d55-8cde-6a41b384fc87:c6, a150ecf0-9441-4c31-a29f-f6938f908a65:c4, 730038c5-3d8b-441c-8787-c9cbc1ffc73d:c4]
2019-08-22 01:58:45,915 [main] INFO  ozone.MiniOzoneClusterImpl (MiniOzoneClusterImpl.java:shutdown(321)) - Shutting down the Mini Ozone Cluster
2019-08-22 01:58:45,915 | INFO  | SCMAudit | user=null | ip=null | op=GET_SCM_INFO null | ret=SUCCESS |  
2019-08-22 01:58:45,916 [main] INFO  ozone.MiniOzoneClusterImpl (MiniOzoneClusterImpl.java:stop(336)) - Stopping the Mini Ozone Cluster
2019-08-22 01:58:45,916 [main] INFO  ozone.MiniOzoneClusterImpl (MiniOzoneClusterImpl.java:stop(338)) - Stopping the OzoneManager
2019-08-22 01:58:45,916 [main] INFO  ipc.Server (Server.java:stop(3082)) - Stopping server on 36264
2019-08-22 01:58:45,955 [IPC Server listener on 36264] INFO  ipc.Server (Server.java:run(1185)) - Stopping IPC Server listener on 36264
2019-08-22 01:58:45,956 [main] INFO  ratis.OzoneManagerDoubleBuffer (OzoneManagerDoubleBuffer.java:stop(248)) - Stopping OMDoubleBuffer flush thread
2019-08-22 01:58:45,959 | INFO  | DNAudit | user=null | ip=null | op=PUT_BLOCK {blockData=[blockId=conID: 2 locID: 102658154539515922 bcsId: 0,size=167]} | ret=SUCCESS |  
2019-08-22 01:58:45,956 [IPC Server Responder] INFO  ipc.Server (Server.java:run(1319)) - Stopping IPC Server Responder
2019-08-22 01:58:45,959 [OMDoubleBufferFlushThread] INFO  ratis.OzoneManagerDoubleBuffer (OzoneManagerDoubleBuffer.java:flushTransactions(191)) - OMDoubleBuffer flush thread OMDoubleBufferFlushThread is interrupted and will exit. OMDoubleBufferFlushThread
2019-08-22 01:58:45,960 [main] INFO  utils.BackgroundService (BackgroundService.java:shutdown(148)) - Shutting down service KeyDeletingService
2019-08-22 01:58:45,961 [main] INFO  handler.ContextHandler (ContextHandler.java:doStop(910)) - Stopped o.e.j.w.WebAppContext@6970687e{/,null,UNAVAILABLE}{/ozoneManager}
2019-08-22 01:58:45,962 [main] INFO  server.AbstractConnector (AbstractConnector.java:doStop(318)) - Stopped ServerConnector@a6f34f5{HTTP/1.1,[http/1.1]}{0.0.0.0:0}
2019-08-22 01:58:45,962 [main] INFO  handler.ContextHandler (ContextHandler.java:doStop(910)) - Stopped o.e.j.s.ServletContextHandler@b65cc8b{/static,file:///workdir/hadoop-ozone/integration-test/target/test-classes/webapps/static,UNAVAILABLE}
2019-08-22 01:58:45,962 [main] INFO  handler.ContextHandler (ContextHandler.java:doStop(910)) - Stopped o.e.j.s.ServletContextHandler@640890bc{/logs,file:///workdir/hadoop-ozone/integration-test/target/log,UNAVAILABLE}
2019-08-22 01:58:45,966 [main] INFO  ozone.MiniOzoneClusterImpl (MiniOzoneClusterImpl.java:stop(344)) - Shutting the HddsDatanodes
2019-08-22 01:58:45,967 [main] INFO  datanode.ObjectStoreHandler (ObjectStoreHandler.java:close(155)) - Closing ObjectStoreHandler.
2019-08-22 01:58:45,967 [ForkJoinPool.commonPool-worker-0] INFO  datanode.ObjectStoreHandler (ObjectStoreHandler.java:close(155)) - Closing ObjectStoreHandler.
2019-08-22 01:58:45,967 [main] INFO  ozone.HddsDatanodeService (HddsDatanodeService.java:stop(451)) - Stopped plug-in org.apache.hadoop.ozone.web.OzoneHddsDatanodeService@5bebdfcb
2019-08-22 01:58:45,967 [ForkJoinPool.commonPool-worker-0] INFO  ozone.HddsDatanodeService (HddsDatanodeService.java:stop(451)) - Stopped plug-in org.apache.hadoop.ozone.web.OzoneHddsDatanodeService@5f3fa154
2019-08-22 01:58:46,006 | INFO  | DNAudit | user=null | ip=null | op=PUT_BLOCK {blockData=[blockId=conID: 2 locID: 102658154539515922 bcsId: 0,size=167]} | ret=SUCCESS |  
2019-08-22 01:58:46,111 [grpc-default-executor-4] INFO  client.GrpcClientProtocolClient (GrpcClientProtocolClient.java:onNext(255)) - client-A22AA3B0CD98->d2d7804f-07c4-4123-9865-3bb05000fdf0: receive RaftClientReply:client-A22AA3B0CD98->d2d7804f-07c4-4123-9865-3bb05000fdf0@group-CA7304BD04EF, cid=204, SUCCESS, logIndex=0, commits[d2d7804f-07c4-4123-9865-3bb05000fdf0:c6, cc0da2ba-fdfe-4e15-bb7f-949408fb434b:c6, bb7541e0-7fde-4f15-9948-e374d6325018:c6]
2019-08-22 01:58:46,112 [grpc-default-executor-4] INFO  client.GrpcClientProtocolClient (GrpcClientProtocolClient.java:onNext(255)) - client-A22AA3B0CD98->d2d7804f-07c4-4123-9865-3bb05000fdf0: receive RaftClientReply:client-A22AA3B0CD98->d2d7804f-07c4-4123-9865-3bb05000fdf0@group-CA7304BD04EF, cid=203, SUCCESS, logIndex=0, commits[d2d7804f-07c4-4123-9865-3bb05000fdf0:c6, cc0da2ba-fdfe-4e15-bb7f-949408fb434b:c6, bb7541e0-7fde-4f15-9948-e374d6325018:c6]
2019-08-22 01:58:46,180 | INFO  | DNAudit | user=null | ip=null | op=PUT_BLOCK {blockData=[blockId=conID: 1 locID: 102658154056056849 bcsId: 0,size=167]} | ret=SUCCESS |  
2019-08-22 01:58:46,216 | INFO  | SCMAudit | user=jenkins1000 | ip=192.168.34.54 | op=SEND_HEARTBEAT {datanodeUUID=0bd46545-a21f-4e46-b789-16e7c65dbdf4, command=[]} | ret=SUCCESS |  
2019-08-22 01:58:46,252 | INFO  | DNAudit | user=null | ip=null | op=PUT_BLOCK {blockData=[blockId=conID: 1 locID: 102658154056056849 bcsId: 0,size=167]} | ret=SUCCESS |  
2019-08-22 01:58:46,541 [Datanode State Machine Thread - 0] INFO  statemachine.DatanodeStateMachine (DatanodeStateMachine.java:lambda$startDaemon$0(350)) - Ozone container server started.
2019-08-22 01:58:46,542 | INFO  | SCMAudit | user=jenkins1000 | ip=192.168.34.54 | op=SEND_HEARTBEAT {datanodeUUID=bb7541e0-7fde-4f15-9948-e374d6325018, command=[]} | ret=SUCCESS |  
2019-08-22 01:58:46,542 | INFO  | SCMAudit | user=jenkins1000 | ip=192.168.34.54 | op=SEND_HEARTBEAT {datanodeUUID=cc0da2ba-fdfe-4e15-bb7f-949408fb434b, command=[]} | ret=SUCCESS |  
2019-08-22 01:58:46,812 [Datanode State Machine Thread - 0] INFO  statemachine.DatanodeStateMachine (DatanodeStateMachine.java:lambda$startDaemon$0(350)) - Ozone container server started.
2019-08-22 01:58:46,813 | INFO  | SCMAudit | user=jenkins1000 | ip=192.168.34.54 | op=SEND_HEARTBEAT {datanodeUUID=f3d8d448-3596-4d55-8cde-6a41b384fc87, command=[]} | ret=SUCCESS |  
2019-08-22 01:58:46,813 | INFO  | SCMAudit | user=jenkins1000 | ip=192.168.34.54 | op=SEND_HEARTBEAT {datanodeUUID=730038c5-3d8b-441c-8787-c9cbc1ffc73d, command=[]} | ret=SUCCESS |  
2019-08-22 01:58:47,217 | INFO  | SCMAudit | user=jenkins1000 | ip=192.168.34.54 | op=SEND_HEARTBEAT {datanodeUUID=0bd46545-a21f-4e46-b789-16e7c65dbdf4, command=[]} | ret=SUCCESS |  
2019-08-22 01:58:47,541 | INFO  | SCMAudit | user=jenkins1000 | ip=192.168.34.54 | op=SEND_HEARTBEAT {datanodeUUID=cc0da2ba-fdfe-4e15-bb7f-949408fb434b, command=[]} | ret=SUCCESS |  
2019-08-22 01:58:47,541 | INFO  | SCMAudit | user=jenkins1000 | ip=192.168.34.54 | op=SEND_HEARTBEAT {datanodeUUID=bb7541e0-7fde-4f15-9948-e374d6325018, command=[]} | ret=SUCCESS |  
2019-08-22 01:58:47,812 | INFO  | SCMAudit | user=jenkins1000 | ip=192.168.34.54 | op=SEND_HEARTBEAT {datanodeUUID=730038c5-3d8b-441c-8787-c9cbc1ffc73d, command=[]} | ret=SUCCESS |  
2019-08-22 01:58:47,812 | INFO  | SCMAudit | user=jenkins1000 | ip=192.168.34.54 | op=SEND_HEARTBEAT {datanodeUUID=f3d8d448-3596-4d55-8cde-6a41b384fc87, command=[]} | ret=SUCCESS |  
2019-08-22 01:58:48,216 | INFO  | SCMAudit | user=jenkins1000 | ip=192.168.34.54 | op=SEND_HEARTBEAT {datanodeUUID=0bd46545-a21f-4e46-b789-16e7c65dbdf4, command=[]} | ret=SUCCESS |  
2019-08-22 01:58:48,542 | INFO  | SCMAudit | user=jenkins1000 | ip=192.168.34.54 | op=SEND_HEARTBEAT {datanodeUUID=cc0da2ba-fdfe-4e15-bb7f-949408fb434b, command=[]} | ret=SUCCESS |  
2019-08-22 01:58:48,542 | INFO  | SCMAudit | user=jenkins1000 | ip=192.168.34.54 | op=SEND_HEARTBEAT {datanodeUUID=bb7541e0-7fde-4f15-9948-e374d6325018, command=[]} | ret=SUCCESS |  
2019-08-22 01:58:48,813 | INFO  | SCMAudit | user=jenkins1000 | ip=192.168.34.54 | op=SEND_HEARTBEAT {datanodeUUID=730038c5-3d8b-441c-8787-c9cbc1ffc73d, command=[]} | ret=SUCCESS |  
2019-08-22 01:58:48,813 | INFO  | SCMAudit | user=jenkins1000 | ip=192.168.34.54 | op=SEND_HEARTBEAT {datanodeUUID=f3d8d448-3596-4d55-8cde-6a41b384fc87, command=[]} | ret=SUCCESS |  
2019-08-22 01:58:49,217 | INFO  | SCMAudit | user=jenkins1000 | ip=192.168.34.54 | op=SEND_HEARTBEAT {datanodeUUID=0bd46545-a21f-4e46-b789-16e7c65dbdf4, command=[]} | ret=SUCCESS |  
2019-08-22 01:58:49,541 | INFO  | SCMAudit | user=jenkins1000 | ip=192.168.34.54 | op=SEND_HEARTBEAT {datanodeUUID=cc0da2ba-fdfe-4e15-bb7f-949408fb434b, command=[]} | ret=SUCCESS |  
2019-08-22 01:58:49,541 | INFO  | SCMAudit | user=jenkins1000 | ip=192.168.34.54 | op=SEND_HEARTBEAT {datanodeUUID=bb7541e0-7fde-4f15-9948-e374d6325018, command=[]} | ret=SUCCESS |  
2019-08-22 01:58:49,812 | INFO  | SCMAudit | user=jenkins1000 | ip=192.168.34.54 | op=SEND_HEARTBEAT {datanodeUUID=f3d8d448-3596-4d55-8cde-6a41b384fc87, command=[]} | ret=SUCCESS |  
2019-08-22 01:58:49,812 | INFO  | SCMAudit | user=jenkins1000 | ip=192.168.34.54 | op=SEND_HEARTBEAT {datanodeUUID=730038c5-3d8b-441c-8787-c9cbc1ffc73d, command=[]} | ret=SUCCESS |  
2019-08-22 01:58:50,216 | INFO  | SCMAudit | user=jenkins1000 | ip=192.168.34.54 | op=SEND_HEARTBEAT {datanodeUUID=0bd46545-a21f-4e46-b789-16e7c65dbdf4, command=[]} | ret=SUCCESS |  
2019-08-22 01:58:50,542 | INFO  | SCMAudit | user=jenkins1000 | ip=192.168.34.54 | op=SEND_HEARTBEAT {datanodeUUID=bb7541e0-7fde-4f15-9948-e374d6325018, command=[]} | ret=SUCCESS |  
2019-08-22 01:58:50,542 | INFO  | SCMAudit | user=jenkins1000 | ip=192.168.34.54 | op=SEND_HEARTBEAT {datanodeUUID=cc0da2ba-fdfe-4e15-bb7f-949408fb434b, command=[]} | ret=SUCCESS |  
2019-08-22 01:58:50,627 [EventQueue-StaleNodeForStaleNodeHandler] INFO  node.StaleNodeHandler (StaleNodeHandler.java:onMessage(58)) - Datanode d2d7804f-07c4-4123-9865-3bb05000fdf0{ip: 192.168.34.54, host: pr-hdds-1998-jt8wz-3050591487, networkLocation: /default-rack, certSerialId: null} moved to stale state. Finalizing its pipelines [PipelineID=d8a1a47f-f976-411d-aa60-ca7304bd04ef, PipelineID=29a639fa-ee92-48ff-866d-87a62d82b691]
2019-08-22 01:58:50,628 [EventQueue-StaleNodeForStaleNodeHandler] INFO  pipeline.SCMPipelineManager (SCMPipelineManager.java:finalizeAndDestroyPipeline(309)) - destroying pipeline:Pipeline[ Id: d8a1a47f-f976-411d-aa60-ca7304bd04ef, Nodes: cc0da2ba-fdfe-4e15-bb7f-949408fb434b{ip: 192.168.34.54, host: pr-hdds-1998-jt8wz-3050591487, networkLocation: /default-rack, certSerialId: null}bb7541e0-7fde-4f15-9948-e374d6325018{ip: 192.168.34.54, host: pr-hdds-1998-jt8wz-3050591487, networkLocation: /default-rack, certSerialId: null}d2d7804f-07c4-4123-9865-3bb05000fdf0{ip: 192.168.34.54, host: pr-hdds-1998-jt8wz-3050591487, networkLocation: /default-rack, certSerialId: null}, Type:RATIS, Factor:THREE, State:OPEN]
2019-08-22 01:58:50,628 [EventQueue-StaleNodeForStaleNodeHandler] INFO  pipeline.PipelineStateManager (PipelineStateManager.java:finalizePipeline(123)) - Pipeline Pipeline[ Id: d8a1a47f-f976-411d-aa60-ca7304bd04ef, Nodes: cc0da2ba-fdfe-4e15-bb7f-949408fb434b{ip: 192.168.34.54, host: pr-hdds-1998-jt8wz-3050591487, networkLocation: /default-rack, certSerialId: null}bb7541e0-7fde-4f15-9948-e374d6325018{ip: 192.168.34.54, host: pr-hdds-1998-jt8wz-3050591487, networkLocation: /default-rack, certSerialId: null}d2d7804f-07c4-4123-9865-3bb05000fdf0{ip: 192.168.34.54, host: pr-hdds-1998-jt8wz-3050591487, networkLocation: /default-rack, certSerialId: null}, Type:RATIS, Factor:THREE, State:CLOSED] moved to CLOSED state
2019-08-22 01:58:50,628 [EventQueue-StaleNodeForStaleNodeHandler] INFO  pipeline.SCMPipelineManager (SCMPipelineManager.java:finalizeAndDestroyPipeline(309)) - destroying pipeline:Pipeline[ Id: 29a639fa-ee92-48ff-866d-87a62d82b691, Nodes: d2d7804f-07c4-4123-9865-3bb05000fdf0{ip: 192.168.34.54, host: pr-hdds-1998-jt8wz-3050591487, networkLocation: /default-rack, certSerialId: null}, Type:RATIS, Factor:ONE, State:OPEN]
2019-08-22 01:58:50,628 [EventQueue-CloseContainerForCloseContainerEventHandler] INFO  container.CloseContainerEventHandler (CloseContainerEventHandler.java:onMessage(61)) - Close container Event triggered for container : #1
2019-08-22 01:58:50,629 [EventQueue-StaleNodeForStaleNodeHandler] INFO  pipeline.PipelineStateManager (PipelineStateManager.java:finalizePipeline(123)) - Pipeline Pipeline[ Id: 29a639fa-ee92-48ff-866d-87a62d82b691, Nodes: d2d7804f-07c4-4123-9865-3bb05000fdf0{ip: 192.168.34.54, host: pr-hdds-1998-jt8wz-3050591487, networkLocation: /default-rack, certSerialId: null}, Type:RATIS, Factor:ONE, State:CLOSED] moved to CLOSED state
2019-08-22 01:58:50,812 | INFO  | SCMAudit | user=jenkins1000 | ip=192.168.34.54 | op=SEND_HEARTBEAT {datanodeUUID=f3d8d448-3596-4d55-8cde-6a41b384fc87, command=[]} | ret=SUCCESS |  
2019-08-22 01:58:50,812 | INFO  | SCMAudit | user=jenkins1000 | ip=192.168.34.54 | op=SEND_HEARTBEAT {datanodeUUID=730038c5-3d8b-441c-8787-c9cbc1ffc73d, command=[]} | ret=SUCCESS |  
2019-08-22 01:58:50,828 [EventQueue-StaleNodeForStaleNodeHandler] INFO  node.StaleNodeHandler (StaleNodeHandler.java:onMessage(58)) - Datanode a150ecf0-9441-4c31-a29f-f6938f908a65{ip: 192.168.34.54, host: pr-hdds-1998-jt8wz-3050591487, networkLocation: /default-rack, certSerialId: null} moved to stale state. Finalizing its pipelines [PipelineID=002eda46-f139-47a9-ae9b-5dbd6220f510, PipelineID=609f79d0-b647-47da-95d4-35119918ffc0]
2019-08-22 01:58:50,828 [EventQueue-StaleNodeForStaleNodeHandler] INFO  pipeline.SCMPipelineManager (SCMPipelineManager.java:finalizeAndDestroyPipeline(309)) - destroying pipeline:Pipeline[ Id: 002eda46-f139-47a9-ae9b-5dbd6220f510, Nodes: a150ecf0-9441-4c31-a29f-f6938f908a65{ip: 192.168.34.54, host: pr-hdds-1998-jt8wz-3050591487, networkLocation: /default-rack, certSerialId: null}, Type:RATIS, Factor:ONE, State:OPEN]
2019-08-22 01:58:50,828 [EventQueue-StaleNodeForStaleNodeHandler] INFO  pipeline.PipelineStateManager (PipelineStateManager.java:finalizePipeline(123)) - Pipeline Pipeline[ Id: 002eda46-f139-47a9-ae9b-5dbd6220f510, Nodes: a150ecf0-9441-4c31-a29f-f6938f908a65{ip: 192.168.34.54, host: pr-hdds-1998-jt8wz-3050591487, networkLocation: /default-rack, certSerialId: null}, Type:RATIS, Factor:ONE, State:CLOSED] moved to CLOSED state
2019-08-22 01:58:50,829 [EventQueue-StaleNodeForStaleNodeHandler] INFO  pipeline.SCMPipelineManager (SCMPipelineManager.java:finalizeAndDestroyPipeline(309)) - destroying pipeline:Pipeline[ Id: 609f79d0-b647-47da-95d4-35119918ffc0, Nodes: a150ecf0-9441-4c31-a29f-f6938f908a65{ip: 192.168.34.54, host: pr-hdds-1998-jt8wz-3050591487, networkLocation: /default-rack, certSerialId: null}730038c5-3d8b-441c-8787-c9cbc1ffc73d{ip: 192.168.34.54, host: pr-hdds-1998-jt8wz-3050591487, networkLocation: /default-rack, certSerialId: null}f3d8d448-3596-4d55-8cde-6a41b384fc87{ip: 192.168.34.54, host: pr-hdds-1998-jt8wz-3050591487, networkLocation: /default-rack, certSerialId: null}, Type:RATIS, Factor:THREE, State:OPEN]
2019-08-22 01:58:50,829 [EventQueue-StaleNodeForStaleNodeHandler] INFO  pipeline.PipelineStateManager (PipelineStateManager.java:finalizePipeline(123)) - Pipeline Pipeline[ Id: 609f79d0-b647-47da-95d4-35119918ffc0, Nodes: a150ecf0-9441-4c31-a29f-f6938f908a65{ip: 192.168.34.54, host: pr-hdds-1998-jt8wz-3050591487, networkLocation: /default-rack, certSerialId: null}730038c5-3d8b-441c-8787-c9cbc1ffc73d{ip: 192.168.34.54, host: pr-hdds-1998-jt8wz-3050591487, networkLocation: /default-rack, certSerialId: null}f3d8d448-3596-4d55-8cde-6a41b384fc87{ip: 192.168.34.54, host: pr-hdds-1998-jt8wz-3050591487, networkLocation: /default-rack, certSerialId: null}, Type:RATIS, Factor:THREE, State:CLOSED] moved to CLOSED state
2019-08-22 01:58:50,829 [EventQueue-CloseContainerForCloseContainerEventHandler] INFO  container.CloseContainerEventHandler (CloseContainerEventHandler.java:onMessage(61)) - Close container Event triggered for container : #2
2019-08-22 01:58:50,970 [ForkJoinPool.commonPool-worker-0] INFO  ozoneimpl.OzoneContainer (OzoneContainer.java:stop(199)) - Attempting to stop container services.
2019-08-22 01:58:50,970 [main] INFO  ozoneimpl.OzoneContainer (OzoneContainer.java:stop(199)) - Attempting to stop container services.
2019-08-22 01:58:50,970 [ForkJoinPool.commonPool-worker-0] INFO  impl.RaftServerProxy (RaftServerProxy.java:lambda$close$4(314)) - d2d7804f-07c4-4123-9865-3bb05000fdf0: close
2019-08-22 01:58:50,971 [main] INFO  impl.RaftServerProxy (RaftServerProxy.java:lambda$close$4(314)) - a150ecf0-9441-4c31-a29f-f6938f908a65: close
2019-08-22 01:58:50,971 [ForkJoinPool.commonPool-worker-0] INFO  impl.RaftServerImpl (RaftServerImpl.java:lambda$shutdown$3(245)) - d2d7804f-07c4-4123-9865-3bb05000fdf0: shutdown group-CA7304BD04EF
2019-08-22 01:58:50,974 [main] INFO  impl.RaftServerImpl (RaftServerImpl.java:lambda$shutdown$3(245)) - a150ecf0-9441-4c31-a29f-f6938f908a65: shutdown group-5DBD6220F510
2019-08-22 01:58:50,975 [ForkJoinPool.commonPool-worker-0] INFO  util.JmxRegister (JmxRegister.java:unregister(73)) - Successfully un-registered JMX Bean with object name Ratis:service=RaftServer,group=group-CA7304BD04EF,id=d2d7804f-07c4-4123-9865-3bb05000fdf0
2019-08-22 01:58:50,975 [main] INFO  util.JmxRegister (JmxRegister.java:unregister(73)) - Successfully un-registered JMX Bean with object name Ratis:service=RaftServer,group=group-5DBD6220F510,id=a150ecf0-9441-4c31-a29f-f6938f908a65
2019-08-22 01:58:50,976 [main] INFO  impl.RoleInfo (RoleInfo.java:shutdownLeaderState(104)) - a150ecf0-9441-4c31-a29f-f6938f908a65: shutdown LeaderState
2019-08-22 01:58:50,976 [ForkJoinPool.commonPool-worker-0] INFO  impl.RoleInfo (RoleInfo.java:shutdownLeaderState(104)) - d2d7804f-07c4-4123-9865-3bb05000fdf0: shutdown LeaderState
2019-08-22 01:58:50,976 [main] INFO  impl.PendingRequests (PendingRequests.java:sendNotLeaderResponses(202)) - a150ecf0-9441-4c31-a29f-f6938f908a65-PendingRequests: sendNotLeaderResponses
2019-08-22 01:58:50,983 [org.apache.ratis.server.impl.LogAppender$AppenderDaemon$$Lambda$470/1305334601@7a3a84ec] WARN  server.GrpcLogAppender (GrpcLogAppender.java:mayWait(143)) - GrpcLogAppender(d2d7804f-07c4-4123-9865-3bb05000fdf0->cc0da2ba-fdfe-4e15-bb7f-949408fb434b): Wait interrupted by java.lang.InterruptedException
2019-08-22 01:58:50,983 [org.apache.ratis.server.impl.LogAppender$AppenderDaemon$$Lambda$470/1305334601@3f3815cf] WARN  server.GrpcLogAppender (GrpcLogAppender.java:mayWait(143)) - GrpcLogAppender(d2d7804f-07c4-4123-9865-3bb05000fdf0->bb7541e0-7fde-4f15-9948-e374d6325018): Wait interrupted by java.lang.InterruptedException
2019-08-22 01:58:50,982 [ForkJoinPool.commonPool-worker-0] INFO  impl.PendingRequests (PendingRequests.java:sendNotLeaderResponses(202)) - d2d7804f-07c4-4123-9865-3bb05000fdf0-PendingRequests: sendNotLeaderResponses
2019-08-22 01:58:50,983 [main] INFO  impl.StateMachineUpdater (StateMachineUpdater.java:stopAndJoin(115)) - StateMachineUpdater:a150ecf0-9441-4c31-a29f-f6938f908a65:group-5DBD6220F510: set stopIndex = 0
2019-08-22 01:58:50,990 [StateMachineUpdater:d2d7804f-07c4-4123-9865-3bb05000fdf0:group-CA7304BD04EF] INFO  ratis.ContainerStateMachine (ContainerStateMachine.java:takeSnapshot(283)) - group-CA7304BD04EF: Taking a snapshot at:(t:1, i:6) file /workdir/hadoop-ozone/integration-test/target/test-dir/MiniOzoneClusterImpl-73a943d6-9e54-420a-b8c2-6f1b1463b42a/datanode-1/data/ratis/d8a1a47f-f976-411d-aa60-ca7304bd04ef/sm/snapshot.1_6
2019-08-22 01:58:50,990 [grpc-default-executor-5] INFO  server.GrpcServerProtocolService (GrpcServerProtocolService.java:onCompleted(104)) - bb7541e0-7fde-4f15-9948-e374d6325018: appendEntries completed
2019-08-22 01:58:50,990 [ForkJoinPool.commonPool-worker-0] INFO  impl.StateMachineUpdater (StateMachineUpdater.java:stopAndJoin(115)) - StateMachineUpdater:d2d7804f-07c4-4123-9865-3bb05000fdf0:group-CA7304BD04EF: set stopIndex = 6
2019-08-22 01:58:50,990 [grpc-default-executor-4] INFO  server.GrpcServerProtocolService (GrpcServerProtocolService.java:onCompleted(104)) - cc0da2ba-fdfe-4e15-bb7f-949408fb434b: appendEntries completed
2019-08-22 01:58:50,991 [grpc-default-executor-6] INFO  server.GrpcLogAppender (GrpcLogAppender.java:onCompleted(292)) - d2d7804f-07c4-4123-9865-3bb05000fdf0->bb7541e0-7fde-4f15-9948-e374d6325018: follower responses appendEntries COMPLETED
2019-08-22 01:58:50,990 [main] INFO  impl.RaftServerImpl (ServerState.java:close(394)) - a150ecf0-9441-4c31-a29f-f6938f908a65:group-5DBD6220F510 closes. The last applied log index is 0
2019-08-22 01:58:50,991 [grpc-default-executor-6] INFO  impl.FollowerInfo (FollowerInfo.java:lambda$new$0(50)) - d2d7804f-07c4-4123-9865-3bb05000fdf0->bb7541e0-7fde-4f15-9948-e374d6325018: nextIndex: updateUnconditionally 7 -> 6
2019-08-22 01:58:50,991 [grpc-default-executor-5] INFO  server.GrpcLogAppender (GrpcLogAppender.java:onCompleted(292)) - d2d7804f-07c4-4123-9865-3bb05000fdf0->cc0da2ba-fdfe-4e15-bb7f-949408fb434b: follower responses appendEntries COMPLETED
2019-08-22 01:58:50,991 [a150ecf0-9441-4c31-a29f-f6938f908a65-SegmentedRaftLogWorker:Storage Directory /workdir/hadoop-ozone/integration-test/target/test-dir/MiniOzoneClusterImpl-73a943d6-9e54-420a-b8c2-6f1b1463b42a/datanode-4/data/ratis/002eda46-f139-47a9-ae9b-5dbd6220f510] INFO  segmented.SegmentedRaftLogWorker (SegmentedRaftLogWorker.java:run(313)) - a150ecf0-9441-4c31-a29f-f6938f908a65-SegmentedRaftLogWorker:Storage Directory /workdir/hadoop-ozone/integration-test/target/test-dir/MiniOzoneClusterImpl-73a943d6-9e54-420a-b8c2-6f1b1463b42a/datanode-4/data/ratis/002eda46-f139-47a9-ae9b-5dbd6220f510 was interrupted, exiting. There are 0 tasks remaining in the queue.
2019-08-22 01:58:50,992 [grpc-default-executor-5] INFO  impl.FollowerInfo (FollowerInfo.java:lambda$new$0(50)) - d2d7804f-07c4-4123-9865-3bb05000fdf0->cc0da2ba-fdfe-4e15-bb7f-949408fb434b: nextIndex: updateUnconditionally 7 -> 6
2019-08-22 01:58:50,994 [main] INFO  segmented.SegmentedRaftLogWorker (SegmentedRaftLogWorker.java:close(228)) - a150ecf0-9441-4c31-a29f-f6938f908a65-SegmentedRaftLogWorker:Storage Directory /workdir/hadoop-ozone/integration-test/target/test-dir/MiniOzoneClusterImpl-73a943d6-9e54-420a-b8c2-6f1b1463b42a/datanode-4/data/ratis/002eda46-f139-47a9-ae9b-5dbd6220f510 close()
2019-08-22 01:58:50,999 [main] INFO  impl.RaftServerImpl (RaftServerImpl.java:lambda$shutdown$3(245)) - a150ecf0-9441-4c31-a29f-f6938f908a65: shutdown group-35119918FFC0
2019-08-22 01:58:51,000 [main] INFO  util.JmxRegister (JmxRegister.java:unregister(73)) - Successfully un-registered JMX Bean with object name Ratis:service=RaftServer,group=group-35119918FFC0,id=a150ecf0-9441-4c31-a29f-f6938f908a65
2019-08-22 01:58:51,000 [main] INFO  impl.RoleInfo (RoleInfo.java:shutdownFollowerState(121)) - a150ecf0-9441-4c31-a29f-f6938f908a65: shutdown FollowerState
2019-08-22 01:58:51,000 [main] INFO  impl.StateMachineUpdater (StateMachineUpdater.java:stopAndJoin(115)) - StateMachineUpdater:a150ecf0-9441-4c31-a29f-f6938f908a65:group-35119918FFC0: set stopIndex = 6
2019-08-22 01:58:51,000 [Thread-3787] INFO  impl.FollowerState (FollowerState.java:run(114)) - a150ecf0-9441-4c31-a29f-f6938f908a65: FollowerState was interrupted: java.lang.InterruptedException: sleep interrupted
2019-08-22 01:58:51,000 [StateMachineUpdater:a150ecf0-9441-4c31-a29f-f6938f908a65:group-35119918FFC0] INFO  ratis.ContainerStateMachine (ContainerStateMachine.java:takeSnapshot(283)) - group-35119918FFC0: Taking a snapshot at:(t:1, i:4) file /workdir/hadoop-ozone/integration-test/target/test-dir/MiniOzoneClusterImpl-73a943d6-9e54-420a-b8c2-6f1b1463b42a/datanode-4/data/ratis/609f79d0-b647-47da-95d4-35119918ffc0/sm/snapshot.1_4
2019-08-22 01:58:51,016 [StateMachineUpdater:d2d7804f-07c4-4123-9865-3bb05000fdf0:group-CA7304BD04EF] INFO  ratis.ContainerStateMachine (ContainerStateMachine.java:takeSnapshot(294)) - group-CA7304BD04EF: Finished taking a snapshot at:(t:1, i:6) file:/workdir/hadoop-ozone/integration-test/target/test-dir/MiniOzoneClusterImpl-73a943d6-9e54-420a-b8c2-6f1b1463b42a/datanode-1/data/ratis/d8a1a47f-f976-411d-aa60-ca7304bd04ef/sm/snapshot.1_6 time:26
2019-08-22 01:58:51,016 [StateMachineUpdater:d2d7804f-07c4-4123-9865-3bb05000fdf0:group-CA7304BD04EF] INFO  impl.StateMachineUpdater (StateMachineUpdater.java:takeSnapshot(242)) - StateMachineUpdater:d2d7804f-07c4-4123-9865-3bb05000fdf0:group-CA7304BD04EF: Took a snapshot at index 6
2019-08-22 01:58:51,016 [StateMachineUpdater:d2d7804f-07c4-4123-9865-3bb05000fdf0:group-CA7304BD04EF] INFO  impl.StateMachineUpdater (StateMachineUpdater.java:lambda$new$0(80)) - StateMachineUpdater:d2d7804f-07c4-4123-9865-3bb05000fdf0:group-CA7304BD04EF: snapshotIndex: updateIncreasingly -1 -> 6
2019-08-22 01:58:51,016 [ForkJoinPool.commonPool-worker-0] INFO  impl.RaftServerImpl (ServerState.java:close(394)) - d2d7804f-07c4-4123-9865-3bb05000fdf0:group-CA7304BD04EF closes. The last applied log index is 6
2019-08-22 01:58:51,017 [d2d7804f-07c4-4123-9865-3bb05000fdf0-SegmentedRaftLogWorker:Storage Directory /workdir/hadoop-ozone/integration-test/target/test-dir/MiniOzoneClusterImpl-73a943d6-9e54-420a-b8c2-6f1b1463b42a/datanode-1/data/ratis/d8a1a47f-f976-411d-aa60-ca7304bd04ef] INFO  segmented.SegmentedRaftLogWorker (SegmentedRaftLogWorker.java:run(313)) - d2d7804f-07c4-4123-9865-3bb05000fdf0-SegmentedRaftLogWorker:Storage Directory /workdir/hadoop-ozone/integration-test/target/test-dir/MiniOzoneClusterImpl-73a943d6-9e54-420a-b8c2-6f1b1463b42a/datanode-1/data/ratis/d8a1a47f-f976-411d-aa60-ca7304bd04ef was interrupted, exiting. There are 0 tasks remaining in the queue.
2019-08-22 01:58:51,019 [StateMachineUpdater:a150ecf0-9441-4c31-a29f-f6938f908a65:group-35119918FFC0] INFO  ratis.ContainerStateMachine (ContainerStateMachine.java:takeSnapshot(294)) - group-35119918FFC0: Finished taking a snapshot at:(t:1, i:4) file:/workdir/hadoop-ozone/integration-test/target/test-dir/MiniOzoneClusterImpl-73a943d6-9e54-420a-b8c2-6f1b1463b42a/datanode-4/data/ratis/609f79d0-b647-47da-95d4-35119918ffc0/sm/snapshot.1_4 time:18
2019-08-22 01:58:51,019 [StateMachineUpdater:a150ecf0-9441-4c31-a29f-f6938f908a65:group-35119918FFC0] INFO  impl.StateMachineUpdater (StateMachineUpdater.java:takeSnapshot(242)) - StateMachineUpdater:a150ecf0-9441-4c31-a29f-f6938f908a65:group-35119918FFC0: Took a snapshot at index 4
2019-08-22 01:58:51,019 [ForkJoinPool.commonPool-worker-0] INFO  segmented.SegmentedRaftLogWorker (SegmentedRaftLogWorker.java:close(228)) - d2d7804f-07c4-4123-9865-3bb05000fdf0-SegmentedRaftLogWorker:Storage Directory /workdir/hadoop-ozone/integration-test/target/test-dir/MiniOzoneClusterImpl-73a943d6-9e54-420a-b8c2-6f1b1463b42a/datanode-1/data/ratis/d8a1a47f-f976-411d-aa60-ca7304bd04ef close()
2019-08-22 01:58:51,019 [StateMachineUpdater:a150ecf0-9441-4c31-a29f-f6938f908a65:group-35119918FFC0] INFO  impl.StateMachineUpdater (StateMachineUpdater.java:lambda$new$0(80)) - StateMachineUpdater:a150ecf0-9441-4c31-a29f-f6938f908a65:group-35119918FFC0: snapshotIndex: updateIncreasingly -1 -> 4
2019-08-22 01:58:51,023 [ForkJoinPool.commonPool-worker-0] INFO  impl.RaftServerImpl (RaftServerImpl.java:lambda$shutdown$3(245)) - d2d7804f-07c4-4123-9865-3bb05000fdf0: shutdown group-87A62D82B691
2019-08-22 01:58:51,024 [main] INFO  impl.RaftServerImpl (ServerState.java:close(394)) - a150ecf0-9441-4c31-a29f-f6938f908a65:group-35119918FFC0 closes. The last applied log index is 6
2019-08-22 01:58:51,024 [ForkJoinPool.commonPool-worker-0] INFO  util.JmxRegister (JmxRegister.java:unregister(73)) - Successfully un-registered JMX Bean with object name Ratis:service=RaftServer,group=group-87A62D82B691,id=d2d7804f-07c4-4123-9865-3bb05000fdf0
2019-08-22 01:58:51,024 [a150ecf0-9441-4c31-a29f-f6938f908a65-SegmentedRaftLogWorker:Storage Directory /workdir/hadoop-ozone/integration-test/target/test-dir/MiniOzoneClusterImpl-73a943d6-9e54-420a-b8c2-6f1b1463b42a/datanode-4/data/ratis/609f79d0-b647-47da-95d4-35119918ffc0] INFO  segmented.SegmentedRaftLogWorker (SegmentedRaftLogWorker.java:run(313)) - a150ecf0-9441-4c31-a29f-f6938f908a65-SegmentedRaftLogWorker:Storage Directory /workdir/hadoop-ozone/integration-test/target/test-dir/MiniOzoneClusterImpl-73a943d6-9e54-420a-b8c2-6f1b1463b42a/datanode-4/data/ratis/609f79d0-b647-47da-95d4-35119918ffc0 was interrupted, exiting. There are 0 tasks remaining in the queue.
2019-08-22 01:58:51,024 [ForkJoinPool.commonPool-worker-0] INFO  impl.RoleInfo (RoleInfo.java:shutdownLeaderState(104)) - d2d7804f-07c4-4123-9865-3bb05000fdf0: shutdown LeaderState
2019-08-22 01:58:51,027 [main] INFO  segmented.SegmentedRaftLogWorker (SegmentedRaftLogWorker.java:close(228)) - a150ecf0-9441-4c31-a29f-f6938f908a65-SegmentedRaftLogWorker:Storage Directory /workdir/hadoop-ozone/integration-test/target/test-dir/MiniOzoneClusterImpl-73a943d6-9e54-420a-b8c2-6f1b1463b42a/datanode-4/data/ratis/609f79d0-b647-47da-95d4-35119918ffc0 close()
2019-08-22 01:58:51,027 [ForkJoinPool.commonPool-worker-0] INFO  impl.PendingRequests (PendingRequests.java:sendNotLeaderResponses(202)) - d2d7804f-07c4-4123-9865-3bb05000fdf0-PendingRequests: sendNotLeaderResponses
2019-08-22 01:58:51,031 [main] INFO  server.GrpcService (GrpcService.java:closeImpl(155)) - a150ecf0-9441-4c31-a29f-f6938f908a65: shutdown server with port 34879 now
2019-08-22 01:58:51,031 [ForkJoinPool.commonPool-worker-0] INFO  impl.StateMachineUpdater (StateMachineUpdater.java:stopAndJoin(115)) - StateMachineUpdater:d2d7804f-07c4-4123-9865-3bb05000fdf0:group-87A62D82B691: set stopIndex = 0
2019-08-22 01:58:51,032 [ForkJoinPool.commonPool-worker-0] INFO  impl.RaftServerImpl (ServerState.java:close(394)) - d2d7804f-07c4-4123-9865-3bb05000fdf0:group-87A62D82B691 closes. The last applied log index is 0
2019-08-22 01:58:51,032 [grpc-default-executor-6] WARN  server.GrpcServerProtocolService (LogUtils.java:warn(134)) - a150ecf0-9441-4c31-a29f-f6938f908a65: appendEntries onError: org.apache.ratis.thirdparty.io.grpc.StatusRuntimeException: CANCELLED: cancelled before receiving half close
2019-08-22 01:58:51,032 [grpc-default-executor-4] WARN  server.GrpcLogAppender (LogUtils.java:warn(134)) - f3d8d448-3596-4d55-8cde-6a41b384fc87->a150ecf0-9441-4c31-a29f-f6938f908a65: Failed appendEntries: org.apache.ratis.thirdparty.io.grpc.StatusRuntimeException: CANCELLED: HTTP/2 error code: CANCEL
Received Rst Stream
2019-08-22 01:58:51,032 [d2d7804f-07c4-4123-9865-3bb05000fdf0-SegmentedRaftLogWorker:Storage Directory /workdir/hadoop-ozone/integration-test/target/test-dir/MiniOzoneClusterImpl-73a943d6-9e54-420a-b8c2-6f1b1463b42a/datanode-1/data/ratis/29a639fa-ee92-48ff-866d-87a62d82b691] INFO  segmented.SegmentedRaftLogWorker (SegmentedRaftLogWorker.java:run(313)) - d2d7804f-07c4-4123-9865-3bb05000fdf0-SegmentedRaftLogWorker:Storage Directory /workdir/hadoop-ozone/integration-test/target/test-dir/MiniOzoneClusterImpl-73a943d6-9e54-420a-b8c2-6f1b1463b42a/datanode-1/data/ratis/29a639fa-ee92-48ff-866d-87a62d82b691 was interrupted, exiting. There are 0 tasks remaining in the queue.
2019-08-22 01:58:51,032 [main] INFO  server.GrpcService (GrpcService.java:closeImpl(163)) - a150ecf0-9441-4c31-a29f-f6938f908a65: shutdown server with port 34879 successfully
2019-08-22 01:58:51,035 [ForkJoinPool.commonPool-worker-0] INFO  segmented.SegmentedRaftLogWorker (SegmentedRaftLogWorker.java:close(228)) - d2d7804f-07c4-4123-9865-3bb05000fdf0-SegmentedRaftLogWorker:Storage Directory /workdir/hadoop-ozone/integration-test/target/test-dir/MiniOzoneClusterImpl-73a943d6-9e54-420a-b8c2-6f1b1463b42a/datanode-1/data/ratis/29a639fa-ee92-48ff-866d-87a62d82b691 close()
2019-08-22 01:58:51,033 [grpc-default-executor-4] INFO  impl.FollowerInfo (FollowerInfo.java:lambda$new$0(50)) - f3d8d448-3596-4d55-8cde-6a41b384fc87->a150ecf0-9441-4c31-a29f-f6938f908a65: nextIndex: updateUnconditionally 7 -> 6
2019-08-22 01:58:51,042 [ForkJoinPool.commonPool-worker-0] INFO  server.GrpcService (GrpcService.java:closeImpl(155)) - d2d7804f-07c4-4123-9865-3bb05000fdf0: shutdown server with port 34770 now
2019-08-22 01:58:51,043 [main] INFO  utils.BackgroundService (BackgroundService.java:shutdown(148)) - Shutting down service BlockDeletingService
2019-08-22 01:58:51,044 [grpc-default-executor-6] WARN  client.GrpcClientProtocolService (LogUtils.java:warn(134)) - 3-UnorderedRequestStreamObserver3: onError: org.apache.ratis.thirdparty.io.grpc.StatusRuntimeException: CANCELLED: cancelled before receiving half close
2019-08-22 01:58:51,044 [ForkJoinPool.commonPool-worker-0] INFO  server.GrpcService (GrpcService.java:closeImpl(163)) - d2d7804f-07c4-4123-9865-3bb05000fdf0: shutdown server with port 34770 successfully
2019-08-22 01:58:51,046 [refreshUsed-/workdir/hadoop-ozone/integration-test/target/test-dir/MiniOzoneClusterImpl-73a943d6-9e54-420a-b8c2-6f1b1463b42a/datanode-4/data/containers] WARN  fs.CachingGetSpaceUsed (CachingGetSpaceUsed.java:run(183)) - Thread Interrupted waiting to refresh disk information: sleep interrupted
2019-08-22 01:58:51,047 [ForkJoinPool.commonPool-worker-0] INFO  utils.BackgroundService (BackgroundService.java:shutdown(148)) - Shutting down service BlockDeletingService
2019-08-22 01:58:51,051 [refreshUsed-/workdir/hadoop-ozone/integration-test/target/test-dir/MiniOzoneClusterImpl-73a943d6-9e54-420a-b8c2-6f1b1463b42a/datanode-1/data/containers] WARN  fs.CachingGetSpaceUsed (CachingGetSpaceUsed.java:run(183)) - Thread Interrupted waiting to refresh disk information: sleep interrupted
2019-08-22 01:58:51,079 [main] INFO  statemachine.DatanodeStateMachine (DatanodeStateMachine.java:stopDaemon(395)) - Ozone container server stopped.
2019-08-22 01:58:51,080 [main] INFO  handler.ContextHandler (ContextHandler.java:doStop(910)) - Stopped o.e.j.w.WebAppContext@2f0b7b6d{/,null,UNAVAILABLE}{/hddsDatanode}
2019-08-22 01:58:51,080 [main] INFO  server.AbstractConnector (AbstractConnector.java:doStop(318)) - Stopped ServerConnector@1766b7{HTTP/1.1,[http/1.1]}{0.0.0.0:0}
2019-08-22 01:58:51,081 [main] INFO  handler.ContextHandler (ContextHandler.java:doStop(910)) - Stopped o.e.j.s.ServletContextHandler@4664fef{/static,jar:file:/home/user/.m2/repository/org/apache/hadoop/hadoop-hdds-container-service/0.5.0-SNAPSHOT/hadoop-hdds-container-service-0.5.0-SNAPSHOT.jar!/webapps/static,UNAVAILABLE}
2019-08-22 01:58:51,081 [main] INFO  handler.ContextHandler (ContextHandler.java:doStop(910)) - Stopped o.e.j.s.ServletContextHandler@1b8d0c21{/logs,file:///workdir/hadoop-ozone/integration-test/target/log,UNAVAILABLE}
2019-08-22 01:58:51,082 [main] INFO  datanode.ObjectStoreHandler (ObjectStoreHandler.java:close(155)) - Closing ObjectStoreHandler.
2019-08-22 01:58:51,084 [main] INFO  ozone.HddsDatanodeService (HddsDatanodeService.java:stop(451)) - Stopped plug-in org.apache.hadoop.ozone.web.OzoneHddsDatanodeService@65c040c9
2019-08-22 01:58:51,085 [ForkJoinPool.commonPool-worker-0] INFO  statemachine.DatanodeStateMachine (DatanodeStateMachine.java:stopDaemon(395)) - Ozone container server stopped.
2019-08-22 01:58:51,091 [ForkJoinPool.commonPool-worker-0] INFO  handler.ContextHandler (ContextHandler.java:doStop(910)) - Stopped o.e.j.w.WebAppContext@1320d929{/,null,UNAVAILABLE}{/hddsDatanode}
2019-08-22 01:58:51,091 [ForkJoinPool.commonPool-worker-0] INFO  server.AbstractConnector (AbstractConnector.java:doStop(318)) - Stopped ServerConnector@3b5d0c4d{HTTP/1.1,[http/1.1]}{0.0.0.0:0}
2019-08-22 01:58:51,107 [ForkJoinPool.commonPool-worker-0] INFO  handler.ContextHandler (ContextHandler.java:doStop(910)) - Stopped o.e.j.s.ServletContextHandler@3725471{/static,jar:file:/home/user/.m2/repository/org/apache/hadoop/hadoop-hdds-container-service/0.5.0-SNAPSHOT/hadoop-hdds-container-service-0.5.0-SNAPSHOT.jar!/webapps/static,UNAVAILABLE}
2019-08-22 01:58:51,107 [ForkJoinPool.commonPool-worker-0] INFO  handler.ContextHandler (ContextHandler.java:doStop(910)) - Stopped o.e.j.s.ServletContextHandler@2625eb84{/logs,file:///workdir/hadoop-ozone/integration-test/target/log,UNAVAILABLE}
2019-08-22 01:58:51,109 [ForkJoinPool.commonPool-worker-0] INFO  datanode.ObjectStoreHandler (ObjectStoreHandler.java:close(155)) - Closing ObjectStoreHandler.
2019-08-22 01:58:51,109 [ForkJoinPool.commonPool-worker-0] INFO  ozone.HddsDatanodeService (HddsDatanodeService.java:stop(451)) - Stopped plug-in org.apache.hadoop.ozone.web.OzoneHddsDatanodeService@731819a0
2019-08-22 01:58:51,217 | INFO  | SCMAudit | user=jenkins1000 | ip=192.168.34.54 | op=SEND_HEARTBEAT {datanodeUUID=0bd46545-a21f-4e46-b789-16e7c65dbdf4, command=[]} | ret=SUCCESS |  
2019-08-22 01:58:51,541 [Datanode State Machine Thread - 0] INFO  statemachine.DatanodeStateMachine (DatanodeStateMachine.java:lambda$startDaemon$0(350)) - Ozone container server started.
2019-08-22 01:58:51,543 | INFO  | SCMAudit | user=jenkins1000 | ip=192.168.34.54 | op=SEND_HEARTBEAT {datanodeUUID=bb7541e0-7fde-4f15-9948-e374d6325018, command=[commandType: closeContainerCommand closeContainerCommandProto { containerID: 1 pipelineID { id: "d8a1a47f-f976-411d-aa60-ca7304bd04ef" } cmdId: 1 force: false } ]} | ret=SUCCESS |  
2019-08-22 01:58:51,812 [Datanode State Machine Thread - 0] INFO  statemachine.DatanodeStateMachine (DatanodeStateMachine.java:lambda$startDaemon$0(350)) - Ozone container server started.
2019-08-22 01:58:51,814 | INFO  | SCMAudit | user=jenkins1000 | ip=192.168.34.54 | op=SEND_HEARTBEAT {datanodeUUID=f3d8d448-3596-4d55-8cde-6a41b384fc87, command=[commandType: closeContainerCommand closeContainerCommandProto { containerID: 2 pipelineID { id: "609f79d0-b647-47da-95d4-35119918ffc0" } cmdId: 2 force: false } ]} | ret=SUCCESS |  
2019-08-22 01:58:52,217 | INFO  | SCMAudit | user=jenkins1000 | ip=192.168.34.54 | op=SEND_HEARTBEAT {datanodeUUID=0bd46545-a21f-4e46-b789-16e7c65dbdf4, command=[]} | ret=SUCCESS |  
2019-08-22 01:58:52,542 | INFO  | SCMAudit | user=jenkins1000 | ip=192.168.34.54 | op=SEND_HEARTBEAT {datanodeUUID=bb7541e0-7fde-4f15-9948-e374d6325018, command=[]} | ret=SUCCESS |  
2019-08-22 01:58:52,812 | INFO  | SCMAudit | user=jenkins1000 | ip=192.168.34.54 | op=SEND_HEARTBEAT {datanodeUUID=f3d8d448-3596-4d55-8cde-6a41b384fc87, command=[]} | ret=SUCCESS |  
2019-08-22 01:58:52,842 | INFO  | SCMAudit | user=jenkins1000 | ip=192.168.34.54 | op=SEND_HEARTBEAT {datanodeUUID=f3d8d448-3596-4d55-8cde-6a41b384fc87, command=[]} | ret=SUCCESS |  
2019-08-22 01:58:52,846 [grpc-default-executor-4] WARN  server.GrpcLogAppender (LogUtils.java:warn(134)) - f3d8d448-3596-4d55-8cde-6a41b384fc87->a150ecf0-9441-4c31-a29f-f6938f908a65: Failed appendEntries: org.apache.ratis.thirdparty.io.grpc.StatusRuntimeException: UNAVAILABLE: io exception
2019-08-22 01:58:52,847 [grpc-default-executor-4] INFO  impl.FollowerInfo (FollowerInfo.java:lambda$new$0(50)) - f3d8d448-3596-4d55-8cde-6a41b384fc87->a150ecf0-9441-4c31-a29f-f6938f908a65: nextIndex: updateUnconditionally 7 -> 6
2019-08-22 01:58:52,857 [grpc-default-executor-6] WARN  server.GrpcLogAppender (LogUtils.java:warn(134)) - f3d8d448-3596-4d55-8cde-6a41b384fc87->a150ecf0-9441-4c31-a29f-f6938f908a65: Failed appendEntries: org.apache.ratis.thirdparty.io.grpc.StatusRuntimeException: UNAVAILABLE: io exception
2019-08-22 01:58:52,858 [grpc-default-executor-6] INFO  impl.FollowerInfo (FollowerInfo.java:lambda$new$0(50)) - f3d8d448-3596-4d55-8cde-6a41b384fc87->a150ecf0-9441-4c31-a29f-f6938f908a65: nextIndex: updateUnconditionally 7 -> 6
2019-08-22 01:58:52,875 [grpc-default-executor-6] WARN  server.GrpcLogAppender (LogUtils.java:warn(134)) - f3d8d448-3596-4d55-8cde-6a41b384fc87->a150ecf0-9441-4c31-a29f-f6938f908a65: Failed appendEntries: org.apache.ratis.thirdparty.io.grpc.StatusRuntimeException: UNAVAILABLE: io exception
2019-08-22 01:58:52,876 [grpc-default-executor-6] INFO  impl.FollowerInfo (FollowerInfo.java:lambda$new$0(50)) - f3d8d448-3596-4d55-8cde-6a41b384fc87->a150ecf0-9441-4c31-a29f-f6938f908a65: nextIndex: updateUnconditionally 7 -> 6
2019-08-22 01:58:52,927 [RatisApplyTransactionExecutor 2] INFO  interfaces.Container (KeyValueContainer.java:compactDB(356)) - Container 2 is closed with bcsId 4.
2019-08-22 01:58:52,927 | INFO  | DNAudit | user=null | ip=null | op=CLOSE_CONTAINER {containerID=2} | ret=SUCCESS |  
2019-08-22 01:58:52,928 | INFO  | SCMAudit | user=jenkins1000 | ip=192.168.34.54 | op=SEND_HEARTBEAT {datanodeUUID=f3d8d448-3596-4d55-8cde-6a41b384fc87, command=[]} | ret=SUCCESS |  
2019-08-22 01:58:52,929 [EventQueue-IncrementalContainerReportForIncrementalContainerReportHandler] INFO  container.IncrementalContainerReportHandler (AbstractContainerReportHandler.java:updateContainerState(176)) - Moving container #2 to CLOSED state, datanode f3d8d448-3596-4d55-8cde-6a41b384fc87{ip: 192.168.34.54, host: pr-hdds-1998-jt8wz-3050591487, networkLocation: /default-rack, certSerialId: null} reported CLOSED replica.
2019-08-22 01:58:52,969 [RatisApplyTransactionExecutor 2] INFO  interfaces.Container (KeyValueContainer.java:compactDB(356)) - Container 2 is closed with bcsId 4.
2019-08-22 01:58:52,970 | INFO  | DNAudit | user=null | ip=null | op=CLOSE_CONTAINER {containerID=2} | ret=SUCCESS |  
2019-08-22 01:58:53,216 | INFO  | SCMAudit | user=jenkins1000 | ip=192.168.34.54 | op=SEND_HEARTBEAT {datanodeUUID=0bd46545-a21f-4e46-b789-16e7c65dbdf4, command=[]} | ret=SUCCESS |  
2019-08-22 01:58:53,543 | INFO  | SCMAudit | user=jenkins1000 | ip=192.168.34.54 | op=SEND_HEARTBEAT {datanodeUUID=bb7541e0-7fde-4f15-9948-e374d6325018, command=[]} | ret=SUCCESS |  
2019-08-22 01:58:53,570 | INFO  | SCMAudit | user=jenkins1000 | ip=192.168.34.54 | op=SEND_HEARTBEAT {datanodeUUID=bb7541e0-7fde-4f15-9948-e374d6325018, command=[]} | ret=SUCCESS |  
2019-08-22 01:58:53,929 | INFO  | SCMAudit | user=jenkins1000 | ip=192.168.34.54 | op=SEND_HEARTBEAT {datanodeUUID=f3d8d448-3596-4d55-8cde-6a41b384fc87, command=[]} | ret=SUCCESS |  
2019-08-22 01:58:54,217 | INFO  | SCMAudit | user=jenkins1000 | ip=192.168.34.54 | op=SEND_HEARTBEAT {datanodeUUID=0bd46545-a21f-4e46-b789-16e7c65dbdf4, command=[]} | ret=SUCCESS |  
2019-08-22 01:58:54,569 | INFO  | SCMAudit | user=jenkins1000 | ip=192.168.34.54 | op=SEND_HEARTBEAT {datanodeUUID=bb7541e0-7fde-4f15-9948-e374d6325018, command=[]} | ret=SUCCESS |  
2019-08-22 01:58:54,929 | INFO  | SCMAudit | user=jenkins1000 | ip=192.168.34.54 | op=SEND_HEARTBEAT {datanodeUUID=f3d8d448-3596-4d55-8cde-6a41b384fc87, command=[]} | ret=SUCCESS |  
2019-08-22 01:58:55,216 | INFO  | SCMAudit | user=jenkins1000 | ip=192.168.34.54 | op=SEND_HEARTBEAT {datanodeUUID=0bd46545-a21f-4e46-b789-16e7c65dbdf4, command=[]} | ret=SUCCESS |  
2019-08-22 01:58:55,376 [grpc-default-executor-6] WARN  server.GrpcLogAppender (LogUtils.java:warn(134)) - f3d8d448-3596-4d55-8cde-6a41b384fc87->a150ecf0-9441-4c31-a29f-f6938f908a65: Failed appendEntries: org.apache.ratis.thirdparty.io.grpc.StatusRuntimeException: UNAVAILABLE: io exception
2019-08-22 01:58:55,376 [grpc-default-executor-6] INFO  impl.FollowerInfo (FollowerInfo.java:lambda$new$0(50)) - f3d8d448-3596-4d55-8cde-6a41b384fc87->a150ecf0-9441-4c31-a29f-f6938f908a65: nextIndex: updateUnconditionally 6 -> 5
2019-08-22 01:58:55,569 | INFO  | SCMAudit | user=jenkins1000 | ip=192.168.34.54 | op=SEND_HEARTBEAT {datanodeUUID=bb7541e0-7fde-4f15-9948-e374d6325018, command=[]} | ret=SUCCESS |  
2019-08-22 01:58:55,641 [EventQueue-StaleNodeForStaleNodeHandler] INFO  node.StaleNodeHandler (StaleNodeHandler.java:onMessage(58)) - Datanode cc0da2ba-fdfe-4e15-bb7f-949408fb434b{ip: 192.168.34.54, host: pr-hdds-1998-jt8wz-3050591487, networkLocation: /default-rack, certSerialId: null} moved to stale state. Finalizing its pipelines [PipelineID=d8a1a47f-f976-411d-aa60-ca7304bd04ef, PipelineID=27431774-f8ad-4008-ab4d-e36039800411]
2019-08-22 01:58:55,641 [EventQueue-StaleNodeForStaleNodeHandler] INFO  pipeline.SCMPipelineManager (SCMPipelineManager.java:finalizeAndDestroyPipeline(309)) - destroying pipeline:Pipeline[ Id: d8a1a47f-f976-411d-aa60-ca7304bd04ef, Nodes: cc0da2ba-fdfe-4e15-bb7f-949408fb434b{ip: 192.168.34.54, host: pr-hdds-1998-jt8wz-3050591487, networkLocation: /default-rack, certSerialId: null}bb7541e0-7fde-4f15-9948-e374d6325018{ip: 192.168.34.54, host: pr-hdds-1998-jt8wz-3050591487, networkLocation: /default-rack, certSerialId: null}d2d7804f-07c4-4123-9865-3bb05000fdf0{ip: 192.168.34.54, host: pr-hdds-1998-jt8wz-3050591487, networkLocation: /default-rack, certSerialId: null}, Type:RATIS, Factor:THREE, State:CLOSED]
2019-08-22 01:58:55,642 [EventQueue-StaleNodeForStaleNodeHandler] INFO  pipeline.SCMPipelineManager (SCMPipelineManager.java:finalizeAndDestroyPipeline(309)) - destroying pipeline:Pipeline[ Id: 27431774-f8ad-4008-ab4d-e36039800411, Nodes: cc0da2ba-fdfe-4e15-bb7f-949408fb434b{ip: 192.168.34.54, host: pr-hdds-1998-jt8wz-3050591487, networkLocation: /default-rack, certSerialId: null}, Type:RATIS, Factor:ONE, State:OPEN]
2019-08-22 01:58:55,642 [EventQueue-StaleNodeForStaleNodeHandler] INFO  pipeline.PipelineStateManager (PipelineStateManager.java:finalizePipeline(123)) - Pipeline Pipeline[ Id: 27431774-f8ad-4008-ab4d-e36039800411, Nodes: cc0da2ba-fdfe-4e15-bb7f-949408fb434b{ip: 192.168.34.54, host: pr-hdds-1998-jt8wz-3050591487, networkLocation: /default-rack, certSerialId: null}, Type:RATIS, Factor:ONE, State:CLOSED] moved to CLOSED state
2019-08-22 01:58:55,841 [EventQueue-StaleNodeForStaleNodeHandler] INFO  node.StaleNodeHandler (StaleNodeHandler.java:onMessage(58)) - Datanode 730038c5-3d8b-441c-8787-c9cbc1ffc73d{ip: 192.168.34.54, host: pr-hdds-1998-jt8wz-3050591487, networkLocation: /default-rack, certSerialId: null} moved to stale state. Finalizing its pipelines [PipelineID=7e8e26ad-d949-4679-b9e7-f3ccc5ea0583, PipelineID=609f79d0-b647-47da-95d4-35119918ffc0]
2019-08-22 01:58:55,842 [EventQueue-StaleNodeForStaleNodeHandler] INFO  pipeline.SCMPipelineManager (SCMPipelineManager.java:finalizeAndDestroyPipeline(309)) - destroying pipeline:Pipeline[ Id: 7e8e26ad-d949-4679-b9e7-f3ccc5ea0583, Nodes: 730038c5-3d8b-441c-8787-c9cbc1ffc73d{ip: 192.168.34.54, host: pr-hdds-1998-jt8wz-3050591487, networkLocation: /default-rack, certSerialId: null}, Type:RATIS, Factor:ONE, State:OPEN]
2019-08-22 01:58:55,842 [EventQueue-StaleNodeForStaleNodeHandler] INFO  pipeline.PipelineStateManager (PipelineStateManager.java:finalizePipeline(123)) - Pipeline Pipeline[ Id: 7e8e26ad-d949-4679-b9e7-f3ccc5ea0583, Nodes: 730038c5-3d8b-441c-8787-c9cbc1ffc73d{ip: 192.168.34.54, host: pr-hdds-1998-jt8wz-3050591487, networkLocation: /default-rack, certSerialId: null}, Type:RATIS, Factor:ONE, State:CLOSED] moved to CLOSED state
2019-08-22 01:58:55,842 [EventQueue-StaleNodeForStaleNodeHandler] INFO  pipeline.SCMPipelineManager (SCMPipelineManager.java:finalizeAndDestroyPipeline(309)) - destroying pipeline:Pipeline[ Id: 609f79d0-b647-47da-95d4-35119918ffc0, Nodes: a150ecf0-9441-4c31-a29f-f6938f908a65{ip: 192.168.34.54, host: pr-hdds-1998-jt8wz-3050591487, networkLocation: /default-rack, certSerialId: null}730038c5-3d8b-441c-8787-c9cbc1ffc73d{ip: 192.168.34.54, host: pr-hdds-1998-jt8wz-3050591487, networkLocation: /default-rack, certSerialId: null}f3d8d448-3596-4d55-8cde-6a41b384fc87{ip: 192.168.34.54, host: pr-hdds-1998-jt8wz-3050591487, networkLocation: /default-rack, certSerialId: null}, Type:RATIS, Factor:THREE, State:CLOSED]
2019-08-22 01:58:55,929 | INFO  | SCMAudit | user=jenkins1000 | ip=192.168.34.54 | op=SEND_HEARTBEAT {datanodeUUID=f3d8d448-3596-4d55-8cde-6a41b384fc87, command=[]} | ret=SUCCESS |  
2019-08-22 01:58:56,086 [main] INFO  ozoneimpl.OzoneContainer (OzoneContainer.java:stop(199)) - Attempting to stop container services.
2019-08-22 01:58:56,087 [main] INFO  impl.RaftServerProxy (RaftServerProxy.java:lambda$close$4(314)) - 730038c5-3d8b-441c-8787-c9cbc1ffc73d: close
2019-08-22 01:58:56,087 [main] INFO  impl.RaftServerImpl (RaftServerImpl.java:lambda$shutdown$3(245)) - 730038c5-3d8b-441c-8787-c9cbc1ffc73d: shutdown group-F3CCC5EA0583
2019-08-22 01:58:56,088 [main] INFO  util.JmxRegister (JmxRegister.java:unregister(73)) - Successfully un-registered JMX Bean with object name Ratis:service=RaftServer,group=group-F3CCC5EA0583,id=730038c5-3d8b-441c-8787-c9cbc1ffc73d
2019-08-22 01:58:56,088 [main] INFO  impl.RoleInfo (RoleInfo.java:shutdownLeaderState(104)) - 730038c5-3d8b-441c-8787-c9cbc1ffc73d: shutdown LeaderState
2019-08-22 01:58:56,088 [main] INFO  impl.PendingRequests (PendingRequests.java:sendNotLeaderResponses(202)) - 730038c5-3d8b-441c-8787-c9cbc1ffc73d-PendingRequests: sendNotLeaderResponses
2019-08-22 01:58:56,089 [main] INFO  impl.StateMachineUpdater (StateMachineUpdater.java:stopAndJoin(115)) - StateMachineUpdater:730038c5-3d8b-441c-8787-c9cbc1ffc73d:group-F3CCC5EA0583: set stopIndex = 0
2019-08-22 01:58:56,089 [main] INFO  impl.RaftServerImpl (ServerState.java:close(394)) - 730038c5-3d8b-441c-8787-c9cbc1ffc73d:group-F3CCC5EA0583 closes. The last applied log index is 0
2019-08-22 01:58:56,090 [730038c5-3d8b-441c-8787-c9cbc1ffc73d-SegmentedRaftLogWorker:Storage Directory /workdir/hadoop-ozone/integration-test/target/test-dir/MiniOzoneClusterImpl-73a943d6-9e54-420a-b8c2-6f1b1463b42a/datanode-3/data/ratis/7e8e26ad-d949-4679-b9e7-f3ccc5ea0583] INFO  segmented.SegmentedRaftLogWorker (SegmentedRaftLogWorker.java:run(313)) - 730038c5-3d8b-441c-8787-c9cbc1ffc73d-SegmentedRaftLogWorker:Storage Directory /workdir/hadoop-ozone/integration-test/target/test-dir/MiniOzoneClusterImpl-73a943d6-9e54-420a-b8c2-6f1b1463b42a/datanode-3/data/ratis/7e8e26ad-d949-4679-b9e7-f3ccc5ea0583 was interrupted, exiting. There are 0 tasks remaining in the queue.
2019-08-22 01:58:56,093 [main] INFO  segmented.SegmentedRaftLogWorker (SegmentedRaftLogWorker.java:close(228)) - 730038c5-3d8b-441c-8787-c9cbc1ffc73d-SegmentedRaftLogWorker:Storage Directory /workdir/hadoop-ozone/integration-test/target/test-dir/MiniOzoneClusterImpl-73a943d6-9e54-420a-b8c2-6f1b1463b42a/datanode-3/data/ratis/7e8e26ad-d949-4679-b9e7-f3ccc5ea0583 close()
2019-08-22 01:58:56,096 [main] INFO  impl.RaftServerImpl (RaftServerImpl.java:lambda$shutdown$3(245)) - 730038c5-3d8b-441c-8787-c9cbc1ffc73d: shutdown group-35119918FFC0
2019-08-22 01:58:56,097 [main] INFO  util.JmxRegister (JmxRegister.java:unregister(73)) - Successfully un-registered JMX Bean with object name Ratis:service=RaftServer,group=group-35119918FFC0,id=730038c5-3d8b-441c-8787-c9cbc1ffc73d
2019-08-22 01:58:56,097 [main] INFO  impl.RoleInfo (RoleInfo.java:shutdownFollowerState(121)) - 730038c5-3d8b-441c-8787-c9cbc1ffc73d: shutdown FollowerState
2019-08-22 01:58:56,097 [main] INFO  impl.StateMachineUpdater (StateMachineUpdater.java:stopAndJoin(115)) - StateMachineUpdater:730038c5-3d8b-441c-8787-c9cbc1ffc73d:group-35119918FFC0: set stopIndex = 8
2019-08-22 01:58:56,098 [Thread-3778] INFO  impl.FollowerState (FollowerState.java:run(114)) - 730038c5-3d8b-441c-8787-c9cbc1ffc73d: FollowerState was interrupted: java.lang.InterruptedException: sleep interrupted
2019-08-22 01:58:56,098 [StateMachineUpdater:730038c5-3d8b-441c-8787-c9cbc1ffc73d:group-35119918FFC0] INFO  ratis.ContainerStateMachine (ContainerStateMachine.java:takeSnapshot(283)) - group-35119918FFC0: Taking a snapshot at:(t:1, i:7) file /workdir/hadoop-ozone/integration-test/target/test-dir/MiniOzoneClusterImpl-73a943d6-9e54-420a-b8c2-6f1b1463b42a/datanode-3/data/ratis/609f79d0-b647-47da-95d4-35119918ffc0/sm/snapshot.1_7
2019-08-22 01:58:56,110 [ForkJoinPool.commonPool-worker-0] INFO  ozoneimpl.OzoneContainer (OzoneContainer.java:stop(199)) - Attempting to stop container services.
2019-08-22 01:58:56,110 [ForkJoinPool.commonPool-worker-0] INFO  impl.RaftServerProxy (RaftServerProxy.java:lambda$close$4(314)) - cc0da2ba-fdfe-4e15-bb7f-949408fb434b: close
2019-08-22 01:58:56,110 [ForkJoinPool.commonPool-worker-0] INFO  impl.RaftServerImpl (RaftServerImpl.java:lambda$shutdown$3(245)) - cc0da2ba-fdfe-4e15-bb7f-949408fb434b: shutdown group-CA7304BD04EF
2019-08-22 01:58:56,111 [ForkJoinPool.commonPool-worker-0] INFO  util.JmxRegister (JmxRegister.java:unregister(73)) - Successfully un-registered JMX Bean with object name Ratis:service=RaftServer,group=group-CA7304BD04EF,id=cc0da2ba-fdfe-4e15-bb7f-949408fb434b
2019-08-22 01:58:56,111 [ForkJoinPool.commonPool-worker-0] INFO  impl.RoleInfo (RoleInfo.java:shutdownFollowerState(121)) - cc0da2ba-fdfe-4e15-bb7f-949408fb434b: shutdown FollowerState
2019-08-22 01:58:56,111 [ForkJoinPool.commonPool-worker-0] INFO  impl.StateMachineUpdater (StateMachineUpdater.java:stopAndJoin(115)) - StateMachineUpdater:cc0da2ba-fdfe-4e15-bb7f-949408fb434b:group-CA7304BD04EF: set stopIndex = 6
2019-08-22 01:58:56,111 [Thread-3758] INFO  impl.FollowerState (FollowerState.java:run(114)) - cc0da2ba-fdfe-4e15-bb7f-949408fb434b: FollowerState was interrupted: java.lang.InterruptedException: sleep interrupted
2019-08-22 01:58:56,111 [StateMachineUpdater:cc0da2ba-fdfe-4e15-bb7f-949408fb434b:group-CA7304BD04EF] INFO  ratis.ContainerStateMachine (ContainerStateMachine.java:takeSnapshot(283)) - group-CA7304BD04EF: Taking a snapshot at:(t:1, i:6) file /workdir/hadoop-ozone/integration-test/target/test-dir/MiniOzoneClusterImpl-73a943d6-9e54-420a-b8c2-6f1b1463b42a/datanode-2/data/ratis/d8a1a47f-f976-411d-aa60-ca7304bd04ef/sm/snapshot.1_6
2019-08-22 01:58:56,113 [StateMachineUpdater:730038c5-3d8b-441c-8787-c9cbc1ffc73d:group-35119918FFC0] INFO  ratis.ContainerStateMachine (ContainerStateMachine.java:takeSnapshot(294)) - group-35119918FFC0: Finished taking a snapshot at:(t:1, i:7) file:/workdir/hadoop-ozone/integration-test/target/test-dir/MiniOzoneClusterImpl-73a943d6-9e54-420a-b8c2-6f1b1463b42a/datanode-3/data/ratis/609f79d0-b647-47da-95d4-35119918ffc0/sm/snapshot.1_7 time:15
2019-08-22 01:58:56,113 [StateMachineUpdater:730038c5-3d8b-441c-8787-c9cbc1ffc73d:group-35119918FFC0] INFO  impl.StateMachineUpdater (StateMachineUpdater.java:takeSnapshot(242)) - StateMachineUpdater:730038c5-3d8b-441c-8787-c9cbc1ffc73d:group-35119918FFC0: Took a snapshot at index 7
2019-08-22 01:58:56,113 [StateMachineUpdater:730038c5-3d8b-441c-8787-c9cbc1ffc73d:group-35119918FFC0] INFO  impl.StateMachineUpdater (StateMachineUpdater.java:lambda$new$0(80)) - StateMachineUpdater:730038c5-3d8b-441c-8787-c9cbc1ffc73d:group-35119918FFC0: snapshotIndex: updateIncreasingly -1 -> 7
2019-08-22 01:58:56,114 [main] INFO  impl.RaftServerImpl (ServerState.java:close(394)) - 730038c5-3d8b-441c-8787-c9cbc1ffc73d:group-35119918FFC0 closes. The last applied log index is 8
2019-08-22 01:58:56,114 [730038c5-3d8b-441c-8787-c9cbc1ffc73d-SegmentedRaftLogWorker:Storage Directory /workdir/hadoop-ozone/integration-test/target/test-dir/MiniOzoneClusterImpl-73a943d6-9e54-420a-b8c2-6f1b1463b42a/datanode-3/data/ratis/609f79d0-b647-47da-95d4-35119918ffc0] INFO  segmented.SegmentedRaftLogWorker (SegmentedRaftLogWorker.java:run(313)) - 730038c5-3d8b-441c-8787-c9cbc1ffc73d-SegmentedRaftLogWorker:Storage Directory /workdir/hadoop-ozone/integration-test/target/test-dir/MiniOzoneClusterImpl-73a943d6-9e54-420a-b8c2-6f1b1463b42a/datanode-3/data/ratis/609f79d0-b647-47da-95d4-35119918ffc0 was interrupted, exiting. There are 0 tasks remaining in the queue.
2019-08-22 01:58:56,116 [main] INFO  segmented.SegmentedRaftLogWorker (SegmentedRaftLogWorker.java:close(228)) - 730038c5-3d8b-441c-8787-c9cbc1ffc73d-SegmentedRaftLogWorker:Storage Directory /workdir/hadoop-ozone/integration-test/target/test-dir/MiniOzoneClusterImpl-73a943d6-9e54-420a-b8c2-6f1b1463b42a/datanode-3/data/ratis/609f79d0-b647-47da-95d4-35119918ffc0 close()
2019-08-22 01:58:56,119 [main] INFO  server.GrpcService (GrpcService.java:closeImpl(155)) - 730038c5-3d8b-441c-8787-c9cbc1ffc73d: shutdown server with port 39337 now
2019-08-22 01:58:56,120 [grpc-default-executor-4] WARN  server.GrpcServerProtocolService (LogUtils.java:warn(134)) - 730038c5-3d8b-441c-8787-c9cbc1ffc73d: appendEntries onError: org.apache.ratis.thirdparty.io.grpc.StatusRuntimeException: CANCELLED: cancelled before receiving half close
2019-08-22 01:58:56,121 [main] INFO  server.GrpcService (GrpcService.java:closeImpl(163)) - 730038c5-3d8b-441c-8787-c9cbc1ffc73d: shutdown server with port 39337 successfully
2019-08-22 01:58:56,121 [grpc-default-executor-4] WARN  server.GrpcLogAppender (LogUtils.java:warn(134)) - f3d8d448-3596-4d55-8cde-6a41b384fc87->730038c5-3d8b-441c-8787-c9cbc1ffc73d: Failed appendEntries: org.apache.ratis.thirdparty.io.grpc.StatusRuntimeException: CANCELLED: HTTP/2 error code: CANCEL
Received Rst Stream
2019-08-22 01:58:56,122 [grpc-default-executor-4] INFO  impl.FollowerInfo (FollowerInfo.java:lambda$new$0(50)) - f3d8d448-3596-4d55-8cde-6a41b384fc87->730038c5-3d8b-441c-8787-c9cbc1ffc73d: nextIndex: updateUnconditionally 9 -> 8
2019-08-22 01:58:56,122 [main] INFO  utils.BackgroundService (BackgroundService.java:shutdown(148)) - Shutting down service BlockDeletingService
2019-08-22 01:58:56,123 [refreshUsed-/workdir/hadoop-ozone/integration-test/target/test-dir/MiniOzoneClusterImpl-73a943d6-9e54-420a-b8c2-6f1b1463b42a/datanode-3/data/containers] WARN  fs.CachingGetSpaceUsed (CachingGetSpaceUsed.java:run(183)) - Thread Interrupted waiting to refresh disk information: sleep interrupted
2019-08-22 01:58:56,139 [StateMachineUpdater:cc0da2ba-fdfe-4e15-bb7f-949408fb434b:group-CA7304BD04EF] INFO  ratis.ContainerStateMachine (ContainerStateMachine.java:takeSnapshot(294)) - group-CA7304BD04EF: Finished taking a snapshot at:(t:1, i:6) file:/workdir/hadoop-ozone/integration-test/target/test-dir/MiniOzoneClusterImpl-73a943d6-9e54-420a-b8c2-6f1b1463b42a/datanode-2/data/ratis/d8a1a47f-f976-411d-aa60-ca7304bd04ef/sm/snapshot.1_6 time:27
2019-08-22 01:58:56,139 [StateMachineUpdater:cc0da2ba-fdfe-4e15-bb7f-949408fb434b:group-CA7304BD04EF] INFO  impl.StateMachineUpdater (StateMachineUpdater.java:takeSnapshot(242)) - StateMachineUpdater:cc0da2ba-fdfe-4e15-bb7f-949408fb434b:group-CA7304BD04EF: Took a snapshot at index 6
2019-08-22 01:58:56,139 [StateMachineUpdater:cc0da2ba-fdfe-4e15-bb7f-949408fb434b:group-CA7304BD04EF] INFO  impl.StateMachineUpdater (StateMachineUpdater.java:lambda$new$0(80)) - StateMachineUpdater:cc0da2ba-fdfe-4e15-bb7f-949408fb434b:group-CA7304BD04EF: snapshotIndex: updateIncreasingly -1 -> 6
2019-08-22 01:58:56,140 [ForkJoinPool.commonPool-worker-0] INFO  impl.RaftServerImpl (ServerState.java:close(394)) - cc0da2ba-fdfe-4e15-bb7f-949408fb434b:group-CA7304BD04EF closes. The last applied log index is 6
2019-08-22 01:58:56,140 [cc0da2ba-fdfe-4e15-bb7f-949408fb434b-SegmentedRaftLogWorker:Storage Directory /workdir/hadoop-ozone/integration-test/target/test-dir/MiniOzoneClusterImpl-73a943d6-9e54-420a-b8c2-6f1b1463b42a/datanode-2/data/ratis/d8a1a47f-f976-411d-aa60-ca7304bd04ef] INFO  segmented.SegmentedRaftLogWorker (SegmentedRaftLogWorker.java:run(313)) - cc0da2ba-fdfe-4e15-bb7f-949408fb434b-SegmentedRaftLogWorker:Storage Directory /workdir/hadoop-ozone/integration-test/target/test-dir/MiniOzoneClusterImpl-73a943d6-9e54-420a-b8c2-6f1b1463b42a/datanode-2/data/ratis/d8a1a47f-f976-411d-aa60-ca7304bd04ef was interrupted, exiting. There are 0 tasks remaining in the queue.
2019-08-22 01:58:56,144 [ForkJoinPool.commonPool-worker-0] INFO  segmented.SegmentedRaftLogWorker (SegmentedRaftLogWorker.java:close(228)) - cc0da2ba-fdfe-4e15-bb7f-949408fb434b-SegmentedRaftLogWorker:Storage Directory /workdir/hadoop-ozone/integration-test/target/test-dir/MiniOzoneClusterImpl-73a943d6-9e54-420a-b8c2-6f1b1463b42a/datanode-2/data/ratis/d8a1a47f-f976-411d-aa60-ca7304bd04ef close()
2019-08-22 01:58:56,146 [main] INFO  statemachine.DatanodeStateMachine (DatanodeStateMachine.java:stopDaemon(395)) - Ozone container server stopped.
2019-08-22 01:58:56,156 [ForkJoinPool.commonPool-worker-0] INFO  impl.RaftServerImpl (RaftServerImpl.java:lambda$shutdown$3(245)) - cc0da2ba-fdfe-4e15-bb7f-949408fb434b: shutdown group-E36039800411
2019-08-22 01:58:56,157 [ForkJoinPool.commonPool-worker-0] INFO  util.JmxRegister (JmxRegister.java:unregister(73)) - Successfully un-registered JMX Bean with object name Ratis:service=RaftServer,group=group-E36039800411,id=cc0da2ba-fdfe-4e15-bb7f-949408fb434b
2019-08-22 01:58:56,157 [ForkJoinPool.commonPool-worker-0] INFO  impl.RoleInfo (RoleInfo.java:shutdownLeaderState(104)) - cc0da2ba-fdfe-4e15-bb7f-949408fb434b: shutdown LeaderState
2019-08-22 01:58:56,158 [main] INFO  handler.ContextHandler (ContextHandler.java:doStop(910)) - Stopped o.e.j.w.WebAppContext@e206be5{/,null,UNAVAILABLE}{/hddsDatanode}
2019-08-22 01:58:56,158 [ForkJoinPool.commonPool-worker-0] INFO  impl.PendingRequests (PendingRequests.java:sendNotLeaderResponses(202)) - cc0da2ba-fdfe-4e15-bb7f-949408fb434b-PendingRequests: sendNotLeaderResponses
2019-08-22 01:58:56,158 [ForkJoinPool.commonPool-worker-0] INFO  impl.StateMachineUpdater (StateMachineUpdater.java:stopAndJoin(115)) - StateMachineUpdater:cc0da2ba-fdfe-4e15-bb7f-949408fb434b:group-E36039800411: set stopIndex = 0
2019-08-22 01:58:56,158 [main] INFO  server.AbstractConnector (AbstractConnector.java:doStop(318)) - Stopped ServerConnector@5f2312f3{HTTP/1.1,[http/1.1]}{0.0.0.0:0}
2019-08-22 01:58:56,158 [ForkJoinPool.commonPool-worker-0] INFO  impl.RaftServerImpl (ServerState.java:close(394)) - cc0da2ba-fdfe-4e15-bb7f-949408fb434b:group-E36039800411 closes. The last applied log index is 0
2019-08-22 01:58:56,159 [main] INFO  handler.ContextHandler (ContextHandler.java:doStop(910)) - Stopped o.e.j.s.ServletContextHandler@330f3046{/static,jar:file:/home/user/.m2/repository/org/apache/hadoop/hadoop-hdds-container-service/0.5.0-SNAPSHOT/hadoop-hdds-container-service-0.5.0-SNAPSHOT.jar!/webapps/static,UNAVAILABLE}
2019-08-22 01:58:56,159 [cc0da2ba-fdfe-4e15-bb7f-949408fb434b-SegmentedRaftLogWorker:Storage Directory /workdir/hadoop-ozone/integration-test/target/test-dir/MiniOzoneClusterImpl-73a943d6-9e54-420a-b8c2-6f1b1463b42a/datanode-2/data/ratis/27431774-f8ad-4008-ab4d-e36039800411] INFO  segmented.SegmentedRaftLogWorker (SegmentedRaftLogWorker.java:run(313)) - cc0da2ba-fdfe-4e15-bb7f-949408fb434b-SegmentedRaftLogWorker:Storage Directory /workdir/hadoop-ozone/integration-test/target/test-dir/MiniOzoneClusterImpl-73a943d6-9e54-420a-b8c2-6f1b1463b42a/datanode-2/data/ratis/27431774-f8ad-4008-ab4d-e36039800411 was interrupted, exiting. There are 0 tasks remaining in the queue.
2019-08-22 01:58:56,162 [main] INFO  handler.ContextHandler (ContextHandler.java:doStop(910)) - Stopped o.e.j.s.ServletContextHandler@4d462edc{/logs,file:///workdir/hadoop-ozone/integration-test/target/log,UNAVAILABLE}
2019-08-22 01:58:56,162 [ForkJoinPool.commonPool-worker-0] INFO  segmented.SegmentedRaftLogWorker (SegmentedRaftLogWorker.java:close(228)) - cc0da2ba-fdfe-4e15-bb7f-949408fb434b-SegmentedRaftLogWorker:Storage Directory /workdir/hadoop-ozone/integration-test/target/test-dir/MiniOzoneClusterImpl-73a943d6-9e54-420a-b8c2-6f1b1463b42a/datanode-2/data/ratis/27431774-f8ad-4008-ab4d-e36039800411 close()
2019-08-22 01:58:56,164 [ForkJoinPool.commonPool-worker-0] INFO  server.GrpcService (GrpcService.java:closeImpl(155)) - cc0da2ba-fdfe-4e15-bb7f-949408fb434b: shutdown server with port 37015 now
2019-08-22 01:58:56,164 [ForkJoinPool.commonPool-worker-0] INFO  server.GrpcService (GrpcService.java:closeImpl(163)) - cc0da2ba-fdfe-4e15-bb7f-949408fb434b: shutdown server with port 37015 successfully
2019-08-22 01:58:56,164 [main] INFO  datanode.ObjectStoreHandler (ObjectStoreHandler.java:close(155)) - Closing ObjectStoreHandler.
2019-08-22 01:58:56,165 [main] INFO  ozone.HddsDatanodeService (HddsDatanodeService.java:stop(451)) - Stopped plug-in org.apache.hadoop.ozone.web.OzoneHddsDatanodeService@3518882c
2019-08-22 01:58:56,167 [ForkJoinPool.commonPool-worker-0] INFO  utils.BackgroundService (BackgroundService.java:shutdown(148)) - Shutting down service BlockDeletingService
2019-08-22 01:58:56,169 [refreshUsed-/workdir/hadoop-ozone/integration-test/target/test-dir/MiniOzoneClusterImpl-73a943d6-9e54-420a-b8c2-6f1b1463b42a/datanode-2/data/containers] WARN  fs.CachingGetSpaceUsed (CachingGetSpaceUsed.java:run(183)) - Thread Interrupted waiting to refresh disk information: sleep interrupted
2019-08-22 01:58:56,190 [ForkJoinPool.commonPool-worker-0] INFO  statemachine.DatanodeStateMachine (DatanodeStateMachine.java:stopDaemon(395)) - Ozone container server stopped.
2019-08-22 01:58:56,193 [ForkJoinPool.commonPool-worker-0] INFO  handler.ContextHandler (ContextHandler.java:doStop(910)) - Stopped o.e.j.w.WebAppContext@3abe8714{/,null,UNAVAILABLE}{/hddsDatanode}
2019-08-22 01:58:56,193 [ForkJoinPool.commonPool-worker-0] INFO  server.AbstractConnector (AbstractConnector.java:doStop(318)) - Stopped ServerConnector@3b0b20a8{HTTP/1.1,[http/1.1]}{0.0.0.0:0}
2019-08-22 01:58:56,194 [ForkJoinPool.commonPool-worker-0] INFO  handler.ContextHandler (ContextHandler.java:doStop(910)) - Stopped o.e.j.s.ServletContextHandler@1af6cd73{/static,jar:file:/home/user/.m2/repository/org/apache/hadoop/hadoop-hdds-container-service/0.5.0-SNAPSHOT/hadoop-hdds-container-service-0.5.0-SNAPSHOT.jar!/webapps/static,UNAVAILABLE}
2019-08-22 01:58:56,195 [ForkJoinPool.commonPool-worker-0] INFO  handler.ContextHandler (ContextHandler.java:doStop(910)) - Stopped o.e.j.s.ServletContextHandler@5fe1b8d2{/logs,file:///workdir/hadoop-ozone/integration-test/target/log,UNAVAILABLE}
2019-08-22 01:58:56,195 [ForkJoinPool.commonPool-worker-0] INFO  datanode.ObjectStoreHandler (ObjectStoreHandler.java:close(155)) - Closing ObjectStoreHandler.
2019-08-22 01:58:56,195 [ForkJoinPool.commonPool-worker-0] INFO  ozone.HddsDatanodeService (HddsDatanodeService.java:stop(451)) - Stopped plug-in org.apache.hadoop.ozone.web.OzoneHddsDatanodeService@6354a50a
2019-08-22 01:58:56,215 [Datanode State Machine Thread - 0] INFO  statemachine.DatanodeStateMachine (DatanodeStateMachine.java:lambda$startDaemon$0(350)) - Ozone container server started.
2019-08-22 01:58:56,569 [Datanode State Machine Thread - 0] INFO  statemachine.DatanodeStateMachine (DatanodeStateMachine.java:lambda$startDaemon$0(350)) - Ozone container server started.
2019-08-22 01:58:56,930 | INFO  | SCMAudit | user=jenkins1000 | ip=192.168.34.54 | op=SEND_HEARTBEAT {datanodeUUID=f3d8d448-3596-4d55-8cde-6a41b384fc87, command=[]} | ret=SUCCESS |  
2019-08-22 01:58:57,874 [grpc-default-executor-4] WARN  server.GrpcLogAppender (LogUtils.java:warn(134)) - f3d8d448-3596-4d55-8cde-6a41b384fc87->730038c5-3d8b-441c-8787-c9cbc1ffc73d: Failed appendEntries: org.apache.ratis.thirdparty.io.grpc.StatusRuntimeException: UNAVAILABLE: io exception
2019-08-22 01:58:57,874 [grpc-default-executor-4] INFO  impl.FollowerInfo (FollowerInfo.java:lambda$new$0(50)) - f3d8d448-3596-4d55-8cde-6a41b384fc87->730038c5-3d8b-441c-8787-c9cbc1ffc73d: nextIndex: updateUnconditionally 8 -> 7
2019-08-22 01:58:57,876 [grpc-default-executor-5] WARN  server.GrpcLogAppender (LogUtils.java:warn(134)) - f3d8d448-3596-4d55-8cde-6a41b384fc87->a150ecf0-9441-4c31-a29f-f6938f908a65: Failed appendEntries: org.apache.ratis.thirdparty.io.grpc.StatusRuntimeException: UNAVAILABLE: io exception
2019-08-22 01:58:57,876 [grpc-default-executor-5] INFO  impl.FollowerInfo (FollowerInfo.java:lambda$new$0(50)) - f3d8d448-3596-4d55-8cde-6a41b384fc87->a150ecf0-9441-4c31-a29f-f6938f908a65: nextIndex: updateUnconditionally 5 -> 4
2019-08-22 01:58:57,930 | INFO  | SCMAudit | user=jenkins1000 | ip=192.168.34.54 | op=SEND_HEARTBEAT {datanodeUUID=f3d8d448-3596-4d55-8cde-6a41b384fc87, command=[]} | ret=SUCCESS |  
2019-08-22 01:58:57,945 [Thread-3757] INFO  impl.FollowerState (FollowerState.java:run(106)) - bb7541e0-7fde-4f15-9948-e374d6325018:group-CA7304BD04EF changes to CANDIDATE, lastRpcTime:9335, electionTimeout:5081ms
2019-08-22 01:58:57,945 [Thread-3757] INFO  impl.RoleInfo (RoleInfo.java:shutdownFollowerState(121)) - bb7541e0-7fde-4f15-9948-e374d6325018: shutdown FollowerState
2019-08-22 01:58:57,945 [Thread-3757] INFO  impl.RaftServerImpl (RaftServerImpl.java:setRole(171)) - bb7541e0-7fde-4f15-9948-e374d6325018:group-CA7304BD04EF changes role from FOLLOWER to CANDIDATE at term 1 for changeToCandidate
2019-08-22 01:58:57,945 [Thread-3757] INFO  impl.RoleInfo (RoleInfo.java:updateAndGet(143)) - bb7541e0-7fde-4f15-9948-e374d6325018: start LeaderElection
2019-08-22 01:58:57,948 [bb7541e0-7fde-4f15-9948-e374d6325018:group-CA7304BD04EF:LeaderElection68] INFO  impl.RaftServerImpl (ServerState.java:setLeader(263)) - bb7541e0-7fde-4f15-9948-e374d6325018:group-CA7304BD04EF change Leader from d2d7804f-07c4-4123-9865-3bb05000fdf0 to null at term 1 for initElection
2019-08-22 01:58:57,972 [bb7541e0-7fde-4f15-9948-e374d6325018:group-CA7304BD04EF:LeaderElection68] INFO  impl.LeaderElection (LeaderElection.java:askForVotes(181)) - bb7541e0-7fde-4f15-9948-e374d6325018:group-CA7304BD04EF:LeaderElection68: begin an election at term 2 for 0: [cc0da2ba-fdfe-4e15-bb7f-949408fb434b:192.168.34.54:37015, d2d7804f-07c4-4123-9865-3bb05000fdf0:192.168.34.54:34770, bb7541e0-7fde-4f15-9948-e374d6325018:192.168.34.54:35476], old=null
2019-08-22 01:58:57,975 [bb7541e0-7fde-4f15-9948-e374d6325018:group-CA7304BD04EF:LeaderElection68] INFO  impl.LeaderElection (LogUtils.java:infoOrTrace(149)) - bb7541e0-7fde-4f15-9948-e374d6325018:group-CA7304BD04EF:LeaderElection68 got exception when requesting votes: {}
java.util.concurrent.ExecutionException: org.apache.ratis.thirdparty.io.grpc.StatusRuntimeException: UNAVAILABLE: io exception
	at java.util.concurrent.FutureTask.report(FutureTask.java:122)
	at java.util.concurrent.FutureTask.get(FutureTask.java:192)
	at org.apache.ratis.server.impl.LeaderElection.waitForResults(LeaderElection.java:262)
	at org.apache.ratis.server.impl.LeaderElection.askForVotes(LeaderElection.java:200)
	at org.apache.ratis.server.impl.LeaderElection.run(LeaderElection.java:130)
	at java.lang.Thread.run(Thread.java:748)
Caused by: org.apache.ratis.thirdparty.io.grpc.StatusRuntimeException: UNAVAILABLE: io exception
	at org.apache.ratis.thirdparty.io.grpc.stub.ClientCalls.toStatusRuntimeException(ClientCalls.java:233)
	at org.apache.ratis.thirdparty.io.grpc.stub.ClientCalls.getUnchecked(ClientCalls.java:214)
	at org.apache.ratis.thirdparty.io.grpc.stub.ClientCalls.blockingUnaryCall(ClientCalls.java:139)
	at org.apache.ratis.proto.grpc.RaftServerProtocolServiceGrpc$RaftServerProtocolServiceBlockingStub.requestVote(RaftServerProtocolServiceGrpc.java:265)
	at org.apache.ratis.grpc.server.GrpcServerProtocolClient.requestVote(GrpcServerProtocolClient.java:83)
	at org.apache.ratis.grpc.server.GrpcService.requestVote(GrpcService.java:195)
	at org.apache.ratis.server.impl.LeaderElection.lambda$submitRequests$1(LeaderElection.java:237)
	at java.util.concurrent.FutureTask.run(FutureTask.java:266)
	at java.util.concurrent.Executors$RunnableAdapter.call(Executors.java:511)
	at java.util.concurrent.FutureTask.run(FutureTask.java:266)
	at java.util.concurrent.ThreadPoolExecutor.runWorker(ThreadPoolExecutor.java:1149)
	at java.util.concurrent.ThreadPoolExecutor$Worker.run(ThreadPoolExecutor.java:624)
	... 1 more
Caused by: org.apache.ratis.thirdparty.io.netty.channel.AbstractChannel$AnnotatedConnectException: Connection refused: /192.168.34.54:37015
	at sun.nio.ch.SocketChannelImpl.checkConnect(Native Method)
	at sun.nio.ch.SocketChannelImpl.finishConnect(SocketChannelImpl.java:717)
	at org.apache.ratis.thirdparty.io.netty.channel.socket.nio.NioSocketChannel.doFinishConnect(NioSocketChannel.java:327)
	at org.apache.ratis.thirdparty.io.netty.channel.nio.AbstractNioChannel$AbstractNioUnsafe.finishConnect(AbstractNioChannel.java:340)
	at org.apache.ratis.thirdparty.io.netty.channel.nio.NioEventLoop.processSelectedKey(NioEventLoop.java:632)
	at org.apache.ratis.thirdparty.io.netty.channel.nio.NioEventLoop.processSelectedKeysOptimized(NioEventLoop.java:579)
	at org.apache.ratis.thirdparty.io.netty.channel.nio.NioEventLoop.processSelectedKeys(NioEventLoop.java:496)
	at org.apache.ratis.thirdparty.io.netty.channel.nio.NioEventLoop.run(NioEventLoop.java:458)
	at org.apache.ratis.thirdparty.io.netty.util.concurrent.SingleThreadEventExecutor$5.run(SingleThreadEventExecutor.java:897)
	at org.apache.ratis.thirdparty.io.netty.util.concurrent.FastThreadLocalRunnable.run(FastThreadLocalRunnable.java:30)
	... 1 more
Caused by: java.net.ConnectException: Connection refused
	... 11 more
2019-08-22 01:58:57,979 [bb7541e0-7fde-4f15-9948-e374d6325018:group-CA7304BD04EF:LeaderElection68] INFO  impl.LeaderElection (LogUtils.java:infoOrTrace(149)) - bb7541e0-7fde-4f15-9948-e374d6325018:group-CA7304BD04EF:LeaderElection68 got exception when requesting votes: {}
java.util.concurrent.ExecutionException: org.apache.ratis.thirdparty.io.grpc.StatusRuntimeException: UNAVAILABLE: io exception
	at java.util.concurrent.FutureTask.report(FutureTask.java:122)
	at java.util.concurrent.FutureTask.get(FutureTask.java:192)
	at org.apache.ratis.server.impl.LeaderElection.waitForResults(LeaderElection.java:262)
	at org.apache.ratis.server.impl.LeaderElection.askForVotes(LeaderElection.java:200)
	at org.apache.ratis.server.impl.LeaderElection.run(LeaderElection.java:130)
	at java.lang.Thread.run(Thread.java:748)
Caused by: org.apache.ratis.thirdparty.io.grpc.StatusRuntimeException: UNAVAILABLE: io exception
	at org.apache.ratis.thirdparty.io.grpc.stub.ClientCalls.toStatusRuntimeException(ClientCalls.java:233)
	at org.apache.ratis.thirdparty.io.grpc.stub.ClientCalls.getUnchecked(ClientCalls.java:214)
	at org.apache.ratis.thirdparty.io.grpc.stub.ClientCalls.blockingUnaryCall(ClientCalls.java:139)
	at org.apache.ratis.proto.grpc.RaftServerProtocolServiceGrpc$RaftServerProtocolServiceBlockingStub.requestVote(RaftServerProtocolServiceGrpc.java:265)
	at org.apache.ratis.grpc.server.GrpcServerProtocolClient.requestVote(GrpcServerProtocolClient.java:83)
	at org.apache.ratis.grpc.server.GrpcService.requestVote(GrpcService.java:195)
	at org.apache.ratis.server.impl.LeaderElection.lambda$submitRequests$1(LeaderElection.java:237)
	at java.util.concurrent.FutureTask.run(FutureTask.java:266)
	at java.util.concurrent.Executors$RunnableAdapter.call(Executors.java:511)
	at java.util.concurrent.FutureTask.run(FutureTask.java:266)
	at java.util.concurrent.ThreadPoolExecutor.runWorker(ThreadPoolExecutor.java:1149)
	at java.util.concurrent.ThreadPoolExecutor$Worker.run(ThreadPoolExecutor.java:624)
	... 1 more
Caused by: org.apache.ratis.thirdparty.io.netty.channel.AbstractChannel$AnnotatedConnectException: Connection refused: /192.168.34.54:34770
	at sun.nio.ch.SocketChannelImpl.checkConnect(Native Method)
	at sun.nio.ch.SocketChannelImpl.finishConnect(SocketChannelImpl.java:717)
	at org.apache.ratis.thirdparty.io.netty.channel.socket.nio.NioSocketChannel.doFinishConnect(NioSocketChannel.java:327)
	at org.apache.ratis.thirdparty.io.netty.channel.nio.AbstractNioChannel$AbstractNioUnsafe.finishConnect(AbstractNioChannel.java:340)
	at org.apache.ratis.thirdparty.io.netty.channel.nio.NioEventLoop.processSelectedKey(NioEventLoop.java:632)
	at org.apache.ratis.thirdparty.io.netty.channel.nio.NioEventLoop.processSelectedKeysOptimized(NioEventLoop.java:579)
	at org.apache.ratis.thirdparty.io.netty.channel.nio.NioEventLoop.processSelectedKeys(NioEventLoop.java:496)
	at org.apache.ratis.thirdparty.io.netty.channel.nio.NioEventLoop.run(NioEventLoop.java:458)
	at org.apache.ratis.thirdparty.io.netty.util.concurrent.SingleThreadEventExecutor$5.run(SingleThreadEventExecutor.java:897)
	at org.apache.ratis.thirdparty.io.netty.util.concurrent.FastThreadLocalRunnable.run(FastThreadLocalRunnable.java:30)
	... 1 more
Caused by: java.net.ConnectException: Connection refused
	... 11 more
2019-08-22 01:58:57,981 [bb7541e0-7fde-4f15-9948-e374d6325018:group-CA7304BD04EF:LeaderElection68] INFO  impl.LeaderElection (LeaderElection.java:logAndReturn(56)) - bb7541e0-7fde-4f15-9948-e374d6325018:group-CA7304BD04EF:LeaderElection68: Election REJECTED; received 0 response(s) [] and 2 exception(s); bb7541e0-7fde-4f15-9948-e374d6325018:t2, leader=null, voted=bb7541e0-7fde-4f15-9948-e374d6325018, raftlog=bb7541e0-7fde-4f15-9948-e374d6325018-SegmentedRaftLog:OPENED:c6,f6,i6, conf=0: [cc0da2ba-fdfe-4e15-bb7f-949408fb434b:192.168.34.54:37015, d2d7804f-07c4-4123-9865-3bb05000fdf0:192.168.34.54:34770, bb7541e0-7fde-4f15-9948-e374d6325018:192.168.34.54:35476], old=null
2019-08-22 01:58:57,981 [bb7541e0-7fde-4f15-9948-e374d6325018:group-CA7304BD04EF:LeaderElection68] INFO  impl.LeaderElection (LogUtils.java:infoOrTrace(149)) -   Exception 0: {}
java.util.concurrent.ExecutionException: org.apache.ratis.thirdparty.io.grpc.StatusRuntimeException: UNAVAILABLE: io exception
	at java.util.concurrent.FutureTask.report(FutureTask.java:122)
	at java.util.concurrent.FutureTask.get(FutureTask.java:192)
	at org.apache.ratis.server.impl.LeaderElection.waitForResults(LeaderElection.java:262)
	at org.apache.ratis.server.impl.LeaderElection.askForVotes(LeaderElection.java:200)
	at org.apache.ratis.server.impl.LeaderElection.run(LeaderElection.java:130)
	at java.lang.Thread.run(Thread.java:748)
Caused by: org.apache.ratis.thirdparty.io.grpc.StatusRuntimeException: UNAVAILABLE: io exception
	at org.apache.ratis.thirdparty.io.grpc.stub.ClientCalls.toStatusRuntimeException(ClientCalls.java:233)
	at org.apache.ratis.thirdparty.io.grpc.stub.ClientCalls.getUnchecked(ClientCalls.java:214)
	at org.apache.ratis.thirdparty.io.grpc.stub.ClientCalls.blockingUnaryCall(ClientCalls.java:139)
	at org.apache.ratis.proto.grpc.RaftServerProtocolServiceGrpc$RaftServerProtocolServiceBlockingStub.requestVote(RaftServerProtocolServiceGrpc.java:265)
	at org.apache.ratis.grpc.server.GrpcServerProtocolClient.requestVote(GrpcServerProtocolClient.java:83)
	at org.apache.ratis.grpc.server.GrpcService.requestVote(GrpcService.java:195)
	at org.apache.ratis.server.impl.LeaderElection.lambda$submitRequests$1(LeaderElection.java:237)
	at java.util.concurrent.FutureTask.run(FutureTask.java:266)
	at java.util.concurrent.Executors$RunnableAdapter.call(Executors.java:511)
	at java.util.concurrent.FutureTask.run(FutureTask.java:266)
	at java.util.concurrent.ThreadPoolExecutor.runWorker(ThreadPoolExecutor.java:1149)
	at java.util.concurrent.ThreadPoolExecutor$Worker.run(ThreadPoolExecutor.java:624)
	... 1 more
Caused by: org.apache.ratis.thirdparty.io.netty.channel.AbstractChannel$AnnotatedConnectException: Connection refused: /192.168.34.54:37015
	at sun.nio.ch.SocketChannelImpl.checkConnect(Native Method)
	at sun.nio.ch.SocketChannelImpl.finishConnect(SocketChannelImpl.java:717)
	at org.apache.ratis.thirdparty.io.netty.channel.socket.nio.NioSocketChannel.doFinishConnect(NioSocketChannel.java:327)
	at org.apache.ratis.thirdparty.io.netty.channel.nio.AbstractNioChannel$AbstractNioUnsafe.finishConnect(AbstractNioChannel.java:340)
	at org.apache.ratis.thirdparty.io.netty.channel.nio.NioEventLoop.processSelectedKey(NioEventLoop.java:632)
	at org.apache.ratis.thirdparty.io.netty.channel.nio.NioEventLoop.processSelectedKeysOptimized(NioEventLoop.java:579)
	at org.apache.ratis.thirdparty.io.netty.channel.nio.NioEventLoop.processSelectedKeys(NioEventLoop.java:496)
	at org.apache.ratis.thirdparty.io.netty.channel.nio.NioEventLoop.run(NioEventLoop.java:458)
	at org.apache.ratis.thirdparty.io.netty.util.concurrent.SingleThreadEventExecutor$5.run(SingleThreadEventExecutor.java:897)
	at org.apache.ratis.thirdparty.io.netty.util.concurrent.FastThreadLocalRunnable.run(FastThreadLocalRunnable.java:30)
	... 1 more
Caused by: java.net.ConnectException: Connection refused
	... 11 more
2019-08-22 01:58:57,982 [bb7541e0-7fde-4f15-9948-e374d6325018:group-CA7304BD04EF:LeaderElection68] INFO  impl.LeaderElection (LogUtils.java:infoOrTrace(149)) -   Exception 1: {}
java.util.concurrent.ExecutionException: org.apache.ratis.thirdparty.io.grpc.StatusRuntimeException: UNAVAILABLE: io exception
	at java.util.concurrent.FutureTask.report(FutureTask.java:122)
	at java.util.concurrent.FutureTask.get(FutureTask.java:192)
	at org.apache.ratis.server.impl.LeaderElection.waitForResults(LeaderElection.java:262)
	at org.apache.ratis.server.impl.LeaderElection.askForVotes(LeaderElection.java:200)
	at org.apache.ratis.server.impl.LeaderElection.run(LeaderElection.java:130)
	at java.lang.Thread.run(Thread.java:748)
Caused by: org.apache.ratis.thirdparty.io.grpc.StatusRuntimeException: UNAVAILABLE: io exception
	at org.apache.ratis.thirdparty.io.grpc.stub.ClientCalls.toStatusRuntimeException(ClientCalls.java:233)
	at org.apache.ratis.thirdparty.io.grpc.stub.ClientCalls.getUnchecked(ClientCalls.java:214)
	at org.apache.ratis.thirdparty.io.grpc.stub.ClientCalls.blockingUnaryCall(ClientCalls.java:139)
	at org.apache.ratis.proto.grpc.RaftServerProtocolServiceGrpc$RaftServerProtocolServiceBlockingStub.requestVote(RaftServerProtocolServiceGrpc.java:265)
	at org.apache.ratis.grpc.server.GrpcServerProtocolClient.requestVote(GrpcServerProtocolClient.java:83)
	at org.apache.ratis.grpc.server.GrpcService.requestVote(GrpcService.java:195)
	at org.apache.ratis.server.impl.LeaderElection.lambda$submitRequests$1(LeaderElection.java:237)
	at java.util.concurrent.FutureTask.run(FutureTask.java:266)
	at java.util.concurrent.Executors$RunnableAdapter.call(Executors.java:511)
	at java.util.concurrent.FutureTask.run(FutureTask.java:266)
	at java.util.concurrent.ThreadPoolExecutor.runWorker(ThreadPoolExecutor.java:1149)
	at java.util.concurrent.ThreadPoolExecutor$Worker.run(ThreadPoolExecutor.java:624)
	... 1 more
Caused by: org.apache.ratis.thirdparty.io.netty.channel.AbstractChannel$AnnotatedConnectException: Connection refused: /192.168.34.54:34770
	at sun.nio.ch.SocketChannelImpl.checkConnect(Native Method)
	at sun.nio.ch.SocketChannelImpl.finishConnect(SocketChannelImpl.java:717)
	at org.apache.ratis.thirdparty.io.netty.channel.socket.nio.NioSocketChannel.doFinishConnect(NioSocketChannel.java:327)
	at org.apache.ratis.thirdparty.io.netty.channel.nio.AbstractNioChannel$AbstractNioUnsafe.finishConnect(AbstractNioChannel.java:340)
	at org.apache.ratis.thirdparty.io.netty.channel.nio.NioEventLoop.processSelectedKey(NioEventLoop.java:632)
	at org.apache.ratis.thirdparty.io.netty.channel.nio.NioEventLoop.processSelectedKeysOptimized(NioEventLoop.java:579)
	at org.apache.ratis.thirdparty.io.netty.channel.nio.NioEventLoop.processSelectedKeys(NioEventLoop.java:496)
	at org.apache.ratis.thirdparty.io.netty.channel.nio.NioEventLoop.run(NioEventLoop.java:458)
	at org.apache.ratis.thirdparty.io.netty.util.concurrent.SingleThreadEventExecutor$5.run(SingleThreadEventExecutor.java:897)
	at org.apache.ratis.thirdparty.io.netty.util.concurrent.FastThreadLocalRunnable.run(FastThreadLocalRunnable.java:30)
	... 1 more
Caused by: java.net.ConnectException: Connection refused
	... 11 more
2019-08-22 01:58:57,982 [bb7541e0-7fde-4f15-9948-e374d6325018:group-CA7304BD04EF:LeaderElection68] INFO  impl.RaftServerImpl (RaftServerImpl.java:setRole(171)) - bb7541e0-7fde-4f15-9948-e374d6325018:group-CA7304BD04EF changes role from CANDIDATE to FOLLOWER at term 2 for DISCOVERED_A_NEW_TERM
2019-08-22 01:58:57,982 [bb7541e0-7fde-4f15-9948-e374d6325018:group-CA7304BD04EF:LeaderElection68] INFO  impl.RoleInfo (RoleInfo.java:shutdownLeaderElection(134)) - bb7541e0-7fde-4f15-9948-e374d6325018: shutdown LeaderElection
2019-08-22 01:58:57,982 [bb7541e0-7fde-4f15-9948-e374d6325018:group-CA7304BD04EF:LeaderElection68] INFO  impl.RoleInfo (RoleInfo.java:updateAndGet(143)) - bb7541e0-7fde-4f15-9948-e374d6325018: start FollowerState
2019-08-22 01:58:58,930 | INFO  | SCMAudit | user=jenkins1000 | ip=192.168.34.54 | op=SEND_HEARTBEAT {datanodeUUID=f3d8d448-3596-4d55-8cde-6a41b384fc87, command=[]} | ret=SUCCESS |  
2019-08-22 01:58:59,931 | INFO  | SCMAudit | user=jenkins1000 | ip=192.168.34.54 | op=SEND_HEARTBEAT {datanodeUUID=f3d8d448-3596-4d55-8cde-6a41b384fc87, command=[]} | ret=SUCCESS |  
2019-08-22 01:59:00,248 [EventQueue-StaleNodeForStaleNodeHandler] INFO  node.StaleNodeHandler (StaleNodeHandler.java:onMessage(58)) - Datanode 0bd46545-a21f-4e46-b789-16e7c65dbdf4{ip: 192.168.34.54, host: pr-hdds-1998-jt8wz-3050591487, networkLocation: /default-rack, certSerialId: null} moved to stale state. Finalizing its pipelines [PipelineID=dfbc527c-afa8-4fc2-825a-d1d09b3fa231]
2019-08-22 01:59:00,249 [EventQueue-StaleNodeForStaleNodeHandler] INFO  pipeline.SCMPipelineManager (SCMPipelineManager.java:finalizeAndDestroyPipeline(309)) - destroying pipeline:Pipeline[ Id: dfbc527c-afa8-4fc2-825a-d1d09b3fa231, Nodes: 0bd46545-a21f-4e46-b789-16e7c65dbdf4{ip: 192.168.34.54, host: pr-hdds-1998-jt8wz-3050591487, networkLocation: /default-rack, certSerialId: null}, Type:RATIS, Factor:ONE, State:OPEN]
2019-08-22 01:59:00,249 [EventQueue-StaleNodeForStaleNodeHandler] INFO  pipeline.PipelineStateManager (PipelineStateManager.java:finalizePipeline(123)) - Pipeline Pipeline[ Id: dfbc527c-afa8-4fc2-825a-d1d09b3fa231, Nodes: 0bd46545-a21f-4e46-b789-16e7c65dbdf4{ip: 192.168.34.54, host: pr-hdds-1998-jt8wz-3050591487, networkLocation: /default-rack, certSerialId: null}, Type:RATIS, Factor:ONE, State:CLOSED] moved to CLOSED state
2019-08-22 01:59:00,374 [grpc-default-executor-6] WARN  server.GrpcLogAppender (LogUtils.java:warn(134)) - f3d8d448-3596-4d55-8cde-6a41b384fc87->730038c5-3d8b-441c-8787-c9cbc1ffc73d: Failed appendEntries: org.apache.ratis.thirdparty.io.grpc.StatusRuntimeException: UNAVAILABLE: io exception
2019-08-22 01:59:00,375 [grpc-default-executor-6] INFO  impl.FollowerInfo (FollowerInfo.java:lambda$new$0(50)) - f3d8d448-3596-4d55-8cde-6a41b384fc87->730038c5-3d8b-441c-8787-c9cbc1ffc73d: nextIndex: updateUnconditionally 7 -> 6
2019-08-22 01:59:00,377 [grpc-default-executor-5] WARN  server.GrpcLogAppender (LogUtils.java:warn(134)) - f3d8d448-3596-4d55-8cde-6a41b384fc87->a150ecf0-9441-4c31-a29f-f6938f908a65: Failed appendEntries: org.apache.ratis.thirdparty.io.grpc.StatusRuntimeException: UNAVAILABLE: io exception
2019-08-22 01:59:00,377 [grpc-default-executor-5] INFO  impl.FollowerInfo (FollowerInfo.java:lambda$new$0(50)) - f3d8d448-3596-4d55-8cde-6a41b384fc87->a150ecf0-9441-4c31-a29f-f6938f908a65: nextIndex: updateUnconditionally 4 -> 3
2019-08-22 01:59:00,649 [EventQueue-StaleNodeForStaleNodeHandler] INFO  node.StaleNodeHandler (StaleNodeHandler.java:onMessage(58)) - Datanode bb7541e0-7fde-4f15-9948-e374d6325018{ip: 192.168.34.54, host: pr-hdds-1998-jt8wz-3050591487, networkLocation: /default-rack, certSerialId: null} moved to stale state. Finalizing its pipelines [PipelineID=ed58f3a7-a7dd-42c7-9764-a3dc10055b99, PipelineID=d8a1a47f-f976-411d-aa60-ca7304bd04ef]
2019-08-22 01:59:00,649 [EventQueue-StaleNodeForStaleNodeHandler] INFO  pipeline.SCMPipelineManager (SCMPipelineManager.java:finalizeAndDestroyPipeline(309)) - destroying pipeline:Pipeline[ Id: ed58f3a7-a7dd-42c7-9764-a3dc10055b99, Nodes: bb7541e0-7fde-4f15-9948-e374d6325018{ip: 192.168.34.54, host: pr-hdds-1998-jt8wz-3050591487, networkLocation: /default-rack, certSerialId: null}, Type:RATIS, Factor:ONE, State:OPEN]
2019-08-22 01:59:00,649 [EventQueue-StaleNodeForStaleNodeHandler] INFO  pipeline.PipelineStateManager (PipelineStateManager.java:finalizePipeline(123)) - Pipeline Pipeline[ Id: ed58f3a7-a7dd-42c7-9764-a3dc10055b99, Nodes: bb7541e0-7fde-4f15-9948-e374d6325018{ip: 192.168.34.54, host: pr-hdds-1998-jt8wz-3050591487, networkLocation: /default-rack, certSerialId: null}, Type:RATIS, Factor:ONE, State:CLOSED] moved to CLOSED state
2019-08-22 01:59:00,650 [EventQueue-StaleNodeForStaleNodeHandler] INFO  pipeline.SCMPipelineManager (SCMPipelineManager.java:finalizeAndDestroyPipeline(309)) - destroying pipeline:Pipeline[ Id: d8a1a47f-f976-411d-aa60-ca7304bd04ef, Nodes: cc0da2ba-fdfe-4e15-bb7f-949408fb434b{ip: 192.168.34.54, host: pr-hdds-1998-jt8wz-3050591487, networkLocation: /default-rack, certSerialId: null}bb7541e0-7fde-4f15-9948-e374d6325018{ip: 192.168.34.54, host: pr-hdds-1998-jt8wz-3050591487, networkLocation: /default-rack, certSerialId: null}d2d7804f-07c4-4123-9865-3bb05000fdf0{ip: 192.168.34.54, host: pr-hdds-1998-jt8wz-3050591487, networkLocation: /default-rack, certSerialId: null}, Type:RATIS, Factor:THREE, State:CLOSED]
2019-08-22 01:59:00,930 | INFO  | SCMAudit | user=jenkins1000 | ip=192.168.34.54 | op=SEND_HEARTBEAT {datanodeUUID=f3d8d448-3596-4d55-8cde-6a41b384fc87, command=[]} | ret=SUCCESS |  
2019-08-22 01:59:01,166 [main] INFO  ozoneimpl.OzoneContainer (OzoneContainer.java:stop(199)) - Attempting to stop container services.
2019-08-22 01:59:01,167 [main] INFO  impl.RaftServerProxy (RaftServerProxy.java:lambda$close$4(314)) - 0bd46545-a21f-4e46-b789-16e7c65dbdf4: close
2019-08-22 01:59:01,167 [main] INFO  impl.RaftServerImpl (RaftServerImpl.java:lambda$shutdown$3(245)) - 0bd46545-a21f-4e46-b789-16e7c65dbdf4: shutdown group-D1D09B3FA231
2019-08-22 01:59:01,168 [main] INFO  util.JmxRegister (JmxRegister.java:unregister(73)) - Successfully un-registered JMX Bean with object name Ratis:service=RaftServer,group=group-D1D09B3FA231,id=0bd46545-a21f-4e46-b789-16e7c65dbdf4
2019-08-22 01:59:01,168 [main] INFO  impl.RoleInfo (RoleInfo.java:shutdownLeaderState(104)) - 0bd46545-a21f-4e46-b789-16e7c65dbdf4: shutdown LeaderState
2019-08-22 01:59:01,169 [main] INFO  impl.PendingRequests (PendingRequests.java:sendNotLeaderResponses(202)) - 0bd46545-a21f-4e46-b789-16e7c65dbdf4-PendingRequests: sendNotLeaderResponses
2019-08-22 01:59:01,169 [main] INFO  impl.StateMachineUpdater (StateMachineUpdater.java:stopAndJoin(115)) - StateMachineUpdater:0bd46545-a21f-4e46-b789-16e7c65dbdf4:group-D1D09B3FA231: set stopIndex = 0
2019-08-22 01:59:01,170 [main] INFO  impl.RaftServerImpl (ServerState.java:close(394)) - 0bd46545-a21f-4e46-b789-16e7c65dbdf4:group-D1D09B3FA231 closes. The last applied log index is 0
2019-08-22 01:59:01,170 [0bd46545-a21f-4e46-b789-16e7c65dbdf4-SegmentedRaftLogWorker:Storage Directory /workdir/hadoop-ozone/integration-test/target/test-dir/MiniOzoneClusterImpl-73a943d6-9e54-420a-b8c2-6f1b1463b42a/datanode-6/data/ratis/dfbc527c-afa8-4fc2-825a-d1d09b3fa231] INFO  segmented.SegmentedRaftLogWorker (SegmentedRaftLogWorker.java:run(313)) - 0bd46545-a21f-4e46-b789-16e7c65dbdf4-SegmentedRaftLogWorker:Storage Directory /workdir/hadoop-ozone/integration-test/target/test-dir/MiniOzoneClusterImpl-73a943d6-9e54-420a-b8c2-6f1b1463b42a/datanode-6/data/ratis/dfbc527c-afa8-4fc2-825a-d1d09b3fa231 was interrupted, exiting. There are 0 tasks remaining in the queue.
2019-08-22 01:59:01,173 [main] INFO  segmented.SegmentedRaftLogWorker (SegmentedRaftLogWorker.java:close(228)) - 0bd46545-a21f-4e46-b789-16e7c65dbdf4-SegmentedRaftLogWorker:Storage Directory /workdir/hadoop-ozone/integration-test/target/test-dir/MiniOzoneClusterImpl-73a943d6-9e54-420a-b8c2-6f1b1463b42a/datanode-6/data/ratis/dfbc527c-afa8-4fc2-825a-d1d09b3fa231 close()
2019-08-22 01:59:01,175 [main] INFO  server.GrpcService (GrpcService.java:closeImpl(155)) - 0bd46545-a21f-4e46-b789-16e7c65dbdf4: shutdown server with port 40330 now
2019-08-22 01:59:01,178 [main] INFO  server.GrpcService (GrpcService.java:closeImpl(163)) - 0bd46545-a21f-4e46-b789-16e7c65dbdf4: shutdown server with port 40330 successfully
2019-08-22 01:59:01,181 [main] INFO  utils.BackgroundService (BackgroundService.java:shutdown(148)) - Shutting down service BlockDeletingService
2019-08-22 01:59:01,183 [refreshUsed-/workdir/hadoop-ozone/integration-test/target/test-dir/MiniOzoneClusterImpl-73a943d6-9e54-420a-b8c2-6f1b1463b42a/datanode-6/data/containers] WARN  fs.CachingGetSpaceUsed (CachingGetSpaceUsed.java:run(183)) - Thread Interrupted waiting to refresh disk information: sleep interrupted
2019-08-22 01:59:01,196 [ForkJoinPool.commonPool-worker-0] INFO  ozoneimpl.OzoneContainer (OzoneContainer.java:stop(199)) - Attempting to stop container services.
2019-08-22 01:59:01,197 [ForkJoinPool.commonPool-worker-0] INFO  impl.RaftServerProxy (RaftServerProxy.java:lambda$close$4(314)) - bb7541e0-7fde-4f15-9948-e374d6325018: close
2019-08-22 01:59:01,197 [ForkJoinPool.commonPool-worker-0] INFO  impl.RaftServerImpl (RaftServerImpl.java:lambda$shutdown$3(245)) - bb7541e0-7fde-4f15-9948-e374d6325018: shutdown group-A3DC10055B99
2019-08-22 01:59:01,197 [ForkJoinPool.commonPool-worker-0] INFO  util.JmxRegister (JmxRegister.java:unregister(73)) - Successfully un-registered JMX Bean with object name Ratis:service=RaftServer,group=group-A3DC10055B99,id=bb7541e0-7fde-4f15-9948-e374d6325018
2019-08-22 01:59:01,197 [ForkJoinPool.commonPool-worker-0] INFO  impl.RoleInfo (RoleInfo.java:shutdownLeaderState(104)) - bb7541e0-7fde-4f15-9948-e374d6325018: shutdown LeaderState
2019-08-22 01:59:01,198 [ForkJoinPool.commonPool-worker-0] INFO  impl.PendingRequests (PendingRequests.java:sendNotLeaderResponses(202)) - bb7541e0-7fde-4f15-9948-e374d6325018-PendingRequests: sendNotLeaderResponses
2019-08-22 01:59:01,198 [ForkJoinPool.commonPool-worker-0] INFO  impl.StateMachineUpdater (StateMachineUpdater.java:stopAndJoin(115)) - StateMachineUpdater:bb7541e0-7fde-4f15-9948-e374d6325018:group-A3DC10055B99: set stopIndex = 0
2019-08-22 01:59:01,198 [ForkJoinPool.commonPool-worker-0] INFO  impl.RaftServerImpl (ServerState.java:close(394)) - bb7541e0-7fde-4f15-9948-e374d6325018:group-A3DC10055B99 closes. The last applied log index is 0
2019-08-22 01:59:01,199 [bb7541e0-7fde-4f15-9948-e374d6325018-SegmentedRaftLogWorker:Storage Directory /workdir/hadoop-ozone/integration-test/target/test-dir/MiniOzoneClusterImpl-73a943d6-9e54-420a-b8c2-6f1b1463b42a/datanode-0/data/ratis/ed58f3a7-a7dd-42c7-9764-a3dc10055b99] INFO  segmented.SegmentedRaftLogWorker (SegmentedRaftLogWorker.java:run(313)) - bb7541e0-7fde-4f15-9948-e374d6325018-SegmentedRaftLogWorker:Storage Directory /workdir/hadoop-ozone/integration-test/target/test-dir/MiniOzoneClusterImpl-73a943d6-9e54-420a-b8c2-6f1b1463b42a/datanode-0/data/ratis/ed58f3a7-a7dd-42c7-9764-a3dc10055b99 was interrupted, exiting. There are 0 tasks remaining in the queue.
2019-08-22 01:59:01,201 [ForkJoinPool.commonPool-worker-0] INFO  segmented.SegmentedRaftLogWorker (SegmentedRaftLogWorker.java:close(228)) - bb7541e0-7fde-4f15-9948-e374d6325018-SegmentedRaftLogWorker:Storage Directory /workdir/hadoop-ozone/integration-test/target/test-dir/MiniOzoneClusterImpl-73a943d6-9e54-420a-b8c2-6f1b1463b42a/datanode-0/data/ratis/ed58f3a7-a7dd-42c7-9764-a3dc10055b99 close()
2019-08-22 01:59:01,203 [ForkJoinPool.commonPool-worker-0] INFO  impl.RaftServerImpl (RaftServerImpl.java:lambda$shutdown$3(245)) - bb7541e0-7fde-4f15-9948-e374d6325018: shutdown group-CA7304BD04EF
2019-08-22 01:59:01,203 [ForkJoinPool.commonPool-worker-0] INFO  util.JmxRegister (JmxRegister.java:unregister(73)) - Successfully un-registered JMX Bean with object name Ratis:service=RaftServer,group=group-CA7304BD04EF,id=bb7541e0-7fde-4f15-9948-e374d6325018
2019-08-22 01:59:01,203 [ForkJoinPool.commonPool-worker-0] INFO  impl.RoleInfo (RoleInfo.java:shutdownFollowerState(121)) - bb7541e0-7fde-4f15-9948-e374d6325018: shutdown FollowerState
2019-08-22 01:59:01,204 [ForkJoinPool.commonPool-worker-0] INFO  impl.StateMachineUpdater (StateMachineUpdater.java:stopAndJoin(115)) - StateMachineUpdater:bb7541e0-7fde-4f15-9948-e374d6325018:group-CA7304BD04EF: set stopIndex = 6
2019-08-22 01:59:01,204 [Thread-3870] INFO  impl.FollowerState (FollowerState.java:run(114)) - bb7541e0-7fde-4f15-9948-e374d6325018: FollowerState was interrupted: java.lang.InterruptedException: sleep interrupted
2019-08-22 01:59:01,204 [StateMachineUpdater:bb7541e0-7fde-4f15-9948-e374d6325018:group-CA7304BD04EF] INFO  ratis.ContainerStateMachine (ContainerStateMachine.java:takeSnapshot(283)) - group-CA7304BD04EF: Taking a snapshot at:(t:1, i:6) file /workdir/hadoop-ozone/integration-test/target/test-dir/MiniOzoneClusterImpl-73a943d6-9e54-420a-b8c2-6f1b1463b42a/datanode-0/data/ratis/d8a1a47f-f976-411d-aa60-ca7304bd04ef/sm/snapshot.1_6
2019-08-22 01:59:01,207 [main] INFO  statemachine.DatanodeStateMachine (DatanodeStateMachine.java:stopDaemon(395)) - Ozone container server stopped.
2019-08-22 01:59:01,209 [main] INFO  handler.ContextHandler (ContextHandler.java:doStop(910)) - Stopped o.e.j.w.WebAppContext@5dd2e62a{/,null,UNAVAILABLE}{/hddsDatanode}
2019-08-22 01:59:01,209 [main] INFO  server.AbstractConnector (AbstractConnector.java:doStop(318)) - Stopped ServerConnector@2339ad10{HTTP/1.1,[http/1.1]}{0.0.0.0:0}
2019-08-22 01:59:01,210 [main] INFO  handler.ContextHandler (ContextHandler.java:doStop(910)) - Stopped o.e.j.s.ServletContextHandler@3e1596c3{/static,jar:file:/home/user/.m2/repository/org/apache/hadoop/hadoop-hdds-container-service/0.5.0-SNAPSHOT/hadoop-hdds-container-service-0.5.0-SNAPSHOT.jar!/webapps/static,UNAVAILABLE}
2019-08-22 01:59:01,210 [main] INFO  handler.ContextHandler (ContextHandler.java:doStop(910)) - Stopped o.e.j.s.ServletContextHandler@28b5cee{/logs,file:///workdir/hadoop-ozone/integration-test/target/log,UNAVAILABLE}
2019-08-22 01:59:01,211 [main] INFO  datanode.ObjectStoreHandler (ObjectStoreHandler.java:close(155)) - Closing ObjectStoreHandler.
2019-08-22 01:59:01,212 [main] INFO  ozone.HddsDatanodeService (HddsDatanodeService.java:stop(451)) - Stopped plug-in org.apache.hadoop.ozone.web.OzoneHddsDatanodeService@4b5c84be
2019-08-22 01:59:01,234 [StateMachineUpdater:bb7541e0-7fde-4f15-9948-e374d6325018:group-CA7304BD04EF] INFO  ratis.ContainerStateMachine (ContainerStateMachine.java:takeSnapshot(294)) - group-CA7304BD04EF: Finished taking a snapshot at:(t:1, i:6) file:/workdir/hadoop-ozone/integration-test/target/test-dir/MiniOzoneClusterImpl-73a943d6-9e54-420a-b8c2-6f1b1463b42a/datanode-0/data/ratis/d8a1a47f-f976-411d-aa60-ca7304bd04ef/sm/snapshot.1_6 time:30
2019-08-22 01:59:01,234 [StateMachineUpdater:bb7541e0-7fde-4f15-9948-e374d6325018:group-CA7304BD04EF] INFO  impl.StateMachineUpdater (StateMachineUpdater.java:takeSnapshot(242)) - StateMachineUpdater:bb7541e0-7fde-4f15-9948-e374d6325018:group-CA7304BD04EF: Took a snapshot at index 6
2019-08-22 01:59:01,234 [StateMachineUpdater:bb7541e0-7fde-4f15-9948-e374d6325018:group-CA7304BD04EF] INFO  impl.StateMachineUpdater (StateMachineUpdater.java:lambda$new$0(80)) - StateMachineUpdater:bb7541e0-7fde-4f15-9948-e374d6325018:group-CA7304BD04EF: snapshotIndex: updateIncreasingly -1 -> 6
2019-08-22 01:59:01,235 [ForkJoinPool.commonPool-worker-0] INFO  impl.RaftServerImpl (ServerState.java:close(394)) - bb7541e0-7fde-4f15-9948-e374d6325018:group-CA7304BD04EF closes. The last applied log index is 6
2019-08-22 01:59:01,235 [bb7541e0-7fde-4f15-9948-e374d6325018-SegmentedRaftLogWorker:Storage Directory /workdir/hadoop-ozone/integration-test/target/test-dir/MiniOzoneClusterImpl-73a943d6-9e54-420a-b8c2-6f1b1463b42a/datanode-0/data/ratis/d8a1a47f-f976-411d-aa60-ca7304bd04ef] INFO  segmented.SegmentedRaftLogWorker (SegmentedRaftLogWorker.java:run(313)) - bb7541e0-7fde-4f15-9948-e374d6325018-SegmentedRaftLogWorker:Storage Directory /workdir/hadoop-ozone/integration-test/target/test-dir/MiniOzoneClusterImpl-73a943d6-9e54-420a-b8c2-6f1b1463b42a/datanode-0/data/ratis/d8a1a47f-f976-411d-aa60-ca7304bd04ef was interrupted, exiting. There are 0 tasks remaining in the queue.
2019-08-22 01:59:01,237 [ForkJoinPool.commonPool-worker-0] INFO  segmented.SegmentedRaftLogWorker (SegmentedRaftLogWorker.java:close(228)) - bb7541e0-7fde-4f15-9948-e374d6325018-SegmentedRaftLogWorker:Storage Directory /workdir/hadoop-ozone/integration-test/target/test-dir/MiniOzoneClusterImpl-73a943d6-9e54-420a-b8c2-6f1b1463b42a/datanode-0/data/ratis/d8a1a47f-f976-411d-aa60-ca7304bd04ef close()
2019-08-22 01:59:01,239 [ForkJoinPool.commonPool-worker-0] INFO  server.GrpcService (GrpcService.java:closeImpl(155)) - bb7541e0-7fde-4f15-9948-e374d6325018: shutdown server with port 35476 now
2019-08-22 01:59:01,239 [ForkJoinPool.commonPool-worker-0] INFO  server.GrpcService (GrpcService.java:closeImpl(163)) - bb7541e0-7fde-4f15-9948-e374d6325018: shutdown server with port 35476 successfully
2019-08-22 01:59:01,241 [ForkJoinPool.commonPool-worker-0] INFO  utils.BackgroundService (BackgroundService.java:shutdown(148)) - Shutting down service BlockDeletingService
2019-08-22 01:59:01,242 [refreshUsed-/workdir/hadoop-ozone/integration-test/target/test-dir/MiniOzoneClusterImpl-73a943d6-9e54-420a-b8c2-6f1b1463b42a/datanode-0/data/containers] WARN  fs.CachingGetSpaceUsed (CachingGetSpaceUsed.java:run(183)) - Thread Interrupted waiting to refresh disk information: sleep interrupted
2019-08-22 01:59:01,270 [ForkJoinPool.commonPool-worker-0] INFO  statemachine.DatanodeStateMachine (DatanodeStateMachine.java:stopDaemon(395)) - Ozone container server stopped.
2019-08-22 01:59:01,274 [ForkJoinPool.commonPool-worker-0] INFO  handler.ContextHandler (ContextHandler.java:doStop(910)) - Stopped o.e.j.w.WebAppContext@7424a39e{/,null,UNAVAILABLE}{/hddsDatanode}
2019-08-22 01:59:01,274 [ForkJoinPool.commonPool-worker-0] INFO  server.AbstractConnector (AbstractConnector.java:doStop(318)) - Stopped ServerConnector@2526ecb7{HTTP/1.1,[http/1.1]}{0.0.0.0:0}
2019-08-22 01:59:01,275 [ForkJoinPool.commonPool-worker-0] INFO  handler.ContextHandler (ContextHandler.java:doStop(910)) - Stopped o.e.j.s.ServletContextHandler@2542e124{/static,jar:file:/home/user/.m2/repository/org/apache/hadoop/hadoop-hdds-container-service/0.5.0-SNAPSHOT/hadoop-hdds-container-service-0.5.0-SNAPSHOT.jar!/webapps/static,UNAVAILABLE}
2019-08-22 01:59:01,275 [ForkJoinPool.commonPool-worker-0] INFO  handler.ContextHandler (ContextHandler.java:doStop(910)) - Stopped o.e.j.s.ServletContextHandler@44835de9{/logs,file:///workdir/hadoop-ozone/integration-test/target/log,UNAVAILABLE}
2019-08-22 01:59:01,930 [Datanode State Machine Thread - 0] INFO  statemachine.DatanodeStateMachine (DatanodeStateMachine.java:lambda$startDaemon$0(350)) - Ozone container server started.
2019-08-22 01:59:02,875 [grpc-default-executor-5] WARN  server.GrpcLogAppender (LogUtils.java:warn(134)) - f3d8d448-3596-4d55-8cde-6a41b384fc87->730038c5-3d8b-441c-8787-c9cbc1ffc73d: Failed appendEntries: org.apache.ratis.thirdparty.io.grpc.StatusRuntimeException: UNAVAILABLE: io exception
2019-08-22 01:59:02,876 [grpc-default-executor-5] INFO  impl.FollowerInfo (FollowerInfo.java:lambda$new$0(50)) - f3d8d448-3596-4d55-8cde-6a41b384fc87->730038c5-3d8b-441c-8787-c9cbc1ffc73d: nextIndex: updateUnconditionally 6 -> 5
2019-08-22 01:59:02,877 [grpc-default-executor-5] WARN  server.GrpcLogAppender (LogUtils.java:warn(134)) - f3d8d448-3596-4d55-8cde-6a41b384fc87->a150ecf0-9441-4c31-a29f-f6938f908a65: Failed appendEntries: org.apache.ratis.thirdparty.io.grpc.StatusRuntimeException: UNAVAILABLE: io exception
2019-08-22 01:59:02,877 [grpc-default-executor-5] INFO  impl.FollowerInfo (FollowerInfo.java:lambda$new$0(50)) - f3d8d448-3596-4d55-8cde-6a41b384fc87->a150ecf0-9441-4c31-a29f-f6938f908a65: nextIndex: updateUnconditionally 3 -> 2
2019-08-22 01:59:05,376 [grpc-default-executor-4] WARN  server.GrpcLogAppender (LogUtils.java:warn(134)) - f3d8d448-3596-4d55-8cde-6a41b384fc87->730038c5-3d8b-441c-8787-c9cbc1ffc73d: Failed appendEntries: org.apache.ratis.thirdparty.io.grpc.StatusRuntimeException: UNAVAILABLE: io exception
2019-08-22 01:59:05,377 [grpc-default-executor-4] INFO  impl.FollowerInfo (FollowerInfo.java:lambda$new$0(50)) - f3d8d448-3596-4d55-8cde-6a41b384fc87->730038c5-3d8b-441c-8787-c9cbc1ffc73d: nextIndex: updateUnconditionally 5 -> 4
2019-08-22 01:59:05,378 [grpc-default-executor-6] WARN  server.GrpcLogAppender (LogUtils.java:warn(134)) - f3d8d448-3596-4d55-8cde-6a41b384fc87->a150ecf0-9441-4c31-a29f-f6938f908a65: Failed appendEntries: org.apache.ratis.thirdparty.io.grpc.StatusRuntimeException: UNAVAILABLE: io exception
2019-08-22 01:59:05,378 [grpc-default-executor-6] INFO  impl.FollowerInfo (FollowerInfo.java:lambda$new$0(50)) - f3d8d448-3596-4d55-8cde-6a41b384fc87->a150ecf0-9441-4c31-a29f-f6938f908a65: nextIndex: updateUnconditionally 2 -> 1
2019-08-22 01:59:05,956 [EventQueue-StaleNodeForStaleNodeHandler] INFO  node.StaleNodeHandler (StaleNodeHandler.java:onMessage(58)) - Datanode f3d8d448-3596-4d55-8cde-6a41b384fc87{ip: 192.168.34.54, host: pr-hdds-1998-jt8wz-3050591487, networkLocation: /default-rack, certSerialId: null} moved to stale state. Finalizing its pipelines [PipelineID=38afb831-cf05-4b68-9597-ccd042532999, PipelineID=609f79d0-b647-47da-95d4-35119918ffc0]
2019-08-22 01:59:05,956 [EventQueue-StaleNodeForStaleNodeHandler] INFO  pipeline.SCMPipelineManager (SCMPipelineManager.java:finalizeAndDestroyPipeline(309)) - destroying pipeline:Pipeline[ Id: 38afb831-cf05-4b68-9597-ccd042532999, Nodes: f3d8d448-3596-4d55-8cde-6a41b384fc87{ip: 192.168.34.54, host: pr-hdds-1998-jt8wz-3050591487, networkLocation: /default-rack, certSerialId: null}, Type:RATIS, Factor:ONE, State:OPEN]
2019-08-22 01:59:05,957 [EventQueue-StaleNodeForStaleNodeHandler] INFO  pipeline.PipelineStateManager (PipelineStateManager.java:finalizePipeline(123)) - Pipeline Pipeline[ Id: 38afb831-cf05-4b68-9597-ccd042532999, Nodes: f3d8d448-3596-4d55-8cde-6a41b384fc87{ip: 192.168.34.54, host: pr-hdds-1998-jt8wz-3050591487, networkLocation: /default-rack, certSerialId: null}, Type:RATIS, Factor:ONE, State:CLOSED] moved to CLOSED state
2019-08-22 01:59:05,957 [EventQueue-StaleNodeForStaleNodeHandler] INFO  pipeline.SCMPipelineManager (SCMPipelineManager.java:finalizeAndDestroyPipeline(309)) - destroying pipeline:Pipeline[ Id: 609f79d0-b647-47da-95d4-35119918ffc0, Nodes: a150ecf0-9441-4c31-a29f-f6938f908a65{ip: 192.168.34.54, host: pr-hdds-1998-jt8wz-3050591487, networkLocation: /default-rack, certSerialId: null}730038c5-3d8b-441c-8787-c9cbc1ffc73d{ip: 192.168.34.54, host: pr-hdds-1998-jt8wz-3050591487, networkLocation: /default-rack, certSerialId: null}f3d8d448-3596-4d55-8cde-6a41b384fc87{ip: 192.168.34.54, host: pr-hdds-1998-jt8wz-3050591487, networkLocation: /default-rack, certSerialId: null}, Type:RATIS, Factor:THREE, State:CLOSED]
2019-08-22 01:59:06,213 [main] INFO  ozoneimpl.OzoneContainer (OzoneContainer.java:stop(199)) - Attempting to stop container services.
2019-08-22 01:59:06,214 [main] INFO  impl.RaftServerProxy (RaftServerProxy.java:lambda$close$4(314)) - f3d8d448-3596-4d55-8cde-6a41b384fc87: close
2019-08-22 01:59:06,214 [main] INFO  impl.RaftServerImpl (RaftServerImpl.java:lambda$shutdown$3(245)) - f3d8d448-3596-4d55-8cde-6a41b384fc87: shutdown group-CCD042532999
2019-08-22 01:59:06,215 [main] INFO  util.JmxRegister (JmxRegister.java:unregister(73)) - Successfully un-registered JMX Bean with object name Ratis:service=RaftServer,group=group-CCD042532999,id=f3d8d448-3596-4d55-8cde-6a41b384fc87
2019-08-22 01:59:06,215 [main] INFO  impl.RoleInfo (RoleInfo.java:shutdownLeaderState(104)) - f3d8d448-3596-4d55-8cde-6a41b384fc87: shutdown LeaderState
2019-08-22 01:59:06,216 [main] INFO  impl.PendingRequests (PendingRequests.java:sendNotLeaderResponses(202)) - f3d8d448-3596-4d55-8cde-6a41b384fc87-PendingRequests: sendNotLeaderResponses
2019-08-22 01:59:06,216 [main] INFO  impl.StateMachineUpdater (StateMachineUpdater.java:stopAndJoin(115)) - StateMachineUpdater:f3d8d448-3596-4d55-8cde-6a41b384fc87:group-CCD042532999: set stopIndex = 0
2019-08-22 01:59:06,217 [main] INFO  impl.RaftServerImpl (ServerState.java:close(394)) - f3d8d448-3596-4d55-8cde-6a41b384fc87:group-CCD042532999 closes. The last applied log index is 0
2019-08-22 01:59:06,217 [f3d8d448-3596-4d55-8cde-6a41b384fc87-SegmentedRaftLogWorker:Storage Directory /workdir/hadoop-ozone/integration-test/target/test-dir/MiniOzoneClusterImpl-73a943d6-9e54-420a-b8c2-6f1b1463b42a/datanode-5/data/ratis/38afb831-cf05-4b68-9597-ccd042532999] INFO  segmented.SegmentedRaftLogWorker (SegmentedRaftLogWorker.java:run(313)) - f3d8d448-3596-4d55-8cde-6a41b384fc87-SegmentedRaftLogWorker:Storage Directory /workdir/hadoop-ozone/integration-test/target/test-dir/MiniOzoneClusterImpl-73a943d6-9e54-420a-b8c2-6f1b1463b42a/datanode-5/data/ratis/38afb831-cf05-4b68-9597-ccd042532999 was interrupted, exiting. There are 0 tasks remaining in the queue.
2019-08-22 01:59:06,220 [main] INFO  segmented.SegmentedRaftLogWorker (SegmentedRaftLogWorker.java:close(228)) - f3d8d448-3596-4d55-8cde-6a41b384fc87-SegmentedRaftLogWorker:Storage Directory /workdir/hadoop-ozone/integration-test/target/test-dir/MiniOzoneClusterImpl-73a943d6-9e54-420a-b8c2-6f1b1463b42a/datanode-5/data/ratis/38afb831-cf05-4b68-9597-ccd042532999 close()
2019-08-22 01:59:06,221 [main] INFO  impl.RaftServerImpl (RaftServerImpl.java:lambda$shutdown$3(245)) - f3d8d448-3596-4d55-8cde-6a41b384fc87: shutdown group-35119918FFC0
2019-08-22 01:59:06,222 [main] INFO  util.JmxRegister (JmxRegister.java:unregister(73)) - Successfully un-registered JMX Bean with object name Ratis:service=RaftServer,group=group-35119918FFC0,id=f3d8d448-3596-4d55-8cde-6a41b384fc87
2019-08-22 01:59:06,222 [main] INFO  impl.RoleInfo (RoleInfo.java:shutdownLeaderState(104)) - f3d8d448-3596-4d55-8cde-6a41b384fc87: shutdown LeaderState
2019-08-22 01:59:06,225 [main] INFO  impl.PendingRequests (PendingRequests.java:sendNotLeaderResponses(202)) - f3d8d448-3596-4d55-8cde-6a41b384fc87-PendingRequests: sendNotLeaderResponses
2019-08-22 01:59:06,225 [org.apache.ratis.server.impl.LogAppender$AppenderDaemon$$Lambda$470/1305334601@2996b2be] WARN  server.GrpcLogAppender (GrpcLogAppender.java:mayWait(143)) - GrpcLogAppender(f3d8d448-3596-4d55-8cde-6a41b384fc87->730038c5-3d8b-441c-8787-c9cbc1ffc73d): Wait interrupted by java.lang.InterruptedException
2019-08-22 01:59:06,225 [org.apache.ratis.server.impl.LogAppender$AppenderDaemon$$Lambda$470/1305334601@6c943148] WARN  server.GrpcLogAppender (GrpcLogAppender.java:mayWait(143)) - GrpcLogAppender(f3d8d448-3596-4d55-8cde-6a41b384fc87->a150ecf0-9441-4c31-a29f-f6938f908a65): Wait interrupted by java.lang.InterruptedException
2019-08-22 01:59:06,228 [main] INFO  impl.StateMachineUpdater (StateMachineUpdater.java:stopAndJoin(115)) - StateMachineUpdater:f3d8d448-3596-4d55-8cde-6a41b384fc87:group-35119918FFC0: set stopIndex = 8
2019-08-22 01:59:06,228 [StateMachineUpdater:f3d8d448-3596-4d55-8cde-6a41b384fc87:group-35119918FFC0] INFO  ratis.ContainerStateMachine (ContainerStateMachine.java:takeSnapshot(283)) - group-35119918FFC0: Taking a snapshot at:(t:1, i:8) file /workdir/hadoop-ozone/integration-test/target/test-dir/MiniOzoneClusterImpl-73a943d6-9e54-420a-b8c2-6f1b1463b42a/datanode-5/data/ratis/609f79d0-b647-47da-95d4-35119918ffc0/sm/snapshot.1_8
2019-08-22 01:59:06,241 [StateMachineUpdater:f3d8d448-3596-4d55-8cde-6a41b384fc87:group-35119918FFC0] INFO  ratis.ContainerStateMachine (ContainerStateMachine.java:takeSnapshot(294)) - group-35119918FFC0: Finished taking a snapshot at:(t:1, i:8) file:/workdir/hadoop-ozone/integration-test/target/test-dir/MiniOzoneClusterImpl-73a943d6-9e54-420a-b8c2-6f1b1463b42a/datanode-5/data/ratis/609f79d0-b647-47da-95d4-35119918ffc0/sm/snapshot.1_8 time:12
2019-08-22 01:59:06,241 [StateMachineUpdater:f3d8d448-3596-4d55-8cde-6a41b384fc87:group-35119918FFC0] INFO  impl.StateMachineUpdater (StateMachineUpdater.java:takeSnapshot(242)) - StateMachineUpdater:f3d8d448-3596-4d55-8cde-6a41b384fc87:group-35119918FFC0: Took a snapshot at index 8
2019-08-22 01:59:06,241 [StateMachineUpdater:f3d8d448-3596-4d55-8cde-6a41b384fc87:group-35119918FFC0] INFO  impl.StateMachineUpdater (StateMachineUpdater.java:lambda$new$0(80)) - StateMachineUpdater:f3d8d448-3596-4d55-8cde-6a41b384fc87:group-35119918FFC0: snapshotIndex: updateIncreasingly -1 -> 8
2019-08-22 01:59:06,241 [main] INFO  impl.RaftServerImpl (ServerState.java:close(394)) - f3d8d448-3596-4d55-8cde-6a41b384fc87:group-35119918FFC0 closes. The last applied log index is 8
2019-08-22 01:59:06,242 [f3d8d448-3596-4d55-8cde-6a41b384fc87-SegmentedRaftLogWorker:Storage Directory /workdir/hadoop-ozone/integration-test/target/test-dir/MiniOzoneClusterImpl-73a943d6-9e54-420a-b8c2-6f1b1463b42a/datanode-5/data/ratis/609f79d0-b647-47da-95d4-35119918ffc0] INFO  segmented.SegmentedRaftLogWorker (SegmentedRaftLogWorker.java:run(313)) - f3d8d448-3596-4d55-8cde-6a41b384fc87-SegmentedRaftLogWorker:Storage Directory /workdir/hadoop-ozone/integration-test/target/test-dir/MiniOzoneClusterImpl-73a943d6-9e54-420a-b8c2-6f1b1463b42a/datanode-5/data/ratis/609f79d0-b647-47da-95d4-35119918ffc0 was interrupted, exiting. There are 0 tasks remaining in the queue.
2019-08-22 01:59:06,243 [main] INFO  segmented.SegmentedRaftLogWorker (SegmentedRaftLogWorker.java:close(228)) - f3d8d448-3596-4d55-8cde-6a41b384fc87-SegmentedRaftLogWorker:Storage Directory /workdir/hadoop-ozone/integration-test/target/test-dir/MiniOzoneClusterImpl-73a943d6-9e54-420a-b8c2-6f1b1463b42a/datanode-5/data/ratis/609f79d0-b647-47da-95d4-35119918ffc0 close()
2019-08-22 01:59:06,245 [main] INFO  server.GrpcService (GrpcService.java:closeImpl(155)) - f3d8d448-3596-4d55-8cde-6a41b384fc87: shutdown server with port 35986 now
2019-08-22 01:59:06,246 [main] INFO  server.GrpcService (GrpcService.java:closeImpl(163)) - f3d8d448-3596-4d55-8cde-6a41b384fc87: shutdown server with port 35986 successfully
2019-08-22 01:59:06,249 [main] INFO  utils.BackgroundService (BackgroundService.java:shutdown(148)) - Shutting down service BlockDeletingService
2019-08-22 01:59:06,252 [refreshUsed-/workdir/hadoop-ozone/integration-test/target/test-dir/MiniOzoneClusterImpl-73a943d6-9e54-420a-b8c2-6f1b1463b42a/datanode-5/data/containers] WARN  fs.CachingGetSpaceUsed (CachingGetSpaceUsed.java:run(183)) - Thread Interrupted waiting to refresh disk information: sleep interrupted
2019-08-22 01:59:06,266 [main] INFO  statemachine.DatanodeStateMachine (DatanodeStateMachine.java:stopDaemon(395)) - Ozone container server stopped.
2019-08-22 01:59:06,278 [main] INFO  handler.ContextHandler (ContextHandler.java:doStop(910)) - Stopped o.e.j.w.WebAppContext@26753687{/,null,UNAVAILABLE}{/hddsDatanode}
2019-08-22 01:59:06,279 [main] INFO  server.AbstractConnector (AbstractConnector.java:doStop(318)) - Stopped ServerConnector@765650e4{HTTP/1.1,[http/1.1]}{0.0.0.0:0}
2019-08-22 01:59:06,280 [main] INFO  handler.ContextHandler (ContextHandler.java:doStop(910)) - Stopped o.e.j.s.ServletContextHandler@2d7bfb13{/static,jar:file:/home/user/.m2/repository/org/apache/hadoop/hadoop-hdds-container-service/0.5.0-SNAPSHOT/hadoop-hdds-container-service-0.5.0-SNAPSHOT.jar!/webapps/static,UNAVAILABLE}
2019-08-22 01:59:06,280 [main] INFO  handler.ContextHandler (ContextHandler.java:doStop(910)) - Stopped o.e.j.s.ServletContextHandler@5f0bcadb{/logs,file:///workdir/hadoop-ozone/integration-test/target/log,UNAVAILABLE}
2019-08-22 01:59:06,282 [main] INFO  ozone.MiniOzoneClusterImpl (MiniOzoneClusterImpl.java:stop(353)) - Stopping the StorageContainerManager
2019-08-22 01:59:06,282 [main] INFO  server.StorageContainerManager (StorageContainerManager.java:stop(797)) - Stopping Replication Manager Service.
2019-08-22 01:59:06,282 [main] INFO  container.ReplicationManager (ReplicationManager.java:stop(193)) - Stopping Replication Monitor Thread.
2019-08-22 01:59:06,282 [main] INFO  server.StorageContainerManager (StorageContainerManager.java:stop(804)) - Stopping Lease Manager of the command watchers
2019-08-22 01:59:06,282 [main] INFO  server.StorageContainerManager (StorageContainerManager.java:stop(811)) - Stopping datanode service RPC server
2019-08-22 01:59:06,283 [main] INFO  server.SCMDatanodeProtocolServer (SCMDatanodeProtocolServer.java:stop(367)) - Stopping the RPC server for DataNodes
2019-08-22 01:59:06,283 [main] INFO  ipc.Server (Server.java:stop(3082)) - Stopping server on 46076
2019-08-22 01:59:06,286 [IPC Server listener on 46076] INFO  ipc.Server (Server.java:run(1185)) - Stopping IPC Server listener on 46076
2019-08-22 01:59:06,287 [IPC Server Responder] INFO  ipc.Server (Server.java:run(1319)) - Stopping IPC Server Responder
2019-08-22 01:59:06,356 [SCM Heartbeat Processing Thread - 0] WARN  node.NodeStateManager (NodeStateManager.java:scheduleNextHealthCheck(646)) - Current Thread is interrupted, shutting down HB processing thread for Node Manager.
2019-08-22 01:59:06,357 [main] INFO  server.StorageContainerManager (StorageContainerManager.java:stop(819)) - Stopping block service RPC server
2019-08-22 01:59:06,357 [main] INFO  server.SCMBlockProtocolServer (SCMBlockProtocolServer.java:stop(148)) - Stopping the RPC server for Block Protocol
2019-08-22 01:59:06,357 [main] INFO  ipc.Server (Server.java:stop(3082)) - Stopping server on 33575
2019-08-22 01:59:06,359 [IPC Server listener on 33575] INFO  ipc.Server (Server.java:run(1185)) - Stopping IPC Server listener on 33575
2019-08-22 01:59:06,363 [IPC Server Responder] INFO  ipc.Server (Server.java:run(1319)) - Stopping IPC Server Responder
2019-08-22 01:59:06,363 [main] INFO  server.StorageContainerManager (StorageContainerManager.java:stop(826)) - Stopping the StorageContainerLocationProtocol RPC server
2019-08-22 01:59:06,365 [main] INFO  server.SCMClientProtocolServer (SCMClientProtocolServer.java:stop(159)) - Stopping the RPC server for Client Protocol
2019-08-22 01:59:06,366 [main] INFO  ipc.Server (Server.java:stop(3082)) - Stopping server on 41460
2019-08-22 01:59:06,368 [IPC Server listener on 41460] INFO  ipc.Server (Server.java:run(1185)) - Stopping IPC Server listener on 41460
2019-08-22 01:59:06,369 [IPC Server Responder] INFO  ipc.Server (Server.java:run(1319)) - Stopping IPC Server Responder
2019-08-22 01:59:06,369 [main] INFO  server.StorageContainerManager (StorageContainerManager.java:stop(833)) - Stopping Storage Container Manager HTTP server.
2019-08-22 01:59:06,371 [main] INFO  handler.ContextHandler (ContextHandler.java:doStop(910)) - Stopped o.e.j.w.WebAppContext@2251cc2e{/,null,UNAVAILABLE}{/scm}
2019-08-22 01:59:06,372 [main] INFO  server.AbstractConnector (AbstractConnector.java:doStop(318)) - Stopped ServerConnector@61563a91{HTTP/1.1,[http/1.1]}{0.0.0.0:0}
2019-08-22 01:59:06,372 [main] INFO  handler.ContextHandler (ContextHandler.java:doStop(910)) - Stopped o.e.j.s.ServletContextHandler@fbb585e{/static,file:///workdir/hadoop-ozone/integration-test/target/test-classes/webapps/static,UNAVAILABLE}
2019-08-22 01:59:06,372 [main] INFO  handler.ContextHandler (ContextHandler.java:doStop(910)) - Stopped o.e.j.s.ServletContextHandler@179af25f{/logs,file:///workdir/hadoop-ozone/integration-test/target/log,UNAVAILABLE}
2019-08-22 01:59:06,373 [main] INFO  server.StorageContainerManager (StorageContainerManager.java:stop(844)) - Stopping Block Manager Service.
2019-08-22 01:59:06,373 [main] INFO  utils.BackgroundService (BackgroundService.java:shutdown(148)) - Shutting down service SCMBlockDeletingService
2019-08-22 01:59:06,374 [main] INFO  utils.BackgroundService (BackgroundService.java:shutdown(148)) - Shutting down service SCMBlockDeletingService
2019-08-22 01:59:06,374 [main] INFO  server.StorageContainerManager (StorageContainerManager.java:stop(866)) - Stopping SCM Event Queue.
2019-08-22 01:59:06,379 [main] INFO  impl.MetricsSystemImpl (MetricsSystemImpl.java:stop(210)) - Stopping HddsDatanode metrics system...
2019-08-22 01:59:06,389 [main] INFO  impl.MetricsSystemImpl (MetricsSystemImpl.java:stop(216)) - HddsDatanode metrics system stopped.
]]></system-out>
    <system-err><![CDATA[Aug 22, 2019 1:58:32 AM com.sun.jersey.server.impl.application.WebApplicationImpl _initiate
INFO: Initiating Jersey application, version 'Jersey: 1.19 02/11/2015 03:25 AM'
Aug 22, 2019 1:58:32 AM com.sun.jersey.server.impl.application.WebApplicationImpl _initiate
INFO: Initiating Jersey application, version 'Jersey: 1.19 02/11/2015 03:25 AM'
Aug 22, 2019 1:58:33 AM com.sun.jersey.server.impl.application.WebApplicationImpl _initiate
INFO: Initiating Jersey application, version 'Jersey: 1.19 02/11/2015 03:25 AM'
Aug 22, 2019 1:58:33 AM com.sun.jersey.server.impl.application.WebApplicationImpl _initiate
INFO: Initiating Jersey application, version 'Jersey: 1.19 02/11/2015 03:25 AM'
Aug 22, 2019 1:58:33 AM com.sun.jersey.server.impl.application.WebApplicationImpl _initiate
INFO: Initiating Jersey application, version 'Jersey: 1.19 02/11/2015 03:25 AM'
Aug 22, 2019 1:58:33 AM com.sun.jersey.server.impl.application.WebApplicationImpl _initiate
INFO: Initiating Jersey application, version 'Jersey: 1.19 02/11/2015 03:25 AM'
Aug 22, 2019 1:58:34 AM com.sun.jersey.server.impl.application.WebApplicationImpl _initiate
INFO: Initiating Jersey application, version 'Jersey: 1.19 02/11/2015 03:25 AM'
Aug 22, 2019 1:58:36 AM org.apache.ratis.thirdparty.io.grpc.internal.ManagedChannelOrphanWrapper$ManagedChannelReference cleanQueue
SEVERE: *~*~*~ Channel ManagedChannelImpl{logId=2795, target=192.168.34.54:44594} was not shutdown properly!!! ~*~*~*
    Make sure to call shutdown()/shutdownNow() and wait until awaitTermination() returns true.
java.lang.RuntimeException: ManagedChannel allocation site
	at org.apache.ratis.thirdparty.io.grpc.internal.ManagedChannelOrphanWrapper$ManagedChannelReference.<init>(ManagedChannelOrphanWrapper.java:103)
	at org.apache.ratis.thirdparty.io.grpc.internal.ManagedChannelOrphanWrapper.<init>(ManagedChannelOrphanWrapper.java:53)
	at org.apache.ratis.thirdparty.io.grpc.internal.ManagedChannelOrphanWrapper.<init>(ManagedChannelOrphanWrapper.java:44)
	at org.apache.ratis.thirdparty.io.grpc.internal.AbstractManagedChannelImplBuilder.build(AbstractManagedChannelImplBuilder.java:411)
	at org.apache.ratis.grpc.client.GrpcClientProtocolClient.<init>(GrpcClientProtocolClient.java:119)
	at org.apache.ratis.grpc.client.GrpcClientRpc.lambda$new$0(GrpcClientRpc.java:55)
	at org.apache.ratis.util.PeerProxyMap$PeerAndProxy.lambda$getProxy$0(PeerProxyMap.java:61)
	at org.apache.ratis.util.LifeCycle.startAndTransition(LifeCycle.java:202)
	at org.apache.ratis.util.PeerProxyMap$PeerAndProxy.getProxy(PeerProxyMap.java:60)
	at org.apache.ratis.util.PeerProxyMap.getProxy(PeerProxyMap.java:107)
	at org.apache.ratis.grpc.client.GrpcClientRpc.sendRequestAsync(GrpcClientRpc.java:66)
	at org.apache.ratis.client.impl.OrderedAsync.sendRequest(OrderedAsync.java:208)
	at org.apache.ratis.client.impl.OrderedAsync.sendRequestWithRetry(OrderedAsync.java:169)
	at org.apache.ratis.util.SlidingWindow$Client.sendOrDelayRequest(SlidingWindow.java:278)
	at org.apache.ratis.util.SlidingWindow$Client.retry(SlidingWindow.java:294)
	at org.apache.ratis.client.impl.OrderedAsync.lambda$scheduleWithTimeout$7(OrderedAsync.java:195)
	at org.apache.ratis.util.TimeoutScheduler.lambda$onTimeout$0(TimeoutScheduler.java:85)
	at org.apache.ratis.util.TimeoutScheduler.lambda$onTimeout$1(TimeoutScheduler.java:104)
	at org.apache.ratis.util.LogUtils.runAndLog(LogUtils.java:50)
	at org.apache.ratis.util.LogUtils$1.run(LogUtils.java:91)
	at java.util.concurrent.Executors$RunnableAdapter.call(Executors.java:511)
	at java.util.concurrent.FutureTask.run(FutureTask.java:266)
	at java.util.concurrent.ScheduledThreadPoolExecutor$ScheduledFutureTask.access$201(ScheduledThreadPoolExecutor.java:180)
	at java.util.concurrent.ScheduledThreadPoolExecutor$ScheduledFutureTask.run(ScheduledThreadPoolExecutor.java:293)
	at java.util.concurrent.ThreadPoolExecutor.runWorker(ThreadPoolExecutor.java:1149)
	at java.util.concurrent.ThreadPoolExecutor$Worker.run(ThreadPoolExecutor.java:624)
	at java.lang.Thread.run(Thread.java:748)

Aug 22, 2019 1:58:36 AM org.apache.ratis.thirdparty.io.grpc.internal.ManagedChannelOrphanWrapper$ManagedChannelReference cleanQueue
SEVERE: *~*~*~ Channel ManagedChannelImpl{logId=2785, target=192.168.34.54:44996} was not shutdown properly!!! ~*~*~*
    Make sure to call shutdown()/shutdownNow() and wait until awaitTermination() returns true.
java.lang.RuntimeException: ManagedChannel allocation site
	at org.apache.ratis.thirdparty.io.grpc.internal.ManagedChannelOrphanWrapper$ManagedChannelReference.<init>(ManagedChannelOrphanWrapper.java:103)
	at org.apache.ratis.thirdparty.io.grpc.internal.ManagedChannelOrphanWrapper.<init>(ManagedChannelOrphanWrapper.java:53)
	at org.apache.ratis.thirdparty.io.grpc.internal.ManagedChannelOrphanWrapper.<init>(ManagedChannelOrphanWrapper.java:44)
	at org.apache.ratis.thirdparty.io.grpc.internal.AbstractManagedChannelImplBuilder.build(AbstractManagedChannelImplBuilder.java:411)
	at org.apache.ratis.grpc.client.GrpcClientProtocolClient.<init>(GrpcClientProtocolClient.java:119)
	at org.apache.ratis.grpc.client.GrpcClientRpc.lambda$new$0(GrpcClientRpc.java:55)
	at org.apache.ratis.util.PeerProxyMap$PeerAndProxy.lambda$getProxy$0(PeerProxyMap.java:61)
	at org.apache.ratis.util.LifeCycle.startAndTransition(LifeCycle.java:202)
	at org.apache.ratis.util.PeerProxyMap$PeerAndProxy.getProxy(PeerProxyMap.java:60)
	at org.apache.ratis.util.PeerProxyMap.getProxy(PeerProxyMap.java:107)
	at org.apache.ratis.grpc.client.GrpcClientRpc.sendRequestAsync(GrpcClientRpc.java:66)
	at org.apache.ratis.client.impl.OrderedAsync.sendRequest(OrderedAsync.java:208)
	at org.apache.ratis.client.impl.OrderedAsync.sendRequestWithRetry(OrderedAsync.java:169)
	at org.apache.ratis.util.SlidingWindow$Client.sendOrDelayRequest(SlidingWindow.java:278)
	at org.apache.ratis.util.SlidingWindow$Client.retry(SlidingWindow.java:294)
	at org.apache.ratis.client.impl.OrderedAsync.lambda$scheduleWithTimeout$7(OrderedAsync.java:195)
	at org.apache.ratis.util.TimeoutScheduler.lambda$onTimeout$0(TimeoutScheduler.java:85)
	at org.apache.ratis.util.TimeoutScheduler.lambda$onTimeout$1(TimeoutScheduler.java:104)
	at org.apache.ratis.util.LogUtils.runAndLog(LogUtils.java:50)
	at org.apache.ratis.util.LogUtils$1.run(LogUtils.java:91)
	at java.util.concurrent.Executors$RunnableAdapter.call(Executors.java:511)
	at java.util.concurrent.FutureTask.run(FutureTask.java:266)
	at java.util.concurrent.ScheduledThreadPoolExecutor$ScheduledFutureTask.access$201(ScheduledThreadPoolExecutor.java:180)
	at java.util.concurrent.ScheduledThreadPoolExecutor$ScheduledFutureTask.run(ScheduledThreadPoolExecutor.java:293)
	at java.util.concurrent.ThreadPoolExecutor.runWorker(ThreadPoolExecutor.java:1149)
	at java.util.concurrent.ThreadPoolExecutor$Worker.run(ThreadPoolExecutor.java:624)
	at java.lang.Thread.run(Thread.java:748)

]]></system-err>
  </testcase>
  <testcase name="testWatchForCommitWithCloseContainerException" classname="org.apache.hadoop.ozone.client.rpc.TestBlockOutputStreamWithFailures" time="35.086"/>
  <testcase name="testExceptionDuringClose" classname="org.apache.hadoop.ozone.client.rpc.TestBlockOutputStreamWithFailures" time="35.023"/>
</testsuite>