<?xml version="1.0" encoding="UTF-8"?>
<testsuite xmlns:xsi="http://www.w3.org/2001/XMLSchema-instance" xsi:noNamespaceSchemaLocation="https://maven.apache.org/surefire/maven-surefire-plugin/xsd/surefire-test-report.xsd" name="org.apache.hadoop.ozone.client.rpc.TestOzoneClientRetriesOnException" time="378.844" tests="2" errors="1" skipped="0" failures="0">
  <properties>
    <property name="awt.toolkit" value="sun.awt.X11.XToolkit"/>
    <property name="file.encoding.pkg" value="sun.io"/>
    <property name="java.specification.version" value="1.8"/>
    <property name="sun.cpu.isalist" value=""/>
    <property name="sun.jnu.encoding" value="UTF-8"/>
    <property name="java.class.path" value="/workdir/hadoop-ozone/integration-test/target/test-classes:/workdir/hadoop-ozone/integration-test/target/classes:/home/user/.m2/repository/org/apache/hadoop/hadoop-ozone-common/0.5.0-SNAPSHOT/hadoop-ozone-common-0.5.0-SNAPSHOT.jar:/home/user/.m2/repository/org/apache/commons/commons-compress/1.4.1/commons-compress-1.4.1.jar:/home/user/.m2/repository/org/tukaani/xz/1.0/xz-1.0.jar:/home/user/.m2/repository/org/apache/hadoop/hadoop-common/3.2.0/hadoop-common-3.2.0.jar:/home/user/.m2/repository/org/apache/hadoop/hadoop-hdfs/3.2.0/hadoop-hdfs-3.2.0.jar:/home/user/.m2/repository/org/apache/hadoop/hadoop-hdfs-client/3.2.0/hadoop-hdfs-client-3.2.0.jar:/home/user/.m2/repository/com/fasterxml/jackson/core/jackson-annotations/2.9.5/jackson-annotations-2.9.5.jar:/home/user/.m2/repository/org/apache/hadoop/hadoop-hdds-common/0.5.0-SNAPSHOT/hadoop-hdds-common-0.5.0-SNAPSHOT.jar:/home/user/.m2/repository/javax/annotation/javax.annotation-api/1.2/javax.annotation-api-1.2.jar:/home/user/.m2/repository/org/apache/ratis/ratis-server/0.4.0-2337318-SNAPSHOT/ratis-server-0.4.0-2337318-SNAPSHOT.jar:/home/user/.m2/repository/org/apache/ratis/ratis-thirdparty-misc/0.2.0/ratis-thirdparty-misc-0.2.0.jar:/home/user/.m2/repository/org/apache/ratis/ratis-proto/0.4.0-2337318-SNAPSHOT/ratis-proto-0.4.0-2337318-SNAPSHOT.jar:/home/user/.m2/repository/org/apache/ratis/ratis-common/0.4.0-2337318-SNAPSHOT/ratis-common-0.4.0-2337318-SNAPSHOT.jar:/home/user/.m2/repository/org/apache/ratis/ratis-client/0.4.0-2337318-SNAPSHOT/ratis-client-0.4.0-2337318-SNAPSHOT.jar:/home/user/.m2/repository/org/apache/ratis/ratis-metrics/0.4.0-2337318-SNAPSHOT/ratis-metrics-0.4.0-2337318-SNAPSHOT.jar:/home/user/.m2/repository/org/apache/ratis/ratis-netty/0.4.0-2337318-SNAPSHOT/ratis-netty-0.4.0-2337318-SNAPSHOT.jar:/home/user/.m2/repository/org/apache/ratis/ratis-grpc/0.4.0-2337318-SNAPSHOT/ratis-grpc-0.4.0-2337318-SNAPSHOT.jar:/home/user/.m2/repository/org/rocksdb/rocksdbjni/6.0.1/rocksdbjni-6.0.1.jar:/home/user/.m2/repository/org/apache/logging/log4j/log4j-api/2.11.0/log4j-api-2.11.0.jar:/home/user/.m2/repository/org/apache/logging/log4j/log4j-core/2.11.0/log4j-core-2.11.0.jar:/home/user/.m2/repository/com/lmax/disruptor/3.4.2/disruptor-3.4.2.jar:/home/user/.m2/repository/org/apache/commons/commons-pool2/2.6.0/commons-pool2-2.6.0.jar:/home/user/.m2/repository/org/bouncycastle/bcpkix-jdk15on/1.60/bcpkix-jdk15on-1.60.jar:/home/user/.m2/repository/commons-validator/commons-validator/1.6/commons-validator-1.6.jar:/home/user/.m2/repository/commons-digester/commons-digester/1.8.1/commons-digester-1.8.1.jar:/home/user/.m2/repository/io/jaegertracing/jaeger-client/0.33.1/jaeger-client-0.33.1.jar:/home/user/.m2/repository/io/jaegertracing/jaeger-thrift/0.33.1/jaeger-thrift-0.33.1.jar:/home/user/.m2/repository/org/apache/thrift/libthrift/0.11.0/libthrift-0.11.0.jar:/home/user/.m2/repository/com/squareup/okhttp3/okhttp/3.9.0/okhttp-3.9.0.jar:/home/user/.m2/repository/com/squareup/okio/okio/1.13.0/okio-1.13.0.jar:/home/user/.m2/repository/io/jaegertracing/jaeger-core/0.33.1/jaeger-core-0.33.1.jar:/home/user/.m2/repository/io/jaegertracing/jaeger-tracerresolver/0.33.1/jaeger-tracerresolver-0.33.1.jar:/home/user/.m2/repository/io/opentracing/contrib/opentracing-tracerresolver/0.1.5/opentracing-tracerresolver-0.1.5.jar:/home/user/.m2/repository/io/opentracing/opentracing-util/0.31.0/opentracing-util-0.31.0.jar:/home/user/.m2/repository/io/opentracing/opentracing-api/0.31.0/opentracing-api-0.31.0.jar:/home/user/.m2/repository/io/opentracing/opentracing-noop/0.31.0/opentracing-noop-0.31.0.jar:/home/user/.m2/repository/org/apache/hadoop/hadoop-hdds-server-framework/0.5.0-SNAPSHOT/hadoop-hdds-server-framework-0.5.0-SNAPSHOT.jar:/home/user/.m2/repository/org/apache/hadoop/hadoop-hdds-container-service/0.5.0-SNAPSHOT/hadoop-hdds-container-service-0.5.0-SNAPSHOT.jar:/home/user/.m2/repository/org/apache/hadoop/hadoop-hdds-client/0.5.0-SNAPSHOT/hadoop-hdds-client-0.5.0-SNAPSHOT.jar:/home/user/.m2/repository/org/apache/hadoop/hadoop-hdds-tools/0.5.0-SNAPSHOT/hadoop-hdds-tools-0.5.0-SNAPSHOT.jar:/home/user/.m2/repository/org/apache/hadoop/hadoop-hdds-server-scm/0.5.0-SNAPSHOT/hadoop-hdds-server-scm-0.5.0-SNAPSHOT.jar:/home/user/.m2/repository/org/apache/hadoop/hadoop-hdds-docs/0.5.0-SNAPSHOT/hadoop-hdds-docs-0.5.0-SNAPSHOT.jar:/home/user/.m2/repository/io/dropwizard/metrics/metrics-core/3.2.4/metrics-core-3.2.4.jar:/home/user/.m2/repository/org/hamcrest/hamcrest-all/1.3/hamcrest-all-1.3.jar:/home/user/.m2/repository/org/bouncycastle/bcprov-jdk15on/1.60/bcprov-jdk15on-1.60.jar:/home/user/.m2/repository/info/picocli/picocli/3.9.6/picocli-3.9.6.jar:/home/user/.m2/repository/com/google/protobuf/protobuf-java/2.5.0/protobuf-java-2.5.0.jar:/home/user/.m2/repository/com/google/guava/guava/11.0.2/guava-11.0.2.jar:/home/user/.m2/repository/org/apache/hadoop/hadoop-ozone-ozone-manager/0.5.0-SNAPSHOT/hadoop-ozone-ozone-manager-0.5.0-SNAPSHOT.jar:/home/user/.m2/repository/org/apache/hadoop/hadoop-minikdc/3.2.0/hadoop-minikdc-3.2.0.jar:/home/user/.m2/repository/commons-io/commons-io/2.5/commons-io-2.5.jar:/home/user/.m2/repository/org/apache/kerby/kerb-simplekdc/1.0.1/kerb-simplekdc-1.0.1.jar:/home/user/.m2/repository/org/apache/kerby/kerb-client/1.0.1/kerb-client-1.0.1.jar:/home/user/.m2/repository/org/apache/kerby/kerby-config/1.0.1/kerby-config-1.0.1.jar:/home/user/.m2/repository/org/apache/kerby/kerb-core/1.0.1/kerb-core-1.0.1.jar:/home/user/.m2/repository/org/apache/kerby/kerby-pkix/1.0.1/kerby-pkix-1.0.1.jar:/home/user/.m2/repository/org/apache/kerby/kerby-asn1/1.0.1/kerby-asn1-1.0.1.jar:/home/user/.m2/repository/org/apache/kerby/kerby-util/1.0.1/kerby-util-1.0.1.jar:/home/user/.m2/repository/org/apache/kerby/kerb-common/1.0.1/kerb-common-1.0.1.jar:/home/user/.m2/repository/org/apache/kerby/kerb-crypto/1.0.1/kerb-crypto-1.0.1.jar:/home/user/.m2/repository/org/apache/kerby/kerb-util/1.0.1/kerb-util-1.0.1.jar:/home/user/.m2/repository/org/apache/kerby/token-provider/1.0.1/token-provider-1.0.1.jar:/home/user/.m2/repository/org/apache/kerby/kerb-admin/1.0.1/kerb-admin-1.0.1.jar:/home/user/.m2/repository/org/apache/kerby/kerb-server/1.0.1/kerb-server-1.0.1.jar:/home/user/.m2/repository/org/apache/kerby/kerb-identity/1.0.1/kerb-identity-1.0.1.jar:/home/user/.m2/repository/org/apache/kerby/kerby-xdr/1.0.1/kerby-xdr-1.0.1.jar:/home/user/.m2/repository/org/slf4j/slf4j-log4j12/1.7.25/slf4j-log4j12-1.7.25.jar:/home/user/.m2/repository/org/apache/hadoop/hadoop-ozone-s3gateway/0.5.0-SNAPSHOT/hadoop-ozone-s3gateway-0.5.0-SNAPSHOT.jar:/home/user/.m2/repository/org/jboss/weld/servlet/weld-servlet/2.4.7.Final/weld-servlet-2.4.7.Final.jar:/home/user/.m2/repository/org/glassfish/jersey/containers/jersey-container-servlet-core/2.27/jersey-container-servlet-core-2.27.jar:/home/user/.m2/repository/org/glassfish/hk2/external/javax.inject/2.5.0-b42/javax.inject-2.5.0-b42.jar:/home/user/.m2/repository/org/glassfish/jersey/core/jersey-common/2.27/jersey-common-2.27.jar:/home/user/.m2/repository/org/glassfish/hk2/osgi-resource-locator/1.0.1/osgi-resource-locator-1.0.1.jar:/home/user/.m2/repository/javax/ws/rs/javax.ws.rs-api/2.1/javax.ws.rs-api-2.1.jar:/home/user/.m2/repository/org/glassfish/jersey/ext/cdi/jersey-cdi1x/2.27/jersey-cdi1x-2.27.jar:/home/user/.m2/repository/org/glassfish/jersey/inject/jersey-hk2/2.27/jersey-hk2-2.27.jar:/home/user/.m2/repository/org/glassfish/hk2/hk2-locator/2.5.0-b42/hk2-locator-2.5.0-b42.jar:/home/user/.m2/repository/org/javassist/javassist/3.22.0-CR2/javassist-3.22.0-CR2.jar:/home/user/.m2/repository/org/glassfish/hk2/hk2-api/2.5.0/hk2-api-2.5.0.jar:/home/user/.m2/repository/org/glassfish/hk2/external/jakarta.inject/2.5.0/jakarta.inject-2.5.0.jar:/home/user/.m2/repository/org/glassfish/hk2/hk2-utils/2.5.0/hk2-utils-2.5.0.jar:/home/user/.m2/repository/jakarta/annotation/jakarta.annotation-api/1.3.4/jakarta.annotation-api-1.3.4.jar:/home/user/.m2/repository/org/glassfish/hk2/external/aopalliance-repackaged/2.5.0/aopalliance-repackaged-2.5.0.jar:/home/user/.m2/repository/com/fasterxml/jackson/dataformat/jackson-dataformat-xml/2.9.0/jackson-dataformat-xml-2.9.0.jar:/home/user/.m2/repository/com/fasterxml/jackson/core/jackson-core/2.9.5/jackson-core-2.9.5.jar:/home/user/.m2/repository/com/fasterxml/jackson/module/jackson-module-jaxb-annotations/2.9.5/jackson-module-jaxb-annotations-2.9.5.jar:/home/user/.m2/repository/javax/enterprise/cdi-api/1.2/cdi-api-1.2.jar:/home/user/.m2/repository/javax/el/javax.el-api/3.0.0/javax.el-api-3.0.0.jar:/home/user/.m2/repository/javax/interceptor/javax.interceptor-api/1.2/javax.interceptor-api-1.2.jar:/home/user/.m2/repository/javax/inject/javax.inject/1/javax.inject-1.jar:/home/user/.m2/repository/com/sun/xml/bind/jaxb-impl/2.3.0.1/jaxb-impl-2.3.0.1.jar:/home/user/.m2/repository/com/sun/xml/bind/jaxb-core/2.3.0.1/jaxb-core-2.3.0.1.jar:/home/user/.m2/repository/javax/xml/bind/jaxb-api/2.3.0/jaxb-api-2.3.0.jar:/home/user/.m2/repository/javax/activation/activation/1.1.1/activation-1.1.1.jar:/home/user/.m2/repository/org/apache/hadoop/hadoop-ozone-csi/0.5.0-SNAPSHOT/hadoop-ozone-csi-0.5.0-SNAPSHOT.jar:/home/user/.m2/repository/com/google/protobuf/protobuf-java-util/3.5.1/protobuf-java-util-3.5.1.jar:/home/user/.m2/repository/org/apache/hadoop/hadoop-hdds-config/0.5.0-SNAPSHOT/hadoop-hdds-config-0.5.0-SNAPSHOT.jar:/home/user/.m2/repository/io/grpc/grpc-netty/1.17.1/grpc-netty-1.17.1.jar:/home/user/.m2/repository/io/grpc/grpc-core/1.17.1/grpc-core-1.17.1.jar:/home/user/.m2/repository/io/grpc/grpc-context/1.17.1/grpc-context-1.17.1.jar:/home/user/.m2/repository/com/google/errorprone/error_prone_annotations/2.2.0/error_prone_annotations-2.2.0.jar:/home/user/.m2/repository/org/codehaus/mojo/animal-sniffer-annotations/1.17/animal-sniffer-annotations-1.17.jar:/home/user/.m2/repository/io/opencensus/opencensus-api/0.17.0/opencensus-api-0.17.0.jar:/home/user/.m2/repository/io/opencensus/opencensus-contrib-grpc-metrics/0.17.0/opencensus-contrib-grpc-metrics-0.17.0.jar:/home/user/.m2/repository/io/netty/netty-codec-http2/4.1.30.Final/netty-codec-http2-4.1.30.Final.jar:/home/user/.m2/repository/io/netty/netty-codec-http/4.1.30.Final/netty-codec-http-4.1.30.Final.jar:/home/user/.m2/repository/io/netty/netty-codec/4.1.30.Final/netty-codec-4.1.30.Final.jar:/home/user/.m2/repository/io/netty/netty-handler/4.1.30.Final/netty-handler-4.1.30.Final.jar:/home/user/.m2/repository/io/netty/netty-handler-proxy/4.1.30.Final/netty-handler-proxy-4.1.30.Final.jar:/home/user/.m2/repository/io/netty/netty-codec-socks/4.1.30.Final/netty-codec-socks-4.1.30.Final.jar:/home/user/.m2/repository/io/netty/netty-transport-native-epoll/4.1.30.Final/netty-transport-native-epoll-4.1.30.Final.jar:/home/user/.m2/repository/io/netty/netty-common/4.1.30.Final/netty-common-4.1.30.Final.jar:/home/user/.m2/repository/io/netty/netty-buffer/4.1.30.Final/netty-buffer-4.1.30.Final.jar:/home/user/.m2/repository/io/netty/netty-transport/4.1.30.Final/netty-transport-4.1.30.Final.jar:/home/user/.m2/repository/io/netty/netty-resolver/4.1.30.Final/netty-resolver-4.1.30.Final.jar:/home/user/.m2/repository/io/netty/netty-transport-native-unix-common/4.1.30.Final/netty-transport-native-unix-common-4.1.30.Final.jar:/home/user/.m2/repository/io/grpc/grpc-protobuf/1.17.1/grpc-protobuf-1.17.1.jar:/home/user/.m2/repository/com/google/api/grpc/proto-google-common-protos/1.0.0/proto-google-common-protos-1.0.0.jar:/home/user/.m2/repository/io/grpc/grpc-protobuf-lite/1.17.1/grpc-protobuf-lite-1.17.1.jar:/home/user/.m2/repository/io/grpc/grpc-stub/1.17.1/grpc-stub-1.17.1.jar:/home/user/.m2/repository/org/apache/hadoop/hadoop-ozone-recon/0.5.0-SNAPSHOT/hadoop-ozone-recon-0.5.0-SNAPSHOT.jar:/home/user/.m2/repository/org/apache/hadoop/hadoop-ozone-reconcodegen/0.5.0-SNAPSHOT/hadoop-ozone-reconcodegen-0.5.0-SNAPSHOT.jar:/home/user/.m2/repository/com/google/inject/extensions/guice-multibindings/4.0/guice-multibindings-4.0.jar:/home/user/.m2/repository/com/google/inject/guice/4.0/guice-4.0.jar:/home/user/.m2/repository/aopalliance/aopalliance/1.0/aopalliance-1.0.jar:/home/user/.m2/repository/com/google/inject/extensions/guice-servlet/4.0/guice-servlet-4.0.jar:/home/user/.m2/repository/org/glassfish/jersey/containers/jersey-container-servlet/2.27/jersey-container-servlet-2.27.jar:/home/user/.m2/repository/org/glassfish/hk2/guice-bridge/2.5.0/guice-bridge-2.5.0.jar:/home/user/.m2/repository/org/glassfish/jersey/core/jersey-server/2.27/jersey-server-2.27.jar:/home/user/.m2/repository/org/glassfish/jersey/core/jersey-client/2.27/jersey-client-2.27.jar:/home/user/.m2/repository/org/glassfish/jersey/media/jersey-media-jaxb/2.27/jersey-media-jaxb-2.27.jar:/home/user/.m2/repository/javax/validation/validation-api/1.1.0.Final/validation-api-1.1.0.Final.jar:/home/user/.m2/repository/org/glassfish/jersey/media/jersey-media-json-jackson/2.27/jersey-media-json-jackson-2.27.jar:/home/user/.m2/repository/org/glassfish/jersey/ext/jersey-entity-filtering/2.27/jersey-entity-filtering-2.27.jar:/home/user/.m2/repository/com/google/inject/extensions/guice-assistedinject/4.0/guice-assistedinject-4.0.jar:/home/user/.m2/repository/org/jooq/jooq/3.11.10/jooq-3.11.10.jar:/home/user/.m2/repository/org/jooq/jooq-meta/3.11.10/jooq-meta-3.11.10.jar:/home/user/.m2/repository/org/jooq/jooq-codegen/3.11.10/jooq-codegen-3.11.10.jar:/home/user/.m2/repository/com/jolbox/bonecp/0.8.0.RELEASE/bonecp-0.8.0.RELEASE.jar:/home/user/.m2/repository/org/xerial/sqlite-jdbc/3.25.2/sqlite-jdbc-3.25.2.jar:/home/user/.m2/repository/org/springframework/spring-jdbc/5.1.3.RELEASE/spring-jdbc-5.1.3.RELEASE.jar:/home/user/.m2/repository/org/springframework/spring-beans/5.1.3.RELEASE/spring-beans-5.1.3.RELEASE.jar:/home/user/.m2/repository/org/springframework/spring-core/5.1.3.RELEASE/spring-core-5.1.3.RELEASE.jar:/home/user/.m2/repository/org/springframework/spring-jcl/5.1.3.RELEASE/spring-jcl-5.1.3.RELEASE.jar:/home/user/.m2/repository/org/springframework/spring-tx/5.1.3.RELEASE/spring-tx-5.1.3.RELEASE.jar:/home/user/.m2/repository/org/apache/hadoop/hadoop-ozone-client/0.5.0-SNAPSHOT/hadoop-ozone-client-0.5.0-SNAPSHOT.jar:/home/user/.m2/repository/commons-lang/commons-lang/2.6/commons-lang-2.6.jar:/home/user/.m2/repository/org/apache/hadoop/hadoop-ozone-ozone-manager/0.5.0-SNAPSHOT/hadoop-ozone-ozone-manager-0.5.0-SNAPSHOT-tests.jar:/home/user/.m2/repository/junit/junit/4.11/junit-4.11.jar:/home/user/.m2/repository/org/hamcrest/hamcrest-core/1.3/hamcrest-core-1.3.jar:/home/user/.m2/repository/org/openjdk/jmh/jmh-core/1.19/jmh-core-1.19.jar:/home/user/.m2/repository/net/sf/jopt-simple/jopt-simple/4.6/jopt-simple-4.6.jar:/home/user/.m2/repository/org/apache/commons/commons-math3/3.1.1/commons-math3-3.1.1.jar:/home/user/.m2/repository/org/openjdk/jmh/jmh-generator-annprocess/1.19/jmh-generator-annprocess-1.19.jar:/home/user/.m2/repository/org/mockito/mockito-all/1.8.5/mockito-all-1.8.5.jar:/home/user/.m2/repository/org/apache/hadoop/hadoop-kms/3.2.0/hadoop-kms-3.2.0.jar:/home/user/.m2/repository/org/apache/hadoop/hadoop-auth/3.2.0/hadoop-auth-3.2.0.jar:/home/user/.m2/repository/com/nimbusds/nimbus-jose-jwt/4.41.1/nimbus-jose-jwt-4.41.1.jar:/home/user/.m2/repository/com/github/stephenc/jcip/jcip-annotations/1.0-1/jcip-annotations-1.0-1.jar:/home/user/.m2/repository/net/minidev/json-smart/2.3/json-smart-2.3.jar:/home/user/.m2/repository/net/minidev/accessors-smart/1.2/accessors-smart-1.2.jar:/home/user/.m2/repository/org/ow2/asm/asm/5.0.4/asm-5.0.4.jar:/home/user/.m2/repository/org/apache/curator/curator-framework/2.12.0/curator-framework-2.12.0.jar:/home/user/.m2/repository/com/sun/jersey/jersey-core/1.19/jersey-core-1.19.jar:/home/user/.m2/repository/javax/ws/rs/jsr311-api/1.1.1/jsr311-api-1.1.1.jar:/home/user/.m2/repository/com/sun/jersey/jersey-server/1.19/jersey-server-1.19.jar:/home/user/.m2/repository/javax/servlet/javax.servlet-api/3.1.0/javax.servlet-api-3.1.0.jar:/home/user/.m2/repository/org/eclipse/jetty/jetty-server/9.3.24.v20180605/jetty-server-9.3.24.v20180605.jar:/home/user/.m2/repository/org/eclipse/jetty/jetty-http/9.3.24.v20180605/jetty-http-9.3.24.v20180605.jar:/home/user/.m2/repository/org/eclipse/jetty/jetty-io/9.3.24.v20180605/jetty-io-9.3.24.v20180605.jar:/home/user/.m2/repository/org/eclipse/jetty/jetty-webapp/9.3.24.v20180605/jetty-webapp-9.3.24.v20180605.jar:/home/user/.m2/repository/org/eclipse/jetty/jetty-xml/9.3.24.v20180605/jetty-xml-9.3.24.v20180605.jar:/home/user/.m2/repository/log4j/log4j/1.2.17/log4j-1.2.17.jar:/home/user/.m2/repository/org/slf4j/slf4j-api/1.7.25/slf4j-api-1.7.25.jar:/home/user/.m2/repository/org/slf4j/jul-to-slf4j/1.7.25/jul-to-slf4j-1.7.25.jar:/home/user/.m2/repository/org/eclipse/jetty/jetty-util/9.3.24.v20180605/jetty-util-9.3.24.v20180605.jar:/home/user/.m2/repository/com/fasterxml/jackson/core/jackson-databind/2.9.5/jackson-databind-2.9.5.jar:/home/user/.m2/repository/org/apache/hadoop/hadoop-kms/3.2.0/hadoop-kms-3.2.0-tests.jar:/home/user/.m2/repository/org/apache/hadoop/hadoop-hdds-server-scm/0.5.0-SNAPSHOT/hadoop-hdds-server-scm-0.5.0-SNAPSHOT-tests.jar:/home/user/.m2/repository/org/apache/hadoop/hadoop-hdds-container-service/0.5.0-SNAPSHOT/hadoop-hdds-container-service-0.5.0-SNAPSHOT-tests.jar:/home/user/.m2/repository/org/yaml/snakeyaml/1.16/snakeyaml-1.16.jar:/home/user/.m2/repository/org/apache/hadoop/hadoop-common/3.2.0/hadoop-common-3.2.0-tests.jar:/home/user/.m2/repository/org/apache/hadoop/hadoop-annotations/3.2.0/hadoop-annotations-3.2.0.jar:/usr/lib/jvm/java-1.8-openjdk/jre/../lib/tools.jar:/home/user/.m2/repository/commons-cli/commons-cli/1.2/commons-cli-1.2.jar:/home/user/.m2/repository/org/apache/httpcomponents/httpclient/4.5.2/httpclient-4.5.2.jar:/home/user/.m2/repository/org/apache/httpcomponents/httpcore/4.4.4/httpcore-4.4.4.jar:/home/user/.m2/repository/commons-codec/commons-codec/1.11/commons-codec-1.11.jar:/home/user/.m2/repository/commons-net/commons-net/3.6/commons-net-3.6.jar:/home/user/.m2/repository/commons-collections/commons-collections/3.2.2/commons-collections-3.2.2.jar:/home/user/.m2/repository/org/eclipse/jetty/jetty-servlet/9.3.24.v20180605/jetty-servlet-9.3.24.v20180605.jar:/home/user/.m2/repository/org/eclipse/jetty/jetty-security/9.3.24.v20180605/jetty-security-9.3.24.v20180605.jar:/home/user/.m2/repository/javax/servlet/jsp/jsp-api/2.1/jsp-api-2.1.jar:/home/user/.m2/repository/com/sun/jersey/jersey-servlet/1.19/jersey-servlet-1.19.jar:/home/user/.m2/repository/com/sun/jersey/jersey-json/1.19/jersey-json-1.19.jar:/home/user/.m2/repository/org/codehaus/jettison/jettison/1.1/jettison-1.1.jar:/home/user/.m2/repository/org/codehaus/jackson/jackson-core-asl/1.9.13/jackson-core-asl-1.9.13.jar:/home/user/.m2/repository/org/codehaus/jackson/jackson-mapper-asl/1.9.13/jackson-mapper-asl-1.9.13.jar:/home/user/.m2/repository/org/codehaus/jackson/jackson-jaxrs/1.9.13/jackson-jaxrs-1.9.13.jar:/home/user/.m2/repository/org/codehaus/jackson/jackson-xc/1.9.13/jackson-xc-1.9.13.jar:/home/user/.m2/repository/commons-logging/commons-logging/1.1.3/commons-logging-1.1.3.jar:/home/user/.m2/repository/commons-beanutils/commons-beanutils/1.9.3/commons-beanutils-1.9.3.jar:/home/user/.m2/repository/org/apache/commons/commons-configuration2/2.1.1/commons-configuration2-2.1.1.jar:/home/user/.m2/repository/org/apache/commons/commons-lang3/3.7/commons-lang3-3.7.jar:/home/user/.m2/repository/org/apache/commons/commons-text/1.4/commons-text-1.4.jar:/home/user/.m2/repository/org/apache/avro/avro/1.7.7/avro-1.7.7.jar:/home/user/.m2/repository/com/thoughtworks/paranamer/paranamer/2.3/paranamer-2.3.jar:/home/user/.m2/repository/org/xerial/snappy/snappy-java/1.0.5/snappy-java-1.0.5.jar:/home/user/.m2/repository/com/google/re2j/re2j/1.1/re2j-1.1.jar:/home/user/.m2/repository/com/google/code/gson/gson/2.2.4/gson-2.2.4.jar:/home/user/.m2/repository/com/jcraft/jsch/0.1.54/jsch-0.1.54.jar:/home/user/.m2/repository/org/apache/curator/curator-client/2.12.0/curator-client-2.12.0.jar:/home/user/.m2/repository/org/apache/curator/curator-recipes/2.12.0/curator-recipes-2.12.0.jar:/home/user/.m2/repository/com/google/code/findbugs/jsr305/3.0.0/jsr305-3.0.0.jar:/home/user/.m2/repository/org/apache/htrace/htrace-core4/4.1.0-incubating/htrace-core4-4.1.0-incubating.jar:/home/user/.m2/repository/org/apache/zookeeper/zookeeper/3.4.13/zookeeper-3.4.13.jar:/home/user/.m2/repository/org/apache/yetus/audience-annotations/0.5.0/audience-annotations-0.5.0.jar:/home/user/.m2/repository/org/codehaus/woodstox/stax2-api/3.1.4/stax2-api-3.1.4.jar:/home/user/.m2/repository/com/fasterxml/woodstox/woodstox-core/5.0.3/woodstox-core-5.0.3.jar:/home/user/.m2/repository/dnsjava/dnsjava/2.1.7/dnsjava-2.1.7.jar:/home/user/.m2/repository/org/apache/hadoop/hadoop-hdfs/3.2.0/hadoop-hdfs-3.2.0-tests.jar:/home/user/.m2/repository/org/eclipse/jetty/jetty-util-ajax/9.3.24.v20180605/jetty-util-ajax-9.3.24.v20180605.jar:/home/user/.m2/repository/commons-daemon/commons-daemon/1.0.13/commons-daemon-1.0.13.jar:/home/user/.m2/repository/io/netty/netty/3.10.5.Final/netty-3.10.5.Final.jar:/home/user/.m2/repository/io/netty/netty-all/4.0.52.Final/netty-all-4.0.52.Final.jar:/home/user/.m2/repository/org/fusesource/leveldbjni/leveldbjni-all/1.8/leveldbjni-all-1.8.jar:"/>
    <property name="java.vm.vendor" value="IcedTea"/>
    <property name="sun.arch.data.model" value="64"/>
    <property name="test.build.dir" value="/workdir/hadoop-ozone/integration-test/target/test-dir"/>
    <property name="test.cache.data" value=""/>
    <property name="java.vendor.url" value="https://icedtea.classpath.org"/>
    <property name="user.timezone" value=""/>
    <property name="java.vm.specification.version" value="1.8"/>
    <property name="os.name" value="Linux"/>
    <property name="test.build.data" value="/workdir/hadoop-ozone/integration-test/target/test-dir"/>
    <property name="user.country" value="US"/>
    <property name="sun.java.launcher" value="SUN_STANDARD"/>
    <property name="sun.boot.library.path" value="/usr/lib/jvm/java-1.8-openjdk/jre/lib/amd64"/>
    <property name="sun.java.command" value="/workdir/hadoop-ozone/integration-test/target/surefire/surefirebooter3336790969130119555.jar /workdir/hadoop-ozone/integration-test/target/surefire 2019-08-27T18-30-18_364-jvmRun1 surefire2824543908560240983tmp surefire_232102469912277477933tmp"/>
    <property name="test" value="!TestMiniChaosOzoneCluster"/>
    <property name="surefire.test.class.path" value="/workdir/hadoop-ozone/integration-test/target/test-classes:/workdir/hadoop-ozone/integration-test/target/classes:/home/user/.m2/repository/org/apache/hadoop/hadoop-ozone-common/0.5.0-SNAPSHOT/hadoop-ozone-common-0.5.0-SNAPSHOT.jar:/home/user/.m2/repository/org/apache/commons/commons-compress/1.4.1/commons-compress-1.4.1.jar:/home/user/.m2/repository/org/tukaani/xz/1.0/xz-1.0.jar:/home/user/.m2/repository/org/apache/hadoop/hadoop-common/3.2.0/hadoop-common-3.2.0.jar:/home/user/.m2/repository/org/apache/hadoop/hadoop-hdfs/3.2.0/hadoop-hdfs-3.2.0.jar:/home/user/.m2/repository/org/apache/hadoop/hadoop-hdfs-client/3.2.0/hadoop-hdfs-client-3.2.0.jar:/home/user/.m2/repository/com/fasterxml/jackson/core/jackson-annotations/2.9.5/jackson-annotations-2.9.5.jar:/home/user/.m2/repository/org/apache/hadoop/hadoop-hdds-common/0.5.0-SNAPSHOT/hadoop-hdds-common-0.5.0-SNAPSHOT.jar:/home/user/.m2/repository/javax/annotation/javax.annotation-api/1.2/javax.annotation-api-1.2.jar:/home/user/.m2/repository/org/apache/ratis/ratis-server/0.4.0-2337318-SNAPSHOT/ratis-server-0.4.0-2337318-SNAPSHOT.jar:/home/user/.m2/repository/org/apache/ratis/ratis-thirdparty-misc/0.2.0/ratis-thirdparty-misc-0.2.0.jar:/home/user/.m2/repository/org/apache/ratis/ratis-proto/0.4.0-2337318-SNAPSHOT/ratis-proto-0.4.0-2337318-SNAPSHOT.jar:/home/user/.m2/repository/org/apache/ratis/ratis-common/0.4.0-2337318-SNAPSHOT/ratis-common-0.4.0-2337318-SNAPSHOT.jar:/home/user/.m2/repository/org/apache/ratis/ratis-client/0.4.0-2337318-SNAPSHOT/ratis-client-0.4.0-2337318-SNAPSHOT.jar:/home/user/.m2/repository/org/apache/ratis/ratis-metrics/0.4.0-2337318-SNAPSHOT/ratis-metrics-0.4.0-2337318-SNAPSHOT.jar:/home/user/.m2/repository/org/apache/ratis/ratis-netty/0.4.0-2337318-SNAPSHOT/ratis-netty-0.4.0-2337318-SNAPSHOT.jar:/home/user/.m2/repository/org/apache/ratis/ratis-grpc/0.4.0-2337318-SNAPSHOT/ratis-grpc-0.4.0-2337318-SNAPSHOT.jar:/home/user/.m2/repository/org/rocksdb/rocksdbjni/6.0.1/rocksdbjni-6.0.1.jar:/home/user/.m2/repository/org/apache/logging/log4j/log4j-api/2.11.0/log4j-api-2.11.0.jar:/home/user/.m2/repository/org/apache/logging/log4j/log4j-core/2.11.0/log4j-core-2.11.0.jar:/home/user/.m2/repository/com/lmax/disruptor/3.4.2/disruptor-3.4.2.jar:/home/user/.m2/repository/org/apache/commons/commons-pool2/2.6.0/commons-pool2-2.6.0.jar:/home/user/.m2/repository/org/bouncycastle/bcpkix-jdk15on/1.60/bcpkix-jdk15on-1.60.jar:/home/user/.m2/repository/commons-validator/commons-validator/1.6/commons-validator-1.6.jar:/home/user/.m2/repository/commons-digester/commons-digester/1.8.1/commons-digester-1.8.1.jar:/home/user/.m2/repository/io/jaegertracing/jaeger-client/0.33.1/jaeger-client-0.33.1.jar:/home/user/.m2/repository/io/jaegertracing/jaeger-thrift/0.33.1/jaeger-thrift-0.33.1.jar:/home/user/.m2/repository/org/apache/thrift/libthrift/0.11.0/libthrift-0.11.0.jar:/home/user/.m2/repository/com/squareup/okhttp3/okhttp/3.9.0/okhttp-3.9.0.jar:/home/user/.m2/repository/com/squareup/okio/okio/1.13.0/okio-1.13.0.jar:/home/user/.m2/repository/io/jaegertracing/jaeger-core/0.33.1/jaeger-core-0.33.1.jar:/home/user/.m2/repository/io/jaegertracing/jaeger-tracerresolver/0.33.1/jaeger-tracerresolver-0.33.1.jar:/home/user/.m2/repository/io/opentracing/contrib/opentracing-tracerresolver/0.1.5/opentracing-tracerresolver-0.1.5.jar:/home/user/.m2/repository/io/opentracing/opentracing-util/0.31.0/opentracing-util-0.31.0.jar:/home/user/.m2/repository/io/opentracing/opentracing-api/0.31.0/opentracing-api-0.31.0.jar:/home/user/.m2/repository/io/opentracing/opentracing-noop/0.31.0/opentracing-noop-0.31.0.jar:/home/user/.m2/repository/org/apache/hadoop/hadoop-hdds-server-framework/0.5.0-SNAPSHOT/hadoop-hdds-server-framework-0.5.0-SNAPSHOT.jar:/home/user/.m2/repository/org/apache/hadoop/hadoop-hdds-container-service/0.5.0-SNAPSHOT/hadoop-hdds-container-service-0.5.0-SNAPSHOT.jar:/home/user/.m2/repository/org/apache/hadoop/hadoop-hdds-client/0.5.0-SNAPSHOT/hadoop-hdds-client-0.5.0-SNAPSHOT.jar:/home/user/.m2/repository/org/apache/hadoop/hadoop-hdds-tools/0.5.0-SNAPSHOT/hadoop-hdds-tools-0.5.0-SNAPSHOT.jar:/home/user/.m2/repository/org/apache/hadoop/hadoop-hdds-server-scm/0.5.0-SNAPSHOT/hadoop-hdds-server-scm-0.5.0-SNAPSHOT.jar:/home/user/.m2/repository/org/apache/hadoop/hadoop-hdds-docs/0.5.0-SNAPSHOT/hadoop-hdds-docs-0.5.0-SNAPSHOT.jar:/home/user/.m2/repository/io/dropwizard/metrics/metrics-core/3.2.4/metrics-core-3.2.4.jar:/home/user/.m2/repository/org/hamcrest/hamcrest-all/1.3/hamcrest-all-1.3.jar:/home/user/.m2/repository/org/bouncycastle/bcprov-jdk15on/1.60/bcprov-jdk15on-1.60.jar:/home/user/.m2/repository/info/picocli/picocli/3.9.6/picocli-3.9.6.jar:/home/user/.m2/repository/com/google/protobuf/protobuf-java/2.5.0/protobuf-java-2.5.0.jar:/home/user/.m2/repository/com/google/guava/guava/11.0.2/guava-11.0.2.jar:/home/user/.m2/repository/org/apache/hadoop/hadoop-ozone-ozone-manager/0.5.0-SNAPSHOT/hadoop-ozone-ozone-manager-0.5.0-SNAPSHOT.jar:/home/user/.m2/repository/org/apache/hadoop/hadoop-minikdc/3.2.0/hadoop-minikdc-3.2.0.jar:/home/user/.m2/repository/commons-io/commons-io/2.5/commons-io-2.5.jar:/home/user/.m2/repository/org/apache/kerby/kerb-simplekdc/1.0.1/kerb-simplekdc-1.0.1.jar:/home/user/.m2/repository/org/apache/kerby/kerb-client/1.0.1/kerb-client-1.0.1.jar:/home/user/.m2/repository/org/apache/kerby/kerby-config/1.0.1/kerby-config-1.0.1.jar:/home/user/.m2/repository/org/apache/kerby/kerb-core/1.0.1/kerb-core-1.0.1.jar:/home/user/.m2/repository/org/apache/kerby/kerby-pkix/1.0.1/kerby-pkix-1.0.1.jar:/home/user/.m2/repository/org/apache/kerby/kerby-asn1/1.0.1/kerby-asn1-1.0.1.jar:/home/user/.m2/repository/org/apache/kerby/kerby-util/1.0.1/kerby-util-1.0.1.jar:/home/user/.m2/repository/org/apache/kerby/kerb-common/1.0.1/kerb-common-1.0.1.jar:/home/user/.m2/repository/org/apache/kerby/kerb-crypto/1.0.1/kerb-crypto-1.0.1.jar:/home/user/.m2/repository/org/apache/kerby/kerb-util/1.0.1/kerb-util-1.0.1.jar:/home/user/.m2/repository/org/apache/kerby/token-provider/1.0.1/token-provider-1.0.1.jar:/home/user/.m2/repository/org/apache/kerby/kerb-admin/1.0.1/kerb-admin-1.0.1.jar:/home/user/.m2/repository/org/apache/kerby/kerb-server/1.0.1/kerb-server-1.0.1.jar:/home/user/.m2/repository/org/apache/kerby/kerb-identity/1.0.1/kerb-identity-1.0.1.jar:/home/user/.m2/repository/org/apache/kerby/kerby-xdr/1.0.1/kerby-xdr-1.0.1.jar:/home/user/.m2/repository/org/slf4j/slf4j-log4j12/1.7.25/slf4j-log4j12-1.7.25.jar:/home/user/.m2/repository/org/apache/hadoop/hadoop-ozone-s3gateway/0.5.0-SNAPSHOT/hadoop-ozone-s3gateway-0.5.0-SNAPSHOT.jar:/home/user/.m2/repository/org/jboss/weld/servlet/weld-servlet/2.4.7.Final/weld-servlet-2.4.7.Final.jar:/home/user/.m2/repository/org/glassfish/jersey/containers/jersey-container-servlet-core/2.27/jersey-container-servlet-core-2.27.jar:/home/user/.m2/repository/org/glassfish/hk2/external/javax.inject/2.5.0-b42/javax.inject-2.5.0-b42.jar:/home/user/.m2/repository/org/glassfish/jersey/core/jersey-common/2.27/jersey-common-2.27.jar:/home/user/.m2/repository/org/glassfish/hk2/osgi-resource-locator/1.0.1/osgi-resource-locator-1.0.1.jar:/home/user/.m2/repository/javax/ws/rs/javax.ws.rs-api/2.1/javax.ws.rs-api-2.1.jar:/home/user/.m2/repository/org/glassfish/jersey/ext/cdi/jersey-cdi1x/2.27/jersey-cdi1x-2.27.jar:/home/user/.m2/repository/org/glassfish/jersey/inject/jersey-hk2/2.27/jersey-hk2-2.27.jar:/home/user/.m2/repository/org/glassfish/hk2/hk2-locator/2.5.0-b42/hk2-locator-2.5.0-b42.jar:/home/user/.m2/repository/org/javassist/javassist/3.22.0-CR2/javassist-3.22.0-CR2.jar:/home/user/.m2/repository/org/glassfish/hk2/hk2-api/2.5.0/hk2-api-2.5.0.jar:/home/user/.m2/repository/org/glassfish/hk2/external/jakarta.inject/2.5.0/jakarta.inject-2.5.0.jar:/home/user/.m2/repository/org/glassfish/hk2/hk2-utils/2.5.0/hk2-utils-2.5.0.jar:/home/user/.m2/repository/jakarta/annotation/jakarta.annotation-api/1.3.4/jakarta.annotation-api-1.3.4.jar:/home/user/.m2/repository/org/glassfish/hk2/external/aopalliance-repackaged/2.5.0/aopalliance-repackaged-2.5.0.jar:/home/user/.m2/repository/com/fasterxml/jackson/dataformat/jackson-dataformat-xml/2.9.0/jackson-dataformat-xml-2.9.0.jar:/home/user/.m2/repository/com/fasterxml/jackson/core/jackson-core/2.9.5/jackson-core-2.9.5.jar:/home/user/.m2/repository/com/fasterxml/jackson/module/jackson-module-jaxb-annotations/2.9.5/jackson-module-jaxb-annotations-2.9.5.jar:/home/user/.m2/repository/javax/enterprise/cdi-api/1.2/cdi-api-1.2.jar:/home/user/.m2/repository/javax/el/javax.el-api/3.0.0/javax.el-api-3.0.0.jar:/home/user/.m2/repository/javax/interceptor/javax.interceptor-api/1.2/javax.interceptor-api-1.2.jar:/home/user/.m2/repository/javax/inject/javax.inject/1/javax.inject-1.jar:/home/user/.m2/repository/com/sun/xml/bind/jaxb-impl/2.3.0.1/jaxb-impl-2.3.0.1.jar:/home/user/.m2/repository/com/sun/xml/bind/jaxb-core/2.3.0.1/jaxb-core-2.3.0.1.jar:/home/user/.m2/repository/javax/xml/bind/jaxb-api/2.3.0/jaxb-api-2.3.0.jar:/home/user/.m2/repository/javax/activation/activation/1.1.1/activation-1.1.1.jar:/home/user/.m2/repository/org/apache/hadoop/hadoop-ozone-csi/0.5.0-SNAPSHOT/hadoop-ozone-csi-0.5.0-SNAPSHOT.jar:/home/user/.m2/repository/com/google/protobuf/protobuf-java-util/3.5.1/protobuf-java-util-3.5.1.jar:/home/user/.m2/repository/org/apache/hadoop/hadoop-hdds-config/0.5.0-SNAPSHOT/hadoop-hdds-config-0.5.0-SNAPSHOT.jar:/home/user/.m2/repository/io/grpc/grpc-netty/1.17.1/grpc-netty-1.17.1.jar:/home/user/.m2/repository/io/grpc/grpc-core/1.17.1/grpc-core-1.17.1.jar:/home/user/.m2/repository/io/grpc/grpc-context/1.17.1/grpc-context-1.17.1.jar:/home/user/.m2/repository/com/google/errorprone/error_prone_annotations/2.2.0/error_prone_annotations-2.2.0.jar:/home/user/.m2/repository/org/codehaus/mojo/animal-sniffer-annotations/1.17/animal-sniffer-annotations-1.17.jar:/home/user/.m2/repository/io/opencensus/opencensus-api/0.17.0/opencensus-api-0.17.0.jar:/home/user/.m2/repository/io/opencensus/opencensus-contrib-grpc-metrics/0.17.0/opencensus-contrib-grpc-metrics-0.17.0.jar:/home/user/.m2/repository/io/netty/netty-codec-http2/4.1.30.Final/netty-codec-http2-4.1.30.Final.jar:/home/user/.m2/repository/io/netty/netty-codec-http/4.1.30.Final/netty-codec-http-4.1.30.Final.jar:/home/user/.m2/repository/io/netty/netty-codec/4.1.30.Final/netty-codec-4.1.30.Final.jar:/home/user/.m2/repository/io/netty/netty-handler/4.1.30.Final/netty-handler-4.1.30.Final.jar:/home/user/.m2/repository/io/netty/netty-handler-proxy/4.1.30.Final/netty-handler-proxy-4.1.30.Final.jar:/home/user/.m2/repository/io/netty/netty-codec-socks/4.1.30.Final/netty-codec-socks-4.1.30.Final.jar:/home/user/.m2/repository/io/netty/netty-transport-native-epoll/4.1.30.Final/netty-transport-native-epoll-4.1.30.Final.jar:/home/user/.m2/repository/io/netty/netty-common/4.1.30.Final/netty-common-4.1.30.Final.jar:/home/user/.m2/repository/io/netty/netty-buffer/4.1.30.Final/netty-buffer-4.1.30.Final.jar:/home/user/.m2/repository/io/netty/netty-transport/4.1.30.Final/netty-transport-4.1.30.Final.jar:/home/user/.m2/repository/io/netty/netty-resolver/4.1.30.Final/netty-resolver-4.1.30.Final.jar:/home/user/.m2/repository/io/netty/netty-transport-native-unix-common/4.1.30.Final/netty-transport-native-unix-common-4.1.30.Final.jar:/home/user/.m2/repository/io/grpc/grpc-protobuf/1.17.1/grpc-protobuf-1.17.1.jar:/home/user/.m2/repository/com/google/api/grpc/proto-google-common-protos/1.0.0/proto-google-common-protos-1.0.0.jar:/home/user/.m2/repository/io/grpc/grpc-protobuf-lite/1.17.1/grpc-protobuf-lite-1.17.1.jar:/home/user/.m2/repository/io/grpc/grpc-stub/1.17.1/grpc-stub-1.17.1.jar:/home/user/.m2/repository/org/apache/hadoop/hadoop-ozone-recon/0.5.0-SNAPSHOT/hadoop-ozone-recon-0.5.0-SNAPSHOT.jar:/home/user/.m2/repository/org/apache/hadoop/hadoop-ozone-reconcodegen/0.5.0-SNAPSHOT/hadoop-ozone-reconcodegen-0.5.0-SNAPSHOT.jar:/home/user/.m2/repository/com/google/inject/extensions/guice-multibindings/4.0/guice-multibindings-4.0.jar:/home/user/.m2/repository/com/google/inject/guice/4.0/guice-4.0.jar:/home/user/.m2/repository/aopalliance/aopalliance/1.0/aopalliance-1.0.jar:/home/user/.m2/repository/com/google/inject/extensions/guice-servlet/4.0/guice-servlet-4.0.jar:/home/user/.m2/repository/org/glassfish/jersey/containers/jersey-container-servlet/2.27/jersey-container-servlet-2.27.jar:/home/user/.m2/repository/org/glassfish/hk2/guice-bridge/2.5.0/guice-bridge-2.5.0.jar:/home/user/.m2/repository/org/glassfish/jersey/core/jersey-server/2.27/jersey-server-2.27.jar:/home/user/.m2/repository/org/glassfish/jersey/core/jersey-client/2.27/jersey-client-2.27.jar:/home/user/.m2/repository/org/glassfish/jersey/media/jersey-media-jaxb/2.27/jersey-media-jaxb-2.27.jar:/home/user/.m2/repository/javax/validation/validation-api/1.1.0.Final/validation-api-1.1.0.Final.jar:/home/user/.m2/repository/org/glassfish/jersey/media/jersey-media-json-jackson/2.27/jersey-media-json-jackson-2.27.jar:/home/user/.m2/repository/org/glassfish/jersey/ext/jersey-entity-filtering/2.27/jersey-entity-filtering-2.27.jar:/home/user/.m2/repository/com/google/inject/extensions/guice-assistedinject/4.0/guice-assistedinject-4.0.jar:/home/user/.m2/repository/org/jooq/jooq/3.11.10/jooq-3.11.10.jar:/home/user/.m2/repository/org/jooq/jooq-meta/3.11.10/jooq-meta-3.11.10.jar:/home/user/.m2/repository/org/jooq/jooq-codegen/3.11.10/jooq-codegen-3.11.10.jar:/home/user/.m2/repository/com/jolbox/bonecp/0.8.0.RELEASE/bonecp-0.8.0.RELEASE.jar:/home/user/.m2/repository/org/xerial/sqlite-jdbc/3.25.2/sqlite-jdbc-3.25.2.jar:/home/user/.m2/repository/org/springframework/spring-jdbc/5.1.3.RELEASE/spring-jdbc-5.1.3.RELEASE.jar:/home/user/.m2/repository/org/springframework/spring-beans/5.1.3.RELEASE/spring-beans-5.1.3.RELEASE.jar:/home/user/.m2/repository/org/springframework/spring-core/5.1.3.RELEASE/spring-core-5.1.3.RELEASE.jar:/home/user/.m2/repository/org/springframework/spring-jcl/5.1.3.RELEASE/spring-jcl-5.1.3.RELEASE.jar:/home/user/.m2/repository/org/springframework/spring-tx/5.1.3.RELEASE/spring-tx-5.1.3.RELEASE.jar:/home/user/.m2/repository/org/apache/hadoop/hadoop-ozone-client/0.5.0-SNAPSHOT/hadoop-ozone-client-0.5.0-SNAPSHOT.jar:/home/user/.m2/repository/commons-lang/commons-lang/2.6/commons-lang-2.6.jar:/home/user/.m2/repository/org/apache/hadoop/hadoop-ozone-ozone-manager/0.5.0-SNAPSHOT/hadoop-ozone-ozone-manager-0.5.0-SNAPSHOT-tests.jar:/home/user/.m2/repository/junit/junit/4.11/junit-4.11.jar:/home/user/.m2/repository/org/hamcrest/hamcrest-core/1.3/hamcrest-core-1.3.jar:/home/user/.m2/repository/org/openjdk/jmh/jmh-core/1.19/jmh-core-1.19.jar:/home/user/.m2/repository/net/sf/jopt-simple/jopt-simple/4.6/jopt-simple-4.6.jar:/home/user/.m2/repository/org/apache/commons/commons-math3/3.1.1/commons-math3-3.1.1.jar:/home/user/.m2/repository/org/openjdk/jmh/jmh-generator-annprocess/1.19/jmh-generator-annprocess-1.19.jar:/home/user/.m2/repository/org/mockito/mockito-all/1.8.5/mockito-all-1.8.5.jar:/home/user/.m2/repository/org/apache/hadoop/hadoop-kms/3.2.0/hadoop-kms-3.2.0.jar:/home/user/.m2/repository/org/apache/hadoop/hadoop-auth/3.2.0/hadoop-auth-3.2.0.jar:/home/user/.m2/repository/com/nimbusds/nimbus-jose-jwt/4.41.1/nimbus-jose-jwt-4.41.1.jar:/home/user/.m2/repository/com/github/stephenc/jcip/jcip-annotations/1.0-1/jcip-annotations-1.0-1.jar:/home/user/.m2/repository/net/minidev/json-smart/2.3/json-smart-2.3.jar:/home/user/.m2/repository/net/minidev/accessors-smart/1.2/accessors-smart-1.2.jar:/home/user/.m2/repository/org/ow2/asm/asm/5.0.4/asm-5.0.4.jar:/home/user/.m2/repository/org/apache/curator/curator-framework/2.12.0/curator-framework-2.12.0.jar:/home/user/.m2/repository/com/sun/jersey/jersey-core/1.19/jersey-core-1.19.jar:/home/user/.m2/repository/javax/ws/rs/jsr311-api/1.1.1/jsr311-api-1.1.1.jar:/home/user/.m2/repository/com/sun/jersey/jersey-server/1.19/jersey-server-1.19.jar:/home/user/.m2/repository/javax/servlet/javax.servlet-api/3.1.0/javax.servlet-api-3.1.0.jar:/home/user/.m2/repository/org/eclipse/jetty/jetty-server/9.3.24.v20180605/jetty-server-9.3.24.v20180605.jar:/home/user/.m2/repository/org/eclipse/jetty/jetty-http/9.3.24.v20180605/jetty-http-9.3.24.v20180605.jar:/home/user/.m2/repository/org/eclipse/jetty/jetty-io/9.3.24.v20180605/jetty-io-9.3.24.v20180605.jar:/home/user/.m2/repository/org/eclipse/jetty/jetty-webapp/9.3.24.v20180605/jetty-webapp-9.3.24.v20180605.jar:/home/user/.m2/repository/org/eclipse/jetty/jetty-xml/9.3.24.v20180605/jetty-xml-9.3.24.v20180605.jar:/home/user/.m2/repository/log4j/log4j/1.2.17/log4j-1.2.17.jar:/home/user/.m2/repository/org/slf4j/slf4j-api/1.7.25/slf4j-api-1.7.25.jar:/home/user/.m2/repository/org/slf4j/jul-to-slf4j/1.7.25/jul-to-slf4j-1.7.25.jar:/home/user/.m2/repository/org/eclipse/jetty/jetty-util/9.3.24.v20180605/jetty-util-9.3.24.v20180605.jar:/home/user/.m2/repository/com/fasterxml/jackson/core/jackson-databind/2.9.5/jackson-databind-2.9.5.jar:/home/user/.m2/repository/org/apache/hadoop/hadoop-kms/3.2.0/hadoop-kms-3.2.0-tests.jar:/home/user/.m2/repository/org/apache/hadoop/hadoop-hdds-server-scm/0.5.0-SNAPSHOT/hadoop-hdds-server-scm-0.5.0-SNAPSHOT-tests.jar:/home/user/.m2/repository/org/apache/hadoop/hadoop-hdds-container-service/0.5.0-SNAPSHOT/hadoop-hdds-container-service-0.5.0-SNAPSHOT-tests.jar:/home/user/.m2/repository/org/yaml/snakeyaml/1.16/snakeyaml-1.16.jar:/home/user/.m2/repository/org/apache/hadoop/hadoop-common/3.2.0/hadoop-common-3.2.0-tests.jar:/home/user/.m2/repository/org/apache/hadoop/hadoop-annotations/3.2.0/hadoop-annotations-3.2.0.jar:/usr/lib/jvm/java-1.8-openjdk/jre/../lib/tools.jar:/home/user/.m2/repository/commons-cli/commons-cli/1.2/commons-cli-1.2.jar:/home/user/.m2/repository/org/apache/httpcomponents/httpclient/4.5.2/httpclient-4.5.2.jar:/home/user/.m2/repository/org/apache/httpcomponents/httpcore/4.4.4/httpcore-4.4.4.jar:/home/user/.m2/repository/commons-codec/commons-codec/1.11/commons-codec-1.11.jar:/home/user/.m2/repository/commons-net/commons-net/3.6/commons-net-3.6.jar:/home/user/.m2/repository/commons-collections/commons-collections/3.2.2/commons-collections-3.2.2.jar:/home/user/.m2/repository/org/eclipse/jetty/jetty-servlet/9.3.24.v20180605/jetty-servlet-9.3.24.v20180605.jar:/home/user/.m2/repository/org/eclipse/jetty/jetty-security/9.3.24.v20180605/jetty-security-9.3.24.v20180605.jar:/home/user/.m2/repository/javax/servlet/jsp/jsp-api/2.1/jsp-api-2.1.jar:/home/user/.m2/repository/com/sun/jersey/jersey-servlet/1.19/jersey-servlet-1.19.jar:/home/user/.m2/repository/com/sun/jersey/jersey-json/1.19/jersey-json-1.19.jar:/home/user/.m2/repository/org/codehaus/jettison/jettison/1.1/jettison-1.1.jar:/home/user/.m2/repository/org/codehaus/jackson/jackson-core-asl/1.9.13/jackson-core-asl-1.9.13.jar:/home/user/.m2/repository/org/codehaus/jackson/jackson-mapper-asl/1.9.13/jackson-mapper-asl-1.9.13.jar:/home/user/.m2/repository/org/codehaus/jackson/jackson-jaxrs/1.9.13/jackson-jaxrs-1.9.13.jar:/home/user/.m2/repository/org/codehaus/jackson/jackson-xc/1.9.13/jackson-xc-1.9.13.jar:/home/user/.m2/repository/commons-logging/commons-logging/1.1.3/commons-logging-1.1.3.jar:/home/user/.m2/repository/commons-beanutils/commons-beanutils/1.9.3/commons-beanutils-1.9.3.jar:/home/user/.m2/repository/org/apache/commons/commons-configuration2/2.1.1/commons-configuration2-2.1.1.jar:/home/user/.m2/repository/org/apache/commons/commons-lang3/3.7/commons-lang3-3.7.jar:/home/user/.m2/repository/org/apache/commons/commons-text/1.4/commons-text-1.4.jar:/home/user/.m2/repository/org/apache/avro/avro/1.7.7/avro-1.7.7.jar:/home/user/.m2/repository/com/thoughtworks/paranamer/paranamer/2.3/paranamer-2.3.jar:/home/user/.m2/repository/org/xerial/snappy/snappy-java/1.0.5/snappy-java-1.0.5.jar:/home/user/.m2/repository/com/google/re2j/re2j/1.1/re2j-1.1.jar:/home/user/.m2/repository/com/google/code/gson/gson/2.2.4/gson-2.2.4.jar:/home/user/.m2/repository/com/jcraft/jsch/0.1.54/jsch-0.1.54.jar:/home/user/.m2/repository/org/apache/curator/curator-client/2.12.0/curator-client-2.12.0.jar:/home/user/.m2/repository/org/apache/curator/curator-recipes/2.12.0/curator-recipes-2.12.0.jar:/home/user/.m2/repository/com/google/code/findbugs/jsr305/3.0.0/jsr305-3.0.0.jar:/home/user/.m2/repository/org/apache/htrace/htrace-core4/4.1.0-incubating/htrace-core4-4.1.0-incubating.jar:/home/user/.m2/repository/org/apache/zookeeper/zookeeper/3.4.13/zookeeper-3.4.13.jar:/home/user/.m2/repository/org/apache/yetus/audience-annotations/0.5.0/audience-annotations-0.5.0.jar:/home/user/.m2/repository/org/codehaus/woodstox/stax2-api/3.1.4/stax2-api-3.1.4.jar:/home/user/.m2/repository/com/fasterxml/woodstox/woodstox-core/5.0.3/woodstox-core-5.0.3.jar:/home/user/.m2/repository/dnsjava/dnsjava/2.1.7/dnsjava-2.1.7.jar:/home/user/.m2/repository/org/apache/hadoop/hadoop-hdfs/3.2.0/hadoop-hdfs-3.2.0-tests.jar:/home/user/.m2/repository/org/eclipse/jetty/jetty-util-ajax/9.3.24.v20180605/jetty-util-ajax-9.3.24.v20180605.jar:/home/user/.m2/repository/commons-daemon/commons-daemon/1.0.13/commons-daemon-1.0.13.jar:/home/user/.m2/repository/io/netty/netty/3.10.5.Final/netty-3.10.5.Final.jar:/home/user/.m2/repository/io/netty/netty-all/4.0.52.Final/netty-all-4.0.52.Final.jar:/home/user/.m2/repository/org/fusesource/leveldbjni/leveldbjni-all/1.8/leveldbjni-all-1.8.jar:"/>
    <property name="sun.cpu.endian" value="little"/>
    <property name="user.home" value="/home/user"/>
    <property name="user.language" value="en"/>
    <property name="java.specification.vendor" value="Oracle Corporation"/>
    <property name="java.home" value="/usr/lib/jvm/java-1.8-openjdk/jre"/>
    <property name="java.security.krb5.conf" value="/workdir/hadoop-ozone/integration-test/target/test-classes/krb5.conf"/>
    <property name="basedir" value="/workdir/hadoop-ozone/integration-test"/>
    <property name="file.separator" value="/"/>
    <property name="line.separator" value="&#10;"/>
    <property name="java.vm.specification.vendor" value="Oracle Corporation"/>
    <property name="java.specification.name" value="Java Platform API Specification"/>
    <property name="java.awt.graphicsenv" value="sun.awt.X11GraphicsEnvironment"/>
    <property name="surefire.real.class.path" value="/workdir/hadoop-ozone/integration-test/target/surefire/surefirebooter3336790969130119555.jar"/>
    <property name="hadoop.log.dir" value="/workdir/hadoop-ozone/integration-test/target/log"/>
    <property name="sun.boot.class.path" value="/usr/lib/jvm/java-1.8-openjdk/jre/lib/resources.jar:/usr/lib/jvm/java-1.8-openjdk/jre/lib/rt.jar:/usr/lib/jvm/java-1.8-openjdk/jre/lib/sunrsasign.jar:/usr/lib/jvm/java-1.8-openjdk/jre/lib/jsse.jar:/usr/lib/jvm/java-1.8-openjdk/jre/lib/jce.jar:/usr/lib/jvm/java-1.8-openjdk/jre/lib/charsets.jar:/usr/lib/jvm/java-1.8-openjdk/jre/lib/jfr.jar:/usr/lib/jvm/java-1.8-openjdk/jre/classes"/>
    <property name="sun.management.compiler" value="HotSpot 64-Bit Tiered Compilers"/>
    <property name="java.runtime.version" value="1.8.0_212-b04"/>
    <property name="java.net.preferIPv4Stack" value="true"/>
    <property name="user.name" value="jenkins1000"/>
    <property name="path.separator" value=":"/>
    <property name="java.security.egd" value="file:///dev/urandom"/>
    <property name="os.version" value="3.10.0-957.12.2.el7.x86_64"/>
    <property name="java.endorsed.dirs" value="/usr/lib/jvm/java-1.8-openjdk/jre/lib/endorsed"/>
    <property name="java.runtime.name" value="OpenJDK Runtime Environment"/>
    <property name="file.encoding" value="UTF-8"/>
    <property name="java.vm.name" value="OpenJDK 64-Bit Server VM"/>
    <property name="test.build.webapps" value=""/>
    <property name="localRepository" value="/home/user/.m2/repository"/>
    <property name="java.vendor.url.bug" value="https://icedtea.classpath.org/bugzilla"/>
    <property name="java.io.tmpdir" value="/tmp"/>
    <property name="require.test.libhadoop" value=""/>
    <property name="java.version" value="1.8.0_212"/>
    <property name="user.dir" value="/workdir/hadoop-ozone/integration-test"/>
    <property name="os.arch" value="amd64"/>
    <property name="java.vm.specification.name" value="Java Virtual Machine Specification"/>
    <property name="test.build.classes" value="/workdir/hadoop-ozone/integration-test/target/test-classes"/>
    <property name="java.awt.printerjob" value="sun.print.PSPrinterJob"/>
    <property name="sun.os.patch.level" value="unknown"/>
    <property name="hadoop.tmp.dir" value="/workdir/hadoop-ozone/integration-test/target/tmp"/>
    <property name="java.library.path" value="/usr/lib/jvm/java-1.8-openjdk/jre/lib/amd64/server:/usr/lib/jvm/java-1.8-openjdk/jre/lib/amd64:/usr/lib/jvm/java-1.8-openjdk/jre/../lib/amd64:/workdir/hadoop-ozone/integration-test/target/native/target/usr/local/lib:/workdir/hadoop-ozone/integration-test/../../hadoop-common-project/hadoop-common/target/native/target/usr/local/lib:/usr/java/packages/lib/amd64:/usr/lib64:/lib64:/lib:/usr/lib"/>
    <property name="java.vm.info" value="mixed mode"/>
    <property name="java.vendor" value="IcedTea"/>
    <property name="java.vm.version" value="25.212-b04"/>
    <property name="java.ext.dirs" value="/usr/lib/jvm/java-1.8-openjdk/jre/lib/ext:/usr/java/packages/lib/ext"/>
    <property name="sun.io.unicode.encoding" value="UnicodeLittle"/>
    <property name="java.class.version" value="52.0"/>
  </properties>
  <testcase name="testGroupMismatchExceptionHandling" classname="org.apache.hadoop.ozone.client.rpc.TestOzoneClientRetriesOnException" time="42.958"/>
  <testcase name="testMaxRetriesByOzoneClient" classname="org.apache.hadoop.ozone.client.rpc.TestOzoneClientRetriesOnException" time="335.683">
    <error message="Failed to command cmdType: CreateContainer&#10;containerID: 1&#10;datanodeUuid: &quot;457b0f2b-feff-4639-91a3-a11070381d4f&quot;&#10;createContainer {&#10;}&#10;" type="java.io.IOException">java.io.IOException: 
Failed to command cmdType: CreateContainer
containerID: 1
datanodeUuid: "457b0f2b-feff-4639-91a3-a11070381d4f"
createContainer {
}

	at org.apache.hadoop.hdds.scm.XceiverClientSpi.sendCommand(XceiverClientSpi.java:113)
	at org.apache.hadoop.ozone.client.rpc.TestOzoneClientRetriesOnException.testMaxRetriesByOzoneClient(TestOzoneClientRetriesOnException.java:190)
	at sun.reflect.NativeMethodAccessorImpl.invoke0(Native Method)
	at sun.reflect.NativeMethodAccessorImpl.invoke(NativeMethodAccessorImpl.java:62)
	at sun.reflect.DelegatingMethodAccessorImpl.invoke(DelegatingMethodAccessorImpl.java:43)
	at java.lang.reflect.Method.invoke(Method.java:498)
	at org.junit.runners.model.FrameworkMethod$1.runReflectiveCall(FrameworkMethod.java:47)
	at org.junit.internal.runners.model.ReflectiveCallable.run(ReflectiveCallable.java:12)
	at org.junit.runners.model.FrameworkMethod.invokeExplosively(FrameworkMethod.java:44)
	at org.junit.internal.runners.statements.InvokeMethod.evaluate(InvokeMethod.java:17)
	at org.junit.internal.runners.statements.RunBefores.evaluate(RunBefores.java:26)
	at org.junit.internal.runners.statements.RunAfters.evaluate(RunAfters.java:27)
	at org.junit.runners.ParentRunner.runLeaf(ParentRunner.java:271)
	at org.junit.runners.BlockJUnit4ClassRunner.runChild(BlockJUnit4ClassRunner.java:70)
	at org.junit.runners.BlockJUnit4ClassRunner.runChild(BlockJUnit4ClassRunner.java:50)
	at org.junit.runners.ParentRunner$3.run(ParentRunner.java:238)
	at org.junit.runners.ParentRunner$1.schedule(ParentRunner.java:63)
	at org.junit.runners.ParentRunner.runChildren(ParentRunner.java:236)
	at org.junit.runners.ParentRunner.access$000(ParentRunner.java:53)
	at org.junit.runners.ParentRunner$2.evaluate(ParentRunner.java:229)
	at org.junit.runners.ParentRunner.run(ParentRunner.java:309)
	at org.apache.maven.surefire.junit4.JUnit4Provider.execute(JUnit4Provider.java:365)
	at org.apache.maven.surefire.junit4.JUnit4Provider.executeWithRerun(JUnit4Provider.java:273)
	at org.apache.maven.surefire.junit4.JUnit4Provider.executeTestSet(JUnit4Provider.java:238)
	at org.apache.maven.surefire.junit4.JUnit4Provider.invoke(JUnit4Provider.java:159)
	at org.apache.maven.surefire.booter.ForkedBooter.invokeProviderInSameClassLoader(ForkedBooter.java:384)
	at org.apache.maven.surefire.booter.ForkedBooter.runSuitesInProcess(ForkedBooter.java:345)
	at org.apache.maven.surefire.booter.ForkedBooter.execute(ForkedBooter.java:126)
	at org.apache.maven.surefire.booter.ForkedBooter.main(ForkedBooter.java:418)
Caused by: java.util.concurrent.ExecutionException: org.apache.ratis.protocol.RaftRetryFailureException: Failed RaftClientRequest:client-0C1CC1C50A7C->8dbfb03d-3489-434f-b2ff-176126556357@group-5A0C10B0A675, cid=45, seq=4*, RW, org.apache.hadoop.hdds.scm.XceiverClientRatis$$Lambda$314/703315444@7a884c06 for 180 attempts with RetryLimited(maxAttempts=180, sleepTime=1000ms)
	at java.util.concurrent.CompletableFuture.reportGet(CompletableFuture.java:357)
	at java.util.concurrent.CompletableFuture.get(CompletableFuture.java:1895)
	at org.apache.hadoop.hdds.scm.XceiverClientSpi.sendCommand(XceiverClientSpi.java:110)
	... 28 more
Caused by: org.apache.ratis.protocol.RaftRetryFailureException: Failed RaftClientRequest:client-0C1CC1C50A7C->8dbfb03d-3489-434f-b2ff-176126556357@group-5A0C10B0A675, cid=45, seq=4*, RW, org.apache.hadoop.hdds.scm.XceiverClientRatis$$Lambda$314/703315444@7a884c06 for 180 attempts with RetryLimited(maxAttempts=180, sleepTime=1000ms)
	at org.apache.ratis.client.impl.RaftClientImpl.noMoreRetries(RaftClientImpl.java:272)
	at org.apache.ratis.client.impl.OrderedAsync.handleAsyncRetryFailure(OrderedAsync.java:138)
	at org.apache.ratis.client.impl.OrderedAsync.lambda$sendRequest$10(OrderedAsync.java:230)
	at java.util.concurrent.CompletableFuture.uniExceptionally(CompletableFuture.java:870)
	at java.util.concurrent.CompletableFuture$UniExceptionally.tryFire(CompletableFuture.java:852)
	at java.util.concurrent.CompletableFuture.postComplete(CompletableFuture.java:474)
	at java.util.concurrent.CompletableFuture.completeExceptionally(CompletableFuture.java:1977)
	at org.apache.ratis.grpc.client.GrpcClientProtocolClient$AsyncStreamObservers.completeReplyExceptionally(GrpcClientProtocolClient.java:330)
	at org.apache.ratis.grpc.client.GrpcClientProtocolClient$AsyncStreamObservers.access$000(GrpcClientProtocolClient.java:246)
	at org.apache.ratis.grpc.client.GrpcClientProtocolClient$AsyncStreamObservers$1.onNext(GrpcClientProtocolClient.java:258)
	at org.apache.ratis.grpc.client.GrpcClientProtocolClient$AsyncStreamObservers$1.onNext(GrpcClientProtocolClient.java:249)
	at org.apache.ratis.thirdparty.io.grpc.stub.ClientCalls$StreamObserverToCallListenerAdapter.onMessage(ClientCalls.java:421)
	at org.apache.ratis.thirdparty.io.grpc.ForwardingClientCallListener.onMessage(ForwardingClientCallListener.java:33)
	at org.apache.ratis.thirdparty.io.grpc.ForwardingClientCallListener.onMessage(ForwardingClientCallListener.java:33)
	at org.apache.ratis.thirdparty.io.grpc.internal.ClientCallImpl$ClientStreamListenerImpl$1MessagesAvailable.runInContext(ClientCallImpl.java:519)
	at org.apache.ratis.thirdparty.io.grpc.internal.ContextRunnable.run(ContextRunnable.java:37)
	at org.apache.ratis.thirdparty.io.grpc.internal.SerializingExecutor.run(SerializingExecutor.java:123)
	at java.util.concurrent.ThreadPoolExecutor.runWorker(ThreadPoolExecutor.java:1149)
	at java.util.concurrent.ThreadPoolExecutor$Worker.run(ThreadPoolExecutor.java:624)
	at java.lang.Thread.run(Thread.java:748)
Caused by: org.apache.ratis.protocol.NotLeaderException: Server 8dbfb03d-3489-434f-b2ff-176126556357 is not the leader (d3c05237-bd84-4234-a934-0ba66750ea46:192.168.5.191:42272). Request must be sent to leader.
	at org.apache.ratis.client.impl.ClientProtoUtils.toRaftClientReply(ClientProtoUtils.java:242)
	at org.apache.ratis.grpc.client.GrpcClientProtocolClient$AsyncStreamObservers$1.onNext(GrpcClientProtocolClient.java:254)
	... 10 more
</error>
    <system-out><![CDATA[2019-08-27 19:04:25,056 [main] WARN  server.ServerUtils (ServerUtils.java:getScmDbDir(145)) - ozone.scm.db.dirs is not configured. We recommend adding this setting. Falling back to ozone.metadata.dirs instead.
2019-08-27 19:04:25,071 [main] WARN  server.ServerUtils (ServerUtils.java:getScmDbDir(145)) - ozone.scm.db.dirs is not configured. We recommend adding this setting. Falling back to ozone.metadata.dirs instead.
2019-08-27 19:04:25,072 [main] WARN  server.ServerUtils (ServerUtils.java:getScmDbDir(145)) - ozone.scm.db.dirs is not configured. We recommend adding this setting. Falling back to ozone.metadata.dirs instead.
2019-08-27 19:04:25,072 [main] INFO  db.DBStoreBuilder (DBStoreBuilder.java:addTable(110)) - using custom profile for table: deletedBlocks
2019-08-27 19:04:25,072 [main] INFO  db.DBStoreBuilder (DBStoreBuilder.java:processTables(161)) - Using default column profile:DBProfile.DISK for Table:deletedBlocks
2019-08-27 19:04:25,072 [main] INFO  db.DBStoreBuilder (DBStoreBuilder.java:addTable(110)) - using custom profile for table: validCerts
2019-08-27 19:04:25,073 [main] INFO  db.DBStoreBuilder (DBStoreBuilder.java:processTables(161)) - Using default column profile:DBProfile.DISK for Table:validCerts
2019-08-27 19:04:25,073 [main] INFO  db.DBStoreBuilder (DBStoreBuilder.java:addTable(110)) - using custom profile for table: revokedCerts
2019-08-27 19:04:25,073 [main] INFO  db.DBStoreBuilder (DBStoreBuilder.java:processTables(161)) - Using default column profile:DBProfile.DISK for Table:revokedCerts
2019-08-27 19:04:25,073 [main] INFO  db.DBStoreBuilder (DBStoreBuilder.java:addTable(110)) - using custom profile for table: default
2019-08-27 19:04:25,073 [main] INFO  db.DBStoreBuilder (DBStoreBuilder.java:processTables(167)) - Using default column profile:DBProfile.DISK for Table:default
2019-08-27 19:04:25,074 [main] INFO  db.DBStoreBuilder (DBStoreBuilder.java:getDbProfile(198)) - Using default options. DBProfile.DISK
2019-08-27 19:04:25,220 [main] INFO  net.NodeSchemaLoader (NodeSchemaLoader.java:loadSchemaFromFile(125)) - Loading file from sun.misc.CompoundEnumeration@6d091cad
2019-08-27 19:04:25,220 [main] INFO  net.NodeSchemaLoader (NodeSchemaLoader.java:loadSchema(171)) - Loading network topology layer schema file
2019-08-27 19:04:25,225 [main] WARN  server.ServerUtils (ServerUtils.java:sanitizeUserArgs(70)) - ozone.scm.stale.node.interval value = 300000 is larger than max = 100000 based on the key value of ozone.scm.heartbeat.thread.interval, reset to the max value 100000.
2019-08-27 19:04:25,226 [main] WARN  server.ServerUtils (ServerUtils.java:sanitizeUserArgs(70)) - ozone.scm.stale.node.interval value = 300000 is larger than max = 100000 based on the key value of ozone.scm.heartbeat.thread.interval, reset to the max value 100000.
2019-08-27 19:04:25,226 [main] INFO  node.SCMNodeManager (SCMNodeManager.java:<init>(121)) - Entering startup safe mode.
2019-08-27 19:04:25,227 [main] INFO  algorithms.ContainerPlacementPolicyFactory (ContainerPlacementPolicyFactory.java:getPolicy(55)) - Create container placement policy of type org.apache.hadoop.hdds.scm.container.placement.algorithms.SCMContainerPlacementRandom
2019-08-27 19:04:25,227 [main] WARN  server.ServerUtils (ServerUtils.java:getScmDbDir(145)) - ozone.scm.db.dirs is not configured. We recommend adding this setting. Falling back to ozone.metadata.dirs instead.
2019-08-27 19:04:25,250 [main] INFO  pipeline.SCMPipelineManager (SCMPipelineManager.java:initializePipelineState(126)) - No pipeline exists in current db
2019-08-27 19:04:25,250 [main] WARN  server.ServerUtils (ServerUtils.java:getScmDbDir(145)) - ozone.scm.db.dirs is not configured. We recommend adding this setting. Falling back to ozone.metadata.dirs instead.
2019-08-27 19:04:25,273 [main] WARN  events.EventQueue (EventQueue.java:fireEvent(175)) - No event handler registered for event TypedEvent{payloadType=SafeModeStatus, name='SafeModeStatus'}
2019-08-27 19:04:25,274 [main] INFO  ipc.CallQueueManager (CallQueueManager.java:<init>(84)) - Using callQueue: class java.util.concurrent.LinkedBlockingQueue, queueCapacity: 2000, scheduler: class org.apache.hadoop.ipc.DefaultRpcScheduler, ipcBackoff: false.
2019-08-27 19:04:25,275 [Socket Reader #1 for port 32991] INFO  ipc.Server (Server.java:run(1074)) - Starting Socket Reader #1 for port 32991
2019-08-27 19:04:25,277 [main] INFO  ipc.CallQueueManager (CallQueueManager.java:<init>(84)) - Using callQueue: class java.util.concurrent.LinkedBlockingQueue, queueCapacity: 2000, scheduler: class org.apache.hadoop.ipc.DefaultRpcScheduler, ipcBackoff: false.
2019-08-27 19:04:25,278 [Socket Reader #1 for port 40936] INFO  ipc.Server (Server.java:run(1074)) - Starting Socket Reader #1 for port 40936
2019-08-27 19:04:25,279 [main] INFO  ipc.CallQueueManager (CallQueueManager.java:<init>(84)) - Using callQueue: class java.util.concurrent.LinkedBlockingQueue, queueCapacity: 2000, scheduler: class org.apache.hadoop.ipc.DefaultRpcScheduler, ipcBackoff: false.
2019-08-27 19:04:25,279 [Socket Reader #1 for port 35638] INFO  ipc.Server (Server.java:run(1074)) - Starting Socket Reader #1 for port 35638
2019-08-27 19:04:25,283 [main] INFO  hdfs.DFSUtil (DFSUtil.java:httpServerTemplateForNNAndJN(1641)) - Starting Web-server for scm at: http://0.0.0.0:0
2019-08-27 19:04:25,286 [main] INFO  server.AuthenticationFilter (AuthenticationFilter.java:constructSecretProvider(240)) - Unable to initialize FileSignerSecretProvider, falling back to use random secrets.
2019-08-27 19:04:25,286 [main] WARN  http.HttpRequestLog (HttpRequestLog.java:getRequestLog(97)) - Jetty request log can only be enabled using Log4j
2019-08-27 19:04:25,289 [main] INFO  http.HttpServer2 (HttpServer2.java:addGlobalFilter(975)) - Added global filter 'safety' (class=org.apache.hadoop.http.HttpServer2$QuotingInputFilter)
2019-08-27 19:04:25,290 [main] INFO  http.HttpServer2 (HttpServer2.java:addFilter(948)) - Added filter static_user_filter (class=org.apache.hadoop.http.lib.StaticUserWebFilter$StaticUserFilter) to context scm
2019-08-27 19:04:25,290 [main] INFO  http.HttpServer2 (HttpServer2.java:addFilter(958)) - Added filter static_user_filter (class=org.apache.hadoop.http.lib.StaticUserWebFilter$StaticUserFilter) to context logs
2019-08-27 19:04:25,291 [main] INFO  http.HttpServer2 (HttpServer2.java:addFilter(958)) - Added filter static_user_filter (class=org.apache.hadoop.http.lib.StaticUserWebFilter$StaticUserFilter) to context static
2019-08-27 19:04:25,294 [main] INFO  server.StorageContainerManager (StorageContainerManager.java:start(759)) - StorageContainerLocationProtocol RPC server is listening at /0.0.0.0:35638
2019-08-27 19:04:25,296 [main] WARN  impl.MetricsConfig (MetricsConfig.java:loadFirst(134)) - Cannot locate configuration: tried hadoop-metrics2-storagecontainermanager.properties,hadoop-metrics2.properties
2019-08-27 19:04:25,297 [main] INFO  impl.MetricsSystemImpl (MetricsSystemImpl.java:startTimer(374)) - Scheduled Metric snapshot period at 10 second(s).
2019-08-27 19:04:25,297 [main] INFO  impl.MetricsSystemImpl (MetricsSystemImpl.java:start(191)) - StorageContainerManager metrics system started
2019-08-27 19:04:25,342 [main] INFO  server.SCMClientProtocolServer (SCMClientProtocolServer.java:start(151)) - RPC server for Client  is listening at /0.0.0.0:35638
2019-08-27 19:04:25,343 [IPC Server Responder] INFO  ipc.Server (Server.java:run(1314)) - IPC Server Responder: starting
2019-08-27 19:04:25,344 [IPC Server listener on 35638] INFO  ipc.Server (Server.java:run(1153)) - IPC Server listener on 35638: starting
2019-08-27 19:04:25,346 [main] INFO  server.StorageContainerManager (StorageContainerManager.java:start(769)) - ScmBlockLocationProtocol RPC server is listening at /0.0.0.0:40936
2019-08-27 19:04:25,347 [main] INFO  server.SCMBlockProtocolServer (SCMBlockProtocolServer.java:start(140)) - RPC server for Block Protocol is listening at /0.0.0.0:40936
2019-08-27 19:04:25,347 [IPC Server Responder] INFO  ipc.Server (Server.java:run(1314)) - IPC Server Responder: starting
2019-08-27 19:04:25,347 [IPC Server listener on 40936] INFO  ipc.Server (Server.java:run(1153)) - IPC Server listener on 40936: starting
2019-08-27 19:04:25,350 [main] INFO  server.StorageContainerManager (StorageContainerManager.java:start(773)) - ScmDatanodeProtocl RPC server is listening at /0.0.0.0:32991
2019-08-27 19:04:25,351 [main] INFO  server.SCMDatanodeProtocolServer (SCMDatanodeProtocolServer.java:start(191)) - RPC server for DataNodes is listening at /0.0.0.0:32991
2019-08-27 19:04:25,351 [IPC Server Responder] INFO  ipc.Server (Server.java:run(1314)) - IPC Server Responder: starting
2019-08-27 19:04:25,351 [IPC Server listener on 32991] INFO  ipc.Server (Server.java:run(1153)) - IPC Server listener on 32991: starting
2019-08-27 19:04:25,355 [main] INFO  http.HttpServer2 (HttpServer2.java:bindListener(1191)) - Jetty bound to port 39356
2019-08-27 19:04:25,355 [main] INFO  server.Server (Server.java:doStart(351)) - jetty-9.3.24.v20180605, build timestamp: 2018-06-05T17:11:56Z, git hash: 84205aa28f11a4f31f2a3b86d1bba2cc8ab69827
2019-08-27 19:04:25,356 [main] INFO  handler.ContextHandler (ContextHandler.java:doStart(781)) - Started o.e.j.s.ServletContextHandler@6ef60295{/logs,file:///workdir/hadoop-ozone/integration-test/target/log,AVAILABLE}
2019-08-27 19:04:25,357 [main] INFO  handler.ContextHandler (ContextHandler.java:doStart(781)) - Started o.e.j.s.ServletContextHandler@3234474{/static,file:///workdir/hadoop-ozone/integration-test/target/test-classes/webapps/static,AVAILABLE}
2019-08-27 19:04:25,361 [main] INFO  handler.ContextHandler (ContextHandler.java:doStart(781)) - Started o.e.j.w.WebAppContext@60990e5c{/,file:///workdir/hadoop-ozone/integration-test/target/test-classes/webapps/scm/,AVAILABLE}{/scm}
2019-08-27 19:04:25,362 [main] INFO  server.AbstractConnector (AbstractConnector.java:doStart(278)) - Started ServerConnector@4d84049a{HTTP/1.1,[http/1.1]}{0.0.0.0:39356}
2019-08-27 19:04:25,362 [main] INFO  server.Server (Server.java:doStart(419)) - Started @43790ms
2019-08-27 19:04:25,363 [main] INFO  server.BaseHttpServer (BaseHttpServer.java:updateConnectorAddress(213)) - HTTP server of SCM is listening at http://0.0.0.0:39356
2019-08-27 19:04:25,365 [main] WARN  server.ServerUtils (ServerUtils.java:getDBPath(222)) - ozone.om.db.dirs is not configured. We recommend adding this setting. Falling back to ozone.metadata.dirs instead.
2019-08-27 19:04:25,365 [org.apache.hadoop.util.JvmPauseMonitor$Monitor@642857e0] INFO  util.JvmPauseMonitor (JvmPauseMonitor.java:run(188)) - Starting JVM pause monitor
2019-08-27 19:04:25,386 [main] WARN  server.ServerUtils (ServerUtils.java:getDBPath(222)) - ozone.om.db.dirs is not configured. We recommend adding this setting. Falling back to ozone.metadata.dirs instead.
2019-08-27 19:04:25,387 [main] WARN  server.ServerUtils (ServerUtils.java:getDBPath(222)) - ozone.om.db.dirs is not configured. We recommend adding this setting. Falling back to ozone.metadata.dirs instead.
2019-08-27 19:04:25,387 [main] INFO  om.OzoneManager (OzoneManager.java:setOMNodeDetails(648)) - OM Service ID is not set. Setting it to the default ID: omServiceIdDefault
2019-08-27 19:04:25,387 [main] INFO  om.OzoneManager (OzoneManager.java:setOMNodeDetails(654)) - OM Node ID is not set. Setting it to the OmStorage's OmID: 3ec034b6-c55a-418b-987c-dd104750f6a3
2019-08-27 19:04:25,388 [main] INFO  om.OzoneManager (OzoneManager.java:loadOMHAConfigs(605)) - Found matching OM address with OMServiceId: null, OMNodeId: null, RPC Address: localhost:0 and Ratis port: 9872
2019-08-27 19:04:25,392 | INFO  | SCMAudit | user=jenkins1000 | ip=192.168.5.191 | op=GET_SCM_INFO null | ret=SUCCESS |  
2019-08-27 19:04:25,394 [main] WARN  server.ServerUtils (ServerUtils.java:getDBPath(222)) - ozone.om.db.dirs is not configured. We recommend adding this setting. Falling back to ozone.metadata.dirs instead.
2019-08-27 19:04:25,395 [main] INFO  db.DBStoreBuilder (DBStoreBuilder.java:addTable(110)) - using custom profile for table: userTable
2019-08-27 19:04:25,395 [main] INFO  db.DBStoreBuilder (DBStoreBuilder.java:processTables(161)) - Using default column profile:DBProfile.DISK for Table:userTable
2019-08-27 19:04:25,395 [main] INFO  db.DBStoreBuilder (DBStoreBuilder.java:addTable(110)) - using custom profile for table: volumeTable
2019-08-27 19:04:25,396 [main] INFO  db.DBStoreBuilder (DBStoreBuilder.java:processTables(161)) - Using default column profile:DBProfile.DISK for Table:volumeTable
2019-08-27 19:04:25,396 [main] INFO  db.DBStoreBuilder (DBStoreBuilder.java:addTable(110)) - using custom profile for table: bucketTable
2019-08-27 19:04:25,396 [main] INFO  db.DBStoreBuilder (DBStoreBuilder.java:processTables(161)) - Using default column profile:DBProfile.DISK for Table:bucketTable
2019-08-27 19:04:25,396 [main] INFO  db.DBStoreBuilder (DBStoreBuilder.java:addTable(110)) - using custom profile for table: keyTable
2019-08-27 19:04:25,396 [main] INFO  db.DBStoreBuilder (DBStoreBuilder.java:processTables(161)) - Using default column profile:DBProfile.DISK for Table:keyTable
2019-08-27 19:04:25,397 [main] INFO  db.DBStoreBuilder (DBStoreBuilder.java:addTable(110)) - using custom profile for table: deletedTable
2019-08-27 19:04:25,397 [main] INFO  db.DBStoreBuilder (DBStoreBuilder.java:processTables(161)) - Using default column profile:DBProfile.DISK for Table:deletedTable
2019-08-27 19:04:25,397 [main] INFO  db.DBStoreBuilder (DBStoreBuilder.java:addTable(110)) - using custom profile for table: openKeyTable
2019-08-27 19:04:25,397 [main] INFO  db.DBStoreBuilder (DBStoreBuilder.java:processTables(161)) - Using default column profile:DBProfile.DISK for Table:openKeyTable
2019-08-27 19:04:25,398 [main] INFO  db.DBStoreBuilder (DBStoreBuilder.java:addTable(110)) - using custom profile for table: s3Table
2019-08-27 19:04:25,398 [main] INFO  db.DBStoreBuilder (DBStoreBuilder.java:processTables(161)) - Using default column profile:DBProfile.DISK for Table:s3Table
2019-08-27 19:04:25,398 [main] INFO  db.DBStoreBuilder (DBStoreBuilder.java:addTable(110)) - using custom profile for table: multipartInfoTable
2019-08-27 19:04:25,398 [main] INFO  db.DBStoreBuilder (DBStoreBuilder.java:processTables(161)) - Using default column profile:DBProfile.DISK for Table:multipartInfoTable
2019-08-27 19:04:25,398 [main] INFO  db.DBStoreBuilder (DBStoreBuilder.java:addTable(110)) - using custom profile for table: dTokenTable
2019-08-27 19:04:25,399 [main] INFO  db.DBStoreBuilder (DBStoreBuilder.java:processTables(161)) - Using default column profile:DBProfile.DISK for Table:dTokenTable
2019-08-27 19:04:25,399 [main] INFO  db.DBStoreBuilder (DBStoreBuilder.java:addTable(110)) - using custom profile for table: s3SecretTable
2019-08-27 19:04:25,399 [main] INFO  db.DBStoreBuilder (DBStoreBuilder.java:processTables(161)) - Using default column profile:DBProfile.DISK for Table:s3SecretTable
2019-08-27 19:04:25,399 [main] INFO  db.DBStoreBuilder (DBStoreBuilder.java:addTable(110)) - using custom profile for table: prefixTable
2019-08-27 19:04:25,399 [main] INFO  db.DBStoreBuilder (DBStoreBuilder.java:processTables(161)) - Using default column profile:DBProfile.DISK for Table:prefixTable
2019-08-27 19:04:25,400 [main] INFO  db.DBStoreBuilder (DBStoreBuilder.java:addTable(110)) - using custom profile for table: default
2019-08-27 19:04:25,400 [main] INFO  db.DBStoreBuilder (DBStoreBuilder.java:processTables(167)) - Using default column profile:DBProfile.DISK for Table:default
2019-08-27 19:04:25,400 [main] INFO  db.DBStoreBuilder (DBStoreBuilder.java:getDbProfile(198)) - Using default options. DBProfile.DISK
2019-08-27 19:04:25,901 [main] INFO  ipc.CallQueueManager (CallQueueManager.java:<init>(84)) - Using callQueue: class java.util.concurrent.LinkedBlockingQueue, queueCapacity: 2000, scheduler: class org.apache.hadoop.ipc.DefaultRpcScheduler, ipcBackoff: false.
2019-08-27 19:04:25,903 [Socket Reader #1 for port 40138] INFO  ipc.Server (Server.java:run(1074)) - Starting Socket Reader #1 for port 40138
2019-08-27 19:04:25,923 [main] INFO  om.OzoneManager (OzoneManager.java:start(1259)) - OzoneManager RPC server is listening at localhost/127.0.0.1:40138
2019-08-27 19:04:25,923 [main] INFO  impl.MetricsSystemImpl (MetricsSystemImpl.java:init(158)) - OzoneManager metrics system started (again)
2019-08-27 19:04:25,924 [IPC Server Responder] INFO  ipc.Server (Server.java:run(1314)) - IPC Server Responder: starting
2019-08-27 19:04:25,924 [IPC Server listener on 40138] INFO  ipc.Server (Server.java:run(1153)) - IPC Server listener on 40138: starting
2019-08-27 19:04:25,930 [main] INFO  hdfs.DFSUtil (DFSUtil.java:httpServerTemplateForNNAndJN(1641)) - Starting Web-server for ozoneManager at: http://0.0.0.0:0
2019-08-27 19:04:25,931 [main] INFO  server.AuthenticationFilter (AuthenticationFilter.java:constructSecretProvider(240)) - Unable to initialize FileSignerSecretProvider, falling back to use random secrets.
2019-08-27 19:04:25,932 [main] WARN  http.HttpRequestLog (HttpRequestLog.java:getRequestLog(97)) - Jetty request log can only be enabled using Log4j
2019-08-27 19:04:25,934 [main] INFO  http.HttpServer2 (HttpServer2.java:addGlobalFilter(975)) - Added global filter 'safety' (class=org.apache.hadoop.http.HttpServer2$QuotingInputFilter)
2019-08-27 19:04:25,934 [main] INFO  http.HttpServer2 (HttpServer2.java:addFilter(948)) - Added filter static_user_filter (class=org.apache.hadoop.http.lib.StaticUserWebFilter$StaticUserFilter) to context ozoneManager
2019-08-27 19:04:25,935 [main] INFO  http.HttpServer2 (HttpServer2.java:addFilter(958)) - Added filter static_user_filter (class=org.apache.hadoop.http.lib.StaticUserWebFilter$StaticUserFilter) to context logs
2019-08-27 19:04:25,935 [main] INFO  http.HttpServer2 (HttpServer2.java:addFilter(958)) - Added filter static_user_filter (class=org.apache.hadoop.http.lib.StaticUserWebFilter$StaticUserFilter) to context static
2019-08-27 19:04:25,936 [main] INFO  http.HttpServer2 (HttpServer2.java:bindListener(1191)) - Jetty bound to port 44212
2019-08-27 19:04:25,936 [main] INFO  server.Server (Server.java:doStart(351)) - jetty-9.3.24.v20180605, build timestamp: 2018-06-05T17:11:56Z, git hash: 84205aa28f11a4f31f2a3b86d1bba2cc8ab69827
2019-08-27 19:04:25,938 [main] INFO  handler.ContextHandler (ContextHandler.java:doStart(781)) - Started o.e.j.s.ServletContextHandler@322ba549{/logs,file:///workdir/hadoop-ozone/integration-test/target/log,AVAILABLE}
2019-08-27 19:04:25,938 [main] INFO  handler.ContextHandler (ContextHandler.java:doStart(781)) - Started o.e.j.s.ServletContextHandler@5416f8db{/static,file:///workdir/hadoop-ozone/integration-test/target/test-classes/webapps/static,AVAILABLE}
2019-08-27 19:04:25,943 [main] INFO  handler.ContextHandler (ContextHandler.java:doStart(781)) - Started o.e.j.w.WebAppContext@68e02f33{/,file:///workdir/hadoop-ozone/integration-test/target/test-classes/webapps/ozoneManager/,AVAILABLE}{/ozoneManager}
2019-08-27 19:04:25,943 [main] INFO  server.AbstractConnector (AbstractConnector.java:doStart(278)) - Started ServerConnector@64942607{HTTP/1.1,[http/1.1]}{0.0.0.0:44212}
2019-08-27 19:04:25,944 [main] INFO  server.Server (Server.java:doStart(419)) - Started @44372ms
2019-08-27 19:04:25,946 [main] INFO  server.BaseHttpServer (BaseHttpServer.java:updateConnectorAddress(213)) - HTTP server of OZONEMANAGER is listening at http://0.0.0.0:44212
2019-08-27 19:04:25,963 [main] INFO  impl.MetricsSystemImpl (MetricsSystemImpl.java:init(158)) - HddsDatanode metrics system started (again)
2019-08-27 19:04:25,965 [main] INFO  ozone.HddsDatanodeService (HddsDatanodeService.java:start(184)) - HddsDatanodeService host:pr-hdds-738-k2b25-1829472937 ip:192.168.5.191
2019-08-27 19:04:25,971 [main] INFO  volume.HddsVolume (HddsVolume.java:<init>(176)) - Creating Volume: /workdir/hadoop-ozone/integration-test/target/test-dir/MiniOzoneClusterImpl-599e46d8-0e9a-4b65-aec3-4904bd77efd2/datanode-0/data/containers/hdds of  storage type : DISK and capacity : 1482555576320
2019-08-27 19:04:25,972 [main] INFO  volume.VolumeSet (VolumeSet.java:initializeVolumeSet(170)) - Added Volume : /workdir/hadoop-ozone/integration-test/target/test-dir/MiniOzoneClusterImpl-599e46d8-0e9a-4b65-aec3-4904bd77efd2/datanode-0/data/containers/hdds to VolumeSet
2019-08-27 19:04:25,972 [main] INFO  volume.ThrottledAsyncChecker (ThrottledAsyncChecker.java:schedule(140)) - Scheduling a check for org.apache.hadoop.ozone.container.common.volume.HddsVolume@60e3c26e
2019-08-27 19:04:25,972 [main] INFO  volume.HddsVolumeChecker (HddsVolumeChecker.java:checkAllVolumes(203)) - Scheduled health check for volume org.apache.hadoop.ozone.container.common.volume.HddsVolume@60e3c26e
2019-08-27 19:04:25,987 [main] INFO  impl.RaftServerProxy (ConfUtils.java:logGet(43)) - raft.rpc.type = GRPC (default)
2019-08-27 19:04:25,987 [main] INFO  grpc.GrpcFactory (GrpcFactory.java:checkPooledByteBufAllocatorUseCacheForAllThreads(45)) - PERFORMANCE WARNING: useCacheForAllThreads is true that may cause Netty to create a lot garbage objects and, as a result, trigger GC.
	It is recommended to disable useCacheForAllThreads by setting -Dorg.apache.ratis.thirdparty.io.netty.allocator.useCacheForAllThreads=false in command line.
2019-08-27 19:04:25,987 [main] INFO  grpc.GrpcConfigKeys$Server (ConfUtils.java:logGet(43)) - raft.grpc.server.port = 0 (default)
2019-08-27 19:04:25,988 [main] INFO  server.GrpcService (ConfUtils.java:logGet(43)) - raft.grpc.message.size.max = 33570816 (custom)
2019-08-27 19:04:25,988 [main] INFO  server.RaftServerConfigKeys (ConfUtils.java:logGet(43)) - raft.server.log.appender.buffer.byte-limit = 33554432 (custom)
2019-08-27 19:04:25,988 [main] INFO  server.GrpcService (ConfUtils.java:logGet(43)) - raft.grpc.flow.control.window = 1MB (=1048576) (default)
2019-08-27 19:04:25,988 [main] INFO  server.RaftServerConfigKeys (ConfUtils.java:logGet(43)) - raft.server.rpc.request.timeout = 3000ms (default)
2019-08-27 19:04:25,989 [main] INFO  server.RaftServerConfigKeys (ConfUtils.java:logGet(43)) - raft.server.storage.dir = [/workdir/hadoop-ozone/integration-test/target/test-dir/MiniOzoneClusterImpl-599e46d8-0e9a-4b65-aec3-4904bd77efd2/datanode-0/data/ratis] (custom)
2019-08-27 19:04:25,989 [main] INFO  replication.SimpleContainerDownloader (SimpleContainerDownloader.java:<init>(72)) - Starting container downloader service to copy containers to replicate.
2019-08-27 19:04:25,990 [main] INFO  hdfs.DFSUtil (DFSUtil.java:httpServerTemplateForNNAndJN(1641)) - Starting Web-server for hddsDatanode at: http://0.0.0.0:0
2019-08-27 19:04:25,991 [main] INFO  server.AuthenticationFilter (AuthenticationFilter.java:constructSecretProvider(240)) - Unable to initialize FileSignerSecretProvider, falling back to use random secrets.
2019-08-27 19:04:25,992 [main] WARN  http.HttpRequestLog (HttpRequestLog.java:getRequestLog(97)) - Jetty request log can only be enabled using Log4j
2019-08-27 19:04:25,993 [main] INFO  http.HttpServer2 (HttpServer2.java:addGlobalFilter(975)) - Added global filter 'safety' (class=org.apache.hadoop.http.HttpServer2$QuotingInputFilter)
2019-08-27 19:04:25,993 [main] INFO  http.HttpServer2 (HttpServer2.java:addFilter(948)) - Added filter static_user_filter (class=org.apache.hadoop.http.lib.StaticUserWebFilter$StaticUserFilter) to context hddsDatanode
2019-08-27 19:04:25,994 [main] INFO  http.HttpServer2 (HttpServer2.java:addFilter(958)) - Added filter static_user_filter (class=org.apache.hadoop.http.lib.StaticUserWebFilter$StaticUserFilter) to context logs
2019-08-27 19:04:25,994 [main] INFO  http.HttpServer2 (HttpServer2.java:addFilter(958)) - Added filter static_user_filter (class=org.apache.hadoop.http.lib.StaticUserWebFilter$StaticUserFilter) to context static
2019-08-27 19:04:25,994 [main] INFO  http.HttpServer2 (HttpServer2.java:bindListener(1191)) - Jetty bound to port 37463
2019-08-27 19:04:25,995 [main] INFO  server.Server (Server.java:doStart(351)) - jetty-9.3.24.v20180605, build timestamp: 2018-06-05T17:11:56Z, git hash: 84205aa28f11a4f31f2a3b86d1bba2cc8ab69827
2019-08-27 19:04:25,996 [main] INFO  handler.ContextHandler (ContextHandler.java:doStart(781)) - Started o.e.j.s.ServletContextHandler@6870c3c2{/logs,file:///workdir/hadoop-ozone/integration-test/target/log,AVAILABLE}
2019-08-27 19:04:25,997 [main] INFO  handler.ContextHandler (ContextHandler.java:doStart(781)) - Started o.e.j.s.ServletContextHandler@1faf386c{/static,jar:file:/home/user/.m2/repository/org/apache/hadoop/hadoop-hdds-container-service/0.5.0-SNAPSHOT/hadoop-hdds-container-service-0.5.0-SNAPSHOT.jar!/webapps/static,AVAILABLE}
2019-08-27 19:04:26,025 [main] INFO  handler.ContextHandler (ContextHandler.java:doStart(781)) - Started o.e.j.w.WebAppContext@16ac5d35{/,file:///tmp/jetty-0.0.0.0-37463-hddsDatanode-_-any-1017813047523754361.dir/webapp/,AVAILABLE}{/hddsDatanode}
2019-08-27 19:04:26,025 [main] INFO  server.AbstractConnector (AbstractConnector.java:doStart(278)) - Started ServerConnector@3965bdf9{HTTP/1.1,[http/1.1]}{0.0.0.0:37463}
2019-08-27 19:04:26,026 [main] INFO  server.Server (Server.java:doStart(419)) - Started @44454ms
2019-08-27 19:04:26,027 [main] INFO  server.BaseHttpServer (BaseHttpServer.java:updateConnectorAddress(213)) - HTTP server of HDDSDATANODE is listening at http://0.0.0.0:37463
2019-08-27 19:04:26,028 [main] INFO  impl.MetricsSystemImpl (MetricsSystemImpl.java:init(158)) - HddsDatanode metrics system started (again)
2019-08-27 19:04:26,031 [main] INFO  ozone.HddsDatanodeService (HddsDatanodeService.java:start(184)) - HddsDatanodeService host:pr-hdds-738-k2b25-1829472937 ip:192.168.5.191
2019-08-27 19:04:26,031 [org.apache.hadoop.util.JvmPauseMonitor$Monitor@450142ff] INFO  util.JvmPauseMonitor (JvmPauseMonitor.java:run(188)) - Starting JVM pause monitor
2019-08-27 19:04:26,034 [Datanode State Machine Thread - 0] INFO  datanode.InitDatanodeState (InitDatanodeState.java:persistContainerDatanodeDetails(140)) - DatanodeDetails is persisted to /workdir/hadoop-ozone/integration-test/target/test-dir/MiniOzoneClusterImpl-599e46d8-0e9a-4b65-aec3-4904bd77efd2/datanode-0/meta/datanode.id
2019-08-27 19:04:26,037 [main] INFO  volume.HddsVolume (HddsVolume.java:<init>(176)) - Creating Volume: /workdir/hadoop-ozone/integration-test/target/test-dir/MiniOzoneClusterImpl-599e46d8-0e9a-4b65-aec3-4904bd77efd2/datanode-1/data/containers/hdds of  storage type : DISK and capacity : 1482555576320
2019-08-27 19:04:26,037 [main] INFO  volume.VolumeSet (VolumeSet.java:initializeVolumeSet(170)) - Added Volume : /workdir/hadoop-ozone/integration-test/target/test-dir/MiniOzoneClusterImpl-599e46d8-0e9a-4b65-aec3-4904bd77efd2/datanode-1/data/containers/hdds to VolumeSet
2019-08-27 19:04:26,038 [main] INFO  volume.ThrottledAsyncChecker (ThrottledAsyncChecker.java:schedule(140)) - Scheduling a check for org.apache.hadoop.ozone.container.common.volume.HddsVolume@27443560
2019-08-27 19:04:26,038 [main] INFO  volume.HddsVolumeChecker (HddsVolumeChecker.java:checkAllVolumes(203)) - Scheduled health check for volume org.apache.hadoop.ozone.container.common.volume.HddsVolume@27443560
2019-08-27 19:04:26,052 [main] INFO  impl.RaftServerProxy (ConfUtils.java:logGet(43)) - raft.rpc.type = GRPC (default)
2019-08-27 19:04:26,052 [main] INFO  grpc.GrpcFactory (GrpcFactory.java:checkPooledByteBufAllocatorUseCacheForAllThreads(45)) - PERFORMANCE WARNING: useCacheForAllThreads is true that may cause Netty to create a lot garbage objects and, as a result, trigger GC.
	It is recommended to disable useCacheForAllThreads by setting -Dorg.apache.ratis.thirdparty.io.netty.allocator.useCacheForAllThreads=false in command line.
2019-08-27 19:04:26,052 [main] INFO  grpc.GrpcConfigKeys$Server (ConfUtils.java:logGet(43)) - raft.grpc.server.port = 0 (default)
2019-08-27 19:04:26,053 [main] INFO  server.GrpcService (ConfUtils.java:logGet(43)) - raft.grpc.message.size.max = 33570816 (custom)
2019-08-27 19:04:26,053 [main] INFO  server.RaftServerConfigKeys (ConfUtils.java:logGet(43)) - raft.server.log.appender.buffer.byte-limit = 33554432 (custom)
2019-08-27 19:04:26,053 [main] INFO  server.GrpcService (ConfUtils.java:logGet(43)) - raft.grpc.flow.control.window = 1MB (=1048576) (default)
2019-08-27 19:04:26,053 [main] INFO  server.RaftServerConfigKeys (ConfUtils.java:logGet(43)) - raft.server.rpc.request.timeout = 3000ms (default)
2019-08-27 19:04:26,054 [main] INFO  server.RaftServerConfigKeys (ConfUtils.java:logGet(43)) - raft.server.storage.dir = [/workdir/hadoop-ozone/integration-test/target/test-dir/MiniOzoneClusterImpl-599e46d8-0e9a-4b65-aec3-4904bd77efd2/datanode-1/data/ratis] (custom)
2019-08-27 19:04:26,054 [main] INFO  replication.SimpleContainerDownloader (SimpleContainerDownloader.java:<init>(72)) - Starting container downloader service to copy containers to replicate.
2019-08-27 19:04:26,055 [main] INFO  hdfs.DFSUtil (DFSUtil.java:httpServerTemplateForNNAndJN(1641)) - Starting Web-server for hddsDatanode at: http://0.0.0.0:0
2019-08-27 19:04:26,056 [main] INFO  server.AuthenticationFilter (AuthenticationFilter.java:constructSecretProvider(240)) - Unable to initialize FileSignerSecretProvider, falling back to use random secrets.
2019-08-27 19:04:26,057 [main] WARN  http.HttpRequestLog (HttpRequestLog.java:getRequestLog(97)) - Jetty request log can only be enabled using Log4j
2019-08-27 19:04:26,058 [main] INFO  http.HttpServer2 (HttpServer2.java:addGlobalFilter(975)) - Added global filter 'safety' (class=org.apache.hadoop.http.HttpServer2$QuotingInputFilter)
2019-08-27 19:04:26,058 [main] INFO  http.HttpServer2 (HttpServer2.java:addFilter(948)) - Added filter static_user_filter (class=org.apache.hadoop.http.lib.StaticUserWebFilter$StaticUserFilter) to context hddsDatanode
2019-08-27 19:04:26,059 [main] INFO  http.HttpServer2 (HttpServer2.java:addFilter(958)) - Added filter static_user_filter (class=org.apache.hadoop.http.lib.StaticUserWebFilter$StaticUserFilter) to context static
2019-08-27 19:04:26,059 [main] INFO  http.HttpServer2 (HttpServer2.java:addFilter(958)) - Added filter static_user_filter (class=org.apache.hadoop.http.lib.StaticUserWebFilter$StaticUserFilter) to context logs
2019-08-27 19:04:26,059 [main] INFO  http.HttpServer2 (HttpServer2.java:bindListener(1191)) - Jetty bound to port 42390
2019-08-27 19:04:26,060 [main] INFO  server.Server (Server.java:doStart(351)) - jetty-9.3.24.v20180605, build timestamp: 2018-06-05T17:11:56Z, git hash: 84205aa28f11a4f31f2a3b86d1bba2cc8ab69827
2019-08-27 19:04:26,061 [main] INFO  handler.ContextHandler (ContextHandler.java:doStart(781)) - Started o.e.j.s.ServletContextHandler@de7e193{/logs,file:///workdir/hadoop-ozone/integration-test/target/log,AVAILABLE}
2019-08-27 19:04:26,062 [main] INFO  handler.ContextHandler (ContextHandler.java:doStart(781)) - Started o.e.j.s.ServletContextHandler@35ef439e{/static,jar:file:/home/user/.m2/repository/org/apache/hadoop/hadoop-hdds-container-service/0.5.0-SNAPSHOT/hadoop-hdds-container-service-0.5.0-SNAPSHOT.jar!/webapps/static,AVAILABLE}
2019-08-27 19:04:26,089 [main] INFO  handler.ContextHandler (ContextHandler.java:doStart(781)) - Started o.e.j.w.WebAppContext@4c0e426a{/,file:///tmp/jetty-0.0.0.0-42390-hddsDatanode-_-any-8339419477689465865.dir/webapp/,AVAILABLE}{/hddsDatanode}
2019-08-27 19:04:26,090 [main] INFO  server.AbstractConnector (AbstractConnector.java:doStart(278)) - Started ServerConnector@713ec32d{HTTP/1.1,[http/1.1]}{0.0.0.0:42390}
2019-08-27 19:04:26,092 [main] INFO  server.Server (Server.java:doStart(419)) - Started @44519ms
2019-08-27 19:04:26,092 [main] INFO  server.BaseHttpServer (BaseHttpServer.java:updateConnectorAddress(213)) - HTTP server of HDDSDATANODE is listening at http://0.0.0.0:42390
2019-08-27 19:04:26,093 [main] INFO  impl.MetricsSystemImpl (MetricsSystemImpl.java:init(158)) - HddsDatanode metrics system started (again)
2019-08-27 19:04:26,097 [org.apache.hadoop.util.JvmPauseMonitor$Monitor@571bf59] INFO  util.JvmPauseMonitor (JvmPauseMonitor.java:run(188)) - Starting JVM pause monitor
2019-08-27 19:04:26,098 [main] INFO  ozone.HddsDatanodeService (HddsDatanodeService.java:start(184)) - HddsDatanodeService host:pr-hdds-738-k2b25-1829472937 ip:192.168.5.191
2019-08-27 19:04:26,098 [Datanode State Machine Thread - 0] INFO  datanode.InitDatanodeState (InitDatanodeState.java:persistContainerDatanodeDetails(140)) - DatanodeDetails is persisted to /workdir/hadoop-ozone/integration-test/target/test-dir/MiniOzoneClusterImpl-599e46d8-0e9a-4b65-aec3-4904bd77efd2/datanode-1/meta/datanode.id
2019-08-27 19:04:26,104 [main] INFO  volume.HddsVolume (HddsVolume.java:<init>(176)) - Creating Volume: /workdir/hadoop-ozone/integration-test/target/test-dir/MiniOzoneClusterImpl-599e46d8-0e9a-4b65-aec3-4904bd77efd2/datanode-2/data/containers/hdds of  storage type : DISK and capacity : 1482555576320
2019-08-27 19:04:26,104 [main] INFO  volume.VolumeSet (VolumeSet.java:initializeVolumeSet(170)) - Added Volume : /workdir/hadoop-ozone/integration-test/target/test-dir/MiniOzoneClusterImpl-599e46d8-0e9a-4b65-aec3-4904bd77efd2/datanode-2/data/containers/hdds to VolumeSet
2019-08-27 19:04:26,104 [main] INFO  volume.ThrottledAsyncChecker (ThrottledAsyncChecker.java:schedule(140)) - Scheduling a check for org.apache.hadoop.ozone.container.common.volume.HddsVolume@65f40689
2019-08-27 19:04:26,105 [main] INFO  volume.HddsVolumeChecker (HddsVolumeChecker.java:checkAllVolumes(203)) - Scheduled health check for volume org.apache.hadoop.ozone.container.common.volume.HddsVolume@65f40689
2019-08-27 19:04:26,122 [main] INFO  impl.RaftServerProxy (ConfUtils.java:logGet(43)) - raft.rpc.type = GRPC (default)
2019-08-27 19:04:26,123 [main] INFO  grpc.GrpcFactory (GrpcFactory.java:checkPooledByteBufAllocatorUseCacheForAllThreads(45)) - PERFORMANCE WARNING: useCacheForAllThreads is true that may cause Netty to create a lot garbage objects and, as a result, trigger GC.
	It is recommended to disable useCacheForAllThreads by setting -Dorg.apache.ratis.thirdparty.io.netty.allocator.useCacheForAllThreads=false in command line.
2019-08-27 19:04:26,123 [main] INFO  grpc.GrpcConfigKeys$Server (ConfUtils.java:logGet(43)) - raft.grpc.server.port = 0 (default)
2019-08-27 19:04:26,123 [main] INFO  server.GrpcService (ConfUtils.java:logGet(43)) - raft.grpc.message.size.max = 33570816 (custom)
2019-08-27 19:04:26,123 [main] INFO  server.RaftServerConfigKeys (ConfUtils.java:logGet(43)) - raft.server.log.appender.buffer.byte-limit = 33554432 (custom)
2019-08-27 19:04:26,124 [main] INFO  server.GrpcService (ConfUtils.java:logGet(43)) - raft.grpc.flow.control.window = 1MB (=1048576) (default)
2019-08-27 19:04:26,124 [main] INFO  server.RaftServerConfigKeys (ConfUtils.java:logGet(43)) - raft.server.rpc.request.timeout = 3000ms (default)
2019-08-27 19:04:26,124 [main] INFO  server.RaftServerConfigKeys (ConfUtils.java:logGet(43)) - raft.server.storage.dir = [/workdir/hadoop-ozone/integration-test/target/test-dir/MiniOzoneClusterImpl-599e46d8-0e9a-4b65-aec3-4904bd77efd2/datanode-2/data/ratis] (custom)
2019-08-27 19:04:26,125 [main] INFO  replication.SimpleContainerDownloader (SimpleContainerDownloader.java:<init>(72)) - Starting container downloader service to copy containers to replicate.
2019-08-27 19:04:26,126 [main] INFO  hdfs.DFSUtil (DFSUtil.java:httpServerTemplateForNNAndJN(1641)) - Starting Web-server for hddsDatanode at: http://0.0.0.0:0
2019-08-27 19:04:26,127 [main] INFO  server.AuthenticationFilter (AuthenticationFilter.java:constructSecretProvider(240)) - Unable to initialize FileSignerSecretProvider, falling back to use random secrets.
2019-08-27 19:04:26,128 [main] WARN  http.HttpRequestLog (HttpRequestLog.java:getRequestLog(97)) - Jetty request log can only be enabled using Log4j
2019-08-27 19:04:26,129 [main] INFO  http.HttpServer2 (HttpServer2.java:addGlobalFilter(975)) - Added global filter 'safety' (class=org.apache.hadoop.http.HttpServer2$QuotingInputFilter)
2019-08-27 19:04:26,130 [main] INFO  http.HttpServer2 (HttpServer2.java:addFilter(948)) - Added filter static_user_filter (class=org.apache.hadoop.http.lib.StaticUserWebFilter$StaticUserFilter) to context hddsDatanode
2019-08-27 19:04:26,130 [main] INFO  http.HttpServer2 (HttpServer2.java:addFilter(958)) - Added filter static_user_filter (class=org.apache.hadoop.http.lib.StaticUserWebFilter$StaticUserFilter) to context logs
2019-08-27 19:04:26,130 [main] INFO  http.HttpServer2 (HttpServer2.java:addFilter(958)) - Added filter static_user_filter (class=org.apache.hadoop.http.lib.StaticUserWebFilter$StaticUserFilter) to context static
2019-08-27 19:04:26,131 [main] INFO  http.HttpServer2 (HttpServer2.java:bindListener(1191)) - Jetty bound to port 37596
2019-08-27 19:04:26,131 [main] INFO  server.Server (Server.java:doStart(351)) - jetty-9.3.24.v20180605, build timestamp: 2018-06-05T17:11:56Z, git hash: 84205aa28f11a4f31f2a3b86d1bba2cc8ab69827
2019-08-27 19:04:26,132 [main] INFO  handler.ContextHandler (ContextHandler.java:doStart(781)) - Started o.e.j.s.ServletContextHandler@2703d91{/logs,file:///workdir/hadoop-ozone/integration-test/target/log,AVAILABLE}
2019-08-27 19:04:26,133 [main] INFO  handler.ContextHandler (ContextHandler.java:doStart(781)) - Started o.e.j.s.ServletContextHandler@2007435e{/static,jar:file:/home/user/.m2/repository/org/apache/hadoop/hadoop-hdds-container-service/0.5.0-SNAPSHOT/hadoop-hdds-container-service-0.5.0-SNAPSHOT.jar!/webapps/static,AVAILABLE}
2019-08-27 19:04:26,160 [main] INFO  handler.ContextHandler (ContextHandler.java:doStart(781)) - Started o.e.j.w.WebAppContext@1cd43562{/,file:///tmp/jetty-0.0.0.0-37596-hddsDatanode-_-any-1537006409348273220.dir/webapp/,AVAILABLE}{/hddsDatanode}
2019-08-27 19:04:26,161 [main] INFO  server.AbstractConnector (AbstractConnector.java:doStart(278)) - Started ServerConnector@59939293{HTTP/1.1,[http/1.1]}{0.0.0.0:37596}
2019-08-27 19:04:26,162 [main] INFO  server.Server (Server.java:doStart(419)) - Started @44590ms
2019-08-27 19:04:26,163 [main] INFO  server.BaseHttpServer (BaseHttpServer.java:updateConnectorAddress(213)) - HTTP server of HDDSDATANODE is listening at http://0.0.0.0:37596
2019-08-27 19:04:26,163 [main] INFO  impl.MetricsSystemImpl (MetricsSystemImpl.java:init(158)) - HddsDatanode metrics system started (again)
2019-08-27 19:04:26,167 [main] INFO  ozone.HddsDatanodeService (HddsDatanodeService.java:start(184)) - HddsDatanodeService host:pr-hdds-738-k2b25-1829472937 ip:192.168.5.191
2019-08-27 19:04:26,167 [org.apache.hadoop.util.JvmPauseMonitor$Monitor@50b9b477] INFO  util.JvmPauseMonitor (JvmPauseMonitor.java:run(188)) - Starting JVM pause monitor
2019-08-27 19:04:26,168 [Datanode State Machine Thread - 0] INFO  datanode.InitDatanodeState (InitDatanodeState.java:persistContainerDatanodeDetails(140)) - DatanodeDetails is persisted to /workdir/hadoop-ozone/integration-test/target/test-dir/MiniOzoneClusterImpl-599e46d8-0e9a-4b65-aec3-4904bd77efd2/datanode-2/meta/datanode.id
2019-08-27 19:04:26,172 [main] INFO  volume.HddsVolume (HddsVolume.java:<init>(176)) - Creating Volume: /workdir/hadoop-ozone/integration-test/target/test-dir/MiniOzoneClusterImpl-599e46d8-0e9a-4b65-aec3-4904bd77efd2/datanode-3/data/containers/hdds of  storage type : DISK and capacity : 1482555576320
2019-08-27 19:04:26,173 [main] INFO  volume.VolumeSet (VolumeSet.java:initializeVolumeSet(170)) - Added Volume : /workdir/hadoop-ozone/integration-test/target/test-dir/MiniOzoneClusterImpl-599e46d8-0e9a-4b65-aec3-4904bd77efd2/datanode-3/data/containers/hdds to VolumeSet
2019-08-27 19:04:26,173 [main] INFO  volume.ThrottledAsyncChecker (ThrottledAsyncChecker.java:schedule(140)) - Scheduling a check for org.apache.hadoop.ozone.container.common.volume.HddsVolume@57ddd45b
2019-08-27 19:04:26,173 [main] INFO  volume.HddsVolumeChecker (HddsVolumeChecker.java:checkAllVolumes(203)) - Scheduled health check for volume org.apache.hadoop.ozone.container.common.volume.HddsVolume@57ddd45b
2019-08-27 19:04:26,186 [main] INFO  impl.RaftServerProxy (ConfUtils.java:logGet(43)) - raft.rpc.type = GRPC (default)
2019-08-27 19:04:26,186 [main] INFO  grpc.GrpcFactory (GrpcFactory.java:checkPooledByteBufAllocatorUseCacheForAllThreads(45)) - PERFORMANCE WARNING: useCacheForAllThreads is true that may cause Netty to create a lot garbage objects and, as a result, trigger GC.
	It is recommended to disable useCacheForAllThreads by setting -Dorg.apache.ratis.thirdparty.io.netty.allocator.useCacheForAllThreads=false in command line.
2019-08-27 19:04:26,186 [main] INFO  grpc.GrpcConfigKeys$Server (ConfUtils.java:logGet(43)) - raft.grpc.server.port = 0 (default)
2019-08-27 19:04:26,187 [main] INFO  server.GrpcService (ConfUtils.java:logGet(43)) - raft.grpc.message.size.max = 33570816 (custom)
2019-08-27 19:04:26,187 [main] INFO  server.RaftServerConfigKeys (ConfUtils.java:logGet(43)) - raft.server.log.appender.buffer.byte-limit = 33554432 (custom)
2019-08-27 19:04:26,187 [main] INFO  server.GrpcService (ConfUtils.java:logGet(43)) - raft.grpc.flow.control.window = 1MB (=1048576) (default)
2019-08-27 19:04:26,187 [main] INFO  server.RaftServerConfigKeys (ConfUtils.java:logGet(43)) - raft.server.rpc.request.timeout = 3000ms (default)
2019-08-27 19:04:26,188 [main] INFO  server.RaftServerConfigKeys (ConfUtils.java:logGet(43)) - raft.server.storage.dir = [/workdir/hadoop-ozone/integration-test/target/test-dir/MiniOzoneClusterImpl-599e46d8-0e9a-4b65-aec3-4904bd77efd2/datanode-3/data/ratis] (custom)
2019-08-27 19:04:26,188 [main] INFO  replication.SimpleContainerDownloader (SimpleContainerDownloader.java:<init>(72)) - Starting container downloader service to copy containers to replicate.
2019-08-27 19:04:26,189 [main] INFO  hdfs.DFSUtil (DFSUtil.java:httpServerTemplateForNNAndJN(1641)) - Starting Web-server for hddsDatanode at: http://0.0.0.0:0
2019-08-27 19:04:26,191 [main] INFO  server.AuthenticationFilter (AuthenticationFilter.java:constructSecretProvider(240)) - Unable to initialize FileSignerSecretProvider, falling back to use random secrets.
2019-08-27 19:04:26,191 [main] WARN  http.HttpRequestLog (HttpRequestLog.java:getRequestLog(97)) - Jetty request log can only be enabled using Log4j
2019-08-27 19:04:26,192 [main] INFO  http.HttpServer2 (HttpServer2.java:addGlobalFilter(975)) - Added global filter 'safety' (class=org.apache.hadoop.http.HttpServer2$QuotingInputFilter)
2019-08-27 19:04:26,193 [main] INFO  http.HttpServer2 (HttpServer2.java:addFilter(948)) - Added filter static_user_filter (class=org.apache.hadoop.http.lib.StaticUserWebFilter$StaticUserFilter) to context hddsDatanode
2019-08-27 19:04:26,193 [main] INFO  http.HttpServer2 (HttpServer2.java:addFilter(958)) - Added filter static_user_filter (class=org.apache.hadoop.http.lib.StaticUserWebFilter$StaticUserFilter) to context static
2019-08-27 19:04:26,193 [main] INFO  http.HttpServer2 (HttpServer2.java:addFilter(958)) - Added filter static_user_filter (class=org.apache.hadoop.http.lib.StaticUserWebFilter$StaticUserFilter) to context logs
2019-08-27 19:04:26,194 [main] INFO  http.HttpServer2 (HttpServer2.java:bindListener(1191)) - Jetty bound to port 35181
2019-08-27 19:04:26,194 [main] INFO  server.Server (Server.java:doStart(351)) - jetty-9.3.24.v20180605, build timestamp: 2018-06-05T17:11:56Z, git hash: 84205aa28f11a4f31f2a3b86d1bba2cc8ab69827
2019-08-27 19:04:26,196 [main] INFO  handler.ContextHandler (ContextHandler.java:doStart(781)) - Started o.e.j.s.ServletContextHandler@3fa7df1{/logs,file:///workdir/hadoop-ozone/integration-test/target/log,AVAILABLE}
2019-08-27 19:04:26,196 [main] INFO  handler.ContextHandler (ContextHandler.java:doStart(781)) - Started o.e.j.s.ServletContextHandler@52227eb2{/static,jar:file:/home/user/.m2/repository/org/apache/hadoop/hadoop-hdds-container-service/0.5.0-SNAPSHOT/hadoop-hdds-container-service-0.5.0-SNAPSHOT.jar!/webapps/static,AVAILABLE}
2019-08-27 19:04:26,224 [main] INFO  handler.ContextHandler (ContextHandler.java:doStart(781)) - Started o.e.j.w.WebAppContext@2ed71727{/,file:///tmp/jetty-0.0.0.0-35181-hddsDatanode-_-any-4500342078607615456.dir/webapp/,AVAILABLE}{/hddsDatanode}
2019-08-27 19:04:26,225 [main] INFO  server.AbstractConnector (AbstractConnector.java:doStart(278)) - Started ServerConnector@5261ec9{HTTP/1.1,[http/1.1]}{0.0.0.0:35181}
2019-08-27 19:04:26,226 [main] INFO  server.Server (Server.java:doStart(419)) - Started @44654ms
2019-08-27 19:04:26,227 [main] INFO  server.BaseHttpServer (BaseHttpServer.java:updateConnectorAddress(213)) - HTTP server of HDDSDATANODE is listening at http://0.0.0.0:35181
2019-08-27 19:04:26,227 [main] INFO  impl.MetricsSystemImpl (MetricsSystemImpl.java:init(158)) - HddsDatanode metrics system started (again)
2019-08-27 19:04:26,230 [org.apache.hadoop.util.JvmPauseMonitor$Monitor@4ae6a58b] INFO  util.JvmPauseMonitor (JvmPauseMonitor.java:run(188)) - Starting JVM pause monitor
2019-08-27 19:04:26,231 [main] INFO  ozone.HddsDatanodeService (HddsDatanodeService.java:start(184)) - HddsDatanodeService host:pr-hdds-738-k2b25-1829472937 ip:192.168.5.191
2019-08-27 19:04:26,232 [Datanode State Machine Thread - 0] INFO  datanode.InitDatanodeState (InitDatanodeState.java:persistContainerDatanodeDetails(140)) - DatanodeDetails is persisted to /workdir/hadoop-ozone/integration-test/target/test-dir/MiniOzoneClusterImpl-599e46d8-0e9a-4b65-aec3-4904bd77efd2/datanode-3/meta/datanode.id
2019-08-27 19:04:26,236 [main] INFO  volume.HddsVolume (HddsVolume.java:<init>(176)) - Creating Volume: /workdir/hadoop-ozone/integration-test/target/test-dir/MiniOzoneClusterImpl-599e46d8-0e9a-4b65-aec3-4904bd77efd2/datanode-4/data/containers/hdds of  storage type : DISK and capacity : 1482555576320
2019-08-27 19:04:26,237 [main] INFO  volume.VolumeSet (VolumeSet.java:initializeVolumeSet(170)) - Added Volume : /workdir/hadoop-ozone/integration-test/target/test-dir/MiniOzoneClusterImpl-599e46d8-0e9a-4b65-aec3-4904bd77efd2/datanode-4/data/containers/hdds to VolumeSet
2019-08-27 19:04:26,237 [main] INFO  volume.ThrottledAsyncChecker (ThrottledAsyncChecker.java:schedule(140)) - Scheduling a check for org.apache.hadoop.ozone.container.common.volume.HddsVolume@1290ed28
2019-08-27 19:04:26,237 [main] INFO  volume.HddsVolumeChecker (HddsVolumeChecker.java:checkAllVolumes(203)) - Scheduled health check for volume org.apache.hadoop.ozone.container.common.volume.HddsVolume@1290ed28
2019-08-27 19:04:26,251 [main] INFO  impl.RaftServerProxy (ConfUtils.java:logGet(43)) - raft.rpc.type = GRPC (default)
2019-08-27 19:04:26,251 [main] INFO  grpc.GrpcFactory (GrpcFactory.java:checkPooledByteBufAllocatorUseCacheForAllThreads(45)) - PERFORMANCE WARNING: useCacheForAllThreads is true that may cause Netty to create a lot garbage objects and, as a result, trigger GC.
	It is recommended to disable useCacheForAllThreads by setting -Dorg.apache.ratis.thirdparty.io.netty.allocator.useCacheForAllThreads=false in command line.
2019-08-27 19:04:26,251 [main] INFO  grpc.GrpcConfigKeys$Server (ConfUtils.java:logGet(43)) - raft.grpc.server.port = 0 (default)
2019-08-27 19:04:26,252 [main] INFO  server.GrpcService (ConfUtils.java:logGet(43)) - raft.grpc.message.size.max = 33570816 (custom)
2019-08-27 19:04:26,252 [main] INFO  server.RaftServerConfigKeys (ConfUtils.java:logGet(43)) - raft.server.log.appender.buffer.byte-limit = 33554432 (custom)
2019-08-27 19:04:26,252 [main] INFO  server.GrpcService (ConfUtils.java:logGet(43)) - raft.grpc.flow.control.window = 1MB (=1048576) (default)
2019-08-27 19:04:26,252 [main] INFO  server.RaftServerConfigKeys (ConfUtils.java:logGet(43)) - raft.server.rpc.request.timeout = 3000ms (default)
2019-08-27 19:04:26,253 [main] INFO  server.RaftServerConfigKeys (ConfUtils.java:logGet(43)) - raft.server.storage.dir = [/workdir/hadoop-ozone/integration-test/target/test-dir/MiniOzoneClusterImpl-599e46d8-0e9a-4b65-aec3-4904bd77efd2/datanode-4/data/ratis] (custom)
2019-08-27 19:04:26,253 [main] INFO  replication.SimpleContainerDownloader (SimpleContainerDownloader.java:<init>(72)) - Starting container downloader service to copy containers to replicate.
2019-08-27 19:04:26,254 [main] INFO  hdfs.DFSUtil (DFSUtil.java:httpServerTemplateForNNAndJN(1641)) - Starting Web-server for hddsDatanode at: http://0.0.0.0:0
2019-08-27 19:04:26,256 [main] INFO  server.AuthenticationFilter (AuthenticationFilter.java:constructSecretProvider(240)) - Unable to initialize FileSignerSecretProvider, falling back to use random secrets.
2019-08-27 19:04:26,256 [main] WARN  http.HttpRequestLog (HttpRequestLog.java:getRequestLog(97)) - Jetty request log can only be enabled using Log4j
2019-08-27 19:04:26,257 [main] INFO  http.HttpServer2 (HttpServer2.java:addGlobalFilter(975)) - Added global filter 'safety' (class=org.apache.hadoop.http.HttpServer2$QuotingInputFilter)
2019-08-27 19:04:26,258 [main] INFO  http.HttpServer2 (HttpServer2.java:addFilter(948)) - Added filter static_user_filter (class=org.apache.hadoop.http.lib.StaticUserWebFilter$StaticUserFilter) to context hddsDatanode
2019-08-27 19:04:26,258 [main] INFO  http.HttpServer2 (HttpServer2.java:addFilter(958)) - Added filter static_user_filter (class=org.apache.hadoop.http.lib.StaticUserWebFilter$StaticUserFilter) to context static
2019-08-27 19:04:26,259 [main] INFO  http.HttpServer2 (HttpServer2.java:addFilter(958)) - Added filter static_user_filter (class=org.apache.hadoop.http.lib.StaticUserWebFilter$StaticUserFilter) to context logs
2019-08-27 19:04:26,259 [main] INFO  http.HttpServer2 (HttpServer2.java:bindListener(1191)) - Jetty bound to port 44126
2019-08-27 19:04:26,259 [main] INFO  server.Server (Server.java:doStart(351)) - jetty-9.3.24.v20180605, build timestamp: 2018-06-05T17:11:56Z, git hash: 84205aa28f11a4f31f2a3b86d1bba2cc8ab69827
2019-08-27 19:04:26,261 [main] INFO  handler.ContextHandler (ContextHandler.java:doStart(781)) - Started o.e.j.s.ServletContextHandler@3d9f5016{/logs,file:///workdir/hadoop-ozone/integration-test/target/log,AVAILABLE}
2019-08-27 19:04:26,262 [main] INFO  handler.ContextHandler (ContextHandler.java:doStart(781)) - Started o.e.j.s.ServletContextHandler@3878be7b{/static,jar:file:/home/user/.m2/repository/org/apache/hadoop/hadoop-hdds-container-service/0.5.0-SNAPSHOT/hadoop-hdds-container-service-0.5.0-SNAPSHOT.jar!/webapps/static,AVAILABLE}
2019-08-27 19:04:26,290 [main] INFO  handler.ContextHandler (ContextHandler.java:doStart(781)) - Started o.e.j.w.WebAppContext@5f59ea8c{/,file:///tmp/jetty-0.0.0.0-44126-hddsDatanode-_-any-745034297597938576.dir/webapp/,AVAILABLE}{/hddsDatanode}
2019-08-27 19:04:26,291 [main] INFO  server.AbstractConnector (AbstractConnector.java:doStart(278)) - Started ServerConnector@7b2ccba5{HTTP/1.1,[http/1.1]}{0.0.0.0:44126}
2019-08-27 19:04:26,292 [main] INFO  server.Server (Server.java:doStart(419)) - Started @44720ms
2019-08-27 19:04:26,293 [main] INFO  server.BaseHttpServer (BaseHttpServer.java:updateConnectorAddress(213)) - HTTP server of HDDSDATANODE is listening at http://0.0.0.0:44126
2019-08-27 19:04:26,293 [main] INFO  impl.MetricsSystemImpl (MetricsSystemImpl.java:init(158)) - HddsDatanode metrics system started (again)
2019-08-27 19:04:26,297 [org.apache.hadoop.util.JvmPauseMonitor$Monitor@206c3bab] INFO  util.JvmPauseMonitor (JvmPauseMonitor.java:run(188)) - Starting JVM pause monitor
2019-08-27 19:04:26,298 [main] INFO  ozone.HddsDatanodeService (HddsDatanodeService.java:start(184)) - HddsDatanodeService host:pr-hdds-738-k2b25-1829472937 ip:192.168.5.191
2019-08-27 19:04:26,299 [Datanode State Machine Thread - 0] INFO  datanode.InitDatanodeState (InitDatanodeState.java:persistContainerDatanodeDetails(140)) - DatanodeDetails is persisted to /workdir/hadoop-ozone/integration-test/target/test-dir/MiniOzoneClusterImpl-599e46d8-0e9a-4b65-aec3-4904bd77efd2/datanode-4/meta/datanode.id
2019-08-27 19:04:26,303 [main] INFO  volume.HddsVolume (HddsVolume.java:<init>(176)) - Creating Volume: /workdir/hadoop-ozone/integration-test/target/test-dir/MiniOzoneClusterImpl-599e46d8-0e9a-4b65-aec3-4904bd77efd2/datanode-5/data/containers/hdds of  storage type : DISK and capacity : 1482555576320
2019-08-27 19:04:26,304 [main] INFO  volume.VolumeSet (VolumeSet.java:initializeVolumeSet(170)) - Added Volume : /workdir/hadoop-ozone/integration-test/target/test-dir/MiniOzoneClusterImpl-599e46d8-0e9a-4b65-aec3-4904bd77efd2/datanode-5/data/containers/hdds to VolumeSet
2019-08-27 19:04:26,304 [main] INFO  volume.ThrottledAsyncChecker (ThrottledAsyncChecker.java:schedule(140)) - Scheduling a check for org.apache.hadoop.ozone.container.common.volume.HddsVolume@3453acd2
2019-08-27 19:04:26,304 [main] INFO  volume.HddsVolumeChecker (HddsVolumeChecker.java:checkAllVolumes(203)) - Scheduled health check for volume org.apache.hadoop.ozone.container.common.volume.HddsVolume@3453acd2
2019-08-27 19:04:26,321 [main] INFO  impl.RaftServerProxy (ConfUtils.java:logGet(43)) - raft.rpc.type = GRPC (default)
2019-08-27 19:04:26,321 [main] INFO  grpc.GrpcFactory (GrpcFactory.java:checkPooledByteBufAllocatorUseCacheForAllThreads(45)) - PERFORMANCE WARNING: useCacheForAllThreads is true that may cause Netty to create a lot garbage objects and, as a result, trigger GC.
	It is recommended to disable useCacheForAllThreads by setting -Dorg.apache.ratis.thirdparty.io.netty.allocator.useCacheForAllThreads=false in command line.
2019-08-27 19:04:26,321 [main] INFO  grpc.GrpcConfigKeys$Server (ConfUtils.java:logGet(43)) - raft.grpc.server.port = 0 (default)
2019-08-27 19:04:26,322 [main] INFO  server.GrpcService (ConfUtils.java:logGet(43)) - raft.grpc.message.size.max = 33570816 (custom)
2019-08-27 19:04:26,322 [main] INFO  server.RaftServerConfigKeys (ConfUtils.java:logGet(43)) - raft.server.log.appender.buffer.byte-limit = 33554432 (custom)
2019-08-27 19:04:26,322 [main] INFO  server.GrpcService (ConfUtils.java:logGet(43)) - raft.grpc.flow.control.window = 1MB (=1048576) (default)
2019-08-27 19:04:26,322 [main] INFO  server.RaftServerConfigKeys (ConfUtils.java:logGet(43)) - raft.server.rpc.request.timeout = 3000ms (default)
2019-08-27 19:04:26,323 [main] INFO  server.RaftServerConfigKeys (ConfUtils.java:logGet(43)) - raft.server.storage.dir = [/workdir/hadoop-ozone/integration-test/target/test-dir/MiniOzoneClusterImpl-599e46d8-0e9a-4b65-aec3-4904bd77efd2/datanode-5/data/ratis] (custom)
2019-08-27 19:04:26,323 [main] INFO  replication.SimpleContainerDownloader (SimpleContainerDownloader.java:<init>(72)) - Starting container downloader service to copy containers to replicate.
2019-08-27 19:04:26,324 [main] INFO  hdfs.DFSUtil (DFSUtil.java:httpServerTemplateForNNAndJN(1641)) - Starting Web-server for hddsDatanode at: http://0.0.0.0:0
2019-08-27 19:04:26,325 [main] INFO  server.AuthenticationFilter (AuthenticationFilter.java:constructSecretProvider(240)) - Unable to initialize FileSignerSecretProvider, falling back to use random secrets.
2019-08-27 19:04:26,326 [main] WARN  http.HttpRequestLog (HttpRequestLog.java:getRequestLog(97)) - Jetty request log can only be enabled using Log4j
2019-08-27 19:04:26,327 [main] INFO  http.HttpServer2 (HttpServer2.java:addGlobalFilter(975)) - Added global filter 'safety' (class=org.apache.hadoop.http.HttpServer2$QuotingInputFilter)
2019-08-27 19:04:26,328 [main] INFO  http.HttpServer2 (HttpServer2.java:addFilter(948)) - Added filter static_user_filter (class=org.apache.hadoop.http.lib.StaticUserWebFilter$StaticUserFilter) to context hddsDatanode
2019-08-27 19:04:26,328 [main] INFO  http.HttpServer2 (HttpServer2.java:addFilter(958)) - Added filter static_user_filter (class=org.apache.hadoop.http.lib.StaticUserWebFilter$StaticUserFilter) to context static
2019-08-27 19:04:26,328 [main] INFO  http.HttpServer2 (HttpServer2.java:addFilter(958)) - Added filter static_user_filter (class=org.apache.hadoop.http.lib.StaticUserWebFilter$StaticUserFilter) to context logs
2019-08-27 19:04:26,329 [main] INFO  http.HttpServer2 (HttpServer2.java:bindListener(1191)) - Jetty bound to port 45064
2019-08-27 19:04:26,329 [main] INFO  server.Server (Server.java:doStart(351)) - jetty-9.3.24.v20180605, build timestamp: 2018-06-05T17:11:56Z, git hash: 84205aa28f11a4f31f2a3b86d1bba2cc8ab69827
2019-08-27 19:04:26,330 [main] INFO  handler.ContextHandler (ContextHandler.java:doStart(781)) - Started o.e.j.s.ServletContextHandler@1b482cbf{/logs,file:///workdir/hadoop-ozone/integration-test/target/log,AVAILABLE}
2019-08-27 19:04:26,331 [main] INFO  handler.ContextHandler (ContextHandler.java:doStart(781)) - Started o.e.j.s.ServletContextHandler@7161457{/static,jar:file:/home/user/.m2/repository/org/apache/hadoop/hadoop-hdds-container-service/0.5.0-SNAPSHOT/hadoop-hdds-container-service-0.5.0-SNAPSHOT.jar!/webapps/static,AVAILABLE}
2019-08-27 19:04:26,358 [main] INFO  handler.ContextHandler (ContextHandler.java:doStart(781)) - Started o.e.j.w.WebAppContext@4b1ec694{/,file:///tmp/jetty-0.0.0.0-45064-hddsDatanode-_-any-4962205795606028629.dir/webapp/,AVAILABLE}{/hddsDatanode}
2019-08-27 19:04:26,358 [main] INFO  server.AbstractConnector (AbstractConnector.java:doStart(278)) - Started ServerConnector@3d299393{HTTP/1.1,[http/1.1]}{0.0.0.0:45064}
2019-08-27 19:04:26,360 [main] INFO  server.Server (Server.java:doStart(419)) - Started @44787ms
2019-08-27 19:04:26,361 [main] INFO  server.BaseHttpServer (BaseHttpServer.java:updateConnectorAddress(213)) - HTTP server of HDDSDATANODE is listening at http://0.0.0.0:45064
2019-08-27 19:04:26,361 [main] INFO  impl.MetricsSystemImpl (MetricsSystemImpl.java:init(158)) - HddsDatanode metrics system started (again)
2019-08-27 19:04:26,366 [main] INFO  ozone.HddsDatanodeService (HddsDatanodeService.java:start(184)) - HddsDatanodeService host:pr-hdds-738-k2b25-1829472937 ip:192.168.5.191
2019-08-27 19:04:26,366 [org.apache.hadoop.util.JvmPauseMonitor$Monitor@19f3c8bd] INFO  util.JvmPauseMonitor (JvmPauseMonitor.java:run(188)) - Starting JVM pause monitor
2019-08-27 19:04:26,367 [Datanode State Machine Thread - 0] INFO  datanode.InitDatanodeState (InitDatanodeState.java:persistContainerDatanodeDetails(140)) - DatanodeDetails is persisted to /workdir/hadoop-ozone/integration-test/target/test-dir/MiniOzoneClusterImpl-599e46d8-0e9a-4b65-aec3-4904bd77efd2/datanode-5/meta/datanode.id
2019-08-27 19:04:26,371 [main] INFO  volume.HddsVolume (HddsVolume.java:<init>(176)) - Creating Volume: /workdir/hadoop-ozone/integration-test/target/test-dir/MiniOzoneClusterImpl-599e46d8-0e9a-4b65-aec3-4904bd77efd2/datanode-6/data/containers/hdds of  storage type : DISK and capacity : 1482555576320
2019-08-27 19:04:26,372 [main] INFO  volume.VolumeSet (VolumeSet.java:initializeVolumeSet(170)) - Added Volume : /workdir/hadoop-ozone/integration-test/target/test-dir/MiniOzoneClusterImpl-599e46d8-0e9a-4b65-aec3-4904bd77efd2/datanode-6/data/containers/hdds to VolumeSet
2019-08-27 19:04:26,372 [main] INFO  volume.ThrottledAsyncChecker (ThrottledAsyncChecker.java:schedule(140)) - Scheduling a check for org.apache.hadoop.ozone.container.common.volume.HddsVolume@1526f71
2019-08-27 19:04:26,372 [main] INFO  volume.HddsVolumeChecker (HddsVolumeChecker.java:checkAllVolumes(203)) - Scheduled health check for volume org.apache.hadoop.ozone.container.common.volume.HddsVolume@1526f71
2019-08-27 19:04:26,390 [main] INFO  impl.RaftServerProxy (ConfUtils.java:logGet(43)) - raft.rpc.type = GRPC (default)
2019-08-27 19:04:26,390 [main] INFO  grpc.GrpcFactory (GrpcFactory.java:checkPooledByteBufAllocatorUseCacheForAllThreads(45)) - PERFORMANCE WARNING: useCacheForAllThreads is true that may cause Netty to create a lot garbage objects and, as a result, trigger GC.
	It is recommended to disable useCacheForAllThreads by setting -Dorg.apache.ratis.thirdparty.io.netty.allocator.useCacheForAllThreads=false in command line.
2019-08-27 19:04:26,391 [main] INFO  grpc.GrpcConfigKeys$Server (ConfUtils.java:logGet(43)) - raft.grpc.server.port = 0 (default)
2019-08-27 19:04:26,391 [main] INFO  server.GrpcService (ConfUtils.java:logGet(43)) - raft.grpc.message.size.max = 33570816 (custom)
2019-08-27 19:04:26,391 [main] INFO  server.RaftServerConfigKeys (ConfUtils.java:logGet(43)) - raft.server.log.appender.buffer.byte-limit = 33554432 (custom)
2019-08-27 19:04:26,391 [main] INFO  server.GrpcService (ConfUtils.java:logGet(43)) - raft.grpc.flow.control.window = 1MB (=1048576) (default)
2019-08-27 19:04:26,392 [main] INFO  server.RaftServerConfigKeys (ConfUtils.java:logGet(43)) - raft.server.rpc.request.timeout = 3000ms (default)
2019-08-27 19:04:26,392 [main] INFO  server.RaftServerConfigKeys (ConfUtils.java:logGet(43)) - raft.server.storage.dir = [/workdir/hadoop-ozone/integration-test/target/test-dir/MiniOzoneClusterImpl-599e46d8-0e9a-4b65-aec3-4904bd77efd2/datanode-6/data/ratis] (custom)
2019-08-27 19:04:26,393 [main] INFO  replication.SimpleContainerDownloader (SimpleContainerDownloader.java:<init>(72)) - Starting container downloader service to copy containers to replicate.
2019-08-27 19:04:26,394 [main] INFO  hdfs.DFSUtil (DFSUtil.java:httpServerTemplateForNNAndJN(1641)) - Starting Web-server for hddsDatanode at: http://0.0.0.0:0
2019-08-27 19:04:26,395 [main] INFO  server.AuthenticationFilter (AuthenticationFilter.java:constructSecretProvider(240)) - Unable to initialize FileSignerSecretProvider, falling back to use random secrets.
2019-08-27 19:04:26,395 [main] WARN  http.HttpRequestLog (HttpRequestLog.java:getRequestLog(97)) - Jetty request log can only be enabled using Log4j
2019-08-27 19:04:26,396 [main] INFO  http.HttpServer2 (HttpServer2.java:addGlobalFilter(975)) - Added global filter 'safety' (class=org.apache.hadoop.http.HttpServer2$QuotingInputFilter)
2019-08-27 19:04:26,397 [main] INFO  http.HttpServer2 (HttpServer2.java:addFilter(948)) - Added filter static_user_filter (class=org.apache.hadoop.http.lib.StaticUserWebFilter$StaticUserFilter) to context hddsDatanode
2019-08-27 19:04:26,397 [main] INFO  http.HttpServer2 (HttpServer2.java:addFilter(958)) - Added filter static_user_filter (class=org.apache.hadoop.http.lib.StaticUserWebFilter$StaticUserFilter) to context logs
2019-08-27 19:04:26,397 [main] INFO  http.HttpServer2 (HttpServer2.java:addFilter(958)) - Added filter static_user_filter (class=org.apache.hadoop.http.lib.StaticUserWebFilter$StaticUserFilter) to context static
2019-08-27 19:04:26,398 [main] INFO  http.HttpServer2 (HttpServer2.java:bindListener(1191)) - Jetty bound to port 35113
2019-08-27 19:04:26,398 [main] INFO  server.Server (Server.java:doStart(351)) - jetty-9.3.24.v20180605, build timestamp: 2018-06-05T17:11:56Z, git hash: 84205aa28f11a4f31f2a3b86d1bba2cc8ab69827
2019-08-27 19:04:26,400 [main] INFO  handler.ContextHandler (ContextHandler.java:doStart(781)) - Started o.e.j.s.ServletContextHandler@4346808{/logs,file:///workdir/hadoop-ozone/integration-test/target/log,AVAILABLE}
2019-08-27 19:04:26,400 [main] INFO  handler.ContextHandler (ContextHandler.java:doStart(781)) - Started o.e.j.s.ServletContextHandler@712ac7e6{/static,jar:file:/home/user/.m2/repository/org/apache/hadoop/hadoop-hdds-container-service/0.5.0-SNAPSHOT/hadoop-hdds-container-service-0.5.0-SNAPSHOT.jar!/webapps/static,AVAILABLE}
2019-08-27 19:04:26,426 [main] INFO  handler.ContextHandler (ContextHandler.java:doStart(781)) - Started o.e.j.w.WebAppContext@343fddd9{/,file:///tmp/jetty-0.0.0.0-35113-hddsDatanode-_-any-5931565415500689072.dir/webapp/,AVAILABLE}{/hddsDatanode}
2019-08-27 19:04:26,427 [main] INFO  server.AbstractConnector (AbstractConnector.java:doStart(278)) - Started ServerConnector@2bbb44da{HTTP/1.1,[http/1.1]}{0.0.0.0:35113}
2019-08-27 19:04:26,428 [main] INFO  server.Server (Server.java:doStart(419)) - Started @44856ms
2019-08-27 19:04:26,429 [main] INFO  server.BaseHttpServer (BaseHttpServer.java:updateConnectorAddress(213)) - HTTP server of HDDSDATANODE is listening at http://0.0.0.0:35113
2019-08-27 19:04:26,430 [main] INFO  ozone.MiniOzoneClusterImpl (MiniOzoneClusterImpl.java:lambda$waitForClusterToBeReady$0(140)) - Waiting for cluster to be ready. Got 0 of 7 DN Heartbeats.
2019-08-27 19:04:26,433 [org.apache.hadoop.util.JvmPauseMonitor$Monitor@498e3630] INFO  util.JvmPauseMonitor (JvmPauseMonitor.java:run(188)) - Starting JVM pause monitor
2019-08-27 19:04:26,435 [Datanode State Machine Thread - 0] INFO  datanode.InitDatanodeState (InitDatanodeState.java:persistContainerDatanodeDetails(140)) - DatanodeDetails is persisted to /workdir/hadoop-ozone/integration-test/target/test-dir/MiniOzoneClusterImpl-599e46d8-0e9a-4b65-aec3-4904bd77efd2/datanode-6/meta/datanode.id
2019-08-27 19:04:27,430 [main] INFO  ozone.MiniOzoneClusterImpl (MiniOzoneClusterImpl.java:lambda$waitForClusterToBeReady$0(140)) - Waiting for cluster to be ready. Got 0 of 7 DN Heartbeats.
2019-08-27 19:04:28,039 | INFO  | SCMAudit | user=jenkins1000 | ip=192.168.5.191 | op=GET_VERSION null | ret=SUCCESS |  
2019-08-27 19:04:28,058 [Datanode State Machine Thread - 0] INFO  ozoneimpl.OzoneContainer (OzoneContainer.java:start(186)) - Attempting to start container services.
2019-08-27 19:04:28,061 [Datanode State Machine Thread - 0] INFO  ozoneimpl.OzoneContainer (OzoneContainer.java:startContainerScrub(160)) - Background container scrubber has been disabled by hdds.containerscrub.enabled
2019-08-27 19:04:28,062 [Datanode State Machine Thread - 0] INFO  ratis.XceiverServerRatis (XceiverServerRatis.java:start(404)) - Starting XceiverServerRatis 7ffeb123-8a07-43fc-9bc5-d9b026895606 at port 0
2019-08-27 19:04:28,068 [Datanode State Machine Thread - 0] INFO  impl.RaftServerProxy (RaftServerProxy.java:lambda$start$3(299)) - 7ffeb123-8a07-43fc-9bc5-d9b026895606: start RPC server
2019-08-27 19:04:28,070 [Datanode State Machine Thread - 0] INFO  server.GrpcService (GrpcService.java:startImpl(149)) - 7ffeb123-8a07-43fc-9bc5-d9b026895606: GrpcService started, listening on 0.0.0.0/0.0.0.0:43880
2019-08-27 19:04:28,070 [Datanode State Machine Thread - 0] INFO  ratis.XceiverServerRatis (XceiverServerRatis.java:start(414)) - XceiverServerRatis 7ffeb123-8a07-43fc-9bc5-d9b026895606 is started using port 43880
2019-08-27 19:04:28,071 [Datanode State Machine Thread - 0] INFO  server.XceiverServerGrpc (XceiverServerGrpc.java:start(161)) - XceiverServerGrpc 7ffeb123-8a07-43fc-9bc5-d9b026895606 is started using port 41609
2019-08-27 19:04:28,098 | INFO  | SCMAudit | user=jenkins1000 | ip=192.168.5.191 | op=GET_VERSION null | ret=SUCCESS |  
2019-08-27 19:04:28,113 [Datanode State Machine Thread - 0] INFO  ozoneimpl.OzoneContainer (OzoneContainer.java:start(186)) - Attempting to start container services.
2019-08-27 19:04:28,116 [Datanode State Machine Thread - 0] INFO  ozoneimpl.OzoneContainer (OzoneContainer.java:startContainerScrub(160)) - Background container scrubber has been disabled by hdds.containerscrub.enabled
2019-08-27 19:04:28,116 [Datanode State Machine Thread - 0] INFO  ratis.XceiverServerRatis (XceiverServerRatis.java:start(404)) - Starting XceiverServerRatis 38f28178-96e9-481f-bed8-cfb19f684f50 at port 0
2019-08-27 19:04:28,122 [Datanode State Machine Thread - 0] INFO  impl.RaftServerProxy (RaftServerProxy.java:lambda$start$3(299)) - 38f28178-96e9-481f-bed8-cfb19f684f50: start RPC server
2019-08-27 19:04:28,123 [Datanode State Machine Thread - 0] INFO  server.GrpcService (GrpcService.java:startImpl(149)) - 38f28178-96e9-481f-bed8-cfb19f684f50: GrpcService started, listening on 0.0.0.0/0.0.0.0:43946
2019-08-27 19:04:28,123 [Datanode State Machine Thread - 0] INFO  ratis.XceiverServerRatis (XceiverServerRatis.java:start(414)) - XceiverServerRatis 38f28178-96e9-481f-bed8-cfb19f684f50 is started using port 43946
2019-08-27 19:04:28,124 [Datanode State Machine Thread - 0] INFO  server.XceiverServerGrpc (XceiverServerGrpc.java:start(161)) - XceiverServerGrpc 38f28178-96e9-481f-bed8-cfb19f684f50 is started using port 34270
2019-08-27 19:04:28,168 | INFO  | SCMAudit | user=jenkins1000 | ip=192.168.5.191 | op=GET_VERSION null | ret=SUCCESS |  
2019-08-27 19:04:28,182 [Datanode State Machine Thread - 0] INFO  ozoneimpl.OzoneContainer (OzoneContainer.java:start(186)) - Attempting to start container services.
2019-08-27 19:04:28,187 [Datanode State Machine Thread - 0] INFO  ozoneimpl.OzoneContainer (OzoneContainer.java:startContainerScrub(160)) - Background container scrubber has been disabled by hdds.containerscrub.enabled
2019-08-27 19:04:28,187 [Datanode State Machine Thread - 0] INFO  ratis.XceiverServerRatis (XceiverServerRatis.java:start(404)) - Starting XceiverServerRatis 1a6ef58e-b6d8-4916-b5f4-f66cad6b6cba at port 0
2019-08-27 19:04:28,193 [Datanode State Machine Thread - 0] INFO  impl.RaftServerProxy (RaftServerProxy.java:lambda$start$3(299)) - 1a6ef58e-b6d8-4916-b5f4-f66cad6b6cba: start RPC server
2019-08-27 19:04:28,198 [Datanode State Machine Thread - 0] INFO  server.GrpcService (GrpcService.java:startImpl(149)) - 1a6ef58e-b6d8-4916-b5f4-f66cad6b6cba: GrpcService started, listening on 0.0.0.0/0.0.0.0:34654
2019-08-27 19:04:28,199 [Datanode State Machine Thread - 0] INFO  ratis.XceiverServerRatis (XceiverServerRatis.java:start(414)) - XceiverServerRatis 1a6ef58e-b6d8-4916-b5f4-f66cad6b6cba is started using port 34654
2019-08-27 19:04:28,203 [Datanode State Machine Thread - 0] INFO  server.XceiverServerGrpc (XceiverServerGrpc.java:start(161)) - XceiverServerGrpc 1a6ef58e-b6d8-4916-b5f4-f66cad6b6cba is started using port 38530
2019-08-27 19:04:28,232 | INFO  | SCMAudit | user=jenkins1000 | ip=192.168.5.191 | op=GET_VERSION null | ret=SUCCESS |  
2019-08-27 19:04:28,246 [Datanode State Machine Thread - 0] INFO  ozoneimpl.OzoneContainer (OzoneContainer.java:start(186)) - Attempting to start container services.
2019-08-27 19:04:28,246 [Datanode State Machine Thread - 0] INFO  ozoneimpl.OzoneContainer (OzoneContainer.java:startContainerScrub(160)) - Background container scrubber has been disabled by hdds.containerscrub.enabled
2019-08-27 19:04:28,246 [Datanode State Machine Thread - 0] INFO  ratis.XceiverServerRatis (XceiverServerRatis.java:start(404)) - Starting XceiverServerRatis 457b0f2b-feff-4639-91a3-a11070381d4f at port 0
2019-08-27 19:04:28,253 [Datanode State Machine Thread - 0] INFO  impl.RaftServerProxy (RaftServerProxy.java:lambda$start$3(299)) - 457b0f2b-feff-4639-91a3-a11070381d4f: start RPC server
2019-08-27 19:04:28,254 [Datanode State Machine Thread - 0] INFO  server.GrpcService (GrpcService.java:startImpl(149)) - 457b0f2b-feff-4639-91a3-a11070381d4f: GrpcService started, listening on 0.0.0.0/0.0.0.0:34209
2019-08-27 19:04:28,254 [Datanode State Machine Thread - 0] INFO  ratis.XceiverServerRatis (XceiverServerRatis.java:start(414)) - XceiverServerRatis 457b0f2b-feff-4639-91a3-a11070381d4f is started using port 34209
2019-08-27 19:04:28,256 [Datanode State Machine Thread - 0] INFO  server.XceiverServerGrpc (XceiverServerGrpc.java:start(161)) - XceiverServerGrpc 457b0f2b-feff-4639-91a3-a11070381d4f is started using port 43808
2019-08-27 19:04:28,298 | INFO  | SCMAudit | user=jenkins1000 | ip=192.168.5.191 | op=GET_VERSION null | ret=SUCCESS |  
2019-08-27 19:04:28,311 [Datanode State Machine Thread - 0] INFO  ozoneimpl.OzoneContainer (OzoneContainer.java:start(186)) - Attempting to start container services.
2019-08-27 19:04:28,312 [Datanode State Machine Thread - 0] INFO  ozoneimpl.OzoneContainer (OzoneContainer.java:startContainerScrub(160)) - Background container scrubber has been disabled by hdds.containerscrub.enabled
2019-08-27 19:04:28,312 [Datanode State Machine Thread - 0] INFO  ratis.XceiverServerRatis (XceiverServerRatis.java:start(404)) - Starting XceiverServerRatis 3e80ec3d-d0df-446e-9c00-872113d57222 at port 0
2019-08-27 19:04:28,317 [Datanode State Machine Thread - 0] INFO  impl.RaftServerProxy (RaftServerProxy.java:lambda$start$3(299)) - 3e80ec3d-d0df-446e-9c00-872113d57222: start RPC server
2019-08-27 19:04:28,318 [Datanode State Machine Thread - 0] INFO  server.GrpcService (GrpcService.java:startImpl(149)) - 3e80ec3d-d0df-446e-9c00-872113d57222: GrpcService started, listening on 0.0.0.0/0.0.0.0:38812
2019-08-27 19:04:28,318 [Datanode State Machine Thread - 0] INFO  ratis.XceiverServerRatis (XceiverServerRatis.java:start(414)) - XceiverServerRatis 3e80ec3d-d0df-446e-9c00-872113d57222 is started using port 38812
2019-08-27 19:04:28,321 [Datanode State Machine Thread - 0] INFO  server.XceiverServerGrpc (XceiverServerGrpc.java:start(161)) - XceiverServerGrpc 3e80ec3d-d0df-446e-9c00-872113d57222 is started using port 41729
2019-08-27 19:04:28,367 | INFO  | SCMAudit | user=jenkins1000 | ip=192.168.5.191 | op=GET_VERSION null | ret=SUCCESS |  
2019-08-27 19:04:28,380 [Datanode State Machine Thread - 0] INFO  ozoneimpl.OzoneContainer (OzoneContainer.java:start(186)) - Attempting to start container services.
2019-08-27 19:04:28,381 [Datanode State Machine Thread - 0] INFO  ozoneimpl.OzoneContainer (OzoneContainer.java:startContainerScrub(160)) - Background container scrubber has been disabled by hdds.containerscrub.enabled
2019-08-27 19:04:28,381 [Datanode State Machine Thread - 0] INFO  ratis.XceiverServerRatis (XceiverServerRatis.java:start(404)) - Starting XceiverServerRatis d3c05237-bd84-4234-a934-0ba66750ea46 at port 0
2019-08-27 19:04:28,387 [Datanode State Machine Thread - 0] INFO  impl.RaftServerProxy (RaftServerProxy.java:lambda$start$3(299)) - d3c05237-bd84-4234-a934-0ba66750ea46: start RPC server
2019-08-27 19:04:28,390 [Datanode State Machine Thread - 0] INFO  server.GrpcService (GrpcService.java:startImpl(149)) - d3c05237-bd84-4234-a934-0ba66750ea46: GrpcService started, listening on 0.0.0.0/0.0.0.0:42272
2019-08-27 19:04:28,390 [Datanode State Machine Thread - 0] INFO  ratis.XceiverServerRatis (XceiverServerRatis.java:start(414)) - XceiverServerRatis d3c05237-bd84-4234-a934-0ba66750ea46 is started using port 42272
2019-08-27 19:04:28,390 [Datanode State Machine Thread - 0] INFO  server.XceiverServerGrpc (XceiverServerGrpc.java:start(161)) - XceiverServerGrpc d3c05237-bd84-4234-a934-0ba66750ea46 is started using port 37116
2019-08-27 19:04:28,430 [main] INFO  ozone.MiniOzoneClusterImpl (MiniOzoneClusterImpl.java:lambda$waitForClusterToBeReady$0(140)) - Waiting for cluster to be ready. Got 0 of 7 DN Heartbeats.
2019-08-27 19:04:28,434 | INFO  | SCMAudit | user=jenkins1000 | ip=192.168.5.191 | op=GET_VERSION null | ret=SUCCESS |  
2019-08-27 19:04:28,448 [Datanode State Machine Thread - 0] INFO  ozoneimpl.OzoneContainer (OzoneContainer.java:start(186)) - Attempting to start container services.
2019-08-27 19:04:28,448 [Datanode State Machine Thread - 0] INFO  ozoneimpl.OzoneContainer (OzoneContainer.java:startContainerScrub(160)) - Background container scrubber has been disabled by hdds.containerscrub.enabled
2019-08-27 19:04:28,448 [Datanode State Machine Thread - 0] INFO  ratis.XceiverServerRatis (XceiverServerRatis.java:start(404)) - Starting XceiverServerRatis 8dbfb03d-3489-434f-b2ff-176126556357 at port 0
2019-08-27 19:04:28,454 [Datanode State Machine Thread - 0] INFO  impl.RaftServerProxy (RaftServerProxy.java:lambda$start$3(299)) - 8dbfb03d-3489-434f-b2ff-176126556357: start RPC server
2019-08-27 19:04:28,455 [Datanode State Machine Thread - 0] INFO  server.GrpcService (GrpcService.java:startImpl(149)) - 8dbfb03d-3489-434f-b2ff-176126556357: GrpcService started, listening on 0.0.0.0/0.0.0.0:44508
2019-08-27 19:04:28,456 [Datanode State Machine Thread - 0] INFO  ratis.XceiverServerRatis (XceiverServerRatis.java:start(414)) - XceiverServerRatis 8dbfb03d-3489-434f-b2ff-176126556357 is started using port 44508
2019-08-27 19:04:28,458 [Datanode State Machine Thread - 0] INFO  server.XceiverServerGrpc (XceiverServerGrpc.java:start(161)) - XceiverServerGrpc 8dbfb03d-3489-434f-b2ff-176126556357 is started using port 43850
2019-08-27 19:04:29,431 [main] INFO  ozone.MiniOzoneClusterImpl (MiniOzoneClusterImpl.java:lambda$waitForClusterToBeReady$0(140)) - Waiting for cluster to be ready. Got 0 of 7 DN Heartbeats.
2019-08-27 19:04:30,037 [IPC Server handler 2 on 32991] INFO  net.NetworkTopology (NetworkTopologyImpl.java:add(110)) - Added a new node: /default-rack/7ffeb123-8a07-43fc-9bc5-d9b026895606
2019-08-27 19:04:30,039 [IPC Server handler 2 on 32991] INFO  node.SCMNodeManager (SCMNodeManager.java:register(273)) - Registered Data node : 7ffeb123-8a07-43fc-9bc5-d9b026895606{ip: 192.168.5.191, host: pr-hdds-738-k2b25-1829472937, networkLocation: /default-rack, certSerialId: null}
2019-08-27 19:04:30,040 [EventQueue-NodeRegistrationContainerReportForDataNodeSafeModeRule] INFO  safemode.SCMSafeModeManager (DataNodeSafeModeRule.java:process(71)) - SCM in safe mode. 1 DataNodes registered, 1 required.
2019-08-27 19:04:30,041 | INFO  | SCMAudit | user=jenkins1000 | ip=192.168.5.191 | op=REGISTER {datanodeDetails=7ffeb123-8a07-43fc-9bc5-d9b026895606{ip: 192.168.5.191, host: pr-hdds-738-k2b25-1829472937, networkLocation: /default-rack, certSerialId: null}} | ret=SUCCESS |  
2019-08-27 19:04:30,043 [EventQueue-NodeRegistrationContainerReportForDataNodeSafeModeRule] INFO  safemode.SCMSafeModeManager (SCMSafeModeManager.java:validateSafeModeExitRules(177)) - ScmSafeModeManager, all rules are successfully validated
2019-08-27 19:04:30,043 [EventQueue-NodeRegistrationContainerReportForDataNodeSafeModeRule] INFO  safemode.SCMSafeModeManager (SCMSafeModeManager.java:exitSafeMode(193)) - SCM exiting safe mode.
2019-08-27 19:04:30,053 [grpc-default-executor-4] INFO  impl.RaftServerProxy (RaftServerProxy.java:addNew(89)) - 7ffeb123-8a07-43fc-9bc5-d9b026895606: addNew group-A22DCF4F585D:[7ffeb123-8a07-43fc-9bc5-d9b026895606:192.168.5.191:43880] returns group-A22DCF4F585D:java.util.concurrent.CompletableFuture@66f468d3[Not completed]
2019-08-27 19:04:30,054 [pool-126-thread-1] INFO  impl.RaftServerImpl (RaftServerImpl.java:<init>(93)) - 7ffeb123-8a07-43fc-9bc5-d9b026895606: new RaftServerImpl for group-A22DCF4F585D:[7ffeb123-8a07-43fc-9bc5-d9b026895606:192.168.5.191:43880] with ContainerStateMachine:uninitialized
2019-08-27 19:04:30,055 [pool-126-thread-1] INFO  server.RaftServerConfigKeys (ConfUtils.java:logGet(43)) - raft.server.rpc.timeout.min = 5s (custom)
2019-08-27 19:04:30,055 [pool-126-thread-1] INFO  server.RaftServerConfigKeys (ConfUtils.java:logGet(43)) - raft.server.rpc.timeout.max = 5200ms (custom)
2019-08-27 19:04:30,055 [pool-126-thread-1] INFO  server.RaftServerConfigKeys (ConfUtils.java:logGet(43)) - raft.server.rpcslowness.timeout = 120s (custom)
2019-08-27 19:04:30,055 [pool-126-thread-1] INFO  server.RaftServerConfigKeys (ConfUtils.java:logGet(43)) - raft.server.sleep.deviation.threshold = 300 (default)
2019-08-27 19:04:30,055 [pool-126-thread-1] INFO  server.RaftServerConfigKeys (ConfUtils.java:logGet(43)) - raft.server.log.appender.install.snapshot.enabled = false (custom)
2019-08-27 19:04:30,055 [pool-126-thread-1] INFO  impl.RaftServerImpl (ServerState.java:<init>(105)) - 7ffeb123-8a07-43fc-9bc5-d9b026895606:group-A22DCF4F585D ConfigurationManager, init=-1: [7ffeb123-8a07-43fc-9bc5-d9b026895606:192.168.5.191:43880], old=null, confs=<EMPTY_MAP>
2019-08-27 19:04:30,055 [pool-126-thread-1] INFO  server.RaftServerConfigKeys (ConfUtils.java:logGet(43)) - raft.server.storage.dir = [/workdir/hadoop-ozone/integration-test/target/test-dir/MiniOzoneClusterImpl-599e46d8-0e9a-4b65-aec3-4904bd77efd2/datanode-0/data/ratis] (custom)
2019-08-27 19:04:30,056 [pool-126-thread-1] INFO  storage.RaftStorageDirectory (RaftStorageDirectory.java:analyzeStorage(246)) - The storage directory /workdir/hadoop-ozone/integration-test/target/test-dir/MiniOzoneClusterImpl-599e46d8-0e9a-4b65-aec3-4904bd77efd2/datanode-0/data/ratis/e5567112-00c6-4255-b093-a22dcf4f585d does not exist. Creating ...
2019-08-27 19:04:30,068 [pool-126-thread-1] INFO  storage.RaftStorageDirectory (RaftStorageDirectory.java:tryLock(328)) - Lock on /workdir/hadoop-ozone/integration-test/target/test-dir/MiniOzoneClusterImpl-599e46d8-0e9a-4b65-aec3-4904bd77efd2/datanode-0/data/ratis/e5567112-00c6-4255-b093-a22dcf4f585d/in_use.lock acquired by nodename 18887@pr-hdds-738-k2b25-1829472937
2019-08-27 19:04:30,072 [pool-126-thread-1] INFO  storage.RaftStorage (RaftStorage.java:format(72)) - Storage directory /workdir/hadoop-ozone/integration-test/target/test-dir/MiniOzoneClusterImpl-599e46d8-0e9a-4b65-aec3-4904bd77efd2/datanode-0/data/ratis/e5567112-00c6-4255-b093-a22dcf4f585d has been successfully formatted.
2019-08-27 19:04:30,072 [pool-126-thread-1] INFO  ratis.ContainerStateMachine (ContainerStateMachine.java:loadSnapshot(226)) - group-A22DCF4F585D: The snapshot info is null. Setting the last applied indexto:(t:0, i:~)
2019-08-27 19:04:30,072 [pool-126-thread-1] INFO  server.RaftServerConfigKeys (ConfUtils.java:logGet(43)) - raft.server.leader.election.timeout = 120s (custom)
2019-08-27 19:04:30,072 [pool-126-thread-1] INFO  server.RaftServerConfigKeys (ConfUtils.java:logGet(43)) - raft.server.log.use.memory = false (default)
2019-08-27 19:04:30,072 [pool-126-thread-1] INFO  server.RaftServerConfigKeys (ConfUtils.java:logGet(43)) - raft.server.log.purge.gap = 1000000 (custom)
2019-08-27 19:04:30,072 [pool-126-thread-1] INFO  server.RaftServerConfigKeys (ConfUtils.java:logGet(43)) - raft.server.log.appender.buffer.byte-limit = 33554432 (custom)
2019-08-27 19:04:30,072 [pool-126-thread-1] INFO  server.RaftServerConfigKeys (ConfUtils.java:logGet(43)) - raft.server.log.segment.size.max = 1048576 (custom)
2019-08-27 19:04:30,073 [pool-126-thread-1] INFO  server.RaftServerConfigKeys (ConfUtils.java:logGet(43)) - raft.server.log.segment.cache.num.max = 2 (custom)
2019-08-27 19:04:30,073 [pool-126-thread-1] INFO  segmented.SegmentedRaftLogWorker (SegmentedRaftLogWorker.java:<init>(172)) - new 7ffeb123-8a07-43fc-9bc5-d9b026895606-SegmentedRaftLogWorker:Storage Directory /workdir/hadoop-ozone/integration-test/target/test-dir/MiniOzoneClusterImpl-599e46d8-0e9a-4b65-aec3-4904bd77efd2/datanode-0/data/ratis/e5567112-00c6-4255-b093-a22dcf4f585d for RaftStorage:Storage Directory /workdir/hadoop-ozone/integration-test/target/test-dir/MiniOzoneClusterImpl-599e46d8-0e9a-4b65-aec3-4904bd77efd2/datanode-0/data/ratis/e5567112-00c6-4255-b093-a22dcf4f585d
2019-08-27 19:04:30,073 [pool-126-thread-1] INFO  server.RaftServerConfigKeys (ConfUtils.java:logGet(43)) - raft.server.log.queue.byte-limit = 2147483647 (custom)
2019-08-27 19:04:30,073 [pool-126-thread-1] INFO  server.RaftServerConfigKeys (ConfUtils.java:logGet(43)) - raft.server.log.queue.element-limit = 1024 (custom)
2019-08-27 19:04:30,073 [pool-126-thread-1] INFO  server.RaftServerConfigKeys (ConfUtils.java:logGet(43)) - raft.server.log.segment.size.max = 1048576 (custom)
2019-08-27 19:04:30,073 [pool-126-thread-1] INFO  server.RaftServerConfigKeys (ConfUtils.java:logGet(43)) - raft.server.log.preallocated.size = 16384 (custom)
2019-08-27 19:04:30,073 [pool-126-thread-1] INFO  server.RaftServerConfigKeys (ConfUtils.java:logGet(43)) - raft.server.log.write.buffer.size = 33554432 (custom)
2019-08-27 19:04:30,074 [pool-126-thread-1] INFO  server.RaftServerConfigKeys (ConfUtils.java:logGet(43)) - raft.server.log.force.sync.num = 128 (default)
2019-08-27 19:04:30,074 [pool-126-thread-1] INFO  server.RaftServerConfigKeys (ConfUtils.java:logGet(43)) - raft.server.log.statemachine.data.sync = true (default)
2019-08-27 19:04:30,074 [pool-126-thread-1] INFO  server.RaftServerConfigKeys (ConfUtils.java:logGet(43)) - raft.server.log.statemachine.data.sync.timeout = 10s (default)
2019-08-27 19:04:30,074 [pool-126-thread-1] INFO  server.RaftServerConfigKeys (ConfUtils.java:logGet(43)) - raft.server.log.statemachine.data.sync.timeout.retry = -1 (default)
2019-08-27 19:04:30,074 [pool-126-thread-1] INFO  server.RaftServerConfigKeys (ConfUtils.java:logGet(43)) - raft.server.log.statemachine.data.caching.enabled = true (custom)
2019-08-27 19:04:30,074 [pool-126-thread-1] INFO  segmented.SegmentedRaftLogWorker (SegmentedRaftLogWorker.java:lambda$new$0(132)) - 7ffeb123-8a07-43fc-9bc5-d9b026895606-SegmentedRaftLogWorker:Storage Directory /workdir/hadoop-ozone/integration-test/target/test-dir/MiniOzoneClusterImpl-599e46d8-0e9a-4b65-aec3-4904bd77efd2/datanode-0/data/ratis/e5567112-00c6-4255-b093-a22dcf4f585d: flushIndex: setUnconditionally 0 -> -1
2019-08-27 19:04:30,075 [pool-126-thread-1] INFO  server.RaftServerConfigKeys (ConfUtils.java:logGet(43)) - raft.server.snapshot.auto.trigger.enabled = true (custom)
2019-08-27 19:04:30,075 [pool-126-thread-1] INFO  server.RaftServerConfigKeys (ConfUtils.java:logGet(43)) - raft.server.snapshot.auto.trigger.threshold = 10000 (custom)
2019-08-27 19:04:30,075 [pool-126-thread-1] INFO  server.RaftServerConfigKeys (ConfUtils.java:logGet(43)) - raft.server.retrycache.expirytime = 600000ms (custom)
2019-08-27 19:04:30,075 [pool-126-thread-1] INFO  impl.RaftServerImpl (RaftServerImpl.java:start(180)) - 7ffeb123-8a07-43fc-9bc5-d9b026895606: start group-A22DCF4F585D
2019-08-27 19:04:30,075 [pool-126-thread-1] INFO  impl.RaftServerImpl (RaftServerImpl.java:setRole(171)) - 7ffeb123-8a07-43fc-9bc5-d9b026895606:group-A22DCF4F585D changes role from null to FOLLOWER at term 0 for startAsFollower
2019-08-27 19:04:30,075 [pool-126-thread-1] INFO  impl.RoleInfo (RoleInfo.java:updateAndGet(143)) - 7ffeb123-8a07-43fc-9bc5-d9b026895606: start FollowerState
2019-08-27 19:04:30,076 [pool-126-thread-1] INFO  util.JmxRegister (JmxRegister.java:tryRegister(44)) - Successfully registered JMX Bean with object name Ratis:service=RaftServer,group=group-A22DCF4F585D,id=7ffeb123-8a07-43fc-9bc5-d9b026895606
2019-08-27 19:04:30,078 [RatisPipelineUtilsThread] INFO  pipeline.PipelineStateManager (PipelineStateManager.java:addPipeline(56)) - Created pipeline Pipeline[ Id: e5567112-00c6-4255-b093-a22dcf4f585d, Nodes: 7ffeb123-8a07-43fc-9bc5-d9b026895606{ip: 192.168.5.191, host: pr-hdds-738-k2b25-1829472937, networkLocation: /default-rack, certSerialId: null}, Type:RATIS, Factor:ONE, State:OPEN]
2019-08-27 19:04:30,098 [IPC Server handler 3 on 32991] INFO  net.NetworkTopology (NetworkTopologyImpl.java:add(110)) - Added a new node: /default-rack/38f28178-96e9-481f-bed8-cfb19f684f50
2019-08-27 19:04:30,098 [IPC Server handler 3 on 32991] INFO  node.SCMNodeManager (SCMNodeManager.java:register(273)) - Registered Data node : 38f28178-96e9-481f-bed8-cfb19f684f50{ip: 192.168.5.191, host: pr-hdds-738-k2b25-1829472937, networkLocation: /default-rack, certSerialId: null}
2019-08-27 19:04:30,099 | INFO  | SCMAudit | user=jenkins1000 | ip=192.168.5.191 | op=REGISTER {datanodeDetails=38f28178-96e9-481f-bed8-cfb19f684f50{ip: 192.168.5.191, host: pr-hdds-738-k2b25-1829472937, networkLocation: /default-rack, certSerialId: null}} | ret=SUCCESS |  
2019-08-27 19:04:30,108 [grpc-default-executor-4] INFO  impl.RaftServerProxy (RaftServerProxy.java:addNew(89)) - 38f28178-96e9-481f-bed8-cfb19f684f50: addNew group-999DB1B54175:[38f28178-96e9-481f-bed8-cfb19f684f50:192.168.5.191:43946] returns group-999DB1B54175:java.util.concurrent.CompletableFuture@4abcfd5d[Not completed]
2019-08-27 19:04:30,109 [pool-137-thread-1] INFO  impl.RaftServerImpl (RaftServerImpl.java:<init>(93)) - 38f28178-96e9-481f-bed8-cfb19f684f50: new RaftServerImpl for group-999DB1B54175:[38f28178-96e9-481f-bed8-cfb19f684f50:192.168.5.191:43946] with ContainerStateMachine:uninitialized
2019-08-27 19:04:30,109 [pool-137-thread-1] INFO  server.RaftServerConfigKeys (ConfUtils.java:logGet(43)) - raft.server.rpc.timeout.min = 5s (custom)
2019-08-27 19:04:30,109 [pool-137-thread-1] INFO  server.RaftServerConfigKeys (ConfUtils.java:logGet(43)) - raft.server.rpc.timeout.max = 5200ms (custom)
2019-08-27 19:04:30,110 [pool-137-thread-1] INFO  server.RaftServerConfigKeys (ConfUtils.java:logGet(43)) - raft.server.rpcslowness.timeout = 120s (custom)
2019-08-27 19:04:30,110 [pool-137-thread-1] INFO  server.RaftServerConfigKeys (ConfUtils.java:logGet(43)) - raft.server.sleep.deviation.threshold = 300 (default)
2019-08-27 19:04:30,110 [pool-137-thread-1] INFO  server.RaftServerConfigKeys (ConfUtils.java:logGet(43)) - raft.server.log.appender.install.snapshot.enabled = false (custom)
2019-08-27 19:04:30,110 [pool-137-thread-1] INFO  impl.RaftServerImpl (ServerState.java:<init>(105)) - 38f28178-96e9-481f-bed8-cfb19f684f50:group-999DB1B54175 ConfigurationManager, init=-1: [38f28178-96e9-481f-bed8-cfb19f684f50:192.168.5.191:43946], old=null, confs=<EMPTY_MAP>
2019-08-27 19:04:30,110 [pool-137-thread-1] INFO  server.RaftServerConfigKeys (ConfUtils.java:logGet(43)) - raft.server.storage.dir = [/workdir/hadoop-ozone/integration-test/target/test-dir/MiniOzoneClusterImpl-599e46d8-0e9a-4b65-aec3-4904bd77efd2/datanode-1/data/ratis] (custom)
2019-08-27 19:04:30,111 [pool-137-thread-1] INFO  storage.RaftStorageDirectory (RaftStorageDirectory.java:analyzeStorage(246)) - The storage directory /workdir/hadoop-ozone/integration-test/target/test-dir/MiniOzoneClusterImpl-599e46d8-0e9a-4b65-aec3-4904bd77efd2/datanode-1/data/ratis/73f1de47-cceb-45b4-b0ac-999db1b54175 does not exist. Creating ...
2019-08-27 19:04:30,122 [pool-137-thread-1] INFO  storage.RaftStorageDirectory (RaftStorageDirectory.java:tryLock(328)) - Lock on /workdir/hadoop-ozone/integration-test/target/test-dir/MiniOzoneClusterImpl-599e46d8-0e9a-4b65-aec3-4904bd77efd2/datanode-1/data/ratis/73f1de47-cceb-45b4-b0ac-999db1b54175/in_use.lock acquired by nodename 18887@pr-hdds-738-k2b25-1829472937
2019-08-27 19:04:30,126 [pool-137-thread-1] INFO  storage.RaftStorage (RaftStorage.java:format(72)) - Storage directory /workdir/hadoop-ozone/integration-test/target/test-dir/MiniOzoneClusterImpl-599e46d8-0e9a-4b65-aec3-4904bd77efd2/datanode-1/data/ratis/73f1de47-cceb-45b4-b0ac-999db1b54175 has been successfully formatted.
2019-08-27 19:04:30,126 [pool-137-thread-1] INFO  ratis.ContainerStateMachine (ContainerStateMachine.java:loadSnapshot(226)) - group-999DB1B54175: The snapshot info is null. Setting the last applied indexto:(t:0, i:~)
2019-08-27 19:04:30,126 [pool-137-thread-1] INFO  server.RaftServerConfigKeys (ConfUtils.java:logGet(43)) - raft.server.leader.election.timeout = 120s (custom)
2019-08-27 19:04:30,126 [pool-137-thread-1] INFO  server.RaftServerConfigKeys (ConfUtils.java:logGet(43)) - raft.server.log.use.memory = false (default)
2019-08-27 19:04:30,126 [pool-137-thread-1] INFO  server.RaftServerConfigKeys (ConfUtils.java:logGet(43)) - raft.server.log.purge.gap = 1000000 (custom)
2019-08-27 19:04:30,127 [pool-137-thread-1] INFO  server.RaftServerConfigKeys (ConfUtils.java:logGet(43)) - raft.server.log.appender.buffer.byte-limit = 33554432 (custom)
2019-08-27 19:04:30,127 [pool-137-thread-1] INFO  server.RaftServerConfigKeys (ConfUtils.java:logGet(43)) - raft.server.log.segment.size.max = 1048576 (custom)
2019-08-27 19:04:30,127 [pool-137-thread-1] INFO  server.RaftServerConfigKeys (ConfUtils.java:logGet(43)) - raft.server.log.segment.cache.num.max = 2 (custom)
2019-08-27 19:04:30,127 [pool-137-thread-1] INFO  segmented.SegmentedRaftLogWorker (SegmentedRaftLogWorker.java:<init>(172)) - new 38f28178-96e9-481f-bed8-cfb19f684f50-SegmentedRaftLogWorker:Storage Directory /workdir/hadoop-ozone/integration-test/target/test-dir/MiniOzoneClusterImpl-599e46d8-0e9a-4b65-aec3-4904bd77efd2/datanode-1/data/ratis/73f1de47-cceb-45b4-b0ac-999db1b54175 for RaftStorage:Storage Directory /workdir/hadoop-ozone/integration-test/target/test-dir/MiniOzoneClusterImpl-599e46d8-0e9a-4b65-aec3-4904bd77efd2/datanode-1/data/ratis/73f1de47-cceb-45b4-b0ac-999db1b54175
2019-08-27 19:04:30,127 [pool-137-thread-1] INFO  server.RaftServerConfigKeys (ConfUtils.java:logGet(43)) - raft.server.log.queue.byte-limit = 2147483647 (custom)
2019-08-27 19:04:30,127 [pool-137-thread-1] INFO  server.RaftServerConfigKeys (ConfUtils.java:logGet(43)) - raft.server.log.queue.element-limit = 1024 (custom)
2019-08-27 19:04:30,128 [pool-137-thread-1] INFO  server.RaftServerConfigKeys (ConfUtils.java:logGet(43)) - raft.server.log.segment.size.max = 1048576 (custom)
2019-08-27 19:04:30,128 [pool-137-thread-1] INFO  server.RaftServerConfigKeys (ConfUtils.java:logGet(43)) - raft.server.log.preallocated.size = 16384 (custom)
2019-08-27 19:04:30,128 [pool-137-thread-1] INFO  server.RaftServerConfigKeys (ConfUtils.java:logGet(43)) - raft.server.log.write.buffer.size = 33554432 (custom)
2019-08-27 19:04:30,128 [pool-137-thread-1] INFO  server.RaftServerConfigKeys (ConfUtils.java:logGet(43)) - raft.server.log.force.sync.num = 128 (default)
2019-08-27 19:04:30,128 [pool-137-thread-1] INFO  server.RaftServerConfigKeys (ConfUtils.java:logGet(43)) - raft.server.log.statemachine.data.sync = true (default)
2019-08-27 19:04:30,129 [pool-137-thread-1] INFO  server.RaftServerConfigKeys (ConfUtils.java:logGet(43)) - raft.server.log.statemachine.data.sync.timeout = 10s (default)
2019-08-27 19:04:30,129 [pool-137-thread-1] INFO  server.RaftServerConfigKeys (ConfUtils.java:logGet(43)) - raft.server.log.statemachine.data.sync.timeout.retry = -1 (default)
2019-08-27 19:04:30,129 [pool-137-thread-1] INFO  server.RaftServerConfigKeys (ConfUtils.java:logGet(43)) - raft.server.log.statemachine.data.caching.enabled = true (custom)
2019-08-27 19:04:30,129 [pool-137-thread-1] INFO  segmented.SegmentedRaftLogWorker (SegmentedRaftLogWorker.java:lambda$new$0(132)) - 38f28178-96e9-481f-bed8-cfb19f684f50-SegmentedRaftLogWorker:Storage Directory /workdir/hadoop-ozone/integration-test/target/test-dir/MiniOzoneClusterImpl-599e46d8-0e9a-4b65-aec3-4904bd77efd2/datanode-1/data/ratis/73f1de47-cceb-45b4-b0ac-999db1b54175: flushIndex: setUnconditionally 0 -> -1
2019-08-27 19:04:30,130 [pool-137-thread-1] INFO  server.RaftServerConfigKeys (ConfUtils.java:logGet(43)) - raft.server.snapshot.auto.trigger.enabled = true (custom)
2019-08-27 19:04:30,130 [pool-137-thread-1] INFO  server.RaftServerConfigKeys (ConfUtils.java:logGet(43)) - raft.server.snapshot.auto.trigger.threshold = 10000 (custom)
2019-08-27 19:04:30,130 [pool-137-thread-1] INFO  server.RaftServerConfigKeys (ConfUtils.java:logGet(43)) - raft.server.retrycache.expirytime = 600000ms (custom)
2019-08-27 19:04:30,130 [pool-137-thread-1] INFO  impl.RaftServerImpl (RaftServerImpl.java:start(180)) - 38f28178-96e9-481f-bed8-cfb19f684f50: start group-999DB1B54175
2019-08-27 19:04:30,130 [pool-137-thread-1] INFO  impl.RaftServerImpl (RaftServerImpl.java:setRole(171)) - 38f28178-96e9-481f-bed8-cfb19f684f50:group-999DB1B54175 changes role from null to FOLLOWER at term 0 for startAsFollower
2019-08-27 19:04:30,131 [pool-137-thread-1] INFO  impl.RoleInfo (RoleInfo.java:updateAndGet(143)) - 38f28178-96e9-481f-bed8-cfb19f684f50: start FollowerState
2019-08-27 19:04:30,131 [pool-137-thread-1] INFO  util.JmxRegister (JmxRegister.java:tryRegister(44)) - Successfully registered JMX Bean with object name Ratis:service=RaftServer,group=group-999DB1B54175,id=38f28178-96e9-481f-bed8-cfb19f684f50
2019-08-27 19:04:30,133 [RatisPipelineUtilsThread] INFO  pipeline.PipelineStateManager (PipelineStateManager.java:addPipeline(56)) - Created pipeline Pipeline[ Id: 73f1de47-cceb-45b4-b0ac-999db1b54175, Nodes: 38f28178-96e9-481f-bed8-cfb19f684f50{ip: 192.168.5.191, host: pr-hdds-738-k2b25-1829472937, networkLocation: /default-rack, certSerialId: null}, Type:RATIS, Factor:ONE, State:OPEN]
2019-08-27 19:04:30,169 [IPC Server handler 4 on 32991] INFO  net.NetworkTopology (NetworkTopologyImpl.java:add(110)) - Added a new node: /default-rack/1a6ef58e-b6d8-4916-b5f4-f66cad6b6cba
2019-08-27 19:04:30,169 [IPC Server handler 4 on 32991] INFO  node.SCMNodeManager (SCMNodeManager.java:register(273)) - Registered Data node : 1a6ef58e-b6d8-4916-b5f4-f66cad6b6cba{ip: 192.168.5.191, host: pr-hdds-738-k2b25-1829472937, networkLocation: /default-rack, certSerialId: null}
2019-08-27 19:04:30,172 | INFO  | SCMAudit | user=jenkins1000 | ip=192.168.5.191 | op=REGISTER {datanodeDetails=1a6ef58e-b6d8-4916-b5f4-f66cad6b6cba{ip: 192.168.5.191, host: pr-hdds-738-k2b25-1829472937, networkLocation: /default-rack, certSerialId: null}} | ret=SUCCESS |  
2019-08-27 19:04:30,180 [grpc-default-executor-4] INFO  impl.RaftServerProxy (RaftServerProxy.java:addNew(89)) - 1a6ef58e-b6d8-4916-b5f4-f66cad6b6cba: addNew group-B4B548642FCD:[1a6ef58e-b6d8-4916-b5f4-f66cad6b6cba:192.168.5.191:34654] returns group-B4B548642FCD:java.util.concurrent.CompletableFuture@4c9c6394[Not completed]
2019-08-27 19:04:30,184 [pool-148-thread-1] INFO  impl.RaftServerImpl (RaftServerImpl.java:<init>(93)) - 1a6ef58e-b6d8-4916-b5f4-f66cad6b6cba: new RaftServerImpl for group-B4B548642FCD:[1a6ef58e-b6d8-4916-b5f4-f66cad6b6cba:192.168.5.191:34654] with ContainerStateMachine:uninitialized
2019-08-27 19:04:30,184 [pool-148-thread-1] INFO  server.RaftServerConfigKeys (ConfUtils.java:logGet(43)) - raft.server.rpc.timeout.min = 5s (custom)
2019-08-27 19:04:30,184 [pool-148-thread-1] INFO  server.RaftServerConfigKeys (ConfUtils.java:logGet(43)) - raft.server.rpc.timeout.max = 5200ms (custom)
2019-08-27 19:04:30,184 [pool-148-thread-1] INFO  server.RaftServerConfigKeys (ConfUtils.java:logGet(43)) - raft.server.rpcslowness.timeout = 120s (custom)
2019-08-27 19:04:30,184 [pool-148-thread-1] INFO  server.RaftServerConfigKeys (ConfUtils.java:logGet(43)) - raft.server.sleep.deviation.threshold = 300 (default)
2019-08-27 19:04:30,184 [pool-148-thread-1] INFO  server.RaftServerConfigKeys (ConfUtils.java:logGet(43)) - raft.server.log.appender.install.snapshot.enabled = false (custom)
2019-08-27 19:04:30,184 [pool-148-thread-1] INFO  impl.RaftServerImpl (ServerState.java:<init>(105)) - 1a6ef58e-b6d8-4916-b5f4-f66cad6b6cba:group-B4B548642FCD ConfigurationManager, init=-1: [1a6ef58e-b6d8-4916-b5f4-f66cad6b6cba:192.168.5.191:34654], old=null, confs=<EMPTY_MAP>
2019-08-27 19:04:30,184 [pool-148-thread-1] INFO  server.RaftServerConfigKeys (ConfUtils.java:logGet(43)) - raft.server.storage.dir = [/workdir/hadoop-ozone/integration-test/target/test-dir/MiniOzoneClusterImpl-599e46d8-0e9a-4b65-aec3-4904bd77efd2/datanode-2/data/ratis] (custom)
2019-08-27 19:04:30,185 [pool-148-thread-1] INFO  storage.RaftStorageDirectory (RaftStorageDirectory.java:analyzeStorage(246)) - The storage directory /workdir/hadoop-ozone/integration-test/target/test-dir/MiniOzoneClusterImpl-599e46d8-0e9a-4b65-aec3-4904bd77efd2/datanode-2/data/ratis/a69bae1d-9f66-4c45-9714-b4b548642fcd does not exist. Creating ...
2019-08-27 19:04:30,197 [pool-148-thread-1] INFO  storage.RaftStorageDirectory (RaftStorageDirectory.java:tryLock(328)) - Lock on /workdir/hadoop-ozone/integration-test/target/test-dir/MiniOzoneClusterImpl-599e46d8-0e9a-4b65-aec3-4904bd77efd2/datanode-2/data/ratis/a69bae1d-9f66-4c45-9714-b4b548642fcd/in_use.lock acquired by nodename 18887@pr-hdds-738-k2b25-1829472937
2019-08-27 19:04:30,201 [pool-148-thread-1] INFO  storage.RaftStorage (RaftStorage.java:format(72)) - Storage directory /workdir/hadoop-ozone/integration-test/target/test-dir/MiniOzoneClusterImpl-599e46d8-0e9a-4b65-aec3-4904bd77efd2/datanode-2/data/ratis/a69bae1d-9f66-4c45-9714-b4b548642fcd has been successfully formatted.
2019-08-27 19:04:30,201 [pool-148-thread-1] INFO  ratis.ContainerStateMachine (ContainerStateMachine.java:loadSnapshot(226)) - group-B4B548642FCD: The snapshot info is null. Setting the last applied indexto:(t:0, i:~)
2019-08-27 19:04:30,201 [pool-148-thread-1] INFO  server.RaftServerConfigKeys (ConfUtils.java:logGet(43)) - raft.server.leader.election.timeout = 120s (custom)
2019-08-27 19:04:30,201 [pool-148-thread-1] INFO  server.RaftServerConfigKeys (ConfUtils.java:logGet(43)) - raft.server.log.use.memory = false (default)
2019-08-27 19:04:30,201 [pool-148-thread-1] INFO  server.RaftServerConfigKeys (ConfUtils.java:logGet(43)) - raft.server.log.purge.gap = 1000000 (custom)
2019-08-27 19:04:30,201 [pool-148-thread-1] INFO  server.RaftServerConfigKeys (ConfUtils.java:logGet(43)) - raft.server.log.appender.buffer.byte-limit = 33554432 (custom)
2019-08-27 19:04:30,201 [pool-148-thread-1] INFO  server.RaftServerConfigKeys (ConfUtils.java:logGet(43)) - raft.server.log.segment.size.max = 1048576 (custom)
2019-08-27 19:04:30,202 [pool-148-thread-1] INFO  server.RaftServerConfigKeys (ConfUtils.java:logGet(43)) - raft.server.log.segment.cache.num.max = 2 (custom)
2019-08-27 19:04:30,202 [pool-148-thread-1] INFO  segmented.SegmentedRaftLogWorker (SegmentedRaftLogWorker.java:<init>(172)) - new 1a6ef58e-b6d8-4916-b5f4-f66cad6b6cba-SegmentedRaftLogWorker:Storage Directory /workdir/hadoop-ozone/integration-test/target/test-dir/MiniOzoneClusterImpl-599e46d8-0e9a-4b65-aec3-4904bd77efd2/datanode-2/data/ratis/a69bae1d-9f66-4c45-9714-b4b548642fcd for RaftStorage:Storage Directory /workdir/hadoop-ozone/integration-test/target/test-dir/MiniOzoneClusterImpl-599e46d8-0e9a-4b65-aec3-4904bd77efd2/datanode-2/data/ratis/a69bae1d-9f66-4c45-9714-b4b548642fcd
2019-08-27 19:04:30,202 [pool-148-thread-1] INFO  server.RaftServerConfigKeys (ConfUtils.java:logGet(43)) - raft.server.log.queue.byte-limit = 2147483647 (custom)
2019-08-27 19:04:30,202 [pool-148-thread-1] INFO  server.RaftServerConfigKeys (ConfUtils.java:logGet(43)) - raft.server.log.queue.element-limit = 1024 (custom)
2019-08-27 19:04:30,202 [pool-148-thread-1] INFO  server.RaftServerConfigKeys (ConfUtils.java:logGet(43)) - raft.server.log.segment.size.max = 1048576 (custom)
2019-08-27 19:04:30,202 [pool-148-thread-1] INFO  server.RaftServerConfigKeys (ConfUtils.java:logGet(43)) - raft.server.log.preallocated.size = 16384 (custom)
2019-08-27 19:04:30,202 [pool-148-thread-1] INFO  server.RaftServerConfigKeys (ConfUtils.java:logGet(43)) - raft.server.log.write.buffer.size = 33554432 (custom)
2019-08-27 19:04:30,203 [pool-148-thread-1] INFO  server.RaftServerConfigKeys (ConfUtils.java:logGet(43)) - raft.server.log.force.sync.num = 128 (default)
2019-08-27 19:04:30,203 [pool-148-thread-1] INFO  server.RaftServerConfigKeys (ConfUtils.java:logGet(43)) - raft.server.log.statemachine.data.sync = true (default)
2019-08-27 19:04:30,203 [pool-148-thread-1] INFO  server.RaftServerConfigKeys (ConfUtils.java:logGet(43)) - raft.server.log.statemachine.data.sync.timeout = 10s (default)
2019-08-27 19:04:30,203 [pool-148-thread-1] INFO  server.RaftServerConfigKeys (ConfUtils.java:logGet(43)) - raft.server.log.statemachine.data.sync.timeout.retry = -1 (default)
2019-08-27 19:04:30,203 [pool-148-thread-1] INFO  server.RaftServerConfigKeys (ConfUtils.java:logGet(43)) - raft.server.log.statemachine.data.caching.enabled = true (custom)
2019-08-27 19:04:30,203 [pool-148-thread-1] INFO  segmented.SegmentedRaftLogWorker (SegmentedRaftLogWorker.java:lambda$new$0(132)) - 1a6ef58e-b6d8-4916-b5f4-f66cad6b6cba-SegmentedRaftLogWorker:Storage Directory /workdir/hadoop-ozone/integration-test/target/test-dir/MiniOzoneClusterImpl-599e46d8-0e9a-4b65-aec3-4904bd77efd2/datanode-2/data/ratis/a69bae1d-9f66-4c45-9714-b4b548642fcd: flushIndex: setUnconditionally 0 -> -1
2019-08-27 19:04:30,204 [pool-148-thread-1] INFO  server.RaftServerConfigKeys (ConfUtils.java:logGet(43)) - raft.server.snapshot.auto.trigger.enabled = true (custom)
2019-08-27 19:04:30,204 [pool-148-thread-1] INFO  server.RaftServerConfigKeys (ConfUtils.java:logGet(43)) - raft.server.snapshot.auto.trigger.threshold = 10000 (custom)
2019-08-27 19:04:30,204 [pool-148-thread-1] INFO  server.RaftServerConfigKeys (ConfUtils.java:logGet(43)) - raft.server.retrycache.expirytime = 600000ms (custom)
2019-08-27 19:04:30,204 [pool-148-thread-1] INFO  impl.RaftServerImpl (RaftServerImpl.java:start(180)) - 1a6ef58e-b6d8-4916-b5f4-f66cad6b6cba: start group-B4B548642FCD
2019-08-27 19:04:30,204 [pool-148-thread-1] INFO  impl.RaftServerImpl (RaftServerImpl.java:setRole(171)) - 1a6ef58e-b6d8-4916-b5f4-f66cad6b6cba:group-B4B548642FCD changes role from null to FOLLOWER at term 0 for startAsFollower
2019-08-27 19:04:30,204 [pool-148-thread-1] INFO  impl.RoleInfo (RoleInfo.java:updateAndGet(143)) - 1a6ef58e-b6d8-4916-b5f4-f66cad6b6cba: start FollowerState
2019-08-27 19:04:30,205 [pool-148-thread-1] INFO  util.JmxRegister (JmxRegister.java:tryRegister(44)) - Successfully registered JMX Bean with object name Ratis:service=RaftServer,group=group-B4B548642FCD,id=1a6ef58e-b6d8-4916-b5f4-f66cad6b6cba
2019-08-27 19:04:30,207 [RatisPipelineUtilsThread] INFO  pipeline.PipelineStateManager (PipelineStateManager.java:addPipeline(56)) - Created pipeline Pipeline[ Id: a69bae1d-9f66-4c45-9714-b4b548642fcd, Nodes: 1a6ef58e-b6d8-4916-b5f4-f66cad6b6cba{ip: 192.168.5.191, host: pr-hdds-738-k2b25-1829472937, networkLocation: /default-rack, certSerialId: null}, Type:RATIS, Factor:ONE, State:OPEN]
2019-08-27 19:04:30,228 [grpc-default-executor-5] INFO  impl.RaftServerProxy (RaftServerProxy.java:addNew(89)) - 38f28178-96e9-481f-bed8-cfb19f684f50: addNew group-E2EBB6DB155D:[38f28178-96e9-481f-bed8-cfb19f684f50:192.168.5.191:43946, 7ffeb123-8a07-43fc-9bc5-d9b026895606:192.168.5.191:43880, 1a6ef58e-b6d8-4916-b5f4-f66cad6b6cba:192.168.5.191:34654] returns group-E2EBB6DB155D:java.util.concurrent.CompletableFuture@261135b1[Not completed]
2019-08-27 19:04:30,229 [grpc-default-executor-4] INFO  impl.RaftServerProxy (RaftServerProxy.java:addNew(89)) - 7ffeb123-8a07-43fc-9bc5-d9b026895606: addNew group-E2EBB6DB155D:[38f28178-96e9-481f-bed8-cfb19f684f50:192.168.5.191:43946, 7ffeb123-8a07-43fc-9bc5-d9b026895606:192.168.5.191:43880, 1a6ef58e-b6d8-4916-b5f4-f66cad6b6cba:192.168.5.191:34654] returns group-E2EBB6DB155D:java.util.concurrent.CompletableFuture@334f31b4[Not completed]
2019-08-27 19:04:30,229 [grpc-default-executor-5] INFO  impl.RaftServerProxy (RaftServerProxy.java:addNew(89)) - 1a6ef58e-b6d8-4916-b5f4-f66cad6b6cba: addNew group-E2EBB6DB155D:[38f28178-96e9-481f-bed8-cfb19f684f50:192.168.5.191:43946, 7ffeb123-8a07-43fc-9bc5-d9b026895606:192.168.5.191:43880, 1a6ef58e-b6d8-4916-b5f4-f66cad6b6cba:192.168.5.191:34654] returns group-E2EBB6DB155D:java.util.concurrent.CompletableFuture@3c40ae4c[Not completed]
2019-08-27 19:04:30,230 [pool-137-thread-1] INFO  impl.RaftServerImpl (RaftServerImpl.java:<init>(93)) - 38f28178-96e9-481f-bed8-cfb19f684f50: new RaftServerImpl for group-E2EBB6DB155D:[38f28178-96e9-481f-bed8-cfb19f684f50:192.168.5.191:43946, 7ffeb123-8a07-43fc-9bc5-d9b026895606:192.168.5.191:43880, 1a6ef58e-b6d8-4916-b5f4-f66cad6b6cba:192.168.5.191:34654] with ContainerStateMachine:uninitialized
2019-08-27 19:04:30,230 [pool-137-thread-1] INFO  server.RaftServerConfigKeys (ConfUtils.java:logGet(43)) - raft.server.rpc.timeout.min = 5s (custom)
2019-08-27 19:04:30,230 [pool-137-thread-1] INFO  server.RaftServerConfigKeys (ConfUtils.java:logGet(43)) - raft.server.rpc.timeout.max = 5200ms (custom)
2019-08-27 19:04:30,230 [pool-137-thread-1] INFO  server.RaftServerConfigKeys (ConfUtils.java:logGet(43)) - raft.server.rpcslowness.timeout = 120s (custom)
2019-08-27 19:04:30,231 [pool-137-thread-1] INFO  server.RaftServerConfigKeys (ConfUtils.java:logGet(43)) - raft.server.sleep.deviation.threshold = 300 (default)
2019-08-27 19:04:30,231 [pool-137-thread-1] INFO  server.RaftServerConfigKeys (ConfUtils.java:logGet(43)) - raft.server.log.appender.install.snapshot.enabled = false (custom)
2019-08-27 19:04:30,231 [pool-137-thread-1] INFO  impl.RaftServerImpl (ServerState.java:<init>(105)) - 38f28178-96e9-481f-bed8-cfb19f684f50:group-E2EBB6DB155D ConfigurationManager, init=-1: [38f28178-96e9-481f-bed8-cfb19f684f50:192.168.5.191:43946, 7ffeb123-8a07-43fc-9bc5-d9b026895606:192.168.5.191:43880, 1a6ef58e-b6d8-4916-b5f4-f66cad6b6cba:192.168.5.191:34654], old=null, confs=<EMPTY_MAP>
2019-08-27 19:04:30,231 [pool-126-thread-1] INFO  impl.RaftServerImpl (RaftServerImpl.java:<init>(93)) - 7ffeb123-8a07-43fc-9bc5-d9b026895606: new RaftServerImpl for group-E2EBB6DB155D:[38f28178-96e9-481f-bed8-cfb19f684f50:192.168.5.191:43946, 7ffeb123-8a07-43fc-9bc5-d9b026895606:192.168.5.191:43880, 1a6ef58e-b6d8-4916-b5f4-f66cad6b6cba:192.168.5.191:34654] with ContainerStateMachine:uninitialized
2019-08-27 19:04:30,231 [pool-137-thread-1] INFO  server.RaftServerConfigKeys (ConfUtils.java:logGet(43)) - raft.server.storage.dir = [/workdir/hadoop-ozone/integration-test/target/test-dir/MiniOzoneClusterImpl-599e46d8-0e9a-4b65-aec3-4904bd77efd2/datanode-1/data/ratis] (custom)
2019-08-27 19:04:30,231 [pool-126-thread-1] INFO  server.RaftServerConfigKeys (ConfUtils.java:logGet(43)) - raft.server.rpc.timeout.min = 5s (custom)
2019-08-27 19:04:30,231 [pool-137-thread-1] INFO  storage.RaftStorageDirectory (RaftStorageDirectory.java:analyzeStorage(246)) - The storage directory /workdir/hadoop-ozone/integration-test/target/test-dir/MiniOzoneClusterImpl-599e46d8-0e9a-4b65-aec3-4904bd77efd2/datanode-1/data/ratis/797c9363-7b9e-428d-9144-e2ebb6db155d does not exist. Creating ...
2019-08-27 19:04:30,231 [pool-126-thread-1] INFO  server.RaftServerConfigKeys (ConfUtils.java:logGet(43)) - raft.server.rpc.timeout.max = 5200ms (custom)
2019-08-27 19:04:30,231 [pool-148-thread-1] INFO  impl.RaftServerImpl (RaftServerImpl.java:<init>(93)) - 1a6ef58e-b6d8-4916-b5f4-f66cad6b6cba: new RaftServerImpl for group-E2EBB6DB155D:[38f28178-96e9-481f-bed8-cfb19f684f50:192.168.5.191:43946, 7ffeb123-8a07-43fc-9bc5-d9b026895606:192.168.5.191:43880, 1a6ef58e-b6d8-4916-b5f4-f66cad6b6cba:192.168.5.191:34654] with ContainerStateMachine:uninitialized
2019-08-27 19:04:30,232 [pool-126-thread-1] INFO  server.RaftServerConfigKeys (ConfUtils.java:logGet(43)) - raft.server.rpcslowness.timeout = 120s (custom)
2019-08-27 19:04:30,232 [pool-148-thread-1] INFO  server.RaftServerConfigKeys (ConfUtils.java:logGet(43)) - raft.server.rpc.timeout.min = 5s (custom)
2019-08-27 19:04:30,232 [pool-126-thread-1] INFO  server.RaftServerConfigKeys (ConfUtils.java:logGet(43)) - raft.server.sleep.deviation.threshold = 300 (default)
2019-08-27 19:04:30,232 [pool-148-thread-1] INFO  server.RaftServerConfigKeys (ConfUtils.java:logGet(43)) - raft.server.rpc.timeout.max = 5200ms (custom)
2019-08-27 19:04:30,232 [pool-126-thread-1] INFO  server.RaftServerConfigKeys (ConfUtils.java:logGet(43)) - raft.server.log.appender.install.snapshot.enabled = false (custom)
2019-08-27 19:04:30,232 [pool-148-thread-1] INFO  server.RaftServerConfigKeys (ConfUtils.java:logGet(43)) - raft.server.rpcslowness.timeout = 120s (custom)
2019-08-27 19:04:30,232 [pool-126-thread-1] INFO  impl.RaftServerImpl (ServerState.java:<init>(105)) - 7ffeb123-8a07-43fc-9bc5-d9b026895606:group-E2EBB6DB155D ConfigurationManager, init=-1: [38f28178-96e9-481f-bed8-cfb19f684f50:192.168.5.191:43946, 7ffeb123-8a07-43fc-9bc5-d9b026895606:192.168.5.191:43880, 1a6ef58e-b6d8-4916-b5f4-f66cad6b6cba:192.168.5.191:34654], old=null, confs=<EMPTY_MAP>
2019-08-27 19:04:30,232 [pool-148-thread-1] INFO  server.RaftServerConfigKeys (ConfUtils.java:logGet(43)) - raft.server.sleep.deviation.threshold = 300 (default)
2019-08-27 19:04:30,232 [pool-126-thread-1] INFO  server.RaftServerConfigKeys (ConfUtils.java:logGet(43)) - raft.server.storage.dir = [/workdir/hadoop-ozone/integration-test/target/test-dir/MiniOzoneClusterImpl-599e46d8-0e9a-4b65-aec3-4904bd77efd2/datanode-0/data/ratis] (custom)
2019-08-27 19:04:30,233 [IPC Server handler 5 on 32991] INFO  net.NetworkTopology (NetworkTopologyImpl.java:add(110)) - Added a new node: /default-rack/457b0f2b-feff-4639-91a3-a11070381d4f
2019-08-27 19:04:30,232 [pool-148-thread-1] INFO  server.RaftServerConfigKeys (ConfUtils.java:logGet(43)) - raft.server.log.appender.install.snapshot.enabled = false (custom)
2019-08-27 19:04:30,233 [IPC Server handler 5 on 32991] INFO  node.SCMNodeManager (SCMNodeManager.java:register(273)) - Registered Data node : 457b0f2b-feff-4639-91a3-a11070381d4f{ip: 192.168.5.191, host: pr-hdds-738-k2b25-1829472937, networkLocation: /default-rack, certSerialId: null}
2019-08-27 19:04:30,233 [pool-126-thread-1] INFO  storage.RaftStorageDirectory (RaftStorageDirectory.java:analyzeStorage(246)) - The storage directory /workdir/hadoop-ozone/integration-test/target/test-dir/MiniOzoneClusterImpl-599e46d8-0e9a-4b65-aec3-4904bd77efd2/datanode-0/data/ratis/797c9363-7b9e-428d-9144-e2ebb6db155d does not exist. Creating ...
2019-08-27 19:04:30,233 [pool-148-thread-1] INFO  impl.RaftServerImpl (ServerState.java:<init>(105)) - 1a6ef58e-b6d8-4916-b5f4-f66cad6b6cba:group-E2EBB6DB155D ConfigurationManager, init=-1: [38f28178-96e9-481f-bed8-cfb19f684f50:192.168.5.191:43946, 7ffeb123-8a07-43fc-9bc5-d9b026895606:192.168.5.191:43880, 1a6ef58e-b6d8-4916-b5f4-f66cad6b6cba:192.168.5.191:34654], old=null, confs=<EMPTY_MAP>
2019-08-27 19:04:30,233 [pool-148-thread-1] INFO  server.RaftServerConfigKeys (ConfUtils.java:logGet(43)) - raft.server.storage.dir = [/workdir/hadoop-ozone/integration-test/target/test-dir/MiniOzoneClusterImpl-599e46d8-0e9a-4b65-aec3-4904bd77efd2/datanode-2/data/ratis] (custom)
2019-08-27 19:04:30,233 | INFO  | SCMAudit | user=jenkins1000 | ip=192.168.5.191 | op=REGISTER {datanodeDetails=457b0f2b-feff-4639-91a3-a11070381d4f{ip: 192.168.5.191, host: pr-hdds-738-k2b25-1829472937, networkLocation: /default-rack, certSerialId: null}} | ret=SUCCESS |  
2019-08-27 19:04:30,234 [pool-148-thread-1] INFO  storage.RaftStorageDirectory (RaftStorageDirectory.java:analyzeStorage(246)) - The storage directory /workdir/hadoop-ozone/integration-test/target/test-dir/MiniOzoneClusterImpl-599e46d8-0e9a-4b65-aec3-4904bd77efd2/datanode-2/data/ratis/797c9363-7b9e-428d-9144-e2ebb6db155d does not exist. Creating ...
2019-08-27 19:04:30,234 [pool-137-thread-1] INFO  storage.RaftStorageDirectory (RaftStorageDirectory.java:tryLock(328)) - Lock on /workdir/hadoop-ozone/integration-test/target/test-dir/MiniOzoneClusterImpl-599e46d8-0e9a-4b65-aec3-4904bd77efd2/datanode-1/data/ratis/797c9363-7b9e-428d-9144-e2ebb6db155d/in_use.lock acquired by nodename 18887@pr-hdds-738-k2b25-1829472937
2019-08-27 19:04:30,237 [pool-126-thread-1] INFO  storage.RaftStorageDirectory (RaftStorageDirectory.java:tryLock(328)) - Lock on /workdir/hadoop-ozone/integration-test/target/test-dir/MiniOzoneClusterImpl-599e46d8-0e9a-4b65-aec3-4904bd77efd2/datanode-0/data/ratis/797c9363-7b9e-428d-9144-e2ebb6db155d/in_use.lock acquired by nodename 18887@pr-hdds-738-k2b25-1829472937
2019-08-27 19:04:30,237 [pool-137-thread-1] INFO  storage.RaftStorage (RaftStorage.java:format(72)) - Storage directory /workdir/hadoop-ozone/integration-test/target/test-dir/MiniOzoneClusterImpl-599e46d8-0e9a-4b65-aec3-4904bd77efd2/datanode-1/data/ratis/797c9363-7b9e-428d-9144-e2ebb6db155d has been successfully formatted.
2019-08-27 19:04:30,237 [pool-148-thread-1] INFO  storage.RaftStorageDirectory (RaftStorageDirectory.java:tryLock(328)) - Lock on /workdir/hadoop-ozone/integration-test/target/test-dir/MiniOzoneClusterImpl-599e46d8-0e9a-4b65-aec3-4904bd77efd2/datanode-2/data/ratis/797c9363-7b9e-428d-9144-e2ebb6db155d/in_use.lock acquired by nodename 18887@pr-hdds-738-k2b25-1829472937
2019-08-27 19:04:30,237 [pool-137-thread-1] INFO  ratis.ContainerStateMachine (ContainerStateMachine.java:loadSnapshot(226)) - group-E2EBB6DB155D: The snapshot info is null. Setting the last applied indexto:(t:0, i:~)
2019-08-27 19:04:30,238 [pool-137-thread-1] INFO  server.RaftServerConfigKeys (ConfUtils.java:logGet(43)) - raft.server.leader.election.timeout = 120s (custom)
2019-08-27 19:04:30,238 [pool-137-thread-1] INFO  server.RaftServerConfigKeys (ConfUtils.java:logGet(43)) - raft.server.log.use.memory = false (default)
2019-08-27 19:04:30,238 [pool-137-thread-1] INFO  server.RaftServerConfigKeys (ConfUtils.java:logGet(43)) - raft.server.log.purge.gap = 1000000 (custom)
2019-08-27 19:04:30,238 [pool-137-thread-1] INFO  server.RaftServerConfigKeys (ConfUtils.java:logGet(43)) - raft.server.log.appender.buffer.byte-limit = 33554432 (custom)
2019-08-27 19:04:30,238 [pool-137-thread-1] INFO  server.RaftServerConfigKeys (ConfUtils.java:logGet(43)) - raft.server.log.segment.size.max = 1048576 (custom)
2019-08-27 19:04:30,238 [pool-137-thread-1] INFO  server.RaftServerConfigKeys (ConfUtils.java:logGet(43)) - raft.server.log.segment.cache.num.max = 2 (custom)
2019-08-27 19:04:30,238 [pool-137-thread-1] INFO  segmented.SegmentedRaftLogWorker (SegmentedRaftLogWorker.java:<init>(172)) - new 38f28178-96e9-481f-bed8-cfb19f684f50-SegmentedRaftLogWorker:Storage Directory /workdir/hadoop-ozone/integration-test/target/test-dir/MiniOzoneClusterImpl-599e46d8-0e9a-4b65-aec3-4904bd77efd2/datanode-1/data/ratis/797c9363-7b9e-428d-9144-e2ebb6db155d for RaftStorage:Storage Directory /workdir/hadoop-ozone/integration-test/target/test-dir/MiniOzoneClusterImpl-599e46d8-0e9a-4b65-aec3-4904bd77efd2/datanode-1/data/ratis/797c9363-7b9e-428d-9144-e2ebb6db155d
2019-08-27 19:04:30,239 [pool-137-thread-1] INFO  server.RaftServerConfigKeys (ConfUtils.java:logGet(43)) - raft.server.log.queue.byte-limit = 2147483647 (custom)
2019-08-27 19:04:30,239 [pool-137-thread-1] INFO  server.RaftServerConfigKeys (ConfUtils.java:logGet(43)) - raft.server.log.queue.element-limit = 1024 (custom)
2019-08-27 19:04:30,239 [pool-137-thread-1] INFO  server.RaftServerConfigKeys (ConfUtils.java:logGet(43)) - raft.server.log.segment.size.max = 1048576 (custom)
2019-08-27 19:04:30,239 [pool-137-thread-1] INFO  server.RaftServerConfigKeys (ConfUtils.java:logGet(43)) - raft.server.log.preallocated.size = 16384 (custom)
2019-08-27 19:04:30,239 [pool-137-thread-1] INFO  server.RaftServerConfigKeys (ConfUtils.java:logGet(43)) - raft.server.log.write.buffer.size = 33554432 (custom)
2019-08-27 19:04:30,239 [pool-137-thread-1] INFO  server.RaftServerConfigKeys (ConfUtils.java:logGet(43)) - raft.server.log.force.sync.num = 128 (default)
2019-08-27 19:04:30,239 [pool-137-thread-1] INFO  server.RaftServerConfigKeys (ConfUtils.java:logGet(43)) - raft.server.log.statemachine.data.sync = true (default)
2019-08-27 19:04:30,239 [pool-137-thread-1] INFO  server.RaftServerConfigKeys (ConfUtils.java:logGet(43)) - raft.server.log.statemachine.data.sync.timeout = 10s (default)
2019-08-27 19:04:30,239 [pool-137-thread-1] INFO  server.RaftServerConfigKeys (ConfUtils.java:logGet(43)) - raft.server.log.statemachine.data.sync.timeout.retry = -1 (default)
2019-08-27 19:04:30,240 [pool-137-thread-1] INFO  server.RaftServerConfigKeys (ConfUtils.java:logGet(43)) - raft.server.log.statemachine.data.caching.enabled = true (custom)
2019-08-27 19:04:30,241 [pool-137-thread-1] INFO  segmented.SegmentedRaftLogWorker (SegmentedRaftLogWorker.java:lambda$new$0(132)) - 38f28178-96e9-481f-bed8-cfb19f684f50-SegmentedRaftLogWorker:Storage Directory /workdir/hadoop-ozone/integration-test/target/test-dir/MiniOzoneClusterImpl-599e46d8-0e9a-4b65-aec3-4904bd77efd2/datanode-1/data/ratis/797c9363-7b9e-428d-9144-e2ebb6db155d: flushIndex: setUnconditionally 0 -> -1
2019-08-27 19:04:30,241 [pool-137-thread-1] INFO  server.RaftServerConfigKeys (ConfUtils.java:logGet(43)) - raft.server.snapshot.auto.trigger.enabled = true (custom)
2019-08-27 19:04:30,241 [pool-137-thread-1] INFO  server.RaftServerConfigKeys (ConfUtils.java:logGet(43)) - raft.server.snapshot.auto.trigger.threshold = 10000 (custom)
2019-08-27 19:04:30,241 [pool-137-thread-1] INFO  server.RaftServerConfigKeys (ConfUtils.java:logGet(43)) - raft.server.retrycache.expirytime = 600000ms (custom)
2019-08-27 19:04:30,241 [pool-137-thread-1] INFO  impl.RaftServerImpl (RaftServerImpl.java:start(180)) - 38f28178-96e9-481f-bed8-cfb19f684f50: start group-E2EBB6DB155D
2019-08-27 19:04:30,242 [pool-137-thread-1] INFO  impl.RaftServerImpl (RaftServerImpl.java:setRole(171)) - 38f28178-96e9-481f-bed8-cfb19f684f50:group-E2EBB6DB155D changes role from null to FOLLOWER at term 0 for startAsFollower
2019-08-27 19:04:30,242 [pool-137-thread-1] INFO  impl.RoleInfo (RoleInfo.java:updateAndGet(143)) - 38f28178-96e9-481f-bed8-cfb19f684f50: start FollowerState
2019-08-27 19:04:30,248 [pool-137-thread-1] INFO  util.JmxRegister (JmxRegister.java:tryRegister(44)) - Successfully registered JMX Bean with object name Ratis:service=RaftServer,group=group-E2EBB6DB155D,id=38f28178-96e9-481f-bed8-cfb19f684f50
2019-08-27 19:04:30,248 [pool-126-thread-1] INFO  storage.RaftStorage (RaftStorage.java:format(72)) - Storage directory /workdir/hadoop-ozone/integration-test/target/test-dir/MiniOzoneClusterImpl-599e46d8-0e9a-4b65-aec3-4904bd77efd2/datanode-0/data/ratis/797c9363-7b9e-428d-9144-e2ebb6db155d has been successfully formatted.
2019-08-27 19:04:30,248 [pool-148-thread-1] INFO  storage.RaftStorage (RaftStorage.java:format(72)) - Storage directory /workdir/hadoop-ozone/integration-test/target/test-dir/MiniOzoneClusterImpl-599e46d8-0e9a-4b65-aec3-4904bd77efd2/datanode-2/data/ratis/797c9363-7b9e-428d-9144-e2ebb6db155d has been successfully formatted.
2019-08-27 19:04:30,253 [pool-126-thread-1] INFO  ratis.ContainerStateMachine (ContainerStateMachine.java:loadSnapshot(226)) - group-E2EBB6DB155D: The snapshot info is null. Setting the last applied indexto:(t:0, i:~)
2019-08-27 19:04:30,254 [pool-126-thread-1] INFO  server.RaftServerConfigKeys (ConfUtils.java:logGet(43)) - raft.server.leader.election.timeout = 120s (custom)
2019-08-27 19:04:30,254 [pool-148-thread-1] INFO  ratis.ContainerStateMachine (ContainerStateMachine.java:loadSnapshot(226)) - group-E2EBB6DB155D: The snapshot info is null. Setting the last applied indexto:(t:0, i:~)
2019-08-27 19:04:30,254 [pool-126-thread-1] INFO  server.RaftServerConfigKeys (ConfUtils.java:logGet(43)) - raft.server.log.use.memory = false (default)
2019-08-27 19:04:30,254 [pool-148-thread-1] INFO  server.RaftServerConfigKeys (ConfUtils.java:logGet(43)) - raft.server.leader.election.timeout = 120s (custom)
2019-08-27 19:04:30,254 [pool-126-thread-1] INFO  server.RaftServerConfigKeys (ConfUtils.java:logGet(43)) - raft.server.log.purge.gap = 1000000 (custom)
2019-08-27 19:04:30,254 [pool-148-thread-1] INFO  server.RaftServerConfigKeys (ConfUtils.java:logGet(43)) - raft.server.log.use.memory = false (default)
2019-08-27 19:04:30,254 [pool-126-thread-1] INFO  server.RaftServerConfigKeys (ConfUtils.java:logGet(43)) - raft.server.log.appender.buffer.byte-limit = 33554432 (custom)
2019-08-27 19:04:30,254 [pool-148-thread-1] INFO  server.RaftServerConfigKeys (ConfUtils.java:logGet(43)) - raft.server.log.purge.gap = 1000000 (custom)
2019-08-27 19:04:30,255 [pool-126-thread-1] INFO  server.RaftServerConfigKeys (ConfUtils.java:logGet(43)) - raft.server.log.segment.size.max = 1048576 (custom)
2019-08-27 19:04:30,255 [pool-148-thread-1] INFO  server.RaftServerConfigKeys (ConfUtils.java:logGet(43)) - raft.server.log.appender.buffer.byte-limit = 33554432 (custom)
2019-08-27 19:04:30,255 [pool-126-thread-1] INFO  server.RaftServerConfigKeys (ConfUtils.java:logGet(43)) - raft.server.log.segment.cache.num.max = 2 (custom)
2019-08-27 19:04:30,255 [pool-148-thread-1] INFO  server.RaftServerConfigKeys (ConfUtils.java:logGet(43)) - raft.server.log.segment.size.max = 1048576 (custom)
2019-08-27 19:04:30,255 [pool-126-thread-1] INFO  segmented.SegmentedRaftLogWorker (SegmentedRaftLogWorker.java:<init>(172)) - new 7ffeb123-8a07-43fc-9bc5-d9b026895606-SegmentedRaftLogWorker:Storage Directory /workdir/hadoop-ozone/integration-test/target/test-dir/MiniOzoneClusterImpl-599e46d8-0e9a-4b65-aec3-4904bd77efd2/datanode-0/data/ratis/797c9363-7b9e-428d-9144-e2ebb6db155d for RaftStorage:Storage Directory /workdir/hadoop-ozone/integration-test/target/test-dir/MiniOzoneClusterImpl-599e46d8-0e9a-4b65-aec3-4904bd77efd2/datanode-0/data/ratis/797c9363-7b9e-428d-9144-e2ebb6db155d
2019-08-27 19:04:30,255 [pool-148-thread-1] INFO  server.RaftServerConfigKeys (ConfUtils.java:logGet(43)) - raft.server.log.segment.cache.num.max = 2 (custom)
2019-08-27 19:04:30,255 [pool-126-thread-1] INFO  server.RaftServerConfigKeys (ConfUtils.java:logGet(43)) - raft.server.log.queue.byte-limit = 2147483647 (custom)
2019-08-27 19:04:30,255 [pool-148-thread-1] INFO  segmented.SegmentedRaftLogWorker (SegmentedRaftLogWorker.java:<init>(172)) - new 1a6ef58e-b6d8-4916-b5f4-f66cad6b6cba-SegmentedRaftLogWorker:Storage Directory /workdir/hadoop-ozone/integration-test/target/test-dir/MiniOzoneClusterImpl-599e46d8-0e9a-4b65-aec3-4904bd77efd2/datanode-2/data/ratis/797c9363-7b9e-428d-9144-e2ebb6db155d for RaftStorage:Storage Directory /workdir/hadoop-ozone/integration-test/target/test-dir/MiniOzoneClusterImpl-599e46d8-0e9a-4b65-aec3-4904bd77efd2/datanode-2/data/ratis/797c9363-7b9e-428d-9144-e2ebb6db155d
2019-08-27 19:04:30,256 [pool-126-thread-1] INFO  server.RaftServerConfigKeys (ConfUtils.java:logGet(43)) - raft.server.log.queue.element-limit = 1024 (custom)
2019-08-27 19:04:30,256 [pool-148-thread-1] INFO  server.RaftServerConfigKeys (ConfUtils.java:logGet(43)) - raft.server.log.queue.byte-limit = 2147483647 (custom)
2019-08-27 19:04:30,256 [pool-126-thread-1] INFO  server.RaftServerConfigKeys (ConfUtils.java:logGet(43)) - raft.server.log.segment.size.max = 1048576 (custom)
2019-08-27 19:04:30,256 [pool-148-thread-1] INFO  server.RaftServerConfigKeys (ConfUtils.java:logGet(43)) - raft.server.log.queue.element-limit = 1024 (custom)
2019-08-27 19:04:30,256 [pool-126-thread-1] INFO  server.RaftServerConfigKeys (ConfUtils.java:logGet(43)) - raft.server.log.preallocated.size = 16384 (custom)
2019-08-27 19:04:30,256 [pool-148-thread-1] INFO  server.RaftServerConfigKeys (ConfUtils.java:logGet(43)) - raft.server.log.segment.size.max = 1048576 (custom)
2019-08-27 19:04:30,256 [pool-126-thread-1] INFO  server.RaftServerConfigKeys (ConfUtils.java:logGet(43)) - raft.server.log.write.buffer.size = 33554432 (custom)
2019-08-27 19:04:30,256 [pool-148-thread-1] INFO  server.RaftServerConfigKeys (ConfUtils.java:logGet(43)) - raft.server.log.preallocated.size = 16384 (custom)
2019-08-27 19:04:30,257 [pool-126-thread-1] INFO  server.RaftServerConfigKeys (ConfUtils.java:logGet(43)) - raft.server.log.force.sync.num = 128 (default)
2019-08-27 19:04:30,257 [pool-148-thread-1] INFO  server.RaftServerConfigKeys (ConfUtils.java:logGet(43)) - raft.server.log.write.buffer.size = 33554432 (custom)
2019-08-27 19:04:30,257 [pool-126-thread-1] INFO  server.RaftServerConfigKeys (ConfUtils.java:logGet(43)) - raft.server.log.statemachine.data.sync = true (default)
2019-08-27 19:04:30,257 [pool-148-thread-1] INFO  server.RaftServerConfigKeys (ConfUtils.java:logGet(43)) - raft.server.log.force.sync.num = 128 (default)
2019-08-27 19:04:30,257 [pool-126-thread-1] INFO  server.RaftServerConfigKeys (ConfUtils.java:logGet(43)) - raft.server.log.statemachine.data.sync.timeout = 10s (default)
2019-08-27 19:04:30,257 [pool-148-thread-1] INFO  server.RaftServerConfigKeys (ConfUtils.java:logGet(43)) - raft.server.log.statemachine.data.sync = true (default)
2019-08-27 19:04:30,257 [pool-126-thread-1] INFO  server.RaftServerConfigKeys (ConfUtils.java:logGet(43)) - raft.server.log.statemachine.data.sync.timeout.retry = -1 (default)
2019-08-27 19:04:30,258 [pool-148-thread-1] INFO  server.RaftServerConfigKeys (ConfUtils.java:logGet(43)) - raft.server.log.statemachine.data.sync.timeout = 10s (default)
2019-08-27 19:04:30,258 [pool-126-thread-1] INFO  server.RaftServerConfigKeys (ConfUtils.java:logGet(43)) - raft.server.log.statemachine.data.caching.enabled = true (custom)
2019-08-27 19:04:30,258 [pool-148-thread-1] INFO  server.RaftServerConfigKeys (ConfUtils.java:logGet(43)) - raft.server.log.statemachine.data.sync.timeout.retry = -1 (default)
2019-08-27 19:04:30,258 [pool-126-thread-1] INFO  segmented.SegmentedRaftLogWorker (SegmentedRaftLogWorker.java:lambda$new$0(132)) - 7ffeb123-8a07-43fc-9bc5-d9b026895606-SegmentedRaftLogWorker:Storage Directory /workdir/hadoop-ozone/integration-test/target/test-dir/MiniOzoneClusterImpl-599e46d8-0e9a-4b65-aec3-4904bd77efd2/datanode-0/data/ratis/797c9363-7b9e-428d-9144-e2ebb6db155d: flushIndex: setUnconditionally 0 -> -1
2019-08-27 19:04:30,258 [pool-148-thread-1] INFO  server.RaftServerConfigKeys (ConfUtils.java:logGet(43)) - raft.server.log.statemachine.data.caching.enabled = true (custom)
2019-08-27 19:04:30,258 [pool-126-thread-1] INFO  server.RaftServerConfigKeys (ConfUtils.java:logGet(43)) - raft.server.snapshot.auto.trigger.enabled = true (custom)
2019-08-27 19:04:30,259 [pool-148-thread-1] INFO  segmented.SegmentedRaftLogWorker (SegmentedRaftLogWorker.java:lambda$new$0(132)) - 1a6ef58e-b6d8-4916-b5f4-f66cad6b6cba-SegmentedRaftLogWorker:Storage Directory /workdir/hadoop-ozone/integration-test/target/test-dir/MiniOzoneClusterImpl-599e46d8-0e9a-4b65-aec3-4904bd77efd2/datanode-2/data/ratis/797c9363-7b9e-428d-9144-e2ebb6db155d: flushIndex: setUnconditionally 0 -> -1
2019-08-27 19:04:30,259 [pool-126-thread-1] INFO  server.RaftServerConfigKeys (ConfUtils.java:logGet(43)) - raft.server.snapshot.auto.trigger.threshold = 10000 (custom)
2019-08-27 19:04:30,259 [pool-148-thread-1] INFO  server.RaftServerConfigKeys (ConfUtils.java:logGet(43)) - raft.server.snapshot.auto.trigger.enabled = true (custom)
2019-08-27 19:04:30,259 [pool-126-thread-1] INFO  server.RaftServerConfigKeys (ConfUtils.java:logGet(43)) - raft.server.retrycache.expirytime = 600000ms (custom)
2019-08-27 19:04:30,259 [pool-148-thread-1] INFO  server.RaftServerConfigKeys (ConfUtils.java:logGet(43)) - raft.server.snapshot.auto.trigger.threshold = 10000 (custom)
2019-08-27 19:04:30,259 [pool-126-thread-1] INFO  impl.RaftServerImpl (RaftServerImpl.java:start(180)) - 7ffeb123-8a07-43fc-9bc5-d9b026895606: start group-E2EBB6DB155D
2019-08-27 19:04:30,259 [pool-148-thread-1] INFO  server.RaftServerConfigKeys (ConfUtils.java:logGet(43)) - raft.server.retrycache.expirytime = 600000ms (custom)
2019-08-27 19:04:30,259 [pool-126-thread-1] INFO  impl.RaftServerImpl (RaftServerImpl.java:setRole(171)) - 7ffeb123-8a07-43fc-9bc5-d9b026895606:group-E2EBB6DB155D changes role from null to FOLLOWER at term 0 for startAsFollower
2019-08-27 19:04:30,260 [pool-148-thread-1] INFO  impl.RaftServerImpl (RaftServerImpl.java:start(180)) - 1a6ef58e-b6d8-4916-b5f4-f66cad6b6cba: start group-E2EBB6DB155D
2019-08-27 19:04:30,260 [pool-126-thread-1] INFO  impl.RoleInfo (RoleInfo.java:updateAndGet(143)) - 7ffeb123-8a07-43fc-9bc5-d9b026895606: start FollowerState
2019-08-27 19:04:30,260 [pool-148-thread-1] INFO  impl.RaftServerImpl (RaftServerImpl.java:setRole(171)) - 1a6ef58e-b6d8-4916-b5f4-f66cad6b6cba:group-E2EBB6DB155D changes role from null to FOLLOWER at term 0 for startAsFollower
2019-08-27 19:04:30,260 [pool-148-thread-1] INFO  impl.RoleInfo (RoleInfo.java:updateAndGet(143)) - 1a6ef58e-b6d8-4916-b5f4-f66cad6b6cba: start FollowerState
2019-08-27 19:04:30,260 [pool-126-thread-1] INFO  util.JmxRegister (JmxRegister.java:tryRegister(44)) - Successfully registered JMX Bean with object name Ratis:service=RaftServer,group=group-E2EBB6DB155D,id=7ffeb123-8a07-43fc-9bc5-d9b026895606
2019-08-27 19:04:30,260 [pool-148-thread-1] INFO  util.JmxRegister (JmxRegister.java:tryRegister(44)) - Successfully registered JMX Bean with object name Ratis:service=RaftServer,group=group-E2EBB6DB155D,id=1a6ef58e-b6d8-4916-b5f4-f66cad6b6cba
2019-08-27 19:04:30,263 [RatisPipelineUtilsThread] INFO  pipeline.PipelineStateManager (PipelineStateManager.java:addPipeline(56)) - Created pipeline Pipeline[ Id: 797c9363-7b9e-428d-9144-e2ebb6db155d, Nodes: 1a6ef58e-b6d8-4916-b5f4-f66cad6b6cba{ip: 192.168.5.191, host: pr-hdds-738-k2b25-1829472937, networkLocation: /default-rack, certSerialId: null}7ffeb123-8a07-43fc-9bc5-d9b026895606{ip: 192.168.5.191, host: pr-hdds-738-k2b25-1829472937, networkLocation: /default-rack, certSerialId: null}38f28178-96e9-481f-bed8-cfb19f684f50{ip: 192.168.5.191, host: pr-hdds-738-k2b25-1829472937, networkLocation: /default-rack, certSerialId: null}, Type:RATIS, Factor:THREE, State:OPEN]
2019-08-27 19:04:30,299 [IPC Server handler 6 on 32991] INFO  net.NetworkTopology (NetworkTopologyImpl.java:add(110)) - Added a new node: /default-rack/3e80ec3d-d0df-446e-9c00-872113d57222
2019-08-27 19:04:30,299 [IPC Server handler 6 on 32991] INFO  node.SCMNodeManager (SCMNodeManager.java:register(273)) - Registered Data node : 3e80ec3d-d0df-446e-9c00-872113d57222{ip: 192.168.5.191, host: pr-hdds-738-k2b25-1829472937, networkLocation: /default-rack, certSerialId: null}
2019-08-27 19:04:30,299 | INFO  | SCMAudit | user=jenkins1000 | ip=192.168.5.191 | op=REGISTER {datanodeDetails=3e80ec3d-d0df-446e-9c00-872113d57222{ip: 192.168.5.191, host: pr-hdds-738-k2b25-1829472937, networkLocation: /default-rack, certSerialId: null}} | ret=SUCCESS |  
2019-08-27 19:04:30,309 [grpc-default-executor-5] INFO  impl.RaftServerProxy (RaftServerProxy.java:addNew(89)) - 457b0f2b-feff-4639-91a3-a11070381d4f: addNew group-871C3D5C4E57:[457b0f2b-feff-4639-91a3-a11070381d4f:192.168.5.191:34209] returns group-871C3D5C4E57:java.util.concurrent.CompletableFuture@304dbb9[Not completed]
2019-08-27 19:04:30,316 [pool-159-thread-1] INFO  impl.RaftServerImpl (RaftServerImpl.java:<init>(93)) - 457b0f2b-feff-4639-91a3-a11070381d4f: new RaftServerImpl for group-871C3D5C4E57:[457b0f2b-feff-4639-91a3-a11070381d4f:192.168.5.191:34209] with ContainerStateMachine:uninitialized
2019-08-27 19:04:30,316 [pool-159-thread-1] INFO  server.RaftServerConfigKeys (ConfUtils.java:logGet(43)) - raft.server.rpc.timeout.min = 5s (custom)
2019-08-27 19:04:30,316 [pool-159-thread-1] INFO  server.RaftServerConfigKeys (ConfUtils.java:logGet(43)) - raft.server.rpc.timeout.max = 5200ms (custom)
2019-08-27 19:04:30,316 [pool-159-thread-1] INFO  server.RaftServerConfigKeys (ConfUtils.java:logGet(43)) - raft.server.rpcslowness.timeout = 120s (custom)
2019-08-27 19:04:30,316 [pool-159-thread-1] INFO  server.RaftServerConfigKeys (ConfUtils.java:logGet(43)) - raft.server.sleep.deviation.threshold = 300 (default)
2019-08-27 19:04:30,317 [pool-159-thread-1] INFO  server.RaftServerConfigKeys (ConfUtils.java:logGet(43)) - raft.server.log.appender.install.snapshot.enabled = false (custom)
2019-08-27 19:04:30,317 [pool-159-thread-1] INFO  impl.RaftServerImpl (ServerState.java:<init>(105)) - 457b0f2b-feff-4639-91a3-a11070381d4f:group-871C3D5C4E57 ConfigurationManager, init=-1: [457b0f2b-feff-4639-91a3-a11070381d4f:192.168.5.191:34209], old=null, confs=<EMPTY_MAP>
2019-08-27 19:04:30,317 [pool-159-thread-1] INFO  server.RaftServerConfigKeys (ConfUtils.java:logGet(43)) - raft.server.storage.dir = [/workdir/hadoop-ozone/integration-test/target/test-dir/MiniOzoneClusterImpl-599e46d8-0e9a-4b65-aec3-4904bd77efd2/datanode-3/data/ratis] (custom)
2019-08-27 19:04:30,317 [pool-159-thread-1] INFO  storage.RaftStorageDirectory (RaftStorageDirectory.java:analyzeStorage(246)) - The storage directory /workdir/hadoop-ozone/integration-test/target/test-dir/MiniOzoneClusterImpl-599e46d8-0e9a-4b65-aec3-4904bd77efd2/datanode-3/data/ratis/c608bfd2-a860-4e2c-bc75-871c3d5c4e57 does not exist. Creating ...
2019-08-27 19:04:30,329 [pool-159-thread-1] INFO  storage.RaftStorageDirectory (RaftStorageDirectory.java:tryLock(328)) - Lock on /workdir/hadoop-ozone/integration-test/target/test-dir/MiniOzoneClusterImpl-599e46d8-0e9a-4b65-aec3-4904bd77efd2/datanode-3/data/ratis/c608bfd2-a860-4e2c-bc75-871c3d5c4e57/in_use.lock acquired by nodename 18887@pr-hdds-738-k2b25-1829472937
2019-08-27 19:04:30,355 [pool-159-thread-1] INFO  storage.RaftStorage (RaftStorage.java:format(72)) - Storage directory /workdir/hadoop-ozone/integration-test/target/test-dir/MiniOzoneClusterImpl-599e46d8-0e9a-4b65-aec3-4904bd77efd2/datanode-3/data/ratis/c608bfd2-a860-4e2c-bc75-871c3d5c4e57 has been successfully formatted.
2019-08-27 19:04:30,355 [pool-159-thread-1] INFO  ratis.ContainerStateMachine (ContainerStateMachine.java:loadSnapshot(226)) - group-871C3D5C4E57: The snapshot info is null. Setting the last applied indexto:(t:0, i:~)
2019-08-27 19:04:30,355 [pool-159-thread-1] INFO  server.RaftServerConfigKeys (ConfUtils.java:logGet(43)) - raft.server.leader.election.timeout = 120s (custom)
2019-08-27 19:04:30,356 [pool-159-thread-1] INFO  server.RaftServerConfigKeys (ConfUtils.java:logGet(43)) - raft.server.log.use.memory = false (default)
2019-08-27 19:04:30,356 [pool-159-thread-1] INFO  server.RaftServerConfigKeys (ConfUtils.java:logGet(43)) - raft.server.log.purge.gap = 1000000 (custom)
2019-08-27 19:04:30,356 [pool-159-thread-1] INFO  server.RaftServerConfigKeys (ConfUtils.java:logGet(43)) - raft.server.log.appender.buffer.byte-limit = 33554432 (custom)
2019-08-27 19:04:30,356 [pool-159-thread-1] INFO  server.RaftServerConfigKeys (ConfUtils.java:logGet(43)) - raft.server.log.segment.size.max = 1048576 (custom)
2019-08-27 19:04:30,356 [pool-159-thread-1] INFO  server.RaftServerConfigKeys (ConfUtils.java:logGet(43)) - raft.server.log.segment.cache.num.max = 2 (custom)
2019-08-27 19:04:30,357 [pool-159-thread-1] INFO  segmented.SegmentedRaftLogWorker (SegmentedRaftLogWorker.java:<init>(172)) - new 457b0f2b-feff-4639-91a3-a11070381d4f-SegmentedRaftLogWorker:Storage Directory /workdir/hadoop-ozone/integration-test/target/test-dir/MiniOzoneClusterImpl-599e46d8-0e9a-4b65-aec3-4904bd77efd2/datanode-3/data/ratis/c608bfd2-a860-4e2c-bc75-871c3d5c4e57 for RaftStorage:Storage Directory /workdir/hadoop-ozone/integration-test/target/test-dir/MiniOzoneClusterImpl-599e46d8-0e9a-4b65-aec3-4904bd77efd2/datanode-3/data/ratis/c608bfd2-a860-4e2c-bc75-871c3d5c4e57
2019-08-27 19:04:30,357 [pool-159-thread-1] INFO  server.RaftServerConfigKeys (ConfUtils.java:logGet(43)) - raft.server.log.queue.byte-limit = 2147483647 (custom)
2019-08-27 19:04:30,357 [pool-159-thread-1] INFO  server.RaftServerConfigKeys (ConfUtils.java:logGet(43)) - raft.server.log.queue.element-limit = 1024 (custom)
2019-08-27 19:04:30,357 [pool-159-thread-1] INFO  server.RaftServerConfigKeys (ConfUtils.java:logGet(43)) - raft.server.log.segment.size.max = 1048576 (custom)
2019-08-27 19:04:30,357 [pool-159-thread-1] INFO  server.RaftServerConfigKeys (ConfUtils.java:logGet(43)) - raft.server.log.preallocated.size = 16384 (custom)
2019-08-27 19:04:30,358 [pool-159-thread-1] INFO  server.RaftServerConfigKeys (ConfUtils.java:logGet(43)) - raft.server.log.write.buffer.size = 33554432 (custom)
2019-08-27 19:04:30,358 [pool-159-thread-1] INFO  server.RaftServerConfigKeys (ConfUtils.java:logGet(43)) - raft.server.log.force.sync.num = 128 (default)
2019-08-27 19:04:30,358 [pool-159-thread-1] INFO  server.RaftServerConfigKeys (ConfUtils.java:logGet(43)) - raft.server.log.statemachine.data.sync = true (default)
2019-08-27 19:04:30,358 [pool-159-thread-1] INFO  server.RaftServerConfigKeys (ConfUtils.java:logGet(43)) - raft.server.log.statemachine.data.sync.timeout = 10s (default)
2019-08-27 19:04:30,358 [pool-159-thread-1] INFO  server.RaftServerConfigKeys (ConfUtils.java:logGet(43)) - raft.server.log.statemachine.data.sync.timeout.retry = -1 (default)
2019-08-27 19:04:30,359 [pool-159-thread-1] INFO  server.RaftServerConfigKeys (ConfUtils.java:logGet(43)) - raft.server.log.statemachine.data.caching.enabled = true (custom)
2019-08-27 19:04:30,359 [pool-159-thread-1] INFO  segmented.SegmentedRaftLogWorker (SegmentedRaftLogWorker.java:lambda$new$0(132)) - 457b0f2b-feff-4639-91a3-a11070381d4f-SegmentedRaftLogWorker:Storage Directory /workdir/hadoop-ozone/integration-test/target/test-dir/MiniOzoneClusterImpl-599e46d8-0e9a-4b65-aec3-4904bd77efd2/datanode-3/data/ratis/c608bfd2-a860-4e2c-bc75-871c3d5c4e57: flushIndex: setUnconditionally 0 -> -1
2019-08-27 19:04:30,359 [pool-159-thread-1] INFO  server.RaftServerConfigKeys (ConfUtils.java:logGet(43)) - raft.server.snapshot.auto.trigger.enabled = true (custom)
2019-08-27 19:04:30,360 [pool-159-thread-1] INFO  server.RaftServerConfigKeys (ConfUtils.java:logGet(43)) - raft.server.snapshot.auto.trigger.threshold = 10000 (custom)
2019-08-27 19:04:30,360 [pool-159-thread-1] INFO  server.RaftServerConfigKeys (ConfUtils.java:logGet(43)) - raft.server.retrycache.expirytime = 600000ms (custom)
2019-08-27 19:04:30,360 [pool-159-thread-1] INFO  impl.RaftServerImpl (RaftServerImpl.java:start(180)) - 457b0f2b-feff-4639-91a3-a11070381d4f: start group-871C3D5C4E57
2019-08-27 19:04:30,360 [pool-159-thread-1] INFO  impl.RaftServerImpl (RaftServerImpl.java:setRole(171)) - 457b0f2b-feff-4639-91a3-a11070381d4f:group-871C3D5C4E57 changes role from null to FOLLOWER at term 0 for startAsFollower
2019-08-27 19:04:30,360 [pool-159-thread-1] INFO  impl.RoleInfo (RoleInfo.java:updateAndGet(143)) - 457b0f2b-feff-4639-91a3-a11070381d4f: start FollowerState
2019-08-27 19:04:30,361 [pool-159-thread-1] INFO  util.JmxRegister (JmxRegister.java:tryRegister(44)) - Successfully registered JMX Bean with object name Ratis:service=RaftServer,group=group-871C3D5C4E57,id=457b0f2b-feff-4639-91a3-a11070381d4f
2019-08-27 19:04:30,364 [RatisPipelineUtilsThread] INFO  pipeline.PipelineStateManager (PipelineStateManager.java:addPipeline(56)) - Created pipeline Pipeline[ Id: c608bfd2-a860-4e2c-bc75-871c3d5c4e57, Nodes: 457b0f2b-feff-4639-91a3-a11070381d4f{ip: 192.168.5.191, host: pr-hdds-738-k2b25-1829472937, networkLocation: /default-rack, certSerialId: null}, Type:RATIS, Factor:ONE, State:OPEN]
2019-08-27 19:04:30,370 [IPC Server handler 1 on 32991] INFO  net.NetworkTopology (NetworkTopologyImpl.java:add(110)) - Added a new node: /default-rack/d3c05237-bd84-4234-a934-0ba66750ea46
2019-08-27 19:04:30,370 [IPC Server handler 1 on 32991] INFO  node.SCMNodeManager (SCMNodeManager.java:register(273)) - Registered Data node : d3c05237-bd84-4234-a934-0ba66750ea46{ip: 192.168.5.191, host: pr-hdds-738-k2b25-1829472937, networkLocation: /default-rack, certSerialId: null}
2019-08-27 19:04:30,370 | INFO  | SCMAudit | user=jenkins1000 | ip=192.168.5.191 | op=REGISTER {datanodeDetails=d3c05237-bd84-4234-a934-0ba66750ea46{ip: 192.168.5.191, host: pr-hdds-738-k2b25-1829472937, networkLocation: /default-rack, certSerialId: null}} | ret=SUCCESS |  
2019-08-27 19:04:30,377 [grpc-default-executor-5] INFO  impl.RaftServerProxy (RaftServerProxy.java:addNew(89)) - 3e80ec3d-d0df-446e-9c00-872113d57222: addNew group-F952D5A68690:[3e80ec3d-d0df-446e-9c00-872113d57222:192.168.5.191:38812] returns group-F952D5A68690:java.util.concurrent.CompletableFuture@30474102[Not completed]
2019-08-27 19:04:30,383 [pool-170-thread-1] INFO  impl.RaftServerImpl (RaftServerImpl.java:<init>(93)) - 3e80ec3d-d0df-446e-9c00-872113d57222: new RaftServerImpl for group-F952D5A68690:[3e80ec3d-d0df-446e-9c00-872113d57222:192.168.5.191:38812] with ContainerStateMachine:uninitialized
2019-08-27 19:04:30,383 [pool-170-thread-1] INFO  server.RaftServerConfigKeys (ConfUtils.java:logGet(43)) - raft.server.rpc.timeout.min = 5s (custom)
2019-08-27 19:04:30,383 [pool-170-thread-1] INFO  server.RaftServerConfigKeys (ConfUtils.java:logGet(43)) - raft.server.rpc.timeout.max = 5200ms (custom)
2019-08-27 19:04:30,383 [pool-170-thread-1] INFO  server.RaftServerConfigKeys (ConfUtils.java:logGet(43)) - raft.server.rpcslowness.timeout = 120s (custom)
2019-08-27 19:04:30,384 [pool-170-thread-1] INFO  server.RaftServerConfigKeys (ConfUtils.java:logGet(43)) - raft.server.sleep.deviation.threshold = 300 (default)
2019-08-27 19:04:30,384 [pool-170-thread-1] INFO  server.RaftServerConfigKeys (ConfUtils.java:logGet(43)) - raft.server.log.appender.install.snapshot.enabled = false (custom)
2019-08-27 19:04:30,384 [pool-170-thread-1] INFO  impl.RaftServerImpl (ServerState.java:<init>(105)) - 3e80ec3d-d0df-446e-9c00-872113d57222:group-F952D5A68690 ConfigurationManager, init=-1: [3e80ec3d-d0df-446e-9c00-872113d57222:192.168.5.191:38812], old=null, confs=<EMPTY_MAP>
2019-08-27 19:04:30,384 [pool-170-thread-1] INFO  server.RaftServerConfigKeys (ConfUtils.java:logGet(43)) - raft.server.storage.dir = [/workdir/hadoop-ozone/integration-test/target/test-dir/MiniOzoneClusterImpl-599e46d8-0e9a-4b65-aec3-4904bd77efd2/datanode-4/data/ratis] (custom)
2019-08-27 19:04:30,384 [pool-170-thread-1] INFO  storage.RaftStorageDirectory (RaftStorageDirectory.java:analyzeStorage(246)) - The storage directory /workdir/hadoop-ozone/integration-test/target/test-dir/MiniOzoneClusterImpl-599e46d8-0e9a-4b65-aec3-4904bd77efd2/datanode-4/data/ratis/ee72fdfa-e2a7-486f-8289-f952d5a68690 does not exist. Creating ...
2019-08-27 19:04:30,397 [pool-170-thread-1] INFO  storage.RaftStorageDirectory (RaftStorageDirectory.java:tryLock(328)) - Lock on /workdir/hadoop-ozone/integration-test/target/test-dir/MiniOzoneClusterImpl-599e46d8-0e9a-4b65-aec3-4904bd77efd2/datanode-4/data/ratis/ee72fdfa-e2a7-486f-8289-f952d5a68690/in_use.lock acquired by nodename 18887@pr-hdds-738-k2b25-1829472937
2019-08-27 19:04:30,411 [pool-170-thread-1] INFO  storage.RaftStorage (RaftStorage.java:format(72)) - Storage directory /workdir/hadoop-ozone/integration-test/target/test-dir/MiniOzoneClusterImpl-599e46d8-0e9a-4b65-aec3-4904bd77efd2/datanode-4/data/ratis/ee72fdfa-e2a7-486f-8289-f952d5a68690 has been successfully formatted.
2019-08-27 19:04:30,411 [pool-170-thread-1] INFO  ratis.ContainerStateMachine (ContainerStateMachine.java:loadSnapshot(226)) - group-F952D5A68690: The snapshot info is null. Setting the last applied indexto:(t:0, i:~)
2019-08-27 19:04:30,411 [pool-170-thread-1] INFO  server.RaftServerConfigKeys (ConfUtils.java:logGet(43)) - raft.server.leader.election.timeout = 120s (custom)
2019-08-27 19:04:30,411 [pool-170-thread-1] INFO  server.RaftServerConfigKeys (ConfUtils.java:logGet(43)) - raft.server.log.use.memory = false (default)
2019-08-27 19:04:30,411 [pool-170-thread-1] INFO  server.RaftServerConfigKeys (ConfUtils.java:logGet(43)) - raft.server.log.purge.gap = 1000000 (custom)
2019-08-27 19:04:30,412 [pool-170-thread-1] INFO  server.RaftServerConfigKeys (ConfUtils.java:logGet(43)) - raft.server.log.appender.buffer.byte-limit = 33554432 (custom)
2019-08-27 19:04:30,412 [pool-170-thread-1] INFO  server.RaftServerConfigKeys (ConfUtils.java:logGet(43)) - raft.server.log.segment.size.max = 1048576 (custom)
2019-08-27 19:04:30,412 [pool-170-thread-1] INFO  server.RaftServerConfigKeys (ConfUtils.java:logGet(43)) - raft.server.log.segment.cache.num.max = 2 (custom)
2019-08-27 19:04:30,412 [pool-170-thread-1] INFO  segmented.SegmentedRaftLogWorker (SegmentedRaftLogWorker.java:<init>(172)) - new 3e80ec3d-d0df-446e-9c00-872113d57222-SegmentedRaftLogWorker:Storage Directory /workdir/hadoop-ozone/integration-test/target/test-dir/MiniOzoneClusterImpl-599e46d8-0e9a-4b65-aec3-4904bd77efd2/datanode-4/data/ratis/ee72fdfa-e2a7-486f-8289-f952d5a68690 for RaftStorage:Storage Directory /workdir/hadoop-ozone/integration-test/target/test-dir/MiniOzoneClusterImpl-599e46d8-0e9a-4b65-aec3-4904bd77efd2/datanode-4/data/ratis/ee72fdfa-e2a7-486f-8289-f952d5a68690
2019-08-27 19:04:30,412 [pool-170-thread-1] INFO  server.RaftServerConfigKeys (ConfUtils.java:logGet(43)) - raft.server.log.queue.byte-limit = 2147483647 (custom)
2019-08-27 19:04:30,412 [pool-170-thread-1] INFO  server.RaftServerConfigKeys (ConfUtils.java:logGet(43)) - raft.server.log.queue.element-limit = 1024 (custom)
2019-08-27 19:04:30,413 [pool-170-thread-1] INFO  server.RaftServerConfigKeys (ConfUtils.java:logGet(43)) - raft.server.log.segment.size.max = 1048576 (custom)
2019-08-27 19:04:30,413 [pool-170-thread-1] INFO  server.RaftServerConfigKeys (ConfUtils.java:logGet(43)) - raft.server.log.preallocated.size = 16384 (custom)
2019-08-27 19:04:30,413 [pool-170-thread-1] INFO  server.RaftServerConfigKeys (ConfUtils.java:logGet(43)) - raft.server.log.write.buffer.size = 33554432 (custom)
2019-08-27 19:04:30,413 [pool-170-thread-1] INFO  server.RaftServerConfigKeys (ConfUtils.java:logGet(43)) - raft.server.log.force.sync.num = 128 (default)
2019-08-27 19:04:30,413 [pool-170-thread-1] INFO  server.RaftServerConfigKeys (ConfUtils.java:logGet(43)) - raft.server.log.statemachine.data.sync = true (default)
2019-08-27 19:04:30,413 [pool-170-thread-1] INFO  server.RaftServerConfigKeys (ConfUtils.java:logGet(43)) - raft.server.log.statemachine.data.sync.timeout = 10s (default)
2019-08-27 19:04:30,414 [pool-170-thread-1] INFO  server.RaftServerConfigKeys (ConfUtils.java:logGet(43)) - raft.server.log.statemachine.data.sync.timeout.retry = -1 (default)
2019-08-27 19:04:30,414 [pool-170-thread-1] INFO  server.RaftServerConfigKeys (ConfUtils.java:logGet(43)) - raft.server.log.statemachine.data.caching.enabled = true (custom)
2019-08-27 19:04:30,414 [pool-170-thread-1] INFO  segmented.SegmentedRaftLogWorker (SegmentedRaftLogWorker.java:lambda$new$0(132)) - 3e80ec3d-d0df-446e-9c00-872113d57222-SegmentedRaftLogWorker:Storage Directory /workdir/hadoop-ozone/integration-test/target/test-dir/MiniOzoneClusterImpl-599e46d8-0e9a-4b65-aec3-4904bd77efd2/datanode-4/data/ratis/ee72fdfa-e2a7-486f-8289-f952d5a68690: flushIndex: setUnconditionally 0 -> -1
2019-08-27 19:04:30,415 [pool-170-thread-1] INFO  server.RaftServerConfigKeys (ConfUtils.java:logGet(43)) - raft.server.snapshot.auto.trigger.enabled = true (custom)
2019-08-27 19:04:30,415 [pool-170-thread-1] INFO  server.RaftServerConfigKeys (ConfUtils.java:logGet(43)) - raft.server.snapshot.auto.trigger.threshold = 10000 (custom)
2019-08-27 19:04:30,415 [pool-170-thread-1] INFO  server.RaftServerConfigKeys (ConfUtils.java:logGet(43)) - raft.server.retrycache.expirytime = 600000ms (custom)
2019-08-27 19:04:30,415 [pool-170-thread-1] INFO  impl.RaftServerImpl (RaftServerImpl.java:start(180)) - 3e80ec3d-d0df-446e-9c00-872113d57222: start group-F952D5A68690
2019-08-27 19:04:30,415 [pool-170-thread-1] INFO  impl.RaftServerImpl (RaftServerImpl.java:setRole(171)) - 3e80ec3d-d0df-446e-9c00-872113d57222:group-F952D5A68690 changes role from null to FOLLOWER at term 0 for startAsFollower
2019-08-27 19:04:30,415 [pool-170-thread-1] INFO  impl.RoleInfo (RoleInfo.java:updateAndGet(143)) - 3e80ec3d-d0df-446e-9c00-872113d57222: start FollowerState
2019-08-27 19:04:30,416 [pool-170-thread-1] INFO  util.JmxRegister (JmxRegister.java:tryRegister(44)) - Successfully registered JMX Bean with object name Ratis:service=RaftServer,group=group-F952D5A68690,id=3e80ec3d-d0df-446e-9c00-872113d57222
2019-08-27 19:04:30,419 [RatisPipelineUtilsThread] INFO  pipeline.PipelineStateManager (PipelineStateManager.java:addPipeline(56)) - Created pipeline Pipeline[ Id: ee72fdfa-e2a7-486f-8289-f952d5a68690, Nodes: 3e80ec3d-d0df-446e-9c00-872113d57222{ip: 192.168.5.191, host: pr-hdds-738-k2b25-1829472937, networkLocation: /default-rack, certSerialId: null}, Type:RATIS, Factor:ONE, State:OPEN]
2019-08-27 19:04:30,432 [main] INFO  ozone.MiniOzoneClusterImpl (MiniOzoneClusterImpl.java:lambda$waitForClusterToBeReady$0(140)) - Waiting for cluster to be ready. Got 6 of 7 DN Heartbeats.
2019-08-27 19:04:30,432 [grpc-default-executor-5] INFO  impl.RaftServerProxy (RaftServerProxy.java:addNew(89)) - d3c05237-bd84-4234-a934-0ba66750ea46: addNew group-00BC29501A1F:[d3c05237-bd84-4234-a934-0ba66750ea46:192.168.5.191:42272] returns group-00BC29501A1F:java.util.concurrent.CompletableFuture@2aee648b[Not completed]
2019-08-27 19:04:30,438 [pool-181-thread-1] INFO  impl.RaftServerImpl (RaftServerImpl.java:<init>(93)) - d3c05237-bd84-4234-a934-0ba66750ea46: new RaftServerImpl for group-00BC29501A1F:[d3c05237-bd84-4234-a934-0ba66750ea46:192.168.5.191:42272] with ContainerStateMachine:uninitialized
2019-08-27 19:04:30,439 [pool-181-thread-1] INFO  server.RaftServerConfigKeys (ConfUtils.java:logGet(43)) - raft.server.rpc.timeout.min = 5s (custom)
2019-08-27 19:04:30,439 [pool-181-thread-1] INFO  server.RaftServerConfigKeys (ConfUtils.java:logGet(43)) - raft.server.rpc.timeout.max = 5200ms (custom)
2019-08-27 19:04:30,439 [pool-181-thread-1] INFO  server.RaftServerConfigKeys (ConfUtils.java:logGet(43)) - raft.server.rpcslowness.timeout = 120s (custom)
2019-08-27 19:04:30,439 [pool-181-thread-1] INFO  server.RaftServerConfigKeys (ConfUtils.java:logGet(43)) - raft.server.sleep.deviation.threshold = 300 (default)
2019-08-27 19:04:30,439 [pool-181-thread-1] INFO  server.RaftServerConfigKeys (ConfUtils.java:logGet(43)) - raft.server.log.appender.install.snapshot.enabled = false (custom)
2019-08-27 19:04:30,439 [pool-181-thread-1] INFO  impl.RaftServerImpl (ServerState.java:<init>(105)) - d3c05237-bd84-4234-a934-0ba66750ea46:group-00BC29501A1F ConfigurationManager, init=-1: [d3c05237-bd84-4234-a934-0ba66750ea46:192.168.5.191:42272], old=null, confs=<EMPTY_MAP>
2019-08-27 19:04:30,440 [pool-181-thread-1] INFO  server.RaftServerConfigKeys (ConfUtils.java:logGet(43)) - raft.server.storage.dir = [/workdir/hadoop-ozone/integration-test/target/test-dir/MiniOzoneClusterImpl-599e46d8-0e9a-4b65-aec3-4904bd77efd2/datanode-5/data/ratis] (custom)
2019-08-27 19:04:30,440 [IPC Server handler 2 on 32991] INFO  net.NetworkTopology (NetworkTopologyImpl.java:add(110)) - Added a new node: /default-rack/8dbfb03d-3489-434f-b2ff-176126556357
2019-08-27 19:04:30,440 [pool-181-thread-1] INFO  storage.RaftStorageDirectory (RaftStorageDirectory.java:analyzeStorage(246)) - The storage directory /workdir/hadoop-ozone/integration-test/target/test-dir/MiniOzoneClusterImpl-599e46d8-0e9a-4b65-aec3-4904bd77efd2/datanode-5/data/ratis/05c35cfe-3e46-4d9c-a285-00bc29501a1f does not exist. Creating ...
2019-08-27 19:04:30,440 [IPC Server handler 2 on 32991] INFO  node.SCMNodeManager (SCMNodeManager.java:register(273)) - Registered Data node : 8dbfb03d-3489-434f-b2ff-176126556357{ip: 192.168.5.191, host: pr-hdds-738-k2b25-1829472937, networkLocation: /default-rack, certSerialId: null}
2019-08-27 19:04:30,440 | INFO  | SCMAudit | user=jenkins1000 | ip=192.168.5.191 | op=REGISTER {datanodeDetails=8dbfb03d-3489-434f-b2ff-176126556357{ip: 192.168.5.191, host: pr-hdds-738-k2b25-1829472937, networkLocation: /default-rack, certSerialId: null}} | ret=SUCCESS |  
2019-08-27 19:04:30,453 [pool-181-thread-1] INFO  storage.RaftStorageDirectory (RaftStorageDirectory.java:tryLock(328)) - Lock on /workdir/hadoop-ozone/integration-test/target/test-dir/MiniOzoneClusterImpl-599e46d8-0e9a-4b65-aec3-4904bd77efd2/datanode-5/data/ratis/05c35cfe-3e46-4d9c-a285-00bc29501a1f/in_use.lock acquired by nodename 18887@pr-hdds-738-k2b25-1829472937
2019-08-27 19:04:30,466 [pool-181-thread-1] INFO  storage.RaftStorage (RaftStorage.java:format(72)) - Storage directory /workdir/hadoop-ozone/integration-test/target/test-dir/MiniOzoneClusterImpl-599e46d8-0e9a-4b65-aec3-4904bd77efd2/datanode-5/data/ratis/05c35cfe-3e46-4d9c-a285-00bc29501a1f has been successfully formatted.
2019-08-27 19:04:30,466 [pool-181-thread-1] INFO  ratis.ContainerStateMachine (ContainerStateMachine.java:loadSnapshot(226)) - group-00BC29501A1F: The snapshot info is null. Setting the last applied indexto:(t:0, i:~)
2019-08-27 19:04:30,466 [pool-181-thread-1] INFO  server.RaftServerConfigKeys (ConfUtils.java:logGet(43)) - raft.server.leader.election.timeout = 120s (custom)
2019-08-27 19:04:30,466 [pool-181-thread-1] INFO  server.RaftServerConfigKeys (ConfUtils.java:logGet(43)) - raft.server.log.use.memory = false (default)
2019-08-27 19:04:30,467 [pool-181-thread-1] INFO  server.RaftServerConfigKeys (ConfUtils.java:logGet(43)) - raft.server.log.purge.gap = 1000000 (custom)
2019-08-27 19:04:30,467 [pool-181-thread-1] INFO  server.RaftServerConfigKeys (ConfUtils.java:logGet(43)) - raft.server.log.appender.buffer.byte-limit = 33554432 (custom)
2019-08-27 19:04:30,467 [pool-181-thread-1] INFO  server.RaftServerConfigKeys (ConfUtils.java:logGet(43)) - raft.server.log.segment.size.max = 1048576 (custom)
2019-08-27 19:04:30,467 [pool-181-thread-1] INFO  server.RaftServerConfigKeys (ConfUtils.java:logGet(43)) - raft.server.log.segment.cache.num.max = 2 (custom)
2019-08-27 19:04:30,467 [pool-181-thread-1] INFO  segmented.SegmentedRaftLogWorker (SegmentedRaftLogWorker.java:<init>(172)) - new d3c05237-bd84-4234-a934-0ba66750ea46-SegmentedRaftLogWorker:Storage Directory /workdir/hadoop-ozone/integration-test/target/test-dir/MiniOzoneClusterImpl-599e46d8-0e9a-4b65-aec3-4904bd77efd2/datanode-5/data/ratis/05c35cfe-3e46-4d9c-a285-00bc29501a1f for RaftStorage:Storage Directory /workdir/hadoop-ozone/integration-test/target/test-dir/MiniOzoneClusterImpl-599e46d8-0e9a-4b65-aec3-4904bd77efd2/datanode-5/data/ratis/05c35cfe-3e46-4d9c-a285-00bc29501a1f
2019-08-27 19:04:30,467 [pool-181-thread-1] INFO  server.RaftServerConfigKeys (ConfUtils.java:logGet(43)) - raft.server.log.queue.byte-limit = 2147483647 (custom)
2019-08-27 19:04:30,468 [pool-181-thread-1] INFO  server.RaftServerConfigKeys (ConfUtils.java:logGet(43)) - raft.server.log.queue.element-limit = 1024 (custom)
2019-08-27 19:04:30,468 [pool-181-thread-1] INFO  server.RaftServerConfigKeys (ConfUtils.java:logGet(43)) - raft.server.log.segment.size.max = 1048576 (custom)
2019-08-27 19:04:30,468 [pool-181-thread-1] INFO  server.RaftServerConfigKeys (ConfUtils.java:logGet(43)) - raft.server.log.preallocated.size = 16384 (custom)
2019-08-27 19:04:30,468 [pool-181-thread-1] INFO  server.RaftServerConfigKeys (ConfUtils.java:logGet(43)) - raft.server.log.write.buffer.size = 33554432 (custom)
2019-08-27 19:04:30,468 [pool-181-thread-1] INFO  server.RaftServerConfigKeys (ConfUtils.java:logGet(43)) - raft.server.log.force.sync.num = 128 (default)
2019-08-27 19:04:30,468 [pool-181-thread-1] INFO  server.RaftServerConfigKeys (ConfUtils.java:logGet(43)) - raft.server.log.statemachine.data.sync = true (default)
2019-08-27 19:04:30,469 [pool-181-thread-1] INFO  server.RaftServerConfigKeys (ConfUtils.java:logGet(43)) - raft.server.log.statemachine.data.sync.timeout = 10s (default)
2019-08-27 19:04:30,469 [pool-181-thread-1] INFO  server.RaftServerConfigKeys (ConfUtils.java:logGet(43)) - raft.server.log.statemachine.data.sync.timeout.retry = -1 (default)
2019-08-27 19:04:30,469 [pool-181-thread-1] INFO  server.RaftServerConfigKeys (ConfUtils.java:logGet(43)) - raft.server.log.statemachine.data.caching.enabled = true (custom)
2019-08-27 19:04:30,469 [pool-181-thread-1] INFO  segmented.SegmentedRaftLogWorker (SegmentedRaftLogWorker.java:lambda$new$0(132)) - d3c05237-bd84-4234-a934-0ba66750ea46-SegmentedRaftLogWorker:Storage Directory /workdir/hadoop-ozone/integration-test/target/test-dir/MiniOzoneClusterImpl-599e46d8-0e9a-4b65-aec3-4904bd77efd2/datanode-5/data/ratis/05c35cfe-3e46-4d9c-a285-00bc29501a1f: flushIndex: setUnconditionally 0 -> -1
2019-08-27 19:04:30,470 [pool-181-thread-1] INFO  server.RaftServerConfigKeys (ConfUtils.java:logGet(43)) - raft.server.snapshot.auto.trigger.enabled = true (custom)
2019-08-27 19:04:30,470 [pool-181-thread-1] INFO  server.RaftServerConfigKeys (ConfUtils.java:logGet(43)) - raft.server.snapshot.auto.trigger.threshold = 10000 (custom)
2019-08-27 19:04:30,470 [pool-181-thread-1] INFO  server.RaftServerConfigKeys (ConfUtils.java:logGet(43)) - raft.server.retrycache.expirytime = 600000ms (custom)
2019-08-27 19:04:30,470 [pool-181-thread-1] INFO  impl.RaftServerImpl (RaftServerImpl.java:start(180)) - d3c05237-bd84-4234-a934-0ba66750ea46: start group-00BC29501A1F
2019-08-27 19:04:30,470 [pool-181-thread-1] INFO  impl.RaftServerImpl (RaftServerImpl.java:setRole(171)) - d3c05237-bd84-4234-a934-0ba66750ea46:group-00BC29501A1F changes role from null to FOLLOWER at term 0 for startAsFollower
2019-08-27 19:04:30,471 [pool-181-thread-1] INFO  impl.RoleInfo (RoleInfo.java:updateAndGet(143)) - d3c05237-bd84-4234-a934-0ba66750ea46: start FollowerState
2019-08-27 19:04:30,471 [pool-181-thread-1] INFO  util.JmxRegister (JmxRegister.java:tryRegister(44)) - Successfully registered JMX Bean with object name Ratis:service=RaftServer,group=group-00BC29501A1F,id=d3c05237-bd84-4234-a934-0ba66750ea46
2019-08-27 19:04:30,474 [RatisPipelineUtilsThread] INFO  pipeline.PipelineStateManager (PipelineStateManager.java:addPipeline(56)) - Created pipeline Pipeline[ Id: 05c35cfe-3e46-4d9c-a285-00bc29501a1f, Nodes: d3c05237-bd84-4234-a934-0ba66750ea46{ip: 192.168.5.191, host: pr-hdds-738-k2b25-1829472937, networkLocation: /default-rack, certSerialId: null}, Type:RATIS, Factor:ONE, State:OPEN]
2019-08-27 19:04:30,483 [grpc-default-executor-5] INFO  impl.RaftServerProxy (RaftServerProxy.java:addNew(89)) - 8dbfb03d-3489-434f-b2ff-176126556357: addNew group-064AA346B30B:[8dbfb03d-3489-434f-b2ff-176126556357:192.168.5.191:44508] returns group-064AA346B30B:java.util.concurrent.CompletableFuture@556800e5[Not completed]
2019-08-27 19:04:30,488 [pool-192-thread-1] INFO  impl.RaftServerImpl (RaftServerImpl.java:<init>(93)) - 8dbfb03d-3489-434f-b2ff-176126556357: new RaftServerImpl for group-064AA346B30B:[8dbfb03d-3489-434f-b2ff-176126556357:192.168.5.191:44508] with ContainerStateMachine:uninitialized
2019-08-27 19:04:30,488 [pool-192-thread-1] INFO  server.RaftServerConfigKeys (ConfUtils.java:logGet(43)) - raft.server.rpc.timeout.min = 5s (custom)
2019-08-27 19:04:30,488 [pool-192-thread-1] INFO  server.RaftServerConfigKeys (ConfUtils.java:logGet(43)) - raft.server.rpc.timeout.max = 5200ms (custom)
2019-08-27 19:04:30,489 [pool-192-thread-1] INFO  server.RaftServerConfigKeys (ConfUtils.java:logGet(43)) - raft.server.rpcslowness.timeout = 120s (custom)
2019-08-27 19:04:30,489 [pool-192-thread-1] INFO  server.RaftServerConfigKeys (ConfUtils.java:logGet(43)) - raft.server.sleep.deviation.threshold = 300 (default)
2019-08-27 19:04:30,489 [pool-192-thread-1] INFO  server.RaftServerConfigKeys (ConfUtils.java:logGet(43)) - raft.server.log.appender.install.snapshot.enabled = false (custom)
2019-08-27 19:04:30,489 [pool-192-thread-1] INFO  impl.RaftServerImpl (ServerState.java:<init>(105)) - 8dbfb03d-3489-434f-b2ff-176126556357:group-064AA346B30B ConfigurationManager, init=-1: [8dbfb03d-3489-434f-b2ff-176126556357:192.168.5.191:44508], old=null, confs=<EMPTY_MAP>
2019-08-27 19:04:30,489 [pool-192-thread-1] INFO  server.RaftServerConfigKeys (ConfUtils.java:logGet(43)) - raft.server.storage.dir = [/workdir/hadoop-ozone/integration-test/target/test-dir/MiniOzoneClusterImpl-599e46d8-0e9a-4b65-aec3-4904bd77efd2/datanode-6/data/ratis] (custom)
2019-08-27 19:04:30,490 [pool-192-thread-1] INFO  storage.RaftStorageDirectory (RaftStorageDirectory.java:analyzeStorage(246)) - The storage directory /workdir/hadoop-ozone/integration-test/target/test-dir/MiniOzoneClusterImpl-599e46d8-0e9a-4b65-aec3-4904bd77efd2/datanode-6/data/ratis/03b1fece-22e8-4e98-8643-064aa346b30b does not exist. Creating ...
2019-08-27 19:04:30,502 [pool-192-thread-1] INFO  storage.RaftStorageDirectory (RaftStorageDirectory.java:tryLock(328)) - Lock on /workdir/hadoop-ozone/integration-test/target/test-dir/MiniOzoneClusterImpl-599e46d8-0e9a-4b65-aec3-4904bd77efd2/datanode-6/data/ratis/03b1fece-22e8-4e98-8643-064aa346b30b/in_use.lock acquired by nodename 18887@pr-hdds-738-k2b25-1829472937
2019-08-27 19:04:30,515 [pool-192-thread-1] INFO  storage.RaftStorage (RaftStorage.java:format(72)) - Storage directory /workdir/hadoop-ozone/integration-test/target/test-dir/MiniOzoneClusterImpl-599e46d8-0e9a-4b65-aec3-4904bd77efd2/datanode-6/data/ratis/03b1fece-22e8-4e98-8643-064aa346b30b has been successfully formatted.
2019-08-27 19:04:30,515 [pool-192-thread-1] INFO  ratis.ContainerStateMachine (ContainerStateMachine.java:loadSnapshot(226)) - group-064AA346B30B: The snapshot info is null. Setting the last applied indexto:(t:0, i:~)
2019-08-27 19:04:30,516 [pool-192-thread-1] INFO  server.RaftServerConfigKeys (ConfUtils.java:logGet(43)) - raft.server.leader.election.timeout = 120s (custom)
2019-08-27 19:04:30,516 [pool-192-thread-1] INFO  server.RaftServerConfigKeys (ConfUtils.java:logGet(43)) - raft.server.log.use.memory = false (default)
2019-08-27 19:04:30,516 [pool-192-thread-1] INFO  server.RaftServerConfigKeys (ConfUtils.java:logGet(43)) - raft.server.log.purge.gap = 1000000 (custom)
2019-08-27 19:04:30,516 [pool-192-thread-1] INFO  server.RaftServerConfigKeys (ConfUtils.java:logGet(43)) - raft.server.log.appender.buffer.byte-limit = 33554432 (custom)
2019-08-27 19:04:30,516 [pool-192-thread-1] INFO  server.RaftServerConfigKeys (ConfUtils.java:logGet(43)) - raft.server.log.segment.size.max = 1048576 (custom)
2019-08-27 19:04:30,516 [pool-192-thread-1] INFO  server.RaftServerConfigKeys (ConfUtils.java:logGet(43)) - raft.server.log.segment.cache.num.max = 2 (custom)
2019-08-27 19:04:30,517 [pool-192-thread-1] INFO  segmented.SegmentedRaftLogWorker (SegmentedRaftLogWorker.java:<init>(172)) - new 8dbfb03d-3489-434f-b2ff-176126556357-SegmentedRaftLogWorker:Storage Directory /workdir/hadoop-ozone/integration-test/target/test-dir/MiniOzoneClusterImpl-599e46d8-0e9a-4b65-aec3-4904bd77efd2/datanode-6/data/ratis/03b1fece-22e8-4e98-8643-064aa346b30b for RaftStorage:Storage Directory /workdir/hadoop-ozone/integration-test/target/test-dir/MiniOzoneClusterImpl-599e46d8-0e9a-4b65-aec3-4904bd77efd2/datanode-6/data/ratis/03b1fece-22e8-4e98-8643-064aa346b30b
2019-08-27 19:04:30,517 [pool-192-thread-1] INFO  server.RaftServerConfigKeys (ConfUtils.java:logGet(43)) - raft.server.log.queue.byte-limit = 2147483647 (custom)
2019-08-27 19:04:30,517 [pool-192-thread-1] INFO  server.RaftServerConfigKeys (ConfUtils.java:logGet(43)) - raft.server.log.queue.element-limit = 1024 (custom)
2019-08-27 19:04:30,517 [pool-192-thread-1] INFO  server.RaftServerConfigKeys (ConfUtils.java:logGet(43)) - raft.server.log.segment.size.max = 1048576 (custom)
2019-08-27 19:04:30,517 [pool-192-thread-1] INFO  server.RaftServerConfigKeys (ConfUtils.java:logGet(43)) - raft.server.log.preallocated.size = 16384 (custom)
2019-08-27 19:04:30,517 [pool-192-thread-1] INFO  server.RaftServerConfigKeys (ConfUtils.java:logGet(43)) - raft.server.log.write.buffer.size = 33554432 (custom)
2019-08-27 19:04:30,518 [pool-192-thread-1] INFO  server.RaftServerConfigKeys (ConfUtils.java:logGet(43)) - raft.server.log.force.sync.num = 128 (default)
2019-08-27 19:04:30,518 [pool-192-thread-1] INFO  server.RaftServerConfigKeys (ConfUtils.java:logGet(43)) - raft.server.log.statemachine.data.sync = true (default)
2019-08-27 19:04:30,518 [pool-192-thread-1] INFO  server.RaftServerConfigKeys (ConfUtils.java:logGet(43)) - raft.server.log.statemachine.data.sync.timeout = 10s (default)
2019-08-27 19:04:30,518 [pool-192-thread-1] INFO  server.RaftServerConfigKeys (ConfUtils.java:logGet(43)) - raft.server.log.statemachine.data.sync.timeout.retry = -1 (default)
2019-08-27 19:04:30,518 [pool-192-thread-1] INFO  server.RaftServerConfigKeys (ConfUtils.java:logGet(43)) - raft.server.log.statemachine.data.caching.enabled = true (custom)
2019-08-27 19:04:30,519 [pool-192-thread-1] INFO  segmented.SegmentedRaftLogWorker (SegmentedRaftLogWorker.java:lambda$new$0(132)) - 8dbfb03d-3489-434f-b2ff-176126556357-SegmentedRaftLogWorker:Storage Directory /workdir/hadoop-ozone/integration-test/target/test-dir/MiniOzoneClusterImpl-599e46d8-0e9a-4b65-aec3-4904bd77efd2/datanode-6/data/ratis/03b1fece-22e8-4e98-8643-064aa346b30b: flushIndex: setUnconditionally 0 -> -1
2019-08-27 19:04:30,519 [pool-192-thread-1] INFO  server.RaftServerConfigKeys (ConfUtils.java:logGet(43)) - raft.server.snapshot.auto.trigger.enabled = true (custom)
2019-08-27 19:04:30,519 [pool-192-thread-1] INFO  server.RaftServerConfigKeys (ConfUtils.java:logGet(43)) - raft.server.snapshot.auto.trigger.threshold = 10000 (custom)
2019-08-27 19:04:30,519 [pool-192-thread-1] INFO  server.RaftServerConfigKeys (ConfUtils.java:logGet(43)) - raft.server.retrycache.expirytime = 600000ms (custom)
2019-08-27 19:04:30,520 [pool-192-thread-1] INFO  impl.RaftServerImpl (RaftServerImpl.java:start(180)) - 8dbfb03d-3489-434f-b2ff-176126556357: start group-064AA346B30B
2019-08-27 19:04:30,520 [pool-192-thread-1] INFO  impl.RaftServerImpl (RaftServerImpl.java:setRole(171)) - 8dbfb03d-3489-434f-b2ff-176126556357:group-064AA346B30B changes role from null to FOLLOWER at term 0 for startAsFollower
2019-08-27 19:04:30,520 [pool-192-thread-1] INFO  impl.RoleInfo (RoleInfo.java:updateAndGet(143)) - 8dbfb03d-3489-434f-b2ff-176126556357: start FollowerState
2019-08-27 19:04:30,520 [pool-192-thread-1] INFO  util.JmxRegister (JmxRegister.java:tryRegister(44)) - Successfully registered JMX Bean with object name Ratis:service=RaftServer,group=group-064AA346B30B,id=8dbfb03d-3489-434f-b2ff-176126556357
2019-08-27 19:04:30,523 [RatisPipelineUtilsThread] INFO  pipeline.PipelineStateManager (PipelineStateManager.java:addPipeline(56)) - Created pipeline Pipeline[ Id: 03b1fece-22e8-4e98-8643-064aa346b30b, Nodes: 8dbfb03d-3489-434f-b2ff-176126556357{ip: 192.168.5.191, host: pr-hdds-738-k2b25-1829472937, networkLocation: /default-rack, certSerialId: null}, Type:RATIS, Factor:ONE, State:OPEN]
2019-08-27 19:04:30,536 [grpc-default-executor-4] INFO  impl.RaftServerProxy (RaftServerProxy.java:addNew(89)) - 8dbfb03d-3489-434f-b2ff-176126556357: addNew group-5A0C10B0A675:[457b0f2b-feff-4639-91a3-a11070381d4f:192.168.5.191:34209, d3c05237-bd84-4234-a934-0ba66750ea46:192.168.5.191:42272, 8dbfb03d-3489-434f-b2ff-176126556357:192.168.5.191:44508] returns group-5A0C10B0A675:java.util.concurrent.CompletableFuture@77cc6621[Not completed]
2019-08-27 19:04:30,536 [grpc-default-executor-1] INFO  impl.RaftServerProxy (RaftServerProxy.java:addNew(89)) - 457b0f2b-feff-4639-91a3-a11070381d4f: addNew group-5A0C10B0A675:[457b0f2b-feff-4639-91a3-a11070381d4f:192.168.5.191:34209, d3c05237-bd84-4234-a934-0ba66750ea46:192.168.5.191:42272, 8dbfb03d-3489-434f-b2ff-176126556357:192.168.5.191:44508] returns group-5A0C10B0A675:java.util.concurrent.CompletableFuture@79c339c3[Not completed]
2019-08-27 19:04:30,536 [grpc-default-executor-5] INFO  impl.RaftServerProxy (RaftServerProxy.java:addNew(89)) - d3c05237-bd84-4234-a934-0ba66750ea46: addNew group-5A0C10B0A675:[457b0f2b-feff-4639-91a3-a11070381d4f:192.168.5.191:34209, d3c05237-bd84-4234-a934-0ba66750ea46:192.168.5.191:42272, 8dbfb03d-3489-434f-b2ff-176126556357:192.168.5.191:44508] returns group-5A0C10B0A675:java.util.concurrent.CompletableFuture@77d7fdb2[Not completed]
2019-08-27 19:04:30,537 [pool-192-thread-1] INFO  impl.RaftServerImpl (RaftServerImpl.java:<init>(93)) - 8dbfb03d-3489-434f-b2ff-176126556357: new RaftServerImpl for group-5A0C10B0A675:[457b0f2b-feff-4639-91a3-a11070381d4f:192.168.5.191:34209, d3c05237-bd84-4234-a934-0ba66750ea46:192.168.5.191:42272, 8dbfb03d-3489-434f-b2ff-176126556357:192.168.5.191:44508] with ContainerStateMachine:uninitialized
2019-08-27 19:04:30,537 [pool-192-thread-1] INFO  server.RaftServerConfigKeys (ConfUtils.java:logGet(43)) - raft.server.rpc.timeout.min = 5s (custom)
2019-08-27 19:04:30,537 [pool-192-thread-1] INFO  server.RaftServerConfigKeys (ConfUtils.java:logGet(43)) - raft.server.rpc.timeout.max = 5200ms (custom)
2019-08-27 19:04:30,538 [pool-192-thread-1] INFO  server.RaftServerConfigKeys (ConfUtils.java:logGet(43)) - raft.server.rpcslowness.timeout = 120s (custom)
2019-08-27 19:04:30,538 [pool-192-thread-1] INFO  server.RaftServerConfigKeys (ConfUtils.java:logGet(43)) - raft.server.sleep.deviation.threshold = 300 (default)
2019-08-27 19:04:30,538 [pool-192-thread-1] INFO  server.RaftServerConfigKeys (ConfUtils.java:logGet(43)) - raft.server.log.appender.install.snapshot.enabled = false (custom)
2019-08-27 19:04:30,538 [pool-192-thread-1] INFO  impl.RaftServerImpl (ServerState.java:<init>(105)) - 8dbfb03d-3489-434f-b2ff-176126556357:group-5A0C10B0A675 ConfigurationManager, init=-1: [457b0f2b-feff-4639-91a3-a11070381d4f:192.168.5.191:34209, d3c05237-bd84-4234-a934-0ba66750ea46:192.168.5.191:42272, 8dbfb03d-3489-434f-b2ff-176126556357:192.168.5.191:44508], old=null, confs=<EMPTY_MAP>
2019-08-27 19:04:30,538 [pool-181-thread-1] INFO  impl.RaftServerImpl (RaftServerImpl.java:<init>(93)) - d3c05237-bd84-4234-a934-0ba66750ea46: new RaftServerImpl for group-5A0C10B0A675:[457b0f2b-feff-4639-91a3-a11070381d4f:192.168.5.191:34209, d3c05237-bd84-4234-a934-0ba66750ea46:192.168.5.191:42272, 8dbfb03d-3489-434f-b2ff-176126556357:192.168.5.191:44508] with ContainerStateMachine:uninitialized
2019-08-27 19:04:30,538 [pool-192-thread-1] INFO  server.RaftServerConfigKeys (ConfUtils.java:logGet(43)) - raft.server.storage.dir = [/workdir/hadoop-ozone/integration-test/target/test-dir/MiniOzoneClusterImpl-599e46d8-0e9a-4b65-aec3-4904bd77efd2/datanode-6/data/ratis] (custom)
2019-08-27 19:04:30,538 [pool-181-thread-1] INFO  server.RaftServerConfigKeys (ConfUtils.java:logGet(43)) - raft.server.rpc.timeout.min = 5s (custom)
2019-08-27 19:04:30,539 [pool-181-thread-1] INFO  server.RaftServerConfigKeys (ConfUtils.java:logGet(43)) - raft.server.rpc.timeout.max = 5200ms (custom)
2019-08-27 19:04:30,539 [pool-159-thread-1] INFO  impl.RaftServerImpl (RaftServerImpl.java:<init>(93)) - 457b0f2b-feff-4639-91a3-a11070381d4f: new RaftServerImpl for group-5A0C10B0A675:[457b0f2b-feff-4639-91a3-a11070381d4f:192.168.5.191:34209, d3c05237-bd84-4234-a934-0ba66750ea46:192.168.5.191:42272, 8dbfb03d-3489-434f-b2ff-176126556357:192.168.5.191:44508] with ContainerStateMachine:uninitialized
2019-08-27 19:04:30,539 [pool-192-thread-1] INFO  storage.RaftStorageDirectory (RaftStorageDirectory.java:analyzeStorage(246)) - The storage directory /workdir/hadoop-ozone/integration-test/target/test-dir/MiniOzoneClusterImpl-599e46d8-0e9a-4b65-aec3-4904bd77efd2/datanode-6/data/ratis/6ec88f33-8621-4e9f-b38b-5a0c10b0a675 does not exist. Creating ...
2019-08-27 19:04:30,539 [pool-159-thread-1] INFO  server.RaftServerConfigKeys (ConfUtils.java:logGet(43)) - raft.server.rpc.timeout.min = 5s (custom)
2019-08-27 19:04:30,539 [pool-181-thread-1] INFO  server.RaftServerConfigKeys (ConfUtils.java:logGet(43)) - raft.server.rpcslowness.timeout = 120s (custom)
2019-08-27 19:04:30,539 [pool-159-thread-1] INFO  server.RaftServerConfigKeys (ConfUtils.java:logGet(43)) - raft.server.rpc.timeout.max = 5200ms (custom)
2019-08-27 19:04:30,539 [pool-181-thread-1] INFO  server.RaftServerConfigKeys (ConfUtils.java:logGet(43)) - raft.server.sleep.deviation.threshold = 300 (default)
2019-08-27 19:04:30,539 [pool-159-thread-1] INFO  server.RaftServerConfigKeys (ConfUtils.java:logGet(43)) - raft.server.rpcslowness.timeout = 120s (custom)
2019-08-27 19:04:30,540 [pool-181-thread-1] INFO  server.RaftServerConfigKeys (ConfUtils.java:logGet(43)) - raft.server.log.appender.install.snapshot.enabled = false (custom)
2019-08-27 19:04:30,540 [pool-159-thread-1] INFO  server.RaftServerConfigKeys (ConfUtils.java:logGet(43)) - raft.server.sleep.deviation.threshold = 300 (default)
2019-08-27 19:04:30,540 [pool-181-thread-1] INFO  impl.RaftServerImpl (ServerState.java:<init>(105)) - d3c05237-bd84-4234-a934-0ba66750ea46:group-5A0C10B0A675 ConfigurationManager, init=-1: [457b0f2b-feff-4639-91a3-a11070381d4f:192.168.5.191:34209, d3c05237-bd84-4234-a934-0ba66750ea46:192.168.5.191:42272, 8dbfb03d-3489-434f-b2ff-176126556357:192.168.5.191:44508], old=null, confs=<EMPTY_MAP>
2019-08-27 19:04:30,540 [pool-159-thread-1] INFO  server.RaftServerConfigKeys (ConfUtils.java:logGet(43)) - raft.server.log.appender.install.snapshot.enabled = false (custom)
2019-08-27 19:04:30,540 [pool-181-thread-1] INFO  server.RaftServerConfigKeys (ConfUtils.java:logGet(43)) - raft.server.storage.dir = [/workdir/hadoop-ozone/integration-test/target/test-dir/MiniOzoneClusterImpl-599e46d8-0e9a-4b65-aec3-4904bd77efd2/datanode-5/data/ratis] (custom)
2019-08-27 19:04:30,540 [pool-159-thread-1] INFO  impl.RaftServerImpl (ServerState.java:<init>(105)) - 457b0f2b-feff-4639-91a3-a11070381d4f:group-5A0C10B0A675 ConfigurationManager, init=-1: [457b0f2b-feff-4639-91a3-a11070381d4f:192.168.5.191:34209, d3c05237-bd84-4234-a934-0ba66750ea46:192.168.5.191:42272, 8dbfb03d-3489-434f-b2ff-176126556357:192.168.5.191:44508], old=null, confs=<EMPTY_MAP>
2019-08-27 19:04:30,541 [pool-159-thread-1] INFO  server.RaftServerConfigKeys (ConfUtils.java:logGet(43)) - raft.server.storage.dir = [/workdir/hadoop-ozone/integration-test/target/test-dir/MiniOzoneClusterImpl-599e46d8-0e9a-4b65-aec3-4904bd77efd2/datanode-3/data/ratis] (custom)
2019-08-27 19:04:30,541 [pool-181-thread-1] INFO  storage.RaftStorageDirectory (RaftStorageDirectory.java:analyzeStorage(246)) - The storage directory /workdir/hadoop-ozone/integration-test/target/test-dir/MiniOzoneClusterImpl-599e46d8-0e9a-4b65-aec3-4904bd77efd2/datanode-5/data/ratis/6ec88f33-8621-4e9f-b38b-5a0c10b0a675 does not exist. Creating ...
2019-08-27 19:04:30,541 [pool-159-thread-1] INFO  storage.RaftStorageDirectory (RaftStorageDirectory.java:analyzeStorage(246)) - The storage directory /workdir/hadoop-ozone/integration-test/target/test-dir/MiniOzoneClusterImpl-599e46d8-0e9a-4b65-aec3-4904bd77efd2/datanode-3/data/ratis/6ec88f33-8621-4e9f-b38b-5a0c10b0a675 does not exist. Creating ...
2019-08-27 19:04:30,552 [pool-192-thread-1] INFO  storage.RaftStorageDirectory (RaftStorageDirectory.java:tryLock(328)) - Lock on /workdir/hadoop-ozone/integration-test/target/test-dir/MiniOzoneClusterImpl-599e46d8-0e9a-4b65-aec3-4904bd77efd2/datanode-6/data/ratis/6ec88f33-8621-4e9f-b38b-5a0c10b0a675/in_use.lock acquired by nodename 18887@pr-hdds-738-k2b25-1829472937
2019-08-27 19:04:30,552 [pool-181-thread-1] INFO  storage.RaftStorageDirectory (RaftStorageDirectory.java:tryLock(328)) - Lock on /workdir/hadoop-ozone/integration-test/target/test-dir/MiniOzoneClusterImpl-599e46d8-0e9a-4b65-aec3-4904bd77efd2/datanode-5/data/ratis/6ec88f33-8621-4e9f-b38b-5a0c10b0a675/in_use.lock acquired by nodename 18887@pr-hdds-738-k2b25-1829472937
2019-08-27 19:04:30,552 [pool-159-thread-1] INFO  storage.RaftStorageDirectory (RaftStorageDirectory.java:tryLock(328)) - Lock on /workdir/hadoop-ozone/integration-test/target/test-dir/MiniOzoneClusterImpl-599e46d8-0e9a-4b65-aec3-4904bd77efd2/datanode-3/data/ratis/6ec88f33-8621-4e9f-b38b-5a0c10b0a675/in_use.lock acquired by nodename 18887@pr-hdds-738-k2b25-1829472937
2019-08-27 19:04:30,566 [pool-192-thread-1] INFO  storage.RaftStorage (RaftStorage.java:format(72)) - Storage directory /workdir/hadoop-ozone/integration-test/target/test-dir/MiniOzoneClusterImpl-599e46d8-0e9a-4b65-aec3-4904bd77efd2/datanode-6/data/ratis/6ec88f33-8621-4e9f-b38b-5a0c10b0a675 has been successfully formatted.
2019-08-27 19:04:30,566 [pool-181-thread-1] INFO  storage.RaftStorage (RaftStorage.java:format(72)) - Storage directory /workdir/hadoop-ozone/integration-test/target/test-dir/MiniOzoneClusterImpl-599e46d8-0e9a-4b65-aec3-4904bd77efd2/datanode-5/data/ratis/6ec88f33-8621-4e9f-b38b-5a0c10b0a675 has been successfully formatted.
2019-08-27 19:04:30,566 [pool-159-thread-1] INFO  storage.RaftStorage (RaftStorage.java:format(72)) - Storage directory /workdir/hadoop-ozone/integration-test/target/test-dir/MiniOzoneClusterImpl-599e46d8-0e9a-4b65-aec3-4904bd77efd2/datanode-3/data/ratis/6ec88f33-8621-4e9f-b38b-5a0c10b0a675 has been successfully formatted.
2019-08-27 19:04:30,566 [pool-181-thread-1] INFO  ratis.ContainerStateMachine (ContainerStateMachine.java:loadSnapshot(226)) - group-5A0C10B0A675: The snapshot info is null. Setting the last applied indexto:(t:0, i:~)
2019-08-27 19:04:30,567 [pool-159-thread-1] INFO  ratis.ContainerStateMachine (ContainerStateMachine.java:loadSnapshot(226)) - group-5A0C10B0A675: The snapshot info is null. Setting the last applied indexto:(t:0, i:~)
2019-08-27 19:04:30,566 [pool-192-thread-1] INFO  ratis.ContainerStateMachine (ContainerStateMachine.java:loadSnapshot(226)) - group-5A0C10B0A675: The snapshot info is null. Setting the last applied indexto:(t:0, i:~)
2019-08-27 19:04:30,567 [pool-159-thread-1] INFO  server.RaftServerConfigKeys (ConfUtils.java:logGet(43)) - raft.server.leader.election.timeout = 120s (custom)
2019-08-27 19:04:30,567 [pool-181-thread-1] INFO  server.RaftServerConfigKeys (ConfUtils.java:logGet(43)) - raft.server.leader.election.timeout = 120s (custom)
2019-08-27 19:04:30,567 [pool-159-thread-1] INFO  server.RaftServerConfigKeys (ConfUtils.java:logGet(43)) - raft.server.log.use.memory = false (default)
2019-08-27 19:04:30,567 [pool-192-thread-1] INFO  server.RaftServerConfigKeys (ConfUtils.java:logGet(43)) - raft.server.leader.election.timeout = 120s (custom)
2019-08-27 19:04:30,567 [pool-159-thread-1] INFO  server.RaftServerConfigKeys (ConfUtils.java:logGet(43)) - raft.server.log.purge.gap = 1000000 (custom)
2019-08-27 19:04:30,567 [pool-181-thread-1] INFO  server.RaftServerConfigKeys (ConfUtils.java:logGet(43)) - raft.server.log.use.memory = false (default)
2019-08-27 19:04:30,568 [pool-159-thread-1] INFO  server.RaftServerConfigKeys (ConfUtils.java:logGet(43)) - raft.server.log.appender.buffer.byte-limit = 33554432 (custom)
2019-08-27 19:04:30,568 [pool-192-thread-1] INFO  server.RaftServerConfigKeys (ConfUtils.java:logGet(43)) - raft.server.log.use.memory = false (default)
2019-08-27 19:04:30,568 [pool-159-thread-1] INFO  server.RaftServerConfigKeys (ConfUtils.java:logGet(43)) - raft.server.log.segment.size.max = 1048576 (custom)
2019-08-27 19:04:30,568 [pool-181-thread-1] INFO  server.RaftServerConfigKeys (ConfUtils.java:logGet(43)) - raft.server.log.purge.gap = 1000000 (custom)
2019-08-27 19:04:30,568 [pool-159-thread-1] INFO  server.RaftServerConfigKeys (ConfUtils.java:logGet(43)) - raft.server.log.segment.cache.num.max = 2 (custom)
2019-08-27 19:04:30,568 [pool-192-thread-1] INFO  server.RaftServerConfigKeys (ConfUtils.java:logGet(43)) - raft.server.log.purge.gap = 1000000 (custom)
2019-08-27 19:04:30,568 [pool-159-thread-1] INFO  segmented.SegmentedRaftLogWorker (SegmentedRaftLogWorker.java:<init>(172)) - new 457b0f2b-feff-4639-91a3-a11070381d4f-SegmentedRaftLogWorker:Storage Directory /workdir/hadoop-ozone/integration-test/target/test-dir/MiniOzoneClusterImpl-599e46d8-0e9a-4b65-aec3-4904bd77efd2/datanode-3/data/ratis/6ec88f33-8621-4e9f-b38b-5a0c10b0a675 for RaftStorage:Storage Directory /workdir/hadoop-ozone/integration-test/target/test-dir/MiniOzoneClusterImpl-599e46d8-0e9a-4b65-aec3-4904bd77efd2/datanode-3/data/ratis/6ec88f33-8621-4e9f-b38b-5a0c10b0a675
2019-08-27 19:04:30,568 [pool-181-thread-1] INFO  server.RaftServerConfigKeys (ConfUtils.java:logGet(43)) - raft.server.log.appender.buffer.byte-limit = 33554432 (custom)
2019-08-27 19:04:30,569 [pool-159-thread-1] INFO  server.RaftServerConfigKeys (ConfUtils.java:logGet(43)) - raft.server.log.queue.byte-limit = 2147483647 (custom)
2019-08-27 19:04:30,569 [pool-159-thread-1] INFO  server.RaftServerConfigKeys (ConfUtils.java:logGet(43)) - raft.server.log.queue.element-limit = 1024 (custom)
2019-08-27 19:04:30,569 [pool-192-thread-1] INFO  server.RaftServerConfigKeys (ConfUtils.java:logGet(43)) - raft.server.log.appender.buffer.byte-limit = 33554432 (custom)
2019-08-27 19:04:30,569 [pool-159-thread-1] INFO  server.RaftServerConfigKeys (ConfUtils.java:logGet(43)) - raft.server.log.segment.size.max = 1048576 (custom)
2019-08-27 19:04:30,569 [pool-181-thread-1] INFO  server.RaftServerConfigKeys (ConfUtils.java:logGet(43)) - raft.server.log.segment.size.max = 1048576 (custom)
2019-08-27 19:04:30,569 [pool-159-thread-1] INFO  server.RaftServerConfigKeys (ConfUtils.java:logGet(43)) - raft.server.log.preallocated.size = 16384 (custom)
2019-08-27 19:04:30,569 [pool-192-thread-1] INFO  server.RaftServerConfigKeys (ConfUtils.java:logGet(43)) - raft.server.log.segment.size.max = 1048576 (custom)
2019-08-27 19:04:30,570 [pool-159-thread-1] INFO  server.RaftServerConfigKeys (ConfUtils.java:logGet(43)) - raft.server.log.write.buffer.size = 33554432 (custom)
2019-08-27 19:04:30,570 [pool-159-thread-1] INFO  server.RaftServerConfigKeys (ConfUtils.java:logGet(43)) - raft.server.log.force.sync.num = 128 (default)
2019-08-27 19:04:30,570 [pool-181-thread-1] INFO  server.RaftServerConfigKeys (ConfUtils.java:logGet(43)) - raft.server.log.segment.cache.num.max = 2 (custom)
2019-08-27 19:04:30,570 [pool-159-thread-1] INFO  server.RaftServerConfigKeys (ConfUtils.java:logGet(43)) - raft.server.log.statemachine.data.sync = true (default)
2019-08-27 19:04:30,570 [pool-192-thread-1] INFO  server.RaftServerConfigKeys (ConfUtils.java:logGet(43)) - raft.server.log.segment.cache.num.max = 2 (custom)
2019-08-27 19:04:30,570 [pool-159-thread-1] INFO  server.RaftServerConfigKeys (ConfUtils.java:logGet(43)) - raft.server.log.statemachine.data.sync.timeout = 10s (default)
2019-08-27 19:04:30,570 [pool-181-thread-1] INFO  segmented.SegmentedRaftLogWorker (SegmentedRaftLogWorker.java:<init>(172)) - new d3c05237-bd84-4234-a934-0ba66750ea46-SegmentedRaftLogWorker:Storage Directory /workdir/hadoop-ozone/integration-test/target/test-dir/MiniOzoneClusterImpl-599e46d8-0e9a-4b65-aec3-4904bd77efd2/datanode-5/data/ratis/6ec88f33-8621-4e9f-b38b-5a0c10b0a675 for RaftStorage:Storage Directory /workdir/hadoop-ozone/integration-test/target/test-dir/MiniOzoneClusterImpl-599e46d8-0e9a-4b65-aec3-4904bd77efd2/datanode-5/data/ratis/6ec88f33-8621-4e9f-b38b-5a0c10b0a675
2019-08-27 19:04:30,571 [pool-159-thread-1] INFO  server.RaftServerConfigKeys (ConfUtils.java:logGet(43)) - raft.server.log.statemachine.data.sync.timeout.retry = -1 (default)
2019-08-27 19:04:30,571 [pool-192-thread-1] INFO  segmented.SegmentedRaftLogWorker (SegmentedRaftLogWorker.java:<init>(172)) - new 8dbfb03d-3489-434f-b2ff-176126556357-SegmentedRaftLogWorker:Storage Directory /workdir/hadoop-ozone/integration-test/target/test-dir/MiniOzoneClusterImpl-599e46d8-0e9a-4b65-aec3-4904bd77efd2/datanode-6/data/ratis/6ec88f33-8621-4e9f-b38b-5a0c10b0a675 for RaftStorage:Storage Directory /workdir/hadoop-ozone/integration-test/target/test-dir/MiniOzoneClusterImpl-599e46d8-0e9a-4b65-aec3-4904bd77efd2/datanode-6/data/ratis/6ec88f33-8621-4e9f-b38b-5a0c10b0a675
2019-08-27 19:04:30,571 [pool-159-thread-1] INFO  server.RaftServerConfigKeys (ConfUtils.java:logGet(43)) - raft.server.log.statemachine.data.caching.enabled = true (custom)
2019-08-27 19:04:30,571 [pool-181-thread-1] INFO  server.RaftServerConfigKeys (ConfUtils.java:logGet(43)) - raft.server.log.queue.byte-limit = 2147483647 (custom)
2019-08-27 19:04:30,571 [pool-192-thread-1] INFO  server.RaftServerConfigKeys (ConfUtils.java:logGet(43)) - raft.server.log.queue.byte-limit = 2147483647 (custom)
2019-08-27 19:04:30,571 [pool-159-thread-1] INFO  segmented.SegmentedRaftLogWorker (SegmentedRaftLogWorker.java:lambda$new$0(132)) - 457b0f2b-feff-4639-91a3-a11070381d4f-SegmentedRaftLogWorker:Storage Directory /workdir/hadoop-ozone/integration-test/target/test-dir/MiniOzoneClusterImpl-599e46d8-0e9a-4b65-aec3-4904bd77efd2/datanode-3/data/ratis/6ec88f33-8621-4e9f-b38b-5a0c10b0a675: flushIndex: setUnconditionally 0 -> -1
2019-08-27 19:04:30,571 [pool-181-thread-1] INFO  server.RaftServerConfigKeys (ConfUtils.java:logGet(43)) - raft.server.log.queue.element-limit = 1024 (custom)
2019-08-27 19:04:30,572 [pool-192-thread-1] INFO  server.RaftServerConfigKeys (ConfUtils.java:logGet(43)) - raft.server.log.queue.element-limit = 1024 (custom)
2019-08-27 19:04:30,572 [pool-159-thread-1] INFO  server.RaftServerConfigKeys (ConfUtils.java:logGet(43)) - raft.server.snapshot.auto.trigger.enabled = true (custom)
2019-08-27 19:04:30,572 [pool-181-thread-1] INFO  server.RaftServerConfigKeys (ConfUtils.java:logGet(43)) - raft.server.log.segment.size.max = 1048576 (custom)
2019-08-27 19:04:30,572 [pool-159-thread-1] INFO  server.RaftServerConfigKeys (ConfUtils.java:logGet(43)) - raft.server.snapshot.auto.trigger.threshold = 10000 (custom)
2019-08-27 19:04:30,572 [pool-192-thread-1] INFO  server.RaftServerConfigKeys (ConfUtils.java:logGet(43)) - raft.server.log.segment.size.max = 1048576 (custom)
2019-08-27 19:04:30,573 [pool-159-thread-1] INFO  server.RaftServerConfigKeys (ConfUtils.java:logGet(43)) - raft.server.retrycache.expirytime = 600000ms (custom)
2019-08-27 19:04:30,572 [pool-181-thread-1] INFO  server.RaftServerConfigKeys (ConfUtils.java:logGet(43)) - raft.server.log.preallocated.size = 16384 (custom)
2019-08-27 19:04:30,573 [pool-159-thread-1] INFO  impl.RaftServerImpl (RaftServerImpl.java:start(180)) - 457b0f2b-feff-4639-91a3-a11070381d4f: start group-5A0C10B0A675
2019-08-27 19:04:30,573 [pool-192-thread-1] INFO  server.RaftServerConfigKeys (ConfUtils.java:logGet(43)) - raft.server.log.preallocated.size = 16384 (custom)
2019-08-27 19:04:30,573 [pool-159-thread-1] INFO  impl.RaftServerImpl (RaftServerImpl.java:setRole(171)) - 457b0f2b-feff-4639-91a3-a11070381d4f:group-5A0C10B0A675 changes role from null to FOLLOWER at term 0 for startAsFollower
2019-08-27 19:04:30,573 [pool-181-thread-1] INFO  server.RaftServerConfigKeys (ConfUtils.java:logGet(43)) - raft.server.log.write.buffer.size = 33554432 (custom)
2019-08-27 19:04:30,573 [pool-159-thread-1] INFO  impl.RoleInfo (RoleInfo.java:updateAndGet(143)) - 457b0f2b-feff-4639-91a3-a11070381d4f: start FollowerState
2019-08-27 19:04:30,573 [pool-192-thread-1] INFO  server.RaftServerConfigKeys (ConfUtils.java:logGet(43)) - raft.server.log.write.buffer.size = 33554432 (custom)
2019-08-27 19:04:30,573 [pool-181-thread-1] INFO  server.RaftServerConfigKeys (ConfUtils.java:logGet(43)) - raft.server.log.force.sync.num = 128 (default)
2019-08-27 19:04:30,574 [pool-192-thread-1] INFO  server.RaftServerConfigKeys (ConfUtils.java:logGet(43)) - raft.server.log.force.sync.num = 128 (default)
2019-08-27 19:04:30,574 [pool-159-thread-1] INFO  util.JmxRegister (JmxRegister.java:tryRegister(44)) - Successfully registered JMX Bean with object name Ratis:service=RaftServer,group=group-5A0C10B0A675,id=457b0f2b-feff-4639-91a3-a11070381d4f
2019-08-27 19:04:30,574 [pool-181-thread-1] INFO  server.RaftServerConfigKeys (ConfUtils.java:logGet(43)) - raft.server.log.statemachine.data.sync = true (default)
2019-08-27 19:04:30,574 [pool-192-thread-1] INFO  server.RaftServerConfigKeys (ConfUtils.java:logGet(43)) - raft.server.log.statemachine.data.sync = true (default)
2019-08-27 19:04:30,574 [pool-181-thread-1] INFO  server.RaftServerConfigKeys (ConfUtils.java:logGet(43)) - raft.server.log.statemachine.data.sync.timeout = 10s (default)
2019-08-27 19:04:30,574 [pool-192-thread-1] INFO  server.RaftServerConfigKeys (ConfUtils.java:logGet(43)) - raft.server.log.statemachine.data.sync.timeout = 10s (default)
2019-08-27 19:04:30,575 [pool-181-thread-1] INFO  server.RaftServerConfigKeys (ConfUtils.java:logGet(43)) - raft.server.log.statemachine.data.sync.timeout.retry = -1 (default)
2019-08-27 19:04:30,575 [pool-192-thread-1] INFO  server.RaftServerConfigKeys (ConfUtils.java:logGet(43)) - raft.server.log.statemachine.data.sync.timeout.retry = -1 (default)
2019-08-27 19:04:30,575 [pool-181-thread-1] INFO  server.RaftServerConfigKeys (ConfUtils.java:logGet(43)) - raft.server.log.statemachine.data.caching.enabled = true (custom)
2019-08-27 19:04:30,575 [pool-192-thread-1] INFO  server.RaftServerConfigKeys (ConfUtils.java:logGet(43)) - raft.server.log.statemachine.data.caching.enabled = true (custom)
2019-08-27 19:04:30,575 [pool-181-thread-1] INFO  segmented.SegmentedRaftLogWorker (SegmentedRaftLogWorker.java:lambda$new$0(132)) - d3c05237-bd84-4234-a934-0ba66750ea46-SegmentedRaftLogWorker:Storage Directory /workdir/hadoop-ozone/integration-test/target/test-dir/MiniOzoneClusterImpl-599e46d8-0e9a-4b65-aec3-4904bd77efd2/datanode-5/data/ratis/6ec88f33-8621-4e9f-b38b-5a0c10b0a675: flushIndex: setUnconditionally 0 -> -1
2019-08-27 19:04:30,575 [pool-192-thread-1] INFO  segmented.SegmentedRaftLogWorker (SegmentedRaftLogWorker.java:lambda$new$0(132)) - 8dbfb03d-3489-434f-b2ff-176126556357-SegmentedRaftLogWorker:Storage Directory /workdir/hadoop-ozone/integration-test/target/test-dir/MiniOzoneClusterImpl-599e46d8-0e9a-4b65-aec3-4904bd77efd2/datanode-6/data/ratis/6ec88f33-8621-4e9f-b38b-5a0c10b0a675: flushIndex: setUnconditionally 0 -> -1
2019-08-27 19:04:30,576 [pool-181-thread-1] INFO  server.RaftServerConfigKeys (ConfUtils.java:logGet(43)) - raft.server.snapshot.auto.trigger.enabled = true (custom)
2019-08-27 19:04:30,576 [pool-192-thread-1] INFO  server.RaftServerConfigKeys (ConfUtils.java:logGet(43)) - raft.server.snapshot.auto.trigger.enabled = true (custom)
2019-08-27 19:04:30,576 [pool-181-thread-1] INFO  server.RaftServerConfigKeys (ConfUtils.java:logGet(43)) - raft.server.snapshot.auto.trigger.threshold = 10000 (custom)
2019-08-27 19:04:30,576 [pool-192-thread-1] INFO  server.RaftServerConfigKeys (ConfUtils.java:logGet(43)) - raft.server.snapshot.auto.trigger.threshold = 10000 (custom)
2019-08-27 19:04:30,576 [pool-181-thread-1] INFO  server.RaftServerConfigKeys (ConfUtils.java:logGet(43)) - raft.server.retrycache.expirytime = 600000ms (custom)
2019-08-27 19:04:30,576 [pool-192-thread-1] INFO  server.RaftServerConfigKeys (ConfUtils.java:logGet(43)) - raft.server.retrycache.expirytime = 600000ms (custom)
2019-08-27 19:04:30,577 [pool-181-thread-1] INFO  impl.RaftServerImpl (RaftServerImpl.java:start(180)) - d3c05237-bd84-4234-a934-0ba66750ea46: start group-5A0C10B0A675
2019-08-27 19:04:30,577 [pool-192-thread-1] INFO  impl.RaftServerImpl (RaftServerImpl.java:start(180)) - 8dbfb03d-3489-434f-b2ff-176126556357: start group-5A0C10B0A675
2019-08-27 19:04:30,577 [pool-181-thread-1] INFO  impl.RaftServerImpl (RaftServerImpl.java:setRole(171)) - d3c05237-bd84-4234-a934-0ba66750ea46:group-5A0C10B0A675 changes role from null to FOLLOWER at term 0 for startAsFollower
2019-08-27 19:04:30,577 [pool-192-thread-1] INFO  impl.RaftServerImpl (RaftServerImpl.java:setRole(171)) - 8dbfb03d-3489-434f-b2ff-176126556357:group-5A0C10B0A675 changes role from null to FOLLOWER at term 0 for startAsFollower
2019-08-27 19:04:30,577 [pool-181-thread-1] INFO  impl.RoleInfo (RoleInfo.java:updateAndGet(143)) - d3c05237-bd84-4234-a934-0ba66750ea46: start FollowerState
2019-08-27 19:04:30,577 [pool-192-thread-1] INFO  impl.RoleInfo (RoleInfo.java:updateAndGet(143)) - 8dbfb03d-3489-434f-b2ff-176126556357: start FollowerState
2019-08-27 19:04:30,578 [pool-181-thread-1] INFO  util.JmxRegister (JmxRegister.java:tryRegister(44)) - Successfully registered JMX Bean with object name Ratis:service=RaftServer,group=group-5A0C10B0A675,id=d3c05237-bd84-4234-a934-0ba66750ea46
2019-08-27 19:04:30,578 [pool-192-thread-1] INFO  util.JmxRegister (JmxRegister.java:tryRegister(44)) - Successfully registered JMX Bean with object name Ratis:service=RaftServer,group=group-5A0C10B0A675,id=8dbfb03d-3489-434f-b2ff-176126556357
2019-08-27 19:04:30,581 [RatisPipelineUtilsThread] INFO  pipeline.PipelineStateManager (PipelineStateManager.java:addPipeline(56)) - Created pipeline Pipeline[ Id: 6ec88f33-8621-4e9f-b38b-5a0c10b0a675, Nodes: 457b0f2b-feff-4639-91a3-a11070381d4f{ip: 192.168.5.191, host: pr-hdds-738-k2b25-1829472937, networkLocation: /default-rack, certSerialId: null}d3c05237-bd84-4234-a934-0ba66750ea46{ip: 192.168.5.191, host: pr-hdds-738-k2b25-1829472937, networkLocation: /default-rack, certSerialId: null}8dbfb03d-3489-434f-b2ff-176126556357{ip: 192.168.5.191, host: pr-hdds-738-k2b25-1829472937, networkLocation: /default-rack, certSerialId: null}, Type:RATIS, Factor:THREE, State:OPEN]
2019-08-27 19:04:31,432 [main] INFO  ozone.MiniOzoneClusterImpl (MiniOzoneClusterImpl.java:lambda$waitForClusterToBeReady$0(140)) - Cluster is ready. Got 7 of 7 DN Heartbeats.
2019-08-27 19:04:31,474 [main] INFO  rpc.RpcClient (RpcClient.java:createVolume(293)) - Creating Volume: testblockoutputstreamwithretries, with jenkins1000 as owner.
2019-08-27 19:04:31,476 | INFO  | OMAudit | user=jenkins1000 | ip=127.0.0.1 | op=CREATE_VOLUME {admin=jenkins1000, owner=jenkins1000, volume=testblockoutputstreamwithretries, creationTime=1566932671476, quotaInBytes=1152921504606846976} | ret=SUCCESS |  
2019-08-27 19:04:31,488 | INFO  | OMAudit | user=jenkins1000 | ip=127.0.0.1 | op=READ_VOLUME {volume=testblockoutputstreamwithretries} | ret=SUCCESS |  
2019-08-27 19:04:31,489 [main] INFO  rpc.RpcClient (RpcClient.java:createBucket(432)) - Creating Bucket: testblockoutputstreamwithretries/testblockoutputstreamwithretries, with Versioning false and Storage Type set to DISK and Encryption set to false 
2019-08-27 19:04:31,495 | INFO  | OMAudit | user=jenkins1000 | ip=127.0.0.1 | op=CREATE_BUCKET {volume=testblockoutputstreamwithretries, bucket=testblockoutputstreamwithretries, acls=[user:jenkins1000:a[ACCESS], group:default:a[ACCESS]], isVersionEnabled=false, storageType=DISK, creationTime=0} | ret=SUCCESS |  
2019-08-27 19:04:31,497 | INFO  | OMAudit | user=jenkins1000 | ip=127.0.0.1 | op=READ_VOLUME {volume=testblockoutputstreamwithretries} | ret=SUCCESS |  
2019-08-27 19:04:31,499 | INFO  | OMAudit | user=jenkins1000 | ip=127.0.0.1 | op=READ_BUCKET {volume=testblockoutputstreamwithretries, bucket=testblockoutputstreamwithretries} | ret=SUCCESS |  
2019-08-27 19:04:31,504 | INFO  | SCMAudit | user=jenkins1000 | ip=192.168.5.191 | op=ALLOCATE_BLOCK {owner=3ec034b6-c55a-418b-987c-dd104750f6a3, size=800, type=RATIS, factor=THREE} | ret=SUCCESS |  
2019-08-27 19:04:31,507 | INFO  | OMAudit | user=jenkins1000 | ip=127.0.0.1 | op=ALLOCATE_KEY {volume=testblockoutputstreamwithretries, bucket=testblockoutputstreamwithretries, key=974a7d50-41a6-4f50-9d68-122ac39232e4, dataSize=3200, replicationType=RATIS, replicationFactor=THREE, keyLocationInfo=null} | ret=SUCCESS |  
2019-08-27 19:04:31,523 [grpc-default-executor-5] INFO  client.GrpcClientProtocolClient (GrpcClientProtocolClient.java:onNext(255)) - client-0C1CC1C50A7C->457b0f2b-feff-4639-91a3-a11070381d4f: receive RaftClientReply:client-0C1CC1C50A7C->457b0f2b-feff-4639-91a3-a11070381d4f@group-5A0C10B0A675, cid=42, FAILED org.apache.ratis.protocol.NotLeaderException: Server 457b0f2b-feff-4639-91a3-a11070381d4f is not the leader (null). Request must be sent to leader., logIndex=0, commits[457b0f2b-feff-4639-91a3-a11070381d4f:c-1]
2019-08-27 19:04:32,033 | INFO  | SCMAudit | user=jenkins1000 | ip=192.168.5.191 | op=SEND_HEARTBEAT {datanodeUUID=7ffeb123-8a07-43fc-9bc5-d9b026895606, command=[]} | ret=SUCCESS |  
2019-08-27 19:04:32,099 | INFO  | SCMAudit | user=jenkins1000 | ip=192.168.5.191 | op=SEND_HEARTBEAT {datanodeUUID=38f28178-96e9-481f-bed8-cfb19f684f50, command=[]} | ret=SUCCESS |  
2019-08-27 19:04:32,169 | INFO  | SCMAudit | user=jenkins1000 | ip=192.168.5.191 | op=SEND_HEARTBEAT {datanodeUUID=1a6ef58e-b6d8-4916-b5f4-f66cad6b6cba, command=[]} | ret=SUCCESS |  
2019-08-27 19:04:32,232 | INFO  | SCMAudit | user=jenkins1000 | ip=192.168.5.191 | op=SEND_HEARTBEAT {datanodeUUID=457b0f2b-feff-4639-91a3-a11070381d4f, command=[]} | ret=SUCCESS |  
2019-08-27 19:04:32,299 | INFO  | SCMAudit | user=jenkins1000 | ip=192.168.5.191 | op=SEND_HEARTBEAT {datanodeUUID=3e80ec3d-d0df-446e-9c00-872113d57222, command=[]} | ret=SUCCESS |  
2019-08-27 19:04:32,369 | INFO  | SCMAudit | user=jenkins1000 | ip=192.168.5.191 | op=SEND_HEARTBEAT {datanodeUUID=d3c05237-bd84-4234-a934-0ba66750ea46, command=[]} | ret=SUCCESS |  
2019-08-27 19:04:32,435 | INFO  | SCMAudit | user=jenkins1000 | ip=192.168.5.191 | op=SEND_HEARTBEAT {datanodeUUID=8dbfb03d-3489-434f-b2ff-176126556357, command=[]} | ret=SUCCESS |  
2019-08-27 19:04:32,549 [grpc-default-executor-5] INFO  client.GrpcClientProtocolClient (GrpcClientProtocolClient.java:onNext(255)) - client-0C1CC1C50A7C->d3c05237-bd84-4234-a934-0ba66750ea46: receive RaftClientReply:client-0C1CC1C50A7C->d3c05237-bd84-4234-a934-0ba66750ea46@group-5A0C10B0A675, cid=42, FAILED org.apache.ratis.protocol.NotLeaderException: Server d3c05237-bd84-4234-a934-0ba66750ea46 is not the leader (null). Request must be sent to leader., logIndex=0, commits[d3c05237-bd84-4234-a934-0ba66750ea46:c-1]
2019-08-27 19:04:33,032 | INFO  | SCMAudit | user=jenkins1000 | ip=192.168.5.191 | op=SEND_HEARTBEAT {datanodeUUID=7ffeb123-8a07-43fc-9bc5-d9b026895606, command=[]} | ret=SUCCESS |  
2019-08-27 19:04:33,047 [Thread-712] INFO  container.ReplicationManager (ReplicationManager.java:start(152)) - Starting Replication Monitor Thread.
2019-08-27 19:04:33,050 [ReplicationMonitor] INFO  container.ReplicationManager (ReplicationManager.java:run(215)) - Replication Monitor Thread took 0 milliseconds for processing 3 containers.
2019-08-27 19:04:33,099 | INFO  | SCMAudit | user=jenkins1000 | ip=192.168.5.191 | op=SEND_HEARTBEAT {datanodeUUID=38f28178-96e9-481f-bed8-cfb19f684f50, command=[]} | ret=SUCCESS |  
2019-08-27 19:04:33,169 | INFO  | SCMAudit | user=jenkins1000 | ip=192.168.5.191 | op=SEND_HEARTBEAT {datanodeUUID=1a6ef58e-b6d8-4916-b5f4-f66cad6b6cba, command=[]} | ret=SUCCESS |  
2019-08-27 19:04:33,233 | INFO  | SCMAudit | user=jenkins1000 | ip=192.168.5.191 | op=SEND_HEARTBEAT {datanodeUUID=457b0f2b-feff-4639-91a3-a11070381d4f, command=[]} | ret=SUCCESS |  
2019-08-27 19:04:33,299 | INFO  | SCMAudit | user=jenkins1000 | ip=192.168.5.191 | op=SEND_HEARTBEAT {datanodeUUID=3e80ec3d-d0df-446e-9c00-872113d57222, command=[]} | ret=SUCCESS |  
2019-08-27 19:04:33,370 | INFO  | SCMAudit | user=jenkins1000 | ip=192.168.5.191 | op=SEND_HEARTBEAT {datanodeUUID=d3c05237-bd84-4234-a934-0ba66750ea46, command=[]} | ret=SUCCESS |  
2019-08-27 19:04:33,435 | INFO  | SCMAudit | user=jenkins1000 | ip=192.168.5.191 | op=SEND_HEARTBEAT {datanodeUUID=8dbfb03d-3489-434f-b2ff-176126556357, command=[]} | ret=SUCCESS |  
2019-08-27 19:04:33,567 [grpc-default-executor-5] INFO  client.GrpcClientProtocolClient (GrpcClientProtocolClient.java:onNext(255)) - client-0C1CC1C50A7C->8dbfb03d-3489-434f-b2ff-176126556357: receive RaftClientReply:client-0C1CC1C50A7C->8dbfb03d-3489-434f-b2ff-176126556357@group-5A0C10B0A675, cid=42, FAILED org.apache.ratis.protocol.NotLeaderException: Server 8dbfb03d-3489-434f-b2ff-176126556357 is not the leader (null). Request must be sent to leader., logIndex=0, commits[8dbfb03d-3489-434f-b2ff-176126556357:c-1]
2019-08-27 19:04:34,033 | INFO  | SCMAudit | user=jenkins1000 | ip=192.168.5.191 | op=SEND_HEARTBEAT {datanodeUUID=7ffeb123-8a07-43fc-9bc5-d9b026895606, command=[]} | ret=SUCCESS |  
2019-08-27 19:04:34,100 | INFO  | SCMAudit | user=jenkins1000 | ip=192.168.5.191 | op=SEND_HEARTBEAT {datanodeUUID=38f28178-96e9-481f-bed8-cfb19f684f50, command=[]} | ret=SUCCESS |  
2019-08-27 19:04:34,170 | INFO  | SCMAudit | user=jenkins1000 | ip=192.168.5.191 | op=SEND_HEARTBEAT {datanodeUUID=1a6ef58e-b6d8-4916-b5f4-f66cad6b6cba, command=[]} | ret=SUCCESS |  
2019-08-27 19:04:34,233 | INFO  | SCMAudit | user=jenkins1000 | ip=192.168.5.191 | op=SEND_HEARTBEAT {datanodeUUID=457b0f2b-feff-4639-91a3-a11070381d4f, command=[]} | ret=SUCCESS |  
2019-08-27 19:04:34,300 | INFO  | SCMAudit | user=jenkins1000 | ip=192.168.5.191 | op=SEND_HEARTBEAT {datanodeUUID=3e80ec3d-d0df-446e-9c00-872113d57222, command=[]} | ret=SUCCESS |  
2019-08-27 19:04:34,370 | INFO  | SCMAudit | user=jenkins1000 | ip=192.168.5.191 | op=SEND_HEARTBEAT {datanodeUUID=d3c05237-bd84-4234-a934-0ba66750ea46, command=[]} | ret=SUCCESS |  
2019-08-27 19:04:34,435 | INFO  | SCMAudit | user=jenkins1000 | ip=192.168.5.191 | op=SEND_HEARTBEAT {datanodeUUID=8dbfb03d-3489-434f-b2ff-176126556357, command=[]} | ret=SUCCESS |  
2019-08-27 19:04:34,584 [grpc-default-executor-5] INFO  client.GrpcClientProtocolClient (GrpcClientProtocolClient.java:onNext(255)) - client-0C1CC1C50A7C->d3c05237-bd84-4234-a934-0ba66750ea46: receive RaftClientReply:client-0C1CC1C50A7C->d3c05237-bd84-4234-a934-0ba66750ea46@group-5A0C10B0A675, cid=42, FAILED org.apache.ratis.protocol.NotLeaderException: Server d3c05237-bd84-4234-a934-0ba66750ea46 is not the leader (null). Request must be sent to leader., logIndex=0, commits[d3c05237-bd84-4234-a934-0ba66750ea46:c-1]
2019-08-27 19:04:35,033 | INFO  | SCMAudit | user=jenkins1000 | ip=192.168.5.191 | op=SEND_HEARTBEAT {datanodeUUID=7ffeb123-8a07-43fc-9bc5-d9b026895606, command=[]} | ret=SUCCESS |  
2019-08-27 19:04:35,099 | INFO  | SCMAudit | user=jenkins1000 | ip=192.168.5.191 | op=SEND_HEARTBEAT {datanodeUUID=38f28178-96e9-481f-bed8-cfb19f684f50, command=[]} | ret=SUCCESS |  
2019-08-27 19:04:35,127 [Thread-714] INFO  impl.FollowerState (FollowerState.java:run(106)) - 7ffeb123-8a07-43fc-9bc5-d9b026895606:group-A22DCF4F585D changes to CANDIDATE, lastRpcTime:5051, electionTimeout:5051ms
2019-08-27 19:04:35,127 [Thread-714] INFO  impl.RoleInfo (RoleInfo.java:shutdownFollowerState(121)) - 7ffeb123-8a07-43fc-9bc5-d9b026895606: shutdown FollowerState
2019-08-27 19:04:35,127 [Thread-714] INFO  impl.RaftServerImpl (RaftServerImpl.java:setRole(171)) - 7ffeb123-8a07-43fc-9bc5-d9b026895606:group-A22DCF4F585D changes role from FOLLOWER to CANDIDATE at term 0 for changeToCandidate
2019-08-27 19:04:35,127 [Thread-714] INFO  impl.RoleInfo (RoleInfo.java:updateAndGet(143)) - 7ffeb123-8a07-43fc-9bc5-d9b026895606: start LeaderElection
2019-08-27 19:04:35,161 [7ffeb123-8a07-43fc-9bc5-d9b026895606:group-A22DCF4F585D:LeaderElection14] INFO  impl.LeaderElection (LeaderElection.java:askForVotes(181)) - 7ffeb123-8a07-43fc-9bc5-d9b026895606:group-A22DCF4F585D:LeaderElection14: begin an election at term 1 for -1: [7ffeb123-8a07-43fc-9bc5-d9b026895606:192.168.5.191:43880], old=null
2019-08-27 19:04:35,161 [7ffeb123-8a07-43fc-9bc5-d9b026895606:group-A22DCF4F585D:LeaderElection14] INFO  impl.RoleInfo (RoleInfo.java:shutdownLeaderElection(134)) - 7ffeb123-8a07-43fc-9bc5-d9b026895606: shutdown LeaderElection
2019-08-27 19:04:35,161 [7ffeb123-8a07-43fc-9bc5-d9b026895606:group-A22DCF4F585D:LeaderElection14] INFO  impl.RaftServerImpl (RaftServerImpl.java:setRole(171)) - 7ffeb123-8a07-43fc-9bc5-d9b026895606:group-A22DCF4F585D changes role from CANDIDATE to LEADER at term 1 for changeToLeader
2019-08-27 19:04:35,161 [7ffeb123-8a07-43fc-9bc5-d9b026895606:group-A22DCF4F585D:LeaderElection14] INFO  impl.RaftServerImpl (ServerState.java:setLeader(263)) - 7ffeb123-8a07-43fc-9bc5-d9b026895606:group-A22DCF4F585D change Leader from null to 7ffeb123-8a07-43fc-9bc5-d9b026895606 at term 1 for becomeLeader, leader elected after 5089ms
2019-08-27 19:04:35,164 [7ffeb123-8a07-43fc-9bc5-d9b026895606:group-A22DCF4F585D:LeaderElection14] INFO  server.RaftServerConfigKeys (ConfUtils.java:logGet(43)) - raft.server.staging.catchup.gap = 1000 (default)
2019-08-27 19:04:35,164 [7ffeb123-8a07-43fc-9bc5-d9b026895606:group-A22DCF4F585D:LeaderElection14] INFO  server.RaftServerConfigKeys (ConfUtils.java:logGet(43)) - raft.server.rpc.sleep.time = 25ms (default)
2019-08-27 19:04:35,164 [7ffeb123-8a07-43fc-9bc5-d9b026895606:group-A22DCF4F585D:LeaderElection14] INFO  server.RaftServerConfigKeys (ConfUtils.java:logGet(43)) - raft.server.write.element-limit = 4096 (default)
2019-08-27 19:04:35,164 [7ffeb123-8a07-43fc-9bc5-d9b026895606:group-A22DCF4F585D:LeaderElection14] INFO  server.RaftServerConfigKeys (ConfUtils.java:logGet(43)) - raft.server.watch.timeout = 10s (default)
2019-08-27 19:04:35,164 [7ffeb123-8a07-43fc-9bc5-d9b026895606:group-A22DCF4F585D:LeaderElection14] INFO  server.RaftServerConfigKeys (ConfUtils.java:logGet(43)) - raft.server.watch.timeout.denomination = 1s (default)
2019-08-27 19:04:35,165 [7ffeb123-8a07-43fc-9bc5-d9b026895606:group-A22DCF4F585D:LeaderElection14] INFO  server.RaftServerConfigKeys (ConfUtils.java:logGet(43)) - raft.server.watch.element-limit = 65536 (default)
2019-08-27 19:04:35,165 [7ffeb123-8a07-43fc-9bc5-d9b026895606:group-A22DCF4F585D:LeaderElection14] INFO  impl.RoleInfo (RoleInfo.java:updateAndGet(143)) - 7ffeb123-8a07-43fc-9bc5-d9b026895606: start LeaderState
2019-08-27 19:04:35,165 [7ffeb123-8a07-43fc-9bc5-d9b026895606:group-A22DCF4F585D:LeaderElection14] INFO  segmented.SegmentedRaftLogWorker (SegmentedRaftLogWorker.java:startLogSegment(380)) - 7ffeb123-8a07-43fc-9bc5-d9b026895606-SegmentedRaftLogWorker:Storage Directory /workdir/hadoop-ozone/integration-test/target/test-dir/MiniOzoneClusterImpl-599e46d8-0e9a-4b65-aec3-4904bd77efd2/datanode-0/data/ratis/e5567112-00c6-4255-b093-a22dcf4f585d: Starting segment from index:0
2019-08-27 19:04:35,166 [7ffeb123-8a07-43fc-9bc5-d9b026895606:group-A22DCF4F585D:LeaderElection14] INFO  impl.RaftServerImpl (ServerState.java:setRaftConf(361)) - 7ffeb123-8a07-43fc-9bc5-d9b026895606:group-A22DCF4F585D set configuration 0: [7ffeb123-8a07-43fc-9bc5-d9b026895606:192.168.5.191:43880], old=null at 0
2019-08-27 19:04:35,202 [Thread-717] INFO  impl.FollowerState (FollowerState.java:run(106)) - 38f28178-96e9-481f-bed8-cfb19f684f50:group-999DB1B54175 changes to CANDIDATE, lastRpcTime:5071, electionTimeout:5055ms
2019-08-27 19:04:35,202 [Thread-717] INFO  impl.RoleInfo (RoleInfo.java:shutdownFollowerState(121)) - 38f28178-96e9-481f-bed8-cfb19f684f50: shutdown FollowerState
2019-08-27 19:04:35,202 [Thread-717] INFO  impl.RaftServerImpl (RaftServerImpl.java:setRole(171)) - 38f28178-96e9-481f-bed8-cfb19f684f50:group-999DB1B54175 changes role from FOLLOWER to CANDIDATE at term 0 for changeToCandidate
2019-08-27 19:04:35,203 [Thread-717] INFO  impl.RoleInfo (RoleInfo.java:updateAndGet(143)) - 38f28178-96e9-481f-bed8-cfb19f684f50: start LeaderElection
2019-08-27 19:04:35,206 | INFO  | SCMAudit | user=jenkins1000 | ip=192.168.5.191 | op=SEND_HEARTBEAT {datanodeUUID=1a6ef58e-b6d8-4916-b5f4-f66cad6b6cba, command=[]} | ret=SUCCESS |  
2019-08-27 19:04:35,215 [7ffeb123-8a07-43fc-9bc5-d9b026895606-SegmentedRaftLogWorker:Storage Directory /workdir/hadoop-ozone/integration-test/target/test-dir/MiniOzoneClusterImpl-599e46d8-0e9a-4b65-aec3-4904bd77efd2/datanode-0/data/ratis/e5567112-00c6-4255-b093-a22dcf4f585d] INFO  segmented.SegmentedRaftLogWorker (SegmentedRaftLogWorker.java:execute(569)) - 7ffeb123-8a07-43fc-9bc5-d9b026895606-SegmentedRaftLogWorker:Storage Directory /workdir/hadoop-ozone/integration-test/target/test-dir/MiniOzoneClusterImpl-599e46d8-0e9a-4b65-aec3-4904bd77efd2/datanode-0/data/ratis/e5567112-00c6-4255-b093-a22dcf4f585d: created new log segment /workdir/hadoop-ozone/integration-test/target/test-dir/MiniOzoneClusterImpl-599e46d8-0e9a-4b65-aec3-4904bd77efd2/datanode-0/data/ratis/e5567112-00c6-4255-b093-a22dcf4f585d/current/log_inprogress_0
2019-08-27 19:04:35,215 [38f28178-96e9-481f-bed8-cfb19f684f50:group-999DB1B54175:LeaderElection15] INFO  impl.LeaderElection (LeaderElection.java:askForVotes(181)) - 38f28178-96e9-481f-bed8-cfb19f684f50:group-999DB1B54175:LeaderElection15: begin an election at term 1 for -1: [38f28178-96e9-481f-bed8-cfb19f684f50:192.168.5.191:43946], old=null
2019-08-27 19:04:35,215 [38f28178-96e9-481f-bed8-cfb19f684f50:group-999DB1B54175:LeaderElection15] INFO  impl.RoleInfo (RoleInfo.java:shutdownLeaderElection(134)) - 38f28178-96e9-481f-bed8-cfb19f684f50: shutdown LeaderElection
2019-08-27 19:04:35,215 [38f28178-96e9-481f-bed8-cfb19f684f50:group-999DB1B54175:LeaderElection15] INFO  impl.RaftServerImpl (RaftServerImpl.java:setRole(171)) - 38f28178-96e9-481f-bed8-cfb19f684f50:group-999DB1B54175 changes role from CANDIDATE to LEADER at term 1 for changeToLeader
2019-08-27 19:04:35,215 [38f28178-96e9-481f-bed8-cfb19f684f50:group-999DB1B54175:LeaderElection15] INFO  impl.RaftServerImpl (ServerState.java:setLeader(263)) - 38f28178-96e9-481f-bed8-cfb19f684f50:group-999DB1B54175 change Leader from null to 38f28178-96e9-481f-bed8-cfb19f684f50 at term 1 for becomeLeader, leader elected after 5089ms
2019-08-27 19:04:35,217 [38f28178-96e9-481f-bed8-cfb19f684f50:group-999DB1B54175:LeaderElection15] INFO  server.RaftServerConfigKeys (ConfUtils.java:logGet(43)) - raft.server.staging.catchup.gap = 1000 (default)
2019-08-27 19:04:35,218 [38f28178-96e9-481f-bed8-cfb19f684f50:group-999DB1B54175:LeaderElection15] INFO  server.RaftServerConfigKeys (ConfUtils.java:logGet(43)) - raft.server.rpc.sleep.time = 25ms (default)
2019-08-27 19:04:35,218 [38f28178-96e9-481f-bed8-cfb19f684f50:group-999DB1B54175:LeaderElection15] INFO  server.RaftServerConfigKeys (ConfUtils.java:logGet(43)) - raft.server.write.element-limit = 4096 (default)
2019-08-27 19:04:35,218 [38f28178-96e9-481f-bed8-cfb19f684f50:group-999DB1B54175:LeaderElection15] INFO  server.RaftServerConfigKeys (ConfUtils.java:logGet(43)) - raft.server.watch.timeout = 10s (default)
2019-08-27 19:04:35,218 [38f28178-96e9-481f-bed8-cfb19f684f50:group-999DB1B54175:LeaderElection15] INFO  server.RaftServerConfigKeys (ConfUtils.java:logGet(43)) - raft.server.watch.timeout.denomination = 1s (default)
2019-08-27 19:04:35,218 [38f28178-96e9-481f-bed8-cfb19f684f50:group-999DB1B54175:LeaderElection15] INFO  server.RaftServerConfigKeys (ConfUtils.java:logGet(43)) - raft.server.watch.element-limit = 65536 (default)
2019-08-27 19:04:35,219 [38f28178-96e9-481f-bed8-cfb19f684f50:group-999DB1B54175:LeaderElection15] INFO  impl.RoleInfo (RoleInfo.java:updateAndGet(143)) - 38f28178-96e9-481f-bed8-cfb19f684f50: start LeaderState
2019-08-27 19:04:35,219 [38f28178-96e9-481f-bed8-cfb19f684f50:group-999DB1B54175:LeaderElection15] INFO  segmented.SegmentedRaftLogWorker (SegmentedRaftLogWorker.java:startLogSegment(380)) - 38f28178-96e9-481f-bed8-cfb19f684f50-SegmentedRaftLogWorker:Storage Directory /workdir/hadoop-ozone/integration-test/target/test-dir/MiniOzoneClusterImpl-599e46d8-0e9a-4b65-aec3-4904bd77efd2/datanode-1/data/ratis/73f1de47-cceb-45b4-b0ac-999db1b54175: Starting segment from index:0
2019-08-27 19:04:35,220 [38f28178-96e9-481f-bed8-cfb19f684f50:group-999DB1B54175:LeaderElection15] INFO  impl.RaftServerImpl (ServerState.java:setRaftConf(361)) - 38f28178-96e9-481f-bed8-cfb19f684f50:group-999DB1B54175 set configuration 0: [38f28178-96e9-481f-bed8-cfb19f684f50:192.168.5.191:43946], old=null at 0
2019-08-27 19:04:35,259 | INFO  | SCMAudit | user=jenkins1000 | ip=192.168.5.191 | op=SEND_HEARTBEAT {datanodeUUID=457b0f2b-feff-4639-91a3-a11070381d4f, command=[]} | ret=SUCCESS |  
2019-08-27 19:04:35,270 [38f28178-96e9-481f-bed8-cfb19f684f50-SegmentedRaftLogWorker:Storage Directory /workdir/hadoop-ozone/integration-test/target/test-dir/MiniOzoneClusterImpl-599e46d8-0e9a-4b65-aec3-4904bd77efd2/datanode-1/data/ratis/73f1de47-cceb-45b4-b0ac-999db1b54175] INFO  segmented.SegmentedRaftLogWorker (SegmentedRaftLogWorker.java:execute(569)) - 38f28178-96e9-481f-bed8-cfb19f684f50-SegmentedRaftLogWorker:Storage Directory /workdir/hadoop-ozone/integration-test/target/test-dir/MiniOzoneClusterImpl-599e46d8-0e9a-4b65-aec3-4904bd77efd2/datanode-1/data/ratis/73f1de47-cceb-45b4-b0ac-999db1b54175: created new log segment /workdir/hadoop-ozone/integration-test/target/test-dir/MiniOzoneClusterImpl-599e46d8-0e9a-4b65-aec3-4904bd77efd2/datanode-1/data/ratis/73f1de47-cceb-45b4-b0ac-999db1b54175/current/log_inprogress_0
2019-08-27 19:04:35,273 [Thread-720] INFO  impl.FollowerState (FollowerState.java:run(106)) - 1a6ef58e-b6d8-4916-b5f4-f66cad6b6cba:group-B4B548642FCD changes to CANDIDATE, lastRpcTime:5068, electionTimeout:5068ms
2019-08-27 19:04:35,273 [Thread-720] INFO  impl.RoleInfo (RoleInfo.java:shutdownFollowerState(121)) - 1a6ef58e-b6d8-4916-b5f4-f66cad6b6cba: shutdown FollowerState
2019-08-27 19:04:35,273 [Thread-720] INFO  impl.RaftServerImpl (RaftServerImpl.java:setRole(171)) - 1a6ef58e-b6d8-4916-b5f4-f66cad6b6cba:group-B4B548642FCD changes role from FOLLOWER to CANDIDATE at term 0 for changeToCandidate
2019-08-27 19:04:35,273 [Thread-720] INFO  impl.RoleInfo (RoleInfo.java:updateAndGet(143)) - 1a6ef58e-b6d8-4916-b5f4-f66cad6b6cba: start LeaderElection
2019-08-27 19:04:35,282 [1a6ef58e-b6d8-4916-b5f4-f66cad6b6cba:group-B4B548642FCD:LeaderElection16] INFO  impl.LeaderElection (LeaderElection.java:askForVotes(181)) - 1a6ef58e-b6d8-4916-b5f4-f66cad6b6cba:group-B4B548642FCD:LeaderElection16: begin an election at term 1 for -1: [1a6ef58e-b6d8-4916-b5f4-f66cad6b6cba:192.168.5.191:34654], old=null
2019-08-27 19:04:35,282 [1a6ef58e-b6d8-4916-b5f4-f66cad6b6cba:group-B4B548642FCD:LeaderElection16] INFO  impl.RoleInfo (RoleInfo.java:shutdownLeaderElection(134)) - 1a6ef58e-b6d8-4916-b5f4-f66cad6b6cba: shutdown LeaderElection
2019-08-27 19:04:35,282 [1a6ef58e-b6d8-4916-b5f4-f66cad6b6cba:group-B4B548642FCD:LeaderElection16] INFO  impl.RaftServerImpl (RaftServerImpl.java:setRole(171)) - 1a6ef58e-b6d8-4916-b5f4-f66cad6b6cba:group-B4B548642FCD changes role from CANDIDATE to LEADER at term 1 for changeToLeader
2019-08-27 19:04:35,282 [1a6ef58e-b6d8-4916-b5f4-f66cad6b6cba:group-B4B548642FCD:LeaderElection16] INFO  impl.RaftServerImpl (ServerState.java:setLeader(263)) - 1a6ef58e-b6d8-4916-b5f4-f66cad6b6cba:group-B4B548642FCD change Leader from null to 1a6ef58e-b6d8-4916-b5f4-f66cad6b6cba at term 1 for becomeLeader, leader elected after 5081ms
2019-08-27 19:04:35,285 [1a6ef58e-b6d8-4916-b5f4-f66cad6b6cba:group-B4B548642FCD:LeaderElection16] INFO  server.RaftServerConfigKeys (ConfUtils.java:logGet(43)) - raft.server.staging.catchup.gap = 1000 (default)
2019-08-27 19:04:35,285 [1a6ef58e-b6d8-4916-b5f4-f66cad6b6cba:group-B4B548642FCD:LeaderElection16] INFO  server.RaftServerConfigKeys (ConfUtils.java:logGet(43)) - raft.server.rpc.sleep.time = 25ms (default)
2019-08-27 19:04:35,285 [1a6ef58e-b6d8-4916-b5f4-f66cad6b6cba:group-B4B548642FCD:LeaderElection16] INFO  server.RaftServerConfigKeys (ConfUtils.java:logGet(43)) - raft.server.write.element-limit = 4096 (default)
2019-08-27 19:04:35,285 [1a6ef58e-b6d8-4916-b5f4-f66cad6b6cba:group-B4B548642FCD:LeaderElection16] INFO  server.RaftServerConfigKeys (ConfUtils.java:logGet(43)) - raft.server.watch.timeout = 10s (default)
2019-08-27 19:04:35,285 [1a6ef58e-b6d8-4916-b5f4-f66cad6b6cba:group-B4B548642FCD:LeaderElection16] INFO  server.RaftServerConfigKeys (ConfUtils.java:logGet(43)) - raft.server.watch.timeout.denomination = 1s (default)
2019-08-27 19:04:35,286 [1a6ef58e-b6d8-4916-b5f4-f66cad6b6cba:group-B4B548642FCD:LeaderElection16] INFO  server.RaftServerConfigKeys (ConfUtils.java:logGet(43)) - raft.server.watch.element-limit = 65536 (default)
2019-08-27 19:04:35,286 [1a6ef58e-b6d8-4916-b5f4-f66cad6b6cba:group-B4B548642FCD:LeaderElection16] INFO  impl.RoleInfo (RoleInfo.java:updateAndGet(143)) - 1a6ef58e-b6d8-4916-b5f4-f66cad6b6cba: start LeaderState
2019-08-27 19:04:35,286 [1a6ef58e-b6d8-4916-b5f4-f66cad6b6cba:group-B4B548642FCD:LeaderElection16] INFO  segmented.SegmentedRaftLogWorker (SegmentedRaftLogWorker.java:startLogSegment(380)) - 1a6ef58e-b6d8-4916-b5f4-f66cad6b6cba-SegmentedRaftLogWorker:Storage Directory /workdir/hadoop-ozone/integration-test/target/test-dir/MiniOzoneClusterImpl-599e46d8-0e9a-4b65-aec3-4904bd77efd2/datanode-2/data/ratis/a69bae1d-9f66-4c45-9714-b4b548642fcd: Starting segment from index:0
2019-08-27 19:04:35,287 [1a6ef58e-b6d8-4916-b5f4-f66cad6b6cba:group-B4B548642FCD:LeaderElection16] INFO  impl.RaftServerImpl (ServerState.java:setRaftConf(361)) - 1a6ef58e-b6d8-4916-b5f4-f66cad6b6cba:group-B4B548642FCD set configuration 0: [1a6ef58e-b6d8-4916-b5f4-f66cad6b6cba:192.168.5.191:34654], old=null at 0
2019-08-27 19:04:35,326 | INFO  | SCMAudit | user=jenkins1000 | ip=192.168.5.191 | op=SEND_HEARTBEAT {datanodeUUID=3e80ec3d-d0df-446e-9c00-872113d57222, command=[]} | ret=SUCCESS |  
2019-08-27 19:04:35,336 [1a6ef58e-b6d8-4916-b5f4-f66cad6b6cba-SegmentedRaftLogWorker:Storage Directory /workdir/hadoop-ozone/integration-test/target/test-dir/MiniOzoneClusterImpl-599e46d8-0e9a-4b65-aec3-4904bd77efd2/datanode-2/data/ratis/a69bae1d-9f66-4c45-9714-b4b548642fcd] INFO  segmented.SegmentedRaftLogWorker (SegmentedRaftLogWorker.java:execute(569)) - 1a6ef58e-b6d8-4916-b5f4-f66cad6b6cba-SegmentedRaftLogWorker:Storage Directory /workdir/hadoop-ozone/integration-test/target/test-dir/MiniOzoneClusterImpl-599e46d8-0e9a-4b65-aec3-4904bd77efd2/datanode-2/data/ratis/a69bae1d-9f66-4c45-9714-b4b548642fcd: created new log segment /workdir/hadoop-ozone/integration-test/target/test-dir/MiniOzoneClusterImpl-599e46d8-0e9a-4b65-aec3-4904bd77efd2/datanode-2/data/ratis/a69bae1d-9f66-4c45-9714-b4b548642fcd/current/log_inprogress_0
2019-08-27 19:04:35,341 [Thread-723] INFO  impl.FollowerState (FollowerState.java:run(106)) - 38f28178-96e9-481f-bed8-cfb19f684f50:group-E2EBB6DB155D changes to CANDIDATE, lastRpcTime:5099, electionTimeout:5099ms
2019-08-27 19:04:35,341 [Thread-723] INFO  impl.RoleInfo (RoleInfo.java:shutdownFollowerState(121)) - 38f28178-96e9-481f-bed8-cfb19f684f50: shutdown FollowerState
2019-08-27 19:04:35,341 [Thread-723] INFO  impl.RaftServerImpl (RaftServerImpl.java:setRole(171)) - 38f28178-96e9-481f-bed8-cfb19f684f50:group-E2EBB6DB155D changes role from FOLLOWER to CANDIDATE at term 0 for changeToCandidate
2019-08-27 19:04:35,341 [Thread-723] INFO  impl.RoleInfo (RoleInfo.java:updateAndGet(143)) - 38f28178-96e9-481f-bed8-cfb19f684f50: start LeaderElection
2019-08-27 19:04:35,358 [Thread-727] INFO  impl.FollowerState (FollowerState.java:run(106)) - 7ffeb123-8a07-43fc-9bc5-d9b026895606:group-E2EBB6DB155D changes to CANDIDATE, lastRpcTime:5098, electionTimeout:5098ms
2019-08-27 19:04:35,358 [Thread-727] INFO  impl.RoleInfo (RoleInfo.java:shutdownFollowerState(121)) - 7ffeb123-8a07-43fc-9bc5-d9b026895606: shutdown FollowerState
2019-08-27 19:04:35,358 [Thread-727] INFO  impl.RaftServerImpl (RaftServerImpl.java:setRole(171)) - 7ffeb123-8a07-43fc-9bc5-d9b026895606:group-E2EBB6DB155D changes role from FOLLOWER to CANDIDATE at term 0 for changeToCandidate
2019-08-27 19:04:35,359 [Thread-727] INFO  impl.RoleInfo (RoleInfo.java:updateAndGet(143)) - 7ffeb123-8a07-43fc-9bc5-d9b026895606: start LeaderElection
2019-08-27 19:04:35,362 [38f28178-96e9-481f-bed8-cfb19f684f50:group-E2EBB6DB155D:LeaderElection17] INFO  impl.LeaderElection (LeaderElection.java:askForVotes(181)) - 38f28178-96e9-481f-bed8-cfb19f684f50:group-E2EBB6DB155D:LeaderElection17: begin an election at term 1 for -1: [38f28178-96e9-481f-bed8-cfb19f684f50:192.168.5.191:43946, 7ffeb123-8a07-43fc-9bc5-d9b026895606:192.168.5.191:43880, 1a6ef58e-b6d8-4916-b5f4-f66cad6b6cba:192.168.5.191:34654], old=null
2019-08-27 19:04:35,367 [7ffeb123-8a07-43fc-9bc5-d9b026895606:group-E2EBB6DB155D:LeaderElection18] INFO  impl.LeaderElection (LeaderElection.java:askForVotes(181)) - 7ffeb123-8a07-43fc-9bc5-d9b026895606:group-E2EBB6DB155D:LeaderElection18: begin an election at term 1 for -1: [38f28178-96e9-481f-bed8-cfb19f684f50:192.168.5.191:43946, 7ffeb123-8a07-43fc-9bc5-d9b026895606:192.168.5.191:43880, 1a6ef58e-b6d8-4916-b5f4-f66cad6b6cba:192.168.5.191:34654], old=null
2019-08-27 19:04:35,369 | INFO  | SCMAudit | user=jenkins1000 | ip=192.168.5.191 | op=SEND_HEARTBEAT {datanodeUUID=d3c05237-bd84-4234-a934-0ba66750ea46, command=[]} | ret=SUCCESS |  
2019-08-27 19:04:35,370 [grpc-default-executor-1] INFO  impl.RaftServerImpl (RaftServerImpl.java:setRole(171)) - 1a6ef58e-b6d8-4916-b5f4-f66cad6b6cba:group-E2EBB6DB155D changes role from FOLLOWER to FOLLOWER at term 1 for recognizeCandidate:38f28178-96e9-481f-bed8-cfb19f684f50
2019-08-27 19:04:35,370 [grpc-default-executor-1] INFO  impl.RoleInfo (RoleInfo.java:shutdownFollowerState(121)) - 1a6ef58e-b6d8-4916-b5f4-f66cad6b6cba: shutdown FollowerState
2019-08-27 19:04:35,371 [grpc-default-executor-1] INFO  impl.RoleInfo (RoleInfo.java:updateAndGet(143)) - 1a6ef58e-b6d8-4916-b5f4-f66cad6b6cba: start FollowerState
2019-08-27 19:04:35,373 [Thread-728] INFO  impl.FollowerState (FollowerState.java:run(114)) - 1a6ef58e-b6d8-4916-b5f4-f66cad6b6cba: FollowerState was interrupted: java.lang.InterruptedException: sleep interrupted
2019-08-27 19:04:35,384 [38f28178-96e9-481f-bed8-cfb19f684f50:group-E2EBB6DB155D:LeaderElection17] INFO  impl.LeaderElection (LeaderElection.java:logAndReturn(56)) - 38f28178-96e9-481f-bed8-cfb19f684f50:group-E2EBB6DB155D:LeaderElection17: Election PASSED; received 2 response(s) [38f28178-96e9-481f-bed8-cfb19f684f50<-7ffeb123-8a07-43fc-9bc5-d9b026895606#0:FAIL-t1, 38f28178-96e9-481f-bed8-cfb19f684f50<-1a6ef58e-b6d8-4916-b5f4-f66cad6b6cba#0:OK-t1] and 0 exception(s); 38f28178-96e9-481f-bed8-cfb19f684f50:t1, leader=null, voted=38f28178-96e9-481f-bed8-cfb19f684f50, raftlog=38f28178-96e9-481f-bed8-cfb19f684f50-SegmentedRaftLog:OPENED:c-1,f-1,i0, conf=-1: [38f28178-96e9-481f-bed8-cfb19f684f50:192.168.5.191:43946, 7ffeb123-8a07-43fc-9bc5-d9b026895606:192.168.5.191:43880, 1a6ef58e-b6d8-4916-b5f4-f66cad6b6cba:192.168.5.191:34654], old=null
2019-08-27 19:04:35,384 [38f28178-96e9-481f-bed8-cfb19f684f50:group-E2EBB6DB155D:LeaderElection17] INFO  impl.RoleInfo (RoleInfo.java:shutdownLeaderElection(134)) - 38f28178-96e9-481f-bed8-cfb19f684f50: shutdown LeaderElection
2019-08-27 19:04:35,384 [7ffeb123-8a07-43fc-9bc5-d9b026895606:group-E2EBB6DB155D:LeaderElection18] INFO  impl.LeaderElection (LeaderElection.java:logAndReturn(56)) - 7ffeb123-8a07-43fc-9bc5-d9b026895606:group-E2EBB6DB155D:LeaderElection18: Election REJECTED; received 2 response(s) [7ffeb123-8a07-43fc-9bc5-d9b026895606<-38f28178-96e9-481f-bed8-cfb19f684f50#0:FAIL-t1, 7ffeb123-8a07-43fc-9bc5-d9b026895606<-1a6ef58e-b6d8-4916-b5f4-f66cad6b6cba#0:FAIL-t1] and 0 exception(s); 7ffeb123-8a07-43fc-9bc5-d9b026895606:t1, leader=null, voted=7ffeb123-8a07-43fc-9bc5-d9b026895606, raftlog=7ffeb123-8a07-43fc-9bc5-d9b026895606-SegmentedRaftLog:OPENED:c-1,f-1,i0, conf=-1: [38f28178-96e9-481f-bed8-cfb19f684f50:192.168.5.191:43946, 7ffeb123-8a07-43fc-9bc5-d9b026895606:192.168.5.191:43880, 1a6ef58e-b6d8-4916-b5f4-f66cad6b6cba:192.168.5.191:34654], old=null
2019-08-27 19:04:35,386 [38f28178-96e9-481f-bed8-cfb19f684f50:group-E2EBB6DB155D:LeaderElection17] INFO  impl.RaftServerImpl (RaftServerImpl.java:setRole(171)) - 38f28178-96e9-481f-bed8-cfb19f684f50:group-E2EBB6DB155D changes role from CANDIDATE to LEADER at term 1 for changeToLeader
2019-08-27 19:04:35,386 [7ffeb123-8a07-43fc-9bc5-d9b026895606:group-E2EBB6DB155D:LeaderElection18] INFO  impl.RaftServerImpl (RaftServerImpl.java:setRole(171)) - 7ffeb123-8a07-43fc-9bc5-d9b026895606:group-E2EBB6DB155D changes role from CANDIDATE to FOLLOWER at term 1 for DISCOVERED_A_NEW_TERM
2019-08-27 19:04:35,387 [38f28178-96e9-481f-bed8-cfb19f684f50:group-E2EBB6DB155D:LeaderElection17] INFO  impl.RaftServerImpl (ServerState.java:setLeader(263)) - 38f28178-96e9-481f-bed8-cfb19f684f50:group-E2EBB6DB155D change Leader from null to 38f28178-96e9-481f-bed8-cfb19f684f50 at term 1 for becomeLeader, leader elected after 5148ms
2019-08-27 19:04:35,387 [7ffeb123-8a07-43fc-9bc5-d9b026895606:group-E2EBB6DB155D:LeaderElection18] INFO  impl.RoleInfo (RoleInfo.java:shutdownLeaderElection(134)) - 7ffeb123-8a07-43fc-9bc5-d9b026895606: shutdown LeaderElection
2019-08-27 19:04:35,388 [38f28178-96e9-481f-bed8-cfb19f684f50:group-E2EBB6DB155D:LeaderElection17] INFO  server.RaftServerConfigKeys (ConfUtils.java:logGet(43)) - raft.server.staging.catchup.gap = 1000 (default)
2019-08-27 19:04:35,388 [7ffeb123-8a07-43fc-9bc5-d9b026895606:group-E2EBB6DB155D:LeaderElection18] INFO  impl.RoleInfo (RoleInfo.java:updateAndGet(143)) - 7ffeb123-8a07-43fc-9bc5-d9b026895606: start FollowerState
2019-08-27 19:04:35,388 [38f28178-96e9-481f-bed8-cfb19f684f50:group-E2EBB6DB155D:LeaderElection17] INFO  server.RaftServerConfigKeys (ConfUtils.java:logGet(43)) - raft.server.rpc.sleep.time = 25ms (default)
2019-08-27 19:04:35,389 [38f28178-96e9-481f-bed8-cfb19f684f50:group-E2EBB6DB155D:LeaderElection17] INFO  server.RaftServerConfigKeys (ConfUtils.java:logGet(43)) - raft.server.write.element-limit = 4096 (default)
2019-08-27 19:04:35,389 [38f28178-96e9-481f-bed8-cfb19f684f50:group-E2EBB6DB155D:LeaderElection17] INFO  server.RaftServerConfigKeys (ConfUtils.java:logGet(43)) - raft.server.watch.timeout = 10s (default)
2019-08-27 19:04:35,390 [38f28178-96e9-481f-bed8-cfb19f684f50:group-E2EBB6DB155D:LeaderElection17] INFO  server.RaftServerConfigKeys (ConfUtils.java:logGet(43)) - raft.server.watch.timeout.denomination = 1s (default)
2019-08-27 19:04:35,390 [38f28178-96e9-481f-bed8-cfb19f684f50:group-E2EBB6DB155D:LeaderElection17] INFO  server.RaftServerConfigKeys (ConfUtils.java:logGet(43)) - raft.server.watch.element-limit = 65536 (default)
2019-08-27 19:04:35,390 [38f28178-96e9-481f-bed8-cfb19f684f50:group-E2EBB6DB155D:LeaderElection17] INFO  server.RaftServerConfigKeys (ConfUtils.java:logGet(43)) - raft.server.log.appender.snapshot.chunk.size.max = 16MB (=16777216) (default)
2019-08-27 19:04:35,390 [38f28178-96e9-481f-bed8-cfb19f684f50:group-E2EBB6DB155D:LeaderElection17] INFO  server.RaftServerConfigKeys (ConfUtils.java:logGet(43)) - raft.server.log.appender.buffer.byte-limit = 33554432 (custom)
2019-08-27 19:04:35,390 [38f28178-96e9-481f-bed8-cfb19f684f50:group-E2EBB6DB155D:LeaderElection17] INFO  server.RaftServerConfigKeys (ConfUtils.java:logGet(43)) - raft.server.log.appender.buffer.element-limit = 1 (custom)
2019-08-27 19:04:35,391 [38f28178-96e9-481f-bed8-cfb19f684f50:group-E2EBB6DB155D:LeaderElection17] INFO  grpc.GrpcConfigKeys$Server (ConfUtils.java:logGet(43)) - raft.grpc.server.leader.outstanding.appends.max = 128 (default)
2019-08-27 19:04:35,391 [38f28178-96e9-481f-bed8-cfb19f684f50:group-E2EBB6DB155D:LeaderElection17] INFO  server.RaftServerConfigKeys (ConfUtils.java:logGet(43)) - raft.server.rpc.request.timeout = 3000ms (default)
2019-08-27 19:04:35,391 [38f28178-96e9-481f-bed8-cfb19f684f50:group-E2EBB6DB155D:LeaderElection17] INFO  server.RaftServerConfigKeys (ConfUtils.java:logGet(43)) - raft.server.log.appender.install.snapshot.enabled = false (custom)
2019-08-27 19:04:35,391 [38f28178-96e9-481f-bed8-cfb19f684f50:group-E2EBB6DB155D:LeaderElection17] INFO  server.RaftServerConfigKeys (ConfUtils.java:logGet(43)) - raft.server.log.appender.snapshot.chunk.size.max = 16MB (=16777216) (default)
2019-08-27 19:04:35,391 [38f28178-96e9-481f-bed8-cfb19f684f50:group-E2EBB6DB155D:LeaderElection17] INFO  server.RaftServerConfigKeys (ConfUtils.java:logGet(43)) - raft.server.log.appender.buffer.byte-limit = 33554432 (custom)
2019-08-27 19:04:35,391 [38f28178-96e9-481f-bed8-cfb19f684f50:group-E2EBB6DB155D:LeaderElection17] INFO  server.RaftServerConfigKeys (ConfUtils.java:logGet(43)) - raft.server.log.appender.buffer.element-limit = 1 (custom)
2019-08-27 19:04:35,391 [38f28178-96e9-481f-bed8-cfb19f684f50:group-E2EBB6DB155D:LeaderElection17] INFO  grpc.GrpcConfigKeys$Server (ConfUtils.java:logGet(43)) - raft.grpc.server.leader.outstanding.appends.max = 128 (default)
2019-08-27 19:04:35,392 [38f28178-96e9-481f-bed8-cfb19f684f50:group-E2EBB6DB155D:LeaderElection17] INFO  server.RaftServerConfigKeys (ConfUtils.java:logGet(43)) - raft.server.rpc.request.timeout = 3000ms (default)
2019-08-27 19:04:35,392 [38f28178-96e9-481f-bed8-cfb19f684f50:group-E2EBB6DB155D:LeaderElection17] INFO  server.RaftServerConfigKeys (ConfUtils.java:logGet(43)) - raft.server.log.appender.install.snapshot.enabled = false (custom)
2019-08-27 19:04:35,392 [38f28178-96e9-481f-bed8-cfb19f684f50:group-E2EBB6DB155D:LeaderElection17] INFO  impl.RoleInfo (RoleInfo.java:updateAndGet(143)) - 38f28178-96e9-481f-bed8-cfb19f684f50: start LeaderState
2019-08-27 19:04:35,392 [38f28178-96e9-481f-bed8-cfb19f684f50:group-E2EBB6DB155D:LeaderElection17] INFO  segmented.SegmentedRaftLogWorker (SegmentedRaftLogWorker.java:startLogSegment(380)) - 38f28178-96e9-481f-bed8-cfb19f684f50-SegmentedRaftLogWorker:Storage Directory /workdir/hadoop-ozone/integration-test/target/test-dir/MiniOzoneClusterImpl-599e46d8-0e9a-4b65-aec3-4904bd77efd2/datanode-1/data/ratis/797c9363-7b9e-428d-9144-e2ebb6db155d: Starting segment from index:0
2019-08-27 19:04:35,393 [38f28178-96e9-481f-bed8-cfb19f684f50:group-E2EBB6DB155D:LeaderElection17] INFO  impl.RaftServerImpl (ServerState.java:setRaftConf(361)) - 38f28178-96e9-481f-bed8-cfb19f684f50:group-E2EBB6DB155D set configuration 0: [38f28178-96e9-481f-bed8-cfb19f684f50:192.168.5.191:43946, 7ffeb123-8a07-43fc-9bc5-d9b026895606:192.168.5.191:43880, 1a6ef58e-b6d8-4916-b5f4-f66cad6b6cba:192.168.5.191:34654], old=null at 0
2019-08-27 19:04:35,431 [Thread-735] INFO  impl.FollowerState (FollowerState.java:run(106)) - 3e80ec3d-d0df-446e-9c00-872113d57222:group-F952D5A68690 changes to CANDIDATE, lastRpcTime:5015, electionTimeout:5002ms
2019-08-27 19:04:35,431 [Thread-735] INFO  impl.RoleInfo (RoleInfo.java:shutdownFollowerState(121)) - 3e80ec3d-d0df-446e-9c00-872113d57222: shutdown FollowerState
2019-08-27 19:04:35,431 [Thread-735] INFO  impl.RaftServerImpl (RaftServerImpl.java:setRole(171)) - 3e80ec3d-d0df-446e-9c00-872113d57222:group-F952D5A68690 changes role from FOLLOWER to CANDIDATE at term 0 for changeToCandidate
2019-08-27 19:04:35,431 [Thread-735] INFO  impl.RoleInfo (RoleInfo.java:updateAndGet(143)) - 3e80ec3d-d0df-446e-9c00-872113d57222: start LeaderElection
2019-08-27 19:04:35,437 | INFO  | SCMAudit | user=jenkins1000 | ip=192.168.5.191 | op=SEND_HEARTBEAT {datanodeUUID=8dbfb03d-3489-434f-b2ff-176126556357, command=[]} | ret=SUCCESS |  
2019-08-27 19:04:35,438 [grpc-default-executor-1] INFO  impl.RaftServerImpl (ServerState.java:setLeader(263)) - 1a6ef58e-b6d8-4916-b5f4-f66cad6b6cba:group-E2EBB6DB155D change Leader from null to 38f28178-96e9-481f-bed8-cfb19f684f50 at term 1 for appendEntries, leader elected after 5183ms
2019-08-27 19:04:35,438 [grpc-default-executor-4] INFO  impl.RaftServerImpl (ServerState.java:setLeader(263)) - 7ffeb123-8a07-43fc-9bc5-d9b026895606:group-E2EBB6DB155D change Leader from null to 38f28178-96e9-481f-bed8-cfb19f684f50 at term 1 for appendEntries, leader elected after 5184ms
2019-08-27 19:04:35,441 [grpc-default-executor-1] INFO  impl.RaftServerImpl (ServerState.java:setRaftConf(361)) - 1a6ef58e-b6d8-4916-b5f4-f66cad6b6cba:group-E2EBB6DB155D set configuration 0: [38f28178-96e9-481f-bed8-cfb19f684f50:192.168.5.191:43946, 7ffeb123-8a07-43fc-9bc5-d9b026895606:192.168.5.191:43880, 1a6ef58e-b6d8-4916-b5f4-f66cad6b6cba:192.168.5.191:34654], old=null at 0
2019-08-27 19:04:35,441 [grpc-default-executor-4] INFO  impl.RaftServerImpl (ServerState.java:setRaftConf(361)) - 7ffeb123-8a07-43fc-9bc5-d9b026895606:group-E2EBB6DB155D set configuration 0: [38f28178-96e9-481f-bed8-cfb19f684f50:192.168.5.191:43946, 7ffeb123-8a07-43fc-9bc5-d9b026895606:192.168.5.191:43880, 1a6ef58e-b6d8-4916-b5f4-f66cad6b6cba:192.168.5.191:34654], old=null at 0
2019-08-27 19:04:35,441 [grpc-default-executor-1] INFO  segmented.SegmentedRaftLogWorker (SegmentedRaftLogWorker.java:startLogSegment(380)) - 1a6ef58e-b6d8-4916-b5f4-f66cad6b6cba-SegmentedRaftLogWorker:Storage Directory /workdir/hadoop-ozone/integration-test/target/test-dir/MiniOzoneClusterImpl-599e46d8-0e9a-4b65-aec3-4904bd77efd2/datanode-2/data/ratis/797c9363-7b9e-428d-9144-e2ebb6db155d: Starting segment from index:0
2019-08-27 19:04:35,442 [grpc-default-executor-4] INFO  segmented.SegmentedRaftLogWorker (SegmentedRaftLogWorker.java:startLogSegment(380)) - 7ffeb123-8a07-43fc-9bc5-d9b026895606-SegmentedRaftLogWorker:Storage Directory /workdir/hadoop-ozone/integration-test/target/test-dir/MiniOzoneClusterImpl-599e46d8-0e9a-4b65-aec3-4904bd77efd2/datanode-0/data/ratis/797c9363-7b9e-428d-9144-e2ebb6db155d: Starting segment from index:0
2019-08-27 19:04:35,448 [38f28178-96e9-481f-bed8-cfb19f684f50-SegmentedRaftLogWorker:Storage Directory /workdir/hadoop-ozone/integration-test/target/test-dir/MiniOzoneClusterImpl-599e46d8-0e9a-4b65-aec3-4904bd77efd2/datanode-1/data/ratis/797c9363-7b9e-428d-9144-e2ebb6db155d] INFO  segmented.SegmentedRaftLogWorker (SegmentedRaftLogWorker.java:execute(569)) - 38f28178-96e9-481f-bed8-cfb19f684f50-SegmentedRaftLogWorker:Storage Directory /workdir/hadoop-ozone/integration-test/target/test-dir/MiniOzoneClusterImpl-599e46d8-0e9a-4b65-aec3-4904bd77efd2/datanode-1/data/ratis/797c9363-7b9e-428d-9144-e2ebb6db155d: created new log segment /workdir/hadoop-ozone/integration-test/target/test-dir/MiniOzoneClusterImpl-599e46d8-0e9a-4b65-aec3-4904bd77efd2/datanode-1/data/ratis/797c9363-7b9e-428d-9144-e2ebb6db155d/current/log_inprogress_0
2019-08-27 19:04:35,448 [3e80ec3d-d0df-446e-9c00-872113d57222:group-F952D5A68690:LeaderElection19] INFO  impl.LeaderElection (LeaderElection.java:askForVotes(181)) - 3e80ec3d-d0df-446e-9c00-872113d57222:group-F952D5A68690:LeaderElection19: begin an election at term 1 for -1: [3e80ec3d-d0df-446e-9c00-872113d57222:192.168.5.191:38812], old=null
2019-08-27 19:04:35,448 [3e80ec3d-d0df-446e-9c00-872113d57222:group-F952D5A68690:LeaderElection19] INFO  impl.RoleInfo (RoleInfo.java:shutdownLeaderElection(134)) - 3e80ec3d-d0df-446e-9c00-872113d57222: shutdown LeaderElection
2019-08-27 19:04:35,448 [3e80ec3d-d0df-446e-9c00-872113d57222:group-F952D5A68690:LeaderElection19] INFO  impl.RaftServerImpl (RaftServerImpl.java:setRole(171)) - 3e80ec3d-d0df-446e-9c00-872113d57222:group-F952D5A68690 changes role from CANDIDATE to LEADER at term 1 for changeToLeader
2019-08-27 19:04:35,448 [3e80ec3d-d0df-446e-9c00-872113d57222:group-F952D5A68690:LeaderElection19] INFO  impl.RaftServerImpl (ServerState.java:setLeader(263)) - 3e80ec3d-d0df-446e-9c00-872113d57222:group-F952D5A68690 change Leader from null to 3e80ec3d-d0df-446e-9c00-872113d57222 at term 1 for becomeLeader, leader elected after 5037ms
2019-08-27 19:04:35,479 [3e80ec3d-d0df-446e-9c00-872113d57222:group-F952D5A68690:LeaderElection19] INFO  server.RaftServerConfigKeys (ConfUtils.java:logGet(43)) - raft.server.staging.catchup.gap = 1000 (default)
2019-08-27 19:04:35,479 [3e80ec3d-d0df-446e-9c00-872113d57222:group-F952D5A68690:LeaderElection19] INFO  server.RaftServerConfigKeys (ConfUtils.java:logGet(43)) - raft.server.rpc.sleep.time = 25ms (default)
2019-08-27 19:04:35,479 [3e80ec3d-d0df-446e-9c00-872113d57222:group-F952D5A68690:LeaderElection19] INFO  server.RaftServerConfigKeys (ConfUtils.java:logGet(43)) - raft.server.write.element-limit = 4096 (default)
2019-08-27 19:04:35,480 [3e80ec3d-d0df-446e-9c00-872113d57222:group-F952D5A68690:LeaderElection19] INFO  server.RaftServerConfigKeys (ConfUtils.java:logGet(43)) - raft.server.watch.timeout = 10s (default)
2019-08-27 19:04:35,480 [3e80ec3d-d0df-446e-9c00-872113d57222:group-F952D5A68690:LeaderElection19] INFO  server.RaftServerConfigKeys (ConfUtils.java:logGet(43)) - raft.server.watch.timeout.denomination = 1s (default)
2019-08-27 19:04:35,480 [3e80ec3d-d0df-446e-9c00-872113d57222:group-F952D5A68690:LeaderElection19] INFO  server.RaftServerConfigKeys (ConfUtils.java:logGet(43)) - raft.server.watch.element-limit = 65536 (default)
2019-08-27 19:04:35,480 [3e80ec3d-d0df-446e-9c00-872113d57222:group-F952D5A68690:LeaderElection19] INFO  impl.RoleInfo (RoleInfo.java:updateAndGet(143)) - 3e80ec3d-d0df-446e-9c00-872113d57222: start LeaderState
2019-08-27 19:04:35,480 [3e80ec3d-d0df-446e-9c00-872113d57222:group-F952D5A68690:LeaderElection19] INFO  segmented.SegmentedRaftLogWorker (SegmentedRaftLogWorker.java:startLogSegment(380)) - 3e80ec3d-d0df-446e-9c00-872113d57222-SegmentedRaftLogWorker:Storage Directory /workdir/hadoop-ozone/integration-test/target/test-dir/MiniOzoneClusterImpl-599e46d8-0e9a-4b65-aec3-4904bd77efd2/datanode-4/data/ratis/ee72fdfa-e2a7-486f-8289-f952d5a68690: Starting segment from index:0
2019-08-27 19:04:35,481 [3e80ec3d-d0df-446e-9c00-872113d57222:group-F952D5A68690:LeaderElection19] INFO  impl.RaftServerImpl (ServerState.java:setRaftConf(361)) - 3e80ec3d-d0df-446e-9c00-872113d57222:group-F952D5A68690 set configuration 0: [3e80ec3d-d0df-446e-9c00-872113d57222:192.168.5.191:38812], old=null at 0
2019-08-27 19:04:35,492 [7ffeb123-8a07-43fc-9bc5-d9b026895606-SegmentedRaftLogWorker:Storage Directory /workdir/hadoop-ozone/integration-test/target/test-dir/MiniOzoneClusterImpl-599e46d8-0e9a-4b65-aec3-4904bd77efd2/datanode-0/data/ratis/797c9363-7b9e-428d-9144-e2ebb6db155d] INFO  segmented.SegmentedRaftLogWorker (SegmentedRaftLogWorker.java:execute(569)) - 7ffeb123-8a07-43fc-9bc5-d9b026895606-SegmentedRaftLogWorker:Storage Directory /workdir/hadoop-ozone/integration-test/target/test-dir/MiniOzoneClusterImpl-599e46d8-0e9a-4b65-aec3-4904bd77efd2/datanode-0/data/ratis/797c9363-7b9e-428d-9144-e2ebb6db155d: created new log segment /workdir/hadoop-ozone/integration-test/target/test-dir/MiniOzoneClusterImpl-599e46d8-0e9a-4b65-aec3-4904bd77efd2/datanode-0/data/ratis/797c9363-7b9e-428d-9144-e2ebb6db155d/current/log_inprogress_0
2019-08-27 19:04:35,492 [1a6ef58e-b6d8-4916-b5f4-f66cad6b6cba-SegmentedRaftLogWorker:Storage Directory /workdir/hadoop-ozone/integration-test/target/test-dir/MiniOzoneClusterImpl-599e46d8-0e9a-4b65-aec3-4904bd77efd2/datanode-2/data/ratis/797c9363-7b9e-428d-9144-e2ebb6db155d] INFO  segmented.SegmentedRaftLogWorker (SegmentedRaftLogWorker.java:execute(569)) - 1a6ef58e-b6d8-4916-b5f4-f66cad6b6cba-SegmentedRaftLogWorker:Storage Directory /workdir/hadoop-ozone/integration-test/target/test-dir/MiniOzoneClusterImpl-599e46d8-0e9a-4b65-aec3-4904bd77efd2/datanode-2/data/ratis/797c9363-7b9e-428d-9144-e2ebb6db155d: created new log segment /workdir/hadoop-ozone/integration-test/target/test-dir/MiniOzoneClusterImpl-599e46d8-0e9a-4b65-aec3-4904bd77efd2/datanode-2/data/ratis/797c9363-7b9e-428d-9144-e2ebb6db155d/current/log_inprogress_0
2019-08-27 19:04:35,522 [Thread-732] INFO  impl.FollowerState (FollowerState.java:run(106)) - 457b0f2b-feff-4639-91a3-a11070381d4f:group-871C3D5C4E57 changes to CANDIDATE, lastRpcTime:5161, electionTimeout:5161ms
2019-08-27 19:04:35,522 [Thread-732] INFO  impl.RoleInfo (RoleInfo.java:shutdownFollowerState(121)) - 457b0f2b-feff-4639-91a3-a11070381d4f: shutdown FollowerState
2019-08-27 19:04:35,522 [Thread-732] INFO  impl.RaftServerImpl (RaftServerImpl.java:setRole(171)) - 457b0f2b-feff-4639-91a3-a11070381d4f:group-871C3D5C4E57 changes role from FOLLOWER to CANDIDATE at term 0 for changeToCandidate
2019-08-27 19:04:35,522 [Thread-732] INFO  impl.RoleInfo (RoleInfo.java:updateAndGet(143)) - 457b0f2b-feff-4639-91a3-a11070381d4f: start LeaderElection
2019-08-27 19:04:35,533 [3e80ec3d-d0df-446e-9c00-872113d57222-SegmentedRaftLogWorker:Storage Directory /workdir/hadoop-ozone/integration-test/target/test-dir/MiniOzoneClusterImpl-599e46d8-0e9a-4b65-aec3-4904bd77efd2/datanode-4/data/ratis/ee72fdfa-e2a7-486f-8289-f952d5a68690] INFO  segmented.SegmentedRaftLogWorker (SegmentedRaftLogWorker.java:execute(569)) - 3e80ec3d-d0df-446e-9c00-872113d57222-SegmentedRaftLogWorker:Storage Directory /workdir/hadoop-ozone/integration-test/target/test-dir/MiniOzoneClusterImpl-599e46d8-0e9a-4b65-aec3-4904bd77efd2/datanode-4/data/ratis/ee72fdfa-e2a7-486f-8289-f952d5a68690: created new log segment /workdir/hadoop-ozone/integration-test/target/test-dir/MiniOzoneClusterImpl-599e46d8-0e9a-4b65-aec3-4904bd77efd2/datanode-4/data/ratis/ee72fdfa-e2a7-486f-8289-f952d5a68690/current/log_inprogress_0
2019-08-27 19:04:35,547 [457b0f2b-feff-4639-91a3-a11070381d4f:group-871C3D5C4E57:LeaderElection20] INFO  impl.LeaderElection (LeaderElection.java:askForVotes(181)) - 457b0f2b-feff-4639-91a3-a11070381d4f:group-871C3D5C4E57:LeaderElection20: begin an election at term 1 for -1: [457b0f2b-feff-4639-91a3-a11070381d4f:192.168.5.191:34209], old=null
2019-08-27 19:04:35,547 [457b0f2b-feff-4639-91a3-a11070381d4f:group-871C3D5C4E57:LeaderElection20] INFO  impl.RoleInfo (RoleInfo.java:shutdownLeaderElection(134)) - 457b0f2b-feff-4639-91a3-a11070381d4f: shutdown LeaderElection
2019-08-27 19:04:35,548 [457b0f2b-feff-4639-91a3-a11070381d4f:group-871C3D5C4E57:LeaderElection20] INFO  impl.RaftServerImpl (RaftServerImpl.java:setRole(171)) - 457b0f2b-feff-4639-91a3-a11070381d4f:group-871C3D5C4E57 changes role from CANDIDATE to LEADER at term 1 for changeToLeader
2019-08-27 19:04:35,548 [457b0f2b-feff-4639-91a3-a11070381d4f:group-871C3D5C4E57:LeaderElection20] INFO  impl.RaftServerImpl (ServerState.java:setLeader(263)) - 457b0f2b-feff-4639-91a3-a11070381d4f:group-871C3D5C4E57 change Leader from null to 457b0f2b-feff-4639-91a3-a11070381d4f at term 1 for becomeLeader, leader elected after 5192ms
2019-08-27 19:04:35,551 [457b0f2b-feff-4639-91a3-a11070381d4f:group-871C3D5C4E57:LeaderElection20] INFO  server.RaftServerConfigKeys (ConfUtils.java:logGet(43)) - raft.server.staging.catchup.gap = 1000 (default)
2019-08-27 19:04:35,551 [457b0f2b-feff-4639-91a3-a11070381d4f:group-871C3D5C4E57:LeaderElection20] INFO  server.RaftServerConfigKeys (ConfUtils.java:logGet(43)) - raft.server.rpc.sleep.time = 25ms (default)
2019-08-27 19:04:35,551 [457b0f2b-feff-4639-91a3-a11070381d4f:group-871C3D5C4E57:LeaderElection20] INFO  server.RaftServerConfigKeys (ConfUtils.java:logGet(43)) - raft.server.write.element-limit = 4096 (default)
2019-08-27 19:04:35,552 [457b0f2b-feff-4639-91a3-a11070381d4f:group-871C3D5C4E57:LeaderElection20] INFO  server.RaftServerConfigKeys (ConfUtils.java:logGet(43)) - raft.server.watch.timeout = 10s (default)
2019-08-27 19:04:35,552 [457b0f2b-feff-4639-91a3-a11070381d4f:group-871C3D5C4E57:LeaderElection20] INFO  server.RaftServerConfigKeys (ConfUtils.java:logGet(43)) - raft.server.watch.timeout.denomination = 1s (default)
2019-08-27 19:04:35,552 [457b0f2b-feff-4639-91a3-a11070381d4f:group-871C3D5C4E57:LeaderElection20] INFO  server.RaftServerConfigKeys (ConfUtils.java:logGet(43)) - raft.server.watch.element-limit = 65536 (default)
2019-08-27 19:04:35,553 [457b0f2b-feff-4639-91a3-a11070381d4f:group-871C3D5C4E57:LeaderElection20] INFO  impl.RoleInfo (RoleInfo.java:updateAndGet(143)) - 457b0f2b-feff-4639-91a3-a11070381d4f: start LeaderState
2019-08-27 19:04:35,553 [457b0f2b-feff-4639-91a3-a11070381d4f:group-871C3D5C4E57:LeaderElection20] INFO  segmented.SegmentedRaftLogWorker (SegmentedRaftLogWorker.java:startLogSegment(380)) - 457b0f2b-feff-4639-91a3-a11070381d4f-SegmentedRaftLogWorker:Storage Directory /workdir/hadoop-ozone/integration-test/target/test-dir/MiniOzoneClusterImpl-599e46d8-0e9a-4b65-aec3-4904bd77efd2/datanode-3/data/ratis/c608bfd2-a860-4e2c-bc75-871c3d5c4e57: Starting segment from index:0
2019-08-27 19:04:35,554 [457b0f2b-feff-4639-91a3-a11070381d4f:group-871C3D5C4E57:LeaderElection20] INFO  impl.RaftServerImpl (ServerState.java:setRaftConf(361)) - 457b0f2b-feff-4639-91a3-a11070381d4f:group-871C3D5C4E57 set configuration 0: [457b0f2b-feff-4639-91a3-a11070381d4f:192.168.5.191:34209], old=null at 0
2019-08-27 19:04:35,597 [Thread-748] INFO  impl.FollowerState (FollowerState.java:run(106)) - d3c05237-bd84-4234-a934-0ba66750ea46:group-5A0C10B0A675 changes to CANDIDATE, lastRpcTime:5020, electionTimeout:5019ms
2019-08-27 19:04:35,597 [Thread-748] INFO  impl.RoleInfo (RoleInfo.java:shutdownFollowerState(121)) - d3c05237-bd84-4234-a934-0ba66750ea46: shutdown FollowerState
2019-08-27 19:04:35,597 [Thread-748] INFO  impl.RaftServerImpl (RaftServerImpl.java:setRole(171)) - d3c05237-bd84-4234-a934-0ba66750ea46:group-5A0C10B0A675 changes role from FOLLOWER to CANDIDATE at term 0 for changeToCandidate
2019-08-27 19:04:35,598 [Thread-748] INFO  impl.RoleInfo (RoleInfo.java:updateAndGet(143)) - d3c05237-bd84-4234-a934-0ba66750ea46: start LeaderElection
2019-08-27 19:04:35,607 [457b0f2b-feff-4639-91a3-a11070381d4f-SegmentedRaftLogWorker:Storage Directory /workdir/hadoop-ozone/integration-test/target/test-dir/MiniOzoneClusterImpl-599e46d8-0e9a-4b65-aec3-4904bd77efd2/datanode-3/data/ratis/c608bfd2-a860-4e2c-bc75-871c3d5c4e57] INFO  segmented.SegmentedRaftLogWorker (SegmentedRaftLogWorker.java:execute(569)) - 457b0f2b-feff-4639-91a3-a11070381d4f-SegmentedRaftLogWorker:Storage Directory /workdir/hadoop-ozone/integration-test/target/test-dir/MiniOzoneClusterImpl-599e46d8-0e9a-4b65-aec3-4904bd77efd2/datanode-3/data/ratis/c608bfd2-a860-4e2c-bc75-871c3d5c4e57: created new log segment /workdir/hadoop-ozone/integration-test/target/test-dir/MiniOzoneClusterImpl-599e46d8-0e9a-4b65-aec3-4904bd77efd2/datanode-3/data/ratis/c608bfd2-a860-4e2c-bc75-871c3d5c4e57/current/log_inprogress_0
2019-08-27 19:04:35,607 [d3c05237-bd84-4234-a934-0ba66750ea46:group-5A0C10B0A675:LeaderElection21] INFO  impl.LeaderElection (LeaderElection.java:askForVotes(181)) - d3c05237-bd84-4234-a934-0ba66750ea46:group-5A0C10B0A675:LeaderElection21: begin an election at term 1 for -1: [457b0f2b-feff-4639-91a3-a11070381d4f:192.168.5.191:34209, d3c05237-bd84-4234-a934-0ba66750ea46:192.168.5.191:42272, 8dbfb03d-3489-434f-b2ff-176126556357:192.168.5.191:44508], old=null
2019-08-27 19:04:35,609 [grpc-default-executor-4] INFO  client.GrpcClientProtocolClient (GrpcClientProtocolClient.java:onNext(255)) - client-0C1CC1C50A7C->8dbfb03d-3489-434f-b2ff-176126556357: receive RaftClientReply:client-0C1CC1C50A7C->8dbfb03d-3489-434f-b2ff-176126556357@group-5A0C10B0A675, cid=42, FAILED org.apache.ratis.protocol.NotLeaderException: Server 8dbfb03d-3489-434f-b2ff-176126556357 is not the leader (null). Request must be sent to leader., logIndex=0, commits[8dbfb03d-3489-434f-b2ff-176126556357:c-1]
2019-08-27 19:04:35,620 [grpc-default-executor-5] INFO  impl.RaftServerImpl (RaftServerImpl.java:setRole(171)) - 8dbfb03d-3489-434f-b2ff-176126556357:group-5A0C10B0A675 changes role from FOLLOWER to FOLLOWER at term 1 for recognizeCandidate:d3c05237-bd84-4234-a934-0ba66750ea46
2019-08-27 19:04:35,620 [grpc-default-executor-1] INFO  impl.RaftServerImpl (RaftServerImpl.java:setRole(171)) - 457b0f2b-feff-4639-91a3-a11070381d4f:group-5A0C10B0A675 changes role from FOLLOWER to FOLLOWER at term 1 for recognizeCandidate:d3c05237-bd84-4234-a934-0ba66750ea46
2019-08-27 19:04:35,621 [grpc-default-executor-5] INFO  impl.RoleInfo (RoleInfo.java:shutdownFollowerState(121)) - 8dbfb03d-3489-434f-b2ff-176126556357: shutdown FollowerState
2019-08-27 19:04:35,621 [grpc-default-executor-1] INFO  impl.RoleInfo (RoleInfo.java:shutdownFollowerState(121)) - 457b0f2b-feff-4639-91a3-a11070381d4f: shutdown FollowerState
2019-08-27 19:04:35,621 [Thread-749] INFO  impl.FollowerState (FollowerState.java:run(114)) - 8dbfb03d-3489-434f-b2ff-176126556357: FollowerState was interrupted: java.lang.InterruptedException: sleep interrupted
2019-08-27 19:04:35,621 [grpc-default-executor-1] INFO  impl.RoleInfo (RoleInfo.java:updateAndGet(143)) - 457b0f2b-feff-4639-91a3-a11070381d4f: start FollowerState
2019-08-27 19:04:35,621 [grpc-default-executor-5] INFO  impl.RoleInfo (RoleInfo.java:updateAndGet(143)) - 8dbfb03d-3489-434f-b2ff-176126556357: start FollowerState
2019-08-27 19:04:35,624 [Thread-744] INFO  impl.FollowerState (FollowerState.java:run(114)) - 457b0f2b-feff-4639-91a3-a11070381d4f: FollowerState was interrupted: java.lang.InterruptedException: sleep interrupted
2019-08-27 19:04:35,624 [Thread-738] INFO  impl.FollowerState (FollowerState.java:run(106)) - d3c05237-bd84-4234-a934-0ba66750ea46:group-00BC29501A1F changes to CANDIDATE, lastRpcTime:5153, electionTimeout:5152ms
2019-08-27 19:04:35,627 [Thread-738] INFO  impl.RoleInfo (RoleInfo.java:shutdownFollowerState(121)) - d3c05237-bd84-4234-a934-0ba66750ea46: shutdown FollowerState
2019-08-27 19:04:35,627 [Thread-738] INFO  impl.RaftServerImpl (RaftServerImpl.java:setRole(171)) - d3c05237-bd84-4234-a934-0ba66750ea46:group-00BC29501A1F changes role from FOLLOWER to CANDIDATE at term 0 for changeToCandidate
2019-08-27 19:04:35,627 [Thread-738] INFO  impl.RoleInfo (RoleInfo.java:updateAndGet(143)) - d3c05237-bd84-4234-a934-0ba66750ea46: start LeaderElection
2019-08-27 19:04:35,640 [d3c05237-bd84-4234-a934-0ba66750ea46:group-00BC29501A1F:LeaderElection22] INFO  impl.LeaderElection (LeaderElection.java:askForVotes(181)) - d3c05237-bd84-4234-a934-0ba66750ea46:group-00BC29501A1F:LeaderElection22: begin an election at term 1 for -1: [d3c05237-bd84-4234-a934-0ba66750ea46:192.168.5.191:42272], old=null
2019-08-27 19:04:35,640 [d3c05237-bd84-4234-a934-0ba66750ea46:group-00BC29501A1F:LeaderElection22] INFO  impl.RoleInfo (RoleInfo.java:shutdownLeaderElection(134)) - d3c05237-bd84-4234-a934-0ba66750ea46: shutdown LeaderElection
2019-08-27 19:04:35,640 [d3c05237-bd84-4234-a934-0ba66750ea46:group-00BC29501A1F:LeaderElection22] INFO  impl.RaftServerImpl (RaftServerImpl.java:setRole(171)) - d3c05237-bd84-4234-a934-0ba66750ea46:group-00BC29501A1F changes role from CANDIDATE to LEADER at term 1 for changeToLeader
2019-08-27 19:04:35,640 [d3c05237-bd84-4234-a934-0ba66750ea46:group-00BC29501A1F:LeaderElection22] INFO  impl.RaftServerImpl (ServerState.java:setLeader(263)) - d3c05237-bd84-4234-a934-0ba66750ea46:group-00BC29501A1F change Leader from null to d3c05237-bd84-4234-a934-0ba66750ea46 at term 1 for becomeLeader, leader elected after 5173ms
2019-08-27 19:04:35,643 [d3c05237-bd84-4234-a934-0ba66750ea46:group-00BC29501A1F:LeaderElection22] INFO  server.RaftServerConfigKeys (ConfUtils.java:logGet(43)) - raft.server.staging.catchup.gap = 1000 (default)
2019-08-27 19:04:35,643 [d3c05237-bd84-4234-a934-0ba66750ea46:group-00BC29501A1F:LeaderElection22] INFO  server.RaftServerConfigKeys (ConfUtils.java:logGet(43)) - raft.server.rpc.sleep.time = 25ms (default)
2019-08-27 19:04:35,643 [d3c05237-bd84-4234-a934-0ba66750ea46:group-00BC29501A1F:LeaderElection22] INFO  server.RaftServerConfigKeys (ConfUtils.java:logGet(43)) - raft.server.write.element-limit = 4096 (default)
2019-08-27 19:04:35,643 [d3c05237-bd84-4234-a934-0ba66750ea46:group-5A0C10B0A675:LeaderElection21] INFO  impl.LeaderElection (LeaderElection.java:logAndReturn(56)) - d3c05237-bd84-4234-a934-0ba66750ea46:group-5A0C10B0A675:LeaderElection21: Election PASSED; received 1 response(s) [d3c05237-bd84-4234-a934-0ba66750ea46<-8dbfb03d-3489-434f-b2ff-176126556357#0:OK-t1] and 0 exception(s); d3c05237-bd84-4234-a934-0ba66750ea46:t1, leader=null, voted=d3c05237-bd84-4234-a934-0ba66750ea46, raftlog=d3c05237-bd84-4234-a934-0ba66750ea46-SegmentedRaftLog:OPENED:c-1,f-1,i0, conf=-1: [457b0f2b-feff-4639-91a3-a11070381d4f:192.168.5.191:34209, d3c05237-bd84-4234-a934-0ba66750ea46:192.168.5.191:42272, 8dbfb03d-3489-434f-b2ff-176126556357:192.168.5.191:44508], old=null
2019-08-27 19:04:35,643 [d3c05237-bd84-4234-a934-0ba66750ea46:group-00BC29501A1F:LeaderElection22] INFO  server.RaftServerConfigKeys (ConfUtils.java:logGet(43)) - raft.server.watch.timeout = 10s (default)
2019-08-27 19:04:35,643 [d3c05237-bd84-4234-a934-0ba66750ea46:group-5A0C10B0A675:LeaderElection21] INFO  impl.RoleInfo (RoleInfo.java:shutdownLeaderElection(134)) - d3c05237-bd84-4234-a934-0ba66750ea46: shutdown LeaderElection
2019-08-27 19:04:35,645 [d3c05237-bd84-4234-a934-0ba66750ea46:group-00BC29501A1F:LeaderElection22] INFO  server.RaftServerConfigKeys (ConfUtils.java:logGet(43)) - raft.server.watch.timeout.denomination = 1s (default)
2019-08-27 19:04:35,646 [d3c05237-bd84-4234-a934-0ba66750ea46:group-5A0C10B0A675:LeaderElection21] INFO  impl.RaftServerImpl (RaftServerImpl.java:setRole(171)) - d3c05237-bd84-4234-a934-0ba66750ea46:group-5A0C10B0A675 changes role from CANDIDATE to LEADER at term 1 for changeToLeader
2019-08-27 19:04:35,646 [d3c05237-bd84-4234-a934-0ba66750ea46:group-00BC29501A1F:LeaderElection22] INFO  server.RaftServerConfigKeys (ConfUtils.java:logGet(43)) - raft.server.watch.element-limit = 65536 (default)
2019-08-27 19:04:35,646 [d3c05237-bd84-4234-a934-0ba66750ea46:group-5A0C10B0A675:LeaderElection21] INFO  impl.RaftServerImpl (ServerState.java:setLeader(263)) - d3c05237-bd84-4234-a934-0ba66750ea46:group-5A0C10B0A675 change Leader from null to d3c05237-bd84-4234-a934-0ba66750ea46 at term 1 for becomeLeader, leader elected after 5079ms
2019-08-27 19:04:35,646 [d3c05237-bd84-4234-a934-0ba66750ea46:group-00BC29501A1F:LeaderElection22] INFO  impl.RoleInfo (RoleInfo.java:updateAndGet(143)) - d3c05237-bd84-4234-a934-0ba66750ea46: start LeaderState
2019-08-27 19:04:35,646 [d3c05237-bd84-4234-a934-0ba66750ea46:group-5A0C10B0A675:LeaderElection21] INFO  server.RaftServerConfigKeys (ConfUtils.java:logGet(43)) - raft.server.staging.catchup.gap = 1000 (default)
2019-08-27 19:04:35,646 [d3c05237-bd84-4234-a934-0ba66750ea46:group-00BC29501A1F:LeaderElection22] INFO  segmented.SegmentedRaftLogWorker (SegmentedRaftLogWorker.java:startLogSegment(380)) - d3c05237-bd84-4234-a934-0ba66750ea46-SegmentedRaftLogWorker:Storage Directory /workdir/hadoop-ozone/integration-test/target/test-dir/MiniOzoneClusterImpl-599e46d8-0e9a-4b65-aec3-4904bd77efd2/datanode-5/data/ratis/05c35cfe-3e46-4d9c-a285-00bc29501a1f: Starting segment from index:0
2019-08-27 19:04:35,646 [d3c05237-bd84-4234-a934-0ba66750ea46:group-5A0C10B0A675:LeaderElection21] INFO  server.RaftServerConfigKeys (ConfUtils.java:logGet(43)) - raft.server.rpc.sleep.time = 25ms (default)
2019-08-27 19:04:35,647 [d3c05237-bd84-4234-a934-0ba66750ea46:group-5A0C10B0A675:LeaderElection21] INFO  server.RaftServerConfigKeys (ConfUtils.java:logGet(43)) - raft.server.write.element-limit = 4096 (default)
2019-08-27 19:04:35,647 [d3c05237-bd84-4234-a934-0ba66750ea46:group-00BC29501A1F:LeaderElection22] INFO  impl.RaftServerImpl (ServerState.java:setRaftConf(361)) - d3c05237-bd84-4234-a934-0ba66750ea46:group-00BC29501A1F set configuration 0: [d3c05237-bd84-4234-a934-0ba66750ea46:192.168.5.191:42272], old=null at 0
2019-08-27 19:04:35,647 [d3c05237-bd84-4234-a934-0ba66750ea46:group-5A0C10B0A675:LeaderElection21] INFO  server.RaftServerConfigKeys (ConfUtils.java:logGet(43)) - raft.server.watch.timeout = 10s (default)
2019-08-27 19:04:35,649 [d3c05237-bd84-4234-a934-0ba66750ea46:group-5A0C10B0A675:LeaderElection21] INFO  server.RaftServerConfigKeys (ConfUtils.java:logGet(43)) - raft.server.watch.timeout.denomination = 1s (default)
2019-08-27 19:04:35,649 [d3c05237-bd84-4234-a934-0ba66750ea46:group-5A0C10B0A675:LeaderElection21] INFO  server.RaftServerConfigKeys (ConfUtils.java:logGet(43)) - raft.server.watch.element-limit = 65536 (default)
2019-08-27 19:04:35,649 [d3c05237-bd84-4234-a934-0ba66750ea46:group-5A0C10B0A675:LeaderElection21] INFO  server.RaftServerConfigKeys (ConfUtils.java:logGet(43)) - raft.server.log.appender.snapshot.chunk.size.max = 16MB (=16777216) (default)
2019-08-27 19:04:35,650 [d3c05237-bd84-4234-a934-0ba66750ea46:group-5A0C10B0A675:LeaderElection21] INFO  server.RaftServerConfigKeys (ConfUtils.java:logGet(43)) - raft.server.log.appender.buffer.byte-limit = 33554432 (custom)
2019-08-27 19:04:35,650 [d3c05237-bd84-4234-a934-0ba66750ea46:group-5A0C10B0A675:LeaderElection21] INFO  server.RaftServerConfigKeys (ConfUtils.java:logGet(43)) - raft.server.log.appender.buffer.element-limit = 1 (custom)
2019-08-27 19:04:35,650 [d3c05237-bd84-4234-a934-0ba66750ea46:group-5A0C10B0A675:LeaderElection21] INFO  grpc.GrpcConfigKeys$Server (ConfUtils.java:logGet(43)) - raft.grpc.server.leader.outstanding.appends.max = 128 (default)
2019-08-27 19:04:35,650 [d3c05237-bd84-4234-a934-0ba66750ea46:group-5A0C10B0A675:LeaderElection21] INFO  server.RaftServerConfigKeys (ConfUtils.java:logGet(43)) - raft.server.rpc.request.timeout = 3000ms (default)
2019-08-27 19:04:35,650 [d3c05237-bd84-4234-a934-0ba66750ea46:group-5A0C10B0A675:LeaderElection21] INFO  server.RaftServerConfigKeys (ConfUtils.java:logGet(43)) - raft.server.log.appender.install.snapshot.enabled = false (custom)
2019-08-27 19:04:35,651 [d3c05237-bd84-4234-a934-0ba66750ea46:group-5A0C10B0A675:LeaderElection21] INFO  server.RaftServerConfigKeys (ConfUtils.java:logGet(43)) - raft.server.log.appender.snapshot.chunk.size.max = 16MB (=16777216) (default)
2019-08-27 19:04:35,651 [d3c05237-bd84-4234-a934-0ba66750ea46:group-5A0C10B0A675:LeaderElection21] INFO  server.RaftServerConfigKeys (ConfUtils.java:logGet(43)) - raft.server.log.appender.buffer.byte-limit = 33554432 (custom)
2019-08-27 19:04:35,651 [d3c05237-bd84-4234-a934-0ba66750ea46:group-5A0C10B0A675:LeaderElection21] INFO  server.RaftServerConfigKeys (ConfUtils.java:logGet(43)) - raft.server.log.appender.buffer.element-limit = 1 (custom)
2019-08-27 19:04:35,651 [d3c05237-bd84-4234-a934-0ba66750ea46:group-5A0C10B0A675:LeaderElection21] INFO  grpc.GrpcConfigKeys$Server (ConfUtils.java:logGet(43)) - raft.grpc.server.leader.outstanding.appends.max = 128 (default)
2019-08-27 19:04:35,651 [d3c05237-bd84-4234-a934-0ba66750ea46:group-5A0C10B0A675:LeaderElection21] INFO  server.RaftServerConfigKeys (ConfUtils.java:logGet(43)) - raft.server.rpc.request.timeout = 3000ms (default)
2019-08-27 19:04:35,651 [d3c05237-bd84-4234-a934-0ba66750ea46:group-5A0C10B0A675:LeaderElection21] INFO  server.RaftServerConfigKeys (ConfUtils.java:logGet(43)) - raft.server.log.appender.install.snapshot.enabled = false (custom)
2019-08-27 19:04:35,652 [d3c05237-bd84-4234-a934-0ba66750ea46:group-5A0C10B0A675:LeaderElection21] INFO  impl.RoleInfo (RoleInfo.java:updateAndGet(143)) - d3c05237-bd84-4234-a934-0ba66750ea46: start LeaderState
2019-08-27 19:04:35,652 [d3c05237-bd84-4234-a934-0ba66750ea46:group-5A0C10B0A675:LeaderElection21] INFO  segmented.SegmentedRaftLogWorker (SegmentedRaftLogWorker.java:startLogSegment(380)) - d3c05237-bd84-4234-a934-0ba66750ea46-SegmentedRaftLogWorker:Storage Directory /workdir/hadoop-ozone/integration-test/target/test-dir/MiniOzoneClusterImpl-599e46d8-0e9a-4b65-aec3-4904bd77efd2/datanode-5/data/ratis/6ec88f33-8621-4e9f-b38b-5a0c10b0a675: Starting segment from index:0
2019-08-27 19:04:35,653 [d3c05237-bd84-4234-a934-0ba66750ea46:group-5A0C10B0A675:LeaderElection21] INFO  impl.RaftServerImpl (ServerState.java:setRaftConf(361)) - d3c05237-bd84-4234-a934-0ba66750ea46:group-5A0C10B0A675 set configuration 0: [457b0f2b-feff-4639-91a3-a11070381d4f:192.168.5.191:34209, d3c05237-bd84-4234-a934-0ba66750ea46:192.168.5.191:42272, 8dbfb03d-3489-434f-b2ff-176126556357:192.168.5.191:44508], old=null at 0
2019-08-27 19:04:35,688 [Thread-741] INFO  impl.FollowerState (FollowerState.java:run(106)) - 8dbfb03d-3489-434f-b2ff-176126556357:group-064AA346B30B changes to CANDIDATE, lastRpcTime:5168, electionTimeout:5159ms
2019-08-27 19:04:35,688 [Thread-741] INFO  impl.RoleInfo (RoleInfo.java:shutdownFollowerState(121)) - 8dbfb03d-3489-434f-b2ff-176126556357: shutdown FollowerState
2019-08-27 19:04:35,688 [Thread-741] INFO  impl.RaftServerImpl (RaftServerImpl.java:setRole(171)) - 8dbfb03d-3489-434f-b2ff-176126556357:group-064AA346B30B changes role from FOLLOWER to CANDIDATE at term 0 for changeToCandidate
2019-08-27 19:04:35,689 [Thread-741] INFO  impl.RoleInfo (RoleInfo.java:updateAndGet(143)) - 8dbfb03d-3489-434f-b2ff-176126556357: start LeaderElection
2019-08-27 19:04:35,695 [grpc-default-executor-1] INFO  impl.RaftServerImpl (ServerState.java:setLeader(263)) - 8dbfb03d-3489-434f-b2ff-176126556357:group-5A0C10B0A675 change Leader from null to d3c05237-bd84-4234-a934-0ba66750ea46 at term 1 for appendEntries, leader elected after 5128ms
2019-08-27 19:04:35,695 [grpc-default-executor-5] INFO  impl.RaftServerImpl (ServerState.java:setLeader(263)) - 457b0f2b-feff-4639-91a3-a11070381d4f:group-5A0C10B0A675 change Leader from null to d3c05237-bd84-4234-a934-0ba66750ea46 at term 1 for appendEntries, leader elected after 5128ms
2019-08-27 19:04:35,698 [grpc-default-executor-5] INFO  impl.RaftServerImpl (ServerState.java:setRaftConf(361)) - 8dbfb03d-3489-434f-b2ff-176126556357:group-5A0C10B0A675 set configuration 0: [457b0f2b-feff-4639-91a3-a11070381d4f:192.168.5.191:34209, d3c05237-bd84-4234-a934-0ba66750ea46:192.168.5.191:42272, 8dbfb03d-3489-434f-b2ff-176126556357:192.168.5.191:44508], old=null at 0
2019-08-27 19:04:35,699 [grpc-default-executor-5] INFO  segmented.SegmentedRaftLogWorker (SegmentedRaftLogWorker.java:startLogSegment(380)) - 8dbfb03d-3489-434f-b2ff-176126556357-SegmentedRaftLogWorker:Storage Directory /workdir/hadoop-ozone/integration-test/target/test-dir/MiniOzoneClusterImpl-599e46d8-0e9a-4b65-aec3-4904bd77efd2/datanode-6/data/ratis/6ec88f33-8621-4e9f-b38b-5a0c10b0a675: Starting segment from index:0
2019-08-27 19:04:35,699 [grpc-default-executor-1] INFO  impl.RaftServerImpl (ServerState.java:setRaftConf(361)) - 457b0f2b-feff-4639-91a3-a11070381d4f:group-5A0C10B0A675 set configuration 0: [457b0f2b-feff-4639-91a3-a11070381d4f:192.168.5.191:34209, d3c05237-bd84-4234-a934-0ba66750ea46:192.168.5.191:42272, 8dbfb03d-3489-434f-b2ff-176126556357:192.168.5.191:44508], old=null at 0
2019-08-27 19:04:35,699 [grpc-default-executor-1] INFO  segmented.SegmentedRaftLogWorker (SegmentedRaftLogWorker.java:startLogSegment(380)) - 457b0f2b-feff-4639-91a3-a11070381d4f-SegmentedRaftLogWorker:Storage Directory /workdir/hadoop-ozone/integration-test/target/test-dir/MiniOzoneClusterImpl-599e46d8-0e9a-4b65-aec3-4904bd77efd2/datanode-3/data/ratis/6ec88f33-8621-4e9f-b38b-5a0c10b0a675: Starting segment from index:0
2019-08-27 19:04:35,701 [d3c05237-bd84-4234-a934-0ba66750ea46-SegmentedRaftLogWorker:Storage Directory /workdir/hadoop-ozone/integration-test/target/test-dir/MiniOzoneClusterImpl-599e46d8-0e9a-4b65-aec3-4904bd77efd2/datanode-5/data/ratis/05c35cfe-3e46-4d9c-a285-00bc29501a1f] INFO  segmented.SegmentedRaftLogWorker (SegmentedRaftLogWorker.java:execute(569)) - d3c05237-bd84-4234-a934-0ba66750ea46-SegmentedRaftLogWorker:Storage Directory /workdir/hadoop-ozone/integration-test/target/test-dir/MiniOzoneClusterImpl-599e46d8-0e9a-4b65-aec3-4904bd77efd2/datanode-5/data/ratis/05c35cfe-3e46-4d9c-a285-00bc29501a1f: created new log segment /workdir/hadoop-ozone/integration-test/target/test-dir/MiniOzoneClusterImpl-599e46d8-0e9a-4b65-aec3-4904bd77efd2/datanode-5/data/ratis/05c35cfe-3e46-4d9c-a285-00bc29501a1f/current/log_inprogress_0
2019-08-27 19:04:35,701 [8dbfb03d-3489-434f-b2ff-176126556357:group-064AA346B30B:LeaderElection23] INFO  impl.LeaderElection (LeaderElection.java:askForVotes(181)) - 8dbfb03d-3489-434f-b2ff-176126556357:group-064AA346B30B:LeaderElection23: begin an election at term 1 for -1: [8dbfb03d-3489-434f-b2ff-176126556357:192.168.5.191:44508], old=null
2019-08-27 19:04:35,701 [d3c05237-bd84-4234-a934-0ba66750ea46-SegmentedRaftLogWorker:Storage Directory /workdir/hadoop-ozone/integration-test/target/test-dir/MiniOzoneClusterImpl-599e46d8-0e9a-4b65-aec3-4904bd77efd2/datanode-5/data/ratis/6ec88f33-8621-4e9f-b38b-5a0c10b0a675] INFO  segmented.SegmentedRaftLogWorker (SegmentedRaftLogWorker.java:execute(569)) - d3c05237-bd84-4234-a934-0ba66750ea46-SegmentedRaftLogWorker:Storage Directory /workdir/hadoop-ozone/integration-test/target/test-dir/MiniOzoneClusterImpl-599e46d8-0e9a-4b65-aec3-4904bd77efd2/datanode-5/data/ratis/6ec88f33-8621-4e9f-b38b-5a0c10b0a675: created new log segment /workdir/hadoop-ozone/integration-test/target/test-dir/MiniOzoneClusterImpl-599e46d8-0e9a-4b65-aec3-4904bd77efd2/datanode-5/data/ratis/6ec88f33-8621-4e9f-b38b-5a0c10b0a675/current/log_inprogress_0
2019-08-27 19:04:35,701 [8dbfb03d-3489-434f-b2ff-176126556357:group-064AA346B30B:LeaderElection23] INFO  impl.RoleInfo (RoleInfo.java:shutdownLeaderElection(134)) - 8dbfb03d-3489-434f-b2ff-176126556357: shutdown LeaderElection
2019-08-27 19:04:35,701 [8dbfb03d-3489-434f-b2ff-176126556357:group-064AA346B30B:LeaderElection23] INFO  impl.RaftServerImpl (RaftServerImpl.java:setRole(171)) - 8dbfb03d-3489-434f-b2ff-176126556357:group-064AA346B30B changes role from CANDIDATE to LEADER at term 1 for changeToLeader
2019-08-27 19:04:35,701 [8dbfb03d-3489-434f-b2ff-176126556357:group-064AA346B30B:LeaderElection23] INFO  impl.RaftServerImpl (ServerState.java:setLeader(263)) - 8dbfb03d-3489-434f-b2ff-176126556357:group-064AA346B30B change Leader from null to 8dbfb03d-3489-434f-b2ff-176126556357 at term 1 for becomeLeader, leader elected after 5185ms
2019-08-27 19:04:35,743 [8dbfb03d-3489-434f-b2ff-176126556357:group-064AA346B30B:LeaderElection23] INFO  server.RaftServerConfigKeys (ConfUtils.java:logGet(43)) - raft.server.staging.catchup.gap = 1000 (default)
2019-08-27 19:04:35,743 [8dbfb03d-3489-434f-b2ff-176126556357:group-064AA346B30B:LeaderElection23] INFO  server.RaftServerConfigKeys (ConfUtils.java:logGet(43)) - raft.server.rpc.sleep.time = 25ms (default)
2019-08-27 19:04:35,744 [8dbfb03d-3489-434f-b2ff-176126556357:group-064AA346B30B:LeaderElection23] INFO  server.RaftServerConfigKeys (ConfUtils.java:logGet(43)) - raft.server.write.element-limit = 4096 (default)
2019-08-27 19:04:35,744 [8dbfb03d-3489-434f-b2ff-176126556357:group-064AA346B30B:LeaderElection23] INFO  server.RaftServerConfigKeys (ConfUtils.java:logGet(43)) - raft.server.watch.timeout = 10s (default)
2019-08-27 19:04:35,744 [8dbfb03d-3489-434f-b2ff-176126556357:group-064AA346B30B:LeaderElection23] INFO  server.RaftServerConfigKeys (ConfUtils.java:logGet(43)) - raft.server.watch.timeout.denomination = 1s (default)
2019-08-27 19:04:35,744 [8dbfb03d-3489-434f-b2ff-176126556357:group-064AA346B30B:LeaderElection23] INFO  server.RaftServerConfigKeys (ConfUtils.java:logGet(43)) - raft.server.watch.element-limit = 65536 (default)
2019-08-27 19:04:35,745 [8dbfb03d-3489-434f-b2ff-176126556357:group-064AA346B30B:LeaderElection23] INFO  impl.RoleInfo (RoleInfo.java:updateAndGet(143)) - 8dbfb03d-3489-434f-b2ff-176126556357: start LeaderState
2019-08-27 19:04:35,745 [8dbfb03d-3489-434f-b2ff-176126556357:group-064AA346B30B:LeaderElection23] INFO  segmented.SegmentedRaftLogWorker (SegmentedRaftLogWorker.java:startLogSegment(380)) - 8dbfb03d-3489-434f-b2ff-176126556357-SegmentedRaftLogWorker:Storage Directory /workdir/hadoop-ozone/integration-test/target/test-dir/MiniOzoneClusterImpl-599e46d8-0e9a-4b65-aec3-4904bd77efd2/datanode-6/data/ratis/03b1fece-22e8-4e98-8643-064aa346b30b: Starting segment from index:0
2019-08-27 19:04:35,745 [8dbfb03d-3489-434f-b2ff-176126556357:group-064AA346B30B:LeaderElection23] INFO  impl.RaftServerImpl (ServerState.java:setRaftConf(361)) - 8dbfb03d-3489-434f-b2ff-176126556357:group-064AA346B30B set configuration 0: [8dbfb03d-3489-434f-b2ff-176126556357:192.168.5.191:44508], old=null at 0
2019-08-27 19:04:35,775 [457b0f2b-feff-4639-91a3-a11070381d4f-SegmentedRaftLogWorker:Storage Directory /workdir/hadoop-ozone/integration-test/target/test-dir/MiniOzoneClusterImpl-599e46d8-0e9a-4b65-aec3-4904bd77efd2/datanode-3/data/ratis/6ec88f33-8621-4e9f-b38b-5a0c10b0a675] INFO  segmented.SegmentedRaftLogWorker (SegmentedRaftLogWorker.java:execute(569)) - 457b0f2b-feff-4639-91a3-a11070381d4f-SegmentedRaftLogWorker:Storage Directory /workdir/hadoop-ozone/integration-test/target/test-dir/MiniOzoneClusterImpl-599e46d8-0e9a-4b65-aec3-4904bd77efd2/datanode-3/data/ratis/6ec88f33-8621-4e9f-b38b-5a0c10b0a675: created new log segment /workdir/hadoop-ozone/integration-test/target/test-dir/MiniOzoneClusterImpl-599e46d8-0e9a-4b65-aec3-4904bd77efd2/datanode-3/data/ratis/6ec88f33-8621-4e9f-b38b-5a0c10b0a675/current/log_inprogress_0
2019-08-27 19:04:35,775 [8dbfb03d-3489-434f-b2ff-176126556357-SegmentedRaftLogWorker:Storage Directory /workdir/hadoop-ozone/integration-test/target/test-dir/MiniOzoneClusterImpl-599e46d8-0e9a-4b65-aec3-4904bd77efd2/datanode-6/data/ratis/6ec88f33-8621-4e9f-b38b-5a0c10b0a675] INFO  segmented.SegmentedRaftLogWorker (SegmentedRaftLogWorker.java:execute(569)) - 8dbfb03d-3489-434f-b2ff-176126556357-SegmentedRaftLogWorker:Storage Directory /workdir/hadoop-ozone/integration-test/target/test-dir/MiniOzoneClusterImpl-599e46d8-0e9a-4b65-aec3-4904bd77efd2/datanode-6/data/ratis/6ec88f33-8621-4e9f-b38b-5a0c10b0a675: created new log segment /workdir/hadoop-ozone/integration-test/target/test-dir/MiniOzoneClusterImpl-599e46d8-0e9a-4b65-aec3-4904bd77efd2/datanode-6/data/ratis/6ec88f33-8621-4e9f-b38b-5a0c10b0a675/current/log_inprogress_0
2019-08-27 19:04:35,787 [8dbfb03d-3489-434f-b2ff-176126556357-SegmentedRaftLogWorker:Storage Directory /workdir/hadoop-ozone/integration-test/target/test-dir/MiniOzoneClusterImpl-599e46d8-0e9a-4b65-aec3-4904bd77efd2/datanode-6/data/ratis/03b1fece-22e8-4e98-8643-064aa346b30b] INFO  segmented.SegmentedRaftLogWorker (SegmentedRaftLogWorker.java:execute(569)) - 8dbfb03d-3489-434f-b2ff-176126556357-SegmentedRaftLogWorker:Storage Directory /workdir/hadoop-ozone/integration-test/target/test-dir/MiniOzoneClusterImpl-599e46d8-0e9a-4b65-aec3-4904bd77efd2/datanode-6/data/ratis/03b1fece-22e8-4e98-8643-064aa346b30b: created new log segment /workdir/hadoop-ozone/integration-test/target/test-dir/MiniOzoneClusterImpl-599e46d8-0e9a-4b65-aec3-4904bd77efd2/datanode-6/data/ratis/03b1fece-22e8-4e98-8643-064aa346b30b/current/log_inprogress_0
2019-08-27 19:04:36,033 | INFO  | SCMAudit | user=jenkins1000 | ip=192.168.5.191 | op=SEND_HEARTBEAT {datanodeUUID=7ffeb123-8a07-43fc-9bc5-d9b026895606, command=[]} | ret=SUCCESS |  
2019-08-27 19:04:36,099 | INFO  | SCMAudit | user=jenkins1000 | ip=192.168.5.191 | op=SEND_HEARTBEAT {datanodeUUID=38f28178-96e9-481f-bed8-cfb19f684f50, command=[]} | ret=SUCCESS |  
2019-08-27 19:04:36,204 | INFO  | SCMAudit | user=jenkins1000 | ip=192.168.5.191 | op=SEND_HEARTBEAT {datanodeUUID=1a6ef58e-b6d8-4916-b5f4-f66cad6b6cba, command=[]} | ret=SUCCESS |  
2019-08-27 19:04:36,260 | INFO  | SCMAudit | user=jenkins1000 | ip=192.168.5.191 | op=SEND_HEARTBEAT {datanodeUUID=457b0f2b-feff-4639-91a3-a11070381d4f, command=[]} | ret=SUCCESS |  
2019-08-27 19:04:36,327 | INFO  | SCMAudit | user=jenkins1000 | ip=192.168.5.191 | op=SEND_HEARTBEAT {datanodeUUID=3e80ec3d-d0df-446e-9c00-872113d57222, command=[]} | ret=SUCCESS |  
2019-08-27 19:04:36,370 | INFO  | SCMAudit | user=jenkins1000 | ip=192.168.5.191 | op=SEND_HEARTBEAT {datanodeUUID=d3c05237-bd84-4234-a934-0ba66750ea46, command=[]} | ret=SUCCESS |  
2019-08-27 19:04:36,436 | INFO  | SCMAudit | user=jenkins1000 | ip=192.168.5.191 | op=SEND_HEARTBEAT {datanodeUUID=8dbfb03d-3489-434f-b2ff-176126556357, command=[]} | ret=SUCCESS |  
2019-08-27 19:04:36,626 [grpc-default-executor-5] INFO  client.GrpcClientProtocolClient (GrpcClientProtocolClient.java:onNext(255)) - client-0C1CC1C50A7C->457b0f2b-feff-4639-91a3-a11070381d4f: receive RaftClientReply:client-0C1CC1C50A7C->457b0f2b-feff-4639-91a3-a11070381d4f@group-5A0C10B0A675, cid=42, FAILED org.apache.ratis.protocol.NotLeaderException: Server 457b0f2b-feff-4639-91a3-a11070381d4f is not the leader (d3c05237-bd84-4234-a934-0ba66750ea46:192.168.5.191:42272). Request must be sent to leader., logIndex=0, commits[457b0f2b-feff-4639-91a3-a11070381d4f:c-1, d3c05237-bd84-4234-a934-0ba66750ea46:c-1, 8dbfb03d-3489-434f-b2ff-176126556357:c-1]
2019-08-27 19:04:36,742 | INFO  | DNAudit | user=null | ip=null | op=CREATE_CONTAINER {containerID=1, containerType=KeyValueContainer} | ret=SUCCESS |  
2019-08-27 19:04:36,757 | INFO  | SCMAudit | user=jenkins1000 | ip=192.168.5.191 | op=SEND_HEARTBEAT {datanodeUUID=d3c05237-bd84-4234-a934-0ba66750ea46, command=[]} | ret=SUCCESS |  
2019-08-27 19:04:36,757 [grpc-default-executor-5] INFO  client.GrpcClientProtocolClient (GrpcClientProtocolClient.java:onNext(255)) - client-0C1CC1C50A7C->d3c05237-bd84-4234-a934-0ba66750ea46: receive RaftClientReply:client-0C1CC1C50A7C->d3c05237-bd84-4234-a934-0ba66750ea46@group-5A0C10B0A675, cid=42, SUCCESS, logIndex=1, commits[d3c05237-bd84-4234-a934-0ba66750ea46:c2, 457b0f2b-feff-4639-91a3-a11070381d4f:c1, 8dbfb03d-3489-434f-b2ff-176126556357:c1]
2019-08-27 19:04:36,792 | INFO  | DNAudit | user=null | ip=null | op=CREATE_CONTAINER {containerID=1, containerType=KeyValueContainer} | ret=SUCCESS |  
2019-08-27 19:04:36,792 | INFO  | DNAudit | user=null | ip=null | op=CREATE_CONTAINER {containerID=1, containerType=KeyValueContainer} | ret=SUCCESS |  
2019-08-27 19:04:36,793 | INFO  | SCMAudit | user=jenkins1000 | ip=192.168.5.191 | op=SEND_HEARTBEAT {datanodeUUID=457b0f2b-feff-4639-91a3-a11070381d4f, command=[]} | ret=SUCCESS |  
2019-08-27 19:04:36,793 | INFO  | SCMAudit | user=jenkins1000 | ip=192.168.5.191 | op=SEND_HEARTBEAT {datanodeUUID=8dbfb03d-3489-434f-b2ff-176126556357, command=[]} | ret=SUCCESS |  
2019-08-27 19:04:36,870 | INFO  | DNAudit | user=null | ip=null | op=CREATE_CONTAINER {containerID=2, containerType=KeyValueContainer} | ret=SUCCESS |  
2019-08-27 19:04:36,887 | INFO  | SCMAudit | user=jenkins1000 | ip=192.168.5.191 | op=SEND_HEARTBEAT {datanodeUUID=d3c05237-bd84-4234-a934-0ba66750ea46, command=[]} | ret=SUCCESS |  
2019-08-27 19:04:36,887 [grpc-default-executor-1] INFO  client.GrpcClientProtocolClient (GrpcClientProtocolClient.java:onNext(255)) - client-0C1CC1C50A7C->d3c05237-bd84-4234-a934-0ba66750ea46: receive RaftClientReply:client-0C1CC1C50A7C->d3c05237-bd84-4234-a934-0ba66750ea46@group-5A0C10B0A675, cid=43, SUCCESS, logIndex=3, commits[d3c05237-bd84-4234-a934-0ba66750ea46:c4, 457b0f2b-feff-4639-91a3-a11070381d4f:c3, 8dbfb03d-3489-434f-b2ff-176126556357:c3]
2019-08-27 19:04:36,902 | INFO  | DNAudit | user=null | ip=null | op=CREATE_CONTAINER {containerID=2, containerType=KeyValueContainer} | ret=SUCCESS |  
2019-08-27 19:04:36,902 | INFO  | DNAudit | user=null | ip=null | op=CREATE_CONTAINER {containerID=2, containerType=KeyValueContainer} | ret=SUCCESS |  
2019-08-27 19:04:36,906 | INFO  | SCMAudit | user=jenkins1000 | ip=192.168.5.191 | op=SEND_HEARTBEAT {datanodeUUID=8dbfb03d-3489-434f-b2ff-176126556357, command=[]} | ret=SUCCESS |  
2019-08-27 19:04:36,906 | INFO  | SCMAudit | user=jenkins1000 | ip=192.168.5.191 | op=SEND_HEARTBEAT {datanodeUUID=457b0f2b-feff-4639-91a3-a11070381d4f, command=[]} | ret=SUCCESS |  
2019-08-27 19:04:36,979 | INFO  | DNAudit | user=null | ip=null | op=CREATE_CONTAINER {containerID=3, containerType=KeyValueContainer} | ret=SUCCESS |  
2019-08-27 19:04:36,983 | INFO  | SCMAudit | user=jenkins1000 | ip=192.168.5.191 | op=SEND_HEARTBEAT {datanodeUUID=d3c05237-bd84-4234-a934-0ba66750ea46, command=[]} | ret=SUCCESS |  
2019-08-27 19:04:36,983 [grpc-default-executor-5] INFO  client.GrpcClientProtocolClient (GrpcClientProtocolClient.java:onNext(255)) - client-0C1CC1C50A7C->d3c05237-bd84-4234-a934-0ba66750ea46: receive RaftClientReply:client-0C1CC1C50A7C->d3c05237-bd84-4234-a934-0ba66750ea46@group-5A0C10B0A675, cid=44, SUCCESS, logIndex=5, commits[d3c05237-bd84-4234-a934-0ba66750ea46:c6, 457b0f2b-feff-4639-91a3-a11070381d4f:c5, 8dbfb03d-3489-434f-b2ff-176126556357:c5]
2019-08-27 19:04:36,997 | INFO  | DNAudit | user=null | ip=null | op=CREATE_CONTAINER {containerID=3, containerType=KeyValueContainer} | ret=SUCCESS |  
2019-08-27 19:04:36,997 | INFO  | DNAudit | user=null | ip=null | op=CREATE_CONTAINER {containerID=3, containerType=KeyValueContainer} | ret=SUCCESS |  
2019-08-27 19:04:36,998 | INFO  | SCMAudit | user=jenkins1000 | ip=192.168.5.191 | op=SEND_HEARTBEAT {datanodeUUID=457b0f2b-feff-4639-91a3-a11070381d4f, command=[]} | ret=SUCCESS |  
2019-08-27 19:04:36,998 | INFO  | SCMAudit | user=jenkins1000 | ip=192.168.5.191 | op=SEND_HEARTBEAT {datanodeUUID=8dbfb03d-3489-434f-b2ff-176126556357, command=[]} | ret=SUCCESS |  
2019-08-27 19:04:37,033 | INFO  | SCMAudit | user=jenkins1000 | ip=192.168.5.191 | op=SEND_HEARTBEAT {datanodeUUID=7ffeb123-8a07-43fc-9bc5-d9b026895606, command=[]} | ret=SUCCESS |  
2019-08-27 19:04:37,100 | INFO  | SCMAudit | user=jenkins1000 | ip=192.168.5.191 | op=SEND_HEARTBEAT {datanodeUUID=38f28178-96e9-481f-bed8-cfb19f684f50, command=[]} | ret=SUCCESS |  
2019-08-27 19:04:37,204 | INFO  | SCMAudit | user=jenkins1000 | ip=192.168.5.191 | op=SEND_HEARTBEAT {datanodeUUID=1a6ef58e-b6d8-4916-b5f4-f66cad6b6cba, command=[]} | ret=SUCCESS |  
2019-08-27 19:04:37,327 | INFO  | SCMAudit | user=jenkins1000 | ip=192.168.5.191 | op=SEND_HEARTBEAT {datanodeUUID=3e80ec3d-d0df-446e-9c00-872113d57222, command=[]} | ret=SUCCESS |  
2019-08-27 19:04:37,980 | INFO  | SCMAudit | user=jenkins1000 | ip=192.168.5.191 | op=SEND_HEARTBEAT {datanodeUUID=d3c05237-bd84-4234-a934-0ba66750ea46, command=[]} | ret=SUCCESS |  
2019-08-27 19:04:37,998 | INFO  | SCMAudit | user=jenkins1000 | ip=192.168.5.191 | op=SEND_HEARTBEAT {datanodeUUID=8dbfb03d-3489-434f-b2ff-176126556357, command=[]} | ret=SUCCESS |  
2019-08-27 19:04:37,998 | INFO  | SCMAudit | user=jenkins1000 | ip=192.168.5.191 | op=SEND_HEARTBEAT {datanodeUUID=457b0f2b-feff-4639-91a3-a11070381d4f, command=[]} | ret=SUCCESS |  
2019-08-27 19:04:38,033 | INFO  | SCMAudit | user=jenkins1000 | ip=192.168.5.191 | op=SEND_HEARTBEAT {datanodeUUID=7ffeb123-8a07-43fc-9bc5-d9b026895606, command=[]} | ret=SUCCESS |  
2019-08-27 19:04:38,100 | INFO  | SCMAudit | user=jenkins1000 | ip=192.168.5.191 | op=SEND_HEARTBEAT {datanodeUUID=38f28178-96e9-481f-bed8-cfb19f684f50, command=[]} | ret=SUCCESS |  
2019-08-27 19:04:38,204 | INFO  | SCMAudit | user=jenkins1000 | ip=192.168.5.191 | op=SEND_HEARTBEAT {datanodeUUID=1a6ef58e-b6d8-4916-b5f4-f66cad6b6cba, command=[]} | ret=SUCCESS |  
2019-08-27 19:04:38,327 | INFO  | SCMAudit | user=jenkins1000 | ip=192.168.5.191 | op=SEND_HEARTBEAT {datanodeUUID=3e80ec3d-d0df-446e-9c00-872113d57222, command=[]} | ret=SUCCESS |  
2019-08-27 19:04:38,980 | INFO  | SCMAudit | user=jenkins1000 | ip=192.168.5.191 | op=SEND_HEARTBEAT {datanodeUUID=d3c05237-bd84-4234-a934-0ba66750ea46, command=[]} | ret=SUCCESS |  
2019-08-27 19:04:38,998 | INFO  | SCMAudit | user=jenkins1000 | ip=192.168.5.191 | op=SEND_HEARTBEAT {datanodeUUID=457b0f2b-feff-4639-91a3-a11070381d4f, command=[]} | ret=SUCCESS |  
2019-08-27 19:04:38,998 | INFO  | SCMAudit | user=jenkins1000 | ip=192.168.5.191 | op=SEND_HEARTBEAT {datanodeUUID=8dbfb03d-3489-434f-b2ff-176126556357, command=[]} | ret=SUCCESS |  
2019-08-27 19:04:39,033 | INFO  | SCMAudit | user=jenkins1000 | ip=192.168.5.191 | op=SEND_HEARTBEAT {datanodeUUID=7ffeb123-8a07-43fc-9bc5-d9b026895606, command=[]} | ret=SUCCESS |  
2019-08-27 19:04:39,100 | INFO  | SCMAudit | user=jenkins1000 | ip=192.168.5.191 | op=SEND_HEARTBEAT {datanodeUUID=38f28178-96e9-481f-bed8-cfb19f684f50, command=[]} | ret=SUCCESS |  
2019-08-27 19:04:39,204 | INFO  | SCMAudit | user=jenkins1000 | ip=192.168.5.191 | op=SEND_HEARTBEAT {datanodeUUID=1a6ef58e-b6d8-4916-b5f4-f66cad6b6cba, command=[]} | ret=SUCCESS |  
2019-08-27 19:04:39,327 | INFO  | SCMAudit | user=jenkins1000 | ip=192.168.5.191 | op=SEND_HEARTBEAT {datanodeUUID=3e80ec3d-d0df-446e-9c00-872113d57222, command=[]} | ret=SUCCESS |  
2019-08-27 19:04:39,980 | INFO  | SCMAudit | user=jenkins1000 | ip=192.168.5.191 | op=SEND_HEARTBEAT {datanodeUUID=d3c05237-bd84-4234-a934-0ba66750ea46, command=[]} | ret=SUCCESS |  
2019-08-27 19:04:39,998 | INFO  | SCMAudit | user=jenkins1000 | ip=192.168.5.191 | op=SEND_HEARTBEAT {datanodeUUID=8dbfb03d-3489-434f-b2ff-176126556357, command=[]} | ret=SUCCESS |  
2019-08-27 19:04:39,998 | INFO  | SCMAudit | user=jenkins1000 | ip=192.168.5.191 | op=SEND_HEARTBEAT {datanodeUUID=457b0f2b-feff-4639-91a3-a11070381d4f, command=[]} | ret=SUCCESS |  
2019-08-27 19:04:40,033 | INFO  | SCMAudit | user=jenkins1000 | ip=192.168.5.191 | op=SEND_HEARTBEAT {datanodeUUID=7ffeb123-8a07-43fc-9bc5-d9b026895606, command=[]} | ret=SUCCESS |  
2019-08-27 19:04:40,100 | INFO  | SCMAudit | user=jenkins1000 | ip=192.168.5.191 | op=SEND_HEARTBEAT {datanodeUUID=38f28178-96e9-481f-bed8-cfb19f684f50, command=[]} | ret=SUCCESS |  
2019-08-27 19:04:40,205 | INFO  | SCMAudit | user=jenkins1000 | ip=192.168.5.191 | op=SEND_HEARTBEAT {datanodeUUID=1a6ef58e-b6d8-4916-b5f4-f66cad6b6cba, command=[]} | ret=SUCCESS |  
2019-08-27 19:04:40,327 | INFO  | SCMAudit | user=jenkins1000 | ip=192.168.5.191 | op=SEND_HEARTBEAT {datanodeUUID=3e80ec3d-d0df-446e-9c00-872113d57222, command=[]} | ret=SUCCESS |  
2019-08-27 19:04:40,980 | INFO  | SCMAudit | user=jenkins1000 | ip=192.168.5.191 | op=SEND_HEARTBEAT {datanodeUUID=d3c05237-bd84-4234-a934-0ba66750ea46, command=[]} | ret=SUCCESS |  
2019-08-27 19:04:41,006 | INFO  | SCMAudit | user=jenkins1000 | ip=192.168.5.191 | op=SEND_HEARTBEAT {datanodeUUID=457b0f2b-feff-4639-91a3-a11070381d4f, command=[]} | ret=SUCCESS |  
2019-08-27 19:04:41,006 | INFO  | SCMAudit | user=jenkins1000 | ip=192.168.5.191 | op=SEND_HEARTBEAT {datanodeUUID=8dbfb03d-3489-434f-b2ff-176126556357, command=[]} | ret=SUCCESS |  
2019-08-27 19:04:41,033 | INFO  | SCMAudit | user=jenkins1000 | ip=192.168.5.191 | op=SEND_HEARTBEAT {datanodeUUID=7ffeb123-8a07-43fc-9bc5-d9b026895606, command=[]} | ret=SUCCESS |  
2019-08-27 19:04:41,100 | INFO  | SCMAudit | user=jenkins1000 | ip=192.168.5.191 | op=SEND_HEARTBEAT {datanodeUUID=38f28178-96e9-481f-bed8-cfb19f684f50, command=[]} | ret=SUCCESS |  
2019-08-27 19:04:41,206 | INFO  | SCMAudit | user=jenkins1000 | ip=192.168.5.191 | op=SEND_HEARTBEAT {datanodeUUID=1a6ef58e-b6d8-4916-b5f4-f66cad6b6cba, command=[]} | ret=SUCCESS |  
2019-08-27 19:04:41,327 | INFO  | SCMAudit | user=jenkins1000 | ip=192.168.5.191 | op=SEND_HEARTBEAT {datanodeUUID=3e80ec3d-d0df-446e-9c00-872113d57222, command=[]} | ret=SUCCESS |  
2019-08-27 19:04:41,980 | INFO  | SCMAudit | user=jenkins1000 | ip=192.168.5.191 | op=SEND_HEARTBEAT {datanodeUUID=d3c05237-bd84-4234-a934-0ba66750ea46, command=[]} | ret=SUCCESS |  
2019-08-27 19:04:42,006 | INFO  | SCMAudit | user=jenkins1000 | ip=192.168.5.191 | op=SEND_HEARTBEAT {datanodeUUID=457b0f2b-feff-4639-91a3-a11070381d4f, command=[]} | ret=SUCCESS |  
2019-08-27 19:04:42,006 | INFO  | SCMAudit | user=jenkins1000 | ip=192.168.5.191 | op=SEND_HEARTBEAT {datanodeUUID=8dbfb03d-3489-434f-b2ff-176126556357, command=[]} | ret=SUCCESS |  
2019-08-27 19:04:42,028 [grpc-default-executor-1] INFO  client.GrpcClientProtocolClient (GrpcClientProtocolClient.java:onNext(255)) - client-0C1CC1C50A7C->457b0f2b-feff-4639-91a3-a11070381d4f: receive RaftClientReply:client-0C1CC1C50A7C->457b0f2b-feff-4639-91a3-a11070381d4f@group-5A0C10B0A675, cid=45, FAILED org.apache.ratis.protocol.NotLeaderException: Server 457b0f2b-feff-4639-91a3-a11070381d4f is not the leader (d3c05237-bd84-4234-a934-0ba66750ea46:192.168.5.191:42272). Request must be sent to leader., logIndex=0, commits[457b0f2b-feff-4639-91a3-a11070381d4f:c8, d3c05237-bd84-4234-a934-0ba66750ea46:c8, 8dbfb03d-3489-434f-b2ff-176126556357:c8]
2019-08-27 19:04:42,038 | INFO  | SCMAudit | user=jenkins1000 | ip=192.168.5.191 | op=SEND_HEARTBEAT {datanodeUUID=7ffeb123-8a07-43fc-9bc5-d9b026895606, command=[]} | ret=SUCCESS |  
2019-08-27 19:04:42,099 | INFO  | SCMAudit | user=jenkins1000 | ip=192.168.5.191 | op=SEND_HEARTBEAT {datanodeUUID=38f28178-96e9-481f-bed8-cfb19f684f50, command=[]} | ret=SUCCESS |  
2019-08-27 19:04:42,207 | INFO  | SCMAudit | user=jenkins1000 | ip=192.168.5.191 | op=SEND_HEARTBEAT {datanodeUUID=1a6ef58e-b6d8-4916-b5f4-f66cad6b6cba, command=[]} | ret=SUCCESS |  
2019-08-27 19:04:42,327 | INFO  | SCMAudit | user=jenkins1000 | ip=192.168.5.191 | op=SEND_HEARTBEAT {datanodeUUID=3e80ec3d-d0df-446e-9c00-872113d57222, command=[]} | ret=SUCCESS |  
2019-08-27 19:04:42,979 | INFO  | SCMAudit | user=jenkins1000 | ip=192.168.5.191 | op=SEND_HEARTBEAT {datanodeUUID=d3c05237-bd84-4234-a934-0ba66750ea46, command=[]} | ret=SUCCESS |  
2019-08-27 19:04:43,006 | INFO  | SCMAudit | user=jenkins1000 | ip=192.168.5.191 | op=SEND_HEARTBEAT {datanodeUUID=8dbfb03d-3489-434f-b2ff-176126556357, command=[]} | ret=SUCCESS |  
2019-08-27 19:04:43,006 | INFO  | SCMAudit | user=jenkins1000 | ip=192.168.5.191 | op=SEND_HEARTBEAT {datanodeUUID=457b0f2b-feff-4639-91a3-a11070381d4f, command=[]} | ret=SUCCESS |  
2019-08-27 19:04:43,037 | INFO  | SCMAudit | user=jenkins1000 | ip=192.168.5.191 | op=SEND_HEARTBEAT {datanodeUUID=7ffeb123-8a07-43fc-9bc5-d9b026895606, command=[]} | ret=SUCCESS |  
2019-08-27 19:04:43,099 | INFO  | SCMAudit | user=jenkins1000 | ip=192.168.5.191 | op=SEND_HEARTBEAT {datanodeUUID=38f28178-96e9-481f-bed8-cfb19f684f50, command=[]} | ret=SUCCESS |  
2019-08-27 19:04:43,207 | INFO  | SCMAudit | user=jenkins1000 | ip=192.168.5.191 | op=SEND_HEARTBEAT {datanodeUUID=1a6ef58e-b6d8-4916-b5f4-f66cad6b6cba, command=[]} | ret=SUCCESS |  
2019-08-27 19:04:43,328 | INFO  | SCMAudit | user=jenkins1000 | ip=192.168.5.191 | op=SEND_HEARTBEAT {datanodeUUID=3e80ec3d-d0df-446e-9c00-872113d57222, command=[]} | ret=SUCCESS |  
2019-08-27 19:04:43,979 | INFO  | SCMAudit | user=jenkins1000 | ip=192.168.5.191 | op=SEND_HEARTBEAT {datanodeUUID=d3c05237-bd84-4234-a934-0ba66750ea46, command=[]} | ret=SUCCESS |  
2019-08-27 19:04:44,007 | INFO  | SCMAudit | user=jenkins1000 | ip=192.168.5.191 | op=SEND_HEARTBEAT {datanodeUUID=457b0f2b-feff-4639-91a3-a11070381d4f, command=[]} | ret=SUCCESS |  
2019-08-27 19:04:44,007 | INFO  | SCMAudit | user=jenkins1000 | ip=192.168.5.191 | op=SEND_HEARTBEAT {datanodeUUID=8dbfb03d-3489-434f-b2ff-176126556357, command=[]} | ret=SUCCESS |  
2019-08-27 19:04:44,038 | INFO  | SCMAudit | user=jenkins1000 | ip=192.168.5.191 | op=SEND_HEARTBEAT {datanodeUUID=7ffeb123-8a07-43fc-9bc5-d9b026895606, command=[]} | ret=SUCCESS |  
2019-08-27 19:04:44,099 | INFO  | SCMAudit | user=jenkins1000 | ip=192.168.5.191 | op=SEND_HEARTBEAT {datanodeUUID=38f28178-96e9-481f-bed8-cfb19f684f50, command=[]} | ret=SUCCESS |  
2019-08-27 19:04:44,208 | INFO  | SCMAudit | user=jenkins1000 | ip=192.168.5.191 | op=SEND_HEARTBEAT {datanodeUUID=1a6ef58e-b6d8-4916-b5f4-f66cad6b6cba, command=[]} | ret=SUCCESS |  
2019-08-27 19:04:44,328 | INFO  | SCMAudit | user=jenkins1000 | ip=192.168.5.191 | op=SEND_HEARTBEAT {datanodeUUID=3e80ec3d-d0df-446e-9c00-872113d57222, command=[]} | ret=SUCCESS |  
2019-08-27 19:04:44,979 | INFO  | SCMAudit | user=jenkins1000 | ip=192.168.5.191 | op=SEND_HEARTBEAT {datanodeUUID=d3c05237-bd84-4234-a934-0ba66750ea46, command=[]} | ret=SUCCESS |  
2019-08-27 19:04:45,007 | INFO  | SCMAudit | user=jenkins1000 | ip=192.168.5.191 | op=SEND_HEARTBEAT {datanodeUUID=457b0f2b-feff-4639-91a3-a11070381d4f, command=[]} | ret=SUCCESS |  
2019-08-27 19:04:45,007 | INFO  | SCMAudit | user=jenkins1000 | ip=192.168.5.191 | op=SEND_HEARTBEAT {datanodeUUID=8dbfb03d-3489-434f-b2ff-176126556357, command=[]} | ret=SUCCESS |  
2019-08-27 19:04:45,039 | INFO  | SCMAudit | user=jenkins1000 | ip=192.168.5.191 | op=SEND_HEARTBEAT {datanodeUUID=7ffeb123-8a07-43fc-9bc5-d9b026895606, command=[]} | ret=SUCCESS |  
2019-08-27 19:04:45,100 | INFO  | SCMAudit | user=jenkins1000 | ip=192.168.5.191 | op=SEND_HEARTBEAT {datanodeUUID=38f28178-96e9-481f-bed8-cfb19f684f50, command=[]} | ret=SUCCESS |  
2019-08-27 19:04:45,208 | INFO  | SCMAudit | user=jenkins1000 | ip=192.168.5.191 | op=SEND_HEARTBEAT {datanodeUUID=1a6ef58e-b6d8-4916-b5f4-f66cad6b6cba, command=[]} | ret=SUCCESS |  
2019-08-27 19:04:45,327 | INFO  | SCMAudit | user=jenkins1000 | ip=192.168.5.191 | op=SEND_HEARTBEAT {datanodeUUID=3e80ec3d-d0df-446e-9c00-872113d57222, command=[]} | ret=SUCCESS |  
2019-08-27 19:04:45,980 | INFO  | SCMAudit | user=jenkins1000 | ip=192.168.5.191 | op=SEND_HEARTBEAT {datanodeUUID=d3c05237-bd84-4234-a934-0ba66750ea46, command=[]} | ret=SUCCESS |  
2019-08-27 19:04:46,006 | INFO  | SCMAudit | user=jenkins1000 | ip=192.168.5.191 | op=SEND_HEARTBEAT {datanodeUUID=457b0f2b-feff-4639-91a3-a11070381d4f, command=[]} | ret=SUCCESS |  
2019-08-27 19:04:46,007 | INFO  | SCMAudit | user=jenkins1000 | ip=192.168.5.191 | op=SEND_HEARTBEAT {datanodeUUID=8dbfb03d-3489-434f-b2ff-176126556357, command=[]} | ret=SUCCESS |  
2019-08-27 19:04:46,039 | INFO  | SCMAudit | user=jenkins1000 | ip=192.168.5.191 | op=SEND_HEARTBEAT {datanodeUUID=7ffeb123-8a07-43fc-9bc5-d9b026895606, command=[]} | ret=SUCCESS |  
2019-08-27 19:04:46,102 | INFO  | SCMAudit | user=jenkins1000 | ip=192.168.5.191 | op=SEND_HEARTBEAT {datanodeUUID=38f28178-96e9-481f-bed8-cfb19f684f50, command=[]} | ret=SUCCESS |  
2019-08-27 19:04:46,209 | INFO  | SCMAudit | user=jenkins1000 | ip=192.168.5.191 | op=SEND_HEARTBEAT {datanodeUUID=1a6ef58e-b6d8-4916-b5f4-f66cad6b6cba, command=[]} | ret=SUCCESS |  
2019-08-27 19:04:46,327 | INFO  | SCMAudit | user=jenkins1000 | ip=192.168.5.191 | op=SEND_HEARTBEAT {datanodeUUID=3e80ec3d-d0df-446e-9c00-872113d57222, command=[]} | ret=SUCCESS |  
2019-08-27 19:04:46,980 | INFO  | SCMAudit | user=jenkins1000 | ip=192.168.5.191 | op=SEND_HEARTBEAT {datanodeUUID=d3c05237-bd84-4234-a934-0ba66750ea46, command=[]} | ret=SUCCESS |  
2019-08-27 19:04:47,006 | INFO  | SCMAudit | user=jenkins1000 | ip=192.168.5.191 | op=SEND_HEARTBEAT {datanodeUUID=457b0f2b-feff-4639-91a3-a11070381d4f, command=[]} | ret=SUCCESS |  
2019-08-27 19:04:47,007 | INFO  | SCMAudit | user=jenkins1000 | ip=192.168.5.191 | op=SEND_HEARTBEAT {datanodeUUID=8dbfb03d-3489-434f-b2ff-176126556357, command=[]} | ret=SUCCESS |  
2019-08-27 19:04:47,039 | INFO  | SCMAudit | user=jenkins1000 | ip=192.168.5.191 | op=SEND_HEARTBEAT {datanodeUUID=7ffeb123-8a07-43fc-9bc5-d9b026895606, command=[]} | ret=SUCCESS |  
2019-08-27 19:04:47,065 [grpc-default-executor-5] INFO  client.GrpcClientProtocolClient (GrpcClientProtocolClient.java:onNext(255)) - client-0C1CC1C50A7C->457b0f2b-feff-4639-91a3-a11070381d4f: receive RaftClientReply:client-0C1CC1C50A7C->457b0f2b-feff-4639-91a3-a11070381d4f@group-5A0C10B0A675, cid=45, FAILED org.apache.ratis.protocol.NotLeaderException: Server 457b0f2b-feff-4639-91a3-a11070381d4f is not the leader (d3c05237-bd84-4234-a934-0ba66750ea46:192.168.5.191:42272). Request must be sent to leader., logIndex=0, commits[457b0f2b-feff-4639-91a3-a11070381d4f:c8, d3c05237-bd84-4234-a934-0ba66750ea46:c8, 8dbfb03d-3489-434f-b2ff-176126556357:c8]
2019-08-27 19:04:47,102 | INFO  | SCMAudit | user=jenkins1000 | ip=192.168.5.191 | op=SEND_HEARTBEAT {datanodeUUID=38f28178-96e9-481f-bed8-cfb19f684f50, command=[]} | ret=SUCCESS |  
2019-08-27 19:04:47,209 | INFO  | SCMAudit | user=jenkins1000 | ip=192.168.5.191 | op=SEND_HEARTBEAT {datanodeUUID=1a6ef58e-b6d8-4916-b5f4-f66cad6b6cba, command=[]} | ret=SUCCESS |  
2019-08-27 19:04:47,328 | INFO  | SCMAudit | user=jenkins1000 | ip=192.168.5.191 | op=SEND_HEARTBEAT {datanodeUUID=3e80ec3d-d0df-446e-9c00-872113d57222, command=[]} | ret=SUCCESS |  
2019-08-27 19:04:47,981 | INFO  | SCMAudit | user=jenkins1000 | ip=192.168.5.191 | op=SEND_HEARTBEAT {datanodeUUID=d3c05237-bd84-4234-a934-0ba66750ea46, command=[]} | ret=SUCCESS |  
2019-08-27 19:04:48,006 | INFO  | SCMAudit | user=jenkins1000 | ip=192.168.5.191 | op=SEND_HEARTBEAT {datanodeUUID=457b0f2b-feff-4639-91a3-a11070381d4f, command=[]} | ret=SUCCESS |  
2019-08-27 19:04:48,007 | INFO  | SCMAudit | user=jenkins1000 | ip=192.168.5.191 | op=SEND_HEARTBEAT {datanodeUUID=8dbfb03d-3489-434f-b2ff-176126556357, command=[]} | ret=SUCCESS |  
2019-08-27 19:04:48,039 | INFO  | SCMAudit | user=jenkins1000 | ip=192.168.5.191 | op=SEND_HEARTBEAT {datanodeUUID=7ffeb123-8a07-43fc-9bc5-d9b026895606, command=[]} | ret=SUCCESS |  
2019-08-27 19:04:48,102 | INFO  | SCMAudit | user=jenkins1000 | ip=192.168.5.191 | op=SEND_HEARTBEAT {datanodeUUID=38f28178-96e9-481f-bed8-cfb19f684f50, command=[]} | ret=SUCCESS |  
2019-08-27 19:04:48,209 | INFO  | SCMAudit | user=jenkins1000 | ip=192.168.5.191 | op=SEND_HEARTBEAT {datanodeUUID=1a6ef58e-b6d8-4916-b5f4-f66cad6b6cba, command=[]} | ret=SUCCESS |  
2019-08-27 19:04:48,327 | INFO  | SCMAudit | user=jenkins1000 | ip=192.168.5.191 | op=SEND_HEARTBEAT {datanodeUUID=3e80ec3d-d0df-446e-9c00-872113d57222, command=[]} | ret=SUCCESS |  
2019-08-27 19:04:48,981 | INFO  | SCMAudit | user=jenkins1000 | ip=192.168.5.191 | op=SEND_HEARTBEAT {datanodeUUID=d3c05237-bd84-4234-a934-0ba66750ea46, command=[]} | ret=SUCCESS |  
2019-08-27 19:04:49,007 | INFO  | SCMAudit | user=jenkins1000 | ip=192.168.5.191 | op=SEND_HEARTBEAT {datanodeUUID=457b0f2b-feff-4639-91a3-a11070381d4f, command=[]} | ret=SUCCESS |  
2019-08-27 19:04:49,008 | INFO  | SCMAudit | user=jenkins1000 | ip=192.168.5.191 | op=SEND_HEARTBEAT {datanodeUUID=8dbfb03d-3489-434f-b2ff-176126556357, command=[]} | ret=SUCCESS |  
2019-08-27 19:04:49,039 | INFO  | SCMAudit | user=jenkins1000 | ip=192.168.5.191 | op=SEND_HEARTBEAT {datanodeUUID=7ffeb123-8a07-43fc-9bc5-d9b026895606, command=[]} | ret=SUCCESS |  
2019-08-27 19:04:49,101 | INFO  | SCMAudit | user=jenkins1000 | ip=192.168.5.191 | op=SEND_HEARTBEAT {datanodeUUID=38f28178-96e9-481f-bed8-cfb19f684f50, command=[]} | ret=SUCCESS |  
2019-08-27 19:04:49,209 | INFO  | SCMAudit | user=jenkins1000 | ip=192.168.5.191 | op=SEND_HEARTBEAT {datanodeUUID=1a6ef58e-b6d8-4916-b5f4-f66cad6b6cba, command=[]} | ret=SUCCESS |  
2019-08-27 19:04:49,328 | INFO  | SCMAudit | user=jenkins1000 | ip=192.168.5.191 | op=SEND_HEARTBEAT {datanodeUUID=3e80ec3d-d0df-446e-9c00-872113d57222, command=[]} | ret=SUCCESS |  
2019-08-27 19:04:49,981 | INFO  | SCMAudit | user=jenkins1000 | ip=192.168.5.191 | op=SEND_HEARTBEAT {datanodeUUID=d3c05237-bd84-4234-a934-0ba66750ea46, command=[]} | ret=SUCCESS |  
2019-08-27 19:04:50,008 | INFO  | SCMAudit | user=jenkins1000 | ip=192.168.5.191 | op=SEND_HEARTBEAT {datanodeUUID=457b0f2b-feff-4639-91a3-a11070381d4f, command=[]} | ret=SUCCESS |  
2019-08-27 19:04:50,008 | INFO  | SCMAudit | user=jenkins1000 | ip=192.168.5.191 | op=SEND_HEARTBEAT {datanodeUUID=8dbfb03d-3489-434f-b2ff-176126556357, command=[]} | ret=SUCCESS |  
2019-08-27 19:04:50,039 | INFO  | SCMAudit | user=jenkins1000 | ip=192.168.5.191 | op=SEND_HEARTBEAT {datanodeUUID=7ffeb123-8a07-43fc-9bc5-d9b026895606, command=[]} | ret=SUCCESS |  
2019-08-27 19:04:50,101 | INFO  | SCMAudit | user=jenkins1000 | ip=192.168.5.191 | op=SEND_HEARTBEAT {datanodeUUID=38f28178-96e9-481f-bed8-cfb19f684f50, command=[]} | ret=SUCCESS |  
2019-08-27 19:04:50,209 | INFO  | SCMAudit | user=jenkins1000 | ip=192.168.5.191 | op=SEND_HEARTBEAT {datanodeUUID=1a6ef58e-b6d8-4916-b5f4-f66cad6b6cba, command=[]} | ret=SUCCESS |  
2019-08-27 19:04:50,328 | INFO  | SCMAudit | user=jenkins1000 | ip=192.168.5.191 | op=SEND_HEARTBEAT {datanodeUUID=3e80ec3d-d0df-446e-9c00-872113d57222, command=[]} | ret=SUCCESS |  
2019-08-27 19:04:50,981 | INFO  | SCMAudit | user=jenkins1000 | ip=192.168.5.191 | op=SEND_HEARTBEAT {datanodeUUID=d3c05237-bd84-4234-a934-0ba66750ea46, command=[]} | ret=SUCCESS |  
2019-08-27 19:04:51,007 | INFO  | SCMAudit | user=jenkins1000 | ip=192.168.5.191 | op=SEND_HEARTBEAT {datanodeUUID=457b0f2b-feff-4639-91a3-a11070381d4f, command=[]} | ret=SUCCESS |  
2019-08-27 19:04:51,008 | INFO  | SCMAudit | user=jenkins1000 | ip=192.168.5.191 | op=SEND_HEARTBEAT {datanodeUUID=8dbfb03d-3489-434f-b2ff-176126556357, command=[]} | ret=SUCCESS |  
2019-08-27 19:04:51,039 | INFO  | SCMAudit | user=jenkins1000 | ip=192.168.5.191 | op=SEND_HEARTBEAT {datanodeUUID=7ffeb123-8a07-43fc-9bc5-d9b026895606, command=[]} | ret=SUCCESS |  
2019-08-27 19:04:51,101 | INFO  | SCMAudit | user=jenkins1000 | ip=192.168.5.191 | op=SEND_HEARTBEAT {datanodeUUID=38f28178-96e9-481f-bed8-cfb19f684f50, command=[]} | ret=SUCCESS |  
2019-08-27 19:04:51,209 | INFO  | SCMAudit | user=jenkins1000 | ip=192.168.5.191 | op=SEND_HEARTBEAT {datanodeUUID=1a6ef58e-b6d8-4916-b5f4-f66cad6b6cba, command=[]} | ret=SUCCESS |  
2019-08-27 19:04:51,327 | INFO  | SCMAudit | user=jenkins1000 | ip=192.168.5.191 | op=SEND_HEARTBEAT {datanodeUUID=3e80ec3d-d0df-446e-9c00-872113d57222, command=[]} | ret=SUCCESS |  
2019-08-27 19:04:51,982 | INFO  | SCMAudit | user=jenkins1000 | ip=192.168.5.191 | op=SEND_HEARTBEAT {datanodeUUID=d3c05237-bd84-4234-a934-0ba66750ea46, command=[]} | ret=SUCCESS |  
2019-08-27 19:04:52,007 | INFO  | SCMAudit | user=jenkins1000 | ip=192.168.5.191 | op=SEND_HEARTBEAT {datanodeUUID=457b0f2b-feff-4639-91a3-a11070381d4f, command=[]} | ret=SUCCESS |  
2019-08-27 19:04:52,009 | INFO  | SCMAudit | user=jenkins1000 | ip=192.168.5.191 | op=SEND_HEARTBEAT {datanodeUUID=8dbfb03d-3489-434f-b2ff-176126556357, command=[]} | ret=SUCCESS |  
2019-08-27 19:04:52,039 | INFO  | SCMAudit | user=jenkins1000 | ip=192.168.5.191 | op=SEND_HEARTBEAT {datanodeUUID=7ffeb123-8a07-43fc-9bc5-d9b026895606, command=[]} | ret=SUCCESS |  
2019-08-27 19:04:52,102 | INFO  | SCMAudit | user=jenkins1000 | ip=192.168.5.191 | op=SEND_HEARTBEAT {datanodeUUID=38f28178-96e9-481f-bed8-cfb19f684f50, command=[]} | ret=SUCCESS |  
2019-08-27 19:04:52,110 [grpc-default-executor-1] INFO  client.GrpcClientProtocolClient (GrpcClientProtocolClient.java:onNext(255)) - client-0C1CC1C50A7C->457b0f2b-feff-4639-91a3-a11070381d4f: receive RaftClientReply:client-0C1CC1C50A7C->457b0f2b-feff-4639-91a3-a11070381d4f@group-5A0C10B0A675, cid=45, FAILED org.apache.ratis.protocol.NotLeaderException: Server 457b0f2b-feff-4639-91a3-a11070381d4f is not the leader (d3c05237-bd84-4234-a934-0ba66750ea46:192.168.5.191:42272). Request must be sent to leader., logIndex=0, commits[457b0f2b-feff-4639-91a3-a11070381d4f:c8, d3c05237-bd84-4234-a934-0ba66750ea46:c8, 8dbfb03d-3489-434f-b2ff-176126556357:c8]
2019-08-27 19:04:52,209 | INFO  | SCMAudit | user=jenkins1000 | ip=192.168.5.191 | op=SEND_HEARTBEAT {datanodeUUID=1a6ef58e-b6d8-4916-b5f4-f66cad6b6cba, command=[]} | ret=SUCCESS |  
2019-08-27 19:04:52,327 | INFO  | SCMAudit | user=jenkins1000 | ip=192.168.5.191 | op=SEND_HEARTBEAT {datanodeUUID=3e80ec3d-d0df-446e-9c00-872113d57222, command=[]} | ret=SUCCESS |  
2019-08-27 19:04:52,981 | INFO  | SCMAudit | user=jenkins1000 | ip=192.168.5.191 | op=SEND_HEARTBEAT {datanodeUUID=d3c05237-bd84-4234-a934-0ba66750ea46, command=[]} | ret=SUCCESS |  
2019-08-27 19:04:53,008 | INFO  | SCMAudit | user=jenkins1000 | ip=192.168.5.191 | op=SEND_HEARTBEAT {datanodeUUID=457b0f2b-feff-4639-91a3-a11070381d4f, command=[]} | ret=SUCCESS |  
2019-08-27 19:04:53,008 | INFO  | SCMAudit | user=jenkins1000 | ip=192.168.5.191 | op=SEND_HEARTBEAT {datanodeUUID=8dbfb03d-3489-434f-b2ff-176126556357, command=[]} | ret=SUCCESS |  
2019-08-27 19:04:53,039 | INFO  | SCMAudit | user=jenkins1000 | ip=192.168.5.191 | op=SEND_HEARTBEAT {datanodeUUID=7ffeb123-8a07-43fc-9bc5-d9b026895606, command=[]} | ret=SUCCESS |  
2019-08-27 19:04:53,103 | INFO  | SCMAudit | user=jenkins1000 | ip=192.168.5.191 | op=SEND_HEARTBEAT {datanodeUUID=38f28178-96e9-481f-bed8-cfb19f684f50, command=[]} | ret=SUCCESS |  
2019-08-27 19:04:53,210 | INFO  | SCMAudit | user=jenkins1000 | ip=192.168.5.191 | op=SEND_HEARTBEAT {datanodeUUID=1a6ef58e-b6d8-4916-b5f4-f66cad6b6cba, command=[]} | ret=SUCCESS |  
2019-08-27 19:04:53,328 | INFO  | SCMAudit | user=jenkins1000 | ip=192.168.5.191 | op=SEND_HEARTBEAT {datanodeUUID=3e80ec3d-d0df-446e-9c00-872113d57222, command=[]} | ret=SUCCESS |  
2019-08-27 19:04:53,981 | INFO  | SCMAudit | user=jenkins1000 | ip=192.168.5.191 | op=SEND_HEARTBEAT {datanodeUUID=d3c05237-bd84-4234-a934-0ba66750ea46, command=[]} | ret=SUCCESS |  
2019-08-27 19:04:54,007 | INFO  | SCMAudit | user=jenkins1000 | ip=192.168.5.191 | op=SEND_HEARTBEAT {datanodeUUID=457b0f2b-feff-4639-91a3-a11070381d4f, command=[]} | ret=SUCCESS |  
2019-08-27 19:04:54,009 | INFO  | SCMAudit | user=jenkins1000 | ip=192.168.5.191 | op=SEND_HEARTBEAT {datanodeUUID=8dbfb03d-3489-434f-b2ff-176126556357, command=[]} | ret=SUCCESS |  
2019-08-27 19:04:54,039 | INFO  | SCMAudit | user=jenkins1000 | ip=192.168.5.191 | op=SEND_HEARTBEAT {datanodeUUID=7ffeb123-8a07-43fc-9bc5-d9b026895606, command=[]} | ret=SUCCESS |  
2019-08-27 19:04:54,103 | INFO  | SCMAudit | user=jenkins1000 | ip=192.168.5.191 | op=SEND_HEARTBEAT {datanodeUUID=38f28178-96e9-481f-bed8-cfb19f684f50, command=[]} | ret=SUCCESS |  
2019-08-27 19:04:54,211 | INFO  | SCMAudit | user=jenkins1000 | ip=192.168.5.191 | op=SEND_HEARTBEAT {datanodeUUID=1a6ef58e-b6d8-4916-b5f4-f66cad6b6cba, command=[]} | ret=SUCCESS |  
2019-08-27 19:04:54,329 | INFO  | SCMAudit | user=jenkins1000 | ip=192.168.5.191 | op=SEND_HEARTBEAT {datanodeUUID=3e80ec3d-d0df-446e-9c00-872113d57222, command=[]} | ret=SUCCESS |  
2019-08-27 19:04:54,981 | INFO  | SCMAudit | user=jenkins1000 | ip=192.168.5.191 | op=SEND_HEARTBEAT {datanodeUUID=d3c05237-bd84-4234-a934-0ba66750ea46, command=[]} | ret=SUCCESS |  
2019-08-27 19:04:55,007 | INFO  | SCMAudit | user=jenkins1000 | ip=192.168.5.191 | op=SEND_HEARTBEAT {datanodeUUID=457b0f2b-feff-4639-91a3-a11070381d4f, command=[]} | ret=SUCCESS |  
2019-08-27 19:04:55,008 | INFO  | SCMAudit | user=jenkins1000 | ip=192.168.5.191 | op=SEND_HEARTBEAT {datanodeUUID=8dbfb03d-3489-434f-b2ff-176126556357, command=[]} | ret=SUCCESS |  
2019-08-27 19:04:55,039 | INFO  | SCMAudit | user=jenkins1000 | ip=192.168.5.191 | op=SEND_HEARTBEAT {datanodeUUID=7ffeb123-8a07-43fc-9bc5-d9b026895606, command=[]} | ret=SUCCESS |  
2019-08-27 19:04:55,106 | INFO  | SCMAudit | user=jenkins1000 | ip=192.168.5.191 | op=SEND_HEARTBEAT {datanodeUUID=38f28178-96e9-481f-bed8-cfb19f684f50, command=[]} | ret=SUCCESS |  
2019-08-27 19:04:55,210 | INFO  | SCMAudit | user=jenkins1000 | ip=192.168.5.191 | op=SEND_HEARTBEAT {datanodeUUID=1a6ef58e-b6d8-4916-b5f4-f66cad6b6cba, command=[]} | ret=SUCCESS |  
2019-08-27 19:04:55,329 | INFO  | SCMAudit | user=jenkins1000 | ip=192.168.5.191 | op=SEND_HEARTBEAT {datanodeUUID=3e80ec3d-d0df-446e-9c00-872113d57222, command=[]} | ret=SUCCESS |  
2019-08-27 19:04:55,982 | INFO  | SCMAudit | user=jenkins1000 | ip=192.168.5.191 | op=SEND_HEARTBEAT {datanodeUUID=d3c05237-bd84-4234-a934-0ba66750ea46, command=[]} | ret=SUCCESS |  
2019-08-27 19:04:56,007 | INFO  | SCMAudit | user=jenkins1000 | ip=192.168.5.191 | op=SEND_HEARTBEAT {datanodeUUID=457b0f2b-feff-4639-91a3-a11070381d4f, command=[]} | ret=SUCCESS |  
2019-08-27 19:04:56,008 | INFO  | SCMAudit | user=jenkins1000 | ip=192.168.5.191 | op=SEND_HEARTBEAT {datanodeUUID=8dbfb03d-3489-434f-b2ff-176126556357, command=[]} | ret=SUCCESS |  
2019-08-27 19:04:56,039 | INFO  | SCMAudit | user=jenkins1000 | ip=192.168.5.191 | op=SEND_HEARTBEAT {datanodeUUID=7ffeb123-8a07-43fc-9bc5-d9b026895606, command=[]} | ret=SUCCESS |  
2019-08-27 19:04:56,106 | INFO  | SCMAudit | user=jenkins1000 | ip=192.168.5.191 | op=SEND_HEARTBEAT {datanodeUUID=38f28178-96e9-481f-bed8-cfb19f684f50, command=[]} | ret=SUCCESS |  
2019-08-27 19:04:56,210 | INFO  | SCMAudit | user=jenkins1000 | ip=192.168.5.191 | op=SEND_HEARTBEAT {datanodeUUID=1a6ef58e-b6d8-4916-b5f4-f66cad6b6cba, command=[]} | ret=SUCCESS |  
2019-08-27 19:04:56,328 | INFO  | SCMAudit | user=jenkins1000 | ip=192.168.5.191 | op=SEND_HEARTBEAT {datanodeUUID=3e80ec3d-d0df-446e-9c00-872113d57222, command=[]} | ret=SUCCESS |  
2019-08-27 19:04:56,981 | INFO  | SCMAudit | user=jenkins1000 | ip=192.168.5.191 | op=SEND_HEARTBEAT {datanodeUUID=d3c05237-bd84-4234-a934-0ba66750ea46, command=[]} | ret=SUCCESS |  
2019-08-27 19:04:57,007 | INFO  | SCMAudit | user=jenkins1000 | ip=192.168.5.191 | op=SEND_HEARTBEAT {datanodeUUID=457b0f2b-feff-4639-91a3-a11070381d4f, command=[]} | ret=SUCCESS |  
2019-08-27 19:04:57,008 | INFO  | SCMAudit | user=jenkins1000 | ip=192.168.5.191 | op=SEND_HEARTBEAT {datanodeUUID=8dbfb03d-3489-434f-b2ff-176126556357, command=[]} | ret=SUCCESS |  
2019-08-27 19:04:57,039 | INFO  | SCMAudit | user=jenkins1000 | ip=192.168.5.191 | op=SEND_HEARTBEAT {datanodeUUID=7ffeb123-8a07-43fc-9bc5-d9b026895606, command=[]} | ret=SUCCESS |  
2019-08-27 19:04:57,107 | INFO  | SCMAudit | user=jenkins1000 | ip=192.168.5.191 | op=SEND_HEARTBEAT {datanodeUUID=38f28178-96e9-481f-bed8-cfb19f684f50, command=[]} | ret=SUCCESS |  
2019-08-27 19:04:57,150 [grpc-default-executor-5] INFO  client.GrpcClientProtocolClient (GrpcClientProtocolClient.java:onNext(255)) - client-0C1CC1C50A7C->457b0f2b-feff-4639-91a3-a11070381d4f: receive RaftClientReply:client-0C1CC1C50A7C->457b0f2b-feff-4639-91a3-a11070381d4f@group-5A0C10B0A675, cid=45, FAILED org.apache.ratis.protocol.NotLeaderException: Server 457b0f2b-feff-4639-91a3-a11070381d4f is not the leader (d3c05237-bd84-4234-a934-0ba66750ea46:192.168.5.191:42272). Request must be sent to leader., logIndex=0, commits[457b0f2b-feff-4639-91a3-a11070381d4f:c8, d3c05237-bd84-4234-a934-0ba66750ea46:c8, 8dbfb03d-3489-434f-b2ff-176126556357:c8]
2019-08-27 19:04:57,210 | INFO  | SCMAudit | user=jenkins1000 | ip=192.168.5.191 | op=SEND_HEARTBEAT {datanodeUUID=1a6ef58e-b6d8-4916-b5f4-f66cad6b6cba, command=[]} | ret=SUCCESS |  
2019-08-27 19:04:57,328 | INFO  | SCMAudit | user=jenkins1000 | ip=192.168.5.191 | op=SEND_HEARTBEAT {datanodeUUID=3e80ec3d-d0df-446e-9c00-872113d57222, command=[]} | ret=SUCCESS |  
2019-08-27 19:04:57,982 | INFO  | SCMAudit | user=jenkins1000 | ip=192.168.5.191 | op=SEND_HEARTBEAT {datanodeUUID=d3c05237-bd84-4234-a934-0ba66750ea46, command=[]} | ret=SUCCESS |  
2019-08-27 19:04:58,008 | INFO  | SCMAudit | user=jenkins1000 | ip=192.168.5.191 | op=SEND_HEARTBEAT {datanodeUUID=457b0f2b-feff-4639-91a3-a11070381d4f, command=[]} | ret=SUCCESS |  
2019-08-27 19:04:58,008 | INFO  | SCMAudit | user=jenkins1000 | ip=192.168.5.191 | op=SEND_HEARTBEAT {datanodeUUID=8dbfb03d-3489-434f-b2ff-176126556357, command=[]} | ret=SUCCESS |  
2019-08-27 19:04:58,039 | INFO  | SCMAudit | user=jenkins1000 | ip=192.168.5.191 | op=SEND_HEARTBEAT {datanodeUUID=7ffeb123-8a07-43fc-9bc5-d9b026895606, command=[]} | ret=SUCCESS |  
2019-08-27 19:04:58,108 | INFO  | SCMAudit | user=jenkins1000 | ip=192.168.5.191 | op=SEND_HEARTBEAT {datanodeUUID=38f28178-96e9-481f-bed8-cfb19f684f50, command=[]} | ret=SUCCESS |  
2019-08-27 19:04:58,210 | INFO  | SCMAudit | user=jenkins1000 | ip=192.168.5.191 | op=SEND_HEARTBEAT {datanodeUUID=1a6ef58e-b6d8-4916-b5f4-f66cad6b6cba, command=[]} | ret=SUCCESS |  
2019-08-27 19:04:58,328 | INFO  | SCMAudit | user=jenkins1000 | ip=192.168.5.191 | op=SEND_HEARTBEAT {datanodeUUID=3e80ec3d-d0df-446e-9c00-872113d57222, command=[]} | ret=SUCCESS |  
2019-08-27 19:04:58,983 | INFO  | SCMAudit | user=jenkins1000 | ip=192.168.5.191 | op=SEND_HEARTBEAT {datanodeUUID=d3c05237-bd84-4234-a934-0ba66750ea46, command=[]} | ret=SUCCESS |  
2019-08-27 19:04:59,008 | INFO  | SCMAudit | user=jenkins1000 | ip=192.168.5.191 | op=SEND_HEARTBEAT {datanodeUUID=457b0f2b-feff-4639-91a3-a11070381d4f, command=[]} | ret=SUCCESS |  
2019-08-27 19:04:59,008 | INFO  | SCMAudit | user=jenkins1000 | ip=192.168.5.191 | op=SEND_HEARTBEAT {datanodeUUID=8dbfb03d-3489-434f-b2ff-176126556357, command=[]} | ret=SUCCESS |  
2019-08-27 19:04:59,039 | INFO  | SCMAudit | user=jenkins1000 | ip=192.168.5.191 | op=SEND_HEARTBEAT {datanodeUUID=7ffeb123-8a07-43fc-9bc5-d9b026895606, command=[]} | ret=SUCCESS |  
2019-08-27 19:04:59,108 | INFO  | SCMAudit | user=jenkins1000 | ip=192.168.5.191 | op=SEND_HEARTBEAT {datanodeUUID=38f28178-96e9-481f-bed8-cfb19f684f50, command=[]} | ret=SUCCESS |  
2019-08-27 19:04:59,210 | INFO  | SCMAudit | user=jenkins1000 | ip=192.168.5.191 | op=SEND_HEARTBEAT {datanodeUUID=1a6ef58e-b6d8-4916-b5f4-f66cad6b6cba, command=[]} | ret=SUCCESS |  
2019-08-27 19:04:59,328 | INFO  | SCMAudit | user=jenkins1000 | ip=192.168.5.191 | op=SEND_HEARTBEAT {datanodeUUID=3e80ec3d-d0df-446e-9c00-872113d57222, command=[]} | ret=SUCCESS |  
2019-08-27 19:04:59,983 | INFO  | SCMAudit | user=jenkins1000 | ip=192.168.5.191 | op=SEND_HEARTBEAT {datanodeUUID=d3c05237-bd84-4234-a934-0ba66750ea46, command=[]} | ret=SUCCESS |  
2019-08-27 19:05:00,007 | INFO  | SCMAudit | user=jenkins1000 | ip=192.168.5.191 | op=SEND_HEARTBEAT {datanodeUUID=457b0f2b-feff-4639-91a3-a11070381d4f, command=[]} | ret=SUCCESS |  
2019-08-27 19:05:00,007 | INFO  | SCMAudit | user=jenkins1000 | ip=192.168.5.191 | op=SEND_HEARTBEAT {datanodeUUID=8dbfb03d-3489-434f-b2ff-176126556357, command=[]} | ret=SUCCESS |  
2019-08-27 19:05:00,039 | INFO  | SCMAudit | user=jenkins1000 | ip=192.168.5.191 | op=SEND_HEARTBEAT {datanodeUUID=7ffeb123-8a07-43fc-9bc5-d9b026895606, command=[]} | ret=SUCCESS |  
2019-08-27 19:05:00,107 | INFO  | SCMAudit | user=jenkins1000 | ip=192.168.5.191 | op=SEND_HEARTBEAT {datanodeUUID=38f28178-96e9-481f-bed8-cfb19f684f50, command=[]} | ret=SUCCESS |  
2019-08-27 19:05:00,210 | INFO  | SCMAudit | user=jenkins1000 | ip=192.168.5.191 | op=SEND_HEARTBEAT {datanodeUUID=1a6ef58e-b6d8-4916-b5f4-f66cad6b6cba, command=[]} | ret=SUCCESS |  
2019-08-27 19:05:00,329 | INFO  | SCMAudit | user=jenkins1000 | ip=192.168.5.191 | op=SEND_HEARTBEAT {datanodeUUID=3e80ec3d-d0df-446e-9c00-872113d57222, command=[]} | ret=SUCCESS |  
2019-08-27 19:05:00,983 | INFO  | SCMAudit | user=jenkins1000 | ip=192.168.5.191 | op=SEND_HEARTBEAT {datanodeUUID=d3c05237-bd84-4234-a934-0ba66750ea46, command=[]} | ret=SUCCESS |  
2019-08-27 19:05:01,007 | INFO  | SCMAudit | user=jenkins1000 | ip=192.168.5.191 | op=SEND_HEARTBEAT {datanodeUUID=457b0f2b-feff-4639-91a3-a11070381d4f, command=[]} | ret=SUCCESS |  
2019-08-27 19:05:01,007 | INFO  | SCMAudit | user=jenkins1000 | ip=192.168.5.191 | op=SEND_HEARTBEAT {datanodeUUID=8dbfb03d-3489-434f-b2ff-176126556357, command=[]} | ret=SUCCESS |  
2019-08-27 19:05:01,039 | INFO  | SCMAudit | user=jenkins1000 | ip=192.168.5.191 | op=SEND_HEARTBEAT {datanodeUUID=7ffeb123-8a07-43fc-9bc5-d9b026895606, command=[]} | ret=SUCCESS |  
2019-08-27 19:05:01,107 | INFO  | SCMAudit | user=jenkins1000 | ip=192.168.5.191 | op=SEND_HEARTBEAT {datanodeUUID=38f28178-96e9-481f-bed8-cfb19f684f50, command=[]} | ret=SUCCESS |  
2019-08-27 19:05:01,210 | INFO  | SCMAudit | user=jenkins1000 | ip=192.168.5.191 | op=SEND_HEARTBEAT {datanodeUUID=1a6ef58e-b6d8-4916-b5f4-f66cad6b6cba, command=[]} | ret=SUCCESS |  
2019-08-27 19:05:01,330 | INFO  | SCMAudit | user=jenkins1000 | ip=192.168.5.191 | op=SEND_HEARTBEAT {datanodeUUID=3e80ec3d-d0df-446e-9c00-872113d57222, command=[]} | ret=SUCCESS |  
2019-08-27 19:05:01,982 | INFO  | SCMAudit | user=jenkins1000 | ip=192.168.5.191 | op=SEND_HEARTBEAT {datanodeUUID=d3c05237-bd84-4234-a934-0ba66750ea46, command=[]} | ret=SUCCESS |  
2019-08-27 19:05:02,007 | INFO  | SCMAudit | user=jenkins1000 | ip=192.168.5.191 | op=SEND_HEARTBEAT {datanodeUUID=457b0f2b-feff-4639-91a3-a11070381d4f, command=[]} | ret=SUCCESS |  
2019-08-27 19:05:02,007 | INFO  | SCMAudit | user=jenkins1000 | ip=192.168.5.191 | op=SEND_HEARTBEAT {datanodeUUID=8dbfb03d-3489-434f-b2ff-176126556357, command=[]} | ret=SUCCESS |  
2019-08-27 19:05:02,040 | INFO  | SCMAudit | user=jenkins1000 | ip=192.168.5.191 | op=SEND_HEARTBEAT {datanodeUUID=7ffeb123-8a07-43fc-9bc5-d9b026895606, command=[]} | ret=SUCCESS |  
2019-08-27 19:05:02,109 | INFO  | SCMAudit | user=jenkins1000 | ip=192.168.5.191 | op=SEND_HEARTBEAT {datanodeUUID=38f28178-96e9-481f-bed8-cfb19f684f50, command=[]} | ret=SUCCESS |  
2019-08-27 19:05:02,193 [grpc-default-executor-1] INFO  client.GrpcClientProtocolClient (GrpcClientProtocolClient.java:onNext(255)) - client-0C1CC1C50A7C->8dbfb03d-3489-434f-b2ff-176126556357: receive RaftClientReply:client-0C1CC1C50A7C->8dbfb03d-3489-434f-b2ff-176126556357@group-5A0C10B0A675, cid=45, FAILED org.apache.ratis.protocol.NotLeaderException: Server 8dbfb03d-3489-434f-b2ff-176126556357 is not the leader (d3c05237-bd84-4234-a934-0ba66750ea46:192.168.5.191:42272). Request must be sent to leader., logIndex=0, commits[8dbfb03d-3489-434f-b2ff-176126556357:c8, 457b0f2b-feff-4639-91a3-a11070381d4f:c8, d3c05237-bd84-4234-a934-0ba66750ea46:c8]
2019-08-27 19:05:02,210 | INFO  | SCMAudit | user=jenkins1000 | ip=192.168.5.191 | op=SEND_HEARTBEAT {datanodeUUID=1a6ef58e-b6d8-4916-b5f4-f66cad6b6cba, command=[]} | ret=SUCCESS |  
2019-08-27 19:05:02,329 | INFO  | SCMAudit | user=jenkins1000 | ip=192.168.5.191 | op=SEND_HEARTBEAT {datanodeUUID=3e80ec3d-d0df-446e-9c00-872113d57222, command=[]} | ret=SUCCESS |  
2019-08-27 19:05:02,982 | INFO  | SCMAudit | user=jenkins1000 | ip=192.168.5.191 | op=SEND_HEARTBEAT {datanodeUUID=d3c05237-bd84-4234-a934-0ba66750ea46, command=[]} | ret=SUCCESS |  
2019-08-27 19:05:03,007 | INFO  | SCMAudit | user=jenkins1000 | ip=192.168.5.191 | op=SEND_HEARTBEAT {datanodeUUID=457b0f2b-feff-4639-91a3-a11070381d4f, command=[]} | ret=SUCCESS |  
2019-08-27 19:05:03,008 | INFO  | SCMAudit | user=jenkins1000 | ip=192.168.5.191 | op=SEND_HEARTBEAT {datanodeUUID=8dbfb03d-3489-434f-b2ff-176126556357, command=[]} | ret=SUCCESS |  
2019-08-27 19:05:03,040 | INFO  | SCMAudit | user=jenkins1000 | ip=192.168.5.191 | op=SEND_HEARTBEAT {datanodeUUID=7ffeb123-8a07-43fc-9bc5-d9b026895606, command=[]} | ret=SUCCESS |  
2019-08-27 19:05:03,108 | INFO  | SCMAudit | user=jenkins1000 | ip=192.168.5.191 | op=SEND_HEARTBEAT {datanodeUUID=38f28178-96e9-481f-bed8-cfb19f684f50, command=[]} | ret=SUCCESS |  
2019-08-27 19:05:03,211 | INFO  | SCMAudit | user=jenkins1000 | ip=192.168.5.191 | op=SEND_HEARTBEAT {datanodeUUID=1a6ef58e-b6d8-4916-b5f4-f66cad6b6cba, command=[]} | ret=SUCCESS |  
2019-08-27 19:05:03,330 | INFO  | SCMAudit | user=jenkins1000 | ip=192.168.5.191 | op=SEND_HEARTBEAT {datanodeUUID=3e80ec3d-d0df-446e-9c00-872113d57222, command=[]} | ret=SUCCESS |  
2019-08-27 19:05:03,983 | INFO  | SCMAudit | user=jenkins1000 | ip=192.168.5.191 | op=SEND_HEARTBEAT {datanodeUUID=d3c05237-bd84-4234-a934-0ba66750ea46, command=[]} | ret=SUCCESS |  
2019-08-27 19:05:04,007 | INFO  | SCMAudit | user=jenkins1000 | ip=192.168.5.191 | op=SEND_HEARTBEAT {datanodeUUID=457b0f2b-feff-4639-91a3-a11070381d4f, command=[]} | ret=SUCCESS |  
2019-08-27 19:05:04,007 | INFO  | SCMAudit | user=jenkins1000 | ip=192.168.5.191 | op=SEND_HEARTBEAT {datanodeUUID=8dbfb03d-3489-434f-b2ff-176126556357, command=[]} | ret=SUCCESS |  
2019-08-27 19:05:04,040 | INFO  | SCMAudit | user=jenkins1000 | ip=192.168.5.191 | op=SEND_HEARTBEAT {datanodeUUID=7ffeb123-8a07-43fc-9bc5-d9b026895606, command=[]} | ret=SUCCESS |  
2019-08-27 19:05:04,107 | INFO  | SCMAudit | user=jenkins1000 | ip=192.168.5.191 | op=SEND_HEARTBEAT {datanodeUUID=38f28178-96e9-481f-bed8-cfb19f684f50, command=[]} | ret=SUCCESS |  
2019-08-27 19:05:04,210 | INFO  | SCMAudit | user=jenkins1000 | ip=192.168.5.191 | op=SEND_HEARTBEAT {datanodeUUID=1a6ef58e-b6d8-4916-b5f4-f66cad6b6cba, command=[]} | ret=SUCCESS |  
2019-08-27 19:05:04,330 | INFO  | SCMAudit | user=jenkins1000 | ip=192.168.5.191 | op=SEND_HEARTBEAT {datanodeUUID=3e80ec3d-d0df-446e-9c00-872113d57222, command=[]} | ret=SUCCESS |  
2019-08-27 19:05:04,982 | INFO  | SCMAudit | user=jenkins1000 | ip=192.168.5.191 | op=SEND_HEARTBEAT {datanodeUUID=d3c05237-bd84-4234-a934-0ba66750ea46, command=[]} | ret=SUCCESS |  
2019-08-27 19:05:05,007 | INFO  | SCMAudit | user=jenkins1000 | ip=192.168.5.191 | op=SEND_HEARTBEAT {datanodeUUID=457b0f2b-feff-4639-91a3-a11070381d4f, command=[]} | ret=SUCCESS |  
2019-08-27 19:05:05,008 | INFO  | SCMAudit | user=jenkins1000 | ip=192.168.5.191 | op=SEND_HEARTBEAT {datanodeUUID=8dbfb03d-3489-434f-b2ff-176126556357, command=[]} | ret=SUCCESS |  
2019-08-27 19:05:05,040 | INFO  | SCMAudit | user=jenkins1000 | ip=192.168.5.191 | op=SEND_HEARTBEAT {datanodeUUID=7ffeb123-8a07-43fc-9bc5-d9b026895606, command=[]} | ret=SUCCESS |  
2019-08-27 19:05:05,108 | INFO  | SCMAudit | user=jenkins1000 | ip=192.168.5.191 | op=SEND_HEARTBEAT {datanodeUUID=38f28178-96e9-481f-bed8-cfb19f684f50, command=[]} | ret=SUCCESS |  
2019-08-27 19:05:05,211 | INFO  | SCMAudit | user=jenkins1000 | ip=192.168.5.191 | op=SEND_HEARTBEAT {datanodeUUID=1a6ef58e-b6d8-4916-b5f4-f66cad6b6cba, command=[]} | ret=SUCCESS |  
2019-08-27 19:05:05,329 | INFO  | SCMAudit | user=jenkins1000 | ip=192.168.5.191 | op=SEND_HEARTBEAT {datanodeUUID=3e80ec3d-d0df-446e-9c00-872113d57222, command=[]} | ret=SUCCESS |  
2019-08-27 19:05:05,982 | INFO  | SCMAudit | user=jenkins1000 | ip=192.168.5.191 | op=SEND_HEARTBEAT {datanodeUUID=d3c05237-bd84-4234-a934-0ba66750ea46, command=[]} | ret=SUCCESS |  
2019-08-27 19:05:06,008 | INFO  | SCMAudit | user=jenkins1000 | ip=192.168.5.191 | op=SEND_HEARTBEAT {datanodeUUID=457b0f2b-feff-4639-91a3-a11070381d4f, command=[]} | ret=SUCCESS |  
2019-08-27 19:05:06,009 | INFO  | SCMAudit | user=jenkins1000 | ip=192.168.5.191 | op=SEND_HEARTBEAT {datanodeUUID=8dbfb03d-3489-434f-b2ff-176126556357, command=[]} | ret=SUCCESS |  
2019-08-27 19:05:06,040 | INFO  | SCMAudit | user=jenkins1000 | ip=192.168.5.191 | op=SEND_HEARTBEAT {datanodeUUID=7ffeb123-8a07-43fc-9bc5-d9b026895606, command=[]} | ret=SUCCESS |  
2019-08-27 19:05:06,108 | INFO  | SCMAudit | user=jenkins1000 | ip=192.168.5.191 | op=SEND_HEARTBEAT {datanodeUUID=38f28178-96e9-481f-bed8-cfb19f684f50, command=[]} | ret=SUCCESS |  
2019-08-27 19:05:06,212 | INFO  | SCMAudit | user=jenkins1000 | ip=192.168.5.191 | op=SEND_HEARTBEAT {datanodeUUID=1a6ef58e-b6d8-4916-b5f4-f66cad6b6cba, command=[]} | ret=SUCCESS |  
2019-08-27 19:05:06,329 | INFO  | SCMAudit | user=jenkins1000 | ip=192.168.5.191 | op=SEND_HEARTBEAT {datanodeUUID=3e80ec3d-d0df-446e-9c00-872113d57222, command=[]} | ret=SUCCESS |  
2019-08-27 19:05:06,982 | INFO  | SCMAudit | user=jenkins1000 | ip=192.168.5.191 | op=SEND_HEARTBEAT {datanodeUUID=d3c05237-bd84-4234-a934-0ba66750ea46, command=[]} | ret=SUCCESS |  
2019-08-27 19:05:07,008 | INFO  | SCMAudit | user=jenkins1000 | ip=192.168.5.191 | op=SEND_HEARTBEAT {datanodeUUID=457b0f2b-feff-4639-91a3-a11070381d4f, command=[]} | ret=SUCCESS |  
2019-08-27 19:05:07,009 | INFO  | SCMAudit | user=jenkins1000 | ip=192.168.5.191 | op=SEND_HEARTBEAT {datanodeUUID=8dbfb03d-3489-434f-b2ff-176126556357, command=[]} | ret=SUCCESS |  
2019-08-27 19:05:07,041 | INFO  | SCMAudit | user=jenkins1000 | ip=192.168.5.191 | op=SEND_HEARTBEAT {datanodeUUID=7ffeb123-8a07-43fc-9bc5-d9b026895606, command=[]} | ret=SUCCESS |  
2019-08-27 19:05:07,108 | INFO  | SCMAudit | user=jenkins1000 | ip=192.168.5.191 | op=SEND_HEARTBEAT {datanodeUUID=38f28178-96e9-481f-bed8-cfb19f684f50, command=[]} | ret=SUCCESS |  
2019-08-27 19:05:07,212 | INFO  | SCMAudit | user=jenkins1000 | ip=192.168.5.191 | op=SEND_HEARTBEAT {datanodeUUID=1a6ef58e-b6d8-4916-b5f4-f66cad6b6cba, command=[]} | ret=SUCCESS |  
2019-08-27 19:05:07,233 [grpc-default-executor-1] INFO  client.GrpcClientProtocolClient (GrpcClientProtocolClient.java:onNext(255)) - client-0C1CC1C50A7C->457b0f2b-feff-4639-91a3-a11070381d4f: receive RaftClientReply:client-0C1CC1C50A7C->457b0f2b-feff-4639-91a3-a11070381d4f@group-5A0C10B0A675, cid=45, FAILED org.apache.ratis.protocol.NotLeaderException: Server 457b0f2b-feff-4639-91a3-a11070381d4f is not the leader (d3c05237-bd84-4234-a934-0ba66750ea46:192.168.5.191:42272). Request must be sent to leader., logIndex=0, commits[457b0f2b-feff-4639-91a3-a11070381d4f:c8, d3c05237-bd84-4234-a934-0ba66750ea46:c8, 8dbfb03d-3489-434f-b2ff-176126556357:c8]
2019-08-27 19:05:07,331 | INFO  | SCMAudit | user=jenkins1000 | ip=192.168.5.191 | op=SEND_HEARTBEAT {datanodeUUID=3e80ec3d-d0df-446e-9c00-872113d57222, command=[]} | ret=SUCCESS |  
2019-08-27 19:05:07,982 | INFO  | SCMAudit | user=jenkins1000 | ip=192.168.5.191 | op=SEND_HEARTBEAT {datanodeUUID=d3c05237-bd84-4234-a934-0ba66750ea46, command=[]} | ret=SUCCESS |  
2019-08-27 19:05:08,008 | INFO  | SCMAudit | user=jenkins1000 | ip=192.168.5.191 | op=SEND_HEARTBEAT {datanodeUUID=457b0f2b-feff-4639-91a3-a11070381d4f, command=[]} | ret=SUCCESS |  
2019-08-27 19:05:08,009 | INFO  | SCMAudit | user=jenkins1000 | ip=192.168.5.191 | op=SEND_HEARTBEAT {datanodeUUID=8dbfb03d-3489-434f-b2ff-176126556357, command=[]} | ret=SUCCESS |  
2019-08-27 19:05:08,041 | INFO  | SCMAudit | user=jenkins1000 | ip=192.168.5.191 | op=SEND_HEARTBEAT {datanodeUUID=7ffeb123-8a07-43fc-9bc5-d9b026895606, command=[]} | ret=SUCCESS |  
2019-08-27 19:05:08,111 | INFO  | SCMAudit | user=jenkins1000 | ip=192.168.5.191 | op=SEND_HEARTBEAT {datanodeUUID=38f28178-96e9-481f-bed8-cfb19f684f50, command=[]} | ret=SUCCESS |  
2019-08-27 19:05:08,213 | INFO  | SCMAudit | user=jenkins1000 | ip=192.168.5.191 | op=SEND_HEARTBEAT {datanodeUUID=1a6ef58e-b6d8-4916-b5f4-f66cad6b6cba, command=[]} | ret=SUCCESS |  
2019-08-27 19:05:08,330 | INFO  | SCMAudit | user=jenkins1000 | ip=192.168.5.191 | op=SEND_HEARTBEAT {datanodeUUID=3e80ec3d-d0df-446e-9c00-872113d57222, command=[]} | ret=SUCCESS |  
2019-08-27 19:05:08,982 | INFO  | SCMAudit | user=jenkins1000 | ip=192.168.5.191 | op=SEND_HEARTBEAT {datanodeUUID=d3c05237-bd84-4234-a934-0ba66750ea46, command=[]} | ret=SUCCESS |  
2019-08-27 19:05:09,008 | INFO  | SCMAudit | user=jenkins1000 | ip=192.168.5.191 | op=SEND_HEARTBEAT {datanodeUUID=457b0f2b-feff-4639-91a3-a11070381d4f, command=[]} | ret=SUCCESS |  
2019-08-27 19:05:09,009 | INFO  | SCMAudit | user=jenkins1000 | ip=192.168.5.191 | op=SEND_HEARTBEAT {datanodeUUID=8dbfb03d-3489-434f-b2ff-176126556357, command=[]} | ret=SUCCESS |  
2019-08-27 19:05:09,042 | INFO  | SCMAudit | user=jenkins1000 | ip=192.168.5.191 | op=SEND_HEARTBEAT {datanodeUUID=7ffeb123-8a07-43fc-9bc5-d9b026895606, command=[]} | ret=SUCCESS |  
2019-08-27 19:05:09,110 | INFO  | SCMAudit | user=jenkins1000 | ip=192.168.5.191 | op=SEND_HEARTBEAT {datanodeUUID=38f28178-96e9-481f-bed8-cfb19f684f50, command=[]} | ret=SUCCESS |  
2019-08-27 19:05:09,212 | INFO  | SCMAudit | user=jenkins1000 | ip=192.168.5.191 | op=SEND_HEARTBEAT {datanodeUUID=1a6ef58e-b6d8-4916-b5f4-f66cad6b6cba, command=[]} | ret=SUCCESS |  
2019-08-27 19:05:09,329 | INFO  | SCMAudit | user=jenkins1000 | ip=192.168.5.191 | op=SEND_HEARTBEAT {datanodeUUID=3e80ec3d-d0df-446e-9c00-872113d57222, command=[]} | ret=SUCCESS |  
2019-08-27 19:05:09,983 | INFO  | SCMAudit | user=jenkins1000 | ip=192.168.5.191 | op=SEND_HEARTBEAT {datanodeUUID=d3c05237-bd84-4234-a934-0ba66750ea46, command=[]} | ret=SUCCESS |  
2019-08-27 19:05:10,008 | INFO  | SCMAudit | user=jenkins1000 | ip=192.168.5.191 | op=SEND_HEARTBEAT {datanodeUUID=457b0f2b-feff-4639-91a3-a11070381d4f, command=[]} | ret=SUCCESS |  
2019-08-27 19:05:10,009 | INFO  | SCMAudit | user=jenkins1000 | ip=192.168.5.191 | op=SEND_HEARTBEAT {datanodeUUID=8dbfb03d-3489-434f-b2ff-176126556357, command=[]} | ret=SUCCESS |  
2019-08-27 19:05:10,042 | INFO  | SCMAudit | user=jenkins1000 | ip=192.168.5.191 | op=SEND_HEARTBEAT {datanodeUUID=7ffeb123-8a07-43fc-9bc5-d9b026895606, command=[]} | ret=SUCCESS |  
2019-08-27 19:05:10,111 | INFO  | SCMAudit | user=jenkins1000 | ip=192.168.5.191 | op=SEND_HEARTBEAT {datanodeUUID=38f28178-96e9-481f-bed8-cfb19f684f50, command=[]} | ret=SUCCESS |  
2019-08-27 19:05:10,212 | INFO  | SCMAudit | user=jenkins1000 | ip=192.168.5.191 | op=SEND_HEARTBEAT {datanodeUUID=1a6ef58e-b6d8-4916-b5f4-f66cad6b6cba, command=[]} | ret=SUCCESS |  
2019-08-27 19:05:10,329 | INFO  | SCMAudit | user=jenkins1000 | ip=192.168.5.191 | op=SEND_HEARTBEAT {datanodeUUID=3e80ec3d-d0df-446e-9c00-872113d57222, command=[]} | ret=SUCCESS |  
2019-08-27 19:05:10,983 | INFO  | SCMAudit | user=jenkins1000 | ip=192.168.5.191 | op=SEND_HEARTBEAT {datanodeUUID=d3c05237-bd84-4234-a934-0ba66750ea46, command=[]} | ret=SUCCESS |  
2019-08-27 19:05:11,008 | INFO  | SCMAudit | user=jenkins1000 | ip=192.168.5.191 | op=SEND_HEARTBEAT {datanodeUUID=457b0f2b-feff-4639-91a3-a11070381d4f, command=[]} | ret=SUCCESS |  
2019-08-27 19:05:11,009 | INFO  | SCMAudit | user=jenkins1000 | ip=192.168.5.191 | op=SEND_HEARTBEAT {datanodeUUID=8dbfb03d-3489-434f-b2ff-176126556357, command=[]} | ret=SUCCESS |  
2019-08-27 19:05:11,042 | INFO  | SCMAudit | user=jenkins1000 | ip=192.168.5.191 | op=SEND_HEARTBEAT {datanodeUUID=7ffeb123-8a07-43fc-9bc5-d9b026895606, command=[]} | ret=SUCCESS |  
2019-08-27 19:05:11,112 | INFO  | SCMAudit | user=jenkins1000 | ip=192.168.5.191 | op=SEND_HEARTBEAT {datanodeUUID=38f28178-96e9-481f-bed8-cfb19f684f50, command=[]} | ret=SUCCESS |  
2019-08-27 19:05:11,212 | INFO  | SCMAudit | user=jenkins1000 | ip=192.168.5.191 | op=SEND_HEARTBEAT {datanodeUUID=1a6ef58e-b6d8-4916-b5f4-f66cad6b6cba, command=[]} | ret=SUCCESS |  
2019-08-27 19:05:11,330 | INFO  | SCMAudit | user=jenkins1000 | ip=192.168.5.191 | op=SEND_HEARTBEAT {datanodeUUID=3e80ec3d-d0df-446e-9c00-872113d57222, command=[]} | ret=SUCCESS |  
2019-08-27 19:05:11,982 | INFO  | SCMAudit | user=jenkins1000 | ip=192.168.5.191 | op=SEND_HEARTBEAT {datanodeUUID=d3c05237-bd84-4234-a934-0ba66750ea46, command=[]} | ret=SUCCESS |  
2019-08-27 19:05:12,008 | INFO  | SCMAudit | user=jenkins1000 | ip=192.168.5.191 | op=SEND_HEARTBEAT {datanodeUUID=457b0f2b-feff-4639-91a3-a11070381d4f, command=[]} | ret=SUCCESS |  
2019-08-27 19:05:12,009 | INFO  | SCMAudit | user=jenkins1000 | ip=192.168.5.191 | op=SEND_HEARTBEAT {datanodeUUID=8dbfb03d-3489-434f-b2ff-176126556357, command=[]} | ret=SUCCESS |  
2019-08-27 19:05:12,042 | INFO  | SCMAudit | user=jenkins1000 | ip=192.168.5.191 | op=SEND_HEARTBEAT {datanodeUUID=7ffeb123-8a07-43fc-9bc5-d9b026895606, command=[]} | ret=SUCCESS |  
2019-08-27 19:05:12,111 | INFO  | SCMAudit | user=jenkins1000 | ip=192.168.5.191 | op=SEND_HEARTBEAT {datanodeUUID=38f28178-96e9-481f-bed8-cfb19f684f50, command=[]} | ret=SUCCESS |  
2019-08-27 19:05:12,213 | INFO  | SCMAudit | user=jenkins1000 | ip=192.168.5.191 | op=SEND_HEARTBEAT {datanodeUUID=1a6ef58e-b6d8-4916-b5f4-f66cad6b6cba, command=[]} | ret=SUCCESS |  
2019-08-27 19:05:12,273 [grpc-default-executor-5] INFO  client.GrpcClientProtocolClient (GrpcClientProtocolClient.java:onNext(255)) - client-0C1CC1C50A7C->8dbfb03d-3489-434f-b2ff-176126556357: receive RaftClientReply:client-0C1CC1C50A7C->8dbfb03d-3489-434f-b2ff-176126556357@group-5A0C10B0A675, cid=45, FAILED org.apache.ratis.protocol.NotLeaderException: Server 8dbfb03d-3489-434f-b2ff-176126556357 is not the leader (d3c05237-bd84-4234-a934-0ba66750ea46:192.168.5.191:42272). Request must be sent to leader., logIndex=0, commits[8dbfb03d-3489-434f-b2ff-176126556357:c8, 457b0f2b-feff-4639-91a3-a11070381d4f:c8, d3c05237-bd84-4234-a934-0ba66750ea46:c8]
2019-08-27 19:05:12,329 | INFO  | SCMAudit | user=jenkins1000 | ip=192.168.5.191 | op=SEND_HEARTBEAT {datanodeUUID=3e80ec3d-d0df-446e-9c00-872113d57222, command=[]} | ret=SUCCESS |  
2019-08-27 19:05:12,982 | INFO  | SCMAudit | user=jenkins1000 | ip=192.168.5.191 | op=SEND_HEARTBEAT {datanodeUUID=d3c05237-bd84-4234-a934-0ba66750ea46, command=[]} | ret=SUCCESS |  
2019-08-27 19:05:13,007 | INFO  | SCMAudit | user=jenkins1000 | ip=192.168.5.191 | op=SEND_HEARTBEAT {datanodeUUID=457b0f2b-feff-4639-91a3-a11070381d4f, command=[]} | ret=SUCCESS |  
2019-08-27 19:05:13,009 | INFO  | SCMAudit | user=jenkins1000 | ip=192.168.5.191 | op=SEND_HEARTBEAT {datanodeUUID=8dbfb03d-3489-434f-b2ff-176126556357, command=[]} | ret=SUCCESS |  
2019-08-27 19:05:13,043 | INFO  | SCMAudit | user=jenkins1000 | ip=192.168.5.191 | op=SEND_HEARTBEAT {datanodeUUID=7ffeb123-8a07-43fc-9bc5-d9b026895606, command=[]} | ret=SUCCESS |  
2019-08-27 19:05:13,111 | INFO  | SCMAudit | user=jenkins1000 | ip=192.168.5.191 | op=SEND_HEARTBEAT {datanodeUUID=38f28178-96e9-481f-bed8-cfb19f684f50, command=[]} | ret=SUCCESS |  
2019-08-27 19:05:13,212 | INFO  | SCMAudit | user=jenkins1000 | ip=192.168.5.191 | op=SEND_HEARTBEAT {datanodeUUID=1a6ef58e-b6d8-4916-b5f4-f66cad6b6cba, command=[]} | ret=SUCCESS |  
2019-08-27 19:05:13,329 | INFO  | SCMAudit | user=jenkins1000 | ip=192.168.5.191 | op=SEND_HEARTBEAT {datanodeUUID=3e80ec3d-d0df-446e-9c00-872113d57222, command=[]} | ret=SUCCESS |  
2019-08-27 19:05:13,983 | INFO  | SCMAudit | user=jenkins1000 | ip=192.168.5.191 | op=SEND_HEARTBEAT {datanodeUUID=d3c05237-bd84-4234-a934-0ba66750ea46, command=[]} | ret=SUCCESS |  
2019-08-27 19:05:14,008 | INFO  | SCMAudit | user=jenkins1000 | ip=192.168.5.191 | op=SEND_HEARTBEAT {datanodeUUID=457b0f2b-feff-4639-91a3-a11070381d4f, command=[]} | ret=SUCCESS |  
2019-08-27 19:05:14,009 | INFO  | SCMAudit | user=jenkins1000 | ip=192.168.5.191 | op=SEND_HEARTBEAT {datanodeUUID=8dbfb03d-3489-434f-b2ff-176126556357, command=[]} | ret=SUCCESS |  
2019-08-27 19:05:14,043 | INFO  | SCMAudit | user=jenkins1000 | ip=192.168.5.191 | op=SEND_HEARTBEAT {datanodeUUID=7ffeb123-8a07-43fc-9bc5-d9b026895606, command=[]} | ret=SUCCESS |  
2019-08-27 19:05:14,111 | INFO  | SCMAudit | user=jenkins1000 | ip=192.168.5.191 | op=SEND_HEARTBEAT {datanodeUUID=38f28178-96e9-481f-bed8-cfb19f684f50, command=[]} | ret=SUCCESS |  
2019-08-27 19:05:14,213 | INFO  | SCMAudit | user=jenkins1000 | ip=192.168.5.191 | op=SEND_HEARTBEAT {datanodeUUID=1a6ef58e-b6d8-4916-b5f4-f66cad6b6cba, command=[]} | ret=SUCCESS |  
2019-08-27 19:05:14,330 | INFO  | SCMAudit | user=jenkins1000 | ip=192.168.5.191 | op=SEND_HEARTBEAT {datanodeUUID=3e80ec3d-d0df-446e-9c00-872113d57222, command=[]} | ret=SUCCESS |  
2019-08-27 19:05:14,982 | INFO  | SCMAudit | user=jenkins1000 | ip=192.168.5.191 | op=SEND_HEARTBEAT {datanodeUUID=d3c05237-bd84-4234-a934-0ba66750ea46, command=[]} | ret=SUCCESS |  
2019-08-27 19:05:15,009 | INFO  | SCMAudit | user=jenkins1000 | ip=192.168.5.191 | op=SEND_HEARTBEAT {datanodeUUID=8dbfb03d-3489-434f-b2ff-176126556357, command=[]} | ret=SUCCESS |  
2019-08-27 19:05:15,009 | INFO  | SCMAudit | user=jenkins1000 | ip=192.168.5.191 | op=SEND_HEARTBEAT {datanodeUUID=457b0f2b-feff-4639-91a3-a11070381d4f, command=[]} | ret=SUCCESS |  
2019-08-27 19:05:15,043 | INFO  | SCMAudit | user=jenkins1000 | ip=192.168.5.191 | op=SEND_HEARTBEAT {datanodeUUID=7ffeb123-8a07-43fc-9bc5-d9b026895606, command=[]} | ret=SUCCESS |  
2019-08-27 19:05:15,111 | INFO  | SCMAudit | user=jenkins1000 | ip=192.168.5.191 | op=SEND_HEARTBEAT {datanodeUUID=38f28178-96e9-481f-bed8-cfb19f684f50, command=[]} | ret=SUCCESS |  
2019-08-27 19:05:15,213 | INFO  | SCMAudit | user=jenkins1000 | ip=192.168.5.191 | op=SEND_HEARTBEAT {datanodeUUID=1a6ef58e-b6d8-4916-b5f4-f66cad6b6cba, command=[]} | ret=SUCCESS |  
2019-08-27 19:05:15,330 | INFO  | SCMAudit | user=jenkins1000 | ip=192.168.5.191 | op=SEND_HEARTBEAT {datanodeUUID=3e80ec3d-d0df-446e-9c00-872113d57222, command=[]} | ret=SUCCESS |  
2019-08-27 19:05:15,983 | INFO  | SCMAudit | user=jenkins1000 | ip=192.168.5.191 | op=SEND_HEARTBEAT {datanodeUUID=d3c05237-bd84-4234-a934-0ba66750ea46, command=[]} | ret=SUCCESS |  
2019-08-27 19:05:16,009 | INFO  | SCMAudit | user=jenkins1000 | ip=192.168.5.191 | op=SEND_HEARTBEAT {datanodeUUID=8dbfb03d-3489-434f-b2ff-176126556357, command=[]} | ret=SUCCESS |  
2019-08-27 19:05:16,009 | INFO  | SCMAudit | user=jenkins1000 | ip=192.168.5.191 | op=SEND_HEARTBEAT {datanodeUUID=457b0f2b-feff-4639-91a3-a11070381d4f, command=[]} | ret=SUCCESS |  
2019-08-27 19:05:16,044 | INFO  | SCMAudit | user=jenkins1000 | ip=192.168.5.191 | op=SEND_HEARTBEAT {datanodeUUID=7ffeb123-8a07-43fc-9bc5-d9b026895606, command=[]} | ret=SUCCESS |  
2019-08-27 19:05:16,111 | INFO  | SCMAudit | user=jenkins1000 | ip=192.168.5.191 | op=SEND_HEARTBEAT {datanodeUUID=38f28178-96e9-481f-bed8-cfb19f684f50, command=[]} | ret=SUCCESS |  
2019-08-27 19:05:16,214 | INFO  | SCMAudit | user=jenkins1000 | ip=192.168.5.191 | op=SEND_HEARTBEAT {datanodeUUID=1a6ef58e-b6d8-4916-b5f4-f66cad6b6cba, command=[]} | ret=SUCCESS |  
2019-08-27 19:05:16,330 | INFO  | SCMAudit | user=jenkins1000 | ip=192.168.5.191 | op=SEND_HEARTBEAT {datanodeUUID=3e80ec3d-d0df-446e-9c00-872113d57222, command=[]} | ret=SUCCESS |  
2019-08-27 19:05:16,984 | INFO  | SCMAudit | user=jenkins1000 | ip=192.168.5.191 | op=SEND_HEARTBEAT {datanodeUUID=d3c05237-bd84-4234-a934-0ba66750ea46, command=[]} | ret=SUCCESS |  
2019-08-27 19:05:17,009 | INFO  | SCMAudit | user=jenkins1000 | ip=192.168.5.191 | op=SEND_HEARTBEAT {datanodeUUID=8dbfb03d-3489-434f-b2ff-176126556357, command=[]} | ret=SUCCESS |  
2019-08-27 19:05:17,009 | INFO  | SCMAudit | user=jenkins1000 | ip=192.168.5.191 | op=SEND_HEARTBEAT {datanodeUUID=457b0f2b-feff-4639-91a3-a11070381d4f, command=[]} | ret=SUCCESS |  
2019-08-27 19:05:17,043 | INFO  | SCMAudit | user=jenkins1000 | ip=192.168.5.191 | op=SEND_HEARTBEAT {datanodeUUID=7ffeb123-8a07-43fc-9bc5-d9b026895606, command=[]} | ret=SUCCESS |  
2019-08-27 19:05:17,111 | INFO  | SCMAudit | user=jenkins1000 | ip=192.168.5.191 | op=SEND_HEARTBEAT {datanodeUUID=38f28178-96e9-481f-bed8-cfb19f684f50, command=[]} | ret=SUCCESS |  
2019-08-27 19:05:17,214 | INFO  | SCMAudit | user=jenkins1000 | ip=192.168.5.191 | op=SEND_HEARTBEAT {datanodeUUID=1a6ef58e-b6d8-4916-b5f4-f66cad6b6cba, command=[]} | ret=SUCCESS |  
2019-08-27 19:05:17,315 [grpc-default-executor-5] INFO  client.GrpcClientProtocolClient (GrpcClientProtocolClient.java:onNext(255)) - client-0C1CC1C50A7C->8dbfb03d-3489-434f-b2ff-176126556357: receive RaftClientReply:client-0C1CC1C50A7C->8dbfb03d-3489-434f-b2ff-176126556357@group-5A0C10B0A675, cid=45, FAILED org.apache.ratis.protocol.NotLeaderException: Server 8dbfb03d-3489-434f-b2ff-176126556357 is not the leader (d3c05237-bd84-4234-a934-0ba66750ea46:192.168.5.191:42272). Request must be sent to leader., logIndex=0, commits[8dbfb03d-3489-434f-b2ff-176126556357:c8, 457b0f2b-feff-4639-91a3-a11070381d4f:c8, d3c05237-bd84-4234-a934-0ba66750ea46:c8]
2019-08-27 19:05:17,330 | INFO  | SCMAudit | user=jenkins1000 | ip=192.168.5.191 | op=SEND_HEARTBEAT {datanodeUUID=3e80ec3d-d0df-446e-9c00-872113d57222, command=[]} | ret=SUCCESS |  
2019-08-27 19:05:17,983 | INFO  | SCMAudit | user=jenkins1000 | ip=192.168.5.191 | op=SEND_HEARTBEAT {datanodeUUID=d3c05237-bd84-4234-a934-0ba66750ea46, command=[]} | ret=SUCCESS |  
2019-08-27 19:05:18,009 | INFO  | SCMAudit | user=jenkins1000 | ip=192.168.5.191 | op=SEND_HEARTBEAT {datanodeUUID=8dbfb03d-3489-434f-b2ff-176126556357, command=[]} | ret=SUCCESS |  
2019-08-27 19:05:18,009 | INFO  | SCMAudit | user=jenkins1000 | ip=192.168.5.191 | op=SEND_HEARTBEAT {datanodeUUID=457b0f2b-feff-4639-91a3-a11070381d4f, command=[]} | ret=SUCCESS |  
2019-08-27 19:05:18,043 | INFO  | SCMAudit | user=jenkins1000 | ip=192.168.5.191 | op=SEND_HEARTBEAT {datanodeUUID=7ffeb123-8a07-43fc-9bc5-d9b026895606, command=[]} | ret=SUCCESS |  
2019-08-27 19:05:18,111 | INFO  | SCMAudit | user=jenkins1000 | ip=192.168.5.191 | op=SEND_HEARTBEAT {datanodeUUID=38f28178-96e9-481f-bed8-cfb19f684f50, command=[]} | ret=SUCCESS |  
2019-08-27 19:05:18,214 | INFO  | SCMAudit | user=jenkins1000 | ip=192.168.5.191 | op=SEND_HEARTBEAT {datanodeUUID=1a6ef58e-b6d8-4916-b5f4-f66cad6b6cba, command=[]} | ret=SUCCESS |  
2019-08-27 19:05:18,330 | INFO  | SCMAudit | user=jenkins1000 | ip=192.168.5.191 | op=SEND_HEARTBEAT {datanodeUUID=3e80ec3d-d0df-446e-9c00-872113d57222, command=[]} | ret=SUCCESS |  
2019-08-27 19:05:18,983 | INFO  | SCMAudit | user=jenkins1000 | ip=192.168.5.191 | op=SEND_HEARTBEAT {datanodeUUID=d3c05237-bd84-4234-a934-0ba66750ea46, command=[]} | ret=SUCCESS |  
2019-08-27 19:05:19,009 | INFO  | SCMAudit | user=jenkins1000 | ip=192.168.5.191 | op=SEND_HEARTBEAT {datanodeUUID=8dbfb03d-3489-434f-b2ff-176126556357, command=[]} | ret=SUCCESS |  
2019-08-27 19:05:19,009 | INFO  | SCMAudit | user=jenkins1000 | ip=192.168.5.191 | op=SEND_HEARTBEAT {datanodeUUID=457b0f2b-feff-4639-91a3-a11070381d4f, command=[]} | ret=SUCCESS |  
2019-08-27 19:05:19,043 | INFO  | SCMAudit | user=jenkins1000 | ip=192.168.5.191 | op=SEND_HEARTBEAT {datanodeUUID=7ffeb123-8a07-43fc-9bc5-d9b026895606, command=[]} | ret=SUCCESS |  
2019-08-27 19:05:19,112 | INFO  | SCMAudit | user=jenkins1000 | ip=192.168.5.191 | op=SEND_HEARTBEAT {datanodeUUID=38f28178-96e9-481f-bed8-cfb19f684f50, command=[]} | ret=SUCCESS |  
2019-08-27 19:05:19,214 | INFO  | SCMAudit | user=jenkins1000 | ip=192.168.5.191 | op=SEND_HEARTBEAT {datanodeUUID=1a6ef58e-b6d8-4916-b5f4-f66cad6b6cba, command=[]} | ret=SUCCESS |  
2019-08-27 19:05:19,330 | INFO  | SCMAudit | user=jenkins1000 | ip=192.168.5.191 | op=SEND_HEARTBEAT {datanodeUUID=3e80ec3d-d0df-446e-9c00-872113d57222, command=[]} | ret=SUCCESS |  
2019-08-27 19:05:19,984 | INFO  | SCMAudit | user=jenkins1000 | ip=192.168.5.191 | op=SEND_HEARTBEAT {datanodeUUID=d3c05237-bd84-4234-a934-0ba66750ea46, command=[]} | ret=SUCCESS |  
2019-08-27 19:05:20,009 | INFO  | SCMAudit | user=jenkins1000 | ip=192.168.5.191 | op=SEND_HEARTBEAT {datanodeUUID=457b0f2b-feff-4639-91a3-a11070381d4f, command=[]} | ret=SUCCESS |  
2019-08-27 19:05:20,009 | INFO  | SCMAudit | user=jenkins1000 | ip=192.168.5.191 | op=SEND_HEARTBEAT {datanodeUUID=8dbfb03d-3489-434f-b2ff-176126556357, command=[]} | ret=SUCCESS |  
2019-08-27 19:05:20,043 | INFO  | SCMAudit | user=jenkins1000 | ip=192.168.5.191 | op=SEND_HEARTBEAT {datanodeUUID=7ffeb123-8a07-43fc-9bc5-d9b026895606, command=[]} | ret=SUCCESS |  
2019-08-27 19:05:20,111 | INFO  | SCMAudit | user=jenkins1000 | ip=192.168.5.191 | op=SEND_HEARTBEAT {datanodeUUID=38f28178-96e9-481f-bed8-cfb19f684f50, command=[]} | ret=SUCCESS |  
2019-08-27 19:05:20,214 | INFO  | SCMAudit | user=jenkins1000 | ip=192.168.5.191 | op=SEND_HEARTBEAT {datanodeUUID=1a6ef58e-b6d8-4916-b5f4-f66cad6b6cba, command=[]} | ret=SUCCESS |  
2019-08-27 19:05:20,331 | INFO  | SCMAudit | user=jenkins1000 | ip=192.168.5.191 | op=SEND_HEARTBEAT {datanodeUUID=3e80ec3d-d0df-446e-9c00-872113d57222, command=[]} | ret=SUCCESS |  
2019-08-27 19:05:20,983 | INFO  | SCMAudit | user=jenkins1000 | ip=192.168.5.191 | op=SEND_HEARTBEAT {datanodeUUID=d3c05237-bd84-4234-a934-0ba66750ea46, command=[]} | ret=SUCCESS |  
2019-08-27 19:05:21,009 | INFO  | SCMAudit | user=jenkins1000 | ip=192.168.5.191 | op=SEND_HEARTBEAT {datanodeUUID=457b0f2b-feff-4639-91a3-a11070381d4f, command=[]} | ret=SUCCESS |  
2019-08-27 19:05:21,010 | INFO  | SCMAudit | user=jenkins1000 | ip=192.168.5.191 | op=SEND_HEARTBEAT {datanodeUUID=8dbfb03d-3489-434f-b2ff-176126556357, command=[]} | ret=SUCCESS |  
2019-08-27 19:05:21,043 | INFO  | SCMAudit | user=jenkins1000 | ip=192.168.5.191 | op=SEND_HEARTBEAT {datanodeUUID=7ffeb123-8a07-43fc-9bc5-d9b026895606, command=[]} | ret=SUCCESS |  
2019-08-27 19:05:21,112 | INFO  | SCMAudit | user=jenkins1000 | ip=192.168.5.191 | op=SEND_HEARTBEAT {datanodeUUID=38f28178-96e9-481f-bed8-cfb19f684f50, command=[]} | ret=SUCCESS |  
2019-08-27 19:05:21,214 | INFO  | SCMAudit | user=jenkins1000 | ip=192.168.5.191 | op=SEND_HEARTBEAT {datanodeUUID=1a6ef58e-b6d8-4916-b5f4-f66cad6b6cba, command=[]} | ret=SUCCESS |  
2019-08-27 19:05:21,334 | INFO  | SCMAudit | user=jenkins1000 | ip=192.168.5.191 | op=SEND_HEARTBEAT {datanodeUUID=3e80ec3d-d0df-446e-9c00-872113d57222, command=[]} | ret=SUCCESS |  
2019-08-27 19:05:21,984 | INFO  | SCMAudit | user=jenkins1000 | ip=192.168.5.191 | op=SEND_HEARTBEAT {datanodeUUID=d3c05237-bd84-4234-a934-0ba66750ea46, command=[]} | ret=SUCCESS |  
2019-08-27 19:05:22,009 | INFO  | SCMAudit | user=jenkins1000 | ip=192.168.5.191 | op=SEND_HEARTBEAT {datanodeUUID=457b0f2b-feff-4639-91a3-a11070381d4f, command=[]} | ret=SUCCESS |  
2019-08-27 19:05:22,010 | INFO  | SCMAudit | user=jenkins1000 | ip=192.168.5.191 | op=SEND_HEARTBEAT {datanodeUUID=8dbfb03d-3489-434f-b2ff-176126556357, command=[]} | ret=SUCCESS |  
2019-08-27 19:05:22,043 | INFO  | SCMAudit | user=jenkins1000 | ip=192.168.5.191 | op=SEND_HEARTBEAT {datanodeUUID=7ffeb123-8a07-43fc-9bc5-d9b026895606, command=[]} | ret=SUCCESS |  
2019-08-27 19:05:22,112 | INFO  | SCMAudit | user=jenkins1000 | ip=192.168.5.191 | op=SEND_HEARTBEAT {datanodeUUID=38f28178-96e9-481f-bed8-cfb19f684f50, command=[]} | ret=SUCCESS |  
2019-08-27 19:05:22,214 | INFO  | SCMAudit | user=jenkins1000 | ip=192.168.5.191 | op=SEND_HEARTBEAT {datanodeUUID=1a6ef58e-b6d8-4916-b5f4-f66cad6b6cba, command=[]} | ret=SUCCESS |  
2019-08-27 19:05:22,331 | INFO  | SCMAudit | user=jenkins1000 | ip=192.168.5.191 | op=SEND_HEARTBEAT {datanodeUUID=3e80ec3d-d0df-446e-9c00-872113d57222, command=[]} | ret=SUCCESS |  
2019-08-27 19:05:22,353 [grpc-default-executor-5] INFO  client.GrpcClientProtocolClient (GrpcClientProtocolClient.java:onNext(255)) - client-0C1CC1C50A7C->8dbfb03d-3489-434f-b2ff-176126556357: receive RaftClientReply:client-0C1CC1C50A7C->8dbfb03d-3489-434f-b2ff-176126556357@group-5A0C10B0A675, cid=45, FAILED org.apache.ratis.protocol.NotLeaderException: Server 8dbfb03d-3489-434f-b2ff-176126556357 is not the leader (d3c05237-bd84-4234-a934-0ba66750ea46:192.168.5.191:42272). Request must be sent to leader., logIndex=0, commits[8dbfb03d-3489-434f-b2ff-176126556357:c8, 457b0f2b-feff-4639-91a3-a11070381d4f:c8, d3c05237-bd84-4234-a934-0ba66750ea46:c8]
2019-08-27 19:05:22,983 | INFO  | SCMAudit | user=jenkins1000 | ip=192.168.5.191 | op=SEND_HEARTBEAT {datanodeUUID=d3c05237-bd84-4234-a934-0ba66750ea46, command=[]} | ret=SUCCESS |  
2019-08-27 19:05:23,010 | INFO  | SCMAudit | user=jenkins1000 | ip=192.168.5.191 | op=SEND_HEARTBEAT {datanodeUUID=457b0f2b-feff-4639-91a3-a11070381d4f, command=[]} | ret=SUCCESS |  
2019-08-27 19:05:23,010 | INFO  | SCMAudit | user=jenkins1000 | ip=192.168.5.191 | op=SEND_HEARTBEAT {datanodeUUID=8dbfb03d-3489-434f-b2ff-176126556357, command=[]} | ret=SUCCESS |  
2019-08-27 19:05:23,043 | INFO  | SCMAudit | user=jenkins1000 | ip=192.168.5.191 | op=SEND_HEARTBEAT {datanodeUUID=7ffeb123-8a07-43fc-9bc5-d9b026895606, command=[]} | ret=SUCCESS |  
2019-08-27 19:05:23,112 | INFO  | SCMAudit | user=jenkins1000 | ip=192.168.5.191 | op=SEND_HEARTBEAT {datanodeUUID=38f28178-96e9-481f-bed8-cfb19f684f50, command=[]} | ret=SUCCESS |  
2019-08-27 19:05:23,215 | INFO  | SCMAudit | user=jenkins1000 | ip=192.168.5.191 | op=SEND_HEARTBEAT {datanodeUUID=1a6ef58e-b6d8-4916-b5f4-f66cad6b6cba, command=[]} | ret=SUCCESS |  
2019-08-27 19:05:23,331 | INFO  | SCMAudit | user=jenkins1000 | ip=192.168.5.191 | op=SEND_HEARTBEAT {datanodeUUID=3e80ec3d-d0df-446e-9c00-872113d57222, command=[]} | ret=SUCCESS |  
2019-08-27 19:05:23,984 | INFO  | SCMAudit | user=jenkins1000 | ip=192.168.5.191 | op=SEND_HEARTBEAT {datanodeUUID=d3c05237-bd84-4234-a934-0ba66750ea46, command=[]} | ret=SUCCESS |  
2019-08-27 19:05:24,010 | INFO  | SCMAudit | user=jenkins1000 | ip=192.168.5.191 | op=SEND_HEARTBEAT {datanodeUUID=8dbfb03d-3489-434f-b2ff-176126556357, command=[]} | ret=SUCCESS |  
2019-08-27 19:05:24,010 | INFO  | SCMAudit | user=jenkins1000 | ip=192.168.5.191 | op=SEND_HEARTBEAT {datanodeUUID=457b0f2b-feff-4639-91a3-a11070381d4f, command=[]} | ret=SUCCESS |  
2019-08-27 19:05:24,043 | INFO  | SCMAudit | user=jenkins1000 | ip=192.168.5.191 | op=SEND_HEARTBEAT {datanodeUUID=7ffeb123-8a07-43fc-9bc5-d9b026895606, command=[]} | ret=SUCCESS |  
2019-08-27 19:05:24,112 | INFO  | SCMAudit | user=jenkins1000 | ip=192.168.5.191 | op=SEND_HEARTBEAT {datanodeUUID=38f28178-96e9-481f-bed8-cfb19f684f50, command=[]} | ret=SUCCESS |  
2019-08-27 19:05:24,214 | INFO  | SCMAudit | user=jenkins1000 | ip=192.168.5.191 | op=SEND_HEARTBEAT {datanodeUUID=1a6ef58e-b6d8-4916-b5f4-f66cad6b6cba, command=[]} | ret=SUCCESS |  
2019-08-27 19:05:24,332 | INFO  | SCMAudit | user=jenkins1000 | ip=192.168.5.191 | op=SEND_HEARTBEAT {datanodeUUID=3e80ec3d-d0df-446e-9c00-872113d57222, command=[]} | ret=SUCCESS |  
2019-08-27 19:05:24,984 | INFO  | SCMAudit | user=jenkins1000 | ip=192.168.5.191 | op=SEND_HEARTBEAT {datanodeUUID=d3c05237-bd84-4234-a934-0ba66750ea46, command=[]} | ret=SUCCESS |  
2019-08-27 19:05:25,010 | INFO  | SCMAudit | user=jenkins1000 | ip=192.168.5.191 | op=SEND_HEARTBEAT {datanodeUUID=8dbfb03d-3489-434f-b2ff-176126556357, command=[]} | ret=SUCCESS |  
2019-08-27 19:05:25,010 | INFO  | SCMAudit | user=jenkins1000 | ip=192.168.5.191 | op=SEND_HEARTBEAT {datanodeUUID=457b0f2b-feff-4639-91a3-a11070381d4f, command=[]} | ret=SUCCESS |  
2019-08-27 19:05:25,043 | INFO  | SCMAudit | user=jenkins1000 | ip=192.168.5.191 | op=SEND_HEARTBEAT {datanodeUUID=7ffeb123-8a07-43fc-9bc5-d9b026895606, command=[]} | ret=SUCCESS |  
2019-08-27 19:05:25,112 | INFO  | SCMAudit | user=jenkins1000 | ip=192.168.5.191 | op=SEND_HEARTBEAT {datanodeUUID=38f28178-96e9-481f-bed8-cfb19f684f50, command=[]} | ret=SUCCESS |  
2019-08-27 19:05:25,215 | INFO  | SCMAudit | user=jenkins1000 | ip=192.168.5.191 | op=SEND_HEARTBEAT {datanodeUUID=1a6ef58e-b6d8-4916-b5f4-f66cad6b6cba, command=[]} | ret=SUCCESS |  
2019-08-27 19:05:25,331 | INFO  | SCMAudit | user=jenkins1000 | ip=192.168.5.191 | op=SEND_HEARTBEAT {datanodeUUID=3e80ec3d-d0df-446e-9c00-872113d57222, command=[]} | ret=SUCCESS |  
2019-08-27 19:05:25,984 | INFO  | SCMAudit | user=jenkins1000 | ip=192.168.5.191 | op=SEND_HEARTBEAT {datanodeUUID=d3c05237-bd84-4234-a934-0ba66750ea46, command=[]} | ret=SUCCESS |  
2019-08-27 19:05:26,010 | INFO  | SCMAudit | user=jenkins1000 | ip=192.168.5.191 | op=SEND_HEARTBEAT {datanodeUUID=457b0f2b-feff-4639-91a3-a11070381d4f, command=[]} | ret=SUCCESS |  
2019-08-27 19:05:26,010 | INFO  | SCMAudit | user=jenkins1000 | ip=192.168.5.191 | op=SEND_HEARTBEAT {datanodeUUID=8dbfb03d-3489-434f-b2ff-176126556357, command=[]} | ret=SUCCESS |  
2019-08-27 19:05:26,045 | INFO  | SCMAudit | user=jenkins1000 | ip=192.168.5.191 | op=SEND_HEARTBEAT {datanodeUUID=7ffeb123-8a07-43fc-9bc5-d9b026895606, command=[]} | ret=SUCCESS |  
2019-08-27 19:05:26,112 | INFO  | SCMAudit | user=jenkins1000 | ip=192.168.5.191 | op=SEND_HEARTBEAT {datanodeUUID=38f28178-96e9-481f-bed8-cfb19f684f50, command=[]} | ret=SUCCESS |  
2019-08-27 19:05:26,214 | INFO  | SCMAudit | user=jenkins1000 | ip=192.168.5.191 | op=SEND_HEARTBEAT {datanodeUUID=1a6ef58e-b6d8-4916-b5f4-f66cad6b6cba, command=[]} | ret=SUCCESS |  
2019-08-27 19:05:26,332 | INFO  | SCMAudit | user=jenkins1000 | ip=192.168.5.191 | op=SEND_HEARTBEAT {datanodeUUID=3e80ec3d-d0df-446e-9c00-872113d57222, command=[]} | ret=SUCCESS |  
2019-08-27 19:05:26,985 | INFO  | SCMAudit | user=jenkins1000 | ip=192.168.5.191 | op=SEND_HEARTBEAT {datanodeUUID=d3c05237-bd84-4234-a934-0ba66750ea46, command=[]} | ret=SUCCESS |  
2019-08-27 19:05:27,010 | INFO  | SCMAudit | user=jenkins1000 | ip=192.168.5.191 | op=SEND_HEARTBEAT {datanodeUUID=8dbfb03d-3489-434f-b2ff-176126556357, command=[]} | ret=SUCCESS |  
2019-08-27 19:05:27,010 | INFO  | SCMAudit | user=jenkins1000 | ip=192.168.5.191 | op=SEND_HEARTBEAT {datanodeUUID=457b0f2b-feff-4639-91a3-a11070381d4f, command=[]} | ret=SUCCESS |  
2019-08-27 19:05:27,043 | INFO  | SCMAudit | user=jenkins1000 | ip=192.168.5.191 | op=SEND_HEARTBEAT {datanodeUUID=7ffeb123-8a07-43fc-9bc5-d9b026895606, command=[]} | ret=SUCCESS |  
2019-08-27 19:05:27,112 | INFO  | SCMAudit | user=jenkins1000 | ip=192.168.5.191 | op=SEND_HEARTBEAT {datanodeUUID=38f28178-96e9-481f-bed8-cfb19f684f50, command=[]} | ret=SUCCESS |  
2019-08-27 19:05:27,214 | INFO  | SCMAudit | user=jenkins1000 | ip=192.168.5.191 | op=SEND_HEARTBEAT {datanodeUUID=1a6ef58e-b6d8-4916-b5f4-f66cad6b6cba, command=[]} | ret=SUCCESS |  
2019-08-27 19:05:27,332 | INFO  | SCMAudit | user=jenkins1000 | ip=192.168.5.191 | op=SEND_HEARTBEAT {datanodeUUID=3e80ec3d-d0df-446e-9c00-872113d57222, command=[]} | ret=SUCCESS |  
2019-08-27 19:05:27,395 [grpc-default-executor-5] INFO  client.GrpcClientProtocolClient (GrpcClientProtocolClient.java:onNext(255)) - client-0C1CC1C50A7C->8dbfb03d-3489-434f-b2ff-176126556357: receive RaftClientReply:client-0C1CC1C50A7C->8dbfb03d-3489-434f-b2ff-176126556357@group-5A0C10B0A675, cid=45, FAILED org.apache.ratis.protocol.NotLeaderException: Server 8dbfb03d-3489-434f-b2ff-176126556357 is not the leader (d3c05237-bd84-4234-a934-0ba66750ea46:192.168.5.191:42272). Request must be sent to leader., logIndex=0, commits[8dbfb03d-3489-434f-b2ff-176126556357:c8, 457b0f2b-feff-4639-91a3-a11070381d4f:c8, d3c05237-bd84-4234-a934-0ba66750ea46:c8]
2019-08-27 19:05:27,985 | INFO  | SCMAudit | user=jenkins1000 | ip=192.168.5.191 | op=SEND_HEARTBEAT {datanodeUUID=d3c05237-bd84-4234-a934-0ba66750ea46, command=[]} | ret=SUCCESS |  
2019-08-27 19:05:28,010 | INFO  | SCMAudit | user=jenkins1000 | ip=192.168.5.191 | op=SEND_HEARTBEAT {datanodeUUID=8dbfb03d-3489-434f-b2ff-176126556357, command=[]} | ret=SUCCESS |  
2019-08-27 19:05:28,011 | INFO  | SCMAudit | user=jenkins1000 | ip=192.168.5.191 | op=SEND_HEARTBEAT {datanodeUUID=457b0f2b-feff-4639-91a3-a11070381d4f, command=[]} | ret=SUCCESS |  
2019-08-27 19:05:28,043 | INFO  | SCMAudit | user=jenkins1000 | ip=192.168.5.191 | op=SEND_HEARTBEAT {datanodeUUID=7ffeb123-8a07-43fc-9bc5-d9b026895606, command=[]} | ret=SUCCESS |  
2019-08-27 19:05:28,112 | INFO  | SCMAudit | user=jenkins1000 | ip=192.168.5.191 | op=SEND_HEARTBEAT {datanodeUUID=38f28178-96e9-481f-bed8-cfb19f684f50, command=[]} | ret=SUCCESS |  
2019-08-27 19:05:28,215 | INFO  | SCMAudit | user=jenkins1000 | ip=192.168.5.191 | op=SEND_HEARTBEAT {datanodeUUID=1a6ef58e-b6d8-4916-b5f4-f66cad6b6cba, command=[]} | ret=SUCCESS |  
2019-08-27 19:05:28,331 | INFO  | SCMAudit | user=jenkins1000 | ip=192.168.5.191 | op=SEND_HEARTBEAT {datanodeUUID=3e80ec3d-d0df-446e-9c00-872113d57222, command=[]} | ret=SUCCESS |  
2019-08-27 19:05:28,985 | INFO  | SCMAudit | user=jenkins1000 | ip=192.168.5.191 | op=SEND_HEARTBEAT {datanodeUUID=d3c05237-bd84-4234-a934-0ba66750ea46, command=[]} | ret=SUCCESS |  
2019-08-27 19:05:29,011 | INFO  | SCMAudit | user=jenkins1000 | ip=192.168.5.191 | op=SEND_HEARTBEAT {datanodeUUID=8dbfb03d-3489-434f-b2ff-176126556357, command=[]} | ret=SUCCESS |  
2019-08-27 19:05:29,020 | INFO  | SCMAudit | user=jenkins1000 | ip=192.168.5.191 | op=SEND_HEARTBEAT {datanodeUUID=457b0f2b-feff-4639-91a3-a11070381d4f, command=[]} | ret=SUCCESS |  
2019-08-27 19:05:29,043 | INFO  | SCMAudit | user=jenkins1000 | ip=192.168.5.191 | op=SEND_HEARTBEAT {datanodeUUID=7ffeb123-8a07-43fc-9bc5-d9b026895606, command=[]} | ret=SUCCESS |  
2019-08-27 19:05:29,112 | INFO  | SCMAudit | user=jenkins1000 | ip=192.168.5.191 | op=SEND_HEARTBEAT {datanodeUUID=38f28178-96e9-481f-bed8-cfb19f684f50, command=[]} | ret=SUCCESS |  
2019-08-27 19:05:29,214 | INFO  | SCMAudit | user=jenkins1000 | ip=192.168.5.191 | op=SEND_HEARTBEAT {datanodeUUID=1a6ef58e-b6d8-4916-b5f4-f66cad6b6cba, command=[]} | ret=SUCCESS |  
2019-08-27 19:05:29,331 | INFO  | SCMAudit | user=jenkins1000 | ip=192.168.5.191 | op=SEND_HEARTBEAT {datanodeUUID=3e80ec3d-d0df-446e-9c00-872113d57222, command=[]} | ret=SUCCESS |  
2019-08-27 19:05:29,985 | INFO  | SCMAudit | user=jenkins1000 | ip=192.168.5.191 | op=SEND_HEARTBEAT {datanodeUUID=d3c05237-bd84-4234-a934-0ba66750ea46, command=[]} | ret=SUCCESS |  
2019-08-27 19:05:30,010 | INFO  | SCMAudit | user=jenkins1000 | ip=192.168.5.191 | op=SEND_HEARTBEAT {datanodeUUID=8dbfb03d-3489-434f-b2ff-176126556357, command=[]} | ret=SUCCESS |  
2019-08-27 19:05:30,012 | INFO  | SCMAudit | user=jenkins1000 | ip=192.168.5.191 | op=SEND_HEARTBEAT {datanodeUUID=457b0f2b-feff-4639-91a3-a11070381d4f, command=[]} | ret=SUCCESS |  
2019-08-27 19:05:30,043 | INFO  | SCMAudit | user=jenkins1000 | ip=192.168.5.191 | op=SEND_HEARTBEAT {datanodeUUID=7ffeb123-8a07-43fc-9bc5-d9b026895606, command=[]} | ret=SUCCESS |  
2019-08-27 19:05:30,112 | INFO  | SCMAudit | user=jenkins1000 | ip=192.168.5.191 | op=SEND_HEARTBEAT {datanodeUUID=38f28178-96e9-481f-bed8-cfb19f684f50, command=[]} | ret=SUCCESS |  
2019-08-27 19:05:30,215 | INFO  | SCMAudit | user=jenkins1000 | ip=192.168.5.191 | op=SEND_HEARTBEAT {datanodeUUID=1a6ef58e-b6d8-4916-b5f4-f66cad6b6cba, command=[]} | ret=SUCCESS |  
2019-08-27 19:05:30,332 | INFO  | SCMAudit | user=jenkins1000 | ip=192.168.5.191 | op=SEND_HEARTBEAT {datanodeUUID=3e80ec3d-d0df-446e-9c00-872113d57222, command=[]} | ret=SUCCESS |  
2019-08-27 19:05:30,985 | INFO  | SCMAudit | user=jenkins1000 | ip=192.168.5.191 | op=SEND_HEARTBEAT {datanodeUUID=d3c05237-bd84-4234-a934-0ba66750ea46, command=[]} | ret=SUCCESS |  
2019-08-27 19:05:31,010 | INFO  | SCMAudit | user=jenkins1000 | ip=192.168.5.191 | op=SEND_HEARTBEAT {datanodeUUID=8dbfb03d-3489-434f-b2ff-176126556357, command=[]} | ret=SUCCESS |  
2019-08-27 19:05:31,015 | INFO  | SCMAudit | user=jenkins1000 | ip=192.168.5.191 | op=SEND_HEARTBEAT {datanodeUUID=457b0f2b-feff-4639-91a3-a11070381d4f, command=[]} | ret=SUCCESS |  
2019-08-27 19:05:31,043 | INFO  | SCMAudit | user=jenkins1000 | ip=192.168.5.191 | op=SEND_HEARTBEAT {datanodeUUID=7ffeb123-8a07-43fc-9bc5-d9b026895606, command=[]} | ret=SUCCESS |  
2019-08-27 19:05:31,112 | INFO  | SCMAudit | user=jenkins1000 | ip=192.168.5.191 | op=SEND_HEARTBEAT {datanodeUUID=38f28178-96e9-481f-bed8-cfb19f684f50, command=[]} | ret=SUCCESS |  
2019-08-27 19:05:31,215 | INFO  | SCMAudit | user=jenkins1000 | ip=192.168.5.191 | op=SEND_HEARTBEAT {datanodeUUID=1a6ef58e-b6d8-4916-b5f4-f66cad6b6cba, command=[]} | ret=SUCCESS |  
2019-08-27 19:05:31,332 | INFO  | SCMAudit | user=jenkins1000 | ip=192.168.5.191 | op=SEND_HEARTBEAT {datanodeUUID=3e80ec3d-d0df-446e-9c00-872113d57222, command=[]} | ret=SUCCESS |  
2019-08-27 19:05:31,986 | INFO  | SCMAudit | user=jenkins1000 | ip=192.168.5.191 | op=SEND_HEARTBEAT {datanodeUUID=d3c05237-bd84-4234-a934-0ba66750ea46, command=[]} | ret=SUCCESS |  
2019-08-27 19:05:32,010 | INFO  | SCMAudit | user=jenkins1000 | ip=192.168.5.191 | op=SEND_HEARTBEAT {datanodeUUID=8dbfb03d-3489-434f-b2ff-176126556357, command=[]} | ret=SUCCESS |  
2019-08-27 19:05:32,012 | INFO  | SCMAudit | user=jenkins1000 | ip=192.168.5.191 | op=SEND_HEARTBEAT {datanodeUUID=457b0f2b-feff-4639-91a3-a11070381d4f, command=[]} | ret=SUCCESS |  
2019-08-27 19:05:32,044 | INFO  | SCMAudit | user=jenkins1000 | ip=192.168.5.191 | op=SEND_HEARTBEAT {datanodeUUID=7ffeb123-8a07-43fc-9bc5-d9b026895606, command=[]} | ret=SUCCESS |  
2019-08-27 19:05:32,112 | INFO  | SCMAudit | user=jenkins1000 | ip=192.168.5.191 | op=SEND_HEARTBEAT {datanodeUUID=38f28178-96e9-481f-bed8-cfb19f684f50, command=[]} | ret=SUCCESS |  
2019-08-27 19:05:32,216 | INFO  | SCMAudit | user=jenkins1000 | ip=192.168.5.191 | op=SEND_HEARTBEAT {datanodeUUID=1a6ef58e-b6d8-4916-b5f4-f66cad6b6cba, command=[]} | ret=SUCCESS |  
2019-08-27 19:05:32,333 | INFO  | SCMAudit | user=jenkins1000 | ip=192.168.5.191 | op=SEND_HEARTBEAT {datanodeUUID=3e80ec3d-d0df-446e-9c00-872113d57222, command=[]} | ret=SUCCESS |  
2019-08-27 19:05:32,449 [grpc-default-executor-5] INFO  client.GrpcClientProtocolClient (GrpcClientProtocolClient.java:onNext(255)) - client-0C1CC1C50A7C->457b0f2b-feff-4639-91a3-a11070381d4f: receive RaftClientReply:client-0C1CC1C50A7C->457b0f2b-feff-4639-91a3-a11070381d4f@group-5A0C10B0A675, cid=45, FAILED org.apache.ratis.protocol.NotLeaderException: Server 457b0f2b-feff-4639-91a3-a11070381d4f is not the leader (d3c05237-bd84-4234-a934-0ba66750ea46:192.168.5.191:42272). Request must be sent to leader., logIndex=0, commits[457b0f2b-feff-4639-91a3-a11070381d4f:c8, d3c05237-bd84-4234-a934-0ba66750ea46:c8, 8dbfb03d-3489-434f-b2ff-176126556357:c8]
2019-08-27 19:05:32,986 | INFO  | SCMAudit | user=jenkins1000 | ip=192.168.5.191 | op=SEND_HEARTBEAT {datanodeUUID=d3c05237-bd84-4234-a934-0ba66750ea46, command=[]} | ret=SUCCESS |  
2019-08-27 19:05:33,010 | INFO  | SCMAudit | user=jenkins1000 | ip=192.168.5.191 | op=SEND_HEARTBEAT {datanodeUUID=8dbfb03d-3489-434f-b2ff-176126556357, command=[]} | ret=SUCCESS |  
2019-08-27 19:05:33,012 | INFO  | SCMAudit | user=jenkins1000 | ip=192.168.5.191 | op=SEND_HEARTBEAT {datanodeUUID=457b0f2b-feff-4639-91a3-a11070381d4f, command=[]} | ret=SUCCESS |  
2019-08-27 19:05:33,044 | INFO  | SCMAudit | user=jenkins1000 | ip=192.168.5.191 | op=SEND_HEARTBEAT {datanodeUUID=7ffeb123-8a07-43fc-9bc5-d9b026895606, command=[]} | ret=SUCCESS |  
2019-08-27 19:05:33,112 | INFO  | SCMAudit | user=jenkins1000 | ip=192.168.5.191 | op=SEND_HEARTBEAT {datanodeUUID=38f28178-96e9-481f-bed8-cfb19f684f50, command=[]} | ret=SUCCESS |  
2019-08-27 19:05:33,216 | INFO  | SCMAudit | user=jenkins1000 | ip=192.168.5.191 | op=SEND_HEARTBEAT {datanodeUUID=1a6ef58e-b6d8-4916-b5f4-f66cad6b6cba, command=[]} | ret=SUCCESS |  
2019-08-27 19:05:33,333 | INFO  | SCMAudit | user=jenkins1000 | ip=192.168.5.191 | op=SEND_HEARTBEAT {datanodeUUID=3e80ec3d-d0df-446e-9c00-872113d57222, command=[]} | ret=SUCCESS |  
2019-08-27 19:05:33,985 | INFO  | SCMAudit | user=jenkins1000 | ip=192.168.5.191 | op=SEND_HEARTBEAT {datanodeUUID=d3c05237-bd84-4234-a934-0ba66750ea46, command=[]} | ret=SUCCESS |  
2019-08-27 19:05:34,010 | INFO  | SCMAudit | user=jenkins1000 | ip=192.168.5.191 | op=SEND_HEARTBEAT {datanodeUUID=8dbfb03d-3489-434f-b2ff-176126556357, command=[]} | ret=SUCCESS |  
2019-08-27 19:05:34,012 | INFO  | SCMAudit | user=jenkins1000 | ip=192.168.5.191 | op=SEND_HEARTBEAT {datanodeUUID=457b0f2b-feff-4639-91a3-a11070381d4f, command=[]} | ret=SUCCESS |  
2019-08-27 19:05:34,045 | INFO  | SCMAudit | user=jenkins1000 | ip=192.168.5.191 | op=SEND_HEARTBEAT {datanodeUUID=7ffeb123-8a07-43fc-9bc5-d9b026895606, command=[]} | ret=SUCCESS |  
2019-08-27 19:05:34,112 | INFO  | SCMAudit | user=jenkins1000 | ip=192.168.5.191 | op=SEND_HEARTBEAT {datanodeUUID=38f28178-96e9-481f-bed8-cfb19f684f50, command=[]} | ret=SUCCESS |  
2019-08-27 19:05:34,216 | INFO  | SCMAudit | user=jenkins1000 | ip=192.168.5.191 | op=SEND_HEARTBEAT {datanodeUUID=1a6ef58e-b6d8-4916-b5f4-f66cad6b6cba, command=[]} | ret=SUCCESS |  
2019-08-27 19:05:34,334 | INFO  | SCMAudit | user=jenkins1000 | ip=192.168.5.191 | op=SEND_HEARTBEAT {datanodeUUID=3e80ec3d-d0df-446e-9c00-872113d57222, command=[]} | ret=SUCCESS |  
2019-08-27 19:05:34,985 | INFO  | SCMAudit | user=jenkins1000 | ip=192.168.5.191 | op=SEND_HEARTBEAT {datanodeUUID=d3c05237-bd84-4234-a934-0ba66750ea46, command=[]} | ret=SUCCESS |  
2019-08-27 19:05:35,011 | INFO  | SCMAudit | user=jenkins1000 | ip=192.168.5.191 | op=SEND_HEARTBEAT {datanodeUUID=8dbfb03d-3489-434f-b2ff-176126556357, command=[]} | ret=SUCCESS |  
2019-08-27 19:05:35,012 | INFO  | SCMAudit | user=jenkins1000 | ip=192.168.5.191 | op=SEND_HEARTBEAT {datanodeUUID=457b0f2b-feff-4639-91a3-a11070381d4f, command=[]} | ret=SUCCESS |  
2019-08-27 19:05:35,045 | INFO  | SCMAudit | user=jenkins1000 | ip=192.168.5.191 | op=SEND_HEARTBEAT {datanodeUUID=7ffeb123-8a07-43fc-9bc5-d9b026895606, command=[]} | ret=SUCCESS |  
2019-08-27 19:05:35,112 | INFO  | SCMAudit | user=jenkins1000 | ip=192.168.5.191 | op=SEND_HEARTBEAT {datanodeUUID=38f28178-96e9-481f-bed8-cfb19f684f50, command=[]} | ret=SUCCESS |  
2019-08-27 19:05:35,216 | INFO  | SCMAudit | user=jenkins1000 | ip=192.168.5.191 | op=SEND_HEARTBEAT {datanodeUUID=1a6ef58e-b6d8-4916-b5f4-f66cad6b6cba, command=[]} | ret=SUCCESS |  
2019-08-27 19:05:35,334 | INFO  | SCMAudit | user=jenkins1000 | ip=192.168.5.191 | op=SEND_HEARTBEAT {datanodeUUID=3e80ec3d-d0df-446e-9c00-872113d57222, command=[]} | ret=SUCCESS |  
2019-08-27 19:05:35,986 | INFO  | SCMAudit | user=jenkins1000 | ip=192.168.5.191 | op=SEND_HEARTBEAT {datanodeUUID=d3c05237-bd84-4234-a934-0ba66750ea46, command=[]} | ret=SUCCESS |  
2019-08-27 19:05:36,010 | INFO  | SCMAudit | user=jenkins1000 | ip=192.168.5.191 | op=SEND_HEARTBEAT {datanodeUUID=8dbfb03d-3489-434f-b2ff-176126556357, command=[]} | ret=SUCCESS |  
2019-08-27 19:05:36,012 | INFO  | SCMAudit | user=jenkins1000 | ip=192.168.5.191 | op=SEND_HEARTBEAT {datanodeUUID=457b0f2b-feff-4639-91a3-a11070381d4f, command=[]} | ret=SUCCESS |  
2019-08-27 19:05:36,045 | INFO  | SCMAudit | user=jenkins1000 | ip=192.168.5.191 | op=SEND_HEARTBEAT {datanodeUUID=7ffeb123-8a07-43fc-9bc5-d9b026895606, command=[]} | ret=SUCCESS |  
2019-08-27 19:05:36,113 | INFO  | SCMAudit | user=jenkins1000 | ip=192.168.5.191 | op=SEND_HEARTBEAT {datanodeUUID=38f28178-96e9-481f-bed8-cfb19f684f50, command=[]} | ret=SUCCESS |  
2019-08-27 19:05:36,216 | INFO  | SCMAudit | user=jenkins1000 | ip=192.168.5.191 | op=SEND_HEARTBEAT {datanodeUUID=1a6ef58e-b6d8-4916-b5f4-f66cad6b6cba, command=[]} | ret=SUCCESS |  
2019-08-27 19:05:36,333 | INFO  | SCMAudit | user=jenkins1000 | ip=192.168.5.191 | op=SEND_HEARTBEAT {datanodeUUID=3e80ec3d-d0df-446e-9c00-872113d57222, command=[]} | ret=SUCCESS |  
2019-08-27 19:05:36,985 | INFO  | SCMAudit | user=jenkins1000 | ip=192.168.5.191 | op=SEND_HEARTBEAT {datanodeUUID=d3c05237-bd84-4234-a934-0ba66750ea46, command=[]} | ret=SUCCESS |  
2019-08-27 19:05:37,010 | INFO  | SCMAudit | user=jenkins1000 | ip=192.168.5.191 | op=SEND_HEARTBEAT {datanodeUUID=8dbfb03d-3489-434f-b2ff-176126556357, command=[]} | ret=SUCCESS |  
2019-08-27 19:05:37,012 | INFO  | SCMAudit | user=jenkins1000 | ip=192.168.5.191 | op=SEND_HEARTBEAT {datanodeUUID=457b0f2b-feff-4639-91a3-a11070381d4f, command=[]} | ret=SUCCESS |  
2019-08-27 19:05:37,045 | INFO  | SCMAudit | user=jenkins1000 | ip=192.168.5.191 | op=SEND_HEARTBEAT {datanodeUUID=7ffeb123-8a07-43fc-9bc5-d9b026895606, command=[]} | ret=SUCCESS |  
2019-08-27 19:05:37,113 | INFO  | SCMAudit | user=jenkins1000 | ip=192.168.5.191 | op=SEND_HEARTBEAT {datanodeUUID=38f28178-96e9-481f-bed8-cfb19f684f50, command=[]} | ret=SUCCESS |  
2019-08-27 19:05:37,216 | INFO  | SCMAudit | user=jenkins1000 | ip=192.168.5.191 | op=SEND_HEARTBEAT {datanodeUUID=1a6ef58e-b6d8-4916-b5f4-f66cad6b6cba, command=[]} | ret=SUCCESS |  
2019-08-27 19:05:37,333 | INFO  | SCMAudit | user=jenkins1000 | ip=192.168.5.191 | op=SEND_HEARTBEAT {datanodeUUID=3e80ec3d-d0df-446e-9c00-872113d57222, command=[]} | ret=SUCCESS |  
2019-08-27 19:05:37,490 [grpc-default-executor-5] INFO  client.GrpcClientProtocolClient (GrpcClientProtocolClient.java:onNext(255)) - client-0C1CC1C50A7C->8dbfb03d-3489-434f-b2ff-176126556357: receive RaftClientReply:client-0C1CC1C50A7C->8dbfb03d-3489-434f-b2ff-176126556357@group-5A0C10B0A675, cid=45, FAILED org.apache.ratis.protocol.NotLeaderException: Server 8dbfb03d-3489-434f-b2ff-176126556357 is not the leader (d3c05237-bd84-4234-a934-0ba66750ea46:192.168.5.191:42272). Request must be sent to leader., logIndex=0, commits[8dbfb03d-3489-434f-b2ff-176126556357:c8, 457b0f2b-feff-4639-91a3-a11070381d4f:c8, d3c05237-bd84-4234-a934-0ba66750ea46:c8]
2019-08-27 19:05:37,985 | INFO  | SCMAudit | user=jenkins1000 | ip=192.168.5.191 | op=SEND_HEARTBEAT {datanodeUUID=d3c05237-bd84-4234-a934-0ba66750ea46, command=[]} | ret=SUCCESS |  
2019-08-27 19:05:38,010 | INFO  | SCMAudit | user=jenkins1000 | ip=192.168.5.191 | op=SEND_HEARTBEAT {datanodeUUID=8dbfb03d-3489-434f-b2ff-176126556357, command=[]} | ret=SUCCESS |  
2019-08-27 19:05:38,012 | INFO  | SCMAudit | user=jenkins1000 | ip=192.168.5.191 | op=SEND_HEARTBEAT {datanodeUUID=457b0f2b-feff-4639-91a3-a11070381d4f, command=[]} | ret=SUCCESS |  
2019-08-27 19:05:38,045 | INFO  | SCMAudit | user=jenkins1000 | ip=192.168.5.191 | op=SEND_HEARTBEAT {datanodeUUID=7ffeb123-8a07-43fc-9bc5-d9b026895606, command=[]} | ret=SUCCESS |  
2019-08-27 19:05:38,113 | INFO  | SCMAudit | user=jenkins1000 | ip=192.168.5.191 | op=SEND_HEARTBEAT {datanodeUUID=38f28178-96e9-481f-bed8-cfb19f684f50, command=[]} | ret=SUCCESS |  
2019-08-27 19:05:38,217 | INFO  | SCMAudit | user=jenkins1000 | ip=192.168.5.191 | op=SEND_HEARTBEAT {datanodeUUID=1a6ef58e-b6d8-4916-b5f4-f66cad6b6cba, command=[]} | ret=SUCCESS |  
2019-08-27 19:05:38,333 | INFO  | SCMAudit | user=jenkins1000 | ip=192.168.5.191 | op=SEND_HEARTBEAT {datanodeUUID=3e80ec3d-d0df-446e-9c00-872113d57222, command=[]} | ret=SUCCESS |  
2019-08-27 19:05:38,986 | INFO  | SCMAudit | user=jenkins1000 | ip=192.168.5.191 | op=SEND_HEARTBEAT {datanodeUUID=d3c05237-bd84-4234-a934-0ba66750ea46, command=[]} | ret=SUCCESS |  
2019-08-27 19:05:39,010 | INFO  | SCMAudit | user=jenkins1000 | ip=192.168.5.191 | op=SEND_HEARTBEAT {datanodeUUID=8dbfb03d-3489-434f-b2ff-176126556357, command=[]} | ret=SUCCESS |  
2019-08-27 19:05:39,012 | INFO  | SCMAudit | user=jenkins1000 | ip=192.168.5.191 | op=SEND_HEARTBEAT {datanodeUUID=457b0f2b-feff-4639-91a3-a11070381d4f, command=[]} | ret=SUCCESS |  
2019-08-27 19:05:39,045 | INFO  | SCMAudit | user=jenkins1000 | ip=192.168.5.191 | op=SEND_HEARTBEAT {datanodeUUID=7ffeb123-8a07-43fc-9bc5-d9b026895606, command=[]} | ret=SUCCESS |  
2019-08-27 19:05:39,113 | INFO  | SCMAudit | user=jenkins1000 | ip=192.168.5.191 | op=SEND_HEARTBEAT {datanodeUUID=38f28178-96e9-481f-bed8-cfb19f684f50, command=[]} | ret=SUCCESS |  
2019-08-27 19:05:39,217 | INFO  | SCMAudit | user=jenkins1000 | ip=192.168.5.191 | op=SEND_HEARTBEAT {datanodeUUID=1a6ef58e-b6d8-4916-b5f4-f66cad6b6cba, command=[]} | ret=SUCCESS |  
2019-08-27 19:05:39,334 | INFO  | SCMAudit | user=jenkins1000 | ip=192.168.5.191 | op=SEND_HEARTBEAT {datanodeUUID=3e80ec3d-d0df-446e-9c00-872113d57222, command=[]} | ret=SUCCESS |  
2019-08-27 19:05:39,985 | INFO  | SCMAudit | user=jenkins1000 | ip=192.168.5.191 | op=SEND_HEARTBEAT {datanodeUUID=d3c05237-bd84-4234-a934-0ba66750ea46, command=[]} | ret=SUCCESS |  
2019-08-27 19:05:40,010 | INFO  | SCMAudit | user=jenkins1000 | ip=192.168.5.191 | op=SEND_HEARTBEAT {datanodeUUID=8dbfb03d-3489-434f-b2ff-176126556357, command=[]} | ret=SUCCESS |  
2019-08-27 19:05:40,012 | INFO  | SCMAudit | user=jenkins1000 | ip=192.168.5.191 | op=SEND_HEARTBEAT {datanodeUUID=457b0f2b-feff-4639-91a3-a11070381d4f, command=[]} | ret=SUCCESS |  
2019-08-27 19:05:40,046 | INFO  | SCMAudit | user=jenkins1000 | ip=192.168.5.191 | op=SEND_HEARTBEAT {datanodeUUID=7ffeb123-8a07-43fc-9bc5-d9b026895606, command=[]} | ret=SUCCESS |  
2019-08-27 19:05:40,113 | INFO  | SCMAudit | user=jenkins1000 | ip=192.168.5.191 | op=SEND_HEARTBEAT {datanodeUUID=38f28178-96e9-481f-bed8-cfb19f684f50, command=[]} | ret=SUCCESS |  
2019-08-27 19:05:40,217 | INFO  | SCMAudit | user=jenkins1000 | ip=192.168.5.191 | op=SEND_HEARTBEAT {datanodeUUID=1a6ef58e-b6d8-4916-b5f4-f66cad6b6cba, command=[]} | ret=SUCCESS |  
2019-08-27 19:05:40,334 | INFO  | SCMAudit | user=jenkins1000 | ip=192.168.5.191 | op=SEND_HEARTBEAT {datanodeUUID=3e80ec3d-d0df-446e-9c00-872113d57222, command=[]} | ret=SUCCESS |  
2019-08-27 19:05:40,985 | INFO  | SCMAudit | user=jenkins1000 | ip=192.168.5.191 | op=SEND_HEARTBEAT {datanodeUUID=d3c05237-bd84-4234-a934-0ba66750ea46, command=[]} | ret=SUCCESS |  
2019-08-27 19:05:41,010 | INFO  | SCMAudit | user=jenkins1000 | ip=192.168.5.191 | op=SEND_HEARTBEAT {datanodeUUID=8dbfb03d-3489-434f-b2ff-176126556357, command=[]} | ret=SUCCESS |  
2019-08-27 19:05:41,012 | INFO  | SCMAudit | user=jenkins1000 | ip=192.168.5.191 | op=SEND_HEARTBEAT {datanodeUUID=457b0f2b-feff-4639-91a3-a11070381d4f, command=[]} | ret=SUCCESS |  
2019-08-27 19:05:41,046 | INFO  | SCMAudit | user=jenkins1000 | ip=192.168.5.191 | op=SEND_HEARTBEAT {datanodeUUID=7ffeb123-8a07-43fc-9bc5-d9b026895606, command=[]} | ret=SUCCESS |  
2019-08-27 19:05:41,113 | INFO  | SCMAudit | user=jenkins1000 | ip=192.168.5.191 | op=SEND_HEARTBEAT {datanodeUUID=38f28178-96e9-481f-bed8-cfb19f684f50, command=[]} | ret=SUCCESS |  
2019-08-27 19:05:41,217 | INFO  | SCMAudit | user=jenkins1000 | ip=192.168.5.191 | op=SEND_HEARTBEAT {datanodeUUID=1a6ef58e-b6d8-4916-b5f4-f66cad6b6cba, command=[]} | ret=SUCCESS |  
2019-08-27 19:05:41,335 | INFO  | SCMAudit | user=jenkins1000 | ip=192.168.5.191 | op=SEND_HEARTBEAT {datanodeUUID=3e80ec3d-d0df-446e-9c00-872113d57222, command=[]} | ret=SUCCESS |  
2019-08-27 19:05:41,991 | INFO  | SCMAudit | user=jenkins1000 | ip=192.168.5.191 | op=SEND_HEARTBEAT {datanodeUUID=d3c05237-bd84-4234-a934-0ba66750ea46, command=[]} | ret=SUCCESS |  
2019-08-27 19:05:42,010 | INFO  | SCMAudit | user=jenkins1000 | ip=192.168.5.191 | op=SEND_HEARTBEAT {datanodeUUID=8dbfb03d-3489-434f-b2ff-176126556357, command=[]} | ret=SUCCESS |  
2019-08-27 19:05:42,013 | INFO  | SCMAudit | user=jenkins1000 | ip=192.168.5.191 | op=SEND_HEARTBEAT {datanodeUUID=457b0f2b-feff-4639-91a3-a11070381d4f, command=[]} | ret=SUCCESS |  
2019-08-27 19:05:42,047 | INFO  | SCMAudit | user=jenkins1000 | ip=192.168.5.191 | op=SEND_HEARTBEAT {datanodeUUID=7ffeb123-8a07-43fc-9bc5-d9b026895606, command=[]} | ret=SUCCESS |  
2019-08-27 19:05:42,114 | INFO  | SCMAudit | user=jenkins1000 | ip=192.168.5.191 | op=SEND_HEARTBEAT {datanodeUUID=38f28178-96e9-481f-bed8-cfb19f684f50, command=[]} | ret=SUCCESS |  
2019-08-27 19:05:42,217 | INFO  | SCMAudit | user=jenkins1000 | ip=192.168.5.191 | op=SEND_HEARTBEAT {datanodeUUID=1a6ef58e-b6d8-4916-b5f4-f66cad6b6cba, command=[]} | ret=SUCCESS |  
2019-08-27 19:05:42,334 | INFO  | SCMAudit | user=jenkins1000 | ip=192.168.5.191 | op=SEND_HEARTBEAT {datanodeUUID=3e80ec3d-d0df-446e-9c00-872113d57222, command=[]} | ret=SUCCESS |  
2019-08-27 19:05:42,530 [grpc-default-executor-1] INFO  client.GrpcClientProtocolClient (GrpcClientProtocolClient.java:onNext(255)) - client-0C1CC1C50A7C->8dbfb03d-3489-434f-b2ff-176126556357: receive RaftClientReply:client-0C1CC1C50A7C->8dbfb03d-3489-434f-b2ff-176126556357@group-5A0C10B0A675, cid=45, FAILED org.apache.ratis.protocol.NotLeaderException: Server 8dbfb03d-3489-434f-b2ff-176126556357 is not the leader (d3c05237-bd84-4234-a934-0ba66750ea46:192.168.5.191:42272). Request must be sent to leader., logIndex=0, commits[8dbfb03d-3489-434f-b2ff-176126556357:c8, 457b0f2b-feff-4639-91a3-a11070381d4f:c8, d3c05237-bd84-4234-a934-0ba66750ea46:c8]
2019-08-27 19:05:42,987 | INFO  | SCMAudit | user=jenkins1000 | ip=192.168.5.191 | op=SEND_HEARTBEAT {datanodeUUID=d3c05237-bd84-4234-a934-0ba66750ea46, command=[]} | ret=SUCCESS |  
2019-08-27 19:05:43,010 | INFO  | SCMAudit | user=jenkins1000 | ip=192.168.5.191 | op=SEND_HEARTBEAT {datanodeUUID=8dbfb03d-3489-434f-b2ff-176126556357, command=[]} | ret=SUCCESS |  
2019-08-27 19:05:43,013 | INFO  | SCMAudit | user=jenkins1000 | ip=192.168.5.191 | op=SEND_HEARTBEAT {datanodeUUID=457b0f2b-feff-4639-91a3-a11070381d4f, command=[]} | ret=SUCCESS |  
2019-08-27 19:05:43,046 | INFO  | SCMAudit | user=jenkins1000 | ip=192.168.5.191 | op=SEND_HEARTBEAT {datanodeUUID=7ffeb123-8a07-43fc-9bc5-d9b026895606, command=[]} | ret=SUCCESS |  
2019-08-27 19:05:43,115 | INFO  | SCMAudit | user=jenkins1000 | ip=192.168.5.191 | op=SEND_HEARTBEAT {datanodeUUID=38f28178-96e9-481f-bed8-cfb19f684f50, command=[]} | ret=SUCCESS |  
2019-08-27 19:05:43,217 | INFO  | SCMAudit | user=jenkins1000 | ip=192.168.5.191 | op=SEND_HEARTBEAT {datanodeUUID=1a6ef58e-b6d8-4916-b5f4-f66cad6b6cba, command=[]} | ret=SUCCESS |  
2019-08-27 19:05:43,334 | INFO  | SCMAudit | user=jenkins1000 | ip=192.168.5.191 | op=SEND_HEARTBEAT {datanodeUUID=3e80ec3d-d0df-446e-9c00-872113d57222, command=[]} | ret=SUCCESS |  
2019-08-27 19:05:43,986 | INFO  | SCMAudit | user=jenkins1000 | ip=192.168.5.191 | op=SEND_HEARTBEAT {datanodeUUID=d3c05237-bd84-4234-a934-0ba66750ea46, command=[]} | ret=SUCCESS |  
2019-08-27 19:05:44,010 | INFO  | SCMAudit | user=jenkins1000 | ip=192.168.5.191 | op=SEND_HEARTBEAT {datanodeUUID=8dbfb03d-3489-434f-b2ff-176126556357, command=[]} | ret=SUCCESS |  
2019-08-27 19:05:44,013 | INFO  | SCMAudit | user=jenkins1000 | ip=192.168.5.191 | op=SEND_HEARTBEAT {datanodeUUID=457b0f2b-feff-4639-91a3-a11070381d4f, command=[]} | ret=SUCCESS |  
2019-08-27 19:05:44,046 | INFO  | SCMAudit | user=jenkins1000 | ip=192.168.5.191 | op=SEND_HEARTBEAT {datanodeUUID=7ffeb123-8a07-43fc-9bc5-d9b026895606, command=[]} | ret=SUCCESS |  
2019-08-27 19:05:44,115 | INFO  | SCMAudit | user=jenkins1000 | ip=192.168.5.191 | op=SEND_HEARTBEAT {datanodeUUID=38f28178-96e9-481f-bed8-cfb19f684f50, command=[]} | ret=SUCCESS |  
2019-08-27 19:05:44,217 | INFO  | SCMAudit | user=jenkins1000 | ip=192.168.5.191 | op=SEND_HEARTBEAT {datanodeUUID=1a6ef58e-b6d8-4916-b5f4-f66cad6b6cba, command=[]} | ret=SUCCESS |  
2019-08-27 19:05:44,334 | INFO  | SCMAudit | user=jenkins1000 | ip=192.168.5.191 | op=SEND_HEARTBEAT {datanodeUUID=3e80ec3d-d0df-446e-9c00-872113d57222, command=[]} | ret=SUCCESS |  
2019-08-27 19:05:44,987 | INFO  | SCMAudit | user=jenkins1000 | ip=192.168.5.191 | op=SEND_HEARTBEAT {datanodeUUID=d3c05237-bd84-4234-a934-0ba66750ea46, command=[]} | ret=SUCCESS |  
2019-08-27 19:05:45,010 | INFO  | SCMAudit | user=jenkins1000 | ip=192.168.5.191 | op=SEND_HEARTBEAT {datanodeUUID=8dbfb03d-3489-434f-b2ff-176126556357, command=[]} | ret=SUCCESS |  
2019-08-27 19:05:45,013 | INFO  | SCMAudit | user=jenkins1000 | ip=192.168.5.191 | op=SEND_HEARTBEAT {datanodeUUID=457b0f2b-feff-4639-91a3-a11070381d4f, command=[]} | ret=SUCCESS |  
2019-08-27 19:05:45,046 | INFO  | SCMAudit | user=jenkins1000 | ip=192.168.5.191 | op=SEND_HEARTBEAT {datanodeUUID=7ffeb123-8a07-43fc-9bc5-d9b026895606, command=[]} | ret=SUCCESS |  
2019-08-27 19:05:45,114 | INFO  | SCMAudit | user=jenkins1000 | ip=192.168.5.191 | op=SEND_HEARTBEAT {datanodeUUID=38f28178-96e9-481f-bed8-cfb19f684f50, command=[]} | ret=SUCCESS |  
2019-08-27 19:05:45,217 | INFO  | SCMAudit | user=jenkins1000 | ip=192.168.5.191 | op=SEND_HEARTBEAT {datanodeUUID=1a6ef58e-b6d8-4916-b5f4-f66cad6b6cba, command=[]} | ret=SUCCESS |  
2019-08-27 19:05:45,334 | INFO  | SCMAudit | user=jenkins1000 | ip=192.168.5.191 | op=SEND_HEARTBEAT {datanodeUUID=3e80ec3d-d0df-446e-9c00-872113d57222, command=[]} | ret=SUCCESS |  
2019-08-27 19:05:45,986 | INFO  | SCMAudit | user=jenkins1000 | ip=192.168.5.191 | op=SEND_HEARTBEAT {datanodeUUID=d3c05237-bd84-4234-a934-0ba66750ea46, command=[]} | ret=SUCCESS |  
2019-08-27 19:05:46,010 | INFO  | SCMAudit | user=jenkins1000 | ip=192.168.5.191 | op=SEND_HEARTBEAT {datanodeUUID=8dbfb03d-3489-434f-b2ff-176126556357, command=[]} | ret=SUCCESS |  
2019-08-27 19:05:46,013 | INFO  | SCMAudit | user=jenkins1000 | ip=192.168.5.191 | op=SEND_HEARTBEAT {datanodeUUID=457b0f2b-feff-4639-91a3-a11070381d4f, command=[]} | ret=SUCCESS |  
2019-08-27 19:05:46,046 | INFO  | SCMAudit | user=jenkins1000 | ip=192.168.5.191 | op=SEND_HEARTBEAT {datanodeUUID=7ffeb123-8a07-43fc-9bc5-d9b026895606, command=[]} | ret=SUCCESS |  
2019-08-27 19:05:46,114 | INFO  | SCMAudit | user=jenkins1000 | ip=192.168.5.191 | op=SEND_HEARTBEAT {datanodeUUID=38f28178-96e9-481f-bed8-cfb19f684f50, command=[]} | ret=SUCCESS |  
2019-08-27 19:05:46,217 | INFO  | SCMAudit | user=jenkins1000 | ip=192.168.5.191 | op=SEND_HEARTBEAT {datanodeUUID=1a6ef58e-b6d8-4916-b5f4-f66cad6b6cba, command=[]} | ret=SUCCESS |  
2019-08-27 19:05:46,335 | INFO  | SCMAudit | user=jenkins1000 | ip=192.168.5.191 | op=SEND_HEARTBEAT {datanodeUUID=3e80ec3d-d0df-446e-9c00-872113d57222, command=[]} | ret=SUCCESS |  
2019-08-27 19:05:46,987 | INFO  | SCMAudit | user=jenkins1000 | ip=192.168.5.191 | op=SEND_HEARTBEAT {datanodeUUID=d3c05237-bd84-4234-a934-0ba66750ea46, command=[]} | ret=SUCCESS |  
2019-08-27 19:05:47,010 | INFO  | SCMAudit | user=jenkins1000 | ip=192.168.5.191 | op=SEND_HEARTBEAT {datanodeUUID=8dbfb03d-3489-434f-b2ff-176126556357, command=[]} | ret=SUCCESS |  
2019-08-27 19:05:47,013 | INFO  | SCMAudit | user=jenkins1000 | ip=192.168.5.191 | op=SEND_HEARTBEAT {datanodeUUID=457b0f2b-feff-4639-91a3-a11070381d4f, command=[]} | ret=SUCCESS |  
2019-08-27 19:05:47,046 | INFO  | SCMAudit | user=jenkins1000 | ip=192.168.5.191 | op=SEND_HEARTBEAT {datanodeUUID=7ffeb123-8a07-43fc-9bc5-d9b026895606, command=[]} | ret=SUCCESS |  
2019-08-27 19:05:47,114 | INFO  | SCMAudit | user=jenkins1000 | ip=192.168.5.191 | op=SEND_HEARTBEAT {datanodeUUID=38f28178-96e9-481f-bed8-cfb19f684f50, command=[]} | ret=SUCCESS |  
2019-08-27 19:05:47,217 | INFO  | SCMAudit | user=jenkins1000 | ip=192.168.5.191 | op=SEND_HEARTBEAT {datanodeUUID=1a6ef58e-b6d8-4916-b5f4-f66cad6b6cba, command=[]} | ret=SUCCESS |  
2019-08-27 19:05:47,336 | INFO  | SCMAudit | user=jenkins1000 | ip=192.168.5.191 | op=SEND_HEARTBEAT {datanodeUUID=3e80ec3d-d0df-446e-9c00-872113d57222, command=[]} | ret=SUCCESS |  
2019-08-27 19:05:47,571 [grpc-default-executor-5] INFO  client.GrpcClientProtocolClient (GrpcClientProtocolClient.java:onNext(255)) - client-0C1CC1C50A7C->457b0f2b-feff-4639-91a3-a11070381d4f: receive RaftClientReply:client-0C1CC1C50A7C->457b0f2b-feff-4639-91a3-a11070381d4f@group-5A0C10B0A675, cid=45, FAILED org.apache.ratis.protocol.NotLeaderException: Server 457b0f2b-feff-4639-91a3-a11070381d4f is not the leader (d3c05237-bd84-4234-a934-0ba66750ea46:192.168.5.191:42272). Request must be sent to leader., logIndex=0, commits[457b0f2b-feff-4639-91a3-a11070381d4f:c8, d3c05237-bd84-4234-a934-0ba66750ea46:c8, 8dbfb03d-3489-434f-b2ff-176126556357:c8]
2019-08-27 19:05:47,987 | INFO  | SCMAudit | user=jenkins1000 | ip=192.168.5.191 | op=SEND_HEARTBEAT {datanodeUUID=d3c05237-bd84-4234-a934-0ba66750ea46, command=[]} | ret=SUCCESS |  
2019-08-27 19:05:48,011 | INFO  | SCMAudit | user=jenkins1000 | ip=192.168.5.191 | op=SEND_HEARTBEAT {datanodeUUID=8dbfb03d-3489-434f-b2ff-176126556357, command=[]} | ret=SUCCESS |  
2019-08-27 19:05:48,014 | INFO  | SCMAudit | user=jenkins1000 | ip=192.168.5.191 | op=SEND_HEARTBEAT {datanodeUUID=457b0f2b-feff-4639-91a3-a11070381d4f, command=[]} | ret=SUCCESS |  
2019-08-27 19:05:48,046 | INFO  | SCMAudit | user=jenkins1000 | ip=192.168.5.191 | op=SEND_HEARTBEAT {datanodeUUID=7ffeb123-8a07-43fc-9bc5-d9b026895606, command=[]} | ret=SUCCESS |  
2019-08-27 19:05:48,114 | INFO  | SCMAudit | user=jenkins1000 | ip=192.168.5.191 | op=SEND_HEARTBEAT {datanodeUUID=38f28178-96e9-481f-bed8-cfb19f684f50, command=[]} | ret=SUCCESS |  
2019-08-27 19:05:48,217 | INFO  | SCMAudit | user=jenkins1000 | ip=192.168.5.191 | op=SEND_HEARTBEAT {datanodeUUID=1a6ef58e-b6d8-4916-b5f4-f66cad6b6cba, command=[]} | ret=SUCCESS |  
2019-08-27 19:05:48,335 | INFO  | SCMAudit | user=jenkins1000 | ip=192.168.5.191 | op=SEND_HEARTBEAT {datanodeUUID=3e80ec3d-d0df-446e-9c00-872113d57222, command=[]} | ret=SUCCESS |  
2019-08-27 19:05:48,986 | INFO  | SCMAudit | user=jenkins1000 | ip=192.168.5.191 | op=SEND_HEARTBEAT {datanodeUUID=d3c05237-bd84-4234-a934-0ba66750ea46, command=[]} | ret=SUCCESS |  
2019-08-27 19:05:49,011 | INFO  | SCMAudit | user=jenkins1000 | ip=192.168.5.191 | op=SEND_HEARTBEAT {datanodeUUID=8dbfb03d-3489-434f-b2ff-176126556357, command=[]} | ret=SUCCESS |  
2019-08-27 19:05:49,014 | INFO  | SCMAudit | user=jenkins1000 | ip=192.168.5.191 | op=SEND_HEARTBEAT {datanodeUUID=457b0f2b-feff-4639-91a3-a11070381d4f, command=[]} | ret=SUCCESS |  
2019-08-27 19:05:49,046 | INFO  | SCMAudit | user=jenkins1000 | ip=192.168.5.191 | op=SEND_HEARTBEAT {datanodeUUID=7ffeb123-8a07-43fc-9bc5-d9b026895606, command=[]} | ret=SUCCESS |  
2019-08-27 19:05:49,114 | INFO  | SCMAudit | user=jenkins1000 | ip=192.168.5.191 | op=SEND_HEARTBEAT {datanodeUUID=38f28178-96e9-481f-bed8-cfb19f684f50, command=[]} | ret=SUCCESS |  
2019-08-27 19:05:49,217 | INFO  | SCMAudit | user=jenkins1000 | ip=192.168.5.191 | op=SEND_HEARTBEAT {datanodeUUID=1a6ef58e-b6d8-4916-b5f4-f66cad6b6cba, command=[]} | ret=SUCCESS |  
2019-08-27 19:05:49,335 | INFO  | SCMAudit | user=jenkins1000 | ip=192.168.5.191 | op=SEND_HEARTBEAT {datanodeUUID=3e80ec3d-d0df-446e-9c00-872113d57222, command=[]} | ret=SUCCESS |  
2019-08-27 19:05:49,986 | INFO  | SCMAudit | user=jenkins1000 | ip=192.168.5.191 | op=SEND_HEARTBEAT {datanodeUUID=d3c05237-bd84-4234-a934-0ba66750ea46, command=[]} | ret=SUCCESS |  
2019-08-27 19:05:50,011 | INFO  | SCMAudit | user=jenkins1000 | ip=192.168.5.191 | op=SEND_HEARTBEAT {datanodeUUID=8dbfb03d-3489-434f-b2ff-176126556357, command=[]} | ret=SUCCESS |  
2019-08-27 19:05:50,014 | INFO  | SCMAudit | user=jenkins1000 | ip=192.168.5.191 | op=SEND_HEARTBEAT {datanodeUUID=457b0f2b-feff-4639-91a3-a11070381d4f, command=[]} | ret=SUCCESS |  
2019-08-27 19:05:50,046 | INFO  | SCMAudit | user=jenkins1000 | ip=192.168.5.191 | op=SEND_HEARTBEAT {datanodeUUID=7ffeb123-8a07-43fc-9bc5-d9b026895606, command=[]} | ret=SUCCESS |  
2019-08-27 19:05:50,114 | INFO  | SCMAudit | user=jenkins1000 | ip=192.168.5.191 | op=SEND_HEARTBEAT {datanodeUUID=38f28178-96e9-481f-bed8-cfb19f684f50, command=[]} | ret=SUCCESS |  
2019-08-27 19:05:50,217 | INFO  | SCMAudit | user=jenkins1000 | ip=192.168.5.191 | op=SEND_HEARTBEAT {datanodeUUID=1a6ef58e-b6d8-4916-b5f4-f66cad6b6cba, command=[]} | ret=SUCCESS |  
2019-08-27 19:05:50,336 | INFO  | SCMAudit | user=jenkins1000 | ip=192.168.5.191 | op=SEND_HEARTBEAT {datanodeUUID=3e80ec3d-d0df-446e-9c00-872113d57222, command=[]} | ret=SUCCESS |  
2019-08-27 19:05:50,986 | INFO  | SCMAudit | user=jenkins1000 | ip=192.168.5.191 | op=SEND_HEARTBEAT {datanodeUUID=d3c05237-bd84-4234-a934-0ba66750ea46, command=[]} | ret=SUCCESS |  
2019-08-27 19:05:51,011 | INFO  | SCMAudit | user=jenkins1000 | ip=192.168.5.191 | op=SEND_HEARTBEAT {datanodeUUID=8dbfb03d-3489-434f-b2ff-176126556357, command=[]} | ret=SUCCESS |  
2019-08-27 19:05:51,014 | INFO  | SCMAudit | user=jenkins1000 | ip=192.168.5.191 | op=SEND_HEARTBEAT {datanodeUUID=457b0f2b-feff-4639-91a3-a11070381d4f, command=[]} | ret=SUCCESS |  
2019-08-27 19:05:51,046 | INFO  | SCMAudit | user=jenkins1000 | ip=192.168.5.191 | op=SEND_HEARTBEAT {datanodeUUID=7ffeb123-8a07-43fc-9bc5-d9b026895606, command=[]} | ret=SUCCESS |  
2019-08-27 19:05:51,115 | INFO  | SCMAudit | user=jenkins1000 | ip=192.168.5.191 | op=SEND_HEARTBEAT {datanodeUUID=38f28178-96e9-481f-bed8-cfb19f684f50, command=[]} | ret=SUCCESS |  
2019-08-27 19:05:51,217 | INFO  | SCMAudit | user=jenkins1000 | ip=192.168.5.191 | op=SEND_HEARTBEAT {datanodeUUID=1a6ef58e-b6d8-4916-b5f4-f66cad6b6cba, command=[]} | ret=SUCCESS |  
2019-08-27 19:05:51,336 | INFO  | SCMAudit | user=jenkins1000 | ip=192.168.5.191 | op=SEND_HEARTBEAT {datanodeUUID=3e80ec3d-d0df-446e-9c00-872113d57222, command=[]} | ret=SUCCESS |  
2019-08-27 19:05:51,986 | INFO  | SCMAudit | user=jenkins1000 | ip=192.168.5.191 | op=SEND_HEARTBEAT {datanodeUUID=d3c05237-bd84-4234-a934-0ba66750ea46, command=[]} | ret=SUCCESS |  
2019-08-27 19:05:52,012 | INFO  | SCMAudit | user=jenkins1000 | ip=192.168.5.191 | op=SEND_HEARTBEAT {datanodeUUID=8dbfb03d-3489-434f-b2ff-176126556357, command=[]} | ret=SUCCESS |  
2019-08-27 19:05:52,014 | INFO  | SCMAudit | user=jenkins1000 | ip=192.168.5.191 | op=SEND_HEARTBEAT {datanodeUUID=457b0f2b-feff-4639-91a3-a11070381d4f, command=[]} | ret=SUCCESS |  
2019-08-27 19:05:52,046 | INFO  | SCMAudit | user=jenkins1000 | ip=192.168.5.191 | op=SEND_HEARTBEAT {datanodeUUID=7ffeb123-8a07-43fc-9bc5-d9b026895606, command=[]} | ret=SUCCESS |  
2019-08-27 19:05:52,115 | INFO  | SCMAudit | user=jenkins1000 | ip=192.168.5.191 | op=SEND_HEARTBEAT {datanodeUUID=38f28178-96e9-481f-bed8-cfb19f684f50, command=[]} | ret=SUCCESS |  
2019-08-27 19:05:52,217 | INFO  | SCMAudit | user=jenkins1000 | ip=192.168.5.191 | op=SEND_HEARTBEAT {datanodeUUID=1a6ef58e-b6d8-4916-b5f4-f66cad6b6cba, command=[]} | ret=SUCCESS |  
2019-08-27 19:05:52,336 | INFO  | SCMAudit | user=jenkins1000 | ip=192.168.5.191 | op=SEND_HEARTBEAT {datanodeUUID=3e80ec3d-d0df-446e-9c00-872113d57222, command=[]} | ret=SUCCESS |  
2019-08-27 19:05:52,641 [grpc-default-executor-1] INFO  client.GrpcClientProtocolClient (GrpcClientProtocolClient.java:onNext(255)) - client-0C1CC1C50A7C->8dbfb03d-3489-434f-b2ff-176126556357: receive RaftClientReply:client-0C1CC1C50A7C->8dbfb03d-3489-434f-b2ff-176126556357@group-5A0C10B0A675, cid=45, FAILED org.apache.ratis.protocol.NotLeaderException: Server 8dbfb03d-3489-434f-b2ff-176126556357 is not the leader (d3c05237-bd84-4234-a934-0ba66750ea46:192.168.5.191:42272). Request must be sent to leader., logIndex=0, commits[8dbfb03d-3489-434f-b2ff-176126556357:c8, 457b0f2b-feff-4639-91a3-a11070381d4f:c8, d3c05237-bd84-4234-a934-0ba66750ea46:c8]
2019-08-27 19:05:52,986 | INFO  | SCMAudit | user=jenkins1000 | ip=192.168.5.191 | op=SEND_HEARTBEAT {datanodeUUID=d3c05237-bd84-4234-a934-0ba66750ea46, command=[]} | ret=SUCCESS |  
2019-08-27 19:05:53,011 | INFO  | SCMAudit | user=jenkins1000 | ip=192.168.5.191 | op=SEND_HEARTBEAT {datanodeUUID=8dbfb03d-3489-434f-b2ff-176126556357, command=[]} | ret=SUCCESS |  
2019-08-27 19:05:53,014 | INFO  | SCMAudit | user=jenkins1000 | ip=192.168.5.191 | op=SEND_HEARTBEAT {datanodeUUID=457b0f2b-feff-4639-91a3-a11070381d4f, command=[]} | ret=SUCCESS |  
2019-08-27 19:05:53,047 | INFO  | SCMAudit | user=jenkins1000 | ip=192.168.5.191 | op=SEND_HEARTBEAT {datanodeUUID=7ffeb123-8a07-43fc-9bc5-d9b026895606, command=[]} | ret=SUCCESS |  
2019-08-27 19:05:53,115 | INFO  | SCMAudit | user=jenkins1000 | ip=192.168.5.191 | op=SEND_HEARTBEAT {datanodeUUID=38f28178-96e9-481f-bed8-cfb19f684f50, command=[]} | ret=SUCCESS |  
2019-08-27 19:05:53,218 | INFO  | SCMAudit | user=jenkins1000 | ip=192.168.5.191 | op=SEND_HEARTBEAT {datanodeUUID=1a6ef58e-b6d8-4916-b5f4-f66cad6b6cba, command=[]} | ret=SUCCESS |  
2019-08-27 19:05:53,336 | INFO  | SCMAudit | user=jenkins1000 | ip=192.168.5.191 | op=SEND_HEARTBEAT {datanodeUUID=3e80ec3d-d0df-446e-9c00-872113d57222, command=[]} | ret=SUCCESS |  
2019-08-27 19:05:53,986 | INFO  | SCMAudit | user=jenkins1000 | ip=192.168.5.191 | op=SEND_HEARTBEAT {datanodeUUID=d3c05237-bd84-4234-a934-0ba66750ea46, command=[]} | ret=SUCCESS |  
2019-08-27 19:05:54,011 | INFO  | SCMAudit | user=jenkins1000 | ip=192.168.5.191 | op=SEND_HEARTBEAT {datanodeUUID=8dbfb03d-3489-434f-b2ff-176126556357, command=[]} | ret=SUCCESS |  
2019-08-27 19:05:54,014 | INFO  | SCMAudit | user=jenkins1000 | ip=192.168.5.191 | op=SEND_HEARTBEAT {datanodeUUID=457b0f2b-feff-4639-91a3-a11070381d4f, command=[]} | ret=SUCCESS |  
2019-08-27 19:05:54,047 | INFO  | SCMAudit | user=jenkins1000 | ip=192.168.5.191 | op=SEND_HEARTBEAT {datanodeUUID=7ffeb123-8a07-43fc-9bc5-d9b026895606, command=[]} | ret=SUCCESS |  
2019-08-27 19:05:54,115 | INFO  | SCMAudit | user=jenkins1000 | ip=192.168.5.191 | op=SEND_HEARTBEAT {datanodeUUID=38f28178-96e9-481f-bed8-cfb19f684f50, command=[]} | ret=SUCCESS |  
2019-08-27 19:05:54,218 | INFO  | SCMAudit | user=jenkins1000 | ip=192.168.5.191 | op=SEND_HEARTBEAT {datanodeUUID=1a6ef58e-b6d8-4916-b5f4-f66cad6b6cba, command=[]} | ret=SUCCESS |  
2019-08-27 19:05:54,337 | INFO  | SCMAudit | user=jenkins1000 | ip=192.168.5.191 | op=SEND_HEARTBEAT {datanodeUUID=3e80ec3d-d0df-446e-9c00-872113d57222, command=[]} | ret=SUCCESS |  
2019-08-27 19:05:54,987 | INFO  | SCMAudit | user=jenkins1000 | ip=192.168.5.191 | op=SEND_HEARTBEAT {datanodeUUID=d3c05237-bd84-4234-a934-0ba66750ea46, command=[]} | ret=SUCCESS |  
2019-08-27 19:05:55,012 | INFO  | SCMAudit | user=jenkins1000 | ip=192.168.5.191 | op=SEND_HEARTBEAT {datanodeUUID=8dbfb03d-3489-434f-b2ff-176126556357, command=[]} | ret=SUCCESS |  
2019-08-27 19:05:55,014 | INFO  | SCMAudit | user=jenkins1000 | ip=192.168.5.191 | op=SEND_HEARTBEAT {datanodeUUID=457b0f2b-feff-4639-91a3-a11070381d4f, command=[]} | ret=SUCCESS |  
2019-08-27 19:05:55,048 | INFO  | SCMAudit | user=jenkins1000 | ip=192.168.5.191 | op=SEND_HEARTBEAT {datanodeUUID=7ffeb123-8a07-43fc-9bc5-d9b026895606, command=[]} | ret=SUCCESS |  
2019-08-27 19:05:55,115 | INFO  | SCMAudit | user=jenkins1000 | ip=192.168.5.191 | op=SEND_HEARTBEAT {datanodeUUID=38f28178-96e9-481f-bed8-cfb19f684f50, command=[]} | ret=SUCCESS |  
2019-08-27 19:05:55,218 | INFO  | SCMAudit | user=jenkins1000 | ip=192.168.5.191 | op=SEND_HEARTBEAT {datanodeUUID=1a6ef58e-b6d8-4916-b5f4-f66cad6b6cba, command=[]} | ret=SUCCESS |  
2019-08-27 19:05:55,336 | INFO  | SCMAudit | user=jenkins1000 | ip=192.168.5.191 | op=SEND_HEARTBEAT {datanodeUUID=3e80ec3d-d0df-446e-9c00-872113d57222, command=[]} | ret=SUCCESS |  
2019-08-27 19:05:55,986 | INFO  | SCMAudit | user=jenkins1000 | ip=192.168.5.191 | op=SEND_HEARTBEAT {datanodeUUID=d3c05237-bd84-4234-a934-0ba66750ea46, command=[]} | ret=SUCCESS |  
2019-08-27 19:05:56,012 | INFO  | SCMAudit | user=jenkins1000 | ip=192.168.5.191 | op=SEND_HEARTBEAT {datanodeUUID=8dbfb03d-3489-434f-b2ff-176126556357, command=[]} | ret=SUCCESS |  
2019-08-27 19:05:56,015 | INFO  | SCMAudit | user=jenkins1000 | ip=192.168.5.191 | op=SEND_HEARTBEAT {datanodeUUID=457b0f2b-feff-4639-91a3-a11070381d4f, command=[]} | ret=SUCCESS |  
2019-08-27 19:05:56,048 | INFO  | SCMAudit | user=jenkins1000 | ip=192.168.5.191 | op=SEND_HEARTBEAT {datanodeUUID=7ffeb123-8a07-43fc-9bc5-d9b026895606, command=[]} | ret=SUCCESS |  
2019-08-27 19:05:56,116 | INFO  | SCMAudit | user=jenkins1000 | ip=192.168.5.191 | op=SEND_HEARTBEAT {datanodeUUID=38f28178-96e9-481f-bed8-cfb19f684f50, command=[]} | ret=SUCCESS |  
2019-08-27 19:05:56,218 | INFO  | SCMAudit | user=jenkins1000 | ip=192.168.5.191 | op=SEND_HEARTBEAT {datanodeUUID=1a6ef58e-b6d8-4916-b5f4-f66cad6b6cba, command=[]} | ret=SUCCESS |  
2019-08-27 19:05:56,336 | INFO  | SCMAudit | user=jenkins1000 | ip=192.168.5.191 | op=SEND_HEARTBEAT {datanodeUUID=3e80ec3d-d0df-446e-9c00-872113d57222, command=[]} | ret=SUCCESS |  
2019-08-27 19:05:56,986 | INFO  | SCMAudit | user=jenkins1000 | ip=192.168.5.191 | op=SEND_HEARTBEAT {datanodeUUID=d3c05237-bd84-4234-a934-0ba66750ea46, command=[]} | ret=SUCCESS |  
2019-08-27 19:05:57,012 | INFO  | SCMAudit | user=jenkins1000 | ip=192.168.5.191 | op=SEND_HEARTBEAT {datanodeUUID=8dbfb03d-3489-434f-b2ff-176126556357, command=[]} | ret=SUCCESS |  
2019-08-27 19:05:57,015 | INFO  | SCMAudit | user=jenkins1000 | ip=192.168.5.191 | op=SEND_HEARTBEAT {datanodeUUID=457b0f2b-feff-4639-91a3-a11070381d4f, command=[]} | ret=SUCCESS |  
2019-08-27 19:05:57,048 | INFO  | SCMAudit | user=jenkins1000 | ip=192.168.5.191 | op=SEND_HEARTBEAT {datanodeUUID=7ffeb123-8a07-43fc-9bc5-d9b026895606, command=[]} | ret=SUCCESS |  
2019-08-27 19:05:57,116 | INFO  | SCMAudit | user=jenkins1000 | ip=192.168.5.191 | op=SEND_HEARTBEAT {datanodeUUID=38f28178-96e9-481f-bed8-cfb19f684f50, command=[]} | ret=SUCCESS |  
2019-08-27 19:05:57,218 | INFO  | SCMAudit | user=jenkins1000 | ip=192.168.5.191 | op=SEND_HEARTBEAT {datanodeUUID=1a6ef58e-b6d8-4916-b5f4-f66cad6b6cba, command=[]} | ret=SUCCESS |  
2019-08-27 19:05:57,337 | INFO  | SCMAudit | user=jenkins1000 | ip=192.168.5.191 | op=SEND_HEARTBEAT {datanodeUUID=3e80ec3d-d0df-446e-9c00-872113d57222, command=[]} | ret=SUCCESS |  
2019-08-27 19:05:57,684 [grpc-default-executor-1] INFO  client.GrpcClientProtocolClient (GrpcClientProtocolClient.java:onNext(255)) - client-0C1CC1C50A7C->457b0f2b-feff-4639-91a3-a11070381d4f: receive RaftClientReply:client-0C1CC1C50A7C->457b0f2b-feff-4639-91a3-a11070381d4f@group-5A0C10B0A675, cid=45, FAILED org.apache.ratis.protocol.NotLeaderException: Server 457b0f2b-feff-4639-91a3-a11070381d4f is not the leader (d3c05237-bd84-4234-a934-0ba66750ea46:192.168.5.191:42272). Request must be sent to leader., logIndex=0, commits[457b0f2b-feff-4639-91a3-a11070381d4f:c8, d3c05237-bd84-4234-a934-0ba66750ea46:c8, 8dbfb03d-3489-434f-b2ff-176126556357:c8]
2019-08-27 19:05:57,986 | INFO  | SCMAudit | user=jenkins1000 | ip=192.168.5.191 | op=SEND_HEARTBEAT {datanodeUUID=d3c05237-bd84-4234-a934-0ba66750ea46, command=[]} | ret=SUCCESS |  
2019-08-27 19:05:58,012 | INFO  | SCMAudit | user=jenkins1000 | ip=192.168.5.191 | op=SEND_HEARTBEAT {datanodeUUID=8dbfb03d-3489-434f-b2ff-176126556357, command=[]} | ret=SUCCESS |  
2019-08-27 19:05:58,015 | INFO  | SCMAudit | user=jenkins1000 | ip=192.168.5.191 | op=SEND_HEARTBEAT {datanodeUUID=457b0f2b-feff-4639-91a3-a11070381d4f, command=[]} | ret=SUCCESS |  
2019-08-27 19:05:58,048 | INFO  | SCMAudit | user=jenkins1000 | ip=192.168.5.191 | op=SEND_HEARTBEAT {datanodeUUID=7ffeb123-8a07-43fc-9bc5-d9b026895606, command=[]} | ret=SUCCESS |  
2019-08-27 19:05:58,117 | INFO  | SCMAudit | user=jenkins1000 | ip=192.168.5.191 | op=SEND_HEARTBEAT {datanodeUUID=38f28178-96e9-481f-bed8-cfb19f684f50, command=[]} | ret=SUCCESS |  
2019-08-27 19:05:58,218 | INFO  | SCMAudit | user=jenkins1000 | ip=192.168.5.191 | op=SEND_HEARTBEAT {datanodeUUID=1a6ef58e-b6d8-4916-b5f4-f66cad6b6cba, command=[]} | ret=SUCCESS |  
2019-08-27 19:05:58,337 | INFO  | SCMAudit | user=jenkins1000 | ip=192.168.5.191 | op=SEND_HEARTBEAT {datanodeUUID=3e80ec3d-d0df-446e-9c00-872113d57222, command=[]} | ret=SUCCESS |  
2019-08-27 19:05:58,986 | INFO  | SCMAudit | user=jenkins1000 | ip=192.168.5.191 | op=SEND_HEARTBEAT {datanodeUUID=d3c05237-bd84-4234-a934-0ba66750ea46, command=[]} | ret=SUCCESS |  
2019-08-27 19:05:59,012 | INFO  | SCMAudit | user=jenkins1000 | ip=192.168.5.191 | op=SEND_HEARTBEAT {datanodeUUID=8dbfb03d-3489-434f-b2ff-176126556357, command=[]} | ret=SUCCESS |  
2019-08-27 19:05:59,015 | INFO  | SCMAudit | user=jenkins1000 | ip=192.168.5.191 | op=SEND_HEARTBEAT {datanodeUUID=457b0f2b-feff-4639-91a3-a11070381d4f, command=[]} | ret=SUCCESS |  
2019-08-27 19:05:59,048 | INFO  | SCMAudit | user=jenkins1000 | ip=192.168.5.191 | op=SEND_HEARTBEAT {datanodeUUID=7ffeb123-8a07-43fc-9bc5-d9b026895606, command=[]} | ret=SUCCESS |  
2019-08-27 19:05:59,117 | INFO  | SCMAudit | user=jenkins1000 | ip=192.168.5.191 | op=SEND_HEARTBEAT {datanodeUUID=38f28178-96e9-481f-bed8-cfb19f684f50, command=[]} | ret=SUCCESS |  
2019-08-27 19:05:59,218 | INFO  | SCMAudit | user=jenkins1000 | ip=192.168.5.191 | op=SEND_HEARTBEAT {datanodeUUID=1a6ef58e-b6d8-4916-b5f4-f66cad6b6cba, command=[]} | ret=SUCCESS |  
2019-08-27 19:05:59,338 | INFO  | SCMAudit | user=jenkins1000 | ip=192.168.5.191 | op=SEND_HEARTBEAT {datanodeUUID=3e80ec3d-d0df-446e-9c00-872113d57222, command=[]} | ret=SUCCESS |  
2019-08-27 19:05:59,986 | INFO  | SCMAudit | user=jenkins1000 | ip=192.168.5.191 | op=SEND_HEARTBEAT {datanodeUUID=d3c05237-bd84-4234-a934-0ba66750ea46, command=[]} | ret=SUCCESS |  
2019-08-27 19:06:00,013 | INFO  | SCMAudit | user=jenkins1000 | ip=192.168.5.191 | op=SEND_HEARTBEAT {datanodeUUID=8dbfb03d-3489-434f-b2ff-176126556357, command=[]} | ret=SUCCESS |  
2019-08-27 19:06:00,015 | INFO  | SCMAudit | user=jenkins1000 | ip=192.168.5.191 | op=SEND_HEARTBEAT {datanodeUUID=457b0f2b-feff-4639-91a3-a11070381d4f, command=[]} | ret=SUCCESS |  
2019-08-27 19:06:00,049 | INFO  | SCMAudit | user=jenkins1000 | ip=192.168.5.191 | op=SEND_HEARTBEAT {datanodeUUID=7ffeb123-8a07-43fc-9bc5-d9b026895606, command=[]} | ret=SUCCESS |  
2019-08-27 19:06:00,117 | INFO  | SCMAudit | user=jenkins1000 | ip=192.168.5.191 | op=SEND_HEARTBEAT {datanodeUUID=38f28178-96e9-481f-bed8-cfb19f684f50, command=[]} | ret=SUCCESS |  
2019-08-27 19:06:00,218 | INFO  | SCMAudit | user=jenkins1000 | ip=192.168.5.191 | op=SEND_HEARTBEAT {datanodeUUID=1a6ef58e-b6d8-4916-b5f4-f66cad6b6cba, command=[]} | ret=SUCCESS |  
2019-08-27 19:06:00,337 | INFO  | SCMAudit | user=jenkins1000 | ip=192.168.5.191 | op=SEND_HEARTBEAT {datanodeUUID=3e80ec3d-d0df-446e-9c00-872113d57222, command=[]} | ret=SUCCESS |  
2019-08-27 19:06:00,987 | INFO  | SCMAudit | user=jenkins1000 | ip=192.168.5.191 | op=SEND_HEARTBEAT {datanodeUUID=d3c05237-bd84-4234-a934-0ba66750ea46, command=[]} | ret=SUCCESS |  
2019-08-27 19:06:01,012 | INFO  | SCMAudit | user=jenkins1000 | ip=192.168.5.191 | op=SEND_HEARTBEAT {datanodeUUID=8dbfb03d-3489-434f-b2ff-176126556357, command=[]} | ret=SUCCESS |  
2019-08-27 19:06:01,015 | INFO  | SCMAudit | user=jenkins1000 | ip=192.168.5.191 | op=SEND_HEARTBEAT {datanodeUUID=457b0f2b-feff-4639-91a3-a11070381d4f, command=[]} | ret=SUCCESS |  
2019-08-27 19:06:01,049 | INFO  | SCMAudit | user=jenkins1000 | ip=192.168.5.191 | op=SEND_HEARTBEAT {datanodeUUID=7ffeb123-8a07-43fc-9bc5-d9b026895606, command=[]} | ret=SUCCESS |  
2019-08-27 19:06:01,117 | INFO  | SCMAudit | user=jenkins1000 | ip=192.168.5.191 | op=SEND_HEARTBEAT {datanodeUUID=38f28178-96e9-481f-bed8-cfb19f684f50, command=[]} | ret=SUCCESS |  
2019-08-27 19:06:01,218 | INFO  | SCMAudit | user=jenkins1000 | ip=192.168.5.191 | op=SEND_HEARTBEAT {datanodeUUID=1a6ef58e-b6d8-4916-b5f4-f66cad6b6cba, command=[]} | ret=SUCCESS |  
2019-08-27 19:06:01,337 | INFO  | SCMAudit | user=jenkins1000 | ip=192.168.5.191 | op=SEND_HEARTBEAT {datanodeUUID=3e80ec3d-d0df-446e-9c00-872113d57222, command=[]} | ret=SUCCESS |  
2019-08-27 19:06:01,988 | INFO  | SCMAudit | user=jenkins1000 | ip=192.168.5.191 | op=SEND_HEARTBEAT {datanodeUUID=d3c05237-bd84-4234-a934-0ba66750ea46, command=[]} | ret=SUCCESS |  
2019-08-27 19:06:02,013 | INFO  | SCMAudit | user=jenkins1000 | ip=192.168.5.191 | op=SEND_HEARTBEAT {datanodeUUID=8dbfb03d-3489-434f-b2ff-176126556357, command=[]} | ret=SUCCESS |  
2019-08-27 19:06:02,015 | INFO  | SCMAudit | user=jenkins1000 | ip=192.168.5.191 | op=SEND_HEARTBEAT {datanodeUUID=457b0f2b-feff-4639-91a3-a11070381d4f, command=[]} | ret=SUCCESS |  
2019-08-27 19:06:02,049 | INFO  | SCMAudit | user=jenkins1000 | ip=192.168.5.191 | op=SEND_HEARTBEAT {datanodeUUID=7ffeb123-8a07-43fc-9bc5-d9b026895606, command=[]} | ret=SUCCESS |  
2019-08-27 19:06:02,117 | INFO  | SCMAudit | user=jenkins1000 | ip=192.168.5.191 | op=SEND_HEARTBEAT {datanodeUUID=38f28178-96e9-481f-bed8-cfb19f684f50, command=[]} | ret=SUCCESS |  
2019-08-27 19:06:02,219 | INFO  | SCMAudit | user=jenkins1000 | ip=192.168.5.191 | op=SEND_HEARTBEAT {datanodeUUID=1a6ef58e-b6d8-4916-b5f4-f66cad6b6cba, command=[]} | ret=SUCCESS |  
2019-08-27 19:06:02,337 | INFO  | SCMAudit | user=jenkins1000 | ip=192.168.5.191 | op=SEND_HEARTBEAT {datanodeUUID=3e80ec3d-d0df-446e-9c00-872113d57222, command=[]} | ret=SUCCESS |  
2019-08-27 19:06:02,737 [grpc-default-executor-1] INFO  client.GrpcClientProtocolClient (GrpcClientProtocolClient.java:onNext(255)) - client-0C1CC1C50A7C->8dbfb03d-3489-434f-b2ff-176126556357: receive RaftClientReply:client-0C1CC1C50A7C->8dbfb03d-3489-434f-b2ff-176126556357@group-5A0C10B0A675, cid=45, FAILED org.apache.ratis.protocol.NotLeaderException: Server 8dbfb03d-3489-434f-b2ff-176126556357 is not the leader (d3c05237-bd84-4234-a934-0ba66750ea46:192.168.5.191:42272). Request must be sent to leader., logIndex=0, commits[8dbfb03d-3489-434f-b2ff-176126556357:c8, 457b0f2b-feff-4639-91a3-a11070381d4f:c8, d3c05237-bd84-4234-a934-0ba66750ea46:c8]
2019-08-27 19:06:02,987 | INFO  | SCMAudit | user=jenkins1000 | ip=192.168.5.191 | op=SEND_HEARTBEAT {datanodeUUID=d3c05237-bd84-4234-a934-0ba66750ea46, command=[]} | ret=SUCCESS |  
2019-08-27 19:06:03,013 | INFO  | SCMAudit | user=jenkins1000 | ip=192.168.5.191 | op=SEND_HEARTBEAT {datanodeUUID=8dbfb03d-3489-434f-b2ff-176126556357, command=[]} | ret=SUCCESS |  
2019-08-27 19:06:03,014 | INFO  | SCMAudit | user=jenkins1000 | ip=192.168.5.191 | op=SEND_HEARTBEAT {datanodeUUID=457b0f2b-feff-4639-91a3-a11070381d4f, command=[]} | ret=SUCCESS |  
2019-08-27 19:06:03,049 | INFO  | SCMAudit | user=jenkins1000 | ip=192.168.5.191 | op=SEND_HEARTBEAT {datanodeUUID=7ffeb123-8a07-43fc-9bc5-d9b026895606, command=[]} | ret=SUCCESS |  
2019-08-27 19:06:03,117 | INFO  | SCMAudit | user=jenkins1000 | ip=192.168.5.191 | op=SEND_HEARTBEAT {datanodeUUID=38f28178-96e9-481f-bed8-cfb19f684f50, command=[]} | ret=SUCCESS |  
2019-08-27 19:06:03,219 | INFO  | SCMAudit | user=jenkins1000 | ip=192.168.5.191 | op=SEND_HEARTBEAT {datanodeUUID=1a6ef58e-b6d8-4916-b5f4-f66cad6b6cba, command=[]} | ret=SUCCESS |  
2019-08-27 19:06:03,337 | INFO  | SCMAudit | user=jenkins1000 | ip=192.168.5.191 | op=SEND_HEARTBEAT {datanodeUUID=3e80ec3d-d0df-446e-9c00-872113d57222, command=[]} | ret=SUCCESS |  
2019-08-27 19:06:03,987 | INFO  | SCMAudit | user=jenkins1000 | ip=192.168.5.191 | op=SEND_HEARTBEAT {datanodeUUID=d3c05237-bd84-4234-a934-0ba66750ea46, command=[]} | ret=SUCCESS |  
2019-08-27 19:06:04,014 | INFO  | SCMAudit | user=jenkins1000 | ip=192.168.5.191 | op=SEND_HEARTBEAT {datanodeUUID=8dbfb03d-3489-434f-b2ff-176126556357, command=[]} | ret=SUCCESS |  
2019-08-27 19:06:04,014 | INFO  | SCMAudit | user=jenkins1000 | ip=192.168.5.191 | op=SEND_HEARTBEAT {datanodeUUID=457b0f2b-feff-4639-91a3-a11070381d4f, command=[]} | ret=SUCCESS |  
2019-08-27 19:06:04,048 | INFO  | SCMAudit | user=jenkins1000 | ip=192.168.5.191 | op=SEND_HEARTBEAT {datanodeUUID=7ffeb123-8a07-43fc-9bc5-d9b026895606, command=[]} | ret=SUCCESS |  
2019-08-27 19:06:04,117 | INFO  | SCMAudit | user=jenkins1000 | ip=192.168.5.191 | op=SEND_HEARTBEAT {datanodeUUID=38f28178-96e9-481f-bed8-cfb19f684f50, command=[]} | ret=SUCCESS |  
2019-08-27 19:06:04,219 | INFO  | SCMAudit | user=jenkins1000 | ip=192.168.5.191 | op=SEND_HEARTBEAT {datanodeUUID=1a6ef58e-b6d8-4916-b5f4-f66cad6b6cba, command=[]} | ret=SUCCESS |  
2019-08-27 19:06:04,337 | INFO  | SCMAudit | user=jenkins1000 | ip=192.168.5.191 | op=SEND_HEARTBEAT {datanodeUUID=3e80ec3d-d0df-446e-9c00-872113d57222, command=[]} | ret=SUCCESS |  
2019-08-27 19:06:04,988 | INFO  | SCMAudit | user=jenkins1000 | ip=192.168.5.191 | op=SEND_HEARTBEAT {datanodeUUID=d3c05237-bd84-4234-a934-0ba66750ea46, command=[]} | ret=SUCCESS |  
2019-08-27 19:06:05,013 | INFO  | SCMAudit | user=jenkins1000 | ip=192.168.5.191 | op=SEND_HEARTBEAT {datanodeUUID=8dbfb03d-3489-434f-b2ff-176126556357, command=[]} | ret=SUCCESS |  
2019-08-27 19:06:05,015 | INFO  | SCMAudit | user=jenkins1000 | ip=192.168.5.191 | op=SEND_HEARTBEAT {datanodeUUID=457b0f2b-feff-4639-91a3-a11070381d4f, command=[]} | ret=SUCCESS |  
2019-08-27 19:06:05,049 | INFO  | SCMAudit | user=jenkins1000 | ip=192.168.5.191 | op=SEND_HEARTBEAT {datanodeUUID=7ffeb123-8a07-43fc-9bc5-d9b026895606, command=[]} | ret=SUCCESS |  
2019-08-27 19:06:05,117 | INFO  | SCMAudit | user=jenkins1000 | ip=192.168.5.191 | op=SEND_HEARTBEAT {datanodeUUID=38f28178-96e9-481f-bed8-cfb19f684f50, command=[]} | ret=SUCCESS |  
2019-08-27 19:06:05,218 | INFO  | SCMAudit | user=jenkins1000 | ip=192.168.5.191 | op=SEND_HEARTBEAT {datanodeUUID=1a6ef58e-b6d8-4916-b5f4-f66cad6b6cba, command=[]} | ret=SUCCESS |  
2019-08-27 19:06:05,337 | INFO  | SCMAudit | user=jenkins1000 | ip=192.168.5.191 | op=SEND_HEARTBEAT {datanodeUUID=3e80ec3d-d0df-446e-9c00-872113d57222, command=[]} | ret=SUCCESS |  
2019-08-27 19:06:05,989 | INFO  | SCMAudit | user=jenkins1000 | ip=192.168.5.191 | op=SEND_HEARTBEAT {datanodeUUID=d3c05237-bd84-4234-a934-0ba66750ea46, command=[]} | ret=SUCCESS |  
2019-08-27 19:06:06,013 | INFO  | SCMAudit | user=jenkins1000 | ip=192.168.5.191 | op=SEND_HEARTBEAT {datanodeUUID=8dbfb03d-3489-434f-b2ff-176126556357, command=[]} | ret=SUCCESS |  
2019-08-27 19:06:06,015 | INFO  | SCMAudit | user=jenkins1000 | ip=192.168.5.191 | op=SEND_HEARTBEAT {datanodeUUID=457b0f2b-feff-4639-91a3-a11070381d4f, command=[]} | ret=SUCCESS |  
2019-08-27 19:06:06,049 | INFO  | SCMAudit | user=jenkins1000 | ip=192.168.5.191 | op=SEND_HEARTBEAT {datanodeUUID=7ffeb123-8a07-43fc-9bc5-d9b026895606, command=[]} | ret=SUCCESS |  
2019-08-27 19:06:06,117 | INFO  | SCMAudit | user=jenkins1000 | ip=192.168.5.191 | op=SEND_HEARTBEAT {datanodeUUID=38f28178-96e9-481f-bed8-cfb19f684f50, command=[]} | ret=SUCCESS |  
2019-08-27 19:06:06,219 | INFO  | SCMAudit | user=jenkins1000 | ip=192.168.5.191 | op=SEND_HEARTBEAT {datanodeUUID=1a6ef58e-b6d8-4916-b5f4-f66cad6b6cba, command=[]} | ret=SUCCESS |  
2019-08-27 19:06:06,337 | INFO  | SCMAudit | user=jenkins1000 | ip=192.168.5.191 | op=SEND_HEARTBEAT {datanodeUUID=3e80ec3d-d0df-446e-9c00-872113d57222, command=[]} | ret=SUCCESS |  
2019-08-27 19:06:06,988 | INFO  | SCMAudit | user=jenkins1000 | ip=192.168.5.191 | op=SEND_HEARTBEAT {datanodeUUID=d3c05237-bd84-4234-a934-0ba66750ea46, command=[]} | ret=SUCCESS |  
2019-08-27 19:06:07,014 | INFO  | SCMAudit | user=jenkins1000 | ip=192.168.5.191 | op=SEND_HEARTBEAT {datanodeUUID=8dbfb03d-3489-434f-b2ff-176126556357, command=[]} | ret=SUCCESS |  
2019-08-27 19:06:07,015 | INFO  | SCMAudit | user=jenkins1000 | ip=192.168.5.191 | op=SEND_HEARTBEAT {datanodeUUID=457b0f2b-feff-4639-91a3-a11070381d4f, command=[]} | ret=SUCCESS |  
2019-08-27 19:06:07,049 | INFO  | SCMAudit | user=jenkins1000 | ip=192.168.5.191 | op=SEND_HEARTBEAT {datanodeUUID=7ffeb123-8a07-43fc-9bc5-d9b026895606, command=[]} | ret=SUCCESS |  
2019-08-27 19:06:07,117 | INFO  | SCMAudit | user=jenkins1000 | ip=192.168.5.191 | op=SEND_HEARTBEAT {datanodeUUID=38f28178-96e9-481f-bed8-cfb19f684f50, command=[]} | ret=SUCCESS |  
2019-08-27 19:06:07,219 | INFO  | SCMAudit | user=jenkins1000 | ip=192.168.5.191 | op=SEND_HEARTBEAT {datanodeUUID=1a6ef58e-b6d8-4916-b5f4-f66cad6b6cba, command=[]} | ret=SUCCESS |  
2019-08-27 19:06:07,337 | INFO  | SCMAudit | user=jenkins1000 | ip=192.168.5.191 | op=SEND_HEARTBEAT {datanodeUUID=3e80ec3d-d0df-446e-9c00-872113d57222, command=[]} | ret=SUCCESS |  
2019-08-27 19:06:07,785 [grpc-default-executor-1] INFO  client.GrpcClientProtocolClient (GrpcClientProtocolClient.java:onNext(255)) - client-0C1CC1C50A7C->8dbfb03d-3489-434f-b2ff-176126556357: receive RaftClientReply:client-0C1CC1C50A7C->8dbfb03d-3489-434f-b2ff-176126556357@group-5A0C10B0A675, cid=45, FAILED org.apache.ratis.protocol.NotLeaderException: Server 8dbfb03d-3489-434f-b2ff-176126556357 is not the leader (d3c05237-bd84-4234-a934-0ba66750ea46:192.168.5.191:42272). Request must be sent to leader., logIndex=0, commits[8dbfb03d-3489-434f-b2ff-176126556357:c8, 457b0f2b-feff-4639-91a3-a11070381d4f:c8, d3c05237-bd84-4234-a934-0ba66750ea46:c8]
2019-08-27 19:06:07,988 | INFO  | SCMAudit | user=jenkins1000 | ip=192.168.5.191 | op=SEND_HEARTBEAT {datanodeUUID=d3c05237-bd84-4234-a934-0ba66750ea46, command=[]} | ret=SUCCESS |  
2019-08-27 19:06:08,015 | INFO  | SCMAudit | user=jenkins1000 | ip=192.168.5.191 | op=SEND_HEARTBEAT {datanodeUUID=8dbfb03d-3489-434f-b2ff-176126556357, command=[]} | ret=SUCCESS |  
2019-08-27 19:06:08,015 | INFO  | SCMAudit | user=jenkins1000 | ip=192.168.5.191 | op=SEND_HEARTBEAT {datanodeUUID=457b0f2b-feff-4639-91a3-a11070381d4f, command=[]} | ret=SUCCESS |  
2019-08-27 19:06:08,049 | INFO  | SCMAudit | user=jenkins1000 | ip=192.168.5.191 | op=SEND_HEARTBEAT {datanodeUUID=7ffeb123-8a07-43fc-9bc5-d9b026895606, command=[]} | ret=SUCCESS |  
2019-08-27 19:06:08,117 | INFO  | SCMAudit | user=jenkins1000 | ip=192.168.5.191 | op=SEND_HEARTBEAT {datanodeUUID=38f28178-96e9-481f-bed8-cfb19f684f50, command=[]} | ret=SUCCESS |  
2019-08-27 19:06:08,219 | INFO  | SCMAudit | user=jenkins1000 | ip=192.168.5.191 | op=SEND_HEARTBEAT {datanodeUUID=1a6ef58e-b6d8-4916-b5f4-f66cad6b6cba, command=[]} | ret=SUCCESS |  
2019-08-27 19:06:08,338 | INFO  | SCMAudit | user=jenkins1000 | ip=192.168.5.191 | op=SEND_HEARTBEAT {datanodeUUID=3e80ec3d-d0df-446e-9c00-872113d57222, command=[]} | ret=SUCCESS |  
2019-08-27 19:06:08,989 | INFO  | SCMAudit | user=jenkins1000 | ip=192.168.5.191 | op=SEND_HEARTBEAT {datanodeUUID=d3c05237-bd84-4234-a934-0ba66750ea46, command=[]} | ret=SUCCESS |  
2019-08-27 19:06:09,014 | INFO  | SCMAudit | user=jenkins1000 | ip=192.168.5.191 | op=SEND_HEARTBEAT {datanodeUUID=8dbfb03d-3489-434f-b2ff-176126556357, command=[]} | ret=SUCCESS |  
2019-08-27 19:06:09,015 | INFO  | SCMAudit | user=jenkins1000 | ip=192.168.5.191 | op=SEND_HEARTBEAT {datanodeUUID=457b0f2b-feff-4639-91a3-a11070381d4f, command=[]} | ret=SUCCESS |  
2019-08-27 19:06:09,049 | INFO  | SCMAudit | user=jenkins1000 | ip=192.168.5.191 | op=SEND_HEARTBEAT {datanodeUUID=7ffeb123-8a07-43fc-9bc5-d9b026895606, command=[]} | ret=SUCCESS |  
2019-08-27 19:06:09,117 | INFO  | SCMAudit | user=jenkins1000 | ip=192.168.5.191 | op=SEND_HEARTBEAT {datanodeUUID=38f28178-96e9-481f-bed8-cfb19f684f50, command=[]} | ret=SUCCESS |  
2019-08-27 19:06:09,219 | INFO  | SCMAudit | user=jenkins1000 | ip=192.168.5.191 | op=SEND_HEARTBEAT {datanodeUUID=1a6ef58e-b6d8-4916-b5f4-f66cad6b6cba, command=[]} | ret=SUCCESS |  
2019-08-27 19:06:09,338 | INFO  | SCMAudit | user=jenkins1000 | ip=192.168.5.191 | op=SEND_HEARTBEAT {datanodeUUID=3e80ec3d-d0df-446e-9c00-872113d57222, command=[]} | ret=SUCCESS |  
2019-08-27 19:06:09,988 | INFO  | SCMAudit | user=jenkins1000 | ip=192.168.5.191 | op=SEND_HEARTBEAT {datanodeUUID=d3c05237-bd84-4234-a934-0ba66750ea46, command=[]} | ret=SUCCESS |  
2019-08-27 19:06:10,014 | INFO  | SCMAudit | user=jenkins1000 | ip=192.168.5.191 | op=SEND_HEARTBEAT {datanodeUUID=8dbfb03d-3489-434f-b2ff-176126556357, command=[]} | ret=SUCCESS |  
2019-08-27 19:06:10,016 | INFO  | SCMAudit | user=jenkins1000 | ip=192.168.5.191 | op=SEND_HEARTBEAT {datanodeUUID=457b0f2b-feff-4639-91a3-a11070381d4f, command=[]} | ret=SUCCESS |  
2019-08-27 19:06:10,049 | INFO  | SCMAudit | user=jenkins1000 | ip=192.168.5.191 | op=SEND_HEARTBEAT {datanodeUUID=7ffeb123-8a07-43fc-9bc5-d9b026895606, command=[]} | ret=SUCCESS |  
2019-08-27 19:06:10,117 | INFO  | SCMAudit | user=jenkins1000 | ip=192.168.5.191 | op=SEND_HEARTBEAT {datanodeUUID=38f28178-96e9-481f-bed8-cfb19f684f50, command=[]} | ret=SUCCESS |  
2019-08-27 19:06:10,220 | INFO  | SCMAudit | user=jenkins1000 | ip=192.168.5.191 | op=SEND_HEARTBEAT {datanodeUUID=1a6ef58e-b6d8-4916-b5f4-f66cad6b6cba, command=[]} | ret=SUCCESS |  
2019-08-27 19:06:10,338 | INFO  | SCMAudit | user=jenkins1000 | ip=192.168.5.191 | op=SEND_HEARTBEAT {datanodeUUID=3e80ec3d-d0df-446e-9c00-872113d57222, command=[]} | ret=SUCCESS |  
2019-08-27 19:06:10,988 | INFO  | SCMAudit | user=jenkins1000 | ip=192.168.5.191 | op=SEND_HEARTBEAT {datanodeUUID=d3c05237-bd84-4234-a934-0ba66750ea46, command=[]} | ret=SUCCESS |  
2019-08-27 19:06:11,014 | INFO  | SCMAudit | user=jenkins1000 | ip=192.168.5.191 | op=SEND_HEARTBEAT {datanodeUUID=8dbfb03d-3489-434f-b2ff-176126556357, command=[]} | ret=SUCCESS |  
2019-08-27 19:06:11,016 | INFO  | SCMAudit | user=jenkins1000 | ip=192.168.5.191 | op=SEND_HEARTBEAT {datanodeUUID=457b0f2b-feff-4639-91a3-a11070381d4f, command=[]} | ret=SUCCESS |  
2019-08-27 19:06:11,049 | INFO  | SCMAudit | user=jenkins1000 | ip=192.168.5.191 | op=SEND_HEARTBEAT {datanodeUUID=7ffeb123-8a07-43fc-9bc5-d9b026895606, command=[]} | ret=SUCCESS |  
2019-08-27 19:06:11,118 | INFO  | SCMAudit | user=jenkins1000 | ip=192.168.5.191 | op=SEND_HEARTBEAT {datanodeUUID=38f28178-96e9-481f-bed8-cfb19f684f50, command=[]} | ret=SUCCESS |  
2019-08-27 19:06:11,220 | INFO  | SCMAudit | user=jenkins1000 | ip=192.168.5.191 | op=SEND_HEARTBEAT {datanodeUUID=1a6ef58e-b6d8-4916-b5f4-f66cad6b6cba, command=[]} | ret=SUCCESS |  
2019-08-27 19:06:11,338 | INFO  | SCMAudit | user=jenkins1000 | ip=192.168.5.191 | op=SEND_HEARTBEAT {datanodeUUID=3e80ec3d-d0df-446e-9c00-872113d57222, command=[]} | ret=SUCCESS |  
2019-08-27 19:06:11,988 | INFO  | SCMAudit | user=jenkins1000 | ip=192.168.5.191 | op=SEND_HEARTBEAT {datanodeUUID=d3c05237-bd84-4234-a934-0ba66750ea46, command=[]} | ret=SUCCESS |  
2019-08-27 19:06:12,014 | INFO  | SCMAudit | user=jenkins1000 | ip=192.168.5.191 | op=SEND_HEARTBEAT {datanodeUUID=8dbfb03d-3489-434f-b2ff-176126556357, command=[]} | ret=SUCCESS |  
2019-08-27 19:06:12,016 | INFO  | SCMAudit | user=jenkins1000 | ip=192.168.5.191 | op=SEND_HEARTBEAT {datanodeUUID=457b0f2b-feff-4639-91a3-a11070381d4f, command=[]} | ret=SUCCESS |  
2019-08-27 19:06:12,049 | INFO  | SCMAudit | user=jenkins1000 | ip=192.168.5.191 | op=SEND_HEARTBEAT {datanodeUUID=7ffeb123-8a07-43fc-9bc5-d9b026895606, command=[]} | ret=SUCCESS |  
2019-08-27 19:06:12,118 | INFO  | SCMAudit | user=jenkins1000 | ip=192.168.5.191 | op=SEND_HEARTBEAT {datanodeUUID=38f28178-96e9-481f-bed8-cfb19f684f50, command=[]} | ret=SUCCESS |  
2019-08-27 19:06:12,221 | INFO  | SCMAudit | user=jenkins1000 | ip=192.168.5.191 | op=SEND_HEARTBEAT {datanodeUUID=1a6ef58e-b6d8-4916-b5f4-f66cad6b6cba, command=[]} | ret=SUCCESS |  
2019-08-27 19:06:12,338 | INFO  | SCMAudit | user=jenkins1000 | ip=192.168.5.191 | op=SEND_HEARTBEAT {datanodeUUID=3e80ec3d-d0df-446e-9c00-872113d57222, command=[]} | ret=SUCCESS |  
2019-08-27 19:06:12,834 [grpc-default-executor-5] INFO  client.GrpcClientProtocolClient (GrpcClientProtocolClient.java:onNext(255)) - client-0C1CC1C50A7C->8dbfb03d-3489-434f-b2ff-176126556357: receive RaftClientReply:client-0C1CC1C50A7C->8dbfb03d-3489-434f-b2ff-176126556357@group-5A0C10B0A675, cid=45, FAILED org.apache.ratis.protocol.NotLeaderException: Server 8dbfb03d-3489-434f-b2ff-176126556357 is not the leader (d3c05237-bd84-4234-a934-0ba66750ea46:192.168.5.191:42272). Request must be sent to leader., logIndex=0, commits[8dbfb03d-3489-434f-b2ff-176126556357:c8, 457b0f2b-feff-4639-91a3-a11070381d4f:c8, d3c05237-bd84-4234-a934-0ba66750ea46:c8]
2019-08-27 19:06:12,988 | INFO  | SCMAudit | user=jenkins1000 | ip=192.168.5.191 | op=SEND_HEARTBEAT {datanodeUUID=d3c05237-bd84-4234-a934-0ba66750ea46, command=[]} | ret=SUCCESS |  
2019-08-27 19:06:13,015 | INFO  | SCMAudit | user=jenkins1000 | ip=192.168.5.191 | op=SEND_HEARTBEAT {datanodeUUID=8dbfb03d-3489-434f-b2ff-176126556357, command=[]} | ret=SUCCESS |  
2019-08-27 19:06:13,016 | INFO  | SCMAudit | user=jenkins1000 | ip=192.168.5.191 | op=SEND_HEARTBEAT {datanodeUUID=457b0f2b-feff-4639-91a3-a11070381d4f, command=[]} | ret=SUCCESS |  
2019-08-27 19:06:13,049 | INFO  | SCMAudit | user=jenkins1000 | ip=192.168.5.191 | op=SEND_HEARTBEAT {datanodeUUID=7ffeb123-8a07-43fc-9bc5-d9b026895606, command=[]} | ret=SUCCESS |  
2019-08-27 19:06:13,118 | INFO  | SCMAudit | user=jenkins1000 | ip=192.168.5.191 | op=SEND_HEARTBEAT {datanodeUUID=38f28178-96e9-481f-bed8-cfb19f684f50, command=[]} | ret=SUCCESS |  
2019-08-27 19:06:13,221 | INFO  | SCMAudit | user=jenkins1000 | ip=192.168.5.191 | op=SEND_HEARTBEAT {datanodeUUID=1a6ef58e-b6d8-4916-b5f4-f66cad6b6cba, command=[]} | ret=SUCCESS |  
2019-08-27 19:06:13,338 | INFO  | SCMAudit | user=jenkins1000 | ip=192.168.5.191 | op=SEND_HEARTBEAT {datanodeUUID=3e80ec3d-d0df-446e-9c00-872113d57222, command=[]} | ret=SUCCESS |  
2019-08-27 19:06:13,988 | INFO  | SCMAudit | user=jenkins1000 | ip=192.168.5.191 | op=SEND_HEARTBEAT {datanodeUUID=d3c05237-bd84-4234-a934-0ba66750ea46, command=[]} | ret=SUCCESS |  
2019-08-27 19:06:14,014 | INFO  | SCMAudit | user=jenkins1000 | ip=192.168.5.191 | op=SEND_HEARTBEAT {datanodeUUID=8dbfb03d-3489-434f-b2ff-176126556357, command=[]} | ret=SUCCESS |  
2019-08-27 19:06:14,016 | INFO  | SCMAudit | user=jenkins1000 | ip=192.168.5.191 | op=SEND_HEARTBEAT {datanodeUUID=457b0f2b-feff-4639-91a3-a11070381d4f, command=[]} | ret=SUCCESS |  
2019-08-27 19:06:14,049 | INFO  | SCMAudit | user=jenkins1000 | ip=192.168.5.191 | op=SEND_HEARTBEAT {datanodeUUID=7ffeb123-8a07-43fc-9bc5-d9b026895606, command=[]} | ret=SUCCESS |  
2019-08-27 19:06:14,118 | INFO  | SCMAudit | user=jenkins1000 | ip=192.168.5.191 | op=SEND_HEARTBEAT {datanodeUUID=38f28178-96e9-481f-bed8-cfb19f684f50, command=[]} | ret=SUCCESS |  
2019-08-27 19:06:14,221 | INFO  | SCMAudit | user=jenkins1000 | ip=192.168.5.191 | op=SEND_HEARTBEAT {datanodeUUID=1a6ef58e-b6d8-4916-b5f4-f66cad6b6cba, command=[]} | ret=SUCCESS |  
2019-08-27 19:06:14,338 | INFO  | SCMAudit | user=jenkins1000 | ip=192.168.5.191 | op=SEND_HEARTBEAT {datanodeUUID=3e80ec3d-d0df-446e-9c00-872113d57222, command=[]} | ret=SUCCESS |  
2019-08-27 19:06:14,989 | INFO  | SCMAudit | user=jenkins1000 | ip=192.168.5.191 | op=SEND_HEARTBEAT {datanodeUUID=d3c05237-bd84-4234-a934-0ba66750ea46, command=[]} | ret=SUCCESS |  
2019-08-27 19:06:15,014 | INFO  | SCMAudit | user=jenkins1000 | ip=192.168.5.191 | op=SEND_HEARTBEAT {datanodeUUID=8dbfb03d-3489-434f-b2ff-176126556357, command=[]} | ret=SUCCESS |  
2019-08-27 19:06:15,016 | INFO  | SCMAudit | user=jenkins1000 | ip=192.168.5.191 | op=SEND_HEARTBEAT {datanodeUUID=457b0f2b-feff-4639-91a3-a11070381d4f, command=[]} | ret=SUCCESS |  
2019-08-27 19:06:15,049 | INFO  | SCMAudit | user=jenkins1000 | ip=192.168.5.191 | op=SEND_HEARTBEAT {datanodeUUID=7ffeb123-8a07-43fc-9bc5-d9b026895606, command=[]} | ret=SUCCESS |  
2019-08-27 19:06:15,118 | INFO  | SCMAudit | user=jenkins1000 | ip=192.168.5.191 | op=SEND_HEARTBEAT {datanodeUUID=38f28178-96e9-481f-bed8-cfb19f684f50, command=[]} | ret=SUCCESS |  
2019-08-27 19:06:15,221 | INFO  | SCMAudit | user=jenkins1000 | ip=192.168.5.191 | op=SEND_HEARTBEAT {datanodeUUID=1a6ef58e-b6d8-4916-b5f4-f66cad6b6cba, command=[]} | ret=SUCCESS |  
2019-08-27 19:06:15,338 | INFO  | SCMAudit | user=jenkins1000 | ip=192.168.5.191 | op=SEND_HEARTBEAT {datanodeUUID=3e80ec3d-d0df-446e-9c00-872113d57222, command=[]} | ret=SUCCESS |  
2019-08-27 19:06:15,989 | INFO  | SCMAudit | user=jenkins1000 | ip=192.168.5.191 | op=SEND_HEARTBEAT {datanodeUUID=d3c05237-bd84-4234-a934-0ba66750ea46, command=[]} | ret=SUCCESS |  
2019-08-27 19:06:16,014 | INFO  | SCMAudit | user=jenkins1000 | ip=192.168.5.191 | op=SEND_HEARTBEAT {datanodeUUID=8dbfb03d-3489-434f-b2ff-176126556357, command=[]} | ret=SUCCESS |  
2019-08-27 19:06:16,016 | INFO  | SCMAudit | user=jenkins1000 | ip=192.168.5.191 | op=SEND_HEARTBEAT {datanodeUUID=457b0f2b-feff-4639-91a3-a11070381d4f, command=[]} | ret=SUCCESS |  
2019-08-27 19:06:16,049 | INFO  | SCMAudit | user=jenkins1000 | ip=192.168.5.191 | op=SEND_HEARTBEAT {datanodeUUID=7ffeb123-8a07-43fc-9bc5-d9b026895606, command=[]} | ret=SUCCESS |  
2019-08-27 19:06:16,118 | INFO  | SCMAudit | user=jenkins1000 | ip=192.168.5.191 | op=SEND_HEARTBEAT {datanodeUUID=38f28178-96e9-481f-bed8-cfb19f684f50, command=[]} | ret=SUCCESS |  
2019-08-27 19:06:16,221 | INFO  | SCMAudit | user=jenkins1000 | ip=192.168.5.191 | op=SEND_HEARTBEAT {datanodeUUID=1a6ef58e-b6d8-4916-b5f4-f66cad6b6cba, command=[]} | ret=SUCCESS |  
2019-08-27 19:06:16,338 | INFO  | SCMAudit | user=jenkins1000 | ip=192.168.5.191 | op=SEND_HEARTBEAT {datanodeUUID=3e80ec3d-d0df-446e-9c00-872113d57222, command=[]} | ret=SUCCESS |  
2019-08-27 19:06:16,989 | INFO  | SCMAudit | user=jenkins1000 | ip=192.168.5.191 | op=SEND_HEARTBEAT {datanodeUUID=d3c05237-bd84-4234-a934-0ba66750ea46, command=[]} | ret=SUCCESS |  
2019-08-27 19:06:17,014 | INFO  | SCMAudit | user=jenkins1000 | ip=192.168.5.191 | op=SEND_HEARTBEAT {datanodeUUID=8dbfb03d-3489-434f-b2ff-176126556357, command=[]} | ret=SUCCESS |  
2019-08-27 19:06:17,016 | INFO  | SCMAudit | user=jenkins1000 | ip=192.168.5.191 | op=SEND_HEARTBEAT {datanodeUUID=457b0f2b-feff-4639-91a3-a11070381d4f, command=[]} | ret=SUCCESS |  
2019-08-27 19:06:17,049 | INFO  | SCMAudit | user=jenkins1000 | ip=192.168.5.191 | op=SEND_HEARTBEAT {datanodeUUID=7ffeb123-8a07-43fc-9bc5-d9b026895606, command=[]} | ret=SUCCESS |  
2019-08-27 19:06:17,119 | INFO  | SCMAudit | user=jenkins1000 | ip=192.168.5.191 | op=SEND_HEARTBEAT {datanodeUUID=38f28178-96e9-481f-bed8-cfb19f684f50, command=[]} | ret=SUCCESS |  
2019-08-27 19:06:17,221 | INFO  | SCMAudit | user=jenkins1000 | ip=192.168.5.191 | op=SEND_HEARTBEAT {datanodeUUID=1a6ef58e-b6d8-4916-b5f4-f66cad6b6cba, command=[]} | ret=SUCCESS |  
2019-08-27 19:06:17,338 | INFO  | SCMAudit | user=jenkins1000 | ip=192.168.5.191 | op=SEND_HEARTBEAT {datanodeUUID=3e80ec3d-d0df-446e-9c00-872113d57222, command=[]} | ret=SUCCESS |  
2019-08-27 19:06:17,894 [grpc-default-executor-1] INFO  client.GrpcClientProtocolClient (GrpcClientProtocolClient.java:onNext(255)) - client-0C1CC1C50A7C->8dbfb03d-3489-434f-b2ff-176126556357: receive RaftClientReply:client-0C1CC1C50A7C->8dbfb03d-3489-434f-b2ff-176126556357@group-5A0C10B0A675, cid=45, FAILED org.apache.ratis.protocol.NotLeaderException: Server 8dbfb03d-3489-434f-b2ff-176126556357 is not the leader (d3c05237-bd84-4234-a934-0ba66750ea46:192.168.5.191:42272). Request must be sent to leader., logIndex=0, commits[8dbfb03d-3489-434f-b2ff-176126556357:c8, 457b0f2b-feff-4639-91a3-a11070381d4f:c8, d3c05237-bd84-4234-a934-0ba66750ea46:c8]
2019-08-27 19:06:17,990 | INFO  | SCMAudit | user=jenkins1000 | ip=192.168.5.191 | op=SEND_HEARTBEAT {datanodeUUID=d3c05237-bd84-4234-a934-0ba66750ea46, command=[]} | ret=SUCCESS |  
2019-08-27 19:06:18,014 | INFO  | SCMAudit | user=jenkins1000 | ip=192.168.5.191 | op=SEND_HEARTBEAT {datanodeUUID=8dbfb03d-3489-434f-b2ff-176126556357, command=[]} | ret=SUCCESS |  
2019-08-27 19:06:18,016 | INFO  | SCMAudit | user=jenkins1000 | ip=192.168.5.191 | op=SEND_HEARTBEAT {datanodeUUID=457b0f2b-feff-4639-91a3-a11070381d4f, command=[]} | ret=SUCCESS |  
2019-08-27 19:06:18,049 | INFO  | SCMAudit | user=jenkins1000 | ip=192.168.5.191 | op=SEND_HEARTBEAT {datanodeUUID=7ffeb123-8a07-43fc-9bc5-d9b026895606, command=[]} | ret=SUCCESS |  
2019-08-27 19:06:18,119 | INFO  | SCMAudit | user=jenkins1000 | ip=192.168.5.191 | op=SEND_HEARTBEAT {datanodeUUID=38f28178-96e9-481f-bed8-cfb19f684f50, command=[]} | ret=SUCCESS |  
2019-08-27 19:06:18,221 | INFO  | SCMAudit | user=jenkins1000 | ip=192.168.5.191 | op=SEND_HEARTBEAT {datanodeUUID=1a6ef58e-b6d8-4916-b5f4-f66cad6b6cba, command=[]} | ret=SUCCESS |  
2019-08-27 19:06:18,338 | INFO  | SCMAudit | user=jenkins1000 | ip=192.168.5.191 | op=SEND_HEARTBEAT {datanodeUUID=3e80ec3d-d0df-446e-9c00-872113d57222, command=[]} | ret=SUCCESS |  
2019-08-27 19:06:18,990 | INFO  | SCMAudit | user=jenkins1000 | ip=192.168.5.191 | op=SEND_HEARTBEAT {datanodeUUID=d3c05237-bd84-4234-a934-0ba66750ea46, command=[]} | ret=SUCCESS |  
2019-08-27 19:06:19,014 | INFO  | SCMAudit | user=jenkins1000 | ip=192.168.5.191 | op=SEND_HEARTBEAT {datanodeUUID=8dbfb03d-3489-434f-b2ff-176126556357, command=[]} | ret=SUCCESS |  
2019-08-27 19:06:19,016 | INFO  | SCMAudit | user=jenkins1000 | ip=192.168.5.191 | op=SEND_HEARTBEAT {datanodeUUID=457b0f2b-feff-4639-91a3-a11070381d4f, command=[]} | ret=SUCCESS |  
2019-08-27 19:06:19,050 | INFO  | SCMAudit | user=jenkins1000 | ip=192.168.5.191 | op=SEND_HEARTBEAT {datanodeUUID=7ffeb123-8a07-43fc-9bc5-d9b026895606, command=[]} | ret=SUCCESS |  
2019-08-27 19:06:19,119 | INFO  | SCMAudit | user=jenkins1000 | ip=192.168.5.191 | op=SEND_HEARTBEAT {datanodeUUID=38f28178-96e9-481f-bed8-cfb19f684f50, command=[]} | ret=SUCCESS |  
2019-08-27 19:06:19,221 | INFO  | SCMAudit | user=jenkins1000 | ip=192.168.5.191 | op=SEND_HEARTBEAT {datanodeUUID=1a6ef58e-b6d8-4916-b5f4-f66cad6b6cba, command=[]} | ret=SUCCESS |  
2019-08-27 19:06:19,339 | INFO  | SCMAudit | user=jenkins1000 | ip=192.168.5.191 | op=SEND_HEARTBEAT {datanodeUUID=3e80ec3d-d0df-446e-9c00-872113d57222, command=[]} | ret=SUCCESS |  
2019-08-27 19:06:19,993 | INFO  | SCMAudit | user=jenkins1000 | ip=192.168.5.191 | op=SEND_HEARTBEAT {datanodeUUID=d3c05237-bd84-4234-a934-0ba66750ea46, command=[]} | ret=SUCCESS |  
2019-08-27 19:06:20,016 | INFO  | SCMAudit | user=jenkins1000 | ip=192.168.5.191 | op=SEND_HEARTBEAT {datanodeUUID=8dbfb03d-3489-434f-b2ff-176126556357, command=[]} | ret=SUCCESS |  
2019-08-27 19:06:20,017 | INFO  | SCMAudit | user=jenkins1000 | ip=192.168.5.191 | op=SEND_HEARTBEAT {datanodeUUID=457b0f2b-feff-4639-91a3-a11070381d4f, command=[]} | ret=SUCCESS |  
2019-08-27 19:06:20,050 | INFO  | SCMAudit | user=jenkins1000 | ip=192.168.5.191 | op=SEND_HEARTBEAT {datanodeUUID=7ffeb123-8a07-43fc-9bc5-d9b026895606, command=[]} | ret=SUCCESS |  
2019-08-27 19:06:20,119 | INFO  | SCMAudit | user=jenkins1000 | ip=192.168.5.191 | op=SEND_HEARTBEAT {datanodeUUID=38f28178-96e9-481f-bed8-cfb19f684f50, command=[]} | ret=SUCCESS |  
2019-08-27 19:06:20,222 | INFO  | SCMAudit | user=jenkins1000 | ip=192.168.5.191 | op=SEND_HEARTBEAT {datanodeUUID=1a6ef58e-b6d8-4916-b5f4-f66cad6b6cba, command=[]} | ret=SUCCESS |  
2019-08-27 19:06:20,339 | INFO  | SCMAudit | user=jenkins1000 | ip=192.168.5.191 | op=SEND_HEARTBEAT {datanodeUUID=3e80ec3d-d0df-446e-9c00-872113d57222, command=[]} | ret=SUCCESS |  
2019-08-27 19:06:20,991 | INFO  | SCMAudit | user=jenkins1000 | ip=192.168.5.191 | op=SEND_HEARTBEAT {datanodeUUID=d3c05237-bd84-4234-a934-0ba66750ea46, command=[]} | ret=SUCCESS |  
2019-08-27 19:06:21,016 | INFO  | SCMAudit | user=jenkins1000 | ip=192.168.5.191 | op=SEND_HEARTBEAT {datanodeUUID=8dbfb03d-3489-434f-b2ff-176126556357, command=[]} | ret=SUCCESS |  
2019-08-27 19:06:21,017 | INFO  | SCMAudit | user=jenkins1000 | ip=192.168.5.191 | op=SEND_HEARTBEAT {datanodeUUID=457b0f2b-feff-4639-91a3-a11070381d4f, command=[]} | ret=SUCCESS |  
2019-08-27 19:06:21,050 | INFO  | SCMAudit | user=jenkins1000 | ip=192.168.5.191 | op=SEND_HEARTBEAT {datanodeUUID=7ffeb123-8a07-43fc-9bc5-d9b026895606, command=[]} | ret=SUCCESS |  
2019-08-27 19:06:21,120 | INFO  | SCMAudit | user=jenkins1000 | ip=192.168.5.191 | op=SEND_HEARTBEAT {datanodeUUID=38f28178-96e9-481f-bed8-cfb19f684f50, command=[]} | ret=SUCCESS |  
2019-08-27 19:06:21,222 | INFO  | SCMAudit | user=jenkins1000 | ip=192.168.5.191 | op=SEND_HEARTBEAT {datanodeUUID=1a6ef58e-b6d8-4916-b5f4-f66cad6b6cba, command=[]} | ret=SUCCESS |  
2019-08-27 19:06:21,340 | INFO  | SCMAudit | user=jenkins1000 | ip=192.168.5.191 | op=SEND_HEARTBEAT {datanodeUUID=3e80ec3d-d0df-446e-9c00-872113d57222, command=[]} | ret=SUCCESS |  
2019-08-27 19:06:21,991 | INFO  | SCMAudit | user=jenkins1000 | ip=192.168.5.191 | op=SEND_HEARTBEAT {datanodeUUID=d3c05237-bd84-4234-a934-0ba66750ea46, command=[]} | ret=SUCCESS |  
2019-08-27 19:06:22,016 | INFO  | SCMAudit | user=jenkins1000 | ip=192.168.5.191 | op=SEND_HEARTBEAT {datanodeUUID=8dbfb03d-3489-434f-b2ff-176126556357, command=[]} | ret=SUCCESS |  
2019-08-27 19:06:22,017 | INFO  | SCMAudit | user=jenkins1000 | ip=192.168.5.191 | op=SEND_HEARTBEAT {datanodeUUID=457b0f2b-feff-4639-91a3-a11070381d4f, command=[]} | ret=SUCCESS |  
2019-08-27 19:06:22,051 | INFO  | SCMAudit | user=jenkins1000 | ip=192.168.5.191 | op=SEND_HEARTBEAT {datanodeUUID=7ffeb123-8a07-43fc-9bc5-d9b026895606, command=[]} | ret=SUCCESS |  
2019-08-27 19:06:22,120 | INFO  | SCMAudit | user=jenkins1000 | ip=192.168.5.191 | op=SEND_HEARTBEAT {datanodeUUID=38f28178-96e9-481f-bed8-cfb19f684f50, command=[]} | ret=SUCCESS |  
2019-08-27 19:06:22,222 | INFO  | SCMAudit | user=jenkins1000 | ip=192.168.5.191 | op=SEND_HEARTBEAT {datanodeUUID=1a6ef58e-b6d8-4916-b5f4-f66cad6b6cba, command=[]} | ret=SUCCESS |  
2019-08-27 19:06:22,340 | INFO  | SCMAudit | user=jenkins1000 | ip=192.168.5.191 | op=SEND_HEARTBEAT {datanodeUUID=3e80ec3d-d0df-446e-9c00-872113d57222, command=[]} | ret=SUCCESS |  
2019-08-27 19:06:22,935 [grpc-default-executor-1] INFO  client.GrpcClientProtocolClient (GrpcClientProtocolClient.java:onNext(255)) - client-0C1CC1C50A7C->457b0f2b-feff-4639-91a3-a11070381d4f: receive RaftClientReply:client-0C1CC1C50A7C->457b0f2b-feff-4639-91a3-a11070381d4f@group-5A0C10B0A675, cid=45, FAILED org.apache.ratis.protocol.NotLeaderException: Server 457b0f2b-feff-4639-91a3-a11070381d4f is not the leader (d3c05237-bd84-4234-a934-0ba66750ea46:192.168.5.191:42272). Request must be sent to leader., logIndex=0, commits[457b0f2b-feff-4639-91a3-a11070381d4f:c8, d3c05237-bd84-4234-a934-0ba66750ea46:c8, 8dbfb03d-3489-434f-b2ff-176126556357:c8]
2019-08-27 19:06:22,991 | INFO  | SCMAudit | user=jenkins1000 | ip=192.168.5.191 | op=SEND_HEARTBEAT {datanodeUUID=d3c05237-bd84-4234-a934-0ba66750ea46, command=[]} | ret=SUCCESS |  
2019-08-27 19:06:23,016 | INFO  | SCMAudit | user=jenkins1000 | ip=192.168.5.191 | op=SEND_HEARTBEAT {datanodeUUID=8dbfb03d-3489-434f-b2ff-176126556357, command=[]} | ret=SUCCESS |  
2019-08-27 19:06:23,017 | INFO  | SCMAudit | user=jenkins1000 | ip=192.168.5.191 | op=SEND_HEARTBEAT {datanodeUUID=457b0f2b-feff-4639-91a3-a11070381d4f, command=[]} | ret=SUCCESS |  
2019-08-27 19:06:23,051 | INFO  | SCMAudit | user=jenkins1000 | ip=192.168.5.191 | op=SEND_HEARTBEAT {datanodeUUID=7ffeb123-8a07-43fc-9bc5-d9b026895606, command=[]} | ret=SUCCESS |  
2019-08-27 19:06:23,120 | INFO  | SCMAudit | user=jenkins1000 | ip=192.168.5.191 | op=SEND_HEARTBEAT {datanodeUUID=38f28178-96e9-481f-bed8-cfb19f684f50, command=[]} | ret=SUCCESS |  
2019-08-27 19:06:23,222 | INFO  | SCMAudit | user=jenkins1000 | ip=192.168.5.191 | op=SEND_HEARTBEAT {datanodeUUID=1a6ef58e-b6d8-4916-b5f4-f66cad6b6cba, command=[]} | ret=SUCCESS |  
2019-08-27 19:06:23,340 | INFO  | SCMAudit | user=jenkins1000 | ip=192.168.5.191 | op=SEND_HEARTBEAT {datanodeUUID=3e80ec3d-d0df-446e-9c00-872113d57222, command=[]} | ret=SUCCESS |  
2019-08-27 19:06:23,991 | INFO  | SCMAudit | user=jenkins1000 | ip=192.168.5.191 | op=SEND_HEARTBEAT {datanodeUUID=d3c05237-bd84-4234-a934-0ba66750ea46, command=[]} | ret=SUCCESS |  
2019-08-27 19:06:24,016 | INFO  | SCMAudit | user=jenkins1000 | ip=192.168.5.191 | op=SEND_HEARTBEAT {datanodeUUID=8dbfb03d-3489-434f-b2ff-176126556357, command=[]} | ret=SUCCESS |  
2019-08-27 19:06:24,017 | INFO  | SCMAudit | user=jenkins1000 | ip=192.168.5.191 | op=SEND_HEARTBEAT {datanodeUUID=457b0f2b-feff-4639-91a3-a11070381d4f, command=[]} | ret=SUCCESS |  
2019-08-27 19:06:24,051 | INFO  | SCMAudit | user=jenkins1000 | ip=192.168.5.191 | op=SEND_HEARTBEAT {datanodeUUID=7ffeb123-8a07-43fc-9bc5-d9b026895606, command=[]} | ret=SUCCESS |  
2019-08-27 19:06:24,120 | INFO  | SCMAudit | user=jenkins1000 | ip=192.168.5.191 | op=SEND_HEARTBEAT {datanodeUUID=38f28178-96e9-481f-bed8-cfb19f684f50, command=[]} | ret=SUCCESS |  
2019-08-27 19:06:24,223 | INFO  | SCMAudit | user=jenkins1000 | ip=192.168.5.191 | op=SEND_HEARTBEAT {datanodeUUID=1a6ef58e-b6d8-4916-b5f4-f66cad6b6cba, command=[]} | ret=SUCCESS |  
2019-08-27 19:06:24,340 | INFO  | SCMAudit | user=jenkins1000 | ip=192.168.5.191 | op=SEND_HEARTBEAT {datanodeUUID=3e80ec3d-d0df-446e-9c00-872113d57222, command=[]} | ret=SUCCESS |  
2019-08-27 19:06:24,991 | INFO  | SCMAudit | user=jenkins1000 | ip=192.168.5.191 | op=SEND_HEARTBEAT {datanodeUUID=d3c05237-bd84-4234-a934-0ba66750ea46, command=[]} | ret=SUCCESS |  
2019-08-27 19:06:25,016 | INFO  | SCMAudit | user=jenkins1000 | ip=192.168.5.191 | op=SEND_HEARTBEAT {datanodeUUID=8dbfb03d-3489-434f-b2ff-176126556357, command=[]} | ret=SUCCESS |  
2019-08-27 19:06:25,017 | INFO  | SCMAudit | user=jenkins1000 | ip=192.168.5.191 | op=SEND_HEARTBEAT {datanodeUUID=457b0f2b-feff-4639-91a3-a11070381d4f, command=[]} | ret=SUCCESS |  
2019-08-27 19:06:25,052 | INFO  | SCMAudit | user=jenkins1000 | ip=192.168.5.191 | op=SEND_HEARTBEAT {datanodeUUID=7ffeb123-8a07-43fc-9bc5-d9b026895606, command=[]} | ret=SUCCESS |  
2019-08-27 19:06:25,120 | INFO  | SCMAudit | user=jenkins1000 | ip=192.168.5.191 | op=SEND_HEARTBEAT {datanodeUUID=38f28178-96e9-481f-bed8-cfb19f684f50, command=[]} | ret=SUCCESS |  
2019-08-27 19:06:25,223 | INFO  | SCMAudit | user=jenkins1000 | ip=192.168.5.191 | op=SEND_HEARTBEAT {datanodeUUID=1a6ef58e-b6d8-4916-b5f4-f66cad6b6cba, command=[]} | ret=SUCCESS |  
2019-08-27 19:06:25,343 | INFO  | SCMAudit | user=jenkins1000 | ip=192.168.5.191 | op=SEND_HEARTBEAT {datanodeUUID=3e80ec3d-d0df-446e-9c00-872113d57222, command=[]} | ret=SUCCESS |  
2019-08-27 19:06:25,991 | INFO  | SCMAudit | user=jenkins1000 | ip=192.168.5.191 | op=SEND_HEARTBEAT {datanodeUUID=d3c05237-bd84-4234-a934-0ba66750ea46, command=[]} | ret=SUCCESS |  
2019-08-27 19:06:26,016 | INFO  | SCMAudit | user=jenkins1000 | ip=192.168.5.191 | op=SEND_HEARTBEAT {datanodeUUID=8dbfb03d-3489-434f-b2ff-176126556357, command=[]} | ret=SUCCESS |  
2019-08-27 19:06:26,017 | INFO  | SCMAudit | user=jenkins1000 | ip=192.168.5.191 | op=SEND_HEARTBEAT {datanodeUUID=457b0f2b-feff-4639-91a3-a11070381d4f, command=[]} | ret=SUCCESS |  
2019-08-27 19:06:26,054 | INFO  | SCMAudit | user=jenkins1000 | ip=192.168.5.191 | op=SEND_HEARTBEAT {datanodeUUID=7ffeb123-8a07-43fc-9bc5-d9b026895606, command=[]} | ret=SUCCESS |  
2019-08-27 19:06:26,120 | INFO  | SCMAudit | user=jenkins1000 | ip=192.168.5.191 | op=SEND_HEARTBEAT {datanodeUUID=38f28178-96e9-481f-bed8-cfb19f684f50, command=[]} | ret=SUCCESS |  
2019-08-27 19:06:26,223 | INFO  | SCMAudit | user=jenkins1000 | ip=192.168.5.191 | op=SEND_HEARTBEAT {datanodeUUID=1a6ef58e-b6d8-4916-b5f4-f66cad6b6cba, command=[]} | ret=SUCCESS |  
2019-08-27 19:06:26,342 | INFO  | SCMAudit | user=jenkins1000 | ip=192.168.5.191 | op=SEND_HEARTBEAT {datanodeUUID=3e80ec3d-d0df-446e-9c00-872113d57222, command=[]} | ret=SUCCESS |  
2019-08-27 19:06:26,992 | INFO  | SCMAudit | user=jenkins1000 | ip=192.168.5.191 | op=SEND_HEARTBEAT {datanodeUUID=d3c05237-bd84-4234-a934-0ba66750ea46, command=[]} | ret=SUCCESS |  
2019-08-27 19:06:27,016 | INFO  | SCMAudit | user=jenkins1000 | ip=192.168.5.191 | op=SEND_HEARTBEAT {datanodeUUID=8dbfb03d-3489-434f-b2ff-176126556357, command=[]} | ret=SUCCESS |  
2019-08-27 19:06:27,017 | INFO  | SCMAudit | user=jenkins1000 | ip=192.168.5.191 | op=SEND_HEARTBEAT {datanodeUUID=457b0f2b-feff-4639-91a3-a11070381d4f, command=[]} | ret=SUCCESS |  
2019-08-27 19:06:27,054 | INFO  | SCMAudit | user=jenkins1000 | ip=192.168.5.191 | op=SEND_HEARTBEAT {datanodeUUID=7ffeb123-8a07-43fc-9bc5-d9b026895606, command=[]} | ret=SUCCESS |  
2019-08-27 19:06:27,120 | INFO  | SCMAudit | user=jenkins1000 | ip=192.168.5.191 | op=SEND_HEARTBEAT {datanodeUUID=38f28178-96e9-481f-bed8-cfb19f684f50, command=[]} | ret=SUCCESS |  
2019-08-27 19:06:27,223 | INFO  | SCMAudit | user=jenkins1000 | ip=192.168.5.191 | op=SEND_HEARTBEAT {datanodeUUID=1a6ef58e-b6d8-4916-b5f4-f66cad6b6cba, command=[]} | ret=SUCCESS |  
2019-08-27 19:06:27,342 | INFO  | SCMAudit | user=jenkins1000 | ip=192.168.5.191 | op=SEND_HEARTBEAT {datanodeUUID=3e80ec3d-d0df-446e-9c00-872113d57222, command=[]} | ret=SUCCESS |  
2019-08-27 19:06:27,976 [grpc-default-executor-1] INFO  client.GrpcClientProtocolClient (GrpcClientProtocolClient.java:onNext(255)) - client-0C1CC1C50A7C->457b0f2b-feff-4639-91a3-a11070381d4f: receive RaftClientReply:client-0C1CC1C50A7C->457b0f2b-feff-4639-91a3-a11070381d4f@group-5A0C10B0A675, cid=45, FAILED org.apache.ratis.protocol.NotLeaderException: Server 457b0f2b-feff-4639-91a3-a11070381d4f is not the leader (d3c05237-bd84-4234-a934-0ba66750ea46:192.168.5.191:42272). Request must be sent to leader., logIndex=0, commits[457b0f2b-feff-4639-91a3-a11070381d4f:c8, d3c05237-bd84-4234-a934-0ba66750ea46:c8, 8dbfb03d-3489-434f-b2ff-176126556357:c8]
2019-08-27 19:06:27,991 | INFO  | SCMAudit | user=jenkins1000 | ip=192.168.5.191 | op=SEND_HEARTBEAT {datanodeUUID=d3c05237-bd84-4234-a934-0ba66750ea46, command=[]} | ret=SUCCESS |  
2019-08-27 19:06:28,017 | INFO  | SCMAudit | user=jenkins1000 | ip=192.168.5.191 | op=SEND_HEARTBEAT {datanodeUUID=457b0f2b-feff-4639-91a3-a11070381d4f, command=[]} | ret=SUCCESS |  
2019-08-27 19:06:28,017 | INFO  | SCMAudit | user=jenkins1000 | ip=192.168.5.191 | op=SEND_HEARTBEAT {datanodeUUID=8dbfb03d-3489-434f-b2ff-176126556357, command=[]} | ret=SUCCESS |  
2019-08-27 19:06:28,054 | INFO  | SCMAudit | user=jenkins1000 | ip=192.168.5.191 | op=SEND_HEARTBEAT {datanodeUUID=7ffeb123-8a07-43fc-9bc5-d9b026895606, command=[]} | ret=SUCCESS |  
2019-08-27 19:06:28,120 | INFO  | SCMAudit | user=jenkins1000 | ip=192.168.5.191 | op=SEND_HEARTBEAT {datanodeUUID=38f28178-96e9-481f-bed8-cfb19f684f50, command=[]} | ret=SUCCESS |  
2019-08-27 19:06:28,224 | INFO  | SCMAudit | user=jenkins1000 | ip=192.168.5.191 | op=SEND_HEARTBEAT {datanodeUUID=1a6ef58e-b6d8-4916-b5f4-f66cad6b6cba, command=[]} | ret=SUCCESS |  
2019-08-27 19:06:28,342 | INFO  | SCMAudit | user=jenkins1000 | ip=192.168.5.191 | op=SEND_HEARTBEAT {datanodeUUID=3e80ec3d-d0df-446e-9c00-872113d57222, command=[]} | ret=SUCCESS |  
2019-08-27 19:06:28,991 | INFO  | SCMAudit | user=jenkins1000 | ip=192.168.5.191 | op=SEND_HEARTBEAT {datanodeUUID=d3c05237-bd84-4234-a934-0ba66750ea46, command=[]} | ret=SUCCESS |  
2019-08-27 19:06:29,017 | INFO  | SCMAudit | user=jenkins1000 | ip=192.168.5.191 | op=SEND_HEARTBEAT {datanodeUUID=8dbfb03d-3489-434f-b2ff-176126556357, command=[]} | ret=SUCCESS |  
2019-08-27 19:06:29,017 | INFO  | SCMAudit | user=jenkins1000 | ip=192.168.5.191 | op=SEND_HEARTBEAT {datanodeUUID=457b0f2b-feff-4639-91a3-a11070381d4f, command=[]} | ret=SUCCESS |  
2019-08-27 19:06:29,054 | INFO  | SCMAudit | user=jenkins1000 | ip=192.168.5.191 | op=SEND_HEARTBEAT {datanodeUUID=7ffeb123-8a07-43fc-9bc5-d9b026895606, command=[]} | ret=SUCCESS |  
2019-08-27 19:06:29,120 | INFO  | SCMAudit | user=jenkins1000 | ip=192.168.5.191 | op=SEND_HEARTBEAT {datanodeUUID=38f28178-96e9-481f-bed8-cfb19f684f50, command=[]} | ret=SUCCESS |  
2019-08-27 19:06:29,224 | INFO  | SCMAudit | user=jenkins1000 | ip=192.168.5.191 | op=SEND_HEARTBEAT {datanodeUUID=1a6ef58e-b6d8-4916-b5f4-f66cad6b6cba, command=[]} | ret=SUCCESS |  
2019-08-27 19:06:29,342 | INFO  | SCMAudit | user=jenkins1000 | ip=192.168.5.191 | op=SEND_HEARTBEAT {datanodeUUID=3e80ec3d-d0df-446e-9c00-872113d57222, command=[]} | ret=SUCCESS |  
2019-08-27 19:06:29,991 | INFO  | SCMAudit | user=jenkins1000 | ip=192.168.5.191 | op=SEND_HEARTBEAT {datanodeUUID=d3c05237-bd84-4234-a934-0ba66750ea46, command=[]} | ret=SUCCESS |  
2019-08-27 19:06:30,017 | INFO  | SCMAudit | user=jenkins1000 | ip=192.168.5.191 | op=SEND_HEARTBEAT {datanodeUUID=457b0f2b-feff-4639-91a3-a11070381d4f, command=[]} | ret=SUCCESS |  
2019-08-27 19:06:30,017 | INFO  | SCMAudit | user=jenkins1000 | ip=192.168.5.191 | op=SEND_HEARTBEAT {datanodeUUID=8dbfb03d-3489-434f-b2ff-176126556357, command=[]} | ret=SUCCESS |  
2019-08-27 19:06:30,054 | INFO  | SCMAudit | user=jenkins1000 | ip=192.168.5.191 | op=SEND_HEARTBEAT {datanodeUUID=7ffeb123-8a07-43fc-9bc5-d9b026895606, command=[]} | ret=SUCCESS |  
2019-08-27 19:06:30,120 | INFO  | SCMAudit | user=jenkins1000 | ip=192.168.5.191 | op=SEND_HEARTBEAT {datanodeUUID=38f28178-96e9-481f-bed8-cfb19f684f50, command=[]} | ret=SUCCESS |  
2019-08-27 19:06:30,224 | INFO  | SCMAudit | user=jenkins1000 | ip=192.168.5.191 | op=SEND_HEARTBEAT {datanodeUUID=1a6ef58e-b6d8-4916-b5f4-f66cad6b6cba, command=[]} | ret=SUCCESS |  
2019-08-27 19:06:30,342 | INFO  | SCMAudit | user=jenkins1000 | ip=192.168.5.191 | op=SEND_HEARTBEAT {datanodeUUID=3e80ec3d-d0df-446e-9c00-872113d57222, command=[]} | ret=SUCCESS |  
2019-08-27 19:06:30,991 | INFO  | SCMAudit | user=jenkins1000 | ip=192.168.5.191 | op=SEND_HEARTBEAT {datanodeUUID=d3c05237-bd84-4234-a934-0ba66750ea46, command=[]} | ret=SUCCESS |  
2019-08-27 19:06:31,017 | INFO  | SCMAudit | user=jenkins1000 | ip=192.168.5.191 | op=SEND_HEARTBEAT {datanodeUUID=457b0f2b-feff-4639-91a3-a11070381d4f, command=[]} | ret=SUCCESS |  
2019-08-27 19:06:31,017 | INFO  | SCMAudit | user=jenkins1000 | ip=192.168.5.191 | op=SEND_HEARTBEAT {datanodeUUID=8dbfb03d-3489-434f-b2ff-176126556357, command=[]} | ret=SUCCESS |  
2019-08-27 19:06:31,055 | INFO  | SCMAudit | user=jenkins1000 | ip=192.168.5.191 | op=SEND_HEARTBEAT {datanodeUUID=7ffeb123-8a07-43fc-9bc5-d9b026895606, command=[]} | ret=SUCCESS |  
2019-08-27 19:06:31,120 | INFO  | SCMAudit | user=jenkins1000 | ip=192.168.5.191 | op=SEND_HEARTBEAT {datanodeUUID=38f28178-96e9-481f-bed8-cfb19f684f50, command=[]} | ret=SUCCESS |  
2019-08-27 19:06:31,225 | INFO  | SCMAudit | user=jenkins1000 | ip=192.168.5.191 | op=SEND_HEARTBEAT {datanodeUUID=1a6ef58e-b6d8-4916-b5f4-f66cad6b6cba, command=[]} | ret=SUCCESS |  
2019-08-27 19:06:31,342 | INFO  | SCMAudit | user=jenkins1000 | ip=192.168.5.191 | op=SEND_HEARTBEAT {datanodeUUID=3e80ec3d-d0df-446e-9c00-872113d57222, command=[]} | ret=SUCCESS |  
2019-08-27 19:06:31,994 | INFO  | SCMAudit | user=jenkins1000 | ip=192.168.5.191 | op=SEND_HEARTBEAT {datanodeUUID=d3c05237-bd84-4234-a934-0ba66750ea46, command=[]} | ret=SUCCESS |  
2019-08-27 19:06:32,017 | INFO  | SCMAudit | user=jenkins1000 | ip=192.168.5.191 | op=SEND_HEARTBEAT {datanodeUUID=457b0f2b-feff-4639-91a3-a11070381d4f, command=[]} | ret=SUCCESS |  
2019-08-27 19:06:32,018 | INFO  | SCMAudit | user=jenkins1000 | ip=192.168.5.191 | op=SEND_HEARTBEAT {datanodeUUID=8dbfb03d-3489-434f-b2ff-176126556357, command=[]} | ret=SUCCESS |  
2019-08-27 19:06:32,055 | INFO  | SCMAudit | user=jenkins1000 | ip=192.168.5.191 | op=SEND_HEARTBEAT {datanodeUUID=7ffeb123-8a07-43fc-9bc5-d9b026895606, command=[]} | ret=SUCCESS |  
2019-08-27 19:06:32,121 | INFO  | SCMAudit | user=jenkins1000 | ip=192.168.5.191 | op=SEND_HEARTBEAT {datanodeUUID=38f28178-96e9-481f-bed8-cfb19f684f50, command=[]} | ret=SUCCESS |  
2019-08-27 19:06:32,224 | INFO  | SCMAudit | user=jenkins1000 | ip=192.168.5.191 | op=SEND_HEARTBEAT {datanodeUUID=1a6ef58e-b6d8-4916-b5f4-f66cad6b6cba, command=[]} | ret=SUCCESS |  
2019-08-27 19:06:32,342 | INFO  | SCMAudit | user=jenkins1000 | ip=192.168.5.191 | op=SEND_HEARTBEAT {datanodeUUID=3e80ec3d-d0df-446e-9c00-872113d57222, command=[]} | ret=SUCCESS |  
2019-08-27 19:06:32,992 | INFO  | SCMAudit | user=jenkins1000 | ip=192.168.5.191 | op=SEND_HEARTBEAT {datanodeUUID=d3c05237-bd84-4234-a934-0ba66750ea46, command=[]} | ret=SUCCESS |  
2019-08-27 19:06:33,012 [grpc-default-executor-1] INFO  client.GrpcClientProtocolClient (GrpcClientProtocolClient.java:onNext(255)) - client-0C1CC1C50A7C->457b0f2b-feff-4639-91a3-a11070381d4f: receive RaftClientReply:client-0C1CC1C50A7C->457b0f2b-feff-4639-91a3-a11070381d4f@group-5A0C10B0A675, cid=45, FAILED org.apache.ratis.protocol.NotLeaderException: Server 457b0f2b-feff-4639-91a3-a11070381d4f is not the leader (d3c05237-bd84-4234-a934-0ba66750ea46:192.168.5.191:42272). Request must be sent to leader., logIndex=0, commits[457b0f2b-feff-4639-91a3-a11070381d4f:c8, d3c05237-bd84-4234-a934-0ba66750ea46:c8, 8dbfb03d-3489-434f-b2ff-176126556357:c8]
2019-08-27 19:06:33,022 | INFO  | SCMAudit | user=jenkins1000 | ip=192.168.5.191 | op=SEND_HEARTBEAT {datanodeUUID=8dbfb03d-3489-434f-b2ff-176126556357, command=[]} | ret=SUCCESS |  
2019-08-27 19:06:33,022 | INFO  | SCMAudit | user=jenkins1000 | ip=192.168.5.191 | op=SEND_HEARTBEAT {datanodeUUID=457b0f2b-feff-4639-91a3-a11070381d4f, command=[]} | ret=SUCCESS |  
2019-08-27 19:06:33,055 | INFO  | SCMAudit | user=jenkins1000 | ip=192.168.5.191 | op=SEND_HEARTBEAT {datanodeUUID=7ffeb123-8a07-43fc-9bc5-d9b026895606, command=[]} | ret=SUCCESS |  
2019-08-27 19:06:33,121 | INFO  | SCMAudit | user=jenkins1000 | ip=192.168.5.191 | op=SEND_HEARTBEAT {datanodeUUID=38f28178-96e9-481f-bed8-cfb19f684f50, command=[]} | ret=SUCCESS |  
2019-08-27 19:06:33,224 | INFO  | SCMAudit | user=jenkins1000 | ip=192.168.5.191 | op=SEND_HEARTBEAT {datanodeUUID=1a6ef58e-b6d8-4916-b5f4-f66cad6b6cba, command=[]} | ret=SUCCESS |  
2019-08-27 19:06:33,342 | INFO  | SCMAudit | user=jenkins1000 | ip=192.168.5.191 | op=SEND_HEARTBEAT {datanodeUUID=3e80ec3d-d0df-446e-9c00-872113d57222, command=[]} | ret=SUCCESS |  
2019-08-27 19:06:33,992 | INFO  | SCMAudit | user=jenkins1000 | ip=192.168.5.191 | op=SEND_HEARTBEAT {datanodeUUID=d3c05237-bd84-4234-a934-0ba66750ea46, command=[]} | ret=SUCCESS |  
2019-08-27 19:06:34,020 | INFO  | SCMAudit | user=jenkins1000 | ip=192.168.5.191 | op=SEND_HEARTBEAT {datanodeUUID=457b0f2b-feff-4639-91a3-a11070381d4f, command=[]} | ret=SUCCESS |  
2019-08-27 19:06:34,020 | INFO  | SCMAudit | user=jenkins1000 | ip=192.168.5.191 | op=SEND_HEARTBEAT {datanodeUUID=8dbfb03d-3489-434f-b2ff-176126556357, command=[]} | ret=SUCCESS |  
2019-08-27 19:06:34,055 | INFO  | SCMAudit | user=jenkins1000 | ip=192.168.5.191 | op=SEND_HEARTBEAT {datanodeUUID=7ffeb123-8a07-43fc-9bc5-d9b026895606, command=[]} | ret=SUCCESS |  
2019-08-27 19:06:34,121 | INFO  | SCMAudit | user=jenkins1000 | ip=192.168.5.191 | op=SEND_HEARTBEAT {datanodeUUID=38f28178-96e9-481f-bed8-cfb19f684f50, command=[]} | ret=SUCCESS |  
2019-08-27 19:06:34,224 | INFO  | SCMAudit | user=jenkins1000 | ip=192.168.5.191 | op=SEND_HEARTBEAT {datanodeUUID=1a6ef58e-b6d8-4916-b5f4-f66cad6b6cba, command=[]} | ret=SUCCESS |  
2019-08-27 19:06:34,342 | INFO  | SCMAudit | user=jenkins1000 | ip=192.168.5.191 | op=SEND_HEARTBEAT {datanodeUUID=3e80ec3d-d0df-446e-9c00-872113d57222, command=[]} | ret=SUCCESS |  
2019-08-27 19:06:34,992 | INFO  | SCMAudit | user=jenkins1000 | ip=192.168.5.191 | op=SEND_HEARTBEAT {datanodeUUID=d3c05237-bd84-4234-a934-0ba66750ea46, command=[]} | ret=SUCCESS |  
2019-08-27 19:06:35,020 | INFO  | SCMAudit | user=jenkins1000 | ip=192.168.5.191 | op=SEND_HEARTBEAT {datanodeUUID=8dbfb03d-3489-434f-b2ff-176126556357, command=[]} | ret=SUCCESS |  
2019-08-27 19:06:35,020 | INFO  | SCMAudit | user=jenkins1000 | ip=192.168.5.191 | op=SEND_HEARTBEAT {datanodeUUID=457b0f2b-feff-4639-91a3-a11070381d4f, command=[]} | ret=SUCCESS |  
2019-08-27 19:06:35,055 | INFO  | SCMAudit | user=jenkins1000 | ip=192.168.5.191 | op=SEND_HEARTBEAT {datanodeUUID=7ffeb123-8a07-43fc-9bc5-d9b026895606, command=[]} | ret=SUCCESS |  
2019-08-27 19:06:35,120 | INFO  | SCMAudit | user=jenkins1000 | ip=192.168.5.191 | op=SEND_HEARTBEAT {datanodeUUID=38f28178-96e9-481f-bed8-cfb19f684f50, command=[]} | ret=SUCCESS |  
2019-08-27 19:06:35,224 | INFO  | SCMAudit | user=jenkins1000 | ip=192.168.5.191 | op=SEND_HEARTBEAT {datanodeUUID=1a6ef58e-b6d8-4916-b5f4-f66cad6b6cba, command=[]} | ret=SUCCESS |  
2019-08-27 19:06:35,342 | INFO  | SCMAudit | user=jenkins1000 | ip=192.168.5.191 | op=SEND_HEARTBEAT {datanodeUUID=3e80ec3d-d0df-446e-9c00-872113d57222, command=[]} | ret=SUCCESS |  
2019-08-27 19:06:35,992 | INFO  | SCMAudit | user=jenkins1000 | ip=192.168.5.191 | op=SEND_HEARTBEAT {datanodeUUID=d3c05237-bd84-4234-a934-0ba66750ea46, command=[]} | ret=SUCCESS |  
2019-08-27 19:06:36,020 | INFO  | SCMAudit | user=jenkins1000 | ip=192.168.5.191 | op=SEND_HEARTBEAT {datanodeUUID=8dbfb03d-3489-434f-b2ff-176126556357, command=[]} | ret=SUCCESS |  
2019-08-27 19:06:36,021 | INFO  | SCMAudit | user=jenkins1000 | ip=192.168.5.191 | op=SEND_HEARTBEAT {datanodeUUID=457b0f2b-feff-4639-91a3-a11070381d4f, command=[]} | ret=SUCCESS |  
2019-08-27 19:06:36,055 | INFO  | SCMAudit | user=jenkins1000 | ip=192.168.5.191 | op=SEND_HEARTBEAT {datanodeUUID=7ffeb123-8a07-43fc-9bc5-d9b026895606, command=[]} | ret=SUCCESS |  
2019-08-27 19:06:36,121 | INFO  | SCMAudit | user=jenkins1000 | ip=192.168.5.191 | op=SEND_HEARTBEAT {datanodeUUID=38f28178-96e9-481f-bed8-cfb19f684f50, command=[]} | ret=SUCCESS |  
2019-08-27 19:06:36,226 | INFO  | SCMAudit | user=jenkins1000 | ip=192.168.5.191 | op=SEND_HEARTBEAT {datanodeUUID=1a6ef58e-b6d8-4916-b5f4-f66cad6b6cba, command=[]} | ret=SUCCESS |  
2019-08-27 19:06:36,342 | INFO  | SCMAudit | user=jenkins1000 | ip=192.168.5.191 | op=SEND_HEARTBEAT {datanodeUUID=3e80ec3d-d0df-446e-9c00-872113d57222, command=[]} | ret=SUCCESS |  
2019-08-27 19:06:36,993 | INFO  | SCMAudit | user=jenkins1000 | ip=192.168.5.191 | op=SEND_HEARTBEAT {datanodeUUID=d3c05237-bd84-4234-a934-0ba66750ea46, command=[]} | ret=SUCCESS |  
2019-08-27 19:06:37,020 | INFO  | SCMAudit | user=jenkins1000 | ip=192.168.5.191 | op=SEND_HEARTBEAT {datanodeUUID=8dbfb03d-3489-434f-b2ff-176126556357, command=[]} | ret=SUCCESS |  
2019-08-27 19:06:37,021 | INFO  | SCMAudit | user=jenkins1000 | ip=192.168.5.191 | op=SEND_HEARTBEAT {datanodeUUID=457b0f2b-feff-4639-91a3-a11070381d4f, command=[]} | ret=SUCCESS |  
2019-08-27 19:06:37,055 | INFO  | SCMAudit | user=jenkins1000 | ip=192.168.5.191 | op=SEND_HEARTBEAT {datanodeUUID=7ffeb123-8a07-43fc-9bc5-d9b026895606, command=[]} | ret=SUCCESS |  
2019-08-27 19:06:37,122 | INFO  | SCMAudit | user=jenkins1000 | ip=192.168.5.191 | op=SEND_HEARTBEAT {datanodeUUID=38f28178-96e9-481f-bed8-cfb19f684f50, command=[]} | ret=SUCCESS |  
2019-08-27 19:06:37,226 | INFO  | SCMAudit | user=jenkins1000 | ip=192.168.5.191 | op=SEND_HEARTBEAT {datanodeUUID=1a6ef58e-b6d8-4916-b5f4-f66cad6b6cba, command=[]} | ret=SUCCESS |  
2019-08-27 19:06:37,342 | INFO  | SCMAudit | user=jenkins1000 | ip=192.168.5.191 | op=SEND_HEARTBEAT {datanodeUUID=3e80ec3d-d0df-446e-9c00-872113d57222, command=[]} | ret=SUCCESS |  
2019-08-27 19:06:37,992 | INFO  | SCMAudit | user=jenkins1000 | ip=192.168.5.191 | op=SEND_HEARTBEAT {datanodeUUID=d3c05237-bd84-4234-a934-0ba66750ea46, command=[]} | ret=SUCCESS |  
2019-08-27 19:06:38,020 | INFO  | SCMAudit | user=jenkins1000 | ip=192.168.5.191 | op=SEND_HEARTBEAT {datanodeUUID=8dbfb03d-3489-434f-b2ff-176126556357, command=[]} | ret=SUCCESS |  
2019-08-27 19:06:38,021 | INFO  | SCMAudit | user=jenkins1000 | ip=192.168.5.191 | op=SEND_HEARTBEAT {datanodeUUID=457b0f2b-feff-4639-91a3-a11070381d4f, command=[]} | ret=SUCCESS |  
2019-08-27 19:06:38,051 [grpc-default-executor-1] INFO  client.GrpcClientProtocolClient (GrpcClientProtocolClient.java:onNext(255)) - client-0C1CC1C50A7C->457b0f2b-feff-4639-91a3-a11070381d4f: receive RaftClientReply:client-0C1CC1C50A7C->457b0f2b-feff-4639-91a3-a11070381d4f@group-5A0C10B0A675, cid=45, FAILED org.apache.ratis.protocol.NotLeaderException: Server 457b0f2b-feff-4639-91a3-a11070381d4f is not the leader (d3c05237-bd84-4234-a934-0ba66750ea46:192.168.5.191:42272). Request must be sent to leader., logIndex=0, commits[457b0f2b-feff-4639-91a3-a11070381d4f:c8, d3c05237-bd84-4234-a934-0ba66750ea46:c8, 8dbfb03d-3489-434f-b2ff-176126556357:c8]
2019-08-27 19:06:38,076 | INFO  | SCMAudit | user=jenkins1000 | ip=192.168.5.191 | op=SEND_HEARTBEAT {datanodeUUID=7ffeb123-8a07-43fc-9bc5-d9b026895606, command=[]} | ret=SUCCESS |  
2019-08-27 19:06:38,121 | INFO  | SCMAudit | user=jenkins1000 | ip=192.168.5.191 | op=SEND_HEARTBEAT {datanodeUUID=38f28178-96e9-481f-bed8-cfb19f684f50, command=[]} | ret=SUCCESS |  
2019-08-27 19:06:38,226 | INFO  | SCMAudit | user=jenkins1000 | ip=192.168.5.191 | op=SEND_HEARTBEAT {datanodeUUID=1a6ef58e-b6d8-4916-b5f4-f66cad6b6cba, command=[]} | ret=SUCCESS |  
2019-08-27 19:06:38,342 | INFO  | SCMAudit | user=jenkins1000 | ip=192.168.5.191 | op=SEND_HEARTBEAT {datanodeUUID=3e80ec3d-d0df-446e-9c00-872113d57222, command=[]} | ret=SUCCESS |  
2019-08-27 19:06:38,992 | INFO  | SCMAudit | user=jenkins1000 | ip=192.168.5.191 | op=SEND_HEARTBEAT {datanodeUUID=d3c05237-bd84-4234-a934-0ba66750ea46, command=[]} | ret=SUCCESS |  
2019-08-27 19:06:39,020 | INFO  | SCMAudit | user=jenkins1000 | ip=192.168.5.191 | op=SEND_HEARTBEAT {datanodeUUID=8dbfb03d-3489-434f-b2ff-176126556357, command=[]} | ret=SUCCESS |  
2019-08-27 19:06:39,021 | INFO  | SCMAudit | user=jenkins1000 | ip=192.168.5.191 | op=SEND_HEARTBEAT {datanodeUUID=457b0f2b-feff-4639-91a3-a11070381d4f, command=[]} | ret=SUCCESS |  
2019-08-27 19:06:39,060 | INFO  | SCMAudit | user=jenkins1000 | ip=192.168.5.191 | op=SEND_HEARTBEAT {datanodeUUID=7ffeb123-8a07-43fc-9bc5-d9b026895606, command=[]} | ret=SUCCESS |  
2019-08-27 19:06:39,121 | INFO  | SCMAudit | user=jenkins1000 | ip=192.168.5.191 | op=SEND_HEARTBEAT {datanodeUUID=38f28178-96e9-481f-bed8-cfb19f684f50, command=[]} | ret=SUCCESS |  
2019-08-27 19:06:39,226 | INFO  | SCMAudit | user=jenkins1000 | ip=192.168.5.191 | op=SEND_HEARTBEAT {datanodeUUID=1a6ef58e-b6d8-4916-b5f4-f66cad6b6cba, command=[]} | ret=SUCCESS |  
2019-08-27 19:06:39,342 | INFO  | SCMAudit | user=jenkins1000 | ip=192.168.5.191 | op=SEND_HEARTBEAT {datanodeUUID=3e80ec3d-d0df-446e-9c00-872113d57222, command=[]} | ret=SUCCESS |  
2019-08-27 19:06:39,992 | INFO  | SCMAudit | user=jenkins1000 | ip=192.168.5.191 | op=SEND_HEARTBEAT {datanodeUUID=d3c05237-bd84-4234-a934-0ba66750ea46, command=[]} | ret=SUCCESS |  
2019-08-27 19:06:40,021 | INFO  | SCMAudit | user=jenkins1000 | ip=192.168.5.191 | op=SEND_HEARTBEAT {datanodeUUID=8dbfb03d-3489-434f-b2ff-176126556357, command=[]} | ret=SUCCESS |  
2019-08-27 19:06:40,021 | INFO  | SCMAudit | user=jenkins1000 | ip=192.168.5.191 | op=SEND_HEARTBEAT {datanodeUUID=457b0f2b-feff-4639-91a3-a11070381d4f, command=[]} | ret=SUCCESS |  
2019-08-27 19:06:40,060 | INFO  | SCMAudit | user=jenkins1000 | ip=192.168.5.191 | op=SEND_HEARTBEAT {datanodeUUID=7ffeb123-8a07-43fc-9bc5-d9b026895606, command=[]} | ret=SUCCESS |  
2019-08-27 19:06:40,121 | INFO  | SCMAudit | user=jenkins1000 | ip=192.168.5.191 | op=SEND_HEARTBEAT {datanodeUUID=38f28178-96e9-481f-bed8-cfb19f684f50, command=[]} | ret=SUCCESS |  
2019-08-27 19:06:40,226 | INFO  | SCMAudit | user=jenkins1000 | ip=192.168.5.191 | op=SEND_HEARTBEAT {datanodeUUID=1a6ef58e-b6d8-4916-b5f4-f66cad6b6cba, command=[]} | ret=SUCCESS |  
2019-08-27 19:06:40,342 | INFO  | SCMAudit | user=jenkins1000 | ip=192.168.5.191 | op=SEND_HEARTBEAT {datanodeUUID=3e80ec3d-d0df-446e-9c00-872113d57222, command=[]} | ret=SUCCESS |  
2019-08-27 19:06:40,992 | INFO  | SCMAudit | user=jenkins1000 | ip=192.168.5.191 | op=SEND_HEARTBEAT {datanodeUUID=d3c05237-bd84-4234-a934-0ba66750ea46, command=[]} | ret=SUCCESS |  
2019-08-27 19:06:41,021 | INFO  | SCMAudit | user=jenkins1000 | ip=192.168.5.191 | op=SEND_HEARTBEAT {datanodeUUID=8dbfb03d-3489-434f-b2ff-176126556357, command=[]} | ret=SUCCESS |  
2019-08-27 19:06:41,021 | INFO  | SCMAudit | user=jenkins1000 | ip=192.168.5.191 | op=SEND_HEARTBEAT {datanodeUUID=457b0f2b-feff-4639-91a3-a11070381d4f, command=[]} | ret=SUCCESS |  
2019-08-27 19:06:41,060 | INFO  | SCMAudit | user=jenkins1000 | ip=192.168.5.191 | op=SEND_HEARTBEAT {datanodeUUID=7ffeb123-8a07-43fc-9bc5-d9b026895606, command=[]} | ret=SUCCESS |  
2019-08-27 19:06:41,121 | INFO  | SCMAudit | user=jenkins1000 | ip=192.168.5.191 | op=SEND_HEARTBEAT {datanodeUUID=38f28178-96e9-481f-bed8-cfb19f684f50, command=[]} | ret=SUCCESS |  
2019-08-27 19:06:41,226 | INFO  | SCMAudit | user=jenkins1000 | ip=192.168.5.191 | op=SEND_HEARTBEAT {datanodeUUID=1a6ef58e-b6d8-4916-b5f4-f66cad6b6cba, command=[]} | ret=SUCCESS |  
2019-08-27 19:06:41,342 | INFO  | SCMAudit | user=jenkins1000 | ip=192.168.5.191 | op=SEND_HEARTBEAT {datanodeUUID=3e80ec3d-d0df-446e-9c00-872113d57222, command=[]} | ret=SUCCESS |  
2019-08-27 19:06:41,992 | INFO  | SCMAudit | user=jenkins1000 | ip=192.168.5.191 | op=SEND_HEARTBEAT {datanodeUUID=d3c05237-bd84-4234-a934-0ba66750ea46, command=[]} | ret=SUCCESS |  
2019-08-27 19:06:42,021 | INFO  | SCMAudit | user=jenkins1000 | ip=192.168.5.191 | op=SEND_HEARTBEAT {datanodeUUID=8dbfb03d-3489-434f-b2ff-176126556357, command=[]} | ret=SUCCESS |  
2019-08-27 19:06:42,021 | INFO  | SCMAudit | user=jenkins1000 | ip=192.168.5.191 | op=SEND_HEARTBEAT {datanodeUUID=457b0f2b-feff-4639-91a3-a11070381d4f, command=[]} | ret=SUCCESS |  
2019-08-27 19:06:42,060 | INFO  | SCMAudit | user=jenkins1000 | ip=192.168.5.191 | op=SEND_HEARTBEAT {datanodeUUID=7ffeb123-8a07-43fc-9bc5-d9b026895606, command=[]} | ret=SUCCESS |  
2019-08-27 19:06:42,122 | INFO  | SCMAudit | user=jenkins1000 | ip=192.168.5.191 | op=SEND_HEARTBEAT {datanodeUUID=38f28178-96e9-481f-bed8-cfb19f684f50, command=[]} | ret=SUCCESS |  
2019-08-27 19:06:42,226 | INFO  | SCMAudit | user=jenkins1000 | ip=192.168.5.191 | op=SEND_HEARTBEAT {datanodeUUID=1a6ef58e-b6d8-4916-b5f4-f66cad6b6cba, command=[]} | ret=SUCCESS |  
2019-08-27 19:06:42,342 | INFO  | SCMAudit | user=jenkins1000 | ip=192.168.5.191 | op=SEND_HEARTBEAT {datanodeUUID=3e80ec3d-d0df-446e-9c00-872113d57222, command=[]} | ret=SUCCESS |  
2019-08-27 19:06:42,993 | INFO  | SCMAudit | user=jenkins1000 | ip=192.168.5.191 | op=SEND_HEARTBEAT {datanodeUUID=d3c05237-bd84-4234-a934-0ba66750ea46, command=[]} | ret=SUCCESS |  
2019-08-27 19:06:43,021 | INFO  | SCMAudit | user=jenkins1000 | ip=192.168.5.191 | op=SEND_HEARTBEAT {datanodeUUID=457b0f2b-feff-4639-91a3-a11070381d4f, command=[]} | ret=SUCCESS |  
2019-08-27 19:06:43,021 | INFO  | SCMAudit | user=jenkins1000 | ip=192.168.5.191 | op=SEND_HEARTBEAT {datanodeUUID=8dbfb03d-3489-434f-b2ff-176126556357, command=[]} | ret=SUCCESS |  
2019-08-27 19:06:43,060 | INFO  | SCMAudit | user=jenkins1000 | ip=192.168.5.191 | op=SEND_HEARTBEAT {datanodeUUID=7ffeb123-8a07-43fc-9bc5-d9b026895606, command=[]} | ret=SUCCESS |  
2019-08-27 19:06:43,115 [grpc-default-executor-5] INFO  client.GrpcClientProtocolClient (GrpcClientProtocolClient.java:onNext(255)) - client-0C1CC1C50A7C->8dbfb03d-3489-434f-b2ff-176126556357: receive RaftClientReply:client-0C1CC1C50A7C->8dbfb03d-3489-434f-b2ff-176126556357@group-5A0C10B0A675, cid=45, FAILED org.apache.ratis.protocol.NotLeaderException: Server 8dbfb03d-3489-434f-b2ff-176126556357 is not the leader (d3c05237-bd84-4234-a934-0ba66750ea46:192.168.5.191:42272). Request must be sent to leader., logIndex=0, commits[8dbfb03d-3489-434f-b2ff-176126556357:c8, 457b0f2b-feff-4639-91a3-a11070381d4f:c8, d3c05237-bd84-4234-a934-0ba66750ea46:c8]
2019-08-27 19:06:43,125 | INFO  | SCMAudit | user=jenkins1000 | ip=192.168.5.191 | op=SEND_HEARTBEAT {datanodeUUID=38f28178-96e9-481f-bed8-cfb19f684f50, command=[]} | ret=SUCCESS |  
2019-08-27 19:06:43,226 | INFO  | SCMAudit | user=jenkins1000 | ip=192.168.5.191 | op=SEND_HEARTBEAT {datanodeUUID=1a6ef58e-b6d8-4916-b5f4-f66cad6b6cba, command=[]} | ret=SUCCESS |  
2019-08-27 19:06:43,343 | INFO  | SCMAudit | user=jenkins1000 | ip=192.168.5.191 | op=SEND_HEARTBEAT {datanodeUUID=3e80ec3d-d0df-446e-9c00-872113d57222, command=[]} | ret=SUCCESS |  
2019-08-27 19:06:43,993 | INFO  | SCMAudit | user=jenkins1000 | ip=192.168.5.191 | op=SEND_HEARTBEAT {datanodeUUID=d3c05237-bd84-4234-a934-0ba66750ea46, command=[]} | ret=SUCCESS |  
2019-08-27 19:06:44,021 | INFO  | SCMAudit | user=jenkins1000 | ip=192.168.5.191 | op=SEND_HEARTBEAT {datanodeUUID=8dbfb03d-3489-434f-b2ff-176126556357, command=[]} | ret=SUCCESS |  
2019-08-27 19:06:44,021 | INFO  | SCMAudit | user=jenkins1000 | ip=192.168.5.191 | op=SEND_HEARTBEAT {datanodeUUID=457b0f2b-feff-4639-91a3-a11070381d4f, command=[]} | ret=SUCCESS |  
2019-08-27 19:06:44,060 | INFO  | SCMAudit | user=jenkins1000 | ip=192.168.5.191 | op=SEND_HEARTBEAT {datanodeUUID=7ffeb123-8a07-43fc-9bc5-d9b026895606, command=[]} | ret=SUCCESS |  
2019-08-27 19:06:44,122 | INFO  | SCMAudit | user=jenkins1000 | ip=192.168.5.191 | op=SEND_HEARTBEAT {datanodeUUID=38f28178-96e9-481f-bed8-cfb19f684f50, command=[]} | ret=SUCCESS |  
2019-08-27 19:06:44,227 | INFO  | SCMAudit | user=jenkins1000 | ip=192.168.5.191 | op=SEND_HEARTBEAT {datanodeUUID=1a6ef58e-b6d8-4916-b5f4-f66cad6b6cba, command=[]} | ret=SUCCESS |  
2019-08-27 19:06:44,342 | INFO  | SCMAudit | user=jenkins1000 | ip=192.168.5.191 | op=SEND_HEARTBEAT {datanodeUUID=3e80ec3d-d0df-446e-9c00-872113d57222, command=[]} | ret=SUCCESS |  
2019-08-27 19:06:44,994 | INFO  | SCMAudit | user=jenkins1000 | ip=192.168.5.191 | op=SEND_HEARTBEAT {datanodeUUID=d3c05237-bd84-4234-a934-0ba66750ea46, command=[]} | ret=SUCCESS |  
2019-08-27 19:06:45,021 | INFO  | SCMAudit | user=jenkins1000 | ip=192.168.5.191 | op=SEND_HEARTBEAT {datanodeUUID=8dbfb03d-3489-434f-b2ff-176126556357, command=[]} | ret=SUCCESS |  
2019-08-27 19:06:45,021 | INFO  | SCMAudit | user=jenkins1000 | ip=192.168.5.191 | op=SEND_HEARTBEAT {datanodeUUID=457b0f2b-feff-4639-91a3-a11070381d4f, command=[]} | ret=SUCCESS |  
2019-08-27 19:06:45,060 | INFO  | SCMAudit | user=jenkins1000 | ip=192.168.5.191 | op=SEND_HEARTBEAT {datanodeUUID=7ffeb123-8a07-43fc-9bc5-d9b026895606, command=[]} | ret=SUCCESS |  
2019-08-27 19:06:45,122 | INFO  | SCMAudit | user=jenkins1000 | ip=192.168.5.191 | op=SEND_HEARTBEAT {datanodeUUID=38f28178-96e9-481f-bed8-cfb19f684f50, command=[]} | ret=SUCCESS |  
2019-08-27 19:06:45,227 | INFO  | SCMAudit | user=jenkins1000 | ip=192.168.5.191 | op=SEND_HEARTBEAT {datanodeUUID=1a6ef58e-b6d8-4916-b5f4-f66cad6b6cba, command=[]} | ret=SUCCESS |  
2019-08-27 19:06:45,342 | INFO  | SCMAudit | user=jenkins1000 | ip=192.168.5.191 | op=SEND_HEARTBEAT {datanodeUUID=3e80ec3d-d0df-446e-9c00-872113d57222, command=[]} | ret=SUCCESS |  
2019-08-27 19:06:45,993 | INFO  | SCMAudit | user=jenkins1000 | ip=192.168.5.191 | op=SEND_HEARTBEAT {datanodeUUID=d3c05237-bd84-4234-a934-0ba66750ea46, command=[]} | ret=SUCCESS |  
2019-08-27 19:06:46,021 | INFO  | SCMAudit | user=jenkins1000 | ip=192.168.5.191 | op=SEND_HEARTBEAT {datanodeUUID=8dbfb03d-3489-434f-b2ff-176126556357, command=[]} | ret=SUCCESS |  
2019-08-27 19:06:46,021 | INFO  | SCMAudit | user=jenkins1000 | ip=192.168.5.191 | op=SEND_HEARTBEAT {datanodeUUID=457b0f2b-feff-4639-91a3-a11070381d4f, command=[]} | ret=SUCCESS |  
2019-08-27 19:06:46,060 | INFO  | SCMAudit | user=jenkins1000 | ip=192.168.5.191 | op=SEND_HEARTBEAT {datanodeUUID=7ffeb123-8a07-43fc-9bc5-d9b026895606, command=[]} | ret=SUCCESS |  
2019-08-27 19:06:46,123 | INFO  | SCMAudit | user=jenkins1000 | ip=192.168.5.191 | op=SEND_HEARTBEAT {datanodeUUID=38f28178-96e9-481f-bed8-cfb19f684f50, command=[]} | ret=SUCCESS |  
2019-08-27 19:06:46,227 | INFO  | SCMAudit | user=jenkins1000 | ip=192.168.5.191 | op=SEND_HEARTBEAT {datanodeUUID=1a6ef58e-b6d8-4916-b5f4-f66cad6b6cba, command=[]} | ret=SUCCESS |  
2019-08-27 19:06:46,342 | INFO  | SCMAudit | user=jenkins1000 | ip=192.168.5.191 | op=SEND_HEARTBEAT {datanodeUUID=3e80ec3d-d0df-446e-9c00-872113d57222, command=[]} | ret=SUCCESS |  
2019-08-27 19:06:46,993 | INFO  | SCMAudit | user=jenkins1000 | ip=192.168.5.191 | op=SEND_HEARTBEAT {datanodeUUID=d3c05237-bd84-4234-a934-0ba66750ea46, command=[]} | ret=SUCCESS |  
2019-08-27 19:06:47,021 | INFO  | SCMAudit | user=jenkins1000 | ip=192.168.5.191 | op=SEND_HEARTBEAT {datanodeUUID=8dbfb03d-3489-434f-b2ff-176126556357, command=[]} | ret=SUCCESS |  
2019-08-27 19:06:47,021 | INFO  | SCMAudit | user=jenkins1000 | ip=192.168.5.191 | op=SEND_HEARTBEAT {datanodeUUID=457b0f2b-feff-4639-91a3-a11070381d4f, command=[]} | ret=SUCCESS |  
2019-08-27 19:06:47,060 | INFO  | SCMAudit | user=jenkins1000 | ip=192.168.5.191 | op=SEND_HEARTBEAT {datanodeUUID=7ffeb123-8a07-43fc-9bc5-d9b026895606, command=[]} | ret=SUCCESS |  
2019-08-27 19:06:47,123 | INFO  | SCMAudit | user=jenkins1000 | ip=192.168.5.191 | op=SEND_HEARTBEAT {datanodeUUID=38f28178-96e9-481f-bed8-cfb19f684f50, command=[]} | ret=SUCCESS |  
2019-08-27 19:06:47,227 | INFO  | SCMAudit | user=jenkins1000 | ip=192.168.5.191 | op=SEND_HEARTBEAT {datanodeUUID=1a6ef58e-b6d8-4916-b5f4-f66cad6b6cba, command=[]} | ret=SUCCESS |  
2019-08-27 19:06:47,342 | INFO  | SCMAudit | user=jenkins1000 | ip=192.168.5.191 | op=SEND_HEARTBEAT {datanodeUUID=3e80ec3d-d0df-446e-9c00-872113d57222, command=[]} | ret=SUCCESS |  
2019-08-27 19:06:47,993 | INFO  | SCMAudit | user=jenkins1000 | ip=192.168.5.191 | op=SEND_HEARTBEAT {datanodeUUID=d3c05237-bd84-4234-a934-0ba66750ea46, command=[]} | ret=SUCCESS |  
2019-08-27 19:06:48,021 | INFO  | SCMAudit | user=jenkins1000 | ip=192.168.5.191 | op=SEND_HEARTBEAT {datanodeUUID=8dbfb03d-3489-434f-b2ff-176126556357, command=[]} | ret=SUCCESS |  
2019-08-27 19:06:48,022 | INFO  | SCMAudit | user=jenkins1000 | ip=192.168.5.191 | op=SEND_HEARTBEAT {datanodeUUID=457b0f2b-feff-4639-91a3-a11070381d4f, command=[]} | ret=SUCCESS |  
2019-08-27 19:06:48,060 | INFO  | SCMAudit | user=jenkins1000 | ip=192.168.5.191 | op=SEND_HEARTBEAT {datanodeUUID=7ffeb123-8a07-43fc-9bc5-d9b026895606, command=[]} | ret=SUCCESS |  
2019-08-27 19:06:48,123 | INFO  | SCMAudit | user=jenkins1000 | ip=192.168.5.191 | op=SEND_HEARTBEAT {datanodeUUID=38f28178-96e9-481f-bed8-cfb19f684f50, command=[]} | ret=SUCCESS |  
2019-08-27 19:06:48,156 [grpc-default-executor-1] INFO  client.GrpcClientProtocolClient (GrpcClientProtocolClient.java:onNext(255)) - client-0C1CC1C50A7C->8dbfb03d-3489-434f-b2ff-176126556357: receive RaftClientReply:client-0C1CC1C50A7C->8dbfb03d-3489-434f-b2ff-176126556357@group-5A0C10B0A675, cid=45, FAILED org.apache.ratis.protocol.NotLeaderException: Server 8dbfb03d-3489-434f-b2ff-176126556357 is not the leader (d3c05237-bd84-4234-a934-0ba66750ea46:192.168.5.191:42272). Request must be sent to leader., logIndex=0, commits[8dbfb03d-3489-434f-b2ff-176126556357:c8, 457b0f2b-feff-4639-91a3-a11070381d4f:c8, d3c05237-bd84-4234-a934-0ba66750ea46:c8]
2019-08-27 19:06:48,227 | INFO  | SCMAudit | user=jenkins1000 | ip=192.168.5.191 | op=SEND_HEARTBEAT {datanodeUUID=1a6ef58e-b6d8-4916-b5f4-f66cad6b6cba, command=[]} | ret=SUCCESS |  
2019-08-27 19:06:48,342 | INFO  | SCMAudit | user=jenkins1000 | ip=192.168.5.191 | op=SEND_HEARTBEAT {datanodeUUID=3e80ec3d-d0df-446e-9c00-872113d57222, command=[]} | ret=SUCCESS |  
2019-08-27 19:06:48,993 | INFO  | SCMAudit | user=jenkins1000 | ip=192.168.5.191 | op=SEND_HEARTBEAT {datanodeUUID=d3c05237-bd84-4234-a934-0ba66750ea46, command=[]} | ret=SUCCESS |  
2019-08-27 19:06:49,021 | INFO  | SCMAudit | user=jenkins1000 | ip=192.168.5.191 | op=SEND_HEARTBEAT {datanodeUUID=8dbfb03d-3489-434f-b2ff-176126556357, command=[]} | ret=SUCCESS |  
2019-08-27 19:06:49,022 | INFO  | SCMAudit | user=jenkins1000 | ip=192.168.5.191 | op=SEND_HEARTBEAT {datanodeUUID=457b0f2b-feff-4639-91a3-a11070381d4f, command=[]} | ret=SUCCESS |  
2019-08-27 19:06:49,060 | INFO  | SCMAudit | user=jenkins1000 | ip=192.168.5.191 | op=SEND_HEARTBEAT {datanodeUUID=7ffeb123-8a07-43fc-9bc5-d9b026895606, command=[]} | ret=SUCCESS |  
2019-08-27 19:06:49,124 | INFO  | SCMAudit | user=jenkins1000 | ip=192.168.5.191 | op=SEND_HEARTBEAT {datanodeUUID=38f28178-96e9-481f-bed8-cfb19f684f50, command=[]} | ret=SUCCESS |  
2019-08-27 19:06:49,230 | INFO  | SCMAudit | user=jenkins1000 | ip=192.168.5.191 | op=SEND_HEARTBEAT {datanodeUUID=1a6ef58e-b6d8-4916-b5f4-f66cad6b6cba, command=[]} | ret=SUCCESS |  
2019-08-27 19:06:49,343 | INFO  | SCMAudit | user=jenkins1000 | ip=192.168.5.191 | op=SEND_HEARTBEAT {datanodeUUID=3e80ec3d-d0df-446e-9c00-872113d57222, command=[]} | ret=SUCCESS |  
2019-08-27 19:06:49,993 | INFO  | SCMAudit | user=jenkins1000 | ip=192.168.5.191 | op=SEND_HEARTBEAT {datanodeUUID=d3c05237-bd84-4234-a934-0ba66750ea46, command=[]} | ret=SUCCESS |  
2019-08-27 19:06:50,021 | INFO  | SCMAudit | user=jenkins1000 | ip=192.168.5.191 | op=SEND_HEARTBEAT {datanodeUUID=8dbfb03d-3489-434f-b2ff-176126556357, command=[]} | ret=SUCCESS |  
2019-08-27 19:06:50,022 | INFO  | SCMAudit | user=jenkins1000 | ip=192.168.5.191 | op=SEND_HEARTBEAT {datanodeUUID=457b0f2b-feff-4639-91a3-a11070381d4f, command=[]} | ret=SUCCESS |  
2019-08-27 19:06:50,060 | INFO  | SCMAudit | user=jenkins1000 | ip=192.168.5.191 | op=SEND_HEARTBEAT {datanodeUUID=7ffeb123-8a07-43fc-9bc5-d9b026895606, command=[]} | ret=SUCCESS |  
2019-08-27 19:06:50,124 | INFO  | SCMAudit | user=jenkins1000 | ip=192.168.5.191 | op=SEND_HEARTBEAT {datanodeUUID=38f28178-96e9-481f-bed8-cfb19f684f50, command=[]} | ret=SUCCESS |  
2019-08-27 19:06:50,227 | INFO  | SCMAudit | user=jenkins1000 | ip=192.168.5.191 | op=SEND_HEARTBEAT {datanodeUUID=1a6ef58e-b6d8-4916-b5f4-f66cad6b6cba, command=[]} | ret=SUCCESS |  
2019-08-27 19:06:50,342 | INFO  | SCMAudit | user=jenkins1000 | ip=192.168.5.191 | op=SEND_HEARTBEAT {datanodeUUID=3e80ec3d-d0df-446e-9c00-872113d57222, command=[]} | ret=SUCCESS |  
2019-08-27 19:06:50,993 | INFO  | SCMAudit | user=jenkins1000 | ip=192.168.5.191 | op=SEND_HEARTBEAT {datanodeUUID=d3c05237-bd84-4234-a934-0ba66750ea46, command=[]} | ret=SUCCESS |  
2019-08-27 19:06:51,021 | INFO  | SCMAudit | user=jenkins1000 | ip=192.168.5.191 | op=SEND_HEARTBEAT {datanodeUUID=8dbfb03d-3489-434f-b2ff-176126556357, command=[]} | ret=SUCCESS |  
2019-08-27 19:06:51,022 | INFO  | SCMAudit | user=jenkins1000 | ip=192.168.5.191 | op=SEND_HEARTBEAT {datanodeUUID=457b0f2b-feff-4639-91a3-a11070381d4f, command=[]} | ret=SUCCESS |  
2019-08-27 19:06:51,060 | INFO  | SCMAudit | user=jenkins1000 | ip=192.168.5.191 | op=SEND_HEARTBEAT {datanodeUUID=7ffeb123-8a07-43fc-9bc5-d9b026895606, command=[]} | ret=SUCCESS |  
2019-08-27 19:06:51,124 | INFO  | SCMAudit | user=jenkins1000 | ip=192.168.5.191 | op=SEND_HEARTBEAT {datanodeUUID=38f28178-96e9-481f-bed8-cfb19f684f50, command=[]} | ret=SUCCESS |  
2019-08-27 19:06:51,227 | INFO  | SCMAudit | user=jenkins1000 | ip=192.168.5.191 | op=SEND_HEARTBEAT {datanodeUUID=1a6ef58e-b6d8-4916-b5f4-f66cad6b6cba, command=[]} | ret=SUCCESS |  
2019-08-27 19:06:51,342 | INFO  | SCMAudit | user=jenkins1000 | ip=192.168.5.191 | op=SEND_HEARTBEAT {datanodeUUID=3e80ec3d-d0df-446e-9c00-872113d57222, command=[]} | ret=SUCCESS |  
2019-08-27 19:06:51,993 | INFO  | SCMAudit | user=jenkins1000 | ip=192.168.5.191 | op=SEND_HEARTBEAT {datanodeUUID=d3c05237-bd84-4234-a934-0ba66750ea46, command=[]} | ret=SUCCESS |  
2019-08-27 19:06:52,021 | INFO  | SCMAudit | user=jenkins1000 | ip=192.168.5.191 | op=SEND_HEARTBEAT {datanodeUUID=8dbfb03d-3489-434f-b2ff-176126556357, command=[]} | ret=SUCCESS |  
2019-08-27 19:06:52,022 | INFO  | SCMAudit | user=jenkins1000 | ip=192.168.5.191 | op=SEND_HEARTBEAT {datanodeUUID=457b0f2b-feff-4639-91a3-a11070381d4f, command=[]} | ret=SUCCESS |  
2019-08-27 19:06:52,060 | INFO  | SCMAudit | user=jenkins1000 | ip=192.168.5.191 | op=SEND_HEARTBEAT {datanodeUUID=7ffeb123-8a07-43fc-9bc5-d9b026895606, command=[]} | ret=SUCCESS |  
2019-08-27 19:06:52,124 | INFO  | SCMAudit | user=jenkins1000 | ip=192.168.5.191 | op=SEND_HEARTBEAT {datanodeUUID=38f28178-96e9-481f-bed8-cfb19f684f50, command=[]} | ret=SUCCESS |  
2019-08-27 19:06:52,227 | INFO  | SCMAudit | user=jenkins1000 | ip=192.168.5.191 | op=SEND_HEARTBEAT {datanodeUUID=1a6ef58e-b6d8-4916-b5f4-f66cad6b6cba, command=[]} | ret=SUCCESS |  
2019-08-27 19:06:52,342 | INFO  | SCMAudit | user=jenkins1000 | ip=192.168.5.191 | op=SEND_HEARTBEAT {datanodeUUID=3e80ec3d-d0df-446e-9c00-872113d57222, command=[]} | ret=SUCCESS |  
2019-08-27 19:06:52,994 | INFO  | SCMAudit | user=jenkins1000 | ip=192.168.5.191 | op=SEND_HEARTBEAT {datanodeUUID=d3c05237-bd84-4234-a934-0ba66750ea46, command=[]} | ret=SUCCESS |  
2019-08-27 19:06:53,021 | INFO  | SCMAudit | user=jenkins1000 | ip=192.168.5.191 | op=SEND_HEARTBEAT {datanodeUUID=8dbfb03d-3489-434f-b2ff-176126556357, command=[]} | ret=SUCCESS |  
2019-08-27 19:06:53,022 | INFO  | SCMAudit | user=jenkins1000 | ip=192.168.5.191 | op=SEND_HEARTBEAT {datanodeUUID=457b0f2b-feff-4639-91a3-a11070381d4f, command=[]} | ret=SUCCESS |  
2019-08-27 19:06:53,059 | INFO  | SCMAudit | user=jenkins1000 | ip=192.168.5.191 | op=SEND_HEARTBEAT {datanodeUUID=7ffeb123-8a07-43fc-9bc5-d9b026895606, command=[]} | ret=SUCCESS |  
2019-08-27 19:06:53,124 | INFO  | SCMAudit | user=jenkins1000 | ip=192.168.5.191 | op=SEND_HEARTBEAT {datanodeUUID=38f28178-96e9-481f-bed8-cfb19f684f50, command=[]} | ret=SUCCESS |  
2019-08-27 19:06:53,198 [grpc-default-executor-1] INFO  client.GrpcClientProtocolClient (GrpcClientProtocolClient.java:onNext(255)) - client-0C1CC1C50A7C->8dbfb03d-3489-434f-b2ff-176126556357: receive RaftClientReply:client-0C1CC1C50A7C->8dbfb03d-3489-434f-b2ff-176126556357@group-5A0C10B0A675, cid=45, FAILED org.apache.ratis.protocol.NotLeaderException: Server 8dbfb03d-3489-434f-b2ff-176126556357 is not the leader (d3c05237-bd84-4234-a934-0ba66750ea46:192.168.5.191:42272). Request must be sent to leader., logIndex=0, commits[8dbfb03d-3489-434f-b2ff-176126556357:c8, 457b0f2b-feff-4639-91a3-a11070381d4f:c8, d3c05237-bd84-4234-a934-0ba66750ea46:c8]
2019-08-27 19:06:53,227 | INFO  | SCMAudit | user=jenkins1000 | ip=192.168.5.191 | op=SEND_HEARTBEAT {datanodeUUID=1a6ef58e-b6d8-4916-b5f4-f66cad6b6cba, command=[]} | ret=SUCCESS |  
2019-08-27 19:06:53,342 | INFO  | SCMAudit | user=jenkins1000 | ip=192.168.5.191 | op=SEND_HEARTBEAT {datanodeUUID=3e80ec3d-d0df-446e-9c00-872113d57222, command=[]} | ret=SUCCESS |  
2019-08-27 19:06:53,995 | INFO  | SCMAudit | user=jenkins1000 | ip=192.168.5.191 | op=SEND_HEARTBEAT {datanodeUUID=d3c05237-bd84-4234-a934-0ba66750ea46, command=[]} | ret=SUCCESS |  
2019-08-27 19:06:54,021 | INFO  | SCMAudit | user=jenkins1000 | ip=192.168.5.191 | op=SEND_HEARTBEAT {datanodeUUID=8dbfb03d-3489-434f-b2ff-176126556357, command=[]} | ret=SUCCESS |  
2019-08-27 19:06:54,022 | INFO  | SCMAudit | user=jenkins1000 | ip=192.168.5.191 | op=SEND_HEARTBEAT {datanodeUUID=457b0f2b-feff-4639-91a3-a11070381d4f, command=[]} | ret=SUCCESS |  
2019-08-27 19:06:54,060 | INFO  | SCMAudit | user=jenkins1000 | ip=192.168.5.191 | op=SEND_HEARTBEAT {datanodeUUID=7ffeb123-8a07-43fc-9bc5-d9b026895606, command=[]} | ret=SUCCESS |  
2019-08-27 19:06:54,125 | INFO  | SCMAudit | user=jenkins1000 | ip=192.168.5.191 | op=SEND_HEARTBEAT {datanodeUUID=38f28178-96e9-481f-bed8-cfb19f684f50, command=[]} | ret=SUCCESS |  
2019-08-27 19:06:54,228 | INFO  | SCMAudit | user=jenkins1000 | ip=192.168.5.191 | op=SEND_HEARTBEAT {datanodeUUID=1a6ef58e-b6d8-4916-b5f4-f66cad6b6cba, command=[]} | ret=SUCCESS |  
2019-08-27 19:06:54,342 | INFO  | SCMAudit | user=jenkins1000 | ip=192.168.5.191 | op=SEND_HEARTBEAT {datanodeUUID=3e80ec3d-d0df-446e-9c00-872113d57222, command=[]} | ret=SUCCESS |  
2019-08-27 19:06:54,994 | INFO  | SCMAudit | user=jenkins1000 | ip=192.168.5.191 | op=SEND_HEARTBEAT {datanodeUUID=d3c05237-bd84-4234-a934-0ba66750ea46, command=[]} | ret=SUCCESS |  
2019-08-27 19:06:55,022 | INFO  | SCMAudit | user=jenkins1000 | ip=192.168.5.191 | op=SEND_HEARTBEAT {datanodeUUID=8dbfb03d-3489-434f-b2ff-176126556357, command=[]} | ret=SUCCESS |  
2019-08-27 19:06:55,022 | INFO  | SCMAudit | user=jenkins1000 | ip=192.168.5.191 | op=SEND_HEARTBEAT {datanodeUUID=457b0f2b-feff-4639-91a3-a11070381d4f, command=[]} | ret=SUCCESS |  
2019-08-27 19:06:55,060 | INFO  | SCMAudit | user=jenkins1000 | ip=192.168.5.191 | op=SEND_HEARTBEAT {datanodeUUID=7ffeb123-8a07-43fc-9bc5-d9b026895606, command=[]} | ret=SUCCESS |  
2019-08-27 19:06:55,125 | INFO  | SCMAudit | user=jenkins1000 | ip=192.168.5.191 | op=SEND_HEARTBEAT {datanodeUUID=38f28178-96e9-481f-bed8-cfb19f684f50, command=[]} | ret=SUCCESS |  
2019-08-27 19:06:55,228 | INFO  | SCMAudit | user=jenkins1000 | ip=192.168.5.191 | op=SEND_HEARTBEAT {datanodeUUID=1a6ef58e-b6d8-4916-b5f4-f66cad6b6cba, command=[]} | ret=SUCCESS |  
2019-08-27 19:06:55,342 | INFO  | SCMAudit | user=jenkins1000 | ip=192.168.5.191 | op=SEND_HEARTBEAT {datanodeUUID=3e80ec3d-d0df-446e-9c00-872113d57222, command=[]} | ret=SUCCESS |  
2019-08-27 19:06:55,995 | INFO  | SCMAudit | user=jenkins1000 | ip=192.168.5.191 | op=SEND_HEARTBEAT {datanodeUUID=d3c05237-bd84-4234-a934-0ba66750ea46, command=[]} | ret=SUCCESS |  
2019-08-27 19:06:56,022 | INFO  | SCMAudit | user=jenkins1000 | ip=192.168.5.191 | op=SEND_HEARTBEAT {datanodeUUID=457b0f2b-feff-4639-91a3-a11070381d4f, command=[]} | ret=SUCCESS |  
2019-08-27 19:06:56,022 | INFO  | SCMAudit | user=jenkins1000 | ip=192.168.5.191 | op=SEND_HEARTBEAT {datanodeUUID=8dbfb03d-3489-434f-b2ff-176126556357, command=[]} | ret=SUCCESS |  
2019-08-27 19:06:56,060 | INFO  | SCMAudit | user=jenkins1000 | ip=192.168.5.191 | op=SEND_HEARTBEAT {datanodeUUID=7ffeb123-8a07-43fc-9bc5-d9b026895606, command=[]} | ret=SUCCESS |  
2019-08-27 19:06:56,125 | INFO  | SCMAudit | user=jenkins1000 | ip=192.168.5.191 | op=SEND_HEARTBEAT {datanodeUUID=38f28178-96e9-481f-bed8-cfb19f684f50, command=[]} | ret=SUCCESS |  
2019-08-27 19:06:56,228 | INFO  | SCMAudit | user=jenkins1000 | ip=192.168.5.191 | op=SEND_HEARTBEAT {datanodeUUID=1a6ef58e-b6d8-4916-b5f4-f66cad6b6cba, command=[]} | ret=SUCCESS |  
2019-08-27 19:06:56,341 | INFO  | SCMAudit | user=jenkins1000 | ip=192.168.5.191 | op=SEND_HEARTBEAT {datanodeUUID=3e80ec3d-d0df-446e-9c00-872113d57222, command=[]} | ret=SUCCESS |  
2019-08-27 19:06:56,995 | INFO  | SCMAudit | user=jenkins1000 | ip=192.168.5.191 | op=SEND_HEARTBEAT {datanodeUUID=d3c05237-bd84-4234-a934-0ba66750ea46, command=[]} | ret=SUCCESS |  
2019-08-27 19:06:57,022 | INFO  | SCMAudit | user=jenkins1000 | ip=192.168.5.191 | op=SEND_HEARTBEAT {datanodeUUID=8dbfb03d-3489-434f-b2ff-176126556357, command=[]} | ret=SUCCESS |  
2019-08-27 19:06:57,022 | INFO  | SCMAudit | user=jenkins1000 | ip=192.168.5.191 | op=SEND_HEARTBEAT {datanodeUUID=457b0f2b-feff-4639-91a3-a11070381d4f, command=[]} | ret=SUCCESS |  
2019-08-27 19:06:57,060 | INFO  | SCMAudit | user=jenkins1000 | ip=192.168.5.191 | op=SEND_HEARTBEAT {datanodeUUID=7ffeb123-8a07-43fc-9bc5-d9b026895606, command=[]} | ret=SUCCESS |  
2019-08-27 19:06:57,125 | INFO  | SCMAudit | user=jenkins1000 | ip=192.168.5.191 | op=SEND_HEARTBEAT {datanodeUUID=38f28178-96e9-481f-bed8-cfb19f684f50, command=[]} | ret=SUCCESS |  
2019-08-27 19:06:57,228 | INFO  | SCMAudit | user=jenkins1000 | ip=192.168.5.191 | op=SEND_HEARTBEAT {datanodeUUID=1a6ef58e-b6d8-4916-b5f4-f66cad6b6cba, command=[]} | ret=SUCCESS |  
2019-08-27 19:06:57,342 | INFO  | SCMAudit | user=jenkins1000 | ip=192.168.5.191 | op=SEND_HEARTBEAT {datanodeUUID=3e80ec3d-d0df-446e-9c00-872113d57222, command=[]} | ret=SUCCESS |  
2019-08-27 19:06:57,995 | INFO  | SCMAudit | user=jenkins1000 | ip=192.168.5.191 | op=SEND_HEARTBEAT {datanodeUUID=d3c05237-bd84-4234-a934-0ba66750ea46, command=[]} | ret=SUCCESS |  
2019-08-27 19:06:58,022 | INFO  | SCMAudit | user=jenkins1000 | ip=192.168.5.191 | op=SEND_HEARTBEAT {datanodeUUID=8dbfb03d-3489-434f-b2ff-176126556357, command=[]} | ret=SUCCESS |  
2019-08-27 19:06:58,022 | INFO  | SCMAudit | user=jenkins1000 | ip=192.168.5.191 | op=SEND_HEARTBEAT {datanodeUUID=457b0f2b-feff-4639-91a3-a11070381d4f, command=[]} | ret=SUCCESS |  
2019-08-27 19:06:58,060 | INFO  | SCMAudit | user=jenkins1000 | ip=192.168.5.191 | op=SEND_HEARTBEAT {datanodeUUID=7ffeb123-8a07-43fc-9bc5-d9b026895606, command=[]} | ret=SUCCESS |  
2019-08-27 19:06:58,125 | INFO  | SCMAudit | user=jenkins1000 | ip=192.168.5.191 | op=SEND_HEARTBEAT {datanodeUUID=38f28178-96e9-481f-bed8-cfb19f684f50, command=[]} | ret=SUCCESS |  
2019-08-27 19:06:58,228 | INFO  | SCMAudit | user=jenkins1000 | ip=192.168.5.191 | op=SEND_HEARTBEAT {datanodeUUID=1a6ef58e-b6d8-4916-b5f4-f66cad6b6cba, command=[]} | ret=SUCCESS |  
2019-08-27 19:06:58,238 [grpc-default-executor-5] INFO  client.GrpcClientProtocolClient (GrpcClientProtocolClient.java:onNext(255)) - client-0C1CC1C50A7C->8dbfb03d-3489-434f-b2ff-176126556357: receive RaftClientReply:client-0C1CC1C50A7C->8dbfb03d-3489-434f-b2ff-176126556357@group-5A0C10B0A675, cid=45, FAILED org.apache.ratis.protocol.NotLeaderException: Server 8dbfb03d-3489-434f-b2ff-176126556357 is not the leader (d3c05237-bd84-4234-a934-0ba66750ea46:192.168.5.191:42272). Request must be sent to leader., logIndex=0, commits[8dbfb03d-3489-434f-b2ff-176126556357:c8, 457b0f2b-feff-4639-91a3-a11070381d4f:c8, d3c05237-bd84-4234-a934-0ba66750ea46:c8]
2019-08-27 19:06:58,342 | INFO  | SCMAudit | user=jenkins1000 | ip=192.168.5.191 | op=SEND_HEARTBEAT {datanodeUUID=3e80ec3d-d0df-446e-9c00-872113d57222, command=[]} | ret=SUCCESS |  
2019-08-27 19:06:58,996 | INFO  | SCMAudit | user=jenkins1000 | ip=192.168.5.191 | op=SEND_HEARTBEAT {datanodeUUID=d3c05237-bd84-4234-a934-0ba66750ea46, command=[]} | ret=SUCCESS |  
2019-08-27 19:06:59,022 | INFO  | SCMAudit | user=jenkins1000 | ip=192.168.5.191 | op=SEND_HEARTBEAT {datanodeUUID=8dbfb03d-3489-434f-b2ff-176126556357, command=[]} | ret=SUCCESS |  
2019-08-27 19:06:59,023 | INFO  | SCMAudit | user=jenkins1000 | ip=192.168.5.191 | op=SEND_HEARTBEAT {datanodeUUID=457b0f2b-feff-4639-91a3-a11070381d4f, command=[]} | ret=SUCCESS |  
2019-08-27 19:06:59,061 | INFO  | SCMAudit | user=jenkins1000 | ip=192.168.5.191 | op=SEND_HEARTBEAT {datanodeUUID=7ffeb123-8a07-43fc-9bc5-d9b026895606, command=[]} | ret=SUCCESS |  
2019-08-27 19:06:59,125 | INFO  | SCMAudit | user=jenkins1000 | ip=192.168.5.191 | op=SEND_HEARTBEAT {datanodeUUID=38f28178-96e9-481f-bed8-cfb19f684f50, command=[]} | ret=SUCCESS |  
2019-08-27 19:06:59,229 | INFO  | SCMAudit | user=jenkins1000 | ip=192.168.5.191 | op=SEND_HEARTBEAT {datanodeUUID=1a6ef58e-b6d8-4916-b5f4-f66cad6b6cba, command=[]} | ret=SUCCESS |  
2019-08-27 19:06:59,342 | INFO  | SCMAudit | user=jenkins1000 | ip=192.168.5.191 | op=SEND_HEARTBEAT {datanodeUUID=3e80ec3d-d0df-446e-9c00-872113d57222, command=[]} | ret=SUCCESS |  
2019-08-27 19:06:59,995 | INFO  | SCMAudit | user=jenkins1000 | ip=192.168.5.191 | op=SEND_HEARTBEAT {datanodeUUID=d3c05237-bd84-4234-a934-0ba66750ea46, command=[]} | ret=SUCCESS |  
2019-08-27 19:07:00,022 | INFO  | SCMAudit | user=jenkins1000 | ip=192.168.5.191 | op=SEND_HEARTBEAT {datanodeUUID=8dbfb03d-3489-434f-b2ff-176126556357, command=[]} | ret=SUCCESS |  
2019-08-27 19:07:00,023 | INFO  | SCMAudit | user=jenkins1000 | ip=192.168.5.191 | op=SEND_HEARTBEAT {datanodeUUID=457b0f2b-feff-4639-91a3-a11070381d4f, command=[]} | ret=SUCCESS |  
2019-08-27 19:07:00,061 | INFO  | SCMAudit | user=jenkins1000 | ip=192.168.5.191 | op=SEND_HEARTBEAT {datanodeUUID=7ffeb123-8a07-43fc-9bc5-d9b026895606, command=[]} | ret=SUCCESS |  
2019-08-27 19:07:00,125 | INFO  | SCMAudit | user=jenkins1000 | ip=192.168.5.191 | op=SEND_HEARTBEAT {datanodeUUID=38f28178-96e9-481f-bed8-cfb19f684f50, command=[]} | ret=SUCCESS |  
2019-08-27 19:07:00,229 | INFO  | SCMAudit | user=jenkins1000 | ip=192.168.5.191 | op=SEND_HEARTBEAT {datanodeUUID=1a6ef58e-b6d8-4916-b5f4-f66cad6b6cba, command=[]} | ret=SUCCESS |  
2019-08-27 19:07:00,342 | INFO  | SCMAudit | user=jenkins1000 | ip=192.168.5.191 | op=SEND_HEARTBEAT {datanodeUUID=3e80ec3d-d0df-446e-9c00-872113d57222, command=[]} | ret=SUCCESS |  
2019-08-27 19:07:00,996 | INFO  | SCMAudit | user=jenkins1000 | ip=192.168.5.191 | op=SEND_HEARTBEAT {datanodeUUID=d3c05237-bd84-4234-a934-0ba66750ea46, command=[]} | ret=SUCCESS |  
2019-08-27 19:07:01,022 | INFO  | SCMAudit | user=jenkins1000 | ip=192.168.5.191 | op=SEND_HEARTBEAT {datanodeUUID=8dbfb03d-3489-434f-b2ff-176126556357, command=[]} | ret=SUCCESS |  
2019-08-27 19:07:01,023 | INFO  | SCMAudit | user=jenkins1000 | ip=192.168.5.191 | op=SEND_HEARTBEAT {datanodeUUID=457b0f2b-feff-4639-91a3-a11070381d4f, command=[]} | ret=SUCCESS |  
2019-08-27 19:07:01,061 | INFO  | SCMAudit | user=jenkins1000 | ip=192.168.5.191 | op=SEND_HEARTBEAT {datanodeUUID=7ffeb123-8a07-43fc-9bc5-d9b026895606, command=[]} | ret=SUCCESS |  
2019-08-27 19:07:01,125 | INFO  | SCMAudit | user=jenkins1000 | ip=192.168.5.191 | op=SEND_HEARTBEAT {datanodeUUID=38f28178-96e9-481f-bed8-cfb19f684f50, command=[]} | ret=SUCCESS |  
2019-08-27 19:07:01,233 | INFO  | SCMAudit | user=jenkins1000 | ip=192.168.5.191 | op=SEND_HEARTBEAT {datanodeUUID=1a6ef58e-b6d8-4916-b5f4-f66cad6b6cba, command=[]} | ret=SUCCESS |  
2019-08-27 19:07:01,341 | INFO  | SCMAudit | user=jenkins1000 | ip=192.168.5.191 | op=SEND_HEARTBEAT {datanodeUUID=3e80ec3d-d0df-446e-9c00-872113d57222, command=[]} | ret=SUCCESS |  
2019-08-27 19:07:01,995 | INFO  | SCMAudit | user=jenkins1000 | ip=192.168.5.191 | op=SEND_HEARTBEAT {datanodeUUID=d3c05237-bd84-4234-a934-0ba66750ea46, command=[]} | ret=SUCCESS |  
2019-08-27 19:07:02,023 | INFO  | SCMAudit | user=jenkins1000 | ip=192.168.5.191 | op=SEND_HEARTBEAT {datanodeUUID=8dbfb03d-3489-434f-b2ff-176126556357, command=[]} | ret=SUCCESS |  
2019-08-27 19:07:02,023 | INFO  | SCMAudit | user=jenkins1000 | ip=192.168.5.191 | op=SEND_HEARTBEAT {datanodeUUID=457b0f2b-feff-4639-91a3-a11070381d4f, command=[]} | ret=SUCCESS |  
2019-08-27 19:07:02,061 | INFO  | SCMAudit | user=jenkins1000 | ip=192.168.5.191 | op=SEND_HEARTBEAT {datanodeUUID=7ffeb123-8a07-43fc-9bc5-d9b026895606, command=[]} | ret=SUCCESS |  
2019-08-27 19:07:02,125 | INFO  | SCMAudit | user=jenkins1000 | ip=192.168.5.191 | op=SEND_HEARTBEAT {datanodeUUID=38f28178-96e9-481f-bed8-cfb19f684f50, command=[]} | ret=SUCCESS |  
2019-08-27 19:07:02,229 | INFO  | SCMAudit | user=jenkins1000 | ip=192.168.5.191 | op=SEND_HEARTBEAT {datanodeUUID=1a6ef58e-b6d8-4916-b5f4-f66cad6b6cba, command=[]} | ret=SUCCESS |  
2019-08-27 19:07:02,342 | INFO  | SCMAudit | user=jenkins1000 | ip=192.168.5.191 | op=SEND_HEARTBEAT {datanodeUUID=3e80ec3d-d0df-446e-9c00-872113d57222, command=[]} | ret=SUCCESS |  
2019-08-27 19:07:02,995 | INFO  | SCMAudit | user=jenkins1000 | ip=192.168.5.191 | op=SEND_HEARTBEAT {datanodeUUID=d3c05237-bd84-4234-a934-0ba66750ea46, command=[]} | ret=SUCCESS |  
2019-08-27 19:07:03,023 | INFO  | SCMAudit | user=jenkins1000 | ip=192.168.5.191 | op=SEND_HEARTBEAT {datanodeUUID=8dbfb03d-3489-434f-b2ff-176126556357, command=[]} | ret=SUCCESS |  
2019-08-27 19:07:03,023 | INFO  | SCMAudit | user=jenkins1000 | ip=192.168.5.191 | op=SEND_HEARTBEAT {datanodeUUID=457b0f2b-feff-4639-91a3-a11070381d4f, command=[]} | ret=SUCCESS |  
2019-08-27 19:07:03,061 | INFO  | SCMAudit | user=jenkins1000 | ip=192.168.5.191 | op=SEND_HEARTBEAT {datanodeUUID=7ffeb123-8a07-43fc-9bc5-d9b026895606, command=[]} | ret=SUCCESS |  
2019-08-27 19:07:03,125 | INFO  | SCMAudit | user=jenkins1000 | ip=192.168.5.191 | op=SEND_HEARTBEAT {datanodeUUID=38f28178-96e9-481f-bed8-cfb19f684f50, command=[]} | ret=SUCCESS |  
2019-08-27 19:07:03,229 | INFO  | SCMAudit | user=jenkins1000 | ip=192.168.5.191 | op=SEND_HEARTBEAT {datanodeUUID=1a6ef58e-b6d8-4916-b5f4-f66cad6b6cba, command=[]} | ret=SUCCESS |  
2019-08-27 19:07:03,297 [grpc-default-executor-1] INFO  client.GrpcClientProtocolClient (GrpcClientProtocolClient.java:onNext(255)) - client-0C1CC1C50A7C->8dbfb03d-3489-434f-b2ff-176126556357: receive RaftClientReply:client-0C1CC1C50A7C->8dbfb03d-3489-434f-b2ff-176126556357@group-5A0C10B0A675, cid=45, FAILED org.apache.ratis.protocol.NotLeaderException: Server 8dbfb03d-3489-434f-b2ff-176126556357 is not the leader (d3c05237-bd84-4234-a934-0ba66750ea46:192.168.5.191:42272). Request must be sent to leader., logIndex=0, commits[8dbfb03d-3489-434f-b2ff-176126556357:c8, 457b0f2b-feff-4639-91a3-a11070381d4f:c8, d3c05237-bd84-4234-a934-0ba66750ea46:c8]
2019-08-27 19:07:03,342 | INFO  | SCMAudit | user=jenkins1000 | ip=192.168.5.191 | op=SEND_HEARTBEAT {datanodeUUID=3e80ec3d-d0df-446e-9c00-872113d57222, command=[]} | ret=SUCCESS |  
2019-08-27 19:07:03,995 | INFO  | SCMAudit | user=jenkins1000 | ip=192.168.5.191 | op=SEND_HEARTBEAT {datanodeUUID=d3c05237-bd84-4234-a934-0ba66750ea46, command=[]} | ret=SUCCESS |  
2019-08-27 19:07:04,023 | INFO  | SCMAudit | user=jenkins1000 | ip=192.168.5.191 | op=SEND_HEARTBEAT {datanodeUUID=8dbfb03d-3489-434f-b2ff-176126556357, command=[]} | ret=SUCCESS |  
2019-08-27 19:07:04,023 | INFO  | SCMAudit | user=jenkins1000 | ip=192.168.5.191 | op=SEND_HEARTBEAT {datanodeUUID=457b0f2b-feff-4639-91a3-a11070381d4f, command=[]} | ret=SUCCESS |  
2019-08-27 19:07:04,061 | INFO  | SCMAudit | user=jenkins1000 | ip=192.168.5.191 | op=SEND_HEARTBEAT {datanodeUUID=7ffeb123-8a07-43fc-9bc5-d9b026895606, command=[]} | ret=SUCCESS |  
2019-08-27 19:07:04,125 | INFO  | SCMAudit | user=jenkins1000 | ip=192.168.5.191 | op=SEND_HEARTBEAT {datanodeUUID=38f28178-96e9-481f-bed8-cfb19f684f50, command=[]} | ret=SUCCESS |  
2019-08-27 19:07:04,229 | INFO  | SCMAudit | user=jenkins1000 | ip=192.168.5.191 | op=SEND_HEARTBEAT {datanodeUUID=1a6ef58e-b6d8-4916-b5f4-f66cad6b6cba, command=[]} | ret=SUCCESS |  
2019-08-27 19:07:04,342 | INFO  | SCMAudit | user=jenkins1000 | ip=192.168.5.191 | op=SEND_HEARTBEAT {datanodeUUID=3e80ec3d-d0df-446e-9c00-872113d57222, command=[]} | ret=SUCCESS |  
2019-08-27 19:07:04,996 | INFO  | SCMAudit | user=jenkins1000 | ip=192.168.5.191 | op=SEND_HEARTBEAT {datanodeUUID=d3c05237-bd84-4234-a934-0ba66750ea46, command=[]} | ret=SUCCESS |  
2019-08-27 19:07:05,023 | INFO  | SCMAudit | user=jenkins1000 | ip=192.168.5.191 | op=SEND_HEARTBEAT {datanodeUUID=8dbfb03d-3489-434f-b2ff-176126556357, command=[]} | ret=SUCCESS |  
2019-08-27 19:07:05,023 | INFO  | SCMAudit | user=jenkins1000 | ip=192.168.5.191 | op=SEND_HEARTBEAT {datanodeUUID=457b0f2b-feff-4639-91a3-a11070381d4f, command=[]} | ret=SUCCESS |  
2019-08-27 19:07:05,061 | INFO  | SCMAudit | user=jenkins1000 | ip=192.168.5.191 | op=SEND_HEARTBEAT {datanodeUUID=7ffeb123-8a07-43fc-9bc5-d9b026895606, command=[]} | ret=SUCCESS |  
2019-08-27 19:07:05,125 | INFO  | SCMAudit | user=jenkins1000 | ip=192.168.5.191 | op=SEND_HEARTBEAT {datanodeUUID=38f28178-96e9-481f-bed8-cfb19f684f50, command=[]} | ret=SUCCESS |  
2019-08-27 19:07:05,229 | INFO  | SCMAudit | user=jenkins1000 | ip=192.168.5.191 | op=SEND_HEARTBEAT {datanodeUUID=1a6ef58e-b6d8-4916-b5f4-f66cad6b6cba, command=[]} | ret=SUCCESS |  
2019-08-27 19:07:05,343 | INFO  | SCMAudit | user=jenkins1000 | ip=192.168.5.191 | op=SEND_HEARTBEAT {datanodeUUID=3e80ec3d-d0df-446e-9c00-872113d57222, command=[]} | ret=SUCCESS |  
2019-08-27 19:07:05,995 | INFO  | SCMAudit | user=jenkins1000 | ip=192.168.5.191 | op=SEND_HEARTBEAT {datanodeUUID=d3c05237-bd84-4234-a934-0ba66750ea46, command=[]} | ret=SUCCESS |  
2019-08-27 19:07:06,023 | INFO  | SCMAudit | user=jenkins1000 | ip=192.168.5.191 | op=SEND_HEARTBEAT {datanodeUUID=8dbfb03d-3489-434f-b2ff-176126556357, command=[]} | ret=SUCCESS |  
2019-08-27 19:07:06,024 | INFO  | SCMAudit | user=jenkins1000 | ip=192.168.5.191 | op=SEND_HEARTBEAT {datanodeUUID=457b0f2b-feff-4639-91a3-a11070381d4f, command=[]} | ret=SUCCESS |  
2019-08-27 19:07:06,061 | INFO  | SCMAudit | user=jenkins1000 | ip=192.168.5.191 | op=SEND_HEARTBEAT {datanodeUUID=7ffeb123-8a07-43fc-9bc5-d9b026895606, command=[]} | ret=SUCCESS |  
2019-08-27 19:07:06,125 | INFO  | SCMAudit | user=jenkins1000 | ip=192.168.5.191 | op=SEND_HEARTBEAT {datanodeUUID=38f28178-96e9-481f-bed8-cfb19f684f50, command=[]} | ret=SUCCESS |  
2019-08-27 19:07:06,229 | INFO  | SCMAudit | user=jenkins1000 | ip=192.168.5.191 | op=SEND_HEARTBEAT {datanodeUUID=1a6ef58e-b6d8-4916-b5f4-f66cad6b6cba, command=[]} | ret=SUCCESS |  
2019-08-27 19:07:06,343 | INFO  | SCMAudit | user=jenkins1000 | ip=192.168.5.191 | op=SEND_HEARTBEAT {datanodeUUID=3e80ec3d-d0df-446e-9c00-872113d57222, command=[]} | ret=SUCCESS |  
2019-08-27 19:07:06,995 | INFO  | SCMAudit | user=jenkins1000 | ip=192.168.5.191 | op=SEND_HEARTBEAT {datanodeUUID=d3c05237-bd84-4234-a934-0ba66750ea46, command=[]} | ret=SUCCESS |  
2019-08-27 19:07:07,023 | INFO  | SCMAudit | user=jenkins1000 | ip=192.168.5.191 | op=SEND_HEARTBEAT {datanodeUUID=8dbfb03d-3489-434f-b2ff-176126556357, command=[]} | ret=SUCCESS |  
2019-08-27 19:07:07,024 | INFO  | SCMAudit | user=jenkins1000 | ip=192.168.5.191 | op=SEND_HEARTBEAT {datanodeUUID=457b0f2b-feff-4639-91a3-a11070381d4f, command=[]} | ret=SUCCESS |  
2019-08-27 19:07:07,062 | INFO  | SCMAudit | user=jenkins1000 | ip=192.168.5.191 | op=SEND_HEARTBEAT {datanodeUUID=7ffeb123-8a07-43fc-9bc5-d9b026895606, command=[]} | ret=SUCCESS |  
2019-08-27 19:07:07,126 | INFO  | SCMAudit | user=jenkins1000 | ip=192.168.5.191 | op=SEND_HEARTBEAT {datanodeUUID=38f28178-96e9-481f-bed8-cfb19f684f50, command=[]} | ret=SUCCESS |  
2019-08-27 19:07:07,229 | INFO  | SCMAudit | user=jenkins1000 | ip=192.168.5.191 | op=SEND_HEARTBEAT {datanodeUUID=1a6ef58e-b6d8-4916-b5f4-f66cad6b6cba, command=[]} | ret=SUCCESS |  
2019-08-27 19:07:07,345 | INFO  | SCMAudit | user=jenkins1000 | ip=192.168.5.191 | op=SEND_HEARTBEAT {datanodeUUID=3e80ec3d-d0df-446e-9c00-872113d57222, command=[]} | ret=SUCCESS |  
2019-08-27 19:07:07,995 | INFO  | SCMAudit | user=jenkins1000 | ip=192.168.5.191 | op=SEND_HEARTBEAT {datanodeUUID=d3c05237-bd84-4234-a934-0ba66750ea46, command=[]} | ret=SUCCESS |  
2019-08-27 19:07:08,023 | INFO  | SCMAudit | user=jenkins1000 | ip=192.168.5.191 | op=SEND_HEARTBEAT {datanodeUUID=8dbfb03d-3489-434f-b2ff-176126556357, command=[]} | ret=SUCCESS |  
2019-08-27 19:07:08,024 | INFO  | SCMAudit | user=jenkins1000 | ip=192.168.5.191 | op=SEND_HEARTBEAT {datanodeUUID=457b0f2b-feff-4639-91a3-a11070381d4f, command=[]} | ret=SUCCESS |  
2019-08-27 19:07:08,062 | INFO  | SCMAudit | user=jenkins1000 | ip=192.168.5.191 | op=SEND_HEARTBEAT {datanodeUUID=7ffeb123-8a07-43fc-9bc5-d9b026895606, command=[]} | ret=SUCCESS |  
2019-08-27 19:07:08,126 | INFO  | SCMAudit | user=jenkins1000 | ip=192.168.5.191 | op=SEND_HEARTBEAT {datanodeUUID=38f28178-96e9-481f-bed8-cfb19f684f50, command=[]} | ret=SUCCESS |  
2019-08-27 19:07:08,229 | INFO  | SCMAudit | user=jenkins1000 | ip=192.168.5.191 | op=SEND_HEARTBEAT {datanodeUUID=1a6ef58e-b6d8-4916-b5f4-f66cad6b6cba, command=[]} | ret=SUCCESS |  
2019-08-27 19:07:08,345 | INFO  | SCMAudit | user=jenkins1000 | ip=192.168.5.191 | op=SEND_HEARTBEAT {datanodeUUID=3e80ec3d-d0df-446e-9c00-872113d57222, command=[]} | ret=SUCCESS |  
2019-08-27 19:07:08,364 [grpc-default-executor-1] INFO  client.GrpcClientProtocolClient (GrpcClientProtocolClient.java:onNext(255)) - client-0C1CC1C50A7C->457b0f2b-feff-4639-91a3-a11070381d4f: receive RaftClientReply:client-0C1CC1C50A7C->457b0f2b-feff-4639-91a3-a11070381d4f@group-5A0C10B0A675, cid=45, FAILED org.apache.ratis.protocol.NotLeaderException: Server 457b0f2b-feff-4639-91a3-a11070381d4f is not the leader (d3c05237-bd84-4234-a934-0ba66750ea46:192.168.5.191:42272). Request must be sent to leader., logIndex=0, commits[457b0f2b-feff-4639-91a3-a11070381d4f:c8, d3c05237-bd84-4234-a934-0ba66750ea46:c8, 8dbfb03d-3489-434f-b2ff-176126556357:c8]
2019-08-27 19:07:08,995 | INFO  | SCMAudit | user=jenkins1000 | ip=192.168.5.191 | op=SEND_HEARTBEAT {datanodeUUID=d3c05237-bd84-4234-a934-0ba66750ea46, command=[]} | ret=SUCCESS |  
2019-08-27 19:07:09,023 | INFO  | SCMAudit | user=jenkins1000 | ip=192.168.5.191 | op=SEND_HEARTBEAT {datanodeUUID=8dbfb03d-3489-434f-b2ff-176126556357, command=[]} | ret=SUCCESS |  
2019-08-27 19:07:09,024 | INFO  | SCMAudit | user=jenkins1000 | ip=192.168.5.191 | op=SEND_HEARTBEAT {datanodeUUID=457b0f2b-feff-4639-91a3-a11070381d4f, command=[]} | ret=SUCCESS |  
2019-08-27 19:07:09,062 | INFO  | SCMAudit | user=jenkins1000 | ip=192.168.5.191 | op=SEND_HEARTBEAT {datanodeUUID=7ffeb123-8a07-43fc-9bc5-d9b026895606, command=[]} | ret=SUCCESS |  
2019-08-27 19:07:09,126 | INFO  | SCMAudit | user=jenkins1000 | ip=192.168.5.191 | op=SEND_HEARTBEAT {datanodeUUID=38f28178-96e9-481f-bed8-cfb19f684f50, command=[]} | ret=SUCCESS |  
2019-08-27 19:07:09,229 | INFO  | SCMAudit | user=jenkins1000 | ip=192.168.5.191 | op=SEND_HEARTBEAT {datanodeUUID=1a6ef58e-b6d8-4916-b5f4-f66cad6b6cba, command=[]} | ret=SUCCESS |  
2019-08-27 19:07:09,345 | INFO  | SCMAudit | user=jenkins1000 | ip=192.168.5.191 | op=SEND_HEARTBEAT {datanodeUUID=3e80ec3d-d0df-446e-9c00-872113d57222, command=[]} | ret=SUCCESS |  
2019-08-27 19:07:09,995 | INFO  | SCMAudit | user=jenkins1000 | ip=192.168.5.191 | op=SEND_HEARTBEAT {datanodeUUID=d3c05237-bd84-4234-a934-0ba66750ea46, command=[]} | ret=SUCCESS |  
2019-08-27 19:07:10,023 | INFO  | SCMAudit | user=jenkins1000 | ip=192.168.5.191 | op=SEND_HEARTBEAT {datanodeUUID=8dbfb03d-3489-434f-b2ff-176126556357, command=[]} | ret=SUCCESS |  
2019-08-27 19:07:10,024 | INFO  | SCMAudit | user=jenkins1000 | ip=192.168.5.191 | op=SEND_HEARTBEAT {datanodeUUID=457b0f2b-feff-4639-91a3-a11070381d4f, command=[]} | ret=SUCCESS |  
2019-08-27 19:07:10,062 | INFO  | SCMAudit | user=jenkins1000 | ip=192.168.5.191 | op=SEND_HEARTBEAT {datanodeUUID=7ffeb123-8a07-43fc-9bc5-d9b026895606, command=[]} | ret=SUCCESS |  
2019-08-27 19:07:10,126 | INFO  | SCMAudit | user=jenkins1000 | ip=192.168.5.191 | op=SEND_HEARTBEAT {datanodeUUID=38f28178-96e9-481f-bed8-cfb19f684f50, command=[]} | ret=SUCCESS |  
2019-08-27 19:07:10,229 | INFO  | SCMAudit | user=jenkins1000 | ip=192.168.5.191 | op=SEND_HEARTBEAT {datanodeUUID=1a6ef58e-b6d8-4916-b5f4-f66cad6b6cba, command=[]} | ret=SUCCESS |  
2019-08-27 19:07:10,345 | INFO  | SCMAudit | user=jenkins1000 | ip=192.168.5.191 | op=SEND_HEARTBEAT {datanodeUUID=3e80ec3d-d0df-446e-9c00-872113d57222, command=[]} | ret=SUCCESS |  
2019-08-27 19:07:10,996 | INFO  | SCMAudit | user=jenkins1000 | ip=192.168.5.191 | op=SEND_HEARTBEAT {datanodeUUID=d3c05237-bd84-4234-a934-0ba66750ea46, command=[]} | ret=SUCCESS |  
2019-08-27 19:07:11,023 | INFO  | SCMAudit | user=jenkins1000 | ip=192.168.5.191 | op=SEND_HEARTBEAT {datanodeUUID=8dbfb03d-3489-434f-b2ff-176126556357, command=[]} | ret=SUCCESS |  
2019-08-27 19:07:11,024 | INFO  | SCMAudit | user=jenkins1000 | ip=192.168.5.191 | op=SEND_HEARTBEAT {datanodeUUID=457b0f2b-feff-4639-91a3-a11070381d4f, command=[]} | ret=SUCCESS |  
2019-08-27 19:07:11,062 | INFO  | SCMAudit | user=jenkins1000 | ip=192.168.5.191 | op=SEND_HEARTBEAT {datanodeUUID=7ffeb123-8a07-43fc-9bc5-d9b026895606, command=[]} | ret=SUCCESS |  
2019-08-27 19:07:11,126 | INFO  | SCMAudit | user=jenkins1000 | ip=192.168.5.191 | op=SEND_HEARTBEAT {datanodeUUID=38f28178-96e9-481f-bed8-cfb19f684f50, command=[]} | ret=SUCCESS |  
2019-08-27 19:07:11,229 | INFO  | SCMAudit | user=jenkins1000 | ip=192.168.5.191 | op=SEND_HEARTBEAT {datanodeUUID=1a6ef58e-b6d8-4916-b5f4-f66cad6b6cba, command=[]} | ret=SUCCESS |  
2019-08-27 19:07:11,345 | INFO  | SCMAudit | user=jenkins1000 | ip=192.168.5.191 | op=SEND_HEARTBEAT {datanodeUUID=3e80ec3d-d0df-446e-9c00-872113d57222, command=[]} | ret=SUCCESS |  
2019-08-27 19:07:11,996 | INFO  | SCMAudit | user=jenkins1000 | ip=192.168.5.191 | op=SEND_HEARTBEAT {datanodeUUID=d3c05237-bd84-4234-a934-0ba66750ea46, command=[]} | ret=SUCCESS |  
2019-08-27 19:07:12,023 | INFO  | SCMAudit | user=jenkins1000 | ip=192.168.5.191 | op=SEND_HEARTBEAT {datanodeUUID=8dbfb03d-3489-434f-b2ff-176126556357, command=[]} | ret=SUCCESS |  
2019-08-27 19:07:12,024 | INFO  | SCMAudit | user=jenkins1000 | ip=192.168.5.191 | op=SEND_HEARTBEAT {datanodeUUID=457b0f2b-feff-4639-91a3-a11070381d4f, command=[]} | ret=SUCCESS |  
2019-08-27 19:07:12,062 | INFO  | SCMAudit | user=jenkins1000 | ip=192.168.5.191 | op=SEND_HEARTBEAT {datanodeUUID=7ffeb123-8a07-43fc-9bc5-d9b026895606, command=[]} | ret=SUCCESS |  
2019-08-27 19:07:12,126 | INFO  | SCMAudit | user=jenkins1000 | ip=192.168.5.191 | op=SEND_HEARTBEAT {datanodeUUID=38f28178-96e9-481f-bed8-cfb19f684f50, command=[]} | ret=SUCCESS |  
2019-08-27 19:07:12,229 | INFO  | SCMAudit | user=jenkins1000 | ip=192.168.5.191 | op=SEND_HEARTBEAT {datanodeUUID=1a6ef58e-b6d8-4916-b5f4-f66cad6b6cba, command=[]} | ret=SUCCESS |  
2019-08-27 19:07:12,345 | INFO  | SCMAudit | user=jenkins1000 | ip=192.168.5.191 | op=SEND_HEARTBEAT {datanodeUUID=3e80ec3d-d0df-446e-9c00-872113d57222, command=[]} | ret=SUCCESS |  
2019-08-27 19:07:12,997 | INFO  | SCMAudit | user=jenkins1000 | ip=192.168.5.191 | op=SEND_HEARTBEAT {datanodeUUID=d3c05237-bd84-4234-a934-0ba66750ea46, command=[]} | ret=SUCCESS |  
2019-08-27 19:07:13,023 | INFO  | SCMAudit | user=jenkins1000 | ip=192.168.5.191 | op=SEND_HEARTBEAT {datanodeUUID=8dbfb03d-3489-434f-b2ff-176126556357, command=[]} | ret=SUCCESS |  
2019-08-27 19:07:13,024 | INFO  | SCMAudit | user=jenkins1000 | ip=192.168.5.191 | op=SEND_HEARTBEAT {datanodeUUID=457b0f2b-feff-4639-91a3-a11070381d4f, command=[]} | ret=SUCCESS |  
2019-08-27 19:07:13,062 | INFO  | SCMAudit | user=jenkins1000 | ip=192.168.5.191 | op=SEND_HEARTBEAT {datanodeUUID=7ffeb123-8a07-43fc-9bc5-d9b026895606, command=[]} | ret=SUCCESS |  
2019-08-27 19:07:13,126 | INFO  | SCMAudit | user=jenkins1000 | ip=192.168.5.191 | op=SEND_HEARTBEAT {datanodeUUID=38f28178-96e9-481f-bed8-cfb19f684f50, command=[]} | ret=SUCCESS |  
2019-08-27 19:07:13,229 | INFO  | SCMAudit | user=jenkins1000 | ip=192.168.5.191 | op=SEND_HEARTBEAT {datanodeUUID=1a6ef58e-b6d8-4916-b5f4-f66cad6b6cba, command=[]} | ret=SUCCESS |  
2019-08-27 19:07:13,345 | INFO  | SCMAudit | user=jenkins1000 | ip=192.168.5.191 | op=SEND_HEARTBEAT {datanodeUUID=3e80ec3d-d0df-446e-9c00-872113d57222, command=[]} | ret=SUCCESS |  
2019-08-27 19:07:13,771 [grpc-default-executor-1] INFO  client.GrpcClientProtocolClient (GrpcClientProtocolClient.java:onNext(255)) - client-0C1CC1C50A7C->457b0f2b-feff-4639-91a3-a11070381d4f: receive RaftClientReply:client-0C1CC1C50A7C->457b0f2b-feff-4639-91a3-a11070381d4f@group-5A0C10B0A675, cid=45, FAILED org.apache.ratis.protocol.NotLeaderException: Server 457b0f2b-feff-4639-91a3-a11070381d4f is not the leader (d3c05237-bd84-4234-a934-0ba66750ea46:192.168.5.191:42272). Request must be sent to leader., logIndex=0, commits[457b0f2b-feff-4639-91a3-a11070381d4f:c8, d3c05237-bd84-4234-a934-0ba66750ea46:c8, 8dbfb03d-3489-434f-b2ff-176126556357:c8]
2019-08-27 19:07:13,996 | INFO  | SCMAudit | user=jenkins1000 | ip=192.168.5.191 | op=SEND_HEARTBEAT {datanodeUUID=d3c05237-bd84-4234-a934-0ba66750ea46, command=[]} | ret=SUCCESS |  
2019-08-27 19:07:14,023 | INFO  | SCMAudit | user=jenkins1000 | ip=192.168.5.191 | op=SEND_HEARTBEAT {datanodeUUID=8dbfb03d-3489-434f-b2ff-176126556357, command=[]} | ret=SUCCESS |  
2019-08-27 19:07:14,024 | INFO  | SCMAudit | user=jenkins1000 | ip=192.168.5.191 | op=SEND_HEARTBEAT {datanodeUUID=457b0f2b-feff-4639-91a3-a11070381d4f, command=[]} | ret=SUCCESS |  
2019-08-27 19:07:14,062 | INFO  | SCMAudit | user=jenkins1000 | ip=192.168.5.191 | op=SEND_HEARTBEAT {datanodeUUID=7ffeb123-8a07-43fc-9bc5-d9b026895606, command=[]} | ret=SUCCESS |  
2019-08-27 19:07:14,126 | INFO  | SCMAudit | user=jenkins1000 | ip=192.168.5.191 | op=SEND_HEARTBEAT {datanodeUUID=38f28178-96e9-481f-bed8-cfb19f684f50, command=[]} | ret=SUCCESS |  
2019-08-27 19:07:14,229 | INFO  | SCMAudit | user=jenkins1000 | ip=192.168.5.191 | op=SEND_HEARTBEAT {datanodeUUID=1a6ef58e-b6d8-4916-b5f4-f66cad6b6cba, command=[]} | ret=SUCCESS |  
2019-08-27 19:07:14,346 | INFO  | SCMAudit | user=jenkins1000 | ip=192.168.5.191 | op=SEND_HEARTBEAT {datanodeUUID=3e80ec3d-d0df-446e-9c00-872113d57222, command=[]} | ret=SUCCESS |  
2019-08-27 19:07:14,997 | INFO  | SCMAudit | user=jenkins1000 | ip=192.168.5.191 | op=SEND_HEARTBEAT {datanodeUUID=d3c05237-bd84-4234-a934-0ba66750ea46, command=[]} | ret=SUCCESS |  
2019-08-27 19:07:15,023 | INFO  | SCMAudit | user=jenkins1000 | ip=192.168.5.191 | op=SEND_HEARTBEAT {datanodeUUID=8dbfb03d-3489-434f-b2ff-176126556357, command=[]} | ret=SUCCESS |  
2019-08-27 19:07:15,024 | INFO  | SCMAudit | user=jenkins1000 | ip=192.168.5.191 | op=SEND_HEARTBEAT {datanodeUUID=457b0f2b-feff-4639-91a3-a11070381d4f, command=[]} | ret=SUCCESS |  
2019-08-27 19:07:15,062 | INFO  | SCMAudit | user=jenkins1000 | ip=192.168.5.191 | op=SEND_HEARTBEAT {datanodeUUID=7ffeb123-8a07-43fc-9bc5-d9b026895606, command=[]} | ret=SUCCESS |  
2019-08-27 19:07:15,126 | INFO  | SCMAudit | user=jenkins1000 | ip=192.168.5.191 | op=SEND_HEARTBEAT {datanodeUUID=38f28178-96e9-481f-bed8-cfb19f684f50, command=[]} | ret=SUCCESS |  
2019-08-27 19:07:15,230 | INFO  | SCMAudit | user=jenkins1000 | ip=192.168.5.191 | op=SEND_HEARTBEAT {datanodeUUID=1a6ef58e-b6d8-4916-b5f4-f66cad6b6cba, command=[]} | ret=SUCCESS |  
2019-08-27 19:07:15,347 | INFO  | SCMAudit | user=jenkins1000 | ip=192.168.5.191 | op=SEND_HEARTBEAT {datanodeUUID=3e80ec3d-d0df-446e-9c00-872113d57222, command=[]} | ret=SUCCESS |  
2019-08-27 19:07:15,996 | INFO  | SCMAudit | user=jenkins1000 | ip=192.168.5.191 | op=SEND_HEARTBEAT {datanodeUUID=d3c05237-bd84-4234-a934-0ba66750ea46, command=[]} | ret=SUCCESS |  
2019-08-27 19:07:16,024 | INFO  | SCMAudit | user=jenkins1000 | ip=192.168.5.191 | op=SEND_HEARTBEAT {datanodeUUID=8dbfb03d-3489-434f-b2ff-176126556357, command=[]} | ret=SUCCESS |  
2019-08-27 19:07:16,024 | INFO  | SCMAudit | user=jenkins1000 | ip=192.168.5.191 | op=SEND_HEARTBEAT {datanodeUUID=457b0f2b-feff-4639-91a3-a11070381d4f, command=[]} | ret=SUCCESS |  
2019-08-27 19:07:16,062 | INFO  | SCMAudit | user=jenkins1000 | ip=192.168.5.191 | op=SEND_HEARTBEAT {datanodeUUID=7ffeb123-8a07-43fc-9bc5-d9b026895606, command=[]} | ret=SUCCESS |  
2019-08-27 19:07:16,126 | INFO  | SCMAudit | user=jenkins1000 | ip=192.168.5.191 | op=SEND_HEARTBEAT {datanodeUUID=38f28178-96e9-481f-bed8-cfb19f684f50, command=[]} | ret=SUCCESS |  
2019-08-27 19:07:16,229 | INFO  | SCMAudit | user=jenkins1000 | ip=192.168.5.191 | op=SEND_HEARTBEAT {datanodeUUID=1a6ef58e-b6d8-4916-b5f4-f66cad6b6cba, command=[]} | ret=SUCCESS |  
2019-08-27 19:07:16,346 | INFO  | SCMAudit | user=jenkins1000 | ip=192.168.5.191 | op=SEND_HEARTBEAT {datanodeUUID=3e80ec3d-d0df-446e-9c00-872113d57222, command=[]} | ret=SUCCESS |  
2019-08-27 19:07:16,996 | INFO  | SCMAudit | user=jenkins1000 | ip=192.168.5.191 | op=SEND_HEARTBEAT {datanodeUUID=d3c05237-bd84-4234-a934-0ba66750ea46, command=[]} | ret=SUCCESS |  
2019-08-27 19:07:17,025 | INFO  | SCMAudit | user=jenkins1000 | ip=192.168.5.191 | op=SEND_HEARTBEAT {datanodeUUID=8dbfb03d-3489-434f-b2ff-176126556357, command=[]} | ret=SUCCESS |  
2019-08-27 19:07:17,025 | INFO  | SCMAudit | user=jenkins1000 | ip=192.168.5.191 | op=SEND_HEARTBEAT {datanodeUUID=457b0f2b-feff-4639-91a3-a11070381d4f, command=[]} | ret=SUCCESS |  
2019-08-27 19:07:17,062 | INFO  | SCMAudit | user=jenkins1000 | ip=192.168.5.191 | op=SEND_HEARTBEAT {datanodeUUID=7ffeb123-8a07-43fc-9bc5-d9b026895606, command=[]} | ret=SUCCESS |  
2019-08-27 19:07:17,126 | INFO  | SCMAudit | user=jenkins1000 | ip=192.168.5.191 | op=SEND_HEARTBEAT {datanodeUUID=38f28178-96e9-481f-bed8-cfb19f684f50, command=[]} | ret=SUCCESS |  
2019-08-27 19:07:17,229 | INFO  | SCMAudit | user=jenkins1000 | ip=192.168.5.191 | op=SEND_HEARTBEAT {datanodeUUID=1a6ef58e-b6d8-4916-b5f4-f66cad6b6cba, command=[]} | ret=SUCCESS |  
2019-08-27 19:07:17,346 | INFO  | SCMAudit | user=jenkins1000 | ip=192.168.5.191 | op=SEND_HEARTBEAT {datanodeUUID=3e80ec3d-d0df-446e-9c00-872113d57222, command=[]} | ret=SUCCESS |  
2019-08-27 19:07:17,997 | INFO  | SCMAudit | user=jenkins1000 | ip=192.168.5.191 | op=SEND_HEARTBEAT {datanodeUUID=d3c05237-bd84-4234-a934-0ba66750ea46, command=[]} | ret=SUCCESS |  
2019-08-27 19:07:18,024 | INFO  | SCMAudit | user=jenkins1000 | ip=192.168.5.191 | op=SEND_HEARTBEAT {datanodeUUID=457b0f2b-feff-4639-91a3-a11070381d4f, command=[]} | ret=SUCCESS |  
2019-08-27 19:07:18,024 | INFO  | SCMAudit | user=jenkins1000 | ip=192.168.5.191 | op=SEND_HEARTBEAT {datanodeUUID=8dbfb03d-3489-434f-b2ff-176126556357, command=[]} | ret=SUCCESS |  
2019-08-27 19:07:18,062 | INFO  | SCMAudit | user=jenkins1000 | ip=192.168.5.191 | op=SEND_HEARTBEAT {datanodeUUID=7ffeb123-8a07-43fc-9bc5-d9b026895606, command=[]} | ret=SUCCESS |  
2019-08-27 19:07:18,126 | INFO  | SCMAudit | user=jenkins1000 | ip=192.168.5.191 | op=SEND_HEARTBEAT {datanodeUUID=38f28178-96e9-481f-bed8-cfb19f684f50, command=[]} | ret=SUCCESS |  
2019-08-27 19:07:18,229 | INFO  | SCMAudit | user=jenkins1000 | ip=192.168.5.191 | op=SEND_HEARTBEAT {datanodeUUID=1a6ef58e-b6d8-4916-b5f4-f66cad6b6cba, command=[]} | ret=SUCCESS |  
2019-08-27 19:07:18,347 | INFO  | SCMAudit | user=jenkins1000 | ip=192.168.5.191 | op=SEND_HEARTBEAT {datanodeUUID=3e80ec3d-d0df-446e-9c00-872113d57222, command=[]} | ret=SUCCESS |  
2019-08-27 19:07:18,862 [grpc-default-executor-1] INFO  client.GrpcClientProtocolClient (GrpcClientProtocolClient.java:onNext(255)) - client-0C1CC1C50A7C->8dbfb03d-3489-434f-b2ff-176126556357: receive RaftClientReply:client-0C1CC1C50A7C->8dbfb03d-3489-434f-b2ff-176126556357@group-5A0C10B0A675, cid=45, FAILED org.apache.ratis.protocol.NotLeaderException: Server 8dbfb03d-3489-434f-b2ff-176126556357 is not the leader (d3c05237-bd84-4234-a934-0ba66750ea46:192.168.5.191:42272). Request must be sent to leader., logIndex=0, commits[8dbfb03d-3489-434f-b2ff-176126556357:c8, 457b0f2b-feff-4639-91a3-a11070381d4f:c8, d3c05237-bd84-4234-a934-0ba66750ea46:c8]
2019-08-27 19:07:18,996 | INFO  | SCMAudit | user=jenkins1000 | ip=192.168.5.191 | op=SEND_HEARTBEAT {datanodeUUID=d3c05237-bd84-4234-a934-0ba66750ea46, command=[]} | ret=SUCCESS |  
2019-08-27 19:07:19,024 | INFO  | SCMAudit | user=jenkins1000 | ip=192.168.5.191 | op=SEND_HEARTBEAT {datanodeUUID=457b0f2b-feff-4639-91a3-a11070381d4f, command=[]} | ret=SUCCESS |  
2019-08-27 19:07:19,024 | INFO  | SCMAudit | user=jenkins1000 | ip=192.168.5.191 | op=SEND_HEARTBEAT {datanodeUUID=8dbfb03d-3489-434f-b2ff-176126556357, command=[]} | ret=SUCCESS |  
2019-08-27 19:07:19,061 | INFO  | SCMAudit | user=jenkins1000 | ip=192.168.5.191 | op=SEND_HEARTBEAT {datanodeUUID=7ffeb123-8a07-43fc-9bc5-d9b026895606, command=[]} | ret=SUCCESS |  
2019-08-27 19:07:19,126 | INFO  | SCMAudit | user=jenkins1000 | ip=192.168.5.191 | op=SEND_HEARTBEAT {datanodeUUID=38f28178-96e9-481f-bed8-cfb19f684f50, command=[]} | ret=SUCCESS |  
2019-08-27 19:07:19,230 | INFO  | SCMAudit | user=jenkins1000 | ip=192.168.5.191 | op=SEND_HEARTBEAT {datanodeUUID=1a6ef58e-b6d8-4916-b5f4-f66cad6b6cba, command=[]} | ret=SUCCESS |  
2019-08-27 19:07:19,347 | INFO  | SCMAudit | user=jenkins1000 | ip=192.168.5.191 | op=SEND_HEARTBEAT {datanodeUUID=3e80ec3d-d0df-446e-9c00-872113d57222, command=[]} | ret=SUCCESS |  
2019-08-27 19:07:19,997 | INFO  | SCMAudit | user=jenkins1000 | ip=192.168.5.191 | op=SEND_HEARTBEAT {datanodeUUID=d3c05237-bd84-4234-a934-0ba66750ea46, command=[]} | ret=SUCCESS |  
2019-08-27 19:07:20,024 | INFO  | SCMAudit | user=jenkins1000 | ip=192.168.5.191 | op=SEND_HEARTBEAT {datanodeUUID=8dbfb03d-3489-434f-b2ff-176126556357, command=[]} | ret=SUCCESS |  
2019-08-27 19:07:20,024 | INFO  | SCMAudit | user=jenkins1000 | ip=192.168.5.191 | op=SEND_HEARTBEAT {datanodeUUID=457b0f2b-feff-4639-91a3-a11070381d4f, command=[]} | ret=SUCCESS |  
2019-08-27 19:07:20,062 | INFO  | SCMAudit | user=jenkins1000 | ip=192.168.5.191 | op=SEND_HEARTBEAT {datanodeUUID=7ffeb123-8a07-43fc-9bc5-d9b026895606, command=[]} | ret=SUCCESS |  
2019-08-27 19:07:20,126 | INFO  | SCMAudit | user=jenkins1000 | ip=192.168.5.191 | op=SEND_HEARTBEAT {datanodeUUID=38f28178-96e9-481f-bed8-cfb19f684f50, command=[]} | ret=SUCCESS |  
2019-08-27 19:07:20,230 | INFO  | SCMAudit | user=jenkins1000 | ip=192.168.5.191 | op=SEND_HEARTBEAT {datanodeUUID=1a6ef58e-b6d8-4916-b5f4-f66cad6b6cba, command=[]} | ret=SUCCESS |  
2019-08-27 19:07:20,347 | INFO  | SCMAudit | user=jenkins1000 | ip=192.168.5.191 | op=SEND_HEARTBEAT {datanodeUUID=3e80ec3d-d0df-446e-9c00-872113d57222, command=[]} | ret=SUCCESS |  
2019-08-27 19:07:20,996 | INFO  | SCMAudit | user=jenkins1000 | ip=192.168.5.191 | op=SEND_HEARTBEAT {datanodeUUID=d3c05237-bd84-4234-a934-0ba66750ea46, command=[]} | ret=SUCCESS |  
2019-08-27 19:07:21,024 | INFO  | SCMAudit | user=jenkins1000 | ip=192.168.5.191 | op=SEND_HEARTBEAT {datanodeUUID=8dbfb03d-3489-434f-b2ff-176126556357, command=[]} | ret=SUCCESS |  
2019-08-27 19:07:21,024 | INFO  | SCMAudit | user=jenkins1000 | ip=192.168.5.191 | op=SEND_HEARTBEAT {datanodeUUID=457b0f2b-feff-4639-91a3-a11070381d4f, command=[]} | ret=SUCCESS |  
2019-08-27 19:07:21,062 | INFO  | SCMAudit | user=jenkins1000 | ip=192.168.5.191 | op=SEND_HEARTBEAT {datanodeUUID=7ffeb123-8a07-43fc-9bc5-d9b026895606, command=[]} | ret=SUCCESS |  
2019-08-27 19:07:21,126 | INFO  | SCMAudit | user=jenkins1000 | ip=192.168.5.191 | op=SEND_HEARTBEAT {datanodeUUID=38f28178-96e9-481f-bed8-cfb19f684f50, command=[]} | ret=SUCCESS |  
2019-08-27 19:07:21,230 | INFO  | SCMAudit | user=jenkins1000 | ip=192.168.5.191 | op=SEND_HEARTBEAT {datanodeUUID=1a6ef58e-b6d8-4916-b5f4-f66cad6b6cba, command=[]} | ret=SUCCESS |  
2019-08-27 19:07:21,347 | INFO  | SCMAudit | user=jenkins1000 | ip=192.168.5.191 | op=SEND_HEARTBEAT {datanodeUUID=3e80ec3d-d0df-446e-9c00-872113d57222, command=[]} | ret=SUCCESS |  
2019-08-27 19:07:21,996 | INFO  | SCMAudit | user=jenkins1000 | ip=192.168.5.191 | op=SEND_HEARTBEAT {datanodeUUID=d3c05237-bd84-4234-a934-0ba66750ea46, command=[]} | ret=SUCCESS |  
2019-08-27 19:07:22,024 | INFO  | SCMAudit | user=jenkins1000 | ip=192.168.5.191 | op=SEND_HEARTBEAT {datanodeUUID=8dbfb03d-3489-434f-b2ff-176126556357, command=[]} | ret=SUCCESS |  
2019-08-27 19:07:22,024 | INFO  | SCMAudit | user=jenkins1000 | ip=192.168.5.191 | op=SEND_HEARTBEAT {datanodeUUID=457b0f2b-feff-4639-91a3-a11070381d4f, command=[]} | ret=SUCCESS |  
2019-08-27 19:07:22,062 | INFO  | SCMAudit | user=jenkins1000 | ip=192.168.5.191 | op=SEND_HEARTBEAT {datanodeUUID=7ffeb123-8a07-43fc-9bc5-d9b026895606, command=[]} | ret=SUCCESS |  
2019-08-27 19:07:22,126 | INFO  | SCMAudit | user=jenkins1000 | ip=192.168.5.191 | op=SEND_HEARTBEAT {datanodeUUID=38f28178-96e9-481f-bed8-cfb19f684f50, command=[]} | ret=SUCCESS |  
2019-08-27 19:07:22,230 | INFO  | SCMAudit | user=jenkins1000 | ip=192.168.5.191 | op=SEND_HEARTBEAT {datanodeUUID=1a6ef58e-b6d8-4916-b5f4-f66cad6b6cba, command=[]} | ret=SUCCESS |  
2019-08-27 19:07:22,347 | INFO  | SCMAudit | user=jenkins1000 | ip=192.168.5.191 | op=SEND_HEARTBEAT {datanodeUUID=3e80ec3d-d0df-446e-9c00-872113d57222, command=[]} | ret=SUCCESS |  
2019-08-27 19:07:22,997 | INFO  | SCMAudit | user=jenkins1000 | ip=192.168.5.191 | op=SEND_HEARTBEAT {datanodeUUID=d3c05237-bd84-4234-a934-0ba66750ea46, command=[]} | ret=SUCCESS |  
2019-08-27 19:07:23,024 | INFO  | SCMAudit | user=jenkins1000 | ip=192.168.5.191 | op=SEND_HEARTBEAT {datanodeUUID=8dbfb03d-3489-434f-b2ff-176126556357, command=[]} | ret=SUCCESS |  
2019-08-27 19:07:23,024 | INFO  | SCMAudit | user=jenkins1000 | ip=192.168.5.191 | op=SEND_HEARTBEAT {datanodeUUID=457b0f2b-feff-4639-91a3-a11070381d4f, command=[]} | ret=SUCCESS |  
2019-08-27 19:07:23,062 | INFO  | SCMAudit | user=jenkins1000 | ip=192.168.5.191 | op=SEND_HEARTBEAT {datanodeUUID=7ffeb123-8a07-43fc-9bc5-d9b026895606, command=[]} | ret=SUCCESS |  
2019-08-27 19:07:23,126 | INFO  | SCMAudit | user=jenkins1000 | ip=192.168.5.191 | op=SEND_HEARTBEAT {datanodeUUID=38f28178-96e9-481f-bed8-cfb19f684f50, command=[]} | ret=SUCCESS |  
2019-08-27 19:07:23,230 | INFO  | SCMAudit | user=jenkins1000 | ip=192.168.5.191 | op=SEND_HEARTBEAT {datanodeUUID=1a6ef58e-b6d8-4916-b5f4-f66cad6b6cba, command=[]} | ret=SUCCESS |  
2019-08-27 19:07:23,347 | INFO  | SCMAudit | user=jenkins1000 | ip=192.168.5.191 | op=SEND_HEARTBEAT {datanodeUUID=3e80ec3d-d0df-446e-9c00-872113d57222, command=[]} | ret=SUCCESS |  
2019-08-27 19:07:23,905 [grpc-default-executor-1] INFO  client.GrpcClientProtocolClient (GrpcClientProtocolClient.java:onNext(255)) - client-0C1CC1C50A7C->8dbfb03d-3489-434f-b2ff-176126556357: receive RaftClientReply:client-0C1CC1C50A7C->8dbfb03d-3489-434f-b2ff-176126556357@group-5A0C10B0A675, cid=45, FAILED org.apache.ratis.protocol.NotLeaderException: Server 8dbfb03d-3489-434f-b2ff-176126556357 is not the leader (d3c05237-bd84-4234-a934-0ba66750ea46:192.168.5.191:42272). Request must be sent to leader., logIndex=0, commits[8dbfb03d-3489-434f-b2ff-176126556357:c8, 457b0f2b-feff-4639-91a3-a11070381d4f:c8, d3c05237-bd84-4234-a934-0ba66750ea46:c8]
2019-08-27 19:07:23,996 | INFO  | SCMAudit | user=jenkins1000 | ip=192.168.5.191 | op=SEND_HEARTBEAT {datanodeUUID=d3c05237-bd84-4234-a934-0ba66750ea46, command=[]} | ret=SUCCESS |  
2019-08-27 19:07:24,024 | INFO  | SCMAudit | user=jenkins1000 | ip=192.168.5.191 | op=SEND_HEARTBEAT {datanodeUUID=457b0f2b-feff-4639-91a3-a11070381d4f, command=[]} | ret=SUCCESS |  
2019-08-27 19:07:24,024 | INFO  | SCMAudit | user=jenkins1000 | ip=192.168.5.191 | op=SEND_HEARTBEAT {datanodeUUID=8dbfb03d-3489-434f-b2ff-176126556357, command=[]} | ret=SUCCESS |  
2019-08-27 19:07:24,062 | INFO  | SCMAudit | user=jenkins1000 | ip=192.168.5.191 | op=SEND_HEARTBEAT {datanodeUUID=7ffeb123-8a07-43fc-9bc5-d9b026895606, command=[]} | ret=SUCCESS |  
2019-08-27 19:07:24,126 | INFO  | SCMAudit | user=jenkins1000 | ip=192.168.5.191 | op=SEND_HEARTBEAT {datanodeUUID=38f28178-96e9-481f-bed8-cfb19f684f50, command=[]} | ret=SUCCESS |  
2019-08-27 19:07:24,230 | INFO  | SCMAudit | user=jenkins1000 | ip=192.168.5.191 | op=SEND_HEARTBEAT {datanodeUUID=1a6ef58e-b6d8-4916-b5f4-f66cad6b6cba, command=[]} | ret=SUCCESS |  
2019-08-27 19:07:24,348 | INFO  | SCMAudit | user=jenkins1000 | ip=192.168.5.191 | op=SEND_HEARTBEAT {datanodeUUID=3e80ec3d-d0df-446e-9c00-872113d57222, command=[]} | ret=SUCCESS |  
2019-08-27 19:07:25,002 | INFO  | SCMAudit | user=jenkins1000 | ip=192.168.5.191 | op=SEND_HEARTBEAT {datanodeUUID=d3c05237-bd84-4234-a934-0ba66750ea46, command=[]} | ret=SUCCESS |  
2019-08-27 19:07:25,024 | INFO  | SCMAudit | user=jenkins1000 | ip=192.168.5.191 | op=SEND_HEARTBEAT {datanodeUUID=457b0f2b-feff-4639-91a3-a11070381d4f, command=[]} | ret=SUCCESS |  
2019-08-27 19:07:25,024 | INFO  | SCMAudit | user=jenkins1000 | ip=192.168.5.191 | op=SEND_HEARTBEAT {datanodeUUID=8dbfb03d-3489-434f-b2ff-176126556357, command=[]} | ret=SUCCESS |  
2019-08-27 19:07:25,062 | INFO  | SCMAudit | user=jenkins1000 | ip=192.168.5.191 | op=SEND_HEARTBEAT {datanodeUUID=7ffeb123-8a07-43fc-9bc5-d9b026895606, command=[]} | ret=SUCCESS |  
2019-08-27 19:07:25,126 | INFO  | SCMAudit | user=jenkins1000 | ip=192.168.5.191 | op=SEND_HEARTBEAT {datanodeUUID=38f28178-96e9-481f-bed8-cfb19f684f50, command=[]} | ret=SUCCESS |  
2019-08-27 19:07:25,231 | INFO  | SCMAudit | user=jenkins1000 | ip=192.168.5.191 | op=SEND_HEARTBEAT {datanodeUUID=1a6ef58e-b6d8-4916-b5f4-f66cad6b6cba, command=[]} | ret=SUCCESS |  
2019-08-27 19:07:25,347 | INFO  | SCMAudit | user=jenkins1000 | ip=192.168.5.191 | op=SEND_HEARTBEAT {datanodeUUID=3e80ec3d-d0df-446e-9c00-872113d57222, command=[]} | ret=SUCCESS |  
2019-08-27 19:07:25,996 | INFO  | SCMAudit | user=jenkins1000 | ip=192.168.5.191 | op=SEND_HEARTBEAT {datanodeUUID=d3c05237-bd84-4234-a934-0ba66750ea46, command=[]} | ret=SUCCESS |  
2019-08-27 19:07:26,024 | INFO  | SCMAudit | user=jenkins1000 | ip=192.168.5.191 | op=SEND_HEARTBEAT {datanodeUUID=8dbfb03d-3489-434f-b2ff-176126556357, command=[]} | ret=SUCCESS |  
2019-08-27 19:07:26,024 | INFO  | SCMAudit | user=jenkins1000 | ip=192.168.5.191 | op=SEND_HEARTBEAT {datanodeUUID=457b0f2b-feff-4639-91a3-a11070381d4f, command=[]} | ret=SUCCESS |  
2019-08-27 19:07:26,063 | INFO  | SCMAudit | user=jenkins1000 | ip=192.168.5.191 | op=SEND_HEARTBEAT {datanodeUUID=7ffeb123-8a07-43fc-9bc5-d9b026895606, command=[]} | ret=SUCCESS |  
2019-08-27 19:07:26,128 | INFO  | SCMAudit | user=jenkins1000 | ip=192.168.5.191 | op=SEND_HEARTBEAT {datanodeUUID=38f28178-96e9-481f-bed8-cfb19f684f50, command=[]} | ret=SUCCESS |  
2019-08-27 19:07:26,231 | INFO  | SCMAudit | user=jenkins1000 | ip=192.168.5.191 | op=SEND_HEARTBEAT {datanodeUUID=1a6ef58e-b6d8-4916-b5f4-f66cad6b6cba, command=[]} | ret=SUCCESS |  
2019-08-27 19:07:26,347 | INFO  | SCMAudit | user=jenkins1000 | ip=192.168.5.191 | op=SEND_HEARTBEAT {datanodeUUID=3e80ec3d-d0df-446e-9c00-872113d57222, command=[]} | ret=SUCCESS |  
2019-08-27 19:07:26,996 | INFO  | SCMAudit | user=jenkins1000 | ip=192.168.5.191 | op=SEND_HEARTBEAT {datanodeUUID=d3c05237-bd84-4234-a934-0ba66750ea46, command=[]} | ret=SUCCESS |  
2019-08-27 19:07:27,024 | INFO  | SCMAudit | user=jenkins1000 | ip=192.168.5.191 | op=SEND_HEARTBEAT {datanodeUUID=457b0f2b-feff-4639-91a3-a11070381d4f, command=[]} | ret=SUCCESS |  
2019-08-27 19:07:27,025 | INFO  | SCMAudit | user=jenkins1000 | ip=192.168.5.191 | op=SEND_HEARTBEAT {datanodeUUID=8dbfb03d-3489-434f-b2ff-176126556357, command=[]} | ret=SUCCESS |  
2019-08-27 19:07:27,062 | INFO  | SCMAudit | user=jenkins1000 | ip=192.168.5.191 | op=SEND_HEARTBEAT {datanodeUUID=7ffeb123-8a07-43fc-9bc5-d9b026895606, command=[]} | ret=SUCCESS |  
2019-08-27 19:07:27,126 | INFO  | SCMAudit | user=jenkins1000 | ip=192.168.5.191 | op=SEND_HEARTBEAT {datanodeUUID=38f28178-96e9-481f-bed8-cfb19f684f50, command=[]} | ret=SUCCESS |  
2019-08-27 19:07:27,231 | INFO  | SCMAudit | user=jenkins1000 | ip=192.168.5.191 | op=SEND_HEARTBEAT {datanodeUUID=1a6ef58e-b6d8-4916-b5f4-f66cad6b6cba, command=[]} | ret=SUCCESS |  
2019-08-27 19:07:27,347 | INFO  | SCMAudit | user=jenkins1000 | ip=192.168.5.191 | op=SEND_HEARTBEAT {datanodeUUID=3e80ec3d-d0df-446e-9c00-872113d57222, command=[]} | ret=SUCCESS |  
2019-08-27 19:07:27,996 | INFO  | SCMAudit | user=jenkins1000 | ip=192.168.5.191 | op=SEND_HEARTBEAT {datanodeUUID=d3c05237-bd84-4234-a934-0ba66750ea46, command=[]} | ret=SUCCESS |  
2019-08-27 19:07:28,024 | INFO  | SCMAudit | user=jenkins1000 | ip=192.168.5.191 | op=SEND_HEARTBEAT {datanodeUUID=457b0f2b-feff-4639-91a3-a11070381d4f, command=[]} | ret=SUCCESS |  
2019-08-27 19:07:28,024 | INFO  | SCMAudit | user=jenkins1000 | ip=192.168.5.191 | op=SEND_HEARTBEAT {datanodeUUID=8dbfb03d-3489-434f-b2ff-176126556357, command=[]} | ret=SUCCESS |  
2019-08-27 19:07:28,062 | INFO  | SCMAudit | user=jenkins1000 | ip=192.168.5.191 | op=SEND_HEARTBEAT {datanodeUUID=7ffeb123-8a07-43fc-9bc5-d9b026895606, command=[]} | ret=SUCCESS |  
2019-08-27 19:07:28,126 | INFO  | SCMAudit | user=jenkins1000 | ip=192.168.5.191 | op=SEND_HEARTBEAT {datanodeUUID=38f28178-96e9-481f-bed8-cfb19f684f50, command=[]} | ret=SUCCESS |  
2019-08-27 19:07:28,231 | INFO  | SCMAudit | user=jenkins1000 | ip=192.168.5.191 | op=SEND_HEARTBEAT {datanodeUUID=1a6ef58e-b6d8-4916-b5f4-f66cad6b6cba, command=[]} | ret=SUCCESS |  
2019-08-27 19:07:28,347 | INFO  | SCMAudit | user=jenkins1000 | ip=192.168.5.191 | op=SEND_HEARTBEAT {datanodeUUID=3e80ec3d-d0df-446e-9c00-872113d57222, command=[]} | ret=SUCCESS |  
2019-08-27 19:07:28,970 [grpc-default-executor-1] INFO  client.GrpcClientProtocolClient (GrpcClientProtocolClient.java:onNext(255)) - client-0C1CC1C50A7C->8dbfb03d-3489-434f-b2ff-176126556357: receive RaftClientReply:client-0C1CC1C50A7C->8dbfb03d-3489-434f-b2ff-176126556357@group-5A0C10B0A675, cid=45, FAILED org.apache.ratis.protocol.NotLeaderException: Server 8dbfb03d-3489-434f-b2ff-176126556357 is not the leader (d3c05237-bd84-4234-a934-0ba66750ea46:192.168.5.191:42272). Request must be sent to leader., logIndex=0, commits[8dbfb03d-3489-434f-b2ff-176126556357:c8, 457b0f2b-feff-4639-91a3-a11070381d4f:c8, d3c05237-bd84-4234-a934-0ba66750ea46:c8]
2019-08-27 19:07:28,996 | INFO  | SCMAudit | user=jenkins1000 | ip=192.168.5.191 | op=SEND_HEARTBEAT {datanodeUUID=d3c05237-bd84-4234-a934-0ba66750ea46, command=[]} | ret=SUCCESS |  
2019-08-27 19:07:29,024 | INFO  | SCMAudit | user=jenkins1000 | ip=192.168.5.191 | op=SEND_HEARTBEAT {datanodeUUID=457b0f2b-feff-4639-91a3-a11070381d4f, command=[]} | ret=SUCCESS |  
2019-08-27 19:07:29,025 | INFO  | SCMAudit | user=jenkins1000 | ip=192.168.5.191 | op=SEND_HEARTBEAT {datanodeUUID=8dbfb03d-3489-434f-b2ff-176126556357, command=[]} | ret=SUCCESS |  
2019-08-27 19:07:29,063 | INFO  | SCMAudit | user=jenkins1000 | ip=192.168.5.191 | op=SEND_HEARTBEAT {datanodeUUID=7ffeb123-8a07-43fc-9bc5-d9b026895606, command=[]} | ret=SUCCESS |  
2019-08-27 19:07:29,127 | INFO  | SCMAudit | user=jenkins1000 | ip=192.168.5.191 | op=SEND_HEARTBEAT {datanodeUUID=38f28178-96e9-481f-bed8-cfb19f684f50, command=[]} | ret=SUCCESS |  
2019-08-27 19:07:29,232 | INFO  | SCMAudit | user=jenkins1000 | ip=192.168.5.191 | op=SEND_HEARTBEAT {datanodeUUID=1a6ef58e-b6d8-4916-b5f4-f66cad6b6cba, command=[]} | ret=SUCCESS |  
2019-08-27 19:07:29,347 | INFO  | SCMAudit | user=jenkins1000 | ip=192.168.5.191 | op=SEND_HEARTBEAT {datanodeUUID=3e80ec3d-d0df-446e-9c00-872113d57222, command=[]} | ret=SUCCESS |  
2019-08-27 19:07:29,997 | INFO  | SCMAudit | user=jenkins1000 | ip=192.168.5.191 | op=SEND_HEARTBEAT {datanodeUUID=d3c05237-bd84-4234-a934-0ba66750ea46, command=[]} | ret=SUCCESS |  
2019-08-27 19:07:30,024 | INFO  | SCMAudit | user=jenkins1000 | ip=192.168.5.191 | op=SEND_HEARTBEAT {datanodeUUID=457b0f2b-feff-4639-91a3-a11070381d4f, command=[]} | ret=SUCCESS |  
2019-08-27 19:07:30,026 | INFO  | SCMAudit | user=jenkins1000 | ip=192.168.5.191 | op=SEND_HEARTBEAT {datanodeUUID=8dbfb03d-3489-434f-b2ff-176126556357, command=[]} | ret=SUCCESS |  
2019-08-27 19:07:30,063 | INFO  | SCMAudit | user=jenkins1000 | ip=192.168.5.191 | op=SEND_HEARTBEAT {datanodeUUID=7ffeb123-8a07-43fc-9bc5-d9b026895606, command=[]} | ret=SUCCESS |  
2019-08-27 19:07:30,127 | INFO  | SCMAudit | user=jenkins1000 | ip=192.168.5.191 | op=SEND_HEARTBEAT {datanodeUUID=38f28178-96e9-481f-bed8-cfb19f684f50, command=[]} | ret=SUCCESS |  
2019-08-27 19:07:30,234 | INFO  | SCMAudit | user=jenkins1000 | ip=192.168.5.191 | op=SEND_HEARTBEAT {datanodeUUID=1a6ef58e-b6d8-4916-b5f4-f66cad6b6cba, command=[]} | ret=SUCCESS |  
2019-08-27 19:07:30,347 | INFO  | SCMAudit | user=jenkins1000 | ip=192.168.5.191 | op=SEND_HEARTBEAT {datanodeUUID=3e80ec3d-d0df-446e-9c00-872113d57222, command=[]} | ret=SUCCESS |  
2019-08-27 19:07:30,997 | INFO  | SCMAudit | user=jenkins1000 | ip=192.168.5.191 | op=SEND_HEARTBEAT {datanodeUUID=d3c05237-bd84-4234-a934-0ba66750ea46, command=[]} | ret=SUCCESS |  
2019-08-27 19:07:31,024 | INFO  | SCMAudit | user=jenkins1000 | ip=192.168.5.191 | op=SEND_HEARTBEAT {datanodeUUID=457b0f2b-feff-4639-91a3-a11070381d4f, command=[]} | ret=SUCCESS |  
2019-08-27 19:07:31,027 | INFO  | SCMAudit | user=jenkins1000 | ip=192.168.5.191 | op=SEND_HEARTBEAT {datanodeUUID=8dbfb03d-3489-434f-b2ff-176126556357, command=[]} | ret=SUCCESS |  
2019-08-27 19:07:31,063 | INFO  | SCMAudit | user=jenkins1000 | ip=192.168.5.191 | op=SEND_HEARTBEAT {datanodeUUID=7ffeb123-8a07-43fc-9bc5-d9b026895606, command=[]} | ret=SUCCESS |  
2019-08-27 19:07:31,127 | INFO  | SCMAudit | user=jenkins1000 | ip=192.168.5.191 | op=SEND_HEARTBEAT {datanodeUUID=38f28178-96e9-481f-bed8-cfb19f684f50, command=[]} | ret=SUCCESS |  
2019-08-27 19:07:31,234 | INFO  | SCMAudit | user=jenkins1000 | ip=192.168.5.191 | op=SEND_HEARTBEAT {datanodeUUID=1a6ef58e-b6d8-4916-b5f4-f66cad6b6cba, command=[]} | ret=SUCCESS |  
2019-08-27 19:07:31,347 | INFO  | SCMAudit | user=jenkins1000 | ip=192.168.5.191 | op=SEND_HEARTBEAT {datanodeUUID=3e80ec3d-d0df-446e-9c00-872113d57222, command=[]} | ret=SUCCESS |  
2019-08-27 19:07:31,997 | INFO  | SCMAudit | user=jenkins1000 | ip=192.168.5.191 | op=SEND_HEARTBEAT {datanodeUUID=d3c05237-bd84-4234-a934-0ba66750ea46, command=[]} | ret=SUCCESS |  
2019-08-27 19:07:32,025 | INFO  | SCMAudit | user=jenkins1000 | ip=192.168.5.191 | op=SEND_HEARTBEAT {datanodeUUID=457b0f2b-feff-4639-91a3-a11070381d4f, command=[]} | ret=SUCCESS |  
2019-08-27 19:07:32,028 | INFO  | SCMAudit | user=jenkins1000 | ip=192.168.5.191 | op=SEND_HEARTBEAT {datanodeUUID=8dbfb03d-3489-434f-b2ff-176126556357, command=[]} | ret=SUCCESS |  
2019-08-27 19:07:32,063 | INFO  | SCMAudit | user=jenkins1000 | ip=192.168.5.191 | op=SEND_HEARTBEAT {datanodeUUID=7ffeb123-8a07-43fc-9bc5-d9b026895606, command=[]} | ret=SUCCESS |  
2019-08-27 19:07:32,127 | INFO  | SCMAudit | user=jenkins1000 | ip=192.168.5.191 | op=SEND_HEARTBEAT {datanodeUUID=38f28178-96e9-481f-bed8-cfb19f684f50, command=[]} | ret=SUCCESS |  
2019-08-27 19:07:32,234 | INFO  | SCMAudit | user=jenkins1000 | ip=192.168.5.191 | op=SEND_HEARTBEAT {datanodeUUID=1a6ef58e-b6d8-4916-b5f4-f66cad6b6cba, command=[]} | ret=SUCCESS |  
2019-08-27 19:07:32,348 | INFO  | SCMAudit | user=jenkins1000 | ip=192.168.5.191 | op=SEND_HEARTBEAT {datanodeUUID=3e80ec3d-d0df-446e-9c00-872113d57222, command=[]} | ret=SUCCESS |  
2019-08-27 19:07:32,997 | INFO  | SCMAudit | user=jenkins1000 | ip=192.168.5.191 | op=SEND_HEARTBEAT {datanodeUUID=d3c05237-bd84-4234-a934-0ba66750ea46, command=[]} | ret=SUCCESS |  
2019-08-27 19:07:33,025 | INFO  | SCMAudit | user=jenkins1000 | ip=192.168.5.191 | op=SEND_HEARTBEAT {datanodeUUID=457b0f2b-feff-4639-91a3-a11070381d4f, command=[]} | ret=SUCCESS |  
2019-08-27 19:07:33,027 | INFO  | SCMAudit | user=jenkins1000 | ip=192.168.5.191 | op=SEND_HEARTBEAT {datanodeUUID=8dbfb03d-3489-434f-b2ff-176126556357, command=[]} | ret=SUCCESS |  
2019-08-27 19:07:33,063 | INFO  | SCMAudit | user=jenkins1000 | ip=192.168.5.191 | op=SEND_HEARTBEAT {datanodeUUID=7ffeb123-8a07-43fc-9bc5-d9b026895606, command=[]} | ret=SUCCESS |  
2019-08-27 19:07:33,128 | INFO  | SCMAudit | user=jenkins1000 | ip=192.168.5.191 | op=SEND_HEARTBEAT {datanodeUUID=38f28178-96e9-481f-bed8-cfb19f684f50, command=[]} | ret=SUCCESS |  
2019-08-27 19:07:33,234 | INFO  | SCMAudit | user=jenkins1000 | ip=192.168.5.191 | op=SEND_HEARTBEAT {datanodeUUID=1a6ef58e-b6d8-4916-b5f4-f66cad6b6cba, command=[]} | ret=SUCCESS |  
2019-08-27 19:07:33,347 | INFO  | SCMAudit | user=jenkins1000 | ip=192.168.5.191 | op=SEND_HEARTBEAT {datanodeUUID=3e80ec3d-d0df-446e-9c00-872113d57222, command=[]} | ret=SUCCESS |  
2019-08-27 19:07:34,000 | INFO  | SCMAudit | user=jenkins1000 | ip=192.168.5.191 | op=SEND_HEARTBEAT {datanodeUUID=d3c05237-bd84-4234-a934-0ba66750ea46, command=[]} | ret=SUCCESS |  
2019-08-27 19:07:34,008 [grpc-default-executor-5] INFO  client.GrpcClientProtocolClient (GrpcClientProtocolClient.java:onNext(255)) - client-0C1CC1C50A7C->457b0f2b-feff-4639-91a3-a11070381d4f: receive RaftClientReply:client-0C1CC1C50A7C->457b0f2b-feff-4639-91a3-a11070381d4f@group-5A0C10B0A675, cid=45, FAILED org.apache.ratis.protocol.NotLeaderException: Server 457b0f2b-feff-4639-91a3-a11070381d4f is not the leader (d3c05237-bd84-4234-a934-0ba66750ea46:192.168.5.191:42272). Request must be sent to leader., logIndex=0, commits[457b0f2b-feff-4639-91a3-a11070381d4f:c8, d3c05237-bd84-4234-a934-0ba66750ea46:c8, 8dbfb03d-3489-434f-b2ff-176126556357:c8]
2019-08-27 19:07:34,025 | INFO  | SCMAudit | user=jenkins1000 | ip=192.168.5.191 | op=SEND_HEARTBEAT {datanodeUUID=457b0f2b-feff-4639-91a3-a11070381d4f, command=[]} | ret=SUCCESS |  
2019-08-27 19:07:34,028 | INFO  | SCMAudit | user=jenkins1000 | ip=192.168.5.191 | op=SEND_HEARTBEAT {datanodeUUID=8dbfb03d-3489-434f-b2ff-176126556357, command=[]} | ret=SUCCESS |  
2019-08-27 19:07:34,063 | INFO  | SCMAudit | user=jenkins1000 | ip=192.168.5.191 | op=SEND_HEARTBEAT {datanodeUUID=7ffeb123-8a07-43fc-9bc5-d9b026895606, command=[]} | ret=SUCCESS |  
2019-08-27 19:07:34,128 | INFO  | SCMAudit | user=jenkins1000 | ip=192.168.5.191 | op=SEND_HEARTBEAT {datanodeUUID=38f28178-96e9-481f-bed8-cfb19f684f50, command=[]} | ret=SUCCESS |  
2019-08-27 19:07:34,234 | INFO  | SCMAudit | user=jenkins1000 | ip=192.168.5.191 | op=SEND_HEARTBEAT {datanodeUUID=1a6ef58e-b6d8-4916-b5f4-f66cad6b6cba, command=[]} | ret=SUCCESS |  
2019-08-27 19:07:34,347 | INFO  | SCMAudit | user=jenkins1000 | ip=192.168.5.191 | op=SEND_HEARTBEAT {datanodeUUID=3e80ec3d-d0df-446e-9c00-872113d57222, command=[]} | ret=SUCCESS |  
2019-08-27 19:07:35,001 | INFO  | SCMAudit | user=jenkins1000 | ip=192.168.5.191 | op=SEND_HEARTBEAT {datanodeUUID=d3c05237-bd84-4234-a934-0ba66750ea46, command=[]} | ret=SUCCESS |  
2019-08-27 19:07:35,025 | INFO  | SCMAudit | user=jenkins1000 | ip=192.168.5.191 | op=SEND_HEARTBEAT {datanodeUUID=457b0f2b-feff-4639-91a3-a11070381d4f, command=[]} | ret=SUCCESS |  
2019-08-27 19:07:35,029 | INFO  | SCMAudit | user=jenkins1000 | ip=192.168.5.191 | op=SEND_HEARTBEAT {datanodeUUID=8dbfb03d-3489-434f-b2ff-176126556357, command=[]} | ret=SUCCESS |  
2019-08-27 19:07:35,063 | INFO  | SCMAudit | user=jenkins1000 | ip=192.168.5.191 | op=SEND_HEARTBEAT {datanodeUUID=7ffeb123-8a07-43fc-9bc5-d9b026895606, command=[]} | ret=SUCCESS |  
2019-08-27 19:07:35,128 | INFO  | SCMAudit | user=jenkins1000 | ip=192.168.5.191 | op=SEND_HEARTBEAT {datanodeUUID=38f28178-96e9-481f-bed8-cfb19f684f50, command=[]} | ret=SUCCESS |  
2019-08-27 19:07:35,235 | INFO  | SCMAudit | user=jenkins1000 | ip=192.168.5.191 | op=SEND_HEARTBEAT {datanodeUUID=1a6ef58e-b6d8-4916-b5f4-f66cad6b6cba, command=[]} | ret=SUCCESS |  
2019-08-27 19:07:35,347 | INFO  | SCMAudit | user=jenkins1000 | ip=192.168.5.191 | op=SEND_HEARTBEAT {datanodeUUID=3e80ec3d-d0df-446e-9c00-872113d57222, command=[]} | ret=SUCCESS |  
2019-08-27 19:07:36,001 | INFO  | SCMAudit | user=jenkins1000 | ip=192.168.5.191 | op=SEND_HEARTBEAT {datanodeUUID=d3c05237-bd84-4234-a934-0ba66750ea46, command=[]} | ret=SUCCESS |  
2019-08-27 19:07:36,025 | INFO  | SCMAudit | user=jenkins1000 | ip=192.168.5.191 | op=SEND_HEARTBEAT {datanodeUUID=457b0f2b-feff-4639-91a3-a11070381d4f, command=[]} | ret=SUCCESS |  
2019-08-27 19:07:36,029 | INFO  | SCMAudit | user=jenkins1000 | ip=192.168.5.191 | op=SEND_HEARTBEAT {datanodeUUID=8dbfb03d-3489-434f-b2ff-176126556357, command=[]} | ret=SUCCESS |  
2019-08-27 19:07:36,064 | INFO  | SCMAudit | user=jenkins1000 | ip=192.168.5.191 | op=SEND_HEARTBEAT {datanodeUUID=7ffeb123-8a07-43fc-9bc5-d9b026895606, command=[]} | ret=SUCCESS |  
2019-08-27 19:07:36,128 | INFO  | SCMAudit | user=jenkins1000 | ip=192.168.5.191 | op=SEND_HEARTBEAT {datanodeUUID=38f28178-96e9-481f-bed8-cfb19f684f50, command=[]} | ret=SUCCESS |  
2019-08-27 19:07:36,235 | INFO  | SCMAudit | user=jenkins1000 | ip=192.168.5.191 | op=SEND_HEARTBEAT {datanodeUUID=1a6ef58e-b6d8-4916-b5f4-f66cad6b6cba, command=[]} | ret=SUCCESS |  
2019-08-27 19:07:36,347 | INFO  | SCMAudit | user=jenkins1000 | ip=192.168.5.191 | op=SEND_HEARTBEAT {datanodeUUID=3e80ec3d-d0df-446e-9c00-872113d57222, command=[]} | ret=SUCCESS |  
2019-08-27 19:07:37,004 | INFO  | SCMAudit | user=jenkins1000 | ip=192.168.5.191 | op=SEND_HEARTBEAT {datanodeUUID=d3c05237-bd84-4234-a934-0ba66750ea46, command=[]} | ret=SUCCESS |  
2019-08-27 19:07:37,025 | INFO  | SCMAudit | user=jenkins1000 | ip=192.168.5.191 | op=SEND_HEARTBEAT {datanodeUUID=457b0f2b-feff-4639-91a3-a11070381d4f, command=[]} | ret=SUCCESS |  
2019-08-27 19:07:37,029 | INFO  | SCMAudit | user=jenkins1000 | ip=192.168.5.191 | op=SEND_HEARTBEAT {datanodeUUID=8dbfb03d-3489-434f-b2ff-176126556357, command=[]} | ret=SUCCESS |  
2019-08-27 19:07:37,064 | INFO  | SCMAudit | user=jenkins1000 | ip=192.168.5.191 | op=SEND_HEARTBEAT {datanodeUUID=7ffeb123-8a07-43fc-9bc5-d9b026895606, command=[]} | ret=SUCCESS |  
2019-08-27 19:07:37,128 | INFO  | SCMAudit | user=jenkins1000 | ip=192.168.5.191 | op=SEND_HEARTBEAT {datanodeUUID=38f28178-96e9-481f-bed8-cfb19f684f50, command=[]} | ret=SUCCESS |  
2019-08-27 19:07:37,235 | INFO  | SCMAudit | user=jenkins1000 | ip=192.168.5.191 | op=SEND_HEARTBEAT {datanodeUUID=1a6ef58e-b6d8-4916-b5f4-f66cad6b6cba, command=[]} | ret=SUCCESS |  
2019-08-27 19:07:37,347 | INFO  | SCMAudit | user=jenkins1000 | ip=192.168.5.191 | op=SEND_HEARTBEAT {datanodeUUID=3e80ec3d-d0df-446e-9c00-872113d57222, command=[]} | ret=SUCCESS |  
2019-08-27 19:07:38,001 | INFO  | SCMAudit | user=jenkins1000 | ip=192.168.5.191 | op=SEND_HEARTBEAT {datanodeUUID=d3c05237-bd84-4234-a934-0ba66750ea46, command=[]} | ret=SUCCESS |  
2019-08-27 19:07:38,027 | INFO  | SCMAudit | user=jenkins1000 | ip=192.168.5.191 | op=SEND_HEARTBEAT {datanodeUUID=457b0f2b-feff-4639-91a3-a11070381d4f, command=[]} | ret=SUCCESS |  
2019-08-27 19:07:38,029 | INFO  | SCMAudit | user=jenkins1000 | ip=192.168.5.191 | op=SEND_HEARTBEAT {datanodeUUID=8dbfb03d-3489-434f-b2ff-176126556357, command=[]} | ret=SUCCESS |  
2019-08-27 19:07:38,064 | INFO  | SCMAudit | user=jenkins1000 | ip=192.168.5.191 | op=SEND_HEARTBEAT {datanodeUUID=7ffeb123-8a07-43fc-9bc5-d9b026895606, command=[]} | ret=SUCCESS |  
2019-08-27 19:07:38,128 | INFO  | SCMAudit | user=jenkins1000 | ip=192.168.5.191 | op=SEND_HEARTBEAT {datanodeUUID=38f28178-96e9-481f-bed8-cfb19f684f50, command=[]} | ret=SUCCESS |  
2019-08-27 19:07:38,235 | INFO  | SCMAudit | user=jenkins1000 | ip=192.168.5.191 | op=SEND_HEARTBEAT {datanodeUUID=1a6ef58e-b6d8-4916-b5f4-f66cad6b6cba, command=[]} | ret=SUCCESS |  
2019-08-27 19:07:38,347 | INFO  | SCMAudit | user=jenkins1000 | ip=192.168.5.191 | op=SEND_HEARTBEAT {datanodeUUID=3e80ec3d-d0df-446e-9c00-872113d57222, command=[]} | ret=SUCCESS |  
2019-08-27 19:07:39,002 | INFO  | SCMAudit | user=jenkins1000 | ip=192.168.5.191 | op=SEND_HEARTBEAT {datanodeUUID=d3c05237-bd84-4234-a934-0ba66750ea46, command=[]} | ret=SUCCESS |  
2019-08-27 19:07:39,027 | INFO  | SCMAudit | user=jenkins1000 | ip=192.168.5.191 | op=SEND_HEARTBEAT {datanodeUUID=457b0f2b-feff-4639-91a3-a11070381d4f, command=[]} | ret=SUCCESS |  
2019-08-27 19:07:39,029 | INFO  | SCMAudit | user=jenkins1000 | ip=192.168.5.191 | op=SEND_HEARTBEAT {datanodeUUID=8dbfb03d-3489-434f-b2ff-176126556357, command=[]} | ret=SUCCESS |  
2019-08-27 19:07:39,046 [grpc-default-executor-5] INFO  client.GrpcClientProtocolClient (GrpcClientProtocolClient.java:onNext(255)) - client-0C1CC1C50A7C->8dbfb03d-3489-434f-b2ff-176126556357: receive RaftClientReply:client-0C1CC1C50A7C->8dbfb03d-3489-434f-b2ff-176126556357@group-5A0C10B0A675, cid=45, FAILED org.apache.ratis.protocol.NotLeaderException: Server 8dbfb03d-3489-434f-b2ff-176126556357 is not the leader (d3c05237-bd84-4234-a934-0ba66750ea46:192.168.5.191:42272). Request must be sent to leader., logIndex=0, commits[8dbfb03d-3489-434f-b2ff-176126556357:c8, 457b0f2b-feff-4639-91a3-a11070381d4f:c8, d3c05237-bd84-4234-a934-0ba66750ea46:c8]
2019-08-27 19:07:39,064 | INFO  | SCMAudit | user=jenkins1000 | ip=192.168.5.191 | op=SEND_HEARTBEAT {datanodeUUID=7ffeb123-8a07-43fc-9bc5-d9b026895606, command=[]} | ret=SUCCESS |  
2019-08-27 19:07:39,128 | INFO  | SCMAudit | user=jenkins1000 | ip=192.168.5.191 | op=SEND_HEARTBEAT {datanodeUUID=38f28178-96e9-481f-bed8-cfb19f684f50, command=[]} | ret=SUCCESS |  
2019-08-27 19:07:39,235 | INFO  | SCMAudit | user=jenkins1000 | ip=192.168.5.191 | op=SEND_HEARTBEAT {datanodeUUID=1a6ef58e-b6d8-4916-b5f4-f66cad6b6cba, command=[]} | ret=SUCCESS |  
2019-08-27 19:07:39,348 | INFO  | SCMAudit | user=jenkins1000 | ip=192.168.5.191 | op=SEND_HEARTBEAT {datanodeUUID=3e80ec3d-d0df-446e-9c00-872113d57222, command=[]} | ret=SUCCESS |  
2019-08-27 19:07:40,002 | INFO  | SCMAudit | user=jenkins1000 | ip=192.168.5.191 | op=SEND_HEARTBEAT {datanodeUUID=d3c05237-bd84-4234-a934-0ba66750ea46, command=[]} | ret=SUCCESS |  
2019-08-27 19:07:40,027 | INFO  | SCMAudit | user=jenkins1000 | ip=192.168.5.191 | op=SEND_HEARTBEAT {datanodeUUID=457b0f2b-feff-4639-91a3-a11070381d4f, command=[]} | ret=SUCCESS |  
2019-08-27 19:07:40,029 | INFO  | SCMAudit | user=jenkins1000 | ip=192.168.5.191 | op=SEND_HEARTBEAT {datanodeUUID=8dbfb03d-3489-434f-b2ff-176126556357, command=[]} | ret=SUCCESS |  
2019-08-27 19:07:40,064 | INFO  | SCMAudit | user=jenkins1000 | ip=192.168.5.191 | op=SEND_HEARTBEAT {datanodeUUID=7ffeb123-8a07-43fc-9bc5-d9b026895606, command=[]} | ret=SUCCESS |  
2019-08-27 19:07:40,128 | INFO  | SCMAudit | user=jenkins1000 | ip=192.168.5.191 | op=SEND_HEARTBEAT {datanodeUUID=38f28178-96e9-481f-bed8-cfb19f684f50, command=[]} | ret=SUCCESS |  
2019-08-27 19:07:40,235 | INFO  | SCMAudit | user=jenkins1000 | ip=192.168.5.191 | op=SEND_HEARTBEAT {datanodeUUID=1a6ef58e-b6d8-4916-b5f4-f66cad6b6cba, command=[]} | ret=SUCCESS |  
2019-08-27 19:07:40,348 | INFO  | SCMAudit | user=jenkins1000 | ip=192.168.5.191 | op=SEND_HEARTBEAT {datanodeUUID=3e80ec3d-d0df-446e-9c00-872113d57222, command=[]} | ret=SUCCESS |  
2019-08-27 19:07:41,002 | INFO  | SCMAudit | user=jenkins1000 | ip=192.168.5.191 | op=SEND_HEARTBEAT {datanodeUUID=d3c05237-bd84-4234-a934-0ba66750ea46, command=[]} | ret=SUCCESS |  
2019-08-27 19:07:41,027 | INFO  | SCMAudit | user=jenkins1000 | ip=192.168.5.191 | op=SEND_HEARTBEAT {datanodeUUID=457b0f2b-feff-4639-91a3-a11070381d4f, command=[]} | ret=SUCCESS |  
2019-08-27 19:07:41,029 | INFO  | SCMAudit | user=jenkins1000 | ip=192.168.5.191 | op=SEND_HEARTBEAT {datanodeUUID=8dbfb03d-3489-434f-b2ff-176126556357, command=[]} | ret=SUCCESS |  
2019-08-27 19:07:41,064 | INFO  | SCMAudit | user=jenkins1000 | ip=192.168.5.191 | op=SEND_HEARTBEAT {datanodeUUID=7ffeb123-8a07-43fc-9bc5-d9b026895606, command=[]} | ret=SUCCESS |  
2019-08-27 19:07:41,128 | INFO  | SCMAudit | user=jenkins1000 | ip=192.168.5.191 | op=SEND_HEARTBEAT {datanodeUUID=38f28178-96e9-481f-bed8-cfb19f684f50, command=[]} | ret=SUCCESS |  
2019-08-27 19:07:41,235 | INFO  | SCMAudit | user=jenkins1000 | ip=192.168.5.191 | op=SEND_HEARTBEAT {datanodeUUID=1a6ef58e-b6d8-4916-b5f4-f66cad6b6cba, command=[]} | ret=SUCCESS |  
2019-08-27 19:07:41,348 | INFO  | SCMAudit | user=jenkins1000 | ip=192.168.5.191 | op=SEND_HEARTBEAT {datanodeUUID=3e80ec3d-d0df-446e-9c00-872113d57222, command=[]} | ret=SUCCESS |  
2019-08-27 19:07:42,003 | INFO  | SCMAudit | user=jenkins1000 | ip=192.168.5.191 | op=SEND_HEARTBEAT {datanodeUUID=d3c05237-bd84-4234-a934-0ba66750ea46, command=[]} | ret=SUCCESS |  
2019-08-27 19:07:42,027 | INFO  | SCMAudit | user=jenkins1000 | ip=192.168.5.191 | op=SEND_HEARTBEAT {datanodeUUID=457b0f2b-feff-4639-91a3-a11070381d4f, command=[]} | ret=SUCCESS |  
2019-08-27 19:07:42,029 | INFO  | SCMAudit | user=jenkins1000 | ip=192.168.5.191 | op=SEND_HEARTBEAT {datanodeUUID=8dbfb03d-3489-434f-b2ff-176126556357, command=[]} | ret=SUCCESS |  
2019-08-27 19:07:42,064 | INFO  | SCMAudit | user=jenkins1000 | ip=192.168.5.191 | op=SEND_HEARTBEAT {datanodeUUID=7ffeb123-8a07-43fc-9bc5-d9b026895606, command=[]} | ret=SUCCESS |  
2019-08-27 19:07:42,129 | INFO  | SCMAudit | user=jenkins1000 | ip=192.168.5.191 | op=SEND_HEARTBEAT {datanodeUUID=38f28178-96e9-481f-bed8-cfb19f684f50, command=[]} | ret=SUCCESS |  
2019-08-27 19:07:42,235 | INFO  | SCMAudit | user=jenkins1000 | ip=192.168.5.191 | op=SEND_HEARTBEAT {datanodeUUID=1a6ef58e-b6d8-4916-b5f4-f66cad6b6cba, command=[]} | ret=SUCCESS |  
2019-08-27 19:07:42,348 | INFO  | SCMAudit | user=jenkins1000 | ip=192.168.5.191 | op=SEND_HEARTBEAT {datanodeUUID=3e80ec3d-d0df-446e-9c00-872113d57222, command=[]} | ret=SUCCESS |  
2019-08-27 19:07:43,002 | INFO  | SCMAudit | user=jenkins1000 | ip=192.168.5.191 | op=SEND_HEARTBEAT {datanodeUUID=d3c05237-bd84-4234-a934-0ba66750ea46, command=[]} | ret=SUCCESS |  
2019-08-27 19:07:43,027 | INFO  | SCMAudit | user=jenkins1000 | ip=192.168.5.191 | op=SEND_HEARTBEAT {datanodeUUID=457b0f2b-feff-4639-91a3-a11070381d4f, command=[]} | ret=SUCCESS |  
2019-08-27 19:07:43,029 | INFO  | SCMAudit | user=jenkins1000 | ip=192.168.5.191 | op=SEND_HEARTBEAT {datanodeUUID=8dbfb03d-3489-434f-b2ff-176126556357, command=[]} | ret=SUCCESS |  
2019-08-27 19:07:43,064 | INFO  | SCMAudit | user=jenkins1000 | ip=192.168.5.191 | op=SEND_HEARTBEAT {datanodeUUID=7ffeb123-8a07-43fc-9bc5-d9b026895606, command=[]} | ret=SUCCESS |  
2019-08-27 19:07:43,129 | INFO  | SCMAudit | user=jenkins1000 | ip=192.168.5.191 | op=SEND_HEARTBEAT {datanodeUUID=38f28178-96e9-481f-bed8-cfb19f684f50, command=[]} | ret=SUCCESS |  
2019-08-27 19:07:43,235 | INFO  | SCMAudit | user=jenkins1000 | ip=192.168.5.191 | op=SEND_HEARTBEAT {datanodeUUID=1a6ef58e-b6d8-4916-b5f4-f66cad6b6cba, command=[]} | ret=SUCCESS |  
2019-08-27 19:07:43,348 | INFO  | SCMAudit | user=jenkins1000 | ip=192.168.5.191 | op=SEND_HEARTBEAT {datanodeUUID=3e80ec3d-d0df-446e-9c00-872113d57222, command=[]} | ret=SUCCESS |  
2019-08-27 19:07:44,002 | INFO  | SCMAudit | user=jenkins1000 | ip=192.168.5.191 | op=SEND_HEARTBEAT {datanodeUUID=d3c05237-bd84-4234-a934-0ba66750ea46, command=[]} | ret=SUCCESS |  
2019-08-27 19:07:44,026 | INFO  | SCMAudit | user=jenkins1000 | ip=192.168.5.191 | op=SEND_HEARTBEAT {datanodeUUID=457b0f2b-feff-4639-91a3-a11070381d4f, command=[]} | ret=SUCCESS |  
2019-08-27 19:07:44,029 | INFO  | SCMAudit | user=jenkins1000 | ip=192.168.5.191 | op=SEND_HEARTBEAT {datanodeUUID=8dbfb03d-3489-434f-b2ff-176126556357, command=[]} | ret=SUCCESS |  
2019-08-27 19:07:44,065 | INFO  | SCMAudit | user=jenkins1000 | ip=192.168.5.191 | op=SEND_HEARTBEAT {datanodeUUID=7ffeb123-8a07-43fc-9bc5-d9b026895606, command=[]} | ret=SUCCESS |  
2019-08-27 19:07:44,086 [grpc-default-executor-1] INFO  client.GrpcClientProtocolClient (GrpcClientProtocolClient.java:onNext(255)) - client-0C1CC1C50A7C->8dbfb03d-3489-434f-b2ff-176126556357: receive RaftClientReply:client-0C1CC1C50A7C->8dbfb03d-3489-434f-b2ff-176126556357@group-5A0C10B0A675, cid=45, FAILED org.apache.ratis.protocol.NotLeaderException: Server 8dbfb03d-3489-434f-b2ff-176126556357 is not the leader (d3c05237-bd84-4234-a934-0ba66750ea46:192.168.5.191:42272). Request must be sent to leader., logIndex=0, commits[8dbfb03d-3489-434f-b2ff-176126556357:c8, 457b0f2b-feff-4639-91a3-a11070381d4f:c8, d3c05237-bd84-4234-a934-0ba66750ea46:c8]
2019-08-27 19:07:44,129 | INFO  | SCMAudit | user=jenkins1000 | ip=192.168.5.191 | op=SEND_HEARTBEAT {datanodeUUID=38f28178-96e9-481f-bed8-cfb19f684f50, command=[]} | ret=SUCCESS |  
2019-08-27 19:07:44,235 | INFO  | SCMAudit | user=jenkins1000 | ip=192.168.5.191 | op=SEND_HEARTBEAT {datanodeUUID=1a6ef58e-b6d8-4916-b5f4-f66cad6b6cba, command=[]} | ret=SUCCESS |  
2019-08-27 19:07:44,348 | INFO  | SCMAudit | user=jenkins1000 | ip=192.168.5.191 | op=SEND_HEARTBEAT {datanodeUUID=3e80ec3d-d0df-446e-9c00-872113d57222, command=[]} | ret=SUCCESS |  
2019-08-27 19:07:45,002 | INFO  | SCMAudit | user=jenkins1000 | ip=192.168.5.191 | op=SEND_HEARTBEAT {datanodeUUID=d3c05237-bd84-4234-a934-0ba66750ea46, command=[]} | ret=SUCCESS |  
2019-08-27 19:07:45,027 | INFO  | SCMAudit | user=jenkins1000 | ip=192.168.5.191 | op=SEND_HEARTBEAT {datanodeUUID=457b0f2b-feff-4639-91a3-a11070381d4f, command=[]} | ret=SUCCESS |  
2019-08-27 19:07:45,029 | INFO  | SCMAudit | user=jenkins1000 | ip=192.168.5.191 | op=SEND_HEARTBEAT {datanodeUUID=8dbfb03d-3489-434f-b2ff-176126556357, command=[]} | ret=SUCCESS |  
2019-08-27 19:07:45,065 | INFO  | SCMAudit | user=jenkins1000 | ip=192.168.5.191 | op=SEND_HEARTBEAT {datanodeUUID=7ffeb123-8a07-43fc-9bc5-d9b026895606, command=[]} | ret=SUCCESS |  
2019-08-27 19:07:45,129 | INFO  | SCMAudit | user=jenkins1000 | ip=192.168.5.191 | op=SEND_HEARTBEAT {datanodeUUID=38f28178-96e9-481f-bed8-cfb19f684f50, command=[]} | ret=SUCCESS |  
2019-08-27 19:07:45,235 | INFO  | SCMAudit | user=jenkins1000 | ip=192.168.5.191 | op=SEND_HEARTBEAT {datanodeUUID=1a6ef58e-b6d8-4916-b5f4-f66cad6b6cba, command=[]} | ret=SUCCESS |  
2019-08-27 19:07:45,348 | INFO  | SCMAudit | user=jenkins1000 | ip=192.168.5.191 | op=SEND_HEARTBEAT {datanodeUUID=3e80ec3d-d0df-446e-9c00-872113d57222, command=[]} | ret=SUCCESS |  
2019-08-27 19:07:46,002 | INFO  | SCMAudit | user=jenkins1000 | ip=192.168.5.191 | op=SEND_HEARTBEAT {datanodeUUID=d3c05237-bd84-4234-a934-0ba66750ea46, command=[]} | ret=SUCCESS |  
2019-08-27 19:07:46,027 | INFO  | SCMAudit | user=jenkins1000 | ip=192.168.5.191 | op=SEND_HEARTBEAT {datanodeUUID=457b0f2b-feff-4639-91a3-a11070381d4f, command=[]} | ret=SUCCESS |  
2019-08-27 19:07:46,029 | INFO  | SCMAudit | user=jenkins1000 | ip=192.168.5.191 | op=SEND_HEARTBEAT {datanodeUUID=8dbfb03d-3489-434f-b2ff-176126556357, command=[]} | ret=SUCCESS |  
2019-08-27 19:07:46,065 | INFO  | SCMAudit | user=jenkins1000 | ip=192.168.5.191 | op=SEND_HEARTBEAT {datanodeUUID=7ffeb123-8a07-43fc-9bc5-d9b026895606, command=[]} | ret=SUCCESS |  
2019-08-27 19:07:46,129 | INFO  | SCMAudit | user=jenkins1000 | ip=192.168.5.191 | op=SEND_HEARTBEAT {datanodeUUID=38f28178-96e9-481f-bed8-cfb19f684f50, command=[]} | ret=SUCCESS |  
2019-08-27 19:07:46,235 | INFO  | SCMAudit | user=jenkins1000 | ip=192.168.5.191 | op=SEND_HEARTBEAT {datanodeUUID=1a6ef58e-b6d8-4916-b5f4-f66cad6b6cba, command=[]} | ret=SUCCESS |  
2019-08-27 19:07:46,348 | INFO  | SCMAudit | user=jenkins1000 | ip=192.168.5.191 | op=SEND_HEARTBEAT {datanodeUUID=3e80ec3d-d0df-446e-9c00-872113d57222, command=[]} | ret=SUCCESS |  
2019-08-27 19:07:47,002 | INFO  | SCMAudit | user=jenkins1000 | ip=192.168.5.191 | op=SEND_HEARTBEAT {datanodeUUID=d3c05237-bd84-4234-a934-0ba66750ea46, command=[]} | ret=SUCCESS |  
2019-08-27 19:07:47,027 | INFO  | SCMAudit | user=jenkins1000 | ip=192.168.5.191 | op=SEND_HEARTBEAT {datanodeUUID=457b0f2b-feff-4639-91a3-a11070381d4f, command=[]} | ret=SUCCESS |  
2019-08-27 19:07:47,029 | INFO  | SCMAudit | user=jenkins1000 | ip=192.168.5.191 | op=SEND_HEARTBEAT {datanodeUUID=8dbfb03d-3489-434f-b2ff-176126556357, command=[]} | ret=SUCCESS |  
2019-08-27 19:07:47,065 | INFO  | SCMAudit | user=jenkins1000 | ip=192.168.5.191 | op=SEND_HEARTBEAT {datanodeUUID=7ffeb123-8a07-43fc-9bc5-d9b026895606, command=[]} | ret=SUCCESS |  
2019-08-27 19:07:47,128 | INFO  | SCMAudit | user=jenkins1000 | ip=192.168.5.191 | op=SEND_HEARTBEAT {datanodeUUID=38f28178-96e9-481f-bed8-cfb19f684f50, command=[]} | ret=SUCCESS |  
2019-08-27 19:07:47,235 | INFO  | SCMAudit | user=jenkins1000 | ip=192.168.5.191 | op=SEND_HEARTBEAT {datanodeUUID=1a6ef58e-b6d8-4916-b5f4-f66cad6b6cba, command=[]} | ret=SUCCESS |  
2019-08-27 19:07:47,349 | INFO  | SCMAudit | user=jenkins1000 | ip=192.168.5.191 | op=SEND_HEARTBEAT {datanodeUUID=3e80ec3d-d0df-446e-9c00-872113d57222, command=[]} | ret=SUCCESS |  
2019-08-27 19:07:48,002 | INFO  | SCMAudit | user=jenkins1000 | ip=192.168.5.191 | op=SEND_HEARTBEAT {datanodeUUID=d3c05237-bd84-4234-a934-0ba66750ea46, command=[]} | ret=SUCCESS |  
2019-08-27 19:07:48,027 | INFO  | SCMAudit | user=jenkins1000 | ip=192.168.5.191 | op=SEND_HEARTBEAT {datanodeUUID=457b0f2b-feff-4639-91a3-a11070381d4f, command=[]} | ret=SUCCESS |  
2019-08-27 19:07:48,029 | INFO  | SCMAudit | user=jenkins1000 | ip=192.168.5.191 | op=SEND_HEARTBEAT {datanodeUUID=8dbfb03d-3489-434f-b2ff-176126556357, command=[]} | ret=SUCCESS |  
2019-08-27 19:07:48,065 | INFO  | SCMAudit | user=jenkins1000 | ip=192.168.5.191 | op=SEND_HEARTBEAT {datanodeUUID=7ffeb123-8a07-43fc-9bc5-d9b026895606, command=[]} | ret=SUCCESS |  
2019-08-27 19:07:48,129 | INFO  | SCMAudit | user=jenkins1000 | ip=192.168.5.191 | op=SEND_HEARTBEAT {datanodeUUID=38f28178-96e9-481f-bed8-cfb19f684f50, command=[]} | ret=SUCCESS |  
2019-08-27 19:07:48,235 | INFO  | SCMAudit | user=jenkins1000 | ip=192.168.5.191 | op=SEND_HEARTBEAT {datanodeUUID=1a6ef58e-b6d8-4916-b5f4-f66cad6b6cba, command=[]} | ret=SUCCESS |  
2019-08-27 19:07:48,348 | INFO  | SCMAudit | user=jenkins1000 | ip=192.168.5.191 | op=SEND_HEARTBEAT {datanodeUUID=3e80ec3d-d0df-446e-9c00-872113d57222, command=[]} | ret=SUCCESS |  
2019-08-27 19:07:49,002 | INFO  | SCMAudit | user=jenkins1000 | ip=192.168.5.191 | op=SEND_HEARTBEAT {datanodeUUID=d3c05237-bd84-4234-a934-0ba66750ea46, command=[]} | ret=SUCCESS |  
2019-08-27 19:07:49,027 | INFO  | SCMAudit | user=jenkins1000 | ip=192.168.5.191 | op=SEND_HEARTBEAT {datanodeUUID=457b0f2b-feff-4639-91a3-a11070381d4f, command=[]} | ret=SUCCESS |  
2019-08-27 19:07:49,029 | INFO  | SCMAudit | user=jenkins1000 | ip=192.168.5.191 | op=SEND_HEARTBEAT {datanodeUUID=8dbfb03d-3489-434f-b2ff-176126556357, command=[]} | ret=SUCCESS |  
2019-08-27 19:07:49,065 | INFO  | SCMAudit | user=jenkins1000 | ip=192.168.5.191 | op=SEND_HEARTBEAT {datanodeUUID=7ffeb123-8a07-43fc-9bc5-d9b026895606, command=[]} | ret=SUCCESS |  
2019-08-27 19:07:49,122 [grpc-default-executor-1] INFO  client.GrpcClientProtocolClient (GrpcClientProtocolClient.java:onNext(255)) - client-0C1CC1C50A7C->8dbfb03d-3489-434f-b2ff-176126556357: receive RaftClientReply:client-0C1CC1C50A7C->8dbfb03d-3489-434f-b2ff-176126556357@group-5A0C10B0A675, cid=45, FAILED org.apache.ratis.protocol.NotLeaderException: Server 8dbfb03d-3489-434f-b2ff-176126556357 is not the leader (d3c05237-bd84-4234-a934-0ba66750ea46:192.168.5.191:42272). Request must be sent to leader., logIndex=0, commits[8dbfb03d-3489-434f-b2ff-176126556357:c8, 457b0f2b-feff-4639-91a3-a11070381d4f:c8, d3c05237-bd84-4234-a934-0ba66750ea46:c8]
2019-08-27 19:07:49,132 | INFO  | SCMAudit | user=jenkins1000 | ip=192.168.5.191 | op=SEND_HEARTBEAT {datanodeUUID=38f28178-96e9-481f-bed8-cfb19f684f50, command=[]} | ret=SUCCESS |  
2019-08-27 19:07:49,235 | INFO  | SCMAudit | user=jenkins1000 | ip=192.168.5.191 | op=SEND_HEARTBEAT {datanodeUUID=1a6ef58e-b6d8-4916-b5f4-f66cad6b6cba, command=[]} | ret=SUCCESS |  
2019-08-27 19:07:49,348 | INFO  | SCMAudit | user=jenkins1000 | ip=192.168.5.191 | op=SEND_HEARTBEAT {datanodeUUID=3e80ec3d-d0df-446e-9c00-872113d57222, command=[]} | ret=SUCCESS |  
2019-08-27 19:07:50,003 | INFO  | SCMAudit | user=jenkins1000 | ip=192.168.5.191 | op=SEND_HEARTBEAT {datanodeUUID=d3c05237-bd84-4234-a934-0ba66750ea46, command=[]} | ret=SUCCESS |  
2019-08-27 19:07:50,027 | INFO  | SCMAudit | user=jenkins1000 | ip=192.168.5.191 | op=SEND_HEARTBEAT {datanodeUUID=457b0f2b-feff-4639-91a3-a11070381d4f, command=[]} | ret=SUCCESS |  
2019-08-27 19:07:50,028 | INFO  | SCMAudit | user=jenkins1000 | ip=192.168.5.191 | op=SEND_HEARTBEAT {datanodeUUID=8dbfb03d-3489-434f-b2ff-176126556357, command=[]} | ret=SUCCESS |  
2019-08-27 19:07:50,065 | INFO  | SCMAudit | user=jenkins1000 | ip=192.168.5.191 | op=SEND_HEARTBEAT {datanodeUUID=7ffeb123-8a07-43fc-9bc5-d9b026895606, command=[]} | ret=SUCCESS |  
2019-08-27 19:07:50,130 | INFO  | SCMAudit | user=jenkins1000 | ip=192.168.5.191 | op=SEND_HEARTBEAT {datanodeUUID=38f28178-96e9-481f-bed8-cfb19f684f50, command=[]} | ret=SUCCESS |  
2019-08-27 19:07:50,236 | INFO  | SCMAudit | user=jenkins1000 | ip=192.168.5.191 | op=SEND_HEARTBEAT {datanodeUUID=1a6ef58e-b6d8-4916-b5f4-f66cad6b6cba, command=[]} | ret=SUCCESS |  
2019-08-27 19:07:50,348 | INFO  | SCMAudit | user=jenkins1000 | ip=192.168.5.191 | op=SEND_HEARTBEAT {datanodeUUID=3e80ec3d-d0df-446e-9c00-872113d57222, command=[]} | ret=SUCCESS |  
2019-08-27 19:07:51,002 | INFO  | SCMAudit | user=jenkins1000 | ip=192.168.5.191 | op=SEND_HEARTBEAT {datanodeUUID=d3c05237-bd84-4234-a934-0ba66750ea46, command=[]} | ret=SUCCESS |  
2019-08-27 19:07:51,028 | INFO  | SCMAudit | user=jenkins1000 | ip=192.168.5.191 | op=SEND_HEARTBEAT {datanodeUUID=457b0f2b-feff-4639-91a3-a11070381d4f, command=[]} | ret=SUCCESS |  
2019-08-27 19:07:51,028 | INFO  | SCMAudit | user=jenkins1000 | ip=192.168.5.191 | op=SEND_HEARTBEAT {datanodeUUID=8dbfb03d-3489-434f-b2ff-176126556357, command=[]} | ret=SUCCESS |  
2019-08-27 19:07:51,065 | INFO  | SCMAudit | user=jenkins1000 | ip=192.168.5.191 | op=SEND_HEARTBEAT {datanodeUUID=7ffeb123-8a07-43fc-9bc5-d9b026895606, command=[]} | ret=SUCCESS |  
2019-08-27 19:07:51,131 | INFO  | SCMAudit | user=jenkins1000 | ip=192.168.5.191 | op=SEND_HEARTBEAT {datanodeUUID=38f28178-96e9-481f-bed8-cfb19f684f50, command=[]} | ret=SUCCESS |  
2019-08-27 19:07:51,236 | INFO  | SCMAudit | user=jenkins1000 | ip=192.168.5.191 | op=SEND_HEARTBEAT {datanodeUUID=1a6ef58e-b6d8-4916-b5f4-f66cad6b6cba, command=[]} | ret=SUCCESS |  
2019-08-27 19:07:51,348 | INFO  | SCMAudit | user=jenkins1000 | ip=192.168.5.191 | op=SEND_HEARTBEAT {datanodeUUID=3e80ec3d-d0df-446e-9c00-872113d57222, command=[]} | ret=SUCCESS |  
2019-08-27 19:07:52,002 | INFO  | SCMAudit | user=jenkins1000 | ip=192.168.5.191 | op=SEND_HEARTBEAT {datanodeUUID=d3c05237-bd84-4234-a934-0ba66750ea46, command=[]} | ret=SUCCESS |  
2019-08-27 19:07:52,028 | INFO  | SCMAudit | user=jenkins1000 | ip=192.168.5.191 | op=SEND_HEARTBEAT {datanodeUUID=457b0f2b-feff-4639-91a3-a11070381d4f, command=[]} | ret=SUCCESS |  
2019-08-27 19:07:52,029 | INFO  | SCMAudit | user=jenkins1000 | ip=192.168.5.191 | op=SEND_HEARTBEAT {datanodeUUID=8dbfb03d-3489-434f-b2ff-176126556357, command=[]} | ret=SUCCESS |  
2019-08-27 19:07:52,065 | INFO  | SCMAudit | user=jenkins1000 | ip=192.168.5.191 | op=SEND_HEARTBEAT {datanodeUUID=7ffeb123-8a07-43fc-9bc5-d9b026895606, command=[]} | ret=SUCCESS |  
2019-08-27 19:07:52,131 | INFO  | SCMAudit | user=jenkins1000 | ip=192.168.5.191 | op=SEND_HEARTBEAT {datanodeUUID=38f28178-96e9-481f-bed8-cfb19f684f50, command=[]} | ret=SUCCESS |  
2019-08-27 19:07:52,236 | INFO  | SCMAudit | user=jenkins1000 | ip=192.168.5.191 | op=SEND_HEARTBEAT {datanodeUUID=1a6ef58e-b6d8-4916-b5f4-f66cad6b6cba, command=[]} | ret=SUCCESS |  
2019-08-27 19:07:52,349 | INFO  | SCMAudit | user=jenkins1000 | ip=192.168.5.191 | op=SEND_HEARTBEAT {datanodeUUID=3e80ec3d-d0df-446e-9c00-872113d57222, command=[]} | ret=SUCCESS |  
2019-08-27 19:07:53,002 | INFO  | SCMAudit | user=jenkins1000 | ip=192.168.5.191 | op=SEND_HEARTBEAT {datanodeUUID=d3c05237-bd84-4234-a934-0ba66750ea46, command=[]} | ret=SUCCESS |  
2019-08-27 19:07:53,028 | INFO  | SCMAudit | user=jenkins1000 | ip=192.168.5.191 | op=SEND_HEARTBEAT {datanodeUUID=457b0f2b-feff-4639-91a3-a11070381d4f, command=[]} | ret=SUCCESS |  
2019-08-27 19:07:53,028 | INFO  | SCMAudit | user=jenkins1000 | ip=192.168.5.191 | op=SEND_HEARTBEAT {datanodeUUID=8dbfb03d-3489-434f-b2ff-176126556357, command=[]} | ret=SUCCESS |  
2019-08-27 19:07:53,065 | INFO  | SCMAudit | user=jenkins1000 | ip=192.168.5.191 | op=SEND_HEARTBEAT {datanodeUUID=7ffeb123-8a07-43fc-9bc5-d9b026895606, command=[]} | ret=SUCCESS |  
2019-08-27 19:07:53,131 | INFO  | SCMAudit | user=jenkins1000 | ip=192.168.5.191 | op=SEND_HEARTBEAT {datanodeUUID=38f28178-96e9-481f-bed8-cfb19f684f50, command=[]} | ret=SUCCESS |  
2019-08-27 19:07:53,236 | INFO  | SCMAudit | user=jenkins1000 | ip=192.168.5.191 | op=SEND_HEARTBEAT {datanodeUUID=1a6ef58e-b6d8-4916-b5f4-f66cad6b6cba, command=[]} | ret=SUCCESS |  
2019-08-27 19:07:53,349 | INFO  | SCMAudit | user=jenkins1000 | ip=192.168.5.191 | op=SEND_HEARTBEAT {datanodeUUID=3e80ec3d-d0df-446e-9c00-872113d57222, command=[]} | ret=SUCCESS |  
2019-08-27 19:07:54,003 | INFO  | SCMAudit | user=jenkins1000 | ip=192.168.5.191 | op=SEND_HEARTBEAT {datanodeUUID=d3c05237-bd84-4234-a934-0ba66750ea46, command=[]} | ret=SUCCESS |  
2019-08-27 19:07:54,028 | INFO  | SCMAudit | user=jenkins1000 | ip=192.168.5.191 | op=SEND_HEARTBEAT {datanodeUUID=457b0f2b-feff-4639-91a3-a11070381d4f, command=[]} | ret=SUCCESS |  
2019-08-27 19:07:54,028 | INFO  | SCMAudit | user=jenkins1000 | ip=192.168.5.191 | op=SEND_HEARTBEAT {datanodeUUID=8dbfb03d-3489-434f-b2ff-176126556357, command=[]} | ret=SUCCESS |  
2019-08-27 19:07:54,065 | INFO  | SCMAudit | user=jenkins1000 | ip=192.168.5.191 | op=SEND_HEARTBEAT {datanodeUUID=7ffeb123-8a07-43fc-9bc5-d9b026895606, command=[]} | ret=SUCCESS |  
2019-08-27 19:07:54,132 | INFO  | SCMAudit | user=jenkins1000 | ip=192.168.5.191 | op=SEND_HEARTBEAT {datanodeUUID=38f28178-96e9-481f-bed8-cfb19f684f50, command=[]} | ret=SUCCESS |  
2019-08-27 19:07:54,160 [grpc-default-executor-5] INFO  client.GrpcClientProtocolClient (GrpcClientProtocolClient.java:onNext(255)) - client-0C1CC1C50A7C->457b0f2b-feff-4639-91a3-a11070381d4f: receive RaftClientReply:client-0C1CC1C50A7C->457b0f2b-feff-4639-91a3-a11070381d4f@group-5A0C10B0A675, cid=45, FAILED org.apache.ratis.protocol.NotLeaderException: Server 457b0f2b-feff-4639-91a3-a11070381d4f is not the leader (d3c05237-bd84-4234-a934-0ba66750ea46:192.168.5.191:42272). Request must be sent to leader., logIndex=0, commits[457b0f2b-feff-4639-91a3-a11070381d4f:c8, d3c05237-bd84-4234-a934-0ba66750ea46:c8, 8dbfb03d-3489-434f-b2ff-176126556357:c8]
2019-08-27 19:07:54,237 | INFO  | SCMAudit | user=jenkins1000 | ip=192.168.5.191 | op=SEND_HEARTBEAT {datanodeUUID=1a6ef58e-b6d8-4916-b5f4-f66cad6b6cba, command=[]} | ret=SUCCESS |  
2019-08-27 19:07:54,349 | INFO  | SCMAudit | user=jenkins1000 | ip=192.168.5.191 | op=SEND_HEARTBEAT {datanodeUUID=3e80ec3d-d0df-446e-9c00-872113d57222, command=[]} | ret=SUCCESS |  
2019-08-27 19:07:55,002 | INFO  | SCMAudit | user=jenkins1000 | ip=192.168.5.191 | op=SEND_HEARTBEAT {datanodeUUID=d3c05237-bd84-4234-a934-0ba66750ea46, command=[]} | ret=SUCCESS |  
2019-08-27 19:07:55,028 | INFO  | SCMAudit | user=jenkins1000 | ip=192.168.5.191 | op=SEND_HEARTBEAT {datanodeUUID=457b0f2b-feff-4639-91a3-a11070381d4f, command=[]} | ret=SUCCESS |  
2019-08-27 19:07:55,028 | INFO  | SCMAudit | user=jenkins1000 | ip=192.168.5.191 | op=SEND_HEARTBEAT {datanodeUUID=8dbfb03d-3489-434f-b2ff-176126556357, command=[]} | ret=SUCCESS |  
2019-08-27 19:07:55,065 | INFO  | SCMAudit | user=jenkins1000 | ip=192.168.5.191 | op=SEND_HEARTBEAT {datanodeUUID=7ffeb123-8a07-43fc-9bc5-d9b026895606, command=[]} | ret=SUCCESS |  
2019-08-27 19:07:55,132 | INFO  | SCMAudit | user=jenkins1000 | ip=192.168.5.191 | op=SEND_HEARTBEAT {datanodeUUID=38f28178-96e9-481f-bed8-cfb19f684f50, command=[]} | ret=SUCCESS |  
2019-08-27 19:07:55,237 | INFO  | SCMAudit | user=jenkins1000 | ip=192.168.5.191 | op=SEND_HEARTBEAT {datanodeUUID=1a6ef58e-b6d8-4916-b5f4-f66cad6b6cba, command=[]} | ret=SUCCESS |  
2019-08-27 19:07:55,349 | INFO  | SCMAudit | user=jenkins1000 | ip=192.168.5.191 | op=SEND_HEARTBEAT {datanodeUUID=3e80ec3d-d0df-446e-9c00-872113d57222, command=[]} | ret=SUCCESS |  
2019-08-27 19:07:56,002 | INFO  | SCMAudit | user=jenkins1000 | ip=192.168.5.191 | op=SEND_HEARTBEAT {datanodeUUID=d3c05237-bd84-4234-a934-0ba66750ea46, command=[]} | ret=SUCCESS |  
2019-08-27 19:07:56,029 | INFO  | SCMAudit | user=jenkins1000 | ip=192.168.5.191 | op=SEND_HEARTBEAT {datanodeUUID=457b0f2b-feff-4639-91a3-a11070381d4f, command=[]} | ret=SUCCESS |  
2019-08-27 19:07:56,029 | INFO  | SCMAudit | user=jenkins1000 | ip=192.168.5.191 | op=SEND_HEARTBEAT {datanodeUUID=8dbfb03d-3489-434f-b2ff-176126556357, command=[]} | ret=SUCCESS |  
2019-08-27 19:07:56,066 | INFO  | SCMAudit | user=jenkins1000 | ip=192.168.5.191 | op=SEND_HEARTBEAT {datanodeUUID=7ffeb123-8a07-43fc-9bc5-d9b026895606, command=[]} | ret=SUCCESS |  
2019-08-27 19:07:56,132 | INFO  | SCMAudit | user=jenkins1000 | ip=192.168.5.191 | op=SEND_HEARTBEAT {datanodeUUID=38f28178-96e9-481f-bed8-cfb19f684f50, command=[]} | ret=SUCCESS |  
2019-08-27 19:07:56,237 | INFO  | SCMAudit | user=jenkins1000 | ip=192.168.5.191 | op=SEND_HEARTBEAT {datanodeUUID=1a6ef58e-b6d8-4916-b5f4-f66cad6b6cba, command=[]} | ret=SUCCESS |  
2019-08-27 19:07:56,349 | INFO  | SCMAudit | user=jenkins1000 | ip=192.168.5.191 | op=SEND_HEARTBEAT {datanodeUUID=3e80ec3d-d0df-446e-9c00-872113d57222, command=[]} | ret=SUCCESS |  
2019-08-27 19:07:57,002 | INFO  | SCMAudit | user=jenkins1000 | ip=192.168.5.191 | op=SEND_HEARTBEAT {datanodeUUID=d3c05237-bd84-4234-a934-0ba66750ea46, command=[]} | ret=SUCCESS |  
2019-08-27 19:07:57,029 | INFO  | SCMAudit | user=jenkins1000 | ip=192.168.5.191 | op=SEND_HEARTBEAT {datanodeUUID=457b0f2b-feff-4639-91a3-a11070381d4f, command=[]} | ret=SUCCESS |  
2019-08-27 19:07:57,029 | INFO  | SCMAudit | user=jenkins1000 | ip=192.168.5.191 | op=SEND_HEARTBEAT {datanodeUUID=8dbfb03d-3489-434f-b2ff-176126556357, command=[]} | ret=SUCCESS |  
2019-08-27 19:07:57,066 | INFO  | SCMAudit | user=jenkins1000 | ip=192.168.5.191 | op=SEND_HEARTBEAT {datanodeUUID=7ffeb123-8a07-43fc-9bc5-d9b026895606, command=[]} | ret=SUCCESS |  
2019-08-27 19:07:57,132 | INFO  | SCMAudit | user=jenkins1000 | ip=192.168.5.191 | op=SEND_HEARTBEAT {datanodeUUID=38f28178-96e9-481f-bed8-cfb19f684f50, command=[]} | ret=SUCCESS |  
2019-08-27 19:07:57,237 | INFO  | SCMAudit | user=jenkins1000 | ip=192.168.5.191 | op=SEND_HEARTBEAT {datanodeUUID=1a6ef58e-b6d8-4916-b5f4-f66cad6b6cba, command=[]} | ret=SUCCESS |  
2019-08-27 19:07:57,349 | INFO  | SCMAudit | user=jenkins1000 | ip=192.168.5.191 | op=SEND_HEARTBEAT {datanodeUUID=3e80ec3d-d0df-446e-9c00-872113d57222, command=[]} | ret=SUCCESS |  
2019-08-27 19:07:58,002 | INFO  | SCMAudit | user=jenkins1000 | ip=192.168.5.191 | op=SEND_HEARTBEAT {datanodeUUID=d3c05237-bd84-4234-a934-0ba66750ea46, command=[]} | ret=SUCCESS |  
2019-08-27 19:07:58,028 | INFO  | SCMAudit | user=jenkins1000 | ip=192.168.5.191 | op=SEND_HEARTBEAT {datanodeUUID=8dbfb03d-3489-434f-b2ff-176126556357, command=[]} | ret=SUCCESS |  
2019-08-27 19:07:58,029 | INFO  | SCMAudit | user=jenkins1000 | ip=192.168.5.191 | op=SEND_HEARTBEAT {datanodeUUID=457b0f2b-feff-4639-91a3-a11070381d4f, command=[]} | ret=SUCCESS |  
2019-08-27 19:07:58,066 | INFO  | SCMAudit | user=jenkins1000 | ip=192.168.5.191 | op=SEND_HEARTBEAT {datanodeUUID=7ffeb123-8a07-43fc-9bc5-d9b026895606, command=[]} | ret=SUCCESS |  
2019-08-27 19:07:58,132 | INFO  | SCMAudit | user=jenkins1000 | ip=192.168.5.191 | op=SEND_HEARTBEAT {datanodeUUID=38f28178-96e9-481f-bed8-cfb19f684f50, command=[]} | ret=SUCCESS |  
2019-08-27 19:07:58,237 | INFO  | SCMAudit | user=jenkins1000 | ip=192.168.5.191 | op=SEND_HEARTBEAT {datanodeUUID=1a6ef58e-b6d8-4916-b5f4-f66cad6b6cba, command=[]} | ret=SUCCESS |  
2019-08-27 19:07:58,350 | INFO  | SCMAudit | user=jenkins1000 | ip=192.168.5.191 | op=SEND_HEARTBEAT {datanodeUUID=3e80ec3d-d0df-446e-9c00-872113d57222, command=[]} | ret=SUCCESS |  
2019-08-27 19:07:59,003 | INFO  | SCMAudit | user=jenkins1000 | ip=192.168.5.191 | op=SEND_HEARTBEAT {datanodeUUID=d3c05237-bd84-4234-a934-0ba66750ea46, command=[]} | ret=SUCCESS |  
2019-08-27 19:07:59,029 | INFO  | SCMAudit | user=jenkins1000 | ip=192.168.5.191 | op=SEND_HEARTBEAT {datanodeUUID=8dbfb03d-3489-434f-b2ff-176126556357, command=[]} | ret=SUCCESS |  
2019-08-27 19:07:59,030 | INFO  | SCMAudit | user=jenkins1000 | ip=192.168.5.191 | op=SEND_HEARTBEAT {datanodeUUID=457b0f2b-feff-4639-91a3-a11070381d4f, command=[]} | ret=SUCCESS |  
2019-08-27 19:07:59,066 | INFO  | SCMAudit | user=jenkins1000 | ip=192.168.5.191 | op=SEND_HEARTBEAT {datanodeUUID=7ffeb123-8a07-43fc-9bc5-d9b026895606, command=[]} | ret=SUCCESS |  
2019-08-27 19:07:59,132 | INFO  | SCMAudit | user=jenkins1000 | ip=192.168.5.191 | op=SEND_HEARTBEAT {datanodeUUID=38f28178-96e9-481f-bed8-cfb19f684f50, command=[]} | ret=SUCCESS |  
2019-08-27 19:07:59,213 [grpc-default-executor-1] INFO  client.GrpcClientProtocolClient (GrpcClientProtocolClient.java:onNext(255)) - client-0C1CC1C50A7C->457b0f2b-feff-4639-91a3-a11070381d4f: receive RaftClientReply:client-0C1CC1C50A7C->457b0f2b-feff-4639-91a3-a11070381d4f@group-5A0C10B0A675, cid=45, FAILED org.apache.ratis.protocol.NotLeaderException: Server 457b0f2b-feff-4639-91a3-a11070381d4f is not the leader (d3c05237-bd84-4234-a934-0ba66750ea46:192.168.5.191:42272). Request must be sent to leader., logIndex=0, commits[457b0f2b-feff-4639-91a3-a11070381d4f:c8, d3c05237-bd84-4234-a934-0ba66750ea46:c8, 8dbfb03d-3489-434f-b2ff-176126556357:c8]
2019-08-27 19:07:59,238 | INFO  | SCMAudit | user=jenkins1000 | ip=192.168.5.191 | op=SEND_HEARTBEAT {datanodeUUID=1a6ef58e-b6d8-4916-b5f4-f66cad6b6cba, command=[]} | ret=SUCCESS |  
2019-08-27 19:07:59,350 | INFO  | SCMAudit | user=jenkins1000 | ip=192.168.5.191 | op=SEND_HEARTBEAT {datanodeUUID=3e80ec3d-d0df-446e-9c00-872113d57222, command=[]} | ret=SUCCESS |  
2019-08-27 19:08:00,002 | INFO  | SCMAudit | user=jenkins1000 | ip=192.168.5.191 | op=SEND_HEARTBEAT {datanodeUUID=d3c05237-bd84-4234-a934-0ba66750ea46, command=[]} | ret=SUCCESS |  
2019-08-27 19:08:00,029 | INFO  | SCMAudit | user=jenkins1000 | ip=192.168.5.191 | op=SEND_HEARTBEAT {datanodeUUID=8dbfb03d-3489-434f-b2ff-176126556357, command=[]} | ret=SUCCESS |  
2019-08-27 19:08:00,030 | INFO  | SCMAudit | user=jenkins1000 | ip=192.168.5.191 | op=SEND_HEARTBEAT {datanodeUUID=457b0f2b-feff-4639-91a3-a11070381d4f, command=[]} | ret=SUCCESS |  
2019-08-27 19:08:00,066 | INFO  | SCMAudit | user=jenkins1000 | ip=192.168.5.191 | op=SEND_HEARTBEAT {datanodeUUID=7ffeb123-8a07-43fc-9bc5-d9b026895606, command=[]} | ret=SUCCESS |  
2019-08-27 19:08:00,132 | INFO  | SCMAudit | user=jenkins1000 | ip=192.168.5.191 | op=SEND_HEARTBEAT {datanodeUUID=38f28178-96e9-481f-bed8-cfb19f684f50, command=[]} | ret=SUCCESS |  
2019-08-27 19:08:00,238 | INFO  | SCMAudit | user=jenkins1000 | ip=192.168.5.191 | op=SEND_HEARTBEAT {datanodeUUID=1a6ef58e-b6d8-4916-b5f4-f66cad6b6cba, command=[]} | ret=SUCCESS |  
2019-08-27 19:08:00,350 | INFO  | SCMAudit | user=jenkins1000 | ip=192.168.5.191 | op=SEND_HEARTBEAT {datanodeUUID=3e80ec3d-d0df-446e-9c00-872113d57222, command=[]} | ret=SUCCESS |  
2019-08-27 19:08:01,002 | INFO  | SCMAudit | user=jenkins1000 | ip=192.168.5.191 | op=SEND_HEARTBEAT {datanodeUUID=d3c05237-bd84-4234-a934-0ba66750ea46, command=[]} | ret=SUCCESS |  
2019-08-27 19:08:01,030 | INFO  | SCMAudit | user=jenkins1000 | ip=192.168.5.191 | op=SEND_HEARTBEAT {datanodeUUID=457b0f2b-feff-4639-91a3-a11070381d4f, command=[]} | ret=SUCCESS |  
2019-08-27 19:08:01,030 | INFO  | SCMAudit | user=jenkins1000 | ip=192.168.5.191 | op=SEND_HEARTBEAT {datanodeUUID=8dbfb03d-3489-434f-b2ff-176126556357, command=[]} | ret=SUCCESS |  
2019-08-27 19:08:01,066 | INFO  | SCMAudit | user=jenkins1000 | ip=192.168.5.191 | op=SEND_HEARTBEAT {datanodeUUID=7ffeb123-8a07-43fc-9bc5-d9b026895606, command=[]} | ret=SUCCESS |  
2019-08-27 19:08:01,132 | INFO  | SCMAudit | user=jenkins1000 | ip=192.168.5.191 | op=SEND_HEARTBEAT {datanodeUUID=38f28178-96e9-481f-bed8-cfb19f684f50, command=[]} | ret=SUCCESS |  
2019-08-27 19:08:01,238 | INFO  | SCMAudit | user=jenkins1000 | ip=192.168.5.191 | op=SEND_HEARTBEAT {datanodeUUID=1a6ef58e-b6d8-4916-b5f4-f66cad6b6cba, command=[]} | ret=SUCCESS |  
2019-08-27 19:08:01,350 | INFO  | SCMAudit | user=jenkins1000 | ip=192.168.5.191 | op=SEND_HEARTBEAT {datanodeUUID=3e80ec3d-d0df-446e-9c00-872113d57222, command=[]} | ret=SUCCESS |  
2019-08-27 19:08:02,002 | INFO  | SCMAudit | user=jenkins1000 | ip=192.168.5.191 | op=SEND_HEARTBEAT {datanodeUUID=d3c05237-bd84-4234-a934-0ba66750ea46, command=[]} | ret=SUCCESS |  
2019-08-27 19:08:02,029 | INFO  | SCMAudit | user=jenkins1000 | ip=192.168.5.191 | op=SEND_HEARTBEAT {datanodeUUID=8dbfb03d-3489-434f-b2ff-176126556357, command=[]} | ret=SUCCESS |  
2019-08-27 19:08:02,030 | INFO  | SCMAudit | user=jenkins1000 | ip=192.168.5.191 | op=SEND_HEARTBEAT {datanodeUUID=457b0f2b-feff-4639-91a3-a11070381d4f, command=[]} | ret=SUCCESS |  
2019-08-27 19:08:02,066 | INFO  | SCMAudit | user=jenkins1000 | ip=192.168.5.191 | op=SEND_HEARTBEAT {datanodeUUID=7ffeb123-8a07-43fc-9bc5-d9b026895606, command=[]} | ret=SUCCESS |  
2019-08-27 19:08:02,132 | INFO  | SCMAudit | user=jenkins1000 | ip=192.168.5.191 | op=SEND_HEARTBEAT {datanodeUUID=38f28178-96e9-481f-bed8-cfb19f684f50, command=[]} | ret=SUCCESS |  
2019-08-27 19:08:02,238 | INFO  | SCMAudit | user=jenkins1000 | ip=192.168.5.191 | op=SEND_HEARTBEAT {datanodeUUID=1a6ef58e-b6d8-4916-b5f4-f66cad6b6cba, command=[]} | ret=SUCCESS |  
2019-08-27 19:08:02,351 | INFO  | SCMAudit | user=jenkins1000 | ip=192.168.5.191 | op=SEND_HEARTBEAT {datanodeUUID=3e80ec3d-d0df-446e-9c00-872113d57222, command=[]} | ret=SUCCESS |  
2019-08-27 19:08:03,002 | INFO  | SCMAudit | user=jenkins1000 | ip=192.168.5.191 | op=SEND_HEARTBEAT {datanodeUUID=d3c05237-bd84-4234-a934-0ba66750ea46, command=[]} | ret=SUCCESS |  
2019-08-27 19:08:03,029 | INFO  | SCMAudit | user=jenkins1000 | ip=192.168.5.191 | op=SEND_HEARTBEAT {datanodeUUID=8dbfb03d-3489-434f-b2ff-176126556357, command=[]} | ret=SUCCESS |  
2019-08-27 19:08:03,030 | INFO  | SCMAudit | user=jenkins1000 | ip=192.168.5.191 | op=SEND_HEARTBEAT {datanodeUUID=457b0f2b-feff-4639-91a3-a11070381d4f, command=[]} | ret=SUCCESS |  
2019-08-27 19:08:03,066 | INFO  | SCMAudit | user=jenkins1000 | ip=192.168.5.191 | op=SEND_HEARTBEAT {datanodeUUID=7ffeb123-8a07-43fc-9bc5-d9b026895606, command=[]} | ret=SUCCESS |  
2019-08-27 19:08:03,132 | INFO  | SCMAudit | user=jenkins1000 | ip=192.168.5.191 | op=SEND_HEARTBEAT {datanodeUUID=38f28178-96e9-481f-bed8-cfb19f684f50, command=[]} | ret=SUCCESS |  
2019-08-27 19:08:03,238 | INFO  | SCMAudit | user=jenkins1000 | ip=192.168.5.191 | op=SEND_HEARTBEAT {datanodeUUID=1a6ef58e-b6d8-4916-b5f4-f66cad6b6cba, command=[]} | ret=SUCCESS |  
2019-08-27 19:08:03,351 | INFO  | SCMAudit | user=jenkins1000 | ip=192.168.5.191 | op=SEND_HEARTBEAT {datanodeUUID=3e80ec3d-d0df-446e-9c00-872113d57222, command=[]} | ret=SUCCESS |  
2019-08-27 19:08:04,002 | INFO  | SCMAudit | user=jenkins1000 | ip=192.168.5.191 | op=SEND_HEARTBEAT {datanodeUUID=d3c05237-bd84-4234-a934-0ba66750ea46, command=[]} | ret=SUCCESS |  
2019-08-27 19:08:04,030 | INFO  | SCMAudit | user=jenkins1000 | ip=192.168.5.191 | op=SEND_HEARTBEAT {datanodeUUID=8dbfb03d-3489-434f-b2ff-176126556357, command=[]} | ret=SUCCESS |  
2019-08-27 19:08:04,030 | INFO  | SCMAudit | user=jenkins1000 | ip=192.168.5.191 | op=SEND_HEARTBEAT {datanodeUUID=457b0f2b-feff-4639-91a3-a11070381d4f, command=[]} | ret=SUCCESS |  
2019-08-27 19:08:04,066 | INFO  | SCMAudit | user=jenkins1000 | ip=192.168.5.191 | op=SEND_HEARTBEAT {datanodeUUID=7ffeb123-8a07-43fc-9bc5-d9b026895606, command=[]} | ret=SUCCESS |  
2019-08-27 19:08:04,132 | INFO  | SCMAudit | user=jenkins1000 | ip=192.168.5.191 | op=SEND_HEARTBEAT {datanodeUUID=38f28178-96e9-481f-bed8-cfb19f684f50, command=[]} | ret=SUCCESS |  
2019-08-27 19:08:04,238 | INFO  | SCMAudit | user=jenkins1000 | ip=192.168.5.191 | op=SEND_HEARTBEAT {datanodeUUID=1a6ef58e-b6d8-4916-b5f4-f66cad6b6cba, command=[]} | ret=SUCCESS |  
2019-08-27 19:08:04,249 [grpc-default-executor-5] INFO  client.GrpcClientProtocolClient (GrpcClientProtocolClient.java:onNext(255)) - client-0C1CC1C50A7C->457b0f2b-feff-4639-91a3-a11070381d4f: receive RaftClientReply:client-0C1CC1C50A7C->457b0f2b-feff-4639-91a3-a11070381d4f@group-5A0C10B0A675, cid=45, FAILED org.apache.ratis.protocol.NotLeaderException: Server 457b0f2b-feff-4639-91a3-a11070381d4f is not the leader (d3c05237-bd84-4234-a934-0ba66750ea46:192.168.5.191:42272). Request must be sent to leader., logIndex=0, commits[457b0f2b-feff-4639-91a3-a11070381d4f:c8, d3c05237-bd84-4234-a934-0ba66750ea46:c8, 8dbfb03d-3489-434f-b2ff-176126556357:c8]
2019-08-27 19:08:04,352 | INFO  | SCMAudit | user=jenkins1000 | ip=192.168.5.191 | op=SEND_HEARTBEAT {datanodeUUID=3e80ec3d-d0df-446e-9c00-872113d57222, command=[]} | ret=SUCCESS |  
2019-08-27 19:08:05,002 | INFO  | SCMAudit | user=jenkins1000 | ip=192.168.5.191 | op=SEND_HEARTBEAT {datanodeUUID=d3c05237-bd84-4234-a934-0ba66750ea46, command=[]} | ret=SUCCESS |  
2019-08-27 19:08:05,030 | INFO  | SCMAudit | user=jenkins1000 | ip=192.168.5.191 | op=SEND_HEARTBEAT {datanodeUUID=8dbfb03d-3489-434f-b2ff-176126556357, command=[]} | ret=SUCCESS |  
2019-08-27 19:08:05,030 | INFO  | SCMAudit | user=jenkins1000 | ip=192.168.5.191 | op=SEND_HEARTBEAT {datanodeUUID=457b0f2b-feff-4639-91a3-a11070381d4f, command=[]} | ret=SUCCESS |  
2019-08-27 19:08:05,066 | INFO  | SCMAudit | user=jenkins1000 | ip=192.168.5.191 | op=SEND_HEARTBEAT {datanodeUUID=7ffeb123-8a07-43fc-9bc5-d9b026895606, command=[]} | ret=SUCCESS |  
2019-08-27 19:08:05,132 | INFO  | SCMAudit | user=jenkins1000 | ip=192.168.5.191 | op=SEND_HEARTBEAT {datanodeUUID=38f28178-96e9-481f-bed8-cfb19f684f50, command=[]} | ret=SUCCESS |  
2019-08-27 19:08:05,238 | INFO  | SCMAudit | user=jenkins1000 | ip=192.168.5.191 | op=SEND_HEARTBEAT {datanodeUUID=1a6ef58e-b6d8-4916-b5f4-f66cad6b6cba, command=[]} | ret=SUCCESS |  
2019-08-27 19:08:05,352 | INFO  | SCMAudit | user=jenkins1000 | ip=192.168.5.191 | op=SEND_HEARTBEAT {datanodeUUID=3e80ec3d-d0df-446e-9c00-872113d57222, command=[]} | ret=SUCCESS |  
2019-08-27 19:08:06,002 | INFO  | SCMAudit | user=jenkins1000 | ip=192.168.5.191 | op=SEND_HEARTBEAT {datanodeUUID=d3c05237-bd84-4234-a934-0ba66750ea46, command=[]} | ret=SUCCESS |  
2019-08-27 19:08:06,030 | INFO  | SCMAudit | user=jenkins1000 | ip=192.168.5.191 | op=SEND_HEARTBEAT {datanodeUUID=8dbfb03d-3489-434f-b2ff-176126556357, command=[]} | ret=SUCCESS |  
2019-08-27 19:08:06,030 | INFO  | SCMAudit | user=jenkins1000 | ip=192.168.5.191 | op=SEND_HEARTBEAT {datanodeUUID=457b0f2b-feff-4639-91a3-a11070381d4f, command=[]} | ret=SUCCESS |  
2019-08-27 19:08:06,066 | INFO  | SCMAudit | user=jenkins1000 | ip=192.168.5.191 | op=SEND_HEARTBEAT {datanodeUUID=7ffeb123-8a07-43fc-9bc5-d9b026895606, command=[]} | ret=SUCCESS |  
2019-08-27 19:08:06,133 | INFO  | SCMAudit | user=jenkins1000 | ip=192.168.5.191 | op=SEND_HEARTBEAT {datanodeUUID=38f28178-96e9-481f-bed8-cfb19f684f50, command=[]} | ret=SUCCESS |  
2019-08-27 19:08:06,238 | INFO  | SCMAudit | user=jenkins1000 | ip=192.168.5.191 | op=SEND_HEARTBEAT {datanodeUUID=1a6ef58e-b6d8-4916-b5f4-f66cad6b6cba, command=[]} | ret=SUCCESS |  
2019-08-27 19:08:06,352 | INFO  | SCMAudit | user=jenkins1000 | ip=192.168.5.191 | op=SEND_HEARTBEAT {datanodeUUID=3e80ec3d-d0df-446e-9c00-872113d57222, command=[]} | ret=SUCCESS |  
2019-08-27 19:08:07,002 | INFO  | SCMAudit | user=jenkins1000 | ip=192.168.5.191 | op=SEND_HEARTBEAT {datanodeUUID=d3c05237-bd84-4234-a934-0ba66750ea46, command=[]} | ret=SUCCESS |  
2019-08-27 19:08:07,030 | INFO  | SCMAudit | user=jenkins1000 | ip=192.168.5.191 | op=SEND_HEARTBEAT {datanodeUUID=457b0f2b-feff-4639-91a3-a11070381d4f, command=[]} | ret=SUCCESS |  
2019-08-27 19:08:07,030 | INFO  | SCMAudit | user=jenkins1000 | ip=192.168.5.191 | op=SEND_HEARTBEAT {datanodeUUID=8dbfb03d-3489-434f-b2ff-176126556357, command=[]} | ret=SUCCESS |  
2019-08-27 19:08:07,066 | INFO  | SCMAudit | user=jenkins1000 | ip=192.168.5.191 | op=SEND_HEARTBEAT {datanodeUUID=7ffeb123-8a07-43fc-9bc5-d9b026895606, command=[]} | ret=SUCCESS |  
2019-08-27 19:08:07,133 | INFO  | SCMAudit | user=jenkins1000 | ip=192.168.5.191 | op=SEND_HEARTBEAT {datanodeUUID=38f28178-96e9-481f-bed8-cfb19f684f50, command=[]} | ret=SUCCESS |  
2019-08-27 19:08:07,238 | INFO  | SCMAudit | user=jenkins1000 | ip=192.168.5.191 | op=SEND_HEARTBEAT {datanodeUUID=1a6ef58e-b6d8-4916-b5f4-f66cad6b6cba, command=[]} | ret=SUCCESS |  
2019-08-27 19:08:07,352 | INFO  | SCMAudit | user=jenkins1000 | ip=192.168.5.191 | op=SEND_HEARTBEAT {datanodeUUID=3e80ec3d-d0df-446e-9c00-872113d57222, command=[]} | ret=SUCCESS |  
2019-08-27 19:08:08,002 | INFO  | SCMAudit | user=jenkins1000 | ip=192.168.5.191 | op=SEND_HEARTBEAT {datanodeUUID=d3c05237-bd84-4234-a934-0ba66750ea46, command=[]} | ret=SUCCESS |  
2019-08-27 19:08:08,030 | INFO  | SCMAudit | user=jenkins1000 | ip=192.168.5.191 | op=SEND_HEARTBEAT {datanodeUUID=457b0f2b-feff-4639-91a3-a11070381d4f, command=[]} | ret=SUCCESS |  
2019-08-27 19:08:08,031 | INFO  | SCMAudit | user=jenkins1000 | ip=192.168.5.191 | op=SEND_HEARTBEAT {datanodeUUID=8dbfb03d-3489-434f-b2ff-176126556357, command=[]} | ret=SUCCESS |  
2019-08-27 19:08:08,066 | INFO  | SCMAudit | user=jenkins1000 | ip=192.168.5.191 | op=SEND_HEARTBEAT {datanodeUUID=7ffeb123-8a07-43fc-9bc5-d9b026895606, command=[]} | ret=SUCCESS |  
2019-08-27 19:08:08,134 | INFO  | SCMAudit | user=jenkins1000 | ip=192.168.5.191 | op=SEND_HEARTBEAT {datanodeUUID=38f28178-96e9-481f-bed8-cfb19f684f50, command=[]} | ret=SUCCESS |  
2019-08-27 19:08:08,238 | INFO  | SCMAudit | user=jenkins1000 | ip=192.168.5.191 | op=SEND_HEARTBEAT {datanodeUUID=1a6ef58e-b6d8-4916-b5f4-f66cad6b6cba, command=[]} | ret=SUCCESS |  
2019-08-27 19:08:08,353 | INFO  | SCMAudit | user=jenkins1000 | ip=192.168.5.191 | op=SEND_HEARTBEAT {datanodeUUID=3e80ec3d-d0df-446e-9c00-872113d57222, command=[]} | ret=SUCCESS |  
2019-08-27 19:08:09,002 | INFO  | SCMAudit | user=jenkins1000 | ip=192.168.5.191 | op=SEND_HEARTBEAT {datanodeUUID=d3c05237-bd84-4234-a934-0ba66750ea46, command=[]} | ret=SUCCESS |  
2019-08-27 19:08:09,031 | INFO  | SCMAudit | user=jenkins1000 | ip=192.168.5.191 | op=SEND_HEARTBEAT {datanodeUUID=457b0f2b-feff-4639-91a3-a11070381d4f, command=[]} | ret=SUCCESS |  
2019-08-27 19:08:09,032 | INFO  | SCMAudit | user=jenkins1000 | ip=192.168.5.191 | op=SEND_HEARTBEAT {datanodeUUID=8dbfb03d-3489-434f-b2ff-176126556357, command=[]} | ret=SUCCESS |  
2019-08-27 19:08:09,066 | INFO  | SCMAudit | user=jenkins1000 | ip=192.168.5.191 | op=SEND_HEARTBEAT {datanodeUUID=7ffeb123-8a07-43fc-9bc5-d9b026895606, command=[]} | ret=SUCCESS |  
2019-08-27 19:08:09,134 | INFO  | SCMAudit | user=jenkins1000 | ip=192.168.5.191 | op=SEND_HEARTBEAT {datanodeUUID=38f28178-96e9-481f-bed8-cfb19f684f50, command=[]} | ret=SUCCESS |  
2019-08-27 19:08:09,238 | INFO  | SCMAudit | user=jenkins1000 | ip=192.168.5.191 | op=SEND_HEARTBEAT {datanodeUUID=1a6ef58e-b6d8-4916-b5f4-f66cad6b6cba, command=[]} | ret=SUCCESS |  
2019-08-27 19:08:09,287 [grpc-default-executor-1] INFO  client.GrpcClientProtocolClient (GrpcClientProtocolClient.java:onNext(255)) - client-0C1CC1C50A7C->457b0f2b-feff-4639-91a3-a11070381d4f: receive RaftClientReply:client-0C1CC1C50A7C->457b0f2b-feff-4639-91a3-a11070381d4f@group-5A0C10B0A675, cid=45, FAILED org.apache.ratis.protocol.NotLeaderException: Server 457b0f2b-feff-4639-91a3-a11070381d4f is not the leader (d3c05237-bd84-4234-a934-0ba66750ea46:192.168.5.191:42272). Request must be sent to leader., logIndex=0, commits[457b0f2b-feff-4639-91a3-a11070381d4f:c8, d3c05237-bd84-4234-a934-0ba66750ea46:c8, 8dbfb03d-3489-434f-b2ff-176126556357:c8]
2019-08-27 19:08:09,354 | INFO  | SCMAudit | user=jenkins1000 | ip=192.168.5.191 | op=SEND_HEARTBEAT {datanodeUUID=3e80ec3d-d0df-446e-9c00-872113d57222, command=[]} | ret=SUCCESS |  
2019-08-27 19:08:10,003 | INFO  | SCMAudit | user=jenkins1000 | ip=192.168.5.191 | op=SEND_HEARTBEAT {datanodeUUID=d3c05237-bd84-4234-a934-0ba66750ea46, command=[]} | ret=SUCCESS |  
2019-08-27 19:08:10,030 | INFO  | SCMAudit | user=jenkins1000 | ip=192.168.5.191 | op=SEND_HEARTBEAT {datanodeUUID=457b0f2b-feff-4639-91a3-a11070381d4f, command=[]} | ret=SUCCESS |  
2019-08-27 19:08:10,032 | INFO  | SCMAudit | user=jenkins1000 | ip=192.168.5.191 | op=SEND_HEARTBEAT {datanodeUUID=8dbfb03d-3489-434f-b2ff-176126556357, command=[]} | ret=SUCCESS |  
2019-08-27 19:08:10,066 | INFO  | SCMAudit | user=jenkins1000 | ip=192.168.5.191 | op=SEND_HEARTBEAT {datanodeUUID=7ffeb123-8a07-43fc-9bc5-d9b026895606, command=[]} | ret=SUCCESS |  
2019-08-27 19:08:10,134 | INFO  | SCMAudit | user=jenkins1000 | ip=192.168.5.191 | op=SEND_HEARTBEAT {datanodeUUID=38f28178-96e9-481f-bed8-cfb19f684f50, command=[]} | ret=SUCCESS |  
2019-08-27 19:08:10,238 | INFO  | SCMAudit | user=jenkins1000 | ip=192.168.5.191 | op=SEND_HEARTBEAT {datanodeUUID=1a6ef58e-b6d8-4916-b5f4-f66cad6b6cba, command=[]} | ret=SUCCESS |  
2019-08-27 19:08:10,354 | INFO  | SCMAudit | user=jenkins1000 | ip=192.168.5.191 | op=SEND_HEARTBEAT {datanodeUUID=3e80ec3d-d0df-446e-9c00-872113d57222, command=[]} | ret=SUCCESS |  
2019-08-27 19:08:11,002 | INFO  | SCMAudit | user=jenkins1000 | ip=192.168.5.191 | op=SEND_HEARTBEAT {datanodeUUID=d3c05237-bd84-4234-a934-0ba66750ea46, command=[]} | ret=SUCCESS |  
2019-08-27 19:08:11,030 | INFO  | SCMAudit | user=jenkins1000 | ip=192.168.5.191 | op=SEND_HEARTBEAT {datanodeUUID=457b0f2b-feff-4639-91a3-a11070381d4f, command=[]} | ret=SUCCESS |  
2019-08-27 19:08:11,035 | INFO  | SCMAudit | user=jenkins1000 | ip=192.168.5.191 | op=SEND_HEARTBEAT {datanodeUUID=8dbfb03d-3489-434f-b2ff-176126556357, command=[]} | ret=SUCCESS |  
2019-08-27 19:08:11,066 | INFO  | SCMAudit | user=jenkins1000 | ip=192.168.5.191 | op=SEND_HEARTBEAT {datanodeUUID=7ffeb123-8a07-43fc-9bc5-d9b026895606, command=[]} | ret=SUCCESS |  
2019-08-27 19:08:11,134 | INFO  | SCMAudit | user=jenkins1000 | ip=192.168.5.191 | op=SEND_HEARTBEAT {datanodeUUID=38f28178-96e9-481f-bed8-cfb19f684f50, command=[]} | ret=SUCCESS |  
2019-08-27 19:08:11,238 | INFO  | SCMAudit | user=jenkins1000 | ip=192.168.5.191 | op=SEND_HEARTBEAT {datanodeUUID=1a6ef58e-b6d8-4916-b5f4-f66cad6b6cba, command=[]} | ret=SUCCESS |  
2019-08-27 19:08:11,354 | INFO  | SCMAudit | user=jenkins1000 | ip=192.168.5.191 | op=SEND_HEARTBEAT {datanodeUUID=3e80ec3d-d0df-446e-9c00-872113d57222, command=[]} | ret=SUCCESS |  
2019-08-27 19:08:12,003 | INFO  | SCMAudit | user=jenkins1000 | ip=192.168.5.191 | op=SEND_HEARTBEAT {datanodeUUID=d3c05237-bd84-4234-a934-0ba66750ea46, command=[]} | ret=SUCCESS |  
2019-08-27 19:08:12,030 | INFO  | SCMAudit | user=jenkins1000 | ip=192.168.5.191 | op=SEND_HEARTBEAT {datanodeUUID=457b0f2b-feff-4639-91a3-a11070381d4f, command=[]} | ret=SUCCESS |  
2019-08-27 19:08:12,032 | INFO  | SCMAudit | user=jenkins1000 | ip=192.168.5.191 | op=SEND_HEARTBEAT {datanodeUUID=8dbfb03d-3489-434f-b2ff-176126556357, command=[]} | ret=SUCCESS |  
2019-08-27 19:08:12,066 | INFO  | SCMAudit | user=jenkins1000 | ip=192.168.5.191 | op=SEND_HEARTBEAT {datanodeUUID=7ffeb123-8a07-43fc-9bc5-d9b026895606, command=[]} | ret=SUCCESS |  
2019-08-27 19:08:12,134 | INFO  | SCMAudit | user=jenkins1000 | ip=192.168.5.191 | op=SEND_HEARTBEAT {datanodeUUID=38f28178-96e9-481f-bed8-cfb19f684f50, command=[]} | ret=SUCCESS |  
2019-08-27 19:08:12,238 | INFO  | SCMAudit | user=jenkins1000 | ip=192.168.5.191 | op=SEND_HEARTBEAT {datanodeUUID=1a6ef58e-b6d8-4916-b5f4-f66cad6b6cba, command=[]} | ret=SUCCESS |  
2019-08-27 19:08:12,354 | INFO  | SCMAudit | user=jenkins1000 | ip=192.168.5.191 | op=SEND_HEARTBEAT {datanodeUUID=3e80ec3d-d0df-446e-9c00-872113d57222, command=[]} | ret=SUCCESS |  
2019-08-27 19:08:13,002 | INFO  | SCMAudit | user=jenkins1000 | ip=192.168.5.191 | op=SEND_HEARTBEAT {datanodeUUID=d3c05237-bd84-4234-a934-0ba66750ea46, command=[]} | ret=SUCCESS |  
2019-08-27 19:08:13,030 | INFO  | SCMAudit | user=jenkins1000 | ip=192.168.5.191 | op=SEND_HEARTBEAT {datanodeUUID=457b0f2b-feff-4639-91a3-a11070381d4f, command=[]} | ret=SUCCESS |  
2019-08-27 19:08:13,032 | INFO  | SCMAudit | user=jenkins1000 | ip=192.168.5.191 | op=SEND_HEARTBEAT {datanodeUUID=8dbfb03d-3489-434f-b2ff-176126556357, command=[]} | ret=SUCCESS |  
2019-08-27 19:08:13,066 | INFO  | SCMAudit | user=jenkins1000 | ip=192.168.5.191 | op=SEND_HEARTBEAT {datanodeUUID=7ffeb123-8a07-43fc-9bc5-d9b026895606, command=[]} | ret=SUCCESS |  
2019-08-27 19:08:13,135 | INFO  | SCMAudit | user=jenkins1000 | ip=192.168.5.191 | op=SEND_HEARTBEAT {datanodeUUID=38f28178-96e9-481f-bed8-cfb19f684f50, command=[]} | ret=SUCCESS |  
2019-08-27 19:08:13,238 | INFO  | SCMAudit | user=jenkins1000 | ip=192.168.5.191 | op=SEND_HEARTBEAT {datanodeUUID=1a6ef58e-b6d8-4916-b5f4-f66cad6b6cba, command=[]} | ret=SUCCESS |  
2019-08-27 19:08:13,354 | INFO  | SCMAudit | user=jenkins1000 | ip=192.168.5.191 | op=SEND_HEARTBEAT {datanodeUUID=3e80ec3d-d0df-446e-9c00-872113d57222, command=[]} | ret=SUCCESS |  
2019-08-27 19:08:14,002 | INFO  | SCMAudit | user=jenkins1000 | ip=192.168.5.191 | op=SEND_HEARTBEAT {datanodeUUID=d3c05237-bd84-4234-a934-0ba66750ea46, command=[]} | ret=SUCCESS |  
2019-08-27 19:08:14,030 | INFO  | SCMAudit | user=jenkins1000 | ip=192.168.5.191 | op=SEND_HEARTBEAT {datanodeUUID=457b0f2b-feff-4639-91a3-a11070381d4f, command=[]} | ret=SUCCESS |  
2019-08-27 19:08:14,033 | INFO  | SCMAudit | user=jenkins1000 | ip=192.168.5.191 | op=SEND_HEARTBEAT {datanodeUUID=8dbfb03d-3489-434f-b2ff-176126556357, command=[]} | ret=SUCCESS |  
2019-08-27 19:08:14,066 | INFO  | SCMAudit | user=jenkins1000 | ip=192.168.5.191 | op=SEND_HEARTBEAT {datanodeUUID=7ffeb123-8a07-43fc-9bc5-d9b026895606, command=[]} | ret=SUCCESS |  
2019-08-27 19:08:14,135 | INFO  | SCMAudit | user=jenkins1000 | ip=192.168.5.191 | op=SEND_HEARTBEAT {datanodeUUID=38f28178-96e9-481f-bed8-cfb19f684f50, command=[]} | ret=SUCCESS |  
2019-08-27 19:08:14,239 | INFO  | SCMAudit | user=jenkins1000 | ip=192.168.5.191 | op=SEND_HEARTBEAT {datanodeUUID=1a6ef58e-b6d8-4916-b5f4-f66cad6b6cba, command=[]} | ret=SUCCESS |  
2019-08-27 19:08:14,336 [grpc-default-executor-5] INFO  client.GrpcClientProtocolClient (GrpcClientProtocolClient.java:onNext(255)) - client-0C1CC1C50A7C->457b0f2b-feff-4639-91a3-a11070381d4f: receive RaftClientReply:client-0C1CC1C50A7C->457b0f2b-feff-4639-91a3-a11070381d4f@group-5A0C10B0A675, cid=45, FAILED org.apache.ratis.protocol.NotLeaderException: Server 457b0f2b-feff-4639-91a3-a11070381d4f is not the leader (d3c05237-bd84-4234-a934-0ba66750ea46:192.168.5.191:42272). Request must be sent to leader., logIndex=0, commits[457b0f2b-feff-4639-91a3-a11070381d4f:c8, d3c05237-bd84-4234-a934-0ba66750ea46:c8, 8dbfb03d-3489-434f-b2ff-176126556357:c8]
2019-08-27 19:08:14,355 | INFO  | SCMAudit | user=jenkins1000 | ip=192.168.5.191 | op=SEND_HEARTBEAT {datanodeUUID=3e80ec3d-d0df-446e-9c00-872113d57222, command=[]} | ret=SUCCESS |  
2019-08-27 19:08:15,002 | INFO  | SCMAudit | user=jenkins1000 | ip=192.168.5.191 | op=SEND_HEARTBEAT {datanodeUUID=d3c05237-bd84-4234-a934-0ba66750ea46, command=[]} | ret=SUCCESS |  
2019-08-27 19:08:15,030 | INFO  | SCMAudit | user=jenkins1000 | ip=192.168.5.191 | op=SEND_HEARTBEAT {datanodeUUID=457b0f2b-feff-4639-91a3-a11070381d4f, command=[]} | ret=SUCCESS |  
2019-08-27 19:08:15,033 | INFO  | SCMAudit | user=jenkins1000 | ip=192.168.5.191 | op=SEND_HEARTBEAT {datanodeUUID=8dbfb03d-3489-434f-b2ff-176126556357, command=[]} | ret=SUCCESS |  
2019-08-27 19:08:15,066 | INFO  | SCMAudit | user=jenkins1000 | ip=192.168.5.191 | op=SEND_HEARTBEAT {datanodeUUID=7ffeb123-8a07-43fc-9bc5-d9b026895606, command=[]} | ret=SUCCESS |  
2019-08-27 19:08:15,135 | INFO  | SCMAudit | user=jenkins1000 | ip=192.168.5.191 | op=SEND_HEARTBEAT {datanodeUUID=38f28178-96e9-481f-bed8-cfb19f684f50, command=[]} | ret=SUCCESS |  
2019-08-27 19:08:15,238 | INFO  | SCMAudit | user=jenkins1000 | ip=192.168.5.191 | op=SEND_HEARTBEAT {datanodeUUID=1a6ef58e-b6d8-4916-b5f4-f66cad6b6cba, command=[]} | ret=SUCCESS |  
2019-08-27 19:08:15,356 | INFO  | SCMAudit | user=jenkins1000 | ip=192.168.5.191 | op=SEND_HEARTBEAT {datanodeUUID=3e80ec3d-d0df-446e-9c00-872113d57222, command=[]} | ret=SUCCESS |  
2019-08-27 19:08:16,002 | INFO  | SCMAudit | user=jenkins1000 | ip=192.168.5.191 | op=SEND_HEARTBEAT {datanodeUUID=d3c05237-bd84-4234-a934-0ba66750ea46, command=[]} | ret=SUCCESS |  
2019-08-27 19:08:16,031 | INFO  | SCMAudit | user=jenkins1000 | ip=192.168.5.191 | op=SEND_HEARTBEAT {datanodeUUID=457b0f2b-feff-4639-91a3-a11070381d4f, command=[]} | ret=SUCCESS |  
2019-08-27 19:08:16,033 | INFO  | SCMAudit | user=jenkins1000 | ip=192.168.5.191 | op=SEND_HEARTBEAT {datanodeUUID=8dbfb03d-3489-434f-b2ff-176126556357, command=[]} | ret=SUCCESS |  
2019-08-27 19:08:16,066 | INFO  | SCMAudit | user=jenkins1000 | ip=192.168.5.191 | op=SEND_HEARTBEAT {datanodeUUID=7ffeb123-8a07-43fc-9bc5-d9b026895606, command=[]} | ret=SUCCESS |  
2019-08-27 19:08:16,136 | INFO  | SCMAudit | user=jenkins1000 | ip=192.168.5.191 | op=SEND_HEARTBEAT {datanodeUUID=38f28178-96e9-481f-bed8-cfb19f684f50, command=[]} | ret=SUCCESS |  
2019-08-27 19:08:16,238 | INFO  | SCMAudit | user=jenkins1000 | ip=192.168.5.191 | op=SEND_HEARTBEAT {datanodeUUID=1a6ef58e-b6d8-4916-b5f4-f66cad6b6cba, command=[]} | ret=SUCCESS |  
2019-08-27 19:08:16,356 | INFO  | SCMAudit | user=jenkins1000 | ip=192.168.5.191 | op=SEND_HEARTBEAT {datanodeUUID=3e80ec3d-d0df-446e-9c00-872113d57222, command=[]} | ret=SUCCESS |  
2019-08-27 19:08:17,002 | INFO  | SCMAudit | user=jenkins1000 | ip=192.168.5.191 | op=SEND_HEARTBEAT {datanodeUUID=d3c05237-bd84-4234-a934-0ba66750ea46, command=[]} | ret=SUCCESS |  
2019-08-27 19:08:17,032 | INFO  | SCMAudit | user=jenkins1000 | ip=192.168.5.191 | op=SEND_HEARTBEAT {datanodeUUID=457b0f2b-feff-4639-91a3-a11070381d4f, command=[]} | ret=SUCCESS |  
2019-08-27 19:08:17,033 | INFO  | SCMAudit | user=jenkins1000 | ip=192.168.5.191 | op=SEND_HEARTBEAT {datanodeUUID=8dbfb03d-3489-434f-b2ff-176126556357, command=[]} | ret=SUCCESS |  
2019-08-27 19:08:17,066 | INFO  | SCMAudit | user=jenkins1000 | ip=192.168.5.191 | op=SEND_HEARTBEAT {datanodeUUID=7ffeb123-8a07-43fc-9bc5-d9b026895606, command=[]} | ret=SUCCESS |  
2019-08-27 19:08:17,136 | INFO  | SCMAudit | user=jenkins1000 | ip=192.168.5.191 | op=SEND_HEARTBEAT {datanodeUUID=38f28178-96e9-481f-bed8-cfb19f684f50, command=[]} | ret=SUCCESS |  
2019-08-27 19:08:17,238 | INFO  | SCMAudit | user=jenkins1000 | ip=192.168.5.191 | op=SEND_HEARTBEAT {datanodeUUID=1a6ef58e-b6d8-4916-b5f4-f66cad6b6cba, command=[]} | ret=SUCCESS |  
2019-08-27 19:08:17,356 | INFO  | SCMAudit | user=jenkins1000 | ip=192.168.5.191 | op=SEND_HEARTBEAT {datanodeUUID=3e80ec3d-d0df-446e-9c00-872113d57222, command=[]} | ret=SUCCESS |  
2019-08-27 19:08:18,002 | INFO  | SCMAudit | user=jenkins1000 | ip=192.168.5.191 | op=SEND_HEARTBEAT {datanodeUUID=d3c05237-bd84-4234-a934-0ba66750ea46, command=[]} | ret=SUCCESS |  
2019-08-27 19:08:18,032 | INFO  | SCMAudit | user=jenkins1000 | ip=192.168.5.191 | op=SEND_HEARTBEAT {datanodeUUID=457b0f2b-feff-4639-91a3-a11070381d4f, command=[]} | ret=SUCCESS |  
2019-08-27 19:08:18,033 | INFO  | SCMAudit | user=jenkins1000 | ip=192.168.5.191 | op=SEND_HEARTBEAT {datanodeUUID=8dbfb03d-3489-434f-b2ff-176126556357, command=[]} | ret=SUCCESS |  
2019-08-27 19:08:18,066 | INFO  | SCMAudit | user=jenkins1000 | ip=192.168.5.191 | op=SEND_HEARTBEAT {datanodeUUID=7ffeb123-8a07-43fc-9bc5-d9b026895606, command=[]} | ret=SUCCESS |  
2019-08-27 19:08:18,136 | INFO  | SCMAudit | user=jenkins1000 | ip=192.168.5.191 | op=SEND_HEARTBEAT {datanodeUUID=38f28178-96e9-481f-bed8-cfb19f684f50, command=[]} | ret=SUCCESS |  
2019-08-27 19:08:18,238 | INFO  | SCMAudit | user=jenkins1000 | ip=192.168.5.191 | op=SEND_HEARTBEAT {datanodeUUID=1a6ef58e-b6d8-4916-b5f4-f66cad6b6cba, command=[]} | ret=SUCCESS |  
2019-08-27 19:08:18,385 | INFO  | SCMAudit | user=jenkins1000 | ip=192.168.5.191 | op=SEND_HEARTBEAT {datanodeUUID=3e80ec3d-d0df-446e-9c00-872113d57222, command=[]} | ret=SUCCESS |  
2019-08-27 19:08:19,003 | INFO  | SCMAudit | user=jenkins1000 | ip=192.168.5.191 | op=SEND_HEARTBEAT {datanodeUUID=d3c05237-bd84-4234-a934-0ba66750ea46, command=[]} | ret=SUCCESS |  
2019-08-27 19:08:19,032 | INFO  | SCMAudit | user=jenkins1000 | ip=192.168.5.191 | op=SEND_HEARTBEAT {datanodeUUID=457b0f2b-feff-4639-91a3-a11070381d4f, command=[]} | ret=SUCCESS |  
2019-08-27 19:08:19,033 | INFO  | SCMAudit | user=jenkins1000 | ip=192.168.5.191 | op=SEND_HEARTBEAT {datanodeUUID=8dbfb03d-3489-434f-b2ff-176126556357, command=[]} | ret=SUCCESS |  
2019-08-27 19:08:19,066 | INFO  | SCMAudit | user=jenkins1000 | ip=192.168.5.191 | op=SEND_HEARTBEAT {datanodeUUID=7ffeb123-8a07-43fc-9bc5-d9b026895606, command=[]} | ret=SUCCESS |  
2019-08-27 19:08:19,136 | INFO  | SCMAudit | user=jenkins1000 | ip=192.168.5.191 | op=SEND_HEARTBEAT {datanodeUUID=38f28178-96e9-481f-bed8-cfb19f684f50, command=[]} | ret=SUCCESS |  
2019-08-27 19:08:19,238 | INFO  | SCMAudit | user=jenkins1000 | ip=192.168.5.191 | op=SEND_HEARTBEAT {datanodeUUID=1a6ef58e-b6d8-4916-b5f4-f66cad6b6cba, command=[]} | ret=SUCCESS |  
2019-08-27 19:08:19,369 | INFO  | SCMAudit | user=jenkins1000 | ip=192.168.5.191 | op=SEND_HEARTBEAT {datanodeUUID=3e80ec3d-d0df-446e-9c00-872113d57222, command=[]} | ret=SUCCESS |  
2019-08-27 19:08:19,405 [grpc-default-executor-1] INFO  client.GrpcClientProtocolClient (GrpcClientProtocolClient.java:onNext(255)) - client-0C1CC1C50A7C->8dbfb03d-3489-434f-b2ff-176126556357: receive RaftClientReply:client-0C1CC1C50A7C->8dbfb03d-3489-434f-b2ff-176126556357@group-5A0C10B0A675, cid=45, FAILED org.apache.ratis.protocol.NotLeaderException: Server 8dbfb03d-3489-434f-b2ff-176126556357 is not the leader (d3c05237-bd84-4234-a934-0ba66750ea46:192.168.5.191:42272). Request must be sent to leader., logIndex=0, commits[8dbfb03d-3489-434f-b2ff-176126556357:c8, 457b0f2b-feff-4639-91a3-a11070381d4f:c8, d3c05237-bd84-4234-a934-0ba66750ea46:c8]
2019-08-27 19:08:20,003 | INFO  | SCMAudit | user=jenkins1000 | ip=192.168.5.191 | op=SEND_HEARTBEAT {datanodeUUID=d3c05237-bd84-4234-a934-0ba66750ea46, command=[]} | ret=SUCCESS |  
2019-08-27 19:08:20,032 | INFO  | SCMAudit | user=jenkins1000 | ip=192.168.5.191 | op=SEND_HEARTBEAT {datanodeUUID=457b0f2b-feff-4639-91a3-a11070381d4f, command=[]} | ret=SUCCESS |  
2019-08-27 19:08:20,033 | INFO  | SCMAudit | user=jenkins1000 | ip=192.168.5.191 | op=SEND_HEARTBEAT {datanodeUUID=8dbfb03d-3489-434f-b2ff-176126556357, command=[]} | ret=SUCCESS |  
2019-08-27 19:08:20,066 | INFO  | SCMAudit | user=jenkins1000 | ip=192.168.5.191 | op=SEND_HEARTBEAT {datanodeUUID=7ffeb123-8a07-43fc-9bc5-d9b026895606, command=[]} | ret=SUCCESS |  
2019-08-27 19:08:20,136 | INFO  | SCMAudit | user=jenkins1000 | ip=192.168.5.191 | op=SEND_HEARTBEAT {datanodeUUID=38f28178-96e9-481f-bed8-cfb19f684f50, command=[]} | ret=SUCCESS |  
2019-08-27 19:08:20,238 | INFO  | SCMAudit | user=jenkins1000 | ip=192.168.5.191 | op=SEND_HEARTBEAT {datanodeUUID=1a6ef58e-b6d8-4916-b5f4-f66cad6b6cba, command=[]} | ret=SUCCESS |  
2019-08-27 19:08:20,370 | INFO  | SCMAudit | user=jenkins1000 | ip=192.168.5.191 | op=SEND_HEARTBEAT {datanodeUUID=3e80ec3d-d0df-446e-9c00-872113d57222, command=[]} | ret=SUCCESS |  
2019-08-27 19:08:21,003 | INFO  | SCMAudit | user=jenkins1000 | ip=192.168.5.191 | op=SEND_HEARTBEAT {datanodeUUID=d3c05237-bd84-4234-a934-0ba66750ea46, command=[]} | ret=SUCCESS |  
2019-08-27 19:08:21,032 | INFO  | SCMAudit | user=jenkins1000 | ip=192.168.5.191 | op=SEND_HEARTBEAT {datanodeUUID=457b0f2b-feff-4639-91a3-a11070381d4f, command=[]} | ret=SUCCESS |  
2019-08-27 19:08:21,034 | INFO  | SCMAudit | user=jenkins1000 | ip=192.168.5.191 | op=SEND_HEARTBEAT {datanodeUUID=8dbfb03d-3489-434f-b2ff-176126556357, command=[]} | ret=SUCCESS |  
2019-08-27 19:08:21,066 | INFO  | SCMAudit | user=jenkins1000 | ip=192.168.5.191 | op=SEND_HEARTBEAT {datanodeUUID=7ffeb123-8a07-43fc-9bc5-d9b026895606, command=[]} | ret=SUCCESS |  
2019-08-27 19:08:21,135 | INFO  | SCMAudit | user=jenkins1000 | ip=192.168.5.191 | op=SEND_HEARTBEAT {datanodeUUID=38f28178-96e9-481f-bed8-cfb19f684f50, command=[]} | ret=SUCCESS |  
2019-08-27 19:08:21,239 | INFO  | SCMAudit | user=jenkins1000 | ip=192.168.5.191 | op=SEND_HEARTBEAT {datanodeUUID=1a6ef58e-b6d8-4916-b5f4-f66cad6b6cba, command=[]} | ret=SUCCESS |  
2019-08-27 19:08:21,369 | INFO  | SCMAudit | user=jenkins1000 | ip=192.168.5.191 | op=SEND_HEARTBEAT {datanodeUUID=3e80ec3d-d0df-446e-9c00-872113d57222, command=[]} | ret=SUCCESS |  
2019-08-27 19:08:22,003 | INFO  | SCMAudit | user=jenkins1000 | ip=192.168.5.191 | op=SEND_HEARTBEAT {datanodeUUID=d3c05237-bd84-4234-a934-0ba66750ea46, command=[]} | ret=SUCCESS |  
2019-08-27 19:08:22,032 | INFO  | SCMAudit | user=jenkins1000 | ip=192.168.5.191 | op=SEND_HEARTBEAT {datanodeUUID=457b0f2b-feff-4639-91a3-a11070381d4f, command=[]} | ret=SUCCESS |  
2019-08-27 19:08:22,035 | INFO  | SCMAudit | user=jenkins1000 | ip=192.168.5.191 | op=SEND_HEARTBEAT {datanodeUUID=8dbfb03d-3489-434f-b2ff-176126556357, command=[]} | ret=SUCCESS |  
2019-08-27 19:08:22,066 | INFO  | SCMAudit | user=jenkins1000 | ip=192.168.5.191 | op=SEND_HEARTBEAT {datanodeUUID=7ffeb123-8a07-43fc-9bc5-d9b026895606, command=[]} | ret=SUCCESS |  
2019-08-27 19:08:22,136 | INFO  | SCMAudit | user=jenkins1000 | ip=192.168.5.191 | op=SEND_HEARTBEAT {datanodeUUID=38f28178-96e9-481f-bed8-cfb19f684f50, command=[]} | ret=SUCCESS |  
2019-08-27 19:08:22,239 | INFO  | SCMAudit | user=jenkins1000 | ip=192.168.5.191 | op=SEND_HEARTBEAT {datanodeUUID=1a6ef58e-b6d8-4916-b5f4-f66cad6b6cba, command=[]} | ret=SUCCESS |  
2019-08-27 19:08:22,369 | INFO  | SCMAudit | user=jenkins1000 | ip=192.168.5.191 | op=SEND_HEARTBEAT {datanodeUUID=3e80ec3d-d0df-446e-9c00-872113d57222, command=[]} | ret=SUCCESS |  
2019-08-27 19:08:23,003 | INFO  | SCMAudit | user=jenkins1000 | ip=192.168.5.191 | op=SEND_HEARTBEAT {datanodeUUID=d3c05237-bd84-4234-a934-0ba66750ea46, command=[]} | ret=SUCCESS |  
2019-08-27 19:08:23,032 | INFO  | SCMAudit | user=jenkins1000 | ip=192.168.5.191 | op=SEND_HEARTBEAT {datanodeUUID=457b0f2b-feff-4639-91a3-a11070381d4f, command=[]} | ret=SUCCESS |  
2019-08-27 19:08:23,036 | INFO  | SCMAudit | user=jenkins1000 | ip=192.168.5.191 | op=SEND_HEARTBEAT {datanodeUUID=8dbfb03d-3489-434f-b2ff-176126556357, command=[]} | ret=SUCCESS |  
2019-08-27 19:08:23,066 | INFO  | SCMAudit | user=jenkins1000 | ip=192.168.5.191 | op=SEND_HEARTBEAT {datanodeUUID=7ffeb123-8a07-43fc-9bc5-d9b026895606, command=[]} | ret=SUCCESS |  
2019-08-27 19:08:23,136 | INFO  | SCMAudit | user=jenkins1000 | ip=192.168.5.191 | op=SEND_HEARTBEAT {datanodeUUID=38f28178-96e9-481f-bed8-cfb19f684f50, command=[]} | ret=SUCCESS |  
2019-08-27 19:08:23,239 | INFO  | SCMAudit | user=jenkins1000 | ip=192.168.5.191 | op=SEND_HEARTBEAT {datanodeUUID=1a6ef58e-b6d8-4916-b5f4-f66cad6b6cba, command=[]} | ret=SUCCESS |  
2019-08-27 19:08:23,369 | INFO  | SCMAudit | user=jenkins1000 | ip=192.168.5.191 | op=SEND_HEARTBEAT {datanodeUUID=3e80ec3d-d0df-446e-9c00-872113d57222, command=[]} | ret=SUCCESS |  
2019-08-27 19:08:24,004 | INFO  | SCMAudit | user=jenkins1000 | ip=192.168.5.191 | op=SEND_HEARTBEAT {datanodeUUID=d3c05237-bd84-4234-a934-0ba66750ea46, command=[]} | ret=SUCCESS |  
2019-08-27 19:08:24,031 | INFO  | SCMAudit | user=jenkins1000 | ip=192.168.5.191 | op=SEND_HEARTBEAT {datanodeUUID=457b0f2b-feff-4639-91a3-a11070381d4f, command=[]} | ret=SUCCESS |  
2019-08-27 19:08:24,036 | INFO  | SCMAudit | user=jenkins1000 | ip=192.168.5.191 | op=SEND_HEARTBEAT {datanodeUUID=8dbfb03d-3489-434f-b2ff-176126556357, command=[]} | ret=SUCCESS |  
2019-08-27 19:08:24,067 | INFO  | SCMAudit | user=jenkins1000 | ip=192.168.5.191 | op=SEND_HEARTBEAT {datanodeUUID=7ffeb123-8a07-43fc-9bc5-d9b026895606, command=[]} | ret=SUCCESS |  
2019-08-27 19:08:24,136 | INFO  | SCMAudit | user=jenkins1000 | ip=192.168.5.191 | op=SEND_HEARTBEAT {datanodeUUID=38f28178-96e9-481f-bed8-cfb19f684f50, command=[]} | ret=SUCCESS |  
2019-08-27 19:08:24,239 | INFO  | SCMAudit | user=jenkins1000 | ip=192.168.5.191 | op=SEND_HEARTBEAT {datanodeUUID=1a6ef58e-b6d8-4916-b5f4-f66cad6b6cba, command=[]} | ret=SUCCESS |  
2019-08-27 19:08:24,369 | INFO  | SCMAudit | user=jenkins1000 | ip=192.168.5.191 | op=SEND_HEARTBEAT {datanodeUUID=3e80ec3d-d0df-446e-9c00-872113d57222, command=[]} | ret=SUCCESS |  
2019-08-27 19:08:24,440 [grpc-default-executor-1] INFO  client.GrpcClientProtocolClient (GrpcClientProtocolClient.java:onNext(255)) - client-0C1CC1C50A7C->457b0f2b-feff-4639-91a3-a11070381d4f: receive RaftClientReply:client-0C1CC1C50A7C->457b0f2b-feff-4639-91a3-a11070381d4f@group-5A0C10B0A675, cid=45, FAILED org.apache.ratis.protocol.NotLeaderException: Server 457b0f2b-feff-4639-91a3-a11070381d4f is not the leader (d3c05237-bd84-4234-a934-0ba66750ea46:192.168.5.191:42272). Request must be sent to leader., logIndex=0, commits[457b0f2b-feff-4639-91a3-a11070381d4f:c8, d3c05237-bd84-4234-a934-0ba66750ea46:c8, 8dbfb03d-3489-434f-b2ff-176126556357:c8]
2019-08-27 19:08:25,003 | INFO  | SCMAudit | user=jenkins1000 | ip=192.168.5.191 | op=SEND_HEARTBEAT {datanodeUUID=d3c05237-bd84-4234-a934-0ba66750ea46, command=[]} | ret=SUCCESS |  
2019-08-27 19:08:25,031 | INFO  | SCMAudit | user=jenkins1000 | ip=192.168.5.191 | op=SEND_HEARTBEAT {datanodeUUID=457b0f2b-feff-4639-91a3-a11070381d4f, command=[]} | ret=SUCCESS |  
2019-08-27 19:08:25,037 | INFO  | SCMAudit | user=jenkins1000 | ip=192.168.5.191 | op=SEND_HEARTBEAT {datanodeUUID=8dbfb03d-3489-434f-b2ff-176126556357, command=[]} | ret=SUCCESS |  
2019-08-27 19:08:25,067 | INFO  | SCMAudit | user=jenkins1000 | ip=192.168.5.191 | op=SEND_HEARTBEAT {datanodeUUID=7ffeb123-8a07-43fc-9bc5-d9b026895606, command=[]} | ret=SUCCESS |  
2019-08-27 19:08:25,136 | INFO  | SCMAudit | user=jenkins1000 | ip=192.168.5.191 | op=SEND_HEARTBEAT {datanodeUUID=38f28178-96e9-481f-bed8-cfb19f684f50, command=[]} | ret=SUCCESS |  
2019-08-27 19:08:25,239 | INFO  | SCMAudit | user=jenkins1000 | ip=192.168.5.191 | op=SEND_HEARTBEAT {datanodeUUID=1a6ef58e-b6d8-4916-b5f4-f66cad6b6cba, command=[]} | ret=SUCCESS |  
2019-08-27 19:08:25,369 | INFO  | SCMAudit | user=jenkins1000 | ip=192.168.5.191 | op=SEND_HEARTBEAT {datanodeUUID=3e80ec3d-d0df-446e-9c00-872113d57222, command=[]} | ret=SUCCESS |  
2019-08-27 19:08:26,004 | INFO  | SCMAudit | user=jenkins1000 | ip=192.168.5.191 | op=SEND_HEARTBEAT {datanodeUUID=d3c05237-bd84-4234-a934-0ba66750ea46, command=[]} | ret=SUCCESS |  
2019-08-27 19:08:26,031 | INFO  | SCMAudit | user=jenkins1000 | ip=192.168.5.191 | op=SEND_HEARTBEAT {datanodeUUID=457b0f2b-feff-4639-91a3-a11070381d4f, command=[]} | ret=SUCCESS |  
2019-08-27 19:08:26,037 | INFO  | SCMAudit | user=jenkins1000 | ip=192.168.5.191 | op=SEND_HEARTBEAT {datanodeUUID=8dbfb03d-3489-434f-b2ff-176126556357, command=[]} | ret=SUCCESS |  
2019-08-27 19:08:26,067 | INFO  | SCMAudit | user=jenkins1000 | ip=192.168.5.191 | op=SEND_HEARTBEAT {datanodeUUID=7ffeb123-8a07-43fc-9bc5-d9b026895606, command=[]} | ret=SUCCESS |  
2019-08-27 19:08:26,136 | INFO  | SCMAudit | user=jenkins1000 | ip=192.168.5.191 | op=SEND_HEARTBEAT {datanodeUUID=38f28178-96e9-481f-bed8-cfb19f684f50, command=[]} | ret=SUCCESS |  
2019-08-27 19:08:26,239 | INFO  | SCMAudit | user=jenkins1000 | ip=192.168.5.191 | op=SEND_HEARTBEAT {datanodeUUID=1a6ef58e-b6d8-4916-b5f4-f66cad6b6cba, command=[]} | ret=SUCCESS |  
2019-08-27 19:08:26,370 | INFO  | SCMAudit | user=jenkins1000 | ip=192.168.5.191 | op=SEND_HEARTBEAT {datanodeUUID=3e80ec3d-d0df-446e-9c00-872113d57222, command=[]} | ret=SUCCESS |  
2019-08-27 19:08:27,003 | INFO  | SCMAudit | user=jenkins1000 | ip=192.168.5.191 | op=SEND_HEARTBEAT {datanodeUUID=d3c05237-bd84-4234-a934-0ba66750ea46, command=[]} | ret=SUCCESS |  
2019-08-27 19:08:27,032 | INFO  | SCMAudit | user=jenkins1000 | ip=192.168.5.191 | op=SEND_HEARTBEAT {datanodeUUID=457b0f2b-feff-4639-91a3-a11070381d4f, command=[]} | ret=SUCCESS |  
2019-08-27 19:08:27,037 | INFO  | SCMAudit | user=jenkins1000 | ip=192.168.5.191 | op=SEND_HEARTBEAT {datanodeUUID=8dbfb03d-3489-434f-b2ff-176126556357, command=[]} | ret=SUCCESS |  
2019-08-27 19:08:27,067 | INFO  | SCMAudit | user=jenkins1000 | ip=192.168.5.191 | op=SEND_HEARTBEAT {datanodeUUID=7ffeb123-8a07-43fc-9bc5-d9b026895606, command=[]} | ret=SUCCESS |  
2019-08-27 19:08:27,136 | INFO  | SCMAudit | user=jenkins1000 | ip=192.168.5.191 | op=SEND_HEARTBEAT {datanodeUUID=38f28178-96e9-481f-bed8-cfb19f684f50, command=[]} | ret=SUCCESS |  
2019-08-27 19:08:27,239 | INFO  | SCMAudit | user=jenkins1000 | ip=192.168.5.191 | op=SEND_HEARTBEAT {datanodeUUID=1a6ef58e-b6d8-4916-b5f4-f66cad6b6cba, command=[]} | ret=SUCCESS |  
2019-08-27 19:08:27,369 | INFO  | SCMAudit | user=jenkins1000 | ip=192.168.5.191 | op=SEND_HEARTBEAT {datanodeUUID=3e80ec3d-d0df-446e-9c00-872113d57222, command=[]} | ret=SUCCESS |  
2019-08-27 19:08:28,003 | INFO  | SCMAudit | user=jenkins1000 | ip=192.168.5.191 | op=SEND_HEARTBEAT {datanodeUUID=d3c05237-bd84-4234-a934-0ba66750ea46, command=[]} | ret=SUCCESS |  
2019-08-27 19:08:28,032 | INFO  | SCMAudit | user=jenkins1000 | ip=192.168.5.191 | op=SEND_HEARTBEAT {datanodeUUID=457b0f2b-feff-4639-91a3-a11070381d4f, command=[]} | ret=SUCCESS |  
2019-08-27 19:08:28,037 | INFO  | SCMAudit | user=jenkins1000 | ip=192.168.5.191 | op=SEND_HEARTBEAT {datanodeUUID=8dbfb03d-3489-434f-b2ff-176126556357, command=[]} | ret=SUCCESS |  
2019-08-27 19:08:28,068 | INFO  | SCMAudit | user=jenkins1000 | ip=192.168.5.191 | op=SEND_HEARTBEAT {datanodeUUID=7ffeb123-8a07-43fc-9bc5-d9b026895606, command=[]} | ret=SUCCESS |  
2019-08-27 19:08:28,137 | INFO  | SCMAudit | user=jenkins1000 | ip=192.168.5.191 | op=SEND_HEARTBEAT {datanodeUUID=38f28178-96e9-481f-bed8-cfb19f684f50, command=[]} | ret=SUCCESS |  
2019-08-27 19:08:28,239 | INFO  | SCMAudit | user=jenkins1000 | ip=192.168.5.191 | op=SEND_HEARTBEAT {datanodeUUID=1a6ef58e-b6d8-4916-b5f4-f66cad6b6cba, command=[]} | ret=SUCCESS |  
2019-08-27 19:08:28,369 | INFO  | SCMAudit | user=jenkins1000 | ip=192.168.5.191 | op=SEND_HEARTBEAT {datanodeUUID=3e80ec3d-d0df-446e-9c00-872113d57222, command=[]} | ret=SUCCESS |  
2019-08-27 19:08:29,003 | INFO  | SCMAudit | user=jenkins1000 | ip=192.168.5.191 | op=SEND_HEARTBEAT {datanodeUUID=d3c05237-bd84-4234-a934-0ba66750ea46, command=[]} | ret=SUCCESS |  
2019-08-27 19:08:29,032 | INFO  | SCMAudit | user=jenkins1000 | ip=192.168.5.191 | op=SEND_HEARTBEAT {datanodeUUID=457b0f2b-feff-4639-91a3-a11070381d4f, command=[]} | ret=SUCCESS |  
2019-08-27 19:08:29,038 | INFO  | SCMAudit | user=jenkins1000 | ip=192.168.5.191 | op=SEND_HEARTBEAT {datanodeUUID=8dbfb03d-3489-434f-b2ff-176126556357, command=[]} | ret=SUCCESS |  
2019-08-27 19:08:29,068 | INFO  | SCMAudit | user=jenkins1000 | ip=192.168.5.191 | op=SEND_HEARTBEAT {datanodeUUID=7ffeb123-8a07-43fc-9bc5-d9b026895606, command=[]} | ret=SUCCESS |  
2019-08-27 19:08:29,137 | INFO  | SCMAudit | user=jenkins1000 | ip=192.168.5.191 | op=SEND_HEARTBEAT {datanodeUUID=38f28178-96e9-481f-bed8-cfb19f684f50, command=[]} | ret=SUCCESS |  
2019-08-27 19:08:29,239 | INFO  | SCMAudit | user=jenkins1000 | ip=192.168.5.191 | op=SEND_HEARTBEAT {datanodeUUID=1a6ef58e-b6d8-4916-b5f4-f66cad6b6cba, command=[]} | ret=SUCCESS |  
2019-08-27 19:08:29,369 | INFO  | SCMAudit | user=jenkins1000 | ip=192.168.5.191 | op=SEND_HEARTBEAT {datanodeUUID=3e80ec3d-d0df-446e-9c00-872113d57222, command=[]} | ret=SUCCESS |  
2019-08-27 19:08:29,483 [grpc-default-executor-5] INFO  client.GrpcClientProtocolClient (GrpcClientProtocolClient.java:onNext(255)) - client-0C1CC1C50A7C->457b0f2b-feff-4639-91a3-a11070381d4f: receive RaftClientReply:client-0C1CC1C50A7C->457b0f2b-feff-4639-91a3-a11070381d4f@group-5A0C10B0A675, cid=45, FAILED org.apache.ratis.protocol.NotLeaderException: Server 457b0f2b-feff-4639-91a3-a11070381d4f is not the leader (d3c05237-bd84-4234-a934-0ba66750ea46:192.168.5.191:42272). Request must be sent to leader., logIndex=0, commits[457b0f2b-feff-4639-91a3-a11070381d4f:c8, d3c05237-bd84-4234-a934-0ba66750ea46:c8, 8dbfb03d-3489-434f-b2ff-176126556357:c8]
2019-08-27 19:08:30,003 | INFO  | SCMAudit | user=jenkins1000 | ip=192.168.5.191 | op=SEND_HEARTBEAT {datanodeUUID=d3c05237-bd84-4234-a934-0ba66750ea46, command=[]} | ret=SUCCESS |  
2019-08-27 19:08:30,032 | INFO  | SCMAudit | user=jenkins1000 | ip=192.168.5.191 | op=SEND_HEARTBEAT {datanodeUUID=457b0f2b-feff-4639-91a3-a11070381d4f, command=[]} | ret=SUCCESS |  
2019-08-27 19:08:30,039 | INFO  | SCMAudit | user=jenkins1000 | ip=192.168.5.191 | op=SEND_HEARTBEAT {datanodeUUID=8dbfb03d-3489-434f-b2ff-176126556357, command=[]} | ret=SUCCESS |  
2019-08-27 19:08:30,068 | INFO  | SCMAudit | user=jenkins1000 | ip=192.168.5.191 | op=SEND_HEARTBEAT {datanodeUUID=7ffeb123-8a07-43fc-9bc5-d9b026895606, command=[]} | ret=SUCCESS |  
2019-08-27 19:08:30,138 | INFO  | SCMAudit | user=jenkins1000 | ip=192.168.5.191 | op=SEND_HEARTBEAT {datanodeUUID=38f28178-96e9-481f-bed8-cfb19f684f50, command=[]} | ret=SUCCESS |  
2019-08-27 19:08:30,239 | INFO  | SCMAudit | user=jenkins1000 | ip=192.168.5.191 | op=SEND_HEARTBEAT {datanodeUUID=1a6ef58e-b6d8-4916-b5f4-f66cad6b6cba, command=[]} | ret=SUCCESS |  
2019-08-27 19:08:30,370 | INFO  | SCMAudit | user=jenkins1000 | ip=192.168.5.191 | op=SEND_HEARTBEAT {datanodeUUID=3e80ec3d-d0df-446e-9c00-872113d57222, command=[]} | ret=SUCCESS |  
2019-08-27 19:08:31,003 | INFO  | SCMAudit | user=jenkins1000 | ip=192.168.5.191 | op=SEND_HEARTBEAT {datanodeUUID=d3c05237-bd84-4234-a934-0ba66750ea46, command=[]} | ret=SUCCESS |  
2019-08-27 19:08:31,032 | INFO  | SCMAudit | user=jenkins1000 | ip=192.168.5.191 | op=SEND_HEARTBEAT {datanodeUUID=457b0f2b-feff-4639-91a3-a11070381d4f, command=[]} | ret=SUCCESS |  
2019-08-27 19:08:31,040 | INFO  | SCMAudit | user=jenkins1000 | ip=192.168.5.191 | op=SEND_HEARTBEAT {datanodeUUID=8dbfb03d-3489-434f-b2ff-176126556357, command=[]} | ret=SUCCESS |  
2019-08-27 19:08:31,068 | INFO  | SCMAudit | user=jenkins1000 | ip=192.168.5.191 | op=SEND_HEARTBEAT {datanodeUUID=7ffeb123-8a07-43fc-9bc5-d9b026895606, command=[]} | ret=SUCCESS |  
2019-08-27 19:08:31,138 | INFO  | SCMAudit | user=jenkins1000 | ip=192.168.5.191 | op=SEND_HEARTBEAT {datanodeUUID=38f28178-96e9-481f-bed8-cfb19f684f50, command=[]} | ret=SUCCESS |  
2019-08-27 19:08:31,239 | INFO  | SCMAudit | user=jenkins1000 | ip=192.168.5.191 | op=SEND_HEARTBEAT {datanodeUUID=1a6ef58e-b6d8-4916-b5f4-f66cad6b6cba, command=[]} | ret=SUCCESS |  
2019-08-27 19:08:31,370 | INFO  | SCMAudit | user=jenkins1000 | ip=192.168.5.191 | op=SEND_HEARTBEAT {datanodeUUID=3e80ec3d-d0df-446e-9c00-872113d57222, command=[]} | ret=SUCCESS |  
2019-08-27 19:08:32,003 | INFO  | SCMAudit | user=jenkins1000 | ip=192.168.5.191 | op=SEND_HEARTBEAT {datanodeUUID=d3c05237-bd84-4234-a934-0ba66750ea46, command=[]} | ret=SUCCESS |  
2019-08-27 19:08:32,032 | INFO  | SCMAudit | user=jenkins1000 | ip=192.168.5.191 | op=SEND_HEARTBEAT {datanodeUUID=457b0f2b-feff-4639-91a3-a11070381d4f, command=[]} | ret=SUCCESS |  
2019-08-27 19:08:32,040 | INFO  | SCMAudit | user=jenkins1000 | ip=192.168.5.191 | op=SEND_HEARTBEAT {datanodeUUID=8dbfb03d-3489-434f-b2ff-176126556357, command=[]} | ret=SUCCESS |  
2019-08-27 19:08:32,068 | INFO  | SCMAudit | user=jenkins1000 | ip=192.168.5.191 | op=SEND_HEARTBEAT {datanodeUUID=7ffeb123-8a07-43fc-9bc5-d9b026895606, command=[]} | ret=SUCCESS |  
2019-08-27 19:08:32,138 | INFO  | SCMAudit | user=jenkins1000 | ip=192.168.5.191 | op=SEND_HEARTBEAT {datanodeUUID=38f28178-96e9-481f-bed8-cfb19f684f50, command=[]} | ret=SUCCESS |  
2019-08-27 19:08:32,239 | INFO  | SCMAudit | user=jenkins1000 | ip=192.168.5.191 | op=SEND_HEARTBEAT {datanodeUUID=1a6ef58e-b6d8-4916-b5f4-f66cad6b6cba, command=[]} | ret=SUCCESS |  
2019-08-27 19:08:32,370 | INFO  | SCMAudit | user=jenkins1000 | ip=192.168.5.191 | op=SEND_HEARTBEAT {datanodeUUID=3e80ec3d-d0df-446e-9c00-872113d57222, command=[]} | ret=SUCCESS |  
2019-08-27 19:08:33,003 | INFO  | SCMAudit | user=jenkins1000 | ip=192.168.5.191 | op=SEND_HEARTBEAT {datanodeUUID=d3c05237-bd84-4234-a934-0ba66750ea46, command=[]} | ret=SUCCESS |  
2019-08-27 19:08:33,031 | INFO  | SCMAudit | user=jenkins1000 | ip=192.168.5.191 | op=SEND_HEARTBEAT {datanodeUUID=457b0f2b-feff-4639-91a3-a11070381d4f, command=[]} | ret=SUCCESS |  
2019-08-27 19:08:33,040 | INFO  | SCMAudit | user=jenkins1000 | ip=192.168.5.191 | op=SEND_HEARTBEAT {datanodeUUID=8dbfb03d-3489-434f-b2ff-176126556357, command=[]} | ret=SUCCESS |  
2019-08-27 19:08:33,068 | INFO  | SCMAudit | user=jenkins1000 | ip=192.168.5.191 | op=SEND_HEARTBEAT {datanodeUUID=7ffeb123-8a07-43fc-9bc5-d9b026895606, command=[]} | ret=SUCCESS |  
2019-08-27 19:08:33,138 | INFO  | SCMAudit | user=jenkins1000 | ip=192.168.5.191 | op=SEND_HEARTBEAT {datanodeUUID=38f28178-96e9-481f-bed8-cfb19f684f50, command=[]} | ret=SUCCESS |  
2019-08-27 19:08:33,239 | INFO  | SCMAudit | user=jenkins1000 | ip=192.168.5.191 | op=SEND_HEARTBEAT {datanodeUUID=1a6ef58e-b6d8-4916-b5f4-f66cad6b6cba, command=[]} | ret=SUCCESS |  
2019-08-27 19:08:33,370 | INFO  | SCMAudit | user=jenkins1000 | ip=192.168.5.191 | op=SEND_HEARTBEAT {datanodeUUID=3e80ec3d-d0df-446e-9c00-872113d57222, command=[]} | ret=SUCCESS |  
2019-08-27 19:08:34,003 | INFO  | SCMAudit | user=jenkins1000 | ip=192.168.5.191 | op=SEND_HEARTBEAT {datanodeUUID=d3c05237-bd84-4234-a934-0ba66750ea46, command=[]} | ret=SUCCESS |  
2019-08-27 19:08:34,032 | INFO  | SCMAudit | user=jenkins1000 | ip=192.168.5.191 | op=SEND_HEARTBEAT {datanodeUUID=457b0f2b-feff-4639-91a3-a11070381d4f, command=[]} | ret=SUCCESS |  
2019-08-27 19:08:34,040 | INFO  | SCMAudit | user=jenkins1000 | ip=192.168.5.191 | op=SEND_HEARTBEAT {datanodeUUID=8dbfb03d-3489-434f-b2ff-176126556357, command=[]} | ret=SUCCESS |  
2019-08-27 19:08:34,068 | INFO  | SCMAudit | user=jenkins1000 | ip=192.168.5.191 | op=SEND_HEARTBEAT {datanodeUUID=7ffeb123-8a07-43fc-9bc5-d9b026895606, command=[]} | ret=SUCCESS |  
2019-08-27 19:08:34,138 | INFO  | SCMAudit | user=jenkins1000 | ip=192.168.5.191 | op=SEND_HEARTBEAT {datanodeUUID=38f28178-96e9-481f-bed8-cfb19f684f50, command=[]} | ret=SUCCESS |  
2019-08-27 19:08:34,240 | INFO  | SCMAudit | user=jenkins1000 | ip=192.168.5.191 | op=SEND_HEARTBEAT {datanodeUUID=1a6ef58e-b6d8-4916-b5f4-f66cad6b6cba, command=[]} | ret=SUCCESS |  
2019-08-27 19:08:34,370 | INFO  | SCMAudit | user=jenkins1000 | ip=192.168.5.191 | op=SEND_HEARTBEAT {datanodeUUID=3e80ec3d-d0df-446e-9c00-872113d57222, command=[]} | ret=SUCCESS |  
2019-08-27 19:08:34,523 [grpc-default-executor-1] INFO  client.GrpcClientProtocolClient (GrpcClientProtocolClient.java:onNext(255)) - client-0C1CC1C50A7C->8dbfb03d-3489-434f-b2ff-176126556357: receive RaftClientReply:client-0C1CC1C50A7C->8dbfb03d-3489-434f-b2ff-176126556357@group-5A0C10B0A675, cid=45, FAILED org.apache.ratis.protocol.NotLeaderException: Server 8dbfb03d-3489-434f-b2ff-176126556357 is not the leader (d3c05237-bd84-4234-a934-0ba66750ea46:192.168.5.191:42272). Request must be sent to leader., logIndex=0, commits[8dbfb03d-3489-434f-b2ff-176126556357:c8, 457b0f2b-feff-4639-91a3-a11070381d4f:c8, d3c05237-bd84-4234-a934-0ba66750ea46:c8]
2019-08-27 19:08:35,004 | INFO  | SCMAudit | user=jenkins1000 | ip=192.168.5.191 | op=SEND_HEARTBEAT {datanodeUUID=d3c05237-bd84-4234-a934-0ba66750ea46, command=[]} | ret=SUCCESS |  
2019-08-27 19:08:35,033 | INFO  | SCMAudit | user=jenkins1000 | ip=192.168.5.191 | op=SEND_HEARTBEAT {datanodeUUID=457b0f2b-feff-4639-91a3-a11070381d4f, command=[]} | ret=SUCCESS |  
2019-08-27 19:08:35,040 | INFO  | SCMAudit | user=jenkins1000 | ip=192.168.5.191 | op=SEND_HEARTBEAT {datanodeUUID=8dbfb03d-3489-434f-b2ff-176126556357, command=[]} | ret=SUCCESS |  
2019-08-27 19:08:35,067 | INFO  | SCMAudit | user=jenkins1000 | ip=192.168.5.191 | op=SEND_HEARTBEAT {datanodeUUID=7ffeb123-8a07-43fc-9bc5-d9b026895606, command=[]} | ret=SUCCESS |  
2019-08-27 19:08:35,138 | INFO  | SCMAudit | user=jenkins1000 | ip=192.168.5.191 | op=SEND_HEARTBEAT {datanodeUUID=38f28178-96e9-481f-bed8-cfb19f684f50, command=[]} | ret=SUCCESS |  
2019-08-27 19:08:35,240 | INFO  | SCMAudit | user=jenkins1000 | ip=192.168.5.191 | op=SEND_HEARTBEAT {datanodeUUID=1a6ef58e-b6d8-4916-b5f4-f66cad6b6cba, command=[]} | ret=SUCCESS |  
2019-08-27 19:08:35,370 | INFO  | SCMAudit | user=jenkins1000 | ip=192.168.5.191 | op=SEND_HEARTBEAT {datanodeUUID=3e80ec3d-d0df-446e-9c00-872113d57222, command=[]} | ret=SUCCESS |  
2019-08-27 19:08:36,004 | INFO  | SCMAudit | user=jenkins1000 | ip=192.168.5.191 | op=SEND_HEARTBEAT {datanodeUUID=d3c05237-bd84-4234-a934-0ba66750ea46, command=[]} | ret=SUCCESS |  
2019-08-27 19:08:36,033 | INFO  | SCMAudit | user=jenkins1000 | ip=192.168.5.191 | op=SEND_HEARTBEAT {datanodeUUID=457b0f2b-feff-4639-91a3-a11070381d4f, command=[]} | ret=SUCCESS |  
2019-08-27 19:08:36,040 | INFO  | SCMAudit | user=jenkins1000 | ip=192.168.5.191 | op=SEND_HEARTBEAT {datanodeUUID=8dbfb03d-3489-434f-b2ff-176126556357, command=[]} | ret=SUCCESS |  
2019-08-27 19:08:36,068 | INFO  | SCMAudit | user=jenkins1000 | ip=192.168.5.191 | op=SEND_HEARTBEAT {datanodeUUID=7ffeb123-8a07-43fc-9bc5-d9b026895606, command=[]} | ret=SUCCESS |  
2019-08-27 19:08:36,140 | INFO  | SCMAudit | user=jenkins1000 | ip=192.168.5.191 | op=SEND_HEARTBEAT {datanodeUUID=38f28178-96e9-481f-bed8-cfb19f684f50, command=[]} | ret=SUCCESS |  
2019-08-27 19:08:36,240 | INFO  | SCMAudit | user=jenkins1000 | ip=192.168.5.191 | op=SEND_HEARTBEAT {datanodeUUID=1a6ef58e-b6d8-4916-b5f4-f66cad6b6cba, command=[]} | ret=SUCCESS |  
2019-08-27 19:08:36,370 | INFO  | SCMAudit | user=jenkins1000 | ip=192.168.5.191 | op=SEND_HEARTBEAT {datanodeUUID=3e80ec3d-d0df-446e-9c00-872113d57222, command=[]} | ret=SUCCESS |  
2019-08-27 19:08:37,005 | INFO  | SCMAudit | user=jenkins1000 | ip=192.168.5.191 | op=SEND_HEARTBEAT {datanodeUUID=d3c05237-bd84-4234-a934-0ba66750ea46, command=[]} | ret=SUCCESS |  
2019-08-27 19:08:37,033 | INFO  | SCMAudit | user=jenkins1000 | ip=192.168.5.191 | op=SEND_HEARTBEAT {datanodeUUID=457b0f2b-feff-4639-91a3-a11070381d4f, command=[]} | ret=SUCCESS |  
2019-08-27 19:08:37,041 | INFO  | SCMAudit | user=jenkins1000 | ip=192.168.5.191 | op=SEND_HEARTBEAT {datanodeUUID=8dbfb03d-3489-434f-b2ff-176126556357, command=[]} | ret=SUCCESS |  
2019-08-27 19:08:37,068 | INFO  | SCMAudit | user=jenkins1000 | ip=192.168.5.191 | op=SEND_HEARTBEAT {datanodeUUID=7ffeb123-8a07-43fc-9bc5-d9b026895606, command=[]} | ret=SUCCESS |  
2019-08-27 19:08:37,139 | INFO  | SCMAudit | user=jenkins1000 | ip=192.168.5.191 | op=SEND_HEARTBEAT {datanodeUUID=38f28178-96e9-481f-bed8-cfb19f684f50, command=[]} | ret=SUCCESS |  
2019-08-27 19:08:37,240 | INFO  | SCMAudit | user=jenkins1000 | ip=192.168.5.191 | op=SEND_HEARTBEAT {datanodeUUID=1a6ef58e-b6d8-4916-b5f4-f66cad6b6cba, command=[]} | ret=SUCCESS |  
2019-08-27 19:08:37,370 | INFO  | SCMAudit | user=jenkins1000 | ip=192.168.5.191 | op=SEND_HEARTBEAT {datanodeUUID=3e80ec3d-d0df-446e-9c00-872113d57222, command=[]} | ret=SUCCESS |  
2019-08-27 19:08:38,004 | INFO  | SCMAudit | user=jenkins1000 | ip=192.168.5.191 | op=SEND_HEARTBEAT {datanodeUUID=d3c05237-bd84-4234-a934-0ba66750ea46, command=[]} | ret=SUCCESS |  
2019-08-27 19:08:38,033 | INFO  | SCMAudit | user=jenkins1000 | ip=192.168.5.191 | op=SEND_HEARTBEAT {datanodeUUID=457b0f2b-feff-4639-91a3-a11070381d4f, command=[]} | ret=SUCCESS |  
2019-08-27 19:08:38,041 | INFO  | SCMAudit | user=jenkins1000 | ip=192.168.5.191 | op=SEND_HEARTBEAT {datanodeUUID=8dbfb03d-3489-434f-b2ff-176126556357, command=[]} | ret=SUCCESS |  
2019-08-27 19:08:38,068 | INFO  | SCMAudit | user=jenkins1000 | ip=192.168.5.191 | op=SEND_HEARTBEAT {datanodeUUID=7ffeb123-8a07-43fc-9bc5-d9b026895606, command=[]} | ret=SUCCESS |  
2019-08-27 19:08:38,140 | INFO  | SCMAudit | user=jenkins1000 | ip=192.168.5.191 | op=SEND_HEARTBEAT {datanodeUUID=38f28178-96e9-481f-bed8-cfb19f684f50, command=[]} | ret=SUCCESS |  
2019-08-27 19:08:38,240 | INFO  | SCMAudit | user=jenkins1000 | ip=192.168.5.191 | op=SEND_HEARTBEAT {datanodeUUID=1a6ef58e-b6d8-4916-b5f4-f66cad6b6cba, command=[]} | ret=SUCCESS |  
2019-08-27 19:08:38,370 | INFO  | SCMAudit | user=jenkins1000 | ip=192.168.5.191 | op=SEND_HEARTBEAT {datanodeUUID=3e80ec3d-d0df-446e-9c00-872113d57222, command=[]} | ret=SUCCESS |  
2019-08-27 19:08:39,005 | INFO  | SCMAudit | user=jenkins1000 | ip=192.168.5.191 | op=SEND_HEARTBEAT {datanodeUUID=d3c05237-bd84-4234-a934-0ba66750ea46, command=[]} | ret=SUCCESS |  
2019-08-27 19:08:39,033 | INFO  | SCMAudit | user=jenkins1000 | ip=192.168.5.191 | op=SEND_HEARTBEAT {datanodeUUID=457b0f2b-feff-4639-91a3-a11070381d4f, command=[]} | ret=SUCCESS |  
2019-08-27 19:08:39,041 | INFO  | SCMAudit | user=jenkins1000 | ip=192.168.5.191 | op=SEND_HEARTBEAT {datanodeUUID=8dbfb03d-3489-434f-b2ff-176126556357, command=[]} | ret=SUCCESS |  
2019-08-27 19:08:39,068 | INFO  | SCMAudit | user=jenkins1000 | ip=192.168.5.191 | op=SEND_HEARTBEAT {datanodeUUID=7ffeb123-8a07-43fc-9bc5-d9b026895606, command=[]} | ret=SUCCESS |  
2019-08-27 19:08:39,140 | INFO  | SCMAudit | user=jenkins1000 | ip=192.168.5.191 | op=SEND_HEARTBEAT {datanodeUUID=38f28178-96e9-481f-bed8-cfb19f684f50, command=[]} | ret=SUCCESS |  
2019-08-27 19:08:39,242 | INFO  | SCMAudit | user=jenkins1000 | ip=192.168.5.191 | op=SEND_HEARTBEAT {datanodeUUID=1a6ef58e-b6d8-4916-b5f4-f66cad6b6cba, command=[]} | ret=SUCCESS |  
2019-08-27 19:08:39,371 | INFO  | SCMAudit | user=jenkins1000 | ip=192.168.5.191 | op=SEND_HEARTBEAT {datanodeUUID=3e80ec3d-d0df-446e-9c00-872113d57222, command=[]} | ret=SUCCESS |  
2019-08-27 19:08:39,563 [grpc-default-executor-1] INFO  client.GrpcClientProtocolClient (GrpcClientProtocolClient.java:onNext(255)) - client-0C1CC1C50A7C->8dbfb03d-3489-434f-b2ff-176126556357: receive RaftClientReply:client-0C1CC1C50A7C->8dbfb03d-3489-434f-b2ff-176126556357@group-5A0C10B0A675, cid=45, FAILED org.apache.ratis.protocol.NotLeaderException: Server 8dbfb03d-3489-434f-b2ff-176126556357 is not the leader (d3c05237-bd84-4234-a934-0ba66750ea46:192.168.5.191:42272). Request must be sent to leader., logIndex=0, commits[8dbfb03d-3489-434f-b2ff-176126556357:c8, 457b0f2b-feff-4639-91a3-a11070381d4f:c8, d3c05237-bd84-4234-a934-0ba66750ea46:c8]
2019-08-27 19:08:40,005 | INFO  | SCMAudit | user=jenkins1000 | ip=192.168.5.191 | op=SEND_HEARTBEAT {datanodeUUID=d3c05237-bd84-4234-a934-0ba66750ea46, command=[]} | ret=SUCCESS |  
2019-08-27 19:08:40,033 | INFO  | SCMAudit | user=jenkins1000 | ip=192.168.5.191 | op=SEND_HEARTBEAT {datanodeUUID=457b0f2b-feff-4639-91a3-a11070381d4f, command=[]} | ret=SUCCESS |  
2019-08-27 19:08:40,041 | INFO  | SCMAudit | user=jenkins1000 | ip=192.168.5.191 | op=SEND_HEARTBEAT {datanodeUUID=8dbfb03d-3489-434f-b2ff-176126556357, command=[]} | ret=SUCCESS |  
2019-08-27 19:08:40,068 | INFO  | SCMAudit | user=jenkins1000 | ip=192.168.5.191 | op=SEND_HEARTBEAT {datanodeUUID=7ffeb123-8a07-43fc-9bc5-d9b026895606, command=[]} | ret=SUCCESS |  
2019-08-27 19:08:40,140 | INFO  | SCMAudit | user=jenkins1000 | ip=192.168.5.191 | op=SEND_HEARTBEAT {datanodeUUID=38f28178-96e9-481f-bed8-cfb19f684f50, command=[]} | ret=SUCCESS |  
2019-08-27 19:08:40,241 | INFO  | SCMAudit | user=jenkins1000 | ip=192.168.5.191 | op=SEND_HEARTBEAT {datanodeUUID=1a6ef58e-b6d8-4916-b5f4-f66cad6b6cba, command=[]} | ret=SUCCESS |  
2019-08-27 19:08:40,372 | INFO  | SCMAudit | user=jenkins1000 | ip=192.168.5.191 | op=SEND_HEARTBEAT {datanodeUUID=3e80ec3d-d0df-446e-9c00-872113d57222, command=[]} | ret=SUCCESS |  
2019-08-27 19:08:41,005 | INFO  | SCMAudit | user=jenkins1000 | ip=192.168.5.191 | op=SEND_HEARTBEAT {datanodeUUID=d3c05237-bd84-4234-a934-0ba66750ea46, command=[]} | ret=SUCCESS |  
2019-08-27 19:08:41,034 | INFO  | SCMAudit | user=jenkins1000 | ip=192.168.5.191 | op=SEND_HEARTBEAT {datanodeUUID=457b0f2b-feff-4639-91a3-a11070381d4f, command=[]} | ret=SUCCESS |  
2019-08-27 19:08:41,041 | INFO  | SCMAudit | user=jenkins1000 | ip=192.168.5.191 | op=SEND_HEARTBEAT {datanodeUUID=8dbfb03d-3489-434f-b2ff-176126556357, command=[]} | ret=SUCCESS |  
2019-08-27 19:08:41,068 | INFO  | SCMAudit | user=jenkins1000 | ip=192.168.5.191 | op=SEND_HEARTBEAT {datanodeUUID=7ffeb123-8a07-43fc-9bc5-d9b026895606, command=[]} | ret=SUCCESS |  
2019-08-27 19:08:41,140 | INFO  | SCMAudit | user=jenkins1000 | ip=192.168.5.191 | op=SEND_HEARTBEAT {datanodeUUID=38f28178-96e9-481f-bed8-cfb19f684f50, command=[]} | ret=SUCCESS |  
2019-08-27 19:08:41,241 | INFO  | SCMAudit | user=jenkins1000 | ip=192.168.5.191 | op=SEND_HEARTBEAT {datanodeUUID=1a6ef58e-b6d8-4916-b5f4-f66cad6b6cba, command=[]} | ret=SUCCESS |  
2019-08-27 19:08:41,372 | INFO  | SCMAudit | user=jenkins1000 | ip=192.168.5.191 | op=SEND_HEARTBEAT {datanodeUUID=3e80ec3d-d0df-446e-9c00-872113d57222, command=[]} | ret=SUCCESS |  
2019-08-27 19:08:42,005 | INFO  | SCMAudit | user=jenkins1000 | ip=192.168.5.191 | op=SEND_HEARTBEAT {datanodeUUID=d3c05237-bd84-4234-a934-0ba66750ea46, command=[]} | ret=SUCCESS |  
2019-08-27 19:08:42,034 | INFO  | SCMAudit | user=jenkins1000 | ip=192.168.5.191 | op=SEND_HEARTBEAT {datanodeUUID=457b0f2b-feff-4639-91a3-a11070381d4f, command=[]} | ret=SUCCESS |  
2019-08-27 19:08:42,041 | INFO  | SCMAudit | user=jenkins1000 | ip=192.168.5.191 | op=SEND_HEARTBEAT {datanodeUUID=8dbfb03d-3489-434f-b2ff-176126556357, command=[]} | ret=SUCCESS |  
2019-08-27 19:08:42,068 | INFO  | SCMAudit | user=jenkins1000 | ip=192.168.5.191 | op=SEND_HEARTBEAT {datanodeUUID=7ffeb123-8a07-43fc-9bc5-d9b026895606, command=[]} | ret=SUCCESS |  
2019-08-27 19:08:42,139 | INFO  | SCMAudit | user=jenkins1000 | ip=192.168.5.191 | op=SEND_HEARTBEAT {datanodeUUID=38f28178-96e9-481f-bed8-cfb19f684f50, command=[]} | ret=SUCCESS |  
2019-08-27 19:08:42,241 | INFO  | SCMAudit | user=jenkins1000 | ip=192.168.5.191 | op=SEND_HEARTBEAT {datanodeUUID=1a6ef58e-b6d8-4916-b5f4-f66cad6b6cba, command=[]} | ret=SUCCESS |  
2019-08-27 19:08:42,372 | INFO  | SCMAudit | user=jenkins1000 | ip=192.168.5.191 | op=SEND_HEARTBEAT {datanodeUUID=3e80ec3d-d0df-446e-9c00-872113d57222, command=[]} | ret=SUCCESS |  
2019-08-27 19:08:43,005 | INFO  | SCMAudit | user=jenkins1000 | ip=192.168.5.191 | op=SEND_HEARTBEAT {datanodeUUID=d3c05237-bd84-4234-a934-0ba66750ea46, command=[]} | ret=SUCCESS |  
2019-08-27 19:08:43,034 | INFO  | SCMAudit | user=jenkins1000 | ip=192.168.5.191 | op=SEND_HEARTBEAT {datanodeUUID=457b0f2b-feff-4639-91a3-a11070381d4f, command=[]} | ret=SUCCESS |  
2019-08-27 19:08:43,041 | INFO  | SCMAudit | user=jenkins1000 | ip=192.168.5.191 | op=SEND_HEARTBEAT {datanodeUUID=8dbfb03d-3489-434f-b2ff-176126556357, command=[]} | ret=SUCCESS |  
2019-08-27 19:08:43,069 | INFO  | SCMAudit | user=jenkins1000 | ip=192.168.5.191 | op=SEND_HEARTBEAT {datanodeUUID=7ffeb123-8a07-43fc-9bc5-d9b026895606, command=[]} | ret=SUCCESS |  
2019-08-27 19:08:43,139 | INFO  | SCMAudit | user=jenkins1000 | ip=192.168.5.191 | op=SEND_HEARTBEAT {datanodeUUID=38f28178-96e9-481f-bed8-cfb19f684f50, command=[]} | ret=SUCCESS |  
2019-08-27 19:08:43,241 | INFO  | SCMAudit | user=jenkins1000 | ip=192.168.5.191 | op=SEND_HEARTBEAT {datanodeUUID=1a6ef58e-b6d8-4916-b5f4-f66cad6b6cba, command=[]} | ret=SUCCESS |  
2019-08-27 19:08:43,372 | INFO  | SCMAudit | user=jenkins1000 | ip=192.168.5.191 | op=SEND_HEARTBEAT {datanodeUUID=3e80ec3d-d0df-446e-9c00-872113d57222, command=[]} | ret=SUCCESS |  
2019-08-27 19:08:44,005 | INFO  | SCMAudit | user=jenkins1000 | ip=192.168.5.191 | op=SEND_HEARTBEAT {datanodeUUID=d3c05237-bd84-4234-a934-0ba66750ea46, command=[]} | ret=SUCCESS |  
2019-08-27 19:08:44,034 | INFO  | SCMAudit | user=jenkins1000 | ip=192.168.5.191 | op=SEND_HEARTBEAT {datanodeUUID=457b0f2b-feff-4639-91a3-a11070381d4f, command=[]} | ret=SUCCESS |  
2019-08-27 19:08:44,042 | INFO  | SCMAudit | user=jenkins1000 | ip=192.168.5.191 | op=SEND_HEARTBEAT {datanodeUUID=8dbfb03d-3489-434f-b2ff-176126556357, command=[]} | ret=SUCCESS |  
2019-08-27 19:08:44,070 | INFO  | SCMAudit | user=jenkins1000 | ip=192.168.5.191 | op=SEND_HEARTBEAT {datanodeUUID=7ffeb123-8a07-43fc-9bc5-d9b026895606, command=[]} | ret=SUCCESS |  
2019-08-27 19:08:44,140 | INFO  | SCMAudit | user=jenkins1000 | ip=192.168.5.191 | op=SEND_HEARTBEAT {datanodeUUID=38f28178-96e9-481f-bed8-cfb19f684f50, command=[]} | ret=SUCCESS |  
2019-08-27 19:08:44,241 | INFO  | SCMAudit | user=jenkins1000 | ip=192.168.5.191 | op=SEND_HEARTBEAT {datanodeUUID=1a6ef58e-b6d8-4916-b5f4-f66cad6b6cba, command=[]} | ret=SUCCESS |  
2019-08-27 19:08:44,373 | INFO  | SCMAudit | user=jenkins1000 | ip=192.168.5.191 | op=SEND_HEARTBEAT {datanodeUUID=3e80ec3d-d0df-446e-9c00-872113d57222, command=[]} | ret=SUCCESS |  
2019-08-27 19:08:44,628 [grpc-default-executor-1] INFO  client.GrpcClientProtocolClient (GrpcClientProtocolClient.java:onNext(255)) - client-0C1CC1C50A7C->8dbfb03d-3489-434f-b2ff-176126556357: receive RaftClientReply:client-0C1CC1C50A7C->8dbfb03d-3489-434f-b2ff-176126556357@group-5A0C10B0A675, cid=45, FAILED org.apache.ratis.protocol.NotLeaderException: Server 8dbfb03d-3489-434f-b2ff-176126556357 is not the leader (d3c05237-bd84-4234-a934-0ba66750ea46:192.168.5.191:42272). Request must be sent to leader., logIndex=0, commits[8dbfb03d-3489-434f-b2ff-176126556357:c8, 457b0f2b-feff-4639-91a3-a11070381d4f:c8, d3c05237-bd84-4234-a934-0ba66750ea46:c8]
2019-08-27 19:08:45,006 | INFO  | SCMAudit | user=jenkins1000 | ip=192.168.5.191 | op=SEND_HEARTBEAT {datanodeUUID=d3c05237-bd84-4234-a934-0ba66750ea46, command=[]} | ret=SUCCESS |  
2019-08-27 19:08:45,034 | INFO  | SCMAudit | user=jenkins1000 | ip=192.168.5.191 | op=SEND_HEARTBEAT {datanodeUUID=457b0f2b-feff-4639-91a3-a11070381d4f, command=[]} | ret=SUCCESS |  
2019-08-27 19:08:45,041 | INFO  | SCMAudit | user=jenkins1000 | ip=192.168.5.191 | op=SEND_HEARTBEAT {datanodeUUID=8dbfb03d-3489-434f-b2ff-176126556357, command=[]} | ret=SUCCESS |  
2019-08-27 19:08:45,072 | INFO  | SCMAudit | user=jenkins1000 | ip=192.168.5.191 | op=SEND_HEARTBEAT {datanodeUUID=7ffeb123-8a07-43fc-9bc5-d9b026895606, command=[]} | ret=SUCCESS |  
2019-08-27 19:08:45,141 | INFO  | SCMAudit | user=jenkins1000 | ip=192.168.5.191 | op=SEND_HEARTBEAT {datanodeUUID=38f28178-96e9-481f-bed8-cfb19f684f50, command=[]} | ret=SUCCESS |  
2019-08-27 19:08:45,241 | INFO  | SCMAudit | user=jenkins1000 | ip=192.168.5.191 | op=SEND_HEARTBEAT {datanodeUUID=1a6ef58e-b6d8-4916-b5f4-f66cad6b6cba, command=[]} | ret=SUCCESS |  
2019-08-27 19:08:45,373 | INFO  | SCMAudit | user=jenkins1000 | ip=192.168.5.191 | op=SEND_HEARTBEAT {datanodeUUID=3e80ec3d-d0df-446e-9c00-872113d57222, command=[]} | ret=SUCCESS |  
2019-08-27 19:08:46,010 | INFO  | SCMAudit | user=jenkins1000 | ip=192.168.5.191 | op=SEND_HEARTBEAT {datanodeUUID=d3c05237-bd84-4234-a934-0ba66750ea46, command=[]} | ret=SUCCESS |  
2019-08-27 19:08:46,036 | INFO  | SCMAudit | user=jenkins1000 | ip=192.168.5.191 | op=SEND_HEARTBEAT {datanodeUUID=457b0f2b-feff-4639-91a3-a11070381d4f, command=[]} | ret=SUCCESS |  
2019-08-27 19:08:46,041 | INFO  | SCMAudit | user=jenkins1000 | ip=192.168.5.191 | op=SEND_HEARTBEAT {datanodeUUID=8dbfb03d-3489-434f-b2ff-176126556357, command=[]} | ret=SUCCESS |  
2019-08-27 19:08:46,072 | INFO  | SCMAudit | user=jenkins1000 | ip=192.168.5.191 | op=SEND_HEARTBEAT {datanodeUUID=7ffeb123-8a07-43fc-9bc5-d9b026895606, command=[]} | ret=SUCCESS |  
2019-08-27 19:08:46,140 | INFO  | SCMAudit | user=jenkins1000 | ip=192.168.5.191 | op=SEND_HEARTBEAT {datanodeUUID=38f28178-96e9-481f-bed8-cfb19f684f50, command=[]} | ret=SUCCESS |  
2019-08-27 19:08:46,241 | INFO  | SCMAudit | user=jenkins1000 | ip=192.168.5.191 | op=SEND_HEARTBEAT {datanodeUUID=1a6ef58e-b6d8-4916-b5f4-f66cad6b6cba, command=[]} | ret=SUCCESS |  
2019-08-27 19:08:46,373 | INFO  | SCMAudit | user=jenkins1000 | ip=192.168.5.191 | op=SEND_HEARTBEAT {datanodeUUID=3e80ec3d-d0df-446e-9c00-872113d57222, command=[]} | ret=SUCCESS |  
2019-08-27 19:08:47,006 | INFO  | SCMAudit | user=jenkins1000 | ip=192.168.5.191 | op=SEND_HEARTBEAT {datanodeUUID=d3c05237-bd84-4234-a934-0ba66750ea46, command=[]} | ret=SUCCESS |  
2019-08-27 19:08:47,036 | INFO  | SCMAudit | user=jenkins1000 | ip=192.168.5.191 | op=SEND_HEARTBEAT {datanodeUUID=457b0f2b-feff-4639-91a3-a11070381d4f, command=[]} | ret=SUCCESS |  
2019-08-27 19:08:47,042 | INFO  | SCMAudit | user=jenkins1000 | ip=192.168.5.191 | op=SEND_HEARTBEAT {datanodeUUID=8dbfb03d-3489-434f-b2ff-176126556357, command=[]} | ret=SUCCESS |  
2019-08-27 19:08:47,072 | INFO  | SCMAudit | user=jenkins1000 | ip=192.168.5.191 | op=SEND_HEARTBEAT {datanodeUUID=7ffeb123-8a07-43fc-9bc5-d9b026895606, command=[]} | ret=SUCCESS |  
2019-08-27 19:08:47,140 | INFO  | SCMAudit | user=jenkins1000 | ip=192.168.5.191 | op=SEND_HEARTBEAT {datanodeUUID=38f28178-96e9-481f-bed8-cfb19f684f50, command=[]} | ret=SUCCESS |  
2019-08-27 19:08:47,241 | INFO  | SCMAudit | user=jenkins1000 | ip=192.168.5.191 | op=SEND_HEARTBEAT {datanodeUUID=1a6ef58e-b6d8-4916-b5f4-f66cad6b6cba, command=[]} | ret=SUCCESS |  
2019-08-27 19:08:47,373 | INFO  | SCMAudit | user=jenkins1000 | ip=192.168.5.191 | op=SEND_HEARTBEAT {datanodeUUID=3e80ec3d-d0df-446e-9c00-872113d57222, command=[]} | ret=SUCCESS |  
2019-08-27 19:08:48,005 | INFO  | SCMAudit | user=jenkins1000 | ip=192.168.5.191 | op=SEND_HEARTBEAT {datanodeUUID=d3c05237-bd84-4234-a934-0ba66750ea46, command=[]} | ret=SUCCESS |  
2019-08-27 19:08:48,036 | INFO  | SCMAudit | user=jenkins1000 | ip=192.168.5.191 | op=SEND_HEARTBEAT {datanodeUUID=457b0f2b-feff-4639-91a3-a11070381d4f, command=[]} | ret=SUCCESS |  
2019-08-27 19:08:48,042 | INFO  | SCMAudit | user=jenkins1000 | ip=192.168.5.191 | op=SEND_HEARTBEAT {datanodeUUID=8dbfb03d-3489-434f-b2ff-176126556357, command=[]} | ret=SUCCESS |  
2019-08-27 19:08:48,072 | INFO  | SCMAudit | user=jenkins1000 | ip=192.168.5.191 | op=SEND_HEARTBEAT {datanodeUUID=7ffeb123-8a07-43fc-9bc5-d9b026895606, command=[]} | ret=SUCCESS |  
2019-08-27 19:08:48,141 | INFO  | SCMAudit | user=jenkins1000 | ip=192.168.5.191 | op=SEND_HEARTBEAT {datanodeUUID=38f28178-96e9-481f-bed8-cfb19f684f50, command=[]} | ret=SUCCESS |  
2019-08-27 19:08:48,242 | INFO  | SCMAudit | user=jenkins1000 | ip=192.168.5.191 | op=SEND_HEARTBEAT {datanodeUUID=1a6ef58e-b6d8-4916-b5f4-f66cad6b6cba, command=[]} | ret=SUCCESS |  
2019-08-27 19:08:48,373 | INFO  | SCMAudit | user=jenkins1000 | ip=192.168.5.191 | op=SEND_HEARTBEAT {datanodeUUID=3e80ec3d-d0df-446e-9c00-872113d57222, command=[]} | ret=SUCCESS |  
2019-08-27 19:08:49,006 | INFO  | SCMAudit | user=jenkins1000 | ip=192.168.5.191 | op=SEND_HEARTBEAT {datanodeUUID=d3c05237-bd84-4234-a934-0ba66750ea46, command=[]} | ret=SUCCESS |  
2019-08-27 19:08:49,036 | INFO  | SCMAudit | user=jenkins1000 | ip=192.168.5.191 | op=SEND_HEARTBEAT {datanodeUUID=457b0f2b-feff-4639-91a3-a11070381d4f, command=[]} | ret=SUCCESS |  
2019-08-27 19:08:49,042 | INFO  | SCMAudit | user=jenkins1000 | ip=192.168.5.191 | op=SEND_HEARTBEAT {datanodeUUID=8dbfb03d-3489-434f-b2ff-176126556357, command=[]} | ret=SUCCESS |  
2019-08-27 19:08:49,072 | INFO  | SCMAudit | user=jenkins1000 | ip=192.168.5.191 | op=SEND_HEARTBEAT {datanodeUUID=7ffeb123-8a07-43fc-9bc5-d9b026895606, command=[]} | ret=SUCCESS |  
2019-08-27 19:08:49,141 | INFO  | SCMAudit | user=jenkins1000 | ip=192.168.5.191 | op=SEND_HEARTBEAT {datanodeUUID=38f28178-96e9-481f-bed8-cfb19f684f50, command=[]} | ret=SUCCESS |  
2019-08-27 19:08:49,241 | INFO  | SCMAudit | user=jenkins1000 | ip=192.168.5.191 | op=SEND_HEARTBEAT {datanodeUUID=1a6ef58e-b6d8-4916-b5f4-f66cad6b6cba, command=[]} | ret=SUCCESS |  
2019-08-27 19:08:49,373 | INFO  | SCMAudit | user=jenkins1000 | ip=192.168.5.191 | op=SEND_HEARTBEAT {datanodeUUID=3e80ec3d-d0df-446e-9c00-872113d57222, command=[]} | ret=SUCCESS |  
2019-08-27 19:08:49,671 [grpc-default-executor-1] INFO  client.GrpcClientProtocolClient (GrpcClientProtocolClient.java:onNext(255)) - client-0C1CC1C50A7C->457b0f2b-feff-4639-91a3-a11070381d4f: receive RaftClientReply:client-0C1CC1C50A7C->457b0f2b-feff-4639-91a3-a11070381d4f@group-5A0C10B0A675, cid=45, FAILED org.apache.ratis.protocol.NotLeaderException: Server 457b0f2b-feff-4639-91a3-a11070381d4f is not the leader (d3c05237-bd84-4234-a934-0ba66750ea46:192.168.5.191:42272). Request must be sent to leader., logIndex=0, commits[457b0f2b-feff-4639-91a3-a11070381d4f:c8, d3c05237-bd84-4234-a934-0ba66750ea46:c8, 8dbfb03d-3489-434f-b2ff-176126556357:c8]
2019-08-27 19:08:50,005 | INFO  | SCMAudit | user=jenkins1000 | ip=192.168.5.191 | op=SEND_HEARTBEAT {datanodeUUID=d3c05237-bd84-4234-a934-0ba66750ea46, command=[]} | ret=SUCCESS |  
2019-08-27 19:08:50,036 | INFO  | SCMAudit | user=jenkins1000 | ip=192.168.5.191 | op=SEND_HEARTBEAT {datanodeUUID=457b0f2b-feff-4639-91a3-a11070381d4f, command=[]} | ret=SUCCESS |  
2019-08-27 19:08:50,041 | INFO  | SCMAudit | user=jenkins1000 | ip=192.168.5.191 | op=SEND_HEARTBEAT {datanodeUUID=8dbfb03d-3489-434f-b2ff-176126556357, command=[]} | ret=SUCCESS |  
2019-08-27 19:08:50,072 | INFO  | SCMAudit | user=jenkins1000 | ip=192.168.5.191 | op=SEND_HEARTBEAT {datanodeUUID=7ffeb123-8a07-43fc-9bc5-d9b026895606, command=[]} | ret=SUCCESS |  
2019-08-27 19:08:50,141 | INFO  | SCMAudit | user=jenkins1000 | ip=192.168.5.191 | op=SEND_HEARTBEAT {datanodeUUID=38f28178-96e9-481f-bed8-cfb19f684f50, command=[]} | ret=SUCCESS |  
2019-08-27 19:08:50,241 | INFO  | SCMAudit | user=jenkins1000 | ip=192.168.5.191 | op=SEND_HEARTBEAT {datanodeUUID=1a6ef58e-b6d8-4916-b5f4-f66cad6b6cba, command=[]} | ret=SUCCESS |  
2019-08-27 19:08:50,373 | INFO  | SCMAudit | user=jenkins1000 | ip=192.168.5.191 | op=SEND_HEARTBEAT {datanodeUUID=3e80ec3d-d0df-446e-9c00-872113d57222, command=[]} | ret=SUCCESS |  
2019-08-27 19:08:51,006 | INFO  | SCMAudit | user=jenkins1000 | ip=192.168.5.191 | op=SEND_HEARTBEAT {datanodeUUID=d3c05237-bd84-4234-a934-0ba66750ea46, command=[]} | ret=SUCCESS |  
2019-08-27 19:08:51,036 | INFO  | SCMAudit | user=jenkins1000 | ip=192.168.5.191 | op=SEND_HEARTBEAT {datanodeUUID=457b0f2b-feff-4639-91a3-a11070381d4f, command=[]} | ret=SUCCESS |  
2019-08-27 19:08:51,041 | INFO  | SCMAudit | user=jenkins1000 | ip=192.168.5.191 | op=SEND_HEARTBEAT {datanodeUUID=8dbfb03d-3489-434f-b2ff-176126556357, command=[]} | ret=SUCCESS |  
2019-08-27 19:08:51,073 | INFO  | SCMAudit | user=jenkins1000 | ip=192.168.5.191 | op=SEND_HEARTBEAT {datanodeUUID=7ffeb123-8a07-43fc-9bc5-d9b026895606, command=[]} | ret=SUCCESS |  
2019-08-27 19:08:51,141 | INFO  | SCMAudit | user=jenkins1000 | ip=192.168.5.191 | op=SEND_HEARTBEAT {datanodeUUID=38f28178-96e9-481f-bed8-cfb19f684f50, command=[]} | ret=SUCCESS |  
2019-08-27 19:08:51,241 | INFO  | SCMAudit | user=jenkins1000 | ip=192.168.5.191 | op=SEND_HEARTBEAT {datanodeUUID=1a6ef58e-b6d8-4916-b5f4-f66cad6b6cba, command=[]} | ret=SUCCESS |  
2019-08-27 19:08:51,373 | INFO  | SCMAudit | user=jenkins1000 | ip=192.168.5.191 | op=SEND_HEARTBEAT {datanodeUUID=3e80ec3d-d0df-446e-9c00-872113d57222, command=[]} | ret=SUCCESS |  
2019-08-27 19:08:52,006 | INFO  | SCMAudit | user=jenkins1000 | ip=192.168.5.191 | op=SEND_HEARTBEAT {datanodeUUID=d3c05237-bd84-4234-a934-0ba66750ea46, command=[]} | ret=SUCCESS |  
2019-08-27 19:08:52,037 | INFO  | SCMAudit | user=jenkins1000 | ip=192.168.5.191 | op=SEND_HEARTBEAT {datanodeUUID=457b0f2b-feff-4639-91a3-a11070381d4f, command=[]} | ret=SUCCESS |  
2019-08-27 19:08:52,041 | INFO  | SCMAudit | user=jenkins1000 | ip=192.168.5.191 | op=SEND_HEARTBEAT {datanodeUUID=8dbfb03d-3489-434f-b2ff-176126556357, command=[]} | ret=SUCCESS |  
2019-08-27 19:08:52,073 | INFO  | SCMAudit | user=jenkins1000 | ip=192.168.5.191 | op=SEND_HEARTBEAT {datanodeUUID=7ffeb123-8a07-43fc-9bc5-d9b026895606, command=[]} | ret=SUCCESS |  
2019-08-27 19:08:52,141 | INFO  | SCMAudit | user=jenkins1000 | ip=192.168.5.191 | op=SEND_HEARTBEAT {datanodeUUID=38f28178-96e9-481f-bed8-cfb19f684f50, command=[]} | ret=SUCCESS |  
2019-08-27 19:08:52,241 | INFO  | SCMAudit | user=jenkins1000 | ip=192.168.5.191 | op=SEND_HEARTBEAT {datanodeUUID=1a6ef58e-b6d8-4916-b5f4-f66cad6b6cba, command=[]} | ret=SUCCESS |  
2019-08-27 19:08:52,374 | INFO  | SCMAudit | user=jenkins1000 | ip=192.168.5.191 | op=SEND_HEARTBEAT {datanodeUUID=3e80ec3d-d0df-446e-9c00-872113d57222, command=[]} | ret=SUCCESS |  
2019-08-27 19:08:53,006 | INFO  | SCMAudit | user=jenkins1000 | ip=192.168.5.191 | op=SEND_HEARTBEAT {datanodeUUID=d3c05237-bd84-4234-a934-0ba66750ea46, command=[]} | ret=SUCCESS |  
2019-08-27 19:08:53,037 | INFO  | SCMAudit | user=jenkins1000 | ip=192.168.5.191 | op=SEND_HEARTBEAT {datanodeUUID=457b0f2b-feff-4639-91a3-a11070381d4f, command=[]} | ret=SUCCESS |  
2019-08-27 19:08:53,041 | INFO  | SCMAudit | user=jenkins1000 | ip=192.168.5.191 | op=SEND_HEARTBEAT {datanodeUUID=8dbfb03d-3489-434f-b2ff-176126556357, command=[]} | ret=SUCCESS |  
2019-08-27 19:08:53,072 | INFO  | SCMAudit | user=jenkins1000 | ip=192.168.5.191 | op=SEND_HEARTBEAT {datanodeUUID=7ffeb123-8a07-43fc-9bc5-d9b026895606, command=[]} | ret=SUCCESS |  
2019-08-27 19:08:53,142 | INFO  | SCMAudit | user=jenkins1000 | ip=192.168.5.191 | op=SEND_HEARTBEAT {datanodeUUID=38f28178-96e9-481f-bed8-cfb19f684f50, command=[]} | ret=SUCCESS |  
2019-08-27 19:08:53,241 | INFO  | SCMAudit | user=jenkins1000 | ip=192.168.5.191 | op=SEND_HEARTBEAT {datanodeUUID=1a6ef58e-b6d8-4916-b5f4-f66cad6b6cba, command=[]} | ret=SUCCESS |  
2019-08-27 19:08:53,374 | INFO  | SCMAudit | user=jenkins1000 | ip=192.168.5.191 | op=SEND_HEARTBEAT {datanodeUUID=3e80ec3d-d0df-446e-9c00-872113d57222, command=[]} | ret=SUCCESS |  
2019-08-27 19:08:54,006 | INFO  | SCMAudit | user=jenkins1000 | ip=192.168.5.191 | op=SEND_HEARTBEAT {datanodeUUID=d3c05237-bd84-4234-a934-0ba66750ea46, command=[]} | ret=SUCCESS |  
2019-08-27 19:08:54,037 | INFO  | SCMAudit | user=jenkins1000 | ip=192.168.5.191 | op=SEND_HEARTBEAT {datanodeUUID=457b0f2b-feff-4639-91a3-a11070381d4f, command=[]} | ret=SUCCESS |  
2019-08-27 19:08:54,042 | INFO  | SCMAudit | user=jenkins1000 | ip=192.168.5.191 | op=SEND_HEARTBEAT {datanodeUUID=8dbfb03d-3489-434f-b2ff-176126556357, command=[]} | ret=SUCCESS |  
2019-08-27 19:08:54,073 | INFO  | SCMAudit | user=jenkins1000 | ip=192.168.5.191 | op=SEND_HEARTBEAT {datanodeUUID=7ffeb123-8a07-43fc-9bc5-d9b026895606, command=[]} | ret=SUCCESS |  
2019-08-27 19:08:54,142 | INFO  | SCMAudit | user=jenkins1000 | ip=192.168.5.191 | op=SEND_HEARTBEAT {datanodeUUID=38f28178-96e9-481f-bed8-cfb19f684f50, command=[]} | ret=SUCCESS |  
2019-08-27 19:08:54,241 | INFO  | SCMAudit | user=jenkins1000 | ip=192.168.5.191 | op=SEND_HEARTBEAT {datanodeUUID=1a6ef58e-b6d8-4916-b5f4-f66cad6b6cba, command=[]} | ret=SUCCESS |  
2019-08-27 19:08:54,375 | INFO  | SCMAudit | user=jenkins1000 | ip=192.168.5.191 | op=SEND_HEARTBEAT {datanodeUUID=3e80ec3d-d0df-446e-9c00-872113d57222, command=[]} | ret=SUCCESS |  
2019-08-27 19:08:54,714 [grpc-default-executor-5] INFO  client.GrpcClientProtocolClient (GrpcClientProtocolClient.java:onNext(255)) - client-0C1CC1C50A7C->8dbfb03d-3489-434f-b2ff-176126556357: receive RaftClientReply:client-0C1CC1C50A7C->8dbfb03d-3489-434f-b2ff-176126556357@group-5A0C10B0A675, cid=45, FAILED org.apache.ratis.protocol.NotLeaderException: Server 8dbfb03d-3489-434f-b2ff-176126556357 is not the leader (d3c05237-bd84-4234-a934-0ba66750ea46:192.168.5.191:42272). Request must be sent to leader., logIndex=0, commits[8dbfb03d-3489-434f-b2ff-176126556357:c8, 457b0f2b-feff-4639-91a3-a11070381d4f:c8, d3c05237-bd84-4234-a934-0ba66750ea46:c8]
2019-08-27 19:08:55,006 | INFO  | SCMAudit | user=jenkins1000 | ip=192.168.5.191 | op=SEND_HEARTBEAT {datanodeUUID=d3c05237-bd84-4234-a934-0ba66750ea46, command=[]} | ret=SUCCESS |  
2019-08-27 19:08:55,037 | INFO  | SCMAudit | user=jenkins1000 | ip=192.168.5.191 | op=SEND_HEARTBEAT {datanodeUUID=457b0f2b-feff-4639-91a3-a11070381d4f, command=[]} | ret=SUCCESS |  
2019-08-27 19:08:55,042 | INFO  | SCMAudit | user=jenkins1000 | ip=192.168.5.191 | op=SEND_HEARTBEAT {datanodeUUID=8dbfb03d-3489-434f-b2ff-176126556357, command=[]} | ret=SUCCESS |  
2019-08-27 19:08:55,073 | INFO  | SCMAudit | user=jenkins1000 | ip=192.168.5.191 | op=SEND_HEARTBEAT {datanodeUUID=7ffeb123-8a07-43fc-9bc5-d9b026895606, command=[]} | ret=SUCCESS |  
2019-08-27 19:08:55,142 | INFO  | SCMAudit | user=jenkins1000 | ip=192.168.5.191 | op=SEND_HEARTBEAT {datanodeUUID=38f28178-96e9-481f-bed8-cfb19f684f50, command=[]} | ret=SUCCESS |  
2019-08-27 19:08:55,241 | INFO  | SCMAudit | user=jenkins1000 | ip=192.168.5.191 | op=SEND_HEARTBEAT {datanodeUUID=1a6ef58e-b6d8-4916-b5f4-f66cad6b6cba, command=[]} | ret=SUCCESS |  
2019-08-27 19:08:55,374 | INFO  | SCMAudit | user=jenkins1000 | ip=192.168.5.191 | op=SEND_HEARTBEAT {datanodeUUID=3e80ec3d-d0df-446e-9c00-872113d57222, command=[]} | ret=SUCCESS |  
2019-08-27 19:08:56,007 | INFO  | SCMAudit | user=jenkins1000 | ip=192.168.5.191 | op=SEND_HEARTBEAT {datanodeUUID=d3c05237-bd84-4234-a934-0ba66750ea46, command=[]} | ret=SUCCESS |  
2019-08-27 19:08:56,037 | INFO  | SCMAudit | user=jenkins1000 | ip=192.168.5.191 | op=SEND_HEARTBEAT {datanodeUUID=457b0f2b-feff-4639-91a3-a11070381d4f, command=[]} | ret=SUCCESS |  
2019-08-27 19:08:56,042 | INFO  | SCMAudit | user=jenkins1000 | ip=192.168.5.191 | op=SEND_HEARTBEAT {datanodeUUID=8dbfb03d-3489-434f-b2ff-176126556357, command=[]} | ret=SUCCESS |  
2019-08-27 19:08:56,073 | INFO  | SCMAudit | user=jenkins1000 | ip=192.168.5.191 | op=SEND_HEARTBEAT {datanodeUUID=7ffeb123-8a07-43fc-9bc5-d9b026895606, command=[]} | ret=SUCCESS |  
2019-08-27 19:08:56,147 | INFO  | SCMAudit | user=jenkins1000 | ip=192.168.5.191 | op=SEND_HEARTBEAT {datanodeUUID=38f28178-96e9-481f-bed8-cfb19f684f50, command=[]} | ret=SUCCESS |  
2019-08-27 19:08:56,241 | INFO  | SCMAudit | user=jenkins1000 | ip=192.168.5.191 | op=SEND_HEARTBEAT {datanodeUUID=1a6ef58e-b6d8-4916-b5f4-f66cad6b6cba, command=[]} | ret=SUCCESS |  
2019-08-27 19:08:56,374 | INFO  | SCMAudit | user=jenkins1000 | ip=192.168.5.191 | op=SEND_HEARTBEAT {datanodeUUID=3e80ec3d-d0df-446e-9c00-872113d57222, command=[]} | ret=SUCCESS |  
2019-08-27 19:08:57,006 | INFO  | SCMAudit | user=jenkins1000 | ip=192.168.5.191 | op=SEND_HEARTBEAT {datanodeUUID=d3c05237-bd84-4234-a934-0ba66750ea46, command=[]} | ret=SUCCESS |  
2019-08-27 19:08:57,037 | INFO  | SCMAudit | user=jenkins1000 | ip=192.168.5.191 | op=SEND_HEARTBEAT {datanodeUUID=457b0f2b-feff-4639-91a3-a11070381d4f, command=[]} | ret=SUCCESS |  
2019-08-27 19:08:57,042 | INFO  | SCMAudit | user=jenkins1000 | ip=192.168.5.191 | op=SEND_HEARTBEAT {datanodeUUID=8dbfb03d-3489-434f-b2ff-176126556357, command=[]} | ret=SUCCESS |  
2019-08-27 19:08:57,073 | INFO  | SCMAudit | user=jenkins1000 | ip=192.168.5.191 | op=SEND_HEARTBEAT {datanodeUUID=7ffeb123-8a07-43fc-9bc5-d9b026895606, command=[]} | ret=SUCCESS |  
2019-08-27 19:08:57,145 | INFO  | SCMAudit | user=jenkins1000 | ip=192.168.5.191 | op=SEND_HEARTBEAT {datanodeUUID=38f28178-96e9-481f-bed8-cfb19f684f50, command=[]} | ret=SUCCESS |  
2019-08-27 19:08:57,241 | INFO  | SCMAudit | user=jenkins1000 | ip=192.168.5.191 | op=SEND_HEARTBEAT {datanodeUUID=1a6ef58e-b6d8-4916-b5f4-f66cad6b6cba, command=[]} | ret=SUCCESS |  
2019-08-27 19:08:57,374 | INFO  | SCMAudit | user=jenkins1000 | ip=192.168.5.191 | op=SEND_HEARTBEAT {datanodeUUID=3e80ec3d-d0df-446e-9c00-872113d57222, command=[]} | ret=SUCCESS |  
2019-08-27 19:08:58,006 | INFO  | SCMAudit | user=jenkins1000 | ip=192.168.5.191 | op=SEND_HEARTBEAT {datanodeUUID=d3c05237-bd84-4234-a934-0ba66750ea46, command=[]} | ret=SUCCESS |  
2019-08-27 19:08:58,037 | INFO  | SCMAudit | user=jenkins1000 | ip=192.168.5.191 | op=SEND_HEARTBEAT {datanodeUUID=457b0f2b-feff-4639-91a3-a11070381d4f, command=[]} | ret=SUCCESS |  
2019-08-27 19:08:58,042 | INFO  | SCMAudit | user=jenkins1000 | ip=192.168.5.191 | op=SEND_HEARTBEAT {datanodeUUID=8dbfb03d-3489-434f-b2ff-176126556357, command=[]} | ret=SUCCESS |  
2019-08-27 19:08:58,073 | INFO  | SCMAudit | user=jenkins1000 | ip=192.168.5.191 | op=SEND_HEARTBEAT {datanodeUUID=7ffeb123-8a07-43fc-9bc5-d9b026895606, command=[]} | ret=SUCCESS |  
2019-08-27 19:08:58,145 | INFO  | SCMAudit | user=jenkins1000 | ip=192.168.5.191 | op=SEND_HEARTBEAT {datanodeUUID=38f28178-96e9-481f-bed8-cfb19f684f50, command=[]} | ret=SUCCESS |  
2019-08-27 19:08:58,242 | INFO  | SCMAudit | user=jenkins1000 | ip=192.168.5.191 | op=SEND_HEARTBEAT {datanodeUUID=1a6ef58e-b6d8-4916-b5f4-f66cad6b6cba, command=[]} | ret=SUCCESS |  
2019-08-27 19:08:58,375 | INFO  | SCMAudit | user=jenkins1000 | ip=192.168.5.191 | op=SEND_HEARTBEAT {datanodeUUID=3e80ec3d-d0df-446e-9c00-872113d57222, command=[]} | ret=SUCCESS |  
2019-08-27 19:08:59,006 | INFO  | SCMAudit | user=jenkins1000 | ip=192.168.5.191 | op=SEND_HEARTBEAT {datanodeUUID=d3c05237-bd84-4234-a934-0ba66750ea46, command=[]} | ret=SUCCESS |  
2019-08-27 19:08:59,037 | INFO  | SCMAudit | user=jenkins1000 | ip=192.168.5.191 | op=SEND_HEARTBEAT {datanodeUUID=457b0f2b-feff-4639-91a3-a11070381d4f, command=[]} | ret=SUCCESS |  
2019-08-27 19:08:59,043 | INFO  | SCMAudit | user=jenkins1000 | ip=192.168.5.191 | op=SEND_HEARTBEAT {datanodeUUID=8dbfb03d-3489-434f-b2ff-176126556357, command=[]} | ret=SUCCESS |  
2019-08-27 19:08:59,073 | INFO  | SCMAudit | user=jenkins1000 | ip=192.168.5.191 | op=SEND_HEARTBEAT {datanodeUUID=7ffeb123-8a07-43fc-9bc5-d9b026895606, command=[]} | ret=SUCCESS |  
2019-08-27 19:08:59,145 | INFO  | SCMAudit | user=jenkins1000 | ip=192.168.5.191 | op=SEND_HEARTBEAT {datanodeUUID=38f28178-96e9-481f-bed8-cfb19f684f50, command=[]} | ret=SUCCESS |  
2019-08-27 19:08:59,242 | INFO  | SCMAudit | user=jenkins1000 | ip=192.168.5.191 | op=SEND_HEARTBEAT {datanodeUUID=1a6ef58e-b6d8-4916-b5f4-f66cad6b6cba, command=[]} | ret=SUCCESS |  
2019-08-27 19:08:59,375 | INFO  | SCMAudit | user=jenkins1000 | ip=192.168.5.191 | op=SEND_HEARTBEAT {datanodeUUID=3e80ec3d-d0df-446e-9c00-872113d57222, command=[]} | ret=SUCCESS |  
2019-08-27 19:08:59,752 [grpc-default-executor-1] INFO  client.GrpcClientProtocolClient (GrpcClientProtocolClient.java:onNext(255)) - client-0C1CC1C50A7C->8dbfb03d-3489-434f-b2ff-176126556357: receive RaftClientReply:client-0C1CC1C50A7C->8dbfb03d-3489-434f-b2ff-176126556357@group-5A0C10B0A675, cid=45, FAILED org.apache.ratis.protocol.NotLeaderException: Server 8dbfb03d-3489-434f-b2ff-176126556357 is not the leader (d3c05237-bd84-4234-a934-0ba66750ea46:192.168.5.191:42272). Request must be sent to leader., logIndex=0, commits[8dbfb03d-3489-434f-b2ff-176126556357:c8, 457b0f2b-feff-4639-91a3-a11070381d4f:c8, d3c05237-bd84-4234-a934-0ba66750ea46:c8]
2019-08-27 19:09:00,007 | INFO  | SCMAudit | user=jenkins1000 | ip=192.168.5.191 | op=SEND_HEARTBEAT {datanodeUUID=d3c05237-bd84-4234-a934-0ba66750ea46, command=[]} | ret=SUCCESS |  
2019-08-27 19:09:00,036 | INFO  | SCMAudit | user=jenkins1000 | ip=192.168.5.191 | op=SEND_HEARTBEAT {datanodeUUID=457b0f2b-feff-4639-91a3-a11070381d4f, command=[]} | ret=SUCCESS |  
2019-08-27 19:09:00,044 | INFO  | SCMAudit | user=jenkins1000 | ip=192.168.5.191 | op=SEND_HEARTBEAT {datanodeUUID=8dbfb03d-3489-434f-b2ff-176126556357, command=[]} | ret=SUCCESS |  
2019-08-27 19:09:00,073 | INFO  | SCMAudit | user=jenkins1000 | ip=192.168.5.191 | op=SEND_HEARTBEAT {datanodeUUID=7ffeb123-8a07-43fc-9bc5-d9b026895606, command=[]} | ret=SUCCESS |  
2019-08-27 19:09:00,146 | INFO  | SCMAudit | user=jenkins1000 | ip=192.168.5.191 | op=SEND_HEARTBEAT {datanodeUUID=38f28178-96e9-481f-bed8-cfb19f684f50, command=[]} | ret=SUCCESS |  
2019-08-27 19:09:00,242 | INFO  | SCMAudit | user=jenkins1000 | ip=192.168.5.191 | op=SEND_HEARTBEAT {datanodeUUID=1a6ef58e-b6d8-4916-b5f4-f66cad6b6cba, command=[]} | ret=SUCCESS |  
2019-08-27 19:09:00,375 | INFO  | SCMAudit | user=jenkins1000 | ip=192.168.5.191 | op=SEND_HEARTBEAT {datanodeUUID=3e80ec3d-d0df-446e-9c00-872113d57222, command=[]} | ret=SUCCESS |  
2019-08-27 19:09:01,006 | INFO  | SCMAudit | user=jenkins1000 | ip=192.168.5.191 | op=SEND_HEARTBEAT {datanodeUUID=d3c05237-bd84-4234-a934-0ba66750ea46, command=[]} | ret=SUCCESS |  
2019-08-27 19:09:01,036 | INFO  | SCMAudit | user=jenkins1000 | ip=192.168.5.191 | op=SEND_HEARTBEAT {datanodeUUID=457b0f2b-feff-4639-91a3-a11070381d4f, command=[]} | ret=SUCCESS |  
2019-08-27 19:09:01,045 | INFO  | SCMAudit | user=jenkins1000 | ip=192.168.5.191 | op=SEND_HEARTBEAT {datanodeUUID=8dbfb03d-3489-434f-b2ff-176126556357, command=[]} | ret=SUCCESS |  
2019-08-27 19:09:01,073 | INFO  | SCMAudit | user=jenkins1000 | ip=192.168.5.191 | op=SEND_HEARTBEAT {datanodeUUID=7ffeb123-8a07-43fc-9bc5-d9b026895606, command=[]} | ret=SUCCESS |  
2019-08-27 19:09:01,146 | INFO  | SCMAudit | user=jenkins1000 | ip=192.168.5.191 | op=SEND_HEARTBEAT {datanodeUUID=38f28178-96e9-481f-bed8-cfb19f684f50, command=[]} | ret=SUCCESS |  
2019-08-27 19:09:01,242 | INFO  | SCMAudit | user=jenkins1000 | ip=192.168.5.191 | op=SEND_HEARTBEAT {datanodeUUID=1a6ef58e-b6d8-4916-b5f4-f66cad6b6cba, command=[]} | ret=SUCCESS |  
2019-08-27 19:09:01,375 | INFO  | SCMAudit | user=jenkins1000 | ip=192.168.5.191 | op=SEND_HEARTBEAT {datanodeUUID=3e80ec3d-d0df-446e-9c00-872113d57222, command=[]} | ret=SUCCESS |  
2019-08-27 19:09:02,007 | INFO  | SCMAudit | user=jenkins1000 | ip=192.168.5.191 | op=SEND_HEARTBEAT {datanodeUUID=d3c05237-bd84-4234-a934-0ba66750ea46, command=[]} | ret=SUCCESS |  
2019-08-27 19:09:02,037 | INFO  | SCMAudit | user=jenkins1000 | ip=192.168.5.191 | op=SEND_HEARTBEAT {datanodeUUID=457b0f2b-feff-4639-91a3-a11070381d4f, command=[]} | ret=SUCCESS |  
2019-08-27 19:09:02,045 | INFO  | SCMAudit | user=jenkins1000 | ip=192.168.5.191 | op=SEND_HEARTBEAT {datanodeUUID=8dbfb03d-3489-434f-b2ff-176126556357, command=[]} | ret=SUCCESS |  
2019-08-27 19:09:02,074 | INFO  | SCMAudit | user=jenkins1000 | ip=192.168.5.191 | op=SEND_HEARTBEAT {datanodeUUID=7ffeb123-8a07-43fc-9bc5-d9b026895606, command=[]} | ret=SUCCESS |  
2019-08-27 19:09:02,146 | INFO  | SCMAudit | user=jenkins1000 | ip=192.168.5.191 | op=SEND_HEARTBEAT {datanodeUUID=38f28178-96e9-481f-bed8-cfb19f684f50, command=[]} | ret=SUCCESS |  
2019-08-27 19:09:02,242 | INFO  | SCMAudit | user=jenkins1000 | ip=192.168.5.191 | op=SEND_HEARTBEAT {datanodeUUID=1a6ef58e-b6d8-4916-b5f4-f66cad6b6cba, command=[]} | ret=SUCCESS |  
2019-08-27 19:09:02,375 | INFO  | SCMAudit | user=jenkins1000 | ip=192.168.5.191 | op=SEND_HEARTBEAT {datanodeUUID=3e80ec3d-d0df-446e-9c00-872113d57222, command=[]} | ret=SUCCESS |  
2019-08-27 19:09:03,006 | INFO  | SCMAudit | user=jenkins1000 | ip=192.168.5.191 | op=SEND_HEARTBEAT {datanodeUUID=d3c05237-bd84-4234-a934-0ba66750ea46, command=[]} | ret=SUCCESS |  
2019-08-27 19:09:03,037 | INFO  | SCMAudit | user=jenkins1000 | ip=192.168.5.191 | op=SEND_HEARTBEAT {datanodeUUID=457b0f2b-feff-4639-91a3-a11070381d4f, command=[]} | ret=SUCCESS |  
2019-08-27 19:09:03,045 | INFO  | SCMAudit | user=jenkins1000 | ip=192.168.5.191 | op=SEND_HEARTBEAT {datanodeUUID=8dbfb03d-3489-434f-b2ff-176126556357, command=[]} | ret=SUCCESS |  
2019-08-27 19:09:03,074 | INFO  | SCMAudit | user=jenkins1000 | ip=192.168.5.191 | op=SEND_HEARTBEAT {datanodeUUID=7ffeb123-8a07-43fc-9bc5-d9b026895606, command=[]} | ret=SUCCESS |  
2019-08-27 19:09:03,146 | INFO  | SCMAudit | user=jenkins1000 | ip=192.168.5.191 | op=SEND_HEARTBEAT {datanodeUUID=38f28178-96e9-481f-bed8-cfb19f684f50, command=[]} | ret=SUCCESS |  
2019-08-27 19:09:03,243 | INFO  | SCMAudit | user=jenkins1000 | ip=192.168.5.191 | op=SEND_HEARTBEAT {datanodeUUID=1a6ef58e-b6d8-4916-b5f4-f66cad6b6cba, command=[]} | ret=SUCCESS |  
2019-08-27 19:09:03,375 | INFO  | SCMAudit | user=jenkins1000 | ip=192.168.5.191 | op=SEND_HEARTBEAT {datanodeUUID=3e80ec3d-d0df-446e-9c00-872113d57222, command=[]} | ret=SUCCESS |  
2019-08-27 19:09:04,006 | INFO  | SCMAudit | user=jenkins1000 | ip=192.168.5.191 | op=SEND_HEARTBEAT {datanodeUUID=d3c05237-bd84-4234-a934-0ba66750ea46, command=[]} | ret=SUCCESS |  
2019-08-27 19:09:04,037 | INFO  | SCMAudit | user=jenkins1000 | ip=192.168.5.191 | op=SEND_HEARTBEAT {datanodeUUID=457b0f2b-feff-4639-91a3-a11070381d4f, command=[]} | ret=SUCCESS |  
2019-08-27 19:09:04,044 | INFO  | SCMAudit | user=jenkins1000 | ip=192.168.5.191 | op=SEND_HEARTBEAT {datanodeUUID=8dbfb03d-3489-434f-b2ff-176126556357, command=[]} | ret=SUCCESS |  
2019-08-27 19:09:04,074 | INFO  | SCMAudit | user=jenkins1000 | ip=192.168.5.191 | op=SEND_HEARTBEAT {datanodeUUID=7ffeb123-8a07-43fc-9bc5-d9b026895606, command=[]} | ret=SUCCESS |  
2019-08-27 19:09:04,148 | INFO  | SCMAudit | user=jenkins1000 | ip=192.168.5.191 | op=SEND_HEARTBEAT {datanodeUUID=38f28178-96e9-481f-bed8-cfb19f684f50, command=[]} | ret=SUCCESS |  
2019-08-27 19:09:04,243 | INFO  | SCMAudit | user=jenkins1000 | ip=192.168.5.191 | op=SEND_HEARTBEAT {datanodeUUID=1a6ef58e-b6d8-4916-b5f4-f66cad6b6cba, command=[]} | ret=SUCCESS |  
2019-08-27 19:09:04,375 | INFO  | SCMAudit | user=jenkins1000 | ip=192.168.5.191 | op=SEND_HEARTBEAT {datanodeUUID=3e80ec3d-d0df-446e-9c00-872113d57222, command=[]} | ret=SUCCESS |  
2019-08-27 19:09:04,791 [grpc-default-executor-5] INFO  client.GrpcClientProtocolClient (GrpcClientProtocolClient.java:onNext(255)) - client-0C1CC1C50A7C->8dbfb03d-3489-434f-b2ff-176126556357: receive RaftClientReply:client-0C1CC1C50A7C->8dbfb03d-3489-434f-b2ff-176126556357@group-5A0C10B0A675, cid=45, FAILED org.apache.ratis.protocol.NotLeaderException: Server 8dbfb03d-3489-434f-b2ff-176126556357 is not the leader (d3c05237-bd84-4234-a934-0ba66750ea46:192.168.5.191:42272). Request must be sent to leader., logIndex=0, commits[8dbfb03d-3489-434f-b2ff-176126556357:c8, 457b0f2b-feff-4639-91a3-a11070381d4f:c8, d3c05237-bd84-4234-a934-0ba66750ea46:c8]
2019-08-27 19:09:05,006 | INFO  | SCMAudit | user=jenkins1000 | ip=192.168.5.191 | op=SEND_HEARTBEAT {datanodeUUID=d3c05237-bd84-4234-a934-0ba66750ea46, command=[]} | ret=SUCCESS |  
2019-08-27 19:09:05,037 | INFO  | SCMAudit | user=jenkins1000 | ip=192.168.5.191 | op=SEND_HEARTBEAT {datanodeUUID=457b0f2b-feff-4639-91a3-a11070381d4f, command=[]} | ret=SUCCESS |  
2019-08-27 19:09:05,045 | INFO  | SCMAudit | user=jenkins1000 | ip=192.168.5.191 | op=SEND_HEARTBEAT {datanodeUUID=8dbfb03d-3489-434f-b2ff-176126556357, command=[]} | ret=SUCCESS |  
2019-08-27 19:09:05,074 | INFO  | SCMAudit | user=jenkins1000 | ip=192.168.5.191 | op=SEND_HEARTBEAT {datanodeUUID=7ffeb123-8a07-43fc-9bc5-d9b026895606, command=[]} | ret=SUCCESS |  
2019-08-27 19:09:05,147 | INFO  | SCMAudit | user=jenkins1000 | ip=192.168.5.191 | op=SEND_HEARTBEAT {datanodeUUID=38f28178-96e9-481f-bed8-cfb19f684f50, command=[]} | ret=SUCCESS |  
2019-08-27 19:09:05,243 | INFO  | SCMAudit | user=jenkins1000 | ip=192.168.5.191 | op=SEND_HEARTBEAT {datanodeUUID=1a6ef58e-b6d8-4916-b5f4-f66cad6b6cba, command=[]} | ret=SUCCESS |  
2019-08-27 19:09:05,375 | INFO  | SCMAudit | user=jenkins1000 | ip=192.168.5.191 | op=SEND_HEARTBEAT {datanodeUUID=3e80ec3d-d0df-446e-9c00-872113d57222, command=[]} | ret=SUCCESS |  
2019-08-27 19:09:06,006 | INFO  | SCMAudit | user=jenkins1000 | ip=192.168.5.191 | op=SEND_HEARTBEAT {datanodeUUID=d3c05237-bd84-4234-a934-0ba66750ea46, command=[]} | ret=SUCCESS |  
2019-08-27 19:09:06,037 | INFO  | SCMAudit | user=jenkins1000 | ip=192.168.5.191 | op=SEND_HEARTBEAT {datanodeUUID=457b0f2b-feff-4639-91a3-a11070381d4f, command=[]} | ret=SUCCESS |  
2019-08-27 19:09:06,045 | INFO  | SCMAudit | user=jenkins1000 | ip=192.168.5.191 | op=SEND_HEARTBEAT {datanodeUUID=8dbfb03d-3489-434f-b2ff-176126556357, command=[]} | ret=SUCCESS |  
2019-08-27 19:09:06,074 | INFO  | SCMAudit | user=jenkins1000 | ip=192.168.5.191 | op=SEND_HEARTBEAT {datanodeUUID=7ffeb123-8a07-43fc-9bc5-d9b026895606, command=[]} | ret=SUCCESS |  
2019-08-27 19:09:06,147 | INFO  | SCMAudit | user=jenkins1000 | ip=192.168.5.191 | op=SEND_HEARTBEAT {datanodeUUID=38f28178-96e9-481f-bed8-cfb19f684f50, command=[]} | ret=SUCCESS |  
2019-08-27 19:09:06,243 | INFO  | SCMAudit | user=jenkins1000 | ip=192.168.5.191 | op=SEND_HEARTBEAT {datanodeUUID=1a6ef58e-b6d8-4916-b5f4-f66cad6b6cba, command=[]} | ret=SUCCESS |  
2019-08-27 19:09:06,375 | INFO  | SCMAudit | user=jenkins1000 | ip=192.168.5.191 | op=SEND_HEARTBEAT {datanodeUUID=3e80ec3d-d0df-446e-9c00-872113d57222, command=[]} | ret=SUCCESS |  
2019-08-27 19:09:07,006 | INFO  | SCMAudit | user=jenkins1000 | ip=192.168.5.191 | op=SEND_HEARTBEAT {datanodeUUID=d3c05237-bd84-4234-a934-0ba66750ea46, command=[]} | ret=SUCCESS |  
2019-08-27 19:09:07,037 | INFO  | SCMAudit | user=jenkins1000 | ip=192.168.5.191 | op=SEND_HEARTBEAT {datanodeUUID=457b0f2b-feff-4639-91a3-a11070381d4f, command=[]} | ret=SUCCESS |  
2019-08-27 19:09:07,045 | INFO  | SCMAudit | user=jenkins1000 | ip=192.168.5.191 | op=SEND_HEARTBEAT {datanodeUUID=8dbfb03d-3489-434f-b2ff-176126556357, command=[]} | ret=SUCCESS |  
2019-08-27 19:09:07,074 | INFO  | SCMAudit | user=jenkins1000 | ip=192.168.5.191 | op=SEND_HEARTBEAT {datanodeUUID=7ffeb123-8a07-43fc-9bc5-d9b026895606, command=[]} | ret=SUCCESS |  
2019-08-27 19:09:07,147 | INFO  | SCMAudit | user=jenkins1000 | ip=192.168.5.191 | op=SEND_HEARTBEAT {datanodeUUID=38f28178-96e9-481f-bed8-cfb19f684f50, command=[]} | ret=SUCCESS |  
2019-08-27 19:09:07,243 | INFO  | SCMAudit | user=jenkins1000 | ip=192.168.5.191 | op=SEND_HEARTBEAT {datanodeUUID=1a6ef58e-b6d8-4916-b5f4-f66cad6b6cba, command=[]} | ret=SUCCESS |  
2019-08-27 19:09:07,375 | INFO  | SCMAudit | user=jenkins1000 | ip=192.168.5.191 | op=SEND_HEARTBEAT {datanodeUUID=3e80ec3d-d0df-446e-9c00-872113d57222, command=[]} | ret=SUCCESS |  
2019-08-27 19:09:08,007 | INFO  | SCMAudit | user=jenkins1000 | ip=192.168.5.191 | op=SEND_HEARTBEAT {datanodeUUID=d3c05237-bd84-4234-a934-0ba66750ea46, command=[]} | ret=SUCCESS |  
2019-08-27 19:09:08,037 | INFO  | SCMAudit | user=jenkins1000 | ip=192.168.5.191 | op=SEND_HEARTBEAT {datanodeUUID=457b0f2b-feff-4639-91a3-a11070381d4f, command=[]} | ret=SUCCESS |  
2019-08-27 19:09:08,045 | INFO  | SCMAudit | user=jenkins1000 | ip=192.168.5.191 | op=SEND_HEARTBEAT {datanodeUUID=8dbfb03d-3489-434f-b2ff-176126556357, command=[]} | ret=SUCCESS |  
2019-08-27 19:09:08,074 | INFO  | SCMAudit | user=jenkins1000 | ip=192.168.5.191 | op=SEND_HEARTBEAT {datanodeUUID=7ffeb123-8a07-43fc-9bc5-d9b026895606, command=[]} | ret=SUCCESS |  
2019-08-27 19:09:08,147 | INFO  | SCMAudit | user=jenkins1000 | ip=192.168.5.191 | op=SEND_HEARTBEAT {datanodeUUID=38f28178-96e9-481f-bed8-cfb19f684f50, command=[]} | ret=SUCCESS |  
2019-08-27 19:09:08,244 | INFO  | SCMAudit | user=jenkins1000 | ip=192.168.5.191 | op=SEND_HEARTBEAT {datanodeUUID=1a6ef58e-b6d8-4916-b5f4-f66cad6b6cba, command=[]} | ret=SUCCESS |  
2019-08-27 19:09:08,375 | INFO  | SCMAudit | user=jenkins1000 | ip=192.168.5.191 | op=SEND_HEARTBEAT {datanodeUUID=3e80ec3d-d0df-446e-9c00-872113d57222, command=[]} | ret=SUCCESS |  
2019-08-27 19:09:09,007 | INFO  | SCMAudit | user=jenkins1000 | ip=192.168.5.191 | op=SEND_HEARTBEAT {datanodeUUID=d3c05237-bd84-4234-a934-0ba66750ea46, command=[]} | ret=SUCCESS |  
2019-08-27 19:09:09,037 | INFO  | SCMAudit | user=jenkins1000 | ip=192.168.5.191 | op=SEND_HEARTBEAT {datanodeUUID=457b0f2b-feff-4639-91a3-a11070381d4f, command=[]} | ret=SUCCESS |  
2019-08-27 19:09:09,045 | INFO  | SCMAudit | user=jenkins1000 | ip=192.168.5.191 | op=SEND_HEARTBEAT {datanodeUUID=8dbfb03d-3489-434f-b2ff-176126556357, command=[]} | ret=SUCCESS |  
2019-08-27 19:09:09,074 | INFO  | SCMAudit | user=jenkins1000 | ip=192.168.5.191 | op=SEND_HEARTBEAT {datanodeUUID=7ffeb123-8a07-43fc-9bc5-d9b026895606, command=[]} | ret=SUCCESS |  
2019-08-27 19:09:09,147 | INFO  | SCMAudit | user=jenkins1000 | ip=192.168.5.191 | op=SEND_HEARTBEAT {datanodeUUID=38f28178-96e9-481f-bed8-cfb19f684f50, command=[]} | ret=SUCCESS |  
2019-08-27 19:09:09,243 | INFO  | SCMAudit | user=jenkins1000 | ip=192.168.5.191 | op=SEND_HEARTBEAT {datanodeUUID=1a6ef58e-b6d8-4916-b5f4-f66cad6b6cba, command=[]} | ret=SUCCESS |  
2019-08-27 19:09:09,375 | INFO  | SCMAudit | user=jenkins1000 | ip=192.168.5.191 | op=SEND_HEARTBEAT {datanodeUUID=3e80ec3d-d0df-446e-9c00-872113d57222, command=[]} | ret=SUCCESS |  
2019-08-27 19:09:09,845 [grpc-default-executor-5] INFO  client.GrpcClientProtocolClient (GrpcClientProtocolClient.java:onNext(255)) - client-0C1CC1C50A7C->8dbfb03d-3489-434f-b2ff-176126556357: receive RaftClientReply:client-0C1CC1C50A7C->8dbfb03d-3489-434f-b2ff-176126556357@group-5A0C10B0A675, cid=45, FAILED org.apache.ratis.protocol.NotLeaderException: Server 8dbfb03d-3489-434f-b2ff-176126556357 is not the leader (d3c05237-bd84-4234-a934-0ba66750ea46:192.168.5.191:42272). Request must be sent to leader., logIndex=0, commits[8dbfb03d-3489-434f-b2ff-176126556357:c8, 457b0f2b-feff-4639-91a3-a11070381d4f:c8, d3c05237-bd84-4234-a934-0ba66750ea46:c8]
2019-08-27 19:09:10,008 | INFO  | SCMAudit | user=jenkins1000 | ip=192.168.5.191 | op=SEND_HEARTBEAT {datanodeUUID=d3c05237-bd84-4234-a934-0ba66750ea46, command=[]} | ret=SUCCESS |  
2019-08-27 19:09:10,037 | INFO  | SCMAudit | user=jenkins1000 | ip=192.168.5.191 | op=SEND_HEARTBEAT {datanodeUUID=457b0f2b-feff-4639-91a3-a11070381d4f, command=[]} | ret=SUCCESS |  
2019-08-27 19:09:10,045 | INFO  | SCMAudit | user=jenkins1000 | ip=192.168.5.191 | op=SEND_HEARTBEAT {datanodeUUID=8dbfb03d-3489-434f-b2ff-176126556357, command=[]} | ret=SUCCESS |  
2019-08-27 19:09:10,074 | INFO  | SCMAudit | user=jenkins1000 | ip=192.168.5.191 | op=SEND_HEARTBEAT {datanodeUUID=7ffeb123-8a07-43fc-9bc5-d9b026895606, command=[]} | ret=SUCCESS |  
2019-08-27 19:09:10,147 | INFO  | SCMAudit | user=jenkins1000 | ip=192.168.5.191 | op=SEND_HEARTBEAT {datanodeUUID=38f28178-96e9-481f-bed8-cfb19f684f50, command=[]} | ret=SUCCESS |  
2019-08-27 19:09:10,243 | INFO  | SCMAudit | user=jenkins1000 | ip=192.168.5.191 | op=SEND_HEARTBEAT {datanodeUUID=1a6ef58e-b6d8-4916-b5f4-f66cad6b6cba, command=[]} | ret=SUCCESS |  
2019-08-27 19:09:10,376 | INFO  | SCMAudit | user=jenkins1000 | ip=192.168.5.191 | op=SEND_HEARTBEAT {datanodeUUID=3e80ec3d-d0df-446e-9c00-872113d57222, command=[]} | ret=SUCCESS |  
2019-08-27 19:09:11,008 | INFO  | SCMAudit | user=jenkins1000 | ip=192.168.5.191 | op=SEND_HEARTBEAT {datanodeUUID=d3c05237-bd84-4234-a934-0ba66750ea46, command=[]} | ret=SUCCESS |  
2019-08-27 19:09:11,038 | INFO  | SCMAudit | user=jenkins1000 | ip=192.168.5.191 | op=SEND_HEARTBEAT {datanodeUUID=457b0f2b-feff-4639-91a3-a11070381d4f, command=[]} | ret=SUCCESS |  
2019-08-27 19:09:11,045 | INFO  | SCMAudit | user=jenkins1000 | ip=192.168.5.191 | op=SEND_HEARTBEAT {datanodeUUID=8dbfb03d-3489-434f-b2ff-176126556357, command=[]} | ret=SUCCESS |  
2019-08-27 19:09:11,074 | INFO  | SCMAudit | user=jenkins1000 | ip=192.168.5.191 | op=SEND_HEARTBEAT {datanodeUUID=7ffeb123-8a07-43fc-9bc5-d9b026895606, command=[]} | ret=SUCCESS |  
2019-08-27 19:09:11,147 | INFO  | SCMAudit | user=jenkins1000 | ip=192.168.5.191 | op=SEND_HEARTBEAT {datanodeUUID=38f28178-96e9-481f-bed8-cfb19f684f50, command=[]} | ret=SUCCESS |  
2019-08-27 19:09:11,243 | INFO  | SCMAudit | user=jenkins1000 | ip=192.168.5.191 | op=SEND_HEARTBEAT {datanodeUUID=1a6ef58e-b6d8-4916-b5f4-f66cad6b6cba, command=[]} | ret=SUCCESS |  
2019-08-27 19:09:11,376 | INFO  | SCMAudit | user=jenkins1000 | ip=192.168.5.191 | op=SEND_HEARTBEAT {datanodeUUID=3e80ec3d-d0df-446e-9c00-872113d57222, command=[]} | ret=SUCCESS |  
2019-08-27 19:09:12,009 | INFO  | SCMAudit | user=jenkins1000 | ip=192.168.5.191 | op=SEND_HEARTBEAT {datanodeUUID=d3c05237-bd84-4234-a934-0ba66750ea46, command=[]} | ret=SUCCESS |  
2019-08-27 19:09:12,038 | INFO  | SCMAudit | user=jenkins1000 | ip=192.168.5.191 | op=SEND_HEARTBEAT {datanodeUUID=457b0f2b-feff-4639-91a3-a11070381d4f, command=[]} | ret=SUCCESS |  
2019-08-27 19:09:12,045 | INFO  | SCMAudit | user=jenkins1000 | ip=192.168.5.191 | op=SEND_HEARTBEAT {datanodeUUID=8dbfb03d-3489-434f-b2ff-176126556357, command=[]} | ret=SUCCESS |  
2019-08-27 19:09:12,074 | INFO  | SCMAudit | user=jenkins1000 | ip=192.168.5.191 | op=SEND_HEARTBEAT {datanodeUUID=7ffeb123-8a07-43fc-9bc5-d9b026895606, command=[]} | ret=SUCCESS |  
2019-08-27 19:09:12,147 | INFO  | SCMAudit | user=jenkins1000 | ip=192.168.5.191 | op=SEND_HEARTBEAT {datanodeUUID=38f28178-96e9-481f-bed8-cfb19f684f50, command=[]} | ret=SUCCESS |  
2019-08-27 19:09:12,243 | INFO  | SCMAudit | user=jenkins1000 | ip=192.168.5.191 | op=SEND_HEARTBEAT {datanodeUUID=1a6ef58e-b6d8-4916-b5f4-f66cad6b6cba, command=[]} | ret=SUCCESS |  
2019-08-27 19:09:12,376 | INFO  | SCMAudit | user=jenkins1000 | ip=192.168.5.191 | op=SEND_HEARTBEAT {datanodeUUID=3e80ec3d-d0df-446e-9c00-872113d57222, command=[]} | ret=SUCCESS |  
2019-08-27 19:09:13,009 | INFO  | SCMAudit | user=jenkins1000 | ip=192.168.5.191 | op=SEND_HEARTBEAT {datanodeUUID=d3c05237-bd84-4234-a934-0ba66750ea46, command=[]} | ret=SUCCESS |  
2019-08-27 19:09:13,038 | INFO  | SCMAudit | user=jenkins1000 | ip=192.168.5.191 | op=SEND_HEARTBEAT {datanodeUUID=457b0f2b-feff-4639-91a3-a11070381d4f, command=[]} | ret=SUCCESS |  
2019-08-27 19:09:13,046 | INFO  | SCMAudit | user=jenkins1000 | ip=192.168.5.191 | op=SEND_HEARTBEAT {datanodeUUID=8dbfb03d-3489-434f-b2ff-176126556357, command=[]} | ret=SUCCESS |  
2019-08-27 19:09:13,074 | INFO  | SCMAudit | user=jenkins1000 | ip=192.168.5.191 | op=SEND_HEARTBEAT {datanodeUUID=7ffeb123-8a07-43fc-9bc5-d9b026895606, command=[]} | ret=SUCCESS |  
2019-08-27 19:09:13,147 | INFO  | SCMAudit | user=jenkins1000 | ip=192.168.5.191 | op=SEND_HEARTBEAT {datanodeUUID=38f28178-96e9-481f-bed8-cfb19f684f50, command=[]} | ret=SUCCESS |  
2019-08-27 19:09:13,243 | INFO  | SCMAudit | user=jenkins1000 | ip=192.168.5.191 | op=SEND_HEARTBEAT {datanodeUUID=1a6ef58e-b6d8-4916-b5f4-f66cad6b6cba, command=[]} | ret=SUCCESS |  
2019-08-27 19:09:13,376 | INFO  | SCMAudit | user=jenkins1000 | ip=192.168.5.191 | op=SEND_HEARTBEAT {datanodeUUID=3e80ec3d-d0df-446e-9c00-872113d57222, command=[]} | ret=SUCCESS |  
2019-08-27 19:09:14,009 | INFO  | SCMAudit | user=jenkins1000 | ip=192.168.5.191 | op=SEND_HEARTBEAT {datanodeUUID=d3c05237-bd84-4234-a934-0ba66750ea46, command=[]} | ret=SUCCESS |  
2019-08-27 19:09:14,038 | INFO  | SCMAudit | user=jenkins1000 | ip=192.168.5.191 | op=SEND_HEARTBEAT {datanodeUUID=457b0f2b-feff-4639-91a3-a11070381d4f, command=[]} | ret=SUCCESS |  
2019-08-27 19:09:14,047 | INFO  | SCMAudit | user=jenkins1000 | ip=192.168.5.191 | op=SEND_HEARTBEAT {datanodeUUID=8dbfb03d-3489-434f-b2ff-176126556357, command=[]} | ret=SUCCESS |  
2019-08-27 19:09:14,074 | INFO  | SCMAudit | user=jenkins1000 | ip=192.168.5.191 | op=SEND_HEARTBEAT {datanodeUUID=7ffeb123-8a07-43fc-9bc5-d9b026895606, command=[]} | ret=SUCCESS |  
2019-08-27 19:09:14,147 | INFO  | SCMAudit | user=jenkins1000 | ip=192.168.5.191 | op=SEND_HEARTBEAT {datanodeUUID=38f28178-96e9-481f-bed8-cfb19f684f50, command=[]} | ret=SUCCESS |  
2019-08-27 19:09:14,243 | INFO  | SCMAudit | user=jenkins1000 | ip=192.168.5.191 | op=SEND_HEARTBEAT {datanodeUUID=1a6ef58e-b6d8-4916-b5f4-f66cad6b6cba, command=[]} | ret=SUCCESS |  
2019-08-27 19:09:14,375 | INFO  | SCMAudit | user=jenkins1000 | ip=192.168.5.191 | op=SEND_HEARTBEAT {datanodeUUID=3e80ec3d-d0df-446e-9c00-872113d57222, command=[]} | ret=SUCCESS |  
2019-08-27 19:09:14,878 [grpc-default-executor-1] INFO  client.GrpcClientProtocolClient (GrpcClientProtocolClient.java:onNext(255)) - client-0C1CC1C50A7C->457b0f2b-feff-4639-91a3-a11070381d4f: receive RaftClientReply:client-0C1CC1C50A7C->457b0f2b-feff-4639-91a3-a11070381d4f@group-5A0C10B0A675, cid=45, FAILED org.apache.ratis.protocol.NotLeaderException: Server 457b0f2b-feff-4639-91a3-a11070381d4f is not the leader (d3c05237-bd84-4234-a934-0ba66750ea46:192.168.5.191:42272). Request must be sent to leader., logIndex=0, commits[457b0f2b-feff-4639-91a3-a11070381d4f:c8, d3c05237-bd84-4234-a934-0ba66750ea46:c8, 8dbfb03d-3489-434f-b2ff-176126556357:c8]
2019-08-27 19:09:15,009 | INFO  | SCMAudit | user=jenkins1000 | ip=192.168.5.191 | op=SEND_HEARTBEAT {datanodeUUID=d3c05237-bd84-4234-a934-0ba66750ea46, command=[]} | ret=SUCCESS |  
2019-08-27 19:09:15,038 | INFO  | SCMAudit | user=jenkins1000 | ip=192.168.5.191 | op=SEND_HEARTBEAT {datanodeUUID=457b0f2b-feff-4639-91a3-a11070381d4f, command=[]} | ret=SUCCESS |  
2019-08-27 19:09:15,047 | INFO  | SCMAudit | user=jenkins1000 | ip=192.168.5.191 | op=SEND_HEARTBEAT {datanodeUUID=8dbfb03d-3489-434f-b2ff-176126556357, command=[]} | ret=SUCCESS |  
2019-08-27 19:09:15,074 | INFO  | SCMAudit | user=jenkins1000 | ip=192.168.5.191 | op=SEND_HEARTBEAT {datanodeUUID=7ffeb123-8a07-43fc-9bc5-d9b026895606, command=[]} | ret=SUCCESS |  
2019-08-27 19:09:15,147 | INFO  | SCMAudit | user=jenkins1000 | ip=192.168.5.191 | op=SEND_HEARTBEAT {datanodeUUID=38f28178-96e9-481f-bed8-cfb19f684f50, command=[]} | ret=SUCCESS |  
2019-08-27 19:09:15,243 | INFO  | SCMAudit | user=jenkins1000 | ip=192.168.5.191 | op=SEND_HEARTBEAT {datanodeUUID=1a6ef58e-b6d8-4916-b5f4-f66cad6b6cba, command=[]} | ret=SUCCESS |  
2019-08-27 19:09:15,376 | INFO  | SCMAudit | user=jenkins1000 | ip=192.168.5.191 | op=SEND_HEARTBEAT {datanodeUUID=3e80ec3d-d0df-446e-9c00-872113d57222, command=[]} | ret=SUCCESS |  
2019-08-27 19:09:16,009 | INFO  | SCMAudit | user=jenkins1000 | ip=192.168.5.191 | op=SEND_HEARTBEAT {datanodeUUID=d3c05237-bd84-4234-a934-0ba66750ea46, command=[]} | ret=SUCCESS |  
2019-08-27 19:09:16,038 | INFO  | SCMAudit | user=jenkins1000 | ip=192.168.5.191 | op=SEND_HEARTBEAT {datanodeUUID=457b0f2b-feff-4639-91a3-a11070381d4f, command=[]} | ret=SUCCESS |  
2019-08-27 19:09:16,047 | INFO  | SCMAudit | user=jenkins1000 | ip=192.168.5.191 | op=SEND_HEARTBEAT {datanodeUUID=8dbfb03d-3489-434f-b2ff-176126556357, command=[]} | ret=SUCCESS |  
2019-08-27 19:09:16,075 | INFO  | SCMAudit | user=jenkins1000 | ip=192.168.5.191 | op=SEND_HEARTBEAT {datanodeUUID=7ffeb123-8a07-43fc-9bc5-d9b026895606, command=[]} | ret=SUCCESS |  
2019-08-27 19:09:16,147 | INFO  | SCMAudit | user=jenkins1000 | ip=192.168.5.191 | op=SEND_HEARTBEAT {datanodeUUID=38f28178-96e9-481f-bed8-cfb19f684f50, command=[]} | ret=SUCCESS |  
2019-08-27 19:09:16,243 | INFO  | SCMAudit | user=jenkins1000 | ip=192.168.5.191 | op=SEND_HEARTBEAT {datanodeUUID=1a6ef58e-b6d8-4916-b5f4-f66cad6b6cba, command=[]} | ret=SUCCESS |  
2019-08-27 19:09:16,376 | INFO  | SCMAudit | user=jenkins1000 | ip=192.168.5.191 | op=SEND_HEARTBEAT {datanodeUUID=3e80ec3d-d0df-446e-9c00-872113d57222, command=[]} | ret=SUCCESS |  
2019-08-27 19:09:17,009 | INFO  | SCMAudit | user=jenkins1000 | ip=192.168.5.191 | op=SEND_HEARTBEAT {datanodeUUID=d3c05237-bd84-4234-a934-0ba66750ea46, command=[]} | ret=SUCCESS |  
2019-08-27 19:09:17,038 | INFO  | SCMAudit | user=jenkins1000 | ip=192.168.5.191 | op=SEND_HEARTBEAT {datanodeUUID=457b0f2b-feff-4639-91a3-a11070381d4f, command=[]} | ret=SUCCESS |  
2019-08-27 19:09:17,047 | INFO  | SCMAudit | user=jenkins1000 | ip=192.168.5.191 | op=SEND_HEARTBEAT {datanodeUUID=8dbfb03d-3489-434f-b2ff-176126556357, command=[]} | ret=SUCCESS |  
2019-08-27 19:09:17,075 | INFO  | SCMAudit | user=jenkins1000 | ip=192.168.5.191 | op=SEND_HEARTBEAT {datanodeUUID=7ffeb123-8a07-43fc-9bc5-d9b026895606, command=[]} | ret=SUCCESS |  
2019-08-27 19:09:17,147 | INFO  | SCMAudit | user=jenkins1000 | ip=192.168.5.191 | op=SEND_HEARTBEAT {datanodeUUID=38f28178-96e9-481f-bed8-cfb19f684f50, command=[]} | ret=SUCCESS |  
2019-08-27 19:09:17,243 | INFO  | SCMAudit | user=jenkins1000 | ip=192.168.5.191 | op=SEND_HEARTBEAT {datanodeUUID=1a6ef58e-b6d8-4916-b5f4-f66cad6b6cba, command=[]} | ret=SUCCESS |  
2019-08-27 19:09:17,376 | INFO  | SCMAudit | user=jenkins1000 | ip=192.168.5.191 | op=SEND_HEARTBEAT {datanodeUUID=3e80ec3d-d0df-446e-9c00-872113d57222, command=[]} | ret=SUCCESS |  
2019-08-27 19:09:18,009 | INFO  | SCMAudit | user=jenkins1000 | ip=192.168.5.191 | op=SEND_HEARTBEAT {datanodeUUID=d3c05237-bd84-4234-a934-0ba66750ea46, command=[]} | ret=SUCCESS |  
2019-08-27 19:09:18,038 | INFO  | SCMAudit | user=jenkins1000 | ip=192.168.5.191 | op=SEND_HEARTBEAT {datanodeUUID=457b0f2b-feff-4639-91a3-a11070381d4f, command=[]} | ret=SUCCESS |  
2019-08-27 19:09:18,047 | INFO  | SCMAudit | user=jenkins1000 | ip=192.168.5.191 | op=SEND_HEARTBEAT {datanodeUUID=8dbfb03d-3489-434f-b2ff-176126556357, command=[]} | ret=SUCCESS |  
2019-08-27 19:09:18,075 | INFO  | SCMAudit | user=jenkins1000 | ip=192.168.5.191 | op=SEND_HEARTBEAT {datanodeUUID=7ffeb123-8a07-43fc-9bc5-d9b026895606, command=[]} | ret=SUCCESS |  
2019-08-27 19:09:18,147 | INFO  | SCMAudit | user=jenkins1000 | ip=192.168.5.191 | op=SEND_HEARTBEAT {datanodeUUID=38f28178-96e9-481f-bed8-cfb19f684f50, command=[]} | ret=SUCCESS |  
2019-08-27 19:09:18,243 | INFO  | SCMAudit | user=jenkins1000 | ip=192.168.5.191 | op=SEND_HEARTBEAT {datanodeUUID=1a6ef58e-b6d8-4916-b5f4-f66cad6b6cba, command=[]} | ret=SUCCESS |  
2019-08-27 19:09:18,377 | INFO  | SCMAudit | user=jenkins1000 | ip=192.168.5.191 | op=SEND_HEARTBEAT {datanodeUUID=3e80ec3d-d0df-446e-9c00-872113d57222, command=[]} | ret=SUCCESS |  
2019-08-27 19:09:19,009 | INFO  | SCMAudit | user=jenkins1000 | ip=192.168.5.191 | op=SEND_HEARTBEAT {datanodeUUID=d3c05237-bd84-4234-a934-0ba66750ea46, command=[]} | ret=SUCCESS |  
2019-08-27 19:09:19,038 | INFO  | SCMAudit | user=jenkins1000 | ip=192.168.5.191 | op=SEND_HEARTBEAT {datanodeUUID=457b0f2b-feff-4639-91a3-a11070381d4f, command=[]} | ret=SUCCESS |  
2019-08-27 19:09:19,048 | INFO  | SCMAudit | user=jenkins1000 | ip=192.168.5.191 | op=SEND_HEARTBEAT {datanodeUUID=8dbfb03d-3489-434f-b2ff-176126556357, command=[]} | ret=SUCCESS |  
2019-08-27 19:09:19,075 | INFO  | SCMAudit | user=jenkins1000 | ip=192.168.5.191 | op=SEND_HEARTBEAT {datanodeUUID=7ffeb123-8a07-43fc-9bc5-d9b026895606, command=[]} | ret=SUCCESS |  
2019-08-27 19:09:19,147 | INFO  | SCMAudit | user=jenkins1000 | ip=192.168.5.191 | op=SEND_HEARTBEAT {datanodeUUID=38f28178-96e9-481f-bed8-cfb19f684f50, command=[]} | ret=SUCCESS |  
2019-08-27 19:09:19,243 | INFO  | SCMAudit | user=jenkins1000 | ip=192.168.5.191 | op=SEND_HEARTBEAT {datanodeUUID=1a6ef58e-b6d8-4916-b5f4-f66cad6b6cba, command=[]} | ret=SUCCESS |  
2019-08-27 19:09:19,377 | INFO  | SCMAudit | user=jenkins1000 | ip=192.168.5.191 | op=SEND_HEARTBEAT {datanodeUUID=3e80ec3d-d0df-446e-9c00-872113d57222, command=[]} | ret=SUCCESS |  
2019-08-27 19:09:19,918 [grpc-default-executor-5] INFO  client.GrpcClientProtocolClient (GrpcClientProtocolClient.java:onNext(255)) - client-0C1CC1C50A7C->457b0f2b-feff-4639-91a3-a11070381d4f: receive RaftClientReply:client-0C1CC1C50A7C->457b0f2b-feff-4639-91a3-a11070381d4f@group-5A0C10B0A675, cid=45, FAILED org.apache.ratis.protocol.NotLeaderException: Server 457b0f2b-feff-4639-91a3-a11070381d4f is not the leader (d3c05237-bd84-4234-a934-0ba66750ea46:192.168.5.191:42272). Request must be sent to leader., logIndex=0, commits[457b0f2b-feff-4639-91a3-a11070381d4f:c8, d3c05237-bd84-4234-a934-0ba66750ea46:c8, 8dbfb03d-3489-434f-b2ff-176126556357:c8]
2019-08-27 19:09:20,009 | INFO  | SCMAudit | user=jenkins1000 | ip=192.168.5.191 | op=SEND_HEARTBEAT {datanodeUUID=d3c05237-bd84-4234-a934-0ba66750ea46, command=[]} | ret=SUCCESS |  
2019-08-27 19:09:20,038 | INFO  | SCMAudit | user=jenkins1000 | ip=192.168.5.191 | op=SEND_HEARTBEAT {datanodeUUID=457b0f2b-feff-4639-91a3-a11070381d4f, command=[]} | ret=SUCCESS |  
2019-08-27 19:09:20,048 | INFO  | SCMAudit | user=jenkins1000 | ip=192.168.5.191 | op=SEND_HEARTBEAT {datanodeUUID=8dbfb03d-3489-434f-b2ff-176126556357, command=[]} | ret=SUCCESS |  
2019-08-27 19:09:20,075 | INFO  | SCMAudit | user=jenkins1000 | ip=192.168.5.191 | op=SEND_HEARTBEAT {datanodeUUID=7ffeb123-8a07-43fc-9bc5-d9b026895606, command=[]} | ret=SUCCESS |  
2019-08-27 19:09:20,147 | INFO  | SCMAudit | user=jenkins1000 | ip=192.168.5.191 | op=SEND_HEARTBEAT {datanodeUUID=38f28178-96e9-481f-bed8-cfb19f684f50, command=[]} | ret=SUCCESS |  
2019-08-27 19:09:20,244 | INFO  | SCMAudit | user=jenkins1000 | ip=192.168.5.191 | op=SEND_HEARTBEAT {datanodeUUID=1a6ef58e-b6d8-4916-b5f4-f66cad6b6cba, command=[]} | ret=SUCCESS |  
2019-08-27 19:09:20,379 | INFO  | SCMAudit | user=jenkins1000 | ip=192.168.5.191 | op=SEND_HEARTBEAT {datanodeUUID=3e80ec3d-d0df-446e-9c00-872113d57222, command=[]} | ret=SUCCESS |  
2019-08-27 19:09:21,009 | INFO  | SCMAudit | user=jenkins1000 | ip=192.168.5.191 | op=SEND_HEARTBEAT {datanodeUUID=d3c05237-bd84-4234-a934-0ba66750ea46, command=[]} | ret=SUCCESS |  
2019-08-27 19:09:21,038 | INFO  | SCMAudit | user=jenkins1000 | ip=192.168.5.191 | op=SEND_HEARTBEAT {datanodeUUID=457b0f2b-feff-4639-91a3-a11070381d4f, command=[]} | ret=SUCCESS |  
2019-08-27 19:09:21,048 | INFO  | SCMAudit | user=jenkins1000 | ip=192.168.5.191 | op=SEND_HEARTBEAT {datanodeUUID=8dbfb03d-3489-434f-b2ff-176126556357, command=[]} | ret=SUCCESS |  
2019-08-27 19:09:21,075 | INFO  | SCMAudit | user=jenkins1000 | ip=192.168.5.191 | op=SEND_HEARTBEAT {datanodeUUID=7ffeb123-8a07-43fc-9bc5-d9b026895606, command=[]} | ret=SUCCESS |  
2019-08-27 19:09:21,149 | INFO  | SCMAudit | user=jenkins1000 | ip=192.168.5.191 | op=SEND_HEARTBEAT {datanodeUUID=38f28178-96e9-481f-bed8-cfb19f684f50, command=[]} | ret=SUCCESS |  
2019-08-27 19:09:21,244 | INFO  | SCMAudit | user=jenkins1000 | ip=192.168.5.191 | op=SEND_HEARTBEAT {datanodeUUID=1a6ef58e-b6d8-4916-b5f4-f66cad6b6cba, command=[]} | ret=SUCCESS |  
2019-08-27 19:09:21,378 | INFO  | SCMAudit | user=jenkins1000 | ip=192.168.5.191 | op=SEND_HEARTBEAT {datanodeUUID=3e80ec3d-d0df-446e-9c00-872113d57222, command=[]} | ret=SUCCESS |  
2019-08-27 19:09:22,009 | INFO  | SCMAudit | user=jenkins1000 | ip=192.168.5.191 | op=SEND_HEARTBEAT {datanodeUUID=d3c05237-bd84-4234-a934-0ba66750ea46, command=[]} | ret=SUCCESS |  
2019-08-27 19:09:22,038 | INFO  | SCMAudit | user=jenkins1000 | ip=192.168.5.191 | op=SEND_HEARTBEAT {datanodeUUID=457b0f2b-feff-4639-91a3-a11070381d4f, command=[]} | ret=SUCCESS |  
2019-08-27 19:09:22,049 | INFO  | SCMAudit | user=jenkins1000 | ip=192.168.5.191 | op=SEND_HEARTBEAT {datanodeUUID=8dbfb03d-3489-434f-b2ff-176126556357, command=[]} | ret=SUCCESS |  
2019-08-27 19:09:22,075 | INFO  | SCMAudit | user=jenkins1000 | ip=192.168.5.191 | op=SEND_HEARTBEAT {datanodeUUID=7ffeb123-8a07-43fc-9bc5-d9b026895606, command=[]} | ret=SUCCESS |  
2019-08-27 19:09:22,149 | INFO  | SCMAudit | user=jenkins1000 | ip=192.168.5.191 | op=SEND_HEARTBEAT {datanodeUUID=38f28178-96e9-481f-bed8-cfb19f684f50, command=[]} | ret=SUCCESS |  
2019-08-27 19:09:22,244 | INFO  | SCMAudit | user=jenkins1000 | ip=192.168.5.191 | op=SEND_HEARTBEAT {datanodeUUID=1a6ef58e-b6d8-4916-b5f4-f66cad6b6cba, command=[]} | ret=SUCCESS |  
2019-08-27 19:09:22,378 | INFO  | SCMAudit | user=jenkins1000 | ip=192.168.5.191 | op=SEND_HEARTBEAT {datanodeUUID=3e80ec3d-d0df-446e-9c00-872113d57222, command=[]} | ret=SUCCESS |  
2019-08-27 19:09:23,009 | INFO  | SCMAudit | user=jenkins1000 | ip=192.168.5.191 | op=SEND_HEARTBEAT {datanodeUUID=d3c05237-bd84-4234-a934-0ba66750ea46, command=[]} | ret=SUCCESS |  
2019-08-27 19:09:23,038 | INFO  | SCMAudit | user=jenkins1000 | ip=192.168.5.191 | op=SEND_HEARTBEAT {datanodeUUID=457b0f2b-feff-4639-91a3-a11070381d4f, command=[]} | ret=SUCCESS |  
2019-08-27 19:09:23,049 | INFO  | SCMAudit | user=jenkins1000 | ip=192.168.5.191 | op=SEND_HEARTBEAT {datanodeUUID=8dbfb03d-3489-434f-b2ff-176126556357, command=[]} | ret=SUCCESS |  
2019-08-27 19:09:23,075 | INFO  | SCMAudit | user=jenkins1000 | ip=192.168.5.191 | op=SEND_HEARTBEAT {datanodeUUID=7ffeb123-8a07-43fc-9bc5-d9b026895606, command=[]} | ret=SUCCESS |  
2019-08-27 19:09:23,149 | INFO  | SCMAudit | user=jenkins1000 | ip=192.168.5.191 | op=SEND_HEARTBEAT {datanodeUUID=38f28178-96e9-481f-bed8-cfb19f684f50, command=[]} | ret=SUCCESS |  
2019-08-27 19:09:23,244 | INFO  | SCMAudit | user=jenkins1000 | ip=192.168.5.191 | op=SEND_HEARTBEAT {datanodeUUID=1a6ef58e-b6d8-4916-b5f4-f66cad6b6cba, command=[]} | ret=SUCCESS |  
2019-08-27 19:09:23,378 | INFO  | SCMAudit | user=jenkins1000 | ip=192.168.5.191 | op=SEND_HEARTBEAT {datanodeUUID=3e80ec3d-d0df-446e-9c00-872113d57222, command=[]} | ret=SUCCESS |  
2019-08-27 19:09:24,009 | INFO  | SCMAudit | user=jenkins1000 | ip=192.168.5.191 | op=SEND_HEARTBEAT {datanodeUUID=d3c05237-bd84-4234-a934-0ba66750ea46, command=[]} | ret=SUCCESS |  
2019-08-27 19:09:24,038 | INFO  | SCMAudit | user=jenkins1000 | ip=192.168.5.191 | op=SEND_HEARTBEAT {datanodeUUID=457b0f2b-feff-4639-91a3-a11070381d4f, command=[]} | ret=SUCCESS |  
2019-08-27 19:09:24,049 | INFO  | SCMAudit | user=jenkins1000 | ip=192.168.5.191 | op=SEND_HEARTBEAT {datanodeUUID=8dbfb03d-3489-434f-b2ff-176126556357, command=[]} | ret=SUCCESS |  
2019-08-27 19:09:24,076 | INFO  | SCMAudit | user=jenkins1000 | ip=192.168.5.191 | op=SEND_HEARTBEAT {datanodeUUID=7ffeb123-8a07-43fc-9bc5-d9b026895606, command=[]} | ret=SUCCESS |  
2019-08-27 19:09:24,149 | INFO  | SCMAudit | user=jenkins1000 | ip=192.168.5.191 | op=SEND_HEARTBEAT {datanodeUUID=38f28178-96e9-481f-bed8-cfb19f684f50, command=[]} | ret=SUCCESS |  
2019-08-27 19:09:24,244 | INFO  | SCMAudit | user=jenkins1000 | ip=192.168.5.191 | op=SEND_HEARTBEAT {datanodeUUID=1a6ef58e-b6d8-4916-b5f4-f66cad6b6cba, command=[]} | ret=SUCCESS |  
2019-08-27 19:09:24,378 | INFO  | SCMAudit | user=jenkins1000 | ip=192.168.5.191 | op=SEND_HEARTBEAT {datanodeUUID=3e80ec3d-d0df-446e-9c00-872113d57222, command=[]} | ret=SUCCESS |  
2019-08-27 19:09:24,954 [grpc-default-executor-8] INFO  client.GrpcClientProtocolClient (GrpcClientProtocolClient.java:onNext(255)) - client-0C1CC1C50A7C->457b0f2b-feff-4639-91a3-a11070381d4f: receive RaftClientReply:client-0C1CC1C50A7C->457b0f2b-feff-4639-91a3-a11070381d4f@group-5A0C10B0A675, cid=45, FAILED org.apache.ratis.protocol.NotLeaderException: Server 457b0f2b-feff-4639-91a3-a11070381d4f is not the leader (d3c05237-bd84-4234-a934-0ba66750ea46:192.168.5.191:42272). Request must be sent to leader., logIndex=0, commits[457b0f2b-feff-4639-91a3-a11070381d4f:c8, d3c05237-bd84-4234-a934-0ba66750ea46:c8, 8dbfb03d-3489-434f-b2ff-176126556357:c8]
2019-08-27 19:09:25,010 | INFO  | SCMAudit | user=jenkins1000 | ip=192.168.5.191 | op=SEND_HEARTBEAT {datanodeUUID=d3c05237-bd84-4234-a934-0ba66750ea46, command=[]} | ret=SUCCESS |  
2019-08-27 19:09:25,038 | INFO  | SCMAudit | user=jenkins1000 | ip=192.168.5.191 | op=SEND_HEARTBEAT {datanodeUUID=457b0f2b-feff-4639-91a3-a11070381d4f, command=[]} | ret=SUCCESS |  
2019-08-27 19:09:25,049 | INFO  | SCMAudit | user=jenkins1000 | ip=192.168.5.191 | op=SEND_HEARTBEAT {datanodeUUID=8dbfb03d-3489-434f-b2ff-176126556357, command=[]} | ret=SUCCESS |  
2019-08-27 19:09:25,076 | INFO  | SCMAudit | user=jenkins1000 | ip=192.168.5.191 | op=SEND_HEARTBEAT {datanodeUUID=7ffeb123-8a07-43fc-9bc5-d9b026895606, command=[]} | ret=SUCCESS |  
2019-08-27 19:09:25,149 | INFO  | SCMAudit | user=jenkins1000 | ip=192.168.5.191 | op=SEND_HEARTBEAT {datanodeUUID=38f28178-96e9-481f-bed8-cfb19f684f50, command=[]} | ret=SUCCESS |  
2019-08-27 19:09:25,244 | INFO  | SCMAudit | user=jenkins1000 | ip=192.168.5.191 | op=SEND_HEARTBEAT {datanodeUUID=1a6ef58e-b6d8-4916-b5f4-f66cad6b6cba, command=[]} | ret=SUCCESS |  
2019-08-27 19:09:25,378 | INFO  | SCMAudit | user=jenkins1000 | ip=192.168.5.191 | op=SEND_HEARTBEAT {datanodeUUID=3e80ec3d-d0df-446e-9c00-872113d57222, command=[]} | ret=SUCCESS |  
2019-08-27 19:09:26,010 | INFO  | SCMAudit | user=jenkins1000 | ip=192.168.5.191 | op=SEND_HEARTBEAT {datanodeUUID=d3c05237-bd84-4234-a934-0ba66750ea46, command=[]} | ret=SUCCESS |  
2019-08-27 19:09:26,039 | INFO  | SCMAudit | user=jenkins1000 | ip=192.168.5.191 | op=SEND_HEARTBEAT {datanodeUUID=457b0f2b-feff-4639-91a3-a11070381d4f, command=[]} | ret=SUCCESS |  
2019-08-27 19:09:26,049 | INFO  | SCMAudit | user=jenkins1000 | ip=192.168.5.191 | op=SEND_HEARTBEAT {datanodeUUID=8dbfb03d-3489-434f-b2ff-176126556357, command=[]} | ret=SUCCESS |  
2019-08-27 19:09:26,076 | INFO  | SCMAudit | user=jenkins1000 | ip=192.168.5.191 | op=SEND_HEARTBEAT {datanodeUUID=7ffeb123-8a07-43fc-9bc5-d9b026895606, command=[]} | ret=SUCCESS |  
2019-08-27 19:09:26,151 | INFO  | SCMAudit | user=jenkins1000 | ip=192.168.5.191 | op=SEND_HEARTBEAT {datanodeUUID=38f28178-96e9-481f-bed8-cfb19f684f50, command=[]} | ret=SUCCESS |  
2019-08-27 19:09:26,245 | INFO  | SCMAudit | user=jenkins1000 | ip=192.168.5.191 | op=SEND_HEARTBEAT {datanodeUUID=1a6ef58e-b6d8-4916-b5f4-f66cad6b6cba, command=[]} | ret=SUCCESS |  
2019-08-27 19:09:26,378 | INFO  | SCMAudit | user=jenkins1000 | ip=192.168.5.191 | op=SEND_HEARTBEAT {datanodeUUID=3e80ec3d-d0df-446e-9c00-872113d57222, command=[]} | ret=SUCCESS |  
2019-08-27 19:09:27,011 | INFO  | SCMAudit | user=jenkins1000 | ip=192.168.5.191 | op=SEND_HEARTBEAT {datanodeUUID=d3c05237-bd84-4234-a934-0ba66750ea46, command=[]} | ret=SUCCESS |  
2019-08-27 19:09:27,039 | INFO  | SCMAudit | user=jenkins1000 | ip=192.168.5.191 | op=SEND_HEARTBEAT {datanodeUUID=457b0f2b-feff-4639-91a3-a11070381d4f, command=[]} | ret=SUCCESS |  
2019-08-27 19:09:27,049 | INFO  | SCMAudit | user=jenkins1000 | ip=192.168.5.191 | op=SEND_HEARTBEAT {datanodeUUID=8dbfb03d-3489-434f-b2ff-176126556357, command=[]} | ret=SUCCESS |  
2019-08-27 19:09:27,076 | INFO  | SCMAudit | user=jenkins1000 | ip=192.168.5.191 | op=SEND_HEARTBEAT {datanodeUUID=7ffeb123-8a07-43fc-9bc5-d9b026895606, command=[]} | ret=SUCCESS |  
2019-08-27 19:09:27,151 | INFO  | SCMAudit | user=jenkins1000 | ip=192.168.5.191 | op=SEND_HEARTBEAT {datanodeUUID=38f28178-96e9-481f-bed8-cfb19f684f50, command=[]} | ret=SUCCESS |  
2019-08-27 19:09:27,245 | INFO  | SCMAudit | user=jenkins1000 | ip=192.168.5.191 | op=SEND_HEARTBEAT {datanodeUUID=1a6ef58e-b6d8-4916-b5f4-f66cad6b6cba, command=[]} | ret=SUCCESS |  
2019-08-27 19:09:27,378 | INFO  | SCMAudit | user=jenkins1000 | ip=192.168.5.191 | op=SEND_HEARTBEAT {datanodeUUID=3e80ec3d-d0df-446e-9c00-872113d57222, command=[]} | ret=SUCCESS |  
2019-08-27 19:09:28,010 | INFO  | SCMAudit | user=jenkins1000 | ip=192.168.5.191 | op=SEND_HEARTBEAT {datanodeUUID=d3c05237-bd84-4234-a934-0ba66750ea46, command=[]} | ret=SUCCESS |  
2019-08-27 19:09:28,039 | INFO  | SCMAudit | user=jenkins1000 | ip=192.168.5.191 | op=SEND_HEARTBEAT {datanodeUUID=457b0f2b-feff-4639-91a3-a11070381d4f, command=[]} | ret=SUCCESS |  
2019-08-27 19:09:28,049 | INFO  | SCMAudit | user=jenkins1000 | ip=192.168.5.191 | op=SEND_HEARTBEAT {datanodeUUID=8dbfb03d-3489-434f-b2ff-176126556357, command=[]} | ret=SUCCESS |  
2019-08-27 19:09:28,077 | INFO  | SCMAudit | user=jenkins1000 | ip=192.168.5.191 | op=SEND_HEARTBEAT {datanodeUUID=7ffeb123-8a07-43fc-9bc5-d9b026895606, command=[]} | ret=SUCCESS |  
2019-08-27 19:09:28,152 | INFO  | SCMAudit | user=jenkins1000 | ip=192.168.5.191 | op=SEND_HEARTBEAT {datanodeUUID=38f28178-96e9-481f-bed8-cfb19f684f50, command=[]} | ret=SUCCESS |  
2019-08-27 19:09:28,245 | INFO  | SCMAudit | user=jenkins1000 | ip=192.168.5.191 | op=SEND_HEARTBEAT {datanodeUUID=1a6ef58e-b6d8-4916-b5f4-f66cad6b6cba, command=[]} | ret=SUCCESS |  
2019-08-27 19:09:28,378 | INFO  | SCMAudit | user=jenkins1000 | ip=192.168.5.191 | op=SEND_HEARTBEAT {datanodeUUID=3e80ec3d-d0df-446e-9c00-872113d57222, command=[]} | ret=SUCCESS |  
2019-08-27 19:09:29,010 | INFO  | SCMAudit | user=jenkins1000 | ip=192.168.5.191 | op=SEND_HEARTBEAT {datanodeUUID=d3c05237-bd84-4234-a934-0ba66750ea46, command=[]} | ret=SUCCESS |  
2019-08-27 19:09:29,039 | INFO  | SCMAudit | user=jenkins1000 | ip=192.168.5.191 | op=SEND_HEARTBEAT {datanodeUUID=457b0f2b-feff-4639-91a3-a11070381d4f, command=[]} | ret=SUCCESS |  
2019-08-27 19:09:29,049 | INFO  | SCMAudit | user=jenkins1000 | ip=192.168.5.191 | op=SEND_HEARTBEAT {datanodeUUID=8dbfb03d-3489-434f-b2ff-176126556357, command=[]} | ret=SUCCESS |  
2019-08-27 19:09:29,078 | INFO  | SCMAudit | user=jenkins1000 | ip=192.168.5.191 | op=SEND_HEARTBEAT {datanodeUUID=7ffeb123-8a07-43fc-9bc5-d9b026895606, command=[]} | ret=SUCCESS |  
2019-08-27 19:09:29,151 | INFO  | SCMAudit | user=jenkins1000 | ip=192.168.5.191 | op=SEND_HEARTBEAT {datanodeUUID=38f28178-96e9-481f-bed8-cfb19f684f50, command=[]} | ret=SUCCESS |  
2019-08-27 19:09:29,245 | INFO  | SCMAudit | user=jenkins1000 | ip=192.168.5.191 | op=SEND_HEARTBEAT {datanodeUUID=1a6ef58e-b6d8-4916-b5f4-f66cad6b6cba, command=[]} | ret=SUCCESS |  
2019-08-27 19:09:29,378 | INFO  | SCMAudit | user=jenkins1000 | ip=192.168.5.191 | op=SEND_HEARTBEAT {datanodeUUID=3e80ec3d-d0df-446e-9c00-872113d57222, command=[]} | ret=SUCCESS |  
2019-08-27 19:09:29,999 [grpc-default-executor-8] INFO  client.GrpcClientProtocolClient (GrpcClientProtocolClient.java:onNext(255)) - client-0C1CC1C50A7C->457b0f2b-feff-4639-91a3-a11070381d4f: receive RaftClientReply:client-0C1CC1C50A7C->457b0f2b-feff-4639-91a3-a11070381d4f@group-5A0C10B0A675, cid=45, FAILED org.apache.ratis.protocol.NotLeaderException: Server 457b0f2b-feff-4639-91a3-a11070381d4f is not the leader (d3c05237-bd84-4234-a934-0ba66750ea46:192.168.5.191:42272). Request must be sent to leader., logIndex=0, commits[457b0f2b-feff-4639-91a3-a11070381d4f:c8, d3c05237-bd84-4234-a934-0ba66750ea46:c8, 8dbfb03d-3489-434f-b2ff-176126556357:c8]
2019-08-27 19:09:30,032 | INFO  | SCMAudit | user=jenkins1000 | ip=192.168.5.191 | op=SEND_HEARTBEAT {datanodeUUID=d3c05237-bd84-4234-a934-0ba66750ea46, command=[]} | ret=SUCCESS |  
2019-08-27 19:09:30,039 | INFO  | SCMAudit | user=jenkins1000 | ip=192.168.5.191 | op=SEND_HEARTBEAT {datanodeUUID=457b0f2b-feff-4639-91a3-a11070381d4f, command=[]} | ret=SUCCESS |  
2019-08-27 19:09:30,049 | INFO  | SCMAudit | user=jenkins1000 | ip=192.168.5.191 | op=SEND_HEARTBEAT {datanodeUUID=8dbfb03d-3489-434f-b2ff-176126556357, command=[]} | ret=SUCCESS |  
2019-08-27 19:09:30,078 | INFO  | SCMAudit | user=jenkins1000 | ip=192.168.5.191 | op=SEND_HEARTBEAT {datanodeUUID=7ffeb123-8a07-43fc-9bc5-d9b026895606, command=[]} | ret=SUCCESS |  
2019-08-27 19:09:30,151 | INFO  | SCMAudit | user=jenkins1000 | ip=192.168.5.191 | op=SEND_HEARTBEAT {datanodeUUID=38f28178-96e9-481f-bed8-cfb19f684f50, command=[]} | ret=SUCCESS |  
2019-08-27 19:09:30,245 | INFO  | SCMAudit | user=jenkins1000 | ip=192.168.5.191 | op=SEND_HEARTBEAT {datanodeUUID=1a6ef58e-b6d8-4916-b5f4-f66cad6b6cba, command=[]} | ret=SUCCESS |  
2019-08-27 19:09:30,378 | INFO  | SCMAudit | user=jenkins1000 | ip=192.168.5.191 | op=SEND_HEARTBEAT {datanodeUUID=3e80ec3d-d0df-446e-9c00-872113d57222, command=[]} | ret=SUCCESS |  
2019-08-27 19:09:31,017 | INFO  | SCMAudit | user=jenkins1000 | ip=192.168.5.191 | op=SEND_HEARTBEAT {datanodeUUID=d3c05237-bd84-4234-a934-0ba66750ea46, command=[]} | ret=SUCCESS |  
2019-08-27 19:09:31,039 | INFO  | SCMAudit | user=jenkins1000 | ip=192.168.5.191 | op=SEND_HEARTBEAT {datanodeUUID=457b0f2b-feff-4639-91a3-a11070381d4f, command=[]} | ret=SUCCESS |  
2019-08-27 19:09:31,049 | INFO  | SCMAudit | user=jenkins1000 | ip=192.168.5.191 | op=SEND_HEARTBEAT {datanodeUUID=8dbfb03d-3489-434f-b2ff-176126556357, command=[]} | ret=SUCCESS |  
2019-08-27 19:09:31,078 | INFO  | SCMAudit | user=jenkins1000 | ip=192.168.5.191 | op=SEND_HEARTBEAT {datanodeUUID=7ffeb123-8a07-43fc-9bc5-d9b026895606, command=[]} | ret=SUCCESS |  
2019-08-27 19:09:31,151 | INFO  | SCMAudit | user=jenkins1000 | ip=192.168.5.191 | op=SEND_HEARTBEAT {datanodeUUID=38f28178-96e9-481f-bed8-cfb19f684f50, command=[]} | ret=SUCCESS |  
2019-08-27 19:09:31,245 | INFO  | SCMAudit | user=jenkins1000 | ip=192.168.5.191 | op=SEND_HEARTBEAT {datanodeUUID=1a6ef58e-b6d8-4916-b5f4-f66cad6b6cba, command=[]} | ret=SUCCESS |  
2019-08-27 19:09:31,380 | INFO  | SCMAudit | user=jenkins1000 | ip=192.168.5.191 | op=SEND_HEARTBEAT {datanodeUUID=3e80ec3d-d0df-446e-9c00-872113d57222, command=[]} | ret=SUCCESS |  
2019-08-27 19:09:32,017 | INFO  | SCMAudit | user=jenkins1000 | ip=192.168.5.191 | op=SEND_HEARTBEAT {datanodeUUID=d3c05237-bd84-4234-a934-0ba66750ea46, command=[]} | ret=SUCCESS |  
2019-08-27 19:09:32,039 | INFO  | SCMAudit | user=jenkins1000 | ip=192.168.5.191 | op=SEND_HEARTBEAT {datanodeUUID=457b0f2b-feff-4639-91a3-a11070381d4f, command=[]} | ret=SUCCESS |  
2019-08-27 19:09:32,049 | INFO  | SCMAudit | user=jenkins1000 | ip=192.168.5.191 | op=SEND_HEARTBEAT {datanodeUUID=8dbfb03d-3489-434f-b2ff-176126556357, command=[]} | ret=SUCCESS |  
2019-08-27 19:09:32,078 | INFO  | SCMAudit | user=jenkins1000 | ip=192.168.5.191 | op=SEND_HEARTBEAT {datanodeUUID=7ffeb123-8a07-43fc-9bc5-d9b026895606, command=[]} | ret=SUCCESS |  
2019-08-27 19:09:32,151 | INFO  | SCMAudit | user=jenkins1000 | ip=192.168.5.191 | op=SEND_HEARTBEAT {datanodeUUID=38f28178-96e9-481f-bed8-cfb19f684f50, command=[]} | ret=SUCCESS |  
2019-08-27 19:09:32,245 | INFO  | SCMAudit | user=jenkins1000 | ip=192.168.5.191 | op=SEND_HEARTBEAT {datanodeUUID=1a6ef58e-b6d8-4916-b5f4-f66cad6b6cba, command=[]} | ret=SUCCESS |  
2019-08-27 19:09:32,380 | INFO  | SCMAudit | user=jenkins1000 | ip=192.168.5.191 | op=SEND_HEARTBEAT {datanodeUUID=3e80ec3d-d0df-446e-9c00-872113d57222, command=[]} | ret=SUCCESS |  
2019-08-27 19:09:33,017 | INFO  | SCMAudit | user=jenkins1000 | ip=192.168.5.191 | op=SEND_HEARTBEAT {datanodeUUID=d3c05237-bd84-4234-a934-0ba66750ea46, command=[]} | ret=SUCCESS |  
2019-08-27 19:09:33,039 | INFO  | SCMAudit | user=jenkins1000 | ip=192.168.5.191 | op=SEND_HEARTBEAT {datanodeUUID=457b0f2b-feff-4639-91a3-a11070381d4f, command=[]} | ret=SUCCESS |  
2019-08-27 19:09:33,049 | INFO  | SCMAudit | user=jenkins1000 | ip=192.168.5.191 | op=SEND_HEARTBEAT {datanodeUUID=8dbfb03d-3489-434f-b2ff-176126556357, command=[]} | ret=SUCCESS |  
2019-08-27 19:09:33,051 [ReplicationMonitor] INFO  container.ReplicationManager (ReplicationManager.java:run(215)) - Replication Monitor Thread took 1 milliseconds for processing 3 containers.
2019-08-27 19:09:33,078 | INFO  | SCMAudit | user=jenkins1000 | ip=192.168.5.191 | op=SEND_HEARTBEAT {datanodeUUID=7ffeb123-8a07-43fc-9bc5-d9b026895606, command=[]} | ret=SUCCESS |  
2019-08-27 19:09:33,151 | INFO  | SCMAudit | user=jenkins1000 | ip=192.168.5.191 | op=SEND_HEARTBEAT {datanodeUUID=38f28178-96e9-481f-bed8-cfb19f684f50, command=[]} | ret=SUCCESS |  
2019-08-27 19:09:33,245 | INFO  | SCMAudit | user=jenkins1000 | ip=192.168.5.191 | op=SEND_HEARTBEAT {datanodeUUID=1a6ef58e-b6d8-4916-b5f4-f66cad6b6cba, command=[]} | ret=SUCCESS |  
2019-08-27 19:09:33,380 | INFO  | SCMAudit | user=jenkins1000 | ip=192.168.5.191 | op=SEND_HEARTBEAT {datanodeUUID=3e80ec3d-d0df-446e-9c00-872113d57222, command=[]} | ret=SUCCESS |  
2019-08-27 19:09:34,018 | INFO  | SCMAudit | user=jenkins1000 | ip=192.168.5.191 | op=SEND_HEARTBEAT {datanodeUUID=d3c05237-bd84-4234-a934-0ba66750ea46, command=[]} | ret=SUCCESS |  
2019-08-27 19:09:34,044 | INFO  | SCMAudit | user=jenkins1000 | ip=192.168.5.191 | op=SEND_HEARTBEAT {datanodeUUID=457b0f2b-feff-4639-91a3-a11070381d4f, command=[]} | ret=SUCCESS |  
2019-08-27 19:09:34,049 | INFO  | SCMAudit | user=jenkins1000 | ip=192.168.5.191 | op=SEND_HEARTBEAT {datanodeUUID=8dbfb03d-3489-434f-b2ff-176126556357, command=[]} | ret=SUCCESS |  
2019-08-27 19:09:34,078 | INFO  | SCMAudit | user=jenkins1000 | ip=192.168.5.191 | op=SEND_HEARTBEAT {datanodeUUID=7ffeb123-8a07-43fc-9bc5-d9b026895606, command=[]} | ret=SUCCESS |  
2019-08-27 19:09:34,151 | INFO  | SCMAudit | user=jenkins1000 | ip=192.168.5.191 | op=SEND_HEARTBEAT {datanodeUUID=38f28178-96e9-481f-bed8-cfb19f684f50, command=[]} | ret=SUCCESS |  
2019-08-27 19:09:34,245 | INFO  | SCMAudit | user=jenkins1000 | ip=192.168.5.191 | op=SEND_HEARTBEAT {datanodeUUID=1a6ef58e-b6d8-4916-b5f4-f66cad6b6cba, command=[]} | ret=SUCCESS |  
2019-08-27 19:09:34,380 | INFO  | SCMAudit | user=jenkins1000 | ip=192.168.5.191 | op=SEND_HEARTBEAT {datanodeUUID=3e80ec3d-d0df-446e-9c00-872113d57222, command=[]} | ret=SUCCESS |  
2019-08-27 19:09:35,018 | INFO  | SCMAudit | user=jenkins1000 | ip=192.168.5.191 | op=SEND_HEARTBEAT {datanodeUUID=d3c05237-bd84-4234-a934-0ba66750ea46, command=[]} | ret=SUCCESS |  
2019-08-27 19:09:35,041 | INFO  | SCMAudit | user=jenkins1000 | ip=192.168.5.191 | op=SEND_HEARTBEAT {datanodeUUID=457b0f2b-feff-4639-91a3-a11070381d4f, command=[]} | ret=SUCCESS |  
2019-08-27 19:09:35,049 | INFO  | SCMAudit | user=jenkins1000 | ip=192.168.5.191 | op=SEND_HEARTBEAT {datanodeUUID=8dbfb03d-3489-434f-b2ff-176126556357, command=[]} | ret=SUCCESS |  
2019-08-27 19:09:35,066 [grpc-default-executor-5] INFO  client.GrpcClientProtocolClient (GrpcClientProtocolClient.java:onNext(255)) - client-0C1CC1C50A7C->457b0f2b-feff-4639-91a3-a11070381d4f: receive RaftClientReply:client-0C1CC1C50A7C->457b0f2b-feff-4639-91a3-a11070381d4f@group-5A0C10B0A675, cid=45, FAILED org.apache.ratis.protocol.NotLeaderException: Server 457b0f2b-feff-4639-91a3-a11070381d4f is not the leader (d3c05237-bd84-4234-a934-0ba66750ea46:192.168.5.191:42272). Request must be sent to leader., logIndex=0, commits[457b0f2b-feff-4639-91a3-a11070381d4f:c8, d3c05237-bd84-4234-a934-0ba66750ea46:c8, 8dbfb03d-3489-434f-b2ff-176126556357:c8]
2019-08-27 19:09:35,078 | INFO  | SCMAudit | user=jenkins1000 | ip=192.168.5.191 | op=SEND_HEARTBEAT {datanodeUUID=7ffeb123-8a07-43fc-9bc5-d9b026895606, command=[]} | ret=SUCCESS |  
2019-08-27 19:09:35,151 | INFO  | SCMAudit | user=jenkins1000 | ip=192.168.5.191 | op=SEND_HEARTBEAT {datanodeUUID=38f28178-96e9-481f-bed8-cfb19f684f50, command=[]} | ret=SUCCESS |  
2019-08-27 19:09:35,245 | INFO  | SCMAudit | user=jenkins1000 | ip=192.168.5.191 | op=SEND_HEARTBEAT {datanodeUUID=1a6ef58e-b6d8-4916-b5f4-f66cad6b6cba, command=[]} | ret=SUCCESS |  
2019-08-27 19:09:35,380 | INFO  | SCMAudit | user=jenkins1000 | ip=192.168.5.191 | op=SEND_HEARTBEAT {datanodeUUID=3e80ec3d-d0df-446e-9c00-872113d57222, command=[]} | ret=SUCCESS |  
2019-08-27 19:09:36,019 | INFO  | SCMAudit | user=jenkins1000 | ip=192.168.5.191 | op=SEND_HEARTBEAT {datanodeUUID=d3c05237-bd84-4234-a934-0ba66750ea46, command=[]} | ret=SUCCESS |  
2019-08-27 19:09:36,041 | INFO  | SCMAudit | user=jenkins1000 | ip=192.168.5.191 | op=SEND_HEARTBEAT {datanodeUUID=457b0f2b-feff-4639-91a3-a11070381d4f, command=[]} | ret=SUCCESS |  
2019-08-27 19:09:36,049 | INFO  | SCMAudit | user=jenkins1000 | ip=192.168.5.191 | op=SEND_HEARTBEAT {datanodeUUID=8dbfb03d-3489-434f-b2ff-176126556357, command=[]} | ret=SUCCESS |  
2019-08-27 19:09:36,080 | INFO  | SCMAudit | user=jenkins1000 | ip=192.168.5.191 | op=SEND_HEARTBEAT {datanodeUUID=7ffeb123-8a07-43fc-9bc5-d9b026895606, command=[]} | ret=SUCCESS |  
2019-08-27 19:09:36,151 | INFO  | SCMAudit | user=jenkins1000 | ip=192.168.5.191 | op=SEND_HEARTBEAT {datanodeUUID=38f28178-96e9-481f-bed8-cfb19f684f50, command=[]} | ret=SUCCESS |  
2019-08-27 19:09:36,245 | INFO  | SCMAudit | user=jenkins1000 | ip=192.168.5.191 | op=SEND_HEARTBEAT {datanodeUUID=1a6ef58e-b6d8-4916-b5f4-f66cad6b6cba, command=[]} | ret=SUCCESS |  
2019-08-27 19:09:36,380 | INFO  | SCMAudit | user=jenkins1000 | ip=192.168.5.191 | op=SEND_HEARTBEAT {datanodeUUID=3e80ec3d-d0df-446e-9c00-872113d57222, command=[]} | ret=SUCCESS |  
2019-08-27 19:09:37,018 | INFO  | SCMAudit | user=jenkins1000 | ip=192.168.5.191 | op=SEND_HEARTBEAT {datanodeUUID=d3c05237-bd84-4234-a934-0ba66750ea46, command=[]} | ret=SUCCESS |  
2019-08-27 19:09:37,041 | INFO  | SCMAudit | user=jenkins1000 | ip=192.168.5.191 | op=SEND_HEARTBEAT {datanodeUUID=457b0f2b-feff-4639-91a3-a11070381d4f, command=[]} | ret=SUCCESS |  
2019-08-27 19:09:37,048 | INFO  | SCMAudit | user=jenkins1000 | ip=192.168.5.191 | op=SEND_HEARTBEAT {datanodeUUID=8dbfb03d-3489-434f-b2ff-176126556357, command=[]} | ret=SUCCESS |  
2019-08-27 19:09:37,080 | INFO  | SCMAudit | user=jenkins1000 | ip=192.168.5.191 | op=SEND_HEARTBEAT {datanodeUUID=7ffeb123-8a07-43fc-9bc5-d9b026895606, command=[]} | ret=SUCCESS |  
2019-08-27 19:09:37,151 | INFO  | SCMAudit | user=jenkins1000 | ip=192.168.5.191 | op=SEND_HEARTBEAT {datanodeUUID=38f28178-96e9-481f-bed8-cfb19f684f50, command=[]} | ret=SUCCESS |  
2019-08-27 19:09:37,246 | INFO  | SCMAudit | user=jenkins1000 | ip=192.168.5.191 | op=SEND_HEARTBEAT {datanodeUUID=1a6ef58e-b6d8-4916-b5f4-f66cad6b6cba, command=[]} | ret=SUCCESS |  
2019-08-27 19:09:37,380 | INFO  | SCMAudit | user=jenkins1000 | ip=192.168.5.191 | op=SEND_HEARTBEAT {datanodeUUID=3e80ec3d-d0df-446e-9c00-872113d57222, command=[]} | ret=SUCCESS |  
2019-08-27 19:09:38,018 | INFO  | SCMAudit | user=jenkins1000 | ip=192.168.5.191 | op=SEND_HEARTBEAT {datanodeUUID=d3c05237-bd84-4234-a934-0ba66750ea46, command=[]} | ret=SUCCESS |  
2019-08-27 19:09:38,041 | INFO  | SCMAudit | user=jenkins1000 | ip=192.168.5.191 | op=SEND_HEARTBEAT {datanodeUUID=457b0f2b-feff-4639-91a3-a11070381d4f, command=[]} | ret=SUCCESS |  
2019-08-27 19:09:38,049 | INFO  | SCMAudit | user=jenkins1000 | ip=192.168.5.191 | op=SEND_HEARTBEAT {datanodeUUID=8dbfb03d-3489-434f-b2ff-176126556357, command=[]} | ret=SUCCESS |  
2019-08-27 19:09:38,081 | INFO  | SCMAudit | user=jenkins1000 | ip=192.168.5.191 | op=SEND_HEARTBEAT {datanodeUUID=7ffeb123-8a07-43fc-9bc5-d9b026895606, command=[]} | ret=SUCCESS |  
2019-08-27 19:09:38,150 | INFO  | SCMAudit | user=jenkins1000 | ip=192.168.5.191 | op=SEND_HEARTBEAT {datanodeUUID=38f28178-96e9-481f-bed8-cfb19f684f50, command=[]} | ret=SUCCESS |  
2019-08-27 19:09:38,246 | INFO  | SCMAudit | user=jenkins1000 | ip=192.168.5.191 | op=SEND_HEARTBEAT {datanodeUUID=1a6ef58e-b6d8-4916-b5f4-f66cad6b6cba, command=[]} | ret=SUCCESS |  
2019-08-27 19:09:38,380 | INFO  | SCMAudit | user=jenkins1000 | ip=192.168.5.191 | op=SEND_HEARTBEAT {datanodeUUID=3e80ec3d-d0df-446e-9c00-872113d57222, command=[]} | ret=SUCCESS |  
2019-08-27 19:09:39,018 | INFO  | SCMAudit | user=jenkins1000 | ip=192.168.5.191 | op=SEND_HEARTBEAT {datanodeUUID=d3c05237-bd84-4234-a934-0ba66750ea46, command=[]} | ret=SUCCESS |  
2019-08-27 19:09:39,041 | INFO  | SCMAudit | user=jenkins1000 | ip=192.168.5.191 | op=SEND_HEARTBEAT {datanodeUUID=457b0f2b-feff-4639-91a3-a11070381d4f, command=[]} | ret=SUCCESS |  
2019-08-27 19:09:39,049 | INFO  | SCMAudit | user=jenkins1000 | ip=192.168.5.191 | op=SEND_HEARTBEAT {datanodeUUID=8dbfb03d-3489-434f-b2ff-176126556357, command=[]} | ret=SUCCESS |  
2019-08-27 19:09:39,084 | INFO  | SCMAudit | user=jenkins1000 | ip=192.168.5.191 | op=SEND_HEARTBEAT {datanodeUUID=7ffeb123-8a07-43fc-9bc5-d9b026895606, command=[]} | ret=SUCCESS |  
2019-08-27 19:09:39,151 | INFO  | SCMAudit | user=jenkins1000 | ip=192.168.5.191 | op=SEND_HEARTBEAT {datanodeUUID=38f28178-96e9-481f-bed8-cfb19f684f50, command=[]} | ret=SUCCESS |  
2019-08-27 19:09:39,246 | INFO  | SCMAudit | user=jenkins1000 | ip=192.168.5.191 | op=SEND_HEARTBEAT {datanodeUUID=1a6ef58e-b6d8-4916-b5f4-f66cad6b6cba, command=[]} | ret=SUCCESS |  
2019-08-27 19:09:39,380 | INFO  | SCMAudit | user=jenkins1000 | ip=192.168.5.191 | op=SEND_HEARTBEAT {datanodeUUID=3e80ec3d-d0df-446e-9c00-872113d57222, command=[]} | ret=SUCCESS |  
2019-08-27 19:09:40,018 | INFO  | SCMAudit | user=jenkins1000 | ip=192.168.5.191 | op=SEND_HEARTBEAT {datanodeUUID=d3c05237-bd84-4234-a934-0ba66750ea46, command=[]} | ret=SUCCESS |  
2019-08-27 19:09:40,041 | INFO  | SCMAudit | user=jenkins1000 | ip=192.168.5.191 | op=SEND_HEARTBEAT {datanodeUUID=457b0f2b-feff-4639-91a3-a11070381d4f, command=[]} | ret=SUCCESS |  
2019-08-27 19:09:40,049 | INFO  | SCMAudit | user=jenkins1000 | ip=192.168.5.191 | op=SEND_HEARTBEAT {datanodeUUID=8dbfb03d-3489-434f-b2ff-176126556357, command=[]} | ret=SUCCESS |  
2019-08-27 19:09:40,083 | INFO  | SCMAudit | user=jenkins1000 | ip=192.168.5.191 | op=SEND_HEARTBEAT {datanodeUUID=7ffeb123-8a07-43fc-9bc5-d9b026895606, command=[]} | ret=SUCCESS |  
2019-08-27 19:09:40,109 [grpc-default-executor-5] INFO  client.GrpcClientProtocolClient (GrpcClientProtocolClient.java:onNext(255)) - client-0C1CC1C50A7C->8dbfb03d-3489-434f-b2ff-176126556357: receive RaftClientReply:client-0C1CC1C50A7C->8dbfb03d-3489-434f-b2ff-176126556357@group-5A0C10B0A675, cid=45, FAILED org.apache.ratis.protocol.NotLeaderException: Server 8dbfb03d-3489-434f-b2ff-176126556357 is not the leader (d3c05237-bd84-4234-a934-0ba66750ea46:192.168.5.191:42272). Request must be sent to leader., logIndex=0, commits[8dbfb03d-3489-434f-b2ff-176126556357:c8, 457b0f2b-feff-4639-91a3-a11070381d4f:c8, d3c05237-bd84-4234-a934-0ba66750ea46:c8]
2019-08-27 19:09:40,120 [main] INFO  ozone.MiniOzoneClusterImpl (MiniOzoneClusterImpl.java:shutdown(307)) - Shutting down the Mini Ozone Cluster
2019-08-27 19:09:40,120 | INFO  | SCMAudit | user=null | ip=null | op=GET_SCM_INFO null | ret=SUCCESS |  
2019-08-27 19:09:40,121 [main] INFO  ozone.MiniOzoneClusterImpl (MiniOzoneClusterImpl.java:stop(322)) - Stopping the Mini Ozone Cluster
2019-08-27 19:09:40,121 [main] INFO  ozone.MiniOzoneClusterImpl (MiniOzoneClusterImpl.java:stop(324)) - Stopping the OzoneManager
2019-08-27 19:09:40,121 [main] INFO  ipc.Server (Server.java:stop(3082)) - Stopping server on 40138
2019-08-27 19:09:40,151 [IPC Server listener on 40138] INFO  ipc.Server (Server.java:run(1185)) - Stopping IPC Server listener on 40138
2019-08-27 19:09:40,151 [IPC Server Responder] INFO  ipc.Server (Server.java:run(1319)) - Stopping IPC Server Responder
2019-08-27 19:09:40,151 | INFO  | SCMAudit | user=jenkins1000 | ip=192.168.5.191 | op=SEND_HEARTBEAT {datanodeUUID=38f28178-96e9-481f-bed8-cfb19f684f50, command=[]} | ret=SUCCESS |  
2019-08-27 19:09:40,151 [main] INFO  ratis.OzoneManagerDoubleBuffer (OzoneManagerDoubleBuffer.java:stop(248)) - Stopping OMDoubleBuffer flush thread
2019-08-27 19:09:40,153 [OMDoubleBufferFlushThread] INFO  ratis.OzoneManagerDoubleBuffer (OzoneManagerDoubleBuffer.java:flushTransactions(191)) - OMDoubleBuffer flush thread OMDoubleBufferFlushThread is interrupted and will exit. OMDoubleBufferFlushThread
2019-08-27 19:09:40,154 [main] INFO  utils.BackgroundService (BackgroundService.java:shutdown(148)) - Shutting down service KeyDeletingService
2019-08-27 19:09:40,156 [main] INFO  handler.ContextHandler (ContextHandler.java:doStop(910)) - Stopped o.e.j.w.WebAppContext@68e02f33{/,null,UNAVAILABLE}{/ozoneManager}
2019-08-27 19:09:40,157 [main] INFO  server.AbstractConnector (AbstractConnector.java:doStop(318)) - Stopped ServerConnector@64942607{HTTP/1.1,[http/1.1]}{0.0.0.0:0}
2019-08-27 19:09:40,158 [main] INFO  handler.ContextHandler (ContextHandler.java:doStop(910)) - Stopped o.e.j.s.ServletContextHandler@5416f8db{/static,file:///workdir/hadoop-ozone/integration-test/target/test-classes/webapps/static,UNAVAILABLE}
2019-08-27 19:09:40,158 [main] INFO  handler.ContextHandler (ContextHandler.java:doStop(910)) - Stopped o.e.j.s.ServletContextHandler@322ba549{/logs,file:///workdir/hadoop-ozone/integration-test/target/log,UNAVAILABLE}
2019-08-27 19:09:40,162 [main] INFO  ozone.MiniOzoneClusterImpl (MiniOzoneClusterImpl.java:stop(330)) - Shutting the HddsDatanodes
2019-08-27 19:09:40,246 | INFO  | SCMAudit | user=jenkins1000 | ip=192.168.5.191 | op=SEND_HEARTBEAT {datanodeUUID=1a6ef58e-b6d8-4916-b5f4-f66cad6b6cba, command=[]} | ret=SUCCESS |  
2019-08-27 19:09:40,379 [Datanode State Machine Thread - 0] INFO  statemachine.DatanodeStateMachine (DatanodeStateMachine.java:lambda$startDaemon$0(350)) - Ozone container server started.
2019-08-27 19:09:41,018 | INFO  | SCMAudit | user=jenkins1000 | ip=192.168.5.191 | op=SEND_HEARTBEAT {datanodeUUID=d3c05237-bd84-4234-a934-0ba66750ea46, command=[]} | ret=SUCCESS |  
2019-08-27 19:09:41,041 | INFO  | SCMAudit | user=jenkins1000 | ip=192.168.5.191 | op=SEND_HEARTBEAT {datanodeUUID=457b0f2b-feff-4639-91a3-a11070381d4f, command=[]} | ret=SUCCESS |  
2019-08-27 19:09:41,049 | INFO  | SCMAudit | user=jenkins1000 | ip=192.168.5.191 | op=SEND_HEARTBEAT {datanodeUUID=8dbfb03d-3489-434f-b2ff-176126556357, command=[]} | ret=SUCCESS |  
2019-08-27 19:09:41,084 | INFO  | SCMAudit | user=jenkins1000 | ip=192.168.5.191 | op=SEND_HEARTBEAT {datanodeUUID=7ffeb123-8a07-43fc-9bc5-d9b026895606, command=[]} | ret=SUCCESS |  
2019-08-27 19:09:41,151 [Datanode State Machine Thread - 0] INFO  statemachine.DatanodeStateMachine (DatanodeStateMachine.java:lambda$startDaemon$0(350)) - Ozone container server started.
2019-08-27 19:09:41,246 | INFO  | SCMAudit | user=jenkins1000 | ip=192.168.5.191 | op=SEND_HEARTBEAT {datanodeUUID=1a6ef58e-b6d8-4916-b5f4-f66cad6b6cba, command=[]} | ret=SUCCESS |  
2019-08-27 19:09:42,018 | INFO  | SCMAudit | user=jenkins1000 | ip=192.168.5.191 | op=SEND_HEARTBEAT {datanodeUUID=d3c05237-bd84-4234-a934-0ba66750ea46, command=[]} | ret=SUCCESS |  
2019-08-27 19:09:42,042 | INFO  | SCMAudit | user=jenkins1000 | ip=192.168.5.191 | op=SEND_HEARTBEAT {datanodeUUID=457b0f2b-feff-4639-91a3-a11070381d4f, command=[]} | ret=SUCCESS |  
2019-08-27 19:09:42,049 | INFO  | SCMAudit | user=jenkins1000 | ip=192.168.5.191 | op=SEND_HEARTBEAT {datanodeUUID=8dbfb03d-3489-434f-b2ff-176126556357, command=[]} | ret=SUCCESS |  
2019-08-27 19:09:42,084 | INFO  | SCMAudit | user=jenkins1000 | ip=192.168.5.191 | op=SEND_HEARTBEAT {datanodeUUID=7ffeb123-8a07-43fc-9bc5-d9b026895606, command=[]} | ret=SUCCESS |  
2019-08-27 19:09:42,246 | INFO  | SCMAudit | user=jenkins1000 | ip=192.168.5.191 | op=SEND_HEARTBEAT {datanodeUUID=1a6ef58e-b6d8-4916-b5f4-f66cad6b6cba, command=[]} | ret=SUCCESS |  
2019-08-27 19:09:43,018 | INFO  | SCMAudit | user=jenkins1000 | ip=192.168.5.191 | op=SEND_HEARTBEAT {datanodeUUID=d3c05237-bd84-4234-a934-0ba66750ea46, command=[]} | ret=SUCCESS |  
2019-08-27 19:09:43,042 | INFO  | SCMAudit | user=jenkins1000 | ip=192.168.5.191 | op=SEND_HEARTBEAT {datanodeUUID=457b0f2b-feff-4639-91a3-a11070381d4f, command=[]} | ret=SUCCESS |  
2019-08-27 19:09:43,050 | INFO  | SCMAudit | user=jenkins1000 | ip=192.168.5.191 | op=SEND_HEARTBEAT {datanodeUUID=8dbfb03d-3489-434f-b2ff-176126556357, command=[]} | ret=SUCCESS |  
2019-08-27 19:09:43,084 | INFO  | SCMAudit | user=jenkins1000 | ip=192.168.5.191 | op=SEND_HEARTBEAT {datanodeUUID=7ffeb123-8a07-43fc-9bc5-d9b026895606, command=[]} | ret=SUCCESS |  
2019-08-27 19:09:43,246 | INFO  | SCMAudit | user=jenkins1000 | ip=192.168.5.191 | op=SEND_HEARTBEAT {datanodeUUID=1a6ef58e-b6d8-4916-b5f4-f66cad6b6cba, command=[]} | ret=SUCCESS |  
2019-08-27 19:09:44,018 | INFO  | SCMAudit | user=jenkins1000 | ip=192.168.5.191 | op=SEND_HEARTBEAT {datanodeUUID=d3c05237-bd84-4234-a934-0ba66750ea46, command=[]} | ret=SUCCESS |  
2019-08-27 19:09:44,042 | INFO  | SCMAudit | user=jenkins1000 | ip=192.168.5.191 | op=SEND_HEARTBEAT {datanodeUUID=457b0f2b-feff-4639-91a3-a11070381d4f, command=[]} | ret=SUCCESS |  
2019-08-27 19:09:44,050 | INFO  | SCMAudit | user=jenkins1000 | ip=192.168.5.191 | op=SEND_HEARTBEAT {datanodeUUID=8dbfb03d-3489-434f-b2ff-176126556357, command=[]} | ret=SUCCESS |  
2019-08-27 19:09:44,084 | INFO  | SCMAudit | user=jenkins1000 | ip=192.168.5.191 | op=SEND_HEARTBEAT {datanodeUUID=7ffeb123-8a07-43fc-9bc5-d9b026895606, command=[]} | ret=SUCCESS |  
2019-08-27 19:09:44,246 | INFO  | SCMAudit | user=jenkins1000 | ip=192.168.5.191 | op=SEND_HEARTBEAT {datanodeUUID=1a6ef58e-b6d8-4916-b5f4-f66cad6b6cba, command=[]} | ret=SUCCESS |  
2019-08-27 19:09:45,019 | INFO  | SCMAudit | user=jenkins1000 | ip=192.168.5.191 | op=SEND_HEARTBEAT {datanodeUUID=d3c05237-bd84-4234-a934-0ba66750ea46, command=[]} | ret=SUCCESS |  
2019-08-27 19:09:45,042 | INFO  | SCMAudit | user=jenkins1000 | ip=192.168.5.191 | op=SEND_HEARTBEAT {datanodeUUID=457b0f2b-feff-4639-91a3-a11070381d4f, command=[]} | ret=SUCCESS |  
2019-08-27 19:09:45,050 | INFO  | SCMAudit | user=jenkins1000 | ip=192.168.5.191 | op=SEND_HEARTBEAT {datanodeUUID=8dbfb03d-3489-434f-b2ff-176126556357, command=[]} | ret=SUCCESS |  
2019-08-27 19:09:45,084 | INFO  | SCMAudit | user=jenkins1000 | ip=192.168.5.191 | op=SEND_HEARTBEAT {datanodeUUID=7ffeb123-8a07-43fc-9bc5-d9b026895606, command=[]} | ret=SUCCESS |  
2019-08-27 19:09:45,164 [ForkJoinPool.commonPool-worker-1] INFO  ozoneimpl.OzoneContainer (OzoneContainer.java:stop(199)) - Attempting to stop container services.
2019-08-27 19:09:45,164 [main] INFO  ozoneimpl.OzoneContainer (OzoneContainer.java:stop(199)) - Attempting to stop container services.
2019-08-27 19:09:45,165 [ForkJoinPool.commonPool-worker-1] INFO  impl.RaftServerProxy (RaftServerProxy.java:lambda$close$4(314)) - 38f28178-96e9-481f-bed8-cfb19f684f50: close
2019-08-27 19:09:45,165 [main] INFO  impl.RaftServerProxy (RaftServerProxy.java:lambda$close$4(314)) - 3e80ec3d-d0df-446e-9c00-872113d57222: close
2019-08-27 19:09:45,165 [ForkJoinPool.commonPool-worker-1] INFO  impl.RaftServerImpl (RaftServerImpl.java:lambda$shutdown$3(245)) - 38f28178-96e9-481f-bed8-cfb19f684f50: shutdown group-E2EBB6DB155D
2019-08-27 19:09:45,166 [main] INFO  impl.RaftServerImpl (RaftServerImpl.java:lambda$shutdown$3(245)) - 3e80ec3d-d0df-446e-9c00-872113d57222: shutdown group-F952D5A68690
2019-08-27 19:09:45,166 [ForkJoinPool.commonPool-worker-1] INFO  util.JmxRegister (JmxRegister.java:unregister(73)) - Successfully un-registered JMX Bean with object name Ratis:service=RaftServer,group=group-E2EBB6DB155D,id=38f28178-96e9-481f-bed8-cfb19f684f50
2019-08-27 19:09:45,166 [main] INFO  util.JmxRegister (JmxRegister.java:unregister(73)) - Successfully un-registered JMX Bean with object name Ratis:service=RaftServer,group=group-F952D5A68690,id=3e80ec3d-d0df-446e-9c00-872113d57222
2019-08-27 19:09:45,167 [ForkJoinPool.commonPool-worker-1] INFO  impl.RoleInfo (RoleInfo.java:shutdownLeaderState(104)) - 38f28178-96e9-481f-bed8-cfb19f684f50: shutdown LeaderState
2019-08-27 19:09:45,167 [main] INFO  impl.RoleInfo (RoleInfo.java:shutdownLeaderState(104)) - 3e80ec3d-d0df-446e-9c00-872113d57222: shutdown LeaderState
2019-08-27 19:09:45,174 [ForkJoinPool.commonPool-worker-1] INFO  impl.PendingRequests (PendingRequests.java:sendNotLeaderResponses(202)) - 38f28178-96e9-481f-bed8-cfb19f684f50-PendingRequests: sendNotLeaderResponses
2019-08-27 19:09:45,174 [main] INFO  impl.PendingRequests (PendingRequests.java:sendNotLeaderResponses(202)) - 3e80ec3d-d0df-446e-9c00-872113d57222-PendingRequests: sendNotLeaderResponses
2019-08-27 19:09:45,174 [org.apache.ratis.server.impl.LogAppender$AppenderDaemon$$Lambda$460/1307776168@7efcce84] WARN  server.GrpcLogAppender (GrpcLogAppender.java:mayWait(143)) - GrpcLogAppender(38f28178-96e9-481f-bed8-cfb19f684f50->1a6ef58e-b6d8-4916-b5f4-f66cad6b6cba): Wait interrupted by java.lang.InterruptedException
2019-08-27 19:09:45,174 [org.apache.ratis.server.impl.LogAppender$AppenderDaemon$$Lambda$460/1307776168@3bfe479f] WARN  server.GrpcLogAppender (GrpcLogAppender.java:mayWait(143)) - GrpcLogAppender(38f28178-96e9-481f-bed8-cfb19f684f50->7ffeb123-8a07-43fc-9bc5-d9b026895606): Wait interrupted by java.lang.InterruptedException
2019-08-27 19:09:45,175 [main] INFO  impl.StateMachineUpdater (StateMachineUpdater.java:stopAndJoin(115)) - StateMachineUpdater:3e80ec3d-d0df-446e-9c00-872113d57222:group-F952D5A68690: set stopIndex = 0
2019-08-27 19:09:45,174 [ForkJoinPool.commonPool-worker-1] INFO  impl.StateMachineUpdater (StateMachineUpdater.java:stopAndJoin(115)) - StateMachineUpdater:38f28178-96e9-481f-bed8-cfb19f684f50:group-E2EBB6DB155D: set stopIndex = 0
2019-08-27 19:09:45,183 [main] INFO  impl.RaftServerImpl (ServerState.java:close(394)) - 3e80ec3d-d0df-446e-9c00-872113d57222:group-F952D5A68690 closes. The last applied log index is 0
2019-08-27 19:09:45,183 [grpc-default-executor-5] INFO  server.GrpcServerProtocolService (GrpcServerProtocolService.java:onCompleted(104)) - 7ffeb123-8a07-43fc-9bc5-d9b026895606: appendEntries completed
2019-08-27 19:09:45,180 [grpc-default-executor-8] INFO  server.GrpcServerProtocolService (GrpcServerProtocolService.java:onCompleted(104)) - 1a6ef58e-b6d8-4916-b5f4-f66cad6b6cba: appendEntries completed
2019-08-27 19:09:45,184 [3e80ec3d-d0df-446e-9c00-872113d57222-SegmentedRaftLogWorker:Storage Directory /workdir/hadoop-ozone/integration-test/target/test-dir/MiniOzoneClusterImpl-599e46d8-0e9a-4b65-aec3-4904bd77efd2/datanode-4/data/ratis/ee72fdfa-e2a7-486f-8289-f952d5a68690] INFO  segmented.SegmentedRaftLogWorker (SegmentedRaftLogWorker.java:run(313)) - 3e80ec3d-d0df-446e-9c00-872113d57222-SegmentedRaftLogWorker:Storage Directory /workdir/hadoop-ozone/integration-test/target/test-dir/MiniOzoneClusterImpl-599e46d8-0e9a-4b65-aec3-4904bd77efd2/datanode-4/data/ratis/ee72fdfa-e2a7-486f-8289-f952d5a68690 was interrupted, exiting. There are 0 tasks remaining in the queue.
2019-08-27 19:09:45,183 [ForkJoinPool.commonPool-worker-1] INFO  impl.RaftServerImpl (ServerState.java:close(394)) - 38f28178-96e9-481f-bed8-cfb19f684f50:group-E2EBB6DB155D closes. The last applied log index is 0
2019-08-27 19:09:45,187 [grpc-default-executor-8] INFO  server.GrpcLogAppender (GrpcLogAppender.java:onCompleted(292)) - 38f28178-96e9-481f-bed8-cfb19f684f50->1a6ef58e-b6d8-4916-b5f4-f66cad6b6cba: follower responses appendEntries COMPLETED
2019-08-27 19:09:45,187 [main] INFO  segmented.SegmentedRaftLogWorker (SegmentedRaftLogWorker.java:close(228)) - 3e80ec3d-d0df-446e-9c00-872113d57222-SegmentedRaftLogWorker:Storage Directory /workdir/hadoop-ozone/integration-test/target/test-dir/MiniOzoneClusterImpl-599e46d8-0e9a-4b65-aec3-4904bd77efd2/datanode-4/data/ratis/ee72fdfa-e2a7-486f-8289-f952d5a68690 close()
2019-08-27 19:09:45,187 [grpc-default-executor-5] INFO  server.GrpcLogAppender (GrpcLogAppender.java:onCompleted(292)) - 38f28178-96e9-481f-bed8-cfb19f684f50->7ffeb123-8a07-43fc-9bc5-d9b026895606: follower responses appendEntries COMPLETED
2019-08-27 19:09:45,190 [grpc-default-executor-8] INFO  impl.FollowerInfo (FollowerInfo.java:lambda$new$0(50)) - 38f28178-96e9-481f-bed8-cfb19f684f50->1a6ef58e-b6d8-4916-b5f4-f66cad6b6cba: nextIndex: updateUnconditionally 1 -> 0
2019-08-27 19:09:45,187 [38f28178-96e9-481f-bed8-cfb19f684f50-SegmentedRaftLogWorker:Storage Directory /workdir/hadoop-ozone/integration-test/target/test-dir/MiniOzoneClusterImpl-599e46d8-0e9a-4b65-aec3-4904bd77efd2/datanode-1/data/ratis/797c9363-7b9e-428d-9144-e2ebb6db155d] INFO  segmented.SegmentedRaftLogWorker (SegmentedRaftLogWorker.java:run(313)) - 38f28178-96e9-481f-bed8-cfb19f684f50-SegmentedRaftLogWorker:Storage Directory /workdir/hadoop-ozone/integration-test/target/test-dir/MiniOzoneClusterImpl-599e46d8-0e9a-4b65-aec3-4904bd77efd2/datanode-1/data/ratis/797c9363-7b9e-428d-9144-e2ebb6db155d was interrupted, exiting. There are 0 tasks remaining in the queue.
2019-08-27 19:09:45,200 [grpc-default-executor-5] INFO  impl.FollowerInfo (FollowerInfo.java:lambda$new$0(50)) - 38f28178-96e9-481f-bed8-cfb19f684f50->7ffeb123-8a07-43fc-9bc5-d9b026895606: nextIndex: updateUnconditionally 1 -> 0
2019-08-27 19:09:45,200 [main] INFO  server.GrpcService (GrpcService.java:closeImpl(155)) - 3e80ec3d-d0df-446e-9c00-872113d57222: shutdown server with port 38812 now
2019-08-27 19:09:45,203 [ForkJoinPool.commonPool-worker-1] INFO  segmented.SegmentedRaftLogWorker (SegmentedRaftLogWorker.java:close(228)) - 38f28178-96e9-481f-bed8-cfb19f684f50-SegmentedRaftLogWorker:Storage Directory /workdir/hadoop-ozone/integration-test/target/test-dir/MiniOzoneClusterImpl-599e46d8-0e9a-4b65-aec3-4904bd77efd2/datanode-1/data/ratis/797c9363-7b9e-428d-9144-e2ebb6db155d close()
2019-08-27 19:09:45,208 [ForkJoinPool.commonPool-worker-1] INFO  impl.RaftServerImpl (RaftServerImpl.java:lambda$shutdown$3(245)) - 38f28178-96e9-481f-bed8-cfb19f684f50: shutdown group-999DB1B54175
2019-08-27 19:09:45,210 [main] INFO  server.GrpcService (GrpcService.java:closeImpl(163)) - 3e80ec3d-d0df-446e-9c00-872113d57222: shutdown server with port 38812 successfully
2019-08-27 19:09:45,211 [ForkJoinPool.commonPool-worker-1] INFO  util.JmxRegister (JmxRegister.java:unregister(73)) - Successfully un-registered JMX Bean with object name Ratis:service=RaftServer,group=group-999DB1B54175,id=38f28178-96e9-481f-bed8-cfb19f684f50
2019-08-27 19:09:45,211 [ForkJoinPool.commonPool-worker-1] INFO  impl.RoleInfo (RoleInfo.java:shutdownLeaderState(104)) - 38f28178-96e9-481f-bed8-cfb19f684f50: shutdown LeaderState
2019-08-27 19:09:45,211 [ForkJoinPool.commonPool-worker-1] INFO  impl.PendingRequests (PendingRequests.java:sendNotLeaderResponses(202)) - 38f28178-96e9-481f-bed8-cfb19f684f50-PendingRequests: sendNotLeaderResponses
2019-08-27 19:09:45,212 [ForkJoinPool.commonPool-worker-1] INFO  impl.StateMachineUpdater (StateMachineUpdater.java:stopAndJoin(115)) - StateMachineUpdater:38f28178-96e9-481f-bed8-cfb19f684f50:group-999DB1B54175: set stopIndex = 0
2019-08-27 19:09:45,212 [main] INFO  utils.BackgroundService (BackgroundService.java:shutdown(148)) - Shutting down service BlockDeletingService
2019-08-27 19:09:45,215 [ForkJoinPool.commonPool-worker-1] INFO  impl.RaftServerImpl (ServerState.java:close(394)) - 38f28178-96e9-481f-bed8-cfb19f684f50:group-999DB1B54175 closes. The last applied log index is 0
2019-08-27 19:09:45,216 [38f28178-96e9-481f-bed8-cfb19f684f50-SegmentedRaftLogWorker:Storage Directory /workdir/hadoop-ozone/integration-test/target/test-dir/MiniOzoneClusterImpl-599e46d8-0e9a-4b65-aec3-4904bd77efd2/datanode-1/data/ratis/73f1de47-cceb-45b4-b0ac-999db1b54175] INFO  segmented.SegmentedRaftLogWorker (SegmentedRaftLogWorker.java:run(313)) - 38f28178-96e9-481f-bed8-cfb19f684f50-SegmentedRaftLogWorker:Storage Directory /workdir/hadoop-ozone/integration-test/target/test-dir/MiniOzoneClusterImpl-599e46d8-0e9a-4b65-aec3-4904bd77efd2/datanode-1/data/ratis/73f1de47-cceb-45b4-b0ac-999db1b54175 was interrupted, exiting. There are 0 tasks remaining in the queue.
2019-08-27 19:09:45,218 [ForkJoinPool.commonPool-worker-1] INFO  segmented.SegmentedRaftLogWorker (SegmentedRaftLogWorker.java:close(228)) - 38f28178-96e9-481f-bed8-cfb19f684f50-SegmentedRaftLogWorker:Storage Directory /workdir/hadoop-ozone/integration-test/target/test-dir/MiniOzoneClusterImpl-599e46d8-0e9a-4b65-aec3-4904bd77efd2/datanode-1/data/ratis/73f1de47-cceb-45b4-b0ac-999db1b54175 close()
2019-08-27 19:09:45,223 [ForkJoinPool.commonPool-worker-1] INFO  server.GrpcService (GrpcService.java:closeImpl(155)) - 38f28178-96e9-481f-bed8-cfb19f684f50: shutdown server with port 43946 now
2019-08-27 19:09:45,224 [ForkJoinPool.commonPool-worker-1] INFO  server.GrpcService (GrpcService.java:closeImpl(163)) - 38f28178-96e9-481f-bed8-cfb19f684f50: shutdown server with port 43946 successfully
2019-08-27 19:09:45,226 [refreshUsed-/workdir/hadoop-ozone/integration-test/target/test-dir/MiniOzoneClusterImpl-599e46d8-0e9a-4b65-aec3-4904bd77efd2/datanode-4/data/containers] WARN  fs.CachingGetSpaceUsed (CachingGetSpaceUsed.java:run(183)) - Thread Interrupted waiting to refresh disk information: sleep interrupted
2019-08-27 19:09:45,227 [ForkJoinPool.commonPool-worker-1] INFO  utils.BackgroundService (BackgroundService.java:shutdown(148)) - Shutting down service BlockDeletingService
2019-08-27 19:09:45,231 [refreshUsed-/workdir/hadoop-ozone/integration-test/target/test-dir/MiniOzoneClusterImpl-599e46d8-0e9a-4b65-aec3-4904bd77efd2/datanode-1/data/containers] WARN  fs.CachingGetSpaceUsed (CachingGetSpaceUsed.java:run(183)) - Thread Interrupted waiting to refresh disk information: sleep interrupted
2019-08-27 19:09:45,247 | INFO  | SCMAudit | user=jenkins1000 | ip=192.168.5.191 | op=SEND_HEARTBEAT {datanodeUUID=1a6ef58e-b6d8-4916-b5f4-f66cad6b6cba, command=[]} | ret=SUCCESS |  
2019-08-27 19:09:45,257 [main] INFO  statemachine.DatanodeStateMachine (DatanodeStateMachine.java:stopDaemon(395)) - Ozone container server stopped.
2019-08-27 19:09:45,259 [main] INFO  handler.ContextHandler (ContextHandler.java:doStop(910)) - Stopped o.e.j.w.WebAppContext@5f59ea8c{/,null,UNAVAILABLE}{/hddsDatanode}
2019-08-27 19:09:45,265 [ForkJoinPool.commonPool-worker-1] INFO  statemachine.DatanodeStateMachine (DatanodeStateMachine.java:stopDaemon(395)) - Ozone container server stopped.
2019-08-27 19:09:45,272 [main] INFO  server.AbstractConnector (AbstractConnector.java:doStop(318)) - Stopped ServerConnector@7b2ccba5{HTTP/1.1,[http/1.1]}{0.0.0.0:0}
2019-08-27 19:09:45,274 [ForkJoinPool.commonPool-worker-1] INFO  handler.ContextHandler (ContextHandler.java:doStop(910)) - Stopped o.e.j.w.WebAppContext@4c0e426a{/,null,UNAVAILABLE}{/hddsDatanode}
2019-08-27 19:09:45,274 [main] INFO  handler.ContextHandler (ContextHandler.java:doStop(910)) - Stopped o.e.j.s.ServletContextHandler@3878be7b{/static,jar:file:/home/user/.m2/repository/org/apache/hadoop/hadoop-hdds-container-service/0.5.0-SNAPSHOT/hadoop-hdds-container-service-0.5.0-SNAPSHOT.jar!/webapps/static,UNAVAILABLE}
2019-08-27 19:09:45,275 [ForkJoinPool.commonPool-worker-1] INFO  server.AbstractConnector (AbstractConnector.java:doStop(318)) - Stopped ServerConnector@713ec32d{HTTP/1.1,[http/1.1]}{0.0.0.0:0}
2019-08-27 19:09:45,275 [main] INFO  handler.ContextHandler (ContextHandler.java:doStop(910)) - Stopped o.e.j.s.ServletContextHandler@3d9f5016{/logs,file:///workdir/hadoop-ozone/integration-test/target/log,UNAVAILABLE}
2019-08-27 19:09:45,277 [ForkJoinPool.commonPool-worker-1] INFO  handler.ContextHandler (ContextHandler.java:doStop(910)) - Stopped o.e.j.s.ServletContextHandler@35ef439e{/static,jar:file:/home/user/.m2/repository/org/apache/hadoop/hadoop-hdds-container-service/0.5.0-SNAPSHOT/hadoop-hdds-container-service-0.5.0-SNAPSHOT.jar!/webapps/static,UNAVAILABLE}
2019-08-27 19:09:45,279 [ForkJoinPool.commonPool-worker-1] INFO  handler.ContextHandler (ContextHandler.java:doStop(910)) - Stopped o.e.j.s.ServletContextHandler@de7e193{/logs,file:///workdir/hadoop-ozone/integration-test/target/log,UNAVAILABLE}
2019-08-27 19:09:46,019 | INFO  | SCMAudit | user=jenkins1000 | ip=192.168.5.191 | op=SEND_HEARTBEAT {datanodeUUID=d3c05237-bd84-4234-a934-0ba66750ea46, command=[]} | ret=SUCCESS |  
2019-08-27 19:09:46,041 [Datanode State Machine Thread - 0] INFO  statemachine.DatanodeStateMachine (DatanodeStateMachine.java:lambda$startDaemon$0(350)) - Ozone container server started.
2019-08-27 19:09:46,050 | INFO  | SCMAudit | user=jenkins1000 | ip=192.168.5.191 | op=SEND_HEARTBEAT {datanodeUUID=8dbfb03d-3489-434f-b2ff-176126556357, command=[]} | ret=SUCCESS |  
2019-08-27 19:09:46,084 | INFO  | SCMAudit | user=jenkins1000 | ip=192.168.5.191 | op=SEND_HEARTBEAT {datanodeUUID=7ffeb123-8a07-43fc-9bc5-d9b026895606, command=[]} | ret=SUCCESS |  
2019-08-27 19:09:46,246 [Datanode State Machine Thread - 0] INFO  statemachine.DatanodeStateMachine (DatanodeStateMachine.java:lambda$startDaemon$0(350)) - Ozone container server started.
2019-08-27 19:09:47,019 | INFO  | SCMAudit | user=jenkins1000 | ip=192.168.5.191 | op=SEND_HEARTBEAT {datanodeUUID=d3c05237-bd84-4234-a934-0ba66750ea46, command=[]} | ret=SUCCESS |  
2019-08-27 19:09:47,051 | INFO  | SCMAudit | user=jenkins1000 | ip=192.168.5.191 | op=SEND_HEARTBEAT {datanodeUUID=8dbfb03d-3489-434f-b2ff-176126556357, command=[]} | ret=SUCCESS |  
2019-08-27 19:09:47,084 | INFO  | SCMAudit | user=jenkins1000 | ip=192.168.5.191 | op=SEND_HEARTBEAT {datanodeUUID=7ffeb123-8a07-43fc-9bc5-d9b026895606, command=[]} | ret=SUCCESS |  
2019-08-27 19:09:48,019 | INFO  | SCMAudit | user=jenkins1000 | ip=192.168.5.191 | op=SEND_HEARTBEAT {datanodeUUID=d3c05237-bd84-4234-a934-0ba66750ea46, command=[]} | ret=SUCCESS |  
2019-08-27 19:09:48,051 | INFO  | SCMAudit | user=jenkins1000 | ip=192.168.5.191 | op=SEND_HEARTBEAT {datanodeUUID=8dbfb03d-3489-434f-b2ff-176126556357, command=[]} | ret=SUCCESS |  
2019-08-27 19:09:48,085 | INFO  | SCMAudit | user=jenkins1000 | ip=192.168.5.191 | op=SEND_HEARTBEAT {datanodeUUID=7ffeb123-8a07-43fc-9bc5-d9b026895606, command=[]} | ret=SUCCESS |  
2019-08-27 19:09:49,019 | INFO  | SCMAudit | user=jenkins1000 | ip=192.168.5.191 | op=SEND_HEARTBEAT {datanodeUUID=d3c05237-bd84-4234-a934-0ba66750ea46, command=[]} | ret=SUCCESS |  
2019-08-27 19:09:49,051 | INFO  | SCMAudit | user=jenkins1000 | ip=192.168.5.191 | op=SEND_HEARTBEAT {datanodeUUID=8dbfb03d-3489-434f-b2ff-176126556357, command=[]} | ret=SUCCESS |  
2019-08-27 19:09:49,085 | INFO  | SCMAudit | user=jenkins1000 | ip=192.168.5.191 | op=SEND_HEARTBEAT {datanodeUUID=7ffeb123-8a07-43fc-9bc5-d9b026895606, command=[]} | ret=SUCCESS |  
2019-08-27 19:09:50,019 | INFO  | SCMAudit | user=jenkins1000 | ip=192.168.5.191 | op=SEND_HEARTBEAT {datanodeUUID=d3c05237-bd84-4234-a934-0ba66750ea46, command=[]} | ret=SUCCESS |  
2019-08-27 19:09:50,051 | INFO  | SCMAudit | user=jenkins1000 | ip=192.168.5.191 | op=SEND_HEARTBEAT {datanodeUUID=8dbfb03d-3489-434f-b2ff-176126556357, command=[]} | ret=SUCCESS |  
2019-08-27 19:09:50,085 | INFO  | SCMAudit | user=jenkins1000 | ip=192.168.5.191 | op=SEND_HEARTBEAT {datanodeUUID=7ffeb123-8a07-43fc-9bc5-d9b026895606, command=[]} | ret=SUCCESS |  
2019-08-27 19:09:50,282 [main] INFO  ozoneimpl.OzoneContainer (OzoneContainer.java:stop(199)) - Attempting to stop container services.
2019-08-27 19:09:50,282 [ForkJoinPool.commonPool-worker-1] INFO  ozoneimpl.OzoneContainer (OzoneContainer.java:stop(199)) - Attempting to stop container services.
2019-08-27 19:09:50,283 [main] INFO  impl.RaftServerProxy (RaftServerProxy.java:lambda$close$4(314)) - 457b0f2b-feff-4639-91a3-a11070381d4f: close
2019-08-27 19:09:50,284 [ForkJoinPool.commonPool-worker-1] INFO  impl.RaftServerProxy (RaftServerProxy.java:lambda$close$4(314)) - 1a6ef58e-b6d8-4916-b5f4-f66cad6b6cba: close
2019-08-27 19:09:50,284 [main] INFO  impl.RaftServerImpl (RaftServerImpl.java:lambda$shutdown$3(245)) - 457b0f2b-feff-4639-91a3-a11070381d4f: shutdown group-871C3D5C4E57
2019-08-27 19:09:50,284 [ForkJoinPool.commonPool-worker-1] INFO  impl.RaftServerImpl (RaftServerImpl.java:lambda$shutdown$3(245)) - 1a6ef58e-b6d8-4916-b5f4-f66cad6b6cba: shutdown group-E2EBB6DB155D
2019-08-27 19:09:50,285 [main] INFO  util.JmxRegister (JmxRegister.java:unregister(73)) - Successfully un-registered JMX Bean with object name Ratis:service=RaftServer,group=group-871C3D5C4E57,id=457b0f2b-feff-4639-91a3-a11070381d4f
2019-08-27 19:09:50,285 [ForkJoinPool.commonPool-worker-1] INFO  util.JmxRegister (JmxRegister.java:unregister(73)) - Successfully un-registered JMX Bean with object name Ratis:service=RaftServer,group=group-E2EBB6DB155D,id=1a6ef58e-b6d8-4916-b5f4-f66cad6b6cba
2019-08-27 19:09:50,285 [main] INFO  impl.RoleInfo (RoleInfo.java:shutdownLeaderState(104)) - 457b0f2b-feff-4639-91a3-a11070381d4f: shutdown LeaderState
2019-08-27 19:09:50,286 [ForkJoinPool.commonPool-worker-1] INFO  impl.RoleInfo (RoleInfo.java:shutdownFollowerState(121)) - 1a6ef58e-b6d8-4916-b5f4-f66cad6b6cba: shutdown FollowerState
2019-08-27 19:09:50,286 [main] INFO  impl.PendingRequests (PendingRequests.java:sendNotLeaderResponses(202)) - 457b0f2b-feff-4639-91a3-a11070381d4f-PendingRequests: sendNotLeaderResponses
2019-08-27 19:09:50,287 [Thread-779] INFO  impl.FollowerState (FollowerState.java:run(114)) - 1a6ef58e-b6d8-4916-b5f4-f66cad6b6cba: FollowerState was interrupted: java.lang.InterruptedException: sleep interrupted
2019-08-27 19:09:50,290 [main] INFO  impl.StateMachineUpdater (StateMachineUpdater.java:stopAndJoin(115)) - StateMachineUpdater:457b0f2b-feff-4639-91a3-a11070381d4f:group-871C3D5C4E57: set stopIndex = 0
2019-08-27 19:09:50,287 [ForkJoinPool.commonPool-worker-1] INFO  impl.StateMachineUpdater (StateMachineUpdater.java:stopAndJoin(115)) - StateMachineUpdater:1a6ef58e-b6d8-4916-b5f4-f66cad6b6cba:group-E2EBB6DB155D: set stopIndex = 0
2019-08-27 19:09:50,295 [main] INFO  impl.RaftServerImpl (ServerState.java:close(394)) - 457b0f2b-feff-4639-91a3-a11070381d4f:group-871C3D5C4E57 closes. The last applied log index is 0
2019-08-27 19:09:50,295 [ForkJoinPool.commonPool-worker-1] INFO  impl.RaftServerImpl (ServerState.java:close(394)) - 1a6ef58e-b6d8-4916-b5f4-f66cad6b6cba:group-E2EBB6DB155D closes. The last applied log index is 0
2019-08-27 19:09:50,296 [457b0f2b-feff-4639-91a3-a11070381d4f-SegmentedRaftLogWorker:Storage Directory /workdir/hadoop-ozone/integration-test/target/test-dir/MiniOzoneClusterImpl-599e46d8-0e9a-4b65-aec3-4904bd77efd2/datanode-3/data/ratis/c608bfd2-a860-4e2c-bc75-871c3d5c4e57] INFO  segmented.SegmentedRaftLogWorker (SegmentedRaftLogWorker.java:run(313)) - 457b0f2b-feff-4639-91a3-a11070381d4f-SegmentedRaftLogWorker:Storage Directory /workdir/hadoop-ozone/integration-test/target/test-dir/MiniOzoneClusterImpl-599e46d8-0e9a-4b65-aec3-4904bd77efd2/datanode-3/data/ratis/c608bfd2-a860-4e2c-bc75-871c3d5c4e57 was interrupted, exiting. There are 0 tasks remaining in the queue.
2019-08-27 19:09:50,296 [1a6ef58e-b6d8-4916-b5f4-f66cad6b6cba-SegmentedRaftLogWorker:Storage Directory /workdir/hadoop-ozone/integration-test/target/test-dir/MiniOzoneClusterImpl-599e46d8-0e9a-4b65-aec3-4904bd77efd2/datanode-2/data/ratis/797c9363-7b9e-428d-9144-e2ebb6db155d] INFO  segmented.SegmentedRaftLogWorker (SegmentedRaftLogWorker.java:run(313)) - 1a6ef58e-b6d8-4916-b5f4-f66cad6b6cba-SegmentedRaftLogWorker:Storage Directory /workdir/hadoop-ozone/integration-test/target/test-dir/MiniOzoneClusterImpl-599e46d8-0e9a-4b65-aec3-4904bd77efd2/datanode-2/data/ratis/797c9363-7b9e-428d-9144-e2ebb6db155d was interrupted, exiting. There are 0 tasks remaining in the queue.
2019-08-27 19:09:50,307 [ForkJoinPool.commonPool-worker-1] INFO  segmented.SegmentedRaftLogWorker (SegmentedRaftLogWorker.java:close(228)) - 1a6ef58e-b6d8-4916-b5f4-f66cad6b6cba-SegmentedRaftLogWorker:Storage Directory /workdir/hadoop-ozone/integration-test/target/test-dir/MiniOzoneClusterImpl-599e46d8-0e9a-4b65-aec3-4904bd77efd2/datanode-2/data/ratis/797c9363-7b9e-428d-9144-e2ebb6db155d close()
2019-08-27 19:09:50,307 [main] INFO  segmented.SegmentedRaftLogWorker (SegmentedRaftLogWorker.java:close(228)) - 457b0f2b-feff-4639-91a3-a11070381d4f-SegmentedRaftLogWorker:Storage Directory /workdir/hadoop-ozone/integration-test/target/test-dir/MiniOzoneClusterImpl-599e46d8-0e9a-4b65-aec3-4904bd77efd2/datanode-3/data/ratis/c608bfd2-a860-4e2c-bc75-871c3d5c4e57 close()
2019-08-27 19:09:50,322 [ForkJoinPool.commonPool-worker-1] INFO  impl.RaftServerImpl (RaftServerImpl.java:lambda$shutdown$3(245)) - 1a6ef58e-b6d8-4916-b5f4-f66cad6b6cba: shutdown group-B4B548642FCD
2019-08-27 19:09:50,325 [main] INFO  impl.RaftServerImpl (RaftServerImpl.java:lambda$shutdown$3(245)) - 457b0f2b-feff-4639-91a3-a11070381d4f: shutdown group-5A0C10B0A675
2019-08-27 19:09:50,325 [ForkJoinPool.commonPool-worker-1] INFO  util.JmxRegister (JmxRegister.java:unregister(73)) - Successfully un-registered JMX Bean with object name Ratis:service=RaftServer,group=group-B4B548642FCD,id=1a6ef58e-b6d8-4916-b5f4-f66cad6b6cba
2019-08-27 19:09:50,326 [ForkJoinPool.commonPool-worker-1] INFO  impl.RoleInfo (RoleInfo.java:shutdownLeaderState(104)) - 1a6ef58e-b6d8-4916-b5f4-f66cad6b6cba: shutdown LeaderState
2019-08-27 19:09:50,326 [main] INFO  util.JmxRegister (JmxRegister.java:unregister(73)) - Successfully un-registered JMX Bean with object name Ratis:service=RaftServer,group=group-5A0C10B0A675,id=457b0f2b-feff-4639-91a3-a11070381d4f
2019-08-27 19:09:50,327 [ForkJoinPool.commonPool-worker-1] INFO  impl.PendingRequests (PendingRequests.java:sendNotLeaderResponses(202)) - 1a6ef58e-b6d8-4916-b5f4-f66cad6b6cba-PendingRequests: sendNotLeaderResponses
2019-08-27 19:09:50,327 [main] INFO  impl.RoleInfo (RoleInfo.java:shutdownFollowerState(121)) - 457b0f2b-feff-4639-91a3-a11070381d4f: shutdown FollowerState
2019-08-27 19:09:50,328 [ForkJoinPool.commonPool-worker-1] INFO  impl.StateMachineUpdater (StateMachineUpdater.java:stopAndJoin(115)) - StateMachineUpdater:1a6ef58e-b6d8-4916-b5f4-f66cad6b6cba:group-B4B548642FCD: set stopIndex = 0
2019-08-27 19:09:50,331 [Thread-801] INFO  impl.FollowerState (FollowerState.java:run(114)) - 457b0f2b-feff-4639-91a3-a11070381d4f: FollowerState was interrupted: java.lang.InterruptedException: sleep interrupted
2019-08-27 19:09:50,331 [main] INFO  impl.StateMachineUpdater (StateMachineUpdater.java:stopAndJoin(115)) - StateMachineUpdater:457b0f2b-feff-4639-91a3-a11070381d4f:group-5A0C10B0A675: set stopIndex = 8
2019-08-27 19:09:50,331 [StateMachineUpdater:457b0f2b-feff-4639-91a3-a11070381d4f:group-5A0C10B0A675] INFO  ratis.ContainerStateMachine (ContainerStateMachine.java:takeSnapshot(283)) - group-5A0C10B0A675: Taking a snapshot at:(t:1, i:6) file /workdir/hadoop-ozone/integration-test/target/test-dir/MiniOzoneClusterImpl-599e46d8-0e9a-4b65-aec3-4904bd77efd2/datanode-3/data/ratis/6ec88f33-8621-4e9f-b38b-5a0c10b0a675/sm/snapshot.1_6
2019-08-27 19:09:50,331 [ForkJoinPool.commonPool-worker-1] INFO  impl.RaftServerImpl (ServerState.java:close(394)) - 1a6ef58e-b6d8-4916-b5f4-f66cad6b6cba:group-B4B548642FCD closes. The last applied log index is 0
2019-08-27 19:09:50,335 [1a6ef58e-b6d8-4916-b5f4-f66cad6b6cba-SegmentedRaftLogWorker:Storage Directory /workdir/hadoop-ozone/integration-test/target/test-dir/MiniOzoneClusterImpl-599e46d8-0e9a-4b65-aec3-4904bd77efd2/datanode-2/data/ratis/a69bae1d-9f66-4c45-9714-b4b548642fcd] INFO  segmented.SegmentedRaftLogWorker (SegmentedRaftLogWorker.java:run(313)) - 1a6ef58e-b6d8-4916-b5f4-f66cad6b6cba-SegmentedRaftLogWorker:Storage Directory /workdir/hadoop-ozone/integration-test/target/test-dir/MiniOzoneClusterImpl-599e46d8-0e9a-4b65-aec3-4904bd77efd2/datanode-2/data/ratis/a69bae1d-9f66-4c45-9714-b4b548642fcd was interrupted, exiting. There are 0 tasks remaining in the queue.
2019-08-27 19:09:50,347 [ForkJoinPool.commonPool-worker-1] INFO  segmented.SegmentedRaftLogWorker (SegmentedRaftLogWorker.java:close(228)) - 1a6ef58e-b6d8-4916-b5f4-f66cad6b6cba-SegmentedRaftLogWorker:Storage Directory /workdir/hadoop-ozone/integration-test/target/test-dir/MiniOzoneClusterImpl-599e46d8-0e9a-4b65-aec3-4904bd77efd2/datanode-2/data/ratis/a69bae1d-9f66-4c45-9714-b4b548642fcd close()
2019-08-27 19:09:50,348 [StateMachineUpdater:457b0f2b-feff-4639-91a3-a11070381d4f:group-5A0C10B0A675] INFO  ratis.ContainerStateMachine (ContainerStateMachine.java:takeSnapshot(294)) - group-5A0C10B0A675: Finished taking a snapshot at:(t:1, i:6) file:/workdir/hadoop-ozone/integration-test/target/test-dir/MiniOzoneClusterImpl-599e46d8-0e9a-4b65-aec3-4904bd77efd2/datanode-3/data/ratis/6ec88f33-8621-4e9f-b38b-5a0c10b0a675/sm/snapshot.1_6 time:17
2019-08-27 19:09:50,349 [ForkJoinPool.commonPool-worker-1] INFO  server.GrpcService (GrpcService.java:closeImpl(155)) - 1a6ef58e-b6d8-4916-b5f4-f66cad6b6cba: shutdown server with port 34654 now
2019-08-27 19:09:50,349 [StateMachineUpdater:457b0f2b-feff-4639-91a3-a11070381d4f:group-5A0C10B0A675] INFO  impl.StateMachineUpdater (StateMachineUpdater.java:takeSnapshot(242)) - StateMachineUpdater:457b0f2b-feff-4639-91a3-a11070381d4f:group-5A0C10B0A675: Took a snapshot at index 6
2019-08-27 19:09:50,349 [StateMachineUpdater:457b0f2b-feff-4639-91a3-a11070381d4f:group-5A0C10B0A675] INFO  impl.StateMachineUpdater (StateMachineUpdater.java:lambda$new$0(80)) - StateMachineUpdater:457b0f2b-feff-4639-91a3-a11070381d4f:group-5A0C10B0A675: snapshotIndex: updateIncreasingly -1 -> 6
2019-08-27 19:09:50,351 [ForkJoinPool.commonPool-worker-1] INFO  server.GrpcService (GrpcService.java:closeImpl(163)) - 1a6ef58e-b6d8-4916-b5f4-f66cad6b6cba: shutdown server with port 34654 successfully
2019-08-27 19:09:50,351 [main] INFO  impl.RaftServerImpl (ServerState.java:close(394)) - 457b0f2b-feff-4639-91a3-a11070381d4f:group-5A0C10B0A675 closes. The last applied log index is 8
2019-08-27 19:09:50,353 [457b0f2b-feff-4639-91a3-a11070381d4f-SegmentedRaftLogWorker:Storage Directory /workdir/hadoop-ozone/integration-test/target/test-dir/MiniOzoneClusterImpl-599e46d8-0e9a-4b65-aec3-4904bd77efd2/datanode-3/data/ratis/6ec88f33-8621-4e9f-b38b-5a0c10b0a675] INFO  segmented.SegmentedRaftLogWorker (SegmentedRaftLogWorker.java:run(313)) - 457b0f2b-feff-4639-91a3-a11070381d4f-SegmentedRaftLogWorker:Storage Directory /workdir/hadoop-ozone/integration-test/target/test-dir/MiniOzoneClusterImpl-599e46d8-0e9a-4b65-aec3-4904bd77efd2/datanode-3/data/ratis/6ec88f33-8621-4e9f-b38b-5a0c10b0a675 was interrupted, exiting. There are 0 tasks remaining in the queue.
2019-08-27 19:09:50,354 [main] INFO  segmented.SegmentedRaftLogWorker (SegmentedRaftLogWorker.java:close(228)) - 457b0f2b-feff-4639-91a3-a11070381d4f-SegmentedRaftLogWorker:Storage Directory /workdir/hadoop-ozone/integration-test/target/test-dir/MiniOzoneClusterImpl-599e46d8-0e9a-4b65-aec3-4904bd77efd2/datanode-3/data/ratis/6ec88f33-8621-4e9f-b38b-5a0c10b0a675 close()
2019-08-27 19:09:50,354 [ForkJoinPool.commonPool-worker-1] INFO  utils.BackgroundService (BackgroundService.java:shutdown(148)) - Shutting down service BlockDeletingService
2019-08-27 19:09:50,356 [main] INFO  server.GrpcService (GrpcService.java:closeImpl(155)) - 457b0f2b-feff-4639-91a3-a11070381d4f: shutdown server with port 34209 now
2019-08-27 19:09:50,358 [refreshUsed-/workdir/hadoop-ozone/integration-test/target/test-dir/MiniOzoneClusterImpl-599e46d8-0e9a-4b65-aec3-4904bd77efd2/datanode-2/data/containers] WARN  fs.CachingGetSpaceUsed (CachingGetSpaceUsed.java:run(183)) - Thread Interrupted waiting to refresh disk information: sleep interrupted
2019-08-27 19:09:50,358 [main] INFO  server.GrpcService (GrpcService.java:closeImpl(163)) - 457b0f2b-feff-4639-91a3-a11070381d4f: shutdown server with port 34209 successfully
2019-08-27 19:09:50,358 [grpc-default-executor-8] WARN  server.GrpcLogAppender (LogUtils.java:warn(134)) - d3c05237-bd84-4234-a934-0ba66750ea46->457b0f2b-feff-4639-91a3-a11070381d4f: Failed appendEntries: org.apache.ratis.thirdparty.io.grpc.StatusRuntimeException: CANCELLED: HTTP/2 error code: CANCEL
Received Rst Stream
2019-08-27 19:09:50,358 [grpc-default-executor-7] WARN  server.GrpcServerProtocolService (LogUtils.java:warn(134)) - 457b0f2b-feff-4639-91a3-a11070381d4f: appendEntries onError: org.apache.ratis.thirdparty.io.grpc.StatusRuntimeException: CANCELLED: cancelled before receiving half close
2019-08-27 19:09:50,360 [grpc-default-executor-8] INFO  impl.FollowerInfo (FollowerInfo.java:lambda$new$0(50)) - d3c05237-bd84-4234-a934-0ba66750ea46->457b0f2b-feff-4639-91a3-a11070381d4f: nextIndex: updateUnconditionally 9 -> 8
2019-08-27 19:09:50,361 [main] INFO  utils.BackgroundService (BackgroundService.java:shutdown(148)) - Shutting down service BlockDeletingService
2019-08-27 19:09:50,365 [refreshUsed-/workdir/hadoop-ozone/integration-test/target/test-dir/MiniOzoneClusterImpl-599e46d8-0e9a-4b65-aec3-4904bd77efd2/datanode-3/data/containers] WARN  fs.CachingGetSpaceUsed (CachingGetSpaceUsed.java:run(183)) - Thread Interrupted waiting to refresh disk information: sleep interrupted
2019-08-27 19:09:50,387 [ForkJoinPool.commonPool-worker-1] INFO  statemachine.DatanodeStateMachine (DatanodeStateMachine.java:stopDaemon(395)) - Ozone container server stopped.
2019-08-27 19:09:50,391 [ForkJoinPool.commonPool-worker-1] INFO  handler.ContextHandler (ContextHandler.java:doStop(910)) - Stopped o.e.j.w.WebAppContext@1cd43562{/,null,UNAVAILABLE}{/hddsDatanode}
2019-08-27 19:09:50,392 [ForkJoinPool.commonPool-worker-1] INFO  server.AbstractConnector (AbstractConnector.java:doStop(318)) - Stopped ServerConnector@59939293{HTTP/1.1,[http/1.1]}{0.0.0.0:0}
2019-08-27 19:09:50,395 [ForkJoinPool.commonPool-worker-1] INFO  handler.ContextHandler (ContextHandler.java:doStop(910)) - Stopped o.e.j.s.ServletContextHandler@2007435e{/static,jar:file:/home/user/.m2/repository/org/apache/hadoop/hadoop-hdds-container-service/0.5.0-SNAPSHOT/hadoop-hdds-container-service-0.5.0-SNAPSHOT.jar!/webapps/static,UNAVAILABLE}
2019-08-27 19:09:50,396 [main] INFO  statemachine.DatanodeStateMachine (DatanodeStateMachine.java:stopDaemon(395)) - Ozone container server stopped.
2019-08-27 19:09:50,398 [ForkJoinPool.commonPool-worker-1] INFO  handler.ContextHandler (ContextHandler.java:doStop(910)) - Stopped o.e.j.s.ServletContextHandler@2703d91{/logs,file:///workdir/hadoop-ozone/integration-test/target/log,UNAVAILABLE}
2019-08-27 19:09:50,399 [main] INFO  handler.ContextHandler (ContextHandler.java:doStop(910)) - Stopped o.e.j.w.WebAppContext@2ed71727{/,null,UNAVAILABLE}{/hddsDatanode}
2019-08-27 19:09:50,400 [main] INFO  server.AbstractConnector (AbstractConnector.java:doStop(318)) - Stopped ServerConnector@5261ec9{HTTP/1.1,[http/1.1]}{0.0.0.0:0}
2019-08-27 19:09:50,401 [main] INFO  handler.ContextHandler (ContextHandler.java:doStop(910)) - Stopped o.e.j.s.ServletContextHandler@52227eb2{/static,jar:file:/home/user/.m2/repository/org/apache/hadoop/hadoop-hdds-container-service/0.5.0-SNAPSHOT/hadoop-hdds-container-service-0.5.0-SNAPSHOT.jar!/webapps/static,UNAVAILABLE}
2019-08-27 19:09:50,401 [main] INFO  handler.ContextHandler (ContextHandler.java:doStop(910)) - Stopped o.e.j.s.ServletContextHandler@3fa7df1{/logs,file:///workdir/hadoop-ozone/integration-test/target/log,UNAVAILABLE}
2019-08-27 19:09:51,019 | INFO  | SCMAudit | user=jenkins1000 | ip=192.168.5.191 | op=SEND_HEARTBEAT {datanodeUUID=d3c05237-bd84-4234-a934-0ba66750ea46, command=[]} | ret=SUCCESS |  
2019-08-27 19:09:51,050 [Datanode State Machine Thread - 0] INFO  statemachine.DatanodeStateMachine (DatanodeStateMachine.java:lambda$startDaemon$0(350)) - Ozone container server started.
2019-08-27 19:09:51,084 [Datanode State Machine Thread - 0] INFO  statemachine.DatanodeStateMachine (DatanodeStateMachine.java:lambda$startDaemon$0(350)) - Ozone container server started.
2019-08-27 19:09:51,262 [Thread-780] INFO  impl.FollowerState (FollowerState.java:run(106)) - 7ffeb123-8a07-43fc-9bc5-d9b026895606:group-E2EBB6DB155D changes to CANDIDATE, lastRpcTime:7879, electionTimeout:5012ms
2019-08-27 19:09:51,262 [Thread-780] INFO  impl.RoleInfo (RoleInfo.java:shutdownFollowerState(121)) - 7ffeb123-8a07-43fc-9bc5-d9b026895606: shutdown FollowerState
2019-08-27 19:09:51,262 [Thread-780] INFO  impl.RaftServerImpl (RaftServerImpl.java:setRole(171)) - 7ffeb123-8a07-43fc-9bc5-d9b026895606:group-E2EBB6DB155D changes role from FOLLOWER to CANDIDATE at term 1 for changeToCandidate
2019-08-27 19:09:51,262 [Thread-780] INFO  impl.RoleInfo (RoleInfo.java:updateAndGet(143)) - 7ffeb123-8a07-43fc-9bc5-d9b026895606: start LeaderElection
2019-08-27 19:09:51,265 [7ffeb123-8a07-43fc-9bc5-d9b026895606:group-E2EBB6DB155D:LeaderElection24] INFO  impl.RaftServerImpl (ServerState.java:setLeader(263)) - 7ffeb123-8a07-43fc-9bc5-d9b026895606:group-E2EBB6DB155D change Leader from 38f28178-96e9-481f-bed8-cfb19f684f50 to null at term 1 for initElection
2019-08-27 19:09:51,291 [7ffeb123-8a07-43fc-9bc5-d9b026895606:group-E2EBB6DB155D:LeaderElection24] INFO  impl.LeaderElection (LeaderElection.java:askForVotes(181)) - 7ffeb123-8a07-43fc-9bc5-d9b026895606:group-E2EBB6DB155D:LeaderElection24: begin an election at term 2 for 0: [38f28178-96e9-481f-bed8-cfb19f684f50:192.168.5.191:43946, 7ffeb123-8a07-43fc-9bc5-d9b026895606:192.168.5.191:43880, 1a6ef58e-b6d8-4916-b5f4-f66cad6b6cba:192.168.5.191:34654], old=null
2019-08-27 19:09:51,295 [7ffeb123-8a07-43fc-9bc5-d9b026895606:group-E2EBB6DB155D:LeaderElection24] INFO  impl.LeaderElection (LogUtils.java:infoOrTrace(149)) - 7ffeb123-8a07-43fc-9bc5-d9b026895606:group-E2EBB6DB155D:LeaderElection24 got exception when requesting votes: {}
java.util.concurrent.ExecutionException: org.apache.ratis.thirdparty.io.grpc.StatusRuntimeException: UNAVAILABLE: io exception
	at java.util.concurrent.FutureTask.report(FutureTask.java:122)
	at java.util.concurrent.FutureTask.get(FutureTask.java:192)
	at org.apache.ratis.server.impl.LeaderElection.waitForResults(LeaderElection.java:262)
	at org.apache.ratis.server.impl.LeaderElection.askForVotes(LeaderElection.java:200)
	at org.apache.ratis.server.impl.LeaderElection.run(LeaderElection.java:130)
	at java.lang.Thread.run(Thread.java:748)
Caused by: org.apache.ratis.thirdparty.io.grpc.StatusRuntimeException: UNAVAILABLE: io exception
	at org.apache.ratis.thirdparty.io.grpc.stub.ClientCalls.toStatusRuntimeException(ClientCalls.java:233)
	at org.apache.ratis.thirdparty.io.grpc.stub.ClientCalls.getUnchecked(ClientCalls.java:214)
	at org.apache.ratis.thirdparty.io.grpc.stub.ClientCalls.blockingUnaryCall(ClientCalls.java:139)
	at org.apache.ratis.proto.grpc.RaftServerProtocolServiceGrpc$RaftServerProtocolServiceBlockingStub.requestVote(RaftServerProtocolServiceGrpc.java:265)
	at org.apache.ratis.grpc.server.GrpcServerProtocolClient.requestVote(GrpcServerProtocolClient.java:83)
	at org.apache.ratis.grpc.server.GrpcService.requestVote(GrpcService.java:195)
	at org.apache.ratis.server.impl.LeaderElection.lambda$submitRequests$1(LeaderElection.java:237)
	at java.util.concurrent.FutureTask.run(FutureTask.java:266)
	at java.util.concurrent.Executors$RunnableAdapter.call(Executors.java:511)
	at java.util.concurrent.FutureTask.run(FutureTask.java:266)
	at java.util.concurrent.ThreadPoolExecutor.runWorker(ThreadPoolExecutor.java:1149)
	at java.util.concurrent.ThreadPoolExecutor$Worker.run(ThreadPoolExecutor.java:624)
	... 1 more
Caused by: org.apache.ratis.thirdparty.io.netty.channel.AbstractChannel$AnnotatedConnectException: Connection refused: /192.168.5.191:34654
	at sun.nio.ch.SocketChannelImpl.checkConnect(Native Method)
	at sun.nio.ch.SocketChannelImpl.finishConnect(SocketChannelImpl.java:717)
	at org.apache.ratis.thirdparty.io.netty.channel.socket.nio.NioSocketChannel.doFinishConnect(NioSocketChannel.java:327)
	at org.apache.ratis.thirdparty.io.netty.channel.nio.AbstractNioChannel$AbstractNioUnsafe.finishConnect(AbstractNioChannel.java:340)
	at org.apache.ratis.thirdparty.io.netty.channel.nio.NioEventLoop.processSelectedKey(NioEventLoop.java:632)
	at org.apache.ratis.thirdparty.io.netty.channel.nio.NioEventLoop.processSelectedKeysOptimized(NioEventLoop.java:579)
	at org.apache.ratis.thirdparty.io.netty.channel.nio.NioEventLoop.processSelectedKeys(NioEventLoop.java:496)
	at org.apache.ratis.thirdparty.io.netty.channel.nio.NioEventLoop.run(NioEventLoop.java:458)
	at org.apache.ratis.thirdparty.io.netty.util.concurrent.SingleThreadEventExecutor$5.run(SingleThreadEventExecutor.java:897)
	at org.apache.ratis.thirdparty.io.netty.util.concurrent.FastThreadLocalRunnable.run(FastThreadLocalRunnable.java:30)
	... 1 more
Caused by: java.net.ConnectException: Connection refused
	... 11 more
2019-08-27 19:09:51,297 [7ffeb123-8a07-43fc-9bc5-d9b026895606:group-E2EBB6DB155D:LeaderElection24] INFO  impl.LeaderElection (LogUtils.java:infoOrTrace(149)) - 7ffeb123-8a07-43fc-9bc5-d9b026895606:group-E2EBB6DB155D:LeaderElection24 got exception when requesting votes: {}
java.util.concurrent.ExecutionException: org.apache.ratis.thirdparty.io.grpc.StatusRuntimeException: UNAVAILABLE: io exception
	at java.util.concurrent.FutureTask.report(FutureTask.java:122)
	at java.util.concurrent.FutureTask.get(FutureTask.java:192)
	at org.apache.ratis.server.impl.LeaderElection.waitForResults(LeaderElection.java:262)
	at org.apache.ratis.server.impl.LeaderElection.askForVotes(LeaderElection.java:200)
	at org.apache.ratis.server.impl.LeaderElection.run(LeaderElection.java:130)
	at java.lang.Thread.run(Thread.java:748)
Caused by: org.apache.ratis.thirdparty.io.grpc.StatusRuntimeException: UNAVAILABLE: io exception
	at org.apache.ratis.thirdparty.io.grpc.stub.ClientCalls.toStatusRuntimeException(ClientCalls.java:233)
	at org.apache.ratis.thirdparty.io.grpc.stub.ClientCalls.getUnchecked(ClientCalls.java:214)
	at org.apache.ratis.thirdparty.io.grpc.stub.ClientCalls.blockingUnaryCall(ClientCalls.java:139)
	at org.apache.ratis.proto.grpc.RaftServerProtocolServiceGrpc$RaftServerProtocolServiceBlockingStub.requestVote(RaftServerProtocolServiceGrpc.java:265)
	at org.apache.ratis.grpc.server.GrpcServerProtocolClient.requestVote(GrpcServerProtocolClient.java:83)
	at org.apache.ratis.grpc.server.GrpcService.requestVote(GrpcService.java:195)
	at org.apache.ratis.server.impl.LeaderElection.lambda$submitRequests$1(LeaderElection.java:237)
	at java.util.concurrent.FutureTask.run(FutureTask.java:266)
	at java.util.concurrent.Executors$RunnableAdapter.call(Executors.java:511)
	at java.util.concurrent.FutureTask.run(FutureTask.java:266)
	at java.util.concurrent.ThreadPoolExecutor.runWorker(ThreadPoolExecutor.java:1149)
	at java.util.concurrent.ThreadPoolExecutor$Worker.run(ThreadPoolExecutor.java:624)
	... 1 more
Caused by: org.apache.ratis.thirdparty.io.netty.channel.AbstractChannel$AnnotatedConnectException: Connection refused: /192.168.5.191:43946
	at sun.nio.ch.SocketChannelImpl.checkConnect(Native Method)
	at sun.nio.ch.SocketChannelImpl.finishConnect(SocketChannelImpl.java:717)
	at org.apache.ratis.thirdparty.io.netty.channel.socket.nio.NioSocketChannel.doFinishConnect(NioSocketChannel.java:327)
	at org.apache.ratis.thirdparty.io.netty.channel.nio.AbstractNioChannel$AbstractNioUnsafe.finishConnect(AbstractNioChannel.java:340)
	at org.apache.ratis.thirdparty.io.netty.channel.nio.NioEventLoop.processSelectedKey(NioEventLoop.java:632)
	at org.apache.ratis.thirdparty.io.netty.channel.nio.NioEventLoop.processSelectedKeysOptimized(NioEventLoop.java:579)
	at org.apache.ratis.thirdparty.io.netty.channel.nio.NioEventLoop.processSelectedKeys(NioEventLoop.java:496)
	at org.apache.ratis.thirdparty.io.netty.channel.nio.NioEventLoop.run(NioEventLoop.java:458)
	at org.apache.ratis.thirdparty.io.netty.util.concurrent.SingleThreadEventExecutor$5.run(SingleThreadEventExecutor.java:897)
	at org.apache.ratis.thirdparty.io.netty.util.concurrent.FastThreadLocalRunnable.run(FastThreadLocalRunnable.java:30)
	... 1 more
Caused by: java.net.ConnectException: Connection refused
	... 11 more
2019-08-27 19:09:51,299 [7ffeb123-8a07-43fc-9bc5-d9b026895606:group-E2EBB6DB155D:LeaderElection24] INFO  impl.LeaderElection (LeaderElection.java:logAndReturn(56)) - 7ffeb123-8a07-43fc-9bc5-d9b026895606:group-E2EBB6DB155D:LeaderElection24: Election REJECTED; received 0 response(s) [] and 2 exception(s); 7ffeb123-8a07-43fc-9bc5-d9b026895606:t2, leader=null, voted=7ffeb123-8a07-43fc-9bc5-d9b026895606, raftlog=7ffeb123-8a07-43fc-9bc5-d9b026895606-SegmentedRaftLog:OPENED:c0,f0,i0, conf=0: [38f28178-96e9-481f-bed8-cfb19f684f50:192.168.5.191:43946, 7ffeb123-8a07-43fc-9bc5-d9b026895606:192.168.5.191:43880, 1a6ef58e-b6d8-4916-b5f4-f66cad6b6cba:192.168.5.191:34654], old=null
2019-08-27 19:09:51,299 [7ffeb123-8a07-43fc-9bc5-d9b026895606:group-E2EBB6DB155D:LeaderElection24] INFO  impl.LeaderElection (LogUtils.java:infoOrTrace(149)) -   Exception 0: {}
java.util.concurrent.ExecutionException: org.apache.ratis.thirdparty.io.grpc.StatusRuntimeException: UNAVAILABLE: io exception
	at java.util.concurrent.FutureTask.report(FutureTask.java:122)
	at java.util.concurrent.FutureTask.get(FutureTask.java:192)
	at org.apache.ratis.server.impl.LeaderElection.waitForResults(LeaderElection.java:262)
	at org.apache.ratis.server.impl.LeaderElection.askForVotes(LeaderElection.java:200)
	at org.apache.ratis.server.impl.LeaderElection.run(LeaderElection.java:130)
	at java.lang.Thread.run(Thread.java:748)
Caused by: org.apache.ratis.thirdparty.io.grpc.StatusRuntimeException: UNAVAILABLE: io exception
	at org.apache.ratis.thirdparty.io.grpc.stub.ClientCalls.toStatusRuntimeException(ClientCalls.java:233)
	at org.apache.ratis.thirdparty.io.grpc.stub.ClientCalls.getUnchecked(ClientCalls.java:214)
	at org.apache.ratis.thirdparty.io.grpc.stub.ClientCalls.blockingUnaryCall(ClientCalls.java:139)
	at org.apache.ratis.proto.grpc.RaftServerProtocolServiceGrpc$RaftServerProtocolServiceBlockingStub.requestVote(RaftServerProtocolServiceGrpc.java:265)
	at org.apache.ratis.grpc.server.GrpcServerProtocolClient.requestVote(GrpcServerProtocolClient.java:83)
	at org.apache.ratis.grpc.server.GrpcService.requestVote(GrpcService.java:195)
	at org.apache.ratis.server.impl.LeaderElection.lambda$submitRequests$1(LeaderElection.java:237)
	at java.util.concurrent.FutureTask.run(FutureTask.java:266)
	at java.util.concurrent.Executors$RunnableAdapter.call(Executors.java:511)
	at java.util.concurrent.FutureTask.run(FutureTask.java:266)
	at java.util.concurrent.ThreadPoolExecutor.runWorker(ThreadPoolExecutor.java:1149)
	at java.util.concurrent.ThreadPoolExecutor$Worker.run(ThreadPoolExecutor.java:624)
	... 1 more
Caused by: org.apache.ratis.thirdparty.io.netty.channel.AbstractChannel$AnnotatedConnectException: Connection refused: /192.168.5.191:34654
	at sun.nio.ch.SocketChannelImpl.checkConnect(Native Method)
	at sun.nio.ch.SocketChannelImpl.finishConnect(SocketChannelImpl.java:717)
	at org.apache.ratis.thirdparty.io.netty.channel.socket.nio.NioSocketChannel.doFinishConnect(NioSocketChannel.java:327)
	at org.apache.ratis.thirdparty.io.netty.channel.nio.AbstractNioChannel$AbstractNioUnsafe.finishConnect(AbstractNioChannel.java:340)
	at org.apache.ratis.thirdparty.io.netty.channel.nio.NioEventLoop.processSelectedKey(NioEventLoop.java:632)
	at org.apache.ratis.thirdparty.io.netty.channel.nio.NioEventLoop.processSelectedKeysOptimized(NioEventLoop.java:579)
	at org.apache.ratis.thirdparty.io.netty.channel.nio.NioEventLoop.processSelectedKeys(NioEventLoop.java:496)
	at org.apache.ratis.thirdparty.io.netty.channel.nio.NioEventLoop.run(NioEventLoop.java:458)
	at org.apache.ratis.thirdparty.io.netty.util.concurrent.SingleThreadEventExecutor$5.run(SingleThreadEventExecutor.java:897)
	at org.apache.ratis.thirdparty.io.netty.util.concurrent.FastThreadLocalRunnable.run(FastThreadLocalRunnable.java:30)
	... 1 more
Caused by: java.net.ConnectException: Connection refused
	... 11 more
2019-08-27 19:09:51,300 [7ffeb123-8a07-43fc-9bc5-d9b026895606:group-E2EBB6DB155D:LeaderElection24] INFO  impl.LeaderElection (LogUtils.java:infoOrTrace(149)) -   Exception 1: {}
java.util.concurrent.ExecutionException: org.apache.ratis.thirdparty.io.grpc.StatusRuntimeException: UNAVAILABLE: io exception
	at java.util.concurrent.FutureTask.report(FutureTask.java:122)
	at java.util.concurrent.FutureTask.get(FutureTask.java:192)
	at org.apache.ratis.server.impl.LeaderElection.waitForResults(LeaderElection.java:262)
	at org.apache.ratis.server.impl.LeaderElection.askForVotes(LeaderElection.java:200)
	at org.apache.ratis.server.impl.LeaderElection.run(LeaderElection.java:130)
	at java.lang.Thread.run(Thread.java:748)
Caused by: org.apache.ratis.thirdparty.io.grpc.StatusRuntimeException: UNAVAILABLE: io exception
	at org.apache.ratis.thirdparty.io.grpc.stub.ClientCalls.toStatusRuntimeException(ClientCalls.java:233)
	at org.apache.ratis.thirdparty.io.grpc.stub.ClientCalls.getUnchecked(ClientCalls.java:214)
	at org.apache.ratis.thirdparty.io.grpc.stub.ClientCalls.blockingUnaryCall(ClientCalls.java:139)
	at org.apache.ratis.proto.grpc.RaftServerProtocolServiceGrpc$RaftServerProtocolServiceBlockingStub.requestVote(RaftServerProtocolServiceGrpc.java:265)
	at org.apache.ratis.grpc.server.GrpcServerProtocolClient.requestVote(GrpcServerProtocolClient.java:83)
	at org.apache.ratis.grpc.server.GrpcService.requestVote(GrpcService.java:195)
	at org.apache.ratis.server.impl.LeaderElection.lambda$submitRequests$1(LeaderElection.java:237)
	at java.util.concurrent.FutureTask.run(FutureTask.java:266)
	at java.util.concurrent.Executors$RunnableAdapter.call(Executors.java:511)
	at java.util.concurrent.FutureTask.run(FutureTask.java:266)
	at java.util.concurrent.ThreadPoolExecutor.runWorker(ThreadPoolExecutor.java:1149)
	at java.util.concurrent.ThreadPoolExecutor$Worker.run(ThreadPoolExecutor.java:624)
	... 1 more
Caused by: org.apache.ratis.thirdparty.io.netty.channel.AbstractChannel$AnnotatedConnectException: Connection refused: /192.168.5.191:43946
	at sun.nio.ch.SocketChannelImpl.checkConnect(Native Method)
	at sun.nio.ch.SocketChannelImpl.finishConnect(SocketChannelImpl.java:717)
	at org.apache.ratis.thirdparty.io.netty.channel.socket.nio.NioSocketChannel.doFinishConnect(NioSocketChannel.java:327)
	at org.apache.ratis.thirdparty.io.netty.channel.nio.AbstractNioChannel$AbstractNioUnsafe.finishConnect(AbstractNioChannel.java:340)
	at org.apache.ratis.thirdparty.io.netty.channel.nio.NioEventLoop.processSelectedKey(NioEventLoop.java:632)
	at org.apache.ratis.thirdparty.io.netty.channel.nio.NioEventLoop.processSelectedKeysOptimized(NioEventLoop.java:579)
	at org.apache.ratis.thirdparty.io.netty.channel.nio.NioEventLoop.processSelectedKeys(NioEventLoop.java:496)
	at org.apache.ratis.thirdparty.io.netty.channel.nio.NioEventLoop.run(NioEventLoop.java:458)
	at org.apache.ratis.thirdparty.io.netty.util.concurrent.SingleThreadEventExecutor$5.run(SingleThreadEventExecutor.java:897)
	at org.apache.ratis.thirdparty.io.netty.util.concurrent.FastThreadLocalRunnable.run(FastThreadLocalRunnable.java:30)
	... 1 more
Caused by: java.net.ConnectException: Connection refused
	... 11 more
2019-08-27 19:09:51,301 [7ffeb123-8a07-43fc-9bc5-d9b026895606:group-E2EBB6DB155D:LeaderElection24] INFO  impl.RaftServerImpl (RaftServerImpl.java:setRole(171)) - 7ffeb123-8a07-43fc-9bc5-d9b026895606:group-E2EBB6DB155D changes role from CANDIDATE to FOLLOWER at term 2 for DISCOVERED_A_NEW_TERM
2019-08-27 19:09:51,302 [7ffeb123-8a07-43fc-9bc5-d9b026895606:group-E2EBB6DB155D:LeaderElection24] INFO  impl.RoleInfo (RoleInfo.java:shutdownLeaderElection(134)) - 7ffeb123-8a07-43fc-9bc5-d9b026895606: shutdown LeaderElection
2019-08-27 19:09:51,302 [7ffeb123-8a07-43fc-9bc5-d9b026895606:group-E2EBB6DB155D:LeaderElection24] INFO  impl.RoleInfo (RoleInfo.java:updateAndGet(143)) - 7ffeb123-8a07-43fc-9bc5-d9b026895606: start FollowerState
2019-08-27 19:09:52,019 | INFO  | SCMAudit | user=jenkins1000 | ip=192.168.5.191 | op=SEND_HEARTBEAT {datanodeUUID=d3c05237-bd84-4234-a934-0ba66750ea46, command=[]} | ret=SUCCESS |  
2019-08-27 19:09:52,431 [grpc-default-executor-5] WARN  server.GrpcLogAppender (LogUtils.java:warn(134)) - d3c05237-bd84-4234-a934-0ba66750ea46->457b0f2b-feff-4639-91a3-a11070381d4f: Failed appendEntries: org.apache.ratis.thirdparty.io.grpc.StatusRuntimeException: UNAVAILABLE: io exception
2019-08-27 19:09:52,433 [grpc-default-executor-5] INFO  impl.FollowerInfo (FollowerInfo.java:lambda$new$0(50)) - d3c05237-bd84-4234-a934-0ba66750ea46->457b0f2b-feff-4639-91a3-a11070381d4f: nextIndex: updateUnconditionally 8 -> 7
2019-08-27 19:09:53,019 | INFO  | SCMAudit | user=jenkins1000 | ip=192.168.5.191 | op=SEND_HEARTBEAT {datanodeUUID=d3c05237-bd84-4234-a934-0ba66750ea46, command=[]} | ret=SUCCESS |  
2019-08-27 19:09:54,019 | INFO  | SCMAudit | user=jenkins1000 | ip=192.168.5.191 | op=SEND_HEARTBEAT {datanodeUUID=d3c05237-bd84-4234-a934-0ba66750ea46, command=[]} | ret=SUCCESS |  
2019-08-27 19:09:54,933 [grpc-default-executor-1] WARN  server.GrpcLogAppender (LogUtils.java:warn(134)) - d3c05237-bd84-4234-a934-0ba66750ea46->457b0f2b-feff-4639-91a3-a11070381d4f: Failed appendEntries: org.apache.ratis.thirdparty.io.grpc.StatusRuntimeException: UNAVAILABLE: io exception
2019-08-27 19:09:54,936 [grpc-default-executor-1] INFO  impl.FollowerInfo (FollowerInfo.java:lambda$new$0(50)) - d3c05237-bd84-4234-a934-0ba66750ea46->457b0f2b-feff-4639-91a3-a11070381d4f: nextIndex: updateUnconditionally 7 -> 6
2019-08-27 19:09:55,019 | INFO  | SCMAudit | user=jenkins1000 | ip=192.168.5.191 | op=SEND_HEARTBEAT {datanodeUUID=d3c05237-bd84-4234-a934-0ba66750ea46, command=[]} | ret=SUCCESS |  
2019-08-27 19:09:55,400 [ForkJoinPool.commonPool-worker-1] INFO  ozoneimpl.OzoneContainer (OzoneContainer.java:stop(199)) - Attempting to stop container services.
2019-08-27 19:09:55,401 [ForkJoinPool.commonPool-worker-1] INFO  impl.RaftServerProxy (RaftServerProxy.java:lambda$close$4(314)) - 7ffeb123-8a07-43fc-9bc5-d9b026895606: close
2019-08-27 19:09:55,401 [ForkJoinPool.commonPool-worker-1] INFO  impl.RaftServerImpl (RaftServerImpl.java:lambda$shutdown$3(245)) - 7ffeb123-8a07-43fc-9bc5-d9b026895606: shutdown group-E2EBB6DB155D
2019-08-27 19:09:55,402 [ForkJoinPool.commonPool-worker-1] INFO  util.JmxRegister (JmxRegister.java:unregister(73)) - Successfully un-registered JMX Bean with object name Ratis:service=RaftServer,group=group-E2EBB6DB155D,id=7ffeb123-8a07-43fc-9bc5-d9b026895606
2019-08-27 19:09:55,402 [ForkJoinPool.commonPool-worker-1] INFO  impl.RoleInfo (RoleInfo.java:shutdownFollowerState(121)) - 7ffeb123-8a07-43fc-9bc5-d9b026895606: shutdown FollowerState
2019-08-27 19:09:55,402 [ForkJoinPool.commonPool-worker-1] INFO  impl.StateMachineUpdater (StateMachineUpdater.java:stopAndJoin(115)) - StateMachineUpdater:7ffeb123-8a07-43fc-9bc5-d9b026895606:group-E2EBB6DB155D: set stopIndex = 0
2019-08-27 19:09:55,402 [Thread-1745] INFO  impl.FollowerState (FollowerState.java:run(114)) - 7ffeb123-8a07-43fc-9bc5-d9b026895606: FollowerState was interrupted: java.lang.InterruptedException: sleep interrupted
2019-08-27 19:09:55,405 [ForkJoinPool.commonPool-worker-1] INFO  impl.RaftServerImpl (ServerState.java:close(394)) - 7ffeb123-8a07-43fc-9bc5-d9b026895606:group-E2EBB6DB155D closes. The last applied log index is 0
2019-08-27 19:09:55,407 [main] INFO  ozoneimpl.OzoneContainer (OzoneContainer.java:stop(199)) - Attempting to stop container services.
2019-08-27 19:09:55,407 [7ffeb123-8a07-43fc-9bc5-d9b026895606-SegmentedRaftLogWorker:Storage Directory /workdir/hadoop-ozone/integration-test/target/test-dir/MiniOzoneClusterImpl-599e46d8-0e9a-4b65-aec3-4904bd77efd2/datanode-0/data/ratis/797c9363-7b9e-428d-9144-e2ebb6db155d] INFO  segmented.SegmentedRaftLogWorker (SegmentedRaftLogWorker.java:run(313)) - 7ffeb123-8a07-43fc-9bc5-d9b026895606-SegmentedRaftLogWorker:Storage Directory /workdir/hadoop-ozone/integration-test/target/test-dir/MiniOzoneClusterImpl-599e46d8-0e9a-4b65-aec3-4904bd77efd2/datanode-0/data/ratis/797c9363-7b9e-428d-9144-e2ebb6db155d was interrupted, exiting. There are 0 tasks remaining in the queue.
2019-08-27 19:09:55,408 [main] INFO  impl.RaftServerProxy (RaftServerProxy.java:lambda$close$4(314)) - 8dbfb03d-3489-434f-b2ff-176126556357: close
2019-08-27 19:09:55,410 [ForkJoinPool.commonPool-worker-1] INFO  segmented.SegmentedRaftLogWorker (SegmentedRaftLogWorker.java:close(228)) - 7ffeb123-8a07-43fc-9bc5-d9b026895606-SegmentedRaftLogWorker:Storage Directory /workdir/hadoop-ozone/integration-test/target/test-dir/MiniOzoneClusterImpl-599e46d8-0e9a-4b65-aec3-4904bd77efd2/datanode-0/data/ratis/797c9363-7b9e-428d-9144-e2ebb6db155d close()
2019-08-27 19:09:55,410 [main] INFO  impl.RaftServerImpl (RaftServerImpl.java:lambda$shutdown$3(245)) - 8dbfb03d-3489-434f-b2ff-176126556357: shutdown group-5A0C10B0A675
2019-08-27 19:09:55,412 [ForkJoinPool.commonPool-worker-1] INFO  impl.RaftServerImpl (RaftServerImpl.java:lambda$shutdown$3(245)) - 7ffeb123-8a07-43fc-9bc5-d9b026895606: shutdown group-A22DCF4F585D
2019-08-27 19:09:55,412 [main] INFO  util.JmxRegister (JmxRegister.java:unregister(73)) - Successfully un-registered JMX Bean with object name Ratis:service=RaftServer,group=group-5A0C10B0A675,id=8dbfb03d-3489-434f-b2ff-176126556357
2019-08-27 19:09:55,413 [main] INFO  impl.RoleInfo (RoleInfo.java:shutdownFollowerState(121)) - 8dbfb03d-3489-434f-b2ff-176126556357: shutdown FollowerState
2019-08-27 19:09:55,412 [ForkJoinPool.commonPool-worker-1] INFO  util.JmxRegister (JmxRegister.java:unregister(73)) - Successfully un-registered JMX Bean with object name Ratis:service=RaftServer,group=group-A22DCF4F585D,id=7ffeb123-8a07-43fc-9bc5-d9b026895606
2019-08-27 19:09:55,413 [StateMachineUpdater:8dbfb03d-3489-434f-b2ff-176126556357:group-5A0C10B0A675] INFO  ratis.ContainerStateMachine (ContainerStateMachine.java:takeSnapshot(283)) - group-5A0C10B0A675: Taking a snapshot at:(t:1, i:6) file /workdir/hadoop-ozone/integration-test/target/test-dir/MiniOzoneClusterImpl-599e46d8-0e9a-4b65-aec3-4904bd77efd2/datanode-6/data/ratis/6ec88f33-8621-4e9f-b38b-5a0c10b0a675/sm/snapshot.1_6
2019-08-27 19:09:55,413 [Thread-800] INFO  impl.FollowerState (FollowerState.java:run(114)) - 8dbfb03d-3489-434f-b2ff-176126556357: FollowerState was interrupted: java.lang.InterruptedException: sleep interrupted
2019-08-27 19:09:55,413 [main] INFO  impl.StateMachineUpdater (StateMachineUpdater.java:stopAndJoin(115)) - StateMachineUpdater:8dbfb03d-3489-434f-b2ff-176126556357:group-5A0C10B0A675: set stopIndex = 8
2019-08-27 19:09:55,413 [ForkJoinPool.commonPool-worker-1] INFO  impl.RoleInfo (RoleInfo.java:shutdownLeaderState(104)) - 7ffeb123-8a07-43fc-9bc5-d9b026895606: shutdown LeaderState
2019-08-27 19:09:55,417 [ForkJoinPool.commonPool-worker-1] INFO  impl.PendingRequests (PendingRequests.java:sendNotLeaderResponses(202)) - 7ffeb123-8a07-43fc-9bc5-d9b026895606-PendingRequests: sendNotLeaderResponses
2019-08-27 19:09:55,418 [ForkJoinPool.commonPool-worker-1] INFO  impl.StateMachineUpdater (StateMachineUpdater.java:stopAndJoin(115)) - StateMachineUpdater:7ffeb123-8a07-43fc-9bc5-d9b026895606:group-A22DCF4F585D: set stopIndex = 0
2019-08-27 19:09:55,420 [ForkJoinPool.commonPool-worker-1] INFO  impl.RaftServerImpl (ServerState.java:close(394)) - 7ffeb123-8a07-43fc-9bc5-d9b026895606:group-A22DCF4F585D closes. The last applied log index is 0
2019-08-27 19:09:55,420 [7ffeb123-8a07-43fc-9bc5-d9b026895606-SegmentedRaftLogWorker:Storage Directory /workdir/hadoop-ozone/integration-test/target/test-dir/MiniOzoneClusterImpl-599e46d8-0e9a-4b65-aec3-4904bd77efd2/datanode-0/data/ratis/e5567112-00c6-4255-b093-a22dcf4f585d] INFO  segmented.SegmentedRaftLogWorker (SegmentedRaftLogWorker.java:run(313)) - 7ffeb123-8a07-43fc-9bc5-d9b026895606-SegmentedRaftLogWorker:Storage Directory /workdir/hadoop-ozone/integration-test/target/test-dir/MiniOzoneClusterImpl-599e46d8-0e9a-4b65-aec3-4904bd77efd2/datanode-0/data/ratis/e5567112-00c6-4255-b093-a22dcf4f585d was interrupted, exiting. There are 0 tasks remaining in the queue.
2019-08-27 19:09:55,425 [ForkJoinPool.commonPool-worker-1] INFO  segmented.SegmentedRaftLogWorker (SegmentedRaftLogWorker.java:close(228)) - 7ffeb123-8a07-43fc-9bc5-d9b026895606-SegmentedRaftLogWorker:Storage Directory /workdir/hadoop-ozone/integration-test/target/test-dir/MiniOzoneClusterImpl-599e46d8-0e9a-4b65-aec3-4904bd77efd2/datanode-0/data/ratis/e5567112-00c6-4255-b093-a22dcf4f585d close()
2019-08-27 19:09:55,427 [StateMachineUpdater:8dbfb03d-3489-434f-b2ff-176126556357:group-5A0C10B0A675] INFO  ratis.ContainerStateMachine (ContainerStateMachine.java:takeSnapshot(294)) - group-5A0C10B0A675: Finished taking a snapshot at:(t:1, i:6) file:/workdir/hadoop-ozone/integration-test/target/test-dir/MiniOzoneClusterImpl-599e46d8-0e9a-4b65-aec3-4904bd77efd2/datanode-6/data/ratis/6ec88f33-8621-4e9f-b38b-5a0c10b0a675/sm/snapshot.1_6 time:14
2019-08-27 19:09:55,427 [ForkJoinPool.commonPool-worker-1] INFO  server.GrpcService (GrpcService.java:closeImpl(155)) - 7ffeb123-8a07-43fc-9bc5-d9b026895606: shutdown server with port 43880 now
2019-08-27 19:09:55,427 [StateMachineUpdater:8dbfb03d-3489-434f-b2ff-176126556357:group-5A0C10B0A675] INFO  impl.StateMachineUpdater (StateMachineUpdater.java:takeSnapshot(242)) - StateMachineUpdater:8dbfb03d-3489-434f-b2ff-176126556357:group-5A0C10B0A675: Took a snapshot at index 6
2019-08-27 19:09:55,429 [StateMachineUpdater:8dbfb03d-3489-434f-b2ff-176126556357:group-5A0C10B0A675] INFO  impl.StateMachineUpdater (StateMachineUpdater.java:lambda$new$0(80)) - StateMachineUpdater:8dbfb03d-3489-434f-b2ff-176126556357:group-5A0C10B0A675: snapshotIndex: updateIncreasingly -1 -> 6
2019-08-27 19:09:55,431 [ForkJoinPool.commonPool-worker-1] INFO  server.GrpcService (GrpcService.java:closeImpl(163)) - 7ffeb123-8a07-43fc-9bc5-d9b026895606: shutdown server with port 43880 successfully
2019-08-27 19:09:55,432 [main] INFO  impl.RaftServerImpl (ServerState.java:close(394)) - 8dbfb03d-3489-434f-b2ff-176126556357:group-5A0C10B0A675 closes. The last applied log index is 8
2019-08-27 19:09:55,433 [8dbfb03d-3489-434f-b2ff-176126556357-SegmentedRaftLogWorker:Storage Directory /workdir/hadoop-ozone/integration-test/target/test-dir/MiniOzoneClusterImpl-599e46d8-0e9a-4b65-aec3-4904bd77efd2/datanode-6/data/ratis/6ec88f33-8621-4e9f-b38b-5a0c10b0a675] INFO  segmented.SegmentedRaftLogWorker (SegmentedRaftLogWorker.java:run(313)) - 8dbfb03d-3489-434f-b2ff-176126556357-SegmentedRaftLogWorker:Storage Directory /workdir/hadoop-ozone/integration-test/target/test-dir/MiniOzoneClusterImpl-599e46d8-0e9a-4b65-aec3-4904bd77efd2/datanode-6/data/ratis/6ec88f33-8621-4e9f-b38b-5a0c10b0a675 was interrupted, exiting. There are 0 tasks remaining in the queue.
2019-08-27 19:09:55,435 [main] INFO  segmented.SegmentedRaftLogWorker (SegmentedRaftLogWorker.java:close(228)) - 8dbfb03d-3489-434f-b2ff-176126556357-SegmentedRaftLogWorker:Storage Directory /workdir/hadoop-ozone/integration-test/target/test-dir/MiniOzoneClusterImpl-599e46d8-0e9a-4b65-aec3-4904bd77efd2/datanode-6/data/ratis/6ec88f33-8621-4e9f-b38b-5a0c10b0a675 close()
2019-08-27 19:09:55,435 [ForkJoinPool.commonPool-worker-1] INFO  utils.BackgroundService (BackgroundService.java:shutdown(148)) - Shutting down service BlockDeletingService
2019-08-27 19:09:55,443 [main] INFO  impl.RaftServerImpl (RaftServerImpl.java:lambda$shutdown$3(245)) - 8dbfb03d-3489-434f-b2ff-176126556357: shutdown group-064AA346B30B
2019-08-27 19:09:55,444 [main] INFO  util.JmxRegister (JmxRegister.java:unregister(73)) - Successfully un-registered JMX Bean with object name Ratis:service=RaftServer,group=group-064AA346B30B,id=8dbfb03d-3489-434f-b2ff-176126556357
2019-08-27 19:09:55,445 [main] INFO  impl.RoleInfo (RoleInfo.java:shutdownLeaderState(104)) - 8dbfb03d-3489-434f-b2ff-176126556357: shutdown LeaderState
2019-08-27 19:09:55,445 [refreshUsed-/workdir/hadoop-ozone/integration-test/target/test-dir/MiniOzoneClusterImpl-599e46d8-0e9a-4b65-aec3-4904bd77efd2/datanode-0/data/containers] WARN  fs.CachingGetSpaceUsed (CachingGetSpaceUsed.java:run(183)) - Thread Interrupted waiting to refresh disk information: sleep interrupted
2019-08-27 19:09:55,445 [main] INFO  impl.PendingRequests (PendingRequests.java:sendNotLeaderResponses(202)) - 8dbfb03d-3489-434f-b2ff-176126556357-PendingRequests: sendNotLeaderResponses
2019-08-27 19:09:55,446 [main] INFO  impl.StateMachineUpdater (StateMachineUpdater.java:stopAndJoin(115)) - StateMachineUpdater:8dbfb03d-3489-434f-b2ff-176126556357:group-064AA346B30B: set stopIndex = 0
2019-08-27 19:09:55,448 [main] INFO  impl.RaftServerImpl (ServerState.java:close(394)) - 8dbfb03d-3489-434f-b2ff-176126556357:group-064AA346B30B closes. The last applied log index is 0
2019-08-27 19:09:55,448 [8dbfb03d-3489-434f-b2ff-176126556357-SegmentedRaftLogWorker:Storage Directory /workdir/hadoop-ozone/integration-test/target/test-dir/MiniOzoneClusterImpl-599e46d8-0e9a-4b65-aec3-4904bd77efd2/datanode-6/data/ratis/03b1fece-22e8-4e98-8643-064aa346b30b] INFO  segmented.SegmentedRaftLogWorker (SegmentedRaftLogWorker.java:run(313)) - 8dbfb03d-3489-434f-b2ff-176126556357-SegmentedRaftLogWorker:Storage Directory /workdir/hadoop-ozone/integration-test/target/test-dir/MiniOzoneClusterImpl-599e46d8-0e9a-4b65-aec3-4904bd77efd2/datanode-6/data/ratis/03b1fece-22e8-4e98-8643-064aa346b30b was interrupted, exiting. There are 0 tasks remaining in the queue.
2019-08-27 19:09:55,449 [main] INFO  segmented.SegmentedRaftLogWorker (SegmentedRaftLogWorker.java:close(228)) - 8dbfb03d-3489-434f-b2ff-176126556357-SegmentedRaftLogWorker:Storage Directory /workdir/hadoop-ozone/integration-test/target/test-dir/MiniOzoneClusterImpl-599e46d8-0e9a-4b65-aec3-4904bd77efd2/datanode-6/data/ratis/03b1fece-22e8-4e98-8643-064aa346b30b close()
2019-08-27 19:09:55,450 [main] INFO  server.GrpcService (GrpcService.java:closeImpl(155)) - 8dbfb03d-3489-434f-b2ff-176126556357: shutdown server with port 44508 now
2019-08-27 19:09:55,451 [grpc-default-executor-7] WARN  server.GrpcServerProtocolService (LogUtils.java:warn(134)) - 8dbfb03d-3489-434f-b2ff-176126556357: appendEntries onError: org.apache.ratis.thirdparty.io.grpc.StatusRuntimeException: CANCELLED: cancelled before receiving half close
2019-08-27 19:09:55,451 [grpc-default-executor-8] WARN  server.GrpcLogAppender (LogUtils.java:warn(134)) - d3c05237-bd84-4234-a934-0ba66750ea46->8dbfb03d-3489-434f-b2ff-176126556357: Failed appendEntries: org.apache.ratis.thirdparty.io.grpc.StatusRuntimeException: CANCELLED: HTTP/2 error code: CANCEL
Received Rst Stream
2019-08-27 19:09:55,452 [main] INFO  server.GrpcService (GrpcService.java:closeImpl(163)) - 8dbfb03d-3489-434f-b2ff-176126556357: shutdown server with port 44508 successfully
2019-08-27 19:09:55,454 [grpc-default-executor-8] INFO  impl.FollowerInfo (FollowerInfo.java:lambda$new$0(50)) - d3c05237-bd84-4234-a934-0ba66750ea46->8dbfb03d-3489-434f-b2ff-176126556357: nextIndex: updateUnconditionally 9 -> 8
2019-08-27 19:09:55,456 [main] INFO  utils.BackgroundService (BackgroundService.java:shutdown(148)) - Shutting down service BlockDeletingService
2019-08-27 19:09:55,456 [grpc-default-executor-1] WARN  client.GrpcClientProtocolService (LogUtils.java:warn(134)) - 33-OrderedRequestStreamObserver33: onError: org.apache.ratis.thirdparty.io.grpc.StatusRuntimeException: CANCELLED: cancelled before receiving half close
2019-08-27 19:09:55,458 [refreshUsed-/workdir/hadoop-ozone/integration-test/target/test-dir/MiniOzoneClusterImpl-599e46d8-0e9a-4b65-aec3-4904bd77efd2/datanode-6/data/containers] WARN  fs.CachingGetSpaceUsed (CachingGetSpaceUsed.java:run(183)) - Thread Interrupted waiting to refresh disk information: sleep interrupted
2019-08-27 19:09:55,474 [ForkJoinPool.commonPool-worker-1] INFO  statemachine.DatanodeStateMachine (DatanodeStateMachine.java:stopDaemon(395)) - Ozone container server stopped.
2019-08-27 19:09:55,479 [ForkJoinPool.commonPool-worker-1] INFO  handler.ContextHandler (ContextHandler.java:doStop(910)) - Stopped o.e.j.w.WebAppContext@16ac5d35{/,null,UNAVAILABLE}{/hddsDatanode}
2019-08-27 19:09:55,479 [ForkJoinPool.commonPool-worker-1] INFO  server.AbstractConnector (AbstractConnector.java:doStop(318)) - Stopped ServerConnector@3965bdf9{HTTP/1.1,[http/1.1]}{0.0.0.0:0}
2019-08-27 19:09:55,483 [ForkJoinPool.commonPool-worker-1] INFO  handler.ContextHandler (ContextHandler.java:doStop(910)) - Stopped o.e.j.s.ServletContextHandler@1faf386c{/static,jar:file:/home/user/.m2/repository/org/apache/hadoop/hadoop-hdds-container-service/0.5.0-SNAPSHOT/hadoop-hdds-container-service-0.5.0-SNAPSHOT.jar!/webapps/static,UNAVAILABLE}
2019-08-27 19:09:55,484 [ForkJoinPool.commonPool-worker-1] INFO  handler.ContextHandler (ContextHandler.java:doStop(910)) - Stopped o.e.j.s.ServletContextHandler@6870c3c2{/logs,file:///workdir/hadoop-ozone/integration-test/target/log,UNAVAILABLE}
2019-08-27 19:09:55,488 [main] INFO  statemachine.DatanodeStateMachine (DatanodeStateMachine.java:stopDaemon(395)) - Ozone container server stopped.
2019-08-27 19:09:55,489 [main] INFO  handler.ContextHandler (ContextHandler.java:doStop(910)) - Stopped o.e.j.w.WebAppContext@343fddd9{/,null,UNAVAILABLE}{/hddsDatanode}
2019-08-27 19:09:55,490 [main] INFO  server.AbstractConnector (AbstractConnector.java:doStop(318)) - Stopped ServerConnector@2bbb44da{HTTP/1.1,[http/1.1]}{0.0.0.0:0}
2019-08-27 19:09:55,490 [main] INFO  handler.ContextHandler (ContextHandler.java:doStop(910)) - Stopped o.e.j.s.ServletContextHandler@712ac7e6{/static,jar:file:/home/user/.m2/repository/org/apache/hadoop/hadoop-hdds-container-service/0.5.0-SNAPSHOT/hadoop-hdds-container-service-0.5.0-SNAPSHOT.jar!/webapps/static,UNAVAILABLE}
2019-08-27 19:09:55,490 [main] INFO  handler.ContextHandler (ContextHandler.java:doStop(910)) - Stopped o.e.j.s.ServletContextHandler@4346808{/logs,file:///workdir/hadoop-ozone/integration-test/target/log,UNAVAILABLE}
2019-08-27 19:09:56,019 [Datanode State Machine Thread - 0] INFO  statemachine.DatanodeStateMachine (DatanodeStateMachine.java:lambda$startDaemon$0(350)) - Ozone container server started.
2019-08-27 19:09:57,434 [grpc-default-executor-5] WARN  server.GrpcLogAppender (LogUtils.java:warn(134)) - d3c05237-bd84-4234-a934-0ba66750ea46->457b0f2b-feff-4639-91a3-a11070381d4f: Failed appendEntries: org.apache.ratis.thirdparty.io.grpc.StatusRuntimeException: UNAVAILABLE: io exception
2019-08-27 19:09:57,436 [grpc-default-executor-5] INFO  impl.FollowerInfo (FollowerInfo.java:lambda$new$0(50)) - d3c05237-bd84-4234-a934-0ba66750ea46->457b0f2b-feff-4639-91a3-a11070381d4f: nextIndex: updateUnconditionally 6 -> 5
2019-08-27 19:09:57,437 [grpc-default-executor-8] WARN  server.GrpcLogAppender (LogUtils.java:warn(134)) - d3c05237-bd84-4234-a934-0ba66750ea46->8dbfb03d-3489-434f-b2ff-176126556357: Failed appendEntries: org.apache.ratis.thirdparty.io.grpc.StatusRuntimeException: UNAVAILABLE: io exception
2019-08-27 19:09:57,438 [grpc-default-executor-8] INFO  impl.FollowerInfo (FollowerInfo.java:lambda$new$0(50)) - d3c05237-bd84-4234-a934-0ba66750ea46->8dbfb03d-3489-434f-b2ff-176126556357: nextIndex: updateUnconditionally 8 -> 7
2019-08-27 19:09:59,935 [grpc-default-executor-7] WARN  server.GrpcLogAppender (LogUtils.java:warn(134)) - d3c05237-bd84-4234-a934-0ba66750ea46->457b0f2b-feff-4639-91a3-a11070381d4f: Failed appendEntries: org.apache.ratis.thirdparty.io.grpc.StatusRuntimeException: UNAVAILABLE: io exception
2019-08-27 19:09:59,937 [grpc-default-executor-7] INFO  impl.FollowerInfo (FollowerInfo.java:lambda$new$0(50)) - d3c05237-bd84-4234-a934-0ba66750ea46->457b0f2b-feff-4639-91a3-a11070381d4f: nextIndex: updateUnconditionally 5 -> 4
2019-08-27 19:09:59,938 [grpc-default-executor-5] WARN  server.GrpcLogAppender (LogUtils.java:warn(134)) - d3c05237-bd84-4234-a934-0ba66750ea46->8dbfb03d-3489-434f-b2ff-176126556357: Failed appendEntries: org.apache.ratis.thirdparty.io.grpc.StatusRuntimeException: UNAVAILABLE: io exception
2019-08-27 19:09:59,940 [grpc-default-executor-5] INFO  impl.FollowerInfo (FollowerInfo.java:lambda$new$0(50)) - d3c05237-bd84-4234-a934-0ba66750ea46->8dbfb03d-3489-434f-b2ff-176126556357: nextIndex: updateUnconditionally 7 -> 6
2019-08-27 19:10:00,489 [ForkJoinPool.commonPool-worker-1] INFO  ozoneimpl.OzoneContainer (OzoneContainer.java:stop(199)) - Attempting to stop container services.
2019-08-27 19:10:00,489 [ForkJoinPool.commonPool-worker-1] INFO  impl.RaftServerProxy (RaftServerProxy.java:lambda$close$4(314)) - d3c05237-bd84-4234-a934-0ba66750ea46: close
2019-08-27 19:10:00,490 [ForkJoinPool.commonPool-worker-1] INFO  impl.RaftServerImpl (RaftServerImpl.java:lambda$shutdown$3(245)) - d3c05237-bd84-4234-a934-0ba66750ea46: shutdown group-00BC29501A1F
2019-08-27 19:10:00,490 [ForkJoinPool.commonPool-worker-1] INFO  util.JmxRegister (JmxRegister.java:unregister(73)) - Successfully un-registered JMX Bean with object name Ratis:service=RaftServer,group=group-00BC29501A1F,id=d3c05237-bd84-4234-a934-0ba66750ea46
2019-08-27 19:10:00,490 [ForkJoinPool.commonPool-worker-1] INFO  impl.RoleInfo (RoleInfo.java:shutdownLeaderState(104)) - d3c05237-bd84-4234-a934-0ba66750ea46: shutdown LeaderState
2019-08-27 19:10:00,491 [ForkJoinPool.commonPool-worker-1] INFO  impl.PendingRequests (PendingRequests.java:sendNotLeaderResponses(202)) - d3c05237-bd84-4234-a934-0ba66750ea46-PendingRequests: sendNotLeaderResponses
2019-08-27 19:10:00,491 [ForkJoinPool.commonPool-worker-1] INFO  impl.StateMachineUpdater (StateMachineUpdater.java:stopAndJoin(115)) - StateMachineUpdater:d3c05237-bd84-4234-a934-0ba66750ea46:group-00BC29501A1F: set stopIndex = 0
2019-08-27 19:10:00,496 [ForkJoinPool.commonPool-worker-1] INFO  impl.RaftServerImpl (ServerState.java:close(394)) - d3c05237-bd84-4234-a934-0ba66750ea46:group-00BC29501A1F closes. The last applied log index is 0
2019-08-27 19:10:00,496 [d3c05237-bd84-4234-a934-0ba66750ea46-SegmentedRaftLogWorker:Storage Directory /workdir/hadoop-ozone/integration-test/target/test-dir/MiniOzoneClusterImpl-599e46d8-0e9a-4b65-aec3-4904bd77efd2/datanode-5/data/ratis/05c35cfe-3e46-4d9c-a285-00bc29501a1f] INFO  segmented.SegmentedRaftLogWorker (SegmentedRaftLogWorker.java:run(313)) - d3c05237-bd84-4234-a934-0ba66750ea46-SegmentedRaftLogWorker:Storage Directory /workdir/hadoop-ozone/integration-test/target/test-dir/MiniOzoneClusterImpl-599e46d8-0e9a-4b65-aec3-4904bd77efd2/datanode-5/data/ratis/05c35cfe-3e46-4d9c-a285-00bc29501a1f was interrupted, exiting. There are 0 tasks remaining in the queue.
2019-08-27 19:10:00,497 [ForkJoinPool.commonPool-worker-1] INFO  segmented.SegmentedRaftLogWorker (SegmentedRaftLogWorker.java:close(228)) - d3c05237-bd84-4234-a934-0ba66750ea46-SegmentedRaftLogWorker:Storage Directory /workdir/hadoop-ozone/integration-test/target/test-dir/MiniOzoneClusterImpl-599e46d8-0e9a-4b65-aec3-4904bd77efd2/datanode-5/data/ratis/05c35cfe-3e46-4d9c-a285-00bc29501a1f close()
2019-08-27 19:10:00,497 [ForkJoinPool.commonPool-worker-1] INFO  impl.RaftServerImpl (RaftServerImpl.java:lambda$shutdown$3(245)) - d3c05237-bd84-4234-a934-0ba66750ea46: shutdown group-5A0C10B0A675
2019-08-27 19:10:00,498 [ForkJoinPool.commonPool-worker-1] INFO  util.JmxRegister (JmxRegister.java:unregister(73)) - Successfully un-registered JMX Bean with object name Ratis:service=RaftServer,group=group-5A0C10B0A675,id=d3c05237-bd84-4234-a934-0ba66750ea46
2019-08-27 19:10:00,498 [ForkJoinPool.commonPool-worker-1] INFO  impl.RoleInfo (RoleInfo.java:shutdownLeaderState(104)) - d3c05237-bd84-4234-a934-0ba66750ea46: shutdown LeaderState
2019-08-27 19:10:00,500 [ForkJoinPool.commonPool-worker-1] INFO  impl.PendingRequests (PendingRequests.java:sendNotLeaderResponses(202)) - d3c05237-bd84-4234-a934-0ba66750ea46-PendingRequests: sendNotLeaderResponses
2019-08-27 19:10:00,500 [org.apache.ratis.server.impl.LogAppender$AppenderDaemon$$Lambda$460/1307776168@4e1de70b] WARN  server.GrpcLogAppender (GrpcLogAppender.java:mayWait(143)) - GrpcLogAppender(d3c05237-bd84-4234-a934-0ba66750ea46->457b0f2b-feff-4639-91a3-a11070381d4f): Wait interrupted by java.lang.InterruptedException
2019-08-27 19:10:00,500 [org.apache.ratis.server.impl.LogAppender$AppenderDaemon$$Lambda$460/1307776168@b1f60ac] WARN  server.GrpcLogAppender (GrpcLogAppender.java:mayWait(143)) - GrpcLogAppender(d3c05237-bd84-4234-a934-0ba66750ea46->8dbfb03d-3489-434f-b2ff-176126556357): Wait interrupted by java.lang.InterruptedException
2019-08-27 19:10:00,502 [ForkJoinPool.commonPool-worker-1] INFO  impl.StateMachineUpdater (StateMachineUpdater.java:stopAndJoin(115)) - StateMachineUpdater:d3c05237-bd84-4234-a934-0ba66750ea46:group-5A0C10B0A675: set stopIndex = 8
2019-08-27 19:10:00,502 [StateMachineUpdater:d3c05237-bd84-4234-a934-0ba66750ea46:group-5A0C10B0A675] INFO  ratis.ContainerStateMachine (ContainerStateMachine.java:takeSnapshot(283)) - group-5A0C10B0A675: Taking a snapshot at:(t:1, i:6) file /workdir/hadoop-ozone/integration-test/target/test-dir/MiniOzoneClusterImpl-599e46d8-0e9a-4b65-aec3-4904bd77efd2/datanode-5/data/ratis/6ec88f33-8621-4e9f-b38b-5a0c10b0a675/sm/snapshot.1_6
2019-08-27 19:10:00,511 [StateMachineUpdater:d3c05237-bd84-4234-a934-0ba66750ea46:group-5A0C10B0A675] INFO  ratis.ContainerStateMachine (ContainerStateMachine.java:takeSnapshot(294)) - group-5A0C10B0A675: Finished taking a snapshot at:(t:1, i:6) file:/workdir/hadoop-ozone/integration-test/target/test-dir/MiniOzoneClusterImpl-599e46d8-0e9a-4b65-aec3-4904bd77efd2/datanode-5/data/ratis/6ec88f33-8621-4e9f-b38b-5a0c10b0a675/sm/snapshot.1_6 time:8
2019-08-27 19:10:00,511 [StateMachineUpdater:d3c05237-bd84-4234-a934-0ba66750ea46:group-5A0C10B0A675] INFO  impl.StateMachineUpdater (StateMachineUpdater.java:takeSnapshot(242)) - StateMachineUpdater:d3c05237-bd84-4234-a934-0ba66750ea46:group-5A0C10B0A675: Took a snapshot at index 6
2019-08-27 19:10:00,511 [StateMachineUpdater:d3c05237-bd84-4234-a934-0ba66750ea46:group-5A0C10B0A675] INFO  impl.StateMachineUpdater (StateMachineUpdater.java:lambda$new$0(80)) - StateMachineUpdater:d3c05237-bd84-4234-a934-0ba66750ea46:group-5A0C10B0A675: snapshotIndex: updateIncreasingly -1 -> 6
2019-08-27 19:10:00,512 [ForkJoinPool.commonPool-worker-1] INFO  impl.RaftServerImpl (ServerState.java:close(394)) - d3c05237-bd84-4234-a934-0ba66750ea46:group-5A0C10B0A675 closes. The last applied log index is 8
2019-08-27 19:10:00,516 [d3c05237-bd84-4234-a934-0ba66750ea46-SegmentedRaftLogWorker:Storage Directory /workdir/hadoop-ozone/integration-test/target/test-dir/MiniOzoneClusterImpl-599e46d8-0e9a-4b65-aec3-4904bd77efd2/datanode-5/data/ratis/6ec88f33-8621-4e9f-b38b-5a0c10b0a675] INFO  segmented.SegmentedRaftLogWorker (SegmentedRaftLogWorker.java:run(313)) - d3c05237-bd84-4234-a934-0ba66750ea46-SegmentedRaftLogWorker:Storage Directory /workdir/hadoop-ozone/integration-test/target/test-dir/MiniOzoneClusterImpl-599e46d8-0e9a-4b65-aec3-4904bd77efd2/datanode-5/data/ratis/6ec88f33-8621-4e9f-b38b-5a0c10b0a675 was interrupted, exiting. There are 0 tasks remaining in the queue.
2019-08-27 19:10:00,516 [ForkJoinPool.commonPool-worker-1] INFO  segmented.SegmentedRaftLogWorker (SegmentedRaftLogWorker.java:close(228)) - d3c05237-bd84-4234-a934-0ba66750ea46-SegmentedRaftLogWorker:Storage Directory /workdir/hadoop-ozone/integration-test/target/test-dir/MiniOzoneClusterImpl-599e46d8-0e9a-4b65-aec3-4904bd77efd2/datanode-5/data/ratis/6ec88f33-8621-4e9f-b38b-5a0c10b0a675 close()
2019-08-27 19:10:00,517 [ForkJoinPool.commonPool-worker-1] INFO  server.GrpcService (GrpcService.java:closeImpl(155)) - d3c05237-bd84-4234-a934-0ba66750ea46: shutdown server with port 42272 now
2019-08-27 19:10:00,518 [ForkJoinPool.commonPool-worker-1] INFO  server.GrpcService (GrpcService.java:closeImpl(163)) - d3c05237-bd84-4234-a934-0ba66750ea46: shutdown server with port 42272 successfully
2019-08-27 19:10:00,519 [ForkJoinPool.commonPool-worker-1] INFO  utils.BackgroundService (BackgroundService.java:shutdown(148)) - Shutting down service BlockDeletingService
2019-08-27 19:10:00,522 [refreshUsed-/workdir/hadoop-ozone/integration-test/target/test-dir/MiniOzoneClusterImpl-599e46d8-0e9a-4b65-aec3-4904bd77efd2/datanode-5/data/containers] WARN  fs.CachingGetSpaceUsed (CachingGetSpaceUsed.java:run(183)) - Thread Interrupted waiting to refresh disk information: sleep interrupted
2019-08-27 19:10:00,541 [ForkJoinPool.commonPool-worker-1] INFO  statemachine.DatanodeStateMachine (DatanodeStateMachine.java:stopDaemon(395)) - Ozone container server stopped.
2019-08-27 19:10:00,543 [ForkJoinPool.commonPool-worker-1] INFO  handler.ContextHandler (ContextHandler.java:doStop(910)) - Stopped o.e.j.w.WebAppContext@4b1ec694{/,null,UNAVAILABLE}{/hddsDatanode}
2019-08-27 19:10:00,544 [ForkJoinPool.commonPool-worker-1] INFO  server.AbstractConnector (AbstractConnector.java:doStop(318)) - Stopped ServerConnector@3d299393{HTTP/1.1,[http/1.1]}{0.0.0.0:0}
2019-08-27 19:10:00,544 [ForkJoinPool.commonPool-worker-1] INFO  handler.ContextHandler (ContextHandler.java:doStop(910)) - Stopped o.e.j.s.ServletContextHandler@7161457{/static,jar:file:/home/user/.m2/repository/org/apache/hadoop/hadoop-hdds-container-service/0.5.0-SNAPSHOT/hadoop-hdds-container-service-0.5.0-SNAPSHOT.jar!/webapps/static,UNAVAILABLE}
2019-08-27 19:10:00,544 [ForkJoinPool.commonPool-worker-1] INFO  handler.ContextHandler (ContextHandler.java:doStop(910)) - Stopped o.e.j.s.ServletContextHandler@1b482cbf{/logs,file:///workdir/hadoop-ozone/integration-test/target/log,UNAVAILABLE}
2019-08-27 19:10:00,546 [main] INFO  ozone.MiniOzoneClusterImpl (MiniOzoneClusterImpl.java:stop(339)) - Stopping the StorageContainerManager
2019-08-27 19:10:00,546 [main] INFO  server.StorageContainerManager (StorageContainerManager.java:stop(797)) - Stopping Replication Manager Service.
2019-08-27 19:10:00,546 [main] INFO  container.ReplicationManager (ReplicationManager.java:stop(193)) - Stopping Replication Monitor Thread.
2019-08-27 19:10:00,546 [main] INFO  server.StorageContainerManager (StorageContainerManager.java:stop(804)) - Stopping Lease Manager of the command watchers
2019-08-27 19:10:00,546 [main] INFO  server.StorageContainerManager (StorageContainerManager.java:stop(811)) - Stopping datanode service RPC server
2019-08-27 19:10:00,547 [main] INFO  server.SCMDatanodeProtocolServer (SCMDatanodeProtocolServer.java:stop(367)) - Stopping the RPC server for DataNodes
2019-08-27 19:10:00,547 [main] INFO  ipc.Server (Server.java:stop(3082)) - Stopping server on 32991
2019-08-27 19:10:00,550 [IPC Server listener on 32991] INFO  ipc.Server (Server.java:run(1185)) - Stopping IPC Server listener on 32991
2019-08-27 19:10:00,550 [IPC Server Responder] INFO  ipc.Server (Server.java:run(1319)) - Stopping IPC Server Responder
2019-08-27 19:10:00,650 [SCM Heartbeat Processing Thread - 0] WARN  node.NodeStateManager (NodeStateManager.java:scheduleNextHealthCheck(646)) - Current Thread is interrupted, shutting down HB processing thread for Node Manager.
2019-08-27 19:10:00,650 [main] INFO  server.StorageContainerManager (StorageContainerManager.java:stop(819)) - Stopping block service RPC server
2019-08-27 19:10:00,651 [main] INFO  server.SCMBlockProtocolServer (SCMBlockProtocolServer.java:stop(148)) - Stopping the RPC server for Block Protocol
2019-08-27 19:10:00,651 [main] INFO  ipc.Server (Server.java:stop(3082)) - Stopping server on 40936
2019-08-27 19:10:00,654 [IPC Server listener on 40936] INFO  ipc.Server (Server.java:run(1185)) - Stopping IPC Server listener on 40936
2019-08-27 19:10:00,654 [IPC Server Responder] INFO  ipc.Server (Server.java:run(1319)) - Stopping IPC Server Responder
2019-08-27 19:10:00,654 [main] INFO  server.StorageContainerManager (StorageContainerManager.java:stop(826)) - Stopping the StorageContainerLocationProtocol RPC server
2019-08-27 19:10:00,656 [main] INFO  server.SCMClientProtocolServer (SCMClientProtocolServer.java:stop(159)) - Stopping the RPC server for Client Protocol
2019-08-27 19:10:00,656 [main] INFO  ipc.Server (Server.java:stop(3082)) - Stopping server on 35638
2019-08-27 19:10:00,659 [main] INFO  server.StorageContainerManager (StorageContainerManager.java:stop(833)) - Stopping Storage Container Manager HTTP server.
2019-08-27 19:10:00,659 [IPC Server Responder] INFO  ipc.Server (Server.java:run(1319)) - Stopping IPC Server Responder
2019-08-27 19:10:00,659 [IPC Server listener on 35638] INFO  ipc.Server (Server.java:run(1185)) - Stopping IPC Server listener on 35638
2019-08-27 19:10:00,661 [main] INFO  handler.ContextHandler (ContextHandler.java:doStop(910)) - Stopped o.e.j.w.WebAppContext@60990e5c{/,null,UNAVAILABLE}{/scm}
2019-08-27 19:10:00,662 [main] INFO  server.AbstractConnector (AbstractConnector.java:doStop(318)) - Stopped ServerConnector@4d84049a{HTTP/1.1,[http/1.1]}{0.0.0.0:0}
2019-08-27 19:10:00,663 [main] INFO  handler.ContextHandler (ContextHandler.java:doStop(910)) - Stopped o.e.j.s.ServletContextHandler@3234474{/static,file:///workdir/hadoop-ozone/integration-test/target/test-classes/webapps/static,UNAVAILABLE}
2019-08-27 19:10:00,663 [main] INFO  handler.ContextHandler (ContextHandler.java:doStop(910)) - Stopped o.e.j.s.ServletContextHandler@6ef60295{/logs,file:///workdir/hadoop-ozone/integration-test/target/log,UNAVAILABLE}
2019-08-27 19:10:00,664 [main] INFO  server.StorageContainerManager (StorageContainerManager.java:stop(844)) - Stopping Block Manager Service.
2019-08-27 19:10:00,665 [main] INFO  utils.BackgroundService (BackgroundService.java:shutdown(148)) - Shutting down service SCMBlockDeletingService
2019-08-27 19:10:00,665 [main] INFO  utils.BackgroundService (BackgroundService.java:shutdown(148)) - Shutting down service SCMBlockDeletingService
2019-08-27 19:10:00,666 [main] INFO  server.StorageContainerManager (StorageContainerManager.java:stop(866)) - Stopping SCM Event Queue.
2019-08-27 19:10:00,671 [main] INFO  impl.MetricsSystemImpl (MetricsSystemImpl.java:stop(210)) - Stopping HddsDatanode metrics system...
2019-08-27 19:10:00,677 [main] INFO  impl.MetricsSystemImpl (MetricsSystemImpl.java:stop(216)) - HddsDatanode metrics system stopped.
]]></system-out>
  </testcase>
</testsuite>