<?xml version="1.0" encoding="UTF-8"?>
<testsuite xmlns:xsi="http://www.w3.org/2001/XMLSchema-instance" xsi:noNamespaceSchemaLocation="https://maven.apache.org/surefire/maven-surefire-plugin/xsd/surefire-test-report.xsd" name="org.apache.hadoop.ozone.freon.TestFreonWithPipelineDestroy" time="36.962" tests="1" errors="1" skipped="0" failures="0">
  <properties>
    <property name="awt.toolkit" value="sun.awt.X11.XToolkit"/>
    <property name="file.encoding.pkg" value="sun.io"/>
    <property name="java.specification.version" value="1.8"/>
    <property name="sun.cpu.isalist" value=""/>
    <property name="sun.jnu.encoding" value="UTF-8"/>
    <property name="java.class.path" value="/workdir/hadoop-ozone/tools/target/test-classes:/workdir/hadoop-ozone/tools/target/classes:/workdir/hadoop-ozone/ozone-manager/target/classes:/workdir/hadoop-hdds/docs/target/classes:/home/user/.m2/repository/org/bouncycastle/bcprov-jdk15on/1.60/bcprov-jdk15on-1.60.jar:/workdir/hadoop-ozone/common/target/classes:/home/user/.m2/repository/org/apache/commons/commons-compress/1.4.1/commons-compress-1.4.1.jar:/home/user/.m2/repository/org/tukaani/xz/1.0/xz-1.0.jar:/home/user/.m2/repository/org/apache/hadoop/hadoop-hdfs-client/3.2.0/hadoop-hdfs-client-3.2.0.jar:/home/user/.m2/repository/com/fasterxml/jackson/core/jackson-annotations/2.9.5/jackson-annotations-2.9.5.jar:/workdir/hadoop-hdds/common/target/classes:/workdir/hadoop-hdds/config/target/classes:/home/user/.m2/repository/javax/annotation/javax.annotation-api/1.2/javax.annotation-api-1.2.jar:/home/user/.m2/repository/org/apache/ratis/ratis-server/0.4.0-2337318-SNAPSHOT/ratis-server-0.4.0-2337318-SNAPSHOT.jar:/home/user/.m2/repository/org/apache/ratis/ratis-thirdparty-misc/0.2.0/ratis-thirdparty-misc-0.2.0.jar:/home/user/.m2/repository/org/apache/ratis/ratis-proto/0.4.0-2337318-SNAPSHOT/ratis-proto-0.4.0-2337318-SNAPSHOT.jar:/home/user/.m2/repository/org/apache/ratis/ratis-common/0.4.0-2337318-SNAPSHOT/ratis-common-0.4.0-2337318-SNAPSHOT.jar:/home/user/.m2/repository/org/apache/ratis/ratis-client/0.4.0-2337318-SNAPSHOT/ratis-client-0.4.0-2337318-SNAPSHOT.jar:/home/user/.m2/repository/org/apache/ratis/ratis-metrics/0.4.0-2337318-SNAPSHOT/ratis-metrics-0.4.0-2337318-SNAPSHOT.jar:/home/user/.m2/repository/org/apache/ratis/ratis-netty/0.4.0-2337318-SNAPSHOT/ratis-netty-0.4.0-2337318-SNAPSHOT.jar:/home/user/.m2/repository/org/apache/ratis/ratis-grpc/0.4.0-2337318-SNAPSHOT/ratis-grpc-0.4.0-2337318-SNAPSHOT.jar:/home/user/.m2/repository/org/rocksdb/rocksdbjni/6.0.1/rocksdbjni-6.0.1.jar:/home/user/.m2/repository/org/apache/logging/log4j/log4j-api/2.11.0/log4j-api-2.11.0.jar:/home/user/.m2/repository/org/apache/logging/log4j/log4j-core/2.11.0/log4j-core-2.11.0.jar:/home/user/.m2/repository/com/lmax/disruptor/3.4.2/disruptor-3.4.2.jar:/home/user/.m2/repository/org/apache/commons/commons-pool2/2.6.0/commons-pool2-2.6.0.jar:/home/user/.m2/repository/org/bouncycastle/bcpkix-jdk15on/1.60/bcpkix-jdk15on-1.60.jar:/home/user/.m2/repository/commons-validator/commons-validator/1.6/commons-validator-1.6.jar:/home/user/.m2/repository/commons-digester/commons-digester/1.8.1/commons-digester-1.8.1.jar:/home/user/.m2/repository/io/jaegertracing/jaeger-client/0.33.1/jaeger-client-0.33.1.jar:/home/user/.m2/repository/io/jaegertracing/jaeger-thrift/0.33.1/jaeger-thrift-0.33.1.jar:/home/user/.m2/repository/org/apache/thrift/libthrift/0.11.0/libthrift-0.11.0.jar:/home/user/.m2/repository/com/squareup/okhttp3/okhttp/3.9.0/okhttp-3.9.0.jar:/home/user/.m2/repository/com/squareup/okio/okio/1.13.0/okio-1.13.0.jar:/home/user/.m2/repository/io/jaegertracing/jaeger-core/0.33.1/jaeger-core-0.33.1.jar:/home/user/.m2/repository/io/jaegertracing/jaeger-tracerresolver/0.33.1/jaeger-tracerresolver-0.33.1.jar:/home/user/.m2/repository/io/opentracing/contrib/opentracing-tracerresolver/0.1.5/opentracing-tracerresolver-0.1.5.jar:/home/user/.m2/repository/io/opentracing/opentracing-util/0.31.0/opentracing-util-0.31.0.jar:/home/user/.m2/repository/io/opentracing/opentracing-api/0.31.0/opentracing-api-0.31.0.jar:/home/user/.m2/repository/io/opentracing/opentracing-noop/0.31.0/opentracing-noop-0.31.0.jar:/home/user/.m2/repository/org/yaml/snakeyaml/1.16/snakeyaml-1.16.jar:/workdir/hadoop-hdds/container-service/target/classes:/workdir/hadoop-hdds/client/target/classes:/workdir/hadoop-hdds/tools/target/classes:/home/user/.m2/repository/org/xerial/sqlite-jdbc/3.25.2/sqlite-jdbc-3.25.2.jar:/workdir/hadoop-hdds/server-scm/target/classes:/home/user/.m2/repository/org/hamcrest/hamcrest-all/1.3/hamcrest-all-1.3.jar:/home/user/.m2/repository/info/picocli/picocli/3.9.6/picocli-3.9.6.jar:/home/user/.m2/repository/com/google/protobuf/protobuf-java/2.5.0/protobuf-java-2.5.0.jar:/home/user/.m2/repository/com/google/guava/guava/11.0.2/guava-11.0.2.jar:/workdir/hadoop-ozone/client/target/classes:/home/user/.m2/repository/org/apache/hadoop/hadoop-ozone-filesystem/0.4.1-SNAPSHOT/hadoop-ozone-filesystem-0.4.1-SNAPSHOT.jar:/workdir/hadoop-hdds/framework/target/classes:/home/user/.m2/repository/org/apache/hadoop/hadoop-common/3.2.0/hadoop-common-3.2.0.jar:/home/user/.m2/repository/org/apache/hadoop/hadoop-annotations/3.2.0/hadoop-annotations-3.2.0.jar:/usr/lib/jvm/java-1.8-openjdk/jre/../lib/tools.jar:/home/user/.m2/repository/commons-cli/commons-cli/1.2/commons-cli-1.2.jar:/home/user/.m2/repository/org/apache/commons/commons-math3/3.1.1/commons-math3-3.1.1.jar:/home/user/.m2/repository/org/apache/httpcomponents/httpclient/4.5.2/httpclient-4.5.2.jar:/home/user/.m2/repository/org/apache/httpcomponents/httpcore/4.4.4/httpcore-4.4.4.jar:/home/user/.m2/repository/commons-codec/commons-codec/1.11/commons-codec-1.11.jar:/home/user/.m2/repository/commons-io/commons-io/2.5/commons-io-2.5.jar:/home/user/.m2/repository/commons-net/commons-net/3.6/commons-net-3.6.jar:/home/user/.m2/repository/commons-collections/commons-collections/3.2.2/commons-collections-3.2.2.jar:/home/user/.m2/repository/javax/servlet/javax.servlet-api/3.1.0/javax.servlet-api-3.1.0.jar:/home/user/.m2/repository/org/eclipse/jetty/jetty-server/9.3.24.v20180605/jetty-server-9.3.24.v20180605.jar:/home/user/.m2/repository/org/eclipse/jetty/jetty-http/9.3.24.v20180605/jetty-http-9.3.24.v20180605.jar:/home/user/.m2/repository/org/eclipse/jetty/jetty-io/9.3.24.v20180605/jetty-io-9.3.24.v20180605.jar:/home/user/.m2/repository/org/eclipse/jetty/jetty-util/9.3.24.v20180605/jetty-util-9.3.24.v20180605.jar:/home/user/.m2/repository/org/eclipse/jetty/jetty-servlet/9.3.24.v20180605/jetty-servlet-9.3.24.v20180605.jar:/home/user/.m2/repository/org/eclipse/jetty/jetty-security/9.3.24.v20180605/jetty-security-9.3.24.v20180605.jar:/home/user/.m2/repository/org/eclipse/jetty/jetty-webapp/9.3.24.v20180605/jetty-webapp-9.3.24.v20180605.jar:/home/user/.m2/repository/org/eclipse/jetty/jetty-xml/9.3.24.v20180605/jetty-xml-9.3.24.v20180605.jar:/home/user/.m2/repository/javax/servlet/jsp/jsp-api/2.1/jsp-api-2.1.jar:/home/user/.m2/repository/com/sun/jersey/jersey-core/1.19/jersey-core-1.19.jar:/home/user/.m2/repository/javax/ws/rs/jsr311-api/1.1.1/jsr311-api-1.1.1.jar:/home/user/.m2/repository/com/sun/jersey/jersey-servlet/1.19/jersey-servlet-1.19.jar:/home/user/.m2/repository/com/sun/jersey/jersey-json/1.19/jersey-json-1.19.jar:/home/user/.m2/repository/org/codehaus/jettison/jettison/1.1/jettison-1.1.jar:/home/user/.m2/repository/com/sun/xml/bind/jaxb-impl/2.3.0.1/jaxb-impl-2.3.0.1.jar:/home/user/.m2/repository/org/codehaus/jackson/jackson-core-asl/1.9.13/jackson-core-asl-1.9.13.jar:/home/user/.m2/repository/org/codehaus/jackson/jackson-mapper-asl/1.9.13/jackson-mapper-asl-1.9.13.jar:/home/user/.m2/repository/org/codehaus/jackson/jackson-jaxrs/1.9.13/jackson-jaxrs-1.9.13.jar:/home/user/.m2/repository/org/codehaus/jackson/jackson-xc/1.9.13/jackson-xc-1.9.13.jar:/home/user/.m2/repository/com/sun/jersey/jersey-server/1.19/jersey-server-1.19.jar:/home/user/.m2/repository/commons-logging/commons-logging/1.1.3/commons-logging-1.1.3.jar:/home/user/.m2/repository/log4j/log4j/1.2.17/log4j-1.2.17.jar:/home/user/.m2/repository/commons-beanutils/commons-beanutils/1.9.3/commons-beanutils-1.9.3.jar:/home/user/.m2/repository/org/apache/commons/commons-configuration2/2.1.1/commons-configuration2-2.1.1.jar:/home/user/.m2/repository/org/apache/commons/commons-lang3/3.7/commons-lang3-3.7.jar:/home/user/.m2/repository/org/apache/commons/commons-text/1.4/commons-text-1.4.jar:/home/user/.m2/repository/org/slf4j/slf4j-api/1.7.25/slf4j-api-1.7.25.jar:/home/user/.m2/repository/org/slf4j/slf4j-log4j12/1.7.25/slf4j-log4j12-1.7.25.jar:/home/user/.m2/repository/org/apache/avro/avro/1.7.7/avro-1.7.7.jar:/home/user/.m2/repository/com/thoughtworks/paranamer/paranamer/2.3/paranamer-2.3.jar:/home/user/.m2/repository/org/xerial/snappy/snappy-java/1.0.5/snappy-java-1.0.5.jar:/home/user/.m2/repository/com/google/re2j/re2j/1.1/re2j-1.1.jar:/home/user/.m2/repository/com/google/code/gson/gson/2.2.4/gson-2.2.4.jar:/home/user/.m2/repository/org/apache/hadoop/hadoop-auth/3.2.0/hadoop-auth-3.2.0.jar:/home/user/.m2/repository/com/nimbusds/nimbus-jose-jwt/4.41.1/nimbus-jose-jwt-4.41.1.jar:/home/user/.m2/repository/com/github/stephenc/jcip/jcip-annotations/1.0-1/jcip-annotations-1.0-1.jar:/home/user/.m2/repository/net/minidev/json-smart/2.3/json-smart-2.3.jar:/home/user/.m2/repository/net/minidev/accessors-smart/1.2/accessors-smart-1.2.jar:/home/user/.m2/repository/org/apache/curator/curator-framework/2.12.0/curator-framework-2.12.0.jar:/home/user/.m2/repository/com/jcraft/jsch/0.1.54/jsch-0.1.54.jar:/home/user/.m2/repository/org/apache/curator/curator-client/2.12.0/curator-client-2.12.0.jar:/home/user/.m2/repository/org/apache/curator/curator-recipes/2.12.0/curator-recipes-2.12.0.jar:/home/user/.m2/repository/com/google/code/findbugs/jsr305/3.0.0/jsr305-3.0.0.jar:/home/user/.m2/repository/org/apache/htrace/htrace-core4/4.1.0-incubating/htrace-core4-4.1.0-incubating.jar:/home/user/.m2/repository/org/apache/zookeeper/zookeeper/3.4.13/zookeeper-3.4.13.jar:/home/user/.m2/repository/org/apache/yetus/audience-annotations/0.5.0/audience-annotations-0.5.0.jar:/home/user/.m2/repository/org/apache/kerby/kerb-simplekdc/1.0.1/kerb-simplekdc-1.0.1.jar:/home/user/.m2/repository/org/apache/kerby/kerb-client/1.0.1/kerb-client-1.0.1.jar:/home/user/.m2/repository/org/apache/kerby/kerby-config/1.0.1/kerby-config-1.0.1.jar:/home/user/.m2/repository/org/apache/kerby/kerb-core/1.0.1/kerb-core-1.0.1.jar:/home/user/.m2/repository/org/apache/kerby/kerby-pkix/1.0.1/kerby-pkix-1.0.1.jar:/home/user/.m2/repository/org/apache/kerby/kerby-asn1/1.0.1/kerby-asn1-1.0.1.jar:/home/user/.m2/repository/org/apache/kerby/kerby-util/1.0.1/kerby-util-1.0.1.jar:/home/user/.m2/repository/org/apache/kerby/kerb-common/1.0.1/kerb-common-1.0.1.jar:/home/user/.m2/repository/org/apache/kerby/kerb-crypto/1.0.1/kerb-crypto-1.0.1.jar:/home/user/.m2/repository/org/apache/kerby/kerb-util/1.0.1/kerb-util-1.0.1.jar:/home/user/.m2/repository/org/apache/kerby/token-provider/1.0.1/token-provider-1.0.1.jar:/home/user/.m2/repository/org/apache/kerby/kerb-admin/1.0.1/kerb-admin-1.0.1.jar:/home/user/.m2/repository/org/apache/kerby/kerb-server/1.0.1/kerb-server-1.0.1.jar:/home/user/.m2/repository/org/apache/kerby/kerb-identity/1.0.1/kerb-identity-1.0.1.jar:/home/user/.m2/repository/org/apache/kerby/kerby-xdr/1.0.1/kerby-xdr-1.0.1.jar:/home/user/.m2/repository/com/fasterxml/jackson/core/jackson-databind/2.9.5/jackson-databind-2.9.5.jar:/home/user/.m2/repository/com/fasterxml/jackson/core/jackson-core/2.9.5/jackson-core-2.9.5.jar:/home/user/.m2/repository/org/codehaus/woodstox/stax2-api/3.1.4/stax2-api-3.1.4.jar:/home/user/.m2/repository/com/fasterxml/woodstox/woodstox-core/5.0.3/woodstox-core-5.0.3.jar:/home/user/.m2/repository/dnsjava/dnsjava/2.1.7/dnsjava-2.1.7.jar:/home/user/.m2/repository/org/apache/hadoop/hadoop-hdfs/3.2.0/hadoop-hdfs-3.2.0.jar:/home/user/.m2/repository/org/eclipse/jetty/jetty-util-ajax/9.3.24.v20180605/jetty-util-ajax-9.3.24.v20180605.jar:/home/user/.m2/repository/commons-daemon/commons-daemon/1.0.13/commons-daemon-1.0.13.jar:/home/user/.m2/repository/io/netty/netty/3.10.5.Final/netty-3.10.5.Final.jar:/home/user/.m2/repository/io/netty/netty-all/4.0.52.Final/netty-all-4.0.52.Final.jar:/home/user/.m2/repository/org/fusesource/leveldbjni/leveldbjni-all/1.8/leveldbjni-all-1.8.jar:/home/user/.m2/repository/com/sun/xml/bind/jaxb-core/2.3.0.1/jaxb-core-2.3.0.1.jar:/home/user/.m2/repository/javax/xml/bind/jaxb-api/2.3.0/jaxb-api-2.3.0.jar:/home/user/.m2/repository/javax/activation/activation/1.1.1/activation-1.1.1.jar:/home/user/.m2/repository/io/dropwizard/metrics/metrics-core/3.2.4/metrics-core-3.2.4.jar:/home/user/.m2/repository/org/openjdk/jmh/jmh-core/1.19/jmh-core-1.19.jar:/home/user/.m2/repository/net/sf/jopt-simple/jopt-simple/4.6/jopt-simple-4.6.jar:/home/user/.m2/repository/org/openjdk/jmh/jmh-generator-annprocess/1.19/jmh-generator-annprocess-1.19.jar:/home/user/.m2/repository/com/google/code/findbugs/findbugs/3.0.1/findbugs-3.0.1.jar:/home/user/.m2/repository/net/jcip/jcip-annotations/1.0/jcip-annotations-1.0.jar:/home/user/.m2/repository/com/google/code/findbugs/bcel-findbugs/6.0/bcel-findbugs-6.0.jar:/home/user/.m2/repository/com/google/code/findbugs/jFormatString/2.0.1/jFormatString-2.0.1.jar:/home/user/.m2/repository/dom4j/dom4j/1.6.1/dom4j-1.6.1.jar:/home/user/.m2/repository/xml-apis/xml-apis/1.0.b2/xml-apis-1.0.b2.jar:/home/user/.m2/repository/org/ow2/asm/asm-debug-all/5.0.2/asm-debug-all-5.0.2.jar:/home/user/.m2/repository/org/ow2/asm/asm-commons/5.0.2/asm-commons-5.0.2.jar:/home/user/.m2/repository/org/ow2/asm/asm-tree/5.0.2/asm-tree-5.0.2.jar:/home/user/.m2/repository/org/ow2/asm/asm/5.0.4/asm-5.0.4.jar:/home/user/.m2/repository/commons-lang/commons-lang/2.6/commons-lang-2.6.jar:/home/user/.m2/repository/com/apple/AppleJavaExtensions/1.4/AppleJavaExtensions-1.4.jar:/home/user/.m2/repository/jaxen/jaxen/1.1.6/jaxen-1.1.6.jar:/home/user/.m2/repository/junit/junit/4.11/junit-4.11.jar:/home/user/.m2/repository/org/hamcrest/hamcrest-core/1.3/hamcrest-core-1.3.jar:/home/user/.m2/repository/org/apache/hadoop/hadoop-common/3.2.0/hadoop-common-3.2.0-tests.jar:/home/user/.m2/repository/org/apache/hadoop/hadoop-ozone-integration-test/0.4.1-SNAPSHOT/hadoop-ozone-integration-test-0.4.1-SNAPSHOT-tests.jar:/workdir/hadoop-ozone/objectstore-service/target/classes:/workdir/hadoop-ozone/s3gateway/target/classes:/home/user/.m2/repository/org/jboss/weld/servlet/weld-servlet/2.4.7.Final/weld-servlet-2.4.7.Final.jar:/home/user/.m2/repository/org/glassfish/jersey/containers/jersey-container-servlet-core/2.27/jersey-container-servlet-core-2.27.jar:/home/user/.m2/repository/org/glassfish/hk2/external/javax.inject/2.5.0-b42/javax.inject-2.5.0-b42.jar:/home/user/.m2/repository/org/glassfish/jersey/core/jersey-common/2.27/jersey-common-2.27.jar:/home/user/.m2/repository/org/glassfish/hk2/osgi-resource-locator/1.0.1/osgi-resource-locator-1.0.1.jar:/home/user/.m2/repository/javax/ws/rs/javax.ws.rs-api/2.1/javax.ws.rs-api-2.1.jar:/home/user/.m2/repository/org/glassfish/jersey/ext/cdi/jersey-cdi1x/2.27/jersey-cdi1x-2.27.jar:/home/user/.m2/repository/org/glassfish/jersey/inject/jersey-hk2/2.27/jersey-hk2-2.27.jar:/home/user/.m2/repository/org/glassfish/hk2/hk2-locator/2.5.0-b42/hk2-locator-2.5.0-b42.jar:/home/user/.m2/repository/org/javassist/javassist/3.22.0-CR2/javassist-3.22.0-CR2.jar:/home/user/.m2/repository/org/glassfish/hk2/hk2-api/2.5.0/hk2-api-2.5.0.jar:/home/user/.m2/repository/org/glassfish/hk2/external/jakarta.inject/2.5.0/jakarta.inject-2.5.0.jar:/home/user/.m2/repository/org/glassfish/hk2/hk2-utils/2.5.0/hk2-utils-2.5.0.jar:/home/user/.m2/repository/jakarta/annotation/jakarta.annotation-api/1.3.4/jakarta.annotation-api-1.3.4.jar:/home/user/.m2/repository/org/glassfish/hk2/external/aopalliance-repackaged/2.5.0/aopalliance-repackaged-2.5.0.jar:/home/user/.m2/repository/com/fasterxml/jackson/dataformat/jackson-dataformat-xml/2.9.0/jackson-dataformat-xml-2.9.0.jar:/home/user/.m2/repository/com/fasterxml/jackson/module/jackson-module-jaxb-annotations/2.9.5/jackson-module-jaxb-annotations-2.9.5.jar:/home/user/.m2/repository/javax/enterprise/cdi-api/1.2/cdi-api-1.2.jar:/home/user/.m2/repository/javax/el/javax.el-api/3.0.0/javax.el-api-3.0.0.jar:/home/user/.m2/repository/javax/interceptor/javax.interceptor-api/1.2/javax.interceptor-api-1.2.jar:/home/user/.m2/repository/javax/inject/javax.inject/1/javax.inject-1.jar:/workdir/hadoop-ozone/csi/target/classes:/home/user/.m2/repository/com/google/protobuf/protobuf-java-util/3.5.1/protobuf-java-util-3.5.1.jar:/home/user/.m2/repository/io/grpc/grpc-netty/1.17.1/grpc-netty-1.17.1.jar:/home/user/.m2/repository/io/grpc/grpc-core/1.17.1/grpc-core-1.17.1.jar:/home/user/.m2/repository/io/grpc/grpc-context/1.17.1/grpc-context-1.17.1.jar:/home/user/.m2/repository/com/google/errorprone/error_prone_annotations/2.2.0/error_prone_annotations-2.2.0.jar:/home/user/.m2/repository/org/codehaus/mojo/animal-sniffer-annotations/1.17/animal-sniffer-annotations-1.17.jar:/home/user/.m2/repository/io/opencensus/opencensus-api/0.17.0/opencensus-api-0.17.0.jar:/home/user/.m2/repository/io/opencensus/opencensus-contrib-grpc-metrics/0.17.0/opencensus-contrib-grpc-metrics-0.17.0.jar:/home/user/.m2/repository/io/netty/netty-codec-http2/4.1.30.Final/netty-codec-http2-4.1.30.Final.jar:/home/user/.m2/repository/io/netty/netty-codec-http/4.1.30.Final/netty-codec-http-4.1.30.Final.jar:/home/user/.m2/repository/io/netty/netty-codec/4.1.30.Final/netty-codec-4.1.30.Final.jar:/home/user/.m2/repository/io/netty/netty-handler/4.1.30.Final/netty-handler-4.1.30.Final.jar:/home/user/.m2/repository/io/netty/netty-handler-proxy/4.1.30.Final/netty-handler-proxy-4.1.30.Final.jar:/home/user/.m2/repository/io/netty/netty-codec-socks/4.1.30.Final/netty-codec-socks-4.1.30.Final.jar:/home/user/.m2/repository/io/netty/netty-transport-native-epoll/4.1.30.Final/netty-transport-native-epoll-4.1.30.Final.jar:/home/user/.m2/repository/io/netty/netty-common/4.1.30.Final/netty-common-4.1.30.Final.jar:/home/user/.m2/repository/io/netty/netty-buffer/4.1.30.Final/netty-buffer-4.1.30.Final.jar:/home/user/.m2/repository/io/netty/netty-transport/4.1.30.Final/netty-transport-4.1.30.Final.jar:/home/user/.m2/repository/io/netty/netty-resolver/4.1.30.Final/netty-resolver-4.1.30.Final.jar:/home/user/.m2/repository/io/netty/netty-transport-native-unix-common/4.1.30.Final/netty-transport-native-unix-common-4.1.30.Final.jar:/home/user/.m2/repository/io/grpc/grpc-protobuf/1.17.1/grpc-protobuf-1.17.1.jar:/home/user/.m2/repository/com/google/api/grpc/proto-google-common-protos/1.0.0/proto-google-common-protos-1.0.0.jar:/home/user/.m2/repository/io/grpc/grpc-protobuf-lite/1.17.1/grpc-protobuf-lite-1.17.1.jar:/home/user/.m2/repository/io/grpc/grpc-stub/1.17.1/grpc-stub-1.17.1.jar:/workdir/hadoop-ozone/ozone-recon/target/classes:/workdir/hadoop-ozone/ozone-recon-codegen/target/classes:/home/user/.m2/repository/com/google/inject/extensions/guice-multibindings/4.0/guice-multibindings-4.0.jar:/home/user/.m2/repository/com/google/inject/guice/4.0/guice-4.0.jar:/home/user/.m2/repository/aopalliance/aopalliance/1.0/aopalliance-1.0.jar:/home/user/.m2/repository/com/google/inject/extensions/guice-servlet/4.0/guice-servlet-4.0.jar:/home/user/.m2/repository/org/glassfish/jersey/containers/jersey-container-servlet/2.27/jersey-container-servlet-2.27.jar:/home/user/.m2/repository/org/glassfish/hk2/guice-bridge/2.5.0/guice-bridge-2.5.0.jar:/home/user/.m2/repository/org/glassfish/jersey/core/jersey-server/2.27/jersey-server-2.27.jar:/home/user/.m2/repository/org/glassfish/jersey/core/jersey-client/2.27/jersey-client-2.27.jar:/home/user/.m2/repository/org/glassfish/jersey/media/jersey-media-jaxb/2.27/jersey-media-jaxb-2.27.jar:/home/user/.m2/repository/javax/validation/validation-api/1.1.0.Final/validation-api-1.1.0.Final.jar:/home/user/.m2/repository/org/glassfish/jersey/media/jersey-media-json-jackson/2.27/jersey-media-json-jackson-2.27.jar:/home/user/.m2/repository/org/glassfish/jersey/ext/jersey-entity-filtering/2.27/jersey-entity-filtering-2.27.jar:/home/user/.m2/repository/com/google/inject/extensions/guice-assistedinject/4.0/guice-assistedinject-4.0.jar:/home/user/.m2/repository/org/jooq/jooq/3.11.10/jooq-3.11.10.jar:/home/user/.m2/repository/org/jooq/jooq-meta/3.11.10/jooq-meta-3.11.10.jar:/home/user/.m2/repository/org/jooq/jooq-codegen/3.11.10/jooq-codegen-3.11.10.jar:/home/user/.m2/repository/com/jolbox/bonecp/0.8.0.RELEASE/bonecp-0.8.0.RELEASE.jar:/home/user/.m2/repository/org/springframework/spring-jdbc/5.1.3.RELEASE/spring-jdbc-5.1.3.RELEASE.jar:/home/user/.m2/repository/org/springframework/spring-beans/5.1.3.RELEASE/spring-beans-5.1.3.RELEASE.jar:/home/user/.m2/repository/org/springframework/spring-core/5.1.3.RELEASE/spring-core-5.1.3.RELEASE.jar:/home/user/.m2/repository/org/springframework/spring-jcl/5.1.3.RELEASE/spring-jcl-5.1.3.RELEASE.jar:/home/user/.m2/repository/org/springframework/spring-tx/5.1.3.RELEASE/spring-tx-5.1.3.RELEASE.jar:/home/user/.m2/repository/org/mockito/mockito-core/2.15.0/mockito-core-2.15.0.jar:/home/user/.m2/repository/net/bytebuddy/byte-buddy/1.7.9/byte-buddy-1.7.9.jar:/home/user/.m2/repository/net/bytebuddy/byte-buddy-agent/1.7.9/byte-buddy-agent-1.7.9.jar:/home/user/.m2/repository/org/objenesis/objenesis/1.0/objenesis-1.0.jar:"/>
    <property name="java.vm.vendor" value="IcedTea"/>
    <property name="sun.arch.data.model" value="64"/>
    <property name="test.build.dir" value="/workdir/hadoop-ozone/tools/target/test-dir"/>
    <property name="test.cache.data" value=""/>
    <property name="java.vendor.url" value="https://icedtea.classpath.org"/>
    <property name="user.timezone" value=""/>
    <property name="java.vm.specification.version" value="1.8"/>
    <property name="os.name" value="Linux"/>
    <property name="test.build.data" value="/workdir/hadoop-ozone/tools/target/test-dir"/>
    <property name="user.country" value="US"/>
    <property name="sun.java.launcher" value="SUN_STANDARD"/>
    <property name="sun.boot.library.path" value="/usr/lib/jvm/java-1.8-openjdk/jre/lib/amd64"/>
    <property name="sun.java.command" value="/workdir/hadoop-ozone/tools/target/surefire/surefirebooter7345094123885552833.jar /workdir/hadoop-ozone/tools/target/surefire 2019-07-30T11-42-28_308-jvmRun1 surefire4641776190448009464tmp surefire_1123802220853134233721tmp"/>
    <property name="surefire.test.class.path" value="/workdir/hadoop-ozone/tools/target/test-classes:/workdir/hadoop-ozone/tools/target/classes:/workdir/hadoop-ozone/ozone-manager/target/classes:/workdir/hadoop-hdds/docs/target/classes:/home/user/.m2/repository/org/bouncycastle/bcprov-jdk15on/1.60/bcprov-jdk15on-1.60.jar:/workdir/hadoop-ozone/common/target/classes:/home/user/.m2/repository/org/apache/commons/commons-compress/1.4.1/commons-compress-1.4.1.jar:/home/user/.m2/repository/org/tukaani/xz/1.0/xz-1.0.jar:/home/user/.m2/repository/org/apache/hadoop/hadoop-hdfs-client/3.2.0/hadoop-hdfs-client-3.2.0.jar:/home/user/.m2/repository/com/fasterxml/jackson/core/jackson-annotations/2.9.5/jackson-annotations-2.9.5.jar:/workdir/hadoop-hdds/common/target/classes:/workdir/hadoop-hdds/config/target/classes:/home/user/.m2/repository/javax/annotation/javax.annotation-api/1.2/javax.annotation-api-1.2.jar:/home/user/.m2/repository/org/apache/ratis/ratis-server/0.4.0-2337318-SNAPSHOT/ratis-server-0.4.0-2337318-SNAPSHOT.jar:/home/user/.m2/repository/org/apache/ratis/ratis-thirdparty-misc/0.2.0/ratis-thirdparty-misc-0.2.0.jar:/home/user/.m2/repository/org/apache/ratis/ratis-proto/0.4.0-2337318-SNAPSHOT/ratis-proto-0.4.0-2337318-SNAPSHOT.jar:/home/user/.m2/repository/org/apache/ratis/ratis-common/0.4.0-2337318-SNAPSHOT/ratis-common-0.4.0-2337318-SNAPSHOT.jar:/home/user/.m2/repository/org/apache/ratis/ratis-client/0.4.0-2337318-SNAPSHOT/ratis-client-0.4.0-2337318-SNAPSHOT.jar:/home/user/.m2/repository/org/apache/ratis/ratis-metrics/0.4.0-2337318-SNAPSHOT/ratis-metrics-0.4.0-2337318-SNAPSHOT.jar:/home/user/.m2/repository/org/apache/ratis/ratis-netty/0.4.0-2337318-SNAPSHOT/ratis-netty-0.4.0-2337318-SNAPSHOT.jar:/home/user/.m2/repository/org/apache/ratis/ratis-grpc/0.4.0-2337318-SNAPSHOT/ratis-grpc-0.4.0-2337318-SNAPSHOT.jar:/home/user/.m2/repository/org/rocksdb/rocksdbjni/6.0.1/rocksdbjni-6.0.1.jar:/home/user/.m2/repository/org/apache/logging/log4j/log4j-api/2.11.0/log4j-api-2.11.0.jar:/home/user/.m2/repository/org/apache/logging/log4j/log4j-core/2.11.0/log4j-core-2.11.0.jar:/home/user/.m2/repository/com/lmax/disruptor/3.4.2/disruptor-3.4.2.jar:/home/user/.m2/repository/org/apache/commons/commons-pool2/2.6.0/commons-pool2-2.6.0.jar:/home/user/.m2/repository/org/bouncycastle/bcpkix-jdk15on/1.60/bcpkix-jdk15on-1.60.jar:/home/user/.m2/repository/commons-validator/commons-validator/1.6/commons-validator-1.6.jar:/home/user/.m2/repository/commons-digester/commons-digester/1.8.1/commons-digester-1.8.1.jar:/home/user/.m2/repository/io/jaegertracing/jaeger-client/0.33.1/jaeger-client-0.33.1.jar:/home/user/.m2/repository/io/jaegertracing/jaeger-thrift/0.33.1/jaeger-thrift-0.33.1.jar:/home/user/.m2/repository/org/apache/thrift/libthrift/0.11.0/libthrift-0.11.0.jar:/home/user/.m2/repository/com/squareup/okhttp3/okhttp/3.9.0/okhttp-3.9.0.jar:/home/user/.m2/repository/com/squareup/okio/okio/1.13.0/okio-1.13.0.jar:/home/user/.m2/repository/io/jaegertracing/jaeger-core/0.33.1/jaeger-core-0.33.1.jar:/home/user/.m2/repository/io/jaegertracing/jaeger-tracerresolver/0.33.1/jaeger-tracerresolver-0.33.1.jar:/home/user/.m2/repository/io/opentracing/contrib/opentracing-tracerresolver/0.1.5/opentracing-tracerresolver-0.1.5.jar:/home/user/.m2/repository/io/opentracing/opentracing-util/0.31.0/opentracing-util-0.31.0.jar:/home/user/.m2/repository/io/opentracing/opentracing-api/0.31.0/opentracing-api-0.31.0.jar:/home/user/.m2/repository/io/opentracing/opentracing-noop/0.31.0/opentracing-noop-0.31.0.jar:/home/user/.m2/repository/org/yaml/snakeyaml/1.16/snakeyaml-1.16.jar:/workdir/hadoop-hdds/container-service/target/classes:/workdir/hadoop-hdds/client/target/classes:/workdir/hadoop-hdds/tools/target/classes:/home/user/.m2/repository/org/xerial/sqlite-jdbc/3.25.2/sqlite-jdbc-3.25.2.jar:/workdir/hadoop-hdds/server-scm/target/classes:/home/user/.m2/repository/org/hamcrest/hamcrest-all/1.3/hamcrest-all-1.3.jar:/home/user/.m2/repository/info/picocli/picocli/3.9.6/picocli-3.9.6.jar:/home/user/.m2/repository/com/google/protobuf/protobuf-java/2.5.0/protobuf-java-2.5.0.jar:/home/user/.m2/repository/com/google/guava/guava/11.0.2/guava-11.0.2.jar:/workdir/hadoop-ozone/client/target/classes:/home/user/.m2/repository/org/apache/hadoop/hadoop-ozone-filesystem/0.4.1-SNAPSHOT/hadoop-ozone-filesystem-0.4.1-SNAPSHOT.jar:/workdir/hadoop-hdds/framework/target/classes:/home/user/.m2/repository/org/apache/hadoop/hadoop-common/3.2.0/hadoop-common-3.2.0.jar:/home/user/.m2/repository/org/apache/hadoop/hadoop-annotations/3.2.0/hadoop-annotations-3.2.0.jar:/usr/lib/jvm/java-1.8-openjdk/jre/../lib/tools.jar:/home/user/.m2/repository/commons-cli/commons-cli/1.2/commons-cli-1.2.jar:/home/user/.m2/repository/org/apache/commons/commons-math3/3.1.1/commons-math3-3.1.1.jar:/home/user/.m2/repository/org/apache/httpcomponents/httpclient/4.5.2/httpclient-4.5.2.jar:/home/user/.m2/repository/org/apache/httpcomponents/httpcore/4.4.4/httpcore-4.4.4.jar:/home/user/.m2/repository/commons-codec/commons-codec/1.11/commons-codec-1.11.jar:/home/user/.m2/repository/commons-io/commons-io/2.5/commons-io-2.5.jar:/home/user/.m2/repository/commons-net/commons-net/3.6/commons-net-3.6.jar:/home/user/.m2/repository/commons-collections/commons-collections/3.2.2/commons-collections-3.2.2.jar:/home/user/.m2/repository/javax/servlet/javax.servlet-api/3.1.0/javax.servlet-api-3.1.0.jar:/home/user/.m2/repository/org/eclipse/jetty/jetty-server/9.3.24.v20180605/jetty-server-9.3.24.v20180605.jar:/home/user/.m2/repository/org/eclipse/jetty/jetty-http/9.3.24.v20180605/jetty-http-9.3.24.v20180605.jar:/home/user/.m2/repository/org/eclipse/jetty/jetty-io/9.3.24.v20180605/jetty-io-9.3.24.v20180605.jar:/home/user/.m2/repository/org/eclipse/jetty/jetty-util/9.3.24.v20180605/jetty-util-9.3.24.v20180605.jar:/home/user/.m2/repository/org/eclipse/jetty/jetty-servlet/9.3.24.v20180605/jetty-servlet-9.3.24.v20180605.jar:/home/user/.m2/repository/org/eclipse/jetty/jetty-security/9.3.24.v20180605/jetty-security-9.3.24.v20180605.jar:/home/user/.m2/repository/org/eclipse/jetty/jetty-webapp/9.3.24.v20180605/jetty-webapp-9.3.24.v20180605.jar:/home/user/.m2/repository/org/eclipse/jetty/jetty-xml/9.3.24.v20180605/jetty-xml-9.3.24.v20180605.jar:/home/user/.m2/repository/javax/servlet/jsp/jsp-api/2.1/jsp-api-2.1.jar:/home/user/.m2/repository/com/sun/jersey/jersey-core/1.19/jersey-core-1.19.jar:/home/user/.m2/repository/javax/ws/rs/jsr311-api/1.1.1/jsr311-api-1.1.1.jar:/home/user/.m2/repository/com/sun/jersey/jersey-servlet/1.19/jersey-servlet-1.19.jar:/home/user/.m2/repository/com/sun/jersey/jersey-json/1.19/jersey-json-1.19.jar:/home/user/.m2/repository/org/codehaus/jettison/jettison/1.1/jettison-1.1.jar:/home/user/.m2/repository/com/sun/xml/bind/jaxb-impl/2.3.0.1/jaxb-impl-2.3.0.1.jar:/home/user/.m2/repository/org/codehaus/jackson/jackson-core-asl/1.9.13/jackson-core-asl-1.9.13.jar:/home/user/.m2/repository/org/codehaus/jackson/jackson-mapper-asl/1.9.13/jackson-mapper-asl-1.9.13.jar:/home/user/.m2/repository/org/codehaus/jackson/jackson-jaxrs/1.9.13/jackson-jaxrs-1.9.13.jar:/home/user/.m2/repository/org/codehaus/jackson/jackson-xc/1.9.13/jackson-xc-1.9.13.jar:/home/user/.m2/repository/com/sun/jersey/jersey-server/1.19/jersey-server-1.19.jar:/home/user/.m2/repository/commons-logging/commons-logging/1.1.3/commons-logging-1.1.3.jar:/home/user/.m2/repository/log4j/log4j/1.2.17/log4j-1.2.17.jar:/home/user/.m2/repository/commons-beanutils/commons-beanutils/1.9.3/commons-beanutils-1.9.3.jar:/home/user/.m2/repository/org/apache/commons/commons-configuration2/2.1.1/commons-configuration2-2.1.1.jar:/home/user/.m2/repository/org/apache/commons/commons-lang3/3.7/commons-lang3-3.7.jar:/home/user/.m2/repository/org/apache/commons/commons-text/1.4/commons-text-1.4.jar:/home/user/.m2/repository/org/slf4j/slf4j-api/1.7.25/slf4j-api-1.7.25.jar:/home/user/.m2/repository/org/slf4j/slf4j-log4j12/1.7.25/slf4j-log4j12-1.7.25.jar:/home/user/.m2/repository/org/apache/avro/avro/1.7.7/avro-1.7.7.jar:/home/user/.m2/repository/com/thoughtworks/paranamer/paranamer/2.3/paranamer-2.3.jar:/home/user/.m2/repository/org/xerial/snappy/snappy-java/1.0.5/snappy-java-1.0.5.jar:/home/user/.m2/repository/com/google/re2j/re2j/1.1/re2j-1.1.jar:/home/user/.m2/repository/com/google/code/gson/gson/2.2.4/gson-2.2.4.jar:/home/user/.m2/repository/org/apache/hadoop/hadoop-auth/3.2.0/hadoop-auth-3.2.0.jar:/home/user/.m2/repository/com/nimbusds/nimbus-jose-jwt/4.41.1/nimbus-jose-jwt-4.41.1.jar:/home/user/.m2/repository/com/github/stephenc/jcip/jcip-annotations/1.0-1/jcip-annotations-1.0-1.jar:/home/user/.m2/repository/net/minidev/json-smart/2.3/json-smart-2.3.jar:/home/user/.m2/repository/net/minidev/accessors-smart/1.2/accessors-smart-1.2.jar:/home/user/.m2/repository/org/apache/curator/curator-framework/2.12.0/curator-framework-2.12.0.jar:/home/user/.m2/repository/com/jcraft/jsch/0.1.54/jsch-0.1.54.jar:/home/user/.m2/repository/org/apache/curator/curator-client/2.12.0/curator-client-2.12.0.jar:/home/user/.m2/repository/org/apache/curator/curator-recipes/2.12.0/curator-recipes-2.12.0.jar:/home/user/.m2/repository/com/google/code/findbugs/jsr305/3.0.0/jsr305-3.0.0.jar:/home/user/.m2/repository/org/apache/htrace/htrace-core4/4.1.0-incubating/htrace-core4-4.1.0-incubating.jar:/home/user/.m2/repository/org/apache/zookeeper/zookeeper/3.4.13/zookeeper-3.4.13.jar:/home/user/.m2/repository/org/apache/yetus/audience-annotations/0.5.0/audience-annotations-0.5.0.jar:/home/user/.m2/repository/org/apache/kerby/kerb-simplekdc/1.0.1/kerb-simplekdc-1.0.1.jar:/home/user/.m2/repository/org/apache/kerby/kerb-client/1.0.1/kerb-client-1.0.1.jar:/home/user/.m2/repository/org/apache/kerby/kerby-config/1.0.1/kerby-config-1.0.1.jar:/home/user/.m2/repository/org/apache/kerby/kerb-core/1.0.1/kerb-core-1.0.1.jar:/home/user/.m2/repository/org/apache/kerby/kerby-pkix/1.0.1/kerby-pkix-1.0.1.jar:/home/user/.m2/repository/org/apache/kerby/kerby-asn1/1.0.1/kerby-asn1-1.0.1.jar:/home/user/.m2/repository/org/apache/kerby/kerby-util/1.0.1/kerby-util-1.0.1.jar:/home/user/.m2/repository/org/apache/kerby/kerb-common/1.0.1/kerb-common-1.0.1.jar:/home/user/.m2/repository/org/apache/kerby/kerb-crypto/1.0.1/kerb-crypto-1.0.1.jar:/home/user/.m2/repository/org/apache/kerby/kerb-util/1.0.1/kerb-util-1.0.1.jar:/home/user/.m2/repository/org/apache/kerby/token-provider/1.0.1/token-provider-1.0.1.jar:/home/user/.m2/repository/org/apache/kerby/kerb-admin/1.0.1/kerb-admin-1.0.1.jar:/home/user/.m2/repository/org/apache/kerby/kerb-server/1.0.1/kerb-server-1.0.1.jar:/home/user/.m2/repository/org/apache/kerby/kerb-identity/1.0.1/kerb-identity-1.0.1.jar:/home/user/.m2/repository/org/apache/kerby/kerby-xdr/1.0.1/kerby-xdr-1.0.1.jar:/home/user/.m2/repository/com/fasterxml/jackson/core/jackson-databind/2.9.5/jackson-databind-2.9.5.jar:/home/user/.m2/repository/com/fasterxml/jackson/core/jackson-core/2.9.5/jackson-core-2.9.5.jar:/home/user/.m2/repository/org/codehaus/woodstox/stax2-api/3.1.4/stax2-api-3.1.4.jar:/home/user/.m2/repository/com/fasterxml/woodstox/woodstox-core/5.0.3/woodstox-core-5.0.3.jar:/home/user/.m2/repository/dnsjava/dnsjava/2.1.7/dnsjava-2.1.7.jar:/home/user/.m2/repository/org/apache/hadoop/hadoop-hdfs/3.2.0/hadoop-hdfs-3.2.0.jar:/home/user/.m2/repository/org/eclipse/jetty/jetty-util-ajax/9.3.24.v20180605/jetty-util-ajax-9.3.24.v20180605.jar:/home/user/.m2/repository/commons-daemon/commons-daemon/1.0.13/commons-daemon-1.0.13.jar:/home/user/.m2/repository/io/netty/netty/3.10.5.Final/netty-3.10.5.Final.jar:/home/user/.m2/repository/io/netty/netty-all/4.0.52.Final/netty-all-4.0.52.Final.jar:/home/user/.m2/repository/org/fusesource/leveldbjni/leveldbjni-all/1.8/leveldbjni-all-1.8.jar:/home/user/.m2/repository/com/sun/xml/bind/jaxb-core/2.3.0.1/jaxb-core-2.3.0.1.jar:/home/user/.m2/repository/javax/xml/bind/jaxb-api/2.3.0/jaxb-api-2.3.0.jar:/home/user/.m2/repository/javax/activation/activation/1.1.1/activation-1.1.1.jar:/home/user/.m2/repository/io/dropwizard/metrics/metrics-core/3.2.4/metrics-core-3.2.4.jar:/home/user/.m2/repository/org/openjdk/jmh/jmh-core/1.19/jmh-core-1.19.jar:/home/user/.m2/repository/net/sf/jopt-simple/jopt-simple/4.6/jopt-simple-4.6.jar:/home/user/.m2/repository/org/openjdk/jmh/jmh-generator-annprocess/1.19/jmh-generator-annprocess-1.19.jar:/home/user/.m2/repository/com/google/code/findbugs/findbugs/3.0.1/findbugs-3.0.1.jar:/home/user/.m2/repository/net/jcip/jcip-annotations/1.0/jcip-annotations-1.0.jar:/home/user/.m2/repository/com/google/code/findbugs/bcel-findbugs/6.0/bcel-findbugs-6.0.jar:/home/user/.m2/repository/com/google/code/findbugs/jFormatString/2.0.1/jFormatString-2.0.1.jar:/home/user/.m2/repository/dom4j/dom4j/1.6.1/dom4j-1.6.1.jar:/home/user/.m2/repository/xml-apis/xml-apis/1.0.b2/xml-apis-1.0.b2.jar:/home/user/.m2/repository/org/ow2/asm/asm-debug-all/5.0.2/asm-debug-all-5.0.2.jar:/home/user/.m2/repository/org/ow2/asm/asm-commons/5.0.2/asm-commons-5.0.2.jar:/home/user/.m2/repository/org/ow2/asm/asm-tree/5.0.2/asm-tree-5.0.2.jar:/home/user/.m2/repository/org/ow2/asm/asm/5.0.4/asm-5.0.4.jar:/home/user/.m2/repository/commons-lang/commons-lang/2.6/commons-lang-2.6.jar:/home/user/.m2/repository/com/apple/AppleJavaExtensions/1.4/AppleJavaExtensions-1.4.jar:/home/user/.m2/repository/jaxen/jaxen/1.1.6/jaxen-1.1.6.jar:/home/user/.m2/repository/junit/junit/4.11/junit-4.11.jar:/home/user/.m2/repository/org/hamcrest/hamcrest-core/1.3/hamcrest-core-1.3.jar:/home/user/.m2/repository/org/apache/hadoop/hadoop-common/3.2.0/hadoop-common-3.2.0-tests.jar:/home/user/.m2/repository/org/apache/hadoop/hadoop-ozone-integration-test/0.4.1-SNAPSHOT/hadoop-ozone-integration-test-0.4.1-SNAPSHOT-tests.jar:/workdir/hadoop-ozone/objectstore-service/target/classes:/workdir/hadoop-ozone/s3gateway/target/classes:/home/user/.m2/repository/org/jboss/weld/servlet/weld-servlet/2.4.7.Final/weld-servlet-2.4.7.Final.jar:/home/user/.m2/repository/org/glassfish/jersey/containers/jersey-container-servlet-core/2.27/jersey-container-servlet-core-2.27.jar:/home/user/.m2/repository/org/glassfish/hk2/external/javax.inject/2.5.0-b42/javax.inject-2.5.0-b42.jar:/home/user/.m2/repository/org/glassfish/jersey/core/jersey-common/2.27/jersey-common-2.27.jar:/home/user/.m2/repository/org/glassfish/hk2/osgi-resource-locator/1.0.1/osgi-resource-locator-1.0.1.jar:/home/user/.m2/repository/javax/ws/rs/javax.ws.rs-api/2.1/javax.ws.rs-api-2.1.jar:/home/user/.m2/repository/org/glassfish/jersey/ext/cdi/jersey-cdi1x/2.27/jersey-cdi1x-2.27.jar:/home/user/.m2/repository/org/glassfish/jersey/inject/jersey-hk2/2.27/jersey-hk2-2.27.jar:/home/user/.m2/repository/org/glassfish/hk2/hk2-locator/2.5.0-b42/hk2-locator-2.5.0-b42.jar:/home/user/.m2/repository/org/javassist/javassist/3.22.0-CR2/javassist-3.22.0-CR2.jar:/home/user/.m2/repository/org/glassfish/hk2/hk2-api/2.5.0/hk2-api-2.5.0.jar:/home/user/.m2/repository/org/glassfish/hk2/external/jakarta.inject/2.5.0/jakarta.inject-2.5.0.jar:/home/user/.m2/repository/org/glassfish/hk2/hk2-utils/2.5.0/hk2-utils-2.5.0.jar:/home/user/.m2/repository/jakarta/annotation/jakarta.annotation-api/1.3.4/jakarta.annotation-api-1.3.4.jar:/home/user/.m2/repository/org/glassfish/hk2/external/aopalliance-repackaged/2.5.0/aopalliance-repackaged-2.5.0.jar:/home/user/.m2/repository/com/fasterxml/jackson/dataformat/jackson-dataformat-xml/2.9.0/jackson-dataformat-xml-2.9.0.jar:/home/user/.m2/repository/com/fasterxml/jackson/module/jackson-module-jaxb-annotations/2.9.5/jackson-module-jaxb-annotations-2.9.5.jar:/home/user/.m2/repository/javax/enterprise/cdi-api/1.2/cdi-api-1.2.jar:/home/user/.m2/repository/javax/el/javax.el-api/3.0.0/javax.el-api-3.0.0.jar:/home/user/.m2/repository/javax/interceptor/javax.interceptor-api/1.2/javax.interceptor-api-1.2.jar:/home/user/.m2/repository/javax/inject/javax.inject/1/javax.inject-1.jar:/workdir/hadoop-ozone/csi/target/classes:/home/user/.m2/repository/com/google/protobuf/protobuf-java-util/3.5.1/protobuf-java-util-3.5.1.jar:/home/user/.m2/repository/io/grpc/grpc-netty/1.17.1/grpc-netty-1.17.1.jar:/home/user/.m2/repository/io/grpc/grpc-core/1.17.1/grpc-core-1.17.1.jar:/home/user/.m2/repository/io/grpc/grpc-context/1.17.1/grpc-context-1.17.1.jar:/home/user/.m2/repository/com/google/errorprone/error_prone_annotations/2.2.0/error_prone_annotations-2.2.0.jar:/home/user/.m2/repository/org/codehaus/mojo/animal-sniffer-annotations/1.17/animal-sniffer-annotations-1.17.jar:/home/user/.m2/repository/io/opencensus/opencensus-api/0.17.0/opencensus-api-0.17.0.jar:/home/user/.m2/repository/io/opencensus/opencensus-contrib-grpc-metrics/0.17.0/opencensus-contrib-grpc-metrics-0.17.0.jar:/home/user/.m2/repository/io/netty/netty-codec-http2/4.1.30.Final/netty-codec-http2-4.1.30.Final.jar:/home/user/.m2/repository/io/netty/netty-codec-http/4.1.30.Final/netty-codec-http-4.1.30.Final.jar:/home/user/.m2/repository/io/netty/netty-codec/4.1.30.Final/netty-codec-4.1.30.Final.jar:/home/user/.m2/repository/io/netty/netty-handler/4.1.30.Final/netty-handler-4.1.30.Final.jar:/home/user/.m2/repository/io/netty/netty-handler-proxy/4.1.30.Final/netty-handler-proxy-4.1.30.Final.jar:/home/user/.m2/repository/io/netty/netty-codec-socks/4.1.30.Final/netty-codec-socks-4.1.30.Final.jar:/home/user/.m2/repository/io/netty/netty-transport-native-epoll/4.1.30.Final/netty-transport-native-epoll-4.1.30.Final.jar:/home/user/.m2/repository/io/netty/netty-common/4.1.30.Final/netty-common-4.1.30.Final.jar:/home/user/.m2/repository/io/netty/netty-buffer/4.1.30.Final/netty-buffer-4.1.30.Final.jar:/home/user/.m2/repository/io/netty/netty-transport/4.1.30.Final/netty-transport-4.1.30.Final.jar:/home/user/.m2/repository/io/netty/netty-resolver/4.1.30.Final/netty-resolver-4.1.30.Final.jar:/home/user/.m2/repository/io/netty/netty-transport-native-unix-common/4.1.30.Final/netty-transport-native-unix-common-4.1.30.Final.jar:/home/user/.m2/repository/io/grpc/grpc-protobuf/1.17.1/grpc-protobuf-1.17.1.jar:/home/user/.m2/repository/com/google/api/grpc/proto-google-common-protos/1.0.0/proto-google-common-protos-1.0.0.jar:/home/user/.m2/repository/io/grpc/grpc-protobuf-lite/1.17.1/grpc-protobuf-lite-1.17.1.jar:/home/user/.m2/repository/io/grpc/grpc-stub/1.17.1/grpc-stub-1.17.1.jar:/workdir/hadoop-ozone/ozone-recon/target/classes:/workdir/hadoop-ozone/ozone-recon-codegen/target/classes:/home/user/.m2/repository/com/google/inject/extensions/guice-multibindings/4.0/guice-multibindings-4.0.jar:/home/user/.m2/repository/com/google/inject/guice/4.0/guice-4.0.jar:/home/user/.m2/repository/aopalliance/aopalliance/1.0/aopalliance-1.0.jar:/home/user/.m2/repository/com/google/inject/extensions/guice-servlet/4.0/guice-servlet-4.0.jar:/home/user/.m2/repository/org/glassfish/jersey/containers/jersey-container-servlet/2.27/jersey-container-servlet-2.27.jar:/home/user/.m2/repository/org/glassfish/hk2/guice-bridge/2.5.0/guice-bridge-2.5.0.jar:/home/user/.m2/repository/org/glassfish/jersey/core/jersey-server/2.27/jersey-server-2.27.jar:/home/user/.m2/repository/org/glassfish/jersey/core/jersey-client/2.27/jersey-client-2.27.jar:/home/user/.m2/repository/org/glassfish/jersey/media/jersey-media-jaxb/2.27/jersey-media-jaxb-2.27.jar:/home/user/.m2/repository/javax/validation/validation-api/1.1.0.Final/validation-api-1.1.0.Final.jar:/home/user/.m2/repository/org/glassfish/jersey/media/jersey-media-json-jackson/2.27/jersey-media-json-jackson-2.27.jar:/home/user/.m2/repository/org/glassfish/jersey/ext/jersey-entity-filtering/2.27/jersey-entity-filtering-2.27.jar:/home/user/.m2/repository/com/google/inject/extensions/guice-assistedinject/4.0/guice-assistedinject-4.0.jar:/home/user/.m2/repository/org/jooq/jooq/3.11.10/jooq-3.11.10.jar:/home/user/.m2/repository/org/jooq/jooq-meta/3.11.10/jooq-meta-3.11.10.jar:/home/user/.m2/repository/org/jooq/jooq-codegen/3.11.10/jooq-codegen-3.11.10.jar:/home/user/.m2/repository/com/jolbox/bonecp/0.8.0.RELEASE/bonecp-0.8.0.RELEASE.jar:/home/user/.m2/repository/org/springframework/spring-jdbc/5.1.3.RELEASE/spring-jdbc-5.1.3.RELEASE.jar:/home/user/.m2/repository/org/springframework/spring-beans/5.1.3.RELEASE/spring-beans-5.1.3.RELEASE.jar:/home/user/.m2/repository/org/springframework/spring-core/5.1.3.RELEASE/spring-core-5.1.3.RELEASE.jar:/home/user/.m2/repository/org/springframework/spring-jcl/5.1.3.RELEASE/spring-jcl-5.1.3.RELEASE.jar:/home/user/.m2/repository/org/springframework/spring-tx/5.1.3.RELEASE/spring-tx-5.1.3.RELEASE.jar:/home/user/.m2/repository/org/mockito/mockito-core/2.15.0/mockito-core-2.15.0.jar:/home/user/.m2/repository/net/bytebuddy/byte-buddy/1.7.9/byte-buddy-1.7.9.jar:/home/user/.m2/repository/net/bytebuddy/byte-buddy-agent/1.7.9/byte-buddy-agent-1.7.9.jar:/home/user/.m2/repository/org/objenesis/objenesis/1.0/objenesis-1.0.jar:"/>
    <property name="sun.cpu.endian" value="little"/>
    <property name="user.home" value="/home/user"/>
    <property name="user.language" value="en"/>
    <property name="java.specification.vendor" value="Oracle Corporation"/>
    <property name="java.home" value="/usr/lib/jvm/java-1.8-openjdk/jre"/>
    <property name="java.security.krb5.conf" value="/workdir/hadoop-ozone/tools/target/test-classes/krb5.conf"/>
    <property name="basedir" value="/workdir/hadoop-ozone/tools"/>
    <property name="file.separator" value="/"/>
    <property name="line.separator" value="&#10;"/>
    <property name="java.vm.specification.vendor" value="Oracle Corporation"/>
    <property name="java.specification.name" value="Java Platform API Specification"/>
    <property name="java.awt.graphicsenv" value="sun.awt.X11GraphicsEnvironment"/>
    <property name="surefire.real.class.path" value="/workdir/hadoop-ozone/tools/target/surefire/surefirebooter7345094123885552833.jar"/>
    <property name="hadoop.log.dir" value="/workdir/hadoop-ozone/tools/target/log"/>
    <property name="sun.boot.class.path" value="/usr/lib/jvm/java-1.8-openjdk/jre/lib/resources.jar:/usr/lib/jvm/java-1.8-openjdk/jre/lib/rt.jar:/usr/lib/jvm/java-1.8-openjdk/jre/lib/sunrsasign.jar:/usr/lib/jvm/java-1.8-openjdk/jre/lib/jsse.jar:/usr/lib/jvm/java-1.8-openjdk/jre/lib/jce.jar:/usr/lib/jvm/java-1.8-openjdk/jre/lib/charsets.jar:/usr/lib/jvm/java-1.8-openjdk/jre/lib/jfr.jar:/usr/lib/jvm/java-1.8-openjdk/jre/classes"/>
    <property name="sun.management.compiler" value="HotSpot 64-Bit Tiered Compilers"/>
    <property name="java.runtime.version" value="1.8.0_212-b04"/>
    <property name="java.net.preferIPv4Stack" value="true"/>
    <property name="user.name" value="jenkins1000"/>
    <property name="path.separator" value=":"/>
    <property name="java.security.egd" value="file:///dev/urandom"/>
    <property name="os.version" value="3.10.0-957.12.2.el7.x86_64"/>
    <property name="java.endorsed.dirs" value="/usr/lib/jvm/java-1.8-openjdk/jre/lib/endorsed"/>
    <property name="java.runtime.name" value="OpenJDK Runtime Environment"/>
    <property name="file.encoding" value="UTF-8"/>
    <property name="java.vm.name" value="OpenJDK 64-Bit Server VM"/>
    <property name="test.build.webapps" value=""/>
    <property name="localRepository" value="/home/user/.m2/repository"/>
    <property name="java.vendor.url.bug" value="https://icedtea.classpath.org/bugzilla"/>
    <property name="java.io.tmpdir" value="/tmp"/>
    <property name="require.test.libhadoop" value=""/>
    <property name="java.version" value="1.8.0_212"/>
    <property name="user.dir" value="/workdir/hadoop-ozone/tools"/>
    <property name="os.arch" value="amd64"/>
    <property name="java.vm.specification.name" value="Java Virtual Machine Specification"/>
    <property name="test.build.classes" value="/workdir/hadoop-ozone/tools/target/test-classes"/>
    <property name="java.awt.printerjob" value="sun.print.PSPrinterJob"/>
    <property name="sun.os.patch.level" value="unknown"/>
    <property name="hadoop.tmp.dir" value="/workdir/hadoop-ozone/tools/target/tmp"/>
    <property name="java.library.path" value="/usr/lib/jvm/java-1.8-openjdk/jre/lib/amd64/server:/usr/lib/jvm/java-1.8-openjdk/jre/lib/amd64:/usr/lib/jvm/java-1.8-openjdk/jre/../lib/amd64:/workdir/hadoop-ozone/tools/target/native/target/usr/local/lib:/workdir/hadoop-ozone/tools/../../hadoop-common-project/hadoop-common/target/native/target/usr/local/lib:/usr/java/packages/lib/amd64:/usr/lib64:/lib64:/lib:/usr/lib"/>
    <property name="java.vm.info" value="mixed mode"/>
    <property name="java.vendor" value="IcedTea"/>
    <property name="java.vm.version" value="25.212-b04"/>
    <property name="java.ext.dirs" value="/usr/lib/jvm/java-1.8-openjdk/jre/lib/ext:/usr/java/packages/lib/ext"/>
    <property name="sun.io.unicode.encoding" value="UnicodeLittle"/>
    <property name="java.class.version" value="52.0"/>
  </properties>
  <testcase name="testRestart" classname="org.apache.hadoop.ozone.freon.TestFreonWithPipelineDestroy" time="15.387">
    <error message="Unexpected Storage Container Exception: org.apache.hadoop.hdds.scm.container.common.helpers.StorageContainerException: ContainerID 3 does not exist" type="java.io.IOException">java.io.IOException: Unexpected Storage Container Exception: org.apache.hadoop.hdds.scm.container.common.helpers.StorageContainerException: ContainerID 3 does not exist
	at org.apache.hadoop.hdds.scm.storage.BlockOutputStream.setIoException(BlockOutputStream.java:541)
	at org.apache.hadoop.hdds.scm.storage.BlockOutputStream.validateResponse(BlockOutputStream.java:532)
	at org.apache.hadoop.hdds.scm.storage.BlockOutputStream.lambda$writeChunkToContainer$2(BlockOutputStream.java:606)
	at java.util.concurrent.CompletableFuture.uniApply(CompletableFuture.java:602)
	at java.util.concurrent.CompletableFuture$UniApply.tryFire(CompletableFuture.java:577)
	at java.util.concurrent.CompletableFuture$Completion.run(CompletableFuture.java:442)
	at java.util.concurrent.ThreadPoolExecutor.runWorker(ThreadPoolExecutor.java:1149)
	at java.util.concurrent.ThreadPoolExecutor$Worker.run(ThreadPoolExecutor.java:624)
	at java.lang.Thread.run(Thread.java:748)
Caused by: org.apache.hadoop.hdds.scm.container.common.helpers.StorageContainerException: ContainerID 3 does not exist
	at org.apache.hadoop.hdds.scm.storage.ContainerProtocolCalls.validateContainerResponse(ContainerProtocolCalls.java:536)
	at org.apache.hadoop.hdds.scm.storage.BlockOutputStream.validateResponse(BlockOutputStream.java:529)
	... 7 more
</error>
    <system-out><![CDATA[2019-07-30 11:54:37,363 WARN  server.ServerUtils (ServerUtils.java:getScmDbDir(145)) - ozone.scm.db.dirs is not configured. We recommend adding this setting. Falling back to ozone.metadata.dirs instead.
2019-07-30 11:54:37,487 WARN  server.ServerUtils (ServerUtils.java:getScmDbDir(145)) - ozone.scm.db.dirs is not configured. We recommend adding this setting. Falling back to ozone.metadata.dirs instead.
2019-07-30 11:54:37,491 WARN  server.ServerUtils (ServerUtils.java:getScmDbDir(145)) - ozone.scm.db.dirs is not configured. We recommend adding this setting. Falling back to ozone.metadata.dirs instead.
2019-07-30 11:54:37,509 INFO  util.log (Log.java:initialized(192)) - Logging initialized @786ms
2019-07-30 11:54:37,608 INFO  db.DBStoreBuilder (DBStoreBuilder.java:addTable(110)) - using custom profile for table: deletedBlocks
2019-07-30 11:54:37,608 INFO  db.DBStoreBuilder (DBStoreBuilder.java:processTables(161)) - Using default column profile:DBProfile.DISK for Table:deletedBlocks
2019-07-30 11:54:37,609 INFO  db.DBStoreBuilder (DBStoreBuilder.java:addTable(110)) - using custom profile for table: validCerts
2019-07-30 11:54:37,609 INFO  db.DBStoreBuilder (DBStoreBuilder.java:processTables(161)) - Using default column profile:DBProfile.DISK for Table:validCerts
2019-07-30 11:54:37,609 INFO  db.DBStoreBuilder (DBStoreBuilder.java:addTable(110)) - using custom profile for table: revokedCerts
2019-07-30 11:54:37,610 INFO  db.DBStoreBuilder (DBStoreBuilder.java:processTables(161)) - Using default column profile:DBProfile.DISK for Table:revokedCerts
2019-07-30 11:54:37,622 INFO  db.DBStoreBuilder (DBStoreBuilder.java:addTable(110)) - using custom profile for table: default
2019-07-30 11:54:37,622 INFO  db.DBStoreBuilder (DBStoreBuilder.java:processTables(167)) - Using default column profile:DBProfile.DISK for Table:default
2019-07-30 11:54:37,623 INFO  db.DBStoreBuilder (DBStoreBuilder.java:getDbProfile(198)) - Using default options. DBProfile.DISK
2019-07-30 11:54:37,809 INFO  net.NodeSchemaLoader (NodeSchemaLoader.java:loadSchemaFromFile(125)) - Loading file from sun.misc.CompoundEnumeration@12b0404f
2019-07-30 11:54:37,812 INFO  net.NodeSchemaLoader (NodeSchemaLoader.java:loadSchema(171)) - Loading network topology layer schema file
2019-07-30 11:54:37,895 INFO  node.SCMNodeManager (SCMNodeManager.java:<init>(121)) - Entering startup safe mode.
2019-07-30 11:54:37,979 WARN  server.ServerUtils (ServerUtils.java:getScmDbDir(145)) - ozone.scm.db.dirs is not configured. We recommend adding this setting. Falling back to ozone.metadata.dirs instead.
2019-07-30 11:54:38,038 INFO  pipeline.SCMPipelineManager (SCMPipelineManager.java:initializePipelineState(126)) - No pipeline exists in current db
2019-07-30 11:54:38,040 WARN  server.ServerUtils (ServerUtils.java:getScmDbDir(145)) - ozone.scm.db.dirs is not configured. We recommend adding this setting. Falling back to ozone.metadata.dirs instead.
2019-07-30 11:54:38,155 WARN  events.EventQueue (EventQueue.java:fireEvent(175)) - No event handler registered for event TypedEvent{payloadType=SafeModeStatus, name='SafeModeStatus'}
2019-07-30 11:54:38,518 INFO  ipc.CallQueueManager (CallQueueManager.java:<init>(84)) - Using callQueue: class java.util.concurrent.LinkedBlockingQueue, queueCapacity: 2000, scheduler: class org.apache.hadoop.ipc.DefaultRpcScheduler, ipcBackoff: false.
2019-07-30 11:54:38,547 INFO  ipc.Server (Server.java:run(1074)) - Starting Socket Reader #1 for port 40776
2019-07-30 11:54:38,572 INFO  ipc.CallQueueManager (CallQueueManager.java:<init>(84)) - Using callQueue: class java.util.concurrent.LinkedBlockingQueue, queueCapacity: 2000, scheduler: class org.apache.hadoop.ipc.DefaultRpcScheduler, ipcBackoff: false.
2019-07-30 11:54:38,573 INFO  ipc.Server (Server.java:run(1074)) - Starting Socket Reader #1 for port 33502
2019-07-30 11:54:38,579 INFO  ipc.CallQueueManager (CallQueueManager.java:<init>(84)) - Using callQueue: class java.util.concurrent.LinkedBlockingQueue, queueCapacity: 2000, scheduler: class org.apache.hadoop.ipc.DefaultRpcScheduler, ipcBackoff: false.
2019-07-30 11:54:38,580 INFO  ipc.Server (Server.java:run(1074)) - Starting Socket Reader #1 for port 41605
2019-07-30 11:54:38,723 INFO  hdfs.DFSUtil (DFSUtil.java:httpServerTemplateForNNAndJN(1641)) - Starting Web-server for scm at: http://0.0.0.0:0
2019-07-30 11:54:38,861 INFO  server.AuthenticationFilter (AuthenticationFilter.java:constructSecretProvider(240)) - Unable to initialize FileSignerSecretProvider, falling back to use random secrets.
2019-07-30 11:54:38,877 WARN  http.HttpRequestLog (HttpRequestLog.java:getRequestLog(97)) - Jetty request log can only be enabled using Log4j
2019-07-30 11:54:38,885 INFO  http.HttpServer2 (HttpServer2.java:addGlobalFilter(975)) - Added global filter 'safety' (class=org.apache.hadoop.http.HttpServer2$QuotingInputFilter)
2019-07-30 11:54:38,888 INFO  http.HttpServer2 (HttpServer2.java:addFilter(948)) - Added filter static_user_filter (class=org.apache.hadoop.http.lib.StaticUserWebFilter$StaticUserFilter) to context scm
2019-07-30 11:54:38,888 INFO  http.HttpServer2 (HttpServer2.java:addFilter(958)) - Added filter static_user_filter (class=org.apache.hadoop.http.lib.StaticUserWebFilter$StaticUserFilter) to context logs
2019-07-30 11:54:38,889 INFO  http.HttpServer2 (HttpServer2.java:addFilter(958)) - Added filter static_user_filter (class=org.apache.hadoop.http.lib.StaticUserWebFilter$StaticUserFilter) to context static
2019-07-30 11:54:38,915 INFO  server.StorageContainerManager (StorageContainerManager.java:start(758)) - StorageContainerLocationProtocol RPC server is listening at /0.0.0.0:41605
2019-07-30 11:54:38,972 WARN  impl.MetricsConfig (MetricsConfig.java:loadFirst(134)) - Cannot locate configuration: tried hadoop-metrics2-storagecontainermanager.properties,hadoop-metrics2.properties
2019-07-30 11:54:38,986 INFO  impl.MetricsSystemImpl (MetricsSystemImpl.java:startTimer(374)) - Scheduled Metric snapshot period at 10 second(s).
2019-07-30 11:54:38,986 INFO  impl.MetricsSystemImpl (MetricsSystemImpl.java:start(191)) - StorageContainerManager metrics system started
2019-07-30 11:54:39,205 INFO  server.SCMClientProtocolServer (SCMClientProtocolServer.java:start(151)) - RPC server for Client  is listening at /0.0.0.0:41605
2019-07-30 11:54:39,206 INFO  ipc.Server (Server.java:run(1314)) - IPC Server Responder: starting
2019-07-30 11:54:39,207 INFO  ipc.Server (Server.java:run(1153)) - IPC Server listener on 41605: starting
2019-07-30 11:54:39,210 INFO  server.StorageContainerManager (StorageContainerManager.java:start(768)) - ScmBlockLocationProtocol RPC server is listening at /0.0.0.0:33502
2019-07-30 11:54:39,211 INFO  server.SCMBlockProtocolServer (SCMBlockProtocolServer.java:start(140)) - RPC server for Block Protocol is listening at /0.0.0.0:33502
2019-07-30 11:54:39,212 INFO  ipc.Server (Server.java:run(1314)) - IPC Server Responder: starting
2019-07-30 11:54:39,213 INFO  ipc.Server (Server.java:run(1153)) - IPC Server listener on 33502: starting
2019-07-30 11:54:39,223 INFO  server.StorageContainerManager (StorageContainerManager.java:start(772)) - ScmDatanodeProtocl RPC server is listening at /0.0.0.0:40776
2019-07-30 11:54:39,223 INFO  server.SCMDatanodeProtocolServer (SCMDatanodeProtocolServer.java:start(191)) - RPC server for DataNodes is listening at /0.0.0.0:40776
2019-07-30 11:54:39,225 INFO  ipc.Server (Server.java:run(1314)) - IPC Server Responder: starting
2019-07-30 11:54:39,226 INFO  ipc.Server (Server.java:run(1153)) - IPC Server listener on 40776: starting
2019-07-30 11:54:39,238 INFO  http.HttpServer2 (HttpServer2.java:bindListener(1191)) - Jetty bound to port 41364
2019-07-30 11:54:39,240 INFO  server.Server (Server.java:doStart(351)) - jetty-9.3.24.v20180605, build timestamp: 2018-06-05T17:11:56Z, git hash: 84205aa28f11a4f31f2a3b86d1bba2cc8ab69827
2019-07-30 11:54:39,270 INFO  handler.ContextHandler (ContextHandler.java:doStart(781)) - Started o.e.j.s.ServletContextHandler@413f69cc{/logs,file:///workdir/hadoop-ozone/tools/target/log,AVAILABLE}
2019-07-30 11:54:39,271 INFO  handler.ContextHandler (ContextHandler.java:doStart(781)) - Started o.e.j.s.ServletContextHandler@1b75c2e3{/static,file:///workdir/hadoop-hdds/server-scm/target/classes/webapps/static/,AVAILABLE}
2019-07-30 11:54:39,294 INFO  handler.ContextHandler (ContextHandler.java:doStart(781)) - Started o.e.j.w.WebAppContext@30f5a68a{/,file:///workdir/hadoop-hdds/server-scm/target/classes/webapps/scm/,AVAILABLE}{/scm}
2019-07-30 11:54:39,298 INFO  server.AbstractConnector (AbstractConnector.java:doStart(278)) - Started ServerConnector@7a8fa663{HTTP/1.1,[http/1.1]}{0.0.0.0:41364}
2019-07-30 11:54:39,298 INFO  server.Server (Server.java:doStart(419)) - Started @2576ms
2019-07-30 11:54:39,299 INFO  server.BaseHttpServer (BaseHttpServer.java:updateConnectorAddress(207)) - HTTP server of SCM is listening at http://0.0.0.0:41364
2019-07-30 11:54:39,305 INFO  util.JvmPauseMonitor (JvmPauseMonitor.java:run(188)) - Starting JVM pause monitor
2019-07-30 11:54:39,305 WARN  server.ServerUtils (ServerUtils.java:getDBPath(222)) - ozone.om.db.dirs is not configured. We recommend adding this setting. Falling back to ozone.metadata.dirs instead.
2019-07-30 11:54:39,383 WARN  server.ServerUtils (ServerUtils.java:getDBPath(222)) - ozone.om.db.dirs is not configured. We recommend adding this setting. Falling back to ozone.metadata.dirs instead.
2019-07-30 11:54:39,383 WARN  server.ServerUtils (ServerUtils.java:getDBPath(222)) - ozone.om.db.dirs is not configured. We recommend adding this setting. Falling back to ozone.metadata.dirs instead.
2019-07-30 11:54:39,384 INFO  om.OzoneManager (OzoneManager.java:setOMNodeDetails(644)) - OM Service ID is not set. Setting it to the default ID: omServiceIdDefault
2019-07-30 11:54:39,384 INFO  om.OzoneManager (OzoneManager.java:setOMNodeDetails(650)) - OM Node ID is not set. Setting it to the OmStorage's OmID: 50600bda-dea4-44f2-9813-3e5e576873a1
2019-07-30 11:54:39,385 INFO  om.OzoneManager (OzoneManager.java:loadOMHAConfigs(601)) - Found matching OM address with OMServiceId: null, OMNodeId: null, RPC Address: localhost:0 and Ratis port: 9872
2019-07-30 11:54:39,956 WARN  server.ServerUtils (ServerUtils.java:getDBPath(222)) - ozone.om.db.dirs is not configured. We recommend adding this setting. Falling back to ozone.metadata.dirs instead.
2019-07-30 11:54:39,961 INFO  db.DBStoreBuilder (DBStoreBuilder.java:addTable(110)) - using custom profile for table: userTable
2019-07-30 11:54:39,961 INFO  db.DBStoreBuilder (DBStoreBuilder.java:processTables(161)) - Using default column profile:DBProfile.DISK for Table:userTable
2019-07-30 11:54:39,961 INFO  db.DBStoreBuilder (DBStoreBuilder.java:addTable(110)) - using custom profile for table: volumeTable
2019-07-30 11:54:39,961 INFO  db.DBStoreBuilder (DBStoreBuilder.java:processTables(161)) - Using default column profile:DBProfile.DISK for Table:volumeTable
2019-07-30 11:54:39,962 INFO  db.DBStoreBuilder (DBStoreBuilder.java:addTable(110)) - using custom profile for table: bucketTable
2019-07-30 11:54:39,962 INFO  db.DBStoreBuilder (DBStoreBuilder.java:processTables(161)) - Using default column profile:DBProfile.DISK for Table:bucketTable
2019-07-30 11:54:39,962 INFO  db.DBStoreBuilder (DBStoreBuilder.java:addTable(110)) - using custom profile for table: keyTable
2019-07-30 11:54:39,962 INFO  db.DBStoreBuilder (DBStoreBuilder.java:processTables(161)) - Using default column profile:DBProfile.DISK for Table:keyTable
2019-07-30 11:54:39,962 INFO  db.DBStoreBuilder (DBStoreBuilder.java:addTable(110)) - using custom profile for table: deletedTable
2019-07-30 11:54:39,963 INFO  db.DBStoreBuilder (DBStoreBuilder.java:processTables(161)) - Using default column profile:DBProfile.DISK for Table:deletedTable
2019-07-30 11:54:39,963 INFO  db.DBStoreBuilder (DBStoreBuilder.java:addTable(110)) - using custom profile for table: openKeyTable
2019-07-30 11:54:39,963 INFO  db.DBStoreBuilder (DBStoreBuilder.java:processTables(161)) - Using default column profile:DBProfile.DISK for Table:openKeyTable
2019-07-30 11:54:39,963 INFO  db.DBStoreBuilder (DBStoreBuilder.java:addTable(110)) - using custom profile for table: s3Table
2019-07-30 11:54:39,963 INFO  db.DBStoreBuilder (DBStoreBuilder.java:processTables(161)) - Using default column profile:DBProfile.DISK for Table:s3Table
2019-07-30 11:54:39,963 INFO  db.DBStoreBuilder (DBStoreBuilder.java:addTable(110)) - using custom profile for table: multipartInfoTable
2019-07-30 11:54:39,964 INFO  db.DBStoreBuilder (DBStoreBuilder.java:processTables(161)) - Using default column profile:DBProfile.DISK for Table:multipartInfoTable
2019-07-30 11:54:39,964 INFO  db.DBStoreBuilder (DBStoreBuilder.java:addTable(110)) - using custom profile for table: dTokenTable
2019-07-30 11:54:39,964 INFO  db.DBStoreBuilder (DBStoreBuilder.java:processTables(161)) - Using default column profile:DBProfile.DISK for Table:dTokenTable
2019-07-30 11:54:39,964 INFO  db.DBStoreBuilder (DBStoreBuilder.java:addTable(110)) - using custom profile for table: s3SecretTable
2019-07-30 11:54:39,964 INFO  db.DBStoreBuilder (DBStoreBuilder.java:processTables(161)) - Using default column profile:DBProfile.DISK for Table:s3SecretTable
2019-07-30 11:54:39,965 INFO  db.DBStoreBuilder (DBStoreBuilder.java:addTable(110)) - using custom profile for table: prefixTable
2019-07-30 11:54:39,965 INFO  db.DBStoreBuilder (DBStoreBuilder.java:processTables(161)) - Using default column profile:DBProfile.DISK for Table:prefixTable
2019-07-30 11:54:39,965 INFO  db.DBStoreBuilder (DBStoreBuilder.java:addTable(110)) - using custom profile for table: default
2019-07-30 11:54:39,965 INFO  db.DBStoreBuilder (DBStoreBuilder.java:processTables(167)) - Using default column profile:DBProfile.DISK for Table:default
2019-07-30 11:54:39,965 INFO  db.DBStoreBuilder (DBStoreBuilder.java:getDbProfile(198)) - Using default options. DBProfile.DISK
2019-07-30 11:54:40,420 INFO  ipc.CallQueueManager (CallQueueManager.java:<init>(84)) - Using callQueue: class java.util.concurrent.LinkedBlockingQueue, queueCapacity: 2000, scheduler: class org.apache.hadoop.ipc.DefaultRpcScheduler, ipcBackoff: false.
2019-07-30 11:54:40,422 INFO  ipc.Server (Server.java:run(1074)) - Starting Socket Reader #1 for port 41355
2019-07-30 11:54:40,444 INFO  om.OzoneManager (OzoneManager.java:start(1255)) - OzoneManager RPC server is listening at localhost/127.0.0.1:41355
2019-07-30 11:54:40,445 INFO  impl.MetricsSystemImpl (MetricsSystemImpl.java:init(158)) - OzoneManager metrics system started (again)
2019-07-30 11:54:40,447 INFO  ipc.Server (Server.java:run(1314)) - IPC Server Responder: starting
2019-07-30 11:54:40,447 INFO  ipc.Server (Server.java:run(1153)) - IPC Server listener on 41355: starting
2019-07-30 11:54:40,462 INFO  hdfs.DFSUtil (DFSUtil.java:httpServerTemplateForNNAndJN(1641)) - Starting Web-server for ozoneManager at: http://0.0.0.0:0
2019-07-30 11:54:40,465 INFO  server.AuthenticationFilter (AuthenticationFilter.java:constructSecretProvider(240)) - Unable to initialize FileSignerSecretProvider, falling back to use random secrets.
2019-07-30 11:54:40,466 WARN  http.HttpRequestLog (HttpRequestLog.java:getRequestLog(97)) - Jetty request log can only be enabled using Log4j
2019-07-30 11:54:40,469 INFO  http.HttpServer2 (HttpServer2.java:addGlobalFilter(975)) - Added global filter 'safety' (class=org.apache.hadoop.http.HttpServer2$QuotingInputFilter)
2019-07-30 11:54:40,471 INFO  http.HttpServer2 (HttpServer2.java:addFilter(948)) - Added filter static_user_filter (class=org.apache.hadoop.http.lib.StaticUserWebFilter$StaticUserFilter) to context ozoneManager
2019-07-30 11:54:40,471 INFO  http.HttpServer2 (HttpServer2.java:addFilter(958)) - Added filter static_user_filter (class=org.apache.hadoop.http.lib.StaticUserWebFilter$StaticUserFilter) to context logs
2019-07-30 11:54:40,471 INFO  http.HttpServer2 (HttpServer2.java:addFilter(958)) - Added filter static_user_filter (class=org.apache.hadoop.http.lib.StaticUserWebFilter$StaticUserFilter) to context static
2019-07-30 11:54:40,474 INFO  http.HttpServer2 (HttpServer2.java:bindListener(1191)) - Jetty bound to port 40017
2019-07-30 11:54:40,475 INFO  server.Server (Server.java:doStart(351)) - jetty-9.3.24.v20180605, build timestamp: 2018-06-05T17:11:56Z, git hash: 84205aa28f11a4f31f2a3b86d1bba2cc8ab69827
2019-07-30 11:54:40,477 INFO  handler.ContextHandler (ContextHandler.java:doStart(781)) - Started o.e.j.s.ServletContextHandler@126be319{/logs,file:///workdir/hadoop-ozone/tools/target/log,AVAILABLE}
2019-07-30 11:54:40,478 INFO  handler.ContextHandler (ContextHandler.java:doStart(781)) - Started o.e.j.s.ServletContextHandler@5c371e13{/static,file:///workdir/hadoop-ozone/ozone-manager/target/classes/webapps/static/,AVAILABLE}
2019-07-30 11:54:40,485 INFO  handler.ContextHandler (ContextHandler.java:doStart(781)) - Started o.e.j.w.WebAppContext@27f0ad19{/,file:///workdir/hadoop-ozone/ozone-manager/target/classes/webapps/ozoneManager/,AVAILABLE}{/ozoneManager}
2019-07-30 11:54:40,486 INFO  server.AbstractConnector (AbstractConnector.java:doStart(278)) - Started ServerConnector@54e81b21{HTTP/1.1,[http/1.1]}{0.0.0.0:40017}
2019-07-30 11:54:40,486 INFO  server.Server (Server.java:doStart(419)) - Started @3764ms
2019-07-30 11:54:40,487 INFO  server.BaseHttpServer (BaseHttpServer.java:updateConnectorAddress(207)) - HTTP server of OZONEMANAGER is listening at http://0.0.0.0:40017
2019-07-30 11:54:40,794 INFO  impl.MetricsSystemImpl (MetricsSystemImpl.java:init(158)) - HddsDatanode metrics system started (again)
2019-07-30 11:54:40,880 INFO  ozone.HddsDatanodeService (HddsDatanodeService.java:start(184)) - HddsDatanodeService host:byscane-nightly-lrdxf-1413219503 ip:192.168.69.125
2019-07-30 11:54:40,913 INFO  volume.HddsVolume (HddsVolume.java:<init>(176)) - Creating Volume: /workdir/hadoop-ozone/tools/target/test-dir/MiniOzoneClusterImpl-5ce8312a-1df5-4acd-b8d5-bb5ab6b86f4a/datanode-0/data/containers/hdds of  storage type : DISK and capacity : 52710309888
2019-07-30 11:54:40,914 INFO  volume.VolumeSet (VolumeSet.java:initializeVolumeSet(170)) - Added Volume : /workdir/hadoop-ozone/tools/target/test-dir/MiniOzoneClusterImpl-5ce8312a-1df5-4acd-b8d5-bb5ab6b86f4a/datanode-0/data/containers/hdds to VolumeSet
2019-07-30 11:54:40,917 INFO  volume.ThrottledAsyncChecker (ThrottledAsyncChecker.java:schedule(140)) - Scheduling a check for org.apache.hadoop.ozone.container.common.volume.HddsVolume@43b0ade
2019-07-30 11:54:40,935 INFO  volume.HddsVolumeChecker (HddsVolumeChecker.java:checkAllVolumes(203)) - Scheduled health check for volume org.apache.hadoop.ozone.container.common.volume.HddsVolume@43b0ade
2019-07-30 11:54:41,042 INFO  impl.RaftServerProxy (ConfUtils.java:logGet(43)) - raft.rpc.type = GRPC (default)
2019-07-30 11:54:41,109 INFO  grpc.GrpcFactory (GrpcFactory.java:checkPooledByteBufAllocatorUseCacheForAllThreads(45)) - PERFORMANCE WARNING: useCacheForAllThreads is true that may cause Netty to create a lot garbage objects and, as a result, trigger GC.
	It is recommended to disable useCacheForAllThreads by setting -Dorg.apache.ratis.thirdparty.io.netty.allocator.useCacheForAllThreads=false in command line.
2019-07-30 11:54:41,114 INFO  grpc.GrpcConfigKeys$Server (ConfUtils.java:logGet(43)) - raft.grpc.server.port = 0 (default)
2019-07-30 11:54:41,115 INFO  server.GrpcService (ConfUtils.java:logGet(43)) - raft.grpc.message.size.max = 33570816 (custom)
2019-07-30 11:54:41,116 INFO  server.RaftServerConfigKeys (ConfUtils.java:logGet(43)) - raft.server.log.appender.buffer.byte-limit = 33554432 (custom)
2019-07-30 11:54:41,117 INFO  server.GrpcService (ConfUtils.java:logGet(43)) - raft.grpc.flow.control.window = 1MB (=1048576) (default)
2019-07-30 11:54:41,118 INFO  server.RaftServerConfigKeys (ConfUtils.java:logGet(43)) - raft.server.rpc.request.timeout = 3000ms (default)
2019-07-30 11:54:41,284 INFO  server.RaftServerConfigKeys (ConfUtils.java:logGet(43)) - raft.server.storage.dir = [/workdir/hadoop-ozone/tools/target/test-dir/MiniOzoneClusterImpl-5ce8312a-1df5-4acd-b8d5-bb5ab6b86f4a/datanode-0/data/ratis] (custom)
2019-07-30 11:54:41,319 INFO  replication.SimpleContainerDownloader (SimpleContainerDownloader.java:<init>(72)) - Starting container downloader service to copy containers to replicate.
2019-07-30 11:54:41,332 INFO  hdfs.DFSUtil (DFSUtil.java:httpServerTemplateForNNAndJN(1641)) - Starting Web-server for hddsDatanode at: http://0.0.0.0:0
2019-07-30 11:54:41,333 INFO  server.AuthenticationFilter (AuthenticationFilter.java:constructSecretProvider(240)) - Unable to initialize FileSignerSecretProvider, falling back to use random secrets.
2019-07-30 11:54:41,334 WARN  http.HttpRequestLog (HttpRequestLog.java:getRequestLog(97)) - Jetty request log can only be enabled using Log4j
2019-07-30 11:54:41,336 INFO  http.HttpServer2 (HttpServer2.java:addGlobalFilter(975)) - Added global filter 'safety' (class=org.apache.hadoop.http.HttpServer2$QuotingInputFilter)
2019-07-30 11:54:41,337 INFO  http.HttpServer2 (HttpServer2.java:addFilter(948)) - Added filter static_user_filter (class=org.apache.hadoop.http.lib.StaticUserWebFilter$StaticUserFilter) to context hddsDatanode
2019-07-30 11:54:41,337 INFO  http.HttpServer2 (HttpServer2.java:addFilter(958)) - Added filter static_user_filter (class=org.apache.hadoop.http.lib.StaticUserWebFilter$StaticUserFilter) to context static
2019-07-30 11:54:41,337 INFO  http.HttpServer2 (HttpServer2.java:addFilter(958)) - Added filter static_user_filter (class=org.apache.hadoop.http.lib.StaticUserWebFilter$StaticUserFilter) to context logs
2019-07-30 11:54:41,338 INFO  http.HttpServer2 (HttpServer2.java:bindListener(1191)) - Jetty bound to port 40137
2019-07-30 11:54:41,338 INFO  server.Server (Server.java:doStart(351)) - jetty-9.3.24.v20180605, build timestamp: 2018-06-05T17:11:56Z, git hash: 84205aa28f11a4f31f2a3b86d1bba2cc8ab69827
2019-07-30 11:54:41,340 INFO  handler.ContextHandler (ContextHandler.java:doStart(781)) - Started o.e.j.s.ServletContextHandler@455824ad{/logs,file:///workdir/hadoop-ozone/tools/target/log,AVAILABLE}
2019-07-30 11:54:41,340 INFO  handler.ContextHandler (ContextHandler.java:doStart(781)) - Started o.e.j.s.ServletContextHandler@70f31322{/static,file:///workdir/hadoop-hdds/container-service/target/classes/webapps/static,AVAILABLE}
2019-07-30 11:54:41,359 INFO  handler.ContextHandler (ContextHandler.java:doStart(781)) - Started o.e.j.w.WebAppContext@99407c2{/,file:///workdir/hadoop-hdds/container-service/target/classes/webapps/hddsDatanode/,AVAILABLE}{/hddsDatanode}
2019-07-30 11:54:41,360 INFO  server.AbstractConnector (AbstractConnector.java:doStart(278)) - Started ServerConnector@6c796cc1{HTTP/1.1,[http/1.1]}{0.0.0.0:40137}
2019-07-30 11:54:41,362 INFO  server.Server (Server.java:doStart(419)) - Started @4639ms
2019-07-30 11:54:41,363 INFO  server.BaseHttpServer (BaseHttpServer.java:updateConnectorAddress(207)) - HTTP server of HDDSDATANODE is listening at http://0.0.0.0:40137
2019-07-30 11:54:42,482 INFO  ozone.HddsDatanodeService (HddsDatanodeService.java:startPlugins(395)) - Started plug-in org.apache.hadoop.ozone.web.OzoneHddsDatanodeService@663f237a
2019-07-30 11:54:42,484 INFO  impl.MetricsSystemImpl (MetricsSystemImpl.java:init(158)) - HddsDatanode metrics system started (again)
2019-07-30 11:54:42,490 INFO  ozone.HddsDatanodeService (HddsDatanodeService.java:start(184)) - HddsDatanodeService host:byscane-nightly-lrdxf-1413219503 ip:192.168.69.125
2019-07-30 11:54:42,492 INFO  util.JvmPauseMonitor (JvmPauseMonitor.java:run(188)) - Starting JVM pause monitor
2019-07-30 11:54:42,505 INFO  volume.HddsVolume (HddsVolume.java:<init>(176)) - Creating Volume: /workdir/hadoop-ozone/tools/target/test-dir/MiniOzoneClusterImpl-5ce8312a-1df5-4acd-b8d5-bb5ab6b86f4a/datanode-1/data/containers/hdds of  storage type : DISK and capacity : 52710309888
2019-07-30 11:54:42,506 INFO  volume.VolumeSet (VolumeSet.java:initializeVolumeSet(170)) - Added Volume : /workdir/hadoop-ozone/tools/target/test-dir/MiniOzoneClusterImpl-5ce8312a-1df5-4acd-b8d5-bb5ab6b86f4a/datanode-1/data/containers/hdds to VolumeSet
2019-07-30 11:54:42,506 INFO  volume.ThrottledAsyncChecker (ThrottledAsyncChecker.java:schedule(140)) - Scheduling a check for org.apache.hadoop.ozone.container.common.volume.HddsVolume@f425231
2019-07-30 11:54:42,508 INFO  volume.HddsVolumeChecker (HddsVolumeChecker.java:checkAllVolumes(203)) - Scheduled health check for volume org.apache.hadoop.ozone.container.common.volume.HddsVolume@f425231
2019-07-30 11:54:42,532 INFO  impl.RaftServerProxy (ConfUtils.java:logGet(43)) - raft.rpc.type = GRPC (default)
2019-07-30 11:54:42,532 INFO  grpc.GrpcFactory (GrpcFactory.java:checkPooledByteBufAllocatorUseCacheForAllThreads(45)) - PERFORMANCE WARNING: useCacheForAllThreads is true that may cause Netty to create a lot garbage objects and, as a result, trigger GC.
	It is recommended to disable useCacheForAllThreads by setting -Dorg.apache.ratis.thirdparty.io.netty.allocator.useCacheForAllThreads=false in command line.
2019-07-30 11:54:42,533 INFO  grpc.GrpcConfigKeys$Server (ConfUtils.java:logGet(43)) - raft.grpc.server.port = 0 (default)
2019-07-30 11:54:42,533 INFO  server.GrpcService (ConfUtils.java:logGet(43)) - raft.grpc.message.size.max = 33570816 (custom)
2019-07-30 11:54:42,533 INFO  server.RaftServerConfigKeys (ConfUtils.java:logGet(43)) - raft.server.log.appender.buffer.byte-limit = 33554432 (custom)
2019-07-30 11:54:42,533 INFO  server.GrpcService (ConfUtils.java:logGet(43)) - raft.grpc.flow.control.window = 1MB (=1048576) (default)
2019-07-30 11:54:42,534 INFO  server.RaftServerConfigKeys (ConfUtils.java:logGet(43)) - raft.server.rpc.request.timeout = 3000ms (default)
2019-07-30 11:54:42,536 INFO  server.RaftServerConfigKeys (ConfUtils.java:logGet(43)) - raft.server.storage.dir = [/workdir/hadoop-ozone/tools/target/test-dir/MiniOzoneClusterImpl-5ce8312a-1df5-4acd-b8d5-bb5ab6b86f4a/datanode-1/data/ratis] (custom)
2019-07-30 11:54:42,538 INFO  replication.SimpleContainerDownloader (SimpleContainerDownloader.java:<init>(72)) - Starting container downloader service to copy containers to replicate.
2019-07-30 11:54:42,540 INFO  hdfs.DFSUtil (DFSUtil.java:httpServerTemplateForNNAndJN(1641)) - Starting Web-server for hddsDatanode at: http://0.0.0.0:0
2019-07-30 11:54:42,544 INFO  server.AuthenticationFilter (AuthenticationFilter.java:constructSecretProvider(240)) - Unable to initialize FileSignerSecretProvider, falling back to use random secrets.
2019-07-30 11:54:42,545 WARN  http.HttpRequestLog (HttpRequestLog.java:getRequestLog(97)) - Jetty request log can only be enabled using Log4j
2019-07-30 11:54:42,547 INFO  http.HttpServer2 (HttpServer2.java:addGlobalFilter(975)) - Added global filter 'safety' (class=org.apache.hadoop.http.HttpServer2$QuotingInputFilter)
2019-07-30 11:54:42,548 INFO  http.HttpServer2 (HttpServer2.java:addFilter(948)) - Added filter static_user_filter (class=org.apache.hadoop.http.lib.StaticUserWebFilter$StaticUserFilter) to context hddsDatanode
2019-07-30 11:54:42,548 INFO  http.HttpServer2 (HttpServer2.java:addFilter(958)) - Added filter static_user_filter (class=org.apache.hadoop.http.lib.StaticUserWebFilter$StaticUserFilter) to context static
2019-07-30 11:54:42,548 INFO  http.HttpServer2 (HttpServer2.java:addFilter(958)) - Added filter static_user_filter (class=org.apache.hadoop.http.lib.StaticUserWebFilter$StaticUserFilter) to context logs
2019-07-30 11:54:42,550 INFO  http.HttpServer2 (HttpServer2.java:bindListener(1191)) - Jetty bound to port 34249
2019-07-30 11:54:42,550 INFO  server.Server (Server.java:doStart(351)) - jetty-9.3.24.v20180605, build timestamp: 2018-06-05T17:11:56Z, git hash: 84205aa28f11a4f31f2a3b86d1bba2cc8ab69827
2019-07-30 11:54:42,552 INFO  handler.ContextHandler (ContextHandler.java:doStart(781)) - Started o.e.j.s.ServletContextHandler@345d053b{/logs,file:///workdir/hadoop-ozone/tools/target/log,AVAILABLE}
2019-07-30 11:54:42,553 INFO  handler.ContextHandler (ContextHandler.java:doStart(781)) - Started o.e.j.s.ServletContextHandler@3e8b3b79{/static,file:///workdir/hadoop-hdds/container-service/target/classes/webapps/static,AVAILABLE}
2019-07-30 11:54:42,558 INFO  handler.ContextHandler (ContextHandler.java:doStart(781)) - Started o.e.j.w.WebAppContext@1b13467c{/,file:///workdir/hadoop-hdds/container-service/target/classes/webapps/hddsDatanode/,AVAILABLE}{/hddsDatanode}
2019-07-30 11:54:42,559 INFO  server.AbstractConnector (AbstractConnector.java:doStart(278)) - Started ServerConnector@7bd96822{HTTP/1.1,[http/1.1]}{0.0.0.0:34249}
2019-07-30 11:54:42,560 INFO  server.Server (Server.java:doStart(419)) - Started @5838ms
2019-07-30 11:54:42,561 INFO  server.BaseHttpServer (BaseHttpServer.java:updateConnectorAddress(207)) - HTTP server of HDDSDATANODE is listening at http://0.0.0.0:34249
2019-07-30 11:54:42,620 INFO  datanode.InitDatanodeState (InitDatanodeState.java:persistContainerDatanodeDetails(140)) - DatanodeDetails is persisted to /workdir/hadoop-ozone/tools/target/test-dir/MiniOzoneClusterImpl-5ce8312a-1df5-4acd-b8d5-bb5ab6b86f4a/datanode-0/meta/datanode.id
2019-07-30 11:54:42,732 INFO  ozone.HddsDatanodeService (HddsDatanodeService.java:startPlugins(395)) - Started plug-in org.apache.hadoop.ozone.web.OzoneHddsDatanodeService@483b0690
2019-07-30 11:54:42,733 INFO  impl.MetricsSystemImpl (MetricsSystemImpl.java:init(158)) - HddsDatanode metrics system started (again)
2019-07-30 11:54:42,736 INFO  ozone.HddsDatanodeService (HddsDatanodeService.java:start(184)) - HddsDatanodeService host:byscane-nightly-lrdxf-1413219503 ip:192.168.69.125
2019-07-30 11:54:42,736 INFO  util.JvmPauseMonitor (JvmPauseMonitor.java:run(188)) - Starting JVM pause monitor
2019-07-30 11:54:42,746 INFO  volume.HddsVolume (HddsVolume.java:<init>(176)) - Creating Volume: /workdir/hadoop-ozone/tools/target/test-dir/MiniOzoneClusterImpl-5ce8312a-1df5-4acd-b8d5-bb5ab6b86f4a/datanode-2/data/containers/hdds of  storage type : DISK and capacity : 52710309888
2019-07-30 11:54:42,746 INFO  volume.VolumeSet (VolumeSet.java:initializeVolumeSet(170)) - Added Volume : /workdir/hadoop-ozone/tools/target/test-dir/MiniOzoneClusterImpl-5ce8312a-1df5-4acd-b8d5-bb5ab6b86f4a/datanode-2/data/containers/hdds to VolumeSet
2019-07-30 11:54:42,747 INFO  volume.ThrottledAsyncChecker (ThrottledAsyncChecker.java:schedule(140)) - Scheduling a check for org.apache.hadoop.ozone.container.common.volume.HddsVolume@cedee22
2019-07-30 11:54:42,747 INFO  volume.HddsVolumeChecker (HddsVolumeChecker.java:checkAllVolumes(203)) - Scheduled health check for volume org.apache.hadoop.ozone.container.common.volume.HddsVolume@cedee22
2019-07-30 11:54:42,747 INFO  datanode.InitDatanodeState (InitDatanodeState.java:persistContainerDatanodeDetails(140)) - DatanodeDetails is persisted to /workdir/hadoop-ozone/tools/target/test-dir/MiniOzoneClusterImpl-5ce8312a-1df5-4acd-b8d5-bb5ab6b86f4a/datanode-1/meta/datanode.id
2019-07-30 11:54:42,770 INFO  impl.RaftServerProxy (ConfUtils.java:logGet(43)) - raft.rpc.type = GRPC (default)
2019-07-30 11:54:42,770 INFO  grpc.GrpcFactory (GrpcFactory.java:checkPooledByteBufAllocatorUseCacheForAllThreads(45)) - PERFORMANCE WARNING: useCacheForAllThreads is true that may cause Netty to create a lot garbage objects and, as a result, trigger GC.
	It is recommended to disable useCacheForAllThreads by setting -Dorg.apache.ratis.thirdparty.io.netty.allocator.useCacheForAllThreads=false in command line.
2019-07-30 11:54:42,771 INFO  grpc.GrpcConfigKeys$Server (ConfUtils.java:logGet(43)) - raft.grpc.server.port = 0 (default)
2019-07-30 11:54:42,771 INFO  server.GrpcService (ConfUtils.java:logGet(43)) - raft.grpc.message.size.max = 33570816 (custom)
2019-07-30 11:54:42,771 INFO  server.RaftServerConfigKeys (ConfUtils.java:logGet(43)) - raft.server.log.appender.buffer.byte-limit = 33554432 (custom)
2019-07-30 11:54:42,772 INFO  server.GrpcService (ConfUtils.java:logGet(43)) - raft.grpc.flow.control.window = 1MB (=1048576) (default)
2019-07-30 11:54:42,772 INFO  server.RaftServerConfigKeys (ConfUtils.java:logGet(43)) - raft.server.rpc.request.timeout = 3000ms (default)
2019-07-30 11:54:42,773 INFO  server.RaftServerConfigKeys (ConfUtils.java:logGet(43)) - raft.server.storage.dir = [/workdir/hadoop-ozone/tools/target/test-dir/MiniOzoneClusterImpl-5ce8312a-1df5-4acd-b8d5-bb5ab6b86f4a/datanode-2/data/ratis] (custom)
2019-07-30 11:54:42,774 INFO  replication.SimpleContainerDownloader (SimpleContainerDownloader.java:<init>(72)) - Starting container downloader service to copy containers to replicate.
2019-07-30 11:54:42,776 INFO  hdfs.DFSUtil (DFSUtil.java:httpServerTemplateForNNAndJN(1641)) - Starting Web-server for hddsDatanode at: http://0.0.0.0:0
2019-07-30 11:54:42,778 INFO  server.AuthenticationFilter (AuthenticationFilter.java:constructSecretProvider(240)) - Unable to initialize FileSignerSecretProvider, falling back to use random secrets.
2019-07-30 11:54:42,779 WARN  http.HttpRequestLog (HttpRequestLog.java:getRequestLog(97)) - Jetty request log can only be enabled using Log4j
2019-07-30 11:54:42,782 INFO  http.HttpServer2 (HttpServer2.java:addGlobalFilter(975)) - Added global filter 'safety' (class=org.apache.hadoop.http.HttpServer2$QuotingInputFilter)
2019-07-30 11:54:42,783 INFO  http.HttpServer2 (HttpServer2.java:addFilter(948)) - Added filter static_user_filter (class=org.apache.hadoop.http.lib.StaticUserWebFilter$StaticUserFilter) to context hddsDatanode
2019-07-30 11:54:42,783 INFO  http.HttpServer2 (HttpServer2.java:addFilter(958)) - Added filter static_user_filter (class=org.apache.hadoop.http.lib.StaticUserWebFilter$StaticUserFilter) to context static
2019-07-30 11:54:42,784 INFO  http.HttpServer2 (HttpServer2.java:addFilter(958)) - Added filter static_user_filter (class=org.apache.hadoop.http.lib.StaticUserWebFilter$StaticUserFilter) to context logs
2019-07-30 11:54:42,785 INFO  http.HttpServer2 (HttpServer2.java:bindListener(1191)) - Jetty bound to port 34739
2019-07-30 11:54:42,785 INFO  server.Server (Server.java:doStart(351)) - jetty-9.3.24.v20180605, build timestamp: 2018-06-05T17:11:56Z, git hash: 84205aa28f11a4f31f2a3b86d1bba2cc8ab69827
2019-07-30 11:54:42,790 INFO  handler.ContextHandler (ContextHandler.java:doStart(781)) - Started o.e.j.s.ServletContextHandler@4887de2b{/logs,file:///workdir/hadoop-ozone/tools/target/log,AVAILABLE}
2019-07-30 11:54:42,791 INFO  handler.ContextHandler (ContextHandler.java:doStart(781)) - Started o.e.j.s.ServletContextHandler@40ac6b76{/static,file:///workdir/hadoop-hdds/container-service/target/classes/webapps/static,AVAILABLE}
2019-07-30 11:54:42,799 INFO  handler.ContextHandler (ContextHandler.java:doStart(781)) - Started o.e.j.w.WebAppContext@13e5d243{/,file:///workdir/hadoop-hdds/container-service/target/classes/webapps/hddsDatanode/,AVAILABLE}{/hddsDatanode}
2019-07-30 11:54:42,800 INFO  server.AbstractConnector (AbstractConnector.java:doStart(278)) - Started ServerConnector@35ef439e{HTTP/1.1,[http/1.1]}{0.0.0.0:34739}
2019-07-30 11:54:42,802 INFO  server.Server (Server.java:doStart(419)) - Started @6079ms
2019-07-30 11:54:42,803 INFO  server.BaseHttpServer (BaseHttpServer.java:updateConnectorAddress(207)) - HTTP server of HDDSDATANODE is listening at http://0.0.0.0:34739
2019-07-30 11:54:42,961 INFO  ozone.HddsDatanodeService (HddsDatanodeService.java:startPlugins(395)) - Started plug-in org.apache.hadoop.ozone.web.OzoneHddsDatanodeService@9f86dc3
2019-07-30 11:54:42,963 INFO  ozone.MiniOzoneClusterImpl (MiniOzoneClusterImpl.java:lambda$waitForClusterToBeReady$0(142)) - Waiting for cluster to be ready. Got 0 of 3 DN Heartbeats.
2019-07-30 11:54:42,965 INFO  util.JvmPauseMonitor (JvmPauseMonitor.java:run(188)) - Starting JVM pause monitor
2019-07-30 11:54:42,969 INFO  datanode.InitDatanodeState (InitDatanodeState.java:persistContainerDatanodeDetails(140)) - DatanodeDetails is persisted to /workdir/hadoop-ozone/tools/target/test-dir/MiniOzoneClusterImpl-5ce8312a-1df5-4acd-b8d5-bb5ab6b86f4a/datanode-2/meta/datanode.id
2019-07-30 11:54:43,963 INFO  ozone.MiniOzoneClusterImpl (MiniOzoneClusterImpl.java:lambda$waitForClusterToBeReady$0(142)) - Waiting for cluster to be ready. Got 0 of 3 DN Heartbeats.
2019-07-30 11:54:44,553 INFO  ozoneimpl.OzoneContainer (OzoneContainer.java:start(186)) - Attempting to start container services.
2019-07-30 11:54:44,555 INFO  ozoneimpl.OzoneContainer (OzoneContainer.java:startContainerScrub(160)) - Background container scrubber has been disabled by hdds.containerscrub.enabled
2019-07-30 11:54:44,555 INFO  ratis.XceiverServerRatis (XceiverServerRatis.java:start(404)) - Starting XceiverServerRatis 6f9795b6-21d7-4f32-b8cb-29e6d82d3aef at port 0
2019-07-30 11:54:44,585 INFO  impl.RaftServerProxy (RaftServerProxy.java:lambda$start$3(299)) - 6f9795b6-21d7-4f32-b8cb-29e6d82d3aef: start RPC server
2019-07-30 11:54:44,717 INFO  server.GrpcService (GrpcService.java:startImpl(149)) - 6f9795b6-21d7-4f32-b8cb-29e6d82d3aef: GrpcService started, listening on 0.0.0.0/0.0.0.0:41596
2019-07-30 11:54:44,718 INFO  ratis.XceiverServerRatis (XceiverServerRatis.java:start(414)) - XceiverServerRatis 6f9795b6-21d7-4f32-b8cb-29e6d82d3aef is started using port 41596
2019-07-30 11:54:44,720 INFO  server.XceiverServerGrpc (XceiverServerGrpc.java:start(161)) - XceiverServerGrpc 6f9795b6-21d7-4f32-b8cb-29e6d82d3aef is started using port 34872
2019-07-30 11:54:44,753 INFO  ozoneimpl.OzoneContainer (OzoneContainer.java:start(186)) - Attempting to start container services.
2019-07-30 11:54:44,756 INFO  ozoneimpl.OzoneContainer (OzoneContainer.java:startContainerScrub(160)) - Background container scrubber has been disabled by hdds.containerscrub.enabled
2019-07-30 11:54:44,756 INFO  ratis.XceiverServerRatis (XceiverServerRatis.java:start(404)) - Starting XceiverServerRatis 6ab1e59a-4ef6-4c1c-b00f-c378339fb8d6 at port 0
2019-07-30 11:54:44,770 INFO  impl.RaftServerProxy (RaftServerProxy.java:lambda$start$3(299)) - 6ab1e59a-4ef6-4c1c-b00f-c378339fb8d6: start RPC server
2019-07-30 11:54:44,774 INFO  server.GrpcService (GrpcService.java:startImpl(149)) - 6ab1e59a-4ef6-4c1c-b00f-c378339fb8d6: GrpcService started, listening on 0.0.0.0/0.0.0.0:37780
2019-07-30 11:54:44,774 INFO  ratis.XceiverServerRatis (XceiverServerRatis.java:start(414)) - XceiverServerRatis 6ab1e59a-4ef6-4c1c-b00f-c378339fb8d6 is started using port 37780
2019-07-30 11:54:44,777 INFO  server.XceiverServerGrpc (XceiverServerGrpc.java:start(161)) - XceiverServerGrpc 6ab1e59a-4ef6-4c1c-b00f-c378339fb8d6 is started using port 45760
2019-07-30 11:54:44,964 INFO  ozone.MiniOzoneClusterImpl (MiniOzoneClusterImpl.java:lambda$waitForClusterToBeReady$0(142)) - Waiting for cluster to be ready. Got 0 of 3 DN Heartbeats.
2019-07-30 11:54:44,982 INFO  ozoneimpl.OzoneContainer (OzoneContainer.java:start(186)) - Attempting to start container services.
2019-07-30 11:54:44,984 INFO  ozoneimpl.OzoneContainer (OzoneContainer.java:startContainerScrub(160)) - Background container scrubber has been disabled by hdds.containerscrub.enabled
2019-07-30 11:54:44,985 INFO  ratis.XceiverServerRatis (XceiverServerRatis.java:start(404)) - Starting XceiverServerRatis 29f7c5b0-38c0-4ce1-a6ce-82e2da63c783 at port 0
2019-07-30 11:54:45,042 INFO  impl.RaftServerProxy (RaftServerProxy.java:lambda$start$3(299)) - 29f7c5b0-38c0-4ce1-a6ce-82e2da63c783: start RPC server
2019-07-30 11:54:45,050 INFO  server.GrpcService (GrpcService.java:startImpl(149)) - 29f7c5b0-38c0-4ce1-a6ce-82e2da63c783: GrpcService started, listening on 0.0.0.0/0.0.0.0:41868
2019-07-30 11:54:45,050 INFO  ratis.XceiverServerRatis (XceiverServerRatis.java:start(414)) - XceiverServerRatis 29f7c5b0-38c0-4ce1-a6ce-82e2da63c783 is started using port 41868
2019-07-30 11:54:45,053 INFO  server.XceiverServerGrpc (XceiverServerGrpc.java:start(161)) - XceiverServerGrpc 29f7c5b0-38c0-4ce1-a6ce-82e2da63c783 is started using port 35225
2019-07-30 11:54:45,965 INFO  ozone.MiniOzoneClusterImpl (MiniOzoneClusterImpl.java:lambda$waitForClusterToBeReady$0(142)) - Waiting for cluster to be ready. Got 0 of 3 DN Heartbeats.
2019-07-30 11:54:46,533 INFO  net.NetworkTopology (NetworkTopologyImpl.java:add(110)) - Added a new node: /default-rack/6f9795b6-21d7-4f32-b8cb-29e6d82d3aef
2019-07-30 11:54:46,535 INFO  node.SCMNodeManager (SCMNodeManager.java:register(273)) - Registered Data node : 6f9795b6-21d7-4f32-b8cb-29e6d82d3aef{ip: 192.168.69.125, host: byscane-nightly-lrdxf-1413219503, networkLocation: /default-rack, certSerialId: null}
2019-07-30 11:54:46,539 INFO  safemode.SCMSafeModeManager (DataNodeSafeModeRule.java:process(71)) - SCM in safe mode. 1 DataNodes registered, 1 required.
2019-07-30 11:54:46,540 INFO  safemode.SCMSafeModeManager (SCMSafeModeManager.java:validateSafeModeExitRules(177)) - ScmSafeModeManager, all rules are successfully validated
2019-07-30 11:54:46,540 INFO  safemode.SCMSafeModeManager (SCMSafeModeManager.java:exitSafeMode(193)) - SCM exiting safe mode.
2019-07-30 11:54:46,741 INFO  net.NetworkTopology (NetworkTopologyImpl.java:add(110)) - Added a new node: /default-rack/6ab1e59a-4ef6-4c1c-b00f-c378339fb8d6
2019-07-30 11:54:46,741 INFO  node.SCMNodeManager (SCMNodeManager.java:register(273)) - Registered Data node : 6ab1e59a-4ef6-4c1c-b00f-c378339fb8d6{ip: 192.168.69.125, host: byscane-nightly-lrdxf-1413219503, networkLocation: /default-rack, certSerialId: null}
2019-07-30 11:54:46,965 INFO  ozone.MiniOzoneClusterImpl (MiniOzoneClusterImpl.java:lambda$waitForClusterToBeReady$0(142)) - Waiting for cluster to be ready. Got 2 of 3 DN Heartbeats.
2019-07-30 11:54:46,969 INFO  net.NetworkTopology (NetworkTopologyImpl.java:add(110)) - Added a new node: /default-rack/29f7c5b0-38c0-4ce1-a6ce-82e2da63c783
2019-07-30 11:54:46,969 INFO  node.SCMNodeManager (SCMNodeManager.java:register(273)) - Registered Data node : 29f7c5b0-38c0-4ce1-a6ce-82e2da63c783{ip: 192.168.69.125, host: byscane-nightly-lrdxf-1413219503, networkLocation: /default-rack, certSerialId: null}
2019-07-30 11:54:47,135 INFO  impl.RaftServerProxy (RaftServerProxy.java:addNew(89)) - 6f9795b6-21d7-4f32-b8cb-29e6d82d3aef: addNew group-D6F642EF6730:[6f9795b6-21d7-4f32-b8cb-29e6d82d3aef:192.168.69.125:41596] returns group-D6F642EF6730:java.util.concurrent.CompletableFuture@1d47406d[Not completed]
2019-07-30 11:54:47,161 INFO  impl.RaftServerImpl (RaftServerImpl.java:<init>(93)) - 6f9795b6-21d7-4f32-b8cb-29e6d82d3aef: new RaftServerImpl for group-D6F642EF6730:[6f9795b6-21d7-4f32-b8cb-29e6d82d3aef:192.168.69.125:41596] with ContainerStateMachine:uninitialized
2019-07-30 11:54:47,164 INFO  server.RaftServerConfigKeys (ConfUtils.java:logGet(43)) - raft.server.rpc.timeout.min = 5s (custom)
2019-07-30 11:54:47,166 INFO  server.RaftServerConfigKeys (ConfUtils.java:logGet(43)) - raft.server.rpc.timeout.max = 5200ms (custom)
2019-07-30 11:54:47,166 INFO  server.RaftServerConfigKeys (ConfUtils.java:logGet(43)) - raft.server.rpcslowness.timeout = 120s (custom)
2019-07-30 11:54:47,167 INFO  server.RaftServerConfigKeys (ConfUtils.java:logGet(43)) - raft.server.sleep.deviation.threshold = 300 (default)
2019-07-30 11:54:47,168 INFO  server.RaftServerConfigKeys (ConfUtils.java:logGet(43)) - raft.server.log.appender.install.snapshot.enabled = false (custom)
2019-07-30 11:54:47,178 INFO  impl.RaftServerImpl (ServerState.java:<init>(105)) - 6f9795b6-21d7-4f32-b8cb-29e6d82d3aef:group-D6F642EF6730 ConfigurationManager, init=-1: [6f9795b6-21d7-4f32-b8cb-29e6d82d3aef:192.168.69.125:41596], old=null, confs=<EMPTY_MAP>
2019-07-30 11:54:47,179 INFO  server.RaftServerConfigKeys (ConfUtils.java:logGet(43)) - raft.server.storage.dir = [/workdir/hadoop-ozone/tools/target/test-dir/MiniOzoneClusterImpl-5ce8312a-1df5-4acd-b8d5-bb5ab6b86f4a/datanode-0/data/ratis] (custom)
2019-07-30 11:54:47,189 INFO  storage.RaftStorageDirectory (RaftStorageDirectory.java:analyzeStorage(246)) - The storage directory /workdir/hadoop-ozone/tools/target/test-dir/MiniOzoneClusterImpl-5ce8312a-1df5-4acd-b8d5-bb5ab6b86f4a/datanode-0/data/ratis/3b943e9e-1767-4d93-840d-d6f642ef6730 does not exist. Creating ...
2019-07-30 11:54:47,206 INFO  storage.RaftStorageDirectory (RaftStorageDirectory.java:tryLock(328)) - Lock on /workdir/hadoop-ozone/tools/target/test-dir/MiniOzoneClusterImpl-5ce8312a-1df5-4acd-b8d5-bb5ab6b86f4a/datanode-0/data/ratis/3b943e9e-1767-4d93-840d-d6f642ef6730/in_use.lock acquired by nodename 22618@byscane-nightly-lrdxf-1413219503
2019-07-30 11:54:47,222 INFO  storage.RaftStorage (RaftStorage.java:format(72)) - Storage directory /workdir/hadoop-ozone/tools/target/test-dir/MiniOzoneClusterImpl-5ce8312a-1df5-4acd-b8d5-bb5ab6b86f4a/datanode-0/data/ratis/3b943e9e-1767-4d93-840d-d6f642ef6730 has been successfully formatted.
2019-07-30 11:54:47,225 INFO  ratis.ContainerStateMachine (ContainerStateMachine.java:loadSnapshot(213)) - group-D6F642EF6730: The snapshot info is null. Setting the last applied indexto:(t:0, i:~)
2019-07-30 11:54:47,225 INFO  server.RaftServerConfigKeys (ConfUtils.java:logGet(43)) - raft.server.leader.election.timeout = 120s (custom)
2019-07-30 11:54:47,228 INFO  server.RaftServerConfigKeys (ConfUtils.java:logGet(43)) - raft.server.log.use.memory = false (default)
2019-07-30 11:54:47,234 INFO  server.RaftServerConfigKeys (ConfUtils.java:logGet(43)) - raft.server.log.purge.gap = 1000000000 (custom)
2019-07-30 11:54:47,234 INFO  server.RaftServerConfigKeys (ConfUtils.java:logGet(43)) - raft.server.log.appender.buffer.byte-limit = 33554432 (custom)
2019-07-30 11:54:47,236 INFO  server.RaftServerConfigKeys (ConfUtils.java:logGet(43)) - raft.server.log.segment.size.max = 1048576 (custom)
2019-07-30 11:54:47,241 INFO  server.RaftServerConfigKeys (ConfUtils.java:logGet(43)) - raft.server.log.segment.cache.num.max = 2 (custom)
2019-07-30 11:54:47,246 INFO  segmented.SegmentedRaftLogWorker (SegmentedRaftLogWorker.java:<init>(172)) - new 6f9795b6-21d7-4f32-b8cb-29e6d82d3aef-SegmentedRaftLogWorker:Storage Directory /workdir/hadoop-ozone/tools/target/test-dir/MiniOzoneClusterImpl-5ce8312a-1df5-4acd-b8d5-bb5ab6b86f4a/datanode-0/data/ratis/3b943e9e-1767-4d93-840d-d6f642ef6730 for RaftStorage:Storage Directory /workdir/hadoop-ozone/tools/target/test-dir/MiniOzoneClusterImpl-5ce8312a-1df5-4acd-b8d5-bb5ab6b86f4a/datanode-0/data/ratis/3b943e9e-1767-4d93-840d-d6f642ef6730
2019-07-30 11:54:47,260 INFO  server.RaftServerConfigKeys (ConfUtils.java:logGet(43)) - raft.server.log.queue.byte-limit = 2147483647 (custom)
2019-07-30 11:54:47,261 INFO  server.RaftServerConfigKeys (ConfUtils.java:logGet(43)) - raft.server.log.queue.element-limit = 1024 (custom)
2019-07-30 11:54:47,266 INFO  server.RaftServerConfigKeys (ConfUtils.java:logGet(43)) - raft.server.log.segment.size.max = 1048576 (custom)
2019-07-30 11:54:47,266 INFO  server.RaftServerConfigKeys (ConfUtils.java:logGet(43)) - raft.server.log.preallocated.size = 16384 (custom)
2019-07-30 11:54:47,267 INFO  server.RaftServerConfigKeys (ConfUtils.java:logGet(43)) - raft.server.log.write.buffer.size = 33554432 (custom)
2019-07-30 11:54:47,267 INFO  server.RaftServerConfigKeys (ConfUtils.java:logGet(43)) - raft.server.log.force.sync.num = 128 (default)
2019-07-30 11:54:47,268 INFO  server.RaftServerConfigKeys (ConfUtils.java:logGet(43)) - raft.server.log.statemachine.data.sync = true (default)
2019-07-30 11:54:47,268 INFO  server.RaftServerConfigKeys (ConfUtils.java:logGet(43)) - raft.server.log.statemachine.data.sync.timeout = 10s (default)
2019-07-30 11:54:47,269 INFO  server.RaftServerConfigKeys (ConfUtils.java:logGet(43)) - raft.server.log.statemachine.data.sync.timeout.retry = -1 (default)
2019-07-30 11:54:47,280 INFO  server.RaftServerConfigKeys (ConfUtils.java:logGet(43)) - raft.server.log.statemachine.data.caching.enabled = true (custom)
2019-07-30 11:54:47,284 INFO  segmented.SegmentedRaftLogWorker (SegmentedRaftLogWorker.java:lambda$new$0(132)) - 6f9795b6-21d7-4f32-b8cb-29e6d82d3aef-SegmentedRaftLogWorker:Storage Directory /workdir/hadoop-ozone/tools/target/test-dir/MiniOzoneClusterImpl-5ce8312a-1df5-4acd-b8d5-bb5ab6b86f4a/datanode-0/data/ratis/3b943e9e-1767-4d93-840d-d6f642ef6730: flushIndex: setUnconditionally 0 -> -1
2019-07-30 11:54:47,288 INFO  server.RaftServerConfigKeys (ConfUtils.java:logGet(43)) - raft.server.snapshot.auto.trigger.enabled = true (custom)
2019-07-30 11:54:47,289 INFO  server.RaftServerConfigKeys (ConfUtils.java:logGet(43)) - raft.server.snapshot.auto.trigger.threshold = 10000 (custom)
2019-07-30 11:54:47,289 INFO  server.RaftServerConfigKeys (ConfUtils.java:logGet(43)) - raft.server.retrycache.expirytime = 600000ms (custom)
2019-07-30 11:54:47,601 INFO  impl.RaftServerImpl (RaftServerImpl.java:start(180)) - 6f9795b6-21d7-4f32-b8cb-29e6d82d3aef: start group-D6F642EF6730
2019-07-30 11:54:47,602 INFO  impl.RaftServerImpl (RaftServerImpl.java:setRole(171)) - 6f9795b6-21d7-4f32-b8cb-29e6d82d3aef:group-D6F642EF6730 changes role from null to FOLLOWER at term 0 for startAsFollower
2019-07-30 11:54:47,603 INFO  impl.RoleInfo (RoleInfo.java:updateAndGet(143)) - 6f9795b6-21d7-4f32-b8cb-29e6d82d3aef: start FollowerState
2019-07-30 11:54:47,605 INFO  util.JmxRegister (JmxRegister.java:tryRegister(44)) - Successfully registered JMX Bean with object name Ratis:service=RaftServer,group=group-D6F642EF6730,id=6f9795b6-21d7-4f32-b8cb-29e6d82d3aef
2019-07-30 11:54:47,668 INFO  pipeline.PipelineStateManager (PipelineStateManager.java:addPipeline(56)) - Created pipeline Pipeline[ Id: 3b943e9e-1767-4d93-840d-d6f642ef6730, Nodes: 6f9795b6-21d7-4f32-b8cb-29e6d82d3aef{ip: 192.168.69.125, host: byscane-nightly-lrdxf-1413219503, networkLocation: /default-rack, certSerialId: null}, Type:RATIS, Factor:ONE, State:OPEN]
2019-07-30 11:54:47,694 INFO  impl.RaftServerProxy (RaftServerProxy.java:addNew(89)) - 29f7c5b0-38c0-4ce1-a6ce-82e2da63c783: addNew group-272A2ED44F50:[29f7c5b0-38c0-4ce1-a6ce-82e2da63c783:192.168.69.125:41868] returns group-272A2ED44F50:java.util.concurrent.CompletableFuture@3d0a3db9[Not completed]
2019-07-30 11:54:47,725 INFO  impl.RaftServerImpl (RaftServerImpl.java:<init>(93)) - 29f7c5b0-38c0-4ce1-a6ce-82e2da63c783: new RaftServerImpl for group-272A2ED44F50:[29f7c5b0-38c0-4ce1-a6ce-82e2da63c783:192.168.69.125:41868] with ContainerStateMachine:uninitialized
2019-07-30 11:54:47,727 INFO  server.RaftServerConfigKeys (ConfUtils.java:logGet(43)) - raft.server.rpc.timeout.min = 5s (custom)
2019-07-30 11:54:47,727 INFO  server.RaftServerConfigKeys (ConfUtils.java:logGet(43)) - raft.server.rpc.timeout.max = 5200ms (custom)
2019-07-30 11:54:47,728 INFO  server.RaftServerConfigKeys (ConfUtils.java:logGet(43)) - raft.server.rpcslowness.timeout = 120s (custom)
2019-07-30 11:54:47,728 INFO  server.RaftServerConfigKeys (ConfUtils.java:logGet(43)) - raft.server.sleep.deviation.threshold = 300 (default)
2019-07-30 11:54:47,728 INFO  server.RaftServerConfigKeys (ConfUtils.java:logGet(43)) - raft.server.log.appender.install.snapshot.enabled = false (custom)
2019-07-30 11:54:47,728 INFO  impl.RaftServerImpl (ServerState.java:<init>(105)) - 29f7c5b0-38c0-4ce1-a6ce-82e2da63c783:group-272A2ED44F50 ConfigurationManager, init=-1: [29f7c5b0-38c0-4ce1-a6ce-82e2da63c783:192.168.69.125:41868], old=null, confs=<EMPTY_MAP>
2019-07-30 11:54:47,728 INFO  server.RaftServerConfigKeys (ConfUtils.java:logGet(43)) - raft.server.storage.dir = [/workdir/hadoop-ozone/tools/target/test-dir/MiniOzoneClusterImpl-5ce8312a-1df5-4acd-b8d5-bb5ab6b86f4a/datanode-2/data/ratis] (custom)
2019-07-30 11:54:47,729 INFO  storage.RaftStorageDirectory (RaftStorageDirectory.java:analyzeStorage(246)) - The storage directory /workdir/hadoop-ozone/tools/target/test-dir/MiniOzoneClusterImpl-5ce8312a-1df5-4acd-b8d5-bb5ab6b86f4a/datanode-2/data/ratis/1c2c591c-2db0-44a8-8e95-272a2ed44f50 does not exist. Creating ...
2019-07-30 11:54:47,743 INFO  storage.RaftStorageDirectory (RaftStorageDirectory.java:tryLock(328)) - Lock on /workdir/hadoop-ozone/tools/target/test-dir/MiniOzoneClusterImpl-5ce8312a-1df5-4acd-b8d5-bb5ab6b86f4a/datanode-2/data/ratis/1c2c591c-2db0-44a8-8e95-272a2ed44f50/in_use.lock acquired by nodename 22618@byscane-nightly-lrdxf-1413219503
2019-07-30 11:54:47,757 INFO  storage.RaftStorage (RaftStorage.java:format(72)) - Storage directory /workdir/hadoop-ozone/tools/target/test-dir/MiniOzoneClusterImpl-5ce8312a-1df5-4acd-b8d5-bb5ab6b86f4a/datanode-2/data/ratis/1c2c591c-2db0-44a8-8e95-272a2ed44f50 has been successfully formatted.
2019-07-30 11:54:47,758 INFO  ratis.ContainerStateMachine (ContainerStateMachine.java:loadSnapshot(213)) - group-272A2ED44F50: The snapshot info is null. Setting the last applied indexto:(t:0, i:~)
2019-07-30 11:54:47,759 INFO  server.RaftServerConfigKeys (ConfUtils.java:logGet(43)) - raft.server.leader.election.timeout = 120s (custom)
2019-07-30 11:54:47,759 INFO  server.RaftServerConfigKeys (ConfUtils.java:logGet(43)) - raft.server.log.use.memory = false (default)
2019-07-30 11:54:47,760 INFO  server.RaftServerConfigKeys (ConfUtils.java:logGet(43)) - raft.server.log.purge.gap = 1000000000 (custom)
2019-07-30 11:54:47,760 INFO  server.RaftServerConfigKeys (ConfUtils.java:logGet(43)) - raft.server.log.appender.buffer.byte-limit = 33554432 (custom)
2019-07-30 11:54:47,760 INFO  server.RaftServerConfigKeys (ConfUtils.java:logGet(43)) - raft.server.log.segment.size.max = 1048576 (custom)
2019-07-30 11:54:47,760 INFO  server.RaftServerConfigKeys (ConfUtils.java:logGet(43)) - raft.server.log.segment.cache.num.max = 2 (custom)
2019-07-30 11:54:47,760 INFO  segmented.SegmentedRaftLogWorker (SegmentedRaftLogWorker.java:<init>(172)) - new 29f7c5b0-38c0-4ce1-a6ce-82e2da63c783-SegmentedRaftLogWorker:Storage Directory /workdir/hadoop-ozone/tools/target/test-dir/MiniOzoneClusterImpl-5ce8312a-1df5-4acd-b8d5-bb5ab6b86f4a/datanode-2/data/ratis/1c2c591c-2db0-44a8-8e95-272a2ed44f50 for RaftStorage:Storage Directory /workdir/hadoop-ozone/tools/target/test-dir/MiniOzoneClusterImpl-5ce8312a-1df5-4acd-b8d5-bb5ab6b86f4a/datanode-2/data/ratis/1c2c591c-2db0-44a8-8e95-272a2ed44f50
2019-07-30 11:54:47,761 INFO  server.RaftServerConfigKeys (ConfUtils.java:logGet(43)) - raft.server.log.queue.byte-limit = 2147483647 (custom)
2019-07-30 11:54:47,762 INFO  server.RaftServerConfigKeys (ConfUtils.java:logGet(43)) - raft.server.log.queue.element-limit = 1024 (custom)
2019-07-30 11:54:47,762 INFO  server.RaftServerConfigKeys (ConfUtils.java:logGet(43)) - raft.server.log.segment.size.max = 1048576 (custom)
2019-07-30 11:54:47,762 INFO  server.RaftServerConfigKeys (ConfUtils.java:logGet(43)) - raft.server.log.preallocated.size = 16384 (custom)
2019-07-30 11:54:47,762 INFO  server.RaftServerConfigKeys (ConfUtils.java:logGet(43)) - raft.server.log.write.buffer.size = 33554432 (custom)
2019-07-30 11:54:47,763 INFO  server.RaftServerConfigKeys (ConfUtils.java:logGet(43)) - raft.server.log.force.sync.num = 128 (default)
2019-07-30 11:54:47,763 INFO  server.RaftServerConfigKeys (ConfUtils.java:logGet(43)) - raft.server.log.statemachine.data.sync = true (default)
2019-07-30 11:54:47,763 INFO  server.RaftServerConfigKeys (ConfUtils.java:logGet(43)) - raft.server.log.statemachine.data.sync.timeout = 10s (default)
2019-07-30 11:54:47,763 INFO  server.RaftServerConfigKeys (ConfUtils.java:logGet(43)) - raft.server.log.statemachine.data.sync.timeout.retry = -1 (default)
2019-07-30 11:54:47,763 INFO  server.RaftServerConfigKeys (ConfUtils.java:logGet(43)) - raft.server.log.statemachine.data.caching.enabled = true (custom)
2019-07-30 11:54:47,764 INFO  segmented.SegmentedRaftLogWorker (SegmentedRaftLogWorker.java:lambda$new$0(132)) - 29f7c5b0-38c0-4ce1-a6ce-82e2da63c783-SegmentedRaftLogWorker:Storage Directory /workdir/hadoop-ozone/tools/target/test-dir/MiniOzoneClusterImpl-5ce8312a-1df5-4acd-b8d5-bb5ab6b86f4a/datanode-2/data/ratis/1c2c591c-2db0-44a8-8e95-272a2ed44f50: flushIndex: setUnconditionally 0 -> -1
2019-07-30 11:54:47,764 INFO  server.RaftServerConfigKeys (ConfUtils.java:logGet(43)) - raft.server.snapshot.auto.trigger.enabled = true (custom)
2019-07-30 11:54:47,764 INFO  server.RaftServerConfigKeys (ConfUtils.java:logGet(43)) - raft.server.snapshot.auto.trigger.threshold = 10000 (custom)
2019-07-30 11:54:47,765 INFO  server.RaftServerConfigKeys (ConfUtils.java:logGet(43)) - raft.server.retrycache.expirytime = 600000ms (custom)
2019-07-30 11:54:47,765 INFO  impl.RaftServerImpl (RaftServerImpl.java:start(180)) - 29f7c5b0-38c0-4ce1-a6ce-82e2da63c783: start group-272A2ED44F50
2019-07-30 11:54:47,765 INFO  impl.RaftServerImpl (RaftServerImpl.java:setRole(171)) - 29f7c5b0-38c0-4ce1-a6ce-82e2da63c783:group-272A2ED44F50 changes role from null to FOLLOWER at term 0 for startAsFollower
2019-07-30 11:54:47,765 INFO  impl.RoleInfo (RoleInfo.java:updateAndGet(143)) - 29f7c5b0-38c0-4ce1-a6ce-82e2da63c783: start FollowerState
2019-07-30 11:54:47,766 INFO  util.JmxRegister (JmxRegister.java:tryRegister(44)) - Successfully registered JMX Bean with object name Ratis:service=RaftServer,group=group-272A2ED44F50,id=29f7c5b0-38c0-4ce1-a6ce-82e2da63c783
2019-07-30 11:54:47,785 INFO  pipeline.PipelineStateManager (PipelineStateManager.java:addPipeline(56)) - Created pipeline Pipeline[ Id: 1c2c591c-2db0-44a8-8e95-272a2ed44f50, Nodes: 29f7c5b0-38c0-4ce1-a6ce-82e2da63c783{ip: 192.168.69.125, host: byscane-nightly-lrdxf-1413219503, networkLocation: /default-rack, certSerialId: null}, Type:RATIS, Factor:ONE, State:OPEN]
2019-07-30 11:54:47,808 INFO  impl.RaftServerProxy (RaftServerProxy.java:addNew(89)) - 6ab1e59a-4ef6-4c1c-b00f-c378339fb8d6: addNew group-DFC6E592EAC1:[6ab1e59a-4ef6-4c1c-b00f-c378339fb8d6:192.168.69.125:37780] returns group-DFC6E592EAC1:java.util.concurrent.CompletableFuture@2cfc378b[Not completed]
2019-07-30 11:54:47,816 INFO  impl.RaftServerImpl (RaftServerImpl.java:<init>(93)) - 6ab1e59a-4ef6-4c1c-b00f-c378339fb8d6: new RaftServerImpl for group-DFC6E592EAC1:[6ab1e59a-4ef6-4c1c-b00f-c378339fb8d6:192.168.69.125:37780] with ContainerStateMachine:uninitialized
2019-07-30 11:54:47,817 INFO  server.RaftServerConfigKeys (ConfUtils.java:logGet(43)) - raft.server.rpc.timeout.min = 5s (custom)
2019-07-30 11:54:47,817 INFO  server.RaftServerConfigKeys (ConfUtils.java:logGet(43)) - raft.server.rpc.timeout.max = 5200ms (custom)
2019-07-30 11:54:47,817 INFO  server.RaftServerConfigKeys (ConfUtils.java:logGet(43)) - raft.server.rpcslowness.timeout = 120s (custom)
2019-07-30 11:54:47,817 INFO  server.RaftServerConfigKeys (ConfUtils.java:logGet(43)) - raft.server.sleep.deviation.threshold = 300 (default)
2019-07-30 11:54:47,818 INFO  server.RaftServerConfigKeys (ConfUtils.java:logGet(43)) - raft.server.log.appender.install.snapshot.enabled = false (custom)
2019-07-30 11:54:47,818 INFO  impl.RaftServerImpl (ServerState.java:<init>(105)) - 6ab1e59a-4ef6-4c1c-b00f-c378339fb8d6:group-DFC6E592EAC1 ConfigurationManager, init=-1: [6ab1e59a-4ef6-4c1c-b00f-c378339fb8d6:192.168.69.125:37780], old=null, confs=<EMPTY_MAP>
2019-07-30 11:54:47,818 INFO  server.RaftServerConfigKeys (ConfUtils.java:logGet(43)) - raft.server.storage.dir = [/workdir/hadoop-ozone/tools/target/test-dir/MiniOzoneClusterImpl-5ce8312a-1df5-4acd-b8d5-bb5ab6b86f4a/datanode-1/data/ratis] (custom)
2019-07-30 11:54:47,819 INFO  storage.RaftStorageDirectory (RaftStorageDirectory.java:analyzeStorage(246)) - The storage directory /workdir/hadoop-ozone/tools/target/test-dir/MiniOzoneClusterImpl-5ce8312a-1df5-4acd-b8d5-bb5ab6b86f4a/datanode-1/data/ratis/59ff5c1b-2491-47b2-93be-dfc6e592eac1 does not exist. Creating ...
2019-07-30 11:54:47,826 INFO  storage.RaftStorageDirectory (RaftStorageDirectory.java:tryLock(328)) - Lock on /workdir/hadoop-ozone/tools/target/test-dir/MiniOzoneClusterImpl-5ce8312a-1df5-4acd-b8d5-bb5ab6b86f4a/datanode-1/data/ratis/59ff5c1b-2491-47b2-93be-dfc6e592eac1/in_use.lock acquired by nodename 22618@byscane-nightly-lrdxf-1413219503
2019-07-30 11:54:47,839 INFO  storage.RaftStorage (RaftStorage.java:format(72)) - Storage directory /workdir/hadoop-ozone/tools/target/test-dir/MiniOzoneClusterImpl-5ce8312a-1df5-4acd-b8d5-bb5ab6b86f4a/datanode-1/data/ratis/59ff5c1b-2491-47b2-93be-dfc6e592eac1 has been successfully formatted.
2019-07-30 11:54:47,840 INFO  ratis.ContainerStateMachine (ContainerStateMachine.java:loadSnapshot(213)) - group-DFC6E592EAC1: The snapshot info is null. Setting the last applied indexto:(t:0, i:~)
2019-07-30 11:54:47,840 INFO  server.RaftServerConfigKeys (ConfUtils.java:logGet(43)) - raft.server.leader.election.timeout = 120s (custom)
2019-07-30 11:54:47,840 INFO  server.RaftServerConfigKeys (ConfUtils.java:logGet(43)) - raft.server.log.use.memory = false (default)
2019-07-30 11:54:47,840 INFO  server.RaftServerConfigKeys (ConfUtils.java:logGet(43)) - raft.server.log.purge.gap = 1000000000 (custom)
2019-07-30 11:54:47,841 INFO  server.RaftServerConfigKeys (ConfUtils.java:logGet(43)) - raft.server.log.appender.buffer.byte-limit = 33554432 (custom)
2019-07-30 11:54:47,841 INFO  server.RaftServerConfigKeys (ConfUtils.java:logGet(43)) - raft.server.log.segment.size.max = 1048576 (custom)
2019-07-30 11:54:47,841 INFO  server.RaftServerConfigKeys (ConfUtils.java:logGet(43)) - raft.server.log.segment.cache.num.max = 2 (custom)
2019-07-30 11:54:47,841 INFO  segmented.SegmentedRaftLogWorker (SegmentedRaftLogWorker.java:<init>(172)) - new 6ab1e59a-4ef6-4c1c-b00f-c378339fb8d6-SegmentedRaftLogWorker:Storage Directory /workdir/hadoop-ozone/tools/target/test-dir/MiniOzoneClusterImpl-5ce8312a-1df5-4acd-b8d5-bb5ab6b86f4a/datanode-1/data/ratis/59ff5c1b-2491-47b2-93be-dfc6e592eac1 for RaftStorage:Storage Directory /workdir/hadoop-ozone/tools/target/test-dir/MiniOzoneClusterImpl-5ce8312a-1df5-4acd-b8d5-bb5ab6b86f4a/datanode-1/data/ratis/59ff5c1b-2491-47b2-93be-dfc6e592eac1
2019-07-30 11:54:47,842 INFO  server.RaftServerConfigKeys (ConfUtils.java:logGet(43)) - raft.server.log.queue.byte-limit = 2147483647 (custom)
2019-07-30 11:54:47,842 INFO  server.RaftServerConfigKeys (ConfUtils.java:logGet(43)) - raft.server.log.queue.element-limit = 1024 (custom)
2019-07-30 11:54:47,842 INFO  server.RaftServerConfigKeys (ConfUtils.java:logGet(43)) - raft.server.log.segment.size.max = 1048576 (custom)
2019-07-30 11:54:47,843 INFO  server.RaftServerConfigKeys (ConfUtils.java:logGet(43)) - raft.server.log.preallocated.size = 16384 (custom)
2019-07-30 11:54:47,843 INFO  server.RaftServerConfigKeys (ConfUtils.java:logGet(43)) - raft.server.log.write.buffer.size = 33554432 (custom)
2019-07-30 11:54:47,843 INFO  server.RaftServerConfigKeys (ConfUtils.java:logGet(43)) - raft.server.log.force.sync.num = 128 (default)
2019-07-30 11:54:47,843 INFO  server.RaftServerConfigKeys (ConfUtils.java:logGet(43)) - raft.server.log.statemachine.data.sync = true (default)
2019-07-30 11:54:47,843 INFO  server.RaftServerConfigKeys (ConfUtils.java:logGet(43)) - raft.server.log.statemachine.data.sync.timeout = 10s (default)
2019-07-30 11:54:47,844 INFO  server.RaftServerConfigKeys (ConfUtils.java:logGet(43)) - raft.server.log.statemachine.data.sync.timeout.retry = -1 (default)
2019-07-30 11:54:47,844 INFO  server.RaftServerConfigKeys (ConfUtils.java:logGet(43)) - raft.server.log.statemachine.data.caching.enabled = true (custom)
2019-07-30 11:54:47,845 INFO  segmented.SegmentedRaftLogWorker (SegmentedRaftLogWorker.java:lambda$new$0(132)) - 6ab1e59a-4ef6-4c1c-b00f-c378339fb8d6-SegmentedRaftLogWorker:Storage Directory /workdir/hadoop-ozone/tools/target/test-dir/MiniOzoneClusterImpl-5ce8312a-1df5-4acd-b8d5-bb5ab6b86f4a/datanode-1/data/ratis/59ff5c1b-2491-47b2-93be-dfc6e592eac1: flushIndex: setUnconditionally 0 -> -1
2019-07-30 11:54:47,845 INFO  server.RaftServerConfigKeys (ConfUtils.java:logGet(43)) - raft.server.snapshot.auto.trigger.enabled = true (custom)
2019-07-30 11:54:47,845 INFO  server.RaftServerConfigKeys (ConfUtils.java:logGet(43)) - raft.server.snapshot.auto.trigger.threshold = 10000 (custom)
2019-07-30 11:54:47,845 INFO  server.RaftServerConfigKeys (ConfUtils.java:logGet(43)) - raft.server.retrycache.expirytime = 600000ms (custom)
2019-07-30 11:54:47,846 INFO  impl.RaftServerImpl (RaftServerImpl.java:start(180)) - 6ab1e59a-4ef6-4c1c-b00f-c378339fb8d6: start group-DFC6E592EAC1
2019-07-30 11:54:47,846 INFO  impl.RaftServerImpl (RaftServerImpl.java:setRole(171)) - 6ab1e59a-4ef6-4c1c-b00f-c378339fb8d6:group-DFC6E592EAC1 changes role from null to FOLLOWER at term 0 for startAsFollower
2019-07-30 11:54:47,846 INFO  impl.RoleInfo (RoleInfo.java:updateAndGet(143)) - 6ab1e59a-4ef6-4c1c-b00f-c378339fb8d6: start FollowerState
2019-07-30 11:54:47,847 INFO  util.JmxRegister (JmxRegister.java:tryRegister(44)) - Successfully registered JMX Bean with object name Ratis:service=RaftServer,group=group-DFC6E592EAC1,id=6ab1e59a-4ef6-4c1c-b00f-c378339fb8d6
2019-07-30 11:54:47,857 INFO  pipeline.PipelineStateManager (PipelineStateManager.java:addPipeline(56)) - Created pipeline Pipeline[ Id: 59ff5c1b-2491-47b2-93be-dfc6e592eac1, Nodes: 6ab1e59a-4ef6-4c1c-b00f-c378339fb8d6{ip: 192.168.69.125, host: byscane-nightly-lrdxf-1413219503, networkLocation: /default-rack, certSerialId: null}, Type:RATIS, Factor:ONE, State:OPEN]
2019-07-30 11:54:47,891 INFO  impl.RaftServerProxy (RaftServerProxy.java:addNew(89)) - 29f7c5b0-38c0-4ce1-a6ce-82e2da63c783: addNew group-44909C03443D:[6ab1e59a-4ef6-4c1c-b00f-c378339fb8d6:192.168.69.125:37780, 29f7c5b0-38c0-4ce1-a6ce-82e2da63c783:192.168.69.125:41868, 6f9795b6-21d7-4f32-b8cb-29e6d82d3aef:192.168.69.125:41596] returns group-44909C03443D:java.util.concurrent.CompletableFuture@2b810194[Not completed]
2019-07-30 11:54:47,891 INFO  impl.RaftServerProxy (RaftServerProxy.java:addNew(89)) - 6ab1e59a-4ef6-4c1c-b00f-c378339fb8d6: addNew group-44909C03443D:[6ab1e59a-4ef6-4c1c-b00f-c378339fb8d6:192.168.69.125:37780, 29f7c5b0-38c0-4ce1-a6ce-82e2da63c783:192.168.69.125:41868, 6f9795b6-21d7-4f32-b8cb-29e6d82d3aef:192.168.69.125:41596] returns group-44909C03443D:java.util.concurrent.CompletableFuture@6aa3e654[Not completed]
2019-07-30 11:54:47,896 INFO  impl.RaftServerImpl (RaftServerImpl.java:<init>(93)) - 29f7c5b0-38c0-4ce1-a6ce-82e2da63c783: new RaftServerImpl for group-44909C03443D:[6ab1e59a-4ef6-4c1c-b00f-c378339fb8d6:192.168.69.125:37780, 29f7c5b0-38c0-4ce1-a6ce-82e2da63c783:192.168.69.125:41868, 6f9795b6-21d7-4f32-b8cb-29e6d82d3aef:192.168.69.125:41596] with ContainerStateMachine:uninitialized
2019-07-30 11:54:47,896 INFO  server.RaftServerConfigKeys (ConfUtils.java:logGet(43)) - raft.server.rpc.timeout.min = 5s (custom)
2019-07-30 11:54:47,896 INFO  server.RaftServerConfigKeys (ConfUtils.java:logGet(43)) - raft.server.rpc.timeout.max = 5200ms (custom)
2019-07-30 11:54:47,896 INFO  impl.RaftServerProxy (RaftServerProxy.java:addNew(89)) - 6f9795b6-21d7-4f32-b8cb-29e6d82d3aef: addNew group-44909C03443D:[6ab1e59a-4ef6-4c1c-b00f-c378339fb8d6:192.168.69.125:37780, 29f7c5b0-38c0-4ce1-a6ce-82e2da63c783:192.168.69.125:41868, 6f9795b6-21d7-4f32-b8cb-29e6d82d3aef:192.168.69.125:41596] returns group-44909C03443D:java.util.concurrent.CompletableFuture@2fa16564[Not completed]
2019-07-30 11:54:47,896 INFO  server.RaftServerConfigKeys (ConfUtils.java:logGet(43)) - raft.server.rpcslowness.timeout = 120s (custom)
2019-07-30 11:54:47,897 INFO  server.RaftServerConfigKeys (ConfUtils.java:logGet(43)) - raft.server.sleep.deviation.threshold = 300 (default)
2019-07-30 11:54:47,897 INFO  server.RaftServerConfigKeys (ConfUtils.java:logGet(43)) - raft.server.log.appender.install.snapshot.enabled = false (custom)
2019-07-30 11:54:47,897 INFO  impl.RaftServerImpl (RaftServerImpl.java:<init>(93)) - 6ab1e59a-4ef6-4c1c-b00f-c378339fb8d6: new RaftServerImpl for group-44909C03443D:[6ab1e59a-4ef6-4c1c-b00f-c378339fb8d6:192.168.69.125:37780, 29f7c5b0-38c0-4ce1-a6ce-82e2da63c783:192.168.69.125:41868, 6f9795b6-21d7-4f32-b8cb-29e6d82d3aef:192.168.69.125:41596] with ContainerStateMachine:uninitialized
2019-07-30 11:54:47,897 INFO  impl.RaftServerImpl (ServerState.java:<init>(105)) - 29f7c5b0-38c0-4ce1-a6ce-82e2da63c783:group-44909C03443D ConfigurationManager, init=-1: [6ab1e59a-4ef6-4c1c-b00f-c378339fb8d6:192.168.69.125:37780, 29f7c5b0-38c0-4ce1-a6ce-82e2da63c783:192.168.69.125:41868, 6f9795b6-21d7-4f32-b8cb-29e6d82d3aef:192.168.69.125:41596], old=null, confs=<EMPTY_MAP>
2019-07-30 11:54:47,897 INFO  server.RaftServerConfigKeys (ConfUtils.java:logGet(43)) - raft.server.rpc.timeout.min = 5s (custom)
2019-07-30 11:54:47,897 INFO  server.RaftServerConfigKeys (ConfUtils.java:logGet(43)) - raft.server.storage.dir = [/workdir/hadoop-ozone/tools/target/test-dir/MiniOzoneClusterImpl-5ce8312a-1df5-4acd-b8d5-bb5ab6b86f4a/datanode-2/data/ratis] (custom)
2019-07-30 11:54:47,897 INFO  server.RaftServerConfigKeys (ConfUtils.java:logGet(43)) - raft.server.rpc.timeout.max = 5200ms (custom)
2019-07-30 11:54:47,898 INFO  server.RaftServerConfigKeys (ConfUtils.java:logGet(43)) - raft.server.rpcslowness.timeout = 120s (custom)
2019-07-30 11:54:47,898 INFO  storage.RaftStorageDirectory (RaftStorageDirectory.java:analyzeStorage(246)) - The storage directory /workdir/hadoop-ozone/tools/target/test-dir/MiniOzoneClusterImpl-5ce8312a-1df5-4acd-b8d5-bb5ab6b86f4a/datanode-2/data/ratis/0e61f6f9-b224-4dcf-ba3e-44909c03443d does not exist. Creating ...
2019-07-30 11:54:47,898 INFO  server.RaftServerConfigKeys (ConfUtils.java:logGet(43)) - raft.server.sleep.deviation.threshold = 300 (default)
2019-07-30 11:54:47,898 INFO  impl.RaftServerImpl (RaftServerImpl.java:<init>(93)) - 6f9795b6-21d7-4f32-b8cb-29e6d82d3aef: new RaftServerImpl for group-44909C03443D:[6ab1e59a-4ef6-4c1c-b00f-c378339fb8d6:192.168.69.125:37780, 29f7c5b0-38c0-4ce1-a6ce-82e2da63c783:192.168.69.125:41868, 6f9795b6-21d7-4f32-b8cb-29e6d82d3aef:192.168.69.125:41596] with ContainerStateMachine:uninitialized
2019-07-30 11:54:47,898 INFO  server.RaftServerConfigKeys (ConfUtils.java:logGet(43)) - raft.server.log.appender.install.snapshot.enabled = false (custom)
2019-07-30 11:54:47,899 INFO  server.RaftServerConfigKeys (ConfUtils.java:logGet(43)) - raft.server.rpc.timeout.min = 5s (custom)
2019-07-30 11:54:47,899 INFO  impl.RaftServerImpl (ServerState.java:<init>(105)) - 6ab1e59a-4ef6-4c1c-b00f-c378339fb8d6:group-44909C03443D ConfigurationManager, init=-1: [6ab1e59a-4ef6-4c1c-b00f-c378339fb8d6:192.168.69.125:37780, 29f7c5b0-38c0-4ce1-a6ce-82e2da63c783:192.168.69.125:41868, 6f9795b6-21d7-4f32-b8cb-29e6d82d3aef:192.168.69.125:41596], old=null, confs=<EMPTY_MAP>
2019-07-30 11:54:47,899 INFO  server.RaftServerConfigKeys (ConfUtils.java:logGet(43)) - raft.server.rpc.timeout.max = 5200ms (custom)
2019-07-30 11:54:47,899 INFO  server.RaftServerConfigKeys (ConfUtils.java:logGet(43)) - raft.server.storage.dir = [/workdir/hadoop-ozone/tools/target/test-dir/MiniOzoneClusterImpl-5ce8312a-1df5-4acd-b8d5-bb5ab6b86f4a/datanode-1/data/ratis] (custom)
2019-07-30 11:54:47,899 INFO  server.RaftServerConfigKeys (ConfUtils.java:logGet(43)) - raft.server.rpcslowness.timeout = 120s (custom)
2019-07-30 11:54:47,900 INFO  server.RaftServerConfigKeys (ConfUtils.java:logGet(43)) - raft.server.sleep.deviation.threshold = 300 (default)
2019-07-30 11:54:47,900 INFO  storage.RaftStorageDirectory (RaftStorageDirectory.java:analyzeStorage(246)) - The storage directory /workdir/hadoop-ozone/tools/target/test-dir/MiniOzoneClusterImpl-5ce8312a-1df5-4acd-b8d5-bb5ab6b86f4a/datanode-1/data/ratis/0e61f6f9-b224-4dcf-ba3e-44909c03443d does not exist. Creating ...
2019-07-30 11:54:47,900 INFO  server.RaftServerConfigKeys (ConfUtils.java:logGet(43)) - raft.server.log.appender.install.snapshot.enabled = false (custom)
2019-07-30 11:54:47,900 INFO  impl.RaftServerImpl (ServerState.java:<init>(105)) - 6f9795b6-21d7-4f32-b8cb-29e6d82d3aef:group-44909C03443D ConfigurationManager, init=-1: [6ab1e59a-4ef6-4c1c-b00f-c378339fb8d6:192.168.69.125:37780, 29f7c5b0-38c0-4ce1-a6ce-82e2da63c783:192.168.69.125:41868, 6f9795b6-21d7-4f32-b8cb-29e6d82d3aef:192.168.69.125:41596], old=null, confs=<EMPTY_MAP>
2019-07-30 11:54:47,900 INFO  server.RaftServerConfigKeys (ConfUtils.java:logGet(43)) - raft.server.storage.dir = [/workdir/hadoop-ozone/tools/target/test-dir/MiniOzoneClusterImpl-5ce8312a-1df5-4acd-b8d5-bb5ab6b86f4a/datanode-0/data/ratis] (custom)
2019-07-30 11:54:47,901 INFO  storage.RaftStorageDirectory (RaftStorageDirectory.java:analyzeStorage(246)) - The storage directory /workdir/hadoop-ozone/tools/target/test-dir/MiniOzoneClusterImpl-5ce8312a-1df5-4acd-b8d5-bb5ab6b86f4a/datanode-0/data/ratis/0e61f6f9-b224-4dcf-ba3e-44909c03443d does not exist. Creating ...
2019-07-30 11:54:47,912 INFO  storage.RaftStorageDirectory (RaftStorageDirectory.java:tryLock(328)) - Lock on /workdir/hadoop-ozone/tools/target/test-dir/MiniOzoneClusterImpl-5ce8312a-1df5-4acd-b8d5-bb5ab6b86f4a/datanode-2/data/ratis/0e61f6f9-b224-4dcf-ba3e-44909c03443d/in_use.lock acquired by nodename 22618@byscane-nightly-lrdxf-1413219503
2019-07-30 11:54:47,912 INFO  storage.RaftStorageDirectory (RaftStorageDirectory.java:tryLock(328)) - Lock on /workdir/hadoop-ozone/tools/target/test-dir/MiniOzoneClusterImpl-5ce8312a-1df5-4acd-b8d5-bb5ab6b86f4a/datanode-0/data/ratis/0e61f6f9-b224-4dcf-ba3e-44909c03443d/in_use.lock acquired by nodename 22618@byscane-nightly-lrdxf-1413219503
2019-07-30 11:54:47,912 INFO  storage.RaftStorageDirectory (RaftStorageDirectory.java:tryLock(328)) - Lock on /workdir/hadoop-ozone/tools/target/test-dir/MiniOzoneClusterImpl-5ce8312a-1df5-4acd-b8d5-bb5ab6b86f4a/datanode-1/data/ratis/0e61f6f9-b224-4dcf-ba3e-44909c03443d/in_use.lock acquired by nodename 22618@byscane-nightly-lrdxf-1413219503
2019-07-30 11:54:47,927 INFO  storage.RaftStorage (RaftStorage.java:format(72)) - Storage directory /workdir/hadoop-ozone/tools/target/test-dir/MiniOzoneClusterImpl-5ce8312a-1df5-4acd-b8d5-bb5ab6b86f4a/datanode-2/data/ratis/0e61f6f9-b224-4dcf-ba3e-44909c03443d has been successfully formatted.
2019-07-30 11:54:47,927 INFO  storage.RaftStorage (RaftStorage.java:format(72)) - Storage directory /workdir/hadoop-ozone/tools/target/test-dir/MiniOzoneClusterImpl-5ce8312a-1df5-4acd-b8d5-bb5ab6b86f4a/datanode-0/data/ratis/0e61f6f9-b224-4dcf-ba3e-44909c03443d has been successfully formatted.
2019-07-30 11:54:47,927 INFO  storage.RaftStorage (RaftStorage.java:format(72)) - Storage directory /workdir/hadoop-ozone/tools/target/test-dir/MiniOzoneClusterImpl-5ce8312a-1df5-4acd-b8d5-bb5ab6b86f4a/datanode-1/data/ratis/0e61f6f9-b224-4dcf-ba3e-44909c03443d has been successfully formatted.
2019-07-30 11:54:47,927 INFO  ratis.ContainerStateMachine (ContainerStateMachine.java:loadSnapshot(213)) - group-44909C03443D: The snapshot info is null. Setting the last applied indexto:(t:0, i:~)
2019-07-30 11:54:47,927 INFO  ratis.ContainerStateMachine (ContainerStateMachine.java:loadSnapshot(213)) - group-44909C03443D: The snapshot info is null. Setting the last applied indexto:(t:0, i:~)
2019-07-30 11:54:47,928 INFO  ratis.ContainerStateMachine (ContainerStateMachine.java:loadSnapshot(213)) - group-44909C03443D: The snapshot info is null. Setting the last applied indexto:(t:0, i:~)
2019-07-30 11:54:47,928 INFO  server.RaftServerConfigKeys (ConfUtils.java:logGet(43)) - raft.server.leader.election.timeout = 120s (custom)
2019-07-30 11:54:47,928 INFO  server.RaftServerConfigKeys (ConfUtils.java:logGet(43)) - raft.server.leader.election.timeout = 120s (custom)
2019-07-30 11:54:47,928 INFO  server.RaftServerConfigKeys (ConfUtils.java:logGet(43)) - raft.server.log.use.memory = false (default)
2019-07-30 11:54:47,928 INFO  server.RaftServerConfigKeys (ConfUtils.java:logGet(43)) - raft.server.leader.election.timeout = 120s (custom)
2019-07-30 11:54:47,928 INFO  server.RaftServerConfigKeys (ConfUtils.java:logGet(43)) - raft.server.log.purge.gap = 1000000000 (custom)
2019-07-30 11:54:47,928 INFO  server.RaftServerConfigKeys (ConfUtils.java:logGet(43)) - raft.server.log.use.memory = false (default)
2019-07-30 11:54:47,929 INFO  server.RaftServerConfigKeys (ConfUtils.java:logGet(43)) - raft.server.log.appender.buffer.byte-limit = 33554432 (custom)
2019-07-30 11:54:47,928 INFO  server.RaftServerConfigKeys (ConfUtils.java:logGet(43)) - raft.server.log.use.memory = false (default)
2019-07-30 11:54:47,929 INFO  server.RaftServerConfigKeys (ConfUtils.java:logGet(43)) - raft.server.log.segment.size.max = 1048576 (custom)
2019-07-30 11:54:47,929 INFO  server.RaftServerConfigKeys (ConfUtils.java:logGet(43)) - raft.server.log.purge.gap = 1000000000 (custom)
2019-07-30 11:54:47,929 INFO  server.RaftServerConfigKeys (ConfUtils.java:logGet(43)) - raft.server.log.segment.cache.num.max = 2 (custom)
2019-07-30 11:54:47,929 INFO  server.RaftServerConfigKeys (ConfUtils.java:logGet(43)) - raft.server.log.purge.gap = 1000000000 (custom)
2019-07-30 11:54:47,930 INFO  segmented.SegmentedRaftLogWorker (SegmentedRaftLogWorker.java:<init>(172)) - new 29f7c5b0-38c0-4ce1-a6ce-82e2da63c783-SegmentedRaftLogWorker:Storage Directory /workdir/hadoop-ozone/tools/target/test-dir/MiniOzoneClusterImpl-5ce8312a-1df5-4acd-b8d5-bb5ab6b86f4a/datanode-2/data/ratis/0e61f6f9-b224-4dcf-ba3e-44909c03443d for RaftStorage:Storage Directory /workdir/hadoop-ozone/tools/target/test-dir/MiniOzoneClusterImpl-5ce8312a-1df5-4acd-b8d5-bb5ab6b86f4a/datanode-2/data/ratis/0e61f6f9-b224-4dcf-ba3e-44909c03443d
2019-07-30 11:54:47,929 INFO  server.RaftServerConfigKeys (ConfUtils.java:logGet(43)) - raft.server.log.appender.buffer.byte-limit = 33554432 (custom)
2019-07-30 11:54:47,930 INFO  server.RaftServerConfigKeys (ConfUtils.java:logGet(43)) - raft.server.log.queue.byte-limit = 2147483647 (custom)
2019-07-30 11:54:47,930 INFO  server.RaftServerConfigKeys (ConfUtils.java:logGet(43)) - raft.server.log.appender.buffer.byte-limit = 33554432 (custom)
2019-07-30 11:54:47,932 INFO  server.RaftServerConfigKeys (ConfUtils.java:logGet(43)) - raft.server.log.queue.element-limit = 1024 (custom)
2019-07-30 11:54:47,932 INFO  server.RaftServerConfigKeys (ConfUtils.java:logGet(43)) - raft.server.log.segment.size.max = 1048576 (custom)
2019-07-30 11:54:47,932 INFO  server.RaftServerConfigKeys (ConfUtils.java:logGet(43)) - raft.server.log.segment.size.max = 1048576 (custom)
2019-07-30 11:54:47,932 INFO  server.RaftServerConfigKeys (ConfUtils.java:logGet(43)) - raft.server.log.segment.size.max = 1048576 (custom)
2019-07-30 11:54:47,932 INFO  server.RaftServerConfigKeys (ConfUtils.java:logGet(43)) - raft.server.log.segment.cache.num.max = 2 (custom)
2019-07-30 11:54:47,932 INFO  server.RaftServerConfigKeys (ConfUtils.java:logGet(43)) - raft.server.log.preallocated.size = 16384 (custom)
2019-07-30 11:54:47,933 INFO  segmented.SegmentedRaftLogWorker (SegmentedRaftLogWorker.java:<init>(172)) - new 6f9795b6-21d7-4f32-b8cb-29e6d82d3aef-SegmentedRaftLogWorker:Storage Directory /workdir/hadoop-ozone/tools/target/test-dir/MiniOzoneClusterImpl-5ce8312a-1df5-4acd-b8d5-bb5ab6b86f4a/datanode-0/data/ratis/0e61f6f9-b224-4dcf-ba3e-44909c03443d for RaftStorage:Storage Directory /workdir/hadoop-ozone/tools/target/test-dir/MiniOzoneClusterImpl-5ce8312a-1df5-4acd-b8d5-bb5ab6b86f4a/datanode-0/data/ratis/0e61f6f9-b224-4dcf-ba3e-44909c03443d
2019-07-30 11:54:47,933 INFO  server.RaftServerConfigKeys (ConfUtils.java:logGet(43)) - raft.server.log.segment.cache.num.max = 2 (custom)
2019-07-30 11:54:47,933 INFO  server.RaftServerConfigKeys (ConfUtils.java:logGet(43)) - raft.server.log.queue.byte-limit = 2147483647 (custom)
2019-07-30 11:54:47,933 INFO  server.RaftServerConfigKeys (ConfUtils.java:logGet(43)) - raft.server.log.write.buffer.size = 33554432 (custom)
2019-07-30 11:54:47,934 INFO  server.RaftServerConfigKeys (ConfUtils.java:logGet(43)) - raft.server.log.queue.element-limit = 1024 (custom)
2019-07-30 11:54:47,933 INFO  segmented.SegmentedRaftLogWorker (SegmentedRaftLogWorker.java:<init>(172)) - new 6ab1e59a-4ef6-4c1c-b00f-c378339fb8d6-SegmentedRaftLogWorker:Storage Directory /workdir/hadoop-ozone/tools/target/test-dir/MiniOzoneClusterImpl-5ce8312a-1df5-4acd-b8d5-bb5ab6b86f4a/datanode-1/data/ratis/0e61f6f9-b224-4dcf-ba3e-44909c03443d for RaftStorage:Storage Directory /workdir/hadoop-ozone/tools/target/test-dir/MiniOzoneClusterImpl-5ce8312a-1df5-4acd-b8d5-bb5ab6b86f4a/datanode-1/data/ratis/0e61f6f9-b224-4dcf-ba3e-44909c03443d
2019-07-30 11:54:47,935 INFO  server.RaftServerConfigKeys (ConfUtils.java:logGet(43)) - raft.server.log.segment.size.max = 1048576 (custom)
2019-07-30 11:54:47,935 INFO  server.RaftServerConfigKeys (ConfUtils.java:logGet(43)) - raft.server.log.force.sync.num = 128 (default)
2019-07-30 11:54:47,935 INFO  server.RaftServerConfigKeys (ConfUtils.java:logGet(43)) - raft.server.log.preallocated.size = 16384 (custom)
2019-07-30 11:54:47,936 INFO  server.RaftServerConfigKeys (ConfUtils.java:logGet(43)) - raft.server.log.write.buffer.size = 33554432 (custom)
2019-07-30 11:54:47,935 INFO  server.RaftServerConfigKeys (ConfUtils.java:logGet(43)) - raft.server.log.queue.byte-limit = 2147483647 (custom)
2019-07-30 11:54:47,936 INFO  server.RaftServerConfigKeys (ConfUtils.java:logGet(43)) - raft.server.log.force.sync.num = 128 (default)
2019-07-30 11:54:47,936 INFO  server.RaftServerConfigKeys (ConfUtils.java:logGet(43)) - raft.server.log.statemachine.data.sync = true (default)
2019-07-30 11:54:47,937 INFO  server.RaftServerConfigKeys (ConfUtils.java:logGet(43)) - raft.server.log.statemachine.data.sync = true (default)
2019-07-30 11:54:47,937 INFO  server.RaftServerConfigKeys (ConfUtils.java:logGet(43)) - raft.server.log.queue.element-limit = 1024 (custom)
2019-07-30 11:54:47,937 INFO  server.RaftServerConfigKeys (ConfUtils.java:logGet(43)) - raft.server.log.statemachine.data.sync.timeout = 10s (default)
2019-07-30 11:54:47,937 INFO  server.RaftServerConfigKeys (ConfUtils.java:logGet(43)) - raft.server.log.statemachine.data.sync.timeout = 10s (default)
2019-07-30 11:54:47,937 INFO  server.RaftServerConfigKeys (ConfUtils.java:logGet(43)) - raft.server.log.statemachine.data.sync.timeout.retry = -1 (default)
2019-07-30 11:54:47,937 INFO  server.RaftServerConfigKeys (ConfUtils.java:logGet(43)) - raft.server.log.segment.size.max = 1048576 (custom)
2019-07-30 11:54:47,938 INFO  server.RaftServerConfigKeys (ConfUtils.java:logGet(43)) - raft.server.log.statemachine.data.caching.enabled = true (custom)
2019-07-30 11:54:47,938 INFO  server.RaftServerConfigKeys (ConfUtils.java:logGet(43)) - raft.server.log.statemachine.data.sync.timeout.retry = -1 (default)
2019-07-30 11:54:47,938 INFO  server.RaftServerConfigKeys (ConfUtils.java:logGet(43)) - raft.server.log.preallocated.size = 16384 (custom)
2019-07-30 11:54:47,938 INFO  segmented.SegmentedRaftLogWorker (SegmentedRaftLogWorker.java:lambda$new$0(132)) - 6f9795b6-21d7-4f32-b8cb-29e6d82d3aef-SegmentedRaftLogWorker:Storage Directory /workdir/hadoop-ozone/tools/target/test-dir/MiniOzoneClusterImpl-5ce8312a-1df5-4acd-b8d5-bb5ab6b86f4a/datanode-0/data/ratis/0e61f6f9-b224-4dcf-ba3e-44909c03443d: flushIndex: setUnconditionally 0 -> -1
2019-07-30 11:54:47,938 INFO  server.RaftServerConfigKeys (ConfUtils.java:logGet(43)) - raft.server.log.statemachine.data.caching.enabled = true (custom)
2019-07-30 11:54:47,938 INFO  server.RaftServerConfigKeys (ConfUtils.java:logGet(43)) - raft.server.log.write.buffer.size = 33554432 (custom)
2019-07-30 11:54:47,939 INFO  server.RaftServerConfigKeys (ConfUtils.java:logGet(43)) - raft.server.snapshot.auto.trigger.enabled = true (custom)
2019-07-30 11:54:47,939 INFO  server.RaftServerConfigKeys (ConfUtils.java:logGet(43)) - raft.server.log.force.sync.num = 128 (default)
2019-07-30 11:54:47,939 INFO  segmented.SegmentedRaftLogWorker (SegmentedRaftLogWorker.java:lambda$new$0(132)) - 29f7c5b0-38c0-4ce1-a6ce-82e2da63c783-SegmentedRaftLogWorker:Storage Directory /workdir/hadoop-ozone/tools/target/test-dir/MiniOzoneClusterImpl-5ce8312a-1df5-4acd-b8d5-bb5ab6b86f4a/datanode-2/data/ratis/0e61f6f9-b224-4dcf-ba3e-44909c03443d: flushIndex: setUnconditionally 0 -> -1
2019-07-30 11:54:47,939 INFO  server.RaftServerConfigKeys (ConfUtils.java:logGet(43)) - raft.server.log.statemachine.data.sync = true (default)
2019-07-30 11:54:47,939 INFO  server.RaftServerConfigKeys (ConfUtils.java:logGet(43)) - raft.server.snapshot.auto.trigger.threshold = 10000 (custom)
2019-07-30 11:54:47,939 INFO  server.RaftServerConfigKeys (ConfUtils.java:logGet(43)) - raft.server.log.statemachine.data.sync.timeout = 10s (default)
2019-07-30 11:54:47,939 INFO  server.RaftServerConfigKeys (ConfUtils.java:logGet(43)) - raft.server.snapshot.auto.trigger.enabled = true (custom)
2019-07-30 11:54:47,940 INFO  server.RaftServerConfigKeys (ConfUtils.java:logGet(43)) - raft.server.log.statemachine.data.sync.timeout.retry = -1 (default)
2019-07-30 11:54:47,940 INFO  server.RaftServerConfigKeys (ConfUtils.java:logGet(43)) - raft.server.retrycache.expirytime = 600000ms (custom)
2019-07-30 11:54:47,940 INFO  server.RaftServerConfigKeys (ConfUtils.java:logGet(43)) - raft.server.snapshot.auto.trigger.threshold = 10000 (custom)
2019-07-30 11:54:47,940 INFO  server.RaftServerConfigKeys (ConfUtils.java:logGet(43)) - raft.server.log.statemachine.data.caching.enabled = true (custom)
2019-07-30 11:54:47,940 INFO  server.RaftServerConfigKeys (ConfUtils.java:logGet(43)) - raft.server.retrycache.expirytime = 600000ms (custom)
2019-07-30 11:54:47,940 INFO  impl.RaftServerImpl (RaftServerImpl.java:start(180)) - 6f9795b6-21d7-4f32-b8cb-29e6d82d3aef: start group-44909C03443D
2019-07-30 11:54:47,940 INFO  impl.RaftServerImpl (RaftServerImpl.java:start(180)) - 29f7c5b0-38c0-4ce1-a6ce-82e2da63c783: start group-44909C03443D
2019-07-30 11:54:47,941 INFO  segmented.SegmentedRaftLogWorker (SegmentedRaftLogWorker.java:lambda$new$0(132)) - 6ab1e59a-4ef6-4c1c-b00f-c378339fb8d6-SegmentedRaftLogWorker:Storage Directory /workdir/hadoop-ozone/tools/target/test-dir/MiniOzoneClusterImpl-5ce8312a-1df5-4acd-b8d5-bb5ab6b86f4a/datanode-1/data/ratis/0e61f6f9-b224-4dcf-ba3e-44909c03443d: flushIndex: setUnconditionally 0 -> -1
2019-07-30 11:54:47,940 INFO  impl.RaftServerImpl (RaftServerImpl.java:setRole(171)) - 6f9795b6-21d7-4f32-b8cb-29e6d82d3aef:group-44909C03443D changes role from null to FOLLOWER at term 0 for startAsFollower
2019-07-30 11:54:47,941 INFO  impl.RaftServerImpl (RaftServerImpl.java:setRole(171)) - 29f7c5b0-38c0-4ce1-a6ce-82e2da63c783:group-44909C03443D changes role from null to FOLLOWER at term 0 for startAsFollower
2019-07-30 11:54:47,941 INFO  impl.RoleInfo (RoleInfo.java:updateAndGet(143)) - 6f9795b6-21d7-4f32-b8cb-29e6d82d3aef: start FollowerState
2019-07-30 11:54:47,941 INFO  impl.RoleInfo (RoleInfo.java:updateAndGet(143)) - 29f7c5b0-38c0-4ce1-a6ce-82e2da63c783: start FollowerState
2019-07-30 11:54:47,941 INFO  server.RaftServerConfigKeys (ConfUtils.java:logGet(43)) - raft.server.snapshot.auto.trigger.enabled = true (custom)
2019-07-30 11:54:47,941 INFO  server.RaftServerConfigKeys (ConfUtils.java:logGet(43)) - raft.server.snapshot.auto.trigger.threshold = 10000 (custom)
2019-07-30 11:54:47,941 INFO  util.JmxRegister (JmxRegister.java:tryRegister(44)) - Successfully registered JMX Bean with object name Ratis:service=RaftServer,group=group-44909C03443D,id=29f7c5b0-38c0-4ce1-a6ce-82e2da63c783
2019-07-30 11:54:47,941 INFO  util.JmxRegister (JmxRegister.java:tryRegister(44)) - Successfully registered JMX Bean with object name Ratis:service=RaftServer,group=group-44909C03443D,id=6f9795b6-21d7-4f32-b8cb-29e6d82d3aef
2019-07-30 11:54:47,942 INFO  server.RaftServerConfigKeys (ConfUtils.java:logGet(43)) - raft.server.retrycache.expirytime = 600000ms (custom)
2019-07-30 11:54:47,942 INFO  impl.RaftServerImpl (RaftServerImpl.java:start(180)) - 6ab1e59a-4ef6-4c1c-b00f-c378339fb8d6: start group-44909C03443D
2019-07-30 11:54:47,942 INFO  impl.RaftServerImpl (RaftServerImpl.java:setRole(171)) - 6ab1e59a-4ef6-4c1c-b00f-c378339fb8d6:group-44909C03443D changes role from null to FOLLOWER at term 0 for startAsFollower
2019-07-30 11:54:47,942 INFO  impl.RoleInfo (RoleInfo.java:updateAndGet(143)) - 6ab1e59a-4ef6-4c1c-b00f-c378339fb8d6: start FollowerState
2019-07-30 11:54:47,943 INFO  util.JmxRegister (JmxRegister.java:tryRegister(44)) - Successfully registered JMX Bean with object name Ratis:service=RaftServer,group=group-44909C03443D,id=6ab1e59a-4ef6-4c1c-b00f-c378339fb8d6
2019-07-30 11:54:47,962 INFO  pipeline.PipelineStateManager (PipelineStateManager.java:addPipeline(56)) - Created pipeline Pipeline[ Id: 0e61f6f9-b224-4dcf-ba3e-44909c03443d, Nodes: 29f7c5b0-38c0-4ce1-a6ce-82e2da63c783{ip: 192.168.69.125, host: byscane-nightly-lrdxf-1413219503, networkLocation: /default-rack, certSerialId: null}6f9795b6-21d7-4f32-b8cb-29e6d82d3aef{ip: 192.168.69.125, host: byscane-nightly-lrdxf-1413219503, networkLocation: /default-rack, certSerialId: null}6ab1e59a-4ef6-4c1c-b00f-c378339fb8d6{ip: 192.168.69.125, host: byscane-nightly-lrdxf-1413219503, networkLocation: /default-rack, certSerialId: null}, Type:RATIS, Factor:THREE, State:OPEN]
2019-07-30 11:54:47,966 INFO  ozone.MiniOzoneClusterImpl (MiniOzoneClusterImpl.java:lambda$waitForClusterToBeReady$0(142)) - Cluster is ready. Got 3 of 3 DN Heartbeats.
2019-07-30 11:54:48,320 INFO  freon.RandomKeyGenerator (RandomKeyGenerator.java:call(278)) - Number of Threads: 10
2019-07-30 11:54:48,321 INFO  freon.RandomKeyGenerator (RandomKeyGenerator.java:call(283)) - Number of Volumes: 1.
2019-07-30 11:54:48,321 INFO  freon.RandomKeyGenerator (RandomKeyGenerator.java:call(284)) - Number of Buckets per Volume: 1.
2019-07-30 11:54:48,321 INFO  freon.RandomKeyGenerator (RandomKeyGenerator.java:call(285)) - Number of Keys per Bucket: 1.
2019-07-30 11:54:48,321 INFO  freon.RandomKeyGenerator (RandomKeyGenerator.java:call(286)) - Key size: 20971520 bytes
2019-07-30 11:54:48,321 INFO  freon.RandomKeyGenerator (RandomKeyGenerator.java:call(287)) - Buffer size: 4096 bytes
2019-07-30 11:54:48,324 INFO  freon.RandomKeyGenerator (RandomKeyGenerator.java:call(301)) - Data validation is enabled.
2019-07-30 11:54:48,325 INFO  freon.RandomKeyGenerator (RandomKeyGenerator.java:call(307)) - Starting progress bar Thread.

 0.00% |█                                                                                                    |  0/1 Time: 0:00:002019-07-30 11:54:48,355 INFO  rpc.RpcClient (RpcClient.java:createVolume(288)) - Creating Volume: vol-0-11099, with jenkins1000 as owner.
2019-07-30 11:54:48,399 INFO  rpc.RpcClient (RpcClient.java:createBucket(425)) - Creating Bucket: vol-0-11099/bucket-0-50592, with Versioning false and Storage Type set to DISK and Encryption set to false 
2019-07-30 11:54:48,581 INFO  impl.MetricsSystemImpl (MetricsSystemImpl.java:init(158)) - XceiverClientMetrics metrics system started (again)
2019-07-30 11:54:48,723 INFO  client.GrpcClientProtocolClient (GrpcClientProtocolClient.java:onNext(255)) - client-583D3D7E35FD->29f7c5b0-38c0-4ce1-a6ce-82e2da63c783: receive RaftClientReply:client-583D3D7E35FD->29f7c5b0-38c0-4ce1-a6ce-82e2da63c783@group-44909C03443D, cid=6, FAILED org.apache.ratis.protocol.NotLeaderException: Server 29f7c5b0-38c0-4ce1-a6ce-82e2da63c783 is not the leader (null). Request must be sent to leader., logIndex=0, commits[29f7c5b0-38c0-4ce1-a6ce-82e2da63c783:c-1]
 0.00% |█                                                                                                    |  0/1 Time: 0:00:012019-07-30 11:54:49,543 INFO  container.ReplicationManager (ReplicationManager.java:start(155)) - Starting Replication Monitor Thread.
2019-07-30 11:54:49,547 INFO  container.ReplicationManager (ReplicationManager.java:run(207)) - Replication Monitor Thread took 2 milliseconds for processing 3 containers.
2019-07-30 11:54:49,778 INFO  client.GrpcClientProtocolClient (GrpcClientProtocolClient.java:onNext(255)) - client-583D3D7E35FD->6f9795b6-21d7-4f32-b8cb-29e6d82d3aef: receive RaftClientReply:client-583D3D7E35FD->6f9795b6-21d7-4f32-b8cb-29e6d82d3aef@group-44909C03443D, cid=6, FAILED org.apache.ratis.protocol.NotLeaderException: Server 6f9795b6-21d7-4f32-b8cb-29e6d82d3aef is not the leader (null). Request must be sent to leader., logIndex=0, commits[6f9795b6-21d7-4f32-b8cb-29e6d82d3aef:c-1]
 0.00% |█                                                                                                    |  0/1 Time: 0:00:022019-07-30 11:54:50,819 INFO  client.GrpcClientProtocolClient (GrpcClientProtocolClient.java:onNext(255)) - client-583D3D7E35FD->29f7c5b0-38c0-4ce1-a6ce-82e2da63c783: receive RaftClientReply:client-583D3D7E35FD->29f7c5b0-38c0-4ce1-a6ce-82e2da63c783@group-44909C03443D, cid=6, FAILED org.apache.ratis.protocol.NotLeaderException: Server 29f7c5b0-38c0-4ce1-a6ce-82e2da63c783 is not the leader (null). Request must be sent to leader., logIndex=0, commits[29f7c5b0-38c0-4ce1-a6ce-82e2da63c783:c-1]
 0.00% |█                                                                                                    |  0/1 Time: 0:00:032019-07-30 11:54:51,856 INFO  client.GrpcClientProtocolClient (GrpcClientProtocolClient.java:onNext(255)) - client-583D3D7E35FD->6ab1e59a-4ef6-4c1c-b00f-c378339fb8d6: receive RaftClientReply:client-583D3D7E35FD->6ab1e59a-4ef6-4c1c-b00f-c378339fb8d6@group-44909C03443D, cid=6, FAILED org.apache.ratis.protocol.NotLeaderException: Server 6ab1e59a-4ef6-4c1c-b00f-c378339fb8d6 is not the leader (null). Request must be sent to leader., logIndex=0, commits[6ab1e59a-4ef6-4c1c-b00f-c378339fb8d6:c-1]
 0.00% |█                                                                                                    |  0/1 Time: 0:00:042019-07-30 11:54:52,756 INFO  impl.FollowerState (FollowerState.java:run(106)) - 6f9795b6-21d7-4f32-b8cb-29e6d82d3aef:group-D6F642EF6730 changes to CANDIDATE, lastRpcTime:5153, electionTimeout:5152ms
2019-07-30 11:54:52,756 INFO  impl.RoleInfo (RoleInfo.java:shutdownFollowerState(121)) - 6f9795b6-21d7-4f32-b8cb-29e6d82d3aef: shutdown FollowerState
2019-07-30 11:54:52,756 INFO  impl.RaftServerImpl (RaftServerImpl.java:setRole(171)) - 6f9795b6-21d7-4f32-b8cb-29e6d82d3aef:group-D6F642EF6730 changes role from FOLLOWER to CANDIDATE at term 0 for changeToCandidate
2019-07-30 11:54:52,760 INFO  impl.RoleInfo (RoleInfo.java:updateAndGet(143)) - 6f9795b6-21d7-4f32-b8cb-29e6d82d3aef: start LeaderElection
2019-07-30 11:54:52,779 INFO  impl.LeaderElection (LeaderElection.java:askForVotes(181)) - 6f9795b6-21d7-4f32-b8cb-29e6d82d3aef:group-D6F642EF6730:LeaderElection1: begin an election at term 1 for -1: [6f9795b6-21d7-4f32-b8cb-29e6d82d3aef:192.168.69.125:41596], old=null
2019-07-30 11:54:52,781 INFO  impl.RoleInfo (RoleInfo.java:shutdownLeaderElection(134)) - 6f9795b6-21d7-4f32-b8cb-29e6d82d3aef: shutdown LeaderElection
2019-07-30 11:54:52,782 INFO  impl.RaftServerImpl (RaftServerImpl.java:setRole(171)) - 6f9795b6-21d7-4f32-b8cb-29e6d82d3aef:group-D6F642EF6730 changes role from CANDIDATE to LEADER at term 1 for changeToLeader
2019-07-30 11:54:52,782 INFO  impl.RaftServerImpl (ServerState.java:setLeader(263)) - 6f9795b6-21d7-4f32-b8cb-29e6d82d3aef:group-D6F642EF6730 change Leader from null to 6f9795b6-21d7-4f32-b8cb-29e6d82d3aef at term 1 for becomeLeader, leader elected after 5557ms
2019-07-30 11:54:52,790 INFO  server.RaftServerConfigKeys (ConfUtils.java:logGet(43)) - raft.server.staging.catchup.gap = 1000 (default)
2019-07-30 11:54:52,790 INFO  server.RaftServerConfigKeys (ConfUtils.java:logGet(43)) - raft.server.rpc.sleep.time = 25ms (default)
2019-07-30 11:54:52,794 INFO  server.RaftServerConfigKeys (ConfUtils.java:logGet(43)) - raft.server.write.element-limit = 4096 (default)
2019-07-30 11:54:52,798 INFO  server.RaftServerConfigKeys (ConfUtils.java:logGet(43)) - raft.server.watch.timeout = 10s (default)
2019-07-30 11:54:52,798 INFO  server.RaftServerConfigKeys (ConfUtils.java:logGet(43)) - raft.server.watch.timeout.denomination = 1s (default)
2019-07-30 11:54:52,799 INFO  server.RaftServerConfigKeys (ConfUtils.java:logGet(43)) - raft.server.watch.element-limit = 65536 (default)
2019-07-30 11:54:52,809 INFO  impl.RoleInfo (RoleInfo.java:updateAndGet(143)) - 6f9795b6-21d7-4f32-b8cb-29e6d82d3aef: start LeaderState
2019-07-30 11:54:52,833 INFO  segmented.SegmentedRaftLogWorker (SegmentedRaftLogWorker.java:startLogSegment(380)) - 6f9795b6-21d7-4f32-b8cb-29e6d82d3aef-SegmentedRaftLogWorker:Storage Directory /workdir/hadoop-ozone/tools/target/test-dir/MiniOzoneClusterImpl-5ce8312a-1df5-4acd-b8d5-bb5ab6b86f4a/datanode-0/data/ratis/3b943e9e-1767-4d93-840d-d6f642ef6730: Starting segment from index:0
2019-07-30 11:54:52,842 INFO  impl.RaftServerImpl (ServerState.java:setRaftConf(361)) - 6f9795b6-21d7-4f32-b8cb-29e6d82d3aef:group-D6F642EF6730 set configuration 0: [6f9795b6-21d7-4f32-b8cb-29e6d82d3aef:192.168.69.125:41596], old=null at 0
2019-07-30 11:54:52,889 INFO  impl.FollowerState (FollowerState.java:run(106)) - 6ab1e59a-4ef6-4c1c-b00f-c378339fb8d6:group-DFC6E592EAC1 changes to CANDIDATE, lastRpcTime:5042, electionTimeout:5042ms
2019-07-30 11:54:52,890 INFO  impl.RoleInfo (RoleInfo.java:shutdownFollowerState(121)) - 6ab1e59a-4ef6-4c1c-b00f-c378339fb8d6: shutdown FollowerState
2019-07-30 11:54:52,890 INFO  impl.RaftServerImpl (RaftServerImpl.java:setRole(171)) - 6ab1e59a-4ef6-4c1c-b00f-c378339fb8d6:group-DFC6E592EAC1 changes role from FOLLOWER to CANDIDATE at term 0 for changeToCandidate
2019-07-30 11:54:52,892 INFO  impl.RoleInfo (RoleInfo.java:updateAndGet(143)) - 6ab1e59a-4ef6-4c1c-b00f-c378339fb8d6: start LeaderElection
2019-07-30 11:54:52,898 INFO  client.GrpcClientProtocolClient (GrpcClientProtocolClient.java:onNext(255)) - client-583D3D7E35FD->6f9795b6-21d7-4f32-b8cb-29e6d82d3aef: receive RaftClientReply:client-583D3D7E35FD->6f9795b6-21d7-4f32-b8cb-29e6d82d3aef@group-44909C03443D, cid=6, FAILED org.apache.ratis.protocol.NotLeaderException: Server 6f9795b6-21d7-4f32-b8cb-29e6d82d3aef is not the leader (null). Request must be sent to leader., logIndex=0, commits[6f9795b6-21d7-4f32-b8cb-29e6d82d3aef:c-1]
2019-07-30 11:54:52,911 INFO  impl.LeaderElection (LeaderElection.java:askForVotes(181)) - 6ab1e59a-4ef6-4c1c-b00f-c378339fb8d6:group-DFC6E592EAC1:LeaderElection2: begin an election at term 1 for -1: [6ab1e59a-4ef6-4c1c-b00f-c378339fb8d6:192.168.69.125:37780], old=null
2019-07-30 11:54:52,912 INFO  impl.RoleInfo (RoleInfo.java:shutdownLeaderElection(134)) - 6ab1e59a-4ef6-4c1c-b00f-c378339fb8d6: shutdown LeaderElection
2019-07-30 11:54:52,912 INFO  impl.RaftServerImpl (RaftServerImpl.java:setRole(171)) - 6ab1e59a-4ef6-4c1c-b00f-c378339fb8d6:group-DFC6E592EAC1 changes role from CANDIDATE to LEADER at term 1 for changeToLeader
2019-07-30 11:54:52,913 INFO  impl.RaftServerImpl (ServerState.java:setLeader(263)) - 6ab1e59a-4ef6-4c1c-b00f-c378339fb8d6:group-DFC6E592EAC1 change Leader from null to 6ab1e59a-4ef6-4c1c-b00f-c378339fb8d6 at term 1 for becomeLeader, leader elected after 5072ms
2019-07-30 11:54:52,913 INFO  server.RaftServerConfigKeys (ConfUtils.java:logGet(43)) - raft.server.staging.catchup.gap = 1000 (default)
2019-07-30 11:54:52,913 INFO  server.RaftServerConfigKeys (ConfUtils.java:logGet(43)) - raft.server.rpc.sleep.time = 25ms (default)
2019-07-30 11:54:52,913 INFO  server.RaftServerConfigKeys (ConfUtils.java:logGet(43)) - raft.server.write.element-limit = 4096 (default)
2019-07-30 11:54:52,913 INFO  server.RaftServerConfigKeys (ConfUtils.java:logGet(43)) - raft.server.watch.timeout = 10s (default)
2019-07-30 11:54:52,914 INFO  server.RaftServerConfigKeys (ConfUtils.java:logGet(43)) - raft.server.watch.timeout.denomination = 1s (default)
2019-07-30 11:54:52,914 INFO  server.RaftServerConfigKeys (ConfUtils.java:logGet(43)) - raft.server.watch.element-limit = 65536 (default)
2019-07-30 11:54:52,914 INFO  impl.RoleInfo (RoleInfo.java:updateAndGet(143)) - 6ab1e59a-4ef6-4c1c-b00f-c378339fb8d6: start LeaderState
2019-07-30 11:54:52,914 INFO  segmented.SegmentedRaftLogWorker (SegmentedRaftLogWorker.java:startLogSegment(380)) - 6ab1e59a-4ef6-4c1c-b00f-c378339fb8d6-SegmentedRaftLogWorker:Storage Directory /workdir/hadoop-ozone/tools/target/test-dir/MiniOzoneClusterImpl-5ce8312a-1df5-4acd-b8d5-bb5ab6b86f4a/datanode-1/data/ratis/59ff5c1b-2491-47b2-93be-dfc6e592eac1: Starting segment from index:0
2019-07-30 11:54:52,915 INFO  impl.RaftServerImpl (ServerState.java:setRaftConf(361)) - 6ab1e59a-4ef6-4c1c-b00f-c378339fb8d6:group-DFC6E592EAC1 set configuration 0: [6ab1e59a-4ef6-4c1c-b00f-c378339fb8d6:192.168.69.125:37780], old=null at 0
2019-07-30 11:54:52,951 INFO  impl.FollowerState (FollowerState.java:run(106)) - 29f7c5b0-38c0-4ce1-a6ce-82e2da63c783:group-272A2ED44F50 changes to CANDIDATE, lastRpcTime:5185, electionTimeout:5184ms
2019-07-30 11:54:52,951 INFO  impl.RoleInfo (RoleInfo.java:shutdownFollowerState(121)) - 29f7c5b0-38c0-4ce1-a6ce-82e2da63c783: shutdown FollowerState
2019-07-30 11:54:52,951 INFO  impl.RaftServerImpl (RaftServerImpl.java:setRole(171)) - 29f7c5b0-38c0-4ce1-a6ce-82e2da63c783:group-272A2ED44F50 changes role from FOLLOWER to CANDIDATE at term 0 for changeToCandidate
2019-07-30 11:54:52,951 INFO  impl.RoleInfo (RoleInfo.java:updateAndGet(143)) - 29f7c5b0-38c0-4ce1-a6ce-82e2da63c783: start LeaderElection
2019-07-30 11:54:52,969 INFO  impl.FollowerState (FollowerState.java:run(106)) - 6f9795b6-21d7-4f32-b8cb-29e6d82d3aef:group-44909C03443D changes to CANDIDATE, lastRpcTime:5027, electionTimeout:5027ms
2019-07-30 11:54:52,969 INFO  impl.RoleInfo (RoleInfo.java:shutdownFollowerState(121)) - 6f9795b6-21d7-4f32-b8cb-29e6d82d3aef: shutdown FollowerState
2019-07-30 11:54:52,969 INFO  impl.RaftServerImpl (RaftServerImpl.java:setRole(171)) - 6f9795b6-21d7-4f32-b8cb-29e6d82d3aef:group-44909C03443D changes role from FOLLOWER to CANDIDATE at term 0 for changeToCandidate
2019-07-30 11:54:52,969 INFO  impl.LeaderElection (LeaderElection.java:askForVotes(181)) - 29f7c5b0-38c0-4ce1-a6ce-82e2da63c783:group-272A2ED44F50:LeaderElection3: begin an election at term 1 for -1: [29f7c5b0-38c0-4ce1-a6ce-82e2da63c783:192.168.69.125:41868], old=null
2019-07-30 11:54:52,969 INFO  impl.RoleInfo (RoleInfo.java:updateAndGet(143)) - 6f9795b6-21d7-4f32-b8cb-29e6d82d3aef: start LeaderElection
2019-07-30 11:54:52,969 INFO  impl.RoleInfo (RoleInfo.java:shutdownLeaderElection(134)) - 29f7c5b0-38c0-4ce1-a6ce-82e2da63c783: shutdown LeaderElection
2019-07-30 11:54:52,969 INFO  impl.RaftServerImpl (RaftServerImpl.java:setRole(171)) - 29f7c5b0-38c0-4ce1-a6ce-82e2da63c783:group-272A2ED44F50 changes role from CANDIDATE to LEADER at term 1 for changeToLeader
2019-07-30 11:54:52,972 INFO  impl.RaftServerImpl (ServerState.java:setLeader(263)) - 29f7c5b0-38c0-4ce1-a6ce-82e2da63c783:group-272A2ED44F50 change Leader from null to 29f7c5b0-38c0-4ce1-a6ce-82e2da63c783 at term 1 for becomeLeader, leader elected after 5211ms
2019-07-30 11:54:52,972 INFO  server.RaftServerConfigKeys (ConfUtils.java:logGet(43)) - raft.server.staging.catchup.gap = 1000 (default)
2019-07-30 11:54:52,972 INFO  server.RaftServerConfigKeys (ConfUtils.java:logGet(43)) - raft.server.rpc.sleep.time = 25ms (default)
2019-07-30 11:54:52,972 INFO  server.RaftServerConfigKeys (ConfUtils.java:logGet(43)) - raft.server.write.element-limit = 4096 (default)
2019-07-30 11:54:52,973 INFO  server.RaftServerConfigKeys (ConfUtils.java:logGet(43)) - raft.server.watch.timeout = 10s (default)
2019-07-30 11:54:52,973 INFO  server.RaftServerConfigKeys (ConfUtils.java:logGet(43)) - raft.server.watch.timeout.denomination = 1s (default)
2019-07-30 11:54:52,973 INFO  server.RaftServerConfigKeys (ConfUtils.java:logGet(43)) - raft.server.watch.element-limit = 65536 (default)
2019-07-30 11:54:52,973 INFO  impl.RoleInfo (RoleInfo.java:updateAndGet(143)) - 29f7c5b0-38c0-4ce1-a6ce-82e2da63c783: start LeaderState
2019-07-30 11:54:52,974 INFO  segmented.SegmentedRaftLogWorker (SegmentedRaftLogWorker.java:startLogSegment(380)) - 29f7c5b0-38c0-4ce1-a6ce-82e2da63c783-SegmentedRaftLogWorker:Storage Directory /workdir/hadoop-ozone/tools/target/test-dir/MiniOzoneClusterImpl-5ce8312a-1df5-4acd-b8d5-bb5ab6b86f4a/datanode-2/data/ratis/1c2c591c-2db0-44a8-8e95-272a2ed44f50: Starting segment from index:0
2019-07-30 11:54:52,974 INFO  impl.RaftServerImpl (ServerState.java:setRaftConf(361)) - 29f7c5b0-38c0-4ce1-a6ce-82e2da63c783:group-272A2ED44F50 set configuration 0: [29f7c5b0-38c0-4ce1-a6ce-82e2da63c783:192.168.69.125:41868], old=null at 0
2019-07-30 11:54:52,985 INFO  impl.LeaderElection (LeaderElection.java:askForVotes(181)) - 6f9795b6-21d7-4f32-b8cb-29e6d82d3aef:group-44909C03443D:LeaderElection4: begin an election at term 1 for -1: [6ab1e59a-4ef6-4c1c-b00f-c378339fb8d6:192.168.69.125:37780, 29f7c5b0-38c0-4ce1-a6ce-82e2da63c783:192.168.69.125:41868, 6f9795b6-21d7-4f32-b8cb-29e6d82d3aef:192.168.69.125:41596], old=null
2019-07-30 11:54:53,013 INFO  impl.RaftServerImpl (RaftServerImpl.java:setRole(171)) - 29f7c5b0-38c0-4ce1-a6ce-82e2da63c783:group-44909C03443D changes role from FOLLOWER to FOLLOWER at term 1 for recognizeCandidate:6f9795b6-21d7-4f32-b8cb-29e6d82d3aef
2019-07-30 11:54:53,013 INFO  impl.RaftServerImpl (RaftServerImpl.java:setRole(171)) - 6ab1e59a-4ef6-4c1c-b00f-c378339fb8d6:group-44909C03443D changes role from FOLLOWER to FOLLOWER at term 1 for recognizeCandidate:6f9795b6-21d7-4f32-b8cb-29e6d82d3aef
2019-07-30 11:54:53,013 INFO  impl.RoleInfo (RoleInfo.java:shutdownFollowerState(121)) - 29f7c5b0-38c0-4ce1-a6ce-82e2da63c783: shutdown FollowerState
2019-07-30 11:54:53,014 INFO  impl.RoleInfo (RoleInfo.java:shutdownFollowerState(121)) - 6ab1e59a-4ef6-4c1c-b00f-c378339fb8d6: shutdown FollowerState
2019-07-30 11:54:53,014 INFO  impl.RoleInfo (RoleInfo.java:updateAndGet(143)) - 29f7c5b0-38c0-4ce1-a6ce-82e2da63c783: start FollowerState
2019-07-30 11:54:53,014 INFO  impl.FollowerState (FollowerState.java:run(114)) - 6ab1e59a-4ef6-4c1c-b00f-c378339fb8d6: FollowerState was interrupted: java.lang.InterruptedException: sleep interrupted
2019-07-30 11:54:53,014 INFO  impl.RoleInfo (RoleInfo.java:updateAndGet(143)) - 6ab1e59a-4ef6-4c1c-b00f-c378339fb8d6: start FollowerState
2019-07-30 11:54:53,014 INFO  impl.FollowerState (FollowerState.java:run(114)) - 29f7c5b0-38c0-4ce1-a6ce-82e2da63c783: FollowerState was interrupted: java.lang.InterruptedException: sleep interrupted
2019-07-30 11:54:53,043 INFO  impl.LeaderElection (LeaderElection.java:logAndReturn(56)) - 6f9795b6-21d7-4f32-b8cb-29e6d82d3aef:group-44909C03443D:LeaderElection4: Election PASSED; received 1 response(s) [6f9795b6-21d7-4f32-b8cb-29e6d82d3aef<-29f7c5b0-38c0-4ce1-a6ce-82e2da63c783#0:OK-t1] and 0 exception(s); 6f9795b6-21d7-4f32-b8cb-29e6d82d3aef:t1, leader=null, voted=6f9795b6-21d7-4f32-b8cb-29e6d82d3aef, raftlog=6f9795b6-21d7-4f32-b8cb-29e6d82d3aef-SegmentedRaftLog:OPENED:c-1,f-1,i0, conf=-1: [6ab1e59a-4ef6-4c1c-b00f-c378339fb8d6:192.168.69.125:37780, 29f7c5b0-38c0-4ce1-a6ce-82e2da63c783:192.168.69.125:41868, 6f9795b6-21d7-4f32-b8cb-29e6d82d3aef:192.168.69.125:41596], old=null
2019-07-30 11:54:53,044 INFO  impl.RoleInfo (RoleInfo.java:shutdownLeaderElection(134)) - 6f9795b6-21d7-4f32-b8cb-29e6d82d3aef: shutdown LeaderElection
2019-07-30 11:54:53,044 INFO  impl.RaftServerImpl (RaftServerImpl.java:setRole(171)) - 6f9795b6-21d7-4f32-b8cb-29e6d82d3aef:group-44909C03443D changes role from CANDIDATE to LEADER at term 1 for changeToLeader
2019-07-30 11:54:53,044 INFO  impl.RaftServerImpl (ServerState.java:setLeader(263)) - 6f9795b6-21d7-4f32-b8cb-29e6d82d3aef:group-44909C03443D change Leader from null to 6f9795b6-21d7-4f32-b8cb-29e6d82d3aef at term 1 for becomeLeader, leader elected after 5116ms
2019-07-30 11:54:53,046 INFO  server.RaftServerConfigKeys (ConfUtils.java:logGet(43)) - raft.server.staging.catchup.gap = 1000 (default)
2019-07-30 11:54:53,047 INFO  server.RaftServerConfigKeys (ConfUtils.java:logGet(43)) - raft.server.rpc.sleep.time = 25ms (default)
2019-07-30 11:54:53,047 INFO  server.RaftServerConfigKeys (ConfUtils.java:logGet(43)) - raft.server.write.element-limit = 4096 (default)
2019-07-30 11:54:53,047 INFO  server.RaftServerConfigKeys (ConfUtils.java:logGet(43)) - raft.server.watch.timeout = 10s (default)
2019-07-30 11:54:53,047 INFO  server.RaftServerConfigKeys (ConfUtils.java:logGet(43)) - raft.server.watch.timeout.denomination = 1s (default)
2019-07-30 11:54:53,047 INFO  server.RaftServerConfigKeys (ConfUtils.java:logGet(43)) - raft.server.watch.element-limit = 65536 (default)
2019-07-30 11:54:53,049 INFO  server.RaftServerConfigKeys (ConfUtils.java:logGet(43)) - raft.server.log.appender.snapshot.chunk.size.max = 16MB (=16777216) (default)
2019-07-30 11:54:53,049 INFO  server.RaftServerConfigKeys (ConfUtils.java:logGet(43)) - raft.server.log.appender.buffer.byte-limit = 33554432 (custom)
2019-07-30 11:54:53,050 INFO  server.RaftServerConfigKeys (ConfUtils.java:logGet(43)) - raft.server.log.appender.buffer.element-limit = 1 (custom)
2019-07-30 11:54:53,053 INFO  grpc.GrpcConfigKeys$Server (ConfUtils.java:logGet(43)) - raft.grpc.server.leader.outstanding.appends.max = 128 (default)
2019-07-30 11:54:53,066 INFO  server.RaftServerConfigKeys (ConfUtils.java:logGet(43)) - raft.server.rpc.request.timeout = 3000ms (default)
2019-07-30 11:54:53,066 INFO  server.RaftServerConfigKeys (ConfUtils.java:logGet(43)) - raft.server.log.appender.install.snapshot.enabled = false (custom)
2019-07-30 11:54:53,067 INFO  server.RaftServerConfigKeys (ConfUtils.java:logGet(43)) - raft.server.log.appender.snapshot.chunk.size.max = 16MB (=16777216) (default)
2019-07-30 11:54:53,067 INFO  server.RaftServerConfigKeys (ConfUtils.java:logGet(43)) - raft.server.log.appender.buffer.byte-limit = 33554432 (custom)
2019-07-30 11:54:53,067 INFO  server.RaftServerConfigKeys (ConfUtils.java:logGet(43)) - raft.server.log.appender.buffer.element-limit = 1 (custom)
2019-07-30 11:54:53,067 INFO  grpc.GrpcConfigKeys$Server (ConfUtils.java:logGet(43)) - raft.grpc.server.leader.outstanding.appends.max = 128 (default)
2019-07-30 11:54:53,067 INFO  server.RaftServerConfigKeys (ConfUtils.java:logGet(43)) - raft.server.rpc.request.timeout = 3000ms (default)
2019-07-30 11:54:53,067 INFO  server.RaftServerConfigKeys (ConfUtils.java:logGet(43)) - raft.server.log.appender.install.snapshot.enabled = false (custom)
2019-07-30 11:54:53,069 INFO  impl.RoleInfo (RoleInfo.java:updateAndGet(143)) - 6f9795b6-21d7-4f32-b8cb-29e6d82d3aef: start LeaderState
2019-07-30 11:54:53,069 INFO  segmented.SegmentedRaftLogWorker (SegmentedRaftLogWorker.java:startLogSegment(380)) - 6f9795b6-21d7-4f32-b8cb-29e6d82d3aef-SegmentedRaftLogWorker:Storage Directory /workdir/hadoop-ozone/tools/target/test-dir/MiniOzoneClusterImpl-5ce8312a-1df5-4acd-b8d5-bb5ab6b86f4a/datanode-0/data/ratis/0e61f6f9-b224-4dcf-ba3e-44909c03443d: Starting segment from index:0
2019-07-30 11:54:53,070 INFO  impl.RaftServerImpl (ServerState.java:setRaftConf(361)) - 6f9795b6-21d7-4f32-b8cb-29e6d82d3aef:group-44909C03443D set configuration 0: [6ab1e59a-4ef6-4c1c-b00f-c378339fb8d6:192.168.69.125:37780, 29f7c5b0-38c0-4ce1-a6ce-82e2da63c783:192.168.69.125:41868, 6f9795b6-21d7-4f32-b8cb-29e6d82d3aef:192.168.69.125:41596], old=null at 0
2019-07-30 11:54:53,087 INFO  segmented.SegmentedRaftLogWorker (SegmentedRaftLogWorker.java:execute(569)) - 6ab1e59a-4ef6-4c1c-b00f-c378339fb8d6-SegmentedRaftLogWorker:Storage Directory /workdir/hadoop-ozone/tools/target/test-dir/MiniOzoneClusterImpl-5ce8312a-1df5-4acd-b8d5-bb5ab6b86f4a/datanode-1/data/ratis/59ff5c1b-2491-47b2-93be-dfc6e592eac1: created new log segment /workdir/hadoop-ozone/tools/target/test-dir/MiniOzoneClusterImpl-5ce8312a-1df5-4acd-b8d5-bb5ab6b86f4a/datanode-1/data/ratis/59ff5c1b-2491-47b2-93be-dfc6e592eac1/current/log_inprogress_0
2019-07-30 11:54:53,087 INFO  segmented.SegmentedRaftLogWorker (SegmentedRaftLogWorker.java:execute(569)) - 29f7c5b0-38c0-4ce1-a6ce-82e2da63c783-SegmentedRaftLogWorker:Storage Directory /workdir/hadoop-ozone/tools/target/test-dir/MiniOzoneClusterImpl-5ce8312a-1df5-4acd-b8d5-bb5ab6b86f4a/datanode-2/data/ratis/1c2c591c-2db0-44a8-8e95-272a2ed44f50: created new log segment /workdir/hadoop-ozone/tools/target/test-dir/MiniOzoneClusterImpl-5ce8312a-1df5-4acd-b8d5-bb5ab6b86f4a/datanode-2/data/ratis/1c2c591c-2db0-44a8-8e95-272a2ed44f50/current/log_inprogress_0
2019-07-30 11:54:53,088 INFO  segmented.SegmentedRaftLogWorker (SegmentedRaftLogWorker.java:execute(569)) - 6f9795b6-21d7-4f32-b8cb-29e6d82d3aef-SegmentedRaftLogWorker:Storage Directory /workdir/hadoop-ozone/tools/target/test-dir/MiniOzoneClusterImpl-5ce8312a-1df5-4acd-b8d5-bb5ab6b86f4a/datanode-0/data/ratis/3b943e9e-1767-4d93-840d-d6f642ef6730: created new log segment /workdir/hadoop-ozone/tools/target/test-dir/MiniOzoneClusterImpl-5ce8312a-1df5-4acd-b8d5-bb5ab6b86f4a/datanode-0/data/ratis/3b943e9e-1767-4d93-840d-d6f642ef6730/current/log_inprogress_0
2019-07-30 11:54:53,100 INFO  segmented.SegmentedRaftLogWorker (SegmentedRaftLogWorker.java:execute(569)) - 6f9795b6-21d7-4f32-b8cb-29e6d82d3aef-SegmentedRaftLogWorker:Storage Directory /workdir/hadoop-ozone/tools/target/test-dir/MiniOzoneClusterImpl-5ce8312a-1df5-4acd-b8d5-bb5ab6b86f4a/datanode-0/data/ratis/0e61f6f9-b224-4dcf-ba3e-44909c03443d: created new log segment /workdir/hadoop-ozone/tools/target/test-dir/MiniOzoneClusterImpl-5ce8312a-1df5-4acd-b8d5-bb5ab6b86f4a/datanode-0/data/ratis/0e61f6f9-b224-4dcf-ba3e-44909c03443d/current/log_inprogress_0
2019-07-30 11:54:53,109 INFO  impl.RaftServerImpl (ServerState.java:setLeader(263)) - 29f7c5b0-38c0-4ce1-a6ce-82e2da63c783:group-44909C03443D change Leader from null to 6f9795b6-21d7-4f32-b8cb-29e6d82d3aef at term 1 for appendEntries, leader elected after 5180ms
2019-07-30 11:54:53,110 INFO  impl.RaftServerImpl (ServerState.java:setLeader(263)) - 6ab1e59a-4ef6-4c1c-b00f-c378339fb8d6:group-44909C03443D change Leader from null to 6f9795b6-21d7-4f32-b8cb-29e6d82d3aef at term 1 for appendEntries, leader elected after 5182ms
2019-07-30 11:54:53,140 INFO  impl.RaftServerImpl (ServerState.java:setRaftConf(361)) - 6ab1e59a-4ef6-4c1c-b00f-c378339fb8d6:group-44909C03443D set configuration 0: [6ab1e59a-4ef6-4c1c-b00f-c378339fb8d6:192.168.69.125:37780, 29f7c5b0-38c0-4ce1-a6ce-82e2da63c783:192.168.69.125:41868, 6f9795b6-21d7-4f32-b8cb-29e6d82d3aef:192.168.69.125:41596], old=null at 0
2019-07-30 11:54:53,140 INFO  impl.RaftServerImpl (ServerState.java:setRaftConf(361)) - 29f7c5b0-38c0-4ce1-a6ce-82e2da63c783:group-44909C03443D set configuration 0: [6ab1e59a-4ef6-4c1c-b00f-c378339fb8d6:192.168.69.125:37780, 29f7c5b0-38c0-4ce1-a6ce-82e2da63c783:192.168.69.125:41868, 6f9795b6-21d7-4f32-b8cb-29e6d82d3aef:192.168.69.125:41596], old=null at 0
2019-07-30 11:54:53,140 INFO  segmented.SegmentedRaftLogWorker (SegmentedRaftLogWorker.java:startLogSegment(380)) - 6ab1e59a-4ef6-4c1c-b00f-c378339fb8d6-SegmentedRaftLogWorker:Storage Directory /workdir/hadoop-ozone/tools/target/test-dir/MiniOzoneClusterImpl-5ce8312a-1df5-4acd-b8d5-bb5ab6b86f4a/datanode-1/data/ratis/0e61f6f9-b224-4dcf-ba3e-44909c03443d: Starting segment from index:0
2019-07-30 11:54:53,140 INFO  segmented.SegmentedRaftLogWorker (SegmentedRaftLogWorker.java:startLogSegment(380)) - 29f7c5b0-38c0-4ce1-a6ce-82e2da63c783-SegmentedRaftLogWorker:Storage Directory /workdir/hadoop-ozone/tools/target/test-dir/MiniOzoneClusterImpl-5ce8312a-1df5-4acd-b8d5-bb5ab6b86f4a/datanode-2/data/ratis/0e61f6f9-b224-4dcf-ba3e-44909c03443d: Starting segment from index:0
2019-07-30 11:54:53,168 INFO  segmented.SegmentedRaftLogWorker (SegmentedRaftLogWorker.java:execute(569)) - 29f7c5b0-38c0-4ce1-a6ce-82e2da63c783-SegmentedRaftLogWorker:Storage Directory /workdir/hadoop-ozone/tools/target/test-dir/MiniOzoneClusterImpl-5ce8312a-1df5-4acd-b8d5-bb5ab6b86f4a/datanode-2/data/ratis/0e61f6f9-b224-4dcf-ba3e-44909c03443d: created new log segment /workdir/hadoop-ozone/tools/target/test-dir/MiniOzoneClusterImpl-5ce8312a-1df5-4acd-b8d5-bb5ab6b86f4a/datanode-2/data/ratis/0e61f6f9-b224-4dcf-ba3e-44909c03443d/current/log_inprogress_0
2019-07-30 11:54:53,168 INFO  segmented.SegmentedRaftLogWorker (SegmentedRaftLogWorker.java:execute(569)) - 6ab1e59a-4ef6-4c1c-b00f-c378339fb8d6-SegmentedRaftLogWorker:Storage Directory /workdir/hadoop-ozone/tools/target/test-dir/MiniOzoneClusterImpl-5ce8312a-1df5-4acd-b8d5-bb5ab6b86f4a/datanode-1/data/ratis/0e61f6f9-b224-4dcf-ba3e-44909c03443d: created new log segment /workdir/hadoop-ozone/tools/target/test-dir/MiniOzoneClusterImpl-5ce8312a-1df5-4acd-b8d5-bb5ab6b86f4a/datanode-1/data/ratis/0e61f6f9-b224-4dcf-ba3e-44909c03443d/current/log_inprogress_0
 0.00% |█                                                                                                    |  0/1 Time: 0:00:052019-07-30 11:54:53,928 INFO  client.GrpcClientProtocolClient (GrpcClientProtocolClient.java:onNext(255)) - client-583D3D7E35FD->29f7c5b0-38c0-4ce1-a6ce-82e2da63c783: receive RaftClientReply:client-583D3D7E35FD->29f7c5b0-38c0-4ce1-a6ce-82e2da63c783@group-44909C03443D, cid=6, FAILED org.apache.ratis.protocol.NotLeaderException: Server 29f7c5b0-38c0-4ce1-a6ce-82e2da63c783 is not the leader (6f9795b6-21d7-4f32-b8cb-29e6d82d3aef:192.168.69.125:41596). Request must be sent to leader., logIndex=0, commits[29f7c5b0-38c0-4ce1-a6ce-82e2da63c783:c0, 6ab1e59a-4ef6-4c1c-b00f-c378339fb8d6:c-1, 6f9795b6-21d7-4f32-b8cb-29e6d82d3aef:c0]
2019-07-30 11:54:54,260 INFO  client.GrpcClientProtocolClient (GrpcClientProtocolClient.java:onNext(255)) - client-583D3D7E35FD->6f9795b6-21d7-4f32-b8cb-29e6d82d3aef: receive RaftClientReply:client-583D3D7E35FD->6f9795b6-21d7-4f32-b8cb-29e6d82d3aef@group-44909C03443D, cid=6, SUCCESS, logIndex=1, commits[6f9795b6-21d7-4f32-b8cb-29e6d82d3aef:c1, 6ab1e59a-4ef6-4c1c-b00f-c378339fb8d6:c0, 29f7c5b0-38c0-4ce1-a6ce-82e2da63c783:c0]
 0.00% |█                                                                                                    |  0/1 Time: 0:00:062019-07-30 11:54:54,370 INFO  client.GrpcClientProtocolClient (GrpcClientProtocolClient.java:onNext(255)) - client-583D3D7E35FD->6f9795b6-21d7-4f32-b8cb-29e6d82d3aef: receive RaftClientReply:client-583D3D7E35FD->6f9795b6-21d7-4f32-b8cb-29e6d82d3aef@group-44909C03443D, cid=7, SUCCESS, logIndex=3, commits[6f9795b6-21d7-4f32-b8cb-29e6d82d3aef:c8, 6ab1e59a-4ef6-4c1c-b00f-c378339fb8d6:c6, 29f7c5b0-38c0-4ce1-a6ce-82e2da63c783:c6]
2019-07-30 11:54:54,373 INFO  client.GrpcClientProtocolClient (GrpcClientProtocolClient.java:onNext(255)) - client-583D3D7E35FD->6f9795b6-21d7-4f32-b8cb-29e6d82d3aef: receive RaftClientReply:client-583D3D7E35FD->6f9795b6-21d7-4f32-b8cb-29e6d82d3aef@group-44909C03443D, cid=8, SUCCESS, logIndex=4, commits[6f9795b6-21d7-4f32-b8cb-29e6d82d3aef:c8, 6ab1e59a-4ef6-4c1c-b00f-c378339fb8d6:c6, 29f7c5b0-38c0-4ce1-a6ce-82e2da63c783:c6]
2019-07-30 11:54:54,457 INFO  client.GrpcClientProtocolClient (GrpcClientProtocolClient.java:onNext(255)) - client-583D3D7E35FD->6f9795b6-21d7-4f32-b8cb-29e6d82d3aef: receive RaftClientReply:client-583D3D7E35FD->6f9795b6-21d7-4f32-b8cb-29e6d82d3aef@group-44909C03443D, cid=9, SUCCESS, logIndex=5, commits[6f9795b6-21d7-4f32-b8cb-29e6d82d3aef:c8, 6ab1e59a-4ef6-4c1c-b00f-c378339fb8d6:c6, 29f7c5b0-38c0-4ce1-a6ce-82e2da63c783:c6]
2019-07-30 11:54:54,512 INFO  client.GrpcClientProtocolClient (GrpcClientProtocolClient.java:onNext(255)) - client-583D3D7E35FD->6f9795b6-21d7-4f32-b8cb-29e6d82d3aef: receive RaftClientReply:client-583D3D7E35FD->6f9795b6-21d7-4f32-b8cb-29e6d82d3aef@group-44909C03443D, cid=10, SUCCESS, logIndex=9, commits[6f9795b6-21d7-4f32-b8cb-29e6d82d3aef:c10, 6ab1e59a-4ef6-4c1c-b00f-c378339fb8d6:c8, 29f7c5b0-38c0-4ce1-a6ce-82e2da63c783:c8]
2019-07-30 11:54:54,514 INFO  client.GrpcClientProtocolClient (GrpcClientProtocolClient.java:onNext(255)) - client-583D3D7E35FD->6f9795b6-21d7-4f32-b8cb-29e6d82d3aef: receive RaftClientReply:client-583D3D7E35FD->6f9795b6-21d7-4f32-b8cb-29e6d82d3aef@group-44909C03443D, cid=11, SUCCESS, logIndex=10, commits[6f9795b6-21d7-4f32-b8cb-29e6d82d3aef:c10, 6ab1e59a-4ef6-4c1c-b00f-c378339fb8d6:c8, 29f7c5b0-38c0-4ce1-a6ce-82e2da63c783:c8]
2019-07-30 11:54:54,524 INFO  client.GrpcClientProtocolClient (GrpcClientProtocolClient.java:onNext(255)) - client-583D3D7E35FD->6f9795b6-21d7-4f32-b8cb-29e6d82d3aef: receive RaftClientReply:client-583D3D7E35FD->6f9795b6-21d7-4f32-b8cb-29e6d82d3aef@group-44909C03443D, cid=12, SUCCESS, logIndex=11, commits[6f9795b6-21d7-4f32-b8cb-29e6d82d3aef:c12, 6ab1e59a-4ef6-4c1c-b00f-c378339fb8d6:c8, 29f7c5b0-38c0-4ce1-a6ce-82e2da63c783:c8]
2019-07-30 11:54:54,525 INFO  client.GrpcClientProtocolClient (GrpcClientProtocolClient.java:onNext(255)) - client-583D3D7E35FD->6f9795b6-21d7-4f32-b8cb-29e6d82d3aef: receive RaftClientReply:client-583D3D7E35FD->6f9795b6-21d7-4f32-b8cb-29e6d82d3aef@group-44909C03443D, cid=13, SUCCESS, logIndex=12, commits[6f9795b6-21d7-4f32-b8cb-29e6d82d3aef:c14, 6ab1e59a-4ef6-4c1c-b00f-c378339fb8d6:c10, 29f7c5b0-38c0-4ce1-a6ce-82e2da63c783:c8]
2019-07-30 11:54:54,545 INFO  client.GrpcClientProtocolClient (GrpcClientProtocolClient.java:onNext(255)) - client-583D3D7E35FD->6f9795b6-21d7-4f32-b8cb-29e6d82d3aef: receive RaftClientReply:client-583D3D7E35FD->6f9795b6-21d7-4f32-b8cb-29e6d82d3aef@group-44909C03443D, cid=14, SUCCESS, logIndex=0, commits[6f9795b6-21d7-4f32-b8cb-29e6d82d3aef:c16, 6ab1e59a-4ef6-4c1c-b00f-c378339fb8d6:c12, 29f7c5b0-38c0-4ce1-a6ce-82e2da63c783:c12]
2019-07-30 11:54:54,552 INFO  client.GrpcClientProtocolClient (GrpcClientProtocolClient.java:onNext(255)) - client-583D3D7E35FD->6f9795b6-21d7-4f32-b8cb-29e6d82d3aef: receive RaftClientReply:client-583D3D7E35FD->6f9795b6-21d7-4f32-b8cb-29e6d82d3aef@group-44909C03443D, cid=15, SUCCESS, logIndex=0, commits[6f9795b6-21d7-4f32-b8cb-29e6d82d3aef:c16, 6ab1e59a-4ef6-4c1c-b00f-c378339fb8d6:c12, 29f7c5b0-38c0-4ce1-a6ce-82e2da63c783:c12]
2019-07-30 11:54:54,676 INFO  client.GrpcClientProtocolClient (GrpcClientProtocolClient.java:onNext(255)) - client-583D3D7E35FD->6f9795b6-21d7-4f32-b8cb-29e6d82d3aef: receive RaftClientReply:client-583D3D7E35FD->6f9795b6-21d7-4f32-b8cb-29e6d82d3aef@group-44909C03443D, cid=16, SUCCESS, logIndex=17, commits[6f9795b6-21d7-4f32-b8cb-29e6d82d3aef:c18, 6ab1e59a-4ef6-4c1c-b00f-c378339fb8d6:c12, 29f7c5b0-38c0-4ce1-a6ce-82e2da63c783:c16]
2019-07-30 11:54:54,741 INFO  client.GrpcClientProtocolClient (GrpcClientProtocolClient.java:onNext(255)) - client-583D3D7E35FD->6f9795b6-21d7-4f32-b8cb-29e6d82d3aef: receive RaftClientReply:client-583D3D7E35FD->6f9795b6-21d7-4f32-b8cb-29e6d82d3aef@group-44909C03443D, cid=17, SUCCESS, logIndex=18, commits[6f9795b6-21d7-4f32-b8cb-29e6d82d3aef:c24, 6ab1e59a-4ef6-4c1c-b00f-c378339fb8d6:c20, 29f7c5b0-38c0-4ce1-a6ce-82e2da63c783:c20]
2019-07-30 11:54:54,742 INFO  client.GrpcClientProtocolClient (GrpcClientProtocolClient.java:onNext(255)) - client-583D3D7E35FD->6f9795b6-21d7-4f32-b8cb-29e6d82d3aef: receive RaftClientReply:client-583D3D7E35FD->6f9795b6-21d7-4f32-b8cb-29e6d82d3aef@group-44909C03443D, cid=18, SUCCESS, logIndex=19, commits[6f9795b6-21d7-4f32-b8cb-29e6d82d3aef:c24, 6ab1e59a-4ef6-4c1c-b00f-c378339fb8d6:c20, 29f7c5b0-38c0-4ce1-a6ce-82e2da63c783:c20]
2019-07-30 11:54:54,837 INFO  client.GrpcClientProtocolClient (GrpcClientProtocolClient.java:onNext(255)) - client-583D3D7E35FD->6f9795b6-21d7-4f32-b8cb-29e6d82d3aef: receive RaftClientReply:client-583D3D7E35FD->6f9795b6-21d7-4f32-b8cb-29e6d82d3aef@group-44909C03443D, cid=19, SUCCESS, logIndex=20, commits[6f9795b6-21d7-4f32-b8cb-29e6d82d3aef:c24, 6ab1e59a-4ef6-4c1c-b00f-c378339fb8d6:c20, 29f7c5b0-38c0-4ce1-a6ce-82e2da63c783:c20]
2019-07-30 11:54:54,892 INFO  client.GrpcClientProtocolClient (GrpcClientProtocolClient.java:onNext(255)) - client-583D3D7E35FD->6f9795b6-21d7-4f32-b8cb-29e6d82d3aef: receive RaftClientReply:client-583D3D7E35FD->6f9795b6-21d7-4f32-b8cb-29e6d82d3aef@group-44909C03443D, cid=20, SUCCESS, logIndex=25, commits[6f9795b6-21d7-4f32-b8cb-29e6d82d3aef:c27, 6ab1e59a-4ef6-4c1c-b00f-c378339fb8d6:c24, 29f7c5b0-38c0-4ce1-a6ce-82e2da63c783:c24]
2019-07-30 11:54:54,894 INFO  client.GrpcClientProtocolClient (GrpcClientProtocolClient.java:onNext(255)) - client-583D3D7E35FD->6f9795b6-21d7-4f32-b8cb-29e6d82d3aef: receive RaftClientReply:client-583D3D7E35FD->6f9795b6-21d7-4f32-b8cb-29e6d82d3aef@group-44909C03443D, cid=21, SUCCESS, logIndex=26, commits[6f9795b6-21d7-4f32-b8cb-29e6d82d3aef:c28, 6ab1e59a-4ef6-4c1c-b00f-c378339fb8d6:c24, 29f7c5b0-38c0-4ce1-a6ce-82e2da63c783:c24]
2019-07-30 11:54:54,902 INFO  client.GrpcClientProtocolClient (GrpcClientProtocolClient.java:onNext(255)) - client-583D3D7E35FD->6f9795b6-21d7-4f32-b8cb-29e6d82d3aef: receive RaftClientReply:client-583D3D7E35FD->6f9795b6-21d7-4f32-b8cb-29e6d82d3aef@group-44909C03443D, cid=22, SUCCESS, logIndex=27, commits[6f9795b6-21d7-4f32-b8cb-29e6d82d3aef:c28, 6ab1e59a-4ef6-4c1c-b00f-c378339fb8d6:c24, 29f7c5b0-38c0-4ce1-a6ce-82e2da63c783:c26]
2019-07-30 11:54:54,904 INFO  client.GrpcClientProtocolClient (GrpcClientProtocolClient.java:onNext(255)) - client-583D3D7E35FD->6f9795b6-21d7-4f32-b8cb-29e6d82d3aef: receive RaftClientReply:client-583D3D7E35FD->6f9795b6-21d7-4f32-b8cb-29e6d82d3aef@group-44909C03443D, cid=23, SUCCESS, logIndex=28, commits[6f9795b6-21d7-4f32-b8cb-29e6d82d3aef:c29, 6ab1e59a-4ef6-4c1c-b00f-c378339fb8d6:c26, 29f7c5b0-38c0-4ce1-a6ce-82e2da63c783:c26]
2019-07-30 11:54:54,911 INFO  client.GrpcClientProtocolClient (GrpcClientProtocolClient.java:onNext(255)) - client-583D3D7E35FD->6f9795b6-21d7-4f32-b8cb-29e6d82d3aef: receive RaftClientReply:client-583D3D7E35FD->6f9795b6-21d7-4f32-b8cb-29e6d82d3aef@group-44909C03443D, cid=24, SUCCESS, logIndex=0, commits[6f9795b6-21d7-4f32-b8cb-29e6d82d3aef:c32, 6ab1e59a-4ef6-4c1c-b00f-c378339fb8d6:c28, 29f7c5b0-38c0-4ce1-a6ce-82e2da63c783:c28]
2019-07-30 11:54:54,924 INFO  keyvalue.KeyValueHandler (ContainerUtils.java:logAndReturnError(146)) - Operation: CreateContainer : Trace ID: 4f66a52dda516803:847c9d234eeca734:5d0b69c679773151:0 : Message: Container creation failed, due to disk out of space : Result: DISK_OUT_OF_SPACE
2019-07-30 11:54:54,931 INFO  keyvalue.KeyValueHandler (ContainerUtils.java:logAndReturnError(146)) - Operation: CreateContainer : Trace ID: 4f66a52dda516803:847c9d234eeca734:5d0b69c679773151:0 : Message: Container creation failed, due to disk out of space : Result: DISK_OUT_OF_SPACE
2019-07-30 11:54:54,937 INFO  keyvalue.KeyValueHandler (ContainerUtils.java:logAndReturnError(146)) - Operation: CreateContainer : Trace ID: 4f66a52dda516803:847c9d234eeca734:5d0b69c679773151:0 : Message: Container creation failed, due to disk out of space : Result: DISK_OUT_OF_SPACE
2019-07-30 11:54:54,938 INFO  keyvalue.KeyValueHandler (ContainerUtils.java:logAndReturnError(146)) - Operation: CreateContainer : Trace ID: 4f66a52dda516803:8bb2b8444a0d2f9c:5d0b69c679773151:0 : Message: Container creation failed, due to disk out of space : Result: DISK_OUT_OF_SPACE
11:54:54.936 [pool-48-thread-9] ERROR DNAudit - user=null | ip=null | op=WRITE_CHUNK {blockData=conID: 3 locID: 102530265153339395 bcsId: 0} | ret=FAILURE
org.apache.hadoop.hdds.scm.container.common.helpers.StorageContainerException: ContainerID 3 creation failed
	at org.apache.hadoop.ozone.container.common.impl.HddsDispatcher.dispatchRequest(HddsDispatcher.java:227) ~[classes/:?]
	at org.apache.hadoop.ozone.container.common.impl.HddsDispatcher.dispatch(HddsDispatcher.java:148) ~[classes/:?]
	at org.apache.hadoop.ozone.container.common.transport.server.ratis.ContainerStateMachine.dispatchCommand(ContainerStateMachine.java:374) ~[classes/:?]
	at org.apache.hadoop.ozone.container.common.transport.server.ratis.ContainerStateMachine.runCommand(ContainerStateMachine.java:381) ~[classes/:?]
	at org.apache.hadoop.ozone.container.common.transport.server.ratis.ContainerStateMachine.lambda$handleWriteChunk$1(ContainerStateMachine.java:412) ~[classes/:?]
	at java.util.concurrent.CompletableFuture$AsyncSupply.run(CompletableFuture.java:1590) [?:1.8.0_212]
	at java.util.concurrent.ThreadPoolExecutor.runWorker(ThreadPoolExecutor.java:1149) [?:1.8.0_212]
	at java.util.concurrent.ThreadPoolExecutor$Worker.run(ThreadPoolExecutor.java:624) [?:1.8.0_212]
	at java.lang.Thread.run(Thread.java:748) [?:1.8.0_212]
11:54:54.938 [pool-37-thread-9] ERROR DNAudit - user=null | ip=null | op=WRITE_CHUNK {blockData=conID: 3 locID: 102530265153339395 bcsId: 0} | ret=FAILURE
org.apache.hadoop.hdds.scm.container.common.helpers.StorageContainerException: ContainerID 3 creation failed
	at org.apache.hadoop.ozone.container.common.impl.HddsDispatcher.dispatchRequest(HddsDispatcher.java:227) ~[classes/:?]
	at org.apache.hadoop.ozone.container.common.impl.HddsDispatcher.dispatch(HddsDispatcher.java:148) ~[classes/:?]
	at org.apache.hadoop.ozone.container.common.transport.server.ratis.ContainerStateMachine.dispatchCommand(ContainerStateMachine.java:374) ~[classes/:?]
	at org.apache.hadoop.ozone.container.common.transport.server.ratis.ContainerStateMachine.runCommand(ContainerStateMachine.java:381) ~[classes/:?]
	at org.apache.hadoop.ozone.container.common.transport.server.ratis.ContainerStateMachine.lambda$handleWriteChunk$1(ContainerStateMachine.java:412) ~[classes/:?]
	at java.util.concurrent.CompletableFuture$AsyncSupply.run(CompletableFuture.java:1590) [?:1.8.0_212]
	at java.util.concurrent.ThreadPoolExecutor.runWorker(ThreadPoolExecutor.java:1149) [?:1.8.0_212]
	at java.util.concurrent.ThreadPoolExecutor$Worker.run(ThreadPoolExecutor.java:624) [?:1.8.0_212]
	at java.lang.Thread.run(Thread.java:748) [?:1.8.0_212]
11:54:54.938 [pool-26-thread-28] ERROR DNAudit - user=null | ip=null | op=WRITE_CHUNK {blockData=conID: 3 locID: 102530265153339395 bcsId: 0} | ret=FAILURE
org.apache.hadoop.hdds.scm.container.common.helpers.StorageContainerException: ContainerID 3 creation failed
	at org.apache.hadoop.ozone.container.common.impl.HddsDispatcher.dispatchRequest(HddsDispatcher.java:227) ~[classes/:?]
	at org.apache.hadoop.ozone.container.common.impl.HddsDispatcher.dispatch(HddsDispatcher.java:148) ~[classes/:?]
	at org.apache.hadoop.ozone.container.common.transport.server.ratis.ContainerStateMachine.dispatchCommand(ContainerStateMachine.java:374) ~[classes/:?]
	at org.apache.hadoop.ozone.container.common.transport.server.ratis.ContainerStateMachine.runCommand(ContainerStateMachine.java:381) ~[classes/:?]
	at org.apache.hadoop.ozone.container.common.transport.server.ratis.ContainerStateMachine.lambda$handleWriteChunk$1(ContainerStateMachine.java:412) ~[classes/:?]
	at java.util.concurrent.CompletableFuture$AsyncSupply.run(CompletableFuture.java:1590) [?:1.8.0_212]
	at java.util.concurrent.ThreadPoolExecutor.runWorker(ThreadPoolExecutor.java:1149) [?:1.8.0_212]
	at java.util.concurrent.ThreadPoolExecutor$Worker.run(ThreadPoolExecutor.java:624) [?:1.8.0_212]
	at java.lang.Thread.run(Thread.java:748) [?:1.8.0_212]
11:54:54.927 [pool-26-thread-25] ERROR DNAudit - user=null | ip=null | op=WRITE_CHUNK {blockData=conID: 3 locID: 102530265153339395 bcsId: 0} | ret=FAILURE
org.apache.hadoop.hdds.scm.container.common.helpers.StorageContainerException: ContainerID 3 creation failed
	at org.apache.hadoop.ozone.container.common.impl.HddsDispatcher.dispatchRequest(HddsDispatcher.java:227) ~[classes/:?]
	at org.apache.hadoop.ozone.container.common.impl.HddsDispatcher.dispatch(HddsDispatcher.java:148) ~[classes/:?]
	at org.apache.hadoop.ozone.container.common.transport.server.ratis.ContainerStateMachine.dispatchCommand(ContainerStateMachine.java:374) ~[classes/:?]
	at org.apache.hadoop.ozone.container.common.transport.server.ratis.ContainerStateMachine.runCommand(ContainerStateMachine.java:381) ~[classes/:?]
	at org.apache.hadoop.ozone.container.common.transport.server.ratis.ContainerStateMachine.lambda$handleWriteChunk$1(ContainerStateMachine.java:412) ~[classes/:?]
	at java.util.concurrent.CompletableFuture$AsyncSupply.run(CompletableFuture.java:1590) [?:1.8.0_212]
	at java.util.concurrent.ThreadPoolExecutor.runWorker(ThreadPoolExecutor.java:1149) [?:1.8.0_212]
	at java.util.concurrent.ThreadPoolExecutor$Worker.run(ThreadPoolExecutor.java:624) [?:1.8.0_212]
	at java.lang.Thread.run(Thread.java:748) [?:1.8.0_212]
2019-07-30 11:54:54,944 INFO  keyvalue.KeyValueHandler (ContainerUtils.java:logAndReturnError(146)) - Operation: CreateContainer : Trace ID: 4f66a52dda516803:8bb2b8444a0d2f9c:5d0b69c679773151:0 : Message: Container creation failed, due to disk out of space : Result: DISK_OUT_OF_SPACE
2019-07-30 11:54:54,944 INFO  keyvalue.KeyValueHandler (ContainerUtils.java:logAndReturnError(146)) - Operation: CreateContainer : Trace ID: 4f66a52dda516803:8bb2b8444a0d2f9c:5d0b69c679773151:0 : Message: Container creation failed, due to disk out of space : Result: DISK_OUT_OF_SPACE
11:54:54.945 [pool-48-thread-10] ERROR DNAudit - user=null | ip=null | op=WRITE_CHUNK {blockData=conID: 3 locID: 102530265153339395 bcsId: 0} | ret=FAILURE
org.apache.hadoop.hdds.scm.container.common.helpers.StorageContainerException: ContainerID 3 creation failed
	at org.apache.hadoop.ozone.container.common.impl.HddsDispatcher.dispatchRequest(HddsDispatcher.java:227) ~[classes/:?]
	at org.apache.hadoop.ozone.container.common.impl.HddsDispatcher.dispatch(HddsDispatcher.java:148) ~[classes/:?]
	at org.apache.hadoop.ozone.container.common.transport.server.ratis.ContainerStateMachine.dispatchCommand(ContainerStateMachine.java:374) ~[classes/:?]
	at org.apache.hadoop.ozone.container.common.transport.server.ratis.ContainerStateMachine.runCommand(ContainerStateMachine.java:381) ~[classes/:?]
	at org.apache.hadoop.ozone.container.common.transport.server.ratis.ContainerStateMachine.lambda$handleWriteChunk$1(ContainerStateMachine.java:412) ~[classes/:?]
	at java.util.concurrent.CompletableFuture$AsyncSupply.run(CompletableFuture.java:1590) [?:1.8.0_212]
	at java.util.concurrent.ThreadPoolExecutor.runWorker(ThreadPoolExecutor.java:1149) [?:1.8.0_212]
	at java.util.concurrent.ThreadPoolExecutor$Worker.run(ThreadPoolExecutor.java:624) [?:1.8.0_212]
	at java.lang.Thread.run(Thread.java:748) [?:1.8.0_212]
11:54:54.945 [pool-37-thread-10] ERROR DNAudit - user=null | ip=null | op=WRITE_CHUNK {blockData=conID: 3 locID: 102530265153339395 bcsId: 0} | ret=FAILURE
org.apache.hadoop.hdds.scm.container.common.helpers.StorageContainerException: ContainerID 3 creation failed
	at org.apache.hadoop.ozone.container.common.impl.HddsDispatcher.dispatchRequest(HddsDispatcher.java:227) ~[classes/:?]
	at org.apache.hadoop.ozone.container.common.impl.HddsDispatcher.dispatch(HddsDispatcher.java:148) ~[classes/:?]
	at org.apache.hadoop.ozone.container.common.transport.server.ratis.ContainerStateMachine.dispatchCommand(ContainerStateMachine.java:374) ~[classes/:?]
	at org.apache.hadoop.ozone.container.common.transport.server.ratis.ContainerStateMachine.runCommand(ContainerStateMachine.java:381) ~[classes/:?]
	at org.apache.hadoop.ozone.container.common.transport.server.ratis.ContainerStateMachine.lambda$handleWriteChunk$1(ContainerStateMachine.java:412) ~[classes/:?]
	at java.util.concurrent.CompletableFuture$AsyncSupply.run(CompletableFuture.java:1590) [?:1.8.0_212]
	at java.util.concurrent.ThreadPoolExecutor.runWorker(ThreadPoolExecutor.java:1149) [?:1.8.0_212]
	at java.util.concurrent.ThreadPoolExecutor$Worker.run(ThreadPoolExecutor.java:624) [?:1.8.0_212]
	at java.lang.Thread.run(Thread.java:748) [?:1.8.0_212]
2019-07-30 11:54:54,948 INFO  impl.HddsDispatcher (ContainerUtils.java:logAndReturnError(146)) - Operation: WriteChunk : Trace ID: 4f66a52dda516803:8bb2b8444a0d2f9c:5d0b69c679773151:0 : Message: ContainerID 3 creation failed : Result: DISK_OUT_OF_SPACE
2019-07-30 11:54:54,949 INFO  impl.HddsDispatcher (ContainerUtils.java:logAndReturnError(146)) - Operation: WriteChunk : Trace ID: 4f66a52dda516803:8bb2b8444a0d2f9c:5d0b69c679773151:0 : Message: ContainerID 3 creation failed : Result: DISK_OUT_OF_SPACE
2019-07-30 11:54:54,948 INFO  impl.HddsDispatcher (ContainerUtils.java:logAndReturnError(146)) - Operation: WriteChunk : Trace ID: 4f66a52dda516803:847c9d234eeca734:5d0b69c679773151:0 : Message: ContainerID 3 creation failed : Result: DISK_OUT_OF_SPACE
2019-07-30 11:54:54,948 INFO  impl.HddsDispatcher (ContainerUtils.java:logAndReturnError(146)) - Operation: WriteChunk : Trace ID: 4f66a52dda516803:847c9d234eeca734:5d0b69c679773151:0 : Message: ContainerID 3 creation failed : Result: DISK_OUT_OF_SPACE
2019-07-30 11:54:54,948 INFO  impl.HddsDispatcher (ContainerUtils.java:logAndReturnError(146)) - Operation: WriteChunk : Trace ID: 4f66a52dda516803:847c9d234eeca734:5d0b69c679773151:0 : Message: ContainerID 3 creation failed : Result: DISK_OUT_OF_SPACE
2019-07-30 11:54:54,949 INFO  impl.HddsDispatcher (ContainerUtils.java:logAndReturnError(146)) - Operation: WriteChunk : Trace ID: 4f66a52dda516803:8bb2b8444a0d2f9c:5d0b69c679773151:0 : Message: ContainerID 3 creation failed : Result: DISK_OUT_OF_SPACE
11:54:54.965 [RatisApplyTransactionExecutor 3] ERROR DNAudit - user=null | ip=null | op=WRITE_CHUNK {blockData=conID: 3 locID: 102530265153339395 bcsId: 0} | ret=FAILURE
org.apache.hadoop.hdds.scm.container.common.helpers.StorageContainerException: ContainerID 3 does not exist
	at org.apache.hadoop.ozone.container.common.impl.HddsDispatcher.dispatchRequest(HddsDispatcher.java:242) ~[classes/:?]
	at org.apache.hadoop.ozone.container.common.impl.HddsDispatcher.dispatch(HddsDispatcher.java:148) ~[classes/:?]
	at org.apache.hadoop.ozone.container.common.transport.server.ratis.ContainerStateMachine.dispatchCommand(ContainerStateMachine.java:374) ~[classes/:?]
	at org.apache.hadoop.ozone.container.common.transport.server.ratis.ContainerStateMachine.runCommand(ContainerStateMachine.java:381) ~[classes/:?]
	at org.apache.hadoop.ozone.container.common.transport.server.ratis.ContainerStateMachine.lambda$applyTransaction$6(ContainerStateMachine.java:647) ~[classes/:?]
	at java.util.concurrent.CompletableFuture$AsyncSupply.run(CompletableFuture.java:1590) [?:1.8.0_212]
	at java.util.concurrent.ThreadPoolExecutor.runWorker(ThreadPoolExecutor.java:1149) [?:1.8.0_212]
	at java.util.concurrent.ThreadPoolExecutor$Worker.run(ThreadPoolExecutor.java:624) [?:1.8.0_212]
	at java.lang.Thread.run(Thread.java:748) [?:1.8.0_212]
2019-07-30 11:54:54,966 INFO  impl.HddsDispatcher (ContainerUtils.java:logAndReturnError(146)) - Operation: WriteChunk : Trace ID: 4f66a52dda516803:847c9d234eeca734:5d0b69c679773151:0 : Message: ContainerID 3 does not exist : Result: CONTAINER_NOT_FOUND
11:54:54.967 [RatisApplyTransactionExecutor 3] ERROR DNAudit - user=null | ip=null | op=PUT_BLOCK {blockData=[blockId=conID: 3 locID: 102530265153339395 bcsId: 0,size=1048576]} | ret=FAILURE
org.apache.hadoop.hdds.scm.container.common.helpers.StorageContainerException: ContainerID 3 does not exist
	at org.apache.hadoop.ozone.container.common.impl.HddsDispatcher.dispatchRequest(HddsDispatcher.java:242) ~[classes/:?]
	at org.apache.hadoop.ozone.container.common.impl.HddsDispatcher.dispatch(HddsDispatcher.java:148) ~[classes/:?]
	at org.apache.hadoop.ozone.container.common.transport.server.ratis.ContainerStateMachine.dispatchCommand(ContainerStateMachine.java:374) ~[classes/:?]
	at org.apache.hadoop.ozone.container.common.transport.server.ratis.ContainerStateMachine.runCommand(ContainerStateMachine.java:381) ~[classes/:?]
	at org.apache.hadoop.ozone.container.common.transport.server.ratis.ContainerStateMachine.lambda$applyTransaction$6(ContainerStateMachine.java:647) ~[classes/:?]
	at java.util.concurrent.CompletableFuture$AsyncSupply.run(CompletableFuture.java:1590) [?:1.8.0_212]
	at java.util.concurrent.ThreadPoolExecutor.runWorker(ThreadPoolExecutor.java:1149) [?:1.8.0_212]
	at java.util.concurrent.ThreadPoolExecutor$Worker.run(ThreadPoolExecutor.java:624) [?:1.8.0_212]
	at java.lang.Thread.run(Thread.java:748) [?:1.8.0_212]
2019-07-30 11:54:54,968 INFO  impl.HddsDispatcher (ContainerUtils.java:logAndReturnError(146)) - Operation: PutBlock : Trace ID: 4f66a52dda516803:aa06847b99b74f1a:5d0b69c679773151:0 : Message: ContainerID 3 does not exist : Result: CONTAINER_NOT_FOUND
2019-07-30 11:54:54,968 INFO  client.GrpcClientProtocolClient (GrpcClientProtocolClient.java:onNext(255)) - client-583D3D7E35FD->6f9795b6-21d7-4f32-b8cb-29e6d82d3aef: receive RaftClientReply:client-583D3D7E35FD->6f9795b6-21d7-4f32-b8cb-29e6d82d3aef@group-44909C03443D, cid=25, SUCCESS, logIndex=33, commits[6f9795b6-21d7-4f32-b8cb-29e6d82d3aef:c36, 6ab1e59a-4ef6-4c1c-b00f-c378339fb8d6:c32, 29f7c5b0-38c0-4ce1-a6ce-82e2da63c783:c32]
11:54:54.968 [RatisApplyTransactionExecutor 3] ERROR DNAudit - user=null | ip=null | op=WRITE_CHUNK {blockData=conID: 3 locID: 102530265153339395 bcsId: 0} | ret=FAILURE
org.apache.hadoop.hdds.scm.container.common.helpers.StorageContainerException: ContainerID 3 does not exist
	at org.apache.hadoop.ozone.container.common.impl.HddsDispatcher.dispatchRequest(HddsDispatcher.java:242) ~[classes/:?]
	at org.apache.hadoop.ozone.container.common.impl.HddsDispatcher.dispatch(HddsDispatcher.java:148) ~[classes/:?]
	at org.apache.hadoop.ozone.container.common.transport.server.ratis.ContainerStateMachine.dispatchCommand(ContainerStateMachine.java:374) ~[classes/:?]
	at org.apache.hadoop.ozone.container.common.transport.server.ratis.ContainerStateMachine.runCommand(ContainerStateMachine.java:381) ~[classes/:?]
	at org.apache.hadoop.ozone.container.common.transport.server.ratis.ContainerStateMachine.lambda$applyTransaction$6(ContainerStateMachine.java:647) ~[classes/:?]
	at java.util.concurrent.CompletableFuture$AsyncSupply.run(CompletableFuture.java:1590) [?:1.8.0_212]
	at java.util.concurrent.ThreadPoolExecutor.runWorker(ThreadPoolExecutor.java:1149) [?:1.8.0_212]
	at java.util.concurrent.ThreadPoolExecutor$Worker.run(ThreadPoolExecutor.java:624) [?:1.8.0_212]
	at java.lang.Thread.run(Thread.java:748) [?:1.8.0_212]
2019-07-30 11:54:54,969 INFO  impl.HddsDispatcher (ContainerUtils.java:logAndReturnError(146)) - Operation: WriteChunk : Trace ID: 4f66a52dda516803:8bb2b8444a0d2f9c:5d0b69c679773151:0 : Message: ContainerID 3 does not exist : Result: CONTAINER_NOT_FOUND
2019-07-30 11:54:54,969 INFO  client.GrpcClientProtocolClient (GrpcClientProtocolClient.java:onNext(255)) - client-583D3D7E35FD->6f9795b6-21d7-4f32-b8cb-29e6d82d3aef: receive RaftClientReply:client-583D3D7E35FD->6f9795b6-21d7-4f32-b8cb-29e6d82d3aef@group-44909C03443D, cid=26, SUCCESS, logIndex=34, commits[6f9795b6-21d7-4f32-b8cb-29e6d82d3aef:c36, 6ab1e59a-4ef6-4c1c-b00f-c378339fb8d6:c32, 29f7c5b0-38c0-4ce1-a6ce-82e2da63c783:c32]
11:54:54.970 [RatisApplyTransactionExecutor 3] ERROR DNAudit - user=null | ip=null | op=PUT_BLOCK {blockData=[blockId=conID: 3 locID: 102530265153339395 bcsId: 0,size=2097152]} | ret=FAILURE
org.apache.hadoop.hdds.scm.container.common.helpers.StorageContainerException: ContainerID 3 does not exist
	at org.apache.hadoop.ozone.container.common.impl.HddsDispatcher.dispatchRequest(HddsDispatcher.java:242) ~[classes/:?]
	at org.apache.hadoop.ozone.container.common.impl.HddsDispatcher.dispatch(HddsDispatcher.java:148) ~[classes/:?]
	at org.apache.hadoop.ozone.container.common.transport.server.ratis.ContainerStateMachine.dispatchCommand(ContainerStateMachine.java:374) ~[classes/:?]
	at org.apache.hadoop.ozone.container.common.transport.server.ratis.ContainerStateMachine.runCommand(ContainerStateMachine.java:381) ~[classes/:?]
	at org.apache.hadoop.ozone.container.common.transport.server.ratis.ContainerStateMachine.lambda$applyTransaction$6(ContainerStateMachine.java:647) ~[classes/:?]
	at java.util.concurrent.CompletableFuture$AsyncSupply.run(CompletableFuture.java:1590) [?:1.8.0_212]
	at java.util.concurrent.ThreadPoolExecutor.runWorker(ThreadPoolExecutor.java:1149) [?:1.8.0_212]
	at java.util.concurrent.ThreadPoolExecutor$Worker.run(ThreadPoolExecutor.java:624) [?:1.8.0_212]
	at java.lang.Thread.run(Thread.java:748) [?:1.8.0_212]
2019-07-30 11:54:54,970 ERROR storage.BlockOutputStream (BlockOutputStream.java:validateResponse(531)) - Unexpected Storage Container Exception: 
org.apache.hadoop.hdds.scm.container.common.helpers.StorageContainerException: ContainerID 3 does not exist
	at org.apache.hadoop.hdds.scm.storage.ContainerProtocolCalls.validateContainerResponse(ContainerProtocolCalls.java:536)
	at org.apache.hadoop.hdds.scm.storage.BlockOutputStream.validateResponse(BlockOutputStream.java:529)
	at org.apache.hadoop.hdds.scm.storage.BlockOutputStream.lambda$writeChunkToContainer$2(BlockOutputStream.java:606)
	at java.util.concurrent.CompletableFuture.uniApply(CompletableFuture.java:602)
	at java.util.concurrent.CompletableFuture$UniApply.tryFire(CompletableFuture.java:577)
	at java.util.concurrent.CompletableFuture$Completion.run(CompletableFuture.java:442)
	at java.util.concurrent.ThreadPoolExecutor.runWorker(ThreadPoolExecutor.java:1149)
	at java.util.concurrent.ThreadPoolExecutor$Worker.run(ThreadPoolExecutor.java:624)
	at java.lang.Thread.run(Thread.java:748)
2019-07-30 11:54:54,970 INFO  client.GrpcClientProtocolClient (GrpcClientProtocolClient.java:onNext(255)) - client-583D3D7E35FD->6f9795b6-21d7-4f32-b8cb-29e6d82d3aef: receive RaftClientReply:client-583D3D7E35FD->6f9795b6-21d7-4f32-b8cb-29e6d82d3aef@group-44909C03443D, cid=27, SUCCESS, logIndex=35, commits[6f9795b6-21d7-4f32-b8cb-29e6d82d3aef:c36, 6ab1e59a-4ef6-4c1c-b00f-c378339fb8d6:c32, 29f7c5b0-38c0-4ce1-a6ce-82e2da63c783:c32]
2019-07-30 11:54:54,970 INFO  impl.HddsDispatcher (ContainerUtils.java:logAndReturnError(146)) - Operation: PutBlock : Trace ID: 4f66a52dda516803:ab4e6a5fa7498eca:5d0b69c679773151:0 : Message: ContainerID 3 does not exist : Result: CONTAINER_NOT_FOUND
2019-07-30 11:54:54,974 INFO  client.GrpcClientProtocolClient (GrpcClientProtocolClient.java:onNext(255)) - client-583D3D7E35FD->6f9795b6-21d7-4f32-b8cb-29e6d82d3aef: receive RaftClientReply:client-583D3D7E35FD->6f9795b6-21d7-4f32-b8cb-29e6d82d3aef@group-44909C03443D, cid=28, SUCCESS, logIndex=36, commits[6f9795b6-21d7-4f32-b8cb-29e6d82d3aef:c36, 6ab1e59a-4ef6-4c1c-b00f-c378339fb8d6:c32, 29f7c5b0-38c0-4ce1-a6ce-82e2da63c783:c32]
2019-07-30 11:54:54,978 ERROR freon.RandomKeyGenerator (RandomKeyGenerator.java:createKey(730)) - Exception while adding key: key-0-02037 in bucket: bucket-0-50592 of volume: vol-0-11099.
java.io.IOException: Unexpected Storage Container Exception: org.apache.hadoop.hdds.scm.container.common.helpers.StorageContainerException: ContainerID 3 does not exist
	at org.apache.hadoop.hdds.scm.storage.BlockOutputStream.setIoException(BlockOutputStream.java:541)
	at org.apache.hadoop.hdds.scm.storage.BlockOutputStream.validateResponse(BlockOutputStream.java:532)
	at org.apache.hadoop.hdds.scm.storage.BlockOutputStream.lambda$writeChunkToContainer$2(BlockOutputStream.java:606)
	at java.util.concurrent.CompletableFuture.uniApply(CompletableFuture.java:602)
	at java.util.concurrent.CompletableFuture$UniApply.tryFire(CompletableFuture.java:577)
	at java.util.concurrent.CompletableFuture$Completion.run(CompletableFuture.java:442)
	at java.util.concurrent.ThreadPoolExecutor.runWorker(ThreadPoolExecutor.java:1149)
	at java.util.concurrent.ThreadPoolExecutor$Worker.run(ThreadPoolExecutor.java:624)
	at java.lang.Thread.run(Thread.java:748)
Caused by: org.apache.hadoop.hdds.scm.container.common.helpers.StorageContainerException: ContainerID 3 does not exist
	at org.apache.hadoop.hdds.scm.storage.ContainerProtocolCalls.validateContainerResponse(ContainerProtocolCalls.java:536)
	at org.apache.hadoop.hdds.scm.storage.BlockOutputStream.validateResponse(BlockOutputStream.java:529)
	... 7 more
11:54:54.979 [RatisApplyTransactionExecutor 3] ERROR DNAudit - user=null | ip=null | op=WRITE_CHUNK {blockData=conID: 3 locID: 102530265153339395 bcsId: 0} | ret=FAILURE
org.apache.hadoop.hdds.scm.container.common.helpers.StorageContainerException: ContainerID 3 does not exist
	at org.apache.hadoop.ozone.container.common.impl.HddsDispatcher.dispatchRequest(HddsDispatcher.java:242) ~[classes/:?]
	at org.apache.hadoop.ozone.container.common.impl.HddsDispatcher.dispatch(HddsDispatcher.java:148) ~[classes/:?]
	at org.apache.hadoop.ozone.container.common.transport.server.ratis.ContainerStateMachine.dispatchCommand(ContainerStateMachine.java:374) ~[classes/:?]
	at org.apache.hadoop.ozone.container.common.transport.server.ratis.ContainerStateMachine.runCommand(ContainerStateMachine.java:381) ~[classes/:?]
	at org.apache.hadoop.ozone.container.common.transport.server.ratis.ContainerStateMachine.lambda$applyTransaction$6(ContainerStateMachine.java:647) ~[classes/:?]
	at java.util.concurrent.CompletableFuture$AsyncSupply.run(CompletableFuture.java:1590) [?:1.8.0_212]
	at java.util.concurrent.ThreadPoolExecutor.runWorker(ThreadPoolExecutor.java:1149) [?:1.8.0_212]
	at java.util.concurrent.ThreadPoolExecutor$Worker.run(ThreadPoolExecutor.java:624) [?:1.8.0_212]
	at java.lang.Thread.run(Thread.java:748) [?:1.8.0_212]
2019-07-30 11:54:54,979 INFO  impl.HddsDispatcher (ContainerUtils.java:logAndReturnError(146)) - Operation: WriteChunk : Trace ID: 4f66a52dda516803:847c9d234eeca734:5d0b69c679773151:0 : Message: ContainerID 3 does not exist : Result: CONTAINER_NOT_FOUND
11:54:54.979 [RatisApplyTransactionExecutor 3] ERROR DNAudit - user=null | ip=null | op=WRITE_CHUNK {blockData=conID: 3 locID: 102530265153339395 bcsId: 0} | ret=FAILURE
org.apache.hadoop.hdds.scm.container.common.helpers.StorageContainerException: ContainerID 3 does not exist
	at org.apache.hadoop.ozone.container.common.impl.HddsDispatcher.dispatchRequest(HddsDispatcher.java:242) ~[classes/:?]
	at org.apache.hadoop.ozone.container.common.impl.HddsDispatcher.dispatch(HddsDispatcher.java:148) ~[classes/:?]
	at org.apache.hadoop.ozone.container.common.transport.server.ratis.ContainerStateMachine.dispatchCommand(ContainerStateMachine.java:374) ~[classes/:?]
	at org.apache.hadoop.ozone.container.common.transport.server.ratis.ContainerStateMachine.runCommand(ContainerStateMachine.java:381) ~[classes/:?]
	at org.apache.hadoop.ozone.container.common.transport.server.ratis.ContainerStateMachine.lambda$applyTransaction$6(ContainerStateMachine.java:647) ~[classes/:?]
	at java.util.concurrent.CompletableFuture$AsyncSupply.run(CompletableFuture.java:1590) [?:1.8.0_212]
	at java.util.concurrent.ThreadPoolExecutor.runWorker(ThreadPoolExecutor.java:1149) [?:1.8.0_212]
	at java.util.concurrent.ThreadPoolExecutor$Worker.run(ThreadPoolExecutor.java:624) [?:1.8.0_212]
	at java.lang.Thread.run(Thread.java:748) [?:1.8.0_212]
2019-07-30 11:54:54,980 INFO  impl.HddsDispatcher (ContainerUtils.java:logAndReturnError(146)) - Operation: WriteChunk : Trace ID: 4f66a52dda516803:847c9d234eeca734:5d0b69c679773151:0 : Message: ContainerID 3 does not exist : Result: CONTAINER_NOT_FOUND
11:54:54.980 [RatisApplyTransactionExecutor 3] ERROR DNAudit - user=null | ip=null | op=PUT_BLOCK {blockData=[blockId=conID: 3 locID: 102530265153339395 bcsId: 0,size=1048576]} | ret=FAILURE
org.apache.hadoop.hdds.scm.container.common.helpers.StorageContainerException: ContainerID 3 does not exist
	at org.apache.hadoop.ozone.container.common.impl.HddsDispatcher.dispatchRequest(HddsDispatcher.java:242) ~[classes/:?]
	at org.apache.hadoop.ozone.container.common.impl.HddsDispatcher.dispatch(HddsDispatcher.java:148) ~[classes/:?]
	at org.apache.hadoop.ozone.container.common.transport.server.ratis.ContainerStateMachine.dispatchCommand(ContainerStateMachine.java:374) ~[classes/:?]
	at org.apache.hadoop.ozone.container.common.transport.server.ratis.ContainerStateMachine.runCommand(ContainerStateMachine.java:381) ~[classes/:?]
	at org.apache.hadoop.ozone.container.common.transport.server.ratis.ContainerStateMachine.lambda$applyTransaction$6(ContainerStateMachine.java:647) ~[classes/:?]
	at java.util.concurrent.CompletableFuture$AsyncSupply.run(CompletableFuture.java:1590) [?:1.8.0_212]
	at java.util.concurrent.ThreadPoolExecutor.runWorker(ThreadPoolExecutor.java:1149) [?:1.8.0_212]
	at java.util.concurrent.ThreadPoolExecutor$Worker.run(ThreadPoolExecutor.java:624) [?:1.8.0_212]
	at java.lang.Thread.run(Thread.java:748) [?:1.8.0_212]
2019-07-30 11:54:54,980 INFO  impl.HddsDispatcher (ContainerUtils.java:logAndReturnError(146)) - Operation: PutBlock : Trace ID: 4f66a52dda516803:aa06847b99b74f1a:5d0b69c679773151:0 : Message: ContainerID 3 does not exist : Result: CONTAINER_NOT_FOUND
11:54:54.980 [RatisApplyTransactionExecutor 3] ERROR DNAudit - user=null | ip=null | op=PUT_BLOCK {blockData=[blockId=conID: 3 locID: 102530265153339395 bcsId: 0,size=1048576]} | ret=FAILURE
org.apache.hadoop.hdds.scm.container.common.helpers.StorageContainerException: ContainerID 3 does not exist
	at org.apache.hadoop.ozone.container.common.impl.HddsDispatcher.dispatchRequest(HddsDispatcher.java:242) ~[classes/:?]
	at org.apache.hadoop.ozone.container.common.impl.HddsDispatcher.dispatch(HddsDispatcher.java:148) ~[classes/:?]
	at org.apache.hadoop.ozone.container.common.transport.server.ratis.ContainerStateMachine.dispatchCommand(ContainerStateMachine.java:374) ~[classes/:?]
	at org.apache.hadoop.ozone.container.common.transport.server.ratis.ContainerStateMachine.runCommand(ContainerStateMachine.java:381) ~[classes/:?]
	at org.apache.hadoop.ozone.container.common.transport.server.ratis.ContainerStateMachine.lambda$applyTransaction$6(ContainerStateMachine.java:647) ~[classes/:?]
	at java.util.concurrent.CompletableFuture$AsyncSupply.run(CompletableFuture.java:1590) [?:1.8.0_212]
	at java.util.concurrent.ThreadPoolExecutor.runWorker(ThreadPoolExecutor.java:1149) [?:1.8.0_212]
	at java.util.concurrent.ThreadPoolExecutor$Worker.run(ThreadPoolExecutor.java:624) [?:1.8.0_212]
	at java.lang.Thread.run(Thread.java:748) [?:1.8.0_212]
2019-07-30 11:54:54,981 INFO  impl.HddsDispatcher (ContainerUtils.java:logAndReturnError(146)) - Operation: PutBlock : Trace ID: 4f66a52dda516803:aa06847b99b74f1a:5d0b69c679773151:0 : Message: ContainerID 3 does not exist : Result: CONTAINER_NOT_FOUND
11:54:54.981 [RatisApplyTransactionExecutor 3] ERROR DNAudit - user=null | ip=null | op=WRITE_CHUNK {blockData=conID: 3 locID: 102530265153339395 bcsId: 0} | ret=FAILURE
org.apache.hadoop.hdds.scm.container.common.helpers.StorageContainerException: ContainerID 3 does not exist
	at org.apache.hadoop.ozone.container.common.impl.HddsDispatcher.dispatchRequest(HddsDispatcher.java:242) ~[classes/:?]
	at org.apache.hadoop.ozone.container.common.impl.HddsDispatcher.dispatch(HddsDispatcher.java:148) ~[classes/:?]
	at org.apache.hadoop.ozone.container.common.transport.server.ratis.ContainerStateMachine.dispatchCommand(ContainerStateMachine.java:374) ~[classes/:?]
	at org.apache.hadoop.ozone.container.common.transport.server.ratis.ContainerStateMachine.runCommand(ContainerStateMachine.java:381) ~[classes/:?]
	at org.apache.hadoop.ozone.container.common.transport.server.ratis.ContainerStateMachine.lambda$applyTransaction$6(ContainerStateMachine.java:647) ~[classes/:?]
	at java.util.concurrent.CompletableFuture$AsyncSupply.run(CompletableFuture.java:1590) [?:1.8.0_212]
	at java.util.concurrent.ThreadPoolExecutor.runWorker(ThreadPoolExecutor.java:1149) [?:1.8.0_212]
	at java.util.concurrent.ThreadPoolExecutor$Worker.run(ThreadPoolExecutor.java:624) [?:1.8.0_212]
	at java.lang.Thread.run(Thread.java:748) [?:1.8.0_212]
2019-07-30 11:54:54,981 INFO  impl.HddsDispatcher (ContainerUtils.java:logAndReturnError(146)) - Operation: WriteChunk : Trace ID: 4f66a52dda516803:8bb2b8444a0d2f9c:5d0b69c679773151:0 : Message: ContainerID 3 does not exist : Result: CONTAINER_NOT_FOUND
11:54:54.981 [RatisApplyTransactionExecutor 3] ERROR DNAudit - user=null | ip=null | op=WRITE_CHUNK {blockData=conID: 3 locID: 102530265153339395 bcsId: 0} | ret=FAILURE
org.apache.hadoop.hdds.scm.container.common.helpers.StorageContainerException: ContainerID 3 does not exist
	at org.apache.hadoop.ozone.container.common.impl.HddsDispatcher.dispatchRequest(HddsDispatcher.java:242) ~[classes/:?]
	at org.apache.hadoop.ozone.container.common.impl.HddsDispatcher.dispatch(HddsDispatcher.java:148) ~[classes/:?]
	at org.apache.hadoop.ozone.container.common.transport.server.ratis.ContainerStateMachine.dispatchCommand(ContainerStateMachine.java:374) ~[classes/:?]
	at org.apache.hadoop.ozone.container.common.transport.server.ratis.ContainerStateMachine.runCommand(ContainerStateMachine.java:381) ~[classes/:?]
	at org.apache.hadoop.ozone.container.common.transport.server.ratis.ContainerStateMachine.lambda$applyTransaction$6(ContainerStateMachine.java:647) ~[classes/:?]
	at java.util.concurrent.CompletableFuture$AsyncSupply.run(CompletableFuture.java:1590) [?:1.8.0_212]
	at java.util.concurrent.ThreadPoolExecutor.runWorker(ThreadPoolExecutor.java:1149) [?:1.8.0_212]
	at java.util.concurrent.ThreadPoolExecutor$Worker.run(ThreadPoolExecutor.java:624) [?:1.8.0_212]
	at java.lang.Thread.run(Thread.java:748) [?:1.8.0_212]
2019-07-30 11:54:54,982 INFO  impl.HddsDispatcher (ContainerUtils.java:logAndReturnError(146)) - Operation: WriteChunk : Trace ID: 4f66a52dda516803:8bb2b8444a0d2f9c:5d0b69c679773151:0 : Message: ContainerID 3 does not exist : Result: CONTAINER_NOT_FOUND
11:54:54.989 [RatisApplyTransactionExecutor 3] ERROR DNAudit - user=null | ip=null | op=PUT_BLOCK {blockData=[blockId=conID: 3 locID: 102530265153339395 bcsId: 0,size=2097152]} | ret=FAILURE
org.apache.hadoop.hdds.scm.container.common.helpers.StorageContainerException: ContainerID 3 does not exist
	at org.apache.hadoop.ozone.container.common.impl.HddsDispatcher.dispatchRequest(HddsDispatcher.java:242) ~[classes/:?]
	at org.apache.hadoop.ozone.container.common.impl.HddsDispatcher.dispatch(HddsDispatcher.java:148) ~[classes/:?]
	at org.apache.hadoop.ozone.container.common.transport.server.ratis.ContainerStateMachine.dispatchCommand(ContainerStateMachine.java:374) ~[classes/:?]
	at org.apache.hadoop.ozone.container.common.transport.server.ratis.ContainerStateMachine.runCommand(ContainerStateMachine.java:381) ~[classes/:?]
	at org.apache.hadoop.ozone.container.common.transport.server.ratis.ContainerStateMachine.lambda$applyTransaction$6(ContainerStateMachine.java:647) ~[classes/:?]
	at java.util.concurrent.CompletableFuture$AsyncSupply.run(CompletableFuture.java:1590) [?:1.8.0_212]
	at java.util.concurrent.ThreadPoolExecutor.runWorker(ThreadPoolExecutor.java:1149) [?:1.8.0_212]
	at java.util.concurrent.ThreadPoolExecutor$Worker.run(ThreadPoolExecutor.java:624) [?:1.8.0_212]
	at java.lang.Thread.run(Thread.java:748) [?:1.8.0_212]
2019-07-30 11:54:54,989 INFO  impl.HddsDispatcher (ContainerUtils.java:logAndReturnError(146)) - Operation: PutBlock : Trace ID: 4f66a52dda516803:ab4e6a5fa7498eca:5d0b69c679773151:0 : Message: ContainerID 3 does not exist : Result: CONTAINER_NOT_FOUND
11:54:54.989 [RatisApplyTransactionExecutor 3] ERROR DNAudit - user=null | ip=null | op=PUT_BLOCK {blockData=[blockId=conID: 3 locID: 102530265153339395 bcsId: 0,size=2097152]} | ret=FAILURE
org.apache.hadoop.hdds.scm.container.common.helpers.StorageContainerException: ContainerID 3 does not exist
	at org.apache.hadoop.ozone.container.common.impl.HddsDispatcher.dispatchRequest(HddsDispatcher.java:242) ~[classes/:?]
	at org.apache.hadoop.ozone.container.common.impl.HddsDispatcher.dispatch(HddsDispatcher.java:148) ~[classes/:?]
	at org.apache.hadoop.ozone.container.common.transport.server.ratis.ContainerStateMachine.dispatchCommand(ContainerStateMachine.java:374) ~[classes/:?]
	at org.apache.hadoop.ozone.container.common.transport.server.ratis.ContainerStateMachine.runCommand(ContainerStateMachine.java:381) ~[classes/:?]
	at org.apache.hadoop.ozone.container.common.transport.server.ratis.ContainerStateMachine.lambda$applyTransaction$6(ContainerStateMachine.java:647) ~[classes/:?]
	at java.util.concurrent.CompletableFuture$AsyncSupply.run(CompletableFuture.java:1590) [?:1.8.0_212]
	at java.util.concurrent.ThreadPoolExecutor.runWorker(ThreadPoolExecutor.java:1149) [?:1.8.0_212]
	at java.util.concurrent.ThreadPoolExecutor$Worker.run(ThreadPoolExecutor.java:624) [?:1.8.0_212]
	at java.lang.Thread.run(Thread.java:748) [?:1.8.0_212]
2019-07-30 11:54:54,990 INFO  impl.HddsDispatcher (ContainerUtils.java:logAndReturnError(146)) - Operation: PutBlock : Trace ID: 4f66a52dda516803:ab4e6a5fa7498eca:5d0b69c679773151:0 : Message: ContainerID 3 does not exist : Result: CONTAINER_NOT_FOUND
 0.00% |█                                                                                                    |  0/1 Time: 0:00:07 0.00% |█                                                                                                    |  0/1 Time: 0:00:08 0.00% |█                                                                                                    |  0/1 Time: 0:00:09 100.00% |█████████████████████████████████████████████████████████████████████████████████████████████████████|  1/1 Time: 0:00:10
]]></system-out>
    <system-err><![CDATA[ERROR StatusLogger No Log4j 2 configuration file found. Using default configuration (logging only errors to the console), or user programmatically provided configurations. Set system property 'log4j2.debug' to show Log4j 2 internal initialization logging. See https://logging.apache.org/log4j/2.x/manual/configuration.html for instructions on how to configure Log4j 2
Jul 30, 2019 11:54:41 AM com.sun.jersey.server.impl.application.WebApplicationImpl _initiate
INFO: Initiating Jersey application, version 'Jersey: 1.19 02/11/2015 03:25 AM'
Jul 30, 2019 11:54:42 AM com.sun.jersey.server.impl.application.WebApplicationImpl _initiate
INFO: Initiating Jersey application, version 'Jersey: 1.19 02/11/2015 03:25 AM'
Jul 30, 2019 11:54:42 AM com.sun.jersey.server.impl.application.WebApplicationImpl _initiate
INFO: Initiating Jersey application, version 'Jersey: 1.19 02/11/2015 03:25 AM'
]]></system-err>
  </testcase>
</testsuite>