<?xml version="1.0" encoding="UTF-8"?>
<testsuite xmlns:xsi="http://www.w3.org/2001/XMLSchema-instance" xsi:noNamespaceSchemaLocation="https://maven.apache.org/surefire/maven-surefire-plugin/xsd/surefire-test-report.xsd" name="org.apache.hadoop.ozone.client.rpc.TestBlockOutputStream" time="447.575" tests="6" errors="0" skipped="0" failures="2">
  <properties>
    <property name="awt.toolkit" value="sun.awt.X11.XToolkit"/>
    <property name="file.encoding.pkg" value="sun.io"/>
    <property name="java.specification.version" value="1.8"/>
    <property name="sun.cpu.isalist" value=""/>
    <property name="sun.jnu.encoding" value="UTF-8"/>
    <property name="java.class.path" value="/workdir/hadoop-ozone/integration-test/target/test-classes:/workdir/hadoop-ozone/integration-test/target/classes:/home/user/.m2/repository/org/apache/hadoop/hadoop-ozone-common/0.5.0-SNAPSHOT/hadoop-ozone-common-0.5.0-SNAPSHOT.jar:/home/user/.m2/repository/org/apache/commons/commons-compress/1.4.1/commons-compress-1.4.1.jar:/home/user/.m2/repository/org/tukaani/xz/1.0/xz-1.0.jar:/home/user/.m2/repository/org/apache/hadoop/hadoop-common/3.2.0/hadoop-common-3.2.0.jar:/home/user/.m2/repository/org/apache/hadoop/hadoop-hdfs/3.2.0/hadoop-hdfs-3.2.0.jar:/home/user/.m2/repository/org/apache/hadoop/hadoop-hdfs-client/3.2.0/hadoop-hdfs-client-3.2.0.jar:/home/user/.m2/repository/com/fasterxml/jackson/core/jackson-annotations/2.9.5/jackson-annotations-2.9.5.jar:/home/user/.m2/repository/org/apache/hadoop/hadoop-hdds-common/0.5.0-SNAPSHOT/hadoop-hdds-common-0.5.0-SNAPSHOT.jar:/home/user/.m2/repository/javax/annotation/javax.annotation-api/1.2/javax.annotation-api-1.2.jar:/home/user/.m2/repository/org/apache/ratis/ratis-server/0.4.0-78e95b9-SNAPSHOT/ratis-server-0.4.0-78e95b9-SNAPSHOT.jar:/home/user/.m2/repository/org/apache/ratis/ratis-thirdparty-misc/0.2.0/ratis-thirdparty-misc-0.2.0.jar:/home/user/.m2/repository/org/apache/ratis/ratis-proto/0.4.0-78e95b9-SNAPSHOT/ratis-proto-0.4.0-78e95b9-SNAPSHOT.jar:/home/user/.m2/repository/org/apache/ratis/ratis-common/0.4.0-78e95b9-SNAPSHOT/ratis-common-0.4.0-78e95b9-SNAPSHOT.jar:/home/user/.m2/repository/org/apache/ratis/ratis-client/0.4.0-78e95b9-SNAPSHOT/ratis-client-0.4.0-78e95b9-SNAPSHOT.jar:/home/user/.m2/repository/org/apache/ratis/ratis-metrics/0.4.0-78e95b9-SNAPSHOT/ratis-metrics-0.4.0-78e95b9-SNAPSHOT.jar:/home/user/.m2/repository/com/github/joshelser/dropwizard-metrics-hadoop-metrics2-reporter/0.1.2/dropwizard-metrics-hadoop-metrics2-reporter-0.1.2.jar:/home/user/.m2/repository/io/dropwizard/metrics/metrics-jvm/3.2.5/metrics-jvm-3.2.5.jar:/home/user/.m2/repository/io/dropwizard/metrics/metrics-ganglia/3.2.5/metrics-ganglia-3.2.5.jar:/home/user/.m2/repository/info/ganglia/gmetric4j/gmetric4j/1.0.7/gmetric4j-1.0.7.jar:/home/user/.m2/repository/org/apache/ratis/ratis-netty/0.4.0-78e95b9-SNAPSHOT/ratis-netty-0.4.0-78e95b9-SNAPSHOT.jar:/home/user/.m2/repository/org/apache/ratis/ratis-grpc/0.4.0-78e95b9-SNAPSHOT/ratis-grpc-0.4.0-78e95b9-SNAPSHOT.jar:/home/user/.m2/repository/org/rocksdb/rocksdbjni/6.0.1/rocksdbjni-6.0.1.jar:/home/user/.m2/repository/org/apache/logging/log4j/log4j-api/2.11.0/log4j-api-2.11.0.jar:/home/user/.m2/repository/org/apache/logging/log4j/log4j-core/2.11.0/log4j-core-2.11.0.jar:/home/user/.m2/repository/com/lmax/disruptor/3.4.2/disruptor-3.4.2.jar:/home/user/.m2/repository/org/apache/commons/commons-pool2/2.6.0/commons-pool2-2.6.0.jar:/home/user/.m2/repository/org/bouncycastle/bcpkix-jdk15on/1.60/bcpkix-jdk15on-1.60.jar:/home/user/.m2/repository/commons-validator/commons-validator/1.6/commons-validator-1.6.jar:/home/user/.m2/repository/commons-digester/commons-digester/1.8.1/commons-digester-1.8.1.jar:/home/user/.m2/repository/io/jaegertracing/jaeger-client/0.33.1/jaeger-client-0.33.1.jar:/home/user/.m2/repository/io/jaegertracing/jaeger-thrift/0.33.1/jaeger-thrift-0.33.1.jar:/home/user/.m2/repository/org/apache/thrift/libthrift/0.11.0/libthrift-0.11.0.jar:/home/user/.m2/repository/com/squareup/okhttp3/okhttp/3.9.0/okhttp-3.9.0.jar:/home/user/.m2/repository/com/squareup/okio/okio/1.13.0/okio-1.13.0.jar:/home/user/.m2/repository/io/jaegertracing/jaeger-core/0.33.1/jaeger-core-0.33.1.jar:/home/user/.m2/repository/io/jaegertracing/jaeger-tracerresolver/0.33.1/jaeger-tracerresolver-0.33.1.jar:/home/user/.m2/repository/io/opentracing/contrib/opentracing-tracerresolver/0.1.5/opentracing-tracerresolver-0.1.5.jar:/home/user/.m2/repository/io/opentracing/opentracing-util/0.31.0/opentracing-util-0.31.0.jar:/home/user/.m2/repository/io/opentracing/opentracing-api/0.31.0/opentracing-api-0.31.0.jar:/home/user/.m2/repository/io/opentracing/opentracing-noop/0.31.0/opentracing-noop-0.31.0.jar:/home/user/.m2/repository/org/apache/hadoop/hadoop-hdds-server-framework/0.5.0-SNAPSHOT/hadoop-hdds-server-framework-0.5.0-SNAPSHOT.jar:/home/user/.m2/repository/org/apache/hadoop/hadoop-hdds-container-service/0.5.0-SNAPSHOT/hadoop-hdds-container-service-0.5.0-SNAPSHOT.jar:/home/user/.m2/repository/org/apache/hadoop/hadoop-hdds-client/0.5.0-SNAPSHOT/hadoop-hdds-client-0.5.0-SNAPSHOT.jar:/home/user/.m2/repository/org/apache/hadoop/hadoop-hdds-tools/0.5.0-SNAPSHOT/hadoop-hdds-tools-0.5.0-SNAPSHOT.jar:/home/user/.m2/repository/org/apache/hadoop/hadoop-hdds-server-scm/0.5.0-SNAPSHOT/hadoop-hdds-server-scm-0.5.0-SNAPSHOT.jar:/home/user/.m2/repository/org/apache/hadoop/hadoop-hdds-docs/0.5.0-SNAPSHOT/hadoop-hdds-docs-0.5.0-SNAPSHOT.jar:/home/user/.m2/repository/io/dropwizard/metrics/metrics-core/3.2.4/metrics-core-3.2.4.jar:/home/user/.m2/repository/org/hamcrest/hamcrest-all/1.3/hamcrest-all-1.3.jar:/home/user/.m2/repository/org/bouncycastle/bcprov-jdk15on/1.60/bcprov-jdk15on-1.60.jar:/home/user/.m2/repository/info/picocli/picocli/3.9.6/picocli-3.9.6.jar:/home/user/.m2/repository/com/google/protobuf/protobuf-java/2.5.0/protobuf-java-2.5.0.jar:/home/user/.m2/repository/com/google/guava/guava/11.0.2/guava-11.0.2.jar:/home/user/.m2/repository/org/apache/hadoop/hadoop-ozone-ozone-manager/0.5.0-SNAPSHOT/hadoop-ozone-ozone-manager-0.5.0-SNAPSHOT.jar:/home/user/.m2/repository/org/apache/hadoop/hadoop-minikdc/3.2.0/hadoop-minikdc-3.2.0.jar:/home/user/.m2/repository/commons-io/commons-io/2.5/commons-io-2.5.jar:/home/user/.m2/repository/org/apache/kerby/kerb-simplekdc/1.0.1/kerb-simplekdc-1.0.1.jar:/home/user/.m2/repository/org/apache/kerby/kerb-client/1.0.1/kerb-client-1.0.1.jar:/home/user/.m2/repository/org/apache/kerby/kerby-config/1.0.1/kerby-config-1.0.1.jar:/home/user/.m2/repository/org/apache/kerby/kerb-core/1.0.1/kerb-core-1.0.1.jar:/home/user/.m2/repository/org/apache/kerby/kerby-pkix/1.0.1/kerby-pkix-1.0.1.jar:/home/user/.m2/repository/org/apache/kerby/kerby-asn1/1.0.1/kerby-asn1-1.0.1.jar:/home/user/.m2/repository/org/apache/kerby/kerby-util/1.0.1/kerby-util-1.0.1.jar:/home/user/.m2/repository/org/apache/kerby/kerb-common/1.0.1/kerb-common-1.0.1.jar:/home/user/.m2/repository/org/apache/kerby/kerb-crypto/1.0.1/kerb-crypto-1.0.1.jar:/home/user/.m2/repository/org/apache/kerby/kerb-util/1.0.1/kerb-util-1.0.1.jar:/home/user/.m2/repository/org/apache/kerby/token-provider/1.0.1/token-provider-1.0.1.jar:/home/user/.m2/repository/org/apache/kerby/kerb-admin/1.0.1/kerb-admin-1.0.1.jar:/home/user/.m2/repository/org/apache/kerby/kerb-server/1.0.1/kerb-server-1.0.1.jar:/home/user/.m2/repository/org/apache/kerby/kerb-identity/1.0.1/kerb-identity-1.0.1.jar:/home/user/.m2/repository/org/apache/kerby/kerby-xdr/1.0.1/kerby-xdr-1.0.1.jar:/home/user/.m2/repository/org/slf4j/slf4j-log4j12/1.7.25/slf4j-log4j12-1.7.25.jar:/home/user/.m2/repository/org/apache/hadoop/hadoop-ozone-s3gateway/0.5.0-SNAPSHOT/hadoop-ozone-s3gateway-0.5.0-SNAPSHOT.jar:/home/user/.m2/repository/org/jboss/weld/servlet/weld-servlet/2.4.7.Final/weld-servlet-2.4.7.Final.jar:/home/user/.m2/repository/org/glassfish/jersey/containers/jersey-container-servlet-core/2.27/jersey-container-servlet-core-2.27.jar:/home/user/.m2/repository/org/glassfish/hk2/external/javax.inject/2.5.0-b42/javax.inject-2.5.0-b42.jar:/home/user/.m2/repository/org/glassfish/jersey/core/jersey-common/2.27/jersey-common-2.27.jar:/home/user/.m2/repository/org/glassfish/hk2/osgi-resource-locator/1.0.1/osgi-resource-locator-1.0.1.jar:/home/user/.m2/repository/javax/ws/rs/javax.ws.rs-api/2.1/javax.ws.rs-api-2.1.jar:/home/user/.m2/repository/org/glassfish/jersey/ext/cdi/jersey-cdi1x/2.27/jersey-cdi1x-2.27.jar:/home/user/.m2/repository/org/glassfish/jersey/inject/jersey-hk2/2.27/jersey-hk2-2.27.jar:/home/user/.m2/repository/org/glassfish/hk2/hk2-locator/2.5.0-b42/hk2-locator-2.5.0-b42.jar:/home/user/.m2/repository/org/javassist/javassist/3.22.0-CR2/javassist-3.22.0-CR2.jar:/home/user/.m2/repository/org/glassfish/hk2/hk2-api/2.5.0/hk2-api-2.5.0.jar:/home/user/.m2/repository/org/glassfish/hk2/external/jakarta.inject/2.5.0/jakarta.inject-2.5.0.jar:/home/user/.m2/repository/org/glassfish/hk2/hk2-utils/2.5.0/hk2-utils-2.5.0.jar:/home/user/.m2/repository/jakarta/annotation/jakarta.annotation-api/1.3.4/jakarta.annotation-api-1.3.4.jar:/home/user/.m2/repository/org/glassfish/hk2/external/aopalliance-repackaged/2.5.0/aopalliance-repackaged-2.5.0.jar:/home/user/.m2/repository/com/fasterxml/jackson/dataformat/jackson-dataformat-xml/2.9.0/jackson-dataformat-xml-2.9.0.jar:/home/user/.m2/repository/com/fasterxml/jackson/core/jackson-core/2.9.5/jackson-core-2.9.5.jar:/home/user/.m2/repository/com/fasterxml/jackson/module/jackson-module-jaxb-annotations/2.9.5/jackson-module-jaxb-annotations-2.9.5.jar:/home/user/.m2/repository/javax/enterprise/cdi-api/1.2/cdi-api-1.2.jar:/home/user/.m2/repository/javax/el/javax.el-api/3.0.0/javax.el-api-3.0.0.jar:/home/user/.m2/repository/javax/interceptor/javax.interceptor-api/1.2/javax.interceptor-api-1.2.jar:/home/user/.m2/repository/javax/inject/javax.inject/1/javax.inject-1.jar:/home/user/.m2/repository/com/sun/xml/bind/jaxb-impl/2.3.0.1/jaxb-impl-2.3.0.1.jar:/home/user/.m2/repository/com/sun/xml/bind/jaxb-core/2.3.0.1/jaxb-core-2.3.0.1.jar:/home/user/.m2/repository/javax/xml/bind/jaxb-api/2.3.0/jaxb-api-2.3.0.jar:/home/user/.m2/repository/javax/activation/activation/1.1.1/activation-1.1.1.jar:/home/user/.m2/repository/org/apache/hadoop/hadoop-ozone-csi/0.5.0-SNAPSHOT/hadoop-ozone-csi-0.5.0-SNAPSHOT.jar:/home/user/.m2/repository/com/google/protobuf/protobuf-java-util/3.5.1/protobuf-java-util-3.5.1.jar:/home/user/.m2/repository/org/apache/hadoop/hadoop-hdds-config/0.5.0-SNAPSHOT/hadoop-hdds-config-0.5.0-SNAPSHOT.jar:/home/user/.m2/repository/io/grpc/grpc-netty/1.17.1/grpc-netty-1.17.1.jar:/home/user/.m2/repository/io/grpc/grpc-core/1.17.1/grpc-core-1.17.1.jar:/home/user/.m2/repository/io/grpc/grpc-context/1.17.1/grpc-context-1.17.1.jar:/home/user/.m2/repository/com/google/errorprone/error_prone_annotations/2.2.0/error_prone_annotations-2.2.0.jar:/home/user/.m2/repository/org/codehaus/mojo/animal-sniffer-annotations/1.17/animal-sniffer-annotations-1.17.jar:/home/user/.m2/repository/io/opencensus/opencensus-api/0.17.0/opencensus-api-0.17.0.jar:/home/user/.m2/repository/io/opencensus/opencensus-contrib-grpc-metrics/0.17.0/opencensus-contrib-grpc-metrics-0.17.0.jar:/home/user/.m2/repository/io/netty/netty-codec-http2/4.1.30.Final/netty-codec-http2-4.1.30.Final.jar:/home/user/.m2/repository/io/netty/netty-codec-http/4.1.30.Final/netty-codec-http-4.1.30.Final.jar:/home/user/.m2/repository/io/netty/netty-codec/4.1.30.Final/netty-codec-4.1.30.Final.jar:/home/user/.m2/repository/io/netty/netty-handler/4.1.30.Final/netty-handler-4.1.30.Final.jar:/home/user/.m2/repository/io/netty/netty-handler-proxy/4.1.30.Final/netty-handler-proxy-4.1.30.Final.jar:/home/user/.m2/repository/io/netty/netty-codec-socks/4.1.30.Final/netty-codec-socks-4.1.30.Final.jar:/home/user/.m2/repository/io/netty/netty-transport-native-epoll/4.1.30.Final/netty-transport-native-epoll-4.1.30.Final.jar:/home/user/.m2/repository/io/netty/netty-common/4.1.30.Final/netty-common-4.1.30.Final.jar:/home/user/.m2/repository/io/netty/netty-buffer/4.1.30.Final/netty-buffer-4.1.30.Final.jar:/home/user/.m2/repository/io/netty/netty-transport/4.1.30.Final/netty-transport-4.1.30.Final.jar:/home/user/.m2/repository/io/netty/netty-resolver/4.1.30.Final/netty-resolver-4.1.30.Final.jar:/home/user/.m2/repository/io/netty/netty-transport-native-unix-common/4.1.30.Final/netty-transport-native-unix-common-4.1.30.Final.jar:/home/user/.m2/repository/io/grpc/grpc-protobuf/1.17.1/grpc-protobuf-1.17.1.jar:/home/user/.m2/repository/com/google/api/grpc/proto-google-common-protos/1.0.0/proto-google-common-protos-1.0.0.jar:/home/user/.m2/repository/io/grpc/grpc-protobuf-lite/1.17.1/grpc-protobuf-lite-1.17.1.jar:/home/user/.m2/repository/io/grpc/grpc-stub/1.17.1/grpc-stub-1.17.1.jar:/home/user/.m2/repository/org/apache/hadoop/hadoop-ozone-recon/0.5.0-SNAPSHOT/hadoop-ozone-recon-0.5.0-SNAPSHOT.jar:/home/user/.m2/repository/org/apache/hadoop/hadoop-ozone-reconcodegen/0.5.0-SNAPSHOT/hadoop-ozone-reconcodegen-0.5.0-SNAPSHOT.jar:/home/user/.m2/repository/com/google/inject/extensions/guice-multibindings/4.0/guice-multibindings-4.0.jar:/home/user/.m2/repository/com/google/inject/guice/4.0/guice-4.0.jar:/home/user/.m2/repository/aopalliance/aopalliance/1.0/aopalliance-1.0.jar:/home/user/.m2/repository/com/google/inject/extensions/guice-servlet/4.0/guice-servlet-4.0.jar:/home/user/.m2/repository/org/glassfish/jersey/containers/jersey-container-servlet/2.27/jersey-container-servlet-2.27.jar:/home/user/.m2/repository/org/glassfish/hk2/guice-bridge/2.5.0/guice-bridge-2.5.0.jar:/home/user/.m2/repository/org/glassfish/jersey/core/jersey-server/2.27/jersey-server-2.27.jar:/home/user/.m2/repository/org/glassfish/jersey/core/jersey-client/2.27/jersey-client-2.27.jar:/home/user/.m2/repository/org/glassfish/jersey/media/jersey-media-jaxb/2.27/jersey-media-jaxb-2.27.jar:/home/user/.m2/repository/javax/validation/validation-api/1.1.0.Final/validation-api-1.1.0.Final.jar:/home/user/.m2/repository/org/glassfish/jersey/media/jersey-media-json-jackson/2.27/jersey-media-json-jackson-2.27.jar:/home/user/.m2/repository/org/glassfish/jersey/ext/jersey-entity-filtering/2.27/jersey-entity-filtering-2.27.jar:/home/user/.m2/repository/com/google/inject/extensions/guice-assistedinject/4.0/guice-assistedinject-4.0.jar:/home/user/.m2/repository/org/jooq/jooq/3.11.10/jooq-3.11.10.jar:/home/user/.m2/repository/org/jooq/jooq-meta/3.11.10/jooq-meta-3.11.10.jar:/home/user/.m2/repository/org/jooq/jooq-codegen/3.11.10/jooq-codegen-3.11.10.jar:/home/user/.m2/repository/com/jolbox/bonecp/0.8.0.RELEASE/bonecp-0.8.0.RELEASE.jar:/home/user/.m2/repository/org/xerial/sqlite-jdbc/3.25.2/sqlite-jdbc-3.25.2.jar:/home/user/.m2/repository/org/springframework/spring-jdbc/5.1.3.RELEASE/spring-jdbc-5.1.3.RELEASE.jar:/home/user/.m2/repository/org/springframework/spring-beans/5.1.3.RELEASE/spring-beans-5.1.3.RELEASE.jar:/home/user/.m2/repository/org/springframework/spring-core/5.1.3.RELEASE/spring-core-5.1.3.RELEASE.jar:/home/user/.m2/repository/org/springframework/spring-jcl/5.1.3.RELEASE/spring-jcl-5.1.3.RELEASE.jar:/home/user/.m2/repository/org/springframework/spring-tx/5.1.3.RELEASE/spring-tx-5.1.3.RELEASE.jar:/home/user/.m2/repository/org/apache/hadoop/hadoop-ozone-client/0.5.0-SNAPSHOT/hadoop-ozone-client-0.5.0-SNAPSHOT.jar:/home/user/.m2/repository/commons-lang/commons-lang/2.6/commons-lang-2.6.jar:/home/user/.m2/repository/org/apache/hadoop/hadoop-ozone-ozone-manager/0.5.0-SNAPSHOT/hadoop-ozone-ozone-manager-0.5.0-SNAPSHOT-tests.jar:/home/user/.m2/repository/junit/junit/4.11/junit-4.11.jar:/home/user/.m2/repository/org/hamcrest/hamcrest-core/1.3/hamcrest-core-1.3.jar:/home/user/.m2/repository/org/openjdk/jmh/jmh-core/1.19/jmh-core-1.19.jar:/home/user/.m2/repository/net/sf/jopt-simple/jopt-simple/4.6/jopt-simple-4.6.jar:/home/user/.m2/repository/org/apache/commons/commons-math3/3.1.1/commons-math3-3.1.1.jar:/home/user/.m2/repository/org/openjdk/jmh/jmh-generator-annprocess/1.19/jmh-generator-annprocess-1.19.jar:/home/user/.m2/repository/org/mockito/mockito-all/1.8.5/mockito-all-1.8.5.jar:/home/user/.m2/repository/org/apache/hadoop/hadoop-kms/3.2.0/hadoop-kms-3.2.0.jar:/home/user/.m2/repository/org/apache/hadoop/hadoop-auth/3.2.0/hadoop-auth-3.2.0.jar:/home/user/.m2/repository/com/nimbusds/nimbus-jose-jwt/4.41.1/nimbus-jose-jwt-4.41.1.jar:/home/user/.m2/repository/com/github/stephenc/jcip/jcip-annotations/1.0-1/jcip-annotations-1.0-1.jar:/home/user/.m2/repository/net/minidev/json-smart/2.3/json-smart-2.3.jar:/home/user/.m2/repository/net/minidev/accessors-smart/1.2/accessors-smart-1.2.jar:/home/user/.m2/repository/org/ow2/asm/asm/5.0.4/asm-5.0.4.jar:/home/user/.m2/repository/org/apache/curator/curator-framework/2.12.0/curator-framework-2.12.0.jar:/home/user/.m2/repository/com/sun/jersey/jersey-core/1.19/jersey-core-1.19.jar:/home/user/.m2/repository/javax/ws/rs/jsr311-api/1.1.1/jsr311-api-1.1.1.jar:/home/user/.m2/repository/com/sun/jersey/jersey-server/1.19/jersey-server-1.19.jar:/home/user/.m2/repository/javax/servlet/javax.servlet-api/3.1.0/javax.servlet-api-3.1.0.jar:/home/user/.m2/repository/org/eclipse/jetty/jetty-server/9.3.24.v20180605/jetty-server-9.3.24.v20180605.jar:/home/user/.m2/repository/org/eclipse/jetty/jetty-http/9.3.24.v20180605/jetty-http-9.3.24.v20180605.jar:/home/user/.m2/repository/org/eclipse/jetty/jetty-io/9.3.24.v20180605/jetty-io-9.3.24.v20180605.jar:/home/user/.m2/repository/org/eclipse/jetty/jetty-webapp/9.3.24.v20180605/jetty-webapp-9.3.24.v20180605.jar:/home/user/.m2/repository/org/eclipse/jetty/jetty-xml/9.3.24.v20180605/jetty-xml-9.3.24.v20180605.jar:/home/user/.m2/repository/log4j/log4j/1.2.17/log4j-1.2.17.jar:/home/user/.m2/repository/org/slf4j/slf4j-api/1.7.25/slf4j-api-1.7.25.jar:/home/user/.m2/repository/org/slf4j/jul-to-slf4j/1.7.25/jul-to-slf4j-1.7.25.jar:/home/user/.m2/repository/org/eclipse/jetty/jetty-util/9.3.24.v20180605/jetty-util-9.3.24.v20180605.jar:/home/user/.m2/repository/com/fasterxml/jackson/core/jackson-databind/2.9.5/jackson-databind-2.9.5.jar:/home/user/.m2/repository/org/apache/hadoop/hadoop-kms/3.2.0/hadoop-kms-3.2.0-tests.jar:/home/user/.m2/repository/org/apache/hadoop/hadoop-hdds-server-scm/0.5.0-SNAPSHOT/hadoop-hdds-server-scm-0.5.0-SNAPSHOT-tests.jar:/home/user/.m2/repository/org/apache/hadoop/hadoop-hdds-container-service/0.5.0-SNAPSHOT/hadoop-hdds-container-service-0.5.0-SNAPSHOT-tests.jar:/home/user/.m2/repository/org/yaml/snakeyaml/1.16/snakeyaml-1.16.jar:/home/user/.m2/repository/org/apache/hadoop/hadoop-common/3.2.0/hadoop-common-3.2.0-tests.jar:/home/user/.m2/repository/org/apache/hadoop/hadoop-annotations/3.2.0/hadoop-annotations-3.2.0.jar:/usr/lib/jvm/java-1.8-openjdk/jre/../lib/tools.jar:/home/user/.m2/repository/commons-cli/commons-cli/1.2/commons-cli-1.2.jar:/home/user/.m2/repository/org/apache/httpcomponents/httpclient/4.5.2/httpclient-4.5.2.jar:/home/user/.m2/repository/org/apache/httpcomponents/httpcore/4.4.4/httpcore-4.4.4.jar:/home/user/.m2/repository/commons-codec/commons-codec/1.11/commons-codec-1.11.jar:/home/user/.m2/repository/commons-net/commons-net/3.6/commons-net-3.6.jar:/home/user/.m2/repository/commons-collections/commons-collections/3.2.2/commons-collections-3.2.2.jar:/home/user/.m2/repository/org/eclipse/jetty/jetty-servlet/9.3.24.v20180605/jetty-servlet-9.3.24.v20180605.jar:/home/user/.m2/repository/org/eclipse/jetty/jetty-security/9.3.24.v20180605/jetty-security-9.3.24.v20180605.jar:/home/user/.m2/repository/javax/servlet/jsp/jsp-api/2.1/jsp-api-2.1.jar:/home/user/.m2/repository/com/sun/jersey/jersey-servlet/1.19/jersey-servlet-1.19.jar:/home/user/.m2/repository/com/sun/jersey/jersey-json/1.19/jersey-json-1.19.jar:/home/user/.m2/repository/org/codehaus/jettison/jettison/1.1/jettison-1.1.jar:/home/user/.m2/repository/org/codehaus/jackson/jackson-core-asl/1.9.13/jackson-core-asl-1.9.13.jar:/home/user/.m2/repository/org/codehaus/jackson/jackson-mapper-asl/1.9.13/jackson-mapper-asl-1.9.13.jar:/home/user/.m2/repository/org/codehaus/jackson/jackson-jaxrs/1.9.13/jackson-jaxrs-1.9.13.jar:/home/user/.m2/repository/org/codehaus/jackson/jackson-xc/1.9.13/jackson-xc-1.9.13.jar:/home/user/.m2/repository/commons-logging/commons-logging/1.1.3/commons-logging-1.1.3.jar:/home/user/.m2/repository/commons-beanutils/commons-beanutils/1.9.3/commons-beanutils-1.9.3.jar:/home/user/.m2/repository/org/apache/commons/commons-configuration2/2.1.1/commons-configuration2-2.1.1.jar:/home/user/.m2/repository/org/apache/commons/commons-lang3/3.7/commons-lang3-3.7.jar:/home/user/.m2/repository/org/apache/commons/commons-text/1.4/commons-text-1.4.jar:/home/user/.m2/repository/org/apache/avro/avro/1.7.7/avro-1.7.7.jar:/home/user/.m2/repository/com/thoughtworks/paranamer/paranamer/2.3/paranamer-2.3.jar:/home/user/.m2/repository/org/xerial/snappy/snappy-java/1.0.5/snappy-java-1.0.5.jar:/home/user/.m2/repository/com/google/re2j/re2j/1.1/re2j-1.1.jar:/home/user/.m2/repository/com/google/code/gson/gson/2.2.4/gson-2.2.4.jar:/home/user/.m2/repository/com/jcraft/jsch/0.1.54/jsch-0.1.54.jar:/home/user/.m2/repository/org/apache/curator/curator-client/2.12.0/curator-client-2.12.0.jar:/home/user/.m2/repository/org/apache/curator/curator-recipes/2.12.0/curator-recipes-2.12.0.jar:/home/user/.m2/repository/com/google/code/findbugs/jsr305/3.0.0/jsr305-3.0.0.jar:/home/user/.m2/repository/org/apache/htrace/htrace-core4/4.1.0-incubating/htrace-core4-4.1.0-incubating.jar:/home/user/.m2/repository/org/apache/zookeeper/zookeeper/3.4.13/zookeeper-3.4.13.jar:/home/user/.m2/repository/org/apache/yetus/audience-annotations/0.5.0/audience-annotations-0.5.0.jar:/home/user/.m2/repository/org/codehaus/woodstox/stax2-api/3.1.4/stax2-api-3.1.4.jar:/home/user/.m2/repository/com/fasterxml/woodstox/woodstox-core/5.0.3/woodstox-core-5.0.3.jar:/home/user/.m2/repository/dnsjava/dnsjava/2.1.7/dnsjava-2.1.7.jar:/home/user/.m2/repository/org/apache/hadoop/hadoop-hdfs/3.2.0/hadoop-hdfs-3.2.0-tests.jar:/home/user/.m2/repository/org/eclipse/jetty/jetty-util-ajax/9.3.24.v20180605/jetty-util-ajax-9.3.24.v20180605.jar:/home/user/.m2/repository/commons-daemon/commons-daemon/1.0.13/commons-daemon-1.0.13.jar:/home/user/.m2/repository/io/netty/netty/3.10.5.Final/netty-3.10.5.Final.jar:/home/user/.m2/repository/io/netty/netty-all/4.0.52.Final/netty-all-4.0.52.Final.jar:/home/user/.m2/repository/org/fusesource/leveldbjni/leveldbjni-all/1.8/leveldbjni-all-1.8.jar:"/>
    <property name="java.vm.vendor" value="IcedTea"/>
    <property name="sun.arch.data.model" value="64"/>
    <property name="test.build.dir" value="/workdir/hadoop-ozone/integration-test/target/test-dir"/>
    <property name="test.cache.data" value=""/>
    <property name="java.vendor.url" value="https://icedtea.classpath.org"/>
    <property name="user.timezone" value=""/>
    <property name="java.vm.specification.version" value="1.8"/>
    <property name="os.name" value="Linux"/>
    <property name="test.build.data" value="/workdir/hadoop-ozone/integration-test/target/test-dir"/>
    <property name="user.country" value="US"/>
    <property name="sun.java.launcher" value="SUN_STANDARD"/>
    <property name="sun.boot.library.path" value="/usr/lib/jvm/java-1.8-openjdk/jre/lib/amd64"/>
    <property name="sun.java.command" value="/workdir/hadoop-ozone/integration-test/target/surefire/surefirebooter3641865639068661678.jar /workdir/hadoop-ozone/integration-test/target/surefire 2019-09-18T07-34-19_995-jvmRun1 surefire1707594664280226203tmp surefire_339145322162217684818tmp"/>
    <property name="test" value="!TestMiniChaosOzoneCluster"/>
    <property name="surefire.test.class.path" value="/workdir/hadoop-ozone/integration-test/target/test-classes:/workdir/hadoop-ozone/integration-test/target/classes:/home/user/.m2/repository/org/apache/hadoop/hadoop-ozone-common/0.5.0-SNAPSHOT/hadoop-ozone-common-0.5.0-SNAPSHOT.jar:/home/user/.m2/repository/org/apache/commons/commons-compress/1.4.1/commons-compress-1.4.1.jar:/home/user/.m2/repository/org/tukaani/xz/1.0/xz-1.0.jar:/home/user/.m2/repository/org/apache/hadoop/hadoop-common/3.2.0/hadoop-common-3.2.0.jar:/home/user/.m2/repository/org/apache/hadoop/hadoop-hdfs/3.2.0/hadoop-hdfs-3.2.0.jar:/home/user/.m2/repository/org/apache/hadoop/hadoop-hdfs-client/3.2.0/hadoop-hdfs-client-3.2.0.jar:/home/user/.m2/repository/com/fasterxml/jackson/core/jackson-annotations/2.9.5/jackson-annotations-2.9.5.jar:/home/user/.m2/repository/org/apache/hadoop/hadoop-hdds-common/0.5.0-SNAPSHOT/hadoop-hdds-common-0.5.0-SNAPSHOT.jar:/home/user/.m2/repository/javax/annotation/javax.annotation-api/1.2/javax.annotation-api-1.2.jar:/home/user/.m2/repository/org/apache/ratis/ratis-server/0.4.0-78e95b9-SNAPSHOT/ratis-server-0.4.0-78e95b9-SNAPSHOT.jar:/home/user/.m2/repository/org/apache/ratis/ratis-thirdparty-misc/0.2.0/ratis-thirdparty-misc-0.2.0.jar:/home/user/.m2/repository/org/apache/ratis/ratis-proto/0.4.0-78e95b9-SNAPSHOT/ratis-proto-0.4.0-78e95b9-SNAPSHOT.jar:/home/user/.m2/repository/org/apache/ratis/ratis-common/0.4.0-78e95b9-SNAPSHOT/ratis-common-0.4.0-78e95b9-SNAPSHOT.jar:/home/user/.m2/repository/org/apache/ratis/ratis-client/0.4.0-78e95b9-SNAPSHOT/ratis-client-0.4.0-78e95b9-SNAPSHOT.jar:/home/user/.m2/repository/org/apache/ratis/ratis-metrics/0.4.0-78e95b9-SNAPSHOT/ratis-metrics-0.4.0-78e95b9-SNAPSHOT.jar:/home/user/.m2/repository/com/github/joshelser/dropwizard-metrics-hadoop-metrics2-reporter/0.1.2/dropwizard-metrics-hadoop-metrics2-reporter-0.1.2.jar:/home/user/.m2/repository/io/dropwizard/metrics/metrics-jvm/3.2.5/metrics-jvm-3.2.5.jar:/home/user/.m2/repository/io/dropwizard/metrics/metrics-ganglia/3.2.5/metrics-ganglia-3.2.5.jar:/home/user/.m2/repository/info/ganglia/gmetric4j/gmetric4j/1.0.7/gmetric4j-1.0.7.jar:/home/user/.m2/repository/org/apache/ratis/ratis-netty/0.4.0-78e95b9-SNAPSHOT/ratis-netty-0.4.0-78e95b9-SNAPSHOT.jar:/home/user/.m2/repository/org/apache/ratis/ratis-grpc/0.4.0-78e95b9-SNAPSHOT/ratis-grpc-0.4.0-78e95b9-SNAPSHOT.jar:/home/user/.m2/repository/org/rocksdb/rocksdbjni/6.0.1/rocksdbjni-6.0.1.jar:/home/user/.m2/repository/org/apache/logging/log4j/log4j-api/2.11.0/log4j-api-2.11.0.jar:/home/user/.m2/repository/org/apache/logging/log4j/log4j-core/2.11.0/log4j-core-2.11.0.jar:/home/user/.m2/repository/com/lmax/disruptor/3.4.2/disruptor-3.4.2.jar:/home/user/.m2/repository/org/apache/commons/commons-pool2/2.6.0/commons-pool2-2.6.0.jar:/home/user/.m2/repository/org/bouncycastle/bcpkix-jdk15on/1.60/bcpkix-jdk15on-1.60.jar:/home/user/.m2/repository/commons-validator/commons-validator/1.6/commons-validator-1.6.jar:/home/user/.m2/repository/commons-digester/commons-digester/1.8.1/commons-digester-1.8.1.jar:/home/user/.m2/repository/io/jaegertracing/jaeger-client/0.33.1/jaeger-client-0.33.1.jar:/home/user/.m2/repository/io/jaegertracing/jaeger-thrift/0.33.1/jaeger-thrift-0.33.1.jar:/home/user/.m2/repository/org/apache/thrift/libthrift/0.11.0/libthrift-0.11.0.jar:/home/user/.m2/repository/com/squareup/okhttp3/okhttp/3.9.0/okhttp-3.9.0.jar:/home/user/.m2/repository/com/squareup/okio/okio/1.13.0/okio-1.13.0.jar:/home/user/.m2/repository/io/jaegertracing/jaeger-core/0.33.1/jaeger-core-0.33.1.jar:/home/user/.m2/repository/io/jaegertracing/jaeger-tracerresolver/0.33.1/jaeger-tracerresolver-0.33.1.jar:/home/user/.m2/repository/io/opentracing/contrib/opentracing-tracerresolver/0.1.5/opentracing-tracerresolver-0.1.5.jar:/home/user/.m2/repository/io/opentracing/opentracing-util/0.31.0/opentracing-util-0.31.0.jar:/home/user/.m2/repository/io/opentracing/opentracing-api/0.31.0/opentracing-api-0.31.0.jar:/home/user/.m2/repository/io/opentracing/opentracing-noop/0.31.0/opentracing-noop-0.31.0.jar:/home/user/.m2/repository/org/apache/hadoop/hadoop-hdds-server-framework/0.5.0-SNAPSHOT/hadoop-hdds-server-framework-0.5.0-SNAPSHOT.jar:/home/user/.m2/repository/org/apache/hadoop/hadoop-hdds-container-service/0.5.0-SNAPSHOT/hadoop-hdds-container-service-0.5.0-SNAPSHOT.jar:/home/user/.m2/repository/org/apache/hadoop/hadoop-hdds-client/0.5.0-SNAPSHOT/hadoop-hdds-client-0.5.0-SNAPSHOT.jar:/home/user/.m2/repository/org/apache/hadoop/hadoop-hdds-tools/0.5.0-SNAPSHOT/hadoop-hdds-tools-0.5.0-SNAPSHOT.jar:/home/user/.m2/repository/org/apache/hadoop/hadoop-hdds-server-scm/0.5.0-SNAPSHOT/hadoop-hdds-server-scm-0.5.0-SNAPSHOT.jar:/home/user/.m2/repository/org/apache/hadoop/hadoop-hdds-docs/0.5.0-SNAPSHOT/hadoop-hdds-docs-0.5.0-SNAPSHOT.jar:/home/user/.m2/repository/io/dropwizard/metrics/metrics-core/3.2.4/metrics-core-3.2.4.jar:/home/user/.m2/repository/org/hamcrest/hamcrest-all/1.3/hamcrest-all-1.3.jar:/home/user/.m2/repository/org/bouncycastle/bcprov-jdk15on/1.60/bcprov-jdk15on-1.60.jar:/home/user/.m2/repository/info/picocli/picocli/3.9.6/picocli-3.9.6.jar:/home/user/.m2/repository/com/google/protobuf/protobuf-java/2.5.0/protobuf-java-2.5.0.jar:/home/user/.m2/repository/com/google/guava/guava/11.0.2/guava-11.0.2.jar:/home/user/.m2/repository/org/apache/hadoop/hadoop-ozone-ozone-manager/0.5.0-SNAPSHOT/hadoop-ozone-ozone-manager-0.5.0-SNAPSHOT.jar:/home/user/.m2/repository/org/apache/hadoop/hadoop-minikdc/3.2.0/hadoop-minikdc-3.2.0.jar:/home/user/.m2/repository/commons-io/commons-io/2.5/commons-io-2.5.jar:/home/user/.m2/repository/org/apache/kerby/kerb-simplekdc/1.0.1/kerb-simplekdc-1.0.1.jar:/home/user/.m2/repository/org/apache/kerby/kerb-client/1.0.1/kerb-client-1.0.1.jar:/home/user/.m2/repository/org/apache/kerby/kerby-config/1.0.1/kerby-config-1.0.1.jar:/home/user/.m2/repository/org/apache/kerby/kerb-core/1.0.1/kerb-core-1.0.1.jar:/home/user/.m2/repository/org/apache/kerby/kerby-pkix/1.0.1/kerby-pkix-1.0.1.jar:/home/user/.m2/repository/org/apache/kerby/kerby-asn1/1.0.1/kerby-asn1-1.0.1.jar:/home/user/.m2/repository/org/apache/kerby/kerby-util/1.0.1/kerby-util-1.0.1.jar:/home/user/.m2/repository/org/apache/kerby/kerb-common/1.0.1/kerb-common-1.0.1.jar:/home/user/.m2/repository/org/apache/kerby/kerb-crypto/1.0.1/kerb-crypto-1.0.1.jar:/home/user/.m2/repository/org/apache/kerby/kerb-util/1.0.1/kerb-util-1.0.1.jar:/home/user/.m2/repository/org/apache/kerby/token-provider/1.0.1/token-provider-1.0.1.jar:/home/user/.m2/repository/org/apache/kerby/kerb-admin/1.0.1/kerb-admin-1.0.1.jar:/home/user/.m2/repository/org/apache/kerby/kerb-server/1.0.1/kerb-server-1.0.1.jar:/home/user/.m2/repository/org/apache/kerby/kerb-identity/1.0.1/kerb-identity-1.0.1.jar:/home/user/.m2/repository/org/apache/kerby/kerby-xdr/1.0.1/kerby-xdr-1.0.1.jar:/home/user/.m2/repository/org/slf4j/slf4j-log4j12/1.7.25/slf4j-log4j12-1.7.25.jar:/home/user/.m2/repository/org/apache/hadoop/hadoop-ozone-s3gateway/0.5.0-SNAPSHOT/hadoop-ozone-s3gateway-0.5.0-SNAPSHOT.jar:/home/user/.m2/repository/org/jboss/weld/servlet/weld-servlet/2.4.7.Final/weld-servlet-2.4.7.Final.jar:/home/user/.m2/repository/org/glassfish/jersey/containers/jersey-container-servlet-core/2.27/jersey-container-servlet-core-2.27.jar:/home/user/.m2/repository/org/glassfish/hk2/external/javax.inject/2.5.0-b42/javax.inject-2.5.0-b42.jar:/home/user/.m2/repository/org/glassfish/jersey/core/jersey-common/2.27/jersey-common-2.27.jar:/home/user/.m2/repository/org/glassfish/hk2/osgi-resource-locator/1.0.1/osgi-resource-locator-1.0.1.jar:/home/user/.m2/repository/javax/ws/rs/javax.ws.rs-api/2.1/javax.ws.rs-api-2.1.jar:/home/user/.m2/repository/org/glassfish/jersey/ext/cdi/jersey-cdi1x/2.27/jersey-cdi1x-2.27.jar:/home/user/.m2/repository/org/glassfish/jersey/inject/jersey-hk2/2.27/jersey-hk2-2.27.jar:/home/user/.m2/repository/org/glassfish/hk2/hk2-locator/2.5.0-b42/hk2-locator-2.5.0-b42.jar:/home/user/.m2/repository/org/javassist/javassist/3.22.0-CR2/javassist-3.22.0-CR2.jar:/home/user/.m2/repository/org/glassfish/hk2/hk2-api/2.5.0/hk2-api-2.5.0.jar:/home/user/.m2/repository/org/glassfish/hk2/external/jakarta.inject/2.5.0/jakarta.inject-2.5.0.jar:/home/user/.m2/repository/org/glassfish/hk2/hk2-utils/2.5.0/hk2-utils-2.5.0.jar:/home/user/.m2/repository/jakarta/annotation/jakarta.annotation-api/1.3.4/jakarta.annotation-api-1.3.4.jar:/home/user/.m2/repository/org/glassfish/hk2/external/aopalliance-repackaged/2.5.0/aopalliance-repackaged-2.5.0.jar:/home/user/.m2/repository/com/fasterxml/jackson/dataformat/jackson-dataformat-xml/2.9.0/jackson-dataformat-xml-2.9.0.jar:/home/user/.m2/repository/com/fasterxml/jackson/core/jackson-core/2.9.5/jackson-core-2.9.5.jar:/home/user/.m2/repository/com/fasterxml/jackson/module/jackson-module-jaxb-annotations/2.9.5/jackson-module-jaxb-annotations-2.9.5.jar:/home/user/.m2/repository/javax/enterprise/cdi-api/1.2/cdi-api-1.2.jar:/home/user/.m2/repository/javax/el/javax.el-api/3.0.0/javax.el-api-3.0.0.jar:/home/user/.m2/repository/javax/interceptor/javax.interceptor-api/1.2/javax.interceptor-api-1.2.jar:/home/user/.m2/repository/javax/inject/javax.inject/1/javax.inject-1.jar:/home/user/.m2/repository/com/sun/xml/bind/jaxb-impl/2.3.0.1/jaxb-impl-2.3.0.1.jar:/home/user/.m2/repository/com/sun/xml/bind/jaxb-core/2.3.0.1/jaxb-core-2.3.0.1.jar:/home/user/.m2/repository/javax/xml/bind/jaxb-api/2.3.0/jaxb-api-2.3.0.jar:/home/user/.m2/repository/javax/activation/activation/1.1.1/activation-1.1.1.jar:/home/user/.m2/repository/org/apache/hadoop/hadoop-ozone-csi/0.5.0-SNAPSHOT/hadoop-ozone-csi-0.5.0-SNAPSHOT.jar:/home/user/.m2/repository/com/google/protobuf/protobuf-java-util/3.5.1/protobuf-java-util-3.5.1.jar:/home/user/.m2/repository/org/apache/hadoop/hadoop-hdds-config/0.5.0-SNAPSHOT/hadoop-hdds-config-0.5.0-SNAPSHOT.jar:/home/user/.m2/repository/io/grpc/grpc-netty/1.17.1/grpc-netty-1.17.1.jar:/home/user/.m2/repository/io/grpc/grpc-core/1.17.1/grpc-core-1.17.1.jar:/home/user/.m2/repository/io/grpc/grpc-context/1.17.1/grpc-context-1.17.1.jar:/home/user/.m2/repository/com/google/errorprone/error_prone_annotations/2.2.0/error_prone_annotations-2.2.0.jar:/home/user/.m2/repository/org/codehaus/mojo/animal-sniffer-annotations/1.17/animal-sniffer-annotations-1.17.jar:/home/user/.m2/repository/io/opencensus/opencensus-api/0.17.0/opencensus-api-0.17.0.jar:/home/user/.m2/repository/io/opencensus/opencensus-contrib-grpc-metrics/0.17.0/opencensus-contrib-grpc-metrics-0.17.0.jar:/home/user/.m2/repository/io/netty/netty-codec-http2/4.1.30.Final/netty-codec-http2-4.1.30.Final.jar:/home/user/.m2/repository/io/netty/netty-codec-http/4.1.30.Final/netty-codec-http-4.1.30.Final.jar:/home/user/.m2/repository/io/netty/netty-codec/4.1.30.Final/netty-codec-4.1.30.Final.jar:/home/user/.m2/repository/io/netty/netty-handler/4.1.30.Final/netty-handler-4.1.30.Final.jar:/home/user/.m2/repository/io/netty/netty-handler-proxy/4.1.30.Final/netty-handler-proxy-4.1.30.Final.jar:/home/user/.m2/repository/io/netty/netty-codec-socks/4.1.30.Final/netty-codec-socks-4.1.30.Final.jar:/home/user/.m2/repository/io/netty/netty-transport-native-epoll/4.1.30.Final/netty-transport-native-epoll-4.1.30.Final.jar:/home/user/.m2/repository/io/netty/netty-common/4.1.30.Final/netty-common-4.1.30.Final.jar:/home/user/.m2/repository/io/netty/netty-buffer/4.1.30.Final/netty-buffer-4.1.30.Final.jar:/home/user/.m2/repository/io/netty/netty-transport/4.1.30.Final/netty-transport-4.1.30.Final.jar:/home/user/.m2/repository/io/netty/netty-resolver/4.1.30.Final/netty-resolver-4.1.30.Final.jar:/home/user/.m2/repository/io/netty/netty-transport-native-unix-common/4.1.30.Final/netty-transport-native-unix-common-4.1.30.Final.jar:/home/user/.m2/repository/io/grpc/grpc-protobuf/1.17.1/grpc-protobuf-1.17.1.jar:/home/user/.m2/repository/com/google/api/grpc/proto-google-common-protos/1.0.0/proto-google-common-protos-1.0.0.jar:/home/user/.m2/repository/io/grpc/grpc-protobuf-lite/1.17.1/grpc-protobuf-lite-1.17.1.jar:/home/user/.m2/repository/io/grpc/grpc-stub/1.17.1/grpc-stub-1.17.1.jar:/home/user/.m2/repository/org/apache/hadoop/hadoop-ozone-recon/0.5.0-SNAPSHOT/hadoop-ozone-recon-0.5.0-SNAPSHOT.jar:/home/user/.m2/repository/org/apache/hadoop/hadoop-ozone-reconcodegen/0.5.0-SNAPSHOT/hadoop-ozone-reconcodegen-0.5.0-SNAPSHOT.jar:/home/user/.m2/repository/com/google/inject/extensions/guice-multibindings/4.0/guice-multibindings-4.0.jar:/home/user/.m2/repository/com/google/inject/guice/4.0/guice-4.0.jar:/home/user/.m2/repository/aopalliance/aopalliance/1.0/aopalliance-1.0.jar:/home/user/.m2/repository/com/google/inject/extensions/guice-servlet/4.0/guice-servlet-4.0.jar:/home/user/.m2/repository/org/glassfish/jersey/containers/jersey-container-servlet/2.27/jersey-container-servlet-2.27.jar:/home/user/.m2/repository/org/glassfish/hk2/guice-bridge/2.5.0/guice-bridge-2.5.0.jar:/home/user/.m2/repository/org/glassfish/jersey/core/jersey-server/2.27/jersey-server-2.27.jar:/home/user/.m2/repository/org/glassfish/jersey/core/jersey-client/2.27/jersey-client-2.27.jar:/home/user/.m2/repository/org/glassfish/jersey/media/jersey-media-jaxb/2.27/jersey-media-jaxb-2.27.jar:/home/user/.m2/repository/javax/validation/validation-api/1.1.0.Final/validation-api-1.1.0.Final.jar:/home/user/.m2/repository/org/glassfish/jersey/media/jersey-media-json-jackson/2.27/jersey-media-json-jackson-2.27.jar:/home/user/.m2/repository/org/glassfish/jersey/ext/jersey-entity-filtering/2.27/jersey-entity-filtering-2.27.jar:/home/user/.m2/repository/com/google/inject/extensions/guice-assistedinject/4.0/guice-assistedinject-4.0.jar:/home/user/.m2/repository/org/jooq/jooq/3.11.10/jooq-3.11.10.jar:/home/user/.m2/repository/org/jooq/jooq-meta/3.11.10/jooq-meta-3.11.10.jar:/home/user/.m2/repository/org/jooq/jooq-codegen/3.11.10/jooq-codegen-3.11.10.jar:/home/user/.m2/repository/com/jolbox/bonecp/0.8.0.RELEASE/bonecp-0.8.0.RELEASE.jar:/home/user/.m2/repository/org/xerial/sqlite-jdbc/3.25.2/sqlite-jdbc-3.25.2.jar:/home/user/.m2/repository/org/springframework/spring-jdbc/5.1.3.RELEASE/spring-jdbc-5.1.3.RELEASE.jar:/home/user/.m2/repository/org/springframework/spring-beans/5.1.3.RELEASE/spring-beans-5.1.3.RELEASE.jar:/home/user/.m2/repository/org/springframework/spring-core/5.1.3.RELEASE/spring-core-5.1.3.RELEASE.jar:/home/user/.m2/repository/org/springframework/spring-jcl/5.1.3.RELEASE/spring-jcl-5.1.3.RELEASE.jar:/home/user/.m2/repository/org/springframework/spring-tx/5.1.3.RELEASE/spring-tx-5.1.3.RELEASE.jar:/home/user/.m2/repository/org/apache/hadoop/hadoop-ozone-client/0.5.0-SNAPSHOT/hadoop-ozone-client-0.5.0-SNAPSHOT.jar:/home/user/.m2/repository/commons-lang/commons-lang/2.6/commons-lang-2.6.jar:/home/user/.m2/repository/org/apache/hadoop/hadoop-ozone-ozone-manager/0.5.0-SNAPSHOT/hadoop-ozone-ozone-manager-0.5.0-SNAPSHOT-tests.jar:/home/user/.m2/repository/junit/junit/4.11/junit-4.11.jar:/home/user/.m2/repository/org/hamcrest/hamcrest-core/1.3/hamcrest-core-1.3.jar:/home/user/.m2/repository/org/openjdk/jmh/jmh-core/1.19/jmh-core-1.19.jar:/home/user/.m2/repository/net/sf/jopt-simple/jopt-simple/4.6/jopt-simple-4.6.jar:/home/user/.m2/repository/org/apache/commons/commons-math3/3.1.1/commons-math3-3.1.1.jar:/home/user/.m2/repository/org/openjdk/jmh/jmh-generator-annprocess/1.19/jmh-generator-annprocess-1.19.jar:/home/user/.m2/repository/org/mockito/mockito-all/1.8.5/mockito-all-1.8.5.jar:/home/user/.m2/repository/org/apache/hadoop/hadoop-kms/3.2.0/hadoop-kms-3.2.0.jar:/home/user/.m2/repository/org/apache/hadoop/hadoop-auth/3.2.0/hadoop-auth-3.2.0.jar:/home/user/.m2/repository/com/nimbusds/nimbus-jose-jwt/4.41.1/nimbus-jose-jwt-4.41.1.jar:/home/user/.m2/repository/com/github/stephenc/jcip/jcip-annotations/1.0-1/jcip-annotations-1.0-1.jar:/home/user/.m2/repository/net/minidev/json-smart/2.3/json-smart-2.3.jar:/home/user/.m2/repository/net/minidev/accessors-smart/1.2/accessors-smart-1.2.jar:/home/user/.m2/repository/org/ow2/asm/asm/5.0.4/asm-5.0.4.jar:/home/user/.m2/repository/org/apache/curator/curator-framework/2.12.0/curator-framework-2.12.0.jar:/home/user/.m2/repository/com/sun/jersey/jersey-core/1.19/jersey-core-1.19.jar:/home/user/.m2/repository/javax/ws/rs/jsr311-api/1.1.1/jsr311-api-1.1.1.jar:/home/user/.m2/repository/com/sun/jersey/jersey-server/1.19/jersey-server-1.19.jar:/home/user/.m2/repository/javax/servlet/javax.servlet-api/3.1.0/javax.servlet-api-3.1.0.jar:/home/user/.m2/repository/org/eclipse/jetty/jetty-server/9.3.24.v20180605/jetty-server-9.3.24.v20180605.jar:/home/user/.m2/repository/org/eclipse/jetty/jetty-http/9.3.24.v20180605/jetty-http-9.3.24.v20180605.jar:/home/user/.m2/repository/org/eclipse/jetty/jetty-io/9.3.24.v20180605/jetty-io-9.3.24.v20180605.jar:/home/user/.m2/repository/org/eclipse/jetty/jetty-webapp/9.3.24.v20180605/jetty-webapp-9.3.24.v20180605.jar:/home/user/.m2/repository/org/eclipse/jetty/jetty-xml/9.3.24.v20180605/jetty-xml-9.3.24.v20180605.jar:/home/user/.m2/repository/log4j/log4j/1.2.17/log4j-1.2.17.jar:/home/user/.m2/repository/org/slf4j/slf4j-api/1.7.25/slf4j-api-1.7.25.jar:/home/user/.m2/repository/org/slf4j/jul-to-slf4j/1.7.25/jul-to-slf4j-1.7.25.jar:/home/user/.m2/repository/org/eclipse/jetty/jetty-util/9.3.24.v20180605/jetty-util-9.3.24.v20180605.jar:/home/user/.m2/repository/com/fasterxml/jackson/core/jackson-databind/2.9.5/jackson-databind-2.9.5.jar:/home/user/.m2/repository/org/apache/hadoop/hadoop-kms/3.2.0/hadoop-kms-3.2.0-tests.jar:/home/user/.m2/repository/org/apache/hadoop/hadoop-hdds-server-scm/0.5.0-SNAPSHOT/hadoop-hdds-server-scm-0.5.0-SNAPSHOT-tests.jar:/home/user/.m2/repository/org/apache/hadoop/hadoop-hdds-container-service/0.5.0-SNAPSHOT/hadoop-hdds-container-service-0.5.0-SNAPSHOT-tests.jar:/home/user/.m2/repository/org/yaml/snakeyaml/1.16/snakeyaml-1.16.jar:/home/user/.m2/repository/org/apache/hadoop/hadoop-common/3.2.0/hadoop-common-3.2.0-tests.jar:/home/user/.m2/repository/org/apache/hadoop/hadoop-annotations/3.2.0/hadoop-annotations-3.2.0.jar:/usr/lib/jvm/java-1.8-openjdk/jre/../lib/tools.jar:/home/user/.m2/repository/commons-cli/commons-cli/1.2/commons-cli-1.2.jar:/home/user/.m2/repository/org/apache/httpcomponents/httpclient/4.5.2/httpclient-4.5.2.jar:/home/user/.m2/repository/org/apache/httpcomponents/httpcore/4.4.4/httpcore-4.4.4.jar:/home/user/.m2/repository/commons-codec/commons-codec/1.11/commons-codec-1.11.jar:/home/user/.m2/repository/commons-net/commons-net/3.6/commons-net-3.6.jar:/home/user/.m2/repository/commons-collections/commons-collections/3.2.2/commons-collections-3.2.2.jar:/home/user/.m2/repository/org/eclipse/jetty/jetty-servlet/9.3.24.v20180605/jetty-servlet-9.3.24.v20180605.jar:/home/user/.m2/repository/org/eclipse/jetty/jetty-security/9.3.24.v20180605/jetty-security-9.3.24.v20180605.jar:/home/user/.m2/repository/javax/servlet/jsp/jsp-api/2.1/jsp-api-2.1.jar:/home/user/.m2/repository/com/sun/jersey/jersey-servlet/1.19/jersey-servlet-1.19.jar:/home/user/.m2/repository/com/sun/jersey/jersey-json/1.19/jersey-json-1.19.jar:/home/user/.m2/repository/org/codehaus/jettison/jettison/1.1/jettison-1.1.jar:/home/user/.m2/repository/org/codehaus/jackson/jackson-core-asl/1.9.13/jackson-core-asl-1.9.13.jar:/home/user/.m2/repository/org/codehaus/jackson/jackson-mapper-asl/1.9.13/jackson-mapper-asl-1.9.13.jar:/home/user/.m2/repository/org/codehaus/jackson/jackson-jaxrs/1.9.13/jackson-jaxrs-1.9.13.jar:/home/user/.m2/repository/org/codehaus/jackson/jackson-xc/1.9.13/jackson-xc-1.9.13.jar:/home/user/.m2/repository/commons-logging/commons-logging/1.1.3/commons-logging-1.1.3.jar:/home/user/.m2/repository/commons-beanutils/commons-beanutils/1.9.3/commons-beanutils-1.9.3.jar:/home/user/.m2/repository/org/apache/commons/commons-configuration2/2.1.1/commons-configuration2-2.1.1.jar:/home/user/.m2/repository/org/apache/commons/commons-lang3/3.7/commons-lang3-3.7.jar:/home/user/.m2/repository/org/apache/commons/commons-text/1.4/commons-text-1.4.jar:/home/user/.m2/repository/org/apache/avro/avro/1.7.7/avro-1.7.7.jar:/home/user/.m2/repository/com/thoughtworks/paranamer/paranamer/2.3/paranamer-2.3.jar:/home/user/.m2/repository/org/xerial/snappy/snappy-java/1.0.5/snappy-java-1.0.5.jar:/home/user/.m2/repository/com/google/re2j/re2j/1.1/re2j-1.1.jar:/home/user/.m2/repository/com/google/code/gson/gson/2.2.4/gson-2.2.4.jar:/home/user/.m2/repository/com/jcraft/jsch/0.1.54/jsch-0.1.54.jar:/home/user/.m2/repository/org/apache/curator/curator-client/2.12.0/curator-client-2.12.0.jar:/home/user/.m2/repository/org/apache/curator/curator-recipes/2.12.0/curator-recipes-2.12.0.jar:/home/user/.m2/repository/com/google/code/findbugs/jsr305/3.0.0/jsr305-3.0.0.jar:/home/user/.m2/repository/org/apache/htrace/htrace-core4/4.1.0-incubating/htrace-core4-4.1.0-incubating.jar:/home/user/.m2/repository/org/apache/zookeeper/zookeeper/3.4.13/zookeeper-3.4.13.jar:/home/user/.m2/repository/org/apache/yetus/audience-annotations/0.5.0/audience-annotations-0.5.0.jar:/home/user/.m2/repository/org/codehaus/woodstox/stax2-api/3.1.4/stax2-api-3.1.4.jar:/home/user/.m2/repository/com/fasterxml/woodstox/woodstox-core/5.0.3/woodstox-core-5.0.3.jar:/home/user/.m2/repository/dnsjava/dnsjava/2.1.7/dnsjava-2.1.7.jar:/home/user/.m2/repository/org/apache/hadoop/hadoop-hdfs/3.2.0/hadoop-hdfs-3.2.0-tests.jar:/home/user/.m2/repository/org/eclipse/jetty/jetty-util-ajax/9.3.24.v20180605/jetty-util-ajax-9.3.24.v20180605.jar:/home/user/.m2/repository/commons-daemon/commons-daemon/1.0.13/commons-daemon-1.0.13.jar:/home/user/.m2/repository/io/netty/netty/3.10.5.Final/netty-3.10.5.Final.jar:/home/user/.m2/repository/io/netty/netty-all/4.0.52.Final/netty-all-4.0.52.Final.jar:/home/user/.m2/repository/org/fusesource/leveldbjni/leveldbjni-all/1.8/leveldbjni-all-1.8.jar:"/>
    <property name="sun.cpu.endian" value="little"/>
    <property name="user.home" value="/home/user"/>
    <property name="user.language" value="en"/>
    <property name="java.specification.vendor" value="Oracle Corporation"/>
    <property name="java.home" value="/usr/lib/jvm/java-1.8-openjdk/jre"/>
    <property name="java.security.krb5.conf" value="/workdir/hadoop-ozone/integration-test/target/test-classes/krb5.conf"/>
    <property name="basedir" value="/workdir/hadoop-ozone/integration-test"/>
    <property name="file.separator" value="/"/>
    <property name="line.separator" value="&#10;"/>
    <property name="java.vm.specification.vendor" value="Oracle Corporation"/>
    <property name="java.specification.name" value="Java Platform API Specification"/>
    <property name="java.awt.graphicsenv" value="sun.awt.X11GraphicsEnvironment"/>
    <property name="surefire.real.class.path" value="/workdir/hadoop-ozone/integration-test/target/surefire/surefirebooter3641865639068661678.jar"/>
    <property name="hadoop.log.dir" value="/workdir/hadoop-ozone/integration-test/target/log"/>
    <property name="sun.boot.class.path" value="/usr/lib/jvm/java-1.8-openjdk/jre/lib/resources.jar:/usr/lib/jvm/java-1.8-openjdk/jre/lib/rt.jar:/usr/lib/jvm/java-1.8-openjdk/jre/lib/sunrsasign.jar:/usr/lib/jvm/java-1.8-openjdk/jre/lib/jsse.jar:/usr/lib/jvm/java-1.8-openjdk/jre/lib/jce.jar:/usr/lib/jvm/java-1.8-openjdk/jre/lib/charsets.jar:/usr/lib/jvm/java-1.8-openjdk/jre/lib/jfr.jar:/usr/lib/jvm/java-1.8-openjdk/jre/classes"/>
    <property name="sun.management.compiler" value="HotSpot 64-Bit Tiered Compilers"/>
    <property name="java.runtime.version" value="1.8.0_212-b04"/>
    <property name="java.net.preferIPv4Stack" value="true"/>
    <property name="user.name" value="jenkins1000"/>
    <property name="path.separator" value=":"/>
    <property name="java.security.egd" value="file:///dev/urandom"/>
    <property name="os.version" value="3.10.0-957.12.2.el7.x86_64"/>
    <property name="java.endorsed.dirs" value="/usr/lib/jvm/java-1.8-openjdk/jre/lib/endorsed"/>
    <property name="java.runtime.name" value="OpenJDK Runtime Environment"/>
    <property name="file.encoding" value="UTF-8"/>
    <property name="java.vm.name" value="OpenJDK 64-Bit Server VM"/>
    <property name="test.build.webapps" value=""/>
    <property name="localRepository" value="/home/user/.m2/repository"/>
    <property name="java.vendor.url.bug" value="https://icedtea.classpath.org/bugzilla"/>
    <property name="java.io.tmpdir" value="/tmp"/>
    <property name="require.test.libhadoop" value=""/>
    <property name="java.version" value="1.8.0_212"/>
    <property name="user.dir" value="/workdir/hadoop-ozone/integration-test"/>
    <property name="os.arch" value="amd64"/>
    <property name="java.vm.specification.name" value="Java Virtual Machine Specification"/>
    <property name="test.build.classes" value="/workdir/hadoop-ozone/integration-test/target/test-classes"/>
    <property name="java.awt.printerjob" value="sun.print.PSPrinterJob"/>
    <property name="sun.os.patch.level" value="unknown"/>
    <property name="hadoop.tmp.dir" value="/workdir/hadoop-ozone/integration-test/target/tmp"/>
    <property name="java.library.path" value="/usr/lib/jvm/java-1.8-openjdk/jre/lib/amd64/server:/usr/lib/jvm/java-1.8-openjdk/jre/lib/amd64:/usr/lib/jvm/java-1.8-openjdk/jre/../lib/amd64:/workdir/hadoop-ozone/integration-test/target/native/target/usr/local/lib:/workdir/hadoop-ozone/integration-test/../../hadoop-common-project/hadoop-common/target/native/target/usr/local/lib:/usr/java/packages/lib/amd64:/usr/lib64:/lib64:/lib:/usr/lib"/>
    <property name="java.vm.info" value="mixed mode"/>
    <property name="java.vendor" value="IcedTea"/>
    <property name="java.vm.version" value="25.212-b04"/>
    <property name="java.ext.dirs" value="/usr/lib/jvm/java-1.8-openjdk/jre/lib/ext:/usr/java/packages/lib/ext"/>
    <property name="sun.io.unicode.encoding" value="UnicodeLittle"/>
    <property name="java.class.version" value="52.0"/>
  </properties>
  <testcase name="testFlushChunk" classname="org.apache.hadoop.ozone.client.rpc.TestBlockOutputStream" time="8.095"/>
  <testcase name="testMultiChunkWrite2" classname="org.apache.hadoop.ozone.client.rpc.TestBlockOutputStream" time="197.988">
    <failure message="expected:&lt;5&gt; but was:&lt;8&gt;" type="java.lang.AssertionError"><![CDATA[java.lang.AssertionError: expected:<5> but was:<8>
	at org.junit.Assert.fail(Assert.java:88)
	at org.junit.Assert.failNotEquals(Assert.java:743)
	at org.junit.Assert.assertEquals(Assert.java:118)
	at org.junit.Assert.assertEquals(Assert.java:555)
	at org.junit.Assert.assertEquals(Assert.java:542)
	at org.apache.hadoop.ozone.client.rpc.TestBlockOutputStream.testMultiChunkWrite2(TestBlockOutputStream.java:466)
	at sun.reflect.NativeMethodAccessorImpl.invoke0(Native Method)
	at sun.reflect.NativeMethodAccessorImpl.invoke(NativeMethodAccessorImpl.java:62)
	at sun.reflect.DelegatingMethodAccessorImpl.invoke(DelegatingMethodAccessorImpl.java:43)
	at java.lang.reflect.Method.invoke(Method.java:498)
	at org.junit.runners.model.FrameworkMethod$1.runReflectiveCall(FrameworkMethod.java:47)
	at org.junit.internal.runners.model.ReflectiveCallable.run(ReflectiveCallable.java:12)
	at org.junit.runners.model.FrameworkMethod.invokeExplosively(FrameworkMethod.java:44)
	at org.junit.internal.runners.statements.InvokeMethod.evaluate(InvokeMethod.java:17)
	at org.junit.runners.ParentRunner.runLeaf(ParentRunner.java:271)
	at org.junit.runners.BlockJUnit4ClassRunner.runChild(BlockJUnit4ClassRunner.java:70)
	at org.junit.runners.BlockJUnit4ClassRunner.runChild(BlockJUnit4ClassRunner.java:50)
	at org.junit.runners.ParentRunner$3.run(ParentRunner.java:238)
	at org.junit.runners.ParentRunner$1.schedule(ParentRunner.java:63)
	at org.junit.runners.ParentRunner.runChildren(ParentRunner.java:236)
	at org.junit.runners.ParentRunner.access$000(ParentRunner.java:53)
	at org.junit.runners.ParentRunner$2.evaluate(ParentRunner.java:229)
	at org.junit.internal.runners.statements.RunBefores.evaluate(RunBefores.java:26)
	at org.junit.internal.runners.statements.RunAfters.evaluate(RunAfters.java:27)
	at org.junit.runners.ParentRunner.run(ParentRunner.java:309)
	at org.apache.maven.surefire.junit4.JUnit4Provider.execute(JUnit4Provider.java:365)
	at org.apache.maven.surefire.junit4.JUnit4Provider.executeWithRerun(JUnit4Provider.java:273)
	at org.apache.maven.surefire.junit4.JUnit4Provider.executeTestSet(JUnit4Provider.java:238)
	at org.apache.maven.surefire.junit4.JUnit4Provider.invoke(JUnit4Provider.java:159)
	at org.apache.maven.surefire.booter.ForkedBooter.invokeProviderInSameClassLoader(ForkedBooter.java:384)
	at org.apache.maven.surefire.booter.ForkedBooter.runSuitesInProcess(ForkedBooter.java:345)
	at org.apache.maven.surefire.booter.ForkedBooter.execute(ForkedBooter.java:126)
	at org.apache.maven.surefire.booter.ForkedBooter.main(ForkedBooter.java:418)
]]></failure>
    <system-out><![CDATA[2019-09-18 08:44:18,946 [Thread-323] INFO  impl.FollowerState (FollowerState.java:run(106)) - b7c362a4-1ab0-45eb-b7d6-5bbf185330b0:group-7A1641017854 changes to CANDIDATE, lastRpcTime:5075, electionTimeout:5073ms
2019-09-18 08:44:18,947 [Thread-323] INFO  impl.RoleInfo (RoleInfo.java:shutdownFollowerState(121)) - b7c362a4-1ab0-45eb-b7d6-5bbf185330b0: shutdown FollowerState
2019-09-18 08:44:18,947 [Thread-323] INFO  impl.RaftServerImpl (RaftServerImpl.java:setRole(174)) - b7c362a4-1ab0-45eb-b7d6-5bbf185330b0@group-7A1641017854: changes role from  FOLLOWER to CANDIDATE at term 1 for changeToCandidate
2019-09-18 08:44:18,947 [Thread-323] INFO  impl.RoleInfo (RoleInfo.java:updateAndGet(143)) - b7c362a4-1ab0-45eb-b7d6-5bbf185330b0: start LeaderElection
2019-09-18 08:44:18,964 [b7c362a4-1ab0-45eb-b7d6-5bbf185330b0@group-7A1641017854:LeaderElection12] INFO  impl.LeaderElection (LeaderElection.java:askForVotes(182)) - b7c362a4-1ab0-45eb-b7d6-5bbf185330b0@group-7A1641017854:LeaderElection12: begin an election at term 2 for -1: [79aceb8d-7506-4db3-918b-490683cdd051:192.168.157.246:45980, d20afad9-ca9d-4b60-b7db-4729e79b5ae2:192.168.157.246:37935, b7c362a4-1ab0-45eb-b7d6-5bbf185330b0:192.168.157.246:34960], old=null
2019-09-18 08:44:18,970 [grpc-default-executor-4] INFO  impl.RaftServerImpl (RaftServerImpl.java:setRole(174)) - d20afad9-ca9d-4b60-b7db-4729e79b5ae2@group-7A1641017854: changes role from  FOLLOWER to FOLLOWER at term 2 for recognizeCandidate:b7c362a4-1ab0-45eb-b7d6-5bbf185330b0
2019-09-18 08:44:18,970 [grpc-default-executor-0] INFO  impl.RaftServerImpl (RaftServerImpl.java:setRole(174)) - 79aceb8d-7506-4db3-918b-490683cdd051@group-7A1641017854: changes role from  FOLLOWER to FOLLOWER at term 2 for recognizeCandidate:b7c362a4-1ab0-45eb-b7d6-5bbf185330b0
2019-09-18 08:44:18,971 [grpc-default-executor-4] INFO  impl.RoleInfo (RoleInfo.java:shutdownFollowerState(121)) - d20afad9-ca9d-4b60-b7db-4729e79b5ae2: shutdown FollowerState
2019-09-18 08:44:18,971 [grpc-default-executor-0] INFO  impl.RoleInfo (RoleInfo.java:shutdownFollowerState(121)) - 79aceb8d-7506-4db3-918b-490683cdd051: shutdown FollowerState
2019-09-18 08:44:18,971 [Thread-325] INFO  impl.FollowerState (FollowerState.java:run(115)) - d20afad9-ca9d-4b60-b7db-4729e79b5ae2: FollowerState was interrupted: java.lang.InterruptedException: sleep interrupted
2019-09-18 08:44:18,971 [Thread-324] INFO  impl.FollowerState (FollowerState.java:run(115)) - 79aceb8d-7506-4db3-918b-490683cdd051: FollowerState was interrupted: java.lang.InterruptedException: sleep interrupted
2019-09-18 08:44:18,971 [grpc-default-executor-4] INFO  impl.RoleInfo (RoleInfo.java:updateAndGet(143)) - d20afad9-ca9d-4b60-b7db-4729e79b5ae2: start FollowerState
2019-09-18 08:44:18,971 [grpc-default-executor-0] INFO  impl.RoleInfo (RoleInfo.java:updateAndGet(143)) - 79aceb8d-7506-4db3-918b-490683cdd051: start FollowerState
2019-09-18 08:44:18,992 [b7c362a4-1ab0-45eb-b7d6-5bbf185330b0@group-7A1641017854:LeaderElection12] INFO  impl.LeaderElection (LeaderElection.java:logAndReturn(56)) - b7c362a4-1ab0-45eb-b7d6-5bbf185330b0@group-7A1641017854:LeaderElection12: Election PASSED; received 1 response(s) [b7c362a4-1ab0-45eb-b7d6-5bbf185330b0<-79aceb8d-7506-4db3-918b-490683cdd051#0:OK-t2] and 0 exception(s); b7c362a4-1ab0-45eb-b7d6-5bbf185330b0@group-7A1641017854:t2, leader=null, voted=b7c362a4-1ab0-45eb-b7d6-5bbf185330b0, raftlog=b7c362a4-1ab0-45eb-b7d6-5bbf185330b0@group-7A1641017854-SegmentedRaftLog:OPENED:c-1,f-1,i0, conf=-1: [79aceb8d-7506-4db3-918b-490683cdd051:192.168.157.246:45980, d20afad9-ca9d-4b60-b7db-4729e79b5ae2:192.168.157.246:37935, b7c362a4-1ab0-45eb-b7d6-5bbf185330b0:192.168.157.246:34960], old=null
2019-09-18 08:44:18,992 [b7c362a4-1ab0-45eb-b7d6-5bbf185330b0@group-7A1641017854:LeaderElection12] INFO  impl.RoleInfo (RoleInfo.java:shutdownLeaderElection(134)) - b7c362a4-1ab0-45eb-b7d6-5bbf185330b0: shutdown LeaderElection
2019-09-18 08:44:18,995 [b7c362a4-1ab0-45eb-b7d6-5bbf185330b0@group-7A1641017854:LeaderElection12] INFO  impl.RaftServerImpl (RaftServerImpl.java:setRole(174)) - b7c362a4-1ab0-45eb-b7d6-5bbf185330b0@group-7A1641017854: changes role from CANDIDATE to LEADER at term 2 for changeToLeader
2019-09-18 08:44:18,995 [b7c362a4-1ab0-45eb-b7d6-5bbf185330b0@group-7A1641017854:LeaderElection12] INFO  impl.RaftServerImpl (ServerState.java:setLeader(253)) - b7c362a4-1ab0-45eb-b7d6-5bbf185330b0@group-7A1641017854: change Leader from null to b7c362a4-1ab0-45eb-b7d6-5bbf185330b0 at term 2 for becomeLeader, leader elected after 10316ms
2019-09-18 08:44:18,995 [b7c362a4-1ab0-45eb-b7d6-5bbf185330b0@group-7A1641017854:LeaderElection12] INFO  server.RaftServerConfigKeys (ConfUtils.java:logGet(43)) - raft.server.staging.catchup.gap = 1000 (default)
2019-09-18 08:44:18,995 [b7c362a4-1ab0-45eb-b7d6-5bbf185330b0@group-7A1641017854:LeaderElection12] INFO  server.RaftServerConfigKeys (ConfUtils.java:logGet(43)) - raft.server.rpc.sleep.time = 25ms (default)
2019-09-18 08:44:18,996 [b7c362a4-1ab0-45eb-b7d6-5bbf185330b0@group-7A1641017854:LeaderElection12] INFO  server.RaftServerConfigKeys (ConfUtils.java:logGet(43)) - raft.server.write.element-limit = 4096 (default)
2019-09-18 08:44:18,996 [b7c362a4-1ab0-45eb-b7d6-5bbf185330b0@group-7A1641017854:LeaderElection12] INFO  server.RaftServerConfigKeys (ConfUtils.java:logGet(43)) - raft.server.watch.timeout = 10s (default)
2019-09-18 08:44:18,996 [b7c362a4-1ab0-45eb-b7d6-5bbf185330b0@group-7A1641017854:LeaderElection12] INFO  server.RaftServerConfigKeys (ConfUtils.java:logGet(43)) - raft.server.watch.timeout.denomination = 1s (default)
2019-09-18 08:44:18,996 [b7c362a4-1ab0-45eb-b7d6-5bbf185330b0@group-7A1641017854:LeaderElection12] INFO  server.RaftServerConfigKeys (ConfUtils.java:logGet(43)) - raft.server.watch.element-limit = 65536 (default)
2019-09-18 08:44:19,001 [b7c362a4-1ab0-45eb-b7d6-5bbf185330b0@group-7A1641017854:LeaderElection12] INFO  server.RaftServerConfigKeys (ConfUtils.java:logGet(43)) - raft.server.log.appender.snapshot.chunk.size.max = 16MB (=16777216) (default)
2019-09-18 08:44:19,001 [b7c362a4-1ab0-45eb-b7d6-5bbf185330b0@group-7A1641017854:LeaderElection12] INFO  server.RaftServerConfigKeys (ConfUtils.java:logGet(43)) - raft.server.log.appender.buffer.byte-limit = 33554432 (custom)
2019-09-18 08:44:19,001 [b7c362a4-1ab0-45eb-b7d6-5bbf185330b0@group-7A1641017854:LeaderElection12] INFO  server.RaftServerConfigKeys (ConfUtils.java:logGet(43)) - raft.server.log.appender.buffer.element-limit = 1 (custom)
2019-09-18 08:44:19,001 [b7c362a4-1ab0-45eb-b7d6-5bbf185330b0@group-7A1641017854:LeaderElection12] INFO  grpc.GrpcConfigKeys$Server (ConfUtils.java:logGet(43)) - raft.grpc.server.leader.outstanding.appends.max = 128 (default)
2019-09-18 08:44:19,004 [b7c362a4-1ab0-45eb-b7d6-5bbf185330b0@group-7A1641017854:LeaderElection12] INFO  server.RaftServerConfigKeys (ConfUtils.java:logGet(43)) - raft.server.rpc.request.timeout = 3000ms (default)
2019-09-18 08:44:19,004 [b7c362a4-1ab0-45eb-b7d6-5bbf185330b0@group-7A1641017854:LeaderElection12] INFO  server.RaftServerConfigKeys (ConfUtils.java:logGet(43)) - raft.server.log.appender.install.snapshot.enabled = false (custom)
2019-09-18 08:44:19,004 [b7c362a4-1ab0-45eb-b7d6-5bbf185330b0@group-7A1641017854:LeaderElection12] INFO  server.RaftServerConfigKeys (ConfUtils.java:logGet(43)) - raft.server.log.appender.snapshot.chunk.size.max = 16MB (=16777216) (default)
2019-09-18 08:44:19,005 [b7c362a4-1ab0-45eb-b7d6-5bbf185330b0@group-7A1641017854:LeaderElection12] INFO  server.RaftServerConfigKeys (ConfUtils.java:logGet(43)) - raft.server.log.appender.buffer.byte-limit = 33554432 (custom)
2019-09-18 08:44:19,005 [b7c362a4-1ab0-45eb-b7d6-5bbf185330b0@group-7A1641017854:LeaderElection12] INFO  server.RaftServerConfigKeys (ConfUtils.java:logGet(43)) - raft.server.log.appender.buffer.element-limit = 1 (custom)
2019-09-18 08:44:19,005 [b7c362a4-1ab0-45eb-b7d6-5bbf185330b0@group-7A1641017854:LeaderElection12] INFO  grpc.GrpcConfigKeys$Server (ConfUtils.java:logGet(43)) - raft.grpc.server.leader.outstanding.appends.max = 128 (default)
2019-09-18 08:44:19,005 [b7c362a4-1ab0-45eb-b7d6-5bbf185330b0@group-7A1641017854:LeaderElection12] INFO  server.RaftServerConfigKeys (ConfUtils.java:logGet(43)) - raft.server.rpc.request.timeout = 3000ms (default)
2019-09-18 08:44:19,006 [b7c362a4-1ab0-45eb-b7d6-5bbf185330b0@group-7A1641017854:LeaderElection12] INFO  server.RaftServerConfigKeys (ConfUtils.java:logGet(43)) - raft.server.log.appender.install.snapshot.enabled = false (custom)
2019-09-18 08:44:19,006 [b7c362a4-1ab0-45eb-b7d6-5bbf185330b0@group-7A1641017854:LeaderElection12] INFO  impl.RoleInfo (RoleInfo.java:updateAndGet(143)) - b7c362a4-1ab0-45eb-b7d6-5bbf185330b0: start LeaderState
2019-09-18 08:44:19,006 [b7c362a4-1ab0-45eb-b7d6-5bbf185330b0@group-7A1641017854:LeaderElection12] INFO  segmented.SegmentedRaftLogWorker (SegmentedRaftLogWorker.java:startLogSegment(380)) - b7c362a4-1ab0-45eb-b7d6-5bbf185330b0@group-7A1641017854-SegmentedRaftLogWorker: Starting segment from index:0
2019-09-18 08:44:19,007 [b7c362a4-1ab0-45eb-b7d6-5bbf185330b0@group-7A1641017854:LeaderElection12] INFO  impl.RaftServerImpl (ServerState.java:setRaftConf(354)) - b7c362a4-1ab0-45eb-b7d6-5bbf185330b0@group-7A1641017854: set configuration 0: [79aceb8d-7506-4db3-918b-490683cdd051:192.168.157.246:45980, d20afad9-ca9d-4b60-b7db-4729e79b5ae2:192.168.157.246:37935, b7c362a4-1ab0-45eb-b7d6-5bbf185330b0:192.168.157.246:34960], old=null at 0
2019-09-18 08:44:19,044 [grpc-default-executor-0] INFO  impl.RaftServerImpl (ServerState.java:setLeader(253)) - 79aceb8d-7506-4db3-918b-490683cdd051@group-7A1641017854: change Leader from null to b7c362a4-1ab0-45eb-b7d6-5bbf185330b0 at term 2 for appendEntries, leader elected after 10367ms
2019-09-18 08:44:19,045 [grpc-default-executor-4] INFO  impl.RaftServerImpl (ServerState.java:setLeader(253)) - d20afad9-ca9d-4b60-b7db-4729e79b5ae2@group-7A1641017854: change Leader from null to b7c362a4-1ab0-45eb-b7d6-5bbf185330b0 at term 2 for appendEntries, leader elected after 10366ms
2019-09-18 08:44:19,054 [b7c362a4-1ab0-45eb-b7d6-5bbf185330b0@group-7A1641017854-SegmentedRaftLogWorker] INFO  segmented.SegmentedRaftLogWorker (SegmentedRaftLogWorker.java:execute(569)) - b7c362a4-1ab0-45eb-b7d6-5bbf185330b0@group-7A1641017854-SegmentedRaftLogWorker: created new log segment /workdir/hadoop-ozone/integration-test/target/test-dir/MiniOzoneClusterImpl-02ae093f-2137-4f54-abf4-d0f1fad2b35e/datanode-6/data/ratis/578fa8bf-c5de-4b66-bbf6-7a1641017854/current/log_inprogress_0
2019-09-18 08:44:19,054 [grpc-default-executor-4] INFO  impl.RaftServerImpl (ServerState.java:setRaftConf(354)) - 79aceb8d-7506-4db3-918b-490683cdd051@group-7A1641017854: set configuration 0: [79aceb8d-7506-4db3-918b-490683cdd051:192.168.157.246:45980, d20afad9-ca9d-4b60-b7db-4729e79b5ae2:192.168.157.246:37935, b7c362a4-1ab0-45eb-b7d6-5bbf185330b0:192.168.157.246:34960], old=null at 0
2019-09-18 08:44:19,055 [grpc-default-executor-4] INFO  segmented.SegmentedRaftLogWorker (SegmentedRaftLogWorker.java:startLogSegment(380)) - 79aceb8d-7506-4db3-918b-490683cdd051@group-7A1641017854-SegmentedRaftLogWorker: Starting segment from index:0
2019-09-18 08:44:19,057 [grpc-default-executor-4] INFO  impl.RaftServerImpl (ServerState.java:setRaftConf(354)) - d20afad9-ca9d-4b60-b7db-4729e79b5ae2@group-7A1641017854: set configuration 0: [79aceb8d-7506-4db3-918b-490683cdd051:192.168.157.246:45980, d20afad9-ca9d-4b60-b7db-4729e79b5ae2:192.168.157.246:37935, b7c362a4-1ab0-45eb-b7d6-5bbf185330b0:192.168.157.246:34960], old=null at 0
2019-09-18 08:44:19,057 [grpc-default-executor-4] INFO  segmented.SegmentedRaftLogWorker (SegmentedRaftLogWorker.java:startLogSegment(380)) - d20afad9-ca9d-4b60-b7db-4729e79b5ae2@group-7A1641017854-SegmentedRaftLogWorker: Starting segment from index:0
2019-09-18 08:44:19,108 [d20afad9-ca9d-4b60-b7db-4729e79b5ae2@group-7A1641017854-SegmentedRaftLogWorker] INFO  segmented.SegmentedRaftLogWorker (SegmentedRaftLogWorker.java:execute(569)) - d20afad9-ca9d-4b60-b7db-4729e79b5ae2@group-7A1641017854-SegmentedRaftLogWorker: created new log segment /workdir/hadoop-ozone/integration-test/target/test-dir/MiniOzoneClusterImpl-02ae093f-2137-4f54-abf4-d0f1fad2b35e/datanode-5/data/ratis/578fa8bf-c5de-4b66-bbf6-7a1641017854/current/log_inprogress_0
2019-09-18 08:44:19,108 [79aceb8d-7506-4db3-918b-490683cdd051@group-7A1641017854-SegmentedRaftLogWorker] INFO  segmented.SegmentedRaftLogWorker (SegmentedRaftLogWorker.java:execute(569)) - 79aceb8d-7506-4db3-918b-490683cdd051@group-7A1641017854-SegmentedRaftLogWorker: created new log segment /workdir/hadoop-ozone/integration-test/target/test-dir/MiniOzoneClusterImpl-02ae093f-2137-4f54-abf4-d0f1fad2b35e/datanode-4/data/ratis/578fa8bf-c5de-4b66-bbf6-7a1641017854/current/log_inprogress_0
2019-09-18 08:44:20,417 [java.util.concurrent.ThreadPoolExecutor$Worker@4c0ad070[State = -1, empty queue]] WARN  server.GrpcLogAppender (GrpcLogAppender.java:timeoutAppendRequest(200)) - 6955b3b9-1fa4-46c5-a946-8e67bfb83506@group-A544ECBE184E->92cc866f-2236-4b73-b0be-e1c51e7c2e55-GrpcLogAppender: appendEntries Timeout, request=6955b3b9-1fa4-46c5-a946-8e67bfb83506->92cc866f-2236-4b73-b0be-e1c51e7c2e55#8-t1, previous=(t:1, i:6), leaderCommit=6, initializing? false, entries: size=1, first=(t:1, i:7), STATEMACHINELOGENTRY, client-B113CCFDDDA0, cid=16
2019-09-18 08:44:20,417 [java.util.concurrent.ThreadPoolExecutor$Worker@176e0382[State = -1, empty queue]] WARN  server.GrpcLogAppender (GrpcLogAppender.java:timeoutAppendRequest(200)) - 6955b3b9-1fa4-46c5-a946-8e67bfb83506@group-A544ECBE184E->07201f0e-3a1c-4c3e-af2c-9eb1e9c35520-GrpcLogAppender: appendEntries Timeout, request=6955b3b9-1fa4-46c5-a946-8e67bfb83506->07201f0e-3a1c-4c3e-af2c-9eb1e9c35520#8-t1, previous=(t:1, i:6), leaderCommit=6, initializing? false, entries: size=1, first=(t:1, i:7), STATEMACHINELOGENTRY, client-B113CCFDDDA0, cid=16
2019-09-18 08:44:20,421 [java.util.concurrent.ThreadPoolExecutor$Worker@4c0ad070[State = -1, empty queue]] WARN  server.GrpcLogAppender (GrpcLogAppender.java:timeoutAppendRequest(200)) - 6955b3b9-1fa4-46c5-a946-8e67bfb83506@group-A544ECBE184E->92cc866f-2236-4b73-b0be-e1c51e7c2e55-GrpcLogAppender: appendEntries Timeout, request=6955b3b9-1fa4-46c5-a946-8e67bfb83506->92cc866f-2236-4b73-b0be-e1c51e7c2e55#9-t1, previous=(t:1, i:7), leaderCommit=6, initializing? false, entries: size=1, first=(t:1, i:8), STATEMACHINELOGENTRY, client-B113CCFDDDA0, cid=17
2019-09-18 08:44:20,423 [java.util.concurrent.ThreadPoolExecutor$Worker@176e0382[State = -1, empty queue]] WARN  server.GrpcLogAppender (GrpcLogAppender.java:timeoutAppendRequest(200)) - 6955b3b9-1fa4-46c5-a946-8e67bfb83506@group-A544ECBE184E->07201f0e-3a1c-4c3e-af2c-9eb1e9c35520-GrpcLogAppender: appendEntries Timeout, request=6955b3b9-1fa4-46c5-a946-8e67bfb83506->07201f0e-3a1c-4c3e-af2c-9eb1e9c35520#9-t1, previous=(t:1, i:7), leaderCommit=6, initializing? false, entries: size=1, first=(t:1, i:8), STATEMACHINELOGENTRY, client-B113CCFDDDA0, cid=17
2019-09-18 08:44:20,425 [java.util.concurrent.ThreadPoolExecutor$Worker@4c0ad070[State = -1, empty queue]] WARN  server.GrpcLogAppender (GrpcLogAppender.java:timeoutAppendRequest(200)) - 6955b3b9-1fa4-46c5-a946-8e67bfb83506@group-A544ECBE184E->92cc866f-2236-4b73-b0be-e1c51e7c2e55-GrpcLogAppender: appendEntries Timeout, request=6955b3b9-1fa4-46c5-a946-8e67bfb83506->92cc866f-2236-4b73-b0be-e1c51e7c2e55#10-t1, previous=(t:1, i:8), leaderCommit=6, initializing? false, entries: size=1, first=(t:1, i:9), STATEMACHINELOGENTRY, client-B113CCFDDDA0, cid=18
2019-09-18 08:44:20,428 [java.util.concurrent.ThreadPoolExecutor$Worker@176e0382[State = -1, empty queue]] WARN  server.GrpcLogAppender (GrpcLogAppender.java:timeoutAppendRequest(200)) - 6955b3b9-1fa4-46c5-a946-8e67bfb83506@group-A544ECBE184E->07201f0e-3a1c-4c3e-af2c-9eb1e9c35520-GrpcLogAppender: appendEntries Timeout, request=6955b3b9-1fa4-46c5-a946-8e67bfb83506->07201f0e-3a1c-4c3e-af2c-9eb1e9c35520#10-t1, previous=(t:1, i:8), leaderCommit=6, initializing? false, entries: size=1, first=(t:1, i:9), STATEMACHINELOGENTRY, client-B113CCFDDDA0, cid=18
2019-09-18 08:44:20,430 [java.util.concurrent.ThreadPoolExecutor$Worker@4c0ad070[State = -1, empty queue]] WARN  server.GrpcLogAppender (GrpcLogAppender.java:timeoutAppendRequest(200)) - 6955b3b9-1fa4-46c5-a946-8e67bfb83506@group-A544ECBE184E->92cc866f-2236-4b73-b0be-e1c51e7c2e55-GrpcLogAppender: appendEntries Timeout, request=6955b3b9-1fa4-46c5-a946-8e67bfb83506->92cc866f-2236-4b73-b0be-e1c51e7c2e55#11-t1, previous=(t:1, i:9), leaderCommit=6, initializing? false, entries: size=1, first=(t:1, i:10), STATEMACHINELOGENTRY, client-B113CCFDDDA0, cid=19
2019-09-18 08:44:20,432 [java.util.concurrent.ThreadPoolExecutor$Worker@176e0382[State = -1, empty queue]] WARN  server.GrpcLogAppender (GrpcLogAppender.java:timeoutAppendRequest(200)) - 6955b3b9-1fa4-46c5-a946-8e67bfb83506@group-A544ECBE184E->07201f0e-3a1c-4c3e-af2c-9eb1e9c35520-GrpcLogAppender: appendEntries Timeout, request=6955b3b9-1fa4-46c5-a946-8e67bfb83506->07201f0e-3a1c-4c3e-af2c-9eb1e9c35520#11-t1, previous=(t:1, i:9), leaderCommit=6, initializing? false, entries: size=1, first=(t:1, i:10), STATEMACHINELOGENTRY, client-B113CCFDDDA0, cid=19
2019-09-18 08:44:20,435 [java.util.concurrent.ThreadPoolExecutor$Worker@4c0ad070[State = -1, empty queue]] WARN  server.GrpcLogAppender (GrpcLogAppender.java:timeoutAppendRequest(200)) - 6955b3b9-1fa4-46c5-a946-8e67bfb83506@group-A544ECBE184E->92cc866f-2236-4b73-b0be-e1c51e7c2e55-GrpcLogAppender: appendEntries Timeout, request=6955b3b9-1fa4-46c5-a946-8e67bfb83506->92cc866f-2236-4b73-b0be-e1c51e7c2e55#12-t1, previous=(t:1, i:10), leaderCommit=6, initializing? false, entries: size=1, first=(t:1, i:11), STATEMACHINELOGENTRY, client-B113CCFDDDA0, cid=20
2019-09-18 08:44:20,437 [java.util.concurrent.ThreadPoolExecutor$Worker@176e0382[State = -1, empty queue]] WARN  server.GrpcLogAppender (GrpcLogAppender.java:timeoutAppendRequest(200)) - 6955b3b9-1fa4-46c5-a946-8e67bfb83506@group-A544ECBE184E->07201f0e-3a1c-4c3e-af2c-9eb1e9c35520-GrpcLogAppender: appendEntries Timeout, request=6955b3b9-1fa4-46c5-a946-8e67bfb83506->07201f0e-3a1c-4c3e-af2c-9eb1e9c35520#12-t1, previous=(t:1, i:10), leaderCommit=6, initializing? false, entries: size=1, first=(t:1, i:11), STATEMACHINELOGENTRY, client-B113CCFDDDA0, cid=20
2019-09-18 08:44:22,495 [grpc-default-executor-0] INFO  client.GrpcClientProtocolClient (GrpcClientProtocolClient.java:onNext(264)) - client-B113CCFDDDA0->92cc866f-2236-4b73-b0be-e1c51e7c2e55: receive RaftClientReply:client-B113CCFDDDA0->92cc866f-2236-4b73-b0be-e1c51e7c2e55@group-A544ECBE184E, cid=16, FAILED org.apache.ratis.protocol.NotLeaderException: Server 92cc866f-2236-4b73-b0be-e1c51e7c2e55@group-A544ECBE184E is not the leader 6955b3b9-1fa4-46c5-a946-8e67bfb83506:192.168.157.246:34451, logIndex=0, commits[92cc866f-2236-4b73-b0be-e1c51e7c2e55:c6, 6955b3b9-1fa4-46c5-a946-8e67bfb83506:c6, 07201f0e-3a1c-4c3e-af2c-9eb1e9c35520:c4]
2019-09-18 08:44:22,922 [java.util.concurrent.ThreadPoolExecutor$Worker@176e0382[State = -1, empty queue]] WARN  server.GrpcLogAppender (GrpcLogAppender.java:timeoutAppendRequest(200)) - 6955b3b9-1fa4-46c5-a946-8e67bfb83506@group-A544ECBE184E->07201f0e-3a1c-4c3e-af2c-9eb1e9c35520-GrpcLogAppender: appendEntries Timeout, request=6955b3b9-1fa4-46c5-a946-8e67bfb83506->07201f0e-3a1c-4c3e-af2c-9eb1e9c35520#13-t1, previous=(t:1, i:11), leaderCommit=6, initializing? false, entries: <empty>
2019-09-18 08:44:22,922 [java.util.concurrent.ThreadPoolExecutor$Worker@4c0ad070[State = -1, empty queue]] WARN  server.GrpcLogAppender (GrpcLogAppender.java:timeoutAppendRequest(200)) - 6955b3b9-1fa4-46c5-a946-8e67bfb83506@group-A544ECBE184E->92cc866f-2236-4b73-b0be-e1c51e7c2e55-GrpcLogAppender: appendEntries Timeout, request=6955b3b9-1fa4-46c5-a946-8e67bfb83506->92cc866f-2236-4b73-b0be-e1c51e7c2e55#13-t1, previous=(t:1, i:11), leaderCommit=6, initializing? false, entries: <empty>
2019-09-18 08:44:25,423 [java.util.concurrent.ThreadPoolExecutor$Worker@176e0382[State = -1, empty queue]] WARN  server.GrpcLogAppender (GrpcLogAppender.java:timeoutAppendRequest(200)) - 6955b3b9-1fa4-46c5-a946-8e67bfb83506@group-A544ECBE184E->07201f0e-3a1c-4c3e-af2c-9eb1e9c35520-GrpcLogAppender: appendEntries Timeout, request=6955b3b9-1fa4-46c5-a946-8e67bfb83506->07201f0e-3a1c-4c3e-af2c-9eb1e9c35520#14-t1, previous=(t:1, i:11), leaderCommit=6, initializing? false, entries: <empty>
2019-09-18 08:44:25,423 [java.util.concurrent.ThreadPoolExecutor$Worker@4c0ad070[State = -1, empty queue]] WARN  server.GrpcLogAppender (GrpcLogAppender.java:timeoutAppendRequest(200)) - 6955b3b9-1fa4-46c5-a946-8e67bfb83506@group-A544ECBE184E->92cc866f-2236-4b73-b0be-e1c51e7c2e55-GrpcLogAppender: appendEntries Timeout, request=6955b3b9-1fa4-46c5-a946-8e67bfb83506->92cc866f-2236-4b73-b0be-e1c51e7c2e55#14-t1, previous=(t:1, i:11), leaderCommit=6, initializing? false, entries: <empty>
2019-09-18 08:44:27,558 [grpc-default-executor-0] INFO  client.GrpcClientProtocolClient (GrpcClientProtocolClient.java:onNext(264)) - client-B113CCFDDDA0->92cc866f-2236-4b73-b0be-e1c51e7c2e55: receive RaftClientReply:client-B113CCFDDDA0->92cc866f-2236-4b73-b0be-e1c51e7c2e55@group-A544ECBE184E, cid=16, FAILED org.apache.ratis.protocol.NotLeaderException: Server 92cc866f-2236-4b73-b0be-e1c51e7c2e55@group-A544ECBE184E is not the leader 6955b3b9-1fa4-46c5-a946-8e67bfb83506:192.168.157.246:34451, logIndex=0, commits[92cc866f-2236-4b73-b0be-e1c51e7c2e55:c6, 6955b3b9-1fa4-46c5-a946-8e67bfb83506:c6, 07201f0e-3a1c-4c3e-af2c-9eb1e9c35520:c4]
2019-09-18 08:44:27,826 [92cc866f-2236-4b73-b0be-e1c51e7c2e55@group-A544ECBE184E-SegmentedRaftLogWorker] WARN  segmented.SegmentedRaftLogWorker (SegmentedRaftLogWorker.java:getFromFuture(90)) - Timeout 0/~
org.apache.ratis.protocol.TimeoutIOException: Timeout 10s: WriteLog:8: (t:1, i:8), STATEMACHINELOGENTRY, client-B113CCFDDDA0, cid=17-writeStateMachineData
	at org.apache.ratis.util.IOUtils.getFromFuture(IOUtils.java:87)
	at org.apache.ratis.server.raftlog.segmented.SegmentedRaftLogWorker$StateMachineDataPolicy.getFromFuture(SegmentedRaftLogWorker.java:87)
	at org.apache.ratis.server.raftlog.segmented.SegmentedRaftLogWorker$WriteLog.execute(SegmentedRaftLogWorker.java:477)
	at org.apache.ratis.server.raftlog.segmented.SegmentedRaftLogWorker.run(SegmentedRaftLogWorker.java:289)
	at java.lang.Thread.run(Thread.java:748)
Caused by: java.util.concurrent.TimeoutException
	at java.util.concurrent.CompletableFuture.timedGet(CompletableFuture.java:1771)
	at java.util.concurrent.CompletableFuture.get(CompletableFuture.java:1915)
	at org.apache.ratis.util.IOUtils.getFromFuture(IOUtils.java:79)
	... 4 more
2019-09-18 08:44:27,826 [07201f0e-3a1c-4c3e-af2c-9eb1e9c35520@group-A544ECBE184E-SegmentedRaftLogWorker] WARN  segmented.SegmentedRaftLogWorker (SegmentedRaftLogWorker.java:getFromFuture(90)) - Timeout 0/~
org.apache.ratis.protocol.TimeoutIOException: Timeout 10s: WriteLog:8: (t:1, i:8), STATEMACHINELOGENTRY, client-B113CCFDDDA0, cid=17-writeStateMachineData
	at org.apache.ratis.util.IOUtils.getFromFuture(IOUtils.java:87)
	at org.apache.ratis.server.raftlog.segmented.SegmentedRaftLogWorker$StateMachineDataPolicy.getFromFuture(SegmentedRaftLogWorker.java:87)
	at org.apache.ratis.server.raftlog.segmented.SegmentedRaftLogWorker$WriteLog.execute(SegmentedRaftLogWorker.java:477)
	at org.apache.ratis.server.raftlog.segmented.SegmentedRaftLogWorker.run(SegmentedRaftLogWorker.java:289)
	at java.lang.Thread.run(Thread.java:748)
Caused by: java.util.concurrent.TimeoutException
	at java.util.concurrent.CompletableFuture.timedGet(CompletableFuture.java:1771)
	at java.util.concurrent.CompletableFuture.get(CompletableFuture.java:1915)
	at org.apache.ratis.util.IOUtils.getFromFuture(IOUtils.java:79)
	... 4 more
2019-09-18 08:44:27,826 [6955b3b9-1fa4-46c5-a946-8e67bfb83506@group-A544ECBE184E-SegmentedRaftLogWorker] WARN  segmented.SegmentedRaftLogWorker (SegmentedRaftLogWorker.java:getFromFuture(90)) - Timeout 0/~
org.apache.ratis.protocol.TimeoutIOException: Timeout 10s: WriteLog:8: (t:1, i:8), STATEMACHINELOGENTRY, client-B113CCFDDDA0, cid=17-writeStateMachineData
	at org.apache.ratis.util.IOUtils.getFromFuture(IOUtils.java:87)
	at org.apache.ratis.server.raftlog.segmented.SegmentedRaftLogWorker$StateMachineDataPolicy.getFromFuture(SegmentedRaftLogWorker.java:87)
	at org.apache.ratis.server.raftlog.segmented.SegmentedRaftLogWorker$WriteLog.execute(SegmentedRaftLogWorker.java:477)
	at org.apache.ratis.server.raftlog.segmented.SegmentedRaftLogWorker.run(SegmentedRaftLogWorker.java:289)
	at java.lang.Thread.run(Thread.java:748)
Caused by: java.util.concurrent.TimeoutException
	at java.util.concurrent.CompletableFuture.timedGet(CompletableFuture.java:1771)
	at java.util.concurrent.CompletableFuture.get(CompletableFuture.java:1915)
	at org.apache.ratis.util.IOUtils.getFromFuture(IOUtils.java:79)
	... 4 more
2019-09-18 08:44:27,931 [java.util.concurrent.ThreadPoolExecutor$Worker@176e0382[State = -1, empty queue]] WARN  server.GrpcLogAppender (GrpcLogAppender.java:timeoutAppendRequest(200)) - 6955b3b9-1fa4-46c5-a946-8e67bfb83506@group-A544ECBE184E->07201f0e-3a1c-4c3e-af2c-9eb1e9c35520-GrpcLogAppender: appendEntries Timeout, request=6955b3b9-1fa4-46c5-a946-8e67bfb83506->07201f0e-3a1c-4c3e-af2c-9eb1e9c35520#15-t1, previous=(t:1, i:11), leaderCommit=6, initializing? false, entries: <empty>
2019-09-18 08:44:27,931 [java.util.concurrent.ThreadPoolExecutor$Worker@4c0ad070[State = -1, empty queue]] WARN  server.GrpcLogAppender (GrpcLogAppender.java:timeoutAppendRequest(200)) - 6955b3b9-1fa4-46c5-a946-8e67bfb83506@group-A544ECBE184E->92cc866f-2236-4b73-b0be-e1c51e7c2e55-GrpcLogAppender: appendEntries Timeout, request=6955b3b9-1fa4-46c5-a946-8e67bfb83506->92cc866f-2236-4b73-b0be-e1c51e7c2e55#15-t1, previous=(t:1, i:11), leaderCommit=6, initializing? false, entries: <empty>
2019-09-18 08:44:30,432 [java.util.concurrent.ThreadPoolExecutor$Worker@4c0ad070[State = -1, empty queue]] WARN  server.GrpcLogAppender (GrpcLogAppender.java:timeoutAppendRequest(200)) - 6955b3b9-1fa4-46c5-a946-8e67bfb83506@group-A544ECBE184E->92cc866f-2236-4b73-b0be-e1c51e7c2e55-GrpcLogAppender: appendEntries Timeout, request=6955b3b9-1fa4-46c5-a946-8e67bfb83506->92cc866f-2236-4b73-b0be-e1c51e7c2e55#16-t1, previous=(t:1, i:11), leaderCommit=6, initializing? false, entries: <empty>
2019-09-18 08:44:30,432 [java.util.concurrent.ThreadPoolExecutor$Worker@176e0382[State = -1, empty queue]] WARN  server.GrpcLogAppender (GrpcLogAppender.java:timeoutAppendRequest(200)) - 6955b3b9-1fa4-46c5-a946-8e67bfb83506@group-A544ECBE184E->07201f0e-3a1c-4c3e-af2c-9eb1e9c35520-GrpcLogAppender: appendEntries Timeout, request=6955b3b9-1fa4-46c5-a946-8e67bfb83506->07201f0e-3a1c-4c3e-af2c-9eb1e9c35520#16-t1, previous=(t:1, i:11), leaderCommit=6, initializing? false, entries: <empty>
2019-09-18 08:44:32,626 [grpc-default-executor-4] INFO  client.GrpcClientProtocolClient (GrpcClientProtocolClient.java:onNext(264)) - client-B113CCFDDDA0->07201f0e-3a1c-4c3e-af2c-9eb1e9c35520: receive RaftClientReply:client-B113CCFDDDA0->07201f0e-3a1c-4c3e-af2c-9eb1e9c35520@group-A544ECBE184E, cid=16, FAILED org.apache.ratis.protocol.NotLeaderException: Server 07201f0e-3a1c-4c3e-af2c-9eb1e9c35520@group-A544ECBE184E is not the leader 6955b3b9-1fa4-46c5-a946-8e67bfb83506:192.168.157.246:34451, logIndex=0, commits[07201f0e-3a1c-4c3e-af2c-9eb1e9c35520:c6, 6955b3b9-1fa4-46c5-a946-8e67bfb83506:c6, 92cc866f-2236-4b73-b0be-e1c51e7c2e55:c4]
2019-09-18 08:44:32,933 [java.util.concurrent.ThreadPoolExecutor$Worker@4c0ad070[State = -1, empty queue]] WARN  server.GrpcLogAppender (GrpcLogAppender.java:timeoutAppendRequest(200)) - 6955b3b9-1fa4-46c5-a946-8e67bfb83506@group-A544ECBE184E->92cc866f-2236-4b73-b0be-e1c51e7c2e55-GrpcLogAppender: appendEntries Timeout, request=6955b3b9-1fa4-46c5-a946-8e67bfb83506->92cc866f-2236-4b73-b0be-e1c51e7c2e55#17-t1, previous=(t:1, i:11), leaderCommit=6, initializing? false, entries: <empty>
2019-09-18 08:44:32,933 [java.util.concurrent.ThreadPoolExecutor$Worker@176e0382[State = -1, empty queue]] WARN  server.GrpcLogAppender (GrpcLogAppender.java:timeoutAppendRequest(200)) - 6955b3b9-1fa4-46c5-a946-8e67bfb83506@group-A544ECBE184E->07201f0e-3a1c-4c3e-af2c-9eb1e9c35520-GrpcLogAppender: appendEntries Timeout, request=6955b3b9-1fa4-46c5-a946-8e67bfb83506->07201f0e-3a1c-4c3e-af2c-9eb1e9c35520#17-t1, previous=(t:1, i:11), leaderCommit=6, initializing? false, entries: <empty>
2019-09-18 08:44:35,433 [java.util.concurrent.ThreadPoolExecutor$Worker@4c0ad070[State = -1, empty queue]] WARN  server.GrpcLogAppender (GrpcLogAppender.java:timeoutAppendRequest(200)) - 6955b3b9-1fa4-46c5-a946-8e67bfb83506@group-A544ECBE184E->92cc866f-2236-4b73-b0be-e1c51e7c2e55-GrpcLogAppender: appendEntries Timeout, request=6955b3b9-1fa4-46c5-a946-8e67bfb83506->92cc866f-2236-4b73-b0be-e1c51e7c2e55#18-t1, previous=(t:1, i:11), leaderCommit=6, initializing? false, entries: <empty>
2019-09-18 08:44:35,433 [java.util.concurrent.ThreadPoolExecutor$Worker@176e0382[State = -1, empty queue]] WARN  server.GrpcLogAppender (GrpcLogAppender.java:timeoutAppendRequest(200)) - 6955b3b9-1fa4-46c5-a946-8e67bfb83506@group-A544ECBE184E->07201f0e-3a1c-4c3e-af2c-9eb1e9c35520-GrpcLogAppender: appendEntries Timeout, request=6955b3b9-1fa4-46c5-a946-8e67bfb83506->07201f0e-3a1c-4c3e-af2c-9eb1e9c35520#18-t1, previous=(t:1, i:11), leaderCommit=6, initializing? false, entries: <empty>
2019-09-18 08:44:37,697 [grpc-default-executor-4] INFO  client.GrpcClientProtocolClient (GrpcClientProtocolClient.java:onNext(264)) - client-B113CCFDDDA0->92cc866f-2236-4b73-b0be-e1c51e7c2e55: receive RaftClientReply:client-B113CCFDDDA0->92cc866f-2236-4b73-b0be-e1c51e7c2e55@group-A544ECBE184E, cid=16, FAILED org.apache.ratis.protocol.NotLeaderException: Server 92cc866f-2236-4b73-b0be-e1c51e7c2e55@group-A544ECBE184E is not the leader 6955b3b9-1fa4-46c5-a946-8e67bfb83506:192.168.157.246:34451, logIndex=0, commits[92cc866f-2236-4b73-b0be-e1c51e7c2e55:c6, 6955b3b9-1fa4-46c5-a946-8e67bfb83506:c6, 07201f0e-3a1c-4c3e-af2c-9eb1e9c35520:c4]
2019-09-18 08:44:37,829 [92cc866f-2236-4b73-b0be-e1c51e7c2e55@group-A544ECBE184E-SegmentedRaftLogWorker] WARN  segmented.SegmentedRaftLogWorker (SegmentedRaftLogWorker.java:getFromFuture(90)) - Timeout 1/~
org.apache.ratis.protocol.TimeoutIOException: Timeout 10s: WriteLog:8: (t:1, i:8), STATEMACHINELOGENTRY, client-B113CCFDDDA0, cid=17-writeStateMachineData
	at org.apache.ratis.util.IOUtils.getFromFuture(IOUtils.java:87)
	at org.apache.ratis.server.raftlog.segmented.SegmentedRaftLogWorker$StateMachineDataPolicy.getFromFuture(SegmentedRaftLogWorker.java:87)
	at org.apache.ratis.server.raftlog.segmented.SegmentedRaftLogWorker$WriteLog.execute(SegmentedRaftLogWorker.java:477)
	at org.apache.ratis.server.raftlog.segmented.SegmentedRaftLogWorker.run(SegmentedRaftLogWorker.java:289)
	at java.lang.Thread.run(Thread.java:748)
Caused by: java.util.concurrent.TimeoutException
	at java.util.concurrent.CompletableFuture.timedGet(CompletableFuture.java:1771)
	at java.util.concurrent.CompletableFuture.get(CompletableFuture.java:1915)
	at org.apache.ratis.util.IOUtils.getFromFuture(IOUtils.java:79)
	... 4 more
2019-09-18 08:44:37,833 [07201f0e-3a1c-4c3e-af2c-9eb1e9c35520@group-A544ECBE184E-SegmentedRaftLogWorker] WARN  segmented.SegmentedRaftLogWorker (SegmentedRaftLogWorker.java:getFromFuture(90)) - Timeout 1/~
org.apache.ratis.protocol.TimeoutIOException: Timeout 10s: WriteLog:8: (t:1, i:8), STATEMACHINELOGENTRY, client-B113CCFDDDA0, cid=17-writeStateMachineData
	at org.apache.ratis.util.IOUtils.getFromFuture(IOUtils.java:87)
	at org.apache.ratis.server.raftlog.segmented.SegmentedRaftLogWorker$StateMachineDataPolicy.getFromFuture(SegmentedRaftLogWorker.java:87)
	at org.apache.ratis.server.raftlog.segmented.SegmentedRaftLogWorker$WriteLog.execute(SegmentedRaftLogWorker.java:477)
	at org.apache.ratis.server.raftlog.segmented.SegmentedRaftLogWorker.run(SegmentedRaftLogWorker.java:289)
	at java.lang.Thread.run(Thread.java:748)
Caused by: java.util.concurrent.TimeoutException
	at java.util.concurrent.CompletableFuture.timedGet(CompletableFuture.java:1771)
	at java.util.concurrent.CompletableFuture.get(CompletableFuture.java:1915)
	at org.apache.ratis.util.IOUtils.getFromFuture(IOUtils.java:79)
	... 4 more
2019-09-18 08:44:37,835 [6955b3b9-1fa4-46c5-a946-8e67bfb83506@group-A544ECBE184E-SegmentedRaftLogWorker] WARN  segmented.SegmentedRaftLogWorker (SegmentedRaftLogWorker.java:getFromFuture(90)) - Timeout 1/~
org.apache.ratis.protocol.TimeoutIOException: Timeout 10s: WriteLog:8: (t:1, i:8), STATEMACHINELOGENTRY, client-B113CCFDDDA0, cid=17-writeStateMachineData
	at org.apache.ratis.util.IOUtils.getFromFuture(IOUtils.java:87)
	at org.apache.ratis.server.raftlog.segmented.SegmentedRaftLogWorker$StateMachineDataPolicy.getFromFuture(SegmentedRaftLogWorker.java:87)
	at org.apache.ratis.server.raftlog.segmented.SegmentedRaftLogWorker$WriteLog.execute(SegmentedRaftLogWorker.java:477)
	at org.apache.ratis.server.raftlog.segmented.SegmentedRaftLogWorker.run(SegmentedRaftLogWorker.java:289)
	at java.lang.Thread.run(Thread.java:748)
Caused by: java.util.concurrent.TimeoutException
	at java.util.concurrent.CompletableFuture.timedGet(CompletableFuture.java:1771)
	at java.util.concurrent.CompletableFuture.get(CompletableFuture.java:1915)
	at org.apache.ratis.util.IOUtils.getFromFuture(IOUtils.java:79)
	... 4 more
2019-09-18 08:44:37,934 [java.util.concurrent.ThreadPoolExecutor$Worker@176e0382[State = -1, empty queue]] WARN  server.GrpcLogAppender (GrpcLogAppender.java:timeoutAppendRequest(200)) - 6955b3b9-1fa4-46c5-a946-8e67bfb83506@group-A544ECBE184E->07201f0e-3a1c-4c3e-af2c-9eb1e9c35520-GrpcLogAppender: appendEntries Timeout, request=6955b3b9-1fa4-46c5-a946-8e67bfb83506->07201f0e-3a1c-4c3e-af2c-9eb1e9c35520#19-t1, previous=(t:1, i:11), leaderCommit=6, initializing? false, entries: <empty>
2019-09-18 08:44:37,934 [java.util.concurrent.ThreadPoolExecutor$Worker@4c0ad070[State = -1, empty queue]] WARN  server.GrpcLogAppender (GrpcLogAppender.java:timeoutAppendRequest(200)) - 6955b3b9-1fa4-46c5-a946-8e67bfb83506@group-A544ECBE184E->92cc866f-2236-4b73-b0be-e1c51e7c2e55-GrpcLogAppender: appendEntries Timeout, request=6955b3b9-1fa4-46c5-a946-8e67bfb83506->92cc866f-2236-4b73-b0be-e1c51e7c2e55#19-t1, previous=(t:1, i:11), leaderCommit=6, initializing? false, entries: <empty>
2019-09-18 08:44:40,435 [java.util.concurrent.ThreadPoolExecutor$Worker@176e0382[State = -1, empty queue]] WARN  server.GrpcLogAppender (GrpcLogAppender.java:timeoutAppendRequest(200)) - 6955b3b9-1fa4-46c5-a946-8e67bfb83506@group-A544ECBE184E->07201f0e-3a1c-4c3e-af2c-9eb1e9c35520-GrpcLogAppender: appendEntries Timeout, request=6955b3b9-1fa4-46c5-a946-8e67bfb83506->07201f0e-3a1c-4c3e-af2c-9eb1e9c35520#20-t1, previous=(t:1, i:11), leaderCommit=6, initializing? false, entries: <empty>
2019-09-18 08:44:40,435 [java.util.concurrent.ThreadPoolExecutor$Worker@4c0ad070[State = -1, empty queue]] WARN  server.GrpcLogAppender (GrpcLogAppender.java:timeoutAppendRequest(200)) - 6955b3b9-1fa4-46c5-a946-8e67bfb83506@group-A544ECBE184E->92cc866f-2236-4b73-b0be-e1c51e7c2e55-GrpcLogAppender: appendEntries Timeout, request=6955b3b9-1fa4-46c5-a946-8e67bfb83506->92cc866f-2236-4b73-b0be-e1c51e7c2e55#20-t1, previous=(t:1, i:11), leaderCommit=6, initializing? false, entries: <empty>
2019-09-18 08:44:42,762 [grpc-default-executor-4] INFO  client.GrpcClientProtocolClient (GrpcClientProtocolClient.java:onNext(264)) - client-B113CCFDDDA0->92cc866f-2236-4b73-b0be-e1c51e7c2e55: receive RaftClientReply:client-B113CCFDDDA0->92cc866f-2236-4b73-b0be-e1c51e7c2e55@group-A544ECBE184E, cid=16, FAILED org.apache.ratis.protocol.NotLeaderException: Server 92cc866f-2236-4b73-b0be-e1c51e7c2e55@group-A544ECBE184E is not the leader 6955b3b9-1fa4-46c5-a946-8e67bfb83506:192.168.157.246:34451, logIndex=0, commits[92cc866f-2236-4b73-b0be-e1c51e7c2e55:c6, 6955b3b9-1fa4-46c5-a946-8e67bfb83506:c6, 07201f0e-3a1c-4c3e-af2c-9eb1e9c35520:c4]
2019-09-18 08:44:42,936 [java.util.concurrent.ThreadPoolExecutor$Worker@4c0ad070[State = -1, empty queue]] WARN  server.GrpcLogAppender (GrpcLogAppender.java:timeoutAppendRequest(200)) - 6955b3b9-1fa4-46c5-a946-8e67bfb83506@group-A544ECBE184E->92cc866f-2236-4b73-b0be-e1c51e7c2e55-GrpcLogAppender: appendEntries Timeout, request=6955b3b9-1fa4-46c5-a946-8e67bfb83506->92cc866f-2236-4b73-b0be-e1c51e7c2e55#21-t1, previous=(t:1, i:11), leaderCommit=6, initializing? false, entries: <empty>
2019-09-18 08:44:42,936 [java.util.concurrent.ThreadPoolExecutor$Worker@176e0382[State = -1, empty queue]] WARN  server.GrpcLogAppender (GrpcLogAppender.java:timeoutAppendRequest(200)) - 6955b3b9-1fa4-46c5-a946-8e67bfb83506@group-A544ECBE184E->07201f0e-3a1c-4c3e-af2c-9eb1e9c35520-GrpcLogAppender: appendEntries Timeout, request=6955b3b9-1fa4-46c5-a946-8e67bfb83506->07201f0e-3a1c-4c3e-af2c-9eb1e9c35520#21-t1, previous=(t:1, i:11), leaderCommit=6, initializing? false, entries: <empty>
2019-09-18 08:44:45,437 [java.util.concurrent.ThreadPoolExecutor$Worker@4c0ad070[State = -1, empty queue]] WARN  server.GrpcLogAppender (GrpcLogAppender.java:timeoutAppendRequest(200)) - 6955b3b9-1fa4-46c5-a946-8e67bfb83506@group-A544ECBE184E->92cc866f-2236-4b73-b0be-e1c51e7c2e55-GrpcLogAppender: appendEntries Timeout, request=6955b3b9-1fa4-46c5-a946-8e67bfb83506->92cc866f-2236-4b73-b0be-e1c51e7c2e55#22-t1, previous=(t:1, i:11), leaderCommit=6, initializing? false, entries: <empty>
2019-09-18 08:44:45,437 [java.util.concurrent.ThreadPoolExecutor$Worker@176e0382[State = -1, empty queue]] WARN  server.GrpcLogAppender (GrpcLogAppender.java:timeoutAppendRequest(200)) - 6955b3b9-1fa4-46c5-a946-8e67bfb83506@group-A544ECBE184E->07201f0e-3a1c-4c3e-af2c-9eb1e9c35520-GrpcLogAppender: appendEntries Timeout, request=6955b3b9-1fa4-46c5-a946-8e67bfb83506->07201f0e-3a1c-4c3e-af2c-9eb1e9c35520#22-t1, previous=(t:1, i:11), leaderCommit=6, initializing? false, entries: <empty>
2019-09-18 08:44:47,827 [grpc-default-executor-4] INFO  client.GrpcClientProtocolClient (GrpcClientProtocolClient.java:onNext(264)) - client-B113CCFDDDA0->92cc866f-2236-4b73-b0be-e1c51e7c2e55: receive RaftClientReply:client-B113CCFDDDA0->92cc866f-2236-4b73-b0be-e1c51e7c2e55@group-A544ECBE184E, cid=16, FAILED org.apache.ratis.protocol.NotLeaderException: Server 92cc866f-2236-4b73-b0be-e1c51e7c2e55@group-A544ECBE184E is not the leader 6955b3b9-1fa4-46c5-a946-8e67bfb83506:192.168.157.246:34451, logIndex=0, commits[92cc866f-2236-4b73-b0be-e1c51e7c2e55:c6, 6955b3b9-1fa4-46c5-a946-8e67bfb83506:c6, 07201f0e-3a1c-4c3e-af2c-9eb1e9c35520:c4]
2019-09-18 08:44:47,838 [07201f0e-3a1c-4c3e-af2c-9eb1e9c35520@group-A544ECBE184E-SegmentedRaftLogWorker] WARN  segmented.SegmentedRaftLogWorker (SegmentedRaftLogWorker.java:getFromFuture(90)) - Timeout 2/~
org.apache.ratis.protocol.TimeoutIOException: Timeout 10s: WriteLog:8: (t:1, i:8), STATEMACHINELOGENTRY, client-B113CCFDDDA0, cid=17-writeStateMachineData
	at org.apache.ratis.util.IOUtils.getFromFuture(IOUtils.java:87)
	at org.apache.ratis.server.raftlog.segmented.SegmentedRaftLogWorker$StateMachineDataPolicy.getFromFuture(SegmentedRaftLogWorker.java:87)
	at org.apache.ratis.server.raftlog.segmented.SegmentedRaftLogWorker$WriteLog.execute(SegmentedRaftLogWorker.java:477)
	at org.apache.ratis.server.raftlog.segmented.SegmentedRaftLogWorker.run(SegmentedRaftLogWorker.java:289)
	at java.lang.Thread.run(Thread.java:748)
Caused by: java.util.concurrent.TimeoutException
	at java.util.concurrent.CompletableFuture.timedGet(CompletableFuture.java:1771)
	at java.util.concurrent.CompletableFuture.get(CompletableFuture.java:1915)
	at org.apache.ratis.util.IOUtils.getFromFuture(IOUtils.java:79)
	... 4 more
2019-09-18 08:44:47,838 [6955b3b9-1fa4-46c5-a946-8e67bfb83506@group-A544ECBE184E-SegmentedRaftLogWorker] WARN  segmented.SegmentedRaftLogWorker (SegmentedRaftLogWorker.java:getFromFuture(90)) - Timeout 2/~
org.apache.ratis.protocol.TimeoutIOException: Timeout 10s: WriteLog:8: (t:1, i:8), STATEMACHINELOGENTRY, client-B113CCFDDDA0, cid=17-writeStateMachineData
	at org.apache.ratis.util.IOUtils.getFromFuture(IOUtils.java:87)
	at org.apache.ratis.server.raftlog.segmented.SegmentedRaftLogWorker$StateMachineDataPolicy.getFromFuture(SegmentedRaftLogWorker.java:87)
	at org.apache.ratis.server.raftlog.segmented.SegmentedRaftLogWorker$WriteLog.execute(SegmentedRaftLogWorker.java:477)
	at org.apache.ratis.server.raftlog.segmented.SegmentedRaftLogWorker.run(SegmentedRaftLogWorker.java:289)
	at java.lang.Thread.run(Thread.java:748)
Caused by: java.util.concurrent.TimeoutException
	at java.util.concurrent.CompletableFuture.timedGet(CompletableFuture.java:1771)
	at java.util.concurrent.CompletableFuture.get(CompletableFuture.java:1915)
	at org.apache.ratis.util.IOUtils.getFromFuture(IOUtils.java:79)
	... 4 more
2019-09-18 08:44:47,838 [92cc866f-2236-4b73-b0be-e1c51e7c2e55@group-A544ECBE184E-SegmentedRaftLogWorker] WARN  segmented.SegmentedRaftLogWorker (SegmentedRaftLogWorker.java:getFromFuture(90)) - Timeout 2/~
org.apache.ratis.protocol.TimeoutIOException: Timeout 10s: WriteLog:8: (t:1, i:8), STATEMACHINELOGENTRY, client-B113CCFDDDA0, cid=17-writeStateMachineData
	at org.apache.ratis.util.IOUtils.getFromFuture(IOUtils.java:87)
	at org.apache.ratis.server.raftlog.segmented.SegmentedRaftLogWorker$StateMachineDataPolicy.getFromFuture(SegmentedRaftLogWorker.java:87)
	at org.apache.ratis.server.raftlog.segmented.SegmentedRaftLogWorker$WriteLog.execute(SegmentedRaftLogWorker.java:477)
	at org.apache.ratis.server.raftlog.segmented.SegmentedRaftLogWorker.run(SegmentedRaftLogWorker.java:289)
	at java.lang.Thread.run(Thread.java:748)
Caused by: java.util.concurrent.TimeoutException
	at java.util.concurrent.CompletableFuture.timedGet(CompletableFuture.java:1771)
	at java.util.concurrent.CompletableFuture.get(CompletableFuture.java:1915)
	at org.apache.ratis.util.IOUtils.getFromFuture(IOUtils.java:79)
	... 4 more
2019-09-18 08:44:47,939 [java.util.concurrent.ThreadPoolExecutor$Worker@176e0382[State = -1, empty queue]] WARN  server.GrpcLogAppender (GrpcLogAppender.java:timeoutAppendRequest(200)) - 6955b3b9-1fa4-46c5-a946-8e67bfb83506@group-A544ECBE184E->07201f0e-3a1c-4c3e-af2c-9eb1e9c35520-GrpcLogAppender: appendEntries Timeout, request=6955b3b9-1fa4-46c5-a946-8e67bfb83506->07201f0e-3a1c-4c3e-af2c-9eb1e9c35520#23-t1, previous=(t:1, i:11), leaderCommit=6, initializing? false, entries: <empty>
2019-09-18 08:44:47,939 [java.util.concurrent.ThreadPoolExecutor$Worker@4c0ad070[State = -1, empty queue]] WARN  server.GrpcLogAppender (GrpcLogAppender.java:timeoutAppendRequest(200)) - 6955b3b9-1fa4-46c5-a946-8e67bfb83506@group-A544ECBE184E->92cc866f-2236-4b73-b0be-e1c51e7c2e55-GrpcLogAppender: appendEntries Timeout, request=6955b3b9-1fa4-46c5-a946-8e67bfb83506->92cc866f-2236-4b73-b0be-e1c51e7c2e55#23-t1, previous=(t:1, i:11), leaderCommit=6, initializing? false, entries: <empty>
2019-09-18 08:44:50,440 [java.util.concurrent.ThreadPoolExecutor$Worker@4c0ad070[State = -1, empty queue]] WARN  server.GrpcLogAppender (GrpcLogAppender.java:timeoutAppendRequest(200)) - 6955b3b9-1fa4-46c5-a946-8e67bfb83506@group-A544ECBE184E->92cc866f-2236-4b73-b0be-e1c51e7c2e55-GrpcLogAppender: appendEntries Timeout, request=6955b3b9-1fa4-46c5-a946-8e67bfb83506->92cc866f-2236-4b73-b0be-e1c51e7c2e55#24-t1, previous=(t:1, i:11), leaderCommit=6, initializing? false, entries: <empty>
2019-09-18 08:44:50,440 [java.util.concurrent.ThreadPoolExecutor$Worker@176e0382[State = -1, empty queue]] WARN  server.GrpcLogAppender (GrpcLogAppender.java:timeoutAppendRequest(200)) - 6955b3b9-1fa4-46c5-a946-8e67bfb83506@group-A544ECBE184E->07201f0e-3a1c-4c3e-af2c-9eb1e9c35520-GrpcLogAppender: appendEntries Timeout, request=6955b3b9-1fa4-46c5-a946-8e67bfb83506->07201f0e-3a1c-4c3e-af2c-9eb1e9c35520#24-t1, previous=(t:1, i:11), leaderCommit=6, initializing? false, entries: <empty>
2019-09-18 08:44:52,892 [grpc-default-executor-4] INFO  client.GrpcClientProtocolClient (GrpcClientProtocolClient.java:onNext(264)) - client-B113CCFDDDA0->07201f0e-3a1c-4c3e-af2c-9eb1e9c35520: receive RaftClientReply:client-B113CCFDDDA0->07201f0e-3a1c-4c3e-af2c-9eb1e9c35520@group-A544ECBE184E, cid=16, FAILED org.apache.ratis.protocol.NotLeaderException: Server 07201f0e-3a1c-4c3e-af2c-9eb1e9c35520@group-A544ECBE184E is not the leader 6955b3b9-1fa4-46c5-a946-8e67bfb83506:192.168.157.246:34451, logIndex=0, commits[07201f0e-3a1c-4c3e-af2c-9eb1e9c35520:c6, 6955b3b9-1fa4-46c5-a946-8e67bfb83506:c6, 92cc866f-2236-4b73-b0be-e1c51e7c2e55:c4]
2019-09-18 08:44:52,940 [java.util.concurrent.ThreadPoolExecutor$Worker@176e0382[State = -1, empty queue]] WARN  server.GrpcLogAppender (GrpcLogAppender.java:timeoutAppendRequest(200)) - 6955b3b9-1fa4-46c5-a946-8e67bfb83506@group-A544ECBE184E->07201f0e-3a1c-4c3e-af2c-9eb1e9c35520-GrpcLogAppender: appendEntries Timeout, request=6955b3b9-1fa4-46c5-a946-8e67bfb83506->07201f0e-3a1c-4c3e-af2c-9eb1e9c35520#25-t1, previous=(t:1, i:11), leaderCommit=6, initializing? false, entries: <empty>
2019-09-18 08:44:52,940 [java.util.concurrent.ThreadPoolExecutor$Worker@4c0ad070[State = -1, empty queue]] WARN  server.GrpcLogAppender (GrpcLogAppender.java:timeoutAppendRequest(200)) - 6955b3b9-1fa4-46c5-a946-8e67bfb83506@group-A544ECBE184E->92cc866f-2236-4b73-b0be-e1c51e7c2e55-GrpcLogAppender: appendEntries Timeout, request=6955b3b9-1fa4-46c5-a946-8e67bfb83506->92cc866f-2236-4b73-b0be-e1c51e7c2e55#25-t1, previous=(t:1, i:11), leaderCommit=6, initializing? false, entries: <empty>
2019-09-18 08:44:55,441 [java.util.concurrent.ThreadPoolExecutor$Worker@4c0ad070[State = -1, empty queue]] WARN  server.GrpcLogAppender (GrpcLogAppender.java:timeoutAppendRequest(200)) - 6955b3b9-1fa4-46c5-a946-8e67bfb83506@group-A544ECBE184E->92cc866f-2236-4b73-b0be-e1c51e7c2e55-GrpcLogAppender: appendEntries Timeout, request=6955b3b9-1fa4-46c5-a946-8e67bfb83506->92cc866f-2236-4b73-b0be-e1c51e7c2e55#26-t1, previous=(t:1, i:11), leaderCommit=6, initializing? false, entries: <empty>
2019-09-18 08:44:55,441 [java.util.concurrent.ThreadPoolExecutor$Worker@176e0382[State = -1, empty queue]] WARN  server.GrpcLogAppender (GrpcLogAppender.java:timeoutAppendRequest(200)) - 6955b3b9-1fa4-46c5-a946-8e67bfb83506@group-A544ECBE184E->07201f0e-3a1c-4c3e-af2c-9eb1e9c35520-GrpcLogAppender: appendEntries Timeout, request=6955b3b9-1fa4-46c5-a946-8e67bfb83506->07201f0e-3a1c-4c3e-af2c-9eb1e9c35520#26-t1, previous=(t:1, i:11), leaderCommit=6, initializing? false, entries: <empty>
2019-09-18 08:44:57,844 [07201f0e-3a1c-4c3e-af2c-9eb1e9c35520@group-A544ECBE184E-SegmentedRaftLogWorker] WARN  segmented.SegmentedRaftLogWorker (SegmentedRaftLogWorker.java:getFromFuture(90)) - Timeout 3/~
org.apache.ratis.protocol.TimeoutIOException: Timeout 10s: WriteLog:8: (t:1, i:8), STATEMACHINELOGENTRY, client-B113CCFDDDA0, cid=17-writeStateMachineData
	at org.apache.ratis.util.IOUtils.getFromFuture(IOUtils.java:87)
	at org.apache.ratis.server.raftlog.segmented.SegmentedRaftLogWorker$StateMachineDataPolicy.getFromFuture(SegmentedRaftLogWorker.java:87)
	at org.apache.ratis.server.raftlog.segmented.SegmentedRaftLogWorker$WriteLog.execute(SegmentedRaftLogWorker.java:477)
	at org.apache.ratis.server.raftlog.segmented.SegmentedRaftLogWorker.run(SegmentedRaftLogWorker.java:289)
	at java.lang.Thread.run(Thread.java:748)
Caused by: java.util.concurrent.TimeoutException
	at java.util.concurrent.CompletableFuture.timedGet(CompletableFuture.java:1771)
	at java.util.concurrent.CompletableFuture.get(CompletableFuture.java:1915)
	at org.apache.ratis.util.IOUtils.getFromFuture(IOUtils.java:79)
	... 4 more
2019-09-18 08:44:57,847 [6955b3b9-1fa4-46c5-a946-8e67bfb83506@group-A544ECBE184E-SegmentedRaftLogWorker] WARN  segmented.SegmentedRaftLogWorker (SegmentedRaftLogWorker.java:getFromFuture(90)) - Timeout 3/~
org.apache.ratis.protocol.TimeoutIOException: Timeout 10s: WriteLog:8: (t:1, i:8), STATEMACHINELOGENTRY, client-B113CCFDDDA0, cid=17-writeStateMachineData
	at org.apache.ratis.util.IOUtils.getFromFuture(IOUtils.java:87)
	at org.apache.ratis.server.raftlog.segmented.SegmentedRaftLogWorker$StateMachineDataPolicy.getFromFuture(SegmentedRaftLogWorker.java:87)
	at org.apache.ratis.server.raftlog.segmented.SegmentedRaftLogWorker$WriteLog.execute(SegmentedRaftLogWorker.java:477)
	at org.apache.ratis.server.raftlog.segmented.SegmentedRaftLogWorker.run(SegmentedRaftLogWorker.java:289)
	at java.lang.Thread.run(Thread.java:748)
Caused by: java.util.concurrent.TimeoutException
	at java.util.concurrent.CompletableFuture.timedGet(CompletableFuture.java:1771)
	at java.util.concurrent.CompletableFuture.get(CompletableFuture.java:1915)
	at org.apache.ratis.util.IOUtils.getFromFuture(IOUtils.java:79)
	... 4 more
2019-09-18 08:44:57,848 [92cc866f-2236-4b73-b0be-e1c51e7c2e55@group-A544ECBE184E-SegmentedRaftLogWorker] WARN  segmented.SegmentedRaftLogWorker (SegmentedRaftLogWorker.java:getFromFuture(90)) - Timeout 3/~
org.apache.ratis.protocol.TimeoutIOException: Timeout 10s: WriteLog:8: (t:1, i:8), STATEMACHINELOGENTRY, client-B113CCFDDDA0, cid=17-writeStateMachineData
	at org.apache.ratis.util.IOUtils.getFromFuture(IOUtils.java:87)
	at org.apache.ratis.server.raftlog.segmented.SegmentedRaftLogWorker$StateMachineDataPolicy.getFromFuture(SegmentedRaftLogWorker.java:87)
	at org.apache.ratis.server.raftlog.segmented.SegmentedRaftLogWorker$WriteLog.execute(SegmentedRaftLogWorker.java:477)
	at org.apache.ratis.server.raftlog.segmented.SegmentedRaftLogWorker.run(SegmentedRaftLogWorker.java:289)
	at java.lang.Thread.run(Thread.java:748)
Caused by: java.util.concurrent.TimeoutException
	at java.util.concurrent.CompletableFuture.timedGet(CompletableFuture.java:1771)
	at java.util.concurrent.CompletableFuture.get(CompletableFuture.java:1915)
	at org.apache.ratis.util.IOUtils.getFromFuture(IOUtils.java:79)
	... 4 more
2019-09-18 08:44:57,944 [java.util.concurrent.ThreadPoolExecutor$Worker@176e0382[State = -1, empty queue]] WARN  server.GrpcLogAppender (GrpcLogAppender.java:timeoutAppendRequest(200)) - 6955b3b9-1fa4-46c5-a946-8e67bfb83506@group-A544ECBE184E->07201f0e-3a1c-4c3e-af2c-9eb1e9c35520-GrpcLogAppender: appendEntries Timeout, request=6955b3b9-1fa4-46c5-a946-8e67bfb83506->07201f0e-3a1c-4c3e-af2c-9eb1e9c35520#27-t1, previous=(t:1, i:11), leaderCommit=6, initializing? false, entries: <empty>
2019-09-18 08:44:57,944 [java.util.concurrent.ThreadPoolExecutor$Worker@4c0ad070[State = -1, empty queue]] WARN  server.GrpcLogAppender (GrpcLogAppender.java:timeoutAppendRequest(200)) - 6955b3b9-1fa4-46c5-a946-8e67bfb83506@group-A544ECBE184E->92cc866f-2236-4b73-b0be-e1c51e7c2e55-GrpcLogAppender: appendEntries Timeout, request=6955b3b9-1fa4-46c5-a946-8e67bfb83506->92cc866f-2236-4b73-b0be-e1c51e7c2e55#27-t1, previous=(t:1, i:11), leaderCommit=6, initializing? false, entries: <empty>
2019-09-18 08:44:57,948 [grpc-default-executor-4] INFO  client.GrpcClientProtocolClient (GrpcClientProtocolClient.java:onNext(264)) - client-B113CCFDDDA0->07201f0e-3a1c-4c3e-af2c-9eb1e9c35520: receive RaftClientReply:client-B113CCFDDDA0->07201f0e-3a1c-4c3e-af2c-9eb1e9c35520@group-A544ECBE184E, cid=16, FAILED org.apache.ratis.protocol.NotLeaderException: Server 07201f0e-3a1c-4c3e-af2c-9eb1e9c35520@group-A544ECBE184E is not the leader 6955b3b9-1fa4-46c5-a946-8e67bfb83506:192.168.157.246:34451, logIndex=0, commits[07201f0e-3a1c-4c3e-af2c-9eb1e9c35520:c6, 6955b3b9-1fa4-46c5-a946-8e67bfb83506:c6, 92cc866f-2236-4b73-b0be-e1c51e7c2e55:c4]
2019-09-18 08:45:00,443 [java.util.concurrent.ThreadPoolExecutor$Worker@176e0382[State = -1, empty queue]] WARN  server.GrpcLogAppender (GrpcLogAppender.java:timeoutAppendRequest(200)) - 6955b3b9-1fa4-46c5-a946-8e67bfb83506@group-A544ECBE184E->07201f0e-3a1c-4c3e-af2c-9eb1e9c35520-GrpcLogAppender: appendEntries Timeout, request=6955b3b9-1fa4-46c5-a946-8e67bfb83506->07201f0e-3a1c-4c3e-af2c-9eb1e9c35520#28-t1, previous=(t:1, i:11), leaderCommit=6, initializing? false, entries: <empty>
2019-09-18 08:45:00,443 [java.util.concurrent.ThreadPoolExecutor$Worker@4c0ad070[State = -1, empty queue]] WARN  server.GrpcLogAppender (GrpcLogAppender.java:timeoutAppendRequest(200)) - 6955b3b9-1fa4-46c5-a946-8e67bfb83506@group-A544ECBE184E->92cc866f-2236-4b73-b0be-e1c51e7c2e55-GrpcLogAppender: appendEntries Timeout, request=6955b3b9-1fa4-46c5-a946-8e67bfb83506->92cc866f-2236-4b73-b0be-e1c51e7c2e55#28-t1, previous=(t:1, i:11), leaderCommit=6, initializing? false, entries: <empty>
2019-09-18 08:45:02,943 [java.util.concurrent.ThreadPoolExecutor$Worker@176e0382[State = -1, empty queue]] WARN  server.GrpcLogAppender (GrpcLogAppender.java:timeoutAppendRequest(200)) - 6955b3b9-1fa4-46c5-a946-8e67bfb83506@group-A544ECBE184E->07201f0e-3a1c-4c3e-af2c-9eb1e9c35520-GrpcLogAppender: appendEntries Timeout, request=6955b3b9-1fa4-46c5-a946-8e67bfb83506->07201f0e-3a1c-4c3e-af2c-9eb1e9c35520#29-t1, previous=(t:1, i:11), leaderCommit=6, initializing? false, entries: <empty>
2019-09-18 08:45:02,943 [java.util.concurrent.ThreadPoolExecutor$Worker@4c0ad070[State = -1, empty queue]] WARN  server.GrpcLogAppender (GrpcLogAppender.java:timeoutAppendRequest(200)) - 6955b3b9-1fa4-46c5-a946-8e67bfb83506@group-A544ECBE184E->92cc866f-2236-4b73-b0be-e1c51e7c2e55-GrpcLogAppender: appendEntries Timeout, request=6955b3b9-1fa4-46c5-a946-8e67bfb83506->92cc866f-2236-4b73-b0be-e1c51e7c2e55#29-t1, previous=(t:1, i:11), leaderCommit=6, initializing? false, entries: <empty>
2019-09-18 08:45:03,031 [grpc-default-executor-4] INFO  client.GrpcClientProtocolClient (GrpcClientProtocolClient.java:onNext(264)) - client-B113CCFDDDA0->92cc866f-2236-4b73-b0be-e1c51e7c2e55: receive RaftClientReply:client-B113CCFDDDA0->92cc866f-2236-4b73-b0be-e1c51e7c2e55@group-A544ECBE184E, cid=16, FAILED org.apache.ratis.protocol.NotLeaderException: Server 92cc866f-2236-4b73-b0be-e1c51e7c2e55@group-A544ECBE184E is not the leader 6955b3b9-1fa4-46c5-a946-8e67bfb83506:192.168.157.246:34451, logIndex=0, commits[92cc866f-2236-4b73-b0be-e1c51e7c2e55:c6, 6955b3b9-1fa4-46c5-a946-8e67bfb83506:c6, 07201f0e-3a1c-4c3e-af2c-9eb1e9c35520:c4]
2019-09-18 08:45:05,444 [java.util.concurrent.ThreadPoolExecutor$Worker@176e0382[State = -1, empty queue]] WARN  server.GrpcLogAppender (GrpcLogAppender.java:timeoutAppendRequest(200)) - 6955b3b9-1fa4-46c5-a946-8e67bfb83506@group-A544ECBE184E->07201f0e-3a1c-4c3e-af2c-9eb1e9c35520-GrpcLogAppender: appendEntries Timeout, request=6955b3b9-1fa4-46c5-a946-8e67bfb83506->07201f0e-3a1c-4c3e-af2c-9eb1e9c35520#30-t1, previous=(t:1, i:11), leaderCommit=6, initializing? false, entries: <empty>
2019-09-18 08:45:05,444 [java.util.concurrent.ThreadPoolExecutor$Worker@4c0ad070[State = -1, empty queue]] WARN  server.GrpcLogAppender (GrpcLogAppender.java:timeoutAppendRequest(200)) - 6955b3b9-1fa4-46c5-a946-8e67bfb83506@group-A544ECBE184E->92cc866f-2236-4b73-b0be-e1c51e7c2e55-GrpcLogAppender: appendEntries Timeout, request=6955b3b9-1fa4-46c5-a946-8e67bfb83506->92cc866f-2236-4b73-b0be-e1c51e7c2e55#30-t1, previous=(t:1, i:11), leaderCommit=6, initializing? false, entries: <empty>
2019-09-18 08:45:07,845 [07201f0e-3a1c-4c3e-af2c-9eb1e9c35520@group-A544ECBE184E-SegmentedRaftLogWorker] WARN  segmented.SegmentedRaftLogWorker (SegmentedRaftLogWorker.java:getFromFuture(90)) - Timeout 4/~
org.apache.ratis.protocol.TimeoutIOException: Timeout 10s: WriteLog:8: (t:1, i:8), STATEMACHINELOGENTRY, client-B113CCFDDDA0, cid=17-writeStateMachineData
	at org.apache.ratis.util.IOUtils.getFromFuture(IOUtils.java:87)
	at org.apache.ratis.server.raftlog.segmented.SegmentedRaftLogWorker$StateMachineDataPolicy.getFromFuture(SegmentedRaftLogWorker.java:87)
	at org.apache.ratis.server.raftlog.segmented.SegmentedRaftLogWorker$WriteLog.execute(SegmentedRaftLogWorker.java:477)
	at org.apache.ratis.server.raftlog.segmented.SegmentedRaftLogWorker.run(SegmentedRaftLogWorker.java:289)
	at java.lang.Thread.run(Thread.java:748)
Caused by: java.util.concurrent.TimeoutException
	at java.util.concurrent.CompletableFuture.timedGet(CompletableFuture.java:1771)
	at java.util.concurrent.CompletableFuture.get(CompletableFuture.java:1915)
	at org.apache.ratis.util.IOUtils.getFromFuture(IOUtils.java:79)
	... 4 more
2019-09-18 08:45:07,848 [6955b3b9-1fa4-46c5-a946-8e67bfb83506@group-A544ECBE184E-SegmentedRaftLogWorker] WARN  segmented.SegmentedRaftLogWorker (SegmentedRaftLogWorker.java:getFromFuture(90)) - Timeout 4/~
org.apache.ratis.protocol.TimeoutIOException: Timeout 10s: WriteLog:8: (t:1, i:8), STATEMACHINELOGENTRY, client-B113CCFDDDA0, cid=17-writeStateMachineData
	at org.apache.ratis.util.IOUtils.getFromFuture(IOUtils.java:87)
	at org.apache.ratis.server.raftlog.segmented.SegmentedRaftLogWorker$StateMachineDataPolicy.getFromFuture(SegmentedRaftLogWorker.java:87)
	at org.apache.ratis.server.raftlog.segmented.SegmentedRaftLogWorker$WriteLog.execute(SegmentedRaftLogWorker.java:477)
	at org.apache.ratis.server.raftlog.segmented.SegmentedRaftLogWorker.run(SegmentedRaftLogWorker.java:289)
	at java.lang.Thread.run(Thread.java:748)
Caused by: java.util.concurrent.TimeoutException
	at java.util.concurrent.CompletableFuture.timedGet(CompletableFuture.java:1771)
	at java.util.concurrent.CompletableFuture.get(CompletableFuture.java:1915)
	at org.apache.ratis.util.IOUtils.getFromFuture(IOUtils.java:79)
	... 4 more
2019-09-18 08:45:07,849 [92cc866f-2236-4b73-b0be-e1c51e7c2e55@group-A544ECBE184E-SegmentedRaftLogWorker] WARN  segmented.SegmentedRaftLogWorker (SegmentedRaftLogWorker.java:getFromFuture(90)) - Timeout 4/~
org.apache.ratis.protocol.TimeoutIOException: Timeout 10s: WriteLog:8: (t:1, i:8), STATEMACHINELOGENTRY, client-B113CCFDDDA0, cid=17-writeStateMachineData
	at org.apache.ratis.util.IOUtils.getFromFuture(IOUtils.java:87)
	at org.apache.ratis.server.raftlog.segmented.SegmentedRaftLogWorker$StateMachineDataPolicy.getFromFuture(SegmentedRaftLogWorker.java:87)
	at org.apache.ratis.server.raftlog.segmented.SegmentedRaftLogWorker$WriteLog.execute(SegmentedRaftLogWorker.java:477)
	at org.apache.ratis.server.raftlog.segmented.SegmentedRaftLogWorker.run(SegmentedRaftLogWorker.java:289)
	at java.lang.Thread.run(Thread.java:748)
Caused by: java.util.concurrent.TimeoutException
	at java.util.concurrent.CompletableFuture.timedGet(CompletableFuture.java:1771)
	at java.util.concurrent.CompletableFuture.get(CompletableFuture.java:1915)
	at org.apache.ratis.util.IOUtils.getFromFuture(IOUtils.java:79)
	... 4 more
2019-09-18 08:45:07,945 [java.util.concurrent.ThreadPoolExecutor$Worker@4c0ad070[State = -1, empty queue]] WARN  server.GrpcLogAppender (GrpcLogAppender.java:timeoutAppendRequest(200)) - 6955b3b9-1fa4-46c5-a946-8e67bfb83506@group-A544ECBE184E->92cc866f-2236-4b73-b0be-e1c51e7c2e55-GrpcLogAppender: appendEntries Timeout, request=6955b3b9-1fa4-46c5-a946-8e67bfb83506->92cc866f-2236-4b73-b0be-e1c51e7c2e55#31-t1, previous=(t:1, i:11), leaderCommit=6, initializing? false, entries: <empty>
2019-09-18 08:45:07,945 [java.util.concurrent.ThreadPoolExecutor$Worker@176e0382[State = -1, empty queue]] WARN  server.GrpcLogAppender (GrpcLogAppender.java:timeoutAppendRequest(200)) - 6955b3b9-1fa4-46c5-a946-8e67bfb83506@group-A544ECBE184E->07201f0e-3a1c-4c3e-af2c-9eb1e9c35520-GrpcLogAppender: appendEntries Timeout, request=6955b3b9-1fa4-46c5-a946-8e67bfb83506->07201f0e-3a1c-4c3e-af2c-9eb1e9c35520#31-t1, previous=(t:1, i:11), leaderCommit=6, initializing? false, entries: <empty>
2019-09-18 08:45:08,086 [grpc-default-executor-4] INFO  client.GrpcClientProtocolClient (GrpcClientProtocolClient.java:onNext(264)) - client-B113CCFDDDA0->92cc866f-2236-4b73-b0be-e1c51e7c2e55: receive RaftClientReply:client-B113CCFDDDA0->92cc866f-2236-4b73-b0be-e1c51e7c2e55@group-A544ECBE184E, cid=16, FAILED org.apache.ratis.protocol.NotLeaderException: Server 92cc866f-2236-4b73-b0be-e1c51e7c2e55@group-A544ECBE184E is not the leader 6955b3b9-1fa4-46c5-a946-8e67bfb83506:192.168.157.246:34451, logIndex=0, commits[92cc866f-2236-4b73-b0be-e1c51e7c2e55:c6, 6955b3b9-1fa4-46c5-a946-8e67bfb83506:c6, 07201f0e-3a1c-4c3e-af2c-9eb1e9c35520:c4]
2019-09-18 08:45:10,446 [java.util.concurrent.ThreadPoolExecutor$Worker@176e0382[State = -1, empty queue]] WARN  server.GrpcLogAppender (GrpcLogAppender.java:timeoutAppendRequest(200)) - 6955b3b9-1fa4-46c5-a946-8e67bfb83506@group-A544ECBE184E->07201f0e-3a1c-4c3e-af2c-9eb1e9c35520-GrpcLogAppender: appendEntries Timeout, request=6955b3b9-1fa4-46c5-a946-8e67bfb83506->07201f0e-3a1c-4c3e-af2c-9eb1e9c35520#32-t1, previous=(t:1, i:11), leaderCommit=6, initializing? false, entries: <empty>
2019-09-18 08:45:10,446 [java.util.concurrent.ThreadPoolExecutor$Worker@4c0ad070[State = -1, empty queue]] WARN  server.GrpcLogAppender (GrpcLogAppender.java:timeoutAppendRequest(200)) - 6955b3b9-1fa4-46c5-a946-8e67bfb83506@group-A544ECBE184E->92cc866f-2236-4b73-b0be-e1c51e7c2e55-GrpcLogAppender: appendEntries Timeout, request=6955b3b9-1fa4-46c5-a946-8e67bfb83506->92cc866f-2236-4b73-b0be-e1c51e7c2e55#32-t1, previous=(t:1, i:11), leaderCommit=6, initializing? false, entries: <empty>
2019-09-18 08:45:12,947 [java.util.concurrent.ThreadPoolExecutor$Worker@4c0ad070[State = -1, empty queue]] WARN  server.GrpcLogAppender (GrpcLogAppender.java:timeoutAppendRequest(200)) - 6955b3b9-1fa4-46c5-a946-8e67bfb83506@group-A544ECBE184E->92cc866f-2236-4b73-b0be-e1c51e7c2e55-GrpcLogAppender: appendEntries Timeout, request=6955b3b9-1fa4-46c5-a946-8e67bfb83506->92cc866f-2236-4b73-b0be-e1c51e7c2e55#33-t1, previous=(t:1, i:11), leaderCommit=6, initializing? false, entries: <empty>
2019-09-18 08:45:12,947 [java.util.concurrent.ThreadPoolExecutor$Worker@176e0382[State = -1, empty queue]] WARN  server.GrpcLogAppender (GrpcLogAppender.java:timeoutAppendRequest(200)) - 6955b3b9-1fa4-46c5-a946-8e67bfb83506@group-A544ECBE184E->07201f0e-3a1c-4c3e-af2c-9eb1e9c35520-GrpcLogAppender: appendEntries Timeout, request=6955b3b9-1fa4-46c5-a946-8e67bfb83506->07201f0e-3a1c-4c3e-af2c-9eb1e9c35520#33-t1, previous=(t:1, i:11), leaderCommit=6, initializing? false, entries: <empty>
2019-09-18 08:45:13,162 [grpc-default-executor-0] INFO  client.GrpcClientProtocolClient (GrpcClientProtocolClient.java:onNext(264)) - client-B113CCFDDDA0->07201f0e-3a1c-4c3e-af2c-9eb1e9c35520: receive RaftClientReply:client-B113CCFDDDA0->07201f0e-3a1c-4c3e-af2c-9eb1e9c35520@group-A544ECBE184E, cid=16, FAILED org.apache.ratis.protocol.NotLeaderException: Server 07201f0e-3a1c-4c3e-af2c-9eb1e9c35520@group-A544ECBE184E is not the leader 6955b3b9-1fa4-46c5-a946-8e67bfb83506:192.168.157.246:34451, logIndex=0, commits[07201f0e-3a1c-4c3e-af2c-9eb1e9c35520:c6, 6955b3b9-1fa4-46c5-a946-8e67bfb83506:c6, 92cc866f-2236-4b73-b0be-e1c51e7c2e55:c4]
2019-09-18 08:45:15,448 [java.util.concurrent.ThreadPoolExecutor$Worker@176e0382[State = -1, empty queue]] WARN  server.GrpcLogAppender (GrpcLogAppender.java:timeoutAppendRequest(200)) - 6955b3b9-1fa4-46c5-a946-8e67bfb83506@group-A544ECBE184E->07201f0e-3a1c-4c3e-af2c-9eb1e9c35520-GrpcLogAppender: appendEntries Timeout, request=6955b3b9-1fa4-46c5-a946-8e67bfb83506->07201f0e-3a1c-4c3e-af2c-9eb1e9c35520#34-t1, previous=(t:1, i:11), leaderCommit=6, initializing? false, entries: <empty>
2019-09-18 08:45:15,448 [java.util.concurrent.ThreadPoolExecutor$Worker@4c0ad070[State = -1, empty queue]] WARN  server.GrpcLogAppender (GrpcLogAppender.java:timeoutAppendRequest(200)) - 6955b3b9-1fa4-46c5-a946-8e67bfb83506@group-A544ECBE184E->92cc866f-2236-4b73-b0be-e1c51e7c2e55-GrpcLogAppender: appendEntries Timeout, request=6955b3b9-1fa4-46c5-a946-8e67bfb83506->92cc866f-2236-4b73-b0be-e1c51e7c2e55#34-t1, previous=(t:1, i:11), leaderCommit=6, initializing? false, entries: <empty>
2019-09-18 08:45:17,846 [07201f0e-3a1c-4c3e-af2c-9eb1e9c35520@group-A544ECBE184E-SegmentedRaftLogWorker] WARN  segmented.SegmentedRaftLogWorker (SegmentedRaftLogWorker.java:getFromFuture(90)) - Timeout 5/~
org.apache.ratis.protocol.TimeoutIOException: Timeout 10s: WriteLog:8: (t:1, i:8), STATEMACHINELOGENTRY, client-B113CCFDDDA0, cid=17-writeStateMachineData
	at org.apache.ratis.util.IOUtils.getFromFuture(IOUtils.java:87)
	at org.apache.ratis.server.raftlog.segmented.SegmentedRaftLogWorker$StateMachineDataPolicy.getFromFuture(SegmentedRaftLogWorker.java:87)
	at org.apache.ratis.server.raftlog.segmented.SegmentedRaftLogWorker$WriteLog.execute(SegmentedRaftLogWorker.java:477)
	at org.apache.ratis.server.raftlog.segmented.SegmentedRaftLogWorker.run(SegmentedRaftLogWorker.java:289)
	at java.lang.Thread.run(Thread.java:748)
Caused by: java.util.concurrent.TimeoutException
	at java.util.concurrent.CompletableFuture.timedGet(CompletableFuture.java:1771)
	at java.util.concurrent.CompletableFuture.get(CompletableFuture.java:1915)
	at org.apache.ratis.util.IOUtils.getFromFuture(IOUtils.java:79)
	... 4 more
2019-09-18 08:45:17,849 [6955b3b9-1fa4-46c5-a946-8e67bfb83506@group-A544ECBE184E-SegmentedRaftLogWorker] WARN  segmented.SegmentedRaftLogWorker (SegmentedRaftLogWorker.java:getFromFuture(90)) - Timeout 5/~
org.apache.ratis.protocol.TimeoutIOException: Timeout 10s: WriteLog:8: (t:1, i:8), STATEMACHINELOGENTRY, client-B113CCFDDDA0, cid=17-writeStateMachineData
	at org.apache.ratis.util.IOUtils.getFromFuture(IOUtils.java:87)
	at org.apache.ratis.server.raftlog.segmented.SegmentedRaftLogWorker$StateMachineDataPolicy.getFromFuture(SegmentedRaftLogWorker.java:87)
	at org.apache.ratis.server.raftlog.segmented.SegmentedRaftLogWorker$WriteLog.execute(SegmentedRaftLogWorker.java:477)
	at org.apache.ratis.server.raftlog.segmented.SegmentedRaftLogWorker.run(SegmentedRaftLogWorker.java:289)
	at java.lang.Thread.run(Thread.java:748)
Caused by: java.util.concurrent.TimeoutException
	at java.util.concurrent.CompletableFuture.timedGet(CompletableFuture.java:1771)
	at java.util.concurrent.CompletableFuture.get(CompletableFuture.java:1915)
	at org.apache.ratis.util.IOUtils.getFromFuture(IOUtils.java:79)
	... 4 more
2019-09-18 08:45:17,850 [92cc866f-2236-4b73-b0be-e1c51e7c2e55@group-A544ECBE184E-SegmentedRaftLogWorker] WARN  segmented.SegmentedRaftLogWorker (SegmentedRaftLogWorker.java:getFromFuture(90)) - Timeout 5/~
org.apache.ratis.protocol.TimeoutIOException: Timeout 10s: WriteLog:8: (t:1, i:8), STATEMACHINELOGENTRY, client-B113CCFDDDA0, cid=17-writeStateMachineData
	at org.apache.ratis.util.IOUtils.getFromFuture(IOUtils.java:87)
	at org.apache.ratis.server.raftlog.segmented.SegmentedRaftLogWorker$StateMachineDataPolicy.getFromFuture(SegmentedRaftLogWorker.java:87)
	at org.apache.ratis.server.raftlog.segmented.SegmentedRaftLogWorker$WriteLog.execute(SegmentedRaftLogWorker.java:477)
	at org.apache.ratis.server.raftlog.segmented.SegmentedRaftLogWorker.run(SegmentedRaftLogWorker.java:289)
	at java.lang.Thread.run(Thread.java:748)
Caused by: java.util.concurrent.TimeoutException
	at java.util.concurrent.CompletableFuture.timedGet(CompletableFuture.java:1771)
	at java.util.concurrent.CompletableFuture.get(CompletableFuture.java:1915)
	at org.apache.ratis.util.IOUtils.getFromFuture(IOUtils.java:79)
	... 4 more
2019-09-18 08:45:17,949 [java.util.concurrent.ThreadPoolExecutor$Worker@4c0ad070[State = -1, empty queue]] WARN  server.GrpcLogAppender (GrpcLogAppender.java:timeoutAppendRequest(200)) - 6955b3b9-1fa4-46c5-a946-8e67bfb83506@group-A544ECBE184E->92cc866f-2236-4b73-b0be-e1c51e7c2e55-GrpcLogAppender: appendEntries Timeout, request=6955b3b9-1fa4-46c5-a946-8e67bfb83506->92cc866f-2236-4b73-b0be-e1c51e7c2e55#35-t1, previous=(t:1, i:11), leaderCommit=6, initializing? false, entries: <empty>
2019-09-18 08:45:17,949 [java.util.concurrent.ThreadPoolExecutor$Worker@176e0382[State = -1, empty queue]] WARN  server.GrpcLogAppender (GrpcLogAppender.java:timeoutAppendRequest(200)) - 6955b3b9-1fa4-46c5-a946-8e67bfb83506@group-A544ECBE184E->07201f0e-3a1c-4c3e-af2c-9eb1e9c35520-GrpcLogAppender: appendEntries Timeout, request=6955b3b9-1fa4-46c5-a946-8e67bfb83506->07201f0e-3a1c-4c3e-af2c-9eb1e9c35520#35-t1, previous=(t:1, i:11), leaderCommit=6, initializing? false, entries: <empty>
2019-09-18 08:45:18,223 [grpc-default-executor-0] INFO  client.GrpcClientProtocolClient (GrpcClientProtocolClient.java:onNext(264)) - client-B113CCFDDDA0->07201f0e-3a1c-4c3e-af2c-9eb1e9c35520: receive RaftClientReply:client-B113CCFDDDA0->07201f0e-3a1c-4c3e-af2c-9eb1e9c35520@group-A544ECBE184E, cid=16, FAILED org.apache.ratis.protocol.NotLeaderException: Server 07201f0e-3a1c-4c3e-af2c-9eb1e9c35520@group-A544ECBE184E is not the leader 6955b3b9-1fa4-46c5-a946-8e67bfb83506:192.168.157.246:34451, logIndex=0, commits[07201f0e-3a1c-4c3e-af2c-9eb1e9c35520:c6, 6955b3b9-1fa4-46c5-a946-8e67bfb83506:c6, 92cc866f-2236-4b73-b0be-e1c51e7c2e55:c4]
2019-09-18 08:45:20,450 [java.util.concurrent.ThreadPoolExecutor$Worker@4c0ad070[State = -1, empty queue]] WARN  server.GrpcLogAppender (GrpcLogAppender.java:timeoutAppendRequest(200)) - 6955b3b9-1fa4-46c5-a946-8e67bfb83506@group-A544ECBE184E->92cc866f-2236-4b73-b0be-e1c51e7c2e55-GrpcLogAppender: appendEntries Timeout, request=6955b3b9-1fa4-46c5-a946-8e67bfb83506->92cc866f-2236-4b73-b0be-e1c51e7c2e55#36-t1, previous=(t:1, i:11), leaderCommit=6, initializing? false, entries: <empty>
2019-09-18 08:45:20,450 [java.util.concurrent.ThreadPoolExecutor$Worker@176e0382[State = -1, empty queue]] WARN  server.GrpcLogAppender (GrpcLogAppender.java:timeoutAppendRequest(200)) - 6955b3b9-1fa4-46c5-a946-8e67bfb83506@group-A544ECBE184E->07201f0e-3a1c-4c3e-af2c-9eb1e9c35520-GrpcLogAppender: appendEntries Timeout, request=6955b3b9-1fa4-46c5-a946-8e67bfb83506->07201f0e-3a1c-4c3e-af2c-9eb1e9c35520#36-t1, previous=(t:1, i:11), leaderCommit=6, initializing? false, entries: <empty>
2019-09-18 08:45:22,951 [java.util.concurrent.ThreadPoolExecutor$Worker@176e0382[State = -1, empty queue]] WARN  server.GrpcLogAppender (GrpcLogAppender.java:timeoutAppendRequest(200)) - 6955b3b9-1fa4-46c5-a946-8e67bfb83506@group-A544ECBE184E->07201f0e-3a1c-4c3e-af2c-9eb1e9c35520-GrpcLogAppender: appendEntries Timeout, request=6955b3b9-1fa4-46c5-a946-8e67bfb83506->07201f0e-3a1c-4c3e-af2c-9eb1e9c35520#37-t1, previous=(t:1, i:11), leaderCommit=6, initializing? false, entries: <empty>
2019-09-18 08:45:22,951 [java.util.concurrent.ThreadPoolExecutor$Worker@4c0ad070[State = -1, empty queue]] WARN  server.GrpcLogAppender (GrpcLogAppender.java:timeoutAppendRequest(200)) - 6955b3b9-1fa4-46c5-a946-8e67bfb83506@group-A544ECBE184E->92cc866f-2236-4b73-b0be-e1c51e7c2e55-GrpcLogAppender: appendEntries Timeout, request=6955b3b9-1fa4-46c5-a946-8e67bfb83506->92cc866f-2236-4b73-b0be-e1c51e7c2e55#37-t1, previous=(t:1, i:11), leaderCommit=6, initializing? false, entries: <empty>
2019-09-18 08:45:23,290 [grpc-default-executor-4] INFO  client.GrpcClientProtocolClient (GrpcClientProtocolClient.java:onNext(264)) - client-B113CCFDDDA0->07201f0e-3a1c-4c3e-af2c-9eb1e9c35520: receive RaftClientReply:client-B113CCFDDDA0->07201f0e-3a1c-4c3e-af2c-9eb1e9c35520@group-A544ECBE184E, cid=16, FAILED org.apache.ratis.protocol.NotLeaderException: Server 07201f0e-3a1c-4c3e-af2c-9eb1e9c35520@group-A544ECBE184E is not the leader 6955b3b9-1fa4-46c5-a946-8e67bfb83506:192.168.157.246:34451, logIndex=0, commits[07201f0e-3a1c-4c3e-af2c-9eb1e9c35520:c6, 6955b3b9-1fa4-46c5-a946-8e67bfb83506:c6, 92cc866f-2236-4b73-b0be-e1c51e7c2e55:c4]
2019-09-18 08:45:25,452 [java.util.concurrent.ThreadPoolExecutor$Worker@4c0ad070[State = -1, empty queue]] WARN  server.GrpcLogAppender (GrpcLogAppender.java:timeoutAppendRequest(200)) - 6955b3b9-1fa4-46c5-a946-8e67bfb83506@group-A544ECBE184E->92cc866f-2236-4b73-b0be-e1c51e7c2e55-GrpcLogAppender: appendEntries Timeout, request=6955b3b9-1fa4-46c5-a946-8e67bfb83506->92cc866f-2236-4b73-b0be-e1c51e7c2e55#38-t1, previous=(t:1, i:11), leaderCommit=6, initializing? false, entries: <empty>
2019-09-18 08:45:25,452 [java.util.concurrent.ThreadPoolExecutor$Worker@176e0382[State = -1, empty queue]] WARN  server.GrpcLogAppender (GrpcLogAppender.java:timeoutAppendRequest(200)) - 6955b3b9-1fa4-46c5-a946-8e67bfb83506@group-A544ECBE184E->07201f0e-3a1c-4c3e-af2c-9eb1e9c35520-GrpcLogAppender: appendEntries Timeout, request=6955b3b9-1fa4-46c5-a946-8e67bfb83506->07201f0e-3a1c-4c3e-af2c-9eb1e9c35520#38-t1, previous=(t:1, i:11), leaderCommit=6, initializing? false, entries: <empty>
2019-09-18 08:45:27,847 [07201f0e-3a1c-4c3e-af2c-9eb1e9c35520@group-A544ECBE184E-SegmentedRaftLogWorker] WARN  segmented.SegmentedRaftLogWorker (SegmentedRaftLogWorker.java:getFromFuture(90)) - Timeout 6/~
org.apache.ratis.protocol.TimeoutIOException: Timeout 10s: WriteLog:8: (t:1, i:8), STATEMACHINELOGENTRY, client-B113CCFDDDA0, cid=17-writeStateMachineData
	at org.apache.ratis.util.IOUtils.getFromFuture(IOUtils.java:87)
	at org.apache.ratis.server.raftlog.segmented.SegmentedRaftLogWorker$StateMachineDataPolicy.getFromFuture(SegmentedRaftLogWorker.java:87)
	at org.apache.ratis.server.raftlog.segmented.SegmentedRaftLogWorker$WriteLog.execute(SegmentedRaftLogWorker.java:477)
	at org.apache.ratis.server.raftlog.segmented.SegmentedRaftLogWorker.run(SegmentedRaftLogWorker.java:289)
	at java.lang.Thread.run(Thread.java:748)
Caused by: java.util.concurrent.TimeoutException
	at java.util.concurrent.CompletableFuture.timedGet(CompletableFuture.java:1771)
	at java.util.concurrent.CompletableFuture.get(CompletableFuture.java:1915)
	at org.apache.ratis.util.IOUtils.getFromFuture(IOUtils.java:79)
	... 4 more
2019-09-18 08:45:27,850 [6955b3b9-1fa4-46c5-a946-8e67bfb83506@group-A544ECBE184E-SegmentedRaftLogWorker] WARN  segmented.SegmentedRaftLogWorker (SegmentedRaftLogWorker.java:getFromFuture(90)) - Timeout 6/~
org.apache.ratis.protocol.TimeoutIOException: Timeout 10s: WriteLog:8: (t:1, i:8), STATEMACHINELOGENTRY, client-B113CCFDDDA0, cid=17-writeStateMachineData
	at org.apache.ratis.util.IOUtils.getFromFuture(IOUtils.java:87)
	at org.apache.ratis.server.raftlog.segmented.SegmentedRaftLogWorker$StateMachineDataPolicy.getFromFuture(SegmentedRaftLogWorker.java:87)
	at org.apache.ratis.server.raftlog.segmented.SegmentedRaftLogWorker$WriteLog.execute(SegmentedRaftLogWorker.java:477)
	at org.apache.ratis.server.raftlog.segmented.SegmentedRaftLogWorker.run(SegmentedRaftLogWorker.java:289)
	at java.lang.Thread.run(Thread.java:748)
Caused by: java.util.concurrent.TimeoutException
	at java.util.concurrent.CompletableFuture.timedGet(CompletableFuture.java:1771)
	at java.util.concurrent.CompletableFuture.get(CompletableFuture.java:1915)
	at org.apache.ratis.util.IOUtils.getFromFuture(IOUtils.java:79)
	... 4 more
2019-09-18 08:45:27,867 [92cc866f-2236-4b73-b0be-e1c51e7c2e55@group-A544ECBE184E-SegmentedRaftLogWorker] WARN  segmented.SegmentedRaftLogWorker (SegmentedRaftLogWorker.java:getFromFuture(90)) - Timeout 6/~
org.apache.ratis.protocol.TimeoutIOException: Timeout 10s: WriteLog:8: (t:1, i:8), STATEMACHINELOGENTRY, client-B113CCFDDDA0, cid=17-writeStateMachineData
	at org.apache.ratis.util.IOUtils.getFromFuture(IOUtils.java:87)
	at org.apache.ratis.server.raftlog.segmented.SegmentedRaftLogWorker$StateMachineDataPolicy.getFromFuture(SegmentedRaftLogWorker.java:87)
	at org.apache.ratis.server.raftlog.segmented.SegmentedRaftLogWorker$WriteLog.execute(SegmentedRaftLogWorker.java:477)
	at org.apache.ratis.server.raftlog.segmented.SegmentedRaftLogWorker.run(SegmentedRaftLogWorker.java:289)
	at java.lang.Thread.run(Thread.java:748)
Caused by: java.util.concurrent.TimeoutException
	at java.util.concurrent.CompletableFuture.timedGet(CompletableFuture.java:1771)
	at java.util.concurrent.CompletableFuture.get(CompletableFuture.java:1915)
	at org.apache.ratis.util.IOUtils.getFromFuture(IOUtils.java:79)
	... 4 more
2019-09-18 08:45:27,953 [java.util.concurrent.ThreadPoolExecutor$Worker@4c0ad070[State = -1, empty queue]] WARN  server.GrpcLogAppender (GrpcLogAppender.java:timeoutAppendRequest(200)) - 6955b3b9-1fa4-46c5-a946-8e67bfb83506@group-A544ECBE184E->92cc866f-2236-4b73-b0be-e1c51e7c2e55-GrpcLogAppender: appendEntries Timeout, request=6955b3b9-1fa4-46c5-a946-8e67bfb83506->92cc866f-2236-4b73-b0be-e1c51e7c2e55#39-t1, previous=(t:1, i:11), leaderCommit=6, initializing? false, entries: <empty>
2019-09-18 08:45:27,953 [java.util.concurrent.ThreadPoolExecutor$Worker@176e0382[State = -1, empty queue]] WARN  server.GrpcLogAppender (GrpcLogAppender.java:timeoutAppendRequest(200)) - 6955b3b9-1fa4-46c5-a946-8e67bfb83506@group-A544ECBE184E->07201f0e-3a1c-4c3e-af2c-9eb1e9c35520-GrpcLogAppender: appendEntries Timeout, request=6955b3b9-1fa4-46c5-a946-8e67bfb83506->07201f0e-3a1c-4c3e-af2c-9eb1e9c35520#39-t1, previous=(t:1, i:11), leaderCommit=6, initializing? false, entries: <empty>
2019-09-18 08:45:28,358 [grpc-default-executor-4] INFO  client.GrpcClientProtocolClient (GrpcClientProtocolClient.java:onNext(264)) - client-B113CCFDDDA0->07201f0e-3a1c-4c3e-af2c-9eb1e9c35520: receive RaftClientReply:client-B113CCFDDDA0->07201f0e-3a1c-4c3e-af2c-9eb1e9c35520@group-A544ECBE184E, cid=16, FAILED org.apache.ratis.protocol.NotLeaderException: Server 07201f0e-3a1c-4c3e-af2c-9eb1e9c35520@group-A544ECBE184E is not the leader 6955b3b9-1fa4-46c5-a946-8e67bfb83506:192.168.157.246:34451, logIndex=0, commits[07201f0e-3a1c-4c3e-af2c-9eb1e9c35520:c6, 6955b3b9-1fa4-46c5-a946-8e67bfb83506:c6, 92cc866f-2236-4b73-b0be-e1c51e7c2e55:c4]
2019-09-18 08:45:30,453 [java.util.concurrent.ThreadPoolExecutor$Worker@4c0ad070[State = -1, empty queue]] WARN  server.GrpcLogAppender (GrpcLogAppender.java:timeoutAppendRequest(200)) - 6955b3b9-1fa4-46c5-a946-8e67bfb83506@group-A544ECBE184E->92cc866f-2236-4b73-b0be-e1c51e7c2e55-GrpcLogAppender: appendEntries Timeout, request=6955b3b9-1fa4-46c5-a946-8e67bfb83506->92cc866f-2236-4b73-b0be-e1c51e7c2e55#40-t1, previous=(t:1, i:11), leaderCommit=6, initializing? false, entries: <empty>
2019-09-18 08:45:30,453 [java.util.concurrent.ThreadPoolExecutor$Worker@176e0382[State = -1, empty queue]] WARN  server.GrpcLogAppender (GrpcLogAppender.java:timeoutAppendRequest(200)) - 6955b3b9-1fa4-46c5-a946-8e67bfb83506@group-A544ECBE184E->07201f0e-3a1c-4c3e-af2c-9eb1e9c35520-GrpcLogAppender: appendEntries Timeout, request=6955b3b9-1fa4-46c5-a946-8e67bfb83506->07201f0e-3a1c-4c3e-af2c-9eb1e9c35520#40-t1, previous=(t:1, i:11), leaderCommit=6, initializing? false, entries: <empty>
2019-09-18 08:45:32,954 [java.util.concurrent.ThreadPoolExecutor$Worker@4c0ad070[State = -1, empty queue]] WARN  server.GrpcLogAppender (GrpcLogAppender.java:timeoutAppendRequest(200)) - 6955b3b9-1fa4-46c5-a946-8e67bfb83506@group-A544ECBE184E->92cc866f-2236-4b73-b0be-e1c51e7c2e55-GrpcLogAppender: appendEntries Timeout, request=6955b3b9-1fa4-46c5-a946-8e67bfb83506->92cc866f-2236-4b73-b0be-e1c51e7c2e55#41-t1, previous=(t:1, i:11), leaderCommit=6, initializing? false, entries: <empty>
2019-09-18 08:45:32,954 [java.util.concurrent.ThreadPoolExecutor$Worker@176e0382[State = -1, empty queue]] WARN  server.GrpcLogAppender (GrpcLogAppender.java:timeoutAppendRequest(200)) - 6955b3b9-1fa4-46c5-a946-8e67bfb83506@group-A544ECBE184E->07201f0e-3a1c-4c3e-af2c-9eb1e9c35520-GrpcLogAppender: appendEntries Timeout, request=6955b3b9-1fa4-46c5-a946-8e67bfb83506->07201f0e-3a1c-4c3e-af2c-9eb1e9c35520#41-t1, previous=(t:1, i:11), leaderCommit=6, initializing? false, entries: <empty>
2019-09-18 08:45:33,428 [grpc-default-executor-4] INFO  client.GrpcClientProtocolClient (GrpcClientProtocolClient.java:onNext(264)) - client-B113CCFDDDA0->92cc866f-2236-4b73-b0be-e1c51e7c2e55: receive RaftClientReply:client-B113CCFDDDA0->92cc866f-2236-4b73-b0be-e1c51e7c2e55@group-A544ECBE184E, cid=16, FAILED org.apache.ratis.protocol.NotLeaderException: Server 92cc866f-2236-4b73-b0be-e1c51e7c2e55@group-A544ECBE184E is not the leader 6955b3b9-1fa4-46c5-a946-8e67bfb83506:192.168.157.246:34451, logIndex=0, commits[92cc866f-2236-4b73-b0be-e1c51e7c2e55:c6, 6955b3b9-1fa4-46c5-a946-8e67bfb83506:c6, 07201f0e-3a1c-4c3e-af2c-9eb1e9c35520:c4]
2019-09-18 08:45:35,455 [java.util.concurrent.ThreadPoolExecutor$Worker@176e0382[State = -1, empty queue]] WARN  server.GrpcLogAppender (GrpcLogAppender.java:timeoutAppendRequest(200)) - 6955b3b9-1fa4-46c5-a946-8e67bfb83506@group-A544ECBE184E->07201f0e-3a1c-4c3e-af2c-9eb1e9c35520-GrpcLogAppender: appendEntries Timeout, request=6955b3b9-1fa4-46c5-a946-8e67bfb83506->07201f0e-3a1c-4c3e-af2c-9eb1e9c35520#42-t1, previous=(t:1, i:11), leaderCommit=6, initializing? false, entries: <empty>
2019-09-18 08:45:35,455 [java.util.concurrent.ThreadPoolExecutor$Worker@4c0ad070[State = -1, empty queue]] WARN  server.GrpcLogAppender (GrpcLogAppender.java:timeoutAppendRequest(200)) - 6955b3b9-1fa4-46c5-a946-8e67bfb83506@group-A544ECBE184E->92cc866f-2236-4b73-b0be-e1c51e7c2e55-GrpcLogAppender: appendEntries Timeout, request=6955b3b9-1fa4-46c5-a946-8e67bfb83506->92cc866f-2236-4b73-b0be-e1c51e7c2e55#42-t1, previous=(t:1, i:11), leaderCommit=6, initializing? false, entries: <empty>
2019-09-18 08:45:37,849 [07201f0e-3a1c-4c3e-af2c-9eb1e9c35520@group-A544ECBE184E-SegmentedRaftLogWorker] WARN  segmented.SegmentedRaftLogWorker (SegmentedRaftLogWorker.java:getFromFuture(90)) - Timeout 7/~
org.apache.ratis.protocol.TimeoutIOException: Timeout 10s: WriteLog:8: (t:1, i:8), STATEMACHINELOGENTRY, client-B113CCFDDDA0, cid=17-writeStateMachineData
	at org.apache.ratis.util.IOUtils.getFromFuture(IOUtils.java:87)
	at org.apache.ratis.server.raftlog.segmented.SegmentedRaftLogWorker$StateMachineDataPolicy.getFromFuture(SegmentedRaftLogWorker.java:87)
	at org.apache.ratis.server.raftlog.segmented.SegmentedRaftLogWorker$WriteLog.execute(SegmentedRaftLogWorker.java:477)
	at org.apache.ratis.server.raftlog.segmented.SegmentedRaftLogWorker.run(SegmentedRaftLogWorker.java:289)
	at java.lang.Thread.run(Thread.java:748)
Caused by: java.util.concurrent.TimeoutException
	at java.util.concurrent.CompletableFuture.timedGet(CompletableFuture.java:1771)
	at java.util.concurrent.CompletableFuture.get(CompletableFuture.java:1915)
	at org.apache.ratis.util.IOUtils.getFromFuture(IOUtils.java:79)
	... 4 more
2019-09-18 08:45:37,867 [6955b3b9-1fa4-46c5-a946-8e67bfb83506@group-A544ECBE184E-SegmentedRaftLogWorker] WARN  segmented.SegmentedRaftLogWorker (SegmentedRaftLogWorker.java:getFromFuture(90)) - Timeout 7/~
org.apache.ratis.protocol.TimeoutIOException: Timeout 10s: WriteLog:8: (t:1, i:8), STATEMACHINELOGENTRY, client-B113CCFDDDA0, cid=17-writeStateMachineData
	at org.apache.ratis.util.IOUtils.getFromFuture(IOUtils.java:87)
	at org.apache.ratis.server.raftlog.segmented.SegmentedRaftLogWorker$StateMachineDataPolicy.getFromFuture(SegmentedRaftLogWorker.java:87)
	at org.apache.ratis.server.raftlog.segmented.SegmentedRaftLogWorker$WriteLog.execute(SegmentedRaftLogWorker.java:477)
	at org.apache.ratis.server.raftlog.segmented.SegmentedRaftLogWorker.run(SegmentedRaftLogWorker.java:289)
	at java.lang.Thread.run(Thread.java:748)
Caused by: java.util.concurrent.TimeoutException
	at java.util.concurrent.CompletableFuture.timedGet(CompletableFuture.java:1771)
	at java.util.concurrent.CompletableFuture.get(CompletableFuture.java:1915)
	at org.apache.ratis.util.IOUtils.getFromFuture(IOUtils.java:79)
	... 4 more
2019-09-18 08:45:37,868 [92cc866f-2236-4b73-b0be-e1c51e7c2e55@group-A544ECBE184E-SegmentedRaftLogWorker] WARN  segmented.SegmentedRaftLogWorker (SegmentedRaftLogWorker.java:getFromFuture(90)) - Timeout 7/~
org.apache.ratis.protocol.TimeoutIOException: Timeout 10s: WriteLog:8: (t:1, i:8), STATEMACHINELOGENTRY, client-B113CCFDDDA0, cid=17-writeStateMachineData
	at org.apache.ratis.util.IOUtils.getFromFuture(IOUtils.java:87)
	at org.apache.ratis.server.raftlog.segmented.SegmentedRaftLogWorker$StateMachineDataPolicy.getFromFuture(SegmentedRaftLogWorker.java:87)
	at org.apache.ratis.server.raftlog.segmented.SegmentedRaftLogWorker$WriteLog.execute(SegmentedRaftLogWorker.java:477)
	at org.apache.ratis.server.raftlog.segmented.SegmentedRaftLogWorker.run(SegmentedRaftLogWorker.java:289)
	at java.lang.Thread.run(Thread.java:748)
Caused by: java.util.concurrent.TimeoutException
	at java.util.concurrent.CompletableFuture.timedGet(CompletableFuture.java:1771)
	at java.util.concurrent.CompletableFuture.get(CompletableFuture.java:1915)
	at org.apache.ratis.util.IOUtils.getFromFuture(IOUtils.java:79)
	... 4 more
2019-09-18 08:45:37,956 [java.util.concurrent.ThreadPoolExecutor$Worker@176e0382[State = -1, empty queue]] WARN  server.GrpcLogAppender (GrpcLogAppender.java:timeoutAppendRequest(200)) - 6955b3b9-1fa4-46c5-a946-8e67bfb83506@group-A544ECBE184E->07201f0e-3a1c-4c3e-af2c-9eb1e9c35520-GrpcLogAppender: appendEntries Timeout, request=6955b3b9-1fa4-46c5-a946-8e67bfb83506->07201f0e-3a1c-4c3e-af2c-9eb1e9c35520#43-t1, previous=(t:1, i:11), leaderCommit=6, initializing? false, entries: <empty>
2019-09-18 08:45:37,956 [java.util.concurrent.ThreadPoolExecutor$Worker@4c0ad070[State = -1, empty queue]] WARN  server.GrpcLogAppender (GrpcLogAppender.java:timeoutAppendRequest(200)) - 6955b3b9-1fa4-46c5-a946-8e67bfb83506@group-A544ECBE184E->92cc866f-2236-4b73-b0be-e1c51e7c2e55-GrpcLogAppender: appendEntries Timeout, request=6955b3b9-1fa4-46c5-a946-8e67bfb83506->92cc866f-2236-4b73-b0be-e1c51e7c2e55#43-t1, previous=(t:1, i:11), leaderCommit=6, initializing? false, entries: <empty>
2019-09-18 08:45:38,514 [grpc-default-executor-5] INFO  client.GrpcClientProtocolClient (GrpcClientProtocolClient.java:onNext(264)) - client-B113CCFDDDA0->07201f0e-3a1c-4c3e-af2c-9eb1e9c35520: receive RaftClientReply:client-B113CCFDDDA0->07201f0e-3a1c-4c3e-af2c-9eb1e9c35520@group-A544ECBE184E, cid=16, FAILED org.apache.ratis.protocol.NotLeaderException: Server 07201f0e-3a1c-4c3e-af2c-9eb1e9c35520@group-A544ECBE184E is not the leader 6955b3b9-1fa4-46c5-a946-8e67bfb83506:192.168.157.246:34451, logIndex=0, commits[07201f0e-3a1c-4c3e-af2c-9eb1e9c35520:c6, 6955b3b9-1fa4-46c5-a946-8e67bfb83506:c6, 92cc866f-2236-4b73-b0be-e1c51e7c2e55:c4]
2019-09-18 08:45:40,458 [java.util.concurrent.ThreadPoolExecutor$Worker@4c0ad070[State = -1, empty queue]] WARN  server.GrpcLogAppender (GrpcLogAppender.java:timeoutAppendRequest(200)) - 6955b3b9-1fa4-46c5-a946-8e67bfb83506@group-A544ECBE184E->92cc866f-2236-4b73-b0be-e1c51e7c2e55-GrpcLogAppender: appendEntries Timeout, request=6955b3b9-1fa4-46c5-a946-8e67bfb83506->92cc866f-2236-4b73-b0be-e1c51e7c2e55#44-t1, previous=(t:1, i:11), leaderCommit=6, initializing? false, entries: <empty>
2019-09-18 08:45:40,458 [java.util.concurrent.ThreadPoolExecutor$Worker@176e0382[State = -1, empty queue]] WARN  server.GrpcLogAppender (GrpcLogAppender.java:timeoutAppendRequest(200)) - 6955b3b9-1fa4-46c5-a946-8e67bfb83506@group-A544ECBE184E->07201f0e-3a1c-4c3e-af2c-9eb1e9c35520-GrpcLogAppender: appendEntries Timeout, request=6955b3b9-1fa4-46c5-a946-8e67bfb83506->07201f0e-3a1c-4c3e-af2c-9eb1e9c35520#44-t1, previous=(t:1, i:11), leaderCommit=6, initializing? false, entries: <empty>
2019-09-18 08:45:42,960 [java.util.concurrent.ThreadPoolExecutor$Worker@176e0382[State = -1, empty queue]] WARN  server.GrpcLogAppender (GrpcLogAppender.java:timeoutAppendRequest(200)) - 6955b3b9-1fa4-46c5-a946-8e67bfb83506@group-A544ECBE184E->07201f0e-3a1c-4c3e-af2c-9eb1e9c35520-GrpcLogAppender: appendEntries Timeout, request=6955b3b9-1fa4-46c5-a946-8e67bfb83506->07201f0e-3a1c-4c3e-af2c-9eb1e9c35520#45-t1, previous=(t:1, i:11), leaderCommit=6, initializing? false, entries: <empty>
2019-09-18 08:45:42,960 [java.util.concurrent.ThreadPoolExecutor$Worker@4c0ad070[State = -1, empty queue]] WARN  server.GrpcLogAppender (GrpcLogAppender.java:timeoutAppendRequest(200)) - 6955b3b9-1fa4-46c5-a946-8e67bfb83506@group-A544ECBE184E->92cc866f-2236-4b73-b0be-e1c51e7c2e55-GrpcLogAppender: appendEntries Timeout, request=6955b3b9-1fa4-46c5-a946-8e67bfb83506->92cc866f-2236-4b73-b0be-e1c51e7c2e55#45-t1, previous=(t:1, i:11), leaderCommit=6, initializing? false, entries: <empty>
2019-09-18 08:45:43,576 [grpc-default-executor-5] INFO  client.GrpcClientProtocolClient (GrpcClientProtocolClient.java:onNext(264)) - client-B113CCFDDDA0->07201f0e-3a1c-4c3e-af2c-9eb1e9c35520: receive RaftClientReply:client-B113CCFDDDA0->07201f0e-3a1c-4c3e-af2c-9eb1e9c35520@group-A544ECBE184E, cid=16, FAILED org.apache.ratis.protocol.NotLeaderException: Server 07201f0e-3a1c-4c3e-af2c-9eb1e9c35520@group-A544ECBE184E is not the leader 6955b3b9-1fa4-46c5-a946-8e67bfb83506:192.168.157.246:34451, logIndex=0, commits[07201f0e-3a1c-4c3e-af2c-9eb1e9c35520:c6, 6955b3b9-1fa4-46c5-a946-8e67bfb83506:c6, 92cc866f-2236-4b73-b0be-e1c51e7c2e55:c4]
2019-09-18 08:45:45,460 [java.util.concurrent.ThreadPoolExecutor$Worker@176e0382[State = -1, empty queue]] WARN  server.GrpcLogAppender (GrpcLogAppender.java:timeoutAppendRequest(200)) - 6955b3b9-1fa4-46c5-a946-8e67bfb83506@group-A544ECBE184E->07201f0e-3a1c-4c3e-af2c-9eb1e9c35520-GrpcLogAppender: appendEntries Timeout, request=6955b3b9-1fa4-46c5-a946-8e67bfb83506->07201f0e-3a1c-4c3e-af2c-9eb1e9c35520#46-t1, previous=(t:1, i:11), leaderCommit=6, initializing? false, entries: <empty>
2019-09-18 08:45:45,460 [java.util.concurrent.ThreadPoolExecutor$Worker@4c0ad070[State = -1, empty queue]] WARN  server.GrpcLogAppender (GrpcLogAppender.java:timeoutAppendRequest(200)) - 6955b3b9-1fa4-46c5-a946-8e67bfb83506@group-A544ECBE184E->92cc866f-2236-4b73-b0be-e1c51e7c2e55-GrpcLogAppender: appendEntries Timeout, request=6955b3b9-1fa4-46c5-a946-8e67bfb83506->92cc866f-2236-4b73-b0be-e1c51e7c2e55#46-t1, previous=(t:1, i:11), leaderCommit=6, initializing? false, entries: <empty>
2019-09-18 08:45:47,851 [07201f0e-3a1c-4c3e-af2c-9eb1e9c35520@group-A544ECBE184E-SegmentedRaftLogWorker] WARN  segmented.SegmentedRaftLogWorker (SegmentedRaftLogWorker.java:getFromFuture(90)) - Timeout 8/~
org.apache.ratis.protocol.TimeoutIOException: Timeout 10s: WriteLog:8: (t:1, i:8), STATEMACHINELOGENTRY, client-B113CCFDDDA0, cid=17-writeStateMachineData
	at org.apache.ratis.util.IOUtils.getFromFuture(IOUtils.java:87)
	at org.apache.ratis.server.raftlog.segmented.SegmentedRaftLogWorker$StateMachineDataPolicy.getFromFuture(SegmentedRaftLogWorker.java:87)
	at org.apache.ratis.server.raftlog.segmented.SegmentedRaftLogWorker$WriteLog.execute(SegmentedRaftLogWorker.java:477)
	at org.apache.ratis.server.raftlog.segmented.SegmentedRaftLogWorker.run(SegmentedRaftLogWorker.java:289)
	at java.lang.Thread.run(Thread.java:748)
Caused by: java.util.concurrent.TimeoutException
	at java.util.concurrent.CompletableFuture.timedGet(CompletableFuture.java:1771)
	at java.util.concurrent.CompletableFuture.get(CompletableFuture.java:1915)
	at org.apache.ratis.util.IOUtils.getFromFuture(IOUtils.java:79)
	... 4 more
2019-09-18 08:45:47,868 [6955b3b9-1fa4-46c5-a946-8e67bfb83506@group-A544ECBE184E-SegmentedRaftLogWorker] WARN  segmented.SegmentedRaftLogWorker (SegmentedRaftLogWorker.java:getFromFuture(90)) - Timeout 8/~
org.apache.ratis.protocol.TimeoutIOException: Timeout 10s: WriteLog:8: (t:1, i:8), STATEMACHINELOGENTRY, client-B113CCFDDDA0, cid=17-writeStateMachineData
	at org.apache.ratis.util.IOUtils.getFromFuture(IOUtils.java:87)
	at org.apache.ratis.server.raftlog.segmented.SegmentedRaftLogWorker$StateMachineDataPolicy.getFromFuture(SegmentedRaftLogWorker.java:87)
	at org.apache.ratis.server.raftlog.segmented.SegmentedRaftLogWorker$WriteLog.execute(SegmentedRaftLogWorker.java:477)
	at org.apache.ratis.server.raftlog.segmented.SegmentedRaftLogWorker.run(SegmentedRaftLogWorker.java:289)
	at java.lang.Thread.run(Thread.java:748)
Caused by: java.util.concurrent.TimeoutException
	at java.util.concurrent.CompletableFuture.timedGet(CompletableFuture.java:1771)
	at java.util.concurrent.CompletableFuture.get(CompletableFuture.java:1915)
	at org.apache.ratis.util.IOUtils.getFromFuture(IOUtils.java:79)
	... 4 more
2019-09-18 08:45:47,869 [92cc866f-2236-4b73-b0be-e1c51e7c2e55@group-A544ECBE184E-SegmentedRaftLogWorker] WARN  segmented.SegmentedRaftLogWorker (SegmentedRaftLogWorker.java:getFromFuture(90)) - Timeout 8/~
org.apache.ratis.protocol.TimeoutIOException: Timeout 10s: WriteLog:8: (t:1, i:8), STATEMACHINELOGENTRY, client-B113CCFDDDA0, cid=17-writeStateMachineData
	at org.apache.ratis.util.IOUtils.getFromFuture(IOUtils.java:87)
	at org.apache.ratis.server.raftlog.segmented.SegmentedRaftLogWorker$StateMachineDataPolicy.getFromFuture(SegmentedRaftLogWorker.java:87)
	at org.apache.ratis.server.raftlog.segmented.SegmentedRaftLogWorker$WriteLog.execute(SegmentedRaftLogWorker.java:477)
	at org.apache.ratis.server.raftlog.segmented.SegmentedRaftLogWorker.run(SegmentedRaftLogWorker.java:289)
	at java.lang.Thread.run(Thread.java:748)
Caused by: java.util.concurrent.TimeoutException
	at java.util.concurrent.CompletableFuture.timedGet(CompletableFuture.java:1771)
	at java.util.concurrent.CompletableFuture.get(CompletableFuture.java:1915)
	at org.apache.ratis.util.IOUtils.getFromFuture(IOUtils.java:79)
	... 4 more
2019-09-18 08:45:47,961 [java.util.concurrent.ThreadPoolExecutor$Worker@4c0ad070[State = -1, empty queue]] WARN  server.GrpcLogAppender (GrpcLogAppender.java:timeoutAppendRequest(200)) - 6955b3b9-1fa4-46c5-a946-8e67bfb83506@group-A544ECBE184E->92cc866f-2236-4b73-b0be-e1c51e7c2e55-GrpcLogAppender: appendEntries Timeout, request=6955b3b9-1fa4-46c5-a946-8e67bfb83506->92cc866f-2236-4b73-b0be-e1c51e7c2e55#47-t1, previous=(t:1, i:11), leaderCommit=6, initializing? false, entries: <empty>
2019-09-18 08:45:47,961 [java.util.concurrent.ThreadPoolExecutor$Worker@176e0382[State = -1, empty queue]] WARN  server.GrpcLogAppender (GrpcLogAppender.java:timeoutAppendRequest(200)) - 6955b3b9-1fa4-46c5-a946-8e67bfb83506@group-A544ECBE184E->07201f0e-3a1c-4c3e-af2c-9eb1e9c35520-GrpcLogAppender: appendEntries Timeout, request=6955b3b9-1fa4-46c5-a946-8e67bfb83506->07201f0e-3a1c-4c3e-af2c-9eb1e9c35520#47-t1, previous=(t:1, i:11), leaderCommit=6, initializing? false, entries: <empty>
2019-09-18 08:45:48,638 [grpc-default-executor-0] INFO  client.GrpcClientProtocolClient (GrpcClientProtocolClient.java:onNext(264)) - client-B113CCFDDDA0->07201f0e-3a1c-4c3e-af2c-9eb1e9c35520: receive RaftClientReply:client-B113CCFDDDA0->07201f0e-3a1c-4c3e-af2c-9eb1e9c35520@group-A544ECBE184E, cid=16, FAILED org.apache.ratis.protocol.NotLeaderException: Server 07201f0e-3a1c-4c3e-af2c-9eb1e9c35520@group-A544ECBE184E is not the leader 6955b3b9-1fa4-46c5-a946-8e67bfb83506:192.168.157.246:34451, logIndex=0, commits[07201f0e-3a1c-4c3e-af2c-9eb1e9c35520:c6, 6955b3b9-1fa4-46c5-a946-8e67bfb83506:c6, 92cc866f-2236-4b73-b0be-e1c51e7c2e55:c4]
2019-09-18 08:45:50,463 [java.util.concurrent.ThreadPoolExecutor$Worker@4c0ad070[State = -1, empty queue]] WARN  server.GrpcLogAppender (GrpcLogAppender.java:timeoutAppendRequest(200)) - 6955b3b9-1fa4-46c5-a946-8e67bfb83506@group-A544ECBE184E->92cc866f-2236-4b73-b0be-e1c51e7c2e55-GrpcLogAppender: appendEntries Timeout, request=6955b3b9-1fa4-46c5-a946-8e67bfb83506->92cc866f-2236-4b73-b0be-e1c51e7c2e55#48-t1, previous=(t:1, i:11), leaderCommit=6, initializing? false, entries: <empty>
2019-09-18 08:45:50,463 [java.util.concurrent.ThreadPoolExecutor$Worker@176e0382[State = -1, empty queue]] WARN  server.GrpcLogAppender (GrpcLogAppender.java:timeoutAppendRequest(200)) - 6955b3b9-1fa4-46c5-a946-8e67bfb83506@group-A544ECBE184E->07201f0e-3a1c-4c3e-af2c-9eb1e9c35520-GrpcLogAppender: appendEntries Timeout, request=6955b3b9-1fa4-46c5-a946-8e67bfb83506->07201f0e-3a1c-4c3e-af2c-9eb1e9c35520#48-t1, previous=(t:1, i:11), leaderCommit=6, initializing? false, entries: <empty>
2019-09-18 08:45:52,963 [java.util.concurrent.ThreadPoolExecutor$Worker@176e0382[State = -1, empty queue]] WARN  server.GrpcLogAppender (GrpcLogAppender.java:timeoutAppendRequest(200)) - 6955b3b9-1fa4-46c5-a946-8e67bfb83506@group-A544ECBE184E->07201f0e-3a1c-4c3e-af2c-9eb1e9c35520-GrpcLogAppender: appendEntries Timeout, request=6955b3b9-1fa4-46c5-a946-8e67bfb83506->07201f0e-3a1c-4c3e-af2c-9eb1e9c35520#49-t1, previous=(t:1, i:11), leaderCommit=6, initializing? false, entries: <empty>
2019-09-18 08:45:52,963 [java.util.concurrent.ThreadPoolExecutor$Worker@4c0ad070[State = -1, empty queue]] WARN  server.GrpcLogAppender (GrpcLogAppender.java:timeoutAppendRequest(200)) - 6955b3b9-1fa4-46c5-a946-8e67bfb83506@group-A544ECBE184E->92cc866f-2236-4b73-b0be-e1c51e7c2e55-GrpcLogAppender: appendEntries Timeout, request=6955b3b9-1fa4-46c5-a946-8e67bfb83506->92cc866f-2236-4b73-b0be-e1c51e7c2e55#49-t1, previous=(t:1, i:11), leaderCommit=6, initializing? false, entries: <empty>
2019-09-18 08:45:53,703 [grpc-default-executor-0] INFO  client.GrpcClientProtocolClient (GrpcClientProtocolClient.java:onNext(264)) - client-B113CCFDDDA0->92cc866f-2236-4b73-b0be-e1c51e7c2e55: receive RaftClientReply:client-B113CCFDDDA0->92cc866f-2236-4b73-b0be-e1c51e7c2e55@group-A544ECBE184E, cid=16, FAILED org.apache.ratis.protocol.NotLeaderException: Server 92cc866f-2236-4b73-b0be-e1c51e7c2e55@group-A544ECBE184E is not the leader 6955b3b9-1fa4-46c5-a946-8e67bfb83506:192.168.157.246:34451, logIndex=0, commits[92cc866f-2236-4b73-b0be-e1c51e7c2e55:c6, 6955b3b9-1fa4-46c5-a946-8e67bfb83506:c6, 07201f0e-3a1c-4c3e-af2c-9eb1e9c35520:c4]
2019-09-18 08:45:55,465 [java.util.concurrent.ThreadPoolExecutor$Worker@4c0ad070[State = -1, empty queue]] WARN  server.GrpcLogAppender (GrpcLogAppender.java:timeoutAppendRequest(200)) - 6955b3b9-1fa4-46c5-a946-8e67bfb83506@group-A544ECBE184E->92cc866f-2236-4b73-b0be-e1c51e7c2e55-GrpcLogAppender: appendEntries Timeout, request=6955b3b9-1fa4-46c5-a946-8e67bfb83506->92cc866f-2236-4b73-b0be-e1c51e7c2e55#50-t1, previous=(t:1, i:11), leaderCommit=6, initializing? false, entries: <empty>
2019-09-18 08:45:55,465 [java.util.concurrent.ThreadPoolExecutor$Worker@176e0382[State = -1, empty queue]] WARN  server.GrpcLogAppender (GrpcLogAppender.java:timeoutAppendRequest(200)) - 6955b3b9-1fa4-46c5-a946-8e67bfb83506@group-A544ECBE184E->07201f0e-3a1c-4c3e-af2c-9eb1e9c35520-GrpcLogAppender: appendEntries Timeout, request=6955b3b9-1fa4-46c5-a946-8e67bfb83506->07201f0e-3a1c-4c3e-af2c-9eb1e9c35520#50-t1, previous=(t:1, i:11), leaderCommit=6, initializing? false, entries: <empty>
2019-09-18 08:45:57,853 [07201f0e-3a1c-4c3e-af2c-9eb1e9c35520@group-A544ECBE184E-SegmentedRaftLogWorker] WARN  segmented.SegmentedRaftLogWorker (SegmentedRaftLogWorker.java:getFromFuture(90)) - Timeout 9/~
org.apache.ratis.protocol.TimeoutIOException: Timeout 10s: WriteLog:8: (t:1, i:8), STATEMACHINELOGENTRY, client-B113CCFDDDA0, cid=17-writeStateMachineData
	at org.apache.ratis.util.IOUtils.getFromFuture(IOUtils.java:87)
	at org.apache.ratis.server.raftlog.segmented.SegmentedRaftLogWorker$StateMachineDataPolicy.getFromFuture(SegmentedRaftLogWorker.java:87)
	at org.apache.ratis.server.raftlog.segmented.SegmentedRaftLogWorker$WriteLog.execute(SegmentedRaftLogWorker.java:477)
	at org.apache.ratis.server.raftlog.segmented.SegmentedRaftLogWorker.run(SegmentedRaftLogWorker.java:289)
	at java.lang.Thread.run(Thread.java:748)
Caused by: java.util.concurrent.TimeoutException
	at java.util.concurrent.CompletableFuture.timedGet(CompletableFuture.java:1771)
	at java.util.concurrent.CompletableFuture.get(CompletableFuture.java:1915)
	at org.apache.ratis.util.IOUtils.getFromFuture(IOUtils.java:79)
	... 4 more
2019-09-18 08:45:57,869 [6955b3b9-1fa4-46c5-a946-8e67bfb83506@group-A544ECBE184E-SegmentedRaftLogWorker] WARN  segmented.SegmentedRaftLogWorker (SegmentedRaftLogWorker.java:getFromFuture(90)) - Timeout 9/~
org.apache.ratis.protocol.TimeoutIOException: Timeout 10s: WriteLog:8: (t:1, i:8), STATEMACHINELOGENTRY, client-B113CCFDDDA0, cid=17-writeStateMachineData
	at org.apache.ratis.util.IOUtils.getFromFuture(IOUtils.java:87)
	at org.apache.ratis.server.raftlog.segmented.SegmentedRaftLogWorker$StateMachineDataPolicy.getFromFuture(SegmentedRaftLogWorker.java:87)
	at org.apache.ratis.server.raftlog.segmented.SegmentedRaftLogWorker$WriteLog.execute(SegmentedRaftLogWorker.java:477)
	at org.apache.ratis.server.raftlog.segmented.SegmentedRaftLogWorker.run(SegmentedRaftLogWorker.java:289)
	at java.lang.Thread.run(Thread.java:748)
Caused by: java.util.concurrent.TimeoutException
	at java.util.concurrent.CompletableFuture.timedGet(CompletableFuture.java:1771)
	at java.util.concurrent.CompletableFuture.get(CompletableFuture.java:1915)
	at org.apache.ratis.util.IOUtils.getFromFuture(IOUtils.java:79)
	... 4 more
2019-09-18 08:45:57,870 [92cc866f-2236-4b73-b0be-e1c51e7c2e55@group-A544ECBE184E-SegmentedRaftLogWorker] WARN  segmented.SegmentedRaftLogWorker (SegmentedRaftLogWorker.java:getFromFuture(90)) - Timeout 9/~
org.apache.ratis.protocol.TimeoutIOException: Timeout 10s: WriteLog:8: (t:1, i:8), STATEMACHINELOGENTRY, client-B113CCFDDDA0, cid=17-writeStateMachineData
	at org.apache.ratis.util.IOUtils.getFromFuture(IOUtils.java:87)
	at org.apache.ratis.server.raftlog.segmented.SegmentedRaftLogWorker$StateMachineDataPolicy.getFromFuture(SegmentedRaftLogWorker.java:87)
	at org.apache.ratis.server.raftlog.segmented.SegmentedRaftLogWorker$WriteLog.execute(SegmentedRaftLogWorker.java:477)
	at org.apache.ratis.server.raftlog.segmented.SegmentedRaftLogWorker.run(SegmentedRaftLogWorker.java:289)
	at java.lang.Thread.run(Thread.java:748)
Caused by: java.util.concurrent.TimeoutException
	at java.util.concurrent.CompletableFuture.timedGet(CompletableFuture.java:1771)
	at java.util.concurrent.CompletableFuture.get(CompletableFuture.java:1915)
	at org.apache.ratis.util.IOUtils.getFromFuture(IOUtils.java:79)
	... 4 more
2019-09-18 08:45:57,965 [java.util.concurrent.ThreadPoolExecutor$Worker@4c0ad070[State = -1, empty queue]] WARN  server.GrpcLogAppender (GrpcLogAppender.java:timeoutAppendRequest(200)) - 6955b3b9-1fa4-46c5-a946-8e67bfb83506@group-A544ECBE184E->92cc866f-2236-4b73-b0be-e1c51e7c2e55-GrpcLogAppender: appendEntries Timeout, request=6955b3b9-1fa4-46c5-a946-8e67bfb83506->92cc866f-2236-4b73-b0be-e1c51e7c2e55#51-t1, previous=(t:1, i:11), leaderCommit=6, initializing? false, entries: <empty>
2019-09-18 08:45:57,965 [java.util.concurrent.ThreadPoolExecutor$Worker@176e0382[State = -1, empty queue]] WARN  server.GrpcLogAppender (GrpcLogAppender.java:timeoutAppendRequest(200)) - 6955b3b9-1fa4-46c5-a946-8e67bfb83506@group-A544ECBE184E->07201f0e-3a1c-4c3e-af2c-9eb1e9c35520-GrpcLogAppender: appendEntries Timeout, request=6955b3b9-1fa4-46c5-a946-8e67bfb83506->07201f0e-3a1c-4c3e-af2c-9eb1e9c35520#51-t1, previous=(t:1, i:11), leaderCommit=6, initializing? false, entries: <empty>
2019-09-18 08:45:58,768 [grpc-default-executor-0] INFO  client.GrpcClientProtocolClient (GrpcClientProtocolClient.java:onNext(264)) - client-B113CCFDDDA0->07201f0e-3a1c-4c3e-af2c-9eb1e9c35520: receive RaftClientReply:client-B113CCFDDDA0->07201f0e-3a1c-4c3e-af2c-9eb1e9c35520@group-A544ECBE184E, cid=16, FAILED org.apache.ratis.protocol.NotLeaderException: Server 07201f0e-3a1c-4c3e-af2c-9eb1e9c35520@group-A544ECBE184E is not the leader 6955b3b9-1fa4-46c5-a946-8e67bfb83506:192.168.157.246:34451, logIndex=0, commits[07201f0e-3a1c-4c3e-af2c-9eb1e9c35520:c6, 6955b3b9-1fa4-46c5-a946-8e67bfb83506:c6, 92cc866f-2236-4b73-b0be-e1c51e7c2e55:c4]
2019-09-18 08:46:00,466 [java.util.concurrent.ThreadPoolExecutor$Worker@4c0ad070[State = -1, empty queue]] WARN  server.GrpcLogAppender (GrpcLogAppender.java:timeoutAppendRequest(200)) - 6955b3b9-1fa4-46c5-a946-8e67bfb83506@group-A544ECBE184E->92cc866f-2236-4b73-b0be-e1c51e7c2e55-GrpcLogAppender: appendEntries Timeout, request=6955b3b9-1fa4-46c5-a946-8e67bfb83506->92cc866f-2236-4b73-b0be-e1c51e7c2e55#52-t1, previous=(t:1, i:11), leaderCommit=6, initializing? false, entries: <empty>
2019-09-18 08:46:00,466 [java.util.concurrent.ThreadPoolExecutor$Worker@176e0382[State = -1, empty queue]] WARN  server.GrpcLogAppender (GrpcLogAppender.java:timeoutAppendRequest(200)) - 6955b3b9-1fa4-46c5-a946-8e67bfb83506@group-A544ECBE184E->07201f0e-3a1c-4c3e-af2c-9eb1e9c35520-GrpcLogAppender: appendEntries Timeout, request=6955b3b9-1fa4-46c5-a946-8e67bfb83506->07201f0e-3a1c-4c3e-af2c-9eb1e9c35520#52-t1, previous=(t:1, i:11), leaderCommit=6, initializing? false, entries: <empty>
2019-09-18 08:46:02,967 [java.util.concurrent.ThreadPoolExecutor$Worker@4c0ad070[State = -1, empty queue]] WARN  server.GrpcLogAppender (GrpcLogAppender.java:timeoutAppendRequest(200)) - 6955b3b9-1fa4-46c5-a946-8e67bfb83506@group-A544ECBE184E->92cc866f-2236-4b73-b0be-e1c51e7c2e55-GrpcLogAppender: appendEntries Timeout, request=6955b3b9-1fa4-46c5-a946-8e67bfb83506->92cc866f-2236-4b73-b0be-e1c51e7c2e55#53-t1, previous=(t:1, i:11), leaderCommit=6, initializing? false, entries: <empty>
2019-09-18 08:46:02,967 [java.util.concurrent.ThreadPoolExecutor$Worker@176e0382[State = -1, empty queue]] WARN  server.GrpcLogAppender (GrpcLogAppender.java:timeoutAppendRequest(200)) - 6955b3b9-1fa4-46c5-a946-8e67bfb83506@group-A544ECBE184E->07201f0e-3a1c-4c3e-af2c-9eb1e9c35520-GrpcLogAppender: appendEntries Timeout, request=6955b3b9-1fa4-46c5-a946-8e67bfb83506->07201f0e-3a1c-4c3e-af2c-9eb1e9c35520#53-t1, previous=(t:1, i:11), leaderCommit=6, initializing? false, entries: <empty>
2019-09-18 08:46:03,842 [grpc-default-executor-0] INFO  client.GrpcClientProtocolClient (GrpcClientProtocolClient.java:onNext(264)) - client-B113CCFDDDA0->92cc866f-2236-4b73-b0be-e1c51e7c2e55: receive RaftClientReply:client-B113CCFDDDA0->92cc866f-2236-4b73-b0be-e1c51e7c2e55@group-A544ECBE184E, cid=16, FAILED org.apache.ratis.protocol.NotLeaderException: Server 92cc866f-2236-4b73-b0be-e1c51e7c2e55@group-A544ECBE184E is not the leader 6955b3b9-1fa4-46c5-a946-8e67bfb83506:192.168.157.246:34451, logIndex=0, commits[92cc866f-2236-4b73-b0be-e1c51e7c2e55:c6, 6955b3b9-1fa4-46c5-a946-8e67bfb83506:c6, 07201f0e-3a1c-4c3e-af2c-9eb1e9c35520:c4]
2019-09-18 08:46:05,468 [java.util.concurrent.ThreadPoolExecutor$Worker@4c0ad070[State = -1, empty queue]] WARN  server.GrpcLogAppender (GrpcLogAppender.java:timeoutAppendRequest(200)) - 6955b3b9-1fa4-46c5-a946-8e67bfb83506@group-A544ECBE184E->92cc866f-2236-4b73-b0be-e1c51e7c2e55-GrpcLogAppender: appendEntries Timeout, request=6955b3b9-1fa4-46c5-a946-8e67bfb83506->92cc866f-2236-4b73-b0be-e1c51e7c2e55#54-t1, previous=(t:1, i:11), leaderCommit=6, initializing? false, entries: <empty>
2019-09-18 08:46:05,468 [java.util.concurrent.ThreadPoolExecutor$Worker@176e0382[State = -1, empty queue]] WARN  server.GrpcLogAppender (GrpcLogAppender.java:timeoutAppendRequest(200)) - 6955b3b9-1fa4-46c5-a946-8e67bfb83506@group-A544ECBE184E->07201f0e-3a1c-4c3e-af2c-9eb1e9c35520-GrpcLogAppender: appendEntries Timeout, request=6955b3b9-1fa4-46c5-a946-8e67bfb83506->07201f0e-3a1c-4c3e-af2c-9eb1e9c35520#54-t1, previous=(t:1, i:11), leaderCommit=6, initializing? false, entries: <empty>
2019-09-18 08:46:07,854 [07201f0e-3a1c-4c3e-af2c-9eb1e9c35520@group-A544ECBE184E-SegmentedRaftLogWorker] WARN  segmented.SegmentedRaftLogWorker (SegmentedRaftLogWorker.java:getFromFuture(90)) - Timeout 10/~
org.apache.ratis.protocol.TimeoutIOException: Timeout 10s: WriteLog:8: (t:1, i:8), STATEMACHINELOGENTRY, client-B113CCFDDDA0, cid=17-writeStateMachineData
	at org.apache.ratis.util.IOUtils.getFromFuture(IOUtils.java:87)
	at org.apache.ratis.server.raftlog.segmented.SegmentedRaftLogWorker$StateMachineDataPolicy.getFromFuture(SegmentedRaftLogWorker.java:87)
	at org.apache.ratis.server.raftlog.segmented.SegmentedRaftLogWorker$WriteLog.execute(SegmentedRaftLogWorker.java:477)
	at org.apache.ratis.server.raftlog.segmented.SegmentedRaftLogWorker.run(SegmentedRaftLogWorker.java:289)
	at java.lang.Thread.run(Thread.java:748)
Caused by: java.util.concurrent.TimeoutException
	at java.util.concurrent.CompletableFuture.timedGet(CompletableFuture.java:1771)
	at java.util.concurrent.CompletableFuture.get(CompletableFuture.java:1915)
	at org.apache.ratis.util.IOUtils.getFromFuture(IOUtils.java:79)
	... 4 more
2019-09-18 08:46:07,871 [6955b3b9-1fa4-46c5-a946-8e67bfb83506@group-A544ECBE184E-SegmentedRaftLogWorker] WARN  segmented.SegmentedRaftLogWorker (SegmentedRaftLogWorker.java:getFromFuture(90)) - Timeout 10/~
org.apache.ratis.protocol.TimeoutIOException: Timeout 10s: WriteLog:8: (t:1, i:8), STATEMACHINELOGENTRY, client-B113CCFDDDA0, cid=17-writeStateMachineData
	at org.apache.ratis.util.IOUtils.getFromFuture(IOUtils.java:87)
	at org.apache.ratis.server.raftlog.segmented.SegmentedRaftLogWorker$StateMachineDataPolicy.getFromFuture(SegmentedRaftLogWorker.java:87)
	at org.apache.ratis.server.raftlog.segmented.SegmentedRaftLogWorker$WriteLog.execute(SegmentedRaftLogWorker.java:477)
	at org.apache.ratis.server.raftlog.segmented.SegmentedRaftLogWorker.run(SegmentedRaftLogWorker.java:289)
	at java.lang.Thread.run(Thread.java:748)
Caused by: java.util.concurrent.TimeoutException
	at java.util.concurrent.CompletableFuture.timedGet(CompletableFuture.java:1771)
	at java.util.concurrent.CompletableFuture.get(CompletableFuture.java:1915)
	at org.apache.ratis.util.IOUtils.getFromFuture(IOUtils.java:79)
	... 4 more
2019-09-18 08:46:07,871 [92cc866f-2236-4b73-b0be-e1c51e7c2e55@group-A544ECBE184E-SegmentedRaftLogWorker] WARN  segmented.SegmentedRaftLogWorker (SegmentedRaftLogWorker.java:getFromFuture(90)) - Timeout 10/~
org.apache.ratis.protocol.TimeoutIOException: Timeout 10s: WriteLog:8: (t:1, i:8), STATEMACHINELOGENTRY, client-B113CCFDDDA0, cid=17-writeStateMachineData
	at org.apache.ratis.util.IOUtils.getFromFuture(IOUtils.java:87)
	at org.apache.ratis.server.raftlog.segmented.SegmentedRaftLogWorker$StateMachineDataPolicy.getFromFuture(SegmentedRaftLogWorker.java:87)
	at org.apache.ratis.server.raftlog.segmented.SegmentedRaftLogWorker$WriteLog.execute(SegmentedRaftLogWorker.java:477)
	at org.apache.ratis.server.raftlog.segmented.SegmentedRaftLogWorker.run(SegmentedRaftLogWorker.java:289)
	at java.lang.Thread.run(Thread.java:748)
Caused by: java.util.concurrent.TimeoutException
	at java.util.concurrent.CompletableFuture.timedGet(CompletableFuture.java:1771)
	at java.util.concurrent.CompletableFuture.get(CompletableFuture.java:1915)
	at org.apache.ratis.util.IOUtils.getFromFuture(IOUtils.java:79)
	... 4 more
2019-09-18 08:46:07,968 [java.util.concurrent.ThreadPoolExecutor$Worker@4c0ad070[State = -1, empty queue]] WARN  server.GrpcLogAppender (GrpcLogAppender.java:timeoutAppendRequest(200)) - 6955b3b9-1fa4-46c5-a946-8e67bfb83506@group-A544ECBE184E->92cc866f-2236-4b73-b0be-e1c51e7c2e55-GrpcLogAppender: appendEntries Timeout, request=6955b3b9-1fa4-46c5-a946-8e67bfb83506->92cc866f-2236-4b73-b0be-e1c51e7c2e55#55-t1, previous=(t:1, i:11), leaderCommit=6, initializing? false, entries: <empty>
2019-09-18 08:46:07,968 [java.util.concurrent.ThreadPoolExecutor$Worker@176e0382[State = -1, empty queue]] WARN  server.GrpcLogAppender (GrpcLogAppender.java:timeoutAppendRequest(200)) - 6955b3b9-1fa4-46c5-a946-8e67bfb83506@group-A544ECBE184E->07201f0e-3a1c-4c3e-af2c-9eb1e9c35520-GrpcLogAppender: appendEntries Timeout, request=6955b3b9-1fa4-46c5-a946-8e67bfb83506->07201f0e-3a1c-4c3e-af2c-9eb1e9c35520#55-t1, previous=(t:1, i:11), leaderCommit=6, initializing? false, entries: <empty>
2019-09-18 08:46:08,894 [grpc-default-executor-5] INFO  client.GrpcClientProtocolClient (GrpcClientProtocolClient.java:onNext(264)) - client-B113CCFDDDA0->07201f0e-3a1c-4c3e-af2c-9eb1e9c35520: receive RaftClientReply:client-B113CCFDDDA0->07201f0e-3a1c-4c3e-af2c-9eb1e9c35520@group-A544ECBE184E, cid=16, FAILED org.apache.ratis.protocol.NotLeaderException: Server 07201f0e-3a1c-4c3e-af2c-9eb1e9c35520@group-A544ECBE184E is not the leader 6955b3b9-1fa4-46c5-a946-8e67bfb83506:192.168.157.246:34451, logIndex=0, commits[07201f0e-3a1c-4c3e-af2c-9eb1e9c35520:c6, 6955b3b9-1fa4-46c5-a946-8e67bfb83506:c6, 92cc866f-2236-4b73-b0be-e1c51e7c2e55:c4]
2019-09-18 08:46:10,469 [java.util.concurrent.ThreadPoolExecutor$Worker@4c0ad070[State = -1, empty queue]] WARN  server.GrpcLogAppender (GrpcLogAppender.java:timeoutAppendRequest(200)) - 6955b3b9-1fa4-46c5-a946-8e67bfb83506@group-A544ECBE184E->92cc866f-2236-4b73-b0be-e1c51e7c2e55-GrpcLogAppender: appendEntries Timeout, request=6955b3b9-1fa4-46c5-a946-8e67bfb83506->92cc866f-2236-4b73-b0be-e1c51e7c2e55#56-t1, previous=(t:1, i:11), leaderCommit=6, initializing? false, entries: <empty>
2019-09-18 08:46:10,469 [java.util.concurrent.ThreadPoolExecutor$Worker@176e0382[State = -1, empty queue]] WARN  server.GrpcLogAppender (GrpcLogAppender.java:timeoutAppendRequest(200)) - 6955b3b9-1fa4-46c5-a946-8e67bfb83506@group-A544ECBE184E->07201f0e-3a1c-4c3e-af2c-9eb1e9c35520-GrpcLogAppender: appendEntries Timeout, request=6955b3b9-1fa4-46c5-a946-8e67bfb83506->07201f0e-3a1c-4c3e-af2c-9eb1e9c35520#56-t1, previous=(t:1, i:11), leaderCommit=6, initializing? false, entries: <empty>
2019-09-18 08:46:12,969 [java.util.concurrent.ThreadPoolExecutor$Worker@176e0382[State = -1, empty queue]] WARN  server.GrpcLogAppender (GrpcLogAppender.java:timeoutAppendRequest(200)) - 6955b3b9-1fa4-46c5-a946-8e67bfb83506@group-A544ECBE184E->07201f0e-3a1c-4c3e-af2c-9eb1e9c35520-GrpcLogAppender: appendEntries Timeout, request=6955b3b9-1fa4-46c5-a946-8e67bfb83506->07201f0e-3a1c-4c3e-af2c-9eb1e9c35520#57-t1, previous=(t:1, i:11), leaderCommit=6, initializing? false, entries: <empty>
2019-09-18 08:46:12,969 [java.util.concurrent.ThreadPoolExecutor$Worker@4c0ad070[State = -1, empty queue]] WARN  server.GrpcLogAppender (GrpcLogAppender.java:timeoutAppendRequest(200)) - 6955b3b9-1fa4-46c5-a946-8e67bfb83506@group-A544ECBE184E->92cc866f-2236-4b73-b0be-e1c51e7c2e55-GrpcLogAppender: appendEntries Timeout, request=6955b3b9-1fa4-46c5-a946-8e67bfb83506->92cc866f-2236-4b73-b0be-e1c51e7c2e55#57-t1, previous=(t:1, i:11), leaderCommit=6, initializing? false, entries: <empty>
2019-09-18 08:46:13,955 [grpc-default-executor-0] INFO  client.GrpcClientProtocolClient (GrpcClientProtocolClient.java:onNext(264)) - client-B113CCFDDDA0->92cc866f-2236-4b73-b0be-e1c51e7c2e55: receive RaftClientReply:client-B113CCFDDDA0->92cc866f-2236-4b73-b0be-e1c51e7c2e55@group-A544ECBE184E, cid=16, FAILED org.apache.ratis.protocol.NotLeaderException: Server 92cc866f-2236-4b73-b0be-e1c51e7c2e55@group-A544ECBE184E is not the leader 6955b3b9-1fa4-46c5-a946-8e67bfb83506:192.168.157.246:34451, logIndex=0, commits[92cc866f-2236-4b73-b0be-e1c51e7c2e55:c6, 6955b3b9-1fa4-46c5-a946-8e67bfb83506:c6, 07201f0e-3a1c-4c3e-af2c-9eb1e9c35520:c4]
2019-09-18 08:46:15,470 [java.util.concurrent.ThreadPoolExecutor$Worker@4c0ad070[State = -1, empty queue]] WARN  server.GrpcLogAppender (GrpcLogAppender.java:timeoutAppendRequest(200)) - 6955b3b9-1fa4-46c5-a946-8e67bfb83506@group-A544ECBE184E->92cc866f-2236-4b73-b0be-e1c51e7c2e55-GrpcLogAppender: appendEntries Timeout, request=6955b3b9-1fa4-46c5-a946-8e67bfb83506->92cc866f-2236-4b73-b0be-e1c51e7c2e55#58-t1, previous=(t:1, i:11), leaderCommit=6, initializing? false, entries: <empty>
2019-09-18 08:46:15,470 [java.util.concurrent.ThreadPoolExecutor$Worker@176e0382[State = -1, empty queue]] WARN  server.GrpcLogAppender (GrpcLogAppender.java:timeoutAppendRequest(200)) - 6955b3b9-1fa4-46c5-a946-8e67bfb83506@group-A544ECBE184E->07201f0e-3a1c-4c3e-af2c-9eb1e9c35520-GrpcLogAppender: appendEntries Timeout, request=6955b3b9-1fa4-46c5-a946-8e67bfb83506->07201f0e-3a1c-4c3e-af2c-9eb1e9c35520#58-t1, previous=(t:1, i:11), leaderCommit=6, initializing? false, entries: <empty>
2019-09-18 08:46:17,519 [org.apache.ratis.server.impl.LogAppender$AppenderDaemon$$Lambda$505/1942826489@4e1c7b3] ERROR ratis.XceiverServerRatis (XceiverServerRatis.java:triggerPipelineClose(575)) - pipeline Action CLOSE  on pipeline PipelineID=ddebc52c-51fe-4f49-932a-a544ecbe184e.Reason : 6955b3b9-1fa4-46c5-a946-8e67bfb83506 has not seen follower/s 07201f0e-3a1c-4c3e-af2c-9eb1e9c35520 for 122471ms 92cc866f-2236-4b73-b0be-e1c51e7c2e55 for 122477ms
2019-09-18 08:46:17,519 [org.apache.ratis.server.impl.LogAppender$AppenderDaemon$$Lambda$505/1942826489@305171a0] ERROR ratis.XceiverServerRatis (XceiverServerRatis.java:triggerPipelineClose(575)) - pipeline Action CLOSE  on pipeline PipelineID=ddebc52c-51fe-4f49-932a-a544ecbe184e.Reason : 6955b3b9-1fa4-46c5-a946-8e67bfb83506 has not seen follower/s 07201f0e-3a1c-4c3e-af2c-9eb1e9c35520 for 122471ms 92cc866f-2236-4b73-b0be-e1c51e7c2e55 for 122477ms
2019-09-18 08:46:17,837 [EventQueue-PipelineActionsForPipelineActionHandler] ERROR pipeline.PipelineActionHandler (PipelineActionHandler.java:onMessage(60)) - Received pipeline action CLOSE for Pipeline[ Id: ddebc52c-51fe-4f49-932a-a544ecbe184e, Nodes: 07201f0e-3a1c-4c3e-af2c-9eb1e9c35520{ip: 192.168.157.246, host: pr-hdds-2137-trunk-xplkb-1906903878, networkLocation: /default-rack, certSerialId: null}6955b3b9-1fa4-46c5-a946-8e67bfb83506{ip: 192.168.157.246, host: pr-hdds-2137-trunk-xplkb-1906903878, networkLocation: /default-rack, certSerialId: null}92cc866f-2236-4b73-b0be-e1c51e7c2e55{ip: 192.168.157.246, host: pr-hdds-2137-trunk-xplkb-1906903878, networkLocation: /default-rack, certSerialId: null}, Type:RATIS, Factor:THREE, State:OPEN] from datanode 6955b3b9-1fa4-46c5-a946-8e67bfb83506{ip: 192.168.157.246, host: pr-hdds-2137-trunk-xplkb-1906903878, networkLocation: /default-rack, certSerialId: null}. Reason : 6955b3b9-1fa4-46c5-a946-8e67bfb83506 has not seen follower/s 07201f0e-3a1c-4c3e-af2c-9eb1e9c35520 for 122471ms 92cc866f-2236-4b73-b0be-e1c51e7c2e55 for 122477ms
2019-09-18 08:46:17,837 [EventQueue-PipelineActionsForPipelineActionHandler] INFO  pipeline.SCMPipelineManager (SCMPipelineManager.java:finalizeAndDestroyPipeline(311)) - destroying pipeline:Pipeline[ Id: ddebc52c-51fe-4f49-932a-a544ecbe184e, Nodes: 07201f0e-3a1c-4c3e-af2c-9eb1e9c35520{ip: 192.168.157.246, host: pr-hdds-2137-trunk-xplkb-1906903878, networkLocation: /default-rack, certSerialId: null}6955b3b9-1fa4-46c5-a946-8e67bfb83506{ip: 192.168.157.246, host: pr-hdds-2137-trunk-xplkb-1906903878, networkLocation: /default-rack, certSerialId: null}92cc866f-2236-4b73-b0be-e1c51e7c2e55{ip: 192.168.157.246, host: pr-hdds-2137-trunk-xplkb-1906903878, networkLocation: /default-rack, certSerialId: null}, Type:RATIS, Factor:THREE, State:OPEN]
2019-09-18 08:46:17,838 [EventQueue-PipelineActionsForPipelineActionHandler] INFO  pipeline.PipelineStateManager (PipelineStateManager.java:finalizePipeline(123)) - Pipeline Pipeline[ Id: ddebc52c-51fe-4f49-932a-a544ecbe184e, Nodes: 07201f0e-3a1c-4c3e-af2c-9eb1e9c35520{ip: 192.168.157.246, host: pr-hdds-2137-trunk-xplkb-1906903878, networkLocation: /default-rack, certSerialId: null}6955b3b9-1fa4-46c5-a946-8e67bfb83506{ip: 192.168.157.246, host: pr-hdds-2137-trunk-xplkb-1906903878, networkLocation: /default-rack, certSerialId: null}92cc866f-2236-4b73-b0be-e1c51e7c2e55{ip: 192.168.157.246, host: pr-hdds-2137-trunk-xplkb-1906903878, networkLocation: /default-rack, certSerialId: null}, Type:RATIS, Factor:THREE, State:CLOSED] moved to CLOSED state
2019-09-18 08:46:17,843 [EventQueue-CloseContainerForCloseContainerEventHandler] INFO  container.CloseContainerEventHandler (CloseContainerEventHandler.java:onMessage(61)) - Close container Event triggered for container : #1
2019-09-18 08:46:17,849 [EventQueue-CloseContainerForCloseContainerEventHandler] INFO  container.CloseContainerEventHandler (CloseContainerEventHandler.java:onMessage(61)) - Close container Event triggered for container : #2
2019-09-18 08:46:17,855 [07201f0e-3a1c-4c3e-af2c-9eb1e9c35520@group-A544ECBE184E-SegmentedRaftLogWorker] WARN  segmented.SegmentedRaftLogWorker (SegmentedRaftLogWorker.java:getFromFuture(90)) - Timeout 11/~
org.apache.ratis.protocol.TimeoutIOException: Timeout 10s: WriteLog:8: (t:1, i:8), STATEMACHINELOGENTRY, client-B113CCFDDDA0, cid=17-writeStateMachineData
	at org.apache.ratis.util.IOUtils.getFromFuture(IOUtils.java:87)
	at org.apache.ratis.server.raftlog.segmented.SegmentedRaftLogWorker$StateMachineDataPolicy.getFromFuture(SegmentedRaftLogWorker.java:87)
	at org.apache.ratis.server.raftlog.segmented.SegmentedRaftLogWorker$WriteLog.execute(SegmentedRaftLogWorker.java:477)
	at org.apache.ratis.server.raftlog.segmented.SegmentedRaftLogWorker.run(SegmentedRaftLogWorker.java:289)
	at java.lang.Thread.run(Thread.java:748)
Caused by: java.util.concurrent.TimeoutException
	at java.util.concurrent.CompletableFuture.timedGet(CompletableFuture.java:1771)
	at java.util.concurrent.CompletableFuture.get(CompletableFuture.java:1915)
	at org.apache.ratis.util.IOUtils.getFromFuture(IOUtils.java:79)
	... 4 more
2019-09-18 08:46:17,872 [6955b3b9-1fa4-46c5-a946-8e67bfb83506@group-A544ECBE184E-SegmentedRaftLogWorker] WARN  segmented.SegmentedRaftLogWorker (SegmentedRaftLogWorker.java:getFromFuture(90)) - Timeout 11/~
org.apache.ratis.protocol.TimeoutIOException: Timeout 10s: WriteLog:8: (t:1, i:8), STATEMACHINELOGENTRY, client-B113CCFDDDA0, cid=17-writeStateMachineData
	at org.apache.ratis.util.IOUtils.getFromFuture(IOUtils.java:87)
	at org.apache.ratis.server.raftlog.segmented.SegmentedRaftLogWorker$StateMachineDataPolicy.getFromFuture(SegmentedRaftLogWorker.java:87)
	at org.apache.ratis.server.raftlog.segmented.SegmentedRaftLogWorker$WriteLog.execute(SegmentedRaftLogWorker.java:477)
	at org.apache.ratis.server.raftlog.segmented.SegmentedRaftLogWorker.run(SegmentedRaftLogWorker.java:289)
	at java.lang.Thread.run(Thread.java:748)
Caused by: java.util.concurrent.TimeoutException
	at java.util.concurrent.CompletableFuture.timedGet(CompletableFuture.java:1771)
	at java.util.concurrent.CompletableFuture.get(CompletableFuture.java:1915)
	at org.apache.ratis.util.IOUtils.getFromFuture(IOUtils.java:79)
	... 4 more
2019-09-18 08:46:17,872 [92cc866f-2236-4b73-b0be-e1c51e7c2e55@group-A544ECBE184E-SegmentedRaftLogWorker] WARN  segmented.SegmentedRaftLogWorker (SegmentedRaftLogWorker.java:getFromFuture(90)) - Timeout 11/~
org.apache.ratis.protocol.TimeoutIOException: Timeout 10s: WriteLog:8: (t:1, i:8), STATEMACHINELOGENTRY, client-B113CCFDDDA0, cid=17-writeStateMachineData
	at org.apache.ratis.util.IOUtils.getFromFuture(IOUtils.java:87)
	at org.apache.ratis.server.raftlog.segmented.SegmentedRaftLogWorker$StateMachineDataPolicy.getFromFuture(SegmentedRaftLogWorker.java:87)
	at org.apache.ratis.server.raftlog.segmented.SegmentedRaftLogWorker$WriteLog.execute(SegmentedRaftLogWorker.java:477)
	at org.apache.ratis.server.raftlog.segmented.SegmentedRaftLogWorker.run(SegmentedRaftLogWorker.java:289)
	at java.lang.Thread.run(Thread.java:748)
Caused by: java.util.concurrent.TimeoutException
	at java.util.concurrent.CompletableFuture.timedGet(CompletableFuture.java:1771)
	at java.util.concurrent.CompletableFuture.get(CompletableFuture.java:1915)
	at org.apache.ratis.util.IOUtils.getFromFuture(IOUtils.java:79)
	... 4 more
2019-09-18 08:46:17,973 [java.util.concurrent.ThreadPoolExecutor$Worker@4c0ad070[State = -1, empty queue]] WARN  server.GrpcLogAppender (GrpcLogAppender.java:timeoutAppendRequest(200)) - 6955b3b9-1fa4-46c5-a946-8e67bfb83506@group-A544ECBE184E->92cc866f-2236-4b73-b0be-e1c51e7c2e55-GrpcLogAppender: appendEntries Timeout, request=6955b3b9-1fa4-46c5-a946-8e67bfb83506->92cc866f-2236-4b73-b0be-e1c51e7c2e55#59-t1, previous=(t:1, i:11), leaderCommit=6, initializing? false, entries: <empty>
2019-09-18 08:46:17,973 [java.util.concurrent.ThreadPoolExecutor$Worker@176e0382[State = -1, empty queue]] WARN  server.GrpcLogAppender (GrpcLogAppender.java:timeoutAppendRequest(200)) - 6955b3b9-1fa4-46c5-a946-8e67bfb83506@group-A544ECBE184E->07201f0e-3a1c-4c3e-af2c-9eb1e9c35520-GrpcLogAppender: appendEntries Timeout, request=6955b3b9-1fa4-46c5-a946-8e67bfb83506->07201f0e-3a1c-4c3e-af2c-9eb1e9c35520#59-t1, previous=(t:1, i:11), leaderCommit=6, initializing? false, entries: <empty>
2019-09-18 08:46:19,008 [grpc-default-executor-0] INFO  client.GrpcClientProtocolClient (GrpcClientProtocolClient.java:onNext(264)) - client-B113CCFDDDA0->92cc866f-2236-4b73-b0be-e1c51e7c2e55: receive RaftClientReply:client-B113CCFDDDA0->92cc866f-2236-4b73-b0be-e1c51e7c2e55@group-A544ECBE184E, cid=16, FAILED org.apache.ratis.protocol.NotLeaderException: Server 92cc866f-2236-4b73-b0be-e1c51e7c2e55@group-A544ECBE184E is not the leader 6955b3b9-1fa4-46c5-a946-8e67bfb83506:192.168.157.246:34451, logIndex=0, commits[92cc866f-2236-4b73-b0be-e1c51e7c2e55:c6, 6955b3b9-1fa4-46c5-a946-8e67bfb83506:c6, 07201f0e-3a1c-4c3e-af2c-9eb1e9c35520:c4]
2019-09-18 08:46:19,866 [org.apache.ratis.server.impl.LogAppender$AppenderDaemon$$Lambda$505/1942826489@305171a0] ERROR ratis.XceiverServerRatis (XceiverServerRatis.java:triggerPipelineClose(575)) - pipeline Action CLOSE  on pipeline PipelineID=ddebc52c-51fe-4f49-932a-a544ecbe184e.Reason : 6955b3b9-1fa4-46c5-a946-8e67bfb83506 has not seen follower/s 07201f0e-3a1c-4c3e-af2c-9eb1e9c35520 for 124840ms 92cc866f-2236-4b73-b0be-e1c51e7c2e55 for 124842ms
2019-09-18 08:46:19,866 [org.apache.ratis.server.impl.LogAppender$AppenderDaemon$$Lambda$505/1942826489@4e1c7b3] ERROR ratis.XceiverServerRatis (XceiverServerRatis.java:triggerPipelineClose(575)) - pipeline Action CLOSE  on pipeline PipelineID=ddebc52c-51fe-4f49-932a-a544ecbe184e.Reason : 6955b3b9-1fa4-46c5-a946-8e67bfb83506 has not seen follower/s 07201f0e-3a1c-4c3e-af2c-9eb1e9c35520 for 124840ms 92cc866f-2236-4b73-b0be-e1c51e7c2e55 for 124842ms
2019-09-18 08:46:20,474 [java.util.concurrent.ThreadPoolExecutor$Worker@4c0ad070[State = -1, empty queue]] WARN  server.GrpcLogAppender (GrpcLogAppender.java:timeoutAppendRequest(200)) - 6955b3b9-1fa4-46c5-a946-8e67bfb83506@group-A544ECBE184E->92cc866f-2236-4b73-b0be-e1c51e7c2e55-GrpcLogAppender: appendEntries Timeout, request=6955b3b9-1fa4-46c5-a946-8e67bfb83506->92cc866f-2236-4b73-b0be-e1c51e7c2e55#60-t1, previous=(t:1, i:11), leaderCommit=6, initializing? false, entries: <empty>
2019-09-18 08:46:20,474 [java.util.concurrent.ThreadPoolExecutor$Worker@176e0382[State = -1, empty queue]] WARN  server.GrpcLogAppender (GrpcLogAppender.java:timeoutAppendRequest(200)) - 6955b3b9-1fa4-46c5-a946-8e67bfb83506@group-A544ECBE184E->07201f0e-3a1c-4c3e-af2c-9eb1e9c35520-GrpcLogAppender: appendEntries Timeout, request=6955b3b9-1fa4-46c5-a946-8e67bfb83506->07201f0e-3a1c-4c3e-af2c-9eb1e9c35520#60-t1, previous=(t:1, i:11), leaderCommit=6, initializing? false, entries: <empty>
2019-09-18 08:46:20,860 [EventQueue-PipelineActionsForPipelineActionHandler] ERROR pipeline.PipelineActionHandler (PipelineActionHandler.java:onMessage(60)) - Received pipeline action CLOSE for Pipeline[ Id: ddebc52c-51fe-4f49-932a-a544ecbe184e, Nodes: 07201f0e-3a1c-4c3e-af2c-9eb1e9c35520{ip: 192.168.157.246, host: pr-hdds-2137-trunk-xplkb-1906903878, networkLocation: /default-rack, certSerialId: null}6955b3b9-1fa4-46c5-a946-8e67bfb83506{ip: 192.168.157.246, host: pr-hdds-2137-trunk-xplkb-1906903878, networkLocation: /default-rack, certSerialId: null}92cc866f-2236-4b73-b0be-e1c51e7c2e55{ip: 192.168.157.246, host: pr-hdds-2137-trunk-xplkb-1906903878, networkLocation: /default-rack, certSerialId: null}, Type:RATIS, Factor:THREE, State:CLOSED] from datanode 6955b3b9-1fa4-46c5-a946-8e67bfb83506{ip: 192.168.157.246, host: pr-hdds-2137-trunk-xplkb-1906903878, networkLocation: /default-rack, certSerialId: null}. Reason : 6955b3b9-1fa4-46c5-a946-8e67bfb83506 has not seen follower/s 07201f0e-3a1c-4c3e-af2c-9eb1e9c35520 for 124840ms 92cc866f-2236-4b73-b0be-e1c51e7c2e55 for 124842ms
2019-09-18 08:46:20,860 [EventQueue-PipelineActionsForPipelineActionHandler] INFO  pipeline.SCMPipelineManager (SCMPipelineManager.java:finalizeAndDestroyPipeline(311)) - destroying pipeline:Pipeline[ Id: ddebc52c-51fe-4f49-932a-a544ecbe184e, Nodes: 07201f0e-3a1c-4c3e-af2c-9eb1e9c35520{ip: 192.168.157.246, host: pr-hdds-2137-trunk-xplkb-1906903878, networkLocation: /default-rack, certSerialId: null}6955b3b9-1fa4-46c5-a946-8e67bfb83506{ip: 192.168.157.246, host: pr-hdds-2137-trunk-xplkb-1906903878, networkLocation: /default-rack, certSerialId: null}92cc866f-2236-4b73-b0be-e1c51e7c2e55{ip: 192.168.157.246, host: pr-hdds-2137-trunk-xplkb-1906903878, networkLocation: /default-rack, certSerialId: null}, Type:RATIS, Factor:THREE, State:CLOSED]
2019-09-18 08:46:22,367 [org.apache.ratis.server.impl.LogAppender$AppenderDaemon$$Lambda$505/1942826489@4e1c7b3] ERROR ratis.XceiverServerRatis (XceiverServerRatis.java:triggerPipelineClose(575)) - pipeline Action CLOSE  on pipeline PipelineID=ddebc52c-51fe-4f49-932a-a544ecbe184e.Reason : 6955b3b9-1fa4-46c5-a946-8e67bfb83506 has not seen follower/s 07201f0e-3a1c-4c3e-af2c-9eb1e9c35520 for 127341ms 92cc866f-2236-4b73-b0be-e1c51e7c2e55 for 127343ms
2019-09-18 08:46:22,384 [org.apache.ratis.server.impl.LogAppender$AppenderDaemon$$Lambda$505/1942826489@305171a0] ERROR ratis.XceiverServerRatis (XceiverServerRatis.java:triggerPipelineClose(575)) - pipeline Action CLOSE  on pipeline PipelineID=ddebc52c-51fe-4f49-932a-a544ecbe184e.Reason : 6955b3b9-1fa4-46c5-a946-8e67bfb83506 has not seen follower/s 07201f0e-3a1c-4c3e-af2c-9eb1e9c35520 for 127358ms 92cc866f-2236-4b73-b0be-e1c51e7c2e55 for 127361ms
2019-09-18 08:46:22,860 [EventQueue-PipelineActionsForPipelineActionHandler] ERROR pipeline.PipelineActionHandler (PipelineActionHandler.java:onMessage(60)) - Received pipeline action CLOSE for Pipeline[ Id: ddebc52c-51fe-4f49-932a-a544ecbe184e, Nodes: 07201f0e-3a1c-4c3e-af2c-9eb1e9c35520{ip: 192.168.157.246, host: pr-hdds-2137-trunk-xplkb-1906903878, networkLocation: /default-rack, certSerialId: null}6955b3b9-1fa4-46c5-a946-8e67bfb83506{ip: 192.168.157.246, host: pr-hdds-2137-trunk-xplkb-1906903878, networkLocation: /default-rack, certSerialId: null}92cc866f-2236-4b73-b0be-e1c51e7c2e55{ip: 192.168.157.246, host: pr-hdds-2137-trunk-xplkb-1906903878, networkLocation: /default-rack, certSerialId: null}, Type:RATIS, Factor:THREE, State:CLOSED] from datanode 6955b3b9-1fa4-46c5-a946-8e67bfb83506{ip: 192.168.157.246, host: pr-hdds-2137-trunk-xplkb-1906903878, networkLocation: /default-rack, certSerialId: null}. Reason : 6955b3b9-1fa4-46c5-a946-8e67bfb83506 has not seen follower/s 07201f0e-3a1c-4c3e-af2c-9eb1e9c35520 for 127341ms 92cc866f-2236-4b73-b0be-e1c51e7c2e55 for 127343ms
2019-09-18 08:46:22,862 [EventQueue-PipelineActionsForPipelineActionHandler] INFO  pipeline.SCMPipelineManager (SCMPipelineManager.java:finalizeAndDestroyPipeline(311)) - destroying pipeline:Pipeline[ Id: ddebc52c-51fe-4f49-932a-a544ecbe184e, Nodes: 07201f0e-3a1c-4c3e-af2c-9eb1e9c35520{ip: 192.168.157.246, host: pr-hdds-2137-trunk-xplkb-1906903878, networkLocation: /default-rack, certSerialId: null}6955b3b9-1fa4-46c5-a946-8e67bfb83506{ip: 192.168.157.246, host: pr-hdds-2137-trunk-xplkb-1906903878, networkLocation: /default-rack, certSerialId: null}92cc866f-2236-4b73-b0be-e1c51e7c2e55{ip: 192.168.157.246, host: pr-hdds-2137-trunk-xplkb-1906903878, networkLocation: /default-rack, certSerialId: null}, Type:RATIS, Factor:THREE, State:CLOSED]
2019-09-18 08:46:22,866 [java.util.concurrent.ThreadPoolExecutor$Worker@176e0382[State = -1, empty queue]] WARN  server.GrpcLogAppender (GrpcLogAppender.java:timeoutAppendRequest(200)) - 6955b3b9-1fa4-46c5-a946-8e67bfb83506@group-A544ECBE184E->07201f0e-3a1c-4c3e-af2c-9eb1e9c35520-GrpcLogAppender: appendEntries Timeout, request=6955b3b9-1fa4-46c5-a946-8e67bfb83506->07201f0e-3a1c-4c3e-af2c-9eb1e9c35520#61-t1, previous=(t:1, i:11), leaderCommit=6, initializing? false, entries: size=1, first=(t:1, i:12), STATEMACHINELOGENTRY, client-97C620DC3A38, cid=2
2019-09-18 08:46:22,866 [java.util.concurrent.ThreadPoolExecutor$Worker@4c0ad070[State = -1, empty queue]] WARN  server.GrpcLogAppender (GrpcLogAppender.java:timeoutAppendRequest(200)) - 6955b3b9-1fa4-46c5-a946-8e67bfb83506@group-A544ECBE184E->92cc866f-2236-4b73-b0be-e1c51e7c2e55-GrpcLogAppender: appendEntries Timeout, request=6955b3b9-1fa4-46c5-a946-8e67bfb83506->92cc866f-2236-4b73-b0be-e1c51e7c2e55#61-t1, previous=(t:1, i:11), leaderCommit=6, initializing? false, entries: size=1, first=(t:1, i:12), STATEMACHINELOGENTRY, client-97C620DC3A38, cid=2
2019-09-18 08:46:24,064 [grpc-default-executor-4] INFO  client.GrpcClientProtocolClient (GrpcClientProtocolClient.java:onNext(264)) - client-B113CCFDDDA0->07201f0e-3a1c-4c3e-af2c-9eb1e9c35520: receive RaftClientReply:client-B113CCFDDDA0->07201f0e-3a1c-4c3e-af2c-9eb1e9c35520@group-A544ECBE184E, cid=16, FAILED org.apache.ratis.protocol.NotLeaderException: Server 07201f0e-3a1c-4c3e-af2c-9eb1e9c35520@group-A544ECBE184E is not the leader 6955b3b9-1fa4-46c5-a946-8e67bfb83506:192.168.157.246:34451, logIndex=0, commits[07201f0e-3a1c-4c3e-af2c-9eb1e9c35520:c6, 6955b3b9-1fa4-46c5-a946-8e67bfb83506:c6, 92cc866f-2236-4b73-b0be-e1c51e7c2e55:c4]
2019-09-18 08:46:24,868 [org.apache.ratis.server.impl.LogAppender$AppenderDaemon$$Lambda$505/1942826489@4e1c7b3] ERROR ratis.XceiverServerRatis (XceiverServerRatis.java:triggerPipelineClose(575)) - pipeline Action CLOSE  on pipeline PipelineID=ddebc52c-51fe-4f49-932a-a544ecbe184e.Reason : 6955b3b9-1fa4-46c5-a946-8e67bfb83506 has not seen follower/s 07201f0e-3a1c-4c3e-af2c-9eb1e9c35520 for 129842ms 92cc866f-2236-4b73-b0be-e1c51e7c2e55 for 129844ms
2019-09-18 08:46:24,886 [org.apache.ratis.server.impl.LogAppender$AppenderDaemon$$Lambda$505/1942826489@305171a0] ERROR ratis.XceiverServerRatis (XceiverServerRatis.java:triggerPipelineClose(575)) - pipeline Action CLOSE  on pipeline PipelineID=ddebc52c-51fe-4f49-932a-a544ecbe184e.Reason : 6955b3b9-1fa4-46c5-a946-8e67bfb83506 has not seen follower/s 07201f0e-3a1c-4c3e-af2c-9eb1e9c35520 for 129859ms 92cc866f-2236-4b73-b0be-e1c51e7c2e55 for 129862ms
2019-09-18 08:46:25,367 [java.util.concurrent.ThreadPoolExecutor$Worker@176e0382[State = -1, empty queue]] WARN  server.GrpcLogAppender (GrpcLogAppender.java:timeoutAppendRequest(200)) - 6955b3b9-1fa4-46c5-a946-8e67bfb83506@group-A544ECBE184E->07201f0e-3a1c-4c3e-af2c-9eb1e9c35520-GrpcLogAppender: appendEntries Timeout, request=6955b3b9-1fa4-46c5-a946-8e67bfb83506->07201f0e-3a1c-4c3e-af2c-9eb1e9c35520#62-t1, previous=(t:1, i:12), leaderCommit=6, initializing? false, entries: <empty>
2019-09-18 08:46:25,384 [java.util.concurrent.ThreadPoolExecutor$Worker@4c0ad070[State = -1, empty queue]] WARN  server.GrpcLogAppender (GrpcLogAppender.java:timeoutAppendRequest(200)) - 6955b3b9-1fa4-46c5-a946-8e67bfb83506@group-A544ECBE184E->92cc866f-2236-4b73-b0be-e1c51e7c2e55-GrpcLogAppender: appendEntries Timeout, request=6955b3b9-1fa4-46c5-a946-8e67bfb83506->92cc866f-2236-4b73-b0be-e1c51e7c2e55#62-t1, previous=(t:1, i:12), leaderCommit=6, initializing? false, entries: <empty>
2019-09-18 08:46:25,862 [EventQueue-PipelineActionsForPipelineActionHandler] ERROR pipeline.PipelineActionHandler (PipelineActionHandler.java:onMessage(60)) - Received pipeline action CLOSE for Pipeline[ Id: ddebc52c-51fe-4f49-932a-a544ecbe184e, Nodes: 07201f0e-3a1c-4c3e-af2c-9eb1e9c35520{ip: 192.168.157.246, host: pr-hdds-2137-trunk-xplkb-1906903878, networkLocation: /default-rack, certSerialId: null}6955b3b9-1fa4-46c5-a946-8e67bfb83506{ip: 192.168.157.246, host: pr-hdds-2137-trunk-xplkb-1906903878, networkLocation: /default-rack, certSerialId: null}92cc866f-2236-4b73-b0be-e1c51e7c2e55{ip: 192.168.157.246, host: pr-hdds-2137-trunk-xplkb-1906903878, networkLocation: /default-rack, certSerialId: null}, Type:RATIS, Factor:THREE, State:CLOSED] from datanode 6955b3b9-1fa4-46c5-a946-8e67bfb83506{ip: 192.168.157.246, host: pr-hdds-2137-trunk-xplkb-1906903878, networkLocation: /default-rack, certSerialId: null}. Reason : 6955b3b9-1fa4-46c5-a946-8e67bfb83506 has not seen follower/s 07201f0e-3a1c-4c3e-af2c-9eb1e9c35520 for 129842ms 92cc866f-2236-4b73-b0be-e1c51e7c2e55 for 129844ms
2019-09-18 08:46:25,862 [EventQueue-PipelineActionsForPipelineActionHandler] INFO  pipeline.SCMPipelineManager (SCMPipelineManager.java:finalizeAndDestroyPipeline(311)) - destroying pipeline:Pipeline[ Id: ddebc52c-51fe-4f49-932a-a544ecbe184e, Nodes: 07201f0e-3a1c-4c3e-af2c-9eb1e9c35520{ip: 192.168.157.246, host: pr-hdds-2137-trunk-xplkb-1906903878, networkLocation: /default-rack, certSerialId: null}6955b3b9-1fa4-46c5-a946-8e67bfb83506{ip: 192.168.157.246, host: pr-hdds-2137-trunk-xplkb-1906903878, networkLocation: /default-rack, certSerialId: null}92cc866f-2236-4b73-b0be-e1c51e7c2e55{ip: 192.168.157.246, host: pr-hdds-2137-trunk-xplkb-1906903878, networkLocation: /default-rack, certSerialId: null}, Type:RATIS, Factor:THREE, State:CLOSED]
2019-09-18 08:46:27,371 [org.apache.ratis.server.impl.LogAppender$AppenderDaemon$$Lambda$505/1942826489@4e1c7b3] ERROR ratis.XceiverServerRatis (XceiverServerRatis.java:triggerPipelineClose(575)) - pipeline Action CLOSE  on pipeline PipelineID=ddebc52c-51fe-4f49-932a-a544ecbe184e.Reason : 6955b3b9-1fa4-46c5-a946-8e67bfb83506 has not seen follower/s 07201f0e-3a1c-4c3e-af2c-9eb1e9c35520 for 132344ms 92cc866f-2236-4b73-b0be-e1c51e7c2e55 for 132347ms
2019-09-18 08:46:27,386 [org.apache.ratis.server.impl.LogAppender$AppenderDaemon$$Lambda$505/1942826489@305171a0] ERROR ratis.XceiverServerRatis (XceiverServerRatis.java:triggerPipelineClose(575)) - pipeline Action CLOSE  on pipeline PipelineID=ddebc52c-51fe-4f49-932a-a544ecbe184e.Reason : 6955b3b9-1fa4-46c5-a946-8e67bfb83506 has not seen follower/s 07201f0e-3a1c-4c3e-af2c-9eb1e9c35520 for 132360ms 92cc866f-2236-4b73-b0be-e1c51e7c2e55 for 132363ms
2019-09-18 08:46:27,858 [07201f0e-3a1c-4c3e-af2c-9eb1e9c35520@group-A544ECBE184E-SegmentedRaftLogWorker] WARN  segmented.SegmentedRaftLogWorker (SegmentedRaftLogWorker.java:getFromFuture(90)) - Timeout 12/~
org.apache.ratis.protocol.TimeoutIOException: Timeout 10s: WriteLog:8: (t:1, i:8), STATEMACHINELOGENTRY, client-B113CCFDDDA0, cid=17-writeStateMachineData
	at org.apache.ratis.util.IOUtils.getFromFuture(IOUtils.java:87)
	at org.apache.ratis.server.raftlog.segmented.SegmentedRaftLogWorker$StateMachineDataPolicy.getFromFuture(SegmentedRaftLogWorker.java:87)
	at org.apache.ratis.server.raftlog.segmented.SegmentedRaftLogWorker$WriteLog.execute(SegmentedRaftLogWorker.java:477)
	at org.apache.ratis.server.raftlog.segmented.SegmentedRaftLogWorker.run(SegmentedRaftLogWorker.java:289)
	at java.lang.Thread.run(Thread.java:748)
Caused by: java.util.concurrent.TimeoutException
	at java.util.concurrent.CompletableFuture.timedGet(CompletableFuture.java:1771)
	at java.util.concurrent.CompletableFuture.get(CompletableFuture.java:1915)
	at org.apache.ratis.util.IOUtils.getFromFuture(IOUtils.java:79)
	... 4 more
2019-09-18 08:46:27,862 [EventQueue-PipelineActionsForPipelineActionHandler] ERROR pipeline.PipelineActionHandler (PipelineActionHandler.java:onMessage(60)) - Received pipeline action CLOSE for Pipeline[ Id: ddebc52c-51fe-4f49-932a-a544ecbe184e, Nodes: 07201f0e-3a1c-4c3e-af2c-9eb1e9c35520{ip: 192.168.157.246, host: pr-hdds-2137-trunk-xplkb-1906903878, networkLocation: /default-rack, certSerialId: null}6955b3b9-1fa4-46c5-a946-8e67bfb83506{ip: 192.168.157.246, host: pr-hdds-2137-trunk-xplkb-1906903878, networkLocation: /default-rack, certSerialId: null}92cc866f-2236-4b73-b0be-e1c51e7c2e55{ip: 192.168.157.246, host: pr-hdds-2137-trunk-xplkb-1906903878, networkLocation: /default-rack, certSerialId: null}, Type:RATIS, Factor:THREE, State:CLOSED] from datanode 6955b3b9-1fa4-46c5-a946-8e67bfb83506{ip: 192.168.157.246, host: pr-hdds-2137-trunk-xplkb-1906903878, networkLocation: /default-rack, certSerialId: null}. Reason : 6955b3b9-1fa4-46c5-a946-8e67bfb83506 has not seen follower/s 07201f0e-3a1c-4c3e-af2c-9eb1e9c35520 for 132344ms 92cc866f-2236-4b73-b0be-e1c51e7c2e55 for 132347ms
2019-09-18 08:46:27,863 [EventQueue-PipelineActionsForPipelineActionHandler] INFO  pipeline.SCMPipelineManager (SCMPipelineManager.java:finalizeAndDestroyPipeline(311)) - destroying pipeline:Pipeline[ Id: ddebc52c-51fe-4f49-932a-a544ecbe184e, Nodes: 07201f0e-3a1c-4c3e-af2c-9eb1e9c35520{ip: 192.168.157.246, host: pr-hdds-2137-trunk-xplkb-1906903878, networkLocation: /default-rack, certSerialId: null}6955b3b9-1fa4-46c5-a946-8e67bfb83506{ip: 192.168.157.246, host: pr-hdds-2137-trunk-xplkb-1906903878, networkLocation: /default-rack, certSerialId: null}92cc866f-2236-4b73-b0be-e1c51e7c2e55{ip: 192.168.157.246, host: pr-hdds-2137-trunk-xplkb-1906903878, networkLocation: /default-rack, certSerialId: null}, Type:RATIS, Factor:THREE, State:CLOSED]
2019-09-18 08:46:27,868 [java.util.concurrent.ThreadPoolExecutor$Worker@176e0382[State = -1, empty queue]] WARN  server.GrpcLogAppender (GrpcLogAppender.java:timeoutAppendRequest(200)) - 6955b3b9-1fa4-46c5-a946-8e67bfb83506@group-A544ECBE184E->07201f0e-3a1c-4c3e-af2c-9eb1e9c35520-GrpcLogAppender: appendEntries Timeout, request=6955b3b9-1fa4-46c5-a946-8e67bfb83506->07201f0e-3a1c-4c3e-af2c-9eb1e9c35520#63-t1, previous=(t:1, i:12), leaderCommit=6, initializing? false, entries: <empty>
2019-09-18 08:46:27,872 [6955b3b9-1fa4-46c5-a946-8e67bfb83506@group-A544ECBE184E-SegmentedRaftLogWorker] WARN  segmented.SegmentedRaftLogWorker (SegmentedRaftLogWorker.java:getFromFuture(90)) - Timeout 12/~
org.apache.ratis.protocol.TimeoutIOException: Timeout 10s: WriteLog:8: (t:1, i:8), STATEMACHINELOGENTRY, client-B113CCFDDDA0, cid=17-writeStateMachineData
	at org.apache.ratis.util.IOUtils.getFromFuture(IOUtils.java:87)
	at org.apache.ratis.server.raftlog.segmented.SegmentedRaftLogWorker$StateMachineDataPolicy.getFromFuture(SegmentedRaftLogWorker.java:87)
	at org.apache.ratis.server.raftlog.segmented.SegmentedRaftLogWorker$WriteLog.execute(SegmentedRaftLogWorker.java:477)
	at org.apache.ratis.server.raftlog.segmented.SegmentedRaftLogWorker.run(SegmentedRaftLogWorker.java:289)
	at java.lang.Thread.run(Thread.java:748)
Caused by: java.util.concurrent.TimeoutException
	at java.util.concurrent.CompletableFuture.timedGet(CompletableFuture.java:1771)
	at java.util.concurrent.CompletableFuture.get(CompletableFuture.java:1915)
	at org.apache.ratis.util.IOUtils.getFromFuture(IOUtils.java:79)
	... 4 more
2019-09-18 08:46:27,875 [92cc866f-2236-4b73-b0be-e1c51e7c2e55@group-A544ECBE184E-SegmentedRaftLogWorker] WARN  segmented.SegmentedRaftLogWorker (SegmentedRaftLogWorker.java:getFromFuture(90)) - Timeout 12/~
org.apache.ratis.protocol.TimeoutIOException: Timeout 10s: WriteLog:8: (t:1, i:8), STATEMACHINELOGENTRY, client-B113CCFDDDA0, cid=17-writeStateMachineData
	at org.apache.ratis.util.IOUtils.getFromFuture(IOUtils.java:87)
	at org.apache.ratis.server.raftlog.segmented.SegmentedRaftLogWorker$StateMachineDataPolicy.getFromFuture(SegmentedRaftLogWorker.java:87)
	at org.apache.ratis.server.raftlog.segmented.SegmentedRaftLogWorker$WriteLog.execute(SegmentedRaftLogWorker.java:477)
	at org.apache.ratis.server.raftlog.segmented.SegmentedRaftLogWorker.run(SegmentedRaftLogWorker.java:289)
	at java.lang.Thread.run(Thread.java:748)
Caused by: java.util.concurrent.TimeoutException
	at java.util.concurrent.CompletableFuture.timedGet(CompletableFuture.java:1771)
	at java.util.concurrent.CompletableFuture.get(CompletableFuture.java:1915)
	at org.apache.ratis.util.IOUtils.getFromFuture(IOUtils.java:79)
	... 4 more
2019-09-18 08:46:27,885 [java.util.concurrent.ThreadPoolExecutor$Worker@4c0ad070[State = -1, empty queue]] WARN  server.GrpcLogAppender (GrpcLogAppender.java:timeoutAppendRequest(200)) - 6955b3b9-1fa4-46c5-a946-8e67bfb83506@group-A544ECBE184E->92cc866f-2236-4b73-b0be-e1c51e7c2e55-GrpcLogAppender: appendEntries Timeout, request=6955b3b9-1fa4-46c5-a946-8e67bfb83506->92cc866f-2236-4b73-b0be-e1c51e7c2e55#63-t1, previous=(t:1, i:12), leaderCommit=6, initializing? false, entries: <empty>
2019-09-18 08:46:29,122 [grpc-default-executor-0] INFO  client.GrpcClientProtocolClient (GrpcClientProtocolClient.java:onNext(264)) - client-B113CCFDDDA0->92cc866f-2236-4b73-b0be-e1c51e7c2e55: receive RaftClientReply:client-B113CCFDDDA0->92cc866f-2236-4b73-b0be-e1c51e7c2e55@group-A544ECBE184E, cid=16, FAILED org.apache.ratis.protocol.NotLeaderException: Server 92cc866f-2236-4b73-b0be-e1c51e7c2e55@group-A544ECBE184E is not the leader 6955b3b9-1fa4-46c5-a946-8e67bfb83506:192.168.157.246:34451, logIndex=0, commits[92cc866f-2236-4b73-b0be-e1c51e7c2e55:c6, 6955b3b9-1fa4-46c5-a946-8e67bfb83506:c6, 07201f0e-3a1c-4c3e-af2c-9eb1e9c35520:c4]
2019-09-18 08:46:29,872 [org.apache.ratis.server.impl.LogAppender$AppenderDaemon$$Lambda$505/1942826489@4e1c7b3] ERROR ratis.XceiverServerRatis (XceiverServerRatis.java:triggerPipelineClose(575)) - pipeline Action CLOSE  on pipeline PipelineID=ddebc52c-51fe-4f49-932a-a544ecbe184e.Reason : 6955b3b9-1fa4-46c5-a946-8e67bfb83506 has not seen follower/s 07201f0e-3a1c-4c3e-af2c-9eb1e9c35520 for 134846ms 92cc866f-2236-4b73-b0be-e1c51e7c2e55 for 134848ms
2019-09-18 08:46:29,887 [org.apache.ratis.server.impl.LogAppender$AppenderDaemon$$Lambda$505/1942826489@305171a0] ERROR ratis.XceiverServerRatis (XceiverServerRatis.java:triggerPipelineClose(575)) - pipeline Action CLOSE  on pipeline PipelineID=ddebc52c-51fe-4f49-932a-a544ecbe184e.Reason : 6955b3b9-1fa4-46c5-a946-8e67bfb83506 has not seen follower/s 07201f0e-3a1c-4c3e-af2c-9eb1e9c35520 for 134861ms 92cc866f-2236-4b73-b0be-e1c51e7c2e55 for 134864ms
2019-09-18 08:46:30,370 [java.util.concurrent.ThreadPoolExecutor$Worker@176e0382[State = -1, empty queue]] WARN  server.GrpcLogAppender (GrpcLogAppender.java:timeoutAppendRequest(200)) - 6955b3b9-1fa4-46c5-a946-8e67bfb83506@group-A544ECBE184E->07201f0e-3a1c-4c3e-af2c-9eb1e9c35520-GrpcLogAppender: appendEntries Timeout, request=6955b3b9-1fa4-46c5-a946-8e67bfb83506->07201f0e-3a1c-4c3e-af2c-9eb1e9c35520#64-t1, previous=(t:1, i:12), leaderCommit=6, initializing? false, entries: <empty>
2019-09-18 08:46:30,386 [java.util.concurrent.ThreadPoolExecutor$Worker@4c0ad070[State = -1, empty queue]] WARN  server.GrpcLogAppender (GrpcLogAppender.java:timeoutAppendRequest(200)) - 6955b3b9-1fa4-46c5-a946-8e67bfb83506@group-A544ECBE184E->92cc866f-2236-4b73-b0be-e1c51e7c2e55-GrpcLogAppender: appendEntries Timeout, request=6955b3b9-1fa4-46c5-a946-8e67bfb83506->92cc866f-2236-4b73-b0be-e1c51e7c2e55#64-t1, previous=(t:1, i:12), leaderCommit=6, initializing? false, entries: <empty>
2019-09-18 08:46:30,864 [EventQueue-PipelineActionsForPipelineActionHandler] ERROR pipeline.PipelineActionHandler (PipelineActionHandler.java:onMessage(60)) - Received pipeline action CLOSE for Pipeline[ Id: ddebc52c-51fe-4f49-932a-a544ecbe184e, Nodes: 07201f0e-3a1c-4c3e-af2c-9eb1e9c35520{ip: 192.168.157.246, host: pr-hdds-2137-trunk-xplkb-1906903878, networkLocation: /default-rack, certSerialId: null}6955b3b9-1fa4-46c5-a946-8e67bfb83506{ip: 192.168.157.246, host: pr-hdds-2137-trunk-xplkb-1906903878, networkLocation: /default-rack, certSerialId: null}92cc866f-2236-4b73-b0be-e1c51e7c2e55{ip: 192.168.157.246, host: pr-hdds-2137-trunk-xplkb-1906903878, networkLocation: /default-rack, certSerialId: null}, Type:RATIS, Factor:THREE, State:CLOSED] from datanode 6955b3b9-1fa4-46c5-a946-8e67bfb83506{ip: 192.168.157.246, host: pr-hdds-2137-trunk-xplkb-1906903878, networkLocation: /default-rack, certSerialId: null}. Reason : 6955b3b9-1fa4-46c5-a946-8e67bfb83506 has not seen follower/s 07201f0e-3a1c-4c3e-af2c-9eb1e9c35520 for 134846ms 92cc866f-2236-4b73-b0be-e1c51e7c2e55 for 134848ms
2019-09-18 08:46:30,866 [EventQueue-PipelineActionsForPipelineActionHandler] INFO  pipeline.SCMPipelineManager (SCMPipelineManager.java:finalizeAndDestroyPipeline(311)) - destroying pipeline:Pipeline[ Id: ddebc52c-51fe-4f49-932a-a544ecbe184e, Nodes: 07201f0e-3a1c-4c3e-af2c-9eb1e9c35520{ip: 192.168.157.246, host: pr-hdds-2137-trunk-xplkb-1906903878, networkLocation: /default-rack, certSerialId: null}6955b3b9-1fa4-46c5-a946-8e67bfb83506{ip: 192.168.157.246, host: pr-hdds-2137-trunk-xplkb-1906903878, networkLocation: /default-rack, certSerialId: null}92cc866f-2236-4b73-b0be-e1c51e7c2e55{ip: 192.168.157.246, host: pr-hdds-2137-trunk-xplkb-1906903878, networkLocation: /default-rack, certSerialId: null}, Type:RATIS, Factor:THREE, State:CLOSED]
2019-09-18 08:46:32,374 [org.apache.ratis.server.impl.LogAppender$AppenderDaemon$$Lambda$505/1942826489@4e1c7b3] ERROR ratis.XceiverServerRatis (XceiverServerRatis.java:triggerPipelineClose(575)) - pipeline Action CLOSE  on pipeline PipelineID=ddebc52c-51fe-4f49-932a-a544ecbe184e.Reason : 6955b3b9-1fa4-46c5-a946-8e67bfb83506 has not seen follower/s 07201f0e-3a1c-4c3e-af2c-9eb1e9c35520 for 137348ms 92cc866f-2236-4b73-b0be-e1c51e7c2e55 for 137350ms
2019-09-18 08:46:32,388 [org.apache.ratis.server.impl.LogAppender$AppenderDaemon$$Lambda$505/1942826489@305171a0] ERROR ratis.XceiverServerRatis (XceiverServerRatis.java:triggerPipelineClose(575)) - pipeline Action CLOSE  on pipeline PipelineID=ddebc52c-51fe-4f49-932a-a544ecbe184e.Reason : 6955b3b9-1fa4-46c5-a946-8e67bfb83506 has not seen follower/s 07201f0e-3a1c-4c3e-af2c-9eb1e9c35520 for 137362ms 92cc866f-2236-4b73-b0be-e1c51e7c2e55 for 137364ms
2019-09-18 08:46:32,862 [EventQueue-PipelineActionsForPipelineActionHandler] ERROR pipeline.PipelineActionHandler (PipelineActionHandler.java:onMessage(60)) - Received pipeline action CLOSE for Pipeline[ Id: ddebc52c-51fe-4f49-932a-a544ecbe184e, Nodes: 07201f0e-3a1c-4c3e-af2c-9eb1e9c35520{ip: 192.168.157.246, host: pr-hdds-2137-trunk-xplkb-1906903878, networkLocation: /default-rack, certSerialId: null}6955b3b9-1fa4-46c5-a946-8e67bfb83506{ip: 192.168.157.246, host: pr-hdds-2137-trunk-xplkb-1906903878, networkLocation: /default-rack, certSerialId: null}92cc866f-2236-4b73-b0be-e1c51e7c2e55{ip: 192.168.157.246, host: pr-hdds-2137-trunk-xplkb-1906903878, networkLocation: /default-rack, certSerialId: null}, Type:RATIS, Factor:THREE, State:CLOSED] from datanode 6955b3b9-1fa4-46c5-a946-8e67bfb83506{ip: 192.168.157.246, host: pr-hdds-2137-trunk-xplkb-1906903878, networkLocation: /default-rack, certSerialId: null}. Reason : 6955b3b9-1fa4-46c5-a946-8e67bfb83506 has not seen follower/s 07201f0e-3a1c-4c3e-af2c-9eb1e9c35520 for 137348ms 92cc866f-2236-4b73-b0be-e1c51e7c2e55 for 137350ms
2019-09-18 08:46:32,863 [EventQueue-PipelineActionsForPipelineActionHandler] INFO  pipeline.SCMPipelineManager (SCMPipelineManager.java:finalizeAndDestroyPipeline(311)) - destroying pipeline:Pipeline[ Id: ddebc52c-51fe-4f49-932a-a544ecbe184e, Nodes: 07201f0e-3a1c-4c3e-af2c-9eb1e9c35520{ip: 192.168.157.246, host: pr-hdds-2137-trunk-xplkb-1906903878, networkLocation: /default-rack, certSerialId: null}6955b3b9-1fa4-46c5-a946-8e67bfb83506{ip: 192.168.157.246, host: pr-hdds-2137-trunk-xplkb-1906903878, networkLocation: /default-rack, certSerialId: null}92cc866f-2236-4b73-b0be-e1c51e7c2e55{ip: 192.168.157.246, host: pr-hdds-2137-trunk-xplkb-1906903878, networkLocation: /default-rack, certSerialId: null}, Type:RATIS, Factor:THREE, State:CLOSED]
2019-09-18 08:46:32,872 [java.util.concurrent.ThreadPoolExecutor$Worker@176e0382[State = -1, empty queue]] WARN  server.GrpcLogAppender (GrpcLogAppender.java:timeoutAppendRequest(200)) - 6955b3b9-1fa4-46c5-a946-8e67bfb83506@group-A544ECBE184E->07201f0e-3a1c-4c3e-af2c-9eb1e9c35520-GrpcLogAppender: appendEntries Timeout, request=6955b3b9-1fa4-46c5-a946-8e67bfb83506->07201f0e-3a1c-4c3e-af2c-9eb1e9c35520#65-t1, previous=(t:1, i:12), leaderCommit=6, initializing? false, entries: <empty>
2019-09-18 08:46:32,887 [java.util.concurrent.ThreadPoolExecutor$Worker@4c0ad070[State = -1, empty queue]] WARN  server.GrpcLogAppender (GrpcLogAppender.java:timeoutAppendRequest(200)) - 6955b3b9-1fa4-46c5-a946-8e67bfb83506@group-A544ECBE184E->92cc866f-2236-4b73-b0be-e1c51e7c2e55-GrpcLogAppender: appendEntries Timeout, request=6955b3b9-1fa4-46c5-a946-8e67bfb83506->92cc866f-2236-4b73-b0be-e1c51e7c2e55#65-t1, previous=(t:1, i:12), leaderCommit=6, initializing? false, entries: <empty>
2019-09-18 08:46:34,183 [grpc-default-executor-0] INFO  client.GrpcClientProtocolClient (GrpcClientProtocolClient.java:onNext(264)) - client-B113CCFDDDA0->92cc866f-2236-4b73-b0be-e1c51e7c2e55: receive RaftClientReply:client-B113CCFDDDA0->92cc866f-2236-4b73-b0be-e1c51e7c2e55@group-A544ECBE184E, cid=16, FAILED org.apache.ratis.protocol.NotLeaderException: Server 92cc866f-2236-4b73-b0be-e1c51e7c2e55@group-A544ECBE184E is not the leader 6955b3b9-1fa4-46c5-a946-8e67bfb83506:192.168.157.246:34451, logIndex=0, commits[92cc866f-2236-4b73-b0be-e1c51e7c2e55:c6, 6955b3b9-1fa4-46c5-a946-8e67bfb83506:c6, 07201f0e-3a1c-4c3e-af2c-9eb1e9c35520:c4]
2019-09-18 08:46:34,874 [org.apache.ratis.server.impl.LogAppender$AppenderDaemon$$Lambda$505/1942826489@4e1c7b3] ERROR ratis.XceiverServerRatis (XceiverServerRatis.java:triggerPipelineClose(575)) - pipeline Action CLOSE  on pipeline PipelineID=ddebc52c-51fe-4f49-932a-a544ecbe184e.Reason : 6955b3b9-1fa4-46c5-a946-8e67bfb83506 has not seen follower/s 07201f0e-3a1c-4c3e-af2c-9eb1e9c35520 for 139848ms 92cc866f-2236-4b73-b0be-e1c51e7c2e55 for 139850ms
2019-09-18 08:46:34,889 [org.apache.ratis.server.impl.LogAppender$AppenderDaemon$$Lambda$505/1942826489@305171a0] ERROR ratis.XceiverServerRatis (XceiverServerRatis.java:triggerPipelineClose(575)) - pipeline Action CLOSE  on pipeline PipelineID=ddebc52c-51fe-4f49-932a-a544ecbe184e.Reason : 6955b3b9-1fa4-46c5-a946-8e67bfb83506 has not seen follower/s 07201f0e-3a1c-4c3e-af2c-9eb1e9c35520 for 139863ms 92cc866f-2236-4b73-b0be-e1c51e7c2e55 for 139865ms
2019-09-18 08:46:35,431 [java.util.concurrent.ThreadPoolExecutor$Worker@4c0ad070[State = -1, empty queue]] WARN  server.GrpcLogAppender (GrpcLogAppender.java:timeoutAppendRequest(200)) - 6955b3b9-1fa4-46c5-a946-8e67bfb83506@group-A544ECBE184E->92cc866f-2236-4b73-b0be-e1c51e7c2e55-GrpcLogAppender: appendEntries Timeout, request=6955b3b9-1fa4-46c5-a946-8e67bfb83506->92cc866f-2236-4b73-b0be-e1c51e7c2e55#66-t1, previous=(t:1, i:12), leaderCommit=6, initializing? false, entries: <empty>
2019-09-18 08:46:35,431 [java.util.concurrent.ThreadPoolExecutor$Worker@176e0382[State = -1, empty queue]] WARN  server.GrpcLogAppender (GrpcLogAppender.java:timeoutAppendRequest(200)) - 6955b3b9-1fa4-46c5-a946-8e67bfb83506@group-A544ECBE184E->07201f0e-3a1c-4c3e-af2c-9eb1e9c35520-GrpcLogAppender: appendEntries Timeout, request=6955b3b9-1fa4-46c5-a946-8e67bfb83506->07201f0e-3a1c-4c3e-af2c-9eb1e9c35520#66-t1, previous=(t:1, i:12), leaderCommit=6, initializing? false, entries: <empty>
2019-09-18 08:46:35,862 [EventQueue-PipelineActionsForPipelineActionHandler] ERROR pipeline.PipelineActionHandler (PipelineActionHandler.java:onMessage(60)) - Received pipeline action CLOSE for Pipeline[ Id: ddebc52c-51fe-4f49-932a-a544ecbe184e, Nodes: 07201f0e-3a1c-4c3e-af2c-9eb1e9c35520{ip: 192.168.157.246, host: pr-hdds-2137-trunk-xplkb-1906903878, networkLocation: /default-rack, certSerialId: null}6955b3b9-1fa4-46c5-a946-8e67bfb83506{ip: 192.168.157.246, host: pr-hdds-2137-trunk-xplkb-1906903878, networkLocation: /default-rack, certSerialId: null}92cc866f-2236-4b73-b0be-e1c51e7c2e55{ip: 192.168.157.246, host: pr-hdds-2137-trunk-xplkb-1906903878, networkLocation: /default-rack, certSerialId: null}, Type:RATIS, Factor:THREE, State:CLOSED] from datanode 6955b3b9-1fa4-46c5-a946-8e67bfb83506{ip: 192.168.157.246, host: pr-hdds-2137-trunk-xplkb-1906903878, networkLocation: /default-rack, certSerialId: null}. Reason : 6955b3b9-1fa4-46c5-a946-8e67bfb83506 has not seen follower/s 07201f0e-3a1c-4c3e-af2c-9eb1e9c35520 for 139848ms 92cc866f-2236-4b73-b0be-e1c51e7c2e55 for 139850ms
2019-09-18 08:46:35,862 [EventQueue-PipelineActionsForPipelineActionHandler] INFO  pipeline.SCMPipelineManager (SCMPipelineManager.java:finalizeAndDestroyPipeline(311)) - destroying pipeline:Pipeline[ Id: ddebc52c-51fe-4f49-932a-a544ecbe184e, Nodes: 07201f0e-3a1c-4c3e-af2c-9eb1e9c35520{ip: 192.168.157.246, host: pr-hdds-2137-trunk-xplkb-1906903878, networkLocation: /default-rack, certSerialId: null}6955b3b9-1fa4-46c5-a946-8e67bfb83506{ip: 192.168.157.246, host: pr-hdds-2137-trunk-xplkb-1906903878, networkLocation: /default-rack, certSerialId: null}92cc866f-2236-4b73-b0be-e1c51e7c2e55{ip: 192.168.157.246, host: pr-hdds-2137-trunk-xplkb-1906903878, networkLocation: /default-rack, certSerialId: null}, Type:RATIS, Factor:THREE, State:CLOSED]
2019-09-18 08:46:37,375 [org.apache.ratis.server.impl.LogAppender$AppenderDaemon$$Lambda$505/1942826489@4e1c7b3] ERROR ratis.XceiverServerRatis (XceiverServerRatis.java:triggerPipelineClose(575)) - pipeline Action CLOSE  on pipeline PipelineID=ddebc52c-51fe-4f49-932a-a544ecbe184e.Reason : 6955b3b9-1fa4-46c5-a946-8e67bfb83506 has not seen follower/s 07201f0e-3a1c-4c3e-af2c-9eb1e9c35520 for 142349ms 92cc866f-2236-4b73-b0be-e1c51e7c2e55 for 142352ms
2019-09-18 08:46:37,389 [org.apache.ratis.server.impl.LogAppender$AppenderDaemon$$Lambda$505/1942826489@305171a0] ERROR ratis.XceiverServerRatis (XceiverServerRatis.java:triggerPipelineClose(575)) - pipeline Action CLOSE  on pipeline PipelineID=ddebc52c-51fe-4f49-932a-a544ecbe184e.Reason : 6955b3b9-1fa4-46c5-a946-8e67bfb83506 has not seen follower/s 07201f0e-3a1c-4c3e-af2c-9eb1e9c35520 for 142363ms 92cc866f-2236-4b73-b0be-e1c51e7c2e55 for 142366ms
2019-09-18 08:46:37,860 [07201f0e-3a1c-4c3e-af2c-9eb1e9c35520@group-A544ECBE184E-SegmentedRaftLogWorker] WARN  segmented.SegmentedRaftLogWorker (SegmentedRaftLogWorker.java:getFromFuture(90)) - Timeout 13/~
org.apache.ratis.protocol.TimeoutIOException: Timeout 10s: WriteLog:8: (t:1, i:8), STATEMACHINELOGENTRY, client-B113CCFDDDA0, cid=17-writeStateMachineData
	at org.apache.ratis.util.IOUtils.getFromFuture(IOUtils.java:87)
	at org.apache.ratis.server.raftlog.segmented.SegmentedRaftLogWorker$StateMachineDataPolicy.getFromFuture(SegmentedRaftLogWorker.java:87)
	at org.apache.ratis.server.raftlog.segmented.SegmentedRaftLogWorker$WriteLog.execute(SegmentedRaftLogWorker.java:477)
	at org.apache.ratis.server.raftlog.segmented.SegmentedRaftLogWorker.run(SegmentedRaftLogWorker.java:289)
	at java.lang.Thread.run(Thread.java:748)
Caused by: java.util.concurrent.TimeoutException
	at java.util.concurrent.CompletableFuture.timedGet(CompletableFuture.java:1771)
	at java.util.concurrent.CompletableFuture.get(CompletableFuture.java:1915)
	at org.apache.ratis.util.IOUtils.getFromFuture(IOUtils.java:79)
	... 4 more
2019-09-18 08:46:37,864 [EventQueue-PipelineActionsForPipelineActionHandler] ERROR pipeline.PipelineActionHandler (PipelineActionHandler.java:onMessage(60)) - Received pipeline action CLOSE for Pipeline[ Id: ddebc52c-51fe-4f49-932a-a544ecbe184e, Nodes: 07201f0e-3a1c-4c3e-af2c-9eb1e9c35520{ip: 192.168.157.246, host: pr-hdds-2137-trunk-xplkb-1906903878, networkLocation: /default-rack, certSerialId: null}6955b3b9-1fa4-46c5-a946-8e67bfb83506{ip: 192.168.157.246, host: pr-hdds-2137-trunk-xplkb-1906903878, networkLocation: /default-rack, certSerialId: null}92cc866f-2236-4b73-b0be-e1c51e7c2e55{ip: 192.168.157.246, host: pr-hdds-2137-trunk-xplkb-1906903878, networkLocation: /default-rack, certSerialId: null}, Type:RATIS, Factor:THREE, State:CLOSED] from datanode 6955b3b9-1fa4-46c5-a946-8e67bfb83506{ip: 192.168.157.246, host: pr-hdds-2137-trunk-xplkb-1906903878, networkLocation: /default-rack, certSerialId: null}. Reason : 6955b3b9-1fa4-46c5-a946-8e67bfb83506 has not seen follower/s 07201f0e-3a1c-4c3e-af2c-9eb1e9c35520 for 142349ms 92cc866f-2236-4b73-b0be-e1c51e7c2e55 for 142352ms
2019-09-18 08:46:37,865 [EventQueue-PipelineActionsForPipelineActionHandler] INFO  pipeline.SCMPipelineManager (SCMPipelineManager.java:finalizeAndDestroyPipeline(311)) - destroying pipeline:Pipeline[ Id: ddebc52c-51fe-4f49-932a-a544ecbe184e, Nodes: 07201f0e-3a1c-4c3e-af2c-9eb1e9c35520{ip: 192.168.157.246, host: pr-hdds-2137-trunk-xplkb-1906903878, networkLocation: /default-rack, certSerialId: null}6955b3b9-1fa4-46c5-a946-8e67bfb83506{ip: 192.168.157.246, host: pr-hdds-2137-trunk-xplkb-1906903878, networkLocation: /default-rack, certSerialId: null}92cc866f-2236-4b73-b0be-e1c51e7c2e55{ip: 192.168.157.246, host: pr-hdds-2137-trunk-xplkb-1906903878, networkLocation: /default-rack, certSerialId: null}, Type:RATIS, Factor:THREE, State:CLOSED]
2019-09-18 08:46:37,874 [java.util.concurrent.ThreadPoolExecutor$Worker@176e0382[State = -1, empty queue]] WARN  server.GrpcLogAppender (GrpcLogAppender.java:timeoutAppendRequest(200)) - 6955b3b9-1fa4-46c5-a946-8e67bfb83506@group-A544ECBE184E->07201f0e-3a1c-4c3e-af2c-9eb1e9c35520-GrpcLogAppender: appendEntries Timeout, request=6955b3b9-1fa4-46c5-a946-8e67bfb83506->07201f0e-3a1c-4c3e-af2c-9eb1e9c35520#67-t1, previous=(t:1, i:12), leaderCommit=6, initializing? false, entries: <empty>
2019-09-18 08:46:37,878 [92cc866f-2236-4b73-b0be-e1c51e7c2e55@group-A544ECBE184E-SegmentedRaftLogWorker] WARN  segmented.SegmentedRaftLogWorker (SegmentedRaftLogWorker.java:getFromFuture(90)) - Timeout 13/~
org.apache.ratis.protocol.TimeoutIOException: Timeout 10s: WriteLog:8: (t:1, i:8), STATEMACHINELOGENTRY, client-B113CCFDDDA0, cid=17-writeStateMachineData
	at org.apache.ratis.util.IOUtils.getFromFuture(IOUtils.java:87)
	at org.apache.ratis.server.raftlog.segmented.SegmentedRaftLogWorker$StateMachineDataPolicy.getFromFuture(SegmentedRaftLogWorker.java:87)
	at org.apache.ratis.server.raftlog.segmented.SegmentedRaftLogWorker$WriteLog.execute(SegmentedRaftLogWorker.java:477)
	at org.apache.ratis.server.raftlog.segmented.SegmentedRaftLogWorker.run(SegmentedRaftLogWorker.java:289)
	at java.lang.Thread.run(Thread.java:748)
Caused by: java.util.concurrent.TimeoutException
	at java.util.concurrent.CompletableFuture.timedGet(CompletableFuture.java:1771)
	at java.util.concurrent.CompletableFuture.get(CompletableFuture.java:1915)
	at org.apache.ratis.util.IOUtils.getFromFuture(IOUtils.java:79)
	... 4 more
2019-09-18 08:46:37,893 [java.util.concurrent.ThreadPoolExecutor$Worker@4c0ad070[State = -1, empty queue]] WARN  server.GrpcLogAppender (GrpcLogAppender.java:timeoutAppendRequest(200)) - 6955b3b9-1fa4-46c5-a946-8e67bfb83506@group-A544ECBE184E->92cc866f-2236-4b73-b0be-e1c51e7c2e55-GrpcLogAppender: appendEntries Timeout, request=6955b3b9-1fa4-46c5-a946-8e67bfb83506->92cc866f-2236-4b73-b0be-e1c51e7c2e55#67-t1, previous=(t:1, i:12), leaderCommit=6, initializing? false, entries: <empty>
2019-09-18 08:46:37,878 [6955b3b9-1fa4-46c5-a946-8e67bfb83506@group-A544ECBE184E-SegmentedRaftLogWorker] WARN  segmented.SegmentedRaftLogWorker (SegmentedRaftLogWorker.java:getFromFuture(90)) - Timeout 13/~
org.apache.ratis.protocol.TimeoutIOException: Timeout 10s: WriteLog:8: (t:1, i:8), STATEMACHINELOGENTRY, client-B113CCFDDDA0, cid=17-writeStateMachineData
	at org.apache.ratis.util.IOUtils.getFromFuture(IOUtils.java:87)
	at org.apache.ratis.server.raftlog.segmented.SegmentedRaftLogWorker$StateMachineDataPolicy.getFromFuture(SegmentedRaftLogWorker.java:87)
	at org.apache.ratis.server.raftlog.segmented.SegmentedRaftLogWorker$WriteLog.execute(SegmentedRaftLogWorker.java:477)
	at org.apache.ratis.server.raftlog.segmented.SegmentedRaftLogWorker.run(SegmentedRaftLogWorker.java:289)
	at java.lang.Thread.run(Thread.java:748)
Caused by: java.util.concurrent.TimeoutException
	at java.util.concurrent.CompletableFuture.timedGet(CompletableFuture.java:1771)
	at java.util.concurrent.CompletableFuture.get(CompletableFuture.java:1915)
	at org.apache.ratis.util.IOUtils.getFromFuture(IOUtils.java:79)
	... 4 more
2019-09-18 08:46:39,246 [grpc-default-executor-0] INFO  client.GrpcClientProtocolClient (GrpcClientProtocolClient.java:onNext(264)) - client-B113CCFDDDA0->07201f0e-3a1c-4c3e-af2c-9eb1e9c35520: receive RaftClientReply:client-B113CCFDDDA0->07201f0e-3a1c-4c3e-af2c-9eb1e9c35520@group-A544ECBE184E, cid=16, FAILED org.apache.ratis.protocol.NotLeaderException: Server 07201f0e-3a1c-4c3e-af2c-9eb1e9c35520@group-A544ECBE184E is not the leader 6955b3b9-1fa4-46c5-a946-8e67bfb83506:192.168.157.246:34451, logIndex=0, commits[07201f0e-3a1c-4c3e-af2c-9eb1e9c35520:c6, 6955b3b9-1fa4-46c5-a946-8e67bfb83506:c6, 92cc866f-2236-4b73-b0be-e1c51e7c2e55:c4]
2019-09-18 08:46:39,876 [org.apache.ratis.server.impl.LogAppender$AppenderDaemon$$Lambda$505/1942826489@4e1c7b3] ERROR ratis.XceiverServerRatis (XceiverServerRatis.java:triggerPipelineClose(575)) - pipeline Action CLOSE  on pipeline PipelineID=ddebc52c-51fe-4f49-932a-a544ecbe184e.Reason : 6955b3b9-1fa4-46c5-a946-8e67bfb83506 has not seen follower/s 07201f0e-3a1c-4c3e-af2c-9eb1e9c35520 for 144850ms 92cc866f-2236-4b73-b0be-e1c51e7c2e55 for 144853ms
2019-09-18 08:46:39,890 [org.apache.ratis.server.impl.LogAppender$AppenderDaemon$$Lambda$505/1942826489@305171a0] ERROR ratis.XceiverServerRatis (XceiverServerRatis.java:triggerPipelineClose(575)) - pipeline Action CLOSE  on pipeline PipelineID=ddebc52c-51fe-4f49-932a-a544ecbe184e.Reason : 6955b3b9-1fa4-46c5-a946-8e67bfb83506 has not seen follower/s 07201f0e-3a1c-4c3e-af2c-9eb1e9c35520 for 144864ms 92cc866f-2236-4b73-b0be-e1c51e7c2e55 for 144866ms
2019-09-18 08:46:40,375 [java.util.concurrent.ThreadPoolExecutor$Worker@176e0382[State = -1, empty queue]] WARN  server.GrpcLogAppender (GrpcLogAppender.java:timeoutAppendRequest(200)) - 6955b3b9-1fa4-46c5-a946-8e67bfb83506@group-A544ECBE184E->07201f0e-3a1c-4c3e-af2c-9eb1e9c35520-GrpcLogAppender: appendEntries Timeout, request=6955b3b9-1fa4-46c5-a946-8e67bfb83506->07201f0e-3a1c-4c3e-af2c-9eb1e9c35520#68-t1, previous=(t:1, i:12), leaderCommit=6, initializing? false, entries: <empty>
2019-09-18 08:46:40,389 [java.util.concurrent.ThreadPoolExecutor$Worker@4c0ad070[State = -1, empty queue]] WARN  server.GrpcLogAppender (GrpcLogAppender.java:timeoutAppendRequest(200)) - 6955b3b9-1fa4-46c5-a946-8e67bfb83506@group-A544ECBE184E->92cc866f-2236-4b73-b0be-e1c51e7c2e55-GrpcLogAppender: appendEntries Timeout, request=6955b3b9-1fa4-46c5-a946-8e67bfb83506->92cc866f-2236-4b73-b0be-e1c51e7c2e55#68-t1, previous=(t:1, i:12), leaderCommit=6, initializing? false, entries: <empty>
2019-09-18 08:46:40,862 [EventQueue-PipelineActionsForPipelineActionHandler] ERROR pipeline.PipelineActionHandler (PipelineActionHandler.java:onMessage(60)) - Received pipeline action CLOSE for Pipeline[ Id: ddebc52c-51fe-4f49-932a-a544ecbe184e, Nodes: 07201f0e-3a1c-4c3e-af2c-9eb1e9c35520{ip: 192.168.157.246, host: pr-hdds-2137-trunk-xplkb-1906903878, networkLocation: /default-rack, certSerialId: null}6955b3b9-1fa4-46c5-a946-8e67bfb83506{ip: 192.168.157.246, host: pr-hdds-2137-trunk-xplkb-1906903878, networkLocation: /default-rack, certSerialId: null}92cc866f-2236-4b73-b0be-e1c51e7c2e55{ip: 192.168.157.246, host: pr-hdds-2137-trunk-xplkb-1906903878, networkLocation: /default-rack, certSerialId: null}, Type:RATIS, Factor:THREE, State:CLOSED] from datanode 6955b3b9-1fa4-46c5-a946-8e67bfb83506{ip: 192.168.157.246, host: pr-hdds-2137-trunk-xplkb-1906903878, networkLocation: /default-rack, certSerialId: null}. Reason : 6955b3b9-1fa4-46c5-a946-8e67bfb83506 has not seen follower/s 07201f0e-3a1c-4c3e-af2c-9eb1e9c35520 for 144850ms 92cc866f-2236-4b73-b0be-e1c51e7c2e55 for 144853ms
2019-09-18 08:46:40,862 [EventQueue-PipelineActionsForPipelineActionHandler] INFO  pipeline.SCMPipelineManager (SCMPipelineManager.java:finalizeAndDestroyPipeline(311)) - destroying pipeline:Pipeline[ Id: ddebc52c-51fe-4f49-932a-a544ecbe184e, Nodes: 07201f0e-3a1c-4c3e-af2c-9eb1e9c35520{ip: 192.168.157.246, host: pr-hdds-2137-trunk-xplkb-1906903878, networkLocation: /default-rack, certSerialId: null}6955b3b9-1fa4-46c5-a946-8e67bfb83506{ip: 192.168.157.246, host: pr-hdds-2137-trunk-xplkb-1906903878, networkLocation: /default-rack, certSerialId: null}92cc866f-2236-4b73-b0be-e1c51e7c2e55{ip: 192.168.157.246, host: pr-hdds-2137-trunk-xplkb-1906903878, networkLocation: /default-rack, certSerialId: null}, Type:RATIS, Factor:THREE, State:CLOSED]
2019-09-18 08:46:42,378 [org.apache.ratis.server.impl.LogAppender$AppenderDaemon$$Lambda$505/1942826489@4e1c7b3] ERROR ratis.XceiverServerRatis (XceiverServerRatis.java:triggerPipelineClose(575)) - pipeline Action CLOSE  on pipeline PipelineID=ddebc52c-51fe-4f49-932a-a544ecbe184e.Reason : 6955b3b9-1fa4-46c5-a946-8e67bfb83506 has not seen follower/s 07201f0e-3a1c-4c3e-af2c-9eb1e9c35520 for 147352ms 92cc866f-2236-4b73-b0be-e1c51e7c2e55 for 147354ms
2019-09-18 08:46:42,391 [org.apache.ratis.server.impl.LogAppender$AppenderDaemon$$Lambda$505/1942826489@305171a0] ERROR ratis.XceiverServerRatis (XceiverServerRatis.java:triggerPipelineClose(575)) - pipeline Action CLOSE  on pipeline PipelineID=ddebc52c-51fe-4f49-932a-a544ecbe184e.Reason : 6955b3b9-1fa4-46c5-a946-8e67bfb83506 has not seen follower/s 07201f0e-3a1c-4c3e-af2c-9eb1e9c35520 for 147365ms 92cc866f-2236-4b73-b0be-e1c51e7c2e55 for 147367ms
2019-09-18 08:46:42,862 [EventQueue-PipelineActionsForPipelineActionHandler] ERROR pipeline.PipelineActionHandler (PipelineActionHandler.java:onMessage(60)) - Received pipeline action CLOSE for Pipeline[ Id: ddebc52c-51fe-4f49-932a-a544ecbe184e, Nodes: 07201f0e-3a1c-4c3e-af2c-9eb1e9c35520{ip: 192.168.157.246, host: pr-hdds-2137-trunk-xplkb-1906903878, networkLocation: /default-rack, certSerialId: null}6955b3b9-1fa4-46c5-a946-8e67bfb83506{ip: 192.168.157.246, host: pr-hdds-2137-trunk-xplkb-1906903878, networkLocation: /default-rack, certSerialId: null}92cc866f-2236-4b73-b0be-e1c51e7c2e55{ip: 192.168.157.246, host: pr-hdds-2137-trunk-xplkb-1906903878, networkLocation: /default-rack, certSerialId: null}, Type:RATIS, Factor:THREE, State:CLOSED] from datanode 6955b3b9-1fa4-46c5-a946-8e67bfb83506{ip: 192.168.157.246, host: pr-hdds-2137-trunk-xplkb-1906903878, networkLocation: /default-rack, certSerialId: null}. Reason : 6955b3b9-1fa4-46c5-a946-8e67bfb83506 has not seen follower/s 07201f0e-3a1c-4c3e-af2c-9eb1e9c35520 for 147352ms 92cc866f-2236-4b73-b0be-e1c51e7c2e55 for 147354ms
2019-09-18 08:46:42,862 [EventQueue-PipelineActionsForPipelineActionHandler] INFO  pipeline.SCMPipelineManager (SCMPipelineManager.java:finalizeAndDestroyPipeline(311)) - destroying pipeline:Pipeline[ Id: ddebc52c-51fe-4f49-932a-a544ecbe184e, Nodes: 07201f0e-3a1c-4c3e-af2c-9eb1e9c35520{ip: 192.168.157.246, host: pr-hdds-2137-trunk-xplkb-1906903878, networkLocation: /default-rack, certSerialId: null}6955b3b9-1fa4-46c5-a946-8e67bfb83506{ip: 192.168.157.246, host: pr-hdds-2137-trunk-xplkb-1906903878, networkLocation: /default-rack, certSerialId: null}92cc866f-2236-4b73-b0be-e1c51e7c2e55{ip: 192.168.157.246, host: pr-hdds-2137-trunk-xplkb-1906903878, networkLocation: /default-rack, certSerialId: null}, Type:RATIS, Factor:THREE, State:CLOSED]
2019-09-18 08:46:42,876 [java.util.concurrent.ThreadPoolExecutor$Worker@176e0382[State = -1, empty queue]] WARN  server.GrpcLogAppender (GrpcLogAppender.java:timeoutAppendRequest(200)) - 6955b3b9-1fa4-46c5-a946-8e67bfb83506@group-A544ECBE184E->07201f0e-3a1c-4c3e-af2c-9eb1e9c35520-GrpcLogAppender: appendEntries Timeout, request=6955b3b9-1fa4-46c5-a946-8e67bfb83506->07201f0e-3a1c-4c3e-af2c-9eb1e9c35520#69-t1, previous=(t:1, i:12), leaderCommit=6, initializing? false, entries: <empty>
2019-09-18 08:46:42,890 [java.util.concurrent.ThreadPoolExecutor$Worker@4c0ad070[State = -1, empty queue]] WARN  server.GrpcLogAppender (GrpcLogAppender.java:timeoutAppendRequest(200)) - 6955b3b9-1fa4-46c5-a946-8e67bfb83506@group-A544ECBE184E->92cc866f-2236-4b73-b0be-e1c51e7c2e55-GrpcLogAppender: appendEntries Timeout, request=6955b3b9-1fa4-46c5-a946-8e67bfb83506->92cc866f-2236-4b73-b0be-e1c51e7c2e55#69-t1, previous=(t:1, i:12), leaderCommit=6, initializing? false, entries: <empty>
2019-09-18 08:46:44,323 [grpc-default-executor-4] INFO  client.GrpcClientProtocolClient (GrpcClientProtocolClient.java:onNext(264)) - client-B113CCFDDDA0->07201f0e-3a1c-4c3e-af2c-9eb1e9c35520: receive RaftClientReply:client-B113CCFDDDA0->07201f0e-3a1c-4c3e-af2c-9eb1e9c35520@group-A544ECBE184E, cid=16, FAILED org.apache.ratis.protocol.NotLeaderException: Server 07201f0e-3a1c-4c3e-af2c-9eb1e9c35520@group-A544ECBE184E is not the leader 6955b3b9-1fa4-46c5-a946-8e67bfb83506:192.168.157.246:34451, logIndex=0, commits[07201f0e-3a1c-4c3e-af2c-9eb1e9c35520:c6, 6955b3b9-1fa4-46c5-a946-8e67bfb83506:c6, 92cc866f-2236-4b73-b0be-e1c51e7c2e55:c4]
2019-09-18 08:46:44,879 [org.apache.ratis.server.impl.LogAppender$AppenderDaemon$$Lambda$505/1942826489@4e1c7b3] ERROR ratis.XceiverServerRatis (XceiverServerRatis.java:triggerPipelineClose(575)) - pipeline Action CLOSE  on pipeline PipelineID=ddebc52c-51fe-4f49-932a-a544ecbe184e.Reason : 6955b3b9-1fa4-46c5-a946-8e67bfb83506 has not seen follower/s 07201f0e-3a1c-4c3e-af2c-9eb1e9c35520 for 149853ms 92cc866f-2236-4b73-b0be-e1c51e7c2e55 for 149855ms
2019-09-18 08:46:44,892 [org.apache.ratis.server.impl.LogAppender$AppenderDaemon$$Lambda$505/1942826489@305171a0] ERROR ratis.XceiverServerRatis (XceiverServerRatis.java:triggerPipelineClose(575)) - pipeline Action CLOSE  on pipeline PipelineID=ddebc52c-51fe-4f49-932a-a544ecbe184e.Reason : 6955b3b9-1fa4-46c5-a946-8e67bfb83506 has not seen follower/s 07201f0e-3a1c-4c3e-af2c-9eb1e9c35520 for 149866ms 92cc866f-2236-4b73-b0be-e1c51e7c2e55 for 149868ms
2019-09-18 08:46:45,378 [java.util.concurrent.ThreadPoolExecutor$Worker@176e0382[State = -1, empty queue]] WARN  server.GrpcLogAppender (GrpcLogAppender.java:timeoutAppendRequest(200)) - 6955b3b9-1fa4-46c5-a946-8e67bfb83506@group-A544ECBE184E->07201f0e-3a1c-4c3e-af2c-9eb1e9c35520-GrpcLogAppender: appendEntries Timeout, request=6955b3b9-1fa4-46c5-a946-8e67bfb83506->07201f0e-3a1c-4c3e-af2c-9eb1e9c35520#70-t1, previous=(t:1, i:12), leaderCommit=6, initializing? false, entries: <empty>
2019-09-18 08:46:45,391 [java.util.concurrent.ThreadPoolExecutor$Worker@4c0ad070[State = -1, empty queue]] WARN  server.GrpcLogAppender (GrpcLogAppender.java:timeoutAppendRequest(200)) - 6955b3b9-1fa4-46c5-a946-8e67bfb83506@group-A544ECBE184E->92cc866f-2236-4b73-b0be-e1c51e7c2e55-GrpcLogAppender: appendEntries Timeout, request=6955b3b9-1fa4-46c5-a946-8e67bfb83506->92cc866f-2236-4b73-b0be-e1c51e7c2e55#70-t1, previous=(t:1, i:12), leaderCommit=6, initializing? false, entries: <empty>
2019-09-18 08:46:45,863 [EventQueue-PipelineActionsForPipelineActionHandler] ERROR pipeline.PipelineActionHandler (PipelineActionHandler.java:onMessage(60)) - Received pipeline action CLOSE for Pipeline[ Id: ddebc52c-51fe-4f49-932a-a544ecbe184e, Nodes: 07201f0e-3a1c-4c3e-af2c-9eb1e9c35520{ip: 192.168.157.246, host: pr-hdds-2137-trunk-xplkb-1906903878, networkLocation: /default-rack, certSerialId: null}6955b3b9-1fa4-46c5-a946-8e67bfb83506{ip: 192.168.157.246, host: pr-hdds-2137-trunk-xplkb-1906903878, networkLocation: /default-rack, certSerialId: null}92cc866f-2236-4b73-b0be-e1c51e7c2e55{ip: 192.168.157.246, host: pr-hdds-2137-trunk-xplkb-1906903878, networkLocation: /default-rack, certSerialId: null}, Type:RATIS, Factor:THREE, State:CLOSED] from datanode 6955b3b9-1fa4-46c5-a946-8e67bfb83506{ip: 192.168.157.246, host: pr-hdds-2137-trunk-xplkb-1906903878, networkLocation: /default-rack, certSerialId: null}. Reason : 6955b3b9-1fa4-46c5-a946-8e67bfb83506 has not seen follower/s 07201f0e-3a1c-4c3e-af2c-9eb1e9c35520 for 149853ms 92cc866f-2236-4b73-b0be-e1c51e7c2e55 for 149855ms
2019-09-18 08:46:45,863 [EventQueue-PipelineActionsForPipelineActionHandler] INFO  pipeline.SCMPipelineManager (SCMPipelineManager.java:finalizeAndDestroyPipeline(311)) - destroying pipeline:Pipeline[ Id: ddebc52c-51fe-4f49-932a-a544ecbe184e, Nodes: 07201f0e-3a1c-4c3e-af2c-9eb1e9c35520{ip: 192.168.157.246, host: pr-hdds-2137-trunk-xplkb-1906903878, networkLocation: /default-rack, certSerialId: null}6955b3b9-1fa4-46c5-a946-8e67bfb83506{ip: 192.168.157.246, host: pr-hdds-2137-trunk-xplkb-1906903878, networkLocation: /default-rack, certSerialId: null}92cc866f-2236-4b73-b0be-e1c51e7c2e55{ip: 192.168.157.246, host: pr-hdds-2137-trunk-xplkb-1906903878, networkLocation: /default-rack, certSerialId: null}, Type:RATIS, Factor:THREE, State:CLOSED]
2019-09-18 08:46:47,380 [org.apache.ratis.server.impl.LogAppender$AppenderDaemon$$Lambda$505/1942826489@4e1c7b3] ERROR ratis.XceiverServerRatis (XceiverServerRatis.java:triggerPipelineClose(575)) - pipeline Action CLOSE  on pipeline PipelineID=ddebc52c-51fe-4f49-932a-a544ecbe184e.Reason : 6955b3b9-1fa4-46c5-a946-8e67bfb83506 has not seen follower/s 07201f0e-3a1c-4c3e-af2c-9eb1e9c35520 for 152354ms 92cc866f-2236-4b73-b0be-e1c51e7c2e55 for 152357ms
2019-09-18 08:46:47,393 [org.apache.ratis.server.impl.LogAppender$AppenderDaemon$$Lambda$505/1942826489@305171a0] ERROR ratis.XceiverServerRatis (XceiverServerRatis.java:triggerPipelineClose(575)) - pipeline Action CLOSE  on pipeline PipelineID=ddebc52c-51fe-4f49-932a-a544ecbe184e.Reason : 6955b3b9-1fa4-46c5-a946-8e67bfb83506 has not seen follower/s 07201f0e-3a1c-4c3e-af2c-9eb1e9c35520 for 152367ms 92cc866f-2236-4b73-b0be-e1c51e7c2e55 for 152369ms
2019-09-18 08:46:47,862 [07201f0e-3a1c-4c3e-af2c-9eb1e9c35520@group-A544ECBE184E-SegmentedRaftLogWorker] WARN  segmented.SegmentedRaftLogWorker (SegmentedRaftLogWorker.java:getFromFuture(90)) - Timeout 14/~
org.apache.ratis.protocol.TimeoutIOException: Timeout 10s: WriteLog:8: (t:1, i:8), STATEMACHINELOGENTRY, client-B113CCFDDDA0, cid=17-writeStateMachineData
	at org.apache.ratis.util.IOUtils.getFromFuture(IOUtils.java:87)
	at org.apache.ratis.server.raftlog.segmented.SegmentedRaftLogWorker$StateMachineDataPolicy.getFromFuture(SegmentedRaftLogWorker.java:87)
	at org.apache.ratis.server.raftlog.segmented.SegmentedRaftLogWorker$WriteLog.execute(SegmentedRaftLogWorker.java:477)
	at org.apache.ratis.server.raftlog.segmented.SegmentedRaftLogWorker.run(SegmentedRaftLogWorker.java:289)
	at java.lang.Thread.run(Thread.java:748)
Caused by: java.util.concurrent.TimeoutException
	at java.util.concurrent.CompletableFuture.timedGet(CompletableFuture.java:1771)
	at java.util.concurrent.CompletableFuture.get(CompletableFuture.java:1915)
	at org.apache.ratis.util.IOUtils.getFromFuture(IOUtils.java:79)
	... 4 more
2019-09-18 08:46:47,863 [EventQueue-PipelineActionsForPipelineActionHandler] ERROR pipeline.PipelineActionHandler (PipelineActionHandler.java:onMessage(60)) - Received pipeline action CLOSE for Pipeline[ Id: ddebc52c-51fe-4f49-932a-a544ecbe184e, Nodes: 07201f0e-3a1c-4c3e-af2c-9eb1e9c35520{ip: 192.168.157.246, host: pr-hdds-2137-trunk-xplkb-1906903878, networkLocation: /default-rack, certSerialId: null}6955b3b9-1fa4-46c5-a946-8e67bfb83506{ip: 192.168.157.246, host: pr-hdds-2137-trunk-xplkb-1906903878, networkLocation: /default-rack, certSerialId: null}92cc866f-2236-4b73-b0be-e1c51e7c2e55{ip: 192.168.157.246, host: pr-hdds-2137-trunk-xplkb-1906903878, networkLocation: /default-rack, certSerialId: null}, Type:RATIS, Factor:THREE, State:CLOSED] from datanode 6955b3b9-1fa4-46c5-a946-8e67bfb83506{ip: 192.168.157.246, host: pr-hdds-2137-trunk-xplkb-1906903878, networkLocation: /default-rack, certSerialId: null}. Reason : 6955b3b9-1fa4-46c5-a946-8e67bfb83506 has not seen follower/s 07201f0e-3a1c-4c3e-af2c-9eb1e9c35520 for 152354ms 92cc866f-2236-4b73-b0be-e1c51e7c2e55 for 152357ms
2019-09-18 08:46:47,863 [EventQueue-PipelineActionsForPipelineActionHandler] INFO  pipeline.SCMPipelineManager (SCMPipelineManager.java:finalizeAndDestroyPipeline(311)) - destroying pipeline:Pipeline[ Id: ddebc52c-51fe-4f49-932a-a544ecbe184e, Nodes: 07201f0e-3a1c-4c3e-af2c-9eb1e9c35520{ip: 192.168.157.246, host: pr-hdds-2137-trunk-xplkb-1906903878, networkLocation: /default-rack, certSerialId: null}6955b3b9-1fa4-46c5-a946-8e67bfb83506{ip: 192.168.157.246, host: pr-hdds-2137-trunk-xplkb-1906903878, networkLocation: /default-rack, certSerialId: null}92cc866f-2236-4b73-b0be-e1c51e7c2e55{ip: 192.168.157.246, host: pr-hdds-2137-trunk-xplkb-1906903878, networkLocation: /default-rack, certSerialId: null}, Type:RATIS, Factor:THREE, State:CLOSED]
2019-09-18 08:46:47,879 [java.util.concurrent.ThreadPoolExecutor$Worker@176e0382[State = -1, empty queue]] WARN  server.GrpcLogAppender (GrpcLogAppender.java:timeoutAppendRequest(200)) - 6955b3b9-1fa4-46c5-a946-8e67bfb83506@group-A544ECBE184E->07201f0e-3a1c-4c3e-af2c-9eb1e9c35520-GrpcLogAppender: appendEntries Timeout, request=6955b3b9-1fa4-46c5-a946-8e67bfb83506->07201f0e-3a1c-4c3e-af2c-9eb1e9c35520#71-t1, previous=(t:1, i:12), leaderCommit=6, initializing? false, entries: <empty>
2019-09-18 08:46:47,892 [java.util.concurrent.ThreadPoolExecutor$Worker@4c0ad070[State = -1, empty queue]] WARN  server.GrpcLogAppender (GrpcLogAppender.java:timeoutAppendRequest(200)) - 6955b3b9-1fa4-46c5-a946-8e67bfb83506@group-A544ECBE184E->92cc866f-2236-4b73-b0be-e1c51e7c2e55-GrpcLogAppender: appendEntries Timeout, request=6955b3b9-1fa4-46c5-a946-8e67bfb83506->92cc866f-2236-4b73-b0be-e1c51e7c2e55#71-t1, previous=(t:1, i:12), leaderCommit=6, initializing? false, entries: <empty>
2019-09-18 08:46:47,894 [92cc866f-2236-4b73-b0be-e1c51e7c2e55@group-A544ECBE184E-SegmentedRaftLogWorker] WARN  segmented.SegmentedRaftLogWorker (SegmentedRaftLogWorker.java:getFromFuture(90)) - Timeout 14/~
org.apache.ratis.protocol.TimeoutIOException: Timeout 10s: WriteLog:8: (t:1, i:8), STATEMACHINELOGENTRY, client-B113CCFDDDA0, cid=17-writeStateMachineData
	at org.apache.ratis.util.IOUtils.getFromFuture(IOUtils.java:87)
	at org.apache.ratis.server.raftlog.segmented.SegmentedRaftLogWorker$StateMachineDataPolicy.getFromFuture(SegmentedRaftLogWorker.java:87)
	at org.apache.ratis.server.raftlog.segmented.SegmentedRaftLogWorker$WriteLog.execute(SegmentedRaftLogWorker.java:477)
	at org.apache.ratis.server.raftlog.segmented.SegmentedRaftLogWorker.run(SegmentedRaftLogWorker.java:289)
	at java.lang.Thread.run(Thread.java:748)
Caused by: java.util.concurrent.TimeoutException
	at java.util.concurrent.CompletableFuture.timedGet(CompletableFuture.java:1771)
	at java.util.concurrent.CompletableFuture.get(CompletableFuture.java:1915)
	at org.apache.ratis.util.IOUtils.getFromFuture(IOUtils.java:79)
	... 4 more
2019-09-18 08:46:47,894 [6955b3b9-1fa4-46c5-a946-8e67bfb83506@group-A544ECBE184E-SegmentedRaftLogWorker] WARN  segmented.SegmentedRaftLogWorker (SegmentedRaftLogWorker.java:getFromFuture(90)) - Timeout 14/~
org.apache.ratis.protocol.TimeoutIOException: Timeout 10s: WriteLog:8: (t:1, i:8), STATEMACHINELOGENTRY, client-B113CCFDDDA0, cid=17-writeStateMachineData
	at org.apache.ratis.util.IOUtils.getFromFuture(IOUtils.java:87)
	at org.apache.ratis.server.raftlog.segmented.SegmentedRaftLogWorker$StateMachineDataPolicy.getFromFuture(SegmentedRaftLogWorker.java:87)
	at org.apache.ratis.server.raftlog.segmented.SegmentedRaftLogWorker$WriteLog.execute(SegmentedRaftLogWorker.java:477)
	at org.apache.ratis.server.raftlog.segmented.SegmentedRaftLogWorker.run(SegmentedRaftLogWorker.java:289)
	at java.lang.Thread.run(Thread.java:748)
Caused by: java.util.concurrent.TimeoutException
	at java.util.concurrent.CompletableFuture.timedGet(CompletableFuture.java:1771)
	at java.util.concurrent.CompletableFuture.get(CompletableFuture.java:1915)
	at org.apache.ratis.util.IOUtils.getFromFuture(IOUtils.java:79)
	... 4 more
2019-09-18 08:46:49,383 [grpc-default-executor-4] INFO  client.GrpcClientProtocolClient (GrpcClientProtocolClient.java:onNext(264)) - client-B113CCFDDDA0->92cc866f-2236-4b73-b0be-e1c51e7c2e55: receive RaftClientReply:client-B113CCFDDDA0->92cc866f-2236-4b73-b0be-e1c51e7c2e55@group-A544ECBE184E, cid=16, FAILED org.apache.ratis.protocol.NotLeaderException: Server 92cc866f-2236-4b73-b0be-e1c51e7c2e55@group-A544ECBE184E is not the leader 6955b3b9-1fa4-46c5-a946-8e67bfb83506:192.168.157.246:34451, logIndex=0, commits[92cc866f-2236-4b73-b0be-e1c51e7c2e55:c6, 6955b3b9-1fa4-46c5-a946-8e67bfb83506:c6, 07201f0e-3a1c-4c3e-af2c-9eb1e9c35520:c4]
2019-09-18 08:46:49,881 [org.apache.ratis.server.impl.LogAppender$AppenderDaemon$$Lambda$505/1942826489@4e1c7b3] ERROR ratis.XceiverServerRatis (XceiverServerRatis.java:triggerPipelineClose(575)) - pipeline Action CLOSE  on pipeline PipelineID=ddebc52c-51fe-4f49-932a-a544ecbe184e.Reason : 6955b3b9-1fa4-46c5-a946-8e67bfb83506 has not seen follower/s 07201f0e-3a1c-4c3e-af2c-9eb1e9c35520 for 154855ms 92cc866f-2236-4b73-b0be-e1c51e7c2e55 for 154858ms
2019-09-18 08:46:49,893 [org.apache.ratis.server.impl.LogAppender$AppenderDaemon$$Lambda$505/1942826489@305171a0] ERROR ratis.XceiverServerRatis (XceiverServerRatis.java:triggerPipelineClose(575)) - pipeline Action CLOSE  on pipeline PipelineID=ddebc52c-51fe-4f49-932a-a544ecbe184e.Reason : 6955b3b9-1fa4-46c5-a946-8e67bfb83506 has not seen follower/s 07201f0e-3a1c-4c3e-af2c-9eb1e9c35520 for 154867ms 92cc866f-2236-4b73-b0be-e1c51e7c2e55 for 154870ms
2019-09-18 08:46:50,380 [java.util.concurrent.ThreadPoolExecutor$Worker@176e0382[State = -1, empty queue]] WARN  server.GrpcLogAppender (GrpcLogAppender.java:timeoutAppendRequest(200)) - 6955b3b9-1fa4-46c5-a946-8e67bfb83506@group-A544ECBE184E->07201f0e-3a1c-4c3e-af2c-9eb1e9c35520-GrpcLogAppender: appendEntries Timeout, request=6955b3b9-1fa4-46c5-a946-8e67bfb83506->07201f0e-3a1c-4c3e-af2c-9eb1e9c35520#72-t1, previous=(t:1, i:12), leaderCommit=6, initializing? false, entries: <empty>
2019-09-18 08:46:50,393 [java.util.concurrent.ThreadPoolExecutor$Worker@4c0ad070[State = -1, empty queue]] WARN  server.GrpcLogAppender (GrpcLogAppender.java:timeoutAppendRequest(200)) - 6955b3b9-1fa4-46c5-a946-8e67bfb83506@group-A544ECBE184E->92cc866f-2236-4b73-b0be-e1c51e7c2e55-GrpcLogAppender: appendEntries Timeout, request=6955b3b9-1fa4-46c5-a946-8e67bfb83506->92cc866f-2236-4b73-b0be-e1c51e7c2e55#72-t1, previous=(t:1, i:12), leaderCommit=6, initializing? false, entries: <empty>
2019-09-18 08:46:50,863 [EventQueue-PipelineActionsForPipelineActionHandler] ERROR pipeline.PipelineActionHandler (PipelineActionHandler.java:onMessage(60)) - Received pipeline action CLOSE for Pipeline[ Id: ddebc52c-51fe-4f49-932a-a544ecbe184e, Nodes: 07201f0e-3a1c-4c3e-af2c-9eb1e9c35520{ip: 192.168.157.246, host: pr-hdds-2137-trunk-xplkb-1906903878, networkLocation: /default-rack, certSerialId: null}6955b3b9-1fa4-46c5-a946-8e67bfb83506{ip: 192.168.157.246, host: pr-hdds-2137-trunk-xplkb-1906903878, networkLocation: /default-rack, certSerialId: null}92cc866f-2236-4b73-b0be-e1c51e7c2e55{ip: 192.168.157.246, host: pr-hdds-2137-trunk-xplkb-1906903878, networkLocation: /default-rack, certSerialId: null}, Type:RATIS, Factor:THREE, State:CLOSED] from datanode 6955b3b9-1fa4-46c5-a946-8e67bfb83506{ip: 192.168.157.246, host: pr-hdds-2137-trunk-xplkb-1906903878, networkLocation: /default-rack, certSerialId: null}. Reason : 6955b3b9-1fa4-46c5-a946-8e67bfb83506 has not seen follower/s 07201f0e-3a1c-4c3e-af2c-9eb1e9c35520 for 154855ms 92cc866f-2236-4b73-b0be-e1c51e7c2e55 for 154858ms
2019-09-18 08:46:50,863 [EventQueue-PipelineActionsForPipelineActionHandler] INFO  pipeline.SCMPipelineManager (SCMPipelineManager.java:finalizeAndDestroyPipeline(311)) - destroying pipeline:Pipeline[ Id: ddebc52c-51fe-4f49-932a-a544ecbe184e, Nodes: 07201f0e-3a1c-4c3e-af2c-9eb1e9c35520{ip: 192.168.157.246, host: pr-hdds-2137-trunk-xplkb-1906903878, networkLocation: /default-rack, certSerialId: null}6955b3b9-1fa4-46c5-a946-8e67bfb83506{ip: 192.168.157.246, host: pr-hdds-2137-trunk-xplkb-1906903878, networkLocation: /default-rack, certSerialId: null}92cc866f-2236-4b73-b0be-e1c51e7c2e55{ip: 192.168.157.246, host: pr-hdds-2137-trunk-xplkb-1906903878, networkLocation: /default-rack, certSerialId: null}, Type:RATIS, Factor:THREE, State:CLOSED]
2019-09-18 08:46:52,382 [org.apache.ratis.server.impl.LogAppender$AppenderDaemon$$Lambda$505/1942826489@4e1c7b3] ERROR ratis.XceiverServerRatis (XceiverServerRatis.java:triggerPipelineClose(575)) - pipeline Action CLOSE  on pipeline PipelineID=ddebc52c-51fe-4f49-932a-a544ecbe184e.Reason : 6955b3b9-1fa4-46c5-a946-8e67bfb83506 has not seen follower/s 07201f0e-3a1c-4c3e-af2c-9eb1e9c35520 for 157356ms 92cc866f-2236-4b73-b0be-e1c51e7c2e55 for 157359ms
2019-09-18 08:46:52,394 [org.apache.ratis.server.impl.LogAppender$AppenderDaemon$$Lambda$505/1942826489@305171a0] ERROR ratis.XceiverServerRatis (XceiverServerRatis.java:triggerPipelineClose(575)) - pipeline Action CLOSE  on pipeline PipelineID=ddebc52c-51fe-4f49-932a-a544ecbe184e.Reason : 6955b3b9-1fa4-46c5-a946-8e67bfb83506 has not seen follower/s 07201f0e-3a1c-4c3e-af2c-9eb1e9c35520 for 157368ms 92cc866f-2236-4b73-b0be-e1c51e7c2e55 for 157370ms
2019-09-18 08:46:52,863 [EventQueue-PipelineActionsForPipelineActionHandler] ERROR pipeline.PipelineActionHandler (PipelineActionHandler.java:onMessage(60)) - Received pipeline action CLOSE for Pipeline[ Id: ddebc52c-51fe-4f49-932a-a544ecbe184e, Nodes: 07201f0e-3a1c-4c3e-af2c-9eb1e9c35520{ip: 192.168.157.246, host: pr-hdds-2137-trunk-xplkb-1906903878, networkLocation: /default-rack, certSerialId: null}6955b3b9-1fa4-46c5-a946-8e67bfb83506{ip: 192.168.157.246, host: pr-hdds-2137-trunk-xplkb-1906903878, networkLocation: /default-rack, certSerialId: null}92cc866f-2236-4b73-b0be-e1c51e7c2e55{ip: 192.168.157.246, host: pr-hdds-2137-trunk-xplkb-1906903878, networkLocation: /default-rack, certSerialId: null}, Type:RATIS, Factor:THREE, State:CLOSED] from datanode 6955b3b9-1fa4-46c5-a946-8e67bfb83506{ip: 192.168.157.246, host: pr-hdds-2137-trunk-xplkb-1906903878, networkLocation: /default-rack, certSerialId: null}. Reason : 6955b3b9-1fa4-46c5-a946-8e67bfb83506 has not seen follower/s 07201f0e-3a1c-4c3e-af2c-9eb1e9c35520 for 157356ms 92cc866f-2236-4b73-b0be-e1c51e7c2e55 for 157359ms
2019-09-18 08:46:52,863 [EventQueue-PipelineActionsForPipelineActionHandler] INFO  pipeline.SCMPipelineManager (SCMPipelineManager.java:finalizeAndDestroyPipeline(311)) - destroying pipeline:Pipeline[ Id: ddebc52c-51fe-4f49-932a-a544ecbe184e, Nodes: 07201f0e-3a1c-4c3e-af2c-9eb1e9c35520{ip: 192.168.157.246, host: pr-hdds-2137-trunk-xplkb-1906903878, networkLocation: /default-rack, certSerialId: null}6955b3b9-1fa4-46c5-a946-8e67bfb83506{ip: 192.168.157.246, host: pr-hdds-2137-trunk-xplkb-1906903878, networkLocation: /default-rack, certSerialId: null}92cc866f-2236-4b73-b0be-e1c51e7c2e55{ip: 192.168.157.246, host: pr-hdds-2137-trunk-xplkb-1906903878, networkLocation: /default-rack, certSerialId: null}, Type:RATIS, Factor:THREE, State:CLOSED]
2019-09-18 08:46:52,881 [java.util.concurrent.ThreadPoolExecutor$Worker@176e0382[State = -1, empty queue]] WARN  server.GrpcLogAppender (GrpcLogAppender.java:timeoutAppendRequest(200)) - 6955b3b9-1fa4-46c5-a946-8e67bfb83506@group-A544ECBE184E->07201f0e-3a1c-4c3e-af2c-9eb1e9c35520-GrpcLogAppender: appendEntries Timeout, request=6955b3b9-1fa4-46c5-a946-8e67bfb83506->07201f0e-3a1c-4c3e-af2c-9eb1e9c35520#73-t1, previous=(t:1, i:12), leaderCommit=6, initializing? false, entries: <empty>
2019-09-18 08:46:52,893 [java.util.concurrent.ThreadPoolExecutor$Worker@4c0ad070[State = -1, empty queue]] WARN  server.GrpcLogAppender (GrpcLogAppender.java:timeoutAppendRequest(200)) - 6955b3b9-1fa4-46c5-a946-8e67bfb83506@group-A544ECBE184E->92cc866f-2236-4b73-b0be-e1c51e7c2e55-GrpcLogAppender: appendEntries Timeout, request=6955b3b9-1fa4-46c5-a946-8e67bfb83506->92cc866f-2236-4b73-b0be-e1c51e7c2e55#73-t1, previous=(t:1, i:12), leaderCommit=6, initializing? false, entries: <empty>
2019-09-18 08:46:54,430 [grpc-default-executor-0] INFO  client.GrpcClientProtocolClient (GrpcClientProtocolClient.java:onNext(264)) - client-B113CCFDDDA0->07201f0e-3a1c-4c3e-af2c-9eb1e9c35520: receive RaftClientReply:client-B113CCFDDDA0->07201f0e-3a1c-4c3e-af2c-9eb1e9c35520@group-A544ECBE184E, cid=16, FAILED org.apache.ratis.protocol.NotLeaderException: Server 07201f0e-3a1c-4c3e-af2c-9eb1e9c35520@group-A544ECBE184E is not the leader 6955b3b9-1fa4-46c5-a946-8e67bfb83506:192.168.157.246:34451, logIndex=0, commits[07201f0e-3a1c-4c3e-af2c-9eb1e9c35520:c6, 6955b3b9-1fa4-46c5-a946-8e67bfb83506:c6, 92cc866f-2236-4b73-b0be-e1c51e7c2e55:c4]
2019-09-18 08:46:54,883 [org.apache.ratis.server.impl.LogAppender$AppenderDaemon$$Lambda$505/1942826489@4e1c7b3] ERROR ratis.XceiverServerRatis (XceiverServerRatis.java:triggerPipelineClose(575)) - pipeline Action CLOSE  on pipeline PipelineID=ddebc52c-51fe-4f49-932a-a544ecbe184e.Reason : 6955b3b9-1fa4-46c5-a946-8e67bfb83506 has not seen follower/s 07201f0e-3a1c-4c3e-af2c-9eb1e9c35520 for 159857ms 92cc866f-2236-4b73-b0be-e1c51e7c2e55 for 159860ms
2019-09-18 08:46:54,894 [org.apache.ratis.server.impl.LogAppender$AppenderDaemon$$Lambda$505/1942826489@305171a0] ERROR ratis.XceiverServerRatis (XceiverServerRatis.java:triggerPipelineClose(575)) - pipeline Action CLOSE  on pipeline PipelineID=ddebc52c-51fe-4f49-932a-a544ecbe184e.Reason : 6955b3b9-1fa4-46c5-a946-8e67bfb83506 has not seen follower/s 07201f0e-3a1c-4c3e-af2c-9eb1e9c35520 for 159869ms 92cc866f-2236-4b73-b0be-e1c51e7c2e55 for 159871ms
2019-09-18 08:46:55,382 [java.util.concurrent.ThreadPoolExecutor$Worker@176e0382[State = -1, empty queue]] WARN  server.GrpcLogAppender (GrpcLogAppender.java:timeoutAppendRequest(200)) - 6955b3b9-1fa4-46c5-a946-8e67bfb83506@group-A544ECBE184E->07201f0e-3a1c-4c3e-af2c-9eb1e9c35520-GrpcLogAppender: appendEntries Timeout, request=6955b3b9-1fa4-46c5-a946-8e67bfb83506->07201f0e-3a1c-4c3e-af2c-9eb1e9c35520#74-t1, previous=(t:1, i:12), leaderCommit=6, initializing? false, entries: <empty>
2019-09-18 08:46:55,394 [java.util.concurrent.ThreadPoolExecutor$Worker@4c0ad070[State = -1, empty queue]] WARN  server.GrpcLogAppender (GrpcLogAppender.java:timeoutAppendRequest(200)) - 6955b3b9-1fa4-46c5-a946-8e67bfb83506@group-A544ECBE184E->92cc866f-2236-4b73-b0be-e1c51e7c2e55-GrpcLogAppender: appendEntries Timeout, request=6955b3b9-1fa4-46c5-a946-8e67bfb83506->92cc866f-2236-4b73-b0be-e1c51e7c2e55#74-t1, previous=(t:1, i:12), leaderCommit=6, initializing? false, entries: <empty>
2019-09-18 08:46:55,863 [EventQueue-PipelineActionsForPipelineActionHandler] ERROR pipeline.PipelineActionHandler (PipelineActionHandler.java:onMessage(60)) - Received pipeline action CLOSE for Pipeline[ Id: ddebc52c-51fe-4f49-932a-a544ecbe184e, Nodes: 07201f0e-3a1c-4c3e-af2c-9eb1e9c35520{ip: 192.168.157.246, host: pr-hdds-2137-trunk-xplkb-1906903878, networkLocation: /default-rack, certSerialId: null}6955b3b9-1fa4-46c5-a946-8e67bfb83506{ip: 192.168.157.246, host: pr-hdds-2137-trunk-xplkb-1906903878, networkLocation: /default-rack, certSerialId: null}92cc866f-2236-4b73-b0be-e1c51e7c2e55{ip: 192.168.157.246, host: pr-hdds-2137-trunk-xplkb-1906903878, networkLocation: /default-rack, certSerialId: null}, Type:RATIS, Factor:THREE, State:CLOSED] from datanode 6955b3b9-1fa4-46c5-a946-8e67bfb83506{ip: 192.168.157.246, host: pr-hdds-2137-trunk-xplkb-1906903878, networkLocation: /default-rack, certSerialId: null}. Reason : 6955b3b9-1fa4-46c5-a946-8e67bfb83506 has not seen follower/s 07201f0e-3a1c-4c3e-af2c-9eb1e9c35520 for 159857ms 92cc866f-2236-4b73-b0be-e1c51e7c2e55 for 159860ms
2019-09-18 08:46:55,864 [EventQueue-PipelineActionsForPipelineActionHandler] INFO  pipeline.SCMPipelineManager (SCMPipelineManager.java:finalizeAndDestroyPipeline(311)) - destroying pipeline:Pipeline[ Id: ddebc52c-51fe-4f49-932a-a544ecbe184e, Nodes: 07201f0e-3a1c-4c3e-af2c-9eb1e9c35520{ip: 192.168.157.246, host: pr-hdds-2137-trunk-xplkb-1906903878, networkLocation: /default-rack, certSerialId: null}6955b3b9-1fa4-46c5-a946-8e67bfb83506{ip: 192.168.157.246, host: pr-hdds-2137-trunk-xplkb-1906903878, networkLocation: /default-rack, certSerialId: null}92cc866f-2236-4b73-b0be-e1c51e7c2e55{ip: 192.168.157.246, host: pr-hdds-2137-trunk-xplkb-1906903878, networkLocation: /default-rack, certSerialId: null}, Type:RATIS, Factor:THREE, State:CLOSED]
2019-09-18 08:46:57,385 [org.apache.ratis.server.impl.LogAppender$AppenderDaemon$$Lambda$505/1942826489@4e1c7b3] ERROR ratis.XceiverServerRatis (XceiverServerRatis.java:triggerPipelineClose(575)) - pipeline Action CLOSE  on pipeline PipelineID=ddebc52c-51fe-4f49-932a-a544ecbe184e.Reason : 6955b3b9-1fa4-46c5-a946-8e67bfb83506 has not seen follower/s 07201f0e-3a1c-4c3e-af2c-9eb1e9c35520 for 162359ms 92cc866f-2236-4b73-b0be-e1c51e7c2e55 for 162361ms
2019-09-18 08:46:57,395 [org.apache.ratis.server.impl.LogAppender$AppenderDaemon$$Lambda$505/1942826489@305171a0] ERROR ratis.XceiverServerRatis (XceiverServerRatis.java:triggerPipelineClose(575)) - pipeline Action CLOSE  on pipeline PipelineID=ddebc52c-51fe-4f49-932a-a544ecbe184e.Reason : 6955b3b9-1fa4-46c5-a946-8e67bfb83506 has not seen follower/s 07201f0e-3a1c-4c3e-af2c-9eb1e9c35520 for 162369ms 92cc866f-2236-4b73-b0be-e1c51e7c2e55 for 162372ms
2019-09-18 08:46:57,863 [07201f0e-3a1c-4c3e-af2c-9eb1e9c35520@group-A544ECBE184E-SegmentedRaftLogWorker] WARN  segmented.SegmentedRaftLogWorker (SegmentedRaftLogWorker.java:getFromFuture(90)) - Timeout 15/~
org.apache.ratis.protocol.TimeoutIOException: Timeout 10s: WriteLog:8: (t:1, i:8), STATEMACHINELOGENTRY, client-B113CCFDDDA0, cid=17-writeStateMachineData
	at org.apache.ratis.util.IOUtils.getFromFuture(IOUtils.java:87)
	at org.apache.ratis.server.raftlog.segmented.SegmentedRaftLogWorker$StateMachineDataPolicy.getFromFuture(SegmentedRaftLogWorker.java:87)
	at org.apache.ratis.server.raftlog.segmented.SegmentedRaftLogWorker$WriteLog.execute(SegmentedRaftLogWorker.java:477)
	at org.apache.ratis.server.raftlog.segmented.SegmentedRaftLogWorker.run(SegmentedRaftLogWorker.java:289)
	at java.lang.Thread.run(Thread.java:748)
Caused by: java.util.concurrent.TimeoutException
	at java.util.concurrent.CompletableFuture.timedGet(CompletableFuture.java:1771)
	at java.util.concurrent.CompletableFuture.get(CompletableFuture.java:1915)
	at org.apache.ratis.util.IOUtils.getFromFuture(IOUtils.java:79)
	... 4 more
2019-09-18 08:46:57,863 [EventQueue-PipelineActionsForPipelineActionHandler] ERROR pipeline.PipelineActionHandler (PipelineActionHandler.java:onMessage(60)) - Received pipeline action CLOSE for Pipeline[ Id: ddebc52c-51fe-4f49-932a-a544ecbe184e, Nodes: 07201f0e-3a1c-4c3e-af2c-9eb1e9c35520{ip: 192.168.157.246, host: pr-hdds-2137-trunk-xplkb-1906903878, networkLocation: /default-rack, certSerialId: null}6955b3b9-1fa4-46c5-a946-8e67bfb83506{ip: 192.168.157.246, host: pr-hdds-2137-trunk-xplkb-1906903878, networkLocation: /default-rack, certSerialId: null}92cc866f-2236-4b73-b0be-e1c51e7c2e55{ip: 192.168.157.246, host: pr-hdds-2137-trunk-xplkb-1906903878, networkLocation: /default-rack, certSerialId: null}, Type:RATIS, Factor:THREE, State:CLOSED] from datanode 6955b3b9-1fa4-46c5-a946-8e67bfb83506{ip: 192.168.157.246, host: pr-hdds-2137-trunk-xplkb-1906903878, networkLocation: /default-rack, certSerialId: null}. Reason : 6955b3b9-1fa4-46c5-a946-8e67bfb83506 has not seen follower/s 07201f0e-3a1c-4c3e-af2c-9eb1e9c35520 for 162359ms 92cc866f-2236-4b73-b0be-e1c51e7c2e55 for 162361ms
2019-09-18 08:46:57,864 [EventQueue-PipelineActionsForPipelineActionHandler] INFO  pipeline.SCMPipelineManager (SCMPipelineManager.java:finalizeAndDestroyPipeline(311)) - destroying pipeline:Pipeline[ Id: ddebc52c-51fe-4f49-932a-a544ecbe184e, Nodes: 07201f0e-3a1c-4c3e-af2c-9eb1e9c35520{ip: 192.168.157.246, host: pr-hdds-2137-trunk-xplkb-1906903878, networkLocation: /default-rack, certSerialId: null}6955b3b9-1fa4-46c5-a946-8e67bfb83506{ip: 192.168.157.246, host: pr-hdds-2137-trunk-xplkb-1906903878, networkLocation: /default-rack, certSerialId: null}92cc866f-2236-4b73-b0be-e1c51e7c2e55{ip: 192.168.157.246, host: pr-hdds-2137-trunk-xplkb-1906903878, networkLocation: /default-rack, certSerialId: null}, Type:RATIS, Factor:THREE, State:CLOSED]
2019-09-18 08:46:57,883 [java.util.concurrent.ThreadPoolExecutor$Worker@176e0382[State = -1, empty queue]] WARN  server.GrpcLogAppender (GrpcLogAppender.java:timeoutAppendRequest(200)) - 6955b3b9-1fa4-46c5-a946-8e67bfb83506@group-A544ECBE184E->07201f0e-3a1c-4c3e-af2c-9eb1e9c35520-GrpcLogAppender: appendEntries Timeout, request=6955b3b9-1fa4-46c5-a946-8e67bfb83506->07201f0e-3a1c-4c3e-af2c-9eb1e9c35520#75-t1, previous=(t:1, i:12), leaderCommit=6, initializing? false, entries: <empty>
2019-09-18 08:46:57,895 [92cc866f-2236-4b73-b0be-e1c51e7c2e55@group-A544ECBE184E-SegmentedRaftLogWorker] WARN  segmented.SegmentedRaftLogWorker (SegmentedRaftLogWorker.java:getFromFuture(90)) - Timeout 15/~
org.apache.ratis.protocol.TimeoutIOException: Timeout 10s: WriteLog:8: (t:1, i:8), STATEMACHINELOGENTRY, client-B113CCFDDDA0, cid=17-writeStateMachineData
	at org.apache.ratis.util.IOUtils.getFromFuture(IOUtils.java:87)
	at org.apache.ratis.server.raftlog.segmented.SegmentedRaftLogWorker$StateMachineDataPolicy.getFromFuture(SegmentedRaftLogWorker.java:87)
	at org.apache.ratis.server.raftlog.segmented.SegmentedRaftLogWorker$WriteLog.execute(SegmentedRaftLogWorker.java:477)
	at org.apache.ratis.server.raftlog.segmented.SegmentedRaftLogWorker.run(SegmentedRaftLogWorker.java:289)
	at java.lang.Thread.run(Thread.java:748)
Caused by: java.util.concurrent.TimeoutException
	at java.util.concurrent.CompletableFuture.timedGet(CompletableFuture.java:1771)
	at java.util.concurrent.CompletableFuture.get(CompletableFuture.java:1915)
	at org.apache.ratis.util.IOUtils.getFromFuture(IOUtils.java:79)
	... 4 more
2019-09-18 08:46:57,895 [java.util.concurrent.ThreadPoolExecutor$Worker@4c0ad070[State = -1, empty queue]] WARN  server.GrpcLogAppender (GrpcLogAppender.java:timeoutAppendRequest(200)) - 6955b3b9-1fa4-46c5-a946-8e67bfb83506@group-A544ECBE184E->92cc866f-2236-4b73-b0be-e1c51e7c2e55-GrpcLogAppender: appendEntries Timeout, request=6955b3b9-1fa4-46c5-a946-8e67bfb83506->92cc866f-2236-4b73-b0be-e1c51e7c2e55#75-t1, previous=(t:1, i:12), leaderCommit=6, initializing? false, entries: <empty>
2019-09-18 08:46:57,917 [6955b3b9-1fa4-46c5-a946-8e67bfb83506@group-A544ECBE184E-SegmentedRaftLogWorker] WARN  segmented.SegmentedRaftLogWorker (SegmentedRaftLogWorker.java:getFromFuture(90)) - Timeout 15/~
org.apache.ratis.protocol.TimeoutIOException: Timeout 10s: WriteLog:8: (t:1, i:8), STATEMACHINELOGENTRY, client-B113CCFDDDA0, cid=17-writeStateMachineData
	at org.apache.ratis.util.IOUtils.getFromFuture(IOUtils.java:87)
	at org.apache.ratis.server.raftlog.segmented.SegmentedRaftLogWorker$StateMachineDataPolicy.getFromFuture(SegmentedRaftLogWorker.java:87)
	at org.apache.ratis.server.raftlog.segmented.SegmentedRaftLogWorker$WriteLog.execute(SegmentedRaftLogWorker.java:477)
	at org.apache.ratis.server.raftlog.segmented.SegmentedRaftLogWorker.run(SegmentedRaftLogWorker.java:289)
	at java.lang.Thread.run(Thread.java:748)
Caused by: java.util.concurrent.TimeoutException
	at java.util.concurrent.CompletableFuture.timedGet(CompletableFuture.java:1771)
	at java.util.concurrent.CompletableFuture.get(CompletableFuture.java:1915)
	at org.apache.ratis.util.IOUtils.getFromFuture(IOUtils.java:79)
	... 4 more
2019-09-18 08:46:59,484 [grpc-default-executor-0] INFO  client.GrpcClientProtocolClient (GrpcClientProtocolClient.java:onNext(264)) - client-B113CCFDDDA0->92cc866f-2236-4b73-b0be-e1c51e7c2e55: receive RaftClientReply:client-B113CCFDDDA0->92cc866f-2236-4b73-b0be-e1c51e7c2e55@group-A544ECBE184E, cid=16, FAILED org.apache.ratis.protocol.NotLeaderException: Server 92cc866f-2236-4b73-b0be-e1c51e7c2e55@group-A544ECBE184E is not the leader 6955b3b9-1fa4-46c5-a946-8e67bfb83506:192.168.157.246:34451, logIndex=0, commits[92cc866f-2236-4b73-b0be-e1c51e7c2e55:c6, 6955b3b9-1fa4-46c5-a946-8e67bfb83506:c6, 07201f0e-3a1c-4c3e-af2c-9eb1e9c35520:c4]
2019-09-18 08:46:59,887 [org.apache.ratis.server.impl.LogAppender$AppenderDaemon$$Lambda$505/1942826489@4e1c7b3] ERROR ratis.XceiverServerRatis (XceiverServerRatis.java:triggerPipelineClose(575)) - pipeline Action CLOSE  on pipeline PipelineID=ddebc52c-51fe-4f49-932a-a544ecbe184e.Reason : 6955b3b9-1fa4-46c5-a946-8e67bfb83506 has not seen follower/s 07201f0e-3a1c-4c3e-af2c-9eb1e9c35520 for 164861ms 92cc866f-2236-4b73-b0be-e1c51e7c2e55 for 164863ms
2019-09-18 08:46:59,896 [org.apache.ratis.server.impl.LogAppender$AppenderDaemon$$Lambda$505/1942826489@305171a0] ERROR ratis.XceiverServerRatis (XceiverServerRatis.java:triggerPipelineClose(575)) - pipeline Action CLOSE  on pipeline PipelineID=ddebc52c-51fe-4f49-932a-a544ecbe184e.Reason : 6955b3b9-1fa4-46c5-a946-8e67bfb83506 has not seen follower/s 07201f0e-3a1c-4c3e-af2c-9eb1e9c35520 for 164870ms 92cc866f-2236-4b73-b0be-e1c51e7c2e55 for 164872ms
2019-09-18 08:47:00,385 [java.util.concurrent.ThreadPoolExecutor$Worker@176e0382[State = -1, empty queue]] WARN  server.GrpcLogAppender (GrpcLogAppender.java:timeoutAppendRequest(200)) - 6955b3b9-1fa4-46c5-a946-8e67bfb83506@group-A544ECBE184E->07201f0e-3a1c-4c3e-af2c-9eb1e9c35520-GrpcLogAppender: appendEntries Timeout, request=6955b3b9-1fa4-46c5-a946-8e67bfb83506->07201f0e-3a1c-4c3e-af2c-9eb1e9c35520#76-t1, previous=(t:1, i:12), leaderCommit=6, initializing? false, entries: <empty>
2019-09-18 08:47:00,395 [java.util.concurrent.ThreadPoolExecutor$Worker@4c0ad070[State = -1, empty queue]] WARN  server.GrpcLogAppender (GrpcLogAppender.java:timeoutAppendRequest(200)) - 6955b3b9-1fa4-46c5-a946-8e67bfb83506@group-A544ECBE184E->92cc866f-2236-4b73-b0be-e1c51e7c2e55-GrpcLogAppender: appendEntries Timeout, request=6955b3b9-1fa4-46c5-a946-8e67bfb83506->92cc866f-2236-4b73-b0be-e1c51e7c2e55#76-t1, previous=(t:1, i:12), leaderCommit=6, initializing? false, entries: <empty>
2019-09-18 08:47:00,863 [EventQueue-PipelineActionsForPipelineActionHandler] ERROR pipeline.PipelineActionHandler (PipelineActionHandler.java:onMessage(60)) - Received pipeline action CLOSE for Pipeline[ Id: ddebc52c-51fe-4f49-932a-a544ecbe184e, Nodes: 07201f0e-3a1c-4c3e-af2c-9eb1e9c35520{ip: 192.168.157.246, host: pr-hdds-2137-trunk-xplkb-1906903878, networkLocation: /default-rack, certSerialId: null}6955b3b9-1fa4-46c5-a946-8e67bfb83506{ip: 192.168.157.246, host: pr-hdds-2137-trunk-xplkb-1906903878, networkLocation: /default-rack, certSerialId: null}92cc866f-2236-4b73-b0be-e1c51e7c2e55{ip: 192.168.157.246, host: pr-hdds-2137-trunk-xplkb-1906903878, networkLocation: /default-rack, certSerialId: null}, Type:RATIS, Factor:THREE, State:CLOSED] from datanode 6955b3b9-1fa4-46c5-a946-8e67bfb83506{ip: 192.168.157.246, host: pr-hdds-2137-trunk-xplkb-1906903878, networkLocation: /default-rack, certSerialId: null}. Reason : 6955b3b9-1fa4-46c5-a946-8e67bfb83506 has not seen follower/s 07201f0e-3a1c-4c3e-af2c-9eb1e9c35520 for 164861ms 92cc866f-2236-4b73-b0be-e1c51e7c2e55 for 164863ms
2019-09-18 08:47:00,863 [EventQueue-PipelineActionsForPipelineActionHandler] INFO  pipeline.SCMPipelineManager (SCMPipelineManager.java:finalizeAndDestroyPipeline(311)) - destroying pipeline:Pipeline[ Id: ddebc52c-51fe-4f49-932a-a544ecbe184e, Nodes: 07201f0e-3a1c-4c3e-af2c-9eb1e9c35520{ip: 192.168.157.246, host: pr-hdds-2137-trunk-xplkb-1906903878, networkLocation: /default-rack, certSerialId: null}6955b3b9-1fa4-46c5-a946-8e67bfb83506{ip: 192.168.157.246, host: pr-hdds-2137-trunk-xplkb-1906903878, networkLocation: /default-rack, certSerialId: null}92cc866f-2236-4b73-b0be-e1c51e7c2e55{ip: 192.168.157.246, host: pr-hdds-2137-trunk-xplkb-1906903878, networkLocation: /default-rack, certSerialId: null}, Type:RATIS, Factor:THREE, State:CLOSED]
2019-09-18 08:47:02,389 [org.apache.ratis.server.impl.LogAppender$AppenderDaemon$$Lambda$505/1942826489@4e1c7b3] ERROR ratis.XceiverServerRatis (XceiverServerRatis.java:triggerPipelineClose(575)) - pipeline Action CLOSE  on pipeline PipelineID=ddebc52c-51fe-4f49-932a-a544ecbe184e.Reason : 6955b3b9-1fa4-46c5-a946-8e67bfb83506 has not seen follower/s 07201f0e-3a1c-4c3e-af2c-9eb1e9c35520 for 167362ms 92cc866f-2236-4b73-b0be-e1c51e7c2e55 for 167365ms
2019-09-18 08:47:02,397 [org.apache.ratis.server.impl.LogAppender$AppenderDaemon$$Lambda$505/1942826489@305171a0] ERROR ratis.XceiverServerRatis (XceiverServerRatis.java:triggerPipelineClose(575)) - pipeline Action CLOSE  on pipeline PipelineID=ddebc52c-51fe-4f49-932a-a544ecbe184e.Reason : 6955b3b9-1fa4-46c5-a946-8e67bfb83506 has not seen follower/s 07201f0e-3a1c-4c3e-af2c-9eb1e9c35520 for 167371ms 92cc866f-2236-4b73-b0be-e1c51e7c2e55 for 167373ms
2019-09-18 08:47:02,863 [EventQueue-PipelineActionsForPipelineActionHandler] ERROR pipeline.PipelineActionHandler (PipelineActionHandler.java:onMessage(60)) - Received pipeline action CLOSE for Pipeline[ Id: ddebc52c-51fe-4f49-932a-a544ecbe184e, Nodes: 07201f0e-3a1c-4c3e-af2c-9eb1e9c35520{ip: 192.168.157.246, host: pr-hdds-2137-trunk-xplkb-1906903878, networkLocation: /default-rack, certSerialId: null}6955b3b9-1fa4-46c5-a946-8e67bfb83506{ip: 192.168.157.246, host: pr-hdds-2137-trunk-xplkb-1906903878, networkLocation: /default-rack, certSerialId: null}92cc866f-2236-4b73-b0be-e1c51e7c2e55{ip: 192.168.157.246, host: pr-hdds-2137-trunk-xplkb-1906903878, networkLocation: /default-rack, certSerialId: null}, Type:RATIS, Factor:THREE, State:CLOSED] from datanode 6955b3b9-1fa4-46c5-a946-8e67bfb83506{ip: 192.168.157.246, host: pr-hdds-2137-trunk-xplkb-1906903878, networkLocation: /default-rack, certSerialId: null}. Reason : 6955b3b9-1fa4-46c5-a946-8e67bfb83506 has not seen follower/s 07201f0e-3a1c-4c3e-af2c-9eb1e9c35520 for 167362ms 92cc866f-2236-4b73-b0be-e1c51e7c2e55 for 167365ms
2019-09-18 08:47:02,864 [EventQueue-PipelineActionsForPipelineActionHandler] INFO  pipeline.SCMPipelineManager (SCMPipelineManager.java:finalizeAndDestroyPipeline(311)) - destroying pipeline:Pipeline[ Id: ddebc52c-51fe-4f49-932a-a544ecbe184e, Nodes: 07201f0e-3a1c-4c3e-af2c-9eb1e9c35520{ip: 192.168.157.246, host: pr-hdds-2137-trunk-xplkb-1906903878, networkLocation: /default-rack, certSerialId: null}6955b3b9-1fa4-46c5-a946-8e67bfb83506{ip: 192.168.157.246, host: pr-hdds-2137-trunk-xplkb-1906903878, networkLocation: /default-rack, certSerialId: null}92cc866f-2236-4b73-b0be-e1c51e7c2e55{ip: 192.168.157.246, host: pr-hdds-2137-trunk-xplkb-1906903878, networkLocation: /default-rack, certSerialId: null}, Type:RATIS, Factor:THREE, State:CLOSED]
2019-09-18 08:47:02,887 [java.util.concurrent.ThreadPoolExecutor$Worker@176e0382[State = -1, empty queue]] WARN  server.GrpcLogAppender (GrpcLogAppender.java:timeoutAppendRequest(200)) - 6955b3b9-1fa4-46c5-a946-8e67bfb83506@group-A544ECBE184E->07201f0e-3a1c-4c3e-af2c-9eb1e9c35520-GrpcLogAppender: appendEntries Timeout, request=6955b3b9-1fa4-46c5-a946-8e67bfb83506->07201f0e-3a1c-4c3e-af2c-9eb1e9c35520#77-t1, previous=(t:1, i:12), leaderCommit=6, initializing? false, entries: <empty>
2019-09-18 08:47:02,896 [java.util.concurrent.ThreadPoolExecutor$Worker@4c0ad070[State = -1, empty queue]] WARN  server.GrpcLogAppender (GrpcLogAppender.java:timeoutAppendRequest(200)) - 6955b3b9-1fa4-46c5-a946-8e67bfb83506@group-A544ECBE184E->92cc866f-2236-4b73-b0be-e1c51e7c2e55-GrpcLogAppender: appendEntries Timeout, request=6955b3b9-1fa4-46c5-a946-8e67bfb83506->92cc866f-2236-4b73-b0be-e1c51e7c2e55#77-t1, previous=(t:1, i:12), leaderCommit=6, initializing? false, entries: <empty>
2019-09-18 08:47:04,534 [grpc-default-executor-0] INFO  client.GrpcClientProtocolClient (GrpcClientProtocolClient.java:onNext(264)) - client-B113CCFDDDA0->07201f0e-3a1c-4c3e-af2c-9eb1e9c35520: receive RaftClientReply:client-B113CCFDDDA0->07201f0e-3a1c-4c3e-af2c-9eb1e9c35520@group-A544ECBE184E, cid=16, FAILED org.apache.ratis.protocol.NotLeaderException: Server 07201f0e-3a1c-4c3e-af2c-9eb1e9c35520@group-A544ECBE184E is not the leader 6955b3b9-1fa4-46c5-a946-8e67bfb83506:192.168.157.246:34451, logIndex=0, commits[07201f0e-3a1c-4c3e-af2c-9eb1e9c35520:c6, 6955b3b9-1fa4-46c5-a946-8e67bfb83506:c6, 92cc866f-2236-4b73-b0be-e1c51e7c2e55:c4]
2019-09-18 08:47:04,890 [org.apache.ratis.server.impl.LogAppender$AppenderDaemon$$Lambda$505/1942826489@4e1c7b3] ERROR ratis.XceiverServerRatis (XceiverServerRatis.java:triggerPipelineClose(575)) - pipeline Action CLOSE  on pipeline PipelineID=ddebc52c-51fe-4f49-932a-a544ecbe184e.Reason : 6955b3b9-1fa4-46c5-a946-8e67bfb83506 has not seen follower/s 07201f0e-3a1c-4c3e-af2c-9eb1e9c35520 for 169864ms 92cc866f-2236-4b73-b0be-e1c51e7c2e55 for 169866ms
2019-09-18 08:47:04,898 [org.apache.ratis.server.impl.LogAppender$AppenderDaemon$$Lambda$505/1942826489@305171a0] ERROR ratis.XceiverServerRatis (XceiverServerRatis.java:triggerPipelineClose(575)) - pipeline Action CLOSE  on pipeline PipelineID=ddebc52c-51fe-4f49-932a-a544ecbe184e.Reason : 6955b3b9-1fa4-46c5-a946-8e67bfb83506 has not seen follower/s 07201f0e-3a1c-4c3e-af2c-9eb1e9c35520 for 169872ms 92cc866f-2236-4b73-b0be-e1c51e7c2e55 for 169874ms
2019-09-18 08:47:05,388 [java.util.concurrent.ThreadPoolExecutor$Worker@176e0382[State = -1, empty queue]] WARN  server.GrpcLogAppender (GrpcLogAppender.java:timeoutAppendRequest(200)) - 6955b3b9-1fa4-46c5-a946-8e67bfb83506@group-A544ECBE184E->07201f0e-3a1c-4c3e-af2c-9eb1e9c35520-GrpcLogAppender: appendEntries Timeout, request=6955b3b9-1fa4-46c5-a946-8e67bfb83506->07201f0e-3a1c-4c3e-af2c-9eb1e9c35520#78-t1, previous=(t:1, i:12), leaderCommit=6, initializing? false, entries: <empty>
2019-09-18 08:47:05,397 [java.util.concurrent.ThreadPoolExecutor$Worker@4c0ad070[State = -1, empty queue]] WARN  server.GrpcLogAppender (GrpcLogAppender.java:timeoutAppendRequest(200)) - 6955b3b9-1fa4-46c5-a946-8e67bfb83506@group-A544ECBE184E->92cc866f-2236-4b73-b0be-e1c51e7c2e55-GrpcLogAppender: appendEntries Timeout, request=6955b3b9-1fa4-46c5-a946-8e67bfb83506->92cc866f-2236-4b73-b0be-e1c51e7c2e55#78-t1, previous=(t:1, i:12), leaderCommit=6, initializing? false, entries: <empty>
2019-09-18 08:47:05,862 [EventQueue-PipelineActionsForPipelineActionHandler] ERROR pipeline.PipelineActionHandler (PipelineActionHandler.java:onMessage(60)) - Received pipeline action CLOSE for Pipeline[ Id: ddebc52c-51fe-4f49-932a-a544ecbe184e, Nodes: 07201f0e-3a1c-4c3e-af2c-9eb1e9c35520{ip: 192.168.157.246, host: pr-hdds-2137-trunk-xplkb-1906903878, networkLocation: /default-rack, certSerialId: null}6955b3b9-1fa4-46c5-a946-8e67bfb83506{ip: 192.168.157.246, host: pr-hdds-2137-trunk-xplkb-1906903878, networkLocation: /default-rack, certSerialId: null}92cc866f-2236-4b73-b0be-e1c51e7c2e55{ip: 192.168.157.246, host: pr-hdds-2137-trunk-xplkb-1906903878, networkLocation: /default-rack, certSerialId: null}, Type:RATIS, Factor:THREE, State:CLOSED] from datanode 6955b3b9-1fa4-46c5-a946-8e67bfb83506{ip: 192.168.157.246, host: pr-hdds-2137-trunk-xplkb-1906903878, networkLocation: /default-rack, certSerialId: null}. Reason : 6955b3b9-1fa4-46c5-a946-8e67bfb83506 has not seen follower/s 07201f0e-3a1c-4c3e-af2c-9eb1e9c35520 for 169864ms 92cc866f-2236-4b73-b0be-e1c51e7c2e55 for 169866ms
2019-09-18 08:47:05,863 [EventQueue-PipelineActionsForPipelineActionHandler] INFO  pipeline.SCMPipelineManager (SCMPipelineManager.java:finalizeAndDestroyPipeline(311)) - destroying pipeline:Pipeline[ Id: ddebc52c-51fe-4f49-932a-a544ecbe184e, Nodes: 07201f0e-3a1c-4c3e-af2c-9eb1e9c35520{ip: 192.168.157.246, host: pr-hdds-2137-trunk-xplkb-1906903878, networkLocation: /default-rack, certSerialId: null}6955b3b9-1fa4-46c5-a946-8e67bfb83506{ip: 192.168.157.246, host: pr-hdds-2137-trunk-xplkb-1906903878, networkLocation: /default-rack, certSerialId: null}92cc866f-2236-4b73-b0be-e1c51e7c2e55{ip: 192.168.157.246, host: pr-hdds-2137-trunk-xplkb-1906903878, networkLocation: /default-rack, certSerialId: null}, Type:RATIS, Factor:THREE, State:CLOSED]
2019-09-18 08:47:07,391 [org.apache.ratis.server.impl.LogAppender$AppenderDaemon$$Lambda$505/1942826489@4e1c7b3] ERROR ratis.XceiverServerRatis (XceiverServerRatis.java:triggerPipelineClose(575)) - pipeline Action CLOSE  on pipeline PipelineID=ddebc52c-51fe-4f49-932a-a544ecbe184e.Reason : 6955b3b9-1fa4-46c5-a946-8e67bfb83506 has not seen follower/s 07201f0e-3a1c-4c3e-af2c-9eb1e9c35520 for 172365ms 92cc866f-2236-4b73-b0be-e1c51e7c2e55 for 172367ms
2019-09-18 08:47:07,398 [org.apache.ratis.server.impl.LogAppender$AppenderDaemon$$Lambda$505/1942826489@305171a0] ERROR ratis.XceiverServerRatis (XceiverServerRatis.java:triggerPipelineClose(575)) - pipeline Action CLOSE  on pipeline PipelineID=ddebc52c-51fe-4f49-932a-a544ecbe184e.Reason : 6955b3b9-1fa4-46c5-a946-8e67bfb83506 has not seen follower/s 07201f0e-3a1c-4c3e-af2c-9eb1e9c35520 for 172372ms 92cc866f-2236-4b73-b0be-e1c51e7c2e55 for 172375ms
2019-09-18 08:47:07,863 [EventQueue-PipelineActionsForPipelineActionHandler] ERROR pipeline.PipelineActionHandler (PipelineActionHandler.java:onMessage(60)) - Received pipeline action CLOSE for Pipeline[ Id: ddebc52c-51fe-4f49-932a-a544ecbe184e, Nodes: 07201f0e-3a1c-4c3e-af2c-9eb1e9c35520{ip: 192.168.157.246, host: pr-hdds-2137-trunk-xplkb-1906903878, networkLocation: /default-rack, certSerialId: null}6955b3b9-1fa4-46c5-a946-8e67bfb83506{ip: 192.168.157.246, host: pr-hdds-2137-trunk-xplkb-1906903878, networkLocation: /default-rack, certSerialId: null}92cc866f-2236-4b73-b0be-e1c51e7c2e55{ip: 192.168.157.246, host: pr-hdds-2137-trunk-xplkb-1906903878, networkLocation: /default-rack, certSerialId: null}, Type:RATIS, Factor:THREE, State:CLOSED] from datanode 6955b3b9-1fa4-46c5-a946-8e67bfb83506{ip: 192.168.157.246, host: pr-hdds-2137-trunk-xplkb-1906903878, networkLocation: /default-rack, certSerialId: null}. Reason : 6955b3b9-1fa4-46c5-a946-8e67bfb83506 has not seen follower/s 07201f0e-3a1c-4c3e-af2c-9eb1e9c35520 for 172365ms 92cc866f-2236-4b73-b0be-e1c51e7c2e55 for 172367ms
2019-09-18 08:47:07,863 [EventQueue-PipelineActionsForPipelineActionHandler] INFO  pipeline.SCMPipelineManager (SCMPipelineManager.java:finalizeAndDestroyPipeline(311)) - destroying pipeline:Pipeline[ Id: ddebc52c-51fe-4f49-932a-a544ecbe184e, Nodes: 07201f0e-3a1c-4c3e-af2c-9eb1e9c35520{ip: 192.168.157.246, host: pr-hdds-2137-trunk-xplkb-1906903878, networkLocation: /default-rack, certSerialId: null}6955b3b9-1fa4-46c5-a946-8e67bfb83506{ip: 192.168.157.246, host: pr-hdds-2137-trunk-xplkb-1906903878, networkLocation: /default-rack, certSerialId: null}92cc866f-2236-4b73-b0be-e1c51e7c2e55{ip: 192.168.157.246, host: pr-hdds-2137-trunk-xplkb-1906903878, networkLocation: /default-rack, certSerialId: null}, Type:RATIS, Factor:THREE, State:CLOSED]
2019-09-18 08:47:07,864 [07201f0e-3a1c-4c3e-af2c-9eb1e9c35520@group-A544ECBE184E-SegmentedRaftLogWorker] WARN  segmented.SegmentedRaftLogWorker (SegmentedRaftLogWorker.java:getFromFuture(90)) - Timeout 16/~
org.apache.ratis.protocol.TimeoutIOException: Timeout 10s: WriteLog:8: (t:1, i:8), STATEMACHINELOGENTRY, client-B113CCFDDDA0, cid=17-writeStateMachineData
	at org.apache.ratis.util.IOUtils.getFromFuture(IOUtils.java:87)
	at org.apache.ratis.server.raftlog.segmented.SegmentedRaftLogWorker$StateMachineDataPolicy.getFromFuture(SegmentedRaftLogWorker.java:87)
	at org.apache.ratis.server.raftlog.segmented.SegmentedRaftLogWorker$WriteLog.execute(SegmentedRaftLogWorker.java:477)
	at org.apache.ratis.server.raftlog.segmented.SegmentedRaftLogWorker.run(SegmentedRaftLogWorker.java:289)
	at java.lang.Thread.run(Thread.java:748)
Caused by: java.util.concurrent.TimeoutException
	at java.util.concurrent.CompletableFuture.timedGet(CompletableFuture.java:1771)
	at java.util.concurrent.CompletableFuture.get(CompletableFuture.java:1915)
	at org.apache.ratis.util.IOUtils.getFromFuture(IOUtils.java:79)
	... 4 more
2019-09-18 08:47:07,889 [java.util.concurrent.ThreadPoolExecutor$Worker@176e0382[State = -1, empty queue]] WARN  server.GrpcLogAppender (GrpcLogAppender.java:timeoutAppendRequest(200)) - 6955b3b9-1fa4-46c5-a946-8e67bfb83506@group-A544ECBE184E->07201f0e-3a1c-4c3e-af2c-9eb1e9c35520-GrpcLogAppender: appendEntries Timeout, request=6955b3b9-1fa4-46c5-a946-8e67bfb83506->07201f0e-3a1c-4c3e-af2c-9eb1e9c35520#79-t1, previous=(t:1, i:12), leaderCommit=6, initializing? false, entries: <empty>
2019-09-18 08:47:07,898 [java.util.concurrent.ThreadPoolExecutor$Worker@4c0ad070[State = -1, empty queue]] WARN  server.GrpcLogAppender (GrpcLogAppender.java:timeoutAppendRequest(200)) - 6955b3b9-1fa4-46c5-a946-8e67bfb83506@group-A544ECBE184E->92cc866f-2236-4b73-b0be-e1c51e7c2e55-GrpcLogAppender: appendEntries Timeout, request=6955b3b9-1fa4-46c5-a946-8e67bfb83506->92cc866f-2236-4b73-b0be-e1c51e7c2e55#79-t1, previous=(t:1, i:12), leaderCommit=6, initializing? false, entries: <empty>
2019-09-18 08:47:07,918 [92cc866f-2236-4b73-b0be-e1c51e7c2e55@group-A544ECBE184E-SegmentedRaftLogWorker] WARN  segmented.SegmentedRaftLogWorker (SegmentedRaftLogWorker.java:getFromFuture(90)) - Timeout 16/~
org.apache.ratis.protocol.TimeoutIOException: Timeout 10s: WriteLog:8: (t:1, i:8), STATEMACHINELOGENTRY, client-B113CCFDDDA0, cid=17-writeStateMachineData
	at org.apache.ratis.util.IOUtils.getFromFuture(IOUtils.java:87)
	at org.apache.ratis.server.raftlog.segmented.SegmentedRaftLogWorker$StateMachineDataPolicy.getFromFuture(SegmentedRaftLogWorker.java:87)
	at org.apache.ratis.server.raftlog.segmented.SegmentedRaftLogWorker$WriteLog.execute(SegmentedRaftLogWorker.java:477)
	at org.apache.ratis.server.raftlog.segmented.SegmentedRaftLogWorker.run(SegmentedRaftLogWorker.java:289)
	at java.lang.Thread.run(Thread.java:748)
Caused by: java.util.concurrent.TimeoutException
	at java.util.concurrent.CompletableFuture.timedGet(CompletableFuture.java:1771)
	at java.util.concurrent.CompletableFuture.get(CompletableFuture.java:1915)
	at org.apache.ratis.util.IOUtils.getFromFuture(IOUtils.java:79)
	... 4 more
2019-09-18 08:47:07,918 [6955b3b9-1fa4-46c5-a946-8e67bfb83506@group-A544ECBE184E-SegmentedRaftLogWorker] WARN  segmented.SegmentedRaftLogWorker (SegmentedRaftLogWorker.java:getFromFuture(90)) - Timeout 16/~
org.apache.ratis.protocol.TimeoutIOException: Timeout 10s: WriteLog:8: (t:1, i:8), STATEMACHINELOGENTRY, client-B113CCFDDDA0, cid=17-writeStateMachineData
	at org.apache.ratis.util.IOUtils.getFromFuture(IOUtils.java:87)
	at org.apache.ratis.server.raftlog.segmented.SegmentedRaftLogWorker$StateMachineDataPolicy.getFromFuture(SegmentedRaftLogWorker.java:87)
	at org.apache.ratis.server.raftlog.segmented.SegmentedRaftLogWorker$WriteLog.execute(SegmentedRaftLogWorker.java:477)
	at org.apache.ratis.server.raftlog.segmented.SegmentedRaftLogWorker.run(SegmentedRaftLogWorker.java:289)
	at java.lang.Thread.run(Thread.java:748)
Caused by: java.util.concurrent.TimeoutException
	at java.util.concurrent.CompletableFuture.timedGet(CompletableFuture.java:1771)
	at java.util.concurrent.CompletableFuture.get(CompletableFuture.java:1915)
	at org.apache.ratis.util.IOUtils.getFromFuture(IOUtils.java:79)
	... 4 more
2019-09-18 08:47:09,589 [grpc-default-executor-0] INFO  client.GrpcClientProtocolClient (GrpcClientProtocolClient.java:onNext(264)) - client-B113CCFDDDA0->92cc866f-2236-4b73-b0be-e1c51e7c2e55: receive RaftClientReply:client-B113CCFDDDA0->92cc866f-2236-4b73-b0be-e1c51e7c2e55@group-A544ECBE184E, cid=16, FAILED org.apache.ratis.protocol.NotLeaderException: Server 92cc866f-2236-4b73-b0be-e1c51e7c2e55@group-A544ECBE184E is not the leader 6955b3b9-1fa4-46c5-a946-8e67bfb83506:192.168.157.246:34451, logIndex=0, commits[92cc866f-2236-4b73-b0be-e1c51e7c2e55:c6, 6955b3b9-1fa4-46c5-a946-8e67bfb83506:c6, 07201f0e-3a1c-4c3e-af2c-9eb1e9c35520:c4]
2019-09-18 08:47:09,892 [org.apache.ratis.server.impl.LogAppender$AppenderDaemon$$Lambda$505/1942826489@4e1c7b3] ERROR ratis.XceiverServerRatis (XceiverServerRatis.java:triggerPipelineClose(575)) - pipeline Action CLOSE  on pipeline PipelineID=ddebc52c-51fe-4f49-932a-a544ecbe184e.Reason : 6955b3b9-1fa4-46c5-a946-8e67bfb83506 has not seen follower/s 07201f0e-3a1c-4c3e-af2c-9eb1e9c35520 for 174866ms 92cc866f-2236-4b73-b0be-e1c51e7c2e55 for 174869ms
2019-09-18 08:47:09,899 [org.apache.ratis.server.impl.LogAppender$AppenderDaemon$$Lambda$505/1942826489@305171a0] ERROR ratis.XceiverServerRatis (XceiverServerRatis.java:triggerPipelineClose(575)) - pipeline Action CLOSE  on pipeline PipelineID=ddebc52c-51fe-4f49-932a-a544ecbe184e.Reason : 6955b3b9-1fa4-46c5-a946-8e67bfb83506 has not seen follower/s 07201f0e-3a1c-4c3e-af2c-9eb1e9c35520 for 174873ms 92cc866f-2236-4b73-b0be-e1c51e7c2e55 for 174875ms
2019-09-18 08:47:10,391 [java.util.concurrent.ThreadPoolExecutor$Worker@176e0382[State = -1, empty queue]] WARN  server.GrpcLogAppender (GrpcLogAppender.java:timeoutAppendRequest(200)) - 6955b3b9-1fa4-46c5-a946-8e67bfb83506@group-A544ECBE184E->07201f0e-3a1c-4c3e-af2c-9eb1e9c35520-GrpcLogAppender: appendEntries Timeout, request=6955b3b9-1fa4-46c5-a946-8e67bfb83506->07201f0e-3a1c-4c3e-af2c-9eb1e9c35520#80-t1, previous=(t:1, i:12), leaderCommit=6, initializing? false, entries: <empty>
2019-09-18 08:47:10,398 [java.util.concurrent.ThreadPoolExecutor$Worker@4c0ad070[State = -1, empty queue]] WARN  server.GrpcLogAppender (GrpcLogAppender.java:timeoutAppendRequest(200)) - 6955b3b9-1fa4-46c5-a946-8e67bfb83506@group-A544ECBE184E->92cc866f-2236-4b73-b0be-e1c51e7c2e55-GrpcLogAppender: appendEntries Timeout, request=6955b3b9-1fa4-46c5-a946-8e67bfb83506->92cc866f-2236-4b73-b0be-e1c51e7c2e55#80-t1, previous=(t:1, i:12), leaderCommit=6, initializing? false, entries: <empty>
2019-09-18 08:47:10,863 [EventQueue-PipelineActionsForPipelineActionHandler] ERROR pipeline.PipelineActionHandler (PipelineActionHandler.java:onMessage(60)) - Received pipeline action CLOSE for Pipeline[ Id: ddebc52c-51fe-4f49-932a-a544ecbe184e, Nodes: 07201f0e-3a1c-4c3e-af2c-9eb1e9c35520{ip: 192.168.157.246, host: pr-hdds-2137-trunk-xplkb-1906903878, networkLocation: /default-rack, certSerialId: null}6955b3b9-1fa4-46c5-a946-8e67bfb83506{ip: 192.168.157.246, host: pr-hdds-2137-trunk-xplkb-1906903878, networkLocation: /default-rack, certSerialId: null}92cc866f-2236-4b73-b0be-e1c51e7c2e55{ip: 192.168.157.246, host: pr-hdds-2137-trunk-xplkb-1906903878, networkLocation: /default-rack, certSerialId: null}, Type:RATIS, Factor:THREE, State:CLOSED] from datanode 6955b3b9-1fa4-46c5-a946-8e67bfb83506{ip: 192.168.157.246, host: pr-hdds-2137-trunk-xplkb-1906903878, networkLocation: /default-rack, certSerialId: null}. Reason : 6955b3b9-1fa4-46c5-a946-8e67bfb83506 has not seen follower/s 07201f0e-3a1c-4c3e-af2c-9eb1e9c35520 for 174866ms 92cc866f-2236-4b73-b0be-e1c51e7c2e55 for 174869ms
2019-09-18 08:47:10,864 [EventQueue-PipelineActionsForPipelineActionHandler] INFO  pipeline.SCMPipelineManager (SCMPipelineManager.java:finalizeAndDestroyPipeline(311)) - destroying pipeline:Pipeline[ Id: ddebc52c-51fe-4f49-932a-a544ecbe184e, Nodes: 07201f0e-3a1c-4c3e-af2c-9eb1e9c35520{ip: 192.168.157.246, host: pr-hdds-2137-trunk-xplkb-1906903878, networkLocation: /default-rack, certSerialId: null}6955b3b9-1fa4-46c5-a946-8e67bfb83506{ip: 192.168.157.246, host: pr-hdds-2137-trunk-xplkb-1906903878, networkLocation: /default-rack, certSerialId: null}92cc866f-2236-4b73-b0be-e1c51e7c2e55{ip: 192.168.157.246, host: pr-hdds-2137-trunk-xplkb-1906903878, networkLocation: /default-rack, certSerialId: null}, Type:RATIS, Factor:THREE, State:CLOSED]
2019-09-18 08:47:12,394 [org.apache.ratis.server.impl.LogAppender$AppenderDaemon$$Lambda$505/1942826489@4e1c7b3] ERROR ratis.XceiverServerRatis (XceiverServerRatis.java:triggerPipelineClose(575)) - pipeline Action CLOSE  on pipeline PipelineID=ddebc52c-51fe-4f49-932a-a544ecbe184e.Reason : 6955b3b9-1fa4-46c5-a946-8e67bfb83506 has not seen follower/s 07201f0e-3a1c-4c3e-af2c-9eb1e9c35520 for 177368ms 92cc866f-2236-4b73-b0be-e1c51e7c2e55 for 177370ms
2019-09-18 08:47:12,399 [org.apache.ratis.server.impl.LogAppender$AppenderDaemon$$Lambda$505/1942826489@305171a0] ERROR ratis.XceiverServerRatis (XceiverServerRatis.java:triggerPipelineClose(575)) - pipeline Action CLOSE  on pipeline PipelineID=ddebc52c-51fe-4f49-932a-a544ecbe184e.Reason : 6955b3b9-1fa4-46c5-a946-8e67bfb83506 has not seen follower/s 07201f0e-3a1c-4c3e-af2c-9eb1e9c35520 for 177374ms 92cc866f-2236-4b73-b0be-e1c51e7c2e55 for 177376ms
2019-09-18 08:47:12,864 [EventQueue-PipelineActionsForPipelineActionHandler] ERROR pipeline.PipelineActionHandler (PipelineActionHandler.java:onMessage(60)) - Received pipeline action CLOSE for Pipeline[ Id: ddebc52c-51fe-4f49-932a-a544ecbe184e, Nodes: 07201f0e-3a1c-4c3e-af2c-9eb1e9c35520{ip: 192.168.157.246, host: pr-hdds-2137-trunk-xplkb-1906903878, networkLocation: /default-rack, certSerialId: null}6955b3b9-1fa4-46c5-a946-8e67bfb83506{ip: 192.168.157.246, host: pr-hdds-2137-trunk-xplkb-1906903878, networkLocation: /default-rack, certSerialId: null}92cc866f-2236-4b73-b0be-e1c51e7c2e55{ip: 192.168.157.246, host: pr-hdds-2137-trunk-xplkb-1906903878, networkLocation: /default-rack, certSerialId: null}, Type:RATIS, Factor:THREE, State:CLOSED] from datanode 6955b3b9-1fa4-46c5-a946-8e67bfb83506{ip: 192.168.157.246, host: pr-hdds-2137-trunk-xplkb-1906903878, networkLocation: /default-rack, certSerialId: null}. Reason : 6955b3b9-1fa4-46c5-a946-8e67bfb83506 has not seen follower/s 07201f0e-3a1c-4c3e-af2c-9eb1e9c35520 for 177368ms 92cc866f-2236-4b73-b0be-e1c51e7c2e55 for 177370ms
2019-09-18 08:47:12,865 [EventQueue-PipelineActionsForPipelineActionHandler] INFO  pipeline.SCMPipelineManager (SCMPipelineManager.java:finalizeAndDestroyPipeline(311)) - destroying pipeline:Pipeline[ Id: ddebc52c-51fe-4f49-932a-a544ecbe184e, Nodes: 07201f0e-3a1c-4c3e-af2c-9eb1e9c35520{ip: 192.168.157.246, host: pr-hdds-2137-trunk-xplkb-1906903878, networkLocation: /default-rack, certSerialId: null}6955b3b9-1fa4-46c5-a946-8e67bfb83506{ip: 192.168.157.246, host: pr-hdds-2137-trunk-xplkb-1906903878, networkLocation: /default-rack, certSerialId: null}92cc866f-2236-4b73-b0be-e1c51e7c2e55{ip: 192.168.157.246, host: pr-hdds-2137-trunk-xplkb-1906903878, networkLocation: /default-rack, certSerialId: null}, Type:RATIS, Factor:THREE, State:CLOSED]
2019-09-18 08:47:12,892 [java.util.concurrent.ThreadPoolExecutor$Worker@176e0382[State = -1, empty queue]] WARN  server.GrpcLogAppender (GrpcLogAppender.java:timeoutAppendRequest(200)) - 6955b3b9-1fa4-46c5-a946-8e67bfb83506@group-A544ECBE184E->07201f0e-3a1c-4c3e-af2c-9eb1e9c35520-GrpcLogAppender: appendEntries Timeout, request=6955b3b9-1fa4-46c5-a946-8e67bfb83506->07201f0e-3a1c-4c3e-af2c-9eb1e9c35520#81-t1, previous=(t:1, i:12), leaderCommit=6, initializing? false, entries: <empty>
2019-09-18 08:47:12,899 [java.util.concurrent.ThreadPoolExecutor$Worker@4c0ad070[State = -1, empty queue]] WARN  server.GrpcLogAppender (GrpcLogAppender.java:timeoutAppendRequest(200)) - 6955b3b9-1fa4-46c5-a946-8e67bfb83506@group-A544ECBE184E->92cc866f-2236-4b73-b0be-e1c51e7c2e55-GrpcLogAppender: appendEntries Timeout, request=6955b3b9-1fa4-46c5-a946-8e67bfb83506->92cc866f-2236-4b73-b0be-e1c51e7c2e55#81-t1, previous=(t:1, i:12), leaderCommit=6, initializing? false, entries: <empty>
2019-09-18 08:47:14,649 [grpc-default-executor-5] INFO  client.GrpcClientProtocolClient (GrpcClientProtocolClient.java:onNext(264)) - client-B113CCFDDDA0->92cc866f-2236-4b73-b0be-e1c51e7c2e55: receive RaftClientReply:client-B113CCFDDDA0->92cc866f-2236-4b73-b0be-e1c51e7c2e55@group-A544ECBE184E, cid=16, FAILED org.apache.ratis.protocol.NotLeaderException: Server 92cc866f-2236-4b73-b0be-e1c51e7c2e55@group-A544ECBE184E is not the leader 6955b3b9-1fa4-46c5-a946-8e67bfb83506:192.168.157.246:34451, logIndex=0, commits[92cc866f-2236-4b73-b0be-e1c51e7c2e55:c6, 6955b3b9-1fa4-46c5-a946-8e67bfb83506:c6, 07201f0e-3a1c-4c3e-af2c-9eb1e9c35520:c4]
2019-09-18 08:47:14,894 [org.apache.ratis.server.impl.LogAppender$AppenderDaemon$$Lambda$505/1942826489@4e1c7b3] ERROR ratis.XceiverServerRatis (XceiverServerRatis.java:triggerPipelineClose(575)) - pipeline Action CLOSE  on pipeline PipelineID=ddebc52c-51fe-4f49-932a-a544ecbe184e.Reason : 6955b3b9-1fa4-46c5-a946-8e67bfb83506 has not seen follower/s 07201f0e-3a1c-4c3e-af2c-9eb1e9c35520 for 179868ms 92cc866f-2236-4b73-b0be-e1c51e7c2e55 for 179870ms
2019-09-18 08:47:14,900 [org.apache.ratis.server.impl.LogAppender$AppenderDaemon$$Lambda$505/1942826489@305171a0] ERROR ratis.XceiverServerRatis (XceiverServerRatis.java:triggerPipelineClose(575)) - pipeline Action CLOSE  on pipeline PipelineID=ddebc52c-51fe-4f49-932a-a544ecbe184e.Reason : 6955b3b9-1fa4-46c5-a946-8e67bfb83506 has not seen follower/s 07201f0e-3a1c-4c3e-af2c-9eb1e9c35520 for 179874ms 92cc866f-2236-4b73-b0be-e1c51e7c2e55 for 179877ms
2019-09-18 08:47:15,394 [java.util.concurrent.ThreadPoolExecutor$Worker@176e0382[State = -1, empty queue]] WARN  server.GrpcLogAppender (GrpcLogAppender.java:timeoutAppendRequest(200)) - 6955b3b9-1fa4-46c5-a946-8e67bfb83506@group-A544ECBE184E->07201f0e-3a1c-4c3e-af2c-9eb1e9c35520-GrpcLogAppender: appendEntries Timeout, request=6955b3b9-1fa4-46c5-a946-8e67bfb83506->07201f0e-3a1c-4c3e-af2c-9eb1e9c35520#82-t1, previous=(t:1, i:12), leaderCommit=6, initializing? false, entries: <empty>
2019-09-18 08:47:15,400 [java.util.concurrent.ThreadPoolExecutor$Worker@4c0ad070[State = -1, empty queue]] WARN  server.GrpcLogAppender (GrpcLogAppender.java:timeoutAppendRequest(200)) - 6955b3b9-1fa4-46c5-a946-8e67bfb83506@group-A544ECBE184E->92cc866f-2236-4b73-b0be-e1c51e7c2e55-GrpcLogAppender: appendEntries Timeout, request=6955b3b9-1fa4-46c5-a946-8e67bfb83506->92cc866f-2236-4b73-b0be-e1c51e7c2e55#82-t1, previous=(t:1, i:12), leaderCommit=6, initializing? false, entries: <empty>
2019-09-18 08:47:15,866 [EventQueue-PipelineActionsForPipelineActionHandler] ERROR pipeline.PipelineActionHandler (PipelineActionHandler.java:onMessage(60)) - Received pipeline action CLOSE for Pipeline[ Id: ddebc52c-51fe-4f49-932a-a544ecbe184e, Nodes: 07201f0e-3a1c-4c3e-af2c-9eb1e9c35520{ip: 192.168.157.246, host: pr-hdds-2137-trunk-xplkb-1906903878, networkLocation: /default-rack, certSerialId: null}6955b3b9-1fa4-46c5-a946-8e67bfb83506{ip: 192.168.157.246, host: pr-hdds-2137-trunk-xplkb-1906903878, networkLocation: /default-rack, certSerialId: null}92cc866f-2236-4b73-b0be-e1c51e7c2e55{ip: 192.168.157.246, host: pr-hdds-2137-trunk-xplkb-1906903878, networkLocation: /default-rack, certSerialId: null}, Type:RATIS, Factor:THREE, State:CLOSED] from datanode 6955b3b9-1fa4-46c5-a946-8e67bfb83506{ip: 192.168.157.246, host: pr-hdds-2137-trunk-xplkb-1906903878, networkLocation: /default-rack, certSerialId: null}. Reason : 6955b3b9-1fa4-46c5-a946-8e67bfb83506 has not seen follower/s 07201f0e-3a1c-4c3e-af2c-9eb1e9c35520 for 179868ms 92cc866f-2236-4b73-b0be-e1c51e7c2e55 for 179870ms
2019-09-18 08:47:15,866 [EventQueue-PipelineActionsForPipelineActionHandler] INFO  pipeline.SCMPipelineManager (SCMPipelineManager.java:finalizeAndDestroyPipeline(311)) - destroying pipeline:Pipeline[ Id: ddebc52c-51fe-4f49-932a-a544ecbe184e, Nodes: 07201f0e-3a1c-4c3e-af2c-9eb1e9c35520{ip: 192.168.157.246, host: pr-hdds-2137-trunk-xplkb-1906903878, networkLocation: /default-rack, certSerialId: null}6955b3b9-1fa4-46c5-a946-8e67bfb83506{ip: 192.168.157.246, host: pr-hdds-2137-trunk-xplkb-1906903878, networkLocation: /default-rack, certSerialId: null}92cc866f-2236-4b73-b0be-e1c51e7c2e55{ip: 192.168.157.246, host: pr-hdds-2137-trunk-xplkb-1906903878, networkLocation: /default-rack, certSerialId: null}, Type:RATIS, Factor:THREE, State:CLOSED]
2019-09-18 08:47:17,396 [org.apache.ratis.server.impl.LogAppender$AppenderDaemon$$Lambda$505/1942826489@4e1c7b3] ERROR ratis.XceiverServerRatis (XceiverServerRatis.java:triggerPipelineClose(575)) - pipeline Action CLOSE  on pipeline PipelineID=ddebc52c-51fe-4f49-932a-a544ecbe184e.Reason : 6955b3b9-1fa4-46c5-a946-8e67bfb83506 has not seen follower/s 07201f0e-3a1c-4c3e-af2c-9eb1e9c35520 for 182370ms 92cc866f-2236-4b73-b0be-e1c51e7c2e55 for 182372ms
2019-09-18 08:47:17,401 [org.apache.ratis.server.impl.LogAppender$AppenderDaemon$$Lambda$505/1942826489@305171a0] ERROR ratis.XceiverServerRatis (XceiverServerRatis.java:triggerPipelineClose(575)) - pipeline Action CLOSE  on pipeline PipelineID=ddebc52c-51fe-4f49-932a-a544ecbe184e.Reason : 6955b3b9-1fa4-46c5-a946-8e67bfb83506 has not seen follower/s 07201f0e-3a1c-4c3e-af2c-9eb1e9c35520 for 182375ms 92cc866f-2236-4b73-b0be-e1c51e7c2e55 for 182377ms
2019-09-18 08:47:17,865 [07201f0e-3a1c-4c3e-af2c-9eb1e9c35520@group-A544ECBE184E-SegmentedRaftLogWorker] WARN  segmented.SegmentedRaftLogWorker (SegmentedRaftLogWorker.java:getFromFuture(90)) - Timeout 17/~
org.apache.ratis.protocol.TimeoutIOException: Timeout 10s: WriteLog:8: (t:1, i:8), STATEMACHINELOGENTRY, client-B113CCFDDDA0, cid=17-writeStateMachineData
	at org.apache.ratis.util.IOUtils.getFromFuture(IOUtils.java:87)
	at org.apache.ratis.server.raftlog.segmented.SegmentedRaftLogWorker$StateMachineDataPolicy.getFromFuture(SegmentedRaftLogWorker.java:87)
	at org.apache.ratis.server.raftlog.segmented.SegmentedRaftLogWorker$WriteLog.execute(SegmentedRaftLogWorker.java:477)
	at org.apache.ratis.server.raftlog.segmented.SegmentedRaftLogWorker.run(SegmentedRaftLogWorker.java:289)
	at java.lang.Thread.run(Thread.java:748)
Caused by: java.util.concurrent.TimeoutException
	at java.util.concurrent.CompletableFuture.timedGet(CompletableFuture.java:1771)
	at java.util.concurrent.CompletableFuture.get(CompletableFuture.java:1915)
	at org.apache.ratis.util.IOUtils.getFromFuture(IOUtils.java:79)
	... 4 more
2019-09-18 08:47:17,866 [EventQueue-PipelineActionsForPipelineActionHandler] ERROR pipeline.PipelineActionHandler (PipelineActionHandler.java:onMessage(60)) - Received pipeline action CLOSE for Pipeline[ Id: ddebc52c-51fe-4f49-932a-a544ecbe184e, Nodes: 07201f0e-3a1c-4c3e-af2c-9eb1e9c35520{ip: 192.168.157.246, host: pr-hdds-2137-trunk-xplkb-1906903878, networkLocation: /default-rack, certSerialId: null}6955b3b9-1fa4-46c5-a946-8e67bfb83506{ip: 192.168.157.246, host: pr-hdds-2137-trunk-xplkb-1906903878, networkLocation: /default-rack, certSerialId: null}92cc866f-2236-4b73-b0be-e1c51e7c2e55{ip: 192.168.157.246, host: pr-hdds-2137-trunk-xplkb-1906903878, networkLocation: /default-rack, certSerialId: null}, Type:RATIS, Factor:THREE, State:CLOSED] from datanode 6955b3b9-1fa4-46c5-a946-8e67bfb83506{ip: 192.168.157.246, host: pr-hdds-2137-trunk-xplkb-1906903878, networkLocation: /default-rack, certSerialId: null}. Reason : 6955b3b9-1fa4-46c5-a946-8e67bfb83506 has not seen follower/s 07201f0e-3a1c-4c3e-af2c-9eb1e9c35520 for 182370ms 92cc866f-2236-4b73-b0be-e1c51e7c2e55 for 182372ms
2019-09-18 08:47:17,867 [EventQueue-PipelineActionsForPipelineActionHandler] INFO  pipeline.SCMPipelineManager (SCMPipelineManager.java:finalizeAndDestroyPipeline(311)) - destroying pipeline:Pipeline[ Id: ddebc52c-51fe-4f49-932a-a544ecbe184e, Nodes: 07201f0e-3a1c-4c3e-af2c-9eb1e9c35520{ip: 192.168.157.246, host: pr-hdds-2137-trunk-xplkb-1906903878, networkLocation: /default-rack, certSerialId: null}6955b3b9-1fa4-46c5-a946-8e67bfb83506{ip: 192.168.157.246, host: pr-hdds-2137-trunk-xplkb-1906903878, networkLocation: /default-rack, certSerialId: null}92cc866f-2236-4b73-b0be-e1c51e7c2e55{ip: 192.168.157.246, host: pr-hdds-2137-trunk-xplkb-1906903878, networkLocation: /default-rack, certSerialId: null}, Type:RATIS, Factor:THREE, State:CLOSED]
2019-09-18 08:47:17,894 [java.util.concurrent.ThreadPoolExecutor$Worker@176e0382[State = -1, empty queue]] WARN  server.GrpcLogAppender (GrpcLogAppender.java:timeoutAppendRequest(200)) - 6955b3b9-1fa4-46c5-a946-8e67bfb83506@group-A544ECBE184E->07201f0e-3a1c-4c3e-af2c-9eb1e9c35520-GrpcLogAppender: appendEntries Timeout, request=6955b3b9-1fa4-46c5-a946-8e67bfb83506->07201f0e-3a1c-4c3e-af2c-9eb1e9c35520#83-t1, previous=(t:1, i:12), leaderCommit=6, initializing? false, entries: <empty>
2019-09-18 08:47:17,900 [java.util.concurrent.ThreadPoolExecutor$Worker@4c0ad070[State = -1, empty queue]] WARN  server.GrpcLogAppender (GrpcLogAppender.java:timeoutAppendRequest(200)) - 6955b3b9-1fa4-46c5-a946-8e67bfb83506@group-A544ECBE184E->92cc866f-2236-4b73-b0be-e1c51e7c2e55-GrpcLogAppender: appendEntries Timeout, request=6955b3b9-1fa4-46c5-a946-8e67bfb83506->92cc866f-2236-4b73-b0be-e1c51e7c2e55#83-t1, previous=(t:1, i:12), leaderCommit=6, initializing? false, entries: <empty>
2019-09-18 08:47:17,918 [92cc866f-2236-4b73-b0be-e1c51e7c2e55@group-A544ECBE184E-SegmentedRaftLogWorker] WARN  segmented.SegmentedRaftLogWorker (SegmentedRaftLogWorker.java:getFromFuture(90)) - Timeout 17/~
org.apache.ratis.protocol.TimeoutIOException: Timeout 10s: WriteLog:8: (t:1, i:8), STATEMACHINELOGENTRY, client-B113CCFDDDA0, cid=17-writeStateMachineData
	at org.apache.ratis.util.IOUtils.getFromFuture(IOUtils.java:87)
	at org.apache.ratis.server.raftlog.segmented.SegmentedRaftLogWorker$StateMachineDataPolicy.getFromFuture(SegmentedRaftLogWorker.java:87)
	at org.apache.ratis.server.raftlog.segmented.SegmentedRaftLogWorker$WriteLog.execute(SegmentedRaftLogWorker.java:477)
	at org.apache.ratis.server.raftlog.segmented.SegmentedRaftLogWorker.run(SegmentedRaftLogWorker.java:289)
	at java.lang.Thread.run(Thread.java:748)
Caused by: java.util.concurrent.TimeoutException
	at java.util.concurrent.CompletableFuture.timedGet(CompletableFuture.java:1771)
	at java.util.concurrent.CompletableFuture.get(CompletableFuture.java:1915)
	at org.apache.ratis.util.IOUtils.getFromFuture(IOUtils.java:79)
	... 4 more
2019-09-18 08:47:17,919 [6955b3b9-1fa4-46c5-a946-8e67bfb83506@group-A544ECBE184E-SegmentedRaftLogWorker] WARN  segmented.SegmentedRaftLogWorker (SegmentedRaftLogWorker.java:getFromFuture(90)) - Timeout 17/~
org.apache.ratis.protocol.TimeoutIOException: Timeout 10s: WriteLog:8: (t:1, i:8), STATEMACHINELOGENTRY, client-B113CCFDDDA0, cid=17-writeStateMachineData
	at org.apache.ratis.util.IOUtils.getFromFuture(IOUtils.java:87)
	at org.apache.ratis.server.raftlog.segmented.SegmentedRaftLogWorker$StateMachineDataPolicy.getFromFuture(SegmentedRaftLogWorker.java:87)
	at org.apache.ratis.server.raftlog.segmented.SegmentedRaftLogWorker$WriteLog.execute(SegmentedRaftLogWorker.java:477)
	at org.apache.ratis.server.raftlog.segmented.SegmentedRaftLogWorker.run(SegmentedRaftLogWorker.java:289)
	at java.lang.Thread.run(Thread.java:748)
Caused by: java.util.concurrent.TimeoutException
	at java.util.concurrent.CompletableFuture.timedGet(CompletableFuture.java:1771)
	at java.util.concurrent.CompletableFuture.get(CompletableFuture.java:1915)
	at org.apache.ratis.util.IOUtils.getFromFuture(IOUtils.java:79)
	... 4 more
2019-09-18 08:47:19,701 [grpc-default-executor-0] INFO  client.GrpcClientProtocolClient (GrpcClientProtocolClient.java:onNext(264)) - client-B113CCFDDDA0->92cc866f-2236-4b73-b0be-e1c51e7c2e55: receive RaftClientReply:client-B113CCFDDDA0->92cc866f-2236-4b73-b0be-e1c51e7c2e55@group-A544ECBE184E, cid=16, FAILED org.apache.ratis.protocol.NotLeaderException: Server 92cc866f-2236-4b73-b0be-e1c51e7c2e55@group-A544ECBE184E is not the leader 6955b3b9-1fa4-46c5-a946-8e67bfb83506:192.168.157.246:34451, logIndex=0, commits[92cc866f-2236-4b73-b0be-e1c51e7c2e55:c6, 6955b3b9-1fa4-46c5-a946-8e67bfb83506:c6, 07201f0e-3a1c-4c3e-af2c-9eb1e9c35520:c4]
2019-09-18 08:47:19,897 [org.apache.ratis.server.impl.LogAppender$AppenderDaemon$$Lambda$505/1942826489@4e1c7b3] ERROR ratis.XceiverServerRatis (XceiverServerRatis.java:triggerPipelineClose(575)) - pipeline Action CLOSE  on pipeline PipelineID=ddebc52c-51fe-4f49-932a-a544ecbe184e.Reason : 6955b3b9-1fa4-46c5-a946-8e67bfb83506 has not seen follower/s 07201f0e-3a1c-4c3e-af2c-9eb1e9c35520 for 184871ms 92cc866f-2236-4b73-b0be-e1c51e7c2e55 for 184873ms
2019-09-18 08:47:19,901 [org.apache.ratis.server.impl.LogAppender$AppenderDaemon$$Lambda$505/1942826489@305171a0] ERROR ratis.XceiverServerRatis (XceiverServerRatis.java:triggerPipelineClose(575)) - pipeline Action CLOSE  on pipeline PipelineID=ddebc52c-51fe-4f49-932a-a544ecbe184e.Reason : 6955b3b9-1fa4-46c5-a946-8e67bfb83506 has not seen follower/s 07201f0e-3a1c-4c3e-af2c-9eb1e9c35520 for 184875ms 92cc866f-2236-4b73-b0be-e1c51e7c2e55 for 184878ms
2019-09-18 08:47:20,395 [java.util.concurrent.ThreadPoolExecutor$Worker@176e0382[State = -1, empty queue]] WARN  server.GrpcLogAppender (GrpcLogAppender.java:timeoutAppendRequest(200)) - 6955b3b9-1fa4-46c5-a946-8e67bfb83506@group-A544ECBE184E->07201f0e-3a1c-4c3e-af2c-9eb1e9c35520-GrpcLogAppender: appendEntries Timeout, request=6955b3b9-1fa4-46c5-a946-8e67bfb83506->07201f0e-3a1c-4c3e-af2c-9eb1e9c35520#84-t1, previous=(t:1, i:12), leaderCommit=6, initializing? false, entries: <empty>
2019-09-18 08:47:20,401 [java.util.concurrent.ThreadPoolExecutor$Worker@4c0ad070[State = -1, empty queue]] WARN  server.GrpcLogAppender (GrpcLogAppender.java:timeoutAppendRequest(200)) - 6955b3b9-1fa4-46c5-a946-8e67bfb83506@group-A544ECBE184E->92cc866f-2236-4b73-b0be-e1c51e7c2e55-GrpcLogAppender: appendEntries Timeout, request=6955b3b9-1fa4-46c5-a946-8e67bfb83506->92cc866f-2236-4b73-b0be-e1c51e7c2e55#84-t1, previous=(t:1, i:12), leaderCommit=6, initializing? false, entries: <empty>
2019-09-18 08:47:20,865 [EventQueue-PipelineActionsForPipelineActionHandler] ERROR pipeline.PipelineActionHandler (PipelineActionHandler.java:onMessage(60)) - Received pipeline action CLOSE for Pipeline[ Id: ddebc52c-51fe-4f49-932a-a544ecbe184e, Nodes: 07201f0e-3a1c-4c3e-af2c-9eb1e9c35520{ip: 192.168.157.246, host: pr-hdds-2137-trunk-xplkb-1906903878, networkLocation: /default-rack, certSerialId: null}6955b3b9-1fa4-46c5-a946-8e67bfb83506{ip: 192.168.157.246, host: pr-hdds-2137-trunk-xplkb-1906903878, networkLocation: /default-rack, certSerialId: null}92cc866f-2236-4b73-b0be-e1c51e7c2e55{ip: 192.168.157.246, host: pr-hdds-2137-trunk-xplkb-1906903878, networkLocation: /default-rack, certSerialId: null}, Type:RATIS, Factor:THREE, State:CLOSED] from datanode 6955b3b9-1fa4-46c5-a946-8e67bfb83506{ip: 192.168.157.246, host: pr-hdds-2137-trunk-xplkb-1906903878, networkLocation: /default-rack, certSerialId: null}. Reason : 6955b3b9-1fa4-46c5-a946-8e67bfb83506 has not seen follower/s 07201f0e-3a1c-4c3e-af2c-9eb1e9c35520 for 184871ms 92cc866f-2236-4b73-b0be-e1c51e7c2e55 for 184873ms
2019-09-18 08:47:20,866 [EventQueue-PipelineActionsForPipelineActionHandler] INFO  pipeline.SCMPipelineManager (SCMPipelineManager.java:finalizeAndDestroyPipeline(311)) - destroying pipeline:Pipeline[ Id: ddebc52c-51fe-4f49-932a-a544ecbe184e, Nodes: 07201f0e-3a1c-4c3e-af2c-9eb1e9c35520{ip: 192.168.157.246, host: pr-hdds-2137-trunk-xplkb-1906903878, networkLocation: /default-rack, certSerialId: null}6955b3b9-1fa4-46c5-a946-8e67bfb83506{ip: 192.168.157.246, host: pr-hdds-2137-trunk-xplkb-1906903878, networkLocation: /default-rack, certSerialId: null}92cc866f-2236-4b73-b0be-e1c51e7c2e55{ip: 192.168.157.246, host: pr-hdds-2137-trunk-xplkb-1906903878, networkLocation: /default-rack, certSerialId: null}, Type:RATIS, Factor:THREE, State:CLOSED]
2019-09-18 08:47:22,399 [org.apache.ratis.server.impl.LogAppender$AppenderDaemon$$Lambda$505/1942826489@4e1c7b3] ERROR ratis.XceiverServerRatis (XceiverServerRatis.java:triggerPipelineClose(575)) - pipeline Action CLOSE  on pipeline PipelineID=ddebc52c-51fe-4f49-932a-a544ecbe184e.Reason : 6955b3b9-1fa4-46c5-a946-8e67bfb83506 has not seen follower/s 07201f0e-3a1c-4c3e-af2c-9eb1e9c35520 for 187373ms 92cc866f-2236-4b73-b0be-e1c51e7c2e55 for 187375ms
2019-09-18 08:47:22,402 [org.apache.ratis.server.impl.LogAppender$AppenderDaemon$$Lambda$505/1942826489@305171a0] ERROR ratis.XceiverServerRatis (XceiverServerRatis.java:triggerPipelineClose(575)) - pipeline Action CLOSE  on pipeline PipelineID=ddebc52c-51fe-4f49-932a-a544ecbe184e.Reason : 6955b3b9-1fa4-46c5-a946-8e67bfb83506 has not seen follower/s 07201f0e-3a1c-4c3e-af2c-9eb1e9c35520 for 187376ms 92cc866f-2236-4b73-b0be-e1c51e7c2e55 for 187378ms
2019-09-18 08:47:22,866 [EventQueue-PipelineActionsForPipelineActionHandler] ERROR pipeline.PipelineActionHandler (PipelineActionHandler.java:onMessage(60)) - Received pipeline action CLOSE for Pipeline[ Id: ddebc52c-51fe-4f49-932a-a544ecbe184e, Nodes: 07201f0e-3a1c-4c3e-af2c-9eb1e9c35520{ip: 192.168.157.246, host: pr-hdds-2137-trunk-xplkb-1906903878, networkLocation: /default-rack, certSerialId: null}6955b3b9-1fa4-46c5-a946-8e67bfb83506{ip: 192.168.157.246, host: pr-hdds-2137-trunk-xplkb-1906903878, networkLocation: /default-rack, certSerialId: null}92cc866f-2236-4b73-b0be-e1c51e7c2e55{ip: 192.168.157.246, host: pr-hdds-2137-trunk-xplkb-1906903878, networkLocation: /default-rack, certSerialId: null}, Type:RATIS, Factor:THREE, State:CLOSED] from datanode 6955b3b9-1fa4-46c5-a946-8e67bfb83506{ip: 192.168.157.246, host: pr-hdds-2137-trunk-xplkb-1906903878, networkLocation: /default-rack, certSerialId: null}. Reason : 6955b3b9-1fa4-46c5-a946-8e67bfb83506 has not seen follower/s 07201f0e-3a1c-4c3e-af2c-9eb1e9c35520 for 187373ms 92cc866f-2236-4b73-b0be-e1c51e7c2e55 for 187375ms
2019-09-18 08:47:22,867 [EventQueue-PipelineActionsForPipelineActionHandler] INFO  pipeline.SCMPipelineManager (SCMPipelineManager.java:finalizeAndDestroyPipeline(311)) - destroying pipeline:Pipeline[ Id: ddebc52c-51fe-4f49-932a-a544ecbe184e, Nodes: 07201f0e-3a1c-4c3e-af2c-9eb1e9c35520{ip: 192.168.157.246, host: pr-hdds-2137-trunk-xplkb-1906903878, networkLocation: /default-rack, certSerialId: null}6955b3b9-1fa4-46c5-a946-8e67bfb83506{ip: 192.168.157.246, host: pr-hdds-2137-trunk-xplkb-1906903878, networkLocation: /default-rack, certSerialId: null}92cc866f-2236-4b73-b0be-e1c51e7c2e55{ip: 192.168.157.246, host: pr-hdds-2137-trunk-xplkb-1906903878, networkLocation: /default-rack, certSerialId: null}, Type:RATIS, Factor:THREE, State:CLOSED]
2019-09-18 08:47:22,897 [java.util.concurrent.ThreadPoolExecutor$Worker@176e0382[State = -1, empty queue]] WARN  server.GrpcLogAppender (GrpcLogAppender.java:timeoutAppendRequest(200)) - 6955b3b9-1fa4-46c5-a946-8e67bfb83506@group-A544ECBE184E->07201f0e-3a1c-4c3e-af2c-9eb1e9c35520-GrpcLogAppender: appendEntries Timeout, request=6955b3b9-1fa4-46c5-a946-8e67bfb83506->07201f0e-3a1c-4c3e-af2c-9eb1e9c35520#85-t1, previous=(t:1, i:12), leaderCommit=6, initializing? false, entries: <empty>
2019-09-18 08:47:22,901 [java.util.concurrent.ThreadPoolExecutor$Worker@4c0ad070[State = -1, empty queue]] WARN  server.GrpcLogAppender (GrpcLogAppender.java:timeoutAppendRequest(200)) - 6955b3b9-1fa4-46c5-a946-8e67bfb83506@group-A544ECBE184E->92cc866f-2236-4b73-b0be-e1c51e7c2e55-GrpcLogAppender: appendEntries Timeout, request=6955b3b9-1fa4-46c5-a946-8e67bfb83506->92cc866f-2236-4b73-b0be-e1c51e7c2e55#85-t1, previous=(t:1, i:12), leaderCommit=6, initializing? false, entries: <empty>
2019-09-18 08:47:23,870 [grpc-default-executor-0] INFO  impl.RaftServerProxy (RaftServerProxy.java:remove(95)) - 07201f0e-3a1c-4c3e-af2c-9eb1e9c35520: remove  FOLLOWER 07201f0e-3a1c-4c3e-af2c-9eb1e9c35520@group-A544ECBE184E:t1, leader=6955b3b9-1fa4-46c5-a946-8e67bfb83506, voted=6955b3b9-1fa4-46c5-a946-8e67bfb83506, raftlog=07201f0e-3a1c-4c3e-af2c-9eb1e9c35520@group-A544ECBE184E-SegmentedRaftLog:OPENED:c6,f6,i12, conf=0: [6955b3b9-1fa4-46c5-a946-8e67bfb83506:192.168.157.246:34451, 07201f0e-3a1c-4c3e-af2c-9eb1e9c35520:192.168.157.246:39492, 92cc866f-2236-4b73-b0be-e1c51e7c2e55:192.168.157.246:35640], old=null RUNNING
2019-09-18 08:47:23,874 [grpc-default-executor-0] INFO  impl.RaftServerImpl (RaftServerImpl.java:lambda$shutdown$3(251)) - 07201f0e-3a1c-4c3e-af2c-9eb1e9c35520@group-A544ECBE184E: shutdown
2019-09-18 08:47:23,875 [grpc-default-executor-0] INFO  util.JmxRegister (JmxRegister.java:unregister(73)) - Successfully un-registered JMX Bean with object name Ratis:service=RaftServer,group=group-A544ECBE184E,id=07201f0e-3a1c-4c3e-af2c-9eb1e9c35520
2019-09-18 08:47:23,875 [grpc-default-executor-0] INFO  impl.RoleInfo (RoleInfo.java:shutdownFollowerState(121)) - 07201f0e-3a1c-4c3e-af2c-9eb1e9c35520: shutdown FollowerState
2019-09-18 08:47:23,875 [grpc-default-executor-0] INFO  impl.StateMachineUpdater (StateMachineUpdater.java:stopAndJoin(125)) - 07201f0e-3a1c-4c3e-af2c-9eb1e9c35520@group-A544ECBE184E-StateMachineUpdater: set stopIndex = 6
2019-09-18 08:47:23,875 [Thread-308] INFO  impl.FollowerState (FollowerState.java:run(115)) - 07201f0e-3a1c-4c3e-af2c-9eb1e9c35520: FollowerState was interrupted: java.lang.InterruptedException: sleep interrupted
2019-09-18 08:47:23,876 [07201f0e-3a1c-4c3e-af2c-9eb1e9c35520@group-A544ECBE184E-StateMachineUpdater] INFO  ratis.ContainerStateMachine (ContainerStateMachine.java:takeSnapshot(289)) - group-A544ECBE184E: Taking a snapshot at:(t:1, i:4) file /workdir/hadoop-ozone/integration-test/target/test-dir/MiniOzoneClusterImpl-02ae093f-2137-4f54-abf4-d0f1fad2b35e/datanode-1/data/ratis/ddebc52c-51fe-4f49-932a-a544ecbe184e/sm/snapshot.1_4
2019-09-18 08:47:23,917 [07201f0e-3a1c-4c3e-af2c-9eb1e9c35520@group-A544ECBE184E-StateMachineUpdater] INFO  ratis.ContainerStateMachine (ContainerStateMachine.java:takeSnapshot(300)) - group-A544ECBE184E: Finished taking a snapshot at:(t:1, i:4) file:/workdir/hadoop-ozone/integration-test/target/test-dir/MiniOzoneClusterImpl-02ae093f-2137-4f54-abf4-d0f1fad2b35e/datanode-1/data/ratis/ddebc52c-51fe-4f49-932a-a544ecbe184e/sm/snapshot.1_4 time:42
2019-09-18 08:47:23,925 [07201f0e-3a1c-4c3e-af2c-9eb1e9c35520@group-A544ECBE184E-StateMachineUpdater] INFO  impl.StateMachineUpdater (StateMachineUpdater.java:takeSnapshot(258)) - 07201f0e-3a1c-4c3e-af2c-9eb1e9c35520@group-A544ECBE184E-StateMachineUpdater: Took a snapshot at index 4
2019-09-18 08:47:23,928 [07201f0e-3a1c-4c3e-af2c-9eb1e9c35520@group-A544ECBE184E-StateMachineUpdater] INFO  impl.StateMachineUpdater (StateMachineUpdater.java:lambda$new$0(83)) - 07201f0e-3a1c-4c3e-af2c-9eb1e9c35520@group-A544ECBE184E-StateMachineUpdater: snapshotIndex: updateIncreasingly -1 -> 4
2019-09-18 08:47:23,932 [07201f0e-3a1c-4c3e-af2c-9eb1e9c35520@group-A544ECBE184E-StateMachineUpdater] INFO  ratis.ContainerStateMachine (ContainerStateMachine.java:takeSnapshot(289)) - group-A544ECBE184E: Taking a snapshot at:(t:1, i:4) file /workdir/hadoop-ozone/integration-test/target/test-dir/MiniOzoneClusterImpl-02ae093f-2137-4f54-abf4-d0f1fad2b35e/datanode-1/data/ratis/ddebc52c-51fe-4f49-932a-a544ecbe184e/sm/snapshot.1_4
2019-09-18 08:47:23,945 [07201f0e-3a1c-4c3e-af2c-9eb1e9c35520@group-A544ECBE184E-StateMachineUpdater] INFO  ratis.ContainerStateMachine (ContainerStateMachine.java:takeSnapshot(300)) - group-A544ECBE184E: Finished taking a snapshot at:(t:1, i:4) file:/workdir/hadoop-ozone/integration-test/target/test-dir/MiniOzoneClusterImpl-02ae093f-2137-4f54-abf4-d0f1fad2b35e/datanode-1/data/ratis/ddebc52c-51fe-4f49-932a-a544ecbe184e/sm/snapshot.1_4 time:13
2019-09-18 08:47:23,945 [07201f0e-3a1c-4c3e-af2c-9eb1e9c35520@group-A544ECBE184E-StateMachineUpdater] INFO  impl.StateMachineUpdater (StateMachineUpdater.java:takeSnapshot(258)) - 07201f0e-3a1c-4c3e-af2c-9eb1e9c35520@group-A544ECBE184E-StateMachineUpdater: Took a snapshot at index 4
2019-09-18 08:47:23,946 [07201f0e-3a1c-4c3e-af2c-9eb1e9c35520@group-A544ECBE184E-StateMachineUpdater] INFO  impl.StateMachineUpdater (StateMachineUpdater.java:lambda$new$0(83)) - 07201f0e-3a1c-4c3e-af2c-9eb1e9c35520@group-A544ECBE184E-StateMachineUpdater: snapshotIndex: updateIncreasingly 4 -> 4
2019-09-18 08:47:23,946 [grpc-default-executor-0] INFO  impl.RaftServerImpl (ServerState.java:close(385)) - 07201f0e-3a1c-4c3e-af2c-9eb1e9c35520@group-A544ECBE184E: closes. applyIndex: 6
2019-09-18 08:47:23,965 [07201f0e-3a1c-4c3e-af2c-9eb1e9c35520@group-A544ECBE184E-SegmentedRaftLogWorker] ERROR ratis.XceiverServerRatis (XceiverServerRatis.java:triggerPipelineClose(575)) - pipeline Action CLOSE  on pipeline PipelineID=ddebc52c-51fe-4f49-932a-a544ecbe184e.Reason : WriteLog:8: (t:1, i:8), STATEMACHINELOGENTRY, client-B113CCFDDDA0, cid=17-writeStateMachineData interrupted.
2019-09-18 08:47:23,970 [EventQueue-PipelineActionsForPipelineActionHandler] ERROR pipeline.PipelineActionHandler (PipelineActionHandler.java:onMessage(60)) - Received pipeline action CLOSE for Pipeline[ Id: ddebc52c-51fe-4f49-932a-a544ecbe184e, Nodes: 07201f0e-3a1c-4c3e-af2c-9eb1e9c35520{ip: 192.168.157.246, host: pr-hdds-2137-trunk-xplkb-1906903878, networkLocation: /default-rack, certSerialId: null}6955b3b9-1fa4-46c5-a946-8e67bfb83506{ip: 192.168.157.246, host: pr-hdds-2137-trunk-xplkb-1906903878, networkLocation: /default-rack, certSerialId: null}92cc866f-2236-4b73-b0be-e1c51e7c2e55{ip: 192.168.157.246, host: pr-hdds-2137-trunk-xplkb-1906903878, networkLocation: /default-rack, certSerialId: null}, Type:RATIS, Factor:THREE, State:CLOSED] from datanode 07201f0e-3a1c-4c3e-af2c-9eb1e9c35520{ip: 192.168.157.246, host: pr-hdds-2137-trunk-xplkb-1906903878, networkLocation: /default-rack, certSerialId: null}. Reason : WriteLog:8: (t:1, i:8), STATEMACHINELOGENTRY, client-B113CCFDDDA0, cid=17-writeStateMachineData interrupted.
2019-09-18 08:47:23,971 [EventQueue-PipelineActionsForPipelineActionHandler] INFO  pipeline.SCMPipelineManager (SCMPipelineManager.java:finalizeAndDestroyPipeline(311)) - destroying pipeline:Pipeline[ Id: ddebc52c-51fe-4f49-932a-a544ecbe184e, Nodes: 07201f0e-3a1c-4c3e-af2c-9eb1e9c35520{ip: 192.168.157.246, host: pr-hdds-2137-trunk-xplkb-1906903878, networkLocation: /default-rack, certSerialId: null}6955b3b9-1fa4-46c5-a946-8e67bfb83506{ip: 192.168.157.246, host: pr-hdds-2137-trunk-xplkb-1906903878, networkLocation: /default-rack, certSerialId: null}92cc866f-2236-4b73-b0be-e1c51e7c2e55{ip: 192.168.157.246, host: pr-hdds-2137-trunk-xplkb-1906903878, networkLocation: /default-rack, certSerialId: null}, Type:RATIS, Factor:THREE, State:CLOSED]
2019-09-18 08:47:23,981 [grpc-default-executor-0] INFO  segmented.SegmentedRaftLogWorker (SegmentedRaftLogWorker.java:close(228)) - 07201f0e-3a1c-4c3e-af2c-9eb1e9c35520@group-A544ECBE184E-SegmentedRaftLogWorker close()
2019-09-18 08:47:24,004 [grpc-default-executor-0] INFO  interfaces.Container (KeyValueContainer.java:flushAndSyncDB(386)) - Container 1 is synced with bcsId 4.
2019-09-18 08:47:24,004 [grpc-default-executor-0] INFO  interfaces.Container (KeyValueContainer.java:flushAndSyncDB(386)) - Container 1 is synced with bcsId 4.
2019-09-18 08:47:24,023 [EventQueue-IncrementalContainerReportForIncrementalContainerReportHandler] INFO  container.IncrementalContainerReportHandler (AbstractContainerReportHandler.java:updateContainerState(169)) - Moving container #1 to QUASI_CLOSED state, datanode 07201f0e-3a1c-4c3e-af2c-9eb1e9c35520{ip: 192.168.157.246, host: pr-hdds-2137-trunk-xplkb-1906903878, networkLocation: /default-rack, certSerialId: null} reported QUASI_CLOSED replica.
2019-09-18 08:47:24,559 [grpc-default-executor-0] INFO  interfaces.Container (KeyValueContainer.java:flushAndSyncDB(386)) - Container 2 is synced with bcsId 0.
2019-09-18 08:47:24,560 [grpc-default-executor-0] INFO  interfaces.Container (KeyValueContainer.java:flushAndSyncDB(386)) - Container 2 is synced with bcsId 0.
2019-09-18 08:47:24,577 [EventQueue-IncrementalContainerReportForIncrementalContainerReportHandler] INFO  container.IncrementalContainerReportHandler (AbstractContainerReportHandler.java:updateContainerState(169)) - Moving container #2 to QUASI_CLOSED state, datanode 07201f0e-3a1c-4c3e-af2c-9eb1e9c35520{ip: 192.168.157.246, host: pr-hdds-2137-trunk-xplkb-1906903878, networkLocation: /default-rack, certSerialId: null} reported QUASI_CLOSED replica.
2019-09-18 08:47:24,593 [grpc-default-executor-0] INFO  impl.RaftServerProxy (RaftServerProxy.java:remove(95)) - 6955b3b9-1fa4-46c5-a946-8e67bfb83506: remove    LEADER 6955b3b9-1fa4-46c5-a946-8e67bfb83506@group-A544ECBE184E:t1, leader=6955b3b9-1fa4-46c5-a946-8e67bfb83506, voted=6955b3b9-1fa4-46c5-a946-8e67bfb83506, raftlog=6955b3b9-1fa4-46c5-a946-8e67bfb83506@group-A544ECBE184E-SegmentedRaftLog:OPENED:c6,f6,i12, conf=0: [6955b3b9-1fa4-46c5-a946-8e67bfb83506:192.168.157.246:34451, 07201f0e-3a1c-4c3e-af2c-9eb1e9c35520:192.168.157.246:39492, 92cc866f-2236-4b73-b0be-e1c51e7c2e55:192.168.157.246:35640], old=null RUNNING
2019-09-18 08:47:24,593 [grpc-default-executor-0] INFO  impl.RaftServerImpl (RaftServerImpl.java:lambda$shutdown$3(251)) - 6955b3b9-1fa4-46c5-a946-8e67bfb83506@group-A544ECBE184E: shutdown
2019-09-18 08:47:24,593 [grpc-default-executor-0] INFO  util.JmxRegister (JmxRegister.java:unregister(73)) - Successfully un-registered JMX Bean with object name Ratis:service=RaftServer,group=group-A544ECBE184E,id=6955b3b9-1fa4-46c5-a946-8e67bfb83506
2019-09-18 08:47:24,594 [grpc-default-executor-0] INFO  impl.RoleInfo (RoleInfo.java:shutdownLeaderState(104)) - 6955b3b9-1fa4-46c5-a946-8e67bfb83506: shutdown LeaderState
2019-09-18 08:47:24,598 [grpc-default-executor-0] INFO  impl.PendingRequests (PendingRequests.java:sendNotLeaderResponses(202)) - 6955b3b9-1fa4-46c5-a946-8e67bfb83506-PendingRequests: sendNotLeaderResponses
2019-09-18 08:47:24,599 [org.apache.ratis.server.impl.LogAppender$AppenderDaemon$$Lambda$505/1942826489@305171a0] WARN  server.GrpcLogAppender (GrpcLogAppender.java:mayWait(143)) - 6955b3b9-1fa4-46c5-a946-8e67bfb83506@group-A544ECBE184E->92cc866f-2236-4b73-b0be-e1c51e7c2e55-GrpcLogAppender: Wait interrupted by java.lang.InterruptedException
2019-09-18 08:47:24,599 [org.apache.ratis.server.impl.LogAppender$AppenderDaemon$$Lambda$505/1942826489@4e1c7b3] WARN  server.GrpcLogAppender (GrpcLogAppender.java:mayWait(143)) - 6955b3b9-1fa4-46c5-a946-8e67bfb83506@group-A544ECBE184E->07201f0e-3a1c-4c3e-af2c-9eb1e9c35520-GrpcLogAppender: Wait interrupted by java.lang.InterruptedException
2019-09-18 08:47:24,601 [grpc-default-executor-5] INFO  server.GrpcServerProtocolService (GrpcServerProtocolService.java:onCompleted(113)) - 07201f0e-3a1c-4c3e-af2c-9eb1e9c35520: Completed APPEND_ENTRIES, lastRequest: 6955b3b9-1fa4-46c5-a946-8e67bfb83506->07201f0e-3a1c-4c3e-af2c-9eb1e9c35520#86-t1, previous=(t:1, i:12), leaderCommit=6, initializing? false, entries: <empty>
2019-09-18 08:47:24,601 [grpc-default-executor-4] INFO  server.GrpcServerProtocolService (GrpcServerProtocolService.java:onCompleted(113)) - 92cc866f-2236-4b73-b0be-e1c51e7c2e55: Completed APPEND_ENTRIES, lastRequest: 6955b3b9-1fa4-46c5-a946-8e67bfb83506->92cc866f-2236-4b73-b0be-e1c51e7c2e55#86-t1, previous=(t:1, i:12), leaderCommit=6, initializing? false, entries: <empty>
2019-09-18 08:47:24,604 [grpc-default-executor-4] INFO  server.GrpcLogAppender (GrpcLogAppender.java:onCompleted(293)) - 6955b3b9-1fa4-46c5-a946-8e67bfb83506@group-A544ECBE184E->07201f0e-3a1c-4c3e-af2c-9eb1e9c35520-AppendLogResponseHandler: follower responses appendEntries COMPLETED
2019-09-18 08:47:24,604 [grpc-default-executor-5] INFO  server.GrpcLogAppender (GrpcLogAppender.java:onCompleted(293)) - 6955b3b9-1fa4-46c5-a946-8e67bfb83506@group-A544ECBE184E->92cc866f-2236-4b73-b0be-e1c51e7c2e55-AppendLogResponseHandler: follower responses appendEntries COMPLETED
2019-09-18 08:47:24,606 [grpc-default-executor-4] INFO  impl.FollowerInfo (FollowerInfo.java:lambda$new$0(51)) - 6955b3b9-1fa4-46c5-a946-8e67bfb83506@group-A544ECBE184E->07201f0e-3a1c-4c3e-af2c-9eb1e9c35520: nextIndex: updateUnconditionally 13 -> 7
2019-09-18 08:47:24,606 [grpc-default-executor-5] INFO  impl.FollowerInfo (FollowerInfo.java:lambda$new$0(51)) - 6955b3b9-1fa4-46c5-a946-8e67bfb83506@group-A544ECBE184E->92cc866f-2236-4b73-b0be-e1c51e7c2e55: nextIndex: updateUnconditionally 13 -> 7
2019-09-18 08:47:24,612 [grpc-default-executor-0] INFO  impl.StateMachineUpdater (StateMachineUpdater.java:stopAndJoin(125)) - 6955b3b9-1fa4-46c5-a946-8e67bfb83506@group-A544ECBE184E-StateMachineUpdater: set stopIndex = 6
2019-09-18 08:47:24,612 [6955b3b9-1fa4-46c5-a946-8e67bfb83506@group-A544ECBE184E-StateMachineUpdater] INFO  ratis.ContainerStateMachine (ContainerStateMachine.java:takeSnapshot(289)) - group-A544ECBE184E: Taking a snapshot at:(t:1, i:6) file /workdir/hadoop-ozone/integration-test/target/test-dir/MiniOzoneClusterImpl-02ae093f-2137-4f54-abf4-d0f1fad2b35e/datanode-3/data/ratis/ddebc52c-51fe-4f49-932a-a544ecbe184e/sm/snapshot.1_6
2019-09-18 08:47:24,618 [6955b3b9-1fa4-46c5-a946-8e67bfb83506@group-A544ECBE184E-StateMachineUpdater] INFO  ratis.ContainerStateMachine (ContainerStateMachine.java:takeSnapshot(300)) - group-A544ECBE184E: Finished taking a snapshot at:(t:1, i:6) file:/workdir/hadoop-ozone/integration-test/target/test-dir/MiniOzoneClusterImpl-02ae093f-2137-4f54-abf4-d0f1fad2b35e/datanode-3/data/ratis/ddebc52c-51fe-4f49-932a-a544ecbe184e/sm/snapshot.1_6 time:6
2019-09-18 08:47:24,619 [6955b3b9-1fa4-46c5-a946-8e67bfb83506@group-A544ECBE184E-StateMachineUpdater] INFO  impl.StateMachineUpdater (StateMachineUpdater.java:takeSnapshot(258)) - 6955b3b9-1fa4-46c5-a946-8e67bfb83506@group-A544ECBE184E-StateMachineUpdater: Took a snapshot at index 6
2019-09-18 08:47:24,619 [6955b3b9-1fa4-46c5-a946-8e67bfb83506@group-A544ECBE184E-StateMachineUpdater] INFO  impl.StateMachineUpdater (StateMachineUpdater.java:lambda$new$0(83)) - 6955b3b9-1fa4-46c5-a946-8e67bfb83506@group-A544ECBE184E-StateMachineUpdater: snapshotIndex: updateIncreasingly -1 -> 6
2019-09-18 08:47:24,619 [grpc-default-executor-0] INFO  impl.RaftServerImpl (ServerState.java:close(385)) - 6955b3b9-1fa4-46c5-a946-8e67bfb83506@group-A544ECBE184E: closes. applyIndex: 6
2019-09-18 08:47:24,620 [Command processor thread] ERROR commandhandler.CloseContainerCommandHandler (CloseContainerCommandHandler.java:handle(125)) - Can't close container #2
java.io.IOException: org.apache.ratis.protocol.GroupMismatchException: 6955b3b9-1fa4-46c5-a946-8e67bfb83506: group-A544ECBE184E not found.
	at org.apache.hadoop.ozone.container.common.transport.server.ratis.XceiverServerRatis.submitRequest(XceiverServerRatis.java:502)
	at org.apache.hadoop.ozone.container.common.statemachine.commandhandler.CloseContainerCommandHandler.handle(CloseContainerCommandHandler.java:102)
	at org.apache.hadoop.ozone.container.common.statemachine.commandhandler.CommandDispatcher.handle(CommandDispatcher.java:99)
	at org.apache.hadoop.ozone.container.common.statemachine.DatanodeStateMachine.lambda$initCommandHandlerThread$1(DatanodeStateMachine.java:432)
	at java.lang.Thread.run(Thread.java:748)
Caused by: java.util.concurrent.ExecutionException: org.apache.ratis.protocol.GroupMismatchException: 6955b3b9-1fa4-46c5-a946-8e67bfb83506: group-A544ECBE184E not found.
	at java.util.concurrent.CompletableFuture.reportGet(CompletableFuture.java:357)
	at java.util.concurrent.CompletableFuture.get(CompletableFuture.java:1895)
	at org.apache.hadoop.ozone.container.common.transport.server.ratis.XceiverServerRatis.submitRequest(XceiverServerRatis.java:500)
	... 4 more
Caused by: org.apache.ratis.protocol.GroupMismatchException: 6955b3b9-1fa4-46c5-a946-8e67bfb83506: group-A544ECBE184E not found.
	at org.apache.ratis.server.impl.RaftServerProxy$ImplMap.get(RaftServerProxy.java:122)
	at org.apache.ratis.server.impl.RaftServerProxy.getImplFuture(RaftServerProxy.java:269)
	at org.apache.ratis.server.impl.RaftServerProxy.submitRequest(RaftServerProxy.java:327)
	at org.apache.ratis.server.impl.RaftServerProxy.submitClientRequestAsync(RaftServerProxy.java:333)
	... 5 more
2019-09-18 08:47:24,620 [6955b3b9-1fa4-46c5-a946-8e67bfb83506@group-A544ECBE184E-SegmentedRaftLogWorker] ERROR ratis.XceiverServerRatis (XceiverServerRatis.java:triggerPipelineClose(575)) - pipeline Action CLOSE  on pipeline PipelineID=ddebc52c-51fe-4f49-932a-a544ecbe184e.Reason : WriteLog:8: (t:1, i:8), STATEMACHINELOGENTRY, client-B113CCFDDDA0, cid=17-writeStateMachineData interrupted.
2019-09-18 08:47:24,623 [EventQueue-PipelineActionsForPipelineActionHandler] ERROR pipeline.PipelineActionHandler (PipelineActionHandler.java:onMessage(60)) - Received pipeline action CLOSE for Pipeline[ Id: ddebc52c-51fe-4f49-932a-a544ecbe184e, Nodes: 07201f0e-3a1c-4c3e-af2c-9eb1e9c35520{ip: 192.168.157.246, host: pr-hdds-2137-trunk-xplkb-1906903878, networkLocation: /default-rack, certSerialId: null}6955b3b9-1fa4-46c5-a946-8e67bfb83506{ip: 192.168.157.246, host: pr-hdds-2137-trunk-xplkb-1906903878, networkLocation: /default-rack, certSerialId: null}92cc866f-2236-4b73-b0be-e1c51e7c2e55{ip: 192.168.157.246, host: pr-hdds-2137-trunk-xplkb-1906903878, networkLocation: /default-rack, certSerialId: null}, Type:RATIS, Factor:THREE, State:CLOSED] from datanode 6955b3b9-1fa4-46c5-a946-8e67bfb83506{ip: 192.168.157.246, host: pr-hdds-2137-trunk-xplkb-1906903878, networkLocation: /default-rack, certSerialId: null}. Reason : WriteLog:8: (t:1, i:8), STATEMACHINELOGENTRY, client-B113CCFDDDA0, cid=17-writeStateMachineData interrupted.
2019-09-18 08:47:24,624 [EventQueue-PipelineActionsForPipelineActionHandler] INFO  pipeline.SCMPipelineManager (SCMPipelineManager.java:finalizeAndDestroyPipeline(311)) - destroying pipeline:Pipeline[ Id: ddebc52c-51fe-4f49-932a-a544ecbe184e, Nodes: 07201f0e-3a1c-4c3e-af2c-9eb1e9c35520{ip: 192.168.157.246, host: pr-hdds-2137-trunk-xplkb-1906903878, networkLocation: /default-rack, certSerialId: null}6955b3b9-1fa4-46c5-a946-8e67bfb83506{ip: 192.168.157.246, host: pr-hdds-2137-trunk-xplkb-1906903878, networkLocation: /default-rack, certSerialId: null}92cc866f-2236-4b73-b0be-e1c51e7c2e55{ip: 192.168.157.246, host: pr-hdds-2137-trunk-xplkb-1906903878, networkLocation: /default-rack, certSerialId: null}, Type:RATIS, Factor:THREE, State:CLOSED]
2019-09-18 08:47:24,634 [grpc-default-executor-0] INFO  segmented.SegmentedRaftLogWorker (SegmentedRaftLogWorker.java:close(228)) - 6955b3b9-1fa4-46c5-a946-8e67bfb83506@group-A544ECBE184E-SegmentedRaftLogWorker close()
2019-09-18 08:47:24,649 [grpc-default-executor-0] INFO  interfaces.Container (KeyValueContainer.java:flushAndSyncDB(386)) - Container 1 is synced with bcsId 4.
2019-09-18 08:47:24,649 [grpc-default-executor-0] INFO  interfaces.Container (KeyValueContainer.java:flushAndSyncDB(386)) - Container 1 is synced with bcsId 4.
2019-09-18 08:47:24,778 [main] WARN  io.KeyOutputStream (KeyOutputStream.java:handleException(276)) - Encountered exception java.io.IOException: Unexpected Storage Container Exception: java.util.concurrent.CompletionException: java.util.concurrent.CompletionException: org.apache.ratis.protocol.GroupMismatchException: 07201f0e-3a1c-4c3e-af2c-9eb1e9c35520: group-A544ECBE184E not found. on the pipeline Pipeline[ Id: ddebc52c-51fe-4f49-932a-a544ecbe184e, Nodes: 07201f0e-3a1c-4c3e-af2c-9eb1e9c35520{ip: 192.168.157.246, host: pr-hdds-2137-trunk-xplkb-1906903878, networkLocation: /default-rack, certSerialId: null}6955b3b9-1fa4-46c5-a946-8e67bfb83506{ip: 192.168.157.246, host: pr-hdds-2137-trunk-xplkb-1906903878, networkLocation: /default-rack, certSerialId: null}92cc866f-2236-4b73-b0be-e1c51e7c2e55{ip: 192.168.157.246, host: pr-hdds-2137-trunk-xplkb-1906903878, networkLocation: /default-rack, certSerialId: null}, Type:RATIS, Factor:THREE, State:OPEN]. The last committed block length is 0, uncommitted data length is 250 retry count 0
2019-09-18 08:47:24,834 [grpc-default-executor-5] INFO  client.GrpcClientProtocolClient (GrpcClientProtocolClient.java:onNext(264)) - client-26873305E19C->79aceb8d-7506-4db3-918b-490683cdd051: receive RaftClientReply:client-26873305E19C->79aceb8d-7506-4db3-918b-490683cdd051@group-7A1641017854, cid=23, FAILED org.apache.ratis.protocol.NotLeaderException: Server 79aceb8d-7506-4db3-918b-490683cdd051@group-7A1641017854 is not the leader b7c362a4-1ab0-45eb-b7d6-5bbf185330b0:192.168.157.246:34960, logIndex=0, commits[79aceb8d-7506-4db3-918b-490683cdd051:c0, d20afad9-ca9d-4b60-b7db-4729e79b5ae2:c0, b7c362a4-1ab0-45eb-b7d6-5bbf185330b0:c0]
2019-09-18 08:47:26,169 [grpc-default-executor-0] INFO  interfaces.Container (KeyValueContainer.java:flushAndSyncDB(386)) - Container 2 is synced with bcsId 0.
2019-09-18 08:47:26,169 [grpc-default-executor-0] INFO  interfaces.Container (KeyValueContainer.java:flushAndSyncDB(386)) - Container 2 is synced with bcsId 0.
2019-09-18 08:47:26,203 [grpc-default-executor-0] INFO  impl.RaftServerProxy (RaftServerProxy.java:remove(95)) - 92cc866f-2236-4b73-b0be-e1c51e7c2e55: remove  FOLLOWER 92cc866f-2236-4b73-b0be-e1c51e7c2e55@group-A544ECBE184E:t1, leader=6955b3b9-1fa4-46c5-a946-8e67bfb83506, voted=6955b3b9-1fa4-46c5-a946-8e67bfb83506, raftlog=92cc866f-2236-4b73-b0be-e1c51e7c2e55@group-A544ECBE184E-SegmentedRaftLog:OPENED:c6,f6,i12, conf=0: [6955b3b9-1fa4-46c5-a946-8e67bfb83506:192.168.157.246:34451, 07201f0e-3a1c-4c3e-af2c-9eb1e9c35520:192.168.157.246:39492, 92cc866f-2236-4b73-b0be-e1c51e7c2e55:192.168.157.246:35640], old=null RUNNING
2019-09-18 08:47:26,203 [grpc-default-executor-0] INFO  impl.RaftServerImpl (RaftServerImpl.java:lambda$shutdown$3(251)) - 92cc866f-2236-4b73-b0be-e1c51e7c2e55@group-A544ECBE184E: shutdown
2019-09-18 08:47:26,204 [grpc-default-executor-0] INFO  util.JmxRegister (JmxRegister.java:unregister(73)) - Successfully un-registered JMX Bean with object name Ratis:service=RaftServer,group=group-A544ECBE184E,id=92cc866f-2236-4b73-b0be-e1c51e7c2e55
2019-09-18 08:47:26,204 [grpc-default-executor-0] INFO  impl.RoleInfo (RoleInfo.java:shutdownFollowerState(121)) - 92cc866f-2236-4b73-b0be-e1c51e7c2e55: shutdown FollowerState
2019-09-18 08:47:26,204 [grpc-default-executor-0] INFO  impl.StateMachineUpdater (StateMachineUpdater.java:stopAndJoin(125)) - 92cc866f-2236-4b73-b0be-e1c51e7c2e55@group-A544ECBE184E-StateMachineUpdater: set stopIndex = 6
2019-09-18 08:47:26,204 [Thread-307] INFO  impl.FollowerState (FollowerState.java:run(115)) - 92cc866f-2236-4b73-b0be-e1c51e7c2e55: FollowerState was interrupted: java.lang.InterruptedException: sleep interrupted
2019-09-18 08:47:26,204 [92cc866f-2236-4b73-b0be-e1c51e7c2e55@group-A544ECBE184E-StateMachineUpdater] INFO  ratis.ContainerStateMachine (ContainerStateMachine.java:takeSnapshot(289)) - group-A544ECBE184E: Taking a snapshot at:(t:1, i:4) file /workdir/hadoop-ozone/integration-test/target/test-dir/MiniOzoneClusterImpl-02ae093f-2137-4f54-abf4-d0f1fad2b35e/datanode-2/data/ratis/ddebc52c-51fe-4f49-932a-a544ecbe184e/sm/snapshot.1_4
2019-09-18 08:47:26,213 [92cc866f-2236-4b73-b0be-e1c51e7c2e55@group-A544ECBE184E-StateMachineUpdater] INFO  ratis.ContainerStateMachine (ContainerStateMachine.java:takeSnapshot(300)) - group-A544ECBE184E: Finished taking a snapshot at:(t:1, i:4) file:/workdir/hadoop-ozone/integration-test/target/test-dir/MiniOzoneClusterImpl-02ae093f-2137-4f54-abf4-d0f1fad2b35e/datanode-2/data/ratis/ddebc52c-51fe-4f49-932a-a544ecbe184e/sm/snapshot.1_4 time:9
2019-09-18 08:47:26,213 [92cc866f-2236-4b73-b0be-e1c51e7c2e55@group-A544ECBE184E-StateMachineUpdater] INFO  impl.StateMachineUpdater (StateMachineUpdater.java:takeSnapshot(258)) - 92cc866f-2236-4b73-b0be-e1c51e7c2e55@group-A544ECBE184E-StateMachineUpdater: Took a snapshot at index 4
2019-09-18 08:47:26,214 [92cc866f-2236-4b73-b0be-e1c51e7c2e55@group-A544ECBE184E-StateMachineUpdater] INFO  impl.StateMachineUpdater (StateMachineUpdater.java:lambda$new$0(83)) - 92cc866f-2236-4b73-b0be-e1c51e7c2e55@group-A544ECBE184E-StateMachineUpdater: snapshotIndex: updateIncreasingly -1 -> 4
2019-09-18 08:47:26,214 [92cc866f-2236-4b73-b0be-e1c51e7c2e55@group-A544ECBE184E-StateMachineUpdater] INFO  ratis.ContainerStateMachine (ContainerStateMachine.java:takeSnapshot(289)) - group-A544ECBE184E: Taking a snapshot at:(t:1, i:4) file /workdir/hadoop-ozone/integration-test/target/test-dir/MiniOzoneClusterImpl-02ae093f-2137-4f54-abf4-d0f1fad2b35e/datanode-2/data/ratis/ddebc52c-51fe-4f49-932a-a544ecbe184e/sm/snapshot.1_4
2019-09-18 08:47:26,217 [92cc866f-2236-4b73-b0be-e1c51e7c2e55@group-A544ECBE184E-StateMachineUpdater] INFO  ratis.ContainerStateMachine (ContainerStateMachine.java:takeSnapshot(300)) - group-A544ECBE184E: Finished taking a snapshot at:(t:1, i:4) file:/workdir/hadoop-ozone/integration-test/target/test-dir/MiniOzoneClusterImpl-02ae093f-2137-4f54-abf4-d0f1fad2b35e/datanode-2/data/ratis/ddebc52c-51fe-4f49-932a-a544ecbe184e/sm/snapshot.1_4 time:3
2019-09-18 08:47:26,217 [92cc866f-2236-4b73-b0be-e1c51e7c2e55@group-A544ECBE184E-StateMachineUpdater] INFO  impl.StateMachineUpdater (StateMachineUpdater.java:takeSnapshot(258)) - 92cc866f-2236-4b73-b0be-e1c51e7c2e55@group-A544ECBE184E-StateMachineUpdater: Took a snapshot at index 4
2019-09-18 08:47:26,217 [92cc866f-2236-4b73-b0be-e1c51e7c2e55@group-A544ECBE184E-StateMachineUpdater] INFO  impl.StateMachineUpdater (StateMachineUpdater.java:lambda$new$0(83)) - 92cc866f-2236-4b73-b0be-e1c51e7c2e55@group-A544ECBE184E-StateMachineUpdater: snapshotIndex: updateIncreasingly 4 -> 4
2019-09-18 08:47:26,220 [grpc-default-executor-0] INFO  impl.RaftServerImpl (ServerState.java:close(385)) - 92cc866f-2236-4b73-b0be-e1c51e7c2e55@group-A544ECBE184E: closes. applyIndex: 6
2019-09-18 08:47:26,222 [92cc866f-2236-4b73-b0be-e1c51e7c2e55@group-A544ECBE184E-SegmentedRaftLogWorker] ERROR ratis.XceiverServerRatis (XceiverServerRatis.java:triggerPipelineClose(575)) - pipeline Action CLOSE  on pipeline PipelineID=ddebc52c-51fe-4f49-932a-a544ecbe184e.Reason : WriteLog:8: (t:1, i:8), STATEMACHINELOGENTRY, client-B113CCFDDDA0, cid=17-writeStateMachineData interrupted.
2019-09-18 08:47:26,225 [EventQueue-PipelineActionsForPipelineActionHandler] ERROR pipeline.PipelineActionHandler (PipelineActionHandler.java:onMessage(60)) - Received pipeline action CLOSE for Pipeline[ Id: ddebc52c-51fe-4f49-932a-a544ecbe184e, Nodes: 07201f0e-3a1c-4c3e-af2c-9eb1e9c35520{ip: 192.168.157.246, host: pr-hdds-2137-trunk-xplkb-1906903878, networkLocation: /default-rack, certSerialId: null}6955b3b9-1fa4-46c5-a946-8e67bfb83506{ip: 192.168.157.246, host: pr-hdds-2137-trunk-xplkb-1906903878, networkLocation: /default-rack, certSerialId: null}92cc866f-2236-4b73-b0be-e1c51e7c2e55{ip: 192.168.157.246, host: pr-hdds-2137-trunk-xplkb-1906903878, networkLocation: /default-rack, certSerialId: null}, Type:RATIS, Factor:THREE, State:CLOSED] from datanode 92cc866f-2236-4b73-b0be-e1c51e7c2e55{ip: 192.168.157.246, host: pr-hdds-2137-trunk-xplkb-1906903878, networkLocation: /default-rack, certSerialId: null}. Reason : WriteLog:8: (t:1, i:8), STATEMACHINELOGENTRY, client-B113CCFDDDA0, cid=17-writeStateMachineData interrupted.
2019-09-18 08:47:26,225 [EventQueue-PipelineActionsForPipelineActionHandler] INFO  pipeline.SCMPipelineManager (SCMPipelineManager.java:finalizeAndDestroyPipeline(311)) - destroying pipeline:Pipeline[ Id: ddebc52c-51fe-4f49-932a-a544ecbe184e, Nodes: 07201f0e-3a1c-4c3e-af2c-9eb1e9c35520{ip: 192.168.157.246, host: pr-hdds-2137-trunk-xplkb-1906903878, networkLocation: /default-rack, certSerialId: null}6955b3b9-1fa4-46c5-a946-8e67bfb83506{ip: 192.168.157.246, host: pr-hdds-2137-trunk-xplkb-1906903878, networkLocation: /default-rack, certSerialId: null}92cc866f-2236-4b73-b0be-e1c51e7c2e55{ip: 192.168.157.246, host: pr-hdds-2137-trunk-xplkb-1906903878, networkLocation: /default-rack, certSerialId: null}, Type:RATIS, Factor:THREE, State:CLOSED]
2019-09-18 08:47:26,226 [grpc-default-executor-6] INFO  client.GrpcClientProtocolClient (GrpcClientProtocolClient.java:onNext(264)) - client-26873305E19C->b7c362a4-1ab0-45eb-b7d6-5bbf185330b0: receive RaftClientReply:client-26873305E19C->b7c362a4-1ab0-45eb-b7d6-5bbf185330b0@group-7A1641017854, cid=23, SUCCESS, logIndex=1, commits[b7c362a4-1ab0-45eb-b7d6-5bbf185330b0:c1, 79aceb8d-7506-4db3-918b-490683cdd051:c0, d20afad9-ca9d-4b60-b7db-4729e79b5ae2:c0]
2019-09-18 08:47:26,235 [grpc-default-executor-0] INFO  segmented.SegmentedRaftLogWorker (SegmentedRaftLogWorker.java:close(228)) - 92cc866f-2236-4b73-b0be-e1c51e7c2e55@group-A544ECBE184E-SegmentedRaftLogWorker close()
2019-09-18 08:47:26,252 [grpc-default-executor-0] INFO  interfaces.Container (KeyValueContainer.java:flushAndSyncDB(386)) - Container 1 is synced with bcsId 4.
2019-09-18 08:47:26,252 [grpc-default-executor-0] INFO  interfaces.Container (KeyValueContainer.java:flushAndSyncDB(386)) - Container 1 is synced with bcsId 4.
2019-09-18 08:47:26,263 [grpc-default-executor-6] INFO  client.GrpcClientProtocolClient (GrpcClientProtocolClient.java:onNext(264)) - client-26873305E19C->b7c362a4-1ab0-45eb-b7d6-5bbf185330b0: receive RaftClientReply:client-26873305E19C->b7c362a4-1ab0-45eb-b7d6-5bbf185330b0@group-7A1641017854, cid=24, SUCCESS, logIndex=3, commits[b7c362a4-1ab0-45eb-b7d6-5bbf185330b0:c6, 79aceb8d-7506-4db3-918b-490683cdd051:c2, d20afad9-ca9d-4b60-b7db-4729e79b5ae2:c2]
2019-09-18 08:47:26,868 [grpc-default-executor-6] INFO  client.GrpcClientProtocolClient (GrpcClientProtocolClient.java:onNext(264)) - client-26873305E19C->b7c362a4-1ab0-45eb-b7d6-5bbf185330b0: receive RaftClientReply:client-26873305E19C->b7c362a4-1ab0-45eb-b7d6-5bbf185330b0@group-7A1641017854, cid=25, SUCCESS, logIndex=4, commits[b7c362a4-1ab0-45eb-b7d6-5bbf185330b0:c9, 79aceb8d-7506-4db3-918b-490683cdd051:c6, d20afad9-ca9d-4b60-b7db-4729e79b5ae2:c6]
2019-09-18 08:47:26,868 [grpc-default-executor-6] INFO  client.GrpcClientProtocolClient (GrpcClientProtocolClient.java:onNext(264)) - client-26873305E19C->b7c362a4-1ab0-45eb-b7d6-5bbf185330b0: receive RaftClientReply:client-26873305E19C->b7c362a4-1ab0-45eb-b7d6-5bbf185330b0@group-7A1641017854, cid=26, SUCCESS, logIndex=5, commits[b7c362a4-1ab0-45eb-b7d6-5bbf185330b0:c9, 79aceb8d-7506-4db3-918b-490683cdd051:c6, d20afad9-ca9d-4b60-b7db-4729e79b5ae2:c6]
2019-09-18 08:47:29,199 [RatisPipelineUtilsThread] WARN  pipeline.RatisPipelineUtils (RatisPipelineUtils.java:destroyPipeline(66)) - Pipeline destroy failed for pipeline=PipelineID=ddebc52c-51fe-4f49-932a-a544ecbe184e dn=92cc866f-2236-4b73-b0be-e1c51e7c2e55{ip: 192.168.157.246, host: pr-hdds-2137-trunk-xplkb-1906903878, networkLocation: /default-rack, certSerialId: null}
2019-09-18 08:47:29,200 [RatisPipelineUtilsThread] INFO  pipeline.PipelineStateManager (PipelineStateManager.java:removePipeline(108)) - Pipeline Pipeline[ Id: ddebc52c-51fe-4f49-932a-a544ecbe184e, Nodes: 07201f0e-3a1c-4c3e-af2c-9eb1e9c35520{ip: 192.168.157.246, host: pr-hdds-2137-trunk-xplkb-1906903878, networkLocation: /default-rack, certSerialId: null}6955b3b9-1fa4-46c5-a946-8e67bfb83506{ip: 192.168.157.246, host: pr-hdds-2137-trunk-xplkb-1906903878, networkLocation: /default-rack, certSerialId: null}92cc866f-2236-4b73-b0be-e1c51e7c2e55{ip: 192.168.157.246, host: pr-hdds-2137-trunk-xplkb-1906903878, networkLocation: /default-rack, certSerialId: null}, Type:RATIS, Factor:THREE, State:CLOSED] removed from db
2019-09-18 08:47:29,209 [grpc-default-executor-6] INFO  impl.RaftServerProxy (RaftServerProxy.java:remove(95)) - 07201f0e-3a1c-4c3e-af2c-9eb1e9c35520: remove group-A544ECBE184E:null
2019-09-18 08:47:29,215 [RatisPipelineUtilsThread] WARN  pipeline.RatisPipelineUtils (RatisPipelineUtils.java:destroyPipeline(66)) - Pipeline destroy failed for pipeline=PipelineID=ddebc52c-51fe-4f49-932a-a544ecbe184e dn=07201f0e-3a1c-4c3e-af2c-9eb1e9c35520{ip: 192.168.157.246, host: pr-hdds-2137-trunk-xplkb-1906903878, networkLocation: /default-rack, certSerialId: null}
2019-09-18 08:47:29,220 [grpc-default-executor-6] INFO  impl.RaftServerProxy (RaftServerProxy.java:remove(95)) - 6955b3b9-1fa4-46c5-a946-8e67bfb83506: remove group-A544ECBE184E:null
2019-09-18 08:47:29,226 [RatisPipelineUtilsThread] WARN  pipeline.RatisPipelineUtils (RatisPipelineUtils.java:destroyPipeline(66)) - Pipeline destroy failed for pipeline=PipelineID=ddebc52c-51fe-4f49-932a-a544ecbe184e dn=6955b3b9-1fa4-46c5-a946-8e67bfb83506{ip: 192.168.157.246, host: pr-hdds-2137-trunk-xplkb-1906903878, networkLocation: /default-rack, certSerialId: null}
2019-09-18 08:47:29,231 [grpc-default-executor-6] INFO  impl.RaftServerProxy (RaftServerProxy.java:remove(95)) - 92cc866f-2236-4b73-b0be-e1c51e7c2e55: remove group-A544ECBE184E:null
2019-09-18 08:47:29,237 [RatisPipelineUtilsThread] WARN  pipeline.RatisPipelineUtils (RatisPipelineUtils.java:destroyPipeline(66)) - Pipeline destroy failed for pipeline=PipelineID=ddebc52c-51fe-4f49-932a-a544ecbe184e dn=92cc866f-2236-4b73-b0be-e1c51e7c2e55{ip: 192.168.157.246, host: pr-hdds-2137-trunk-xplkb-1906903878, networkLocation: /default-rack, certSerialId: null}
2019-09-18 08:47:29,237 [RatisPipelineUtilsThread] ERROR pipeline.SCMPipelineManager (Scheduler.java:lambda$schedule$1(70)) - Destroy pipeline failed for pipeline:Pipeline[ Id: ddebc52c-51fe-4f49-932a-a544ecbe184e, Nodes: 07201f0e-3a1c-4c3e-af2c-9eb1e9c35520{ip: 192.168.157.246, host: pr-hdds-2137-trunk-xplkb-1906903878, networkLocation: /default-rack, certSerialId: null}6955b3b9-1fa4-46c5-a946-8e67bfb83506{ip: 192.168.157.246, host: pr-hdds-2137-trunk-xplkb-1906903878, networkLocation: /default-rack, certSerialId: null}92cc866f-2236-4b73-b0be-e1c51e7c2e55{ip: 192.168.157.246, host: pr-hdds-2137-trunk-xplkb-1906903878, networkLocation: /default-rack, certSerialId: null}, Type:RATIS, Factor:THREE, State:CLOSED]
org.apache.hadoop.hdds.scm.pipeline.PipelineNotFoundException: PipelineID=ddebc52c-51fe-4f49-932a-a544ecbe184e not found
	at org.apache.hadoop.hdds.scm.pipeline.PipelineStateMap.getPipeline(PipelineStateMap.java:132)
	at org.apache.hadoop.hdds.scm.pipeline.PipelineStateMap.removePipeline(PipelineStateMap.java:322)
	at org.apache.hadoop.hdds.scm.pipeline.PipelineStateManager.removePipeline(PipelineStateManager.java:107)
	at org.apache.hadoop.hdds.scm.pipeline.SCMPipelineManager.removePipeline(SCMPipelineManager.java:423)
	at org.apache.hadoop.hdds.scm.pipeline.SCMPipelineManager.destroyPipeline(SCMPipelineManager.java:409)
	at org.apache.hadoop.hdds.scm.pipeline.SCMPipelineManager.lambda$finalizeAndDestroyPipeline$0(SCMPipelineManager.java:318)
	at org.apache.hadoop.utils.Scheduler.lambda$schedule$1(Scheduler.java:68)
	at java.util.concurrent.Executors$RunnableAdapter.call(Executors.java:511)
	at java.util.concurrent.FutureTask.run(FutureTask.java:266)
	at java.util.concurrent.ScheduledThreadPoolExecutor$ScheduledFutureTask.access$201(ScheduledThreadPoolExecutor.java:180)
	at java.util.concurrent.ScheduledThreadPoolExecutor$ScheduledFutureTask.run(ScheduledThreadPoolExecutor.java:293)
	at java.util.concurrent.ThreadPoolExecutor.runWorker(ThreadPoolExecutor.java:1149)
	at java.util.concurrent.ThreadPoolExecutor$Worker.run(ThreadPoolExecutor.java:624)
	at java.lang.Thread.run(Thread.java:748)
2019-09-18 08:47:29,242 [grpc-default-executor-6] INFO  impl.RaftServerProxy (RaftServerProxy.java:remove(95)) - 07201f0e-3a1c-4c3e-af2c-9eb1e9c35520: remove group-A544ECBE184E:null
2019-09-18 08:47:29,249 [RatisPipelineUtilsThread] WARN  pipeline.RatisPipelineUtils (RatisPipelineUtils.java:destroyPipeline(66)) - Pipeline destroy failed for pipeline=PipelineID=ddebc52c-51fe-4f49-932a-a544ecbe184e dn=07201f0e-3a1c-4c3e-af2c-9eb1e9c35520{ip: 192.168.157.246, host: pr-hdds-2137-trunk-xplkb-1906903878, networkLocation: /default-rack, certSerialId: null}
2019-09-18 08:47:29,254 [grpc-default-executor-6] INFO  impl.RaftServerProxy (RaftServerProxy.java:remove(95)) - 6955b3b9-1fa4-46c5-a946-8e67bfb83506: remove group-A544ECBE184E:null
2019-09-18 08:47:29,260 [RatisPipelineUtilsThread] WARN  pipeline.RatisPipelineUtils (RatisPipelineUtils.java:destroyPipeline(66)) - Pipeline destroy failed for pipeline=PipelineID=ddebc52c-51fe-4f49-932a-a544ecbe184e dn=6955b3b9-1fa4-46c5-a946-8e67bfb83506{ip: 192.168.157.246, host: pr-hdds-2137-trunk-xplkb-1906903878, networkLocation: /default-rack, certSerialId: null}
2019-09-18 08:47:29,270 [grpc-default-executor-6] INFO  impl.RaftServerProxy (RaftServerProxy.java:remove(95)) - 92cc866f-2236-4b73-b0be-e1c51e7c2e55: remove group-A544ECBE184E:null
2019-09-18 08:47:29,277 [RatisPipelineUtilsThread] WARN  pipeline.RatisPipelineUtils (RatisPipelineUtils.java:destroyPipeline(66)) - Pipeline destroy failed for pipeline=PipelineID=ddebc52c-51fe-4f49-932a-a544ecbe184e dn=92cc866f-2236-4b73-b0be-e1c51e7c2e55{ip: 192.168.157.246, host: pr-hdds-2137-trunk-xplkb-1906903878, networkLocation: /default-rack, certSerialId: null}
2019-09-18 08:47:29,278 [RatisPipelineUtilsThread] ERROR pipeline.SCMPipelineManager (Scheduler.java:lambda$schedule$1(70)) - Destroy pipeline failed for pipeline:Pipeline[ Id: ddebc52c-51fe-4f49-932a-a544ecbe184e, Nodes: 07201f0e-3a1c-4c3e-af2c-9eb1e9c35520{ip: 192.168.157.246, host: pr-hdds-2137-trunk-xplkb-1906903878, networkLocation: /default-rack, certSerialId: null}6955b3b9-1fa4-46c5-a946-8e67bfb83506{ip: 192.168.157.246, host: pr-hdds-2137-trunk-xplkb-1906903878, networkLocation: /default-rack, certSerialId: null}92cc866f-2236-4b73-b0be-e1c51e7c2e55{ip: 192.168.157.246, host: pr-hdds-2137-trunk-xplkb-1906903878, networkLocation: /default-rack, certSerialId: null}, Type:RATIS, Factor:THREE, State:CLOSED]
org.apache.hadoop.hdds.scm.pipeline.PipelineNotFoundException: PipelineID=ddebc52c-51fe-4f49-932a-a544ecbe184e not found
	at org.apache.hadoop.hdds.scm.pipeline.PipelineStateMap.getPipeline(PipelineStateMap.java:132)
	at org.apache.hadoop.hdds.scm.pipeline.PipelineStateMap.removePipeline(PipelineStateMap.java:322)
	at org.apache.hadoop.hdds.scm.pipeline.PipelineStateManager.removePipeline(PipelineStateManager.java:107)
	at org.apache.hadoop.hdds.scm.pipeline.SCMPipelineManager.removePipeline(SCMPipelineManager.java:423)
	at org.apache.hadoop.hdds.scm.pipeline.SCMPipelineManager.destroyPipeline(SCMPipelineManager.java:409)
	at org.apache.hadoop.hdds.scm.pipeline.SCMPipelineManager.lambda$finalizeAndDestroyPipeline$0(SCMPipelineManager.java:318)
	at org.apache.hadoop.utils.Scheduler.lambda$schedule$1(Scheduler.java:68)
	at java.util.concurrent.Executors$RunnableAdapter.call(Executors.java:511)
	at java.util.concurrent.FutureTask.run(FutureTask.java:266)
	at java.util.concurrent.ScheduledThreadPoolExecutor$ScheduledFutureTask.access$201(ScheduledThreadPoolExecutor.java:180)
	at java.util.concurrent.ScheduledThreadPoolExecutor$ScheduledFutureTask.run(ScheduledThreadPoolExecutor.java:293)
	at java.util.concurrent.ThreadPoolExecutor.runWorker(ThreadPoolExecutor.java:1149)
	at java.util.concurrent.ThreadPoolExecutor$Worker.run(ThreadPoolExecutor.java:624)
	at java.lang.Thread.run(Thread.java:748)
2019-09-18 08:47:29,291 [grpc-default-executor-6] INFO  impl.RaftServerProxy (RaftServerProxy.java:addNew(89)) - 6955b3b9-1fa4-46c5-a946-8e67bfb83506: addNew group-85722E6F2626:[6955b3b9-1fa4-46c5-a946-8e67bfb83506:192.168.157.246:34451, 07201f0e-3a1c-4c3e-af2c-9eb1e9c35520:192.168.157.246:39492, 92cc866f-2236-4b73-b0be-e1c51e7c2e55:192.168.157.246:35640] returns group-85722E6F2626:java.util.concurrent.CompletableFuture@37cf3602[Not completed]
2019-09-18 08:47:29,291 [grpc-default-executor-4] INFO  impl.RaftServerProxy (RaftServerProxy.java:addNew(89)) - 07201f0e-3a1c-4c3e-af2c-9eb1e9c35520: addNew group-85722E6F2626:[6955b3b9-1fa4-46c5-a946-8e67bfb83506:192.168.157.246:34451, 07201f0e-3a1c-4c3e-af2c-9eb1e9c35520:192.168.157.246:39492, 92cc866f-2236-4b73-b0be-e1c51e7c2e55:192.168.157.246:35640] returns group-85722E6F2626:java.util.concurrent.CompletableFuture@7717ebf3[Not completed]
2019-09-18 08:47:29,293 [grpc-default-executor-6] INFO  impl.RaftServerProxy (RaftServerProxy.java:addNew(89)) - 92cc866f-2236-4b73-b0be-e1c51e7c2e55: addNew group-85722E6F2626:[6955b3b9-1fa4-46c5-a946-8e67bfb83506:192.168.157.246:34451, 07201f0e-3a1c-4c3e-af2c-9eb1e9c35520:192.168.157.246:39492, 92cc866f-2236-4b73-b0be-e1c51e7c2e55:192.168.157.246:35640] returns group-85722E6F2626:java.util.concurrent.CompletableFuture@3a617a5b[Not completed]
2019-09-18 08:47:29,295 [pool-37-thread-1] INFO  impl.RaftServerImpl (RaftServerImpl.java:<init>(95)) - 07201f0e-3a1c-4c3e-af2c-9eb1e9c35520: new RaftServerImpl for group-85722E6F2626:[6955b3b9-1fa4-46c5-a946-8e67bfb83506:192.168.157.246:34451, 07201f0e-3a1c-4c3e-af2c-9eb1e9c35520:192.168.157.246:39492, 92cc866f-2236-4b73-b0be-e1c51e7c2e55:192.168.157.246:35640] with ContainerStateMachine:uninitialized
2019-09-18 08:47:29,295 [pool-37-thread-1] INFO  server.RaftServerConfigKeys (ConfUtils.java:logGet(43)) - raft.server.rpc.timeout.min = 5s (custom)
2019-09-18 08:47:29,295 [pool-37-thread-1] INFO  server.RaftServerConfigKeys (ConfUtils.java:logGet(43)) - raft.server.rpc.timeout.max = 5200ms (custom)
2019-09-18 08:47:29,296 [pool-37-thread-1] INFO  server.RaftServerConfigKeys (ConfUtils.java:logGet(43)) - raft.server.rpcslowness.timeout = 120s (custom)
2019-09-18 08:47:29,296 [pool-37-thread-1] INFO  server.RaftServerConfigKeys (ConfUtils.java:logGet(43)) - raft.server.sleep.deviation.threshold = 300 (default)
2019-09-18 08:47:29,296 [pool-47-thread-1] INFO  impl.RaftServerImpl (RaftServerImpl.java:<init>(95)) - 92cc866f-2236-4b73-b0be-e1c51e7c2e55: new RaftServerImpl for group-85722E6F2626:[6955b3b9-1fa4-46c5-a946-8e67bfb83506:192.168.157.246:34451, 07201f0e-3a1c-4c3e-af2c-9eb1e9c35520:192.168.157.246:39492, 92cc866f-2236-4b73-b0be-e1c51e7c2e55:192.168.157.246:35640] with ContainerStateMachine:uninitialized
2019-09-18 08:47:29,296 [pool-37-thread-1] INFO  server.RaftServerConfigKeys (ConfUtils.java:logGet(43)) - raft.server.log.appender.install.snapshot.enabled = false (custom)
2019-09-18 08:47:29,296 [pool-47-thread-1] INFO  server.RaftServerConfigKeys (ConfUtils.java:logGet(43)) - raft.server.rpc.timeout.min = 5s (custom)
2019-09-18 08:47:29,296 [pool-37-thread-1] INFO  impl.RaftServerImpl (ServerState.java:<init>(103)) - 07201f0e-3a1c-4c3e-af2c-9eb1e9c35520@group-85722E6F2626: ConfigurationManager, init=-1: [6955b3b9-1fa4-46c5-a946-8e67bfb83506:192.168.157.246:34451, 07201f0e-3a1c-4c3e-af2c-9eb1e9c35520:192.168.157.246:39492, 92cc866f-2236-4b73-b0be-e1c51e7c2e55:192.168.157.246:35640], old=null, confs=<EMPTY_MAP>
2019-09-18 08:47:29,296 [pool-47-thread-1] INFO  server.RaftServerConfigKeys (ConfUtils.java:logGet(43)) - raft.server.rpc.timeout.max = 5200ms (custom)
2019-09-18 08:47:29,296 [pool-57-thread-1] INFO  impl.RaftServerImpl (RaftServerImpl.java:<init>(95)) - 6955b3b9-1fa4-46c5-a946-8e67bfb83506: new RaftServerImpl for group-85722E6F2626:[6955b3b9-1fa4-46c5-a946-8e67bfb83506:192.168.157.246:34451, 07201f0e-3a1c-4c3e-af2c-9eb1e9c35520:192.168.157.246:39492, 92cc866f-2236-4b73-b0be-e1c51e7c2e55:192.168.157.246:35640] with ContainerStateMachine:uninitialized
2019-09-18 08:47:29,296 [pool-47-thread-1] INFO  server.RaftServerConfigKeys (ConfUtils.java:logGet(43)) - raft.server.rpcslowness.timeout = 120s (custom)
2019-09-18 08:47:29,296 [pool-37-thread-1] INFO  server.RaftServerConfigKeys (ConfUtils.java:logGet(43)) - raft.server.storage.dir = [/workdir/hadoop-ozone/integration-test/target/test-dir/MiniOzoneClusterImpl-02ae093f-2137-4f54-abf4-d0f1fad2b35e/datanode-1/data/ratis] (custom)
2019-09-18 08:47:29,296 [pool-57-thread-1] INFO  server.RaftServerConfigKeys (ConfUtils.java:logGet(43)) - raft.server.rpc.timeout.min = 5s (custom)
2019-09-18 08:47:29,297 [pool-47-thread-1] INFO  server.RaftServerConfigKeys (ConfUtils.java:logGet(43)) - raft.server.sleep.deviation.threshold = 300 (default)
2019-09-18 08:47:29,297 [pool-57-thread-1] INFO  server.RaftServerConfigKeys (ConfUtils.java:logGet(43)) - raft.server.rpc.timeout.max = 5200ms (custom)
2019-09-18 08:47:29,297 [pool-47-thread-1] INFO  server.RaftServerConfigKeys (ConfUtils.java:logGet(43)) - raft.server.log.appender.install.snapshot.enabled = false (custom)
2019-09-18 08:47:29,297 [pool-57-thread-1] INFO  server.RaftServerConfigKeys (ConfUtils.java:logGet(43)) - raft.server.rpcslowness.timeout = 120s (custom)
2019-09-18 08:47:29,297 [pool-37-thread-1] INFO  storage.RaftStorageDirectory (RaftStorageDirectory.java:analyzeStorage(246)) - The storage directory /workdir/hadoop-ozone/integration-test/target/test-dir/MiniOzoneClusterImpl-02ae093f-2137-4f54-abf4-d0f1fad2b35e/datanode-1/data/ratis/2bfa63fb-76fd-4f8a-9c4c-85722e6f2626 does not exist. Creating ...
2019-09-18 08:47:29,297 [pool-57-thread-1] INFO  server.RaftServerConfigKeys (ConfUtils.java:logGet(43)) - raft.server.sleep.deviation.threshold = 300 (default)
2019-09-18 08:47:29,297 [pool-47-thread-1] INFO  impl.RaftServerImpl (ServerState.java:<init>(103)) - 92cc866f-2236-4b73-b0be-e1c51e7c2e55@group-85722E6F2626: ConfigurationManager, init=-1: [6955b3b9-1fa4-46c5-a946-8e67bfb83506:192.168.157.246:34451, 07201f0e-3a1c-4c3e-af2c-9eb1e9c35520:192.168.157.246:39492, 92cc866f-2236-4b73-b0be-e1c51e7c2e55:192.168.157.246:35640], old=null, confs=<EMPTY_MAP>
2019-09-18 08:47:29,297 [pool-57-thread-1] INFO  server.RaftServerConfigKeys (ConfUtils.java:logGet(43)) - raft.server.log.appender.install.snapshot.enabled = false (custom)
2019-09-18 08:47:29,297 [pool-47-thread-1] INFO  server.RaftServerConfigKeys (ConfUtils.java:logGet(43)) - raft.server.storage.dir = [/workdir/hadoop-ozone/integration-test/target/test-dir/MiniOzoneClusterImpl-02ae093f-2137-4f54-abf4-d0f1fad2b35e/datanode-2/data/ratis] (custom)
2019-09-18 08:47:29,298 [pool-57-thread-1] INFO  impl.RaftServerImpl (ServerState.java:<init>(103)) - 6955b3b9-1fa4-46c5-a946-8e67bfb83506@group-85722E6F2626: ConfigurationManager, init=-1: [6955b3b9-1fa4-46c5-a946-8e67bfb83506:192.168.157.246:34451, 07201f0e-3a1c-4c3e-af2c-9eb1e9c35520:192.168.157.246:39492, 92cc866f-2236-4b73-b0be-e1c51e7c2e55:192.168.157.246:35640], old=null, confs=<EMPTY_MAP>
2019-09-18 08:47:29,298 [pool-57-thread-1] INFO  server.RaftServerConfigKeys (ConfUtils.java:logGet(43)) - raft.server.storage.dir = [/workdir/hadoop-ozone/integration-test/target/test-dir/MiniOzoneClusterImpl-02ae093f-2137-4f54-abf4-d0f1fad2b35e/datanode-3/data/ratis] (custom)
2019-09-18 08:47:29,298 [pool-47-thread-1] INFO  storage.RaftStorageDirectory (RaftStorageDirectory.java:analyzeStorage(246)) - The storage directory /workdir/hadoop-ozone/integration-test/target/test-dir/MiniOzoneClusterImpl-02ae093f-2137-4f54-abf4-d0f1fad2b35e/datanode-2/data/ratis/2bfa63fb-76fd-4f8a-9c4c-85722e6f2626 does not exist. Creating ...
2019-09-18 08:47:29,298 [pool-57-thread-1] INFO  storage.RaftStorageDirectory (RaftStorageDirectory.java:analyzeStorage(246)) - The storage directory /workdir/hadoop-ozone/integration-test/target/test-dir/MiniOzoneClusterImpl-02ae093f-2137-4f54-abf4-d0f1fad2b35e/datanode-3/data/ratis/2bfa63fb-76fd-4f8a-9c4c-85722e6f2626 does not exist. Creating ...
2019-09-18 08:47:29,306 [pool-47-thread-1] INFO  storage.RaftStorageDirectory (RaftStorageDirectory.java:tryLock(328)) - Lock on /workdir/hadoop-ozone/integration-test/target/test-dir/MiniOzoneClusterImpl-02ae093f-2137-4f54-abf4-d0f1fad2b35e/datanode-2/data/ratis/2bfa63fb-76fd-4f8a-9c4c-85722e6f2626/in_use.lock acquired by nodename 22797@pr-hdds-2137-trunk-xplkb-1906903878
2019-09-18 08:47:29,307 [pool-37-thread-1] INFO  storage.RaftStorageDirectory (RaftStorageDirectory.java:tryLock(328)) - Lock on /workdir/hadoop-ozone/integration-test/target/test-dir/MiniOzoneClusterImpl-02ae093f-2137-4f54-abf4-d0f1fad2b35e/datanode-1/data/ratis/2bfa63fb-76fd-4f8a-9c4c-85722e6f2626/in_use.lock acquired by nodename 22797@pr-hdds-2137-trunk-xplkb-1906903878
2019-09-18 08:47:29,307 [pool-57-thread-1] INFO  storage.RaftStorageDirectory (RaftStorageDirectory.java:tryLock(328)) - Lock on /workdir/hadoop-ozone/integration-test/target/test-dir/MiniOzoneClusterImpl-02ae093f-2137-4f54-abf4-d0f1fad2b35e/datanode-3/data/ratis/2bfa63fb-76fd-4f8a-9c4c-85722e6f2626/in_use.lock acquired by nodename 22797@pr-hdds-2137-trunk-xplkb-1906903878
2019-09-18 08:47:29,407 [pool-47-thread-1] INFO  storage.RaftStorage (RaftStorage.java:format(72)) - Storage directory /workdir/hadoop-ozone/integration-test/target/test-dir/MiniOzoneClusterImpl-02ae093f-2137-4f54-abf4-d0f1fad2b35e/datanode-2/data/ratis/2bfa63fb-76fd-4f8a-9c4c-85722e6f2626 has been successfully formatted.
2019-09-18 08:47:29,407 [pool-57-thread-1] INFO  storage.RaftStorage (RaftStorage.java:format(72)) - Storage directory /workdir/hadoop-ozone/integration-test/target/test-dir/MiniOzoneClusterImpl-02ae093f-2137-4f54-abf4-d0f1fad2b35e/datanode-3/data/ratis/2bfa63fb-76fd-4f8a-9c4c-85722e6f2626 has been successfully formatted.
2019-09-18 08:47:29,407 [pool-37-thread-1] INFO  storage.RaftStorage (RaftStorage.java:format(72)) - Storage directory /workdir/hadoop-ozone/integration-test/target/test-dir/MiniOzoneClusterImpl-02ae093f-2137-4f54-abf4-d0f1fad2b35e/datanode-1/data/ratis/2bfa63fb-76fd-4f8a-9c4c-85722e6f2626 has been successfully formatted.
2019-09-18 08:47:29,408 [pool-47-thread-1] INFO  ratis.ContainerStateMachine (ContainerStateMachine.java:loadSnapshot(230)) - group-85722E6F2626: The snapshot info is null. Setting the last applied indexto:(t:0, i:~)
2019-09-18 08:47:29,408 [pool-57-thread-1] INFO  ratis.ContainerStateMachine (ContainerStateMachine.java:loadSnapshot(230)) - group-85722E6F2626: The snapshot info is null. Setting the last applied indexto:(t:0, i:~)
2019-09-18 08:47:29,408 [pool-47-thread-1] INFO  server.RaftServerConfigKeys (ConfUtils.java:logGet(43)) - raft.server.notification.no-leader.timeout = 120s (custom)
2019-09-18 08:47:29,408 [pool-57-thread-1] INFO  server.RaftServerConfigKeys (ConfUtils.java:logGet(43)) - raft.server.notification.no-leader.timeout = 120s (custom)
2019-09-18 08:47:29,408 [pool-47-thread-1] INFO  server.RaftServerConfigKeys (ConfUtils.java:logGet(43)) - raft.server.log.use.memory = false (default)
2019-09-18 08:47:29,408 [pool-57-thread-1] INFO  server.RaftServerConfigKeys (ConfUtils.java:logGet(43)) - raft.server.log.use.memory = false (default)
2019-09-18 08:47:29,408 [pool-47-thread-1] INFO  server.RaftServerConfigKeys (ConfUtils.java:logGet(43)) - raft.server.log.purge.gap = 1000000 (custom)
2019-09-18 08:47:29,409 [pool-57-thread-1] INFO  server.RaftServerConfigKeys (ConfUtils.java:logGet(43)) - raft.server.log.purge.gap = 1000000 (custom)
2019-09-18 08:47:29,409 [pool-37-thread-1] INFO  ratis.ContainerStateMachine (ContainerStateMachine.java:loadSnapshot(230)) - group-85722E6F2626: The snapshot info is null. Setting the last applied indexto:(t:0, i:~)
2019-09-18 08:47:29,409 [pool-57-thread-1] INFO  server.RaftServerConfigKeys (ConfUtils.java:logGet(43)) - raft.server.log.appender.buffer.byte-limit = 33554432 (custom)
2019-09-18 08:47:29,409 [pool-47-thread-1] INFO  server.RaftServerConfigKeys (ConfUtils.java:logGet(43)) - raft.server.log.appender.buffer.byte-limit = 33554432 (custom)
2019-09-18 08:47:29,409 [pool-57-thread-1] INFO  server.RaftServerConfigKeys (ConfUtils.java:logGet(43)) - raft.server.log.segment.size.max = 1048576 (custom)
2019-09-18 08:47:29,409 [pool-37-thread-1] INFO  server.RaftServerConfigKeys (ConfUtils.java:logGet(43)) - raft.server.notification.no-leader.timeout = 120s (custom)
2019-09-18 08:47:29,410 [pool-57-thread-1] INFO  server.RaftServerConfigKeys (ConfUtils.java:logGet(43)) - raft.server.log.segment.cache.num.max = 2 (custom)
2019-09-18 08:47:29,409 [pool-47-thread-1] INFO  server.RaftServerConfigKeys (ConfUtils.java:logGet(43)) - raft.server.log.segment.size.max = 1048576 (custom)
2019-09-18 08:47:29,410 [pool-57-thread-1] INFO  segmented.SegmentedRaftLogWorker (SegmentedRaftLogWorker.java:<init>(172)) - new 6955b3b9-1fa4-46c5-a946-8e67bfb83506@group-85722E6F2626-SegmentedRaftLogWorker for RaftStorage:Storage Directory /workdir/hadoop-ozone/integration-test/target/test-dir/MiniOzoneClusterImpl-02ae093f-2137-4f54-abf4-d0f1fad2b35e/datanode-3/data/ratis/2bfa63fb-76fd-4f8a-9c4c-85722e6f2626
2019-09-18 08:47:29,410 [pool-37-thread-1] INFO  server.RaftServerConfigKeys (ConfUtils.java:logGet(43)) - raft.server.log.use.memory = false (default)
2019-09-18 08:47:29,410 [pool-57-thread-1] INFO  server.RaftServerConfigKeys (ConfUtils.java:logGet(43)) - raft.server.log.queue.byte-limit = 2147483647 (custom)
2019-09-18 08:47:29,410 [pool-47-thread-1] INFO  server.RaftServerConfigKeys (ConfUtils.java:logGet(43)) - raft.server.log.segment.cache.num.max = 2 (custom)
2019-09-18 08:47:29,411 [pool-57-thread-1] INFO  server.RaftServerConfigKeys (ConfUtils.java:logGet(43)) - raft.server.log.queue.element-limit = 1024 (custom)
2019-09-18 08:47:29,410 [pool-37-thread-1] INFO  server.RaftServerConfigKeys (ConfUtils.java:logGet(43)) - raft.server.log.purge.gap = 1000000 (custom)
2019-09-18 08:47:29,411 [pool-57-thread-1] INFO  server.RaftServerConfigKeys (ConfUtils.java:logGet(43)) - raft.server.log.segment.size.max = 1048576 (custom)
2019-09-18 08:47:29,411 [pool-47-thread-1] INFO  segmented.SegmentedRaftLogWorker (SegmentedRaftLogWorker.java:<init>(172)) - new 92cc866f-2236-4b73-b0be-e1c51e7c2e55@group-85722E6F2626-SegmentedRaftLogWorker for RaftStorage:Storage Directory /workdir/hadoop-ozone/integration-test/target/test-dir/MiniOzoneClusterImpl-02ae093f-2137-4f54-abf4-d0f1fad2b35e/datanode-2/data/ratis/2bfa63fb-76fd-4f8a-9c4c-85722e6f2626
2019-09-18 08:47:29,411 [pool-57-thread-1] INFO  server.RaftServerConfigKeys (ConfUtils.java:logGet(43)) - raft.server.log.preallocated.size = 16384 (custom)
2019-09-18 08:47:29,411 [pool-37-thread-1] INFO  server.RaftServerConfigKeys (ConfUtils.java:logGet(43)) - raft.server.log.appender.buffer.byte-limit = 33554432 (custom)
2019-09-18 08:47:29,412 [pool-57-thread-1] INFO  server.RaftServerConfigKeys (ConfUtils.java:logGet(43)) - raft.server.log.write.buffer.size = 33554432 (custom)
2019-09-18 08:47:29,411 [pool-47-thread-1] INFO  server.RaftServerConfigKeys (ConfUtils.java:logGet(43)) - raft.server.log.queue.byte-limit = 2147483647 (custom)
2019-09-18 08:47:29,412 [pool-57-thread-1] INFO  server.RaftServerConfigKeys (ConfUtils.java:logGet(43)) - raft.server.log.force.sync.num = 128 (default)
2019-09-18 08:47:29,412 [pool-37-thread-1] INFO  server.RaftServerConfigKeys (ConfUtils.java:logGet(43)) - raft.server.log.segment.size.max = 1048576 (custom)
2019-09-18 08:47:29,412 [pool-57-thread-1] INFO  server.RaftServerConfigKeys (ConfUtils.java:logGet(43)) - raft.server.log.statemachine.data.sync = true (default)
2019-09-18 08:47:29,412 [pool-47-thread-1] INFO  server.RaftServerConfigKeys (ConfUtils.java:logGet(43)) - raft.server.log.queue.element-limit = 1024 (custom)
2019-09-18 08:47:29,413 [pool-57-thread-1] INFO  server.RaftServerConfigKeys (ConfUtils.java:logGet(43)) - raft.server.log.statemachine.data.sync.timeout = 10s (default)
2019-09-18 08:47:29,412 [pool-37-thread-1] INFO  server.RaftServerConfigKeys (ConfUtils.java:logGet(43)) - raft.server.log.segment.cache.num.max = 2 (custom)
2019-09-18 08:47:29,413 [pool-57-thread-1] INFO  server.RaftServerConfigKeys (ConfUtils.java:logGet(43)) - raft.server.log.statemachine.data.sync.timeout.retry = -1 (default)
2019-09-18 08:47:29,413 [pool-47-thread-1] INFO  server.RaftServerConfigKeys (ConfUtils.java:logGet(43)) - raft.server.log.segment.size.max = 1048576 (custom)
2019-09-18 08:47:29,413 [pool-57-thread-1] INFO  server.RaftServerConfigKeys (ConfUtils.java:logGet(43)) - raft.server.log.statemachine.data.caching.enabled = true (custom)
2019-09-18 08:47:29,413 [pool-37-thread-1] INFO  segmented.SegmentedRaftLogWorker (SegmentedRaftLogWorker.java:<init>(172)) - new 07201f0e-3a1c-4c3e-af2c-9eb1e9c35520@group-85722E6F2626-SegmentedRaftLogWorker for RaftStorage:Storage Directory /workdir/hadoop-ozone/integration-test/target/test-dir/MiniOzoneClusterImpl-02ae093f-2137-4f54-abf4-d0f1fad2b35e/datanode-1/data/ratis/2bfa63fb-76fd-4f8a-9c4c-85722e6f2626
2019-09-18 08:47:29,413 [pool-47-thread-1] INFO  server.RaftServerConfigKeys (ConfUtils.java:logGet(43)) - raft.server.log.preallocated.size = 16384 (custom)
2019-09-18 08:47:29,414 [pool-37-thread-1] INFO  server.RaftServerConfigKeys (ConfUtils.java:logGet(43)) - raft.server.log.queue.byte-limit = 2147483647 (custom)
2019-09-18 08:47:29,414 [pool-57-thread-1] INFO  segmented.SegmentedRaftLogWorker (SegmentedRaftLogWorker.java:lambda$new$0(132)) - 6955b3b9-1fa4-46c5-a946-8e67bfb83506@group-85722E6F2626-SegmentedRaftLogWorker: flushIndex: setUnconditionally 0 -> -1
2019-09-18 08:47:29,414 [pool-47-thread-1] INFO  server.RaftServerConfigKeys (ConfUtils.java:logGet(43)) - raft.server.log.write.buffer.size = 33554432 (custom)
2019-09-18 08:47:29,414 [pool-37-thread-1] INFO  server.RaftServerConfigKeys (ConfUtils.java:logGet(43)) - raft.server.log.queue.element-limit = 1024 (custom)
2019-09-18 08:47:29,414 [pool-57-thread-1] INFO  server.RaftServerConfigKeys (ConfUtils.java:logGet(43)) - raft.server.snapshot.auto.trigger.enabled = true (custom)
2019-09-18 08:47:29,414 [pool-47-thread-1] INFO  server.RaftServerConfigKeys (ConfUtils.java:logGet(43)) - raft.server.log.force.sync.num = 128 (default)
2019-09-18 08:47:29,415 [pool-57-thread-1] INFO  server.RaftServerConfigKeys (ConfUtils.java:logGet(43)) - raft.server.snapshot.auto.trigger.threshold = 10000 (custom)
2019-09-18 08:47:29,415 [pool-37-thread-1] INFO  server.RaftServerConfigKeys (ConfUtils.java:logGet(43)) - raft.server.log.segment.size.max = 1048576 (custom)
2019-09-18 08:47:29,415 [pool-57-thread-1] INFO  server.RaftServerConfigKeys (ConfUtils.java:logGet(43)) - raft.server.snapshot.retention.num.files = 5 (custom)
2019-09-18 08:47:29,415 [pool-47-thread-1] INFO  server.RaftServerConfigKeys (ConfUtils.java:logGet(43)) - raft.server.log.statemachine.data.sync = true (default)
2019-09-18 08:47:29,415 [pool-57-thread-1] INFO  server.RaftServerConfigKeys (ConfUtils.java:logGet(43)) - raft.server.retrycache.expirytime = 600000ms (custom)
2019-09-18 08:47:29,415 [pool-37-thread-1] INFO  server.RaftServerConfigKeys (ConfUtils.java:logGet(43)) - raft.server.log.preallocated.size = 16384 (custom)
2019-09-18 08:47:29,416 [pool-47-thread-1] INFO  server.RaftServerConfigKeys (ConfUtils.java:logGet(43)) - raft.server.log.statemachine.data.sync.timeout = 10s (default)
2019-09-18 08:47:29,416 [pool-37-thread-1] INFO  server.RaftServerConfigKeys (ConfUtils.java:logGet(43)) - raft.server.log.write.buffer.size = 33554432 (custom)
2019-09-18 08:47:29,416 [pool-47-thread-1] INFO  server.RaftServerConfigKeys (ConfUtils.java:logGet(43)) - raft.server.log.statemachine.data.sync.timeout.retry = -1 (default)
2019-09-18 08:47:29,416 [pool-37-thread-1] INFO  server.RaftServerConfigKeys (ConfUtils.java:logGet(43)) - raft.server.log.force.sync.num = 128 (default)
2019-09-18 08:47:29,416 [pool-47-thread-1] INFO  server.RaftServerConfigKeys (ConfUtils.java:logGet(43)) - raft.server.log.statemachine.data.caching.enabled = true (custom)
2019-09-18 08:47:29,417 [pool-37-thread-1] INFO  server.RaftServerConfigKeys (ConfUtils.java:logGet(43)) - raft.server.log.statemachine.data.sync = true (default)
2019-09-18 08:47:29,417 [pool-47-thread-1] INFO  segmented.SegmentedRaftLogWorker (SegmentedRaftLogWorker.java:lambda$new$0(132)) - 92cc866f-2236-4b73-b0be-e1c51e7c2e55@group-85722E6F2626-SegmentedRaftLogWorker: flushIndex: setUnconditionally 0 -> -1
2019-09-18 08:47:29,417 [pool-37-thread-1] INFO  server.RaftServerConfigKeys (ConfUtils.java:logGet(43)) - raft.server.log.statemachine.data.sync.timeout = 10s (default)
2019-09-18 08:47:29,417 [pool-47-thread-1] INFO  server.RaftServerConfigKeys (ConfUtils.java:logGet(43)) - raft.server.snapshot.auto.trigger.enabled = true (custom)
2019-09-18 08:47:29,417 [pool-37-thread-1] INFO  server.RaftServerConfigKeys (ConfUtils.java:logGet(43)) - raft.server.log.statemachine.data.sync.timeout.retry = -1 (default)
2019-09-18 08:47:29,417 [pool-47-thread-1] INFO  server.RaftServerConfigKeys (ConfUtils.java:logGet(43)) - raft.server.snapshot.auto.trigger.threshold = 10000 (custom)
2019-09-18 08:47:29,418 [pool-37-thread-1] INFO  server.RaftServerConfigKeys (ConfUtils.java:logGet(43)) - raft.server.log.statemachine.data.caching.enabled = true (custom)
2019-09-18 08:47:29,418 [pool-47-thread-1] INFO  server.RaftServerConfigKeys (ConfUtils.java:logGet(43)) - raft.server.snapshot.retention.num.files = 5 (custom)
2019-09-18 08:47:29,418 [pool-47-thread-1] INFO  server.RaftServerConfigKeys (ConfUtils.java:logGet(43)) - raft.server.retrycache.expirytime = 600000ms (custom)
2019-09-18 08:47:29,418 [pool-37-thread-1] INFO  segmented.SegmentedRaftLogWorker (SegmentedRaftLogWorker.java:lambda$new$0(132)) - 07201f0e-3a1c-4c3e-af2c-9eb1e9c35520@group-85722E6F2626-SegmentedRaftLogWorker: flushIndex: setUnconditionally 0 -> -1
2019-09-18 08:47:29,418 [pool-37-thread-1] INFO  server.RaftServerConfigKeys (ConfUtils.java:logGet(43)) - raft.server.snapshot.auto.trigger.enabled = true (custom)
2019-09-18 08:47:29,419 [pool-37-thread-1] INFO  server.RaftServerConfigKeys (ConfUtils.java:logGet(43)) - raft.server.snapshot.auto.trigger.threshold = 10000 (custom)
2019-09-18 08:47:29,419 [pool-37-thread-1] INFO  server.RaftServerConfigKeys (ConfUtils.java:logGet(43)) - raft.server.snapshot.retention.num.files = 5 (custom)
2019-09-18 08:47:29,419 [pool-37-thread-1] INFO  server.RaftServerConfigKeys (ConfUtils.java:logGet(43)) - raft.server.retrycache.expirytime = 600000ms (custom)
2019-09-18 08:47:29,420 [pool-57-thread-1] INFO  impl.RaftServerImpl (RaftServerImpl.java:start(185)) - 6955b3b9-1fa4-46c5-a946-8e67bfb83506@group-85722E6F2626: start as a follower, conf=-1: [6955b3b9-1fa4-46c5-a946-8e67bfb83506:192.168.157.246:34451, 07201f0e-3a1c-4c3e-af2c-9eb1e9c35520:192.168.157.246:39492, 92cc866f-2236-4b73-b0be-e1c51e7c2e55:192.168.157.246:35640], old=null
2019-09-18 08:47:29,420 [pool-57-thread-1] INFO  impl.RaftServerImpl (RaftServerImpl.java:setRole(174)) - 6955b3b9-1fa4-46c5-a946-8e67bfb83506@group-85722E6F2626: changes role from      null to FOLLOWER at term 0 for startAsFollower
2019-09-18 08:47:29,420 [pool-57-thread-1] INFO  impl.RoleInfo (RoleInfo.java:updateAndGet(143)) - 6955b3b9-1fa4-46c5-a946-8e67bfb83506: start FollowerState
2019-09-18 08:47:29,421 [pool-57-thread-1] INFO  util.JmxRegister (JmxRegister.java:tryRegister(44)) - Successfully registered JMX Bean with object name Ratis:service=RaftServer,group=group-85722E6F2626,id=6955b3b9-1fa4-46c5-a946-8e67bfb83506
2019-09-18 08:47:29,421 [pool-47-thread-1] INFO  impl.RaftServerImpl (RaftServerImpl.java:start(185)) - 92cc866f-2236-4b73-b0be-e1c51e7c2e55@group-85722E6F2626: start as a follower, conf=-1: [6955b3b9-1fa4-46c5-a946-8e67bfb83506:192.168.157.246:34451, 07201f0e-3a1c-4c3e-af2c-9eb1e9c35520:192.168.157.246:39492, 92cc866f-2236-4b73-b0be-e1c51e7c2e55:192.168.157.246:35640], old=null
2019-09-18 08:47:29,421 [pool-47-thread-1] INFO  impl.RaftServerImpl (RaftServerImpl.java:setRole(174)) - 92cc866f-2236-4b73-b0be-e1c51e7c2e55@group-85722E6F2626: changes role from      null to FOLLOWER at term 0 for startAsFollower
2019-09-18 08:47:29,421 [pool-47-thread-1] INFO  impl.RoleInfo (RoleInfo.java:updateAndGet(143)) - 92cc866f-2236-4b73-b0be-e1c51e7c2e55: start FollowerState
2019-09-18 08:47:29,422 [pool-47-thread-1] INFO  util.JmxRegister (JmxRegister.java:tryRegister(44)) - Successfully registered JMX Bean with object name Ratis:service=RaftServer,group=group-85722E6F2626,id=92cc866f-2236-4b73-b0be-e1c51e7c2e55
2019-09-18 08:47:29,422 [pool-37-thread-1] INFO  impl.RaftServerImpl (RaftServerImpl.java:start(185)) - 07201f0e-3a1c-4c3e-af2c-9eb1e9c35520@group-85722E6F2626: start as a follower, conf=-1: [6955b3b9-1fa4-46c5-a946-8e67bfb83506:192.168.157.246:34451, 07201f0e-3a1c-4c3e-af2c-9eb1e9c35520:192.168.157.246:39492, 92cc866f-2236-4b73-b0be-e1c51e7c2e55:192.168.157.246:35640], old=null
2019-09-18 08:47:29,422 [pool-37-thread-1] INFO  impl.RaftServerImpl (RaftServerImpl.java:setRole(174)) - 07201f0e-3a1c-4c3e-af2c-9eb1e9c35520@group-85722E6F2626: changes role from      null to FOLLOWER at term 0 for startAsFollower
2019-09-18 08:47:29,431 [pool-37-thread-1] INFO  impl.RoleInfo (RoleInfo.java:updateAndGet(143)) - 07201f0e-3a1c-4c3e-af2c-9eb1e9c35520: start FollowerState
2019-09-18 08:47:29,432 [pool-37-thread-1] INFO  util.JmxRegister (JmxRegister.java:tryRegister(44)) - Successfully registered JMX Bean with object name Ratis:service=RaftServer,group=group-85722E6F2626,id=07201f0e-3a1c-4c3e-af2c-9eb1e9c35520
2019-09-18 08:47:29,434 [grpc-default-executor-6] INFO  client.GrpcClientProtocolClient (GrpcClientProtocolClient.java:onNext(264)) - client-26873305E19C->b7c362a4-1ab0-45eb-b7d6-5bbf185330b0: receive RaftClientReply:client-26873305E19C->b7c362a4-1ab0-45eb-b7d6-5bbf185330b0@group-7A1641017854, cid=27, SUCCESS, logIndex=6, commits[b7c362a4-1ab0-45eb-b7d6-5bbf185330b0:c9, 79aceb8d-7506-4db3-918b-490683cdd051:c9, d20afad9-ca9d-4b60-b7db-4729e79b5ae2:c9]
2019-09-18 08:47:29,434 [RatisPipelineUtilsThread] INFO  pipeline.PipelineStateManager (PipelineStateManager.java:addPipeline(56)) - Created pipeline Pipeline[ Id: 2bfa63fb-76fd-4f8a-9c4c-85722e6f2626, Nodes: 07201f0e-3a1c-4c3e-af2c-9eb1e9c35520{ip: 192.168.157.246, host: pr-hdds-2137-trunk-xplkb-1906903878, networkLocation: /default-rack, certSerialId: null}6955b3b9-1fa4-46c5-a946-8e67bfb83506{ip: 192.168.157.246, host: pr-hdds-2137-trunk-xplkb-1906903878, networkLocation: /default-rack, certSerialId: null}92cc866f-2236-4b73-b0be-e1c51e7c2e55{ip: 192.168.157.246, host: pr-hdds-2137-trunk-xplkb-1906903878, networkLocation: /default-rack, certSerialId: null}, Type:RATIS, Factor:THREE, State:OPEN]
2019-09-18 08:47:29,442 [grpc-default-executor-0] INFO  interfaces.Container (KeyValueContainer.java:flushAndSyncDB(386)) - Container 2 is synced with bcsId 0.
2019-09-18 08:47:29,442 [grpc-default-executor-0] INFO  interfaces.Container (KeyValueContainer.java:flushAndSyncDB(386)) - Container 2 is synced with bcsId 0.
2019-09-18 08:47:31,875 [grpc-default-executor-4] INFO  impl.RaftServerProxy (RaftServerProxy.java:remove(95)) - 07201f0e-3a1c-4c3e-af2c-9eb1e9c35520: remove group-A544ECBE184E:null
2019-09-18 08:47:31,883 [RatisPipelineUtilsThread] WARN  pipeline.RatisPipelineUtils (RatisPipelineUtils.java:destroyPipeline(66)) - Pipeline destroy failed for pipeline=PipelineID=ddebc52c-51fe-4f49-932a-a544ecbe184e dn=07201f0e-3a1c-4c3e-af2c-9eb1e9c35520{ip: 192.168.157.246, host: pr-hdds-2137-trunk-xplkb-1906903878, networkLocation: /default-rack, certSerialId: null}
2019-09-18 08:47:31,890 [grpc-default-executor-4] INFO  impl.RaftServerProxy (RaftServerProxy.java:remove(95)) - 6955b3b9-1fa4-46c5-a946-8e67bfb83506: remove group-A544ECBE184E:null
2019-09-18 08:47:31,897 [RatisPipelineUtilsThread] WARN  pipeline.RatisPipelineUtils (RatisPipelineUtils.java:destroyPipeline(66)) - Pipeline destroy failed for pipeline=PipelineID=ddebc52c-51fe-4f49-932a-a544ecbe184e dn=6955b3b9-1fa4-46c5-a946-8e67bfb83506{ip: 192.168.157.246, host: pr-hdds-2137-trunk-xplkb-1906903878, networkLocation: /default-rack, certSerialId: null}
2019-09-18 08:47:31,912 [grpc-default-executor-4] INFO  impl.RaftServerProxy (RaftServerProxy.java:remove(95)) - 92cc866f-2236-4b73-b0be-e1c51e7c2e55: remove group-A544ECBE184E:null
2019-09-18 08:47:31,918 [RatisPipelineUtilsThread] WARN  pipeline.RatisPipelineUtils (RatisPipelineUtils.java:destroyPipeline(66)) - Pipeline destroy failed for pipeline=PipelineID=ddebc52c-51fe-4f49-932a-a544ecbe184e dn=92cc866f-2236-4b73-b0be-e1c51e7c2e55{ip: 192.168.157.246, host: pr-hdds-2137-trunk-xplkb-1906903878, networkLocation: /default-rack, certSerialId: null}
2019-09-18 08:47:31,919 [RatisPipelineUtilsThread] ERROR pipeline.SCMPipelineManager (Scheduler.java:lambda$schedule$1(70)) - Destroy pipeline failed for pipeline:Pipeline[ Id: ddebc52c-51fe-4f49-932a-a544ecbe184e, Nodes: 07201f0e-3a1c-4c3e-af2c-9eb1e9c35520{ip: 192.168.157.246, host: pr-hdds-2137-trunk-xplkb-1906903878, networkLocation: /default-rack, certSerialId: null}6955b3b9-1fa4-46c5-a946-8e67bfb83506{ip: 192.168.157.246, host: pr-hdds-2137-trunk-xplkb-1906903878, networkLocation: /default-rack, certSerialId: null}92cc866f-2236-4b73-b0be-e1c51e7c2e55{ip: 192.168.157.246, host: pr-hdds-2137-trunk-xplkb-1906903878, networkLocation: /default-rack, certSerialId: null}, Type:RATIS, Factor:THREE, State:CLOSED]
org.apache.hadoop.hdds.scm.pipeline.PipelineNotFoundException: PipelineID=ddebc52c-51fe-4f49-932a-a544ecbe184e not found
	at org.apache.hadoop.hdds.scm.pipeline.PipelineStateMap.getPipeline(PipelineStateMap.java:132)
	at org.apache.hadoop.hdds.scm.pipeline.PipelineStateMap.removePipeline(PipelineStateMap.java:322)
	at org.apache.hadoop.hdds.scm.pipeline.PipelineStateManager.removePipeline(PipelineStateManager.java:107)
	at org.apache.hadoop.hdds.scm.pipeline.SCMPipelineManager.removePipeline(SCMPipelineManager.java:423)
	at org.apache.hadoop.hdds.scm.pipeline.SCMPipelineManager.destroyPipeline(SCMPipelineManager.java:409)
	at org.apache.hadoop.hdds.scm.pipeline.SCMPipelineManager.lambda$finalizeAndDestroyPipeline$0(SCMPipelineManager.java:318)
	at org.apache.hadoop.utils.Scheduler.lambda$schedule$1(Scheduler.java:68)
	at java.util.concurrent.Executors$RunnableAdapter.call(Executors.java:511)
	at java.util.concurrent.FutureTask.run(FutureTask.java:266)
	at java.util.concurrent.ScheduledThreadPoolExecutor$ScheduledFutureTask.access$201(ScheduledThreadPoolExecutor.java:180)
	at java.util.concurrent.ScheduledThreadPoolExecutor$ScheduledFutureTask.run(ScheduledThreadPoolExecutor.java:293)
	at java.util.concurrent.ThreadPoolExecutor.runWorker(ThreadPoolExecutor.java:1149)
	at java.util.concurrent.ThreadPoolExecutor$Worker.run(ThreadPoolExecutor.java:624)
	at java.lang.Thread.run(Thread.java:748)
2019-09-18 08:47:33,881 [grpc-default-executor-4] INFO  impl.RaftServerProxy (RaftServerProxy.java:remove(95)) - 07201f0e-3a1c-4c3e-af2c-9eb1e9c35520: remove group-A544ECBE184E:null
2019-09-18 08:47:33,892 [RatisPipelineUtilsThread] WARN  pipeline.RatisPipelineUtils (RatisPipelineUtils.java:destroyPipeline(66)) - Pipeline destroy failed for pipeline=PipelineID=ddebc52c-51fe-4f49-932a-a544ecbe184e dn=07201f0e-3a1c-4c3e-af2c-9eb1e9c35520{ip: 192.168.157.246, host: pr-hdds-2137-trunk-xplkb-1906903878, networkLocation: /default-rack, certSerialId: null}
2019-09-18 08:47:33,899 [grpc-default-executor-4] INFO  impl.RaftServerProxy (RaftServerProxy.java:remove(95)) - 6955b3b9-1fa4-46c5-a946-8e67bfb83506: remove group-A544ECBE184E:null
2019-09-18 08:47:33,906 [RatisPipelineUtilsThread] WARN  pipeline.RatisPipelineUtils (RatisPipelineUtils.java:destroyPipeline(66)) - Pipeline destroy failed for pipeline=PipelineID=ddebc52c-51fe-4f49-932a-a544ecbe184e dn=6955b3b9-1fa4-46c5-a946-8e67bfb83506{ip: 192.168.157.246, host: pr-hdds-2137-trunk-xplkb-1906903878, networkLocation: /default-rack, certSerialId: null}
2019-09-18 08:47:33,914 [grpc-default-executor-4] INFO  impl.RaftServerProxy (RaftServerProxy.java:remove(95)) - 92cc866f-2236-4b73-b0be-e1c51e7c2e55: remove group-A544ECBE184E:null
2019-09-18 08:47:33,921 [RatisPipelineUtilsThread] WARN  pipeline.RatisPipelineUtils (RatisPipelineUtils.java:destroyPipeline(66)) - Pipeline destroy failed for pipeline=PipelineID=ddebc52c-51fe-4f49-932a-a544ecbe184e dn=92cc866f-2236-4b73-b0be-e1c51e7c2e55{ip: 192.168.157.246, host: pr-hdds-2137-trunk-xplkb-1906903878, networkLocation: /default-rack, certSerialId: null}
2019-09-18 08:47:33,921 [RatisPipelineUtilsThread] ERROR pipeline.SCMPipelineManager (Scheduler.java:lambda$schedule$1(70)) - Destroy pipeline failed for pipeline:Pipeline[ Id: ddebc52c-51fe-4f49-932a-a544ecbe184e, Nodes: 07201f0e-3a1c-4c3e-af2c-9eb1e9c35520{ip: 192.168.157.246, host: pr-hdds-2137-trunk-xplkb-1906903878, networkLocation: /default-rack, certSerialId: null}6955b3b9-1fa4-46c5-a946-8e67bfb83506{ip: 192.168.157.246, host: pr-hdds-2137-trunk-xplkb-1906903878, networkLocation: /default-rack, certSerialId: null}92cc866f-2236-4b73-b0be-e1c51e7c2e55{ip: 192.168.157.246, host: pr-hdds-2137-trunk-xplkb-1906903878, networkLocation: /default-rack, certSerialId: null}, Type:RATIS, Factor:THREE, State:CLOSED]
org.apache.hadoop.hdds.scm.pipeline.PipelineNotFoundException: PipelineID=ddebc52c-51fe-4f49-932a-a544ecbe184e not found
	at org.apache.hadoop.hdds.scm.pipeline.PipelineStateMap.getPipeline(PipelineStateMap.java:132)
	at org.apache.hadoop.hdds.scm.pipeline.PipelineStateMap.removePipeline(PipelineStateMap.java:322)
	at org.apache.hadoop.hdds.scm.pipeline.PipelineStateManager.removePipeline(PipelineStateManager.java:107)
	at org.apache.hadoop.hdds.scm.pipeline.SCMPipelineManager.removePipeline(SCMPipelineManager.java:423)
	at org.apache.hadoop.hdds.scm.pipeline.SCMPipelineManager.destroyPipeline(SCMPipelineManager.java:409)
	at org.apache.hadoop.hdds.scm.pipeline.SCMPipelineManager.lambda$finalizeAndDestroyPipeline$0(SCMPipelineManager.java:318)
	at org.apache.hadoop.utils.Scheduler.lambda$schedule$1(Scheduler.java:68)
	at java.util.concurrent.Executors$RunnableAdapter.call(Executors.java:511)
	at java.util.concurrent.FutureTask.run(FutureTask.java:266)
	at java.util.concurrent.ScheduledThreadPoolExecutor$ScheduledFutureTask.access$201(ScheduledThreadPoolExecutor.java:180)
	at java.util.concurrent.ScheduledThreadPoolExecutor$ScheduledFutureTask.run(ScheduledThreadPoolExecutor.java:293)
	at java.util.concurrent.ThreadPoolExecutor.runWorker(ThreadPoolExecutor.java:1149)
	at java.util.concurrent.ThreadPoolExecutor$Worker.run(ThreadPoolExecutor.java:624)
	at java.lang.Thread.run(Thread.java:748)
2019-09-18 08:47:34,558 [Thread-847] INFO  impl.FollowerState (FollowerState.java:run(106)) - 92cc866f-2236-4b73-b0be-e1c51e7c2e55:group-85722E6F2626 changes to CANDIDATE, lastRpcTime:5136, electionTimeout:5136ms
2019-09-18 08:47:34,558 [Thread-847] INFO  impl.RoleInfo (RoleInfo.java:shutdownFollowerState(121)) - 92cc866f-2236-4b73-b0be-e1c51e7c2e55: shutdown FollowerState
2019-09-18 08:47:34,558 [Thread-847] INFO  impl.RaftServerImpl (RaftServerImpl.java:setRole(174)) - 92cc866f-2236-4b73-b0be-e1c51e7c2e55@group-85722E6F2626: changes role from  FOLLOWER to CANDIDATE at term 0 for changeToCandidate
2019-09-18 08:47:34,559 [Thread-847] INFO  impl.RoleInfo (RoleInfo.java:updateAndGet(143)) - 92cc866f-2236-4b73-b0be-e1c51e7c2e55: start LeaderElection
2019-09-18 08:47:34,580 [92cc866f-2236-4b73-b0be-e1c51e7c2e55@group-85722E6F2626:LeaderElection13] INFO  impl.LeaderElection (LeaderElection.java:askForVotes(182)) - 92cc866f-2236-4b73-b0be-e1c51e7c2e55@group-85722E6F2626:LeaderElection13: begin an election at term 1 for -1: [6955b3b9-1fa4-46c5-a946-8e67bfb83506:192.168.157.246:34451, 07201f0e-3a1c-4c3e-af2c-9eb1e9c35520:192.168.157.246:39492, 92cc866f-2236-4b73-b0be-e1c51e7c2e55:192.168.157.246:35640], old=null
2019-09-18 08:47:34,593 [grpc-default-executor-0] INFO  impl.RaftServerImpl (RaftServerImpl.java:setRole(174)) - 6955b3b9-1fa4-46c5-a946-8e67bfb83506@group-85722E6F2626: changes role from  FOLLOWER to FOLLOWER at term 1 for recognizeCandidate:92cc866f-2236-4b73-b0be-e1c51e7c2e55
2019-09-18 08:47:34,595 [grpc-default-executor-4] INFO  impl.RaftServerImpl (RaftServerImpl.java:setRole(174)) - 07201f0e-3a1c-4c3e-af2c-9eb1e9c35520@group-85722E6F2626: changes role from  FOLLOWER to FOLLOWER at term 1 for recognizeCandidate:92cc866f-2236-4b73-b0be-e1c51e7c2e55
2019-09-18 08:47:34,596 [grpc-default-executor-0] INFO  impl.RoleInfo (RoleInfo.java:shutdownFollowerState(121)) - 6955b3b9-1fa4-46c5-a946-8e67bfb83506: shutdown FollowerState
2019-09-18 08:47:34,596 [grpc-default-executor-4] INFO  impl.RoleInfo (RoleInfo.java:shutdownFollowerState(121)) - 07201f0e-3a1c-4c3e-af2c-9eb1e9c35520: shutdown FollowerState
2019-09-18 08:47:34,596 [grpc-default-executor-0] INFO  impl.RoleInfo (RoleInfo.java:updateAndGet(143)) - 6955b3b9-1fa4-46c5-a946-8e67bfb83506: start FollowerState
2019-09-18 08:47:34,596 [Thread-845] INFO  impl.FollowerState (FollowerState.java:run(115)) - 6955b3b9-1fa4-46c5-a946-8e67bfb83506: FollowerState was interrupted: java.lang.InterruptedException: sleep interrupted
2019-09-18 08:47:34,596 [grpc-default-executor-4] INFO  impl.RoleInfo (RoleInfo.java:updateAndGet(143)) - 07201f0e-3a1c-4c3e-af2c-9eb1e9c35520: start FollowerState
2019-09-18 08:47:34,596 [Thread-849] INFO  impl.FollowerState (FollowerState.java:run(115)) - 07201f0e-3a1c-4c3e-af2c-9eb1e9c35520: FollowerState was interrupted: java.lang.InterruptedException: sleep interrupted
2019-09-18 08:47:34,627 [92cc866f-2236-4b73-b0be-e1c51e7c2e55@group-85722E6F2626:LeaderElection13] INFO  impl.LeaderElection (LeaderElection.java:logAndReturn(56)) - 92cc866f-2236-4b73-b0be-e1c51e7c2e55@group-85722E6F2626:LeaderElection13: Election PASSED; received 1 response(s) [92cc866f-2236-4b73-b0be-e1c51e7c2e55<-07201f0e-3a1c-4c3e-af2c-9eb1e9c35520#0:OK-t1] and 0 exception(s); 92cc866f-2236-4b73-b0be-e1c51e7c2e55@group-85722E6F2626:t1, leader=null, voted=92cc866f-2236-4b73-b0be-e1c51e7c2e55, raftlog=92cc866f-2236-4b73-b0be-e1c51e7c2e55@group-85722E6F2626-SegmentedRaftLog:OPENED:c-1,f-1,i0, conf=-1: [6955b3b9-1fa4-46c5-a946-8e67bfb83506:192.168.157.246:34451, 07201f0e-3a1c-4c3e-af2c-9eb1e9c35520:192.168.157.246:39492, 92cc866f-2236-4b73-b0be-e1c51e7c2e55:192.168.157.246:35640], old=null
2019-09-18 08:47:34,627 [92cc866f-2236-4b73-b0be-e1c51e7c2e55@group-85722E6F2626:LeaderElection13] INFO  impl.RoleInfo (RoleInfo.java:shutdownLeaderElection(134)) - 92cc866f-2236-4b73-b0be-e1c51e7c2e55: shutdown LeaderElection
2019-09-18 08:47:34,629 [92cc866f-2236-4b73-b0be-e1c51e7c2e55@group-85722E6F2626:LeaderElection13] INFO  impl.RaftServerImpl (RaftServerImpl.java:setRole(174)) - 92cc866f-2236-4b73-b0be-e1c51e7c2e55@group-85722E6F2626: changes role from CANDIDATE to LEADER at term 1 for changeToLeader
2019-09-18 08:47:34,629 [92cc866f-2236-4b73-b0be-e1c51e7c2e55@group-85722E6F2626:LeaderElection13] INFO  impl.RaftServerImpl (ServerState.java:setLeader(253)) - 92cc866f-2236-4b73-b0be-e1c51e7c2e55@group-85722E6F2626: change Leader from null to 92cc866f-2236-4b73-b0be-e1c51e7c2e55 at term 1 for becomeLeader, leader elected after 5221ms
2019-09-18 08:47:34,630 [92cc866f-2236-4b73-b0be-e1c51e7c2e55@group-85722E6F2626:LeaderElection13] INFO  server.RaftServerConfigKeys (ConfUtils.java:logGet(43)) - raft.server.staging.catchup.gap = 1000 (default)
2019-09-18 08:47:34,630 [92cc866f-2236-4b73-b0be-e1c51e7c2e55@group-85722E6F2626:LeaderElection13] INFO  server.RaftServerConfigKeys (ConfUtils.java:logGet(43)) - raft.server.rpc.sleep.time = 25ms (default)
2019-09-18 08:47:34,630 [92cc866f-2236-4b73-b0be-e1c51e7c2e55@group-85722E6F2626:LeaderElection13] INFO  server.RaftServerConfigKeys (ConfUtils.java:logGet(43)) - raft.server.write.element-limit = 4096 (default)
2019-09-18 08:47:34,630 [92cc866f-2236-4b73-b0be-e1c51e7c2e55@group-85722E6F2626:LeaderElection13] INFO  server.RaftServerConfigKeys (ConfUtils.java:logGet(43)) - raft.server.watch.timeout = 10s (default)
2019-09-18 08:47:34,630 [92cc866f-2236-4b73-b0be-e1c51e7c2e55@group-85722E6F2626:LeaderElection13] INFO  server.RaftServerConfigKeys (ConfUtils.java:logGet(43)) - raft.server.watch.timeout.denomination = 1s (default)
2019-09-18 08:47:34,631 [92cc866f-2236-4b73-b0be-e1c51e7c2e55@group-85722E6F2626:LeaderElection13] INFO  server.RaftServerConfigKeys (ConfUtils.java:logGet(43)) - raft.server.watch.element-limit = 65536 (default)
2019-09-18 08:47:34,634 [92cc866f-2236-4b73-b0be-e1c51e7c2e55@group-85722E6F2626:LeaderElection13] INFO  server.RaftServerConfigKeys (ConfUtils.java:logGet(43)) - raft.server.log.appender.snapshot.chunk.size.max = 16MB (=16777216) (default)
2019-09-18 08:47:34,634 [92cc866f-2236-4b73-b0be-e1c51e7c2e55@group-85722E6F2626:LeaderElection13] INFO  server.RaftServerConfigKeys (ConfUtils.java:logGet(43)) - raft.server.log.appender.buffer.byte-limit = 33554432 (custom)
2019-09-18 08:47:34,635 [92cc866f-2236-4b73-b0be-e1c51e7c2e55@group-85722E6F2626:LeaderElection13] INFO  server.RaftServerConfigKeys (ConfUtils.java:logGet(43)) - raft.server.log.appender.buffer.element-limit = 1 (custom)
2019-09-18 08:47:34,635 [92cc866f-2236-4b73-b0be-e1c51e7c2e55@group-85722E6F2626:LeaderElection13] INFO  grpc.GrpcConfigKeys$Server (ConfUtils.java:logGet(43)) - raft.grpc.server.leader.outstanding.appends.max = 128 (default)
2019-09-18 08:47:34,635 [92cc866f-2236-4b73-b0be-e1c51e7c2e55@group-85722E6F2626:LeaderElection13] INFO  server.RaftServerConfigKeys (ConfUtils.java:logGet(43)) - raft.server.rpc.request.timeout = 3000ms (default)
2019-09-18 08:47:34,635 [92cc866f-2236-4b73-b0be-e1c51e7c2e55@group-85722E6F2626:LeaderElection13] INFO  server.RaftServerConfigKeys (ConfUtils.java:logGet(43)) - raft.server.log.appender.install.snapshot.enabled = false (custom)
2019-09-18 08:47:34,635 [92cc866f-2236-4b73-b0be-e1c51e7c2e55@group-85722E6F2626:LeaderElection13] INFO  server.RaftServerConfigKeys (ConfUtils.java:logGet(43)) - raft.server.log.appender.snapshot.chunk.size.max = 16MB (=16777216) (default)
2019-09-18 08:47:34,636 [92cc866f-2236-4b73-b0be-e1c51e7c2e55@group-85722E6F2626:LeaderElection13] INFO  server.RaftServerConfigKeys (ConfUtils.java:logGet(43)) - raft.server.log.appender.buffer.byte-limit = 33554432 (custom)
2019-09-18 08:47:34,636 [92cc866f-2236-4b73-b0be-e1c51e7c2e55@group-85722E6F2626:LeaderElection13] INFO  server.RaftServerConfigKeys (ConfUtils.java:logGet(43)) - raft.server.log.appender.buffer.element-limit = 1 (custom)
2019-09-18 08:47:34,636 [92cc866f-2236-4b73-b0be-e1c51e7c2e55@group-85722E6F2626:LeaderElection13] INFO  grpc.GrpcConfigKeys$Server (ConfUtils.java:logGet(43)) - raft.grpc.server.leader.outstanding.appends.max = 128 (default)
2019-09-18 08:47:34,636 [92cc866f-2236-4b73-b0be-e1c51e7c2e55@group-85722E6F2626:LeaderElection13] INFO  server.RaftServerConfigKeys (ConfUtils.java:logGet(43)) - raft.server.rpc.request.timeout = 3000ms (default)
2019-09-18 08:47:34,636 [92cc866f-2236-4b73-b0be-e1c51e7c2e55@group-85722E6F2626:LeaderElection13] INFO  server.RaftServerConfigKeys (ConfUtils.java:logGet(43)) - raft.server.log.appender.install.snapshot.enabled = false (custom)
2019-09-18 08:47:34,637 [92cc866f-2236-4b73-b0be-e1c51e7c2e55@group-85722E6F2626:LeaderElection13] INFO  impl.RoleInfo (RoleInfo.java:updateAndGet(143)) - 92cc866f-2236-4b73-b0be-e1c51e7c2e55: start LeaderState
2019-09-18 08:47:34,637 [92cc866f-2236-4b73-b0be-e1c51e7c2e55@group-85722E6F2626:LeaderElection13] INFO  segmented.SegmentedRaftLogWorker (SegmentedRaftLogWorker.java:startLogSegment(380)) - 92cc866f-2236-4b73-b0be-e1c51e7c2e55@group-85722E6F2626-SegmentedRaftLogWorker: Starting segment from index:0
2019-09-18 08:47:34,638 [92cc866f-2236-4b73-b0be-e1c51e7c2e55@group-85722E6F2626:LeaderElection13] INFO  impl.RaftServerImpl (ServerState.java:setRaftConf(354)) - 92cc866f-2236-4b73-b0be-e1c51e7c2e55@group-85722E6F2626: set configuration 0: [6955b3b9-1fa4-46c5-a946-8e67bfb83506:192.168.157.246:34451, 07201f0e-3a1c-4c3e-af2c-9eb1e9c35520:192.168.157.246:39492, 92cc866f-2236-4b73-b0be-e1c51e7c2e55:192.168.157.246:35640], old=null at 0
2019-09-18 08:47:34,676 [grpc-default-executor-0] INFO  impl.RaftServerImpl (ServerState.java:setLeader(253)) - 6955b3b9-1fa4-46c5-a946-8e67bfb83506@group-85722E6F2626: change Leader from null to 92cc866f-2236-4b73-b0be-e1c51e7c2e55 at term 1 for appendEntries, leader elected after 5268ms
2019-09-18 08:47:34,676 [grpc-default-executor-4] INFO  impl.RaftServerImpl (ServerState.java:setLeader(253)) - 07201f0e-3a1c-4c3e-af2c-9eb1e9c35520@group-85722E6F2626: change Leader from null to 92cc866f-2236-4b73-b0be-e1c51e7c2e55 at term 1 for appendEntries, leader elected after 5267ms
2019-09-18 08:47:34,684 [grpc-default-executor-4] INFO  impl.RaftServerImpl (ServerState.java:setRaftConf(354)) - 6955b3b9-1fa4-46c5-a946-8e67bfb83506@group-85722E6F2626: set configuration 0: [6955b3b9-1fa4-46c5-a946-8e67bfb83506:192.168.157.246:34451, 07201f0e-3a1c-4c3e-af2c-9eb1e9c35520:192.168.157.246:39492, 92cc866f-2236-4b73-b0be-e1c51e7c2e55:192.168.157.246:35640], old=null at 0
2019-09-18 08:47:34,684 [grpc-default-executor-0] INFO  impl.RaftServerImpl (ServerState.java:setRaftConf(354)) - 07201f0e-3a1c-4c3e-af2c-9eb1e9c35520@group-85722E6F2626: set configuration 0: [6955b3b9-1fa4-46c5-a946-8e67bfb83506:192.168.157.246:34451, 07201f0e-3a1c-4c3e-af2c-9eb1e9c35520:192.168.157.246:39492, 92cc866f-2236-4b73-b0be-e1c51e7c2e55:192.168.157.246:35640], old=null at 0
2019-09-18 08:47:34,684 [grpc-default-executor-4] INFO  segmented.SegmentedRaftLogWorker (SegmentedRaftLogWorker.java:startLogSegment(380)) - 6955b3b9-1fa4-46c5-a946-8e67bfb83506@group-85722E6F2626-SegmentedRaftLogWorker: Starting segment from index:0
2019-09-18 08:47:34,684 [grpc-default-executor-0] INFO  segmented.SegmentedRaftLogWorker (SegmentedRaftLogWorker.java:startLogSegment(380)) - 07201f0e-3a1c-4c3e-af2c-9eb1e9c35520@group-85722E6F2626-SegmentedRaftLogWorker: Starting segment from index:0
2019-09-18 08:47:34,688 [92cc866f-2236-4b73-b0be-e1c51e7c2e55@group-85722E6F2626-SegmentedRaftLogWorker] INFO  segmented.SegmentedRaftLogWorker (SegmentedRaftLogWorker.java:execute(569)) - 92cc866f-2236-4b73-b0be-e1c51e7c2e55@group-85722E6F2626-SegmentedRaftLogWorker: created new log segment /workdir/hadoop-ozone/integration-test/target/test-dir/MiniOzoneClusterImpl-02ae093f-2137-4f54-abf4-d0f1fad2b35e/datanode-2/data/ratis/2bfa63fb-76fd-4f8a-9c4c-85722e6f2626/current/log_inprogress_0
2019-09-18 08:47:34,733 [6955b3b9-1fa4-46c5-a946-8e67bfb83506@group-85722E6F2626-SegmentedRaftLogWorker] INFO  segmented.SegmentedRaftLogWorker (SegmentedRaftLogWorker.java:execute(569)) - 6955b3b9-1fa4-46c5-a946-8e67bfb83506@group-85722E6F2626-SegmentedRaftLogWorker: created new log segment /workdir/hadoop-ozone/integration-test/target/test-dir/MiniOzoneClusterImpl-02ae093f-2137-4f54-abf4-d0f1fad2b35e/datanode-3/data/ratis/2bfa63fb-76fd-4f8a-9c4c-85722e6f2626/current/log_inprogress_0
2019-09-18 08:47:34,733 [07201f0e-3a1c-4c3e-af2c-9eb1e9c35520@group-85722E6F2626-SegmentedRaftLogWorker] INFO  segmented.SegmentedRaftLogWorker (SegmentedRaftLogWorker.java:execute(569)) - 07201f0e-3a1c-4c3e-af2c-9eb1e9c35520@group-85722E6F2626-SegmentedRaftLogWorker: created new log segment /workdir/hadoop-ozone/integration-test/target/test-dir/MiniOzoneClusterImpl-02ae093f-2137-4f54-abf4-d0f1fad2b35e/datanode-1/data/ratis/2bfa63fb-76fd-4f8a-9c4c-85722e6f2626/current/log_inprogress_0
2019-09-18 08:47:35,279 [grpc-default-executor-0] INFO  client.GrpcClientProtocolClient (GrpcClientProtocolClient.java:onNext(264)) - client-26873305E19C->79aceb8d-7506-4db3-918b-490683cdd051: receive RaftClientReply:client-26873305E19C->79aceb8d-7506-4db3-918b-490683cdd051@group-7A1641017854, cid=27, FAILED org.apache.ratis.protocol.NotLeaderException: Server 79aceb8d-7506-4db3-918b-490683cdd051@group-7A1641017854 is not the leader b7c362a4-1ab0-45eb-b7d6-5bbf185330b0:192.168.157.246:34960, logIndex=0, commits[79aceb8d-7506-4db3-918b-490683cdd051:c9, d20afad9-ca9d-4b60-b7db-4729e79b5ae2:c9, b7c362a4-1ab0-45eb-b7d6-5bbf185330b0:c9]
2019-09-18 08:47:35,343 [grpc-default-executor-4] INFO  client.GrpcClientProtocolClient (GrpcClientProtocolClient.java:onNext(264)) - client-26873305E19C->b7c362a4-1ab0-45eb-b7d6-5bbf185330b0: receive RaftClientReply:client-26873305E19C->b7c362a4-1ab0-45eb-b7d6-5bbf185330b0@group-7A1641017854, cid=27, SUCCESS, logIndex=6, commits[b7c362a4-1ab0-45eb-b7d6-5bbf185330b0:c9, 79aceb8d-7506-4db3-918b-490683cdd051:c9, d20afad9-ca9d-4b60-b7db-4729e79b5ae2:c9]
]]></system-out>
  </testcase>
  <testcase name="testMultiChunkWrite" classname="org.apache.hadoop.ozone.client.rpc.TestBlockOutputStream" time="3.516"/>
  <testcase name="testFullBufferCondition" classname="org.apache.hadoop.ozone.client.rpc.TestBlockOutputStream" time="2.559"/>
  <testcase name="testBufferCaching" classname="org.apache.hadoop.ozone.client.rpc.TestBlockOutputStream" time="2.314"/>
  <testcase name="testWriteWithExceedingMaxBufferLimit" classname="org.apache.hadoop.ozone.client.rpc.TestBlockOutputStream" time="192.577">
    <failure message="expected:&lt;19&gt; but was:&lt;23&gt;" type="java.lang.AssertionError"><![CDATA[java.lang.AssertionError: expected:<19> but was:<23>
	at org.junit.Assert.fail(Assert.java:88)
	at org.junit.Assert.failNotEquals(Assert.java:743)
	at org.junit.Assert.assertEquals(Assert.java:118)
	at org.junit.Assert.assertEquals(Assert.java:555)
	at org.junit.Assert.assertEquals(Assert.java:542)
	at org.apache.hadoop.ozone.client.rpc.TestBlockOutputStream.testWriteWithExceedingMaxBufferLimit(TestBlockOutputStream.java:614)
	at sun.reflect.NativeMethodAccessorImpl.invoke0(Native Method)
	at sun.reflect.NativeMethodAccessorImpl.invoke(NativeMethodAccessorImpl.java:62)
	at sun.reflect.DelegatingMethodAccessorImpl.invoke(DelegatingMethodAccessorImpl.java:43)
	at java.lang.reflect.Method.invoke(Method.java:498)
	at org.junit.runners.model.FrameworkMethod$1.runReflectiveCall(FrameworkMethod.java:47)
	at org.junit.internal.runners.model.ReflectiveCallable.run(ReflectiveCallable.java:12)
	at org.junit.runners.model.FrameworkMethod.invokeExplosively(FrameworkMethod.java:44)
	at org.junit.internal.runners.statements.InvokeMethod.evaluate(InvokeMethod.java:17)
	at org.junit.runners.ParentRunner.runLeaf(ParentRunner.java:271)
	at org.junit.runners.BlockJUnit4ClassRunner.runChild(BlockJUnit4ClassRunner.java:70)
	at org.junit.runners.BlockJUnit4ClassRunner.runChild(BlockJUnit4ClassRunner.java:50)
	at org.junit.runners.ParentRunner$3.run(ParentRunner.java:238)
	at org.junit.runners.ParentRunner$1.schedule(ParentRunner.java:63)
	at org.junit.runners.ParentRunner.runChildren(ParentRunner.java:236)
	at org.junit.runners.ParentRunner.access$000(ParentRunner.java:53)
	at org.junit.runners.ParentRunner$2.evaluate(ParentRunner.java:229)
	at org.junit.internal.runners.statements.RunBefores.evaluate(RunBefores.java:26)
	at org.junit.internal.runners.statements.RunAfters.evaluate(RunAfters.java:27)
	at org.junit.runners.ParentRunner.run(ParentRunner.java:309)
	at org.apache.maven.surefire.junit4.JUnit4Provider.execute(JUnit4Provider.java:365)
	at org.apache.maven.surefire.junit4.JUnit4Provider.executeWithRerun(JUnit4Provider.java:273)
	at org.apache.maven.surefire.junit4.JUnit4Provider.executeTestSet(JUnit4Provider.java:238)
	at org.apache.maven.surefire.junit4.JUnit4Provider.invoke(JUnit4Provider.java:159)
	at org.apache.maven.surefire.booter.ForkedBooter.invokeProviderInSameClassLoader(ForkedBooter.java:384)
	at org.apache.maven.surefire.booter.ForkedBooter.runSuitesInProcess(ForkedBooter.java:345)
	at org.apache.maven.surefire.booter.ForkedBooter.execute(ForkedBooter.java:126)
	at org.apache.maven.surefire.booter.ForkedBooter.main(ForkedBooter.java:418)
]]></failure>
    <system-out><![CDATA[2019-09-18 08:47:43,872 [grpc-default-executor-5] INFO  impl.RaftServerProxy (RaftServerProxy.java:remove(95)) - 07201f0e-3a1c-4c3e-af2c-9eb1e9c35520: remove group-A544ECBE184E:null
2019-09-18 08:47:43,878 [RatisPipelineUtilsThread] WARN  pipeline.RatisPipelineUtils (RatisPipelineUtils.java:destroyPipeline(66)) - Pipeline destroy failed for pipeline=PipelineID=ddebc52c-51fe-4f49-932a-a544ecbe184e dn=07201f0e-3a1c-4c3e-af2c-9eb1e9c35520{ip: 192.168.157.246, host: pr-hdds-2137-trunk-xplkb-1906903878, networkLocation: /default-rack, certSerialId: null}
2019-09-18 08:47:43,882 [grpc-default-executor-5] INFO  impl.RaftServerProxy (RaftServerProxy.java:remove(95)) - 6955b3b9-1fa4-46c5-a946-8e67bfb83506: remove group-A544ECBE184E:null
2019-09-18 08:47:43,886 [RatisPipelineUtilsThread] WARN  pipeline.RatisPipelineUtils (RatisPipelineUtils.java:destroyPipeline(66)) - Pipeline destroy failed for pipeline=PipelineID=ddebc52c-51fe-4f49-932a-a544ecbe184e dn=6955b3b9-1fa4-46c5-a946-8e67bfb83506{ip: 192.168.157.246, host: pr-hdds-2137-trunk-xplkb-1906903878, networkLocation: /default-rack, certSerialId: null}
2019-09-18 08:47:43,895 [grpc-default-executor-5] INFO  impl.RaftServerProxy (RaftServerProxy.java:remove(95)) - 92cc866f-2236-4b73-b0be-e1c51e7c2e55: remove group-A544ECBE184E:null
2019-09-18 08:47:43,900 [RatisPipelineUtilsThread] WARN  pipeline.RatisPipelineUtils (RatisPipelineUtils.java:destroyPipeline(66)) - Pipeline destroy failed for pipeline=PipelineID=ddebc52c-51fe-4f49-932a-a544ecbe184e dn=92cc866f-2236-4b73-b0be-e1c51e7c2e55{ip: 192.168.157.246, host: pr-hdds-2137-trunk-xplkb-1906903878, networkLocation: /default-rack, certSerialId: null}
2019-09-18 08:47:43,900 [RatisPipelineUtilsThread] ERROR pipeline.SCMPipelineManager (Scheduler.java:lambda$schedule$1(70)) - Destroy pipeline failed for pipeline:Pipeline[ Id: ddebc52c-51fe-4f49-932a-a544ecbe184e, Nodes: 07201f0e-3a1c-4c3e-af2c-9eb1e9c35520{ip: 192.168.157.246, host: pr-hdds-2137-trunk-xplkb-1906903878, networkLocation: /default-rack, certSerialId: null}6955b3b9-1fa4-46c5-a946-8e67bfb83506{ip: 192.168.157.246, host: pr-hdds-2137-trunk-xplkb-1906903878, networkLocation: /default-rack, certSerialId: null}92cc866f-2236-4b73-b0be-e1c51e7c2e55{ip: 192.168.157.246, host: pr-hdds-2137-trunk-xplkb-1906903878, networkLocation: /default-rack, certSerialId: null}, Type:RATIS, Factor:THREE, State:CLOSED]
org.apache.hadoop.hdds.scm.pipeline.PipelineNotFoundException: PipelineID=ddebc52c-51fe-4f49-932a-a544ecbe184e not found
	at org.apache.hadoop.hdds.scm.pipeline.PipelineStateMap.getPipeline(PipelineStateMap.java:132)
	at org.apache.hadoop.hdds.scm.pipeline.PipelineStateMap.removePipeline(PipelineStateMap.java:322)
	at org.apache.hadoop.hdds.scm.pipeline.PipelineStateManager.removePipeline(PipelineStateManager.java:107)
	at org.apache.hadoop.hdds.scm.pipeline.SCMPipelineManager.removePipeline(SCMPipelineManager.java:423)
	at org.apache.hadoop.hdds.scm.pipeline.SCMPipelineManager.destroyPipeline(SCMPipelineManager.java:409)
	at org.apache.hadoop.hdds.scm.pipeline.SCMPipelineManager.lambda$finalizeAndDestroyPipeline$0(SCMPipelineManager.java:318)
	at org.apache.hadoop.utils.Scheduler.lambda$schedule$1(Scheduler.java:68)
	at java.util.concurrent.Executors$RunnableAdapter.call(Executors.java:511)
	at java.util.concurrent.FutureTask.run(FutureTask.java:266)
	at java.util.concurrent.ScheduledThreadPoolExecutor$ScheduledFutureTask.access$201(ScheduledThreadPoolExecutor.java:180)
	at java.util.concurrent.ScheduledThreadPoolExecutor$ScheduledFutureTask.run(ScheduledThreadPoolExecutor.java:293)
	at java.util.concurrent.ThreadPoolExecutor.runWorker(ThreadPoolExecutor.java:1149)
	at java.util.concurrent.ThreadPoolExecutor$Worker.run(ThreadPoolExecutor.java:624)
	at java.lang.Thread.run(Thread.java:748)
2019-09-18 08:47:46,803 [java.util.concurrent.ThreadPoolExecutor$Worker@e8d937c[State = -1, empty queue]] WARN  server.GrpcLogAppender (GrpcLogAppender.java:timeoutAppendRequest(200)) - 92cc866f-2236-4b73-b0be-e1c51e7c2e55@group-85722E6F2626->07201f0e-3a1c-4c3e-af2c-9eb1e9c35520-GrpcLogAppender: appendEntries Timeout, request=92cc866f-2236-4b73-b0be-e1c51e7c2e55->07201f0e-3a1c-4c3e-af2c-9eb1e9c35520#13-t1, previous=(t:1, i:10), leaderCommit=10, initializing? false, entries: size=1, first=(t:1, i:11), STATEMACHINELOGENTRY, client-45043365F4D9, cid=64
2019-09-18 08:47:46,803 [java.util.concurrent.ThreadPoolExecutor$Worker@6b990b24[State = -1, empty queue]] WARN  server.GrpcLogAppender (GrpcLogAppender.java:timeoutAppendRequest(200)) - 92cc866f-2236-4b73-b0be-e1c51e7c2e55@group-85722E6F2626->6955b3b9-1fa4-46c5-a946-8e67bfb83506-GrpcLogAppender: appendEntries Timeout, request=92cc866f-2236-4b73-b0be-e1c51e7c2e55->6955b3b9-1fa4-46c5-a946-8e67bfb83506#13-t1, previous=(t:1, i:10), leaderCommit=10, initializing? false, entries: size=1, first=(t:1, i:11), STATEMACHINELOGENTRY, client-45043365F4D9, cid=64
2019-09-18 08:47:46,804 [java.util.concurrent.ThreadPoolExecutor$Worker@6b990b24[State = -1, empty queue]] WARN  server.GrpcLogAppender (GrpcLogAppender.java:timeoutAppendRequest(200)) - 92cc866f-2236-4b73-b0be-e1c51e7c2e55@group-85722E6F2626->6955b3b9-1fa4-46c5-a946-8e67bfb83506-GrpcLogAppender: appendEntries Timeout, request=92cc866f-2236-4b73-b0be-e1c51e7c2e55->6955b3b9-1fa4-46c5-a946-8e67bfb83506#14-t1, previous=(t:1, i:11), leaderCommit=10, initializing? false, entries: size=1, first=(t:1, i:12), STATEMACHINELOGENTRY, client-45043365F4D9, cid=65
2019-09-18 08:47:46,804 [java.util.concurrent.ThreadPoolExecutor$Worker@e8d937c[State = -1, empty queue]] WARN  server.GrpcLogAppender (GrpcLogAppender.java:timeoutAppendRequest(200)) - 92cc866f-2236-4b73-b0be-e1c51e7c2e55@group-85722E6F2626->07201f0e-3a1c-4c3e-af2c-9eb1e9c35520-GrpcLogAppender: appendEntries Timeout, request=92cc866f-2236-4b73-b0be-e1c51e7c2e55->07201f0e-3a1c-4c3e-af2c-9eb1e9c35520#14-t1, previous=(t:1, i:11), leaderCommit=10, initializing? false, entries: size=1, first=(t:1, i:12), STATEMACHINELOGENTRY, client-45043365F4D9, cid=65
2019-09-18 08:47:46,804 [java.util.concurrent.ThreadPoolExecutor$Worker@6b990b24[State = -1, empty queue]] WARN  server.GrpcLogAppender (GrpcLogAppender.java:timeoutAppendRequest(200)) - 92cc866f-2236-4b73-b0be-e1c51e7c2e55@group-85722E6F2626->6955b3b9-1fa4-46c5-a946-8e67bfb83506-GrpcLogAppender: appendEntries Timeout, request=92cc866f-2236-4b73-b0be-e1c51e7c2e55->6955b3b9-1fa4-46c5-a946-8e67bfb83506#15-t1, previous=(t:1, i:12), leaderCommit=10, initializing? false, entries: size=1, first=(t:1, i:13), STATEMACHINELOGENTRY, client-45043365F4D9, cid=66
2019-09-18 08:47:46,804 [java.util.concurrent.ThreadPoolExecutor$Worker@e8d937c[State = -1, empty queue]] WARN  server.GrpcLogAppender (GrpcLogAppender.java:timeoutAppendRequest(200)) - 92cc866f-2236-4b73-b0be-e1c51e7c2e55@group-85722E6F2626->07201f0e-3a1c-4c3e-af2c-9eb1e9c35520-GrpcLogAppender: appendEntries Timeout, request=92cc866f-2236-4b73-b0be-e1c51e7c2e55->07201f0e-3a1c-4c3e-af2c-9eb1e9c35520#15-t1, previous=(t:1, i:12), leaderCommit=10, initializing? false, entries: size=1, first=(t:1, i:13), STATEMACHINELOGENTRY, client-45043365F4D9, cid=66
2019-09-18 08:47:46,807 [java.util.concurrent.ThreadPoolExecutor$Worker@6b990b24[State = -1, empty queue]] WARN  server.GrpcLogAppender (GrpcLogAppender.java:timeoutAppendRequest(200)) - 92cc866f-2236-4b73-b0be-e1c51e7c2e55@group-85722E6F2626->6955b3b9-1fa4-46c5-a946-8e67bfb83506-GrpcLogAppender: appendEntries Timeout, request=92cc866f-2236-4b73-b0be-e1c51e7c2e55->6955b3b9-1fa4-46c5-a946-8e67bfb83506#16-t1, previous=(t:1, i:13), leaderCommit=10, initializing? false, entries: size=1, first=(t:1, i:14), STATEMACHINELOGENTRY, client-45043365F4D9, cid=67
2019-09-18 08:47:46,807 [java.util.concurrent.ThreadPoolExecutor$Worker@e8d937c[State = -1, empty queue]] WARN  server.GrpcLogAppender (GrpcLogAppender.java:timeoutAppendRequest(200)) - 92cc866f-2236-4b73-b0be-e1c51e7c2e55@group-85722E6F2626->07201f0e-3a1c-4c3e-af2c-9eb1e9c35520-GrpcLogAppender: appendEntries Timeout, request=92cc866f-2236-4b73-b0be-e1c51e7c2e55->07201f0e-3a1c-4c3e-af2c-9eb1e9c35520#16-t1, previous=(t:1, i:13), leaderCommit=10, initializing? false, entries: size=1, first=(t:1, i:14), STATEMACHINELOGENTRY, client-45043365F4D9, cid=67
2019-09-18 08:47:46,809 [java.util.concurrent.ThreadPoolExecutor$Worker@6b990b24[State = -1, empty queue]] WARN  server.GrpcLogAppender (GrpcLogAppender.java:timeoutAppendRequest(200)) - 92cc866f-2236-4b73-b0be-e1c51e7c2e55@group-85722E6F2626->6955b3b9-1fa4-46c5-a946-8e67bfb83506-GrpcLogAppender: appendEntries Timeout, request=92cc866f-2236-4b73-b0be-e1c51e7c2e55->6955b3b9-1fa4-46c5-a946-8e67bfb83506#17-t1, previous=(t:1, i:14), leaderCommit=10, initializing? false, entries: size=1, first=(t:1, i:15), STATEMACHINELOGENTRY, client-45043365F4D9, cid=68
2019-09-18 08:47:46,809 [java.util.concurrent.ThreadPoolExecutor$Worker@6b990b24[State = -1, empty queue]] WARN  server.GrpcLogAppender (GrpcLogAppender.java:timeoutAppendRequest(200)) - 92cc866f-2236-4b73-b0be-e1c51e7c2e55@group-85722E6F2626->6955b3b9-1fa4-46c5-a946-8e67bfb83506-GrpcLogAppender: appendEntries Timeout, request=92cc866f-2236-4b73-b0be-e1c51e7c2e55->6955b3b9-1fa4-46c5-a946-8e67bfb83506#18-t1, previous=(t:1, i:15), leaderCommit=10, initializing? false, entries: size=1, first=(t:1, i:16), STATEMACHINELOGENTRY, client-45043365F4D9, cid=69
2019-09-18 08:47:46,809 [java.util.concurrent.ThreadPoolExecutor$Worker@e8d937c[State = -1, empty queue]] WARN  server.GrpcLogAppender (GrpcLogAppender.java:timeoutAppendRequest(200)) - 92cc866f-2236-4b73-b0be-e1c51e7c2e55@group-85722E6F2626->07201f0e-3a1c-4c3e-af2c-9eb1e9c35520-GrpcLogAppender: appendEntries Timeout, request=92cc866f-2236-4b73-b0be-e1c51e7c2e55->07201f0e-3a1c-4c3e-af2c-9eb1e9c35520#17-t1, previous=(t:1, i:14), leaderCommit=10, initializing? false, entries: size=1, first=(t:1, i:15), STATEMACHINELOGENTRY, client-45043365F4D9, cid=68
2019-09-18 08:47:46,809 [java.util.concurrent.ThreadPoolExecutor$Worker@e8d937c[State = -1, empty queue]] WARN  server.GrpcLogAppender (GrpcLogAppender.java:timeoutAppendRequest(200)) - 92cc866f-2236-4b73-b0be-e1c51e7c2e55@group-85722E6F2626->07201f0e-3a1c-4c3e-af2c-9eb1e9c35520-GrpcLogAppender: appendEntries Timeout, request=92cc866f-2236-4b73-b0be-e1c51e7c2e55->07201f0e-3a1c-4c3e-af2c-9eb1e9c35520#18-t1, previous=(t:1, i:15), leaderCommit=10, initializing? false, entries: size=1, first=(t:1, i:16), STATEMACHINELOGENTRY, client-45043365F4D9, cid=69
2019-09-18 08:47:46,871 [grpc-default-executor-4] INFO  impl.RaftServerProxy (RaftServerProxy.java:remove(95)) - 07201f0e-3a1c-4c3e-af2c-9eb1e9c35520: remove group-A544ECBE184E:null
2019-09-18 08:47:46,879 [RatisPipelineUtilsThread] WARN  pipeline.RatisPipelineUtils (RatisPipelineUtils.java:destroyPipeline(66)) - Pipeline destroy failed for pipeline=PipelineID=ddebc52c-51fe-4f49-932a-a544ecbe184e dn=07201f0e-3a1c-4c3e-af2c-9eb1e9c35520{ip: 192.168.157.246, host: pr-hdds-2137-trunk-xplkb-1906903878, networkLocation: /default-rack, certSerialId: null}
2019-09-18 08:47:46,883 [grpc-default-executor-4] INFO  impl.RaftServerProxy (RaftServerProxy.java:remove(95)) - 6955b3b9-1fa4-46c5-a946-8e67bfb83506: remove group-A544ECBE184E:null
2019-09-18 08:47:46,889 [RatisPipelineUtilsThread] WARN  pipeline.RatisPipelineUtils (RatisPipelineUtils.java:destroyPipeline(66)) - Pipeline destroy failed for pipeline=PipelineID=ddebc52c-51fe-4f49-932a-a544ecbe184e dn=6955b3b9-1fa4-46c5-a946-8e67bfb83506{ip: 192.168.157.246, host: pr-hdds-2137-trunk-xplkb-1906903878, networkLocation: /default-rack, certSerialId: null}
2019-09-18 08:47:46,892 [grpc-default-executor-4] INFO  impl.RaftServerProxy (RaftServerProxy.java:remove(95)) - 92cc866f-2236-4b73-b0be-e1c51e7c2e55: remove group-A544ECBE184E:null
2019-09-18 08:47:46,898 [RatisPipelineUtilsThread] WARN  pipeline.RatisPipelineUtils (RatisPipelineUtils.java:destroyPipeline(66)) - Pipeline destroy failed for pipeline=PipelineID=ddebc52c-51fe-4f49-932a-a544ecbe184e dn=92cc866f-2236-4b73-b0be-e1c51e7c2e55{ip: 192.168.157.246, host: pr-hdds-2137-trunk-xplkb-1906903878, networkLocation: /default-rack, certSerialId: null}
2019-09-18 08:47:46,899 [RatisPipelineUtilsThread] ERROR pipeline.SCMPipelineManager (Scheduler.java:lambda$schedule$1(70)) - Destroy pipeline failed for pipeline:Pipeline[ Id: ddebc52c-51fe-4f49-932a-a544ecbe184e, Nodes: 07201f0e-3a1c-4c3e-af2c-9eb1e9c35520{ip: 192.168.157.246, host: pr-hdds-2137-trunk-xplkb-1906903878, networkLocation: /default-rack, certSerialId: null}6955b3b9-1fa4-46c5-a946-8e67bfb83506{ip: 192.168.157.246, host: pr-hdds-2137-trunk-xplkb-1906903878, networkLocation: /default-rack, certSerialId: null}92cc866f-2236-4b73-b0be-e1c51e7c2e55{ip: 192.168.157.246, host: pr-hdds-2137-trunk-xplkb-1906903878, networkLocation: /default-rack, certSerialId: null}, Type:RATIS, Factor:THREE, State:CLOSED]
org.apache.hadoop.hdds.scm.pipeline.PipelineNotFoundException: PipelineID=ddebc52c-51fe-4f49-932a-a544ecbe184e not found
	at org.apache.hadoop.hdds.scm.pipeline.PipelineStateMap.getPipeline(PipelineStateMap.java:132)
	at org.apache.hadoop.hdds.scm.pipeline.PipelineStateMap.removePipeline(PipelineStateMap.java:322)
	at org.apache.hadoop.hdds.scm.pipeline.PipelineStateManager.removePipeline(PipelineStateManager.java:107)
	at org.apache.hadoop.hdds.scm.pipeline.SCMPipelineManager.removePipeline(SCMPipelineManager.java:423)
	at org.apache.hadoop.hdds.scm.pipeline.SCMPipelineManager.destroyPipeline(SCMPipelineManager.java:409)
	at org.apache.hadoop.hdds.scm.pipeline.SCMPipelineManager.lambda$finalizeAndDestroyPipeline$0(SCMPipelineManager.java:318)
	at org.apache.hadoop.utils.Scheduler.lambda$schedule$1(Scheduler.java:68)
	at java.util.concurrent.Executors$RunnableAdapter.call(Executors.java:511)
	at java.util.concurrent.FutureTask.run(FutureTask.java:266)
	at java.util.concurrent.ScheduledThreadPoolExecutor$ScheduledFutureTask.access$201(ScheduledThreadPoolExecutor.java:180)
	at java.util.concurrent.ScheduledThreadPoolExecutor$ScheduledFutureTask.run(ScheduledThreadPoolExecutor.java:293)
	at java.util.concurrent.ThreadPoolExecutor.runWorker(ThreadPoolExecutor.java:1149)
	at java.util.concurrent.ThreadPoolExecutor$Worker.run(ThreadPoolExecutor.java:624)
	at java.lang.Thread.run(Thread.java:748)
2019-09-18 08:47:48,816 [grpc-default-executor-6] INFO  client.GrpcClientProtocolClient (GrpcClientProtocolClient.java:onNext(264)) - client-45043365F4D9->07201f0e-3a1c-4c3e-af2c-9eb1e9c35520: receive RaftClientReply:client-45043365F4D9->07201f0e-3a1c-4c3e-af2c-9eb1e9c35520@group-85722E6F2626, cid=64, FAILED org.apache.ratis.protocol.NotLeaderException: Server 07201f0e-3a1c-4c3e-af2c-9eb1e9c35520@group-85722E6F2626 is not the leader 92cc866f-2236-4b73-b0be-e1c51e7c2e55:192.168.157.246:35640, logIndex=0, commits[07201f0e-3a1c-4c3e-af2c-9eb1e9c35520:c10, 6955b3b9-1fa4-46c5-a946-8e67bfb83506:c8, 92cc866f-2236-4b73-b0be-e1c51e7c2e55:c10]
2019-09-18 08:47:48,866 [grpc-default-executor-6] INFO  impl.RaftServerProxy (RaftServerProxy.java:remove(95)) - 07201f0e-3a1c-4c3e-af2c-9eb1e9c35520: remove group-A544ECBE184E:null
2019-09-18 08:47:48,872 [RatisPipelineUtilsThread] WARN  pipeline.RatisPipelineUtils (RatisPipelineUtils.java:destroyPipeline(66)) - Pipeline destroy failed for pipeline=PipelineID=ddebc52c-51fe-4f49-932a-a544ecbe184e dn=07201f0e-3a1c-4c3e-af2c-9eb1e9c35520{ip: 192.168.157.246, host: pr-hdds-2137-trunk-xplkb-1906903878, networkLocation: /default-rack, certSerialId: null}
2019-09-18 08:47:48,876 [grpc-default-executor-6] INFO  impl.RaftServerProxy (RaftServerProxy.java:remove(95)) - 6955b3b9-1fa4-46c5-a946-8e67bfb83506: remove group-A544ECBE184E:null
2019-09-18 08:47:48,881 [RatisPipelineUtilsThread] WARN  pipeline.RatisPipelineUtils (RatisPipelineUtils.java:destroyPipeline(66)) - Pipeline destroy failed for pipeline=PipelineID=ddebc52c-51fe-4f49-932a-a544ecbe184e dn=6955b3b9-1fa4-46c5-a946-8e67bfb83506{ip: 192.168.157.246, host: pr-hdds-2137-trunk-xplkb-1906903878, networkLocation: /default-rack, certSerialId: null}
2019-09-18 08:47:48,884 [grpc-default-executor-6] INFO  impl.RaftServerProxy (RaftServerProxy.java:remove(95)) - 92cc866f-2236-4b73-b0be-e1c51e7c2e55: remove group-A544ECBE184E:null
2019-09-18 08:47:48,889 [RatisPipelineUtilsThread] WARN  pipeline.RatisPipelineUtils (RatisPipelineUtils.java:destroyPipeline(66)) - Pipeline destroy failed for pipeline=PipelineID=ddebc52c-51fe-4f49-932a-a544ecbe184e dn=92cc866f-2236-4b73-b0be-e1c51e7c2e55{ip: 192.168.157.246, host: pr-hdds-2137-trunk-xplkb-1906903878, networkLocation: /default-rack, certSerialId: null}
2019-09-18 08:47:48,889 [RatisPipelineUtilsThread] ERROR pipeline.SCMPipelineManager (Scheduler.java:lambda$schedule$1(70)) - Destroy pipeline failed for pipeline:Pipeline[ Id: ddebc52c-51fe-4f49-932a-a544ecbe184e, Nodes: 07201f0e-3a1c-4c3e-af2c-9eb1e9c35520{ip: 192.168.157.246, host: pr-hdds-2137-trunk-xplkb-1906903878, networkLocation: /default-rack, certSerialId: null}6955b3b9-1fa4-46c5-a946-8e67bfb83506{ip: 192.168.157.246, host: pr-hdds-2137-trunk-xplkb-1906903878, networkLocation: /default-rack, certSerialId: null}92cc866f-2236-4b73-b0be-e1c51e7c2e55{ip: 192.168.157.246, host: pr-hdds-2137-trunk-xplkb-1906903878, networkLocation: /default-rack, certSerialId: null}, Type:RATIS, Factor:THREE, State:CLOSED]
org.apache.hadoop.hdds.scm.pipeline.PipelineNotFoundException: PipelineID=ddebc52c-51fe-4f49-932a-a544ecbe184e not found
	at org.apache.hadoop.hdds.scm.pipeline.PipelineStateMap.getPipeline(PipelineStateMap.java:132)
	at org.apache.hadoop.hdds.scm.pipeline.PipelineStateMap.removePipeline(PipelineStateMap.java:322)
	at org.apache.hadoop.hdds.scm.pipeline.PipelineStateManager.removePipeline(PipelineStateManager.java:107)
	at org.apache.hadoop.hdds.scm.pipeline.SCMPipelineManager.removePipeline(SCMPipelineManager.java:423)
	at org.apache.hadoop.hdds.scm.pipeline.SCMPipelineManager.destroyPipeline(SCMPipelineManager.java:409)
	at org.apache.hadoop.hdds.scm.pipeline.SCMPipelineManager.lambda$finalizeAndDestroyPipeline$0(SCMPipelineManager.java:318)
	at org.apache.hadoop.utils.Scheduler.lambda$schedule$1(Scheduler.java:68)
	at java.util.concurrent.Executors$RunnableAdapter.call(Executors.java:511)
	at java.util.concurrent.FutureTask.run(FutureTask.java:266)
	at java.util.concurrent.ScheduledThreadPoolExecutor$ScheduledFutureTask.access$201(ScheduledThreadPoolExecutor.java:180)
	at java.util.concurrent.ScheduledThreadPoolExecutor$ScheduledFutureTask.run(ScheduledThreadPoolExecutor.java:293)
	at java.util.concurrent.ThreadPoolExecutor.runWorker(ThreadPoolExecutor.java:1149)
	at java.util.concurrent.ThreadPoolExecutor$Worker.run(ThreadPoolExecutor.java:624)
	at java.lang.Thread.run(Thread.java:748)
2019-09-18 08:47:49,310 [java.util.concurrent.ThreadPoolExecutor$Worker@e8d937c[State = -1, empty queue]] WARN  server.GrpcLogAppender (GrpcLogAppender.java:timeoutAppendRequest(200)) - 92cc866f-2236-4b73-b0be-e1c51e7c2e55@group-85722E6F2626->07201f0e-3a1c-4c3e-af2c-9eb1e9c35520-GrpcLogAppender: appendEntries Timeout, request=92cc866f-2236-4b73-b0be-e1c51e7c2e55->07201f0e-3a1c-4c3e-af2c-9eb1e9c35520#19-t1, previous=(t:1, i:16), leaderCommit=10, initializing? false, entries: <empty>
2019-09-18 08:47:49,310 [java.util.concurrent.ThreadPoolExecutor$Worker@6b990b24[State = -1, empty queue]] WARN  server.GrpcLogAppender (GrpcLogAppender.java:timeoutAppendRequest(200)) - 92cc866f-2236-4b73-b0be-e1c51e7c2e55@group-85722E6F2626->6955b3b9-1fa4-46c5-a946-8e67bfb83506-GrpcLogAppender: appendEntries Timeout, request=92cc866f-2236-4b73-b0be-e1c51e7c2e55->6955b3b9-1fa4-46c5-a946-8e67bfb83506#19-t1, previous=(t:1, i:16), leaderCommit=10, initializing? false, entries: <empty>
2019-09-18 08:47:51,811 [java.util.concurrent.ThreadPoolExecutor$Worker@e8d937c[State = -1, empty queue]] WARN  server.GrpcLogAppender (GrpcLogAppender.java:timeoutAppendRequest(200)) - 92cc866f-2236-4b73-b0be-e1c51e7c2e55@group-85722E6F2626->07201f0e-3a1c-4c3e-af2c-9eb1e9c35520-GrpcLogAppender: appendEntries Timeout, request=92cc866f-2236-4b73-b0be-e1c51e7c2e55->07201f0e-3a1c-4c3e-af2c-9eb1e9c35520#20-t1, previous=(t:1, i:16), leaderCommit=10, initializing? false, entries: <empty>
2019-09-18 08:47:51,811 [java.util.concurrent.ThreadPoolExecutor$Worker@6b990b24[State = -1, empty queue]] WARN  server.GrpcLogAppender (GrpcLogAppender.java:timeoutAppendRequest(200)) - 92cc866f-2236-4b73-b0be-e1c51e7c2e55@group-85722E6F2626->6955b3b9-1fa4-46c5-a946-8e67bfb83506-GrpcLogAppender: appendEntries Timeout, request=92cc866f-2236-4b73-b0be-e1c51e7c2e55->6955b3b9-1fa4-46c5-a946-8e67bfb83506#20-t1, previous=(t:1, i:16), leaderCommit=10, initializing? false, entries: <empty>
2019-09-18 08:47:51,868 [grpc-default-executor-6] INFO  impl.RaftServerProxy (RaftServerProxy.java:remove(95)) - 07201f0e-3a1c-4c3e-af2c-9eb1e9c35520: remove group-A544ECBE184E:null
2019-09-18 08:47:51,876 [RatisPipelineUtilsThread] WARN  pipeline.RatisPipelineUtils (RatisPipelineUtils.java:destroyPipeline(66)) - Pipeline destroy failed for pipeline=PipelineID=ddebc52c-51fe-4f49-932a-a544ecbe184e dn=07201f0e-3a1c-4c3e-af2c-9eb1e9c35520{ip: 192.168.157.246, host: pr-hdds-2137-trunk-xplkb-1906903878, networkLocation: /default-rack, certSerialId: null}
2019-09-18 08:47:51,879 [grpc-default-executor-6] INFO  impl.RaftServerProxy (RaftServerProxy.java:remove(95)) - 6955b3b9-1fa4-46c5-a946-8e67bfb83506: remove group-A544ECBE184E:null
2019-09-18 08:47:51,885 [RatisPipelineUtilsThread] WARN  pipeline.RatisPipelineUtils (RatisPipelineUtils.java:destroyPipeline(66)) - Pipeline destroy failed for pipeline=PipelineID=ddebc52c-51fe-4f49-932a-a544ecbe184e dn=6955b3b9-1fa4-46c5-a946-8e67bfb83506{ip: 192.168.157.246, host: pr-hdds-2137-trunk-xplkb-1906903878, networkLocation: /default-rack, certSerialId: null}
2019-09-18 08:47:51,889 [grpc-default-executor-6] INFO  impl.RaftServerProxy (RaftServerProxy.java:remove(95)) - 92cc866f-2236-4b73-b0be-e1c51e7c2e55: remove group-A544ECBE184E:null
2019-09-18 08:47:51,894 [RatisPipelineUtilsThread] WARN  pipeline.RatisPipelineUtils (RatisPipelineUtils.java:destroyPipeline(66)) - Pipeline destroy failed for pipeline=PipelineID=ddebc52c-51fe-4f49-932a-a544ecbe184e dn=92cc866f-2236-4b73-b0be-e1c51e7c2e55{ip: 192.168.157.246, host: pr-hdds-2137-trunk-xplkb-1906903878, networkLocation: /default-rack, certSerialId: null}
2019-09-18 08:47:51,895 [RatisPipelineUtilsThread] ERROR pipeline.SCMPipelineManager (Scheduler.java:lambda$schedule$1(70)) - Destroy pipeline failed for pipeline:Pipeline[ Id: ddebc52c-51fe-4f49-932a-a544ecbe184e, Nodes: 07201f0e-3a1c-4c3e-af2c-9eb1e9c35520{ip: 192.168.157.246, host: pr-hdds-2137-trunk-xplkb-1906903878, networkLocation: /default-rack, certSerialId: null}6955b3b9-1fa4-46c5-a946-8e67bfb83506{ip: 192.168.157.246, host: pr-hdds-2137-trunk-xplkb-1906903878, networkLocation: /default-rack, certSerialId: null}92cc866f-2236-4b73-b0be-e1c51e7c2e55{ip: 192.168.157.246, host: pr-hdds-2137-trunk-xplkb-1906903878, networkLocation: /default-rack, certSerialId: null}, Type:RATIS, Factor:THREE, State:CLOSED]
org.apache.hadoop.hdds.scm.pipeline.PipelineNotFoundException: PipelineID=ddebc52c-51fe-4f49-932a-a544ecbe184e not found
	at org.apache.hadoop.hdds.scm.pipeline.PipelineStateMap.getPipeline(PipelineStateMap.java:132)
	at org.apache.hadoop.hdds.scm.pipeline.PipelineStateMap.removePipeline(PipelineStateMap.java:322)
	at org.apache.hadoop.hdds.scm.pipeline.PipelineStateManager.removePipeline(PipelineStateManager.java:107)
	at org.apache.hadoop.hdds.scm.pipeline.SCMPipelineManager.removePipeline(SCMPipelineManager.java:423)
	at org.apache.hadoop.hdds.scm.pipeline.SCMPipelineManager.destroyPipeline(SCMPipelineManager.java:409)
	at org.apache.hadoop.hdds.scm.pipeline.SCMPipelineManager.lambda$finalizeAndDestroyPipeline$0(SCMPipelineManager.java:318)
	at org.apache.hadoop.utils.Scheduler.lambda$schedule$1(Scheduler.java:68)
	at java.util.concurrent.Executors$RunnableAdapter.call(Executors.java:511)
	at java.util.concurrent.FutureTask.run(FutureTask.java:266)
	at java.util.concurrent.ScheduledThreadPoolExecutor$ScheduledFutureTask.access$201(ScheduledThreadPoolExecutor.java:180)
	at java.util.concurrent.ScheduledThreadPoolExecutor$ScheduledFutureTask.run(ScheduledThreadPoolExecutor.java:293)
	at java.util.concurrent.ThreadPoolExecutor.runWorker(ThreadPoolExecutor.java:1149)
	at java.util.concurrent.ThreadPoolExecutor$Worker.run(ThreadPoolExecutor.java:624)
	at java.lang.Thread.run(Thread.java:748)
2019-09-18 08:47:53,801 [92cc866f-2236-4b73-b0be-e1c51e7c2e55@group-85722E6F2626-SegmentedRaftLogWorker] WARN  segmented.SegmentedRaftLogWorker (SegmentedRaftLogWorker.java:getFromFuture(90)) - Timeout 0/~
org.apache.ratis.protocol.TimeoutIOException: Timeout 10s: WriteLog:11: (t:1, i:11), STATEMACHINELOGENTRY, client-45043365F4D9, cid=64-writeStateMachineData
	at org.apache.ratis.util.IOUtils.getFromFuture(IOUtils.java:87)
	at org.apache.ratis.server.raftlog.segmented.SegmentedRaftLogWorker$StateMachineDataPolicy.getFromFuture(SegmentedRaftLogWorker.java:87)
	at org.apache.ratis.server.raftlog.segmented.SegmentedRaftLogWorker$WriteLog.execute(SegmentedRaftLogWorker.java:477)
	at org.apache.ratis.server.raftlog.segmented.SegmentedRaftLogWorker.run(SegmentedRaftLogWorker.java:289)
	at java.lang.Thread.run(Thread.java:748)
Caused by: java.util.concurrent.TimeoutException
	at java.util.concurrent.CompletableFuture.timedGet(CompletableFuture.java:1771)
	at java.util.concurrent.CompletableFuture.get(CompletableFuture.java:1915)
	at org.apache.ratis.util.IOUtils.getFromFuture(IOUtils.java:79)
	... 4 more
2019-09-18 08:47:53,804 [6955b3b9-1fa4-46c5-a946-8e67bfb83506@group-85722E6F2626-SegmentedRaftLogWorker] WARN  segmented.SegmentedRaftLogWorker (SegmentedRaftLogWorker.java:getFromFuture(90)) - Timeout 0/~
org.apache.ratis.protocol.TimeoutIOException: Timeout 10s: WriteLog:11: (t:1, i:11), STATEMACHINELOGENTRY, client-45043365F4D9, cid=64-writeStateMachineData
	at org.apache.ratis.util.IOUtils.getFromFuture(IOUtils.java:87)
	at org.apache.ratis.server.raftlog.segmented.SegmentedRaftLogWorker$StateMachineDataPolicy.getFromFuture(SegmentedRaftLogWorker.java:87)
	at org.apache.ratis.server.raftlog.segmented.SegmentedRaftLogWorker$WriteLog.execute(SegmentedRaftLogWorker.java:477)
	at org.apache.ratis.server.raftlog.segmented.SegmentedRaftLogWorker.run(SegmentedRaftLogWorker.java:289)
	at java.lang.Thread.run(Thread.java:748)
Caused by: java.util.concurrent.TimeoutException
	at java.util.concurrent.CompletableFuture.timedGet(CompletableFuture.java:1771)
	at java.util.concurrent.CompletableFuture.get(CompletableFuture.java:1915)
	at org.apache.ratis.util.IOUtils.getFromFuture(IOUtils.java:79)
	... 4 more
2019-09-18 08:47:53,869 [grpc-default-executor-4] INFO  client.GrpcClientProtocolClient (GrpcClientProtocolClient.java:onNext(264)) - client-45043365F4D9->6955b3b9-1fa4-46c5-a946-8e67bfb83506: receive RaftClientReply:client-45043365F4D9->6955b3b9-1fa4-46c5-a946-8e67bfb83506@group-85722E6F2626, cid=64, FAILED org.apache.ratis.protocol.NotLeaderException: Server 6955b3b9-1fa4-46c5-a946-8e67bfb83506@group-85722E6F2626 is not the leader 92cc866f-2236-4b73-b0be-e1c51e7c2e55:192.168.157.246:35640, logIndex=0, commits[6955b3b9-1fa4-46c5-a946-8e67bfb83506:c10, 07201f0e-3a1c-4c3e-af2c-9eb1e9c35520:c8, 92cc866f-2236-4b73-b0be-e1c51e7c2e55:c10]
2019-09-18 08:47:53,884 [grpc-default-executor-0] INFO  impl.RaftServerProxy (RaftServerProxy.java:remove(95)) - 07201f0e-3a1c-4c3e-af2c-9eb1e9c35520: remove group-A544ECBE184E:null
2019-09-18 08:47:53,891 [RatisPipelineUtilsThread] WARN  pipeline.RatisPipelineUtils (RatisPipelineUtils.java:destroyPipeline(66)) - Pipeline destroy failed for pipeline=PipelineID=ddebc52c-51fe-4f49-932a-a544ecbe184e dn=07201f0e-3a1c-4c3e-af2c-9eb1e9c35520{ip: 192.168.157.246, host: pr-hdds-2137-trunk-xplkb-1906903878, networkLocation: /default-rack, certSerialId: null}
2019-09-18 08:47:53,894 [grpc-default-executor-0] INFO  impl.RaftServerProxy (RaftServerProxy.java:remove(95)) - 6955b3b9-1fa4-46c5-a946-8e67bfb83506: remove group-A544ECBE184E:null
2019-09-18 08:47:53,899 [RatisPipelineUtilsThread] WARN  pipeline.RatisPipelineUtils (RatisPipelineUtils.java:destroyPipeline(66)) - Pipeline destroy failed for pipeline=PipelineID=ddebc52c-51fe-4f49-932a-a544ecbe184e dn=6955b3b9-1fa4-46c5-a946-8e67bfb83506{ip: 192.168.157.246, host: pr-hdds-2137-trunk-xplkb-1906903878, networkLocation: /default-rack, certSerialId: null}
2019-09-18 08:47:53,902 [grpc-default-executor-0] INFO  impl.RaftServerProxy (RaftServerProxy.java:remove(95)) - 92cc866f-2236-4b73-b0be-e1c51e7c2e55: remove group-A544ECBE184E:null
2019-09-18 08:47:53,908 [RatisPipelineUtilsThread] WARN  pipeline.RatisPipelineUtils (RatisPipelineUtils.java:destroyPipeline(66)) - Pipeline destroy failed for pipeline=PipelineID=ddebc52c-51fe-4f49-932a-a544ecbe184e dn=92cc866f-2236-4b73-b0be-e1c51e7c2e55{ip: 192.168.157.246, host: pr-hdds-2137-trunk-xplkb-1906903878, networkLocation: /default-rack, certSerialId: null}
2019-09-18 08:47:53,909 [RatisPipelineUtilsThread] ERROR pipeline.SCMPipelineManager (Scheduler.java:lambda$schedule$1(70)) - Destroy pipeline failed for pipeline:Pipeline[ Id: ddebc52c-51fe-4f49-932a-a544ecbe184e, Nodes: 07201f0e-3a1c-4c3e-af2c-9eb1e9c35520{ip: 192.168.157.246, host: pr-hdds-2137-trunk-xplkb-1906903878, networkLocation: /default-rack, certSerialId: null}6955b3b9-1fa4-46c5-a946-8e67bfb83506{ip: 192.168.157.246, host: pr-hdds-2137-trunk-xplkb-1906903878, networkLocation: /default-rack, certSerialId: null}92cc866f-2236-4b73-b0be-e1c51e7c2e55{ip: 192.168.157.246, host: pr-hdds-2137-trunk-xplkb-1906903878, networkLocation: /default-rack, certSerialId: null}, Type:RATIS, Factor:THREE, State:CLOSED]
org.apache.hadoop.hdds.scm.pipeline.PipelineNotFoundException: PipelineID=ddebc52c-51fe-4f49-932a-a544ecbe184e not found
	at org.apache.hadoop.hdds.scm.pipeline.PipelineStateMap.getPipeline(PipelineStateMap.java:132)
	at org.apache.hadoop.hdds.scm.pipeline.PipelineStateMap.removePipeline(PipelineStateMap.java:322)
	at org.apache.hadoop.hdds.scm.pipeline.PipelineStateManager.removePipeline(PipelineStateManager.java:107)
	at org.apache.hadoop.hdds.scm.pipeline.SCMPipelineManager.removePipeline(SCMPipelineManager.java:423)
	at org.apache.hadoop.hdds.scm.pipeline.SCMPipelineManager.destroyPipeline(SCMPipelineManager.java:409)
	at org.apache.hadoop.hdds.scm.pipeline.SCMPipelineManager.lambda$finalizeAndDestroyPipeline$0(SCMPipelineManager.java:318)
	at org.apache.hadoop.utils.Scheduler.lambda$schedule$1(Scheduler.java:68)
	at java.util.concurrent.Executors$RunnableAdapter.call(Executors.java:511)
	at java.util.concurrent.FutureTask.run(FutureTask.java:266)
	at java.util.concurrent.ScheduledThreadPoolExecutor$ScheduledFutureTask.access$201(ScheduledThreadPoolExecutor.java:180)
	at java.util.concurrent.ScheduledThreadPoolExecutor$ScheduledFutureTask.run(ScheduledThreadPoolExecutor.java:293)
	at java.util.concurrent.ThreadPoolExecutor.runWorker(ThreadPoolExecutor.java:1149)
	at java.util.concurrent.ThreadPoolExecutor$Worker.run(ThreadPoolExecutor.java:624)
	at java.lang.Thread.run(Thread.java:748)
2019-09-18 08:47:54,311 [java.util.concurrent.ThreadPoolExecutor$Worker@6b990b24[State = -1, empty queue]] WARN  server.GrpcLogAppender (GrpcLogAppender.java:timeoutAppendRequest(200)) - 92cc866f-2236-4b73-b0be-e1c51e7c2e55@group-85722E6F2626->6955b3b9-1fa4-46c5-a946-8e67bfb83506-GrpcLogAppender: appendEntries Timeout, request=92cc866f-2236-4b73-b0be-e1c51e7c2e55->6955b3b9-1fa4-46c5-a946-8e67bfb83506#21-t1, previous=(t:1, i:16), leaderCommit=10, initializing? false, entries: <empty>
2019-09-18 08:47:54,311 [java.util.concurrent.ThreadPoolExecutor$Worker@e8d937c[State = -1, empty queue]] WARN  server.GrpcLogAppender (GrpcLogAppender.java:timeoutAppendRequest(200)) - 92cc866f-2236-4b73-b0be-e1c51e7c2e55@group-85722E6F2626->07201f0e-3a1c-4c3e-af2c-9eb1e9c35520-GrpcLogAppender: appendEntries Timeout, request=92cc866f-2236-4b73-b0be-e1c51e7c2e55->07201f0e-3a1c-4c3e-af2c-9eb1e9c35520#21-t1, previous=(t:1, i:16), leaderCommit=10, initializing? false, entries: <empty>
2019-09-18 08:47:55,592 [07201f0e-3a1c-4c3e-af2c-9eb1e9c35520@group-85722E6F2626-SegmentedRaftLogWorker] WARN  segmented.SegmentedRaftLogWorker (SegmentedRaftLogWorker.java:getFromFuture(90)) - Timeout 0/~
org.apache.ratis.protocol.TimeoutIOException: Timeout 10s: WriteLog:12: (t:1, i:12), STATEMACHINELOGENTRY, client-45043365F4D9, cid=65-writeStateMachineData
	at org.apache.ratis.util.IOUtils.getFromFuture(IOUtils.java:87)
	at org.apache.ratis.server.raftlog.segmented.SegmentedRaftLogWorker$StateMachineDataPolicy.getFromFuture(SegmentedRaftLogWorker.java:87)
	at org.apache.ratis.server.raftlog.segmented.SegmentedRaftLogWorker$WriteLog.execute(SegmentedRaftLogWorker.java:477)
	at org.apache.ratis.server.raftlog.segmented.SegmentedRaftLogWorker.run(SegmentedRaftLogWorker.java:289)
	at java.lang.Thread.run(Thread.java:748)
Caused by: java.util.concurrent.TimeoutException
	at java.util.concurrent.CompletableFuture.timedGet(CompletableFuture.java:1771)
	at java.util.concurrent.CompletableFuture.get(CompletableFuture.java:1915)
	at org.apache.ratis.util.IOUtils.getFromFuture(IOUtils.java:79)
	... 4 more
2019-09-18 08:47:56,813 [java.util.concurrent.ThreadPoolExecutor$Worker@e8d937c[State = -1, empty queue]] WARN  server.GrpcLogAppender (GrpcLogAppender.java:timeoutAppendRequest(200)) - 92cc866f-2236-4b73-b0be-e1c51e7c2e55@group-85722E6F2626->07201f0e-3a1c-4c3e-af2c-9eb1e9c35520-GrpcLogAppender: appendEntries Timeout, request=92cc866f-2236-4b73-b0be-e1c51e7c2e55->07201f0e-3a1c-4c3e-af2c-9eb1e9c35520#22-t1, previous=(t:1, i:16), leaderCommit=10, initializing? false, entries: <empty>
2019-09-18 08:47:56,813 [java.util.concurrent.ThreadPoolExecutor$Worker@6b990b24[State = -1, empty queue]] WARN  server.GrpcLogAppender (GrpcLogAppender.java:timeoutAppendRequest(200)) - 92cc866f-2236-4b73-b0be-e1c51e7c2e55@group-85722E6F2626->6955b3b9-1fa4-46c5-a946-8e67bfb83506-GrpcLogAppender: appendEntries Timeout, request=92cc866f-2236-4b73-b0be-e1c51e7c2e55->6955b3b9-1fa4-46c5-a946-8e67bfb83506#22-t1, previous=(t:1, i:16), leaderCommit=10, initializing? false, entries: <empty>
2019-09-18 08:47:56,876 [grpc-default-executor-0] INFO  impl.RaftServerProxy (RaftServerProxy.java:remove(95)) - 07201f0e-3a1c-4c3e-af2c-9eb1e9c35520: remove group-A544ECBE184E:null
2019-09-18 08:47:56,888 [RatisPipelineUtilsThread] WARN  pipeline.RatisPipelineUtils (RatisPipelineUtils.java:destroyPipeline(66)) - Pipeline destroy failed for pipeline=PipelineID=ddebc52c-51fe-4f49-932a-a544ecbe184e dn=07201f0e-3a1c-4c3e-af2c-9eb1e9c35520{ip: 192.168.157.246, host: pr-hdds-2137-trunk-xplkb-1906903878, networkLocation: /default-rack, certSerialId: null}
2019-09-18 08:47:56,891 [grpc-default-executor-0] INFO  impl.RaftServerProxy (RaftServerProxy.java:remove(95)) - 6955b3b9-1fa4-46c5-a946-8e67bfb83506: remove group-A544ECBE184E:null
2019-09-18 08:47:56,906 [RatisPipelineUtilsThread] WARN  pipeline.RatisPipelineUtils (RatisPipelineUtils.java:destroyPipeline(66)) - Pipeline destroy failed for pipeline=PipelineID=ddebc52c-51fe-4f49-932a-a544ecbe184e dn=6955b3b9-1fa4-46c5-a946-8e67bfb83506{ip: 192.168.157.246, host: pr-hdds-2137-trunk-xplkb-1906903878, networkLocation: /default-rack, certSerialId: null}
2019-09-18 08:47:56,910 [grpc-default-executor-0] INFO  impl.RaftServerProxy (RaftServerProxy.java:remove(95)) - 92cc866f-2236-4b73-b0be-e1c51e7c2e55: remove group-A544ECBE184E:null
2019-09-18 08:47:56,914 [RatisPipelineUtilsThread] WARN  pipeline.RatisPipelineUtils (RatisPipelineUtils.java:destroyPipeline(66)) - Pipeline destroy failed for pipeline=PipelineID=ddebc52c-51fe-4f49-932a-a544ecbe184e dn=92cc866f-2236-4b73-b0be-e1c51e7c2e55{ip: 192.168.157.246, host: pr-hdds-2137-trunk-xplkb-1906903878, networkLocation: /default-rack, certSerialId: null}
2019-09-18 08:47:56,915 [RatisPipelineUtilsThread] ERROR pipeline.SCMPipelineManager (Scheduler.java:lambda$schedule$1(70)) - Destroy pipeline failed for pipeline:Pipeline[ Id: ddebc52c-51fe-4f49-932a-a544ecbe184e, Nodes: 07201f0e-3a1c-4c3e-af2c-9eb1e9c35520{ip: 192.168.157.246, host: pr-hdds-2137-trunk-xplkb-1906903878, networkLocation: /default-rack, certSerialId: null}6955b3b9-1fa4-46c5-a946-8e67bfb83506{ip: 192.168.157.246, host: pr-hdds-2137-trunk-xplkb-1906903878, networkLocation: /default-rack, certSerialId: null}92cc866f-2236-4b73-b0be-e1c51e7c2e55{ip: 192.168.157.246, host: pr-hdds-2137-trunk-xplkb-1906903878, networkLocation: /default-rack, certSerialId: null}, Type:RATIS, Factor:THREE, State:CLOSED]
org.apache.hadoop.hdds.scm.pipeline.PipelineNotFoundException: PipelineID=ddebc52c-51fe-4f49-932a-a544ecbe184e not found
	at org.apache.hadoop.hdds.scm.pipeline.PipelineStateMap.getPipeline(PipelineStateMap.java:132)
	at org.apache.hadoop.hdds.scm.pipeline.PipelineStateMap.removePipeline(PipelineStateMap.java:322)
	at org.apache.hadoop.hdds.scm.pipeline.PipelineStateManager.removePipeline(PipelineStateManager.java:107)
	at org.apache.hadoop.hdds.scm.pipeline.SCMPipelineManager.removePipeline(SCMPipelineManager.java:423)
	at org.apache.hadoop.hdds.scm.pipeline.SCMPipelineManager.destroyPipeline(SCMPipelineManager.java:409)
	at org.apache.hadoop.hdds.scm.pipeline.SCMPipelineManager.lambda$finalizeAndDestroyPipeline$0(SCMPipelineManager.java:318)
	at org.apache.hadoop.utils.Scheduler.lambda$schedule$1(Scheduler.java:68)
	at java.util.concurrent.Executors$RunnableAdapter.call(Executors.java:511)
	at java.util.concurrent.FutureTask.run(FutureTask.java:266)
	at java.util.concurrent.ScheduledThreadPoolExecutor$ScheduledFutureTask.access$201(ScheduledThreadPoolExecutor.java:180)
	at java.util.concurrent.ScheduledThreadPoolExecutor$ScheduledFutureTask.run(ScheduledThreadPoolExecutor.java:293)
	at java.util.concurrent.ThreadPoolExecutor.runWorker(ThreadPoolExecutor.java:1149)
	at java.util.concurrent.ThreadPoolExecutor$Worker.run(ThreadPoolExecutor.java:624)
	at java.lang.Thread.run(Thread.java:748)
2019-09-18 08:47:58,871 [grpc-default-executor-6] INFO  impl.RaftServerProxy (RaftServerProxy.java:remove(95)) - 07201f0e-3a1c-4c3e-af2c-9eb1e9c35520: remove group-A544ECBE184E:null
2019-09-18 08:47:58,877 [RatisPipelineUtilsThread] WARN  pipeline.RatisPipelineUtils (RatisPipelineUtils.java:destroyPipeline(66)) - Pipeline destroy failed for pipeline=PipelineID=ddebc52c-51fe-4f49-932a-a544ecbe184e dn=07201f0e-3a1c-4c3e-af2c-9eb1e9c35520{ip: 192.168.157.246, host: pr-hdds-2137-trunk-xplkb-1906903878, networkLocation: /default-rack, certSerialId: null}
2019-09-18 08:47:58,880 [grpc-default-executor-6] INFO  impl.RaftServerProxy (RaftServerProxy.java:remove(95)) - 6955b3b9-1fa4-46c5-a946-8e67bfb83506: remove group-A544ECBE184E:null
2019-09-18 08:47:58,883 [RatisPipelineUtilsThread] WARN  pipeline.RatisPipelineUtils (RatisPipelineUtils.java:destroyPipeline(66)) - Pipeline destroy failed for pipeline=PipelineID=ddebc52c-51fe-4f49-932a-a544ecbe184e dn=6955b3b9-1fa4-46c5-a946-8e67bfb83506{ip: 192.168.157.246, host: pr-hdds-2137-trunk-xplkb-1906903878, networkLocation: /default-rack, certSerialId: null}
2019-09-18 08:47:58,886 [grpc-default-executor-6] INFO  impl.RaftServerProxy (RaftServerProxy.java:remove(95)) - 92cc866f-2236-4b73-b0be-e1c51e7c2e55: remove group-A544ECBE184E:null
2019-09-18 08:47:58,889 [RatisPipelineUtilsThread] WARN  pipeline.RatisPipelineUtils (RatisPipelineUtils.java:destroyPipeline(66)) - Pipeline destroy failed for pipeline=PipelineID=ddebc52c-51fe-4f49-932a-a544ecbe184e dn=92cc866f-2236-4b73-b0be-e1c51e7c2e55{ip: 192.168.157.246, host: pr-hdds-2137-trunk-xplkb-1906903878, networkLocation: /default-rack, certSerialId: null}
2019-09-18 08:47:58,889 [RatisPipelineUtilsThread] ERROR pipeline.SCMPipelineManager (Scheduler.java:lambda$schedule$1(70)) - Destroy pipeline failed for pipeline:Pipeline[ Id: ddebc52c-51fe-4f49-932a-a544ecbe184e, Nodes: 07201f0e-3a1c-4c3e-af2c-9eb1e9c35520{ip: 192.168.157.246, host: pr-hdds-2137-trunk-xplkb-1906903878, networkLocation: /default-rack, certSerialId: null}6955b3b9-1fa4-46c5-a946-8e67bfb83506{ip: 192.168.157.246, host: pr-hdds-2137-trunk-xplkb-1906903878, networkLocation: /default-rack, certSerialId: null}92cc866f-2236-4b73-b0be-e1c51e7c2e55{ip: 192.168.157.246, host: pr-hdds-2137-trunk-xplkb-1906903878, networkLocation: /default-rack, certSerialId: null}, Type:RATIS, Factor:THREE, State:CLOSED]
org.apache.hadoop.hdds.scm.pipeline.PipelineNotFoundException: PipelineID=ddebc52c-51fe-4f49-932a-a544ecbe184e not found
	at org.apache.hadoop.hdds.scm.pipeline.PipelineStateMap.getPipeline(PipelineStateMap.java:132)
	at org.apache.hadoop.hdds.scm.pipeline.PipelineStateMap.removePipeline(PipelineStateMap.java:322)
	at org.apache.hadoop.hdds.scm.pipeline.PipelineStateManager.removePipeline(PipelineStateManager.java:107)
	at org.apache.hadoop.hdds.scm.pipeline.SCMPipelineManager.removePipeline(SCMPipelineManager.java:423)
	at org.apache.hadoop.hdds.scm.pipeline.SCMPipelineManager.destroyPipeline(SCMPipelineManager.java:409)
	at org.apache.hadoop.hdds.scm.pipeline.SCMPipelineManager.lambda$finalizeAndDestroyPipeline$0(SCMPipelineManager.java:318)
	at org.apache.hadoop.utils.Scheduler.lambda$schedule$1(Scheduler.java:68)
	at java.util.concurrent.Executors$RunnableAdapter.call(Executors.java:511)
	at java.util.concurrent.FutureTask.run(FutureTask.java:266)
	at java.util.concurrent.ScheduledThreadPoolExecutor$ScheduledFutureTask.access$201(ScheduledThreadPoolExecutor.java:180)
	at java.util.concurrent.ScheduledThreadPoolExecutor$ScheduledFutureTask.run(ScheduledThreadPoolExecutor.java:293)
	at java.util.concurrent.ThreadPoolExecutor.runWorker(ThreadPoolExecutor.java:1149)
	at java.util.concurrent.ThreadPoolExecutor$Worker.run(ThreadPoolExecutor.java:624)
	at java.lang.Thread.run(Thread.java:748)
2019-09-18 08:47:58,920 [grpc-default-executor-6] INFO  client.GrpcClientProtocolClient (GrpcClientProtocolClient.java:onNext(264)) - client-45043365F4D9->07201f0e-3a1c-4c3e-af2c-9eb1e9c35520: receive RaftClientReply:client-45043365F4D9->07201f0e-3a1c-4c3e-af2c-9eb1e9c35520@group-85722E6F2626, cid=64, FAILED org.apache.ratis.protocol.NotLeaderException: Server 07201f0e-3a1c-4c3e-af2c-9eb1e9c35520@group-85722E6F2626 is not the leader 92cc866f-2236-4b73-b0be-e1c51e7c2e55:192.168.157.246:35640, logIndex=0, commits[07201f0e-3a1c-4c3e-af2c-9eb1e9c35520:c10, 6955b3b9-1fa4-46c5-a946-8e67bfb83506:c8, 92cc866f-2236-4b73-b0be-e1c51e7c2e55:c10]
2019-09-18 08:47:59,315 [java.util.concurrent.ThreadPoolExecutor$Worker@6b990b24[State = -1, empty queue]] WARN  server.GrpcLogAppender (GrpcLogAppender.java:timeoutAppendRequest(200)) - 92cc866f-2236-4b73-b0be-e1c51e7c2e55@group-85722E6F2626->6955b3b9-1fa4-46c5-a946-8e67bfb83506-GrpcLogAppender: appendEntries Timeout, request=92cc866f-2236-4b73-b0be-e1c51e7c2e55->6955b3b9-1fa4-46c5-a946-8e67bfb83506#23-t1, previous=(t:1, i:16), leaderCommit=10, initializing? false, entries: <empty>
2019-09-18 08:47:59,315 [java.util.concurrent.ThreadPoolExecutor$Worker@e8d937c[State = -1, empty queue]] WARN  server.GrpcLogAppender (GrpcLogAppender.java:timeoutAppendRequest(200)) - 92cc866f-2236-4b73-b0be-e1c51e7c2e55@group-85722E6F2626->07201f0e-3a1c-4c3e-af2c-9eb1e9c35520-GrpcLogAppender: appendEntries Timeout, request=92cc866f-2236-4b73-b0be-e1c51e7c2e55->07201f0e-3a1c-4c3e-af2c-9eb1e9c35520#23-t1, previous=(t:1, i:16), leaderCommit=10, initializing? false, entries: <empty>
2019-09-18 08:48:01,816 [java.util.concurrent.ThreadPoolExecutor$Worker@6b990b24[State = -1, empty queue]] WARN  server.GrpcLogAppender (GrpcLogAppender.java:timeoutAppendRequest(200)) - 92cc866f-2236-4b73-b0be-e1c51e7c2e55@group-85722E6F2626->6955b3b9-1fa4-46c5-a946-8e67bfb83506-GrpcLogAppender: appendEntries Timeout, request=92cc866f-2236-4b73-b0be-e1c51e7c2e55->6955b3b9-1fa4-46c5-a946-8e67bfb83506#24-t1, previous=(t:1, i:16), leaderCommit=10, initializing? false, entries: <empty>
2019-09-18 08:48:01,816 [java.util.concurrent.ThreadPoolExecutor$Worker@e8d937c[State = -1, empty queue]] WARN  server.GrpcLogAppender (GrpcLogAppender.java:timeoutAppendRequest(200)) - 92cc866f-2236-4b73-b0be-e1c51e7c2e55@group-85722E6F2626->07201f0e-3a1c-4c3e-af2c-9eb1e9c35520-GrpcLogAppender: appendEntries Timeout, request=92cc866f-2236-4b73-b0be-e1c51e7c2e55->07201f0e-3a1c-4c3e-af2c-9eb1e9c35520#24-t1, previous=(t:1, i:16), leaderCommit=10, initializing? false, entries: <empty>
2019-09-18 08:48:01,875 [grpc-default-executor-6] INFO  impl.RaftServerProxy (RaftServerProxy.java:remove(95)) - 07201f0e-3a1c-4c3e-af2c-9eb1e9c35520: remove group-A544ECBE184E:null
2019-09-18 08:48:01,881 [RatisPipelineUtilsThread] WARN  pipeline.RatisPipelineUtils (RatisPipelineUtils.java:destroyPipeline(66)) - Pipeline destroy failed for pipeline=PipelineID=ddebc52c-51fe-4f49-932a-a544ecbe184e dn=07201f0e-3a1c-4c3e-af2c-9eb1e9c35520{ip: 192.168.157.246, host: pr-hdds-2137-trunk-xplkb-1906903878, networkLocation: /default-rack, certSerialId: null}
2019-09-18 08:48:01,886 [grpc-default-executor-6] INFO  impl.RaftServerProxy (RaftServerProxy.java:remove(95)) - 6955b3b9-1fa4-46c5-a946-8e67bfb83506: remove group-A544ECBE184E:null
2019-09-18 08:48:01,889 [RatisPipelineUtilsThread] WARN  pipeline.RatisPipelineUtils (RatisPipelineUtils.java:destroyPipeline(66)) - Pipeline destroy failed for pipeline=PipelineID=ddebc52c-51fe-4f49-932a-a544ecbe184e dn=6955b3b9-1fa4-46c5-a946-8e67bfb83506{ip: 192.168.157.246, host: pr-hdds-2137-trunk-xplkb-1906903878, networkLocation: /default-rack, certSerialId: null}
2019-09-18 08:48:01,892 [grpc-default-executor-6] INFO  impl.RaftServerProxy (RaftServerProxy.java:remove(95)) - 92cc866f-2236-4b73-b0be-e1c51e7c2e55: remove group-A544ECBE184E:null
2019-09-18 08:48:01,895 [RatisPipelineUtilsThread] WARN  pipeline.RatisPipelineUtils (RatisPipelineUtils.java:destroyPipeline(66)) - Pipeline destroy failed for pipeline=PipelineID=ddebc52c-51fe-4f49-932a-a544ecbe184e dn=92cc866f-2236-4b73-b0be-e1c51e7c2e55{ip: 192.168.157.246, host: pr-hdds-2137-trunk-xplkb-1906903878, networkLocation: /default-rack, certSerialId: null}
2019-09-18 08:48:01,895 [RatisPipelineUtilsThread] ERROR pipeline.SCMPipelineManager (Scheduler.java:lambda$schedule$1(70)) - Destroy pipeline failed for pipeline:Pipeline[ Id: ddebc52c-51fe-4f49-932a-a544ecbe184e, Nodes: 07201f0e-3a1c-4c3e-af2c-9eb1e9c35520{ip: 192.168.157.246, host: pr-hdds-2137-trunk-xplkb-1906903878, networkLocation: /default-rack, certSerialId: null}6955b3b9-1fa4-46c5-a946-8e67bfb83506{ip: 192.168.157.246, host: pr-hdds-2137-trunk-xplkb-1906903878, networkLocation: /default-rack, certSerialId: null}92cc866f-2236-4b73-b0be-e1c51e7c2e55{ip: 192.168.157.246, host: pr-hdds-2137-trunk-xplkb-1906903878, networkLocation: /default-rack, certSerialId: null}, Type:RATIS, Factor:THREE, State:CLOSED]
org.apache.hadoop.hdds.scm.pipeline.PipelineNotFoundException: PipelineID=ddebc52c-51fe-4f49-932a-a544ecbe184e not found
	at org.apache.hadoop.hdds.scm.pipeline.PipelineStateMap.getPipeline(PipelineStateMap.java:132)
	at org.apache.hadoop.hdds.scm.pipeline.PipelineStateMap.removePipeline(PipelineStateMap.java:322)
	at org.apache.hadoop.hdds.scm.pipeline.PipelineStateManager.removePipeline(PipelineStateManager.java:107)
	at org.apache.hadoop.hdds.scm.pipeline.SCMPipelineManager.removePipeline(SCMPipelineManager.java:423)
	at org.apache.hadoop.hdds.scm.pipeline.SCMPipelineManager.destroyPipeline(SCMPipelineManager.java:409)
	at org.apache.hadoop.hdds.scm.pipeline.SCMPipelineManager.lambda$finalizeAndDestroyPipeline$0(SCMPipelineManager.java:318)
	at org.apache.hadoop.utils.Scheduler.lambda$schedule$1(Scheduler.java:68)
	at java.util.concurrent.Executors$RunnableAdapter.call(Executors.java:511)
	at java.util.concurrent.FutureTask.run(FutureTask.java:266)
	at java.util.concurrent.ScheduledThreadPoolExecutor$ScheduledFutureTask.access$201(ScheduledThreadPoolExecutor.java:180)
	at java.util.concurrent.ScheduledThreadPoolExecutor$ScheduledFutureTask.run(ScheduledThreadPoolExecutor.java:293)
	at java.util.concurrent.ThreadPoolExecutor.runWorker(ThreadPoolExecutor.java:1149)
	at java.util.concurrent.ThreadPoolExecutor$Worker.run(ThreadPoolExecutor.java:624)
	at java.lang.Thread.run(Thread.java:748)
2019-09-18 08:48:03,803 [92cc866f-2236-4b73-b0be-e1c51e7c2e55@group-85722E6F2626-SegmentedRaftLogWorker] WARN  segmented.SegmentedRaftLogWorker (SegmentedRaftLogWorker.java:getFromFuture(90)) - Timeout 1/~
org.apache.ratis.protocol.TimeoutIOException: Timeout 10s: WriteLog:11: (t:1, i:11), STATEMACHINELOGENTRY, client-45043365F4D9, cid=64-writeStateMachineData
	at org.apache.ratis.util.IOUtils.getFromFuture(IOUtils.java:87)
	at org.apache.ratis.server.raftlog.segmented.SegmentedRaftLogWorker$StateMachineDataPolicy.getFromFuture(SegmentedRaftLogWorker.java:87)
	at org.apache.ratis.server.raftlog.segmented.SegmentedRaftLogWorker$WriteLog.execute(SegmentedRaftLogWorker.java:477)
	at org.apache.ratis.server.raftlog.segmented.SegmentedRaftLogWorker.run(SegmentedRaftLogWorker.java:289)
	at java.lang.Thread.run(Thread.java:748)
Caused by: java.util.concurrent.TimeoutException
	at java.util.concurrent.CompletableFuture.timedGet(CompletableFuture.java:1771)
	at java.util.concurrent.CompletableFuture.get(CompletableFuture.java:1915)
	at org.apache.ratis.util.IOUtils.getFromFuture(IOUtils.java:79)
	... 4 more
2019-09-18 08:48:03,805 [6955b3b9-1fa4-46c5-a946-8e67bfb83506@group-85722E6F2626-SegmentedRaftLogWorker] WARN  segmented.SegmentedRaftLogWorker (SegmentedRaftLogWorker.java:getFromFuture(90)) - Timeout 1/~
org.apache.ratis.protocol.TimeoutIOException: Timeout 10s: WriteLog:11: (t:1, i:11), STATEMACHINELOGENTRY, client-45043365F4D9, cid=64-writeStateMachineData
	at org.apache.ratis.util.IOUtils.getFromFuture(IOUtils.java:87)
	at org.apache.ratis.server.raftlog.segmented.SegmentedRaftLogWorker$StateMachineDataPolicy.getFromFuture(SegmentedRaftLogWorker.java:87)
	at org.apache.ratis.server.raftlog.segmented.SegmentedRaftLogWorker$WriteLog.execute(SegmentedRaftLogWorker.java:477)
	at org.apache.ratis.server.raftlog.segmented.SegmentedRaftLogWorker.run(SegmentedRaftLogWorker.java:289)
	at java.lang.Thread.run(Thread.java:748)
Caused by: java.util.concurrent.TimeoutException
	at java.util.concurrent.CompletableFuture.timedGet(CompletableFuture.java:1771)
	at java.util.concurrent.CompletableFuture.get(CompletableFuture.java:1915)
	at org.apache.ratis.util.IOUtils.getFromFuture(IOUtils.java:79)
	... 4 more
2019-09-18 08:48:03,871 [grpc-default-executor-6] INFO  impl.RaftServerProxy (RaftServerProxy.java:remove(95)) - 07201f0e-3a1c-4c3e-af2c-9eb1e9c35520: remove group-A544ECBE184E:null
2019-09-18 08:48:03,874 [RatisPipelineUtilsThread] WARN  pipeline.RatisPipelineUtils (RatisPipelineUtils.java:destroyPipeline(66)) - Pipeline destroy failed for pipeline=PipelineID=ddebc52c-51fe-4f49-932a-a544ecbe184e dn=07201f0e-3a1c-4c3e-af2c-9eb1e9c35520{ip: 192.168.157.246, host: pr-hdds-2137-trunk-xplkb-1906903878, networkLocation: /default-rack, certSerialId: null}
2019-09-18 08:48:03,877 [grpc-default-executor-6] INFO  impl.RaftServerProxy (RaftServerProxy.java:remove(95)) - 6955b3b9-1fa4-46c5-a946-8e67bfb83506: remove group-A544ECBE184E:null
2019-09-18 08:48:03,880 [RatisPipelineUtilsThread] WARN  pipeline.RatisPipelineUtils (RatisPipelineUtils.java:destroyPipeline(66)) - Pipeline destroy failed for pipeline=PipelineID=ddebc52c-51fe-4f49-932a-a544ecbe184e dn=6955b3b9-1fa4-46c5-a946-8e67bfb83506{ip: 192.168.157.246, host: pr-hdds-2137-trunk-xplkb-1906903878, networkLocation: /default-rack, certSerialId: null}
2019-09-18 08:48:03,883 [grpc-default-executor-6] INFO  impl.RaftServerProxy (RaftServerProxy.java:remove(95)) - 92cc866f-2236-4b73-b0be-e1c51e7c2e55: remove group-A544ECBE184E:null
2019-09-18 08:48:03,886 [RatisPipelineUtilsThread] WARN  pipeline.RatisPipelineUtils (RatisPipelineUtils.java:destroyPipeline(66)) - Pipeline destroy failed for pipeline=PipelineID=ddebc52c-51fe-4f49-932a-a544ecbe184e dn=92cc866f-2236-4b73-b0be-e1c51e7c2e55{ip: 192.168.157.246, host: pr-hdds-2137-trunk-xplkb-1906903878, networkLocation: /default-rack, certSerialId: null}
2019-09-18 08:48:03,887 [RatisPipelineUtilsThread] ERROR pipeline.SCMPipelineManager (Scheduler.java:lambda$schedule$1(70)) - Destroy pipeline failed for pipeline:Pipeline[ Id: ddebc52c-51fe-4f49-932a-a544ecbe184e, Nodes: 07201f0e-3a1c-4c3e-af2c-9eb1e9c35520{ip: 192.168.157.246, host: pr-hdds-2137-trunk-xplkb-1906903878, networkLocation: /default-rack, certSerialId: null}6955b3b9-1fa4-46c5-a946-8e67bfb83506{ip: 192.168.157.246, host: pr-hdds-2137-trunk-xplkb-1906903878, networkLocation: /default-rack, certSerialId: null}92cc866f-2236-4b73-b0be-e1c51e7c2e55{ip: 192.168.157.246, host: pr-hdds-2137-trunk-xplkb-1906903878, networkLocation: /default-rack, certSerialId: null}, Type:RATIS, Factor:THREE, State:CLOSED]
org.apache.hadoop.hdds.scm.pipeline.PipelineNotFoundException: PipelineID=ddebc52c-51fe-4f49-932a-a544ecbe184e not found
	at org.apache.hadoop.hdds.scm.pipeline.PipelineStateMap.getPipeline(PipelineStateMap.java:132)
	at org.apache.hadoop.hdds.scm.pipeline.PipelineStateMap.removePipeline(PipelineStateMap.java:322)
	at org.apache.hadoop.hdds.scm.pipeline.PipelineStateManager.removePipeline(PipelineStateManager.java:107)
	at org.apache.hadoop.hdds.scm.pipeline.SCMPipelineManager.removePipeline(SCMPipelineManager.java:423)
	at org.apache.hadoop.hdds.scm.pipeline.SCMPipelineManager.destroyPipeline(SCMPipelineManager.java:409)
	at org.apache.hadoop.hdds.scm.pipeline.SCMPipelineManager.lambda$finalizeAndDestroyPipeline$0(SCMPipelineManager.java:318)
	at org.apache.hadoop.utils.Scheduler.lambda$schedule$1(Scheduler.java:68)
	at java.util.concurrent.Executors$RunnableAdapter.call(Executors.java:511)
	at java.util.concurrent.FutureTask.run(FutureTask.java:266)
	at java.util.concurrent.ScheduledThreadPoolExecutor$ScheduledFutureTask.access$201(ScheduledThreadPoolExecutor.java:180)
	at java.util.concurrent.ScheduledThreadPoolExecutor$ScheduledFutureTask.run(ScheduledThreadPoolExecutor.java:293)
	at java.util.concurrent.ThreadPoolExecutor.runWorker(ThreadPoolExecutor.java:1149)
	at java.util.concurrent.ThreadPoolExecutor$Worker.run(ThreadPoolExecutor.java:624)
	at java.lang.Thread.run(Thread.java:748)
2019-09-18 08:48:03,956 [grpc-default-executor-6] INFO  client.GrpcClientProtocolClient (GrpcClientProtocolClient.java:onNext(264)) - client-45043365F4D9->6955b3b9-1fa4-46c5-a946-8e67bfb83506: receive RaftClientReply:client-45043365F4D9->6955b3b9-1fa4-46c5-a946-8e67bfb83506@group-85722E6F2626, cid=64, FAILED org.apache.ratis.protocol.NotLeaderException: Server 6955b3b9-1fa4-46c5-a946-8e67bfb83506@group-85722E6F2626 is not the leader 92cc866f-2236-4b73-b0be-e1c51e7c2e55:192.168.157.246:35640, logIndex=0, commits[6955b3b9-1fa4-46c5-a946-8e67bfb83506:c10, 07201f0e-3a1c-4c3e-af2c-9eb1e9c35520:c8, 92cc866f-2236-4b73-b0be-e1c51e7c2e55:c10]
2019-09-18 08:48:04,317 [java.util.concurrent.ThreadPoolExecutor$Worker@6b990b24[State = -1, empty queue]] WARN  server.GrpcLogAppender (GrpcLogAppender.java:timeoutAppendRequest(200)) - 92cc866f-2236-4b73-b0be-e1c51e7c2e55@group-85722E6F2626->6955b3b9-1fa4-46c5-a946-8e67bfb83506-GrpcLogAppender: appendEntries Timeout, request=92cc866f-2236-4b73-b0be-e1c51e7c2e55->6955b3b9-1fa4-46c5-a946-8e67bfb83506#25-t1, previous=(t:1, i:16), leaderCommit=10, initializing? false, entries: <empty>
2019-09-18 08:48:04,317 [java.util.concurrent.ThreadPoolExecutor$Worker@e8d937c[State = -1, empty queue]] WARN  server.GrpcLogAppender (GrpcLogAppender.java:timeoutAppendRequest(200)) - 92cc866f-2236-4b73-b0be-e1c51e7c2e55@group-85722E6F2626->07201f0e-3a1c-4c3e-af2c-9eb1e9c35520-GrpcLogAppender: appendEntries Timeout, request=92cc866f-2236-4b73-b0be-e1c51e7c2e55->07201f0e-3a1c-4c3e-af2c-9eb1e9c35520#25-t1, previous=(t:1, i:16), leaderCommit=10, initializing? false, entries: <empty>
2019-09-18 08:48:05,594 [07201f0e-3a1c-4c3e-af2c-9eb1e9c35520@group-85722E6F2626-SegmentedRaftLogWorker] WARN  segmented.SegmentedRaftLogWorker (SegmentedRaftLogWorker.java:getFromFuture(90)) - Timeout 1/~
org.apache.ratis.protocol.TimeoutIOException: Timeout 10s: WriteLog:12: (t:1, i:12), STATEMACHINELOGENTRY, client-45043365F4D9, cid=65-writeStateMachineData
	at org.apache.ratis.util.IOUtils.getFromFuture(IOUtils.java:87)
	at org.apache.ratis.server.raftlog.segmented.SegmentedRaftLogWorker$StateMachineDataPolicy.getFromFuture(SegmentedRaftLogWorker.java:87)
	at org.apache.ratis.server.raftlog.segmented.SegmentedRaftLogWorker$WriteLog.execute(SegmentedRaftLogWorker.java:477)
	at org.apache.ratis.server.raftlog.segmented.SegmentedRaftLogWorker.run(SegmentedRaftLogWorker.java:289)
	at java.lang.Thread.run(Thread.java:748)
Caused by: java.util.concurrent.TimeoutException
	at java.util.concurrent.CompletableFuture.timedGet(CompletableFuture.java:1771)
	at java.util.concurrent.CompletableFuture.get(CompletableFuture.java:1915)
	at org.apache.ratis.util.IOUtils.getFromFuture(IOUtils.java:79)
	... 4 more
2019-09-18 08:48:06,817 [java.util.concurrent.ThreadPoolExecutor$Worker@6b990b24[State = -1, empty queue]] WARN  server.GrpcLogAppender (GrpcLogAppender.java:timeoutAppendRequest(200)) - 92cc866f-2236-4b73-b0be-e1c51e7c2e55@group-85722E6F2626->6955b3b9-1fa4-46c5-a946-8e67bfb83506-GrpcLogAppender: appendEntries Timeout, request=92cc866f-2236-4b73-b0be-e1c51e7c2e55->6955b3b9-1fa4-46c5-a946-8e67bfb83506#26-t1, previous=(t:1, i:16), leaderCommit=10, initializing? false, entries: <empty>
2019-09-18 08:48:06,817 [java.util.concurrent.ThreadPoolExecutor$Worker@e8d937c[State = -1, empty queue]] WARN  server.GrpcLogAppender (GrpcLogAppender.java:timeoutAppendRequest(200)) - 92cc866f-2236-4b73-b0be-e1c51e7c2e55@group-85722E6F2626->07201f0e-3a1c-4c3e-af2c-9eb1e9c35520-GrpcLogAppender: appendEntries Timeout, request=92cc866f-2236-4b73-b0be-e1c51e7c2e55->07201f0e-3a1c-4c3e-af2c-9eb1e9c35520#26-t1, previous=(t:1, i:16), leaderCommit=10, initializing? false, entries: <empty>
2019-09-18 08:48:06,873 [grpc-default-executor-6] INFO  impl.RaftServerProxy (RaftServerProxy.java:remove(95)) - 07201f0e-3a1c-4c3e-af2c-9eb1e9c35520: remove group-A544ECBE184E:null
2019-09-18 08:48:06,877 [RatisPipelineUtilsThread] WARN  pipeline.RatisPipelineUtils (RatisPipelineUtils.java:destroyPipeline(66)) - Pipeline destroy failed for pipeline=PipelineID=ddebc52c-51fe-4f49-932a-a544ecbe184e dn=07201f0e-3a1c-4c3e-af2c-9eb1e9c35520{ip: 192.168.157.246, host: pr-hdds-2137-trunk-xplkb-1906903878, networkLocation: /default-rack, certSerialId: null}
2019-09-18 08:48:06,881 [grpc-default-executor-6] INFO  impl.RaftServerProxy (RaftServerProxy.java:remove(95)) - 6955b3b9-1fa4-46c5-a946-8e67bfb83506: remove group-A544ECBE184E:null
2019-09-18 08:48:06,884 [RatisPipelineUtilsThread] WARN  pipeline.RatisPipelineUtils (RatisPipelineUtils.java:destroyPipeline(66)) - Pipeline destroy failed for pipeline=PipelineID=ddebc52c-51fe-4f49-932a-a544ecbe184e dn=6955b3b9-1fa4-46c5-a946-8e67bfb83506{ip: 192.168.157.246, host: pr-hdds-2137-trunk-xplkb-1906903878, networkLocation: /default-rack, certSerialId: null}
2019-09-18 08:48:06,888 [grpc-default-executor-6] INFO  impl.RaftServerProxy (RaftServerProxy.java:remove(95)) - 92cc866f-2236-4b73-b0be-e1c51e7c2e55: remove group-A544ECBE184E:null
2019-09-18 08:48:06,891 [RatisPipelineUtilsThread] WARN  pipeline.RatisPipelineUtils (RatisPipelineUtils.java:destroyPipeline(66)) - Pipeline destroy failed for pipeline=PipelineID=ddebc52c-51fe-4f49-932a-a544ecbe184e dn=92cc866f-2236-4b73-b0be-e1c51e7c2e55{ip: 192.168.157.246, host: pr-hdds-2137-trunk-xplkb-1906903878, networkLocation: /default-rack, certSerialId: null}
2019-09-18 08:48:06,891 [RatisPipelineUtilsThread] ERROR pipeline.SCMPipelineManager (Scheduler.java:lambda$schedule$1(70)) - Destroy pipeline failed for pipeline:Pipeline[ Id: ddebc52c-51fe-4f49-932a-a544ecbe184e, Nodes: 07201f0e-3a1c-4c3e-af2c-9eb1e9c35520{ip: 192.168.157.246, host: pr-hdds-2137-trunk-xplkb-1906903878, networkLocation: /default-rack, certSerialId: null}6955b3b9-1fa4-46c5-a946-8e67bfb83506{ip: 192.168.157.246, host: pr-hdds-2137-trunk-xplkb-1906903878, networkLocation: /default-rack, certSerialId: null}92cc866f-2236-4b73-b0be-e1c51e7c2e55{ip: 192.168.157.246, host: pr-hdds-2137-trunk-xplkb-1906903878, networkLocation: /default-rack, certSerialId: null}, Type:RATIS, Factor:THREE, State:CLOSED]
org.apache.hadoop.hdds.scm.pipeline.PipelineNotFoundException: PipelineID=ddebc52c-51fe-4f49-932a-a544ecbe184e not found
	at org.apache.hadoop.hdds.scm.pipeline.PipelineStateMap.getPipeline(PipelineStateMap.java:132)
	at org.apache.hadoop.hdds.scm.pipeline.PipelineStateMap.removePipeline(PipelineStateMap.java:322)
	at org.apache.hadoop.hdds.scm.pipeline.PipelineStateManager.removePipeline(PipelineStateManager.java:107)
	at org.apache.hadoop.hdds.scm.pipeline.SCMPipelineManager.removePipeline(SCMPipelineManager.java:423)
	at org.apache.hadoop.hdds.scm.pipeline.SCMPipelineManager.destroyPipeline(SCMPipelineManager.java:409)
	at org.apache.hadoop.hdds.scm.pipeline.SCMPipelineManager.lambda$finalizeAndDestroyPipeline$0(SCMPipelineManager.java:318)
	at org.apache.hadoop.utils.Scheduler.lambda$schedule$1(Scheduler.java:68)
	at java.util.concurrent.Executors$RunnableAdapter.call(Executors.java:511)
	at java.util.concurrent.FutureTask.run(FutureTask.java:266)
	at java.util.concurrent.ScheduledThreadPoolExecutor$ScheduledFutureTask.access$201(ScheduledThreadPoolExecutor.java:180)
	at java.util.concurrent.ScheduledThreadPoolExecutor$ScheduledFutureTask.run(ScheduledThreadPoolExecutor.java:293)
	at java.util.concurrent.ThreadPoolExecutor.runWorker(ThreadPoolExecutor.java:1149)
	at java.util.concurrent.ThreadPoolExecutor$Worker.run(ThreadPoolExecutor.java:624)
	at java.lang.Thread.run(Thread.java:748)
2019-09-18 08:48:08,872 [grpc-default-executor-6] INFO  impl.RaftServerProxy (RaftServerProxy.java:remove(95)) - 07201f0e-3a1c-4c3e-af2c-9eb1e9c35520: remove group-A544ECBE184E:null
2019-09-18 08:48:08,876 [RatisPipelineUtilsThread] WARN  pipeline.RatisPipelineUtils (RatisPipelineUtils.java:destroyPipeline(66)) - Pipeline destroy failed for pipeline=PipelineID=ddebc52c-51fe-4f49-932a-a544ecbe184e dn=07201f0e-3a1c-4c3e-af2c-9eb1e9c35520{ip: 192.168.157.246, host: pr-hdds-2137-trunk-xplkb-1906903878, networkLocation: /default-rack, certSerialId: null}
2019-09-18 08:48:08,880 [grpc-default-executor-6] INFO  impl.RaftServerProxy (RaftServerProxy.java:remove(95)) - 6955b3b9-1fa4-46c5-a946-8e67bfb83506: remove group-A544ECBE184E:null
2019-09-18 08:48:08,883 [RatisPipelineUtilsThread] WARN  pipeline.RatisPipelineUtils (RatisPipelineUtils.java:destroyPipeline(66)) - Pipeline destroy failed for pipeline=PipelineID=ddebc52c-51fe-4f49-932a-a544ecbe184e dn=6955b3b9-1fa4-46c5-a946-8e67bfb83506{ip: 192.168.157.246, host: pr-hdds-2137-trunk-xplkb-1906903878, networkLocation: /default-rack, certSerialId: null}
2019-09-18 08:48:08,887 [grpc-default-executor-6] INFO  impl.RaftServerProxy (RaftServerProxy.java:remove(95)) - 92cc866f-2236-4b73-b0be-e1c51e7c2e55: remove group-A544ECBE184E:null
2019-09-18 08:48:08,890 [RatisPipelineUtilsThread] WARN  pipeline.RatisPipelineUtils (RatisPipelineUtils.java:destroyPipeline(66)) - Pipeline destroy failed for pipeline=PipelineID=ddebc52c-51fe-4f49-932a-a544ecbe184e dn=92cc866f-2236-4b73-b0be-e1c51e7c2e55{ip: 192.168.157.246, host: pr-hdds-2137-trunk-xplkb-1906903878, networkLocation: /default-rack, certSerialId: null}
2019-09-18 08:48:08,890 [RatisPipelineUtilsThread] ERROR pipeline.SCMPipelineManager (Scheduler.java:lambda$schedule$1(70)) - Destroy pipeline failed for pipeline:Pipeline[ Id: ddebc52c-51fe-4f49-932a-a544ecbe184e, Nodes: 07201f0e-3a1c-4c3e-af2c-9eb1e9c35520{ip: 192.168.157.246, host: pr-hdds-2137-trunk-xplkb-1906903878, networkLocation: /default-rack, certSerialId: null}6955b3b9-1fa4-46c5-a946-8e67bfb83506{ip: 192.168.157.246, host: pr-hdds-2137-trunk-xplkb-1906903878, networkLocation: /default-rack, certSerialId: null}92cc866f-2236-4b73-b0be-e1c51e7c2e55{ip: 192.168.157.246, host: pr-hdds-2137-trunk-xplkb-1906903878, networkLocation: /default-rack, certSerialId: null}, Type:RATIS, Factor:THREE, State:CLOSED]
org.apache.hadoop.hdds.scm.pipeline.PipelineNotFoundException: PipelineID=ddebc52c-51fe-4f49-932a-a544ecbe184e not found
	at org.apache.hadoop.hdds.scm.pipeline.PipelineStateMap.getPipeline(PipelineStateMap.java:132)
	at org.apache.hadoop.hdds.scm.pipeline.PipelineStateMap.removePipeline(PipelineStateMap.java:322)
	at org.apache.hadoop.hdds.scm.pipeline.PipelineStateManager.removePipeline(PipelineStateManager.java:107)
	at org.apache.hadoop.hdds.scm.pipeline.SCMPipelineManager.removePipeline(SCMPipelineManager.java:423)
	at org.apache.hadoop.hdds.scm.pipeline.SCMPipelineManager.destroyPipeline(SCMPipelineManager.java:409)
	at org.apache.hadoop.hdds.scm.pipeline.SCMPipelineManager.lambda$finalizeAndDestroyPipeline$0(SCMPipelineManager.java:318)
	at org.apache.hadoop.utils.Scheduler.lambda$schedule$1(Scheduler.java:68)
	at java.util.concurrent.Executors$RunnableAdapter.call(Executors.java:511)
	at java.util.concurrent.FutureTask.run(FutureTask.java:266)
	at java.util.concurrent.ScheduledThreadPoolExecutor$ScheduledFutureTask.access$201(ScheduledThreadPoolExecutor.java:180)
	at java.util.concurrent.ScheduledThreadPoolExecutor$ScheduledFutureTask.run(ScheduledThreadPoolExecutor.java:293)
	at java.util.concurrent.ThreadPoolExecutor.runWorker(ThreadPoolExecutor.java:1149)
	at java.util.concurrent.ThreadPoolExecutor$Worker.run(ThreadPoolExecutor.java:624)
	at java.lang.Thread.run(Thread.java:748)
2019-09-18 08:48:09,002 [grpc-default-executor-6] INFO  client.GrpcClientProtocolClient (GrpcClientProtocolClient.java:onNext(264)) - client-45043365F4D9->07201f0e-3a1c-4c3e-af2c-9eb1e9c35520: receive RaftClientReply:client-45043365F4D9->07201f0e-3a1c-4c3e-af2c-9eb1e9c35520@group-85722E6F2626, cid=64, FAILED org.apache.ratis.protocol.NotLeaderException: Server 07201f0e-3a1c-4c3e-af2c-9eb1e9c35520@group-85722E6F2626 is not the leader 92cc866f-2236-4b73-b0be-e1c51e7c2e55:192.168.157.246:35640, logIndex=0, commits[07201f0e-3a1c-4c3e-af2c-9eb1e9c35520:c10, 6955b3b9-1fa4-46c5-a946-8e67bfb83506:c8, 92cc866f-2236-4b73-b0be-e1c51e7c2e55:c10]
2019-09-18 08:48:09,320 [java.util.concurrent.ThreadPoolExecutor$Worker@e8d937c[State = -1, empty queue]] WARN  server.GrpcLogAppender (GrpcLogAppender.java:timeoutAppendRequest(200)) - 92cc866f-2236-4b73-b0be-e1c51e7c2e55@group-85722E6F2626->07201f0e-3a1c-4c3e-af2c-9eb1e9c35520-GrpcLogAppender: appendEntries Timeout, request=92cc866f-2236-4b73-b0be-e1c51e7c2e55->07201f0e-3a1c-4c3e-af2c-9eb1e9c35520#27-t1, previous=(t:1, i:16), leaderCommit=10, initializing? false, entries: <empty>
2019-09-18 08:48:09,320 [java.util.concurrent.ThreadPoolExecutor$Worker@6b990b24[State = -1, empty queue]] WARN  server.GrpcLogAppender (GrpcLogAppender.java:timeoutAppendRequest(200)) - 92cc866f-2236-4b73-b0be-e1c51e7c2e55@group-85722E6F2626->6955b3b9-1fa4-46c5-a946-8e67bfb83506-GrpcLogAppender: appendEntries Timeout, request=92cc866f-2236-4b73-b0be-e1c51e7c2e55->6955b3b9-1fa4-46c5-a946-8e67bfb83506#27-t1, previous=(t:1, i:16), leaderCommit=10, initializing? false, entries: <empty>
2019-09-18 08:48:11,820 [java.util.concurrent.ThreadPoolExecutor$Worker@e8d937c[State = -1, empty queue]] WARN  server.GrpcLogAppender (GrpcLogAppender.java:timeoutAppendRequest(200)) - 92cc866f-2236-4b73-b0be-e1c51e7c2e55@group-85722E6F2626->07201f0e-3a1c-4c3e-af2c-9eb1e9c35520-GrpcLogAppender: appendEntries Timeout, request=92cc866f-2236-4b73-b0be-e1c51e7c2e55->07201f0e-3a1c-4c3e-af2c-9eb1e9c35520#28-t1, previous=(t:1, i:16), leaderCommit=10, initializing? false, entries: <empty>
2019-09-18 08:48:11,820 [java.util.concurrent.ThreadPoolExecutor$Worker@6b990b24[State = -1, empty queue]] WARN  server.GrpcLogAppender (GrpcLogAppender.java:timeoutAppendRequest(200)) - 92cc866f-2236-4b73-b0be-e1c51e7c2e55@group-85722E6F2626->6955b3b9-1fa4-46c5-a946-8e67bfb83506-GrpcLogAppender: appendEntries Timeout, request=92cc866f-2236-4b73-b0be-e1c51e7c2e55->6955b3b9-1fa4-46c5-a946-8e67bfb83506#28-t1, previous=(t:1, i:16), leaderCommit=10, initializing? false, entries: <empty>
2019-09-18 08:48:11,873 [grpc-default-executor-6] INFO  impl.RaftServerProxy (RaftServerProxy.java:remove(95)) - 07201f0e-3a1c-4c3e-af2c-9eb1e9c35520: remove group-A544ECBE184E:null
2019-09-18 08:48:11,878 [RatisPipelineUtilsThread] WARN  pipeline.RatisPipelineUtils (RatisPipelineUtils.java:destroyPipeline(66)) - Pipeline destroy failed for pipeline=PipelineID=ddebc52c-51fe-4f49-932a-a544ecbe184e dn=07201f0e-3a1c-4c3e-af2c-9eb1e9c35520{ip: 192.168.157.246, host: pr-hdds-2137-trunk-xplkb-1906903878, networkLocation: /default-rack, certSerialId: null}
2019-09-18 08:48:11,881 [grpc-default-executor-6] INFO  impl.RaftServerProxy (RaftServerProxy.java:remove(95)) - 6955b3b9-1fa4-46c5-a946-8e67bfb83506: remove group-A544ECBE184E:null
2019-09-18 08:48:11,884 [RatisPipelineUtilsThread] WARN  pipeline.RatisPipelineUtils (RatisPipelineUtils.java:destroyPipeline(66)) - Pipeline destroy failed for pipeline=PipelineID=ddebc52c-51fe-4f49-932a-a544ecbe184e dn=6955b3b9-1fa4-46c5-a946-8e67bfb83506{ip: 192.168.157.246, host: pr-hdds-2137-trunk-xplkb-1906903878, networkLocation: /default-rack, certSerialId: null}
2019-09-18 08:48:11,888 [grpc-default-executor-6] INFO  impl.RaftServerProxy (RaftServerProxy.java:remove(95)) - 92cc866f-2236-4b73-b0be-e1c51e7c2e55: remove group-A544ECBE184E:null
2019-09-18 08:48:11,890 [RatisPipelineUtilsThread] WARN  pipeline.RatisPipelineUtils (RatisPipelineUtils.java:destroyPipeline(66)) - Pipeline destroy failed for pipeline=PipelineID=ddebc52c-51fe-4f49-932a-a544ecbe184e dn=92cc866f-2236-4b73-b0be-e1c51e7c2e55{ip: 192.168.157.246, host: pr-hdds-2137-trunk-xplkb-1906903878, networkLocation: /default-rack, certSerialId: null}
2019-09-18 08:48:11,890 [RatisPipelineUtilsThread] ERROR pipeline.SCMPipelineManager (Scheduler.java:lambda$schedule$1(70)) - Destroy pipeline failed for pipeline:Pipeline[ Id: ddebc52c-51fe-4f49-932a-a544ecbe184e, Nodes: 07201f0e-3a1c-4c3e-af2c-9eb1e9c35520{ip: 192.168.157.246, host: pr-hdds-2137-trunk-xplkb-1906903878, networkLocation: /default-rack, certSerialId: null}6955b3b9-1fa4-46c5-a946-8e67bfb83506{ip: 192.168.157.246, host: pr-hdds-2137-trunk-xplkb-1906903878, networkLocation: /default-rack, certSerialId: null}92cc866f-2236-4b73-b0be-e1c51e7c2e55{ip: 192.168.157.246, host: pr-hdds-2137-trunk-xplkb-1906903878, networkLocation: /default-rack, certSerialId: null}, Type:RATIS, Factor:THREE, State:CLOSED]
org.apache.hadoop.hdds.scm.pipeline.PipelineNotFoundException: PipelineID=ddebc52c-51fe-4f49-932a-a544ecbe184e not found
	at org.apache.hadoop.hdds.scm.pipeline.PipelineStateMap.getPipeline(PipelineStateMap.java:132)
	at org.apache.hadoop.hdds.scm.pipeline.PipelineStateMap.removePipeline(PipelineStateMap.java:322)
	at org.apache.hadoop.hdds.scm.pipeline.PipelineStateManager.removePipeline(PipelineStateManager.java:107)
	at org.apache.hadoop.hdds.scm.pipeline.SCMPipelineManager.removePipeline(SCMPipelineManager.java:423)
	at org.apache.hadoop.hdds.scm.pipeline.SCMPipelineManager.destroyPipeline(SCMPipelineManager.java:409)
	at org.apache.hadoop.hdds.scm.pipeline.SCMPipelineManager.lambda$finalizeAndDestroyPipeline$0(SCMPipelineManager.java:318)
	at org.apache.hadoop.utils.Scheduler.lambda$schedule$1(Scheduler.java:68)
	at java.util.concurrent.Executors$RunnableAdapter.call(Executors.java:511)
	at java.util.concurrent.FutureTask.run(FutureTask.java:266)
	at java.util.concurrent.ScheduledThreadPoolExecutor$ScheduledFutureTask.access$201(ScheduledThreadPoolExecutor.java:180)
	at java.util.concurrent.ScheduledThreadPoolExecutor$ScheduledFutureTask.run(ScheduledThreadPoolExecutor.java:293)
	at java.util.concurrent.ThreadPoolExecutor.runWorker(ThreadPoolExecutor.java:1149)
	at java.util.concurrent.ThreadPoolExecutor$Worker.run(ThreadPoolExecutor.java:624)
	at java.lang.Thread.run(Thread.java:748)
2019-09-18 08:48:13,804 [92cc866f-2236-4b73-b0be-e1c51e7c2e55@group-85722E6F2626-SegmentedRaftLogWorker] WARN  segmented.SegmentedRaftLogWorker (SegmentedRaftLogWorker.java:getFromFuture(90)) - Timeout 2/~
org.apache.ratis.protocol.TimeoutIOException: Timeout 10s: WriteLog:11: (t:1, i:11), STATEMACHINELOGENTRY, client-45043365F4D9, cid=64-writeStateMachineData
	at org.apache.ratis.util.IOUtils.getFromFuture(IOUtils.java:87)
	at org.apache.ratis.server.raftlog.segmented.SegmentedRaftLogWorker$StateMachineDataPolicy.getFromFuture(SegmentedRaftLogWorker.java:87)
	at org.apache.ratis.server.raftlog.segmented.SegmentedRaftLogWorker$WriteLog.execute(SegmentedRaftLogWorker.java:477)
	at org.apache.ratis.server.raftlog.segmented.SegmentedRaftLogWorker.run(SegmentedRaftLogWorker.java:289)
	at java.lang.Thread.run(Thread.java:748)
Caused by: java.util.concurrent.TimeoutException
	at java.util.concurrent.CompletableFuture.timedGet(CompletableFuture.java:1771)
	at java.util.concurrent.CompletableFuture.get(CompletableFuture.java:1915)
	at org.apache.ratis.util.IOUtils.getFromFuture(IOUtils.java:79)
	... 4 more
2019-09-18 08:48:13,806 [6955b3b9-1fa4-46c5-a946-8e67bfb83506@group-85722E6F2626-SegmentedRaftLogWorker] WARN  segmented.SegmentedRaftLogWorker (SegmentedRaftLogWorker.java:getFromFuture(90)) - Timeout 2/~
org.apache.ratis.protocol.TimeoutIOException: Timeout 10s: WriteLog:11: (t:1, i:11), STATEMACHINELOGENTRY, client-45043365F4D9, cid=64-writeStateMachineData
	at org.apache.ratis.util.IOUtils.getFromFuture(IOUtils.java:87)
	at org.apache.ratis.server.raftlog.segmented.SegmentedRaftLogWorker$StateMachineDataPolicy.getFromFuture(SegmentedRaftLogWorker.java:87)
	at org.apache.ratis.server.raftlog.segmented.SegmentedRaftLogWorker$WriteLog.execute(SegmentedRaftLogWorker.java:477)
	at org.apache.ratis.server.raftlog.segmented.SegmentedRaftLogWorker.run(SegmentedRaftLogWorker.java:289)
	at java.lang.Thread.run(Thread.java:748)
Caused by: java.util.concurrent.TimeoutException
	at java.util.concurrent.CompletableFuture.timedGet(CompletableFuture.java:1771)
	at java.util.concurrent.CompletableFuture.get(CompletableFuture.java:1915)
	at org.apache.ratis.util.IOUtils.getFromFuture(IOUtils.java:79)
	... 4 more
2019-09-18 08:48:13,870 [grpc-default-executor-6] INFO  impl.RaftServerProxy (RaftServerProxy.java:remove(95)) - 07201f0e-3a1c-4c3e-af2c-9eb1e9c35520: remove group-A544ECBE184E:null
2019-09-18 08:48:13,874 [RatisPipelineUtilsThread] WARN  pipeline.RatisPipelineUtils (RatisPipelineUtils.java:destroyPipeline(66)) - Pipeline destroy failed for pipeline=PipelineID=ddebc52c-51fe-4f49-932a-a544ecbe184e dn=07201f0e-3a1c-4c3e-af2c-9eb1e9c35520{ip: 192.168.157.246, host: pr-hdds-2137-trunk-xplkb-1906903878, networkLocation: /default-rack, certSerialId: null}
2019-09-18 08:48:13,877 [grpc-default-executor-6] INFO  impl.RaftServerProxy (RaftServerProxy.java:remove(95)) - 6955b3b9-1fa4-46c5-a946-8e67bfb83506: remove group-A544ECBE184E:null
2019-09-18 08:48:13,880 [RatisPipelineUtilsThread] WARN  pipeline.RatisPipelineUtils (RatisPipelineUtils.java:destroyPipeline(66)) - Pipeline destroy failed for pipeline=PipelineID=ddebc52c-51fe-4f49-932a-a544ecbe184e dn=6955b3b9-1fa4-46c5-a946-8e67bfb83506{ip: 192.168.157.246, host: pr-hdds-2137-trunk-xplkb-1906903878, networkLocation: /default-rack, certSerialId: null}
2019-09-18 08:48:13,883 [grpc-default-executor-6] INFO  impl.RaftServerProxy (RaftServerProxy.java:remove(95)) - 92cc866f-2236-4b73-b0be-e1c51e7c2e55: remove group-A544ECBE184E:null
2019-09-18 08:48:13,885 [RatisPipelineUtilsThread] WARN  pipeline.RatisPipelineUtils (RatisPipelineUtils.java:destroyPipeline(66)) - Pipeline destroy failed for pipeline=PipelineID=ddebc52c-51fe-4f49-932a-a544ecbe184e dn=92cc866f-2236-4b73-b0be-e1c51e7c2e55{ip: 192.168.157.246, host: pr-hdds-2137-trunk-xplkb-1906903878, networkLocation: /default-rack, certSerialId: null}
2019-09-18 08:48:13,886 [RatisPipelineUtilsThread] ERROR pipeline.SCMPipelineManager (Scheduler.java:lambda$schedule$1(70)) - Destroy pipeline failed for pipeline:Pipeline[ Id: ddebc52c-51fe-4f49-932a-a544ecbe184e, Nodes: 07201f0e-3a1c-4c3e-af2c-9eb1e9c35520{ip: 192.168.157.246, host: pr-hdds-2137-trunk-xplkb-1906903878, networkLocation: /default-rack, certSerialId: null}6955b3b9-1fa4-46c5-a946-8e67bfb83506{ip: 192.168.157.246, host: pr-hdds-2137-trunk-xplkb-1906903878, networkLocation: /default-rack, certSerialId: null}92cc866f-2236-4b73-b0be-e1c51e7c2e55{ip: 192.168.157.246, host: pr-hdds-2137-trunk-xplkb-1906903878, networkLocation: /default-rack, certSerialId: null}, Type:RATIS, Factor:THREE, State:CLOSED]
org.apache.hadoop.hdds.scm.pipeline.PipelineNotFoundException: PipelineID=ddebc52c-51fe-4f49-932a-a544ecbe184e not found
	at org.apache.hadoop.hdds.scm.pipeline.PipelineStateMap.getPipeline(PipelineStateMap.java:132)
	at org.apache.hadoop.hdds.scm.pipeline.PipelineStateMap.removePipeline(PipelineStateMap.java:322)
	at org.apache.hadoop.hdds.scm.pipeline.PipelineStateManager.removePipeline(PipelineStateManager.java:107)
	at org.apache.hadoop.hdds.scm.pipeline.SCMPipelineManager.removePipeline(SCMPipelineManager.java:423)
	at org.apache.hadoop.hdds.scm.pipeline.SCMPipelineManager.destroyPipeline(SCMPipelineManager.java:409)
	at org.apache.hadoop.hdds.scm.pipeline.SCMPipelineManager.lambda$finalizeAndDestroyPipeline$0(SCMPipelineManager.java:318)
	at org.apache.hadoop.utils.Scheduler.lambda$schedule$1(Scheduler.java:68)
	at java.util.concurrent.Executors$RunnableAdapter.call(Executors.java:511)
	at java.util.concurrent.FutureTask.run(FutureTask.java:266)
	at java.util.concurrent.ScheduledThreadPoolExecutor$ScheduledFutureTask.access$201(ScheduledThreadPoolExecutor.java:180)
	at java.util.concurrent.ScheduledThreadPoolExecutor$ScheduledFutureTask.run(ScheduledThreadPoolExecutor.java:293)
	at java.util.concurrent.ThreadPoolExecutor.runWorker(ThreadPoolExecutor.java:1149)
	at java.util.concurrent.ThreadPoolExecutor$Worker.run(ThreadPoolExecutor.java:624)
	at java.lang.Thread.run(Thread.java:748)
2019-09-18 08:48:14,053 [grpc-default-executor-6] INFO  client.GrpcClientProtocolClient (GrpcClientProtocolClient.java:onNext(264)) - client-45043365F4D9->6955b3b9-1fa4-46c5-a946-8e67bfb83506: receive RaftClientReply:client-45043365F4D9->6955b3b9-1fa4-46c5-a946-8e67bfb83506@group-85722E6F2626, cid=64, FAILED org.apache.ratis.protocol.NotLeaderException: Server 6955b3b9-1fa4-46c5-a946-8e67bfb83506@group-85722E6F2626 is not the leader 92cc866f-2236-4b73-b0be-e1c51e7c2e55:192.168.157.246:35640, logIndex=0, commits[6955b3b9-1fa4-46c5-a946-8e67bfb83506:c10, 07201f0e-3a1c-4c3e-af2c-9eb1e9c35520:c8, 92cc866f-2236-4b73-b0be-e1c51e7c2e55:c10]
2019-09-18 08:48:14,320 [java.util.concurrent.ThreadPoolExecutor$Worker@e8d937c[State = -1, empty queue]] WARN  server.GrpcLogAppender (GrpcLogAppender.java:timeoutAppendRequest(200)) - 92cc866f-2236-4b73-b0be-e1c51e7c2e55@group-85722E6F2626->07201f0e-3a1c-4c3e-af2c-9eb1e9c35520-GrpcLogAppender: appendEntries Timeout, request=92cc866f-2236-4b73-b0be-e1c51e7c2e55->07201f0e-3a1c-4c3e-af2c-9eb1e9c35520#29-t1, previous=(t:1, i:16), leaderCommit=10, initializing? false, entries: <empty>
2019-09-18 08:48:14,320 [java.util.concurrent.ThreadPoolExecutor$Worker@6b990b24[State = -1, empty queue]] WARN  server.GrpcLogAppender (GrpcLogAppender.java:timeoutAppendRequest(200)) - 92cc866f-2236-4b73-b0be-e1c51e7c2e55@group-85722E6F2626->6955b3b9-1fa4-46c5-a946-8e67bfb83506-GrpcLogAppender: appendEntries Timeout, request=92cc866f-2236-4b73-b0be-e1c51e7c2e55->6955b3b9-1fa4-46c5-a946-8e67bfb83506#29-t1, previous=(t:1, i:16), leaderCommit=10, initializing? false, entries: <empty>
2019-09-18 08:48:15,596 [07201f0e-3a1c-4c3e-af2c-9eb1e9c35520@group-85722E6F2626-SegmentedRaftLogWorker] WARN  segmented.SegmentedRaftLogWorker (SegmentedRaftLogWorker.java:getFromFuture(90)) - Timeout 2/~
org.apache.ratis.protocol.TimeoutIOException: Timeout 10s: WriteLog:12: (t:1, i:12), STATEMACHINELOGENTRY, client-45043365F4D9, cid=65-writeStateMachineData
	at org.apache.ratis.util.IOUtils.getFromFuture(IOUtils.java:87)
	at org.apache.ratis.server.raftlog.segmented.SegmentedRaftLogWorker$StateMachineDataPolicy.getFromFuture(SegmentedRaftLogWorker.java:87)
	at org.apache.ratis.server.raftlog.segmented.SegmentedRaftLogWorker$WriteLog.execute(SegmentedRaftLogWorker.java:477)
	at org.apache.ratis.server.raftlog.segmented.SegmentedRaftLogWorker.run(SegmentedRaftLogWorker.java:289)
	at java.lang.Thread.run(Thread.java:748)
Caused by: java.util.concurrent.TimeoutException
	at java.util.concurrent.CompletableFuture.timedGet(CompletableFuture.java:1771)
	at java.util.concurrent.CompletableFuture.get(CompletableFuture.java:1915)
	at org.apache.ratis.util.IOUtils.getFromFuture(IOUtils.java:79)
	... 4 more
2019-09-18 08:48:16,821 [java.util.concurrent.ThreadPoolExecutor$Worker@e8d937c[State = -1, empty queue]] WARN  server.GrpcLogAppender (GrpcLogAppender.java:timeoutAppendRequest(200)) - 92cc866f-2236-4b73-b0be-e1c51e7c2e55@group-85722E6F2626->07201f0e-3a1c-4c3e-af2c-9eb1e9c35520-GrpcLogAppender: appendEntries Timeout, request=92cc866f-2236-4b73-b0be-e1c51e7c2e55->07201f0e-3a1c-4c3e-af2c-9eb1e9c35520#30-t1, previous=(t:1, i:16), leaderCommit=10, initializing? false, entries: <empty>
2019-09-18 08:48:16,821 [java.util.concurrent.ThreadPoolExecutor$Worker@6b990b24[State = -1, empty queue]] WARN  server.GrpcLogAppender (GrpcLogAppender.java:timeoutAppendRequest(200)) - 92cc866f-2236-4b73-b0be-e1c51e7c2e55@group-85722E6F2626->6955b3b9-1fa4-46c5-a946-8e67bfb83506-GrpcLogAppender: appendEntries Timeout, request=92cc866f-2236-4b73-b0be-e1c51e7c2e55->6955b3b9-1fa4-46c5-a946-8e67bfb83506#30-t1, previous=(t:1, i:16), leaderCommit=10, initializing? false, entries: <empty>
2019-09-18 08:48:16,872 [grpc-default-executor-0] INFO  impl.RaftServerProxy (RaftServerProxy.java:remove(95)) - 07201f0e-3a1c-4c3e-af2c-9eb1e9c35520: remove group-A544ECBE184E:null
2019-09-18 08:48:16,875 [RatisPipelineUtilsThread] WARN  pipeline.RatisPipelineUtils (RatisPipelineUtils.java:destroyPipeline(66)) - Pipeline destroy failed for pipeline=PipelineID=ddebc52c-51fe-4f49-932a-a544ecbe184e dn=07201f0e-3a1c-4c3e-af2c-9eb1e9c35520{ip: 192.168.157.246, host: pr-hdds-2137-trunk-xplkb-1906903878, networkLocation: /default-rack, certSerialId: null}
2019-09-18 08:48:16,878 [grpc-default-executor-0] INFO  impl.RaftServerProxy (RaftServerProxy.java:remove(95)) - 6955b3b9-1fa4-46c5-a946-8e67bfb83506: remove group-A544ECBE184E:null
2019-09-18 08:48:16,880 [RatisPipelineUtilsThread] WARN  pipeline.RatisPipelineUtils (RatisPipelineUtils.java:destroyPipeline(66)) - Pipeline destroy failed for pipeline=PipelineID=ddebc52c-51fe-4f49-932a-a544ecbe184e dn=6955b3b9-1fa4-46c5-a946-8e67bfb83506{ip: 192.168.157.246, host: pr-hdds-2137-trunk-xplkb-1906903878, networkLocation: /default-rack, certSerialId: null}
2019-09-18 08:48:16,883 [grpc-default-executor-0] INFO  impl.RaftServerProxy (RaftServerProxy.java:remove(95)) - 92cc866f-2236-4b73-b0be-e1c51e7c2e55: remove group-A544ECBE184E:null
2019-09-18 08:48:16,885 [RatisPipelineUtilsThread] WARN  pipeline.RatisPipelineUtils (RatisPipelineUtils.java:destroyPipeline(66)) - Pipeline destroy failed for pipeline=PipelineID=ddebc52c-51fe-4f49-932a-a544ecbe184e dn=92cc866f-2236-4b73-b0be-e1c51e7c2e55{ip: 192.168.157.246, host: pr-hdds-2137-trunk-xplkb-1906903878, networkLocation: /default-rack, certSerialId: null}
2019-09-18 08:48:16,886 [RatisPipelineUtilsThread] ERROR pipeline.SCMPipelineManager (Scheduler.java:lambda$schedule$1(70)) - Destroy pipeline failed for pipeline:Pipeline[ Id: ddebc52c-51fe-4f49-932a-a544ecbe184e, Nodes: 07201f0e-3a1c-4c3e-af2c-9eb1e9c35520{ip: 192.168.157.246, host: pr-hdds-2137-trunk-xplkb-1906903878, networkLocation: /default-rack, certSerialId: null}6955b3b9-1fa4-46c5-a946-8e67bfb83506{ip: 192.168.157.246, host: pr-hdds-2137-trunk-xplkb-1906903878, networkLocation: /default-rack, certSerialId: null}92cc866f-2236-4b73-b0be-e1c51e7c2e55{ip: 192.168.157.246, host: pr-hdds-2137-trunk-xplkb-1906903878, networkLocation: /default-rack, certSerialId: null}, Type:RATIS, Factor:THREE, State:CLOSED]
org.apache.hadoop.hdds.scm.pipeline.PipelineNotFoundException: PipelineID=ddebc52c-51fe-4f49-932a-a544ecbe184e not found
	at org.apache.hadoop.hdds.scm.pipeline.PipelineStateMap.getPipeline(PipelineStateMap.java:132)
	at org.apache.hadoop.hdds.scm.pipeline.PipelineStateMap.removePipeline(PipelineStateMap.java:322)
	at org.apache.hadoop.hdds.scm.pipeline.PipelineStateManager.removePipeline(PipelineStateManager.java:107)
	at org.apache.hadoop.hdds.scm.pipeline.SCMPipelineManager.removePipeline(SCMPipelineManager.java:423)
	at org.apache.hadoop.hdds.scm.pipeline.SCMPipelineManager.destroyPipeline(SCMPipelineManager.java:409)
	at org.apache.hadoop.hdds.scm.pipeline.SCMPipelineManager.lambda$finalizeAndDestroyPipeline$0(SCMPipelineManager.java:318)
	at org.apache.hadoop.utils.Scheduler.lambda$schedule$1(Scheduler.java:68)
	at java.util.concurrent.Executors$RunnableAdapter.call(Executors.java:511)
	at java.util.concurrent.FutureTask.run(FutureTask.java:266)
	at java.util.concurrent.ScheduledThreadPoolExecutor$ScheduledFutureTask.access$201(ScheduledThreadPoolExecutor.java:180)
	at java.util.concurrent.ScheduledThreadPoolExecutor$ScheduledFutureTask.run(ScheduledThreadPoolExecutor.java:293)
	at java.util.concurrent.ThreadPoolExecutor.runWorker(ThreadPoolExecutor.java:1149)
	at java.util.concurrent.ThreadPoolExecutor$Worker.run(ThreadPoolExecutor.java:624)
	at java.lang.Thread.run(Thread.java:748)
2019-09-18 08:48:18,874 [grpc-default-executor-0] INFO  impl.RaftServerProxy (RaftServerProxy.java:remove(95)) - 07201f0e-3a1c-4c3e-af2c-9eb1e9c35520: remove group-A544ECBE184E:null
2019-09-18 08:48:18,878 [RatisPipelineUtilsThread] WARN  pipeline.RatisPipelineUtils (RatisPipelineUtils.java:destroyPipeline(66)) - Pipeline destroy failed for pipeline=PipelineID=ddebc52c-51fe-4f49-932a-a544ecbe184e dn=07201f0e-3a1c-4c3e-af2c-9eb1e9c35520{ip: 192.168.157.246, host: pr-hdds-2137-trunk-xplkb-1906903878, networkLocation: /default-rack, certSerialId: null}
2019-09-18 08:48:18,880 [grpc-default-executor-0] INFO  impl.RaftServerProxy (RaftServerProxy.java:remove(95)) - 6955b3b9-1fa4-46c5-a946-8e67bfb83506: remove group-A544ECBE184E:null
2019-09-18 08:48:18,883 [RatisPipelineUtilsThread] WARN  pipeline.RatisPipelineUtils (RatisPipelineUtils.java:destroyPipeline(66)) - Pipeline destroy failed for pipeline=PipelineID=ddebc52c-51fe-4f49-932a-a544ecbe184e dn=6955b3b9-1fa4-46c5-a946-8e67bfb83506{ip: 192.168.157.246, host: pr-hdds-2137-trunk-xplkb-1906903878, networkLocation: /default-rack, certSerialId: null}
2019-09-18 08:48:18,885 [grpc-default-executor-0] INFO  impl.RaftServerProxy (RaftServerProxy.java:remove(95)) - 92cc866f-2236-4b73-b0be-e1c51e7c2e55: remove group-A544ECBE184E:null
2019-09-18 08:48:18,887 [RatisPipelineUtilsThread] WARN  pipeline.RatisPipelineUtils (RatisPipelineUtils.java:destroyPipeline(66)) - Pipeline destroy failed for pipeline=PipelineID=ddebc52c-51fe-4f49-932a-a544ecbe184e dn=92cc866f-2236-4b73-b0be-e1c51e7c2e55{ip: 192.168.157.246, host: pr-hdds-2137-trunk-xplkb-1906903878, networkLocation: /default-rack, certSerialId: null}
2019-09-18 08:48:18,888 [RatisPipelineUtilsThread] ERROR pipeline.SCMPipelineManager (Scheduler.java:lambda$schedule$1(70)) - Destroy pipeline failed for pipeline:Pipeline[ Id: ddebc52c-51fe-4f49-932a-a544ecbe184e, Nodes: 07201f0e-3a1c-4c3e-af2c-9eb1e9c35520{ip: 192.168.157.246, host: pr-hdds-2137-trunk-xplkb-1906903878, networkLocation: /default-rack, certSerialId: null}6955b3b9-1fa4-46c5-a946-8e67bfb83506{ip: 192.168.157.246, host: pr-hdds-2137-trunk-xplkb-1906903878, networkLocation: /default-rack, certSerialId: null}92cc866f-2236-4b73-b0be-e1c51e7c2e55{ip: 192.168.157.246, host: pr-hdds-2137-trunk-xplkb-1906903878, networkLocation: /default-rack, certSerialId: null}, Type:RATIS, Factor:THREE, State:CLOSED]
org.apache.hadoop.hdds.scm.pipeline.PipelineNotFoundException: PipelineID=ddebc52c-51fe-4f49-932a-a544ecbe184e not found
	at org.apache.hadoop.hdds.scm.pipeline.PipelineStateMap.getPipeline(PipelineStateMap.java:132)
	at org.apache.hadoop.hdds.scm.pipeline.PipelineStateMap.removePipeline(PipelineStateMap.java:322)
	at org.apache.hadoop.hdds.scm.pipeline.PipelineStateManager.removePipeline(PipelineStateManager.java:107)
	at org.apache.hadoop.hdds.scm.pipeline.SCMPipelineManager.removePipeline(SCMPipelineManager.java:423)
	at org.apache.hadoop.hdds.scm.pipeline.SCMPipelineManager.destroyPipeline(SCMPipelineManager.java:409)
	at org.apache.hadoop.hdds.scm.pipeline.SCMPipelineManager.lambda$finalizeAndDestroyPipeline$0(SCMPipelineManager.java:318)
	at org.apache.hadoop.utils.Scheduler.lambda$schedule$1(Scheduler.java:68)
	at java.util.concurrent.Executors$RunnableAdapter.call(Executors.java:511)
	at java.util.concurrent.FutureTask.run(FutureTask.java:266)
	at java.util.concurrent.ScheduledThreadPoolExecutor$ScheduledFutureTask.access$201(ScheduledThreadPoolExecutor.java:180)
	at java.util.concurrent.ScheduledThreadPoolExecutor$ScheduledFutureTask.run(ScheduledThreadPoolExecutor.java:293)
	at java.util.concurrent.ThreadPoolExecutor.runWorker(ThreadPoolExecutor.java:1149)
	at java.util.concurrent.ThreadPoolExecutor$Worker.run(ThreadPoolExecutor.java:624)
	at java.lang.Thread.run(Thread.java:748)
2019-09-18 08:48:19,110 [grpc-default-executor-0] INFO  client.GrpcClientProtocolClient (GrpcClientProtocolClient.java:onNext(264)) - client-45043365F4D9->6955b3b9-1fa4-46c5-a946-8e67bfb83506: receive RaftClientReply:client-45043365F4D9->6955b3b9-1fa4-46c5-a946-8e67bfb83506@group-85722E6F2626, cid=64, FAILED org.apache.ratis.protocol.NotLeaderException: Server 6955b3b9-1fa4-46c5-a946-8e67bfb83506@group-85722E6F2626 is not the leader 92cc866f-2236-4b73-b0be-e1c51e7c2e55:192.168.157.246:35640, logIndex=0, commits[6955b3b9-1fa4-46c5-a946-8e67bfb83506:c10, 07201f0e-3a1c-4c3e-af2c-9eb1e9c35520:c8, 92cc866f-2236-4b73-b0be-e1c51e7c2e55:c10]
2019-09-18 08:48:19,322 [java.util.concurrent.ThreadPoolExecutor$Worker@e8d937c[State = -1, empty queue]] WARN  server.GrpcLogAppender (GrpcLogAppender.java:timeoutAppendRequest(200)) - 92cc866f-2236-4b73-b0be-e1c51e7c2e55@group-85722E6F2626->07201f0e-3a1c-4c3e-af2c-9eb1e9c35520-GrpcLogAppender: appendEntries Timeout, request=92cc866f-2236-4b73-b0be-e1c51e7c2e55->07201f0e-3a1c-4c3e-af2c-9eb1e9c35520#31-t1, previous=(t:1, i:16), leaderCommit=10, initializing? false, entries: <empty>
2019-09-18 08:48:19,322 [java.util.concurrent.ThreadPoolExecutor$Worker@6b990b24[State = -1, empty queue]] WARN  server.GrpcLogAppender (GrpcLogAppender.java:timeoutAppendRequest(200)) - 92cc866f-2236-4b73-b0be-e1c51e7c2e55@group-85722E6F2626->6955b3b9-1fa4-46c5-a946-8e67bfb83506-GrpcLogAppender: appendEntries Timeout, request=92cc866f-2236-4b73-b0be-e1c51e7c2e55->6955b3b9-1fa4-46c5-a946-8e67bfb83506#31-t1, previous=(t:1, i:16), leaderCommit=10, initializing? false, entries: <empty>
2019-09-18 08:48:21,824 [java.util.concurrent.ThreadPoolExecutor$Worker@6b990b24[State = -1, empty queue]] WARN  server.GrpcLogAppender (GrpcLogAppender.java:timeoutAppendRequest(200)) - 92cc866f-2236-4b73-b0be-e1c51e7c2e55@group-85722E6F2626->6955b3b9-1fa4-46c5-a946-8e67bfb83506-GrpcLogAppender: appendEntries Timeout, request=92cc866f-2236-4b73-b0be-e1c51e7c2e55->6955b3b9-1fa4-46c5-a946-8e67bfb83506#32-t1, previous=(t:1, i:16), leaderCommit=10, initializing? false, entries: <empty>
2019-09-18 08:48:21,824 [java.util.concurrent.ThreadPoolExecutor$Worker@e8d937c[State = -1, empty queue]] WARN  server.GrpcLogAppender (GrpcLogAppender.java:timeoutAppendRequest(200)) - 92cc866f-2236-4b73-b0be-e1c51e7c2e55@group-85722E6F2626->07201f0e-3a1c-4c3e-af2c-9eb1e9c35520-GrpcLogAppender: appendEntries Timeout, request=92cc866f-2236-4b73-b0be-e1c51e7c2e55->07201f0e-3a1c-4c3e-af2c-9eb1e9c35520#32-t1, previous=(t:1, i:16), leaderCommit=10, initializing? false, entries: <empty>
2019-09-18 08:48:21,878 [grpc-default-executor-0] INFO  impl.RaftServerProxy (RaftServerProxy.java:remove(95)) - 07201f0e-3a1c-4c3e-af2c-9eb1e9c35520: remove group-A544ECBE184E:null
2019-09-18 08:48:21,883 [RatisPipelineUtilsThread] WARN  pipeline.RatisPipelineUtils (RatisPipelineUtils.java:destroyPipeline(66)) - Pipeline destroy failed for pipeline=PipelineID=ddebc52c-51fe-4f49-932a-a544ecbe184e dn=07201f0e-3a1c-4c3e-af2c-9eb1e9c35520{ip: 192.168.157.246, host: pr-hdds-2137-trunk-xplkb-1906903878, networkLocation: /default-rack, certSerialId: null}
2019-09-18 08:48:21,887 [grpc-default-executor-0] INFO  impl.RaftServerProxy (RaftServerProxy.java:remove(95)) - 6955b3b9-1fa4-46c5-a946-8e67bfb83506: remove group-A544ECBE184E:null
2019-09-18 08:48:21,889 [RatisPipelineUtilsThread] WARN  pipeline.RatisPipelineUtils (RatisPipelineUtils.java:destroyPipeline(66)) - Pipeline destroy failed for pipeline=PipelineID=ddebc52c-51fe-4f49-932a-a544ecbe184e dn=6955b3b9-1fa4-46c5-a946-8e67bfb83506{ip: 192.168.157.246, host: pr-hdds-2137-trunk-xplkb-1906903878, networkLocation: /default-rack, certSerialId: null}
2019-09-18 08:48:21,892 [grpc-default-executor-0] INFO  impl.RaftServerProxy (RaftServerProxy.java:remove(95)) - 92cc866f-2236-4b73-b0be-e1c51e7c2e55: remove group-A544ECBE184E:null
2019-09-18 08:48:21,895 [RatisPipelineUtilsThread] WARN  pipeline.RatisPipelineUtils (RatisPipelineUtils.java:destroyPipeline(66)) - Pipeline destroy failed for pipeline=PipelineID=ddebc52c-51fe-4f49-932a-a544ecbe184e dn=92cc866f-2236-4b73-b0be-e1c51e7c2e55{ip: 192.168.157.246, host: pr-hdds-2137-trunk-xplkb-1906903878, networkLocation: /default-rack, certSerialId: null}
2019-09-18 08:48:21,895 [RatisPipelineUtilsThread] ERROR pipeline.SCMPipelineManager (Scheduler.java:lambda$schedule$1(70)) - Destroy pipeline failed for pipeline:Pipeline[ Id: ddebc52c-51fe-4f49-932a-a544ecbe184e, Nodes: 07201f0e-3a1c-4c3e-af2c-9eb1e9c35520{ip: 192.168.157.246, host: pr-hdds-2137-trunk-xplkb-1906903878, networkLocation: /default-rack, certSerialId: null}6955b3b9-1fa4-46c5-a946-8e67bfb83506{ip: 192.168.157.246, host: pr-hdds-2137-trunk-xplkb-1906903878, networkLocation: /default-rack, certSerialId: null}92cc866f-2236-4b73-b0be-e1c51e7c2e55{ip: 192.168.157.246, host: pr-hdds-2137-trunk-xplkb-1906903878, networkLocation: /default-rack, certSerialId: null}, Type:RATIS, Factor:THREE, State:CLOSED]
org.apache.hadoop.hdds.scm.pipeline.PipelineNotFoundException: PipelineID=ddebc52c-51fe-4f49-932a-a544ecbe184e not found
	at org.apache.hadoop.hdds.scm.pipeline.PipelineStateMap.getPipeline(PipelineStateMap.java:132)
	at org.apache.hadoop.hdds.scm.pipeline.PipelineStateMap.removePipeline(PipelineStateMap.java:322)
	at org.apache.hadoop.hdds.scm.pipeline.PipelineStateManager.removePipeline(PipelineStateManager.java:107)
	at org.apache.hadoop.hdds.scm.pipeline.SCMPipelineManager.removePipeline(SCMPipelineManager.java:423)
	at org.apache.hadoop.hdds.scm.pipeline.SCMPipelineManager.destroyPipeline(SCMPipelineManager.java:409)
	at org.apache.hadoop.hdds.scm.pipeline.SCMPipelineManager.lambda$finalizeAndDestroyPipeline$0(SCMPipelineManager.java:318)
	at org.apache.hadoop.utils.Scheduler.lambda$schedule$1(Scheduler.java:68)
	at java.util.concurrent.Executors$RunnableAdapter.call(Executors.java:511)
	at java.util.concurrent.FutureTask.run(FutureTask.java:266)
	at java.util.concurrent.ScheduledThreadPoolExecutor$ScheduledFutureTask.access$201(ScheduledThreadPoolExecutor.java:180)
	at java.util.concurrent.ScheduledThreadPoolExecutor$ScheduledFutureTask.run(ScheduledThreadPoolExecutor.java:293)
	at java.util.concurrent.ThreadPoolExecutor.runWorker(ThreadPoolExecutor.java:1149)
	at java.util.concurrent.ThreadPoolExecutor$Worker.run(ThreadPoolExecutor.java:624)
	at java.lang.Thread.run(Thread.java:748)
2019-09-18 08:48:23,806 [92cc866f-2236-4b73-b0be-e1c51e7c2e55@group-85722E6F2626-SegmentedRaftLogWorker] WARN  segmented.SegmentedRaftLogWorker (SegmentedRaftLogWorker.java:getFromFuture(90)) - Timeout 3/~
org.apache.ratis.protocol.TimeoutIOException: Timeout 10s: WriteLog:11: (t:1, i:11), STATEMACHINELOGENTRY, client-45043365F4D9, cid=64-writeStateMachineData
	at org.apache.ratis.util.IOUtils.getFromFuture(IOUtils.java:87)
	at org.apache.ratis.server.raftlog.segmented.SegmentedRaftLogWorker$StateMachineDataPolicy.getFromFuture(SegmentedRaftLogWorker.java:87)
	at org.apache.ratis.server.raftlog.segmented.SegmentedRaftLogWorker$WriteLog.execute(SegmentedRaftLogWorker.java:477)
	at org.apache.ratis.server.raftlog.segmented.SegmentedRaftLogWorker.run(SegmentedRaftLogWorker.java:289)
	at java.lang.Thread.run(Thread.java:748)
Caused by: java.util.concurrent.TimeoutException
	at java.util.concurrent.CompletableFuture.timedGet(CompletableFuture.java:1771)
	at java.util.concurrent.CompletableFuture.get(CompletableFuture.java:1915)
	at org.apache.ratis.util.IOUtils.getFromFuture(IOUtils.java:79)
	... 4 more
2019-09-18 08:48:23,806 [6955b3b9-1fa4-46c5-a946-8e67bfb83506@group-85722E6F2626-SegmentedRaftLogWorker] WARN  segmented.SegmentedRaftLogWorker (SegmentedRaftLogWorker.java:getFromFuture(90)) - Timeout 3/~
org.apache.ratis.protocol.TimeoutIOException: Timeout 10s: WriteLog:11: (t:1, i:11), STATEMACHINELOGENTRY, client-45043365F4D9, cid=64-writeStateMachineData
	at org.apache.ratis.util.IOUtils.getFromFuture(IOUtils.java:87)
	at org.apache.ratis.server.raftlog.segmented.SegmentedRaftLogWorker$StateMachineDataPolicy.getFromFuture(SegmentedRaftLogWorker.java:87)
	at org.apache.ratis.server.raftlog.segmented.SegmentedRaftLogWorker$WriteLog.execute(SegmentedRaftLogWorker.java:477)
	at org.apache.ratis.server.raftlog.segmented.SegmentedRaftLogWorker.run(SegmentedRaftLogWorker.java:289)
	at java.lang.Thread.run(Thread.java:748)
Caused by: java.util.concurrent.TimeoutException
	at java.util.concurrent.CompletableFuture.timedGet(CompletableFuture.java:1771)
	at java.util.concurrent.CompletableFuture.get(CompletableFuture.java:1915)
	at org.apache.ratis.util.IOUtils.getFromFuture(IOUtils.java:79)
	... 4 more
2019-09-18 08:48:23,873 [grpc-default-executor-0] INFO  impl.RaftServerProxy (RaftServerProxy.java:remove(95)) - 07201f0e-3a1c-4c3e-af2c-9eb1e9c35520: remove group-A544ECBE184E:null
2019-09-18 08:48:23,876 [RatisPipelineUtilsThread] WARN  pipeline.RatisPipelineUtils (RatisPipelineUtils.java:destroyPipeline(66)) - Pipeline destroy failed for pipeline=PipelineID=ddebc52c-51fe-4f49-932a-a544ecbe184e dn=07201f0e-3a1c-4c3e-af2c-9eb1e9c35520{ip: 192.168.157.246, host: pr-hdds-2137-trunk-xplkb-1906903878, networkLocation: /default-rack, certSerialId: null}
2019-09-18 08:48:23,879 [grpc-default-executor-0] INFO  impl.RaftServerProxy (RaftServerProxy.java:remove(95)) - 6955b3b9-1fa4-46c5-a946-8e67bfb83506: remove group-A544ECBE184E:null
2019-09-18 08:48:23,882 [RatisPipelineUtilsThread] WARN  pipeline.RatisPipelineUtils (RatisPipelineUtils.java:destroyPipeline(66)) - Pipeline destroy failed for pipeline=PipelineID=ddebc52c-51fe-4f49-932a-a544ecbe184e dn=6955b3b9-1fa4-46c5-a946-8e67bfb83506{ip: 192.168.157.246, host: pr-hdds-2137-trunk-xplkb-1906903878, networkLocation: /default-rack, certSerialId: null}
2019-09-18 08:48:23,885 [grpc-default-executor-0] INFO  impl.RaftServerProxy (RaftServerProxy.java:remove(95)) - 92cc866f-2236-4b73-b0be-e1c51e7c2e55: remove group-A544ECBE184E:null
2019-09-18 08:48:23,888 [RatisPipelineUtilsThread] WARN  pipeline.RatisPipelineUtils (RatisPipelineUtils.java:destroyPipeline(66)) - Pipeline destroy failed for pipeline=PipelineID=ddebc52c-51fe-4f49-932a-a544ecbe184e dn=92cc866f-2236-4b73-b0be-e1c51e7c2e55{ip: 192.168.157.246, host: pr-hdds-2137-trunk-xplkb-1906903878, networkLocation: /default-rack, certSerialId: null}
2019-09-18 08:48:23,888 [RatisPipelineUtilsThread] ERROR pipeline.SCMPipelineManager (Scheduler.java:lambda$schedule$1(70)) - Destroy pipeline failed for pipeline:Pipeline[ Id: ddebc52c-51fe-4f49-932a-a544ecbe184e, Nodes: 07201f0e-3a1c-4c3e-af2c-9eb1e9c35520{ip: 192.168.157.246, host: pr-hdds-2137-trunk-xplkb-1906903878, networkLocation: /default-rack, certSerialId: null}6955b3b9-1fa4-46c5-a946-8e67bfb83506{ip: 192.168.157.246, host: pr-hdds-2137-trunk-xplkb-1906903878, networkLocation: /default-rack, certSerialId: null}92cc866f-2236-4b73-b0be-e1c51e7c2e55{ip: 192.168.157.246, host: pr-hdds-2137-trunk-xplkb-1906903878, networkLocation: /default-rack, certSerialId: null}, Type:RATIS, Factor:THREE, State:CLOSED]
org.apache.hadoop.hdds.scm.pipeline.PipelineNotFoundException: PipelineID=ddebc52c-51fe-4f49-932a-a544ecbe184e not found
	at org.apache.hadoop.hdds.scm.pipeline.PipelineStateMap.getPipeline(PipelineStateMap.java:132)
	at org.apache.hadoop.hdds.scm.pipeline.PipelineStateMap.removePipeline(PipelineStateMap.java:322)
	at org.apache.hadoop.hdds.scm.pipeline.PipelineStateManager.removePipeline(PipelineStateManager.java:107)
	at org.apache.hadoop.hdds.scm.pipeline.SCMPipelineManager.removePipeline(SCMPipelineManager.java:423)
	at org.apache.hadoop.hdds.scm.pipeline.SCMPipelineManager.destroyPipeline(SCMPipelineManager.java:409)
	at org.apache.hadoop.hdds.scm.pipeline.SCMPipelineManager.lambda$finalizeAndDestroyPipeline$0(SCMPipelineManager.java:318)
	at org.apache.hadoop.utils.Scheduler.lambda$schedule$1(Scheduler.java:68)
	at java.util.concurrent.Executors$RunnableAdapter.call(Executors.java:511)
	at java.util.concurrent.FutureTask.run(FutureTask.java:266)
	at java.util.concurrent.ScheduledThreadPoolExecutor$ScheduledFutureTask.access$201(ScheduledThreadPoolExecutor.java:180)
	at java.util.concurrent.ScheduledThreadPoolExecutor$ScheduledFutureTask.run(ScheduledThreadPoolExecutor.java:293)
	at java.util.concurrent.ThreadPoolExecutor.runWorker(ThreadPoolExecutor.java:1149)
	at java.util.concurrent.ThreadPoolExecutor$Worker.run(ThreadPoolExecutor.java:624)
	at java.lang.Thread.run(Thread.java:748)
2019-09-18 08:48:24,165 [grpc-default-executor-0] INFO  client.GrpcClientProtocolClient (GrpcClientProtocolClient.java:onNext(264)) - client-45043365F4D9->07201f0e-3a1c-4c3e-af2c-9eb1e9c35520: receive RaftClientReply:client-45043365F4D9->07201f0e-3a1c-4c3e-af2c-9eb1e9c35520@group-85722E6F2626, cid=64, FAILED org.apache.ratis.protocol.NotLeaderException: Server 07201f0e-3a1c-4c3e-af2c-9eb1e9c35520@group-85722E6F2626 is not the leader 92cc866f-2236-4b73-b0be-e1c51e7c2e55:192.168.157.246:35640, logIndex=0, commits[07201f0e-3a1c-4c3e-af2c-9eb1e9c35520:c10, 6955b3b9-1fa4-46c5-a946-8e67bfb83506:c8, 92cc866f-2236-4b73-b0be-e1c51e7c2e55:c10]
2019-09-18 08:48:24,325 [java.util.concurrent.ThreadPoolExecutor$Worker@e8d937c[State = -1, empty queue]] WARN  server.GrpcLogAppender (GrpcLogAppender.java:timeoutAppendRequest(200)) - 92cc866f-2236-4b73-b0be-e1c51e7c2e55@group-85722E6F2626->07201f0e-3a1c-4c3e-af2c-9eb1e9c35520-GrpcLogAppender: appendEntries Timeout, request=92cc866f-2236-4b73-b0be-e1c51e7c2e55->07201f0e-3a1c-4c3e-af2c-9eb1e9c35520#33-t1, previous=(t:1, i:16), leaderCommit=10, initializing? false, entries: <empty>
2019-09-18 08:48:24,325 [java.util.concurrent.ThreadPoolExecutor$Worker@6b990b24[State = -1, empty queue]] WARN  server.GrpcLogAppender (GrpcLogAppender.java:timeoutAppendRequest(200)) - 92cc866f-2236-4b73-b0be-e1c51e7c2e55@group-85722E6F2626->6955b3b9-1fa4-46c5-a946-8e67bfb83506-GrpcLogAppender: appendEntries Timeout, request=92cc866f-2236-4b73-b0be-e1c51e7c2e55->6955b3b9-1fa4-46c5-a946-8e67bfb83506#33-t1, previous=(t:1, i:16), leaderCommit=10, initializing? false, entries: <empty>
2019-09-18 08:48:25,598 [07201f0e-3a1c-4c3e-af2c-9eb1e9c35520@group-85722E6F2626-SegmentedRaftLogWorker] WARN  segmented.SegmentedRaftLogWorker (SegmentedRaftLogWorker.java:getFromFuture(90)) - Timeout 3/~
org.apache.ratis.protocol.TimeoutIOException: Timeout 10s: WriteLog:12: (t:1, i:12), STATEMACHINELOGENTRY, client-45043365F4D9, cid=65-writeStateMachineData
	at org.apache.ratis.util.IOUtils.getFromFuture(IOUtils.java:87)
	at org.apache.ratis.server.raftlog.segmented.SegmentedRaftLogWorker$StateMachineDataPolicy.getFromFuture(SegmentedRaftLogWorker.java:87)
	at org.apache.ratis.server.raftlog.segmented.SegmentedRaftLogWorker$WriteLog.execute(SegmentedRaftLogWorker.java:477)
	at org.apache.ratis.server.raftlog.segmented.SegmentedRaftLogWorker.run(SegmentedRaftLogWorker.java:289)
	at java.lang.Thread.run(Thread.java:748)
Caused by: java.util.concurrent.TimeoutException
	at java.util.concurrent.CompletableFuture.timedGet(CompletableFuture.java:1771)
	at java.util.concurrent.CompletableFuture.get(CompletableFuture.java:1915)
	at org.apache.ratis.util.IOUtils.getFromFuture(IOUtils.java:79)
	... 4 more
2019-09-18 08:48:26,826 [java.util.concurrent.ThreadPoolExecutor$Worker@6b990b24[State = -1, empty queue]] WARN  server.GrpcLogAppender (GrpcLogAppender.java:timeoutAppendRequest(200)) - 92cc866f-2236-4b73-b0be-e1c51e7c2e55@group-85722E6F2626->6955b3b9-1fa4-46c5-a946-8e67bfb83506-GrpcLogAppender: appendEntries Timeout, request=92cc866f-2236-4b73-b0be-e1c51e7c2e55->6955b3b9-1fa4-46c5-a946-8e67bfb83506#34-t1, previous=(t:1, i:16), leaderCommit=10, initializing? false, entries: <empty>
2019-09-18 08:48:26,826 [java.util.concurrent.ThreadPoolExecutor$Worker@e8d937c[State = -1, empty queue]] WARN  server.GrpcLogAppender (GrpcLogAppender.java:timeoutAppendRequest(200)) - 92cc866f-2236-4b73-b0be-e1c51e7c2e55@group-85722E6F2626->07201f0e-3a1c-4c3e-af2c-9eb1e9c35520-GrpcLogAppender: appendEntries Timeout, request=92cc866f-2236-4b73-b0be-e1c51e7c2e55->07201f0e-3a1c-4c3e-af2c-9eb1e9c35520#34-t1, previous=(t:1, i:16), leaderCommit=10, initializing? false, entries: <empty>
2019-09-18 08:48:26,875 [grpc-default-executor-6] INFO  impl.RaftServerProxy (RaftServerProxy.java:remove(95)) - 07201f0e-3a1c-4c3e-af2c-9eb1e9c35520: remove group-A544ECBE184E:null
2019-09-18 08:48:26,879 [RatisPipelineUtilsThread] WARN  pipeline.RatisPipelineUtils (RatisPipelineUtils.java:destroyPipeline(66)) - Pipeline destroy failed for pipeline=PipelineID=ddebc52c-51fe-4f49-932a-a544ecbe184e dn=07201f0e-3a1c-4c3e-af2c-9eb1e9c35520{ip: 192.168.157.246, host: pr-hdds-2137-trunk-xplkb-1906903878, networkLocation: /default-rack, certSerialId: null}
2019-09-18 08:48:26,883 [grpc-default-executor-6] INFO  impl.RaftServerProxy (RaftServerProxy.java:remove(95)) - 6955b3b9-1fa4-46c5-a946-8e67bfb83506: remove group-A544ECBE184E:null
2019-09-18 08:48:26,885 [RatisPipelineUtilsThread] WARN  pipeline.RatisPipelineUtils (RatisPipelineUtils.java:destroyPipeline(66)) - Pipeline destroy failed for pipeline=PipelineID=ddebc52c-51fe-4f49-932a-a544ecbe184e dn=6955b3b9-1fa4-46c5-a946-8e67bfb83506{ip: 192.168.157.246, host: pr-hdds-2137-trunk-xplkb-1906903878, networkLocation: /default-rack, certSerialId: null}
2019-09-18 08:48:26,888 [grpc-default-executor-6] INFO  impl.RaftServerProxy (RaftServerProxy.java:remove(95)) - 92cc866f-2236-4b73-b0be-e1c51e7c2e55: remove group-A544ECBE184E:null
2019-09-18 08:48:26,891 [RatisPipelineUtilsThread] WARN  pipeline.RatisPipelineUtils (RatisPipelineUtils.java:destroyPipeline(66)) - Pipeline destroy failed for pipeline=PipelineID=ddebc52c-51fe-4f49-932a-a544ecbe184e dn=92cc866f-2236-4b73-b0be-e1c51e7c2e55{ip: 192.168.157.246, host: pr-hdds-2137-trunk-xplkb-1906903878, networkLocation: /default-rack, certSerialId: null}
2019-09-18 08:48:26,891 [RatisPipelineUtilsThread] ERROR pipeline.SCMPipelineManager (Scheduler.java:lambda$schedule$1(70)) - Destroy pipeline failed for pipeline:Pipeline[ Id: ddebc52c-51fe-4f49-932a-a544ecbe184e, Nodes: 07201f0e-3a1c-4c3e-af2c-9eb1e9c35520{ip: 192.168.157.246, host: pr-hdds-2137-trunk-xplkb-1906903878, networkLocation: /default-rack, certSerialId: null}6955b3b9-1fa4-46c5-a946-8e67bfb83506{ip: 192.168.157.246, host: pr-hdds-2137-trunk-xplkb-1906903878, networkLocation: /default-rack, certSerialId: null}92cc866f-2236-4b73-b0be-e1c51e7c2e55{ip: 192.168.157.246, host: pr-hdds-2137-trunk-xplkb-1906903878, networkLocation: /default-rack, certSerialId: null}, Type:RATIS, Factor:THREE, State:CLOSED]
org.apache.hadoop.hdds.scm.pipeline.PipelineNotFoundException: PipelineID=ddebc52c-51fe-4f49-932a-a544ecbe184e not found
	at org.apache.hadoop.hdds.scm.pipeline.PipelineStateMap.getPipeline(PipelineStateMap.java:132)
	at org.apache.hadoop.hdds.scm.pipeline.PipelineStateMap.removePipeline(PipelineStateMap.java:322)
	at org.apache.hadoop.hdds.scm.pipeline.PipelineStateManager.removePipeline(PipelineStateManager.java:107)
	at org.apache.hadoop.hdds.scm.pipeline.SCMPipelineManager.removePipeline(SCMPipelineManager.java:423)
	at org.apache.hadoop.hdds.scm.pipeline.SCMPipelineManager.destroyPipeline(SCMPipelineManager.java:409)
	at org.apache.hadoop.hdds.scm.pipeline.SCMPipelineManager.lambda$finalizeAndDestroyPipeline$0(SCMPipelineManager.java:318)
	at org.apache.hadoop.utils.Scheduler.lambda$schedule$1(Scheduler.java:68)
	at java.util.concurrent.Executors$RunnableAdapter.call(Executors.java:511)
	at java.util.concurrent.FutureTask.run(FutureTask.java:266)
	at java.util.concurrent.ScheduledThreadPoolExecutor$ScheduledFutureTask.access$201(ScheduledThreadPoolExecutor.java:180)
	at java.util.concurrent.ScheduledThreadPoolExecutor$ScheduledFutureTask.run(ScheduledThreadPoolExecutor.java:293)
	at java.util.concurrent.ThreadPoolExecutor.runWorker(ThreadPoolExecutor.java:1149)
	at java.util.concurrent.ThreadPoolExecutor$Worker.run(ThreadPoolExecutor.java:624)
	at java.lang.Thread.run(Thread.java:748)
2019-09-18 08:48:28,877 [grpc-default-executor-6] INFO  impl.RaftServerProxy (RaftServerProxy.java:remove(95)) - 07201f0e-3a1c-4c3e-af2c-9eb1e9c35520: remove group-A544ECBE184E:null
2019-09-18 08:48:28,882 [RatisPipelineUtilsThread] WARN  pipeline.RatisPipelineUtils (RatisPipelineUtils.java:destroyPipeline(66)) - Pipeline destroy failed for pipeline=PipelineID=ddebc52c-51fe-4f49-932a-a544ecbe184e dn=07201f0e-3a1c-4c3e-af2c-9eb1e9c35520{ip: 192.168.157.246, host: pr-hdds-2137-trunk-xplkb-1906903878, networkLocation: /default-rack, certSerialId: null}
2019-09-18 08:48:28,886 [grpc-default-executor-6] INFO  impl.RaftServerProxy (RaftServerProxy.java:remove(95)) - 6955b3b9-1fa4-46c5-a946-8e67bfb83506: remove group-A544ECBE184E:null
2019-09-18 08:48:28,889 [RatisPipelineUtilsThread] WARN  pipeline.RatisPipelineUtils (RatisPipelineUtils.java:destroyPipeline(66)) - Pipeline destroy failed for pipeline=PipelineID=ddebc52c-51fe-4f49-932a-a544ecbe184e dn=6955b3b9-1fa4-46c5-a946-8e67bfb83506{ip: 192.168.157.246, host: pr-hdds-2137-trunk-xplkb-1906903878, networkLocation: /default-rack, certSerialId: null}
2019-09-18 08:48:28,893 [grpc-default-executor-6] INFO  impl.RaftServerProxy (RaftServerProxy.java:remove(95)) - 92cc866f-2236-4b73-b0be-e1c51e7c2e55: remove group-A544ECBE184E:null
2019-09-18 08:48:28,895 [RatisPipelineUtilsThread] WARN  pipeline.RatisPipelineUtils (RatisPipelineUtils.java:destroyPipeline(66)) - Pipeline destroy failed for pipeline=PipelineID=ddebc52c-51fe-4f49-932a-a544ecbe184e dn=92cc866f-2236-4b73-b0be-e1c51e7c2e55{ip: 192.168.157.246, host: pr-hdds-2137-trunk-xplkb-1906903878, networkLocation: /default-rack, certSerialId: null}
2019-09-18 08:48:28,896 [RatisPipelineUtilsThread] ERROR pipeline.SCMPipelineManager (Scheduler.java:lambda$schedule$1(70)) - Destroy pipeline failed for pipeline:Pipeline[ Id: ddebc52c-51fe-4f49-932a-a544ecbe184e, Nodes: 07201f0e-3a1c-4c3e-af2c-9eb1e9c35520{ip: 192.168.157.246, host: pr-hdds-2137-trunk-xplkb-1906903878, networkLocation: /default-rack, certSerialId: null}6955b3b9-1fa4-46c5-a946-8e67bfb83506{ip: 192.168.157.246, host: pr-hdds-2137-trunk-xplkb-1906903878, networkLocation: /default-rack, certSerialId: null}92cc866f-2236-4b73-b0be-e1c51e7c2e55{ip: 192.168.157.246, host: pr-hdds-2137-trunk-xplkb-1906903878, networkLocation: /default-rack, certSerialId: null}, Type:RATIS, Factor:THREE, State:CLOSED]
org.apache.hadoop.hdds.scm.pipeline.PipelineNotFoundException: PipelineID=ddebc52c-51fe-4f49-932a-a544ecbe184e not found
	at org.apache.hadoop.hdds.scm.pipeline.PipelineStateMap.getPipeline(PipelineStateMap.java:132)
	at org.apache.hadoop.hdds.scm.pipeline.PipelineStateMap.removePipeline(PipelineStateMap.java:322)
	at org.apache.hadoop.hdds.scm.pipeline.PipelineStateManager.removePipeline(PipelineStateManager.java:107)
	at org.apache.hadoop.hdds.scm.pipeline.SCMPipelineManager.removePipeline(SCMPipelineManager.java:423)
	at org.apache.hadoop.hdds.scm.pipeline.SCMPipelineManager.destroyPipeline(SCMPipelineManager.java:409)
	at org.apache.hadoop.hdds.scm.pipeline.SCMPipelineManager.lambda$finalizeAndDestroyPipeline$0(SCMPipelineManager.java:318)
	at org.apache.hadoop.utils.Scheduler.lambda$schedule$1(Scheduler.java:68)
	at java.util.concurrent.Executors$RunnableAdapter.call(Executors.java:511)
	at java.util.concurrent.FutureTask.run(FutureTask.java:266)
	at java.util.concurrent.ScheduledThreadPoolExecutor$ScheduledFutureTask.access$201(ScheduledThreadPoolExecutor.java:180)
	at java.util.concurrent.ScheduledThreadPoolExecutor$ScheduledFutureTask.run(ScheduledThreadPoolExecutor.java:293)
	at java.util.concurrent.ThreadPoolExecutor.runWorker(ThreadPoolExecutor.java:1149)
	at java.util.concurrent.ThreadPoolExecutor$Worker.run(ThreadPoolExecutor.java:624)
	at java.lang.Thread.run(Thread.java:748)
2019-09-18 08:48:29,212 [grpc-default-executor-6] INFO  client.GrpcClientProtocolClient (GrpcClientProtocolClient.java:onNext(264)) - client-45043365F4D9->6955b3b9-1fa4-46c5-a946-8e67bfb83506: receive RaftClientReply:client-45043365F4D9->6955b3b9-1fa4-46c5-a946-8e67bfb83506@group-85722E6F2626, cid=64, FAILED org.apache.ratis.protocol.NotLeaderException: Server 6955b3b9-1fa4-46c5-a946-8e67bfb83506@group-85722E6F2626 is not the leader 92cc866f-2236-4b73-b0be-e1c51e7c2e55:192.168.157.246:35640, logIndex=0, commits[6955b3b9-1fa4-46c5-a946-8e67bfb83506:c10, 07201f0e-3a1c-4c3e-af2c-9eb1e9c35520:c8, 92cc866f-2236-4b73-b0be-e1c51e7c2e55:c10]
2019-09-18 08:48:29,327 [java.util.concurrent.ThreadPoolExecutor$Worker@e8d937c[State = -1, empty queue]] WARN  server.GrpcLogAppender (GrpcLogAppender.java:timeoutAppendRequest(200)) - 92cc866f-2236-4b73-b0be-e1c51e7c2e55@group-85722E6F2626->07201f0e-3a1c-4c3e-af2c-9eb1e9c35520-GrpcLogAppender: appendEntries Timeout, request=92cc866f-2236-4b73-b0be-e1c51e7c2e55->07201f0e-3a1c-4c3e-af2c-9eb1e9c35520#35-t1, previous=(t:1, i:16), leaderCommit=10, initializing? false, entries: <empty>
2019-09-18 08:48:29,327 [java.util.concurrent.ThreadPoolExecutor$Worker@6b990b24[State = -1, empty queue]] WARN  server.GrpcLogAppender (GrpcLogAppender.java:timeoutAppendRequest(200)) - 92cc866f-2236-4b73-b0be-e1c51e7c2e55@group-85722E6F2626->6955b3b9-1fa4-46c5-a946-8e67bfb83506-GrpcLogAppender: appendEntries Timeout, request=92cc866f-2236-4b73-b0be-e1c51e7c2e55->6955b3b9-1fa4-46c5-a946-8e67bfb83506#35-t1, previous=(t:1, i:16), leaderCommit=10, initializing? false, entries: <empty>
2019-09-18 08:48:29,982 [grpc-default-executor-0] INFO  impl.RaftServerProxy (RaftServerProxy.java:remove(95)) - 07201f0e-3a1c-4c3e-af2c-9eb1e9c35520: remove group-A544ECBE184E:null
2019-09-18 08:48:29,987 [RatisPipelineUtilsThread] WARN  pipeline.RatisPipelineUtils (RatisPipelineUtils.java:destroyPipeline(66)) - Pipeline destroy failed for pipeline=PipelineID=ddebc52c-51fe-4f49-932a-a544ecbe184e dn=07201f0e-3a1c-4c3e-af2c-9eb1e9c35520{ip: 192.168.157.246, host: pr-hdds-2137-trunk-xplkb-1906903878, networkLocation: /default-rack, certSerialId: null}
2019-09-18 08:48:29,991 [grpc-default-executor-0] INFO  impl.RaftServerProxy (RaftServerProxy.java:remove(95)) - 6955b3b9-1fa4-46c5-a946-8e67bfb83506: remove group-A544ECBE184E:null
2019-09-18 08:48:29,993 [RatisPipelineUtilsThread] WARN  pipeline.RatisPipelineUtils (RatisPipelineUtils.java:destroyPipeline(66)) - Pipeline destroy failed for pipeline=PipelineID=ddebc52c-51fe-4f49-932a-a544ecbe184e dn=6955b3b9-1fa4-46c5-a946-8e67bfb83506{ip: 192.168.157.246, host: pr-hdds-2137-trunk-xplkb-1906903878, networkLocation: /default-rack, certSerialId: null}
2019-09-18 08:48:29,996 [grpc-default-executor-0] INFO  impl.RaftServerProxy (RaftServerProxy.java:remove(95)) - 92cc866f-2236-4b73-b0be-e1c51e7c2e55: remove group-A544ECBE184E:null
2019-09-18 08:48:29,999 [RatisPipelineUtilsThread] WARN  pipeline.RatisPipelineUtils (RatisPipelineUtils.java:destroyPipeline(66)) - Pipeline destroy failed for pipeline=PipelineID=ddebc52c-51fe-4f49-932a-a544ecbe184e dn=92cc866f-2236-4b73-b0be-e1c51e7c2e55{ip: 192.168.157.246, host: pr-hdds-2137-trunk-xplkb-1906903878, networkLocation: /default-rack, certSerialId: null}
2019-09-18 08:48:29,999 [RatisPipelineUtilsThread] ERROR pipeline.SCMPipelineManager (Scheduler.java:lambda$schedule$1(70)) - Destroy pipeline failed for pipeline:Pipeline[ Id: ddebc52c-51fe-4f49-932a-a544ecbe184e, Nodes: 07201f0e-3a1c-4c3e-af2c-9eb1e9c35520{ip: 192.168.157.246, host: pr-hdds-2137-trunk-xplkb-1906903878, networkLocation: /default-rack, certSerialId: null}6955b3b9-1fa4-46c5-a946-8e67bfb83506{ip: 192.168.157.246, host: pr-hdds-2137-trunk-xplkb-1906903878, networkLocation: /default-rack, certSerialId: null}92cc866f-2236-4b73-b0be-e1c51e7c2e55{ip: 192.168.157.246, host: pr-hdds-2137-trunk-xplkb-1906903878, networkLocation: /default-rack, certSerialId: null}, Type:RATIS, Factor:THREE, State:CLOSED]
org.apache.hadoop.hdds.scm.pipeline.PipelineNotFoundException: PipelineID=ddebc52c-51fe-4f49-932a-a544ecbe184e not found
	at org.apache.hadoop.hdds.scm.pipeline.PipelineStateMap.getPipeline(PipelineStateMap.java:132)
	at org.apache.hadoop.hdds.scm.pipeline.PipelineStateMap.removePipeline(PipelineStateMap.java:322)
	at org.apache.hadoop.hdds.scm.pipeline.PipelineStateManager.removePipeline(PipelineStateManager.java:107)
	at org.apache.hadoop.hdds.scm.pipeline.SCMPipelineManager.removePipeline(SCMPipelineManager.java:423)
	at org.apache.hadoop.hdds.scm.pipeline.SCMPipelineManager.destroyPipeline(SCMPipelineManager.java:409)
	at org.apache.hadoop.hdds.scm.pipeline.SCMPipelineManager.lambda$finalizeAndDestroyPipeline$0(SCMPipelineManager.java:318)
	at org.apache.hadoop.utils.Scheduler.lambda$schedule$1(Scheduler.java:68)
	at java.util.concurrent.Executors$RunnableAdapter.call(Executors.java:511)
	at java.util.concurrent.FutureTask.run(FutureTask.java:266)
	at java.util.concurrent.ScheduledThreadPoolExecutor$ScheduledFutureTask.access$201(ScheduledThreadPoolExecutor.java:180)
	at java.util.concurrent.ScheduledThreadPoolExecutor$ScheduledFutureTask.run(ScheduledThreadPoolExecutor.java:293)
	at java.util.concurrent.ThreadPoolExecutor.runWorker(ThreadPoolExecutor.java:1149)
	at java.util.concurrent.ThreadPoolExecutor$Worker.run(ThreadPoolExecutor.java:624)
	at java.lang.Thread.run(Thread.java:748)
2019-09-18 08:48:30,628 [grpc-default-executor-0] INFO  impl.RaftServerProxy (RaftServerProxy.java:remove(95)) - 07201f0e-3a1c-4c3e-af2c-9eb1e9c35520: remove group-A544ECBE184E:null
2019-09-18 08:48:30,631 [RatisPipelineUtilsThread] WARN  pipeline.RatisPipelineUtils (RatisPipelineUtils.java:destroyPipeline(66)) - Pipeline destroy failed for pipeline=PipelineID=ddebc52c-51fe-4f49-932a-a544ecbe184e dn=07201f0e-3a1c-4c3e-af2c-9eb1e9c35520{ip: 192.168.157.246, host: pr-hdds-2137-trunk-xplkb-1906903878, networkLocation: /default-rack, certSerialId: null}
2019-09-18 08:48:30,634 [grpc-default-executor-0] INFO  impl.RaftServerProxy (RaftServerProxy.java:remove(95)) - 6955b3b9-1fa4-46c5-a946-8e67bfb83506: remove group-A544ECBE184E:null
2019-09-18 08:48:30,636 [RatisPipelineUtilsThread] WARN  pipeline.RatisPipelineUtils (RatisPipelineUtils.java:destroyPipeline(66)) - Pipeline destroy failed for pipeline=PipelineID=ddebc52c-51fe-4f49-932a-a544ecbe184e dn=6955b3b9-1fa4-46c5-a946-8e67bfb83506{ip: 192.168.157.246, host: pr-hdds-2137-trunk-xplkb-1906903878, networkLocation: /default-rack, certSerialId: null}
2019-09-18 08:48:30,639 [grpc-default-executor-0] INFO  impl.RaftServerProxy (RaftServerProxy.java:remove(95)) - 92cc866f-2236-4b73-b0be-e1c51e7c2e55: remove group-A544ECBE184E:null
2019-09-18 08:48:30,641 [RatisPipelineUtilsThread] WARN  pipeline.RatisPipelineUtils (RatisPipelineUtils.java:destroyPipeline(66)) - Pipeline destroy failed for pipeline=PipelineID=ddebc52c-51fe-4f49-932a-a544ecbe184e dn=92cc866f-2236-4b73-b0be-e1c51e7c2e55{ip: 192.168.157.246, host: pr-hdds-2137-trunk-xplkb-1906903878, networkLocation: /default-rack, certSerialId: null}
2019-09-18 08:48:30,641 [RatisPipelineUtilsThread] ERROR pipeline.SCMPipelineManager (Scheduler.java:lambda$schedule$1(70)) - Destroy pipeline failed for pipeline:Pipeline[ Id: ddebc52c-51fe-4f49-932a-a544ecbe184e, Nodes: 07201f0e-3a1c-4c3e-af2c-9eb1e9c35520{ip: 192.168.157.246, host: pr-hdds-2137-trunk-xplkb-1906903878, networkLocation: /default-rack, certSerialId: null}6955b3b9-1fa4-46c5-a946-8e67bfb83506{ip: 192.168.157.246, host: pr-hdds-2137-trunk-xplkb-1906903878, networkLocation: /default-rack, certSerialId: null}92cc866f-2236-4b73-b0be-e1c51e7c2e55{ip: 192.168.157.246, host: pr-hdds-2137-trunk-xplkb-1906903878, networkLocation: /default-rack, certSerialId: null}, Type:RATIS, Factor:THREE, State:CLOSED]
org.apache.hadoop.hdds.scm.pipeline.PipelineNotFoundException: PipelineID=ddebc52c-51fe-4f49-932a-a544ecbe184e not found
	at org.apache.hadoop.hdds.scm.pipeline.PipelineStateMap.getPipeline(PipelineStateMap.java:132)
	at org.apache.hadoop.hdds.scm.pipeline.PipelineStateMap.removePipeline(PipelineStateMap.java:322)
	at org.apache.hadoop.hdds.scm.pipeline.PipelineStateManager.removePipeline(PipelineStateManager.java:107)
	at org.apache.hadoop.hdds.scm.pipeline.SCMPipelineManager.removePipeline(SCMPipelineManager.java:423)
	at org.apache.hadoop.hdds.scm.pipeline.SCMPipelineManager.destroyPipeline(SCMPipelineManager.java:409)
	at org.apache.hadoop.hdds.scm.pipeline.SCMPipelineManager.lambda$finalizeAndDestroyPipeline$0(SCMPipelineManager.java:318)
	at org.apache.hadoop.utils.Scheduler.lambda$schedule$1(Scheduler.java:68)
	at java.util.concurrent.Executors$RunnableAdapter.call(Executors.java:511)
	at java.util.concurrent.FutureTask.run(FutureTask.java:266)
	at java.util.concurrent.ScheduledThreadPoolExecutor$ScheduledFutureTask.access$201(ScheduledThreadPoolExecutor.java:180)
	at java.util.concurrent.ScheduledThreadPoolExecutor$ScheduledFutureTask.run(ScheduledThreadPoolExecutor.java:293)
	at java.util.concurrent.ThreadPoolExecutor.runWorker(ThreadPoolExecutor.java:1149)
	at java.util.concurrent.ThreadPoolExecutor$Worker.run(ThreadPoolExecutor.java:624)
	at java.lang.Thread.run(Thread.java:748)
2019-09-18 08:48:31,828 [java.util.concurrent.ThreadPoolExecutor$Worker@e8d937c[State = -1, empty queue]] WARN  server.GrpcLogAppender (GrpcLogAppender.java:timeoutAppendRequest(200)) - 92cc866f-2236-4b73-b0be-e1c51e7c2e55@group-85722E6F2626->07201f0e-3a1c-4c3e-af2c-9eb1e9c35520-GrpcLogAppender: appendEntries Timeout, request=92cc866f-2236-4b73-b0be-e1c51e7c2e55->07201f0e-3a1c-4c3e-af2c-9eb1e9c35520#36-t1, previous=(t:1, i:16), leaderCommit=10, initializing? false, entries: <empty>
2019-09-18 08:48:31,828 [java.util.concurrent.ThreadPoolExecutor$Worker@6b990b24[State = -1, empty queue]] WARN  server.GrpcLogAppender (GrpcLogAppender.java:timeoutAppendRequest(200)) - 92cc866f-2236-4b73-b0be-e1c51e7c2e55@group-85722E6F2626->6955b3b9-1fa4-46c5-a946-8e67bfb83506-GrpcLogAppender: appendEntries Timeout, request=92cc866f-2236-4b73-b0be-e1c51e7c2e55->6955b3b9-1fa4-46c5-a946-8e67bfb83506#36-t1, previous=(t:1, i:16), leaderCommit=10, initializing? false, entries: <empty>
2019-09-18 08:48:32,242 [grpc-default-executor-6] INFO  impl.RaftServerProxy (RaftServerProxy.java:remove(95)) - 07201f0e-3a1c-4c3e-af2c-9eb1e9c35520: remove group-A544ECBE184E:null
2019-09-18 08:48:32,245 [RatisPipelineUtilsThread] WARN  pipeline.RatisPipelineUtils (RatisPipelineUtils.java:destroyPipeline(66)) - Pipeline destroy failed for pipeline=PipelineID=ddebc52c-51fe-4f49-932a-a544ecbe184e dn=07201f0e-3a1c-4c3e-af2c-9eb1e9c35520{ip: 192.168.157.246, host: pr-hdds-2137-trunk-xplkb-1906903878, networkLocation: /default-rack, certSerialId: null}
2019-09-18 08:48:32,248 [grpc-default-executor-6] INFO  impl.RaftServerProxy (RaftServerProxy.java:remove(95)) - 6955b3b9-1fa4-46c5-a946-8e67bfb83506: remove group-A544ECBE184E:null
2019-09-18 08:48:32,250 [RatisPipelineUtilsThread] WARN  pipeline.RatisPipelineUtils (RatisPipelineUtils.java:destroyPipeline(66)) - Pipeline destroy failed for pipeline=PipelineID=ddebc52c-51fe-4f49-932a-a544ecbe184e dn=6955b3b9-1fa4-46c5-a946-8e67bfb83506{ip: 192.168.157.246, host: pr-hdds-2137-trunk-xplkb-1906903878, networkLocation: /default-rack, certSerialId: null}
2019-09-18 08:48:32,253 [grpc-default-executor-6] INFO  impl.RaftServerProxy (RaftServerProxy.java:remove(95)) - 92cc866f-2236-4b73-b0be-e1c51e7c2e55: remove group-A544ECBE184E:null
2019-09-18 08:48:32,255 [RatisPipelineUtilsThread] WARN  pipeline.RatisPipelineUtils (RatisPipelineUtils.java:destroyPipeline(66)) - Pipeline destroy failed for pipeline=PipelineID=ddebc52c-51fe-4f49-932a-a544ecbe184e dn=92cc866f-2236-4b73-b0be-e1c51e7c2e55{ip: 192.168.157.246, host: pr-hdds-2137-trunk-xplkb-1906903878, networkLocation: /default-rack, certSerialId: null}
2019-09-18 08:48:32,255 [RatisPipelineUtilsThread] ERROR pipeline.SCMPipelineManager (Scheduler.java:lambda$schedule$1(70)) - Destroy pipeline failed for pipeline:Pipeline[ Id: ddebc52c-51fe-4f49-932a-a544ecbe184e, Nodes: 07201f0e-3a1c-4c3e-af2c-9eb1e9c35520{ip: 192.168.157.246, host: pr-hdds-2137-trunk-xplkb-1906903878, networkLocation: /default-rack, certSerialId: null}6955b3b9-1fa4-46c5-a946-8e67bfb83506{ip: 192.168.157.246, host: pr-hdds-2137-trunk-xplkb-1906903878, networkLocation: /default-rack, certSerialId: null}92cc866f-2236-4b73-b0be-e1c51e7c2e55{ip: 192.168.157.246, host: pr-hdds-2137-trunk-xplkb-1906903878, networkLocation: /default-rack, certSerialId: null}, Type:RATIS, Factor:THREE, State:CLOSED]
org.apache.hadoop.hdds.scm.pipeline.PipelineNotFoundException: PipelineID=ddebc52c-51fe-4f49-932a-a544ecbe184e not found
	at org.apache.hadoop.hdds.scm.pipeline.PipelineStateMap.getPipeline(PipelineStateMap.java:132)
	at org.apache.hadoop.hdds.scm.pipeline.PipelineStateMap.removePipeline(PipelineStateMap.java:322)
	at org.apache.hadoop.hdds.scm.pipeline.PipelineStateManager.removePipeline(PipelineStateManager.java:107)
	at org.apache.hadoop.hdds.scm.pipeline.SCMPipelineManager.removePipeline(SCMPipelineManager.java:423)
	at org.apache.hadoop.hdds.scm.pipeline.SCMPipelineManager.destroyPipeline(SCMPipelineManager.java:409)
	at org.apache.hadoop.hdds.scm.pipeline.SCMPipelineManager.lambda$finalizeAndDestroyPipeline$0(SCMPipelineManager.java:318)
	at org.apache.hadoop.utils.Scheduler.lambda$schedule$1(Scheduler.java:68)
	at java.util.concurrent.Executors$RunnableAdapter.call(Executors.java:511)
	at java.util.concurrent.FutureTask.run(FutureTask.java:266)
	at java.util.concurrent.ScheduledThreadPoolExecutor$ScheduledFutureTask.access$201(ScheduledThreadPoolExecutor.java:180)
	at java.util.concurrent.ScheduledThreadPoolExecutor$ScheduledFutureTask.run(ScheduledThreadPoolExecutor.java:293)
	at java.util.concurrent.ThreadPoolExecutor.runWorker(ThreadPoolExecutor.java:1149)
	at java.util.concurrent.ThreadPoolExecutor$Worker.run(ThreadPoolExecutor.java:624)
	at java.lang.Thread.run(Thread.java:748)
2019-09-18 08:48:33,808 [6955b3b9-1fa4-46c5-a946-8e67bfb83506@group-85722E6F2626-SegmentedRaftLogWorker] WARN  segmented.SegmentedRaftLogWorker (SegmentedRaftLogWorker.java:getFromFuture(90)) - Timeout 4/~
org.apache.ratis.protocol.TimeoutIOException: Timeout 10s: WriteLog:11: (t:1, i:11), STATEMACHINELOGENTRY, client-45043365F4D9, cid=64-writeStateMachineData
	at org.apache.ratis.util.IOUtils.getFromFuture(IOUtils.java:87)
	at org.apache.ratis.server.raftlog.segmented.SegmentedRaftLogWorker$StateMachineDataPolicy.getFromFuture(SegmentedRaftLogWorker.java:87)
	at org.apache.ratis.server.raftlog.segmented.SegmentedRaftLogWorker$WriteLog.execute(SegmentedRaftLogWorker.java:477)
	at org.apache.ratis.server.raftlog.segmented.SegmentedRaftLogWorker.run(SegmentedRaftLogWorker.java:289)
	at java.lang.Thread.run(Thread.java:748)
Caused by: java.util.concurrent.TimeoutException
	at java.util.concurrent.CompletableFuture.timedGet(CompletableFuture.java:1771)
	at java.util.concurrent.CompletableFuture.get(CompletableFuture.java:1915)
	at org.apache.ratis.util.IOUtils.getFromFuture(IOUtils.java:79)
	... 4 more
2019-09-18 08:48:33,808 [92cc866f-2236-4b73-b0be-e1c51e7c2e55@group-85722E6F2626-SegmentedRaftLogWorker] WARN  segmented.SegmentedRaftLogWorker (SegmentedRaftLogWorker.java:getFromFuture(90)) - Timeout 4/~
org.apache.ratis.protocol.TimeoutIOException: Timeout 10s: WriteLog:11: (t:1, i:11), STATEMACHINELOGENTRY, client-45043365F4D9, cid=64-writeStateMachineData
	at org.apache.ratis.util.IOUtils.getFromFuture(IOUtils.java:87)
	at org.apache.ratis.server.raftlog.segmented.SegmentedRaftLogWorker$StateMachineDataPolicy.getFromFuture(SegmentedRaftLogWorker.java:87)
	at org.apache.ratis.server.raftlog.segmented.SegmentedRaftLogWorker$WriteLog.execute(SegmentedRaftLogWorker.java:477)
	at org.apache.ratis.server.raftlog.segmented.SegmentedRaftLogWorker.run(SegmentedRaftLogWorker.java:289)
	at java.lang.Thread.run(Thread.java:748)
Caused by: java.util.concurrent.TimeoutException
	at java.util.concurrent.CompletableFuture.timedGet(CompletableFuture.java:1771)
	at java.util.concurrent.CompletableFuture.get(CompletableFuture.java:1915)
	at org.apache.ratis.util.IOUtils.getFromFuture(IOUtils.java:79)
	... 4 more
2019-09-18 08:48:34,264 [grpc-default-executor-6] INFO  client.GrpcClientProtocolClient (GrpcClientProtocolClient.java:onNext(264)) - client-45043365F4D9->07201f0e-3a1c-4c3e-af2c-9eb1e9c35520: receive RaftClientReply:client-45043365F4D9->07201f0e-3a1c-4c3e-af2c-9eb1e9c35520@group-85722E6F2626, cid=64, FAILED org.apache.ratis.protocol.NotLeaderException: Server 07201f0e-3a1c-4c3e-af2c-9eb1e9c35520@group-85722E6F2626 is not the leader 92cc866f-2236-4b73-b0be-e1c51e7c2e55:192.168.157.246:35640, logIndex=0, commits[07201f0e-3a1c-4c3e-af2c-9eb1e9c35520:c10, 6955b3b9-1fa4-46c5-a946-8e67bfb83506:c8, 92cc866f-2236-4b73-b0be-e1c51e7c2e55:c10]
2019-09-18 08:48:34,328 [java.util.concurrent.ThreadPoolExecutor$Worker@6b990b24[State = -1, empty queue]] WARN  server.GrpcLogAppender (GrpcLogAppender.java:timeoutAppendRequest(200)) - 92cc866f-2236-4b73-b0be-e1c51e7c2e55@group-85722E6F2626->6955b3b9-1fa4-46c5-a946-8e67bfb83506-GrpcLogAppender: appendEntries Timeout, request=92cc866f-2236-4b73-b0be-e1c51e7c2e55->6955b3b9-1fa4-46c5-a946-8e67bfb83506#37-t1, previous=(t:1, i:16), leaderCommit=10, initializing? false, entries: <empty>
2019-09-18 08:48:34,328 [java.util.concurrent.ThreadPoolExecutor$Worker@e8d937c[State = -1, empty queue]] WARN  server.GrpcLogAppender (GrpcLogAppender.java:timeoutAppendRequest(200)) - 92cc866f-2236-4b73-b0be-e1c51e7c2e55@group-85722E6F2626->07201f0e-3a1c-4c3e-af2c-9eb1e9c35520-GrpcLogAppender: appendEntries Timeout, request=92cc866f-2236-4b73-b0be-e1c51e7c2e55->07201f0e-3a1c-4c3e-af2c-9eb1e9c35520#37-t1, previous=(t:1, i:16), leaderCommit=10, initializing? false, entries: <empty>
2019-09-18 08:48:35,599 [07201f0e-3a1c-4c3e-af2c-9eb1e9c35520@group-85722E6F2626-SegmentedRaftLogWorker] WARN  segmented.SegmentedRaftLogWorker (SegmentedRaftLogWorker.java:getFromFuture(90)) - Timeout 4/~
org.apache.ratis.protocol.TimeoutIOException: Timeout 10s: WriteLog:12: (t:1, i:12), STATEMACHINELOGENTRY, client-45043365F4D9, cid=65-writeStateMachineData
	at org.apache.ratis.util.IOUtils.getFromFuture(IOUtils.java:87)
	at org.apache.ratis.server.raftlog.segmented.SegmentedRaftLogWorker$StateMachineDataPolicy.getFromFuture(SegmentedRaftLogWorker.java:87)
	at org.apache.ratis.server.raftlog.segmented.SegmentedRaftLogWorker$WriteLog.execute(SegmentedRaftLogWorker.java:477)
	at org.apache.ratis.server.raftlog.segmented.SegmentedRaftLogWorker.run(SegmentedRaftLogWorker.java:289)
	at java.lang.Thread.run(Thread.java:748)
Caused by: java.util.concurrent.TimeoutException
	at java.util.concurrent.CompletableFuture.timedGet(CompletableFuture.java:1771)
	at java.util.concurrent.CompletableFuture.get(CompletableFuture.java:1915)
	at org.apache.ratis.util.IOUtils.getFromFuture(IOUtils.java:79)
	... 4 more
2019-09-18 08:48:36,829 [java.util.concurrent.ThreadPoolExecutor$Worker@e8d937c[State = -1, empty queue]] WARN  server.GrpcLogAppender (GrpcLogAppender.java:timeoutAppendRequest(200)) - 92cc866f-2236-4b73-b0be-e1c51e7c2e55@group-85722E6F2626->07201f0e-3a1c-4c3e-af2c-9eb1e9c35520-GrpcLogAppender: appendEntries Timeout, request=92cc866f-2236-4b73-b0be-e1c51e7c2e55->07201f0e-3a1c-4c3e-af2c-9eb1e9c35520#38-t1, previous=(t:1, i:16), leaderCommit=10, initializing? false, entries: <empty>
2019-09-18 08:48:36,829 [java.util.concurrent.ThreadPoolExecutor$Worker@6b990b24[State = -1, empty queue]] WARN  server.GrpcLogAppender (GrpcLogAppender.java:timeoutAppendRequest(200)) - 92cc866f-2236-4b73-b0be-e1c51e7c2e55@group-85722E6F2626->6955b3b9-1fa4-46c5-a946-8e67bfb83506-GrpcLogAppender: appendEntries Timeout, request=92cc866f-2236-4b73-b0be-e1c51e7c2e55->6955b3b9-1fa4-46c5-a946-8e67bfb83506#38-t1, previous=(t:1, i:16), leaderCommit=10, initializing? false, entries: <empty>
2019-09-18 08:48:39,319 [grpc-default-executor-4] INFO  client.GrpcClientProtocolClient (GrpcClientProtocolClient.java:onNext(264)) - client-45043365F4D9->6955b3b9-1fa4-46c5-a946-8e67bfb83506: receive RaftClientReply:client-45043365F4D9->6955b3b9-1fa4-46c5-a946-8e67bfb83506@group-85722E6F2626, cid=64, FAILED org.apache.ratis.protocol.NotLeaderException: Server 6955b3b9-1fa4-46c5-a946-8e67bfb83506@group-85722E6F2626 is not the leader 92cc866f-2236-4b73-b0be-e1c51e7c2e55:192.168.157.246:35640, logIndex=0, commits[6955b3b9-1fa4-46c5-a946-8e67bfb83506:c10, 07201f0e-3a1c-4c3e-af2c-9eb1e9c35520:c8, 92cc866f-2236-4b73-b0be-e1c51e7c2e55:c10]
2019-09-18 08:48:39,347 [java.util.concurrent.ThreadPoolExecutor$Worker@e8d937c[State = -1, empty queue]] WARN  server.GrpcLogAppender (GrpcLogAppender.java:timeoutAppendRequest(200)) - 92cc866f-2236-4b73-b0be-e1c51e7c2e55@group-85722E6F2626->07201f0e-3a1c-4c3e-af2c-9eb1e9c35520-GrpcLogAppender: appendEntries Timeout, request=92cc866f-2236-4b73-b0be-e1c51e7c2e55->07201f0e-3a1c-4c3e-af2c-9eb1e9c35520#39-t1, previous=(t:1, i:16), leaderCommit=10, initializing? false, entries: <empty>
2019-09-18 08:48:39,347 [java.util.concurrent.ThreadPoolExecutor$Worker@6b990b24[State = -1, empty queue]] WARN  server.GrpcLogAppender (GrpcLogAppender.java:timeoutAppendRequest(200)) - 92cc866f-2236-4b73-b0be-e1c51e7c2e55@group-85722E6F2626->6955b3b9-1fa4-46c5-a946-8e67bfb83506-GrpcLogAppender: appendEntries Timeout, request=92cc866f-2236-4b73-b0be-e1c51e7c2e55->6955b3b9-1fa4-46c5-a946-8e67bfb83506#39-t1, previous=(t:1, i:16), leaderCommit=10, initializing? false, entries: <empty>
2019-09-18 08:48:41,832 [java.util.concurrent.ThreadPoolExecutor$Worker@6b990b24[State = -1, empty queue]] WARN  server.GrpcLogAppender (GrpcLogAppender.java:timeoutAppendRequest(200)) - 92cc866f-2236-4b73-b0be-e1c51e7c2e55@group-85722E6F2626->6955b3b9-1fa4-46c5-a946-8e67bfb83506-GrpcLogAppender: appendEntries Timeout, request=92cc866f-2236-4b73-b0be-e1c51e7c2e55->6955b3b9-1fa4-46c5-a946-8e67bfb83506#40-t1, previous=(t:1, i:16), leaderCommit=10, initializing? false, entries: <empty>
2019-09-18 08:48:41,832 [java.util.concurrent.ThreadPoolExecutor$Worker@e8d937c[State = -1, empty queue]] WARN  server.GrpcLogAppender (GrpcLogAppender.java:timeoutAppendRequest(200)) - 92cc866f-2236-4b73-b0be-e1c51e7c2e55@group-85722E6F2626->07201f0e-3a1c-4c3e-af2c-9eb1e9c35520-GrpcLogAppender: appendEntries Timeout, request=92cc866f-2236-4b73-b0be-e1c51e7c2e55->07201f0e-3a1c-4c3e-af2c-9eb1e9c35520#40-t1, previous=(t:1, i:16), leaderCommit=10, initializing? false, entries: <empty>
2019-09-18 08:48:43,810 [6955b3b9-1fa4-46c5-a946-8e67bfb83506@group-85722E6F2626-SegmentedRaftLogWorker] WARN  segmented.SegmentedRaftLogWorker (SegmentedRaftLogWorker.java:getFromFuture(90)) - Timeout 5/~
org.apache.ratis.protocol.TimeoutIOException: Timeout 10s: WriteLog:11: (t:1, i:11), STATEMACHINELOGENTRY, client-45043365F4D9, cid=64-writeStateMachineData
	at org.apache.ratis.util.IOUtils.getFromFuture(IOUtils.java:87)
	at org.apache.ratis.server.raftlog.segmented.SegmentedRaftLogWorker$StateMachineDataPolicy.getFromFuture(SegmentedRaftLogWorker.java:87)
	at org.apache.ratis.server.raftlog.segmented.SegmentedRaftLogWorker$WriteLog.execute(SegmentedRaftLogWorker.java:477)
	at org.apache.ratis.server.raftlog.segmented.SegmentedRaftLogWorker.run(SegmentedRaftLogWorker.java:289)
	at java.lang.Thread.run(Thread.java:748)
Caused by: java.util.concurrent.TimeoutException
	at java.util.concurrent.CompletableFuture.timedGet(CompletableFuture.java:1771)
	at java.util.concurrent.CompletableFuture.get(CompletableFuture.java:1915)
	at org.apache.ratis.util.IOUtils.getFromFuture(IOUtils.java:79)
	... 4 more
2019-09-18 08:48:43,810 [92cc866f-2236-4b73-b0be-e1c51e7c2e55@group-85722E6F2626-SegmentedRaftLogWorker] WARN  segmented.SegmentedRaftLogWorker (SegmentedRaftLogWorker.java:getFromFuture(90)) - Timeout 5/~
org.apache.ratis.protocol.TimeoutIOException: Timeout 10s: WriteLog:11: (t:1, i:11), STATEMACHINELOGENTRY, client-45043365F4D9, cid=64-writeStateMachineData
	at org.apache.ratis.util.IOUtils.getFromFuture(IOUtils.java:87)
	at org.apache.ratis.server.raftlog.segmented.SegmentedRaftLogWorker$StateMachineDataPolicy.getFromFuture(SegmentedRaftLogWorker.java:87)
	at org.apache.ratis.server.raftlog.segmented.SegmentedRaftLogWorker$WriteLog.execute(SegmentedRaftLogWorker.java:477)
	at org.apache.ratis.server.raftlog.segmented.SegmentedRaftLogWorker.run(SegmentedRaftLogWorker.java:289)
	at java.lang.Thread.run(Thread.java:748)
Caused by: java.util.concurrent.TimeoutException
	at java.util.concurrent.CompletableFuture.timedGet(CompletableFuture.java:1771)
	at java.util.concurrent.CompletableFuture.get(CompletableFuture.java:1915)
	at org.apache.ratis.util.IOUtils.getFromFuture(IOUtils.java:79)
	... 4 more
2019-09-18 08:48:44,333 [java.util.concurrent.ThreadPoolExecutor$Worker@6b990b24[State = -1, empty queue]] WARN  server.GrpcLogAppender (GrpcLogAppender.java:timeoutAppendRequest(200)) - 92cc866f-2236-4b73-b0be-e1c51e7c2e55@group-85722E6F2626->6955b3b9-1fa4-46c5-a946-8e67bfb83506-GrpcLogAppender: appendEntries Timeout, request=92cc866f-2236-4b73-b0be-e1c51e7c2e55->6955b3b9-1fa4-46c5-a946-8e67bfb83506#41-t1, previous=(t:1, i:16), leaderCommit=10, initializing? false, entries: <empty>
2019-09-18 08:48:44,333 [java.util.concurrent.ThreadPoolExecutor$Worker@e8d937c[State = -1, empty queue]] WARN  server.GrpcLogAppender (GrpcLogAppender.java:timeoutAppendRequest(200)) - 92cc866f-2236-4b73-b0be-e1c51e7c2e55@group-85722E6F2626->07201f0e-3a1c-4c3e-af2c-9eb1e9c35520-GrpcLogAppender: appendEntries Timeout, request=92cc866f-2236-4b73-b0be-e1c51e7c2e55->07201f0e-3a1c-4c3e-af2c-9eb1e9c35520#41-t1, previous=(t:1, i:16), leaderCommit=10, initializing? false, entries: <empty>
2019-09-18 08:48:44,396 [grpc-default-executor-4] INFO  client.GrpcClientProtocolClient (GrpcClientProtocolClient.java:onNext(264)) - client-45043365F4D9->6955b3b9-1fa4-46c5-a946-8e67bfb83506: receive RaftClientReply:client-45043365F4D9->6955b3b9-1fa4-46c5-a946-8e67bfb83506@group-85722E6F2626, cid=64, FAILED org.apache.ratis.protocol.NotLeaderException: Server 6955b3b9-1fa4-46c5-a946-8e67bfb83506@group-85722E6F2626 is not the leader 92cc866f-2236-4b73-b0be-e1c51e7c2e55:192.168.157.246:35640, logIndex=0, commits[6955b3b9-1fa4-46c5-a946-8e67bfb83506:c10, 07201f0e-3a1c-4c3e-af2c-9eb1e9c35520:c8, 92cc866f-2236-4b73-b0be-e1c51e7c2e55:c10]
2019-09-18 08:48:45,600 [07201f0e-3a1c-4c3e-af2c-9eb1e9c35520@group-85722E6F2626-SegmentedRaftLogWorker] WARN  segmented.SegmentedRaftLogWorker (SegmentedRaftLogWorker.java:getFromFuture(90)) - Timeout 5/~
org.apache.ratis.protocol.TimeoutIOException: Timeout 10s: WriteLog:12: (t:1, i:12), STATEMACHINELOGENTRY, client-45043365F4D9, cid=65-writeStateMachineData
	at org.apache.ratis.util.IOUtils.getFromFuture(IOUtils.java:87)
	at org.apache.ratis.server.raftlog.segmented.SegmentedRaftLogWorker$StateMachineDataPolicy.getFromFuture(SegmentedRaftLogWorker.java:87)
	at org.apache.ratis.server.raftlog.segmented.SegmentedRaftLogWorker$WriteLog.execute(SegmentedRaftLogWorker.java:477)
	at org.apache.ratis.server.raftlog.segmented.SegmentedRaftLogWorker.run(SegmentedRaftLogWorker.java:289)
	at java.lang.Thread.run(Thread.java:748)
Caused by: java.util.concurrent.TimeoutException
	at java.util.concurrent.CompletableFuture.timedGet(CompletableFuture.java:1771)
	at java.util.concurrent.CompletableFuture.get(CompletableFuture.java:1915)
	at org.apache.ratis.util.IOUtils.getFromFuture(IOUtils.java:79)
	... 4 more
2019-09-18 08:48:46,833 [java.util.concurrent.ThreadPoolExecutor$Worker@e8d937c[State = -1, empty queue]] WARN  server.GrpcLogAppender (GrpcLogAppender.java:timeoutAppendRequest(200)) - 92cc866f-2236-4b73-b0be-e1c51e7c2e55@group-85722E6F2626->07201f0e-3a1c-4c3e-af2c-9eb1e9c35520-GrpcLogAppender: appendEntries Timeout, request=92cc866f-2236-4b73-b0be-e1c51e7c2e55->07201f0e-3a1c-4c3e-af2c-9eb1e9c35520#42-t1, previous=(t:1, i:16), leaderCommit=10, initializing? false, entries: <empty>
2019-09-18 08:48:46,833 [java.util.concurrent.ThreadPoolExecutor$Worker@6b990b24[State = -1, empty queue]] WARN  server.GrpcLogAppender (GrpcLogAppender.java:timeoutAppendRequest(200)) - 92cc866f-2236-4b73-b0be-e1c51e7c2e55@group-85722E6F2626->6955b3b9-1fa4-46c5-a946-8e67bfb83506-GrpcLogAppender: appendEntries Timeout, request=92cc866f-2236-4b73-b0be-e1c51e7c2e55->6955b3b9-1fa4-46c5-a946-8e67bfb83506#42-t1, previous=(t:1, i:16), leaderCommit=10, initializing? false, entries: <empty>
2019-09-18 08:48:49,335 [java.util.concurrent.ThreadPoolExecutor$Worker@e8d937c[State = -1, empty queue]] WARN  server.GrpcLogAppender (GrpcLogAppender.java:timeoutAppendRequest(200)) - 92cc866f-2236-4b73-b0be-e1c51e7c2e55@group-85722E6F2626->07201f0e-3a1c-4c3e-af2c-9eb1e9c35520-GrpcLogAppender: appendEntries Timeout, request=92cc866f-2236-4b73-b0be-e1c51e7c2e55->07201f0e-3a1c-4c3e-af2c-9eb1e9c35520#43-t1, previous=(t:1, i:16), leaderCommit=10, initializing? false, entries: <empty>
2019-09-18 08:48:49,335 [java.util.concurrent.ThreadPoolExecutor$Worker@6b990b24[State = -1, empty queue]] WARN  server.GrpcLogAppender (GrpcLogAppender.java:timeoutAppendRequest(200)) - 92cc866f-2236-4b73-b0be-e1c51e7c2e55@group-85722E6F2626->6955b3b9-1fa4-46c5-a946-8e67bfb83506-GrpcLogAppender: appendEntries Timeout, request=92cc866f-2236-4b73-b0be-e1c51e7c2e55->6955b3b9-1fa4-46c5-a946-8e67bfb83506#43-t1, previous=(t:1, i:16), leaderCommit=10, initializing? false, entries: <empty>
2019-09-18 08:48:49,464 [grpc-default-executor-0] INFO  client.GrpcClientProtocolClient (GrpcClientProtocolClient.java:onNext(264)) - client-45043365F4D9->07201f0e-3a1c-4c3e-af2c-9eb1e9c35520: receive RaftClientReply:client-45043365F4D9->07201f0e-3a1c-4c3e-af2c-9eb1e9c35520@group-85722E6F2626, cid=64, FAILED org.apache.ratis.protocol.NotLeaderException: Server 07201f0e-3a1c-4c3e-af2c-9eb1e9c35520@group-85722E6F2626 is not the leader 92cc866f-2236-4b73-b0be-e1c51e7c2e55:192.168.157.246:35640, logIndex=0, commits[07201f0e-3a1c-4c3e-af2c-9eb1e9c35520:c10, 6955b3b9-1fa4-46c5-a946-8e67bfb83506:c8, 92cc866f-2236-4b73-b0be-e1c51e7c2e55:c10]
2019-09-18 08:48:51,835 [java.util.concurrent.ThreadPoolExecutor$Worker@e8d937c[State = -1, empty queue]] WARN  server.GrpcLogAppender (GrpcLogAppender.java:timeoutAppendRequest(200)) - 92cc866f-2236-4b73-b0be-e1c51e7c2e55@group-85722E6F2626->07201f0e-3a1c-4c3e-af2c-9eb1e9c35520-GrpcLogAppender: appendEntries Timeout, request=92cc866f-2236-4b73-b0be-e1c51e7c2e55->07201f0e-3a1c-4c3e-af2c-9eb1e9c35520#44-t1, previous=(t:1, i:16), leaderCommit=10, initializing? false, entries: <empty>
2019-09-18 08:48:51,835 [java.util.concurrent.ThreadPoolExecutor$Worker@6b990b24[State = -1, empty queue]] WARN  server.GrpcLogAppender (GrpcLogAppender.java:timeoutAppendRequest(200)) - 92cc866f-2236-4b73-b0be-e1c51e7c2e55@group-85722E6F2626->6955b3b9-1fa4-46c5-a946-8e67bfb83506-GrpcLogAppender: appendEntries Timeout, request=92cc866f-2236-4b73-b0be-e1c51e7c2e55->6955b3b9-1fa4-46c5-a946-8e67bfb83506#44-t1, previous=(t:1, i:16), leaderCommit=10, initializing? false, entries: <empty>
2019-09-18 08:48:53,812 [6955b3b9-1fa4-46c5-a946-8e67bfb83506@group-85722E6F2626-SegmentedRaftLogWorker] WARN  segmented.SegmentedRaftLogWorker (SegmentedRaftLogWorker.java:getFromFuture(90)) - Timeout 6/~
org.apache.ratis.protocol.TimeoutIOException: Timeout 10s: WriteLog:11: (t:1, i:11), STATEMACHINELOGENTRY, client-45043365F4D9, cid=64-writeStateMachineData
	at org.apache.ratis.util.IOUtils.getFromFuture(IOUtils.java:87)
	at org.apache.ratis.server.raftlog.segmented.SegmentedRaftLogWorker$StateMachineDataPolicy.getFromFuture(SegmentedRaftLogWorker.java:87)
	at org.apache.ratis.server.raftlog.segmented.SegmentedRaftLogWorker$WriteLog.execute(SegmentedRaftLogWorker.java:477)
	at org.apache.ratis.server.raftlog.segmented.SegmentedRaftLogWorker.run(SegmentedRaftLogWorker.java:289)
	at java.lang.Thread.run(Thread.java:748)
Caused by: java.util.concurrent.TimeoutException
	at java.util.concurrent.CompletableFuture.timedGet(CompletableFuture.java:1771)
	at java.util.concurrent.CompletableFuture.get(CompletableFuture.java:1915)
	at org.apache.ratis.util.IOUtils.getFromFuture(IOUtils.java:79)
	... 4 more
2019-09-18 08:48:53,812 [92cc866f-2236-4b73-b0be-e1c51e7c2e55@group-85722E6F2626-SegmentedRaftLogWorker] WARN  segmented.SegmentedRaftLogWorker (SegmentedRaftLogWorker.java:getFromFuture(90)) - Timeout 6/~
org.apache.ratis.protocol.TimeoutIOException: Timeout 10s: WriteLog:11: (t:1, i:11), STATEMACHINELOGENTRY, client-45043365F4D9, cid=64-writeStateMachineData
	at org.apache.ratis.util.IOUtils.getFromFuture(IOUtils.java:87)
	at org.apache.ratis.server.raftlog.segmented.SegmentedRaftLogWorker$StateMachineDataPolicy.getFromFuture(SegmentedRaftLogWorker.java:87)
	at org.apache.ratis.server.raftlog.segmented.SegmentedRaftLogWorker$WriteLog.execute(SegmentedRaftLogWorker.java:477)
	at org.apache.ratis.server.raftlog.segmented.SegmentedRaftLogWorker.run(SegmentedRaftLogWorker.java:289)
	at java.lang.Thread.run(Thread.java:748)
Caused by: java.util.concurrent.TimeoutException
	at java.util.concurrent.CompletableFuture.timedGet(CompletableFuture.java:1771)
	at java.util.concurrent.CompletableFuture.get(CompletableFuture.java:1915)
	at org.apache.ratis.util.IOUtils.getFromFuture(IOUtils.java:79)
	... 4 more
2019-09-18 08:48:54,336 [java.util.concurrent.ThreadPoolExecutor$Worker@6b990b24[State = -1, empty queue]] WARN  server.GrpcLogAppender (GrpcLogAppender.java:timeoutAppendRequest(200)) - 92cc866f-2236-4b73-b0be-e1c51e7c2e55@group-85722E6F2626->6955b3b9-1fa4-46c5-a946-8e67bfb83506-GrpcLogAppender: appendEntries Timeout, request=92cc866f-2236-4b73-b0be-e1c51e7c2e55->6955b3b9-1fa4-46c5-a946-8e67bfb83506#45-t1, previous=(t:1, i:16), leaderCommit=10, initializing? false, entries: <empty>
2019-09-18 08:48:54,336 [java.util.concurrent.ThreadPoolExecutor$Worker@e8d937c[State = -1, empty queue]] WARN  server.GrpcLogAppender (GrpcLogAppender.java:timeoutAppendRequest(200)) - 92cc866f-2236-4b73-b0be-e1c51e7c2e55@group-85722E6F2626->07201f0e-3a1c-4c3e-af2c-9eb1e9c35520-GrpcLogAppender: appendEntries Timeout, request=92cc866f-2236-4b73-b0be-e1c51e7c2e55->07201f0e-3a1c-4c3e-af2c-9eb1e9c35520#45-t1, previous=(t:1, i:16), leaderCommit=10, initializing? false, entries: <empty>
2019-09-18 08:48:54,522 [grpc-default-executor-4] INFO  client.GrpcClientProtocolClient (GrpcClientProtocolClient.java:onNext(264)) - client-45043365F4D9->6955b3b9-1fa4-46c5-a946-8e67bfb83506: receive RaftClientReply:client-45043365F4D9->6955b3b9-1fa4-46c5-a946-8e67bfb83506@group-85722E6F2626, cid=64, FAILED org.apache.ratis.protocol.NotLeaderException: Server 6955b3b9-1fa4-46c5-a946-8e67bfb83506@group-85722E6F2626 is not the leader 92cc866f-2236-4b73-b0be-e1c51e7c2e55:192.168.157.246:35640, logIndex=0, commits[6955b3b9-1fa4-46c5-a946-8e67bfb83506:c10, 07201f0e-3a1c-4c3e-af2c-9eb1e9c35520:c8, 92cc866f-2236-4b73-b0be-e1c51e7c2e55:c10]
2019-09-18 08:48:55,602 [07201f0e-3a1c-4c3e-af2c-9eb1e9c35520@group-85722E6F2626-SegmentedRaftLogWorker] WARN  segmented.SegmentedRaftLogWorker (SegmentedRaftLogWorker.java:getFromFuture(90)) - Timeout 6/~
org.apache.ratis.protocol.TimeoutIOException: Timeout 10s: WriteLog:12: (t:1, i:12), STATEMACHINELOGENTRY, client-45043365F4D9, cid=65-writeStateMachineData
	at org.apache.ratis.util.IOUtils.getFromFuture(IOUtils.java:87)
	at org.apache.ratis.server.raftlog.segmented.SegmentedRaftLogWorker$StateMachineDataPolicy.getFromFuture(SegmentedRaftLogWorker.java:87)
	at org.apache.ratis.server.raftlog.segmented.SegmentedRaftLogWorker$WriteLog.execute(SegmentedRaftLogWorker.java:477)
	at org.apache.ratis.server.raftlog.segmented.SegmentedRaftLogWorker.run(SegmentedRaftLogWorker.java:289)
	at java.lang.Thread.run(Thread.java:748)
Caused by: java.util.concurrent.TimeoutException
	at java.util.concurrent.CompletableFuture.timedGet(CompletableFuture.java:1771)
	at java.util.concurrent.CompletableFuture.get(CompletableFuture.java:1915)
	at org.apache.ratis.util.IOUtils.getFromFuture(IOUtils.java:79)
	... 4 more
2019-09-18 08:48:56,840 [java.util.concurrent.ThreadPoolExecutor$Worker@e8d937c[State = -1, empty queue]] WARN  server.GrpcLogAppender (GrpcLogAppender.java:timeoutAppendRequest(200)) - 92cc866f-2236-4b73-b0be-e1c51e7c2e55@group-85722E6F2626->07201f0e-3a1c-4c3e-af2c-9eb1e9c35520-GrpcLogAppender: appendEntries Timeout, request=92cc866f-2236-4b73-b0be-e1c51e7c2e55->07201f0e-3a1c-4c3e-af2c-9eb1e9c35520#46-t1, previous=(t:1, i:16), leaderCommit=10, initializing? false, entries: <empty>
2019-09-18 08:48:56,840 [java.util.concurrent.ThreadPoolExecutor$Worker@6b990b24[State = -1, empty queue]] WARN  server.GrpcLogAppender (GrpcLogAppender.java:timeoutAppendRequest(200)) - 92cc866f-2236-4b73-b0be-e1c51e7c2e55@group-85722E6F2626->6955b3b9-1fa4-46c5-a946-8e67bfb83506-GrpcLogAppender: appendEntries Timeout, request=92cc866f-2236-4b73-b0be-e1c51e7c2e55->6955b3b9-1fa4-46c5-a946-8e67bfb83506#46-t1, previous=(t:1, i:16), leaderCommit=10, initializing? false, entries: <empty>
2019-09-18 08:48:59,340 [java.util.concurrent.ThreadPoolExecutor$Worker@6b990b24[State = -1, empty queue]] WARN  server.GrpcLogAppender (GrpcLogAppender.java:timeoutAppendRequest(200)) - 92cc866f-2236-4b73-b0be-e1c51e7c2e55@group-85722E6F2626->6955b3b9-1fa4-46c5-a946-8e67bfb83506-GrpcLogAppender: appendEntries Timeout, request=92cc866f-2236-4b73-b0be-e1c51e7c2e55->6955b3b9-1fa4-46c5-a946-8e67bfb83506#47-t1, previous=(t:1, i:16), leaderCommit=10, initializing? false, entries: <empty>
2019-09-18 08:48:59,340 [java.util.concurrent.ThreadPoolExecutor$Worker@e8d937c[State = -1, empty queue]] WARN  server.GrpcLogAppender (GrpcLogAppender.java:timeoutAppendRequest(200)) - 92cc866f-2236-4b73-b0be-e1c51e7c2e55@group-85722E6F2626->07201f0e-3a1c-4c3e-af2c-9eb1e9c35520-GrpcLogAppender: appendEntries Timeout, request=92cc866f-2236-4b73-b0be-e1c51e7c2e55->07201f0e-3a1c-4c3e-af2c-9eb1e9c35520#47-t1, previous=(t:1, i:16), leaderCommit=10, initializing? false, entries: <empty>
2019-09-18 08:48:59,576 [grpc-default-executor-0] INFO  client.GrpcClientProtocolClient (GrpcClientProtocolClient.java:onNext(264)) - client-45043365F4D9->6955b3b9-1fa4-46c5-a946-8e67bfb83506: receive RaftClientReply:client-45043365F4D9->6955b3b9-1fa4-46c5-a946-8e67bfb83506@group-85722E6F2626, cid=64, FAILED org.apache.ratis.protocol.NotLeaderException: Server 6955b3b9-1fa4-46c5-a946-8e67bfb83506@group-85722E6F2626 is not the leader 92cc866f-2236-4b73-b0be-e1c51e7c2e55:192.168.157.246:35640, logIndex=0, commits[6955b3b9-1fa4-46c5-a946-8e67bfb83506:c10, 07201f0e-3a1c-4c3e-af2c-9eb1e9c35520:c8, 92cc866f-2236-4b73-b0be-e1c51e7c2e55:c10]
2019-09-18 08:49:01,840 [java.util.concurrent.ThreadPoolExecutor$Worker@6b990b24[State = -1, empty queue]] WARN  server.GrpcLogAppender (GrpcLogAppender.java:timeoutAppendRequest(200)) - 92cc866f-2236-4b73-b0be-e1c51e7c2e55@group-85722E6F2626->6955b3b9-1fa4-46c5-a946-8e67bfb83506-GrpcLogAppender: appendEntries Timeout, request=92cc866f-2236-4b73-b0be-e1c51e7c2e55->6955b3b9-1fa4-46c5-a946-8e67bfb83506#48-t1, previous=(t:1, i:16), leaderCommit=10, initializing? false, entries: <empty>
2019-09-18 08:49:01,840 [java.util.concurrent.ThreadPoolExecutor$Worker@e8d937c[State = -1, empty queue]] WARN  server.GrpcLogAppender (GrpcLogAppender.java:timeoutAppendRequest(200)) - 92cc866f-2236-4b73-b0be-e1c51e7c2e55@group-85722E6F2626->07201f0e-3a1c-4c3e-af2c-9eb1e9c35520-GrpcLogAppender: appendEntries Timeout, request=92cc866f-2236-4b73-b0be-e1c51e7c2e55->07201f0e-3a1c-4c3e-af2c-9eb1e9c35520#48-t1, previous=(t:1, i:16), leaderCommit=10, initializing? false, entries: <empty>
2019-09-18 08:49:03,814 [6955b3b9-1fa4-46c5-a946-8e67bfb83506@group-85722E6F2626-SegmentedRaftLogWorker] WARN  segmented.SegmentedRaftLogWorker (SegmentedRaftLogWorker.java:getFromFuture(90)) - Timeout 7/~
org.apache.ratis.protocol.TimeoutIOException: Timeout 10s: WriteLog:11: (t:1, i:11), STATEMACHINELOGENTRY, client-45043365F4D9, cid=64-writeStateMachineData
	at org.apache.ratis.util.IOUtils.getFromFuture(IOUtils.java:87)
	at org.apache.ratis.server.raftlog.segmented.SegmentedRaftLogWorker$StateMachineDataPolicy.getFromFuture(SegmentedRaftLogWorker.java:87)
	at org.apache.ratis.server.raftlog.segmented.SegmentedRaftLogWorker$WriteLog.execute(SegmentedRaftLogWorker.java:477)
	at org.apache.ratis.server.raftlog.segmented.SegmentedRaftLogWorker.run(SegmentedRaftLogWorker.java:289)
	at java.lang.Thread.run(Thread.java:748)
Caused by: java.util.concurrent.TimeoutException
	at java.util.concurrent.CompletableFuture.timedGet(CompletableFuture.java:1771)
	at java.util.concurrent.CompletableFuture.get(CompletableFuture.java:1915)
	at org.apache.ratis.util.IOUtils.getFromFuture(IOUtils.java:79)
	... 4 more
2019-09-18 08:49:03,839 [92cc866f-2236-4b73-b0be-e1c51e7c2e55@group-85722E6F2626-SegmentedRaftLogWorker] WARN  segmented.SegmentedRaftLogWorker (SegmentedRaftLogWorker.java:getFromFuture(90)) - Timeout 7/~
org.apache.ratis.protocol.TimeoutIOException: Timeout 10s: WriteLog:11: (t:1, i:11), STATEMACHINELOGENTRY, client-45043365F4D9, cid=64-writeStateMachineData
	at org.apache.ratis.util.IOUtils.getFromFuture(IOUtils.java:87)
	at org.apache.ratis.server.raftlog.segmented.SegmentedRaftLogWorker$StateMachineDataPolicy.getFromFuture(SegmentedRaftLogWorker.java:87)
	at org.apache.ratis.server.raftlog.segmented.SegmentedRaftLogWorker$WriteLog.execute(SegmentedRaftLogWorker.java:477)
	at org.apache.ratis.server.raftlog.segmented.SegmentedRaftLogWorker.run(SegmentedRaftLogWorker.java:289)
	at java.lang.Thread.run(Thread.java:748)
Caused by: java.util.concurrent.TimeoutException
	at java.util.concurrent.CompletableFuture.timedGet(CompletableFuture.java:1771)
	at java.util.concurrent.CompletableFuture.get(CompletableFuture.java:1915)
	at org.apache.ratis.util.IOUtils.getFromFuture(IOUtils.java:79)
	... 4 more
2019-09-18 08:49:04,342 [java.util.concurrent.ThreadPoolExecutor$Worker@6b990b24[State = -1, empty queue]] WARN  server.GrpcLogAppender (GrpcLogAppender.java:timeoutAppendRequest(200)) - 92cc866f-2236-4b73-b0be-e1c51e7c2e55@group-85722E6F2626->6955b3b9-1fa4-46c5-a946-8e67bfb83506-GrpcLogAppender: appendEntries Timeout, request=92cc866f-2236-4b73-b0be-e1c51e7c2e55->6955b3b9-1fa4-46c5-a946-8e67bfb83506#49-t1, previous=(t:1, i:16), leaderCommit=10, initializing? false, entries: <empty>
2019-09-18 08:49:04,342 [java.util.concurrent.ThreadPoolExecutor$Worker@e8d937c[State = -1, empty queue]] WARN  server.GrpcLogAppender (GrpcLogAppender.java:timeoutAppendRequest(200)) - 92cc866f-2236-4b73-b0be-e1c51e7c2e55@group-85722E6F2626->07201f0e-3a1c-4c3e-af2c-9eb1e9c35520-GrpcLogAppender: appendEntries Timeout, request=92cc866f-2236-4b73-b0be-e1c51e7c2e55->07201f0e-3a1c-4c3e-af2c-9eb1e9c35520#49-t1, previous=(t:1, i:16), leaderCommit=10, initializing? false, entries: <empty>
2019-09-18 08:49:04,623 [grpc-default-executor-0] INFO  client.GrpcClientProtocolClient (GrpcClientProtocolClient.java:onNext(264)) - client-45043365F4D9->07201f0e-3a1c-4c3e-af2c-9eb1e9c35520: receive RaftClientReply:client-45043365F4D9->07201f0e-3a1c-4c3e-af2c-9eb1e9c35520@group-85722E6F2626, cid=64, FAILED org.apache.ratis.protocol.NotLeaderException: Server 07201f0e-3a1c-4c3e-af2c-9eb1e9c35520@group-85722E6F2626 is not the leader 92cc866f-2236-4b73-b0be-e1c51e7c2e55:192.168.157.246:35640, logIndex=0, commits[07201f0e-3a1c-4c3e-af2c-9eb1e9c35520:c10, 6955b3b9-1fa4-46c5-a946-8e67bfb83506:c8, 92cc866f-2236-4b73-b0be-e1c51e7c2e55:c10]
2019-09-18 08:49:05,603 [07201f0e-3a1c-4c3e-af2c-9eb1e9c35520@group-85722E6F2626-SegmentedRaftLogWorker] WARN  segmented.SegmentedRaftLogWorker (SegmentedRaftLogWorker.java:getFromFuture(90)) - Timeout 7/~
org.apache.ratis.protocol.TimeoutIOException: Timeout 10s: WriteLog:12: (t:1, i:12), STATEMACHINELOGENTRY, client-45043365F4D9, cid=65-writeStateMachineData
	at org.apache.ratis.util.IOUtils.getFromFuture(IOUtils.java:87)
	at org.apache.ratis.server.raftlog.segmented.SegmentedRaftLogWorker$StateMachineDataPolicy.getFromFuture(SegmentedRaftLogWorker.java:87)
	at org.apache.ratis.server.raftlog.segmented.SegmentedRaftLogWorker$WriteLog.execute(SegmentedRaftLogWorker.java:477)
	at org.apache.ratis.server.raftlog.segmented.SegmentedRaftLogWorker.run(SegmentedRaftLogWorker.java:289)
	at java.lang.Thread.run(Thread.java:748)
Caused by: java.util.concurrent.TimeoutException
	at java.util.concurrent.CompletableFuture.timedGet(CompletableFuture.java:1771)
	at java.util.concurrent.CompletableFuture.get(CompletableFuture.java:1915)
	at org.apache.ratis.util.IOUtils.getFromFuture(IOUtils.java:79)
	... 4 more
2019-09-18 08:49:06,842 [java.util.concurrent.ThreadPoolExecutor$Worker@6b990b24[State = -1, empty queue]] WARN  server.GrpcLogAppender (GrpcLogAppender.java:timeoutAppendRequest(200)) - 92cc866f-2236-4b73-b0be-e1c51e7c2e55@group-85722E6F2626->6955b3b9-1fa4-46c5-a946-8e67bfb83506-GrpcLogAppender: appendEntries Timeout, request=92cc866f-2236-4b73-b0be-e1c51e7c2e55->6955b3b9-1fa4-46c5-a946-8e67bfb83506#50-t1, previous=(t:1, i:16), leaderCommit=10, initializing? false, entries: <empty>
2019-09-18 08:49:06,842 [java.util.concurrent.ThreadPoolExecutor$Worker@e8d937c[State = -1, empty queue]] WARN  server.GrpcLogAppender (GrpcLogAppender.java:timeoutAppendRequest(200)) - 92cc866f-2236-4b73-b0be-e1c51e7c2e55@group-85722E6F2626->07201f0e-3a1c-4c3e-af2c-9eb1e9c35520-GrpcLogAppender: appendEntries Timeout, request=92cc866f-2236-4b73-b0be-e1c51e7c2e55->07201f0e-3a1c-4c3e-af2c-9eb1e9c35520#50-t1, previous=(t:1, i:16), leaderCommit=10, initializing? false, entries: <empty>
2019-09-18 08:49:09,343 [java.util.concurrent.ThreadPoolExecutor$Worker@6b990b24[State = -1, empty queue]] WARN  server.GrpcLogAppender (GrpcLogAppender.java:timeoutAppendRequest(200)) - 92cc866f-2236-4b73-b0be-e1c51e7c2e55@group-85722E6F2626->6955b3b9-1fa4-46c5-a946-8e67bfb83506-GrpcLogAppender: appendEntries Timeout, request=92cc866f-2236-4b73-b0be-e1c51e7c2e55->6955b3b9-1fa4-46c5-a946-8e67bfb83506#51-t1, previous=(t:1, i:16), leaderCommit=10, initializing? false, entries: <empty>
2019-09-18 08:49:09,343 [java.util.concurrent.ThreadPoolExecutor$Worker@e8d937c[State = -1, empty queue]] WARN  server.GrpcLogAppender (GrpcLogAppender.java:timeoutAppendRequest(200)) - 92cc866f-2236-4b73-b0be-e1c51e7c2e55@group-85722E6F2626->07201f0e-3a1c-4c3e-af2c-9eb1e9c35520-GrpcLogAppender: appendEntries Timeout, request=92cc866f-2236-4b73-b0be-e1c51e7c2e55->07201f0e-3a1c-4c3e-af2c-9eb1e9c35520#51-t1, previous=(t:1, i:16), leaderCommit=10, initializing? false, entries: <empty>
2019-09-18 08:49:09,676 [grpc-default-executor-6] INFO  client.GrpcClientProtocolClient (GrpcClientProtocolClient.java:onNext(264)) - client-45043365F4D9->07201f0e-3a1c-4c3e-af2c-9eb1e9c35520: receive RaftClientReply:client-45043365F4D9->07201f0e-3a1c-4c3e-af2c-9eb1e9c35520@group-85722E6F2626, cid=64, FAILED org.apache.ratis.protocol.NotLeaderException: Server 07201f0e-3a1c-4c3e-af2c-9eb1e9c35520@group-85722E6F2626 is not the leader 92cc866f-2236-4b73-b0be-e1c51e7c2e55:192.168.157.246:35640, logIndex=0, commits[07201f0e-3a1c-4c3e-af2c-9eb1e9c35520:c10, 6955b3b9-1fa4-46c5-a946-8e67bfb83506:c8, 92cc866f-2236-4b73-b0be-e1c51e7c2e55:c10]
2019-09-18 08:49:09,967 [ReplicationMonitor] INFO  container.ReplicationManager (ReplicationManager.java:forceCloseContainer(464)) - Force closing container #1 with BCSID 4, which is in QUASI_CLOSED state.
2019-09-18 08:49:09,968 [ReplicationMonitor] INFO  container.ReplicationManager (ReplicationManager.java:sendCloseCommand(659)) - Sending close container command for container #1 to datanode 6955b3b9-1fa4-46c5-a946-8e67bfb83506{ip: 192.168.157.246, host: pr-hdds-2137-trunk-xplkb-1906903878, networkLocation: /default-rack, certSerialId: null}.
2019-09-18 08:49:09,968 [ReplicationMonitor] INFO  container.ReplicationManager (ReplicationManager.java:sendCloseCommand(659)) - Sending close container command for container #1 to datanode 92cc866f-2236-4b73-b0be-e1c51e7c2e55{ip: 192.168.157.246, host: pr-hdds-2137-trunk-xplkb-1906903878, networkLocation: /default-rack, certSerialId: null}.
2019-09-18 08:49:09,968 [ReplicationMonitor] INFO  container.ReplicationManager (ReplicationManager.java:sendCloseCommand(659)) - Sending close container command for container #1 to datanode 07201f0e-3a1c-4c3e-af2c-9eb1e9c35520{ip: 192.168.157.246, host: pr-hdds-2137-trunk-xplkb-1906903878, networkLocation: /default-rack, certSerialId: null}.
2019-09-18 08:49:09,969 [ReplicationMonitor] INFO  container.ReplicationManager (ReplicationManager.java:forceCloseContainer(464)) - Force closing container #2 with BCSID 0, which is in QUASI_CLOSED state.
2019-09-18 08:49:09,969 [ReplicationMonitor] INFO  container.ReplicationManager (ReplicationManager.java:sendCloseCommand(659)) - Sending close container command for container #2 to datanode 07201f0e-3a1c-4c3e-af2c-9eb1e9c35520{ip: 192.168.157.246, host: pr-hdds-2137-trunk-xplkb-1906903878, networkLocation: /default-rack, certSerialId: null}.
2019-09-18 08:49:09,969 [ReplicationMonitor] INFO  container.ReplicationManager (ReplicationManager.java:sendCloseCommand(659)) - Sending close container command for container #2 to datanode 92cc866f-2236-4b73-b0be-e1c51e7c2e55{ip: 192.168.157.246, host: pr-hdds-2137-trunk-xplkb-1906903878, networkLocation: /default-rack, certSerialId: null}.
2019-09-18 08:49:09,969 [ReplicationMonitor] INFO  container.ReplicationManager (ReplicationManager.java:sendCloseCommand(659)) - Sending close container command for container #2 to datanode 6955b3b9-1fa4-46c5-a946-8e67bfb83506{ip: 192.168.157.246, host: pr-hdds-2137-trunk-xplkb-1906903878, networkLocation: /default-rack, certSerialId: null}.
2019-09-18 08:49:09,969 [ReplicationMonitor] INFO  container.ReplicationManager (ReplicationManager.java:run(225)) - Replication Monitor Thread took 8 milliseconds for processing 7 containers.
2019-09-18 08:49:11,606 [Command processor thread] INFO  interfaces.Container (KeyValueContainer.java:flushAndSyncDB(386)) - Container 1 is synced with bcsId 4.
2019-09-18 08:49:11,609 [Command processor thread] INFO  interfaces.Container (KeyValueContainer.java:flushAndSyncDB(386)) - Container 1 is synced with bcsId 4.
2019-09-18 08:49:11,610 [Command processor thread] INFO  interfaces.Container (KeyValueContainer.java:flushAndSyncDB(386)) - Container 1 is synced with bcsId 4.
2019-09-18 08:49:11,610 [Command processor thread] INFO  interfaces.Container (KeyValueContainer.java:flushAndSyncDB(386)) - Container 1 is synced with bcsId 4.
2019-09-18 08:49:11,621 [Command processor thread] INFO  interfaces.Container (KeyValueContainer.java:close(335)) - Container 1 is closed with bcsId 4.
2019-09-18 08:49:11,621 [Command processor thread] INFO  interfaces.Container (KeyValueContainer.java:close(335)) - Container 1 is closed with bcsId 4.
2019-09-18 08:49:11,621 [Command processor thread] INFO  interfaces.Container (KeyValueContainer.java:flushAndSyncDB(386)) - Container 2 is synced with bcsId 0.
2019-09-18 08:49:11,621 [Command processor thread] INFO  interfaces.Container (KeyValueContainer.java:flushAndSyncDB(386)) - Container 2 is synced with bcsId 0.
2019-09-18 08:49:11,621 [Command processor thread] INFO  interfaces.Container (KeyValueContainer.java:flushAndSyncDB(386)) - Container 2 is synced with bcsId 0.
2019-09-18 08:49:11,621 [Command processor thread] INFO  interfaces.Container (KeyValueContainer.java:flushAndSyncDB(386)) - Container 2 is synced with bcsId 0.
2019-09-18 08:49:11,622 [EventQueue-IncrementalContainerReportForIncrementalContainerReportHandler] INFO  container.IncrementalContainerReportHandler (AbstractContainerReportHandler.java:updateContainerState(202)) - Moving container #1 to CLOSED state, datanode 07201f0e-3a1c-4c3e-af2c-9eb1e9c35520{ip: 192.168.157.246, host: pr-hdds-2137-trunk-xplkb-1906903878, networkLocation: /default-rack, certSerialId: null} reported CLOSED replica.
2019-09-18 08:49:11,627 [Command processor thread] INFO  interfaces.Container (KeyValueContainer.java:close(335)) - Container 2 is closed with bcsId 0.
2019-09-18 08:49:11,627 [Command processor thread] INFO  interfaces.Container (KeyValueContainer.java:close(335)) - Container 2 is closed with bcsId 0.
2019-09-18 08:49:11,628 [EventQueue-IncrementalContainerReportForIncrementalContainerReportHandler] INFO  container.IncrementalContainerReportHandler (AbstractContainerReportHandler.java:updateContainerState(202)) - Moving container #2 to CLOSED state, datanode 6955b3b9-1fa4-46c5-a946-8e67bfb83506{ip: 192.168.157.246, host: pr-hdds-2137-trunk-xplkb-1906903878, networkLocation: /default-rack, certSerialId: null} reported CLOSED replica.
2019-09-18 08:49:11,843 [java.util.concurrent.ThreadPoolExecutor$Worker@e8d937c[State = -1, empty queue]] WARN  server.GrpcLogAppender (GrpcLogAppender.java:timeoutAppendRequest(200)) - 92cc866f-2236-4b73-b0be-e1c51e7c2e55@group-85722E6F2626->07201f0e-3a1c-4c3e-af2c-9eb1e9c35520-GrpcLogAppender: appendEntries Timeout, request=92cc866f-2236-4b73-b0be-e1c51e7c2e55->07201f0e-3a1c-4c3e-af2c-9eb1e9c35520#52-t1, previous=(t:1, i:16), leaderCommit=10, initializing? false, entries: <empty>
2019-09-18 08:49:11,843 [java.util.concurrent.ThreadPoolExecutor$Worker@6b990b24[State = -1, empty queue]] WARN  server.GrpcLogAppender (GrpcLogAppender.java:timeoutAppendRequest(200)) - 92cc866f-2236-4b73-b0be-e1c51e7c2e55@group-85722E6F2626->6955b3b9-1fa4-46c5-a946-8e67bfb83506-GrpcLogAppender: appendEntries Timeout, request=92cc866f-2236-4b73-b0be-e1c51e7c2e55->6955b3b9-1fa4-46c5-a946-8e67bfb83506#52-t1, previous=(t:1, i:16), leaderCommit=10, initializing? false, entries: <empty>
2019-09-18 08:49:12,604 [Command processor thread] INFO  interfaces.Container (KeyValueContainer.java:flushAndSyncDB(386)) - Container 1 is synced with bcsId 4.
2019-09-18 08:49:12,604 [Command processor thread] INFO  interfaces.Container (KeyValueContainer.java:flushAndSyncDB(386)) - Container 1 is synced with bcsId 4.
2019-09-18 08:49:12,630 [Command processor thread] INFO  interfaces.Container (KeyValueContainer.java:close(335)) - Container 1 is closed with bcsId 4.
2019-09-18 08:49:12,630 [Command processor thread] INFO  interfaces.Container (KeyValueContainer.java:flushAndSyncDB(386)) - Container 2 is synced with bcsId 0.
2019-09-18 08:49:12,630 [Command processor thread] INFO  interfaces.Container (KeyValueContainer.java:flushAndSyncDB(386)) - Container 2 is synced with bcsId 0.
2019-09-18 08:49:12,645 [Command processor thread] INFO  interfaces.Container (KeyValueContainer.java:close(335)) - Container 2 is closed with bcsId 0.
2019-09-18 08:49:13,815 [6955b3b9-1fa4-46c5-a946-8e67bfb83506@group-85722E6F2626-SegmentedRaftLogWorker] WARN  segmented.SegmentedRaftLogWorker (SegmentedRaftLogWorker.java:getFromFuture(90)) - Timeout 8/~
org.apache.ratis.protocol.TimeoutIOException: Timeout 10s: WriteLog:11: (t:1, i:11), STATEMACHINELOGENTRY, client-45043365F4D9, cid=64-writeStateMachineData
	at org.apache.ratis.util.IOUtils.getFromFuture(IOUtils.java:87)
	at org.apache.ratis.server.raftlog.segmented.SegmentedRaftLogWorker$StateMachineDataPolicy.getFromFuture(SegmentedRaftLogWorker.java:87)
	at org.apache.ratis.server.raftlog.segmented.SegmentedRaftLogWorker$WriteLog.execute(SegmentedRaftLogWorker.java:477)
	at org.apache.ratis.server.raftlog.segmented.SegmentedRaftLogWorker.run(SegmentedRaftLogWorker.java:289)
	at java.lang.Thread.run(Thread.java:748)
Caused by: java.util.concurrent.TimeoutException
	at java.util.concurrent.CompletableFuture.timedGet(CompletableFuture.java:1771)
	at java.util.concurrent.CompletableFuture.get(CompletableFuture.java:1915)
	at org.apache.ratis.util.IOUtils.getFromFuture(IOUtils.java:79)
	... 4 more
2019-09-18 08:49:13,839 [92cc866f-2236-4b73-b0be-e1c51e7c2e55@group-85722E6F2626-SegmentedRaftLogWorker] WARN  segmented.SegmentedRaftLogWorker (SegmentedRaftLogWorker.java:getFromFuture(90)) - Timeout 8/~
org.apache.ratis.protocol.TimeoutIOException: Timeout 10s: WriteLog:11: (t:1, i:11), STATEMACHINELOGENTRY, client-45043365F4D9, cid=64-writeStateMachineData
	at org.apache.ratis.util.IOUtils.getFromFuture(IOUtils.java:87)
	at org.apache.ratis.server.raftlog.segmented.SegmentedRaftLogWorker$StateMachineDataPolicy.getFromFuture(SegmentedRaftLogWorker.java:87)
	at org.apache.ratis.server.raftlog.segmented.SegmentedRaftLogWorker$WriteLog.execute(SegmentedRaftLogWorker.java:477)
	at org.apache.ratis.server.raftlog.segmented.SegmentedRaftLogWorker.run(SegmentedRaftLogWorker.java:289)
	at java.lang.Thread.run(Thread.java:748)
Caused by: java.util.concurrent.TimeoutException
	at java.util.concurrent.CompletableFuture.timedGet(CompletableFuture.java:1771)
	at java.util.concurrent.CompletableFuture.get(CompletableFuture.java:1915)
	at org.apache.ratis.util.IOUtils.getFromFuture(IOUtils.java:79)
	... 4 more
2019-09-18 08:49:14,345 [java.util.concurrent.ThreadPoolExecutor$Worker@e8d937c[State = -1, empty queue]] WARN  server.GrpcLogAppender (GrpcLogAppender.java:timeoutAppendRequest(200)) - 92cc866f-2236-4b73-b0be-e1c51e7c2e55@group-85722E6F2626->07201f0e-3a1c-4c3e-af2c-9eb1e9c35520-GrpcLogAppender: appendEntries Timeout, request=92cc866f-2236-4b73-b0be-e1c51e7c2e55->07201f0e-3a1c-4c3e-af2c-9eb1e9c35520#53-t1, previous=(t:1, i:16), leaderCommit=10, initializing? false, entries: <empty>
2019-09-18 08:49:14,345 [java.util.concurrent.ThreadPoolExecutor$Worker@6b990b24[State = -1, empty queue]] WARN  server.GrpcLogAppender (GrpcLogAppender.java:timeoutAppendRequest(200)) - 92cc866f-2236-4b73-b0be-e1c51e7c2e55@group-85722E6F2626->6955b3b9-1fa4-46c5-a946-8e67bfb83506-GrpcLogAppender: appendEntries Timeout, request=92cc866f-2236-4b73-b0be-e1c51e7c2e55->6955b3b9-1fa4-46c5-a946-8e67bfb83506#53-t1, previous=(t:1, i:16), leaderCommit=10, initializing? false, entries: <empty>
2019-09-18 08:49:14,729 [grpc-default-executor-6] INFO  client.GrpcClientProtocolClient (GrpcClientProtocolClient.java:onNext(264)) - client-45043365F4D9->07201f0e-3a1c-4c3e-af2c-9eb1e9c35520: receive RaftClientReply:client-45043365F4D9->07201f0e-3a1c-4c3e-af2c-9eb1e9c35520@group-85722E6F2626, cid=64, FAILED org.apache.ratis.protocol.NotLeaderException: Server 07201f0e-3a1c-4c3e-af2c-9eb1e9c35520@group-85722E6F2626 is not the leader 92cc866f-2236-4b73-b0be-e1c51e7c2e55:192.168.157.246:35640, logIndex=0, commits[07201f0e-3a1c-4c3e-af2c-9eb1e9c35520:c10, 6955b3b9-1fa4-46c5-a946-8e67bfb83506:c8, 92cc866f-2236-4b73-b0be-e1c51e7c2e55:c10]
2019-09-18 08:49:15,604 [07201f0e-3a1c-4c3e-af2c-9eb1e9c35520@group-85722E6F2626-SegmentedRaftLogWorker] WARN  segmented.SegmentedRaftLogWorker (SegmentedRaftLogWorker.java:getFromFuture(90)) - Timeout 8/~
org.apache.ratis.protocol.TimeoutIOException: Timeout 10s: WriteLog:12: (t:1, i:12), STATEMACHINELOGENTRY, client-45043365F4D9, cid=65-writeStateMachineData
	at org.apache.ratis.util.IOUtils.getFromFuture(IOUtils.java:87)
	at org.apache.ratis.server.raftlog.segmented.SegmentedRaftLogWorker$StateMachineDataPolicy.getFromFuture(SegmentedRaftLogWorker.java:87)
	at org.apache.ratis.server.raftlog.segmented.SegmentedRaftLogWorker$WriteLog.execute(SegmentedRaftLogWorker.java:477)
	at org.apache.ratis.server.raftlog.segmented.SegmentedRaftLogWorker.run(SegmentedRaftLogWorker.java:289)
	at java.lang.Thread.run(Thread.java:748)
Caused by: java.util.concurrent.TimeoutException
	at java.util.concurrent.CompletableFuture.timedGet(CompletableFuture.java:1771)
	at java.util.concurrent.CompletableFuture.get(CompletableFuture.java:1915)
	at org.apache.ratis.util.IOUtils.getFromFuture(IOUtils.java:79)
	... 4 more
2019-09-18 08:49:16,845 [java.util.concurrent.ThreadPoolExecutor$Worker@6b990b24[State = -1, empty queue]] WARN  server.GrpcLogAppender (GrpcLogAppender.java:timeoutAppendRequest(200)) - 92cc866f-2236-4b73-b0be-e1c51e7c2e55@group-85722E6F2626->6955b3b9-1fa4-46c5-a946-8e67bfb83506-GrpcLogAppender: appendEntries Timeout, request=92cc866f-2236-4b73-b0be-e1c51e7c2e55->6955b3b9-1fa4-46c5-a946-8e67bfb83506#54-t1, previous=(t:1, i:16), leaderCommit=10, initializing? false, entries: <empty>
2019-09-18 08:49:16,845 [java.util.concurrent.ThreadPoolExecutor$Worker@e8d937c[State = -1, empty queue]] WARN  server.GrpcLogAppender (GrpcLogAppender.java:timeoutAppendRequest(200)) - 92cc866f-2236-4b73-b0be-e1c51e7c2e55@group-85722E6F2626->07201f0e-3a1c-4c3e-af2c-9eb1e9c35520-GrpcLogAppender: appendEntries Timeout, request=92cc866f-2236-4b73-b0be-e1c51e7c2e55->07201f0e-3a1c-4c3e-af2c-9eb1e9c35520#54-t1, previous=(t:1, i:16), leaderCommit=10, initializing? false, entries: <empty>
2019-09-18 08:49:19,346 [java.util.concurrent.ThreadPoolExecutor$Worker@e8d937c[State = -1, empty queue]] WARN  server.GrpcLogAppender (GrpcLogAppender.java:timeoutAppendRequest(200)) - 92cc866f-2236-4b73-b0be-e1c51e7c2e55@group-85722E6F2626->07201f0e-3a1c-4c3e-af2c-9eb1e9c35520-GrpcLogAppender: appendEntries Timeout, request=92cc866f-2236-4b73-b0be-e1c51e7c2e55->07201f0e-3a1c-4c3e-af2c-9eb1e9c35520#55-t1, previous=(t:1, i:16), leaderCommit=10, initializing? false, entries: <empty>
2019-09-18 08:49:19,346 [java.util.concurrent.ThreadPoolExecutor$Worker@6b990b24[State = -1, empty queue]] WARN  server.GrpcLogAppender (GrpcLogAppender.java:timeoutAppendRequest(200)) - 92cc866f-2236-4b73-b0be-e1c51e7c2e55@group-85722E6F2626->6955b3b9-1fa4-46c5-a946-8e67bfb83506-GrpcLogAppender: appendEntries Timeout, request=92cc866f-2236-4b73-b0be-e1c51e7c2e55->6955b3b9-1fa4-46c5-a946-8e67bfb83506#55-t1, previous=(t:1, i:16), leaderCommit=10, initializing? false, entries: <empty>
2019-09-18 08:49:19,774 [grpc-default-executor-6] INFO  client.GrpcClientProtocolClient (GrpcClientProtocolClient.java:onNext(264)) - client-45043365F4D9->6955b3b9-1fa4-46c5-a946-8e67bfb83506: receive RaftClientReply:client-45043365F4D9->6955b3b9-1fa4-46c5-a946-8e67bfb83506@group-85722E6F2626, cid=64, FAILED org.apache.ratis.protocol.NotLeaderException: Server 6955b3b9-1fa4-46c5-a946-8e67bfb83506@group-85722E6F2626 is not the leader 92cc866f-2236-4b73-b0be-e1c51e7c2e55:192.168.157.246:35640, logIndex=0, commits[6955b3b9-1fa4-46c5-a946-8e67bfb83506:c10, 07201f0e-3a1c-4c3e-af2c-9eb1e9c35520:c8, 92cc866f-2236-4b73-b0be-e1c51e7c2e55:c10]
2019-09-18 08:49:21,846 [java.util.concurrent.ThreadPoolExecutor$Worker@e8d937c[State = -1, empty queue]] WARN  server.GrpcLogAppender (GrpcLogAppender.java:timeoutAppendRequest(200)) - 92cc866f-2236-4b73-b0be-e1c51e7c2e55@group-85722E6F2626->07201f0e-3a1c-4c3e-af2c-9eb1e9c35520-GrpcLogAppender: appendEntries Timeout, request=92cc866f-2236-4b73-b0be-e1c51e7c2e55->07201f0e-3a1c-4c3e-af2c-9eb1e9c35520#56-t1, previous=(t:1, i:16), leaderCommit=10, initializing? false, entries: <empty>
2019-09-18 08:49:21,846 [java.util.concurrent.ThreadPoolExecutor$Worker@6b990b24[State = -1, empty queue]] WARN  server.GrpcLogAppender (GrpcLogAppender.java:timeoutAppendRequest(200)) - 92cc866f-2236-4b73-b0be-e1c51e7c2e55@group-85722E6F2626->6955b3b9-1fa4-46c5-a946-8e67bfb83506-GrpcLogAppender: appendEntries Timeout, request=92cc866f-2236-4b73-b0be-e1c51e7c2e55->6955b3b9-1fa4-46c5-a946-8e67bfb83506#56-t1, previous=(t:1, i:16), leaderCommit=10, initializing? false, entries: <empty>
2019-09-18 08:49:23,817 [6955b3b9-1fa4-46c5-a946-8e67bfb83506@group-85722E6F2626-SegmentedRaftLogWorker] WARN  segmented.SegmentedRaftLogWorker (SegmentedRaftLogWorker.java:getFromFuture(90)) - Timeout 9/~
org.apache.ratis.protocol.TimeoutIOException: Timeout 10s: WriteLog:11: (t:1, i:11), STATEMACHINELOGENTRY, client-45043365F4D9, cid=64-writeStateMachineData
	at org.apache.ratis.util.IOUtils.getFromFuture(IOUtils.java:87)
	at org.apache.ratis.server.raftlog.segmented.SegmentedRaftLogWorker$StateMachineDataPolicy.getFromFuture(SegmentedRaftLogWorker.java:87)
	at org.apache.ratis.server.raftlog.segmented.SegmentedRaftLogWorker$WriteLog.execute(SegmentedRaftLogWorker.java:477)
	at org.apache.ratis.server.raftlog.segmented.SegmentedRaftLogWorker.run(SegmentedRaftLogWorker.java:289)
	at java.lang.Thread.run(Thread.java:748)
Caused by: java.util.concurrent.TimeoutException
	at java.util.concurrent.CompletableFuture.timedGet(CompletableFuture.java:1771)
	at java.util.concurrent.CompletableFuture.get(CompletableFuture.java:1915)
	at org.apache.ratis.util.IOUtils.getFromFuture(IOUtils.java:79)
	... 4 more
2019-09-18 08:49:23,840 [92cc866f-2236-4b73-b0be-e1c51e7c2e55@group-85722E6F2626-SegmentedRaftLogWorker] WARN  segmented.SegmentedRaftLogWorker (SegmentedRaftLogWorker.java:getFromFuture(90)) - Timeout 9/~
org.apache.ratis.protocol.TimeoutIOException: Timeout 10s: WriteLog:11: (t:1, i:11), STATEMACHINELOGENTRY, client-45043365F4D9, cid=64-writeStateMachineData
	at org.apache.ratis.util.IOUtils.getFromFuture(IOUtils.java:87)
	at org.apache.ratis.server.raftlog.segmented.SegmentedRaftLogWorker$StateMachineDataPolicy.getFromFuture(SegmentedRaftLogWorker.java:87)
	at org.apache.ratis.server.raftlog.segmented.SegmentedRaftLogWorker$WriteLog.execute(SegmentedRaftLogWorker.java:477)
	at org.apache.ratis.server.raftlog.segmented.SegmentedRaftLogWorker.run(SegmentedRaftLogWorker.java:289)
	at java.lang.Thread.run(Thread.java:748)
Caused by: java.util.concurrent.TimeoutException
	at java.util.concurrent.CompletableFuture.timedGet(CompletableFuture.java:1771)
	at java.util.concurrent.CompletableFuture.get(CompletableFuture.java:1915)
	at org.apache.ratis.util.IOUtils.getFromFuture(IOUtils.java:79)
	... 4 more
2019-09-18 08:49:24,347 [java.util.concurrent.ThreadPoolExecutor$Worker@6b990b24[State = -1, empty queue]] WARN  server.GrpcLogAppender (GrpcLogAppender.java:timeoutAppendRequest(200)) - 92cc866f-2236-4b73-b0be-e1c51e7c2e55@group-85722E6F2626->6955b3b9-1fa4-46c5-a946-8e67bfb83506-GrpcLogAppender: appendEntries Timeout, request=92cc866f-2236-4b73-b0be-e1c51e7c2e55->6955b3b9-1fa4-46c5-a946-8e67bfb83506#57-t1, previous=(t:1, i:16), leaderCommit=10, initializing? false, entries: <empty>
2019-09-18 08:49:24,347 [java.util.concurrent.ThreadPoolExecutor$Worker@e8d937c[State = -1, empty queue]] WARN  server.GrpcLogAppender (GrpcLogAppender.java:timeoutAppendRequest(200)) - 92cc866f-2236-4b73-b0be-e1c51e7c2e55@group-85722E6F2626->07201f0e-3a1c-4c3e-af2c-9eb1e9c35520-GrpcLogAppender: appendEntries Timeout, request=92cc866f-2236-4b73-b0be-e1c51e7c2e55->07201f0e-3a1c-4c3e-af2c-9eb1e9c35520#57-t1, previous=(t:1, i:16), leaderCommit=10, initializing? false, entries: <empty>
2019-09-18 08:49:24,832 [grpc-default-executor-6] INFO  client.GrpcClientProtocolClient (GrpcClientProtocolClient.java:onNext(264)) - client-45043365F4D9->6955b3b9-1fa4-46c5-a946-8e67bfb83506: receive RaftClientReply:client-45043365F4D9->6955b3b9-1fa4-46c5-a946-8e67bfb83506@group-85722E6F2626, cid=64, FAILED org.apache.ratis.protocol.NotLeaderException: Server 6955b3b9-1fa4-46c5-a946-8e67bfb83506@group-85722E6F2626 is not the leader 92cc866f-2236-4b73-b0be-e1c51e7c2e55:192.168.157.246:35640, logIndex=0, commits[6955b3b9-1fa4-46c5-a946-8e67bfb83506:c10, 07201f0e-3a1c-4c3e-af2c-9eb1e9c35520:c8, 92cc866f-2236-4b73-b0be-e1c51e7c2e55:c10]
2019-09-18 08:49:25,605 [07201f0e-3a1c-4c3e-af2c-9eb1e9c35520@group-85722E6F2626-SegmentedRaftLogWorker] WARN  segmented.SegmentedRaftLogWorker (SegmentedRaftLogWorker.java:getFromFuture(90)) - Timeout 9/~
org.apache.ratis.protocol.TimeoutIOException: Timeout 10s: WriteLog:12: (t:1, i:12), STATEMACHINELOGENTRY, client-45043365F4D9, cid=65-writeStateMachineData
	at org.apache.ratis.util.IOUtils.getFromFuture(IOUtils.java:87)
	at org.apache.ratis.server.raftlog.segmented.SegmentedRaftLogWorker$StateMachineDataPolicy.getFromFuture(SegmentedRaftLogWorker.java:87)
	at org.apache.ratis.server.raftlog.segmented.SegmentedRaftLogWorker$WriteLog.execute(SegmentedRaftLogWorker.java:477)
	at org.apache.ratis.server.raftlog.segmented.SegmentedRaftLogWorker.run(SegmentedRaftLogWorker.java:289)
	at java.lang.Thread.run(Thread.java:748)
Caused by: java.util.concurrent.TimeoutException
	at java.util.concurrent.CompletableFuture.timedGet(CompletableFuture.java:1771)
	at java.util.concurrent.CompletableFuture.get(CompletableFuture.java:1915)
	at org.apache.ratis.util.IOUtils.getFromFuture(IOUtils.java:79)
	... 4 more
2019-09-18 08:49:26,847 [java.util.concurrent.ThreadPoolExecutor$Worker@e8d937c[State = -1, empty queue]] WARN  server.GrpcLogAppender (GrpcLogAppender.java:timeoutAppendRequest(200)) - 92cc866f-2236-4b73-b0be-e1c51e7c2e55@group-85722E6F2626->07201f0e-3a1c-4c3e-af2c-9eb1e9c35520-GrpcLogAppender: appendEntries Timeout, request=92cc866f-2236-4b73-b0be-e1c51e7c2e55->07201f0e-3a1c-4c3e-af2c-9eb1e9c35520#58-t1, previous=(t:1, i:16), leaderCommit=10, initializing? false, entries: <empty>
2019-09-18 08:49:26,847 [java.util.concurrent.ThreadPoolExecutor$Worker@6b990b24[State = -1, empty queue]] WARN  server.GrpcLogAppender (GrpcLogAppender.java:timeoutAppendRequest(200)) - 92cc866f-2236-4b73-b0be-e1c51e7c2e55@group-85722E6F2626->6955b3b9-1fa4-46c5-a946-8e67bfb83506-GrpcLogAppender: appendEntries Timeout, request=92cc866f-2236-4b73-b0be-e1c51e7c2e55->6955b3b9-1fa4-46c5-a946-8e67bfb83506#58-t1, previous=(t:1, i:16), leaderCommit=10, initializing? false, entries: <empty>
2019-09-18 08:49:29,347 [java.util.concurrent.ThreadPoolExecutor$Worker@e8d937c[State = -1, empty queue]] WARN  server.GrpcLogAppender (GrpcLogAppender.java:timeoutAppendRequest(200)) - 92cc866f-2236-4b73-b0be-e1c51e7c2e55@group-85722E6F2626->07201f0e-3a1c-4c3e-af2c-9eb1e9c35520-GrpcLogAppender: appendEntries Timeout, request=92cc866f-2236-4b73-b0be-e1c51e7c2e55->07201f0e-3a1c-4c3e-af2c-9eb1e9c35520#59-t1, previous=(t:1, i:16), leaderCommit=10, initializing? false, entries: <empty>
2019-09-18 08:49:29,347 [java.util.concurrent.ThreadPoolExecutor$Worker@6b990b24[State = -1, empty queue]] WARN  server.GrpcLogAppender (GrpcLogAppender.java:timeoutAppendRequest(200)) - 92cc866f-2236-4b73-b0be-e1c51e7c2e55@group-85722E6F2626->6955b3b9-1fa4-46c5-a946-8e67bfb83506-GrpcLogAppender: appendEntries Timeout, request=92cc866f-2236-4b73-b0be-e1c51e7c2e55->6955b3b9-1fa4-46c5-a946-8e67bfb83506#59-t1, previous=(t:1, i:16), leaderCommit=10, initializing? false, entries: <empty>
2019-09-18 08:49:29,872 [grpc-default-executor-4] INFO  client.GrpcClientProtocolClient (GrpcClientProtocolClient.java:onNext(264)) - client-45043365F4D9->6955b3b9-1fa4-46c5-a946-8e67bfb83506: receive RaftClientReply:client-45043365F4D9->6955b3b9-1fa4-46c5-a946-8e67bfb83506@group-85722E6F2626, cid=64, FAILED org.apache.ratis.protocol.NotLeaderException: Server 6955b3b9-1fa4-46c5-a946-8e67bfb83506@group-85722E6F2626 is not the leader 92cc866f-2236-4b73-b0be-e1c51e7c2e55:192.168.157.246:35640, logIndex=0, commits[6955b3b9-1fa4-46c5-a946-8e67bfb83506:c10, 07201f0e-3a1c-4c3e-af2c-9eb1e9c35520:c8, 92cc866f-2236-4b73-b0be-e1c51e7c2e55:c10]
2019-09-18 08:49:31,848 [java.util.concurrent.ThreadPoolExecutor$Worker@6b990b24[State = -1, empty queue]] WARN  server.GrpcLogAppender (GrpcLogAppender.java:timeoutAppendRequest(200)) - 92cc866f-2236-4b73-b0be-e1c51e7c2e55@group-85722E6F2626->6955b3b9-1fa4-46c5-a946-8e67bfb83506-GrpcLogAppender: appendEntries Timeout, request=92cc866f-2236-4b73-b0be-e1c51e7c2e55->6955b3b9-1fa4-46c5-a946-8e67bfb83506#60-t1, previous=(t:1, i:16), leaderCommit=10, initializing? false, entries: <empty>
2019-09-18 08:49:31,848 [java.util.concurrent.ThreadPoolExecutor$Worker@e8d937c[State = -1, empty queue]] WARN  server.GrpcLogAppender (GrpcLogAppender.java:timeoutAppendRequest(200)) - 92cc866f-2236-4b73-b0be-e1c51e7c2e55@group-85722E6F2626->07201f0e-3a1c-4c3e-af2c-9eb1e9c35520-GrpcLogAppender: appendEntries Timeout, request=92cc866f-2236-4b73-b0be-e1c51e7c2e55->07201f0e-3a1c-4c3e-af2c-9eb1e9c35520#60-t1, previous=(t:1, i:16), leaderCommit=10, initializing? false, entries: <empty>
2019-09-18 08:49:33,818 [6955b3b9-1fa4-46c5-a946-8e67bfb83506@group-85722E6F2626-SegmentedRaftLogWorker] WARN  segmented.SegmentedRaftLogWorker (SegmentedRaftLogWorker.java:getFromFuture(90)) - Timeout 10/~
org.apache.ratis.protocol.TimeoutIOException: Timeout 10s: WriteLog:11: (t:1, i:11), STATEMACHINELOGENTRY, client-45043365F4D9, cid=64-writeStateMachineData
	at org.apache.ratis.util.IOUtils.getFromFuture(IOUtils.java:87)
	at org.apache.ratis.server.raftlog.segmented.SegmentedRaftLogWorker$StateMachineDataPolicy.getFromFuture(SegmentedRaftLogWorker.java:87)
	at org.apache.ratis.server.raftlog.segmented.SegmentedRaftLogWorker$WriteLog.execute(SegmentedRaftLogWorker.java:477)
	at org.apache.ratis.server.raftlog.segmented.SegmentedRaftLogWorker.run(SegmentedRaftLogWorker.java:289)
	at java.lang.Thread.run(Thread.java:748)
Caused by: java.util.concurrent.TimeoutException
	at java.util.concurrent.CompletableFuture.timedGet(CompletableFuture.java:1771)
	at java.util.concurrent.CompletableFuture.get(CompletableFuture.java:1915)
	at org.apache.ratis.util.IOUtils.getFromFuture(IOUtils.java:79)
	... 4 more
2019-09-18 08:49:33,840 [92cc866f-2236-4b73-b0be-e1c51e7c2e55@group-85722E6F2626-SegmentedRaftLogWorker] WARN  segmented.SegmentedRaftLogWorker (SegmentedRaftLogWorker.java:getFromFuture(90)) - Timeout 10/~
org.apache.ratis.protocol.TimeoutIOException: Timeout 10s: WriteLog:11: (t:1, i:11), STATEMACHINELOGENTRY, client-45043365F4D9, cid=64-writeStateMachineData
	at org.apache.ratis.util.IOUtils.getFromFuture(IOUtils.java:87)
	at org.apache.ratis.server.raftlog.segmented.SegmentedRaftLogWorker$StateMachineDataPolicy.getFromFuture(SegmentedRaftLogWorker.java:87)
	at org.apache.ratis.server.raftlog.segmented.SegmentedRaftLogWorker$WriteLog.execute(SegmentedRaftLogWorker.java:477)
	at org.apache.ratis.server.raftlog.segmented.SegmentedRaftLogWorker.run(SegmentedRaftLogWorker.java:289)
	at java.lang.Thread.run(Thread.java:748)
Caused by: java.util.concurrent.TimeoutException
	at java.util.concurrent.CompletableFuture.timedGet(CompletableFuture.java:1771)
	at java.util.concurrent.CompletableFuture.get(CompletableFuture.java:1915)
	at org.apache.ratis.util.IOUtils.getFromFuture(IOUtils.java:79)
	... 4 more
2019-09-18 08:49:34,348 [java.util.concurrent.ThreadPoolExecutor$Worker@e8d937c[State = -1, empty queue]] WARN  server.GrpcLogAppender (GrpcLogAppender.java:timeoutAppendRequest(200)) - 92cc866f-2236-4b73-b0be-e1c51e7c2e55@group-85722E6F2626->07201f0e-3a1c-4c3e-af2c-9eb1e9c35520-GrpcLogAppender: appendEntries Timeout, request=92cc866f-2236-4b73-b0be-e1c51e7c2e55->07201f0e-3a1c-4c3e-af2c-9eb1e9c35520#61-t1, previous=(t:1, i:16), leaderCommit=10, initializing? false, entries: <empty>
2019-09-18 08:49:34,348 [java.util.concurrent.ThreadPoolExecutor$Worker@6b990b24[State = -1, empty queue]] WARN  server.GrpcLogAppender (GrpcLogAppender.java:timeoutAppendRequest(200)) - 92cc866f-2236-4b73-b0be-e1c51e7c2e55@group-85722E6F2626->6955b3b9-1fa4-46c5-a946-8e67bfb83506-GrpcLogAppender: appendEntries Timeout, request=92cc866f-2236-4b73-b0be-e1c51e7c2e55->6955b3b9-1fa4-46c5-a946-8e67bfb83506#61-t1, previous=(t:1, i:16), leaderCommit=10, initializing? false, entries: <empty>
2019-09-18 08:49:34,903 [grpc-default-executor-4] INFO  client.GrpcClientProtocolClient (GrpcClientProtocolClient.java:onNext(264)) - client-45043365F4D9->6955b3b9-1fa4-46c5-a946-8e67bfb83506: receive RaftClientReply:client-45043365F4D9->6955b3b9-1fa4-46c5-a946-8e67bfb83506@group-85722E6F2626, cid=64, FAILED org.apache.ratis.protocol.NotLeaderException: Server 6955b3b9-1fa4-46c5-a946-8e67bfb83506@group-85722E6F2626 is not the leader 92cc866f-2236-4b73-b0be-e1c51e7c2e55:192.168.157.246:35640, logIndex=0, commits[6955b3b9-1fa4-46c5-a946-8e67bfb83506:c10, 07201f0e-3a1c-4c3e-af2c-9eb1e9c35520:c8, 92cc866f-2236-4b73-b0be-e1c51e7c2e55:c10]
2019-09-18 08:49:35,606 [07201f0e-3a1c-4c3e-af2c-9eb1e9c35520@group-85722E6F2626-SegmentedRaftLogWorker] WARN  segmented.SegmentedRaftLogWorker (SegmentedRaftLogWorker.java:getFromFuture(90)) - Timeout 10/~
org.apache.ratis.protocol.TimeoutIOException: Timeout 10s: WriteLog:12: (t:1, i:12), STATEMACHINELOGENTRY, client-45043365F4D9, cid=65-writeStateMachineData
	at org.apache.ratis.util.IOUtils.getFromFuture(IOUtils.java:87)
	at org.apache.ratis.server.raftlog.segmented.SegmentedRaftLogWorker$StateMachineDataPolicy.getFromFuture(SegmentedRaftLogWorker.java:87)
	at org.apache.ratis.server.raftlog.segmented.SegmentedRaftLogWorker$WriteLog.execute(SegmentedRaftLogWorker.java:477)
	at org.apache.ratis.server.raftlog.segmented.SegmentedRaftLogWorker.run(SegmentedRaftLogWorker.java:289)
	at java.lang.Thread.run(Thread.java:748)
Caused by: java.util.concurrent.TimeoutException
	at java.util.concurrent.CompletableFuture.timedGet(CompletableFuture.java:1771)
	at java.util.concurrent.CompletableFuture.get(CompletableFuture.java:1915)
	at org.apache.ratis.util.IOUtils.getFromFuture(IOUtils.java:79)
	... 4 more
2019-09-18 08:49:36,848 [java.util.concurrent.ThreadPoolExecutor$Worker@e8d937c[State = -1, empty queue]] WARN  server.GrpcLogAppender (GrpcLogAppender.java:timeoutAppendRequest(200)) - 92cc866f-2236-4b73-b0be-e1c51e7c2e55@group-85722E6F2626->07201f0e-3a1c-4c3e-af2c-9eb1e9c35520-GrpcLogAppender: appendEntries Timeout, request=92cc866f-2236-4b73-b0be-e1c51e7c2e55->07201f0e-3a1c-4c3e-af2c-9eb1e9c35520#62-t1, previous=(t:1, i:16), leaderCommit=10, initializing? false, entries: <empty>
2019-09-18 08:49:36,848 [java.util.concurrent.ThreadPoolExecutor$Worker@6b990b24[State = -1, empty queue]] WARN  server.GrpcLogAppender (GrpcLogAppender.java:timeoutAppendRequest(200)) - 92cc866f-2236-4b73-b0be-e1c51e7c2e55@group-85722E6F2626->6955b3b9-1fa4-46c5-a946-8e67bfb83506-GrpcLogAppender: appendEntries Timeout, request=92cc866f-2236-4b73-b0be-e1c51e7c2e55->6955b3b9-1fa4-46c5-a946-8e67bfb83506#62-t1, previous=(t:1, i:16), leaderCommit=10, initializing? false, entries: <empty>
2019-09-18 08:49:39,350 [java.util.concurrent.ThreadPoolExecutor$Worker@e8d937c[State = -1, empty queue]] WARN  server.GrpcLogAppender (GrpcLogAppender.java:timeoutAppendRequest(200)) - 92cc866f-2236-4b73-b0be-e1c51e7c2e55@group-85722E6F2626->07201f0e-3a1c-4c3e-af2c-9eb1e9c35520-GrpcLogAppender: appendEntries Timeout, request=92cc866f-2236-4b73-b0be-e1c51e7c2e55->07201f0e-3a1c-4c3e-af2c-9eb1e9c35520#63-t1, previous=(t:1, i:16), leaderCommit=10, initializing? false, entries: <empty>
2019-09-18 08:49:39,350 [java.util.concurrent.ThreadPoolExecutor$Worker@6b990b24[State = -1, empty queue]] WARN  server.GrpcLogAppender (GrpcLogAppender.java:timeoutAppendRequest(200)) - 92cc866f-2236-4b73-b0be-e1c51e7c2e55@group-85722E6F2626->6955b3b9-1fa4-46c5-a946-8e67bfb83506-GrpcLogAppender: appendEntries Timeout, request=92cc866f-2236-4b73-b0be-e1c51e7c2e55->6955b3b9-1fa4-46c5-a946-8e67bfb83506#63-t1, previous=(t:1, i:16), leaderCommit=10, initializing? false, entries: <empty>
2019-09-18 08:49:39,973 [grpc-default-executor-6] INFO  client.GrpcClientProtocolClient (GrpcClientProtocolClient.java:onNext(264)) - client-45043365F4D9->6955b3b9-1fa4-46c5-a946-8e67bfb83506: receive RaftClientReply:client-45043365F4D9->6955b3b9-1fa4-46c5-a946-8e67bfb83506@group-85722E6F2626, cid=64, FAILED org.apache.ratis.protocol.NotLeaderException: Server 6955b3b9-1fa4-46c5-a946-8e67bfb83506@group-85722E6F2626 is not the leader 92cc866f-2236-4b73-b0be-e1c51e7c2e55:192.168.157.246:35640, logIndex=0, commits[6955b3b9-1fa4-46c5-a946-8e67bfb83506:c10, 07201f0e-3a1c-4c3e-af2c-9eb1e9c35520:c8, 92cc866f-2236-4b73-b0be-e1c51e7c2e55:c10]
2019-09-18 08:49:41,851 [java.util.concurrent.ThreadPoolExecutor$Worker@e8d937c[State = -1, empty queue]] WARN  server.GrpcLogAppender (GrpcLogAppender.java:timeoutAppendRequest(200)) - 92cc866f-2236-4b73-b0be-e1c51e7c2e55@group-85722E6F2626->07201f0e-3a1c-4c3e-af2c-9eb1e9c35520-GrpcLogAppender: appendEntries Timeout, request=92cc866f-2236-4b73-b0be-e1c51e7c2e55->07201f0e-3a1c-4c3e-af2c-9eb1e9c35520#64-t1, previous=(t:1, i:16), leaderCommit=10, initializing? false, entries: <empty>
2019-09-18 08:49:41,851 [java.util.concurrent.ThreadPoolExecutor$Worker@6b990b24[State = -1, empty queue]] WARN  server.GrpcLogAppender (GrpcLogAppender.java:timeoutAppendRequest(200)) - 92cc866f-2236-4b73-b0be-e1c51e7c2e55@group-85722E6F2626->6955b3b9-1fa4-46c5-a946-8e67bfb83506-GrpcLogAppender: appendEntries Timeout, request=92cc866f-2236-4b73-b0be-e1c51e7c2e55->6955b3b9-1fa4-46c5-a946-8e67bfb83506#64-t1, previous=(t:1, i:16), leaderCommit=10, initializing? false, entries: <empty>
2019-09-18 08:49:43,819 [6955b3b9-1fa4-46c5-a946-8e67bfb83506@group-85722E6F2626-SegmentedRaftLogWorker] WARN  segmented.SegmentedRaftLogWorker (SegmentedRaftLogWorker.java:getFromFuture(90)) - Timeout 11/~
org.apache.ratis.protocol.TimeoutIOException: Timeout 10s: WriteLog:11: (t:1, i:11), STATEMACHINELOGENTRY, client-45043365F4D9, cid=64-writeStateMachineData
	at org.apache.ratis.util.IOUtils.getFromFuture(IOUtils.java:87)
	at org.apache.ratis.server.raftlog.segmented.SegmentedRaftLogWorker$StateMachineDataPolicy.getFromFuture(SegmentedRaftLogWorker.java:87)
	at org.apache.ratis.server.raftlog.segmented.SegmentedRaftLogWorker$WriteLog.execute(SegmentedRaftLogWorker.java:477)
	at org.apache.ratis.server.raftlog.segmented.SegmentedRaftLogWorker.run(SegmentedRaftLogWorker.java:289)
	at java.lang.Thread.run(Thread.java:748)
Caused by: java.util.concurrent.TimeoutException
	at java.util.concurrent.CompletableFuture.timedGet(CompletableFuture.java:1771)
	at java.util.concurrent.CompletableFuture.get(CompletableFuture.java:1915)
	at org.apache.ratis.util.IOUtils.getFromFuture(IOUtils.java:79)
	... 4 more
2019-09-18 08:49:43,841 [92cc866f-2236-4b73-b0be-e1c51e7c2e55@group-85722E6F2626-SegmentedRaftLogWorker] WARN  segmented.SegmentedRaftLogWorker (SegmentedRaftLogWorker.java:getFromFuture(90)) - Timeout 11/~
org.apache.ratis.protocol.TimeoutIOException: Timeout 10s: WriteLog:11: (t:1, i:11), STATEMACHINELOGENTRY, client-45043365F4D9, cid=64-writeStateMachineData
	at org.apache.ratis.util.IOUtils.getFromFuture(IOUtils.java:87)
	at org.apache.ratis.server.raftlog.segmented.SegmentedRaftLogWorker$StateMachineDataPolicy.getFromFuture(SegmentedRaftLogWorker.java:87)
	at org.apache.ratis.server.raftlog.segmented.SegmentedRaftLogWorker$WriteLog.execute(SegmentedRaftLogWorker.java:477)
	at org.apache.ratis.server.raftlog.segmented.SegmentedRaftLogWorker.run(SegmentedRaftLogWorker.java:289)
	at java.lang.Thread.run(Thread.java:748)
Caused by: java.util.concurrent.TimeoutException
	at java.util.concurrent.CompletableFuture.timedGet(CompletableFuture.java:1771)
	at java.util.concurrent.CompletableFuture.get(CompletableFuture.java:1915)
	at org.apache.ratis.util.IOUtils.getFromFuture(IOUtils.java:79)
	... 4 more
2019-09-18 08:49:43,852 [org.apache.ratis.server.impl.LogAppender$AppenderDaemon$$Lambda$505/1942826489@541c59a0] ERROR ratis.XceiverServerRatis (XceiverServerRatis.java:triggerPipelineClose(575)) - pipeline Action CLOSE  on pipeline PipelineID=2bfa63fb-76fd-4f8a-9c4c-85722e6f2626.Reason : 92cc866f-2236-4b73-b0be-e1c51e7c2e55 has not seen follower/s 6955b3b9-1fa4-46c5-a946-8e67bfb83506 for 121145ms 07201f0e-3a1c-4c3e-af2c-9eb1e9c35520 for 121145ms
2019-09-18 08:49:43,852 [org.apache.ratis.server.impl.LogAppender$AppenderDaemon$$Lambda$505/1942826489@7aa047b2] ERROR ratis.XceiverServerRatis (XceiverServerRatis.java:triggerPipelineClose(575)) - pipeline Action CLOSE  on pipeline PipelineID=2bfa63fb-76fd-4f8a-9c4c-85722e6f2626.Reason : 92cc866f-2236-4b73-b0be-e1c51e7c2e55 has not seen follower/s 6955b3b9-1fa4-46c5-a946-8e67bfb83506 for 121145ms 07201f0e-3a1c-4c3e-af2c-9eb1e9c35520 for 121145ms
2019-09-18 08:49:44,351 [java.util.concurrent.ThreadPoolExecutor$Worker@6b990b24[State = -1, empty queue]] WARN  server.GrpcLogAppender (GrpcLogAppender.java:timeoutAppendRequest(200)) - 92cc866f-2236-4b73-b0be-e1c51e7c2e55@group-85722E6F2626->6955b3b9-1fa4-46c5-a946-8e67bfb83506-GrpcLogAppender: appendEntries Timeout, request=92cc866f-2236-4b73-b0be-e1c51e7c2e55->6955b3b9-1fa4-46c5-a946-8e67bfb83506#65-t1, previous=(t:1, i:16), leaderCommit=10, initializing? false, entries: <empty>
2019-09-18 08:49:44,351 [java.util.concurrent.ThreadPoolExecutor$Worker@e8d937c[State = -1, empty queue]] WARN  server.GrpcLogAppender (GrpcLogAppender.java:timeoutAppendRequest(200)) - 92cc866f-2236-4b73-b0be-e1c51e7c2e55@group-85722E6F2626->07201f0e-3a1c-4c3e-af2c-9eb1e9c35520-GrpcLogAppender: appendEntries Timeout, request=92cc866f-2236-4b73-b0be-e1c51e7c2e55->07201f0e-3a1c-4c3e-af2c-9eb1e9c35520#65-t1, previous=(t:1, i:16), leaderCommit=10, initializing? false, entries: <empty>
2019-09-18 08:49:44,650 [EventQueue-PipelineActionsForPipelineActionHandler] ERROR pipeline.PipelineActionHandler (PipelineActionHandler.java:onMessage(60)) - Received pipeline action CLOSE for Pipeline[ Id: 2bfa63fb-76fd-4f8a-9c4c-85722e6f2626, Nodes: 07201f0e-3a1c-4c3e-af2c-9eb1e9c35520{ip: 192.168.157.246, host: pr-hdds-2137-trunk-xplkb-1906903878, networkLocation: /default-rack, certSerialId: null}6955b3b9-1fa4-46c5-a946-8e67bfb83506{ip: 192.168.157.246, host: pr-hdds-2137-trunk-xplkb-1906903878, networkLocation: /default-rack, certSerialId: null}92cc866f-2236-4b73-b0be-e1c51e7c2e55{ip: 192.168.157.246, host: pr-hdds-2137-trunk-xplkb-1906903878, networkLocation: /default-rack, certSerialId: null}, Type:RATIS, Factor:THREE, State:OPEN] from datanode 92cc866f-2236-4b73-b0be-e1c51e7c2e55{ip: 192.168.157.246, host: pr-hdds-2137-trunk-xplkb-1906903878, networkLocation: /default-rack, certSerialId: null}. Reason : 92cc866f-2236-4b73-b0be-e1c51e7c2e55 has not seen follower/s 6955b3b9-1fa4-46c5-a946-8e67bfb83506 for 121145ms 07201f0e-3a1c-4c3e-af2c-9eb1e9c35520 for 121145ms
2019-09-18 08:49:44,651 [EventQueue-PipelineActionsForPipelineActionHandler] INFO  pipeline.SCMPipelineManager (SCMPipelineManager.java:finalizeAndDestroyPipeline(311)) - destroying pipeline:Pipeline[ Id: 2bfa63fb-76fd-4f8a-9c4c-85722e6f2626, Nodes: 07201f0e-3a1c-4c3e-af2c-9eb1e9c35520{ip: 192.168.157.246, host: pr-hdds-2137-trunk-xplkb-1906903878, networkLocation: /default-rack, certSerialId: null}6955b3b9-1fa4-46c5-a946-8e67bfb83506{ip: 192.168.157.246, host: pr-hdds-2137-trunk-xplkb-1906903878, networkLocation: /default-rack, certSerialId: null}92cc866f-2236-4b73-b0be-e1c51e7c2e55{ip: 192.168.157.246, host: pr-hdds-2137-trunk-xplkb-1906903878, networkLocation: /default-rack, certSerialId: null}, Type:RATIS, Factor:THREE, State:OPEN]
2019-09-18 08:49:44,651 [EventQueue-PipelineActionsForPipelineActionHandler] INFO  pipeline.PipelineStateManager (PipelineStateManager.java:finalizePipeline(123)) - Pipeline Pipeline[ Id: 2bfa63fb-76fd-4f8a-9c4c-85722e6f2626, Nodes: 07201f0e-3a1c-4c3e-af2c-9eb1e9c35520{ip: 192.168.157.246, host: pr-hdds-2137-trunk-xplkb-1906903878, networkLocation: /default-rack, certSerialId: null}6955b3b9-1fa4-46c5-a946-8e67bfb83506{ip: 192.168.157.246, host: pr-hdds-2137-trunk-xplkb-1906903878, networkLocation: /default-rack, certSerialId: null}92cc866f-2236-4b73-b0be-e1c51e7c2e55{ip: 192.168.157.246, host: pr-hdds-2137-trunk-xplkb-1906903878, networkLocation: /default-rack, certSerialId: null}, Type:RATIS, Factor:THREE, State:CLOSED] moved to CLOSED state
2019-09-18 08:49:44,652 [EventQueue-CloseContainerForCloseContainerEventHandler] INFO  container.CloseContainerEventHandler (CloseContainerEventHandler.java:onMessage(61)) - Close container Event triggered for container : #4
2019-09-18 08:49:44,653 [EventQueue-CloseContainerForCloseContainerEventHandler] INFO  container.CloseContainerEventHandler (CloseContainerEventHandler.java:onMessage(61)) - Close container Event triggered for container : #6
2019-09-18 08:49:44,653 [EventQueue-CloseContainerForCloseContainerEventHandler] INFO  container.CloseContainerEventHandler (CloseContainerEventHandler.java:onMessage(61)) - Close container Event triggered for container : #7
2019-09-18 08:49:45,040 [grpc-default-executor-4] INFO  client.GrpcClientProtocolClient (GrpcClientProtocolClient.java:onNext(264)) - client-45043365F4D9->07201f0e-3a1c-4c3e-af2c-9eb1e9c35520: receive RaftClientReply:client-45043365F4D9->07201f0e-3a1c-4c3e-af2c-9eb1e9c35520@group-85722E6F2626, cid=64, FAILED org.apache.ratis.protocol.NotLeaderException: Server 07201f0e-3a1c-4c3e-af2c-9eb1e9c35520@group-85722E6F2626 is not the leader 92cc866f-2236-4b73-b0be-e1c51e7c2e55:192.168.157.246:35640, logIndex=0, commits[07201f0e-3a1c-4c3e-af2c-9eb1e9c35520:c10, 6955b3b9-1fa4-46c5-a946-8e67bfb83506:c8, 92cc866f-2236-4b73-b0be-e1c51e7c2e55:c10]
2019-09-18 08:49:45,608 [07201f0e-3a1c-4c3e-af2c-9eb1e9c35520@group-85722E6F2626-SegmentedRaftLogWorker] WARN  segmented.SegmentedRaftLogWorker (SegmentedRaftLogWorker.java:getFromFuture(90)) - Timeout 11/~
org.apache.ratis.protocol.TimeoutIOException: Timeout 10s: WriteLog:12: (t:1, i:12), STATEMACHINELOGENTRY, client-45043365F4D9, cid=65-writeStateMachineData
	at org.apache.ratis.util.IOUtils.getFromFuture(IOUtils.java:87)
	at org.apache.ratis.server.raftlog.segmented.SegmentedRaftLogWorker$StateMachineDataPolicy.getFromFuture(SegmentedRaftLogWorker.java:87)
	at org.apache.ratis.server.raftlog.segmented.SegmentedRaftLogWorker$WriteLog.execute(SegmentedRaftLogWorker.java:477)
	at org.apache.ratis.server.raftlog.segmented.SegmentedRaftLogWorker.run(SegmentedRaftLogWorker.java:289)
	at java.lang.Thread.run(Thread.java:748)
Caused by: java.util.concurrent.TimeoutException
	at java.util.concurrent.CompletableFuture.timedGet(CompletableFuture.java:1771)
	at java.util.concurrent.CompletableFuture.get(CompletableFuture.java:1915)
	at org.apache.ratis.util.IOUtils.getFromFuture(IOUtils.java:79)
	... 4 more
2019-09-18 08:49:46,354 [org.apache.ratis.server.impl.LogAppender$AppenderDaemon$$Lambda$505/1942826489@7aa047b2] ERROR ratis.XceiverServerRatis (XceiverServerRatis.java:triggerPipelineClose(575)) - pipeline Action CLOSE  on pipeline PipelineID=2bfa63fb-76fd-4f8a-9c4c-85722e6f2626.Reason : 92cc866f-2236-4b73-b0be-e1c51e7c2e55 has not seen follower/s 6955b3b9-1fa4-46c5-a946-8e67bfb83506 for 123647ms 07201f0e-3a1c-4c3e-af2c-9eb1e9c35520 for 123647ms
2019-09-18 08:49:46,354 [org.apache.ratis.server.impl.LogAppender$AppenderDaemon$$Lambda$505/1942826489@541c59a0] ERROR ratis.XceiverServerRatis (XceiverServerRatis.java:triggerPipelineClose(575)) - pipeline Action CLOSE  on pipeline PipelineID=2bfa63fb-76fd-4f8a-9c4c-85722e6f2626.Reason : 92cc866f-2236-4b73-b0be-e1c51e7c2e55 has not seen follower/s 6955b3b9-1fa4-46c5-a946-8e67bfb83506 for 123647ms 07201f0e-3a1c-4c3e-af2c-9eb1e9c35520 for 123647ms
2019-09-18 08:49:46,650 [EventQueue-PipelineActionsForPipelineActionHandler] ERROR pipeline.PipelineActionHandler (PipelineActionHandler.java:onMessage(60)) - Received pipeline action CLOSE for Pipeline[ Id: 2bfa63fb-76fd-4f8a-9c4c-85722e6f2626, Nodes: 07201f0e-3a1c-4c3e-af2c-9eb1e9c35520{ip: 192.168.157.246, host: pr-hdds-2137-trunk-xplkb-1906903878, networkLocation: /default-rack, certSerialId: null}6955b3b9-1fa4-46c5-a946-8e67bfb83506{ip: 192.168.157.246, host: pr-hdds-2137-trunk-xplkb-1906903878, networkLocation: /default-rack, certSerialId: null}92cc866f-2236-4b73-b0be-e1c51e7c2e55{ip: 192.168.157.246, host: pr-hdds-2137-trunk-xplkb-1906903878, networkLocation: /default-rack, certSerialId: null}, Type:RATIS, Factor:THREE, State:CLOSED] from datanode 92cc866f-2236-4b73-b0be-e1c51e7c2e55{ip: 192.168.157.246, host: pr-hdds-2137-trunk-xplkb-1906903878, networkLocation: /default-rack, certSerialId: null}. Reason : 92cc866f-2236-4b73-b0be-e1c51e7c2e55 has not seen follower/s 6955b3b9-1fa4-46c5-a946-8e67bfb83506 for 123647ms 07201f0e-3a1c-4c3e-af2c-9eb1e9c35520 for 123647ms
2019-09-18 08:49:46,651 [EventQueue-PipelineActionsForPipelineActionHandler] INFO  pipeline.SCMPipelineManager (SCMPipelineManager.java:finalizeAndDestroyPipeline(311)) - destroying pipeline:Pipeline[ Id: 2bfa63fb-76fd-4f8a-9c4c-85722e6f2626, Nodes: 07201f0e-3a1c-4c3e-af2c-9eb1e9c35520{ip: 192.168.157.246, host: pr-hdds-2137-trunk-xplkb-1906903878, networkLocation: /default-rack, certSerialId: null}6955b3b9-1fa4-46c5-a946-8e67bfb83506{ip: 192.168.157.246, host: pr-hdds-2137-trunk-xplkb-1906903878, networkLocation: /default-rack, certSerialId: null}92cc866f-2236-4b73-b0be-e1c51e7c2e55{ip: 192.168.157.246, host: pr-hdds-2137-trunk-xplkb-1906903878, networkLocation: /default-rack, certSerialId: null}, Type:RATIS, Factor:THREE, State:CLOSED]
2019-09-18 08:49:46,852 [java.util.concurrent.ThreadPoolExecutor$Worker@6b990b24[State = -1, empty queue]] WARN  server.GrpcLogAppender (GrpcLogAppender.java:timeoutAppendRequest(200)) - 92cc866f-2236-4b73-b0be-e1c51e7c2e55@group-85722E6F2626->6955b3b9-1fa4-46c5-a946-8e67bfb83506-GrpcLogAppender: appendEntries Timeout, request=92cc866f-2236-4b73-b0be-e1c51e7c2e55->6955b3b9-1fa4-46c5-a946-8e67bfb83506#66-t1, previous=(t:1, i:16), leaderCommit=10, initializing? false, entries: <empty>
2019-09-18 08:49:46,852 [java.util.concurrent.ThreadPoolExecutor$Worker@e8d937c[State = -1, empty queue]] WARN  server.GrpcLogAppender (GrpcLogAppender.java:timeoutAppendRequest(200)) - 92cc866f-2236-4b73-b0be-e1c51e7c2e55@group-85722E6F2626->07201f0e-3a1c-4c3e-af2c-9eb1e9c35520-GrpcLogAppender: appendEntries Timeout, request=92cc866f-2236-4b73-b0be-e1c51e7c2e55->07201f0e-3a1c-4c3e-af2c-9eb1e9c35520#66-t1, previous=(t:1, i:16), leaderCommit=10, initializing? false, entries: <empty>
2019-09-18 08:49:47,666 [org.apache.ratis.server.impl.LogAppender$AppenderDaemon$$Lambda$505/1942826489@7aa047b2] ERROR ratis.XceiverServerRatis (XceiverServerRatis.java:triggerPipelineClose(575)) - pipeline Action CLOSE  on pipeline PipelineID=2bfa63fb-76fd-4f8a-9c4c-85722e6f2626.Reason : 92cc866f-2236-4b73-b0be-e1c51e7c2e55 has not seen follower/s 6955b3b9-1fa4-46c5-a946-8e67bfb83506 for 124960ms 07201f0e-3a1c-4c3e-af2c-9eb1e9c35520 for 124959ms
2019-09-18 08:49:47,666 [org.apache.ratis.server.impl.LogAppender$AppenderDaemon$$Lambda$505/1942826489@541c59a0] ERROR ratis.XceiverServerRatis (XceiverServerRatis.java:triggerPipelineClose(575)) - pipeline Action CLOSE  on pipeline PipelineID=2bfa63fb-76fd-4f8a-9c4c-85722e6f2626.Reason : 92cc866f-2236-4b73-b0be-e1c51e7c2e55 has not seen follower/s 6955b3b9-1fa4-46c5-a946-8e67bfb83506 for 124960ms 07201f0e-3a1c-4c3e-af2c-9eb1e9c35520 for 124959ms
2019-09-18 08:49:48,666 [EventQueue-PipelineActionsForPipelineActionHandler] ERROR pipeline.PipelineActionHandler (PipelineActionHandler.java:onMessage(60)) - Received pipeline action CLOSE for Pipeline[ Id: 2bfa63fb-76fd-4f8a-9c4c-85722e6f2626, Nodes: 07201f0e-3a1c-4c3e-af2c-9eb1e9c35520{ip: 192.168.157.246, host: pr-hdds-2137-trunk-xplkb-1906903878, networkLocation: /default-rack, certSerialId: null}6955b3b9-1fa4-46c5-a946-8e67bfb83506{ip: 192.168.157.246, host: pr-hdds-2137-trunk-xplkb-1906903878, networkLocation: /default-rack, certSerialId: null}92cc866f-2236-4b73-b0be-e1c51e7c2e55{ip: 192.168.157.246, host: pr-hdds-2137-trunk-xplkb-1906903878, networkLocation: /default-rack, certSerialId: null}, Type:RATIS, Factor:THREE, State:CLOSED] from datanode 92cc866f-2236-4b73-b0be-e1c51e7c2e55{ip: 192.168.157.246, host: pr-hdds-2137-trunk-xplkb-1906903878, networkLocation: /default-rack, certSerialId: null}. Reason : 92cc866f-2236-4b73-b0be-e1c51e7c2e55 has not seen follower/s 6955b3b9-1fa4-46c5-a946-8e67bfb83506 for 124960ms 07201f0e-3a1c-4c3e-af2c-9eb1e9c35520 for 124959ms
2019-09-18 08:49:48,667 [EventQueue-PipelineActionsForPipelineActionHandler] INFO  pipeline.SCMPipelineManager (SCMPipelineManager.java:finalizeAndDestroyPipeline(311)) - destroying pipeline:Pipeline[ Id: 2bfa63fb-76fd-4f8a-9c4c-85722e6f2626, Nodes: 07201f0e-3a1c-4c3e-af2c-9eb1e9c35520{ip: 192.168.157.246, host: pr-hdds-2137-trunk-xplkb-1906903878, networkLocation: /default-rack, certSerialId: null}6955b3b9-1fa4-46c5-a946-8e67bfb83506{ip: 192.168.157.246, host: pr-hdds-2137-trunk-xplkb-1906903878, networkLocation: /default-rack, certSerialId: null}92cc866f-2236-4b73-b0be-e1c51e7c2e55{ip: 192.168.157.246, host: pr-hdds-2137-trunk-xplkb-1906903878, networkLocation: /default-rack, certSerialId: null}, Type:RATIS, Factor:THREE, State:CLOSED]
2019-09-18 08:49:49,354 [java.util.concurrent.ThreadPoolExecutor$Worker@6b990b24[State = -1, empty queue]] WARN  server.GrpcLogAppender (GrpcLogAppender.java:timeoutAppendRequest(200)) - 92cc866f-2236-4b73-b0be-e1c51e7c2e55@group-85722E6F2626->6955b3b9-1fa4-46c5-a946-8e67bfb83506-GrpcLogAppender: appendEntries Timeout, request=92cc866f-2236-4b73-b0be-e1c51e7c2e55->6955b3b9-1fa4-46c5-a946-8e67bfb83506#67-t1, previous=(t:1, i:16), leaderCommit=10, initializing? false, entries: <empty>
2019-09-18 08:49:49,354 [java.util.concurrent.ThreadPoolExecutor$Worker@e8d937c[State = -1, empty queue]] WARN  server.GrpcLogAppender (GrpcLogAppender.java:timeoutAppendRequest(200)) - 92cc866f-2236-4b73-b0be-e1c51e7c2e55@group-85722E6F2626->07201f0e-3a1c-4c3e-af2c-9eb1e9c35520-GrpcLogAppender: appendEntries Timeout, request=92cc866f-2236-4b73-b0be-e1c51e7c2e55->07201f0e-3a1c-4c3e-af2c-9eb1e9c35520#67-t1, previous=(t:1, i:16), leaderCommit=10, initializing? false, entries: <empty>
2019-09-18 08:49:50,107 [grpc-default-executor-4] INFO  client.GrpcClientProtocolClient (GrpcClientProtocolClient.java:onNext(264)) - client-45043365F4D9->6955b3b9-1fa4-46c5-a946-8e67bfb83506: receive RaftClientReply:client-45043365F4D9->6955b3b9-1fa4-46c5-a946-8e67bfb83506@group-85722E6F2626, cid=64, FAILED org.apache.ratis.protocol.NotLeaderException: Server 6955b3b9-1fa4-46c5-a946-8e67bfb83506@group-85722E6F2626 is not the leader 92cc866f-2236-4b73-b0be-e1c51e7c2e55:192.168.157.246:35640, logIndex=0, commits[6955b3b9-1fa4-46c5-a946-8e67bfb83506:c10, 07201f0e-3a1c-4c3e-af2c-9eb1e9c35520:c8, 92cc866f-2236-4b73-b0be-e1c51e7c2e55:c10]
2019-09-18 08:49:50,168 [org.apache.ratis.server.impl.LogAppender$AppenderDaemon$$Lambda$505/1942826489@541c59a0] ERROR ratis.XceiverServerRatis (XceiverServerRatis.java:triggerPipelineClose(575)) - pipeline Action CLOSE  on pipeline PipelineID=2bfa63fb-76fd-4f8a-9c4c-85722e6f2626.Reason : 92cc866f-2236-4b73-b0be-e1c51e7c2e55 has not seen follower/s 6955b3b9-1fa4-46c5-a946-8e67bfb83506 for 127461ms 07201f0e-3a1c-4c3e-af2c-9eb1e9c35520 for 127460ms
2019-09-18 08:49:50,168 [org.apache.ratis.server.impl.LogAppender$AppenderDaemon$$Lambda$505/1942826489@7aa047b2] ERROR ratis.XceiverServerRatis (XceiverServerRatis.java:triggerPipelineClose(575)) - pipeline Action CLOSE  on pipeline PipelineID=2bfa63fb-76fd-4f8a-9c4c-85722e6f2626.Reason : 92cc866f-2236-4b73-b0be-e1c51e7c2e55 has not seen follower/s 6955b3b9-1fa4-46c5-a946-8e67bfb83506 for 127461ms 07201f0e-3a1c-4c3e-af2c-9eb1e9c35520 for 127460ms
2019-09-18 08:49:50,666 [EventQueue-PipelineActionsForPipelineActionHandler] ERROR pipeline.PipelineActionHandler (PipelineActionHandler.java:onMessage(60)) - Received pipeline action CLOSE for Pipeline[ Id: 2bfa63fb-76fd-4f8a-9c4c-85722e6f2626, Nodes: 07201f0e-3a1c-4c3e-af2c-9eb1e9c35520{ip: 192.168.157.246, host: pr-hdds-2137-trunk-xplkb-1906903878, networkLocation: /default-rack, certSerialId: null}6955b3b9-1fa4-46c5-a946-8e67bfb83506{ip: 192.168.157.246, host: pr-hdds-2137-trunk-xplkb-1906903878, networkLocation: /default-rack, certSerialId: null}92cc866f-2236-4b73-b0be-e1c51e7c2e55{ip: 192.168.157.246, host: pr-hdds-2137-trunk-xplkb-1906903878, networkLocation: /default-rack, certSerialId: null}, Type:RATIS, Factor:THREE, State:CLOSED] from datanode 92cc866f-2236-4b73-b0be-e1c51e7c2e55{ip: 192.168.157.246, host: pr-hdds-2137-trunk-xplkb-1906903878, networkLocation: /default-rack, certSerialId: null}. Reason : 92cc866f-2236-4b73-b0be-e1c51e7c2e55 has not seen follower/s 6955b3b9-1fa4-46c5-a946-8e67bfb83506 for 127461ms 07201f0e-3a1c-4c3e-af2c-9eb1e9c35520 for 127460ms
2019-09-18 08:49:50,666 [java.util.concurrent.ThreadPoolExecutor$Worker@e8d937c[State = -1, empty queue]] WARN  server.GrpcLogAppender (GrpcLogAppender.java:timeoutAppendRequest(200)) - 92cc866f-2236-4b73-b0be-e1c51e7c2e55@group-85722E6F2626->07201f0e-3a1c-4c3e-af2c-9eb1e9c35520-GrpcLogAppender: appendEntries Timeout, request=92cc866f-2236-4b73-b0be-e1c51e7c2e55->07201f0e-3a1c-4c3e-af2c-9eb1e9c35520#68-t1, previous=(t:1, i:16), leaderCommit=10, initializing? false, entries: size=1, first=(t:1, i:17), STATEMACHINELOGENTRY, client-4BECEC19489F, cid=10
2019-09-18 08:49:50,667 [java.util.concurrent.ThreadPoolExecutor$Worker@6b990b24[State = -1, empty queue]] WARN  server.GrpcLogAppender (GrpcLogAppender.java:timeoutAppendRequest(200)) - 92cc866f-2236-4b73-b0be-e1c51e7c2e55@group-85722E6F2626->6955b3b9-1fa4-46c5-a946-8e67bfb83506-GrpcLogAppender: appendEntries Timeout, request=92cc866f-2236-4b73-b0be-e1c51e7c2e55->6955b3b9-1fa4-46c5-a946-8e67bfb83506#68-t1, previous=(t:1, i:16), leaderCommit=10, initializing? false, entries: size=1, first=(t:1, i:17), STATEMACHINELOGENTRY, client-4BECEC19489F, cid=10
2019-09-18 08:49:50,666 [EventQueue-PipelineActionsForPipelineActionHandler] INFO  pipeline.SCMPipelineManager (SCMPipelineManager.java:finalizeAndDestroyPipeline(311)) - destroying pipeline:Pipeline[ Id: 2bfa63fb-76fd-4f8a-9c4c-85722e6f2626, Nodes: 07201f0e-3a1c-4c3e-af2c-9eb1e9c35520{ip: 192.168.157.246, host: pr-hdds-2137-trunk-xplkb-1906903878, networkLocation: /default-rack, certSerialId: null}6955b3b9-1fa4-46c5-a946-8e67bfb83506{ip: 192.168.157.246, host: pr-hdds-2137-trunk-xplkb-1906903878, networkLocation: /default-rack, certSerialId: null}92cc866f-2236-4b73-b0be-e1c51e7c2e55{ip: 192.168.157.246, host: pr-hdds-2137-trunk-xplkb-1906903878, networkLocation: /default-rack, certSerialId: null}, Type:RATIS, Factor:THREE, State:CLOSED]
2019-09-18 08:49:52,670 [org.apache.ratis.server.impl.LogAppender$AppenderDaemon$$Lambda$505/1942826489@7aa047b2] ERROR ratis.XceiverServerRatis (XceiverServerRatis.java:triggerPipelineClose(575)) - pipeline Action CLOSE  on pipeline PipelineID=2bfa63fb-76fd-4f8a-9c4c-85722e6f2626.Reason : 92cc866f-2236-4b73-b0be-e1c51e7c2e55 has not seen follower/s 6955b3b9-1fa4-46c5-a946-8e67bfb83506 for 129963ms 07201f0e-3a1c-4c3e-af2c-9eb1e9c35520 for 129963ms
2019-09-18 08:49:52,670 [org.apache.ratis.server.impl.LogAppender$AppenderDaemon$$Lambda$505/1942826489@541c59a0] ERROR ratis.XceiverServerRatis (XceiverServerRatis.java:triggerPipelineClose(575)) - pipeline Action CLOSE  on pipeline PipelineID=2bfa63fb-76fd-4f8a-9c4c-85722e6f2626.Reason : 92cc866f-2236-4b73-b0be-e1c51e7c2e55 has not seen follower/s 6955b3b9-1fa4-46c5-a946-8e67bfb83506 for 129963ms 07201f0e-3a1c-4c3e-af2c-9eb1e9c35520 for 129963ms
2019-09-18 08:49:53,168 [java.util.concurrent.ThreadPoolExecutor$Worker@e8d937c[State = -1, empty queue]] WARN  server.GrpcLogAppender (GrpcLogAppender.java:timeoutAppendRequest(200)) - 92cc866f-2236-4b73-b0be-e1c51e7c2e55@group-85722E6F2626->07201f0e-3a1c-4c3e-af2c-9eb1e9c35520-GrpcLogAppender: appendEntries Timeout, request=92cc866f-2236-4b73-b0be-e1c51e7c2e55->07201f0e-3a1c-4c3e-af2c-9eb1e9c35520#69-t1, previous=(t:1, i:17), leaderCommit=10, initializing? false, entries: <empty>
2019-09-18 08:49:53,168 [java.util.concurrent.ThreadPoolExecutor$Worker@6b990b24[State = -1, empty queue]] WARN  server.GrpcLogAppender (GrpcLogAppender.java:timeoutAppendRequest(200)) - 92cc866f-2236-4b73-b0be-e1c51e7c2e55@group-85722E6F2626->6955b3b9-1fa4-46c5-a946-8e67bfb83506-GrpcLogAppender: appendEntries Timeout, request=92cc866f-2236-4b73-b0be-e1c51e7c2e55->6955b3b9-1fa4-46c5-a946-8e67bfb83506#69-t1, previous=(t:1, i:17), leaderCommit=10, initializing? false, entries: <empty>
2019-09-18 08:49:53,668 [EventQueue-PipelineActionsForPipelineActionHandler] ERROR pipeline.PipelineActionHandler (PipelineActionHandler.java:onMessage(60)) - Received pipeline action CLOSE for Pipeline[ Id: 2bfa63fb-76fd-4f8a-9c4c-85722e6f2626, Nodes: 07201f0e-3a1c-4c3e-af2c-9eb1e9c35520{ip: 192.168.157.246, host: pr-hdds-2137-trunk-xplkb-1906903878, networkLocation: /default-rack, certSerialId: null}6955b3b9-1fa4-46c5-a946-8e67bfb83506{ip: 192.168.157.246, host: pr-hdds-2137-trunk-xplkb-1906903878, networkLocation: /default-rack, certSerialId: null}92cc866f-2236-4b73-b0be-e1c51e7c2e55{ip: 192.168.157.246, host: pr-hdds-2137-trunk-xplkb-1906903878, networkLocation: /default-rack, certSerialId: null}, Type:RATIS, Factor:THREE, State:CLOSED] from datanode 92cc866f-2236-4b73-b0be-e1c51e7c2e55{ip: 192.168.157.246, host: pr-hdds-2137-trunk-xplkb-1906903878, networkLocation: /default-rack, certSerialId: null}. Reason : 92cc866f-2236-4b73-b0be-e1c51e7c2e55 has not seen follower/s 6955b3b9-1fa4-46c5-a946-8e67bfb83506 for 129963ms 07201f0e-3a1c-4c3e-af2c-9eb1e9c35520 for 129963ms
2019-09-18 08:49:53,669 [EventQueue-PipelineActionsForPipelineActionHandler] INFO  pipeline.SCMPipelineManager (SCMPipelineManager.java:finalizeAndDestroyPipeline(311)) - destroying pipeline:Pipeline[ Id: 2bfa63fb-76fd-4f8a-9c4c-85722e6f2626, Nodes: 07201f0e-3a1c-4c3e-af2c-9eb1e9c35520{ip: 192.168.157.246, host: pr-hdds-2137-trunk-xplkb-1906903878, networkLocation: /default-rack, certSerialId: null}6955b3b9-1fa4-46c5-a946-8e67bfb83506{ip: 192.168.157.246, host: pr-hdds-2137-trunk-xplkb-1906903878, networkLocation: /default-rack, certSerialId: null}92cc866f-2236-4b73-b0be-e1c51e7c2e55{ip: 192.168.157.246, host: pr-hdds-2137-trunk-xplkb-1906903878, networkLocation: /default-rack, certSerialId: null}, Type:RATIS, Factor:THREE, State:CLOSED]
2019-09-18 08:49:53,821 [6955b3b9-1fa4-46c5-a946-8e67bfb83506@group-85722E6F2626-SegmentedRaftLogWorker] WARN  segmented.SegmentedRaftLogWorker (SegmentedRaftLogWorker.java:getFromFuture(90)) - Timeout 12/~
org.apache.ratis.protocol.TimeoutIOException: Timeout 10s: WriteLog:11: (t:1, i:11), STATEMACHINELOGENTRY, client-45043365F4D9, cid=64-writeStateMachineData
	at org.apache.ratis.util.IOUtils.getFromFuture(IOUtils.java:87)
	at org.apache.ratis.server.raftlog.segmented.SegmentedRaftLogWorker$StateMachineDataPolicy.getFromFuture(SegmentedRaftLogWorker.java:87)
	at org.apache.ratis.server.raftlog.segmented.SegmentedRaftLogWorker$WriteLog.execute(SegmentedRaftLogWorker.java:477)
	at org.apache.ratis.server.raftlog.segmented.SegmentedRaftLogWorker.run(SegmentedRaftLogWorker.java:289)
	at java.lang.Thread.run(Thread.java:748)
Caused by: java.util.concurrent.TimeoutException
	at java.util.concurrent.CompletableFuture.timedGet(CompletableFuture.java:1771)
	at java.util.concurrent.CompletableFuture.get(CompletableFuture.java:1915)
	at org.apache.ratis.util.IOUtils.getFromFuture(IOUtils.java:79)
	... 4 more
2019-09-18 08:49:53,842 [92cc866f-2236-4b73-b0be-e1c51e7c2e55@group-85722E6F2626-SegmentedRaftLogWorker] WARN  segmented.SegmentedRaftLogWorker (SegmentedRaftLogWorker.java:getFromFuture(90)) - Timeout 12/~
org.apache.ratis.protocol.TimeoutIOException: Timeout 10s: WriteLog:11: (t:1, i:11), STATEMACHINELOGENTRY, client-45043365F4D9, cid=64-writeStateMachineData
	at org.apache.ratis.util.IOUtils.getFromFuture(IOUtils.java:87)
	at org.apache.ratis.server.raftlog.segmented.SegmentedRaftLogWorker$StateMachineDataPolicy.getFromFuture(SegmentedRaftLogWorker.java:87)
	at org.apache.ratis.server.raftlog.segmented.SegmentedRaftLogWorker$WriteLog.execute(SegmentedRaftLogWorker.java:477)
	at org.apache.ratis.server.raftlog.segmented.SegmentedRaftLogWorker.run(SegmentedRaftLogWorker.java:289)
	at java.lang.Thread.run(Thread.java:748)
Caused by: java.util.concurrent.TimeoutException
	at java.util.concurrent.CompletableFuture.timedGet(CompletableFuture.java:1771)
	at java.util.concurrent.CompletableFuture.get(CompletableFuture.java:1915)
	at org.apache.ratis.util.IOUtils.getFromFuture(IOUtils.java:79)
	... 4 more
2019-09-18 08:49:55,177 [org.apache.ratis.server.impl.LogAppender$AppenderDaemon$$Lambda$505/1942826489@7aa047b2] ERROR ratis.XceiverServerRatis (XceiverServerRatis.java:triggerPipelineClose(575)) - pipeline Action CLOSE  on pipeline PipelineID=2bfa63fb-76fd-4f8a-9c4c-85722e6f2626.Reason : 92cc866f-2236-4b73-b0be-e1c51e7c2e55 has not seen follower/s 6955b3b9-1fa4-46c5-a946-8e67bfb83506 for 132470ms 07201f0e-3a1c-4c3e-af2c-9eb1e9c35520 for 132470ms
2019-09-18 08:49:55,177 [org.apache.ratis.server.impl.LogAppender$AppenderDaemon$$Lambda$505/1942826489@541c59a0] ERROR ratis.XceiverServerRatis (XceiverServerRatis.java:triggerPipelineClose(575)) - pipeline Action CLOSE  on pipeline PipelineID=2bfa63fb-76fd-4f8a-9c4c-85722e6f2626.Reason : 92cc866f-2236-4b73-b0be-e1c51e7c2e55 has not seen follower/s 6955b3b9-1fa4-46c5-a946-8e67bfb83506 for 132470ms 07201f0e-3a1c-4c3e-af2c-9eb1e9c35520 for 132470ms
2019-09-18 08:49:55,178 [grpc-default-executor-0] INFO  client.GrpcClientProtocolClient (GrpcClientProtocolClient.java:onNext(264)) - client-45043365F4D9->07201f0e-3a1c-4c3e-af2c-9eb1e9c35520: receive RaftClientReply:client-45043365F4D9->07201f0e-3a1c-4c3e-af2c-9eb1e9c35520@group-85722E6F2626, cid=64, FAILED org.apache.ratis.protocol.NotLeaderException: Server 07201f0e-3a1c-4c3e-af2c-9eb1e9c35520@group-85722E6F2626 is not the leader 92cc866f-2236-4b73-b0be-e1c51e7c2e55:192.168.157.246:35640, logIndex=0, commits[07201f0e-3a1c-4c3e-af2c-9eb1e9c35520:c10, 6955b3b9-1fa4-46c5-a946-8e67bfb83506:c8, 92cc866f-2236-4b73-b0be-e1c51e7c2e55:c10]
2019-09-18 08:49:55,609 [07201f0e-3a1c-4c3e-af2c-9eb1e9c35520@group-85722E6F2626-SegmentedRaftLogWorker] WARN  segmented.SegmentedRaftLogWorker (SegmentedRaftLogWorker.java:getFromFuture(90)) - Timeout 12/~
org.apache.ratis.protocol.TimeoutIOException: Timeout 10s: WriteLog:12: (t:1, i:12), STATEMACHINELOGENTRY, client-45043365F4D9, cid=65-writeStateMachineData
	at org.apache.ratis.util.IOUtils.getFromFuture(IOUtils.java:87)
	at org.apache.ratis.server.raftlog.segmented.SegmentedRaftLogWorker$StateMachineDataPolicy.getFromFuture(SegmentedRaftLogWorker.java:87)
	at org.apache.ratis.server.raftlog.segmented.SegmentedRaftLogWorker$WriteLog.execute(SegmentedRaftLogWorker.java:477)
	at org.apache.ratis.server.raftlog.segmented.SegmentedRaftLogWorker.run(SegmentedRaftLogWorker.java:289)
	at java.lang.Thread.run(Thread.java:748)
Caused by: java.util.concurrent.TimeoutException
	at java.util.concurrent.CompletableFuture.timedGet(CompletableFuture.java:1771)
	at java.util.concurrent.CompletableFuture.get(CompletableFuture.java:1915)
	at org.apache.ratis.util.IOUtils.getFromFuture(IOUtils.java:79)
	... 4 more
2019-09-18 08:49:55,668 [EventQueue-PipelineActionsForPipelineActionHandler] ERROR pipeline.PipelineActionHandler (PipelineActionHandler.java:onMessage(60)) - Received pipeline action CLOSE for Pipeline[ Id: 2bfa63fb-76fd-4f8a-9c4c-85722e6f2626, Nodes: 07201f0e-3a1c-4c3e-af2c-9eb1e9c35520{ip: 192.168.157.246, host: pr-hdds-2137-trunk-xplkb-1906903878, networkLocation: /default-rack, certSerialId: null}6955b3b9-1fa4-46c5-a946-8e67bfb83506{ip: 192.168.157.246, host: pr-hdds-2137-trunk-xplkb-1906903878, networkLocation: /default-rack, certSerialId: null}92cc866f-2236-4b73-b0be-e1c51e7c2e55{ip: 192.168.157.246, host: pr-hdds-2137-trunk-xplkb-1906903878, networkLocation: /default-rack, certSerialId: null}, Type:RATIS, Factor:THREE, State:CLOSED] from datanode 92cc866f-2236-4b73-b0be-e1c51e7c2e55{ip: 192.168.157.246, host: pr-hdds-2137-trunk-xplkb-1906903878, networkLocation: /default-rack, certSerialId: null}. Reason : 92cc866f-2236-4b73-b0be-e1c51e7c2e55 has not seen follower/s 6955b3b9-1fa4-46c5-a946-8e67bfb83506 for 132470ms 07201f0e-3a1c-4c3e-af2c-9eb1e9c35520 for 132470ms
2019-09-18 08:49:55,668 [EventQueue-PipelineActionsForPipelineActionHandler] INFO  pipeline.SCMPipelineManager (SCMPipelineManager.java:finalizeAndDestroyPipeline(311)) - destroying pipeline:Pipeline[ Id: 2bfa63fb-76fd-4f8a-9c4c-85722e6f2626, Nodes: 07201f0e-3a1c-4c3e-af2c-9eb1e9c35520{ip: 192.168.157.246, host: pr-hdds-2137-trunk-xplkb-1906903878, networkLocation: /default-rack, certSerialId: null}6955b3b9-1fa4-46c5-a946-8e67bfb83506{ip: 192.168.157.246, host: pr-hdds-2137-trunk-xplkb-1906903878, networkLocation: /default-rack, certSerialId: null}92cc866f-2236-4b73-b0be-e1c51e7c2e55{ip: 192.168.157.246, host: pr-hdds-2137-trunk-xplkb-1906903878, networkLocation: /default-rack, certSerialId: null}, Type:RATIS, Factor:THREE, State:CLOSED]
2019-09-18 08:49:55,670 [java.util.concurrent.ThreadPoolExecutor$Worker@6b990b24[State = -1, empty queue]] WARN  server.GrpcLogAppender (GrpcLogAppender.java:timeoutAppendRequest(200)) - 92cc866f-2236-4b73-b0be-e1c51e7c2e55@group-85722E6F2626->6955b3b9-1fa4-46c5-a946-8e67bfb83506-GrpcLogAppender: appendEntries Timeout, request=92cc866f-2236-4b73-b0be-e1c51e7c2e55->6955b3b9-1fa4-46c5-a946-8e67bfb83506#70-t1, previous=(t:1, i:17), leaderCommit=10, initializing? false, entries: <empty>
2019-09-18 08:49:55,670 [java.util.concurrent.ThreadPoolExecutor$Worker@e8d937c[State = -1, empty queue]] WARN  server.GrpcLogAppender (GrpcLogAppender.java:timeoutAppendRequest(200)) - 92cc866f-2236-4b73-b0be-e1c51e7c2e55@group-85722E6F2626->07201f0e-3a1c-4c3e-af2c-9eb1e9c35520-GrpcLogAppender: appendEntries Timeout, request=92cc866f-2236-4b73-b0be-e1c51e7c2e55->07201f0e-3a1c-4c3e-af2c-9eb1e9c35520#70-t1, previous=(t:1, i:17), leaderCommit=10, initializing? false, entries: <empty>
2019-09-18 08:49:57,679 [org.apache.ratis.server.impl.LogAppender$AppenderDaemon$$Lambda$505/1942826489@7aa047b2] ERROR ratis.XceiverServerRatis (XceiverServerRatis.java:triggerPipelineClose(575)) - pipeline Action CLOSE  on pipeline PipelineID=2bfa63fb-76fd-4f8a-9c4c-85722e6f2626.Reason : 92cc866f-2236-4b73-b0be-e1c51e7c2e55 has not seen follower/s 6955b3b9-1fa4-46c5-a946-8e67bfb83506 for 134972ms 07201f0e-3a1c-4c3e-af2c-9eb1e9c35520 for 134972ms
2019-09-18 08:49:57,679 [org.apache.ratis.server.impl.LogAppender$AppenderDaemon$$Lambda$505/1942826489@541c59a0] ERROR ratis.XceiverServerRatis (XceiverServerRatis.java:triggerPipelineClose(575)) - pipeline Action CLOSE  on pipeline PipelineID=2bfa63fb-76fd-4f8a-9c4c-85722e6f2626.Reason : 92cc866f-2236-4b73-b0be-e1c51e7c2e55 has not seen follower/s 6955b3b9-1fa4-46c5-a946-8e67bfb83506 for 134972ms 07201f0e-3a1c-4c3e-af2c-9eb1e9c35520 for 134972ms
2019-09-18 08:49:58,177 [java.util.concurrent.ThreadPoolExecutor$Worker@e8d937c[State = -1, empty queue]] WARN  server.GrpcLogAppender (GrpcLogAppender.java:timeoutAppendRequest(200)) - 92cc866f-2236-4b73-b0be-e1c51e7c2e55@group-85722E6F2626->07201f0e-3a1c-4c3e-af2c-9eb1e9c35520-GrpcLogAppender: appendEntries Timeout, request=92cc866f-2236-4b73-b0be-e1c51e7c2e55->07201f0e-3a1c-4c3e-af2c-9eb1e9c35520#71-t1, previous=(t:1, i:17), leaderCommit=10, initializing? false, entries: <empty>
2019-09-18 08:49:58,177 [java.util.concurrent.ThreadPoolExecutor$Worker@6b990b24[State = -1, empty queue]] WARN  server.GrpcLogAppender (GrpcLogAppender.java:timeoutAppendRequest(200)) - 92cc866f-2236-4b73-b0be-e1c51e7c2e55@group-85722E6F2626->6955b3b9-1fa4-46c5-a946-8e67bfb83506-GrpcLogAppender: appendEntries Timeout, request=92cc866f-2236-4b73-b0be-e1c51e7c2e55->6955b3b9-1fa4-46c5-a946-8e67bfb83506#71-t1, previous=(t:1, i:17), leaderCommit=10, initializing? false, entries: <empty>
2019-09-18 08:49:58,669 [EventQueue-PipelineActionsForPipelineActionHandler] ERROR pipeline.PipelineActionHandler (PipelineActionHandler.java:onMessage(60)) - Received pipeline action CLOSE for Pipeline[ Id: 2bfa63fb-76fd-4f8a-9c4c-85722e6f2626, Nodes: 07201f0e-3a1c-4c3e-af2c-9eb1e9c35520{ip: 192.168.157.246, host: pr-hdds-2137-trunk-xplkb-1906903878, networkLocation: /default-rack, certSerialId: null}6955b3b9-1fa4-46c5-a946-8e67bfb83506{ip: 192.168.157.246, host: pr-hdds-2137-trunk-xplkb-1906903878, networkLocation: /default-rack, certSerialId: null}92cc866f-2236-4b73-b0be-e1c51e7c2e55{ip: 192.168.157.246, host: pr-hdds-2137-trunk-xplkb-1906903878, networkLocation: /default-rack, certSerialId: null}, Type:RATIS, Factor:THREE, State:CLOSED] from datanode 92cc866f-2236-4b73-b0be-e1c51e7c2e55{ip: 192.168.157.246, host: pr-hdds-2137-trunk-xplkb-1906903878, networkLocation: /default-rack, certSerialId: null}. Reason : 92cc866f-2236-4b73-b0be-e1c51e7c2e55 has not seen follower/s 6955b3b9-1fa4-46c5-a946-8e67bfb83506 for 134972ms 07201f0e-3a1c-4c3e-af2c-9eb1e9c35520 for 134972ms
2019-09-18 08:49:58,670 [EventQueue-PipelineActionsForPipelineActionHandler] INFO  pipeline.SCMPipelineManager (SCMPipelineManager.java:finalizeAndDestroyPipeline(311)) - destroying pipeline:Pipeline[ Id: 2bfa63fb-76fd-4f8a-9c4c-85722e6f2626, Nodes: 07201f0e-3a1c-4c3e-af2c-9eb1e9c35520{ip: 192.168.157.246, host: pr-hdds-2137-trunk-xplkb-1906903878, networkLocation: /default-rack, certSerialId: null}6955b3b9-1fa4-46c5-a946-8e67bfb83506{ip: 192.168.157.246, host: pr-hdds-2137-trunk-xplkb-1906903878, networkLocation: /default-rack, certSerialId: null}92cc866f-2236-4b73-b0be-e1c51e7c2e55{ip: 192.168.157.246, host: pr-hdds-2137-trunk-xplkb-1906903878, networkLocation: /default-rack, certSerialId: null}, Type:RATIS, Factor:THREE, State:CLOSED]
2019-09-18 08:50:00,181 [org.apache.ratis.server.impl.LogAppender$AppenderDaemon$$Lambda$505/1942826489@7aa047b2] ERROR ratis.XceiverServerRatis (XceiverServerRatis.java:triggerPipelineClose(575)) - pipeline Action CLOSE  on pipeline PipelineID=2bfa63fb-76fd-4f8a-9c4c-85722e6f2626.Reason : 92cc866f-2236-4b73-b0be-e1c51e7c2e55 has not seen follower/s 6955b3b9-1fa4-46c5-a946-8e67bfb83506 for 137474ms 07201f0e-3a1c-4c3e-af2c-9eb1e9c35520 for 137473ms
2019-09-18 08:50:00,181 [org.apache.ratis.server.impl.LogAppender$AppenderDaemon$$Lambda$505/1942826489@541c59a0] ERROR ratis.XceiverServerRatis (XceiverServerRatis.java:triggerPipelineClose(575)) - pipeline Action CLOSE  on pipeline PipelineID=2bfa63fb-76fd-4f8a-9c4c-85722e6f2626.Reason : 92cc866f-2236-4b73-b0be-e1c51e7c2e55 has not seen follower/s 6955b3b9-1fa4-46c5-a946-8e67bfb83506 for 137474ms 07201f0e-3a1c-4c3e-af2c-9eb1e9c35520 for 137473ms
2019-09-18 08:50:00,227 [grpc-default-executor-4] INFO  client.GrpcClientProtocolClient (GrpcClientProtocolClient.java:onNext(264)) - client-45043365F4D9->07201f0e-3a1c-4c3e-af2c-9eb1e9c35520: receive RaftClientReply:client-45043365F4D9->07201f0e-3a1c-4c3e-af2c-9eb1e9c35520@group-85722E6F2626, cid=64, FAILED org.apache.ratis.protocol.NotLeaderException: Server 07201f0e-3a1c-4c3e-af2c-9eb1e9c35520@group-85722E6F2626 is not the leader 92cc866f-2236-4b73-b0be-e1c51e7c2e55:192.168.157.246:35640, logIndex=0, commits[07201f0e-3a1c-4c3e-af2c-9eb1e9c35520:c10, 6955b3b9-1fa4-46c5-a946-8e67bfb83506:c8, 92cc866f-2236-4b73-b0be-e1c51e7c2e55:c10]
2019-09-18 08:50:00,667 [EventQueue-PipelineActionsForPipelineActionHandler] ERROR pipeline.PipelineActionHandler (PipelineActionHandler.java:onMessage(60)) - Received pipeline action CLOSE for Pipeline[ Id: 2bfa63fb-76fd-4f8a-9c4c-85722e6f2626, Nodes: 07201f0e-3a1c-4c3e-af2c-9eb1e9c35520{ip: 192.168.157.246, host: pr-hdds-2137-trunk-xplkb-1906903878, networkLocation: /default-rack, certSerialId: null}6955b3b9-1fa4-46c5-a946-8e67bfb83506{ip: 192.168.157.246, host: pr-hdds-2137-trunk-xplkb-1906903878, networkLocation: /default-rack, certSerialId: null}92cc866f-2236-4b73-b0be-e1c51e7c2e55{ip: 192.168.157.246, host: pr-hdds-2137-trunk-xplkb-1906903878, networkLocation: /default-rack, certSerialId: null}, Type:RATIS, Factor:THREE, State:CLOSED] from datanode 92cc866f-2236-4b73-b0be-e1c51e7c2e55{ip: 192.168.157.246, host: pr-hdds-2137-trunk-xplkb-1906903878, networkLocation: /default-rack, certSerialId: null}. Reason : 92cc866f-2236-4b73-b0be-e1c51e7c2e55 has not seen follower/s 6955b3b9-1fa4-46c5-a946-8e67bfb83506 for 137474ms 07201f0e-3a1c-4c3e-af2c-9eb1e9c35520 for 137473ms
2019-09-18 08:50:00,668 [EventQueue-PipelineActionsForPipelineActionHandler] INFO  pipeline.SCMPipelineManager (SCMPipelineManager.java:finalizeAndDestroyPipeline(311)) - destroying pipeline:Pipeline[ Id: 2bfa63fb-76fd-4f8a-9c4c-85722e6f2626, Nodes: 07201f0e-3a1c-4c3e-af2c-9eb1e9c35520{ip: 192.168.157.246, host: pr-hdds-2137-trunk-xplkb-1906903878, networkLocation: /default-rack, certSerialId: null}6955b3b9-1fa4-46c5-a946-8e67bfb83506{ip: 192.168.157.246, host: pr-hdds-2137-trunk-xplkb-1906903878, networkLocation: /default-rack, certSerialId: null}92cc866f-2236-4b73-b0be-e1c51e7c2e55{ip: 192.168.157.246, host: pr-hdds-2137-trunk-xplkb-1906903878, networkLocation: /default-rack, certSerialId: null}, Type:RATIS, Factor:THREE, State:CLOSED]
2019-09-18 08:50:00,679 [java.util.concurrent.ThreadPoolExecutor$Worker@e8d937c[State = -1, empty queue]] WARN  server.GrpcLogAppender (GrpcLogAppender.java:timeoutAppendRequest(200)) - 92cc866f-2236-4b73-b0be-e1c51e7c2e55@group-85722E6F2626->07201f0e-3a1c-4c3e-af2c-9eb1e9c35520-GrpcLogAppender: appendEntries Timeout, request=92cc866f-2236-4b73-b0be-e1c51e7c2e55->07201f0e-3a1c-4c3e-af2c-9eb1e9c35520#72-t1, previous=(t:1, i:17), leaderCommit=10, initializing? false, entries: <empty>
2019-09-18 08:50:00,679 [java.util.concurrent.ThreadPoolExecutor$Worker@6b990b24[State = -1, empty queue]] WARN  server.GrpcLogAppender (GrpcLogAppender.java:timeoutAppendRequest(200)) - 92cc866f-2236-4b73-b0be-e1c51e7c2e55@group-85722E6F2626->6955b3b9-1fa4-46c5-a946-8e67bfb83506-GrpcLogAppender: appendEntries Timeout, request=92cc866f-2236-4b73-b0be-e1c51e7c2e55->6955b3b9-1fa4-46c5-a946-8e67bfb83506#72-t1, previous=(t:1, i:17), leaderCommit=10, initializing? false, entries: <empty>
2019-09-18 08:50:02,682 [org.apache.ratis.server.impl.LogAppender$AppenderDaemon$$Lambda$505/1942826489@541c59a0] ERROR ratis.XceiverServerRatis (XceiverServerRatis.java:triggerPipelineClose(575)) - pipeline Action CLOSE  on pipeline PipelineID=2bfa63fb-76fd-4f8a-9c4c-85722e6f2626.Reason : 92cc866f-2236-4b73-b0be-e1c51e7c2e55 has not seen follower/s 6955b3b9-1fa4-46c5-a946-8e67bfb83506 for 139975ms 07201f0e-3a1c-4c3e-af2c-9eb1e9c35520 for 139975ms
2019-09-18 08:50:02,683 [org.apache.ratis.server.impl.LogAppender$AppenderDaemon$$Lambda$505/1942826489@7aa047b2] ERROR ratis.XceiverServerRatis (XceiverServerRatis.java:triggerPipelineClose(575)) - pipeline Action CLOSE  on pipeline PipelineID=2bfa63fb-76fd-4f8a-9c4c-85722e6f2626.Reason : 92cc866f-2236-4b73-b0be-e1c51e7c2e55 has not seen follower/s 6955b3b9-1fa4-46c5-a946-8e67bfb83506 for 139975ms 07201f0e-3a1c-4c3e-af2c-9eb1e9c35520 for 139975ms
2019-09-18 08:50:03,180 [java.util.concurrent.ThreadPoolExecutor$Worker@6b990b24[State = -1, empty queue]] WARN  server.GrpcLogAppender (GrpcLogAppender.java:timeoutAppendRequest(200)) - 92cc866f-2236-4b73-b0be-e1c51e7c2e55@group-85722E6F2626->6955b3b9-1fa4-46c5-a946-8e67bfb83506-GrpcLogAppender: appendEntries Timeout, request=92cc866f-2236-4b73-b0be-e1c51e7c2e55->6955b3b9-1fa4-46c5-a946-8e67bfb83506#73-t1, previous=(t:1, i:17), leaderCommit=10, initializing? false, entries: <empty>
2019-09-18 08:50:03,180 [java.util.concurrent.ThreadPoolExecutor$Worker@e8d937c[State = -1, empty queue]] WARN  server.GrpcLogAppender (GrpcLogAppender.java:timeoutAppendRequest(200)) - 92cc866f-2236-4b73-b0be-e1c51e7c2e55@group-85722E6F2626->07201f0e-3a1c-4c3e-af2c-9eb1e9c35520-GrpcLogAppender: appendEntries Timeout, request=92cc866f-2236-4b73-b0be-e1c51e7c2e55->07201f0e-3a1c-4c3e-af2c-9eb1e9c35520#73-t1, previous=(t:1, i:17), leaderCommit=10, initializing? false, entries: <empty>
2019-09-18 08:50:03,668 [EventQueue-PipelineActionsForPipelineActionHandler] ERROR pipeline.PipelineActionHandler (PipelineActionHandler.java:onMessage(60)) - Received pipeline action CLOSE for Pipeline[ Id: 2bfa63fb-76fd-4f8a-9c4c-85722e6f2626, Nodes: 07201f0e-3a1c-4c3e-af2c-9eb1e9c35520{ip: 192.168.157.246, host: pr-hdds-2137-trunk-xplkb-1906903878, networkLocation: /default-rack, certSerialId: null}6955b3b9-1fa4-46c5-a946-8e67bfb83506{ip: 192.168.157.246, host: pr-hdds-2137-trunk-xplkb-1906903878, networkLocation: /default-rack, certSerialId: null}92cc866f-2236-4b73-b0be-e1c51e7c2e55{ip: 192.168.157.246, host: pr-hdds-2137-trunk-xplkb-1906903878, networkLocation: /default-rack, certSerialId: null}, Type:RATIS, Factor:THREE, State:CLOSED] from datanode 92cc866f-2236-4b73-b0be-e1c51e7c2e55{ip: 192.168.157.246, host: pr-hdds-2137-trunk-xplkb-1906903878, networkLocation: /default-rack, certSerialId: null}. Reason : 92cc866f-2236-4b73-b0be-e1c51e7c2e55 has not seen follower/s 6955b3b9-1fa4-46c5-a946-8e67bfb83506 for 139975ms 07201f0e-3a1c-4c3e-af2c-9eb1e9c35520 for 139975ms
2019-09-18 08:50:03,669 [EventQueue-PipelineActionsForPipelineActionHandler] INFO  pipeline.SCMPipelineManager (SCMPipelineManager.java:finalizeAndDestroyPipeline(311)) - destroying pipeline:Pipeline[ Id: 2bfa63fb-76fd-4f8a-9c4c-85722e6f2626, Nodes: 07201f0e-3a1c-4c3e-af2c-9eb1e9c35520{ip: 192.168.157.246, host: pr-hdds-2137-trunk-xplkb-1906903878, networkLocation: /default-rack, certSerialId: null}6955b3b9-1fa4-46c5-a946-8e67bfb83506{ip: 192.168.157.246, host: pr-hdds-2137-trunk-xplkb-1906903878, networkLocation: /default-rack, certSerialId: null}92cc866f-2236-4b73-b0be-e1c51e7c2e55{ip: 192.168.157.246, host: pr-hdds-2137-trunk-xplkb-1906903878, networkLocation: /default-rack, certSerialId: null}, Type:RATIS, Factor:THREE, State:CLOSED]
2019-09-18 08:50:03,822 [6955b3b9-1fa4-46c5-a946-8e67bfb83506@group-85722E6F2626-SegmentedRaftLogWorker] WARN  segmented.SegmentedRaftLogWorker (SegmentedRaftLogWorker.java:getFromFuture(90)) - Timeout 13/~
org.apache.ratis.protocol.TimeoutIOException: Timeout 10s: WriteLog:11: (t:1, i:11), STATEMACHINELOGENTRY, client-45043365F4D9, cid=64-writeStateMachineData
	at org.apache.ratis.util.IOUtils.getFromFuture(IOUtils.java:87)
	at org.apache.ratis.server.raftlog.segmented.SegmentedRaftLogWorker$StateMachineDataPolicy.getFromFuture(SegmentedRaftLogWorker.java:87)
	at org.apache.ratis.server.raftlog.segmented.SegmentedRaftLogWorker$WriteLog.execute(SegmentedRaftLogWorker.java:477)
	at org.apache.ratis.server.raftlog.segmented.SegmentedRaftLogWorker.run(SegmentedRaftLogWorker.java:289)
	at java.lang.Thread.run(Thread.java:748)
Caused by: java.util.concurrent.TimeoutException
	at java.util.concurrent.CompletableFuture.timedGet(CompletableFuture.java:1771)
	at java.util.concurrent.CompletableFuture.get(CompletableFuture.java:1915)
	at org.apache.ratis.util.IOUtils.getFromFuture(IOUtils.java:79)
	... 4 more
2019-09-18 08:50:03,842 [92cc866f-2236-4b73-b0be-e1c51e7c2e55@group-85722E6F2626-SegmentedRaftLogWorker] WARN  segmented.SegmentedRaftLogWorker (SegmentedRaftLogWorker.java:getFromFuture(90)) - Timeout 13/~
org.apache.ratis.protocol.TimeoutIOException: Timeout 10s: WriteLog:11: (t:1, i:11), STATEMACHINELOGENTRY, client-45043365F4D9, cid=64-writeStateMachineData
	at org.apache.ratis.util.IOUtils.getFromFuture(IOUtils.java:87)
	at org.apache.ratis.server.raftlog.segmented.SegmentedRaftLogWorker$StateMachineDataPolicy.getFromFuture(SegmentedRaftLogWorker.java:87)
	at org.apache.ratis.server.raftlog.segmented.SegmentedRaftLogWorker$WriteLog.execute(SegmentedRaftLogWorker.java:477)
	at org.apache.ratis.server.raftlog.segmented.SegmentedRaftLogWorker.run(SegmentedRaftLogWorker.java:289)
	at java.lang.Thread.run(Thread.java:748)
Caused by: java.util.concurrent.TimeoutException
	at java.util.concurrent.CompletableFuture.timedGet(CompletableFuture.java:1771)
	at java.util.concurrent.CompletableFuture.get(CompletableFuture.java:1915)
	at org.apache.ratis.util.IOUtils.getFromFuture(IOUtils.java:79)
	... 4 more
2019-09-18 08:50:05,184 [org.apache.ratis.server.impl.LogAppender$AppenderDaemon$$Lambda$505/1942826489@7aa047b2] ERROR ratis.XceiverServerRatis (XceiverServerRatis.java:triggerPipelineClose(575)) - pipeline Action CLOSE  on pipeline PipelineID=2bfa63fb-76fd-4f8a-9c4c-85722e6f2626.Reason : 92cc866f-2236-4b73-b0be-e1c51e7c2e55 has not seen follower/s 6955b3b9-1fa4-46c5-a946-8e67bfb83506 for 142477ms 07201f0e-3a1c-4c3e-af2c-9eb1e9c35520 for 142476ms
2019-09-18 08:50:05,184 [org.apache.ratis.server.impl.LogAppender$AppenderDaemon$$Lambda$505/1942826489@541c59a0] ERROR ratis.XceiverServerRatis (XceiverServerRatis.java:triggerPipelineClose(575)) - pipeline Action CLOSE  on pipeline PipelineID=2bfa63fb-76fd-4f8a-9c4c-85722e6f2626.Reason : 92cc866f-2236-4b73-b0be-e1c51e7c2e55 has not seen follower/s 6955b3b9-1fa4-46c5-a946-8e67bfb83506 for 142477ms 07201f0e-3a1c-4c3e-af2c-9eb1e9c35520 for 142476ms
2019-09-18 08:50:05,288 [grpc-default-executor-4] INFO  client.GrpcClientProtocolClient (GrpcClientProtocolClient.java:onNext(264)) - client-45043365F4D9->07201f0e-3a1c-4c3e-af2c-9eb1e9c35520: receive RaftClientReply:client-45043365F4D9->07201f0e-3a1c-4c3e-af2c-9eb1e9c35520@group-85722E6F2626, cid=64, FAILED org.apache.ratis.protocol.NotLeaderException: Server 07201f0e-3a1c-4c3e-af2c-9eb1e9c35520@group-85722E6F2626 is not the leader 92cc866f-2236-4b73-b0be-e1c51e7c2e55:192.168.157.246:35640, logIndex=0, commits[07201f0e-3a1c-4c3e-af2c-9eb1e9c35520:c10, 6955b3b9-1fa4-46c5-a946-8e67bfb83506:c8, 92cc866f-2236-4b73-b0be-e1c51e7c2e55:c10]
2019-09-18 08:50:05,611 [07201f0e-3a1c-4c3e-af2c-9eb1e9c35520@group-85722E6F2626-SegmentedRaftLogWorker] WARN  segmented.SegmentedRaftLogWorker (SegmentedRaftLogWorker.java:getFromFuture(90)) - Timeout 13/~
org.apache.ratis.protocol.TimeoutIOException: Timeout 10s: WriteLog:12: (t:1, i:12), STATEMACHINELOGENTRY, client-45043365F4D9, cid=65-writeStateMachineData
	at org.apache.ratis.util.IOUtils.getFromFuture(IOUtils.java:87)
	at org.apache.ratis.server.raftlog.segmented.SegmentedRaftLogWorker$StateMachineDataPolicy.getFromFuture(SegmentedRaftLogWorker.java:87)
	at org.apache.ratis.server.raftlog.segmented.SegmentedRaftLogWorker$WriteLog.execute(SegmentedRaftLogWorker.java:477)
	at org.apache.ratis.server.raftlog.segmented.SegmentedRaftLogWorker.run(SegmentedRaftLogWorker.java:289)
	at java.lang.Thread.run(Thread.java:748)
Caused by: java.util.concurrent.TimeoutException
	at java.util.concurrent.CompletableFuture.timedGet(CompletableFuture.java:1771)
	at java.util.concurrent.CompletableFuture.get(CompletableFuture.java:1915)
	at org.apache.ratis.util.IOUtils.getFromFuture(IOUtils.java:79)
	... 4 more
2019-09-18 08:50:05,667 [EventQueue-PipelineActionsForPipelineActionHandler] ERROR pipeline.PipelineActionHandler (PipelineActionHandler.java:onMessage(60)) - Received pipeline action CLOSE for Pipeline[ Id: 2bfa63fb-76fd-4f8a-9c4c-85722e6f2626, Nodes: 07201f0e-3a1c-4c3e-af2c-9eb1e9c35520{ip: 192.168.157.246, host: pr-hdds-2137-trunk-xplkb-1906903878, networkLocation: /default-rack, certSerialId: null}6955b3b9-1fa4-46c5-a946-8e67bfb83506{ip: 192.168.157.246, host: pr-hdds-2137-trunk-xplkb-1906903878, networkLocation: /default-rack, certSerialId: null}92cc866f-2236-4b73-b0be-e1c51e7c2e55{ip: 192.168.157.246, host: pr-hdds-2137-trunk-xplkb-1906903878, networkLocation: /default-rack, certSerialId: null}, Type:RATIS, Factor:THREE, State:CLOSED] from datanode 92cc866f-2236-4b73-b0be-e1c51e7c2e55{ip: 192.168.157.246, host: pr-hdds-2137-trunk-xplkb-1906903878, networkLocation: /default-rack, certSerialId: null}. Reason : 92cc866f-2236-4b73-b0be-e1c51e7c2e55 has not seen follower/s 6955b3b9-1fa4-46c5-a946-8e67bfb83506 for 142477ms 07201f0e-3a1c-4c3e-af2c-9eb1e9c35520 for 142476ms
2019-09-18 08:50:05,668 [EventQueue-PipelineActionsForPipelineActionHandler] INFO  pipeline.SCMPipelineManager (SCMPipelineManager.java:finalizeAndDestroyPipeline(311)) - destroying pipeline:Pipeline[ Id: 2bfa63fb-76fd-4f8a-9c4c-85722e6f2626, Nodes: 07201f0e-3a1c-4c3e-af2c-9eb1e9c35520{ip: 192.168.157.246, host: pr-hdds-2137-trunk-xplkb-1906903878, networkLocation: /default-rack, certSerialId: null}6955b3b9-1fa4-46c5-a946-8e67bfb83506{ip: 192.168.157.246, host: pr-hdds-2137-trunk-xplkb-1906903878, networkLocation: /default-rack, certSerialId: null}92cc866f-2236-4b73-b0be-e1c51e7c2e55{ip: 192.168.157.246, host: pr-hdds-2137-trunk-xplkb-1906903878, networkLocation: /default-rack, certSerialId: null}, Type:RATIS, Factor:THREE, State:CLOSED]
2019-09-18 08:50:05,682 [java.util.concurrent.ThreadPoolExecutor$Worker@6b990b24[State = -1, empty queue]] WARN  server.GrpcLogAppender (GrpcLogAppender.java:timeoutAppendRequest(200)) - 92cc866f-2236-4b73-b0be-e1c51e7c2e55@group-85722E6F2626->6955b3b9-1fa4-46c5-a946-8e67bfb83506-GrpcLogAppender: appendEntries Timeout, request=92cc866f-2236-4b73-b0be-e1c51e7c2e55->6955b3b9-1fa4-46c5-a946-8e67bfb83506#74-t1, previous=(t:1, i:17), leaderCommit=10, initializing? false, entries: <empty>
2019-09-18 08:50:05,682 [java.util.concurrent.ThreadPoolExecutor$Worker@e8d937c[State = -1, empty queue]] WARN  server.GrpcLogAppender (GrpcLogAppender.java:timeoutAppendRequest(200)) - 92cc866f-2236-4b73-b0be-e1c51e7c2e55@group-85722E6F2626->07201f0e-3a1c-4c3e-af2c-9eb1e9c35520-GrpcLogAppender: appendEntries Timeout, request=92cc866f-2236-4b73-b0be-e1c51e7c2e55->07201f0e-3a1c-4c3e-af2c-9eb1e9c35520#74-t1, previous=(t:1, i:17), leaderCommit=10, initializing? false, entries: <empty>
2019-09-18 08:50:07,684 [org.apache.ratis.server.impl.LogAppender$AppenderDaemon$$Lambda$505/1942826489@541c59a0] ERROR ratis.XceiverServerRatis (XceiverServerRatis.java:triggerPipelineClose(575)) - pipeline Action CLOSE  on pipeline PipelineID=2bfa63fb-76fd-4f8a-9c4c-85722e6f2626.Reason : 92cc866f-2236-4b73-b0be-e1c51e7c2e55 has not seen follower/s 6955b3b9-1fa4-46c5-a946-8e67bfb83506 for 144977ms 07201f0e-3a1c-4c3e-af2c-9eb1e9c35520 for 144977ms
2019-09-18 08:50:07,684 [org.apache.ratis.server.impl.LogAppender$AppenderDaemon$$Lambda$505/1942826489@7aa047b2] ERROR ratis.XceiverServerRatis (XceiverServerRatis.java:triggerPipelineClose(575)) - pipeline Action CLOSE  on pipeline PipelineID=2bfa63fb-76fd-4f8a-9c4c-85722e6f2626.Reason : 92cc866f-2236-4b73-b0be-e1c51e7c2e55 has not seen follower/s 6955b3b9-1fa4-46c5-a946-8e67bfb83506 for 144978ms 07201f0e-3a1c-4c3e-af2c-9eb1e9c35520 for 144977ms
2019-09-18 08:50:08,183 [java.util.concurrent.ThreadPoolExecutor$Worker@e8d937c[State = -1, empty queue]] WARN  server.GrpcLogAppender (GrpcLogAppender.java:timeoutAppendRequest(200)) - 92cc866f-2236-4b73-b0be-e1c51e7c2e55@group-85722E6F2626->07201f0e-3a1c-4c3e-af2c-9eb1e9c35520-GrpcLogAppender: appendEntries Timeout, request=92cc866f-2236-4b73-b0be-e1c51e7c2e55->07201f0e-3a1c-4c3e-af2c-9eb1e9c35520#75-t1, previous=(t:1, i:17), leaderCommit=10, initializing? false, entries: <empty>
2019-09-18 08:50:08,183 [java.util.concurrent.ThreadPoolExecutor$Worker@6b990b24[State = -1, empty queue]] WARN  server.GrpcLogAppender (GrpcLogAppender.java:timeoutAppendRequest(200)) - 92cc866f-2236-4b73-b0be-e1c51e7c2e55@group-85722E6F2626->6955b3b9-1fa4-46c5-a946-8e67bfb83506-GrpcLogAppender: appendEntries Timeout, request=92cc866f-2236-4b73-b0be-e1c51e7c2e55->6955b3b9-1fa4-46c5-a946-8e67bfb83506#75-t1, previous=(t:1, i:17), leaderCommit=10, initializing? false, entries: <empty>
2019-09-18 08:50:08,669 [EventQueue-PipelineActionsForPipelineActionHandler] ERROR pipeline.PipelineActionHandler (PipelineActionHandler.java:onMessage(60)) - Received pipeline action CLOSE for Pipeline[ Id: 2bfa63fb-76fd-4f8a-9c4c-85722e6f2626, Nodes: 07201f0e-3a1c-4c3e-af2c-9eb1e9c35520{ip: 192.168.157.246, host: pr-hdds-2137-trunk-xplkb-1906903878, networkLocation: /default-rack, certSerialId: null}6955b3b9-1fa4-46c5-a946-8e67bfb83506{ip: 192.168.157.246, host: pr-hdds-2137-trunk-xplkb-1906903878, networkLocation: /default-rack, certSerialId: null}92cc866f-2236-4b73-b0be-e1c51e7c2e55{ip: 192.168.157.246, host: pr-hdds-2137-trunk-xplkb-1906903878, networkLocation: /default-rack, certSerialId: null}, Type:RATIS, Factor:THREE, State:CLOSED] from datanode 92cc866f-2236-4b73-b0be-e1c51e7c2e55{ip: 192.168.157.246, host: pr-hdds-2137-trunk-xplkb-1906903878, networkLocation: /default-rack, certSerialId: null}. Reason : 92cc866f-2236-4b73-b0be-e1c51e7c2e55 has not seen follower/s 6955b3b9-1fa4-46c5-a946-8e67bfb83506 for 144977ms 07201f0e-3a1c-4c3e-af2c-9eb1e9c35520 for 144977ms
2019-09-18 08:50:08,669 [EventQueue-PipelineActionsForPipelineActionHandler] INFO  pipeline.SCMPipelineManager (SCMPipelineManager.java:finalizeAndDestroyPipeline(311)) - destroying pipeline:Pipeline[ Id: 2bfa63fb-76fd-4f8a-9c4c-85722e6f2626, Nodes: 07201f0e-3a1c-4c3e-af2c-9eb1e9c35520{ip: 192.168.157.246, host: pr-hdds-2137-trunk-xplkb-1906903878, networkLocation: /default-rack, certSerialId: null}6955b3b9-1fa4-46c5-a946-8e67bfb83506{ip: 192.168.157.246, host: pr-hdds-2137-trunk-xplkb-1906903878, networkLocation: /default-rack, certSerialId: null}92cc866f-2236-4b73-b0be-e1c51e7c2e55{ip: 192.168.157.246, host: pr-hdds-2137-trunk-xplkb-1906903878, networkLocation: /default-rack, certSerialId: null}, Type:RATIS, Factor:THREE, State:CLOSED]
2019-09-18 08:50:08,769 [grpc-default-executor-0] INFO  impl.RaftServerProxy (RaftServerProxy.java:addNew(89)) - 92cc866f-2236-4b73-b0be-e1c51e7c2e55: addNew group-FBBCA50E7B50:[6955b3b9-1fa4-46c5-a946-8e67bfb83506:192.168.157.246:34451, 07201f0e-3a1c-4c3e-af2c-9eb1e9c35520:192.168.157.246:39492, 92cc866f-2236-4b73-b0be-e1c51e7c2e55:192.168.157.246:35640] returns group-FBBCA50E7B50:java.util.concurrent.CompletableFuture@ae1a8dc[Not completed]
2019-09-18 08:50:08,769 [grpc-default-executor-6] INFO  impl.RaftServerProxy (RaftServerProxy.java:addNew(89)) - 6955b3b9-1fa4-46c5-a946-8e67bfb83506: addNew group-FBBCA50E7B50:[6955b3b9-1fa4-46c5-a946-8e67bfb83506:192.168.157.246:34451, 07201f0e-3a1c-4c3e-af2c-9eb1e9c35520:192.168.157.246:39492, 92cc866f-2236-4b73-b0be-e1c51e7c2e55:192.168.157.246:35640] returns group-FBBCA50E7B50:java.util.concurrent.CompletableFuture@202465d9[Not completed]
2019-09-18 08:50:08,769 [grpc-default-executor-4] INFO  impl.RaftServerProxy (RaftServerProxy.java:addNew(89)) - 07201f0e-3a1c-4c3e-af2c-9eb1e9c35520: addNew group-FBBCA50E7B50:[6955b3b9-1fa4-46c5-a946-8e67bfb83506:192.168.157.246:34451, 07201f0e-3a1c-4c3e-af2c-9eb1e9c35520:192.168.157.246:39492, 92cc866f-2236-4b73-b0be-e1c51e7c2e55:192.168.157.246:35640] returns group-FBBCA50E7B50:java.util.concurrent.CompletableFuture@370bb7fc[Not completed]
2019-09-18 08:50:08,773 [pool-57-thread-1] INFO  impl.RaftServerImpl (RaftServerImpl.java:<init>(95)) - 6955b3b9-1fa4-46c5-a946-8e67bfb83506: new RaftServerImpl for group-FBBCA50E7B50:[6955b3b9-1fa4-46c5-a946-8e67bfb83506:192.168.157.246:34451, 07201f0e-3a1c-4c3e-af2c-9eb1e9c35520:192.168.157.246:39492, 92cc866f-2236-4b73-b0be-e1c51e7c2e55:192.168.157.246:35640] with ContainerStateMachine:uninitialized
2019-09-18 08:50:08,773 [pool-57-thread-1] INFO  server.RaftServerConfigKeys (ConfUtils.java:logGet(43)) - raft.server.rpc.timeout.min = 5s (custom)
2019-09-18 08:50:08,773 [pool-57-thread-1] INFO  server.RaftServerConfigKeys (ConfUtils.java:logGet(43)) - raft.server.rpc.timeout.max = 5200ms (custom)
2019-09-18 08:50:08,773 [pool-57-thread-1] INFO  server.RaftServerConfigKeys (ConfUtils.java:logGet(43)) - raft.server.rpcslowness.timeout = 120s (custom)
2019-09-18 08:50:08,773 [pool-47-thread-1] INFO  impl.RaftServerImpl (RaftServerImpl.java:<init>(95)) - 92cc866f-2236-4b73-b0be-e1c51e7c2e55: new RaftServerImpl for group-FBBCA50E7B50:[6955b3b9-1fa4-46c5-a946-8e67bfb83506:192.168.157.246:34451, 07201f0e-3a1c-4c3e-af2c-9eb1e9c35520:192.168.157.246:39492, 92cc866f-2236-4b73-b0be-e1c51e7c2e55:192.168.157.246:35640] with ContainerStateMachine:uninitialized
2019-09-18 08:50:08,773 [pool-57-thread-1] INFO  server.RaftServerConfigKeys (ConfUtils.java:logGet(43)) - raft.server.sleep.deviation.threshold = 300 (default)
2019-09-18 08:50:08,774 [pool-47-thread-1] INFO  server.RaftServerConfigKeys (ConfUtils.java:logGet(43)) - raft.server.rpc.timeout.min = 5s (custom)
2019-09-18 08:50:08,774 [pool-57-thread-1] INFO  server.RaftServerConfigKeys (ConfUtils.java:logGet(43)) - raft.server.log.appender.install.snapshot.enabled = false (custom)
2019-09-18 08:50:08,774 [pool-47-thread-1] INFO  server.RaftServerConfigKeys (ConfUtils.java:logGet(43)) - raft.server.rpc.timeout.max = 5200ms (custom)
2019-09-18 08:50:08,774 [pool-57-thread-1] INFO  impl.RaftServerImpl (ServerState.java:<init>(103)) - 6955b3b9-1fa4-46c5-a946-8e67bfb83506@group-FBBCA50E7B50: ConfigurationManager, init=-1: [6955b3b9-1fa4-46c5-a946-8e67bfb83506:192.168.157.246:34451, 07201f0e-3a1c-4c3e-af2c-9eb1e9c35520:192.168.157.246:39492, 92cc866f-2236-4b73-b0be-e1c51e7c2e55:192.168.157.246:35640], old=null, confs=<EMPTY_MAP>
2019-09-18 08:50:08,774 [pool-47-thread-1] INFO  server.RaftServerConfigKeys (ConfUtils.java:logGet(43)) - raft.server.rpcslowness.timeout = 120s (custom)
2019-09-18 08:50:08,774 [pool-37-thread-1] INFO  impl.RaftServerImpl (RaftServerImpl.java:<init>(95)) - 07201f0e-3a1c-4c3e-af2c-9eb1e9c35520: new RaftServerImpl for group-FBBCA50E7B50:[6955b3b9-1fa4-46c5-a946-8e67bfb83506:192.168.157.246:34451, 07201f0e-3a1c-4c3e-af2c-9eb1e9c35520:192.168.157.246:39492, 92cc866f-2236-4b73-b0be-e1c51e7c2e55:192.168.157.246:35640] with ContainerStateMachine:uninitialized
2019-09-18 08:50:08,774 [pool-57-thread-1] INFO  server.RaftServerConfigKeys (ConfUtils.java:logGet(43)) - raft.server.storage.dir = [/workdir/hadoop-ozone/integration-test/target/test-dir/MiniOzoneClusterImpl-02ae093f-2137-4f54-abf4-d0f1fad2b35e/datanode-3/data/ratis] (custom)
2019-09-18 08:50:08,774 [pool-47-thread-1] INFO  server.RaftServerConfigKeys (ConfUtils.java:logGet(43)) - raft.server.sleep.deviation.threshold = 300 (default)
2019-09-18 08:50:08,775 [pool-37-thread-1] INFO  server.RaftServerConfigKeys (ConfUtils.java:logGet(43)) - raft.server.rpc.timeout.min = 5s (custom)
2019-09-18 08:50:08,775 [pool-47-thread-1] INFO  server.RaftServerConfigKeys (ConfUtils.java:logGet(43)) - raft.server.log.appender.install.snapshot.enabled = false (custom)
2019-09-18 08:50:08,775 [pool-57-thread-1] INFO  storage.RaftStorageDirectory (RaftStorageDirectory.java:analyzeStorage(246)) - The storage directory /workdir/hadoop-ozone/integration-test/target/test-dir/MiniOzoneClusterImpl-02ae093f-2137-4f54-abf4-d0f1fad2b35e/datanode-3/data/ratis/f50a917d-2e3f-4a07-9f6b-fbbca50e7b50 does not exist. Creating ...
2019-09-18 08:50:08,775 [pool-37-thread-1] INFO  server.RaftServerConfigKeys (ConfUtils.java:logGet(43)) - raft.server.rpc.timeout.max = 5200ms (custom)
2019-09-18 08:50:08,775 [pool-47-thread-1] INFO  impl.RaftServerImpl (ServerState.java:<init>(103)) - 92cc866f-2236-4b73-b0be-e1c51e7c2e55@group-FBBCA50E7B50: ConfigurationManager, init=-1: [6955b3b9-1fa4-46c5-a946-8e67bfb83506:192.168.157.246:34451, 07201f0e-3a1c-4c3e-af2c-9eb1e9c35520:192.168.157.246:39492, 92cc866f-2236-4b73-b0be-e1c51e7c2e55:192.168.157.246:35640], old=null, confs=<EMPTY_MAP>
2019-09-18 08:50:08,775 [pool-37-thread-1] INFO  server.RaftServerConfigKeys (ConfUtils.java:logGet(43)) - raft.server.rpcslowness.timeout = 120s (custom)
2019-09-18 08:50:08,776 [pool-47-thread-1] INFO  server.RaftServerConfigKeys (ConfUtils.java:logGet(43)) - raft.server.storage.dir = [/workdir/hadoop-ozone/integration-test/target/test-dir/MiniOzoneClusterImpl-02ae093f-2137-4f54-abf4-d0f1fad2b35e/datanode-2/data/ratis] (custom)
2019-09-18 08:50:08,776 [pool-37-thread-1] INFO  server.RaftServerConfigKeys (ConfUtils.java:logGet(43)) - raft.server.sleep.deviation.threshold = 300 (default)
2019-09-18 08:50:08,776 [pool-37-thread-1] INFO  server.RaftServerConfigKeys (ConfUtils.java:logGet(43)) - raft.server.log.appender.install.snapshot.enabled = false (custom)
2019-09-18 08:50:08,776 [pool-47-thread-1] INFO  storage.RaftStorageDirectory (RaftStorageDirectory.java:analyzeStorage(246)) - The storage directory /workdir/hadoop-ozone/integration-test/target/test-dir/MiniOzoneClusterImpl-02ae093f-2137-4f54-abf4-d0f1fad2b35e/datanode-2/data/ratis/f50a917d-2e3f-4a07-9f6b-fbbca50e7b50 does not exist. Creating ...
2019-09-18 08:50:08,776 [pool-37-thread-1] INFO  impl.RaftServerImpl (ServerState.java:<init>(103)) - 07201f0e-3a1c-4c3e-af2c-9eb1e9c35520@group-FBBCA50E7B50: ConfigurationManager, init=-1: [6955b3b9-1fa4-46c5-a946-8e67bfb83506:192.168.157.246:34451, 07201f0e-3a1c-4c3e-af2c-9eb1e9c35520:192.168.157.246:39492, 92cc866f-2236-4b73-b0be-e1c51e7c2e55:192.168.157.246:35640], old=null, confs=<EMPTY_MAP>
2019-09-18 08:50:08,776 [pool-37-thread-1] INFO  server.RaftServerConfigKeys (ConfUtils.java:logGet(43)) - raft.server.storage.dir = [/workdir/hadoop-ozone/integration-test/target/test-dir/MiniOzoneClusterImpl-02ae093f-2137-4f54-abf4-d0f1fad2b35e/datanode-1/data/ratis] (custom)
2019-09-18 08:50:08,777 [pool-37-thread-1] INFO  storage.RaftStorageDirectory (RaftStorageDirectory.java:analyzeStorage(246)) - The storage directory /workdir/hadoop-ozone/integration-test/target/test-dir/MiniOzoneClusterImpl-02ae093f-2137-4f54-abf4-d0f1fad2b35e/datanode-1/data/ratis/f50a917d-2e3f-4a07-9f6b-fbbca50e7b50 does not exist. Creating ...
2019-09-18 08:50:08,790 [pool-47-thread-1] INFO  storage.RaftStorageDirectory (RaftStorageDirectory.java:tryLock(328)) - Lock on /workdir/hadoop-ozone/integration-test/target/test-dir/MiniOzoneClusterImpl-02ae093f-2137-4f54-abf4-d0f1fad2b35e/datanode-2/data/ratis/f50a917d-2e3f-4a07-9f6b-fbbca50e7b50/in_use.lock acquired by nodename 22797@pr-hdds-2137-trunk-xplkb-1906903878
2019-09-18 08:50:08,790 [pool-57-thread-1] INFO  storage.RaftStorageDirectory (RaftStorageDirectory.java:tryLock(328)) - Lock on /workdir/hadoop-ozone/integration-test/target/test-dir/MiniOzoneClusterImpl-02ae093f-2137-4f54-abf4-d0f1fad2b35e/datanode-3/data/ratis/f50a917d-2e3f-4a07-9f6b-fbbca50e7b50/in_use.lock acquired by nodename 22797@pr-hdds-2137-trunk-xplkb-1906903878
2019-09-18 08:50:08,790 [pool-37-thread-1] INFO  storage.RaftStorageDirectory (RaftStorageDirectory.java:tryLock(328)) - Lock on /workdir/hadoop-ozone/integration-test/target/test-dir/MiniOzoneClusterImpl-02ae093f-2137-4f54-abf4-d0f1fad2b35e/datanode-1/data/ratis/f50a917d-2e3f-4a07-9f6b-fbbca50e7b50/in_use.lock acquired by nodename 22797@pr-hdds-2137-trunk-xplkb-1906903878
2019-09-18 08:50:08,804 [pool-57-thread-1] INFO  storage.RaftStorage (RaftStorage.java:format(72)) - Storage directory /workdir/hadoop-ozone/integration-test/target/test-dir/MiniOzoneClusterImpl-02ae093f-2137-4f54-abf4-d0f1fad2b35e/datanode-3/data/ratis/f50a917d-2e3f-4a07-9f6b-fbbca50e7b50 has been successfully formatted.
2019-09-18 08:50:08,804 [pool-37-thread-1] INFO  storage.RaftStorage (RaftStorage.java:format(72)) - Storage directory /workdir/hadoop-ozone/integration-test/target/test-dir/MiniOzoneClusterImpl-02ae093f-2137-4f54-abf4-d0f1fad2b35e/datanode-1/data/ratis/f50a917d-2e3f-4a07-9f6b-fbbca50e7b50 has been successfully formatted.
2019-09-18 08:50:08,804 [pool-57-thread-1] INFO  ratis.ContainerStateMachine (ContainerStateMachine.java:loadSnapshot(230)) - group-FBBCA50E7B50: The snapshot info is null. Setting the last applied indexto:(t:0, i:~)
2019-09-18 08:50:08,804 [pool-47-thread-1] INFO  storage.RaftStorage (RaftStorage.java:format(72)) - Storage directory /workdir/hadoop-ozone/integration-test/target/test-dir/MiniOzoneClusterImpl-02ae093f-2137-4f54-abf4-d0f1fad2b35e/datanode-2/data/ratis/f50a917d-2e3f-4a07-9f6b-fbbca50e7b50 has been successfully formatted.
2019-09-18 08:50:08,804 [pool-57-thread-1] INFO  server.RaftServerConfigKeys (ConfUtils.java:logGet(43)) - raft.server.notification.no-leader.timeout = 120s (custom)
2019-09-18 08:50:08,804 [pool-37-thread-1] INFO  ratis.ContainerStateMachine (ContainerStateMachine.java:loadSnapshot(230)) - group-FBBCA50E7B50: The snapshot info is null. Setting the last applied indexto:(t:0, i:~)
2019-09-18 08:50:08,805 [pool-57-thread-1] INFO  server.RaftServerConfigKeys (ConfUtils.java:logGet(43)) - raft.server.log.use.memory = false (default)
2019-09-18 08:50:08,805 [pool-47-thread-1] INFO  ratis.ContainerStateMachine (ContainerStateMachine.java:loadSnapshot(230)) - group-FBBCA50E7B50: The snapshot info is null. Setting the last applied indexto:(t:0, i:~)
2019-09-18 08:50:08,805 [pool-57-thread-1] INFO  server.RaftServerConfigKeys (ConfUtils.java:logGet(43)) - raft.server.log.purge.gap = 1000000 (custom)
2019-09-18 08:50:08,805 [pool-37-thread-1] INFO  server.RaftServerConfigKeys (ConfUtils.java:logGet(43)) - raft.server.notification.no-leader.timeout = 120s (custom)
2019-09-18 08:50:08,805 [pool-57-thread-1] INFO  server.RaftServerConfigKeys (ConfUtils.java:logGet(43)) - raft.server.log.appender.buffer.byte-limit = 33554432 (custom)
2019-09-18 08:50:08,805 [pool-47-thread-1] INFO  server.RaftServerConfigKeys (ConfUtils.java:logGet(43)) - raft.server.notification.no-leader.timeout = 120s (custom)
2019-09-18 08:50:08,806 [pool-57-thread-1] INFO  server.RaftServerConfigKeys (ConfUtils.java:logGet(43)) - raft.server.log.segment.size.max = 1048576 (custom)
2019-09-18 08:50:08,805 [pool-37-thread-1] INFO  server.RaftServerConfigKeys (ConfUtils.java:logGet(43)) - raft.server.log.use.memory = false (default)
2019-09-18 08:50:08,806 [pool-57-thread-1] INFO  server.RaftServerConfigKeys (ConfUtils.java:logGet(43)) - raft.server.log.segment.cache.num.max = 2 (custom)
2019-09-18 08:50:08,806 [pool-47-thread-1] INFO  server.RaftServerConfigKeys (ConfUtils.java:logGet(43)) - raft.server.log.use.memory = false (default)
2019-09-18 08:50:08,806 [pool-57-thread-1] INFO  segmented.SegmentedRaftLogWorker (SegmentedRaftLogWorker.java:<init>(172)) - new 6955b3b9-1fa4-46c5-a946-8e67bfb83506@group-FBBCA50E7B50-SegmentedRaftLogWorker for RaftStorage:Storage Directory /workdir/hadoop-ozone/integration-test/target/test-dir/MiniOzoneClusterImpl-02ae093f-2137-4f54-abf4-d0f1fad2b35e/datanode-3/data/ratis/f50a917d-2e3f-4a07-9f6b-fbbca50e7b50
2019-09-18 08:50:08,806 [pool-37-thread-1] INFO  server.RaftServerConfigKeys (ConfUtils.java:logGet(43)) - raft.server.log.purge.gap = 1000000 (custom)
2019-09-18 08:50:08,806 [pool-57-thread-1] INFO  server.RaftServerConfigKeys (ConfUtils.java:logGet(43)) - raft.server.log.queue.byte-limit = 2147483647 (custom)
2019-09-18 08:50:08,806 [pool-47-thread-1] INFO  server.RaftServerConfigKeys (ConfUtils.java:logGet(43)) - raft.server.log.purge.gap = 1000000 (custom)
2019-09-18 08:50:08,807 [pool-57-thread-1] INFO  server.RaftServerConfigKeys (ConfUtils.java:logGet(43)) - raft.server.log.queue.element-limit = 1024 (custom)
2019-09-18 08:50:08,806 [pool-37-thread-1] INFO  server.RaftServerConfigKeys (ConfUtils.java:logGet(43)) - raft.server.log.appender.buffer.byte-limit = 33554432 (custom)
2019-09-18 08:50:08,807 [pool-57-thread-1] INFO  server.RaftServerConfigKeys (ConfUtils.java:logGet(43)) - raft.server.log.segment.size.max = 1048576 (custom)
2019-09-18 08:50:08,807 [pool-47-thread-1] INFO  server.RaftServerConfigKeys (ConfUtils.java:logGet(43)) - raft.server.log.appender.buffer.byte-limit = 33554432 (custom)
2019-09-18 08:50:08,807 [pool-57-thread-1] INFO  server.RaftServerConfigKeys (ConfUtils.java:logGet(43)) - raft.server.log.preallocated.size = 16384 (custom)
2019-09-18 08:50:08,807 [pool-37-thread-1] INFO  server.RaftServerConfigKeys (ConfUtils.java:logGet(43)) - raft.server.log.segment.size.max = 1048576 (custom)
2019-09-18 08:50:08,807 [pool-57-thread-1] INFO  server.RaftServerConfigKeys (ConfUtils.java:logGet(43)) - raft.server.log.write.buffer.size = 33554432 (custom)
2019-09-18 08:50:08,807 [pool-47-thread-1] INFO  server.RaftServerConfigKeys (ConfUtils.java:logGet(43)) - raft.server.log.segment.size.max = 1048576 (custom)
2019-09-18 08:50:08,808 [pool-57-thread-1] INFO  server.RaftServerConfigKeys (ConfUtils.java:logGet(43)) - raft.server.log.force.sync.num = 128 (default)
2019-09-18 08:50:08,808 [pool-37-thread-1] INFO  server.RaftServerConfigKeys (ConfUtils.java:logGet(43)) - raft.server.log.segment.cache.num.max = 2 (custom)
2019-09-18 08:50:08,808 [pool-57-thread-1] INFO  server.RaftServerConfigKeys (ConfUtils.java:logGet(43)) - raft.server.log.statemachine.data.sync = true (default)
2019-09-18 08:50:08,808 [pool-47-thread-1] INFO  server.RaftServerConfigKeys (ConfUtils.java:logGet(43)) - raft.server.log.segment.cache.num.max = 2 (custom)
2019-09-18 08:50:08,808 [pool-57-thread-1] INFO  server.RaftServerConfigKeys (ConfUtils.java:logGet(43)) - raft.server.log.statemachine.data.sync.timeout = 10s (default)
2019-09-18 08:50:08,808 [pool-57-thread-1] INFO  server.RaftServerConfigKeys (ConfUtils.java:logGet(43)) - raft.server.log.statemachine.data.sync.timeout.retry = -1 (default)
2019-09-18 08:50:08,808 [pool-37-thread-1] INFO  segmented.SegmentedRaftLogWorker (SegmentedRaftLogWorker.java:<init>(172)) - new 07201f0e-3a1c-4c3e-af2c-9eb1e9c35520@group-FBBCA50E7B50-SegmentedRaftLogWorker for RaftStorage:Storage Directory /workdir/hadoop-ozone/integration-test/target/test-dir/MiniOzoneClusterImpl-02ae093f-2137-4f54-abf4-d0f1fad2b35e/datanode-1/data/ratis/f50a917d-2e3f-4a07-9f6b-fbbca50e7b50
2019-09-18 08:50:08,809 [pool-57-thread-1] INFO  server.RaftServerConfigKeys (ConfUtils.java:logGet(43)) - raft.server.log.statemachine.data.caching.enabled = true (custom)
2019-09-18 08:50:08,808 [pool-47-thread-1] INFO  segmented.SegmentedRaftLogWorker (SegmentedRaftLogWorker.java:<init>(172)) - new 92cc866f-2236-4b73-b0be-e1c51e7c2e55@group-FBBCA50E7B50-SegmentedRaftLogWorker for RaftStorage:Storage Directory /workdir/hadoop-ozone/integration-test/target/test-dir/MiniOzoneClusterImpl-02ae093f-2137-4f54-abf4-d0f1fad2b35e/datanode-2/data/ratis/f50a917d-2e3f-4a07-9f6b-fbbca50e7b50
2019-09-18 08:50:08,809 [pool-37-thread-1] INFO  server.RaftServerConfigKeys (ConfUtils.java:logGet(43)) - raft.server.log.queue.byte-limit = 2147483647 (custom)
2019-09-18 08:50:08,809 [pool-57-thread-1] INFO  segmented.SegmentedRaftLogWorker (SegmentedRaftLogWorker.java:lambda$new$0(132)) - 6955b3b9-1fa4-46c5-a946-8e67bfb83506@group-FBBCA50E7B50-SegmentedRaftLogWorker: flushIndex: setUnconditionally 0 -> -1
2019-09-18 08:50:08,809 [pool-47-thread-1] INFO  server.RaftServerConfigKeys (ConfUtils.java:logGet(43)) - raft.server.log.queue.byte-limit = 2147483647 (custom)
2019-09-18 08:50:08,809 [pool-37-thread-1] INFO  server.RaftServerConfigKeys (ConfUtils.java:logGet(43)) - raft.server.log.queue.element-limit = 1024 (custom)
2019-09-18 08:50:08,810 [pool-57-thread-1] INFO  server.RaftServerConfigKeys (ConfUtils.java:logGet(43)) - raft.server.snapshot.auto.trigger.enabled = true (custom)
2019-09-18 08:50:08,809 [pool-47-thread-1] INFO  server.RaftServerConfigKeys (ConfUtils.java:logGet(43)) - raft.server.log.queue.element-limit = 1024 (custom)
2019-09-18 08:50:08,810 [pool-57-thread-1] INFO  server.RaftServerConfigKeys (ConfUtils.java:logGet(43)) - raft.server.snapshot.auto.trigger.threshold = 10000 (custom)
2019-09-18 08:50:08,810 [pool-37-thread-1] INFO  server.RaftServerConfigKeys (ConfUtils.java:logGet(43)) - raft.server.log.segment.size.max = 1048576 (custom)
2019-09-18 08:50:08,810 [pool-57-thread-1] INFO  server.RaftServerConfigKeys (ConfUtils.java:logGet(43)) - raft.server.snapshot.retention.num.files = 5 (custom)
2019-09-18 08:50:08,810 [pool-47-thread-1] INFO  server.RaftServerConfigKeys (ConfUtils.java:logGet(43)) - raft.server.log.segment.size.max = 1048576 (custom)
2019-09-18 08:50:08,810 [pool-57-thread-1] INFO  server.RaftServerConfigKeys (ConfUtils.java:logGet(43)) - raft.server.retrycache.expirytime = 600000ms (custom)
2019-09-18 08:50:08,810 [pool-37-thread-1] INFO  server.RaftServerConfigKeys (ConfUtils.java:logGet(43)) - raft.server.log.preallocated.size = 16384 (custom)
2019-09-18 08:50:08,810 [pool-47-thread-1] INFO  server.RaftServerConfigKeys (ConfUtils.java:logGet(43)) - raft.server.log.preallocated.size = 16384 (custom)
2019-09-18 08:50:08,811 [pool-37-thread-1] INFO  server.RaftServerConfigKeys (ConfUtils.java:logGet(43)) - raft.server.log.write.buffer.size = 33554432 (custom)
2019-09-18 08:50:08,811 [pool-47-thread-1] INFO  server.RaftServerConfigKeys (ConfUtils.java:logGet(43)) - raft.server.log.write.buffer.size = 33554432 (custom)
2019-09-18 08:50:08,811 [pool-37-thread-1] INFO  server.RaftServerConfigKeys (ConfUtils.java:logGet(43)) - raft.server.log.force.sync.num = 128 (default)
2019-09-18 08:50:08,811 [pool-47-thread-1] INFO  server.RaftServerConfigKeys (ConfUtils.java:logGet(43)) - raft.server.log.force.sync.num = 128 (default)
2019-09-18 08:50:08,811 [pool-37-thread-1] INFO  server.RaftServerConfigKeys (ConfUtils.java:logGet(43)) - raft.server.log.statemachine.data.sync = true (default)
2019-09-18 08:50:08,811 [pool-47-thread-1] INFO  server.RaftServerConfigKeys (ConfUtils.java:logGet(43)) - raft.server.log.statemachine.data.sync = true (default)
2019-09-18 08:50:08,811 [pool-37-thread-1] INFO  server.RaftServerConfigKeys (ConfUtils.java:logGet(43)) - raft.server.log.statemachine.data.sync.timeout = 10s (default)
2019-09-18 08:50:08,812 [pool-47-thread-1] INFO  server.RaftServerConfigKeys (ConfUtils.java:logGet(43)) - raft.server.log.statemachine.data.sync.timeout = 10s (default)
2019-09-18 08:50:08,812 [pool-37-thread-1] INFO  server.RaftServerConfigKeys (ConfUtils.java:logGet(43)) - raft.server.log.statemachine.data.sync.timeout.retry = -1 (default)
2019-09-18 08:50:08,812 [pool-47-thread-1] INFO  server.RaftServerConfigKeys (ConfUtils.java:logGet(43)) - raft.server.log.statemachine.data.sync.timeout.retry = -1 (default)
2019-09-18 08:50:08,812 [pool-37-thread-1] INFO  server.RaftServerConfigKeys (ConfUtils.java:logGet(43)) - raft.server.log.statemachine.data.caching.enabled = true (custom)
2019-09-18 08:50:08,812 [pool-47-thread-1] INFO  server.RaftServerConfigKeys (ConfUtils.java:logGet(43)) - raft.server.log.statemachine.data.caching.enabled = true (custom)
2019-09-18 08:50:08,812 [pool-37-thread-1] INFO  segmented.SegmentedRaftLogWorker (SegmentedRaftLogWorker.java:lambda$new$0(132)) - 07201f0e-3a1c-4c3e-af2c-9eb1e9c35520@group-FBBCA50E7B50-SegmentedRaftLogWorker: flushIndex: setUnconditionally 0 -> -1
2019-09-18 08:50:08,813 [pool-47-thread-1] INFO  segmented.SegmentedRaftLogWorker (SegmentedRaftLogWorker.java:lambda$new$0(132)) - 92cc866f-2236-4b73-b0be-e1c51e7c2e55@group-FBBCA50E7B50-SegmentedRaftLogWorker: flushIndex: setUnconditionally 0 -> -1
2019-09-18 08:50:08,813 [pool-37-thread-1] INFO  server.RaftServerConfigKeys (ConfUtils.java:logGet(43)) - raft.server.snapshot.auto.trigger.enabled = true (custom)
2019-09-18 08:50:08,813 [pool-47-thread-1] INFO  server.RaftServerConfigKeys (ConfUtils.java:logGet(43)) - raft.server.snapshot.auto.trigger.enabled = true (custom)
2019-09-18 08:50:08,813 [pool-37-thread-1] INFO  server.RaftServerConfigKeys (ConfUtils.java:logGet(43)) - raft.server.snapshot.auto.trigger.threshold = 10000 (custom)
2019-09-18 08:50:08,813 [pool-47-thread-1] INFO  server.RaftServerConfigKeys (ConfUtils.java:logGet(43)) - raft.server.snapshot.auto.trigger.threshold = 10000 (custom)
2019-09-18 08:50:08,813 [pool-37-thread-1] INFO  server.RaftServerConfigKeys (ConfUtils.java:logGet(43)) - raft.server.snapshot.retention.num.files = 5 (custom)
2019-09-18 08:50:08,813 [pool-47-thread-1] INFO  server.RaftServerConfigKeys (ConfUtils.java:logGet(43)) - raft.server.snapshot.retention.num.files = 5 (custom)
2019-09-18 08:50:08,813 [pool-57-thread-1] INFO  impl.RaftServerImpl (RaftServerImpl.java:start(185)) - 6955b3b9-1fa4-46c5-a946-8e67bfb83506@group-FBBCA50E7B50: start as a follower, conf=-1: [6955b3b9-1fa4-46c5-a946-8e67bfb83506:192.168.157.246:34451, 07201f0e-3a1c-4c3e-af2c-9eb1e9c35520:192.168.157.246:39492, 92cc866f-2236-4b73-b0be-e1c51e7c2e55:192.168.157.246:35640], old=null
2019-09-18 08:50:08,813 [pool-37-thread-1] INFO  server.RaftServerConfigKeys (ConfUtils.java:logGet(43)) - raft.server.retrycache.expirytime = 600000ms (custom)
2019-09-18 08:50:08,814 [pool-57-thread-1] INFO  impl.RaftServerImpl (RaftServerImpl.java:setRole(174)) - 6955b3b9-1fa4-46c5-a946-8e67bfb83506@group-FBBCA50E7B50: changes role from      null to FOLLOWER at term 0 for startAsFollower
2019-09-18 08:50:08,814 [pool-47-thread-1] INFO  server.RaftServerConfigKeys (ConfUtils.java:logGet(43)) - raft.server.retrycache.expirytime = 600000ms (custom)
2019-09-18 08:50:08,814 [pool-57-thread-1] INFO  impl.RoleInfo (RoleInfo.java:updateAndGet(143)) - 6955b3b9-1fa4-46c5-a946-8e67bfb83506: start FollowerState
2019-09-18 08:50:08,815 [pool-57-thread-1] INFO  util.JmxRegister (JmxRegister.java:tryRegister(44)) - Successfully registered JMX Bean with object name Ratis:service=RaftServer,group=group-FBBCA50E7B50,id=6955b3b9-1fa4-46c5-a946-8e67bfb83506
2019-09-18 08:50:08,816 [pool-37-thread-1] INFO  impl.RaftServerImpl (RaftServerImpl.java:start(185)) - 07201f0e-3a1c-4c3e-af2c-9eb1e9c35520@group-FBBCA50E7B50: start as a follower, conf=-1: [6955b3b9-1fa4-46c5-a946-8e67bfb83506:192.168.157.246:34451, 07201f0e-3a1c-4c3e-af2c-9eb1e9c35520:192.168.157.246:39492, 92cc866f-2236-4b73-b0be-e1c51e7c2e55:192.168.157.246:35640], old=null
2019-09-18 08:50:08,816 [pool-37-thread-1] INFO  impl.RaftServerImpl (RaftServerImpl.java:setRole(174)) - 07201f0e-3a1c-4c3e-af2c-9eb1e9c35520@group-FBBCA50E7B50: changes role from      null to FOLLOWER at term 0 for startAsFollower
2019-09-18 08:50:08,816 [pool-47-thread-1] INFO  impl.RaftServerImpl (RaftServerImpl.java:start(185)) - 92cc866f-2236-4b73-b0be-e1c51e7c2e55@group-FBBCA50E7B50: start as a follower, conf=-1: [6955b3b9-1fa4-46c5-a946-8e67bfb83506:192.168.157.246:34451, 07201f0e-3a1c-4c3e-af2c-9eb1e9c35520:192.168.157.246:39492, 92cc866f-2236-4b73-b0be-e1c51e7c2e55:192.168.157.246:35640], old=null
2019-09-18 08:50:08,817 [pool-37-thread-1] INFO  impl.RoleInfo (RoleInfo.java:updateAndGet(143)) - 07201f0e-3a1c-4c3e-af2c-9eb1e9c35520: start FollowerState
2019-09-18 08:50:08,817 [pool-47-thread-1] INFO  impl.RaftServerImpl (RaftServerImpl.java:setRole(174)) - 92cc866f-2236-4b73-b0be-e1c51e7c2e55@group-FBBCA50E7B50: changes role from      null to FOLLOWER at term 0 for startAsFollower
2019-09-18 08:50:08,817 [pool-47-thread-1] INFO  impl.RoleInfo (RoleInfo.java:updateAndGet(143)) - 92cc866f-2236-4b73-b0be-e1c51e7c2e55: start FollowerState
2019-09-18 08:50:08,817 [pool-37-thread-1] INFO  util.JmxRegister (JmxRegister.java:tryRegister(44)) - Successfully registered JMX Bean with object name Ratis:service=RaftServer,group=group-FBBCA50E7B50,id=07201f0e-3a1c-4c3e-af2c-9eb1e9c35520
2019-09-18 08:50:08,817 [pool-47-thread-1] INFO  util.JmxRegister (JmxRegister.java:tryRegister(44)) - Successfully registered JMX Bean with object name Ratis:service=RaftServer,group=group-FBBCA50E7B50,id=92cc866f-2236-4b73-b0be-e1c51e7c2e55
2019-09-18 08:50:08,819 [RatisPipelineUtilsThread] INFO  pipeline.PipelineStateManager (PipelineStateManager.java:addPipeline(56)) - Created pipeline Pipeline[ Id: f50a917d-2e3f-4a07-9f6b-fbbca50e7b50, Nodes: 07201f0e-3a1c-4c3e-af2c-9eb1e9c35520{ip: 192.168.157.246, host: pr-hdds-2137-trunk-xplkb-1906903878, networkLocation: /default-rack, certSerialId: null}6955b3b9-1fa4-46c5-a946-8e67bfb83506{ip: 192.168.157.246, host: pr-hdds-2137-trunk-xplkb-1906903878, networkLocation: /default-rack, certSerialId: null}92cc866f-2236-4b73-b0be-e1c51e7c2e55{ip: 192.168.157.246, host: pr-hdds-2137-trunk-xplkb-1906903878, networkLocation: /default-rack, certSerialId: null}, Type:RATIS, Factor:THREE, State:OPEN]
2019-09-18 08:50:10,185 [org.apache.ratis.server.impl.LogAppender$AppenderDaemon$$Lambda$505/1942826489@541c59a0] ERROR ratis.XceiverServerRatis (XceiverServerRatis.java:triggerPipelineClose(575)) - pipeline Action CLOSE  on pipeline PipelineID=2bfa63fb-76fd-4f8a-9c4c-85722e6f2626.Reason : 92cc866f-2236-4b73-b0be-e1c51e7c2e55 has not seen follower/s 6955b3b9-1fa4-46c5-a946-8e67bfb83506 for 147478ms 07201f0e-3a1c-4c3e-af2c-9eb1e9c35520 for 147477ms
2019-09-18 08:50:10,185 [org.apache.ratis.server.impl.LogAppender$AppenderDaemon$$Lambda$505/1942826489@7aa047b2] ERROR ratis.XceiverServerRatis (XceiverServerRatis.java:triggerPipelineClose(575)) - pipeline Action CLOSE  on pipeline PipelineID=2bfa63fb-76fd-4f8a-9c4c-85722e6f2626.Reason : 92cc866f-2236-4b73-b0be-e1c51e7c2e55 has not seen follower/s 6955b3b9-1fa4-46c5-a946-8e67bfb83506 for 147478ms 07201f0e-3a1c-4c3e-af2c-9eb1e9c35520 for 147478ms
2019-09-18 08:50:10,344 [grpc-default-executor-6] INFO  client.GrpcClientProtocolClient (GrpcClientProtocolClient.java:onNext(264)) - client-45043365F4D9->6955b3b9-1fa4-46c5-a946-8e67bfb83506: receive RaftClientReply:client-45043365F4D9->6955b3b9-1fa4-46c5-a946-8e67bfb83506@group-85722E6F2626, cid=64, FAILED org.apache.ratis.protocol.NotLeaderException: Server 6955b3b9-1fa4-46c5-a946-8e67bfb83506@group-85722E6F2626 is not the leader 92cc866f-2236-4b73-b0be-e1c51e7c2e55:192.168.157.246:35640, logIndex=0, commits[6955b3b9-1fa4-46c5-a946-8e67bfb83506:c10, 07201f0e-3a1c-4c3e-af2c-9eb1e9c35520:c8, 92cc866f-2236-4b73-b0be-e1c51e7c2e55:c10]
2019-09-18 08:50:10,668 [EventQueue-PipelineActionsForPipelineActionHandler] ERROR pipeline.PipelineActionHandler (PipelineActionHandler.java:onMessage(60)) - Received pipeline action CLOSE for Pipeline[ Id: 2bfa63fb-76fd-4f8a-9c4c-85722e6f2626, Nodes: 07201f0e-3a1c-4c3e-af2c-9eb1e9c35520{ip: 192.168.157.246, host: pr-hdds-2137-trunk-xplkb-1906903878, networkLocation: /default-rack, certSerialId: null}6955b3b9-1fa4-46c5-a946-8e67bfb83506{ip: 192.168.157.246, host: pr-hdds-2137-trunk-xplkb-1906903878, networkLocation: /default-rack, certSerialId: null}92cc866f-2236-4b73-b0be-e1c51e7c2e55{ip: 192.168.157.246, host: pr-hdds-2137-trunk-xplkb-1906903878, networkLocation: /default-rack, certSerialId: null}, Type:RATIS, Factor:THREE, State:CLOSED] from datanode 92cc866f-2236-4b73-b0be-e1c51e7c2e55{ip: 192.168.157.246, host: pr-hdds-2137-trunk-xplkb-1906903878, networkLocation: /default-rack, certSerialId: null}. Reason : 92cc866f-2236-4b73-b0be-e1c51e7c2e55 has not seen follower/s 6955b3b9-1fa4-46c5-a946-8e67bfb83506 for 147478ms 07201f0e-3a1c-4c3e-af2c-9eb1e9c35520 for 147477ms
2019-09-18 08:50:10,668 [EventQueue-PipelineActionsForPipelineActionHandler] INFO  pipeline.SCMPipelineManager (SCMPipelineManager.java:finalizeAndDestroyPipeline(311)) - destroying pipeline:Pipeline[ Id: 2bfa63fb-76fd-4f8a-9c4c-85722e6f2626, Nodes: 07201f0e-3a1c-4c3e-af2c-9eb1e9c35520{ip: 192.168.157.246, host: pr-hdds-2137-trunk-xplkb-1906903878, networkLocation: /default-rack, certSerialId: null}6955b3b9-1fa4-46c5-a946-8e67bfb83506{ip: 192.168.157.246, host: pr-hdds-2137-trunk-xplkb-1906903878, networkLocation: /default-rack, certSerialId: null}92cc866f-2236-4b73-b0be-e1c51e7c2e55{ip: 192.168.157.246, host: pr-hdds-2137-trunk-xplkb-1906903878, networkLocation: /default-rack, certSerialId: null}, Type:RATIS, Factor:THREE, State:CLOSED]
2019-09-18 08:50:10,684 [java.util.concurrent.ThreadPoolExecutor$Worker@6b990b24[State = -1, empty queue]] WARN  server.GrpcLogAppender (GrpcLogAppender.java:timeoutAppendRequest(200)) - 92cc866f-2236-4b73-b0be-e1c51e7c2e55@group-85722E6F2626->6955b3b9-1fa4-46c5-a946-8e67bfb83506-GrpcLogAppender: appendEntries Timeout, request=92cc866f-2236-4b73-b0be-e1c51e7c2e55->6955b3b9-1fa4-46c5-a946-8e67bfb83506#76-t1, previous=(t:1, i:17), leaderCommit=10, initializing? false, entries: <empty>
2019-09-18 08:50:10,684 [java.util.concurrent.ThreadPoolExecutor$Worker@e8d937c[State = -1, empty queue]] WARN  server.GrpcLogAppender (GrpcLogAppender.java:timeoutAppendRequest(200)) - 92cc866f-2236-4b73-b0be-e1c51e7c2e55@group-85722E6F2626->07201f0e-3a1c-4c3e-af2c-9eb1e9c35520-GrpcLogAppender: appendEntries Timeout, request=92cc866f-2236-4b73-b0be-e1c51e7c2e55->07201f0e-3a1c-4c3e-af2c-9eb1e9c35520#76-t1, previous=(t:1, i:17), leaderCommit=10, initializing? false, entries: <empty>
2019-09-18 08:50:12,686 [org.apache.ratis.server.impl.LogAppender$AppenderDaemon$$Lambda$505/1942826489@541c59a0] ERROR ratis.XceiverServerRatis (XceiverServerRatis.java:triggerPipelineClose(575)) - pipeline Action CLOSE  on pipeline PipelineID=2bfa63fb-76fd-4f8a-9c4c-85722e6f2626.Reason : 92cc866f-2236-4b73-b0be-e1c51e7c2e55 has not seen follower/s 6955b3b9-1fa4-46c5-a946-8e67bfb83506 for 149979ms 07201f0e-3a1c-4c3e-af2c-9eb1e9c35520 for 149979ms
2019-09-18 08:50:12,686 [org.apache.ratis.server.impl.LogAppender$AppenderDaemon$$Lambda$505/1942826489@7aa047b2] ERROR ratis.XceiverServerRatis (XceiverServerRatis.java:triggerPipelineClose(575)) - pipeline Action CLOSE  on pipeline PipelineID=2bfa63fb-76fd-4f8a-9c4c-85722e6f2626.Reason : 92cc866f-2236-4b73-b0be-e1c51e7c2e55 has not seen follower/s 6955b3b9-1fa4-46c5-a946-8e67bfb83506 for 149979ms 07201f0e-3a1c-4c3e-af2c-9eb1e9c35520 for 149979ms
2019-09-18 08:50:13,185 [java.util.concurrent.ThreadPoolExecutor$Worker@6b990b24[State = -1, empty queue]] WARN  server.GrpcLogAppender (GrpcLogAppender.java:timeoutAppendRequest(200)) - 92cc866f-2236-4b73-b0be-e1c51e7c2e55@group-85722E6F2626->6955b3b9-1fa4-46c5-a946-8e67bfb83506-GrpcLogAppender: appendEntries Timeout, request=92cc866f-2236-4b73-b0be-e1c51e7c2e55->6955b3b9-1fa4-46c5-a946-8e67bfb83506#77-t1, previous=(t:1, i:17), leaderCommit=10, initializing? false, entries: <empty>
2019-09-18 08:50:13,185 [java.util.concurrent.ThreadPoolExecutor$Worker@e8d937c[State = -1, empty queue]] WARN  server.GrpcLogAppender (GrpcLogAppender.java:timeoutAppendRequest(200)) - 92cc866f-2236-4b73-b0be-e1c51e7c2e55@group-85722E6F2626->07201f0e-3a1c-4c3e-af2c-9eb1e9c35520-GrpcLogAppender: appendEntries Timeout, request=92cc866f-2236-4b73-b0be-e1c51e7c2e55->07201f0e-3a1c-4c3e-af2c-9eb1e9c35520#77-t1, previous=(t:1, i:17), leaderCommit=10, initializing? false, entries: <empty>
2019-09-18 08:50:13,668 [EventQueue-PipelineActionsForPipelineActionHandler] ERROR pipeline.PipelineActionHandler (PipelineActionHandler.java:onMessage(60)) - Received pipeline action CLOSE for Pipeline[ Id: 2bfa63fb-76fd-4f8a-9c4c-85722e6f2626, Nodes: 07201f0e-3a1c-4c3e-af2c-9eb1e9c35520{ip: 192.168.157.246, host: pr-hdds-2137-trunk-xplkb-1906903878, networkLocation: /default-rack, certSerialId: null}6955b3b9-1fa4-46c5-a946-8e67bfb83506{ip: 192.168.157.246, host: pr-hdds-2137-trunk-xplkb-1906903878, networkLocation: /default-rack, certSerialId: null}92cc866f-2236-4b73-b0be-e1c51e7c2e55{ip: 192.168.157.246, host: pr-hdds-2137-trunk-xplkb-1906903878, networkLocation: /default-rack, certSerialId: null}, Type:RATIS, Factor:THREE, State:CLOSED] from datanode 92cc866f-2236-4b73-b0be-e1c51e7c2e55{ip: 192.168.157.246, host: pr-hdds-2137-trunk-xplkb-1906903878, networkLocation: /default-rack, certSerialId: null}. Reason : 92cc866f-2236-4b73-b0be-e1c51e7c2e55 has not seen follower/s 6955b3b9-1fa4-46c5-a946-8e67bfb83506 for 149979ms 07201f0e-3a1c-4c3e-af2c-9eb1e9c35520 for 149979ms
2019-09-18 08:50:13,668 [EventQueue-PipelineActionsForPipelineActionHandler] INFO  pipeline.SCMPipelineManager (SCMPipelineManager.java:finalizeAndDestroyPipeline(311)) - destroying pipeline:Pipeline[ Id: 2bfa63fb-76fd-4f8a-9c4c-85722e6f2626, Nodes: 07201f0e-3a1c-4c3e-af2c-9eb1e9c35520{ip: 192.168.157.246, host: pr-hdds-2137-trunk-xplkb-1906903878, networkLocation: /default-rack, certSerialId: null}6955b3b9-1fa4-46c5-a946-8e67bfb83506{ip: 192.168.157.246, host: pr-hdds-2137-trunk-xplkb-1906903878, networkLocation: /default-rack, certSerialId: null}92cc866f-2236-4b73-b0be-e1c51e7c2e55{ip: 192.168.157.246, host: pr-hdds-2137-trunk-xplkb-1906903878, networkLocation: /default-rack, certSerialId: null}, Type:RATIS, Factor:THREE, State:CLOSED]
2019-09-18 08:50:13,821 [Thread-1380] INFO  impl.FollowerState (FollowerState.java:run(106)) - 92cc866f-2236-4b73-b0be-e1c51e7c2e55:group-FBBCA50E7B50 changes to CANDIDATE, lastRpcTime:5003, electionTimeout:5003ms
2019-09-18 08:50:13,821 [Thread-1380] INFO  impl.RoleInfo (RoleInfo.java:shutdownFollowerState(121)) - 92cc866f-2236-4b73-b0be-e1c51e7c2e55: shutdown FollowerState
2019-09-18 08:50:13,821 [Thread-1380] INFO  impl.RaftServerImpl (RaftServerImpl.java:setRole(174)) - 92cc866f-2236-4b73-b0be-e1c51e7c2e55@group-FBBCA50E7B50: changes role from  FOLLOWER to CANDIDATE at term 0 for changeToCandidate
2019-09-18 08:50:13,822 [Thread-1380] INFO  impl.RoleInfo (RoleInfo.java:updateAndGet(143)) - 92cc866f-2236-4b73-b0be-e1c51e7c2e55: start LeaderElection
2019-09-18 08:50:13,828 [Thread-1377] INFO  impl.FollowerState (FollowerState.java:run(106)) - 6955b3b9-1fa4-46c5-a946-8e67bfb83506:group-FBBCA50E7B50 changes to CANDIDATE, lastRpcTime:5013, electionTimeout:5013ms
2019-09-18 08:50:13,828 [6955b3b9-1fa4-46c5-a946-8e67bfb83506@group-85722E6F2626-SegmentedRaftLogWorker] WARN  segmented.SegmentedRaftLogWorker (SegmentedRaftLogWorker.java:getFromFuture(90)) - Timeout 14/~
org.apache.ratis.protocol.TimeoutIOException: Timeout 10s: WriteLog:11: (t:1, i:11), STATEMACHINELOGENTRY, client-45043365F4D9, cid=64-writeStateMachineData
	at org.apache.ratis.util.IOUtils.getFromFuture(IOUtils.java:87)
	at org.apache.ratis.server.raftlog.segmented.SegmentedRaftLogWorker$StateMachineDataPolicy.getFromFuture(SegmentedRaftLogWorker.java:87)
	at org.apache.ratis.server.raftlog.segmented.SegmentedRaftLogWorker$WriteLog.execute(SegmentedRaftLogWorker.java:477)
	at org.apache.ratis.server.raftlog.segmented.SegmentedRaftLogWorker.run(SegmentedRaftLogWorker.java:289)
	at java.lang.Thread.run(Thread.java:748)
Caused by: java.util.concurrent.TimeoutException
	at java.util.concurrent.CompletableFuture.timedGet(CompletableFuture.java:1771)
	at java.util.concurrent.CompletableFuture.get(CompletableFuture.java:1915)
	at org.apache.ratis.util.IOUtils.getFromFuture(IOUtils.java:79)
	... 4 more
2019-09-18 08:50:13,828 [Thread-1377] INFO  impl.RoleInfo (RoleInfo.java:shutdownFollowerState(121)) - 6955b3b9-1fa4-46c5-a946-8e67bfb83506: shutdown FollowerState
2019-09-18 08:50:13,829 [Thread-1377] INFO  impl.RaftServerImpl (RaftServerImpl.java:setRole(174)) - 6955b3b9-1fa4-46c5-a946-8e67bfb83506@group-FBBCA50E7B50: changes role from  FOLLOWER to CANDIDATE at term 0 for changeToCandidate
2019-09-18 08:50:13,829 [Thread-1377] INFO  impl.RoleInfo (RoleInfo.java:updateAndGet(143)) - 6955b3b9-1fa4-46c5-a946-8e67bfb83506: start LeaderElection
2019-09-18 08:50:13,841 [Thread-1379] INFO  impl.FollowerState (FollowerState.java:run(106)) - 07201f0e-3a1c-4c3e-af2c-9eb1e9c35520:group-FBBCA50E7B50 changes to CANDIDATE, lastRpcTime:5024, electionTimeout:5024ms
2019-09-18 08:50:13,841 [Thread-1379] INFO  impl.RoleInfo (RoleInfo.java:shutdownFollowerState(121)) - 07201f0e-3a1c-4c3e-af2c-9eb1e9c35520: shutdown FollowerState
2019-09-18 08:50:13,841 [Thread-1379] INFO  impl.RaftServerImpl (RaftServerImpl.java:setRole(174)) - 07201f0e-3a1c-4c3e-af2c-9eb1e9c35520@group-FBBCA50E7B50: changes role from  FOLLOWER to CANDIDATE at term 0 for changeToCandidate
2019-09-18 08:50:13,842 [Thread-1379] INFO  impl.RoleInfo (RoleInfo.java:updateAndGet(143)) - 07201f0e-3a1c-4c3e-af2c-9eb1e9c35520: start LeaderElection
2019-09-18 08:50:13,847 [92cc866f-2236-4b73-b0be-e1c51e7c2e55@group-85722E6F2626-SegmentedRaftLogWorker] WARN  segmented.SegmentedRaftLogWorker (SegmentedRaftLogWorker.java:getFromFuture(90)) - Timeout 14/~
org.apache.ratis.protocol.TimeoutIOException: Timeout 10s: WriteLog:11: (t:1, i:11), STATEMACHINELOGENTRY, client-45043365F4D9, cid=64-writeStateMachineData
	at org.apache.ratis.util.IOUtils.getFromFuture(IOUtils.java:87)
	at org.apache.ratis.server.raftlog.segmented.SegmentedRaftLogWorker$StateMachineDataPolicy.getFromFuture(SegmentedRaftLogWorker.java:87)
	at org.apache.ratis.server.raftlog.segmented.SegmentedRaftLogWorker$WriteLog.execute(SegmentedRaftLogWorker.java:477)
	at org.apache.ratis.server.raftlog.segmented.SegmentedRaftLogWorker.run(SegmentedRaftLogWorker.java:289)
	at java.lang.Thread.run(Thread.java:748)
Caused by: java.util.concurrent.TimeoutException
	at java.util.concurrent.CompletableFuture.timedGet(CompletableFuture.java:1771)
	at java.util.concurrent.CompletableFuture.get(CompletableFuture.java:1915)
	at org.apache.ratis.util.IOUtils.getFromFuture(IOUtils.java:79)
	... 4 more
2019-09-18 08:50:13,850 [07201f0e-3a1c-4c3e-af2c-9eb1e9c35520@group-FBBCA50E7B50:LeaderElection16] INFO  impl.LeaderElection (LeaderElection.java:askForVotes(182)) - 07201f0e-3a1c-4c3e-af2c-9eb1e9c35520@group-FBBCA50E7B50:LeaderElection16: begin an election at term 1 for -1: [6955b3b9-1fa4-46c5-a946-8e67bfb83506:192.168.157.246:34451, 07201f0e-3a1c-4c3e-af2c-9eb1e9c35520:192.168.157.246:39492, 92cc866f-2236-4b73-b0be-e1c51e7c2e55:192.168.157.246:35640], old=null
2019-09-18 08:50:13,850 [92cc866f-2236-4b73-b0be-e1c51e7c2e55@group-FBBCA50E7B50:LeaderElection14] INFO  impl.LeaderElection (LeaderElection.java:askForVotes(182)) - 92cc866f-2236-4b73-b0be-e1c51e7c2e55@group-FBBCA50E7B50:LeaderElection14: begin an election at term 1 for -1: [6955b3b9-1fa4-46c5-a946-8e67bfb83506:192.168.157.246:34451, 07201f0e-3a1c-4c3e-af2c-9eb1e9c35520:192.168.157.246:39492, 92cc866f-2236-4b73-b0be-e1c51e7c2e55:192.168.157.246:35640], old=null
2019-09-18 08:50:13,850 [6955b3b9-1fa4-46c5-a946-8e67bfb83506@group-FBBCA50E7B50:LeaderElection15] INFO  impl.LeaderElection (LeaderElection.java:askForVotes(182)) - 6955b3b9-1fa4-46c5-a946-8e67bfb83506@group-FBBCA50E7B50:LeaderElection15: begin an election at term 1 for -1: [6955b3b9-1fa4-46c5-a946-8e67bfb83506:192.168.157.246:34451, 07201f0e-3a1c-4c3e-af2c-9eb1e9c35520:192.168.157.246:39492, 92cc866f-2236-4b73-b0be-e1c51e7c2e55:192.168.157.246:35640], old=null
2019-09-18 08:50:13,855 [92cc866f-2236-4b73-b0be-e1c51e7c2e55@group-FBBCA50E7B50:LeaderElection14] INFO  impl.LeaderElection (LeaderElection.java:logAndReturn(56)) - 92cc866f-2236-4b73-b0be-e1c51e7c2e55@group-FBBCA50E7B50:LeaderElection14: Election REJECTED; received 2 response(s) [92cc866f-2236-4b73-b0be-e1c51e7c2e55<-6955b3b9-1fa4-46c5-a946-8e67bfb83506#0:FAIL-t1, 92cc866f-2236-4b73-b0be-e1c51e7c2e55<-07201f0e-3a1c-4c3e-af2c-9eb1e9c35520#0:FAIL-t1] and 0 exception(s); 92cc866f-2236-4b73-b0be-e1c51e7c2e55@group-FBBCA50E7B50:t1, leader=null, voted=92cc866f-2236-4b73-b0be-e1c51e7c2e55, raftlog=92cc866f-2236-4b73-b0be-e1c51e7c2e55@group-FBBCA50E7B50-SegmentedRaftLog:OPENED:c-1,f-1,i0, conf=-1: [6955b3b9-1fa4-46c5-a946-8e67bfb83506:192.168.157.246:34451, 07201f0e-3a1c-4c3e-af2c-9eb1e9c35520:192.168.157.246:39492, 92cc866f-2236-4b73-b0be-e1c51e7c2e55:192.168.157.246:35640], old=null
2019-09-18 08:50:13,855 [92cc866f-2236-4b73-b0be-e1c51e7c2e55@group-FBBCA50E7B50:LeaderElection14] INFO  impl.RaftServerImpl (RaftServerImpl.java:setRole(174)) - 92cc866f-2236-4b73-b0be-e1c51e7c2e55@group-FBBCA50E7B50: changes role from CANDIDATE to FOLLOWER at term 1 for DISCOVERED_A_NEW_TERM
2019-09-18 08:50:13,857 [92cc866f-2236-4b73-b0be-e1c51e7c2e55@group-FBBCA50E7B50:LeaderElection14] INFO  impl.RoleInfo (RoleInfo.java:shutdownLeaderElection(134)) - 92cc866f-2236-4b73-b0be-e1c51e7c2e55: shutdown LeaderElection
2019-09-18 08:50:13,857 [92cc866f-2236-4b73-b0be-e1c51e7c2e55@group-FBBCA50E7B50:LeaderElection14] INFO  impl.RoleInfo (RoleInfo.java:updateAndGet(143)) - 92cc866f-2236-4b73-b0be-e1c51e7c2e55: start FollowerState
2019-09-18 08:50:13,860 [07201f0e-3a1c-4c3e-af2c-9eb1e9c35520@group-FBBCA50E7B50:LeaderElection16] INFO  impl.LeaderElection (LeaderElection.java:logAndReturn(56)) - 07201f0e-3a1c-4c3e-af2c-9eb1e9c35520@group-FBBCA50E7B50:LeaderElection16: Election REJECTED; received 2 response(s) [07201f0e-3a1c-4c3e-af2c-9eb1e9c35520<-6955b3b9-1fa4-46c5-a946-8e67bfb83506#0:FAIL-t1, 07201f0e-3a1c-4c3e-af2c-9eb1e9c35520<-92cc866f-2236-4b73-b0be-e1c51e7c2e55#0:FAIL-t1] and 0 exception(s); 07201f0e-3a1c-4c3e-af2c-9eb1e9c35520@group-FBBCA50E7B50:t1, leader=null, voted=07201f0e-3a1c-4c3e-af2c-9eb1e9c35520, raftlog=07201f0e-3a1c-4c3e-af2c-9eb1e9c35520@group-FBBCA50E7B50-SegmentedRaftLog:OPENED:c-1,f-1,i0, conf=-1: [6955b3b9-1fa4-46c5-a946-8e67bfb83506:192.168.157.246:34451, 07201f0e-3a1c-4c3e-af2c-9eb1e9c35520:192.168.157.246:39492, 92cc866f-2236-4b73-b0be-e1c51e7c2e55:192.168.157.246:35640], old=null
2019-09-18 08:50:13,860 [6955b3b9-1fa4-46c5-a946-8e67bfb83506@group-FBBCA50E7B50:LeaderElection15] INFO  impl.LeaderElection (LeaderElection.java:logAndReturn(56)) - 6955b3b9-1fa4-46c5-a946-8e67bfb83506@group-FBBCA50E7B50:LeaderElection15: Election REJECTED; received 2 response(s) [6955b3b9-1fa4-46c5-a946-8e67bfb83506<-07201f0e-3a1c-4c3e-af2c-9eb1e9c35520#0:FAIL-t1, 6955b3b9-1fa4-46c5-a946-8e67bfb83506<-92cc866f-2236-4b73-b0be-e1c51e7c2e55#0:FAIL-t1] and 0 exception(s); 6955b3b9-1fa4-46c5-a946-8e67bfb83506@group-FBBCA50E7B50:t1, leader=null, voted=6955b3b9-1fa4-46c5-a946-8e67bfb83506, raftlog=6955b3b9-1fa4-46c5-a946-8e67bfb83506@group-FBBCA50E7B50-SegmentedRaftLog:OPENED:c-1,f-1,i0, conf=-1: [6955b3b9-1fa4-46c5-a946-8e67bfb83506:192.168.157.246:34451, 07201f0e-3a1c-4c3e-af2c-9eb1e9c35520:192.168.157.246:39492, 92cc866f-2236-4b73-b0be-e1c51e7c2e55:192.168.157.246:35640], old=null
2019-09-18 08:50:13,860 [07201f0e-3a1c-4c3e-af2c-9eb1e9c35520@group-FBBCA50E7B50:LeaderElection16] INFO  impl.RaftServerImpl (RaftServerImpl.java:setRole(174)) - 07201f0e-3a1c-4c3e-af2c-9eb1e9c35520@group-FBBCA50E7B50: changes role from CANDIDATE to FOLLOWER at term 1 for DISCOVERED_A_NEW_TERM
2019-09-18 08:50:13,864 [6955b3b9-1fa4-46c5-a946-8e67bfb83506@group-FBBCA50E7B50:LeaderElection15] INFO  impl.RaftServerImpl (RaftServerImpl.java:setRole(174)) - 6955b3b9-1fa4-46c5-a946-8e67bfb83506@group-FBBCA50E7B50: changes role from CANDIDATE to FOLLOWER at term 1 for DISCOVERED_A_NEW_TERM
2019-09-18 08:50:13,864 [07201f0e-3a1c-4c3e-af2c-9eb1e9c35520@group-FBBCA50E7B50:LeaderElection16] INFO  impl.RoleInfo (RoleInfo.java:shutdownLeaderElection(134)) - 07201f0e-3a1c-4c3e-af2c-9eb1e9c35520: shutdown LeaderElection
2019-09-18 08:50:13,866 [6955b3b9-1fa4-46c5-a946-8e67bfb83506@group-FBBCA50E7B50:LeaderElection15] INFO  impl.RoleInfo (RoleInfo.java:shutdownLeaderElection(134)) - 6955b3b9-1fa4-46c5-a946-8e67bfb83506: shutdown LeaderElection
2019-09-18 08:50:13,866 [07201f0e-3a1c-4c3e-af2c-9eb1e9c35520@group-FBBCA50E7B50:LeaderElection16] INFO  impl.RoleInfo (RoleInfo.java:updateAndGet(143)) - 07201f0e-3a1c-4c3e-af2c-9eb1e9c35520: start FollowerState
2019-09-18 08:50:13,866 [6955b3b9-1fa4-46c5-a946-8e67bfb83506@group-FBBCA50E7B50:LeaderElection15] INFO  impl.RoleInfo (RoleInfo.java:updateAndGet(143)) - 6955b3b9-1fa4-46c5-a946-8e67bfb83506: start FollowerState
2019-09-18 08:50:15,187 [org.apache.ratis.server.impl.LogAppender$AppenderDaemon$$Lambda$505/1942826489@541c59a0] ERROR ratis.XceiverServerRatis (XceiverServerRatis.java:triggerPipelineClose(575)) - pipeline Action CLOSE  on pipeline PipelineID=2bfa63fb-76fd-4f8a-9c4c-85722e6f2626.Reason : 92cc866f-2236-4b73-b0be-e1c51e7c2e55 has not seen follower/s 6955b3b9-1fa4-46c5-a946-8e67bfb83506 for 152480ms 07201f0e-3a1c-4c3e-af2c-9eb1e9c35520 for 152480ms
2019-09-18 08:50:15,187 [org.apache.ratis.server.impl.LogAppender$AppenderDaemon$$Lambda$505/1942826489@7aa047b2] ERROR ratis.XceiverServerRatis (XceiverServerRatis.java:triggerPipelineClose(575)) - pipeline Action CLOSE  on pipeline PipelineID=2bfa63fb-76fd-4f8a-9c4c-85722e6f2626.Reason : 92cc866f-2236-4b73-b0be-e1c51e7c2e55 has not seen follower/s 6955b3b9-1fa4-46c5-a946-8e67bfb83506 for 152480ms 07201f0e-3a1c-4c3e-af2c-9eb1e9c35520 for 152480ms
2019-09-18 08:50:15,402 [grpc-default-executor-4] INFO  client.GrpcClientProtocolClient (GrpcClientProtocolClient.java:onNext(264)) - client-45043365F4D9->6955b3b9-1fa4-46c5-a946-8e67bfb83506: receive RaftClientReply:client-45043365F4D9->6955b3b9-1fa4-46c5-a946-8e67bfb83506@group-85722E6F2626, cid=64, FAILED org.apache.ratis.protocol.NotLeaderException: Server 6955b3b9-1fa4-46c5-a946-8e67bfb83506@group-85722E6F2626 is not the leader 92cc866f-2236-4b73-b0be-e1c51e7c2e55:192.168.157.246:35640, logIndex=0, commits[6955b3b9-1fa4-46c5-a946-8e67bfb83506:c10, 07201f0e-3a1c-4c3e-af2c-9eb1e9c35520:c8, 92cc866f-2236-4b73-b0be-e1c51e7c2e55:c10]
2019-09-18 08:50:15,612 [07201f0e-3a1c-4c3e-af2c-9eb1e9c35520@group-85722E6F2626-SegmentedRaftLogWorker] WARN  segmented.SegmentedRaftLogWorker (SegmentedRaftLogWorker.java:getFromFuture(90)) - Timeout 14/~
org.apache.ratis.protocol.TimeoutIOException: Timeout 10s: WriteLog:12: (t:1, i:12), STATEMACHINELOGENTRY, client-45043365F4D9, cid=65-writeStateMachineData
	at org.apache.ratis.util.IOUtils.getFromFuture(IOUtils.java:87)
	at org.apache.ratis.server.raftlog.segmented.SegmentedRaftLogWorker$StateMachineDataPolicy.getFromFuture(SegmentedRaftLogWorker.java:87)
	at org.apache.ratis.server.raftlog.segmented.SegmentedRaftLogWorker$WriteLog.execute(SegmentedRaftLogWorker.java:477)
	at org.apache.ratis.server.raftlog.segmented.SegmentedRaftLogWorker.run(SegmentedRaftLogWorker.java:289)
	at java.lang.Thread.run(Thread.java:748)
Caused by: java.util.concurrent.TimeoutException
	at java.util.concurrent.CompletableFuture.timedGet(CompletableFuture.java:1771)
	at java.util.concurrent.CompletableFuture.get(CompletableFuture.java:1915)
	at org.apache.ratis.util.IOUtils.getFromFuture(IOUtils.java:79)
	... 4 more
2019-09-18 08:50:15,668 [EventQueue-PipelineActionsForPipelineActionHandler] ERROR pipeline.PipelineActionHandler (PipelineActionHandler.java:onMessage(60)) - Received pipeline action CLOSE for Pipeline[ Id: 2bfa63fb-76fd-4f8a-9c4c-85722e6f2626, Nodes: 07201f0e-3a1c-4c3e-af2c-9eb1e9c35520{ip: 192.168.157.246, host: pr-hdds-2137-trunk-xplkb-1906903878, networkLocation: /default-rack, certSerialId: null}6955b3b9-1fa4-46c5-a946-8e67bfb83506{ip: 192.168.157.246, host: pr-hdds-2137-trunk-xplkb-1906903878, networkLocation: /default-rack, certSerialId: null}92cc866f-2236-4b73-b0be-e1c51e7c2e55{ip: 192.168.157.246, host: pr-hdds-2137-trunk-xplkb-1906903878, networkLocation: /default-rack, certSerialId: null}, Type:RATIS, Factor:THREE, State:CLOSED] from datanode 92cc866f-2236-4b73-b0be-e1c51e7c2e55{ip: 192.168.157.246, host: pr-hdds-2137-trunk-xplkb-1906903878, networkLocation: /default-rack, certSerialId: null}. Reason : 92cc866f-2236-4b73-b0be-e1c51e7c2e55 has not seen follower/s 6955b3b9-1fa4-46c5-a946-8e67bfb83506 for 152480ms 07201f0e-3a1c-4c3e-af2c-9eb1e9c35520 for 152480ms
2019-09-18 08:50:15,668 [EventQueue-PipelineActionsForPipelineActionHandler] INFO  pipeline.SCMPipelineManager (SCMPipelineManager.java:finalizeAndDestroyPipeline(311)) - destroying pipeline:Pipeline[ Id: 2bfa63fb-76fd-4f8a-9c4c-85722e6f2626, Nodes: 07201f0e-3a1c-4c3e-af2c-9eb1e9c35520{ip: 192.168.157.246, host: pr-hdds-2137-trunk-xplkb-1906903878, networkLocation: /default-rack, certSerialId: null}6955b3b9-1fa4-46c5-a946-8e67bfb83506{ip: 192.168.157.246, host: pr-hdds-2137-trunk-xplkb-1906903878, networkLocation: /default-rack, certSerialId: null}92cc866f-2236-4b73-b0be-e1c51e7c2e55{ip: 192.168.157.246, host: pr-hdds-2137-trunk-xplkb-1906903878, networkLocation: /default-rack, certSerialId: null}, Type:RATIS, Factor:THREE, State:CLOSED]
2019-09-18 08:50:15,686 [java.util.concurrent.ThreadPoolExecutor$Worker@e8d937c[State = -1, empty queue]] WARN  server.GrpcLogAppender (GrpcLogAppender.java:timeoutAppendRequest(200)) - 92cc866f-2236-4b73-b0be-e1c51e7c2e55@group-85722E6F2626->07201f0e-3a1c-4c3e-af2c-9eb1e9c35520-GrpcLogAppender: appendEntries Timeout, request=92cc866f-2236-4b73-b0be-e1c51e7c2e55->07201f0e-3a1c-4c3e-af2c-9eb1e9c35520#78-t1, previous=(t:1, i:17), leaderCommit=10, initializing? false, entries: <empty>
2019-09-18 08:50:15,686 [java.util.concurrent.ThreadPoolExecutor$Worker@6b990b24[State = -1, empty queue]] WARN  server.GrpcLogAppender (GrpcLogAppender.java:timeoutAppendRequest(200)) - 92cc866f-2236-4b73-b0be-e1c51e7c2e55@group-85722E6F2626->6955b3b9-1fa4-46c5-a946-8e67bfb83506-GrpcLogAppender: appendEntries Timeout, request=92cc866f-2236-4b73-b0be-e1c51e7c2e55->6955b3b9-1fa4-46c5-a946-8e67bfb83506#78-t1, previous=(t:1, i:17), leaderCommit=10, initializing? false, entries: <empty>
2019-09-18 08:50:17,689 [org.apache.ratis.server.impl.LogAppender$AppenderDaemon$$Lambda$505/1942826489@541c59a0] ERROR ratis.XceiverServerRatis (XceiverServerRatis.java:triggerPipelineClose(575)) - pipeline Action CLOSE  on pipeline PipelineID=2bfa63fb-76fd-4f8a-9c4c-85722e6f2626.Reason : 92cc866f-2236-4b73-b0be-e1c51e7c2e55 has not seen follower/s 6955b3b9-1fa4-46c5-a946-8e67bfb83506 for 154982ms 07201f0e-3a1c-4c3e-af2c-9eb1e9c35520 for 154982ms
2019-09-18 08:50:17,689 [org.apache.ratis.server.impl.LogAppender$AppenderDaemon$$Lambda$505/1942826489@7aa047b2] ERROR ratis.XceiverServerRatis (XceiverServerRatis.java:triggerPipelineClose(575)) - pipeline Action CLOSE  on pipeline PipelineID=2bfa63fb-76fd-4f8a-9c4c-85722e6f2626.Reason : 92cc866f-2236-4b73-b0be-e1c51e7c2e55 has not seen follower/s 6955b3b9-1fa4-46c5-a946-8e67bfb83506 for 154982ms 07201f0e-3a1c-4c3e-af2c-9eb1e9c35520 for 154982ms
2019-09-18 08:50:18,187 [java.util.concurrent.ThreadPoolExecutor$Worker@6b990b24[State = -1, empty queue]] WARN  server.GrpcLogAppender (GrpcLogAppender.java:timeoutAppendRequest(200)) - 92cc866f-2236-4b73-b0be-e1c51e7c2e55@group-85722E6F2626->6955b3b9-1fa4-46c5-a946-8e67bfb83506-GrpcLogAppender: appendEntries Timeout, request=92cc866f-2236-4b73-b0be-e1c51e7c2e55->6955b3b9-1fa4-46c5-a946-8e67bfb83506#79-t1, previous=(t:1, i:17), leaderCommit=10, initializing? false, entries: <empty>
2019-09-18 08:50:18,187 [java.util.concurrent.ThreadPoolExecutor$Worker@e8d937c[State = -1, empty queue]] WARN  server.GrpcLogAppender (GrpcLogAppender.java:timeoutAppendRequest(200)) - 92cc866f-2236-4b73-b0be-e1c51e7c2e55@group-85722E6F2626->07201f0e-3a1c-4c3e-af2c-9eb1e9c35520-GrpcLogAppender: appendEntries Timeout, request=92cc866f-2236-4b73-b0be-e1c51e7c2e55->07201f0e-3a1c-4c3e-af2c-9eb1e9c35520#79-t1, previous=(t:1, i:17), leaderCommit=10, initializing? false, entries: <empty>
2019-09-18 08:50:18,668 [EventQueue-PipelineActionsForPipelineActionHandler] ERROR pipeline.PipelineActionHandler (PipelineActionHandler.java:onMessage(60)) - Received pipeline action CLOSE for Pipeline[ Id: 2bfa63fb-76fd-4f8a-9c4c-85722e6f2626, Nodes: 07201f0e-3a1c-4c3e-af2c-9eb1e9c35520{ip: 192.168.157.246, host: pr-hdds-2137-trunk-xplkb-1906903878, networkLocation: /default-rack, certSerialId: null}6955b3b9-1fa4-46c5-a946-8e67bfb83506{ip: 192.168.157.246, host: pr-hdds-2137-trunk-xplkb-1906903878, networkLocation: /default-rack, certSerialId: null}92cc866f-2236-4b73-b0be-e1c51e7c2e55{ip: 192.168.157.246, host: pr-hdds-2137-trunk-xplkb-1906903878, networkLocation: /default-rack, certSerialId: null}, Type:RATIS, Factor:THREE, State:CLOSED] from datanode 92cc866f-2236-4b73-b0be-e1c51e7c2e55{ip: 192.168.157.246, host: pr-hdds-2137-trunk-xplkb-1906903878, networkLocation: /default-rack, certSerialId: null}. Reason : 92cc866f-2236-4b73-b0be-e1c51e7c2e55 has not seen follower/s 6955b3b9-1fa4-46c5-a946-8e67bfb83506 for 154982ms 07201f0e-3a1c-4c3e-af2c-9eb1e9c35520 for 154982ms
2019-09-18 08:50:18,669 [EventQueue-PipelineActionsForPipelineActionHandler] INFO  pipeline.SCMPipelineManager (SCMPipelineManager.java:finalizeAndDestroyPipeline(311)) - destroying pipeline:Pipeline[ Id: 2bfa63fb-76fd-4f8a-9c4c-85722e6f2626, Nodes: 07201f0e-3a1c-4c3e-af2c-9eb1e9c35520{ip: 192.168.157.246, host: pr-hdds-2137-trunk-xplkb-1906903878, networkLocation: /default-rack, certSerialId: null}6955b3b9-1fa4-46c5-a946-8e67bfb83506{ip: 192.168.157.246, host: pr-hdds-2137-trunk-xplkb-1906903878, networkLocation: /default-rack, certSerialId: null}92cc866f-2236-4b73-b0be-e1c51e7c2e55{ip: 192.168.157.246, host: pr-hdds-2137-trunk-xplkb-1906903878, networkLocation: /default-rack, certSerialId: null}, Type:RATIS, Factor:THREE, State:CLOSED]
2019-09-18 08:50:18,913 [Thread-1404] INFO  impl.FollowerState (FollowerState.java:run(106)) - 07201f0e-3a1c-4c3e-af2c-9eb1e9c35520:group-FBBCA50E7B50 changes to CANDIDATE, lastRpcTime:5047, electionTimeout:5047ms
2019-09-18 08:50:18,914 [Thread-1404] INFO  impl.RoleInfo (RoleInfo.java:shutdownFollowerState(121)) - 07201f0e-3a1c-4c3e-af2c-9eb1e9c35520: shutdown FollowerState
2019-09-18 08:50:18,914 [Thread-1404] INFO  impl.RaftServerImpl (RaftServerImpl.java:setRole(174)) - 07201f0e-3a1c-4c3e-af2c-9eb1e9c35520@group-FBBCA50E7B50: changes role from  FOLLOWER to CANDIDATE at term 1 for changeToCandidate
2019-09-18 08:50:18,914 [Thread-1404] INFO  impl.RoleInfo (RoleInfo.java:updateAndGet(143)) - 07201f0e-3a1c-4c3e-af2c-9eb1e9c35520: start LeaderElection
2019-09-18 08:50:18,959 [Thread-1405] INFO  impl.FollowerState (FollowerState.java:run(106)) - 6955b3b9-1fa4-46c5-a946-8e67bfb83506:group-FBBCA50E7B50 changes to CANDIDATE, lastRpcTime:5092, electionTimeout:5089ms
2019-09-18 08:50:18,959 [Thread-1405] INFO  impl.RoleInfo (RoleInfo.java:shutdownFollowerState(121)) - 6955b3b9-1fa4-46c5-a946-8e67bfb83506: shutdown FollowerState
2019-09-18 08:50:18,959 [Thread-1405] INFO  impl.RaftServerImpl (RaftServerImpl.java:setRole(174)) - 6955b3b9-1fa4-46c5-a946-8e67bfb83506@group-FBBCA50E7B50: changes role from  FOLLOWER to CANDIDATE at term 1 for changeToCandidate
2019-09-18 08:50:18,959 [Thread-1405] INFO  impl.RoleInfo (RoleInfo.java:updateAndGet(143)) - 6955b3b9-1fa4-46c5-a946-8e67bfb83506: start LeaderElection
2019-09-18 08:50:19,050 [Thread-1403] INFO  impl.FollowerState (FollowerState.java:run(106)) - 92cc866f-2236-4b73-b0be-e1c51e7c2e55:group-FBBCA50E7B50 changes to CANDIDATE, lastRpcTime:5192, electionTimeout:5190ms
2019-09-18 08:50:19,050 [Thread-1403] INFO  impl.RoleInfo (RoleInfo.java:shutdownFollowerState(121)) - 92cc866f-2236-4b73-b0be-e1c51e7c2e55: shutdown FollowerState
2019-09-18 08:50:19,050 [Thread-1403] INFO  impl.RaftServerImpl (RaftServerImpl.java:setRole(174)) - 92cc866f-2236-4b73-b0be-e1c51e7c2e55@group-FBBCA50E7B50: changes role from  FOLLOWER to CANDIDATE at term 1 for changeToCandidate
2019-09-18 08:50:19,050 [Thread-1403] INFO  impl.RoleInfo (RoleInfo.java:updateAndGet(143)) - 92cc866f-2236-4b73-b0be-e1c51e7c2e55: start LeaderElection
2019-09-18 08:50:19,241 [6955b3b9-1fa4-46c5-a946-8e67bfb83506@group-FBBCA50E7B50:LeaderElection18] INFO  impl.LeaderElection (LeaderElection.java:askForVotes(182)) - 6955b3b9-1fa4-46c5-a946-8e67bfb83506@group-FBBCA50E7B50:LeaderElection18: begin an election at term 2 for -1: [6955b3b9-1fa4-46c5-a946-8e67bfb83506:192.168.157.246:34451, 07201f0e-3a1c-4c3e-af2c-9eb1e9c35520:192.168.157.246:39492, 92cc866f-2236-4b73-b0be-e1c51e7c2e55:192.168.157.246:35640], old=null
2019-09-18 08:50:19,241 [07201f0e-3a1c-4c3e-af2c-9eb1e9c35520@group-FBBCA50E7B50:LeaderElection17] INFO  impl.LeaderElection (LeaderElection.java:askForVotes(182)) - 07201f0e-3a1c-4c3e-af2c-9eb1e9c35520@group-FBBCA50E7B50:LeaderElection17: begin an election at term 2 for -1: [6955b3b9-1fa4-46c5-a946-8e67bfb83506:192.168.157.246:34451, 07201f0e-3a1c-4c3e-af2c-9eb1e9c35520:192.168.157.246:39492, 92cc866f-2236-4b73-b0be-e1c51e7c2e55:192.168.157.246:35640], old=null
2019-09-18 08:50:19,241 [92cc866f-2236-4b73-b0be-e1c51e7c2e55@group-FBBCA50E7B50:LeaderElection19] INFO  impl.LeaderElection (LeaderElection.java:askForVotes(182)) - 92cc866f-2236-4b73-b0be-e1c51e7c2e55@group-FBBCA50E7B50:LeaderElection19: begin an election at term 2 for -1: [6955b3b9-1fa4-46c5-a946-8e67bfb83506:192.168.157.246:34451, 07201f0e-3a1c-4c3e-af2c-9eb1e9c35520:192.168.157.246:39492, 92cc866f-2236-4b73-b0be-e1c51e7c2e55:192.168.157.246:35640], old=null
2019-09-18 08:50:19,248 [07201f0e-3a1c-4c3e-af2c-9eb1e9c35520@group-FBBCA50E7B50:LeaderElection17] INFO  impl.LeaderElection (LeaderElection.java:logAndReturn(56)) - 07201f0e-3a1c-4c3e-af2c-9eb1e9c35520@group-FBBCA50E7B50:LeaderElection17: Election REJECTED; received 2 response(s) [07201f0e-3a1c-4c3e-af2c-9eb1e9c35520<-6955b3b9-1fa4-46c5-a946-8e67bfb83506#0:FAIL-t2, 07201f0e-3a1c-4c3e-af2c-9eb1e9c35520<-92cc866f-2236-4b73-b0be-e1c51e7c2e55#0:FAIL-t2] and 0 exception(s); 07201f0e-3a1c-4c3e-af2c-9eb1e9c35520@group-FBBCA50E7B50:t2, leader=null, voted=07201f0e-3a1c-4c3e-af2c-9eb1e9c35520, raftlog=07201f0e-3a1c-4c3e-af2c-9eb1e9c35520@group-FBBCA50E7B50-SegmentedRaftLog:OPENED:c-1,f-1,i0, conf=-1: [6955b3b9-1fa4-46c5-a946-8e67bfb83506:192.168.157.246:34451, 07201f0e-3a1c-4c3e-af2c-9eb1e9c35520:192.168.157.246:39492, 92cc866f-2236-4b73-b0be-e1c51e7c2e55:192.168.157.246:35640], old=null
2019-09-18 08:50:19,248 [07201f0e-3a1c-4c3e-af2c-9eb1e9c35520@group-FBBCA50E7B50:LeaderElection17] INFO  impl.RaftServerImpl (RaftServerImpl.java:setRole(174)) - 07201f0e-3a1c-4c3e-af2c-9eb1e9c35520@group-FBBCA50E7B50: changes role from CANDIDATE to FOLLOWER at term 2 for DISCOVERED_A_NEW_TERM
2019-09-18 08:50:19,252 [07201f0e-3a1c-4c3e-af2c-9eb1e9c35520@group-FBBCA50E7B50:LeaderElection17] INFO  impl.RoleInfo (RoleInfo.java:shutdownLeaderElection(134)) - 07201f0e-3a1c-4c3e-af2c-9eb1e9c35520: shutdown LeaderElection
2019-09-18 08:50:19,252 [07201f0e-3a1c-4c3e-af2c-9eb1e9c35520@group-FBBCA50E7B50:LeaderElection17] INFO  impl.RoleInfo (RoleInfo.java:updateAndGet(143)) - 07201f0e-3a1c-4c3e-af2c-9eb1e9c35520: start FollowerState
2019-09-18 08:50:19,253 [92cc866f-2236-4b73-b0be-e1c51e7c2e55@group-FBBCA50E7B50:LeaderElection19] INFO  impl.LeaderElection (LeaderElection.java:logAndReturn(56)) - 92cc866f-2236-4b73-b0be-e1c51e7c2e55@group-FBBCA50E7B50:LeaderElection19: Election REJECTED; received 2 response(s) [92cc866f-2236-4b73-b0be-e1c51e7c2e55<-6955b3b9-1fa4-46c5-a946-8e67bfb83506#0:FAIL-t2, 92cc866f-2236-4b73-b0be-e1c51e7c2e55<-07201f0e-3a1c-4c3e-af2c-9eb1e9c35520#0:FAIL-t2] and 0 exception(s); 92cc866f-2236-4b73-b0be-e1c51e7c2e55@group-FBBCA50E7B50:t2, leader=null, voted=92cc866f-2236-4b73-b0be-e1c51e7c2e55, raftlog=92cc866f-2236-4b73-b0be-e1c51e7c2e55@group-FBBCA50E7B50-SegmentedRaftLog:OPENED:c-1,f-1,i0, conf=-1: [6955b3b9-1fa4-46c5-a946-8e67bfb83506:192.168.157.246:34451, 07201f0e-3a1c-4c3e-af2c-9eb1e9c35520:192.168.157.246:39492, 92cc866f-2236-4b73-b0be-e1c51e7c2e55:192.168.157.246:35640], old=null
2019-09-18 08:50:19,255 [6955b3b9-1fa4-46c5-a946-8e67bfb83506@group-FBBCA50E7B50:LeaderElection18] INFO  impl.LeaderElection (LeaderElection.java:logAndReturn(56)) - 6955b3b9-1fa4-46c5-a946-8e67bfb83506@group-FBBCA50E7B50:LeaderElection18: Election REJECTED; received 2 response(s) [6955b3b9-1fa4-46c5-a946-8e67bfb83506<-07201f0e-3a1c-4c3e-af2c-9eb1e9c35520#0:FAIL-t2, 6955b3b9-1fa4-46c5-a946-8e67bfb83506<-92cc866f-2236-4b73-b0be-e1c51e7c2e55#0:FAIL-t2] and 0 exception(s); 6955b3b9-1fa4-46c5-a946-8e67bfb83506@group-FBBCA50E7B50:t2, leader=null, voted=6955b3b9-1fa4-46c5-a946-8e67bfb83506, raftlog=6955b3b9-1fa4-46c5-a946-8e67bfb83506@group-FBBCA50E7B50-SegmentedRaftLog:OPENED:c-1,f-1,i0, conf=-1: [6955b3b9-1fa4-46c5-a946-8e67bfb83506:192.168.157.246:34451, 07201f0e-3a1c-4c3e-af2c-9eb1e9c35520:192.168.157.246:39492, 92cc866f-2236-4b73-b0be-e1c51e7c2e55:192.168.157.246:35640], old=null
2019-09-18 08:50:19,255 [92cc866f-2236-4b73-b0be-e1c51e7c2e55@group-FBBCA50E7B50:LeaderElection19] INFO  impl.RaftServerImpl (RaftServerImpl.java:setRole(174)) - 92cc866f-2236-4b73-b0be-e1c51e7c2e55@group-FBBCA50E7B50: changes role from CANDIDATE to FOLLOWER at term 2 for DISCOVERED_A_NEW_TERM
2019-09-18 08:50:19,266 [6955b3b9-1fa4-46c5-a946-8e67bfb83506@group-FBBCA50E7B50:LeaderElection18] INFO  impl.RaftServerImpl (RaftServerImpl.java:setRole(174)) - 6955b3b9-1fa4-46c5-a946-8e67bfb83506@group-FBBCA50E7B50: changes role from CANDIDATE to FOLLOWER at term 2 for DISCOVERED_A_NEW_TERM
2019-09-18 08:50:19,266 [92cc866f-2236-4b73-b0be-e1c51e7c2e55@group-FBBCA50E7B50:LeaderElection19] INFO  impl.RoleInfo (RoleInfo.java:shutdownLeaderElection(134)) - 92cc866f-2236-4b73-b0be-e1c51e7c2e55: shutdown LeaderElection
2019-09-18 08:50:19,266 [6955b3b9-1fa4-46c5-a946-8e67bfb83506@group-FBBCA50E7B50:LeaderElection18] INFO  impl.RoleInfo (RoleInfo.java:shutdownLeaderElection(134)) - 6955b3b9-1fa4-46c5-a946-8e67bfb83506: shutdown LeaderElection
2019-09-18 08:50:19,266 [92cc866f-2236-4b73-b0be-e1c51e7c2e55@group-FBBCA50E7B50:LeaderElection19] INFO  impl.RoleInfo (RoleInfo.java:updateAndGet(143)) - 92cc866f-2236-4b73-b0be-e1c51e7c2e55: start FollowerState
2019-09-18 08:50:19,266 [6955b3b9-1fa4-46c5-a946-8e67bfb83506@group-FBBCA50E7B50:LeaderElection18] INFO  impl.RoleInfo (RoleInfo.java:updateAndGet(143)) - 6955b3b9-1fa4-46c5-a946-8e67bfb83506: start FollowerState
2019-09-18 08:50:20,189 [org.apache.ratis.server.impl.LogAppender$AppenderDaemon$$Lambda$505/1942826489@541c59a0] ERROR ratis.XceiverServerRatis (XceiverServerRatis.java:triggerPipelineClose(575)) - pipeline Action CLOSE  on pipeline PipelineID=2bfa63fb-76fd-4f8a-9c4c-85722e6f2626.Reason : 92cc866f-2236-4b73-b0be-e1c51e7c2e55 has not seen follower/s 6955b3b9-1fa4-46c5-a946-8e67bfb83506 for 157483ms 07201f0e-3a1c-4c3e-af2c-9eb1e9c35520 for 157482ms
2019-09-18 08:50:20,189 [org.apache.ratis.server.impl.LogAppender$AppenderDaemon$$Lambda$505/1942826489@7aa047b2] ERROR ratis.XceiverServerRatis (XceiverServerRatis.java:triggerPipelineClose(575)) - pipeline Action CLOSE  on pipeline PipelineID=2bfa63fb-76fd-4f8a-9c4c-85722e6f2626.Reason : 92cc866f-2236-4b73-b0be-e1c51e7c2e55 has not seen follower/s 6955b3b9-1fa4-46c5-a946-8e67bfb83506 for 157483ms 07201f0e-3a1c-4c3e-af2c-9eb1e9c35520 for 157482ms
2019-09-18 08:50:20,440 [grpc-default-executor-8] INFO  client.GrpcClientProtocolClient (GrpcClientProtocolClient.java:onNext(264)) - client-45043365F4D9->07201f0e-3a1c-4c3e-af2c-9eb1e9c35520: receive RaftClientReply:client-45043365F4D9->07201f0e-3a1c-4c3e-af2c-9eb1e9c35520@group-85722E6F2626, cid=64, FAILED org.apache.ratis.protocol.NotLeaderException: Server 07201f0e-3a1c-4c3e-af2c-9eb1e9c35520@group-85722E6F2626 is not the leader 92cc866f-2236-4b73-b0be-e1c51e7c2e55:192.168.157.246:35640, logIndex=0, commits[07201f0e-3a1c-4c3e-af2c-9eb1e9c35520:c10, 6955b3b9-1fa4-46c5-a946-8e67bfb83506:c8, 92cc866f-2236-4b73-b0be-e1c51e7c2e55:c10]
2019-09-18 08:50:20,669 [EventQueue-PipelineActionsForPipelineActionHandler] ERROR pipeline.PipelineActionHandler (PipelineActionHandler.java:onMessage(60)) - Received pipeline action CLOSE for Pipeline[ Id: 2bfa63fb-76fd-4f8a-9c4c-85722e6f2626, Nodes: 07201f0e-3a1c-4c3e-af2c-9eb1e9c35520{ip: 192.168.157.246, host: pr-hdds-2137-trunk-xplkb-1906903878, networkLocation: /default-rack, certSerialId: null}6955b3b9-1fa4-46c5-a946-8e67bfb83506{ip: 192.168.157.246, host: pr-hdds-2137-trunk-xplkb-1906903878, networkLocation: /default-rack, certSerialId: null}92cc866f-2236-4b73-b0be-e1c51e7c2e55{ip: 192.168.157.246, host: pr-hdds-2137-trunk-xplkb-1906903878, networkLocation: /default-rack, certSerialId: null}, Type:RATIS, Factor:THREE, State:CLOSED] from datanode 92cc866f-2236-4b73-b0be-e1c51e7c2e55{ip: 192.168.157.246, host: pr-hdds-2137-trunk-xplkb-1906903878, networkLocation: /default-rack, certSerialId: null}. Reason : 92cc866f-2236-4b73-b0be-e1c51e7c2e55 has not seen follower/s 6955b3b9-1fa4-46c5-a946-8e67bfb83506 for 157483ms 07201f0e-3a1c-4c3e-af2c-9eb1e9c35520 for 157482ms
2019-09-18 08:50:20,669 [EventQueue-PipelineActionsForPipelineActionHandler] INFO  pipeline.SCMPipelineManager (SCMPipelineManager.java:finalizeAndDestroyPipeline(311)) - destroying pipeline:Pipeline[ Id: 2bfa63fb-76fd-4f8a-9c4c-85722e6f2626, Nodes: 07201f0e-3a1c-4c3e-af2c-9eb1e9c35520{ip: 192.168.157.246, host: pr-hdds-2137-trunk-xplkb-1906903878, networkLocation: /default-rack, certSerialId: null}6955b3b9-1fa4-46c5-a946-8e67bfb83506{ip: 192.168.157.246, host: pr-hdds-2137-trunk-xplkb-1906903878, networkLocation: /default-rack, certSerialId: null}92cc866f-2236-4b73-b0be-e1c51e7c2e55{ip: 192.168.157.246, host: pr-hdds-2137-trunk-xplkb-1906903878, networkLocation: /default-rack, certSerialId: null}, Type:RATIS, Factor:THREE, State:CLOSED]
2019-09-18 08:50:20,689 [java.util.concurrent.ThreadPoolExecutor$Worker@e8d937c[State = -1, empty queue]] WARN  server.GrpcLogAppender (GrpcLogAppender.java:timeoutAppendRequest(200)) - 92cc866f-2236-4b73-b0be-e1c51e7c2e55@group-85722E6F2626->07201f0e-3a1c-4c3e-af2c-9eb1e9c35520-GrpcLogAppender: appendEntries Timeout, request=92cc866f-2236-4b73-b0be-e1c51e7c2e55->07201f0e-3a1c-4c3e-af2c-9eb1e9c35520#80-t1, previous=(t:1, i:17), leaderCommit=10, initializing? false, entries: <empty>
2019-09-18 08:50:20,689 [java.util.concurrent.ThreadPoolExecutor$Worker@6b990b24[State = -1, empty queue]] WARN  server.GrpcLogAppender (GrpcLogAppender.java:timeoutAppendRequest(200)) - 92cc866f-2236-4b73-b0be-e1c51e7c2e55@group-85722E6F2626->6955b3b9-1fa4-46c5-a946-8e67bfb83506-GrpcLogAppender: appendEntries Timeout, request=92cc866f-2236-4b73-b0be-e1c51e7c2e55->6955b3b9-1fa4-46c5-a946-8e67bfb83506#80-t1, previous=(t:1, i:17), leaderCommit=10, initializing? false, entries: <empty>
2019-09-18 08:50:22,691 [org.apache.ratis.server.impl.LogAppender$AppenderDaemon$$Lambda$505/1942826489@541c59a0] ERROR ratis.XceiverServerRatis (XceiverServerRatis.java:triggerPipelineClose(575)) - pipeline Action CLOSE  on pipeline PipelineID=2bfa63fb-76fd-4f8a-9c4c-85722e6f2626.Reason : 92cc866f-2236-4b73-b0be-e1c51e7c2e55 has not seen follower/s 6955b3b9-1fa4-46c5-a946-8e67bfb83506 for 159984ms 07201f0e-3a1c-4c3e-af2c-9eb1e9c35520 for 159984ms
2019-09-18 08:50:22,691 [org.apache.ratis.server.impl.LogAppender$AppenderDaemon$$Lambda$505/1942826489@7aa047b2] ERROR ratis.XceiverServerRatis (XceiverServerRatis.java:triggerPipelineClose(575)) - pipeline Action CLOSE  on pipeline PipelineID=2bfa63fb-76fd-4f8a-9c4c-85722e6f2626.Reason : 92cc866f-2236-4b73-b0be-e1c51e7c2e55 has not seen follower/s 6955b3b9-1fa4-46c5-a946-8e67bfb83506 for 159984ms 07201f0e-3a1c-4c3e-af2c-9eb1e9c35520 for 159984ms
2019-09-18 08:50:23,189 [java.util.concurrent.ThreadPoolExecutor$Worker@6b990b24[State = -1, empty queue]] WARN  server.GrpcLogAppender (GrpcLogAppender.java:timeoutAppendRequest(200)) - 92cc866f-2236-4b73-b0be-e1c51e7c2e55@group-85722E6F2626->6955b3b9-1fa4-46c5-a946-8e67bfb83506-GrpcLogAppender: appendEntries Timeout, request=92cc866f-2236-4b73-b0be-e1c51e7c2e55->6955b3b9-1fa4-46c5-a946-8e67bfb83506#81-t1, previous=(t:1, i:17), leaderCommit=10, initializing? false, entries: <empty>
2019-09-18 08:50:23,189 [java.util.concurrent.ThreadPoolExecutor$Worker@e8d937c[State = -1, empty queue]] WARN  server.GrpcLogAppender (GrpcLogAppender.java:timeoutAppendRequest(200)) - 92cc866f-2236-4b73-b0be-e1c51e7c2e55@group-85722E6F2626->07201f0e-3a1c-4c3e-af2c-9eb1e9c35520-GrpcLogAppender: appendEntries Timeout, request=92cc866f-2236-4b73-b0be-e1c51e7c2e55->07201f0e-3a1c-4c3e-af2c-9eb1e9c35520#81-t1, previous=(t:1, i:17), leaderCommit=10, initializing? false, entries: <empty>
2019-09-18 08:50:23,671 [EventQueue-PipelineActionsForPipelineActionHandler] ERROR pipeline.PipelineActionHandler (PipelineActionHandler.java:onMessage(60)) - Received pipeline action CLOSE for Pipeline[ Id: 2bfa63fb-76fd-4f8a-9c4c-85722e6f2626, Nodes: 07201f0e-3a1c-4c3e-af2c-9eb1e9c35520{ip: 192.168.157.246, host: pr-hdds-2137-trunk-xplkb-1906903878, networkLocation: /default-rack, certSerialId: null}6955b3b9-1fa4-46c5-a946-8e67bfb83506{ip: 192.168.157.246, host: pr-hdds-2137-trunk-xplkb-1906903878, networkLocation: /default-rack, certSerialId: null}92cc866f-2236-4b73-b0be-e1c51e7c2e55{ip: 192.168.157.246, host: pr-hdds-2137-trunk-xplkb-1906903878, networkLocation: /default-rack, certSerialId: null}, Type:RATIS, Factor:THREE, State:CLOSED] from datanode 92cc866f-2236-4b73-b0be-e1c51e7c2e55{ip: 192.168.157.246, host: pr-hdds-2137-trunk-xplkb-1906903878, networkLocation: /default-rack, certSerialId: null}. Reason : 92cc866f-2236-4b73-b0be-e1c51e7c2e55 has not seen follower/s 6955b3b9-1fa4-46c5-a946-8e67bfb83506 for 159984ms 07201f0e-3a1c-4c3e-af2c-9eb1e9c35520 for 159984ms
2019-09-18 08:50:23,671 [EventQueue-PipelineActionsForPipelineActionHandler] INFO  pipeline.SCMPipelineManager (SCMPipelineManager.java:finalizeAndDestroyPipeline(311)) - destroying pipeline:Pipeline[ Id: 2bfa63fb-76fd-4f8a-9c4c-85722e6f2626, Nodes: 07201f0e-3a1c-4c3e-af2c-9eb1e9c35520{ip: 192.168.157.246, host: pr-hdds-2137-trunk-xplkb-1906903878, networkLocation: /default-rack, certSerialId: null}6955b3b9-1fa4-46c5-a946-8e67bfb83506{ip: 192.168.157.246, host: pr-hdds-2137-trunk-xplkb-1906903878, networkLocation: /default-rack, certSerialId: null}92cc866f-2236-4b73-b0be-e1c51e7c2e55{ip: 192.168.157.246, host: pr-hdds-2137-trunk-xplkb-1906903878, networkLocation: /default-rack, certSerialId: null}, Type:RATIS, Factor:THREE, State:CLOSED]
2019-09-18 08:50:23,829 [6955b3b9-1fa4-46c5-a946-8e67bfb83506@group-85722E6F2626-SegmentedRaftLogWorker] WARN  segmented.SegmentedRaftLogWorker (SegmentedRaftLogWorker.java:getFromFuture(90)) - Timeout 15/~
org.apache.ratis.protocol.TimeoutIOException: Timeout 10s: WriteLog:11: (t:1, i:11), STATEMACHINELOGENTRY, client-45043365F4D9, cid=64-writeStateMachineData
	at org.apache.ratis.util.IOUtils.getFromFuture(IOUtils.java:87)
	at org.apache.ratis.server.raftlog.segmented.SegmentedRaftLogWorker$StateMachineDataPolicy.getFromFuture(SegmentedRaftLogWorker.java:87)
	at org.apache.ratis.server.raftlog.segmented.SegmentedRaftLogWorker$WriteLog.execute(SegmentedRaftLogWorker.java:477)
	at org.apache.ratis.server.raftlog.segmented.SegmentedRaftLogWorker.run(SegmentedRaftLogWorker.java:289)
	at java.lang.Thread.run(Thread.java:748)
Caused by: java.util.concurrent.TimeoutException
	at java.util.concurrent.CompletableFuture.timedGet(CompletableFuture.java:1771)
	at java.util.concurrent.CompletableFuture.get(CompletableFuture.java:1915)
	at org.apache.ratis.util.IOUtils.getFromFuture(IOUtils.java:79)
	... 4 more
2019-09-18 08:50:23,847 [92cc866f-2236-4b73-b0be-e1c51e7c2e55@group-85722E6F2626-SegmentedRaftLogWorker] WARN  segmented.SegmentedRaftLogWorker (SegmentedRaftLogWorker.java:getFromFuture(90)) - Timeout 15/~
org.apache.ratis.protocol.TimeoutIOException: Timeout 10s: WriteLog:11: (t:1, i:11), STATEMACHINELOGENTRY, client-45043365F4D9, cid=64-writeStateMachineData
	at org.apache.ratis.util.IOUtils.getFromFuture(IOUtils.java:87)
	at org.apache.ratis.server.raftlog.segmented.SegmentedRaftLogWorker$StateMachineDataPolicy.getFromFuture(SegmentedRaftLogWorker.java:87)
	at org.apache.ratis.server.raftlog.segmented.SegmentedRaftLogWorker$WriteLog.execute(SegmentedRaftLogWorker.java:477)
	at org.apache.ratis.server.raftlog.segmented.SegmentedRaftLogWorker.run(SegmentedRaftLogWorker.java:289)
	at java.lang.Thread.run(Thread.java:748)
Caused by: java.util.concurrent.TimeoutException
	at java.util.concurrent.CompletableFuture.timedGet(CompletableFuture.java:1771)
	at java.util.concurrent.CompletableFuture.get(CompletableFuture.java:1915)
	at org.apache.ratis.util.IOUtils.getFromFuture(IOUtils.java:79)
	... 4 more
2019-09-18 08:50:24,268 [Thread-1428] INFO  impl.FollowerState (FollowerState.java:run(106)) - 6955b3b9-1fa4-46c5-a946-8e67bfb83506:group-FBBCA50E7B50 changes to CANDIDATE, lastRpcTime:5001, electionTimeout:5001ms
2019-09-18 08:50:24,268 [Thread-1428] INFO  impl.RoleInfo (RoleInfo.java:shutdownFollowerState(121)) - 6955b3b9-1fa4-46c5-a946-8e67bfb83506: shutdown FollowerState
2019-09-18 08:50:24,269 [Thread-1428] INFO  impl.RaftServerImpl (RaftServerImpl.java:setRole(174)) - 6955b3b9-1fa4-46c5-a946-8e67bfb83506@group-FBBCA50E7B50: changes role from  FOLLOWER to CANDIDATE at term 2 for changeToCandidate
2019-09-18 08:50:24,269 [Thread-1428] INFO  impl.RoleInfo (RoleInfo.java:updateAndGet(143)) - 6955b3b9-1fa4-46c5-a946-8e67bfb83506: start LeaderElection
2019-09-18 08:50:24,288 [6955b3b9-1fa4-46c5-a946-8e67bfb83506@group-FBBCA50E7B50:LeaderElection20] INFO  impl.LeaderElection (LeaderElection.java:askForVotes(182)) - 6955b3b9-1fa4-46c5-a946-8e67bfb83506@group-FBBCA50E7B50:LeaderElection20: begin an election at term 3 for -1: [6955b3b9-1fa4-46c5-a946-8e67bfb83506:192.168.157.246:34451, 07201f0e-3a1c-4c3e-af2c-9eb1e9c35520:192.168.157.246:39492, 92cc866f-2236-4b73-b0be-e1c51e7c2e55:192.168.157.246:35640], old=null
2019-09-18 08:50:24,292 [grpc-default-executor-0] INFO  impl.RaftServerImpl (RaftServerImpl.java:setRole(174)) - 07201f0e-3a1c-4c3e-af2c-9eb1e9c35520@group-FBBCA50E7B50: changes role from  FOLLOWER to FOLLOWER at term 3 for recognizeCandidate:6955b3b9-1fa4-46c5-a946-8e67bfb83506
2019-09-18 08:50:24,292 [grpc-default-executor-8] INFO  impl.RaftServerImpl (RaftServerImpl.java:setRole(174)) - 92cc866f-2236-4b73-b0be-e1c51e7c2e55@group-FBBCA50E7B50: changes role from  FOLLOWER to FOLLOWER at term 3 for recognizeCandidate:6955b3b9-1fa4-46c5-a946-8e67bfb83506
2019-09-18 08:50:24,293 [grpc-default-executor-0] INFO  impl.RoleInfo (RoleInfo.java:shutdownFollowerState(121)) - 07201f0e-3a1c-4c3e-af2c-9eb1e9c35520: shutdown FollowerState
2019-09-18 08:50:24,293 [grpc-default-executor-8] INFO  impl.RoleInfo (RoleInfo.java:shutdownFollowerState(121)) - 92cc866f-2236-4b73-b0be-e1c51e7c2e55: shutdown FollowerState
2019-09-18 08:50:24,293 [grpc-default-executor-0] INFO  impl.RoleInfo (RoleInfo.java:updateAndGet(143)) - 07201f0e-3a1c-4c3e-af2c-9eb1e9c35520: start FollowerState
2019-09-18 08:50:24,294 [Thread-1427] INFO  impl.FollowerState (FollowerState.java:run(115)) - 92cc866f-2236-4b73-b0be-e1c51e7c2e55: FollowerState was interrupted: java.lang.InterruptedException: sleep interrupted
2019-09-18 08:50:24,293 [Thread-1426] INFO  impl.FollowerState (FollowerState.java:run(115)) - 07201f0e-3a1c-4c3e-af2c-9eb1e9c35520: FollowerState was interrupted: java.lang.InterruptedException: sleep interrupted
2019-09-18 08:50:24,293 [grpc-default-executor-8] INFO  impl.RoleInfo (RoleInfo.java:updateAndGet(143)) - 92cc866f-2236-4b73-b0be-e1c51e7c2e55: start FollowerState
2019-09-18 08:50:24,314 [6955b3b9-1fa4-46c5-a946-8e67bfb83506@group-FBBCA50E7B50:LeaderElection20] INFO  impl.LeaderElection (LeaderElection.java:logAndReturn(56)) - 6955b3b9-1fa4-46c5-a946-8e67bfb83506@group-FBBCA50E7B50:LeaderElection20: Election PASSED; received 1 response(s) [6955b3b9-1fa4-46c5-a946-8e67bfb83506<-07201f0e-3a1c-4c3e-af2c-9eb1e9c35520#0:OK-t3] and 0 exception(s); 6955b3b9-1fa4-46c5-a946-8e67bfb83506@group-FBBCA50E7B50:t3, leader=null, voted=6955b3b9-1fa4-46c5-a946-8e67bfb83506, raftlog=6955b3b9-1fa4-46c5-a946-8e67bfb83506@group-FBBCA50E7B50-SegmentedRaftLog:OPENED:c-1,f-1,i0, conf=-1: [6955b3b9-1fa4-46c5-a946-8e67bfb83506:192.168.157.246:34451, 07201f0e-3a1c-4c3e-af2c-9eb1e9c35520:192.168.157.246:39492, 92cc866f-2236-4b73-b0be-e1c51e7c2e55:192.168.157.246:35640], old=null
2019-09-18 08:50:24,314 [6955b3b9-1fa4-46c5-a946-8e67bfb83506@group-FBBCA50E7B50:LeaderElection20] INFO  impl.RoleInfo (RoleInfo.java:shutdownLeaderElection(134)) - 6955b3b9-1fa4-46c5-a946-8e67bfb83506: shutdown LeaderElection
2019-09-18 08:50:24,315 [6955b3b9-1fa4-46c5-a946-8e67bfb83506@group-FBBCA50E7B50:LeaderElection20] INFO  impl.RaftServerImpl (RaftServerImpl.java:setRole(174)) - 6955b3b9-1fa4-46c5-a946-8e67bfb83506@group-FBBCA50E7B50: changes role from CANDIDATE to LEADER at term 3 for changeToLeader
2019-09-18 08:50:24,315 [6955b3b9-1fa4-46c5-a946-8e67bfb83506@group-FBBCA50E7B50:LeaderElection20] INFO  impl.RaftServerImpl (ServerState.java:setLeader(253)) - 6955b3b9-1fa4-46c5-a946-8e67bfb83506@group-FBBCA50E7B50: change Leader from null to 6955b3b9-1fa4-46c5-a946-8e67bfb83506 at term 3 for becomeLeader, leader elected after 15510ms
2019-09-18 08:50:24,315 [6955b3b9-1fa4-46c5-a946-8e67bfb83506@group-FBBCA50E7B50:LeaderElection20] INFO  server.RaftServerConfigKeys (ConfUtils.java:logGet(43)) - raft.server.staging.catchup.gap = 1000 (default)
2019-09-18 08:50:24,315 [6955b3b9-1fa4-46c5-a946-8e67bfb83506@group-FBBCA50E7B50:LeaderElection20] INFO  server.RaftServerConfigKeys (ConfUtils.java:logGet(43)) - raft.server.rpc.sleep.time = 25ms (default)
2019-09-18 08:50:24,316 [6955b3b9-1fa4-46c5-a946-8e67bfb83506@group-FBBCA50E7B50:LeaderElection20] INFO  server.RaftServerConfigKeys (ConfUtils.java:logGet(43)) - raft.server.write.element-limit = 4096 (default)
2019-09-18 08:50:24,316 [6955b3b9-1fa4-46c5-a946-8e67bfb83506@group-FBBCA50E7B50:LeaderElection20] INFO  server.RaftServerConfigKeys (ConfUtils.java:logGet(43)) - raft.server.watch.timeout = 10s (default)
2019-09-18 08:50:24,316 [6955b3b9-1fa4-46c5-a946-8e67bfb83506@group-FBBCA50E7B50:LeaderElection20] INFO  server.RaftServerConfigKeys (ConfUtils.java:logGet(43)) - raft.server.watch.timeout.denomination = 1s (default)
2019-09-18 08:50:24,316 [6955b3b9-1fa4-46c5-a946-8e67bfb83506@group-FBBCA50E7B50:LeaderElection20] INFO  server.RaftServerConfigKeys (ConfUtils.java:logGet(43)) - raft.server.watch.element-limit = 65536 (default)
2019-09-18 08:50:24,320 [6955b3b9-1fa4-46c5-a946-8e67bfb83506@group-FBBCA50E7B50:LeaderElection20] INFO  server.RaftServerConfigKeys (ConfUtils.java:logGet(43)) - raft.server.log.appender.snapshot.chunk.size.max = 16MB (=16777216) (default)
2019-09-18 08:50:24,320 [6955b3b9-1fa4-46c5-a946-8e67bfb83506@group-FBBCA50E7B50:LeaderElection20] INFO  server.RaftServerConfigKeys (ConfUtils.java:logGet(43)) - raft.server.log.appender.buffer.byte-limit = 33554432 (custom)
2019-09-18 08:50:24,321 [6955b3b9-1fa4-46c5-a946-8e67bfb83506@group-FBBCA50E7B50:LeaderElection20] INFO  server.RaftServerConfigKeys (ConfUtils.java:logGet(43)) - raft.server.log.appender.buffer.element-limit = 1 (custom)
2019-09-18 08:50:24,321 [6955b3b9-1fa4-46c5-a946-8e67bfb83506@group-FBBCA50E7B50:LeaderElection20] INFO  grpc.GrpcConfigKeys$Server (ConfUtils.java:logGet(43)) - raft.grpc.server.leader.outstanding.appends.max = 128 (default)
2019-09-18 08:50:24,321 [6955b3b9-1fa4-46c5-a946-8e67bfb83506@group-FBBCA50E7B50:LeaderElection20] INFO  server.RaftServerConfigKeys (ConfUtils.java:logGet(43)) - raft.server.rpc.request.timeout = 3000ms (default)
2019-09-18 08:50:24,321 [6955b3b9-1fa4-46c5-a946-8e67bfb83506@group-FBBCA50E7B50:LeaderElection20] INFO  server.RaftServerConfigKeys (ConfUtils.java:logGet(43)) - raft.server.log.appender.install.snapshot.enabled = false (custom)
2019-09-18 08:50:24,321 [6955b3b9-1fa4-46c5-a946-8e67bfb83506@group-FBBCA50E7B50:LeaderElection20] INFO  server.RaftServerConfigKeys (ConfUtils.java:logGet(43)) - raft.server.log.appender.snapshot.chunk.size.max = 16MB (=16777216) (default)
2019-09-18 08:50:24,322 [6955b3b9-1fa4-46c5-a946-8e67bfb83506@group-FBBCA50E7B50:LeaderElection20] INFO  server.RaftServerConfigKeys (ConfUtils.java:logGet(43)) - raft.server.log.appender.buffer.byte-limit = 33554432 (custom)
2019-09-18 08:50:24,322 [6955b3b9-1fa4-46c5-a946-8e67bfb83506@group-FBBCA50E7B50:LeaderElection20] INFO  server.RaftServerConfigKeys (ConfUtils.java:logGet(43)) - raft.server.log.appender.buffer.element-limit = 1 (custom)
2019-09-18 08:50:24,322 [6955b3b9-1fa4-46c5-a946-8e67bfb83506@group-FBBCA50E7B50:LeaderElection20] INFO  grpc.GrpcConfigKeys$Server (ConfUtils.java:logGet(43)) - raft.grpc.server.leader.outstanding.appends.max = 128 (default)
2019-09-18 08:50:24,322 [6955b3b9-1fa4-46c5-a946-8e67bfb83506@group-FBBCA50E7B50:LeaderElection20] INFO  server.RaftServerConfigKeys (ConfUtils.java:logGet(43)) - raft.server.rpc.request.timeout = 3000ms (default)
2019-09-18 08:50:24,322 [6955b3b9-1fa4-46c5-a946-8e67bfb83506@group-FBBCA50E7B50:LeaderElection20] INFO  server.RaftServerConfigKeys (ConfUtils.java:logGet(43)) - raft.server.log.appender.install.snapshot.enabled = false (custom)
2019-09-18 08:50:24,323 [6955b3b9-1fa4-46c5-a946-8e67bfb83506@group-FBBCA50E7B50:LeaderElection20] INFO  impl.RoleInfo (RoleInfo.java:updateAndGet(143)) - 6955b3b9-1fa4-46c5-a946-8e67bfb83506: start LeaderState
2019-09-18 08:50:24,323 [6955b3b9-1fa4-46c5-a946-8e67bfb83506@group-FBBCA50E7B50:LeaderElection20] INFO  segmented.SegmentedRaftLogWorker (SegmentedRaftLogWorker.java:startLogSegment(380)) - 6955b3b9-1fa4-46c5-a946-8e67bfb83506@group-FBBCA50E7B50-SegmentedRaftLogWorker: Starting segment from index:0
2019-09-18 08:50:24,324 [6955b3b9-1fa4-46c5-a946-8e67bfb83506@group-FBBCA50E7B50:LeaderElection20] INFO  impl.RaftServerImpl (ServerState.java:setRaftConf(354)) - 6955b3b9-1fa4-46c5-a946-8e67bfb83506@group-FBBCA50E7B50: set configuration 0: [6955b3b9-1fa4-46c5-a946-8e67bfb83506:192.168.157.246:34451, 07201f0e-3a1c-4c3e-af2c-9eb1e9c35520:192.168.157.246:39492, 92cc866f-2236-4b73-b0be-e1c51e7c2e55:192.168.157.246:35640], old=null at 0
2019-09-18 08:50:24,325 [grpc-default-executor-8] INFO  impl.RaftServerImpl (ServerState.java:setLeader(253)) - 07201f0e-3a1c-4c3e-af2c-9eb1e9c35520@group-FBBCA50E7B50: change Leader from null to 6955b3b9-1fa4-46c5-a946-8e67bfb83506 at term 3 for appendEntries, leader elected after 15520ms
2019-09-18 08:50:24,326 [grpc-default-executor-0] INFO  impl.RaftServerImpl (ServerState.java:setLeader(253)) - 92cc866f-2236-4b73-b0be-e1c51e7c2e55@group-FBBCA50E7B50: change Leader from null to 6955b3b9-1fa4-46c5-a946-8e67bfb83506 at term 3 for appendEntries, leader elected after 15520ms
2019-09-18 08:50:24,328 [grpc-default-executor-0] INFO  impl.RaftServerImpl (ServerState.java:setRaftConf(354)) - 07201f0e-3a1c-4c3e-af2c-9eb1e9c35520@group-FBBCA50E7B50: set configuration 0: [6955b3b9-1fa4-46c5-a946-8e67bfb83506:192.168.157.246:34451, 07201f0e-3a1c-4c3e-af2c-9eb1e9c35520:192.168.157.246:39492, 92cc866f-2236-4b73-b0be-e1c51e7c2e55:192.168.157.246:35640], old=null at 0
2019-09-18 08:50:24,328 [grpc-default-executor-8] INFO  impl.RaftServerImpl (ServerState.java:setRaftConf(354)) - 92cc866f-2236-4b73-b0be-e1c51e7c2e55@group-FBBCA50E7B50: set configuration 0: [6955b3b9-1fa4-46c5-a946-8e67bfb83506:192.168.157.246:34451, 07201f0e-3a1c-4c3e-af2c-9eb1e9c35520:192.168.157.246:39492, 92cc866f-2236-4b73-b0be-e1c51e7c2e55:192.168.157.246:35640], old=null at 0
2019-09-18 08:50:24,328 [grpc-default-executor-0] INFO  segmented.SegmentedRaftLogWorker (SegmentedRaftLogWorker.java:startLogSegment(380)) - 07201f0e-3a1c-4c3e-af2c-9eb1e9c35520@group-FBBCA50E7B50-SegmentedRaftLogWorker: Starting segment from index:0
2019-09-18 08:50:24,329 [grpc-default-executor-8] INFO  segmented.SegmentedRaftLogWorker (SegmentedRaftLogWorker.java:startLogSegment(380)) - 92cc866f-2236-4b73-b0be-e1c51e7c2e55@group-FBBCA50E7B50-SegmentedRaftLogWorker: Starting segment from index:0
2019-09-18 08:50:24,375 [6955b3b9-1fa4-46c5-a946-8e67bfb83506@group-FBBCA50E7B50-SegmentedRaftLogWorker] INFO  segmented.SegmentedRaftLogWorker (SegmentedRaftLogWorker.java:execute(569)) - 6955b3b9-1fa4-46c5-a946-8e67bfb83506@group-FBBCA50E7B50-SegmentedRaftLogWorker: created new log segment /workdir/hadoop-ozone/integration-test/target/test-dir/MiniOzoneClusterImpl-02ae093f-2137-4f54-abf4-d0f1fad2b35e/datanode-3/data/ratis/f50a917d-2e3f-4a07-9f6b-fbbca50e7b50/current/log_inprogress_0
2019-09-18 08:50:24,375 [07201f0e-3a1c-4c3e-af2c-9eb1e9c35520@group-FBBCA50E7B50-SegmentedRaftLogWorker] INFO  segmented.SegmentedRaftLogWorker (SegmentedRaftLogWorker.java:execute(569)) - 07201f0e-3a1c-4c3e-af2c-9eb1e9c35520@group-FBBCA50E7B50-SegmentedRaftLogWorker: created new log segment /workdir/hadoop-ozone/integration-test/target/test-dir/MiniOzoneClusterImpl-02ae093f-2137-4f54-abf4-d0f1fad2b35e/datanode-1/data/ratis/f50a917d-2e3f-4a07-9f6b-fbbca50e7b50/current/log_inprogress_0
2019-09-18 08:50:24,375 [92cc866f-2236-4b73-b0be-e1c51e7c2e55@group-FBBCA50E7B50-SegmentedRaftLogWorker] INFO  segmented.SegmentedRaftLogWorker (SegmentedRaftLogWorker.java:execute(569)) - 92cc866f-2236-4b73-b0be-e1c51e7c2e55@group-FBBCA50E7B50-SegmentedRaftLogWorker: created new log segment /workdir/hadoop-ozone/integration-test/target/test-dir/MiniOzoneClusterImpl-02ae093f-2137-4f54-abf4-d0f1fad2b35e/datanode-2/data/ratis/f50a917d-2e3f-4a07-9f6b-fbbca50e7b50/current/log_inprogress_0
2019-09-18 08:50:25,191 [org.apache.ratis.server.impl.LogAppender$AppenderDaemon$$Lambda$505/1942826489@7aa047b2] ERROR ratis.XceiverServerRatis (XceiverServerRatis.java:triggerPipelineClose(575)) - pipeline Action CLOSE  on pipeline PipelineID=2bfa63fb-76fd-4f8a-9c4c-85722e6f2626.Reason : 92cc866f-2236-4b73-b0be-e1c51e7c2e55 has not seen follower/s 6955b3b9-1fa4-46c5-a946-8e67bfb83506 for 162484ms 07201f0e-3a1c-4c3e-af2c-9eb1e9c35520 for 162484ms
2019-09-18 08:50:25,192 [org.apache.ratis.server.impl.LogAppender$AppenderDaemon$$Lambda$505/1942826489@541c59a0] ERROR ratis.XceiverServerRatis (XceiverServerRatis.java:triggerPipelineClose(575)) - pipeline Action CLOSE  on pipeline PipelineID=2bfa63fb-76fd-4f8a-9c4c-85722e6f2626.Reason : 92cc866f-2236-4b73-b0be-e1c51e7c2e55 has not seen follower/s 6955b3b9-1fa4-46c5-a946-8e67bfb83506 for 162485ms 07201f0e-3a1c-4c3e-af2c-9eb1e9c35520 for 162485ms
2019-09-18 08:50:25,474 [grpc-default-executor-8] INFO  client.GrpcClientProtocolClient (GrpcClientProtocolClient.java:onNext(264)) - client-45043365F4D9->6955b3b9-1fa4-46c5-a946-8e67bfb83506: receive RaftClientReply:client-45043365F4D9->6955b3b9-1fa4-46c5-a946-8e67bfb83506@group-85722E6F2626, cid=64, FAILED org.apache.ratis.protocol.NotLeaderException: Server 6955b3b9-1fa4-46c5-a946-8e67bfb83506@group-85722E6F2626 is not the leader 92cc866f-2236-4b73-b0be-e1c51e7c2e55:192.168.157.246:35640, logIndex=0, commits[6955b3b9-1fa4-46c5-a946-8e67bfb83506:c10, 07201f0e-3a1c-4c3e-af2c-9eb1e9c35520:c8, 92cc866f-2236-4b73-b0be-e1c51e7c2e55:c10]
2019-09-18 08:50:25,612 [07201f0e-3a1c-4c3e-af2c-9eb1e9c35520@group-85722E6F2626-SegmentedRaftLogWorker] WARN  segmented.SegmentedRaftLogWorker (SegmentedRaftLogWorker.java:getFromFuture(90)) - Timeout 15/~
org.apache.ratis.protocol.TimeoutIOException: Timeout 10s: WriteLog:12: (t:1, i:12), STATEMACHINELOGENTRY, client-45043365F4D9, cid=65-writeStateMachineData
	at org.apache.ratis.util.IOUtils.getFromFuture(IOUtils.java:87)
	at org.apache.ratis.server.raftlog.segmented.SegmentedRaftLogWorker$StateMachineDataPolicy.getFromFuture(SegmentedRaftLogWorker.java:87)
	at org.apache.ratis.server.raftlog.segmented.SegmentedRaftLogWorker$WriteLog.execute(SegmentedRaftLogWorker.java:477)
	at org.apache.ratis.server.raftlog.segmented.SegmentedRaftLogWorker.run(SegmentedRaftLogWorker.java:289)
	at java.lang.Thread.run(Thread.java:748)
Caused by: java.util.concurrent.TimeoutException
	at java.util.concurrent.CompletableFuture.timedGet(CompletableFuture.java:1771)
	at java.util.concurrent.CompletableFuture.get(CompletableFuture.java:1915)
	at org.apache.ratis.util.IOUtils.getFromFuture(IOUtils.java:79)
	... 4 more
2019-09-18 08:50:25,671 [EventQueue-PipelineActionsForPipelineActionHandler] ERROR pipeline.PipelineActionHandler (PipelineActionHandler.java:onMessage(60)) - Received pipeline action CLOSE for Pipeline[ Id: 2bfa63fb-76fd-4f8a-9c4c-85722e6f2626, Nodes: 07201f0e-3a1c-4c3e-af2c-9eb1e9c35520{ip: 192.168.157.246, host: pr-hdds-2137-trunk-xplkb-1906903878, networkLocation: /default-rack, certSerialId: null}6955b3b9-1fa4-46c5-a946-8e67bfb83506{ip: 192.168.157.246, host: pr-hdds-2137-trunk-xplkb-1906903878, networkLocation: /default-rack, certSerialId: null}92cc866f-2236-4b73-b0be-e1c51e7c2e55{ip: 192.168.157.246, host: pr-hdds-2137-trunk-xplkb-1906903878, networkLocation: /default-rack, certSerialId: null}, Type:RATIS, Factor:THREE, State:CLOSED] from datanode 92cc866f-2236-4b73-b0be-e1c51e7c2e55{ip: 192.168.157.246, host: pr-hdds-2137-trunk-xplkb-1906903878, networkLocation: /default-rack, certSerialId: null}. Reason : 92cc866f-2236-4b73-b0be-e1c51e7c2e55 has not seen follower/s 6955b3b9-1fa4-46c5-a946-8e67bfb83506 for 162484ms 07201f0e-3a1c-4c3e-af2c-9eb1e9c35520 for 162484ms
2019-09-18 08:50:25,671 [EventQueue-PipelineActionsForPipelineActionHandler] INFO  pipeline.SCMPipelineManager (SCMPipelineManager.java:finalizeAndDestroyPipeline(311)) - destroying pipeline:Pipeline[ Id: 2bfa63fb-76fd-4f8a-9c4c-85722e6f2626, Nodes: 07201f0e-3a1c-4c3e-af2c-9eb1e9c35520{ip: 192.168.157.246, host: pr-hdds-2137-trunk-xplkb-1906903878, networkLocation: /default-rack, certSerialId: null}6955b3b9-1fa4-46c5-a946-8e67bfb83506{ip: 192.168.157.246, host: pr-hdds-2137-trunk-xplkb-1906903878, networkLocation: /default-rack, certSerialId: null}92cc866f-2236-4b73-b0be-e1c51e7c2e55{ip: 192.168.157.246, host: pr-hdds-2137-trunk-xplkb-1906903878, networkLocation: /default-rack, certSerialId: null}, Type:RATIS, Factor:THREE, State:CLOSED]
2019-09-18 08:50:25,691 [java.util.concurrent.ThreadPoolExecutor$Worker@e8d937c[State = -1, empty queue]] WARN  server.GrpcLogAppender (GrpcLogAppender.java:timeoutAppendRequest(200)) - 92cc866f-2236-4b73-b0be-e1c51e7c2e55@group-85722E6F2626->07201f0e-3a1c-4c3e-af2c-9eb1e9c35520-GrpcLogAppender: appendEntries Timeout, request=92cc866f-2236-4b73-b0be-e1c51e7c2e55->07201f0e-3a1c-4c3e-af2c-9eb1e9c35520#82-t1, previous=(t:1, i:17), leaderCommit=10, initializing? false, entries: <empty>
2019-09-18 08:50:25,691 [java.util.concurrent.ThreadPoolExecutor$Worker@6b990b24[State = -1, empty queue]] WARN  server.GrpcLogAppender (GrpcLogAppender.java:timeoutAppendRequest(200)) - 92cc866f-2236-4b73-b0be-e1c51e7c2e55@group-85722E6F2626->6955b3b9-1fa4-46c5-a946-8e67bfb83506-GrpcLogAppender: appendEntries Timeout, request=92cc866f-2236-4b73-b0be-e1c51e7c2e55->6955b3b9-1fa4-46c5-a946-8e67bfb83506#82-t1, previous=(t:1, i:17), leaderCommit=10, initializing? false, entries: <empty>
2019-09-18 08:50:27,693 [org.apache.ratis.server.impl.LogAppender$AppenderDaemon$$Lambda$505/1942826489@541c59a0] ERROR ratis.XceiverServerRatis (XceiverServerRatis.java:triggerPipelineClose(575)) - pipeline Action CLOSE  on pipeline PipelineID=2bfa63fb-76fd-4f8a-9c4c-85722e6f2626.Reason : 92cc866f-2236-4b73-b0be-e1c51e7c2e55 has not seen follower/s 6955b3b9-1fa4-46c5-a946-8e67bfb83506 for 164986ms 07201f0e-3a1c-4c3e-af2c-9eb1e9c35520 for 164985ms
2019-09-18 08:50:27,693 [org.apache.ratis.server.impl.LogAppender$AppenderDaemon$$Lambda$505/1942826489@7aa047b2] ERROR ratis.XceiverServerRatis (XceiverServerRatis.java:triggerPipelineClose(575)) - pipeline Action CLOSE  on pipeline PipelineID=2bfa63fb-76fd-4f8a-9c4c-85722e6f2626.Reason : 92cc866f-2236-4b73-b0be-e1c51e7c2e55 has not seen follower/s 6955b3b9-1fa4-46c5-a946-8e67bfb83506 for 164986ms 07201f0e-3a1c-4c3e-af2c-9eb1e9c35520 for 164985ms
2019-09-18 08:50:28,191 [java.util.concurrent.ThreadPoolExecutor$Worker@e8d937c[State = -1, empty queue]] WARN  server.GrpcLogAppender (GrpcLogAppender.java:timeoutAppendRequest(200)) - 92cc866f-2236-4b73-b0be-e1c51e7c2e55@group-85722E6F2626->07201f0e-3a1c-4c3e-af2c-9eb1e9c35520-GrpcLogAppender: appendEntries Timeout, request=92cc866f-2236-4b73-b0be-e1c51e7c2e55->07201f0e-3a1c-4c3e-af2c-9eb1e9c35520#83-t1, previous=(t:1, i:17), leaderCommit=10, initializing? false, entries: <empty>
2019-09-18 08:50:28,192 [java.util.concurrent.ThreadPoolExecutor$Worker@6b990b24[State = -1, empty queue]] WARN  server.GrpcLogAppender (GrpcLogAppender.java:timeoutAppendRequest(200)) - 92cc866f-2236-4b73-b0be-e1c51e7c2e55@group-85722E6F2626->6955b3b9-1fa4-46c5-a946-8e67bfb83506-GrpcLogAppender: appendEntries Timeout, request=92cc866f-2236-4b73-b0be-e1c51e7c2e55->6955b3b9-1fa4-46c5-a946-8e67bfb83506#83-t1, previous=(t:1, i:17), leaderCommit=10, initializing? false, entries: <empty>
2019-09-18 08:50:28,671 [EventQueue-PipelineActionsForPipelineActionHandler] ERROR pipeline.PipelineActionHandler (PipelineActionHandler.java:onMessage(60)) - Received pipeline action CLOSE for Pipeline[ Id: 2bfa63fb-76fd-4f8a-9c4c-85722e6f2626, Nodes: 07201f0e-3a1c-4c3e-af2c-9eb1e9c35520{ip: 192.168.157.246, host: pr-hdds-2137-trunk-xplkb-1906903878, networkLocation: /default-rack, certSerialId: null}6955b3b9-1fa4-46c5-a946-8e67bfb83506{ip: 192.168.157.246, host: pr-hdds-2137-trunk-xplkb-1906903878, networkLocation: /default-rack, certSerialId: null}92cc866f-2236-4b73-b0be-e1c51e7c2e55{ip: 192.168.157.246, host: pr-hdds-2137-trunk-xplkb-1906903878, networkLocation: /default-rack, certSerialId: null}, Type:RATIS, Factor:THREE, State:CLOSED] from datanode 92cc866f-2236-4b73-b0be-e1c51e7c2e55{ip: 192.168.157.246, host: pr-hdds-2137-trunk-xplkb-1906903878, networkLocation: /default-rack, certSerialId: null}. Reason : 92cc866f-2236-4b73-b0be-e1c51e7c2e55 has not seen follower/s 6955b3b9-1fa4-46c5-a946-8e67bfb83506 for 164986ms 07201f0e-3a1c-4c3e-af2c-9eb1e9c35520 for 164985ms
2019-09-18 08:50:28,671 [EventQueue-PipelineActionsForPipelineActionHandler] INFO  pipeline.SCMPipelineManager (SCMPipelineManager.java:finalizeAndDestroyPipeline(311)) - destroying pipeline:Pipeline[ Id: 2bfa63fb-76fd-4f8a-9c4c-85722e6f2626, Nodes: 07201f0e-3a1c-4c3e-af2c-9eb1e9c35520{ip: 192.168.157.246, host: pr-hdds-2137-trunk-xplkb-1906903878, networkLocation: /default-rack, certSerialId: null}6955b3b9-1fa4-46c5-a946-8e67bfb83506{ip: 192.168.157.246, host: pr-hdds-2137-trunk-xplkb-1906903878, networkLocation: /default-rack, certSerialId: null}92cc866f-2236-4b73-b0be-e1c51e7c2e55{ip: 192.168.157.246, host: pr-hdds-2137-trunk-xplkb-1906903878, networkLocation: /default-rack, certSerialId: null}, Type:RATIS, Factor:THREE, State:CLOSED]
2019-09-18 08:50:30,194 [org.apache.ratis.server.impl.LogAppender$AppenderDaemon$$Lambda$505/1942826489@7aa047b2] ERROR ratis.XceiverServerRatis (XceiverServerRatis.java:triggerPipelineClose(575)) - pipeline Action CLOSE  on pipeline PipelineID=2bfa63fb-76fd-4f8a-9c4c-85722e6f2626.Reason : 92cc866f-2236-4b73-b0be-e1c51e7c2e55 has not seen follower/s 6955b3b9-1fa4-46c5-a946-8e67bfb83506 for 167487ms 07201f0e-3a1c-4c3e-af2c-9eb1e9c35520 for 167487ms
2019-09-18 08:50:30,194 [org.apache.ratis.server.impl.LogAppender$AppenderDaemon$$Lambda$505/1942826489@541c59a0] ERROR ratis.XceiverServerRatis (XceiverServerRatis.java:triggerPipelineClose(575)) - pipeline Action CLOSE  on pipeline PipelineID=2bfa63fb-76fd-4f8a-9c4c-85722e6f2626.Reason : 92cc866f-2236-4b73-b0be-e1c51e7c2e55 has not seen follower/s 6955b3b9-1fa4-46c5-a946-8e67bfb83506 for 167487ms 07201f0e-3a1c-4c3e-af2c-9eb1e9c35520 for 167487ms
2019-09-18 08:50:30,523 [grpc-default-executor-4] INFO  client.GrpcClientProtocolClient (GrpcClientProtocolClient.java:onNext(264)) - client-45043365F4D9->6955b3b9-1fa4-46c5-a946-8e67bfb83506: receive RaftClientReply:client-45043365F4D9->6955b3b9-1fa4-46c5-a946-8e67bfb83506@group-85722E6F2626, cid=64, FAILED org.apache.ratis.protocol.NotLeaderException: Server 6955b3b9-1fa4-46c5-a946-8e67bfb83506@group-85722E6F2626 is not the leader 92cc866f-2236-4b73-b0be-e1c51e7c2e55:192.168.157.246:35640, logIndex=0, commits[6955b3b9-1fa4-46c5-a946-8e67bfb83506:c10, 07201f0e-3a1c-4c3e-af2c-9eb1e9c35520:c8, 92cc866f-2236-4b73-b0be-e1c51e7c2e55:c10]
2019-09-18 08:50:30,672 [EventQueue-PipelineActionsForPipelineActionHandler] ERROR pipeline.PipelineActionHandler (PipelineActionHandler.java:onMessage(60)) - Received pipeline action CLOSE for Pipeline[ Id: 2bfa63fb-76fd-4f8a-9c4c-85722e6f2626, Nodes: 07201f0e-3a1c-4c3e-af2c-9eb1e9c35520{ip: 192.168.157.246, host: pr-hdds-2137-trunk-xplkb-1906903878, networkLocation: /default-rack, certSerialId: null}6955b3b9-1fa4-46c5-a946-8e67bfb83506{ip: 192.168.157.246, host: pr-hdds-2137-trunk-xplkb-1906903878, networkLocation: /default-rack, certSerialId: null}92cc866f-2236-4b73-b0be-e1c51e7c2e55{ip: 192.168.157.246, host: pr-hdds-2137-trunk-xplkb-1906903878, networkLocation: /default-rack, certSerialId: null}, Type:RATIS, Factor:THREE, State:CLOSED] from datanode 92cc866f-2236-4b73-b0be-e1c51e7c2e55{ip: 192.168.157.246, host: pr-hdds-2137-trunk-xplkb-1906903878, networkLocation: /default-rack, certSerialId: null}. Reason : 92cc866f-2236-4b73-b0be-e1c51e7c2e55 has not seen follower/s 6955b3b9-1fa4-46c5-a946-8e67bfb83506 for 167487ms 07201f0e-3a1c-4c3e-af2c-9eb1e9c35520 for 167487ms
2019-09-18 08:50:30,672 [EventQueue-PipelineActionsForPipelineActionHandler] INFO  pipeline.SCMPipelineManager (SCMPipelineManager.java:finalizeAndDestroyPipeline(311)) - destroying pipeline:Pipeline[ Id: 2bfa63fb-76fd-4f8a-9c4c-85722e6f2626, Nodes: 07201f0e-3a1c-4c3e-af2c-9eb1e9c35520{ip: 192.168.157.246, host: pr-hdds-2137-trunk-xplkb-1906903878, networkLocation: /default-rack, certSerialId: null}6955b3b9-1fa4-46c5-a946-8e67bfb83506{ip: 192.168.157.246, host: pr-hdds-2137-trunk-xplkb-1906903878, networkLocation: /default-rack, certSerialId: null}92cc866f-2236-4b73-b0be-e1c51e7c2e55{ip: 192.168.157.246, host: pr-hdds-2137-trunk-xplkb-1906903878, networkLocation: /default-rack, certSerialId: null}, Type:RATIS, Factor:THREE, State:CLOSED]
2019-09-18 08:50:30,692 [java.util.concurrent.ThreadPoolExecutor$Worker@e8d937c[State = -1, empty queue]] WARN  server.GrpcLogAppender (GrpcLogAppender.java:timeoutAppendRequest(200)) - 92cc866f-2236-4b73-b0be-e1c51e7c2e55@group-85722E6F2626->07201f0e-3a1c-4c3e-af2c-9eb1e9c35520-GrpcLogAppender: appendEntries Timeout, request=92cc866f-2236-4b73-b0be-e1c51e7c2e55->07201f0e-3a1c-4c3e-af2c-9eb1e9c35520#84-t1, previous=(t:1, i:17), leaderCommit=10, initializing? false, entries: <empty>
2019-09-18 08:50:30,692 [java.util.concurrent.ThreadPoolExecutor$Worker@6b990b24[State = -1, empty queue]] WARN  server.GrpcLogAppender (GrpcLogAppender.java:timeoutAppendRequest(200)) - 92cc866f-2236-4b73-b0be-e1c51e7c2e55@group-85722E6F2626->6955b3b9-1fa4-46c5-a946-8e67bfb83506-GrpcLogAppender: appendEntries Timeout, request=92cc866f-2236-4b73-b0be-e1c51e7c2e55->6955b3b9-1fa4-46c5-a946-8e67bfb83506#84-t1, previous=(t:1, i:17), leaderCommit=10, initializing? false, entries: <empty>
2019-09-18 08:50:32,695 [org.apache.ratis.server.impl.LogAppender$AppenderDaemon$$Lambda$505/1942826489@7aa047b2] ERROR ratis.XceiverServerRatis (XceiverServerRatis.java:triggerPipelineClose(575)) - pipeline Action CLOSE  on pipeline PipelineID=2bfa63fb-76fd-4f8a-9c4c-85722e6f2626.Reason : 92cc866f-2236-4b73-b0be-e1c51e7c2e55 has not seen follower/s 6955b3b9-1fa4-46c5-a946-8e67bfb83506 for 169988ms 07201f0e-3a1c-4c3e-af2c-9eb1e9c35520 for 169988ms
2019-09-18 08:50:32,695 [org.apache.ratis.server.impl.LogAppender$AppenderDaemon$$Lambda$505/1942826489@541c59a0] ERROR ratis.XceiverServerRatis (XceiverServerRatis.java:triggerPipelineClose(575)) - pipeline Action CLOSE  on pipeline PipelineID=2bfa63fb-76fd-4f8a-9c4c-85722e6f2626.Reason : 92cc866f-2236-4b73-b0be-e1c51e7c2e55 has not seen follower/s 6955b3b9-1fa4-46c5-a946-8e67bfb83506 for 169988ms 07201f0e-3a1c-4c3e-af2c-9eb1e9c35520 for 169988ms
2019-09-18 08:50:33,194 [java.util.concurrent.ThreadPoolExecutor$Worker@6b990b24[State = -1, empty queue]] WARN  server.GrpcLogAppender (GrpcLogAppender.java:timeoutAppendRequest(200)) - 92cc866f-2236-4b73-b0be-e1c51e7c2e55@group-85722E6F2626->6955b3b9-1fa4-46c5-a946-8e67bfb83506-GrpcLogAppender: appendEntries Timeout, request=92cc866f-2236-4b73-b0be-e1c51e7c2e55->6955b3b9-1fa4-46c5-a946-8e67bfb83506#85-t1, previous=(t:1, i:17), leaderCommit=10, initializing? false, entries: <empty>
2019-09-18 08:50:33,194 [java.util.concurrent.ThreadPoolExecutor$Worker@e8d937c[State = -1, empty queue]] WARN  server.GrpcLogAppender (GrpcLogAppender.java:timeoutAppendRequest(200)) - 92cc866f-2236-4b73-b0be-e1c51e7c2e55@group-85722E6F2626->07201f0e-3a1c-4c3e-af2c-9eb1e9c35520-GrpcLogAppender: appendEntries Timeout, request=92cc866f-2236-4b73-b0be-e1c51e7c2e55->07201f0e-3a1c-4c3e-af2c-9eb1e9c35520#85-t1, previous=(t:1, i:17), leaderCommit=10, initializing? false, entries: <empty>
2019-09-18 08:50:33,672 [EventQueue-PipelineActionsForPipelineActionHandler] ERROR pipeline.PipelineActionHandler (PipelineActionHandler.java:onMessage(60)) - Received pipeline action CLOSE for Pipeline[ Id: 2bfa63fb-76fd-4f8a-9c4c-85722e6f2626, Nodes: 07201f0e-3a1c-4c3e-af2c-9eb1e9c35520{ip: 192.168.157.246, host: pr-hdds-2137-trunk-xplkb-1906903878, networkLocation: /default-rack, certSerialId: null}6955b3b9-1fa4-46c5-a946-8e67bfb83506{ip: 192.168.157.246, host: pr-hdds-2137-trunk-xplkb-1906903878, networkLocation: /default-rack, certSerialId: null}92cc866f-2236-4b73-b0be-e1c51e7c2e55{ip: 192.168.157.246, host: pr-hdds-2137-trunk-xplkb-1906903878, networkLocation: /default-rack, certSerialId: null}, Type:RATIS, Factor:THREE, State:CLOSED] from datanode 92cc866f-2236-4b73-b0be-e1c51e7c2e55{ip: 192.168.157.246, host: pr-hdds-2137-trunk-xplkb-1906903878, networkLocation: /default-rack, certSerialId: null}. Reason : 92cc866f-2236-4b73-b0be-e1c51e7c2e55 has not seen follower/s 6955b3b9-1fa4-46c5-a946-8e67bfb83506 for 169988ms 07201f0e-3a1c-4c3e-af2c-9eb1e9c35520 for 169988ms
2019-09-18 08:50:33,673 [EventQueue-PipelineActionsForPipelineActionHandler] INFO  pipeline.SCMPipelineManager (SCMPipelineManager.java:finalizeAndDestroyPipeline(311)) - destroying pipeline:Pipeline[ Id: 2bfa63fb-76fd-4f8a-9c4c-85722e6f2626, Nodes: 07201f0e-3a1c-4c3e-af2c-9eb1e9c35520{ip: 192.168.157.246, host: pr-hdds-2137-trunk-xplkb-1906903878, networkLocation: /default-rack, certSerialId: null}6955b3b9-1fa4-46c5-a946-8e67bfb83506{ip: 192.168.157.246, host: pr-hdds-2137-trunk-xplkb-1906903878, networkLocation: /default-rack, certSerialId: null}92cc866f-2236-4b73-b0be-e1c51e7c2e55{ip: 192.168.157.246, host: pr-hdds-2137-trunk-xplkb-1906903878, networkLocation: /default-rack, certSerialId: null}, Type:RATIS, Factor:THREE, State:CLOSED]
2019-09-18 08:50:33,830 [6955b3b9-1fa4-46c5-a946-8e67bfb83506@group-85722E6F2626-SegmentedRaftLogWorker] WARN  segmented.SegmentedRaftLogWorker (SegmentedRaftLogWorker.java:getFromFuture(90)) - Timeout 16/~
org.apache.ratis.protocol.TimeoutIOException: Timeout 10s: WriteLog:11: (t:1, i:11), STATEMACHINELOGENTRY, client-45043365F4D9, cid=64-writeStateMachineData
	at org.apache.ratis.util.IOUtils.getFromFuture(IOUtils.java:87)
	at org.apache.ratis.server.raftlog.segmented.SegmentedRaftLogWorker$StateMachineDataPolicy.getFromFuture(SegmentedRaftLogWorker.java:87)
	at org.apache.ratis.server.raftlog.segmented.SegmentedRaftLogWorker$WriteLog.execute(SegmentedRaftLogWorker.java:477)
	at org.apache.ratis.server.raftlog.segmented.SegmentedRaftLogWorker.run(SegmentedRaftLogWorker.java:289)
	at java.lang.Thread.run(Thread.java:748)
Caused by: java.util.concurrent.TimeoutException
	at java.util.concurrent.CompletableFuture.timedGet(CompletableFuture.java:1771)
	at java.util.concurrent.CompletableFuture.get(CompletableFuture.java:1915)
	at org.apache.ratis.util.IOUtils.getFromFuture(IOUtils.java:79)
	... 4 more
2019-09-18 08:50:33,872 [92cc866f-2236-4b73-b0be-e1c51e7c2e55@group-85722E6F2626-SegmentedRaftLogWorker] WARN  segmented.SegmentedRaftLogWorker (SegmentedRaftLogWorker.java:getFromFuture(90)) - Timeout 16/~
org.apache.ratis.protocol.TimeoutIOException: Timeout 10s: WriteLog:11: (t:1, i:11), STATEMACHINELOGENTRY, client-45043365F4D9, cid=64-writeStateMachineData
	at org.apache.ratis.util.IOUtils.getFromFuture(IOUtils.java:87)
	at org.apache.ratis.server.raftlog.segmented.SegmentedRaftLogWorker$StateMachineDataPolicy.getFromFuture(SegmentedRaftLogWorker.java:87)
	at org.apache.ratis.server.raftlog.segmented.SegmentedRaftLogWorker$WriteLog.execute(SegmentedRaftLogWorker.java:477)
	at org.apache.ratis.server.raftlog.segmented.SegmentedRaftLogWorker.run(SegmentedRaftLogWorker.java:289)
	at java.lang.Thread.run(Thread.java:748)
Caused by: java.util.concurrent.TimeoutException
	at java.util.concurrent.CompletableFuture.timedGet(CompletableFuture.java:1771)
	at java.util.concurrent.CompletableFuture.get(CompletableFuture.java:1915)
	at org.apache.ratis.util.IOUtils.getFromFuture(IOUtils.java:79)
	... 4 more
2019-09-18 08:50:35,196 [org.apache.ratis.server.impl.LogAppender$AppenderDaemon$$Lambda$505/1942826489@7aa047b2] ERROR ratis.XceiverServerRatis (XceiverServerRatis.java:triggerPipelineClose(575)) - pipeline Action CLOSE  on pipeline PipelineID=2bfa63fb-76fd-4f8a-9c4c-85722e6f2626.Reason : 92cc866f-2236-4b73-b0be-e1c51e7c2e55 has not seen follower/s 6955b3b9-1fa4-46c5-a946-8e67bfb83506 for 172489ms 07201f0e-3a1c-4c3e-af2c-9eb1e9c35520 for 172489ms
2019-09-18 08:50:35,196 [org.apache.ratis.server.impl.LogAppender$AppenderDaemon$$Lambda$505/1942826489@541c59a0] ERROR ratis.XceiverServerRatis (XceiverServerRatis.java:triggerPipelineClose(575)) - pipeline Action CLOSE  on pipeline PipelineID=2bfa63fb-76fd-4f8a-9c4c-85722e6f2626.Reason : 92cc866f-2236-4b73-b0be-e1c51e7c2e55 has not seen follower/s 6955b3b9-1fa4-46c5-a946-8e67bfb83506 for 172489ms 07201f0e-3a1c-4c3e-af2c-9eb1e9c35520 for 172489ms
2019-09-18 08:50:35,571 [grpc-default-executor-4] INFO  client.GrpcClientProtocolClient (GrpcClientProtocolClient.java:onNext(264)) - client-45043365F4D9->07201f0e-3a1c-4c3e-af2c-9eb1e9c35520: receive RaftClientReply:client-45043365F4D9->07201f0e-3a1c-4c3e-af2c-9eb1e9c35520@group-85722E6F2626, cid=64, FAILED org.apache.ratis.protocol.NotLeaderException: Server 07201f0e-3a1c-4c3e-af2c-9eb1e9c35520@group-85722E6F2626 is not the leader 92cc866f-2236-4b73-b0be-e1c51e7c2e55:192.168.157.246:35640, logIndex=0, commits[07201f0e-3a1c-4c3e-af2c-9eb1e9c35520:c10, 6955b3b9-1fa4-46c5-a946-8e67bfb83506:c8, 92cc866f-2236-4b73-b0be-e1c51e7c2e55:c10]
2019-09-18 08:50:35,613 [07201f0e-3a1c-4c3e-af2c-9eb1e9c35520@group-85722E6F2626-SegmentedRaftLogWorker] WARN  segmented.SegmentedRaftLogWorker (SegmentedRaftLogWorker.java:getFromFuture(90)) - Timeout 16/~
org.apache.ratis.protocol.TimeoutIOException: Timeout 10s: WriteLog:12: (t:1, i:12), STATEMACHINELOGENTRY, client-45043365F4D9, cid=65-writeStateMachineData
	at org.apache.ratis.util.IOUtils.getFromFuture(IOUtils.java:87)
	at org.apache.ratis.server.raftlog.segmented.SegmentedRaftLogWorker$StateMachineDataPolicy.getFromFuture(SegmentedRaftLogWorker.java:87)
	at org.apache.ratis.server.raftlog.segmented.SegmentedRaftLogWorker$WriteLog.execute(SegmentedRaftLogWorker.java:477)
	at org.apache.ratis.server.raftlog.segmented.SegmentedRaftLogWorker.run(SegmentedRaftLogWorker.java:289)
	at java.lang.Thread.run(Thread.java:748)
Caused by: java.util.concurrent.TimeoutException
	at java.util.concurrent.CompletableFuture.timedGet(CompletableFuture.java:1771)
	at java.util.concurrent.CompletableFuture.get(CompletableFuture.java:1915)
	at org.apache.ratis.util.IOUtils.getFromFuture(IOUtils.java:79)
	... 4 more
2019-09-18 08:50:35,672 [EventQueue-PipelineActionsForPipelineActionHandler] ERROR pipeline.PipelineActionHandler (PipelineActionHandler.java:onMessage(60)) - Received pipeline action CLOSE for Pipeline[ Id: 2bfa63fb-76fd-4f8a-9c4c-85722e6f2626, Nodes: 07201f0e-3a1c-4c3e-af2c-9eb1e9c35520{ip: 192.168.157.246, host: pr-hdds-2137-trunk-xplkb-1906903878, networkLocation: /default-rack, certSerialId: null}6955b3b9-1fa4-46c5-a946-8e67bfb83506{ip: 192.168.157.246, host: pr-hdds-2137-trunk-xplkb-1906903878, networkLocation: /default-rack, certSerialId: null}92cc866f-2236-4b73-b0be-e1c51e7c2e55{ip: 192.168.157.246, host: pr-hdds-2137-trunk-xplkb-1906903878, networkLocation: /default-rack, certSerialId: null}, Type:RATIS, Factor:THREE, State:CLOSED] from datanode 92cc866f-2236-4b73-b0be-e1c51e7c2e55{ip: 192.168.157.246, host: pr-hdds-2137-trunk-xplkb-1906903878, networkLocation: /default-rack, certSerialId: null}. Reason : 92cc866f-2236-4b73-b0be-e1c51e7c2e55 has not seen follower/s 6955b3b9-1fa4-46c5-a946-8e67bfb83506 for 172489ms 07201f0e-3a1c-4c3e-af2c-9eb1e9c35520 for 172489ms
2019-09-18 08:50:35,672 [EventQueue-PipelineActionsForPipelineActionHandler] INFO  pipeline.SCMPipelineManager (SCMPipelineManager.java:finalizeAndDestroyPipeline(311)) - destroying pipeline:Pipeline[ Id: 2bfa63fb-76fd-4f8a-9c4c-85722e6f2626, Nodes: 07201f0e-3a1c-4c3e-af2c-9eb1e9c35520{ip: 192.168.157.246, host: pr-hdds-2137-trunk-xplkb-1906903878, networkLocation: /default-rack, certSerialId: null}6955b3b9-1fa4-46c5-a946-8e67bfb83506{ip: 192.168.157.246, host: pr-hdds-2137-trunk-xplkb-1906903878, networkLocation: /default-rack, certSerialId: null}92cc866f-2236-4b73-b0be-e1c51e7c2e55{ip: 192.168.157.246, host: pr-hdds-2137-trunk-xplkb-1906903878, networkLocation: /default-rack, certSerialId: null}, Type:RATIS, Factor:THREE, State:CLOSED]
2019-09-18 08:50:35,695 [java.util.concurrent.ThreadPoolExecutor$Worker@e8d937c[State = -1, empty queue]] WARN  server.GrpcLogAppender (GrpcLogAppender.java:timeoutAppendRequest(200)) - 92cc866f-2236-4b73-b0be-e1c51e7c2e55@group-85722E6F2626->07201f0e-3a1c-4c3e-af2c-9eb1e9c35520-GrpcLogAppender: appendEntries Timeout, request=92cc866f-2236-4b73-b0be-e1c51e7c2e55->07201f0e-3a1c-4c3e-af2c-9eb1e9c35520#86-t1, previous=(t:1, i:17), leaderCommit=10, initializing? false, entries: <empty>
2019-09-18 08:50:35,695 [java.util.concurrent.ThreadPoolExecutor$Worker@6b990b24[State = -1, empty queue]] WARN  server.GrpcLogAppender (GrpcLogAppender.java:timeoutAppendRequest(200)) - 92cc866f-2236-4b73-b0be-e1c51e7c2e55@group-85722E6F2626->6955b3b9-1fa4-46c5-a946-8e67bfb83506-GrpcLogAppender: appendEntries Timeout, request=92cc866f-2236-4b73-b0be-e1c51e7c2e55->6955b3b9-1fa4-46c5-a946-8e67bfb83506#86-t1, previous=(t:1, i:17), leaderCommit=10, initializing? false, entries: <empty>
2019-09-18 08:50:37,697 [org.apache.ratis.server.impl.LogAppender$AppenderDaemon$$Lambda$505/1942826489@541c59a0] ERROR ratis.XceiverServerRatis (XceiverServerRatis.java:triggerPipelineClose(575)) - pipeline Action CLOSE  on pipeline PipelineID=2bfa63fb-76fd-4f8a-9c4c-85722e6f2626.Reason : 92cc866f-2236-4b73-b0be-e1c51e7c2e55 has not seen follower/s 6955b3b9-1fa4-46c5-a946-8e67bfb83506 for 174990ms 07201f0e-3a1c-4c3e-af2c-9eb1e9c35520 for 174990ms
2019-09-18 08:50:37,697 [org.apache.ratis.server.impl.LogAppender$AppenderDaemon$$Lambda$505/1942826489@7aa047b2] ERROR ratis.XceiverServerRatis (XceiverServerRatis.java:triggerPipelineClose(575)) - pipeline Action CLOSE  on pipeline PipelineID=2bfa63fb-76fd-4f8a-9c4c-85722e6f2626.Reason : 92cc866f-2236-4b73-b0be-e1c51e7c2e55 has not seen follower/s 6955b3b9-1fa4-46c5-a946-8e67bfb83506 for 174990ms 07201f0e-3a1c-4c3e-af2c-9eb1e9c35520 for 174990ms
2019-09-18 08:50:38,196 [java.util.concurrent.ThreadPoolExecutor$Worker@6b990b24[State = -1, empty queue]] WARN  server.GrpcLogAppender (GrpcLogAppender.java:timeoutAppendRequest(200)) - 92cc866f-2236-4b73-b0be-e1c51e7c2e55@group-85722E6F2626->6955b3b9-1fa4-46c5-a946-8e67bfb83506-GrpcLogAppender: appendEntries Timeout, request=92cc866f-2236-4b73-b0be-e1c51e7c2e55->6955b3b9-1fa4-46c5-a946-8e67bfb83506#87-t1, previous=(t:1, i:17), leaderCommit=10, initializing? false, entries: <empty>
2019-09-18 08:50:38,196 [java.util.concurrent.ThreadPoolExecutor$Worker@e8d937c[State = -1, empty queue]] WARN  server.GrpcLogAppender (GrpcLogAppender.java:timeoutAppendRequest(200)) - 92cc866f-2236-4b73-b0be-e1c51e7c2e55@group-85722E6F2626->07201f0e-3a1c-4c3e-af2c-9eb1e9c35520-GrpcLogAppender: appendEntries Timeout, request=92cc866f-2236-4b73-b0be-e1c51e7c2e55->07201f0e-3a1c-4c3e-af2c-9eb1e9c35520#87-t1, previous=(t:1, i:17), leaderCommit=10, initializing? false, entries: <empty>
2019-09-18 08:50:38,672 [EventQueue-PipelineActionsForPipelineActionHandler] ERROR pipeline.PipelineActionHandler (PipelineActionHandler.java:onMessage(60)) - Received pipeline action CLOSE for Pipeline[ Id: 2bfa63fb-76fd-4f8a-9c4c-85722e6f2626, Nodes: 07201f0e-3a1c-4c3e-af2c-9eb1e9c35520{ip: 192.168.157.246, host: pr-hdds-2137-trunk-xplkb-1906903878, networkLocation: /default-rack, certSerialId: null}6955b3b9-1fa4-46c5-a946-8e67bfb83506{ip: 192.168.157.246, host: pr-hdds-2137-trunk-xplkb-1906903878, networkLocation: /default-rack, certSerialId: null}92cc866f-2236-4b73-b0be-e1c51e7c2e55{ip: 192.168.157.246, host: pr-hdds-2137-trunk-xplkb-1906903878, networkLocation: /default-rack, certSerialId: null}, Type:RATIS, Factor:THREE, State:CLOSED] from datanode 92cc866f-2236-4b73-b0be-e1c51e7c2e55{ip: 192.168.157.246, host: pr-hdds-2137-trunk-xplkb-1906903878, networkLocation: /default-rack, certSerialId: null}. Reason : 92cc866f-2236-4b73-b0be-e1c51e7c2e55 has not seen follower/s 6955b3b9-1fa4-46c5-a946-8e67bfb83506 for 174990ms 07201f0e-3a1c-4c3e-af2c-9eb1e9c35520 for 174990ms
2019-09-18 08:50:38,672 [EventQueue-PipelineActionsForPipelineActionHandler] INFO  pipeline.SCMPipelineManager (SCMPipelineManager.java:finalizeAndDestroyPipeline(311)) - destroying pipeline:Pipeline[ Id: 2bfa63fb-76fd-4f8a-9c4c-85722e6f2626, Nodes: 07201f0e-3a1c-4c3e-af2c-9eb1e9c35520{ip: 192.168.157.246, host: pr-hdds-2137-trunk-xplkb-1906903878, networkLocation: /default-rack, certSerialId: null}6955b3b9-1fa4-46c5-a946-8e67bfb83506{ip: 192.168.157.246, host: pr-hdds-2137-trunk-xplkb-1906903878, networkLocation: /default-rack, certSerialId: null}92cc866f-2236-4b73-b0be-e1c51e7c2e55{ip: 192.168.157.246, host: pr-hdds-2137-trunk-xplkb-1906903878, networkLocation: /default-rack, certSerialId: null}, Type:RATIS, Factor:THREE, State:CLOSED]
2019-09-18 08:50:40,199 [org.apache.ratis.server.impl.LogAppender$AppenderDaemon$$Lambda$505/1942826489@541c59a0] ERROR ratis.XceiverServerRatis (XceiverServerRatis.java:triggerPipelineClose(575)) - pipeline Action CLOSE  on pipeline PipelineID=2bfa63fb-76fd-4f8a-9c4c-85722e6f2626.Reason : 92cc866f-2236-4b73-b0be-e1c51e7c2e55 has not seen follower/s 6955b3b9-1fa4-46c5-a946-8e67bfb83506 for 177492ms 07201f0e-3a1c-4c3e-af2c-9eb1e9c35520 for 177492ms
2019-09-18 08:50:40,199 [org.apache.ratis.server.impl.LogAppender$AppenderDaemon$$Lambda$505/1942826489@7aa047b2] ERROR ratis.XceiverServerRatis (XceiverServerRatis.java:triggerPipelineClose(575)) - pipeline Action CLOSE  on pipeline PipelineID=2bfa63fb-76fd-4f8a-9c4c-85722e6f2626.Reason : 92cc866f-2236-4b73-b0be-e1c51e7c2e55 has not seen follower/s 6955b3b9-1fa4-46c5-a946-8e67bfb83506 for 177492ms 07201f0e-3a1c-4c3e-af2c-9eb1e9c35520 for 177492ms
2019-09-18 08:50:40,624 [grpc-default-executor-7] INFO  client.GrpcClientProtocolClient (GrpcClientProtocolClient.java:onNext(264)) - client-45043365F4D9->6955b3b9-1fa4-46c5-a946-8e67bfb83506: receive RaftClientReply:client-45043365F4D9->6955b3b9-1fa4-46c5-a946-8e67bfb83506@group-85722E6F2626, cid=64, FAILED org.apache.ratis.protocol.NotLeaderException: Server 6955b3b9-1fa4-46c5-a946-8e67bfb83506@group-85722E6F2626 is not the leader 92cc866f-2236-4b73-b0be-e1c51e7c2e55:192.168.157.246:35640, logIndex=0, commits[6955b3b9-1fa4-46c5-a946-8e67bfb83506:c10, 07201f0e-3a1c-4c3e-af2c-9eb1e9c35520:c8, 92cc866f-2236-4b73-b0be-e1c51e7c2e55:c10]
2019-09-18 08:50:40,672 [EventQueue-PipelineActionsForPipelineActionHandler] ERROR pipeline.PipelineActionHandler (PipelineActionHandler.java:onMessage(60)) - Received pipeline action CLOSE for Pipeline[ Id: 2bfa63fb-76fd-4f8a-9c4c-85722e6f2626, Nodes: 07201f0e-3a1c-4c3e-af2c-9eb1e9c35520{ip: 192.168.157.246, host: pr-hdds-2137-trunk-xplkb-1906903878, networkLocation: /default-rack, certSerialId: null}6955b3b9-1fa4-46c5-a946-8e67bfb83506{ip: 192.168.157.246, host: pr-hdds-2137-trunk-xplkb-1906903878, networkLocation: /default-rack, certSerialId: null}92cc866f-2236-4b73-b0be-e1c51e7c2e55{ip: 192.168.157.246, host: pr-hdds-2137-trunk-xplkb-1906903878, networkLocation: /default-rack, certSerialId: null}, Type:RATIS, Factor:THREE, State:CLOSED] from datanode 92cc866f-2236-4b73-b0be-e1c51e7c2e55{ip: 192.168.157.246, host: pr-hdds-2137-trunk-xplkb-1906903878, networkLocation: /default-rack, certSerialId: null}. Reason : 92cc866f-2236-4b73-b0be-e1c51e7c2e55 has not seen follower/s 6955b3b9-1fa4-46c5-a946-8e67bfb83506 for 177492ms 07201f0e-3a1c-4c3e-af2c-9eb1e9c35520 for 177492ms
2019-09-18 08:50:40,672 [EventQueue-PipelineActionsForPipelineActionHandler] INFO  pipeline.SCMPipelineManager (SCMPipelineManager.java:finalizeAndDestroyPipeline(311)) - destroying pipeline:Pipeline[ Id: 2bfa63fb-76fd-4f8a-9c4c-85722e6f2626, Nodes: 07201f0e-3a1c-4c3e-af2c-9eb1e9c35520{ip: 192.168.157.246, host: pr-hdds-2137-trunk-xplkb-1906903878, networkLocation: /default-rack, certSerialId: null}6955b3b9-1fa4-46c5-a946-8e67bfb83506{ip: 192.168.157.246, host: pr-hdds-2137-trunk-xplkb-1906903878, networkLocation: /default-rack, certSerialId: null}92cc866f-2236-4b73-b0be-e1c51e7c2e55{ip: 192.168.157.246, host: pr-hdds-2137-trunk-xplkb-1906903878, networkLocation: /default-rack, certSerialId: null}, Type:RATIS, Factor:THREE, State:CLOSED]
2019-09-18 08:50:40,697 [java.util.concurrent.ThreadPoolExecutor$Worker@e8d937c[State = -1, empty queue]] WARN  server.GrpcLogAppender (GrpcLogAppender.java:timeoutAppendRequest(200)) - 92cc866f-2236-4b73-b0be-e1c51e7c2e55@group-85722E6F2626->07201f0e-3a1c-4c3e-af2c-9eb1e9c35520-GrpcLogAppender: appendEntries Timeout, request=92cc866f-2236-4b73-b0be-e1c51e7c2e55->07201f0e-3a1c-4c3e-af2c-9eb1e9c35520#88-t1, previous=(t:1, i:17), leaderCommit=10, initializing? false, entries: <empty>
2019-09-18 08:50:40,697 [java.util.concurrent.ThreadPoolExecutor$Worker@6b990b24[State = -1, empty queue]] WARN  server.GrpcLogAppender (GrpcLogAppender.java:timeoutAppendRequest(200)) - 92cc866f-2236-4b73-b0be-e1c51e7c2e55@group-85722E6F2626->6955b3b9-1fa4-46c5-a946-8e67bfb83506-GrpcLogAppender: appendEntries Timeout, request=92cc866f-2236-4b73-b0be-e1c51e7c2e55->6955b3b9-1fa4-46c5-a946-8e67bfb83506#88-t1, previous=(t:1, i:17), leaderCommit=10, initializing? false, entries: <empty>
2019-09-18 08:50:42,701 [org.apache.ratis.server.impl.LogAppender$AppenderDaemon$$Lambda$505/1942826489@541c59a0] ERROR ratis.XceiverServerRatis (XceiverServerRatis.java:triggerPipelineClose(575)) - pipeline Action CLOSE  on pipeline PipelineID=2bfa63fb-76fd-4f8a-9c4c-85722e6f2626.Reason : 92cc866f-2236-4b73-b0be-e1c51e7c2e55 has not seen follower/s 6955b3b9-1fa4-46c5-a946-8e67bfb83506 for 179993ms 07201f0e-3a1c-4c3e-af2c-9eb1e9c35520 for 179993ms
2019-09-18 08:50:42,701 [org.apache.ratis.server.impl.LogAppender$AppenderDaemon$$Lambda$505/1942826489@7aa047b2] ERROR ratis.XceiverServerRatis (XceiverServerRatis.java:triggerPipelineClose(575)) - pipeline Action CLOSE  on pipeline PipelineID=2bfa63fb-76fd-4f8a-9c4c-85722e6f2626.Reason : 92cc866f-2236-4b73-b0be-e1c51e7c2e55 has not seen follower/s 6955b3b9-1fa4-46c5-a946-8e67bfb83506 for 179993ms 07201f0e-3a1c-4c3e-af2c-9eb1e9c35520 for 179993ms
2019-09-18 08:50:43,199 [java.util.concurrent.ThreadPoolExecutor$Worker@e8d937c[State = -1, empty queue]] WARN  server.GrpcLogAppender (GrpcLogAppender.java:timeoutAppendRequest(200)) - 92cc866f-2236-4b73-b0be-e1c51e7c2e55@group-85722E6F2626->07201f0e-3a1c-4c3e-af2c-9eb1e9c35520-GrpcLogAppender: appendEntries Timeout, request=92cc866f-2236-4b73-b0be-e1c51e7c2e55->07201f0e-3a1c-4c3e-af2c-9eb1e9c35520#89-t1, previous=(t:1, i:17), leaderCommit=10, initializing? false, entries: <empty>
2019-09-18 08:50:43,199 [java.util.concurrent.ThreadPoolExecutor$Worker@6b990b24[State = -1, empty queue]] WARN  server.GrpcLogAppender (GrpcLogAppender.java:timeoutAppendRequest(200)) - 92cc866f-2236-4b73-b0be-e1c51e7c2e55@group-85722E6F2626->6955b3b9-1fa4-46c5-a946-8e67bfb83506-GrpcLogAppender: appendEntries Timeout, request=92cc866f-2236-4b73-b0be-e1c51e7c2e55->6955b3b9-1fa4-46c5-a946-8e67bfb83506#89-t1, previous=(t:1, i:17), leaderCommit=10, initializing? false, entries: <empty>
2019-09-18 08:50:43,673 [EventQueue-PipelineActionsForPipelineActionHandler] ERROR pipeline.PipelineActionHandler (PipelineActionHandler.java:onMessage(60)) - Received pipeline action CLOSE for Pipeline[ Id: 2bfa63fb-76fd-4f8a-9c4c-85722e6f2626, Nodes: 07201f0e-3a1c-4c3e-af2c-9eb1e9c35520{ip: 192.168.157.246, host: pr-hdds-2137-trunk-xplkb-1906903878, networkLocation: /default-rack, certSerialId: null}6955b3b9-1fa4-46c5-a946-8e67bfb83506{ip: 192.168.157.246, host: pr-hdds-2137-trunk-xplkb-1906903878, networkLocation: /default-rack, certSerialId: null}92cc866f-2236-4b73-b0be-e1c51e7c2e55{ip: 192.168.157.246, host: pr-hdds-2137-trunk-xplkb-1906903878, networkLocation: /default-rack, certSerialId: null}, Type:RATIS, Factor:THREE, State:CLOSED] from datanode 92cc866f-2236-4b73-b0be-e1c51e7c2e55{ip: 192.168.157.246, host: pr-hdds-2137-trunk-xplkb-1906903878, networkLocation: /default-rack, certSerialId: null}. Reason : 92cc866f-2236-4b73-b0be-e1c51e7c2e55 has not seen follower/s 6955b3b9-1fa4-46c5-a946-8e67bfb83506 for 179993ms 07201f0e-3a1c-4c3e-af2c-9eb1e9c35520 for 179993ms
2019-09-18 08:50:43,674 [EventQueue-PipelineActionsForPipelineActionHandler] INFO  pipeline.SCMPipelineManager (SCMPipelineManager.java:finalizeAndDestroyPipeline(311)) - destroying pipeline:Pipeline[ Id: 2bfa63fb-76fd-4f8a-9c4c-85722e6f2626, Nodes: 07201f0e-3a1c-4c3e-af2c-9eb1e9c35520{ip: 192.168.157.246, host: pr-hdds-2137-trunk-xplkb-1906903878, networkLocation: /default-rack, certSerialId: null}6955b3b9-1fa4-46c5-a946-8e67bfb83506{ip: 192.168.157.246, host: pr-hdds-2137-trunk-xplkb-1906903878, networkLocation: /default-rack, certSerialId: null}92cc866f-2236-4b73-b0be-e1c51e7c2e55{ip: 192.168.157.246, host: pr-hdds-2137-trunk-xplkb-1906903878, networkLocation: /default-rack, certSerialId: null}, Type:RATIS, Factor:THREE, State:CLOSED]
2019-09-18 08:50:43,831 [6955b3b9-1fa4-46c5-a946-8e67bfb83506@group-85722E6F2626-SegmentedRaftLogWorker] WARN  segmented.SegmentedRaftLogWorker (SegmentedRaftLogWorker.java:getFromFuture(90)) - Timeout 17/~
org.apache.ratis.protocol.TimeoutIOException: Timeout 10s: WriteLog:11: (t:1, i:11), STATEMACHINELOGENTRY, client-45043365F4D9, cid=64-writeStateMachineData
	at org.apache.ratis.util.IOUtils.getFromFuture(IOUtils.java:87)
	at org.apache.ratis.server.raftlog.segmented.SegmentedRaftLogWorker$StateMachineDataPolicy.getFromFuture(SegmentedRaftLogWorker.java:87)
	at org.apache.ratis.server.raftlog.segmented.SegmentedRaftLogWorker$WriteLog.execute(SegmentedRaftLogWorker.java:477)
	at org.apache.ratis.server.raftlog.segmented.SegmentedRaftLogWorker.run(SegmentedRaftLogWorker.java:289)
	at java.lang.Thread.run(Thread.java:748)
Caused by: java.util.concurrent.TimeoutException
	at java.util.concurrent.CompletableFuture.timedGet(CompletableFuture.java:1771)
	at java.util.concurrent.CompletableFuture.get(CompletableFuture.java:1915)
	at org.apache.ratis.util.IOUtils.getFromFuture(IOUtils.java:79)
	... 4 more
2019-09-18 08:50:43,873 [92cc866f-2236-4b73-b0be-e1c51e7c2e55@group-85722E6F2626-SegmentedRaftLogWorker] WARN  segmented.SegmentedRaftLogWorker (SegmentedRaftLogWorker.java:getFromFuture(90)) - Timeout 17/~
org.apache.ratis.protocol.TimeoutIOException: Timeout 10s: WriteLog:11: (t:1, i:11), STATEMACHINELOGENTRY, client-45043365F4D9, cid=64-writeStateMachineData
	at org.apache.ratis.util.IOUtils.getFromFuture(IOUtils.java:87)
	at org.apache.ratis.server.raftlog.segmented.SegmentedRaftLogWorker$StateMachineDataPolicy.getFromFuture(SegmentedRaftLogWorker.java:87)
	at org.apache.ratis.server.raftlog.segmented.SegmentedRaftLogWorker$WriteLog.execute(SegmentedRaftLogWorker.java:477)
	at org.apache.ratis.server.raftlog.segmented.SegmentedRaftLogWorker.run(SegmentedRaftLogWorker.java:289)
	at java.lang.Thread.run(Thread.java:748)
Caused by: java.util.concurrent.TimeoutException
	at java.util.concurrent.CompletableFuture.timedGet(CompletableFuture.java:1771)
	at java.util.concurrent.CompletableFuture.get(CompletableFuture.java:1915)
	at org.apache.ratis.util.IOUtils.getFromFuture(IOUtils.java:79)
	... 4 more
2019-09-18 08:50:45,201 [org.apache.ratis.server.impl.LogAppender$AppenderDaemon$$Lambda$505/1942826489@7aa047b2] ERROR ratis.XceiverServerRatis (XceiverServerRatis.java:triggerPipelineClose(575)) - pipeline Action CLOSE  on pipeline PipelineID=2bfa63fb-76fd-4f8a-9c4c-85722e6f2626.Reason : 92cc866f-2236-4b73-b0be-e1c51e7c2e55 has not seen follower/s 6955b3b9-1fa4-46c5-a946-8e67bfb83506 for 182494ms 07201f0e-3a1c-4c3e-af2c-9eb1e9c35520 for 182494ms
2019-09-18 08:50:45,201 [org.apache.ratis.server.impl.LogAppender$AppenderDaemon$$Lambda$505/1942826489@541c59a0] ERROR ratis.XceiverServerRatis (XceiverServerRatis.java:triggerPipelineClose(575)) - pipeline Action CLOSE  on pipeline PipelineID=2bfa63fb-76fd-4f8a-9c4c-85722e6f2626.Reason : 92cc866f-2236-4b73-b0be-e1c51e7c2e55 has not seen follower/s 6955b3b9-1fa4-46c5-a946-8e67bfb83506 for 182494ms 07201f0e-3a1c-4c3e-af2c-9eb1e9c35520 for 182494ms
2019-09-18 08:50:45,615 [07201f0e-3a1c-4c3e-af2c-9eb1e9c35520@group-85722E6F2626-SegmentedRaftLogWorker] WARN  segmented.SegmentedRaftLogWorker (SegmentedRaftLogWorker.java:getFromFuture(90)) - Timeout 17/~
org.apache.ratis.protocol.TimeoutIOException: Timeout 10s: WriteLog:12: (t:1, i:12), STATEMACHINELOGENTRY, client-45043365F4D9, cid=65-writeStateMachineData
	at org.apache.ratis.util.IOUtils.getFromFuture(IOUtils.java:87)
	at org.apache.ratis.server.raftlog.segmented.SegmentedRaftLogWorker$StateMachineDataPolicy.getFromFuture(SegmentedRaftLogWorker.java:87)
	at org.apache.ratis.server.raftlog.segmented.SegmentedRaftLogWorker$WriteLog.execute(SegmentedRaftLogWorker.java:477)
	at org.apache.ratis.server.raftlog.segmented.SegmentedRaftLogWorker.run(SegmentedRaftLogWorker.java:289)
	at java.lang.Thread.run(Thread.java:748)
Caused by: java.util.concurrent.TimeoutException
	at java.util.concurrent.CompletableFuture.timedGet(CompletableFuture.java:1771)
	at java.util.concurrent.CompletableFuture.get(CompletableFuture.java:1915)
	at org.apache.ratis.util.IOUtils.getFromFuture(IOUtils.java:79)
	... 4 more
2019-09-18 08:50:45,674 [EventQueue-PipelineActionsForPipelineActionHandler] ERROR pipeline.PipelineActionHandler (PipelineActionHandler.java:onMessage(60)) - Received pipeline action CLOSE for Pipeline[ Id: 2bfa63fb-76fd-4f8a-9c4c-85722e6f2626, Nodes: 07201f0e-3a1c-4c3e-af2c-9eb1e9c35520{ip: 192.168.157.246, host: pr-hdds-2137-trunk-xplkb-1906903878, networkLocation: /default-rack, certSerialId: null}6955b3b9-1fa4-46c5-a946-8e67bfb83506{ip: 192.168.157.246, host: pr-hdds-2137-trunk-xplkb-1906903878, networkLocation: /default-rack, certSerialId: null}92cc866f-2236-4b73-b0be-e1c51e7c2e55{ip: 192.168.157.246, host: pr-hdds-2137-trunk-xplkb-1906903878, networkLocation: /default-rack, certSerialId: null}, Type:RATIS, Factor:THREE, State:CLOSED] from datanode 92cc866f-2236-4b73-b0be-e1c51e7c2e55{ip: 192.168.157.246, host: pr-hdds-2137-trunk-xplkb-1906903878, networkLocation: /default-rack, certSerialId: null}. Reason : 92cc866f-2236-4b73-b0be-e1c51e7c2e55 has not seen follower/s 6955b3b9-1fa4-46c5-a946-8e67bfb83506 for 182494ms 07201f0e-3a1c-4c3e-af2c-9eb1e9c35520 for 182494ms
2019-09-18 08:50:45,674 [EventQueue-PipelineActionsForPipelineActionHandler] INFO  pipeline.SCMPipelineManager (SCMPipelineManager.java:finalizeAndDestroyPipeline(311)) - destroying pipeline:Pipeline[ Id: 2bfa63fb-76fd-4f8a-9c4c-85722e6f2626, Nodes: 07201f0e-3a1c-4c3e-af2c-9eb1e9c35520{ip: 192.168.157.246, host: pr-hdds-2137-trunk-xplkb-1906903878, networkLocation: /default-rack, certSerialId: null}6955b3b9-1fa4-46c5-a946-8e67bfb83506{ip: 192.168.157.246, host: pr-hdds-2137-trunk-xplkb-1906903878, networkLocation: /default-rack, certSerialId: null}92cc866f-2236-4b73-b0be-e1c51e7c2e55{ip: 192.168.157.246, host: pr-hdds-2137-trunk-xplkb-1906903878, networkLocation: /default-rack, certSerialId: null}, Type:RATIS, Factor:THREE, State:CLOSED]
2019-09-18 08:50:45,680 [grpc-default-executor-4] INFO  client.GrpcClientProtocolClient (GrpcClientProtocolClient.java:onNext(264)) - client-45043365F4D9->6955b3b9-1fa4-46c5-a946-8e67bfb83506: receive RaftClientReply:client-45043365F4D9->6955b3b9-1fa4-46c5-a946-8e67bfb83506@group-85722E6F2626, cid=64, FAILED org.apache.ratis.protocol.NotLeaderException: Server 6955b3b9-1fa4-46c5-a946-8e67bfb83506@group-85722E6F2626 is not the leader 92cc866f-2236-4b73-b0be-e1c51e7c2e55:192.168.157.246:35640, logIndex=0, commits[6955b3b9-1fa4-46c5-a946-8e67bfb83506:c10, 07201f0e-3a1c-4c3e-af2c-9eb1e9c35520:c8, 92cc866f-2236-4b73-b0be-e1c51e7c2e55:c10]
2019-09-18 08:50:45,700 [java.util.concurrent.ThreadPoolExecutor$Worker@6b990b24[State = -1, empty queue]] WARN  server.GrpcLogAppender (GrpcLogAppender.java:timeoutAppendRequest(200)) - 92cc866f-2236-4b73-b0be-e1c51e7c2e55@group-85722E6F2626->6955b3b9-1fa4-46c5-a946-8e67bfb83506-GrpcLogAppender: appendEntries Timeout, request=92cc866f-2236-4b73-b0be-e1c51e7c2e55->6955b3b9-1fa4-46c5-a946-8e67bfb83506#90-t1, previous=(t:1, i:17), leaderCommit=10, initializing? false, entries: <empty>
2019-09-18 08:50:45,700 [java.util.concurrent.ThreadPoolExecutor$Worker@e8d937c[State = -1, empty queue]] WARN  server.GrpcLogAppender (GrpcLogAppender.java:timeoutAppendRequest(200)) - 92cc866f-2236-4b73-b0be-e1c51e7c2e55@group-85722E6F2626->07201f0e-3a1c-4c3e-af2c-9eb1e9c35520-GrpcLogAppender: appendEntries Timeout, request=92cc866f-2236-4b73-b0be-e1c51e7c2e55->07201f0e-3a1c-4c3e-af2c-9eb1e9c35520#90-t1, previous=(t:1, i:17), leaderCommit=10, initializing? false, entries: <empty>
2019-09-18 08:50:47,701 [org.apache.ratis.server.impl.LogAppender$AppenderDaemon$$Lambda$505/1942826489@541c59a0] ERROR ratis.XceiverServerRatis (XceiverServerRatis.java:triggerPipelineClose(575)) - pipeline Action CLOSE  on pipeline PipelineID=2bfa63fb-76fd-4f8a-9c4c-85722e6f2626.Reason : 92cc866f-2236-4b73-b0be-e1c51e7c2e55 has not seen follower/s 6955b3b9-1fa4-46c5-a946-8e67bfb83506 for 184995ms 07201f0e-3a1c-4c3e-af2c-9eb1e9c35520 for 184994ms
2019-09-18 08:50:47,702 [org.apache.ratis.server.impl.LogAppender$AppenderDaemon$$Lambda$505/1942826489@7aa047b2] ERROR ratis.XceiverServerRatis (XceiverServerRatis.java:triggerPipelineClose(575)) - pipeline Action CLOSE  on pipeline PipelineID=2bfa63fb-76fd-4f8a-9c4c-85722e6f2626.Reason : 92cc866f-2236-4b73-b0be-e1c51e7c2e55 has not seen follower/s 6955b3b9-1fa4-46c5-a946-8e67bfb83506 for 184995ms 07201f0e-3a1c-4c3e-af2c-9eb1e9c35520 for 184995ms
2019-09-18 08:50:48,201 [java.util.concurrent.ThreadPoolExecutor$Worker@6b990b24[State = -1, empty queue]] WARN  server.GrpcLogAppender (GrpcLogAppender.java:timeoutAppendRequest(200)) - 92cc866f-2236-4b73-b0be-e1c51e7c2e55@group-85722E6F2626->6955b3b9-1fa4-46c5-a946-8e67bfb83506-GrpcLogAppender: appendEntries Timeout, request=92cc866f-2236-4b73-b0be-e1c51e7c2e55->6955b3b9-1fa4-46c5-a946-8e67bfb83506#91-t1, previous=(t:1, i:17), leaderCommit=10, initializing? false, entries: <empty>
2019-09-18 08:50:48,201 [java.util.concurrent.ThreadPoolExecutor$Worker@e8d937c[State = -1, empty queue]] WARN  server.GrpcLogAppender (GrpcLogAppender.java:timeoutAppendRequest(200)) - 92cc866f-2236-4b73-b0be-e1c51e7c2e55@group-85722E6F2626->07201f0e-3a1c-4c3e-af2c-9eb1e9c35520-GrpcLogAppender: appendEntries Timeout, request=92cc866f-2236-4b73-b0be-e1c51e7c2e55->07201f0e-3a1c-4c3e-af2c-9eb1e9c35520#91-t1, previous=(t:1, i:17), leaderCommit=10, initializing? false, entries: <empty>
2019-09-18 08:50:48,674 [EventQueue-PipelineActionsForPipelineActionHandler] ERROR pipeline.PipelineActionHandler (PipelineActionHandler.java:onMessage(60)) - Received pipeline action CLOSE for Pipeline[ Id: 2bfa63fb-76fd-4f8a-9c4c-85722e6f2626, Nodes: 07201f0e-3a1c-4c3e-af2c-9eb1e9c35520{ip: 192.168.157.246, host: pr-hdds-2137-trunk-xplkb-1906903878, networkLocation: /default-rack, certSerialId: null}6955b3b9-1fa4-46c5-a946-8e67bfb83506{ip: 192.168.157.246, host: pr-hdds-2137-trunk-xplkb-1906903878, networkLocation: /default-rack, certSerialId: null}92cc866f-2236-4b73-b0be-e1c51e7c2e55{ip: 192.168.157.246, host: pr-hdds-2137-trunk-xplkb-1906903878, networkLocation: /default-rack, certSerialId: null}, Type:RATIS, Factor:THREE, State:CLOSED] from datanode 92cc866f-2236-4b73-b0be-e1c51e7c2e55{ip: 192.168.157.246, host: pr-hdds-2137-trunk-xplkb-1906903878, networkLocation: /default-rack, certSerialId: null}. Reason : 92cc866f-2236-4b73-b0be-e1c51e7c2e55 has not seen follower/s 6955b3b9-1fa4-46c5-a946-8e67bfb83506 for 184995ms 07201f0e-3a1c-4c3e-af2c-9eb1e9c35520 for 184994ms
2019-09-18 08:50:48,674 [EventQueue-PipelineActionsForPipelineActionHandler] INFO  pipeline.SCMPipelineManager (SCMPipelineManager.java:finalizeAndDestroyPipeline(311)) - destroying pipeline:Pipeline[ Id: 2bfa63fb-76fd-4f8a-9c4c-85722e6f2626, Nodes: 07201f0e-3a1c-4c3e-af2c-9eb1e9c35520{ip: 192.168.157.246, host: pr-hdds-2137-trunk-xplkb-1906903878, networkLocation: /default-rack, certSerialId: null}6955b3b9-1fa4-46c5-a946-8e67bfb83506{ip: 192.168.157.246, host: pr-hdds-2137-trunk-xplkb-1906903878, networkLocation: /default-rack, certSerialId: null}92cc866f-2236-4b73-b0be-e1c51e7c2e55{ip: 192.168.157.246, host: pr-hdds-2137-trunk-xplkb-1906903878, networkLocation: /default-rack, certSerialId: null}, Type:RATIS, Factor:THREE, State:CLOSED]
2019-09-18 08:50:50,204 [org.apache.ratis.server.impl.LogAppender$AppenderDaemon$$Lambda$505/1942826489@7aa047b2] ERROR ratis.XceiverServerRatis (XceiverServerRatis.java:triggerPipelineClose(575)) - pipeline Action CLOSE  on pipeline PipelineID=2bfa63fb-76fd-4f8a-9c4c-85722e6f2626.Reason : 92cc866f-2236-4b73-b0be-e1c51e7c2e55 has not seen follower/s 6955b3b9-1fa4-46c5-a946-8e67bfb83506 for 187497ms 07201f0e-3a1c-4c3e-af2c-9eb1e9c35520 for 187496ms
2019-09-18 08:50:50,204 [org.apache.ratis.server.impl.LogAppender$AppenderDaemon$$Lambda$505/1942826489@541c59a0] ERROR ratis.XceiverServerRatis (XceiverServerRatis.java:triggerPipelineClose(575)) - pipeline Action CLOSE  on pipeline PipelineID=2bfa63fb-76fd-4f8a-9c4c-85722e6f2626.Reason : 92cc866f-2236-4b73-b0be-e1c51e7c2e55 has not seen follower/s 6955b3b9-1fa4-46c5-a946-8e67bfb83506 for 187497ms 07201f0e-3a1c-4c3e-af2c-9eb1e9c35520 for 187496ms
2019-09-18 08:50:50,662 [grpc-default-executor-8] INFO  impl.RaftServerProxy (RaftServerProxy.java:remove(95)) - 07201f0e-3a1c-4c3e-af2c-9eb1e9c35520: remove  FOLLOWER 07201f0e-3a1c-4c3e-af2c-9eb1e9c35520@group-85722E6F2626:t1, leader=92cc866f-2236-4b73-b0be-e1c51e7c2e55, voted=92cc866f-2236-4b73-b0be-e1c51e7c2e55, raftlog=07201f0e-3a1c-4c3e-af2c-9eb1e9c35520@group-85722E6F2626-SegmentedRaftLog:OPENED:c10,f10,i17, conf=0: [6955b3b9-1fa4-46c5-a946-8e67bfb83506:192.168.157.246:34451, 07201f0e-3a1c-4c3e-af2c-9eb1e9c35520:192.168.157.246:39492, 92cc866f-2236-4b73-b0be-e1c51e7c2e55:192.168.157.246:35640], old=null RUNNING
2019-09-18 08:50:50,663 [grpc-default-executor-8] INFO  impl.RaftServerImpl (RaftServerImpl.java:lambda$shutdown$3(251)) - 07201f0e-3a1c-4c3e-af2c-9eb1e9c35520@group-85722E6F2626: shutdown
2019-09-18 08:50:50,663 [grpc-default-executor-8] INFO  util.JmxRegister (JmxRegister.java:unregister(73)) - Successfully un-registered JMX Bean with object name Ratis:service=RaftServer,group=group-85722E6F2626,id=07201f0e-3a1c-4c3e-af2c-9eb1e9c35520
2019-09-18 08:50:50,664 [grpc-default-executor-8] INFO  impl.RoleInfo (RoleInfo.java:shutdownFollowerState(121)) - 07201f0e-3a1c-4c3e-af2c-9eb1e9c35520: shutdown FollowerState
2019-09-18 08:50:50,664 [grpc-default-executor-8] INFO  impl.StateMachineUpdater (StateMachineUpdater.java:stopAndJoin(125)) - 07201f0e-3a1c-4c3e-af2c-9eb1e9c35520@group-85722E6F2626-StateMachineUpdater: set stopIndex = 10
2019-09-18 08:50:50,664 [Thread-867] INFO  impl.FollowerState (FollowerState.java:run(115)) - 07201f0e-3a1c-4c3e-af2c-9eb1e9c35520: FollowerState was interrupted: java.lang.InterruptedException: sleep interrupted
2019-09-18 08:50:50,664 [07201f0e-3a1c-4c3e-af2c-9eb1e9c35520@group-85722E6F2626-StateMachineUpdater] INFO  ratis.ContainerStateMachine (ContainerStateMachine.java:takeSnapshot(289)) - group-85722E6F2626: Taking a snapshot at:(t:1, i:8) file /workdir/hadoop-ozone/integration-test/target/test-dir/MiniOzoneClusterImpl-02ae093f-2137-4f54-abf4-d0f1fad2b35e/datanode-1/data/ratis/2bfa63fb-76fd-4f8a-9c4c-85722e6f2626/sm/snapshot.1_8
2019-09-18 08:50:50,673 [EventQueue-PipelineActionsForPipelineActionHandler] ERROR pipeline.PipelineActionHandler (PipelineActionHandler.java:onMessage(60)) - Received pipeline action CLOSE for Pipeline[ Id: 2bfa63fb-76fd-4f8a-9c4c-85722e6f2626, Nodes: 07201f0e-3a1c-4c3e-af2c-9eb1e9c35520{ip: 192.168.157.246, host: pr-hdds-2137-trunk-xplkb-1906903878, networkLocation: /default-rack, certSerialId: null}6955b3b9-1fa4-46c5-a946-8e67bfb83506{ip: 192.168.157.246, host: pr-hdds-2137-trunk-xplkb-1906903878, networkLocation: /default-rack, certSerialId: null}92cc866f-2236-4b73-b0be-e1c51e7c2e55{ip: 192.168.157.246, host: pr-hdds-2137-trunk-xplkb-1906903878, networkLocation: /default-rack, certSerialId: null}, Type:RATIS, Factor:THREE, State:CLOSED] from datanode 92cc866f-2236-4b73-b0be-e1c51e7c2e55{ip: 192.168.157.246, host: pr-hdds-2137-trunk-xplkb-1906903878, networkLocation: /default-rack, certSerialId: null}. Reason : 92cc866f-2236-4b73-b0be-e1c51e7c2e55 has not seen follower/s 6955b3b9-1fa4-46c5-a946-8e67bfb83506 for 187497ms 07201f0e-3a1c-4c3e-af2c-9eb1e9c35520 for 187496ms
2019-09-18 08:50:50,673 [EventQueue-PipelineActionsForPipelineActionHandler] INFO  pipeline.SCMPipelineManager (SCMPipelineManager.java:finalizeAndDestroyPipeline(311)) - destroying pipeline:Pipeline[ Id: 2bfa63fb-76fd-4f8a-9c4c-85722e6f2626, Nodes: 07201f0e-3a1c-4c3e-af2c-9eb1e9c35520{ip: 192.168.157.246, host: pr-hdds-2137-trunk-xplkb-1906903878, networkLocation: /default-rack, certSerialId: null}6955b3b9-1fa4-46c5-a946-8e67bfb83506{ip: 192.168.157.246, host: pr-hdds-2137-trunk-xplkb-1906903878, networkLocation: /default-rack, certSerialId: null}92cc866f-2236-4b73-b0be-e1c51e7c2e55{ip: 192.168.157.246, host: pr-hdds-2137-trunk-xplkb-1906903878, networkLocation: /default-rack, certSerialId: null}, Type:RATIS, Factor:THREE, State:CLOSED]
2019-09-18 08:50:50,689 [07201f0e-3a1c-4c3e-af2c-9eb1e9c35520@group-85722E6F2626-StateMachineUpdater] INFO  ratis.ContainerStateMachine (ContainerStateMachine.java:takeSnapshot(300)) - group-85722E6F2626: Finished taking a snapshot at:(t:1, i:8) file:/workdir/hadoop-ozone/integration-test/target/test-dir/MiniOzoneClusterImpl-02ae093f-2137-4f54-abf4-d0f1fad2b35e/datanode-1/data/ratis/2bfa63fb-76fd-4f8a-9c4c-85722e6f2626/sm/snapshot.1_8 time:25
2019-09-18 08:50:50,690 [07201f0e-3a1c-4c3e-af2c-9eb1e9c35520@group-85722E6F2626-StateMachineUpdater] INFO  impl.StateMachineUpdater (StateMachineUpdater.java:takeSnapshot(258)) - 07201f0e-3a1c-4c3e-af2c-9eb1e9c35520@group-85722E6F2626-StateMachineUpdater: Took a snapshot at index 8
2019-09-18 08:50:50,690 [07201f0e-3a1c-4c3e-af2c-9eb1e9c35520@group-85722E6F2626-StateMachineUpdater] INFO  impl.StateMachineUpdater (StateMachineUpdater.java:lambda$new$0(83)) - 07201f0e-3a1c-4c3e-af2c-9eb1e9c35520@group-85722E6F2626-StateMachineUpdater: snapshotIndex: updateIncreasingly -1 -> 8
2019-09-18 08:50:50,691 [07201f0e-3a1c-4c3e-af2c-9eb1e9c35520@group-85722E6F2626-StateMachineUpdater] INFO  ratis.ContainerStateMachine (ContainerStateMachine.java:takeSnapshot(289)) - group-85722E6F2626: Taking a snapshot at:(t:1, i:8) file /workdir/hadoop-ozone/integration-test/target/test-dir/MiniOzoneClusterImpl-02ae093f-2137-4f54-abf4-d0f1fad2b35e/datanode-1/data/ratis/2bfa63fb-76fd-4f8a-9c4c-85722e6f2626/sm/snapshot.1_8
2019-09-18 08:50:50,693 [07201f0e-3a1c-4c3e-af2c-9eb1e9c35520@group-85722E6F2626-StateMachineUpdater] INFO  ratis.ContainerStateMachine (ContainerStateMachine.java:takeSnapshot(300)) - group-85722E6F2626: Finished taking a snapshot at:(t:1, i:8) file:/workdir/hadoop-ozone/integration-test/target/test-dir/MiniOzoneClusterImpl-02ae093f-2137-4f54-abf4-d0f1fad2b35e/datanode-1/data/ratis/2bfa63fb-76fd-4f8a-9c4c-85722e6f2626/sm/snapshot.1_8 time:3
2019-09-18 08:50:50,693 [07201f0e-3a1c-4c3e-af2c-9eb1e9c35520@group-85722E6F2626-StateMachineUpdater] INFO  impl.StateMachineUpdater (StateMachineUpdater.java:takeSnapshot(258)) - 07201f0e-3a1c-4c3e-af2c-9eb1e9c35520@group-85722E6F2626-StateMachineUpdater: Took a snapshot at index 8
2019-09-18 08:50:50,694 [07201f0e-3a1c-4c3e-af2c-9eb1e9c35520@group-85722E6F2626-StateMachineUpdater] INFO  impl.StateMachineUpdater (StateMachineUpdater.java:lambda$new$0(83)) - 07201f0e-3a1c-4c3e-af2c-9eb1e9c35520@group-85722E6F2626-StateMachineUpdater: snapshotIndex: updateIncreasingly 8 -> 8
2019-09-18 08:50:50,694 [grpc-default-executor-8] INFO  impl.RaftServerImpl (ServerState.java:close(385)) - 07201f0e-3a1c-4c3e-af2c-9eb1e9c35520@group-85722E6F2626: closes. applyIndex: 10
2019-09-18 08:50:50,695 [07201f0e-3a1c-4c3e-af2c-9eb1e9c35520@group-85722E6F2626-SegmentedRaftLogWorker] ERROR ratis.XceiverServerRatis (XceiverServerRatis.java:triggerPipelineClose(575)) - pipeline Action CLOSE  on pipeline PipelineID=2bfa63fb-76fd-4f8a-9c4c-85722e6f2626.Reason : WriteLog:12: (t:1, i:12), STATEMACHINELOGENTRY, client-45043365F4D9, cid=65-writeStateMachineData interrupted.
2019-09-18 08:50:50,699 [EventQueue-PipelineActionsForPipelineActionHandler] ERROR pipeline.PipelineActionHandler (PipelineActionHandler.java:onMessage(60)) - Received pipeline action CLOSE for Pipeline[ Id: 2bfa63fb-76fd-4f8a-9c4c-85722e6f2626, Nodes: 07201f0e-3a1c-4c3e-af2c-9eb1e9c35520{ip: 192.168.157.246, host: pr-hdds-2137-trunk-xplkb-1906903878, networkLocation: /default-rack, certSerialId: null}6955b3b9-1fa4-46c5-a946-8e67bfb83506{ip: 192.168.157.246, host: pr-hdds-2137-trunk-xplkb-1906903878, networkLocation: /default-rack, certSerialId: null}92cc866f-2236-4b73-b0be-e1c51e7c2e55{ip: 192.168.157.246, host: pr-hdds-2137-trunk-xplkb-1906903878, networkLocation: /default-rack, certSerialId: null}, Type:RATIS, Factor:THREE, State:CLOSED] from datanode 07201f0e-3a1c-4c3e-af2c-9eb1e9c35520{ip: 192.168.157.246, host: pr-hdds-2137-trunk-xplkb-1906903878, networkLocation: /default-rack, certSerialId: null}. Reason : WriteLog:12: (t:1, i:12), STATEMACHINELOGENTRY, client-45043365F4D9, cid=65-writeStateMachineData interrupted.
2019-09-18 08:50:50,699 [EventQueue-PipelineActionsForPipelineActionHandler] INFO  pipeline.SCMPipelineManager (SCMPipelineManager.java:finalizeAndDestroyPipeline(311)) - destroying pipeline:Pipeline[ Id: 2bfa63fb-76fd-4f8a-9c4c-85722e6f2626, Nodes: 07201f0e-3a1c-4c3e-af2c-9eb1e9c35520{ip: 192.168.157.246, host: pr-hdds-2137-trunk-xplkb-1906903878, networkLocation: /default-rack, certSerialId: null}6955b3b9-1fa4-46c5-a946-8e67bfb83506{ip: 192.168.157.246, host: pr-hdds-2137-trunk-xplkb-1906903878, networkLocation: /default-rack, certSerialId: null}92cc866f-2236-4b73-b0be-e1c51e7c2e55{ip: 192.168.157.246, host: pr-hdds-2137-trunk-xplkb-1906903878, networkLocation: /default-rack, certSerialId: null}, Type:RATIS, Factor:THREE, State:CLOSED]
2019-09-18 08:50:50,700 [grpc-default-executor-8] INFO  segmented.SegmentedRaftLogWorker (SegmentedRaftLogWorker.java:close(228)) - 07201f0e-3a1c-4c3e-af2c-9eb1e9c35520@group-85722E6F2626-SegmentedRaftLogWorker close()
2019-09-18 08:50:50,705 [java.util.concurrent.ThreadPoolExecutor$Worker@e8d937c[State = -1, empty queue]] WARN  server.GrpcLogAppender (GrpcLogAppender.java:timeoutAppendRequest(200)) - 92cc866f-2236-4b73-b0be-e1c51e7c2e55@group-85722E6F2626->07201f0e-3a1c-4c3e-af2c-9eb1e9c35520-GrpcLogAppender: appendEntries Timeout, request=92cc866f-2236-4b73-b0be-e1c51e7c2e55->07201f0e-3a1c-4c3e-af2c-9eb1e9c35520#92-t1, previous=(t:1, i:17), leaderCommit=10, initializing? false, entries: <empty>
2019-09-18 08:50:50,705 [java.util.concurrent.ThreadPoolExecutor$Worker@6b990b24[State = -1, empty queue]] WARN  server.GrpcLogAppender (GrpcLogAppender.java:timeoutAppendRequest(200)) - 92cc866f-2236-4b73-b0be-e1c51e7c2e55@group-85722E6F2626->6955b3b9-1fa4-46c5-a946-8e67bfb83506-GrpcLogAppender: appendEntries Timeout, request=92cc866f-2236-4b73-b0be-e1c51e7c2e55->6955b3b9-1fa4-46c5-a946-8e67bfb83506#92-t1, previous=(t:1, i:17), leaderCommit=10, initializing? false, entries: <empty>
2019-09-18 08:50:50,709 [grpc-default-executor-8] INFO  interfaces.Container (KeyValueContainer.java:flushAndSyncDB(386)) - Container 4 is synced with bcsId 4.
2019-09-18 08:50:50,709 [grpc-default-executor-8] INFO  interfaces.Container (KeyValueContainer.java:flushAndSyncDB(386)) - Container 4 is synced with bcsId 4.
2019-09-18 08:50:50,718 [grpc-default-executor-4] INFO  client.GrpcClientProtocolClient (GrpcClientProtocolClient.java:onNext(264)) - client-45043365F4D9->6955b3b9-1fa4-46c5-a946-8e67bfb83506: receive RaftClientReply:client-45043365F4D9->6955b3b9-1fa4-46c5-a946-8e67bfb83506@group-85722E6F2626, cid=64, FAILED org.apache.ratis.protocol.NotLeaderException: Server 6955b3b9-1fa4-46c5-a946-8e67bfb83506@group-85722E6F2626 is not the leader 92cc866f-2236-4b73-b0be-e1c51e7c2e55:192.168.157.246:35640, logIndex=0, commits[6955b3b9-1fa4-46c5-a946-8e67bfb83506:c10, 07201f0e-3a1c-4c3e-af2c-9eb1e9c35520:c8, 92cc866f-2236-4b73-b0be-e1c51e7c2e55:c10]
2019-09-18 08:50:50,720 [grpc-default-executor-8] INFO  interfaces.Container (KeyValueContainer.java:flushAndSyncDB(386)) - Container 6 is synced with bcsId 8.
2019-09-18 08:50:50,726 [grpc-default-executor-8] INFO  interfaces.Container (KeyValueContainer.java:flushAndSyncDB(386)) - Container 6 is synced with bcsId 8.
2019-09-18 08:50:50,728 [EventQueue-IncrementalContainerReportForIncrementalContainerReportHandler] INFO  container.IncrementalContainerReportHandler (AbstractContainerReportHandler.java:updateContainerState(169)) - Moving container #4 to QUASI_CLOSED state, datanode 07201f0e-3a1c-4c3e-af2c-9eb1e9c35520{ip: 192.168.157.246, host: pr-hdds-2137-trunk-xplkb-1906903878, networkLocation: /default-rack, certSerialId: null} reported QUASI_CLOSED replica.
2019-09-18 08:50:50,735 [EventQueue-IncrementalContainerReportForIncrementalContainerReportHandler] INFO  container.IncrementalContainerReportHandler (AbstractContainerReportHandler.java:updateContainerState(169)) - Moving container #6 to QUASI_CLOSED state, datanode 07201f0e-3a1c-4c3e-af2c-9eb1e9c35520{ip: 192.168.157.246, host: pr-hdds-2137-trunk-xplkb-1906903878, networkLocation: /default-rack, certSerialId: null} reported QUASI_CLOSED replica.
2019-09-18 08:50:51,189 [grpc-default-executor-8] INFO  interfaces.Container (KeyValueContainer.java:flushAndSyncDB(386)) - Container 7 is synced with bcsId 0.
2019-09-18 08:50:51,190 [grpc-default-executor-8] INFO  interfaces.Container (KeyValueContainer.java:flushAndSyncDB(386)) - Container 7 is synced with bcsId 0.
2019-09-18 08:50:51,205 [EventQueue-IncrementalContainerReportForIncrementalContainerReportHandler] INFO  container.IncrementalContainerReportHandler (AbstractContainerReportHandler.java:updateContainerState(169)) - Moving container #7 to QUASI_CLOSED state, datanode 07201f0e-3a1c-4c3e-af2c-9eb1e9c35520{ip: 192.168.157.246, host: pr-hdds-2137-trunk-xplkb-1906903878, networkLocation: /default-rack, certSerialId: null} reported QUASI_CLOSED replica.
2019-09-18 08:50:51,211 [grpc-default-executor-8] INFO  impl.RaftServerProxy (RaftServerProxy.java:remove(95)) - 6955b3b9-1fa4-46c5-a946-8e67bfb83506: remove  FOLLOWER 6955b3b9-1fa4-46c5-a946-8e67bfb83506@group-85722E6F2626:t1, leader=92cc866f-2236-4b73-b0be-e1c51e7c2e55, voted=92cc866f-2236-4b73-b0be-e1c51e7c2e55, raftlog=6955b3b9-1fa4-46c5-a946-8e67bfb83506@group-85722E6F2626-SegmentedRaftLog:OPENED:c10,f10,i17, conf=0: [6955b3b9-1fa4-46c5-a946-8e67bfb83506:192.168.157.246:34451, 07201f0e-3a1c-4c3e-af2c-9eb1e9c35520:192.168.157.246:39492, 92cc866f-2236-4b73-b0be-e1c51e7c2e55:192.168.157.246:35640], old=null RUNNING
2019-09-18 08:50:51,211 [grpc-default-executor-8] INFO  impl.RaftServerImpl (RaftServerImpl.java:lambda$shutdown$3(251)) - 6955b3b9-1fa4-46c5-a946-8e67bfb83506@group-85722E6F2626: shutdown
2019-09-18 08:50:51,211 [grpc-default-executor-8] INFO  util.JmxRegister (JmxRegister.java:unregister(73)) - Successfully un-registered JMX Bean with object name Ratis:service=RaftServer,group=group-85722E6F2626,id=6955b3b9-1fa4-46c5-a946-8e67bfb83506
2019-09-18 08:50:51,211 [grpc-default-executor-8] INFO  impl.RoleInfo (RoleInfo.java:shutdownFollowerState(121)) - 6955b3b9-1fa4-46c5-a946-8e67bfb83506: shutdown FollowerState
2019-09-18 08:50:51,211 [grpc-default-executor-8] INFO  impl.StateMachineUpdater (StateMachineUpdater.java:stopAndJoin(125)) - 6955b3b9-1fa4-46c5-a946-8e67bfb83506@group-85722E6F2626-StateMachineUpdater: set stopIndex = 10
2019-09-18 08:50:51,212 [Thread-866] INFO  impl.FollowerState (FollowerState.java:run(115)) - 6955b3b9-1fa4-46c5-a946-8e67bfb83506: FollowerState was interrupted: java.lang.InterruptedException: sleep interrupted
2019-09-18 08:50:51,212 [6955b3b9-1fa4-46c5-a946-8e67bfb83506@group-85722E6F2626-StateMachineUpdater] INFO  ratis.ContainerStateMachine (ContainerStateMachine.java:takeSnapshot(289)) - group-85722E6F2626: Taking a snapshot at:(t:1, i:8) file /workdir/hadoop-ozone/integration-test/target/test-dir/MiniOzoneClusterImpl-02ae093f-2137-4f54-abf4-d0f1fad2b35e/datanode-3/data/ratis/2bfa63fb-76fd-4f8a-9c4c-85722e6f2626/sm/snapshot.1_8
2019-09-18 08:50:51,227 [6955b3b9-1fa4-46c5-a946-8e67bfb83506@group-85722E6F2626-StateMachineUpdater] INFO  ratis.ContainerStateMachine (ContainerStateMachine.java:takeSnapshot(300)) - group-85722E6F2626: Finished taking a snapshot at:(t:1, i:8) file:/workdir/hadoop-ozone/integration-test/target/test-dir/MiniOzoneClusterImpl-02ae093f-2137-4f54-abf4-d0f1fad2b35e/datanode-3/data/ratis/2bfa63fb-76fd-4f8a-9c4c-85722e6f2626/sm/snapshot.1_8 time:16
2019-09-18 08:50:51,227 [6955b3b9-1fa4-46c5-a946-8e67bfb83506@group-85722E6F2626-StateMachineUpdater] INFO  impl.StateMachineUpdater (StateMachineUpdater.java:takeSnapshot(258)) - 6955b3b9-1fa4-46c5-a946-8e67bfb83506@group-85722E6F2626-StateMachineUpdater: Took a snapshot at index 8
2019-09-18 08:50:51,228 [6955b3b9-1fa4-46c5-a946-8e67bfb83506@group-85722E6F2626-StateMachineUpdater] INFO  impl.StateMachineUpdater (StateMachineUpdater.java:lambda$new$0(83)) - 6955b3b9-1fa4-46c5-a946-8e67bfb83506@group-85722E6F2626-StateMachineUpdater: snapshotIndex: updateIncreasingly -1 -> 8
2019-09-18 08:50:51,228 [6955b3b9-1fa4-46c5-a946-8e67bfb83506@group-85722E6F2626-StateMachineUpdater] INFO  ratis.ContainerStateMachine (ContainerStateMachine.java:takeSnapshot(289)) - group-85722E6F2626: Taking a snapshot at:(t:1, i:8) file /workdir/hadoop-ozone/integration-test/target/test-dir/MiniOzoneClusterImpl-02ae093f-2137-4f54-abf4-d0f1fad2b35e/datanode-3/data/ratis/2bfa63fb-76fd-4f8a-9c4c-85722e6f2626/sm/snapshot.1_8
2019-09-18 08:50:51,257 [6955b3b9-1fa4-46c5-a946-8e67bfb83506@group-85722E6F2626-StateMachineUpdater] INFO  ratis.ContainerStateMachine (ContainerStateMachine.java:takeSnapshot(300)) - group-85722E6F2626: Finished taking a snapshot at:(t:1, i:8) file:/workdir/hadoop-ozone/integration-test/target/test-dir/MiniOzoneClusterImpl-02ae093f-2137-4f54-abf4-d0f1fad2b35e/datanode-3/data/ratis/2bfa63fb-76fd-4f8a-9c4c-85722e6f2626/sm/snapshot.1_8 time:28
2019-09-18 08:50:51,257 [6955b3b9-1fa4-46c5-a946-8e67bfb83506@group-85722E6F2626-StateMachineUpdater] INFO  impl.StateMachineUpdater (StateMachineUpdater.java:takeSnapshot(258)) - 6955b3b9-1fa4-46c5-a946-8e67bfb83506@group-85722E6F2626-StateMachineUpdater: Took a snapshot at index 8
2019-09-18 08:50:51,257 [6955b3b9-1fa4-46c5-a946-8e67bfb83506@group-85722E6F2626-StateMachineUpdater] INFO  impl.StateMachineUpdater (StateMachineUpdater.java:lambda$new$0(83)) - 6955b3b9-1fa4-46c5-a946-8e67bfb83506@group-85722E6F2626-StateMachineUpdater: snapshotIndex: updateIncreasingly 8 -> 8
2019-09-18 08:50:51,258 [grpc-default-executor-8] INFO  impl.RaftServerImpl (ServerState.java:close(385)) - 6955b3b9-1fa4-46c5-a946-8e67bfb83506@group-85722E6F2626: closes. applyIndex: 10
2019-09-18 08:50:51,259 [6955b3b9-1fa4-46c5-a946-8e67bfb83506@group-85722E6F2626-SegmentedRaftLogWorker] ERROR ratis.XceiverServerRatis (XceiverServerRatis.java:triggerPipelineClose(575)) - pipeline Action CLOSE  on pipeline PipelineID=2bfa63fb-76fd-4f8a-9c4c-85722e6f2626.Reason : WriteLog:11: (t:1, i:11), STATEMACHINELOGENTRY, client-45043365F4D9, cid=64-writeStateMachineData interrupted.
2019-09-18 08:50:51,264 [grpc-default-executor-8] INFO  segmented.SegmentedRaftLogWorker (SegmentedRaftLogWorker.java:close(228)) - 6955b3b9-1fa4-46c5-a946-8e67bfb83506@group-85722E6F2626-SegmentedRaftLogWorker close()
2019-09-18 08:50:51,269 [EventQueue-PipelineActionsForPipelineActionHandler] ERROR pipeline.PipelineActionHandler (PipelineActionHandler.java:onMessage(60)) - Received pipeline action CLOSE for Pipeline[ Id: 2bfa63fb-76fd-4f8a-9c4c-85722e6f2626, Nodes: 07201f0e-3a1c-4c3e-af2c-9eb1e9c35520{ip: 192.168.157.246, host: pr-hdds-2137-trunk-xplkb-1906903878, networkLocation: /default-rack, certSerialId: null}6955b3b9-1fa4-46c5-a946-8e67bfb83506{ip: 192.168.157.246, host: pr-hdds-2137-trunk-xplkb-1906903878, networkLocation: /default-rack, certSerialId: null}92cc866f-2236-4b73-b0be-e1c51e7c2e55{ip: 192.168.157.246, host: pr-hdds-2137-trunk-xplkb-1906903878, networkLocation: /default-rack, certSerialId: null}, Type:RATIS, Factor:THREE, State:CLOSED] from datanode 6955b3b9-1fa4-46c5-a946-8e67bfb83506{ip: 192.168.157.246, host: pr-hdds-2137-trunk-xplkb-1906903878, networkLocation: /default-rack, certSerialId: null}. Reason : WriteLog:11: (t:1, i:11), STATEMACHINELOGENTRY, client-45043365F4D9, cid=64-writeStateMachineData interrupted.
2019-09-18 08:50:51,270 [EventQueue-PipelineActionsForPipelineActionHandler] INFO  pipeline.SCMPipelineManager (SCMPipelineManager.java:finalizeAndDestroyPipeline(311)) - destroying pipeline:Pipeline[ Id: 2bfa63fb-76fd-4f8a-9c4c-85722e6f2626, Nodes: 07201f0e-3a1c-4c3e-af2c-9eb1e9c35520{ip: 192.168.157.246, host: pr-hdds-2137-trunk-xplkb-1906903878, networkLocation: /default-rack, certSerialId: null}6955b3b9-1fa4-46c5-a946-8e67bfb83506{ip: 192.168.157.246, host: pr-hdds-2137-trunk-xplkb-1906903878, networkLocation: /default-rack, certSerialId: null}92cc866f-2236-4b73-b0be-e1c51e7c2e55{ip: 192.168.157.246, host: pr-hdds-2137-trunk-xplkb-1906903878, networkLocation: /default-rack, certSerialId: null}, Type:RATIS, Factor:THREE, State:CLOSED]
2019-09-18 08:50:51,282 [grpc-default-executor-8] INFO  interfaces.Container (KeyValueContainer.java:flushAndSyncDB(386)) - Container 4 is synced with bcsId 4.
2019-09-18 08:50:51,282 [grpc-default-executor-8] INFO  interfaces.Container (KeyValueContainer.java:flushAndSyncDB(386)) - Container 4 is synced with bcsId 4.
2019-09-18 08:50:51,299 [grpc-default-executor-8] INFO  interfaces.Container (KeyValueContainer.java:flushAndSyncDB(386)) - Container 6 is synced with bcsId 8.
2019-09-18 08:50:51,299 [grpc-default-executor-8] INFO  interfaces.Container (KeyValueContainer.java:flushAndSyncDB(386)) - Container 6 is synced with bcsId 8.
2019-09-18 08:50:52,208 [grpc-default-executor-8] INFO  interfaces.Container (KeyValueContainer.java:flushAndSyncDB(386)) - Container 7 is synced with bcsId 0.
2019-09-18 08:50:52,208 [grpc-default-executor-8] INFO  interfaces.Container (KeyValueContainer.java:flushAndSyncDB(386)) - Container 7 is synced with bcsId 0.
2019-09-18 08:50:52,231 [grpc-default-executor-8] INFO  impl.RaftServerProxy (RaftServerProxy.java:remove(95)) - 92cc866f-2236-4b73-b0be-e1c51e7c2e55: remove    LEADER 92cc866f-2236-4b73-b0be-e1c51e7c2e55@group-85722E6F2626:t1, leader=92cc866f-2236-4b73-b0be-e1c51e7c2e55, voted=92cc866f-2236-4b73-b0be-e1c51e7c2e55, raftlog=92cc866f-2236-4b73-b0be-e1c51e7c2e55@group-85722E6F2626-SegmentedRaftLog:OPENED:c10,f10,i17, conf=0: [6955b3b9-1fa4-46c5-a946-8e67bfb83506:192.168.157.246:34451, 07201f0e-3a1c-4c3e-af2c-9eb1e9c35520:192.168.157.246:39492, 92cc866f-2236-4b73-b0be-e1c51e7c2e55:192.168.157.246:35640], old=null RUNNING
2019-09-18 08:50:52,232 [grpc-default-executor-8] INFO  impl.RaftServerImpl (RaftServerImpl.java:lambda$shutdown$3(251)) - 92cc866f-2236-4b73-b0be-e1c51e7c2e55@group-85722E6F2626: shutdown
2019-09-18 08:50:52,232 [grpc-default-executor-8] INFO  util.JmxRegister (JmxRegister.java:unregister(73)) - Successfully un-registered JMX Bean with object name Ratis:service=RaftServer,group=group-85722E6F2626,id=92cc866f-2236-4b73-b0be-e1c51e7c2e55
2019-09-18 08:50:52,232 [grpc-default-executor-8] INFO  impl.RoleInfo (RoleInfo.java:shutdownLeaderState(104)) - 92cc866f-2236-4b73-b0be-e1c51e7c2e55: shutdown LeaderState
2019-09-18 08:50:52,241 [grpc-default-executor-8] INFO  impl.PendingRequests (PendingRequests.java:sendNotLeaderResponses(202)) - 92cc866f-2236-4b73-b0be-e1c51e7c2e55-PendingRequests: sendNotLeaderResponses
2019-09-18 08:50:52,243 [org.apache.ratis.server.impl.LogAppender$AppenderDaemon$$Lambda$505/1942826489@7aa047b2] WARN  server.GrpcLogAppender (GrpcLogAppender.java:mayWait(143)) - 92cc866f-2236-4b73-b0be-e1c51e7c2e55@group-85722E6F2626->07201f0e-3a1c-4c3e-af2c-9eb1e9c35520-GrpcLogAppender: Wait interrupted by java.lang.InterruptedException
2019-09-18 08:50:52,243 [org.apache.ratis.server.impl.LogAppender$AppenderDaemon$$Lambda$505/1942826489@541c59a0] WARN  server.GrpcLogAppender (GrpcLogAppender.java:mayWait(143)) - 92cc866f-2236-4b73-b0be-e1c51e7c2e55@group-85722E6F2626->6955b3b9-1fa4-46c5-a946-8e67bfb83506-GrpcLogAppender: Wait interrupted by java.lang.InterruptedException
2019-09-18 08:50:52,244 [grpc-default-executor-7] INFO  server.GrpcServerProtocolService (GrpcServerProtocolService.java:onCompleted(113)) - 07201f0e-3a1c-4c3e-af2c-9eb1e9c35520: Completed APPEND_ENTRIES, lastRequest: 92cc866f-2236-4b73-b0be-e1c51e7c2e55->07201f0e-3a1c-4c3e-af2c-9eb1e9c35520#93-t1, previous=(t:1, i:17), leaderCommit=10, initializing? false, entries: <empty>
2019-09-18 08:50:52,244 [grpc-default-executor-7] INFO  server.GrpcServerProtocolService (GrpcServerProtocolService.java:onCompleted(113)) - 6955b3b9-1fa4-46c5-a946-8e67bfb83506: Completed APPEND_ENTRIES, lastRequest: 92cc866f-2236-4b73-b0be-e1c51e7c2e55->6955b3b9-1fa4-46c5-a946-8e67bfb83506#93-t1, previous=(t:1, i:17), leaderCommit=10, initializing? false, entries: <empty>
2019-09-18 08:50:52,250 [grpc-default-executor-7] INFO  server.GrpcLogAppender (GrpcLogAppender.java:onCompleted(293)) - 92cc866f-2236-4b73-b0be-e1c51e7c2e55@group-85722E6F2626->07201f0e-3a1c-4c3e-af2c-9eb1e9c35520-AppendLogResponseHandler: follower responses appendEntries COMPLETED
2019-09-18 08:50:52,250 [grpc-default-executor-4] INFO  server.GrpcLogAppender (GrpcLogAppender.java:onCompleted(293)) - 92cc866f-2236-4b73-b0be-e1c51e7c2e55@group-85722E6F2626->6955b3b9-1fa4-46c5-a946-8e67bfb83506-AppendLogResponseHandler: follower responses appendEntries COMPLETED
2019-09-18 08:50:52,250 [grpc-default-executor-8] INFO  impl.StateMachineUpdater (StateMachineUpdater.java:stopAndJoin(125)) - 92cc866f-2236-4b73-b0be-e1c51e7c2e55@group-85722E6F2626-StateMachineUpdater: set stopIndex = 10
2019-09-18 08:50:52,256 [92cc866f-2236-4b73-b0be-e1c51e7c2e55@group-85722E6F2626-StateMachineUpdater] INFO  ratis.ContainerStateMachine (ContainerStateMachine.java:takeSnapshot(289)) - group-85722E6F2626: Taking a snapshot at:(t:1, i:10) file /workdir/hadoop-ozone/integration-test/target/test-dir/MiniOzoneClusterImpl-02ae093f-2137-4f54-abf4-d0f1fad2b35e/datanode-2/data/ratis/2bfa63fb-76fd-4f8a-9c4c-85722e6f2626/sm/snapshot.1_10
2019-09-18 08:50:52,256 [grpc-default-executor-4] INFO  impl.FollowerInfo (FollowerInfo.java:lambda$new$0(51)) - 92cc866f-2236-4b73-b0be-e1c51e7c2e55@group-85722E6F2626->6955b3b9-1fa4-46c5-a946-8e67bfb83506: nextIndex: updateUnconditionally 18 -> 11
2019-09-18 08:50:52,256 [grpc-default-executor-7] INFO  impl.FollowerInfo (FollowerInfo.java:lambda$new$0(51)) - 92cc866f-2236-4b73-b0be-e1c51e7c2e55@group-85722E6F2626->07201f0e-3a1c-4c3e-af2c-9eb1e9c35520: nextIndex: updateUnconditionally 18 -> 11
2019-09-18 08:50:52,275 [92cc866f-2236-4b73-b0be-e1c51e7c2e55@group-85722E6F2626-StateMachineUpdater] INFO  ratis.ContainerStateMachine (ContainerStateMachine.java:takeSnapshot(300)) - group-85722E6F2626: Finished taking a snapshot at:(t:1, i:10) file:/workdir/hadoop-ozone/integration-test/target/test-dir/MiniOzoneClusterImpl-02ae093f-2137-4f54-abf4-d0f1fad2b35e/datanode-2/data/ratis/2bfa63fb-76fd-4f8a-9c4c-85722e6f2626/sm/snapshot.1_10 time:19
2019-09-18 08:50:52,275 [92cc866f-2236-4b73-b0be-e1c51e7c2e55@group-85722E6F2626-StateMachineUpdater] INFO  impl.StateMachineUpdater (StateMachineUpdater.java:takeSnapshot(258)) - 92cc866f-2236-4b73-b0be-e1c51e7c2e55@group-85722E6F2626-StateMachineUpdater: Took a snapshot at index 10
2019-09-18 08:50:52,275 [92cc866f-2236-4b73-b0be-e1c51e7c2e55@group-85722E6F2626-StateMachineUpdater] INFO  impl.StateMachineUpdater (StateMachineUpdater.java:lambda$new$0(83)) - 92cc866f-2236-4b73-b0be-e1c51e7c2e55@group-85722E6F2626-StateMachineUpdater: snapshotIndex: updateIncreasingly -1 -> 10
2019-09-18 08:50:52,276 [Command processor thread] ERROR commandhandler.CloseContainerCommandHandler (CloseContainerCommandHandler.java:handle(125)) - Can't close container #6
java.io.IOException: org.apache.ratis.protocol.GroupMismatchException: 92cc866f-2236-4b73-b0be-e1c51e7c2e55: group-85722E6F2626 not found.
	at org.apache.hadoop.ozone.container.common.transport.server.ratis.XceiverServerRatis.submitRequest(XceiverServerRatis.java:502)
	at org.apache.hadoop.ozone.container.common.statemachine.commandhandler.CloseContainerCommandHandler.handle(CloseContainerCommandHandler.java:102)
	at org.apache.hadoop.ozone.container.common.statemachine.commandhandler.CommandDispatcher.handle(CommandDispatcher.java:99)
	at org.apache.hadoop.ozone.container.common.statemachine.DatanodeStateMachine.lambda$initCommandHandlerThread$1(DatanodeStateMachine.java:432)
	at java.lang.Thread.run(Thread.java:748)
Caused by: java.util.concurrent.ExecutionException: org.apache.ratis.protocol.GroupMismatchException: 92cc866f-2236-4b73-b0be-e1c51e7c2e55: group-85722E6F2626 not found.
	at java.util.concurrent.CompletableFuture.reportGet(CompletableFuture.java:357)
	at java.util.concurrent.CompletableFuture.get(CompletableFuture.java:1895)
	at org.apache.hadoop.ozone.container.common.transport.server.ratis.XceiverServerRatis.submitRequest(XceiverServerRatis.java:500)
	... 4 more
Caused by: org.apache.ratis.protocol.GroupMismatchException: 92cc866f-2236-4b73-b0be-e1c51e7c2e55: group-85722E6F2626 not found.
	at org.apache.ratis.server.impl.RaftServerProxy$ImplMap.get(RaftServerProxy.java:122)
	at org.apache.ratis.server.impl.RaftServerProxy.getImplFuture(RaftServerProxy.java:269)
	at org.apache.ratis.server.impl.RaftServerProxy.submitRequest(RaftServerProxy.java:327)
	at org.apache.ratis.server.impl.RaftServerProxy.submitClientRequestAsync(RaftServerProxy.java:333)
	... 5 more
2019-09-18 08:50:52,278 [grpc-default-executor-8] INFO  impl.RaftServerImpl (ServerState.java:close(385)) - 92cc866f-2236-4b73-b0be-e1c51e7c2e55@group-85722E6F2626: closes. applyIndex: 10
2019-09-18 08:50:52,279 [92cc866f-2236-4b73-b0be-e1c51e7c2e55@group-85722E6F2626-SegmentedRaftLogWorker] ERROR ratis.XceiverServerRatis (XceiverServerRatis.java:triggerPipelineClose(575)) - pipeline Action CLOSE  on pipeline PipelineID=2bfa63fb-76fd-4f8a-9c4c-85722e6f2626.Reason : WriteLog:11: (t:1, i:11), STATEMACHINELOGENTRY, client-45043365F4D9, cid=64-writeStateMachineData interrupted.
2019-09-18 08:50:52,281 [grpc-default-executor-8] INFO  segmented.SegmentedRaftLogWorker (SegmentedRaftLogWorker.java:close(228)) - 92cc866f-2236-4b73-b0be-e1c51e7c2e55@group-85722E6F2626-SegmentedRaftLogWorker close()
2019-09-18 08:50:52,286 [EventQueue-PipelineActionsForPipelineActionHandler] ERROR pipeline.PipelineActionHandler (PipelineActionHandler.java:onMessage(60)) - Received pipeline action CLOSE for Pipeline[ Id: 2bfa63fb-76fd-4f8a-9c4c-85722e6f2626, Nodes: 07201f0e-3a1c-4c3e-af2c-9eb1e9c35520{ip: 192.168.157.246, host: pr-hdds-2137-trunk-xplkb-1906903878, networkLocation: /default-rack, certSerialId: null}6955b3b9-1fa4-46c5-a946-8e67bfb83506{ip: 192.168.157.246, host: pr-hdds-2137-trunk-xplkb-1906903878, networkLocation: /default-rack, certSerialId: null}92cc866f-2236-4b73-b0be-e1c51e7c2e55{ip: 192.168.157.246, host: pr-hdds-2137-trunk-xplkb-1906903878, networkLocation: /default-rack, certSerialId: null}, Type:RATIS, Factor:THREE, State:CLOSED] from datanode 92cc866f-2236-4b73-b0be-e1c51e7c2e55{ip: 192.168.157.246, host: pr-hdds-2137-trunk-xplkb-1906903878, networkLocation: /default-rack, certSerialId: null}. Reason : WriteLog:11: (t:1, i:11), STATEMACHINELOGENTRY, client-45043365F4D9, cid=64-writeStateMachineData interrupted.
2019-09-18 08:50:52,286 [EventQueue-PipelineActionsForPipelineActionHandler] INFO  pipeline.SCMPipelineManager (SCMPipelineManager.java:finalizeAndDestroyPipeline(311)) - destroying pipeline:Pipeline[ Id: 2bfa63fb-76fd-4f8a-9c4c-85722e6f2626, Nodes: 07201f0e-3a1c-4c3e-af2c-9eb1e9c35520{ip: 192.168.157.246, host: pr-hdds-2137-trunk-xplkb-1906903878, networkLocation: /default-rack, certSerialId: null}6955b3b9-1fa4-46c5-a946-8e67bfb83506{ip: 192.168.157.246, host: pr-hdds-2137-trunk-xplkb-1906903878, networkLocation: /default-rack, certSerialId: null}92cc866f-2236-4b73-b0be-e1c51e7c2e55{ip: 192.168.157.246, host: pr-hdds-2137-trunk-xplkb-1906903878, networkLocation: /default-rack, certSerialId: null}, Type:RATIS, Factor:THREE, State:CLOSED]
2019-09-18 08:50:52,298 [grpc-default-executor-8] INFO  interfaces.Container (KeyValueContainer.java:flushAndSyncDB(386)) - Container 4 is synced with bcsId 4.
2019-09-18 08:50:52,299 [grpc-default-executor-8] INFO  interfaces.Container (KeyValueContainer.java:flushAndSyncDB(386)) - Container 4 is synced with bcsId 4.
2019-09-18 08:50:52,325 [grpc-default-executor-8] INFO  interfaces.Container (KeyValueContainer.java:flushAndSyncDB(386)) - Container 6 is synced with bcsId 8.
2019-09-18 08:50:52,325 [grpc-default-executor-8] INFO  interfaces.Container (KeyValueContainer.java:flushAndSyncDB(386)) - Container 6 is synced with bcsId 8.
2019-09-18 08:50:52,341 [RatisPipelineUtilsThread] INFO  pipeline.PipelineStateManager (PipelineStateManager.java:removePipeline(108)) - Pipeline Pipeline[ Id: 2bfa63fb-76fd-4f8a-9c4c-85722e6f2626, Nodes: 07201f0e-3a1c-4c3e-af2c-9eb1e9c35520{ip: 192.168.157.246, host: pr-hdds-2137-trunk-xplkb-1906903878, networkLocation: /default-rack, certSerialId: null}6955b3b9-1fa4-46c5-a946-8e67bfb83506{ip: 192.168.157.246, host: pr-hdds-2137-trunk-xplkb-1906903878, networkLocation: /default-rack, certSerialId: null}92cc866f-2236-4b73-b0be-e1c51e7c2e55{ip: 192.168.157.246, host: pr-hdds-2137-trunk-xplkb-1906903878, networkLocation: /default-rack, certSerialId: null}, Type:RATIS, Factor:THREE, State:CLOSED] removed from db
2019-09-18 08:50:52,657 [grpc-default-executor-8] INFO  impl.RaftServerProxy (RaftServerProxy.java:remove(95)) - 07201f0e-3a1c-4c3e-af2c-9eb1e9c35520: remove group-85722E6F2626:null
2019-09-18 08:50:52,660 [RatisPipelineUtilsThread] WARN  pipeline.RatisPipelineUtils (RatisPipelineUtils.java:destroyPipeline(66)) - Pipeline destroy failed for pipeline=PipelineID=2bfa63fb-76fd-4f8a-9c4c-85722e6f2626 dn=07201f0e-3a1c-4c3e-af2c-9eb1e9c35520{ip: 192.168.157.246, host: pr-hdds-2137-trunk-xplkb-1906903878, networkLocation: /default-rack, certSerialId: null}
2019-09-18 08:50:52,663 [grpc-default-executor-8] INFO  impl.RaftServerProxy (RaftServerProxy.java:remove(95)) - 6955b3b9-1fa4-46c5-a946-8e67bfb83506: remove group-85722E6F2626:null
2019-09-18 08:50:52,666 [RatisPipelineUtilsThread] WARN  pipeline.RatisPipelineUtils (RatisPipelineUtils.java:destroyPipeline(66)) - Pipeline destroy failed for pipeline=PipelineID=2bfa63fb-76fd-4f8a-9c4c-85722e6f2626 dn=6955b3b9-1fa4-46c5-a946-8e67bfb83506{ip: 192.168.157.246, host: pr-hdds-2137-trunk-xplkb-1906903878, networkLocation: /default-rack, certSerialId: null}
2019-09-18 08:50:52,669 [grpc-default-executor-8] INFO  impl.RaftServerProxy (RaftServerProxy.java:remove(95)) - 92cc866f-2236-4b73-b0be-e1c51e7c2e55: remove group-85722E6F2626:null
2019-09-18 08:50:52,671 [RatisPipelineUtilsThread] WARN  pipeline.RatisPipelineUtils (RatisPipelineUtils.java:destroyPipeline(66)) - Pipeline destroy failed for pipeline=PipelineID=2bfa63fb-76fd-4f8a-9c4c-85722e6f2626 dn=92cc866f-2236-4b73-b0be-e1c51e7c2e55{ip: 192.168.157.246, host: pr-hdds-2137-trunk-xplkb-1906903878, networkLocation: /default-rack, certSerialId: null}
2019-09-18 08:50:52,671 [RatisPipelineUtilsThread] ERROR pipeline.SCMPipelineManager (Scheduler.java:lambda$schedule$1(70)) - Destroy pipeline failed for pipeline:Pipeline[ Id: 2bfa63fb-76fd-4f8a-9c4c-85722e6f2626, Nodes: 07201f0e-3a1c-4c3e-af2c-9eb1e9c35520{ip: 192.168.157.246, host: pr-hdds-2137-trunk-xplkb-1906903878, networkLocation: /default-rack, certSerialId: null}6955b3b9-1fa4-46c5-a946-8e67bfb83506{ip: 192.168.157.246, host: pr-hdds-2137-trunk-xplkb-1906903878, networkLocation: /default-rack, certSerialId: null}92cc866f-2236-4b73-b0be-e1c51e7c2e55{ip: 192.168.157.246, host: pr-hdds-2137-trunk-xplkb-1906903878, networkLocation: /default-rack, certSerialId: null}, Type:RATIS, Factor:THREE, State:CLOSED]
org.apache.hadoop.hdds.scm.pipeline.PipelineNotFoundException: PipelineID=2bfa63fb-76fd-4f8a-9c4c-85722e6f2626 not found
	at org.apache.hadoop.hdds.scm.pipeline.PipelineStateMap.getPipeline(PipelineStateMap.java:132)
	at org.apache.hadoop.hdds.scm.pipeline.PipelineStateMap.removePipeline(PipelineStateMap.java:322)
	at org.apache.hadoop.hdds.scm.pipeline.PipelineStateManager.removePipeline(PipelineStateManager.java:107)
	at org.apache.hadoop.hdds.scm.pipeline.SCMPipelineManager.removePipeline(SCMPipelineManager.java:423)
	at org.apache.hadoop.hdds.scm.pipeline.SCMPipelineManager.destroyPipeline(SCMPipelineManager.java:409)
	at org.apache.hadoop.hdds.scm.pipeline.SCMPipelineManager.lambda$finalizeAndDestroyPipeline$0(SCMPipelineManager.java:318)
	at org.apache.hadoop.utils.Scheduler.lambda$schedule$1(Scheduler.java:68)
	at java.util.concurrent.Executors$RunnableAdapter.call(Executors.java:511)
	at java.util.concurrent.FutureTask.run(FutureTask.java:266)
	at java.util.concurrent.ScheduledThreadPoolExecutor$ScheduledFutureTask.access$201(ScheduledThreadPoolExecutor.java:180)
	at java.util.concurrent.ScheduledThreadPoolExecutor$ScheduledFutureTask.run(ScheduledThreadPoolExecutor.java:293)
	at java.util.concurrent.ThreadPoolExecutor.runWorker(ThreadPoolExecutor.java:1149)
	at java.util.concurrent.ThreadPoolExecutor$Worker.run(ThreadPoolExecutor.java:624)
	at java.lang.Thread.run(Thread.java:748)
2019-09-18 08:50:53,288 [main] WARN  io.KeyOutputStream (KeyOutputStream.java:handleException(276)) - Encountered exception java.io.IOException: Unexpected Storage Container Exception: java.util.concurrent.CompletionException: java.util.concurrent.CompletionException: org.apache.ratis.protocol.GroupMismatchException: 92cc866f-2236-4b73-b0be-e1c51e7c2e55: group-85722E6F2626 not found. on the pipeline Pipeline[ Id: 2bfa63fb-76fd-4f8a-9c4c-85722e6f2626, Nodes: 07201f0e-3a1c-4c3e-af2c-9eb1e9c35520{ip: 192.168.157.246, host: pr-hdds-2137-trunk-xplkb-1906903878, networkLocation: /default-rack, certSerialId: null}6955b3b9-1fa4-46c5-a946-8e67bfb83506{ip: 192.168.157.246, host: pr-hdds-2137-trunk-xplkb-1906903878, networkLocation: /default-rack, certSerialId: null}92cc866f-2236-4b73-b0be-e1c51e7c2e55{ip: 192.168.157.246, host: pr-hdds-2137-trunk-xplkb-1906903878, networkLocation: /default-rack, certSerialId: null}, Type:RATIS, Factor:THREE, State:OPEN]. The last committed block length is 0, uncommitted data length is 400 retry count 0
2019-09-18 08:50:53,336 [grpc-default-executor-8] INFO  client.GrpcClientProtocolClient (GrpcClientProtocolClient.java:onNext(264)) - client-8F942D475646->07201f0e-3a1c-4c3e-af2c-9eb1e9c35520: receive RaftClientReply:client-8F942D475646->07201f0e-3a1c-4c3e-af2c-9eb1e9c35520@group-FBBCA50E7B50, cid=145, FAILED org.apache.ratis.protocol.NotLeaderException: Server 07201f0e-3a1c-4c3e-af2c-9eb1e9c35520@group-FBBCA50E7B50 is not the leader 6955b3b9-1fa4-46c5-a946-8e67bfb83506:192.168.157.246:34451, logIndex=0, commits[07201f0e-3a1c-4c3e-af2c-9eb1e9c35520:c0, 6955b3b9-1fa4-46c5-a946-8e67bfb83506:c0, 92cc866f-2236-4b73-b0be-e1c51e7c2e55:c0]
2019-09-18 08:50:54,672 [grpc-default-executor-7] INFO  impl.RaftServerProxy (RaftServerProxy.java:remove(95)) - 07201f0e-3a1c-4c3e-af2c-9eb1e9c35520: remove group-85722E6F2626:null
2019-09-18 08:50:54,675 [RatisPipelineUtilsThread] WARN  pipeline.RatisPipelineUtils (RatisPipelineUtils.java:destroyPipeline(66)) - Pipeline destroy failed for pipeline=PipelineID=2bfa63fb-76fd-4f8a-9c4c-85722e6f2626 dn=07201f0e-3a1c-4c3e-af2c-9eb1e9c35520{ip: 192.168.157.246, host: pr-hdds-2137-trunk-xplkb-1906903878, networkLocation: /default-rack, certSerialId: null}
2019-09-18 08:50:54,678 [grpc-default-executor-7] INFO  impl.RaftServerProxy (RaftServerProxy.java:remove(95)) - 6955b3b9-1fa4-46c5-a946-8e67bfb83506: remove group-85722E6F2626:null
2019-09-18 08:50:54,682 [RatisPipelineUtilsThread] WARN  pipeline.RatisPipelineUtils (RatisPipelineUtils.java:destroyPipeline(66)) - Pipeline destroy failed for pipeline=PipelineID=2bfa63fb-76fd-4f8a-9c4c-85722e6f2626 dn=6955b3b9-1fa4-46c5-a946-8e67bfb83506{ip: 192.168.157.246, host: pr-hdds-2137-trunk-xplkb-1906903878, networkLocation: /default-rack, certSerialId: null}
2019-09-18 08:50:54,685 [grpc-default-executor-7] INFO  impl.RaftServerProxy (RaftServerProxy.java:remove(95)) - 92cc866f-2236-4b73-b0be-e1c51e7c2e55: remove group-85722E6F2626:null
2019-09-18 08:50:54,688 [RatisPipelineUtilsThread] WARN  pipeline.RatisPipelineUtils (RatisPipelineUtils.java:destroyPipeline(66)) - Pipeline destroy failed for pipeline=PipelineID=2bfa63fb-76fd-4f8a-9c4c-85722e6f2626 dn=92cc866f-2236-4b73-b0be-e1c51e7c2e55{ip: 192.168.157.246, host: pr-hdds-2137-trunk-xplkb-1906903878, networkLocation: /default-rack, certSerialId: null}
2019-09-18 08:50:54,688 [RatisPipelineUtilsThread] ERROR pipeline.SCMPipelineManager (Scheduler.java:lambda$schedule$1(70)) - Destroy pipeline failed for pipeline:Pipeline[ Id: 2bfa63fb-76fd-4f8a-9c4c-85722e6f2626, Nodes: 07201f0e-3a1c-4c3e-af2c-9eb1e9c35520{ip: 192.168.157.246, host: pr-hdds-2137-trunk-xplkb-1906903878, networkLocation: /default-rack, certSerialId: null}6955b3b9-1fa4-46c5-a946-8e67bfb83506{ip: 192.168.157.246, host: pr-hdds-2137-trunk-xplkb-1906903878, networkLocation: /default-rack, certSerialId: null}92cc866f-2236-4b73-b0be-e1c51e7c2e55{ip: 192.168.157.246, host: pr-hdds-2137-trunk-xplkb-1906903878, networkLocation: /default-rack, certSerialId: null}, Type:RATIS, Factor:THREE, State:CLOSED]
org.apache.hadoop.hdds.scm.pipeline.PipelineNotFoundException: PipelineID=2bfa63fb-76fd-4f8a-9c4c-85722e6f2626 not found
	at org.apache.hadoop.hdds.scm.pipeline.PipelineStateMap.getPipeline(PipelineStateMap.java:132)
	at org.apache.hadoop.hdds.scm.pipeline.PipelineStateMap.removePipeline(PipelineStateMap.java:322)
	at org.apache.hadoop.hdds.scm.pipeline.PipelineStateManager.removePipeline(PipelineStateManager.java:107)
	at org.apache.hadoop.hdds.scm.pipeline.SCMPipelineManager.removePipeline(SCMPipelineManager.java:423)
	at org.apache.hadoop.hdds.scm.pipeline.SCMPipelineManager.destroyPipeline(SCMPipelineManager.java:409)
	at org.apache.hadoop.hdds.scm.pipeline.SCMPipelineManager.lambda$finalizeAndDestroyPipeline$0(SCMPipelineManager.java:318)
	at org.apache.hadoop.utils.Scheduler.lambda$schedule$1(Scheduler.java:68)
	at java.util.concurrent.Executors$RunnableAdapter.call(Executors.java:511)
	at java.util.concurrent.FutureTask.run(FutureTask.java:266)
	at java.util.concurrent.ScheduledThreadPoolExecutor$ScheduledFutureTask.access$201(ScheduledThreadPoolExecutor.java:180)
	at java.util.concurrent.ScheduledThreadPoolExecutor$ScheduledFutureTask.run(ScheduledThreadPoolExecutor.java:293)
	at java.util.concurrent.ThreadPoolExecutor.runWorker(ThreadPoolExecutor.java:1149)
	at java.util.concurrent.ThreadPoolExecutor$Worker.run(ThreadPoolExecutor.java:624)
	at java.lang.Thread.run(Thread.java:748)
2019-09-18 08:50:54,894 [grpc-default-executor-7] INFO  client.GrpcClientProtocolClient (GrpcClientProtocolClient.java:onNext(264)) - client-8F942D475646->6955b3b9-1fa4-46c5-a946-8e67bfb83506: receive RaftClientReply:client-8F942D475646->6955b3b9-1fa4-46c5-a946-8e67bfb83506@group-FBBCA50E7B50, cid=145, SUCCESS, logIndex=1, commits[6955b3b9-1fa4-46c5-a946-8e67bfb83506:c1, 07201f0e-3a1c-4c3e-af2c-9eb1e9c35520:c0, 92cc866f-2236-4b73-b0be-e1c51e7c2e55:c0]
2019-09-18 08:50:54,925 [grpc-default-executor-8] INFO  client.GrpcClientProtocolClient (GrpcClientProtocolClient.java:onNext(264)) - client-8F942D475646->6955b3b9-1fa4-46c5-a946-8e67bfb83506: receive RaftClientReply:client-8F942D475646->6955b3b9-1fa4-46c5-a946-8e67bfb83506@group-FBBCA50E7B50, cid=146, SUCCESS, logIndex=3, commits[6955b3b9-1fa4-46c5-a946-8e67bfb83506:c4, 07201f0e-3a1c-4c3e-af2c-9eb1e9c35520:c2, 92cc866f-2236-4b73-b0be-e1c51e7c2e55:c2]
2019-09-18 08:50:55,482 [grpc-default-executor-8] INFO  client.GrpcClientProtocolClient (GrpcClientProtocolClient.java:onNext(264)) - client-8F942D475646->6955b3b9-1fa4-46c5-a946-8e67bfb83506: receive RaftClientReply:client-8F942D475646->6955b3b9-1fa4-46c5-a946-8e67bfb83506@group-FBBCA50E7B50, cid=147, SUCCESS, logIndex=4, commits[6955b3b9-1fa4-46c5-a946-8e67bfb83506:c12, 07201f0e-3a1c-4c3e-af2c-9eb1e9c35520:c7, 92cc866f-2236-4b73-b0be-e1c51e7c2e55:c7]
2019-09-18 08:50:55,483 [grpc-default-executor-8] INFO  client.GrpcClientProtocolClient (GrpcClientProtocolClient.java:onNext(264)) - client-8F942D475646->6955b3b9-1fa4-46c5-a946-8e67bfb83506: receive RaftClientReply:client-8F942D475646->6955b3b9-1fa4-46c5-a946-8e67bfb83506@group-FBBCA50E7B50, cid=148, SUCCESS, logIndex=5, commits[6955b3b9-1fa4-46c5-a946-8e67bfb83506:c12, 07201f0e-3a1c-4c3e-af2c-9eb1e9c35520:c7, 92cc866f-2236-4b73-b0be-e1c51e7c2e55:c7]
2019-09-18 08:50:55,484 [grpc-default-executor-8] INFO  client.GrpcClientProtocolClient (GrpcClientProtocolClient.java:onNext(264)) - client-8F942D475646->6955b3b9-1fa4-46c5-a946-8e67bfb83506: receive RaftClientReply:client-8F942D475646->6955b3b9-1fa4-46c5-a946-8e67bfb83506@group-FBBCA50E7B50, cid=149, SUCCESS, logIndex=6, commits[6955b3b9-1fa4-46c5-a946-8e67bfb83506:c12, 07201f0e-3a1c-4c3e-af2c-9eb1e9c35520:c7, 92cc866f-2236-4b73-b0be-e1c51e7c2e55:c7]
2019-09-18 08:50:56,345 [grpc-default-executor-4] INFO  client.GrpcClientProtocolClient (GrpcClientProtocolClient.java:onNext(264)) - client-8F942D475646->6955b3b9-1fa4-46c5-a946-8e67bfb83506: receive RaftClientReply:client-8F942D475646->6955b3b9-1fa4-46c5-a946-8e67bfb83506@group-FBBCA50E7B50, cid=150, SUCCESS, logIndex=7, commits[6955b3b9-1fa4-46c5-a946-8e67bfb83506:c12, 07201f0e-3a1c-4c3e-af2c-9eb1e9c35520:c7, 92cc866f-2236-4b73-b0be-e1c51e7c2e55:c7]
]]></system-out>
  </testcase>
</testsuite>