<?xml version="1.0" encoding="UTF-8"?>
<testsuite xmlns:xsi="http://www.w3.org/2001/XMLSchema-instance" xsi:noNamespaceSchemaLocation="https://maven.apache.org/surefire/maven-surefire-plugin/xsd/surefire-test-report.xsd" name="org.apache.hadoop.ozone.client.rpc.TestMultiBlockWritesWithDnFailures" time="150.993" tests="2" errors="1" skipped="0" failures="0">
  <properties>
    <property name="awt.toolkit" value="sun.awt.X11.XToolkit"/>
    <property name="file.encoding.pkg" value="sun.io"/>
    <property name="java.specification.version" value="1.8"/>
    <property name="sun.cpu.isalist" value=""/>
    <property name="sun.jnu.encoding" value="UTF-8"/>
    <property name="java.class.path" value="/workdir/hadoop-ozone/integration-test/target/test-classes:/workdir/hadoop-ozone/integration-test/target/classes:/home/user/.m2/repository/org/apache/hadoop/hadoop-ozone-common/0.5.0-SNAPSHOT/hadoop-ozone-common-0.5.0-SNAPSHOT.jar:/home/user/.m2/repository/org/apache/commons/commons-compress/1.4.1/commons-compress-1.4.1.jar:/home/user/.m2/repository/org/tukaani/xz/1.0/xz-1.0.jar:/home/user/.m2/repository/org/apache/hadoop/hadoop-common/3.2.0/hadoop-common-3.2.0.jar:/home/user/.m2/repository/org/apache/hadoop/hadoop-hdfs/3.2.0/hadoop-hdfs-3.2.0.jar:/home/user/.m2/repository/org/apache/hadoop/hadoop-hdfs-client/3.2.0/hadoop-hdfs-client-3.2.0.jar:/home/user/.m2/repository/com/fasterxml/jackson/core/jackson-annotations/2.9.5/jackson-annotations-2.9.5.jar:/home/user/.m2/repository/org/apache/hadoop/hadoop-hdds-common/0.5.0-SNAPSHOT/hadoop-hdds-common-0.5.0-SNAPSHOT.jar:/home/user/.m2/repository/javax/annotation/javax.annotation-api/1.2/javax.annotation-api-1.2.jar:/home/user/.m2/repository/org/apache/ratis/ratis-server/0.4.0-78e95b9-SNAPSHOT/ratis-server-0.4.0-78e95b9-SNAPSHOT.jar:/home/user/.m2/repository/org/apache/ratis/ratis-thirdparty-misc/0.2.0/ratis-thirdparty-misc-0.2.0.jar:/home/user/.m2/repository/org/apache/ratis/ratis-proto/0.4.0-78e95b9-SNAPSHOT/ratis-proto-0.4.0-78e95b9-SNAPSHOT.jar:/home/user/.m2/repository/org/apache/ratis/ratis-common/0.4.0-78e95b9-SNAPSHOT/ratis-common-0.4.0-78e95b9-SNAPSHOT.jar:/home/user/.m2/repository/org/apache/ratis/ratis-client/0.4.0-78e95b9-SNAPSHOT/ratis-client-0.4.0-78e95b9-SNAPSHOT.jar:/home/user/.m2/repository/org/apache/ratis/ratis-metrics/0.4.0-78e95b9-SNAPSHOT/ratis-metrics-0.4.0-78e95b9-SNAPSHOT.jar:/home/user/.m2/repository/com/github/joshelser/dropwizard-metrics-hadoop-metrics2-reporter/0.1.2/dropwizard-metrics-hadoop-metrics2-reporter-0.1.2.jar:/home/user/.m2/repository/io/dropwizard/metrics/metrics-jvm/3.2.5/metrics-jvm-3.2.5.jar:/home/user/.m2/repository/io/dropwizard/metrics/metrics-ganglia/3.2.5/metrics-ganglia-3.2.5.jar:/home/user/.m2/repository/info/ganglia/gmetric4j/gmetric4j/1.0.7/gmetric4j-1.0.7.jar:/home/user/.m2/repository/org/apache/ratis/ratis-netty/0.4.0-78e95b9-SNAPSHOT/ratis-netty-0.4.0-78e95b9-SNAPSHOT.jar:/home/user/.m2/repository/org/apache/ratis/ratis-grpc/0.4.0-78e95b9-SNAPSHOT/ratis-grpc-0.4.0-78e95b9-SNAPSHOT.jar:/home/user/.m2/repository/org/rocksdb/rocksdbjni/6.0.1/rocksdbjni-6.0.1.jar:/home/user/.m2/repository/org/apache/logging/log4j/log4j-api/2.11.0/log4j-api-2.11.0.jar:/home/user/.m2/repository/org/apache/logging/log4j/log4j-core/2.11.0/log4j-core-2.11.0.jar:/home/user/.m2/repository/com/lmax/disruptor/3.4.2/disruptor-3.4.2.jar:/home/user/.m2/repository/org/apache/commons/commons-pool2/2.6.0/commons-pool2-2.6.0.jar:/home/user/.m2/repository/org/bouncycastle/bcpkix-jdk15on/1.60/bcpkix-jdk15on-1.60.jar:/home/user/.m2/repository/commons-validator/commons-validator/1.6/commons-validator-1.6.jar:/home/user/.m2/repository/commons-digester/commons-digester/1.8.1/commons-digester-1.8.1.jar:/home/user/.m2/repository/io/jaegertracing/jaeger-client/0.33.1/jaeger-client-0.33.1.jar:/home/user/.m2/repository/io/jaegertracing/jaeger-thrift/0.33.1/jaeger-thrift-0.33.1.jar:/home/user/.m2/repository/org/apache/thrift/libthrift/0.11.0/libthrift-0.11.0.jar:/home/user/.m2/repository/com/squareup/okhttp3/okhttp/3.9.0/okhttp-3.9.0.jar:/home/user/.m2/repository/com/squareup/okio/okio/1.13.0/okio-1.13.0.jar:/home/user/.m2/repository/io/jaegertracing/jaeger-core/0.33.1/jaeger-core-0.33.1.jar:/home/user/.m2/repository/io/jaegertracing/jaeger-tracerresolver/0.33.1/jaeger-tracerresolver-0.33.1.jar:/home/user/.m2/repository/io/opentracing/contrib/opentracing-tracerresolver/0.1.5/opentracing-tracerresolver-0.1.5.jar:/home/user/.m2/repository/io/opentracing/opentracing-util/0.31.0/opentracing-util-0.31.0.jar:/home/user/.m2/repository/io/opentracing/opentracing-api/0.31.0/opentracing-api-0.31.0.jar:/home/user/.m2/repository/io/opentracing/opentracing-noop/0.31.0/opentracing-noop-0.31.0.jar:/home/user/.m2/repository/org/apache/hadoop/hadoop-hdds-server-framework/0.5.0-SNAPSHOT/hadoop-hdds-server-framework-0.5.0-SNAPSHOT.jar:/home/user/.m2/repository/org/apache/hadoop/hadoop-hdds-container-service/0.5.0-SNAPSHOT/hadoop-hdds-container-service-0.5.0-SNAPSHOT.jar:/home/user/.m2/repository/org/apache/hadoop/hadoop-hdds-client/0.5.0-SNAPSHOT/hadoop-hdds-client-0.5.0-SNAPSHOT.jar:/home/user/.m2/repository/org/apache/hadoop/hadoop-hdds-tools/0.5.0-SNAPSHOT/hadoop-hdds-tools-0.5.0-SNAPSHOT.jar:/home/user/.m2/repository/org/apache/hadoop/hadoop-hdds-server-scm/0.5.0-SNAPSHOT/hadoop-hdds-server-scm-0.5.0-SNAPSHOT.jar:/home/user/.m2/repository/org/apache/hadoop/hadoop-hdds-docs/0.5.0-SNAPSHOT/hadoop-hdds-docs-0.5.0-SNAPSHOT.jar:/home/user/.m2/repository/io/dropwizard/metrics/metrics-core/3.2.4/metrics-core-3.2.4.jar:/home/user/.m2/repository/org/hamcrest/hamcrest-all/1.3/hamcrest-all-1.3.jar:/home/user/.m2/repository/org/bouncycastle/bcprov-jdk15on/1.60/bcprov-jdk15on-1.60.jar:/home/user/.m2/repository/info/picocli/picocli/3.9.6/picocli-3.9.6.jar:/home/user/.m2/repository/com/google/protobuf/protobuf-java/2.5.0/protobuf-java-2.5.0.jar:/home/user/.m2/repository/com/google/guava/guava/11.0.2/guava-11.0.2.jar:/home/user/.m2/repository/org/apache/hadoop/hadoop-ozone-ozone-manager/0.5.0-SNAPSHOT/hadoop-ozone-ozone-manager-0.5.0-SNAPSHOT.jar:/home/user/.m2/repository/org/apache/hadoop/hadoop-minikdc/3.2.0/hadoop-minikdc-3.2.0.jar:/home/user/.m2/repository/commons-io/commons-io/2.5/commons-io-2.5.jar:/home/user/.m2/repository/org/apache/kerby/kerb-simplekdc/1.0.1/kerb-simplekdc-1.0.1.jar:/home/user/.m2/repository/org/apache/kerby/kerb-client/1.0.1/kerb-client-1.0.1.jar:/home/user/.m2/repository/org/apache/kerby/kerby-config/1.0.1/kerby-config-1.0.1.jar:/home/user/.m2/repository/org/apache/kerby/kerb-core/1.0.1/kerb-core-1.0.1.jar:/home/user/.m2/repository/org/apache/kerby/kerby-pkix/1.0.1/kerby-pkix-1.0.1.jar:/home/user/.m2/repository/org/apache/kerby/kerby-asn1/1.0.1/kerby-asn1-1.0.1.jar:/home/user/.m2/repository/org/apache/kerby/kerby-util/1.0.1/kerby-util-1.0.1.jar:/home/user/.m2/repository/org/apache/kerby/kerb-common/1.0.1/kerb-common-1.0.1.jar:/home/user/.m2/repository/org/apache/kerby/kerb-crypto/1.0.1/kerb-crypto-1.0.1.jar:/home/user/.m2/repository/org/apache/kerby/kerb-util/1.0.1/kerb-util-1.0.1.jar:/home/user/.m2/repository/org/apache/kerby/token-provider/1.0.1/token-provider-1.0.1.jar:/home/user/.m2/repository/org/apache/kerby/kerb-admin/1.0.1/kerb-admin-1.0.1.jar:/home/user/.m2/repository/org/apache/kerby/kerb-server/1.0.1/kerb-server-1.0.1.jar:/home/user/.m2/repository/org/apache/kerby/kerb-identity/1.0.1/kerb-identity-1.0.1.jar:/home/user/.m2/repository/org/apache/kerby/kerby-xdr/1.0.1/kerby-xdr-1.0.1.jar:/home/user/.m2/repository/org/slf4j/slf4j-log4j12/1.7.25/slf4j-log4j12-1.7.25.jar:/home/user/.m2/repository/org/apache/hadoop/hadoop-ozone-s3gateway/0.5.0-SNAPSHOT/hadoop-ozone-s3gateway-0.5.0-SNAPSHOT.jar:/home/user/.m2/repository/org/jboss/weld/servlet/weld-servlet/2.4.7.Final/weld-servlet-2.4.7.Final.jar:/home/user/.m2/repository/org/glassfish/jersey/containers/jersey-container-servlet-core/2.27/jersey-container-servlet-core-2.27.jar:/home/user/.m2/repository/org/glassfish/hk2/external/javax.inject/2.5.0-b42/javax.inject-2.5.0-b42.jar:/home/user/.m2/repository/org/glassfish/jersey/core/jersey-common/2.27/jersey-common-2.27.jar:/home/user/.m2/repository/org/glassfish/hk2/osgi-resource-locator/1.0.1/osgi-resource-locator-1.0.1.jar:/home/user/.m2/repository/javax/ws/rs/javax.ws.rs-api/2.1/javax.ws.rs-api-2.1.jar:/home/user/.m2/repository/org/glassfish/jersey/ext/cdi/jersey-cdi1x/2.27/jersey-cdi1x-2.27.jar:/home/user/.m2/repository/org/glassfish/jersey/inject/jersey-hk2/2.27/jersey-hk2-2.27.jar:/home/user/.m2/repository/org/glassfish/hk2/hk2-locator/2.5.0-b42/hk2-locator-2.5.0-b42.jar:/home/user/.m2/repository/org/javassist/javassist/3.22.0-CR2/javassist-3.22.0-CR2.jar:/home/user/.m2/repository/org/glassfish/hk2/hk2-api/2.5.0/hk2-api-2.5.0.jar:/home/user/.m2/repository/org/glassfish/hk2/external/jakarta.inject/2.5.0/jakarta.inject-2.5.0.jar:/home/user/.m2/repository/org/glassfish/hk2/hk2-utils/2.5.0/hk2-utils-2.5.0.jar:/home/user/.m2/repository/jakarta/annotation/jakarta.annotation-api/1.3.4/jakarta.annotation-api-1.3.4.jar:/home/user/.m2/repository/org/glassfish/hk2/external/aopalliance-repackaged/2.5.0/aopalliance-repackaged-2.5.0.jar:/home/user/.m2/repository/com/fasterxml/jackson/dataformat/jackson-dataformat-xml/2.9.0/jackson-dataformat-xml-2.9.0.jar:/home/user/.m2/repository/com/fasterxml/jackson/core/jackson-core/2.9.5/jackson-core-2.9.5.jar:/home/user/.m2/repository/com/fasterxml/jackson/module/jackson-module-jaxb-annotations/2.9.5/jackson-module-jaxb-annotations-2.9.5.jar:/home/user/.m2/repository/javax/enterprise/cdi-api/1.2/cdi-api-1.2.jar:/home/user/.m2/repository/javax/el/javax.el-api/3.0.0/javax.el-api-3.0.0.jar:/home/user/.m2/repository/javax/interceptor/javax.interceptor-api/1.2/javax.interceptor-api-1.2.jar:/home/user/.m2/repository/javax/inject/javax.inject/1/javax.inject-1.jar:/home/user/.m2/repository/com/sun/xml/bind/jaxb-impl/2.3.0.1/jaxb-impl-2.3.0.1.jar:/home/user/.m2/repository/com/sun/xml/bind/jaxb-core/2.3.0.1/jaxb-core-2.3.0.1.jar:/home/user/.m2/repository/javax/xml/bind/jaxb-api/2.3.0/jaxb-api-2.3.0.jar:/home/user/.m2/repository/javax/activation/activation/1.1.1/activation-1.1.1.jar:/home/user/.m2/repository/org/apache/hadoop/hadoop-ozone-csi/0.5.0-SNAPSHOT/hadoop-ozone-csi-0.5.0-SNAPSHOT.jar:/home/user/.m2/repository/com/google/protobuf/protobuf-java-util/3.5.1/protobuf-java-util-3.5.1.jar:/home/user/.m2/repository/org/apache/hadoop/hadoop-hdds-config/0.5.0-SNAPSHOT/hadoop-hdds-config-0.5.0-SNAPSHOT.jar:/home/user/.m2/repository/io/grpc/grpc-netty/1.17.1/grpc-netty-1.17.1.jar:/home/user/.m2/repository/io/grpc/grpc-core/1.17.1/grpc-core-1.17.1.jar:/home/user/.m2/repository/io/grpc/grpc-context/1.17.1/grpc-context-1.17.1.jar:/home/user/.m2/repository/com/google/errorprone/error_prone_annotations/2.2.0/error_prone_annotations-2.2.0.jar:/home/user/.m2/repository/org/codehaus/mojo/animal-sniffer-annotations/1.17/animal-sniffer-annotations-1.17.jar:/home/user/.m2/repository/io/opencensus/opencensus-api/0.17.0/opencensus-api-0.17.0.jar:/home/user/.m2/repository/io/opencensus/opencensus-contrib-grpc-metrics/0.17.0/opencensus-contrib-grpc-metrics-0.17.0.jar:/home/user/.m2/repository/io/netty/netty-codec-http2/4.1.30.Final/netty-codec-http2-4.1.30.Final.jar:/home/user/.m2/repository/io/netty/netty-codec-http/4.1.30.Final/netty-codec-http-4.1.30.Final.jar:/home/user/.m2/repository/io/netty/netty-codec/4.1.30.Final/netty-codec-4.1.30.Final.jar:/home/user/.m2/repository/io/netty/netty-handler/4.1.30.Final/netty-handler-4.1.30.Final.jar:/home/user/.m2/repository/io/netty/netty-handler-proxy/4.1.30.Final/netty-handler-proxy-4.1.30.Final.jar:/home/user/.m2/repository/io/netty/netty-codec-socks/4.1.30.Final/netty-codec-socks-4.1.30.Final.jar:/home/user/.m2/repository/io/netty/netty-transport-native-epoll/4.1.30.Final/netty-transport-native-epoll-4.1.30.Final.jar:/home/user/.m2/repository/io/netty/netty-common/4.1.30.Final/netty-common-4.1.30.Final.jar:/home/user/.m2/repository/io/netty/netty-buffer/4.1.30.Final/netty-buffer-4.1.30.Final.jar:/home/user/.m2/repository/io/netty/netty-transport/4.1.30.Final/netty-transport-4.1.30.Final.jar:/home/user/.m2/repository/io/netty/netty-resolver/4.1.30.Final/netty-resolver-4.1.30.Final.jar:/home/user/.m2/repository/io/netty/netty-transport-native-unix-common/4.1.30.Final/netty-transport-native-unix-common-4.1.30.Final.jar:/home/user/.m2/repository/io/grpc/grpc-protobuf/1.17.1/grpc-protobuf-1.17.1.jar:/home/user/.m2/repository/com/google/api/grpc/proto-google-common-protos/1.0.0/proto-google-common-protos-1.0.0.jar:/home/user/.m2/repository/io/grpc/grpc-protobuf-lite/1.17.1/grpc-protobuf-lite-1.17.1.jar:/home/user/.m2/repository/io/grpc/grpc-stub/1.17.1/grpc-stub-1.17.1.jar:/home/user/.m2/repository/org/apache/hadoop/hadoop-ozone-recon/0.5.0-SNAPSHOT/hadoop-ozone-recon-0.5.0-SNAPSHOT.jar:/home/user/.m2/repository/org/apache/hadoop/hadoop-ozone-reconcodegen/0.5.0-SNAPSHOT/hadoop-ozone-reconcodegen-0.5.0-SNAPSHOT.jar:/home/user/.m2/repository/com/google/inject/extensions/guice-multibindings/4.0/guice-multibindings-4.0.jar:/home/user/.m2/repository/com/google/inject/guice/4.0/guice-4.0.jar:/home/user/.m2/repository/aopalliance/aopalliance/1.0/aopalliance-1.0.jar:/home/user/.m2/repository/com/google/inject/extensions/guice-servlet/4.0/guice-servlet-4.0.jar:/home/user/.m2/repository/org/glassfish/jersey/containers/jersey-container-servlet/2.27/jersey-container-servlet-2.27.jar:/home/user/.m2/repository/org/glassfish/hk2/guice-bridge/2.5.0/guice-bridge-2.5.0.jar:/home/user/.m2/repository/org/glassfish/jersey/core/jersey-server/2.27/jersey-server-2.27.jar:/home/user/.m2/repository/org/glassfish/jersey/core/jersey-client/2.27/jersey-client-2.27.jar:/home/user/.m2/repository/org/glassfish/jersey/media/jersey-media-jaxb/2.27/jersey-media-jaxb-2.27.jar:/home/user/.m2/repository/javax/validation/validation-api/1.1.0.Final/validation-api-1.1.0.Final.jar:/home/user/.m2/repository/org/glassfish/jersey/media/jersey-media-json-jackson/2.27/jersey-media-json-jackson-2.27.jar:/home/user/.m2/repository/org/glassfish/jersey/ext/jersey-entity-filtering/2.27/jersey-entity-filtering-2.27.jar:/home/user/.m2/repository/com/google/inject/extensions/guice-assistedinject/4.0/guice-assistedinject-4.0.jar:/home/user/.m2/repository/org/jooq/jooq/3.11.10/jooq-3.11.10.jar:/home/user/.m2/repository/org/jooq/jooq-meta/3.11.10/jooq-meta-3.11.10.jar:/home/user/.m2/repository/org/jooq/jooq-codegen/3.11.10/jooq-codegen-3.11.10.jar:/home/user/.m2/repository/com/jolbox/bonecp/0.8.0.RELEASE/bonecp-0.8.0.RELEASE.jar:/home/user/.m2/repository/org/xerial/sqlite-jdbc/3.25.2/sqlite-jdbc-3.25.2.jar:/home/user/.m2/repository/org/springframework/spring-jdbc/5.1.3.RELEASE/spring-jdbc-5.1.3.RELEASE.jar:/home/user/.m2/repository/org/springframework/spring-beans/5.1.3.RELEASE/spring-beans-5.1.3.RELEASE.jar:/home/user/.m2/repository/org/springframework/spring-core/5.1.3.RELEASE/spring-core-5.1.3.RELEASE.jar:/home/user/.m2/repository/org/springframework/spring-jcl/5.1.3.RELEASE/spring-jcl-5.1.3.RELEASE.jar:/home/user/.m2/repository/org/springframework/spring-tx/5.1.3.RELEASE/spring-tx-5.1.3.RELEASE.jar:/home/user/.m2/repository/org/apache/hadoop/hadoop-ozone-client/0.5.0-SNAPSHOT/hadoop-ozone-client-0.5.0-SNAPSHOT.jar:/home/user/.m2/repository/commons-lang/commons-lang/2.6/commons-lang-2.6.jar:/home/user/.m2/repository/org/apache/hadoop/hadoop-ozone-ozone-manager/0.5.0-SNAPSHOT/hadoop-ozone-ozone-manager-0.5.0-SNAPSHOT-tests.jar:/home/user/.m2/repository/junit/junit/4.11/junit-4.11.jar:/home/user/.m2/repository/org/hamcrest/hamcrest-core/1.3/hamcrest-core-1.3.jar:/home/user/.m2/repository/org/openjdk/jmh/jmh-core/1.19/jmh-core-1.19.jar:/home/user/.m2/repository/net/sf/jopt-simple/jopt-simple/4.6/jopt-simple-4.6.jar:/home/user/.m2/repository/org/apache/commons/commons-math3/3.1.1/commons-math3-3.1.1.jar:/home/user/.m2/repository/org/openjdk/jmh/jmh-generator-annprocess/1.19/jmh-generator-annprocess-1.19.jar:/home/user/.m2/repository/org/mockito/mockito-all/1.8.5/mockito-all-1.8.5.jar:/home/user/.m2/repository/org/apache/hadoop/hadoop-kms/3.2.0/hadoop-kms-3.2.0.jar:/home/user/.m2/repository/org/apache/hadoop/hadoop-auth/3.2.0/hadoop-auth-3.2.0.jar:/home/user/.m2/repository/com/nimbusds/nimbus-jose-jwt/4.41.1/nimbus-jose-jwt-4.41.1.jar:/home/user/.m2/repository/com/github/stephenc/jcip/jcip-annotations/1.0-1/jcip-annotations-1.0-1.jar:/home/user/.m2/repository/net/minidev/json-smart/2.3/json-smart-2.3.jar:/home/user/.m2/repository/net/minidev/accessors-smart/1.2/accessors-smart-1.2.jar:/home/user/.m2/repository/org/ow2/asm/asm/5.0.4/asm-5.0.4.jar:/home/user/.m2/repository/org/apache/curator/curator-framework/2.12.0/curator-framework-2.12.0.jar:/home/user/.m2/repository/com/sun/jersey/jersey-core/1.19/jersey-core-1.19.jar:/home/user/.m2/repository/javax/ws/rs/jsr311-api/1.1.1/jsr311-api-1.1.1.jar:/home/user/.m2/repository/com/sun/jersey/jersey-server/1.19/jersey-server-1.19.jar:/home/user/.m2/repository/javax/servlet/javax.servlet-api/3.1.0/javax.servlet-api-3.1.0.jar:/home/user/.m2/repository/org/eclipse/jetty/jetty-server/9.3.24.v20180605/jetty-server-9.3.24.v20180605.jar:/home/user/.m2/repository/org/eclipse/jetty/jetty-http/9.3.24.v20180605/jetty-http-9.3.24.v20180605.jar:/home/user/.m2/repository/org/eclipse/jetty/jetty-io/9.3.24.v20180605/jetty-io-9.3.24.v20180605.jar:/home/user/.m2/repository/org/eclipse/jetty/jetty-webapp/9.3.24.v20180605/jetty-webapp-9.3.24.v20180605.jar:/home/user/.m2/repository/org/eclipse/jetty/jetty-xml/9.3.24.v20180605/jetty-xml-9.3.24.v20180605.jar:/home/user/.m2/repository/log4j/log4j/1.2.17/log4j-1.2.17.jar:/home/user/.m2/repository/org/slf4j/slf4j-api/1.7.25/slf4j-api-1.7.25.jar:/home/user/.m2/repository/org/slf4j/jul-to-slf4j/1.7.25/jul-to-slf4j-1.7.25.jar:/home/user/.m2/repository/org/eclipse/jetty/jetty-util/9.3.24.v20180605/jetty-util-9.3.24.v20180605.jar:/home/user/.m2/repository/com/fasterxml/jackson/core/jackson-databind/2.9.5/jackson-databind-2.9.5.jar:/home/user/.m2/repository/org/apache/hadoop/hadoop-kms/3.2.0/hadoop-kms-3.2.0-tests.jar:/home/user/.m2/repository/org/apache/hadoop/hadoop-hdds-server-scm/0.5.0-SNAPSHOT/hadoop-hdds-server-scm-0.5.0-SNAPSHOT-tests.jar:/home/user/.m2/repository/org/apache/hadoop/hadoop-hdds-container-service/0.5.0-SNAPSHOT/hadoop-hdds-container-service-0.5.0-SNAPSHOT-tests.jar:/home/user/.m2/repository/org/yaml/snakeyaml/1.16/snakeyaml-1.16.jar:/home/user/.m2/repository/org/apache/hadoop/hadoop-common/3.2.0/hadoop-common-3.2.0-tests.jar:/home/user/.m2/repository/org/apache/hadoop/hadoop-annotations/3.2.0/hadoop-annotations-3.2.0.jar:/usr/lib/jvm/java-1.8-openjdk/jre/../lib/tools.jar:/home/user/.m2/repository/commons-cli/commons-cli/1.2/commons-cli-1.2.jar:/home/user/.m2/repository/org/apache/httpcomponents/httpclient/4.5.2/httpclient-4.5.2.jar:/home/user/.m2/repository/org/apache/httpcomponents/httpcore/4.4.4/httpcore-4.4.4.jar:/home/user/.m2/repository/commons-codec/commons-codec/1.11/commons-codec-1.11.jar:/home/user/.m2/repository/commons-net/commons-net/3.6/commons-net-3.6.jar:/home/user/.m2/repository/commons-collections/commons-collections/3.2.2/commons-collections-3.2.2.jar:/home/user/.m2/repository/org/eclipse/jetty/jetty-servlet/9.3.24.v20180605/jetty-servlet-9.3.24.v20180605.jar:/home/user/.m2/repository/org/eclipse/jetty/jetty-security/9.3.24.v20180605/jetty-security-9.3.24.v20180605.jar:/home/user/.m2/repository/javax/servlet/jsp/jsp-api/2.1/jsp-api-2.1.jar:/home/user/.m2/repository/com/sun/jersey/jersey-servlet/1.19/jersey-servlet-1.19.jar:/home/user/.m2/repository/com/sun/jersey/jersey-json/1.19/jersey-json-1.19.jar:/home/user/.m2/repository/org/codehaus/jettison/jettison/1.1/jettison-1.1.jar:/home/user/.m2/repository/org/codehaus/jackson/jackson-core-asl/1.9.13/jackson-core-asl-1.9.13.jar:/home/user/.m2/repository/org/codehaus/jackson/jackson-mapper-asl/1.9.13/jackson-mapper-asl-1.9.13.jar:/home/user/.m2/repository/org/codehaus/jackson/jackson-jaxrs/1.9.13/jackson-jaxrs-1.9.13.jar:/home/user/.m2/repository/org/codehaus/jackson/jackson-xc/1.9.13/jackson-xc-1.9.13.jar:/home/user/.m2/repository/commons-logging/commons-logging/1.1.3/commons-logging-1.1.3.jar:/home/user/.m2/repository/commons-beanutils/commons-beanutils/1.9.3/commons-beanutils-1.9.3.jar:/home/user/.m2/repository/org/apache/commons/commons-configuration2/2.1.1/commons-configuration2-2.1.1.jar:/home/user/.m2/repository/org/apache/commons/commons-lang3/3.7/commons-lang3-3.7.jar:/home/user/.m2/repository/org/apache/commons/commons-text/1.4/commons-text-1.4.jar:/home/user/.m2/repository/org/apache/avro/avro/1.7.7/avro-1.7.7.jar:/home/user/.m2/repository/com/thoughtworks/paranamer/paranamer/2.3/paranamer-2.3.jar:/home/user/.m2/repository/org/xerial/snappy/snappy-java/1.0.5/snappy-java-1.0.5.jar:/home/user/.m2/repository/com/google/re2j/re2j/1.1/re2j-1.1.jar:/home/user/.m2/repository/com/google/code/gson/gson/2.2.4/gson-2.2.4.jar:/home/user/.m2/repository/com/jcraft/jsch/0.1.54/jsch-0.1.54.jar:/home/user/.m2/repository/org/apache/curator/curator-client/2.12.0/curator-client-2.12.0.jar:/home/user/.m2/repository/org/apache/curator/curator-recipes/2.12.0/curator-recipes-2.12.0.jar:/home/user/.m2/repository/com/google/code/findbugs/jsr305/3.0.0/jsr305-3.0.0.jar:/home/user/.m2/repository/org/apache/htrace/htrace-core4/4.1.0-incubating/htrace-core4-4.1.0-incubating.jar:/home/user/.m2/repository/org/apache/zookeeper/zookeeper/3.4.13/zookeeper-3.4.13.jar:/home/user/.m2/repository/org/apache/yetus/audience-annotations/0.5.0/audience-annotations-0.5.0.jar:/home/user/.m2/repository/org/codehaus/woodstox/stax2-api/3.1.4/stax2-api-3.1.4.jar:/home/user/.m2/repository/com/fasterxml/woodstox/woodstox-core/5.0.3/woodstox-core-5.0.3.jar:/home/user/.m2/repository/dnsjava/dnsjava/2.1.7/dnsjava-2.1.7.jar:/home/user/.m2/repository/org/apache/hadoop/hadoop-hdfs/3.2.0/hadoop-hdfs-3.2.0-tests.jar:/home/user/.m2/repository/org/eclipse/jetty/jetty-util-ajax/9.3.24.v20180605/jetty-util-ajax-9.3.24.v20180605.jar:/home/user/.m2/repository/commons-daemon/commons-daemon/1.0.13/commons-daemon-1.0.13.jar:/home/user/.m2/repository/io/netty/netty/3.10.5.Final/netty-3.10.5.Final.jar:/home/user/.m2/repository/io/netty/netty-all/4.0.52.Final/netty-all-4.0.52.Final.jar:/home/user/.m2/repository/org/fusesource/leveldbjni/leveldbjni-all/1.8/leveldbjni-all-1.8.jar:"/>
    <property name="java.vm.vendor" value="IcedTea"/>
    <property name="sun.arch.data.model" value="64"/>
    <property name="test.build.dir" value="/workdir/hadoop-ozone/integration-test/target/test-dir"/>
    <property name="test.cache.data" value=""/>
    <property name="java.vendor.url" value="https://icedtea.classpath.org"/>
    <property name="user.timezone" value=""/>
    <property name="java.vm.specification.version" value="1.8"/>
    <property name="os.name" value="Linux"/>
    <property name="test.build.data" value="/workdir/hadoop-ozone/integration-test/target/test-dir"/>
    <property name="user.country" value="US"/>
    <property name="sun.java.launcher" value="SUN_STANDARD"/>
    <property name="sun.boot.library.path" value="/usr/lib/jvm/java-1.8-openjdk/jre/lib/amd64"/>
    <property name="sun.java.command" value="/workdir/hadoop-ozone/integration-test/target/surefire/surefirebooter5787017065299426771.jar /workdir/hadoop-ozone/integration-test/target/surefire 2019-09-11T20-48-41_113-jvmRun1 surefire5872827685569430132tmp surefire_52384916714760728548tmp"/>
    <property name="test" value="!TestMiniChaosOzoneCluster"/>
    <property name="surefire.test.class.path" value="/workdir/hadoop-ozone/integration-test/target/test-classes:/workdir/hadoop-ozone/integration-test/target/classes:/home/user/.m2/repository/org/apache/hadoop/hadoop-ozone-common/0.5.0-SNAPSHOT/hadoop-ozone-common-0.5.0-SNAPSHOT.jar:/home/user/.m2/repository/org/apache/commons/commons-compress/1.4.1/commons-compress-1.4.1.jar:/home/user/.m2/repository/org/tukaani/xz/1.0/xz-1.0.jar:/home/user/.m2/repository/org/apache/hadoop/hadoop-common/3.2.0/hadoop-common-3.2.0.jar:/home/user/.m2/repository/org/apache/hadoop/hadoop-hdfs/3.2.0/hadoop-hdfs-3.2.0.jar:/home/user/.m2/repository/org/apache/hadoop/hadoop-hdfs-client/3.2.0/hadoop-hdfs-client-3.2.0.jar:/home/user/.m2/repository/com/fasterxml/jackson/core/jackson-annotations/2.9.5/jackson-annotations-2.9.5.jar:/home/user/.m2/repository/org/apache/hadoop/hadoop-hdds-common/0.5.0-SNAPSHOT/hadoop-hdds-common-0.5.0-SNAPSHOT.jar:/home/user/.m2/repository/javax/annotation/javax.annotation-api/1.2/javax.annotation-api-1.2.jar:/home/user/.m2/repository/org/apache/ratis/ratis-server/0.4.0-78e95b9-SNAPSHOT/ratis-server-0.4.0-78e95b9-SNAPSHOT.jar:/home/user/.m2/repository/org/apache/ratis/ratis-thirdparty-misc/0.2.0/ratis-thirdparty-misc-0.2.0.jar:/home/user/.m2/repository/org/apache/ratis/ratis-proto/0.4.0-78e95b9-SNAPSHOT/ratis-proto-0.4.0-78e95b9-SNAPSHOT.jar:/home/user/.m2/repository/org/apache/ratis/ratis-common/0.4.0-78e95b9-SNAPSHOT/ratis-common-0.4.0-78e95b9-SNAPSHOT.jar:/home/user/.m2/repository/org/apache/ratis/ratis-client/0.4.0-78e95b9-SNAPSHOT/ratis-client-0.4.0-78e95b9-SNAPSHOT.jar:/home/user/.m2/repository/org/apache/ratis/ratis-metrics/0.4.0-78e95b9-SNAPSHOT/ratis-metrics-0.4.0-78e95b9-SNAPSHOT.jar:/home/user/.m2/repository/com/github/joshelser/dropwizard-metrics-hadoop-metrics2-reporter/0.1.2/dropwizard-metrics-hadoop-metrics2-reporter-0.1.2.jar:/home/user/.m2/repository/io/dropwizard/metrics/metrics-jvm/3.2.5/metrics-jvm-3.2.5.jar:/home/user/.m2/repository/io/dropwizard/metrics/metrics-ganglia/3.2.5/metrics-ganglia-3.2.5.jar:/home/user/.m2/repository/info/ganglia/gmetric4j/gmetric4j/1.0.7/gmetric4j-1.0.7.jar:/home/user/.m2/repository/org/apache/ratis/ratis-netty/0.4.0-78e95b9-SNAPSHOT/ratis-netty-0.4.0-78e95b9-SNAPSHOT.jar:/home/user/.m2/repository/org/apache/ratis/ratis-grpc/0.4.0-78e95b9-SNAPSHOT/ratis-grpc-0.4.0-78e95b9-SNAPSHOT.jar:/home/user/.m2/repository/org/rocksdb/rocksdbjni/6.0.1/rocksdbjni-6.0.1.jar:/home/user/.m2/repository/org/apache/logging/log4j/log4j-api/2.11.0/log4j-api-2.11.0.jar:/home/user/.m2/repository/org/apache/logging/log4j/log4j-core/2.11.0/log4j-core-2.11.0.jar:/home/user/.m2/repository/com/lmax/disruptor/3.4.2/disruptor-3.4.2.jar:/home/user/.m2/repository/org/apache/commons/commons-pool2/2.6.0/commons-pool2-2.6.0.jar:/home/user/.m2/repository/org/bouncycastle/bcpkix-jdk15on/1.60/bcpkix-jdk15on-1.60.jar:/home/user/.m2/repository/commons-validator/commons-validator/1.6/commons-validator-1.6.jar:/home/user/.m2/repository/commons-digester/commons-digester/1.8.1/commons-digester-1.8.1.jar:/home/user/.m2/repository/io/jaegertracing/jaeger-client/0.33.1/jaeger-client-0.33.1.jar:/home/user/.m2/repository/io/jaegertracing/jaeger-thrift/0.33.1/jaeger-thrift-0.33.1.jar:/home/user/.m2/repository/org/apache/thrift/libthrift/0.11.0/libthrift-0.11.0.jar:/home/user/.m2/repository/com/squareup/okhttp3/okhttp/3.9.0/okhttp-3.9.0.jar:/home/user/.m2/repository/com/squareup/okio/okio/1.13.0/okio-1.13.0.jar:/home/user/.m2/repository/io/jaegertracing/jaeger-core/0.33.1/jaeger-core-0.33.1.jar:/home/user/.m2/repository/io/jaegertracing/jaeger-tracerresolver/0.33.1/jaeger-tracerresolver-0.33.1.jar:/home/user/.m2/repository/io/opentracing/contrib/opentracing-tracerresolver/0.1.5/opentracing-tracerresolver-0.1.5.jar:/home/user/.m2/repository/io/opentracing/opentracing-util/0.31.0/opentracing-util-0.31.0.jar:/home/user/.m2/repository/io/opentracing/opentracing-api/0.31.0/opentracing-api-0.31.0.jar:/home/user/.m2/repository/io/opentracing/opentracing-noop/0.31.0/opentracing-noop-0.31.0.jar:/home/user/.m2/repository/org/apache/hadoop/hadoop-hdds-server-framework/0.5.0-SNAPSHOT/hadoop-hdds-server-framework-0.5.0-SNAPSHOT.jar:/home/user/.m2/repository/org/apache/hadoop/hadoop-hdds-container-service/0.5.0-SNAPSHOT/hadoop-hdds-container-service-0.5.0-SNAPSHOT.jar:/home/user/.m2/repository/org/apache/hadoop/hadoop-hdds-client/0.5.0-SNAPSHOT/hadoop-hdds-client-0.5.0-SNAPSHOT.jar:/home/user/.m2/repository/org/apache/hadoop/hadoop-hdds-tools/0.5.0-SNAPSHOT/hadoop-hdds-tools-0.5.0-SNAPSHOT.jar:/home/user/.m2/repository/org/apache/hadoop/hadoop-hdds-server-scm/0.5.0-SNAPSHOT/hadoop-hdds-server-scm-0.5.0-SNAPSHOT.jar:/home/user/.m2/repository/org/apache/hadoop/hadoop-hdds-docs/0.5.0-SNAPSHOT/hadoop-hdds-docs-0.5.0-SNAPSHOT.jar:/home/user/.m2/repository/io/dropwizard/metrics/metrics-core/3.2.4/metrics-core-3.2.4.jar:/home/user/.m2/repository/org/hamcrest/hamcrest-all/1.3/hamcrest-all-1.3.jar:/home/user/.m2/repository/org/bouncycastle/bcprov-jdk15on/1.60/bcprov-jdk15on-1.60.jar:/home/user/.m2/repository/info/picocli/picocli/3.9.6/picocli-3.9.6.jar:/home/user/.m2/repository/com/google/protobuf/protobuf-java/2.5.0/protobuf-java-2.5.0.jar:/home/user/.m2/repository/com/google/guava/guava/11.0.2/guava-11.0.2.jar:/home/user/.m2/repository/org/apache/hadoop/hadoop-ozone-ozone-manager/0.5.0-SNAPSHOT/hadoop-ozone-ozone-manager-0.5.0-SNAPSHOT.jar:/home/user/.m2/repository/org/apache/hadoop/hadoop-minikdc/3.2.0/hadoop-minikdc-3.2.0.jar:/home/user/.m2/repository/commons-io/commons-io/2.5/commons-io-2.5.jar:/home/user/.m2/repository/org/apache/kerby/kerb-simplekdc/1.0.1/kerb-simplekdc-1.0.1.jar:/home/user/.m2/repository/org/apache/kerby/kerb-client/1.0.1/kerb-client-1.0.1.jar:/home/user/.m2/repository/org/apache/kerby/kerby-config/1.0.1/kerby-config-1.0.1.jar:/home/user/.m2/repository/org/apache/kerby/kerb-core/1.0.1/kerb-core-1.0.1.jar:/home/user/.m2/repository/org/apache/kerby/kerby-pkix/1.0.1/kerby-pkix-1.0.1.jar:/home/user/.m2/repository/org/apache/kerby/kerby-asn1/1.0.1/kerby-asn1-1.0.1.jar:/home/user/.m2/repository/org/apache/kerby/kerby-util/1.0.1/kerby-util-1.0.1.jar:/home/user/.m2/repository/org/apache/kerby/kerb-common/1.0.1/kerb-common-1.0.1.jar:/home/user/.m2/repository/org/apache/kerby/kerb-crypto/1.0.1/kerb-crypto-1.0.1.jar:/home/user/.m2/repository/org/apache/kerby/kerb-util/1.0.1/kerb-util-1.0.1.jar:/home/user/.m2/repository/org/apache/kerby/token-provider/1.0.1/token-provider-1.0.1.jar:/home/user/.m2/repository/org/apache/kerby/kerb-admin/1.0.1/kerb-admin-1.0.1.jar:/home/user/.m2/repository/org/apache/kerby/kerb-server/1.0.1/kerb-server-1.0.1.jar:/home/user/.m2/repository/org/apache/kerby/kerb-identity/1.0.1/kerb-identity-1.0.1.jar:/home/user/.m2/repository/org/apache/kerby/kerby-xdr/1.0.1/kerby-xdr-1.0.1.jar:/home/user/.m2/repository/org/slf4j/slf4j-log4j12/1.7.25/slf4j-log4j12-1.7.25.jar:/home/user/.m2/repository/org/apache/hadoop/hadoop-ozone-s3gateway/0.5.0-SNAPSHOT/hadoop-ozone-s3gateway-0.5.0-SNAPSHOT.jar:/home/user/.m2/repository/org/jboss/weld/servlet/weld-servlet/2.4.7.Final/weld-servlet-2.4.7.Final.jar:/home/user/.m2/repository/org/glassfish/jersey/containers/jersey-container-servlet-core/2.27/jersey-container-servlet-core-2.27.jar:/home/user/.m2/repository/org/glassfish/hk2/external/javax.inject/2.5.0-b42/javax.inject-2.5.0-b42.jar:/home/user/.m2/repository/org/glassfish/jersey/core/jersey-common/2.27/jersey-common-2.27.jar:/home/user/.m2/repository/org/glassfish/hk2/osgi-resource-locator/1.0.1/osgi-resource-locator-1.0.1.jar:/home/user/.m2/repository/javax/ws/rs/javax.ws.rs-api/2.1/javax.ws.rs-api-2.1.jar:/home/user/.m2/repository/org/glassfish/jersey/ext/cdi/jersey-cdi1x/2.27/jersey-cdi1x-2.27.jar:/home/user/.m2/repository/org/glassfish/jersey/inject/jersey-hk2/2.27/jersey-hk2-2.27.jar:/home/user/.m2/repository/org/glassfish/hk2/hk2-locator/2.5.0-b42/hk2-locator-2.5.0-b42.jar:/home/user/.m2/repository/org/javassist/javassist/3.22.0-CR2/javassist-3.22.0-CR2.jar:/home/user/.m2/repository/org/glassfish/hk2/hk2-api/2.5.0/hk2-api-2.5.0.jar:/home/user/.m2/repository/org/glassfish/hk2/external/jakarta.inject/2.5.0/jakarta.inject-2.5.0.jar:/home/user/.m2/repository/org/glassfish/hk2/hk2-utils/2.5.0/hk2-utils-2.5.0.jar:/home/user/.m2/repository/jakarta/annotation/jakarta.annotation-api/1.3.4/jakarta.annotation-api-1.3.4.jar:/home/user/.m2/repository/org/glassfish/hk2/external/aopalliance-repackaged/2.5.0/aopalliance-repackaged-2.5.0.jar:/home/user/.m2/repository/com/fasterxml/jackson/dataformat/jackson-dataformat-xml/2.9.0/jackson-dataformat-xml-2.9.0.jar:/home/user/.m2/repository/com/fasterxml/jackson/core/jackson-core/2.9.5/jackson-core-2.9.5.jar:/home/user/.m2/repository/com/fasterxml/jackson/module/jackson-module-jaxb-annotations/2.9.5/jackson-module-jaxb-annotations-2.9.5.jar:/home/user/.m2/repository/javax/enterprise/cdi-api/1.2/cdi-api-1.2.jar:/home/user/.m2/repository/javax/el/javax.el-api/3.0.0/javax.el-api-3.0.0.jar:/home/user/.m2/repository/javax/interceptor/javax.interceptor-api/1.2/javax.interceptor-api-1.2.jar:/home/user/.m2/repository/javax/inject/javax.inject/1/javax.inject-1.jar:/home/user/.m2/repository/com/sun/xml/bind/jaxb-impl/2.3.0.1/jaxb-impl-2.3.0.1.jar:/home/user/.m2/repository/com/sun/xml/bind/jaxb-core/2.3.0.1/jaxb-core-2.3.0.1.jar:/home/user/.m2/repository/javax/xml/bind/jaxb-api/2.3.0/jaxb-api-2.3.0.jar:/home/user/.m2/repository/javax/activation/activation/1.1.1/activation-1.1.1.jar:/home/user/.m2/repository/org/apache/hadoop/hadoop-ozone-csi/0.5.0-SNAPSHOT/hadoop-ozone-csi-0.5.0-SNAPSHOT.jar:/home/user/.m2/repository/com/google/protobuf/protobuf-java-util/3.5.1/protobuf-java-util-3.5.1.jar:/home/user/.m2/repository/org/apache/hadoop/hadoop-hdds-config/0.5.0-SNAPSHOT/hadoop-hdds-config-0.5.0-SNAPSHOT.jar:/home/user/.m2/repository/io/grpc/grpc-netty/1.17.1/grpc-netty-1.17.1.jar:/home/user/.m2/repository/io/grpc/grpc-core/1.17.1/grpc-core-1.17.1.jar:/home/user/.m2/repository/io/grpc/grpc-context/1.17.1/grpc-context-1.17.1.jar:/home/user/.m2/repository/com/google/errorprone/error_prone_annotations/2.2.0/error_prone_annotations-2.2.0.jar:/home/user/.m2/repository/org/codehaus/mojo/animal-sniffer-annotations/1.17/animal-sniffer-annotations-1.17.jar:/home/user/.m2/repository/io/opencensus/opencensus-api/0.17.0/opencensus-api-0.17.0.jar:/home/user/.m2/repository/io/opencensus/opencensus-contrib-grpc-metrics/0.17.0/opencensus-contrib-grpc-metrics-0.17.0.jar:/home/user/.m2/repository/io/netty/netty-codec-http2/4.1.30.Final/netty-codec-http2-4.1.30.Final.jar:/home/user/.m2/repository/io/netty/netty-codec-http/4.1.30.Final/netty-codec-http-4.1.30.Final.jar:/home/user/.m2/repository/io/netty/netty-codec/4.1.30.Final/netty-codec-4.1.30.Final.jar:/home/user/.m2/repository/io/netty/netty-handler/4.1.30.Final/netty-handler-4.1.30.Final.jar:/home/user/.m2/repository/io/netty/netty-handler-proxy/4.1.30.Final/netty-handler-proxy-4.1.30.Final.jar:/home/user/.m2/repository/io/netty/netty-codec-socks/4.1.30.Final/netty-codec-socks-4.1.30.Final.jar:/home/user/.m2/repository/io/netty/netty-transport-native-epoll/4.1.30.Final/netty-transport-native-epoll-4.1.30.Final.jar:/home/user/.m2/repository/io/netty/netty-common/4.1.30.Final/netty-common-4.1.30.Final.jar:/home/user/.m2/repository/io/netty/netty-buffer/4.1.30.Final/netty-buffer-4.1.30.Final.jar:/home/user/.m2/repository/io/netty/netty-transport/4.1.30.Final/netty-transport-4.1.30.Final.jar:/home/user/.m2/repository/io/netty/netty-resolver/4.1.30.Final/netty-resolver-4.1.30.Final.jar:/home/user/.m2/repository/io/netty/netty-transport-native-unix-common/4.1.30.Final/netty-transport-native-unix-common-4.1.30.Final.jar:/home/user/.m2/repository/io/grpc/grpc-protobuf/1.17.1/grpc-protobuf-1.17.1.jar:/home/user/.m2/repository/com/google/api/grpc/proto-google-common-protos/1.0.0/proto-google-common-protos-1.0.0.jar:/home/user/.m2/repository/io/grpc/grpc-protobuf-lite/1.17.1/grpc-protobuf-lite-1.17.1.jar:/home/user/.m2/repository/io/grpc/grpc-stub/1.17.1/grpc-stub-1.17.1.jar:/home/user/.m2/repository/org/apache/hadoop/hadoop-ozone-recon/0.5.0-SNAPSHOT/hadoop-ozone-recon-0.5.0-SNAPSHOT.jar:/home/user/.m2/repository/org/apache/hadoop/hadoop-ozone-reconcodegen/0.5.0-SNAPSHOT/hadoop-ozone-reconcodegen-0.5.0-SNAPSHOT.jar:/home/user/.m2/repository/com/google/inject/extensions/guice-multibindings/4.0/guice-multibindings-4.0.jar:/home/user/.m2/repository/com/google/inject/guice/4.0/guice-4.0.jar:/home/user/.m2/repository/aopalliance/aopalliance/1.0/aopalliance-1.0.jar:/home/user/.m2/repository/com/google/inject/extensions/guice-servlet/4.0/guice-servlet-4.0.jar:/home/user/.m2/repository/org/glassfish/jersey/containers/jersey-container-servlet/2.27/jersey-container-servlet-2.27.jar:/home/user/.m2/repository/org/glassfish/hk2/guice-bridge/2.5.0/guice-bridge-2.5.0.jar:/home/user/.m2/repository/org/glassfish/jersey/core/jersey-server/2.27/jersey-server-2.27.jar:/home/user/.m2/repository/org/glassfish/jersey/core/jersey-client/2.27/jersey-client-2.27.jar:/home/user/.m2/repository/org/glassfish/jersey/media/jersey-media-jaxb/2.27/jersey-media-jaxb-2.27.jar:/home/user/.m2/repository/javax/validation/validation-api/1.1.0.Final/validation-api-1.1.0.Final.jar:/home/user/.m2/repository/org/glassfish/jersey/media/jersey-media-json-jackson/2.27/jersey-media-json-jackson-2.27.jar:/home/user/.m2/repository/org/glassfish/jersey/ext/jersey-entity-filtering/2.27/jersey-entity-filtering-2.27.jar:/home/user/.m2/repository/com/google/inject/extensions/guice-assistedinject/4.0/guice-assistedinject-4.0.jar:/home/user/.m2/repository/org/jooq/jooq/3.11.10/jooq-3.11.10.jar:/home/user/.m2/repository/org/jooq/jooq-meta/3.11.10/jooq-meta-3.11.10.jar:/home/user/.m2/repository/org/jooq/jooq-codegen/3.11.10/jooq-codegen-3.11.10.jar:/home/user/.m2/repository/com/jolbox/bonecp/0.8.0.RELEASE/bonecp-0.8.0.RELEASE.jar:/home/user/.m2/repository/org/xerial/sqlite-jdbc/3.25.2/sqlite-jdbc-3.25.2.jar:/home/user/.m2/repository/org/springframework/spring-jdbc/5.1.3.RELEASE/spring-jdbc-5.1.3.RELEASE.jar:/home/user/.m2/repository/org/springframework/spring-beans/5.1.3.RELEASE/spring-beans-5.1.3.RELEASE.jar:/home/user/.m2/repository/org/springframework/spring-core/5.1.3.RELEASE/spring-core-5.1.3.RELEASE.jar:/home/user/.m2/repository/org/springframework/spring-jcl/5.1.3.RELEASE/spring-jcl-5.1.3.RELEASE.jar:/home/user/.m2/repository/org/springframework/spring-tx/5.1.3.RELEASE/spring-tx-5.1.3.RELEASE.jar:/home/user/.m2/repository/org/apache/hadoop/hadoop-ozone-client/0.5.0-SNAPSHOT/hadoop-ozone-client-0.5.0-SNAPSHOT.jar:/home/user/.m2/repository/commons-lang/commons-lang/2.6/commons-lang-2.6.jar:/home/user/.m2/repository/org/apache/hadoop/hadoop-ozone-ozone-manager/0.5.0-SNAPSHOT/hadoop-ozone-ozone-manager-0.5.0-SNAPSHOT-tests.jar:/home/user/.m2/repository/junit/junit/4.11/junit-4.11.jar:/home/user/.m2/repository/org/hamcrest/hamcrest-core/1.3/hamcrest-core-1.3.jar:/home/user/.m2/repository/org/openjdk/jmh/jmh-core/1.19/jmh-core-1.19.jar:/home/user/.m2/repository/net/sf/jopt-simple/jopt-simple/4.6/jopt-simple-4.6.jar:/home/user/.m2/repository/org/apache/commons/commons-math3/3.1.1/commons-math3-3.1.1.jar:/home/user/.m2/repository/org/openjdk/jmh/jmh-generator-annprocess/1.19/jmh-generator-annprocess-1.19.jar:/home/user/.m2/repository/org/mockito/mockito-all/1.8.5/mockito-all-1.8.5.jar:/home/user/.m2/repository/org/apache/hadoop/hadoop-kms/3.2.0/hadoop-kms-3.2.0.jar:/home/user/.m2/repository/org/apache/hadoop/hadoop-auth/3.2.0/hadoop-auth-3.2.0.jar:/home/user/.m2/repository/com/nimbusds/nimbus-jose-jwt/4.41.1/nimbus-jose-jwt-4.41.1.jar:/home/user/.m2/repository/com/github/stephenc/jcip/jcip-annotations/1.0-1/jcip-annotations-1.0-1.jar:/home/user/.m2/repository/net/minidev/json-smart/2.3/json-smart-2.3.jar:/home/user/.m2/repository/net/minidev/accessors-smart/1.2/accessors-smart-1.2.jar:/home/user/.m2/repository/org/ow2/asm/asm/5.0.4/asm-5.0.4.jar:/home/user/.m2/repository/org/apache/curator/curator-framework/2.12.0/curator-framework-2.12.0.jar:/home/user/.m2/repository/com/sun/jersey/jersey-core/1.19/jersey-core-1.19.jar:/home/user/.m2/repository/javax/ws/rs/jsr311-api/1.1.1/jsr311-api-1.1.1.jar:/home/user/.m2/repository/com/sun/jersey/jersey-server/1.19/jersey-server-1.19.jar:/home/user/.m2/repository/javax/servlet/javax.servlet-api/3.1.0/javax.servlet-api-3.1.0.jar:/home/user/.m2/repository/org/eclipse/jetty/jetty-server/9.3.24.v20180605/jetty-server-9.3.24.v20180605.jar:/home/user/.m2/repository/org/eclipse/jetty/jetty-http/9.3.24.v20180605/jetty-http-9.3.24.v20180605.jar:/home/user/.m2/repository/org/eclipse/jetty/jetty-io/9.3.24.v20180605/jetty-io-9.3.24.v20180605.jar:/home/user/.m2/repository/org/eclipse/jetty/jetty-webapp/9.3.24.v20180605/jetty-webapp-9.3.24.v20180605.jar:/home/user/.m2/repository/org/eclipse/jetty/jetty-xml/9.3.24.v20180605/jetty-xml-9.3.24.v20180605.jar:/home/user/.m2/repository/log4j/log4j/1.2.17/log4j-1.2.17.jar:/home/user/.m2/repository/org/slf4j/slf4j-api/1.7.25/slf4j-api-1.7.25.jar:/home/user/.m2/repository/org/slf4j/jul-to-slf4j/1.7.25/jul-to-slf4j-1.7.25.jar:/home/user/.m2/repository/org/eclipse/jetty/jetty-util/9.3.24.v20180605/jetty-util-9.3.24.v20180605.jar:/home/user/.m2/repository/com/fasterxml/jackson/core/jackson-databind/2.9.5/jackson-databind-2.9.5.jar:/home/user/.m2/repository/org/apache/hadoop/hadoop-kms/3.2.0/hadoop-kms-3.2.0-tests.jar:/home/user/.m2/repository/org/apache/hadoop/hadoop-hdds-server-scm/0.5.0-SNAPSHOT/hadoop-hdds-server-scm-0.5.0-SNAPSHOT-tests.jar:/home/user/.m2/repository/org/apache/hadoop/hadoop-hdds-container-service/0.5.0-SNAPSHOT/hadoop-hdds-container-service-0.5.0-SNAPSHOT-tests.jar:/home/user/.m2/repository/org/yaml/snakeyaml/1.16/snakeyaml-1.16.jar:/home/user/.m2/repository/org/apache/hadoop/hadoop-common/3.2.0/hadoop-common-3.2.0-tests.jar:/home/user/.m2/repository/org/apache/hadoop/hadoop-annotations/3.2.0/hadoop-annotations-3.2.0.jar:/usr/lib/jvm/java-1.8-openjdk/jre/../lib/tools.jar:/home/user/.m2/repository/commons-cli/commons-cli/1.2/commons-cli-1.2.jar:/home/user/.m2/repository/org/apache/httpcomponents/httpclient/4.5.2/httpclient-4.5.2.jar:/home/user/.m2/repository/org/apache/httpcomponents/httpcore/4.4.4/httpcore-4.4.4.jar:/home/user/.m2/repository/commons-codec/commons-codec/1.11/commons-codec-1.11.jar:/home/user/.m2/repository/commons-net/commons-net/3.6/commons-net-3.6.jar:/home/user/.m2/repository/commons-collections/commons-collections/3.2.2/commons-collections-3.2.2.jar:/home/user/.m2/repository/org/eclipse/jetty/jetty-servlet/9.3.24.v20180605/jetty-servlet-9.3.24.v20180605.jar:/home/user/.m2/repository/org/eclipse/jetty/jetty-security/9.3.24.v20180605/jetty-security-9.3.24.v20180605.jar:/home/user/.m2/repository/javax/servlet/jsp/jsp-api/2.1/jsp-api-2.1.jar:/home/user/.m2/repository/com/sun/jersey/jersey-servlet/1.19/jersey-servlet-1.19.jar:/home/user/.m2/repository/com/sun/jersey/jersey-json/1.19/jersey-json-1.19.jar:/home/user/.m2/repository/org/codehaus/jettison/jettison/1.1/jettison-1.1.jar:/home/user/.m2/repository/org/codehaus/jackson/jackson-core-asl/1.9.13/jackson-core-asl-1.9.13.jar:/home/user/.m2/repository/org/codehaus/jackson/jackson-mapper-asl/1.9.13/jackson-mapper-asl-1.9.13.jar:/home/user/.m2/repository/org/codehaus/jackson/jackson-jaxrs/1.9.13/jackson-jaxrs-1.9.13.jar:/home/user/.m2/repository/org/codehaus/jackson/jackson-xc/1.9.13/jackson-xc-1.9.13.jar:/home/user/.m2/repository/commons-logging/commons-logging/1.1.3/commons-logging-1.1.3.jar:/home/user/.m2/repository/commons-beanutils/commons-beanutils/1.9.3/commons-beanutils-1.9.3.jar:/home/user/.m2/repository/org/apache/commons/commons-configuration2/2.1.1/commons-configuration2-2.1.1.jar:/home/user/.m2/repository/org/apache/commons/commons-lang3/3.7/commons-lang3-3.7.jar:/home/user/.m2/repository/org/apache/commons/commons-text/1.4/commons-text-1.4.jar:/home/user/.m2/repository/org/apache/avro/avro/1.7.7/avro-1.7.7.jar:/home/user/.m2/repository/com/thoughtworks/paranamer/paranamer/2.3/paranamer-2.3.jar:/home/user/.m2/repository/org/xerial/snappy/snappy-java/1.0.5/snappy-java-1.0.5.jar:/home/user/.m2/repository/com/google/re2j/re2j/1.1/re2j-1.1.jar:/home/user/.m2/repository/com/google/code/gson/gson/2.2.4/gson-2.2.4.jar:/home/user/.m2/repository/com/jcraft/jsch/0.1.54/jsch-0.1.54.jar:/home/user/.m2/repository/org/apache/curator/curator-client/2.12.0/curator-client-2.12.0.jar:/home/user/.m2/repository/org/apache/curator/curator-recipes/2.12.0/curator-recipes-2.12.0.jar:/home/user/.m2/repository/com/google/code/findbugs/jsr305/3.0.0/jsr305-3.0.0.jar:/home/user/.m2/repository/org/apache/htrace/htrace-core4/4.1.0-incubating/htrace-core4-4.1.0-incubating.jar:/home/user/.m2/repository/org/apache/zookeeper/zookeeper/3.4.13/zookeeper-3.4.13.jar:/home/user/.m2/repository/org/apache/yetus/audience-annotations/0.5.0/audience-annotations-0.5.0.jar:/home/user/.m2/repository/org/codehaus/woodstox/stax2-api/3.1.4/stax2-api-3.1.4.jar:/home/user/.m2/repository/com/fasterxml/woodstox/woodstox-core/5.0.3/woodstox-core-5.0.3.jar:/home/user/.m2/repository/dnsjava/dnsjava/2.1.7/dnsjava-2.1.7.jar:/home/user/.m2/repository/org/apache/hadoop/hadoop-hdfs/3.2.0/hadoop-hdfs-3.2.0-tests.jar:/home/user/.m2/repository/org/eclipse/jetty/jetty-util-ajax/9.3.24.v20180605/jetty-util-ajax-9.3.24.v20180605.jar:/home/user/.m2/repository/commons-daemon/commons-daemon/1.0.13/commons-daemon-1.0.13.jar:/home/user/.m2/repository/io/netty/netty/3.10.5.Final/netty-3.10.5.Final.jar:/home/user/.m2/repository/io/netty/netty-all/4.0.52.Final/netty-all-4.0.52.Final.jar:/home/user/.m2/repository/org/fusesource/leveldbjni/leveldbjni-all/1.8/leveldbjni-all-1.8.jar:"/>
    <property name="sun.cpu.endian" value="little"/>
    <property name="user.home" value="/home/user"/>
    <property name="user.language" value="en"/>
    <property name="java.specification.vendor" value="Oracle Corporation"/>
    <property name="java.home" value="/usr/lib/jvm/java-1.8-openjdk/jre"/>
    <property name="java.security.krb5.conf" value="/workdir/hadoop-ozone/integration-test/target/test-classes/krb5.conf"/>
    <property name="basedir" value="/workdir/hadoop-ozone/integration-test"/>
    <property name="file.separator" value="/"/>
    <property name="line.separator" value="&#10;"/>
    <property name="java.vm.specification.vendor" value="Oracle Corporation"/>
    <property name="java.specification.name" value="Java Platform API Specification"/>
    <property name="java.awt.graphicsenv" value="sun.awt.X11GraphicsEnvironment"/>
    <property name="surefire.real.class.path" value="/workdir/hadoop-ozone/integration-test/target/surefire/surefirebooter5787017065299426771.jar"/>
    <property name="hadoop.log.dir" value="/workdir/hadoop-ozone/integration-test/target/log"/>
    <property name="sun.boot.class.path" value="/usr/lib/jvm/java-1.8-openjdk/jre/lib/resources.jar:/usr/lib/jvm/java-1.8-openjdk/jre/lib/rt.jar:/usr/lib/jvm/java-1.8-openjdk/jre/lib/sunrsasign.jar:/usr/lib/jvm/java-1.8-openjdk/jre/lib/jsse.jar:/usr/lib/jvm/java-1.8-openjdk/jre/lib/jce.jar:/usr/lib/jvm/java-1.8-openjdk/jre/lib/charsets.jar:/usr/lib/jvm/java-1.8-openjdk/jre/lib/jfr.jar:/usr/lib/jvm/java-1.8-openjdk/jre/classes"/>
    <property name="sun.management.compiler" value="HotSpot 64-Bit Tiered Compilers"/>
    <property name="java.runtime.version" value="1.8.0_212-b04"/>
    <property name="java.net.preferIPv4Stack" value="true"/>
    <property name="user.name" value="jenkins1000"/>
    <property name="path.separator" value=":"/>
    <property name="java.security.egd" value="file:///dev/urandom"/>
    <property name="os.version" value="3.10.0-957.12.2.el7.x86_64"/>
    <property name="java.endorsed.dirs" value="/usr/lib/jvm/java-1.8-openjdk/jre/lib/endorsed"/>
    <property name="java.runtime.name" value="OpenJDK Runtime Environment"/>
    <property name="file.encoding" value="UTF-8"/>
    <property name="java.vm.name" value="OpenJDK 64-Bit Server VM"/>
    <property name="test.build.webapps" value=""/>
    <property name="localRepository" value="/home/user/.m2/repository"/>
    <property name="java.vendor.url.bug" value="https://icedtea.classpath.org/bugzilla"/>
    <property name="java.io.tmpdir" value="/tmp"/>
    <property name="require.test.libhadoop" value=""/>
    <property name="java.version" value="1.8.0_212"/>
    <property name="user.dir" value="/workdir/hadoop-ozone/integration-test"/>
    <property name="os.arch" value="amd64"/>
    <property name="java.vm.specification.name" value="Java Virtual Machine Specification"/>
    <property name="test.build.classes" value="/workdir/hadoop-ozone/integration-test/target/test-classes"/>
    <property name="java.awt.printerjob" value="sun.print.PSPrinterJob"/>
    <property name="sun.os.patch.level" value="unknown"/>
    <property name="hadoop.tmp.dir" value="/workdir/hadoop-ozone/integration-test/target/tmp"/>
    <property name="java.library.path" value="/usr/lib/jvm/java-1.8-openjdk/jre/lib/amd64/server:/usr/lib/jvm/java-1.8-openjdk/jre/lib/amd64:/usr/lib/jvm/java-1.8-openjdk/jre/../lib/amd64:/workdir/hadoop-ozone/integration-test/target/native/target/usr/local/lib:/workdir/hadoop-ozone/integration-test/../../hadoop-common-project/hadoop-common/target/native/target/usr/local/lib:/usr/java/packages/lib/amd64:/usr/lib64:/lib64:/lib:/usr/lib"/>
    <property name="java.vm.info" value="mixed mode"/>
    <property name="java.vendor" value="IcedTea"/>
    <property name="java.vm.version" value="25.212-b04"/>
    <property name="java.ext.dirs" value="/usr/lib/jvm/java-1.8-openjdk/jre/lib/ext:/usr/java/packages/lib/ext"/>
    <property name="sun.io.unicode.encoding" value="UnicodeLittle"/>
    <property name="java.class.version" value="52.0"/>
  </properties>
  <testcase name="testMultiBlockWritesWithIntermittentDnFailures" classname="org.apache.hadoop.ozone.client.rpc.TestMultiBlockWritesWithDnFailures" time="102.737">
    <error message="Allocated 0 blocks. Requested 1 blocks" type="INTERNAL_ERROR org.apache.hadoop.ozone.om.exceptions.OMException">INTERNAL_ERROR org.apache.hadoop.ozone.om.exceptions.OMException: Allocated 0 blocks. Requested 1 blocks
	at org.apache.hadoop.ozone.om.protocolPB.OzoneManagerProtocolClientSideTranslatorPB.handleError(OzoneManagerProtocolClientSideTranslatorPB.java:725)
	at org.apache.hadoop.ozone.om.protocolPB.OzoneManagerProtocolClientSideTranslatorPB.allocateBlock(OzoneManagerProtocolClientSideTranslatorPB.java:757)
	at org.apache.hadoop.ozone.client.io.BlockOutputStreamEntryPool.allocateNewBlock(BlockOutputStreamEntryPool.java:248)
	at org.apache.hadoop.ozone.client.io.BlockOutputStreamEntryPool.allocateBlockIfNeeded(BlockOutputStreamEntryPool.java:296)
	at org.apache.hadoop.ozone.client.io.KeyOutputStream.handleWrite(KeyOutputStream.java:201)
	at org.apache.hadoop.ozone.client.io.KeyOutputStream.handleRetry(KeyOutputStream.java:376)
	at org.apache.hadoop.ozone.client.io.KeyOutputStream.handleException(KeyOutputStream.java:325)
	at org.apache.hadoop.ozone.client.io.KeyOutputStream.handleWrite(KeyOutputStream.java:231)
	at org.apache.hadoop.ozone.client.io.KeyOutputStream.write(KeyOutputStream.java:193)
	at org.apache.hadoop.ozone.client.io.OzoneOutputStream.write(OzoneOutputStream.java:49)
	at java.io.OutputStream.write(OutputStream.java:75)
	at org.apache.hadoop.ozone.client.rpc.TestMultiBlockWritesWithDnFailures.testMultiBlockWritesWithIntermittentDnFailures(TestMultiBlockWritesWithDnFailures.java:192)
	at sun.reflect.NativeMethodAccessorImpl.invoke0(Native Method)
	at sun.reflect.NativeMethodAccessorImpl.invoke(NativeMethodAccessorImpl.java:62)
	at sun.reflect.DelegatingMethodAccessorImpl.invoke(DelegatingMethodAccessorImpl.java:43)
	at java.lang.reflect.Method.invoke(Method.java:498)
	at org.junit.runners.model.FrameworkMethod$1.runReflectiveCall(FrameworkMethod.java:47)
	at org.junit.internal.runners.model.ReflectiveCallable.run(ReflectiveCallable.java:12)
	at org.junit.runners.model.FrameworkMethod.invokeExplosively(FrameworkMethod.java:44)
	at org.junit.internal.runners.statements.InvokeMethod.evaluate(InvokeMethod.java:17)
	at org.junit.internal.runners.statements.RunAfters.evaluate(RunAfters.java:27)
	at org.junit.runners.ParentRunner.runLeaf(ParentRunner.java:271)
	at org.junit.runners.BlockJUnit4ClassRunner.runChild(BlockJUnit4ClassRunner.java:70)
	at org.junit.runners.BlockJUnit4ClassRunner.runChild(BlockJUnit4ClassRunner.java:50)
	at org.junit.runners.ParentRunner$3.run(ParentRunner.java:238)
	at org.junit.runners.ParentRunner$1.schedule(ParentRunner.java:63)
	at org.junit.runners.ParentRunner.runChildren(ParentRunner.java:236)
	at org.junit.runners.ParentRunner.access$000(ParentRunner.java:53)
	at org.junit.runners.ParentRunner$2.evaluate(ParentRunner.java:229)
	at org.junit.runners.ParentRunner.run(ParentRunner.java:309)
	at org.apache.maven.surefire.junit4.JUnit4Provider.execute(JUnit4Provider.java:365)
	at org.apache.maven.surefire.junit4.JUnit4Provider.executeWithRerun(JUnit4Provider.java:273)
	at org.apache.maven.surefire.junit4.JUnit4Provider.executeTestSet(JUnit4Provider.java:238)
	at org.apache.maven.surefire.junit4.JUnit4Provider.invoke(JUnit4Provider.java:159)
	at org.apache.maven.surefire.booter.ForkedBooter.invokeProviderInSameClassLoader(ForkedBooter.java:384)
	at org.apache.maven.surefire.booter.ForkedBooter.runSuitesInProcess(ForkedBooter.java:345)
	at org.apache.maven.surefire.booter.ForkedBooter.execute(ForkedBooter.java:126)
	at org.apache.maven.surefire.booter.ForkedBooter.main(ForkedBooter.java:418)
</error>
    <system-out><![CDATA[2019-09-11 21:55:31,412 [main] WARN  server.ServerUtils (ServerUtils.java:getScmDbDir(145)) - ozone.scm.db.dirs is not configured. We recommend adding this setting. Falling back to ozone.metadata.dirs instead.
2019-09-11 21:55:31,498 [main] WARN  server.ServerUtils (ServerUtils.java:getScmDbDir(145)) - ozone.scm.db.dirs is not configured. We recommend adding this setting. Falling back to ozone.metadata.dirs instead.
2019-09-11 21:55:31,501 [main] WARN  server.ServerUtils (ServerUtils.java:getScmDbDir(145)) - ozone.scm.db.dirs is not configured. We recommend adding this setting. Falling back to ozone.metadata.dirs instead.
2019-09-11 21:55:31,516 [main] INFO  util.log (Log.java:initialized(192)) - Logging initialized @871ms
2019-09-11 21:55:31,608 [main] INFO  db.DBStoreBuilder (DBStoreBuilder.java:addTable(110)) - using custom profile for table: deletedBlocks
2019-09-11 21:55:31,609 [main] INFO  db.DBStoreBuilder (DBStoreBuilder.java:processTables(161)) - Using default column profile:DBProfile.DISK for Table:deletedBlocks
2019-09-11 21:55:31,609 [main] INFO  db.DBStoreBuilder (DBStoreBuilder.java:addTable(110)) - using custom profile for table: validCerts
2019-09-11 21:55:31,610 [main] INFO  db.DBStoreBuilder (DBStoreBuilder.java:processTables(161)) - Using default column profile:DBProfile.DISK for Table:validCerts
2019-09-11 21:55:31,610 [main] INFO  db.DBStoreBuilder (DBStoreBuilder.java:addTable(110)) - using custom profile for table: revokedCerts
2019-09-11 21:55:31,611 [main] INFO  db.DBStoreBuilder (DBStoreBuilder.java:processTables(161)) - Using default column profile:DBProfile.DISK for Table:revokedCerts
2019-09-11 21:55:31,629 [main] INFO  db.DBStoreBuilder (DBStoreBuilder.java:addTable(110)) - using custom profile for table: default
2019-09-11 21:55:31,629 [main] INFO  db.DBStoreBuilder (DBStoreBuilder.java:processTables(167)) - Using default column profile:DBProfile.DISK for Table:default
2019-09-11 21:55:31,631 [main] INFO  db.DBStoreBuilder (DBStoreBuilder.java:getDbProfile(198)) - Using default options. DBProfile.DISK
2019-09-11 21:55:31,955 [main] INFO  net.NodeSchemaLoader (NodeSchemaLoader.java:loadSchemaFromFile(125)) - Loading file from sun.misc.CompoundEnumeration@3270d194
2019-09-11 21:55:31,957 [main] INFO  net.NodeSchemaLoader (NodeSchemaLoader.java:loadSchema(171)) - Loading network topology layer schema file
2019-09-11 21:55:32,029 [main] INFO  node.SCMNodeManager (SCMNodeManager.java:<init>(114)) - Entering startup safe mode.
2019-09-11 21:55:32,105 [main] INFO  algorithms.ContainerPlacementPolicyFactory (ContainerPlacementPolicyFactory.java:getPolicy(57)) - Create container placement policy of type org.apache.hadoop.hdds.scm.container.placement.algorithms.SCMContainerPlacementRandom
2019-09-11 21:55:32,119 [main] WARN  server.ServerUtils (ServerUtils.java:getScmDbDir(145)) - ozone.scm.db.dirs is not configured. We recommend adding this setting. Falling back to ozone.metadata.dirs instead.
2019-09-11 21:55:32,220 [main] INFO  pipeline.SCMPipelineManager (SCMPipelineManager.java:initializePipelineState(128)) - No pipeline exists in current db
2019-09-11 21:55:32,222 [main] WARN  server.ServerUtils (ServerUtils.java:getScmDbDir(145)) - ozone.scm.db.dirs is not configured. We recommend adding this setting. Falling back to ozone.metadata.dirs instead.
2019-09-11 21:55:32,390 [main] WARN  events.EventQueue (EventQueue.java:fireEvent(183)) - No event handler registered for event TypedEvent{payloadType=SafeModeStatus, name='SafeModeStatus'}
2019-09-11 21:55:32,754 [main] INFO  ipc.CallQueueManager (CallQueueManager.java:<init>(84)) - Using callQueue: class java.util.concurrent.LinkedBlockingQueue, queueCapacity: 2000, scheduler: class org.apache.hadoop.ipc.DefaultRpcScheduler, ipcBackoff: false.
2019-09-11 21:55:32,783 [Socket Reader #1 for port 35398] INFO  ipc.Server (Server.java:run(1074)) - Starting Socket Reader #1 for port 35398
2019-09-11 21:55:32,959 [main] INFO  ipc.CallQueueManager (CallQueueManager.java:<init>(84)) - Using callQueue: class java.util.concurrent.LinkedBlockingQueue, queueCapacity: 2000, scheduler: class org.apache.hadoop.ipc.DefaultRpcScheduler, ipcBackoff: false.
2019-09-11 21:55:32,960 [Socket Reader #1 for port 37293] INFO  ipc.Server (Server.java:run(1074)) - Starting Socket Reader #1 for port 37293
2019-09-11 21:55:32,971 [main] INFO  ipc.CallQueueManager (CallQueueManager.java:<init>(84)) - Using callQueue: class java.util.concurrent.LinkedBlockingQueue, queueCapacity: 2000, scheduler: class org.apache.hadoop.ipc.DefaultRpcScheduler, ipcBackoff: false.
2019-09-11 21:55:32,972 [Socket Reader #1 for port 45201] INFO  ipc.Server (Server.java:run(1074)) - Starting Socket Reader #1 for port 45201
2019-09-11 21:55:33,001 [main] INFO  hdfs.DFSUtil (DFSUtil.java:httpServerTemplateForNNAndJN(1641)) - Starting Web-server for scm at: http://0.0.0.0:0
2019-09-11 21:55:33,198 [main] INFO  server.AuthenticationFilter (AuthenticationFilter.java:constructSecretProvider(240)) - Unable to initialize FileSignerSecretProvider, falling back to use random secrets.
2019-09-11 21:55:33,207 [main] WARN  http.HttpRequestLog (HttpRequestLog.java:getRequestLog(97)) - Jetty request log can only be enabled using Log4j
2019-09-11 21:55:33,215 [main] INFO  http.HttpServer2 (HttpServer2.java:addGlobalFilter(975)) - Added global filter 'safety' (class=org.apache.hadoop.http.HttpServer2$QuotingInputFilter)
2019-09-11 21:55:33,218 [main] INFO  http.HttpServer2 (HttpServer2.java:addFilter(948)) - Added filter static_user_filter (class=org.apache.hadoop.http.lib.StaticUserWebFilter$StaticUserFilter) to context scm
2019-09-11 21:55:33,218 [main] INFO  http.HttpServer2 (HttpServer2.java:addFilter(958)) - Added filter static_user_filter (class=org.apache.hadoop.http.lib.StaticUserWebFilter$StaticUserFilter) to context logs
2019-09-11 21:55:33,219 [main] INFO  http.HttpServer2 (HttpServer2.java:addFilter(958)) - Added filter static_user_filter (class=org.apache.hadoop.http.lib.StaticUserWebFilter$StaticUserFilter) to context static
2019-09-11 21:55:33,250 [main] INFO  server.StorageContainerManager (StorageContainerManager.java:start(763)) - StorageContainerLocationProtocol RPC server is listening at /0.0.0.0:45201
2019-09-11 21:55:33,310 [main] WARN  impl.MetricsConfig (MetricsConfig.java:loadFirst(134)) - Cannot locate configuration: tried hadoop-metrics2-storagecontainermanager.properties,hadoop-metrics2.properties
2019-09-11 21:55:33,324 [main] INFO  impl.MetricsSystemImpl (MetricsSystemImpl.java:startTimer(374)) - Scheduled Metric snapshot period at 10 second(s).
2019-09-11 21:55:33,325 [main] INFO  impl.MetricsSystemImpl (MetricsSystemImpl.java:start(191)) - StorageContainerManager metrics system started
2019-09-11 21:55:33,555 [main] INFO  server.SCMClientProtocolServer (SCMClientProtocolServer.java:start(151)) - RPC server for Client  is listening at /0.0.0.0:45201
2019-09-11 21:55:33,556 [IPC Server Responder] INFO  ipc.Server (Server.java:run(1314)) - IPC Server Responder: starting
2019-09-11 21:55:33,556 [IPC Server listener on 45201] INFO  ipc.Server (Server.java:run(1153)) - IPC Server listener on 45201: starting
2019-09-11 21:55:33,559 [main] INFO  server.StorageContainerManager (StorageContainerManager.java:start(773)) - ScmBlockLocationProtocol RPC server is listening at /0.0.0.0:37293
2019-09-11 21:55:33,561 [main] INFO  server.SCMBlockProtocolServer (SCMBlockProtocolServer.java:start(146)) - RPC server for Block Protocol is listening at /0.0.0.0:37293
2019-09-11 21:55:33,561 [IPC Server Responder] INFO  ipc.Server (Server.java:run(1314)) - IPC Server Responder: starting
2019-09-11 21:55:33,561 [IPC Server listener on 37293] INFO  ipc.Server (Server.java:run(1153)) - IPC Server listener on 37293: starting
2019-09-11 21:55:33,564 [main] INFO  server.StorageContainerManager (StorageContainerManager.java:start(777)) - ScmDatanodeProtocl RPC server is listening at /0.0.0.0:35398
2019-09-11 21:55:33,564 [main] INFO  server.SCMDatanodeProtocolServer (SCMDatanodeProtocolServer.java:start(191)) - RPC server for DataNodes is listening at /0.0.0.0:35398
2019-09-11 21:55:33,564 [IPC Server Responder] INFO  ipc.Server (Server.java:run(1314)) - IPC Server Responder: starting
2019-09-11 21:55:33,564 [IPC Server listener on 35398] INFO  ipc.Server (Server.java:run(1153)) - IPC Server listener on 35398: starting
2019-09-11 21:55:33,568 [main] INFO  http.HttpServer2 (HttpServer2.java:bindListener(1191)) - Jetty bound to port 36378
2019-09-11 21:55:33,570 [main] INFO  server.Server (Server.java:doStart(351)) - jetty-9.3.24.v20180605, build timestamp: 2018-06-05T17:11:56Z, git hash: 84205aa28f11a4f31f2a3b86d1bba2cc8ab69827
2019-09-11 21:55:33,609 [main] INFO  handler.ContextHandler (ContextHandler.java:doStart(781)) - Started o.e.j.s.ServletContextHandler@732f29af{/logs,file:///workdir/hadoop-ozone/integration-test/target/log,AVAILABLE}
2019-09-11 21:55:33,610 [main] INFO  handler.ContextHandler (ContextHandler.java:doStart(781)) - Started o.e.j.s.ServletContextHandler@6622fc65{/static,file:///workdir/hadoop-ozone/integration-test/target/test-classes/webapps/static,AVAILABLE}
2019-09-11 21:55:33,644 [main] INFO  handler.ContextHandler (ContextHandler.java:doStart(781)) - Started o.e.j.w.WebAppContext@7555b920{/,file:///workdir/hadoop-ozone/integration-test/target/test-classes/webapps/scm/,AVAILABLE}{/scm}
2019-09-11 21:55:33,650 [main] INFO  server.AbstractConnector (AbstractConnector.java:doStart(278)) - Started ServerConnector@6db66836{HTTP/1.1,[http/1.1]}{0.0.0.0:36378}
2019-09-11 21:55:33,650 [main] INFO  server.Server (Server.java:doStart(419)) - Started @3005ms
2019-09-11 21:55:33,652 [main] INFO  impl.MetricsSinkAdapter (MetricsSinkAdapter.java:start(204)) - Sink prometheus started
2019-09-11 21:55:33,652 [main] INFO  impl.MetricsSystemImpl (MetricsSystemImpl.java:registerSink(301)) - Registered sink prometheus
2019-09-11 21:55:33,655 [main] INFO  server.BaseHttpServer (BaseHttpServer.java:updateConnectorAddress(215)) - HTTP server of SCM is listening at http://0.0.0.0:36378
2019-09-11 21:55:33,661 [org.apache.hadoop.util.JvmPauseMonitor$Monitor@78461bc4] INFO  util.JvmPauseMonitor (JvmPauseMonitor.java:run(188)) - Starting JVM pause monitor
2019-09-11 21:55:33,663 [main] WARN  server.ServerUtils (ServerUtils.java:getDBPath(222)) - ozone.om.db.dirs is not configured. We recommend adding this setting. Falling back to ozone.metadata.dirs instead.
2019-09-11 21:55:33,767 [main] WARN  server.ServerUtils (ServerUtils.java:getDBPath(222)) - ozone.om.db.dirs is not configured. We recommend adding this setting. Falling back to ozone.metadata.dirs instead.
2019-09-11 21:55:33,768 [main] WARN  server.ServerUtils (ServerUtils.java:getDBPath(222)) - ozone.om.db.dirs is not configured. We recommend adding this setting. Falling back to ozone.metadata.dirs instead.
2019-09-11 21:55:33,769 [main] INFO  om.OzoneManager (OzoneManager.java:setOMNodeDetails(649)) - OM Service ID is not set. Setting it to the default ID: omServiceIdDefault
2019-09-11 21:55:33,769 [main] INFO  om.OzoneManager (OzoneManager.java:setOMNodeDetails(655)) - OM Node ID is not set. Setting it to the OmStorage's OmID: 3dbc2846-c4b7-40e3-a713-2bcd2bb8a880
2019-09-11 21:55:33,770 [main] INFO  om.OzoneManager (OzoneManager.java:loadOMHAConfigs(606)) - Found matching OM address with OMServiceId: null, OMNodeId: null, RPC Address: localhost:0 and Ratis port: 9872
2019-09-11 21:55:34,485 [main] WARN  server.ServerUtils (ServerUtils.java:getDBPath(222)) - ozone.om.db.dirs is not configured. We recommend adding this setting. Falling back to ozone.metadata.dirs instead.
2019-09-11 21:55:34,493 [main] INFO  db.DBStoreBuilder (DBStoreBuilder.java:addTable(110)) - using custom profile for table: userTable
2019-09-11 21:55:34,493 [main] INFO  db.DBStoreBuilder (DBStoreBuilder.java:processTables(161)) - Using default column profile:DBProfile.DISK for Table:userTable
2019-09-11 21:55:34,493 [main] INFO  db.DBStoreBuilder (DBStoreBuilder.java:addTable(110)) - using custom profile for table: volumeTable
2019-09-11 21:55:34,494 [main] INFO  db.DBStoreBuilder (DBStoreBuilder.java:processTables(161)) - Using default column profile:DBProfile.DISK for Table:volumeTable
2019-09-11 21:55:34,494 [main] INFO  db.DBStoreBuilder (DBStoreBuilder.java:addTable(110)) - using custom profile for table: bucketTable
2019-09-11 21:55:34,494 [main] INFO  db.DBStoreBuilder (DBStoreBuilder.java:processTables(161)) - Using default column profile:DBProfile.DISK for Table:bucketTable
2019-09-11 21:55:34,495 [main] INFO  db.DBStoreBuilder (DBStoreBuilder.java:addTable(110)) - using custom profile for table: keyTable
2019-09-11 21:55:34,495 [main] INFO  db.DBStoreBuilder (DBStoreBuilder.java:processTables(161)) - Using default column profile:DBProfile.DISK for Table:keyTable
2019-09-11 21:55:34,495 [main] INFO  db.DBStoreBuilder (DBStoreBuilder.java:addTable(110)) - using custom profile for table: deletedTable
2019-09-11 21:55:34,495 [main] INFO  db.DBStoreBuilder (DBStoreBuilder.java:processTables(161)) - Using default column profile:DBProfile.DISK for Table:deletedTable
2019-09-11 21:55:34,496 [main] INFO  db.DBStoreBuilder (DBStoreBuilder.java:addTable(110)) - using custom profile for table: openKeyTable
2019-09-11 21:55:34,496 [main] INFO  db.DBStoreBuilder (DBStoreBuilder.java:processTables(161)) - Using default column profile:DBProfile.DISK for Table:openKeyTable
2019-09-11 21:55:34,496 [main] INFO  db.DBStoreBuilder (DBStoreBuilder.java:addTable(110)) - using custom profile for table: s3Table
2019-09-11 21:55:34,496 [main] INFO  db.DBStoreBuilder (DBStoreBuilder.java:processTables(161)) - Using default column profile:DBProfile.DISK for Table:s3Table
2019-09-11 21:55:34,497 [main] INFO  db.DBStoreBuilder (DBStoreBuilder.java:addTable(110)) - using custom profile for table: multipartInfoTable
2019-09-11 21:55:34,497 [main] INFO  db.DBStoreBuilder (DBStoreBuilder.java:processTables(161)) - Using default column profile:DBProfile.DISK for Table:multipartInfoTable
2019-09-11 21:55:34,497 [main] INFO  db.DBStoreBuilder (DBStoreBuilder.java:addTable(110)) - using custom profile for table: dTokenTable
2019-09-11 21:55:34,497 [main] INFO  db.DBStoreBuilder (DBStoreBuilder.java:processTables(161)) - Using default column profile:DBProfile.DISK for Table:dTokenTable
2019-09-11 21:55:34,498 [main] INFO  db.DBStoreBuilder (DBStoreBuilder.java:addTable(110)) - using custom profile for table: s3SecretTable
2019-09-11 21:55:34,498 [main] INFO  db.DBStoreBuilder (DBStoreBuilder.java:processTables(161)) - Using default column profile:DBProfile.DISK for Table:s3SecretTable
2019-09-11 21:55:34,498 [main] INFO  db.DBStoreBuilder (DBStoreBuilder.java:addTable(110)) - using custom profile for table: prefixTable
2019-09-11 21:55:34,498 [main] INFO  db.DBStoreBuilder (DBStoreBuilder.java:processTables(161)) - Using default column profile:DBProfile.DISK for Table:prefixTable
2019-09-11 21:55:34,499 [main] INFO  db.DBStoreBuilder (DBStoreBuilder.java:addTable(110)) - using custom profile for table: default
2019-09-11 21:55:34,499 [main] INFO  db.DBStoreBuilder (DBStoreBuilder.java:processTables(167)) - Using default column profile:DBProfile.DISK for Table:default
2019-09-11 21:55:34,499 [main] INFO  db.DBStoreBuilder (DBStoreBuilder.java:getDbProfile(198)) - Using default options. DBProfile.DISK
2019-09-11 21:55:35,185 [main] INFO  ipc.CallQueueManager (CallQueueManager.java:<init>(84)) - Using callQueue: class java.util.concurrent.LinkedBlockingQueue, queueCapacity: 2000, scheduler: class org.apache.hadoop.ipc.DefaultRpcScheduler, ipcBackoff: false.
2019-09-11 21:55:35,186 [Socket Reader #1 for port 46597] INFO  ipc.Server (Server.java:run(1074)) - Starting Socket Reader #1 for port 46597
2019-09-11 21:55:35,208 [main] INFO  om.OzoneManager (OzoneManager.java:start(1240)) - OzoneManager RPC server is listening at localhost/127.0.0.1:46597
2019-09-11 21:55:35,208 [main] INFO  impl.MetricsSystemImpl (MetricsSystemImpl.java:init(158)) - OzoneManager metrics system started (again)
2019-09-11 21:55:35,209 [IPC Server Responder] INFO  ipc.Server (Server.java:run(1314)) - IPC Server Responder: starting
2019-09-11 21:55:35,209 [IPC Server listener on 46597] INFO  ipc.Server (Server.java:run(1153)) - IPC Server listener on 46597: starting
2019-09-11 21:55:35,215 [main] INFO  hdfs.DFSUtil (DFSUtil.java:httpServerTemplateForNNAndJN(1641)) - Starting Web-server for ozoneManager at: http://0.0.0.0:0
2019-09-11 21:55:35,216 [main] INFO  server.AuthenticationFilter (AuthenticationFilter.java:constructSecretProvider(240)) - Unable to initialize FileSignerSecretProvider, falling back to use random secrets.
2019-09-11 21:55:35,217 [main] WARN  http.HttpRequestLog (HttpRequestLog.java:getRequestLog(97)) - Jetty request log can only be enabled using Log4j
2019-09-11 21:55:35,220 [main] INFO  http.HttpServer2 (HttpServer2.java:addGlobalFilter(975)) - Added global filter 'safety' (class=org.apache.hadoop.http.HttpServer2$QuotingInputFilter)
2019-09-11 21:55:35,222 [main] INFO  http.HttpServer2 (HttpServer2.java:addFilter(948)) - Added filter static_user_filter (class=org.apache.hadoop.http.lib.StaticUserWebFilter$StaticUserFilter) to context ozoneManager
2019-09-11 21:55:35,222 [main] INFO  http.HttpServer2 (HttpServer2.java:addFilter(958)) - Added filter static_user_filter (class=org.apache.hadoop.http.lib.StaticUserWebFilter$StaticUserFilter) to context logs
2019-09-11 21:55:35,222 [main] INFO  http.HttpServer2 (HttpServer2.java:addFilter(958)) - Added filter static_user_filter (class=org.apache.hadoop.http.lib.StaticUserWebFilter$StaticUserFilter) to context static
2019-09-11 21:55:35,225 [main] INFO  http.HttpServer2 (HttpServer2.java:bindListener(1191)) - Jetty bound to port 33435
2019-09-11 21:55:35,226 [main] INFO  server.Server (Server.java:doStart(351)) - jetty-9.3.24.v20180605, build timestamp: 2018-06-05T17:11:56Z, git hash: 84205aa28f11a4f31f2a3b86d1bba2cc8ab69827
2019-09-11 21:55:35,228 [main] INFO  handler.ContextHandler (ContextHandler.java:doStart(781)) - Started o.e.j.s.ServletContextHandler@25d3cfc8{/logs,file:///workdir/hadoop-ozone/integration-test/target/log,AVAILABLE}
2019-09-11 21:55:35,229 [main] INFO  handler.ContextHandler (ContextHandler.java:doStart(781)) - Started o.e.j.s.ServletContextHandler@2571066a{/static,file:///workdir/hadoop-ozone/integration-test/target/test-classes/webapps/static,AVAILABLE}
2019-09-11 21:55:35,237 [main] INFO  handler.ContextHandler (ContextHandler.java:doStart(781)) - Started o.e.j.w.WebAppContext@444548a0{/,file:///workdir/hadoop-ozone/integration-test/target/test-classes/webapps/ozoneManager/,AVAILABLE}{/ozoneManager}
2019-09-11 21:55:35,239 [main] INFO  server.AbstractConnector (AbstractConnector.java:doStart(278)) - Started ServerConnector@3766c667{HTTP/1.1,[http/1.1]}{0.0.0.0:33435}
2019-09-11 21:55:35,240 [main] INFO  server.Server (Server.java:doStart(419)) - Started @4595ms
2019-09-11 21:55:35,240 [main] WARN  impl.MetricsSystemImpl (MetricsSystemImpl.java:register(276)) - Sink prometheus already exists!
2019-09-11 21:55:35,241 [main] INFO  server.BaseHttpServer (BaseHttpServer.java:updateConnectorAddress(215)) - HTTP server of OZONEMANAGER is listening at http://0.0.0.0:33435
2019-09-11 21:55:35,566 [main] INFO  impl.MetricsSystemImpl (MetricsSystemImpl.java:init(158)) - HddsDatanode metrics system started (again)
2019-09-11 21:55:35,615 [main] INFO  ozone.HddsDatanodeService (HddsDatanodeService.java:start(184)) - HddsDatanodeService host:pr-hdds-2106-g2ln6-2689029927 ip:192.168.34.45
2019-09-11 21:55:35,649 [main] INFO  volume.HddsVolume (HddsVolume.java:<init>(176)) - Creating Volume: /workdir/hadoop-ozone/integration-test/target/test-dir/MiniOzoneClusterImpl-5ea26da2-f48a-485b-abc0-853cbfba6fbc/datanode-0/data/containers/hdds of  storage type : DISK and capacity : 1482555576320
2019-09-11 21:55:35,652 [main] INFO  volume.VolumeSet (VolumeSet.java:initializeVolumeSet(170)) - Added Volume : /workdir/hadoop-ozone/integration-test/target/test-dir/MiniOzoneClusterImpl-5ea26da2-f48a-485b-abc0-853cbfba6fbc/datanode-0/data/containers/hdds to VolumeSet
2019-09-11 21:55:35,657 [main] INFO  volume.ThrottledAsyncChecker (ThrottledAsyncChecker.java:schedule(139)) - Scheduling a check for org.apache.hadoop.ozone.container.common.volume.HddsVolume@7e2f86e6
2019-09-11 21:55:35,684 [main] INFO  volume.HddsVolumeChecker (HddsVolumeChecker.java:checkAllVolumes(202)) - Scheduled health check for volume org.apache.hadoop.ozone.container.common.volume.HddsVolume@7e2f86e6
2019-09-11 21:55:35,820 [main] INFO  impl.RaftServerProxy (ConfUtils.java:logGet(43)) - raft.rpc.type = GRPC (default)
2019-09-11 21:55:35,916 [main] INFO  grpc.GrpcFactory (GrpcFactory.java:checkPooledByteBufAllocatorUseCacheForAllThreads(45)) - PERFORMANCE WARNING: useCacheForAllThreads is true that may cause Netty to create a lot garbage objects and, as a result, trigger GC.
	It is recommended to disable useCacheForAllThreads by setting -Dorg.apache.ratis.thirdparty.io.netty.allocator.useCacheForAllThreads=false in command line.
2019-09-11 21:55:35,923 [main] INFO  grpc.GrpcConfigKeys$Server (ConfUtils.java:logGet(43)) - raft.grpc.server.port = 0 (default)
2019-09-11 21:55:35,925 [main] INFO  server.GrpcService (ConfUtils.java:logGet(43)) - raft.grpc.message.size.max = 33570816 (custom)
2019-09-11 21:55:35,927 [main] INFO  server.RaftServerConfigKeys (ConfUtils.java:logGet(43)) - raft.server.log.appender.buffer.byte-limit = 33554432 (custom)
2019-09-11 21:55:35,928 [main] INFO  server.GrpcService (ConfUtils.java:logGet(43)) - raft.grpc.flow.control.window = 1MB (=1048576) (default)
2019-09-11 21:55:35,929 [main] INFO  server.RaftServerConfigKeys (ConfUtils.java:logGet(43)) - raft.server.rpc.request.timeout = 3000ms (default)
2019-09-11 21:55:36,168 [main] INFO  server.RaftServerConfigKeys (ConfUtils.java:logGet(43)) - raft.server.storage.dir = [/workdir/hadoop-ozone/integration-test/target/test-dir/MiniOzoneClusterImpl-5ea26da2-f48a-485b-abc0-853cbfba6fbc/datanode-0/data/ratis] (custom)
2019-09-11 21:55:36,250 [main] INFO  hdfs.DFSUtil (DFSUtil.java:httpServerTemplateForNNAndJN(1641)) - Starting Web-server for hddsDatanode at: http://0.0.0.0:0
2019-09-11 21:55:36,253 [main] INFO  server.AuthenticationFilter (AuthenticationFilter.java:constructSecretProvider(240)) - Unable to initialize FileSignerSecretProvider, falling back to use random secrets.
2019-09-11 21:55:36,254 [main] WARN  http.HttpRequestLog (HttpRequestLog.java:getRequestLog(97)) - Jetty request log can only be enabled using Log4j
2019-09-11 21:55:36,257 [main] INFO  http.HttpServer2 (HttpServer2.java:addGlobalFilter(975)) - Added global filter 'safety' (class=org.apache.hadoop.http.HttpServer2$QuotingInputFilter)
2019-09-11 21:55:36,258 [main] INFO  http.HttpServer2 (HttpServer2.java:addFilter(948)) - Added filter static_user_filter (class=org.apache.hadoop.http.lib.StaticUserWebFilter$StaticUserFilter) to context hddsDatanode
2019-09-11 21:55:36,258 [main] INFO  http.HttpServer2 (HttpServer2.java:addFilter(958)) - Added filter static_user_filter (class=org.apache.hadoop.http.lib.StaticUserWebFilter$StaticUserFilter) to context logs
2019-09-11 21:55:36,258 [main] INFO  http.HttpServer2 (HttpServer2.java:addFilter(958)) - Added filter static_user_filter (class=org.apache.hadoop.http.lib.StaticUserWebFilter$StaticUserFilter) to context static
2019-09-11 21:55:36,261 [main] INFO  http.HttpServer2 (HttpServer2.java:bindListener(1191)) - Jetty bound to port 45456
2019-09-11 21:55:36,261 [main] INFO  server.Server (Server.java:doStart(351)) - jetty-9.3.24.v20180605, build timestamp: 2018-06-05T17:11:56Z, git hash: 84205aa28f11a4f31f2a3b86d1bba2cc8ab69827
2019-09-11 21:55:36,264 [main] INFO  handler.ContextHandler (ContextHandler.java:doStart(781)) - Started o.e.j.s.ServletContextHandler@1effd53c{/logs,file:///workdir/hadoop-ozone/integration-test/target/log,AVAILABLE}
2019-09-11 21:55:36,265 [main] INFO  handler.ContextHandler (ContextHandler.java:doStart(781)) - Started o.e.j.s.ServletContextHandler@6920614{/static,jar:file:/home/user/.m2/repository/org/apache/hadoop/hadoop-hdds-container-service/0.5.0-SNAPSHOT/hadoop-hdds-container-service-0.5.0-SNAPSHOT.jar!/webapps/static,AVAILABLE}
2019-09-11 21:55:36,308 [main] INFO  handler.ContextHandler (ContextHandler.java:doStart(781)) - Started o.e.j.w.WebAppContext@476fe690{/,file:///tmp/jetty-0.0.0.0-45456-hddsDatanode-_-any-3661782737213583305.dir/webapp/,AVAILABLE}{/hddsDatanode}
2019-09-11 21:55:36,309 [main] INFO  server.AbstractConnector (AbstractConnector.java:doStart(278)) - Started ServerConnector@7a0e7ecd{HTTP/1.1,[http/1.1]}{0.0.0.0:45456}
2019-09-11 21:55:36,310 [main] INFO  server.Server (Server.java:doStart(419)) - Started @5665ms
2019-09-11 21:55:36,311 [main] WARN  impl.MetricsSystemImpl (MetricsSystemImpl.java:register(276)) - Sink prometheus already exists!
2019-09-11 21:55:36,312 [main] INFO  server.BaseHttpServer (BaseHttpServer.java:updateConnectorAddress(215)) - HTTP server of HDDSDATANODE is listening at http://0.0.0.0:45456
2019-09-11 21:55:36,313 [main] INFO  impl.MetricsSystemImpl (MetricsSystemImpl.java:init(158)) - HddsDatanode metrics system started (again)
2019-09-11 21:55:36,317 [main] INFO  ozone.HddsDatanodeService (HddsDatanodeService.java:start(184)) - HddsDatanodeService host:pr-hdds-2106-g2ln6-2689029927 ip:192.168.34.45
2019-09-11 21:55:36,319 [org.apache.hadoop.util.JvmPauseMonitor$Monitor@48846f00] INFO  util.JvmPauseMonitor (JvmPauseMonitor.java:run(188)) - Starting JVM pause monitor
2019-09-11 21:55:36,324 [main] INFO  volume.HddsVolume (HddsVolume.java:<init>(176)) - Creating Volume: /workdir/hadoop-ozone/integration-test/target/test-dir/MiniOzoneClusterImpl-5ea26da2-f48a-485b-abc0-853cbfba6fbc/datanode-1/data/containers/hdds of  storage type : DISK and capacity : 1482555576320
2019-09-11 21:55:36,327 [main] INFO  volume.VolumeSet (VolumeSet.java:initializeVolumeSet(170)) - Added Volume : /workdir/hadoop-ozone/integration-test/target/test-dir/MiniOzoneClusterImpl-5ea26da2-f48a-485b-abc0-853cbfba6fbc/datanode-1/data/containers/hdds to VolumeSet
2019-09-11 21:55:36,327 [main] INFO  volume.ThrottledAsyncChecker (ThrottledAsyncChecker.java:schedule(139)) - Scheduling a check for org.apache.hadoop.ozone.container.common.volume.HddsVolume@2eae4349
2019-09-11 21:55:36,328 [main] INFO  volume.HddsVolumeChecker (HddsVolumeChecker.java:checkAllVolumes(202)) - Scheduled health check for volume org.apache.hadoop.ozone.container.common.volume.HddsVolume@2eae4349
2019-09-11 21:55:36,342 [main] INFO  impl.RaftServerProxy (ConfUtils.java:logGet(43)) - raft.rpc.type = GRPC (default)
2019-09-11 21:55:36,342 [main] INFO  grpc.GrpcFactory (GrpcFactory.java:checkPooledByteBufAllocatorUseCacheForAllThreads(45)) - PERFORMANCE WARNING: useCacheForAllThreads is true that may cause Netty to create a lot garbage objects and, as a result, trigger GC.
	It is recommended to disable useCacheForAllThreads by setting -Dorg.apache.ratis.thirdparty.io.netty.allocator.useCacheForAllThreads=false in command line.
2019-09-11 21:55:36,343 [main] INFO  grpc.GrpcConfigKeys$Server (ConfUtils.java:logGet(43)) - raft.grpc.server.port = 0 (default)
2019-09-11 21:55:36,343 [main] INFO  server.GrpcService (ConfUtils.java:logGet(43)) - raft.grpc.message.size.max = 33570816 (custom)
2019-09-11 21:55:36,343 [main] INFO  server.RaftServerConfigKeys (ConfUtils.java:logGet(43)) - raft.server.log.appender.buffer.byte-limit = 33554432 (custom)
2019-09-11 21:55:36,343 [main] INFO  server.GrpcService (ConfUtils.java:logGet(43)) - raft.grpc.flow.control.window = 1MB (=1048576) (default)
2019-09-11 21:55:36,344 [main] INFO  server.RaftServerConfigKeys (ConfUtils.java:logGet(43)) - raft.server.rpc.request.timeout = 3000ms (default)
2019-09-11 21:55:36,344 [main] INFO  server.RaftServerConfigKeys (ConfUtils.java:logGet(43)) - raft.server.storage.dir = [/workdir/hadoop-ozone/integration-test/target/test-dir/MiniOzoneClusterImpl-5ea26da2-f48a-485b-abc0-853cbfba6fbc/datanode-1/data/ratis] (custom)
2019-09-11 21:55:36,346 [main] INFO  hdfs.DFSUtil (DFSUtil.java:httpServerTemplateForNNAndJN(1641)) - Starting Web-server for hddsDatanode at: http://0.0.0.0:0
2019-09-11 21:55:36,347 [main] INFO  server.AuthenticationFilter (AuthenticationFilter.java:constructSecretProvider(240)) - Unable to initialize FileSignerSecretProvider, falling back to use random secrets.
2019-09-11 21:55:36,348 [main] WARN  http.HttpRequestLog (HttpRequestLog.java:getRequestLog(97)) - Jetty request log can only be enabled using Log4j
2019-09-11 21:55:36,349 [main] INFO  http.HttpServer2 (HttpServer2.java:addGlobalFilter(975)) - Added global filter 'safety' (class=org.apache.hadoop.http.HttpServer2$QuotingInputFilter)
2019-09-11 21:55:36,350 [main] INFO  http.HttpServer2 (HttpServer2.java:addFilter(948)) - Added filter static_user_filter (class=org.apache.hadoop.http.lib.StaticUserWebFilter$StaticUserFilter) to context hddsDatanode
2019-09-11 21:55:36,350 [main] INFO  http.HttpServer2 (HttpServer2.java:addFilter(958)) - Added filter static_user_filter (class=org.apache.hadoop.http.lib.StaticUserWebFilter$StaticUserFilter) to context static
2019-09-11 21:55:36,350 [main] INFO  http.HttpServer2 (HttpServer2.java:addFilter(958)) - Added filter static_user_filter (class=org.apache.hadoop.http.lib.StaticUserWebFilter$StaticUserFilter) to context logs
2019-09-11 21:55:36,351 [main] INFO  http.HttpServer2 (HttpServer2.java:bindListener(1191)) - Jetty bound to port 34356
2019-09-11 21:55:36,352 [main] INFO  server.Server (Server.java:doStart(351)) - jetty-9.3.24.v20180605, build timestamp: 2018-06-05T17:11:56Z, git hash: 84205aa28f11a4f31f2a3b86d1bba2cc8ab69827
2019-09-11 21:55:36,357 [main] INFO  handler.ContextHandler (ContextHandler.java:doStart(781)) - Started o.e.j.s.ServletContextHandler@26cb5207{/logs,file:///workdir/hadoop-ozone/integration-test/target/log,AVAILABLE}
2019-09-11 21:55:36,358 [main] INFO  handler.ContextHandler (ContextHandler.java:doStart(781)) - Started o.e.j.s.ServletContextHandler@18d910b3{/static,jar:file:/home/user/.m2/repository/org/apache/hadoop/hadoop-hdds-container-service/0.5.0-SNAPSHOT/hadoop-hdds-container-service-0.5.0-SNAPSHOT.jar!/webapps/static,AVAILABLE}
2019-09-11 21:55:36,386 [main] INFO  handler.ContextHandler (ContextHandler.java:doStart(781)) - Started o.e.j.w.WebAppContext@49faf066{/,file:///tmp/jetty-0.0.0.0-34356-hddsDatanode-_-any-5748304477439235437.dir/webapp/,AVAILABLE}{/hddsDatanode}
2019-09-11 21:55:36,387 [main] INFO  server.AbstractConnector (AbstractConnector.java:doStart(278)) - Started ServerConnector@6f94a5a5{HTTP/1.1,[http/1.1]}{0.0.0.0:34356}
2019-09-11 21:55:36,388 [main] INFO  server.Server (Server.java:doStart(419)) - Started @5743ms
2019-09-11 21:55:36,389 [main] WARN  impl.MetricsSystemImpl (MetricsSystemImpl.java:register(276)) - Sink prometheus already exists!
2019-09-11 21:55:36,390 [main] INFO  server.BaseHttpServer (BaseHttpServer.java:updateConnectorAddress(215)) - HTTP server of HDDSDATANODE is listening at http://0.0.0.0:34356
2019-09-11 21:55:36,390 [main] INFO  impl.MetricsSystemImpl (MetricsSystemImpl.java:init(158)) - HddsDatanode metrics system started (again)
2019-09-11 21:55:36,393 [org.apache.hadoop.util.JvmPauseMonitor$Monitor@5989f635] INFO  util.JvmPauseMonitor (JvmPauseMonitor.java:run(188)) - Starting JVM pause monitor
2019-09-11 21:55:36,393 [main] INFO  ozone.HddsDatanodeService (HddsDatanodeService.java:start(184)) - HddsDatanodeService host:pr-hdds-2106-g2ln6-2689029927 ip:192.168.34.45
2019-09-11 21:55:36,400 [main] INFO  volume.HddsVolume (HddsVolume.java:<init>(176)) - Creating Volume: /workdir/hadoop-ozone/integration-test/target/test-dir/MiniOzoneClusterImpl-5ea26da2-f48a-485b-abc0-853cbfba6fbc/datanode-2/data/containers/hdds of  storage type : DISK and capacity : 1482555576320
2019-09-11 21:55:36,401 [main] INFO  volume.VolumeSet (VolumeSet.java:initializeVolumeSet(170)) - Added Volume : /workdir/hadoop-ozone/integration-test/target/test-dir/MiniOzoneClusterImpl-5ea26da2-f48a-485b-abc0-853cbfba6fbc/datanode-2/data/containers/hdds to VolumeSet
2019-09-11 21:55:36,401 [main] INFO  volume.ThrottledAsyncChecker (ThrottledAsyncChecker.java:schedule(139)) - Scheduling a check for org.apache.hadoop.ozone.container.common.volume.HddsVolume@524a076e
2019-09-11 21:55:36,401 [main] INFO  volume.HddsVolumeChecker (HddsVolumeChecker.java:checkAllVolumes(202)) - Scheduled health check for volume org.apache.hadoop.ozone.container.common.volume.HddsVolume@524a076e
2019-09-11 21:55:36,414 [main] INFO  impl.RaftServerProxy (ConfUtils.java:logGet(43)) - raft.rpc.type = GRPC (default)
2019-09-11 21:55:36,414 [main] INFO  grpc.GrpcFactory (GrpcFactory.java:checkPooledByteBufAllocatorUseCacheForAllThreads(45)) - PERFORMANCE WARNING: useCacheForAllThreads is true that may cause Netty to create a lot garbage objects and, as a result, trigger GC.
	It is recommended to disable useCacheForAllThreads by setting -Dorg.apache.ratis.thirdparty.io.netty.allocator.useCacheForAllThreads=false in command line.
2019-09-11 21:55:36,414 [main] INFO  grpc.GrpcConfigKeys$Server (ConfUtils.java:logGet(43)) - raft.grpc.server.port = 0 (default)
2019-09-11 21:55:36,415 [main] INFO  server.GrpcService (ConfUtils.java:logGet(43)) - raft.grpc.message.size.max = 33570816 (custom)
2019-09-11 21:55:36,415 [main] INFO  server.RaftServerConfigKeys (ConfUtils.java:logGet(43)) - raft.server.log.appender.buffer.byte-limit = 33554432 (custom)
2019-09-11 21:55:36,415 [main] INFO  server.GrpcService (ConfUtils.java:logGet(43)) - raft.grpc.flow.control.window = 1MB (=1048576) (default)
2019-09-11 21:55:36,415 [main] INFO  server.RaftServerConfigKeys (ConfUtils.java:logGet(43)) - raft.server.rpc.request.timeout = 3000ms (default)
2019-09-11 21:55:36,416 [main] INFO  server.RaftServerConfigKeys (ConfUtils.java:logGet(43)) - raft.server.storage.dir = [/workdir/hadoop-ozone/integration-test/target/test-dir/MiniOzoneClusterImpl-5ea26da2-f48a-485b-abc0-853cbfba6fbc/datanode-2/data/ratis] (custom)
2019-09-11 21:55:36,418 [main] INFO  hdfs.DFSUtil (DFSUtil.java:httpServerTemplateForNNAndJN(1641)) - Starting Web-server for hddsDatanode at: http://0.0.0.0:0
2019-09-11 21:55:36,419 [main] INFO  server.AuthenticationFilter (AuthenticationFilter.java:constructSecretProvider(240)) - Unable to initialize FileSignerSecretProvider, falling back to use random secrets.
2019-09-11 21:55:36,419 [main] WARN  http.HttpRequestLog (HttpRequestLog.java:getRequestLog(97)) - Jetty request log can only be enabled using Log4j
2019-09-11 21:55:36,421 [main] INFO  http.HttpServer2 (HttpServer2.java:addGlobalFilter(975)) - Added global filter 'safety' (class=org.apache.hadoop.http.HttpServer2$QuotingInputFilter)
2019-09-11 21:55:36,421 [main] INFO  http.HttpServer2 (HttpServer2.java:addFilter(948)) - Added filter static_user_filter (class=org.apache.hadoop.http.lib.StaticUserWebFilter$StaticUserFilter) to context hddsDatanode
2019-09-11 21:55:36,421 [main] INFO  http.HttpServer2 (HttpServer2.java:addFilter(958)) - Added filter static_user_filter (class=org.apache.hadoop.http.lib.StaticUserWebFilter$StaticUserFilter) to context static
2019-09-11 21:55:36,422 [main] INFO  http.HttpServer2 (HttpServer2.java:addFilter(958)) - Added filter static_user_filter (class=org.apache.hadoop.http.lib.StaticUserWebFilter$StaticUserFilter) to context logs
2019-09-11 21:55:36,422 [main] INFO  http.HttpServer2 (HttpServer2.java:bindListener(1191)) - Jetty bound to port 37075
2019-09-11 21:55:36,423 [main] INFO  server.Server (Server.java:doStart(351)) - jetty-9.3.24.v20180605, build timestamp: 2018-06-05T17:11:56Z, git hash: 84205aa28f11a4f31f2a3b86d1bba2cc8ab69827
2019-09-11 21:55:36,425 [main] INFO  handler.ContextHandler (ContextHandler.java:doStart(781)) - Started o.e.j.s.ServletContextHandler@2e66bc32{/logs,file:///workdir/hadoop-ozone/integration-test/target/log,AVAILABLE}
2019-09-11 21:55:36,425 [main] INFO  handler.ContextHandler (ContextHandler.java:doStart(781)) - Started o.e.j.s.ServletContextHandler@4b65d9f4{/static,jar:file:/home/user/.m2/repository/org/apache/hadoop/hadoop-hdds-container-service/0.5.0-SNAPSHOT/hadoop-hdds-container-service-0.5.0-SNAPSHOT.jar!/webapps/static,AVAILABLE}
2019-09-11 21:55:36,453 [main] INFO  handler.ContextHandler (ContextHandler.java:doStart(781)) - Started o.e.j.w.WebAppContext@4745e9c{/,file:///tmp/jetty-0.0.0.0-37075-hddsDatanode-_-any-7635337788388836678.dir/webapp/,AVAILABLE}{/hddsDatanode}
2019-09-11 21:55:36,455 [main] INFO  server.AbstractConnector (AbstractConnector.java:doStart(278)) - Started ServerConnector@2f2bff16{HTTP/1.1,[http/1.1]}{0.0.0.0:37075}
2019-09-11 21:55:36,456 [main] INFO  server.Server (Server.java:doStart(419)) - Started @5812ms
2019-09-11 21:55:36,457 [main] WARN  impl.MetricsSystemImpl (MetricsSystemImpl.java:register(276)) - Sink prometheus already exists!
2019-09-11 21:55:36,457 [main] INFO  server.BaseHttpServer (BaseHttpServer.java:updateConnectorAddress(215)) - HTTP server of HDDSDATANODE is listening at http://0.0.0.0:37075
2019-09-11 21:55:36,458 [main] INFO  impl.MetricsSystemImpl (MetricsSystemImpl.java:init(158)) - HddsDatanode metrics system started (again)
2019-09-11 21:55:36,460 [org.apache.hadoop.util.JvmPauseMonitor$Monitor@5113a483] INFO  util.JvmPauseMonitor (JvmPauseMonitor.java:run(188)) - Starting JVM pause monitor
2019-09-11 21:55:36,460 [main] INFO  ozone.HddsDatanodeService (HddsDatanodeService.java:start(184)) - HddsDatanodeService host:pr-hdds-2106-g2ln6-2689029927 ip:192.168.34.45
2019-09-11 21:55:36,468 [main] INFO  volume.HddsVolume (HddsVolume.java:<init>(176)) - Creating Volume: /workdir/hadoop-ozone/integration-test/target/test-dir/MiniOzoneClusterImpl-5ea26da2-f48a-485b-abc0-853cbfba6fbc/datanode-3/data/containers/hdds of  storage type : DISK and capacity : 1482555576320
2019-09-11 21:55:36,468 [main] INFO  volume.VolumeSet (VolumeSet.java:initializeVolumeSet(170)) - Added Volume : /workdir/hadoop-ozone/integration-test/target/test-dir/MiniOzoneClusterImpl-5ea26da2-f48a-485b-abc0-853cbfba6fbc/datanode-3/data/containers/hdds to VolumeSet
2019-09-11 21:55:36,468 [main] INFO  volume.ThrottledAsyncChecker (ThrottledAsyncChecker.java:schedule(139)) - Scheduling a check for org.apache.hadoop.ozone.container.common.volume.HddsVolume@6342d610
2019-09-11 21:55:36,469 [main] INFO  volume.HddsVolumeChecker (HddsVolumeChecker.java:checkAllVolumes(202)) - Scheduled health check for volume org.apache.hadoop.ozone.container.common.volume.HddsVolume@6342d610
2019-09-11 21:55:36,483 [main] INFO  impl.RaftServerProxy (ConfUtils.java:logGet(43)) - raft.rpc.type = GRPC (default)
2019-09-11 21:55:36,483 [main] INFO  grpc.GrpcFactory (GrpcFactory.java:checkPooledByteBufAllocatorUseCacheForAllThreads(45)) - PERFORMANCE WARNING: useCacheForAllThreads is true that may cause Netty to create a lot garbage objects and, as a result, trigger GC.
	It is recommended to disable useCacheForAllThreads by setting -Dorg.apache.ratis.thirdparty.io.netty.allocator.useCacheForAllThreads=false in command line.
2019-09-11 21:55:36,484 [main] INFO  grpc.GrpcConfigKeys$Server (ConfUtils.java:logGet(43)) - raft.grpc.server.port = 0 (default)
2019-09-11 21:55:36,484 [main] INFO  server.GrpcService (ConfUtils.java:logGet(43)) - raft.grpc.message.size.max = 33570816 (custom)
2019-09-11 21:55:36,484 [main] INFO  server.RaftServerConfigKeys (ConfUtils.java:logGet(43)) - raft.server.log.appender.buffer.byte-limit = 33554432 (custom)
2019-09-11 21:55:36,484 [main] INFO  server.GrpcService (ConfUtils.java:logGet(43)) - raft.grpc.flow.control.window = 1MB (=1048576) (default)
2019-09-11 21:55:36,485 [main] INFO  server.RaftServerConfigKeys (ConfUtils.java:logGet(43)) - raft.server.rpc.request.timeout = 3000ms (default)
2019-09-11 21:55:36,485 [main] INFO  server.RaftServerConfigKeys (ConfUtils.java:logGet(43)) - raft.server.storage.dir = [/workdir/hadoop-ozone/integration-test/target/test-dir/MiniOzoneClusterImpl-5ea26da2-f48a-485b-abc0-853cbfba6fbc/datanode-3/data/ratis] (custom)
2019-09-11 21:55:36,487 [Datanode State Machine Thread - 0] INFO  datanode.InitDatanodeState (InitDatanodeState.java:persistContainerDatanodeDetails(140)) - DatanodeDetails is persisted to /workdir/hadoop-ozone/integration-test/target/test-dir/MiniOzoneClusterImpl-5ea26da2-f48a-485b-abc0-853cbfba6fbc/datanode-0/meta/datanode.id
2019-09-11 21:55:36,487 [main] INFO  hdfs.DFSUtil (DFSUtil.java:httpServerTemplateForNNAndJN(1641)) - Starting Web-server for hddsDatanode at: http://0.0.0.0:0
2019-09-11 21:55:36,490 [main] INFO  server.AuthenticationFilter (AuthenticationFilter.java:constructSecretProvider(240)) - Unable to initialize FileSignerSecretProvider, falling back to use random secrets.
2019-09-11 21:55:36,490 [main] WARN  http.HttpRequestLog (HttpRequestLog.java:getRequestLog(97)) - Jetty request log can only be enabled using Log4j
2019-09-11 21:55:36,491 [Datanode State Machine Thread - 0] INFO  datanode.InitDatanodeState (InitDatanodeState.java:persistContainerDatanodeDetails(140)) - DatanodeDetails is persisted to /workdir/hadoop-ozone/integration-test/target/test-dir/MiniOzoneClusterImpl-5ea26da2-f48a-485b-abc0-853cbfba6fbc/datanode-2/meta/datanode.id
2019-09-11 21:55:36,492 [main] INFO  http.HttpServer2 (HttpServer2.java:addGlobalFilter(975)) - Added global filter 'safety' (class=org.apache.hadoop.http.HttpServer2$QuotingInputFilter)
2019-09-11 21:55:36,493 [main] INFO  http.HttpServer2 (HttpServer2.java:addFilter(948)) - Added filter static_user_filter (class=org.apache.hadoop.http.lib.StaticUserWebFilter$StaticUserFilter) to context hddsDatanode
2019-09-11 21:55:36,493 [main] INFO  http.HttpServer2 (HttpServer2.java:addFilter(958)) - Added filter static_user_filter (class=org.apache.hadoop.http.lib.StaticUserWebFilter$StaticUserFilter) to context static
2019-09-11 21:55:36,493 [main] INFO  http.HttpServer2 (HttpServer2.java:addFilter(958)) - Added filter static_user_filter (class=org.apache.hadoop.http.lib.StaticUserWebFilter$StaticUserFilter) to context logs
2019-09-11 21:55:36,493 [Datanode State Machine Thread - 0] INFO  datanode.InitDatanodeState (InitDatanodeState.java:persistContainerDatanodeDetails(140)) - DatanodeDetails is persisted to /workdir/hadoop-ozone/integration-test/target/test-dir/MiniOzoneClusterImpl-5ea26da2-f48a-485b-abc0-853cbfba6fbc/datanode-1/meta/datanode.id
2019-09-11 21:55:36,494 [main] INFO  http.HttpServer2 (HttpServer2.java:bindListener(1191)) - Jetty bound to port 32850
2019-09-11 21:55:36,494 [main] INFO  server.Server (Server.java:doStart(351)) - jetty-9.3.24.v20180605, build timestamp: 2018-06-05T17:11:56Z, git hash: 84205aa28f11a4f31f2a3b86d1bba2cc8ab69827
2019-09-11 21:55:36,497 [main] INFO  handler.ContextHandler (ContextHandler.java:doStart(781)) - Started o.e.j.s.ServletContextHandler@74ecacc3{/logs,file:///workdir/hadoop-ozone/integration-test/target/log,AVAILABLE}
2019-09-11 21:55:36,497 [main] INFO  handler.ContextHandler (ContextHandler.java:doStart(781)) - Started o.e.j.s.ServletContextHandler@53b7ce6{/static,jar:file:/home/user/.m2/repository/org/apache/hadoop/hadoop-hdds-container-service/0.5.0-SNAPSHOT/hadoop-hdds-container-service-0.5.0-SNAPSHOT.jar!/webapps/static,AVAILABLE}
2019-09-11 21:55:36,528 [main] INFO  handler.ContextHandler (ContextHandler.java:doStart(781)) - Started o.e.j.w.WebAppContext@7d44a19{/,file:///tmp/jetty-0.0.0.0-32850-hddsDatanode-_-any-1020150270461088887.dir/webapp/,AVAILABLE}{/hddsDatanode}
2019-09-11 21:55:36,529 [main] INFO  server.AbstractConnector (AbstractConnector.java:doStart(278)) - Started ServerConnector@1fb2d5e{HTTP/1.1,[http/1.1]}{0.0.0.0:32850}
2019-09-11 21:55:36,530 [main] INFO  server.Server (Server.java:doStart(419)) - Started @5885ms
2019-09-11 21:55:36,530 [main] WARN  impl.MetricsSystemImpl (MetricsSystemImpl.java:register(276)) - Sink prometheus already exists!
2019-09-11 21:55:36,531 [main] INFO  server.BaseHttpServer (BaseHttpServer.java:updateConnectorAddress(215)) - HTTP server of HDDSDATANODE is listening at http://0.0.0.0:32850
2019-09-11 21:55:36,531 [main] INFO  impl.MetricsSystemImpl (MetricsSystemImpl.java:init(158)) - HddsDatanode metrics system started (again)
2019-09-11 21:55:36,534 [org.apache.hadoop.util.JvmPauseMonitor$Monitor@229c3c19] INFO  util.JvmPauseMonitor (JvmPauseMonitor.java:run(188)) - Starting JVM pause monitor
2019-09-11 21:55:36,534 [main] INFO  ozone.HddsDatanodeService (HddsDatanodeService.java:start(184)) - HddsDatanodeService host:pr-hdds-2106-g2ln6-2689029927 ip:192.168.34.45
2019-09-11 21:55:36,537 [Datanode State Machine Thread - 0] INFO  datanode.InitDatanodeState (InitDatanodeState.java:persistContainerDatanodeDetails(140)) - DatanodeDetails is persisted to /workdir/hadoop-ozone/integration-test/target/test-dir/MiniOzoneClusterImpl-5ea26da2-f48a-485b-abc0-853cbfba6fbc/datanode-3/meta/datanode.id
2019-09-11 21:55:36,545 [main] INFO  volume.HddsVolume (HddsVolume.java:<init>(176)) - Creating Volume: /workdir/hadoop-ozone/integration-test/target/test-dir/MiniOzoneClusterImpl-5ea26da2-f48a-485b-abc0-853cbfba6fbc/datanode-4/data/containers/hdds of  storage type : DISK and capacity : 1482555576320
2019-09-11 21:55:36,545 [main] INFO  volume.VolumeSet (VolumeSet.java:initializeVolumeSet(170)) - Added Volume : /workdir/hadoop-ozone/integration-test/target/test-dir/MiniOzoneClusterImpl-5ea26da2-f48a-485b-abc0-853cbfba6fbc/datanode-4/data/containers/hdds to VolumeSet
2019-09-11 21:55:36,545 [main] INFO  volume.ThrottledAsyncChecker (ThrottledAsyncChecker.java:schedule(139)) - Scheduling a check for org.apache.hadoop.ozone.container.common.volume.HddsVolume@1859e2a4
2019-09-11 21:55:36,546 [main] INFO  volume.HddsVolumeChecker (HddsVolumeChecker.java:checkAllVolumes(202)) - Scheduled health check for volume org.apache.hadoop.ozone.container.common.volume.HddsVolume@1859e2a4
2019-09-11 21:55:36,559 [main] INFO  impl.RaftServerProxy (ConfUtils.java:logGet(43)) - raft.rpc.type = GRPC (default)
2019-09-11 21:55:36,559 [main] INFO  grpc.GrpcFactory (GrpcFactory.java:checkPooledByteBufAllocatorUseCacheForAllThreads(45)) - PERFORMANCE WARNING: useCacheForAllThreads is true that may cause Netty to create a lot garbage objects and, as a result, trigger GC.
	It is recommended to disable useCacheForAllThreads by setting -Dorg.apache.ratis.thirdparty.io.netty.allocator.useCacheForAllThreads=false in command line.
2019-09-11 21:55:36,559 [main] INFO  grpc.GrpcConfigKeys$Server (ConfUtils.java:logGet(43)) - raft.grpc.server.port = 0 (default)
2019-09-11 21:55:36,560 [main] INFO  server.GrpcService (ConfUtils.java:logGet(43)) - raft.grpc.message.size.max = 33570816 (custom)
2019-09-11 21:55:36,560 [main] INFO  server.RaftServerConfigKeys (ConfUtils.java:logGet(43)) - raft.server.log.appender.buffer.byte-limit = 33554432 (custom)
2019-09-11 21:55:36,561 [main] INFO  server.GrpcService (ConfUtils.java:logGet(43)) - raft.grpc.flow.control.window = 1MB (=1048576) (default)
2019-09-11 21:55:36,561 [main] INFO  server.RaftServerConfigKeys (ConfUtils.java:logGet(43)) - raft.server.rpc.request.timeout = 3000ms (default)
2019-09-11 21:55:36,562 [main] INFO  server.RaftServerConfigKeys (ConfUtils.java:logGet(43)) - raft.server.storage.dir = [/workdir/hadoop-ozone/integration-test/target/test-dir/MiniOzoneClusterImpl-5ea26da2-f48a-485b-abc0-853cbfba6fbc/datanode-4/data/ratis] (custom)
2019-09-11 21:55:36,564 [main] INFO  hdfs.DFSUtil (DFSUtil.java:httpServerTemplateForNNAndJN(1641)) - Starting Web-server for hddsDatanode at: http://0.0.0.0:0
2019-09-11 21:55:36,566 [main] INFO  server.AuthenticationFilter (AuthenticationFilter.java:constructSecretProvider(240)) - Unable to initialize FileSignerSecretProvider, falling back to use random secrets.
2019-09-11 21:55:36,566 [main] WARN  http.HttpRequestLog (HttpRequestLog.java:getRequestLog(97)) - Jetty request log can only be enabled using Log4j
2019-09-11 21:55:36,568 [main] INFO  http.HttpServer2 (HttpServer2.java:addGlobalFilter(975)) - Added global filter 'safety' (class=org.apache.hadoop.http.HttpServer2$QuotingInputFilter)
2019-09-11 21:55:36,569 [main] INFO  http.HttpServer2 (HttpServer2.java:addFilter(948)) - Added filter static_user_filter (class=org.apache.hadoop.http.lib.StaticUserWebFilter$StaticUserFilter) to context hddsDatanode
2019-09-11 21:55:36,569 [main] INFO  http.HttpServer2 (HttpServer2.java:addFilter(958)) - Added filter static_user_filter (class=org.apache.hadoop.http.lib.StaticUserWebFilter$StaticUserFilter) to context static
2019-09-11 21:55:36,569 [main] INFO  http.HttpServer2 (HttpServer2.java:addFilter(958)) - Added filter static_user_filter (class=org.apache.hadoop.http.lib.StaticUserWebFilter$StaticUserFilter) to context logs
2019-09-11 21:55:36,570 [main] INFO  http.HttpServer2 (HttpServer2.java:bindListener(1191)) - Jetty bound to port 44618
2019-09-11 21:55:36,571 [main] INFO  server.Server (Server.java:doStart(351)) - jetty-9.3.24.v20180605, build timestamp: 2018-06-05T17:11:56Z, git hash: 84205aa28f11a4f31f2a3b86d1bba2cc8ab69827
2019-09-11 21:55:36,573 [main] INFO  handler.ContextHandler (ContextHandler.java:doStart(781)) - Started o.e.j.s.ServletContextHandler@6c0e13b7{/logs,file:///workdir/hadoop-ozone/integration-test/target/log,AVAILABLE}
2019-09-11 21:55:36,574 [main] INFO  handler.ContextHandler (ContextHandler.java:doStart(781)) - Started o.e.j.s.ServletContextHandler@561b7d53{/static,jar:file:/home/user/.m2/repository/org/apache/hadoop/hadoop-hdds-container-service/0.5.0-SNAPSHOT/hadoop-hdds-container-service-0.5.0-SNAPSHOT.jar!/webapps/static,AVAILABLE}
2019-09-11 21:55:36,607 [main] INFO  handler.ContextHandler (ContextHandler.java:doStart(781)) - Started o.e.j.w.WebAppContext@58ba5b30{/,file:///tmp/jetty-0.0.0.0-44618-hddsDatanode-_-any-7942097395212226104.dir/webapp/,AVAILABLE}{/hddsDatanode}
2019-09-11 21:55:36,608 [main] INFO  server.AbstractConnector (AbstractConnector.java:doStart(278)) - Started ServerConnector@4dba773d{HTTP/1.1,[http/1.1]}{0.0.0.0:44618}
2019-09-11 21:55:36,609 [main] INFO  server.Server (Server.java:doStart(419)) - Started @5964ms
2019-09-11 21:55:36,609 [main] WARN  impl.MetricsSystemImpl (MetricsSystemImpl.java:register(276)) - Sink prometheus already exists!
2019-09-11 21:55:36,610 [main] INFO  server.BaseHttpServer (BaseHttpServer.java:updateConnectorAddress(215)) - HTTP server of HDDSDATANODE is listening at http://0.0.0.0:44618
2019-09-11 21:55:36,610 [main] INFO  impl.MetricsSystemImpl (MetricsSystemImpl.java:init(158)) - HddsDatanode metrics system started (again)
2019-09-11 21:55:36,614 [org.apache.hadoop.util.JvmPauseMonitor$Monitor@4afefd04] INFO  util.JvmPauseMonitor (JvmPauseMonitor.java:run(188)) - Starting JVM pause monitor
2019-09-11 21:55:36,616 [main] INFO  ozone.HddsDatanodeService (HddsDatanodeService.java:start(184)) - HddsDatanodeService host:pr-hdds-2106-g2ln6-2689029927 ip:192.168.34.45
2019-09-11 21:55:36,619 [Datanode State Machine Thread - 0] INFO  datanode.InitDatanodeState (InitDatanodeState.java:persistContainerDatanodeDetails(140)) - DatanodeDetails is persisted to /workdir/hadoop-ozone/integration-test/target/test-dir/MiniOzoneClusterImpl-5ea26da2-f48a-485b-abc0-853cbfba6fbc/datanode-4/meta/datanode.id
2019-09-11 21:55:36,626 [main] INFO  volume.HddsVolume (HddsVolume.java:<init>(176)) - Creating Volume: /workdir/hadoop-ozone/integration-test/target/test-dir/MiniOzoneClusterImpl-5ea26da2-f48a-485b-abc0-853cbfba6fbc/datanode-5/data/containers/hdds of  storage type : DISK and capacity : 1482555576320
2019-09-11 21:55:36,627 [main] INFO  volume.VolumeSet (VolumeSet.java:initializeVolumeSet(170)) - Added Volume : /workdir/hadoop-ozone/integration-test/target/test-dir/MiniOzoneClusterImpl-5ea26da2-f48a-485b-abc0-853cbfba6fbc/datanode-5/data/containers/hdds to VolumeSet
2019-09-11 21:55:36,627 [main] INFO  volume.ThrottledAsyncChecker (ThrottledAsyncChecker.java:schedule(139)) - Scheduling a check for org.apache.hadoop.ozone.container.common.volume.HddsVolume@ff23ae7
2019-09-11 21:55:36,628 [main] INFO  volume.HddsVolumeChecker (HddsVolumeChecker.java:checkAllVolumes(202)) - Scheduled health check for volume org.apache.hadoop.ozone.container.common.volume.HddsVolume@ff23ae7
2019-09-11 21:55:36,650 [main] INFO  impl.RaftServerProxy (ConfUtils.java:logGet(43)) - raft.rpc.type = GRPC (default)
2019-09-11 21:55:36,651 [main] INFO  grpc.GrpcFactory (GrpcFactory.java:checkPooledByteBufAllocatorUseCacheForAllThreads(45)) - PERFORMANCE WARNING: useCacheForAllThreads is true that may cause Netty to create a lot garbage objects and, as a result, trigger GC.
	It is recommended to disable useCacheForAllThreads by setting -Dorg.apache.ratis.thirdparty.io.netty.allocator.useCacheForAllThreads=false in command line.
2019-09-11 21:55:36,651 [main] INFO  grpc.GrpcConfigKeys$Server (ConfUtils.java:logGet(43)) - raft.grpc.server.port = 0 (default)
2019-09-11 21:55:36,652 [main] INFO  server.GrpcService (ConfUtils.java:logGet(43)) - raft.grpc.message.size.max = 33570816 (custom)
2019-09-11 21:55:36,652 [main] INFO  server.RaftServerConfigKeys (ConfUtils.java:logGet(43)) - raft.server.log.appender.buffer.byte-limit = 33554432 (custom)
2019-09-11 21:55:36,652 [main] INFO  server.GrpcService (ConfUtils.java:logGet(43)) - raft.grpc.flow.control.window = 1MB (=1048576) (default)
2019-09-11 21:55:36,653 [main] INFO  server.RaftServerConfigKeys (ConfUtils.java:logGet(43)) - raft.server.rpc.request.timeout = 3000ms (default)
2019-09-11 21:55:36,653 [main] INFO  server.RaftServerConfigKeys (ConfUtils.java:logGet(43)) - raft.server.storage.dir = [/workdir/hadoop-ozone/integration-test/target/test-dir/MiniOzoneClusterImpl-5ea26da2-f48a-485b-abc0-853cbfba6fbc/datanode-5/data/ratis] (custom)
2019-09-11 21:55:36,655 [main] INFO  hdfs.DFSUtil (DFSUtil.java:httpServerTemplateForNNAndJN(1641)) - Starting Web-server for hddsDatanode at: http://0.0.0.0:0
2019-09-11 21:55:36,657 [main] INFO  server.AuthenticationFilter (AuthenticationFilter.java:constructSecretProvider(240)) - Unable to initialize FileSignerSecretProvider, falling back to use random secrets.
2019-09-11 21:55:36,658 [main] WARN  http.HttpRequestLog (HttpRequestLog.java:getRequestLog(97)) - Jetty request log can only be enabled using Log4j
2019-09-11 21:55:36,660 [main] INFO  http.HttpServer2 (HttpServer2.java:addGlobalFilter(975)) - Added global filter 'safety' (class=org.apache.hadoop.http.HttpServer2$QuotingInputFilter)
2019-09-11 21:55:36,661 [main] INFO  http.HttpServer2 (HttpServer2.java:addFilter(948)) - Added filter static_user_filter (class=org.apache.hadoop.http.lib.StaticUserWebFilter$StaticUserFilter) to context hddsDatanode
2019-09-11 21:55:36,661 [main] INFO  http.HttpServer2 (HttpServer2.java:addFilter(958)) - Added filter static_user_filter (class=org.apache.hadoop.http.lib.StaticUserWebFilter$StaticUserFilter) to context logs
2019-09-11 21:55:36,661 [main] INFO  http.HttpServer2 (HttpServer2.java:addFilter(958)) - Added filter static_user_filter (class=org.apache.hadoop.http.lib.StaticUserWebFilter$StaticUserFilter) to context static
2019-09-11 21:55:36,662 [main] INFO  http.HttpServer2 (HttpServer2.java:bindListener(1191)) - Jetty bound to port 37958
2019-09-11 21:55:36,662 [main] INFO  server.Server (Server.java:doStart(351)) - jetty-9.3.24.v20180605, build timestamp: 2018-06-05T17:11:56Z, git hash: 84205aa28f11a4f31f2a3b86d1bba2cc8ab69827
2019-09-11 21:55:36,664 [main] INFO  handler.ContextHandler (ContextHandler.java:doStart(781)) - Started o.e.j.s.ServletContextHandler@ccf91df{/logs,file:///workdir/hadoop-ozone/integration-test/target/log,AVAILABLE}
2019-09-11 21:55:36,665 [main] INFO  handler.ContextHandler (ContextHandler.java:doStart(781)) - Started o.e.j.s.ServletContextHandler@51d387d3{/static,jar:file:/home/user/.m2/repository/org/apache/hadoop/hadoop-hdds-container-service/0.5.0-SNAPSHOT/hadoop-hdds-container-service-0.5.0-SNAPSHOT.jar!/webapps/static,AVAILABLE}
2019-09-11 21:55:36,697 [main] INFO  handler.ContextHandler (ContextHandler.java:doStart(781)) - Started o.e.j.w.WebAppContext@3d7fb838{/,file:///tmp/jetty-0.0.0.0-37958-hddsDatanode-_-any-2144862228191956310.dir/webapp/,AVAILABLE}{/hddsDatanode}
2019-09-11 21:55:36,698 [main] INFO  server.AbstractConnector (AbstractConnector.java:doStart(278)) - Started ServerConnector@1c26273d{HTTP/1.1,[http/1.1]}{0.0.0.0:37958}
2019-09-11 21:55:36,699 [main] INFO  server.Server (Server.java:doStart(419)) - Started @6054ms
2019-09-11 21:55:36,699 [main] WARN  impl.MetricsSystemImpl (MetricsSystemImpl.java:register(276)) - Sink prometheus already exists!
2019-09-11 21:55:36,700 [main] INFO  server.BaseHttpServer (BaseHttpServer.java:updateConnectorAddress(215)) - HTTP server of HDDSDATANODE is listening at http://0.0.0.0:37958
2019-09-11 21:55:36,700 [main] INFO  impl.MetricsSystemImpl (MetricsSystemImpl.java:init(158)) - HddsDatanode metrics system started (again)
2019-09-11 21:55:36,704 [main] INFO  ozone.HddsDatanodeService (HddsDatanodeService.java:start(184)) - HddsDatanodeService host:pr-hdds-2106-g2ln6-2689029927 ip:192.168.34.45
2019-09-11 21:55:36,704 [org.apache.hadoop.util.JvmPauseMonitor$Monitor@35d1c243] INFO  util.JvmPauseMonitor (JvmPauseMonitor.java:run(188)) - Starting JVM pause monitor
2019-09-11 21:55:36,708 [Datanode State Machine Thread - 0] INFO  datanode.InitDatanodeState (InitDatanodeState.java:persistContainerDatanodeDetails(140)) - DatanodeDetails is persisted to /workdir/hadoop-ozone/integration-test/target/test-dir/MiniOzoneClusterImpl-5ea26da2-f48a-485b-abc0-853cbfba6fbc/datanode-5/meta/datanode.id
2019-09-11 21:55:36,713 [main] INFO  volume.HddsVolume (HddsVolume.java:<init>(176)) - Creating Volume: /workdir/hadoop-ozone/integration-test/target/test-dir/MiniOzoneClusterImpl-5ea26da2-f48a-485b-abc0-853cbfba6fbc/datanode-6/data/containers/hdds of  storage type : DISK and capacity : 1482555576320
2019-09-11 21:55:36,713 [main] INFO  volume.VolumeSet (VolumeSet.java:initializeVolumeSet(170)) - Added Volume : /workdir/hadoop-ozone/integration-test/target/test-dir/MiniOzoneClusterImpl-5ea26da2-f48a-485b-abc0-853cbfba6fbc/datanode-6/data/containers/hdds to VolumeSet
2019-09-11 21:55:36,713 [main] INFO  volume.ThrottledAsyncChecker (ThrottledAsyncChecker.java:schedule(139)) - Scheduling a check for org.apache.hadoop.ozone.container.common.volume.HddsVolume@254f906e
2019-09-11 21:55:36,714 [main] INFO  volume.HddsVolumeChecker (HddsVolumeChecker.java:checkAllVolumes(202)) - Scheduled health check for volume org.apache.hadoop.ozone.container.common.volume.HddsVolume@254f906e
2019-09-11 21:55:36,727 [main] INFO  impl.RaftServerProxy (ConfUtils.java:logGet(43)) - raft.rpc.type = GRPC (default)
2019-09-11 21:55:36,728 [main] INFO  grpc.GrpcFactory (GrpcFactory.java:checkPooledByteBufAllocatorUseCacheForAllThreads(45)) - PERFORMANCE WARNING: useCacheForAllThreads is true that may cause Netty to create a lot garbage objects and, as a result, trigger GC.
	It is recommended to disable useCacheForAllThreads by setting -Dorg.apache.ratis.thirdparty.io.netty.allocator.useCacheForAllThreads=false in command line.
2019-09-11 21:55:36,728 [main] INFO  grpc.GrpcConfigKeys$Server (ConfUtils.java:logGet(43)) - raft.grpc.server.port = 0 (default)
2019-09-11 21:55:36,728 [main] INFO  server.GrpcService (ConfUtils.java:logGet(43)) - raft.grpc.message.size.max = 33570816 (custom)
2019-09-11 21:55:36,728 [main] INFO  server.RaftServerConfigKeys (ConfUtils.java:logGet(43)) - raft.server.log.appender.buffer.byte-limit = 33554432 (custom)
2019-09-11 21:55:36,729 [main] INFO  server.GrpcService (ConfUtils.java:logGet(43)) - raft.grpc.flow.control.window = 1MB (=1048576) (default)
2019-09-11 21:55:36,729 [main] INFO  server.RaftServerConfigKeys (ConfUtils.java:logGet(43)) - raft.server.rpc.request.timeout = 3000ms (default)
2019-09-11 21:55:36,729 [main] INFO  server.RaftServerConfigKeys (ConfUtils.java:logGet(43)) - raft.server.storage.dir = [/workdir/hadoop-ozone/integration-test/target/test-dir/MiniOzoneClusterImpl-5ea26da2-f48a-485b-abc0-853cbfba6fbc/datanode-6/data/ratis] (custom)
2019-09-11 21:55:36,731 [main] INFO  hdfs.DFSUtil (DFSUtil.java:httpServerTemplateForNNAndJN(1641)) - Starting Web-server for hddsDatanode at: http://0.0.0.0:0
2019-09-11 21:55:36,732 [main] INFO  server.AuthenticationFilter (AuthenticationFilter.java:constructSecretProvider(240)) - Unable to initialize FileSignerSecretProvider, falling back to use random secrets.
2019-09-11 21:55:36,732 [main] WARN  http.HttpRequestLog (HttpRequestLog.java:getRequestLog(97)) - Jetty request log can only be enabled using Log4j
2019-09-11 21:55:36,734 [main] INFO  http.HttpServer2 (HttpServer2.java:addGlobalFilter(975)) - Added global filter 'safety' (class=org.apache.hadoop.http.HttpServer2$QuotingInputFilter)
2019-09-11 21:55:36,734 [main] INFO  http.HttpServer2 (HttpServer2.java:addFilter(948)) - Added filter static_user_filter (class=org.apache.hadoop.http.lib.StaticUserWebFilter$StaticUserFilter) to context hddsDatanode
2019-09-11 21:55:36,734 [main] INFO  http.HttpServer2 (HttpServer2.java:addFilter(958)) - Added filter static_user_filter (class=org.apache.hadoop.http.lib.StaticUserWebFilter$StaticUserFilter) to context static
2019-09-11 21:55:36,735 [main] INFO  http.HttpServer2 (HttpServer2.java:addFilter(958)) - Added filter static_user_filter (class=org.apache.hadoop.http.lib.StaticUserWebFilter$StaticUserFilter) to context logs
2019-09-11 21:55:36,735 [main] INFO  http.HttpServer2 (HttpServer2.java:bindListener(1191)) - Jetty bound to port 45101
2019-09-11 21:55:36,736 [main] INFO  server.Server (Server.java:doStart(351)) - jetty-9.3.24.v20180605, build timestamp: 2018-06-05T17:11:56Z, git hash: 84205aa28f11a4f31f2a3b86d1bba2cc8ab69827
2019-09-11 21:55:36,737 [main] INFO  handler.ContextHandler (ContextHandler.java:doStart(781)) - Started o.e.j.s.ServletContextHandler@67514bdd{/logs,file:///workdir/hadoop-ozone/integration-test/target/log,AVAILABLE}
2019-09-11 21:55:36,738 [main] INFO  handler.ContextHandler (ContextHandler.java:doStart(781)) - Started o.e.j.s.ServletContextHandler@7f5538a1{/static,jar:file:/home/user/.m2/repository/org/apache/hadoop/hadoop-hdds-container-service/0.5.0-SNAPSHOT/hadoop-hdds-container-service-0.5.0-SNAPSHOT.jar!/webapps/static,AVAILABLE}
2019-09-11 21:55:36,766 [main] INFO  handler.ContextHandler (ContextHandler.java:doStart(781)) - Started o.e.j.w.WebAppContext@3e3315d9{/,file:///tmp/jetty-0.0.0.0-45101-hddsDatanode-_-any-8104655836485780913.dir/webapp/,AVAILABLE}{/hddsDatanode}
2019-09-11 21:55:36,766 [main] INFO  server.AbstractConnector (AbstractConnector.java:doStart(278)) - Started ServerConnector@64db4967{HTTP/1.1,[http/1.1]}{0.0.0.0:45101}
2019-09-11 21:55:36,767 [main] INFO  server.Server (Server.java:doStart(419)) - Started @6123ms
2019-09-11 21:55:36,768 [main] WARN  impl.MetricsSystemImpl (MetricsSystemImpl.java:register(276)) - Sink prometheus already exists!
2019-09-11 21:55:36,768 [main] INFO  server.BaseHttpServer (BaseHttpServer.java:updateConnectorAddress(215)) - HTTP server of HDDSDATANODE is listening at http://0.0.0.0:45101
2019-09-11 21:55:36,769 [main] INFO  impl.MetricsSystemImpl (MetricsSystemImpl.java:init(158)) - HddsDatanode metrics system started (again)
2019-09-11 21:55:36,773 [org.apache.hadoop.util.JvmPauseMonitor$Monitor@189f1370] INFO  util.JvmPauseMonitor (JvmPauseMonitor.java:run(188)) - Starting JVM pause monitor
2019-09-11 21:55:36,773 [main] INFO  ozone.HddsDatanodeService (HddsDatanodeService.java:start(184)) - HddsDatanodeService host:pr-hdds-2106-g2ln6-2689029927 ip:192.168.34.45
2019-09-11 21:55:36,777 [Datanode State Machine Thread - 0] INFO  datanode.InitDatanodeState (InitDatanodeState.java:persistContainerDatanodeDetails(140)) - DatanodeDetails is persisted to /workdir/hadoop-ozone/integration-test/target/test-dir/MiniOzoneClusterImpl-5ea26da2-f48a-485b-abc0-853cbfba6fbc/datanode-6/meta/datanode.id
2019-09-11 21:55:36,783 [main] INFO  volume.HddsVolume (HddsVolume.java:<init>(176)) - Creating Volume: /workdir/hadoop-ozone/integration-test/target/test-dir/MiniOzoneClusterImpl-5ea26da2-f48a-485b-abc0-853cbfba6fbc/datanode-7/data/containers/hdds of  storage type : DISK and capacity : 1482555576320
2019-09-11 21:55:36,783 [main] INFO  volume.VolumeSet (VolumeSet.java:initializeVolumeSet(170)) - Added Volume : /workdir/hadoop-ozone/integration-test/target/test-dir/MiniOzoneClusterImpl-5ea26da2-f48a-485b-abc0-853cbfba6fbc/datanode-7/data/containers/hdds to VolumeSet
2019-09-11 21:55:36,783 [main] INFO  volume.ThrottledAsyncChecker (ThrottledAsyncChecker.java:schedule(139)) - Scheduling a check for org.apache.hadoop.ozone.container.common.volume.HddsVolume@5c5d6175
2019-09-11 21:55:36,784 [main] INFO  volume.HddsVolumeChecker (HddsVolumeChecker.java:checkAllVolumes(202)) - Scheduled health check for volume org.apache.hadoop.ozone.container.common.volume.HddsVolume@5c5d6175
2019-09-11 21:55:36,801 [main] INFO  impl.RaftServerProxy (ConfUtils.java:logGet(43)) - raft.rpc.type = GRPC (default)
2019-09-11 21:55:36,802 [main] INFO  grpc.GrpcFactory (GrpcFactory.java:checkPooledByteBufAllocatorUseCacheForAllThreads(45)) - PERFORMANCE WARNING: useCacheForAllThreads is true that may cause Netty to create a lot garbage objects and, as a result, trigger GC.
	It is recommended to disable useCacheForAllThreads by setting -Dorg.apache.ratis.thirdparty.io.netty.allocator.useCacheForAllThreads=false in command line.
2019-09-11 21:55:36,802 [main] INFO  grpc.GrpcConfigKeys$Server (ConfUtils.java:logGet(43)) - raft.grpc.server.port = 0 (default)
2019-09-11 21:55:36,802 [main] INFO  server.GrpcService (ConfUtils.java:logGet(43)) - raft.grpc.message.size.max = 33570816 (custom)
2019-09-11 21:55:36,802 [main] INFO  server.RaftServerConfigKeys (ConfUtils.java:logGet(43)) - raft.server.log.appender.buffer.byte-limit = 33554432 (custom)
2019-09-11 21:55:36,803 [main] INFO  server.GrpcService (ConfUtils.java:logGet(43)) - raft.grpc.flow.control.window = 1MB (=1048576) (default)
2019-09-11 21:55:36,803 [main] INFO  server.RaftServerConfigKeys (ConfUtils.java:logGet(43)) - raft.server.rpc.request.timeout = 3000ms (default)
2019-09-11 21:55:36,804 [main] INFO  server.RaftServerConfigKeys (ConfUtils.java:logGet(43)) - raft.server.storage.dir = [/workdir/hadoop-ozone/integration-test/target/test-dir/MiniOzoneClusterImpl-5ea26da2-f48a-485b-abc0-853cbfba6fbc/datanode-7/data/ratis] (custom)
2019-09-11 21:55:36,806 [main] INFO  hdfs.DFSUtil (DFSUtil.java:httpServerTemplateForNNAndJN(1641)) - Starting Web-server for hddsDatanode at: http://0.0.0.0:0
2019-09-11 21:55:36,807 [main] INFO  server.AuthenticationFilter (AuthenticationFilter.java:constructSecretProvider(240)) - Unable to initialize FileSignerSecretProvider, falling back to use random secrets.
2019-09-11 21:55:36,807 [main] WARN  http.HttpRequestLog (HttpRequestLog.java:getRequestLog(97)) - Jetty request log can only be enabled using Log4j
2019-09-11 21:55:36,809 [main] INFO  http.HttpServer2 (HttpServer2.java:addGlobalFilter(975)) - Added global filter 'safety' (class=org.apache.hadoop.http.HttpServer2$QuotingInputFilter)
2019-09-11 21:55:36,809 [main] INFO  http.HttpServer2 (HttpServer2.java:addFilter(948)) - Added filter static_user_filter (class=org.apache.hadoop.http.lib.StaticUserWebFilter$StaticUserFilter) to context hddsDatanode
2019-09-11 21:55:36,809 [main] INFO  http.HttpServer2 (HttpServer2.java:addFilter(958)) - Added filter static_user_filter (class=org.apache.hadoop.http.lib.StaticUserWebFilter$StaticUserFilter) to context static
2019-09-11 21:55:36,810 [main] INFO  http.HttpServer2 (HttpServer2.java:addFilter(958)) - Added filter static_user_filter (class=org.apache.hadoop.http.lib.StaticUserWebFilter$StaticUserFilter) to context logs
2019-09-11 21:55:36,810 [main] INFO  http.HttpServer2 (HttpServer2.java:bindListener(1191)) - Jetty bound to port 34439
2019-09-11 21:55:36,810 [main] INFO  server.Server (Server.java:doStart(351)) - jetty-9.3.24.v20180605, build timestamp: 2018-06-05T17:11:56Z, git hash: 84205aa28f11a4f31f2a3b86d1bba2cc8ab69827
2019-09-11 21:55:36,812 [main] INFO  handler.ContextHandler (ContextHandler.java:doStart(781)) - Started o.e.j.s.ServletContextHandler@6cd3ad8a{/logs,file:///workdir/hadoop-ozone/integration-test/target/log,AVAILABLE}
2019-09-11 21:55:36,813 [main] INFO  handler.ContextHandler (ContextHandler.java:doStart(781)) - Started o.e.j.s.ServletContextHandler@2d64160c{/static,jar:file:/home/user/.m2/repository/org/apache/hadoop/hadoop-hdds-container-service/0.5.0-SNAPSHOT/hadoop-hdds-container-service-0.5.0-SNAPSHOT.jar!/webapps/static,AVAILABLE}
2019-09-11 21:55:36,891 [main] INFO  handler.ContextHandler (ContextHandler.java:doStart(781)) - Started o.e.j.w.WebAppContext@60e9c3a5{/,file:///tmp/jetty-0.0.0.0-34439-hddsDatanode-_-any-1926434898100578282.dir/webapp/,AVAILABLE}{/hddsDatanode}
2019-09-11 21:55:36,892 [main] INFO  server.AbstractConnector (AbstractConnector.java:doStart(278)) - Started ServerConnector@7e5843db{HTTP/1.1,[http/1.1]}{0.0.0.0:34439}
2019-09-11 21:55:36,893 [main] INFO  server.Server (Server.java:doStart(419)) - Started @6248ms
2019-09-11 21:55:36,893 [main] WARN  impl.MetricsSystemImpl (MetricsSystemImpl.java:register(276)) - Sink prometheus already exists!
2019-09-11 21:55:36,894 [main] INFO  server.BaseHttpServer (BaseHttpServer.java:updateConnectorAddress(215)) - HTTP server of HDDSDATANODE is listening at http://0.0.0.0:34439
2019-09-11 21:55:36,894 [main] INFO  impl.MetricsSystemImpl (MetricsSystemImpl.java:init(158)) - HddsDatanode metrics system started (again)
2019-09-11 21:55:36,899 [org.apache.hadoop.util.JvmPauseMonitor$Monitor@339747c7] INFO  util.JvmPauseMonitor (JvmPauseMonitor.java:run(188)) - Starting JVM pause monitor
2019-09-11 21:55:36,900 [main] INFO  ozone.HddsDatanodeService (HddsDatanodeService.java:start(184)) - HddsDatanodeService host:pr-hdds-2106-g2ln6-2689029927 ip:192.168.34.45
2019-09-11 21:55:36,903 [Datanode State Machine Thread - 0] INFO  datanode.InitDatanodeState (InitDatanodeState.java:persistContainerDatanodeDetails(140)) - DatanodeDetails is persisted to /workdir/hadoop-ozone/integration-test/target/test-dir/MiniOzoneClusterImpl-5ea26da2-f48a-485b-abc0-853cbfba6fbc/datanode-7/meta/datanode.id
2019-09-11 21:55:36,911 [main] INFO  volume.HddsVolume (HddsVolume.java:<init>(176)) - Creating Volume: /workdir/hadoop-ozone/integration-test/target/test-dir/MiniOzoneClusterImpl-5ea26da2-f48a-485b-abc0-853cbfba6fbc/datanode-8/data/containers/hdds of  storage type : DISK and capacity : 1482555576320
2019-09-11 21:55:36,912 [main] INFO  volume.VolumeSet (VolumeSet.java:initializeVolumeSet(170)) - Added Volume : /workdir/hadoop-ozone/integration-test/target/test-dir/MiniOzoneClusterImpl-5ea26da2-f48a-485b-abc0-853cbfba6fbc/datanode-8/data/containers/hdds to VolumeSet
2019-09-11 21:55:36,912 [main] INFO  volume.ThrottledAsyncChecker (ThrottledAsyncChecker.java:schedule(139)) - Scheduling a check for org.apache.hadoop.ozone.container.common.volume.HddsVolume@1947596f
2019-09-11 21:55:36,913 [main] INFO  volume.HddsVolumeChecker (HddsVolumeChecker.java:checkAllVolumes(202)) - Scheduled health check for volume org.apache.hadoop.ozone.container.common.volume.HddsVolume@1947596f
2019-09-11 21:55:36,935 [main] INFO  impl.RaftServerProxy (ConfUtils.java:logGet(43)) - raft.rpc.type = GRPC (default)
2019-09-11 21:55:36,935 [main] INFO  grpc.GrpcFactory (GrpcFactory.java:checkPooledByteBufAllocatorUseCacheForAllThreads(45)) - PERFORMANCE WARNING: useCacheForAllThreads is true that may cause Netty to create a lot garbage objects and, as a result, trigger GC.
	It is recommended to disable useCacheForAllThreads by setting -Dorg.apache.ratis.thirdparty.io.netty.allocator.useCacheForAllThreads=false in command line.
2019-09-11 21:55:36,936 [main] INFO  grpc.GrpcConfigKeys$Server (ConfUtils.java:logGet(43)) - raft.grpc.server.port = 0 (default)
2019-09-11 21:55:36,936 [main] INFO  server.GrpcService (ConfUtils.java:logGet(43)) - raft.grpc.message.size.max = 33570816 (custom)
2019-09-11 21:55:36,937 [main] INFO  server.RaftServerConfigKeys (ConfUtils.java:logGet(43)) - raft.server.log.appender.buffer.byte-limit = 33554432 (custom)
2019-09-11 21:55:36,937 [main] INFO  server.GrpcService (ConfUtils.java:logGet(43)) - raft.grpc.flow.control.window = 1MB (=1048576) (default)
2019-09-11 21:55:36,937 [main] INFO  server.RaftServerConfigKeys (ConfUtils.java:logGet(43)) - raft.server.rpc.request.timeout = 3000ms (default)
2019-09-11 21:55:36,938 [main] INFO  server.RaftServerConfigKeys (ConfUtils.java:logGet(43)) - raft.server.storage.dir = [/workdir/hadoop-ozone/integration-test/target/test-dir/MiniOzoneClusterImpl-5ea26da2-f48a-485b-abc0-853cbfba6fbc/datanode-8/data/ratis] (custom)
2019-09-11 21:55:36,941 [main] INFO  hdfs.DFSUtil (DFSUtil.java:httpServerTemplateForNNAndJN(1641)) - Starting Web-server for hddsDatanode at: http://0.0.0.0:0
2019-09-11 21:55:36,943 [main] INFO  server.AuthenticationFilter (AuthenticationFilter.java:constructSecretProvider(240)) - Unable to initialize FileSignerSecretProvider, falling back to use random secrets.
2019-09-11 21:55:36,944 [main] WARN  http.HttpRequestLog (HttpRequestLog.java:getRequestLog(97)) - Jetty request log can only be enabled using Log4j
2019-09-11 21:55:36,947 [main] INFO  http.HttpServer2 (HttpServer2.java:addGlobalFilter(975)) - Added global filter 'safety' (class=org.apache.hadoop.http.HttpServer2$QuotingInputFilter)
2019-09-11 21:55:36,948 [main] INFO  http.HttpServer2 (HttpServer2.java:addFilter(948)) - Added filter static_user_filter (class=org.apache.hadoop.http.lib.StaticUserWebFilter$StaticUserFilter) to context hddsDatanode
2019-09-11 21:55:36,948 [main] INFO  http.HttpServer2 (HttpServer2.java:addFilter(958)) - Added filter static_user_filter (class=org.apache.hadoop.http.lib.StaticUserWebFilter$StaticUserFilter) to context logs
2019-09-11 21:55:36,948 [main] INFO  http.HttpServer2 (HttpServer2.java:addFilter(958)) - Added filter static_user_filter (class=org.apache.hadoop.http.lib.StaticUserWebFilter$StaticUserFilter) to context static
2019-09-11 21:55:36,949 [main] INFO  http.HttpServer2 (HttpServer2.java:bindListener(1191)) - Jetty bound to port 40229
2019-09-11 21:55:36,950 [main] INFO  server.Server (Server.java:doStart(351)) - jetty-9.3.24.v20180605, build timestamp: 2018-06-05T17:11:56Z, git hash: 84205aa28f11a4f31f2a3b86d1bba2cc8ab69827
2019-09-11 21:55:36,952 [main] INFO  handler.ContextHandler (ContextHandler.java:doStart(781)) - Started o.e.j.s.ServletContextHandler@30ca0779{/logs,file:///workdir/hadoop-ozone/integration-test/target/log,AVAILABLE}
2019-09-11 21:55:36,953 [main] INFO  handler.ContextHandler (ContextHandler.java:doStart(781)) - Started o.e.j.s.ServletContextHandler@47be0f9b{/static,jar:file:/home/user/.m2/repository/org/apache/hadoop/hadoop-hdds-container-service/0.5.0-SNAPSHOT/hadoop-hdds-container-service-0.5.0-SNAPSHOT.jar!/webapps/static,AVAILABLE}
2019-09-11 21:55:36,998 [main] INFO  handler.ContextHandler (ContextHandler.java:doStart(781)) - Started o.e.j.w.WebAppContext@33063f5b{/,file:///tmp/jetty-0.0.0.0-40229-hddsDatanode-_-any-7261024083629261292.dir/webapp/,AVAILABLE}{/hddsDatanode}
2019-09-11 21:55:36,998 [main] INFO  server.AbstractConnector (AbstractConnector.java:doStart(278)) - Started ServerConnector@15405bd6{HTTP/1.1,[http/1.1]}{0.0.0.0:40229}
2019-09-11 21:55:37,000 [main] INFO  server.Server (Server.java:doStart(419)) - Started @6355ms
2019-09-11 21:55:37,000 [main] WARN  impl.MetricsSystemImpl (MetricsSystemImpl.java:register(276)) - Sink prometheus already exists!
2019-09-11 21:55:37,001 [main] INFO  server.BaseHttpServer (BaseHttpServer.java:updateConnectorAddress(215)) - HTTP server of HDDSDATANODE is listening at http://0.0.0.0:40229
2019-09-11 21:55:37,001 [main] INFO  impl.MetricsSystemImpl (MetricsSystemImpl.java:init(158)) - HddsDatanode metrics system started (again)
2019-09-11 21:55:37,006 [org.apache.hadoop.util.JvmPauseMonitor$Monitor@4633d943] INFO  util.JvmPauseMonitor (JvmPauseMonitor.java:run(188)) - Starting JVM pause monitor
2019-09-11 21:55:37,007 [main] INFO  ozone.HddsDatanodeService (HddsDatanodeService.java:start(184)) - HddsDatanodeService host:pr-hdds-2106-g2ln6-2689029927 ip:192.168.34.45
2019-09-11 21:55:37,010 [Datanode State Machine Thread - 0] INFO  datanode.InitDatanodeState (InitDatanodeState.java:persistContainerDatanodeDetails(140)) - DatanodeDetails is persisted to /workdir/hadoop-ozone/integration-test/target/test-dir/MiniOzoneClusterImpl-5ea26da2-f48a-485b-abc0-853cbfba6fbc/datanode-8/meta/datanode.id
2019-09-11 21:55:37,016 [main] INFO  volume.HddsVolume (HddsVolume.java:<init>(176)) - Creating Volume: /workdir/hadoop-ozone/integration-test/target/test-dir/MiniOzoneClusterImpl-5ea26da2-f48a-485b-abc0-853cbfba6fbc/datanode-9/data/containers/hdds of  storage type : DISK and capacity : 1482555576320
2019-09-11 21:55:37,016 [main] INFO  volume.VolumeSet (VolumeSet.java:initializeVolumeSet(170)) - Added Volume : /workdir/hadoop-ozone/integration-test/target/test-dir/MiniOzoneClusterImpl-5ea26da2-f48a-485b-abc0-853cbfba6fbc/datanode-9/data/containers/hdds to VolumeSet
2019-09-11 21:55:37,017 [main] INFO  volume.ThrottledAsyncChecker (ThrottledAsyncChecker.java:schedule(139)) - Scheduling a check for org.apache.hadoop.ozone.container.common.volume.HddsVolume@57562473
2019-09-11 21:55:37,017 [main] INFO  volume.HddsVolumeChecker (HddsVolumeChecker.java:checkAllVolumes(202)) - Scheduled health check for volume org.apache.hadoop.ozone.container.common.volume.HddsVolume@57562473
2019-09-11 21:55:37,038 [main] INFO  impl.RaftServerProxy (ConfUtils.java:logGet(43)) - raft.rpc.type = GRPC (default)
2019-09-11 21:55:37,039 [main] INFO  grpc.GrpcFactory (GrpcFactory.java:checkPooledByteBufAllocatorUseCacheForAllThreads(45)) - PERFORMANCE WARNING: useCacheForAllThreads is true that may cause Netty to create a lot garbage objects and, as a result, trigger GC.
	It is recommended to disable useCacheForAllThreads by setting -Dorg.apache.ratis.thirdparty.io.netty.allocator.useCacheForAllThreads=false in command line.
2019-09-11 21:55:37,039 [main] INFO  grpc.GrpcConfigKeys$Server (ConfUtils.java:logGet(43)) - raft.grpc.server.port = 0 (default)
2019-09-11 21:55:37,039 [main] INFO  server.GrpcService (ConfUtils.java:logGet(43)) - raft.grpc.message.size.max = 33570816 (custom)
2019-09-11 21:55:37,040 [main] INFO  server.RaftServerConfigKeys (ConfUtils.java:logGet(43)) - raft.server.log.appender.buffer.byte-limit = 33554432 (custom)
2019-09-11 21:55:37,040 [main] INFO  server.GrpcService (ConfUtils.java:logGet(43)) - raft.grpc.flow.control.window = 1MB (=1048576) (default)
2019-09-11 21:55:37,040 [main] INFO  server.RaftServerConfigKeys (ConfUtils.java:logGet(43)) - raft.server.rpc.request.timeout = 3000ms (default)
2019-09-11 21:55:37,041 [main] INFO  server.RaftServerConfigKeys (ConfUtils.java:logGet(43)) - raft.server.storage.dir = [/workdir/hadoop-ozone/integration-test/target/test-dir/MiniOzoneClusterImpl-5ea26da2-f48a-485b-abc0-853cbfba6fbc/datanode-9/data/ratis] (custom)
2019-09-11 21:55:37,043 [main] INFO  hdfs.DFSUtil (DFSUtil.java:httpServerTemplateForNNAndJN(1641)) - Starting Web-server for hddsDatanode at: http://0.0.0.0:0
2019-09-11 21:55:37,045 [main] INFO  server.AuthenticationFilter (AuthenticationFilter.java:constructSecretProvider(240)) - Unable to initialize FileSignerSecretProvider, falling back to use random secrets.
2019-09-11 21:55:37,046 [main] WARN  http.HttpRequestLog (HttpRequestLog.java:getRequestLog(97)) - Jetty request log can only be enabled using Log4j
2019-09-11 21:55:37,049 [main] INFO  http.HttpServer2 (HttpServer2.java:addGlobalFilter(975)) - Added global filter 'safety' (class=org.apache.hadoop.http.HttpServer2$QuotingInputFilter)
2019-09-11 21:55:37,050 [main] INFO  http.HttpServer2 (HttpServer2.java:addFilter(948)) - Added filter static_user_filter (class=org.apache.hadoop.http.lib.StaticUserWebFilter$StaticUserFilter) to context hddsDatanode
2019-09-11 21:55:37,050 [main] INFO  http.HttpServer2 (HttpServer2.java:addFilter(958)) - Added filter static_user_filter (class=org.apache.hadoop.http.lib.StaticUserWebFilter$StaticUserFilter) to context logs
2019-09-11 21:55:37,050 [main] INFO  http.HttpServer2 (HttpServer2.java:addFilter(958)) - Added filter static_user_filter (class=org.apache.hadoop.http.lib.StaticUserWebFilter$StaticUserFilter) to context static
2019-09-11 21:55:37,051 [main] INFO  http.HttpServer2 (HttpServer2.java:bindListener(1191)) - Jetty bound to port 43494
2019-09-11 21:55:37,052 [main] INFO  server.Server (Server.java:doStart(351)) - jetty-9.3.24.v20180605, build timestamp: 2018-06-05T17:11:56Z, git hash: 84205aa28f11a4f31f2a3b86d1bba2cc8ab69827
2019-09-11 21:55:37,054 [main] INFO  handler.ContextHandler (ContextHandler.java:doStart(781)) - Started o.e.j.s.ServletContextHandler@4e49ce2b{/logs,file:///workdir/hadoop-ozone/integration-test/target/log,AVAILABLE}
2019-09-11 21:55:37,055 [main] INFO  handler.ContextHandler (ContextHandler.java:doStart(781)) - Started o.e.j.s.ServletContextHandler@53c6f96d{/static,jar:file:/home/user/.m2/repository/org/apache/hadoop/hadoop-hdds-container-service/0.5.0-SNAPSHOT/hadoop-hdds-container-service-0.5.0-SNAPSHOT.jar!/webapps/static,AVAILABLE}
2019-09-11 21:55:37,108 [main] INFO  handler.ContextHandler (ContextHandler.java:doStart(781)) - Started o.e.j.w.WebAppContext@fe34b86{/,file:///tmp/jetty-0.0.0.0-43494-hddsDatanode-_-any-2961430809399677837.dir/webapp/,AVAILABLE}{/hddsDatanode}
2019-09-11 21:55:37,111 [main] INFO  server.AbstractConnector (AbstractConnector.java:doStart(278)) - Started ServerConnector@3c98781a{HTTP/1.1,[http/1.1]}{0.0.0.0:43494}
2019-09-11 21:55:37,111 [main] INFO  server.Server (Server.java:doStart(419)) - Started @6466ms
2019-09-11 21:55:37,111 [main] WARN  impl.MetricsSystemImpl (MetricsSystemImpl.java:register(276)) - Sink prometheus already exists!
2019-09-11 21:55:37,112 [main] INFO  server.BaseHttpServer (BaseHttpServer.java:updateConnectorAddress(215)) - HTTP server of HDDSDATANODE is listening at http://0.0.0.0:43494
2019-09-11 21:55:37,118 [org.apache.hadoop.util.JvmPauseMonitor$Monitor@3970232d] INFO  util.JvmPauseMonitor (JvmPauseMonitor.java:run(188)) - Starting JVM pause monitor
2019-09-11 21:55:37,119 [main] INFO  ozone.MiniOzoneClusterImpl (MiniOzoneClusterImpl.java:lambda$waitForClusterToBeReady$0(140)) - Waiting for cluster to be ready. Got 0 of 10 DN Heartbeats.
2019-09-11 21:55:37,123 [Datanode State Machine Thread - 0] INFO  datanode.InitDatanodeState (InitDatanodeState.java:persistContainerDatanodeDetails(140)) - DatanodeDetails is persisted to /workdir/hadoop-ozone/integration-test/target/test-dir/MiniOzoneClusterImpl-5ea26da2-f48a-485b-abc0-853cbfba6fbc/datanode-9/meta/datanode.id
2019-09-11 21:55:38,120 [main] INFO  ozone.MiniOzoneClusterImpl (MiniOzoneClusterImpl.java:lambda$waitForClusterToBeReady$0(140)) - Waiting for cluster to be ready. Got 0 of 10 DN Heartbeats.
2019-09-11 21:55:38,407 [Datanode State Machine Thread - 0] INFO  ozoneimpl.OzoneContainer (OzoneContainer.java:start(217)) - Attempting to start container services.
2019-09-11 21:55:38,409 [Datanode State Machine Thread - 0] INFO  ozoneimpl.OzoneContainer (OzoneContainer.java:start(217)) - Attempting to start container services.
2019-09-11 21:55:38,416 [Datanode State Machine Thread - 0] INFO  ozoneimpl.OzoneContainer (OzoneContainer.java:startContainerScrub(179)) - Background container scanner has been disabled.
2019-09-11 21:55:38,416 [Datanode State Machine Thread - 0] INFO  ozoneimpl.OzoneContainer (OzoneContainer.java:startContainerScrub(179)) - Background container scanner has been disabled.
2019-09-11 21:55:38,416 [Datanode State Machine Thread - 0] INFO  ratis.XceiverServerRatis (XceiverServerRatis.java:start(404)) - Starting XceiverServerRatis cb19b877-b13a-4838-a0e1-b58882f3950d at port 0
2019-09-11 21:55:38,417 [Datanode State Machine Thread - 0] INFO  ratis.XceiverServerRatis (XceiverServerRatis.java:start(404)) - Starting XceiverServerRatis 91f926b5-2cb1-4722-b947-953fef106990 at port 0
2019-09-11 21:55:38,449 [Datanode State Machine Thread - 0] INFO  impl.RaftServerProxy (RaftServerProxy.java:lambda$start$3(299)) - cb19b877-b13a-4838-a0e1-b58882f3950d: start RPC server
2019-09-11 21:55:38,449 [Datanode State Machine Thread - 0] INFO  impl.RaftServerProxy (RaftServerProxy.java:lambda$start$3(299)) - 91f926b5-2cb1-4722-b947-953fef106990: start RPC server
2019-09-11 21:55:38,480 [Datanode State Machine Thread - 0] INFO  ozoneimpl.OzoneContainer (OzoneContainer.java:start(217)) - Attempting to start container services.
2019-09-11 21:55:38,480 [Datanode State Machine Thread - 0] INFO  ozoneimpl.OzoneContainer (OzoneContainer.java:startContainerScrub(179)) - Background container scanner has been disabled.
2019-09-11 21:55:38,480 [Datanode State Machine Thread - 0] INFO  ratis.XceiverServerRatis (XceiverServerRatis.java:start(404)) - Starting XceiverServerRatis b8cc5711-5e40-41ff-95d6-57cfdaa6737f at port 0
2019-09-11 21:55:38,495 [Datanode State Machine Thread - 0] INFO  impl.RaftServerProxy (RaftServerProxy.java:lambda$start$3(299)) - b8cc5711-5e40-41ff-95d6-57cfdaa6737f: start RPC server
2019-09-11 21:55:38,552 [Datanode State Machine Thread - 0] INFO  ozoneimpl.OzoneContainer (OzoneContainer.java:start(217)) - Attempting to start container services.
2019-09-11 21:55:38,553 [Datanode State Machine Thread - 0] INFO  ozoneimpl.OzoneContainer (OzoneContainer.java:startContainerScrub(179)) - Background container scanner has been disabled.
2019-09-11 21:55:38,553 [Datanode State Machine Thread - 0] INFO  ratis.XceiverServerRatis (XceiverServerRatis.java:start(404)) - Starting XceiverServerRatis c2a73e63-4533-4661-ae84-dd5a39362559 at port 0
2019-09-11 21:55:38,572 [Datanode State Machine Thread - 0] INFO  impl.RaftServerProxy (RaftServerProxy.java:lambda$start$3(299)) - c2a73e63-4533-4661-ae84-dd5a39362559: start RPC server
2019-09-11 21:55:38,622 [Datanode State Machine Thread - 0] INFO  server.GrpcService (GrpcService.java:startImpl(158)) - c2a73e63-4533-4661-ae84-dd5a39362559: GrpcService started, listening on 0.0.0.0/0.0.0.0:40043
2019-09-11 21:55:38,622 [Datanode State Machine Thread - 0] INFO  server.GrpcService (GrpcService.java:startImpl(158)) - b8cc5711-5e40-41ff-95d6-57cfdaa6737f: GrpcService started, listening on 0.0.0.0/0.0.0.0:35460
2019-09-11 21:55:38,622 [Datanode State Machine Thread - 0] INFO  server.GrpcService (GrpcService.java:startImpl(158)) - cb19b877-b13a-4838-a0e1-b58882f3950d: GrpcService started, listening on 0.0.0.0/0.0.0.0:40539
2019-09-11 21:55:38,622 [Datanode State Machine Thread - 0] INFO  server.GrpcService (GrpcService.java:startImpl(158)) - 91f926b5-2cb1-4722-b947-953fef106990: GrpcService started, listening on 0.0.0.0/0.0.0.0:43639
2019-09-11 21:55:38,624 [Datanode State Machine Thread - 0] INFO  ratis.XceiverServerRatis (XceiverServerRatis.java:start(414)) - XceiverServerRatis cb19b877-b13a-4838-a0e1-b58882f3950d is started using port 40539
2019-09-11 21:55:38,624 [Datanode State Machine Thread - 0] INFO  ratis.XceiverServerRatis (XceiverServerRatis.java:start(414)) - XceiverServerRatis b8cc5711-5e40-41ff-95d6-57cfdaa6737f is started using port 35460
2019-09-11 21:55:38,624 [Datanode State Machine Thread - 0] INFO  ratis.XceiverServerRatis (XceiverServerRatis.java:start(414)) - XceiverServerRatis c2a73e63-4533-4661-ae84-dd5a39362559 is started using port 40043
2019-09-11 21:55:38,624 [Datanode State Machine Thread - 0] INFO  ratis.XceiverServerRatis (XceiverServerRatis.java:start(414)) - XceiverServerRatis 91f926b5-2cb1-4722-b947-953fef106990 is started using port 43639
2019-09-11 21:55:38,636 [Datanode State Machine Thread - 0] INFO  ozoneimpl.OzoneContainer (OzoneContainer.java:start(217)) - Attempting to start container services.
2019-09-11 21:55:38,636 [Datanode State Machine Thread - 0] INFO  ozoneimpl.OzoneContainer (OzoneContainer.java:startContainerScrub(179)) - Background container scanner has been disabled.
2019-09-11 21:55:38,636 [Datanode State Machine Thread - 0] INFO  ratis.XceiverServerRatis (XceiverServerRatis.java:start(404)) - Starting XceiverServerRatis bc5b1f13-910c-4303-9fd1-733985921f93 at port 0
2019-09-11 21:55:38,636 [Datanode State Machine Thread - 0] INFO  server.XceiverServerGrpc (XceiverServerGrpc.java:start(163)) - XceiverServerGrpc c2a73e63-4533-4661-ae84-dd5a39362559 is started using port 46758
2019-09-11 21:55:38,636 [Datanode State Machine Thread - 0] INFO  server.XceiverServerGrpc (XceiverServerGrpc.java:start(163)) - XceiverServerGrpc b8cc5711-5e40-41ff-95d6-57cfdaa6737f is started using port 33623
2019-09-11 21:55:38,636 [Datanode State Machine Thread - 0] INFO  server.XceiverServerGrpc (XceiverServerGrpc.java:start(163)) - XceiverServerGrpc cb19b877-b13a-4838-a0e1-b58882f3950d is started using port 46441
2019-09-11 21:55:38,636 [Datanode State Machine Thread - 0] INFO  server.XceiverServerGrpc (XceiverServerGrpc.java:start(163)) - XceiverServerGrpc 91f926b5-2cb1-4722-b947-953fef106990 is started using port 40213
2019-09-11 21:55:38,647 [Datanode State Machine Thread - 0] INFO  impl.RaftServerProxy (RaftServerProxy.java:lambda$start$3(299)) - bc5b1f13-910c-4303-9fd1-733985921f93: start RPC server
2019-09-11 21:55:38,651 [Datanode State Machine Thread - 0] INFO  server.GrpcService (GrpcService.java:startImpl(158)) - bc5b1f13-910c-4303-9fd1-733985921f93: GrpcService started, listening on 0.0.0.0/0.0.0.0:40258
2019-09-11 21:55:38,651 [Datanode State Machine Thread - 0] INFO  ratis.XceiverServerRatis (XceiverServerRatis.java:start(414)) - XceiverServerRatis bc5b1f13-910c-4303-9fd1-733985921f93 is started using port 40258
2019-09-11 21:55:38,654 [Datanode State Machine Thread - 0] INFO  server.XceiverServerGrpc (XceiverServerGrpc.java:start(163)) - XceiverServerGrpc bc5b1f13-910c-4303-9fd1-733985921f93 is started using port 34696
2019-09-11 21:55:38,734 [Datanode State Machine Thread - 0] INFO  ozoneimpl.OzoneContainer (OzoneContainer.java:start(217)) - Attempting to start container services.
2019-09-11 21:55:38,734 [Datanode State Machine Thread - 0] INFO  ozoneimpl.OzoneContainer (OzoneContainer.java:startContainerScrub(179)) - Background container scanner has been disabled.
2019-09-11 21:55:38,734 [Datanode State Machine Thread - 0] INFO  ratis.XceiverServerRatis (XceiverServerRatis.java:start(404)) - Starting XceiverServerRatis a5a7e056-72fb-437a-9ac2-af7573048f25 at port 0
2019-09-11 21:55:38,742 [Datanode State Machine Thread - 0] INFO  impl.RaftServerProxy (RaftServerProxy.java:lambda$start$3(299)) - a5a7e056-72fb-437a-9ac2-af7573048f25: start RPC server
2019-09-11 21:55:38,746 [Datanode State Machine Thread - 0] INFO  server.GrpcService (GrpcService.java:startImpl(158)) - a5a7e056-72fb-437a-9ac2-af7573048f25: GrpcService started, listening on 0.0.0.0/0.0.0.0:39698
2019-09-11 21:55:38,746 [Datanode State Machine Thread - 0] INFO  ratis.XceiverServerRatis (XceiverServerRatis.java:start(414)) - XceiverServerRatis a5a7e056-72fb-437a-9ac2-af7573048f25 is started using port 39698
2019-09-11 21:55:38,750 [Datanode State Machine Thread - 0] INFO  server.XceiverServerGrpc (XceiverServerGrpc.java:start(163)) - XceiverServerGrpc a5a7e056-72fb-437a-9ac2-af7573048f25 is started using port 37796
2019-09-11 21:55:38,789 [Datanode State Machine Thread - 0] INFO  ozoneimpl.OzoneContainer (OzoneContainer.java:start(217)) - Attempting to start container services.
2019-09-11 21:55:38,789 [Datanode State Machine Thread - 0] INFO  ozoneimpl.OzoneContainer (OzoneContainer.java:startContainerScrub(179)) - Background container scanner has been disabled.
2019-09-11 21:55:38,789 [Datanode State Machine Thread - 0] INFO  ratis.XceiverServerRatis (XceiverServerRatis.java:start(404)) - Starting XceiverServerRatis a5cc9080-cfb9-4240-b5a2-6affb7ccbad1 at port 0
2019-09-11 21:55:38,797 [Datanode State Machine Thread - 0] INFO  impl.RaftServerProxy (RaftServerProxy.java:lambda$start$3(299)) - a5cc9080-cfb9-4240-b5a2-6affb7ccbad1: start RPC server
2019-09-11 21:55:38,801 [Datanode State Machine Thread - 0] INFO  server.GrpcService (GrpcService.java:startImpl(158)) - a5cc9080-cfb9-4240-b5a2-6affb7ccbad1: GrpcService started, listening on 0.0.0.0/0.0.0.0:33471
2019-09-11 21:55:38,802 [Datanode State Machine Thread - 0] INFO  ratis.XceiverServerRatis (XceiverServerRatis.java:start(414)) - XceiverServerRatis a5cc9080-cfb9-4240-b5a2-6affb7ccbad1 is started using port 33471
2019-09-11 21:55:38,805 [Datanode State Machine Thread - 0] INFO  server.XceiverServerGrpc (XceiverServerGrpc.java:start(163)) - XceiverServerGrpc a5cc9080-cfb9-4240-b5a2-6affb7ccbad1 is started using port 42053
2019-09-11 21:55:38,918 [Datanode State Machine Thread - 0] INFO  ozoneimpl.OzoneContainer (OzoneContainer.java:start(217)) - Attempting to start container services.
2019-09-11 21:55:38,919 [Datanode State Machine Thread - 0] INFO  ozoneimpl.OzoneContainer (OzoneContainer.java:startContainerScrub(179)) - Background container scanner has been disabled.
2019-09-11 21:55:38,919 [Datanode State Machine Thread - 0] INFO  ratis.XceiverServerRatis (XceiverServerRatis.java:start(404)) - Starting XceiverServerRatis b90393f0-91c9-4286-839e-32ae26f144bd at port 0
2019-09-11 21:55:38,928 [Datanode State Machine Thread - 0] INFO  impl.RaftServerProxy (RaftServerProxy.java:lambda$start$3(299)) - b90393f0-91c9-4286-839e-32ae26f144bd: start RPC server
2019-09-11 21:55:38,936 [Datanode State Machine Thread - 0] INFO  server.GrpcService (GrpcService.java:startImpl(158)) - b90393f0-91c9-4286-839e-32ae26f144bd: GrpcService started, listening on 0.0.0.0/0.0.0.0:32948
2019-09-11 21:55:38,937 [Datanode State Machine Thread - 0] INFO  ratis.XceiverServerRatis (XceiverServerRatis.java:start(414)) - XceiverServerRatis b90393f0-91c9-4286-839e-32ae26f144bd is started using port 32948
2019-09-11 21:55:38,941 [Datanode State Machine Thread - 0] INFO  server.XceiverServerGrpc (XceiverServerGrpc.java:start(163)) - XceiverServerGrpc b90393f0-91c9-4286-839e-32ae26f144bd is started using port 42552
2019-09-11 21:55:39,026 [Datanode State Machine Thread - 0] INFO  ozoneimpl.OzoneContainer (OzoneContainer.java:start(217)) - Attempting to start container services.
2019-09-11 21:55:39,026 [Datanode State Machine Thread - 0] INFO  ozoneimpl.OzoneContainer (OzoneContainer.java:startContainerScrub(179)) - Background container scanner has been disabled.
2019-09-11 21:55:39,027 [Datanode State Machine Thread - 0] INFO  ratis.XceiverServerRatis (XceiverServerRatis.java:start(404)) - Starting XceiverServerRatis 35b36fdc-90f8-4649-ab4a-4033b8c96817 at port 0
2019-09-11 21:55:39,035 [Datanode State Machine Thread - 0] INFO  impl.RaftServerProxy (RaftServerProxy.java:lambda$start$3(299)) - 35b36fdc-90f8-4649-ab4a-4033b8c96817: start RPC server
2019-09-11 21:55:39,042 [Datanode State Machine Thread - 0] INFO  server.GrpcService (GrpcService.java:startImpl(158)) - 35b36fdc-90f8-4649-ab4a-4033b8c96817: GrpcService started, listening on 0.0.0.0/0.0.0.0:35400
2019-09-11 21:55:39,042 [Datanode State Machine Thread - 0] INFO  ratis.XceiverServerRatis (XceiverServerRatis.java:start(414)) - XceiverServerRatis 35b36fdc-90f8-4649-ab4a-4033b8c96817 is started using port 35400
2019-09-11 21:55:39,047 [Datanode State Machine Thread - 0] INFO  server.XceiverServerGrpc (XceiverServerGrpc.java:start(163)) - XceiverServerGrpc 35b36fdc-90f8-4649-ab4a-4033b8c96817 is started using port 41106
2019-09-11 21:55:39,122 [main] INFO  ozone.MiniOzoneClusterImpl (MiniOzoneClusterImpl.java:lambda$waitForClusterToBeReady$0(140)) - Waiting for cluster to be ready. Got 0 of 10 DN Heartbeats.
2019-09-11 21:55:39,136 [Datanode State Machine Thread - 0] INFO  ozoneimpl.OzoneContainer (OzoneContainer.java:start(217)) - Attempting to start container services.
2019-09-11 21:55:39,137 [Datanode State Machine Thread - 0] INFO  ozoneimpl.OzoneContainer (OzoneContainer.java:startContainerScrub(179)) - Background container scanner has been disabled.
2019-09-11 21:55:39,137 [Datanode State Machine Thread - 0] INFO  ratis.XceiverServerRatis (XceiverServerRatis.java:start(404)) - Starting XceiverServerRatis b94e9841-c110-46af-9cbb-637204d6ae15 at port 0
2019-09-11 21:55:39,145 [Datanode State Machine Thread - 0] INFO  impl.RaftServerProxy (RaftServerProxy.java:lambda$start$3(299)) - b94e9841-c110-46af-9cbb-637204d6ae15: start RPC server
2019-09-11 21:55:39,160 [Datanode State Machine Thread - 0] INFO  server.GrpcService (GrpcService.java:startImpl(158)) - b94e9841-c110-46af-9cbb-637204d6ae15: GrpcService started, listening on 0.0.0.0/0.0.0.0:45929
2019-09-11 21:55:39,161 [Datanode State Machine Thread - 0] INFO  ratis.XceiverServerRatis (XceiverServerRatis.java:start(414)) - XceiverServerRatis b94e9841-c110-46af-9cbb-637204d6ae15 is started using port 45929
2019-09-11 21:55:39,184 [Datanode State Machine Thread - 0] INFO  server.XceiverServerGrpc (XceiverServerGrpc.java:start(163)) - XceiverServerGrpc b94e9841-c110-46af-9cbb-637204d6ae15 is started using port 35075
2019-09-11 21:55:40,122 [main] INFO  ozone.MiniOzoneClusterImpl (MiniOzoneClusterImpl.java:lambda$waitForClusterToBeReady$0(140)) - Waiting for cluster to be ready. Got 0 of 10 DN Heartbeats.
2019-09-11 21:55:40,370 [IPC Server handler 6 on 35398] INFO  net.NetworkTopology (NetworkTopologyImpl.java:add(110)) - Added a new node: /default-rack/91f926b5-2cb1-4722-b947-953fef106990
2019-09-11 21:55:40,370 [IPC Server handler 6 on 35398] INFO  node.SCMNodeManager (SCMNodeManager.java:register(266)) - Registered Data node : 91f926b5-2cb1-4722-b947-953fef106990{ip: 192.168.34.45, host: pr-hdds-2106-g2ln6-2689029927, networkLocation: /default-rack, certSerialId: null}
2019-09-11 21:55:40,377 [EventQueue-NodeRegistrationContainerReportForDataNodeSafeModeRule] INFO  safemode.SCMSafeModeManager (DataNodeSafeModeRule.java:process(71)) - SCM in safe mode. 1 DataNodes registered, 1 required.
2019-09-11 21:55:40,377 [EventQueue-NodeRegistrationContainerReportForDataNodeSafeModeRule] INFO  safemode.SCMSafeModeManager (SCMSafeModeManager.java:validateSafeModeExitRules(177)) - ScmSafeModeManager, all rules are successfully validated
2019-09-11 21:55:40,377 [EventQueue-NodeRegistrationContainerReportForDataNodeSafeModeRule] INFO  safemode.SCMSafeModeManager (SCMSafeModeManager.java:exitSafeMode(193)) - SCM exiting safe mode.
2019-09-11 21:55:40,399 [IPC Server handler 8 on 35398] INFO  net.NetworkTopology (NetworkTopologyImpl.java:add(110)) - Added a new node: /default-rack/cb19b877-b13a-4838-a0e1-b58882f3950d
2019-09-11 21:55:40,399 [IPC Server handler 8 on 35398] INFO  node.SCMNodeManager (SCMNodeManager.java:register(266)) - Registered Data node : cb19b877-b13a-4838-a0e1-b58882f3950d{ip: 192.168.34.45, host: pr-hdds-2106-g2ln6-2689029927, networkLocation: /default-rack, certSerialId: null}
2019-09-11 21:55:40,464 [IPC Server handler 7 on 35398] INFO  net.NetworkTopology (NetworkTopologyImpl.java:add(110)) - Added a new node: /default-rack/b8cc5711-5e40-41ff-95d6-57cfdaa6737f
2019-09-11 21:55:40,465 [IPC Server handler 7 on 35398] INFO  node.SCMNodeManager (SCMNodeManager.java:register(266)) - Registered Data node : b8cc5711-5e40-41ff-95d6-57cfdaa6737f{ip: 192.168.34.45, host: pr-hdds-2106-g2ln6-2689029927, networkLocation: /default-rack, certSerialId: null}
2019-09-11 21:55:40,541 [IPC Server handler 9 on 35398] INFO  net.NetworkTopology (NetworkTopologyImpl.java:add(110)) - Added a new node: /default-rack/c2a73e63-4533-4661-ae84-dd5a39362559
2019-09-11 21:55:40,541 [IPC Server handler 9 on 35398] INFO  node.SCMNodeManager (SCMNodeManager.java:register(266)) - Registered Data node : c2a73e63-4533-4661-ae84-dd5a39362559{ip: 192.168.34.45, host: pr-hdds-2106-g2ln6-2689029927, networkLocation: /default-rack, certSerialId: null}
2019-09-11 21:55:40,624 [IPC Server handler 1 on 35398] INFO  net.NetworkTopology (NetworkTopologyImpl.java:add(110)) - Added a new node: /default-rack/bc5b1f13-910c-4303-9fd1-733985921f93
2019-09-11 21:55:40,624 [IPC Server handler 1 on 35398] INFO  node.SCMNodeManager (SCMNodeManager.java:register(266)) - Registered Data node : bc5b1f13-910c-4303-9fd1-733985921f93{ip: 192.168.34.45, host: pr-hdds-2106-g2ln6-2689029927, networkLocation: /default-rack, certSerialId: null}
2019-09-11 21:55:40,711 [IPC Server handler 3 on 35398] INFO  net.NetworkTopology (NetworkTopologyImpl.java:add(110)) - Added a new node: /default-rack/a5a7e056-72fb-437a-9ac2-af7573048f25
2019-09-11 21:55:40,711 [IPC Server handler 3 on 35398] INFO  node.SCMNodeManager (SCMNodeManager.java:register(266)) - Registered Data node : a5a7e056-72fb-437a-9ac2-af7573048f25{ip: 192.168.34.45, host: pr-hdds-2106-g2ln6-2689029927, networkLocation: /default-rack, certSerialId: null}
2019-09-11 21:55:40,779 [IPC Server handler 2 on 35398] INFO  net.NetworkTopology (NetworkTopologyImpl.java:add(110)) - Added a new node: /default-rack/a5cc9080-cfb9-4240-b5a2-6affb7ccbad1
2019-09-11 21:55:40,780 [IPC Server handler 2 on 35398] INFO  node.SCMNodeManager (SCMNodeManager.java:register(266)) - Registered Data node : a5cc9080-cfb9-4240-b5a2-6affb7ccbad1{ip: 192.168.34.45, host: pr-hdds-2106-g2ln6-2689029927, networkLocation: /default-rack, certSerialId: null}
2019-09-11 21:55:40,904 [IPC Server handler 5 on 35398] INFO  net.NetworkTopology (NetworkTopologyImpl.java:add(110)) - Added a new node: /default-rack/b90393f0-91c9-4286-839e-32ae26f144bd
2019-09-11 21:55:40,904 [IPC Server handler 5 on 35398] INFO  node.SCMNodeManager (SCMNodeManager.java:register(266)) - Registered Data node : b90393f0-91c9-4286-839e-32ae26f144bd{ip: 192.168.34.45, host: pr-hdds-2106-g2ln6-2689029927, networkLocation: /default-rack, certSerialId: null}
2019-09-11 21:55:41,011 [IPC Server handler 4 on 35398] INFO  net.NetworkTopology (NetworkTopologyImpl.java:add(110)) - Added a new node: /default-rack/35b36fdc-90f8-4649-ab4a-4033b8c96817
2019-09-11 21:55:41,012 [IPC Server handler 4 on 35398] INFO  node.SCMNodeManager (SCMNodeManager.java:register(266)) - Registered Data node : 35b36fdc-90f8-4649-ab4a-4033b8c96817{ip: 192.168.34.45, host: pr-hdds-2106-g2ln6-2689029927, networkLocation: /default-rack, certSerialId: null}
2019-09-11 21:55:41,037 [grpc-default-executor-0] INFO  impl.RaftServerProxy (RaftServerProxy.java:addNew(89)) - 91f926b5-2cb1-4722-b947-953fef106990: addNew group-D8B1933013FA:[91f926b5-2cb1-4722-b947-953fef106990:192.168.34.45:43639] returns group-D8B1933013FA:java.util.concurrent.CompletableFuture@190b0601[Not completed]
2019-09-11 21:55:41,073 [pool-27-thread-1] INFO  impl.RaftServerImpl (RaftServerImpl.java:<init>(95)) - 91f926b5-2cb1-4722-b947-953fef106990: new RaftServerImpl for group-D8B1933013FA:[91f926b5-2cb1-4722-b947-953fef106990:192.168.34.45:43639] with ContainerStateMachine:uninitialized
2019-09-11 21:55:41,075 [pool-27-thread-1] INFO  server.RaftServerConfigKeys (ConfUtils.java:logGet(43)) - raft.server.rpc.timeout.min = 1s (custom)
2019-09-11 21:55:41,077 [pool-27-thread-1] INFO  server.RaftServerConfigKeys (ConfUtils.java:logGet(43)) - raft.server.rpc.timeout.max = 1200ms (custom)
2019-09-11 21:55:41,077 [pool-27-thread-1] INFO  server.RaftServerConfigKeys (ConfUtils.java:logGet(43)) - raft.server.rpcslowness.timeout = 120s (custom)
2019-09-11 21:55:41,078 [pool-27-thread-1] INFO  server.RaftServerConfigKeys (ConfUtils.java:logGet(43)) - raft.server.sleep.deviation.threshold = 300 (default)
2019-09-11 21:55:41,079 [pool-27-thread-1] INFO  server.RaftServerConfigKeys (ConfUtils.java:logGet(43)) - raft.server.log.appender.install.snapshot.enabled = false (custom)
2019-09-11 21:55:41,088 [pool-27-thread-1] INFO  impl.RaftServerImpl (ServerState.java:<init>(103)) - 91f926b5-2cb1-4722-b947-953fef106990@group-D8B1933013FA: ConfigurationManager, init=-1: [91f926b5-2cb1-4722-b947-953fef106990:192.168.34.45:43639], old=null, confs=<EMPTY_MAP>
2019-09-11 21:55:41,088 [pool-27-thread-1] INFO  server.RaftServerConfigKeys (ConfUtils.java:logGet(43)) - raft.server.storage.dir = [/workdir/hadoop-ozone/integration-test/target/test-dir/MiniOzoneClusterImpl-5ea26da2-f48a-485b-abc0-853cbfba6fbc/datanode-0/data/ratis] (custom)
2019-09-11 21:55:41,096 [pool-27-thread-1] INFO  storage.RaftStorageDirectory (RaftStorageDirectory.java:analyzeStorage(246)) - The storage directory /workdir/hadoop-ozone/integration-test/target/test-dir/MiniOzoneClusterImpl-5ea26da2-f48a-485b-abc0-853cbfba6fbc/datanode-0/data/ratis/76bf7235-2e70-4bc0-a5c8-d8b1933013fa does not exist. Creating ...
2019-09-11 21:55:41,128 [pool-27-thread-1] INFO  storage.RaftStorageDirectory (RaftStorageDirectory.java:tryLock(328)) - Lock on /workdir/hadoop-ozone/integration-test/target/test-dir/MiniOzoneClusterImpl-5ea26da2-f48a-485b-abc0-853cbfba6fbc/datanode-0/data/ratis/76bf7235-2e70-4bc0-a5c8-d8b1933013fa/in_use.lock acquired by nodename 7037@pr-hdds-2106-g2ln6-2689029927
2019-09-11 21:55:41,128 [main] INFO  ozone.MiniOzoneClusterImpl (MiniOzoneClusterImpl.java:lambda$waitForClusterToBeReady$0(140)) - Waiting for cluster to be ready. Got 9 of 10 DN Heartbeats.
2019-09-11 21:55:41,136 [IPC Server handler 6 on 35398] INFO  net.NetworkTopology (NetworkTopologyImpl.java:add(110)) - Added a new node: /default-rack/b94e9841-c110-46af-9cbb-637204d6ae15
2019-09-11 21:55:41,136 [IPC Server handler 6 on 35398] INFO  node.SCMNodeManager (SCMNodeManager.java:register(266)) - Registered Data node : b94e9841-c110-46af-9cbb-637204d6ae15{ip: 192.168.34.45, host: pr-hdds-2106-g2ln6-2689029927, networkLocation: /default-rack, certSerialId: null}
2019-09-11 21:55:41,152 [pool-27-thread-1] INFO  storage.RaftStorage (RaftStorage.java:format(72)) - Storage directory /workdir/hadoop-ozone/integration-test/target/test-dir/MiniOzoneClusterImpl-5ea26da2-f48a-485b-abc0-853cbfba6fbc/datanode-0/data/ratis/76bf7235-2e70-4bc0-a5c8-d8b1933013fa has been successfully formatted.
2019-09-11 21:55:41,155 [pool-27-thread-1] INFO  ratis.ContainerStateMachine (ContainerStateMachine.java:loadSnapshot(230)) - group-D8B1933013FA: The snapshot info is null. Setting the last applied indexto:(t:0, i:~)
2019-09-11 21:55:41,155 [pool-27-thread-1] INFO  server.RaftServerConfigKeys (ConfUtils.java:logGet(43)) - raft.server.notification.no-leader.timeout = 120s (custom)
2019-09-11 21:55:41,158 [pool-27-thread-1] INFO  server.RaftServerConfigKeys (ConfUtils.java:logGet(43)) - raft.server.log.use.memory = false (default)
2019-09-11 21:55:41,170 [pool-27-thread-1] INFO  server.RaftServerConfigKeys (ConfUtils.java:logGet(43)) - raft.server.log.purge.gap = 1000000 (custom)
2019-09-11 21:55:41,170 [pool-27-thread-1] INFO  server.RaftServerConfigKeys (ConfUtils.java:logGet(43)) - raft.server.log.appender.buffer.byte-limit = 33554432 (custom)
2019-09-11 21:55:41,173 [pool-27-thread-1] INFO  server.RaftServerConfigKeys (ConfUtils.java:logGet(43)) - raft.server.log.segment.size.max = 1048576 (custom)
2019-09-11 21:55:41,179 [pool-27-thread-1] INFO  server.RaftServerConfigKeys (ConfUtils.java:logGet(43)) - raft.server.log.segment.cache.num.max = 2 (custom)
2019-09-11 21:55:41,186 [pool-27-thread-1] INFO  segmented.SegmentedRaftLogWorker (SegmentedRaftLogWorker.java:<init>(172)) - new 91f926b5-2cb1-4722-b947-953fef106990@group-D8B1933013FA-SegmentedRaftLogWorker for RaftStorage:Storage Directory /workdir/hadoop-ozone/integration-test/target/test-dir/MiniOzoneClusterImpl-5ea26da2-f48a-485b-abc0-853cbfba6fbc/datanode-0/data/ratis/76bf7235-2e70-4bc0-a5c8-d8b1933013fa
2019-09-11 21:55:41,188 [pool-27-thread-1] INFO  impl.MetricsSystemImpl (MetricsSystemImpl.java:init(158)) - ratis metrics system started (again)
2019-09-11 21:55:41,227 [pool-27-thread-1] INFO  server.RaftServerConfigKeys (ConfUtils.java:logGet(43)) - raft.server.log.queue.byte-limit = 2147483647 (custom)
2019-09-11 21:55:41,228 [pool-27-thread-1] INFO  server.RaftServerConfigKeys (ConfUtils.java:logGet(43)) - raft.server.log.queue.element-limit = 1024 (custom)
2019-09-11 21:55:41,231 [pool-27-thread-1] INFO  server.RaftServerConfigKeys (ConfUtils.java:logGet(43)) - raft.server.log.segment.size.max = 1048576 (custom)
2019-09-11 21:55:41,232 [pool-27-thread-1] INFO  server.RaftServerConfigKeys (ConfUtils.java:logGet(43)) - raft.server.log.preallocated.size = 16384 (custom)
2019-09-11 21:55:41,232 [pool-27-thread-1] INFO  server.RaftServerConfigKeys (ConfUtils.java:logGet(43)) - raft.server.log.write.buffer.size = 33554432 (custom)
2019-09-11 21:55:41,233 [pool-27-thread-1] INFO  server.RaftServerConfigKeys (ConfUtils.java:logGet(43)) - raft.server.log.force.sync.num = 128 (default)
2019-09-11 21:55:41,234 [pool-27-thread-1] INFO  server.RaftServerConfigKeys (ConfUtils.java:logGet(43)) - raft.server.log.statemachine.data.sync = true (default)
2019-09-11 21:55:41,234 [pool-27-thread-1] INFO  server.RaftServerConfigKeys (ConfUtils.java:logGet(43)) - raft.server.log.statemachine.data.sync.timeout = 10s (default)
2019-09-11 21:55:41,234 [pool-27-thread-1] INFO  server.RaftServerConfigKeys (ConfUtils.java:logGet(43)) - raft.server.log.statemachine.data.sync.timeout.retry = -1 (default)
2019-09-11 21:55:41,243 [pool-27-thread-1] INFO  server.RaftServerConfigKeys (ConfUtils.java:logGet(43)) - raft.server.log.statemachine.data.caching.enabled = true (custom)
2019-09-11 21:55:41,248 [pool-27-thread-1] INFO  segmented.SegmentedRaftLogWorker (SegmentedRaftLogWorker.java:lambda$new$0(132)) - 91f926b5-2cb1-4722-b947-953fef106990@group-D8B1933013FA-SegmentedRaftLogWorker: flushIndex: setUnconditionally 0 -> -1
2019-09-11 21:55:41,252 [pool-27-thread-1] INFO  server.RaftServerConfigKeys (ConfUtils.java:logGet(43)) - raft.server.snapshot.auto.trigger.enabled = true (custom)
2019-09-11 21:55:41,253 [pool-27-thread-1] INFO  server.RaftServerConfigKeys (ConfUtils.java:logGet(43)) - raft.server.snapshot.auto.trigger.threshold = 10000 (custom)
2019-09-11 21:55:41,253 [pool-27-thread-1] INFO  server.RaftServerConfigKeys (ConfUtils.java:logGet(43)) - raft.server.snapshot.retention.num.files = -1 (default)
2019-09-11 21:55:41,254 [pool-27-thread-1] INFO  server.RaftServerConfigKeys (ConfUtils.java:logGet(43)) - raft.server.retrycache.expirytime = 600000ms (custom)
2019-09-11 21:55:41,279 [pool-27-thread-1] INFO  impl.RaftServerImpl (RaftServerImpl.java:start(185)) - 91f926b5-2cb1-4722-b947-953fef106990@group-D8B1933013FA: start as a follower, conf=-1: [91f926b5-2cb1-4722-b947-953fef106990:192.168.34.45:43639], old=null
2019-09-11 21:55:41,280 [pool-27-thread-1] INFO  impl.RaftServerImpl (RaftServerImpl.java:setRole(174)) - 91f926b5-2cb1-4722-b947-953fef106990@group-D8B1933013FA: changes role from      null to FOLLOWER at term 0 for startAsFollower
2019-09-11 21:55:41,281 [pool-27-thread-1] INFO  impl.RoleInfo (RoleInfo.java:updateAndGet(143)) - 91f926b5-2cb1-4722-b947-953fef106990: start FollowerState
2019-09-11 21:55:41,283 [pool-27-thread-1] INFO  util.JmxRegister (JmxRegister.java:tryRegister(44)) - Successfully registered JMX Bean with object name Ratis:service=RaftServer,group=group-D8B1933013FA,id=91f926b5-2cb1-4722-b947-953fef106990
2019-09-11 21:55:41,365 [RatisPipelineUtilsThread] INFO  pipeline.PipelineStateManager (PipelineStateManager.java:addPipeline(56)) - Created pipeline Pipeline[ Id: 76bf7235-2e70-4bc0-a5c8-d8b1933013fa, Nodes: 91f926b5-2cb1-4722-b947-953fef106990{ip: 192.168.34.45, host: pr-hdds-2106-g2ln6-2689029927, networkLocation: /default-rack, certSerialId: null}, Type:RATIS, Factor:ONE, State:OPEN]
2019-09-11 21:55:41,399 [grpc-default-executor-0] INFO  impl.RaftServerProxy (RaftServerProxy.java:addNew(89)) - b90393f0-91c9-4286-839e-32ae26f144bd: addNew group-E4049B7FD6E3:[b90393f0-91c9-4286-839e-32ae26f144bd:192.168.34.45:32948] returns group-E4049B7FD6E3:java.util.concurrent.CompletableFuture@343c222b[Not completed]
2019-09-11 21:55:41,474 [pool-97-thread-1] INFO  impl.RaftServerImpl (RaftServerImpl.java:<init>(95)) - b90393f0-91c9-4286-839e-32ae26f144bd: new RaftServerImpl for group-E4049B7FD6E3:[b90393f0-91c9-4286-839e-32ae26f144bd:192.168.34.45:32948] with ContainerStateMachine:uninitialized
2019-09-11 21:55:41,476 [pool-97-thread-1] INFO  server.RaftServerConfigKeys (ConfUtils.java:logGet(43)) - raft.server.rpc.timeout.min = 1s (custom)
2019-09-11 21:55:41,476 [pool-97-thread-1] INFO  server.RaftServerConfigKeys (ConfUtils.java:logGet(43)) - raft.server.rpc.timeout.max = 1200ms (custom)
2019-09-11 21:55:41,476 [pool-97-thread-1] INFO  server.RaftServerConfigKeys (ConfUtils.java:logGet(43)) - raft.server.rpcslowness.timeout = 120s (custom)
2019-09-11 21:55:41,477 [pool-97-thread-1] INFO  server.RaftServerConfigKeys (ConfUtils.java:logGet(43)) - raft.server.sleep.deviation.threshold = 300 (default)
2019-09-11 21:55:41,477 [pool-97-thread-1] INFO  server.RaftServerConfigKeys (ConfUtils.java:logGet(43)) - raft.server.log.appender.install.snapshot.enabled = false (custom)
2019-09-11 21:55:41,477 [pool-97-thread-1] INFO  impl.RaftServerImpl (ServerState.java:<init>(103)) - b90393f0-91c9-4286-839e-32ae26f144bd@group-E4049B7FD6E3: ConfigurationManager, init=-1: [b90393f0-91c9-4286-839e-32ae26f144bd:192.168.34.45:32948], old=null, confs=<EMPTY_MAP>
2019-09-11 21:55:41,477 [pool-97-thread-1] INFO  server.RaftServerConfigKeys (ConfUtils.java:logGet(43)) - raft.server.storage.dir = [/workdir/hadoop-ozone/integration-test/target/test-dir/MiniOzoneClusterImpl-5ea26da2-f48a-485b-abc0-853cbfba6fbc/datanode-7/data/ratis] (custom)
2019-09-11 21:55:41,478 [pool-97-thread-1] INFO  storage.RaftStorageDirectory (RaftStorageDirectory.java:analyzeStorage(246)) - The storage directory /workdir/hadoop-ozone/integration-test/target/test-dir/MiniOzoneClusterImpl-5ea26da2-f48a-485b-abc0-853cbfba6fbc/datanode-7/data/ratis/d280d862-a4a3-4654-bedd-e4049b7fd6e3 does not exist. Creating ...
2019-09-11 21:55:41,501 [pool-97-thread-1] INFO  storage.RaftStorageDirectory (RaftStorageDirectory.java:tryLock(328)) - Lock on /workdir/hadoop-ozone/integration-test/target/test-dir/MiniOzoneClusterImpl-5ea26da2-f48a-485b-abc0-853cbfba6fbc/datanode-7/data/ratis/d280d862-a4a3-4654-bedd-e4049b7fd6e3/in_use.lock acquired by nodename 7037@pr-hdds-2106-g2ln6-2689029927
2019-09-11 21:55:41,514 [pool-97-thread-1] INFO  storage.RaftStorage (RaftStorage.java:format(72)) - Storage directory /workdir/hadoop-ozone/integration-test/target/test-dir/MiniOzoneClusterImpl-5ea26da2-f48a-485b-abc0-853cbfba6fbc/datanode-7/data/ratis/d280d862-a4a3-4654-bedd-e4049b7fd6e3 has been successfully formatted.
2019-09-11 21:55:41,517 [pool-97-thread-1] INFO  ratis.ContainerStateMachine (ContainerStateMachine.java:loadSnapshot(230)) - group-E4049B7FD6E3: The snapshot info is null. Setting the last applied indexto:(t:0, i:~)
2019-09-11 21:55:41,519 [pool-97-thread-1] INFO  server.RaftServerConfigKeys (ConfUtils.java:logGet(43)) - raft.server.notification.no-leader.timeout = 120s (custom)
2019-09-11 21:55:41,520 [pool-97-thread-1] INFO  server.RaftServerConfigKeys (ConfUtils.java:logGet(43)) - raft.server.log.use.memory = false (default)
2019-09-11 21:55:41,520 [pool-97-thread-1] INFO  server.RaftServerConfigKeys (ConfUtils.java:logGet(43)) - raft.server.log.purge.gap = 1000000 (custom)
2019-09-11 21:55:41,520 [pool-97-thread-1] INFO  server.RaftServerConfigKeys (ConfUtils.java:logGet(43)) - raft.server.log.appender.buffer.byte-limit = 33554432 (custom)
2019-09-11 21:55:41,520 [pool-97-thread-1] INFO  server.RaftServerConfigKeys (ConfUtils.java:logGet(43)) - raft.server.log.segment.size.max = 1048576 (custom)
2019-09-11 21:55:41,520 [pool-97-thread-1] INFO  server.RaftServerConfigKeys (ConfUtils.java:logGet(43)) - raft.server.log.segment.cache.num.max = 2 (custom)
2019-09-11 21:55:41,521 [pool-97-thread-1] INFO  segmented.SegmentedRaftLogWorker (SegmentedRaftLogWorker.java:<init>(172)) - new b90393f0-91c9-4286-839e-32ae26f144bd@group-E4049B7FD6E3-SegmentedRaftLogWorker for RaftStorage:Storage Directory /workdir/hadoop-ozone/integration-test/target/test-dir/MiniOzoneClusterImpl-5ea26da2-f48a-485b-abc0-853cbfba6fbc/datanode-7/data/ratis/d280d862-a4a3-4654-bedd-e4049b7fd6e3
2019-09-11 21:55:41,529 [pool-97-thread-1] INFO  server.RaftServerConfigKeys (ConfUtils.java:logGet(43)) - raft.server.log.queue.byte-limit = 2147483647 (custom)
2019-09-11 21:55:41,529 [pool-97-thread-1] INFO  server.RaftServerConfigKeys (ConfUtils.java:logGet(43)) - raft.server.log.queue.element-limit = 1024 (custom)
2019-09-11 21:55:41,530 [pool-97-thread-1] INFO  server.RaftServerConfigKeys (ConfUtils.java:logGet(43)) - raft.server.log.segment.size.max = 1048576 (custom)
2019-09-11 21:55:41,530 [pool-97-thread-1] INFO  server.RaftServerConfigKeys (ConfUtils.java:logGet(43)) - raft.server.log.preallocated.size = 16384 (custom)
2019-09-11 21:55:41,530 [pool-97-thread-1] INFO  server.RaftServerConfigKeys (ConfUtils.java:logGet(43)) - raft.server.log.write.buffer.size = 33554432 (custom)
2019-09-11 21:55:41,530 [pool-97-thread-1] INFO  server.RaftServerConfigKeys (ConfUtils.java:logGet(43)) - raft.server.log.force.sync.num = 128 (default)
2019-09-11 21:55:41,530 [pool-97-thread-1] INFO  server.RaftServerConfigKeys (ConfUtils.java:logGet(43)) - raft.server.log.statemachine.data.sync = true (default)
2019-09-11 21:55:41,531 [pool-97-thread-1] INFO  server.RaftServerConfigKeys (ConfUtils.java:logGet(43)) - raft.server.log.statemachine.data.sync.timeout = 10s (default)
2019-09-11 21:55:41,531 [pool-97-thread-1] INFO  server.RaftServerConfigKeys (ConfUtils.java:logGet(43)) - raft.server.log.statemachine.data.sync.timeout.retry = -1 (default)
2019-09-11 21:55:41,531 [pool-97-thread-1] INFO  server.RaftServerConfigKeys (ConfUtils.java:logGet(43)) - raft.server.log.statemachine.data.caching.enabled = true (custom)
2019-09-11 21:55:41,532 [pool-97-thread-1] INFO  segmented.SegmentedRaftLogWorker (SegmentedRaftLogWorker.java:lambda$new$0(132)) - b90393f0-91c9-4286-839e-32ae26f144bd@group-E4049B7FD6E3-SegmentedRaftLogWorker: flushIndex: setUnconditionally 0 -> -1
2019-09-11 21:55:41,532 [pool-97-thread-1] INFO  server.RaftServerConfigKeys (ConfUtils.java:logGet(43)) - raft.server.snapshot.auto.trigger.enabled = true (custom)
2019-09-11 21:55:41,532 [pool-97-thread-1] INFO  server.RaftServerConfigKeys (ConfUtils.java:logGet(43)) - raft.server.snapshot.auto.trigger.threshold = 10000 (custom)
2019-09-11 21:55:41,532 [pool-97-thread-1] INFO  server.RaftServerConfigKeys (ConfUtils.java:logGet(43)) - raft.server.snapshot.retention.num.files = -1 (default)
2019-09-11 21:55:41,533 [pool-97-thread-1] INFO  server.RaftServerConfigKeys (ConfUtils.java:logGet(43)) - raft.server.retrycache.expirytime = 600000ms (custom)
2019-09-11 21:55:41,538 [pool-97-thread-1] INFO  impl.RaftServerImpl (RaftServerImpl.java:start(185)) - b90393f0-91c9-4286-839e-32ae26f144bd@group-E4049B7FD6E3: start as a follower, conf=-1: [b90393f0-91c9-4286-839e-32ae26f144bd:192.168.34.45:32948], old=null
2019-09-11 21:55:41,538 [pool-97-thread-1] INFO  impl.RaftServerImpl (RaftServerImpl.java:setRole(174)) - b90393f0-91c9-4286-839e-32ae26f144bd@group-E4049B7FD6E3: changes role from      null to FOLLOWER at term 0 for startAsFollower
2019-09-11 21:55:41,539 [pool-97-thread-1] INFO  impl.RoleInfo (RoleInfo.java:updateAndGet(143)) - b90393f0-91c9-4286-839e-32ae26f144bd: start FollowerState
2019-09-11 21:55:41,541 [pool-97-thread-1] INFO  util.JmxRegister (JmxRegister.java:tryRegister(44)) - Successfully registered JMX Bean with object name Ratis:service=RaftServer,group=group-E4049B7FD6E3,id=b90393f0-91c9-4286-839e-32ae26f144bd
2019-09-11 21:55:41,570 [RatisPipelineUtilsThread] INFO  pipeline.PipelineStateManager (PipelineStateManager.java:addPipeline(56)) - Created pipeline Pipeline[ Id: d280d862-a4a3-4654-bedd-e4049b7fd6e3, Nodes: b90393f0-91c9-4286-839e-32ae26f144bd{ip: 192.168.34.45, host: pr-hdds-2106-g2ln6-2689029927, networkLocation: /default-rack, certSerialId: null}, Type:RATIS, Factor:ONE, State:OPEN]
2019-09-11 21:55:41,602 [grpc-default-executor-0] INFO  impl.RaftServerProxy (RaftServerProxy.java:addNew(89)) - b8cc5711-5e40-41ff-95d6-57cfdaa6737f: addNew group-E4386BA39BCF:[b8cc5711-5e40-41ff-95d6-57cfdaa6737f:192.168.34.45:35460] returns group-E4386BA39BCF:java.util.concurrent.CompletableFuture@7b1f8e89[Not completed]
2019-09-11 21:55:41,641 [pool-47-thread-1] INFO  impl.RaftServerImpl (RaftServerImpl.java:<init>(95)) - b8cc5711-5e40-41ff-95d6-57cfdaa6737f: new RaftServerImpl for group-E4386BA39BCF:[b8cc5711-5e40-41ff-95d6-57cfdaa6737f:192.168.34.45:35460] with ContainerStateMachine:uninitialized
2019-09-11 21:55:41,641 [pool-47-thread-1] INFO  server.RaftServerConfigKeys (ConfUtils.java:logGet(43)) - raft.server.rpc.timeout.min = 1s (custom)
2019-09-11 21:55:41,641 [pool-47-thread-1] INFO  server.RaftServerConfigKeys (ConfUtils.java:logGet(43)) - raft.server.rpc.timeout.max = 1200ms (custom)
2019-09-11 21:55:41,642 [pool-47-thread-1] INFO  server.RaftServerConfigKeys (ConfUtils.java:logGet(43)) - raft.server.rpcslowness.timeout = 120s (custom)
2019-09-11 21:55:41,642 [pool-47-thread-1] INFO  server.RaftServerConfigKeys (ConfUtils.java:logGet(43)) - raft.server.sleep.deviation.threshold = 300 (default)
2019-09-11 21:55:41,642 [pool-47-thread-1] INFO  server.RaftServerConfigKeys (ConfUtils.java:logGet(43)) - raft.server.log.appender.install.snapshot.enabled = false (custom)
2019-09-11 21:55:41,642 [pool-47-thread-1] INFO  impl.RaftServerImpl (ServerState.java:<init>(103)) - b8cc5711-5e40-41ff-95d6-57cfdaa6737f@group-E4386BA39BCF: ConfigurationManager, init=-1: [b8cc5711-5e40-41ff-95d6-57cfdaa6737f:192.168.34.45:35460], old=null, confs=<EMPTY_MAP>
2019-09-11 21:55:41,642 [pool-47-thread-1] INFO  server.RaftServerConfigKeys (ConfUtils.java:logGet(43)) - raft.server.storage.dir = [/workdir/hadoop-ozone/integration-test/target/test-dir/MiniOzoneClusterImpl-5ea26da2-f48a-485b-abc0-853cbfba6fbc/datanode-2/data/ratis] (custom)
2019-09-11 21:55:41,643 [pool-47-thread-1] INFO  storage.RaftStorageDirectory (RaftStorageDirectory.java:analyzeStorage(246)) - The storage directory /workdir/hadoop-ozone/integration-test/target/test-dir/MiniOzoneClusterImpl-5ea26da2-f48a-485b-abc0-853cbfba6fbc/datanode-2/data/ratis/8b78c4a1-bb04-4ef9-8e01-e4386ba39bcf does not exist. Creating ...
2019-09-11 21:55:41,668 [pool-47-thread-1] INFO  storage.RaftStorageDirectory (RaftStorageDirectory.java:tryLock(328)) - Lock on /workdir/hadoop-ozone/integration-test/target/test-dir/MiniOzoneClusterImpl-5ea26da2-f48a-485b-abc0-853cbfba6fbc/datanode-2/data/ratis/8b78c4a1-bb04-4ef9-8e01-e4386ba39bcf/in_use.lock acquired by nodename 7037@pr-hdds-2106-g2ln6-2689029927
2019-09-11 21:55:41,684 [pool-47-thread-1] INFO  storage.RaftStorage (RaftStorage.java:format(72)) - Storage directory /workdir/hadoop-ozone/integration-test/target/test-dir/MiniOzoneClusterImpl-5ea26da2-f48a-485b-abc0-853cbfba6fbc/datanode-2/data/ratis/8b78c4a1-bb04-4ef9-8e01-e4386ba39bcf has been successfully formatted.
2019-09-11 21:55:41,684 [pool-47-thread-1] INFO  ratis.ContainerStateMachine (ContainerStateMachine.java:loadSnapshot(230)) - group-E4386BA39BCF: The snapshot info is null. Setting the last applied indexto:(t:0, i:~)
2019-09-11 21:55:41,684 [pool-47-thread-1] INFO  server.RaftServerConfigKeys (ConfUtils.java:logGet(43)) - raft.server.notification.no-leader.timeout = 120s (custom)
2019-09-11 21:55:41,685 [pool-47-thread-1] INFO  server.RaftServerConfigKeys (ConfUtils.java:logGet(43)) - raft.server.log.use.memory = false (default)
2019-09-11 21:55:41,685 [pool-47-thread-1] INFO  server.RaftServerConfigKeys (ConfUtils.java:logGet(43)) - raft.server.log.purge.gap = 1000000 (custom)
2019-09-11 21:55:41,685 [pool-47-thread-1] INFO  server.RaftServerConfigKeys (ConfUtils.java:logGet(43)) - raft.server.log.appender.buffer.byte-limit = 33554432 (custom)
2019-09-11 21:55:41,685 [pool-47-thread-1] INFO  server.RaftServerConfigKeys (ConfUtils.java:logGet(43)) - raft.server.log.segment.size.max = 1048576 (custom)
2019-09-11 21:55:41,685 [pool-47-thread-1] INFO  server.RaftServerConfigKeys (ConfUtils.java:logGet(43)) - raft.server.log.segment.cache.num.max = 2 (custom)
2019-09-11 21:55:41,686 [pool-47-thread-1] INFO  segmented.SegmentedRaftLogWorker (SegmentedRaftLogWorker.java:<init>(172)) - new b8cc5711-5e40-41ff-95d6-57cfdaa6737f@group-E4386BA39BCF-SegmentedRaftLogWorker for RaftStorage:Storage Directory /workdir/hadoop-ozone/integration-test/target/test-dir/MiniOzoneClusterImpl-5ea26da2-f48a-485b-abc0-853cbfba6fbc/datanode-2/data/ratis/8b78c4a1-bb04-4ef9-8e01-e4386ba39bcf
2019-09-11 21:55:41,734 [pool-47-thread-1] INFO  server.RaftServerConfigKeys (ConfUtils.java:logGet(43)) - raft.server.log.queue.byte-limit = 2147483647 (custom)
2019-09-11 21:55:41,734 [pool-47-thread-1] INFO  server.RaftServerConfigKeys (ConfUtils.java:logGet(43)) - raft.server.log.queue.element-limit = 1024 (custom)
2019-09-11 21:55:41,735 [pool-47-thread-1] INFO  server.RaftServerConfigKeys (ConfUtils.java:logGet(43)) - raft.server.log.segment.size.max = 1048576 (custom)
2019-09-11 21:55:41,735 [pool-47-thread-1] INFO  server.RaftServerConfigKeys (ConfUtils.java:logGet(43)) - raft.server.log.preallocated.size = 16384 (custom)
2019-09-11 21:55:41,735 [pool-47-thread-1] INFO  server.RaftServerConfigKeys (ConfUtils.java:logGet(43)) - raft.server.log.write.buffer.size = 33554432 (custom)
2019-09-11 21:55:41,735 [pool-47-thread-1] INFO  server.RaftServerConfigKeys (ConfUtils.java:logGet(43)) - raft.server.log.force.sync.num = 128 (default)
2019-09-11 21:55:41,736 [pool-47-thread-1] INFO  server.RaftServerConfigKeys (ConfUtils.java:logGet(43)) - raft.server.log.statemachine.data.sync = true (default)
2019-09-11 21:55:41,736 [pool-47-thread-1] INFO  server.RaftServerConfigKeys (ConfUtils.java:logGet(43)) - raft.server.log.statemachine.data.sync.timeout = 10s (default)
2019-09-11 21:55:41,736 [pool-47-thread-1] INFO  server.RaftServerConfigKeys (ConfUtils.java:logGet(43)) - raft.server.log.statemachine.data.sync.timeout.retry = -1 (default)
2019-09-11 21:55:41,736 [pool-47-thread-1] INFO  server.RaftServerConfigKeys (ConfUtils.java:logGet(43)) - raft.server.log.statemachine.data.caching.enabled = true (custom)
2019-09-11 21:55:41,737 [pool-47-thread-1] INFO  segmented.SegmentedRaftLogWorker (SegmentedRaftLogWorker.java:lambda$new$0(132)) - b8cc5711-5e40-41ff-95d6-57cfdaa6737f@group-E4386BA39BCF-SegmentedRaftLogWorker: flushIndex: setUnconditionally 0 -> -1
2019-09-11 21:55:41,737 [pool-47-thread-1] INFO  server.RaftServerConfigKeys (ConfUtils.java:logGet(43)) - raft.server.snapshot.auto.trigger.enabled = true (custom)
2019-09-11 21:55:41,738 [pool-47-thread-1] INFO  server.RaftServerConfigKeys (ConfUtils.java:logGet(43)) - raft.server.snapshot.auto.trigger.threshold = 10000 (custom)
2019-09-11 21:55:41,738 [pool-47-thread-1] INFO  server.RaftServerConfigKeys (ConfUtils.java:logGet(43)) - raft.server.snapshot.retention.num.files = -1 (default)
2019-09-11 21:55:41,738 [pool-47-thread-1] INFO  server.RaftServerConfigKeys (ConfUtils.java:logGet(43)) - raft.server.retrycache.expirytime = 600000ms (custom)
2019-09-11 21:55:41,744 [pool-47-thread-1] INFO  impl.RaftServerImpl (RaftServerImpl.java:start(185)) - b8cc5711-5e40-41ff-95d6-57cfdaa6737f@group-E4386BA39BCF: start as a follower, conf=-1: [b8cc5711-5e40-41ff-95d6-57cfdaa6737f:192.168.34.45:35460], old=null
2019-09-11 21:55:41,745 [pool-47-thread-1] INFO  impl.RaftServerImpl (RaftServerImpl.java:setRole(174)) - b8cc5711-5e40-41ff-95d6-57cfdaa6737f@group-E4386BA39BCF: changes role from      null to FOLLOWER at term 0 for startAsFollower
2019-09-11 21:55:41,745 [pool-47-thread-1] INFO  impl.RoleInfo (RoleInfo.java:updateAndGet(143)) - b8cc5711-5e40-41ff-95d6-57cfdaa6737f: start FollowerState
2019-09-11 21:55:41,745 [pool-47-thread-1] INFO  util.JmxRegister (JmxRegister.java:tryRegister(44)) - Successfully registered JMX Bean with object name Ratis:service=RaftServer,group=group-E4386BA39BCF,id=b8cc5711-5e40-41ff-95d6-57cfdaa6737f
2019-09-11 21:55:41,768 [RatisPipelineUtilsThread] INFO  pipeline.PipelineStateManager (PipelineStateManager.java:addPipeline(56)) - Created pipeline Pipeline[ Id: 8b78c4a1-bb04-4ef9-8e01-e4386ba39bcf, Nodes: b8cc5711-5e40-41ff-95d6-57cfdaa6737f{ip: 192.168.34.45, host: pr-hdds-2106-g2ln6-2689029927, networkLocation: /default-rack, certSerialId: null}, Type:RATIS, Factor:ONE, State:OPEN]
2019-09-11 21:55:41,798 [grpc-default-executor-0] INFO  impl.RaftServerProxy (RaftServerProxy.java:addNew(89)) - a5cc9080-cfb9-4240-b5a2-6affb7ccbad1: addNew group-1035D61380E6:[a5cc9080-cfb9-4240-b5a2-6affb7ccbad1:192.168.34.45:33471] returns group-1035D61380E6:java.util.concurrent.CompletableFuture@4ff91e08[Not completed]
2019-09-11 21:55:41,806 [pool-87-thread-1] INFO  impl.RaftServerImpl (RaftServerImpl.java:<init>(95)) - a5cc9080-cfb9-4240-b5a2-6affb7ccbad1: new RaftServerImpl for group-1035D61380E6:[a5cc9080-cfb9-4240-b5a2-6affb7ccbad1:192.168.34.45:33471] with ContainerStateMachine:uninitialized
2019-09-11 21:55:41,807 [pool-87-thread-1] INFO  server.RaftServerConfigKeys (ConfUtils.java:logGet(43)) - raft.server.rpc.timeout.min = 1s (custom)
2019-09-11 21:55:41,807 [pool-87-thread-1] INFO  server.RaftServerConfigKeys (ConfUtils.java:logGet(43)) - raft.server.rpc.timeout.max = 1200ms (custom)
2019-09-11 21:55:41,807 [pool-87-thread-1] INFO  server.RaftServerConfigKeys (ConfUtils.java:logGet(43)) - raft.server.rpcslowness.timeout = 120s (custom)
2019-09-11 21:55:41,807 [pool-87-thread-1] INFO  server.RaftServerConfigKeys (ConfUtils.java:logGet(43)) - raft.server.sleep.deviation.threshold = 300 (default)
2019-09-11 21:55:41,807 [pool-87-thread-1] INFO  server.RaftServerConfigKeys (ConfUtils.java:logGet(43)) - raft.server.log.appender.install.snapshot.enabled = false (custom)
2019-09-11 21:55:41,808 [pool-87-thread-1] INFO  impl.RaftServerImpl (ServerState.java:<init>(103)) - a5cc9080-cfb9-4240-b5a2-6affb7ccbad1@group-1035D61380E6: ConfigurationManager, init=-1: [a5cc9080-cfb9-4240-b5a2-6affb7ccbad1:192.168.34.45:33471], old=null, confs=<EMPTY_MAP>
2019-09-11 21:55:41,808 [pool-87-thread-1] INFO  server.RaftServerConfigKeys (ConfUtils.java:logGet(43)) - raft.server.storage.dir = [/workdir/hadoop-ozone/integration-test/target/test-dir/MiniOzoneClusterImpl-5ea26da2-f48a-485b-abc0-853cbfba6fbc/datanode-6/data/ratis] (custom)
2019-09-11 21:55:41,809 [pool-87-thread-1] INFO  storage.RaftStorageDirectory (RaftStorageDirectory.java:analyzeStorage(246)) - The storage directory /workdir/hadoop-ozone/integration-test/target/test-dir/MiniOzoneClusterImpl-5ea26da2-f48a-485b-abc0-853cbfba6fbc/datanode-6/data/ratis/acf42cd4-bfe8-4aee-a727-1035d61380e6 does not exist. Creating ...
2019-09-11 21:55:41,833 [pool-87-thread-1] INFO  storage.RaftStorageDirectory (RaftStorageDirectory.java:tryLock(328)) - Lock on /workdir/hadoop-ozone/integration-test/target/test-dir/MiniOzoneClusterImpl-5ea26da2-f48a-485b-abc0-853cbfba6fbc/datanode-6/data/ratis/acf42cd4-bfe8-4aee-a727-1035d61380e6/in_use.lock acquired by nodename 7037@pr-hdds-2106-g2ln6-2689029927
2019-09-11 21:55:41,848 [pool-87-thread-1] INFO  storage.RaftStorage (RaftStorage.java:format(72)) - Storage directory /workdir/hadoop-ozone/integration-test/target/test-dir/MiniOzoneClusterImpl-5ea26da2-f48a-485b-abc0-853cbfba6fbc/datanode-6/data/ratis/acf42cd4-bfe8-4aee-a727-1035d61380e6 has been successfully formatted.
2019-09-11 21:55:41,849 [pool-87-thread-1] INFO  ratis.ContainerStateMachine (ContainerStateMachine.java:loadSnapshot(230)) - group-1035D61380E6: The snapshot info is null. Setting the last applied indexto:(t:0, i:~)
2019-09-11 21:55:41,849 [pool-87-thread-1] INFO  server.RaftServerConfigKeys (ConfUtils.java:logGet(43)) - raft.server.notification.no-leader.timeout = 120s (custom)
2019-09-11 21:55:41,849 [pool-87-thread-1] INFO  server.RaftServerConfigKeys (ConfUtils.java:logGet(43)) - raft.server.log.use.memory = false (default)
2019-09-11 21:55:41,850 [pool-87-thread-1] INFO  server.RaftServerConfigKeys (ConfUtils.java:logGet(43)) - raft.server.log.purge.gap = 1000000 (custom)
2019-09-11 21:55:41,850 [pool-87-thread-1] INFO  server.RaftServerConfigKeys (ConfUtils.java:logGet(43)) - raft.server.log.appender.buffer.byte-limit = 33554432 (custom)
2019-09-11 21:55:41,850 [pool-87-thread-1] INFO  server.RaftServerConfigKeys (ConfUtils.java:logGet(43)) - raft.server.log.segment.size.max = 1048576 (custom)
2019-09-11 21:55:41,850 [pool-87-thread-1] INFO  server.RaftServerConfigKeys (ConfUtils.java:logGet(43)) - raft.server.log.segment.cache.num.max = 2 (custom)
2019-09-11 21:55:41,850 [pool-87-thread-1] INFO  segmented.SegmentedRaftLogWorker (SegmentedRaftLogWorker.java:<init>(172)) - new a5cc9080-cfb9-4240-b5a2-6affb7ccbad1@group-1035D61380E6-SegmentedRaftLogWorker for RaftStorage:Storage Directory /workdir/hadoop-ozone/integration-test/target/test-dir/MiniOzoneClusterImpl-5ea26da2-f48a-485b-abc0-853cbfba6fbc/datanode-6/data/ratis/acf42cd4-bfe8-4aee-a727-1035d61380e6
2019-09-11 21:55:41,856 [pool-87-thread-1] INFO  server.RaftServerConfigKeys (ConfUtils.java:logGet(43)) - raft.server.log.queue.byte-limit = 2147483647 (custom)
2019-09-11 21:55:41,856 [pool-87-thread-1] INFO  server.RaftServerConfigKeys (ConfUtils.java:logGet(43)) - raft.server.log.queue.element-limit = 1024 (custom)
2019-09-11 21:55:41,857 [pool-87-thread-1] INFO  server.RaftServerConfigKeys (ConfUtils.java:logGet(43)) - raft.server.log.segment.size.max = 1048576 (custom)
2019-09-11 21:55:41,857 [pool-87-thread-1] INFO  server.RaftServerConfigKeys (ConfUtils.java:logGet(43)) - raft.server.log.preallocated.size = 16384 (custom)
2019-09-11 21:55:41,857 [pool-87-thread-1] INFO  server.RaftServerConfigKeys (ConfUtils.java:logGet(43)) - raft.server.log.write.buffer.size = 33554432 (custom)
2019-09-11 21:55:41,857 [pool-87-thread-1] INFO  server.RaftServerConfigKeys (ConfUtils.java:logGet(43)) - raft.server.log.force.sync.num = 128 (default)
2019-09-11 21:55:41,857 [pool-87-thread-1] INFO  server.RaftServerConfigKeys (ConfUtils.java:logGet(43)) - raft.server.log.statemachine.data.sync = true (default)
2019-09-11 21:55:41,858 [pool-87-thread-1] INFO  server.RaftServerConfigKeys (ConfUtils.java:logGet(43)) - raft.server.log.statemachine.data.sync.timeout = 10s (default)
2019-09-11 21:55:41,858 [pool-87-thread-1] INFO  server.RaftServerConfigKeys (ConfUtils.java:logGet(43)) - raft.server.log.statemachine.data.sync.timeout.retry = -1 (default)
2019-09-11 21:55:41,858 [pool-87-thread-1] INFO  server.RaftServerConfigKeys (ConfUtils.java:logGet(43)) - raft.server.log.statemachine.data.caching.enabled = true (custom)
2019-09-11 21:55:41,859 [pool-87-thread-1] INFO  segmented.SegmentedRaftLogWorker (SegmentedRaftLogWorker.java:lambda$new$0(132)) - a5cc9080-cfb9-4240-b5a2-6affb7ccbad1@group-1035D61380E6-SegmentedRaftLogWorker: flushIndex: setUnconditionally 0 -> -1
2019-09-11 21:55:41,859 [pool-87-thread-1] INFO  server.RaftServerConfigKeys (ConfUtils.java:logGet(43)) - raft.server.snapshot.auto.trigger.enabled = true (custom)
2019-09-11 21:55:41,859 [pool-87-thread-1] INFO  server.RaftServerConfigKeys (ConfUtils.java:logGet(43)) - raft.server.snapshot.auto.trigger.threshold = 10000 (custom)
2019-09-11 21:55:41,860 [pool-87-thread-1] INFO  server.RaftServerConfigKeys (ConfUtils.java:logGet(43)) - raft.server.snapshot.retention.num.files = -1 (default)
2019-09-11 21:55:41,860 [pool-87-thread-1] INFO  server.RaftServerConfigKeys (ConfUtils.java:logGet(43)) - raft.server.retrycache.expirytime = 600000ms (custom)
2019-09-11 21:55:41,865 [pool-87-thread-1] INFO  impl.RaftServerImpl (RaftServerImpl.java:start(185)) - a5cc9080-cfb9-4240-b5a2-6affb7ccbad1@group-1035D61380E6: start as a follower, conf=-1: [a5cc9080-cfb9-4240-b5a2-6affb7ccbad1:192.168.34.45:33471], old=null
2019-09-11 21:55:41,866 [pool-87-thread-1] INFO  impl.RaftServerImpl (RaftServerImpl.java:setRole(174)) - a5cc9080-cfb9-4240-b5a2-6affb7ccbad1@group-1035D61380E6: changes role from      null to FOLLOWER at term 0 for startAsFollower
2019-09-11 21:55:41,866 [pool-87-thread-1] INFO  impl.RoleInfo (RoleInfo.java:updateAndGet(143)) - a5cc9080-cfb9-4240-b5a2-6affb7ccbad1: start FollowerState
2019-09-11 21:55:41,866 [pool-87-thread-1] INFO  util.JmxRegister (JmxRegister.java:tryRegister(44)) - Successfully registered JMX Bean with object name Ratis:service=RaftServer,group=group-1035D61380E6,id=a5cc9080-cfb9-4240-b5a2-6affb7ccbad1
2019-09-11 21:55:41,894 [RatisPipelineUtilsThread] INFO  pipeline.PipelineStateManager (PipelineStateManager.java:addPipeline(56)) - Created pipeline Pipeline[ Id: acf42cd4-bfe8-4aee-a727-1035d61380e6, Nodes: a5cc9080-cfb9-4240-b5a2-6affb7ccbad1{ip: 192.168.34.45, host: pr-hdds-2106-g2ln6-2689029927, networkLocation: /default-rack, certSerialId: null}, Type:RATIS, Factor:ONE, State:OPEN]
2019-09-11 21:55:41,916 [grpc-default-executor-0] INFO  impl.RaftServerProxy (RaftServerProxy.java:addNew(89)) - a5a7e056-72fb-437a-9ac2-af7573048f25: addNew group-46FD3BBA678B:[a5a7e056-72fb-437a-9ac2-af7573048f25:192.168.34.45:39698] returns group-46FD3BBA678B:java.util.concurrent.CompletableFuture@19597d6b[Not completed]
2019-09-11 21:55:41,923 [pool-77-thread-1] INFO  impl.RaftServerImpl (RaftServerImpl.java:<init>(95)) - a5a7e056-72fb-437a-9ac2-af7573048f25: new RaftServerImpl for group-46FD3BBA678B:[a5a7e056-72fb-437a-9ac2-af7573048f25:192.168.34.45:39698] with ContainerStateMachine:uninitialized
2019-09-11 21:55:41,923 [pool-77-thread-1] INFO  server.RaftServerConfigKeys (ConfUtils.java:logGet(43)) - raft.server.rpc.timeout.min = 1s (custom)
2019-09-11 21:55:41,923 [pool-77-thread-1] INFO  server.RaftServerConfigKeys (ConfUtils.java:logGet(43)) - raft.server.rpc.timeout.max = 1200ms (custom)
2019-09-11 21:55:41,924 [pool-77-thread-1] INFO  server.RaftServerConfigKeys (ConfUtils.java:logGet(43)) - raft.server.rpcslowness.timeout = 120s (custom)
2019-09-11 21:55:41,924 [pool-77-thread-1] INFO  server.RaftServerConfigKeys (ConfUtils.java:logGet(43)) - raft.server.sleep.deviation.threshold = 300 (default)
2019-09-11 21:55:41,924 [pool-77-thread-1] INFO  server.RaftServerConfigKeys (ConfUtils.java:logGet(43)) - raft.server.log.appender.install.snapshot.enabled = false (custom)
2019-09-11 21:55:41,924 [pool-77-thread-1] INFO  impl.RaftServerImpl (ServerState.java:<init>(103)) - a5a7e056-72fb-437a-9ac2-af7573048f25@group-46FD3BBA678B: ConfigurationManager, init=-1: [a5a7e056-72fb-437a-9ac2-af7573048f25:192.168.34.45:39698], old=null, confs=<EMPTY_MAP>
2019-09-11 21:55:41,925 [pool-77-thread-1] INFO  server.RaftServerConfigKeys (ConfUtils.java:logGet(43)) - raft.server.storage.dir = [/workdir/hadoop-ozone/integration-test/target/test-dir/MiniOzoneClusterImpl-5ea26da2-f48a-485b-abc0-853cbfba6fbc/datanode-5/data/ratis] (custom)
2019-09-11 21:55:41,925 [pool-77-thread-1] INFO  storage.RaftStorageDirectory (RaftStorageDirectory.java:analyzeStorage(246)) - The storage directory /workdir/hadoop-ozone/integration-test/target/test-dir/MiniOzoneClusterImpl-5ea26da2-f48a-485b-abc0-853cbfba6fbc/datanode-5/data/ratis/aa2dba49-267b-4d80-9a5a-46fd3bba678b does not exist. Creating ...
2019-09-11 21:55:41,939 [pool-77-thread-1] INFO  storage.RaftStorageDirectory (RaftStorageDirectory.java:tryLock(328)) - Lock on /workdir/hadoop-ozone/integration-test/target/test-dir/MiniOzoneClusterImpl-5ea26da2-f48a-485b-abc0-853cbfba6fbc/datanode-5/data/ratis/aa2dba49-267b-4d80-9a5a-46fd3bba678b/in_use.lock acquired by nodename 7037@pr-hdds-2106-g2ln6-2689029927
2019-09-11 21:55:41,952 [pool-77-thread-1] INFO  storage.RaftStorage (RaftStorage.java:format(72)) - Storage directory /workdir/hadoop-ozone/integration-test/target/test-dir/MiniOzoneClusterImpl-5ea26da2-f48a-485b-abc0-853cbfba6fbc/datanode-5/data/ratis/aa2dba49-267b-4d80-9a5a-46fd3bba678b has been successfully formatted.
2019-09-11 21:55:41,953 [pool-77-thread-1] INFO  ratis.ContainerStateMachine (ContainerStateMachine.java:loadSnapshot(230)) - group-46FD3BBA678B: The snapshot info is null. Setting the last applied indexto:(t:0, i:~)
2019-09-11 21:55:41,953 [pool-77-thread-1] INFO  server.RaftServerConfigKeys (ConfUtils.java:logGet(43)) - raft.server.notification.no-leader.timeout = 120s (custom)
2019-09-11 21:55:41,953 [pool-77-thread-1] INFO  server.RaftServerConfigKeys (ConfUtils.java:logGet(43)) - raft.server.log.use.memory = false (default)
2019-09-11 21:55:41,953 [pool-77-thread-1] INFO  server.RaftServerConfigKeys (ConfUtils.java:logGet(43)) - raft.server.log.purge.gap = 1000000 (custom)
2019-09-11 21:55:41,953 [pool-77-thread-1] INFO  server.RaftServerConfigKeys (ConfUtils.java:logGet(43)) - raft.server.log.appender.buffer.byte-limit = 33554432 (custom)
2019-09-11 21:55:41,954 [pool-77-thread-1] INFO  server.RaftServerConfigKeys (ConfUtils.java:logGet(43)) - raft.server.log.segment.size.max = 1048576 (custom)
2019-09-11 21:55:41,954 [pool-77-thread-1] INFO  server.RaftServerConfigKeys (ConfUtils.java:logGet(43)) - raft.server.log.segment.cache.num.max = 2 (custom)
2019-09-11 21:55:41,954 [pool-77-thread-1] INFO  segmented.SegmentedRaftLogWorker (SegmentedRaftLogWorker.java:<init>(172)) - new a5a7e056-72fb-437a-9ac2-af7573048f25@group-46FD3BBA678B-SegmentedRaftLogWorker for RaftStorage:Storage Directory /workdir/hadoop-ozone/integration-test/target/test-dir/MiniOzoneClusterImpl-5ea26da2-f48a-485b-abc0-853cbfba6fbc/datanode-5/data/ratis/aa2dba49-267b-4d80-9a5a-46fd3bba678b
2019-09-11 21:55:41,959 [pool-77-thread-1] INFO  server.RaftServerConfigKeys (ConfUtils.java:logGet(43)) - raft.server.log.queue.byte-limit = 2147483647 (custom)
2019-09-11 21:55:41,959 [pool-77-thread-1] INFO  server.RaftServerConfigKeys (ConfUtils.java:logGet(43)) - raft.server.log.queue.element-limit = 1024 (custom)
2019-09-11 21:55:41,959 [pool-77-thread-1] INFO  server.RaftServerConfigKeys (ConfUtils.java:logGet(43)) - raft.server.log.segment.size.max = 1048576 (custom)
2019-09-11 21:55:41,960 [pool-77-thread-1] INFO  server.RaftServerConfigKeys (ConfUtils.java:logGet(43)) - raft.server.log.preallocated.size = 16384 (custom)
2019-09-11 21:55:41,960 [pool-77-thread-1] INFO  server.RaftServerConfigKeys (ConfUtils.java:logGet(43)) - raft.server.log.write.buffer.size = 33554432 (custom)
2019-09-11 21:55:41,960 [pool-77-thread-1] INFO  server.RaftServerConfigKeys (ConfUtils.java:logGet(43)) - raft.server.log.force.sync.num = 128 (default)
2019-09-11 21:55:41,960 [pool-77-thread-1] INFO  server.RaftServerConfigKeys (ConfUtils.java:logGet(43)) - raft.server.log.statemachine.data.sync = true (default)
2019-09-11 21:55:41,960 [pool-77-thread-1] INFO  server.RaftServerConfigKeys (ConfUtils.java:logGet(43)) - raft.server.log.statemachine.data.sync.timeout = 10s (default)
2019-09-11 21:55:41,961 [pool-77-thread-1] INFO  server.RaftServerConfigKeys (ConfUtils.java:logGet(43)) - raft.server.log.statemachine.data.sync.timeout.retry = -1 (default)
2019-09-11 21:55:41,961 [pool-77-thread-1] INFO  server.RaftServerConfigKeys (ConfUtils.java:logGet(43)) - raft.server.log.statemachine.data.caching.enabled = true (custom)
2019-09-11 21:55:41,962 [pool-77-thread-1] INFO  segmented.SegmentedRaftLogWorker (SegmentedRaftLogWorker.java:lambda$new$0(132)) - a5a7e056-72fb-437a-9ac2-af7573048f25@group-46FD3BBA678B-SegmentedRaftLogWorker: flushIndex: setUnconditionally 0 -> -1
2019-09-11 21:55:41,962 [pool-77-thread-1] INFO  server.RaftServerConfigKeys (ConfUtils.java:logGet(43)) - raft.server.snapshot.auto.trigger.enabled = true (custom)
2019-09-11 21:55:41,962 [pool-77-thread-1] INFO  server.RaftServerConfigKeys (ConfUtils.java:logGet(43)) - raft.server.snapshot.auto.trigger.threshold = 10000 (custom)
2019-09-11 21:55:41,962 [pool-77-thread-1] INFO  server.RaftServerConfigKeys (ConfUtils.java:logGet(43)) - raft.server.snapshot.retention.num.files = -1 (default)
2019-09-11 21:55:41,963 [pool-77-thread-1] INFO  server.RaftServerConfigKeys (ConfUtils.java:logGet(43)) - raft.server.retrycache.expirytime = 600000ms (custom)
2019-09-11 21:55:41,967 [pool-77-thread-1] INFO  impl.RaftServerImpl (RaftServerImpl.java:start(185)) - a5a7e056-72fb-437a-9ac2-af7573048f25@group-46FD3BBA678B: start as a follower, conf=-1: [a5a7e056-72fb-437a-9ac2-af7573048f25:192.168.34.45:39698], old=null
2019-09-11 21:55:41,968 [pool-77-thread-1] INFO  impl.RaftServerImpl (RaftServerImpl.java:setRole(174)) - a5a7e056-72fb-437a-9ac2-af7573048f25@group-46FD3BBA678B: changes role from      null to FOLLOWER at term 0 for startAsFollower
2019-09-11 21:55:41,968 [pool-77-thread-1] INFO  impl.RoleInfo (RoleInfo.java:updateAndGet(143)) - a5a7e056-72fb-437a-9ac2-af7573048f25: start FollowerState
2019-09-11 21:55:41,968 [pool-77-thread-1] INFO  util.JmxRegister (JmxRegister.java:tryRegister(44)) - Successfully registered JMX Bean with object name Ratis:service=RaftServer,group=group-46FD3BBA678B,id=a5a7e056-72fb-437a-9ac2-af7573048f25
2019-09-11 21:55:41,986 [RatisPipelineUtilsThread] INFO  pipeline.PipelineStateManager (PipelineStateManager.java:addPipeline(56)) - Created pipeline Pipeline[ Id: aa2dba49-267b-4d80-9a5a-46fd3bba678b, Nodes: a5a7e056-72fb-437a-9ac2-af7573048f25{ip: 192.168.34.45, host: pr-hdds-2106-g2ln6-2689029927, networkLocation: /default-rack, certSerialId: null}, Type:RATIS, Factor:ONE, State:OPEN]
2019-09-11 21:55:42,008 [grpc-default-executor-0] INFO  impl.RaftServerProxy (RaftServerProxy.java:addNew(89)) - c2a73e63-4533-4661-ae84-dd5a39362559: addNew group-6E863F258CFF:[c2a73e63-4533-4661-ae84-dd5a39362559:192.168.34.45:40043] returns group-6E863F258CFF:java.util.concurrent.CompletableFuture@1cbab7f8[Not completed]
2019-09-11 21:55:42,015 [pool-57-thread-1] INFO  impl.RaftServerImpl (RaftServerImpl.java:<init>(95)) - c2a73e63-4533-4661-ae84-dd5a39362559: new RaftServerImpl for group-6E863F258CFF:[c2a73e63-4533-4661-ae84-dd5a39362559:192.168.34.45:40043] with ContainerStateMachine:uninitialized
2019-09-11 21:55:42,015 [pool-57-thread-1] INFO  server.RaftServerConfigKeys (ConfUtils.java:logGet(43)) - raft.server.rpc.timeout.min = 1s (custom)
2019-09-11 21:55:42,015 [pool-57-thread-1] INFO  server.RaftServerConfigKeys (ConfUtils.java:logGet(43)) - raft.server.rpc.timeout.max = 1200ms (custom)
2019-09-11 21:55:42,016 [pool-57-thread-1] INFO  server.RaftServerConfigKeys (ConfUtils.java:logGet(43)) - raft.server.rpcslowness.timeout = 120s (custom)
2019-09-11 21:55:42,016 [pool-57-thread-1] INFO  server.RaftServerConfigKeys (ConfUtils.java:logGet(43)) - raft.server.sleep.deviation.threshold = 300 (default)
2019-09-11 21:55:42,016 [pool-57-thread-1] INFO  server.RaftServerConfigKeys (ConfUtils.java:logGet(43)) - raft.server.log.appender.install.snapshot.enabled = false (custom)
2019-09-11 21:55:42,016 [pool-57-thread-1] INFO  impl.RaftServerImpl (ServerState.java:<init>(103)) - c2a73e63-4533-4661-ae84-dd5a39362559@group-6E863F258CFF: ConfigurationManager, init=-1: [c2a73e63-4533-4661-ae84-dd5a39362559:192.168.34.45:40043], old=null, confs=<EMPTY_MAP>
2019-09-11 21:55:42,016 [pool-57-thread-1] INFO  server.RaftServerConfigKeys (ConfUtils.java:logGet(43)) - raft.server.storage.dir = [/workdir/hadoop-ozone/integration-test/target/test-dir/MiniOzoneClusterImpl-5ea26da2-f48a-485b-abc0-853cbfba6fbc/datanode-3/data/ratis] (custom)
2019-09-11 21:55:42,017 [pool-57-thread-1] INFO  storage.RaftStorageDirectory (RaftStorageDirectory.java:analyzeStorage(246)) - The storage directory /workdir/hadoop-ozone/integration-test/target/test-dir/MiniOzoneClusterImpl-5ea26da2-f48a-485b-abc0-853cbfba6fbc/datanode-3/data/ratis/8c623555-a6cc-4977-8d45-6e863f258cff does not exist. Creating ...
2019-09-11 21:55:42,039 [pool-57-thread-1] INFO  storage.RaftStorageDirectory (RaftStorageDirectory.java:tryLock(328)) - Lock on /workdir/hadoop-ozone/integration-test/target/test-dir/MiniOzoneClusterImpl-5ea26da2-f48a-485b-abc0-853cbfba6fbc/datanode-3/data/ratis/8c623555-a6cc-4977-8d45-6e863f258cff/in_use.lock acquired by nodename 7037@pr-hdds-2106-g2ln6-2689029927
2019-09-11 21:55:42,059 [pool-57-thread-1] INFO  storage.RaftStorage (RaftStorage.java:format(72)) - Storage directory /workdir/hadoop-ozone/integration-test/target/test-dir/MiniOzoneClusterImpl-5ea26da2-f48a-485b-abc0-853cbfba6fbc/datanode-3/data/ratis/8c623555-a6cc-4977-8d45-6e863f258cff has been successfully formatted.
2019-09-11 21:55:42,060 [pool-57-thread-1] INFO  ratis.ContainerStateMachine (ContainerStateMachine.java:loadSnapshot(230)) - group-6E863F258CFF: The snapshot info is null. Setting the last applied indexto:(t:0, i:~)
2019-09-11 21:55:42,060 [pool-57-thread-1] INFO  server.RaftServerConfigKeys (ConfUtils.java:logGet(43)) - raft.server.notification.no-leader.timeout = 120s (custom)
2019-09-11 21:55:42,061 [pool-57-thread-1] INFO  server.RaftServerConfigKeys (ConfUtils.java:logGet(43)) - raft.server.log.use.memory = false (default)
2019-09-11 21:55:42,061 [pool-57-thread-1] INFO  server.RaftServerConfigKeys (ConfUtils.java:logGet(43)) - raft.server.log.purge.gap = 1000000 (custom)
2019-09-11 21:55:42,061 [pool-57-thread-1] INFO  server.RaftServerConfigKeys (ConfUtils.java:logGet(43)) - raft.server.log.appender.buffer.byte-limit = 33554432 (custom)
2019-09-11 21:55:42,062 [pool-57-thread-1] INFO  server.RaftServerConfigKeys (ConfUtils.java:logGet(43)) - raft.server.log.segment.size.max = 1048576 (custom)
2019-09-11 21:55:42,062 [pool-57-thread-1] INFO  server.RaftServerConfigKeys (ConfUtils.java:logGet(43)) - raft.server.log.segment.cache.num.max = 2 (custom)
2019-09-11 21:55:42,062 [pool-57-thread-1] INFO  segmented.SegmentedRaftLogWorker (SegmentedRaftLogWorker.java:<init>(172)) - new c2a73e63-4533-4661-ae84-dd5a39362559@group-6E863F258CFF-SegmentedRaftLogWorker for RaftStorage:Storage Directory /workdir/hadoop-ozone/integration-test/target/test-dir/MiniOzoneClusterImpl-5ea26da2-f48a-485b-abc0-853cbfba6fbc/datanode-3/data/ratis/8c623555-a6cc-4977-8d45-6e863f258cff
2019-09-11 21:55:42,067 [pool-57-thread-1] INFO  server.RaftServerConfigKeys (ConfUtils.java:logGet(43)) - raft.server.log.queue.byte-limit = 2147483647 (custom)
2019-09-11 21:55:42,067 [pool-57-thread-1] INFO  server.RaftServerConfigKeys (ConfUtils.java:logGet(43)) - raft.server.log.queue.element-limit = 1024 (custom)
2019-09-11 21:55:42,068 [pool-57-thread-1] INFO  server.RaftServerConfigKeys (ConfUtils.java:logGet(43)) - raft.server.log.segment.size.max = 1048576 (custom)
2019-09-11 21:55:42,068 [pool-57-thread-1] INFO  server.RaftServerConfigKeys (ConfUtils.java:logGet(43)) - raft.server.log.preallocated.size = 16384 (custom)
2019-09-11 21:55:42,068 [pool-57-thread-1] INFO  server.RaftServerConfigKeys (ConfUtils.java:logGet(43)) - raft.server.log.write.buffer.size = 33554432 (custom)
2019-09-11 21:55:42,068 [pool-57-thread-1] INFO  server.RaftServerConfigKeys (ConfUtils.java:logGet(43)) - raft.server.log.force.sync.num = 128 (default)
2019-09-11 21:55:42,068 [pool-57-thread-1] INFO  server.RaftServerConfigKeys (ConfUtils.java:logGet(43)) - raft.server.log.statemachine.data.sync = true (default)
2019-09-11 21:55:42,068 [pool-57-thread-1] INFO  server.RaftServerConfigKeys (ConfUtils.java:logGet(43)) - raft.server.log.statemachine.data.sync.timeout = 10s (default)
2019-09-11 21:55:42,069 [pool-57-thread-1] INFO  server.RaftServerConfigKeys (ConfUtils.java:logGet(43)) - raft.server.log.statemachine.data.sync.timeout.retry = -1 (default)
2019-09-11 21:55:42,069 [pool-57-thread-1] INFO  server.RaftServerConfigKeys (ConfUtils.java:logGet(43)) - raft.server.log.statemachine.data.caching.enabled = true (custom)
2019-09-11 21:55:42,070 [pool-57-thread-1] INFO  segmented.SegmentedRaftLogWorker (SegmentedRaftLogWorker.java:lambda$new$0(132)) - c2a73e63-4533-4661-ae84-dd5a39362559@group-6E863F258CFF-SegmentedRaftLogWorker: flushIndex: setUnconditionally 0 -> -1
2019-09-11 21:55:42,070 [pool-57-thread-1] INFO  server.RaftServerConfigKeys (ConfUtils.java:logGet(43)) - raft.server.snapshot.auto.trigger.enabled = true (custom)
2019-09-11 21:55:42,070 [pool-57-thread-1] INFO  server.RaftServerConfigKeys (ConfUtils.java:logGet(43)) - raft.server.snapshot.auto.trigger.threshold = 10000 (custom)
2019-09-11 21:55:42,070 [pool-57-thread-1] INFO  server.RaftServerConfigKeys (ConfUtils.java:logGet(43)) - raft.server.snapshot.retention.num.files = -1 (default)
2019-09-11 21:55:42,071 [pool-57-thread-1] INFO  server.RaftServerConfigKeys (ConfUtils.java:logGet(43)) - raft.server.retrycache.expirytime = 600000ms (custom)
2019-09-11 21:55:42,075 [pool-57-thread-1] INFO  impl.RaftServerImpl (RaftServerImpl.java:start(185)) - c2a73e63-4533-4661-ae84-dd5a39362559@group-6E863F258CFF: start as a follower, conf=-1: [c2a73e63-4533-4661-ae84-dd5a39362559:192.168.34.45:40043], old=null
2019-09-11 21:55:42,075 [pool-57-thread-1] INFO  impl.RaftServerImpl (RaftServerImpl.java:setRole(174)) - c2a73e63-4533-4661-ae84-dd5a39362559@group-6E863F258CFF: changes role from      null to FOLLOWER at term 0 for startAsFollower
2019-09-11 21:55:42,075 [pool-57-thread-1] INFO  impl.RoleInfo (RoleInfo.java:updateAndGet(143)) - c2a73e63-4533-4661-ae84-dd5a39362559: start FollowerState
2019-09-11 21:55:42,076 [pool-57-thread-1] INFO  util.JmxRegister (JmxRegister.java:tryRegister(44)) - Successfully registered JMX Bean with object name Ratis:service=RaftServer,group=group-6E863F258CFF,id=c2a73e63-4533-4661-ae84-dd5a39362559
2019-09-11 21:55:42,093 [RatisPipelineUtilsThread] INFO  pipeline.PipelineStateManager (PipelineStateManager.java:addPipeline(56)) - Created pipeline Pipeline[ Id: 8c623555-a6cc-4977-8d45-6e863f258cff, Nodes: c2a73e63-4533-4661-ae84-dd5a39362559{ip: 192.168.34.45, host: pr-hdds-2106-g2ln6-2689029927, networkLocation: /default-rack, certSerialId: null}, Type:RATIS, Factor:ONE, State:OPEN]
2019-09-11 21:55:42,114 [grpc-default-executor-0] INFO  impl.RaftServerProxy (RaftServerProxy.java:addNew(89)) - 35b36fdc-90f8-4649-ab4a-4033b8c96817: addNew group-AB20D0F45DA9:[35b36fdc-90f8-4649-ab4a-4033b8c96817:192.168.34.45:35400] returns group-AB20D0F45DA9:java.util.concurrent.CompletableFuture@2fb2327[Not completed]
2019-09-11 21:55:42,121 [pool-107-thread-1] INFO  impl.RaftServerImpl (RaftServerImpl.java:<init>(95)) - 35b36fdc-90f8-4649-ab4a-4033b8c96817: new RaftServerImpl for group-AB20D0F45DA9:[35b36fdc-90f8-4649-ab4a-4033b8c96817:192.168.34.45:35400] with ContainerStateMachine:uninitialized
2019-09-11 21:55:42,121 [pool-107-thread-1] INFO  server.RaftServerConfigKeys (ConfUtils.java:logGet(43)) - raft.server.rpc.timeout.min = 1s (custom)
2019-09-11 21:55:42,121 [pool-107-thread-1] INFO  server.RaftServerConfigKeys (ConfUtils.java:logGet(43)) - raft.server.rpc.timeout.max = 1200ms (custom)
2019-09-11 21:55:42,122 [pool-107-thread-1] INFO  server.RaftServerConfigKeys (ConfUtils.java:logGet(43)) - raft.server.rpcslowness.timeout = 120s (custom)
2019-09-11 21:55:42,122 [pool-107-thread-1] INFO  server.RaftServerConfigKeys (ConfUtils.java:logGet(43)) - raft.server.sleep.deviation.threshold = 300 (default)
2019-09-11 21:55:42,122 [pool-107-thread-1] INFO  server.RaftServerConfigKeys (ConfUtils.java:logGet(43)) - raft.server.log.appender.install.snapshot.enabled = false (custom)
2019-09-11 21:55:42,122 [pool-107-thread-1] INFO  impl.RaftServerImpl (ServerState.java:<init>(103)) - 35b36fdc-90f8-4649-ab4a-4033b8c96817@group-AB20D0F45DA9: ConfigurationManager, init=-1: [35b36fdc-90f8-4649-ab4a-4033b8c96817:192.168.34.45:35400], old=null, confs=<EMPTY_MAP>
2019-09-11 21:55:42,122 [pool-107-thread-1] INFO  server.RaftServerConfigKeys (ConfUtils.java:logGet(43)) - raft.server.storage.dir = [/workdir/hadoop-ozone/integration-test/target/test-dir/MiniOzoneClusterImpl-5ea26da2-f48a-485b-abc0-853cbfba6fbc/datanode-8/data/ratis] (custom)
2019-09-11 21:55:42,123 [pool-107-thread-1] INFO  storage.RaftStorageDirectory (RaftStorageDirectory.java:analyzeStorage(246)) - The storage directory /workdir/hadoop-ozone/integration-test/target/test-dir/MiniOzoneClusterImpl-5ea26da2-f48a-485b-abc0-853cbfba6fbc/datanode-8/data/ratis/21a54f6a-6dd7-4bf9-955c-ab20d0f45da9 does not exist. Creating ...
2019-09-11 21:55:42,136 [main] INFO  ozone.MiniOzoneClusterImpl (MiniOzoneClusterImpl.java:lambda$waitForClusterToBeReady$0(140)) - Cluster is ready. Got 10 of 10 DN Heartbeats.
2019-09-11 21:55:42,148 [pool-107-thread-1] INFO  storage.RaftStorageDirectory (RaftStorageDirectory.java:tryLock(328)) - Lock on /workdir/hadoop-ozone/integration-test/target/test-dir/MiniOzoneClusterImpl-5ea26da2-f48a-485b-abc0-853cbfba6fbc/datanode-8/data/ratis/21a54f6a-6dd7-4bf9-955c-ab20d0f45da9/in_use.lock acquired by nodename 7037@pr-hdds-2106-g2ln6-2689029927
2019-09-11 21:55:42,161 [pool-107-thread-1] INFO  storage.RaftStorage (RaftStorage.java:format(72)) - Storage directory /workdir/hadoop-ozone/integration-test/target/test-dir/MiniOzoneClusterImpl-5ea26da2-f48a-485b-abc0-853cbfba6fbc/datanode-8/data/ratis/21a54f6a-6dd7-4bf9-955c-ab20d0f45da9 has been successfully formatted.
2019-09-11 21:55:42,161 [pool-107-thread-1] INFO  ratis.ContainerStateMachine (ContainerStateMachine.java:loadSnapshot(230)) - group-AB20D0F45DA9: The snapshot info is null. Setting the last applied indexto:(t:0, i:~)
2019-09-11 21:55:42,162 [pool-107-thread-1] INFO  server.RaftServerConfigKeys (ConfUtils.java:logGet(43)) - raft.server.notification.no-leader.timeout = 120s (custom)
2019-09-11 21:55:42,162 [pool-107-thread-1] INFO  server.RaftServerConfigKeys (ConfUtils.java:logGet(43)) - raft.server.log.use.memory = false (default)
2019-09-11 21:55:42,162 [pool-107-thread-1] INFO  server.RaftServerConfigKeys (ConfUtils.java:logGet(43)) - raft.server.log.purge.gap = 1000000 (custom)
2019-09-11 21:55:42,162 [pool-107-thread-1] INFO  server.RaftServerConfigKeys (ConfUtils.java:logGet(43)) - raft.server.log.appender.buffer.byte-limit = 33554432 (custom)
2019-09-11 21:55:42,162 [pool-107-thread-1] INFO  server.RaftServerConfigKeys (ConfUtils.java:logGet(43)) - raft.server.log.segment.size.max = 1048576 (custom)
2019-09-11 21:55:42,163 [pool-107-thread-1] INFO  server.RaftServerConfigKeys (ConfUtils.java:logGet(43)) - raft.server.log.segment.cache.num.max = 2 (custom)
2019-09-11 21:55:42,163 [pool-107-thread-1] INFO  segmented.SegmentedRaftLogWorker (SegmentedRaftLogWorker.java:<init>(172)) - new 35b36fdc-90f8-4649-ab4a-4033b8c96817@group-AB20D0F45DA9-SegmentedRaftLogWorker for RaftStorage:Storage Directory /workdir/hadoop-ozone/integration-test/target/test-dir/MiniOzoneClusterImpl-5ea26da2-f48a-485b-abc0-853cbfba6fbc/datanode-8/data/ratis/21a54f6a-6dd7-4bf9-955c-ab20d0f45da9
2019-09-11 21:55:42,167 [pool-107-thread-1] INFO  server.RaftServerConfigKeys (ConfUtils.java:logGet(43)) - raft.server.log.queue.byte-limit = 2147483647 (custom)
2019-09-11 21:55:42,167 [pool-107-thread-1] INFO  server.RaftServerConfigKeys (ConfUtils.java:logGet(43)) - raft.server.log.queue.element-limit = 1024 (custom)
2019-09-11 21:55:42,168 [pool-107-thread-1] INFO  server.RaftServerConfigKeys (ConfUtils.java:logGet(43)) - raft.server.log.segment.size.max = 1048576 (custom)
2019-09-11 21:55:42,168 [pool-107-thread-1] INFO  server.RaftServerConfigKeys (ConfUtils.java:logGet(43)) - raft.server.log.preallocated.size = 16384 (custom)
2019-09-11 21:55:42,168 [pool-107-thread-1] INFO  server.RaftServerConfigKeys (ConfUtils.java:logGet(43)) - raft.server.log.write.buffer.size = 33554432 (custom)
2019-09-11 21:55:42,168 [pool-107-thread-1] INFO  server.RaftServerConfigKeys (ConfUtils.java:logGet(43)) - raft.server.log.force.sync.num = 128 (default)
2019-09-11 21:55:42,168 [pool-107-thread-1] INFO  server.RaftServerConfigKeys (ConfUtils.java:logGet(43)) - raft.server.log.statemachine.data.sync = true (default)
2019-09-11 21:55:42,168 [pool-107-thread-1] INFO  server.RaftServerConfigKeys (ConfUtils.java:logGet(43)) - raft.server.log.statemachine.data.sync.timeout = 10s (default)
2019-09-11 21:55:42,169 [pool-107-thread-1] INFO  server.RaftServerConfigKeys (ConfUtils.java:logGet(43)) - raft.server.log.statemachine.data.sync.timeout.retry = -1 (default)
2019-09-11 21:55:42,169 [pool-107-thread-1] INFO  server.RaftServerConfigKeys (ConfUtils.java:logGet(43)) - raft.server.log.statemachine.data.caching.enabled = true (custom)
2019-09-11 21:55:42,169 [pool-107-thread-1] INFO  segmented.SegmentedRaftLogWorker (SegmentedRaftLogWorker.java:lambda$new$0(132)) - 35b36fdc-90f8-4649-ab4a-4033b8c96817@group-AB20D0F45DA9-SegmentedRaftLogWorker: flushIndex: setUnconditionally 0 -> -1
2019-09-11 21:55:42,170 [pool-107-thread-1] INFO  server.RaftServerConfigKeys (ConfUtils.java:logGet(43)) - raft.server.snapshot.auto.trigger.enabled = true (custom)
2019-09-11 21:55:42,170 [pool-107-thread-1] INFO  server.RaftServerConfigKeys (ConfUtils.java:logGet(43)) - raft.server.snapshot.auto.trigger.threshold = 10000 (custom)
2019-09-11 21:55:42,170 [pool-107-thread-1] INFO  server.RaftServerConfigKeys (ConfUtils.java:logGet(43)) - raft.server.snapshot.retention.num.files = -1 (default)
2019-09-11 21:55:42,171 [pool-107-thread-1] INFO  server.RaftServerConfigKeys (ConfUtils.java:logGet(43)) - raft.server.retrycache.expirytime = 600000ms (custom)
2019-09-11 21:55:42,204 [pool-107-thread-1] INFO  impl.RaftServerImpl (RaftServerImpl.java:start(185)) - 35b36fdc-90f8-4649-ab4a-4033b8c96817@group-AB20D0F45DA9: start as a follower, conf=-1: [35b36fdc-90f8-4649-ab4a-4033b8c96817:192.168.34.45:35400], old=null
2019-09-11 21:55:42,204 [pool-107-thread-1] INFO  impl.RaftServerImpl (RaftServerImpl.java:setRole(174)) - 35b36fdc-90f8-4649-ab4a-4033b8c96817@group-AB20D0F45DA9: changes role from      null to FOLLOWER at term 0 for startAsFollower
2019-09-11 21:55:42,204 [pool-107-thread-1] INFO  impl.RoleInfo (RoleInfo.java:updateAndGet(143)) - 35b36fdc-90f8-4649-ab4a-4033b8c96817: start FollowerState
2019-09-11 21:55:42,205 [pool-107-thread-1] INFO  util.JmxRegister (JmxRegister.java:tryRegister(44)) - Successfully registered JMX Bean with object name Ratis:service=RaftServer,group=group-AB20D0F45DA9,id=35b36fdc-90f8-4649-ab4a-4033b8c96817
2019-09-11 21:55:42,238 [RatisPipelineUtilsThread] INFO  pipeline.PipelineStateManager (PipelineStateManager.java:addPipeline(56)) - Created pipeline Pipeline[ Id: 21a54f6a-6dd7-4bf9-955c-ab20d0f45da9, Nodes: 35b36fdc-90f8-4649-ab4a-4033b8c96817{ip: 192.168.34.45, host: pr-hdds-2106-g2ln6-2689029927, networkLocation: /default-rack, certSerialId: null}, Type:RATIS, Factor:ONE, State:OPEN]
2019-09-11 21:55:42,325 [grpc-default-executor-0] INFO  impl.RaftServerProxy (RaftServerProxy.java:addNew(89)) - b94e9841-c110-46af-9cbb-637204d6ae15: addNew group-0D459761AC25:[b94e9841-c110-46af-9cbb-637204d6ae15:192.168.34.45:45929] returns group-0D459761AC25:java.util.concurrent.CompletableFuture@2816bf77[Not completed]
2019-09-11 21:55:42,336 [pool-117-thread-1] INFO  impl.RaftServerImpl (RaftServerImpl.java:<init>(95)) - b94e9841-c110-46af-9cbb-637204d6ae15: new RaftServerImpl for group-0D459761AC25:[b94e9841-c110-46af-9cbb-637204d6ae15:192.168.34.45:45929] with ContainerStateMachine:uninitialized
2019-09-11 21:55:42,336 [pool-117-thread-1] INFO  server.RaftServerConfigKeys (ConfUtils.java:logGet(43)) - raft.server.rpc.timeout.min = 1s (custom)
2019-09-11 21:55:42,336 [pool-117-thread-1] INFO  server.RaftServerConfigKeys (ConfUtils.java:logGet(43)) - raft.server.rpc.timeout.max = 1200ms (custom)
2019-09-11 21:55:42,336 [pool-117-thread-1] INFO  server.RaftServerConfigKeys (ConfUtils.java:logGet(43)) - raft.server.rpcslowness.timeout = 120s (custom)
2019-09-11 21:55:42,337 [pool-117-thread-1] INFO  server.RaftServerConfigKeys (ConfUtils.java:logGet(43)) - raft.server.sleep.deviation.threshold = 300 (default)
2019-09-11 21:55:42,337 [pool-117-thread-1] INFO  server.RaftServerConfigKeys (ConfUtils.java:logGet(43)) - raft.server.log.appender.install.snapshot.enabled = false (custom)
2019-09-11 21:55:42,337 [pool-117-thread-1] INFO  impl.RaftServerImpl (ServerState.java:<init>(103)) - b94e9841-c110-46af-9cbb-637204d6ae15@group-0D459761AC25: ConfigurationManager, init=-1: [b94e9841-c110-46af-9cbb-637204d6ae15:192.168.34.45:45929], old=null, confs=<EMPTY_MAP>
2019-09-11 21:55:42,337 [pool-117-thread-1] INFO  server.RaftServerConfigKeys (ConfUtils.java:logGet(43)) - raft.server.storage.dir = [/workdir/hadoop-ozone/integration-test/target/test-dir/MiniOzoneClusterImpl-5ea26da2-f48a-485b-abc0-853cbfba6fbc/datanode-9/data/ratis] (custom)
2019-09-11 21:55:42,348 [pool-117-thread-1] INFO  storage.RaftStorageDirectory (RaftStorageDirectory.java:analyzeStorage(246)) - The storage directory /workdir/hadoop-ozone/integration-test/target/test-dir/MiniOzoneClusterImpl-5ea26da2-f48a-485b-abc0-853cbfba6fbc/datanode-9/data/ratis/b970fe40-c11c-4221-8178-0d459761ac25 does not exist. Creating ...
2019-09-11 21:55:42,382 [pool-117-thread-1] INFO  storage.RaftStorageDirectory (RaftStorageDirectory.java:tryLock(328)) - Lock on /workdir/hadoop-ozone/integration-test/target/test-dir/MiniOzoneClusterImpl-5ea26da2-f48a-485b-abc0-853cbfba6fbc/datanode-9/data/ratis/b970fe40-c11c-4221-8178-0d459761ac25/in_use.lock acquired by nodename 7037@pr-hdds-2106-g2ln6-2689029927
2019-09-11 21:55:42,406 [pool-117-thread-1] INFO  storage.RaftStorage (RaftStorage.java:format(72)) - Storage directory /workdir/hadoop-ozone/integration-test/target/test-dir/MiniOzoneClusterImpl-5ea26da2-f48a-485b-abc0-853cbfba6fbc/datanode-9/data/ratis/b970fe40-c11c-4221-8178-0d459761ac25 has been successfully formatted.
2019-09-11 21:55:42,406 [pool-117-thread-1] INFO  ratis.ContainerStateMachine (ContainerStateMachine.java:loadSnapshot(230)) - group-0D459761AC25: The snapshot info is null. Setting the last applied indexto:(t:0, i:~)
2019-09-11 21:55:42,406 [pool-117-thread-1] INFO  server.RaftServerConfigKeys (ConfUtils.java:logGet(43)) - raft.server.notification.no-leader.timeout = 120s (custom)
2019-09-11 21:55:42,407 [pool-117-thread-1] INFO  server.RaftServerConfigKeys (ConfUtils.java:logGet(43)) - raft.server.log.use.memory = false (default)
2019-09-11 21:55:42,407 [pool-117-thread-1] INFO  server.RaftServerConfigKeys (ConfUtils.java:logGet(43)) - raft.server.log.purge.gap = 1000000 (custom)
2019-09-11 21:55:42,407 [pool-117-thread-1] INFO  server.RaftServerConfigKeys (ConfUtils.java:logGet(43)) - raft.server.log.appender.buffer.byte-limit = 33554432 (custom)
2019-09-11 21:55:42,407 [pool-117-thread-1] INFO  server.RaftServerConfigKeys (ConfUtils.java:logGet(43)) - raft.server.log.segment.size.max = 1048576 (custom)
2019-09-11 21:55:42,407 [pool-117-thread-1] INFO  server.RaftServerConfigKeys (ConfUtils.java:logGet(43)) - raft.server.log.segment.cache.num.max = 2 (custom)
2019-09-11 21:55:42,408 [pool-117-thread-1] INFO  segmented.SegmentedRaftLogWorker (SegmentedRaftLogWorker.java:<init>(172)) - new b94e9841-c110-46af-9cbb-637204d6ae15@group-0D459761AC25-SegmentedRaftLogWorker for RaftStorage:Storage Directory /workdir/hadoop-ozone/integration-test/target/test-dir/MiniOzoneClusterImpl-5ea26da2-f48a-485b-abc0-853cbfba6fbc/datanode-9/data/ratis/b970fe40-c11c-4221-8178-0d459761ac25
2019-09-11 21:55:42,411 [pool-117-thread-1] INFO  server.RaftServerConfigKeys (ConfUtils.java:logGet(43)) - raft.server.log.queue.byte-limit = 2147483647 (custom)
2019-09-11 21:55:42,411 [pool-117-thread-1] INFO  server.RaftServerConfigKeys (ConfUtils.java:logGet(43)) - raft.server.log.queue.element-limit = 1024 (custom)
2019-09-11 21:55:42,411 [pool-117-thread-1] INFO  server.RaftServerConfigKeys (ConfUtils.java:logGet(43)) - raft.server.log.segment.size.max = 1048576 (custom)
2019-09-11 21:55:42,411 [pool-117-thread-1] INFO  server.RaftServerConfigKeys (ConfUtils.java:logGet(43)) - raft.server.log.preallocated.size = 16384 (custom)
2019-09-11 21:55:42,412 [pool-117-thread-1] INFO  server.RaftServerConfigKeys (ConfUtils.java:logGet(43)) - raft.server.log.write.buffer.size = 33554432 (custom)
2019-09-11 21:55:42,412 [pool-117-thread-1] INFO  server.RaftServerConfigKeys (ConfUtils.java:logGet(43)) - raft.server.log.force.sync.num = 128 (default)
2019-09-11 21:55:42,412 [pool-117-thread-1] INFO  server.RaftServerConfigKeys (ConfUtils.java:logGet(43)) - raft.server.log.statemachine.data.sync = true (default)
2019-09-11 21:55:42,412 [pool-117-thread-1] INFO  server.RaftServerConfigKeys (ConfUtils.java:logGet(43)) - raft.server.log.statemachine.data.sync.timeout = 10s (default)
2019-09-11 21:55:42,412 [pool-117-thread-1] INFO  server.RaftServerConfigKeys (ConfUtils.java:logGet(43)) - raft.server.log.statemachine.data.sync.timeout.retry = -1 (default)
2019-09-11 21:55:42,413 [pool-117-thread-1] INFO  server.RaftServerConfigKeys (ConfUtils.java:logGet(43)) - raft.server.log.statemachine.data.caching.enabled = true (custom)
2019-09-11 21:55:42,413 [pool-117-thread-1] INFO  segmented.SegmentedRaftLogWorker (SegmentedRaftLogWorker.java:lambda$new$0(132)) - b94e9841-c110-46af-9cbb-637204d6ae15@group-0D459761AC25-SegmentedRaftLogWorker: flushIndex: setUnconditionally 0 -> -1
2019-09-11 21:55:42,413 [pool-117-thread-1] INFO  server.RaftServerConfigKeys (ConfUtils.java:logGet(43)) - raft.server.snapshot.auto.trigger.enabled = true (custom)
2019-09-11 21:55:42,414 [pool-117-thread-1] INFO  server.RaftServerConfigKeys (ConfUtils.java:logGet(43)) - raft.server.snapshot.auto.trigger.threshold = 10000 (custom)
2019-09-11 21:55:42,414 [pool-117-thread-1] INFO  server.RaftServerConfigKeys (ConfUtils.java:logGet(43)) - raft.server.snapshot.retention.num.files = -1 (default)
2019-09-11 21:55:42,414 [pool-117-thread-1] INFO  server.RaftServerConfigKeys (ConfUtils.java:logGet(43)) - raft.server.retrycache.expirytime = 600000ms (custom)
2019-09-11 21:55:42,417 [pool-117-thread-1] INFO  impl.RaftServerImpl (RaftServerImpl.java:start(185)) - b94e9841-c110-46af-9cbb-637204d6ae15@group-0D459761AC25: start as a follower, conf=-1: [b94e9841-c110-46af-9cbb-637204d6ae15:192.168.34.45:45929], old=null
2019-09-11 21:55:42,417 [pool-117-thread-1] INFO  impl.RaftServerImpl (RaftServerImpl.java:setRole(174)) - b94e9841-c110-46af-9cbb-637204d6ae15@group-0D459761AC25: changes role from      null to FOLLOWER at term 0 for startAsFollower
2019-09-11 21:55:42,417 [pool-117-thread-1] INFO  impl.RoleInfo (RoleInfo.java:updateAndGet(143)) - b94e9841-c110-46af-9cbb-637204d6ae15: start FollowerState
2019-09-11 21:55:42,417 [pool-117-thread-1] INFO  util.JmxRegister (JmxRegister.java:tryRegister(44)) - Successfully registered JMX Bean with object name Ratis:service=RaftServer,group=group-0D459761AC25,id=b94e9841-c110-46af-9cbb-637204d6ae15
2019-09-11 21:55:42,428 [RatisPipelineUtilsThread] INFO  pipeline.PipelineStateManager (PipelineStateManager.java:addPipeline(56)) - Created pipeline Pipeline[ Id: b970fe40-c11c-4221-8178-0d459761ac25, Nodes: b94e9841-c110-46af-9cbb-637204d6ae15{ip: 192.168.34.45, host: pr-hdds-2106-g2ln6-2689029927, networkLocation: /default-rack, certSerialId: null}, Type:RATIS, Factor:ONE, State:OPEN]
2019-09-11 21:55:42,434 [Thread-285] INFO  impl.FollowerState (FollowerState.java:run(106)) - 91f926b5-2cb1-4722-b947-953fef106990:group-D8B1933013FA changes to CANDIDATE, lastRpcTime:1152, electionTimeout:1151ms
2019-09-11 21:55:42,440 [Thread-285] INFO  impl.RoleInfo (RoleInfo.java:shutdownFollowerState(121)) - 91f926b5-2cb1-4722-b947-953fef106990: shutdown FollowerState
2019-09-11 21:55:42,440 [Thread-285] INFO  impl.RaftServerImpl (RaftServerImpl.java:setRole(174)) - 91f926b5-2cb1-4722-b947-953fef106990@group-D8B1933013FA: changes role from  FOLLOWER to CANDIDATE at term 0 for changeToCandidate
2019-09-11 21:55:42,451 [grpc-default-executor-0] INFO  impl.RaftServerProxy (RaftServerProxy.java:addNew(89)) - cb19b877-b13a-4838-a0e1-b58882f3950d: addNew group-8CC7F060FDF9:[cb19b877-b13a-4838-a0e1-b58882f3950d:192.168.34.45:40539] returns group-8CC7F060FDF9:java.util.concurrent.CompletableFuture@f048b1d[Not completed]
2019-09-11 21:55:42,451 [Thread-285] INFO  impl.RoleInfo (RoleInfo.java:updateAndGet(143)) - 91f926b5-2cb1-4722-b947-953fef106990: start LeaderElection
2019-09-11 21:55:42,461 [pool-37-thread-1] INFO  impl.RaftServerImpl (RaftServerImpl.java:<init>(95)) - cb19b877-b13a-4838-a0e1-b58882f3950d: new RaftServerImpl for group-8CC7F060FDF9:[cb19b877-b13a-4838-a0e1-b58882f3950d:192.168.34.45:40539] with ContainerStateMachine:uninitialized
2019-09-11 21:55:42,461 [pool-37-thread-1] INFO  server.RaftServerConfigKeys (ConfUtils.java:logGet(43)) - raft.server.rpc.timeout.min = 1s (custom)
2019-09-11 21:55:42,461 [pool-37-thread-1] INFO  server.RaftServerConfigKeys (ConfUtils.java:logGet(43)) - raft.server.rpc.timeout.max = 1200ms (custom)
2019-09-11 21:55:42,461 [pool-37-thread-1] INFO  server.RaftServerConfigKeys (ConfUtils.java:logGet(43)) - raft.server.rpcslowness.timeout = 120s (custom)
2019-09-11 21:55:42,461 [pool-37-thread-1] INFO  server.RaftServerConfigKeys (ConfUtils.java:logGet(43)) - raft.server.sleep.deviation.threshold = 300 (default)
2019-09-11 21:55:42,461 [pool-37-thread-1] INFO  server.RaftServerConfigKeys (ConfUtils.java:logGet(43)) - raft.server.log.appender.install.snapshot.enabled = false (custom)
2019-09-11 21:55:42,461 [pool-37-thread-1] INFO  impl.RaftServerImpl (ServerState.java:<init>(103)) - cb19b877-b13a-4838-a0e1-b58882f3950d@group-8CC7F060FDF9: ConfigurationManager, init=-1: [cb19b877-b13a-4838-a0e1-b58882f3950d:192.168.34.45:40539], old=null, confs=<EMPTY_MAP>
2019-09-11 21:55:42,462 [pool-37-thread-1] INFO  server.RaftServerConfigKeys (ConfUtils.java:logGet(43)) - raft.server.storage.dir = [/workdir/hadoop-ozone/integration-test/target/test-dir/MiniOzoneClusterImpl-5ea26da2-f48a-485b-abc0-853cbfba6fbc/datanode-1/data/ratis] (custom)
2019-09-11 21:55:42,463 [pool-37-thread-1] INFO  storage.RaftStorageDirectory (RaftStorageDirectory.java:analyzeStorage(246)) - The storage directory /workdir/hadoop-ozone/integration-test/target/test-dir/MiniOzoneClusterImpl-5ea26da2-f48a-485b-abc0-853cbfba6fbc/datanode-1/data/ratis/f84c4ba3-1e83-4c87-afaf-8cc7f060fdf9 does not exist. Creating ...
2019-09-11 21:55:42,470 [pool-37-thread-1] INFO  storage.RaftStorageDirectory (RaftStorageDirectory.java:tryLock(328)) - Lock on /workdir/hadoop-ozone/integration-test/target/test-dir/MiniOzoneClusterImpl-5ea26da2-f48a-485b-abc0-853cbfba6fbc/datanode-1/data/ratis/f84c4ba3-1e83-4c87-afaf-8cc7f060fdf9/in_use.lock acquired by nodename 7037@pr-hdds-2106-g2ln6-2689029927
2019-09-11 21:55:42,470 [91f926b5-2cb1-4722-b947-953fef106990@group-D8B1933013FA:LeaderElection1] INFO  impl.LeaderElection (LeaderElection.java:askForVotes(182)) - 91f926b5-2cb1-4722-b947-953fef106990@group-D8B1933013FA:LeaderElection1: begin an election at term 1 for -1: [91f926b5-2cb1-4722-b947-953fef106990:192.168.34.45:43639], old=null
2019-09-11 21:55:42,472 [91f926b5-2cb1-4722-b947-953fef106990@group-D8B1933013FA:LeaderElection1] INFO  impl.RoleInfo (RoleInfo.java:shutdownLeaderElection(134)) - 91f926b5-2cb1-4722-b947-953fef106990: shutdown LeaderElection
2019-09-11 21:55:42,473 [91f926b5-2cb1-4722-b947-953fef106990@group-D8B1933013FA:LeaderElection1] INFO  impl.RaftServerImpl (RaftServerImpl.java:setRole(174)) - 91f926b5-2cb1-4722-b947-953fef106990@group-D8B1933013FA: changes role from CANDIDATE to LEADER at term 1 for changeToLeader
2019-09-11 21:55:42,473 [91f926b5-2cb1-4722-b947-953fef106990@group-D8B1933013FA:LeaderElection1] INFO  impl.RaftServerImpl (ServerState.java:setLeader(253)) - 91f926b5-2cb1-4722-b947-953fef106990@group-D8B1933013FA: change Leader from null to 91f926b5-2cb1-4722-b947-953fef106990 at term 1 for becomeLeader, leader elected after 1317ms
2019-09-11 21:55:42,488 [91f926b5-2cb1-4722-b947-953fef106990@group-D8B1933013FA:LeaderElection1] INFO  server.RaftServerConfigKeys (ConfUtils.java:logGet(43)) - raft.server.staging.catchup.gap = 1000 (default)
2019-09-11 21:55:42,488 [pool-37-thread-1] INFO  storage.RaftStorage (RaftStorage.java:format(72)) - Storage directory /workdir/hadoop-ozone/integration-test/target/test-dir/MiniOzoneClusterImpl-5ea26da2-f48a-485b-abc0-853cbfba6fbc/datanode-1/data/ratis/f84c4ba3-1e83-4c87-afaf-8cc7f060fdf9 has been successfully formatted.
2019-09-11 21:55:42,489 [91f926b5-2cb1-4722-b947-953fef106990@group-D8B1933013FA:LeaderElection1] INFO  server.RaftServerConfigKeys (ConfUtils.java:logGet(43)) - raft.server.rpc.sleep.time = 25ms (default)
2019-09-11 21:55:42,489 [pool-37-thread-1] INFO  ratis.ContainerStateMachine (ContainerStateMachine.java:loadSnapshot(230)) - group-8CC7F060FDF9: The snapshot info is null. Setting the last applied indexto:(t:0, i:~)
2019-09-11 21:55:42,489 [pool-37-thread-1] INFO  server.RaftServerConfigKeys (ConfUtils.java:logGet(43)) - raft.server.notification.no-leader.timeout = 120s (custom)
2019-09-11 21:55:42,491 [pool-37-thread-1] INFO  server.RaftServerConfigKeys (ConfUtils.java:logGet(43)) - raft.server.log.use.memory = false (default)
2019-09-11 21:55:42,491 [pool-37-thread-1] INFO  server.RaftServerConfigKeys (ConfUtils.java:logGet(43)) - raft.server.log.purge.gap = 1000000 (custom)
2019-09-11 21:55:42,491 [pool-37-thread-1] INFO  server.RaftServerConfigKeys (ConfUtils.java:logGet(43)) - raft.server.log.appender.buffer.byte-limit = 33554432 (custom)
2019-09-11 21:55:42,491 [pool-37-thread-1] INFO  server.RaftServerConfigKeys (ConfUtils.java:logGet(43)) - raft.server.log.segment.size.max = 1048576 (custom)
2019-09-11 21:55:42,491 [pool-37-thread-1] INFO  server.RaftServerConfigKeys (ConfUtils.java:logGet(43)) - raft.server.log.segment.cache.num.max = 2 (custom)
2019-09-11 21:55:42,492 [pool-37-thread-1] INFO  segmented.SegmentedRaftLogWorker (SegmentedRaftLogWorker.java:<init>(172)) - new cb19b877-b13a-4838-a0e1-b58882f3950d@group-8CC7F060FDF9-SegmentedRaftLogWorker for RaftStorage:Storage Directory /workdir/hadoop-ozone/integration-test/target/test-dir/MiniOzoneClusterImpl-5ea26da2-f48a-485b-abc0-853cbfba6fbc/datanode-1/data/ratis/f84c4ba3-1e83-4c87-afaf-8cc7f060fdf9
2019-09-11 21:55:42,494 [pool-37-thread-1] INFO  server.RaftServerConfigKeys (ConfUtils.java:logGet(43)) - raft.server.log.queue.byte-limit = 2147483647 (custom)
2019-09-11 21:55:42,494 [pool-37-thread-1] INFO  server.RaftServerConfigKeys (ConfUtils.java:logGet(43)) - raft.server.log.queue.element-limit = 1024 (custom)
2019-09-11 21:55:42,494 [91f926b5-2cb1-4722-b947-953fef106990@group-D8B1933013FA:LeaderElection1] INFO  server.RaftServerConfigKeys (ConfUtils.java:logGet(43)) - raft.server.write.element-limit = 4096 (default)
2019-09-11 21:55:42,495 [pool-37-thread-1] INFO  server.RaftServerConfigKeys (ConfUtils.java:logGet(43)) - raft.server.log.segment.size.max = 1048576 (custom)
2019-09-11 21:55:42,495 [pool-37-thread-1] INFO  server.RaftServerConfigKeys (ConfUtils.java:logGet(43)) - raft.server.log.preallocated.size = 16384 (custom)
2019-09-11 21:55:42,495 [pool-37-thread-1] INFO  server.RaftServerConfigKeys (ConfUtils.java:logGet(43)) - raft.server.log.write.buffer.size = 33554432 (custom)
2019-09-11 21:55:42,495 [pool-37-thread-1] INFO  server.RaftServerConfigKeys (ConfUtils.java:logGet(43)) - raft.server.log.force.sync.num = 128 (default)
2019-09-11 21:55:42,495 [pool-37-thread-1] INFO  server.RaftServerConfigKeys (ConfUtils.java:logGet(43)) - raft.server.log.statemachine.data.sync = true (default)
2019-09-11 21:55:42,495 [pool-37-thread-1] INFO  server.RaftServerConfigKeys (ConfUtils.java:logGet(43)) - raft.server.log.statemachine.data.sync.timeout = 10s (default)
2019-09-11 21:55:42,495 [pool-37-thread-1] INFO  server.RaftServerConfigKeys (ConfUtils.java:logGet(43)) - raft.server.log.statemachine.data.sync.timeout.retry = -1 (default)
2019-09-11 21:55:42,496 [pool-37-thread-1] INFO  server.RaftServerConfigKeys (ConfUtils.java:logGet(43)) - raft.server.log.statemachine.data.caching.enabled = true (custom)
2019-09-11 21:55:42,496 [pool-37-thread-1] INFO  segmented.SegmentedRaftLogWorker (SegmentedRaftLogWorker.java:lambda$new$0(132)) - cb19b877-b13a-4838-a0e1-b58882f3950d@group-8CC7F060FDF9-SegmentedRaftLogWorker: flushIndex: setUnconditionally 0 -> -1
2019-09-11 21:55:42,496 [pool-37-thread-1] INFO  server.RaftServerConfigKeys (ConfUtils.java:logGet(43)) - raft.server.snapshot.auto.trigger.enabled = true (custom)
2019-09-11 21:55:42,496 [pool-37-thread-1] INFO  server.RaftServerConfigKeys (ConfUtils.java:logGet(43)) - raft.server.snapshot.auto.trigger.threshold = 10000 (custom)
2019-09-11 21:55:42,496 [pool-37-thread-1] INFO  server.RaftServerConfigKeys (ConfUtils.java:logGet(43)) - raft.server.snapshot.retention.num.files = -1 (default)
2019-09-11 21:55:42,497 [pool-37-thread-1] INFO  server.RaftServerConfigKeys (ConfUtils.java:logGet(43)) - raft.server.retrycache.expirytime = 600000ms (custom)
2019-09-11 21:55:42,498 [91f926b5-2cb1-4722-b947-953fef106990@group-D8B1933013FA:LeaderElection1] INFO  server.RaftServerConfigKeys (ConfUtils.java:logGet(43)) - raft.server.watch.timeout = 10s (default)
2019-09-11 21:55:42,498 [91f926b5-2cb1-4722-b947-953fef106990@group-D8B1933013FA:LeaderElection1] INFO  server.RaftServerConfigKeys (ConfUtils.java:logGet(43)) - raft.server.watch.timeout.denomination = 1s (default)
2019-09-11 21:55:42,499 [pool-37-thread-1] INFO  impl.RaftServerImpl (RaftServerImpl.java:start(185)) - cb19b877-b13a-4838-a0e1-b58882f3950d@group-8CC7F060FDF9: start as a follower, conf=-1: [cb19b877-b13a-4838-a0e1-b58882f3950d:192.168.34.45:40539], old=null
2019-09-11 21:55:42,499 [pool-37-thread-1] INFO  impl.RaftServerImpl (RaftServerImpl.java:setRole(174)) - cb19b877-b13a-4838-a0e1-b58882f3950d@group-8CC7F060FDF9: changes role from      null to FOLLOWER at term 0 for startAsFollower
2019-09-11 21:55:42,499 [pool-37-thread-1] INFO  impl.RoleInfo (RoleInfo.java:updateAndGet(143)) - cb19b877-b13a-4838-a0e1-b58882f3950d: start FollowerState
2019-09-11 21:55:42,499 [91f926b5-2cb1-4722-b947-953fef106990@group-D8B1933013FA:LeaderElection1] INFO  server.RaftServerConfigKeys (ConfUtils.java:logGet(43)) - raft.server.watch.element-limit = 65536 (default)
2019-09-11 21:55:42,500 [pool-37-thread-1] INFO  util.JmxRegister (JmxRegister.java:tryRegister(44)) - Successfully registered JMX Bean with object name Ratis:service=RaftServer,group=group-8CC7F060FDF9,id=cb19b877-b13a-4838-a0e1-b58882f3950d
2019-09-11 21:55:42,510 [RatisPipelineUtilsThread] INFO  pipeline.PipelineStateManager (PipelineStateManager.java:addPipeline(56)) - Created pipeline Pipeline[ Id: f84c4ba3-1e83-4c87-afaf-8cc7f060fdf9, Nodes: cb19b877-b13a-4838-a0e1-b58882f3950d{ip: 192.168.34.45, host: pr-hdds-2106-g2ln6-2689029927, networkLocation: /default-rack, certSerialId: null}, Type:RATIS, Factor:ONE, State:OPEN]
2019-09-11 21:55:42,536 [grpc-default-executor-0] INFO  impl.RaftServerProxy (RaftServerProxy.java:addNew(89)) - bc5b1f13-910c-4303-9fd1-733985921f93: addNew group-6C52C0A0FF0F:[bc5b1f13-910c-4303-9fd1-733985921f93:192.168.34.45:40258] returns group-6C52C0A0FF0F:java.util.concurrent.CompletableFuture@29fdd446[Not completed]
2019-09-11 21:55:42,539 [pool-67-thread-1] INFO  impl.RaftServerImpl (RaftServerImpl.java:<init>(95)) - bc5b1f13-910c-4303-9fd1-733985921f93: new RaftServerImpl for group-6C52C0A0FF0F:[bc5b1f13-910c-4303-9fd1-733985921f93:192.168.34.45:40258] with ContainerStateMachine:uninitialized
2019-09-11 21:55:42,539 [pool-67-thread-1] INFO  server.RaftServerConfigKeys (ConfUtils.java:logGet(43)) - raft.server.rpc.timeout.min = 1s (custom)
2019-09-11 21:55:42,539 [91f926b5-2cb1-4722-b947-953fef106990@group-D8B1933013FA:LeaderElection1] INFO  impl.RoleInfo (RoleInfo.java:updateAndGet(143)) - 91f926b5-2cb1-4722-b947-953fef106990: start LeaderState
2019-09-11 21:55:42,539 [pool-67-thread-1] INFO  server.RaftServerConfigKeys (ConfUtils.java:logGet(43)) - raft.server.rpc.timeout.max = 1200ms (custom)
2019-09-11 21:55:42,540 [pool-67-thread-1] INFO  server.RaftServerConfigKeys (ConfUtils.java:logGet(43)) - raft.server.rpcslowness.timeout = 120s (custom)
2019-09-11 21:55:42,540 [pool-67-thread-1] INFO  server.RaftServerConfigKeys (ConfUtils.java:logGet(43)) - raft.server.sleep.deviation.threshold = 300 (default)
2019-09-11 21:55:42,540 [pool-67-thread-1] INFO  server.RaftServerConfigKeys (ConfUtils.java:logGet(43)) - raft.server.log.appender.install.snapshot.enabled = false (custom)
2019-09-11 21:55:42,540 [pool-67-thread-1] INFO  impl.RaftServerImpl (ServerState.java:<init>(103)) - bc5b1f13-910c-4303-9fd1-733985921f93@group-6C52C0A0FF0F: ConfigurationManager, init=-1: [bc5b1f13-910c-4303-9fd1-733985921f93:192.168.34.45:40258], old=null, confs=<EMPTY_MAP>
2019-09-11 21:55:42,540 [pool-67-thread-1] INFO  server.RaftServerConfigKeys (ConfUtils.java:logGet(43)) - raft.server.storage.dir = [/workdir/hadoop-ozone/integration-test/target/test-dir/MiniOzoneClusterImpl-5ea26da2-f48a-485b-abc0-853cbfba6fbc/datanode-4/data/ratis] (custom)
2019-09-11 21:55:42,540 [pool-67-thread-1] INFO  storage.RaftStorageDirectory (RaftStorageDirectory.java:analyzeStorage(246)) - The storage directory /workdir/hadoop-ozone/integration-test/target/test-dir/MiniOzoneClusterImpl-5ea26da2-f48a-485b-abc0-853cbfba6fbc/datanode-4/data/ratis/5dcfa472-796f-4ed7-a02a-6c52c0a0ff0f does not exist. Creating ...
2019-09-11 21:55:42,568 [pool-67-thread-1] INFO  storage.RaftStorageDirectory (RaftStorageDirectory.java:tryLock(328)) - Lock on /workdir/hadoop-ozone/integration-test/target/test-dir/MiniOzoneClusterImpl-5ea26da2-f48a-485b-abc0-853cbfba6fbc/datanode-4/data/ratis/5dcfa472-796f-4ed7-a02a-6c52c0a0ff0f/in_use.lock acquired by nodename 7037@pr-hdds-2106-g2ln6-2689029927
2019-09-11 21:55:42,572 [91f926b5-2cb1-4722-b947-953fef106990@group-D8B1933013FA:LeaderElection1] INFO  segmented.SegmentedRaftLogWorker (SegmentedRaftLogWorker.java:startLogSegment(380)) - 91f926b5-2cb1-4722-b947-953fef106990@group-D8B1933013FA-SegmentedRaftLogWorker: Starting segment from index:0
2019-09-11 21:55:42,582 [91f926b5-2cb1-4722-b947-953fef106990@group-D8B1933013FA:LeaderElection1] INFO  impl.RaftServerImpl (ServerState.java:setRaftConf(354)) - 91f926b5-2cb1-4722-b947-953fef106990@group-D8B1933013FA: set configuration 0: [91f926b5-2cb1-4722-b947-953fef106990:192.168.34.45:43639], old=null at 0
2019-09-11 21:55:42,588 [pool-67-thread-1] INFO  storage.RaftStorage (RaftStorage.java:format(72)) - Storage directory /workdir/hadoop-ozone/integration-test/target/test-dir/MiniOzoneClusterImpl-5ea26da2-f48a-485b-abc0-853cbfba6fbc/datanode-4/data/ratis/5dcfa472-796f-4ed7-a02a-6c52c0a0ff0f has been successfully formatted.
2019-09-11 21:55:42,588 [pool-67-thread-1] INFO  ratis.ContainerStateMachine (ContainerStateMachine.java:loadSnapshot(230)) - group-6C52C0A0FF0F: The snapshot info is null. Setting the last applied indexto:(t:0, i:~)
2019-09-11 21:55:42,588 [pool-67-thread-1] INFO  server.RaftServerConfigKeys (ConfUtils.java:logGet(43)) - raft.server.notification.no-leader.timeout = 120s (custom)
2019-09-11 21:55:42,589 [pool-67-thread-1] INFO  server.RaftServerConfigKeys (ConfUtils.java:logGet(43)) - raft.server.log.use.memory = false (default)
2019-09-11 21:55:42,589 [pool-67-thread-1] INFO  server.RaftServerConfigKeys (ConfUtils.java:logGet(43)) - raft.server.log.purge.gap = 1000000 (custom)
2019-09-11 21:55:42,589 [pool-67-thread-1] INFO  server.RaftServerConfigKeys (ConfUtils.java:logGet(43)) - raft.server.log.appender.buffer.byte-limit = 33554432 (custom)
2019-09-11 21:55:42,589 [pool-67-thread-1] INFO  server.RaftServerConfigKeys (ConfUtils.java:logGet(43)) - raft.server.log.segment.size.max = 1048576 (custom)
2019-09-11 21:55:42,589 [pool-67-thread-1] INFO  server.RaftServerConfigKeys (ConfUtils.java:logGet(43)) - raft.server.log.segment.cache.num.max = 2 (custom)
2019-09-11 21:55:42,589 [pool-67-thread-1] INFO  segmented.SegmentedRaftLogWorker (SegmentedRaftLogWorker.java:<init>(172)) - new bc5b1f13-910c-4303-9fd1-733985921f93@group-6C52C0A0FF0F-SegmentedRaftLogWorker for RaftStorage:Storage Directory /workdir/hadoop-ozone/integration-test/target/test-dir/MiniOzoneClusterImpl-5ea26da2-f48a-485b-abc0-853cbfba6fbc/datanode-4/data/ratis/5dcfa472-796f-4ed7-a02a-6c52c0a0ff0f
2019-09-11 21:55:42,592 [pool-67-thread-1] INFO  server.RaftServerConfigKeys (ConfUtils.java:logGet(43)) - raft.server.log.queue.byte-limit = 2147483647 (custom)
2019-09-11 21:55:42,592 [pool-67-thread-1] INFO  server.RaftServerConfigKeys (ConfUtils.java:logGet(43)) - raft.server.log.queue.element-limit = 1024 (custom)
2019-09-11 21:55:42,592 [pool-67-thread-1] INFO  server.RaftServerConfigKeys (ConfUtils.java:logGet(43)) - raft.server.log.segment.size.max = 1048576 (custom)
2019-09-11 21:55:42,592 [pool-67-thread-1] INFO  server.RaftServerConfigKeys (ConfUtils.java:logGet(43)) - raft.server.log.preallocated.size = 16384 (custom)
2019-09-11 21:55:42,593 [pool-67-thread-1] INFO  server.RaftServerConfigKeys (ConfUtils.java:logGet(43)) - raft.server.log.write.buffer.size = 33554432 (custom)
2019-09-11 21:55:42,593 [pool-67-thread-1] INFO  server.RaftServerConfigKeys (ConfUtils.java:logGet(43)) - raft.server.log.force.sync.num = 128 (default)
2019-09-11 21:55:42,593 [pool-67-thread-1] INFO  server.RaftServerConfigKeys (ConfUtils.java:logGet(43)) - raft.server.log.statemachine.data.sync = true (default)
2019-09-11 21:55:42,593 [pool-67-thread-1] INFO  server.RaftServerConfigKeys (ConfUtils.java:logGet(43)) - raft.server.log.statemachine.data.sync.timeout = 10s (default)
2019-09-11 21:55:42,593 [pool-67-thread-1] INFO  server.RaftServerConfigKeys (ConfUtils.java:logGet(43)) - raft.server.log.statemachine.data.sync.timeout.retry = -1 (default)
2019-09-11 21:55:42,593 [pool-67-thread-1] INFO  server.RaftServerConfigKeys (ConfUtils.java:logGet(43)) - raft.server.log.statemachine.data.caching.enabled = true (custom)
2019-09-11 21:55:42,594 [pool-67-thread-1] INFO  segmented.SegmentedRaftLogWorker (SegmentedRaftLogWorker.java:lambda$new$0(132)) - bc5b1f13-910c-4303-9fd1-733985921f93@group-6C52C0A0FF0F-SegmentedRaftLogWorker: flushIndex: setUnconditionally 0 -> -1
2019-09-11 21:55:42,594 [pool-67-thread-1] INFO  server.RaftServerConfigKeys (ConfUtils.java:logGet(43)) - raft.server.snapshot.auto.trigger.enabled = true (custom)
2019-09-11 21:55:42,594 [pool-67-thread-1] INFO  server.RaftServerConfigKeys (ConfUtils.java:logGet(43)) - raft.server.snapshot.auto.trigger.threshold = 10000 (custom)
2019-09-11 21:55:42,594 [pool-67-thread-1] INFO  server.RaftServerConfigKeys (ConfUtils.java:logGet(43)) - raft.server.snapshot.retention.num.files = -1 (default)
2019-09-11 21:55:42,595 [pool-67-thread-1] INFO  server.RaftServerConfigKeys (ConfUtils.java:logGet(43)) - raft.server.retrycache.expirytime = 600000ms (custom)
2019-09-11 21:55:42,597 [pool-67-thread-1] INFO  impl.RaftServerImpl (RaftServerImpl.java:start(185)) - bc5b1f13-910c-4303-9fd1-733985921f93@group-6C52C0A0FF0F: start as a follower, conf=-1: [bc5b1f13-910c-4303-9fd1-733985921f93:192.168.34.45:40258], old=null
2019-09-11 21:55:42,597 [pool-67-thread-1] INFO  impl.RaftServerImpl (RaftServerImpl.java:setRole(174)) - bc5b1f13-910c-4303-9fd1-733985921f93@group-6C52C0A0FF0F: changes role from      null to FOLLOWER at term 0 for startAsFollower
2019-09-11 21:55:42,597 [pool-67-thread-1] INFO  impl.RoleInfo (RoleInfo.java:updateAndGet(143)) - bc5b1f13-910c-4303-9fd1-733985921f93: start FollowerState
2019-09-11 21:55:42,597 [pool-67-thread-1] INFO  util.JmxRegister (JmxRegister.java:tryRegister(44)) - Successfully registered JMX Bean with object name Ratis:service=RaftServer,group=group-6C52C0A0FF0F,id=bc5b1f13-910c-4303-9fd1-733985921f93
2019-09-11 21:55:42,609 [RatisPipelineUtilsThread] INFO  pipeline.PipelineStateManager (PipelineStateManager.java:addPipeline(56)) - Created pipeline Pipeline[ Id: 5dcfa472-796f-4ed7-a02a-6c52c0a0ff0f, Nodes: bc5b1f13-910c-4303-9fd1-733985921f93{ip: 192.168.34.45, host: pr-hdds-2106-g2ln6-2689029927, networkLocation: /default-rack, certSerialId: null}, Type:RATIS, Factor:ONE, State:OPEN]
2019-09-11 21:55:42,620 [Thread-288] INFO  impl.FollowerState (FollowerState.java:run(106)) - b90393f0-91c9-4286-839e-32ae26f144bd:group-E4049B7FD6E3 changes to CANDIDATE, lastRpcTime:1081, electionTimeout:1077ms
2019-09-11 21:55:42,622 [Thread-288] INFO  impl.RoleInfo (RoleInfo.java:shutdownFollowerState(121)) - b90393f0-91c9-4286-839e-32ae26f144bd: shutdown FollowerState
2019-09-11 21:55:42,625 [Thread-288] INFO  impl.RaftServerImpl (RaftServerImpl.java:setRole(174)) - b90393f0-91c9-4286-839e-32ae26f144bd@group-E4049B7FD6E3: changes role from  FOLLOWER to CANDIDATE at term 0 for changeToCandidate
2019-09-11 21:55:42,627 [Thread-288] INFO  impl.RoleInfo (RoleInfo.java:updateAndGet(143)) - b90393f0-91c9-4286-839e-32ae26f144bd: start LeaderElection
2019-09-11 21:55:42,645 [b90393f0-91c9-4286-839e-32ae26f144bd@group-E4049B7FD6E3:LeaderElection2] INFO  impl.LeaderElection (LeaderElection.java:askForVotes(182)) - b90393f0-91c9-4286-839e-32ae26f144bd@group-E4049B7FD6E3:LeaderElection2: begin an election at term 1 for -1: [b90393f0-91c9-4286-839e-32ae26f144bd:192.168.34.45:32948], old=null
2019-09-11 21:55:42,652 [b90393f0-91c9-4286-839e-32ae26f144bd@group-E4049B7FD6E3:LeaderElection2] INFO  impl.RoleInfo (RoleInfo.java:shutdownLeaderElection(134)) - b90393f0-91c9-4286-839e-32ae26f144bd: shutdown LeaderElection
2019-09-11 21:55:42,652 [b90393f0-91c9-4286-839e-32ae26f144bd@group-E4049B7FD6E3:LeaderElection2] INFO  impl.RaftServerImpl (RaftServerImpl.java:setRole(174)) - b90393f0-91c9-4286-839e-32ae26f144bd@group-E4049B7FD6E3: changes role from CANDIDATE to LEADER at term 1 for changeToLeader
2019-09-11 21:55:42,652 [b90393f0-91c9-4286-839e-32ae26f144bd@group-E4049B7FD6E3:LeaderElection2] INFO  impl.RaftServerImpl (ServerState.java:setLeader(253)) - b90393f0-91c9-4286-839e-32ae26f144bd@group-E4049B7FD6E3: change Leader from null to b90393f0-91c9-4286-839e-32ae26f144bd at term 1 for becomeLeader, leader elected after 1132ms
2019-09-11 21:55:42,652 [b90393f0-91c9-4286-839e-32ae26f144bd@group-E4049B7FD6E3:LeaderElection2] INFO  server.RaftServerConfigKeys (ConfUtils.java:logGet(43)) - raft.server.staging.catchup.gap = 1000 (default)
2019-09-11 21:55:42,652 [b90393f0-91c9-4286-839e-32ae26f144bd@group-E4049B7FD6E3:LeaderElection2] INFO  server.RaftServerConfigKeys (ConfUtils.java:logGet(43)) - raft.server.rpc.sleep.time = 25ms (default)
2019-09-11 21:55:42,652 [b90393f0-91c9-4286-839e-32ae26f144bd@group-E4049B7FD6E3:LeaderElection2] INFO  server.RaftServerConfigKeys (ConfUtils.java:logGet(43)) - raft.server.write.element-limit = 4096 (default)
2019-09-11 21:55:42,652 [b90393f0-91c9-4286-839e-32ae26f144bd@group-E4049B7FD6E3:LeaderElection2] INFO  server.RaftServerConfigKeys (ConfUtils.java:logGet(43)) - raft.server.watch.timeout = 10s (default)
2019-09-11 21:55:42,652 [b90393f0-91c9-4286-839e-32ae26f144bd@group-E4049B7FD6E3:LeaderElection2] INFO  server.RaftServerConfigKeys (ConfUtils.java:logGet(43)) - raft.server.watch.timeout.denomination = 1s (default)
2019-09-11 21:55:42,653 [b90393f0-91c9-4286-839e-32ae26f144bd@group-E4049B7FD6E3:LeaderElection2] INFO  server.RaftServerConfigKeys (ConfUtils.java:logGet(43)) - raft.server.watch.element-limit = 65536 (default)
2019-09-11 21:55:42,658 [grpc-default-executor-2] INFO  impl.RaftServerProxy (RaftServerProxy.java:addNew(89)) - b90393f0-91c9-4286-839e-32ae26f144bd: addNew group-50C9D9F18802:[b90393f0-91c9-4286-839e-32ae26f144bd:192.168.34.45:32948, b8cc5711-5e40-41ff-95d6-57cfdaa6737f:192.168.34.45:35460, a5cc9080-cfb9-4240-b5a2-6affb7ccbad1:192.168.34.45:33471] returns group-50C9D9F18802:java.util.concurrent.CompletableFuture@4150a98e[Not completed]
2019-09-11 21:55:42,658 [grpc-default-executor-1] INFO  impl.RaftServerProxy (RaftServerProxy.java:addNew(89)) - a5cc9080-cfb9-4240-b5a2-6affb7ccbad1: addNew group-50C9D9F18802:[b90393f0-91c9-4286-839e-32ae26f144bd:192.168.34.45:32948, b8cc5711-5e40-41ff-95d6-57cfdaa6737f:192.168.34.45:35460, a5cc9080-cfb9-4240-b5a2-6affb7ccbad1:192.168.34.45:33471] returns group-50C9D9F18802:java.util.concurrent.CompletableFuture@1ff32834[Not completed]
2019-09-11 21:55:42,659 [grpc-default-executor-0] INFO  impl.RaftServerProxy (RaftServerProxy.java:addNew(89)) - b8cc5711-5e40-41ff-95d6-57cfdaa6737f: addNew group-50C9D9F18802:[b90393f0-91c9-4286-839e-32ae26f144bd:192.168.34.45:32948, b8cc5711-5e40-41ff-95d6-57cfdaa6737f:192.168.34.45:35460, a5cc9080-cfb9-4240-b5a2-6affb7ccbad1:192.168.34.45:33471] returns group-50C9D9F18802:java.util.concurrent.CompletableFuture@6a3ef87f[Not completed]
2019-09-11 21:55:42,660 [pool-97-thread-1] INFO  impl.RaftServerImpl (RaftServerImpl.java:<init>(95)) - b90393f0-91c9-4286-839e-32ae26f144bd: new RaftServerImpl for group-50C9D9F18802:[b90393f0-91c9-4286-839e-32ae26f144bd:192.168.34.45:32948, b8cc5711-5e40-41ff-95d6-57cfdaa6737f:192.168.34.45:35460, a5cc9080-cfb9-4240-b5a2-6affb7ccbad1:192.168.34.45:33471] with ContainerStateMachine:uninitialized
2019-09-11 21:55:42,660 [b90393f0-91c9-4286-839e-32ae26f144bd@group-E4049B7FD6E3:LeaderElection2] INFO  impl.RoleInfo (RoleInfo.java:updateAndGet(143)) - b90393f0-91c9-4286-839e-32ae26f144bd: start LeaderState
2019-09-11 21:55:42,660 [pool-97-thread-1] INFO  server.RaftServerConfigKeys (ConfUtils.java:logGet(43)) - raft.server.rpc.timeout.min = 1s (custom)
2019-09-11 21:55:42,660 [b90393f0-91c9-4286-839e-32ae26f144bd@group-E4049B7FD6E3:LeaderElection2] INFO  segmented.SegmentedRaftLogWorker (SegmentedRaftLogWorker.java:startLogSegment(380)) - b90393f0-91c9-4286-839e-32ae26f144bd@group-E4049B7FD6E3-SegmentedRaftLogWorker: Starting segment from index:0
2019-09-11 21:55:42,660 [pool-97-thread-1] INFO  server.RaftServerConfigKeys (ConfUtils.java:logGet(43)) - raft.server.rpc.timeout.max = 1200ms (custom)
2019-09-11 21:55:42,660 [pool-47-thread-1] INFO  impl.RaftServerImpl (RaftServerImpl.java:<init>(95)) - b8cc5711-5e40-41ff-95d6-57cfdaa6737f: new RaftServerImpl for group-50C9D9F18802:[b90393f0-91c9-4286-839e-32ae26f144bd:192.168.34.45:32948, b8cc5711-5e40-41ff-95d6-57cfdaa6737f:192.168.34.45:35460, a5cc9080-cfb9-4240-b5a2-6affb7ccbad1:192.168.34.45:33471] with ContainerStateMachine:uninitialized
2019-09-11 21:55:42,660 [pool-97-thread-1] INFO  server.RaftServerConfigKeys (ConfUtils.java:logGet(43)) - raft.server.rpcslowness.timeout = 120s (custom)
2019-09-11 21:55:42,661 [b90393f0-91c9-4286-839e-32ae26f144bd@group-E4049B7FD6E3:LeaderElection2] INFO  impl.RaftServerImpl (ServerState.java:setRaftConf(354)) - b90393f0-91c9-4286-839e-32ae26f144bd@group-E4049B7FD6E3: set configuration 0: [b90393f0-91c9-4286-839e-32ae26f144bd:192.168.34.45:32948], old=null at 0
2019-09-11 21:55:42,661 [pool-47-thread-1] INFO  server.RaftServerConfigKeys (ConfUtils.java:logGet(43)) - raft.server.rpc.timeout.min = 1s (custom)
2019-09-11 21:55:42,661 [pool-97-thread-1] INFO  server.RaftServerConfigKeys (ConfUtils.java:logGet(43)) - raft.server.sleep.deviation.threshold = 300 (default)
2019-09-11 21:55:42,664 [pool-87-thread-1] INFO  impl.RaftServerImpl (RaftServerImpl.java:<init>(95)) - a5cc9080-cfb9-4240-b5a2-6affb7ccbad1: new RaftServerImpl for group-50C9D9F18802:[b90393f0-91c9-4286-839e-32ae26f144bd:192.168.34.45:32948, b8cc5711-5e40-41ff-95d6-57cfdaa6737f:192.168.34.45:35460, a5cc9080-cfb9-4240-b5a2-6affb7ccbad1:192.168.34.45:33471] with ContainerStateMachine:uninitialized
2019-09-11 21:55:42,664 [pool-47-thread-1] INFO  server.RaftServerConfigKeys (ConfUtils.java:logGet(43)) - raft.server.rpc.timeout.max = 1200ms (custom)
2019-09-11 21:55:42,668 [pool-87-thread-1] INFO  server.RaftServerConfigKeys (ConfUtils.java:logGet(43)) - raft.server.rpc.timeout.min = 1s (custom)
2019-09-11 21:55:42,668 [pool-97-thread-1] INFO  server.RaftServerConfigKeys (ConfUtils.java:logGet(43)) - raft.server.log.appender.install.snapshot.enabled = false (custom)
2019-09-11 21:55:42,668 [pool-87-thread-1] INFO  server.RaftServerConfigKeys (ConfUtils.java:logGet(43)) - raft.server.rpc.timeout.max = 1200ms (custom)
2019-09-11 21:55:42,668 [pool-47-thread-1] INFO  server.RaftServerConfigKeys (ConfUtils.java:logGet(43)) - raft.server.rpcslowness.timeout = 120s (custom)
2019-09-11 21:55:42,668 [pool-87-thread-1] INFO  server.RaftServerConfigKeys (ConfUtils.java:logGet(43)) - raft.server.rpcslowness.timeout = 120s (custom)
2019-09-11 21:55:42,668 [pool-97-thread-1] INFO  impl.RaftServerImpl (ServerState.java:<init>(103)) - b90393f0-91c9-4286-839e-32ae26f144bd@group-50C9D9F18802: ConfigurationManager, init=-1: [b90393f0-91c9-4286-839e-32ae26f144bd:192.168.34.45:32948, b8cc5711-5e40-41ff-95d6-57cfdaa6737f:192.168.34.45:35460, a5cc9080-cfb9-4240-b5a2-6affb7ccbad1:192.168.34.45:33471], old=null, confs=<EMPTY_MAP>
2019-09-11 21:55:42,669 [pool-87-thread-1] INFO  server.RaftServerConfigKeys (ConfUtils.java:logGet(43)) - raft.server.sleep.deviation.threshold = 300 (default)
2019-09-11 21:55:42,668 [pool-47-thread-1] INFO  server.RaftServerConfigKeys (ConfUtils.java:logGet(43)) - raft.server.sleep.deviation.threshold = 300 (default)
2019-09-11 21:55:42,669 [pool-97-thread-1] INFO  server.RaftServerConfigKeys (ConfUtils.java:logGet(43)) - raft.server.storage.dir = [/workdir/hadoop-ozone/integration-test/target/test-dir/MiniOzoneClusterImpl-5ea26da2-f48a-485b-abc0-853cbfba6fbc/datanode-7/data/ratis] (custom)
2019-09-11 21:55:42,669 [pool-87-thread-1] INFO  server.RaftServerConfigKeys (ConfUtils.java:logGet(43)) - raft.server.log.appender.install.snapshot.enabled = false (custom)
2019-09-11 21:55:42,669 [pool-47-thread-1] INFO  server.RaftServerConfigKeys (ConfUtils.java:logGet(43)) - raft.server.log.appender.install.snapshot.enabled = false (custom)
2019-09-11 21:55:42,669 [pool-87-thread-1] INFO  impl.RaftServerImpl (ServerState.java:<init>(103)) - a5cc9080-cfb9-4240-b5a2-6affb7ccbad1@group-50C9D9F18802: ConfigurationManager, init=-1: [b90393f0-91c9-4286-839e-32ae26f144bd:192.168.34.45:32948, b8cc5711-5e40-41ff-95d6-57cfdaa6737f:192.168.34.45:35460, a5cc9080-cfb9-4240-b5a2-6affb7ccbad1:192.168.34.45:33471], old=null, confs=<EMPTY_MAP>
2019-09-11 21:55:42,669 [pool-47-thread-1] INFO  impl.RaftServerImpl (ServerState.java:<init>(103)) - b8cc5711-5e40-41ff-95d6-57cfdaa6737f@group-50C9D9F18802: ConfigurationManager, init=-1: [b90393f0-91c9-4286-839e-32ae26f144bd:192.168.34.45:32948, b8cc5711-5e40-41ff-95d6-57cfdaa6737f:192.168.34.45:35460, a5cc9080-cfb9-4240-b5a2-6affb7ccbad1:192.168.34.45:33471], old=null, confs=<EMPTY_MAP>
2019-09-11 21:55:42,670 [pool-97-thread-1] INFO  storage.RaftStorageDirectory (RaftStorageDirectory.java:analyzeStorage(246)) - The storage directory /workdir/hadoop-ozone/integration-test/target/test-dir/MiniOzoneClusterImpl-5ea26da2-f48a-485b-abc0-853cbfba6fbc/datanode-7/data/ratis/dd1a52e5-bfba-4b30-811b-50c9d9f18802 does not exist. Creating ...
2019-09-11 21:55:42,670 [pool-47-thread-1] INFO  server.RaftServerConfigKeys (ConfUtils.java:logGet(43)) - raft.server.storage.dir = [/workdir/hadoop-ozone/integration-test/target/test-dir/MiniOzoneClusterImpl-5ea26da2-f48a-485b-abc0-853cbfba6fbc/datanode-2/data/ratis] (custom)
2019-09-11 21:55:42,670 [pool-87-thread-1] INFO  server.RaftServerConfigKeys (ConfUtils.java:logGet(43)) - raft.server.storage.dir = [/workdir/hadoop-ozone/integration-test/target/test-dir/MiniOzoneClusterImpl-5ea26da2-f48a-485b-abc0-853cbfba6fbc/datanode-6/data/ratis] (custom)
2019-09-11 21:55:42,670 [pool-47-thread-1] INFO  storage.RaftStorageDirectory (RaftStorageDirectory.java:analyzeStorage(246)) - The storage directory /workdir/hadoop-ozone/integration-test/target/test-dir/MiniOzoneClusterImpl-5ea26da2-f48a-485b-abc0-853cbfba6fbc/datanode-2/data/ratis/dd1a52e5-bfba-4b30-811b-50c9d9f18802 does not exist. Creating ...
2019-09-11 21:55:42,670 [pool-87-thread-1] INFO  storage.RaftStorageDirectory (RaftStorageDirectory.java:analyzeStorage(246)) - The storage directory /workdir/hadoop-ozone/integration-test/target/test-dir/MiniOzoneClusterImpl-5ea26da2-f48a-485b-abc0-853cbfba6fbc/datanode-6/data/ratis/dd1a52e5-bfba-4b30-811b-50c9d9f18802 does not exist. Creating ...
2019-09-11 21:55:42,683 [pool-87-thread-1] INFO  storage.RaftStorageDirectory (RaftStorageDirectory.java:tryLock(328)) - Lock on /workdir/hadoop-ozone/integration-test/target/test-dir/MiniOzoneClusterImpl-5ea26da2-f48a-485b-abc0-853cbfba6fbc/datanode-6/data/ratis/dd1a52e5-bfba-4b30-811b-50c9d9f18802/in_use.lock acquired by nodename 7037@pr-hdds-2106-g2ln6-2689029927
2019-09-11 21:55:42,683 [pool-97-thread-1] INFO  storage.RaftStorageDirectory (RaftStorageDirectory.java:tryLock(328)) - Lock on /workdir/hadoop-ozone/integration-test/target/test-dir/MiniOzoneClusterImpl-5ea26da2-f48a-485b-abc0-853cbfba6fbc/datanode-7/data/ratis/dd1a52e5-bfba-4b30-811b-50c9d9f18802/in_use.lock acquired by nodename 7037@pr-hdds-2106-g2ln6-2689029927
2019-09-11 21:55:42,683 [pool-47-thread-1] INFO  storage.RaftStorageDirectory (RaftStorageDirectory.java:tryLock(328)) - Lock on /workdir/hadoop-ozone/integration-test/target/test-dir/MiniOzoneClusterImpl-5ea26da2-f48a-485b-abc0-853cbfba6fbc/datanode-2/data/ratis/dd1a52e5-bfba-4b30-811b-50c9d9f18802/in_use.lock acquired by nodename 7037@pr-hdds-2106-g2ln6-2689029927
2019-09-11 21:55:42,698 [pool-87-thread-1] INFO  storage.RaftStorage (RaftStorage.java:format(72)) - Storage directory /workdir/hadoop-ozone/integration-test/target/test-dir/MiniOzoneClusterImpl-5ea26da2-f48a-485b-abc0-853cbfba6fbc/datanode-6/data/ratis/dd1a52e5-bfba-4b30-811b-50c9d9f18802 has been successfully formatted.
2019-09-11 21:55:42,698 [pool-97-thread-1] INFO  storage.RaftStorage (RaftStorage.java:format(72)) - Storage directory /workdir/hadoop-ozone/integration-test/target/test-dir/MiniOzoneClusterImpl-5ea26da2-f48a-485b-abc0-853cbfba6fbc/datanode-7/data/ratis/dd1a52e5-bfba-4b30-811b-50c9d9f18802 has been successfully formatted.
2019-09-11 21:55:42,698 [pool-87-thread-1] INFO  ratis.ContainerStateMachine (ContainerStateMachine.java:loadSnapshot(230)) - group-50C9D9F18802: The snapshot info is null. Setting the last applied indexto:(t:0, i:~)
2019-09-11 21:55:42,698 [pool-47-thread-1] INFO  storage.RaftStorage (RaftStorage.java:format(72)) - Storage directory /workdir/hadoop-ozone/integration-test/target/test-dir/MiniOzoneClusterImpl-5ea26da2-f48a-485b-abc0-853cbfba6fbc/datanode-2/data/ratis/dd1a52e5-bfba-4b30-811b-50c9d9f18802 has been successfully formatted.
2019-09-11 21:55:42,698 [pool-97-thread-1] INFO  ratis.ContainerStateMachine (ContainerStateMachine.java:loadSnapshot(230)) - group-50C9D9F18802: The snapshot info is null. Setting the last applied indexto:(t:0, i:~)
2019-09-11 21:55:42,698 [pool-87-thread-1] INFO  server.RaftServerConfigKeys (ConfUtils.java:logGet(43)) - raft.server.notification.no-leader.timeout = 120s (custom)
2019-09-11 21:55:42,699 [pool-47-thread-1] INFO  ratis.ContainerStateMachine (ContainerStateMachine.java:loadSnapshot(230)) - group-50C9D9F18802: The snapshot info is null. Setting the last applied indexto:(t:0, i:~)
2019-09-11 21:55:42,699 [pool-97-thread-1] INFO  server.RaftServerConfigKeys (ConfUtils.java:logGet(43)) - raft.server.notification.no-leader.timeout = 120s (custom)
2019-09-11 21:55:42,699 [pool-47-thread-1] INFO  server.RaftServerConfigKeys (ConfUtils.java:logGet(43)) - raft.server.notification.no-leader.timeout = 120s (custom)
2019-09-11 21:55:42,699 [pool-87-thread-1] INFO  server.RaftServerConfigKeys (ConfUtils.java:logGet(43)) - raft.server.log.use.memory = false (default)
2019-09-11 21:55:42,699 [pool-47-thread-1] INFO  server.RaftServerConfigKeys (ConfUtils.java:logGet(43)) - raft.server.log.use.memory = false (default)
2019-09-11 21:55:42,699 [pool-97-thread-1] INFO  server.RaftServerConfigKeys (ConfUtils.java:logGet(43)) - raft.server.log.use.memory = false (default)
2019-09-11 21:55:42,699 [pool-87-thread-1] INFO  server.RaftServerConfigKeys (ConfUtils.java:logGet(43)) - raft.server.log.purge.gap = 1000000 (custom)
2019-09-11 21:55:42,700 [pool-97-thread-1] INFO  server.RaftServerConfigKeys (ConfUtils.java:logGet(43)) - raft.server.log.purge.gap = 1000000 (custom)
2019-09-11 21:55:42,700 [pool-47-thread-1] INFO  server.RaftServerConfigKeys (ConfUtils.java:logGet(43)) - raft.server.log.purge.gap = 1000000 (custom)
2019-09-11 21:55:42,700 [pool-97-thread-1] INFO  server.RaftServerConfigKeys (ConfUtils.java:logGet(43)) - raft.server.log.appender.buffer.byte-limit = 33554432 (custom)
2019-09-11 21:55:42,700 [pool-87-thread-1] INFO  server.RaftServerConfigKeys (ConfUtils.java:logGet(43)) - raft.server.log.appender.buffer.byte-limit = 33554432 (custom)
2019-09-11 21:55:42,700 [pool-97-thread-1] INFO  server.RaftServerConfigKeys (ConfUtils.java:logGet(43)) - raft.server.log.segment.size.max = 1048576 (custom)
2019-09-11 21:55:42,700 [pool-47-thread-1] INFO  server.RaftServerConfigKeys (ConfUtils.java:logGet(43)) - raft.server.log.appender.buffer.byte-limit = 33554432 (custom)
2019-09-11 21:55:42,700 [pool-97-thread-1] INFO  server.RaftServerConfigKeys (ConfUtils.java:logGet(43)) - raft.server.log.segment.cache.num.max = 2 (custom)
2019-09-11 21:55:42,700 [pool-87-thread-1] INFO  server.RaftServerConfigKeys (ConfUtils.java:logGet(43)) - raft.server.log.segment.size.max = 1048576 (custom)
2019-09-11 21:55:42,702 [pool-97-thread-1] INFO  segmented.SegmentedRaftLogWorker (SegmentedRaftLogWorker.java:<init>(172)) - new b90393f0-91c9-4286-839e-32ae26f144bd@group-50C9D9F18802-SegmentedRaftLogWorker for RaftStorage:Storage Directory /workdir/hadoop-ozone/integration-test/target/test-dir/MiniOzoneClusterImpl-5ea26da2-f48a-485b-abc0-853cbfba6fbc/datanode-7/data/ratis/dd1a52e5-bfba-4b30-811b-50c9d9f18802
2019-09-11 21:55:42,701 [pool-47-thread-1] INFO  server.RaftServerConfigKeys (ConfUtils.java:logGet(43)) - raft.server.log.segment.size.max = 1048576 (custom)
2019-09-11 21:55:42,703 [pool-97-thread-1] INFO  server.RaftServerConfigKeys (ConfUtils.java:logGet(43)) - raft.server.log.queue.byte-limit = 2147483647 (custom)
2019-09-11 21:55:42,702 [pool-87-thread-1] INFO  server.RaftServerConfigKeys (ConfUtils.java:logGet(43)) - raft.server.log.segment.cache.num.max = 2 (custom)
2019-09-11 21:55:42,703 [pool-97-thread-1] INFO  server.RaftServerConfigKeys (ConfUtils.java:logGet(43)) - raft.server.log.queue.element-limit = 1024 (custom)
2019-09-11 21:55:42,703 [pool-47-thread-1] INFO  server.RaftServerConfigKeys (ConfUtils.java:logGet(43)) - raft.server.log.segment.cache.num.max = 2 (custom)
2019-09-11 21:55:42,703 [pool-97-thread-1] INFO  server.RaftServerConfigKeys (ConfUtils.java:logGet(43)) - raft.server.log.segment.size.max = 1048576 (custom)
2019-09-11 21:55:42,703 [pool-87-thread-1] INFO  segmented.SegmentedRaftLogWorker (SegmentedRaftLogWorker.java:<init>(172)) - new a5cc9080-cfb9-4240-b5a2-6affb7ccbad1@group-50C9D9F18802-SegmentedRaftLogWorker for RaftStorage:Storage Directory /workdir/hadoop-ozone/integration-test/target/test-dir/MiniOzoneClusterImpl-5ea26da2-f48a-485b-abc0-853cbfba6fbc/datanode-6/data/ratis/dd1a52e5-bfba-4b30-811b-50c9d9f18802
2019-09-11 21:55:42,703 [pool-97-thread-1] INFO  server.RaftServerConfigKeys (ConfUtils.java:logGet(43)) - raft.server.log.preallocated.size = 16384 (custom)
2019-09-11 21:55:42,703 [pool-47-thread-1] INFO  segmented.SegmentedRaftLogWorker (SegmentedRaftLogWorker.java:<init>(172)) - new b8cc5711-5e40-41ff-95d6-57cfdaa6737f@group-50C9D9F18802-SegmentedRaftLogWorker for RaftStorage:Storage Directory /workdir/hadoop-ozone/integration-test/target/test-dir/MiniOzoneClusterImpl-5ea26da2-f48a-485b-abc0-853cbfba6fbc/datanode-2/data/ratis/dd1a52e5-bfba-4b30-811b-50c9d9f18802
2019-09-11 21:55:42,704 [pool-97-thread-1] INFO  server.RaftServerConfigKeys (ConfUtils.java:logGet(43)) - raft.server.log.write.buffer.size = 33554432 (custom)
2019-09-11 21:55:42,703 [pool-87-thread-1] INFO  server.RaftServerConfigKeys (ConfUtils.java:logGet(43)) - raft.server.log.queue.byte-limit = 2147483647 (custom)
2019-09-11 21:55:42,704 [pool-97-thread-1] INFO  server.RaftServerConfigKeys (ConfUtils.java:logGet(43)) - raft.server.log.force.sync.num = 128 (default)
2019-09-11 21:55:42,704 [pool-47-thread-1] INFO  server.RaftServerConfigKeys (ConfUtils.java:logGet(43)) - raft.server.log.queue.byte-limit = 2147483647 (custom)
2019-09-11 21:55:42,704 [pool-97-thread-1] INFO  server.RaftServerConfigKeys (ConfUtils.java:logGet(43)) - raft.server.log.statemachine.data.sync = true (default)
2019-09-11 21:55:42,704 [pool-87-thread-1] INFO  server.RaftServerConfigKeys (ConfUtils.java:logGet(43)) - raft.server.log.queue.element-limit = 1024 (custom)
2019-09-11 21:55:42,704 [pool-97-thread-1] INFO  server.RaftServerConfigKeys (ConfUtils.java:logGet(43)) - raft.server.log.statemachine.data.sync.timeout = 10s (default)
2019-09-11 21:55:42,704 [pool-47-thread-1] INFO  server.RaftServerConfigKeys (ConfUtils.java:logGet(43)) - raft.server.log.queue.element-limit = 1024 (custom)
2019-09-11 21:55:42,705 [pool-97-thread-1] INFO  server.RaftServerConfigKeys (ConfUtils.java:logGet(43)) - raft.server.log.statemachine.data.sync.timeout.retry = -1 (default)
2019-09-11 21:55:42,704 [pool-87-thread-1] INFO  server.RaftServerConfigKeys (ConfUtils.java:logGet(43)) - raft.server.log.segment.size.max = 1048576 (custom)
2019-09-11 21:55:42,705 [pool-97-thread-1] INFO  server.RaftServerConfigKeys (ConfUtils.java:logGet(43)) - raft.server.log.statemachine.data.caching.enabled = true (custom)
2019-09-11 21:55:42,705 [pool-47-thread-1] INFO  server.RaftServerConfigKeys (ConfUtils.java:logGet(43)) - raft.server.log.segment.size.max = 1048576 (custom)
2019-09-11 21:55:42,705 [pool-87-thread-1] INFO  server.RaftServerConfigKeys (ConfUtils.java:logGet(43)) - raft.server.log.preallocated.size = 16384 (custom)
2019-09-11 21:55:42,705 [pool-47-thread-1] INFO  server.RaftServerConfigKeys (ConfUtils.java:logGet(43)) - raft.server.log.preallocated.size = 16384 (custom)
2019-09-11 21:55:42,705 [pool-97-thread-1] INFO  segmented.SegmentedRaftLogWorker (SegmentedRaftLogWorker.java:lambda$new$0(132)) - b90393f0-91c9-4286-839e-32ae26f144bd@group-50C9D9F18802-SegmentedRaftLogWorker: flushIndex: setUnconditionally 0 -> -1
2019-09-11 21:55:42,706 [pool-47-thread-1] INFO  server.RaftServerConfigKeys (ConfUtils.java:logGet(43)) - raft.server.log.write.buffer.size = 33554432 (custom)
2019-09-11 21:55:42,705 [pool-87-thread-1] INFO  server.RaftServerConfigKeys (ConfUtils.java:logGet(43)) - raft.server.log.write.buffer.size = 33554432 (custom)
2019-09-11 21:55:42,706 [pool-47-thread-1] INFO  server.RaftServerConfigKeys (ConfUtils.java:logGet(43)) - raft.server.log.force.sync.num = 128 (default)
2019-09-11 21:55:42,706 [pool-97-thread-1] INFO  server.RaftServerConfigKeys (ConfUtils.java:logGet(43)) - raft.server.snapshot.auto.trigger.enabled = true (custom)
2019-09-11 21:55:42,706 [pool-47-thread-1] INFO  server.RaftServerConfigKeys (ConfUtils.java:logGet(43)) - raft.server.log.statemachine.data.sync = true (default)
2019-09-11 21:55:42,706 [pool-87-thread-1] INFO  server.RaftServerConfigKeys (ConfUtils.java:logGet(43)) - raft.server.log.force.sync.num = 128 (default)
2019-09-11 21:55:42,709 [pool-47-thread-1] INFO  server.RaftServerConfigKeys (ConfUtils.java:logGet(43)) - raft.server.log.statemachine.data.sync.timeout = 10s (default)
2019-09-11 21:55:42,706 [pool-97-thread-1] INFO  server.RaftServerConfigKeys (ConfUtils.java:logGet(43)) - raft.server.snapshot.auto.trigger.threshold = 10000 (custom)
2019-09-11 21:55:42,709 [pool-47-thread-1] INFO  server.RaftServerConfigKeys (ConfUtils.java:logGet(43)) - raft.server.log.statemachine.data.sync.timeout.retry = -1 (default)
2019-09-11 21:55:42,709 [pool-87-thread-1] INFO  server.RaftServerConfigKeys (ConfUtils.java:logGet(43)) - raft.server.log.statemachine.data.sync = true (default)
2019-09-11 21:55:42,709 [pool-47-thread-1] INFO  server.RaftServerConfigKeys (ConfUtils.java:logGet(43)) - raft.server.log.statemachine.data.caching.enabled = true (custom)
2019-09-11 21:55:42,709 [pool-97-thread-1] INFO  server.RaftServerConfigKeys (ConfUtils.java:logGet(43)) - raft.server.snapshot.retention.num.files = -1 (default)
2019-09-11 21:55:42,710 [pool-87-thread-1] INFO  server.RaftServerConfigKeys (ConfUtils.java:logGet(43)) - raft.server.log.statemachine.data.sync.timeout = 10s (default)
2019-09-11 21:55:42,710 [pool-47-thread-1] INFO  segmented.SegmentedRaftLogWorker (SegmentedRaftLogWorker.java:lambda$new$0(132)) - b8cc5711-5e40-41ff-95d6-57cfdaa6737f@group-50C9D9F18802-SegmentedRaftLogWorker: flushIndex: setUnconditionally 0 -> -1
2019-09-11 21:55:42,710 [pool-97-thread-1] INFO  server.RaftServerConfigKeys (ConfUtils.java:logGet(43)) - raft.server.retrycache.expirytime = 600000ms (custom)
2019-09-11 21:55:42,710 [pool-87-thread-1] INFO  server.RaftServerConfigKeys (ConfUtils.java:logGet(43)) - raft.server.log.statemachine.data.sync.timeout.retry = -1 (default)
2019-09-11 21:55:42,710 [pool-47-thread-1] INFO  server.RaftServerConfigKeys (ConfUtils.java:logGet(43)) - raft.server.snapshot.auto.trigger.enabled = true (custom)
2019-09-11 21:55:42,711 [pool-87-thread-1] INFO  server.RaftServerConfigKeys (ConfUtils.java:logGet(43)) - raft.server.log.statemachine.data.caching.enabled = true (custom)
2019-09-11 21:55:42,711 [pool-47-thread-1] INFO  server.RaftServerConfigKeys (ConfUtils.java:logGet(43)) - raft.server.snapshot.auto.trigger.threshold = 10000 (custom)
2019-09-11 21:55:42,711 [pool-47-thread-1] INFO  server.RaftServerConfigKeys (ConfUtils.java:logGet(43)) - raft.server.snapshot.retention.num.files = -1 (default)
2019-09-11 21:55:42,711 [pool-87-thread-1] INFO  segmented.SegmentedRaftLogWorker (SegmentedRaftLogWorker.java:lambda$new$0(132)) - a5cc9080-cfb9-4240-b5a2-6affb7ccbad1@group-50C9D9F18802-SegmentedRaftLogWorker: flushIndex: setUnconditionally 0 -> -1
2019-09-11 21:55:42,711 [pool-47-thread-1] INFO  server.RaftServerConfigKeys (ConfUtils.java:logGet(43)) - raft.server.retrycache.expirytime = 600000ms (custom)
2019-09-11 21:55:42,712 [pool-87-thread-1] INFO  server.RaftServerConfigKeys (ConfUtils.java:logGet(43)) - raft.server.snapshot.auto.trigger.enabled = true (custom)
2019-09-11 21:55:42,712 [pool-87-thread-1] INFO  server.RaftServerConfigKeys (ConfUtils.java:logGet(43)) - raft.server.snapshot.auto.trigger.threshold = 10000 (custom)
2019-09-11 21:55:42,712 [pool-87-thread-1] INFO  server.RaftServerConfigKeys (ConfUtils.java:logGet(43)) - raft.server.snapshot.retention.num.files = -1 (default)
2019-09-11 21:55:42,712 [pool-87-thread-1] INFO  server.RaftServerConfigKeys (ConfUtils.java:logGet(43)) - raft.server.retrycache.expirytime = 600000ms (custom)
2019-09-11 21:55:42,712 [pool-97-thread-1] INFO  impl.RaftServerImpl (RaftServerImpl.java:start(185)) - b90393f0-91c9-4286-839e-32ae26f144bd@group-50C9D9F18802: start as a follower, conf=-1: [b90393f0-91c9-4286-839e-32ae26f144bd:192.168.34.45:32948, b8cc5711-5e40-41ff-95d6-57cfdaa6737f:192.168.34.45:35460, a5cc9080-cfb9-4240-b5a2-6affb7ccbad1:192.168.34.45:33471], old=null
2019-09-11 21:55:42,712 [pool-97-thread-1] INFO  impl.RaftServerImpl (RaftServerImpl.java:setRole(174)) - b90393f0-91c9-4286-839e-32ae26f144bd@group-50C9D9F18802: changes role from      null to FOLLOWER at term 0 for startAsFollower
2019-09-11 21:55:42,713 [pool-97-thread-1] INFO  impl.RoleInfo (RoleInfo.java:updateAndGet(143)) - b90393f0-91c9-4286-839e-32ae26f144bd: start FollowerState
2019-09-11 21:55:42,713 [pool-97-thread-1] INFO  util.JmxRegister (JmxRegister.java:tryRegister(44)) - Successfully registered JMX Bean with object name Ratis:service=RaftServer,group=group-50C9D9F18802,id=b90393f0-91c9-4286-839e-32ae26f144bd
2019-09-11 21:55:42,724 [pool-47-thread-1] INFO  impl.RaftServerImpl (RaftServerImpl.java:start(185)) - b8cc5711-5e40-41ff-95d6-57cfdaa6737f@group-50C9D9F18802: start as a follower, conf=-1: [b90393f0-91c9-4286-839e-32ae26f144bd:192.168.34.45:32948, b8cc5711-5e40-41ff-95d6-57cfdaa6737f:192.168.34.45:35460, a5cc9080-cfb9-4240-b5a2-6affb7ccbad1:192.168.34.45:33471], old=null
2019-09-11 21:55:42,727 [pool-47-thread-1] INFO  impl.RaftServerImpl (RaftServerImpl.java:setRole(174)) - b8cc5711-5e40-41ff-95d6-57cfdaa6737f@group-50C9D9F18802: changes role from      null to FOLLOWER at term 0 for startAsFollower
2019-09-11 21:55:42,727 [pool-87-thread-1] INFO  impl.RaftServerImpl (RaftServerImpl.java:start(185)) - a5cc9080-cfb9-4240-b5a2-6affb7ccbad1@group-50C9D9F18802: start as a follower, conf=-1: [b90393f0-91c9-4286-839e-32ae26f144bd:192.168.34.45:32948, b8cc5711-5e40-41ff-95d6-57cfdaa6737f:192.168.34.45:35460, a5cc9080-cfb9-4240-b5a2-6affb7ccbad1:192.168.34.45:33471], old=null
2019-09-11 21:55:42,727 [pool-47-thread-1] INFO  impl.RoleInfo (RoleInfo.java:updateAndGet(143)) - b8cc5711-5e40-41ff-95d6-57cfdaa6737f: start FollowerState
2019-09-11 21:55:42,729 [pool-87-thread-1] INFO  impl.RaftServerImpl (RaftServerImpl.java:setRole(174)) - a5cc9080-cfb9-4240-b5a2-6affb7ccbad1@group-50C9D9F18802: changes role from      null to FOLLOWER at term 0 for startAsFollower
2019-09-11 21:55:42,730 [pool-87-thread-1] INFO  impl.RoleInfo (RoleInfo.java:updateAndGet(143)) - a5cc9080-cfb9-4240-b5a2-6affb7ccbad1: start FollowerState
2019-09-11 21:55:42,730 [pool-47-thread-1] INFO  util.JmxRegister (JmxRegister.java:tryRegister(44)) - Successfully registered JMX Bean with object name Ratis:service=RaftServer,group=group-50C9D9F18802,id=b8cc5711-5e40-41ff-95d6-57cfdaa6737f
2019-09-11 21:55:42,730 [pool-87-thread-1] INFO  util.JmxRegister (JmxRegister.java:tryRegister(44)) - Successfully registered JMX Bean with object name Ratis:service=RaftServer,group=group-50C9D9F18802,id=a5cc9080-cfb9-4240-b5a2-6affb7ccbad1
2019-09-11 21:55:42,751 [RatisPipelineUtilsThread] INFO  pipeline.PipelineStateManager (PipelineStateManager.java:addPipeline(56)) - Created pipeline Pipeline[ Id: dd1a52e5-bfba-4b30-811b-50c9d9f18802, Nodes: b90393f0-91c9-4286-839e-32ae26f144bd{ip: 192.168.34.45, host: pr-hdds-2106-g2ln6-2689029927, networkLocation: /default-rack, certSerialId: null}b8cc5711-5e40-41ff-95d6-57cfdaa6737f{ip: 192.168.34.45, host: pr-hdds-2106-g2ln6-2689029927, networkLocation: /default-rack, certSerialId: null}a5cc9080-cfb9-4240-b5a2-6affb7ccbad1{ip: 192.168.34.45, host: pr-hdds-2106-g2ln6-2689029927, networkLocation: /default-rack, certSerialId: null}, Type:RATIS, Factor:THREE, State:OPEN]
2019-09-11 21:55:42,775 [grpc-default-executor-2] INFO  impl.RaftServerProxy (RaftServerProxy.java:addNew(89)) - 91f926b5-2cb1-4722-b947-953fef106990: addNew group-AC8E2A32E389:[91f926b5-2cb1-4722-b947-953fef106990:192.168.34.45:43639, a5a7e056-72fb-437a-9ac2-af7573048f25:192.168.34.45:39698, c2a73e63-4533-4661-ae84-dd5a39362559:192.168.34.45:40043] returns group-AC8E2A32E389:java.util.concurrent.CompletableFuture@71c4dd58[Not completed]
2019-09-11 21:55:42,777 [grpc-default-executor-0] INFO  impl.RaftServerProxy (RaftServerProxy.java:addNew(89)) - a5a7e056-72fb-437a-9ac2-af7573048f25: addNew group-AC8E2A32E389:[91f926b5-2cb1-4722-b947-953fef106990:192.168.34.45:43639, a5a7e056-72fb-437a-9ac2-af7573048f25:192.168.34.45:39698, c2a73e63-4533-4661-ae84-dd5a39362559:192.168.34.45:40043] returns group-AC8E2A32E389:java.util.concurrent.CompletableFuture@788977ff[Not completed]
2019-09-11 21:55:42,782 [pool-27-thread-1] INFO  impl.RaftServerImpl (RaftServerImpl.java:<init>(95)) - 91f926b5-2cb1-4722-b947-953fef106990: new RaftServerImpl for group-AC8E2A32E389:[91f926b5-2cb1-4722-b947-953fef106990:192.168.34.45:43639, a5a7e056-72fb-437a-9ac2-af7573048f25:192.168.34.45:39698, c2a73e63-4533-4661-ae84-dd5a39362559:192.168.34.45:40043] with ContainerStateMachine:uninitialized
2019-09-11 21:55:42,782 [grpc-default-executor-2] INFO  impl.RaftServerProxy (RaftServerProxy.java:addNew(89)) - c2a73e63-4533-4661-ae84-dd5a39362559: addNew group-AC8E2A32E389:[91f926b5-2cb1-4722-b947-953fef106990:192.168.34.45:43639, a5a7e056-72fb-437a-9ac2-af7573048f25:192.168.34.45:39698, c2a73e63-4533-4661-ae84-dd5a39362559:192.168.34.45:40043] returns group-AC8E2A32E389:java.util.concurrent.CompletableFuture@647dd08f[Not completed]
2019-09-11 21:55:42,782 [pool-27-thread-1] INFO  server.RaftServerConfigKeys (ConfUtils.java:logGet(43)) - raft.server.rpc.timeout.min = 1s (custom)
2019-09-11 21:55:42,782 [pool-27-thread-1] INFO  server.RaftServerConfigKeys (ConfUtils.java:logGet(43)) - raft.server.rpc.timeout.max = 1200ms (custom)
2019-09-11 21:55:42,783 [pool-27-thread-1] INFO  server.RaftServerConfigKeys (ConfUtils.java:logGet(43)) - raft.server.rpcslowness.timeout = 120s (custom)
2019-09-11 21:55:42,783 [pool-27-thread-1] INFO  server.RaftServerConfigKeys (ConfUtils.java:logGet(43)) - raft.server.sleep.deviation.threshold = 300 (default)
2019-09-11 21:55:42,783 [pool-27-thread-1] INFO  server.RaftServerConfigKeys (ConfUtils.java:logGet(43)) - raft.server.log.appender.install.snapshot.enabled = false (custom)
2019-09-11 21:55:42,783 [pool-77-thread-1] INFO  impl.RaftServerImpl (RaftServerImpl.java:<init>(95)) - a5a7e056-72fb-437a-9ac2-af7573048f25: new RaftServerImpl for group-AC8E2A32E389:[91f926b5-2cb1-4722-b947-953fef106990:192.168.34.45:43639, a5a7e056-72fb-437a-9ac2-af7573048f25:192.168.34.45:39698, c2a73e63-4533-4661-ae84-dd5a39362559:192.168.34.45:40043] with ContainerStateMachine:uninitialized
2019-09-11 21:55:42,783 [pool-27-thread-1] INFO  impl.RaftServerImpl (ServerState.java:<init>(103)) - 91f926b5-2cb1-4722-b947-953fef106990@group-AC8E2A32E389: ConfigurationManager, init=-1: [91f926b5-2cb1-4722-b947-953fef106990:192.168.34.45:43639, a5a7e056-72fb-437a-9ac2-af7573048f25:192.168.34.45:39698, c2a73e63-4533-4661-ae84-dd5a39362559:192.168.34.45:40043], old=null, confs=<EMPTY_MAP>
2019-09-11 21:55:42,783 [pool-77-thread-1] INFO  server.RaftServerConfigKeys (ConfUtils.java:logGet(43)) - raft.server.rpc.timeout.min = 1s (custom)
2019-09-11 21:55:42,783 [pool-27-thread-1] INFO  server.RaftServerConfigKeys (ConfUtils.java:logGet(43)) - raft.server.storage.dir = [/workdir/hadoop-ozone/integration-test/target/test-dir/MiniOzoneClusterImpl-5ea26da2-f48a-485b-abc0-853cbfba6fbc/datanode-0/data/ratis] (custom)
2019-09-11 21:55:42,783 [pool-77-thread-1] INFO  server.RaftServerConfigKeys (ConfUtils.java:logGet(43)) - raft.server.rpc.timeout.max = 1200ms (custom)
2019-09-11 21:55:42,784 [pool-77-thread-1] INFO  server.RaftServerConfigKeys (ConfUtils.java:logGet(43)) - raft.server.rpcslowness.timeout = 120s (custom)
2019-09-11 21:55:42,784 [pool-77-thread-1] INFO  server.RaftServerConfigKeys (ConfUtils.java:logGet(43)) - raft.server.sleep.deviation.threshold = 300 (default)
2019-09-11 21:55:42,784 [pool-27-thread-1] INFO  storage.RaftStorageDirectory (RaftStorageDirectory.java:analyzeStorage(246)) - The storage directory /workdir/hadoop-ozone/integration-test/target/test-dir/MiniOzoneClusterImpl-5ea26da2-f48a-485b-abc0-853cbfba6fbc/datanode-0/data/ratis/3022a5dc-24e7-4c49-a0cd-ac8e2a32e389 does not exist. Creating ...
2019-09-11 21:55:42,784 [pool-77-thread-1] INFO  server.RaftServerConfigKeys (ConfUtils.java:logGet(43)) - raft.server.log.appender.install.snapshot.enabled = false (custom)
2019-09-11 21:55:42,784 [pool-77-thread-1] INFO  impl.RaftServerImpl (ServerState.java:<init>(103)) - a5a7e056-72fb-437a-9ac2-af7573048f25@group-AC8E2A32E389: ConfigurationManager, init=-1: [91f926b5-2cb1-4722-b947-953fef106990:192.168.34.45:43639, a5a7e056-72fb-437a-9ac2-af7573048f25:192.168.34.45:39698, c2a73e63-4533-4661-ae84-dd5a39362559:192.168.34.45:40043], old=null, confs=<EMPTY_MAP>
2019-09-11 21:55:42,784 [pool-57-thread-1] INFO  impl.RaftServerImpl (RaftServerImpl.java:<init>(95)) - c2a73e63-4533-4661-ae84-dd5a39362559: new RaftServerImpl for group-AC8E2A32E389:[91f926b5-2cb1-4722-b947-953fef106990:192.168.34.45:43639, a5a7e056-72fb-437a-9ac2-af7573048f25:192.168.34.45:39698, c2a73e63-4533-4661-ae84-dd5a39362559:192.168.34.45:40043] with ContainerStateMachine:uninitialized
2019-09-11 21:55:42,784 [pool-77-thread-1] INFO  server.RaftServerConfigKeys (ConfUtils.java:logGet(43)) - raft.server.storage.dir = [/workdir/hadoop-ozone/integration-test/target/test-dir/MiniOzoneClusterImpl-5ea26da2-f48a-485b-abc0-853cbfba6fbc/datanode-5/data/ratis] (custom)
2019-09-11 21:55:42,784 [pool-57-thread-1] INFO  server.RaftServerConfigKeys (ConfUtils.java:logGet(43)) - raft.server.rpc.timeout.min = 1s (custom)
2019-09-11 21:55:42,784 [pool-57-thread-1] INFO  server.RaftServerConfigKeys (ConfUtils.java:logGet(43)) - raft.server.rpc.timeout.max = 1200ms (custom)
2019-09-11 21:55:42,785 [pool-77-thread-1] INFO  storage.RaftStorageDirectory (RaftStorageDirectory.java:analyzeStorage(246)) - The storage directory /workdir/hadoop-ozone/integration-test/target/test-dir/MiniOzoneClusterImpl-5ea26da2-f48a-485b-abc0-853cbfba6fbc/datanode-5/data/ratis/3022a5dc-24e7-4c49-a0cd-ac8e2a32e389 does not exist. Creating ...
2019-09-11 21:55:42,785 [pool-57-thread-1] INFO  server.RaftServerConfigKeys (ConfUtils.java:logGet(43)) - raft.server.rpcslowness.timeout = 120s (custom)
2019-09-11 21:55:42,785 [pool-57-thread-1] INFO  server.RaftServerConfigKeys (ConfUtils.java:logGet(43)) - raft.server.sleep.deviation.threshold = 300 (default)
2019-09-11 21:55:42,785 [pool-57-thread-1] INFO  server.RaftServerConfigKeys (ConfUtils.java:logGet(43)) - raft.server.log.appender.install.snapshot.enabled = false (custom)
2019-09-11 21:55:42,785 [pool-57-thread-1] INFO  impl.RaftServerImpl (ServerState.java:<init>(103)) - c2a73e63-4533-4661-ae84-dd5a39362559@group-AC8E2A32E389: ConfigurationManager, init=-1: [91f926b5-2cb1-4722-b947-953fef106990:192.168.34.45:43639, a5a7e056-72fb-437a-9ac2-af7573048f25:192.168.34.45:39698, c2a73e63-4533-4661-ae84-dd5a39362559:192.168.34.45:40043], old=null, confs=<EMPTY_MAP>
2019-09-11 21:55:42,785 [pool-57-thread-1] INFO  server.RaftServerConfigKeys (ConfUtils.java:logGet(43)) - raft.server.storage.dir = [/workdir/hadoop-ozone/integration-test/target/test-dir/MiniOzoneClusterImpl-5ea26da2-f48a-485b-abc0-853cbfba6fbc/datanode-3/data/ratis] (custom)
2019-09-11 21:55:42,786 [pool-57-thread-1] INFO  storage.RaftStorageDirectory (RaftStorageDirectory.java:analyzeStorage(246)) - The storage directory /workdir/hadoop-ozone/integration-test/target/test-dir/MiniOzoneClusterImpl-5ea26da2-f48a-485b-abc0-853cbfba6fbc/datanode-3/data/ratis/3022a5dc-24e7-4c49-a0cd-ac8e2a32e389 does not exist. Creating ...
2019-09-11 21:55:42,798 [pool-57-thread-1] INFO  storage.RaftStorageDirectory (RaftStorageDirectory.java:tryLock(328)) - Lock on /workdir/hadoop-ozone/integration-test/target/test-dir/MiniOzoneClusterImpl-5ea26da2-f48a-485b-abc0-853cbfba6fbc/datanode-3/data/ratis/3022a5dc-24e7-4c49-a0cd-ac8e2a32e389/in_use.lock acquired by nodename 7037@pr-hdds-2106-g2ln6-2689029927
2019-09-11 21:55:42,798 [pool-27-thread-1] INFO  storage.RaftStorageDirectory (RaftStorageDirectory.java:tryLock(328)) - Lock on /workdir/hadoop-ozone/integration-test/target/test-dir/MiniOzoneClusterImpl-5ea26da2-f48a-485b-abc0-853cbfba6fbc/datanode-0/data/ratis/3022a5dc-24e7-4c49-a0cd-ac8e2a32e389/in_use.lock acquired by nodename 7037@pr-hdds-2106-g2ln6-2689029927
2019-09-11 21:55:42,798 [pool-77-thread-1] INFO  storage.RaftStorageDirectory (RaftStorageDirectory.java:tryLock(328)) - Lock on /workdir/hadoop-ozone/integration-test/target/test-dir/MiniOzoneClusterImpl-5ea26da2-f48a-485b-abc0-853cbfba6fbc/datanode-5/data/ratis/3022a5dc-24e7-4c49-a0cd-ac8e2a32e389/in_use.lock acquired by nodename 7037@pr-hdds-2106-g2ln6-2689029927
2019-09-11 21:55:42,812 [pool-77-thread-1] INFO  storage.RaftStorage (RaftStorage.java:format(72)) - Storage directory /workdir/hadoop-ozone/integration-test/target/test-dir/MiniOzoneClusterImpl-5ea26da2-f48a-485b-abc0-853cbfba6fbc/datanode-5/data/ratis/3022a5dc-24e7-4c49-a0cd-ac8e2a32e389 has been successfully formatted.
2019-09-11 21:55:42,812 [pool-57-thread-1] INFO  storage.RaftStorage (RaftStorage.java:format(72)) - Storage directory /workdir/hadoop-ozone/integration-test/target/test-dir/MiniOzoneClusterImpl-5ea26da2-f48a-485b-abc0-853cbfba6fbc/datanode-3/data/ratis/3022a5dc-24e7-4c49-a0cd-ac8e2a32e389 has been successfully formatted.
2019-09-11 21:55:42,812 [pool-77-thread-1] INFO  ratis.ContainerStateMachine (ContainerStateMachine.java:loadSnapshot(230)) - group-AC8E2A32E389: The snapshot info is null. Setting the last applied indexto:(t:0, i:~)
2019-09-11 21:55:42,812 [pool-27-thread-1] INFO  storage.RaftStorage (RaftStorage.java:format(72)) - Storage directory /workdir/hadoop-ozone/integration-test/target/test-dir/MiniOzoneClusterImpl-5ea26da2-f48a-485b-abc0-853cbfba6fbc/datanode-0/data/ratis/3022a5dc-24e7-4c49-a0cd-ac8e2a32e389 has been successfully formatted.
2019-09-11 21:55:42,812 [pool-57-thread-1] INFO  ratis.ContainerStateMachine (ContainerStateMachine.java:loadSnapshot(230)) - group-AC8E2A32E389: The snapshot info is null. Setting the last applied indexto:(t:0, i:~)
2019-09-11 21:55:42,812 [pool-77-thread-1] INFO  server.RaftServerConfigKeys (ConfUtils.java:logGet(43)) - raft.server.notification.no-leader.timeout = 120s (custom)
2019-09-11 21:55:42,813 [pool-57-thread-1] INFO  server.RaftServerConfigKeys (ConfUtils.java:logGet(43)) - raft.server.notification.no-leader.timeout = 120s (custom)
2019-09-11 21:55:42,813 [pool-27-thread-1] INFO  ratis.ContainerStateMachine (ContainerStateMachine.java:loadSnapshot(230)) - group-AC8E2A32E389: The snapshot info is null. Setting the last applied indexto:(t:0, i:~)
2019-09-11 21:55:42,813 [pool-57-thread-1] INFO  server.RaftServerConfigKeys (ConfUtils.java:logGet(43)) - raft.server.log.use.memory = false (default)
2019-09-11 21:55:42,813 [pool-77-thread-1] INFO  server.RaftServerConfigKeys (ConfUtils.java:logGet(43)) - raft.server.log.use.memory = false (default)
2019-09-11 21:55:42,813 [pool-57-thread-1] INFO  server.RaftServerConfigKeys (ConfUtils.java:logGet(43)) - raft.server.log.purge.gap = 1000000 (custom)
2019-09-11 21:55:42,813 [pool-27-thread-1] INFO  server.RaftServerConfigKeys (ConfUtils.java:logGet(43)) - raft.server.notification.no-leader.timeout = 120s (custom)
2019-09-11 21:55:42,813 [pool-57-thread-1] INFO  server.RaftServerConfigKeys (ConfUtils.java:logGet(43)) - raft.server.log.appender.buffer.byte-limit = 33554432 (custom)
2019-09-11 21:55:42,813 [pool-77-thread-1] INFO  server.RaftServerConfigKeys (ConfUtils.java:logGet(43)) - raft.server.log.purge.gap = 1000000 (custom)
2019-09-11 21:55:42,814 [pool-57-thread-1] INFO  server.RaftServerConfigKeys (ConfUtils.java:logGet(43)) - raft.server.log.segment.size.max = 1048576 (custom)
2019-09-11 21:55:42,813 [pool-27-thread-1] INFO  server.RaftServerConfigKeys (ConfUtils.java:logGet(43)) - raft.server.log.use.memory = false (default)
2019-09-11 21:55:42,814 [pool-57-thread-1] INFO  server.RaftServerConfigKeys (ConfUtils.java:logGet(43)) - raft.server.log.segment.cache.num.max = 2 (custom)
2019-09-11 21:55:42,814 [pool-77-thread-1] INFO  server.RaftServerConfigKeys (ConfUtils.java:logGet(43)) - raft.server.log.appender.buffer.byte-limit = 33554432 (custom)
2019-09-11 21:55:42,814 [pool-57-thread-1] INFO  segmented.SegmentedRaftLogWorker (SegmentedRaftLogWorker.java:<init>(172)) - new c2a73e63-4533-4661-ae84-dd5a39362559@group-AC8E2A32E389-SegmentedRaftLogWorker for RaftStorage:Storage Directory /workdir/hadoop-ozone/integration-test/target/test-dir/MiniOzoneClusterImpl-5ea26da2-f48a-485b-abc0-853cbfba6fbc/datanode-3/data/ratis/3022a5dc-24e7-4c49-a0cd-ac8e2a32e389
2019-09-11 21:55:42,814 [pool-27-thread-1] INFO  server.RaftServerConfigKeys (ConfUtils.java:logGet(43)) - raft.server.log.purge.gap = 1000000 (custom)
2019-09-11 21:55:42,814 [pool-57-thread-1] INFO  server.RaftServerConfigKeys (ConfUtils.java:logGet(43)) - raft.server.log.queue.byte-limit = 2147483647 (custom)
2019-09-11 21:55:42,814 [pool-77-thread-1] INFO  server.RaftServerConfigKeys (ConfUtils.java:logGet(43)) - raft.server.log.segment.size.max = 1048576 (custom)
2019-09-11 21:55:42,815 [pool-57-thread-1] INFO  server.RaftServerConfigKeys (ConfUtils.java:logGet(43)) - raft.server.log.queue.element-limit = 1024 (custom)
2019-09-11 21:55:42,814 [pool-27-thread-1] INFO  server.RaftServerConfigKeys (ConfUtils.java:logGet(43)) - raft.server.log.appender.buffer.byte-limit = 33554432 (custom)
2019-09-11 21:55:42,815 [pool-57-thread-1] INFO  server.RaftServerConfigKeys (ConfUtils.java:logGet(43)) - raft.server.log.segment.size.max = 1048576 (custom)
2019-09-11 21:55:42,815 [pool-77-thread-1] INFO  server.RaftServerConfigKeys (ConfUtils.java:logGet(43)) - raft.server.log.segment.cache.num.max = 2 (custom)
2019-09-11 21:55:42,815 [pool-57-thread-1] INFO  server.RaftServerConfigKeys (ConfUtils.java:logGet(43)) - raft.server.log.preallocated.size = 16384 (custom)
2019-09-11 21:55:42,815 [pool-27-thread-1] INFO  server.RaftServerConfigKeys (ConfUtils.java:logGet(43)) - raft.server.log.segment.size.max = 1048576 (custom)
2019-09-11 21:55:42,815 [pool-57-thread-1] INFO  server.RaftServerConfigKeys (ConfUtils.java:logGet(43)) - raft.server.log.write.buffer.size = 33554432 (custom)
2019-09-11 21:55:42,815 [pool-77-thread-1] INFO  segmented.SegmentedRaftLogWorker (SegmentedRaftLogWorker.java:<init>(172)) - new a5a7e056-72fb-437a-9ac2-af7573048f25@group-AC8E2A32E389-SegmentedRaftLogWorker for RaftStorage:Storage Directory /workdir/hadoop-ozone/integration-test/target/test-dir/MiniOzoneClusterImpl-5ea26da2-f48a-485b-abc0-853cbfba6fbc/datanode-5/data/ratis/3022a5dc-24e7-4c49-a0cd-ac8e2a32e389
2019-09-11 21:55:42,816 [pool-57-thread-1] INFO  server.RaftServerConfigKeys (ConfUtils.java:logGet(43)) - raft.server.log.force.sync.num = 128 (default)
2019-09-11 21:55:42,815 [pool-27-thread-1] INFO  server.RaftServerConfigKeys (ConfUtils.java:logGet(43)) - raft.server.log.segment.cache.num.max = 2 (custom)
2019-09-11 21:55:42,816 [pool-57-thread-1] INFO  server.RaftServerConfigKeys (ConfUtils.java:logGet(43)) - raft.server.log.statemachine.data.sync = true (default)
2019-09-11 21:55:42,816 [pool-77-thread-1] INFO  server.RaftServerConfigKeys (ConfUtils.java:logGet(43)) - raft.server.log.queue.byte-limit = 2147483647 (custom)
2019-09-11 21:55:42,816 [pool-57-thread-1] INFO  server.RaftServerConfigKeys (ConfUtils.java:logGet(43)) - raft.server.log.statemachine.data.sync.timeout = 10s (default)
2019-09-11 21:55:42,816 [pool-27-thread-1] INFO  segmented.SegmentedRaftLogWorker (SegmentedRaftLogWorker.java:<init>(172)) - new 91f926b5-2cb1-4722-b947-953fef106990@group-AC8E2A32E389-SegmentedRaftLogWorker for RaftStorage:Storage Directory /workdir/hadoop-ozone/integration-test/target/test-dir/MiniOzoneClusterImpl-5ea26da2-f48a-485b-abc0-853cbfba6fbc/datanode-0/data/ratis/3022a5dc-24e7-4c49-a0cd-ac8e2a32e389
2019-09-11 21:55:42,816 [pool-57-thread-1] INFO  server.RaftServerConfigKeys (ConfUtils.java:logGet(43)) - raft.server.log.statemachine.data.sync.timeout.retry = -1 (default)
2019-09-11 21:55:42,816 [pool-77-thread-1] INFO  server.RaftServerConfigKeys (ConfUtils.java:logGet(43)) - raft.server.log.queue.element-limit = 1024 (custom)
2019-09-11 21:55:42,816 [pool-27-thread-1] INFO  server.RaftServerConfigKeys (ConfUtils.java:logGet(43)) - raft.server.log.queue.byte-limit = 2147483647 (custom)
2019-09-11 21:55:42,817 [pool-57-thread-1] INFO  server.RaftServerConfigKeys (ConfUtils.java:logGet(43)) - raft.server.log.statemachine.data.caching.enabled = true (custom)
2019-09-11 21:55:42,817 [pool-77-thread-1] INFO  server.RaftServerConfigKeys (ConfUtils.java:logGet(43)) - raft.server.log.segment.size.max = 1048576 (custom)
2019-09-11 21:55:42,817 [pool-27-thread-1] INFO  server.RaftServerConfigKeys (ConfUtils.java:logGet(43)) - raft.server.log.queue.element-limit = 1024 (custom)
2019-09-11 21:55:42,817 [pool-77-thread-1] INFO  server.RaftServerConfigKeys (ConfUtils.java:logGet(43)) - raft.server.log.preallocated.size = 16384 (custom)
2019-09-11 21:55:42,817 [pool-57-thread-1] INFO  segmented.SegmentedRaftLogWorker (SegmentedRaftLogWorker.java:lambda$new$0(132)) - c2a73e63-4533-4661-ae84-dd5a39362559@group-AC8E2A32E389-SegmentedRaftLogWorker: flushIndex: setUnconditionally 0 -> -1
2019-09-11 21:55:42,817 [pool-27-thread-1] INFO  server.RaftServerConfigKeys (ConfUtils.java:logGet(43)) - raft.server.log.segment.size.max = 1048576 (custom)
2019-09-11 21:55:42,817 [pool-77-thread-1] INFO  server.RaftServerConfigKeys (ConfUtils.java:logGet(43)) - raft.server.log.write.buffer.size = 33554432 (custom)
2019-09-11 21:55:42,818 [pool-27-thread-1] INFO  server.RaftServerConfigKeys (ConfUtils.java:logGet(43)) - raft.server.log.preallocated.size = 16384 (custom)
2019-09-11 21:55:42,818 [pool-77-thread-1] INFO  server.RaftServerConfigKeys (ConfUtils.java:logGet(43)) - raft.server.log.force.sync.num = 128 (default)
2019-09-11 21:55:42,818 [pool-57-thread-1] INFO  server.RaftServerConfigKeys (ConfUtils.java:logGet(43)) - raft.server.snapshot.auto.trigger.enabled = true (custom)
2019-09-11 21:55:42,818 [pool-77-thread-1] INFO  server.RaftServerConfigKeys (ConfUtils.java:logGet(43)) - raft.server.log.statemachine.data.sync = true (default)
2019-09-11 21:55:42,818 [pool-27-thread-1] INFO  server.RaftServerConfigKeys (ConfUtils.java:logGet(43)) - raft.server.log.write.buffer.size = 33554432 (custom)
2019-09-11 21:55:42,818 [pool-77-thread-1] INFO  server.RaftServerConfigKeys (ConfUtils.java:logGet(43)) - raft.server.log.statemachine.data.sync.timeout = 10s (default)
2019-09-11 21:55:42,818 [pool-57-thread-1] INFO  server.RaftServerConfigKeys (ConfUtils.java:logGet(43)) - raft.server.snapshot.auto.trigger.threshold = 10000 (custom)
2019-09-11 21:55:42,818 [pool-77-thread-1] INFO  server.RaftServerConfigKeys (ConfUtils.java:logGet(43)) - raft.server.log.statemachine.data.sync.timeout.retry = -1 (default)
2019-09-11 21:55:42,818 [pool-27-thread-1] INFO  server.RaftServerConfigKeys (ConfUtils.java:logGet(43)) - raft.server.log.force.sync.num = 128 (default)
2019-09-11 21:55:42,819 [pool-77-thread-1] INFO  server.RaftServerConfigKeys (ConfUtils.java:logGet(43)) - raft.server.log.statemachine.data.caching.enabled = true (custom)
2019-09-11 21:55:42,818 [pool-57-thread-1] INFO  server.RaftServerConfigKeys (ConfUtils.java:logGet(43)) - raft.server.snapshot.retention.num.files = -1 (default)
2019-09-11 21:55:42,819 [pool-27-thread-1] INFO  server.RaftServerConfigKeys (ConfUtils.java:logGet(43)) - raft.server.log.statemachine.data.sync = true (default)
2019-09-11 21:55:42,819 [pool-57-thread-1] INFO  server.RaftServerConfigKeys (ConfUtils.java:logGet(43)) - raft.server.retrycache.expirytime = 600000ms (custom)
2019-09-11 21:55:42,819 [pool-77-thread-1] INFO  segmented.SegmentedRaftLogWorker (SegmentedRaftLogWorker.java:lambda$new$0(132)) - a5a7e056-72fb-437a-9ac2-af7573048f25@group-AC8E2A32E389-SegmentedRaftLogWorker: flushIndex: setUnconditionally 0 -> -1
2019-09-11 21:55:42,819 [pool-27-thread-1] INFO  server.RaftServerConfigKeys (ConfUtils.java:logGet(43)) - raft.server.log.statemachine.data.sync.timeout = 10s (default)
2019-09-11 21:55:42,819 [pool-27-thread-1] INFO  server.RaftServerConfigKeys (ConfUtils.java:logGet(43)) - raft.server.log.statemachine.data.sync.timeout.retry = -1 (default)
2019-09-11 21:55:42,819 [pool-77-thread-1] INFO  server.RaftServerConfigKeys (ConfUtils.java:logGet(43)) - raft.server.snapshot.auto.trigger.enabled = true (custom)
2019-09-11 21:55:42,819 [pool-27-thread-1] INFO  server.RaftServerConfigKeys (ConfUtils.java:logGet(43)) - raft.server.log.statemachine.data.caching.enabled = true (custom)
2019-09-11 21:55:42,819 [pool-77-thread-1] INFO  server.RaftServerConfigKeys (ConfUtils.java:logGet(43)) - raft.server.snapshot.auto.trigger.threshold = 10000 (custom)
2019-09-11 21:55:42,820 [pool-77-thread-1] INFO  server.RaftServerConfigKeys (ConfUtils.java:logGet(43)) - raft.server.snapshot.retention.num.files = -1 (default)
2019-09-11 21:55:42,820 [pool-27-thread-1] INFO  segmented.SegmentedRaftLogWorker (SegmentedRaftLogWorker.java:lambda$new$0(132)) - 91f926b5-2cb1-4722-b947-953fef106990@group-AC8E2A32E389-SegmentedRaftLogWorker: flushIndex: setUnconditionally 0 -> -1
2019-09-11 21:55:42,820 [pool-77-thread-1] INFO  server.RaftServerConfigKeys (ConfUtils.java:logGet(43)) - raft.server.retrycache.expirytime = 600000ms (custom)
2019-09-11 21:55:42,820 [pool-27-thread-1] INFO  server.RaftServerConfigKeys (ConfUtils.java:logGet(43)) - raft.server.snapshot.auto.trigger.enabled = true (custom)
2019-09-11 21:55:42,820 [pool-27-thread-1] INFO  server.RaftServerConfigKeys (ConfUtils.java:logGet(43)) - raft.server.snapshot.auto.trigger.threshold = 10000 (custom)
2019-09-11 21:55:42,820 [pool-27-thread-1] INFO  server.RaftServerConfigKeys (ConfUtils.java:logGet(43)) - raft.server.snapshot.retention.num.files = -1 (default)
2019-09-11 21:55:42,821 [pool-27-thread-1] INFO  server.RaftServerConfigKeys (ConfUtils.java:logGet(43)) - raft.server.retrycache.expirytime = 600000ms (custom)
2019-09-11 21:55:42,823 [pool-57-thread-1] INFO  impl.RaftServerImpl (RaftServerImpl.java:start(185)) - c2a73e63-4533-4661-ae84-dd5a39362559@group-AC8E2A32E389: start as a follower, conf=-1: [91f926b5-2cb1-4722-b947-953fef106990:192.168.34.45:43639, a5a7e056-72fb-437a-9ac2-af7573048f25:192.168.34.45:39698, c2a73e63-4533-4661-ae84-dd5a39362559:192.168.34.45:40043], old=null
2019-09-11 21:55:42,823 [pool-57-thread-1] INFO  impl.RaftServerImpl (RaftServerImpl.java:setRole(174)) - c2a73e63-4533-4661-ae84-dd5a39362559@group-AC8E2A32E389: changes role from      null to FOLLOWER at term 0 for startAsFollower
2019-09-11 21:55:42,823 [pool-57-thread-1] INFO  impl.RoleInfo (RoleInfo.java:updateAndGet(143)) - c2a73e63-4533-4661-ae84-dd5a39362559: start FollowerState
2019-09-11 21:55:42,823 [pool-77-thread-1] INFO  impl.RaftServerImpl (RaftServerImpl.java:start(185)) - a5a7e056-72fb-437a-9ac2-af7573048f25@group-AC8E2A32E389: start as a follower, conf=-1: [91f926b5-2cb1-4722-b947-953fef106990:192.168.34.45:43639, a5a7e056-72fb-437a-9ac2-af7573048f25:192.168.34.45:39698, c2a73e63-4533-4661-ae84-dd5a39362559:192.168.34.45:40043], old=null
2019-09-11 21:55:42,823 [pool-77-thread-1] INFO  impl.RaftServerImpl (RaftServerImpl.java:setRole(174)) - a5a7e056-72fb-437a-9ac2-af7573048f25@group-AC8E2A32E389: changes role from      null to FOLLOWER at term 0 for startAsFollower
2019-09-11 21:55:42,823 [pool-77-thread-1] INFO  impl.RoleInfo (RoleInfo.java:updateAndGet(143)) - a5a7e056-72fb-437a-9ac2-af7573048f25: start FollowerState
2019-09-11 21:55:42,823 [pool-57-thread-1] INFO  util.JmxRegister (JmxRegister.java:tryRegister(44)) - Successfully registered JMX Bean with object name Ratis:service=RaftServer,group=group-AC8E2A32E389,id=c2a73e63-4533-4661-ae84-dd5a39362559
2019-09-11 21:55:42,824 [pool-27-thread-1] INFO  impl.RaftServerImpl (RaftServerImpl.java:start(185)) - 91f926b5-2cb1-4722-b947-953fef106990@group-AC8E2A32E389: start as a follower, conf=-1: [91f926b5-2cb1-4722-b947-953fef106990:192.168.34.45:43639, a5a7e056-72fb-437a-9ac2-af7573048f25:192.168.34.45:39698, c2a73e63-4533-4661-ae84-dd5a39362559:192.168.34.45:40043], old=null
2019-09-11 21:55:42,824 [pool-77-thread-1] INFO  util.JmxRegister (JmxRegister.java:tryRegister(44)) - Successfully registered JMX Bean with object name Ratis:service=RaftServer,group=group-AC8E2A32E389,id=a5a7e056-72fb-437a-9ac2-af7573048f25
2019-09-11 21:55:42,824 [pool-27-thread-1] INFO  impl.RaftServerImpl (RaftServerImpl.java:setRole(174)) - 91f926b5-2cb1-4722-b947-953fef106990@group-AC8E2A32E389: changes role from      null to FOLLOWER at term 0 for startAsFollower
2019-09-11 21:55:42,824 [pool-27-thread-1] INFO  impl.RoleInfo (RoleInfo.java:updateAndGet(143)) - 91f926b5-2cb1-4722-b947-953fef106990: start FollowerState
2019-09-11 21:55:42,824 [pool-27-thread-1] INFO  util.JmxRegister (JmxRegister.java:tryRegister(44)) - Successfully registered JMX Bean with object name Ratis:service=RaftServer,group=group-AC8E2A32E389,id=91f926b5-2cb1-4722-b947-953fef106990
2019-09-11 21:55:42,849 [RatisPipelineUtilsThread] INFO  pipeline.PipelineStateManager (PipelineStateManager.java:addPipeline(56)) - Created pipeline Pipeline[ Id: 3022a5dc-24e7-4c49-a0cd-ac8e2a32e389, Nodes: a5a7e056-72fb-437a-9ac2-af7573048f25{ip: 192.168.34.45, host: pr-hdds-2106-g2ln6-2689029927, networkLocation: /default-rack, certSerialId: null}91f926b5-2cb1-4722-b947-953fef106990{ip: 192.168.34.45, host: pr-hdds-2106-g2ln6-2689029927, networkLocation: /default-rack, certSerialId: null}c2a73e63-4533-4661-ae84-dd5a39362559{ip: 192.168.34.45, host: pr-hdds-2106-g2ln6-2689029927, networkLocation: /default-rack, certSerialId: null}, Type:RATIS, Factor:THREE, State:OPEN]
2019-09-11 21:55:42,894 [Thread-291] INFO  impl.FollowerState (FollowerState.java:run(106)) - b8cc5711-5e40-41ff-95d6-57cfdaa6737f:group-E4386BA39BCF changes to CANDIDATE, lastRpcTime:1149, electionTimeout:1148ms
2019-09-11 21:55:42,895 [Thread-291] INFO  impl.RoleInfo (RoleInfo.java:shutdownFollowerState(121)) - b8cc5711-5e40-41ff-95d6-57cfdaa6737f: shutdown FollowerState
2019-09-11 21:55:42,895 [Thread-291] INFO  impl.RaftServerImpl (RaftServerImpl.java:setRole(174)) - b8cc5711-5e40-41ff-95d6-57cfdaa6737f@group-E4386BA39BCF: changes role from  FOLLOWER to CANDIDATE at term 0 for changeToCandidate
2019-09-11 21:55:42,898 [Thread-291] INFO  impl.RoleInfo (RoleInfo.java:updateAndGet(143)) - b8cc5711-5e40-41ff-95d6-57cfdaa6737f: start LeaderElection
2019-09-11 21:55:42,920 [grpc-default-executor-2] INFO  impl.RaftServerProxy (RaftServerProxy.java:addNew(89)) - 35b36fdc-90f8-4649-ab4a-4033b8c96817: addNew group-9E5FA7894A87:[cb19b877-b13a-4838-a0e1-b58882f3950d:192.168.34.45:40539, 35b36fdc-90f8-4649-ab4a-4033b8c96817:192.168.34.45:35400, b94e9841-c110-46af-9cbb-637204d6ae15:192.168.34.45:45929] returns group-9E5FA7894A87:java.util.concurrent.CompletableFuture@3db920c6[Not completed]
2019-09-11 21:55:42,921 [grpc-default-executor-1] INFO  impl.RaftServerProxy (RaftServerProxy.java:addNew(89)) - cb19b877-b13a-4838-a0e1-b58882f3950d: addNew group-9E5FA7894A87:[cb19b877-b13a-4838-a0e1-b58882f3950d:192.168.34.45:40539, 35b36fdc-90f8-4649-ab4a-4033b8c96817:192.168.34.45:35400, b94e9841-c110-46af-9cbb-637204d6ae15:192.168.34.45:45929] returns group-9E5FA7894A87:java.util.concurrent.CompletableFuture@6b61e9e0[Not completed]
2019-09-11 21:55:42,921 [b90393f0-91c9-4286-839e-32ae26f144bd@group-E4049B7FD6E3-SegmentedRaftLogWorker] INFO  segmented.SegmentedRaftLogWorker (SegmentedRaftLogWorker.java:execute(569)) - b90393f0-91c9-4286-839e-32ae26f144bd@group-E4049B7FD6E3-SegmentedRaftLogWorker: created new log segment /workdir/hadoop-ozone/integration-test/target/test-dir/MiniOzoneClusterImpl-5ea26da2-f48a-485b-abc0-853cbfba6fbc/datanode-7/data/ratis/d280d862-a4a3-4654-bedd-e4049b7fd6e3/current/log_inprogress_0
2019-09-11 21:55:42,921 [b8cc5711-5e40-41ff-95d6-57cfdaa6737f@group-E4386BA39BCF:LeaderElection3] INFO  impl.LeaderElection (LeaderElection.java:askForVotes(182)) - b8cc5711-5e40-41ff-95d6-57cfdaa6737f@group-E4386BA39BCF:LeaderElection3: begin an election at term 1 for -1: [b8cc5711-5e40-41ff-95d6-57cfdaa6737f:192.168.34.45:35460], old=null
2019-09-11 21:55:42,921 [91f926b5-2cb1-4722-b947-953fef106990@group-D8B1933013FA-SegmentedRaftLogWorker] INFO  segmented.SegmentedRaftLogWorker (SegmentedRaftLogWorker.java:execute(569)) - 91f926b5-2cb1-4722-b947-953fef106990@group-D8B1933013FA-SegmentedRaftLogWorker: created new log segment /workdir/hadoop-ozone/integration-test/target/test-dir/MiniOzoneClusterImpl-5ea26da2-f48a-485b-abc0-853cbfba6fbc/datanode-0/data/ratis/76bf7235-2e70-4bc0-a5c8-d8b1933013fa/current/log_inprogress_0
2019-09-11 21:55:42,922 [b8cc5711-5e40-41ff-95d6-57cfdaa6737f@group-E4386BA39BCF:LeaderElection3] INFO  impl.RoleInfo (RoleInfo.java:shutdownLeaderElection(134)) - b8cc5711-5e40-41ff-95d6-57cfdaa6737f: shutdown LeaderElection
2019-09-11 21:55:42,922 [grpc-default-executor-0] INFO  impl.RaftServerProxy (RaftServerProxy.java:addNew(89)) - b94e9841-c110-46af-9cbb-637204d6ae15: addNew group-9E5FA7894A87:[cb19b877-b13a-4838-a0e1-b58882f3950d:192.168.34.45:40539, 35b36fdc-90f8-4649-ab4a-4033b8c96817:192.168.34.45:35400, b94e9841-c110-46af-9cbb-637204d6ae15:192.168.34.45:45929] returns group-9E5FA7894A87:java.util.concurrent.CompletableFuture@a7b74af[Not completed]
2019-09-11 21:55:42,922 [b8cc5711-5e40-41ff-95d6-57cfdaa6737f@group-E4386BA39BCF:LeaderElection3] INFO  impl.RaftServerImpl (RaftServerImpl.java:setRole(174)) - b8cc5711-5e40-41ff-95d6-57cfdaa6737f@group-E4386BA39BCF: changes role from CANDIDATE to LEADER at term 1 for changeToLeader
2019-09-11 21:55:42,923 [b8cc5711-5e40-41ff-95d6-57cfdaa6737f@group-E4386BA39BCF:LeaderElection3] INFO  impl.RaftServerImpl (ServerState.java:setLeader(253)) - b8cc5711-5e40-41ff-95d6-57cfdaa6737f@group-E4386BA39BCF: change Leader from null to b8cc5711-5e40-41ff-95d6-57cfdaa6737f at term 1 for becomeLeader, leader elected after 1238ms
2019-09-11 21:55:42,923 [b8cc5711-5e40-41ff-95d6-57cfdaa6737f@group-E4386BA39BCF:LeaderElection3] INFO  server.RaftServerConfigKeys (ConfUtils.java:logGet(43)) - raft.server.staging.catchup.gap = 1000 (default)
2019-09-11 21:55:42,923 [b8cc5711-5e40-41ff-95d6-57cfdaa6737f@group-E4386BA39BCF:LeaderElection3] INFO  server.RaftServerConfigKeys (ConfUtils.java:logGet(43)) - raft.server.rpc.sleep.time = 25ms (default)
2019-09-11 21:55:42,923 [b8cc5711-5e40-41ff-95d6-57cfdaa6737f@group-E4386BA39BCF:LeaderElection3] INFO  server.RaftServerConfigKeys (ConfUtils.java:logGet(43)) - raft.server.write.element-limit = 4096 (default)
2019-09-11 21:55:42,929 [b8cc5711-5e40-41ff-95d6-57cfdaa6737f@group-E4386BA39BCF:LeaderElection3] INFO  server.RaftServerConfigKeys (ConfUtils.java:logGet(43)) - raft.server.watch.timeout = 10s (default)
2019-09-11 21:55:42,929 [pool-107-thread-1] INFO  impl.RaftServerImpl (RaftServerImpl.java:<init>(95)) - 35b36fdc-90f8-4649-ab4a-4033b8c96817: new RaftServerImpl for group-9E5FA7894A87:[cb19b877-b13a-4838-a0e1-b58882f3950d:192.168.34.45:40539, 35b36fdc-90f8-4649-ab4a-4033b8c96817:192.168.34.45:35400, b94e9841-c110-46af-9cbb-637204d6ae15:192.168.34.45:45929] with ContainerStateMachine:uninitialized
2019-09-11 21:55:42,929 [b8cc5711-5e40-41ff-95d6-57cfdaa6737f@group-E4386BA39BCF:LeaderElection3] INFO  server.RaftServerConfigKeys (ConfUtils.java:logGet(43)) - raft.server.watch.timeout.denomination = 1s (default)
2019-09-11 21:55:42,929 [pool-107-thread-1] INFO  server.RaftServerConfigKeys (ConfUtils.java:logGet(43)) - raft.server.rpc.timeout.min = 1s (custom)
2019-09-11 21:55:42,930 [b8cc5711-5e40-41ff-95d6-57cfdaa6737f@group-E4386BA39BCF:LeaderElection3] INFO  server.RaftServerConfigKeys (ConfUtils.java:logGet(43)) - raft.server.watch.element-limit = 65536 (default)
2019-09-11 21:55:42,930 [pool-107-thread-1] INFO  server.RaftServerConfigKeys (ConfUtils.java:logGet(43)) - raft.server.rpc.timeout.max = 1200ms (custom)
2019-09-11 21:55:42,930 [pool-107-thread-1] INFO  server.RaftServerConfigKeys (ConfUtils.java:logGet(43)) - raft.server.rpcslowness.timeout = 120s (custom)
2019-09-11 21:55:42,930 [pool-117-thread-1] INFO  impl.RaftServerImpl (RaftServerImpl.java:<init>(95)) - b94e9841-c110-46af-9cbb-637204d6ae15: new RaftServerImpl for group-9E5FA7894A87:[cb19b877-b13a-4838-a0e1-b58882f3950d:192.168.34.45:40539, 35b36fdc-90f8-4649-ab4a-4033b8c96817:192.168.34.45:35400, b94e9841-c110-46af-9cbb-637204d6ae15:192.168.34.45:45929] with ContainerStateMachine:uninitialized
2019-09-11 21:55:42,930 [pool-107-thread-1] INFO  server.RaftServerConfigKeys (ConfUtils.java:logGet(43)) - raft.server.sleep.deviation.threshold = 300 (default)
2019-09-11 21:55:42,931 [pool-117-thread-1] INFO  server.RaftServerConfigKeys (ConfUtils.java:logGet(43)) - raft.server.rpc.timeout.min = 1s (custom)
2019-09-11 21:55:42,931 [pool-107-thread-1] INFO  server.RaftServerConfigKeys (ConfUtils.java:logGet(43)) - raft.server.log.appender.install.snapshot.enabled = false (custom)
2019-09-11 21:55:42,931 [pool-37-thread-1] INFO  impl.RaftServerImpl (RaftServerImpl.java:<init>(95)) - cb19b877-b13a-4838-a0e1-b58882f3950d: new RaftServerImpl for group-9E5FA7894A87:[cb19b877-b13a-4838-a0e1-b58882f3950d:192.168.34.45:40539, 35b36fdc-90f8-4649-ab4a-4033b8c96817:192.168.34.45:35400, b94e9841-c110-46af-9cbb-637204d6ae15:192.168.34.45:45929] with ContainerStateMachine:uninitialized
2019-09-11 21:55:42,931 [pool-117-thread-1] INFO  server.RaftServerConfigKeys (ConfUtils.java:logGet(43)) - raft.server.rpc.timeout.max = 1200ms (custom)
2019-09-11 21:55:42,931 [pool-37-thread-1] INFO  server.RaftServerConfigKeys (ConfUtils.java:logGet(43)) - raft.server.rpc.timeout.min = 1s (custom)
2019-09-11 21:55:42,931 [pool-107-thread-1] INFO  impl.RaftServerImpl (ServerState.java:<init>(103)) - 35b36fdc-90f8-4649-ab4a-4033b8c96817@group-9E5FA7894A87: ConfigurationManager, init=-1: [cb19b877-b13a-4838-a0e1-b58882f3950d:192.168.34.45:40539, 35b36fdc-90f8-4649-ab4a-4033b8c96817:192.168.34.45:35400, b94e9841-c110-46af-9cbb-637204d6ae15:192.168.34.45:45929], old=null, confs=<EMPTY_MAP>
2019-09-11 21:55:42,931 [pool-37-thread-1] INFO  server.RaftServerConfigKeys (ConfUtils.java:logGet(43)) - raft.server.rpc.timeout.max = 1200ms (custom)
2019-09-11 21:55:42,931 [pool-117-thread-1] INFO  server.RaftServerConfigKeys (ConfUtils.java:logGet(43)) - raft.server.rpcslowness.timeout = 120s (custom)
2019-09-11 21:55:42,932 [pool-37-thread-1] INFO  server.RaftServerConfigKeys (ConfUtils.java:logGet(43)) - raft.server.rpcslowness.timeout = 120s (custom)
2019-09-11 21:55:42,932 [pool-107-thread-1] INFO  server.RaftServerConfigKeys (ConfUtils.java:logGet(43)) - raft.server.storage.dir = [/workdir/hadoop-ozone/integration-test/target/test-dir/MiniOzoneClusterImpl-5ea26da2-f48a-485b-abc0-853cbfba6fbc/datanode-8/data/ratis] (custom)
2019-09-11 21:55:42,932 [pool-37-thread-1] INFO  server.RaftServerConfigKeys (ConfUtils.java:logGet(43)) - raft.server.sleep.deviation.threshold = 300 (default)
2019-09-11 21:55:42,932 [pool-37-thread-1] INFO  server.RaftServerConfigKeys (ConfUtils.java:logGet(43)) - raft.server.log.appender.install.snapshot.enabled = false (custom)
2019-09-11 21:55:42,932 [pool-117-thread-1] INFO  server.RaftServerConfigKeys (ConfUtils.java:logGet(43)) - raft.server.sleep.deviation.threshold = 300 (default)
2019-09-11 21:55:42,933 [pool-107-thread-1] INFO  storage.RaftStorageDirectory (RaftStorageDirectory.java:analyzeStorage(246)) - The storage directory /workdir/hadoop-ozone/integration-test/target/test-dir/MiniOzoneClusterImpl-5ea26da2-f48a-485b-abc0-853cbfba6fbc/datanode-8/data/ratis/21333f8e-bd9d-4292-95b6-9e5fa7894a87 does not exist. Creating ...
2019-09-11 21:55:42,933 [pool-37-thread-1] INFO  impl.RaftServerImpl (ServerState.java:<init>(103)) - cb19b877-b13a-4838-a0e1-b58882f3950d@group-9E5FA7894A87: ConfigurationManager, init=-1: [cb19b877-b13a-4838-a0e1-b58882f3950d:192.168.34.45:40539, 35b36fdc-90f8-4649-ab4a-4033b8c96817:192.168.34.45:35400, b94e9841-c110-46af-9cbb-637204d6ae15:192.168.34.45:45929], old=null, confs=<EMPTY_MAP>
2019-09-11 21:55:42,933 [pool-117-thread-1] INFO  server.RaftServerConfigKeys (ConfUtils.java:logGet(43)) - raft.server.log.appender.install.snapshot.enabled = false (custom)
2019-09-11 21:55:42,933 [pool-37-thread-1] INFO  server.RaftServerConfigKeys (ConfUtils.java:logGet(43)) - raft.server.storage.dir = [/workdir/hadoop-ozone/integration-test/target/test-dir/MiniOzoneClusterImpl-5ea26da2-f48a-485b-abc0-853cbfba6fbc/datanode-1/data/ratis] (custom)
2019-09-11 21:55:42,933 [pool-117-thread-1] INFO  impl.RaftServerImpl (ServerState.java:<init>(103)) - b94e9841-c110-46af-9cbb-637204d6ae15@group-9E5FA7894A87: ConfigurationManager, init=-1: [cb19b877-b13a-4838-a0e1-b58882f3950d:192.168.34.45:40539, 35b36fdc-90f8-4649-ab4a-4033b8c96817:192.168.34.45:35400, b94e9841-c110-46af-9cbb-637204d6ae15:192.168.34.45:45929], old=null, confs=<EMPTY_MAP>
2019-09-11 21:55:42,933 [b8cc5711-5e40-41ff-95d6-57cfdaa6737f@group-E4386BA39BCF:LeaderElection3] INFO  impl.RoleInfo (RoleInfo.java:updateAndGet(143)) - b8cc5711-5e40-41ff-95d6-57cfdaa6737f: start LeaderState
2019-09-11 21:55:42,933 [pool-117-thread-1] INFO  server.RaftServerConfigKeys (ConfUtils.java:logGet(43)) - raft.server.storage.dir = [/workdir/hadoop-ozone/integration-test/target/test-dir/MiniOzoneClusterImpl-5ea26da2-f48a-485b-abc0-853cbfba6fbc/datanode-9/data/ratis] (custom)
2019-09-11 21:55:42,934 [pool-37-thread-1] INFO  storage.RaftStorageDirectory (RaftStorageDirectory.java:analyzeStorage(246)) - The storage directory /workdir/hadoop-ozone/integration-test/target/test-dir/MiniOzoneClusterImpl-5ea26da2-f48a-485b-abc0-853cbfba6fbc/datanode-1/data/ratis/21333f8e-bd9d-4292-95b6-9e5fa7894a87 does not exist. Creating ...
2019-09-11 21:55:42,934 [b8cc5711-5e40-41ff-95d6-57cfdaa6737f@group-E4386BA39BCF:LeaderElection3] INFO  segmented.SegmentedRaftLogWorker (SegmentedRaftLogWorker.java:startLogSegment(380)) - b8cc5711-5e40-41ff-95d6-57cfdaa6737f@group-E4386BA39BCF-SegmentedRaftLogWorker: Starting segment from index:0
2019-09-11 21:55:42,934 [pool-117-thread-1] INFO  storage.RaftStorageDirectory (RaftStorageDirectory.java:analyzeStorage(246)) - The storage directory /workdir/hadoop-ozone/integration-test/target/test-dir/MiniOzoneClusterImpl-5ea26da2-f48a-485b-abc0-853cbfba6fbc/datanode-9/data/ratis/21333f8e-bd9d-4292-95b6-9e5fa7894a87 does not exist. Creating ...
2019-09-11 21:55:42,934 [b8cc5711-5e40-41ff-95d6-57cfdaa6737f@group-E4386BA39BCF:LeaderElection3] INFO  impl.RaftServerImpl (ServerState.java:setRaftConf(354)) - b8cc5711-5e40-41ff-95d6-57cfdaa6737f@group-E4386BA39BCF: set configuration 0: [b8cc5711-5e40-41ff-95d6-57cfdaa6737f:192.168.34.45:35460], old=null at 0
2019-09-11 21:55:42,972 [pool-37-thread-1] INFO  storage.RaftStorageDirectory (RaftStorageDirectory.java:tryLock(328)) - Lock on /workdir/hadoop-ozone/integration-test/target/test-dir/MiniOzoneClusterImpl-5ea26da2-f48a-485b-abc0-853cbfba6fbc/datanode-1/data/ratis/21333f8e-bd9d-4292-95b6-9e5fa7894a87/in_use.lock acquired by nodename 7037@pr-hdds-2106-g2ln6-2689029927
2019-09-11 21:55:42,972 [pool-107-thread-1] INFO  storage.RaftStorageDirectory (RaftStorageDirectory.java:tryLock(328)) - Lock on /workdir/hadoop-ozone/integration-test/target/test-dir/MiniOzoneClusterImpl-5ea26da2-f48a-485b-abc0-853cbfba6fbc/datanode-8/data/ratis/21333f8e-bd9d-4292-95b6-9e5fa7894a87/in_use.lock acquired by nodename 7037@pr-hdds-2106-g2ln6-2689029927
2019-09-11 21:55:42,972 [pool-117-thread-1] INFO  storage.RaftStorageDirectory (RaftStorageDirectory.java:tryLock(328)) - Lock on /workdir/hadoop-ozone/integration-test/target/test-dir/MiniOzoneClusterImpl-5ea26da2-f48a-485b-abc0-853cbfba6fbc/datanode-9/data/ratis/21333f8e-bd9d-4292-95b6-9e5fa7894a87/in_use.lock acquired by nodename 7037@pr-hdds-2106-g2ln6-2689029927
2019-09-11 21:55:42,986 [b8cc5711-5e40-41ff-95d6-57cfdaa6737f@group-E4386BA39BCF-SegmentedRaftLogWorker] INFO  segmented.SegmentedRaftLogWorker (SegmentedRaftLogWorker.java:execute(569)) - b8cc5711-5e40-41ff-95d6-57cfdaa6737f@group-E4386BA39BCF-SegmentedRaftLogWorker: created new log segment /workdir/hadoop-ozone/integration-test/target/test-dir/MiniOzoneClusterImpl-5ea26da2-f48a-485b-abc0-853cbfba6fbc/datanode-2/data/ratis/8b78c4a1-bb04-4ef9-8e01-e4386ba39bcf/current/log_inprogress_0
2019-09-11 21:55:42,986 [pool-107-thread-1] INFO  storage.RaftStorage (RaftStorage.java:format(72)) - Storage directory /workdir/hadoop-ozone/integration-test/target/test-dir/MiniOzoneClusterImpl-5ea26da2-f48a-485b-abc0-853cbfba6fbc/datanode-8/data/ratis/21333f8e-bd9d-4292-95b6-9e5fa7894a87 has been successfully formatted.
2019-09-11 21:55:42,986 [pool-117-thread-1] INFO  storage.RaftStorage (RaftStorage.java:format(72)) - Storage directory /workdir/hadoop-ozone/integration-test/target/test-dir/MiniOzoneClusterImpl-5ea26da2-f48a-485b-abc0-853cbfba6fbc/datanode-9/data/ratis/21333f8e-bd9d-4292-95b6-9e5fa7894a87 has been successfully formatted.
2019-09-11 21:55:42,986 [pool-37-thread-1] INFO  storage.RaftStorage (RaftStorage.java:format(72)) - Storage directory /workdir/hadoop-ozone/integration-test/target/test-dir/MiniOzoneClusterImpl-5ea26da2-f48a-485b-abc0-853cbfba6fbc/datanode-1/data/ratis/21333f8e-bd9d-4292-95b6-9e5fa7894a87 has been successfully formatted.
2019-09-11 21:55:42,986 [pool-107-thread-1] INFO  ratis.ContainerStateMachine (ContainerStateMachine.java:loadSnapshot(230)) - group-9E5FA7894A87: The snapshot info is null. Setting the last applied indexto:(t:0, i:~)
2019-09-11 21:55:42,986 [pool-117-thread-1] INFO  ratis.ContainerStateMachine (ContainerStateMachine.java:loadSnapshot(230)) - group-9E5FA7894A87: The snapshot info is null. Setting the last applied indexto:(t:0, i:~)
2019-09-11 21:55:42,987 [pool-107-thread-1] INFO  server.RaftServerConfigKeys (ConfUtils.java:logGet(43)) - raft.server.notification.no-leader.timeout = 120s (custom)
2019-09-11 21:55:42,986 [pool-37-thread-1] INFO  ratis.ContainerStateMachine (ContainerStateMachine.java:loadSnapshot(230)) - group-9E5FA7894A87: The snapshot info is null. Setting the last applied indexto:(t:0, i:~)
2019-09-11 21:55:42,987 [pool-107-thread-1] INFO  server.RaftServerConfigKeys (ConfUtils.java:logGet(43)) - raft.server.log.use.memory = false (default)
2019-09-11 21:55:42,987 [pool-117-thread-1] INFO  server.RaftServerConfigKeys (ConfUtils.java:logGet(43)) - raft.server.notification.no-leader.timeout = 120s (custom)
2019-09-11 21:55:42,987 [pool-107-thread-1] INFO  server.RaftServerConfigKeys (ConfUtils.java:logGet(43)) - raft.server.log.purge.gap = 1000000 (custom)
2019-09-11 21:55:42,987 [pool-37-thread-1] INFO  server.RaftServerConfigKeys (ConfUtils.java:logGet(43)) - raft.server.notification.no-leader.timeout = 120s (custom)
2019-09-11 21:55:42,987 [pool-107-thread-1] INFO  server.RaftServerConfigKeys (ConfUtils.java:logGet(43)) - raft.server.log.appender.buffer.byte-limit = 33554432 (custom)
2019-09-11 21:55:42,987 [pool-117-thread-1] INFO  server.RaftServerConfigKeys (ConfUtils.java:logGet(43)) - raft.server.log.use.memory = false (default)
2019-09-11 21:55:42,988 [pool-107-thread-1] INFO  server.RaftServerConfigKeys (ConfUtils.java:logGet(43)) - raft.server.log.segment.size.max = 1048576 (custom)
2019-09-11 21:55:42,988 [pool-37-thread-1] INFO  server.RaftServerConfigKeys (ConfUtils.java:logGet(43)) - raft.server.log.use.memory = false (default)
2019-09-11 21:55:42,988 [pool-107-thread-1] INFO  server.RaftServerConfigKeys (ConfUtils.java:logGet(43)) - raft.server.log.segment.cache.num.max = 2 (custom)
2019-09-11 21:55:42,988 [pool-117-thread-1] INFO  server.RaftServerConfigKeys (ConfUtils.java:logGet(43)) - raft.server.log.purge.gap = 1000000 (custom)
2019-09-11 21:55:42,988 [pool-107-thread-1] INFO  segmented.SegmentedRaftLogWorker (SegmentedRaftLogWorker.java:<init>(172)) - new 35b36fdc-90f8-4649-ab4a-4033b8c96817@group-9E5FA7894A87-SegmentedRaftLogWorker for RaftStorage:Storage Directory /workdir/hadoop-ozone/integration-test/target/test-dir/MiniOzoneClusterImpl-5ea26da2-f48a-485b-abc0-853cbfba6fbc/datanode-8/data/ratis/21333f8e-bd9d-4292-95b6-9e5fa7894a87
2019-09-11 21:55:42,988 [pool-37-thread-1] INFO  server.RaftServerConfigKeys (ConfUtils.java:logGet(43)) - raft.server.log.purge.gap = 1000000 (custom)
2019-09-11 21:55:42,989 [pool-107-thread-1] INFO  server.RaftServerConfigKeys (ConfUtils.java:logGet(43)) - raft.server.log.queue.byte-limit = 2147483647 (custom)
2019-09-11 21:55:42,989 [pool-117-thread-1] INFO  server.RaftServerConfigKeys (ConfUtils.java:logGet(43)) - raft.server.log.appender.buffer.byte-limit = 33554432 (custom)
2019-09-11 21:55:42,989 [pool-107-thread-1] INFO  server.RaftServerConfigKeys (ConfUtils.java:logGet(43)) - raft.server.log.queue.element-limit = 1024 (custom)
2019-09-11 21:55:42,989 [pool-37-thread-1] INFO  server.RaftServerConfigKeys (ConfUtils.java:logGet(43)) - raft.server.log.appender.buffer.byte-limit = 33554432 (custom)
2019-09-11 21:55:42,989 [pool-107-thread-1] INFO  server.RaftServerConfigKeys (ConfUtils.java:logGet(43)) - raft.server.log.segment.size.max = 1048576 (custom)
2019-09-11 21:55:42,989 [pool-117-thread-1] INFO  server.RaftServerConfigKeys (ConfUtils.java:logGet(43)) - raft.server.log.segment.size.max = 1048576 (custom)
2019-09-11 21:55:42,990 [pool-107-thread-1] INFO  server.RaftServerConfigKeys (ConfUtils.java:logGet(43)) - raft.server.log.preallocated.size = 16384 (custom)
2019-09-11 21:55:42,989 [pool-37-thread-1] INFO  server.RaftServerConfigKeys (ConfUtils.java:logGet(43)) - raft.server.log.segment.size.max = 1048576 (custom)
2019-09-11 21:55:42,990 [pool-107-thread-1] INFO  server.RaftServerConfigKeys (ConfUtils.java:logGet(43)) - raft.server.log.write.buffer.size = 33554432 (custom)
2019-09-11 21:55:42,990 [pool-117-thread-1] INFO  server.RaftServerConfigKeys (ConfUtils.java:logGet(43)) - raft.server.log.segment.cache.num.max = 2 (custom)
2019-09-11 21:55:42,990 [pool-107-thread-1] INFO  server.RaftServerConfigKeys (ConfUtils.java:logGet(43)) - raft.server.log.force.sync.num = 128 (default)
2019-09-11 21:55:42,990 [pool-37-thread-1] INFO  server.RaftServerConfigKeys (ConfUtils.java:logGet(43)) - raft.server.log.segment.cache.num.max = 2 (custom)
2019-09-11 21:55:42,991 [pool-107-thread-1] INFO  server.RaftServerConfigKeys (ConfUtils.java:logGet(43)) - raft.server.log.statemachine.data.sync = true (default)
2019-09-11 21:55:42,991 [pool-117-thread-1] INFO  segmented.SegmentedRaftLogWorker (SegmentedRaftLogWorker.java:<init>(172)) - new b94e9841-c110-46af-9cbb-637204d6ae15@group-9E5FA7894A87-SegmentedRaftLogWorker for RaftStorage:Storage Directory /workdir/hadoop-ozone/integration-test/target/test-dir/MiniOzoneClusterImpl-5ea26da2-f48a-485b-abc0-853cbfba6fbc/datanode-9/data/ratis/21333f8e-bd9d-4292-95b6-9e5fa7894a87
2019-09-11 21:55:42,991 [pool-107-thread-1] INFO  server.RaftServerConfigKeys (ConfUtils.java:logGet(43)) - raft.server.log.statemachine.data.sync.timeout = 10s (default)
2019-09-11 21:55:42,991 [pool-107-thread-1] INFO  server.RaftServerConfigKeys (ConfUtils.java:logGet(43)) - raft.server.log.statemachine.data.sync.timeout.retry = -1 (default)
2019-09-11 21:55:42,991 [pool-37-thread-1] INFO  segmented.SegmentedRaftLogWorker (SegmentedRaftLogWorker.java:<init>(172)) - new cb19b877-b13a-4838-a0e1-b58882f3950d@group-9E5FA7894A87-SegmentedRaftLogWorker for RaftStorage:Storage Directory /workdir/hadoop-ozone/integration-test/target/test-dir/MiniOzoneClusterImpl-5ea26da2-f48a-485b-abc0-853cbfba6fbc/datanode-1/data/ratis/21333f8e-bd9d-4292-95b6-9e5fa7894a87
2019-09-11 21:55:42,992 [pool-107-thread-1] INFO  server.RaftServerConfigKeys (ConfUtils.java:logGet(43)) - raft.server.log.statemachine.data.caching.enabled = true (custom)
2019-09-11 21:55:42,991 [pool-117-thread-1] INFO  server.RaftServerConfigKeys (ConfUtils.java:logGet(43)) - raft.server.log.queue.byte-limit = 2147483647 (custom)
2019-09-11 21:55:42,992 [pool-37-thread-1] INFO  server.RaftServerConfigKeys (ConfUtils.java:logGet(43)) - raft.server.log.queue.byte-limit = 2147483647 (custom)
2019-09-11 21:55:42,992 [pool-117-thread-1] INFO  server.RaftServerConfigKeys (ConfUtils.java:logGet(43)) - raft.server.log.queue.element-limit = 1024 (custom)
2019-09-11 21:55:42,992 [pool-107-thread-1] INFO  segmented.SegmentedRaftLogWorker (SegmentedRaftLogWorker.java:lambda$new$0(132)) - 35b36fdc-90f8-4649-ab4a-4033b8c96817@group-9E5FA7894A87-SegmentedRaftLogWorker: flushIndex: setUnconditionally 0 -> -1
2019-09-11 21:55:42,993 [pool-117-thread-1] INFO  server.RaftServerConfigKeys (ConfUtils.java:logGet(43)) - raft.server.log.segment.size.max = 1048576 (custom)
2019-09-11 21:55:42,996 [pool-107-thread-1] INFO  server.RaftServerConfigKeys (ConfUtils.java:logGet(43)) - raft.server.snapshot.auto.trigger.enabled = true (custom)
2019-09-11 21:55:42,992 [pool-37-thread-1] INFO  server.RaftServerConfigKeys (ConfUtils.java:logGet(43)) - raft.server.log.queue.element-limit = 1024 (custom)
2019-09-11 21:55:42,996 [pool-107-thread-1] INFO  server.RaftServerConfigKeys (ConfUtils.java:logGet(43)) - raft.server.snapshot.auto.trigger.threshold = 10000 (custom)
2019-09-11 21:55:42,996 [pool-117-thread-1] INFO  server.RaftServerConfigKeys (ConfUtils.java:logGet(43)) - raft.server.log.preallocated.size = 16384 (custom)
2019-09-11 21:55:42,996 [pool-107-thread-1] INFO  server.RaftServerConfigKeys (ConfUtils.java:logGet(43)) - raft.server.snapshot.retention.num.files = -1 (default)
2019-09-11 21:55:42,996 [pool-37-thread-1] INFO  server.RaftServerConfigKeys (ConfUtils.java:logGet(43)) - raft.server.log.segment.size.max = 1048576 (custom)
2019-09-11 21:55:42,997 [pool-107-thread-1] INFO  server.RaftServerConfigKeys (ConfUtils.java:logGet(43)) - raft.server.retrycache.expirytime = 600000ms (custom)
2019-09-11 21:55:42,996 [pool-117-thread-1] INFO  server.RaftServerConfigKeys (ConfUtils.java:logGet(43)) - raft.server.log.write.buffer.size = 33554432 (custom)
2019-09-11 21:55:42,997 [pool-37-thread-1] INFO  server.RaftServerConfigKeys (ConfUtils.java:logGet(43)) - raft.server.log.preallocated.size = 16384 (custom)
2019-09-11 21:55:42,997 [pool-117-thread-1] INFO  server.RaftServerConfigKeys (ConfUtils.java:logGet(43)) - raft.server.log.force.sync.num = 128 (default)
2019-09-11 21:55:42,997 [pool-37-thread-1] INFO  server.RaftServerConfigKeys (ConfUtils.java:logGet(43)) - raft.server.log.write.buffer.size = 33554432 (custom)
2019-09-11 21:55:42,999 [pool-117-thread-1] INFO  server.RaftServerConfigKeys (ConfUtils.java:logGet(43)) - raft.server.log.statemachine.data.sync = true (default)
2019-09-11 21:55:42,999 [pool-37-thread-1] INFO  server.RaftServerConfigKeys (ConfUtils.java:logGet(43)) - raft.server.log.force.sync.num = 128 (default)
2019-09-11 21:55:43,000 [pool-117-thread-1] INFO  server.RaftServerConfigKeys (ConfUtils.java:logGet(43)) - raft.server.log.statemachine.data.sync.timeout = 10s (default)
2019-09-11 21:55:43,000 [pool-37-thread-1] INFO  server.RaftServerConfigKeys (ConfUtils.java:logGet(43)) - raft.server.log.statemachine.data.sync = true (default)
2019-09-11 21:55:43,000 [pool-117-thread-1] INFO  server.RaftServerConfigKeys (ConfUtils.java:logGet(43)) - raft.server.log.statemachine.data.sync.timeout.retry = -1 (default)
2019-09-11 21:55:43,000 [pool-37-thread-1] INFO  server.RaftServerConfigKeys (ConfUtils.java:logGet(43)) - raft.server.log.statemachine.data.sync.timeout = 10s (default)
2019-09-11 21:55:43,000 [pool-117-thread-1] INFO  server.RaftServerConfigKeys (ConfUtils.java:logGet(43)) - raft.server.log.statemachine.data.caching.enabled = true (custom)
2019-09-11 21:55:43,001 [pool-37-thread-1] INFO  server.RaftServerConfigKeys (ConfUtils.java:logGet(43)) - raft.server.log.statemachine.data.sync.timeout.retry = -1 (default)
2019-09-11 21:55:43,001 [pool-37-thread-1] INFO  server.RaftServerConfigKeys (ConfUtils.java:logGet(43)) - raft.server.log.statemachine.data.caching.enabled = true (custom)
2019-09-11 21:55:43,001 [pool-117-thread-1] INFO  segmented.SegmentedRaftLogWorker (SegmentedRaftLogWorker.java:lambda$new$0(132)) - b94e9841-c110-46af-9cbb-637204d6ae15@group-9E5FA7894A87-SegmentedRaftLogWorker: flushIndex: setUnconditionally 0 -> -1
2019-09-11 21:55:43,001 [pool-37-thread-1] INFO  segmented.SegmentedRaftLogWorker (SegmentedRaftLogWorker.java:lambda$new$0(132)) - cb19b877-b13a-4838-a0e1-b58882f3950d@group-9E5FA7894A87-SegmentedRaftLogWorker: flushIndex: setUnconditionally 0 -> -1
2019-09-11 21:55:43,001 [pool-117-thread-1] INFO  server.RaftServerConfigKeys (ConfUtils.java:logGet(43)) - raft.server.snapshot.auto.trigger.enabled = true (custom)
2019-09-11 21:55:43,001 [pool-107-thread-1] INFO  impl.RaftServerImpl (RaftServerImpl.java:start(185)) - 35b36fdc-90f8-4649-ab4a-4033b8c96817@group-9E5FA7894A87: start as a follower, conf=-1: [cb19b877-b13a-4838-a0e1-b58882f3950d:192.168.34.45:40539, 35b36fdc-90f8-4649-ab4a-4033b8c96817:192.168.34.45:35400, b94e9841-c110-46af-9cbb-637204d6ae15:192.168.34.45:45929], old=null
2019-09-11 21:55:43,002 [pool-37-thread-1] INFO  server.RaftServerConfigKeys (ConfUtils.java:logGet(43)) - raft.server.snapshot.auto.trigger.enabled = true (custom)
2019-09-11 21:55:43,002 [pool-117-thread-1] INFO  server.RaftServerConfigKeys (ConfUtils.java:logGet(43)) - raft.server.snapshot.auto.trigger.threshold = 10000 (custom)
2019-09-11 21:55:43,002 [pool-37-thread-1] INFO  server.RaftServerConfigKeys (ConfUtils.java:logGet(43)) - raft.server.snapshot.auto.trigger.threshold = 10000 (custom)
2019-09-11 21:55:43,002 [pool-107-thread-1] INFO  impl.RaftServerImpl (RaftServerImpl.java:setRole(174)) - 35b36fdc-90f8-4649-ab4a-4033b8c96817@group-9E5FA7894A87: changes role from      null to FOLLOWER at term 0 for startAsFollower
2019-09-11 21:55:43,002 [pool-37-thread-1] INFO  server.RaftServerConfigKeys (ConfUtils.java:logGet(43)) - raft.server.snapshot.retention.num.files = -1 (default)
2019-09-11 21:55:43,002 [pool-117-thread-1] INFO  server.RaftServerConfigKeys (ConfUtils.java:logGet(43)) - raft.server.snapshot.retention.num.files = -1 (default)
2019-09-11 21:55:43,002 [pool-37-thread-1] INFO  server.RaftServerConfigKeys (ConfUtils.java:logGet(43)) - raft.server.retrycache.expirytime = 600000ms (custom)
2019-09-11 21:55:43,002 [pool-107-thread-1] INFO  impl.RoleInfo (RoleInfo.java:updateAndGet(143)) - 35b36fdc-90f8-4649-ab4a-4033b8c96817: start FollowerState
2019-09-11 21:55:43,003 [pool-117-thread-1] INFO  server.RaftServerConfigKeys (ConfUtils.java:logGet(43)) - raft.server.retrycache.expirytime = 600000ms (custom)
2019-09-11 21:55:43,003 [pool-107-thread-1] INFO  util.JmxRegister (JmxRegister.java:tryRegister(44)) - Successfully registered JMX Bean with object name Ratis:service=RaftServer,group=group-9E5FA7894A87,id=35b36fdc-90f8-4649-ab4a-4033b8c96817
2019-09-11 21:55:43,008 [pool-37-thread-1] INFO  impl.RaftServerImpl (RaftServerImpl.java:start(185)) - cb19b877-b13a-4838-a0e1-b58882f3950d@group-9E5FA7894A87: start as a follower, conf=-1: [cb19b877-b13a-4838-a0e1-b58882f3950d:192.168.34.45:40539, 35b36fdc-90f8-4649-ab4a-4033b8c96817:192.168.34.45:35400, b94e9841-c110-46af-9cbb-637204d6ae15:192.168.34.45:45929], old=null
2019-09-11 21:55:43,008 [pool-37-thread-1] INFO  impl.RaftServerImpl (RaftServerImpl.java:setRole(174)) - cb19b877-b13a-4838-a0e1-b58882f3950d@group-9E5FA7894A87: changes role from      null to FOLLOWER at term 0 for startAsFollower
2019-09-11 21:55:43,009 [pool-37-thread-1] INFO  impl.RoleInfo (RoleInfo.java:updateAndGet(143)) - cb19b877-b13a-4838-a0e1-b58882f3950d: start FollowerState
2019-09-11 21:55:43,009 [pool-117-thread-1] INFO  impl.RaftServerImpl (RaftServerImpl.java:start(185)) - b94e9841-c110-46af-9cbb-637204d6ae15@group-9E5FA7894A87: start as a follower, conf=-1: [cb19b877-b13a-4838-a0e1-b58882f3950d:192.168.34.45:40539, 35b36fdc-90f8-4649-ab4a-4033b8c96817:192.168.34.45:35400, b94e9841-c110-46af-9cbb-637204d6ae15:192.168.34.45:45929], old=null
2019-09-11 21:55:43,011 [pool-117-thread-1] INFO  impl.RaftServerImpl (RaftServerImpl.java:setRole(174)) - b94e9841-c110-46af-9cbb-637204d6ae15@group-9E5FA7894A87: changes role from      null to FOLLOWER at term 0 for startAsFollower
2019-09-11 21:55:43,011 [pool-37-thread-1] INFO  util.JmxRegister (JmxRegister.java:tryRegister(44)) - Successfully registered JMX Bean with object name Ratis:service=RaftServer,group=group-9E5FA7894A87,id=cb19b877-b13a-4838-a0e1-b58882f3950d
2019-09-11 21:55:43,011 [pool-117-thread-1] INFO  impl.RoleInfo (RoleInfo.java:updateAndGet(143)) - b94e9841-c110-46af-9cbb-637204d6ae15: start FollowerState
2019-09-11 21:55:43,012 [pool-117-thread-1] INFO  util.JmxRegister (JmxRegister.java:tryRegister(44)) - Successfully registered JMX Bean with object name Ratis:service=RaftServer,group=group-9E5FA7894A87,id=b94e9841-c110-46af-9cbb-637204d6ae15
2019-09-11 21:55:43,019 [Thread-294] INFO  impl.FollowerState (FollowerState.java:run(106)) - a5cc9080-cfb9-4240-b5a2-6affb7ccbad1:group-1035D61380E6 changes to CANDIDATE, lastRpcTime:1153, electionTimeout:1153ms
2019-09-11 21:55:43,022 [Thread-294] INFO  impl.RoleInfo (RoleInfo.java:shutdownFollowerState(121)) - a5cc9080-cfb9-4240-b5a2-6affb7ccbad1: shutdown FollowerState
2019-09-11 21:55:43,022 [Thread-294] INFO  impl.RaftServerImpl (RaftServerImpl.java:setRole(174)) - a5cc9080-cfb9-4240-b5a2-6affb7ccbad1@group-1035D61380E6: changes role from  FOLLOWER to CANDIDATE at term 0 for changeToCandidate
2019-09-11 21:55:43,022 [Thread-294] INFO  impl.RoleInfo (RoleInfo.java:updateAndGet(143)) - a5cc9080-cfb9-4240-b5a2-6affb7ccbad1: start LeaderElection
2019-09-11 21:55:43,029 [RatisPipelineUtilsThread] INFO  pipeline.PipelineStateManager (PipelineStateManager.java:addPipeline(56)) - Created pipeline Pipeline[ Id: 21333f8e-bd9d-4292-95b6-9e5fa7894a87, Nodes: 35b36fdc-90f8-4649-ab4a-4033b8c96817{ip: 192.168.34.45, host: pr-hdds-2106-g2ln6-2689029927, networkLocation: /default-rack, certSerialId: null}b94e9841-c110-46af-9cbb-637204d6ae15{ip: 192.168.34.45, host: pr-hdds-2106-g2ln6-2689029927, networkLocation: /default-rack, certSerialId: null}cb19b877-b13a-4838-a0e1-b58882f3950d{ip: 192.168.34.45, host: pr-hdds-2106-g2ln6-2689029927, networkLocation: /default-rack, certSerialId: null}, Type:RATIS, Factor:THREE, State:OPEN]
2019-09-11 21:55:43,041 [a5cc9080-cfb9-4240-b5a2-6affb7ccbad1@group-1035D61380E6:LeaderElection4] INFO  impl.LeaderElection (LeaderElection.java:askForVotes(182)) - a5cc9080-cfb9-4240-b5a2-6affb7ccbad1@group-1035D61380E6:LeaderElection4: begin an election at term 1 for -1: [a5cc9080-cfb9-4240-b5a2-6affb7ccbad1:192.168.34.45:33471], old=null
2019-09-11 21:55:43,047 [a5cc9080-cfb9-4240-b5a2-6affb7ccbad1@group-1035D61380E6:LeaderElection4] INFO  impl.RoleInfo (RoleInfo.java:shutdownLeaderElection(134)) - a5cc9080-cfb9-4240-b5a2-6affb7ccbad1: shutdown LeaderElection
2019-09-11 21:55:43,047 [a5cc9080-cfb9-4240-b5a2-6affb7ccbad1@group-1035D61380E6:LeaderElection4] INFO  impl.RaftServerImpl (RaftServerImpl.java:setRole(174)) - a5cc9080-cfb9-4240-b5a2-6affb7ccbad1@group-1035D61380E6: changes role from CANDIDATE to LEADER at term 1 for changeToLeader
2019-09-11 21:55:43,047 [a5cc9080-cfb9-4240-b5a2-6affb7ccbad1@group-1035D61380E6:LeaderElection4] INFO  impl.RaftServerImpl (ServerState.java:setLeader(253)) - a5cc9080-cfb9-4240-b5a2-6affb7ccbad1@group-1035D61380E6: change Leader from null to a5cc9080-cfb9-4240-b5a2-6affb7ccbad1 at term 1 for becomeLeader, leader elected after 1198ms
2019-09-11 21:55:43,048 [a5cc9080-cfb9-4240-b5a2-6affb7ccbad1@group-1035D61380E6:LeaderElection4] INFO  server.RaftServerConfigKeys (ConfUtils.java:logGet(43)) - raft.server.staging.catchup.gap = 1000 (default)
2019-09-11 21:55:43,048 [a5cc9080-cfb9-4240-b5a2-6affb7ccbad1@group-1035D61380E6:LeaderElection4] INFO  server.RaftServerConfigKeys (ConfUtils.java:logGet(43)) - raft.server.rpc.sleep.time = 25ms (default)
2019-09-11 21:55:43,058 [a5cc9080-cfb9-4240-b5a2-6affb7ccbad1@group-1035D61380E6:LeaderElection4] INFO  server.RaftServerConfigKeys (ConfUtils.java:logGet(43)) - raft.server.write.element-limit = 4096 (default)
2019-09-11 21:55:43,058 [a5cc9080-cfb9-4240-b5a2-6affb7ccbad1@group-1035D61380E6:LeaderElection4] INFO  server.RaftServerConfigKeys (ConfUtils.java:logGet(43)) - raft.server.watch.timeout = 10s (default)
2019-09-11 21:55:43,066 [a5cc9080-cfb9-4240-b5a2-6affb7ccbad1@group-1035D61380E6:LeaderElection4] INFO  server.RaftServerConfigKeys (ConfUtils.java:logGet(43)) - raft.server.watch.timeout.denomination = 1s (default)
2019-09-11 21:55:43,066 [a5cc9080-cfb9-4240-b5a2-6affb7ccbad1@group-1035D61380E6:LeaderElection4] INFO  server.RaftServerConfigKeys (ConfUtils.java:logGet(43)) - raft.server.watch.element-limit = 65536 (default)
2019-09-11 21:55:43,069 [a5cc9080-cfb9-4240-b5a2-6affb7ccbad1@group-1035D61380E6:LeaderElection4] INFO  impl.RoleInfo (RoleInfo.java:updateAndGet(143)) - a5cc9080-cfb9-4240-b5a2-6affb7ccbad1: start LeaderState
2019-09-11 21:55:43,069 [a5cc9080-cfb9-4240-b5a2-6affb7ccbad1@group-1035D61380E6:LeaderElection4] INFO  segmented.SegmentedRaftLogWorker (SegmentedRaftLogWorker.java:startLogSegment(380)) - a5cc9080-cfb9-4240-b5a2-6affb7ccbad1@group-1035D61380E6-SegmentedRaftLogWorker: Starting segment from index:0
2019-09-11 21:55:43,070 [a5cc9080-cfb9-4240-b5a2-6affb7ccbad1@group-1035D61380E6:LeaderElection4] INFO  impl.RaftServerImpl (ServerState.java:setRaftConf(354)) - a5cc9080-cfb9-4240-b5a2-6affb7ccbad1@group-1035D61380E6: set configuration 0: [a5cc9080-cfb9-4240-b5a2-6affb7ccbad1:192.168.34.45:33471], old=null at 0
2019-09-11 21:55:43,123 [a5cc9080-cfb9-4240-b5a2-6affb7ccbad1@group-1035D61380E6-SegmentedRaftLogWorker] INFO  segmented.SegmentedRaftLogWorker (SegmentedRaftLogWorker.java:execute(569)) - a5cc9080-cfb9-4240-b5a2-6affb7ccbad1@group-1035D61380E6-SegmentedRaftLogWorker: created new log segment /workdir/hadoop-ozone/integration-test/target/test-dir/MiniOzoneClusterImpl-5ea26da2-f48a-485b-abc0-853cbfba6fbc/datanode-6/data/ratis/acf42cd4-bfe8-4aee-a727-1035d61380e6/current/log_inprogress_0
2019-09-11 21:55:43,160 [Thread-297] INFO  impl.FollowerState (FollowerState.java:run(106)) - a5a7e056-72fb-437a-9ac2-af7573048f25:group-46FD3BBA678B changes to CANDIDATE, lastRpcTime:1192, electionTimeout:1192ms
2019-09-11 21:55:43,161 [Thread-297] INFO  impl.RoleInfo (RoleInfo.java:shutdownFollowerState(121)) - a5a7e056-72fb-437a-9ac2-af7573048f25: shutdown FollowerState
2019-09-11 21:55:43,161 [Thread-297] INFO  impl.RaftServerImpl (RaftServerImpl.java:setRole(174)) - a5a7e056-72fb-437a-9ac2-af7573048f25@group-46FD3BBA678B: changes role from  FOLLOWER to CANDIDATE at term 0 for changeToCandidate
2019-09-11 21:55:43,161 [Thread-297] INFO  impl.RoleInfo (RoleInfo.java:updateAndGet(143)) - a5a7e056-72fb-437a-9ac2-af7573048f25: start LeaderElection
2019-09-11 21:55:43,180 [a5a7e056-72fb-437a-9ac2-af7573048f25@group-46FD3BBA678B:LeaderElection5] INFO  impl.LeaderElection (LeaderElection.java:askForVotes(182)) - a5a7e056-72fb-437a-9ac2-af7573048f25@group-46FD3BBA678B:LeaderElection5: begin an election at term 1 for -1: [a5a7e056-72fb-437a-9ac2-af7573048f25:192.168.34.45:39698], old=null
2019-09-11 21:55:43,181 [a5a7e056-72fb-437a-9ac2-af7573048f25@group-46FD3BBA678B:LeaderElection5] INFO  impl.RoleInfo (RoleInfo.java:shutdownLeaderElection(134)) - a5a7e056-72fb-437a-9ac2-af7573048f25: shutdown LeaderElection
2019-09-11 21:55:43,181 [a5a7e056-72fb-437a-9ac2-af7573048f25@group-46FD3BBA678B:LeaderElection5] INFO  impl.RaftServerImpl (RaftServerImpl.java:setRole(174)) - a5a7e056-72fb-437a-9ac2-af7573048f25@group-46FD3BBA678B: changes role from CANDIDATE to LEADER at term 1 for changeToLeader
2019-09-11 21:55:43,181 [a5a7e056-72fb-437a-9ac2-af7573048f25@group-46FD3BBA678B:LeaderElection5] INFO  impl.RaftServerImpl (ServerState.java:setLeader(253)) - a5a7e056-72fb-437a-9ac2-af7573048f25@group-46FD3BBA678B: change Leader from null to a5a7e056-72fb-437a-9ac2-af7573048f25 at term 1 for becomeLeader, leader elected after 1227ms
2019-09-11 21:55:43,181 [a5a7e056-72fb-437a-9ac2-af7573048f25@group-46FD3BBA678B:LeaderElection5] INFO  server.RaftServerConfigKeys (ConfUtils.java:logGet(43)) - raft.server.staging.catchup.gap = 1000 (default)
2019-09-11 21:55:43,181 [a5a7e056-72fb-437a-9ac2-af7573048f25@group-46FD3BBA678B:LeaderElection5] INFO  server.RaftServerConfigKeys (ConfUtils.java:logGet(43)) - raft.server.rpc.sleep.time = 25ms (default)
2019-09-11 21:55:43,181 [a5a7e056-72fb-437a-9ac2-af7573048f25@group-46FD3BBA678B:LeaderElection5] INFO  server.RaftServerConfigKeys (ConfUtils.java:logGet(43)) - raft.server.write.element-limit = 4096 (default)
2019-09-11 21:55:43,181 [a5a7e056-72fb-437a-9ac2-af7573048f25@group-46FD3BBA678B:LeaderElection5] INFO  server.RaftServerConfigKeys (ConfUtils.java:logGet(43)) - raft.server.watch.timeout = 10s (default)
2019-09-11 21:55:43,181 [a5a7e056-72fb-437a-9ac2-af7573048f25@group-46FD3BBA678B:LeaderElection5] INFO  server.RaftServerConfigKeys (ConfUtils.java:logGet(43)) - raft.server.watch.timeout.denomination = 1s (default)
2019-09-11 21:55:43,181 [a5a7e056-72fb-437a-9ac2-af7573048f25@group-46FD3BBA678B:LeaderElection5] INFO  server.RaftServerConfigKeys (ConfUtils.java:logGet(43)) - raft.server.watch.element-limit = 65536 (default)
2019-09-11 21:55:43,184 [a5a7e056-72fb-437a-9ac2-af7573048f25@group-46FD3BBA678B:LeaderElection5] INFO  impl.RoleInfo (RoleInfo.java:updateAndGet(143)) - a5a7e056-72fb-437a-9ac2-af7573048f25: start LeaderState
2019-09-11 21:55:43,184 [a5a7e056-72fb-437a-9ac2-af7573048f25@group-46FD3BBA678B:LeaderElection5] INFO  segmented.SegmentedRaftLogWorker (SegmentedRaftLogWorker.java:startLogSegment(380)) - a5a7e056-72fb-437a-9ac2-af7573048f25@group-46FD3BBA678B-SegmentedRaftLogWorker: Starting segment from index:0
2019-09-11 21:55:43,184 [a5a7e056-72fb-437a-9ac2-af7573048f25@group-46FD3BBA678B:LeaderElection5] INFO  impl.RaftServerImpl (ServerState.java:setRaftConf(354)) - a5a7e056-72fb-437a-9ac2-af7573048f25@group-46FD3BBA678B: set configuration 0: [a5a7e056-72fb-437a-9ac2-af7573048f25:192.168.34.45:39698], old=null at 0
2019-09-11 21:55:43,224 [Thread-300] INFO  impl.FollowerState (FollowerState.java:run(106)) - c2a73e63-4533-4661-ae84-dd5a39362559:group-6E863F258CFF changes to CANDIDATE, lastRpcTime:1148, electionTimeout:1145ms
2019-09-11 21:55:43,228 [Thread-300] INFO  impl.RoleInfo (RoleInfo.java:shutdownFollowerState(121)) - c2a73e63-4533-4661-ae84-dd5a39362559: shutdown FollowerState
2019-09-11 21:55:43,228 [Thread-300] INFO  impl.RaftServerImpl (RaftServerImpl.java:setRole(174)) - c2a73e63-4533-4661-ae84-dd5a39362559@group-6E863F258CFF: changes role from  FOLLOWER to CANDIDATE at term 0 for changeToCandidate
2019-09-11 21:55:43,228 [Thread-300] INFO  impl.RoleInfo (RoleInfo.java:updateAndGet(143)) - c2a73e63-4533-4661-ae84-dd5a39362559: start LeaderElection
2019-09-11 21:55:43,252 [a5a7e056-72fb-437a-9ac2-af7573048f25@group-46FD3BBA678B-SegmentedRaftLogWorker] INFO  segmented.SegmentedRaftLogWorker (SegmentedRaftLogWorker.java:execute(569)) - a5a7e056-72fb-437a-9ac2-af7573048f25@group-46FD3BBA678B-SegmentedRaftLogWorker: created new log segment /workdir/hadoop-ozone/integration-test/target/test-dir/MiniOzoneClusterImpl-5ea26da2-f48a-485b-abc0-853cbfba6fbc/datanode-5/data/ratis/aa2dba49-267b-4d80-9a5a-46fd3bba678b/current/log_inprogress_0
2019-09-11 21:55:43,252 [c2a73e63-4533-4661-ae84-dd5a39362559@group-6E863F258CFF:LeaderElection6] INFO  impl.LeaderElection (LeaderElection.java:askForVotes(182)) - c2a73e63-4533-4661-ae84-dd5a39362559@group-6E863F258CFF:LeaderElection6: begin an election at term 1 for -1: [c2a73e63-4533-4661-ae84-dd5a39362559:192.168.34.45:40043], old=null
2019-09-11 21:55:43,253 [c2a73e63-4533-4661-ae84-dd5a39362559@group-6E863F258CFF:LeaderElection6] INFO  impl.RoleInfo (RoleInfo.java:shutdownLeaderElection(134)) - c2a73e63-4533-4661-ae84-dd5a39362559: shutdown LeaderElection
2019-09-11 21:55:43,253 [c2a73e63-4533-4661-ae84-dd5a39362559@group-6E863F258CFF:LeaderElection6] INFO  impl.RaftServerImpl (RaftServerImpl.java:setRole(174)) - c2a73e63-4533-4661-ae84-dd5a39362559@group-6E863F258CFF: changes role from CANDIDATE to LEADER at term 1 for changeToLeader
2019-09-11 21:55:43,253 [c2a73e63-4533-4661-ae84-dd5a39362559@group-6E863F258CFF:LeaderElection6] INFO  impl.RaftServerImpl (ServerState.java:setLeader(253)) - c2a73e63-4533-4661-ae84-dd5a39362559@group-6E863F258CFF: change Leader from null to c2a73e63-4533-4661-ae84-dd5a39362559 at term 1 for becomeLeader, leader elected after 1192ms
2019-09-11 21:55:43,253 [c2a73e63-4533-4661-ae84-dd5a39362559@group-6E863F258CFF:LeaderElection6] INFO  server.RaftServerConfigKeys (ConfUtils.java:logGet(43)) - raft.server.staging.catchup.gap = 1000 (default)
2019-09-11 21:55:43,253 [c2a73e63-4533-4661-ae84-dd5a39362559@group-6E863F258CFF:LeaderElection6] INFO  server.RaftServerConfigKeys (ConfUtils.java:logGet(43)) - raft.server.rpc.sleep.time = 25ms (default)
2019-09-11 21:55:43,253 [c2a73e63-4533-4661-ae84-dd5a39362559@group-6E863F258CFF:LeaderElection6] INFO  server.RaftServerConfigKeys (ConfUtils.java:logGet(43)) - raft.server.write.element-limit = 4096 (default)
2019-09-11 21:55:43,254 [c2a73e63-4533-4661-ae84-dd5a39362559@group-6E863F258CFF:LeaderElection6] INFO  server.RaftServerConfigKeys (ConfUtils.java:logGet(43)) - raft.server.watch.timeout = 10s (default)
2019-09-11 21:55:43,254 [c2a73e63-4533-4661-ae84-dd5a39362559@group-6E863F258CFF:LeaderElection6] INFO  server.RaftServerConfigKeys (ConfUtils.java:logGet(43)) - raft.server.watch.timeout.denomination = 1s (default)
2019-09-11 21:55:43,254 [c2a73e63-4533-4661-ae84-dd5a39362559@group-6E863F258CFF:LeaderElection6] INFO  server.RaftServerConfigKeys (ConfUtils.java:logGet(43)) - raft.server.watch.element-limit = 65536 (default)
2019-09-11 21:55:43,255 [main] INFO  rpc.RpcClient (RpcClient.java:createVolume(298)) - Creating Volume: datanodefailurehandlingtest, with jenkins1000 as owner.
2019-09-11 21:55:43,256 [c2a73e63-4533-4661-ae84-dd5a39362559@group-6E863F258CFF:LeaderElection6] INFO  impl.RoleInfo (RoleInfo.java:updateAndGet(143)) - c2a73e63-4533-4661-ae84-dd5a39362559: start LeaderState
2019-09-11 21:55:43,257 [c2a73e63-4533-4661-ae84-dd5a39362559@group-6E863F258CFF:LeaderElection6] INFO  segmented.SegmentedRaftLogWorker (SegmentedRaftLogWorker.java:startLogSegment(380)) - c2a73e63-4533-4661-ae84-dd5a39362559@group-6E863F258CFF-SegmentedRaftLogWorker: Starting segment from index:0
2019-09-11 21:55:43,257 [c2a73e63-4533-4661-ae84-dd5a39362559@group-6E863F258CFF:LeaderElection6] INFO  impl.RaftServerImpl (ServerState.java:setRaftConf(354)) - c2a73e63-4533-4661-ae84-dd5a39362559@group-6E863F258CFF: set configuration 0: [c2a73e63-4533-4661-ae84-dd5a39362559:192.168.34.45:40043], old=null at 0
2019-09-11 21:55:43,285 [Thread-303] INFO  impl.FollowerState (FollowerState.java:run(106)) - 35b36fdc-90f8-4649-ab4a-4033b8c96817:group-AB20D0F45DA9 changes to CANDIDATE, lastRpcTime:1080, electionTimeout:1069ms
2019-09-11 21:55:43,285 [Thread-303] INFO  impl.RoleInfo (RoleInfo.java:shutdownFollowerState(121)) - 35b36fdc-90f8-4649-ab4a-4033b8c96817: shutdown FollowerState
2019-09-11 21:55:43,285 [Thread-303] INFO  impl.RaftServerImpl (RaftServerImpl.java:setRole(174)) - 35b36fdc-90f8-4649-ab4a-4033b8c96817@group-AB20D0F45DA9: changes role from  FOLLOWER to CANDIDATE at term 0 for changeToCandidate
2019-09-11 21:55:43,285 [Thread-303] INFO  impl.RoleInfo (RoleInfo.java:updateAndGet(143)) - 35b36fdc-90f8-4649-ab4a-4033b8c96817: start LeaderElection
2019-09-11 21:55:43,298 [c2a73e63-4533-4661-ae84-dd5a39362559@group-6E863F258CFF-SegmentedRaftLogWorker] INFO  segmented.SegmentedRaftLogWorker (SegmentedRaftLogWorker.java:execute(569)) - c2a73e63-4533-4661-ae84-dd5a39362559@group-6E863F258CFF-SegmentedRaftLogWorker: created new log segment /workdir/hadoop-ozone/integration-test/target/test-dir/MiniOzoneClusterImpl-5ea26da2-f48a-485b-abc0-853cbfba6fbc/datanode-3/data/ratis/8c623555-a6cc-4977-8d45-6e863f258cff/current/log_inprogress_0
2019-09-11 21:55:43,298 [35b36fdc-90f8-4649-ab4a-4033b8c96817@group-AB20D0F45DA9:LeaderElection7] INFO  impl.LeaderElection (LeaderElection.java:askForVotes(182)) - 35b36fdc-90f8-4649-ab4a-4033b8c96817@group-AB20D0F45DA9:LeaderElection7: begin an election at term 1 for -1: [35b36fdc-90f8-4649-ab4a-4033b8c96817:192.168.34.45:35400], old=null
2019-09-11 21:55:43,299 [35b36fdc-90f8-4649-ab4a-4033b8c96817@group-AB20D0F45DA9:LeaderElection7] INFO  impl.RoleInfo (RoleInfo.java:shutdownLeaderElection(134)) - 35b36fdc-90f8-4649-ab4a-4033b8c96817: shutdown LeaderElection
2019-09-11 21:55:43,299 [35b36fdc-90f8-4649-ab4a-4033b8c96817@group-AB20D0F45DA9:LeaderElection7] INFO  impl.RaftServerImpl (RaftServerImpl.java:setRole(174)) - 35b36fdc-90f8-4649-ab4a-4033b8c96817@group-AB20D0F45DA9: changes role from CANDIDATE to LEADER at term 1 for changeToLeader
2019-09-11 21:55:43,299 [35b36fdc-90f8-4649-ab4a-4033b8c96817@group-AB20D0F45DA9:LeaderElection7] INFO  impl.RaftServerImpl (ServerState.java:setLeader(253)) - 35b36fdc-90f8-4649-ab4a-4033b8c96817@group-AB20D0F45DA9: change Leader from null to 35b36fdc-90f8-4649-ab4a-4033b8c96817 at term 1 for becomeLeader, leader elected after 1137ms
2019-09-11 21:55:43,299 [35b36fdc-90f8-4649-ab4a-4033b8c96817@group-AB20D0F45DA9:LeaderElection7] INFO  server.RaftServerConfigKeys (ConfUtils.java:logGet(43)) - raft.server.staging.catchup.gap = 1000 (default)
2019-09-11 21:55:43,299 [35b36fdc-90f8-4649-ab4a-4033b8c96817@group-AB20D0F45DA9:LeaderElection7] INFO  server.RaftServerConfigKeys (ConfUtils.java:logGet(43)) - raft.server.rpc.sleep.time = 25ms (default)
2019-09-11 21:55:43,300 [35b36fdc-90f8-4649-ab4a-4033b8c96817@group-AB20D0F45DA9:LeaderElection7] INFO  server.RaftServerConfigKeys (ConfUtils.java:logGet(43)) - raft.server.write.element-limit = 4096 (default)
2019-09-11 21:55:43,300 [35b36fdc-90f8-4649-ab4a-4033b8c96817@group-AB20D0F45DA9:LeaderElection7] INFO  server.RaftServerConfigKeys (ConfUtils.java:logGet(43)) - raft.server.watch.timeout = 10s (default)
2019-09-11 21:55:43,300 [35b36fdc-90f8-4649-ab4a-4033b8c96817@group-AB20D0F45DA9:LeaderElection7] INFO  server.RaftServerConfigKeys (ConfUtils.java:logGet(43)) - raft.server.watch.timeout.denomination = 1s (default)
2019-09-11 21:55:43,300 [35b36fdc-90f8-4649-ab4a-4033b8c96817@group-AB20D0F45DA9:LeaderElection7] INFO  server.RaftServerConfigKeys (ConfUtils.java:logGet(43)) - raft.server.watch.element-limit = 65536 (default)
2019-09-11 21:55:43,303 [35b36fdc-90f8-4649-ab4a-4033b8c96817@group-AB20D0F45DA9:LeaderElection7] INFO  impl.RoleInfo (RoleInfo.java:updateAndGet(143)) - 35b36fdc-90f8-4649-ab4a-4033b8c96817: start LeaderState
2019-09-11 21:55:43,303 [35b36fdc-90f8-4649-ab4a-4033b8c96817@group-AB20D0F45DA9:LeaderElection7] INFO  segmented.SegmentedRaftLogWorker (SegmentedRaftLogWorker.java:startLogSegment(380)) - 35b36fdc-90f8-4649-ab4a-4033b8c96817@group-AB20D0F45DA9-SegmentedRaftLogWorker: Starting segment from index:0
2019-09-11 21:55:43,303 [35b36fdc-90f8-4649-ab4a-4033b8c96817@group-AB20D0F45DA9:LeaderElection7] INFO  impl.RaftServerImpl (ServerState.java:setRaftConf(354)) - 35b36fdc-90f8-4649-ab4a-4033b8c96817@group-AB20D0F45DA9: set configuration 0: [35b36fdc-90f8-4649-ab4a-4033b8c96817:192.168.34.45:35400], old=null at 0
2019-09-11 21:55:43,373 [35b36fdc-90f8-4649-ab4a-4033b8c96817@group-AB20D0F45DA9-SegmentedRaftLogWorker] INFO  segmented.SegmentedRaftLogWorker (SegmentedRaftLogWorker.java:execute(569)) - 35b36fdc-90f8-4649-ab4a-4033b8c96817@group-AB20D0F45DA9-SegmentedRaftLogWorker: created new log segment /workdir/hadoop-ozone/integration-test/target/test-dir/MiniOzoneClusterImpl-5ea26da2-f48a-485b-abc0-853cbfba6fbc/datanode-8/data/ratis/21a54f6a-6dd7-4bf9-955c-ab20d0f45da9/current/log_inprogress_0
2019-09-11 21:55:43,802 [Thread-322] INFO  impl.FollowerState (FollowerState.java:run(106)) - b90393f0-91c9-4286-839e-32ae26f144bd:group-50C9D9F18802 changes to CANDIDATE, lastRpcTime:1089, electionTimeout:1086ms
2019-09-11 21:55:43,844 [Thread-324] INFO  impl.FollowerState (FollowerState.java:run(106)) - b8cc5711-5e40-41ff-95d6-57cfdaa6737f:group-50C9D9F18802 changes to CANDIDATE, lastRpcTime:1117, electionTimeout:1112ms
2019-09-11 21:55:43,815 [Thread-311] WARN  util.JavaUtils (JavaUtils.java:sleep(250)) - Unexpected long sleep: sleep(1008ms) actually took 1315ms which is over the threshold 300ms
2019-09-11 21:55:43,815 [Thread-306] INFO  impl.FollowerState (FollowerState.java:run(106)) - b94e9841-c110-46af-9cbb-637204d6ae15:group-0D459761AC25 changes to CANDIDATE, lastRpcTime:1397, electionTimeout:1111ms
2019-09-11 21:55:43,813 [Thread-325] INFO  impl.FollowerState (FollowerState.java:run(106)) - a5cc9080-cfb9-4240-b5a2-6affb7ccbad1:group-50C9D9F18802 changes to CANDIDATE, lastRpcTime:1083, electionTimeout:1083ms
2019-09-11 21:55:43,813 [Thread-314] INFO  impl.FollowerState (FollowerState.java:run(106)) - bc5b1f13-910c-4303-9fd1-733985921f93:group-6C52C0A0FF0F changes to CANDIDATE, lastRpcTime:1215, electionTimeout:1091ms
2019-09-11 21:55:43,899 [Thread-325] INFO  impl.RoleInfo (RoleInfo.java:shutdownFollowerState(121)) - a5cc9080-cfb9-4240-b5a2-6affb7ccbad1: shutdown FollowerState
2019-09-11 21:55:43,899 [Thread-306] INFO  impl.RoleInfo (RoleInfo.java:shutdownFollowerState(121)) - b94e9841-c110-46af-9cbb-637204d6ae15: shutdown FollowerState
2019-09-11 21:55:43,899 [Thread-322] INFO  impl.RoleInfo (RoleInfo.java:shutdownFollowerState(121)) - b90393f0-91c9-4286-839e-32ae26f144bd: shutdown FollowerState
2019-09-11 21:55:43,899 [Thread-324] INFO  impl.RoleInfo (RoleInfo.java:shutdownFollowerState(121)) - b8cc5711-5e40-41ff-95d6-57cfdaa6737f: shutdown FollowerState
2019-09-11 21:55:43,887 [Thread-331] INFO  impl.FollowerState (FollowerState.java:run(106)) - c2a73e63-4533-4661-ae84-dd5a39362559:group-AC8E2A32E389 changes to CANDIDATE, lastRpcTime:1063, electionTimeout:1063ms
2019-09-11 21:55:43,900 [Thread-324] INFO  impl.RaftServerImpl (RaftServerImpl.java:setRole(174)) - b8cc5711-5e40-41ff-95d6-57cfdaa6737f@group-50C9D9F18802: changes role from  FOLLOWER to CANDIDATE at term 0 for changeToCandidate
2019-09-11 21:55:43,900 [Thread-331] INFO  impl.RoleInfo (RoleInfo.java:shutdownFollowerState(121)) - c2a73e63-4533-4661-ae84-dd5a39362559: shutdown FollowerState
2019-09-11 21:55:43,900 [Thread-322] INFO  impl.RaftServerImpl (RaftServerImpl.java:setRole(174)) - b90393f0-91c9-4286-839e-32ae26f144bd@group-50C9D9F18802: changes role from  FOLLOWER to CANDIDATE at term 0 for changeToCandidate
2019-09-11 21:55:43,900 [Thread-306] INFO  impl.RaftServerImpl (RaftServerImpl.java:setRole(174)) - b94e9841-c110-46af-9cbb-637204d6ae15@group-0D459761AC25: changes role from  FOLLOWER to CANDIDATE at term 0 for changeToCandidate
2019-09-11 21:55:43,900 [Thread-325] INFO  impl.RaftServerImpl (RaftServerImpl.java:setRole(174)) - a5cc9080-cfb9-4240-b5a2-6affb7ccbad1@group-50C9D9F18802: changes role from  FOLLOWER to CANDIDATE at term 0 for changeToCandidate
2019-09-11 21:55:43,900 [Thread-314] INFO  impl.RoleInfo (RoleInfo.java:shutdownFollowerState(121)) - bc5b1f13-910c-4303-9fd1-733985921f93: shutdown FollowerState
2019-09-11 21:55:43,901 [Thread-331] INFO  impl.RaftServerImpl (RaftServerImpl.java:setRole(174)) - c2a73e63-4533-4661-ae84-dd5a39362559@group-AC8E2A32E389: changes role from  FOLLOWER to CANDIDATE at term 0 for changeToCandidate
2019-09-11 21:55:43,901 [Thread-314] INFO  impl.RaftServerImpl (RaftServerImpl.java:setRole(174)) - bc5b1f13-910c-4303-9fd1-733985921f93@group-6C52C0A0FF0F: changes role from  FOLLOWER to CANDIDATE at term 0 for changeToCandidate
2019-09-11 21:55:43,931 [Thread-314] INFO  impl.RoleInfo (RoleInfo.java:updateAndGet(143)) - bc5b1f13-910c-4303-9fd1-733985921f93: start LeaderElection
2019-09-11 21:55:43,931 [Thread-324] INFO  impl.RoleInfo (RoleInfo.java:updateAndGet(143)) - b8cc5711-5e40-41ff-95d6-57cfdaa6737f: start LeaderElection
2019-09-11 21:55:43,931 [Thread-306] INFO  impl.RoleInfo (RoleInfo.java:updateAndGet(143)) - b94e9841-c110-46af-9cbb-637204d6ae15: start LeaderElection
2019-09-11 21:55:43,931 [Thread-322] INFO  impl.RoleInfo (RoleInfo.java:updateAndGet(143)) - b90393f0-91c9-4286-839e-32ae26f144bd: start LeaderElection
2019-09-11 21:55:43,931 [Thread-331] INFO  impl.RoleInfo (RoleInfo.java:updateAndGet(143)) - c2a73e63-4533-4661-ae84-dd5a39362559: start LeaderElection
2019-09-11 21:55:43,931 [Thread-325] INFO  impl.RoleInfo (RoleInfo.java:updateAndGet(143)) - a5cc9080-cfb9-4240-b5a2-6affb7ccbad1: start LeaderElection
2019-09-11 21:55:43,949 [Thread-333] INFO  impl.FollowerState (FollowerState.java:run(106)) - 91f926b5-2cb1-4722-b947-953fef106990:group-AC8E2A32E389 changes to CANDIDATE, lastRpcTime:1124, electionTimeout:1124ms
2019-09-11 21:55:43,951 [Thread-333] INFO  impl.RoleInfo (RoleInfo.java:shutdownFollowerState(121)) - 91f926b5-2cb1-4722-b947-953fef106990: shutdown FollowerState
2019-09-11 21:55:43,960 [Thread-333] INFO  impl.RaftServerImpl (RaftServerImpl.java:setRole(174)) - 91f926b5-2cb1-4722-b947-953fef106990@group-AC8E2A32E389: changes role from  FOLLOWER to CANDIDATE at term 0 for changeToCandidate
2019-09-11 21:55:43,960 [Thread-333] INFO  impl.RoleInfo (RoleInfo.java:updateAndGet(143)) - 91f926b5-2cb1-4722-b947-953fef106990: start LeaderElection
2019-09-11 21:55:43,970 [Thread-332] INFO  impl.FollowerState (FollowerState.java:run(106)) - a5a7e056-72fb-437a-9ac2-af7573048f25:group-AC8E2A32E389 changes to CANDIDATE, lastRpcTime:1146, electionTimeout:1143ms
2019-09-11 21:55:43,970 [Thread-332] INFO  impl.RoleInfo (RoleInfo.java:shutdownFollowerState(121)) - a5a7e056-72fb-437a-9ac2-af7573048f25: shutdown FollowerState
2019-09-11 21:55:43,971 [Thread-332] INFO  impl.RaftServerImpl (RaftServerImpl.java:setRole(174)) - a5a7e056-72fb-437a-9ac2-af7573048f25@group-AC8E2A32E389: changes role from  FOLLOWER to CANDIDATE at term 0 for changeToCandidate
2019-09-11 21:55:43,971 [Thread-332] INFO  impl.RoleInfo (RoleInfo.java:updateAndGet(143)) - a5a7e056-72fb-437a-9ac2-af7573048f25: start LeaderElection
2019-09-11 21:55:43,975 [a5cc9080-cfb9-4240-b5a2-6affb7ccbad1@group-50C9D9F18802:LeaderElection11] INFO  impl.LeaderElection (LeaderElection.java:askForVotes(182)) - a5cc9080-cfb9-4240-b5a2-6affb7ccbad1@group-50C9D9F18802:LeaderElection11: begin an election at term 1 for -1: [b90393f0-91c9-4286-839e-32ae26f144bd:192.168.34.45:32948, b8cc5711-5e40-41ff-95d6-57cfdaa6737f:192.168.34.45:35460, a5cc9080-cfb9-4240-b5a2-6affb7ccbad1:192.168.34.45:33471], old=null
2019-09-11 21:55:43,975 [c2a73e63-4533-4661-ae84-dd5a39362559@group-AC8E2A32E389:LeaderElection12] INFO  impl.LeaderElection (LeaderElection.java:askForVotes(182)) - c2a73e63-4533-4661-ae84-dd5a39362559@group-AC8E2A32E389:LeaderElection12: begin an election at term 1 for -1: [91f926b5-2cb1-4722-b947-953fef106990:192.168.34.45:43639, a5a7e056-72fb-437a-9ac2-af7573048f25:192.168.34.45:39698, c2a73e63-4533-4661-ae84-dd5a39362559:192.168.34.45:40043], old=null
2019-09-11 21:55:43,975 [b90393f0-91c9-4286-839e-32ae26f144bd@group-50C9D9F18802:LeaderElection9] INFO  impl.LeaderElection (LeaderElection.java:askForVotes(182)) - b90393f0-91c9-4286-839e-32ae26f144bd@group-50C9D9F18802:LeaderElection9: begin an election at term 1 for -1: [b90393f0-91c9-4286-839e-32ae26f144bd:192.168.34.45:32948, b8cc5711-5e40-41ff-95d6-57cfdaa6737f:192.168.34.45:35460, a5cc9080-cfb9-4240-b5a2-6affb7ccbad1:192.168.34.45:33471], old=null
2019-09-11 21:55:43,975 [91f926b5-2cb1-4722-b947-953fef106990@group-AC8E2A32E389:LeaderElection14] INFO  impl.LeaderElection (LeaderElection.java:askForVotes(182)) - 91f926b5-2cb1-4722-b947-953fef106990@group-AC8E2A32E389:LeaderElection14: begin an election at term 1 for -1: [91f926b5-2cb1-4722-b947-953fef106990:192.168.34.45:43639, a5a7e056-72fb-437a-9ac2-af7573048f25:192.168.34.45:39698, c2a73e63-4533-4661-ae84-dd5a39362559:192.168.34.45:40043], old=null
2019-09-11 21:55:43,975 [b94e9841-c110-46af-9cbb-637204d6ae15@group-0D459761AC25:LeaderElection10] INFO  impl.LeaderElection (LeaderElection.java:askForVotes(182)) - b94e9841-c110-46af-9cbb-637204d6ae15@group-0D459761AC25:LeaderElection10: begin an election at term 1 for -1: [b94e9841-c110-46af-9cbb-637204d6ae15:192.168.34.45:45929], old=null
2019-09-11 21:55:43,975 [bc5b1f13-910c-4303-9fd1-733985921f93@group-6C52C0A0FF0F:LeaderElection13] INFO  impl.LeaderElection (LeaderElection.java:askForVotes(182)) - bc5b1f13-910c-4303-9fd1-733985921f93@group-6C52C0A0FF0F:LeaderElection13: begin an election at term 1 for -1: [bc5b1f13-910c-4303-9fd1-733985921f93:192.168.34.45:40258], old=null
2019-09-11 21:55:43,975 [b8cc5711-5e40-41ff-95d6-57cfdaa6737f@group-50C9D9F18802:LeaderElection8] INFO  impl.LeaderElection (LeaderElection.java:askForVotes(182)) - b8cc5711-5e40-41ff-95d6-57cfdaa6737f@group-50C9D9F18802:LeaderElection8: begin an election at term 1 for -1: [b90393f0-91c9-4286-839e-32ae26f144bd:192.168.34.45:32948, b8cc5711-5e40-41ff-95d6-57cfdaa6737f:192.168.34.45:35460, a5cc9080-cfb9-4240-b5a2-6affb7ccbad1:192.168.34.45:33471], old=null
2019-09-11 21:55:43,976 [b94e9841-c110-46af-9cbb-637204d6ae15@group-0D459761AC25:LeaderElection10] INFO  impl.RoleInfo (RoleInfo.java:shutdownLeaderElection(134)) - b94e9841-c110-46af-9cbb-637204d6ae15: shutdown LeaderElection
2019-09-11 21:55:43,978 [bc5b1f13-910c-4303-9fd1-733985921f93@group-6C52C0A0FF0F:LeaderElection13] INFO  impl.RoleInfo (RoleInfo.java:shutdownLeaderElection(134)) - bc5b1f13-910c-4303-9fd1-733985921f93: shutdown LeaderElection
2019-09-11 21:55:43,978 [b94e9841-c110-46af-9cbb-637204d6ae15@group-0D459761AC25:LeaderElection10] INFO  impl.RaftServerImpl (RaftServerImpl.java:setRole(174)) - b94e9841-c110-46af-9cbb-637204d6ae15@group-0D459761AC25: changes role from CANDIDATE to LEADER at term 1 for changeToLeader
2019-09-11 21:55:43,978 [bc5b1f13-910c-4303-9fd1-733985921f93@group-6C52C0A0FF0F:LeaderElection13] INFO  impl.RaftServerImpl (RaftServerImpl.java:setRole(174)) - bc5b1f13-910c-4303-9fd1-733985921f93@group-6C52C0A0FF0F: changes role from CANDIDATE to LEADER at term 1 for changeToLeader
2019-09-11 21:55:43,978 [b94e9841-c110-46af-9cbb-637204d6ae15@group-0D459761AC25:LeaderElection10] INFO  impl.RaftServerImpl (ServerState.java:setLeader(253)) - b94e9841-c110-46af-9cbb-637204d6ae15@group-0D459761AC25: change Leader from null to b94e9841-c110-46af-9cbb-637204d6ae15 at term 1 for becomeLeader, leader elected after 1571ms
2019-09-11 21:55:43,978 [bc5b1f13-910c-4303-9fd1-733985921f93@group-6C52C0A0FF0F:LeaderElection13] INFO  impl.RaftServerImpl (ServerState.java:setLeader(253)) - bc5b1f13-910c-4303-9fd1-733985921f93@group-6C52C0A0FF0F: change Leader from null to bc5b1f13-910c-4303-9fd1-733985921f93 at term 1 for becomeLeader, leader elected after 1389ms
2019-09-11 21:55:43,979 [b94e9841-c110-46af-9cbb-637204d6ae15@group-0D459761AC25:LeaderElection10] INFO  server.RaftServerConfigKeys (ConfUtils.java:logGet(43)) - raft.server.staging.catchup.gap = 1000 (default)
2019-09-11 21:55:43,979 [bc5b1f13-910c-4303-9fd1-733985921f93@group-6C52C0A0FF0F:LeaderElection13] INFO  server.RaftServerConfigKeys (ConfUtils.java:logGet(43)) - raft.server.staging.catchup.gap = 1000 (default)
2019-09-11 21:55:43,979 [b94e9841-c110-46af-9cbb-637204d6ae15@group-0D459761AC25:LeaderElection10] INFO  server.RaftServerConfigKeys (ConfUtils.java:logGet(43)) - raft.server.rpc.sleep.time = 25ms (default)
2019-09-11 21:55:43,979 [bc5b1f13-910c-4303-9fd1-733985921f93@group-6C52C0A0FF0F:LeaderElection13] INFO  server.RaftServerConfigKeys (ConfUtils.java:logGet(43)) - raft.server.rpc.sleep.time = 25ms (default)
2019-09-11 21:55:43,988 [IPC Server handler 0 on 46597] INFO  volume.OMVolumeCreateRequest (OMVolumeCreateRequest.java:validateAndUpdateCache(189)) - created volume:datanodefailurehandlingtest for user:jenkins1000
2019-09-11 21:55:43,988 [a5a7e056-72fb-437a-9ac2-af7573048f25@group-AC8E2A32E389:LeaderElection15] INFO  impl.LeaderElection (LeaderElection.java:askForVotes(182)) - a5a7e056-72fb-437a-9ac2-af7573048f25@group-AC8E2A32E389:LeaderElection15: begin an election at term 1 for -1: [91f926b5-2cb1-4722-b947-953fef106990:192.168.34.45:43639, a5a7e056-72fb-437a-9ac2-af7573048f25:192.168.34.45:39698, c2a73e63-4533-4661-ae84-dd5a39362559:192.168.34.45:40043], old=null
2019-09-11 21:55:44,006 [bc5b1f13-910c-4303-9fd1-733985921f93@group-6C52C0A0FF0F:LeaderElection13] INFO  server.RaftServerConfigKeys (ConfUtils.java:logGet(43)) - raft.server.write.element-limit = 4096 (default)
2019-09-11 21:55:44,006 [b94e9841-c110-46af-9cbb-637204d6ae15@group-0D459761AC25:LeaderElection10] INFO  server.RaftServerConfigKeys (ConfUtils.java:logGet(43)) - raft.server.write.element-limit = 4096 (default)
2019-09-11 21:55:44,007 [bc5b1f13-910c-4303-9fd1-733985921f93@group-6C52C0A0FF0F:LeaderElection13] INFO  server.RaftServerConfigKeys (ConfUtils.java:logGet(43)) - raft.server.watch.timeout = 10s (default)
2019-09-11 21:55:44,007 [b94e9841-c110-46af-9cbb-637204d6ae15@group-0D459761AC25:LeaderElection10] INFO  server.RaftServerConfigKeys (ConfUtils.java:logGet(43)) - raft.server.watch.timeout = 10s (default)
2019-09-11 21:55:44,007 [bc5b1f13-910c-4303-9fd1-733985921f93@group-6C52C0A0FF0F:LeaderElection13] INFO  server.RaftServerConfigKeys (ConfUtils.java:logGet(43)) - raft.server.watch.timeout.denomination = 1s (default)
2019-09-11 21:55:44,007 [b94e9841-c110-46af-9cbb-637204d6ae15@group-0D459761AC25:LeaderElection10] INFO  server.RaftServerConfigKeys (ConfUtils.java:logGet(43)) - raft.server.watch.timeout.denomination = 1s (default)
2019-09-11 21:55:44,007 [bc5b1f13-910c-4303-9fd1-733985921f93@group-6C52C0A0FF0F:LeaderElection13] INFO  server.RaftServerConfigKeys (ConfUtils.java:logGet(43)) - raft.server.watch.element-limit = 65536 (default)
2019-09-11 21:55:44,007 [b94e9841-c110-46af-9cbb-637204d6ae15@group-0D459761AC25:LeaderElection10] INFO  server.RaftServerConfigKeys (ConfUtils.java:logGet(43)) - raft.server.watch.element-limit = 65536 (default)
2019-09-11 21:55:44,070 [Thread-345] INFO  impl.FollowerState (FollowerState.java:run(106)) - b94e9841-c110-46af-9cbb-637204d6ae15:group-9E5FA7894A87 changes to CANDIDATE, lastRpcTime:1058, electionTimeout:1057ms
2019-09-11 21:55:44,070 [Thread-345] INFO  impl.RoleInfo (RoleInfo.java:shutdownFollowerState(121)) - b94e9841-c110-46af-9cbb-637204d6ae15: shutdown FollowerState
2019-09-11 21:55:44,070 [Thread-345] INFO  impl.RaftServerImpl (RaftServerImpl.java:setRole(174)) - b94e9841-c110-46af-9cbb-637204d6ae15@group-9E5FA7894A87: changes role from  FOLLOWER to CANDIDATE at term 0 for changeToCandidate
2019-09-11 21:55:44,071 [Thread-345] INFO  impl.RoleInfo (RoleInfo.java:updateAndGet(143)) - b94e9841-c110-46af-9cbb-637204d6ae15: start LeaderElection
2019-09-11 21:55:44,125 [main] INFO  rpc.RpcClient (RpcClient.java:createBucket(437)) - Creating Bucket: datanodefailurehandlingtest/datanodefailurehandlingtest, with Versioning false and Storage Type set to DISK and Encryption set to false 
2019-09-11 21:55:44,135 [b94e9841-c110-46af-9cbb-637204d6ae15@group-9E5FA7894A87:LeaderElection16] INFO  impl.LeaderElection (LeaderElection.java:askForVotes(182)) - b94e9841-c110-46af-9cbb-637204d6ae15@group-9E5FA7894A87:LeaderElection16: begin an election at term 1 for -1: [cb19b877-b13a-4838-a0e1-b58882f3950d:192.168.34.45:40539, 35b36fdc-90f8-4649-ab4a-4033b8c96817:192.168.34.45:35400, b94e9841-c110-46af-9cbb-637204d6ae15:192.168.34.45:45929], old=null
2019-09-11 21:55:44,148 [Thread-340] INFO  impl.FollowerState (FollowerState.java:run(106)) - 35b36fdc-90f8-4649-ab4a-4033b8c96817:group-9E5FA7894A87 changes to CANDIDATE, lastRpcTime:1145, electionTimeout:1145ms
2019-09-11 21:55:44,148 [Thread-340] INFO  impl.RoleInfo (RoleInfo.java:shutdownFollowerState(121)) - 35b36fdc-90f8-4649-ab4a-4033b8c96817: shutdown FollowerState
2019-09-11 21:55:44,148 [Thread-340] INFO  impl.RaftServerImpl (RaftServerImpl.java:setRole(174)) - 35b36fdc-90f8-4649-ab4a-4033b8c96817@group-9E5FA7894A87: changes role from  FOLLOWER to CANDIDATE at term 0 for changeToCandidate
2019-09-11 21:55:44,149 [Thread-340] INFO  impl.RoleInfo (RoleInfo.java:updateAndGet(143)) - 35b36fdc-90f8-4649-ab4a-4033b8c96817: start LeaderElection
2019-09-11 21:55:44,174 [35b36fdc-90f8-4649-ab4a-4033b8c96817@group-9E5FA7894A87:LeaderElection17] INFO  impl.LeaderElection (LeaderElection.java:askForVotes(182)) - 35b36fdc-90f8-4649-ab4a-4033b8c96817@group-9E5FA7894A87:LeaderElection17: begin an election at term 1 for -1: [cb19b877-b13a-4838-a0e1-b58882f3950d:192.168.34.45:40539, 35b36fdc-90f8-4649-ab4a-4033b8c96817:192.168.34.45:35400, b94e9841-c110-46af-9cbb-637204d6ae15:192.168.34.45:45929], old=null
2019-09-11 21:55:44,174 [Thread-344] INFO  impl.FollowerState (FollowerState.java:run(106)) - cb19b877-b13a-4838-a0e1-b58882f3950d:group-9E5FA7894A87 changes to CANDIDATE, lastRpcTime:1165, electionTimeout:1163ms
2019-09-11 21:55:44,174 [Thread-344] INFO  impl.RoleInfo (RoleInfo.java:shutdownFollowerState(121)) - cb19b877-b13a-4838-a0e1-b58882f3950d: shutdown FollowerState
2019-09-11 21:55:44,174 [Thread-344] INFO  impl.RaftServerImpl (RaftServerImpl.java:setRole(174)) - cb19b877-b13a-4838-a0e1-b58882f3950d@group-9E5FA7894A87: changes role from  FOLLOWER to CANDIDATE at term 0 for changeToCandidate
2019-09-11 21:55:44,182 [Thread-344] INFO  impl.RoleInfo (RoleInfo.java:updateAndGet(143)) - cb19b877-b13a-4838-a0e1-b58882f3950d: start LeaderElection
2019-09-11 21:55:44,220 [cb19b877-b13a-4838-a0e1-b58882f3950d@group-9E5FA7894A87:LeaderElection18] INFO  impl.LeaderElection (LeaderElection.java:askForVotes(182)) - cb19b877-b13a-4838-a0e1-b58882f3950d@group-9E5FA7894A87:LeaderElection18: begin an election at term 1 for -1: [cb19b877-b13a-4838-a0e1-b58882f3950d:192.168.34.45:40539, 35b36fdc-90f8-4649-ab4a-4033b8c96817:192.168.34.45:35400, b94e9841-c110-46af-9cbb-637204d6ae15:192.168.34.45:45929], old=null
2019-09-11 21:55:44,236 [a5a7e056-72fb-437a-9ac2-af7573048f25@group-AC8E2A32E389:LeaderElection15] INFO  impl.LeaderElection (LeaderElection.java:logAndReturn(56)) - a5a7e056-72fb-437a-9ac2-af7573048f25@group-AC8E2A32E389:LeaderElection15: Election REJECTED; received 2 response(s) [a5a7e056-72fb-437a-9ac2-af7573048f25<-91f926b5-2cb1-4722-b947-953fef106990#0:FAIL-t1, a5a7e056-72fb-437a-9ac2-af7573048f25<-c2a73e63-4533-4661-ae84-dd5a39362559#0:FAIL-t1] and 0 exception(s); a5a7e056-72fb-437a-9ac2-af7573048f25@group-AC8E2A32E389:t1, leader=null, voted=a5a7e056-72fb-437a-9ac2-af7573048f25, raftlog=a5a7e056-72fb-437a-9ac2-af7573048f25@group-AC8E2A32E389-SegmentedRaftLog:OPENED:c-1,f-1,i0, conf=-1: [91f926b5-2cb1-4722-b947-953fef106990:192.168.34.45:43639, a5a7e056-72fb-437a-9ac2-af7573048f25:192.168.34.45:39698, c2a73e63-4533-4661-ae84-dd5a39362559:192.168.34.45:40043], old=null
2019-09-11 21:55:44,237 [a5cc9080-cfb9-4240-b5a2-6affb7ccbad1@group-50C9D9F18802:LeaderElection11] INFO  impl.LeaderElection (LeaderElection.java:logAndReturn(56)) - a5cc9080-cfb9-4240-b5a2-6affb7ccbad1@group-50C9D9F18802:LeaderElection11: Election REJECTED; received 2 response(s) [a5cc9080-cfb9-4240-b5a2-6affb7ccbad1<-b90393f0-91c9-4286-839e-32ae26f144bd#0:FAIL-t1, a5cc9080-cfb9-4240-b5a2-6affb7ccbad1<-b8cc5711-5e40-41ff-95d6-57cfdaa6737f#0:FAIL-t1] and 0 exception(s); a5cc9080-cfb9-4240-b5a2-6affb7ccbad1@group-50C9D9F18802:t1, leader=null, voted=a5cc9080-cfb9-4240-b5a2-6affb7ccbad1, raftlog=a5cc9080-cfb9-4240-b5a2-6affb7ccbad1@group-50C9D9F18802-SegmentedRaftLog:OPENED:c-1,f-1,i0, conf=-1: [b90393f0-91c9-4286-839e-32ae26f144bd:192.168.34.45:32948, b8cc5711-5e40-41ff-95d6-57cfdaa6737f:192.168.34.45:35460, a5cc9080-cfb9-4240-b5a2-6affb7ccbad1:192.168.34.45:33471], old=null
2019-09-11 21:55:44,238 [b8cc5711-5e40-41ff-95d6-57cfdaa6737f@group-50C9D9F18802:LeaderElection8] INFO  impl.LeaderElection (LeaderElection.java:logAndReturn(56)) - b8cc5711-5e40-41ff-95d6-57cfdaa6737f@group-50C9D9F18802:LeaderElection8: Election REJECTED; received 2 response(s) [b8cc5711-5e40-41ff-95d6-57cfdaa6737f<-b90393f0-91c9-4286-839e-32ae26f144bd#0:FAIL-t1, b8cc5711-5e40-41ff-95d6-57cfdaa6737f<-a5cc9080-cfb9-4240-b5a2-6affb7ccbad1#0:FAIL-t1] and 0 exception(s); b8cc5711-5e40-41ff-95d6-57cfdaa6737f@group-50C9D9F18802:t1, leader=null, voted=b8cc5711-5e40-41ff-95d6-57cfdaa6737f, raftlog=b8cc5711-5e40-41ff-95d6-57cfdaa6737f@group-50C9D9F18802-SegmentedRaftLog:OPENED:c-1,f-1,i0, conf=-1: [b90393f0-91c9-4286-839e-32ae26f144bd:192.168.34.45:32948, b8cc5711-5e40-41ff-95d6-57cfdaa6737f:192.168.34.45:35460, a5cc9080-cfb9-4240-b5a2-6affb7ccbad1:192.168.34.45:33471], old=null
2019-09-11 21:55:44,238 [91f926b5-2cb1-4722-b947-953fef106990@group-AC8E2A32E389:LeaderElection14] INFO  impl.LeaderElection (LeaderElection.java:logAndReturn(56)) - 91f926b5-2cb1-4722-b947-953fef106990@group-AC8E2A32E389:LeaderElection14: Election REJECTED; received 2 response(s) [91f926b5-2cb1-4722-b947-953fef106990<-a5a7e056-72fb-437a-9ac2-af7573048f25#0:FAIL-t1, 91f926b5-2cb1-4722-b947-953fef106990<-c2a73e63-4533-4661-ae84-dd5a39362559#0:FAIL-t1] and 0 exception(s); 91f926b5-2cb1-4722-b947-953fef106990@group-AC8E2A32E389:t1, leader=null, voted=91f926b5-2cb1-4722-b947-953fef106990, raftlog=91f926b5-2cb1-4722-b947-953fef106990@group-AC8E2A32E389-SegmentedRaftLog:OPENED:c-1,f-1,i0, conf=-1: [91f926b5-2cb1-4722-b947-953fef106990:192.168.34.45:43639, a5a7e056-72fb-437a-9ac2-af7573048f25:192.168.34.45:39698, c2a73e63-4533-4661-ae84-dd5a39362559:192.168.34.45:40043], old=null
2019-09-11 21:55:44,259 [c2a73e63-4533-4661-ae84-dd5a39362559@group-AC8E2A32E389:LeaderElection12] INFO  impl.LeaderElection (LeaderElection.java:logAndReturn(56)) - c2a73e63-4533-4661-ae84-dd5a39362559@group-AC8E2A32E389:LeaderElection12: Election REJECTED; received 2 response(s) [c2a73e63-4533-4661-ae84-dd5a39362559<-91f926b5-2cb1-4722-b947-953fef106990#0:FAIL-t1, c2a73e63-4533-4661-ae84-dd5a39362559<-a5a7e056-72fb-437a-9ac2-af7573048f25#0:FAIL-t1] and 0 exception(s); c2a73e63-4533-4661-ae84-dd5a39362559@group-AC8E2A32E389:t1, leader=null, voted=c2a73e63-4533-4661-ae84-dd5a39362559, raftlog=c2a73e63-4533-4661-ae84-dd5a39362559@group-AC8E2A32E389-SegmentedRaftLog:OPENED:c-1,f-1,i0, conf=-1: [91f926b5-2cb1-4722-b947-953fef106990:192.168.34.45:43639, a5a7e056-72fb-437a-9ac2-af7573048f25:192.168.34.45:39698, c2a73e63-4533-4661-ae84-dd5a39362559:192.168.34.45:40043], old=null
2019-09-11 21:55:44,257 [b90393f0-91c9-4286-839e-32ae26f144bd@group-50C9D9F18802:LeaderElection9] INFO  impl.LeaderElection (LeaderElection.java:logAndReturn(56)) - b90393f0-91c9-4286-839e-32ae26f144bd@group-50C9D9F18802:LeaderElection9: Election REJECTED; received 2 response(s) [b90393f0-91c9-4286-839e-32ae26f144bd<-b8cc5711-5e40-41ff-95d6-57cfdaa6737f#0:FAIL-t1, b90393f0-91c9-4286-839e-32ae26f144bd<-a5cc9080-cfb9-4240-b5a2-6affb7ccbad1#0:FAIL-t1] and 0 exception(s); b90393f0-91c9-4286-839e-32ae26f144bd@group-50C9D9F18802:t1, leader=null, voted=b90393f0-91c9-4286-839e-32ae26f144bd, raftlog=b90393f0-91c9-4286-839e-32ae26f144bd@group-50C9D9F18802-SegmentedRaftLog:OPENED:c-1,f-1,i0, conf=-1: [b90393f0-91c9-4286-839e-32ae26f144bd:192.168.34.45:32948, b8cc5711-5e40-41ff-95d6-57cfdaa6737f:192.168.34.45:35460, a5cc9080-cfb9-4240-b5a2-6affb7ccbad1:192.168.34.45:33471], old=null
2019-09-11 21:55:44,262 [b8cc5711-5e40-41ff-95d6-57cfdaa6737f@group-50C9D9F18802:LeaderElection8] INFO  impl.RaftServerImpl (RaftServerImpl.java:setRole(174)) - b8cc5711-5e40-41ff-95d6-57cfdaa6737f@group-50C9D9F18802: changes role from CANDIDATE to FOLLOWER at term 1 for DISCOVERED_A_NEW_TERM
2019-09-11 21:55:44,264 [b8cc5711-5e40-41ff-95d6-57cfdaa6737f@group-50C9D9F18802:LeaderElection8] INFO  impl.RoleInfo (RoleInfo.java:shutdownLeaderElection(134)) - b8cc5711-5e40-41ff-95d6-57cfdaa6737f: shutdown LeaderElection
2019-09-11 21:55:44,259 [a5cc9080-cfb9-4240-b5a2-6affb7ccbad1@group-50C9D9F18802:LeaderElection11] INFO  impl.RaftServerImpl (RaftServerImpl.java:setRole(174)) - a5cc9080-cfb9-4240-b5a2-6affb7ccbad1@group-50C9D9F18802: changes role from CANDIDATE to FOLLOWER at term 1 for DISCOVERED_A_NEW_TERM
2019-09-11 21:55:44,267 [c2a73e63-4533-4661-ae84-dd5a39362559@group-AC8E2A32E389:LeaderElection12] INFO  impl.RaftServerImpl (RaftServerImpl.java:setRole(174)) - c2a73e63-4533-4661-ae84-dd5a39362559@group-AC8E2A32E389: changes role from CANDIDATE to FOLLOWER at term 1 for DISCOVERED_A_NEW_TERM
2019-09-11 21:55:44,267 [b90393f0-91c9-4286-839e-32ae26f144bd@group-50C9D9F18802:LeaderElection9] INFO  impl.RaftServerImpl (RaftServerImpl.java:setRole(174)) - b90393f0-91c9-4286-839e-32ae26f144bd@group-50C9D9F18802: changes role from CANDIDATE to FOLLOWER at term 1 for DISCOVERED_A_NEW_TERM
2019-09-11 21:55:44,264 [91f926b5-2cb1-4722-b947-953fef106990@group-AC8E2A32E389:LeaderElection14] INFO  impl.RaftServerImpl (RaftServerImpl.java:setRole(174)) - 91f926b5-2cb1-4722-b947-953fef106990@group-AC8E2A32E389: changes role from CANDIDATE to FOLLOWER at term 1 for DISCOVERED_A_NEW_TERM
2019-09-11 21:55:44,286 [b90393f0-91c9-4286-839e-32ae26f144bd@group-50C9D9F18802:LeaderElection9] INFO  impl.RoleInfo (RoleInfo.java:shutdownLeaderElection(134)) - b90393f0-91c9-4286-839e-32ae26f144bd: shutdown LeaderElection
2019-09-11 21:55:44,283 [c2a73e63-4533-4661-ae84-dd5a39362559@group-AC8E2A32E389:LeaderElection12] INFO  impl.RoleInfo (RoleInfo.java:shutdownLeaderElection(134)) - c2a73e63-4533-4661-ae84-dd5a39362559: shutdown LeaderElection
2019-09-11 21:55:44,281 [a5a7e056-72fb-437a-9ac2-af7573048f25@group-AC8E2A32E389:LeaderElection15] INFO  impl.RaftServerImpl (RaftServerImpl.java:setRole(174)) - a5a7e056-72fb-437a-9ac2-af7573048f25@group-AC8E2A32E389: changes role from CANDIDATE to FOLLOWER at term 1 for DISCOVERED_A_NEW_TERM
2019-09-11 21:55:44,290 [a5a7e056-72fb-437a-9ac2-af7573048f25@group-AC8E2A32E389:LeaderElection15] INFO  impl.RoleInfo (RoleInfo.java:shutdownLeaderElection(134)) - a5a7e056-72fb-437a-9ac2-af7573048f25: shutdown LeaderElection
2019-09-11 21:55:44,279 [a5cc9080-cfb9-4240-b5a2-6affb7ccbad1@group-50C9D9F18802:LeaderElection11] INFO  impl.RoleInfo (RoleInfo.java:shutdownLeaderElection(134)) - a5cc9080-cfb9-4240-b5a2-6affb7ccbad1: shutdown LeaderElection
2019-09-11 21:55:44,286 [91f926b5-2cb1-4722-b947-953fef106990@group-AC8E2A32E389:LeaderElection14] INFO  impl.RoleInfo (RoleInfo.java:shutdownLeaderElection(134)) - 91f926b5-2cb1-4722-b947-953fef106990: shutdown LeaderElection
2019-09-11 21:55:44,292 [a5a7e056-72fb-437a-9ac2-af7573048f25@group-AC8E2A32E389:LeaderElection15] INFO  impl.RoleInfo (RoleInfo.java:updateAndGet(143)) - a5a7e056-72fb-437a-9ac2-af7573048f25: start FollowerState
2019-09-11 21:55:44,293 [c2a73e63-4533-4661-ae84-dd5a39362559@group-AC8E2A32E389:LeaderElection12] INFO  impl.RoleInfo (RoleInfo.java:updateAndGet(143)) - c2a73e63-4533-4661-ae84-dd5a39362559: start FollowerState
2019-09-11 21:55:44,292 [b8cc5711-5e40-41ff-95d6-57cfdaa6737f@group-50C9D9F18802:LeaderElection8] INFO  impl.RoleInfo (RoleInfo.java:updateAndGet(143)) - b8cc5711-5e40-41ff-95d6-57cfdaa6737f: start FollowerState
2019-09-11 21:55:44,292 [b90393f0-91c9-4286-839e-32ae26f144bd@group-50C9D9F18802:LeaderElection9] INFO  impl.RoleInfo (RoleInfo.java:updateAndGet(143)) - b90393f0-91c9-4286-839e-32ae26f144bd: start FollowerState
2019-09-11 21:55:44,292 [91f926b5-2cb1-4722-b947-953fef106990@group-AC8E2A32E389:LeaderElection14] INFO  impl.RoleInfo (RoleInfo.java:updateAndGet(143)) - 91f926b5-2cb1-4722-b947-953fef106990: start FollowerState
2019-09-11 21:55:44,294 [a5cc9080-cfb9-4240-b5a2-6affb7ccbad1@group-50C9D9F18802:LeaderElection11] INFO  impl.RoleInfo (RoleInfo.java:updateAndGet(143)) - a5cc9080-cfb9-4240-b5a2-6affb7ccbad1: start FollowerState
2019-09-11 21:55:44,323 [b94e9841-c110-46af-9cbb-637204d6ae15@group-9E5FA7894A87:LeaderElection16] INFO  impl.LeaderElection (LeaderElection.java:logAndReturn(56)) - b94e9841-c110-46af-9cbb-637204d6ae15@group-9E5FA7894A87:LeaderElection16: Election REJECTED; received 2 response(s) [b94e9841-c110-46af-9cbb-637204d6ae15<-cb19b877-b13a-4838-a0e1-b58882f3950d#0:FAIL-t1, b94e9841-c110-46af-9cbb-637204d6ae15<-35b36fdc-90f8-4649-ab4a-4033b8c96817#0:FAIL-t1] and 0 exception(s); b94e9841-c110-46af-9cbb-637204d6ae15@group-9E5FA7894A87:t1, leader=null, voted=b94e9841-c110-46af-9cbb-637204d6ae15, raftlog=b94e9841-c110-46af-9cbb-637204d6ae15@group-9E5FA7894A87-SegmentedRaftLog:OPENED:c-1,f-1,i0, conf=-1: [cb19b877-b13a-4838-a0e1-b58882f3950d:192.168.34.45:40539, 35b36fdc-90f8-4649-ab4a-4033b8c96817:192.168.34.45:35400, b94e9841-c110-46af-9cbb-637204d6ae15:192.168.34.45:45929], old=null
2019-09-11 21:55:44,323 [35b36fdc-90f8-4649-ab4a-4033b8c96817@group-9E5FA7894A87:LeaderElection17] INFO  impl.LeaderElection (LeaderElection.java:logAndReturn(56)) - 35b36fdc-90f8-4649-ab4a-4033b8c96817@group-9E5FA7894A87:LeaderElection17: Election REJECTED; received 2 response(s) [35b36fdc-90f8-4649-ab4a-4033b8c96817<-cb19b877-b13a-4838-a0e1-b58882f3950d#0:FAIL-t1, 35b36fdc-90f8-4649-ab4a-4033b8c96817<-b94e9841-c110-46af-9cbb-637204d6ae15#0:FAIL-t1] and 0 exception(s); 35b36fdc-90f8-4649-ab4a-4033b8c96817@group-9E5FA7894A87:t1, leader=null, voted=35b36fdc-90f8-4649-ab4a-4033b8c96817, raftlog=35b36fdc-90f8-4649-ab4a-4033b8c96817@group-9E5FA7894A87-SegmentedRaftLog:OPENED:c-1,f-1,i0, conf=-1: [cb19b877-b13a-4838-a0e1-b58882f3950d:192.168.34.45:40539, 35b36fdc-90f8-4649-ab4a-4033b8c96817:192.168.34.45:35400, b94e9841-c110-46af-9cbb-637204d6ae15:192.168.34.45:45929], old=null
2019-09-11 21:55:44,327 [b94e9841-c110-46af-9cbb-637204d6ae15@group-9E5FA7894A87:LeaderElection16] INFO  impl.RaftServerImpl (RaftServerImpl.java:setRole(174)) - b94e9841-c110-46af-9cbb-637204d6ae15@group-9E5FA7894A87: changes role from CANDIDATE to FOLLOWER at term 1 for DISCOVERED_A_NEW_TERM
2019-09-11 21:55:44,329 [35b36fdc-90f8-4649-ab4a-4033b8c96817@group-9E5FA7894A87:LeaderElection17] INFO  impl.RaftServerImpl (RaftServerImpl.java:setRole(174)) - 35b36fdc-90f8-4649-ab4a-4033b8c96817@group-9E5FA7894A87: changes role from CANDIDATE to FOLLOWER at term 1 for DISCOVERED_A_NEW_TERM
2019-09-11 21:55:44,329 [b94e9841-c110-46af-9cbb-637204d6ae15@group-9E5FA7894A87:LeaderElection16] INFO  impl.RoleInfo (RoleInfo.java:shutdownLeaderElection(134)) - b94e9841-c110-46af-9cbb-637204d6ae15: shutdown LeaderElection
2019-09-11 21:55:44,331 [35b36fdc-90f8-4649-ab4a-4033b8c96817@group-9E5FA7894A87:LeaderElection17] INFO  impl.RoleInfo (RoleInfo.java:shutdownLeaderElection(134)) - 35b36fdc-90f8-4649-ab4a-4033b8c96817: shutdown LeaderElection
2019-09-11 21:55:44,333 [35b36fdc-90f8-4649-ab4a-4033b8c96817@group-9E5FA7894A87:LeaderElection17] INFO  impl.RoleInfo (RoleInfo.java:updateAndGet(143)) - 35b36fdc-90f8-4649-ab4a-4033b8c96817: start FollowerState
2019-09-11 21:55:44,335 [b94e9841-c110-46af-9cbb-637204d6ae15@group-9E5FA7894A87:LeaderElection16] INFO  impl.RoleInfo (RoleInfo.java:updateAndGet(143)) - b94e9841-c110-46af-9cbb-637204d6ae15: start FollowerState
2019-09-11 21:55:44,357 [cb19b877-b13a-4838-a0e1-b58882f3950d@group-9E5FA7894A87:LeaderElection18] INFO  impl.LeaderElection (LeaderElection.java:logAndReturn(56)) - cb19b877-b13a-4838-a0e1-b58882f3950d@group-9E5FA7894A87:LeaderElection18: Election REJECTED; received 2 response(s) [cb19b877-b13a-4838-a0e1-b58882f3950d<-35b36fdc-90f8-4649-ab4a-4033b8c96817#0:FAIL-t1, cb19b877-b13a-4838-a0e1-b58882f3950d<-b94e9841-c110-46af-9cbb-637204d6ae15#0:FAIL-t1] and 0 exception(s); cb19b877-b13a-4838-a0e1-b58882f3950d@group-9E5FA7894A87:t1, leader=null, voted=cb19b877-b13a-4838-a0e1-b58882f3950d, raftlog=cb19b877-b13a-4838-a0e1-b58882f3950d@group-9E5FA7894A87-SegmentedRaftLog:OPENED:c-1,f-1,i0, conf=-1: [cb19b877-b13a-4838-a0e1-b58882f3950d:192.168.34.45:40539, 35b36fdc-90f8-4649-ab4a-4033b8c96817:192.168.34.45:35400, b94e9841-c110-46af-9cbb-637204d6ae15:192.168.34.45:45929], old=null
2019-09-11 21:55:44,362 [cb19b877-b13a-4838-a0e1-b58882f3950d@group-9E5FA7894A87:LeaderElection18] INFO  impl.RaftServerImpl (RaftServerImpl.java:setRole(174)) - cb19b877-b13a-4838-a0e1-b58882f3950d@group-9E5FA7894A87: changes role from CANDIDATE to FOLLOWER at term 1 for DISCOVERED_A_NEW_TERM
2019-09-11 21:55:44,367 [cb19b877-b13a-4838-a0e1-b58882f3950d@group-9E5FA7894A87:LeaderElection18] INFO  impl.RoleInfo (RoleInfo.java:shutdownLeaderElection(134)) - cb19b877-b13a-4838-a0e1-b58882f3950d: shutdown LeaderElection
2019-09-11 21:55:44,375 [cb19b877-b13a-4838-a0e1-b58882f3950d@group-9E5FA7894A87:LeaderElection18] INFO  impl.RoleInfo (RoleInfo.java:updateAndGet(143)) - cb19b877-b13a-4838-a0e1-b58882f3950d: start FollowerState
2019-09-11 21:55:44,379 [bc5b1f13-910c-4303-9fd1-733985921f93@group-6C52C0A0FF0F:LeaderElection13] INFO  impl.RoleInfo (RoleInfo.java:updateAndGet(143)) - bc5b1f13-910c-4303-9fd1-733985921f93: start LeaderState
2019-09-11 21:55:44,381 [b94e9841-c110-46af-9cbb-637204d6ae15@group-0D459761AC25:LeaderElection10] INFO  impl.RoleInfo (RoleInfo.java:updateAndGet(143)) - b94e9841-c110-46af-9cbb-637204d6ae15: start LeaderState
2019-09-11 21:55:44,381 [bc5b1f13-910c-4303-9fd1-733985921f93@group-6C52C0A0FF0F:LeaderElection13] INFO  segmented.SegmentedRaftLogWorker (SegmentedRaftLogWorker.java:startLogSegment(380)) - bc5b1f13-910c-4303-9fd1-733985921f93@group-6C52C0A0FF0F-SegmentedRaftLogWorker: Starting segment from index:0
2019-09-11 21:55:44,382 [b94e9841-c110-46af-9cbb-637204d6ae15@group-0D459761AC25:LeaderElection10] INFO  segmented.SegmentedRaftLogWorker (SegmentedRaftLogWorker.java:startLogSegment(380)) - b94e9841-c110-46af-9cbb-637204d6ae15@group-0D459761AC25-SegmentedRaftLogWorker: Starting segment from index:0
2019-09-11 21:55:44,382 [bc5b1f13-910c-4303-9fd1-733985921f93@group-6C52C0A0FF0F:LeaderElection13] INFO  impl.RaftServerImpl (ServerState.java:setRaftConf(354)) - bc5b1f13-910c-4303-9fd1-733985921f93@group-6C52C0A0FF0F: set configuration 0: [bc5b1f13-910c-4303-9fd1-733985921f93:192.168.34.45:40258], old=null at 0
2019-09-11 21:55:44,382 [b94e9841-c110-46af-9cbb-637204d6ae15@group-0D459761AC25:LeaderElection10] INFO  impl.RaftServerImpl (ServerState.java:setRaftConf(354)) - b94e9841-c110-46af-9cbb-637204d6ae15@group-0D459761AC25: set configuration 0: [b94e9841-c110-46af-9cbb-637204d6ae15:192.168.34.45:45929], old=null at 0
2019-09-11 21:55:44,383 [Thread-283] INFO  container.ReplicationManager (ReplicationManager.java:start(162)) - Starting Replication Monitor Thread.
2019-09-11 21:55:44,388 [ReplicationMonitor] INFO  container.ReplicationManager (ReplicationManager.java:run(225)) - Replication Monitor Thread took 4 milliseconds for processing 1 containers.
2019-09-11 21:55:44,435 [b94e9841-c110-46af-9cbb-637204d6ae15@group-0D459761AC25-SegmentedRaftLogWorker] INFO  segmented.SegmentedRaftLogWorker (SegmentedRaftLogWorker.java:execute(569)) - b94e9841-c110-46af-9cbb-637204d6ae15@group-0D459761AC25-SegmentedRaftLogWorker: created new log segment /workdir/hadoop-ozone/integration-test/target/test-dir/MiniOzoneClusterImpl-5ea26da2-f48a-485b-abc0-853cbfba6fbc/datanode-9/data/ratis/b970fe40-c11c-4221-8178-0d459761ac25/current/log_inprogress_0
2019-09-11 21:55:44,435 [bc5b1f13-910c-4303-9fd1-733985921f93@group-6C52C0A0FF0F-SegmentedRaftLogWorker] INFO  segmented.SegmentedRaftLogWorker (SegmentedRaftLogWorker.java:execute(569)) - bc5b1f13-910c-4303-9fd1-733985921f93@group-6C52C0A0FF0F-SegmentedRaftLogWorker: created new log segment /workdir/hadoop-ozone/integration-test/target/test-dir/MiniOzoneClusterImpl-5ea26da2-f48a-485b-abc0-853cbfba6fbc/datanode-4/data/ratis/5dcfa472-796f-4ed7-a02a-6c52c0a0ff0f/current/log_inprogress_0
2019-09-11 21:55:44,641 [main] INFO  impl.MetricsSystemImpl (MetricsSystemImpl.java:init(158)) - XceiverClientMetrics metrics system started (again)
2019-09-11 21:55:44,756 [grpc-default-executor-4] INFO  client.GrpcClientProtocolClient (GrpcClientProtocolClient.java:onNext(264)) - client-50BBF47487D0->a5a7e056-72fb-437a-9ac2-af7573048f25: receive RaftClientReply:client-50BBF47487D0->a5a7e056-72fb-437a-9ac2-af7573048f25@group-AC8E2A32E389, cid=19, FAILED org.apache.ratis.protocol.NotLeaderException: Server a5a7e056-72fb-437a-9ac2-af7573048f25@group-AC8E2A32E389 is not the leader, logIndex=0, commits[a5a7e056-72fb-437a-9ac2-af7573048f25:c-1]
2019-09-11 21:55:45,065 [Thread-311] INFO  impl.FollowerState (FollowerState.java:run(106)) - cb19b877-b13a-4838-a0e1-b58882f3950d:group-8CC7F060FDF9 changes to CANDIDATE, lastRpcTime:2565, electionTimeout:1166ms
2019-09-11 21:55:45,066 [Thread-311] INFO  impl.RoleInfo (RoleInfo.java:shutdownFollowerState(121)) - cb19b877-b13a-4838-a0e1-b58882f3950d: shutdown FollowerState
2019-09-11 21:55:45,066 [Thread-311] INFO  impl.RaftServerImpl (RaftServerImpl.java:setRole(174)) - cb19b877-b13a-4838-a0e1-b58882f3950d@group-8CC7F060FDF9: changes role from  FOLLOWER to CANDIDATE at term 0 for changeToCandidate
2019-09-11 21:55:45,066 [Thread-311] INFO  impl.RoleInfo (RoleInfo.java:updateAndGet(143)) - cb19b877-b13a-4838-a0e1-b58882f3950d: start LeaderElection
2019-09-11 21:55:45,091 [cb19b877-b13a-4838-a0e1-b58882f3950d@group-8CC7F060FDF9:LeaderElection19] INFO  impl.LeaderElection (LeaderElection.java:askForVotes(182)) - cb19b877-b13a-4838-a0e1-b58882f3950d@group-8CC7F060FDF9:LeaderElection19: begin an election at term 1 for -1: [cb19b877-b13a-4838-a0e1-b58882f3950d:192.168.34.45:40539], old=null
2019-09-11 21:55:45,091 [cb19b877-b13a-4838-a0e1-b58882f3950d@group-8CC7F060FDF9:LeaderElection19] INFO  impl.RoleInfo (RoleInfo.java:shutdownLeaderElection(134)) - cb19b877-b13a-4838-a0e1-b58882f3950d: shutdown LeaderElection
2019-09-11 21:55:45,092 [cb19b877-b13a-4838-a0e1-b58882f3950d@group-8CC7F060FDF9:LeaderElection19] INFO  impl.RaftServerImpl (RaftServerImpl.java:setRole(174)) - cb19b877-b13a-4838-a0e1-b58882f3950d@group-8CC7F060FDF9: changes role from CANDIDATE to LEADER at term 1 for changeToLeader
2019-09-11 21:55:45,092 [cb19b877-b13a-4838-a0e1-b58882f3950d@group-8CC7F060FDF9:LeaderElection19] INFO  impl.RaftServerImpl (ServerState.java:setLeader(253)) - cb19b877-b13a-4838-a0e1-b58882f3950d@group-8CC7F060FDF9: change Leader from null to cb19b877-b13a-4838-a0e1-b58882f3950d at term 1 for becomeLeader, leader elected after 2602ms
2019-09-11 21:55:45,092 [cb19b877-b13a-4838-a0e1-b58882f3950d@group-8CC7F060FDF9:LeaderElection19] INFO  server.RaftServerConfigKeys (ConfUtils.java:logGet(43)) - raft.server.staging.catchup.gap = 1000 (default)
2019-09-11 21:55:45,092 [cb19b877-b13a-4838-a0e1-b58882f3950d@group-8CC7F060FDF9:LeaderElection19] INFO  server.RaftServerConfigKeys (ConfUtils.java:logGet(43)) - raft.server.rpc.sleep.time = 25ms (default)
2019-09-11 21:55:45,092 [cb19b877-b13a-4838-a0e1-b58882f3950d@group-8CC7F060FDF9:LeaderElection19] INFO  server.RaftServerConfigKeys (ConfUtils.java:logGet(43)) - raft.server.write.element-limit = 4096 (default)
2019-09-11 21:55:45,093 [cb19b877-b13a-4838-a0e1-b58882f3950d@group-8CC7F060FDF9:LeaderElection19] INFO  server.RaftServerConfigKeys (ConfUtils.java:logGet(43)) - raft.server.watch.timeout = 10s (default)
2019-09-11 21:55:45,093 [cb19b877-b13a-4838-a0e1-b58882f3950d@group-8CC7F060FDF9:LeaderElection19] INFO  server.RaftServerConfigKeys (ConfUtils.java:logGet(43)) - raft.server.watch.timeout.denomination = 1s (default)
2019-09-11 21:55:45,093 [cb19b877-b13a-4838-a0e1-b58882f3950d@group-8CC7F060FDF9:LeaderElection19] INFO  server.RaftServerConfigKeys (ConfUtils.java:logGet(43)) - raft.server.watch.element-limit = 65536 (default)
2019-09-11 21:55:45,096 [cb19b877-b13a-4838-a0e1-b58882f3950d@group-8CC7F060FDF9:LeaderElection19] INFO  impl.RoleInfo (RoleInfo.java:updateAndGet(143)) - cb19b877-b13a-4838-a0e1-b58882f3950d: start LeaderState
2019-09-11 21:55:45,096 [cb19b877-b13a-4838-a0e1-b58882f3950d@group-8CC7F060FDF9:LeaderElection19] INFO  segmented.SegmentedRaftLogWorker (SegmentedRaftLogWorker.java:startLogSegment(380)) - cb19b877-b13a-4838-a0e1-b58882f3950d@group-8CC7F060FDF9-SegmentedRaftLogWorker: Starting segment from index:0
2019-09-11 21:55:45,097 [cb19b877-b13a-4838-a0e1-b58882f3950d@group-8CC7F060FDF9:LeaderElection19] INFO  impl.RaftServerImpl (ServerState.java:setRaftConf(354)) - cb19b877-b13a-4838-a0e1-b58882f3950d@group-8CC7F060FDF9: set configuration 0: [cb19b877-b13a-4838-a0e1-b58882f3950d:192.168.34.45:40539], old=null at 0
2019-09-11 21:55:45,145 [cb19b877-b13a-4838-a0e1-b58882f3950d@group-8CC7F060FDF9-SegmentedRaftLogWorker] INFO  segmented.SegmentedRaftLogWorker (SegmentedRaftLogWorker.java:execute(569)) - cb19b877-b13a-4838-a0e1-b58882f3950d@group-8CC7F060FDF9-SegmentedRaftLogWorker: created new log segment /workdir/hadoop-ozone/integration-test/target/test-dir/MiniOzoneClusterImpl-5ea26da2-f48a-485b-abc0-853cbfba6fbc/datanode-1/data/ratis/f84c4ba3-1e83-4c87-afaf-8cc7f060fdf9/current/log_inprogress_0
2019-09-11 21:55:45,310 [Thread-391] INFO  impl.FollowerState (FollowerState.java:run(106)) - c2a73e63-4533-4661-ae84-dd5a39362559:group-AC8E2A32E389 changes to CANDIDATE, lastRpcTime:1016, electionTimeout:1015ms
2019-09-11 21:55:45,310 [Thread-390] INFO  impl.FollowerState (FollowerState.java:run(106)) - b90393f0-91c9-4286-839e-32ae26f144bd:group-50C9D9F18802 changes to CANDIDATE, lastRpcTime:1018, electionTimeout:1014ms
2019-09-11 21:55:45,310 [Thread-391] INFO  impl.RoleInfo (RoleInfo.java:shutdownFollowerState(121)) - c2a73e63-4533-4661-ae84-dd5a39362559: shutdown FollowerState
2019-09-11 21:55:45,310 [Thread-390] INFO  impl.RoleInfo (RoleInfo.java:shutdownFollowerState(121)) - b90393f0-91c9-4286-839e-32ae26f144bd: shutdown FollowerState
2019-09-11 21:55:45,311 [Thread-391] INFO  impl.RaftServerImpl (RaftServerImpl.java:setRole(174)) - c2a73e63-4533-4661-ae84-dd5a39362559@group-AC8E2A32E389: changes role from  FOLLOWER to CANDIDATE at term 1 for changeToCandidate
2019-09-11 21:55:45,311 [Thread-390] INFO  impl.RaftServerImpl (RaftServerImpl.java:setRole(174)) - b90393f0-91c9-4286-839e-32ae26f144bd@group-50C9D9F18802: changes role from  FOLLOWER to CANDIDATE at term 1 for changeToCandidate
2019-09-11 21:55:45,311 [Thread-391] INFO  impl.RoleInfo (RoleInfo.java:updateAndGet(143)) - c2a73e63-4533-4661-ae84-dd5a39362559: start LeaderElection
2019-09-11 21:55:45,311 [Thread-390] INFO  impl.RoleInfo (RoleInfo.java:updateAndGet(143)) - b90393f0-91c9-4286-839e-32ae26f144bd: start LeaderElection
2019-09-11 21:55:45,324 [Thread-389] INFO  impl.FollowerState (FollowerState.java:run(106)) - b8cc5711-5e40-41ff-95d6-57cfdaa6737f:group-50C9D9F18802 changes to CANDIDATE, lastRpcTime:1032, electionTimeout:1030ms
2019-09-11 21:55:45,325 [Thread-389] INFO  impl.RoleInfo (RoleInfo.java:shutdownFollowerState(121)) - b8cc5711-5e40-41ff-95d6-57cfdaa6737f: shutdown FollowerState
2019-09-11 21:55:45,325 [Thread-389] INFO  impl.RaftServerImpl (RaftServerImpl.java:setRole(174)) - b8cc5711-5e40-41ff-95d6-57cfdaa6737f@group-50C9D9F18802: changes role from  FOLLOWER to CANDIDATE at term 1 for changeToCandidate
2019-09-11 21:55:45,325 [Thread-389] INFO  impl.RoleInfo (RoleInfo.java:updateAndGet(143)) - b8cc5711-5e40-41ff-95d6-57cfdaa6737f: start LeaderElection
2019-09-11 21:55:45,352 [b8cc5711-5e40-41ff-95d6-57cfdaa6737f@group-50C9D9F18802:LeaderElection22] INFO  impl.LeaderElection (LeaderElection.java:askForVotes(182)) - b8cc5711-5e40-41ff-95d6-57cfdaa6737f@group-50C9D9F18802:LeaderElection22: begin an election at term 2 for -1: [b90393f0-91c9-4286-839e-32ae26f144bd:192.168.34.45:32948, b8cc5711-5e40-41ff-95d6-57cfdaa6737f:192.168.34.45:35460, a5cc9080-cfb9-4240-b5a2-6affb7ccbad1:192.168.34.45:33471], old=null
2019-09-11 21:55:45,352 [c2a73e63-4533-4661-ae84-dd5a39362559@group-AC8E2A32E389:LeaderElection20] INFO  impl.LeaderElection (LeaderElection.java:askForVotes(182)) - c2a73e63-4533-4661-ae84-dd5a39362559@group-AC8E2A32E389:LeaderElection20: begin an election at term 2 for -1: [91f926b5-2cb1-4722-b947-953fef106990:192.168.34.45:43639, a5a7e056-72fb-437a-9ac2-af7573048f25:192.168.34.45:39698, c2a73e63-4533-4661-ae84-dd5a39362559:192.168.34.45:40043], old=null
2019-09-11 21:55:45,352 [b90393f0-91c9-4286-839e-32ae26f144bd@group-50C9D9F18802:LeaderElection21] INFO  impl.LeaderElection (LeaderElection.java:askForVotes(182)) - b90393f0-91c9-4286-839e-32ae26f144bd@group-50C9D9F18802:LeaderElection21: begin an election at term 2 for -1: [b90393f0-91c9-4286-839e-32ae26f144bd:192.168.34.45:32948, b8cc5711-5e40-41ff-95d6-57cfdaa6737f:192.168.34.45:35460, a5cc9080-cfb9-4240-b5a2-6affb7ccbad1:192.168.34.45:33471], old=null
2019-09-11 21:55:45,370 [grpc-default-executor-4] INFO  impl.RaftServerImpl (RaftServerImpl.java:setRole(174)) - 91f926b5-2cb1-4722-b947-953fef106990@group-AC8E2A32E389: changes role from  FOLLOWER to FOLLOWER at term 2 for recognizeCandidate:c2a73e63-4533-4661-ae84-dd5a39362559
2019-09-11 21:55:45,371 [grpc-default-executor-4] INFO  impl.RoleInfo (RoleInfo.java:shutdownFollowerState(121)) - 91f926b5-2cb1-4722-b947-953fef106990: shutdown FollowerState
2019-09-11 21:55:45,371 [grpc-default-executor-4] INFO  impl.RoleInfo (RoleInfo.java:updateAndGet(143)) - 91f926b5-2cb1-4722-b947-953fef106990: start FollowerState
2019-09-11 21:55:45,371 [Thread-394] INFO  impl.FollowerState (FollowerState.java:run(115)) - 91f926b5-2cb1-4722-b947-953fef106990: FollowerState was interrupted: java.lang.InterruptedException: sleep interrupted
2019-09-11 21:55:45,372 [grpc-default-executor-7] INFO  impl.RaftServerImpl (RaftServerImpl.java:setRole(174)) - a5a7e056-72fb-437a-9ac2-af7573048f25@group-AC8E2A32E389: changes role from  FOLLOWER to FOLLOWER at term 2 for recognizeCandidate:c2a73e63-4533-4661-ae84-dd5a39362559
2019-09-11 21:55:45,372 [grpc-default-executor-11] INFO  impl.RaftServerImpl (RaftServerImpl.java:setRole(174)) - a5cc9080-cfb9-4240-b5a2-6affb7ccbad1@group-50C9D9F18802: changes role from  FOLLOWER to FOLLOWER at term 2 for recognizeCandidate:b90393f0-91c9-4286-839e-32ae26f144bd
2019-09-11 21:55:45,372 [grpc-default-executor-7] INFO  impl.RoleInfo (RoleInfo.java:shutdownFollowerState(121)) - a5a7e056-72fb-437a-9ac2-af7573048f25: shutdown FollowerState
2019-09-11 21:55:45,372 [grpc-default-executor-11] INFO  impl.RoleInfo (RoleInfo.java:shutdownFollowerState(121)) - a5cc9080-cfb9-4240-b5a2-6affb7ccbad1: shutdown FollowerState
2019-09-11 21:55:45,372 [grpc-default-executor-7] INFO  impl.RoleInfo (RoleInfo.java:updateAndGet(143)) - a5a7e056-72fb-437a-9ac2-af7573048f25: start FollowerState
2019-09-11 21:55:45,372 [Thread-393] INFO  impl.FollowerState (FollowerState.java:run(115)) - a5cc9080-cfb9-4240-b5a2-6affb7ccbad1: FollowerState was interrupted: java.lang.InterruptedException: sleep interrupted
2019-09-11 21:55:45,372 [grpc-default-executor-11] INFO  impl.RoleInfo (RoleInfo.java:updateAndGet(143)) - a5cc9080-cfb9-4240-b5a2-6affb7ccbad1: start FollowerState
2019-09-11 21:55:45,372 [Thread-392] INFO  impl.FollowerState (FollowerState.java:run(115)) - a5a7e056-72fb-437a-9ac2-af7573048f25: FollowerState was interrupted: java.lang.InterruptedException: sleep interrupted
2019-09-11 21:55:45,400 [Thread-397] INFO  impl.FollowerState (FollowerState.java:run(106)) - 35b36fdc-90f8-4649-ab4a-4033b8c96817:group-9E5FA7894A87 changes to CANDIDATE, lastRpcTime:1067, electionTimeout:1065ms
2019-09-11 21:55:45,401 [Thread-397] INFO  impl.RoleInfo (RoleInfo.java:shutdownFollowerState(121)) - 35b36fdc-90f8-4649-ab4a-4033b8c96817: shutdown FollowerState
2019-09-11 21:55:45,401 [Thread-397] INFO  impl.RaftServerImpl (RaftServerImpl.java:setRole(174)) - 35b36fdc-90f8-4649-ab4a-4033b8c96817@group-9E5FA7894A87: changes role from  FOLLOWER to CANDIDATE at term 1 for changeToCandidate
2019-09-11 21:55:45,401 [Thread-397] INFO  impl.RoleInfo (RoleInfo.java:updateAndGet(143)) - 35b36fdc-90f8-4649-ab4a-4033b8c96817: start LeaderElection
2019-09-11 21:55:45,403 [c2a73e63-4533-4661-ae84-dd5a39362559@group-AC8E2A32E389:LeaderElection20] INFO  impl.LeaderElection (LeaderElection.java:logAndReturn(56)) - c2a73e63-4533-4661-ae84-dd5a39362559@group-AC8E2A32E389:LeaderElection20: Election PASSED; received 1 response(s) [c2a73e63-4533-4661-ae84-dd5a39362559<-a5a7e056-72fb-437a-9ac2-af7573048f25#0:OK-t2] and 0 exception(s); c2a73e63-4533-4661-ae84-dd5a39362559@group-AC8E2A32E389:t2, leader=null, voted=c2a73e63-4533-4661-ae84-dd5a39362559, raftlog=c2a73e63-4533-4661-ae84-dd5a39362559@group-AC8E2A32E389-SegmentedRaftLog:OPENED:c-1,f-1,i0, conf=-1: [91f926b5-2cb1-4722-b947-953fef106990:192.168.34.45:43639, a5a7e056-72fb-437a-9ac2-af7573048f25:192.168.34.45:39698, c2a73e63-4533-4661-ae84-dd5a39362559:192.168.34.45:40043], old=null
2019-09-11 21:55:45,403 [c2a73e63-4533-4661-ae84-dd5a39362559@group-AC8E2A32E389:LeaderElection20] INFO  impl.RoleInfo (RoleInfo.java:shutdownLeaderElection(134)) - c2a73e63-4533-4661-ae84-dd5a39362559: shutdown LeaderElection
2019-09-11 21:55:45,407 [c2a73e63-4533-4661-ae84-dd5a39362559@group-AC8E2A32E389:LeaderElection20] INFO  impl.RaftServerImpl (RaftServerImpl.java:setRole(174)) - c2a73e63-4533-4661-ae84-dd5a39362559@group-AC8E2A32E389: changes role from CANDIDATE to LEADER at term 2 for changeToLeader
2019-09-11 21:55:45,409 [b90393f0-91c9-4286-839e-32ae26f144bd@group-50C9D9F18802:LeaderElection21] INFO  impl.LeaderElection (LeaderElection.java:logAndReturn(56)) - b90393f0-91c9-4286-839e-32ae26f144bd@group-50C9D9F18802:LeaderElection21: Election PASSED; received 2 response(s) [b90393f0-91c9-4286-839e-32ae26f144bd<-b8cc5711-5e40-41ff-95d6-57cfdaa6737f#0:FAIL-t2, b90393f0-91c9-4286-839e-32ae26f144bd<-a5cc9080-cfb9-4240-b5a2-6affb7ccbad1#0:OK-t2] and 0 exception(s); b90393f0-91c9-4286-839e-32ae26f144bd@group-50C9D9F18802:t2, leader=null, voted=b90393f0-91c9-4286-839e-32ae26f144bd, raftlog=b90393f0-91c9-4286-839e-32ae26f144bd@group-50C9D9F18802-SegmentedRaftLog:OPENED:c-1,f-1,i0, conf=-1: [b90393f0-91c9-4286-839e-32ae26f144bd:192.168.34.45:32948, b8cc5711-5e40-41ff-95d6-57cfdaa6737f:192.168.34.45:35460, a5cc9080-cfb9-4240-b5a2-6affb7ccbad1:192.168.34.45:33471], old=null
2019-09-11 21:55:45,410 [c2a73e63-4533-4661-ae84-dd5a39362559@group-AC8E2A32E389:LeaderElection20] INFO  impl.RaftServerImpl (ServerState.java:setLeader(253)) - c2a73e63-4533-4661-ae84-dd5a39362559@group-AC8E2A32E389: change Leader from null to c2a73e63-4533-4661-ae84-dd5a39362559 at term 2 for becomeLeader, leader elected after 2596ms
2019-09-11 21:55:45,412 [b90393f0-91c9-4286-839e-32ae26f144bd@group-50C9D9F18802:LeaderElection21] INFO  impl.RoleInfo (RoleInfo.java:shutdownLeaderElection(134)) - b90393f0-91c9-4286-839e-32ae26f144bd: shutdown LeaderElection
2019-09-11 21:55:45,416 [35b36fdc-90f8-4649-ab4a-4033b8c96817@group-9E5FA7894A87:LeaderElection23] INFO  impl.LeaderElection (LeaderElection.java:askForVotes(182)) - 35b36fdc-90f8-4649-ab4a-4033b8c96817@group-9E5FA7894A87:LeaderElection23: begin an election at term 2 for -1: [cb19b877-b13a-4838-a0e1-b58882f3950d:192.168.34.45:40539, 35b36fdc-90f8-4649-ab4a-4033b8c96817:192.168.34.45:35400, b94e9841-c110-46af-9cbb-637204d6ae15:192.168.34.45:45929], old=null
2019-09-11 21:55:45,416 [c2a73e63-4533-4661-ae84-dd5a39362559@group-AC8E2A32E389:LeaderElection20] INFO  server.RaftServerConfigKeys (ConfUtils.java:logGet(43)) - raft.server.staging.catchup.gap = 1000 (default)
2019-09-11 21:55:45,417 [b90393f0-91c9-4286-839e-32ae26f144bd@group-50C9D9F18802:LeaderElection21] INFO  impl.RaftServerImpl (RaftServerImpl.java:setRole(174)) - b90393f0-91c9-4286-839e-32ae26f144bd@group-50C9D9F18802: changes role from CANDIDATE to LEADER at term 2 for changeToLeader
2019-09-11 21:55:45,417 [b8cc5711-5e40-41ff-95d6-57cfdaa6737f@group-50C9D9F18802:LeaderElection22] INFO  impl.LeaderElection (LeaderElection.java:logAndReturn(56)) - b8cc5711-5e40-41ff-95d6-57cfdaa6737f@group-50C9D9F18802:LeaderElection22: Election REJECTED; received 2 response(s) [b8cc5711-5e40-41ff-95d6-57cfdaa6737f<-b90393f0-91c9-4286-839e-32ae26f144bd#0:FAIL-t2, b8cc5711-5e40-41ff-95d6-57cfdaa6737f<-a5cc9080-cfb9-4240-b5a2-6affb7ccbad1#0:FAIL-t2] and 0 exception(s); b8cc5711-5e40-41ff-95d6-57cfdaa6737f@group-50C9D9F18802:t2, leader=null, voted=b8cc5711-5e40-41ff-95d6-57cfdaa6737f, raftlog=b8cc5711-5e40-41ff-95d6-57cfdaa6737f@group-50C9D9F18802-SegmentedRaftLog:OPENED:c-1,f-1,i0, conf=-1: [b90393f0-91c9-4286-839e-32ae26f144bd:192.168.34.45:32948, b8cc5711-5e40-41ff-95d6-57cfdaa6737f:192.168.34.45:35460, a5cc9080-cfb9-4240-b5a2-6affb7ccbad1:192.168.34.45:33471], old=null
2019-09-11 21:55:45,417 [c2a73e63-4533-4661-ae84-dd5a39362559@group-AC8E2A32E389:LeaderElection20] INFO  server.RaftServerConfigKeys (ConfUtils.java:logGet(43)) - raft.server.rpc.sleep.time = 25ms (default)
2019-09-11 21:55:45,417 [b8cc5711-5e40-41ff-95d6-57cfdaa6737f@group-50C9D9F18802:LeaderElection22] INFO  impl.RaftServerImpl (RaftServerImpl.java:setRole(174)) - b8cc5711-5e40-41ff-95d6-57cfdaa6737f@group-50C9D9F18802: changes role from CANDIDATE to FOLLOWER at term 2 for DISCOVERED_A_NEW_TERM
2019-09-11 21:55:45,422 [b8cc5711-5e40-41ff-95d6-57cfdaa6737f@group-50C9D9F18802:LeaderElection22] INFO  impl.RoleInfo (RoleInfo.java:shutdownLeaderElection(134)) - b8cc5711-5e40-41ff-95d6-57cfdaa6737f: shutdown LeaderElection
2019-09-11 21:55:45,417 [b90393f0-91c9-4286-839e-32ae26f144bd@group-50C9D9F18802:LeaderElection21] INFO  impl.RaftServerImpl (ServerState.java:setLeader(253)) - b90393f0-91c9-4286-839e-32ae26f144bd@group-50C9D9F18802: change Leader from null to b90393f0-91c9-4286-839e-32ae26f144bd at term 2 for becomeLeader, leader elected after 2718ms
2019-09-11 21:55:45,422 [b8cc5711-5e40-41ff-95d6-57cfdaa6737f@group-50C9D9F18802:LeaderElection22] INFO  impl.RoleInfo (RoleInfo.java:updateAndGet(143)) - b8cc5711-5e40-41ff-95d6-57cfdaa6737f: start FollowerState
2019-09-11 21:55:45,422 [c2a73e63-4533-4661-ae84-dd5a39362559@group-AC8E2A32E389:LeaderElection20] INFO  server.RaftServerConfigKeys (ConfUtils.java:logGet(43)) - raft.server.write.element-limit = 4096 (default)
2019-09-11 21:55:45,422 [b90393f0-91c9-4286-839e-32ae26f144bd@group-50C9D9F18802:LeaderElection21] INFO  server.RaftServerConfigKeys (ConfUtils.java:logGet(43)) - raft.server.staging.catchup.gap = 1000 (default)
2019-09-11 21:55:45,424 [c2a73e63-4533-4661-ae84-dd5a39362559@group-AC8E2A32E389:LeaderElection20] INFO  server.RaftServerConfigKeys (ConfUtils.java:logGet(43)) - raft.server.watch.timeout = 10s (default)
2019-09-11 21:55:45,424 [b90393f0-91c9-4286-839e-32ae26f144bd@group-50C9D9F18802:LeaderElection21] INFO  server.RaftServerConfigKeys (ConfUtils.java:logGet(43)) - raft.server.rpc.sleep.time = 25ms (default)
2019-09-11 21:55:45,424 [c2a73e63-4533-4661-ae84-dd5a39362559@group-AC8E2A32E389:LeaderElection20] INFO  server.RaftServerConfigKeys (ConfUtils.java:logGet(43)) - raft.server.watch.timeout.denomination = 1s (default)
2019-09-11 21:55:45,424 [b90393f0-91c9-4286-839e-32ae26f144bd@group-50C9D9F18802:LeaderElection21] INFO  server.RaftServerConfigKeys (ConfUtils.java:logGet(43)) - raft.server.write.element-limit = 4096 (default)
2019-09-11 21:55:45,424 [c2a73e63-4533-4661-ae84-dd5a39362559@group-AC8E2A32E389:LeaderElection20] INFO  server.RaftServerConfigKeys (ConfUtils.java:logGet(43)) - raft.server.watch.element-limit = 65536 (default)
2019-09-11 21:55:45,425 [b90393f0-91c9-4286-839e-32ae26f144bd@group-50C9D9F18802:LeaderElection21] INFO  server.RaftServerConfigKeys (ConfUtils.java:logGet(43)) - raft.server.watch.timeout = 10s (default)
2019-09-11 21:55:45,425 [b90393f0-91c9-4286-839e-32ae26f144bd@group-50C9D9F18802:LeaderElection21] INFO  server.RaftServerConfigKeys (ConfUtils.java:logGet(43)) - raft.server.watch.timeout.denomination = 1s (default)
2019-09-11 21:55:45,425 [b90393f0-91c9-4286-839e-32ae26f144bd@group-50C9D9F18802:LeaderElection21] INFO  server.RaftServerConfigKeys (ConfUtils.java:logGet(43)) - raft.server.watch.element-limit = 65536 (default)
2019-09-11 21:55:45,426 [grpc-default-executor-5] INFO  impl.RaftServerImpl (RaftServerImpl.java:setRole(174)) - cb19b877-b13a-4838-a0e1-b58882f3950d@group-9E5FA7894A87: changes role from  FOLLOWER to FOLLOWER at term 2 for recognizeCandidate:35b36fdc-90f8-4649-ab4a-4033b8c96817
2019-09-11 21:55:45,426 [grpc-default-executor-5] INFO  impl.RoleInfo (RoleInfo.java:shutdownFollowerState(121)) - cb19b877-b13a-4838-a0e1-b58882f3950d: shutdown FollowerState
2019-09-11 21:55:45,426 [grpc-default-executor-4] INFO  impl.RaftServerImpl (RaftServerImpl.java:setRole(174)) - b94e9841-c110-46af-9cbb-637204d6ae15@group-9E5FA7894A87: changes role from  FOLLOWER to FOLLOWER at term 2 for recognizeCandidate:35b36fdc-90f8-4649-ab4a-4033b8c96817
2019-09-11 21:55:45,426 [Thread-398] INFO  impl.FollowerState (FollowerState.java:run(115)) - cb19b877-b13a-4838-a0e1-b58882f3950d: FollowerState was interrupted: java.lang.InterruptedException: sleep interrupted
2019-09-11 21:55:45,426 [grpc-default-executor-4] INFO  impl.RoleInfo (RoleInfo.java:shutdownFollowerState(121)) - b94e9841-c110-46af-9cbb-637204d6ae15: shutdown FollowerState
2019-09-11 21:55:45,426 [grpc-default-executor-5] INFO  impl.RoleInfo (RoleInfo.java:updateAndGet(143)) - cb19b877-b13a-4838-a0e1-b58882f3950d: start FollowerState
2019-09-11 21:55:45,427 [Thread-396] INFO  impl.FollowerState (FollowerState.java:run(115)) - b94e9841-c110-46af-9cbb-637204d6ae15: FollowerState was interrupted: java.lang.InterruptedException: sleep interrupted
2019-09-11 21:55:45,427 [grpc-default-executor-4] INFO  impl.RoleInfo (RoleInfo.java:updateAndGet(143)) - b94e9841-c110-46af-9cbb-637204d6ae15: start FollowerState
2019-09-11 21:55:45,431 [b90393f0-91c9-4286-839e-32ae26f144bd@group-50C9D9F18802:LeaderElection21] INFO  server.RaftServerConfigKeys (ConfUtils.java:logGet(43)) - raft.server.log.appender.snapshot.chunk.size.max = 16MB (=16777216) (default)
2019-09-11 21:55:45,431 [c2a73e63-4533-4661-ae84-dd5a39362559@group-AC8E2A32E389:LeaderElection20] INFO  server.RaftServerConfigKeys (ConfUtils.java:logGet(43)) - raft.server.log.appender.snapshot.chunk.size.max = 16MB (=16777216) (default)
2019-09-11 21:55:45,431 [b90393f0-91c9-4286-839e-32ae26f144bd@group-50C9D9F18802:LeaderElection21] INFO  server.RaftServerConfigKeys (ConfUtils.java:logGet(43)) - raft.server.log.appender.buffer.byte-limit = 33554432 (custom)
2019-09-11 21:55:45,431 [c2a73e63-4533-4661-ae84-dd5a39362559@group-AC8E2A32E389:LeaderElection20] INFO  server.RaftServerConfigKeys (ConfUtils.java:logGet(43)) - raft.server.log.appender.buffer.byte-limit = 33554432 (custom)
2019-09-11 21:55:45,432 [b90393f0-91c9-4286-839e-32ae26f144bd@group-50C9D9F18802:LeaderElection21] INFO  server.RaftServerConfigKeys (ConfUtils.java:logGet(43)) - raft.server.log.appender.buffer.element-limit = 1 (custom)
2019-09-11 21:55:45,432 [c2a73e63-4533-4661-ae84-dd5a39362559@group-AC8E2A32E389:LeaderElection20] INFO  server.RaftServerConfigKeys (ConfUtils.java:logGet(43)) - raft.server.log.appender.buffer.element-limit = 1 (custom)
2019-09-11 21:55:45,436 [c2a73e63-4533-4661-ae84-dd5a39362559@group-AC8E2A32E389:LeaderElection20] INFO  grpc.GrpcConfigKeys$Server (ConfUtils.java:logGet(43)) - raft.grpc.server.leader.outstanding.appends.max = 128 (default)
2019-09-11 21:55:45,436 [b90393f0-91c9-4286-839e-32ae26f144bd@group-50C9D9F18802:LeaderElection21] INFO  grpc.GrpcConfigKeys$Server (ConfUtils.java:logGet(43)) - raft.grpc.server.leader.outstanding.appends.max = 128 (default)
2019-09-11 21:55:45,438 [c2a73e63-4533-4661-ae84-dd5a39362559@group-AC8E2A32E389:LeaderElection20] INFO  server.RaftServerConfigKeys (ConfUtils.java:logGet(43)) - raft.server.rpc.request.timeout = 3000ms (default)
2019-09-11 21:55:45,438 [b90393f0-91c9-4286-839e-32ae26f144bd@group-50C9D9F18802:LeaderElection21] INFO  server.RaftServerConfigKeys (ConfUtils.java:logGet(43)) - raft.server.rpc.request.timeout = 3000ms (default)
2019-09-11 21:55:45,438 [c2a73e63-4533-4661-ae84-dd5a39362559@group-AC8E2A32E389:LeaderElection20] INFO  server.RaftServerConfigKeys (ConfUtils.java:logGet(43)) - raft.server.log.appender.install.snapshot.enabled = false (custom)
2019-09-11 21:55:45,438 [b90393f0-91c9-4286-839e-32ae26f144bd@group-50C9D9F18802:LeaderElection21] INFO  server.RaftServerConfigKeys (ConfUtils.java:logGet(43)) - raft.server.log.appender.install.snapshot.enabled = false (custom)
2019-09-11 21:55:45,439 [b90393f0-91c9-4286-839e-32ae26f144bd@group-50C9D9F18802:LeaderElection21] INFO  server.RaftServerConfigKeys (ConfUtils.java:logGet(43)) - raft.server.log.appender.snapshot.chunk.size.max = 16MB (=16777216) (default)
2019-09-11 21:55:45,439 [c2a73e63-4533-4661-ae84-dd5a39362559@group-AC8E2A32E389:LeaderElection20] INFO  server.RaftServerConfigKeys (ConfUtils.java:logGet(43)) - raft.server.log.appender.snapshot.chunk.size.max = 16MB (=16777216) (default)
2019-09-11 21:55:45,440 [b90393f0-91c9-4286-839e-32ae26f144bd@group-50C9D9F18802:LeaderElection21] INFO  server.RaftServerConfigKeys (ConfUtils.java:logGet(43)) - raft.server.log.appender.buffer.byte-limit = 33554432 (custom)
2019-09-11 21:55:45,440 [c2a73e63-4533-4661-ae84-dd5a39362559@group-AC8E2A32E389:LeaderElection20] INFO  server.RaftServerConfigKeys (ConfUtils.java:logGet(43)) - raft.server.log.appender.buffer.byte-limit = 33554432 (custom)
2019-09-11 21:55:45,440 [b90393f0-91c9-4286-839e-32ae26f144bd@group-50C9D9F18802:LeaderElection21] INFO  server.RaftServerConfigKeys (ConfUtils.java:logGet(43)) - raft.server.log.appender.buffer.element-limit = 1 (custom)
2019-09-11 21:55:45,440 [c2a73e63-4533-4661-ae84-dd5a39362559@group-AC8E2A32E389:LeaderElection20] INFO  server.RaftServerConfigKeys (ConfUtils.java:logGet(43)) - raft.server.log.appender.buffer.element-limit = 1 (custom)
2019-09-11 21:55:45,440 [b90393f0-91c9-4286-839e-32ae26f144bd@group-50C9D9F18802:LeaderElection21] INFO  grpc.GrpcConfigKeys$Server (ConfUtils.java:logGet(43)) - raft.grpc.server.leader.outstanding.appends.max = 128 (default)
2019-09-11 21:55:45,440 [c2a73e63-4533-4661-ae84-dd5a39362559@group-AC8E2A32E389:LeaderElection20] INFO  grpc.GrpcConfigKeys$Server (ConfUtils.java:logGet(43)) - raft.grpc.server.leader.outstanding.appends.max = 128 (default)
2019-09-11 21:55:45,441 [b90393f0-91c9-4286-839e-32ae26f144bd@group-50C9D9F18802:LeaderElection21] INFO  server.RaftServerConfigKeys (ConfUtils.java:logGet(43)) - raft.server.rpc.request.timeout = 3000ms (default)
2019-09-11 21:55:45,441 [c2a73e63-4533-4661-ae84-dd5a39362559@group-AC8E2A32E389:LeaderElection20] INFO  server.RaftServerConfigKeys (ConfUtils.java:logGet(43)) - raft.server.rpc.request.timeout = 3000ms (default)
2019-09-11 21:55:45,441 [b90393f0-91c9-4286-839e-32ae26f144bd@group-50C9D9F18802:LeaderElection21] INFO  server.RaftServerConfigKeys (ConfUtils.java:logGet(43)) - raft.server.log.appender.install.snapshot.enabled = false (custom)
2019-09-11 21:55:45,441 [c2a73e63-4533-4661-ae84-dd5a39362559@group-AC8E2A32E389:LeaderElection20] INFO  server.RaftServerConfigKeys (ConfUtils.java:logGet(43)) - raft.server.log.appender.install.snapshot.enabled = false (custom)
2019-09-11 21:55:45,442 [35b36fdc-90f8-4649-ab4a-4033b8c96817@group-9E5FA7894A87:LeaderElection23] INFO  impl.LeaderElection (LeaderElection.java:logAndReturn(56)) - 35b36fdc-90f8-4649-ab4a-4033b8c96817@group-9E5FA7894A87:LeaderElection23: Election PASSED; received 1 response(s) [35b36fdc-90f8-4649-ab4a-4033b8c96817<-b94e9841-c110-46af-9cbb-637204d6ae15#0:OK-t2] and 0 exception(s); 35b36fdc-90f8-4649-ab4a-4033b8c96817@group-9E5FA7894A87:t2, leader=null, voted=35b36fdc-90f8-4649-ab4a-4033b8c96817, raftlog=35b36fdc-90f8-4649-ab4a-4033b8c96817@group-9E5FA7894A87-SegmentedRaftLog:OPENED:c-1,f-1,i0, conf=-1: [cb19b877-b13a-4838-a0e1-b58882f3950d:192.168.34.45:40539, 35b36fdc-90f8-4649-ab4a-4033b8c96817:192.168.34.45:35400, b94e9841-c110-46af-9cbb-637204d6ae15:192.168.34.45:45929], old=null
2019-09-11 21:55:45,442 [35b36fdc-90f8-4649-ab4a-4033b8c96817@group-9E5FA7894A87:LeaderElection23] INFO  impl.RoleInfo (RoleInfo.java:shutdownLeaderElection(134)) - 35b36fdc-90f8-4649-ab4a-4033b8c96817: shutdown LeaderElection
2019-09-11 21:55:45,444 [35b36fdc-90f8-4649-ab4a-4033b8c96817@group-9E5FA7894A87:LeaderElection23] INFO  impl.RaftServerImpl (RaftServerImpl.java:setRole(174)) - 35b36fdc-90f8-4649-ab4a-4033b8c96817@group-9E5FA7894A87: changes role from CANDIDATE to LEADER at term 2 for changeToLeader
2019-09-11 21:55:45,446 [b90393f0-91c9-4286-839e-32ae26f144bd@group-50C9D9F18802:LeaderElection21] INFO  impl.RoleInfo (RoleInfo.java:updateAndGet(143)) - b90393f0-91c9-4286-839e-32ae26f144bd: start LeaderState
2019-09-11 21:55:45,446 [c2a73e63-4533-4661-ae84-dd5a39362559@group-AC8E2A32E389:LeaderElection20] INFO  impl.RoleInfo (RoleInfo.java:updateAndGet(143)) - c2a73e63-4533-4661-ae84-dd5a39362559: start LeaderState
2019-09-11 21:55:45,448 [35b36fdc-90f8-4649-ab4a-4033b8c96817@group-9E5FA7894A87:LeaderElection23] INFO  impl.RaftServerImpl (ServerState.java:setLeader(253)) - 35b36fdc-90f8-4649-ab4a-4033b8c96817@group-9E5FA7894A87: change Leader from null to 35b36fdc-90f8-4649-ab4a-4033b8c96817 at term 2 for becomeLeader, leader elected after 2459ms
2019-09-11 21:55:45,448 [c2a73e63-4533-4661-ae84-dd5a39362559@group-AC8E2A32E389:LeaderElection20] INFO  segmented.SegmentedRaftLogWorker (SegmentedRaftLogWorker.java:startLogSegment(380)) - c2a73e63-4533-4661-ae84-dd5a39362559@group-AC8E2A32E389-SegmentedRaftLogWorker: Starting segment from index:0
2019-09-11 21:55:45,448 [35b36fdc-90f8-4649-ab4a-4033b8c96817@group-9E5FA7894A87:LeaderElection23] INFO  server.RaftServerConfigKeys (ConfUtils.java:logGet(43)) - raft.server.staging.catchup.gap = 1000 (default)
2019-09-11 21:55:45,448 [b90393f0-91c9-4286-839e-32ae26f144bd@group-50C9D9F18802:LeaderElection21] INFO  segmented.SegmentedRaftLogWorker (SegmentedRaftLogWorker.java:startLogSegment(380)) - b90393f0-91c9-4286-839e-32ae26f144bd@group-50C9D9F18802-SegmentedRaftLogWorker: Starting segment from index:0
2019-09-11 21:55:45,448 [35b36fdc-90f8-4649-ab4a-4033b8c96817@group-9E5FA7894A87:LeaderElection23] INFO  server.RaftServerConfigKeys (ConfUtils.java:logGet(43)) - raft.server.rpc.sleep.time = 25ms (default)
2019-09-11 21:55:45,449 [35b36fdc-90f8-4649-ab4a-4033b8c96817@group-9E5FA7894A87:LeaderElection23] INFO  server.RaftServerConfigKeys (ConfUtils.java:logGet(43)) - raft.server.write.element-limit = 4096 (default)
2019-09-11 21:55:45,449 [35b36fdc-90f8-4649-ab4a-4033b8c96817@group-9E5FA7894A87:LeaderElection23] INFO  server.RaftServerConfigKeys (ConfUtils.java:logGet(43)) - raft.server.watch.timeout = 10s (default)
2019-09-11 21:55:45,449 [35b36fdc-90f8-4649-ab4a-4033b8c96817@group-9E5FA7894A87:LeaderElection23] INFO  server.RaftServerConfigKeys (ConfUtils.java:logGet(43)) - raft.server.watch.timeout.denomination = 1s (default)
2019-09-11 21:55:45,449 [c2a73e63-4533-4661-ae84-dd5a39362559@group-AC8E2A32E389:LeaderElection20] INFO  impl.RaftServerImpl (ServerState.java:setRaftConf(354)) - c2a73e63-4533-4661-ae84-dd5a39362559@group-AC8E2A32E389: set configuration 0: [91f926b5-2cb1-4722-b947-953fef106990:192.168.34.45:43639, a5a7e056-72fb-437a-9ac2-af7573048f25:192.168.34.45:39698, c2a73e63-4533-4661-ae84-dd5a39362559:192.168.34.45:40043], old=null at 0
2019-09-11 21:55:45,449 [b90393f0-91c9-4286-839e-32ae26f144bd@group-50C9D9F18802:LeaderElection21] INFO  impl.RaftServerImpl (ServerState.java:setRaftConf(354)) - b90393f0-91c9-4286-839e-32ae26f144bd@group-50C9D9F18802: set configuration 0: [b90393f0-91c9-4286-839e-32ae26f144bd:192.168.34.45:32948, b8cc5711-5e40-41ff-95d6-57cfdaa6737f:192.168.34.45:35460, a5cc9080-cfb9-4240-b5a2-6affb7ccbad1:192.168.34.45:33471], old=null at 0
2019-09-11 21:55:45,449 [35b36fdc-90f8-4649-ab4a-4033b8c96817@group-9E5FA7894A87:LeaderElection23] INFO  server.RaftServerConfigKeys (ConfUtils.java:logGet(43)) - raft.server.watch.element-limit = 65536 (default)
2019-09-11 21:55:45,489 [35b36fdc-90f8-4649-ab4a-4033b8c96817@group-9E5FA7894A87:LeaderElection23] INFO  server.RaftServerConfigKeys (ConfUtils.java:logGet(43)) - raft.server.log.appender.snapshot.chunk.size.max = 16MB (=16777216) (default)
2019-09-11 21:55:45,490 [35b36fdc-90f8-4649-ab4a-4033b8c96817@group-9E5FA7894A87:LeaderElection23] INFO  server.RaftServerConfigKeys (ConfUtils.java:logGet(43)) - raft.server.log.appender.buffer.byte-limit = 33554432 (custom)
2019-09-11 21:55:45,490 [35b36fdc-90f8-4649-ab4a-4033b8c96817@group-9E5FA7894A87:LeaderElection23] INFO  server.RaftServerConfigKeys (ConfUtils.java:logGet(43)) - raft.server.log.appender.buffer.element-limit = 1 (custom)
2019-09-11 21:55:45,490 [35b36fdc-90f8-4649-ab4a-4033b8c96817@group-9E5FA7894A87:LeaderElection23] INFO  grpc.GrpcConfigKeys$Server (ConfUtils.java:logGet(43)) - raft.grpc.server.leader.outstanding.appends.max = 128 (default)
2019-09-11 21:55:45,490 [35b36fdc-90f8-4649-ab4a-4033b8c96817@group-9E5FA7894A87:LeaderElection23] INFO  server.RaftServerConfigKeys (ConfUtils.java:logGet(43)) - raft.server.rpc.request.timeout = 3000ms (default)
2019-09-11 21:55:45,490 [35b36fdc-90f8-4649-ab4a-4033b8c96817@group-9E5FA7894A87:LeaderElection23] INFO  server.RaftServerConfigKeys (ConfUtils.java:logGet(43)) - raft.server.log.appender.install.snapshot.enabled = false (custom)
2019-09-11 21:55:45,491 [35b36fdc-90f8-4649-ab4a-4033b8c96817@group-9E5FA7894A87:LeaderElection23] INFO  server.RaftServerConfigKeys (ConfUtils.java:logGet(43)) - raft.server.log.appender.snapshot.chunk.size.max = 16MB (=16777216) (default)
2019-09-11 21:55:45,491 [35b36fdc-90f8-4649-ab4a-4033b8c96817@group-9E5FA7894A87:LeaderElection23] INFO  server.RaftServerConfigKeys (ConfUtils.java:logGet(43)) - raft.server.log.appender.buffer.byte-limit = 33554432 (custom)
2019-09-11 21:55:45,491 [35b36fdc-90f8-4649-ab4a-4033b8c96817@group-9E5FA7894A87:LeaderElection23] INFO  server.RaftServerConfigKeys (ConfUtils.java:logGet(43)) - raft.server.log.appender.buffer.element-limit = 1 (custom)
2019-09-11 21:55:45,491 [35b36fdc-90f8-4649-ab4a-4033b8c96817@group-9E5FA7894A87:LeaderElection23] INFO  grpc.GrpcConfigKeys$Server (ConfUtils.java:logGet(43)) - raft.grpc.server.leader.outstanding.appends.max = 128 (default)
2019-09-11 21:55:45,491 [35b36fdc-90f8-4649-ab4a-4033b8c96817@group-9E5FA7894A87:LeaderElection23] INFO  server.RaftServerConfigKeys (ConfUtils.java:logGet(43)) - raft.server.rpc.request.timeout = 3000ms (default)
2019-09-11 21:55:45,492 [35b36fdc-90f8-4649-ab4a-4033b8c96817@group-9E5FA7894A87:LeaderElection23] INFO  server.RaftServerConfigKeys (ConfUtils.java:logGet(43)) - raft.server.log.appender.install.snapshot.enabled = false (custom)
2019-09-11 21:55:45,492 [35b36fdc-90f8-4649-ab4a-4033b8c96817@group-9E5FA7894A87:LeaderElection23] INFO  impl.RoleInfo (RoleInfo.java:updateAndGet(143)) - 35b36fdc-90f8-4649-ab4a-4033b8c96817: start LeaderState
2019-09-11 21:55:45,492 [35b36fdc-90f8-4649-ab4a-4033b8c96817@group-9E5FA7894A87:LeaderElection23] INFO  segmented.SegmentedRaftLogWorker (SegmentedRaftLogWorker.java:startLogSegment(380)) - 35b36fdc-90f8-4649-ab4a-4033b8c96817@group-9E5FA7894A87-SegmentedRaftLogWorker: Starting segment from index:0
2019-09-11 21:55:45,493 [35b36fdc-90f8-4649-ab4a-4033b8c96817@group-9E5FA7894A87:LeaderElection23] INFO  impl.RaftServerImpl (ServerState.java:setRaftConf(354)) - 35b36fdc-90f8-4649-ab4a-4033b8c96817@group-9E5FA7894A87: set configuration 0: [cb19b877-b13a-4838-a0e1-b58882f3950d:192.168.34.45:40539, 35b36fdc-90f8-4649-ab4a-4033b8c96817:192.168.34.45:35400, b94e9841-c110-46af-9cbb-637204d6ae15:192.168.34.45:45929], old=null at 0
2019-09-11 21:55:45,496 [c2a73e63-4533-4661-ae84-dd5a39362559@group-AC8E2A32E389-SegmentedRaftLogWorker] INFO  segmented.SegmentedRaftLogWorker (SegmentedRaftLogWorker.java:execute(569)) - c2a73e63-4533-4661-ae84-dd5a39362559@group-AC8E2A32E389-SegmentedRaftLogWorker: created new log segment /workdir/hadoop-ozone/integration-test/target/test-dir/MiniOzoneClusterImpl-5ea26da2-f48a-485b-abc0-853cbfba6fbc/datanode-3/data/ratis/3022a5dc-24e7-4c49-a0cd-ac8e2a32e389/current/log_inprogress_0
2019-09-11 21:55:45,496 [b90393f0-91c9-4286-839e-32ae26f144bd@group-50C9D9F18802-SegmentedRaftLogWorker] INFO  segmented.SegmentedRaftLogWorker (SegmentedRaftLogWorker.java:execute(569)) - b90393f0-91c9-4286-839e-32ae26f144bd@group-50C9D9F18802-SegmentedRaftLogWorker: created new log segment /workdir/hadoop-ozone/integration-test/target/test-dir/MiniOzoneClusterImpl-5ea26da2-f48a-485b-abc0-853cbfba6fbc/datanode-7/data/ratis/dd1a52e5-bfba-4b30-811b-50c9d9f18802/current/log_inprogress_0
2019-09-11 21:55:45,539 [grpc-default-executor-5] INFO  impl.RaftServerImpl (ServerState.java:setLeader(253)) - a5a7e056-72fb-437a-9ac2-af7573048f25@group-AC8E2A32E389: change Leader from null to c2a73e63-4533-4661-ae84-dd5a39362559 at term 2 for appendEntries, leader elected after 2726ms
2019-09-11 21:55:45,539 [grpc-default-executor-7] INFO  impl.RaftServerImpl (ServerState.java:setLeader(253)) - b8cc5711-5e40-41ff-95d6-57cfdaa6737f@group-50C9D9F18802: change Leader from null to b90393f0-91c9-4286-839e-32ae26f144bd at term 2 for appendEntries, leader elected after 2840ms
2019-09-11 21:55:45,539 [grpc-default-executor-9] INFO  impl.RaftServerImpl (ServerState.java:setLeader(253)) - cb19b877-b13a-4838-a0e1-b58882f3950d@group-9E5FA7894A87: change Leader from null to 35b36fdc-90f8-4649-ab4a-4033b8c96817 at term 2 for appendEntries, leader elected after 2552ms
2019-09-11 21:55:45,539 [grpc-default-executor-4] INFO  impl.RaftServerImpl (ServerState.java:setLeader(253)) - b94e9841-c110-46af-9cbb-637204d6ae15@group-9E5FA7894A87: change Leader from null to 35b36fdc-90f8-4649-ab4a-4033b8c96817 at term 2 for appendEntries, leader elected after 2552ms
2019-09-11 21:55:45,539 [grpc-default-executor-11] INFO  impl.RaftServerImpl (ServerState.java:setLeader(253)) - 91f926b5-2cb1-4722-b947-953fef106990@group-AC8E2A32E389: change Leader from null to c2a73e63-4533-4661-ae84-dd5a39362559 at term 2 for appendEntries, leader elected after 2726ms
2019-09-11 21:55:45,539 [grpc-default-executor-10] INFO  impl.RaftServerImpl (ServerState.java:setLeader(253)) - a5cc9080-cfb9-4240-b5a2-6affb7ccbad1@group-50C9D9F18802: change Leader from null to b90393f0-91c9-4286-839e-32ae26f144bd at term 2 for appendEntries, leader elected after 2840ms
2019-09-11 21:55:45,546 [35b36fdc-90f8-4649-ab4a-4033b8c96817@group-9E5FA7894A87-SegmentedRaftLogWorker] INFO  segmented.SegmentedRaftLogWorker (SegmentedRaftLogWorker.java:execute(569)) - 35b36fdc-90f8-4649-ab4a-4033b8c96817@group-9E5FA7894A87-SegmentedRaftLogWorker: created new log segment /workdir/hadoop-ozone/integration-test/target/test-dir/MiniOzoneClusterImpl-5ea26da2-f48a-485b-abc0-853cbfba6fbc/datanode-8/data/ratis/21333f8e-bd9d-4292-95b6-9e5fa7894a87/current/log_inprogress_0
2019-09-11 21:55:45,569 [grpc-default-executor-10] INFO  impl.RaftServerImpl (ServerState.java:setRaftConf(354)) - a5a7e056-72fb-437a-9ac2-af7573048f25@group-AC8E2A32E389: set configuration 0: [91f926b5-2cb1-4722-b947-953fef106990:192.168.34.45:43639, a5a7e056-72fb-437a-9ac2-af7573048f25:192.168.34.45:39698, c2a73e63-4533-4661-ae84-dd5a39362559:192.168.34.45:40043], old=null at 0
2019-09-11 21:55:45,570 [grpc-default-executor-9] INFO  impl.RaftServerImpl (ServerState.java:setRaftConf(354)) - a5cc9080-cfb9-4240-b5a2-6affb7ccbad1@group-50C9D9F18802: set configuration 0: [b90393f0-91c9-4286-839e-32ae26f144bd:192.168.34.45:32948, b8cc5711-5e40-41ff-95d6-57cfdaa6737f:192.168.34.45:35460, a5cc9080-cfb9-4240-b5a2-6affb7ccbad1:192.168.34.45:33471], old=null at 0
2019-09-11 21:55:45,570 [grpc-default-executor-11] INFO  impl.RaftServerImpl (ServerState.java:setRaftConf(354)) - b94e9841-c110-46af-9cbb-637204d6ae15@group-9E5FA7894A87: set configuration 0: [cb19b877-b13a-4838-a0e1-b58882f3950d:192.168.34.45:40539, 35b36fdc-90f8-4649-ab4a-4033b8c96817:192.168.34.45:35400, b94e9841-c110-46af-9cbb-637204d6ae15:192.168.34.45:45929], old=null at 0
2019-09-11 21:55:45,570 [grpc-default-executor-5] INFO  impl.RaftServerImpl (ServerState.java:setRaftConf(354)) - b8cc5711-5e40-41ff-95d6-57cfdaa6737f@group-50C9D9F18802: set configuration 0: [b90393f0-91c9-4286-839e-32ae26f144bd:192.168.34.45:32948, b8cc5711-5e40-41ff-95d6-57cfdaa6737f:192.168.34.45:35460, a5cc9080-cfb9-4240-b5a2-6affb7ccbad1:192.168.34.45:33471], old=null at 0
2019-09-11 21:55:45,570 [grpc-default-executor-10] INFO  segmented.SegmentedRaftLogWorker (SegmentedRaftLogWorker.java:startLogSegment(380)) - a5a7e056-72fb-437a-9ac2-af7573048f25@group-AC8E2A32E389-SegmentedRaftLogWorker: Starting segment from index:0
2019-09-11 21:55:45,570 [grpc-default-executor-4] INFO  impl.RaftServerImpl (ServerState.java:setRaftConf(354)) - cb19b877-b13a-4838-a0e1-b58882f3950d@group-9E5FA7894A87: set configuration 0: [cb19b877-b13a-4838-a0e1-b58882f3950d:192.168.34.45:40539, 35b36fdc-90f8-4649-ab4a-4033b8c96817:192.168.34.45:35400, b94e9841-c110-46af-9cbb-637204d6ae15:192.168.34.45:45929], old=null at 0
2019-09-11 21:55:45,570 [grpc-default-executor-7] INFO  impl.RaftServerImpl (ServerState.java:setRaftConf(354)) - 91f926b5-2cb1-4722-b947-953fef106990@group-AC8E2A32E389: set configuration 0: [91f926b5-2cb1-4722-b947-953fef106990:192.168.34.45:43639, a5a7e056-72fb-437a-9ac2-af7573048f25:192.168.34.45:39698, c2a73e63-4533-4661-ae84-dd5a39362559:192.168.34.45:40043], old=null at 0
2019-09-11 21:55:45,571 [grpc-default-executor-4] INFO  segmented.SegmentedRaftLogWorker (SegmentedRaftLogWorker.java:startLogSegment(380)) - cb19b877-b13a-4838-a0e1-b58882f3950d@group-9E5FA7894A87-SegmentedRaftLogWorker: Starting segment from index:0
2019-09-11 21:55:45,570 [grpc-default-executor-5] INFO  segmented.SegmentedRaftLogWorker (SegmentedRaftLogWorker.java:startLogSegment(380)) - b8cc5711-5e40-41ff-95d6-57cfdaa6737f@group-50C9D9F18802-SegmentedRaftLogWorker: Starting segment from index:0
2019-09-11 21:55:45,570 [grpc-default-executor-11] INFO  segmented.SegmentedRaftLogWorker (SegmentedRaftLogWorker.java:startLogSegment(380)) - b94e9841-c110-46af-9cbb-637204d6ae15@group-9E5FA7894A87-SegmentedRaftLogWorker: Starting segment from index:0
2019-09-11 21:55:45,570 [grpc-default-executor-9] INFO  segmented.SegmentedRaftLogWorker (SegmentedRaftLogWorker.java:startLogSegment(380)) - a5cc9080-cfb9-4240-b5a2-6affb7ccbad1@group-50C9D9F18802-SegmentedRaftLogWorker: Starting segment from index:0
2019-09-11 21:55:45,571 [grpc-default-executor-7] INFO  segmented.SegmentedRaftLogWorker (SegmentedRaftLogWorker.java:startLogSegment(380)) - 91f926b5-2cb1-4722-b947-953fef106990@group-AC8E2A32E389-SegmentedRaftLogWorker: Starting segment from index:0
2019-09-11 21:55:45,639 [91f926b5-2cb1-4722-b947-953fef106990@group-AC8E2A32E389-SegmentedRaftLogWorker] INFO  segmented.SegmentedRaftLogWorker (SegmentedRaftLogWorker.java:execute(569)) - 91f926b5-2cb1-4722-b947-953fef106990@group-AC8E2A32E389-SegmentedRaftLogWorker: created new log segment /workdir/hadoop-ozone/integration-test/target/test-dir/MiniOzoneClusterImpl-5ea26da2-f48a-485b-abc0-853cbfba6fbc/datanode-0/data/ratis/3022a5dc-24e7-4c49-a0cd-ac8e2a32e389/current/log_inprogress_0
2019-09-11 21:55:45,639 [a5cc9080-cfb9-4240-b5a2-6affb7ccbad1@group-50C9D9F18802-SegmentedRaftLogWorker] INFO  segmented.SegmentedRaftLogWorker (SegmentedRaftLogWorker.java:execute(569)) - a5cc9080-cfb9-4240-b5a2-6affb7ccbad1@group-50C9D9F18802-SegmentedRaftLogWorker: created new log segment /workdir/hadoop-ozone/integration-test/target/test-dir/MiniOzoneClusterImpl-5ea26da2-f48a-485b-abc0-853cbfba6fbc/datanode-6/data/ratis/dd1a52e5-bfba-4b30-811b-50c9d9f18802/current/log_inprogress_0
2019-09-11 21:55:45,639 [cb19b877-b13a-4838-a0e1-b58882f3950d@group-9E5FA7894A87-SegmentedRaftLogWorker] INFO  segmented.SegmentedRaftLogWorker (SegmentedRaftLogWorker.java:execute(569)) - cb19b877-b13a-4838-a0e1-b58882f3950d@group-9E5FA7894A87-SegmentedRaftLogWorker: created new log segment /workdir/hadoop-ozone/integration-test/target/test-dir/MiniOzoneClusterImpl-5ea26da2-f48a-485b-abc0-853cbfba6fbc/datanode-1/data/ratis/21333f8e-bd9d-4292-95b6-9e5fa7894a87/current/log_inprogress_0
2019-09-11 21:55:45,639 [b94e9841-c110-46af-9cbb-637204d6ae15@group-9E5FA7894A87-SegmentedRaftLogWorker] INFO  segmented.SegmentedRaftLogWorker (SegmentedRaftLogWorker.java:execute(569)) - b94e9841-c110-46af-9cbb-637204d6ae15@group-9E5FA7894A87-SegmentedRaftLogWorker: created new log segment /workdir/hadoop-ozone/integration-test/target/test-dir/MiniOzoneClusterImpl-5ea26da2-f48a-485b-abc0-853cbfba6fbc/datanode-9/data/ratis/21333f8e-bd9d-4292-95b6-9e5fa7894a87/current/log_inprogress_0
2019-09-11 21:55:45,639 [b8cc5711-5e40-41ff-95d6-57cfdaa6737f@group-50C9D9F18802-SegmentedRaftLogWorker] INFO  segmented.SegmentedRaftLogWorker (SegmentedRaftLogWorker.java:execute(569)) - b8cc5711-5e40-41ff-95d6-57cfdaa6737f@group-50C9D9F18802-SegmentedRaftLogWorker: created new log segment /workdir/hadoop-ozone/integration-test/target/test-dir/MiniOzoneClusterImpl-5ea26da2-f48a-485b-abc0-853cbfba6fbc/datanode-2/data/ratis/dd1a52e5-bfba-4b30-811b-50c9d9f18802/current/log_inprogress_0
2019-09-11 21:55:45,639 [a5a7e056-72fb-437a-9ac2-af7573048f25@group-AC8E2A32E389-SegmentedRaftLogWorker] INFO  segmented.SegmentedRaftLogWorker (SegmentedRaftLogWorker.java:execute(569)) - a5a7e056-72fb-437a-9ac2-af7573048f25@group-AC8E2A32E389-SegmentedRaftLogWorker: created new log segment /workdir/hadoop-ozone/integration-test/target/test-dir/MiniOzoneClusterImpl-5ea26da2-f48a-485b-abc0-853cbfba6fbc/datanode-5/data/ratis/3022a5dc-24e7-4c49-a0cd-ac8e2a32e389/current/log_inprogress_0
2019-09-11 21:55:46,117 [grpc-default-executor-9] INFO  client.GrpcClientProtocolClient (GrpcClientProtocolClient.java:onNext(264)) - client-50BBF47487D0->c2a73e63-4533-4661-ae84-dd5a39362559: receive RaftClientReply:client-50BBF47487D0->c2a73e63-4533-4661-ae84-dd5a39362559@group-AC8E2A32E389, cid=19, SUCCESS, logIndex=1, commits[c2a73e63-4533-4661-ae84-dd5a39362559:c1, 91f926b5-2cb1-4722-b947-953fef106990:c0, a5a7e056-72fb-437a-9ac2-af7573048f25:c0]
2019-09-11 21:55:46,257 [grpc-default-executor-7] INFO  client.GrpcClientProtocolClient (GrpcClientProtocolClient.java:onNext(264)) - client-50BBF47487D0->c2a73e63-4533-4661-ae84-dd5a39362559: receive RaftClientReply:client-50BBF47487D0->c2a73e63-4533-4661-ae84-dd5a39362559@group-AC8E2A32E389, cid=20, SUCCESS, logIndex=3, commits[c2a73e63-4533-4661-ae84-dd5a39362559:c8, 91f926b5-2cb1-4722-b947-953fef106990:c6, a5a7e056-72fb-437a-9ac2-af7573048f25:c6]
2019-09-11 21:55:46,261 [grpc-default-executor-7] INFO  client.GrpcClientProtocolClient (GrpcClientProtocolClient.java:onNext(264)) - client-50BBF47487D0->c2a73e63-4533-4661-ae84-dd5a39362559: receive RaftClientReply:client-50BBF47487D0->c2a73e63-4533-4661-ae84-dd5a39362559@group-AC8E2A32E389, cid=21, SUCCESS, logIndex=4, commits[c2a73e63-4533-4661-ae84-dd5a39362559:c8, 91f926b5-2cb1-4722-b947-953fef106990:c6, a5a7e056-72fb-437a-9ac2-af7573048f25:c6]
2019-09-11 21:55:46,354 [grpc-default-executor-7] INFO  client.GrpcClientProtocolClient (GrpcClientProtocolClient.java:onNext(264)) - client-50BBF47487D0->c2a73e63-4533-4661-ae84-dd5a39362559: receive RaftClientReply:client-50BBF47487D0->c2a73e63-4533-4661-ae84-dd5a39362559@group-AC8E2A32E389, cid=22, SUCCESS, logIndex=5, commits[c2a73e63-4533-4661-ae84-dd5a39362559:c8, 91f926b5-2cb1-4722-b947-953fef106990:c6, a5a7e056-72fb-437a-9ac2-af7573048f25:c6]
2019-09-11 21:55:46,417 [grpc-default-executor-9] INFO  client.GrpcClientProtocolClient (GrpcClientProtocolClient.java:onNext(264)) - client-50BBF47487D0->c2a73e63-4533-4661-ae84-dd5a39362559: receive RaftClientReply:client-50BBF47487D0->c2a73e63-4533-4661-ae84-dd5a39362559@group-AC8E2A32E389, cid=23, SUCCESS, logIndex=9, commits[c2a73e63-4533-4661-ae84-dd5a39362559:c10, 91f926b5-2cb1-4722-b947-953fef106990:c8, a5a7e056-72fb-437a-9ac2-af7573048f25:c8]
2019-09-11 21:55:46,418 [grpc-default-executor-9] INFO  client.GrpcClientProtocolClient (GrpcClientProtocolClient.java:onNext(264)) - client-50BBF47487D0->c2a73e63-4533-4661-ae84-dd5a39362559: receive RaftClientReply:client-50BBF47487D0->c2a73e63-4533-4661-ae84-dd5a39362559@group-AC8E2A32E389, cid=24, SUCCESS, logIndex=10, commits[c2a73e63-4533-4661-ae84-dd5a39362559:c10, 91f926b5-2cb1-4722-b947-953fef106990:c8, a5a7e056-72fb-437a-9ac2-af7573048f25:c8]
2019-09-11 21:55:46,434 [grpc-default-executor-7] INFO  client.GrpcClientProtocolClient (GrpcClientProtocolClient.java:onNext(264)) - client-50BBF47487D0->c2a73e63-4533-4661-ae84-dd5a39362559: receive RaftClientReply:client-50BBF47487D0->c2a73e63-4533-4661-ae84-dd5a39362559@group-AC8E2A32E389, cid=25, SUCCESS, logIndex=11, commits[c2a73e63-4533-4661-ae84-dd5a39362559:c13, 91f926b5-2cb1-4722-b947-953fef106990:c10, a5a7e056-72fb-437a-9ac2-af7573048f25:c8]
2019-09-11 21:55:46,438 [grpc-default-executor-7] INFO  client.GrpcClientProtocolClient (GrpcClientProtocolClient.java:onNext(264)) - client-50BBF47487D0->c2a73e63-4533-4661-ae84-dd5a39362559: receive RaftClientReply:client-50BBF47487D0->c2a73e63-4533-4661-ae84-dd5a39362559@group-AC8E2A32E389, cid=26, SUCCESS, logIndex=12, commits[c2a73e63-4533-4661-ae84-dd5a39362559:c14, 91f926b5-2cb1-4722-b947-953fef106990:c10, a5a7e056-72fb-437a-9ac2-af7573048f25:c10]
2019-09-11 21:55:46,485 [grpc-default-executor-7] INFO  client.GrpcClientProtocolClient (GrpcClientProtocolClient.java:onNext(264)) - client-50BBF47487D0->c2a73e63-4533-4661-ae84-dd5a39362559: receive RaftClientReply:client-50BBF47487D0->c2a73e63-4533-4661-ae84-dd5a39362559@group-AC8E2A32E389, cid=27, SUCCESS, logIndex=0, commits[c2a73e63-4533-4661-ae84-dd5a39362559:c16, 91f926b5-2cb1-4722-b947-953fef106990:c12, a5a7e056-72fb-437a-9ac2-af7573048f25:c12]
2019-09-11 21:55:49,512 [java.util.concurrent.ThreadPoolExecutor$Worker@64e02fa4[State = -1, empty queue]] WARN  server.GrpcLogAppender (GrpcLogAppender.java:timeoutAppendRequest(200)) - c2a73e63-4533-4661-ae84-dd5a39362559@group-AC8E2A32E389->a5a7e056-72fb-437a-9ac2-af7573048f25-GrpcLogAppender: appendEntries Timeout, request=c2a73e63-4533-4661-ae84-dd5a39362559->a5a7e056-72fb-437a-9ac2-af7573048f25#18-t2, previous=(t:2, i:16), leaderCommit=16, initializing? false, entries: size=1, first=(t:2, i:17), STATEMACHINELOGENTRY, client-50BBF47487D0, cid=28
2019-09-11 21:55:49,512 [java.util.concurrent.ThreadPoolExecutor$Worker@73e5f658[State = -1, empty queue]] WARN  server.GrpcLogAppender (GrpcLogAppender.java:timeoutAppendRequest(200)) - c2a73e63-4533-4661-ae84-dd5a39362559@group-AC8E2A32E389->91f926b5-2cb1-4722-b947-953fef106990-GrpcLogAppender: appendEntries Timeout, request=c2a73e63-4533-4661-ae84-dd5a39362559->91f926b5-2cb1-4722-b947-953fef106990#18-t2, previous=(t:2, i:16), leaderCommit=16, initializing? false, entries: size=1, first=(t:2, i:17), STATEMACHINELOGENTRY, client-50BBF47487D0, cid=28
2019-09-11 21:55:49,517 [java.util.concurrent.ThreadPoolExecutor$Worker@64e02fa4[State = -1, empty queue]] WARN  server.GrpcLogAppender (GrpcLogAppender.java:timeoutAppendRequest(200)) - c2a73e63-4533-4661-ae84-dd5a39362559@group-AC8E2A32E389->a5a7e056-72fb-437a-9ac2-af7573048f25-GrpcLogAppender: appendEntries Timeout, request=c2a73e63-4533-4661-ae84-dd5a39362559->a5a7e056-72fb-437a-9ac2-af7573048f25#19-t2, previous=(t:2, i:17), leaderCommit=16, initializing? false, entries: size=1, first=(t:2, i:18), STATEMACHINELOGENTRY, client-50BBF47487D0, cid=29
2019-09-11 21:55:49,520 [java.util.concurrent.ThreadPoolExecutor$Worker@73e5f658[State = -1, empty queue]] WARN  server.GrpcLogAppender (GrpcLogAppender.java:timeoutAppendRequest(200)) - c2a73e63-4533-4661-ae84-dd5a39362559@group-AC8E2A32E389->91f926b5-2cb1-4722-b947-953fef106990-GrpcLogAppender: appendEntries Timeout, request=c2a73e63-4533-4661-ae84-dd5a39362559->91f926b5-2cb1-4722-b947-953fef106990#19-t2, previous=(t:2, i:17), leaderCommit=16, initializing? false, entries: size=1, first=(t:2, i:18), STATEMACHINELOGENTRY, client-50BBF47487D0, cid=29
2019-09-11 21:55:49,526 [java.util.concurrent.ThreadPoolExecutor$Worker@64e02fa4[State = -1, empty queue]] WARN  server.GrpcLogAppender (GrpcLogAppender.java:timeoutAppendRequest(200)) - c2a73e63-4533-4661-ae84-dd5a39362559@group-AC8E2A32E389->a5a7e056-72fb-437a-9ac2-af7573048f25-GrpcLogAppender: appendEntries Timeout, request=c2a73e63-4533-4661-ae84-dd5a39362559->a5a7e056-72fb-437a-9ac2-af7573048f25#20-t2, previous=(t:2, i:18), leaderCommit=16, initializing? false, entries: size=1, first=(t:2, i:19), STATEMACHINELOGENTRY, client-50BBF47487D0, cid=30
2019-09-11 21:55:49,529 [java.util.concurrent.ThreadPoolExecutor$Worker@73e5f658[State = -1, empty queue]] WARN  server.GrpcLogAppender (GrpcLogAppender.java:timeoutAppendRequest(200)) - c2a73e63-4533-4661-ae84-dd5a39362559@group-AC8E2A32E389->91f926b5-2cb1-4722-b947-953fef106990-GrpcLogAppender: appendEntries Timeout, request=c2a73e63-4533-4661-ae84-dd5a39362559->91f926b5-2cb1-4722-b947-953fef106990#20-t2, previous=(t:2, i:18), leaderCommit=16, initializing? false, entries: size=1, first=(t:2, i:19), STATEMACHINELOGENTRY, client-50BBF47487D0, cid=30
2019-09-11 21:55:49,540 [java.util.concurrent.ThreadPoolExecutor$Worker@64e02fa4[State = -1, empty queue]] WARN  server.GrpcLogAppender (GrpcLogAppender.java:timeoutAppendRequest(200)) - c2a73e63-4533-4661-ae84-dd5a39362559@group-AC8E2A32E389->a5a7e056-72fb-437a-9ac2-af7573048f25-GrpcLogAppender: appendEntries Timeout, request=c2a73e63-4533-4661-ae84-dd5a39362559->a5a7e056-72fb-437a-9ac2-af7573048f25#21-t2, previous=(t:2, i:19), leaderCommit=16, initializing? false, entries: size=1, first=(t:2, i:20), STATEMACHINELOGENTRY, client-50BBF47487D0, cid=31
2019-09-11 21:55:49,540 [java.util.concurrent.ThreadPoolExecutor$Worker@73e5f658[State = -1, empty queue]] WARN  server.GrpcLogAppender (GrpcLogAppender.java:timeoutAppendRequest(200)) - c2a73e63-4533-4661-ae84-dd5a39362559@group-AC8E2A32E389->91f926b5-2cb1-4722-b947-953fef106990-GrpcLogAppender: appendEntries Timeout, request=c2a73e63-4533-4661-ae84-dd5a39362559->91f926b5-2cb1-4722-b947-953fef106990#21-t2, previous=(t:2, i:19), leaderCommit=16, initializing? false, entries: size=1, first=(t:2, i:20), STATEMACHINELOGENTRY, client-50BBF47487D0, cid=31
2019-09-11 21:55:50,027 [java.util.concurrent.ThreadPoolExecutor$Worker@64e02fa4[State = -1, empty queue]] WARN  server.GrpcLogAppender (GrpcLogAppender.java:timeoutAppendRequest(200)) - c2a73e63-4533-4661-ae84-dd5a39362559@group-AC8E2A32E389->a5a7e056-72fb-437a-9ac2-af7573048f25-GrpcLogAppender: appendEntries Timeout, request=c2a73e63-4533-4661-ae84-dd5a39362559->a5a7e056-72fb-437a-9ac2-af7573048f25#22-t2, previous=(t:2, i:20), leaderCommit=16, initializing? false, entries: <empty>
2019-09-11 21:55:50,027 [java.util.concurrent.ThreadPoolExecutor$Worker@73e5f658[State = -1, empty queue]] WARN  server.GrpcLogAppender (GrpcLogAppender.java:timeoutAppendRequest(200)) - c2a73e63-4533-4661-ae84-dd5a39362559@group-AC8E2A32E389->91f926b5-2cb1-4722-b947-953fef106990-GrpcLogAppender: appendEntries Timeout, request=c2a73e63-4533-4661-ae84-dd5a39362559->91f926b5-2cb1-4722-b947-953fef106990#22-t2, previous=(t:2, i:20), leaderCommit=16, initializing? false, entries: <empty>
2019-09-11 21:55:50,528 [java.util.concurrent.ThreadPoolExecutor$Worker@64e02fa4[State = -1, empty queue]] WARN  server.GrpcLogAppender (GrpcLogAppender.java:timeoutAppendRequest(200)) - c2a73e63-4533-4661-ae84-dd5a39362559@group-AC8E2A32E389->a5a7e056-72fb-437a-9ac2-af7573048f25-GrpcLogAppender: appendEntries Timeout, request=c2a73e63-4533-4661-ae84-dd5a39362559->a5a7e056-72fb-437a-9ac2-af7573048f25#23-t2, previous=(t:2, i:20), leaderCommit=16, initializing? false, entries: <empty>
2019-09-11 21:55:50,528 [java.util.concurrent.ThreadPoolExecutor$Worker@73e5f658[State = -1, empty queue]] WARN  server.GrpcLogAppender (GrpcLogAppender.java:timeoutAppendRequest(200)) - c2a73e63-4533-4661-ae84-dd5a39362559@group-AC8E2A32E389->91f926b5-2cb1-4722-b947-953fef106990-GrpcLogAppender: appendEntries Timeout, request=c2a73e63-4533-4661-ae84-dd5a39362559->91f926b5-2cb1-4722-b947-953fef106990#23-t2, previous=(t:2, i:20), leaderCommit=16, initializing? false, entries: <empty>
2019-09-11 21:55:51,029 [java.util.concurrent.ThreadPoolExecutor$Worker@73e5f658[State = -1, empty queue]] WARN  server.GrpcLogAppender (GrpcLogAppender.java:timeoutAppendRequest(200)) - c2a73e63-4533-4661-ae84-dd5a39362559@group-AC8E2A32E389->91f926b5-2cb1-4722-b947-953fef106990-GrpcLogAppender: appendEntries Timeout, request=c2a73e63-4533-4661-ae84-dd5a39362559->91f926b5-2cb1-4722-b947-953fef106990#24-t2, previous=(t:2, i:20), leaderCommit=16, initializing? false, entries: <empty>
2019-09-11 21:55:51,029 [java.util.concurrent.ThreadPoolExecutor$Worker@64e02fa4[State = -1, empty queue]] WARN  server.GrpcLogAppender (GrpcLogAppender.java:timeoutAppendRequest(200)) - c2a73e63-4533-4661-ae84-dd5a39362559@group-AC8E2A32E389->a5a7e056-72fb-437a-9ac2-af7573048f25-GrpcLogAppender: appendEntries Timeout, request=c2a73e63-4533-4661-ae84-dd5a39362559->a5a7e056-72fb-437a-9ac2-af7573048f25#24-t2, previous=(t:2, i:20), leaderCommit=16, initializing? false, entries: <empty>
2019-09-11 21:55:51,530 [java.util.concurrent.ThreadPoolExecutor$Worker@73e5f658[State = -1, empty queue]] WARN  server.GrpcLogAppender (GrpcLogAppender.java:timeoutAppendRequest(200)) - c2a73e63-4533-4661-ae84-dd5a39362559@group-AC8E2A32E389->91f926b5-2cb1-4722-b947-953fef106990-GrpcLogAppender: appendEntries Timeout, request=c2a73e63-4533-4661-ae84-dd5a39362559->91f926b5-2cb1-4722-b947-953fef106990#25-t2, previous=(t:2, i:20), leaderCommit=16, initializing? false, entries: <empty>
2019-09-11 21:55:51,530 [java.util.concurrent.ThreadPoolExecutor$Worker@64e02fa4[State = -1, empty queue]] WARN  server.GrpcLogAppender (GrpcLogAppender.java:timeoutAppendRequest(200)) - c2a73e63-4533-4661-ae84-dd5a39362559@group-AC8E2A32E389->a5a7e056-72fb-437a-9ac2-af7573048f25-GrpcLogAppender: appendEntries Timeout, request=c2a73e63-4533-4661-ae84-dd5a39362559->a5a7e056-72fb-437a-9ac2-af7573048f25#25-t2, previous=(t:2, i:20), leaderCommit=16, initializing? false, entries: <empty>
2019-09-11 21:55:51,628 [grpc-default-executor-4] INFO  client.GrpcClientProtocolClient (GrpcClientProtocolClient.java:onNext(264)) - client-50BBF47487D0->91f926b5-2cb1-4722-b947-953fef106990: receive RaftClientReply:client-50BBF47487D0->91f926b5-2cb1-4722-b947-953fef106990@group-AC8E2A32E389, cid=28, FAILED org.apache.ratis.protocol.NotLeaderException: Server 91f926b5-2cb1-4722-b947-953fef106990@group-AC8E2A32E389 is not the leader c2a73e63-4533-4661-ae84-dd5a39362559:192.168.34.45:40043, logIndex=0, commits[91f926b5-2cb1-4722-b947-953fef106990:c16, a5a7e056-72fb-437a-9ac2-af7573048f25:c12, c2a73e63-4533-4661-ae84-dd5a39362559:c16]
2019-09-11 21:55:52,031 [java.util.concurrent.ThreadPoolExecutor$Worker@73e5f658[State = -1, empty queue]] WARN  server.GrpcLogAppender (GrpcLogAppender.java:timeoutAppendRequest(200)) - c2a73e63-4533-4661-ae84-dd5a39362559@group-AC8E2A32E389->91f926b5-2cb1-4722-b947-953fef106990-GrpcLogAppender: appendEntries Timeout, request=c2a73e63-4533-4661-ae84-dd5a39362559->91f926b5-2cb1-4722-b947-953fef106990#26-t2, previous=(t:2, i:20), leaderCommit=16, initializing? false, entries: <empty>
2019-09-11 21:55:52,031 [java.util.concurrent.ThreadPoolExecutor$Worker@64e02fa4[State = -1, empty queue]] WARN  server.GrpcLogAppender (GrpcLogAppender.java:timeoutAppendRequest(200)) - c2a73e63-4533-4661-ae84-dd5a39362559@group-AC8E2A32E389->a5a7e056-72fb-437a-9ac2-af7573048f25-GrpcLogAppender: appendEntries Timeout, request=c2a73e63-4533-4661-ae84-dd5a39362559->a5a7e056-72fb-437a-9ac2-af7573048f25#26-t2, previous=(t:2, i:20), leaderCommit=16, initializing? false, entries: <empty>
2019-09-11 21:55:52,546 [java.util.concurrent.ThreadPoolExecutor$Worker@64e02fa4[State = -1, empty queue]] WARN  server.GrpcLogAppender (GrpcLogAppender.java:timeoutAppendRequest(200)) - c2a73e63-4533-4661-ae84-dd5a39362559@group-AC8E2A32E389->a5a7e056-72fb-437a-9ac2-af7573048f25-GrpcLogAppender: appendEntries Timeout, request=c2a73e63-4533-4661-ae84-dd5a39362559->a5a7e056-72fb-437a-9ac2-af7573048f25#27-t2, previous=(t:2, i:20), leaderCommit=16, initializing? false, entries: <empty>
2019-09-11 21:55:52,546 [java.util.concurrent.ThreadPoolExecutor$Worker@73e5f658[State = -1, empty queue]] WARN  server.GrpcLogAppender (GrpcLogAppender.java:timeoutAppendRequest(200)) - c2a73e63-4533-4661-ae84-dd5a39362559@group-AC8E2A32E389->91f926b5-2cb1-4722-b947-953fef106990-GrpcLogAppender: appendEntries Timeout, request=c2a73e63-4533-4661-ae84-dd5a39362559->91f926b5-2cb1-4722-b947-953fef106990#27-t2, previous=(t:2, i:20), leaderCommit=16, initializing? false, entries: <empty>
2019-09-11 21:55:53,047 [java.util.concurrent.ThreadPoolExecutor$Worker@64e02fa4[State = -1, empty queue]] WARN  server.GrpcLogAppender (GrpcLogAppender.java:timeoutAppendRequest(200)) - c2a73e63-4533-4661-ae84-dd5a39362559@group-AC8E2A32E389->a5a7e056-72fb-437a-9ac2-af7573048f25-GrpcLogAppender: appendEntries Timeout, request=c2a73e63-4533-4661-ae84-dd5a39362559->a5a7e056-72fb-437a-9ac2-af7573048f25#28-t2, previous=(t:2, i:20), leaderCommit=16, initializing? false, entries: <empty>
2019-09-11 21:55:53,047 [java.util.concurrent.ThreadPoolExecutor$Worker@73e5f658[State = -1, empty queue]] WARN  server.GrpcLogAppender (GrpcLogAppender.java:timeoutAppendRequest(200)) - c2a73e63-4533-4661-ae84-dd5a39362559@group-AC8E2A32E389->91f926b5-2cb1-4722-b947-953fef106990-GrpcLogAppender: appendEntries Timeout, request=c2a73e63-4533-4661-ae84-dd5a39362559->91f926b5-2cb1-4722-b947-953fef106990#28-t2, previous=(t:2, i:20), leaderCommit=16, initializing? false, entries: <empty>
2019-09-11 21:55:53,547 [java.util.concurrent.ThreadPoolExecutor$Worker@64e02fa4[State = -1, empty queue]] WARN  server.GrpcLogAppender (GrpcLogAppender.java:timeoutAppendRequest(200)) - c2a73e63-4533-4661-ae84-dd5a39362559@group-AC8E2A32E389->a5a7e056-72fb-437a-9ac2-af7573048f25-GrpcLogAppender: appendEntries Timeout, request=c2a73e63-4533-4661-ae84-dd5a39362559->a5a7e056-72fb-437a-9ac2-af7573048f25#29-t2, previous=(t:2, i:20), leaderCommit=16, initializing? false, entries: <empty>
2019-09-11 21:55:53,547 [java.util.concurrent.ThreadPoolExecutor$Worker@73e5f658[State = -1, empty queue]] WARN  server.GrpcLogAppender (GrpcLogAppender.java:timeoutAppendRequest(200)) - c2a73e63-4533-4661-ae84-dd5a39362559@group-AC8E2A32E389->91f926b5-2cb1-4722-b947-953fef106990-GrpcLogAppender: appendEntries Timeout, request=c2a73e63-4533-4661-ae84-dd5a39362559->91f926b5-2cb1-4722-b947-953fef106990#29-t2, previous=(t:2, i:20), leaderCommit=16, initializing? false, entries: <empty>
2019-09-11 21:55:54,048 [java.util.concurrent.ThreadPoolExecutor$Worker@73e5f658[State = -1, empty queue]] WARN  server.GrpcLogAppender (GrpcLogAppender.java:timeoutAppendRequest(200)) - c2a73e63-4533-4661-ae84-dd5a39362559@group-AC8E2A32E389->91f926b5-2cb1-4722-b947-953fef106990-GrpcLogAppender: appendEntries Timeout, request=c2a73e63-4533-4661-ae84-dd5a39362559->91f926b5-2cb1-4722-b947-953fef106990#30-t2, previous=(t:2, i:20), leaderCommit=16, initializing? false, entries: <empty>
2019-09-11 21:55:54,048 [java.util.concurrent.ThreadPoolExecutor$Worker@64e02fa4[State = -1, empty queue]] WARN  server.GrpcLogAppender (GrpcLogAppender.java:timeoutAppendRequest(200)) - c2a73e63-4533-4661-ae84-dd5a39362559@group-AC8E2A32E389->a5a7e056-72fb-437a-9ac2-af7573048f25-GrpcLogAppender: appendEntries Timeout, request=c2a73e63-4533-4661-ae84-dd5a39362559->a5a7e056-72fb-437a-9ac2-af7573048f25#30-t2, previous=(t:2, i:20), leaderCommit=16, initializing? false, entries: <empty>
2019-09-11 21:55:54,549 [java.util.concurrent.ThreadPoolExecutor$Worker@64e02fa4[State = -1, empty queue]] WARN  server.GrpcLogAppender (GrpcLogAppender.java:timeoutAppendRequest(200)) - c2a73e63-4533-4661-ae84-dd5a39362559@group-AC8E2A32E389->a5a7e056-72fb-437a-9ac2-af7573048f25-GrpcLogAppender: appendEntries Timeout, request=c2a73e63-4533-4661-ae84-dd5a39362559->a5a7e056-72fb-437a-9ac2-af7573048f25#31-t2, previous=(t:2, i:20), leaderCommit=16, initializing? false, entries: <empty>
2019-09-11 21:55:54,549 [java.util.concurrent.ThreadPoolExecutor$Worker@73e5f658[State = -1, empty queue]] WARN  server.GrpcLogAppender (GrpcLogAppender.java:timeoutAppendRequest(200)) - c2a73e63-4533-4661-ae84-dd5a39362559@group-AC8E2A32E389->91f926b5-2cb1-4722-b947-953fef106990-GrpcLogAppender: appendEntries Timeout, request=c2a73e63-4533-4661-ae84-dd5a39362559->91f926b5-2cb1-4722-b947-953fef106990#31-t2, previous=(t:2, i:20), leaderCommit=16, initializing? false, entries: <empty>
2019-09-11 21:55:55,049 [java.util.concurrent.ThreadPoolExecutor$Worker@73e5f658[State = -1, empty queue]] WARN  server.GrpcLogAppender (GrpcLogAppender.java:timeoutAppendRequest(200)) - c2a73e63-4533-4661-ae84-dd5a39362559@group-AC8E2A32E389->91f926b5-2cb1-4722-b947-953fef106990-GrpcLogAppender: appendEntries Timeout, request=c2a73e63-4533-4661-ae84-dd5a39362559->91f926b5-2cb1-4722-b947-953fef106990#32-t2, previous=(t:2, i:20), leaderCommit=16, initializing? false, entries: <empty>
2019-09-11 21:55:55,049 [java.util.concurrent.ThreadPoolExecutor$Worker@64e02fa4[State = -1, empty queue]] WARN  server.GrpcLogAppender (GrpcLogAppender.java:timeoutAppendRequest(200)) - c2a73e63-4533-4661-ae84-dd5a39362559@group-AC8E2A32E389->a5a7e056-72fb-437a-9ac2-af7573048f25-GrpcLogAppender: appendEntries Timeout, request=c2a73e63-4533-4661-ae84-dd5a39362559->a5a7e056-72fb-437a-9ac2-af7573048f25#32-t2, previous=(t:2, i:20), leaderCommit=16, initializing? false, entries: <empty>
2019-09-11 21:55:55,550 [java.util.concurrent.ThreadPoolExecutor$Worker@64e02fa4[State = -1, empty queue]] WARN  server.GrpcLogAppender (GrpcLogAppender.java:timeoutAppendRequest(200)) - c2a73e63-4533-4661-ae84-dd5a39362559@group-AC8E2A32E389->a5a7e056-72fb-437a-9ac2-af7573048f25-GrpcLogAppender: appendEntries Timeout, request=c2a73e63-4533-4661-ae84-dd5a39362559->a5a7e056-72fb-437a-9ac2-af7573048f25#33-t2, previous=(t:2, i:20), leaderCommit=16, initializing? false, entries: <empty>
2019-09-11 21:55:55,550 [java.util.concurrent.ThreadPoolExecutor$Worker@73e5f658[State = -1, empty queue]] WARN  server.GrpcLogAppender (GrpcLogAppender.java:timeoutAppendRequest(200)) - c2a73e63-4533-4661-ae84-dd5a39362559@group-AC8E2A32E389->91f926b5-2cb1-4722-b947-953fef106990-GrpcLogAppender: appendEntries Timeout, request=c2a73e63-4533-4661-ae84-dd5a39362559->91f926b5-2cb1-4722-b947-953fef106990#33-t2, previous=(t:2, i:20), leaderCommit=16, initializing? false, entries: <empty>
2019-09-11 21:55:56,051 [java.util.concurrent.ThreadPoolExecutor$Worker@73e5f658[State = -1, empty queue]] WARN  server.GrpcLogAppender (GrpcLogAppender.java:timeoutAppendRequest(200)) - c2a73e63-4533-4661-ae84-dd5a39362559@group-AC8E2A32E389->91f926b5-2cb1-4722-b947-953fef106990-GrpcLogAppender: appendEntries Timeout, request=c2a73e63-4533-4661-ae84-dd5a39362559->91f926b5-2cb1-4722-b947-953fef106990#34-t2, previous=(t:2, i:20), leaderCommit=16, initializing? false, entries: <empty>
2019-09-11 21:55:56,051 [java.util.concurrent.ThreadPoolExecutor$Worker@64e02fa4[State = -1, empty queue]] WARN  server.GrpcLogAppender (GrpcLogAppender.java:timeoutAppendRequest(200)) - c2a73e63-4533-4661-ae84-dd5a39362559@group-AC8E2A32E389->a5a7e056-72fb-437a-9ac2-af7573048f25-GrpcLogAppender: appendEntries Timeout, request=c2a73e63-4533-4661-ae84-dd5a39362559->a5a7e056-72fb-437a-9ac2-af7573048f25#34-t2, previous=(t:2, i:20), leaderCommit=16, initializing? false, entries: <empty>
2019-09-11 21:55:56,552 [java.util.concurrent.ThreadPoolExecutor$Worker@73e5f658[State = -1, empty queue]] WARN  server.GrpcLogAppender (GrpcLogAppender.java:timeoutAppendRequest(200)) - c2a73e63-4533-4661-ae84-dd5a39362559@group-AC8E2A32E389->91f926b5-2cb1-4722-b947-953fef106990-GrpcLogAppender: appendEntries Timeout, request=c2a73e63-4533-4661-ae84-dd5a39362559->91f926b5-2cb1-4722-b947-953fef106990#35-t2, previous=(t:2, i:20), leaderCommit=16, initializing? false, entries: <empty>
2019-09-11 21:55:56,552 [java.util.concurrent.ThreadPoolExecutor$Worker@64e02fa4[State = -1, empty queue]] WARN  server.GrpcLogAppender (GrpcLogAppender.java:timeoutAppendRequest(200)) - c2a73e63-4533-4661-ae84-dd5a39362559@group-AC8E2A32E389->a5a7e056-72fb-437a-9ac2-af7573048f25-GrpcLogAppender: appendEntries Timeout, request=c2a73e63-4533-4661-ae84-dd5a39362559->a5a7e056-72fb-437a-9ac2-af7573048f25#35-t2, previous=(t:2, i:20), leaderCommit=16, initializing? false, entries: <empty>
2019-09-11 21:55:56,638 [c2a73e63-4533-4661-ae84-dd5a39362559@group-AC8E2A32E389-SegmentedRaftLogWorker] WARN  segmented.SegmentedRaftLogWorker (SegmentedRaftLogWorker.java:getFromFuture(90)) - Timeout 0/~
org.apache.ratis.protocol.TimeoutIOException: Timeout 10s: WriteLog:19: (t:2, i:19), STATEMACHINELOGENTRY, client-50BBF47487D0, cid=30-writeStateMachineData
	at org.apache.ratis.util.IOUtils.getFromFuture(IOUtils.java:87)
	at org.apache.ratis.server.raftlog.segmented.SegmentedRaftLogWorker$StateMachineDataPolicy.getFromFuture(SegmentedRaftLogWorker.java:87)
	at org.apache.ratis.server.raftlog.segmented.SegmentedRaftLogWorker$WriteLog.execute(SegmentedRaftLogWorker.java:477)
	at org.apache.ratis.server.raftlog.segmented.SegmentedRaftLogWorker.run(SegmentedRaftLogWorker.java:289)
	at java.lang.Thread.run(Thread.java:748)
Caused by: java.util.concurrent.TimeoutException
	at java.util.concurrent.CompletableFuture.timedGet(CompletableFuture.java:1771)
	at java.util.concurrent.CompletableFuture.get(CompletableFuture.java:1915)
	at org.apache.ratis.util.IOUtils.getFromFuture(IOUtils.java:79)
	... 4 more
2019-09-11 21:55:56,655 [91f926b5-2cb1-4722-b947-953fef106990@group-AC8E2A32E389-SegmentedRaftLogWorker] WARN  segmented.SegmentedRaftLogWorker (SegmentedRaftLogWorker.java:getFromFuture(90)) - Timeout 0/~
org.apache.ratis.protocol.TimeoutIOException: Timeout 10s: WriteLog:19: (t:2, i:19), STATEMACHINELOGENTRY, client-50BBF47487D0, cid=30-writeStateMachineData
	at org.apache.ratis.util.IOUtils.getFromFuture(IOUtils.java:87)
	at org.apache.ratis.server.raftlog.segmented.SegmentedRaftLogWorker$StateMachineDataPolicy.getFromFuture(SegmentedRaftLogWorker.java:87)
	at org.apache.ratis.server.raftlog.segmented.SegmentedRaftLogWorker$WriteLog.execute(SegmentedRaftLogWorker.java:477)
	at org.apache.ratis.server.raftlog.segmented.SegmentedRaftLogWorker.run(SegmentedRaftLogWorker.java:289)
	at java.lang.Thread.run(Thread.java:748)
Caused by: java.util.concurrent.TimeoutException
	at java.util.concurrent.CompletableFuture.timedGet(CompletableFuture.java:1771)
	at java.util.concurrent.CompletableFuture.get(CompletableFuture.java:1915)
	at org.apache.ratis.util.IOUtils.getFromFuture(IOUtils.java:79)
	... 4 more
2019-09-11 21:55:56,655 [a5a7e056-72fb-437a-9ac2-af7573048f25@group-AC8E2A32E389-SegmentedRaftLogWorker] WARN  segmented.SegmentedRaftLogWorker (SegmentedRaftLogWorker.java:getFromFuture(90)) - Timeout 0/~
org.apache.ratis.protocol.TimeoutIOException: Timeout 10s: WriteLog:19: (t:2, i:19), STATEMACHINELOGENTRY, client-50BBF47487D0, cid=30-writeStateMachineData
	at org.apache.ratis.util.IOUtils.getFromFuture(IOUtils.java:87)
	at org.apache.ratis.server.raftlog.segmented.SegmentedRaftLogWorker$StateMachineDataPolicy.getFromFuture(SegmentedRaftLogWorker.java:87)
	at org.apache.ratis.server.raftlog.segmented.SegmentedRaftLogWorker$WriteLog.execute(SegmentedRaftLogWorker.java:477)
	at org.apache.ratis.server.raftlog.segmented.SegmentedRaftLogWorker.run(SegmentedRaftLogWorker.java:289)
	at java.lang.Thread.run(Thread.java:748)
Caused by: java.util.concurrent.TimeoutException
	at java.util.concurrent.CompletableFuture.timedGet(CompletableFuture.java:1771)
	at java.util.concurrent.CompletableFuture.get(CompletableFuture.java:1915)
	at org.apache.ratis.util.IOUtils.getFromFuture(IOUtils.java:79)
	... 4 more
2019-09-11 21:55:56,705 [grpc-default-executor-9] INFO  client.GrpcClientProtocolClient (GrpcClientProtocolClient.java:onNext(264)) - client-50BBF47487D0->91f926b5-2cb1-4722-b947-953fef106990: receive RaftClientReply:client-50BBF47487D0->91f926b5-2cb1-4722-b947-953fef106990@group-AC8E2A32E389, cid=28, FAILED org.apache.ratis.protocol.NotLeaderException: Server 91f926b5-2cb1-4722-b947-953fef106990@group-AC8E2A32E389 is not the leader c2a73e63-4533-4661-ae84-dd5a39362559:192.168.34.45:40043, logIndex=0, commits[91f926b5-2cb1-4722-b947-953fef106990:c16, a5a7e056-72fb-437a-9ac2-af7573048f25:c12, c2a73e63-4533-4661-ae84-dd5a39362559:c16]
2019-09-11 21:55:57,053 [java.util.concurrent.ThreadPoolExecutor$Worker@64e02fa4[State = -1, empty queue]] WARN  server.GrpcLogAppender (GrpcLogAppender.java:timeoutAppendRequest(200)) - c2a73e63-4533-4661-ae84-dd5a39362559@group-AC8E2A32E389->a5a7e056-72fb-437a-9ac2-af7573048f25-GrpcLogAppender: appendEntries Timeout, request=c2a73e63-4533-4661-ae84-dd5a39362559->a5a7e056-72fb-437a-9ac2-af7573048f25#36-t2, previous=(t:2, i:20), leaderCommit=16, initializing? false, entries: <empty>
2019-09-11 21:55:57,053 [java.util.concurrent.ThreadPoolExecutor$Worker@73e5f658[State = -1, empty queue]] WARN  server.GrpcLogAppender (GrpcLogAppender.java:timeoutAppendRequest(200)) - c2a73e63-4533-4661-ae84-dd5a39362559@group-AC8E2A32E389->91f926b5-2cb1-4722-b947-953fef106990-GrpcLogAppender: appendEntries Timeout, request=c2a73e63-4533-4661-ae84-dd5a39362559->91f926b5-2cb1-4722-b947-953fef106990#36-t2, previous=(t:2, i:20), leaderCommit=16, initializing? false, entries: <empty>
2019-09-11 21:55:57,555 [java.util.concurrent.ThreadPoolExecutor$Worker@73e5f658[State = -1, empty queue]] WARN  server.GrpcLogAppender (GrpcLogAppender.java:timeoutAppendRequest(200)) - c2a73e63-4533-4661-ae84-dd5a39362559@group-AC8E2A32E389->91f926b5-2cb1-4722-b947-953fef106990-GrpcLogAppender: appendEntries Timeout, request=c2a73e63-4533-4661-ae84-dd5a39362559->91f926b5-2cb1-4722-b947-953fef106990#37-t2, previous=(t:2, i:20), leaderCommit=16, initializing? false, entries: <empty>
2019-09-11 21:55:57,555 [java.util.concurrent.ThreadPoolExecutor$Worker@64e02fa4[State = -1, empty queue]] WARN  server.GrpcLogAppender (GrpcLogAppender.java:timeoutAppendRequest(200)) - c2a73e63-4533-4661-ae84-dd5a39362559@group-AC8E2A32E389->a5a7e056-72fb-437a-9ac2-af7573048f25-GrpcLogAppender: appendEntries Timeout, request=c2a73e63-4533-4661-ae84-dd5a39362559->a5a7e056-72fb-437a-9ac2-af7573048f25#37-t2, previous=(t:2, i:20), leaderCommit=16, initializing? false, entries: <empty>
2019-09-11 21:55:58,055 [java.util.concurrent.ThreadPoolExecutor$Worker@64e02fa4[State = -1, empty queue]] WARN  server.GrpcLogAppender (GrpcLogAppender.java:timeoutAppendRequest(200)) - c2a73e63-4533-4661-ae84-dd5a39362559@group-AC8E2A32E389->a5a7e056-72fb-437a-9ac2-af7573048f25-GrpcLogAppender: appendEntries Timeout, request=c2a73e63-4533-4661-ae84-dd5a39362559->a5a7e056-72fb-437a-9ac2-af7573048f25#38-t2, previous=(t:2, i:20), leaderCommit=16, initializing? false, entries: <empty>
2019-09-11 21:55:58,055 [java.util.concurrent.ThreadPoolExecutor$Worker@73e5f658[State = -1, empty queue]] WARN  server.GrpcLogAppender (GrpcLogAppender.java:timeoutAppendRequest(200)) - c2a73e63-4533-4661-ae84-dd5a39362559@group-AC8E2A32E389->91f926b5-2cb1-4722-b947-953fef106990-GrpcLogAppender: appendEntries Timeout, request=c2a73e63-4533-4661-ae84-dd5a39362559->91f926b5-2cb1-4722-b947-953fef106990#38-t2, previous=(t:2, i:20), leaderCommit=16, initializing? false, entries: <empty>
2019-09-11 21:55:58,556 [java.util.concurrent.ThreadPoolExecutor$Worker@73e5f658[State = -1, empty queue]] WARN  server.GrpcLogAppender (GrpcLogAppender.java:timeoutAppendRequest(200)) - c2a73e63-4533-4661-ae84-dd5a39362559@group-AC8E2A32E389->91f926b5-2cb1-4722-b947-953fef106990-GrpcLogAppender: appendEntries Timeout, request=c2a73e63-4533-4661-ae84-dd5a39362559->91f926b5-2cb1-4722-b947-953fef106990#39-t2, previous=(t:2, i:20), leaderCommit=16, initializing? false, entries: <empty>
2019-09-11 21:55:58,556 [java.util.concurrent.ThreadPoolExecutor$Worker@64e02fa4[State = -1, empty queue]] WARN  server.GrpcLogAppender (GrpcLogAppender.java:timeoutAppendRequest(200)) - c2a73e63-4533-4661-ae84-dd5a39362559@group-AC8E2A32E389->a5a7e056-72fb-437a-9ac2-af7573048f25-GrpcLogAppender: appendEntries Timeout, request=c2a73e63-4533-4661-ae84-dd5a39362559->a5a7e056-72fb-437a-9ac2-af7573048f25#39-t2, previous=(t:2, i:20), leaderCommit=16, initializing? false, entries: <empty>
2019-09-11 21:55:59,057 [java.util.concurrent.ThreadPoolExecutor$Worker@73e5f658[State = -1, empty queue]] WARN  server.GrpcLogAppender (GrpcLogAppender.java:timeoutAppendRequest(200)) - c2a73e63-4533-4661-ae84-dd5a39362559@group-AC8E2A32E389->91f926b5-2cb1-4722-b947-953fef106990-GrpcLogAppender: appendEntries Timeout, request=c2a73e63-4533-4661-ae84-dd5a39362559->91f926b5-2cb1-4722-b947-953fef106990#40-t2, previous=(t:2, i:20), leaderCommit=16, initializing? false, entries: <empty>
2019-09-11 21:55:59,057 [java.util.concurrent.ThreadPoolExecutor$Worker@64e02fa4[State = -1, empty queue]] WARN  server.GrpcLogAppender (GrpcLogAppender.java:timeoutAppendRequest(200)) - c2a73e63-4533-4661-ae84-dd5a39362559@group-AC8E2A32E389->a5a7e056-72fb-437a-9ac2-af7573048f25-GrpcLogAppender: appendEntries Timeout, request=c2a73e63-4533-4661-ae84-dd5a39362559->a5a7e056-72fb-437a-9ac2-af7573048f25#40-t2, previous=(t:2, i:20), leaderCommit=16, initializing? false, entries: <empty>
2019-09-11 21:55:59,557 [java.util.concurrent.ThreadPoolExecutor$Worker@73e5f658[State = -1, empty queue]] WARN  server.GrpcLogAppender (GrpcLogAppender.java:timeoutAppendRequest(200)) - c2a73e63-4533-4661-ae84-dd5a39362559@group-AC8E2A32E389->91f926b5-2cb1-4722-b947-953fef106990-GrpcLogAppender: appendEntries Timeout, request=c2a73e63-4533-4661-ae84-dd5a39362559->91f926b5-2cb1-4722-b947-953fef106990#41-t2, previous=(t:2, i:20), leaderCommit=16, initializing? false, entries: <empty>
2019-09-11 21:55:59,557 [java.util.concurrent.ThreadPoolExecutor$Worker@64e02fa4[State = -1, empty queue]] WARN  server.GrpcLogAppender (GrpcLogAppender.java:timeoutAppendRequest(200)) - c2a73e63-4533-4661-ae84-dd5a39362559@group-AC8E2A32E389->a5a7e056-72fb-437a-9ac2-af7573048f25-GrpcLogAppender: appendEntries Timeout, request=c2a73e63-4533-4661-ae84-dd5a39362559->a5a7e056-72fb-437a-9ac2-af7573048f25#41-t2, previous=(t:2, i:20), leaderCommit=16, initializing? false, entries: <empty>
2019-09-11 21:56:00,059 [java.util.concurrent.ThreadPoolExecutor$Worker@64e02fa4[State = -1, empty queue]] WARN  server.GrpcLogAppender (GrpcLogAppender.java:timeoutAppendRequest(200)) - c2a73e63-4533-4661-ae84-dd5a39362559@group-AC8E2A32E389->a5a7e056-72fb-437a-9ac2-af7573048f25-GrpcLogAppender: appendEntries Timeout, request=c2a73e63-4533-4661-ae84-dd5a39362559->a5a7e056-72fb-437a-9ac2-af7573048f25#42-t2, previous=(t:2, i:20), leaderCommit=16, initializing? false, entries: <empty>
2019-09-11 21:56:00,059 [java.util.concurrent.ThreadPoolExecutor$Worker@73e5f658[State = -1, empty queue]] WARN  server.GrpcLogAppender (GrpcLogAppender.java:timeoutAppendRequest(200)) - c2a73e63-4533-4661-ae84-dd5a39362559@group-AC8E2A32E389->91f926b5-2cb1-4722-b947-953fef106990-GrpcLogAppender: appendEntries Timeout, request=c2a73e63-4533-4661-ae84-dd5a39362559->91f926b5-2cb1-4722-b947-953fef106990#42-t2, previous=(t:2, i:20), leaderCommit=16, initializing? false, entries: <empty>
2019-09-11 21:56:00,562 [java.util.concurrent.ThreadPoolExecutor$Worker@64e02fa4[State = -1, empty queue]] WARN  server.GrpcLogAppender (GrpcLogAppender.java:timeoutAppendRequest(200)) - c2a73e63-4533-4661-ae84-dd5a39362559@group-AC8E2A32E389->a5a7e056-72fb-437a-9ac2-af7573048f25-GrpcLogAppender: appendEntries Timeout, request=c2a73e63-4533-4661-ae84-dd5a39362559->a5a7e056-72fb-437a-9ac2-af7573048f25#43-t2, previous=(t:2, i:20), leaderCommit=16, initializing? false, entries: <empty>
2019-09-11 21:56:00,562 [java.util.concurrent.ThreadPoolExecutor$Worker@73e5f658[State = -1, empty queue]] WARN  server.GrpcLogAppender (GrpcLogAppender.java:timeoutAppendRequest(200)) - c2a73e63-4533-4661-ae84-dd5a39362559@group-AC8E2A32E389->91f926b5-2cb1-4722-b947-953fef106990-GrpcLogAppender: appendEntries Timeout, request=c2a73e63-4533-4661-ae84-dd5a39362559->91f926b5-2cb1-4722-b947-953fef106990#43-t2, previous=(t:2, i:20), leaderCommit=16, initializing? false, entries: <empty>
2019-09-11 21:56:01,060 [java.util.concurrent.ThreadPoolExecutor$Worker@64e02fa4[State = -1, empty queue]] WARN  server.GrpcLogAppender (GrpcLogAppender.java:timeoutAppendRequest(200)) - c2a73e63-4533-4661-ae84-dd5a39362559@group-AC8E2A32E389->a5a7e056-72fb-437a-9ac2-af7573048f25-GrpcLogAppender: appendEntries Timeout, request=c2a73e63-4533-4661-ae84-dd5a39362559->a5a7e056-72fb-437a-9ac2-af7573048f25#44-t2, previous=(t:2, i:20), leaderCommit=16, initializing? false, entries: <empty>
2019-09-11 21:56:01,060 [java.util.concurrent.ThreadPoolExecutor$Worker@73e5f658[State = -1, empty queue]] WARN  server.GrpcLogAppender (GrpcLogAppender.java:timeoutAppendRequest(200)) - c2a73e63-4533-4661-ae84-dd5a39362559@group-AC8E2A32E389->91f926b5-2cb1-4722-b947-953fef106990-GrpcLogAppender: appendEntries Timeout, request=c2a73e63-4533-4661-ae84-dd5a39362559->91f926b5-2cb1-4722-b947-953fef106990#44-t2, previous=(t:2, i:20), leaderCommit=16, initializing? false, entries: <empty>
2019-09-11 21:56:01,561 [java.util.concurrent.ThreadPoolExecutor$Worker@64e02fa4[State = -1, empty queue]] WARN  server.GrpcLogAppender (GrpcLogAppender.java:timeoutAppendRequest(200)) - c2a73e63-4533-4661-ae84-dd5a39362559@group-AC8E2A32E389->a5a7e056-72fb-437a-9ac2-af7573048f25-GrpcLogAppender: appendEntries Timeout, request=c2a73e63-4533-4661-ae84-dd5a39362559->a5a7e056-72fb-437a-9ac2-af7573048f25#45-t2, previous=(t:2, i:20), leaderCommit=16, initializing? false, entries: <empty>
2019-09-11 21:56:01,561 [java.util.concurrent.ThreadPoolExecutor$Worker@73e5f658[State = -1, empty queue]] WARN  server.GrpcLogAppender (GrpcLogAppender.java:timeoutAppendRequest(200)) - c2a73e63-4533-4661-ae84-dd5a39362559@group-AC8E2A32E389->91f926b5-2cb1-4722-b947-953fef106990-GrpcLogAppender: appendEntries Timeout, request=c2a73e63-4533-4661-ae84-dd5a39362559->91f926b5-2cb1-4722-b947-953fef106990#45-t2, previous=(t:2, i:20), leaderCommit=16, initializing? false, entries: <empty>
2019-09-11 21:56:01,771 [grpc-default-executor-11] INFO  client.GrpcClientProtocolClient (GrpcClientProtocolClient.java:onNext(264)) - client-50BBF47487D0->91f926b5-2cb1-4722-b947-953fef106990: receive RaftClientReply:client-50BBF47487D0->91f926b5-2cb1-4722-b947-953fef106990@group-AC8E2A32E389, cid=28, FAILED org.apache.ratis.protocol.NotLeaderException: Server 91f926b5-2cb1-4722-b947-953fef106990@group-AC8E2A32E389 is not the leader c2a73e63-4533-4661-ae84-dd5a39362559:192.168.34.45:40043, logIndex=0, commits[91f926b5-2cb1-4722-b947-953fef106990:c16, a5a7e056-72fb-437a-9ac2-af7573048f25:c12, c2a73e63-4533-4661-ae84-dd5a39362559:c16]
2019-09-11 21:56:02,061 [java.util.concurrent.ThreadPoolExecutor$Worker@64e02fa4[State = -1, empty queue]] WARN  server.GrpcLogAppender (GrpcLogAppender.java:timeoutAppendRequest(200)) - c2a73e63-4533-4661-ae84-dd5a39362559@group-AC8E2A32E389->a5a7e056-72fb-437a-9ac2-af7573048f25-GrpcLogAppender: appendEntries Timeout, request=c2a73e63-4533-4661-ae84-dd5a39362559->a5a7e056-72fb-437a-9ac2-af7573048f25#46-t2, previous=(t:2, i:20), leaderCommit=16, initializing? false, entries: <empty>
2019-09-11 21:56:02,061 [java.util.concurrent.ThreadPoolExecutor$Worker@73e5f658[State = -1, empty queue]] WARN  server.GrpcLogAppender (GrpcLogAppender.java:timeoutAppendRequest(200)) - c2a73e63-4533-4661-ae84-dd5a39362559@group-AC8E2A32E389->91f926b5-2cb1-4722-b947-953fef106990-GrpcLogAppender: appendEntries Timeout, request=c2a73e63-4533-4661-ae84-dd5a39362559->91f926b5-2cb1-4722-b947-953fef106990#46-t2, previous=(t:2, i:20), leaderCommit=16, initializing? false, entries: <empty>
2019-09-11 21:56:02,562 [java.util.concurrent.ThreadPoolExecutor$Worker@73e5f658[State = -1, empty queue]] WARN  server.GrpcLogAppender (GrpcLogAppender.java:timeoutAppendRequest(200)) - c2a73e63-4533-4661-ae84-dd5a39362559@group-AC8E2A32E389->91f926b5-2cb1-4722-b947-953fef106990-GrpcLogAppender: appendEntries Timeout, request=c2a73e63-4533-4661-ae84-dd5a39362559->91f926b5-2cb1-4722-b947-953fef106990#47-t2, previous=(t:2, i:20), leaderCommit=16, initializing? false, entries: <empty>
2019-09-11 21:56:02,562 [java.util.concurrent.ThreadPoolExecutor$Worker@64e02fa4[State = -1, empty queue]] WARN  server.GrpcLogAppender (GrpcLogAppender.java:timeoutAppendRequest(200)) - c2a73e63-4533-4661-ae84-dd5a39362559@group-AC8E2A32E389->a5a7e056-72fb-437a-9ac2-af7573048f25-GrpcLogAppender: appendEntries Timeout, request=c2a73e63-4533-4661-ae84-dd5a39362559->a5a7e056-72fb-437a-9ac2-af7573048f25#47-t2, previous=(t:2, i:20), leaderCommit=16, initializing? false, entries: <empty>
2019-09-11 21:56:03,063 [java.util.concurrent.ThreadPoolExecutor$Worker@73e5f658[State = -1, empty queue]] WARN  server.GrpcLogAppender (GrpcLogAppender.java:timeoutAppendRequest(200)) - c2a73e63-4533-4661-ae84-dd5a39362559@group-AC8E2A32E389->91f926b5-2cb1-4722-b947-953fef106990-GrpcLogAppender: appendEntries Timeout, request=c2a73e63-4533-4661-ae84-dd5a39362559->91f926b5-2cb1-4722-b947-953fef106990#48-t2, previous=(t:2, i:20), leaderCommit=16, initializing? false, entries: <empty>
2019-09-11 21:56:03,063 [java.util.concurrent.ThreadPoolExecutor$Worker@64e02fa4[State = -1, empty queue]] WARN  server.GrpcLogAppender (GrpcLogAppender.java:timeoutAppendRequest(200)) - c2a73e63-4533-4661-ae84-dd5a39362559@group-AC8E2A32E389->a5a7e056-72fb-437a-9ac2-af7573048f25-GrpcLogAppender: appendEntries Timeout, request=c2a73e63-4533-4661-ae84-dd5a39362559->a5a7e056-72fb-437a-9ac2-af7573048f25#48-t2, previous=(t:2, i:20), leaderCommit=16, initializing? false, entries: <empty>
2019-09-11 21:56:03,563 [java.util.concurrent.ThreadPoolExecutor$Worker@64e02fa4[State = -1, empty queue]] WARN  server.GrpcLogAppender (GrpcLogAppender.java:timeoutAppendRequest(200)) - c2a73e63-4533-4661-ae84-dd5a39362559@group-AC8E2A32E389->a5a7e056-72fb-437a-9ac2-af7573048f25-GrpcLogAppender: appendEntries Timeout, request=c2a73e63-4533-4661-ae84-dd5a39362559->a5a7e056-72fb-437a-9ac2-af7573048f25#49-t2, previous=(t:2, i:20), leaderCommit=16, initializing? false, entries: <empty>
2019-09-11 21:56:03,563 [java.util.concurrent.ThreadPoolExecutor$Worker@73e5f658[State = -1, empty queue]] WARN  server.GrpcLogAppender (GrpcLogAppender.java:timeoutAppendRequest(200)) - c2a73e63-4533-4661-ae84-dd5a39362559@group-AC8E2A32E389->91f926b5-2cb1-4722-b947-953fef106990-GrpcLogAppender: appendEntries Timeout, request=c2a73e63-4533-4661-ae84-dd5a39362559->91f926b5-2cb1-4722-b947-953fef106990#49-t2, previous=(t:2, i:20), leaderCommit=16, initializing? false, entries: <empty>
2019-09-11 21:56:04,064 [java.util.concurrent.ThreadPoolExecutor$Worker@64e02fa4[State = -1, empty queue]] WARN  server.GrpcLogAppender (GrpcLogAppender.java:timeoutAppendRequest(200)) - c2a73e63-4533-4661-ae84-dd5a39362559@group-AC8E2A32E389->a5a7e056-72fb-437a-9ac2-af7573048f25-GrpcLogAppender: appendEntries Timeout, request=c2a73e63-4533-4661-ae84-dd5a39362559->a5a7e056-72fb-437a-9ac2-af7573048f25#50-t2, previous=(t:2, i:20), leaderCommit=16, initializing? false, entries: <empty>
2019-09-11 21:56:04,064 [java.util.concurrent.ThreadPoolExecutor$Worker@73e5f658[State = -1, empty queue]] WARN  server.GrpcLogAppender (GrpcLogAppender.java:timeoutAppendRequest(200)) - c2a73e63-4533-4661-ae84-dd5a39362559@group-AC8E2A32E389->91f926b5-2cb1-4722-b947-953fef106990-GrpcLogAppender: appendEntries Timeout, request=c2a73e63-4533-4661-ae84-dd5a39362559->91f926b5-2cb1-4722-b947-953fef106990#50-t2, previous=(t:2, i:20), leaderCommit=16, initializing? false, entries: <empty>
2019-09-11 21:56:04,565 [java.util.concurrent.ThreadPoolExecutor$Worker@64e02fa4[State = -1, empty queue]] WARN  server.GrpcLogAppender (GrpcLogAppender.java:timeoutAppendRequest(200)) - c2a73e63-4533-4661-ae84-dd5a39362559@group-AC8E2A32E389->a5a7e056-72fb-437a-9ac2-af7573048f25-GrpcLogAppender: appendEntries Timeout, request=c2a73e63-4533-4661-ae84-dd5a39362559->a5a7e056-72fb-437a-9ac2-af7573048f25#51-t2, previous=(t:2, i:20), leaderCommit=16, initializing? false, entries: <empty>
2019-09-11 21:56:04,565 [java.util.concurrent.ThreadPoolExecutor$Worker@73e5f658[State = -1, empty queue]] WARN  server.GrpcLogAppender (GrpcLogAppender.java:timeoutAppendRequest(200)) - c2a73e63-4533-4661-ae84-dd5a39362559@group-AC8E2A32E389->91f926b5-2cb1-4722-b947-953fef106990-GrpcLogAppender: appendEntries Timeout, request=c2a73e63-4533-4661-ae84-dd5a39362559->91f926b5-2cb1-4722-b947-953fef106990#51-t2, previous=(t:2, i:20), leaderCommit=16, initializing? false, entries: <empty>
2019-09-11 21:56:04,807 [main] WARN  io.KeyOutputStream (KeyOutputStream.java:handleException(276)) - Encountered exception java.io.IOException: Unexpected Storage Container Exception: java.util.concurrent.CompletionException: java.util.concurrent.CompletionException: org.apache.ratis.protocol.RaftRetryFailureException: Failed RaftClientRequest:client-50BBF47487D0->c2a73e63-4533-4661-ae84-dd5a39362559@group-AC8E2A32E389, cid=28, seq=9*, RW, org.apache.hadoop.hdds.scm.XceiverClientRatis$$Lambda$451/1069131391@7e5ea4c3 for 10 attempts with RetryLimited(maxAttempts=10, sleepTime=1000ms) on the pipeline Pipeline[ Id: 3022a5dc-24e7-4c49-a0cd-ac8e2a32e389, Nodes: a5a7e056-72fb-437a-9ac2-af7573048f25{ip: 192.168.34.45, host: pr-hdds-2106-g2ln6-2689029927, networkLocation: /default-rack, certSerialId: null}91f926b5-2cb1-4722-b947-953fef106990{ip: 192.168.34.45, host: pr-hdds-2106-g2ln6-2689029927, networkLocation: /default-rack, certSerialId: null}c2a73e63-4533-4661-ae84-dd5a39362559{ip: 192.168.34.45, host: pr-hdds-2106-g2ln6-2689029927, networkLocation: /default-rack, certSerialId: null}, Type:RATIS, Factor:THREE, State:OPEN]. The last committed block length is 0, uncommitted data length is 2097152 retry count 0
2019-09-11 21:56:05,030 [grpc-default-executor-9] INFO  client.GrpcClientProtocolClient (GrpcClientProtocolClient.java:onNext(264)) - client-BDC949EA7344->35b36fdc-90f8-4649-ab4a-4033b8c96817: receive RaftClientReply:client-BDC949EA7344->35b36fdc-90f8-4649-ab4a-4033b8c96817@group-9E5FA7894A87, cid=32, SUCCESS, logIndex=1, commits[35b36fdc-90f8-4649-ab4a-4033b8c96817:c1, cb19b877-b13a-4838-a0e1-b58882f3950d:c0, b94e9841-c110-46af-9cbb-637204d6ae15:c0]
2019-09-11 21:56:05,067 [java.util.concurrent.ThreadPoolExecutor$Worker@64e02fa4[State = -1, empty queue]] WARN  server.GrpcLogAppender (GrpcLogAppender.java:timeoutAppendRequest(200)) - c2a73e63-4533-4661-ae84-dd5a39362559@group-AC8E2A32E389->a5a7e056-72fb-437a-9ac2-af7573048f25-GrpcLogAppender: appendEntries Timeout, request=c2a73e63-4533-4661-ae84-dd5a39362559->a5a7e056-72fb-437a-9ac2-af7573048f25#52-t2, previous=(t:2, i:20), leaderCommit=16, initializing? false, entries: <empty>
2019-09-11 21:56:05,067 [java.util.concurrent.ThreadPoolExecutor$Worker@73e5f658[State = -1, empty queue]] WARN  server.GrpcLogAppender (GrpcLogAppender.java:timeoutAppendRequest(200)) - c2a73e63-4533-4661-ae84-dd5a39362559@group-AC8E2A32E389->91f926b5-2cb1-4722-b947-953fef106990-GrpcLogAppender: appendEntries Timeout, request=c2a73e63-4533-4661-ae84-dd5a39362559->91f926b5-2cb1-4722-b947-953fef106990#52-t2, previous=(t:2, i:20), leaderCommit=16, initializing? false, entries: <empty>
2019-09-11 21:56:05,100 [grpc-default-executor-9] INFO  client.GrpcClientProtocolClient (GrpcClientProtocolClient.java:onNext(264)) - client-BDC949EA7344->35b36fdc-90f8-4649-ab4a-4033b8c96817: receive RaftClientReply:client-BDC949EA7344->35b36fdc-90f8-4649-ab4a-4033b8c96817@group-9E5FA7894A87, cid=33, SUCCESS, logIndex=3, commits[35b36fdc-90f8-4649-ab4a-4033b8c96817:c8, cb19b877-b13a-4838-a0e1-b58882f3950d:c6, b94e9841-c110-46af-9cbb-637204d6ae15:c6]
2019-09-11 21:56:05,103 [grpc-default-executor-9] INFO  client.GrpcClientProtocolClient (GrpcClientProtocolClient.java:onNext(264)) - client-BDC949EA7344->35b36fdc-90f8-4649-ab4a-4033b8c96817: receive RaftClientReply:client-BDC949EA7344->35b36fdc-90f8-4649-ab4a-4033b8c96817@group-9E5FA7894A87, cid=34, SUCCESS, logIndex=4, commits[35b36fdc-90f8-4649-ab4a-4033b8c96817:c8, cb19b877-b13a-4838-a0e1-b58882f3950d:c6, b94e9841-c110-46af-9cbb-637204d6ae15:c6]
2019-09-11 21:56:05,163 [grpc-default-executor-9] INFO  client.GrpcClientProtocolClient (GrpcClientProtocolClient.java:onNext(264)) - client-BDC949EA7344->35b36fdc-90f8-4649-ab4a-4033b8c96817: receive RaftClientReply:client-BDC949EA7344->35b36fdc-90f8-4649-ab4a-4033b8c96817@group-9E5FA7894A87, cid=35, SUCCESS, logIndex=5, commits[35b36fdc-90f8-4649-ab4a-4033b8c96817:c8, cb19b877-b13a-4838-a0e1-b58882f3950d:c6, b94e9841-c110-46af-9cbb-637204d6ae15:c6]
2019-09-11 21:56:05,210 [grpc-default-executor-9] INFO  client.GrpcClientProtocolClient (GrpcClientProtocolClient.java:onNext(264)) - client-BDC949EA7344->35b36fdc-90f8-4649-ab4a-4033b8c96817: receive RaftClientReply:client-BDC949EA7344->35b36fdc-90f8-4649-ab4a-4033b8c96817@group-9E5FA7894A87, cid=36, SUCCESS, logIndex=9, commits[35b36fdc-90f8-4649-ab4a-4033b8c96817:c9, cb19b877-b13a-4838-a0e1-b58882f3950d:c8, b94e9841-c110-46af-9cbb-637204d6ae15:c6]
2019-09-11 21:56:05,212 [grpc-default-executor-5] INFO  client.GrpcClientProtocolClient (GrpcClientProtocolClient.java:onNext(264)) - client-BDC949EA7344->35b36fdc-90f8-4649-ab4a-4033b8c96817: receive RaftClientReply:client-BDC949EA7344->35b36fdc-90f8-4649-ab4a-4033b8c96817@group-9E5FA7894A87, cid=37, SUCCESS, logIndex=10, commits[35b36fdc-90f8-4649-ab4a-4033b8c96817:c10, cb19b877-b13a-4838-a0e1-b58882f3950d:c8, b94e9841-c110-46af-9cbb-637204d6ae15:c6]
2019-09-11 21:56:05,223 [grpc-default-executor-5] INFO  client.GrpcClientProtocolClient (GrpcClientProtocolClient.java:onNext(264)) - client-BDC949EA7344->35b36fdc-90f8-4649-ab4a-4033b8c96817: receive RaftClientReply:client-BDC949EA7344->35b36fdc-90f8-4649-ab4a-4033b8c96817@group-9E5FA7894A87, cid=38, SUCCESS, logIndex=11, commits[35b36fdc-90f8-4649-ab4a-4033b8c96817:c14, cb19b877-b13a-4838-a0e1-b58882f3950d:c10, b94e9841-c110-46af-9cbb-637204d6ae15:c8]
2019-09-11 21:56:05,224 [grpc-default-executor-5] INFO  client.GrpcClientProtocolClient (GrpcClientProtocolClient.java:onNext(264)) - client-BDC949EA7344->35b36fdc-90f8-4649-ab4a-4033b8c96817: receive RaftClientReply:client-BDC949EA7344->35b36fdc-90f8-4649-ab4a-4033b8c96817@group-9E5FA7894A87, cid=39, SUCCESS, logIndex=12, commits[35b36fdc-90f8-4649-ab4a-4033b8c96817:c14, cb19b877-b13a-4838-a0e1-b58882f3950d:c10, b94e9841-c110-46af-9cbb-637204d6ae15:c8]
2019-09-11 21:56:05,238 [grpc-default-executor-5] INFO  client.GrpcClientProtocolClient (GrpcClientProtocolClient.java:onNext(264)) - client-BDC949EA7344->35b36fdc-90f8-4649-ab4a-4033b8c96817: receive RaftClientReply:client-BDC949EA7344->35b36fdc-90f8-4649-ab4a-4033b8c96817@group-9E5FA7894A87, cid=40, SUCCESS, logIndex=0, commits[35b36fdc-90f8-4649-ab4a-4033b8c96817:c16, cb19b877-b13a-4838-a0e1-b58882f3950d:c14, b94e9841-c110-46af-9cbb-637204d6ae15:c13]
2019-09-11 21:56:05,240 [grpc-default-executor-5] INFO  client.GrpcClientProtocolClient (GrpcClientProtocolClient.java:onNext(264)) - client-BDC949EA7344->35b36fdc-90f8-4649-ab4a-4033b8c96817: receive RaftClientReply:client-BDC949EA7344->35b36fdc-90f8-4649-ab4a-4033b8c96817@group-9E5FA7894A87, cid=41, SUCCESS, logIndex=0, commits[35b36fdc-90f8-4649-ab4a-4033b8c96817:c16, cb19b877-b13a-4838-a0e1-b58882f3950d:c14, b94e9841-c110-46af-9cbb-637204d6ae15:c13]
2019-09-11 21:56:05,568 [java.util.concurrent.ThreadPoolExecutor$Worker@64e02fa4[State = -1, empty queue]] WARN  server.GrpcLogAppender (GrpcLogAppender.java:timeoutAppendRequest(200)) - c2a73e63-4533-4661-ae84-dd5a39362559@group-AC8E2A32E389->a5a7e056-72fb-437a-9ac2-af7573048f25-GrpcLogAppender: appendEntries Timeout, request=c2a73e63-4533-4661-ae84-dd5a39362559->a5a7e056-72fb-437a-9ac2-af7573048f25#53-t2, previous=(t:2, i:20), leaderCommit=16, initializing? false, entries: <empty>
2019-09-11 21:56:05,568 [java.util.concurrent.ThreadPoolExecutor$Worker@73e5f658[State = -1, empty queue]] WARN  server.GrpcLogAppender (GrpcLogAppender.java:timeoutAppendRequest(200)) - c2a73e63-4533-4661-ae84-dd5a39362559@group-AC8E2A32E389->91f926b5-2cb1-4722-b947-953fef106990-GrpcLogAppender: appendEntries Timeout, request=c2a73e63-4533-4661-ae84-dd5a39362559->91f926b5-2cb1-4722-b947-953fef106990#53-t2, previous=(t:2, i:20), leaderCommit=16, initializing? false, entries: <empty>
2019-09-11 21:56:06,069 [java.util.concurrent.ThreadPoolExecutor$Worker@73e5f658[State = -1, empty queue]] WARN  server.GrpcLogAppender (GrpcLogAppender.java:timeoutAppendRequest(200)) - c2a73e63-4533-4661-ae84-dd5a39362559@group-AC8E2A32E389->91f926b5-2cb1-4722-b947-953fef106990-GrpcLogAppender: appendEntries Timeout, request=c2a73e63-4533-4661-ae84-dd5a39362559->91f926b5-2cb1-4722-b947-953fef106990#54-t2, previous=(t:2, i:20), leaderCommit=16, initializing? false, entries: <empty>
2019-09-11 21:56:06,069 [java.util.concurrent.ThreadPoolExecutor$Worker@64e02fa4[State = -1, empty queue]] WARN  server.GrpcLogAppender (GrpcLogAppender.java:timeoutAppendRequest(200)) - c2a73e63-4533-4661-ae84-dd5a39362559@group-AC8E2A32E389->a5a7e056-72fb-437a-9ac2-af7573048f25-GrpcLogAppender: appendEntries Timeout, request=c2a73e63-4533-4661-ae84-dd5a39362559->a5a7e056-72fb-437a-9ac2-af7573048f25#54-t2, previous=(t:2, i:20), leaderCommit=16, initializing? false, entries: <empty>
2019-09-11 21:56:06,569 [java.util.concurrent.ThreadPoolExecutor$Worker@64e02fa4[State = -1, empty queue]] WARN  server.GrpcLogAppender (GrpcLogAppender.java:timeoutAppendRequest(200)) - c2a73e63-4533-4661-ae84-dd5a39362559@group-AC8E2A32E389->a5a7e056-72fb-437a-9ac2-af7573048f25-GrpcLogAppender: appendEntries Timeout, request=c2a73e63-4533-4661-ae84-dd5a39362559->a5a7e056-72fb-437a-9ac2-af7573048f25#55-t2, previous=(t:2, i:20), leaderCommit=16, initializing? false, entries: <empty>
2019-09-11 21:56:06,569 [java.util.concurrent.ThreadPoolExecutor$Worker@73e5f658[State = -1, empty queue]] WARN  server.GrpcLogAppender (GrpcLogAppender.java:timeoutAppendRequest(200)) - c2a73e63-4533-4661-ae84-dd5a39362559@group-AC8E2A32E389->91f926b5-2cb1-4722-b947-953fef106990-GrpcLogAppender: appendEntries Timeout, request=c2a73e63-4533-4661-ae84-dd5a39362559->91f926b5-2cb1-4722-b947-953fef106990#55-t2, previous=(t:2, i:20), leaderCommit=16, initializing? false, entries: <empty>
2019-09-11 21:56:06,642 [c2a73e63-4533-4661-ae84-dd5a39362559@group-AC8E2A32E389-SegmentedRaftLogWorker] WARN  segmented.SegmentedRaftLogWorker (SegmentedRaftLogWorker.java:getFromFuture(90)) - Timeout 1/~
org.apache.ratis.protocol.TimeoutIOException: Timeout 10s: WriteLog:19: (t:2, i:19), STATEMACHINELOGENTRY, client-50BBF47487D0, cid=30-writeStateMachineData
	at org.apache.ratis.util.IOUtils.getFromFuture(IOUtils.java:87)
	at org.apache.ratis.server.raftlog.segmented.SegmentedRaftLogWorker$StateMachineDataPolicy.getFromFuture(SegmentedRaftLogWorker.java:87)
	at org.apache.ratis.server.raftlog.segmented.SegmentedRaftLogWorker$WriteLog.execute(SegmentedRaftLogWorker.java:477)
	at org.apache.ratis.server.raftlog.segmented.SegmentedRaftLogWorker.run(SegmentedRaftLogWorker.java:289)
	at java.lang.Thread.run(Thread.java:748)
Caused by: java.util.concurrent.TimeoutException
	at java.util.concurrent.CompletableFuture.timedGet(CompletableFuture.java:1771)
	at java.util.concurrent.CompletableFuture.get(CompletableFuture.java:1915)
	at org.apache.ratis.util.IOUtils.getFromFuture(IOUtils.java:79)
	... 4 more
2019-09-11 21:56:06,656 [91f926b5-2cb1-4722-b947-953fef106990@group-AC8E2A32E389-SegmentedRaftLogWorker] WARN  segmented.SegmentedRaftLogWorker (SegmentedRaftLogWorker.java:getFromFuture(90)) - Timeout 1/~
org.apache.ratis.protocol.TimeoutIOException: Timeout 10s: WriteLog:19: (t:2, i:19), STATEMACHINELOGENTRY, client-50BBF47487D0, cid=30-writeStateMachineData
	at org.apache.ratis.util.IOUtils.getFromFuture(IOUtils.java:87)
	at org.apache.ratis.server.raftlog.segmented.SegmentedRaftLogWorker$StateMachineDataPolicy.getFromFuture(SegmentedRaftLogWorker.java:87)
	at org.apache.ratis.server.raftlog.segmented.SegmentedRaftLogWorker$WriteLog.execute(SegmentedRaftLogWorker.java:477)
	at org.apache.ratis.server.raftlog.segmented.SegmentedRaftLogWorker.run(SegmentedRaftLogWorker.java:289)
	at java.lang.Thread.run(Thread.java:748)
Caused by: java.util.concurrent.TimeoutException
	at java.util.concurrent.CompletableFuture.timedGet(CompletableFuture.java:1771)
	at java.util.concurrent.CompletableFuture.get(CompletableFuture.java:1915)
	at org.apache.ratis.util.IOUtils.getFromFuture(IOUtils.java:79)
	... 4 more
2019-09-11 21:56:06,657 [a5a7e056-72fb-437a-9ac2-af7573048f25@group-AC8E2A32E389-SegmentedRaftLogWorker] WARN  segmented.SegmentedRaftLogWorker (SegmentedRaftLogWorker.java:getFromFuture(90)) - Timeout 1/~
org.apache.ratis.protocol.TimeoutIOException: Timeout 10s: WriteLog:19: (t:2, i:19), STATEMACHINELOGENTRY, client-50BBF47487D0, cid=30-writeStateMachineData
	at org.apache.ratis.util.IOUtils.getFromFuture(IOUtils.java:87)
	at org.apache.ratis.server.raftlog.segmented.SegmentedRaftLogWorker$StateMachineDataPolicy.getFromFuture(SegmentedRaftLogWorker.java:87)
	at org.apache.ratis.server.raftlog.segmented.SegmentedRaftLogWorker$WriteLog.execute(SegmentedRaftLogWorker.java:477)
	at org.apache.ratis.server.raftlog.segmented.SegmentedRaftLogWorker.run(SegmentedRaftLogWorker.java:289)
	at java.lang.Thread.run(Thread.java:748)
Caused by: java.util.concurrent.TimeoutException
	at java.util.concurrent.CompletableFuture.timedGet(CompletableFuture.java:1771)
	at java.util.concurrent.CompletableFuture.get(CompletableFuture.java:1915)
	at org.apache.ratis.util.IOUtils.getFromFuture(IOUtils.java:79)
	... 4 more
2019-09-11 21:56:07,070 [java.util.concurrent.ThreadPoolExecutor$Worker@73e5f658[State = -1, empty queue]] WARN  server.GrpcLogAppender (GrpcLogAppender.java:timeoutAppendRequest(200)) - c2a73e63-4533-4661-ae84-dd5a39362559@group-AC8E2A32E389->91f926b5-2cb1-4722-b947-953fef106990-GrpcLogAppender: appendEntries Timeout, request=c2a73e63-4533-4661-ae84-dd5a39362559->91f926b5-2cb1-4722-b947-953fef106990#56-t2, previous=(t:2, i:20), leaderCommit=16, initializing? false, entries: <empty>
2019-09-11 21:56:07,070 [java.util.concurrent.ThreadPoolExecutor$Worker@64e02fa4[State = -1, empty queue]] WARN  server.GrpcLogAppender (GrpcLogAppender.java:timeoutAppendRequest(200)) - c2a73e63-4533-4661-ae84-dd5a39362559@group-AC8E2A32E389->a5a7e056-72fb-437a-9ac2-af7573048f25-GrpcLogAppender: appendEntries Timeout, request=c2a73e63-4533-4661-ae84-dd5a39362559->a5a7e056-72fb-437a-9ac2-af7573048f25#56-t2, previous=(t:2, i:20), leaderCommit=16, initializing? false, entries: <empty>
2019-09-11 21:56:07,570 [java.util.concurrent.ThreadPoolExecutor$Worker@64e02fa4[State = -1, empty queue]] WARN  server.GrpcLogAppender (GrpcLogAppender.java:timeoutAppendRequest(200)) - c2a73e63-4533-4661-ae84-dd5a39362559@group-AC8E2A32E389->a5a7e056-72fb-437a-9ac2-af7573048f25-GrpcLogAppender: appendEntries Timeout, request=c2a73e63-4533-4661-ae84-dd5a39362559->a5a7e056-72fb-437a-9ac2-af7573048f25#57-t2, previous=(t:2, i:20), leaderCommit=16, initializing? false, entries: <empty>
2019-09-11 21:56:07,570 [java.util.concurrent.ThreadPoolExecutor$Worker@73e5f658[State = -1, empty queue]] WARN  server.GrpcLogAppender (GrpcLogAppender.java:timeoutAppendRequest(200)) - c2a73e63-4533-4661-ae84-dd5a39362559@group-AC8E2A32E389->91f926b5-2cb1-4722-b947-953fef106990-GrpcLogAppender: appendEntries Timeout, request=c2a73e63-4533-4661-ae84-dd5a39362559->91f926b5-2cb1-4722-b947-953fef106990#57-t2, previous=(t:2, i:20), leaderCommit=16, initializing? false, entries: <empty>
2019-09-11 21:56:08,071 [java.util.concurrent.ThreadPoolExecutor$Worker@64e02fa4[State = -1, empty queue]] WARN  server.GrpcLogAppender (GrpcLogAppender.java:timeoutAppendRequest(200)) - c2a73e63-4533-4661-ae84-dd5a39362559@group-AC8E2A32E389->a5a7e056-72fb-437a-9ac2-af7573048f25-GrpcLogAppender: appendEntries Timeout, request=c2a73e63-4533-4661-ae84-dd5a39362559->a5a7e056-72fb-437a-9ac2-af7573048f25#58-t2, previous=(t:2, i:20), leaderCommit=16, initializing? false, entries: <empty>
2019-09-11 21:56:08,071 [java.util.concurrent.ThreadPoolExecutor$Worker@73e5f658[State = -1, empty queue]] WARN  server.GrpcLogAppender (GrpcLogAppender.java:timeoutAppendRequest(200)) - c2a73e63-4533-4661-ae84-dd5a39362559@group-AC8E2A32E389->91f926b5-2cb1-4722-b947-953fef106990-GrpcLogAppender: appendEntries Timeout, request=c2a73e63-4533-4661-ae84-dd5a39362559->91f926b5-2cb1-4722-b947-953fef106990#58-t2, previous=(t:2, i:20), leaderCommit=16, initializing? false, entries: <empty>
2019-09-11 21:56:08,254 [java.util.concurrent.ThreadPoolExecutor$Worker@4f353d25[State = -1, empty queue]] WARN  server.GrpcLogAppender (GrpcLogAppender.java:timeoutAppendRequest(200)) - 35b36fdc-90f8-4649-ab4a-4033b8c96817@group-9E5FA7894A87->cb19b877-b13a-4838-a0e1-b58882f3950d-GrpcLogAppender: appendEntries Timeout, request=35b36fdc-90f8-4649-ab4a-4033b8c96817->cb19b877-b13a-4838-a0e1-b58882f3950d#56-t2, previous=(t:2, i:16), leaderCommit=16, initializing? false, entries: size=1, first=(t:2, i:17), STATEMACHINELOGENTRY, client-BDC949EA7344, cid=42
2019-09-11 21:56:08,254 [java.util.concurrent.ThreadPoolExecutor$Worker@6ae5f1f8[State = -1, empty queue]] WARN  server.GrpcLogAppender (GrpcLogAppender.java:timeoutAppendRequest(200)) - 35b36fdc-90f8-4649-ab4a-4033b8c96817@group-9E5FA7894A87->b94e9841-c110-46af-9cbb-637204d6ae15-GrpcLogAppender: appendEntries Timeout, request=35b36fdc-90f8-4649-ab4a-4033b8c96817->b94e9841-c110-46af-9cbb-637204d6ae15#56-t2, previous=(t:2, i:16), leaderCommit=16, initializing? false, entries: size=1, first=(t:2, i:17), STATEMACHINELOGENTRY, client-BDC949EA7344, cid=42
2019-09-11 21:56:08,254 [java.util.concurrent.ThreadPoolExecutor$Worker@4f353d25[State = -1, empty queue]] WARN  server.GrpcLogAppender (GrpcLogAppender.java:timeoutAppendRequest(200)) - 35b36fdc-90f8-4649-ab4a-4033b8c96817@group-9E5FA7894A87->cb19b877-b13a-4838-a0e1-b58882f3950d-GrpcLogAppender: appendEntries Timeout, request=35b36fdc-90f8-4649-ab4a-4033b8c96817->cb19b877-b13a-4838-a0e1-b58882f3950d#57-t2, previous=(t:2, i:17), leaderCommit=16, initializing? false, entries: size=1, first=(t:2, i:18), STATEMACHINELOGENTRY, client-BDC949EA7344, cid=43
2019-09-11 21:56:08,257 [java.util.concurrent.ThreadPoolExecutor$Worker@6ae5f1f8[State = -1, empty queue]] WARN  server.GrpcLogAppender (GrpcLogAppender.java:timeoutAppendRequest(200)) - 35b36fdc-90f8-4649-ab4a-4033b8c96817@group-9E5FA7894A87->b94e9841-c110-46af-9cbb-637204d6ae15-GrpcLogAppender: appendEntries Timeout, request=35b36fdc-90f8-4649-ab4a-4033b8c96817->b94e9841-c110-46af-9cbb-637204d6ae15#57-t2, previous=(t:2, i:17), leaderCommit=16, initializing? false, entries: size=1, first=(t:2, i:18), STATEMACHINELOGENTRY, client-BDC949EA7344, cid=43
2019-09-11 21:56:08,466 [java.util.concurrent.ThreadPoolExecutor$Worker@4f353d25[State = -1, empty queue]] WARN  server.GrpcLogAppender (GrpcLogAppender.java:timeoutAppendRequest(200)) - 35b36fdc-90f8-4649-ab4a-4033b8c96817@group-9E5FA7894A87->cb19b877-b13a-4838-a0e1-b58882f3950d-GrpcLogAppender: appendEntries Timeout, request=35b36fdc-90f8-4649-ab4a-4033b8c96817->cb19b877-b13a-4838-a0e1-b58882f3950d#58-t2, previous=(t:2, i:18), leaderCommit=16, initializing? false, entries: size=1, first=(t:2, i:19), STATEMACHINELOGENTRY, client-BDC949EA7344, cid=44
2019-09-11 21:56:08,466 [java.util.concurrent.ThreadPoolExecutor$Worker@6ae5f1f8[State = -1, empty queue]] WARN  server.GrpcLogAppender (GrpcLogAppender.java:timeoutAppendRequest(200)) - 35b36fdc-90f8-4649-ab4a-4033b8c96817@group-9E5FA7894A87->b94e9841-c110-46af-9cbb-637204d6ae15-GrpcLogAppender: appendEntries Timeout, request=35b36fdc-90f8-4649-ab4a-4033b8c96817->b94e9841-c110-46af-9cbb-637204d6ae15#58-t2, previous=(t:2, i:18), leaderCommit=16, initializing? false, entries: size=1, first=(t:2, i:19), STATEMACHINELOGENTRY, client-BDC949EA7344, cid=44
2019-09-11 21:56:08,475 [java.util.concurrent.ThreadPoolExecutor$Worker@6ae5f1f8[State = -1, empty queue]] WARN  server.GrpcLogAppender (GrpcLogAppender.java:timeoutAppendRequest(200)) - 35b36fdc-90f8-4649-ab4a-4033b8c96817@group-9E5FA7894A87->b94e9841-c110-46af-9cbb-637204d6ae15-GrpcLogAppender: appendEntries Timeout, request=35b36fdc-90f8-4649-ab4a-4033b8c96817->b94e9841-c110-46af-9cbb-637204d6ae15#59-t2, previous=(t:2, i:19), leaderCommit=16, initializing? false, entries: size=1, first=(t:2, i:20), STATEMACHINELOGENTRY, client-BDC949EA7344, cid=45
2019-09-11 21:56:08,475 [java.util.concurrent.ThreadPoolExecutor$Worker@4f353d25[State = -1, empty queue]] WARN  server.GrpcLogAppender (GrpcLogAppender.java:timeoutAppendRequest(200)) - 35b36fdc-90f8-4649-ab4a-4033b8c96817@group-9E5FA7894A87->cb19b877-b13a-4838-a0e1-b58882f3950d-GrpcLogAppender: appendEntries Timeout, request=35b36fdc-90f8-4649-ab4a-4033b8c96817->cb19b877-b13a-4838-a0e1-b58882f3950d#59-t2, previous=(t:2, i:19), leaderCommit=16, initializing? false, entries: size=1, first=(t:2, i:20), STATEMACHINELOGENTRY, client-BDC949EA7344, cid=45
2019-09-11 21:56:08,572 [java.util.concurrent.ThreadPoolExecutor$Worker@73e5f658[State = -1, empty queue]] WARN  server.GrpcLogAppender (GrpcLogAppender.java:timeoutAppendRequest(200)) - c2a73e63-4533-4661-ae84-dd5a39362559@group-AC8E2A32E389->91f926b5-2cb1-4722-b947-953fef106990-GrpcLogAppender: appendEntries Timeout, request=c2a73e63-4533-4661-ae84-dd5a39362559->91f926b5-2cb1-4722-b947-953fef106990#59-t2, previous=(t:2, i:20), leaderCommit=16, initializing? false, entries: <empty>
2019-09-11 21:56:08,572 [java.util.concurrent.ThreadPoolExecutor$Worker@64e02fa4[State = -1, empty queue]] WARN  server.GrpcLogAppender (GrpcLogAppender.java:timeoutAppendRequest(200)) - c2a73e63-4533-4661-ae84-dd5a39362559@group-AC8E2A32E389->a5a7e056-72fb-437a-9ac2-af7573048f25-GrpcLogAppender: appendEntries Timeout, request=c2a73e63-4533-4661-ae84-dd5a39362559->a5a7e056-72fb-437a-9ac2-af7573048f25#59-t2, previous=(t:2, i:20), leaderCommit=16, initializing? false, entries: <empty>
2019-09-11 21:56:08,967 [java.util.concurrent.ThreadPoolExecutor$Worker@6ae5f1f8[State = -1, empty queue]] WARN  server.GrpcLogAppender (GrpcLogAppender.java:timeoutAppendRequest(200)) - 35b36fdc-90f8-4649-ab4a-4033b8c96817@group-9E5FA7894A87->b94e9841-c110-46af-9cbb-637204d6ae15-GrpcLogAppender: appendEntries Timeout, request=35b36fdc-90f8-4649-ab4a-4033b8c96817->b94e9841-c110-46af-9cbb-637204d6ae15#60-t2, previous=(t:2, i:20), leaderCommit=16, initializing? false, entries: <empty>
2019-09-11 21:56:08,967 [java.util.concurrent.ThreadPoolExecutor$Worker@4f353d25[State = -1, empty queue]] WARN  server.GrpcLogAppender (GrpcLogAppender.java:timeoutAppendRequest(200)) - 35b36fdc-90f8-4649-ab4a-4033b8c96817@group-9E5FA7894A87->cb19b877-b13a-4838-a0e1-b58882f3950d-GrpcLogAppender: appendEntries Timeout, request=35b36fdc-90f8-4649-ab4a-4033b8c96817->cb19b877-b13a-4838-a0e1-b58882f3950d#60-t2, previous=(t:2, i:20), leaderCommit=16, initializing? false, entries: <empty>
2019-09-11 21:56:09,072 [java.util.concurrent.ThreadPoolExecutor$Worker@73e5f658[State = -1, empty queue]] WARN  server.GrpcLogAppender (GrpcLogAppender.java:timeoutAppendRequest(200)) - c2a73e63-4533-4661-ae84-dd5a39362559@group-AC8E2A32E389->91f926b5-2cb1-4722-b947-953fef106990-GrpcLogAppender: appendEntries Timeout, request=c2a73e63-4533-4661-ae84-dd5a39362559->91f926b5-2cb1-4722-b947-953fef106990#60-t2, previous=(t:2, i:20), leaderCommit=16, initializing? false, entries: <empty>
2019-09-11 21:56:09,072 [java.util.concurrent.ThreadPoolExecutor$Worker@64e02fa4[State = -1, empty queue]] WARN  server.GrpcLogAppender (GrpcLogAppender.java:timeoutAppendRequest(200)) - c2a73e63-4533-4661-ae84-dd5a39362559@group-AC8E2A32E389->a5a7e056-72fb-437a-9ac2-af7573048f25-GrpcLogAppender: appendEntries Timeout, request=c2a73e63-4533-4661-ae84-dd5a39362559->a5a7e056-72fb-437a-9ac2-af7573048f25#60-t2, previous=(t:2, i:20), leaderCommit=16, initializing? false, entries: <empty>
2019-09-11 21:56:09,468 [java.util.concurrent.ThreadPoolExecutor$Worker@6ae5f1f8[State = -1, empty queue]] WARN  server.GrpcLogAppender (GrpcLogAppender.java:timeoutAppendRequest(200)) - 35b36fdc-90f8-4649-ab4a-4033b8c96817@group-9E5FA7894A87->b94e9841-c110-46af-9cbb-637204d6ae15-GrpcLogAppender: appendEntries Timeout, request=35b36fdc-90f8-4649-ab4a-4033b8c96817->b94e9841-c110-46af-9cbb-637204d6ae15#61-t2, previous=(t:2, i:20), leaderCommit=16, initializing? false, entries: <empty>
2019-09-11 21:56:09,468 [java.util.concurrent.ThreadPoolExecutor$Worker@4f353d25[State = -1, empty queue]] WARN  server.GrpcLogAppender (GrpcLogAppender.java:timeoutAppendRequest(200)) - 35b36fdc-90f8-4649-ab4a-4033b8c96817@group-9E5FA7894A87->cb19b877-b13a-4838-a0e1-b58882f3950d-GrpcLogAppender: appendEntries Timeout, request=35b36fdc-90f8-4649-ab4a-4033b8c96817->cb19b877-b13a-4838-a0e1-b58882f3950d#61-t2, previous=(t:2, i:20), leaderCommit=16, initializing? false, entries: <empty>
2019-09-11 21:56:09,572 [java.util.concurrent.ThreadPoolExecutor$Worker@73e5f658[State = -1, empty queue]] WARN  server.GrpcLogAppender (GrpcLogAppender.java:timeoutAppendRequest(200)) - c2a73e63-4533-4661-ae84-dd5a39362559@group-AC8E2A32E389->91f926b5-2cb1-4722-b947-953fef106990-GrpcLogAppender: appendEntries Timeout, request=c2a73e63-4533-4661-ae84-dd5a39362559->91f926b5-2cb1-4722-b947-953fef106990#61-t2, previous=(t:2, i:20), leaderCommit=16, initializing? false, entries: <empty>
2019-09-11 21:56:09,572 [java.util.concurrent.ThreadPoolExecutor$Worker@64e02fa4[State = -1, empty queue]] WARN  server.GrpcLogAppender (GrpcLogAppender.java:timeoutAppendRequest(200)) - c2a73e63-4533-4661-ae84-dd5a39362559@group-AC8E2A32E389->a5a7e056-72fb-437a-9ac2-af7573048f25-GrpcLogAppender: appendEntries Timeout, request=c2a73e63-4533-4661-ae84-dd5a39362559->a5a7e056-72fb-437a-9ac2-af7573048f25#61-t2, previous=(t:2, i:20), leaderCommit=16, initializing? false, entries: <empty>
2019-09-11 21:56:09,968 [java.util.concurrent.ThreadPoolExecutor$Worker@4f353d25[State = -1, empty queue]] WARN  server.GrpcLogAppender (GrpcLogAppender.java:timeoutAppendRequest(200)) - 35b36fdc-90f8-4649-ab4a-4033b8c96817@group-9E5FA7894A87->cb19b877-b13a-4838-a0e1-b58882f3950d-GrpcLogAppender: appendEntries Timeout, request=35b36fdc-90f8-4649-ab4a-4033b8c96817->cb19b877-b13a-4838-a0e1-b58882f3950d#62-t2, previous=(t:2, i:20), leaderCommit=16, initializing? false, entries: <empty>
2019-09-11 21:56:09,968 [java.util.concurrent.ThreadPoolExecutor$Worker@6ae5f1f8[State = -1, empty queue]] WARN  server.GrpcLogAppender (GrpcLogAppender.java:timeoutAppendRequest(200)) - 35b36fdc-90f8-4649-ab4a-4033b8c96817@group-9E5FA7894A87->b94e9841-c110-46af-9cbb-637204d6ae15-GrpcLogAppender: appendEntries Timeout, request=35b36fdc-90f8-4649-ab4a-4033b8c96817->b94e9841-c110-46af-9cbb-637204d6ae15#62-t2, previous=(t:2, i:20), leaderCommit=16, initializing? false, entries: <empty>
2019-09-11 21:56:10,073 [java.util.concurrent.ThreadPoolExecutor$Worker@64e02fa4[State = -1, empty queue]] WARN  server.GrpcLogAppender (GrpcLogAppender.java:timeoutAppendRequest(200)) - c2a73e63-4533-4661-ae84-dd5a39362559@group-AC8E2A32E389->a5a7e056-72fb-437a-9ac2-af7573048f25-GrpcLogAppender: appendEntries Timeout, request=c2a73e63-4533-4661-ae84-dd5a39362559->a5a7e056-72fb-437a-9ac2-af7573048f25#62-t2, previous=(t:2, i:20), leaderCommit=16, initializing? false, entries: <empty>
2019-09-11 21:56:10,073 [java.util.concurrent.ThreadPoolExecutor$Worker@73e5f658[State = -1, empty queue]] WARN  server.GrpcLogAppender (GrpcLogAppender.java:timeoutAppendRequest(200)) - c2a73e63-4533-4661-ae84-dd5a39362559@group-AC8E2A32E389->91f926b5-2cb1-4722-b947-953fef106990-GrpcLogAppender: appendEntries Timeout, request=c2a73e63-4533-4661-ae84-dd5a39362559->91f926b5-2cb1-4722-b947-953fef106990#62-t2, previous=(t:2, i:20), leaderCommit=16, initializing? false, entries: <empty>
2019-09-11 21:56:10,302 [grpc-default-executor-11] INFO  client.GrpcClientProtocolClient (GrpcClientProtocolClient.java:onNext(264)) - client-BDC949EA7344->b94e9841-c110-46af-9cbb-637204d6ae15: receive RaftClientReply:client-BDC949EA7344->b94e9841-c110-46af-9cbb-637204d6ae15@group-9E5FA7894A87, cid=42, FAILED org.apache.ratis.protocol.NotLeaderException: Server b94e9841-c110-46af-9cbb-637204d6ae15@group-9E5FA7894A87 is not the leader 35b36fdc-90f8-4649-ab4a-4033b8c96817:192.168.34.45:35400, logIndex=0, commits[b94e9841-c110-46af-9cbb-637204d6ae15:c16, cb19b877-b13a-4838-a0e1-b58882f3950d:c14, 35b36fdc-90f8-4649-ab4a-4033b8c96817:c16]
2019-09-11 21:56:10,469 [java.util.concurrent.ThreadPoolExecutor$Worker@6ae5f1f8[State = -1, empty queue]] WARN  server.GrpcLogAppender (GrpcLogAppender.java:timeoutAppendRequest(200)) - 35b36fdc-90f8-4649-ab4a-4033b8c96817@group-9E5FA7894A87->b94e9841-c110-46af-9cbb-637204d6ae15-GrpcLogAppender: appendEntries Timeout, request=35b36fdc-90f8-4649-ab4a-4033b8c96817->b94e9841-c110-46af-9cbb-637204d6ae15#63-t2, previous=(t:2, i:20), leaderCommit=16, initializing? false, entries: <empty>
2019-09-11 21:56:10,469 [java.util.concurrent.ThreadPoolExecutor$Worker@4f353d25[State = -1, empty queue]] WARN  server.GrpcLogAppender (GrpcLogAppender.java:timeoutAppendRequest(200)) - 35b36fdc-90f8-4649-ab4a-4033b8c96817@group-9E5FA7894A87->cb19b877-b13a-4838-a0e1-b58882f3950d-GrpcLogAppender: appendEntries Timeout, request=35b36fdc-90f8-4649-ab4a-4033b8c96817->cb19b877-b13a-4838-a0e1-b58882f3950d#63-t2, previous=(t:2, i:20), leaderCommit=16, initializing? false, entries: <empty>
2019-09-11 21:56:10,574 [java.util.concurrent.ThreadPoolExecutor$Worker@73e5f658[State = -1, empty queue]] WARN  server.GrpcLogAppender (GrpcLogAppender.java:timeoutAppendRequest(200)) - c2a73e63-4533-4661-ae84-dd5a39362559@group-AC8E2A32E389->91f926b5-2cb1-4722-b947-953fef106990-GrpcLogAppender: appendEntries Timeout, request=c2a73e63-4533-4661-ae84-dd5a39362559->91f926b5-2cb1-4722-b947-953fef106990#63-t2, previous=(t:2, i:20), leaderCommit=16, initializing? false, entries: <empty>
2019-09-11 21:56:10,574 [java.util.concurrent.ThreadPoolExecutor$Worker@64e02fa4[State = -1, empty queue]] WARN  server.GrpcLogAppender (GrpcLogAppender.java:timeoutAppendRequest(200)) - c2a73e63-4533-4661-ae84-dd5a39362559@group-AC8E2A32E389->a5a7e056-72fb-437a-9ac2-af7573048f25-GrpcLogAppender: appendEntries Timeout, request=c2a73e63-4533-4661-ae84-dd5a39362559->a5a7e056-72fb-437a-9ac2-af7573048f25#63-t2, previous=(t:2, i:20), leaderCommit=16, initializing? false, entries: <empty>
2019-09-11 21:56:10,969 [java.util.concurrent.ThreadPoolExecutor$Worker@6ae5f1f8[State = -1, empty queue]] WARN  server.GrpcLogAppender (GrpcLogAppender.java:timeoutAppendRequest(200)) - 35b36fdc-90f8-4649-ab4a-4033b8c96817@group-9E5FA7894A87->b94e9841-c110-46af-9cbb-637204d6ae15-GrpcLogAppender: appendEntries Timeout, request=35b36fdc-90f8-4649-ab4a-4033b8c96817->b94e9841-c110-46af-9cbb-637204d6ae15#64-t2, previous=(t:2, i:20), leaderCommit=16, initializing? false, entries: <empty>
2019-09-11 21:56:10,969 [java.util.concurrent.ThreadPoolExecutor$Worker@4f353d25[State = -1, empty queue]] WARN  server.GrpcLogAppender (GrpcLogAppender.java:timeoutAppendRequest(200)) - 35b36fdc-90f8-4649-ab4a-4033b8c96817@group-9E5FA7894A87->cb19b877-b13a-4838-a0e1-b58882f3950d-GrpcLogAppender: appendEntries Timeout, request=35b36fdc-90f8-4649-ab4a-4033b8c96817->cb19b877-b13a-4838-a0e1-b58882f3950d#64-t2, previous=(t:2, i:20), leaderCommit=16, initializing? false, entries: <empty>
2019-09-11 21:56:11,074 [java.util.concurrent.ThreadPoolExecutor$Worker@73e5f658[State = -1, empty queue]] WARN  server.GrpcLogAppender (GrpcLogAppender.java:timeoutAppendRequest(200)) - c2a73e63-4533-4661-ae84-dd5a39362559@group-AC8E2A32E389->91f926b5-2cb1-4722-b947-953fef106990-GrpcLogAppender: appendEntries Timeout, request=c2a73e63-4533-4661-ae84-dd5a39362559->91f926b5-2cb1-4722-b947-953fef106990#64-t2, previous=(t:2, i:20), leaderCommit=16, initializing? false, entries: <empty>
2019-09-11 21:56:11,074 [java.util.concurrent.ThreadPoolExecutor$Worker@64e02fa4[State = -1, empty queue]] WARN  server.GrpcLogAppender (GrpcLogAppender.java:timeoutAppendRequest(200)) - c2a73e63-4533-4661-ae84-dd5a39362559@group-AC8E2A32E389->a5a7e056-72fb-437a-9ac2-af7573048f25-GrpcLogAppender: appendEntries Timeout, request=c2a73e63-4533-4661-ae84-dd5a39362559->a5a7e056-72fb-437a-9ac2-af7573048f25#64-t2, previous=(t:2, i:20), leaderCommit=16, initializing? false, entries: <empty>
2019-09-11 21:56:11,472 [java.util.concurrent.ThreadPoolExecutor$Worker@6ae5f1f8[State = -1, empty queue]] WARN  server.GrpcLogAppender (GrpcLogAppender.java:timeoutAppendRequest(200)) - 35b36fdc-90f8-4649-ab4a-4033b8c96817@group-9E5FA7894A87->b94e9841-c110-46af-9cbb-637204d6ae15-GrpcLogAppender: appendEntries Timeout, request=35b36fdc-90f8-4649-ab4a-4033b8c96817->b94e9841-c110-46af-9cbb-637204d6ae15#65-t2, previous=(t:2, i:20), leaderCommit=16, initializing? false, entries: <empty>
2019-09-11 21:56:11,472 [java.util.concurrent.ThreadPoolExecutor$Worker@4f353d25[State = -1, empty queue]] WARN  server.GrpcLogAppender (GrpcLogAppender.java:timeoutAppendRequest(200)) - 35b36fdc-90f8-4649-ab4a-4033b8c96817@group-9E5FA7894A87->cb19b877-b13a-4838-a0e1-b58882f3950d-GrpcLogAppender: appendEntries Timeout, request=35b36fdc-90f8-4649-ab4a-4033b8c96817->cb19b877-b13a-4838-a0e1-b58882f3950d#65-t2, previous=(t:2, i:20), leaderCommit=16, initializing? false, entries: <empty>
2019-09-11 21:56:11,579 [java.util.concurrent.ThreadPoolExecutor$Worker@73e5f658[State = -1, empty queue]] WARN  server.GrpcLogAppender (GrpcLogAppender.java:timeoutAppendRequest(200)) - c2a73e63-4533-4661-ae84-dd5a39362559@group-AC8E2A32E389->91f926b5-2cb1-4722-b947-953fef106990-GrpcLogAppender: appendEntries Timeout, request=c2a73e63-4533-4661-ae84-dd5a39362559->91f926b5-2cb1-4722-b947-953fef106990#65-t2, previous=(t:2, i:20), leaderCommit=16, initializing? false, entries: <empty>
2019-09-11 21:56:11,579 [java.util.concurrent.ThreadPoolExecutor$Worker@64e02fa4[State = -1, empty queue]] WARN  server.GrpcLogAppender (GrpcLogAppender.java:timeoutAppendRequest(200)) - c2a73e63-4533-4661-ae84-dd5a39362559@group-AC8E2A32E389->a5a7e056-72fb-437a-9ac2-af7573048f25-GrpcLogAppender: appendEntries Timeout, request=c2a73e63-4533-4661-ae84-dd5a39362559->a5a7e056-72fb-437a-9ac2-af7573048f25#65-t2, previous=(t:2, i:20), leaderCommit=16, initializing? false, entries: <empty>
2019-09-11 21:56:11,972 [java.util.concurrent.ThreadPoolExecutor$Worker@4f353d25[State = -1, empty queue]] WARN  server.GrpcLogAppender (GrpcLogAppender.java:timeoutAppendRequest(200)) - 35b36fdc-90f8-4649-ab4a-4033b8c96817@group-9E5FA7894A87->cb19b877-b13a-4838-a0e1-b58882f3950d-GrpcLogAppender: appendEntries Timeout, request=35b36fdc-90f8-4649-ab4a-4033b8c96817->cb19b877-b13a-4838-a0e1-b58882f3950d#66-t2, previous=(t:2, i:20), leaderCommit=16, initializing? false, entries: <empty>
2019-09-11 21:56:11,972 [java.util.concurrent.ThreadPoolExecutor$Worker@6ae5f1f8[State = -1, empty queue]] WARN  server.GrpcLogAppender (GrpcLogAppender.java:timeoutAppendRequest(200)) - 35b36fdc-90f8-4649-ab4a-4033b8c96817@group-9E5FA7894A87->b94e9841-c110-46af-9cbb-637204d6ae15-GrpcLogAppender: appendEntries Timeout, request=35b36fdc-90f8-4649-ab4a-4033b8c96817->b94e9841-c110-46af-9cbb-637204d6ae15#66-t2, previous=(t:2, i:20), leaderCommit=16, initializing? false, entries: <empty>
2019-09-11 21:56:12,079 [java.util.concurrent.ThreadPoolExecutor$Worker@73e5f658[State = -1, empty queue]] WARN  server.GrpcLogAppender (GrpcLogAppender.java:timeoutAppendRequest(200)) - c2a73e63-4533-4661-ae84-dd5a39362559@group-AC8E2A32E389->91f926b5-2cb1-4722-b947-953fef106990-GrpcLogAppender: appendEntries Timeout, request=c2a73e63-4533-4661-ae84-dd5a39362559->91f926b5-2cb1-4722-b947-953fef106990#66-t2, previous=(t:2, i:20), leaderCommit=16, initializing? false, entries: <empty>
2019-09-11 21:56:12,079 [java.util.concurrent.ThreadPoolExecutor$Worker@64e02fa4[State = -1, empty queue]] WARN  server.GrpcLogAppender (GrpcLogAppender.java:timeoutAppendRequest(200)) - c2a73e63-4533-4661-ae84-dd5a39362559@group-AC8E2A32E389->a5a7e056-72fb-437a-9ac2-af7573048f25-GrpcLogAppender: appendEntries Timeout, request=c2a73e63-4533-4661-ae84-dd5a39362559->a5a7e056-72fb-437a-9ac2-af7573048f25#66-t2, previous=(t:2, i:20), leaderCommit=16, initializing? false, entries: <empty>
2019-09-11 21:56:12,474 [java.util.concurrent.ThreadPoolExecutor$Worker@6ae5f1f8[State = -1, empty queue]] WARN  server.GrpcLogAppender (GrpcLogAppender.java:timeoutAppendRequest(200)) - 35b36fdc-90f8-4649-ab4a-4033b8c96817@group-9E5FA7894A87->b94e9841-c110-46af-9cbb-637204d6ae15-GrpcLogAppender: appendEntries Timeout, request=35b36fdc-90f8-4649-ab4a-4033b8c96817->b94e9841-c110-46af-9cbb-637204d6ae15#67-t2, previous=(t:2, i:20), leaderCommit=16, initializing? false, entries: <empty>
2019-09-11 21:56:12,474 [java.util.concurrent.ThreadPoolExecutor$Worker@4f353d25[State = -1, empty queue]] WARN  server.GrpcLogAppender (GrpcLogAppender.java:timeoutAppendRequest(200)) - 35b36fdc-90f8-4649-ab4a-4033b8c96817@group-9E5FA7894A87->cb19b877-b13a-4838-a0e1-b58882f3950d-GrpcLogAppender: appendEntries Timeout, request=35b36fdc-90f8-4649-ab4a-4033b8c96817->cb19b877-b13a-4838-a0e1-b58882f3950d#67-t2, previous=(t:2, i:20), leaderCommit=16, initializing? false, entries: <empty>
2019-09-11 21:56:12,579 [java.util.concurrent.ThreadPoolExecutor$Worker@73e5f658[State = -1, empty queue]] WARN  server.GrpcLogAppender (GrpcLogAppender.java:timeoutAppendRequest(200)) - c2a73e63-4533-4661-ae84-dd5a39362559@group-AC8E2A32E389->91f926b5-2cb1-4722-b947-953fef106990-GrpcLogAppender: appendEntries Timeout, request=c2a73e63-4533-4661-ae84-dd5a39362559->91f926b5-2cb1-4722-b947-953fef106990#67-t2, previous=(t:2, i:20), leaderCommit=16, initializing? false, entries: <empty>
2019-09-11 21:56:12,579 [java.util.concurrent.ThreadPoolExecutor$Worker@64e02fa4[State = -1, empty queue]] WARN  server.GrpcLogAppender (GrpcLogAppender.java:timeoutAppendRequest(200)) - c2a73e63-4533-4661-ae84-dd5a39362559@group-AC8E2A32E389->a5a7e056-72fb-437a-9ac2-af7573048f25-GrpcLogAppender: appendEntries Timeout, request=c2a73e63-4533-4661-ae84-dd5a39362559->a5a7e056-72fb-437a-9ac2-af7573048f25#67-t2, previous=(t:2, i:20), leaderCommit=16, initializing? false, entries: <empty>
2019-09-11 21:56:12,976 [java.util.concurrent.ThreadPoolExecutor$Worker@4f353d25[State = -1, empty queue]] WARN  server.GrpcLogAppender (GrpcLogAppender.java:timeoutAppendRequest(200)) - 35b36fdc-90f8-4649-ab4a-4033b8c96817@group-9E5FA7894A87->cb19b877-b13a-4838-a0e1-b58882f3950d-GrpcLogAppender: appendEntries Timeout, request=35b36fdc-90f8-4649-ab4a-4033b8c96817->cb19b877-b13a-4838-a0e1-b58882f3950d#68-t2, previous=(t:2, i:20), leaderCommit=16, initializing? false, entries: <empty>
2019-09-11 21:56:12,976 [java.util.concurrent.ThreadPoolExecutor$Worker@6ae5f1f8[State = -1, empty queue]] WARN  server.GrpcLogAppender (GrpcLogAppender.java:timeoutAppendRequest(200)) - 35b36fdc-90f8-4649-ab4a-4033b8c96817@group-9E5FA7894A87->b94e9841-c110-46af-9cbb-637204d6ae15-GrpcLogAppender: appendEntries Timeout, request=35b36fdc-90f8-4649-ab4a-4033b8c96817->b94e9841-c110-46af-9cbb-637204d6ae15#68-t2, previous=(t:2, i:20), leaderCommit=16, initializing? false, entries: <empty>
2019-09-11 21:56:13,080 [java.util.concurrent.ThreadPoolExecutor$Worker@64e02fa4[State = -1, empty queue]] WARN  server.GrpcLogAppender (GrpcLogAppender.java:timeoutAppendRequest(200)) - c2a73e63-4533-4661-ae84-dd5a39362559@group-AC8E2A32E389->a5a7e056-72fb-437a-9ac2-af7573048f25-GrpcLogAppender: appendEntries Timeout, request=c2a73e63-4533-4661-ae84-dd5a39362559->a5a7e056-72fb-437a-9ac2-af7573048f25#68-t2, previous=(t:2, i:20), leaderCommit=16, initializing? false, entries: <empty>
2019-09-11 21:56:13,080 [java.util.concurrent.ThreadPoolExecutor$Worker@73e5f658[State = -1, empty queue]] WARN  server.GrpcLogAppender (GrpcLogAppender.java:timeoutAppendRequest(200)) - c2a73e63-4533-4661-ae84-dd5a39362559@group-AC8E2A32E389->91f926b5-2cb1-4722-b947-953fef106990-GrpcLogAppender: appendEntries Timeout, request=c2a73e63-4533-4661-ae84-dd5a39362559->91f926b5-2cb1-4722-b947-953fef106990#68-t2, previous=(t:2, i:20), leaderCommit=16, initializing? false, entries: <empty>
2019-09-11 21:56:13,476 [java.util.concurrent.ThreadPoolExecutor$Worker@4f353d25[State = -1, empty queue]] WARN  server.GrpcLogAppender (GrpcLogAppender.java:timeoutAppendRequest(200)) - 35b36fdc-90f8-4649-ab4a-4033b8c96817@group-9E5FA7894A87->cb19b877-b13a-4838-a0e1-b58882f3950d-GrpcLogAppender: appendEntries Timeout, request=35b36fdc-90f8-4649-ab4a-4033b8c96817->cb19b877-b13a-4838-a0e1-b58882f3950d#69-t2, previous=(t:2, i:20), leaderCommit=16, initializing? false, entries: <empty>
2019-09-11 21:56:13,476 [java.util.concurrent.ThreadPoolExecutor$Worker@6ae5f1f8[State = -1, empty queue]] WARN  server.GrpcLogAppender (GrpcLogAppender.java:timeoutAppendRequest(200)) - 35b36fdc-90f8-4649-ab4a-4033b8c96817@group-9E5FA7894A87->b94e9841-c110-46af-9cbb-637204d6ae15-GrpcLogAppender: appendEntries Timeout, request=35b36fdc-90f8-4649-ab4a-4033b8c96817->b94e9841-c110-46af-9cbb-637204d6ae15#69-t2, previous=(t:2, i:20), leaderCommit=16, initializing? false, entries: <empty>
2019-09-11 21:56:13,580 [java.util.concurrent.ThreadPoolExecutor$Worker@64e02fa4[State = -1, empty queue]] WARN  server.GrpcLogAppender (GrpcLogAppender.java:timeoutAppendRequest(200)) - c2a73e63-4533-4661-ae84-dd5a39362559@group-AC8E2A32E389->a5a7e056-72fb-437a-9ac2-af7573048f25-GrpcLogAppender: appendEntries Timeout, request=c2a73e63-4533-4661-ae84-dd5a39362559->a5a7e056-72fb-437a-9ac2-af7573048f25#69-t2, previous=(t:2, i:20), leaderCommit=16, initializing? false, entries: <empty>
2019-09-11 21:56:13,580 [java.util.concurrent.ThreadPoolExecutor$Worker@73e5f658[State = -1, empty queue]] WARN  server.GrpcLogAppender (GrpcLogAppender.java:timeoutAppendRequest(200)) - c2a73e63-4533-4661-ae84-dd5a39362559@group-AC8E2A32E389->91f926b5-2cb1-4722-b947-953fef106990-GrpcLogAppender: appendEntries Timeout, request=c2a73e63-4533-4661-ae84-dd5a39362559->91f926b5-2cb1-4722-b947-953fef106990#69-t2, previous=(t:2, i:20), leaderCommit=16, initializing? false, entries: <empty>
2019-09-11 21:56:13,977 [java.util.concurrent.ThreadPoolExecutor$Worker@4f353d25[State = -1, empty queue]] WARN  server.GrpcLogAppender (GrpcLogAppender.java:timeoutAppendRequest(200)) - 35b36fdc-90f8-4649-ab4a-4033b8c96817@group-9E5FA7894A87->cb19b877-b13a-4838-a0e1-b58882f3950d-GrpcLogAppender: appendEntries Timeout, request=35b36fdc-90f8-4649-ab4a-4033b8c96817->cb19b877-b13a-4838-a0e1-b58882f3950d#70-t2, previous=(t:2, i:20), leaderCommit=16, initializing? false, entries: <empty>
2019-09-11 21:56:13,977 [java.util.concurrent.ThreadPoolExecutor$Worker@6ae5f1f8[State = -1, empty queue]] WARN  server.GrpcLogAppender (GrpcLogAppender.java:timeoutAppendRequest(200)) - 35b36fdc-90f8-4649-ab4a-4033b8c96817@group-9E5FA7894A87->b94e9841-c110-46af-9cbb-637204d6ae15-GrpcLogAppender: appendEntries Timeout, request=35b36fdc-90f8-4649-ab4a-4033b8c96817->b94e9841-c110-46af-9cbb-637204d6ae15#70-t2, previous=(t:2, i:20), leaderCommit=16, initializing? false, entries: <empty>
2019-09-11 21:56:14,081 [java.util.concurrent.ThreadPoolExecutor$Worker@64e02fa4[State = -1, empty queue]] WARN  server.GrpcLogAppender (GrpcLogAppender.java:timeoutAppendRequest(200)) - c2a73e63-4533-4661-ae84-dd5a39362559@group-AC8E2A32E389->a5a7e056-72fb-437a-9ac2-af7573048f25-GrpcLogAppender: appendEntries Timeout, request=c2a73e63-4533-4661-ae84-dd5a39362559->a5a7e056-72fb-437a-9ac2-af7573048f25#70-t2, previous=(t:2, i:20), leaderCommit=16, initializing? false, entries: <empty>
2019-09-11 21:56:14,081 [java.util.concurrent.ThreadPoolExecutor$Worker@73e5f658[State = -1, empty queue]] WARN  server.GrpcLogAppender (GrpcLogAppender.java:timeoutAppendRequest(200)) - c2a73e63-4533-4661-ae84-dd5a39362559@group-AC8E2A32E389->91f926b5-2cb1-4722-b947-953fef106990-GrpcLogAppender: appendEntries Timeout, request=c2a73e63-4533-4661-ae84-dd5a39362559->91f926b5-2cb1-4722-b947-953fef106990#70-t2, previous=(t:2, i:20), leaderCommit=16, initializing? false, entries: <empty>
2019-09-11 21:56:14,491 [java.util.concurrent.ThreadPoolExecutor$Worker@6ae5f1f8[State = -1, empty queue]] WARN  server.GrpcLogAppender (GrpcLogAppender.java:timeoutAppendRequest(200)) - 35b36fdc-90f8-4649-ab4a-4033b8c96817@group-9E5FA7894A87->b94e9841-c110-46af-9cbb-637204d6ae15-GrpcLogAppender: appendEntries Timeout, request=35b36fdc-90f8-4649-ab4a-4033b8c96817->b94e9841-c110-46af-9cbb-637204d6ae15#71-t2, previous=(t:2, i:20), leaderCommit=16, initializing? false, entries: <empty>
2019-09-11 21:56:14,491 [java.util.concurrent.ThreadPoolExecutor$Worker@4f353d25[State = -1, empty queue]] WARN  server.GrpcLogAppender (GrpcLogAppender.java:timeoutAppendRequest(200)) - 35b36fdc-90f8-4649-ab4a-4033b8c96817@group-9E5FA7894A87->cb19b877-b13a-4838-a0e1-b58882f3950d-GrpcLogAppender: appendEntries Timeout, request=35b36fdc-90f8-4649-ab4a-4033b8c96817->cb19b877-b13a-4838-a0e1-b58882f3950d#71-t2, previous=(t:2, i:20), leaderCommit=16, initializing? false, entries: <empty>
2019-09-11 21:56:14,582 [java.util.concurrent.ThreadPoolExecutor$Worker@73e5f658[State = -1, empty queue]] WARN  server.GrpcLogAppender (GrpcLogAppender.java:timeoutAppendRequest(200)) - c2a73e63-4533-4661-ae84-dd5a39362559@group-AC8E2A32E389->91f926b5-2cb1-4722-b947-953fef106990-GrpcLogAppender: appendEntries Timeout, request=c2a73e63-4533-4661-ae84-dd5a39362559->91f926b5-2cb1-4722-b947-953fef106990#71-t2, previous=(t:2, i:20), leaderCommit=16, initializing? false, entries: <empty>
2019-09-11 21:56:14,582 [java.util.concurrent.ThreadPoolExecutor$Worker@64e02fa4[State = -1, empty queue]] WARN  server.GrpcLogAppender (GrpcLogAppender.java:timeoutAppendRequest(200)) - c2a73e63-4533-4661-ae84-dd5a39362559@group-AC8E2A32E389->a5a7e056-72fb-437a-9ac2-af7573048f25-GrpcLogAppender: appendEntries Timeout, request=c2a73e63-4533-4661-ae84-dd5a39362559->a5a7e056-72fb-437a-9ac2-af7573048f25#71-t2, previous=(t:2, i:20), leaderCommit=16, initializing? false, entries: <empty>
2019-09-11 21:56:14,991 [java.util.concurrent.ThreadPoolExecutor$Worker@6ae5f1f8[State = -1, empty queue]] WARN  server.GrpcLogAppender (GrpcLogAppender.java:timeoutAppendRequest(200)) - 35b36fdc-90f8-4649-ab4a-4033b8c96817@group-9E5FA7894A87->b94e9841-c110-46af-9cbb-637204d6ae15-GrpcLogAppender: appendEntries Timeout, request=35b36fdc-90f8-4649-ab4a-4033b8c96817->b94e9841-c110-46af-9cbb-637204d6ae15#72-t2, previous=(t:2, i:20), leaderCommit=16, initializing? false, entries: <empty>
2019-09-11 21:56:14,991 [java.util.concurrent.ThreadPoolExecutor$Worker@4f353d25[State = -1, empty queue]] WARN  server.GrpcLogAppender (GrpcLogAppender.java:timeoutAppendRequest(200)) - 35b36fdc-90f8-4649-ab4a-4033b8c96817@group-9E5FA7894A87->cb19b877-b13a-4838-a0e1-b58882f3950d-GrpcLogAppender: appendEntries Timeout, request=35b36fdc-90f8-4649-ab4a-4033b8c96817->cb19b877-b13a-4838-a0e1-b58882f3950d#72-t2, previous=(t:2, i:20), leaderCommit=16, initializing? false, entries: <empty>
2019-09-11 21:56:15,082 [java.util.concurrent.ThreadPoolExecutor$Worker@64e02fa4[State = -1, empty queue]] WARN  server.GrpcLogAppender (GrpcLogAppender.java:timeoutAppendRequest(200)) - c2a73e63-4533-4661-ae84-dd5a39362559@group-AC8E2A32E389->a5a7e056-72fb-437a-9ac2-af7573048f25-GrpcLogAppender: appendEntries Timeout, request=c2a73e63-4533-4661-ae84-dd5a39362559->a5a7e056-72fb-437a-9ac2-af7573048f25#72-t2, previous=(t:2, i:20), leaderCommit=16, initializing? false, entries: <empty>
2019-09-11 21:56:15,082 [java.util.concurrent.ThreadPoolExecutor$Worker@73e5f658[State = -1, empty queue]] WARN  server.GrpcLogAppender (GrpcLogAppender.java:timeoutAppendRequest(200)) - c2a73e63-4533-4661-ae84-dd5a39362559@group-AC8E2A32E389->91f926b5-2cb1-4722-b947-953fef106990-GrpcLogAppender: appendEntries Timeout, request=c2a73e63-4533-4661-ae84-dd5a39362559->91f926b5-2cb1-4722-b947-953fef106990#72-t2, previous=(t:2, i:20), leaderCommit=16, initializing? false, entries: <empty>
2019-09-11 21:56:15,387 [grpc-default-executor-4] INFO  client.GrpcClientProtocolClient (GrpcClientProtocolClient.java:onNext(264)) - client-BDC949EA7344->b94e9841-c110-46af-9cbb-637204d6ae15: receive RaftClientReply:client-BDC949EA7344->b94e9841-c110-46af-9cbb-637204d6ae15@group-9E5FA7894A87, cid=42, FAILED org.apache.ratis.protocol.NotLeaderException: Server b94e9841-c110-46af-9cbb-637204d6ae15@group-9E5FA7894A87 is not the leader 35b36fdc-90f8-4649-ab4a-4033b8c96817:192.168.34.45:35400, logIndex=0, commits[b94e9841-c110-46af-9cbb-637204d6ae15:c16, cb19b877-b13a-4838-a0e1-b58882f3950d:c14, 35b36fdc-90f8-4649-ab4a-4033b8c96817:c16]
2019-09-11 21:56:15,485 [35b36fdc-90f8-4649-ab4a-4033b8c96817@group-9E5FA7894A87-SegmentedRaftLogWorker] WARN  segmented.SegmentedRaftLogWorker (SegmentedRaftLogWorker.java:getFromFuture(90)) - Timeout 0/~
org.apache.ratis.protocol.TimeoutIOException: Timeout 10s: WriteLog:19: (t:2, i:19), STATEMACHINELOGENTRY, client-BDC949EA7344, cid=44-writeStateMachineData
	at org.apache.ratis.util.IOUtils.getFromFuture(IOUtils.java:87)
	at org.apache.ratis.server.raftlog.segmented.SegmentedRaftLogWorker$StateMachineDataPolicy.getFromFuture(SegmentedRaftLogWorker.java:87)
	at org.apache.ratis.server.raftlog.segmented.SegmentedRaftLogWorker$WriteLog.execute(SegmentedRaftLogWorker.java:477)
	at org.apache.ratis.server.raftlog.segmented.SegmentedRaftLogWorker.run(SegmentedRaftLogWorker.java:289)
	at java.lang.Thread.run(Thread.java:748)
Caused by: java.util.concurrent.TimeoutException
	at java.util.concurrent.CompletableFuture.timedGet(CompletableFuture.java:1771)
	at java.util.concurrent.CompletableFuture.get(CompletableFuture.java:1915)
	at org.apache.ratis.util.IOUtils.getFromFuture(IOUtils.java:79)
	... 4 more
2019-09-11 21:56:15,500 [java.util.concurrent.ThreadPoolExecutor$Worker@6ae5f1f8[State = -1, empty queue]] WARN  server.GrpcLogAppender (GrpcLogAppender.java:timeoutAppendRequest(200)) - 35b36fdc-90f8-4649-ab4a-4033b8c96817@group-9E5FA7894A87->b94e9841-c110-46af-9cbb-637204d6ae15-GrpcLogAppender: appendEntries Timeout, request=35b36fdc-90f8-4649-ab4a-4033b8c96817->b94e9841-c110-46af-9cbb-637204d6ae15#73-t2, previous=(t:2, i:20), leaderCommit=16, initializing? false, entries: <empty>
2019-09-11 21:56:15,500 [java.util.concurrent.ThreadPoolExecutor$Worker@4f353d25[State = -1, empty queue]] WARN  server.GrpcLogAppender (GrpcLogAppender.java:timeoutAppendRequest(200)) - 35b36fdc-90f8-4649-ab4a-4033b8c96817@group-9E5FA7894A87->cb19b877-b13a-4838-a0e1-b58882f3950d-GrpcLogAppender: appendEntries Timeout, request=35b36fdc-90f8-4649-ab4a-4033b8c96817->cb19b877-b13a-4838-a0e1-b58882f3950d#73-t2, previous=(t:2, i:20), leaderCommit=16, initializing? false, entries: <empty>
2019-09-11 21:56:15,578 [b94e9841-c110-46af-9cbb-637204d6ae15@group-9E5FA7894A87-SegmentedRaftLogWorker] WARN  segmented.SegmentedRaftLogWorker (SegmentedRaftLogWorker.java:getFromFuture(90)) - Timeout 0/~
org.apache.ratis.protocol.TimeoutIOException: Timeout 10s: WriteLog:19: (t:2, i:19), STATEMACHINELOGENTRY, client-BDC949EA7344, cid=44-writeStateMachineData
	at org.apache.ratis.util.IOUtils.getFromFuture(IOUtils.java:87)
	at org.apache.ratis.server.raftlog.segmented.SegmentedRaftLogWorker$StateMachineDataPolicy.getFromFuture(SegmentedRaftLogWorker.java:87)
	at org.apache.ratis.server.raftlog.segmented.SegmentedRaftLogWorker$WriteLog.execute(SegmentedRaftLogWorker.java:477)
	at org.apache.ratis.server.raftlog.segmented.SegmentedRaftLogWorker.run(SegmentedRaftLogWorker.java:289)
	at java.lang.Thread.run(Thread.java:748)
Caused by: java.util.concurrent.TimeoutException
	at java.util.concurrent.CompletableFuture.timedGet(CompletableFuture.java:1771)
	at java.util.concurrent.CompletableFuture.get(CompletableFuture.java:1915)
	at org.apache.ratis.util.IOUtils.getFromFuture(IOUtils.java:79)
	... 4 more
2019-09-11 21:56:15,578 [cb19b877-b13a-4838-a0e1-b58882f3950d@group-9E5FA7894A87-SegmentedRaftLogWorker] WARN  segmented.SegmentedRaftLogWorker (SegmentedRaftLogWorker.java:getFromFuture(90)) - Timeout 0/~
org.apache.ratis.protocol.TimeoutIOException: Timeout 10s: WriteLog:19: (t:2, i:19), STATEMACHINELOGENTRY, client-BDC949EA7344, cid=44-writeStateMachineData
	at org.apache.ratis.util.IOUtils.getFromFuture(IOUtils.java:87)
	at org.apache.ratis.server.raftlog.segmented.SegmentedRaftLogWorker$StateMachineDataPolicy.getFromFuture(SegmentedRaftLogWorker.java:87)
	at org.apache.ratis.server.raftlog.segmented.SegmentedRaftLogWorker$WriteLog.execute(SegmentedRaftLogWorker.java:477)
	at org.apache.ratis.server.raftlog.segmented.SegmentedRaftLogWorker.run(SegmentedRaftLogWorker.java:289)
	at java.lang.Thread.run(Thread.java:748)
Caused by: java.util.concurrent.TimeoutException
	at java.util.concurrent.CompletableFuture.timedGet(CompletableFuture.java:1771)
	at java.util.concurrent.CompletableFuture.get(CompletableFuture.java:1915)
	at org.apache.ratis.util.IOUtils.getFromFuture(IOUtils.java:79)
	... 4 more
2019-09-11 21:56:15,582 [java.util.concurrent.ThreadPoolExecutor$Worker@73e5f658[State = -1, empty queue]] WARN  server.GrpcLogAppender (GrpcLogAppender.java:timeoutAppendRequest(200)) - c2a73e63-4533-4661-ae84-dd5a39362559@group-AC8E2A32E389->91f926b5-2cb1-4722-b947-953fef106990-GrpcLogAppender: appendEntries Timeout, request=c2a73e63-4533-4661-ae84-dd5a39362559->91f926b5-2cb1-4722-b947-953fef106990#73-t2, previous=(t:2, i:20), leaderCommit=16, initializing? false, entries: <empty>
2019-09-11 21:56:15,582 [java.util.concurrent.ThreadPoolExecutor$Worker@64e02fa4[State = -1, empty queue]] WARN  server.GrpcLogAppender (GrpcLogAppender.java:timeoutAppendRequest(200)) - c2a73e63-4533-4661-ae84-dd5a39362559@group-AC8E2A32E389->a5a7e056-72fb-437a-9ac2-af7573048f25-GrpcLogAppender: appendEntries Timeout, request=c2a73e63-4533-4661-ae84-dd5a39362559->a5a7e056-72fb-437a-9ac2-af7573048f25#73-t2, previous=(t:2, i:20), leaderCommit=16, initializing? false, entries: <empty>
2019-09-11 21:56:16,001 [java.util.concurrent.ThreadPoolExecutor$Worker@6ae5f1f8[State = -1, empty queue]] WARN  server.GrpcLogAppender (GrpcLogAppender.java:timeoutAppendRequest(200)) - 35b36fdc-90f8-4649-ab4a-4033b8c96817@group-9E5FA7894A87->b94e9841-c110-46af-9cbb-637204d6ae15-GrpcLogAppender: appendEntries Timeout, request=35b36fdc-90f8-4649-ab4a-4033b8c96817->b94e9841-c110-46af-9cbb-637204d6ae15#74-t2, previous=(t:2, i:20), leaderCommit=16, initializing? false, entries: <empty>
2019-09-11 21:56:16,001 [java.util.concurrent.ThreadPoolExecutor$Worker@4f353d25[State = -1, empty queue]] WARN  server.GrpcLogAppender (GrpcLogAppender.java:timeoutAppendRequest(200)) - 35b36fdc-90f8-4649-ab4a-4033b8c96817@group-9E5FA7894A87->cb19b877-b13a-4838-a0e1-b58882f3950d-GrpcLogAppender: appendEntries Timeout, request=35b36fdc-90f8-4649-ab4a-4033b8c96817->cb19b877-b13a-4838-a0e1-b58882f3950d#74-t2, previous=(t:2, i:20), leaderCommit=16, initializing? false, entries: <empty>
2019-09-11 21:56:16,083 [java.util.concurrent.ThreadPoolExecutor$Worker@64e02fa4[State = -1, empty queue]] WARN  server.GrpcLogAppender (GrpcLogAppender.java:timeoutAppendRequest(200)) - c2a73e63-4533-4661-ae84-dd5a39362559@group-AC8E2A32E389->a5a7e056-72fb-437a-9ac2-af7573048f25-GrpcLogAppender: appendEntries Timeout, request=c2a73e63-4533-4661-ae84-dd5a39362559->a5a7e056-72fb-437a-9ac2-af7573048f25#74-t2, previous=(t:2, i:20), leaderCommit=16, initializing? false, entries: <empty>
2019-09-11 21:56:16,083 [java.util.concurrent.ThreadPoolExecutor$Worker@73e5f658[State = -1, empty queue]] WARN  server.GrpcLogAppender (GrpcLogAppender.java:timeoutAppendRequest(200)) - c2a73e63-4533-4661-ae84-dd5a39362559@group-AC8E2A32E389->91f926b5-2cb1-4722-b947-953fef106990-GrpcLogAppender: appendEntries Timeout, request=c2a73e63-4533-4661-ae84-dd5a39362559->91f926b5-2cb1-4722-b947-953fef106990#74-t2, previous=(t:2, i:20), leaderCommit=16, initializing? false, entries: <empty>
2019-09-11 21:56:16,502 [java.util.concurrent.ThreadPoolExecutor$Worker@4f353d25[State = -1, empty queue]] WARN  server.GrpcLogAppender (GrpcLogAppender.java:timeoutAppendRequest(200)) - 35b36fdc-90f8-4649-ab4a-4033b8c96817@group-9E5FA7894A87->cb19b877-b13a-4838-a0e1-b58882f3950d-GrpcLogAppender: appendEntries Timeout, request=35b36fdc-90f8-4649-ab4a-4033b8c96817->cb19b877-b13a-4838-a0e1-b58882f3950d#75-t2, previous=(t:2, i:20), leaderCommit=16, initializing? false, entries: <empty>
2019-09-11 21:56:16,502 [java.util.concurrent.ThreadPoolExecutor$Worker@6ae5f1f8[State = -1, empty queue]] WARN  server.GrpcLogAppender (GrpcLogAppender.java:timeoutAppendRequest(200)) - 35b36fdc-90f8-4649-ab4a-4033b8c96817@group-9E5FA7894A87->b94e9841-c110-46af-9cbb-637204d6ae15-GrpcLogAppender: appendEntries Timeout, request=35b36fdc-90f8-4649-ab4a-4033b8c96817->b94e9841-c110-46af-9cbb-637204d6ae15#75-t2, previous=(t:2, i:20), leaderCommit=16, initializing? false, entries: <empty>
2019-09-11 21:56:16,583 [java.util.concurrent.ThreadPoolExecutor$Worker@73e5f658[State = -1, empty queue]] WARN  server.GrpcLogAppender (GrpcLogAppender.java:timeoutAppendRequest(200)) - c2a73e63-4533-4661-ae84-dd5a39362559@group-AC8E2A32E389->91f926b5-2cb1-4722-b947-953fef106990-GrpcLogAppender: appendEntries Timeout, request=c2a73e63-4533-4661-ae84-dd5a39362559->91f926b5-2cb1-4722-b947-953fef106990#75-t2, previous=(t:2, i:20), leaderCommit=16, initializing? false, entries: <empty>
2019-09-11 21:56:16,583 [java.util.concurrent.ThreadPoolExecutor$Worker@64e02fa4[State = -1, empty queue]] WARN  server.GrpcLogAppender (GrpcLogAppender.java:timeoutAppendRequest(200)) - c2a73e63-4533-4661-ae84-dd5a39362559@group-AC8E2A32E389->a5a7e056-72fb-437a-9ac2-af7573048f25-GrpcLogAppender: appendEntries Timeout, request=c2a73e63-4533-4661-ae84-dd5a39362559->a5a7e056-72fb-437a-9ac2-af7573048f25#75-t2, previous=(t:2, i:20), leaderCommit=16, initializing? false, entries: <empty>
2019-09-11 21:56:16,643 [c2a73e63-4533-4661-ae84-dd5a39362559@group-AC8E2A32E389-SegmentedRaftLogWorker] WARN  segmented.SegmentedRaftLogWorker (SegmentedRaftLogWorker.java:getFromFuture(90)) - Timeout 2/~
org.apache.ratis.protocol.TimeoutIOException: Timeout 10s: WriteLog:19: (t:2, i:19), STATEMACHINELOGENTRY, client-50BBF47487D0, cid=30-writeStateMachineData
	at org.apache.ratis.util.IOUtils.getFromFuture(IOUtils.java:87)
	at org.apache.ratis.server.raftlog.segmented.SegmentedRaftLogWorker$StateMachineDataPolicy.getFromFuture(SegmentedRaftLogWorker.java:87)
	at org.apache.ratis.server.raftlog.segmented.SegmentedRaftLogWorker$WriteLog.execute(SegmentedRaftLogWorker.java:477)
	at org.apache.ratis.server.raftlog.segmented.SegmentedRaftLogWorker.run(SegmentedRaftLogWorker.java:289)
	at java.lang.Thread.run(Thread.java:748)
Caused by: java.util.concurrent.TimeoutException
	at java.util.concurrent.CompletableFuture.timedGet(CompletableFuture.java:1771)
	at java.util.concurrent.CompletableFuture.get(CompletableFuture.java:1915)
	at org.apache.ratis.util.IOUtils.getFromFuture(IOUtils.java:79)
	... 4 more
2019-09-11 21:56:16,657 [91f926b5-2cb1-4722-b947-953fef106990@group-AC8E2A32E389-SegmentedRaftLogWorker] WARN  segmented.SegmentedRaftLogWorker (SegmentedRaftLogWorker.java:getFromFuture(90)) - Timeout 2/~
org.apache.ratis.protocol.TimeoutIOException: Timeout 10s: WriteLog:19: (t:2, i:19), STATEMACHINELOGENTRY, client-50BBF47487D0, cid=30-writeStateMachineData
	at org.apache.ratis.util.IOUtils.getFromFuture(IOUtils.java:87)
	at org.apache.ratis.server.raftlog.segmented.SegmentedRaftLogWorker$StateMachineDataPolicy.getFromFuture(SegmentedRaftLogWorker.java:87)
	at org.apache.ratis.server.raftlog.segmented.SegmentedRaftLogWorker$WriteLog.execute(SegmentedRaftLogWorker.java:477)
	at org.apache.ratis.server.raftlog.segmented.SegmentedRaftLogWorker.run(SegmentedRaftLogWorker.java:289)
	at java.lang.Thread.run(Thread.java:748)
Caused by: java.util.concurrent.TimeoutException
	at java.util.concurrent.CompletableFuture.timedGet(CompletableFuture.java:1771)
	at java.util.concurrent.CompletableFuture.get(CompletableFuture.java:1915)
	at org.apache.ratis.util.IOUtils.getFromFuture(IOUtils.java:79)
	... 4 more
2019-09-11 21:56:16,658 [a5a7e056-72fb-437a-9ac2-af7573048f25@group-AC8E2A32E389-SegmentedRaftLogWorker] WARN  segmented.SegmentedRaftLogWorker (SegmentedRaftLogWorker.java:getFromFuture(90)) - Timeout 2/~
org.apache.ratis.protocol.TimeoutIOException: Timeout 10s: WriteLog:19: (t:2, i:19), STATEMACHINELOGENTRY, client-50BBF47487D0, cid=30-writeStateMachineData
	at org.apache.ratis.util.IOUtils.getFromFuture(IOUtils.java:87)
	at org.apache.ratis.server.raftlog.segmented.SegmentedRaftLogWorker$StateMachineDataPolicy.getFromFuture(SegmentedRaftLogWorker.java:87)
	at org.apache.ratis.server.raftlog.segmented.SegmentedRaftLogWorker$WriteLog.execute(SegmentedRaftLogWorker.java:477)
	at org.apache.ratis.server.raftlog.segmented.SegmentedRaftLogWorker.run(SegmentedRaftLogWorker.java:289)
	at java.lang.Thread.run(Thread.java:748)
Caused by: java.util.concurrent.TimeoutException
	at java.util.concurrent.CompletableFuture.timedGet(CompletableFuture.java:1771)
	at java.util.concurrent.CompletableFuture.get(CompletableFuture.java:1915)
	at org.apache.ratis.util.IOUtils.getFromFuture(IOUtils.java:79)
	... 4 more
2019-09-11 21:56:17,003 [java.util.concurrent.ThreadPoolExecutor$Worker@6ae5f1f8[State = -1, empty queue]] WARN  server.GrpcLogAppender (GrpcLogAppender.java:timeoutAppendRequest(200)) - 35b36fdc-90f8-4649-ab4a-4033b8c96817@group-9E5FA7894A87->b94e9841-c110-46af-9cbb-637204d6ae15-GrpcLogAppender: appendEntries Timeout, request=35b36fdc-90f8-4649-ab4a-4033b8c96817->b94e9841-c110-46af-9cbb-637204d6ae15#76-t2, previous=(t:2, i:20), leaderCommit=16, initializing? false, entries: <empty>
2019-09-11 21:56:17,003 [java.util.concurrent.ThreadPoolExecutor$Worker@4f353d25[State = -1, empty queue]] WARN  server.GrpcLogAppender (GrpcLogAppender.java:timeoutAppendRequest(200)) - 35b36fdc-90f8-4649-ab4a-4033b8c96817@group-9E5FA7894A87->cb19b877-b13a-4838-a0e1-b58882f3950d-GrpcLogAppender: appendEntries Timeout, request=35b36fdc-90f8-4649-ab4a-4033b8c96817->cb19b877-b13a-4838-a0e1-b58882f3950d#76-t2, previous=(t:2, i:20), leaderCommit=16, initializing? false, entries: <empty>
2019-09-11 21:56:17,083 [java.util.concurrent.ThreadPoolExecutor$Worker@64e02fa4[State = -1, empty queue]] WARN  server.GrpcLogAppender (GrpcLogAppender.java:timeoutAppendRequest(200)) - c2a73e63-4533-4661-ae84-dd5a39362559@group-AC8E2A32E389->a5a7e056-72fb-437a-9ac2-af7573048f25-GrpcLogAppender: appendEntries Timeout, request=c2a73e63-4533-4661-ae84-dd5a39362559->a5a7e056-72fb-437a-9ac2-af7573048f25#76-t2, previous=(t:2, i:20), leaderCommit=16, initializing? false, entries: <empty>
2019-09-11 21:56:17,083 [java.util.concurrent.ThreadPoolExecutor$Worker@73e5f658[State = -1, empty queue]] WARN  server.GrpcLogAppender (GrpcLogAppender.java:timeoutAppendRequest(200)) - c2a73e63-4533-4661-ae84-dd5a39362559@group-AC8E2A32E389->91f926b5-2cb1-4722-b947-953fef106990-GrpcLogAppender: appendEntries Timeout, request=c2a73e63-4533-4661-ae84-dd5a39362559->91f926b5-2cb1-4722-b947-953fef106990#76-t2, previous=(t:2, i:20), leaderCommit=16, initializing? false, entries: <empty>
2019-09-11 21:56:17,503 [java.util.concurrent.ThreadPoolExecutor$Worker@4f353d25[State = -1, empty queue]] WARN  server.GrpcLogAppender (GrpcLogAppender.java:timeoutAppendRequest(200)) - 35b36fdc-90f8-4649-ab4a-4033b8c96817@group-9E5FA7894A87->cb19b877-b13a-4838-a0e1-b58882f3950d-GrpcLogAppender: appendEntries Timeout, request=35b36fdc-90f8-4649-ab4a-4033b8c96817->cb19b877-b13a-4838-a0e1-b58882f3950d#77-t2, previous=(t:2, i:20), leaderCommit=16, initializing? false, entries: <empty>
2019-09-11 21:56:17,503 [java.util.concurrent.ThreadPoolExecutor$Worker@6ae5f1f8[State = -1, empty queue]] WARN  server.GrpcLogAppender (GrpcLogAppender.java:timeoutAppendRequest(200)) - 35b36fdc-90f8-4649-ab4a-4033b8c96817@group-9E5FA7894A87->b94e9841-c110-46af-9cbb-637204d6ae15-GrpcLogAppender: appendEntries Timeout, request=35b36fdc-90f8-4649-ab4a-4033b8c96817->b94e9841-c110-46af-9cbb-637204d6ae15#77-t2, previous=(t:2, i:20), leaderCommit=16, initializing? false, entries: <empty>
2019-09-11 21:56:17,584 [java.util.concurrent.ThreadPoolExecutor$Worker@73e5f658[State = -1, empty queue]] WARN  server.GrpcLogAppender (GrpcLogAppender.java:timeoutAppendRequest(200)) - c2a73e63-4533-4661-ae84-dd5a39362559@group-AC8E2A32E389->91f926b5-2cb1-4722-b947-953fef106990-GrpcLogAppender: appendEntries Timeout, request=c2a73e63-4533-4661-ae84-dd5a39362559->91f926b5-2cb1-4722-b947-953fef106990#77-t2, previous=(t:2, i:20), leaderCommit=16, initializing? false, entries: <empty>
2019-09-11 21:56:17,584 [java.util.concurrent.ThreadPoolExecutor$Worker@64e02fa4[State = -1, empty queue]] WARN  server.GrpcLogAppender (GrpcLogAppender.java:timeoutAppendRequest(200)) - c2a73e63-4533-4661-ae84-dd5a39362559@group-AC8E2A32E389->a5a7e056-72fb-437a-9ac2-af7573048f25-GrpcLogAppender: appendEntries Timeout, request=c2a73e63-4533-4661-ae84-dd5a39362559->a5a7e056-72fb-437a-9ac2-af7573048f25#77-t2, previous=(t:2, i:20), leaderCommit=16, initializing? false, entries: <empty>
2019-09-11 21:56:18,004 [java.util.concurrent.ThreadPoolExecutor$Worker@6ae5f1f8[State = -1, empty queue]] WARN  server.GrpcLogAppender (GrpcLogAppender.java:timeoutAppendRequest(200)) - 35b36fdc-90f8-4649-ab4a-4033b8c96817@group-9E5FA7894A87->b94e9841-c110-46af-9cbb-637204d6ae15-GrpcLogAppender: appendEntries Timeout, request=35b36fdc-90f8-4649-ab4a-4033b8c96817->b94e9841-c110-46af-9cbb-637204d6ae15#78-t2, previous=(t:2, i:20), leaderCommit=16, initializing? false, entries: <empty>
2019-09-11 21:56:18,004 [java.util.concurrent.ThreadPoolExecutor$Worker@4f353d25[State = -1, empty queue]] WARN  server.GrpcLogAppender (GrpcLogAppender.java:timeoutAppendRequest(200)) - 35b36fdc-90f8-4649-ab4a-4033b8c96817@group-9E5FA7894A87->cb19b877-b13a-4838-a0e1-b58882f3950d-GrpcLogAppender: appendEntries Timeout, request=35b36fdc-90f8-4649-ab4a-4033b8c96817->cb19b877-b13a-4838-a0e1-b58882f3950d#78-t2, previous=(t:2, i:20), leaderCommit=16, initializing? false, entries: <empty>
2019-09-11 21:56:18,084 [java.util.concurrent.ThreadPoolExecutor$Worker@73e5f658[State = -1, empty queue]] WARN  server.GrpcLogAppender (GrpcLogAppender.java:timeoutAppendRequest(200)) - c2a73e63-4533-4661-ae84-dd5a39362559@group-AC8E2A32E389->91f926b5-2cb1-4722-b947-953fef106990-GrpcLogAppender: appendEntries Timeout, request=c2a73e63-4533-4661-ae84-dd5a39362559->91f926b5-2cb1-4722-b947-953fef106990#78-t2, previous=(t:2, i:20), leaderCommit=16, initializing? false, entries: <empty>
2019-09-11 21:56:18,084 [java.util.concurrent.ThreadPoolExecutor$Worker@64e02fa4[State = -1, empty queue]] WARN  server.GrpcLogAppender (GrpcLogAppender.java:timeoutAppendRequest(200)) - c2a73e63-4533-4661-ae84-dd5a39362559@group-AC8E2A32E389->a5a7e056-72fb-437a-9ac2-af7573048f25-GrpcLogAppender: appendEntries Timeout, request=c2a73e63-4533-4661-ae84-dd5a39362559->a5a7e056-72fb-437a-9ac2-af7573048f25#78-t2, previous=(t:2, i:20), leaderCommit=16, initializing? false, entries: <empty>
2019-09-11 21:56:18,505 [java.util.concurrent.ThreadPoolExecutor$Worker@4f353d25[State = -1, empty queue]] WARN  server.GrpcLogAppender (GrpcLogAppender.java:timeoutAppendRequest(200)) - 35b36fdc-90f8-4649-ab4a-4033b8c96817@group-9E5FA7894A87->cb19b877-b13a-4838-a0e1-b58882f3950d-GrpcLogAppender: appendEntries Timeout, request=35b36fdc-90f8-4649-ab4a-4033b8c96817->cb19b877-b13a-4838-a0e1-b58882f3950d#79-t2, previous=(t:2, i:20), leaderCommit=16, initializing? false, entries: <empty>
2019-09-11 21:56:18,505 [java.util.concurrent.ThreadPoolExecutor$Worker@6ae5f1f8[State = -1, empty queue]] WARN  server.GrpcLogAppender (GrpcLogAppender.java:timeoutAppendRequest(200)) - 35b36fdc-90f8-4649-ab4a-4033b8c96817@group-9E5FA7894A87->b94e9841-c110-46af-9cbb-637204d6ae15-GrpcLogAppender: appendEntries Timeout, request=35b36fdc-90f8-4649-ab4a-4033b8c96817->b94e9841-c110-46af-9cbb-637204d6ae15#79-t2, previous=(t:2, i:20), leaderCommit=16, initializing? false, entries: <empty>
2019-09-11 21:56:18,584 [java.util.concurrent.ThreadPoolExecutor$Worker@73e5f658[State = -1, empty queue]] WARN  server.GrpcLogAppender (GrpcLogAppender.java:timeoutAppendRequest(200)) - c2a73e63-4533-4661-ae84-dd5a39362559@group-AC8E2A32E389->91f926b5-2cb1-4722-b947-953fef106990-GrpcLogAppender: appendEntries Timeout, request=c2a73e63-4533-4661-ae84-dd5a39362559->91f926b5-2cb1-4722-b947-953fef106990#79-t2, previous=(t:2, i:20), leaderCommit=16, initializing? false, entries: <empty>
2019-09-11 21:56:18,584 [java.util.concurrent.ThreadPoolExecutor$Worker@64e02fa4[State = -1, empty queue]] WARN  server.GrpcLogAppender (GrpcLogAppender.java:timeoutAppendRequest(200)) - c2a73e63-4533-4661-ae84-dd5a39362559@group-AC8E2A32E389->a5a7e056-72fb-437a-9ac2-af7573048f25-GrpcLogAppender: appendEntries Timeout, request=c2a73e63-4533-4661-ae84-dd5a39362559->a5a7e056-72fb-437a-9ac2-af7573048f25#79-t2, previous=(t:2, i:20), leaderCommit=16, initializing? false, entries: <empty>
2019-09-11 21:56:19,006 [java.util.concurrent.ThreadPoolExecutor$Worker@6ae5f1f8[State = -1, empty queue]] WARN  server.GrpcLogAppender (GrpcLogAppender.java:timeoutAppendRequest(200)) - 35b36fdc-90f8-4649-ab4a-4033b8c96817@group-9E5FA7894A87->b94e9841-c110-46af-9cbb-637204d6ae15-GrpcLogAppender: appendEntries Timeout, request=35b36fdc-90f8-4649-ab4a-4033b8c96817->b94e9841-c110-46af-9cbb-637204d6ae15#80-t2, previous=(t:2, i:20), leaderCommit=16, initializing? false, entries: <empty>
2019-09-11 21:56:19,006 [java.util.concurrent.ThreadPoolExecutor$Worker@4f353d25[State = -1, empty queue]] WARN  server.GrpcLogAppender (GrpcLogAppender.java:timeoutAppendRequest(200)) - 35b36fdc-90f8-4649-ab4a-4033b8c96817@group-9E5FA7894A87->cb19b877-b13a-4838-a0e1-b58882f3950d-GrpcLogAppender: appendEntries Timeout, request=35b36fdc-90f8-4649-ab4a-4033b8c96817->cb19b877-b13a-4838-a0e1-b58882f3950d#80-t2, previous=(t:2, i:20), leaderCommit=16, initializing? false, entries: <empty>
2019-09-11 21:56:19,085 [java.util.concurrent.ThreadPoolExecutor$Worker@64e02fa4[State = -1, empty queue]] WARN  server.GrpcLogAppender (GrpcLogAppender.java:timeoutAppendRequest(200)) - c2a73e63-4533-4661-ae84-dd5a39362559@group-AC8E2A32E389->a5a7e056-72fb-437a-9ac2-af7573048f25-GrpcLogAppender: appendEntries Timeout, request=c2a73e63-4533-4661-ae84-dd5a39362559->a5a7e056-72fb-437a-9ac2-af7573048f25#80-t2, previous=(t:2, i:20), leaderCommit=16, initializing? false, entries: <empty>
2019-09-11 21:56:19,085 [java.util.concurrent.ThreadPoolExecutor$Worker@73e5f658[State = -1, empty queue]] WARN  server.GrpcLogAppender (GrpcLogAppender.java:timeoutAppendRequest(200)) - c2a73e63-4533-4661-ae84-dd5a39362559@group-AC8E2A32E389->91f926b5-2cb1-4722-b947-953fef106990-GrpcLogAppender: appendEntries Timeout, request=c2a73e63-4533-4661-ae84-dd5a39362559->91f926b5-2cb1-4722-b947-953fef106990#80-t2, previous=(t:2, i:20), leaderCommit=16, initializing? false, entries: <empty>
2019-09-11 21:56:19,511 [java.util.concurrent.ThreadPoolExecutor$Worker@6ae5f1f8[State = -1, empty queue]] WARN  server.GrpcLogAppender (GrpcLogAppender.java:timeoutAppendRequest(200)) - 35b36fdc-90f8-4649-ab4a-4033b8c96817@group-9E5FA7894A87->b94e9841-c110-46af-9cbb-637204d6ae15-GrpcLogAppender: appendEntries Timeout, request=35b36fdc-90f8-4649-ab4a-4033b8c96817->b94e9841-c110-46af-9cbb-637204d6ae15#81-t2, previous=(t:2, i:20), leaderCommit=16, initializing? false, entries: <empty>
2019-09-11 21:56:19,511 [java.util.concurrent.ThreadPoolExecutor$Worker@4f353d25[State = -1, empty queue]] WARN  server.GrpcLogAppender (GrpcLogAppender.java:timeoutAppendRequest(200)) - 35b36fdc-90f8-4649-ab4a-4033b8c96817@group-9E5FA7894A87->cb19b877-b13a-4838-a0e1-b58882f3950d-GrpcLogAppender: appendEntries Timeout, request=35b36fdc-90f8-4649-ab4a-4033b8c96817->cb19b877-b13a-4838-a0e1-b58882f3950d#81-t2, previous=(t:2, i:20), leaderCommit=16, initializing? false, entries: <empty>
2019-09-11 21:56:19,585 [java.util.concurrent.ThreadPoolExecutor$Worker@64e02fa4[State = -1, empty queue]] WARN  server.GrpcLogAppender (GrpcLogAppender.java:timeoutAppendRequest(200)) - c2a73e63-4533-4661-ae84-dd5a39362559@group-AC8E2A32E389->a5a7e056-72fb-437a-9ac2-af7573048f25-GrpcLogAppender: appendEntries Timeout, request=c2a73e63-4533-4661-ae84-dd5a39362559->a5a7e056-72fb-437a-9ac2-af7573048f25#81-t2, previous=(t:2, i:20), leaderCommit=16, initializing? false, entries: <empty>
2019-09-11 21:56:19,585 [java.util.concurrent.ThreadPoolExecutor$Worker@73e5f658[State = -1, empty queue]] WARN  server.GrpcLogAppender (GrpcLogAppender.java:timeoutAppendRequest(200)) - c2a73e63-4533-4661-ae84-dd5a39362559@group-AC8E2A32E389->91f926b5-2cb1-4722-b947-953fef106990-GrpcLogAppender: appendEntries Timeout, request=c2a73e63-4533-4661-ae84-dd5a39362559->91f926b5-2cb1-4722-b947-953fef106990#81-t2, previous=(t:2, i:20), leaderCommit=16, initializing? false, entries: <empty>
2019-09-11 21:56:20,011 [java.util.concurrent.ThreadPoolExecutor$Worker@6ae5f1f8[State = -1, empty queue]] WARN  server.GrpcLogAppender (GrpcLogAppender.java:timeoutAppendRequest(200)) - 35b36fdc-90f8-4649-ab4a-4033b8c96817@group-9E5FA7894A87->b94e9841-c110-46af-9cbb-637204d6ae15-GrpcLogAppender: appendEntries Timeout, request=35b36fdc-90f8-4649-ab4a-4033b8c96817->b94e9841-c110-46af-9cbb-637204d6ae15#82-t2, previous=(t:2, i:20), leaderCommit=16, initializing? false, entries: <empty>
2019-09-11 21:56:20,011 [java.util.concurrent.ThreadPoolExecutor$Worker@4f353d25[State = -1, empty queue]] WARN  server.GrpcLogAppender (GrpcLogAppender.java:timeoutAppendRequest(200)) - 35b36fdc-90f8-4649-ab4a-4033b8c96817@group-9E5FA7894A87->cb19b877-b13a-4838-a0e1-b58882f3950d-GrpcLogAppender: appendEntries Timeout, request=35b36fdc-90f8-4649-ab4a-4033b8c96817->cb19b877-b13a-4838-a0e1-b58882f3950d#82-t2, previous=(t:2, i:20), leaderCommit=16, initializing? false, entries: <empty>
2019-09-11 21:56:20,085 [java.util.concurrent.ThreadPoolExecutor$Worker@64e02fa4[State = -1, empty queue]] WARN  server.GrpcLogAppender (GrpcLogAppender.java:timeoutAppendRequest(200)) - c2a73e63-4533-4661-ae84-dd5a39362559@group-AC8E2A32E389->a5a7e056-72fb-437a-9ac2-af7573048f25-GrpcLogAppender: appendEntries Timeout, request=c2a73e63-4533-4661-ae84-dd5a39362559->a5a7e056-72fb-437a-9ac2-af7573048f25#82-t2, previous=(t:2, i:20), leaderCommit=16, initializing? false, entries: <empty>
2019-09-11 21:56:20,085 [java.util.concurrent.ThreadPoolExecutor$Worker@73e5f658[State = -1, empty queue]] WARN  server.GrpcLogAppender (GrpcLogAppender.java:timeoutAppendRequest(200)) - c2a73e63-4533-4661-ae84-dd5a39362559@group-AC8E2A32E389->91f926b5-2cb1-4722-b947-953fef106990-GrpcLogAppender: appendEntries Timeout, request=c2a73e63-4533-4661-ae84-dd5a39362559->91f926b5-2cb1-4722-b947-953fef106990#82-t2, previous=(t:2, i:20), leaderCommit=16, initializing? false, entries: <empty>
2019-09-11 21:56:20,483 [grpc-default-executor-9] INFO  client.GrpcClientProtocolClient (GrpcClientProtocolClient.java:onNext(264)) - client-BDC949EA7344->b94e9841-c110-46af-9cbb-637204d6ae15: receive RaftClientReply:client-BDC949EA7344->b94e9841-c110-46af-9cbb-637204d6ae15@group-9E5FA7894A87, cid=42, FAILED org.apache.ratis.protocol.NotLeaderException: Server b94e9841-c110-46af-9cbb-637204d6ae15@group-9E5FA7894A87 is not the leader 35b36fdc-90f8-4649-ab4a-4033b8c96817:192.168.34.45:35400, logIndex=0, commits[b94e9841-c110-46af-9cbb-637204d6ae15:c16, cb19b877-b13a-4838-a0e1-b58882f3950d:c14, 35b36fdc-90f8-4649-ab4a-4033b8c96817:c16]
2019-09-11 21:56:20,521 [java.util.concurrent.ThreadPoolExecutor$Worker@4f353d25[State = -1, empty queue]] WARN  server.GrpcLogAppender (GrpcLogAppender.java:timeoutAppendRequest(200)) - 35b36fdc-90f8-4649-ab4a-4033b8c96817@group-9E5FA7894A87->cb19b877-b13a-4838-a0e1-b58882f3950d-GrpcLogAppender: appendEntries Timeout, request=35b36fdc-90f8-4649-ab4a-4033b8c96817->cb19b877-b13a-4838-a0e1-b58882f3950d#83-t2, previous=(t:2, i:20), leaderCommit=16, initializing? false, entries: <empty>
2019-09-11 21:56:20,521 [java.util.concurrent.ThreadPoolExecutor$Worker@6ae5f1f8[State = -1, empty queue]] WARN  server.GrpcLogAppender (GrpcLogAppender.java:timeoutAppendRequest(200)) - 35b36fdc-90f8-4649-ab4a-4033b8c96817@group-9E5FA7894A87->b94e9841-c110-46af-9cbb-637204d6ae15-GrpcLogAppender: appendEntries Timeout, request=35b36fdc-90f8-4649-ab4a-4033b8c96817->b94e9841-c110-46af-9cbb-637204d6ae15#83-t2, previous=(t:2, i:20), leaderCommit=16, initializing? false, entries: <empty>
2019-09-11 21:56:20,585 [java.util.concurrent.ThreadPoolExecutor$Worker@73e5f658[State = -1, empty queue]] WARN  server.GrpcLogAppender (GrpcLogAppender.java:timeoutAppendRequest(200)) - c2a73e63-4533-4661-ae84-dd5a39362559@group-AC8E2A32E389->91f926b5-2cb1-4722-b947-953fef106990-GrpcLogAppender: appendEntries Timeout, request=c2a73e63-4533-4661-ae84-dd5a39362559->91f926b5-2cb1-4722-b947-953fef106990#83-t2, previous=(t:2, i:20), leaderCommit=16, initializing? false, entries: <empty>
2019-09-11 21:56:20,586 [java.util.concurrent.ThreadPoolExecutor$Worker@64e02fa4[State = -1, empty queue]] WARN  server.GrpcLogAppender (GrpcLogAppender.java:timeoutAppendRequest(200)) - c2a73e63-4533-4661-ae84-dd5a39362559@group-AC8E2A32E389->a5a7e056-72fb-437a-9ac2-af7573048f25-GrpcLogAppender: appendEntries Timeout, request=c2a73e63-4533-4661-ae84-dd5a39362559->a5a7e056-72fb-437a-9ac2-af7573048f25#83-t2, previous=(t:2, i:20), leaderCommit=16, initializing? false, entries: <empty>
2019-09-11 21:56:21,021 [java.util.concurrent.ThreadPoolExecutor$Worker@4f353d25[State = -1, empty queue]] WARN  server.GrpcLogAppender (GrpcLogAppender.java:timeoutAppendRequest(200)) - 35b36fdc-90f8-4649-ab4a-4033b8c96817@group-9E5FA7894A87->cb19b877-b13a-4838-a0e1-b58882f3950d-GrpcLogAppender: appendEntries Timeout, request=35b36fdc-90f8-4649-ab4a-4033b8c96817->cb19b877-b13a-4838-a0e1-b58882f3950d#84-t2, previous=(t:2, i:20), leaderCommit=16, initializing? false, entries: <empty>
2019-09-11 21:56:21,021 [java.util.concurrent.ThreadPoolExecutor$Worker@6ae5f1f8[State = -1, empty queue]] WARN  server.GrpcLogAppender (GrpcLogAppender.java:timeoutAppendRequest(200)) - 35b36fdc-90f8-4649-ab4a-4033b8c96817@group-9E5FA7894A87->b94e9841-c110-46af-9cbb-637204d6ae15-GrpcLogAppender: appendEntries Timeout, request=35b36fdc-90f8-4649-ab4a-4033b8c96817->b94e9841-c110-46af-9cbb-637204d6ae15#84-t2, previous=(t:2, i:20), leaderCommit=16, initializing? false, entries: <empty>
2019-09-11 21:56:21,086 [java.util.concurrent.ThreadPoolExecutor$Worker@73e5f658[State = -1, empty queue]] WARN  server.GrpcLogAppender (GrpcLogAppender.java:timeoutAppendRequest(200)) - c2a73e63-4533-4661-ae84-dd5a39362559@group-AC8E2A32E389->91f926b5-2cb1-4722-b947-953fef106990-GrpcLogAppender: appendEntries Timeout, request=c2a73e63-4533-4661-ae84-dd5a39362559->91f926b5-2cb1-4722-b947-953fef106990#84-t2, previous=(t:2, i:20), leaderCommit=16, initializing? false, entries: <empty>
2019-09-11 21:56:21,086 [java.util.concurrent.ThreadPoolExecutor$Worker@64e02fa4[State = -1, empty queue]] WARN  server.GrpcLogAppender (GrpcLogAppender.java:timeoutAppendRequest(200)) - c2a73e63-4533-4661-ae84-dd5a39362559@group-AC8E2A32E389->a5a7e056-72fb-437a-9ac2-af7573048f25-GrpcLogAppender: appendEntries Timeout, request=c2a73e63-4533-4661-ae84-dd5a39362559->a5a7e056-72fb-437a-9ac2-af7573048f25#84-t2, previous=(t:2, i:20), leaderCommit=16, initializing? false, entries: <empty>
2019-09-11 21:56:21,521 [java.util.concurrent.ThreadPoolExecutor$Worker@6ae5f1f8[State = -1, empty queue]] WARN  server.GrpcLogAppender (GrpcLogAppender.java:timeoutAppendRequest(200)) - 35b36fdc-90f8-4649-ab4a-4033b8c96817@group-9E5FA7894A87->b94e9841-c110-46af-9cbb-637204d6ae15-GrpcLogAppender: appendEntries Timeout, request=35b36fdc-90f8-4649-ab4a-4033b8c96817->b94e9841-c110-46af-9cbb-637204d6ae15#85-t2, previous=(t:2, i:20), leaderCommit=16, initializing? false, entries: <empty>
2019-09-11 21:56:21,521 [java.util.concurrent.ThreadPoolExecutor$Worker@4f353d25[State = -1, empty queue]] WARN  server.GrpcLogAppender (GrpcLogAppender.java:timeoutAppendRequest(200)) - 35b36fdc-90f8-4649-ab4a-4033b8c96817@group-9E5FA7894A87->cb19b877-b13a-4838-a0e1-b58882f3950d-GrpcLogAppender: appendEntries Timeout, request=35b36fdc-90f8-4649-ab4a-4033b8c96817->cb19b877-b13a-4838-a0e1-b58882f3950d#85-t2, previous=(t:2, i:20), leaderCommit=16, initializing? false, entries: <empty>
2019-09-11 21:56:21,586 [java.util.concurrent.ThreadPoolExecutor$Worker@73e5f658[State = -1, empty queue]] WARN  server.GrpcLogAppender (GrpcLogAppender.java:timeoutAppendRequest(200)) - c2a73e63-4533-4661-ae84-dd5a39362559@group-AC8E2A32E389->91f926b5-2cb1-4722-b947-953fef106990-GrpcLogAppender: appendEntries Timeout, request=c2a73e63-4533-4661-ae84-dd5a39362559->91f926b5-2cb1-4722-b947-953fef106990#85-t2, previous=(t:2, i:20), leaderCommit=16, initializing? false, entries: <empty>
2019-09-11 21:56:21,586 [java.util.concurrent.ThreadPoolExecutor$Worker@64e02fa4[State = -1, empty queue]] WARN  server.GrpcLogAppender (GrpcLogAppender.java:timeoutAppendRequest(200)) - c2a73e63-4533-4661-ae84-dd5a39362559@group-AC8E2A32E389->a5a7e056-72fb-437a-9ac2-af7573048f25-GrpcLogAppender: appendEntries Timeout, request=c2a73e63-4533-4661-ae84-dd5a39362559->a5a7e056-72fb-437a-9ac2-af7573048f25#85-t2, previous=(t:2, i:20), leaderCommit=16, initializing? false, entries: <empty>
2019-09-11 21:56:22,022 [java.util.concurrent.ThreadPoolExecutor$Worker@6ae5f1f8[State = -1, empty queue]] WARN  server.GrpcLogAppender (GrpcLogAppender.java:timeoutAppendRequest(200)) - 35b36fdc-90f8-4649-ab4a-4033b8c96817@group-9E5FA7894A87->b94e9841-c110-46af-9cbb-637204d6ae15-GrpcLogAppender: appendEntries Timeout, request=35b36fdc-90f8-4649-ab4a-4033b8c96817->b94e9841-c110-46af-9cbb-637204d6ae15#86-t2, previous=(t:2, i:20), leaderCommit=16, initializing? false, entries: <empty>
2019-09-11 21:56:22,022 [java.util.concurrent.ThreadPoolExecutor$Worker@4f353d25[State = -1, empty queue]] WARN  server.GrpcLogAppender (GrpcLogAppender.java:timeoutAppendRequest(200)) - 35b36fdc-90f8-4649-ab4a-4033b8c96817@group-9E5FA7894A87->cb19b877-b13a-4838-a0e1-b58882f3950d-GrpcLogAppender: appendEntries Timeout, request=35b36fdc-90f8-4649-ab4a-4033b8c96817->cb19b877-b13a-4838-a0e1-b58882f3950d#86-t2, previous=(t:2, i:20), leaderCommit=16, initializing? false, entries: <empty>
2019-09-11 21:56:22,086 [java.util.concurrent.ThreadPoolExecutor$Worker@73e5f658[State = -1, empty queue]] WARN  server.GrpcLogAppender (GrpcLogAppender.java:timeoutAppendRequest(200)) - c2a73e63-4533-4661-ae84-dd5a39362559@group-AC8E2A32E389->91f926b5-2cb1-4722-b947-953fef106990-GrpcLogAppender: appendEntries Timeout, request=c2a73e63-4533-4661-ae84-dd5a39362559->91f926b5-2cb1-4722-b947-953fef106990#86-t2, previous=(t:2, i:20), leaderCommit=16, initializing? false, entries: <empty>
2019-09-11 21:56:22,086 [java.util.concurrent.ThreadPoolExecutor$Worker@64e02fa4[State = -1, empty queue]] WARN  server.GrpcLogAppender (GrpcLogAppender.java:timeoutAppendRequest(200)) - c2a73e63-4533-4661-ae84-dd5a39362559@group-AC8E2A32E389->a5a7e056-72fb-437a-9ac2-af7573048f25-GrpcLogAppender: appendEntries Timeout, request=c2a73e63-4533-4661-ae84-dd5a39362559->a5a7e056-72fb-437a-9ac2-af7573048f25#86-t2, previous=(t:2, i:20), leaderCommit=16, initializing? false, entries: <empty>
2019-09-11 21:56:22,522 [java.util.concurrent.ThreadPoolExecutor$Worker@4f353d25[State = -1, empty queue]] WARN  server.GrpcLogAppender (GrpcLogAppender.java:timeoutAppendRequest(200)) - 35b36fdc-90f8-4649-ab4a-4033b8c96817@group-9E5FA7894A87->cb19b877-b13a-4838-a0e1-b58882f3950d-GrpcLogAppender: appendEntries Timeout, request=35b36fdc-90f8-4649-ab4a-4033b8c96817->cb19b877-b13a-4838-a0e1-b58882f3950d#87-t2, previous=(t:2, i:20), leaderCommit=16, initializing? false, entries: <empty>
2019-09-11 21:56:22,522 [java.util.concurrent.ThreadPoolExecutor$Worker@6ae5f1f8[State = -1, empty queue]] WARN  server.GrpcLogAppender (GrpcLogAppender.java:timeoutAppendRequest(200)) - 35b36fdc-90f8-4649-ab4a-4033b8c96817@group-9E5FA7894A87->b94e9841-c110-46af-9cbb-637204d6ae15-GrpcLogAppender: appendEntries Timeout, request=35b36fdc-90f8-4649-ab4a-4033b8c96817->b94e9841-c110-46af-9cbb-637204d6ae15#87-t2, previous=(t:2, i:20), leaderCommit=16, initializing? false, entries: <empty>
2019-09-11 21:56:22,587 [java.util.concurrent.ThreadPoolExecutor$Worker@73e5f658[State = -1, empty queue]] WARN  server.GrpcLogAppender (GrpcLogAppender.java:timeoutAppendRequest(200)) - c2a73e63-4533-4661-ae84-dd5a39362559@group-AC8E2A32E389->91f926b5-2cb1-4722-b947-953fef106990-GrpcLogAppender: appendEntries Timeout, request=c2a73e63-4533-4661-ae84-dd5a39362559->91f926b5-2cb1-4722-b947-953fef106990#87-t2, previous=(t:2, i:20), leaderCommit=16, initializing? false, entries: <empty>
2019-09-11 21:56:22,587 [java.util.concurrent.ThreadPoolExecutor$Worker@64e02fa4[State = -1, empty queue]] WARN  server.GrpcLogAppender (GrpcLogAppender.java:timeoutAppendRequest(200)) - c2a73e63-4533-4661-ae84-dd5a39362559@group-AC8E2A32E389->a5a7e056-72fb-437a-9ac2-af7573048f25-GrpcLogAppender: appendEntries Timeout, request=c2a73e63-4533-4661-ae84-dd5a39362559->a5a7e056-72fb-437a-9ac2-af7573048f25#87-t2, previous=(t:2, i:20), leaderCommit=16, initializing? false, entries: <empty>
2019-09-11 21:56:23,022 [java.util.concurrent.ThreadPoolExecutor$Worker@4f353d25[State = -1, empty queue]] WARN  server.GrpcLogAppender (GrpcLogAppender.java:timeoutAppendRequest(200)) - 35b36fdc-90f8-4649-ab4a-4033b8c96817@group-9E5FA7894A87->cb19b877-b13a-4838-a0e1-b58882f3950d-GrpcLogAppender: appendEntries Timeout, request=35b36fdc-90f8-4649-ab4a-4033b8c96817->cb19b877-b13a-4838-a0e1-b58882f3950d#88-t2, previous=(t:2, i:20), leaderCommit=16, initializing? false, entries: <empty>
2019-09-11 21:56:23,022 [java.util.concurrent.ThreadPoolExecutor$Worker@6ae5f1f8[State = -1, empty queue]] WARN  server.GrpcLogAppender (GrpcLogAppender.java:timeoutAppendRequest(200)) - 35b36fdc-90f8-4649-ab4a-4033b8c96817@group-9E5FA7894A87->b94e9841-c110-46af-9cbb-637204d6ae15-GrpcLogAppender: appendEntries Timeout, request=35b36fdc-90f8-4649-ab4a-4033b8c96817->b94e9841-c110-46af-9cbb-637204d6ae15#88-t2, previous=(t:2, i:20), leaderCommit=16, initializing? false, entries: <empty>
2019-09-11 21:56:23,087 [java.util.concurrent.ThreadPoolExecutor$Worker@64e02fa4[State = -1, empty queue]] WARN  server.GrpcLogAppender (GrpcLogAppender.java:timeoutAppendRequest(200)) - c2a73e63-4533-4661-ae84-dd5a39362559@group-AC8E2A32E389->a5a7e056-72fb-437a-9ac2-af7573048f25-GrpcLogAppender: appendEntries Timeout, request=c2a73e63-4533-4661-ae84-dd5a39362559->a5a7e056-72fb-437a-9ac2-af7573048f25#88-t2, previous=(t:2, i:20), leaderCommit=16, initializing? false, entries: <empty>
2019-09-11 21:56:23,087 [java.util.concurrent.ThreadPoolExecutor$Worker@73e5f658[State = -1, empty queue]] WARN  server.GrpcLogAppender (GrpcLogAppender.java:timeoutAppendRequest(200)) - c2a73e63-4533-4661-ae84-dd5a39362559@group-AC8E2A32E389->91f926b5-2cb1-4722-b947-953fef106990-GrpcLogAppender: appendEntries Timeout, request=c2a73e63-4533-4661-ae84-dd5a39362559->91f926b5-2cb1-4722-b947-953fef106990#88-t2, previous=(t:2, i:20), leaderCommit=16, initializing? false, entries: <empty>
2019-09-11 21:56:23,526 [java.util.concurrent.ThreadPoolExecutor$Worker@6ae5f1f8[State = -1, empty queue]] WARN  server.GrpcLogAppender (GrpcLogAppender.java:timeoutAppendRequest(200)) - 35b36fdc-90f8-4649-ab4a-4033b8c96817@group-9E5FA7894A87->b94e9841-c110-46af-9cbb-637204d6ae15-GrpcLogAppender: appendEntries Timeout, request=35b36fdc-90f8-4649-ab4a-4033b8c96817->b94e9841-c110-46af-9cbb-637204d6ae15#89-t2, previous=(t:2, i:20), leaderCommit=16, initializing? false, entries: <empty>
2019-09-11 21:56:23,526 [main] WARN  io.KeyOutputStream (KeyOutputStream.java:handleException(276)) - Encountered exception java.io.IOException: Unexpected Storage Container Exception: java.util.concurrent.CompletionException: java.util.concurrent.CompletionException: org.apache.ratis.protocol.RaftRetryFailureException: Failed RaftClientRequest:client-BDC949EA7344->35b36fdc-90f8-4649-ab4a-4033b8c96817@group-9E5FA7894A87, cid=42, seq=9*, RW, org.apache.hadoop.hdds.scm.XceiverClientRatis$$Lambda$451/1069131391@35e6548 for 10 attempts with RetryLimited(maxAttempts=10, sleepTime=1000ms) on the pipeline Pipeline[ Id: 21333f8e-bd9d-4292-95b6-9e5fa7894a87, Nodes: 35b36fdc-90f8-4649-ab4a-4033b8c96817{ip: 192.168.34.45, host: pr-hdds-2106-g2ln6-2689029927, networkLocation: /default-rack, certSerialId: null}b94e9841-c110-46af-9cbb-637204d6ae15{ip: 192.168.34.45, host: pr-hdds-2106-g2ln6-2689029927, networkLocation: /default-rack, certSerialId: null}cb19b877-b13a-4838-a0e1-b58882f3950d{ip: 192.168.34.45, host: pr-hdds-2106-g2ln6-2689029927, networkLocation: /default-rack, certSerialId: null}, Type:RATIS, Factor:THREE, State:OPEN]. The last committed block length is 0, uncommitted data length is 2097152 retry count 0
2019-09-11 21:56:23,526 [java.util.concurrent.ThreadPoolExecutor$Worker@4f353d25[State = -1, empty queue]] WARN  server.GrpcLogAppender (GrpcLogAppender.java:timeoutAppendRequest(200)) - 35b36fdc-90f8-4649-ab4a-4033b8c96817@group-9E5FA7894A87->cb19b877-b13a-4838-a0e1-b58882f3950d-GrpcLogAppender: appendEntries Timeout, request=35b36fdc-90f8-4649-ab4a-4033b8c96817->cb19b877-b13a-4838-a0e1-b58882f3950d#89-t2, previous=(t:2, i:20), leaderCommit=16, initializing? false, entries: <empty>
2019-09-11 21:56:23,587 [java.util.concurrent.ThreadPoolExecutor$Worker@64e02fa4[State = -1, empty queue]] WARN  server.GrpcLogAppender (GrpcLogAppender.java:timeoutAppendRequest(200)) - c2a73e63-4533-4661-ae84-dd5a39362559@group-AC8E2A32E389->a5a7e056-72fb-437a-9ac2-af7573048f25-GrpcLogAppender: appendEntries Timeout, request=c2a73e63-4533-4661-ae84-dd5a39362559->a5a7e056-72fb-437a-9ac2-af7573048f25#89-t2, previous=(t:2, i:20), leaderCommit=16, initializing? false, entries: <empty>
2019-09-11 21:56:23,587 [java.util.concurrent.ThreadPoolExecutor$Worker@73e5f658[State = -1, empty queue]] WARN  server.GrpcLogAppender (GrpcLogAppender.java:timeoutAppendRequest(200)) - c2a73e63-4533-4661-ae84-dd5a39362559@group-AC8E2A32E389->91f926b5-2cb1-4722-b947-953fef106990-GrpcLogAppender: appendEntries Timeout, request=c2a73e63-4533-4661-ae84-dd5a39362559->91f926b5-2cb1-4722-b947-953fef106990#89-t2, previous=(t:2, i:20), leaderCommit=16, initializing? false, entries: <empty>
2019-09-11 21:56:23,952 [grpc-default-executor-11] INFO  client.GrpcClientProtocolClient (GrpcClientProtocolClient.java:onNext(264)) - client-44ED07ED1DE3->b90393f0-91c9-4286-839e-32ae26f144bd: receive RaftClientReply:client-44ED07ED1DE3->b90393f0-91c9-4286-839e-32ae26f144bd@group-50C9D9F18802, cid=46, SUCCESS, logIndex=1, commits[b90393f0-91c9-4286-839e-32ae26f144bd:c1, b8cc5711-5e40-41ff-95d6-57cfdaa6737f:c0, a5cc9080-cfb9-4240-b5a2-6affb7ccbad1:c0]
2019-09-11 21:56:24,012 [grpc-default-executor-11] INFO  client.GrpcClientProtocolClient (GrpcClientProtocolClient.java:onNext(264)) - client-44ED07ED1DE3->b90393f0-91c9-4286-839e-32ae26f144bd: receive RaftClientReply:client-44ED07ED1DE3->b90393f0-91c9-4286-839e-32ae26f144bd@group-50C9D9F18802, cid=47, SUCCESS, logIndex=3, commits[b90393f0-91c9-4286-839e-32ae26f144bd:c8, b8cc5711-5e40-41ff-95d6-57cfdaa6737f:c6, a5cc9080-cfb9-4240-b5a2-6affb7ccbad1:c6]
2019-09-11 21:56:24,013 [grpc-default-executor-11] INFO  client.GrpcClientProtocolClient (GrpcClientProtocolClient.java:onNext(264)) - client-44ED07ED1DE3->b90393f0-91c9-4286-839e-32ae26f144bd: receive RaftClientReply:client-44ED07ED1DE3->b90393f0-91c9-4286-839e-32ae26f144bd@group-50C9D9F18802, cid=48, SUCCESS, logIndex=4, commits[b90393f0-91c9-4286-839e-32ae26f144bd:c8, b8cc5711-5e40-41ff-95d6-57cfdaa6737f:c6, a5cc9080-cfb9-4240-b5a2-6affb7ccbad1:c6]
2019-09-11 21:56:24,025 [java.util.concurrent.ThreadPoolExecutor$Worker@6ae5f1f8[State = -1, empty queue]] WARN  server.GrpcLogAppender (GrpcLogAppender.java:timeoutAppendRequest(200)) - 35b36fdc-90f8-4649-ab4a-4033b8c96817@group-9E5FA7894A87->b94e9841-c110-46af-9cbb-637204d6ae15-GrpcLogAppender: appendEntries Timeout, request=35b36fdc-90f8-4649-ab4a-4033b8c96817->b94e9841-c110-46af-9cbb-637204d6ae15#90-t2, previous=(t:2, i:20), leaderCommit=16, initializing? false, entries: <empty>
2019-09-11 21:56:24,025 [java.util.concurrent.ThreadPoolExecutor$Worker@4f353d25[State = -1, empty queue]] WARN  server.GrpcLogAppender (GrpcLogAppender.java:timeoutAppendRequest(200)) - 35b36fdc-90f8-4649-ab4a-4033b8c96817@group-9E5FA7894A87->cb19b877-b13a-4838-a0e1-b58882f3950d-GrpcLogAppender: appendEntries Timeout, request=35b36fdc-90f8-4649-ab4a-4033b8c96817->cb19b877-b13a-4838-a0e1-b58882f3950d#90-t2, previous=(t:2, i:20), leaderCommit=16, initializing? false, entries: <empty>
2019-09-11 21:56:24,088 [java.util.concurrent.ThreadPoolExecutor$Worker@64e02fa4[State = -1, empty queue]] WARN  server.GrpcLogAppender (GrpcLogAppender.java:timeoutAppendRequest(200)) - c2a73e63-4533-4661-ae84-dd5a39362559@group-AC8E2A32E389->a5a7e056-72fb-437a-9ac2-af7573048f25-GrpcLogAppender: appendEntries Timeout, request=c2a73e63-4533-4661-ae84-dd5a39362559->a5a7e056-72fb-437a-9ac2-af7573048f25#90-t2, previous=(t:2, i:20), leaderCommit=16, initializing? false, entries: <empty>
2019-09-11 21:56:24,088 [java.util.concurrent.ThreadPoolExecutor$Worker@73e5f658[State = -1, empty queue]] WARN  server.GrpcLogAppender (GrpcLogAppender.java:timeoutAppendRequest(200)) - c2a73e63-4533-4661-ae84-dd5a39362559@group-AC8E2A32E389->91f926b5-2cb1-4722-b947-953fef106990-GrpcLogAppender: appendEntries Timeout, request=c2a73e63-4533-4661-ae84-dd5a39362559->91f926b5-2cb1-4722-b947-953fef106990#90-t2, previous=(t:2, i:20), leaderCommit=16, initializing? false, entries: <empty>
2019-09-11 21:56:24,120 [grpc-default-executor-9] INFO  client.GrpcClientProtocolClient (GrpcClientProtocolClient.java:onNext(264)) - client-44ED07ED1DE3->b90393f0-91c9-4286-839e-32ae26f144bd: receive RaftClientReply:client-44ED07ED1DE3->b90393f0-91c9-4286-839e-32ae26f144bd@group-50C9D9F18802, cid=49, SUCCESS, logIndex=5, commits[b90393f0-91c9-4286-839e-32ae26f144bd:c8, b8cc5711-5e40-41ff-95d6-57cfdaa6737f:c6, a5cc9080-cfb9-4240-b5a2-6affb7ccbad1:c6]
2019-09-11 21:56:24,541 [java.util.concurrent.ThreadPoolExecutor$Worker@4f353d25[State = -1, empty queue]] WARN  server.GrpcLogAppender (GrpcLogAppender.java:timeoutAppendRequest(200)) - 35b36fdc-90f8-4649-ab4a-4033b8c96817@group-9E5FA7894A87->cb19b877-b13a-4838-a0e1-b58882f3950d-GrpcLogAppender: appendEntries Timeout, request=35b36fdc-90f8-4649-ab4a-4033b8c96817->cb19b877-b13a-4838-a0e1-b58882f3950d#91-t2, previous=(t:2, i:20), leaderCommit=16, initializing? false, entries: <empty>
2019-09-11 21:56:24,541 [java.util.concurrent.ThreadPoolExecutor$Worker@6ae5f1f8[State = -1, empty queue]] WARN  server.GrpcLogAppender (GrpcLogAppender.java:timeoutAppendRequest(200)) - 35b36fdc-90f8-4649-ab4a-4033b8c96817@group-9E5FA7894A87->b94e9841-c110-46af-9cbb-637204d6ae15-GrpcLogAppender: appendEntries Timeout, request=35b36fdc-90f8-4649-ab4a-4033b8c96817->b94e9841-c110-46af-9cbb-637204d6ae15#91-t2, previous=(t:2, i:20), leaderCommit=16, initializing? false, entries: <empty>
2019-09-11 21:56:24,588 [java.util.concurrent.ThreadPoolExecutor$Worker@64e02fa4[State = -1, empty queue]] WARN  server.GrpcLogAppender (GrpcLogAppender.java:timeoutAppendRequest(200)) - c2a73e63-4533-4661-ae84-dd5a39362559@group-AC8E2A32E389->a5a7e056-72fb-437a-9ac2-af7573048f25-GrpcLogAppender: appendEntries Timeout, request=c2a73e63-4533-4661-ae84-dd5a39362559->a5a7e056-72fb-437a-9ac2-af7573048f25#91-t2, previous=(t:2, i:20), leaderCommit=16, initializing? false, entries: <empty>
2019-09-11 21:56:24,588 [java.util.concurrent.ThreadPoolExecutor$Worker@73e5f658[State = -1, empty queue]] WARN  server.GrpcLogAppender (GrpcLogAppender.java:timeoutAppendRequest(200)) - c2a73e63-4533-4661-ae84-dd5a39362559@group-AC8E2A32E389->91f926b5-2cb1-4722-b947-953fef106990-GrpcLogAppender: appendEntries Timeout, request=c2a73e63-4533-4661-ae84-dd5a39362559->91f926b5-2cb1-4722-b947-953fef106990#91-t2, previous=(t:2, i:20), leaderCommit=16, initializing? false, entries: <empty>
2019-09-11 21:56:24,673 [Datanode State Machine Thread - 0] INFO  statemachine.DatanodeStateMachine (DatanodeStateMachine.java:lambda$startDaemon$0(350)) - Ozone container server started.
2019-09-11 21:56:25,042 [java.util.concurrent.ThreadPoolExecutor$Worker@4f353d25[State = -1, empty queue]] WARN  server.GrpcLogAppender (GrpcLogAppender.java:timeoutAppendRequest(200)) - 35b36fdc-90f8-4649-ab4a-4033b8c96817@group-9E5FA7894A87->cb19b877-b13a-4838-a0e1-b58882f3950d-GrpcLogAppender: appendEntries Timeout, request=35b36fdc-90f8-4649-ab4a-4033b8c96817->cb19b877-b13a-4838-a0e1-b58882f3950d#92-t2, previous=(t:2, i:20), leaderCommit=16, initializing? false, entries: <empty>
2019-09-11 21:56:25,042 [java.util.concurrent.ThreadPoolExecutor$Worker@6ae5f1f8[State = -1, empty queue]] WARN  server.GrpcLogAppender (GrpcLogAppender.java:timeoutAppendRequest(200)) - 35b36fdc-90f8-4649-ab4a-4033b8c96817@group-9E5FA7894A87->b94e9841-c110-46af-9cbb-637204d6ae15-GrpcLogAppender: appendEntries Timeout, request=35b36fdc-90f8-4649-ab4a-4033b8c96817->b94e9841-c110-46af-9cbb-637204d6ae15#92-t2, previous=(t:2, i:20), leaderCommit=16, initializing? false, entries: <empty>
2019-09-11 21:56:25,088 [java.util.concurrent.ThreadPoolExecutor$Worker@73e5f658[State = -1, empty queue]] WARN  server.GrpcLogAppender (GrpcLogAppender.java:timeoutAppendRequest(200)) - c2a73e63-4533-4661-ae84-dd5a39362559@group-AC8E2A32E389->91f926b5-2cb1-4722-b947-953fef106990-GrpcLogAppender: appendEntries Timeout, request=c2a73e63-4533-4661-ae84-dd5a39362559->91f926b5-2cb1-4722-b947-953fef106990#92-t2, previous=(t:2, i:20), leaderCommit=16, initializing? false, entries: <empty>
2019-09-11 21:56:25,088 [java.util.concurrent.ThreadPoolExecutor$Worker@64e02fa4[State = -1, empty queue]] WARN  server.GrpcLogAppender (GrpcLogAppender.java:timeoutAppendRequest(200)) - c2a73e63-4533-4661-ae84-dd5a39362559@group-AC8E2A32E389->a5a7e056-72fb-437a-9ac2-af7573048f25-GrpcLogAppender: appendEntries Timeout, request=c2a73e63-4533-4661-ae84-dd5a39362559->a5a7e056-72fb-437a-9ac2-af7573048f25#92-t2, previous=(t:2, i:20), leaderCommit=16, initializing? false, entries: <empty>
2019-09-11 21:56:25,486 [35b36fdc-90f8-4649-ab4a-4033b8c96817@group-9E5FA7894A87-SegmentedRaftLogWorker] WARN  segmented.SegmentedRaftLogWorker (SegmentedRaftLogWorker.java:getFromFuture(90)) - Timeout 1/~
org.apache.ratis.protocol.TimeoutIOException: Timeout 10s: WriteLog:19: (t:2, i:19), STATEMACHINELOGENTRY, client-BDC949EA7344, cid=44-writeStateMachineData
	at org.apache.ratis.util.IOUtils.getFromFuture(IOUtils.java:87)
	at org.apache.ratis.server.raftlog.segmented.SegmentedRaftLogWorker$StateMachineDataPolicy.getFromFuture(SegmentedRaftLogWorker.java:87)
	at org.apache.ratis.server.raftlog.segmented.SegmentedRaftLogWorker$WriteLog.execute(SegmentedRaftLogWorker.java:477)
	at org.apache.ratis.server.raftlog.segmented.SegmentedRaftLogWorker.run(SegmentedRaftLogWorker.java:289)
	at java.lang.Thread.run(Thread.java:748)
Caused by: java.util.concurrent.TimeoutException
	at java.util.concurrent.CompletableFuture.timedGet(CompletableFuture.java:1771)
	at java.util.concurrent.CompletableFuture.get(CompletableFuture.java:1915)
	at org.apache.ratis.util.IOUtils.getFromFuture(IOUtils.java:79)
	... 4 more
2019-09-11 21:56:25,551 [java.util.concurrent.ThreadPoolExecutor$Worker@6ae5f1f8[State = -1, empty queue]] WARN  server.GrpcLogAppender (GrpcLogAppender.java:timeoutAppendRequest(200)) - 35b36fdc-90f8-4649-ab4a-4033b8c96817@group-9E5FA7894A87->b94e9841-c110-46af-9cbb-637204d6ae15-GrpcLogAppender: appendEntries Timeout, request=35b36fdc-90f8-4649-ab4a-4033b8c96817->b94e9841-c110-46af-9cbb-637204d6ae15#93-t2, previous=(t:2, i:20), leaderCommit=16, initializing? false, entries: <empty>
2019-09-11 21:56:25,551 [java.util.concurrent.ThreadPoolExecutor$Worker@4f353d25[State = -1, empty queue]] WARN  server.GrpcLogAppender (GrpcLogAppender.java:timeoutAppendRequest(200)) - 35b36fdc-90f8-4649-ab4a-4033b8c96817@group-9E5FA7894A87->cb19b877-b13a-4838-a0e1-b58882f3950d-GrpcLogAppender: appendEntries Timeout, request=35b36fdc-90f8-4649-ab4a-4033b8c96817->cb19b877-b13a-4838-a0e1-b58882f3950d#93-t2, previous=(t:2, i:20), leaderCommit=16, initializing? false, entries: <empty>
2019-09-11 21:56:25,579 [b94e9841-c110-46af-9cbb-637204d6ae15@group-9E5FA7894A87-SegmentedRaftLogWorker] WARN  segmented.SegmentedRaftLogWorker (SegmentedRaftLogWorker.java:getFromFuture(90)) - Timeout 1/~
org.apache.ratis.protocol.TimeoutIOException: Timeout 10s: WriteLog:19: (t:2, i:19), STATEMACHINELOGENTRY, client-BDC949EA7344, cid=44-writeStateMachineData
	at org.apache.ratis.util.IOUtils.getFromFuture(IOUtils.java:87)
	at org.apache.ratis.server.raftlog.segmented.SegmentedRaftLogWorker$StateMachineDataPolicy.getFromFuture(SegmentedRaftLogWorker.java:87)
	at org.apache.ratis.server.raftlog.segmented.SegmentedRaftLogWorker$WriteLog.execute(SegmentedRaftLogWorker.java:477)
	at org.apache.ratis.server.raftlog.segmented.SegmentedRaftLogWorker.run(SegmentedRaftLogWorker.java:289)
	at java.lang.Thread.run(Thread.java:748)
Caused by: java.util.concurrent.TimeoutException
	at java.util.concurrent.CompletableFuture.timedGet(CompletableFuture.java:1771)
	at java.util.concurrent.CompletableFuture.get(CompletableFuture.java:1915)
	at org.apache.ratis.util.IOUtils.getFromFuture(IOUtils.java:79)
	... 4 more
2019-09-11 21:56:25,580 [cb19b877-b13a-4838-a0e1-b58882f3950d@group-9E5FA7894A87-SegmentedRaftLogWorker] WARN  segmented.SegmentedRaftLogWorker (SegmentedRaftLogWorker.java:getFromFuture(90)) - Timeout 1/~
org.apache.ratis.protocol.TimeoutIOException: Timeout 10s: WriteLog:19: (t:2, i:19), STATEMACHINELOGENTRY, client-BDC949EA7344, cid=44-writeStateMachineData
	at org.apache.ratis.util.IOUtils.getFromFuture(IOUtils.java:87)
	at org.apache.ratis.server.raftlog.segmented.SegmentedRaftLogWorker$StateMachineDataPolicy.getFromFuture(SegmentedRaftLogWorker.java:87)
	at org.apache.ratis.server.raftlog.segmented.SegmentedRaftLogWorker$WriteLog.execute(SegmentedRaftLogWorker.java:477)
	at org.apache.ratis.server.raftlog.segmented.SegmentedRaftLogWorker.run(SegmentedRaftLogWorker.java:289)
	at java.lang.Thread.run(Thread.java:748)
Caused by: java.util.concurrent.TimeoutException
	at java.util.concurrent.CompletableFuture.timedGet(CompletableFuture.java:1771)
	at java.util.concurrent.CompletableFuture.get(CompletableFuture.java:1915)
	at org.apache.ratis.util.IOUtils.getFromFuture(IOUtils.java:79)
	... 4 more
2019-09-11 21:56:25,588 [java.util.concurrent.ThreadPoolExecutor$Worker@64e02fa4[State = -1, empty queue]] WARN  server.GrpcLogAppender (GrpcLogAppender.java:timeoutAppendRequest(200)) - c2a73e63-4533-4661-ae84-dd5a39362559@group-AC8E2A32E389->a5a7e056-72fb-437a-9ac2-af7573048f25-GrpcLogAppender: appendEntries Timeout, request=c2a73e63-4533-4661-ae84-dd5a39362559->a5a7e056-72fb-437a-9ac2-af7573048f25#93-t2, previous=(t:2, i:20), leaderCommit=16, initializing? false, entries: <empty>
2019-09-11 21:56:25,588 [java.util.concurrent.ThreadPoolExecutor$Worker@73e5f658[State = -1, empty queue]] WARN  server.GrpcLogAppender (GrpcLogAppender.java:timeoutAppendRequest(200)) - c2a73e63-4533-4661-ae84-dd5a39362559@group-AC8E2A32E389->91f926b5-2cb1-4722-b947-953fef106990-GrpcLogAppender: appendEntries Timeout, request=c2a73e63-4533-4661-ae84-dd5a39362559->91f926b5-2cb1-4722-b947-953fef106990#93-t2, previous=(t:2, i:20), leaderCommit=16, initializing? false, entries: <empty>
2019-09-11 21:56:26,051 [java.util.concurrent.ThreadPoolExecutor$Worker@4f353d25[State = -1, empty queue]] WARN  server.GrpcLogAppender (GrpcLogAppender.java:timeoutAppendRequest(200)) - 35b36fdc-90f8-4649-ab4a-4033b8c96817@group-9E5FA7894A87->cb19b877-b13a-4838-a0e1-b58882f3950d-GrpcLogAppender: appendEntries Timeout, request=35b36fdc-90f8-4649-ab4a-4033b8c96817->cb19b877-b13a-4838-a0e1-b58882f3950d#94-t2, previous=(t:2, i:20), leaderCommit=16, initializing? false, entries: <empty>
2019-09-11 21:56:26,051 [java.util.concurrent.ThreadPoolExecutor$Worker@6ae5f1f8[State = -1, empty queue]] WARN  server.GrpcLogAppender (GrpcLogAppender.java:timeoutAppendRequest(200)) - 35b36fdc-90f8-4649-ab4a-4033b8c96817@group-9E5FA7894A87->b94e9841-c110-46af-9cbb-637204d6ae15-GrpcLogAppender: appendEntries Timeout, request=35b36fdc-90f8-4649-ab4a-4033b8c96817->b94e9841-c110-46af-9cbb-637204d6ae15#94-t2, previous=(t:2, i:20), leaderCommit=16, initializing? false, entries: <empty>
2019-09-11 21:56:26,089 [java.util.concurrent.ThreadPoolExecutor$Worker@64e02fa4[State = -1, empty queue]] WARN  server.GrpcLogAppender (GrpcLogAppender.java:timeoutAppendRequest(200)) - c2a73e63-4533-4661-ae84-dd5a39362559@group-AC8E2A32E389->a5a7e056-72fb-437a-9ac2-af7573048f25-GrpcLogAppender: appendEntries Timeout, request=c2a73e63-4533-4661-ae84-dd5a39362559->a5a7e056-72fb-437a-9ac2-af7573048f25#94-t2, previous=(t:2, i:20), leaderCommit=16, initializing? false, entries: <empty>
2019-09-11 21:56:26,089 [java.util.concurrent.ThreadPoolExecutor$Worker@73e5f658[State = -1, empty queue]] WARN  server.GrpcLogAppender (GrpcLogAppender.java:timeoutAppendRequest(200)) - c2a73e63-4533-4661-ae84-dd5a39362559@group-AC8E2A32E389->91f926b5-2cb1-4722-b947-953fef106990-GrpcLogAppender: appendEntries Timeout, request=c2a73e63-4533-4661-ae84-dd5a39362559->91f926b5-2cb1-4722-b947-953fef106990#94-t2, previous=(t:2, i:20), leaderCommit=16, initializing? false, entries: <empty>
2019-09-11 21:56:26,555 [java.util.concurrent.ThreadPoolExecutor$Worker@6ae5f1f8[State = -1, empty queue]] WARN  server.GrpcLogAppender (GrpcLogAppender.java:timeoutAppendRequest(200)) - 35b36fdc-90f8-4649-ab4a-4033b8c96817@group-9E5FA7894A87->b94e9841-c110-46af-9cbb-637204d6ae15-GrpcLogAppender: appendEntries Timeout, request=35b36fdc-90f8-4649-ab4a-4033b8c96817->b94e9841-c110-46af-9cbb-637204d6ae15#95-t2, previous=(t:2, i:20), leaderCommit=16, initializing? false, entries: <empty>
2019-09-11 21:56:26,560 [java.util.concurrent.ThreadPoolExecutor$Worker@4f353d25[State = -1, empty queue]] WARN  server.GrpcLogAppender (GrpcLogAppender.java:timeoutAppendRequest(200)) - 35b36fdc-90f8-4649-ab4a-4033b8c96817@group-9E5FA7894A87->cb19b877-b13a-4838-a0e1-b58882f3950d-GrpcLogAppender: appendEntries Timeout, request=35b36fdc-90f8-4649-ab4a-4033b8c96817->cb19b877-b13a-4838-a0e1-b58882f3950d#95-t2, previous=(t:2, i:20), leaderCommit=16, initializing? false, entries: <empty>
2019-09-11 21:56:26,590 [java.util.concurrent.ThreadPoolExecutor$Worker@64e02fa4[State = -1, empty queue]] WARN  server.GrpcLogAppender (GrpcLogAppender.java:timeoutAppendRequest(200)) - c2a73e63-4533-4661-ae84-dd5a39362559@group-AC8E2A32E389->a5a7e056-72fb-437a-9ac2-af7573048f25-GrpcLogAppender: appendEntries Timeout, request=c2a73e63-4533-4661-ae84-dd5a39362559->a5a7e056-72fb-437a-9ac2-af7573048f25#95-t2, previous=(t:2, i:20), leaderCommit=16, initializing? false, entries: <empty>
2019-09-11 21:56:26,590 [java.util.concurrent.ThreadPoolExecutor$Worker@73e5f658[State = -1, empty queue]] WARN  server.GrpcLogAppender (GrpcLogAppender.java:timeoutAppendRequest(200)) - c2a73e63-4533-4661-ae84-dd5a39362559@group-AC8E2A32E389->91f926b5-2cb1-4722-b947-953fef106990-GrpcLogAppender: appendEntries Timeout, request=c2a73e63-4533-4661-ae84-dd5a39362559->91f926b5-2cb1-4722-b947-953fef106990#95-t2, previous=(t:2, i:20), leaderCommit=16, initializing? false, entries: <empty>
2019-09-11 21:56:26,644 [c2a73e63-4533-4661-ae84-dd5a39362559@group-AC8E2A32E389-SegmentedRaftLogWorker] WARN  segmented.SegmentedRaftLogWorker (SegmentedRaftLogWorker.java:getFromFuture(90)) - Timeout 3/~
org.apache.ratis.protocol.TimeoutIOException: Timeout 10s: WriteLog:19: (t:2, i:19), STATEMACHINELOGENTRY, client-50BBF47487D0, cid=30-writeStateMachineData
	at org.apache.ratis.util.IOUtils.getFromFuture(IOUtils.java:87)
	at org.apache.ratis.server.raftlog.segmented.SegmentedRaftLogWorker$StateMachineDataPolicy.getFromFuture(SegmentedRaftLogWorker.java:87)
	at org.apache.ratis.server.raftlog.segmented.SegmentedRaftLogWorker$WriteLog.execute(SegmentedRaftLogWorker.java:477)
	at org.apache.ratis.server.raftlog.segmented.SegmentedRaftLogWorker.run(SegmentedRaftLogWorker.java:289)
	at java.lang.Thread.run(Thread.java:748)
Caused by: java.util.concurrent.TimeoutException
	at java.util.concurrent.CompletableFuture.timedGet(CompletableFuture.java:1771)
	at java.util.concurrent.CompletableFuture.get(CompletableFuture.java:1915)
	at org.apache.ratis.util.IOUtils.getFromFuture(IOUtils.java:79)
	... 4 more
2019-09-11 21:56:26,658 [91f926b5-2cb1-4722-b947-953fef106990@group-AC8E2A32E389-SegmentedRaftLogWorker] WARN  segmented.SegmentedRaftLogWorker (SegmentedRaftLogWorker.java:getFromFuture(90)) - Timeout 3/~
org.apache.ratis.protocol.TimeoutIOException: Timeout 10s: WriteLog:19: (t:2, i:19), STATEMACHINELOGENTRY, client-50BBF47487D0, cid=30-writeStateMachineData
	at org.apache.ratis.util.IOUtils.getFromFuture(IOUtils.java:87)
	at org.apache.ratis.server.raftlog.segmented.SegmentedRaftLogWorker$StateMachineDataPolicy.getFromFuture(SegmentedRaftLogWorker.java:87)
	at org.apache.ratis.server.raftlog.segmented.SegmentedRaftLogWorker$WriteLog.execute(SegmentedRaftLogWorker.java:477)
	at org.apache.ratis.server.raftlog.segmented.SegmentedRaftLogWorker.run(SegmentedRaftLogWorker.java:289)
	at java.lang.Thread.run(Thread.java:748)
Caused by: java.util.concurrent.TimeoutException
	at java.util.concurrent.CompletableFuture.timedGet(CompletableFuture.java:1771)
	at java.util.concurrent.CompletableFuture.get(CompletableFuture.java:1915)
	at org.apache.ratis.util.IOUtils.getFromFuture(IOUtils.java:79)
	... 4 more
2019-09-11 21:56:26,658 [a5a7e056-72fb-437a-9ac2-af7573048f25@group-AC8E2A32E389-SegmentedRaftLogWorker] WARN  segmented.SegmentedRaftLogWorker (SegmentedRaftLogWorker.java:getFromFuture(90)) - Timeout 3/~
org.apache.ratis.protocol.TimeoutIOException: Timeout 10s: WriteLog:19: (t:2, i:19), STATEMACHINELOGENTRY, client-50BBF47487D0, cid=30-writeStateMachineData
	at org.apache.ratis.util.IOUtils.getFromFuture(IOUtils.java:87)
	at org.apache.ratis.server.raftlog.segmented.SegmentedRaftLogWorker$StateMachineDataPolicy.getFromFuture(SegmentedRaftLogWorker.java:87)
	at org.apache.ratis.server.raftlog.segmented.SegmentedRaftLogWorker$WriteLog.execute(SegmentedRaftLogWorker.java:477)
	at org.apache.ratis.server.raftlog.segmented.SegmentedRaftLogWorker.run(SegmentedRaftLogWorker.java:289)
	at java.lang.Thread.run(Thread.java:748)
Caused by: java.util.concurrent.TimeoutException
	at java.util.concurrent.CompletableFuture.timedGet(CompletableFuture.java:1771)
	at java.util.concurrent.CompletableFuture.get(CompletableFuture.java:1915)
	at org.apache.ratis.util.IOUtils.getFromFuture(IOUtils.java:79)
	... 4 more
2019-09-11 21:56:27,059 [java.util.concurrent.ThreadPoolExecutor$Worker@6ae5f1f8[State = -1, empty queue]] WARN  server.GrpcLogAppender (GrpcLogAppender.java:timeoutAppendRequest(200)) - 35b36fdc-90f8-4649-ab4a-4033b8c96817@group-9E5FA7894A87->b94e9841-c110-46af-9cbb-637204d6ae15-GrpcLogAppender: appendEntries Timeout, request=35b36fdc-90f8-4649-ab4a-4033b8c96817->b94e9841-c110-46af-9cbb-637204d6ae15#96-t2, previous=(t:2, i:20), leaderCommit=16, initializing? false, entries: <empty>
2019-09-11 21:56:27,060 [java.util.concurrent.ThreadPoolExecutor$Worker@4f353d25[State = -1, empty queue]] WARN  server.GrpcLogAppender (GrpcLogAppender.java:timeoutAppendRequest(200)) - 35b36fdc-90f8-4649-ab4a-4033b8c96817@group-9E5FA7894A87->cb19b877-b13a-4838-a0e1-b58882f3950d-GrpcLogAppender: appendEntries Timeout, request=35b36fdc-90f8-4649-ab4a-4033b8c96817->cb19b877-b13a-4838-a0e1-b58882f3950d#96-t2, previous=(t:2, i:20), leaderCommit=16, initializing? false, entries: <empty>
2019-09-11 21:56:27,090 [java.util.concurrent.ThreadPoolExecutor$Worker@64e02fa4[State = -1, empty queue]] WARN  server.GrpcLogAppender (GrpcLogAppender.java:timeoutAppendRequest(200)) - c2a73e63-4533-4661-ae84-dd5a39362559@group-AC8E2A32E389->a5a7e056-72fb-437a-9ac2-af7573048f25-GrpcLogAppender: appendEntries Timeout, request=c2a73e63-4533-4661-ae84-dd5a39362559->a5a7e056-72fb-437a-9ac2-af7573048f25#96-t2, previous=(t:2, i:20), leaderCommit=16, initializing? false, entries: <empty>
2019-09-11 21:56:27,090 [java.util.concurrent.ThreadPoolExecutor$Worker@73e5f658[State = -1, empty queue]] WARN  server.GrpcLogAppender (GrpcLogAppender.java:timeoutAppendRequest(200)) - c2a73e63-4533-4661-ae84-dd5a39362559@group-AC8E2A32E389->91f926b5-2cb1-4722-b947-953fef106990-GrpcLogAppender: appendEntries Timeout, request=c2a73e63-4533-4661-ae84-dd5a39362559->91f926b5-2cb1-4722-b947-953fef106990#96-t2, previous=(t:2, i:20), leaderCommit=16, initializing? false, entries: <empty>
2019-09-11 21:56:27,558 [java.util.concurrent.ThreadPoolExecutor$Worker@6ae5f1f8[State = -1, empty queue]] WARN  server.GrpcLogAppender (GrpcLogAppender.java:timeoutAppendRequest(200)) - 35b36fdc-90f8-4649-ab4a-4033b8c96817@group-9E5FA7894A87->b94e9841-c110-46af-9cbb-637204d6ae15-GrpcLogAppender: appendEntries Timeout, request=35b36fdc-90f8-4649-ab4a-4033b8c96817->b94e9841-c110-46af-9cbb-637204d6ae15#97-t2, previous=(t:2, i:20), leaderCommit=16, initializing? false, entries: <empty>
2019-09-11 21:56:27,561 [java.util.concurrent.ThreadPoolExecutor$Worker@4f353d25[State = -1, empty queue]] WARN  server.GrpcLogAppender (GrpcLogAppender.java:timeoutAppendRequest(200)) - 35b36fdc-90f8-4649-ab4a-4033b8c96817@group-9E5FA7894A87->cb19b877-b13a-4838-a0e1-b58882f3950d-GrpcLogAppender: appendEntries Timeout, request=35b36fdc-90f8-4649-ab4a-4033b8c96817->cb19b877-b13a-4838-a0e1-b58882f3950d#97-t2, previous=(t:2, i:20), leaderCommit=16, initializing? false, entries: <empty>
2019-09-11 21:56:27,591 [java.util.concurrent.ThreadPoolExecutor$Worker@73e5f658[State = -1, empty queue]] WARN  server.GrpcLogAppender (GrpcLogAppender.java:timeoutAppendRequest(200)) - c2a73e63-4533-4661-ae84-dd5a39362559@group-AC8E2A32E389->91f926b5-2cb1-4722-b947-953fef106990-GrpcLogAppender: appendEntries Timeout, request=c2a73e63-4533-4661-ae84-dd5a39362559->91f926b5-2cb1-4722-b947-953fef106990#97-t2, previous=(t:2, i:20), leaderCommit=16, initializing? false, entries: <empty>
2019-09-11 21:56:27,591 [java.util.concurrent.ThreadPoolExecutor$Worker@64e02fa4[State = -1, empty queue]] WARN  server.GrpcLogAppender (GrpcLogAppender.java:timeoutAppendRequest(200)) - c2a73e63-4533-4661-ae84-dd5a39362559@group-AC8E2A32E389->a5a7e056-72fb-437a-9ac2-af7573048f25-GrpcLogAppender: appendEntries Timeout, request=c2a73e63-4533-4661-ae84-dd5a39362559->a5a7e056-72fb-437a-9ac2-af7573048f25#97-t2, previous=(t:2, i:20), leaderCommit=16, initializing? false, entries: <empty>
2019-09-11 21:56:28,059 [java.util.concurrent.ThreadPoolExecutor$Worker@6ae5f1f8[State = -1, empty queue]] WARN  server.GrpcLogAppender (GrpcLogAppender.java:timeoutAppendRequest(200)) - 35b36fdc-90f8-4649-ab4a-4033b8c96817@group-9E5FA7894A87->b94e9841-c110-46af-9cbb-637204d6ae15-GrpcLogAppender: appendEntries Timeout, request=35b36fdc-90f8-4649-ab4a-4033b8c96817->b94e9841-c110-46af-9cbb-637204d6ae15#98-t2, previous=(t:2, i:20), leaderCommit=16, initializing? false, entries: <empty>
2019-09-11 21:56:28,061 [java.util.concurrent.ThreadPoolExecutor$Worker@4f353d25[State = -1, empty queue]] WARN  server.GrpcLogAppender (GrpcLogAppender.java:timeoutAppendRequest(200)) - 35b36fdc-90f8-4649-ab4a-4033b8c96817@group-9E5FA7894A87->cb19b877-b13a-4838-a0e1-b58882f3950d-GrpcLogAppender: appendEntries Timeout, request=35b36fdc-90f8-4649-ab4a-4033b8c96817->cb19b877-b13a-4838-a0e1-b58882f3950d#98-t2, previous=(t:2, i:20), leaderCommit=16, initializing? false, entries: <empty>
2019-09-11 21:56:28,091 [java.util.concurrent.ThreadPoolExecutor$Worker@73e5f658[State = -1, empty queue]] WARN  server.GrpcLogAppender (GrpcLogAppender.java:timeoutAppendRequest(200)) - c2a73e63-4533-4661-ae84-dd5a39362559@group-AC8E2A32E389->91f926b5-2cb1-4722-b947-953fef106990-GrpcLogAppender: appendEntries Timeout, request=c2a73e63-4533-4661-ae84-dd5a39362559->91f926b5-2cb1-4722-b947-953fef106990#98-t2, previous=(t:2, i:20), leaderCommit=16, initializing? false, entries: <empty>
2019-09-11 21:56:28,091 [java.util.concurrent.ThreadPoolExecutor$Worker@64e02fa4[State = -1, empty queue]] WARN  server.GrpcLogAppender (GrpcLogAppender.java:timeoutAppendRequest(200)) - c2a73e63-4533-4661-ae84-dd5a39362559@group-AC8E2A32E389->a5a7e056-72fb-437a-9ac2-af7573048f25-GrpcLogAppender: appendEntries Timeout, request=c2a73e63-4533-4661-ae84-dd5a39362559->a5a7e056-72fb-437a-9ac2-af7573048f25#98-t2, previous=(t:2, i:20), leaderCommit=16, initializing? false, entries: <empty>
2019-09-11 21:56:28,559 [java.util.concurrent.ThreadPoolExecutor$Worker@6ae5f1f8[State = -1, empty queue]] WARN  server.GrpcLogAppender (GrpcLogAppender.java:timeoutAppendRequest(200)) - 35b36fdc-90f8-4649-ab4a-4033b8c96817@group-9E5FA7894A87->b94e9841-c110-46af-9cbb-637204d6ae15-GrpcLogAppender: appendEntries Timeout, request=35b36fdc-90f8-4649-ab4a-4033b8c96817->b94e9841-c110-46af-9cbb-637204d6ae15#99-t2, previous=(t:2, i:20), leaderCommit=16, initializing? false, entries: <empty>
2019-09-11 21:56:28,561 [java.util.concurrent.ThreadPoolExecutor$Worker@4f353d25[State = -1, empty queue]] WARN  server.GrpcLogAppender (GrpcLogAppender.java:timeoutAppendRequest(200)) - 35b36fdc-90f8-4649-ab4a-4033b8c96817@group-9E5FA7894A87->cb19b877-b13a-4838-a0e1-b58882f3950d-GrpcLogAppender: appendEntries Timeout, request=35b36fdc-90f8-4649-ab4a-4033b8c96817->cb19b877-b13a-4838-a0e1-b58882f3950d#99-t2, previous=(t:2, i:20), leaderCommit=16, initializing? false, entries: <empty>
2019-09-11 21:56:28,591 [java.util.concurrent.ThreadPoolExecutor$Worker@73e5f658[State = -1, empty queue]] WARN  server.GrpcLogAppender (GrpcLogAppender.java:timeoutAppendRequest(200)) - c2a73e63-4533-4661-ae84-dd5a39362559@group-AC8E2A32E389->91f926b5-2cb1-4722-b947-953fef106990-GrpcLogAppender: appendEntries Timeout, request=c2a73e63-4533-4661-ae84-dd5a39362559->91f926b5-2cb1-4722-b947-953fef106990#99-t2, previous=(t:2, i:20), leaderCommit=16, initializing? false, entries: <empty>
2019-09-11 21:56:28,591 [java.util.concurrent.ThreadPoolExecutor$Worker@64e02fa4[State = -1, empty queue]] WARN  server.GrpcLogAppender (GrpcLogAppender.java:timeoutAppendRequest(200)) - c2a73e63-4533-4661-ae84-dd5a39362559@group-AC8E2A32E389->a5a7e056-72fb-437a-9ac2-af7573048f25-GrpcLogAppender: appendEntries Timeout, request=c2a73e63-4533-4661-ae84-dd5a39362559->a5a7e056-72fb-437a-9ac2-af7573048f25#99-t2, previous=(t:2, i:20), leaderCommit=16, initializing? false, entries: <empty>
2019-09-11 21:56:29,059 [java.util.concurrent.ThreadPoolExecutor$Worker@6ae5f1f8[State = -1, empty queue]] WARN  server.GrpcLogAppender (GrpcLogAppender.java:timeoutAppendRequest(200)) - 35b36fdc-90f8-4649-ab4a-4033b8c96817@group-9E5FA7894A87->b94e9841-c110-46af-9cbb-637204d6ae15-GrpcLogAppender: appendEntries Timeout, request=35b36fdc-90f8-4649-ab4a-4033b8c96817->b94e9841-c110-46af-9cbb-637204d6ae15#100-t2, previous=(t:2, i:20), leaderCommit=16, initializing? false, entries: <empty>
2019-09-11 21:56:29,061 [java.util.concurrent.ThreadPoolExecutor$Worker@4f353d25[State = -1, empty queue]] WARN  server.GrpcLogAppender (GrpcLogAppender.java:timeoutAppendRequest(200)) - 35b36fdc-90f8-4649-ab4a-4033b8c96817@group-9E5FA7894A87->cb19b877-b13a-4838-a0e1-b58882f3950d-GrpcLogAppender: appendEntries Timeout, request=35b36fdc-90f8-4649-ab4a-4033b8c96817->cb19b877-b13a-4838-a0e1-b58882f3950d#100-t2, previous=(t:2, i:20), leaderCommit=16, initializing? false, entries: <empty>
2019-09-11 21:56:29,092 [java.util.concurrent.ThreadPoolExecutor$Worker@64e02fa4[State = -1, empty queue]] WARN  server.GrpcLogAppender (GrpcLogAppender.java:timeoutAppendRequest(200)) - c2a73e63-4533-4661-ae84-dd5a39362559@group-AC8E2A32E389->a5a7e056-72fb-437a-9ac2-af7573048f25-GrpcLogAppender: appendEntries Timeout, request=c2a73e63-4533-4661-ae84-dd5a39362559->a5a7e056-72fb-437a-9ac2-af7573048f25#100-t2, previous=(t:2, i:20), leaderCommit=16, initializing? false, entries: <empty>
2019-09-11 21:56:29,092 [java.util.concurrent.ThreadPoolExecutor$Worker@73e5f658[State = -1, empty queue]] WARN  server.GrpcLogAppender (GrpcLogAppender.java:timeoutAppendRequest(200)) - c2a73e63-4533-4661-ae84-dd5a39362559@group-AC8E2A32E389->91f926b5-2cb1-4722-b947-953fef106990-GrpcLogAppender: appendEntries Timeout, request=c2a73e63-4533-4661-ae84-dd5a39362559->91f926b5-2cb1-4722-b947-953fef106990#100-t2, previous=(t:2, i:20), leaderCommit=16, initializing? false, entries: <empty>
2019-09-11 21:56:29,125 [main] INFO  ozoneimpl.OzoneContainer (OzoneContainer.java:stop(231)) - Attempting to stop container services.
2019-09-11 21:56:29,127 [main] INFO  impl.RaftServerProxy (RaftServerProxy.java:lambda$close$4(314)) - a5a7e056-72fb-437a-9ac2-af7573048f25: close
2019-09-11 21:56:29,129 [main] INFO  impl.RaftServerImpl (RaftServerImpl.java:lambda$shutdown$3(251)) - a5a7e056-72fb-437a-9ac2-af7573048f25@group-AC8E2A32E389: shutdown
2019-09-11 21:56:29,130 [main] INFO  util.JmxRegister (JmxRegister.java:unregister(73)) - Successfully un-registered JMX Bean with object name Ratis:service=RaftServer,group=group-AC8E2A32E389,id=a5a7e056-72fb-437a-9ac2-af7573048f25
2019-09-11 21:56:29,130 [main] INFO  impl.RoleInfo (RoleInfo.java:shutdownFollowerState(121)) - a5a7e056-72fb-437a-9ac2-af7573048f25: shutdown FollowerState
2019-09-11 21:56:29,130 [main] INFO  impl.StateMachineUpdater (StateMachineUpdater.java:stopAndJoin(125)) - a5a7e056-72fb-437a-9ac2-af7573048f25@group-AC8E2A32E389-StateMachineUpdater: set stopIndex = 16
2019-09-11 21:56:29,130 [Thread-415] INFO  impl.FollowerState (FollowerState.java:run(115)) - a5a7e056-72fb-437a-9ac2-af7573048f25: FollowerState was interrupted: java.lang.InterruptedException: sleep interrupted
2019-09-11 21:56:29,131 [a5a7e056-72fb-437a-9ac2-af7573048f25@group-AC8E2A32E389-StateMachineUpdater] INFO  ratis.ContainerStateMachine (ContainerStateMachine.java:takeSnapshot(289)) - group-AC8E2A32E389: Taking a snapshot at:(t:2, i:12) file /workdir/hadoop-ozone/integration-test/target/test-dir/MiniOzoneClusterImpl-5ea26da2-f48a-485b-abc0-853cbfba6fbc/datanode-5/data/ratis/3022a5dc-24e7-4c49-a0cd-ac8e2a32e389/sm/snapshot.2_12
2019-09-11 21:56:29,184 [a5a7e056-72fb-437a-9ac2-af7573048f25@group-AC8E2A32E389-StateMachineUpdater] INFO  ratis.ContainerStateMachine (ContainerStateMachine.java:takeSnapshot(300)) - group-AC8E2A32E389: Finished taking a snapshot at:(t:2, i:12) file:/workdir/hadoop-ozone/integration-test/target/test-dir/MiniOzoneClusterImpl-5ea26da2-f48a-485b-abc0-853cbfba6fbc/datanode-5/data/ratis/3022a5dc-24e7-4c49-a0cd-ac8e2a32e389/sm/snapshot.2_12 time:54
2019-09-11 21:56:29,185 [a5a7e056-72fb-437a-9ac2-af7573048f25@group-AC8E2A32E389-StateMachineUpdater] INFO  impl.StateMachineUpdater (StateMachineUpdater.java:takeSnapshot(258)) - a5a7e056-72fb-437a-9ac2-af7573048f25@group-AC8E2A32E389-StateMachineUpdater: Took a snapshot at index 12
2019-09-11 21:56:29,188 [a5a7e056-72fb-437a-9ac2-af7573048f25@group-AC8E2A32E389-StateMachineUpdater] INFO  impl.StateMachineUpdater (StateMachineUpdater.java:lambda$new$0(83)) - a5a7e056-72fb-437a-9ac2-af7573048f25@group-AC8E2A32E389-StateMachineUpdater: snapshotIndex: updateIncreasingly -1 -> 12
2019-09-11 21:56:29,192 [a5a7e056-72fb-437a-9ac2-af7573048f25@group-AC8E2A32E389-StateMachineUpdater] INFO  ratis.ContainerStateMachine (ContainerStateMachine.java:takeSnapshot(289)) - group-AC8E2A32E389: Taking a snapshot at:(t:2, i:12) file /workdir/hadoop-ozone/integration-test/target/test-dir/MiniOzoneClusterImpl-5ea26da2-f48a-485b-abc0-853cbfba6fbc/datanode-5/data/ratis/3022a5dc-24e7-4c49-a0cd-ac8e2a32e389/sm/snapshot.2_12
2019-09-11 21:56:29,201 [a5a7e056-72fb-437a-9ac2-af7573048f25@group-AC8E2A32E389-StateMachineUpdater] INFO  ratis.ContainerStateMachine (ContainerStateMachine.java:takeSnapshot(300)) - group-AC8E2A32E389: Finished taking a snapshot at:(t:2, i:12) file:/workdir/hadoop-ozone/integration-test/target/test-dir/MiniOzoneClusterImpl-5ea26da2-f48a-485b-abc0-853cbfba6fbc/datanode-5/data/ratis/3022a5dc-24e7-4c49-a0cd-ac8e2a32e389/sm/snapshot.2_12 time:8
2019-09-11 21:56:29,201 [a5a7e056-72fb-437a-9ac2-af7573048f25@group-AC8E2A32E389-StateMachineUpdater] INFO  impl.StateMachineUpdater (StateMachineUpdater.java:takeSnapshot(258)) - a5a7e056-72fb-437a-9ac2-af7573048f25@group-AC8E2A32E389-StateMachineUpdater: Took a snapshot at index 12
2019-09-11 21:56:29,201 [a5a7e056-72fb-437a-9ac2-af7573048f25@group-AC8E2A32E389-StateMachineUpdater] INFO  impl.StateMachineUpdater (StateMachineUpdater.java:lambda$new$0(83)) - a5a7e056-72fb-437a-9ac2-af7573048f25@group-AC8E2A32E389-StateMachineUpdater: snapshotIndex: updateIncreasingly 12 -> 12
2019-09-11 21:56:29,201 [main] INFO  impl.RaftServerImpl (ServerState.java:close(385)) - a5a7e056-72fb-437a-9ac2-af7573048f25@group-AC8E2A32E389: closes. applyIndex: 16
2019-09-11 21:56:29,217 [a5a7e056-72fb-437a-9ac2-af7573048f25@group-AC8E2A32E389-SegmentedRaftLogWorker] ERROR ratis.XceiverServerRatis (XceiverServerRatis.java:triggerPipelineClose(568)) - pipeline Action CLOSE  on pipeline PipelineID=3022a5dc-24e7-4c49-a0cd-ac8e2a32e389.Reason : WriteLog:19: (t:2, i:19), STATEMACHINELOGENTRY, client-50BBF47487D0, cid=30-writeStateMachineData interrupted.
2019-09-11 21:56:29,233 [main] INFO  segmented.SegmentedRaftLogWorker (SegmentedRaftLogWorker.java:close(228)) - a5a7e056-72fb-437a-9ac2-af7573048f25@group-AC8E2A32E389-SegmentedRaftLogWorker close()
2019-09-11 21:56:29,241 [main] INFO  impl.RaftServerImpl (RaftServerImpl.java:lambda$shutdown$3(251)) - a5a7e056-72fb-437a-9ac2-af7573048f25@group-46FD3BBA678B: shutdown
2019-09-11 21:56:29,241 [main] INFO  util.JmxRegister (JmxRegister.java:unregister(73)) - Successfully un-registered JMX Bean with object name Ratis:service=RaftServer,group=group-46FD3BBA678B,id=a5a7e056-72fb-437a-9ac2-af7573048f25
2019-09-11 21:56:29,242 [main] INFO  impl.RoleInfo (RoleInfo.java:shutdownLeaderState(104)) - a5a7e056-72fb-437a-9ac2-af7573048f25: shutdown LeaderState
2019-09-11 21:56:29,242 [main] INFO  impl.PendingRequests (PendingRequests.java:sendNotLeaderResponses(202)) - a5a7e056-72fb-437a-9ac2-af7573048f25-PendingRequests: sendNotLeaderResponses
2019-09-11 21:56:29,244 [main] INFO  impl.StateMachineUpdater (StateMachineUpdater.java:stopAndJoin(125)) - a5a7e056-72fb-437a-9ac2-af7573048f25@group-46FD3BBA678B-StateMachineUpdater: set stopIndex = 0
2019-09-11 21:56:29,245 [main] INFO  impl.RaftServerImpl (ServerState.java:close(385)) - a5a7e056-72fb-437a-9ac2-af7573048f25@group-46FD3BBA678B: closes. applyIndex: 0
2019-09-11 21:56:29,245 [a5a7e056-72fb-437a-9ac2-af7573048f25@group-46FD3BBA678B-SegmentedRaftLogWorker] INFO  segmented.SegmentedRaftLogWorker (SegmentedRaftLogWorker.java:run(313)) - a5a7e056-72fb-437a-9ac2-af7573048f25@group-46FD3BBA678B-SegmentedRaftLogWorker was interrupted, exiting. There are 0 tasks remaining in the queue.
2019-09-11 21:56:29,250 [main] INFO  segmented.SegmentedRaftLogWorker (SegmentedRaftLogWorker.java:close(228)) - a5a7e056-72fb-437a-9ac2-af7573048f25@group-46FD3BBA678B-SegmentedRaftLogWorker close()
2019-09-11 21:56:29,258 [main] INFO  server.GrpcService (GrpcService.java:closeImpl(164)) - a5a7e056-72fb-437a-9ac2-af7573048f25: shutdown server with port 39698 now
2019-09-11 21:56:29,269 [main] INFO  server.GrpcService (GrpcService.java:closeImpl(172)) - a5a7e056-72fb-437a-9ac2-af7573048f25: shutdown server with port 39698 successfully
2019-09-11 21:56:29,270 [grpc-default-executor-4] WARN  server.GrpcLogAppender (LogUtils.java:warn(134)) - c2a73e63-4533-4661-ae84-dd5a39362559@group-AC8E2A32E389->a5a7e056-72fb-437a-9ac2-af7573048f25-AppendLogResponseHandler: Failed appendEntries: org.apache.ratis.thirdparty.io.grpc.StatusRuntimeException: CANCELLED: HTTP/2 error code: CANCEL
Received Rst Stream
2019-09-11 21:56:29,270 [grpc-default-executor-11] WARN  server.GrpcServerProtocolService (LogUtils.java:warn(134)) - a5a7e056-72fb-437a-9ac2-af7573048f25: installSnapshot onError, lastRequest: c2a73e63-4533-4661-ae84-dd5a39362559->a5a7e056-72fb-437a-9ac2-af7573048f25#106-t2, previous=(t:2, i:20), leaderCommit=16, initializing? false, entries: <empty>: org.apache.ratis.thirdparty.io.grpc.StatusRuntimeException: CANCELLED: cancelled before receiving half close
2019-09-11 21:56:29,276 [refreshUsed-/workdir/hadoop-ozone/integration-test/target/test-dir/MiniOzoneClusterImpl-5ea26da2-f48a-485b-abc0-853cbfba6fbc/datanode-5/data/containers] WARN  fs.CachingGetSpaceUsed (CachingGetSpaceUsed.java:run(183)) - Thread Interrupted waiting to refresh disk information: sleep interrupted
2019-09-11 21:56:29,277 [grpc-default-executor-4] INFO  impl.FollowerInfo (FollowerInfo.java:lambda$new$0(51)) - c2a73e63-4533-4661-ae84-dd5a39362559@group-AC8E2A32E389->a5a7e056-72fb-437a-9ac2-af7573048f25: nextIndex: updateUnconditionally 21 -> 17
2019-09-11 21:56:29,304 [main] INFO  utils.BackgroundService (BackgroundService.java:shutdown(148)) - Shutting down service BlockDeletingService
2019-09-11 21:56:29,312 [main] INFO  statemachine.DatanodeStateMachine (DatanodeStateMachine.java:stopDaemon(395)) - Ozone container server stopped.
2019-09-11 21:56:29,319 [main] INFO  handler.ContextHandler (ContextHandler.java:doStop(910)) - Stopped o.e.j.w.WebAppContext@3d7fb838{/,null,UNAVAILABLE}{/hddsDatanode}
2019-09-11 21:56:29,325 [main] INFO  server.AbstractConnector (AbstractConnector.java:doStop(318)) - Stopped ServerConnector@1c26273d{HTTP/1.1,[http/1.1]}{0.0.0.0:0}
2019-09-11 21:56:29,325 [main] INFO  handler.ContextHandler (ContextHandler.java:doStop(910)) - Stopped o.e.j.s.ServletContextHandler@51d387d3{/static,jar:file:/home/user/.m2/repository/org/apache/hadoop/hadoop-hdds-container-service/0.5.0-SNAPSHOT/hadoop-hdds-container-service-0.5.0-SNAPSHOT.jar!/webapps/static,UNAVAILABLE}
2019-09-11 21:56:29,325 [main] INFO  handler.ContextHandler (ContextHandler.java:doStop(910)) - Stopped o.e.j.s.ServletContextHandler@ccf91df{/logs,file:///workdir/hadoop-ozone/integration-test/target/log,UNAVAILABLE}
2019-09-11 21:56:29,393 [grpc-default-executor-9] INFO  client.GrpcClientProtocolClient (GrpcClientProtocolClient.java:onNext(264)) - client-44ED07ED1DE3->b90393f0-91c9-4286-839e-32ae26f144bd: receive RaftClientReply:client-44ED07ED1DE3->b90393f0-91c9-4286-839e-32ae26f144bd@group-50C9D9F18802, cid=50, SUCCESS, logIndex=9, commits[b90393f0-91c9-4286-839e-32ae26f144bd:c12, b8cc5711-5e40-41ff-95d6-57cfdaa6737f:c8, a5cc9080-cfb9-4240-b5a2-6affb7ccbad1:c8]
2019-09-11 21:56:29,398 [grpc-default-executor-9] INFO  client.GrpcClientProtocolClient (GrpcClientProtocolClient.java:onNext(264)) - client-44ED07ED1DE3->b90393f0-91c9-4286-839e-32ae26f144bd: receive RaftClientReply:client-44ED07ED1DE3->b90393f0-91c9-4286-839e-32ae26f144bd@group-50C9D9F18802, cid=51, SUCCESS, logIndex=10, commits[b90393f0-91c9-4286-839e-32ae26f144bd:c12, b8cc5711-5e40-41ff-95d6-57cfdaa6737f:c8, a5cc9080-cfb9-4240-b5a2-6affb7ccbad1:c8]
2019-09-11 21:56:29,399 [grpc-default-executor-9] INFO  client.GrpcClientProtocolClient (GrpcClientProtocolClient.java:onNext(264)) - client-44ED07ED1DE3->b90393f0-91c9-4286-839e-32ae26f144bd: receive RaftClientReply:client-44ED07ED1DE3->b90393f0-91c9-4286-839e-32ae26f144bd@group-50C9D9F18802, cid=52, SUCCESS, logIndex=11, commits[b90393f0-91c9-4286-839e-32ae26f144bd:c12, b8cc5711-5e40-41ff-95d6-57cfdaa6737f:c8, a5cc9080-cfb9-4240-b5a2-6affb7ccbad1:c8]
2019-09-11 21:56:29,400 [grpc-default-executor-9] INFO  client.GrpcClientProtocolClient (GrpcClientProtocolClient.java:onNext(264)) - client-44ED07ED1DE3->b90393f0-91c9-4286-839e-32ae26f144bd: receive RaftClientReply:client-44ED07ED1DE3->b90393f0-91c9-4286-839e-32ae26f144bd@group-50C9D9F18802, cid=53, SUCCESS, logIndex=12, commits[b90393f0-91c9-4286-839e-32ae26f144bd:c12, b8cc5711-5e40-41ff-95d6-57cfdaa6737f:c8, a5cc9080-cfb9-4240-b5a2-6affb7ccbad1:c8]
2019-09-11 21:56:29,421 [grpc-default-executor-9] INFO  client.GrpcClientProtocolClient (GrpcClientProtocolClient.java:onNext(264)) - client-44ED07ED1DE3->b90393f0-91c9-4286-839e-32ae26f144bd: receive RaftClientReply:client-44ED07ED1DE3->b90393f0-91c9-4286-839e-32ae26f144bd@group-50C9D9F18802, cid=54, SUCCESS, logIndex=0, commits[b90393f0-91c9-4286-839e-32ae26f144bd:c13, b8cc5711-5e40-41ff-95d6-57cfdaa6737f:c12, a5cc9080-cfb9-4240-b5a2-6affb7ccbad1:c12]
2019-09-11 21:56:29,436 [grpc-default-executor-9] INFO  client.GrpcClientProtocolClient (GrpcClientProtocolClient.java:onNext(264)) - client-44ED07ED1DE3->b90393f0-91c9-4286-839e-32ae26f144bd: receive RaftClientReply:client-44ED07ED1DE3->b90393f0-91c9-4286-839e-32ae26f144bd@group-50C9D9F18802, cid=55, SUCCESS, logIndex=0, commits[b90393f0-91c9-4286-839e-32ae26f144bd:c14, b8cc5711-5e40-41ff-95d6-57cfdaa6737f:c12, a5cc9080-cfb9-4240-b5a2-6affb7ccbad1:c12]
2019-09-11 21:56:29,559 [java.util.concurrent.ThreadPoolExecutor$Worker@6ae5f1f8[State = -1, empty queue]] WARN  server.GrpcLogAppender (GrpcLogAppender.java:timeoutAppendRequest(200)) - 35b36fdc-90f8-4649-ab4a-4033b8c96817@group-9E5FA7894A87->b94e9841-c110-46af-9cbb-637204d6ae15-GrpcLogAppender: appendEntries Timeout, request=35b36fdc-90f8-4649-ab4a-4033b8c96817->b94e9841-c110-46af-9cbb-637204d6ae15#101-t2, previous=(t:2, i:20), leaderCommit=16, initializing? false, entries: <empty>
2019-09-11 21:56:29,562 [java.util.concurrent.ThreadPoolExecutor$Worker@4f353d25[State = -1, empty queue]] WARN  server.GrpcLogAppender (GrpcLogAppender.java:timeoutAppendRequest(200)) - 35b36fdc-90f8-4649-ab4a-4033b8c96817@group-9E5FA7894A87->cb19b877-b13a-4838-a0e1-b58882f3950d-GrpcLogAppender: appendEntries Timeout, request=35b36fdc-90f8-4649-ab4a-4033b8c96817->cb19b877-b13a-4838-a0e1-b58882f3950d#101-t2, previous=(t:2, i:20), leaderCommit=16, initializing? false, entries: <empty>
2019-09-11 21:56:29,592 [java.util.concurrent.ThreadPoolExecutor$Worker@73e5f658[State = -1, empty queue]] WARN  server.GrpcLogAppender (GrpcLogAppender.java:timeoutAppendRequest(200)) - c2a73e63-4533-4661-ae84-dd5a39362559@group-AC8E2A32E389->91f926b5-2cb1-4722-b947-953fef106990-GrpcLogAppender: appendEntries Timeout, request=c2a73e63-4533-4661-ae84-dd5a39362559->91f926b5-2cb1-4722-b947-953fef106990#101-t2, previous=(t:2, i:20), leaderCommit=16, initializing? false, entries: <empty>
2019-09-11 21:56:29,602 [grpc-default-executor-4] WARN  server.GrpcLogAppender (LogUtils.java:warn(134)) - c2a73e63-4533-4661-ae84-dd5a39362559@group-AC8E2A32E389->a5a7e056-72fb-437a-9ac2-af7573048f25-AppendLogResponseHandler: Failed appendEntries: org.apache.ratis.thirdparty.io.grpc.StatusRuntimeException: UNAVAILABLE: io exception
2019-09-11 21:56:29,605 [grpc-default-executor-4] INFO  impl.FollowerInfo (FollowerInfo.java:lambda$new$0(51)) - c2a73e63-4533-4661-ae84-dd5a39362559@group-AC8E2A32E389->a5a7e056-72fb-437a-9ac2-af7573048f25: nextIndex: updateUnconditionally 17 -> 16
2019-09-11 21:56:30,062 [java.util.concurrent.ThreadPoolExecutor$Worker@4f353d25[State = -1, empty queue]] WARN  server.GrpcLogAppender (GrpcLogAppender.java:timeoutAppendRequest(200)) - 35b36fdc-90f8-4649-ab4a-4033b8c96817@group-9E5FA7894A87->cb19b877-b13a-4838-a0e1-b58882f3950d-GrpcLogAppender: appendEntries Timeout, request=35b36fdc-90f8-4649-ab4a-4033b8c96817->cb19b877-b13a-4838-a0e1-b58882f3950d#102-t2, previous=(t:2, i:20), leaderCommit=16, initializing? false, entries: <empty>
2019-09-11 21:56:30,062 [java.util.concurrent.ThreadPoolExecutor$Worker@6ae5f1f8[State = -1, empty queue]] WARN  server.GrpcLogAppender (GrpcLogAppender.java:timeoutAppendRequest(200)) - 35b36fdc-90f8-4649-ab4a-4033b8c96817@group-9E5FA7894A87->b94e9841-c110-46af-9cbb-637204d6ae15-GrpcLogAppender: appendEntries Timeout, request=35b36fdc-90f8-4649-ab4a-4033b8c96817->b94e9841-c110-46af-9cbb-637204d6ae15#102-t2, previous=(t:2, i:20), leaderCommit=16, initializing? false, entries: <empty>
2019-09-11 21:56:30,094 [java.util.concurrent.ThreadPoolExecutor$Worker@73e5f658[State = -1, empty queue]] WARN  server.GrpcLogAppender (GrpcLogAppender.java:timeoutAppendRequest(200)) - c2a73e63-4533-4661-ae84-dd5a39362559@group-AC8E2A32E389->91f926b5-2cb1-4722-b947-953fef106990-GrpcLogAppender: appendEntries Timeout, request=c2a73e63-4533-4661-ae84-dd5a39362559->91f926b5-2cb1-4722-b947-953fef106990#102-t2, previous=(t:2, i:20), leaderCommit=16, initializing? false, entries: <empty>
2019-09-11 21:56:30,098 [grpc-default-executor-11] WARN  server.GrpcLogAppender (LogUtils.java:warn(134)) - c2a73e63-4533-4661-ae84-dd5a39362559@group-AC8E2A32E389->a5a7e056-72fb-437a-9ac2-af7573048f25-AppendLogResponseHandler: Failed appendEntries: org.apache.ratis.thirdparty.io.grpc.StatusRuntimeException: UNAVAILABLE: io exception
2019-09-11 21:56:30,108 [grpc-default-executor-11] INFO  impl.FollowerInfo (FollowerInfo.java:lambda$new$0(51)) - c2a73e63-4533-4661-ae84-dd5a39362559@group-AC8E2A32E389->a5a7e056-72fb-437a-9ac2-af7573048f25: nextIndex: updateUnconditionally 16 -> 15
2019-09-11 21:56:30,562 [java.util.concurrent.ThreadPoolExecutor$Worker@6ae5f1f8[State = -1, empty queue]] WARN  server.GrpcLogAppender (GrpcLogAppender.java:timeoutAppendRequest(200)) - 35b36fdc-90f8-4649-ab4a-4033b8c96817@group-9E5FA7894A87->b94e9841-c110-46af-9cbb-637204d6ae15-GrpcLogAppender: appendEntries Timeout, request=35b36fdc-90f8-4649-ab4a-4033b8c96817->b94e9841-c110-46af-9cbb-637204d6ae15#103-t2, previous=(t:2, i:20), leaderCommit=16, initializing? false, entries: <empty>
2019-09-11 21:56:30,562 [java.util.concurrent.ThreadPoolExecutor$Worker@4f353d25[State = -1, empty queue]] WARN  server.GrpcLogAppender (GrpcLogAppender.java:timeoutAppendRequest(200)) - 35b36fdc-90f8-4649-ab4a-4033b8c96817@group-9E5FA7894A87->cb19b877-b13a-4838-a0e1-b58882f3950d-GrpcLogAppender: appendEntries Timeout, request=35b36fdc-90f8-4649-ab4a-4033b8c96817->cb19b877-b13a-4838-a0e1-b58882f3950d#103-t2, previous=(t:2, i:20), leaderCommit=16, initializing? false, entries: <empty>
2019-09-11 21:56:30,592 [java.util.concurrent.ThreadPoolExecutor$Worker@73e5f658[State = -1, empty queue]] WARN  server.GrpcLogAppender (GrpcLogAppender.java:timeoutAppendRequest(200)) - c2a73e63-4533-4661-ae84-dd5a39362559@group-AC8E2A32E389->91f926b5-2cb1-4722-b947-953fef106990-GrpcLogAppender: appendEntries Timeout, request=c2a73e63-4533-4661-ae84-dd5a39362559->91f926b5-2cb1-4722-b947-953fef106990#103-t2, previous=(t:2, i:20), leaderCommit=16, initializing? false, entries: <empty>
2019-09-11 21:56:30,599 [grpc-default-executor-4] WARN  server.GrpcLogAppender (LogUtils.java:warn(134)) - c2a73e63-4533-4661-ae84-dd5a39362559@group-AC8E2A32E389->a5a7e056-72fb-437a-9ac2-af7573048f25-AppendLogResponseHandler: Failed appendEntries: org.apache.ratis.thirdparty.io.grpc.StatusRuntimeException: UNAVAILABLE: io exception
2019-09-11 21:56:30,603 [grpc-default-executor-4] INFO  impl.FollowerInfo (FollowerInfo.java:lambda$new$0(51)) - c2a73e63-4533-4661-ae84-dd5a39362559@group-AC8E2A32E389->a5a7e056-72fb-437a-9ac2-af7573048f25: nextIndex: updateUnconditionally 15 -> 14
2019-09-11 21:56:31,063 [java.util.concurrent.ThreadPoolExecutor$Worker@6ae5f1f8[State = -1, empty queue]] WARN  server.GrpcLogAppender (GrpcLogAppender.java:timeoutAppendRequest(200)) - 35b36fdc-90f8-4649-ab4a-4033b8c96817@group-9E5FA7894A87->b94e9841-c110-46af-9cbb-637204d6ae15-GrpcLogAppender: appendEntries Timeout, request=35b36fdc-90f8-4649-ab4a-4033b8c96817->b94e9841-c110-46af-9cbb-637204d6ae15#104-t2, previous=(t:2, i:20), leaderCommit=16, initializing? false, entries: <empty>
2019-09-11 21:56:31,063 [java.util.concurrent.ThreadPoolExecutor$Worker@4f353d25[State = -1, empty queue]] WARN  server.GrpcLogAppender (GrpcLogAppender.java:timeoutAppendRequest(200)) - 35b36fdc-90f8-4649-ab4a-4033b8c96817@group-9E5FA7894A87->cb19b877-b13a-4838-a0e1-b58882f3950d-GrpcLogAppender: appendEntries Timeout, request=35b36fdc-90f8-4649-ab4a-4033b8c96817->cb19b877-b13a-4838-a0e1-b58882f3950d#104-t2, previous=(t:2, i:20), leaderCommit=16, initializing? false, entries: <empty>
2019-09-11 21:56:31,093 [java.util.concurrent.ThreadPoolExecutor$Worker@73e5f658[State = -1, empty queue]] WARN  server.GrpcLogAppender (GrpcLogAppender.java:timeoutAppendRequest(200)) - c2a73e63-4533-4661-ae84-dd5a39362559@group-AC8E2A32E389->91f926b5-2cb1-4722-b947-953fef106990-GrpcLogAppender: appendEntries Timeout, request=c2a73e63-4533-4661-ae84-dd5a39362559->91f926b5-2cb1-4722-b947-953fef106990#104-t2, previous=(t:2, i:20), leaderCommit=16, initializing? false, entries: <empty>
2019-09-11 21:56:31,100 [grpc-default-executor-9] WARN  server.GrpcLogAppender (LogUtils.java:warn(134)) - c2a73e63-4533-4661-ae84-dd5a39362559@group-AC8E2A32E389->a5a7e056-72fb-437a-9ac2-af7573048f25-AppendLogResponseHandler: Failed appendEntries: org.apache.ratis.thirdparty.io.grpc.StatusRuntimeException: UNAVAILABLE: io exception
2019-09-11 21:56:31,104 [grpc-default-executor-9] INFO  impl.FollowerInfo (FollowerInfo.java:lambda$new$0(51)) - c2a73e63-4533-4661-ae84-dd5a39362559@group-AC8E2A32E389->a5a7e056-72fb-437a-9ac2-af7573048f25: nextIndex: updateUnconditionally 14 -> 13
2019-09-11 21:56:31,563 [java.util.concurrent.ThreadPoolExecutor$Worker@6ae5f1f8[State = -1, empty queue]] WARN  server.GrpcLogAppender (GrpcLogAppender.java:timeoutAppendRequest(200)) - 35b36fdc-90f8-4649-ab4a-4033b8c96817@group-9E5FA7894A87->b94e9841-c110-46af-9cbb-637204d6ae15-GrpcLogAppender: appendEntries Timeout, request=35b36fdc-90f8-4649-ab4a-4033b8c96817->b94e9841-c110-46af-9cbb-637204d6ae15#105-t2, previous=(t:2, i:20), leaderCommit=16, initializing? false, entries: <empty>
2019-09-11 21:56:31,563 [java.util.concurrent.ThreadPoolExecutor$Worker@4f353d25[State = -1, empty queue]] WARN  server.GrpcLogAppender (GrpcLogAppender.java:timeoutAppendRequest(200)) - 35b36fdc-90f8-4649-ab4a-4033b8c96817@group-9E5FA7894A87->cb19b877-b13a-4838-a0e1-b58882f3950d-GrpcLogAppender: appendEntries Timeout, request=35b36fdc-90f8-4649-ab4a-4033b8c96817->cb19b877-b13a-4838-a0e1-b58882f3950d#105-t2, previous=(t:2, i:20), leaderCommit=16, initializing? false, entries: <empty>
2019-09-11 21:56:31,593 [java.util.concurrent.ThreadPoolExecutor$Worker@73e5f658[State = -1, empty queue]] WARN  server.GrpcLogAppender (GrpcLogAppender.java:timeoutAppendRequest(200)) - c2a73e63-4533-4661-ae84-dd5a39362559@group-AC8E2A32E389->91f926b5-2cb1-4722-b947-953fef106990-GrpcLogAppender: appendEntries Timeout, request=c2a73e63-4533-4661-ae84-dd5a39362559->91f926b5-2cb1-4722-b947-953fef106990#105-t2, previous=(t:2, i:20), leaderCommit=16, initializing? false, entries: <empty>
2019-09-11 21:56:31,602 [grpc-default-executor-11] WARN  server.GrpcLogAppender (LogUtils.java:warn(134)) - c2a73e63-4533-4661-ae84-dd5a39362559@group-AC8E2A32E389->a5a7e056-72fb-437a-9ac2-af7573048f25-AppendLogResponseHandler: Failed appendEntries: org.apache.ratis.thirdparty.io.grpc.StatusRuntimeException: UNAVAILABLE: io exception
2019-09-11 21:56:31,607 [grpc-default-executor-11] INFO  impl.FollowerInfo (FollowerInfo.java:lambda$new$0(51)) - c2a73e63-4533-4661-ae84-dd5a39362559@group-AC8E2A32E389->a5a7e056-72fb-437a-9ac2-af7573048f25: nextIndex: updateUnconditionally 13 -> 12
2019-09-11 21:56:32,064 [java.util.concurrent.ThreadPoolExecutor$Worker@4f353d25[State = -1, empty queue]] WARN  server.GrpcLogAppender (GrpcLogAppender.java:timeoutAppendRequest(200)) - 35b36fdc-90f8-4649-ab4a-4033b8c96817@group-9E5FA7894A87->cb19b877-b13a-4838-a0e1-b58882f3950d-GrpcLogAppender: appendEntries Timeout, request=35b36fdc-90f8-4649-ab4a-4033b8c96817->cb19b877-b13a-4838-a0e1-b58882f3950d#106-t2, previous=(t:2, i:20), leaderCommit=16, initializing? false, entries: <empty>
2019-09-11 21:56:32,064 [java.util.concurrent.ThreadPoolExecutor$Worker@6ae5f1f8[State = -1, empty queue]] WARN  server.GrpcLogAppender (GrpcLogAppender.java:timeoutAppendRequest(200)) - 35b36fdc-90f8-4649-ab4a-4033b8c96817@group-9E5FA7894A87->b94e9841-c110-46af-9cbb-637204d6ae15-GrpcLogAppender: appendEntries Timeout, request=35b36fdc-90f8-4649-ab4a-4033b8c96817->b94e9841-c110-46af-9cbb-637204d6ae15#106-t2, previous=(t:2, i:20), leaderCommit=16, initializing? false, entries: <empty>
2019-09-11 21:56:32,093 [java.util.concurrent.ThreadPoolExecutor$Worker@73e5f658[State = -1, empty queue]] WARN  server.GrpcLogAppender (GrpcLogAppender.java:timeoutAppendRequest(200)) - c2a73e63-4533-4661-ae84-dd5a39362559@group-AC8E2A32E389->91f926b5-2cb1-4722-b947-953fef106990-GrpcLogAppender: appendEntries Timeout, request=c2a73e63-4533-4661-ae84-dd5a39362559->91f926b5-2cb1-4722-b947-953fef106990#106-t2, previous=(t:2, i:20), leaderCommit=16, initializing? false, entries: <empty>
2019-09-11 21:56:32,104 [grpc-default-executor-9] WARN  server.GrpcLogAppender (LogUtils.java:warn(134)) - c2a73e63-4533-4661-ae84-dd5a39362559@group-AC8E2A32E389->a5a7e056-72fb-437a-9ac2-af7573048f25-AppendLogResponseHandler: Failed appendEntries: org.apache.ratis.thirdparty.io.grpc.StatusRuntimeException: UNAVAILABLE: io exception
2019-09-11 21:56:32,109 [grpc-default-executor-9] INFO  impl.FollowerInfo (FollowerInfo.java:lambda$new$0(51)) - c2a73e63-4533-4661-ae84-dd5a39362559@group-AC8E2A32E389->a5a7e056-72fb-437a-9ac2-af7573048f25: nextIndex: updateUnconditionally 12 -> 11
2019-09-11 21:56:32,461 [java.util.concurrent.ThreadPoolExecutor$Worker@7be30595[State = -1, empty queue]] WARN  server.GrpcLogAppender (GrpcLogAppender.java:timeoutAppendRequest(200)) - b90393f0-91c9-4286-839e-32ae26f144bd@group-50C9D9F18802->a5cc9080-cfb9-4240-b5a2-6affb7ccbad1-GrpcLogAppender: appendEntries Timeout, request=b90393f0-91c9-4286-839e-32ae26f144bd->a5cc9080-cfb9-4240-b5a2-6affb7ccbad1#101-t2, previous=(t:2, i:14), leaderCommit=14, initializing? false, entries: size=1, first=(t:2, i:15), STATEMACHINELOGENTRY, client-44ED07ED1DE3, cid=56
2019-09-11 21:56:32,461 [java.util.concurrent.ThreadPoolExecutor$Worker@10890743[State = -1, empty queue]] WARN  server.GrpcLogAppender (GrpcLogAppender.java:timeoutAppendRequest(200)) - b90393f0-91c9-4286-839e-32ae26f144bd@group-50C9D9F18802->b8cc5711-5e40-41ff-95d6-57cfdaa6737f-GrpcLogAppender: appendEntries Timeout, request=b90393f0-91c9-4286-839e-32ae26f144bd->b8cc5711-5e40-41ff-95d6-57cfdaa6737f#101-t2, previous=(t:2, i:14), leaderCommit=14, initializing? false, entries: size=1, first=(t:2, i:15), STATEMACHINELOGENTRY, client-44ED07ED1DE3, cid=56
2019-09-11 21:56:32,461 [java.util.concurrent.ThreadPoolExecutor$Worker@7be30595[State = -1, empty queue]] WARN  server.GrpcLogAppender (GrpcLogAppender.java:timeoutAppendRequest(200)) - b90393f0-91c9-4286-839e-32ae26f144bd@group-50C9D9F18802->a5cc9080-cfb9-4240-b5a2-6affb7ccbad1-GrpcLogAppender: appendEntries Timeout, request=b90393f0-91c9-4286-839e-32ae26f144bd->a5cc9080-cfb9-4240-b5a2-6affb7ccbad1#102-t2, previous=(t:2, i:15), leaderCommit=14, initializing? false, entries: size=1, first=(t:2, i:16), STATEMACHINELOGENTRY, client-44ED07ED1DE3, cid=57
2019-09-11 21:56:32,465 [java.util.concurrent.ThreadPoolExecutor$Worker@10890743[State = -1, empty queue]] WARN  server.GrpcLogAppender (GrpcLogAppender.java:timeoutAppendRequest(200)) - b90393f0-91c9-4286-839e-32ae26f144bd@group-50C9D9F18802->b8cc5711-5e40-41ff-95d6-57cfdaa6737f-GrpcLogAppender: appendEntries Timeout, request=b90393f0-91c9-4286-839e-32ae26f144bd->b8cc5711-5e40-41ff-95d6-57cfdaa6737f#102-t2, previous=(t:2, i:15), leaderCommit=14, initializing? false, entries: size=1, first=(t:2, i:16), STATEMACHINELOGENTRY, client-44ED07ED1DE3, cid=57
2019-09-11 21:56:32,468 [java.util.concurrent.ThreadPoolExecutor$Worker@7be30595[State = -1, empty queue]] WARN  server.GrpcLogAppender (GrpcLogAppender.java:timeoutAppendRequest(200)) - b90393f0-91c9-4286-839e-32ae26f144bd@group-50C9D9F18802->a5cc9080-cfb9-4240-b5a2-6affb7ccbad1-GrpcLogAppender: appendEntries Timeout, request=b90393f0-91c9-4286-839e-32ae26f144bd->a5cc9080-cfb9-4240-b5a2-6affb7ccbad1#103-t2, previous=(t:2, i:16), leaderCommit=14, initializing? false, entries: size=1, first=(t:2, i:17), STATEMACHINELOGENTRY, client-44ED07ED1DE3, cid=58
2019-09-11 21:56:32,471 [java.util.concurrent.ThreadPoolExecutor$Worker@10890743[State = -1, empty queue]] WARN  server.GrpcLogAppender (GrpcLogAppender.java:timeoutAppendRequest(200)) - b90393f0-91c9-4286-839e-32ae26f144bd@group-50C9D9F18802->b8cc5711-5e40-41ff-95d6-57cfdaa6737f-GrpcLogAppender: appendEntries Timeout, request=b90393f0-91c9-4286-839e-32ae26f144bd->b8cc5711-5e40-41ff-95d6-57cfdaa6737f#103-t2, previous=(t:2, i:16), leaderCommit=14, initializing? false, entries: size=1, first=(t:2, i:17), STATEMACHINELOGENTRY, client-44ED07ED1DE3, cid=58
2019-09-11 21:56:32,473 [java.util.concurrent.ThreadPoolExecutor$Worker@7be30595[State = -1, empty queue]] WARN  server.GrpcLogAppender (GrpcLogAppender.java:timeoutAppendRequest(200)) - b90393f0-91c9-4286-839e-32ae26f144bd@group-50C9D9F18802->a5cc9080-cfb9-4240-b5a2-6affb7ccbad1-GrpcLogAppender: appendEntries Timeout, request=b90393f0-91c9-4286-839e-32ae26f144bd->a5cc9080-cfb9-4240-b5a2-6affb7ccbad1#104-t2, previous=(t:2, i:17), leaderCommit=14, initializing? false, entries: size=1, first=(t:2, i:18), STATEMACHINELOGENTRY, client-44ED07ED1DE3, cid=59
2019-09-11 21:56:32,476 [java.util.concurrent.ThreadPoolExecutor$Worker@10890743[State = -1, empty queue]] WARN  server.GrpcLogAppender (GrpcLogAppender.java:timeoutAppendRequest(200)) - b90393f0-91c9-4286-839e-32ae26f144bd@group-50C9D9F18802->b8cc5711-5e40-41ff-95d6-57cfdaa6737f-GrpcLogAppender: appendEntries Timeout, request=b90393f0-91c9-4286-839e-32ae26f144bd->b8cc5711-5e40-41ff-95d6-57cfdaa6737f#104-t2, previous=(t:2, i:17), leaderCommit=14, initializing? false, entries: size=1, first=(t:2, i:18), STATEMACHINELOGENTRY, client-44ED07ED1DE3, cid=59
2019-09-11 21:56:32,564 [java.util.concurrent.ThreadPoolExecutor$Worker@6ae5f1f8[State = -1, empty queue]] WARN  server.GrpcLogAppender (GrpcLogAppender.java:timeoutAppendRequest(200)) - 35b36fdc-90f8-4649-ab4a-4033b8c96817@group-9E5FA7894A87->b94e9841-c110-46af-9cbb-637204d6ae15-GrpcLogAppender: appendEntries Timeout, request=35b36fdc-90f8-4649-ab4a-4033b8c96817->b94e9841-c110-46af-9cbb-637204d6ae15#107-t2, previous=(t:2, i:20), leaderCommit=16, initializing? false, entries: <empty>
2019-09-11 21:56:32,564 [java.util.concurrent.ThreadPoolExecutor$Worker@4f353d25[State = -1, empty queue]] WARN  server.GrpcLogAppender (GrpcLogAppender.java:timeoutAppendRequest(200)) - 35b36fdc-90f8-4649-ab4a-4033b8c96817@group-9E5FA7894A87->cb19b877-b13a-4838-a0e1-b58882f3950d-GrpcLogAppender: appendEntries Timeout, request=35b36fdc-90f8-4649-ab4a-4033b8c96817->cb19b877-b13a-4838-a0e1-b58882f3950d#107-t2, previous=(t:2, i:20), leaderCommit=16, initializing? false, entries: <empty>
2019-09-11 21:56:32,593 [java.util.concurrent.ThreadPoolExecutor$Worker@73e5f658[State = -1, empty queue]] WARN  server.GrpcLogAppender (GrpcLogAppender.java:timeoutAppendRequest(200)) - c2a73e63-4533-4661-ae84-dd5a39362559@group-AC8E2A32E389->91f926b5-2cb1-4722-b947-953fef106990-GrpcLogAppender: appendEntries Timeout, request=c2a73e63-4533-4661-ae84-dd5a39362559->91f926b5-2cb1-4722-b947-953fef106990#107-t2, previous=(t:2, i:20), leaderCommit=16, initializing? false, entries: <empty>
2019-09-11 21:56:32,604 [grpc-default-executor-4] WARN  server.GrpcLogAppender (LogUtils.java:warn(134)) - c2a73e63-4533-4661-ae84-dd5a39362559@group-AC8E2A32E389->a5a7e056-72fb-437a-9ac2-af7573048f25-AppendLogResponseHandler: Failed appendEntries: org.apache.ratis.thirdparty.io.grpc.StatusRuntimeException: UNAVAILABLE: io exception
2019-09-11 21:56:32,608 [grpc-default-executor-4] INFO  impl.FollowerInfo (FollowerInfo.java:lambda$new$0(51)) - c2a73e63-4533-4661-ae84-dd5a39362559@group-AC8E2A32E389->a5a7e056-72fb-437a-9ac2-af7573048f25: nextIndex: updateUnconditionally 11 -> 10
2019-09-11 21:56:32,967 [java.util.concurrent.ThreadPoolExecutor$Worker@10890743[State = -1, empty queue]] WARN  server.GrpcLogAppender (GrpcLogAppender.java:timeoutAppendRequest(200)) - b90393f0-91c9-4286-839e-32ae26f144bd@group-50C9D9F18802->b8cc5711-5e40-41ff-95d6-57cfdaa6737f-GrpcLogAppender: appendEntries Timeout, request=b90393f0-91c9-4286-839e-32ae26f144bd->b8cc5711-5e40-41ff-95d6-57cfdaa6737f#105-t2, previous=(t:2, i:18), leaderCommit=14, initializing? false, entries: <empty>
2019-09-11 21:56:32,968 [java.util.concurrent.ThreadPoolExecutor$Worker@7be30595[State = -1, empty queue]] WARN  server.GrpcLogAppender (GrpcLogAppender.java:timeoutAppendRequest(200)) - b90393f0-91c9-4286-839e-32ae26f144bd@group-50C9D9F18802->a5cc9080-cfb9-4240-b5a2-6affb7ccbad1-GrpcLogAppender: appendEntries Timeout, request=b90393f0-91c9-4286-839e-32ae26f144bd->a5cc9080-cfb9-4240-b5a2-6affb7ccbad1#105-t2, previous=(t:2, i:18), leaderCommit=14, initializing? false, entries: <empty>
2019-09-11 21:56:33,064 [java.util.concurrent.ThreadPoolExecutor$Worker@6ae5f1f8[State = -1, empty queue]] WARN  server.GrpcLogAppender (GrpcLogAppender.java:timeoutAppendRequest(200)) - 35b36fdc-90f8-4649-ab4a-4033b8c96817@group-9E5FA7894A87->b94e9841-c110-46af-9cbb-637204d6ae15-GrpcLogAppender: appendEntries Timeout, request=35b36fdc-90f8-4649-ab4a-4033b8c96817->b94e9841-c110-46af-9cbb-637204d6ae15#108-t2, previous=(t:2, i:20), leaderCommit=16, initializing? false, entries: <empty>
2019-09-11 21:56:33,064 [java.util.concurrent.ThreadPoolExecutor$Worker@4f353d25[State = -1, empty queue]] WARN  server.GrpcLogAppender (GrpcLogAppender.java:timeoutAppendRequest(200)) - 35b36fdc-90f8-4649-ab4a-4033b8c96817@group-9E5FA7894A87->cb19b877-b13a-4838-a0e1-b58882f3950d-GrpcLogAppender: appendEntries Timeout, request=35b36fdc-90f8-4649-ab4a-4033b8c96817->cb19b877-b13a-4838-a0e1-b58882f3950d#108-t2, previous=(t:2, i:20), leaderCommit=16, initializing? false, entries: <empty>
2019-09-11 21:56:33,094 [java.util.concurrent.ThreadPoolExecutor$Worker@73e5f658[State = -1, empty queue]] WARN  server.GrpcLogAppender (GrpcLogAppender.java:timeoutAppendRequest(200)) - c2a73e63-4533-4661-ae84-dd5a39362559@group-AC8E2A32E389->91f926b5-2cb1-4722-b947-953fef106990-GrpcLogAppender: appendEntries Timeout, request=c2a73e63-4533-4661-ae84-dd5a39362559->91f926b5-2cb1-4722-b947-953fef106990#108-t2, previous=(t:2, i:20), leaderCommit=16, initializing? false, entries: <empty>
2019-09-11 21:56:33,107 [grpc-default-executor-11] WARN  server.GrpcLogAppender (LogUtils.java:warn(134)) - c2a73e63-4533-4661-ae84-dd5a39362559@group-AC8E2A32E389->a5a7e056-72fb-437a-9ac2-af7573048f25-AppendLogResponseHandler: Failed appendEntries: org.apache.ratis.thirdparty.io.grpc.StatusRuntimeException: UNAVAILABLE: io exception
2019-09-11 21:56:33,115 [grpc-default-executor-11] INFO  impl.FollowerInfo (FollowerInfo.java:lambda$new$0(51)) - c2a73e63-4533-4661-ae84-dd5a39362559@group-AC8E2A32E389->a5a7e056-72fb-437a-9ac2-af7573048f25: nextIndex: updateUnconditionally 10 -> 9
2019-09-11 21:56:33,468 [java.util.concurrent.ThreadPoolExecutor$Worker@10890743[State = -1, empty queue]] WARN  server.GrpcLogAppender (GrpcLogAppender.java:timeoutAppendRequest(200)) - b90393f0-91c9-4286-839e-32ae26f144bd@group-50C9D9F18802->b8cc5711-5e40-41ff-95d6-57cfdaa6737f-GrpcLogAppender: appendEntries Timeout, request=b90393f0-91c9-4286-839e-32ae26f144bd->b8cc5711-5e40-41ff-95d6-57cfdaa6737f#106-t2, previous=(t:2, i:18), leaderCommit=14, initializing? false, entries: <empty>
2019-09-11 21:56:33,468 [java.util.concurrent.ThreadPoolExecutor$Worker@7be30595[State = -1, empty queue]] WARN  server.GrpcLogAppender (GrpcLogAppender.java:timeoutAppendRequest(200)) - b90393f0-91c9-4286-839e-32ae26f144bd@group-50C9D9F18802->a5cc9080-cfb9-4240-b5a2-6affb7ccbad1-GrpcLogAppender: appendEntries Timeout, request=b90393f0-91c9-4286-839e-32ae26f144bd->a5cc9080-cfb9-4240-b5a2-6affb7ccbad1#106-t2, previous=(t:2, i:18), leaderCommit=14, initializing? false, entries: <empty>
2019-09-11 21:56:33,567 [java.util.concurrent.ThreadPoolExecutor$Worker@6ae5f1f8[State = -1, empty queue]] WARN  server.GrpcLogAppender (GrpcLogAppender.java:timeoutAppendRequest(200)) - 35b36fdc-90f8-4649-ab4a-4033b8c96817@group-9E5FA7894A87->b94e9841-c110-46af-9cbb-637204d6ae15-GrpcLogAppender: appendEntries Timeout, request=35b36fdc-90f8-4649-ab4a-4033b8c96817->b94e9841-c110-46af-9cbb-637204d6ae15#109-t2, previous=(t:2, i:20), leaderCommit=16, initializing? false, entries: <empty>
2019-09-11 21:56:33,567 [java.util.concurrent.ThreadPoolExecutor$Worker@4f353d25[State = -1, empty queue]] WARN  server.GrpcLogAppender (GrpcLogAppender.java:timeoutAppendRequest(200)) - 35b36fdc-90f8-4649-ab4a-4033b8c96817@group-9E5FA7894A87->cb19b877-b13a-4838-a0e1-b58882f3950d-GrpcLogAppender: appendEntries Timeout, request=35b36fdc-90f8-4649-ab4a-4033b8c96817->cb19b877-b13a-4838-a0e1-b58882f3950d#109-t2, previous=(t:2, i:20), leaderCommit=16, initializing? false, entries: <empty>
2019-09-11 21:56:33,595 [java.util.concurrent.ThreadPoolExecutor$Worker@73e5f658[State = -1, empty queue]] WARN  server.GrpcLogAppender (GrpcLogAppender.java:timeoutAppendRequest(200)) - c2a73e63-4533-4661-ae84-dd5a39362559@group-AC8E2A32E389->91f926b5-2cb1-4722-b947-953fef106990-GrpcLogAppender: appendEntries Timeout, request=c2a73e63-4533-4661-ae84-dd5a39362559->91f926b5-2cb1-4722-b947-953fef106990#109-t2, previous=(t:2, i:20), leaderCommit=16, initializing? false, entries: <empty>
2019-09-11 21:56:33,607 [grpc-default-executor-4] WARN  server.GrpcLogAppender (LogUtils.java:warn(134)) - c2a73e63-4533-4661-ae84-dd5a39362559@group-AC8E2A32E389->a5a7e056-72fb-437a-9ac2-af7573048f25-AppendLogResponseHandler: Failed appendEntries: org.apache.ratis.thirdparty.io.grpc.StatusRuntimeException: UNAVAILABLE: io exception
2019-09-11 21:56:33,611 [grpc-default-executor-4] INFO  impl.FollowerInfo (FollowerInfo.java:lambda$new$0(51)) - c2a73e63-4533-4661-ae84-dd5a39362559@group-AC8E2A32E389->a5a7e056-72fb-437a-9ac2-af7573048f25: nextIndex: updateUnconditionally 9 -> 8
2019-09-11 21:56:33,968 [java.util.concurrent.ThreadPoolExecutor$Worker@10890743[State = -1, empty queue]] WARN  server.GrpcLogAppender (GrpcLogAppender.java:timeoutAppendRequest(200)) - b90393f0-91c9-4286-839e-32ae26f144bd@group-50C9D9F18802->b8cc5711-5e40-41ff-95d6-57cfdaa6737f-GrpcLogAppender: appendEntries Timeout, request=b90393f0-91c9-4286-839e-32ae26f144bd->b8cc5711-5e40-41ff-95d6-57cfdaa6737f#107-t2, previous=(t:2, i:18), leaderCommit=14, initializing? false, entries: <empty>
2019-09-11 21:56:33,968 [java.util.concurrent.ThreadPoolExecutor$Worker@7be30595[State = -1, empty queue]] WARN  server.GrpcLogAppender (GrpcLogAppender.java:timeoutAppendRequest(200)) - b90393f0-91c9-4286-839e-32ae26f144bd@group-50C9D9F18802->a5cc9080-cfb9-4240-b5a2-6affb7ccbad1-GrpcLogAppender: appendEntries Timeout, request=b90393f0-91c9-4286-839e-32ae26f144bd->a5cc9080-cfb9-4240-b5a2-6affb7ccbad1#107-t2, previous=(t:2, i:18), leaderCommit=14, initializing? false, entries: <empty>
2019-09-11 21:56:34,067 [java.util.concurrent.ThreadPoolExecutor$Worker@6ae5f1f8[State = -1, empty queue]] WARN  server.GrpcLogAppender (GrpcLogAppender.java:timeoutAppendRequest(200)) - 35b36fdc-90f8-4649-ab4a-4033b8c96817@group-9E5FA7894A87->b94e9841-c110-46af-9cbb-637204d6ae15-GrpcLogAppender: appendEntries Timeout, request=35b36fdc-90f8-4649-ab4a-4033b8c96817->b94e9841-c110-46af-9cbb-637204d6ae15#110-t2, previous=(t:2, i:20), leaderCommit=16, initializing? false, entries: <empty>
2019-09-11 21:56:34,067 [java.util.concurrent.ThreadPoolExecutor$Worker@4f353d25[State = -1, empty queue]] WARN  server.GrpcLogAppender (GrpcLogAppender.java:timeoutAppendRequest(200)) - 35b36fdc-90f8-4649-ab4a-4033b8c96817@group-9E5FA7894A87->cb19b877-b13a-4838-a0e1-b58882f3950d-GrpcLogAppender: appendEntries Timeout, request=35b36fdc-90f8-4649-ab4a-4033b8c96817->cb19b877-b13a-4838-a0e1-b58882f3950d#110-t2, previous=(t:2, i:20), leaderCommit=16, initializing? false, entries: <empty>
2019-09-11 21:56:34,095 [java.util.concurrent.ThreadPoolExecutor$Worker@73e5f658[State = -1, empty queue]] WARN  server.GrpcLogAppender (GrpcLogAppender.java:timeoutAppendRequest(200)) - c2a73e63-4533-4661-ae84-dd5a39362559@group-AC8E2A32E389->91f926b5-2cb1-4722-b947-953fef106990-GrpcLogAppender: appendEntries Timeout, request=c2a73e63-4533-4661-ae84-dd5a39362559->91f926b5-2cb1-4722-b947-953fef106990#110-t2, previous=(t:2, i:20), leaderCommit=16, initializing? false, entries: <empty>
2019-09-11 21:56:34,108 [grpc-default-executor-11] WARN  server.GrpcLogAppender (LogUtils.java:warn(134)) - c2a73e63-4533-4661-ae84-dd5a39362559@group-AC8E2A32E389->a5a7e056-72fb-437a-9ac2-af7573048f25-AppendLogResponseHandler: Failed appendEntries: org.apache.ratis.thirdparty.io.grpc.StatusRuntimeException: UNAVAILABLE: io exception
2019-09-11 21:56:34,111 [grpc-default-executor-11] INFO  impl.FollowerInfo (FollowerInfo.java:lambda$new$0(51)) - c2a73e63-4533-4661-ae84-dd5a39362559@group-AC8E2A32E389->a5a7e056-72fb-437a-9ac2-af7573048f25: nextIndex: updateUnconditionally 8 -> 7
2019-09-11 21:56:34,469 [java.util.concurrent.ThreadPoolExecutor$Worker@7be30595[State = -1, empty queue]] WARN  server.GrpcLogAppender (GrpcLogAppender.java:timeoutAppendRequest(200)) - b90393f0-91c9-4286-839e-32ae26f144bd@group-50C9D9F18802->a5cc9080-cfb9-4240-b5a2-6affb7ccbad1-GrpcLogAppender: appendEntries Timeout, request=b90393f0-91c9-4286-839e-32ae26f144bd->a5cc9080-cfb9-4240-b5a2-6affb7ccbad1#108-t2, previous=(t:2, i:18), leaderCommit=14, initializing? false, entries: <empty>
2019-09-11 21:56:34,469 [java.util.concurrent.ThreadPoolExecutor$Worker@10890743[State = -1, empty queue]] WARN  server.GrpcLogAppender (GrpcLogAppender.java:timeoutAppendRequest(200)) - b90393f0-91c9-4286-839e-32ae26f144bd@group-50C9D9F18802->b8cc5711-5e40-41ff-95d6-57cfdaa6737f-GrpcLogAppender: appendEntries Timeout, request=b90393f0-91c9-4286-839e-32ae26f144bd->b8cc5711-5e40-41ff-95d6-57cfdaa6737f#108-t2, previous=(t:2, i:18), leaderCommit=14, initializing? false, entries: <empty>
2019-09-11 21:56:34,510 [grpc-default-executor-11] INFO  client.GrpcClientProtocolClient (GrpcClientProtocolClient.java:onNext(264)) - client-44ED07ED1DE3->a5cc9080-cfb9-4240-b5a2-6affb7ccbad1: receive RaftClientReply:client-44ED07ED1DE3->a5cc9080-cfb9-4240-b5a2-6affb7ccbad1@group-50C9D9F18802, cid=56, FAILED org.apache.ratis.protocol.NotLeaderException: Server a5cc9080-cfb9-4240-b5a2-6affb7ccbad1@group-50C9D9F18802 is not the leader b90393f0-91c9-4286-839e-32ae26f144bd:192.168.34.45:32948, logIndex=0, commits[a5cc9080-cfb9-4240-b5a2-6affb7ccbad1:c14, b90393f0-91c9-4286-839e-32ae26f144bd:c14, b8cc5711-5e40-41ff-95d6-57cfdaa6737f:c12]
2019-09-11 21:56:34,567 [java.util.concurrent.ThreadPoolExecutor$Worker@6ae5f1f8[State = -1, empty queue]] WARN  server.GrpcLogAppender (GrpcLogAppender.java:timeoutAppendRequest(200)) - 35b36fdc-90f8-4649-ab4a-4033b8c96817@group-9E5FA7894A87->b94e9841-c110-46af-9cbb-637204d6ae15-GrpcLogAppender: appendEntries Timeout, request=35b36fdc-90f8-4649-ab4a-4033b8c96817->b94e9841-c110-46af-9cbb-637204d6ae15#111-t2, previous=(t:2, i:20), leaderCommit=16, initializing? false, entries: <empty>
2019-09-11 21:56:34,567 [java.util.concurrent.ThreadPoolExecutor$Worker@4f353d25[State = -1, empty queue]] WARN  server.GrpcLogAppender (GrpcLogAppender.java:timeoutAppendRequest(200)) - 35b36fdc-90f8-4649-ab4a-4033b8c96817@group-9E5FA7894A87->cb19b877-b13a-4838-a0e1-b58882f3950d-GrpcLogAppender: appendEntries Timeout, request=35b36fdc-90f8-4649-ab4a-4033b8c96817->cb19b877-b13a-4838-a0e1-b58882f3950d#111-t2, previous=(t:2, i:20), leaderCommit=16, initializing? false, entries: <empty>
2019-09-11 21:56:34,595 [java.util.concurrent.ThreadPoolExecutor$Worker@73e5f658[State = -1, empty queue]] WARN  server.GrpcLogAppender (GrpcLogAppender.java:timeoutAppendRequest(200)) - c2a73e63-4533-4661-ae84-dd5a39362559@group-AC8E2A32E389->91f926b5-2cb1-4722-b947-953fef106990-GrpcLogAppender: appendEntries Timeout, request=c2a73e63-4533-4661-ae84-dd5a39362559->91f926b5-2cb1-4722-b947-953fef106990#111-t2, previous=(t:2, i:20), leaderCommit=16, initializing? false, entries: <empty>
2019-09-11 21:56:34,609 [grpc-default-executor-9] WARN  server.GrpcLogAppender (LogUtils.java:warn(134)) - c2a73e63-4533-4661-ae84-dd5a39362559@group-AC8E2A32E389->a5a7e056-72fb-437a-9ac2-af7573048f25-AppendLogResponseHandler: Failed appendEntries: org.apache.ratis.thirdparty.io.grpc.StatusRuntimeException: UNAVAILABLE: io exception
2019-09-11 21:56:34,613 [grpc-default-executor-9] INFO  impl.FollowerInfo (FollowerInfo.java:lambda$new$0(51)) - c2a73e63-4533-4661-ae84-dd5a39362559@group-AC8E2A32E389->a5a7e056-72fb-437a-9ac2-af7573048f25: nextIndex: updateUnconditionally 7 -> 6
2019-09-11 21:56:34,970 [java.util.concurrent.ThreadPoolExecutor$Worker@10890743[State = -1, empty queue]] WARN  server.GrpcLogAppender (GrpcLogAppender.java:timeoutAppendRequest(200)) - b90393f0-91c9-4286-839e-32ae26f144bd@group-50C9D9F18802->b8cc5711-5e40-41ff-95d6-57cfdaa6737f-GrpcLogAppender: appendEntries Timeout, request=b90393f0-91c9-4286-839e-32ae26f144bd->b8cc5711-5e40-41ff-95d6-57cfdaa6737f#109-t2, previous=(t:2, i:18), leaderCommit=14, initializing? false, entries: <empty>
2019-09-11 21:56:34,970 [java.util.concurrent.ThreadPoolExecutor$Worker@7be30595[State = -1, empty queue]] WARN  server.GrpcLogAppender (GrpcLogAppender.java:timeoutAppendRequest(200)) - b90393f0-91c9-4286-839e-32ae26f144bd@group-50C9D9F18802->a5cc9080-cfb9-4240-b5a2-6affb7ccbad1-GrpcLogAppender: appendEntries Timeout, request=b90393f0-91c9-4286-839e-32ae26f144bd->a5cc9080-cfb9-4240-b5a2-6affb7ccbad1#109-t2, previous=(t:2, i:18), leaderCommit=14, initializing? false, entries: <empty>
2019-09-11 21:56:35,068 [java.util.concurrent.ThreadPoolExecutor$Worker@6ae5f1f8[State = -1, empty queue]] WARN  server.GrpcLogAppender (GrpcLogAppender.java:timeoutAppendRequest(200)) - 35b36fdc-90f8-4649-ab4a-4033b8c96817@group-9E5FA7894A87->b94e9841-c110-46af-9cbb-637204d6ae15-GrpcLogAppender: appendEntries Timeout, request=35b36fdc-90f8-4649-ab4a-4033b8c96817->b94e9841-c110-46af-9cbb-637204d6ae15#112-t2, previous=(t:2, i:20), leaderCommit=16, initializing? false, entries: <empty>
2019-09-11 21:56:35,068 [java.util.concurrent.ThreadPoolExecutor$Worker@4f353d25[State = -1, empty queue]] WARN  server.GrpcLogAppender (GrpcLogAppender.java:timeoutAppendRequest(200)) - 35b36fdc-90f8-4649-ab4a-4033b8c96817@group-9E5FA7894A87->cb19b877-b13a-4838-a0e1-b58882f3950d-GrpcLogAppender: appendEntries Timeout, request=35b36fdc-90f8-4649-ab4a-4033b8c96817->cb19b877-b13a-4838-a0e1-b58882f3950d#112-t2, previous=(t:2, i:20), leaderCommit=16, initializing? false, entries: <empty>
2019-09-11 21:56:35,095 [java.util.concurrent.ThreadPoolExecutor$Worker@73e5f658[State = -1, empty queue]] WARN  server.GrpcLogAppender (GrpcLogAppender.java:timeoutAppendRequest(200)) - c2a73e63-4533-4661-ae84-dd5a39362559@group-AC8E2A32E389->91f926b5-2cb1-4722-b947-953fef106990-GrpcLogAppender: appendEntries Timeout, request=c2a73e63-4533-4661-ae84-dd5a39362559->91f926b5-2cb1-4722-b947-953fef106990#112-t2, previous=(t:2, i:20), leaderCommit=16, initializing? false, entries: <empty>
2019-09-11 21:56:35,110 [grpc-default-executor-11] WARN  server.GrpcLogAppender (LogUtils.java:warn(134)) - c2a73e63-4533-4661-ae84-dd5a39362559@group-AC8E2A32E389->a5a7e056-72fb-437a-9ac2-af7573048f25-AppendLogResponseHandler: Failed appendEntries: org.apache.ratis.thirdparty.io.grpc.StatusRuntimeException: UNAVAILABLE: io exception
2019-09-11 21:56:35,114 [grpc-default-executor-11] INFO  impl.FollowerInfo (FollowerInfo.java:lambda$new$0(51)) - c2a73e63-4533-4661-ae84-dd5a39362559@group-AC8E2A32E389->a5a7e056-72fb-437a-9ac2-af7573048f25: nextIndex: updateUnconditionally 6 -> 5
2019-09-11 21:56:35,474 [java.util.concurrent.ThreadPoolExecutor$Worker@7be30595[State = -1, empty queue]] WARN  server.GrpcLogAppender (GrpcLogAppender.java:timeoutAppendRequest(200)) - b90393f0-91c9-4286-839e-32ae26f144bd@group-50C9D9F18802->a5cc9080-cfb9-4240-b5a2-6affb7ccbad1-GrpcLogAppender: appendEntries Timeout, request=b90393f0-91c9-4286-839e-32ae26f144bd->a5cc9080-cfb9-4240-b5a2-6affb7ccbad1#110-t2, previous=(t:2, i:18), leaderCommit=14, initializing? false, entries: <empty>
2019-09-11 21:56:35,474 [java.util.concurrent.ThreadPoolExecutor$Worker@10890743[State = -1, empty queue]] WARN  server.GrpcLogAppender (GrpcLogAppender.java:timeoutAppendRequest(200)) - b90393f0-91c9-4286-839e-32ae26f144bd@group-50C9D9F18802->b8cc5711-5e40-41ff-95d6-57cfdaa6737f-GrpcLogAppender: appendEntries Timeout, request=b90393f0-91c9-4286-839e-32ae26f144bd->b8cc5711-5e40-41ff-95d6-57cfdaa6737f#110-t2, previous=(t:2, i:18), leaderCommit=14, initializing? false, entries: <empty>
2019-09-11 21:56:35,488 [35b36fdc-90f8-4649-ab4a-4033b8c96817@group-9E5FA7894A87-SegmentedRaftLogWorker] WARN  segmented.SegmentedRaftLogWorker (SegmentedRaftLogWorker.java:getFromFuture(90)) - Timeout 2/~
org.apache.ratis.protocol.TimeoutIOException: Timeout 10s: WriteLog:19: (t:2, i:19), STATEMACHINELOGENTRY, client-BDC949EA7344, cid=44-writeStateMachineData
	at org.apache.ratis.util.IOUtils.getFromFuture(IOUtils.java:87)
	at org.apache.ratis.server.raftlog.segmented.SegmentedRaftLogWorker$StateMachineDataPolicy.getFromFuture(SegmentedRaftLogWorker.java:87)
	at org.apache.ratis.server.raftlog.segmented.SegmentedRaftLogWorker$WriteLog.execute(SegmentedRaftLogWorker.java:477)
	at org.apache.ratis.server.raftlog.segmented.SegmentedRaftLogWorker.run(SegmentedRaftLogWorker.java:289)
	at java.lang.Thread.run(Thread.java:748)
Caused by: java.util.concurrent.TimeoutException
	at java.util.concurrent.CompletableFuture.timedGet(CompletableFuture.java:1771)
	at java.util.concurrent.CompletableFuture.get(CompletableFuture.java:1915)
	at org.apache.ratis.util.IOUtils.getFromFuture(IOUtils.java:79)
	... 4 more
2019-09-11 21:56:35,571 [java.util.concurrent.ThreadPoolExecutor$Worker@6ae5f1f8[State = -1, empty queue]] WARN  server.GrpcLogAppender (GrpcLogAppender.java:timeoutAppendRequest(200)) - 35b36fdc-90f8-4649-ab4a-4033b8c96817@group-9E5FA7894A87->b94e9841-c110-46af-9cbb-637204d6ae15-GrpcLogAppender: appendEntries Timeout, request=35b36fdc-90f8-4649-ab4a-4033b8c96817->b94e9841-c110-46af-9cbb-637204d6ae15#113-t2, previous=(t:2, i:20), leaderCommit=16, initializing? false, entries: <empty>
2019-09-11 21:56:35,571 [java.util.concurrent.ThreadPoolExecutor$Worker@4f353d25[State = -1, empty queue]] WARN  server.GrpcLogAppender (GrpcLogAppender.java:timeoutAppendRequest(200)) - 35b36fdc-90f8-4649-ab4a-4033b8c96817@group-9E5FA7894A87->cb19b877-b13a-4838-a0e1-b58882f3950d-GrpcLogAppender: appendEntries Timeout, request=35b36fdc-90f8-4649-ab4a-4033b8c96817->cb19b877-b13a-4838-a0e1-b58882f3950d#113-t2, previous=(t:2, i:20), leaderCommit=16, initializing? false, entries: <empty>
2019-09-11 21:56:35,580 [b94e9841-c110-46af-9cbb-637204d6ae15@group-9E5FA7894A87-SegmentedRaftLogWorker] WARN  segmented.SegmentedRaftLogWorker (SegmentedRaftLogWorker.java:getFromFuture(90)) - Timeout 2/~
org.apache.ratis.protocol.TimeoutIOException: Timeout 10s: WriteLog:19: (t:2, i:19), STATEMACHINELOGENTRY, client-BDC949EA7344, cid=44-writeStateMachineData
	at org.apache.ratis.util.IOUtils.getFromFuture(IOUtils.java:87)
	at org.apache.ratis.server.raftlog.segmented.SegmentedRaftLogWorker$StateMachineDataPolicy.getFromFuture(SegmentedRaftLogWorker.java:87)
	at org.apache.ratis.server.raftlog.segmented.SegmentedRaftLogWorker$WriteLog.execute(SegmentedRaftLogWorker.java:477)
	at org.apache.ratis.server.raftlog.segmented.SegmentedRaftLogWorker.run(SegmentedRaftLogWorker.java:289)
	at java.lang.Thread.run(Thread.java:748)
Caused by: java.util.concurrent.TimeoutException
	at java.util.concurrent.CompletableFuture.timedGet(CompletableFuture.java:1771)
	at java.util.concurrent.CompletableFuture.get(CompletableFuture.java:1915)
	at org.apache.ratis.util.IOUtils.getFromFuture(IOUtils.java:79)
	... 4 more
2019-09-11 21:56:35,595 [cb19b877-b13a-4838-a0e1-b58882f3950d@group-9E5FA7894A87-SegmentedRaftLogWorker] WARN  segmented.SegmentedRaftLogWorker (SegmentedRaftLogWorker.java:getFromFuture(90)) - Timeout 2/~
org.apache.ratis.protocol.TimeoutIOException: Timeout 10s: WriteLog:19: (t:2, i:19), STATEMACHINELOGENTRY, client-BDC949EA7344, cid=44-writeStateMachineData
	at org.apache.ratis.util.IOUtils.getFromFuture(IOUtils.java:87)
	at org.apache.ratis.server.raftlog.segmented.SegmentedRaftLogWorker$StateMachineDataPolicy.getFromFuture(SegmentedRaftLogWorker.java:87)
	at org.apache.ratis.server.raftlog.segmented.SegmentedRaftLogWorker$WriteLog.execute(SegmentedRaftLogWorker.java:477)
	at org.apache.ratis.server.raftlog.segmented.SegmentedRaftLogWorker.run(SegmentedRaftLogWorker.java:289)
	at java.lang.Thread.run(Thread.java:748)
Caused by: java.util.concurrent.TimeoutException
	at java.util.concurrent.CompletableFuture.timedGet(CompletableFuture.java:1771)
	at java.util.concurrent.CompletableFuture.get(CompletableFuture.java:1915)
	at org.apache.ratis.util.IOUtils.getFromFuture(IOUtils.java:79)
	... 4 more
2019-09-11 21:56:35,595 [java.util.concurrent.ThreadPoolExecutor$Worker@73e5f658[State = -1, empty queue]] WARN  server.GrpcLogAppender (GrpcLogAppender.java:timeoutAppendRequest(200)) - c2a73e63-4533-4661-ae84-dd5a39362559@group-AC8E2A32E389->91f926b5-2cb1-4722-b947-953fef106990-GrpcLogAppender: appendEntries Timeout, request=c2a73e63-4533-4661-ae84-dd5a39362559->91f926b5-2cb1-4722-b947-953fef106990#113-t2, previous=(t:2, i:20), leaderCommit=16, initializing? false, entries: <empty>
2019-09-11 21:56:35,611 [grpc-default-executor-9] WARN  server.GrpcLogAppender (LogUtils.java:warn(134)) - c2a73e63-4533-4661-ae84-dd5a39362559@group-AC8E2A32E389->a5a7e056-72fb-437a-9ac2-af7573048f25-AppendLogResponseHandler: Failed appendEntries: org.apache.ratis.thirdparty.io.grpc.StatusRuntimeException: UNAVAILABLE: io exception
2019-09-11 21:56:35,614 [grpc-default-executor-9] INFO  impl.FollowerInfo (FollowerInfo.java:lambda$new$0(51)) - c2a73e63-4533-4661-ae84-dd5a39362559@group-AC8E2A32E389->a5a7e056-72fb-437a-9ac2-af7573048f25: nextIndex: updateUnconditionally 5 -> 4
2019-09-11 21:56:35,974 [java.util.concurrent.ThreadPoolExecutor$Worker@10890743[State = -1, empty queue]] WARN  server.GrpcLogAppender (GrpcLogAppender.java:timeoutAppendRequest(200)) - b90393f0-91c9-4286-839e-32ae26f144bd@group-50C9D9F18802->b8cc5711-5e40-41ff-95d6-57cfdaa6737f-GrpcLogAppender: appendEntries Timeout, request=b90393f0-91c9-4286-839e-32ae26f144bd->b8cc5711-5e40-41ff-95d6-57cfdaa6737f#111-t2, previous=(t:2, i:18), leaderCommit=14, initializing? false, entries: <empty>
2019-09-11 21:56:35,974 [java.util.concurrent.ThreadPoolExecutor$Worker@7be30595[State = -1, empty queue]] WARN  server.GrpcLogAppender (GrpcLogAppender.java:timeoutAppendRequest(200)) - b90393f0-91c9-4286-839e-32ae26f144bd@group-50C9D9F18802->a5cc9080-cfb9-4240-b5a2-6affb7ccbad1-GrpcLogAppender: appendEntries Timeout, request=b90393f0-91c9-4286-839e-32ae26f144bd->a5cc9080-cfb9-4240-b5a2-6affb7ccbad1#111-t2, previous=(t:2, i:18), leaderCommit=14, initializing? false, entries: <empty>
2019-09-11 21:56:36,072 [java.util.concurrent.ThreadPoolExecutor$Worker@6ae5f1f8[State = -1, empty queue]] WARN  server.GrpcLogAppender (GrpcLogAppender.java:timeoutAppendRequest(200)) - 35b36fdc-90f8-4649-ab4a-4033b8c96817@group-9E5FA7894A87->b94e9841-c110-46af-9cbb-637204d6ae15-GrpcLogAppender: appendEntries Timeout, request=35b36fdc-90f8-4649-ab4a-4033b8c96817->b94e9841-c110-46af-9cbb-637204d6ae15#114-t2, previous=(t:2, i:20), leaderCommit=16, initializing? false, entries: <empty>
2019-09-11 21:56:36,072 [java.util.concurrent.ThreadPoolExecutor$Worker@4f353d25[State = -1, empty queue]] WARN  server.GrpcLogAppender (GrpcLogAppender.java:timeoutAppendRequest(200)) - 35b36fdc-90f8-4649-ab4a-4033b8c96817@group-9E5FA7894A87->cb19b877-b13a-4838-a0e1-b58882f3950d-GrpcLogAppender: appendEntries Timeout, request=35b36fdc-90f8-4649-ab4a-4033b8c96817->cb19b877-b13a-4838-a0e1-b58882f3950d#114-t2, previous=(t:2, i:20), leaderCommit=16, initializing? false, entries: <empty>
2019-09-11 21:56:36,096 [java.util.concurrent.ThreadPoolExecutor$Worker@73e5f658[State = -1, empty queue]] WARN  server.GrpcLogAppender (GrpcLogAppender.java:timeoutAppendRequest(200)) - c2a73e63-4533-4661-ae84-dd5a39362559@group-AC8E2A32E389->91f926b5-2cb1-4722-b947-953fef106990-GrpcLogAppender: appendEntries Timeout, request=c2a73e63-4533-4661-ae84-dd5a39362559->91f926b5-2cb1-4722-b947-953fef106990#114-t2, previous=(t:2, i:20), leaderCommit=16, initializing? false, entries: <empty>
2019-09-11 21:56:36,112 [grpc-default-executor-11] WARN  server.GrpcLogAppender (LogUtils.java:warn(134)) - c2a73e63-4533-4661-ae84-dd5a39362559@group-AC8E2A32E389->a5a7e056-72fb-437a-9ac2-af7573048f25-AppendLogResponseHandler: Failed appendEntries: org.apache.ratis.thirdparty.io.grpc.StatusRuntimeException: UNAVAILABLE: io exception
2019-09-11 21:56:36,116 [grpc-default-executor-11] INFO  impl.FollowerInfo (FollowerInfo.java:lambda$new$0(51)) - c2a73e63-4533-4661-ae84-dd5a39362559@group-AC8E2A32E389->a5a7e056-72fb-437a-9ac2-af7573048f25: nextIndex: updateUnconditionally 4 -> 3
2019-09-11 21:56:36,474 [java.util.concurrent.ThreadPoolExecutor$Worker@10890743[State = -1, empty queue]] WARN  server.GrpcLogAppender (GrpcLogAppender.java:timeoutAppendRequest(200)) - b90393f0-91c9-4286-839e-32ae26f144bd@group-50C9D9F18802->b8cc5711-5e40-41ff-95d6-57cfdaa6737f-GrpcLogAppender: appendEntries Timeout, request=b90393f0-91c9-4286-839e-32ae26f144bd->b8cc5711-5e40-41ff-95d6-57cfdaa6737f#112-t2, previous=(t:2, i:18), leaderCommit=14, initializing? false, entries: <empty>
2019-09-11 21:56:36,475 [java.util.concurrent.ThreadPoolExecutor$Worker@7be30595[State = -1, empty queue]] WARN  server.GrpcLogAppender (GrpcLogAppender.java:timeoutAppendRequest(200)) - b90393f0-91c9-4286-839e-32ae26f144bd@group-50C9D9F18802->a5cc9080-cfb9-4240-b5a2-6affb7ccbad1-GrpcLogAppender: appendEntries Timeout, request=b90393f0-91c9-4286-839e-32ae26f144bd->a5cc9080-cfb9-4240-b5a2-6affb7ccbad1#112-t2, previous=(t:2, i:18), leaderCommit=14, initializing? false, entries: <empty>
2019-09-11 21:56:36,572 [java.util.concurrent.ThreadPoolExecutor$Worker@4f353d25[State = -1, empty queue]] WARN  server.GrpcLogAppender (GrpcLogAppender.java:timeoutAppendRequest(200)) - 35b36fdc-90f8-4649-ab4a-4033b8c96817@group-9E5FA7894A87->cb19b877-b13a-4838-a0e1-b58882f3950d-GrpcLogAppender: appendEntries Timeout, request=35b36fdc-90f8-4649-ab4a-4033b8c96817->cb19b877-b13a-4838-a0e1-b58882f3950d#115-t2, previous=(t:2, i:20), leaderCommit=16, initializing? false, entries: <empty>
2019-09-11 21:56:36,572 [java.util.concurrent.ThreadPoolExecutor$Worker@6ae5f1f8[State = -1, empty queue]] WARN  server.GrpcLogAppender (GrpcLogAppender.java:timeoutAppendRequest(200)) - 35b36fdc-90f8-4649-ab4a-4033b8c96817@group-9E5FA7894A87->b94e9841-c110-46af-9cbb-637204d6ae15-GrpcLogAppender: appendEntries Timeout, request=35b36fdc-90f8-4649-ab4a-4033b8c96817->b94e9841-c110-46af-9cbb-637204d6ae15#115-t2, previous=(t:2, i:20), leaderCommit=16, initializing? false, entries: <empty>
2019-09-11 21:56:36,599 [java.util.concurrent.ThreadPoolExecutor$Worker@73e5f658[State = -1, empty queue]] WARN  server.GrpcLogAppender (GrpcLogAppender.java:timeoutAppendRequest(200)) - c2a73e63-4533-4661-ae84-dd5a39362559@group-AC8E2A32E389->91f926b5-2cb1-4722-b947-953fef106990-GrpcLogAppender: appendEntries Timeout, request=c2a73e63-4533-4661-ae84-dd5a39362559->91f926b5-2cb1-4722-b947-953fef106990#115-t2, previous=(t:2, i:20), leaderCommit=16, initializing? false, entries: <empty>
2019-09-11 21:56:36,621 [grpc-default-executor-11] WARN  server.GrpcLogAppender (LogUtils.java:warn(134)) - c2a73e63-4533-4661-ae84-dd5a39362559@group-AC8E2A32E389->a5a7e056-72fb-437a-9ac2-af7573048f25-AppendLogResponseHandler: Failed appendEntries: org.apache.ratis.thirdparty.io.grpc.StatusRuntimeException: UNAVAILABLE: io exception
2019-09-11 21:56:36,626 [grpc-default-executor-11] INFO  impl.FollowerInfo (FollowerInfo.java:lambda$new$0(51)) - c2a73e63-4533-4661-ae84-dd5a39362559@group-AC8E2A32E389->a5a7e056-72fb-437a-9ac2-af7573048f25: nextIndex: updateUnconditionally 3 -> 2
2019-09-11 21:56:36,646 [c2a73e63-4533-4661-ae84-dd5a39362559@group-AC8E2A32E389-SegmentedRaftLogWorker] WARN  segmented.SegmentedRaftLogWorker (SegmentedRaftLogWorker.java:getFromFuture(90)) - Timeout 4/~
org.apache.ratis.protocol.TimeoutIOException: Timeout 10s: WriteLog:19: (t:2, i:19), STATEMACHINELOGENTRY, client-50BBF47487D0, cid=30-writeStateMachineData
	at org.apache.ratis.util.IOUtils.getFromFuture(IOUtils.java:87)
	at org.apache.ratis.server.raftlog.segmented.SegmentedRaftLogWorker$StateMachineDataPolicy.getFromFuture(SegmentedRaftLogWorker.java:87)
	at org.apache.ratis.server.raftlog.segmented.SegmentedRaftLogWorker$WriteLog.execute(SegmentedRaftLogWorker.java:477)
	at org.apache.ratis.server.raftlog.segmented.SegmentedRaftLogWorker.run(SegmentedRaftLogWorker.java:289)
	at java.lang.Thread.run(Thread.java:748)
Caused by: java.util.concurrent.TimeoutException
	at java.util.concurrent.CompletableFuture.timedGet(CompletableFuture.java:1771)
	at java.util.concurrent.CompletableFuture.get(CompletableFuture.java:1915)
	at org.apache.ratis.util.IOUtils.getFromFuture(IOUtils.java:79)
	... 4 more
2019-09-11 21:56:36,659 [91f926b5-2cb1-4722-b947-953fef106990@group-AC8E2A32E389-SegmentedRaftLogWorker] WARN  segmented.SegmentedRaftLogWorker (SegmentedRaftLogWorker.java:getFromFuture(90)) - Timeout 4/~
org.apache.ratis.protocol.TimeoutIOException: Timeout 10s: WriteLog:19: (t:2, i:19), STATEMACHINELOGENTRY, client-50BBF47487D0, cid=30-writeStateMachineData
	at org.apache.ratis.util.IOUtils.getFromFuture(IOUtils.java:87)
	at org.apache.ratis.server.raftlog.segmented.SegmentedRaftLogWorker$StateMachineDataPolicy.getFromFuture(SegmentedRaftLogWorker.java:87)
	at org.apache.ratis.server.raftlog.segmented.SegmentedRaftLogWorker$WriteLog.execute(SegmentedRaftLogWorker.java:477)
	at org.apache.ratis.server.raftlog.segmented.SegmentedRaftLogWorker.run(SegmentedRaftLogWorker.java:289)
	at java.lang.Thread.run(Thread.java:748)
Caused by: java.util.concurrent.TimeoutException
	at java.util.concurrent.CompletableFuture.timedGet(CompletableFuture.java:1771)
	at java.util.concurrent.CompletableFuture.get(CompletableFuture.java:1915)
	at org.apache.ratis.util.IOUtils.getFromFuture(IOUtils.java:79)
	... 4 more
2019-09-11 21:56:36,975 [java.util.concurrent.ThreadPoolExecutor$Worker@7be30595[State = -1, empty queue]] WARN  server.GrpcLogAppender (GrpcLogAppender.java:timeoutAppendRequest(200)) - b90393f0-91c9-4286-839e-32ae26f144bd@group-50C9D9F18802->a5cc9080-cfb9-4240-b5a2-6affb7ccbad1-GrpcLogAppender: appendEntries Timeout, request=b90393f0-91c9-4286-839e-32ae26f144bd->a5cc9080-cfb9-4240-b5a2-6affb7ccbad1#113-t2, previous=(t:2, i:18), leaderCommit=14, initializing? false, entries: <empty>
2019-09-11 21:56:36,975 [java.util.concurrent.ThreadPoolExecutor$Worker@10890743[State = -1, empty queue]] WARN  server.GrpcLogAppender (GrpcLogAppender.java:timeoutAppendRequest(200)) - b90393f0-91c9-4286-839e-32ae26f144bd@group-50C9D9F18802->b8cc5711-5e40-41ff-95d6-57cfdaa6737f-GrpcLogAppender: appendEntries Timeout, request=b90393f0-91c9-4286-839e-32ae26f144bd->b8cc5711-5e40-41ff-95d6-57cfdaa6737f#113-t2, previous=(t:2, i:18), leaderCommit=14, initializing? false, entries: <empty>
2019-09-11 21:56:37,072 [java.util.concurrent.ThreadPoolExecutor$Worker@4f353d25[State = -1, empty queue]] WARN  server.GrpcLogAppender (GrpcLogAppender.java:timeoutAppendRequest(200)) - 35b36fdc-90f8-4649-ab4a-4033b8c96817@group-9E5FA7894A87->cb19b877-b13a-4838-a0e1-b58882f3950d-GrpcLogAppender: appendEntries Timeout, request=35b36fdc-90f8-4649-ab4a-4033b8c96817->cb19b877-b13a-4838-a0e1-b58882f3950d#116-t2, previous=(t:2, i:20), leaderCommit=16, initializing? false, entries: <empty>
2019-09-11 21:56:37,072 [java.util.concurrent.ThreadPoolExecutor$Worker@6ae5f1f8[State = -1, empty queue]] WARN  server.GrpcLogAppender (GrpcLogAppender.java:timeoutAppendRequest(200)) - 35b36fdc-90f8-4649-ab4a-4033b8c96817@group-9E5FA7894A87->b94e9841-c110-46af-9cbb-637204d6ae15-GrpcLogAppender: appendEntries Timeout, request=35b36fdc-90f8-4649-ab4a-4033b8c96817->b94e9841-c110-46af-9cbb-637204d6ae15#116-t2, previous=(t:2, i:20), leaderCommit=16, initializing? false, entries: <empty>
2019-09-11 21:56:37,096 [java.util.concurrent.ThreadPoolExecutor$Worker@73e5f658[State = -1, empty queue]] WARN  server.GrpcLogAppender (GrpcLogAppender.java:timeoutAppendRequest(200)) - c2a73e63-4533-4661-ae84-dd5a39362559@group-AC8E2A32E389->91f926b5-2cb1-4722-b947-953fef106990-GrpcLogAppender: appendEntries Timeout, request=c2a73e63-4533-4661-ae84-dd5a39362559->91f926b5-2cb1-4722-b947-953fef106990#116-t2, previous=(t:2, i:20), leaderCommit=16, initializing? false, entries: <empty>
2019-09-11 21:56:37,114 [grpc-default-executor-9] WARN  server.GrpcLogAppender (LogUtils.java:warn(134)) - c2a73e63-4533-4661-ae84-dd5a39362559@group-AC8E2A32E389->a5a7e056-72fb-437a-9ac2-af7573048f25-AppendLogResponseHandler: Failed appendEntries: org.apache.ratis.thirdparty.io.grpc.StatusRuntimeException: UNAVAILABLE: io exception
2019-09-11 21:56:37,118 [grpc-default-executor-9] INFO  impl.FollowerInfo (FollowerInfo.java:lambda$new$0(51)) - c2a73e63-4533-4661-ae84-dd5a39362559@group-AC8E2A32E389->a5a7e056-72fb-437a-9ac2-af7573048f25: nextIndex: updateUnconditionally 2 -> 1
2019-09-11 21:56:37,475 [java.util.concurrent.ThreadPoolExecutor$Worker@7be30595[State = -1, empty queue]] WARN  server.GrpcLogAppender (GrpcLogAppender.java:timeoutAppendRequest(200)) - b90393f0-91c9-4286-839e-32ae26f144bd@group-50C9D9F18802->a5cc9080-cfb9-4240-b5a2-6affb7ccbad1-GrpcLogAppender: appendEntries Timeout, request=b90393f0-91c9-4286-839e-32ae26f144bd->a5cc9080-cfb9-4240-b5a2-6affb7ccbad1#114-t2, previous=(t:2, i:18), leaderCommit=14, initializing? false, entries: <empty>
2019-09-11 21:56:37,475 [java.util.concurrent.ThreadPoolExecutor$Worker@10890743[State = -1, empty queue]] WARN  server.GrpcLogAppender (GrpcLogAppender.java:timeoutAppendRequest(200)) - b90393f0-91c9-4286-839e-32ae26f144bd@group-50C9D9F18802->b8cc5711-5e40-41ff-95d6-57cfdaa6737f-GrpcLogAppender: appendEntries Timeout, request=b90393f0-91c9-4286-839e-32ae26f144bd->b8cc5711-5e40-41ff-95d6-57cfdaa6737f#114-t2, previous=(t:2, i:18), leaderCommit=14, initializing? false, entries: <empty>
2019-09-11 21:56:37,573 [java.util.concurrent.ThreadPoolExecutor$Worker@6ae5f1f8[State = -1, empty queue]] WARN  server.GrpcLogAppender (GrpcLogAppender.java:timeoutAppendRequest(200)) - 35b36fdc-90f8-4649-ab4a-4033b8c96817@group-9E5FA7894A87->b94e9841-c110-46af-9cbb-637204d6ae15-GrpcLogAppender: appendEntries Timeout, request=35b36fdc-90f8-4649-ab4a-4033b8c96817->b94e9841-c110-46af-9cbb-637204d6ae15#117-t2, previous=(t:2, i:20), leaderCommit=16, initializing? false, entries: <empty>
2019-09-11 21:56:37,573 [java.util.concurrent.ThreadPoolExecutor$Worker@4f353d25[State = -1, empty queue]] WARN  server.GrpcLogAppender (GrpcLogAppender.java:timeoutAppendRequest(200)) - 35b36fdc-90f8-4649-ab4a-4033b8c96817@group-9E5FA7894A87->cb19b877-b13a-4838-a0e1-b58882f3950d-GrpcLogAppender: appendEntries Timeout, request=35b36fdc-90f8-4649-ab4a-4033b8c96817->cb19b877-b13a-4838-a0e1-b58882f3950d#117-t2, previous=(t:2, i:20), leaderCommit=16, initializing? false, entries: <empty>
2019-09-11 21:56:37,596 [java.util.concurrent.ThreadPoolExecutor$Worker@73e5f658[State = -1, empty queue]] WARN  server.GrpcLogAppender (GrpcLogAppender.java:timeoutAppendRequest(200)) - c2a73e63-4533-4661-ae84-dd5a39362559@group-AC8E2A32E389->91f926b5-2cb1-4722-b947-953fef106990-GrpcLogAppender: appendEntries Timeout, request=c2a73e63-4533-4661-ae84-dd5a39362559->91f926b5-2cb1-4722-b947-953fef106990#117-t2, previous=(t:2, i:20), leaderCommit=16, initializing? false, entries: <empty>
2019-09-11 21:56:37,615 [grpc-default-executor-4] WARN  server.GrpcLogAppender (LogUtils.java:warn(134)) - c2a73e63-4533-4661-ae84-dd5a39362559@group-AC8E2A32E389->a5a7e056-72fb-437a-9ac2-af7573048f25-AppendLogResponseHandler: Failed appendEntries: org.apache.ratis.thirdparty.io.grpc.StatusRuntimeException: UNAVAILABLE: io exception
2019-09-11 21:56:37,619 [grpc-default-executor-4] INFO  impl.FollowerInfo (FollowerInfo.java:lambda$new$0(51)) - c2a73e63-4533-4661-ae84-dd5a39362559@group-AC8E2A32E389->a5a7e056-72fb-437a-9ac2-af7573048f25: nextIndex: updateUnconditionally 1 -> 0
2019-09-11 21:56:37,976 [java.util.concurrent.ThreadPoolExecutor$Worker@7be30595[State = -1, empty queue]] WARN  server.GrpcLogAppender (GrpcLogAppender.java:timeoutAppendRequest(200)) - b90393f0-91c9-4286-839e-32ae26f144bd@group-50C9D9F18802->a5cc9080-cfb9-4240-b5a2-6affb7ccbad1-GrpcLogAppender: appendEntries Timeout, request=b90393f0-91c9-4286-839e-32ae26f144bd->a5cc9080-cfb9-4240-b5a2-6affb7ccbad1#115-t2, previous=(t:2, i:18), leaderCommit=14, initializing? false, entries: <empty>
2019-09-11 21:56:37,976 [java.util.concurrent.ThreadPoolExecutor$Worker@10890743[State = -1, empty queue]] WARN  server.GrpcLogAppender (GrpcLogAppender.java:timeoutAppendRequest(200)) - b90393f0-91c9-4286-839e-32ae26f144bd@group-50C9D9F18802->b8cc5711-5e40-41ff-95d6-57cfdaa6737f-GrpcLogAppender: appendEntries Timeout, request=b90393f0-91c9-4286-839e-32ae26f144bd->b8cc5711-5e40-41ff-95d6-57cfdaa6737f#115-t2, previous=(t:2, i:18), leaderCommit=14, initializing? false, entries: <empty>
2019-09-11 21:56:38,073 [java.util.concurrent.ThreadPoolExecutor$Worker@4f353d25[State = -1, empty queue]] WARN  server.GrpcLogAppender (GrpcLogAppender.java:timeoutAppendRequest(200)) - 35b36fdc-90f8-4649-ab4a-4033b8c96817@group-9E5FA7894A87->cb19b877-b13a-4838-a0e1-b58882f3950d-GrpcLogAppender: appendEntries Timeout, request=35b36fdc-90f8-4649-ab4a-4033b8c96817->cb19b877-b13a-4838-a0e1-b58882f3950d#118-t2, previous=(t:2, i:20), leaderCommit=16, initializing? false, entries: <empty>
2019-09-11 21:56:38,073 [java.util.concurrent.ThreadPoolExecutor$Worker@6ae5f1f8[State = -1, empty queue]] WARN  server.GrpcLogAppender (GrpcLogAppender.java:timeoutAppendRequest(200)) - 35b36fdc-90f8-4649-ab4a-4033b8c96817@group-9E5FA7894A87->b94e9841-c110-46af-9cbb-637204d6ae15-GrpcLogAppender: appendEntries Timeout, request=35b36fdc-90f8-4649-ab4a-4033b8c96817->b94e9841-c110-46af-9cbb-637204d6ae15#118-t2, previous=(t:2, i:20), leaderCommit=16, initializing? false, entries: <empty>
2019-09-11 21:56:38,097 [java.util.concurrent.ThreadPoolExecutor$Worker@73e5f658[State = -1, empty queue]] WARN  server.GrpcLogAppender (GrpcLogAppender.java:timeoutAppendRequest(200)) - c2a73e63-4533-4661-ae84-dd5a39362559@group-AC8E2A32E389->91f926b5-2cb1-4722-b947-953fef106990-GrpcLogAppender: appendEntries Timeout, request=c2a73e63-4533-4661-ae84-dd5a39362559->91f926b5-2cb1-4722-b947-953fef106990#118-t2, previous=(t:2, i:20), leaderCommit=16, initializing? false, entries: <empty>
2019-09-11 21:56:38,116 [grpc-default-executor-11] WARN  server.GrpcLogAppender (LogUtils.java:warn(134)) - c2a73e63-4533-4661-ae84-dd5a39362559@group-AC8E2A32E389->a5a7e056-72fb-437a-9ac2-af7573048f25-AppendLogResponseHandler: Failed appendEntries: org.apache.ratis.thirdparty.io.grpc.StatusRuntimeException: UNAVAILABLE: io exception
2019-09-11 21:56:38,119 [grpc-default-executor-11] INFO  impl.FollowerInfo (FollowerInfo.java:lambda$new$0(51)) - c2a73e63-4533-4661-ae84-dd5a39362559@group-AC8E2A32E389->a5a7e056-72fb-437a-9ac2-af7573048f25: nextIndex: updateUnconditionally 0 -> 0
2019-09-11 21:56:38,476 [java.util.concurrent.ThreadPoolExecutor$Worker@7be30595[State = -1, empty queue]] WARN  server.GrpcLogAppender (GrpcLogAppender.java:timeoutAppendRequest(200)) - b90393f0-91c9-4286-839e-32ae26f144bd@group-50C9D9F18802->a5cc9080-cfb9-4240-b5a2-6affb7ccbad1-GrpcLogAppender: appendEntries Timeout, request=b90393f0-91c9-4286-839e-32ae26f144bd->a5cc9080-cfb9-4240-b5a2-6affb7ccbad1#116-t2, previous=(t:2, i:18), leaderCommit=14, initializing? false, entries: <empty>
2019-09-11 21:56:38,476 [java.util.concurrent.ThreadPoolExecutor$Worker@10890743[State = -1, empty queue]] WARN  server.GrpcLogAppender (GrpcLogAppender.java:timeoutAppendRequest(200)) - b90393f0-91c9-4286-839e-32ae26f144bd@group-50C9D9F18802->b8cc5711-5e40-41ff-95d6-57cfdaa6737f-GrpcLogAppender: appendEntries Timeout, request=b90393f0-91c9-4286-839e-32ae26f144bd->b8cc5711-5e40-41ff-95d6-57cfdaa6737f#116-t2, previous=(t:2, i:18), leaderCommit=14, initializing? false, entries: <empty>
2019-09-11 21:56:38,573 [java.util.concurrent.ThreadPoolExecutor$Worker@6ae5f1f8[State = -1, empty queue]] WARN  server.GrpcLogAppender (GrpcLogAppender.java:timeoutAppendRequest(200)) - 35b36fdc-90f8-4649-ab4a-4033b8c96817@group-9E5FA7894A87->b94e9841-c110-46af-9cbb-637204d6ae15-GrpcLogAppender: appendEntries Timeout, request=35b36fdc-90f8-4649-ab4a-4033b8c96817->b94e9841-c110-46af-9cbb-637204d6ae15#119-t2, previous=(t:2, i:20), leaderCommit=16, initializing? false, entries: <empty>
2019-09-11 21:56:38,573 [java.util.concurrent.ThreadPoolExecutor$Worker@4f353d25[State = -1, empty queue]] WARN  server.GrpcLogAppender (GrpcLogAppender.java:timeoutAppendRequest(200)) - 35b36fdc-90f8-4649-ab4a-4033b8c96817@group-9E5FA7894A87->cb19b877-b13a-4838-a0e1-b58882f3950d-GrpcLogAppender: appendEntries Timeout, request=35b36fdc-90f8-4649-ab4a-4033b8c96817->cb19b877-b13a-4838-a0e1-b58882f3950d#119-t2, previous=(t:2, i:20), leaderCommit=16, initializing? false, entries: <empty>
2019-09-11 21:56:38,597 [java.util.concurrent.ThreadPoolExecutor$Worker@73e5f658[State = -1, empty queue]] WARN  server.GrpcLogAppender (GrpcLogAppender.java:timeoutAppendRequest(200)) - c2a73e63-4533-4661-ae84-dd5a39362559@group-AC8E2A32E389->91f926b5-2cb1-4722-b947-953fef106990-GrpcLogAppender: appendEntries Timeout, request=c2a73e63-4533-4661-ae84-dd5a39362559->91f926b5-2cb1-4722-b947-953fef106990#119-t2, previous=(t:2, i:20), leaderCommit=16, initializing? false, entries: <empty>
2019-09-11 21:56:38,616 [grpc-default-executor-11] WARN  server.GrpcLogAppender (LogUtils.java:warn(134)) - c2a73e63-4533-4661-ae84-dd5a39362559@group-AC8E2A32E389->a5a7e056-72fb-437a-9ac2-af7573048f25-AppendLogResponseHandler: Failed appendEntries: org.apache.ratis.thirdparty.io.grpc.StatusRuntimeException: UNAVAILABLE: io exception
2019-09-11 21:56:38,619 [grpc-default-executor-11] INFO  impl.FollowerInfo (FollowerInfo.java:lambda$new$0(51)) - c2a73e63-4533-4661-ae84-dd5a39362559@group-AC8E2A32E389->a5a7e056-72fb-437a-9ac2-af7573048f25: nextIndex: updateUnconditionally 0 -> 0
2019-09-11 21:56:38,976 [java.util.concurrent.ThreadPoolExecutor$Worker@7be30595[State = -1, empty queue]] WARN  server.GrpcLogAppender (GrpcLogAppender.java:timeoutAppendRequest(200)) - b90393f0-91c9-4286-839e-32ae26f144bd@group-50C9D9F18802->a5cc9080-cfb9-4240-b5a2-6affb7ccbad1-GrpcLogAppender: appendEntries Timeout, request=b90393f0-91c9-4286-839e-32ae26f144bd->a5cc9080-cfb9-4240-b5a2-6affb7ccbad1#117-t2, previous=(t:2, i:18), leaderCommit=14, initializing? false, entries: <empty>
2019-09-11 21:56:38,976 [java.util.concurrent.ThreadPoolExecutor$Worker@10890743[State = -1, empty queue]] WARN  server.GrpcLogAppender (GrpcLogAppender.java:timeoutAppendRequest(200)) - b90393f0-91c9-4286-839e-32ae26f144bd@group-50C9D9F18802->b8cc5711-5e40-41ff-95d6-57cfdaa6737f-GrpcLogAppender: appendEntries Timeout, request=b90393f0-91c9-4286-839e-32ae26f144bd->b8cc5711-5e40-41ff-95d6-57cfdaa6737f#117-t2, previous=(t:2, i:18), leaderCommit=14, initializing? false, entries: <empty>
2019-09-11 21:56:39,074 [java.util.concurrent.ThreadPoolExecutor$Worker@4f353d25[State = -1, empty queue]] WARN  server.GrpcLogAppender (GrpcLogAppender.java:timeoutAppendRequest(200)) - 35b36fdc-90f8-4649-ab4a-4033b8c96817@group-9E5FA7894A87->cb19b877-b13a-4838-a0e1-b58882f3950d-GrpcLogAppender: appendEntries Timeout, request=35b36fdc-90f8-4649-ab4a-4033b8c96817->cb19b877-b13a-4838-a0e1-b58882f3950d#120-t2, previous=(t:2, i:20), leaderCommit=16, initializing? false, entries: <empty>
2019-09-11 21:56:39,074 [java.util.concurrent.ThreadPoolExecutor$Worker@6ae5f1f8[State = -1, empty queue]] WARN  server.GrpcLogAppender (GrpcLogAppender.java:timeoutAppendRequest(200)) - 35b36fdc-90f8-4649-ab4a-4033b8c96817@group-9E5FA7894A87->b94e9841-c110-46af-9cbb-637204d6ae15-GrpcLogAppender: appendEntries Timeout, request=35b36fdc-90f8-4649-ab4a-4033b8c96817->b94e9841-c110-46af-9cbb-637204d6ae15#120-t2, previous=(t:2, i:20), leaderCommit=16, initializing? false, entries: <empty>
2019-09-11 21:56:39,097 [java.util.concurrent.ThreadPoolExecutor$Worker@73e5f658[State = -1, empty queue]] WARN  server.GrpcLogAppender (GrpcLogAppender.java:timeoutAppendRequest(200)) - c2a73e63-4533-4661-ae84-dd5a39362559@group-AC8E2A32E389->91f926b5-2cb1-4722-b947-953fef106990-GrpcLogAppender: appendEntries Timeout, request=c2a73e63-4533-4661-ae84-dd5a39362559->91f926b5-2cb1-4722-b947-953fef106990#120-t2, previous=(t:2, i:20), leaderCommit=16, initializing? false, entries: <empty>
2019-09-11 21:56:39,146 [grpc-default-executor-4] WARN  server.GrpcLogAppender (LogUtils.java:warn(134)) - c2a73e63-4533-4661-ae84-dd5a39362559@group-AC8E2A32E389->a5a7e056-72fb-437a-9ac2-af7573048f25-AppendLogResponseHandler: Failed appendEntries: org.apache.ratis.thirdparty.io.grpc.StatusRuntimeException: UNAVAILABLE: io exception
2019-09-11 21:56:39,159 [grpc-default-executor-4] INFO  impl.FollowerInfo (FollowerInfo.java:lambda$new$0(51)) - c2a73e63-4533-4661-ae84-dd5a39362559@group-AC8E2A32E389->a5a7e056-72fb-437a-9ac2-af7573048f25: nextIndex: updateUnconditionally 0 -> 0
2019-09-11 21:56:39,465 [b8cc5711-5e40-41ff-95d6-57cfdaa6737f@group-50C9D9F18802-SegmentedRaftLogWorker] WARN  segmented.SegmentedRaftLogWorker (SegmentedRaftLogWorker.java:getFromFuture(90)) - Timeout 0/~
org.apache.ratis.protocol.TimeoutIOException: Timeout 10s: WriteLog:15: (t:2, i:15), STATEMACHINELOGENTRY, client-44ED07ED1DE3, cid=56-writeStateMachineData
	at org.apache.ratis.util.IOUtils.getFromFuture(IOUtils.java:87)
	at org.apache.ratis.server.raftlog.segmented.SegmentedRaftLogWorker$StateMachineDataPolicy.getFromFuture(SegmentedRaftLogWorker.java:87)
	at org.apache.ratis.server.raftlog.segmented.SegmentedRaftLogWorker$WriteLog.execute(SegmentedRaftLogWorker.java:477)
	at org.apache.ratis.server.raftlog.segmented.SegmentedRaftLogWorker.run(SegmentedRaftLogWorker.java:289)
	at java.lang.Thread.run(Thread.java:748)
Caused by: java.util.concurrent.TimeoutException
	at java.util.concurrent.CompletableFuture.timedGet(CompletableFuture.java:1771)
	at java.util.concurrent.CompletableFuture.get(CompletableFuture.java:1915)
	at org.apache.ratis.util.IOUtils.getFromFuture(IOUtils.java:79)
	... 4 more
2019-09-11 21:56:39,476 [java.util.concurrent.ThreadPoolExecutor$Worker@10890743[State = -1, empty queue]] WARN  server.GrpcLogAppender (GrpcLogAppender.java:timeoutAppendRequest(200)) - b90393f0-91c9-4286-839e-32ae26f144bd@group-50C9D9F18802->b8cc5711-5e40-41ff-95d6-57cfdaa6737f-GrpcLogAppender: appendEntries Timeout, request=b90393f0-91c9-4286-839e-32ae26f144bd->b8cc5711-5e40-41ff-95d6-57cfdaa6737f#118-t2, previous=(t:2, i:18), leaderCommit=14, initializing? false, entries: <empty>
2019-09-11 21:56:39,476 [java.util.concurrent.ThreadPoolExecutor$Worker@7be30595[State = -1, empty queue]] WARN  server.GrpcLogAppender (GrpcLogAppender.java:timeoutAppendRequest(200)) - b90393f0-91c9-4286-839e-32ae26f144bd@group-50C9D9F18802->a5cc9080-cfb9-4240-b5a2-6affb7ccbad1-GrpcLogAppender: appendEntries Timeout, request=b90393f0-91c9-4286-839e-32ae26f144bd->a5cc9080-cfb9-4240-b5a2-6affb7ccbad1#118-t2, previous=(t:2, i:18), leaderCommit=14, initializing? false, entries: <empty>
2019-09-11 21:56:39,571 [grpc-default-executor-4] INFO  client.GrpcClientProtocolClient (GrpcClientProtocolClient.java:onNext(264)) - client-44ED07ED1DE3->a5cc9080-cfb9-4240-b5a2-6affb7ccbad1: receive RaftClientReply:client-44ED07ED1DE3->a5cc9080-cfb9-4240-b5a2-6affb7ccbad1@group-50C9D9F18802, cid=56, FAILED org.apache.ratis.protocol.NotLeaderException: Server a5cc9080-cfb9-4240-b5a2-6affb7ccbad1@group-50C9D9F18802 is not the leader b90393f0-91c9-4286-839e-32ae26f144bd:192.168.34.45:32948, logIndex=0, commits[a5cc9080-cfb9-4240-b5a2-6affb7ccbad1:c14, b90393f0-91c9-4286-839e-32ae26f144bd:c14, b8cc5711-5e40-41ff-95d6-57cfdaa6737f:c12]
2019-09-11 21:56:39,574 [java.util.concurrent.ThreadPoolExecutor$Worker@6ae5f1f8[State = -1, empty queue]] WARN  server.GrpcLogAppender (GrpcLogAppender.java:timeoutAppendRequest(200)) - 35b36fdc-90f8-4649-ab4a-4033b8c96817@group-9E5FA7894A87->b94e9841-c110-46af-9cbb-637204d6ae15-GrpcLogAppender: appendEntries Timeout, request=35b36fdc-90f8-4649-ab4a-4033b8c96817->b94e9841-c110-46af-9cbb-637204d6ae15#121-t2, previous=(t:2, i:20), leaderCommit=16, initializing? false, entries: <empty>
2019-09-11 21:56:39,574 [java.util.concurrent.ThreadPoolExecutor$Worker@4f353d25[State = -1, empty queue]] WARN  server.GrpcLogAppender (GrpcLogAppender.java:timeoutAppendRequest(200)) - 35b36fdc-90f8-4649-ab4a-4033b8c96817@group-9E5FA7894A87->cb19b877-b13a-4838-a0e1-b58882f3950d-GrpcLogAppender: appendEntries Timeout, request=35b36fdc-90f8-4649-ab4a-4033b8c96817->cb19b877-b13a-4838-a0e1-b58882f3950d#121-t2, previous=(t:2, i:20), leaderCommit=16, initializing? false, entries: <empty>
2019-09-11 21:56:39,599 [java.util.concurrent.ThreadPoolExecutor$Worker@73e5f658[State = -1, empty queue]] WARN  server.GrpcLogAppender (GrpcLogAppender.java:timeoutAppendRequest(200)) - c2a73e63-4533-4661-ae84-dd5a39362559@group-AC8E2A32E389->91f926b5-2cb1-4722-b947-953fef106990-GrpcLogAppender: appendEntries Timeout, request=c2a73e63-4533-4661-ae84-dd5a39362559->91f926b5-2cb1-4722-b947-953fef106990#121-t2, previous=(t:2, i:20), leaderCommit=16, initializing? false, entries: <empty>
2019-09-11 21:56:39,619 [grpc-default-executor-4] WARN  server.GrpcLogAppender (LogUtils.java:warn(134)) - c2a73e63-4533-4661-ae84-dd5a39362559@group-AC8E2A32E389->a5a7e056-72fb-437a-9ac2-af7573048f25-AppendLogResponseHandler: Failed appendEntries: org.apache.ratis.thirdparty.io.grpc.StatusRuntimeException: UNAVAILABLE: io exception
2019-09-11 21:56:39,619 [grpc-default-executor-4] INFO  impl.FollowerInfo (FollowerInfo.java:lambda$new$0(51)) - c2a73e63-4533-4661-ae84-dd5a39362559@group-AC8E2A32E389->a5a7e056-72fb-437a-9ac2-af7573048f25: nextIndex: updateUnconditionally 0 -> 0
2019-09-11 21:56:39,626 [a5cc9080-cfb9-4240-b5a2-6affb7ccbad1@group-50C9D9F18802-SegmentedRaftLogWorker] WARN  segmented.SegmentedRaftLogWorker (SegmentedRaftLogWorker.java:getFromFuture(90)) - Timeout 0/~
org.apache.ratis.protocol.TimeoutIOException: Timeout 10s: WriteLog:17: (t:2, i:17), STATEMACHINELOGENTRY, client-44ED07ED1DE3, cid=58-writeStateMachineData
	at org.apache.ratis.util.IOUtils.getFromFuture(IOUtils.java:87)
	at org.apache.ratis.server.raftlog.segmented.SegmentedRaftLogWorker$StateMachineDataPolicy.getFromFuture(SegmentedRaftLogWorker.java:87)
	at org.apache.ratis.server.raftlog.segmented.SegmentedRaftLogWorker$WriteLog.execute(SegmentedRaftLogWorker.java:477)
	at org.apache.ratis.server.raftlog.segmented.SegmentedRaftLogWorker.run(SegmentedRaftLogWorker.java:289)
	at java.lang.Thread.run(Thread.java:748)
Caused by: java.util.concurrent.TimeoutException
	at java.util.concurrent.CompletableFuture.timedGet(CompletableFuture.java:1771)
	at java.util.concurrent.CompletableFuture.get(CompletableFuture.java:1915)
	at org.apache.ratis.util.IOUtils.getFromFuture(IOUtils.java:79)
	... 4 more
2019-09-11 21:56:39,977 [java.util.concurrent.ThreadPoolExecutor$Worker@10890743[State = -1, empty queue]] WARN  server.GrpcLogAppender (GrpcLogAppender.java:timeoutAppendRequest(200)) - b90393f0-91c9-4286-839e-32ae26f144bd@group-50C9D9F18802->b8cc5711-5e40-41ff-95d6-57cfdaa6737f-GrpcLogAppender: appendEntries Timeout, request=b90393f0-91c9-4286-839e-32ae26f144bd->b8cc5711-5e40-41ff-95d6-57cfdaa6737f#119-t2, previous=(t:2, i:18), leaderCommit=14, initializing? false, entries: <empty>
2019-09-11 21:56:39,977 [java.util.concurrent.ThreadPoolExecutor$Worker@7be30595[State = -1, empty queue]] WARN  server.GrpcLogAppender (GrpcLogAppender.java:timeoutAppendRequest(200)) - b90393f0-91c9-4286-839e-32ae26f144bd@group-50C9D9F18802->a5cc9080-cfb9-4240-b5a2-6affb7ccbad1-GrpcLogAppender: appendEntries Timeout, request=b90393f0-91c9-4286-839e-32ae26f144bd->a5cc9080-cfb9-4240-b5a2-6affb7ccbad1#119-t2, previous=(t:2, i:18), leaderCommit=14, initializing? false, entries: <empty>
2019-09-11 21:56:40,074 [java.util.concurrent.ThreadPoolExecutor$Worker@4f353d25[State = -1, empty queue]] WARN  server.GrpcLogAppender (GrpcLogAppender.java:timeoutAppendRequest(200)) - 35b36fdc-90f8-4649-ab4a-4033b8c96817@group-9E5FA7894A87->cb19b877-b13a-4838-a0e1-b58882f3950d-GrpcLogAppender: appendEntries Timeout, request=35b36fdc-90f8-4649-ab4a-4033b8c96817->cb19b877-b13a-4838-a0e1-b58882f3950d#122-t2, previous=(t:2, i:20), leaderCommit=16, initializing? false, entries: <empty>
2019-09-11 21:56:40,074 [java.util.concurrent.ThreadPoolExecutor$Worker@6ae5f1f8[State = -1, empty queue]] WARN  server.GrpcLogAppender (GrpcLogAppender.java:timeoutAppendRequest(200)) - 35b36fdc-90f8-4649-ab4a-4033b8c96817@group-9E5FA7894A87->b94e9841-c110-46af-9cbb-637204d6ae15-GrpcLogAppender: appendEntries Timeout, request=35b36fdc-90f8-4649-ab4a-4033b8c96817->b94e9841-c110-46af-9cbb-637204d6ae15#122-t2, previous=(t:2, i:20), leaderCommit=16, initializing? false, entries: <empty>
2019-09-11 21:56:40,099 [java.util.concurrent.ThreadPoolExecutor$Worker@73e5f658[State = -1, empty queue]] WARN  server.GrpcLogAppender (GrpcLogAppender.java:timeoutAppendRequest(200)) - c2a73e63-4533-4661-ae84-dd5a39362559@group-AC8E2A32E389->91f926b5-2cb1-4722-b947-953fef106990-GrpcLogAppender: appendEntries Timeout, request=c2a73e63-4533-4661-ae84-dd5a39362559->91f926b5-2cb1-4722-b947-953fef106990#122-t2, previous=(t:2, i:20), leaderCommit=16, initializing? false, entries: <empty>
2019-09-11 21:56:40,119 [grpc-default-executor-11] WARN  server.GrpcLogAppender (LogUtils.java:warn(134)) - c2a73e63-4533-4661-ae84-dd5a39362559@group-AC8E2A32E389->a5a7e056-72fb-437a-9ac2-af7573048f25-AppendLogResponseHandler: Failed appendEntries: org.apache.ratis.thirdparty.io.grpc.StatusRuntimeException: UNAVAILABLE: io exception
2019-09-11 21:56:40,120 [grpc-default-executor-11] INFO  impl.FollowerInfo (FollowerInfo.java:lambda$new$0(51)) - c2a73e63-4533-4661-ae84-dd5a39362559@group-AC8E2A32E389->a5a7e056-72fb-437a-9ac2-af7573048f25: nextIndex: updateUnconditionally 0 -> 0
2019-09-11 21:56:40,477 [java.util.concurrent.ThreadPoolExecutor$Worker@10890743[State = -1, empty queue]] WARN  server.GrpcLogAppender (GrpcLogAppender.java:timeoutAppendRequest(200)) - b90393f0-91c9-4286-839e-32ae26f144bd@group-50C9D9F18802->b8cc5711-5e40-41ff-95d6-57cfdaa6737f-GrpcLogAppender: appendEntries Timeout, request=b90393f0-91c9-4286-839e-32ae26f144bd->b8cc5711-5e40-41ff-95d6-57cfdaa6737f#120-t2, previous=(t:2, i:18), leaderCommit=14, initializing? false, entries: <empty>
2019-09-11 21:56:40,477 [java.util.concurrent.ThreadPoolExecutor$Worker@7be30595[State = -1, empty queue]] WARN  server.GrpcLogAppender (GrpcLogAppender.java:timeoutAppendRequest(200)) - b90393f0-91c9-4286-839e-32ae26f144bd@group-50C9D9F18802->a5cc9080-cfb9-4240-b5a2-6affb7ccbad1-GrpcLogAppender: appendEntries Timeout, request=b90393f0-91c9-4286-839e-32ae26f144bd->a5cc9080-cfb9-4240-b5a2-6affb7ccbad1#120-t2, previous=(t:2, i:18), leaderCommit=14, initializing? false, entries: <empty>
2019-09-11 21:56:40,574 [java.util.concurrent.ThreadPoolExecutor$Worker@4f353d25[State = -1, empty queue]] WARN  server.GrpcLogAppender (GrpcLogAppender.java:timeoutAppendRequest(200)) - 35b36fdc-90f8-4649-ab4a-4033b8c96817@group-9E5FA7894A87->cb19b877-b13a-4838-a0e1-b58882f3950d-GrpcLogAppender: appendEntries Timeout, request=35b36fdc-90f8-4649-ab4a-4033b8c96817->cb19b877-b13a-4838-a0e1-b58882f3950d#123-t2, previous=(t:2, i:20), leaderCommit=16, initializing? false, entries: <empty>
2019-09-11 21:56:40,574 [java.util.concurrent.ThreadPoolExecutor$Worker@6ae5f1f8[State = -1, empty queue]] WARN  server.GrpcLogAppender (GrpcLogAppender.java:timeoutAppendRequest(200)) - 35b36fdc-90f8-4649-ab4a-4033b8c96817@group-9E5FA7894A87->b94e9841-c110-46af-9cbb-637204d6ae15-GrpcLogAppender: appendEntries Timeout, request=35b36fdc-90f8-4649-ab4a-4033b8c96817->b94e9841-c110-46af-9cbb-637204d6ae15#123-t2, previous=(t:2, i:20), leaderCommit=16, initializing? false, entries: <empty>
2019-09-11 21:56:40,600 [java.util.concurrent.ThreadPoolExecutor$Worker@73e5f658[State = -1, empty queue]] WARN  server.GrpcLogAppender (GrpcLogAppender.java:timeoutAppendRequest(200)) - c2a73e63-4533-4661-ae84-dd5a39362559@group-AC8E2A32E389->91f926b5-2cb1-4722-b947-953fef106990-GrpcLogAppender: appendEntries Timeout, request=c2a73e63-4533-4661-ae84-dd5a39362559->91f926b5-2cb1-4722-b947-953fef106990#123-t2, previous=(t:2, i:20), leaderCommit=16, initializing? false, entries: <empty>
2019-09-11 21:56:40,620 [grpc-default-executor-9] WARN  server.GrpcLogAppender (LogUtils.java:warn(134)) - c2a73e63-4533-4661-ae84-dd5a39362559@group-AC8E2A32E389->a5a7e056-72fb-437a-9ac2-af7573048f25-AppendLogResponseHandler: Failed appendEntries: org.apache.ratis.thirdparty.io.grpc.StatusRuntimeException: UNAVAILABLE: io exception
2019-09-11 21:56:40,621 [grpc-default-executor-9] INFO  impl.FollowerInfo (FollowerInfo.java:lambda$new$0(51)) - c2a73e63-4533-4661-ae84-dd5a39362559@group-AC8E2A32E389->a5a7e056-72fb-437a-9ac2-af7573048f25: nextIndex: updateUnconditionally 0 -> 0
2019-09-11 21:56:40,977 [java.util.concurrent.ThreadPoolExecutor$Worker@10890743[State = -1, empty queue]] WARN  server.GrpcLogAppender (GrpcLogAppender.java:timeoutAppendRequest(200)) - b90393f0-91c9-4286-839e-32ae26f144bd@group-50C9D9F18802->b8cc5711-5e40-41ff-95d6-57cfdaa6737f-GrpcLogAppender: appendEntries Timeout, request=b90393f0-91c9-4286-839e-32ae26f144bd->b8cc5711-5e40-41ff-95d6-57cfdaa6737f#121-t2, previous=(t:2, i:18), leaderCommit=14, initializing? false, entries: <empty>
2019-09-11 21:56:40,977 [java.util.concurrent.ThreadPoolExecutor$Worker@7be30595[State = -1, empty queue]] WARN  server.GrpcLogAppender (GrpcLogAppender.java:timeoutAppendRequest(200)) - b90393f0-91c9-4286-839e-32ae26f144bd@group-50C9D9F18802->a5cc9080-cfb9-4240-b5a2-6affb7ccbad1-GrpcLogAppender: appendEntries Timeout, request=b90393f0-91c9-4286-839e-32ae26f144bd->a5cc9080-cfb9-4240-b5a2-6affb7ccbad1#121-t2, previous=(t:2, i:18), leaderCommit=14, initializing? false, entries: <empty>
2019-09-11 21:56:41,075 [java.util.concurrent.ThreadPoolExecutor$Worker@4f353d25[State = -1, empty queue]] WARN  server.GrpcLogAppender (GrpcLogAppender.java:timeoutAppendRequest(200)) - 35b36fdc-90f8-4649-ab4a-4033b8c96817@group-9E5FA7894A87->cb19b877-b13a-4838-a0e1-b58882f3950d-GrpcLogAppender: appendEntries Timeout, request=35b36fdc-90f8-4649-ab4a-4033b8c96817->cb19b877-b13a-4838-a0e1-b58882f3950d#124-t2, previous=(t:2, i:20), leaderCommit=16, initializing? false, entries: <empty>
2019-09-11 21:56:41,075 [java.util.concurrent.ThreadPoolExecutor$Worker@6ae5f1f8[State = -1, empty queue]] WARN  server.GrpcLogAppender (GrpcLogAppender.java:timeoutAppendRequest(200)) - 35b36fdc-90f8-4649-ab4a-4033b8c96817@group-9E5FA7894A87->b94e9841-c110-46af-9cbb-637204d6ae15-GrpcLogAppender: appendEntries Timeout, request=35b36fdc-90f8-4649-ab4a-4033b8c96817->b94e9841-c110-46af-9cbb-637204d6ae15#124-t2, previous=(t:2, i:20), leaderCommit=16, initializing? false, entries: <empty>
2019-09-11 21:56:41,100 [java.util.concurrent.ThreadPoolExecutor$Worker@73e5f658[State = -1, empty queue]] WARN  server.GrpcLogAppender (GrpcLogAppender.java:timeoutAppendRequest(200)) - c2a73e63-4533-4661-ae84-dd5a39362559@group-AC8E2A32E389->91f926b5-2cb1-4722-b947-953fef106990-GrpcLogAppender: appendEntries Timeout, request=c2a73e63-4533-4661-ae84-dd5a39362559->91f926b5-2cb1-4722-b947-953fef106990#124-t2, previous=(t:2, i:20), leaderCommit=16, initializing? false, entries: <empty>
2019-09-11 21:56:41,121 [grpc-default-executor-4] WARN  server.GrpcLogAppender (LogUtils.java:warn(134)) - c2a73e63-4533-4661-ae84-dd5a39362559@group-AC8E2A32E389->a5a7e056-72fb-437a-9ac2-af7573048f25-AppendLogResponseHandler: Failed appendEntries: org.apache.ratis.thirdparty.io.grpc.StatusRuntimeException: UNAVAILABLE: io exception
2019-09-11 21:56:41,122 [grpc-default-executor-4] INFO  impl.FollowerInfo (FollowerInfo.java:lambda$new$0(51)) - c2a73e63-4533-4661-ae84-dd5a39362559@group-AC8E2A32E389->a5a7e056-72fb-437a-9ac2-af7573048f25: nextIndex: updateUnconditionally 0 -> 0
2019-09-11 21:56:41,477 [java.util.concurrent.ThreadPoolExecutor$Worker@10890743[State = -1, empty queue]] WARN  server.GrpcLogAppender (GrpcLogAppender.java:timeoutAppendRequest(200)) - b90393f0-91c9-4286-839e-32ae26f144bd@group-50C9D9F18802->b8cc5711-5e40-41ff-95d6-57cfdaa6737f-GrpcLogAppender: appendEntries Timeout, request=b90393f0-91c9-4286-839e-32ae26f144bd->b8cc5711-5e40-41ff-95d6-57cfdaa6737f#122-t2, previous=(t:2, i:18), leaderCommit=14, initializing? false, entries: <empty>
2019-09-11 21:56:41,478 [java.util.concurrent.ThreadPoolExecutor$Worker@7be30595[State = -1, empty queue]] WARN  server.GrpcLogAppender (GrpcLogAppender.java:timeoutAppendRequest(200)) - b90393f0-91c9-4286-839e-32ae26f144bd@group-50C9D9F18802->a5cc9080-cfb9-4240-b5a2-6affb7ccbad1-GrpcLogAppender: appendEntries Timeout, request=b90393f0-91c9-4286-839e-32ae26f144bd->a5cc9080-cfb9-4240-b5a2-6affb7ccbad1#122-t2, previous=(t:2, i:18), leaderCommit=14, initializing? false, entries: <empty>
2019-09-11 21:56:41,575 [java.util.concurrent.ThreadPoolExecutor$Worker@4f353d25[State = -1, empty queue]] WARN  server.GrpcLogAppender (GrpcLogAppender.java:timeoutAppendRequest(200)) - 35b36fdc-90f8-4649-ab4a-4033b8c96817@group-9E5FA7894A87->cb19b877-b13a-4838-a0e1-b58882f3950d-GrpcLogAppender: appendEntries Timeout, request=35b36fdc-90f8-4649-ab4a-4033b8c96817->cb19b877-b13a-4838-a0e1-b58882f3950d#125-t2, previous=(t:2, i:20), leaderCommit=16, initializing? false, entries: <empty>
2019-09-11 21:56:41,575 [java.util.concurrent.ThreadPoolExecutor$Worker@6ae5f1f8[State = -1, empty queue]] WARN  server.GrpcLogAppender (GrpcLogAppender.java:timeoutAppendRequest(200)) - 35b36fdc-90f8-4649-ab4a-4033b8c96817@group-9E5FA7894A87->b94e9841-c110-46af-9cbb-637204d6ae15-GrpcLogAppender: appendEntries Timeout, request=35b36fdc-90f8-4649-ab4a-4033b8c96817->b94e9841-c110-46af-9cbb-637204d6ae15#125-t2, previous=(t:2, i:20), leaderCommit=16, initializing? false, entries: <empty>
2019-09-11 21:56:41,600 [java.util.concurrent.ThreadPoolExecutor$Worker@73e5f658[State = -1, empty queue]] WARN  server.GrpcLogAppender (GrpcLogAppender.java:timeoutAppendRequest(200)) - c2a73e63-4533-4661-ae84-dd5a39362559@group-AC8E2A32E389->91f926b5-2cb1-4722-b947-953fef106990-GrpcLogAppender: appendEntries Timeout, request=c2a73e63-4533-4661-ae84-dd5a39362559->91f926b5-2cb1-4722-b947-953fef106990#125-t2, previous=(t:2, i:20), leaderCommit=16, initializing? false, entries: <empty>
2019-09-11 21:56:41,623 [grpc-default-executor-9] WARN  server.GrpcLogAppender (LogUtils.java:warn(134)) - c2a73e63-4533-4661-ae84-dd5a39362559@group-AC8E2A32E389->a5a7e056-72fb-437a-9ac2-af7573048f25-AppendLogResponseHandler: Failed appendEntries: org.apache.ratis.thirdparty.io.grpc.StatusRuntimeException: UNAVAILABLE: io exception
2019-09-11 21:56:41,624 [grpc-default-executor-9] INFO  impl.FollowerInfo (FollowerInfo.java:lambda$new$0(51)) - c2a73e63-4533-4661-ae84-dd5a39362559@group-AC8E2A32E389->a5a7e056-72fb-437a-9ac2-af7573048f25: nextIndex: updateUnconditionally 0 -> 0
2019-09-11 21:56:41,978 [java.util.concurrent.ThreadPoolExecutor$Worker@10890743[State = -1, empty queue]] WARN  server.GrpcLogAppender (GrpcLogAppender.java:timeoutAppendRequest(200)) - b90393f0-91c9-4286-839e-32ae26f144bd@group-50C9D9F18802->b8cc5711-5e40-41ff-95d6-57cfdaa6737f-GrpcLogAppender: appendEntries Timeout, request=b90393f0-91c9-4286-839e-32ae26f144bd->b8cc5711-5e40-41ff-95d6-57cfdaa6737f#123-t2, previous=(t:2, i:18), leaderCommit=14, initializing? false, entries: <empty>
2019-09-11 21:56:41,978 [java.util.concurrent.ThreadPoolExecutor$Worker@7be30595[State = -1, empty queue]] WARN  server.GrpcLogAppender (GrpcLogAppender.java:timeoutAppendRequest(200)) - b90393f0-91c9-4286-839e-32ae26f144bd@group-50C9D9F18802->a5cc9080-cfb9-4240-b5a2-6affb7ccbad1-GrpcLogAppender: appendEntries Timeout, request=b90393f0-91c9-4286-839e-32ae26f144bd->a5cc9080-cfb9-4240-b5a2-6affb7ccbad1#123-t2, previous=(t:2, i:18), leaderCommit=14, initializing? false, entries: <empty>
2019-09-11 21:56:42,076 [java.util.concurrent.ThreadPoolExecutor$Worker@4f353d25[State = -1, empty queue]] WARN  server.GrpcLogAppender (GrpcLogAppender.java:timeoutAppendRequest(200)) - 35b36fdc-90f8-4649-ab4a-4033b8c96817@group-9E5FA7894A87->cb19b877-b13a-4838-a0e1-b58882f3950d-GrpcLogAppender: appendEntries Timeout, request=35b36fdc-90f8-4649-ab4a-4033b8c96817->cb19b877-b13a-4838-a0e1-b58882f3950d#126-t2, previous=(t:2, i:20), leaderCommit=16, initializing? false, entries: <empty>
2019-09-11 21:56:42,076 [java.util.concurrent.ThreadPoolExecutor$Worker@6ae5f1f8[State = -1, empty queue]] WARN  server.GrpcLogAppender (GrpcLogAppender.java:timeoutAppendRequest(200)) - 35b36fdc-90f8-4649-ab4a-4033b8c96817@group-9E5FA7894A87->b94e9841-c110-46af-9cbb-637204d6ae15-GrpcLogAppender: appendEntries Timeout, request=35b36fdc-90f8-4649-ab4a-4033b8c96817->b94e9841-c110-46af-9cbb-637204d6ae15#126-t2, previous=(t:2, i:20), leaderCommit=16, initializing? false, entries: <empty>
2019-09-11 21:56:42,100 [java.util.concurrent.ThreadPoolExecutor$Worker@73e5f658[State = -1, empty queue]] WARN  server.GrpcLogAppender (GrpcLogAppender.java:timeoutAppendRequest(200)) - c2a73e63-4533-4661-ae84-dd5a39362559@group-AC8E2A32E389->91f926b5-2cb1-4722-b947-953fef106990-GrpcLogAppender: appendEntries Timeout, request=c2a73e63-4533-4661-ae84-dd5a39362559->91f926b5-2cb1-4722-b947-953fef106990#126-t2, previous=(t:2, i:20), leaderCommit=16, initializing? false, entries: <empty>
2019-09-11 21:56:42,129 [grpc-default-executor-4] WARN  server.GrpcLogAppender (LogUtils.java:warn(134)) - c2a73e63-4533-4661-ae84-dd5a39362559@group-AC8E2A32E389->a5a7e056-72fb-437a-9ac2-af7573048f25-AppendLogResponseHandler: Failed appendEntries: org.apache.ratis.thirdparty.io.grpc.StatusRuntimeException: UNAVAILABLE: io exception
2019-09-11 21:56:42,129 [grpc-default-executor-4] INFO  impl.FollowerInfo (FollowerInfo.java:lambda$new$0(51)) - c2a73e63-4533-4661-ae84-dd5a39362559@group-AC8E2A32E389->a5a7e056-72fb-437a-9ac2-af7573048f25: nextIndex: updateUnconditionally 0 -> 0
2019-09-11 21:56:42,478 [java.util.concurrent.ThreadPoolExecutor$Worker@7be30595[State = -1, empty queue]] WARN  server.GrpcLogAppender (GrpcLogAppender.java:timeoutAppendRequest(200)) - b90393f0-91c9-4286-839e-32ae26f144bd@group-50C9D9F18802->a5cc9080-cfb9-4240-b5a2-6affb7ccbad1-GrpcLogAppender: appendEntries Timeout, request=b90393f0-91c9-4286-839e-32ae26f144bd->a5cc9080-cfb9-4240-b5a2-6affb7ccbad1#124-t2, previous=(t:2, i:18), leaderCommit=14, initializing? false, entries: <empty>
2019-09-11 21:56:42,478 [java.util.concurrent.ThreadPoolExecutor$Worker@10890743[State = -1, empty queue]] WARN  server.GrpcLogAppender (GrpcLogAppender.java:timeoutAppendRequest(200)) - b90393f0-91c9-4286-839e-32ae26f144bd@group-50C9D9F18802->b8cc5711-5e40-41ff-95d6-57cfdaa6737f-GrpcLogAppender: appendEntries Timeout, request=b90393f0-91c9-4286-839e-32ae26f144bd->b8cc5711-5e40-41ff-95d6-57cfdaa6737f#124-t2, previous=(t:2, i:18), leaderCommit=14, initializing? false, entries: <empty>
2019-09-11 21:56:42,584 [java.util.concurrent.ThreadPoolExecutor$Worker@6ae5f1f8[State = -1, empty queue]] WARN  server.GrpcLogAppender (GrpcLogAppender.java:timeoutAppendRequest(200)) - 35b36fdc-90f8-4649-ab4a-4033b8c96817@group-9E5FA7894A87->b94e9841-c110-46af-9cbb-637204d6ae15-GrpcLogAppender: appendEntries Timeout, request=35b36fdc-90f8-4649-ab4a-4033b8c96817->b94e9841-c110-46af-9cbb-637204d6ae15#127-t2, previous=(t:2, i:20), leaderCommit=16, initializing? false, entries: <empty>
2019-09-11 21:56:42,584 [java.util.concurrent.ThreadPoolExecutor$Worker@4f353d25[State = -1, empty queue]] WARN  server.GrpcLogAppender (GrpcLogAppender.java:timeoutAppendRequest(200)) - 35b36fdc-90f8-4649-ab4a-4033b8c96817@group-9E5FA7894A87->cb19b877-b13a-4838-a0e1-b58882f3950d-GrpcLogAppender: appendEntries Timeout, request=35b36fdc-90f8-4649-ab4a-4033b8c96817->cb19b877-b13a-4838-a0e1-b58882f3950d#127-t2, previous=(t:2, i:20), leaderCommit=16, initializing? false, entries: <empty>
2019-09-11 21:56:42,601 [java.util.concurrent.ThreadPoolExecutor$Worker@73e5f658[State = -1, empty queue]] WARN  server.GrpcLogAppender (GrpcLogAppender.java:timeoutAppendRequest(200)) - c2a73e63-4533-4661-ae84-dd5a39362559@group-AC8E2A32E389->91f926b5-2cb1-4722-b947-953fef106990-GrpcLogAppender: appendEntries Timeout, request=c2a73e63-4533-4661-ae84-dd5a39362559->91f926b5-2cb1-4722-b947-953fef106990#127-t2, previous=(t:2, i:20), leaderCommit=16, initializing? false, entries: <empty>
2019-09-11 21:56:42,629 [grpc-default-executor-11] WARN  server.GrpcLogAppender (LogUtils.java:warn(134)) - c2a73e63-4533-4661-ae84-dd5a39362559@group-AC8E2A32E389->a5a7e056-72fb-437a-9ac2-af7573048f25-AppendLogResponseHandler: Failed appendEntries: org.apache.ratis.thirdparty.io.grpc.StatusRuntimeException: UNAVAILABLE: io exception
2019-09-11 21:56:42,629 [grpc-default-executor-11] INFO  impl.FollowerInfo (FollowerInfo.java:lambda$new$0(51)) - c2a73e63-4533-4661-ae84-dd5a39362559@group-AC8E2A32E389->a5a7e056-72fb-437a-9ac2-af7573048f25: nextIndex: updateUnconditionally 0 -> 0
2019-09-11 21:56:42,978 [java.util.concurrent.ThreadPoolExecutor$Worker@10890743[State = -1, empty queue]] WARN  server.GrpcLogAppender (GrpcLogAppender.java:timeoutAppendRequest(200)) - b90393f0-91c9-4286-839e-32ae26f144bd@group-50C9D9F18802->b8cc5711-5e40-41ff-95d6-57cfdaa6737f-GrpcLogAppender: appendEntries Timeout, request=b90393f0-91c9-4286-839e-32ae26f144bd->b8cc5711-5e40-41ff-95d6-57cfdaa6737f#125-t2, previous=(t:2, i:18), leaderCommit=14, initializing? false, entries: <empty>
2019-09-11 21:56:42,978 [java.util.concurrent.ThreadPoolExecutor$Worker@7be30595[State = -1, empty queue]] WARN  server.GrpcLogAppender (GrpcLogAppender.java:timeoutAppendRequest(200)) - b90393f0-91c9-4286-839e-32ae26f144bd@group-50C9D9F18802->a5cc9080-cfb9-4240-b5a2-6affb7ccbad1-GrpcLogAppender: appendEntries Timeout, request=b90393f0-91c9-4286-839e-32ae26f144bd->a5cc9080-cfb9-4240-b5a2-6affb7ccbad1#125-t2, previous=(t:2, i:18), leaderCommit=14, initializing? false, entries: <empty>
2019-09-11 21:56:43,084 [java.util.concurrent.ThreadPoolExecutor$Worker@6ae5f1f8[State = -1, empty queue]] WARN  server.GrpcLogAppender (GrpcLogAppender.java:timeoutAppendRequest(200)) - 35b36fdc-90f8-4649-ab4a-4033b8c96817@group-9E5FA7894A87->b94e9841-c110-46af-9cbb-637204d6ae15-GrpcLogAppender: appendEntries Timeout, request=35b36fdc-90f8-4649-ab4a-4033b8c96817->b94e9841-c110-46af-9cbb-637204d6ae15#128-t2, previous=(t:2, i:20), leaderCommit=16, initializing? false, entries: <empty>
2019-09-11 21:56:43,084 [java.util.concurrent.ThreadPoolExecutor$Worker@4f353d25[State = -1, empty queue]] WARN  server.GrpcLogAppender (GrpcLogAppender.java:timeoutAppendRequest(200)) - 35b36fdc-90f8-4649-ab4a-4033b8c96817@group-9E5FA7894A87->cb19b877-b13a-4838-a0e1-b58882f3950d-GrpcLogAppender: appendEntries Timeout, request=35b36fdc-90f8-4649-ab4a-4033b8c96817->cb19b877-b13a-4838-a0e1-b58882f3950d#128-t2, previous=(t:2, i:20), leaderCommit=16, initializing? false, entries: <empty>
2019-09-11 21:56:43,101 [java.util.concurrent.ThreadPoolExecutor$Worker@73e5f658[State = -1, empty queue]] WARN  server.GrpcLogAppender (GrpcLogAppender.java:timeoutAppendRequest(200)) - c2a73e63-4533-4661-ae84-dd5a39362559@group-AC8E2A32E389->91f926b5-2cb1-4722-b947-953fef106990-GrpcLogAppender: appendEntries Timeout, request=c2a73e63-4533-4661-ae84-dd5a39362559->91f926b5-2cb1-4722-b947-953fef106990#128-t2, previous=(t:2, i:20), leaderCommit=16, initializing? false, entries: <empty>
2019-09-11 21:56:43,130 [grpc-default-executor-11] WARN  server.GrpcLogAppender (LogUtils.java:warn(134)) - c2a73e63-4533-4661-ae84-dd5a39362559@group-AC8E2A32E389->a5a7e056-72fb-437a-9ac2-af7573048f25-AppendLogResponseHandler: Failed appendEntries: org.apache.ratis.thirdparty.io.grpc.StatusRuntimeException: UNAVAILABLE: io exception
2019-09-11 21:56:43,130 [grpc-default-executor-11] INFO  impl.FollowerInfo (FollowerInfo.java:lambda$new$0(51)) - c2a73e63-4533-4661-ae84-dd5a39362559@group-AC8E2A32E389->a5a7e056-72fb-437a-9ac2-af7573048f25: nextIndex: updateUnconditionally 0 -> 0
2019-09-11 21:56:43,479 [java.util.concurrent.ThreadPoolExecutor$Worker@10890743[State = -1, empty queue]] WARN  server.GrpcLogAppender (GrpcLogAppender.java:timeoutAppendRequest(200)) - b90393f0-91c9-4286-839e-32ae26f144bd@group-50C9D9F18802->b8cc5711-5e40-41ff-95d6-57cfdaa6737f-GrpcLogAppender: appendEntries Timeout, request=b90393f0-91c9-4286-839e-32ae26f144bd->b8cc5711-5e40-41ff-95d6-57cfdaa6737f#126-t2, previous=(t:2, i:18), leaderCommit=14, initializing? false, entries: <empty>
2019-09-11 21:56:43,479 [java.util.concurrent.ThreadPoolExecutor$Worker@7be30595[State = -1, empty queue]] WARN  server.GrpcLogAppender (GrpcLogAppender.java:timeoutAppendRequest(200)) - b90393f0-91c9-4286-839e-32ae26f144bd@group-50C9D9F18802->a5cc9080-cfb9-4240-b5a2-6affb7ccbad1-GrpcLogAppender: appendEntries Timeout, request=b90393f0-91c9-4286-839e-32ae26f144bd->a5cc9080-cfb9-4240-b5a2-6affb7ccbad1#126-t2, previous=(t:2, i:18), leaderCommit=14, initializing? false, entries: <empty>
2019-09-11 21:56:43,585 [java.util.concurrent.ThreadPoolExecutor$Worker@6ae5f1f8[State = -1, empty queue]] WARN  server.GrpcLogAppender (GrpcLogAppender.java:timeoutAppendRequest(200)) - 35b36fdc-90f8-4649-ab4a-4033b8c96817@group-9E5FA7894A87->b94e9841-c110-46af-9cbb-637204d6ae15-GrpcLogAppender: appendEntries Timeout, request=35b36fdc-90f8-4649-ab4a-4033b8c96817->b94e9841-c110-46af-9cbb-637204d6ae15#129-t2, previous=(t:2, i:20), leaderCommit=16, initializing? false, entries: <empty>
2019-09-11 21:56:43,585 [java.util.concurrent.ThreadPoolExecutor$Worker@4f353d25[State = -1, empty queue]] WARN  server.GrpcLogAppender (GrpcLogAppender.java:timeoutAppendRequest(200)) - 35b36fdc-90f8-4649-ab4a-4033b8c96817@group-9E5FA7894A87->cb19b877-b13a-4838-a0e1-b58882f3950d-GrpcLogAppender: appendEntries Timeout, request=35b36fdc-90f8-4649-ab4a-4033b8c96817->cb19b877-b13a-4838-a0e1-b58882f3950d#129-t2, previous=(t:2, i:20), leaderCommit=16, initializing? false, entries: <empty>
2019-09-11 21:56:43,603 [java.util.concurrent.ThreadPoolExecutor$Worker@73e5f658[State = -1, empty queue]] WARN  server.GrpcLogAppender (GrpcLogAppender.java:timeoutAppendRequest(200)) - c2a73e63-4533-4661-ae84-dd5a39362559@group-AC8E2A32E389->91f926b5-2cb1-4722-b947-953fef106990-GrpcLogAppender: appendEntries Timeout, request=c2a73e63-4533-4661-ae84-dd5a39362559->91f926b5-2cb1-4722-b947-953fef106990#129-t2, previous=(t:2, i:20), leaderCommit=16, initializing? false, entries: <empty>
2019-09-11 21:56:43,631 [grpc-default-executor-9] WARN  server.GrpcLogAppender (LogUtils.java:warn(134)) - c2a73e63-4533-4661-ae84-dd5a39362559@group-AC8E2A32E389->a5a7e056-72fb-437a-9ac2-af7573048f25-AppendLogResponseHandler: Failed appendEntries: org.apache.ratis.thirdparty.io.grpc.StatusRuntimeException: UNAVAILABLE: io exception
2019-09-11 21:56:43,631 [grpc-default-executor-9] INFO  impl.FollowerInfo (FollowerInfo.java:lambda$new$0(51)) - c2a73e63-4533-4661-ae84-dd5a39362559@group-AC8E2A32E389->a5a7e056-72fb-437a-9ac2-af7573048f25: nextIndex: updateUnconditionally 0 -> 0
2019-09-11 21:56:43,979 [java.util.concurrent.ThreadPoolExecutor$Worker@10890743[State = -1, empty queue]] WARN  server.GrpcLogAppender (GrpcLogAppender.java:timeoutAppendRequest(200)) - b90393f0-91c9-4286-839e-32ae26f144bd@group-50C9D9F18802->b8cc5711-5e40-41ff-95d6-57cfdaa6737f-GrpcLogAppender: appendEntries Timeout, request=b90393f0-91c9-4286-839e-32ae26f144bd->b8cc5711-5e40-41ff-95d6-57cfdaa6737f#127-t2, previous=(t:2, i:18), leaderCommit=14, initializing? false, entries: <empty>
2019-09-11 21:56:43,979 [java.util.concurrent.ThreadPoolExecutor$Worker@7be30595[State = -1, empty queue]] WARN  server.GrpcLogAppender (GrpcLogAppender.java:timeoutAppendRequest(200)) - b90393f0-91c9-4286-839e-32ae26f144bd@group-50C9D9F18802->a5cc9080-cfb9-4240-b5a2-6affb7ccbad1-GrpcLogAppender: appendEntries Timeout, request=b90393f0-91c9-4286-839e-32ae26f144bd->a5cc9080-cfb9-4240-b5a2-6affb7ccbad1#127-t2, previous=(t:2, i:18), leaderCommit=14, initializing? false, entries: <empty>
2019-09-11 21:56:44,085 [java.util.concurrent.ThreadPoolExecutor$Worker@4f353d25[State = -1, empty queue]] WARN  server.GrpcLogAppender (GrpcLogAppender.java:timeoutAppendRequest(200)) - 35b36fdc-90f8-4649-ab4a-4033b8c96817@group-9E5FA7894A87->cb19b877-b13a-4838-a0e1-b58882f3950d-GrpcLogAppender: appendEntries Timeout, request=35b36fdc-90f8-4649-ab4a-4033b8c96817->cb19b877-b13a-4838-a0e1-b58882f3950d#130-t2, previous=(t:2, i:20), leaderCommit=16, initializing? false, entries: <empty>
2019-09-11 21:56:44,085 [java.util.concurrent.ThreadPoolExecutor$Worker@6ae5f1f8[State = -1, empty queue]] WARN  server.GrpcLogAppender (GrpcLogAppender.java:timeoutAppendRequest(200)) - 35b36fdc-90f8-4649-ab4a-4033b8c96817@group-9E5FA7894A87->b94e9841-c110-46af-9cbb-637204d6ae15-GrpcLogAppender: appendEntries Timeout, request=35b36fdc-90f8-4649-ab4a-4033b8c96817->b94e9841-c110-46af-9cbb-637204d6ae15#130-t2, previous=(t:2, i:20), leaderCommit=16, initializing? false, entries: <empty>
2019-09-11 21:56:44,101 [java.util.concurrent.ThreadPoolExecutor$Worker@73e5f658[State = -1, empty queue]] WARN  server.GrpcLogAppender (GrpcLogAppender.java:timeoutAppendRequest(200)) - c2a73e63-4533-4661-ae84-dd5a39362559@group-AC8E2A32E389->91f926b5-2cb1-4722-b947-953fef106990-GrpcLogAppender: appendEntries Timeout, request=c2a73e63-4533-4661-ae84-dd5a39362559->91f926b5-2cb1-4722-b947-953fef106990#130-t2, previous=(t:2, i:20), leaderCommit=16, initializing? false, entries: <empty>
2019-09-11 21:56:44,132 [grpc-default-executor-11] WARN  server.GrpcLogAppender (LogUtils.java:warn(134)) - c2a73e63-4533-4661-ae84-dd5a39362559@group-AC8E2A32E389->a5a7e056-72fb-437a-9ac2-af7573048f25-AppendLogResponseHandler: Failed appendEntries: org.apache.ratis.thirdparty.io.grpc.StatusRuntimeException: UNAVAILABLE: io exception
2019-09-11 21:56:44,133 [grpc-default-executor-11] INFO  impl.FollowerInfo (FollowerInfo.java:lambda$new$0(51)) - c2a73e63-4533-4661-ae84-dd5a39362559@group-AC8E2A32E389->a5a7e056-72fb-437a-9ac2-af7573048f25: nextIndex: updateUnconditionally 0 -> 0
2019-09-11 21:56:44,479 [java.util.concurrent.ThreadPoolExecutor$Worker@10890743[State = -1, empty queue]] WARN  server.GrpcLogAppender (GrpcLogAppender.java:timeoutAppendRequest(200)) - b90393f0-91c9-4286-839e-32ae26f144bd@group-50C9D9F18802->b8cc5711-5e40-41ff-95d6-57cfdaa6737f-GrpcLogAppender: appendEntries Timeout, request=b90393f0-91c9-4286-839e-32ae26f144bd->b8cc5711-5e40-41ff-95d6-57cfdaa6737f#128-t2, previous=(t:2, i:18), leaderCommit=14, initializing? false, entries: <empty>
2019-09-11 21:56:44,480 [java.util.concurrent.ThreadPoolExecutor$Worker@7be30595[State = -1, empty queue]] WARN  server.GrpcLogAppender (GrpcLogAppender.java:timeoutAppendRequest(200)) - b90393f0-91c9-4286-839e-32ae26f144bd@group-50C9D9F18802->a5cc9080-cfb9-4240-b5a2-6affb7ccbad1-GrpcLogAppender: appendEntries Timeout, request=b90393f0-91c9-4286-839e-32ae26f144bd->a5cc9080-cfb9-4240-b5a2-6affb7ccbad1#128-t2, previous=(t:2, i:18), leaderCommit=14, initializing? false, entries: <empty>
2019-09-11 21:56:44,585 [java.util.concurrent.ThreadPoolExecutor$Worker@4f353d25[State = -1, empty queue]] WARN  server.GrpcLogAppender (GrpcLogAppender.java:timeoutAppendRequest(200)) - 35b36fdc-90f8-4649-ab4a-4033b8c96817@group-9E5FA7894A87->cb19b877-b13a-4838-a0e1-b58882f3950d-GrpcLogAppender: appendEntries Timeout, request=35b36fdc-90f8-4649-ab4a-4033b8c96817->cb19b877-b13a-4838-a0e1-b58882f3950d#131-t2, previous=(t:2, i:20), leaderCommit=16, initializing? false, entries: <empty>
2019-09-11 21:56:44,585 [java.util.concurrent.ThreadPoolExecutor$Worker@6ae5f1f8[State = -1, empty queue]] WARN  server.GrpcLogAppender (GrpcLogAppender.java:timeoutAppendRequest(200)) - 35b36fdc-90f8-4649-ab4a-4033b8c96817@group-9E5FA7894A87->b94e9841-c110-46af-9cbb-637204d6ae15-GrpcLogAppender: appendEntries Timeout, request=35b36fdc-90f8-4649-ab4a-4033b8c96817->b94e9841-c110-46af-9cbb-637204d6ae15#131-t2, previous=(t:2, i:20), leaderCommit=16, initializing? false, entries: <empty>
2019-09-11 21:56:44,602 [java.util.concurrent.ThreadPoolExecutor$Worker@73e5f658[State = -1, empty queue]] WARN  server.GrpcLogAppender (GrpcLogAppender.java:timeoutAppendRequest(200)) - c2a73e63-4533-4661-ae84-dd5a39362559@group-AC8E2A32E389->91f926b5-2cb1-4722-b947-953fef106990-GrpcLogAppender: appendEntries Timeout, request=c2a73e63-4533-4661-ae84-dd5a39362559->91f926b5-2cb1-4722-b947-953fef106990#131-t2, previous=(t:2, i:20), leaderCommit=16, initializing? false, entries: <empty>
2019-09-11 21:56:44,633 [grpc-default-executor-5] WARN  server.GrpcLogAppender (LogUtils.java:warn(134)) - c2a73e63-4533-4661-ae84-dd5a39362559@group-AC8E2A32E389->a5a7e056-72fb-437a-9ac2-af7573048f25-AppendLogResponseHandler: Failed appendEntries: org.apache.ratis.thirdparty.io.grpc.StatusRuntimeException: UNAVAILABLE: io exception
2019-09-11 21:56:44,634 [grpc-default-executor-5] INFO  impl.FollowerInfo (FollowerInfo.java:lambda$new$0(51)) - c2a73e63-4533-4661-ae84-dd5a39362559@group-AC8E2A32E389->a5a7e056-72fb-437a-9ac2-af7573048f25: nextIndex: updateUnconditionally 0 -> 0
2019-09-11 21:56:44,644 [grpc-default-executor-9] INFO  client.GrpcClientProtocolClient (GrpcClientProtocolClient.java:onNext(264)) - client-44ED07ED1DE3->a5cc9080-cfb9-4240-b5a2-6affb7ccbad1: receive RaftClientReply:client-44ED07ED1DE3->a5cc9080-cfb9-4240-b5a2-6affb7ccbad1@group-50C9D9F18802, cid=56, FAILED org.apache.ratis.protocol.NotLeaderException: Server a5cc9080-cfb9-4240-b5a2-6affb7ccbad1@group-50C9D9F18802 is not the leader b90393f0-91c9-4286-839e-32ae26f144bd:192.168.34.45:32948, logIndex=0, commits[a5cc9080-cfb9-4240-b5a2-6affb7ccbad1:c14, b90393f0-91c9-4286-839e-32ae26f144bd:c14, b8cc5711-5e40-41ff-95d6-57cfdaa6737f:c12]
2019-09-11 21:56:44,980 [java.util.concurrent.ThreadPoolExecutor$Worker@7be30595[State = -1, empty queue]] WARN  server.GrpcLogAppender (GrpcLogAppender.java:timeoutAppendRequest(200)) - b90393f0-91c9-4286-839e-32ae26f144bd@group-50C9D9F18802->a5cc9080-cfb9-4240-b5a2-6affb7ccbad1-GrpcLogAppender: appendEntries Timeout, request=b90393f0-91c9-4286-839e-32ae26f144bd->a5cc9080-cfb9-4240-b5a2-6affb7ccbad1#129-t2, previous=(t:2, i:18), leaderCommit=14, initializing? false, entries: <empty>
2019-09-11 21:56:44,980 [java.util.concurrent.ThreadPoolExecutor$Worker@10890743[State = -1, empty queue]] WARN  server.GrpcLogAppender (GrpcLogAppender.java:timeoutAppendRequest(200)) - b90393f0-91c9-4286-839e-32ae26f144bd@group-50C9D9F18802->b8cc5711-5e40-41ff-95d6-57cfdaa6737f-GrpcLogAppender: appendEntries Timeout, request=b90393f0-91c9-4286-839e-32ae26f144bd->b8cc5711-5e40-41ff-95d6-57cfdaa6737f#129-t2, previous=(t:2, i:18), leaderCommit=14, initializing? false, entries: <empty>
2019-09-11 21:56:45,087 [java.util.concurrent.ThreadPoolExecutor$Worker@4f353d25[State = -1, empty queue]] WARN  server.GrpcLogAppender (GrpcLogAppender.java:timeoutAppendRequest(200)) - 35b36fdc-90f8-4649-ab4a-4033b8c96817@group-9E5FA7894A87->cb19b877-b13a-4838-a0e1-b58882f3950d-GrpcLogAppender: appendEntries Timeout, request=35b36fdc-90f8-4649-ab4a-4033b8c96817->cb19b877-b13a-4838-a0e1-b58882f3950d#132-t2, previous=(t:2, i:20), leaderCommit=16, initializing? false, entries: <empty>
2019-09-11 21:56:45,087 [java.util.concurrent.ThreadPoolExecutor$Worker@6ae5f1f8[State = -1, empty queue]] WARN  server.GrpcLogAppender (GrpcLogAppender.java:timeoutAppendRequest(200)) - 35b36fdc-90f8-4649-ab4a-4033b8c96817@group-9E5FA7894A87->b94e9841-c110-46af-9cbb-637204d6ae15-GrpcLogAppender: appendEntries Timeout, request=35b36fdc-90f8-4649-ab4a-4033b8c96817->b94e9841-c110-46af-9cbb-637204d6ae15#132-t2, previous=(t:2, i:20), leaderCommit=16, initializing? false, entries: <empty>
2019-09-11 21:56:45,102 [java.util.concurrent.ThreadPoolExecutor$Worker@73e5f658[State = -1, empty queue]] WARN  server.GrpcLogAppender (GrpcLogAppender.java:timeoutAppendRequest(200)) - c2a73e63-4533-4661-ae84-dd5a39362559@group-AC8E2A32E389->91f926b5-2cb1-4722-b947-953fef106990-GrpcLogAppender: appendEntries Timeout, request=c2a73e63-4533-4661-ae84-dd5a39362559->91f926b5-2cb1-4722-b947-953fef106990#132-t2, previous=(t:2, i:20), leaderCommit=16, initializing? false, entries: <empty>
2019-09-11 21:56:45,135 [grpc-default-executor-11] WARN  server.GrpcLogAppender (LogUtils.java:warn(134)) - c2a73e63-4533-4661-ae84-dd5a39362559@group-AC8E2A32E389->a5a7e056-72fb-437a-9ac2-af7573048f25-AppendLogResponseHandler: Failed appendEntries: org.apache.ratis.thirdparty.io.grpc.StatusRuntimeException: UNAVAILABLE: io exception
2019-09-11 21:56:45,135 [grpc-default-executor-11] INFO  impl.FollowerInfo (FollowerInfo.java:lambda$new$0(51)) - c2a73e63-4533-4661-ae84-dd5a39362559@group-AC8E2A32E389->a5a7e056-72fb-437a-9ac2-af7573048f25: nextIndex: updateUnconditionally 0 -> 0
2019-09-11 21:56:45,481 [java.util.concurrent.ThreadPoolExecutor$Worker@7be30595[State = -1, empty queue]] WARN  server.GrpcLogAppender (GrpcLogAppender.java:timeoutAppendRequest(200)) - b90393f0-91c9-4286-839e-32ae26f144bd@group-50C9D9F18802->a5cc9080-cfb9-4240-b5a2-6affb7ccbad1-GrpcLogAppender: appendEntries Timeout, request=b90393f0-91c9-4286-839e-32ae26f144bd->a5cc9080-cfb9-4240-b5a2-6affb7ccbad1#130-t2, previous=(t:2, i:18), leaderCommit=14, initializing? false, entries: <empty>
2019-09-11 21:56:45,481 [java.util.concurrent.ThreadPoolExecutor$Worker@10890743[State = -1, empty queue]] WARN  server.GrpcLogAppender (GrpcLogAppender.java:timeoutAppendRequest(200)) - b90393f0-91c9-4286-839e-32ae26f144bd@group-50C9D9F18802->b8cc5711-5e40-41ff-95d6-57cfdaa6737f-GrpcLogAppender: appendEntries Timeout, request=b90393f0-91c9-4286-839e-32ae26f144bd->b8cc5711-5e40-41ff-95d6-57cfdaa6737f#130-t2, previous=(t:2, i:18), leaderCommit=14, initializing? false, entries: <empty>
2019-09-11 21:56:45,489 [35b36fdc-90f8-4649-ab4a-4033b8c96817@group-9E5FA7894A87-SegmentedRaftLogWorker] WARN  segmented.SegmentedRaftLogWorker (SegmentedRaftLogWorker.java:getFromFuture(90)) - Timeout 3/~
org.apache.ratis.protocol.TimeoutIOException: Timeout 10s: WriteLog:19: (t:2, i:19), STATEMACHINELOGENTRY, client-BDC949EA7344, cid=44-writeStateMachineData
	at org.apache.ratis.util.IOUtils.getFromFuture(IOUtils.java:87)
	at org.apache.ratis.server.raftlog.segmented.SegmentedRaftLogWorker$StateMachineDataPolicy.getFromFuture(SegmentedRaftLogWorker.java:87)
	at org.apache.ratis.server.raftlog.segmented.SegmentedRaftLogWorker$WriteLog.execute(SegmentedRaftLogWorker.java:477)
	at org.apache.ratis.server.raftlog.segmented.SegmentedRaftLogWorker.run(SegmentedRaftLogWorker.java:289)
	at java.lang.Thread.run(Thread.java:748)
Caused by: java.util.concurrent.TimeoutException
	at java.util.concurrent.CompletableFuture.timedGet(CompletableFuture.java:1771)
	at java.util.concurrent.CompletableFuture.get(CompletableFuture.java:1915)
	at org.apache.ratis.util.IOUtils.getFromFuture(IOUtils.java:79)
	... 4 more
2019-09-11 21:56:45,587 [java.util.concurrent.ThreadPoolExecutor$Worker@4f353d25[State = -1, empty queue]] WARN  server.GrpcLogAppender (GrpcLogAppender.java:timeoutAppendRequest(200)) - 35b36fdc-90f8-4649-ab4a-4033b8c96817@group-9E5FA7894A87->cb19b877-b13a-4838-a0e1-b58882f3950d-GrpcLogAppender: appendEntries Timeout, request=35b36fdc-90f8-4649-ab4a-4033b8c96817->cb19b877-b13a-4838-a0e1-b58882f3950d#133-t2, previous=(t:2, i:20), leaderCommit=16, initializing? false, entries: <empty>
2019-09-11 21:56:45,587 [java.util.concurrent.ThreadPoolExecutor$Worker@6ae5f1f8[State = -1, empty queue]] WARN  server.GrpcLogAppender (GrpcLogAppender.java:timeoutAppendRequest(200)) - 35b36fdc-90f8-4649-ab4a-4033b8c96817@group-9E5FA7894A87->b94e9841-c110-46af-9cbb-637204d6ae15-GrpcLogAppender: appendEntries Timeout, request=35b36fdc-90f8-4649-ab4a-4033b8c96817->b94e9841-c110-46af-9cbb-637204d6ae15#133-t2, previous=(t:2, i:20), leaderCommit=16, initializing? false, entries: <empty>
2019-09-11 21:56:45,595 [b94e9841-c110-46af-9cbb-637204d6ae15@group-9E5FA7894A87-SegmentedRaftLogWorker] WARN  segmented.SegmentedRaftLogWorker (SegmentedRaftLogWorker.java:getFromFuture(90)) - Timeout 3/~
org.apache.ratis.protocol.TimeoutIOException: Timeout 10s: WriteLog:19: (t:2, i:19), STATEMACHINELOGENTRY, client-BDC949EA7344, cid=44-writeStateMachineData
	at org.apache.ratis.util.IOUtils.getFromFuture(IOUtils.java:87)
	at org.apache.ratis.server.raftlog.segmented.SegmentedRaftLogWorker$StateMachineDataPolicy.getFromFuture(SegmentedRaftLogWorker.java:87)
	at org.apache.ratis.server.raftlog.segmented.SegmentedRaftLogWorker$WriteLog.execute(SegmentedRaftLogWorker.java:477)
	at org.apache.ratis.server.raftlog.segmented.SegmentedRaftLogWorker.run(SegmentedRaftLogWorker.java:289)
	at java.lang.Thread.run(Thread.java:748)
Caused by: java.util.concurrent.TimeoutException
	at java.util.concurrent.CompletableFuture.timedGet(CompletableFuture.java:1771)
	at java.util.concurrent.CompletableFuture.get(CompletableFuture.java:1915)
	at org.apache.ratis.util.IOUtils.getFromFuture(IOUtils.java:79)
	... 4 more
2019-09-11 21:56:45,596 [cb19b877-b13a-4838-a0e1-b58882f3950d@group-9E5FA7894A87-SegmentedRaftLogWorker] WARN  segmented.SegmentedRaftLogWorker (SegmentedRaftLogWorker.java:getFromFuture(90)) - Timeout 3/~
org.apache.ratis.protocol.TimeoutIOException: Timeout 10s: WriteLog:19: (t:2, i:19), STATEMACHINELOGENTRY, client-BDC949EA7344, cid=44-writeStateMachineData
	at org.apache.ratis.util.IOUtils.getFromFuture(IOUtils.java:87)
	at org.apache.ratis.server.raftlog.segmented.SegmentedRaftLogWorker$StateMachineDataPolicy.getFromFuture(SegmentedRaftLogWorker.java:87)
	at org.apache.ratis.server.raftlog.segmented.SegmentedRaftLogWorker$WriteLog.execute(SegmentedRaftLogWorker.java:477)
	at org.apache.ratis.server.raftlog.segmented.SegmentedRaftLogWorker.run(SegmentedRaftLogWorker.java:289)
	at java.lang.Thread.run(Thread.java:748)
Caused by: java.util.concurrent.TimeoutException
	at java.util.concurrent.CompletableFuture.timedGet(CompletableFuture.java:1771)
	at java.util.concurrent.CompletableFuture.get(CompletableFuture.java:1915)
	at org.apache.ratis.util.IOUtils.getFromFuture(IOUtils.java:79)
	... 4 more
2019-09-11 21:56:45,602 [java.util.concurrent.ThreadPoolExecutor$Worker@73e5f658[State = -1, empty queue]] WARN  server.GrpcLogAppender (GrpcLogAppender.java:timeoutAppendRequest(200)) - c2a73e63-4533-4661-ae84-dd5a39362559@group-AC8E2A32E389->91f926b5-2cb1-4722-b947-953fef106990-GrpcLogAppender: appendEntries Timeout, request=c2a73e63-4533-4661-ae84-dd5a39362559->91f926b5-2cb1-4722-b947-953fef106990#133-t2, previous=(t:2, i:20), leaderCommit=16, initializing? false, entries: <empty>
2019-09-11 21:56:45,635 [grpc-default-executor-9] WARN  server.GrpcLogAppender (LogUtils.java:warn(134)) - c2a73e63-4533-4661-ae84-dd5a39362559@group-AC8E2A32E389->a5a7e056-72fb-437a-9ac2-af7573048f25-AppendLogResponseHandler: Failed appendEntries: org.apache.ratis.thirdparty.io.grpc.StatusRuntimeException: UNAVAILABLE: io exception
2019-09-11 21:56:45,636 [grpc-default-executor-9] INFO  impl.FollowerInfo (FollowerInfo.java:lambda$new$0(51)) - c2a73e63-4533-4661-ae84-dd5a39362559@group-AC8E2A32E389->a5a7e056-72fb-437a-9ac2-af7573048f25: nextIndex: updateUnconditionally 0 -> 0
2019-09-11 21:56:45,981 [java.util.concurrent.ThreadPoolExecutor$Worker@7be30595[State = -1, empty queue]] WARN  server.GrpcLogAppender (GrpcLogAppender.java:timeoutAppendRequest(200)) - b90393f0-91c9-4286-839e-32ae26f144bd@group-50C9D9F18802->a5cc9080-cfb9-4240-b5a2-6affb7ccbad1-GrpcLogAppender: appendEntries Timeout, request=b90393f0-91c9-4286-839e-32ae26f144bd->a5cc9080-cfb9-4240-b5a2-6affb7ccbad1#131-t2, previous=(t:2, i:18), leaderCommit=14, initializing? false, entries: <empty>
2019-09-11 21:56:45,981 [java.util.concurrent.ThreadPoolExecutor$Worker@10890743[State = -1, empty queue]] WARN  server.GrpcLogAppender (GrpcLogAppender.java:timeoutAppendRequest(200)) - b90393f0-91c9-4286-839e-32ae26f144bd@group-50C9D9F18802->b8cc5711-5e40-41ff-95d6-57cfdaa6737f-GrpcLogAppender: appendEntries Timeout, request=b90393f0-91c9-4286-839e-32ae26f144bd->b8cc5711-5e40-41ff-95d6-57cfdaa6737f#131-t2, previous=(t:2, i:18), leaderCommit=14, initializing? false, entries: <empty>
2019-09-11 21:56:46,087 [java.util.concurrent.ThreadPoolExecutor$Worker@6ae5f1f8[State = -1, empty queue]] WARN  server.GrpcLogAppender (GrpcLogAppender.java:timeoutAppendRequest(200)) - 35b36fdc-90f8-4649-ab4a-4033b8c96817@group-9E5FA7894A87->b94e9841-c110-46af-9cbb-637204d6ae15-GrpcLogAppender: appendEntries Timeout, request=35b36fdc-90f8-4649-ab4a-4033b8c96817->b94e9841-c110-46af-9cbb-637204d6ae15#134-t2, previous=(t:2, i:20), leaderCommit=16, initializing? false, entries: <empty>
2019-09-11 21:56:46,087 [java.util.concurrent.ThreadPoolExecutor$Worker@4f353d25[State = -1, empty queue]] WARN  server.GrpcLogAppender (GrpcLogAppender.java:timeoutAppendRequest(200)) - 35b36fdc-90f8-4649-ab4a-4033b8c96817@group-9E5FA7894A87->cb19b877-b13a-4838-a0e1-b58882f3950d-GrpcLogAppender: appendEntries Timeout, request=35b36fdc-90f8-4649-ab4a-4033b8c96817->cb19b877-b13a-4838-a0e1-b58882f3950d#134-t2, previous=(t:2, i:20), leaderCommit=16, initializing? false, entries: <empty>
2019-09-11 21:56:46,103 [java.util.concurrent.ThreadPoolExecutor$Worker@73e5f658[State = -1, empty queue]] WARN  server.GrpcLogAppender (GrpcLogAppender.java:timeoutAppendRequest(200)) - c2a73e63-4533-4661-ae84-dd5a39362559@group-AC8E2A32E389->91f926b5-2cb1-4722-b947-953fef106990-GrpcLogAppender: appendEntries Timeout, request=c2a73e63-4533-4661-ae84-dd5a39362559->91f926b5-2cb1-4722-b947-953fef106990#134-t2, previous=(t:2, i:20), leaderCommit=16, initializing? false, entries: <empty>
2019-09-11 21:56:46,136 [grpc-default-executor-5] WARN  server.GrpcLogAppender (LogUtils.java:warn(134)) - c2a73e63-4533-4661-ae84-dd5a39362559@group-AC8E2A32E389->a5a7e056-72fb-437a-9ac2-af7573048f25-AppendLogResponseHandler: Failed appendEntries: org.apache.ratis.thirdparty.io.grpc.StatusRuntimeException: UNAVAILABLE: io exception
2019-09-11 21:56:46,137 [grpc-default-executor-5] INFO  impl.FollowerInfo (FollowerInfo.java:lambda$new$0(51)) - c2a73e63-4533-4661-ae84-dd5a39362559@group-AC8E2A32E389->a5a7e056-72fb-437a-9ac2-af7573048f25: nextIndex: updateUnconditionally 0 -> 0
2019-09-11 21:56:46,482 [java.util.concurrent.ThreadPoolExecutor$Worker@10890743[State = -1, empty queue]] WARN  server.GrpcLogAppender (GrpcLogAppender.java:timeoutAppendRequest(200)) - b90393f0-91c9-4286-839e-32ae26f144bd@group-50C9D9F18802->b8cc5711-5e40-41ff-95d6-57cfdaa6737f-GrpcLogAppender: appendEntries Timeout, request=b90393f0-91c9-4286-839e-32ae26f144bd->b8cc5711-5e40-41ff-95d6-57cfdaa6737f#132-t2, previous=(t:2, i:18), leaderCommit=14, initializing? false, entries: <empty>
2019-09-11 21:56:46,482 [java.util.concurrent.ThreadPoolExecutor$Worker@7be30595[State = -1, empty queue]] WARN  server.GrpcLogAppender (GrpcLogAppender.java:timeoutAppendRequest(200)) - b90393f0-91c9-4286-839e-32ae26f144bd@group-50C9D9F18802->a5cc9080-cfb9-4240-b5a2-6affb7ccbad1-GrpcLogAppender: appendEntries Timeout, request=b90393f0-91c9-4286-839e-32ae26f144bd->a5cc9080-cfb9-4240-b5a2-6affb7ccbad1#132-t2, previous=(t:2, i:18), leaderCommit=14, initializing? false, entries: <empty>
2019-09-11 21:56:46,588 [java.util.concurrent.ThreadPoolExecutor$Worker@4f353d25[State = -1, empty queue]] WARN  server.GrpcLogAppender (GrpcLogAppender.java:timeoutAppendRequest(200)) - 35b36fdc-90f8-4649-ab4a-4033b8c96817@group-9E5FA7894A87->cb19b877-b13a-4838-a0e1-b58882f3950d-GrpcLogAppender: appendEntries Timeout, request=35b36fdc-90f8-4649-ab4a-4033b8c96817->cb19b877-b13a-4838-a0e1-b58882f3950d#135-t2, previous=(t:2, i:20), leaderCommit=16, initializing? false, entries: <empty>
2019-09-11 21:56:46,588 [java.util.concurrent.ThreadPoolExecutor$Worker@6ae5f1f8[State = -1, empty queue]] WARN  server.GrpcLogAppender (GrpcLogAppender.java:timeoutAppendRequest(200)) - 35b36fdc-90f8-4649-ab4a-4033b8c96817@group-9E5FA7894A87->b94e9841-c110-46af-9cbb-637204d6ae15-GrpcLogAppender: appendEntries Timeout, request=35b36fdc-90f8-4649-ab4a-4033b8c96817->b94e9841-c110-46af-9cbb-637204d6ae15#135-t2, previous=(t:2, i:20), leaderCommit=16, initializing? false, entries: <empty>
2019-09-11 21:56:46,603 [java.util.concurrent.ThreadPoolExecutor$Worker@73e5f658[State = -1, empty queue]] WARN  server.GrpcLogAppender (GrpcLogAppender.java:timeoutAppendRequest(200)) - c2a73e63-4533-4661-ae84-dd5a39362559@group-AC8E2A32E389->91f926b5-2cb1-4722-b947-953fef106990-GrpcLogAppender: appendEntries Timeout, request=c2a73e63-4533-4661-ae84-dd5a39362559->91f926b5-2cb1-4722-b947-953fef106990#135-t2, previous=(t:2, i:20), leaderCommit=16, initializing? false, entries: <empty>
2019-09-11 21:56:46,637 [grpc-default-executor-9] WARN  server.GrpcLogAppender (LogUtils.java:warn(134)) - c2a73e63-4533-4661-ae84-dd5a39362559@group-AC8E2A32E389->a5a7e056-72fb-437a-9ac2-af7573048f25-AppendLogResponseHandler: Failed appendEntries: org.apache.ratis.thirdparty.io.grpc.StatusRuntimeException: UNAVAILABLE: io exception
2019-09-11 21:56:46,637 [grpc-default-executor-9] INFO  impl.FollowerInfo (FollowerInfo.java:lambda$new$0(51)) - c2a73e63-4533-4661-ae84-dd5a39362559@group-AC8E2A32E389->a5a7e056-72fb-437a-9ac2-af7573048f25: nextIndex: updateUnconditionally 0 -> 0
2019-09-11 21:56:46,646 [c2a73e63-4533-4661-ae84-dd5a39362559@group-AC8E2A32E389-SegmentedRaftLogWorker] WARN  segmented.SegmentedRaftLogWorker (SegmentedRaftLogWorker.java:getFromFuture(90)) - Timeout 5/~
org.apache.ratis.protocol.TimeoutIOException: Timeout 10s: WriteLog:19: (t:2, i:19), STATEMACHINELOGENTRY, client-50BBF47487D0, cid=30-writeStateMachineData
	at org.apache.ratis.util.IOUtils.getFromFuture(IOUtils.java:87)
	at org.apache.ratis.server.raftlog.segmented.SegmentedRaftLogWorker$StateMachineDataPolicy.getFromFuture(SegmentedRaftLogWorker.java:87)
	at org.apache.ratis.server.raftlog.segmented.SegmentedRaftLogWorker$WriteLog.execute(SegmentedRaftLogWorker.java:477)
	at org.apache.ratis.server.raftlog.segmented.SegmentedRaftLogWorker.run(SegmentedRaftLogWorker.java:289)
	at java.lang.Thread.run(Thread.java:748)
Caused by: java.util.concurrent.TimeoutException
	at java.util.concurrent.CompletableFuture.timedGet(CompletableFuture.java:1771)
	at java.util.concurrent.CompletableFuture.get(CompletableFuture.java:1915)
	at org.apache.ratis.util.IOUtils.getFromFuture(IOUtils.java:79)
	... 4 more
2019-09-11 21:56:46,660 [91f926b5-2cb1-4722-b947-953fef106990@group-AC8E2A32E389-SegmentedRaftLogWorker] WARN  segmented.SegmentedRaftLogWorker (SegmentedRaftLogWorker.java:getFromFuture(90)) - Timeout 5/~
org.apache.ratis.protocol.TimeoutIOException: Timeout 10s: WriteLog:19: (t:2, i:19), STATEMACHINELOGENTRY, client-50BBF47487D0, cid=30-writeStateMachineData
	at org.apache.ratis.util.IOUtils.getFromFuture(IOUtils.java:87)
	at org.apache.ratis.server.raftlog.segmented.SegmentedRaftLogWorker$StateMachineDataPolicy.getFromFuture(SegmentedRaftLogWorker.java:87)
	at org.apache.ratis.server.raftlog.segmented.SegmentedRaftLogWorker$WriteLog.execute(SegmentedRaftLogWorker.java:477)
	at org.apache.ratis.server.raftlog.segmented.SegmentedRaftLogWorker.run(SegmentedRaftLogWorker.java:289)
	at java.lang.Thread.run(Thread.java:748)
Caused by: java.util.concurrent.TimeoutException
	at java.util.concurrent.CompletableFuture.timedGet(CompletableFuture.java:1771)
	at java.util.concurrent.CompletableFuture.get(CompletableFuture.java:1915)
	at org.apache.ratis.util.IOUtils.getFromFuture(IOUtils.java:79)
	... 4 more
2019-09-11 21:56:46,983 [java.util.concurrent.ThreadPoolExecutor$Worker@10890743[State = -1, empty queue]] WARN  server.GrpcLogAppender (GrpcLogAppender.java:timeoutAppendRequest(200)) - b90393f0-91c9-4286-839e-32ae26f144bd@group-50C9D9F18802->b8cc5711-5e40-41ff-95d6-57cfdaa6737f-GrpcLogAppender: appendEntries Timeout, request=b90393f0-91c9-4286-839e-32ae26f144bd->b8cc5711-5e40-41ff-95d6-57cfdaa6737f#133-t2, previous=(t:2, i:18), leaderCommit=14, initializing? false, entries: <empty>
2019-09-11 21:56:46,983 [java.util.concurrent.ThreadPoolExecutor$Worker@7be30595[State = -1, empty queue]] WARN  server.GrpcLogAppender (GrpcLogAppender.java:timeoutAppendRequest(200)) - b90393f0-91c9-4286-839e-32ae26f144bd@group-50C9D9F18802->a5cc9080-cfb9-4240-b5a2-6affb7ccbad1-GrpcLogAppender: appendEntries Timeout, request=b90393f0-91c9-4286-839e-32ae26f144bd->a5cc9080-cfb9-4240-b5a2-6affb7ccbad1#133-t2, previous=(t:2, i:18), leaderCommit=14, initializing? false, entries: <empty>
2019-09-11 21:56:47,088 [java.util.concurrent.ThreadPoolExecutor$Worker@6ae5f1f8[State = -1, empty queue]] WARN  server.GrpcLogAppender (GrpcLogAppender.java:timeoutAppendRequest(200)) - 35b36fdc-90f8-4649-ab4a-4033b8c96817@group-9E5FA7894A87->b94e9841-c110-46af-9cbb-637204d6ae15-GrpcLogAppender: appendEntries Timeout, request=35b36fdc-90f8-4649-ab4a-4033b8c96817->b94e9841-c110-46af-9cbb-637204d6ae15#136-t2, previous=(t:2, i:20), leaderCommit=16, initializing? false, entries: <empty>
2019-09-11 21:56:47,088 [java.util.concurrent.ThreadPoolExecutor$Worker@4f353d25[State = -1, empty queue]] WARN  server.GrpcLogAppender (GrpcLogAppender.java:timeoutAppendRequest(200)) - 35b36fdc-90f8-4649-ab4a-4033b8c96817@group-9E5FA7894A87->cb19b877-b13a-4838-a0e1-b58882f3950d-GrpcLogAppender: appendEntries Timeout, request=35b36fdc-90f8-4649-ab4a-4033b8c96817->cb19b877-b13a-4838-a0e1-b58882f3950d#136-t2, previous=(t:2, i:20), leaderCommit=16, initializing? false, entries: <empty>
2019-09-11 21:56:47,103 [java.util.concurrent.ThreadPoolExecutor$Worker@73e5f658[State = -1, empty queue]] WARN  server.GrpcLogAppender (GrpcLogAppender.java:timeoutAppendRequest(200)) - c2a73e63-4533-4661-ae84-dd5a39362559@group-AC8E2A32E389->91f926b5-2cb1-4722-b947-953fef106990-GrpcLogAppender: appendEntries Timeout, request=c2a73e63-4533-4661-ae84-dd5a39362559->91f926b5-2cb1-4722-b947-953fef106990#136-t2, previous=(t:2, i:20), leaderCommit=16, initializing? false, entries: <empty>
2019-09-11 21:56:47,138 [grpc-default-executor-11] WARN  server.GrpcLogAppender (LogUtils.java:warn(134)) - c2a73e63-4533-4661-ae84-dd5a39362559@group-AC8E2A32E389->a5a7e056-72fb-437a-9ac2-af7573048f25-AppendLogResponseHandler: Failed appendEntries: org.apache.ratis.thirdparty.io.grpc.StatusRuntimeException: UNAVAILABLE: io exception
2019-09-11 21:56:47,138 [grpc-default-executor-11] INFO  impl.FollowerInfo (FollowerInfo.java:lambda$new$0(51)) - c2a73e63-4533-4661-ae84-dd5a39362559@group-AC8E2A32E389->a5a7e056-72fb-437a-9ac2-af7573048f25: nextIndex: updateUnconditionally 0 -> 0
2019-09-11 21:56:47,483 [java.util.concurrent.ThreadPoolExecutor$Worker@7be30595[State = -1, empty queue]] WARN  server.GrpcLogAppender (GrpcLogAppender.java:timeoutAppendRequest(200)) - b90393f0-91c9-4286-839e-32ae26f144bd@group-50C9D9F18802->a5cc9080-cfb9-4240-b5a2-6affb7ccbad1-GrpcLogAppender: appendEntries Timeout, request=b90393f0-91c9-4286-839e-32ae26f144bd->a5cc9080-cfb9-4240-b5a2-6affb7ccbad1#134-t2, previous=(t:2, i:18), leaderCommit=14, initializing? false, entries: <empty>
2019-09-11 21:56:47,483 [java.util.concurrent.ThreadPoolExecutor$Worker@10890743[State = -1, empty queue]] WARN  server.GrpcLogAppender (GrpcLogAppender.java:timeoutAppendRequest(200)) - b90393f0-91c9-4286-839e-32ae26f144bd@group-50C9D9F18802->b8cc5711-5e40-41ff-95d6-57cfdaa6737f-GrpcLogAppender: appendEntries Timeout, request=b90393f0-91c9-4286-839e-32ae26f144bd->b8cc5711-5e40-41ff-95d6-57cfdaa6737f#134-t2, previous=(t:2, i:18), leaderCommit=14, initializing? false, entries: <empty>
2019-09-11 21:56:47,588 [java.util.concurrent.ThreadPoolExecutor$Worker@6ae5f1f8[State = -1, empty queue]] WARN  server.GrpcLogAppender (GrpcLogAppender.java:timeoutAppendRequest(200)) - 35b36fdc-90f8-4649-ab4a-4033b8c96817@group-9E5FA7894A87->b94e9841-c110-46af-9cbb-637204d6ae15-GrpcLogAppender: appendEntries Timeout, request=35b36fdc-90f8-4649-ab4a-4033b8c96817->b94e9841-c110-46af-9cbb-637204d6ae15#137-t2, previous=(t:2, i:20), leaderCommit=16, initializing? false, entries: <empty>
2019-09-11 21:56:47,588 [java.util.concurrent.ThreadPoolExecutor$Worker@4f353d25[State = -1, empty queue]] WARN  server.GrpcLogAppender (GrpcLogAppender.java:timeoutAppendRequest(200)) - 35b36fdc-90f8-4649-ab4a-4033b8c96817@group-9E5FA7894A87->cb19b877-b13a-4838-a0e1-b58882f3950d-GrpcLogAppender: appendEntries Timeout, request=35b36fdc-90f8-4649-ab4a-4033b8c96817->cb19b877-b13a-4838-a0e1-b58882f3950d#137-t2, previous=(t:2, i:20), leaderCommit=16, initializing? false, entries: <empty>
2019-09-11 21:56:47,603 [java.util.concurrent.ThreadPoolExecutor$Worker@73e5f658[State = -1, empty queue]] WARN  server.GrpcLogAppender (GrpcLogAppender.java:timeoutAppendRequest(200)) - c2a73e63-4533-4661-ae84-dd5a39362559@group-AC8E2A32E389->91f926b5-2cb1-4722-b947-953fef106990-GrpcLogAppender: appendEntries Timeout, request=c2a73e63-4533-4661-ae84-dd5a39362559->91f926b5-2cb1-4722-b947-953fef106990#137-t2, previous=(t:2, i:20), leaderCommit=16, initializing? false, entries: <empty>
2019-09-11 21:56:47,639 [grpc-default-executor-9] WARN  server.GrpcLogAppender (LogUtils.java:warn(134)) - c2a73e63-4533-4661-ae84-dd5a39362559@group-AC8E2A32E389->a5a7e056-72fb-437a-9ac2-af7573048f25-AppendLogResponseHandler: Failed appendEntries: org.apache.ratis.thirdparty.io.grpc.StatusRuntimeException: UNAVAILABLE: io exception
2019-09-11 21:56:47,639 [grpc-default-executor-9] INFO  impl.FollowerInfo (FollowerInfo.java:lambda$new$0(51)) - c2a73e63-4533-4661-ae84-dd5a39362559@group-AC8E2A32E389->a5a7e056-72fb-437a-9ac2-af7573048f25: nextIndex: updateUnconditionally 0 -> 0
2019-09-11 21:56:47,669 [main] WARN  io.KeyOutputStream (KeyOutputStream.java:handleException(276)) - Encountered exception java.io.IOException: Unexpected Storage Container Exception: java.util.concurrent.CompletionException: java.util.concurrent.CompletionException: org.apache.ratis.protocol.RaftRetryFailureException: Failed RaftClientRequest:client-44ED07ED1DE3->b90393f0-91c9-4286-839e-32ae26f144bd@group-50C9D9F18802, cid=56, seq=9*, RW, org.apache.hadoop.hdds.scm.XceiverClientRatis$$Lambda$451/1069131391@379ccc28 for 10 attempts with RetryLimited(maxAttempts=10, sleepTime=1000ms) on the pipeline Pipeline[ Id: dd1a52e5-bfba-4b30-811b-50c9d9f18802, Nodes: b90393f0-91c9-4286-839e-32ae26f144bd{ip: 192.168.34.45, host: pr-hdds-2106-g2ln6-2689029927, networkLocation: /default-rack, certSerialId: null}b8cc5711-5e40-41ff-95d6-57cfdaa6737f{ip: 192.168.34.45, host: pr-hdds-2106-g2ln6-2689029927, networkLocation: /default-rack, certSerialId: null}a5cc9080-cfb9-4240-b5a2-6affb7ccbad1{ip: 192.168.34.45, host: pr-hdds-2106-g2ln6-2689029927, networkLocation: /default-rack, certSerialId: null}, Type:RATIS, Factor:THREE, State:OPEN]. The last committed block length is 0, uncommitted data length is 2097152 retry count 0
2019-09-11 21:56:47,701 [IPC Server handler 17 on 37293] WARN  block.BlockManagerImpl (BlockManagerImpl.java:allocateBlock(192)) - Pipeline creation failed for type:RATIS factor:THREE. Retrying get pipelines call once.
org.apache.hadoop.hdds.scm.pipeline.InsufficientDatanodesException: Cannot create pipeline of factor 3 using 1 nodes.
	at org.apache.hadoop.hdds.scm.pipeline.RatisPipelineProvider.create(RatisPipelineProvider.java:152)
	at org.apache.hadoop.hdds.scm.pipeline.PipelineFactory.create(PipelineFactory.java:57)
	at org.apache.hadoop.hdds.scm.pipeline.SCMPipelineManager.createPipeline(SCMPipelineManager.java:151)
	at org.apache.hadoop.hdds.scm.block.BlockManagerImpl.allocateBlock(BlockManagerImpl.java:190)
	at org.apache.hadoop.hdds.scm.server.SCMBlockProtocolServer.allocateBlock(SCMBlockProtocolServer.java:182)
	at org.apache.hadoop.ozone.protocolPB.ScmBlockLocationProtocolServerSideTranslatorPB.allocateScmBlock(ScmBlockLocationProtocolServerSideTranslatorPB.java:183)
	at org.apache.hadoop.ozone.protocolPB.ScmBlockLocationProtocolServerSideTranslatorPB.processMessage(ScmBlockLocationProtocolServerSideTranslatorPB.java:141)
	at org.apache.hadoop.ozone.protocolPB.ScmBlockLocationProtocolServerSideTranslatorPB.send(ScmBlockLocationProtocolServerSideTranslatorPB.java:116)
	at org.apache.hadoop.hdds.protocol.proto.ScmBlockLocationProtocolProtos$ScmBlockLocationProtocolService$2.callBlockingMethod(ScmBlockLocationProtocolProtos.java:13157)
	at org.apache.hadoop.ipc.ProtobufRpcEngine$Server$ProtoBufRpcInvoker.call(ProtobufRpcEngine.java:524)
	at org.apache.hadoop.ipc.RPC$Server.call(RPC.java:1025)
	at org.apache.hadoop.ipc.Server$RpcCall.run(Server.java:876)
	at org.apache.hadoop.ipc.Server$RpcCall.run(Server.java:822)
	at java.security.AccessController.doPrivileged(Native Method)
	at javax.security.auth.Subject.doAs(Subject.java:422)
	at org.apache.hadoop.security.UserGroupInformation.doAs(UserGroupInformation.java:1730)
	at org.apache.hadoop.ipc.Server$Handler.run(Server.java:2682)
2019-09-11 21:56:47,702 [IPC Server handler 17 on 37293] INFO  block.BlockManagerImpl (BlockManagerImpl.java:allocateBlock(198)) - Could not find available pipeline of type:RATIS and factor:THREE even after retrying
2019-09-11 21:56:47,703 [IPC Server handler 17 on 37293] ERROR block.BlockManagerImpl (BlockManagerImpl.java:allocateBlock(222)) - Unable to allocate a block for the size: 4194304, type: RATIS, factor: THREE
2019-09-11 21:56:47,708 [main] ERROR io.BlockOutputStreamEntryPool (BlockOutputStreamEntryPool.java:allocateBlockIfNeeded(299)) - Try to allocate more blocks for write failed, already allocated 0 blocks for this write.
INTERNAL_ERROR org.apache.hadoop.ozone.om.exceptions.OMException: Allocated 0 blocks. Requested 1 blocks
	at org.apache.hadoop.ozone.om.protocolPB.OzoneManagerProtocolClientSideTranslatorPB.handleError(OzoneManagerProtocolClientSideTranslatorPB.java:725)
	at org.apache.hadoop.ozone.om.protocolPB.OzoneManagerProtocolClientSideTranslatorPB.allocateBlock(OzoneManagerProtocolClientSideTranslatorPB.java:757)
	at org.apache.hadoop.ozone.client.io.BlockOutputStreamEntryPool.allocateNewBlock(BlockOutputStreamEntryPool.java:248)
	at org.apache.hadoop.ozone.client.io.BlockOutputStreamEntryPool.allocateBlockIfNeeded(BlockOutputStreamEntryPool.java:296)
	at org.apache.hadoop.ozone.client.io.KeyOutputStream.handleWrite(KeyOutputStream.java:201)
	at org.apache.hadoop.ozone.client.io.KeyOutputStream.handleRetry(KeyOutputStream.java:376)
	at org.apache.hadoop.ozone.client.io.KeyOutputStream.handleException(KeyOutputStream.java:325)
	at org.apache.hadoop.ozone.client.io.KeyOutputStream.handleWrite(KeyOutputStream.java:231)
	at org.apache.hadoop.ozone.client.io.KeyOutputStream.write(KeyOutputStream.java:193)
	at org.apache.hadoop.ozone.client.io.OzoneOutputStream.write(OzoneOutputStream.java:49)
	at java.io.OutputStream.write(OutputStream.java:75)
	at org.apache.hadoop.ozone.client.rpc.TestMultiBlockWritesWithDnFailures.testMultiBlockWritesWithIntermittentDnFailures(TestMultiBlockWritesWithDnFailures.java:192)
	at sun.reflect.NativeMethodAccessorImpl.invoke0(Native Method)
	at sun.reflect.NativeMethodAccessorImpl.invoke(NativeMethodAccessorImpl.java:62)
	at sun.reflect.DelegatingMethodAccessorImpl.invoke(DelegatingMethodAccessorImpl.java:43)
	at java.lang.reflect.Method.invoke(Method.java:498)
	at org.junit.runners.model.FrameworkMethod$1.runReflectiveCall(FrameworkMethod.java:47)
	at org.junit.internal.runners.model.ReflectiveCallable.run(ReflectiveCallable.java:12)
	at org.junit.runners.model.FrameworkMethod.invokeExplosively(FrameworkMethod.java:44)
	at org.junit.internal.runners.statements.InvokeMethod.evaluate(InvokeMethod.java:17)
	at org.junit.internal.runners.statements.RunAfters.evaluate(RunAfters.java:27)
	at org.junit.runners.ParentRunner.runLeaf(ParentRunner.java:271)
	at org.junit.runners.BlockJUnit4ClassRunner.runChild(BlockJUnit4ClassRunner.java:70)
	at org.junit.runners.BlockJUnit4ClassRunner.runChild(BlockJUnit4ClassRunner.java:50)
	at org.junit.runners.ParentRunner$3.run(ParentRunner.java:238)
	at org.junit.runners.ParentRunner$1.schedule(ParentRunner.java:63)
	at org.junit.runners.ParentRunner.runChildren(ParentRunner.java:236)
	at org.junit.runners.ParentRunner.access$000(ParentRunner.java:53)
	at org.junit.runners.ParentRunner$2.evaluate(ParentRunner.java:229)
	at org.junit.runners.ParentRunner.run(ParentRunner.java:309)
	at org.apache.maven.surefire.junit4.JUnit4Provider.execute(JUnit4Provider.java:365)
	at org.apache.maven.surefire.junit4.JUnit4Provider.executeWithRerun(JUnit4Provider.java:273)
	at org.apache.maven.surefire.junit4.JUnit4Provider.executeTestSet(JUnit4Provider.java:238)
	at org.apache.maven.surefire.junit4.JUnit4Provider.invoke(JUnit4Provider.java:159)
	at org.apache.maven.surefire.booter.ForkedBooter.invokeProviderInSameClassLoader(ForkedBooter.java:384)
	at org.apache.maven.surefire.booter.ForkedBooter.runSuitesInProcess(ForkedBooter.java:345)
	at org.apache.maven.surefire.booter.ForkedBooter.execute(ForkedBooter.java:126)
	at org.apache.maven.surefire.booter.ForkedBooter.main(ForkedBooter.java:418)
2019-09-11 21:56:47,713 [main] INFO  ozone.MiniOzoneClusterImpl (MiniOzoneClusterImpl.java:shutdown(307)) - Shutting down the Mini Ozone Cluster
2019-09-11 21:56:47,713 [main] INFO  ozone.MiniOzoneClusterImpl (MiniOzoneClusterImpl.java:stop(322)) - Stopping the Mini Ozone Cluster
2019-09-11 21:56:47,714 [main] INFO  ozone.MiniOzoneClusterImpl (MiniOzoneClusterImpl.java:stop(324)) - Stopping the OzoneManager
2019-09-11 21:56:47,714 [main] INFO  ipc.Server (Server.java:stop(3082)) - Stopping server on 46597
2019-09-11 21:56:47,729 [main] INFO  ratis.OzoneManagerDoubleBuffer (OzoneManagerDoubleBuffer.java:stop(248)) - Stopping OMDoubleBuffer flush thread
2019-09-11 21:56:47,730 [IPC Server listener on 46597] INFO  ipc.Server (Server.java:run(1185)) - Stopping IPC Server listener on 46597
2019-09-11 21:56:47,730 [IPC Server Responder] INFO  ipc.Server (Server.java:run(1319)) - Stopping IPC Server Responder
2019-09-11 21:56:47,738 [OMDoubleBufferFlushThread] INFO  ratis.OzoneManagerDoubleBuffer (OzoneManagerDoubleBuffer.java:flushTransactions(191)) - OMDoubleBuffer flush thread OMDoubleBufferFlushThread is interrupted and will exit. OMDoubleBufferFlushThread
2019-09-11 21:56:47,753 [main] INFO  utils.BackgroundService (BackgroundService.java:shutdown(148)) - Shutting down service KeyDeletingService
2019-09-11 21:56:47,783 [main] INFO  handler.ContextHandler (ContextHandler.java:doStop(910)) - Stopped o.e.j.w.WebAppContext@444548a0{/,null,UNAVAILABLE}{/ozoneManager}
2019-09-11 21:56:47,785 [main] INFO  server.AbstractConnector (AbstractConnector.java:doStop(318)) - Stopped ServerConnector@3766c667{HTTP/1.1,[http/1.1]}{0.0.0.0:0}
2019-09-11 21:56:47,785 [main] INFO  handler.ContextHandler (ContextHandler.java:doStop(910)) - Stopped o.e.j.s.ServletContextHandler@2571066a{/static,file:///workdir/hadoop-ozone/integration-test/target/test-classes/webapps/static,UNAVAILABLE}
2019-09-11 21:56:47,786 [main] INFO  handler.ContextHandler (ContextHandler.java:doStop(910)) - Stopped o.e.j.s.ServletContextHandler@25d3cfc8{/logs,file:///workdir/hadoop-ozone/integration-test/target/log,UNAVAILABLE}
2019-09-11 21:56:47,801 [main] INFO  ozone.MiniOzoneClusterImpl (MiniOzoneClusterImpl.java:stop(330)) - Shutting the HddsDatanodes
2019-09-11 21:56:47,985 [java.util.concurrent.ThreadPoolExecutor$Worker@7be30595[State = -1, empty queue]] WARN  server.GrpcLogAppender (GrpcLogAppender.java:timeoutAppendRequest(200)) - b90393f0-91c9-4286-839e-32ae26f144bd@group-50C9D9F18802->a5cc9080-cfb9-4240-b5a2-6affb7ccbad1-GrpcLogAppender: appendEntries Timeout, request=b90393f0-91c9-4286-839e-32ae26f144bd->a5cc9080-cfb9-4240-b5a2-6affb7ccbad1#135-t2, previous=(t:2, i:18), leaderCommit=14, initializing? false, entries: <empty>
2019-09-11 21:56:47,985 [java.util.concurrent.ThreadPoolExecutor$Worker@10890743[State = -1, empty queue]] WARN  server.GrpcLogAppender (GrpcLogAppender.java:timeoutAppendRequest(200)) - b90393f0-91c9-4286-839e-32ae26f144bd@group-50C9D9F18802->b8cc5711-5e40-41ff-95d6-57cfdaa6737f-GrpcLogAppender: appendEntries Timeout, request=b90393f0-91c9-4286-839e-32ae26f144bd->b8cc5711-5e40-41ff-95d6-57cfdaa6737f#135-t2, previous=(t:2, i:18), leaderCommit=14, initializing? false, entries: <empty>
2019-09-11 21:56:48,089 [java.util.concurrent.ThreadPoolExecutor$Worker@4f353d25[State = -1, empty queue]] WARN  server.GrpcLogAppender (GrpcLogAppender.java:timeoutAppendRequest(200)) - 35b36fdc-90f8-4649-ab4a-4033b8c96817@group-9E5FA7894A87->cb19b877-b13a-4838-a0e1-b58882f3950d-GrpcLogAppender: appendEntries Timeout, request=35b36fdc-90f8-4649-ab4a-4033b8c96817->cb19b877-b13a-4838-a0e1-b58882f3950d#138-t2, previous=(t:2, i:20), leaderCommit=16, initializing? false, entries: <empty>
2019-09-11 21:56:48,089 [java.util.concurrent.ThreadPoolExecutor$Worker@6ae5f1f8[State = -1, empty queue]] WARN  server.GrpcLogAppender (GrpcLogAppender.java:timeoutAppendRequest(200)) - 35b36fdc-90f8-4649-ab4a-4033b8c96817@group-9E5FA7894A87->b94e9841-c110-46af-9cbb-637204d6ae15-GrpcLogAppender: appendEntries Timeout, request=35b36fdc-90f8-4649-ab4a-4033b8c96817->b94e9841-c110-46af-9cbb-637204d6ae15#138-t2, previous=(t:2, i:20), leaderCommit=16, initializing? false, entries: <empty>
2019-09-11 21:56:48,104 [java.util.concurrent.ThreadPoolExecutor$Worker@73e5f658[State = -1, empty queue]] WARN  server.GrpcLogAppender (GrpcLogAppender.java:timeoutAppendRequest(200)) - c2a73e63-4533-4661-ae84-dd5a39362559@group-AC8E2A32E389->91f926b5-2cb1-4722-b947-953fef106990-GrpcLogAppender: appendEntries Timeout, request=c2a73e63-4533-4661-ae84-dd5a39362559->91f926b5-2cb1-4722-b947-953fef106990#138-t2, previous=(t:2, i:20), leaderCommit=16, initializing? false, entries: <empty>
2019-09-11 21:56:48,140 [grpc-default-executor-5] WARN  server.GrpcLogAppender (LogUtils.java:warn(134)) - c2a73e63-4533-4661-ae84-dd5a39362559@group-AC8E2A32E389->a5a7e056-72fb-437a-9ac2-af7573048f25-AppendLogResponseHandler: Failed appendEntries: org.apache.ratis.thirdparty.io.grpc.StatusRuntimeException: UNAVAILABLE: io exception
2019-09-11 21:56:48,141 [grpc-default-executor-5] INFO  impl.FollowerInfo (FollowerInfo.java:lambda$new$0(51)) - c2a73e63-4533-4661-ae84-dd5a39362559@group-AC8E2A32E389->a5a7e056-72fb-437a-9ac2-af7573048f25: nextIndex: updateUnconditionally 0 -> 0
2019-09-11 21:56:48,486 [java.util.concurrent.ThreadPoolExecutor$Worker@7be30595[State = -1, empty queue]] WARN  server.GrpcLogAppender (GrpcLogAppender.java:timeoutAppendRequest(200)) - b90393f0-91c9-4286-839e-32ae26f144bd@group-50C9D9F18802->a5cc9080-cfb9-4240-b5a2-6affb7ccbad1-GrpcLogAppender: appendEntries Timeout, request=b90393f0-91c9-4286-839e-32ae26f144bd->a5cc9080-cfb9-4240-b5a2-6affb7ccbad1#136-t2, previous=(t:2, i:18), leaderCommit=14, initializing? false, entries: <empty>
2019-09-11 21:56:48,486 [java.util.concurrent.ThreadPoolExecutor$Worker@10890743[State = -1, empty queue]] WARN  server.GrpcLogAppender (GrpcLogAppender.java:timeoutAppendRequest(200)) - b90393f0-91c9-4286-839e-32ae26f144bd@group-50C9D9F18802->b8cc5711-5e40-41ff-95d6-57cfdaa6737f-GrpcLogAppender: appendEntries Timeout, request=b90393f0-91c9-4286-839e-32ae26f144bd->b8cc5711-5e40-41ff-95d6-57cfdaa6737f#136-t2, previous=(t:2, i:18), leaderCommit=14, initializing? false, entries: <empty>
2019-09-11 21:56:48,589 [java.util.concurrent.ThreadPoolExecutor$Worker@6ae5f1f8[State = -1, empty queue]] WARN  server.GrpcLogAppender (GrpcLogAppender.java:timeoutAppendRequest(200)) - 35b36fdc-90f8-4649-ab4a-4033b8c96817@group-9E5FA7894A87->b94e9841-c110-46af-9cbb-637204d6ae15-GrpcLogAppender: appendEntries Timeout, request=35b36fdc-90f8-4649-ab4a-4033b8c96817->b94e9841-c110-46af-9cbb-637204d6ae15#139-t2, previous=(t:2, i:20), leaderCommit=16, initializing? false, entries: <empty>
2019-09-11 21:56:48,589 [java.util.concurrent.ThreadPoolExecutor$Worker@4f353d25[State = -1, empty queue]] WARN  server.GrpcLogAppender (GrpcLogAppender.java:timeoutAppendRequest(200)) - 35b36fdc-90f8-4649-ab4a-4033b8c96817@group-9E5FA7894A87->cb19b877-b13a-4838-a0e1-b58882f3950d-GrpcLogAppender: appendEntries Timeout, request=35b36fdc-90f8-4649-ab4a-4033b8c96817->cb19b877-b13a-4838-a0e1-b58882f3950d#139-t2, previous=(t:2, i:20), leaderCommit=16, initializing? false, entries: <empty>
2019-09-11 21:56:48,603 [Datanode State Machine Thread - 0] INFO  statemachine.DatanodeStateMachine (DatanodeStateMachine.java:lambda$startDaemon$0(350)) - Ozone container server started.
2019-09-11 21:56:48,604 [java.util.concurrent.ThreadPoolExecutor$Worker@73e5f658[State = -1, empty queue]] WARN  server.GrpcLogAppender (GrpcLogAppender.java:timeoutAppendRequest(200)) - c2a73e63-4533-4661-ae84-dd5a39362559@group-AC8E2A32E389->91f926b5-2cb1-4722-b947-953fef106990-GrpcLogAppender: appendEntries Timeout, request=c2a73e63-4533-4661-ae84-dd5a39362559->91f926b5-2cb1-4722-b947-953fef106990#139-t2, previous=(t:2, i:20), leaderCommit=16, initializing? false, entries: <empty>
2019-09-11 21:56:48,627 [Datanode State Machine Thread - 0] INFO  statemachine.DatanodeStateMachine (DatanodeStateMachine.java:lambda$startDaemon$0(350)) - Ozone container server started.
2019-09-11 21:56:48,641 [grpc-default-executor-11] WARN  server.GrpcLogAppender (LogUtils.java:warn(134)) - c2a73e63-4533-4661-ae84-dd5a39362559@group-AC8E2A32E389->a5a7e056-72fb-437a-9ac2-af7573048f25-AppendLogResponseHandler: Failed appendEntries: org.apache.ratis.thirdparty.io.grpc.StatusRuntimeException: UNAVAILABLE: io exception
2019-09-11 21:56:48,641 [grpc-default-executor-11] INFO  impl.FollowerInfo (FollowerInfo.java:lambda$new$0(51)) - c2a73e63-4533-4661-ae84-dd5a39362559@group-AC8E2A32E389->a5a7e056-72fb-437a-9ac2-af7573048f25: nextIndex: updateUnconditionally 0 -> 0
2019-09-11 21:56:48,989 [java.util.concurrent.ThreadPoolExecutor$Worker@10890743[State = -1, empty queue]] WARN  server.GrpcLogAppender (GrpcLogAppender.java:timeoutAppendRequest(200)) - b90393f0-91c9-4286-839e-32ae26f144bd@group-50C9D9F18802->b8cc5711-5e40-41ff-95d6-57cfdaa6737f-GrpcLogAppender: appendEntries Timeout, request=b90393f0-91c9-4286-839e-32ae26f144bd->b8cc5711-5e40-41ff-95d6-57cfdaa6737f#137-t2, previous=(t:2, i:18), leaderCommit=14, initializing? false, entries: <empty>
2019-09-11 21:56:48,989 [java.util.concurrent.ThreadPoolExecutor$Worker@7be30595[State = -1, empty queue]] WARN  server.GrpcLogAppender (GrpcLogAppender.java:timeoutAppendRequest(200)) - b90393f0-91c9-4286-839e-32ae26f144bd@group-50C9D9F18802->a5cc9080-cfb9-4240-b5a2-6affb7ccbad1-GrpcLogAppender: appendEntries Timeout, request=b90393f0-91c9-4286-839e-32ae26f144bd->a5cc9080-cfb9-4240-b5a2-6affb7ccbad1#137-t2, previous=(t:2, i:18), leaderCommit=14, initializing? false, entries: <empty>
2019-09-11 21:56:49,089 [java.util.concurrent.ThreadPoolExecutor$Worker@6ae5f1f8[State = -1, empty queue]] WARN  server.GrpcLogAppender (GrpcLogAppender.java:timeoutAppendRequest(200)) - 35b36fdc-90f8-4649-ab4a-4033b8c96817@group-9E5FA7894A87->b94e9841-c110-46af-9cbb-637204d6ae15-GrpcLogAppender: appendEntries Timeout, request=35b36fdc-90f8-4649-ab4a-4033b8c96817->b94e9841-c110-46af-9cbb-637204d6ae15#140-t2, previous=(t:2, i:20), leaderCommit=16, initializing? false, entries: <empty>
2019-09-11 21:56:49,089 [java.util.concurrent.ThreadPoolExecutor$Worker@4f353d25[State = -1, empty queue]] WARN  server.GrpcLogAppender (GrpcLogAppender.java:timeoutAppendRequest(200)) - 35b36fdc-90f8-4649-ab4a-4033b8c96817@group-9E5FA7894A87->cb19b877-b13a-4838-a0e1-b58882f3950d-GrpcLogAppender: appendEntries Timeout, request=35b36fdc-90f8-4649-ab4a-4033b8c96817->cb19b877-b13a-4838-a0e1-b58882f3950d#140-t2, previous=(t:2, i:20), leaderCommit=16, initializing? false, entries: <empty>
2019-09-11 21:56:49,104 [java.util.concurrent.ThreadPoolExecutor$Worker@73e5f658[State = -1, empty queue]] WARN  server.GrpcLogAppender (GrpcLogAppender.java:timeoutAppendRequest(200)) - c2a73e63-4533-4661-ae84-dd5a39362559@group-AC8E2A32E389->91f926b5-2cb1-4722-b947-953fef106990-GrpcLogAppender: appendEntries Timeout, request=c2a73e63-4533-4661-ae84-dd5a39362559->91f926b5-2cb1-4722-b947-953fef106990#140-t2, previous=(t:2, i:20), leaderCommit=16, initializing? false, entries: <empty>
2019-09-11 21:56:49,162 [grpc-default-executor-9] WARN  server.GrpcLogAppender (LogUtils.java:warn(134)) - c2a73e63-4533-4661-ae84-dd5a39362559@group-AC8E2A32E389->a5a7e056-72fb-437a-9ac2-af7573048f25-AppendLogResponseHandler: Failed appendEntries: org.apache.ratis.thirdparty.io.grpc.StatusRuntimeException: UNAVAILABLE: io exception
2019-09-11 21:56:49,163 [grpc-default-executor-9] INFO  impl.FollowerInfo (FollowerInfo.java:lambda$new$0(51)) - c2a73e63-4533-4661-ae84-dd5a39362559@group-AC8E2A32E389->a5a7e056-72fb-437a-9ac2-af7573048f25: nextIndex: updateUnconditionally 0 -> 0
2019-09-11 21:56:49,466 [b8cc5711-5e40-41ff-95d6-57cfdaa6737f@group-50C9D9F18802-SegmentedRaftLogWorker] WARN  segmented.SegmentedRaftLogWorker (SegmentedRaftLogWorker.java:getFromFuture(90)) - Timeout 1/~
org.apache.ratis.protocol.TimeoutIOException: Timeout 10s: WriteLog:15: (t:2, i:15), STATEMACHINELOGENTRY, client-44ED07ED1DE3, cid=56-writeStateMachineData
	at org.apache.ratis.util.IOUtils.getFromFuture(IOUtils.java:87)
	at org.apache.ratis.server.raftlog.segmented.SegmentedRaftLogWorker$StateMachineDataPolicy.getFromFuture(SegmentedRaftLogWorker.java:87)
	at org.apache.ratis.server.raftlog.segmented.SegmentedRaftLogWorker$WriteLog.execute(SegmentedRaftLogWorker.java:477)
	at org.apache.ratis.server.raftlog.segmented.SegmentedRaftLogWorker.run(SegmentedRaftLogWorker.java:289)
	at java.lang.Thread.run(Thread.java:748)
Caused by: java.util.concurrent.TimeoutException
	at java.util.concurrent.CompletableFuture.timedGet(CompletableFuture.java:1771)
	at java.util.concurrent.CompletableFuture.get(CompletableFuture.java:1915)
	at org.apache.ratis.util.IOUtils.getFromFuture(IOUtils.java:79)
	... 4 more
2019-09-11 21:56:49,489 [java.util.concurrent.ThreadPoolExecutor$Worker@10890743[State = -1, empty queue]] WARN  server.GrpcLogAppender (GrpcLogAppender.java:timeoutAppendRequest(200)) - b90393f0-91c9-4286-839e-32ae26f144bd@group-50C9D9F18802->b8cc5711-5e40-41ff-95d6-57cfdaa6737f-GrpcLogAppender: appendEntries Timeout, request=b90393f0-91c9-4286-839e-32ae26f144bd->b8cc5711-5e40-41ff-95d6-57cfdaa6737f#138-t2, previous=(t:2, i:18), leaderCommit=14, initializing? false, entries: <empty>
2019-09-11 21:56:49,489 [java.util.concurrent.ThreadPoolExecutor$Worker@7be30595[State = -1, empty queue]] WARN  server.GrpcLogAppender (GrpcLogAppender.java:timeoutAppendRequest(200)) - b90393f0-91c9-4286-839e-32ae26f144bd@group-50C9D9F18802->a5cc9080-cfb9-4240-b5a2-6affb7ccbad1-GrpcLogAppender: appendEntries Timeout, request=b90393f0-91c9-4286-839e-32ae26f144bd->a5cc9080-cfb9-4240-b5a2-6affb7ccbad1#138-t2, previous=(t:2, i:18), leaderCommit=14, initializing? false, entries: <empty>
2019-09-11 21:56:49,589 [java.util.concurrent.ThreadPoolExecutor$Worker@4f353d25[State = -1, empty queue]] WARN  server.GrpcLogAppender (GrpcLogAppender.java:timeoutAppendRequest(200)) - 35b36fdc-90f8-4649-ab4a-4033b8c96817@group-9E5FA7894A87->cb19b877-b13a-4838-a0e1-b58882f3950d-GrpcLogAppender: appendEntries Timeout, request=35b36fdc-90f8-4649-ab4a-4033b8c96817->cb19b877-b13a-4838-a0e1-b58882f3950d#141-t2, previous=(t:2, i:20), leaderCommit=16, initializing? false, entries: <empty>
2019-09-11 21:56:49,589 [java.util.concurrent.ThreadPoolExecutor$Worker@6ae5f1f8[State = -1, empty queue]] WARN  server.GrpcLogAppender (GrpcLogAppender.java:timeoutAppendRequest(200)) - 35b36fdc-90f8-4649-ab4a-4033b8c96817@group-9E5FA7894A87->b94e9841-c110-46af-9cbb-637204d6ae15-GrpcLogAppender: appendEntries Timeout, request=35b36fdc-90f8-4649-ab4a-4033b8c96817->b94e9841-c110-46af-9cbb-637204d6ae15#141-t2, previous=(t:2, i:20), leaderCommit=16, initializing? false, entries: <empty>
2019-09-11 21:56:49,604 [java.util.concurrent.ThreadPoolExecutor$Worker@73e5f658[State = -1, empty queue]] WARN  server.GrpcLogAppender (GrpcLogAppender.java:timeoutAppendRequest(200)) - c2a73e63-4533-4661-ae84-dd5a39362559@group-AC8E2A32E389->91f926b5-2cb1-4722-b947-953fef106990-GrpcLogAppender: appendEntries Timeout, request=c2a73e63-4533-4661-ae84-dd5a39362559->91f926b5-2cb1-4722-b947-953fef106990#141-t2, previous=(t:2, i:20), leaderCommit=16, initializing? false, entries: <empty>
2019-09-11 21:56:49,627 [a5cc9080-cfb9-4240-b5a2-6affb7ccbad1@group-50C9D9F18802-SegmentedRaftLogWorker] WARN  segmented.SegmentedRaftLogWorker (SegmentedRaftLogWorker.java:getFromFuture(90)) - Timeout 1/~
org.apache.ratis.protocol.TimeoutIOException: Timeout 10s: WriteLog:17: (t:2, i:17), STATEMACHINELOGENTRY, client-44ED07ED1DE3, cid=58-writeStateMachineData
	at org.apache.ratis.util.IOUtils.getFromFuture(IOUtils.java:87)
	at org.apache.ratis.server.raftlog.segmented.SegmentedRaftLogWorker$StateMachineDataPolicy.getFromFuture(SegmentedRaftLogWorker.java:87)
	at org.apache.ratis.server.raftlog.segmented.SegmentedRaftLogWorker$WriteLog.execute(SegmentedRaftLogWorker.java:477)
	at org.apache.ratis.server.raftlog.segmented.SegmentedRaftLogWorker.run(SegmentedRaftLogWorker.java:289)
	at java.lang.Thread.run(Thread.java:748)
Caused by: java.util.concurrent.TimeoutException
	at java.util.concurrent.CompletableFuture.timedGet(CompletableFuture.java:1771)
	at java.util.concurrent.CompletableFuture.get(CompletableFuture.java:1915)
	at org.apache.ratis.util.IOUtils.getFromFuture(IOUtils.java:79)
	... 4 more
2019-09-11 21:56:49,643 [grpc-default-executor-11] WARN  server.GrpcLogAppender (LogUtils.java:warn(134)) - c2a73e63-4533-4661-ae84-dd5a39362559@group-AC8E2A32E389->a5a7e056-72fb-437a-9ac2-af7573048f25-AppendLogResponseHandler: Failed appendEntries: org.apache.ratis.thirdparty.io.grpc.StatusRuntimeException: UNAVAILABLE: io exception
2019-09-11 21:56:49,643 [grpc-default-executor-11] INFO  impl.FollowerInfo (FollowerInfo.java:lambda$new$0(51)) - c2a73e63-4533-4661-ae84-dd5a39362559@group-AC8E2A32E389->a5a7e056-72fb-437a-9ac2-af7573048f25: nextIndex: updateUnconditionally 0 -> 0
2019-09-11 21:56:49,993 [java.util.concurrent.ThreadPoolExecutor$Worker@7be30595[State = -1, empty queue]] WARN  server.GrpcLogAppender (GrpcLogAppender.java:timeoutAppendRequest(200)) - b90393f0-91c9-4286-839e-32ae26f144bd@group-50C9D9F18802->a5cc9080-cfb9-4240-b5a2-6affb7ccbad1-GrpcLogAppender: appendEntries Timeout, request=b90393f0-91c9-4286-839e-32ae26f144bd->a5cc9080-cfb9-4240-b5a2-6affb7ccbad1#139-t2, previous=(t:2, i:18), leaderCommit=14, initializing? false, entries: <empty>
2019-09-11 21:56:49,993 [java.util.concurrent.ThreadPoolExecutor$Worker@10890743[State = -1, empty queue]] WARN  server.GrpcLogAppender (GrpcLogAppender.java:timeoutAppendRequest(200)) - b90393f0-91c9-4286-839e-32ae26f144bd@group-50C9D9F18802->b8cc5711-5e40-41ff-95d6-57cfdaa6737f-GrpcLogAppender: appendEntries Timeout, request=b90393f0-91c9-4286-839e-32ae26f144bd->b8cc5711-5e40-41ff-95d6-57cfdaa6737f#139-t2, previous=(t:2, i:18), leaderCommit=14, initializing? false, entries: <empty>
2019-09-11 21:56:50,090 [java.util.concurrent.ThreadPoolExecutor$Worker@4f353d25[State = -1, empty queue]] WARN  server.GrpcLogAppender (GrpcLogAppender.java:timeoutAppendRequest(200)) - 35b36fdc-90f8-4649-ab4a-4033b8c96817@group-9E5FA7894A87->cb19b877-b13a-4838-a0e1-b58882f3950d-GrpcLogAppender: appendEntries Timeout, request=35b36fdc-90f8-4649-ab4a-4033b8c96817->cb19b877-b13a-4838-a0e1-b58882f3950d#142-t2, previous=(t:2, i:20), leaderCommit=16, initializing? false, entries: <empty>
2019-09-11 21:56:50,090 [java.util.concurrent.ThreadPoolExecutor$Worker@6ae5f1f8[State = -1, empty queue]] WARN  server.GrpcLogAppender (GrpcLogAppender.java:timeoutAppendRequest(200)) - 35b36fdc-90f8-4649-ab4a-4033b8c96817@group-9E5FA7894A87->b94e9841-c110-46af-9cbb-637204d6ae15-GrpcLogAppender: appendEntries Timeout, request=35b36fdc-90f8-4649-ab4a-4033b8c96817->b94e9841-c110-46af-9cbb-637204d6ae15#142-t2, previous=(t:2, i:20), leaderCommit=16, initializing? false, entries: <empty>
2019-09-11 21:56:50,104 [java.util.concurrent.ThreadPoolExecutor$Worker@73e5f658[State = -1, empty queue]] WARN  server.GrpcLogAppender (GrpcLogAppender.java:timeoutAppendRequest(200)) - c2a73e63-4533-4661-ae84-dd5a39362559@group-AC8E2A32E389->91f926b5-2cb1-4722-b947-953fef106990-GrpcLogAppender: appendEntries Timeout, request=c2a73e63-4533-4661-ae84-dd5a39362559->91f926b5-2cb1-4722-b947-953fef106990#142-t2, previous=(t:2, i:20), leaderCommit=16, initializing? false, entries: <empty>
2019-09-11 21:56:50,145 [grpc-default-executor-9] WARN  server.GrpcLogAppender (LogUtils.java:warn(134)) - c2a73e63-4533-4661-ae84-dd5a39362559@group-AC8E2A32E389->a5a7e056-72fb-437a-9ac2-af7573048f25-AppendLogResponseHandler: Failed appendEntries: org.apache.ratis.thirdparty.io.grpc.StatusRuntimeException: UNAVAILABLE: io exception
2019-09-11 21:56:50,146 [grpc-default-executor-9] INFO  impl.FollowerInfo (FollowerInfo.java:lambda$new$0(51)) - c2a73e63-4533-4661-ae84-dd5a39362559@group-AC8E2A32E389->a5a7e056-72fb-437a-9ac2-af7573048f25: nextIndex: updateUnconditionally 0 -> 0
2019-09-11 21:56:50,493 [java.util.concurrent.ThreadPoolExecutor$Worker@7be30595[State = -1, empty queue]] WARN  server.GrpcLogAppender (GrpcLogAppender.java:timeoutAppendRequest(200)) - b90393f0-91c9-4286-839e-32ae26f144bd@group-50C9D9F18802->a5cc9080-cfb9-4240-b5a2-6affb7ccbad1-GrpcLogAppender: appendEntries Timeout, request=b90393f0-91c9-4286-839e-32ae26f144bd->a5cc9080-cfb9-4240-b5a2-6affb7ccbad1#140-t2, previous=(t:2, i:18), leaderCommit=14, initializing? false, entries: <empty>
2019-09-11 21:56:50,493 [java.util.concurrent.ThreadPoolExecutor$Worker@10890743[State = -1, empty queue]] WARN  server.GrpcLogAppender (GrpcLogAppender.java:timeoutAppendRequest(200)) - b90393f0-91c9-4286-839e-32ae26f144bd@group-50C9D9F18802->b8cc5711-5e40-41ff-95d6-57cfdaa6737f-GrpcLogAppender: appendEntries Timeout, request=b90393f0-91c9-4286-839e-32ae26f144bd->b8cc5711-5e40-41ff-95d6-57cfdaa6737f#140-t2, previous=(t:2, i:18), leaderCommit=14, initializing? false, entries: <empty>
2019-09-11 21:56:50,590 [java.util.concurrent.ThreadPoolExecutor$Worker@4f353d25[State = -1, empty queue]] WARN  server.GrpcLogAppender (GrpcLogAppender.java:timeoutAppendRequest(200)) - 35b36fdc-90f8-4649-ab4a-4033b8c96817@group-9E5FA7894A87->cb19b877-b13a-4838-a0e1-b58882f3950d-GrpcLogAppender: appendEntries Timeout, request=35b36fdc-90f8-4649-ab4a-4033b8c96817->cb19b877-b13a-4838-a0e1-b58882f3950d#143-t2, previous=(t:2, i:20), leaderCommit=16, initializing? false, entries: <empty>
2019-09-11 21:56:50,590 [java.util.concurrent.ThreadPoolExecutor$Worker@6ae5f1f8[State = -1, empty queue]] WARN  server.GrpcLogAppender (GrpcLogAppender.java:timeoutAppendRequest(200)) - 35b36fdc-90f8-4649-ab4a-4033b8c96817@group-9E5FA7894A87->b94e9841-c110-46af-9cbb-637204d6ae15-GrpcLogAppender: appendEntries Timeout, request=35b36fdc-90f8-4649-ab4a-4033b8c96817->b94e9841-c110-46af-9cbb-637204d6ae15#143-t2, previous=(t:2, i:20), leaderCommit=16, initializing? false, entries: <empty>
2019-09-11 21:56:50,605 [java.util.concurrent.ThreadPoolExecutor$Worker@73e5f658[State = -1, empty queue]] WARN  server.GrpcLogAppender (GrpcLogAppender.java:timeoutAppendRequest(200)) - c2a73e63-4533-4661-ae84-dd5a39362559@group-AC8E2A32E389->91f926b5-2cb1-4722-b947-953fef106990-GrpcLogAppender: appendEntries Timeout, request=c2a73e63-4533-4661-ae84-dd5a39362559->91f926b5-2cb1-4722-b947-953fef106990#143-t2, previous=(t:2, i:20), leaderCommit=16, initializing? false, entries: <empty>
2019-09-11 21:56:50,645 [grpc-default-executor-11] WARN  server.GrpcLogAppender (LogUtils.java:warn(134)) - c2a73e63-4533-4661-ae84-dd5a39362559@group-AC8E2A32E389->a5a7e056-72fb-437a-9ac2-af7573048f25-AppendLogResponseHandler: Failed appendEntries: org.apache.ratis.thirdparty.io.grpc.StatusRuntimeException: UNAVAILABLE: io exception
2019-09-11 21:56:50,645 [grpc-default-executor-11] INFO  impl.FollowerInfo (FollowerInfo.java:lambda$new$0(51)) - c2a73e63-4533-4661-ae84-dd5a39362559@group-AC8E2A32E389->a5a7e056-72fb-437a-9ac2-af7573048f25: nextIndex: updateUnconditionally 0 -> 0
2019-09-11 21:56:50,993 [java.util.concurrent.ThreadPoolExecutor$Worker@7be30595[State = -1, empty queue]] WARN  server.GrpcLogAppender (GrpcLogAppender.java:timeoutAppendRequest(200)) - b90393f0-91c9-4286-839e-32ae26f144bd@group-50C9D9F18802->a5cc9080-cfb9-4240-b5a2-6affb7ccbad1-GrpcLogAppender: appendEntries Timeout, request=b90393f0-91c9-4286-839e-32ae26f144bd->a5cc9080-cfb9-4240-b5a2-6affb7ccbad1#141-t2, previous=(t:2, i:18), leaderCommit=14, initializing? false, entries: <empty>
2019-09-11 21:56:50,993 [java.util.concurrent.ThreadPoolExecutor$Worker@10890743[State = -1, empty queue]] WARN  server.GrpcLogAppender (GrpcLogAppender.java:timeoutAppendRequest(200)) - b90393f0-91c9-4286-839e-32ae26f144bd@group-50C9D9F18802->b8cc5711-5e40-41ff-95d6-57cfdaa6737f-GrpcLogAppender: appendEntries Timeout, request=b90393f0-91c9-4286-839e-32ae26f144bd->b8cc5711-5e40-41ff-95d6-57cfdaa6737f#141-t2, previous=(t:2, i:18), leaderCommit=14, initializing? false, entries: <empty>
2019-09-11 21:56:51,090 [java.util.concurrent.ThreadPoolExecutor$Worker@6ae5f1f8[State = -1, empty queue]] WARN  server.GrpcLogAppender (GrpcLogAppender.java:timeoutAppendRequest(200)) - 35b36fdc-90f8-4649-ab4a-4033b8c96817@group-9E5FA7894A87->b94e9841-c110-46af-9cbb-637204d6ae15-GrpcLogAppender: appendEntries Timeout, request=35b36fdc-90f8-4649-ab4a-4033b8c96817->b94e9841-c110-46af-9cbb-637204d6ae15#144-t2, previous=(t:2, i:20), leaderCommit=16, initializing? false, entries: <empty>
2019-09-11 21:56:51,090 [java.util.concurrent.ThreadPoolExecutor$Worker@4f353d25[State = -1, empty queue]] WARN  server.GrpcLogAppender (GrpcLogAppender.java:timeoutAppendRequest(200)) - 35b36fdc-90f8-4649-ab4a-4033b8c96817@group-9E5FA7894A87->cb19b877-b13a-4838-a0e1-b58882f3950d-GrpcLogAppender: appendEntries Timeout, request=35b36fdc-90f8-4649-ab4a-4033b8c96817->cb19b877-b13a-4838-a0e1-b58882f3950d#144-t2, previous=(t:2, i:20), leaderCommit=16, initializing? false, entries: <empty>
2019-09-11 21:56:51,105 [java.util.concurrent.ThreadPoolExecutor$Worker@73e5f658[State = -1, empty queue]] WARN  server.GrpcLogAppender (GrpcLogAppender.java:timeoutAppendRequest(200)) - c2a73e63-4533-4661-ae84-dd5a39362559@group-AC8E2A32E389->91f926b5-2cb1-4722-b947-953fef106990-GrpcLogAppender: appendEntries Timeout, request=c2a73e63-4533-4661-ae84-dd5a39362559->91f926b5-2cb1-4722-b947-953fef106990#144-t2, previous=(t:2, i:20), leaderCommit=16, initializing? false, entries: <empty>
2019-09-11 21:56:51,147 [grpc-default-executor-9] WARN  server.GrpcLogAppender (LogUtils.java:warn(134)) - c2a73e63-4533-4661-ae84-dd5a39362559@group-AC8E2A32E389->a5a7e056-72fb-437a-9ac2-af7573048f25-AppendLogResponseHandler: Failed appendEntries: org.apache.ratis.thirdparty.io.grpc.StatusRuntimeException: UNAVAILABLE: io exception
2019-09-11 21:56:51,148 [grpc-default-executor-9] INFO  impl.FollowerInfo (FollowerInfo.java:lambda$new$0(51)) - c2a73e63-4533-4661-ae84-dd5a39362559@group-AC8E2A32E389->a5a7e056-72fb-437a-9ac2-af7573048f25: nextIndex: updateUnconditionally 0 -> 0
2019-09-11 21:56:51,493 [java.util.concurrent.ThreadPoolExecutor$Worker@10890743[State = -1, empty queue]] WARN  server.GrpcLogAppender (GrpcLogAppender.java:timeoutAppendRequest(200)) - b90393f0-91c9-4286-839e-32ae26f144bd@group-50C9D9F18802->b8cc5711-5e40-41ff-95d6-57cfdaa6737f-GrpcLogAppender: appendEntries Timeout, request=b90393f0-91c9-4286-839e-32ae26f144bd->b8cc5711-5e40-41ff-95d6-57cfdaa6737f#142-t2, previous=(t:2, i:18), leaderCommit=14, initializing? false, entries: <empty>
2019-09-11 21:56:51,493 [java.util.concurrent.ThreadPoolExecutor$Worker@7be30595[State = -1, empty queue]] WARN  server.GrpcLogAppender (GrpcLogAppender.java:timeoutAppendRequest(200)) - b90393f0-91c9-4286-839e-32ae26f144bd@group-50C9D9F18802->a5cc9080-cfb9-4240-b5a2-6affb7ccbad1-GrpcLogAppender: appendEntries Timeout, request=b90393f0-91c9-4286-839e-32ae26f144bd->a5cc9080-cfb9-4240-b5a2-6affb7ccbad1#142-t2, previous=(t:2, i:18), leaderCommit=14, initializing? false, entries: <empty>
2019-09-11 21:56:51,590 [java.util.concurrent.ThreadPoolExecutor$Worker@4f353d25[State = -1, empty queue]] WARN  server.GrpcLogAppender (GrpcLogAppender.java:timeoutAppendRequest(200)) - 35b36fdc-90f8-4649-ab4a-4033b8c96817@group-9E5FA7894A87->cb19b877-b13a-4838-a0e1-b58882f3950d-GrpcLogAppender: appendEntries Timeout, request=35b36fdc-90f8-4649-ab4a-4033b8c96817->cb19b877-b13a-4838-a0e1-b58882f3950d#145-t2, previous=(t:2, i:20), leaderCommit=16, initializing? false, entries: <empty>
2019-09-11 21:56:51,590 [java.util.concurrent.ThreadPoolExecutor$Worker@6ae5f1f8[State = -1, empty queue]] WARN  server.GrpcLogAppender (GrpcLogAppender.java:timeoutAppendRequest(200)) - 35b36fdc-90f8-4649-ab4a-4033b8c96817@group-9E5FA7894A87->b94e9841-c110-46af-9cbb-637204d6ae15-GrpcLogAppender: appendEntries Timeout, request=35b36fdc-90f8-4649-ab4a-4033b8c96817->b94e9841-c110-46af-9cbb-637204d6ae15#145-t2, previous=(t:2, i:20), leaderCommit=16, initializing? false, entries: <empty>
2019-09-11 21:56:51,605 [java.util.concurrent.ThreadPoolExecutor$Worker@73e5f658[State = -1, empty queue]] WARN  server.GrpcLogAppender (GrpcLogAppender.java:timeoutAppendRequest(200)) - c2a73e63-4533-4661-ae84-dd5a39362559@group-AC8E2A32E389->91f926b5-2cb1-4722-b947-953fef106990-GrpcLogAppender: appendEntries Timeout, request=c2a73e63-4533-4661-ae84-dd5a39362559->91f926b5-2cb1-4722-b947-953fef106990#145-t2, previous=(t:2, i:20), leaderCommit=16, initializing? false, entries: <empty>
2019-09-11 21:56:51,650 [grpc-default-executor-5] WARN  server.GrpcLogAppender (LogUtils.java:warn(134)) - c2a73e63-4533-4661-ae84-dd5a39362559@group-AC8E2A32E389->a5a7e056-72fb-437a-9ac2-af7573048f25-AppendLogResponseHandler: Failed appendEntries: org.apache.ratis.thirdparty.io.grpc.StatusRuntimeException: UNAVAILABLE: io exception
2019-09-11 21:56:51,651 [grpc-default-executor-5] INFO  impl.FollowerInfo (FollowerInfo.java:lambda$new$0(51)) - c2a73e63-4533-4661-ae84-dd5a39362559@group-AC8E2A32E389->a5a7e056-72fb-437a-9ac2-af7573048f25: nextIndex: updateUnconditionally 0 -> 0
2019-09-11 21:56:51,994 [java.util.concurrent.ThreadPoolExecutor$Worker@7be30595[State = -1, empty queue]] WARN  server.GrpcLogAppender (GrpcLogAppender.java:timeoutAppendRequest(200)) - b90393f0-91c9-4286-839e-32ae26f144bd@group-50C9D9F18802->a5cc9080-cfb9-4240-b5a2-6affb7ccbad1-GrpcLogAppender: appendEntries Timeout, request=b90393f0-91c9-4286-839e-32ae26f144bd->a5cc9080-cfb9-4240-b5a2-6affb7ccbad1#143-t2, previous=(t:2, i:18), leaderCommit=14, initializing? false, entries: <empty>
2019-09-11 21:56:51,994 [java.util.concurrent.ThreadPoolExecutor$Worker@10890743[State = -1, empty queue]] WARN  server.GrpcLogAppender (GrpcLogAppender.java:timeoutAppendRequest(200)) - b90393f0-91c9-4286-839e-32ae26f144bd@group-50C9D9F18802->b8cc5711-5e40-41ff-95d6-57cfdaa6737f-GrpcLogAppender: appendEntries Timeout, request=b90393f0-91c9-4286-839e-32ae26f144bd->b8cc5711-5e40-41ff-95d6-57cfdaa6737f#143-t2, previous=(t:2, i:18), leaderCommit=14, initializing? false, entries: <empty>
2019-09-11 21:56:52,092 [java.util.concurrent.ThreadPoolExecutor$Worker@4f353d25[State = -1, empty queue]] WARN  server.GrpcLogAppender (GrpcLogAppender.java:timeoutAppendRequest(200)) - 35b36fdc-90f8-4649-ab4a-4033b8c96817@group-9E5FA7894A87->cb19b877-b13a-4838-a0e1-b58882f3950d-GrpcLogAppender: appendEntries Timeout, request=35b36fdc-90f8-4649-ab4a-4033b8c96817->cb19b877-b13a-4838-a0e1-b58882f3950d#146-t2, previous=(t:2, i:20), leaderCommit=16, initializing? false, entries: <empty>
2019-09-11 21:56:52,092 [java.util.concurrent.ThreadPoolExecutor$Worker@6ae5f1f8[State = -1, empty queue]] WARN  server.GrpcLogAppender (GrpcLogAppender.java:timeoutAppendRequest(200)) - 35b36fdc-90f8-4649-ab4a-4033b8c96817@group-9E5FA7894A87->b94e9841-c110-46af-9cbb-637204d6ae15-GrpcLogAppender: appendEntries Timeout, request=35b36fdc-90f8-4649-ab4a-4033b8c96817->b94e9841-c110-46af-9cbb-637204d6ae15#146-t2, previous=(t:2, i:20), leaderCommit=16, initializing? false, entries: <empty>
2019-09-11 21:56:52,105 [java.util.concurrent.ThreadPoolExecutor$Worker@73e5f658[State = -1, empty queue]] WARN  server.GrpcLogAppender (GrpcLogAppender.java:timeoutAppendRequest(200)) - c2a73e63-4533-4661-ae84-dd5a39362559@group-AC8E2A32E389->91f926b5-2cb1-4722-b947-953fef106990-GrpcLogAppender: appendEntries Timeout, request=c2a73e63-4533-4661-ae84-dd5a39362559->91f926b5-2cb1-4722-b947-953fef106990#146-t2, previous=(t:2, i:20), leaderCommit=16, initializing? false, entries: <empty>
2019-09-11 21:56:52,156 [grpc-default-executor-11] WARN  server.GrpcLogAppender (LogUtils.java:warn(134)) - c2a73e63-4533-4661-ae84-dd5a39362559@group-AC8E2A32E389->a5a7e056-72fb-437a-9ac2-af7573048f25-AppendLogResponseHandler: Failed appendEntries: org.apache.ratis.thirdparty.io.grpc.StatusRuntimeException: UNAVAILABLE: io exception
2019-09-11 21:56:52,157 [grpc-default-executor-11] INFO  impl.FollowerInfo (FollowerInfo.java:lambda$new$0(51)) - c2a73e63-4533-4661-ae84-dd5a39362559@group-AC8E2A32E389->a5a7e056-72fb-437a-9ac2-af7573048f25: nextIndex: updateUnconditionally 0 -> 0
2019-09-11 21:56:52,494 [java.util.concurrent.ThreadPoolExecutor$Worker@7be30595[State = -1, empty queue]] WARN  server.GrpcLogAppender (GrpcLogAppender.java:timeoutAppendRequest(200)) - b90393f0-91c9-4286-839e-32ae26f144bd@group-50C9D9F18802->a5cc9080-cfb9-4240-b5a2-6affb7ccbad1-GrpcLogAppender: appendEntries Timeout, request=b90393f0-91c9-4286-839e-32ae26f144bd->a5cc9080-cfb9-4240-b5a2-6affb7ccbad1#144-t2, previous=(t:2, i:18), leaderCommit=14, initializing? false, entries: <empty>
2019-09-11 21:56:52,494 [java.util.concurrent.ThreadPoolExecutor$Worker@10890743[State = -1, empty queue]] WARN  server.GrpcLogAppender (GrpcLogAppender.java:timeoutAppendRequest(200)) - b90393f0-91c9-4286-839e-32ae26f144bd@group-50C9D9F18802->b8cc5711-5e40-41ff-95d6-57cfdaa6737f-GrpcLogAppender: appendEntries Timeout, request=b90393f0-91c9-4286-839e-32ae26f144bd->b8cc5711-5e40-41ff-95d6-57cfdaa6737f#144-t2, previous=(t:2, i:18), leaderCommit=14, initializing? false, entries: <empty>
2019-09-11 21:56:52,591 [java.util.concurrent.ThreadPoolExecutor$Worker@6ae5f1f8[State = -1, empty queue]] WARN  server.GrpcLogAppender (GrpcLogAppender.java:timeoutAppendRequest(200)) - 35b36fdc-90f8-4649-ab4a-4033b8c96817@group-9E5FA7894A87->b94e9841-c110-46af-9cbb-637204d6ae15-GrpcLogAppender: appendEntries Timeout, request=35b36fdc-90f8-4649-ab4a-4033b8c96817->b94e9841-c110-46af-9cbb-637204d6ae15#147-t2, previous=(t:2, i:20), leaderCommit=16, initializing? false, entries: <empty>
2019-09-11 21:56:52,591 [java.util.concurrent.ThreadPoolExecutor$Worker@4f353d25[State = -1, empty queue]] WARN  server.GrpcLogAppender (GrpcLogAppender.java:timeoutAppendRequest(200)) - 35b36fdc-90f8-4649-ab4a-4033b8c96817@group-9E5FA7894A87->cb19b877-b13a-4838-a0e1-b58882f3950d-GrpcLogAppender: appendEntries Timeout, request=35b36fdc-90f8-4649-ab4a-4033b8c96817->cb19b877-b13a-4838-a0e1-b58882f3950d#147-t2, previous=(t:2, i:20), leaderCommit=16, initializing? false, entries: <empty>
2019-09-11 21:56:52,606 [java.util.concurrent.ThreadPoolExecutor$Worker@73e5f658[State = -1, empty queue]] WARN  server.GrpcLogAppender (GrpcLogAppender.java:timeoutAppendRequest(200)) - c2a73e63-4533-4661-ae84-dd5a39362559@group-AC8E2A32E389->91f926b5-2cb1-4722-b947-953fef106990-GrpcLogAppender: appendEntries Timeout, request=c2a73e63-4533-4661-ae84-dd5a39362559->91f926b5-2cb1-4722-b947-953fef106990#147-t2, previous=(t:2, i:20), leaderCommit=16, initializing? false, entries: <empty>
2019-09-11 21:56:52,658 [grpc-default-executor-5] WARN  server.GrpcLogAppender (LogUtils.java:warn(134)) - c2a73e63-4533-4661-ae84-dd5a39362559@group-AC8E2A32E389->a5a7e056-72fb-437a-9ac2-af7573048f25-AppendLogResponseHandler: Failed appendEntries: org.apache.ratis.thirdparty.io.grpc.StatusRuntimeException: UNAVAILABLE: io exception
2019-09-11 21:56:52,658 [grpc-default-executor-5] INFO  impl.FollowerInfo (FollowerInfo.java:lambda$new$0(51)) - c2a73e63-4533-4661-ae84-dd5a39362559@group-AC8E2A32E389->a5a7e056-72fb-437a-9ac2-af7573048f25: nextIndex: updateUnconditionally 0 -> 0
2019-09-11 21:56:52,804 [ForkJoinPool.commonPool-worker-1] INFO  ozoneimpl.OzoneContainer (OzoneContainer.java:stop(231)) - Attempting to stop container services.
2019-09-11 21:56:52,804 [main] INFO  ozoneimpl.OzoneContainer (OzoneContainer.java:stop(231)) - Attempting to stop container services.
2019-09-11 21:56:52,805 [ForkJoinPool.commonPool-worker-1] INFO  impl.RaftServerProxy (RaftServerProxy.java:lambda$close$4(314)) - b8cc5711-5e40-41ff-95d6-57cfdaa6737f: close
2019-09-11 21:56:52,805 [main] INFO  impl.RaftServerProxy (RaftServerProxy.java:lambda$close$4(314)) - a5cc9080-cfb9-4240-b5a2-6affb7ccbad1: close
2019-09-11 21:56:52,806 [ForkJoinPool.commonPool-worker-1] INFO  impl.RaftServerImpl (RaftServerImpl.java:lambda$shutdown$3(251)) - b8cc5711-5e40-41ff-95d6-57cfdaa6737f@group-E4386BA39BCF: shutdown
2019-09-11 21:56:52,806 [main] INFO  impl.RaftServerImpl (RaftServerImpl.java:lambda$shutdown$3(251)) - a5cc9080-cfb9-4240-b5a2-6affb7ccbad1@group-1035D61380E6: shutdown
2019-09-11 21:56:52,806 [ForkJoinPool.commonPool-worker-1] INFO  util.JmxRegister (JmxRegister.java:unregister(73)) - Successfully un-registered JMX Bean with object name Ratis:service=RaftServer,group=group-E4386BA39BCF,id=b8cc5711-5e40-41ff-95d6-57cfdaa6737f
2019-09-11 21:56:52,806 [main] INFO  util.JmxRegister (JmxRegister.java:unregister(73)) - Successfully un-registered JMX Bean with object name Ratis:service=RaftServer,group=group-1035D61380E6,id=a5cc9080-cfb9-4240-b5a2-6affb7ccbad1
2019-09-11 21:56:52,807 [ForkJoinPool.commonPool-worker-1] INFO  impl.RoleInfo (RoleInfo.java:shutdownLeaderState(104)) - b8cc5711-5e40-41ff-95d6-57cfdaa6737f: shutdown LeaderState
2019-09-11 21:56:52,807 [main] INFO  impl.RoleInfo (RoleInfo.java:shutdownLeaderState(104)) - a5cc9080-cfb9-4240-b5a2-6affb7ccbad1: shutdown LeaderState
2019-09-11 21:56:52,807 [ForkJoinPool.commonPool-worker-1] INFO  impl.PendingRequests (PendingRequests.java:sendNotLeaderResponses(202)) - b8cc5711-5e40-41ff-95d6-57cfdaa6737f-PendingRequests: sendNotLeaderResponses
2019-09-11 21:56:52,811 [main] INFO  impl.PendingRequests (PendingRequests.java:sendNotLeaderResponses(202)) - a5cc9080-cfb9-4240-b5a2-6affb7ccbad1-PendingRequests: sendNotLeaderResponses
2019-09-11 21:56:52,812 [main] INFO  impl.StateMachineUpdater (StateMachineUpdater.java:stopAndJoin(125)) - a5cc9080-cfb9-4240-b5a2-6affb7ccbad1@group-1035D61380E6-StateMachineUpdater: set stopIndex = 0
2019-09-11 21:56:52,812 [ForkJoinPool.commonPool-worker-1] INFO  impl.StateMachineUpdater (StateMachineUpdater.java:stopAndJoin(125)) - b8cc5711-5e40-41ff-95d6-57cfdaa6737f@group-E4386BA39BCF-StateMachineUpdater: set stopIndex = 0
2019-09-11 21:56:52,812 [main] INFO  impl.RaftServerImpl (ServerState.java:close(385)) - a5cc9080-cfb9-4240-b5a2-6affb7ccbad1@group-1035D61380E6: closes. applyIndex: 0
2019-09-11 21:56:52,813 [ForkJoinPool.commonPool-worker-1] INFO  impl.RaftServerImpl (ServerState.java:close(385)) - b8cc5711-5e40-41ff-95d6-57cfdaa6737f@group-E4386BA39BCF: closes. applyIndex: 0
2019-09-11 21:56:52,813 [a5cc9080-cfb9-4240-b5a2-6affb7ccbad1@group-1035D61380E6-SegmentedRaftLogWorker] INFO  segmented.SegmentedRaftLogWorker (SegmentedRaftLogWorker.java:run(313)) - a5cc9080-cfb9-4240-b5a2-6affb7ccbad1@group-1035D61380E6-SegmentedRaftLogWorker was interrupted, exiting. There are 0 tasks remaining in the queue.
2019-09-11 21:56:52,814 [b8cc5711-5e40-41ff-95d6-57cfdaa6737f@group-E4386BA39BCF-SegmentedRaftLogWorker] INFO  segmented.SegmentedRaftLogWorker (SegmentedRaftLogWorker.java:run(313)) - b8cc5711-5e40-41ff-95d6-57cfdaa6737f@group-E4386BA39BCF-SegmentedRaftLogWorker was interrupted, exiting. There are 0 tasks remaining in the queue.
2019-09-11 21:56:52,816 [main] INFO  segmented.SegmentedRaftLogWorker (SegmentedRaftLogWorker.java:close(228)) - a5cc9080-cfb9-4240-b5a2-6affb7ccbad1@group-1035D61380E6-SegmentedRaftLogWorker close()
2019-09-11 21:56:52,819 [ForkJoinPool.commonPool-worker-1] INFO  segmented.SegmentedRaftLogWorker (SegmentedRaftLogWorker.java:close(228)) - b8cc5711-5e40-41ff-95d6-57cfdaa6737f@group-E4386BA39BCF-SegmentedRaftLogWorker close()
2019-09-11 21:56:52,824 [main] INFO  impl.RaftServerImpl (RaftServerImpl.java:lambda$shutdown$3(251)) - a5cc9080-cfb9-4240-b5a2-6affb7ccbad1@group-50C9D9F18802: shutdown
2019-09-11 21:56:52,829 [ForkJoinPool.commonPool-worker-1] INFO  impl.RaftServerImpl (RaftServerImpl.java:lambda$shutdown$3(251)) - b8cc5711-5e40-41ff-95d6-57cfdaa6737f@group-50C9D9F18802: shutdown
2019-09-11 21:56:52,830 [main] INFO  util.JmxRegister (JmxRegister.java:unregister(73)) - Successfully un-registered JMX Bean with object name Ratis:service=RaftServer,group=group-50C9D9F18802,id=a5cc9080-cfb9-4240-b5a2-6affb7ccbad1
2019-09-11 21:56:52,830 [ForkJoinPool.commonPool-worker-1] INFO  util.JmxRegister (JmxRegister.java:unregister(73)) - Successfully un-registered JMX Bean with object name Ratis:service=RaftServer,group=group-50C9D9F18802,id=b8cc5711-5e40-41ff-95d6-57cfdaa6737f
2019-09-11 21:56:52,830 [main] INFO  impl.RoleInfo (RoleInfo.java:shutdownFollowerState(121)) - a5cc9080-cfb9-4240-b5a2-6affb7ccbad1: shutdown FollowerState
2019-09-11 21:56:52,830 [ForkJoinPool.commonPool-worker-1] INFO  impl.RoleInfo (RoleInfo.java:shutdownFollowerState(121)) - b8cc5711-5e40-41ff-95d6-57cfdaa6737f: shutdown FollowerState
2019-09-11 21:56:52,831 [a5cc9080-cfb9-4240-b5a2-6affb7ccbad1@group-50C9D9F18802-StateMachineUpdater] INFO  ratis.ContainerStateMachine (ContainerStateMachine.java:takeSnapshot(289)) - group-50C9D9F18802: Taking a snapshot at:(t:2, i:12) file /workdir/hadoop-ozone/integration-test/target/test-dir/MiniOzoneClusterImpl-5ea26da2-f48a-485b-abc0-853cbfba6fbc/datanode-6/data/ratis/dd1a52e5-bfba-4b30-811b-50c9d9f18802/sm/snapshot.2_12
2019-09-11 21:56:52,831 [Thread-416] INFO  impl.FollowerState (FollowerState.java:run(115)) - a5cc9080-cfb9-4240-b5a2-6affb7ccbad1: FollowerState was interrupted: java.lang.InterruptedException: sleep interrupted
2019-09-11 21:56:52,831 [main] INFO  impl.StateMachineUpdater (StateMachineUpdater.java:stopAndJoin(125)) - a5cc9080-cfb9-4240-b5a2-6affb7ccbad1@group-50C9D9F18802-StateMachineUpdater: set stopIndex = 14
2019-09-11 21:56:52,831 [Thread-421] INFO  impl.FollowerState (FollowerState.java:run(115)) - b8cc5711-5e40-41ff-95d6-57cfdaa6737f: FollowerState was interrupted: java.lang.InterruptedException: sleep interrupted
2019-09-11 21:56:52,831 [b8cc5711-5e40-41ff-95d6-57cfdaa6737f@group-50C9D9F18802-StateMachineUpdater] INFO  ratis.ContainerStateMachine (ContainerStateMachine.java:takeSnapshot(289)) - group-50C9D9F18802: Taking a snapshot at:(t:2, i:12) file /workdir/hadoop-ozone/integration-test/target/test-dir/MiniOzoneClusterImpl-5ea26da2-f48a-485b-abc0-853cbfba6fbc/datanode-2/data/ratis/dd1a52e5-bfba-4b30-811b-50c9d9f18802/sm/snapshot.2_12
2019-09-11 21:56:52,831 [ForkJoinPool.commonPool-worker-1] INFO  impl.StateMachineUpdater (StateMachineUpdater.java:stopAndJoin(125)) - b8cc5711-5e40-41ff-95d6-57cfdaa6737f@group-50C9D9F18802-StateMachineUpdater: set stopIndex = 14
2019-09-11 21:56:52,861 [b8cc5711-5e40-41ff-95d6-57cfdaa6737f@group-50C9D9F18802-StateMachineUpdater] INFO  ratis.ContainerStateMachine (ContainerStateMachine.java:takeSnapshot(300)) - group-50C9D9F18802: Finished taking a snapshot at:(t:2, i:12) file:/workdir/hadoop-ozone/integration-test/target/test-dir/MiniOzoneClusterImpl-5ea26da2-f48a-485b-abc0-853cbfba6fbc/datanode-2/data/ratis/dd1a52e5-bfba-4b30-811b-50c9d9f18802/sm/snapshot.2_12 time:30
2019-09-11 21:56:52,861 [a5cc9080-cfb9-4240-b5a2-6affb7ccbad1@group-50C9D9F18802-StateMachineUpdater] INFO  ratis.ContainerStateMachine (ContainerStateMachine.java:takeSnapshot(300)) - group-50C9D9F18802: Finished taking a snapshot at:(t:2, i:12) file:/workdir/hadoop-ozone/integration-test/target/test-dir/MiniOzoneClusterImpl-5ea26da2-f48a-485b-abc0-853cbfba6fbc/datanode-6/data/ratis/dd1a52e5-bfba-4b30-811b-50c9d9f18802/sm/snapshot.2_12 time:31
2019-09-11 21:56:52,861 [b8cc5711-5e40-41ff-95d6-57cfdaa6737f@group-50C9D9F18802-StateMachineUpdater] INFO  impl.StateMachineUpdater (StateMachineUpdater.java:takeSnapshot(258)) - b8cc5711-5e40-41ff-95d6-57cfdaa6737f@group-50C9D9F18802-StateMachineUpdater: Took a snapshot at index 12
2019-09-11 21:56:52,862 [a5cc9080-cfb9-4240-b5a2-6affb7ccbad1@group-50C9D9F18802-StateMachineUpdater] INFO  impl.StateMachineUpdater (StateMachineUpdater.java:takeSnapshot(258)) - a5cc9080-cfb9-4240-b5a2-6affb7ccbad1@group-50C9D9F18802-StateMachineUpdater: Took a snapshot at index 12
2019-09-11 21:56:52,862 [b8cc5711-5e40-41ff-95d6-57cfdaa6737f@group-50C9D9F18802-StateMachineUpdater] INFO  impl.StateMachineUpdater (StateMachineUpdater.java:lambda$new$0(83)) - b8cc5711-5e40-41ff-95d6-57cfdaa6737f@group-50C9D9F18802-StateMachineUpdater: snapshotIndex: updateIncreasingly -1 -> 12
2019-09-11 21:56:52,862 [a5cc9080-cfb9-4240-b5a2-6affb7ccbad1@group-50C9D9F18802-StateMachineUpdater] INFO  impl.StateMachineUpdater (StateMachineUpdater.java:lambda$new$0(83)) - a5cc9080-cfb9-4240-b5a2-6affb7ccbad1@group-50C9D9F18802-StateMachineUpdater: snapshotIndex: updateIncreasingly -1 -> 12
2019-09-11 21:56:52,862 [a5cc9080-cfb9-4240-b5a2-6affb7ccbad1@group-50C9D9F18802-StateMachineUpdater] INFO  ratis.ContainerStateMachine (ContainerStateMachine.java:takeSnapshot(289)) - group-50C9D9F18802: Taking a snapshot at:(t:2, i:12) file /workdir/hadoop-ozone/integration-test/target/test-dir/MiniOzoneClusterImpl-5ea26da2-f48a-485b-abc0-853cbfba6fbc/datanode-6/data/ratis/dd1a52e5-bfba-4b30-811b-50c9d9f18802/sm/snapshot.2_12
2019-09-11 21:56:52,862 [b8cc5711-5e40-41ff-95d6-57cfdaa6737f@group-50C9D9F18802-StateMachineUpdater] INFO  ratis.ContainerStateMachine (ContainerStateMachine.java:takeSnapshot(289)) - group-50C9D9F18802: Taking a snapshot at:(t:2, i:12) file /workdir/hadoop-ozone/integration-test/target/test-dir/MiniOzoneClusterImpl-5ea26da2-f48a-485b-abc0-853cbfba6fbc/datanode-2/data/ratis/dd1a52e5-bfba-4b30-811b-50c9d9f18802/sm/snapshot.2_12
2019-09-11 21:56:52,887 [a5cc9080-cfb9-4240-b5a2-6affb7ccbad1@group-50C9D9F18802-StateMachineUpdater] INFO  ratis.ContainerStateMachine (ContainerStateMachine.java:takeSnapshot(300)) - group-50C9D9F18802: Finished taking a snapshot at:(t:2, i:12) file:/workdir/hadoop-ozone/integration-test/target/test-dir/MiniOzoneClusterImpl-5ea26da2-f48a-485b-abc0-853cbfba6fbc/datanode-6/data/ratis/dd1a52e5-bfba-4b30-811b-50c9d9f18802/sm/snapshot.2_12 time:24
2019-09-11 21:56:52,887 [b8cc5711-5e40-41ff-95d6-57cfdaa6737f@group-50C9D9F18802-StateMachineUpdater] INFO  ratis.ContainerStateMachine (ContainerStateMachine.java:takeSnapshot(300)) - group-50C9D9F18802: Finished taking a snapshot at:(t:2, i:12) file:/workdir/hadoop-ozone/integration-test/target/test-dir/MiniOzoneClusterImpl-5ea26da2-f48a-485b-abc0-853cbfba6fbc/datanode-2/data/ratis/dd1a52e5-bfba-4b30-811b-50c9d9f18802/sm/snapshot.2_12 time:24
2019-09-11 21:56:52,887 [a5cc9080-cfb9-4240-b5a2-6affb7ccbad1@group-50C9D9F18802-StateMachineUpdater] INFO  impl.StateMachineUpdater (StateMachineUpdater.java:takeSnapshot(258)) - a5cc9080-cfb9-4240-b5a2-6affb7ccbad1@group-50C9D9F18802-StateMachineUpdater: Took a snapshot at index 12
2019-09-11 21:56:52,887 [b8cc5711-5e40-41ff-95d6-57cfdaa6737f@group-50C9D9F18802-StateMachineUpdater] INFO  impl.StateMachineUpdater (StateMachineUpdater.java:takeSnapshot(258)) - b8cc5711-5e40-41ff-95d6-57cfdaa6737f@group-50C9D9F18802-StateMachineUpdater: Took a snapshot at index 12
2019-09-11 21:56:52,887 [a5cc9080-cfb9-4240-b5a2-6affb7ccbad1@group-50C9D9F18802-StateMachineUpdater] INFO  impl.StateMachineUpdater (StateMachineUpdater.java:lambda$new$0(83)) - a5cc9080-cfb9-4240-b5a2-6affb7ccbad1@group-50C9D9F18802-StateMachineUpdater: snapshotIndex: updateIncreasingly 12 -> 12
2019-09-11 21:56:52,888 [b8cc5711-5e40-41ff-95d6-57cfdaa6737f@group-50C9D9F18802-StateMachineUpdater] INFO  impl.StateMachineUpdater (StateMachineUpdater.java:lambda$new$0(83)) - b8cc5711-5e40-41ff-95d6-57cfdaa6737f@group-50C9D9F18802-StateMachineUpdater: snapshotIndex: updateIncreasingly 12 -> 12
2019-09-11 21:56:52,888 [main] INFO  impl.RaftServerImpl (ServerState.java:close(385)) - a5cc9080-cfb9-4240-b5a2-6affb7ccbad1@group-50C9D9F18802: closes. applyIndex: 14
2019-09-11 21:56:52,888 [ForkJoinPool.commonPool-worker-1] INFO  impl.RaftServerImpl (ServerState.java:close(385)) - b8cc5711-5e40-41ff-95d6-57cfdaa6737f@group-50C9D9F18802: closes. applyIndex: 14
2019-09-11 21:56:52,891 [a5cc9080-cfb9-4240-b5a2-6affb7ccbad1@group-50C9D9F18802-SegmentedRaftLogWorker] ERROR ratis.XceiverServerRatis (XceiverServerRatis.java:triggerPipelineClose(568)) - pipeline Action CLOSE  on pipeline PipelineID=dd1a52e5-bfba-4b30-811b-50c9d9f18802.Reason : WriteLog:17: (t:2, i:17), STATEMACHINELOGENTRY, client-44ED07ED1DE3, cid=58-writeStateMachineData interrupted.
2019-09-11 21:56:52,892 [b8cc5711-5e40-41ff-95d6-57cfdaa6737f@group-50C9D9F18802-SegmentedRaftLogWorker] ERROR ratis.XceiverServerRatis (XceiverServerRatis.java:triggerPipelineClose(568)) - pipeline Action CLOSE  on pipeline PipelineID=dd1a52e5-bfba-4b30-811b-50c9d9f18802.Reason : WriteLog:15: (t:2, i:15), STATEMACHINELOGENTRY, client-44ED07ED1DE3, cid=56-writeStateMachineData interrupted.
2019-09-11 21:56:52,898 [ForkJoinPool.commonPool-worker-1] INFO  segmented.SegmentedRaftLogWorker (SegmentedRaftLogWorker.java:close(228)) - b8cc5711-5e40-41ff-95d6-57cfdaa6737f@group-50C9D9F18802-SegmentedRaftLogWorker close()
2019-09-11 21:56:52,903 [ForkJoinPool.commonPool-worker-1] INFO  server.GrpcService (GrpcService.java:closeImpl(164)) - b8cc5711-5e40-41ff-95d6-57cfdaa6737f: shutdown server with port 35460 now
2019-09-11 21:56:52,904 [grpc-default-executor-11] WARN  server.GrpcServerProtocolService (LogUtils.java:warn(134)) - b8cc5711-5e40-41ff-95d6-57cfdaa6737f: installSnapshot onError, lastRequest: b90393f0-91c9-4286-839e-32ae26f144bd->b8cc5711-5e40-41ff-95d6-57cfdaa6737f#150-t2, previous=(t:2, i:18), leaderCommit=14, initializing? false, entries: <empty>: org.apache.ratis.thirdparty.io.grpc.StatusRuntimeException: CANCELLED: cancelled before receiving half close
2019-09-11 21:56:52,904 [grpc-default-executor-5] WARN  server.GrpcLogAppender (LogUtils.java:warn(134)) - b90393f0-91c9-4286-839e-32ae26f144bd@group-50C9D9F18802->b8cc5711-5e40-41ff-95d6-57cfdaa6737f-AppendLogResponseHandler: Failed appendEntries: org.apache.ratis.thirdparty.io.grpc.StatusRuntimeException: CANCELLED: HTTP/2 error code: CANCEL
Received Rst Stream
2019-09-11 21:56:52,904 [ForkJoinPool.commonPool-worker-1] INFO  server.GrpcService (GrpcService.java:closeImpl(172)) - b8cc5711-5e40-41ff-95d6-57cfdaa6737f: shutdown server with port 35460 successfully
2019-09-11 21:56:52,905 [grpc-default-executor-5] INFO  impl.FollowerInfo (FollowerInfo.java:lambda$new$0(51)) - b90393f0-91c9-4286-839e-32ae26f144bd@group-50C9D9F18802->b8cc5711-5e40-41ff-95d6-57cfdaa6737f: nextIndex: updateUnconditionally 19 -> 15
2019-09-11 21:56:52,906 [main] INFO  segmented.SegmentedRaftLogWorker (SegmentedRaftLogWorker.java:close(228)) - a5cc9080-cfb9-4240-b5a2-6affb7ccbad1@group-50C9D9F18802-SegmentedRaftLogWorker close()
2019-09-11 21:56:52,906 [refreshUsed-/workdir/hadoop-ozone/integration-test/target/test-dir/MiniOzoneClusterImpl-5ea26da2-f48a-485b-abc0-853cbfba6fbc/datanode-2/data/containers] WARN  fs.CachingGetSpaceUsed (CachingGetSpaceUsed.java:run(183)) - Thread Interrupted waiting to refresh disk information: sleep interrupted
2019-09-11 21:56:52,912 [main] INFO  server.GrpcService (GrpcService.java:closeImpl(164)) - a5cc9080-cfb9-4240-b5a2-6affb7ccbad1: shutdown server with port 33471 now
2019-09-11 21:56:52,913 [grpc-default-executor-5] WARN  server.GrpcServerProtocolService (LogUtils.java:warn(134)) - a5cc9080-cfb9-4240-b5a2-6affb7ccbad1: installSnapshot onError, lastRequest: b90393f0-91c9-4286-839e-32ae26f144bd->a5cc9080-cfb9-4240-b5a2-6affb7ccbad1#150-t2, previous=(t:2, i:18), leaderCommit=14, initializing? false, entries: <empty>: org.apache.ratis.thirdparty.io.grpc.StatusRuntimeException: CANCELLED: cancelled before receiving half close
2019-09-11 21:56:52,921 [main] INFO  server.GrpcService (GrpcService.java:closeImpl(172)) - a5cc9080-cfb9-4240-b5a2-6affb7ccbad1: shutdown server with port 33471 successfully
2019-09-11 21:56:52,922 [grpc-default-executor-11] WARN  server.GrpcLogAppender (LogUtils.java:warn(134)) - b90393f0-91c9-4286-839e-32ae26f144bd@group-50C9D9F18802->a5cc9080-cfb9-4240-b5a2-6affb7ccbad1-AppendLogResponseHandler: Failed appendEntries: org.apache.ratis.thirdparty.io.grpc.StatusRuntimeException: CANCELLED: HTTP/2 error code: CANCEL
Received Rst Stream
2019-09-11 21:56:52,925 [grpc-default-executor-11] INFO  impl.FollowerInfo (FollowerInfo.java:lambda$new$0(51)) - b90393f0-91c9-4286-839e-32ae26f144bd@group-50C9D9F18802->a5cc9080-cfb9-4240-b5a2-6affb7ccbad1: nextIndex: updateUnconditionally 19 -> 15
2019-09-11 21:56:52,936 [refreshUsed-/workdir/hadoop-ozone/integration-test/target/test-dir/MiniOzoneClusterImpl-5ea26da2-f48a-485b-abc0-853cbfba6fbc/datanode-6/data/containers] WARN  fs.CachingGetSpaceUsed (CachingGetSpaceUsed.java:run(183)) - Thread Interrupted waiting to refresh disk information: sleep interrupted
2019-09-11 21:56:52,952 [ForkJoinPool.commonPool-worker-1] INFO  utils.BackgroundService (BackgroundService.java:shutdown(148)) - Shutting down service BlockDeletingService
2019-09-11 21:56:52,959 [ForkJoinPool.commonPool-worker-1] INFO  statemachine.DatanodeStateMachine (DatanodeStateMachine.java:stopDaemon(395)) - Ozone container server stopped.
2019-09-11 21:56:52,965 [ForkJoinPool.commonPool-worker-1] INFO  handler.ContextHandler (ContextHandler.java:doStop(910)) - Stopped o.e.j.w.WebAppContext@4745e9c{/,null,UNAVAILABLE}{/hddsDatanode}
2019-09-11 21:56:52,966 [ForkJoinPool.commonPool-worker-1] INFO  server.AbstractConnector (AbstractConnector.java:doStop(318)) - Stopped ServerConnector@2f2bff16{HTTP/1.1,[http/1.1]}{0.0.0.0:0}
2019-09-11 21:56:52,968 [ForkJoinPool.commonPool-worker-1] INFO  handler.ContextHandler (ContextHandler.java:doStop(910)) - Stopped o.e.j.s.ServletContextHandler@4b65d9f4{/static,jar:file:/home/user/.m2/repository/org/apache/hadoop/hadoop-hdds-container-service/0.5.0-SNAPSHOT/hadoop-hdds-container-service-0.5.0-SNAPSHOT.jar!/webapps/static,UNAVAILABLE}
2019-09-11 21:56:52,970 [ForkJoinPool.commonPool-worker-1] INFO  handler.ContextHandler (ContextHandler.java:doStop(910)) - Stopped o.e.j.s.ServletContextHandler@2e66bc32{/logs,file:///workdir/hadoop-ozone/integration-test/target/log,UNAVAILABLE}
2019-09-11 21:56:52,975 [main] INFO  utils.BackgroundService (BackgroundService.java:shutdown(148)) - Shutting down service BlockDeletingService
2019-09-11 21:56:52,980 [main] INFO  statemachine.DatanodeStateMachine (DatanodeStateMachine.java:stopDaemon(395)) - Ozone container server stopped.
2019-09-11 21:56:52,981 [main] INFO  handler.ContextHandler (ContextHandler.java:doStop(910)) - Stopped o.e.j.w.WebAppContext@3e3315d9{/,null,UNAVAILABLE}{/hddsDatanode}
2019-09-11 21:56:52,982 [main] INFO  server.AbstractConnector (AbstractConnector.java:doStop(318)) - Stopped ServerConnector@64db4967{HTTP/1.1,[http/1.1]}{0.0.0.0:0}
2019-09-11 21:56:52,982 [main] INFO  handler.ContextHandler (ContextHandler.java:doStop(910)) - Stopped o.e.j.s.ServletContextHandler@7f5538a1{/static,jar:file:/home/user/.m2/repository/org/apache/hadoop/hadoop-hdds-container-service/0.5.0-SNAPSHOT/hadoop-hdds-container-service-0.5.0-SNAPSHOT.jar!/webapps/static,UNAVAILABLE}
2019-09-11 21:56:52,983 [main] INFO  handler.ContextHandler (ContextHandler.java:doStop(910)) - Stopped o.e.j.s.ServletContextHandler@67514bdd{/logs,file:///workdir/hadoop-ozone/integration-test/target/log,UNAVAILABLE}
2019-09-11 21:56:53,000 [grpc-default-executor-9] WARN  server.GrpcLogAppender (LogUtils.java:warn(134)) - b90393f0-91c9-4286-839e-32ae26f144bd@group-50C9D9F18802->b8cc5711-5e40-41ff-95d6-57cfdaa6737f-AppendLogResponseHandler: Failed appendEntries: org.apache.ratis.thirdparty.io.grpc.StatusRuntimeException: UNAVAILABLE: io exception
2019-09-11 21:56:53,000 [grpc-default-executor-5] WARN  server.GrpcLogAppender (LogUtils.java:warn(134)) - b90393f0-91c9-4286-839e-32ae26f144bd@group-50C9D9F18802->a5cc9080-cfb9-4240-b5a2-6affb7ccbad1-AppendLogResponseHandler: Failed appendEntries: org.apache.ratis.thirdparty.io.grpc.StatusRuntimeException: UNAVAILABLE: io exception
2019-09-11 21:56:53,001 [grpc-default-executor-9] INFO  impl.FollowerInfo (FollowerInfo.java:lambda$new$0(51)) - b90393f0-91c9-4286-839e-32ae26f144bd@group-50C9D9F18802->b8cc5711-5e40-41ff-95d6-57cfdaa6737f: nextIndex: updateUnconditionally 15 -> 14
2019-09-11 21:56:53,001 [grpc-default-executor-5] INFO  impl.FollowerInfo (FollowerInfo.java:lambda$new$0(51)) - b90393f0-91c9-4286-839e-32ae26f144bd@group-50C9D9F18802->a5cc9080-cfb9-4240-b5a2-6affb7ccbad1: nextIndex: updateUnconditionally 15 -> 14
2019-09-11 21:56:53,091 [java.util.concurrent.ThreadPoolExecutor$Worker@4f353d25[State = -1, empty queue]] WARN  server.GrpcLogAppender (GrpcLogAppender.java:timeoutAppendRequest(200)) - 35b36fdc-90f8-4649-ab4a-4033b8c96817@group-9E5FA7894A87->cb19b877-b13a-4838-a0e1-b58882f3950d-GrpcLogAppender: appendEntries Timeout, request=35b36fdc-90f8-4649-ab4a-4033b8c96817->cb19b877-b13a-4838-a0e1-b58882f3950d#148-t2, previous=(t:2, i:20), leaderCommit=16, initializing? false, entries: <empty>
2019-09-11 21:56:53,091 [java.util.concurrent.ThreadPoolExecutor$Worker@6ae5f1f8[State = -1, empty queue]] WARN  server.GrpcLogAppender (GrpcLogAppender.java:timeoutAppendRequest(200)) - 35b36fdc-90f8-4649-ab4a-4033b8c96817@group-9E5FA7894A87->b94e9841-c110-46af-9cbb-637204d6ae15-GrpcLogAppender: appendEntries Timeout, request=35b36fdc-90f8-4649-ab4a-4033b8c96817->b94e9841-c110-46af-9cbb-637204d6ae15#148-t2, previous=(t:2, i:20), leaderCommit=16, initializing? false, entries: <empty>
2019-09-11 21:56:53,106 [java.util.concurrent.ThreadPoolExecutor$Worker@73e5f658[State = -1, empty queue]] WARN  server.GrpcLogAppender (GrpcLogAppender.java:timeoutAppendRequest(200)) - c2a73e63-4533-4661-ae84-dd5a39362559@group-AC8E2A32E389->91f926b5-2cb1-4722-b947-953fef106990-GrpcLogAppender: appendEntries Timeout, request=c2a73e63-4533-4661-ae84-dd5a39362559->91f926b5-2cb1-4722-b947-953fef106990#148-t2, previous=(t:2, i:20), leaderCommit=16, initializing? false, entries: <empty>
2019-09-11 21:56:53,159 [grpc-default-executor-5] WARN  server.GrpcLogAppender (LogUtils.java:warn(134)) - c2a73e63-4533-4661-ae84-dd5a39362559@group-AC8E2A32E389->a5a7e056-72fb-437a-9ac2-af7573048f25-AppendLogResponseHandler: Failed appendEntries: org.apache.ratis.thirdparty.io.grpc.StatusRuntimeException: UNAVAILABLE: io exception
2019-09-11 21:56:53,159 [grpc-default-executor-5] INFO  impl.FollowerInfo (FollowerInfo.java:lambda$new$0(51)) - c2a73e63-4533-4661-ae84-dd5a39362559@group-AC8E2A32E389->a5a7e056-72fb-437a-9ac2-af7573048f25: nextIndex: updateUnconditionally 0 -> 0
2019-09-11 21:56:53,501 [grpc-default-executor-5] WARN  server.GrpcLogAppender (LogUtils.java:warn(134)) - b90393f0-91c9-4286-839e-32ae26f144bd@group-50C9D9F18802->b8cc5711-5e40-41ff-95d6-57cfdaa6737f-AppendLogResponseHandler: Failed appendEntries: org.apache.ratis.thirdparty.io.grpc.StatusRuntimeException: UNAVAILABLE: io exception
2019-09-11 21:56:53,501 [grpc-default-executor-7] WARN  server.GrpcLogAppender (LogUtils.java:warn(134)) - b90393f0-91c9-4286-839e-32ae26f144bd@group-50C9D9F18802->a5cc9080-cfb9-4240-b5a2-6affb7ccbad1-AppendLogResponseHandler: Failed appendEntries: org.apache.ratis.thirdparty.io.grpc.StatusRuntimeException: UNAVAILABLE: io exception
2019-09-11 21:56:53,501 [grpc-default-executor-5] INFO  impl.FollowerInfo (FollowerInfo.java:lambda$new$0(51)) - b90393f0-91c9-4286-839e-32ae26f144bd@group-50C9D9F18802->b8cc5711-5e40-41ff-95d6-57cfdaa6737f: nextIndex: updateUnconditionally 14 -> 13
2019-09-11 21:56:53,502 [grpc-default-executor-7] INFO  impl.FollowerInfo (FollowerInfo.java:lambda$new$0(51)) - b90393f0-91c9-4286-839e-32ae26f144bd@group-50C9D9F18802->a5cc9080-cfb9-4240-b5a2-6affb7ccbad1: nextIndex: updateUnconditionally 14 -> 13
2019-09-11 21:56:53,508 [Datanode State Machine Thread - 0] INFO  statemachine.DatanodeStateMachine (DatanodeStateMachine.java:lambda$startDaemon$0(350)) - Ozone container server started.
2019-09-11 21:56:53,592 [java.util.concurrent.ThreadPoolExecutor$Worker@6ae5f1f8[State = -1, empty queue]] WARN  server.GrpcLogAppender (GrpcLogAppender.java:timeoutAppendRequest(200)) - 35b36fdc-90f8-4649-ab4a-4033b8c96817@group-9E5FA7894A87->b94e9841-c110-46af-9cbb-637204d6ae15-GrpcLogAppender: appendEntries Timeout, request=35b36fdc-90f8-4649-ab4a-4033b8c96817->b94e9841-c110-46af-9cbb-637204d6ae15#149-t2, previous=(t:2, i:20), leaderCommit=16, initializing? false, entries: <empty>
2019-09-11 21:56:53,592 [java.util.concurrent.ThreadPoolExecutor$Worker@4f353d25[State = -1, empty queue]] WARN  server.GrpcLogAppender (GrpcLogAppender.java:timeoutAppendRequest(200)) - 35b36fdc-90f8-4649-ab4a-4033b8c96817@group-9E5FA7894A87->cb19b877-b13a-4838-a0e1-b58882f3950d-GrpcLogAppender: appendEntries Timeout, request=35b36fdc-90f8-4649-ab4a-4033b8c96817->cb19b877-b13a-4838-a0e1-b58882f3950d#149-t2, previous=(t:2, i:20), leaderCommit=16, initializing? false, entries: <empty>
2019-09-11 21:56:53,606 [java.util.concurrent.ThreadPoolExecutor$Worker@73e5f658[State = -1, empty queue]] WARN  server.GrpcLogAppender (GrpcLogAppender.java:timeoutAppendRequest(200)) - c2a73e63-4533-4661-ae84-dd5a39362559@group-AC8E2A32E389->91f926b5-2cb1-4722-b947-953fef106990-GrpcLogAppender: appendEntries Timeout, request=c2a73e63-4533-4661-ae84-dd5a39362559->91f926b5-2cb1-4722-b947-953fef106990#149-t2, previous=(t:2, i:20), leaderCommit=16, initializing? false, entries: <empty>
2019-09-11 21:56:53,654 [Datanode State Machine Thread - 0] INFO  statemachine.DatanodeStateMachine (DatanodeStateMachine.java:lambda$startDaemon$0(350)) - Ozone container server started.
2019-09-11 21:56:53,659 [grpc-default-executor-4] WARN  server.GrpcLogAppender (LogUtils.java:warn(134)) - c2a73e63-4533-4661-ae84-dd5a39362559@group-AC8E2A32E389->a5a7e056-72fb-437a-9ac2-af7573048f25-AppendLogResponseHandler: Failed appendEntries: org.apache.ratis.thirdparty.io.grpc.StatusRuntimeException: UNAVAILABLE: io exception
2019-09-11 21:56:53,660 [grpc-default-executor-4] INFO  impl.FollowerInfo (FollowerInfo.java:lambda$new$0(51)) - c2a73e63-4533-4661-ae84-dd5a39362559@group-AC8E2A32E389->a5a7e056-72fb-437a-9ac2-af7573048f25: nextIndex: updateUnconditionally 0 -> 0
2019-09-11 21:56:54,002 [grpc-default-executor-5] WARN  server.GrpcLogAppender (LogUtils.java:warn(134)) - b90393f0-91c9-4286-839e-32ae26f144bd@group-50C9D9F18802->a5cc9080-cfb9-4240-b5a2-6affb7ccbad1-AppendLogResponseHandler: Failed appendEntries: org.apache.ratis.thirdparty.io.grpc.StatusRuntimeException: UNAVAILABLE: io exception
2019-09-11 21:56:54,002 [grpc-default-executor-9] WARN  server.GrpcLogAppender (LogUtils.java:warn(134)) - b90393f0-91c9-4286-839e-32ae26f144bd@group-50C9D9F18802->b8cc5711-5e40-41ff-95d6-57cfdaa6737f-AppendLogResponseHandler: Failed appendEntries: org.apache.ratis.thirdparty.io.grpc.StatusRuntimeException: UNAVAILABLE: io exception
2019-09-11 21:56:54,002 [grpc-default-executor-5] INFO  impl.FollowerInfo (FollowerInfo.java:lambda$new$0(51)) - b90393f0-91c9-4286-839e-32ae26f144bd@group-50C9D9F18802->a5cc9080-cfb9-4240-b5a2-6affb7ccbad1: nextIndex: updateUnconditionally 13 -> 12
2019-09-11 21:56:54,002 [grpc-default-executor-9] INFO  impl.FollowerInfo (FollowerInfo.java:lambda$new$0(51)) - b90393f0-91c9-4286-839e-32ae26f144bd@group-50C9D9F18802->b8cc5711-5e40-41ff-95d6-57cfdaa6737f: nextIndex: updateUnconditionally 13 -> 12
2019-09-11 21:56:54,092 [java.util.concurrent.ThreadPoolExecutor$Worker@4f353d25[State = -1, empty queue]] WARN  server.GrpcLogAppender (GrpcLogAppender.java:timeoutAppendRequest(200)) - 35b36fdc-90f8-4649-ab4a-4033b8c96817@group-9E5FA7894A87->cb19b877-b13a-4838-a0e1-b58882f3950d-GrpcLogAppender: appendEntries Timeout, request=35b36fdc-90f8-4649-ab4a-4033b8c96817->cb19b877-b13a-4838-a0e1-b58882f3950d#150-t2, previous=(t:2, i:20), leaderCommit=16, initializing? false, entries: <empty>
2019-09-11 21:56:54,092 [java.util.concurrent.ThreadPoolExecutor$Worker@6ae5f1f8[State = -1, empty queue]] WARN  server.GrpcLogAppender (GrpcLogAppender.java:timeoutAppendRequest(200)) - 35b36fdc-90f8-4649-ab4a-4033b8c96817@group-9E5FA7894A87->b94e9841-c110-46af-9cbb-637204d6ae15-GrpcLogAppender: appendEntries Timeout, request=35b36fdc-90f8-4649-ab4a-4033b8c96817->b94e9841-c110-46af-9cbb-637204d6ae15#150-t2, previous=(t:2, i:20), leaderCommit=16, initializing? false, entries: <empty>
2019-09-11 21:56:54,106 [java.util.concurrent.ThreadPoolExecutor$Worker@73e5f658[State = -1, empty queue]] WARN  server.GrpcLogAppender (GrpcLogAppender.java:timeoutAppendRequest(200)) - c2a73e63-4533-4661-ae84-dd5a39362559@group-AC8E2A32E389->91f926b5-2cb1-4722-b947-953fef106990-GrpcLogAppender: appendEntries Timeout, request=c2a73e63-4533-4661-ae84-dd5a39362559->91f926b5-2cb1-4722-b947-953fef106990#150-t2, previous=(t:2, i:20), leaderCommit=16, initializing? false, entries: <empty>
2019-09-11 21:56:54,160 [grpc-default-executor-7] WARN  server.GrpcLogAppender (LogUtils.java:warn(134)) - c2a73e63-4533-4661-ae84-dd5a39362559@group-AC8E2A32E389->a5a7e056-72fb-437a-9ac2-af7573048f25-AppendLogResponseHandler: Failed appendEntries: org.apache.ratis.thirdparty.io.grpc.StatusRuntimeException: UNAVAILABLE: io exception
2019-09-11 21:56:54,161 [grpc-default-executor-7] INFO  impl.FollowerInfo (FollowerInfo.java:lambda$new$0(51)) - c2a73e63-4533-4661-ae84-dd5a39362559@group-AC8E2A32E389->a5a7e056-72fb-437a-9ac2-af7573048f25: nextIndex: updateUnconditionally 0 -> 0
2019-09-11 21:56:54,503 [grpc-default-executor-11] WARN  server.GrpcLogAppender (LogUtils.java:warn(134)) - b90393f0-91c9-4286-839e-32ae26f144bd@group-50C9D9F18802->b8cc5711-5e40-41ff-95d6-57cfdaa6737f-AppendLogResponseHandler: Failed appendEntries: org.apache.ratis.thirdparty.io.grpc.StatusRuntimeException: UNAVAILABLE: io exception
2019-09-11 21:56:54,503 [grpc-default-executor-12] WARN  server.GrpcLogAppender (LogUtils.java:warn(134)) - b90393f0-91c9-4286-839e-32ae26f144bd@group-50C9D9F18802->a5cc9080-cfb9-4240-b5a2-6affb7ccbad1-AppendLogResponseHandler: Failed appendEntries: org.apache.ratis.thirdparty.io.grpc.StatusRuntimeException: UNAVAILABLE: io exception
2019-09-11 21:56:54,504 [grpc-default-executor-11] INFO  impl.FollowerInfo (FollowerInfo.java:lambda$new$0(51)) - b90393f0-91c9-4286-839e-32ae26f144bd@group-50C9D9F18802->b8cc5711-5e40-41ff-95d6-57cfdaa6737f: nextIndex: updateUnconditionally 12 -> 11
2019-09-11 21:56:54,504 [grpc-default-executor-12] INFO  impl.FollowerInfo (FollowerInfo.java:lambda$new$0(51)) - b90393f0-91c9-4286-839e-32ae26f144bd@group-50C9D9F18802->a5cc9080-cfb9-4240-b5a2-6affb7ccbad1: nextIndex: updateUnconditionally 12 -> 11
2019-09-11 21:56:54,592 [java.util.concurrent.ThreadPoolExecutor$Worker@6ae5f1f8[State = -1, empty queue]] WARN  server.GrpcLogAppender (GrpcLogAppender.java:timeoutAppendRequest(200)) - 35b36fdc-90f8-4649-ab4a-4033b8c96817@group-9E5FA7894A87->b94e9841-c110-46af-9cbb-637204d6ae15-GrpcLogAppender: appendEntries Timeout, request=35b36fdc-90f8-4649-ab4a-4033b8c96817->b94e9841-c110-46af-9cbb-637204d6ae15#151-t2, previous=(t:2, i:20), leaderCommit=16, initializing? false, entries: <empty>
2019-09-11 21:56:54,592 [java.util.concurrent.ThreadPoolExecutor$Worker@4f353d25[State = -1, empty queue]] WARN  server.GrpcLogAppender (GrpcLogAppender.java:timeoutAppendRequest(200)) - 35b36fdc-90f8-4649-ab4a-4033b8c96817@group-9E5FA7894A87->cb19b877-b13a-4838-a0e1-b58882f3950d-GrpcLogAppender: appendEntries Timeout, request=35b36fdc-90f8-4649-ab4a-4033b8c96817->cb19b877-b13a-4838-a0e1-b58882f3950d#151-t2, previous=(t:2, i:20), leaderCommit=16, initializing? false, entries: <empty>
2019-09-11 21:56:54,607 [java.util.concurrent.ThreadPoolExecutor$Worker@73e5f658[State = -1, empty queue]] WARN  server.GrpcLogAppender (GrpcLogAppender.java:timeoutAppendRequest(200)) - c2a73e63-4533-4661-ae84-dd5a39362559@group-AC8E2A32E389->91f926b5-2cb1-4722-b947-953fef106990-GrpcLogAppender: appendEntries Timeout, request=c2a73e63-4533-4661-ae84-dd5a39362559->91f926b5-2cb1-4722-b947-953fef106990#151-t2, previous=(t:2, i:20), leaderCommit=16, initializing? false, entries: <empty>
2019-09-11 21:56:54,662 [grpc-default-executor-4] WARN  server.GrpcLogAppender (LogUtils.java:warn(134)) - c2a73e63-4533-4661-ae84-dd5a39362559@group-AC8E2A32E389->a5a7e056-72fb-437a-9ac2-af7573048f25-AppendLogResponseHandler: Failed appendEntries: org.apache.ratis.thirdparty.io.grpc.StatusRuntimeException: UNAVAILABLE: io exception
2019-09-11 21:56:54,662 [grpc-default-executor-4] INFO  impl.FollowerInfo (FollowerInfo.java:lambda$new$0(51)) - c2a73e63-4533-4661-ae84-dd5a39362559@group-AC8E2A32E389->a5a7e056-72fb-437a-9ac2-af7573048f25: nextIndex: updateUnconditionally 0 -> 0
2019-09-11 21:56:55,004 [grpc-default-executor-9] WARN  server.GrpcLogAppender (LogUtils.java:warn(134)) - b90393f0-91c9-4286-839e-32ae26f144bd@group-50C9D9F18802->a5cc9080-cfb9-4240-b5a2-6affb7ccbad1-AppendLogResponseHandler: Failed appendEntries: org.apache.ratis.thirdparty.io.grpc.StatusRuntimeException: UNAVAILABLE: io exception
2019-09-11 21:56:55,004 [grpc-default-executor-12] WARN  server.GrpcLogAppender (LogUtils.java:warn(134)) - b90393f0-91c9-4286-839e-32ae26f144bd@group-50C9D9F18802->b8cc5711-5e40-41ff-95d6-57cfdaa6737f-AppendLogResponseHandler: Failed appendEntries: org.apache.ratis.thirdparty.io.grpc.StatusRuntimeException: UNAVAILABLE: io exception
2019-09-11 21:56:55,004 [grpc-default-executor-9] INFO  impl.FollowerInfo (FollowerInfo.java:lambda$new$0(51)) - b90393f0-91c9-4286-839e-32ae26f144bd@group-50C9D9F18802->a5cc9080-cfb9-4240-b5a2-6affb7ccbad1: nextIndex: updateUnconditionally 11 -> 10
2019-09-11 21:56:55,004 [grpc-default-executor-12] INFO  impl.FollowerInfo (FollowerInfo.java:lambda$new$0(51)) - b90393f0-91c9-4286-839e-32ae26f144bd@group-50C9D9F18802->b8cc5711-5e40-41ff-95d6-57cfdaa6737f: nextIndex: updateUnconditionally 11 -> 10
2019-09-11 21:56:55,094 [java.util.concurrent.ThreadPoolExecutor$Worker@6ae5f1f8[State = -1, empty queue]] WARN  server.GrpcLogAppender (GrpcLogAppender.java:timeoutAppendRequest(200)) - 35b36fdc-90f8-4649-ab4a-4033b8c96817@group-9E5FA7894A87->b94e9841-c110-46af-9cbb-637204d6ae15-GrpcLogAppender: appendEntries Timeout, request=35b36fdc-90f8-4649-ab4a-4033b8c96817->b94e9841-c110-46af-9cbb-637204d6ae15#152-t2, previous=(t:2, i:20), leaderCommit=16, initializing? false, entries: <empty>
2019-09-11 21:56:55,094 [java.util.concurrent.ThreadPoolExecutor$Worker@4f353d25[State = -1, empty queue]] WARN  server.GrpcLogAppender (GrpcLogAppender.java:timeoutAppendRequest(200)) - 35b36fdc-90f8-4649-ab4a-4033b8c96817@group-9E5FA7894A87->cb19b877-b13a-4838-a0e1-b58882f3950d-GrpcLogAppender: appendEntries Timeout, request=35b36fdc-90f8-4649-ab4a-4033b8c96817->cb19b877-b13a-4838-a0e1-b58882f3950d#152-t2, previous=(t:2, i:20), leaderCommit=16, initializing? false, entries: <empty>
2019-09-11 21:56:55,107 [java.util.concurrent.ThreadPoolExecutor$Worker@73e5f658[State = -1, empty queue]] WARN  server.GrpcLogAppender (GrpcLogAppender.java:timeoutAppendRequest(200)) - c2a73e63-4533-4661-ae84-dd5a39362559@group-AC8E2A32E389->91f926b5-2cb1-4722-b947-953fef106990-GrpcLogAppender: appendEntries Timeout, request=c2a73e63-4533-4661-ae84-dd5a39362559->91f926b5-2cb1-4722-b947-953fef106990#152-t2, previous=(t:2, i:20), leaderCommit=16, initializing? false, entries: <empty>
2019-09-11 21:56:55,162 [grpc-default-executor-11] WARN  server.GrpcLogAppender (LogUtils.java:warn(134)) - c2a73e63-4533-4661-ae84-dd5a39362559@group-AC8E2A32E389->a5a7e056-72fb-437a-9ac2-af7573048f25-AppendLogResponseHandler: Failed appendEntries: org.apache.ratis.thirdparty.io.grpc.StatusRuntimeException: UNAVAILABLE: io exception
2019-09-11 21:56:55,163 [grpc-default-executor-11] INFO  impl.FollowerInfo (FollowerInfo.java:lambda$new$0(51)) - c2a73e63-4533-4661-ae84-dd5a39362559@group-AC8E2A32E389->a5a7e056-72fb-437a-9ac2-af7573048f25: nextIndex: updateUnconditionally 0 -> 0
2019-09-11 21:56:55,490 [35b36fdc-90f8-4649-ab4a-4033b8c96817@group-9E5FA7894A87-SegmentedRaftLogWorker] WARN  segmented.SegmentedRaftLogWorker (SegmentedRaftLogWorker.java:getFromFuture(90)) - Timeout 4/~
org.apache.ratis.protocol.TimeoutIOException: Timeout 10s: WriteLog:19: (t:2, i:19), STATEMACHINELOGENTRY, client-BDC949EA7344, cid=44-writeStateMachineData
	at org.apache.ratis.util.IOUtils.getFromFuture(IOUtils.java:87)
	at org.apache.ratis.server.raftlog.segmented.SegmentedRaftLogWorker$StateMachineDataPolicy.getFromFuture(SegmentedRaftLogWorker.java:87)
	at org.apache.ratis.server.raftlog.segmented.SegmentedRaftLogWorker$WriteLog.execute(SegmentedRaftLogWorker.java:477)
	at org.apache.ratis.server.raftlog.segmented.SegmentedRaftLogWorker.run(SegmentedRaftLogWorker.java:289)
	at java.lang.Thread.run(Thread.java:748)
Caused by: java.util.concurrent.TimeoutException
	at java.util.concurrent.CompletableFuture.timedGet(CompletableFuture.java:1771)
	at java.util.concurrent.CompletableFuture.get(CompletableFuture.java:1915)
	at org.apache.ratis.util.IOUtils.getFromFuture(IOUtils.java:79)
	... 4 more
2019-09-11 21:56:55,507 [grpc-default-executor-12] WARN  server.GrpcLogAppender (LogUtils.java:warn(134)) - b90393f0-91c9-4286-839e-32ae26f144bd@group-50C9D9F18802->a5cc9080-cfb9-4240-b5a2-6affb7ccbad1-AppendLogResponseHandler: Failed appendEntries: org.apache.ratis.thirdparty.io.grpc.StatusRuntimeException: UNAVAILABLE: io exception
2019-09-11 21:56:55,507 [grpc-default-executor-4] WARN  server.GrpcLogAppender (LogUtils.java:warn(134)) - b90393f0-91c9-4286-839e-32ae26f144bd@group-50C9D9F18802->b8cc5711-5e40-41ff-95d6-57cfdaa6737f-AppendLogResponseHandler: Failed appendEntries: org.apache.ratis.thirdparty.io.grpc.StatusRuntimeException: UNAVAILABLE: io exception
2019-09-11 21:56:55,508 [grpc-default-executor-12] INFO  impl.FollowerInfo (FollowerInfo.java:lambda$new$0(51)) - b90393f0-91c9-4286-839e-32ae26f144bd@group-50C9D9F18802->a5cc9080-cfb9-4240-b5a2-6affb7ccbad1: nextIndex: updateUnconditionally 10 -> 9
2019-09-11 21:56:55,508 [grpc-default-executor-4] INFO  impl.FollowerInfo (FollowerInfo.java:lambda$new$0(51)) - b90393f0-91c9-4286-839e-32ae26f144bd@group-50C9D9F18802->b8cc5711-5e40-41ff-95d6-57cfdaa6737f: nextIndex: updateUnconditionally 10 -> 9
2019-09-11 21:56:55,594 [java.util.concurrent.ThreadPoolExecutor$Worker@4f353d25[State = -1, empty queue]] WARN  server.GrpcLogAppender (GrpcLogAppender.java:timeoutAppendRequest(200)) - 35b36fdc-90f8-4649-ab4a-4033b8c96817@group-9E5FA7894A87->cb19b877-b13a-4838-a0e1-b58882f3950d-GrpcLogAppender: appendEntries Timeout, request=35b36fdc-90f8-4649-ab4a-4033b8c96817->cb19b877-b13a-4838-a0e1-b58882f3950d#153-t2, previous=(t:2, i:20), leaderCommit=16, initializing? false, entries: <empty>
2019-09-11 21:56:55,594 [java.util.concurrent.ThreadPoolExecutor$Worker@6ae5f1f8[State = -1, empty queue]] WARN  server.GrpcLogAppender (GrpcLogAppender.java:timeoutAppendRequest(200)) - 35b36fdc-90f8-4649-ab4a-4033b8c96817@group-9E5FA7894A87->b94e9841-c110-46af-9cbb-637204d6ae15-GrpcLogAppender: appendEntries Timeout, request=35b36fdc-90f8-4649-ab4a-4033b8c96817->b94e9841-c110-46af-9cbb-637204d6ae15#153-t2, previous=(t:2, i:20), leaderCommit=16, initializing? false, entries: <empty>
2019-09-11 21:56:55,596 [b94e9841-c110-46af-9cbb-637204d6ae15@group-9E5FA7894A87-SegmentedRaftLogWorker] WARN  segmented.SegmentedRaftLogWorker (SegmentedRaftLogWorker.java:getFromFuture(90)) - Timeout 4/~
org.apache.ratis.protocol.TimeoutIOException: Timeout 10s: WriteLog:19: (t:2, i:19), STATEMACHINELOGENTRY, client-BDC949EA7344, cid=44-writeStateMachineData
	at org.apache.ratis.util.IOUtils.getFromFuture(IOUtils.java:87)
	at org.apache.ratis.server.raftlog.segmented.SegmentedRaftLogWorker$StateMachineDataPolicy.getFromFuture(SegmentedRaftLogWorker.java:87)
	at org.apache.ratis.server.raftlog.segmented.SegmentedRaftLogWorker$WriteLog.execute(SegmentedRaftLogWorker.java:477)
	at org.apache.ratis.server.raftlog.segmented.SegmentedRaftLogWorker.run(SegmentedRaftLogWorker.java:289)
	at java.lang.Thread.run(Thread.java:748)
Caused by: java.util.concurrent.TimeoutException
	at java.util.concurrent.CompletableFuture.timedGet(CompletableFuture.java:1771)
	at java.util.concurrent.CompletableFuture.get(CompletableFuture.java:1915)
	at org.apache.ratis.util.IOUtils.getFromFuture(IOUtils.java:79)
	... 4 more
2019-09-11 21:56:55,597 [cb19b877-b13a-4838-a0e1-b58882f3950d@group-9E5FA7894A87-SegmentedRaftLogWorker] WARN  segmented.SegmentedRaftLogWorker (SegmentedRaftLogWorker.java:getFromFuture(90)) - Timeout 4/~
org.apache.ratis.protocol.TimeoutIOException: Timeout 10s: WriteLog:19: (t:2, i:19), STATEMACHINELOGENTRY, client-BDC949EA7344, cid=44-writeStateMachineData
	at org.apache.ratis.util.IOUtils.getFromFuture(IOUtils.java:87)
	at org.apache.ratis.server.raftlog.segmented.SegmentedRaftLogWorker$StateMachineDataPolicy.getFromFuture(SegmentedRaftLogWorker.java:87)
	at org.apache.ratis.server.raftlog.segmented.SegmentedRaftLogWorker$WriteLog.execute(SegmentedRaftLogWorker.java:477)
	at org.apache.ratis.server.raftlog.segmented.SegmentedRaftLogWorker.run(SegmentedRaftLogWorker.java:289)
	at java.lang.Thread.run(Thread.java:748)
Caused by: java.util.concurrent.TimeoutException
	at java.util.concurrent.CompletableFuture.timedGet(CompletableFuture.java:1771)
	at java.util.concurrent.CompletableFuture.get(CompletableFuture.java:1915)
	at org.apache.ratis.util.IOUtils.getFromFuture(IOUtils.java:79)
	... 4 more
2019-09-11 21:56:55,607 [java.util.concurrent.ThreadPoolExecutor$Worker@73e5f658[State = -1, empty queue]] WARN  server.GrpcLogAppender (GrpcLogAppender.java:timeoutAppendRequest(200)) - c2a73e63-4533-4661-ae84-dd5a39362559@group-AC8E2A32E389->91f926b5-2cb1-4722-b947-953fef106990-GrpcLogAppender: appendEntries Timeout, request=c2a73e63-4533-4661-ae84-dd5a39362559->91f926b5-2cb1-4722-b947-953fef106990#153-t2, previous=(t:2, i:20), leaderCommit=16, initializing? false, entries: <empty>
2019-09-11 21:56:55,664 [grpc-default-executor-9] WARN  server.GrpcLogAppender (LogUtils.java:warn(134)) - c2a73e63-4533-4661-ae84-dd5a39362559@group-AC8E2A32E389->a5a7e056-72fb-437a-9ac2-af7573048f25-AppendLogResponseHandler: Failed appendEntries: org.apache.ratis.thirdparty.io.grpc.StatusRuntimeException: UNAVAILABLE: io exception
2019-09-11 21:56:55,665 [grpc-default-executor-9] INFO  impl.FollowerInfo (FollowerInfo.java:lambda$new$0(51)) - c2a73e63-4533-4661-ae84-dd5a39362559@group-AC8E2A32E389->a5a7e056-72fb-437a-9ac2-af7573048f25: nextIndex: updateUnconditionally 0 -> 0
2019-09-11 21:56:56,008 [grpc-default-executor-11] WARN  server.GrpcLogAppender (LogUtils.java:warn(134)) - b90393f0-91c9-4286-839e-32ae26f144bd@group-50C9D9F18802->b8cc5711-5e40-41ff-95d6-57cfdaa6737f-AppendLogResponseHandler: Failed appendEntries: org.apache.ratis.thirdparty.io.grpc.StatusRuntimeException: UNAVAILABLE: io exception
2019-09-11 21:56:56,008 [grpc-default-executor-9] WARN  server.GrpcLogAppender (LogUtils.java:warn(134)) - b90393f0-91c9-4286-839e-32ae26f144bd@group-50C9D9F18802->a5cc9080-cfb9-4240-b5a2-6affb7ccbad1-AppendLogResponseHandler: Failed appendEntries: org.apache.ratis.thirdparty.io.grpc.StatusRuntimeException: UNAVAILABLE: io exception
2019-09-11 21:56:56,008 [grpc-default-executor-11] INFO  impl.FollowerInfo (FollowerInfo.java:lambda$new$0(51)) - b90393f0-91c9-4286-839e-32ae26f144bd@group-50C9D9F18802->b8cc5711-5e40-41ff-95d6-57cfdaa6737f: nextIndex: updateUnconditionally 9 -> 8
2019-09-11 21:56:56,008 [grpc-default-executor-9] INFO  impl.FollowerInfo (FollowerInfo.java:lambda$new$0(51)) - b90393f0-91c9-4286-839e-32ae26f144bd@group-50C9D9F18802->a5cc9080-cfb9-4240-b5a2-6affb7ccbad1: nextIndex: updateUnconditionally 9 -> 8
2019-09-11 21:56:56,094 [java.util.concurrent.ThreadPoolExecutor$Worker@6ae5f1f8[State = -1, empty queue]] WARN  server.GrpcLogAppender (GrpcLogAppender.java:timeoutAppendRequest(200)) - 35b36fdc-90f8-4649-ab4a-4033b8c96817@group-9E5FA7894A87->b94e9841-c110-46af-9cbb-637204d6ae15-GrpcLogAppender: appendEntries Timeout, request=35b36fdc-90f8-4649-ab4a-4033b8c96817->b94e9841-c110-46af-9cbb-637204d6ae15#154-t2, previous=(t:2, i:20), leaderCommit=16, initializing? false, entries: <empty>
2019-09-11 21:56:56,094 [java.util.concurrent.ThreadPoolExecutor$Worker@4f353d25[State = -1, empty queue]] WARN  server.GrpcLogAppender (GrpcLogAppender.java:timeoutAppendRequest(200)) - 35b36fdc-90f8-4649-ab4a-4033b8c96817@group-9E5FA7894A87->cb19b877-b13a-4838-a0e1-b58882f3950d-GrpcLogAppender: appendEntries Timeout, request=35b36fdc-90f8-4649-ab4a-4033b8c96817->cb19b877-b13a-4838-a0e1-b58882f3950d#154-t2, previous=(t:2, i:20), leaderCommit=16, initializing? false, entries: <empty>
2019-09-11 21:56:56,108 [java.util.concurrent.ThreadPoolExecutor$Worker@73e5f658[State = -1, empty queue]] WARN  server.GrpcLogAppender (GrpcLogAppender.java:timeoutAppendRequest(200)) - c2a73e63-4533-4661-ae84-dd5a39362559@group-AC8E2A32E389->91f926b5-2cb1-4722-b947-953fef106990-GrpcLogAppender: appendEntries Timeout, request=c2a73e63-4533-4661-ae84-dd5a39362559->91f926b5-2cb1-4722-b947-953fef106990#154-t2, previous=(t:2, i:20), leaderCommit=16, initializing? false, entries: <empty>
2019-09-11 21:56:56,166 [grpc-default-executor-9] WARN  server.GrpcLogAppender (LogUtils.java:warn(134)) - c2a73e63-4533-4661-ae84-dd5a39362559@group-AC8E2A32E389->a5a7e056-72fb-437a-9ac2-af7573048f25-AppendLogResponseHandler: Failed appendEntries: org.apache.ratis.thirdparty.io.grpc.StatusRuntimeException: UNAVAILABLE: io exception
2019-09-11 21:56:56,166 [grpc-default-executor-9] INFO  impl.FollowerInfo (FollowerInfo.java:lambda$new$0(51)) - c2a73e63-4533-4661-ae84-dd5a39362559@group-AC8E2A32E389->a5a7e056-72fb-437a-9ac2-af7573048f25: nextIndex: updateUnconditionally 0 -> 0
2019-09-11 21:56:56,510 [grpc-default-executor-9] WARN  server.GrpcLogAppender (LogUtils.java:warn(134)) - b90393f0-91c9-4286-839e-32ae26f144bd@group-50C9D9F18802->a5cc9080-cfb9-4240-b5a2-6affb7ccbad1-AppendLogResponseHandler: Failed appendEntries: org.apache.ratis.thirdparty.io.grpc.StatusRuntimeException: UNAVAILABLE: io exception
2019-09-11 21:56:56,510 [grpc-default-executor-5] WARN  server.GrpcLogAppender (LogUtils.java:warn(134)) - b90393f0-91c9-4286-839e-32ae26f144bd@group-50C9D9F18802->b8cc5711-5e40-41ff-95d6-57cfdaa6737f-AppendLogResponseHandler: Failed appendEntries: org.apache.ratis.thirdparty.io.grpc.StatusRuntimeException: UNAVAILABLE: io exception
2019-09-11 21:56:56,511 [grpc-default-executor-9] INFO  impl.FollowerInfo (FollowerInfo.java:lambda$new$0(51)) - b90393f0-91c9-4286-839e-32ae26f144bd@group-50C9D9F18802->a5cc9080-cfb9-4240-b5a2-6affb7ccbad1: nextIndex: updateUnconditionally 8 -> 7
2019-09-11 21:56:56,511 [grpc-default-executor-5] INFO  impl.FollowerInfo (FollowerInfo.java:lambda$new$0(51)) - b90393f0-91c9-4286-839e-32ae26f144bd@group-50C9D9F18802->b8cc5711-5e40-41ff-95d6-57cfdaa6737f: nextIndex: updateUnconditionally 8 -> 7
2019-09-11 21:56:56,595 [java.util.concurrent.ThreadPoolExecutor$Worker@6ae5f1f8[State = -1, empty queue]] WARN  server.GrpcLogAppender (GrpcLogAppender.java:timeoutAppendRequest(200)) - 35b36fdc-90f8-4649-ab4a-4033b8c96817@group-9E5FA7894A87->b94e9841-c110-46af-9cbb-637204d6ae15-GrpcLogAppender: appendEntries Timeout, request=35b36fdc-90f8-4649-ab4a-4033b8c96817->b94e9841-c110-46af-9cbb-637204d6ae15#155-t2, previous=(t:2, i:20), leaderCommit=16, initializing? false, entries: <empty>
2019-09-11 21:56:56,595 [java.util.concurrent.ThreadPoolExecutor$Worker@4f353d25[State = -1, empty queue]] WARN  server.GrpcLogAppender (GrpcLogAppender.java:timeoutAppendRequest(200)) - 35b36fdc-90f8-4649-ab4a-4033b8c96817@group-9E5FA7894A87->cb19b877-b13a-4838-a0e1-b58882f3950d-GrpcLogAppender: appendEntries Timeout, request=35b36fdc-90f8-4649-ab4a-4033b8c96817->cb19b877-b13a-4838-a0e1-b58882f3950d#155-t2, previous=(t:2, i:20), leaderCommit=16, initializing? false, entries: <empty>
2019-09-11 21:56:56,608 [java.util.concurrent.ThreadPoolExecutor$Worker@73e5f658[State = -1, empty queue]] WARN  server.GrpcLogAppender (GrpcLogAppender.java:timeoutAppendRequest(200)) - c2a73e63-4533-4661-ae84-dd5a39362559@group-AC8E2A32E389->91f926b5-2cb1-4722-b947-953fef106990-GrpcLogAppender: appendEntries Timeout, request=c2a73e63-4533-4661-ae84-dd5a39362559->91f926b5-2cb1-4722-b947-953fef106990#155-t2, previous=(t:2, i:20), leaderCommit=16, initializing? false, entries: <empty>
2019-09-11 21:56:56,648 [c2a73e63-4533-4661-ae84-dd5a39362559@group-AC8E2A32E389-SegmentedRaftLogWorker] WARN  segmented.SegmentedRaftLogWorker (SegmentedRaftLogWorker.java:getFromFuture(90)) - Timeout 6/~
org.apache.ratis.protocol.TimeoutIOException: Timeout 10s: WriteLog:19: (t:2, i:19), STATEMACHINELOGENTRY, client-50BBF47487D0, cid=30-writeStateMachineData
	at org.apache.ratis.util.IOUtils.getFromFuture(IOUtils.java:87)
	at org.apache.ratis.server.raftlog.segmented.SegmentedRaftLogWorker$StateMachineDataPolicy.getFromFuture(SegmentedRaftLogWorker.java:87)
	at org.apache.ratis.server.raftlog.segmented.SegmentedRaftLogWorker$WriteLog.execute(SegmentedRaftLogWorker.java:477)
	at org.apache.ratis.server.raftlog.segmented.SegmentedRaftLogWorker.run(SegmentedRaftLogWorker.java:289)
	at java.lang.Thread.run(Thread.java:748)
Caused by: java.util.concurrent.TimeoutException
	at java.util.concurrent.CompletableFuture.timedGet(CompletableFuture.java:1771)
	at java.util.concurrent.CompletableFuture.get(CompletableFuture.java:1915)
	at org.apache.ratis.util.IOUtils.getFromFuture(IOUtils.java:79)
	... 4 more
2019-09-11 21:56:56,660 [91f926b5-2cb1-4722-b947-953fef106990@group-AC8E2A32E389-SegmentedRaftLogWorker] WARN  segmented.SegmentedRaftLogWorker (SegmentedRaftLogWorker.java:getFromFuture(90)) - Timeout 6/~
org.apache.ratis.protocol.TimeoutIOException: Timeout 10s: WriteLog:19: (t:2, i:19), STATEMACHINELOGENTRY, client-50BBF47487D0, cid=30-writeStateMachineData
	at org.apache.ratis.util.IOUtils.getFromFuture(IOUtils.java:87)
	at org.apache.ratis.server.raftlog.segmented.SegmentedRaftLogWorker$StateMachineDataPolicy.getFromFuture(SegmentedRaftLogWorker.java:87)
	at org.apache.ratis.server.raftlog.segmented.SegmentedRaftLogWorker$WriteLog.execute(SegmentedRaftLogWorker.java:477)
	at org.apache.ratis.server.raftlog.segmented.SegmentedRaftLogWorker.run(SegmentedRaftLogWorker.java:289)
	at java.lang.Thread.run(Thread.java:748)
Caused by: java.util.concurrent.TimeoutException
	at java.util.concurrent.CompletableFuture.timedGet(CompletableFuture.java:1771)
	at java.util.concurrent.CompletableFuture.get(CompletableFuture.java:1915)
	at org.apache.ratis.util.IOUtils.getFromFuture(IOUtils.java:79)
	... 4 more
2019-09-11 21:56:56,667 [grpc-default-executor-11] WARN  server.GrpcLogAppender (LogUtils.java:warn(134)) - c2a73e63-4533-4661-ae84-dd5a39362559@group-AC8E2A32E389->a5a7e056-72fb-437a-9ac2-af7573048f25-AppendLogResponseHandler: Failed appendEntries: org.apache.ratis.thirdparty.io.grpc.StatusRuntimeException: UNAVAILABLE: io exception
2019-09-11 21:56:56,668 [grpc-default-executor-11] INFO  impl.FollowerInfo (FollowerInfo.java:lambda$new$0(51)) - c2a73e63-4533-4661-ae84-dd5a39362559@group-AC8E2A32E389->a5a7e056-72fb-437a-9ac2-af7573048f25: nextIndex: updateUnconditionally 0 -> 0
2019-09-11 21:56:57,010 [grpc-default-executor-12] WARN  server.GrpcLogAppender (LogUtils.java:warn(134)) - b90393f0-91c9-4286-839e-32ae26f144bd@group-50C9D9F18802->a5cc9080-cfb9-4240-b5a2-6affb7ccbad1-AppendLogResponseHandler: Failed appendEntries: org.apache.ratis.thirdparty.io.grpc.StatusRuntimeException: UNAVAILABLE: io exception
2019-09-11 21:56:57,010 [grpc-default-executor-7] WARN  server.GrpcLogAppender (LogUtils.java:warn(134)) - b90393f0-91c9-4286-839e-32ae26f144bd@group-50C9D9F18802->b8cc5711-5e40-41ff-95d6-57cfdaa6737f-AppendLogResponseHandler: Failed appendEntries: org.apache.ratis.thirdparty.io.grpc.StatusRuntimeException: UNAVAILABLE: io exception
2019-09-11 21:56:57,010 [grpc-default-executor-12] INFO  impl.FollowerInfo (FollowerInfo.java:lambda$new$0(51)) - b90393f0-91c9-4286-839e-32ae26f144bd@group-50C9D9F18802->a5cc9080-cfb9-4240-b5a2-6affb7ccbad1: nextIndex: updateUnconditionally 7 -> 6
2019-09-11 21:56:57,011 [grpc-default-executor-7] INFO  impl.FollowerInfo (FollowerInfo.java:lambda$new$0(51)) - b90393f0-91c9-4286-839e-32ae26f144bd@group-50C9D9F18802->b8cc5711-5e40-41ff-95d6-57cfdaa6737f: nextIndex: updateUnconditionally 7 -> 6
2019-09-11 21:56:57,095 [java.util.concurrent.ThreadPoolExecutor$Worker@4f353d25[State = -1, empty queue]] WARN  server.GrpcLogAppender (GrpcLogAppender.java:timeoutAppendRequest(200)) - 35b36fdc-90f8-4649-ab4a-4033b8c96817@group-9E5FA7894A87->cb19b877-b13a-4838-a0e1-b58882f3950d-GrpcLogAppender: appendEntries Timeout, request=35b36fdc-90f8-4649-ab4a-4033b8c96817->cb19b877-b13a-4838-a0e1-b58882f3950d#156-t2, previous=(t:2, i:20), leaderCommit=16, initializing? false, entries: <empty>
2019-09-11 21:56:57,095 [java.util.concurrent.ThreadPoolExecutor$Worker@6ae5f1f8[State = -1, empty queue]] WARN  server.GrpcLogAppender (GrpcLogAppender.java:timeoutAppendRequest(200)) - 35b36fdc-90f8-4649-ab4a-4033b8c96817@group-9E5FA7894A87->b94e9841-c110-46af-9cbb-637204d6ae15-GrpcLogAppender: appendEntries Timeout, request=35b36fdc-90f8-4649-ab4a-4033b8c96817->b94e9841-c110-46af-9cbb-637204d6ae15#156-t2, previous=(t:2, i:20), leaderCommit=16, initializing? false, entries: <empty>
2019-09-11 21:56:57,108 [java.util.concurrent.ThreadPoolExecutor$Worker@73e5f658[State = -1, empty queue]] WARN  server.GrpcLogAppender (GrpcLogAppender.java:timeoutAppendRequest(200)) - c2a73e63-4533-4661-ae84-dd5a39362559@group-AC8E2A32E389->91f926b5-2cb1-4722-b947-953fef106990-GrpcLogAppender: appendEntries Timeout, request=c2a73e63-4533-4661-ae84-dd5a39362559->91f926b5-2cb1-4722-b947-953fef106990#156-t2, previous=(t:2, i:20), leaderCommit=16, initializing? false, entries: <empty>
2019-09-11 21:56:57,168 [grpc-default-executor-9] WARN  server.GrpcLogAppender (LogUtils.java:warn(134)) - c2a73e63-4533-4661-ae84-dd5a39362559@group-AC8E2A32E389->a5a7e056-72fb-437a-9ac2-af7573048f25-AppendLogResponseHandler: Failed appendEntries: org.apache.ratis.thirdparty.io.grpc.StatusRuntimeException: UNAVAILABLE: io exception
2019-09-11 21:56:57,169 [grpc-default-executor-9] INFO  impl.FollowerInfo (FollowerInfo.java:lambda$new$0(51)) - c2a73e63-4533-4661-ae84-dd5a39362559@group-AC8E2A32E389->a5a7e056-72fb-437a-9ac2-af7573048f25: nextIndex: updateUnconditionally 0 -> 0
2019-09-11 21:56:57,511 [grpc-default-executor-11] WARN  server.GrpcLogAppender (LogUtils.java:warn(134)) - b90393f0-91c9-4286-839e-32ae26f144bd@group-50C9D9F18802->a5cc9080-cfb9-4240-b5a2-6affb7ccbad1-AppendLogResponseHandler: Failed appendEntries: org.apache.ratis.thirdparty.io.grpc.StatusRuntimeException: UNAVAILABLE: io exception
2019-09-11 21:56:57,511 [grpc-default-executor-7] WARN  server.GrpcLogAppender (LogUtils.java:warn(134)) - b90393f0-91c9-4286-839e-32ae26f144bd@group-50C9D9F18802->b8cc5711-5e40-41ff-95d6-57cfdaa6737f-AppendLogResponseHandler: Failed appendEntries: org.apache.ratis.thirdparty.io.grpc.StatusRuntimeException: UNAVAILABLE: io exception
2019-09-11 21:56:57,512 [grpc-default-executor-11] INFO  impl.FollowerInfo (FollowerInfo.java:lambda$new$0(51)) - b90393f0-91c9-4286-839e-32ae26f144bd@group-50C9D9F18802->a5cc9080-cfb9-4240-b5a2-6affb7ccbad1: nextIndex: updateUnconditionally 6 -> 5
2019-09-11 21:56:57,512 [grpc-default-executor-7] INFO  impl.FollowerInfo (FollowerInfo.java:lambda$new$0(51)) - b90393f0-91c9-4286-839e-32ae26f144bd@group-50C9D9F18802->b8cc5711-5e40-41ff-95d6-57cfdaa6737f: nextIndex: updateUnconditionally 6 -> 5
2019-09-11 21:56:57,596 [java.util.concurrent.ThreadPoolExecutor$Worker@6ae5f1f8[State = -1, empty queue]] WARN  server.GrpcLogAppender (GrpcLogAppender.java:timeoutAppendRequest(200)) - 35b36fdc-90f8-4649-ab4a-4033b8c96817@group-9E5FA7894A87->b94e9841-c110-46af-9cbb-637204d6ae15-GrpcLogAppender: appendEntries Timeout, request=35b36fdc-90f8-4649-ab4a-4033b8c96817->b94e9841-c110-46af-9cbb-637204d6ae15#157-t2, previous=(t:2, i:20), leaderCommit=16, initializing? false, entries: <empty>
2019-09-11 21:56:57,596 [java.util.concurrent.ThreadPoolExecutor$Worker@4f353d25[State = -1, empty queue]] WARN  server.GrpcLogAppender (GrpcLogAppender.java:timeoutAppendRequest(200)) - 35b36fdc-90f8-4649-ab4a-4033b8c96817@group-9E5FA7894A87->cb19b877-b13a-4838-a0e1-b58882f3950d-GrpcLogAppender: appendEntries Timeout, request=35b36fdc-90f8-4649-ab4a-4033b8c96817->cb19b877-b13a-4838-a0e1-b58882f3950d#157-t2, previous=(t:2, i:20), leaderCommit=16, initializing? false, entries: <empty>
2019-09-11 21:56:57,608 [java.util.concurrent.ThreadPoolExecutor$Worker@73e5f658[State = -1, empty queue]] WARN  server.GrpcLogAppender (GrpcLogAppender.java:timeoutAppendRequest(200)) - c2a73e63-4533-4661-ae84-dd5a39362559@group-AC8E2A32E389->91f926b5-2cb1-4722-b947-953fef106990-GrpcLogAppender: appendEntries Timeout, request=c2a73e63-4533-4661-ae84-dd5a39362559->91f926b5-2cb1-4722-b947-953fef106990#157-t2, previous=(t:2, i:20), leaderCommit=16, initializing? false, entries: <empty>
2019-09-11 21:56:57,670 [grpc-default-executor-12] WARN  server.GrpcLogAppender (LogUtils.java:warn(134)) - c2a73e63-4533-4661-ae84-dd5a39362559@group-AC8E2A32E389->a5a7e056-72fb-437a-9ac2-af7573048f25-AppendLogResponseHandler: Failed appendEntries: org.apache.ratis.thirdparty.io.grpc.StatusRuntimeException: UNAVAILABLE: io exception
2019-09-11 21:56:57,671 [grpc-default-executor-12] INFO  impl.FollowerInfo (FollowerInfo.java:lambda$new$0(51)) - c2a73e63-4533-4661-ae84-dd5a39362559@group-AC8E2A32E389->a5a7e056-72fb-437a-9ac2-af7573048f25: nextIndex: updateUnconditionally 0 -> 0
2019-09-11 21:56:57,973 [ForkJoinPool.commonPool-worker-1] INFO  ozoneimpl.OzoneContainer (OzoneContainer.java:stop(231)) - Attempting to stop container services.
2019-09-11 21:56:57,975 [ForkJoinPool.commonPool-worker-1] INFO  impl.RaftServerProxy (RaftServerProxy.java:lambda$close$4(314)) - c2a73e63-4533-4661-ae84-dd5a39362559: close
2019-09-11 21:56:57,976 [ForkJoinPool.commonPool-worker-1] INFO  impl.RaftServerImpl (RaftServerImpl.java:lambda$shutdown$3(251)) - c2a73e63-4533-4661-ae84-dd5a39362559@group-6E863F258CFF: shutdown
2019-09-11 21:56:57,976 [ForkJoinPool.commonPool-worker-1] INFO  util.JmxRegister (JmxRegister.java:unregister(73)) - Successfully un-registered JMX Bean with object name Ratis:service=RaftServer,group=group-6E863F258CFF,id=c2a73e63-4533-4661-ae84-dd5a39362559
2019-09-11 21:56:57,977 [ForkJoinPool.commonPool-worker-1] INFO  impl.RoleInfo (RoleInfo.java:shutdownLeaderState(104)) - c2a73e63-4533-4661-ae84-dd5a39362559: shutdown LeaderState
2019-09-11 21:56:57,978 [ForkJoinPool.commonPool-worker-1] INFO  impl.PendingRequests (PendingRequests.java:sendNotLeaderResponses(202)) - c2a73e63-4533-4661-ae84-dd5a39362559-PendingRequests: sendNotLeaderResponses
2019-09-11 21:56:57,979 [ForkJoinPool.commonPool-worker-1] INFO  impl.StateMachineUpdater (StateMachineUpdater.java:stopAndJoin(125)) - c2a73e63-4533-4661-ae84-dd5a39362559@group-6E863F258CFF-StateMachineUpdater: set stopIndex = 0
2019-09-11 21:56:57,980 [ForkJoinPool.commonPool-worker-1] INFO  impl.RaftServerImpl (ServerState.java:close(385)) - c2a73e63-4533-4661-ae84-dd5a39362559@group-6E863F258CFF: closes. applyIndex: 0
2019-09-11 21:56:57,980 [c2a73e63-4533-4661-ae84-dd5a39362559@group-6E863F258CFF-SegmentedRaftLogWorker] INFO  segmented.SegmentedRaftLogWorker (SegmentedRaftLogWorker.java:run(313)) - c2a73e63-4533-4661-ae84-dd5a39362559@group-6E863F258CFF-SegmentedRaftLogWorker was interrupted, exiting. There are 0 tasks remaining in the queue.
2019-09-11 21:56:57,989 [ForkJoinPool.commonPool-worker-1] INFO  segmented.SegmentedRaftLogWorker (SegmentedRaftLogWorker.java:close(228)) - c2a73e63-4533-4661-ae84-dd5a39362559@group-6E863F258CFF-SegmentedRaftLogWorker close()
2019-09-11 21:56:57,989 [main] INFO  ozoneimpl.OzoneContainer (OzoneContainer.java:stop(231)) - Attempting to stop container services.
2019-09-11 21:56:57,994 [ForkJoinPool.commonPool-worker-1] INFO  impl.RaftServerImpl (RaftServerImpl.java:lambda$shutdown$3(251)) - c2a73e63-4533-4661-ae84-dd5a39362559@group-AC8E2A32E389: shutdown
2019-09-11 21:56:57,995 [main] INFO  impl.RaftServerProxy (RaftServerProxy.java:lambda$close$4(314)) - 35b36fdc-90f8-4649-ab4a-4033b8c96817: close
2019-09-11 21:56:57,995 [ForkJoinPool.commonPool-worker-1] INFO  util.JmxRegister (JmxRegister.java:unregister(73)) - Successfully un-registered JMX Bean with object name Ratis:service=RaftServer,group=group-AC8E2A32E389,id=c2a73e63-4533-4661-ae84-dd5a39362559
2019-09-11 21:56:57,995 [main] INFO  impl.RaftServerImpl (RaftServerImpl.java:lambda$shutdown$3(251)) - 35b36fdc-90f8-4649-ab4a-4033b8c96817@group-AB20D0F45DA9: shutdown
2019-09-11 21:56:57,996 [ForkJoinPool.commonPool-worker-1] INFO  impl.RoleInfo (RoleInfo.java:shutdownLeaderState(104)) - c2a73e63-4533-4661-ae84-dd5a39362559: shutdown LeaderState
2019-09-11 21:56:57,996 [main] INFO  util.JmxRegister (JmxRegister.java:unregister(73)) - Successfully un-registered JMX Bean with object name Ratis:service=RaftServer,group=group-AB20D0F45DA9,id=35b36fdc-90f8-4649-ab4a-4033b8c96817
2019-09-11 21:56:58,001 [ForkJoinPool.commonPool-worker-1] INFO  impl.PendingRequests (PendingRequests.java:sendNotLeaderResponses(202)) - c2a73e63-4533-4661-ae84-dd5a39362559-PendingRequests: sendNotLeaderResponses
2019-09-11 21:56:58,001 [org.apache.ratis.server.impl.LogAppender$AppenderDaemon$$Lambda$528/1836509881@496c83a5] WARN  server.GrpcLogAppender (GrpcLogAppender.java:mayWait(143)) - c2a73e63-4533-4661-ae84-dd5a39362559@group-AC8E2A32E389->91f926b5-2cb1-4722-b947-953fef106990-GrpcLogAppender: Wait interrupted by java.lang.InterruptedException
2019-09-11 21:56:58,001 [org.apache.ratis.server.impl.LogAppender$AppenderDaemon$$Lambda$528/1836509881@33ea5718] WARN  server.GrpcLogAppender (GrpcLogAppender.java:mayWait(143)) - c2a73e63-4533-4661-ae84-dd5a39362559@group-AC8E2A32E389->a5a7e056-72fb-437a-9ac2-af7573048f25-GrpcLogAppender: Wait interrupted by java.lang.InterruptedException
2019-09-11 21:56:58,001 [main] INFO  impl.RoleInfo (RoleInfo.java:shutdownLeaderState(104)) - 35b36fdc-90f8-4649-ab4a-4033b8c96817: shutdown LeaderState
2019-09-11 21:56:58,002 [main] INFO  impl.PendingRequests (PendingRequests.java:sendNotLeaderResponses(202)) - 35b36fdc-90f8-4649-ab4a-4033b8c96817-PendingRequests: sendNotLeaderResponses
2019-09-11 21:56:58,003 [main] INFO  impl.StateMachineUpdater (StateMachineUpdater.java:stopAndJoin(125)) - 35b36fdc-90f8-4649-ab4a-4033b8c96817@group-AB20D0F45DA9-StateMachineUpdater: set stopIndex = 0
2019-09-11 21:56:58,008 [main] INFO  impl.RaftServerImpl (ServerState.java:close(385)) - 35b36fdc-90f8-4649-ab4a-4033b8c96817@group-AB20D0F45DA9: closes. applyIndex: 0
2019-09-11 21:56:58,008 [ForkJoinPool.commonPool-worker-1] INFO  impl.StateMachineUpdater (StateMachineUpdater.java:stopAndJoin(125)) - c2a73e63-4533-4661-ae84-dd5a39362559@group-AC8E2A32E389-StateMachineUpdater: set stopIndex = 16
2019-09-11 21:56:58,008 [c2a73e63-4533-4661-ae84-dd5a39362559@group-AC8E2A32E389-StateMachineUpdater] INFO  ratis.ContainerStateMachine (ContainerStateMachine.java:takeSnapshot(289)) - group-AC8E2A32E389: Taking a snapshot at:(t:2, i:14) file /workdir/hadoop-ozone/integration-test/target/test-dir/MiniOzoneClusterImpl-5ea26da2-f48a-485b-abc0-853cbfba6fbc/datanode-3/data/ratis/3022a5dc-24e7-4c49-a0cd-ac8e2a32e389/sm/snapshot.2_14
2019-09-11 21:56:58,008 [35b36fdc-90f8-4649-ab4a-4033b8c96817@group-AB20D0F45DA9-SegmentedRaftLogWorker] INFO  segmented.SegmentedRaftLogWorker (SegmentedRaftLogWorker.java:run(313)) - 35b36fdc-90f8-4649-ab4a-4033b8c96817@group-AB20D0F45DA9-SegmentedRaftLogWorker was interrupted, exiting. There are 0 tasks remaining in the queue.
2019-09-11 21:56:58,010 [main] INFO  segmented.SegmentedRaftLogWorker (SegmentedRaftLogWorker.java:close(228)) - 35b36fdc-90f8-4649-ab4a-4033b8c96817@group-AB20D0F45DA9-SegmentedRaftLogWorker close()
2019-09-11 21:56:58,013 [main] INFO  impl.RaftServerImpl (RaftServerImpl.java:lambda$shutdown$3(251)) - 35b36fdc-90f8-4649-ab4a-4033b8c96817@group-9E5FA7894A87: shutdown
2019-09-11 21:56:58,014 [main] INFO  util.JmxRegister (JmxRegister.java:unregister(73)) - Successfully un-registered JMX Bean with object name Ratis:service=RaftServer,group=group-9E5FA7894A87,id=35b36fdc-90f8-4649-ab4a-4033b8c96817
2019-09-11 21:56:58,014 [grpc-default-executor-12] INFO  server.GrpcServerProtocolService (GrpcServerProtocolService.java:onCompleted(113)) - 91f926b5-2cb1-4722-b947-953fef106990: Completed APPEND_ENTRIES, lastRequest: c2a73e63-4533-4661-ae84-dd5a39362559->91f926b5-2cb1-4722-b947-953fef106990#163-t2, previous=(t:2, i:20), leaderCommit=16, initializing? false, entries: <empty>
2019-09-11 21:56:58,014 [main] INFO  impl.RoleInfo (RoleInfo.java:shutdownLeaderState(104)) - 35b36fdc-90f8-4649-ab4a-4033b8c96817: shutdown LeaderState
2019-09-11 21:56:58,018 [main] INFO  impl.PendingRequests (PendingRequests.java:sendNotLeaderResponses(202)) - 35b36fdc-90f8-4649-ab4a-4033b8c96817-PendingRequests: sendNotLeaderResponses
2019-09-11 21:56:58,019 [org.apache.ratis.server.impl.LogAppender$AppenderDaemon$$Lambda$528/1836509881@b88c099] WARN  server.GrpcLogAppender (GrpcLogAppender.java:mayWait(143)) - 35b36fdc-90f8-4649-ab4a-4033b8c96817@group-9E5FA7894A87->cb19b877-b13a-4838-a0e1-b58882f3950d-GrpcLogAppender: Wait interrupted by java.lang.InterruptedException
2019-09-11 21:56:58,018 [org.apache.ratis.server.impl.LogAppender$AppenderDaemon$$Lambda$528/1836509881@5ecd1d78] WARN  server.GrpcLogAppender (GrpcLogAppender.java:mayWait(143)) - 35b36fdc-90f8-4649-ab4a-4033b8c96817@group-9E5FA7894A87->b94e9841-c110-46af-9cbb-637204d6ae15-GrpcLogAppender: Wait interrupted by java.lang.InterruptedException
2019-09-11 21:56:58,020 [grpc-default-executor-11] INFO  server.GrpcServerProtocolService (GrpcServerProtocolService.java:onCompleted(113)) - b94e9841-c110-46af-9cbb-637204d6ae15: Completed APPEND_ENTRIES, lastRequest: 35b36fdc-90f8-4649-ab4a-4033b8c96817->b94e9841-c110-46af-9cbb-637204d6ae15#163-t2, previous=(t:2, i:20), leaderCommit=16, initializing? false, entries: <empty>
2019-09-11 21:56:58,020 [grpc-default-executor-7] INFO  server.GrpcLogAppender (GrpcLogAppender.java:onCompleted(293)) - c2a73e63-4533-4661-ae84-dd5a39362559@group-AC8E2A32E389->91f926b5-2cb1-4722-b947-953fef106990-AppendLogResponseHandler: follower responses appendEntries COMPLETED
2019-09-11 21:56:58,024 [main] INFO  impl.StateMachineUpdater (StateMachineUpdater.java:stopAndJoin(125)) - 35b36fdc-90f8-4649-ab4a-4033b8c96817@group-9E5FA7894A87-StateMachineUpdater: set stopIndex = 16
2019-09-11 21:56:58,024 [35b36fdc-90f8-4649-ab4a-4033b8c96817@group-9E5FA7894A87-StateMachineUpdater] INFO  ratis.ContainerStateMachine (ContainerStateMachine.java:takeSnapshot(289)) - group-9E5FA7894A87: Taking a snapshot at:(t:2, i:14) file /workdir/hadoop-ozone/integration-test/target/test-dir/MiniOzoneClusterImpl-5ea26da2-f48a-485b-abc0-853cbfba6fbc/datanode-8/data/ratis/21333f8e-bd9d-4292-95b6-9e5fa7894a87/sm/snapshot.2_14
2019-09-11 21:56:58,024 [grpc-default-executor-11] INFO  server.GrpcServerProtocolService (GrpcServerProtocolService.java:onCompleted(113)) - cb19b877-b13a-4838-a0e1-b58882f3950d: Completed APPEND_ENTRIES, lastRequest: 35b36fdc-90f8-4649-ab4a-4033b8c96817->cb19b877-b13a-4838-a0e1-b58882f3950d#163-t2, previous=(t:2, i:20), leaderCommit=16, initializing? false, entries: <empty>
2019-09-11 21:56:58,024 [grpc-default-executor-7] INFO  impl.FollowerInfo (FollowerInfo.java:lambda$new$0(51)) - c2a73e63-4533-4661-ae84-dd5a39362559@group-AC8E2A32E389->91f926b5-2cb1-4722-b947-953fef106990: nextIndex: updateUnconditionally 21 -> 17
2019-09-11 21:56:58,024 [grpc-default-executor-9] INFO  server.GrpcLogAppender (GrpcLogAppender.java:onCompleted(293)) - 35b36fdc-90f8-4649-ab4a-4033b8c96817@group-9E5FA7894A87->b94e9841-c110-46af-9cbb-637204d6ae15-AppendLogResponseHandler: follower responses appendEntries COMPLETED
2019-09-11 21:56:58,025 [grpc-default-executor-14] WARN  server.GrpcLogAppender (LogUtils.java:warn(134)) - b90393f0-91c9-4286-839e-32ae26f144bd@group-50C9D9F18802->b8cc5711-5e40-41ff-95d6-57cfdaa6737f-AppendLogResponseHandler: Failed appendEntries: org.apache.ratis.thirdparty.io.grpc.StatusRuntimeException: UNAVAILABLE: io exception
2019-09-11 21:56:58,025 [grpc-default-executor-5] WARN  server.GrpcLogAppender (LogUtils.java:warn(134)) - b90393f0-91c9-4286-839e-32ae26f144bd@group-50C9D9F18802->a5cc9080-cfb9-4240-b5a2-6affb7ccbad1-AppendLogResponseHandler: Failed appendEntries: org.apache.ratis.thirdparty.io.grpc.StatusRuntimeException: UNAVAILABLE: io exception
2019-09-11 21:56:58,025 [grpc-default-executor-9] INFO  impl.FollowerInfo (FollowerInfo.java:lambda$new$0(51)) - 35b36fdc-90f8-4649-ab4a-4033b8c96817@group-9E5FA7894A87->b94e9841-c110-46af-9cbb-637204d6ae15: nextIndex: updateUnconditionally 21 -> 17
2019-09-11 21:56:58,025 [grpc-default-executor-5] INFO  impl.FollowerInfo (FollowerInfo.java:lambda$new$0(51)) - b90393f0-91c9-4286-839e-32ae26f144bd@group-50C9D9F18802->a5cc9080-cfb9-4240-b5a2-6affb7ccbad1: nextIndex: updateUnconditionally 5 -> 4
2019-09-11 21:56:58,025 [grpc-default-executor-13] INFO  server.GrpcLogAppender (GrpcLogAppender.java:onCompleted(293)) - 35b36fdc-90f8-4649-ab4a-4033b8c96817@group-9E5FA7894A87->cb19b877-b13a-4838-a0e1-b58882f3950d-AppendLogResponseHandler: follower responses appendEntries COMPLETED
2019-09-11 21:56:58,025 [grpc-default-executor-14] INFO  impl.FollowerInfo (FollowerInfo.java:lambda$new$0(51)) - b90393f0-91c9-4286-839e-32ae26f144bd@group-50C9D9F18802->b8cc5711-5e40-41ff-95d6-57cfdaa6737f: nextIndex: updateUnconditionally 5 -> 4
2019-09-11 21:56:58,026 [grpc-default-executor-13] INFO  impl.FollowerInfo (FollowerInfo.java:lambda$new$0(51)) - 35b36fdc-90f8-4649-ab4a-4033b8c96817@group-9E5FA7894A87->cb19b877-b13a-4838-a0e1-b58882f3950d: nextIndex: updateUnconditionally 21 -> 17
2019-09-11 21:56:58,027 [c2a73e63-4533-4661-ae84-dd5a39362559@group-AC8E2A32E389-StateMachineUpdater] INFO  ratis.ContainerStateMachine (ContainerStateMachine.java:takeSnapshot(300)) - group-AC8E2A32E389: Finished taking a snapshot at:(t:2, i:14) file:/workdir/hadoop-ozone/integration-test/target/test-dir/MiniOzoneClusterImpl-5ea26da2-f48a-485b-abc0-853cbfba6fbc/datanode-3/data/ratis/3022a5dc-24e7-4c49-a0cd-ac8e2a32e389/sm/snapshot.2_14 time:18
2019-09-11 21:56:58,027 [c2a73e63-4533-4661-ae84-dd5a39362559@group-AC8E2A32E389-StateMachineUpdater] INFO  impl.StateMachineUpdater (StateMachineUpdater.java:takeSnapshot(258)) - c2a73e63-4533-4661-ae84-dd5a39362559@group-AC8E2A32E389-StateMachineUpdater: Took a snapshot at index 14
2019-09-11 21:56:58,027 [c2a73e63-4533-4661-ae84-dd5a39362559@group-AC8E2A32E389-StateMachineUpdater] INFO  impl.StateMachineUpdater (StateMachineUpdater.java:lambda$new$0(83)) - c2a73e63-4533-4661-ae84-dd5a39362559@group-AC8E2A32E389-StateMachineUpdater: snapshotIndex: updateIncreasingly -1 -> 14
2019-09-11 21:56:58,027 [c2a73e63-4533-4661-ae84-dd5a39362559@group-AC8E2A32E389-StateMachineUpdater] INFO  ratis.ContainerStateMachine (ContainerStateMachine.java:takeSnapshot(289)) - group-AC8E2A32E389: Taking a snapshot at:(t:2, i:14) file /workdir/hadoop-ozone/integration-test/target/test-dir/MiniOzoneClusterImpl-5ea26da2-f48a-485b-abc0-853cbfba6fbc/datanode-3/data/ratis/3022a5dc-24e7-4c49-a0cd-ac8e2a32e389/sm/snapshot.2_14
2019-09-11 21:56:58,028 [35b36fdc-90f8-4649-ab4a-4033b8c96817@group-9E5FA7894A87-StateMachineUpdater] INFO  ratis.ContainerStateMachine (ContainerStateMachine.java:takeSnapshot(300)) - group-9E5FA7894A87: Finished taking a snapshot at:(t:2, i:14) file:/workdir/hadoop-ozone/integration-test/target/test-dir/MiniOzoneClusterImpl-5ea26da2-f48a-485b-abc0-853cbfba6fbc/datanode-8/data/ratis/21333f8e-bd9d-4292-95b6-9e5fa7894a87/sm/snapshot.2_14 time:4
2019-09-11 21:56:58,028 [35b36fdc-90f8-4649-ab4a-4033b8c96817@group-9E5FA7894A87-StateMachineUpdater] INFO  impl.StateMachineUpdater (StateMachineUpdater.java:takeSnapshot(258)) - 35b36fdc-90f8-4649-ab4a-4033b8c96817@group-9E5FA7894A87-StateMachineUpdater: Took a snapshot at index 14
2019-09-11 21:56:58,028 [35b36fdc-90f8-4649-ab4a-4033b8c96817@group-9E5FA7894A87-StateMachineUpdater] INFO  impl.StateMachineUpdater (StateMachineUpdater.java:lambda$new$0(83)) - 35b36fdc-90f8-4649-ab4a-4033b8c96817@group-9E5FA7894A87-StateMachineUpdater: snapshotIndex: updateIncreasingly -1 -> 14
2019-09-11 21:56:58,028 [35b36fdc-90f8-4649-ab4a-4033b8c96817@group-9E5FA7894A87-StateMachineUpdater] INFO  ratis.ContainerStateMachine (ContainerStateMachine.java:takeSnapshot(289)) - group-9E5FA7894A87: Taking a snapshot at:(t:2, i:14) file /workdir/hadoop-ozone/integration-test/target/test-dir/MiniOzoneClusterImpl-5ea26da2-f48a-485b-abc0-853cbfba6fbc/datanode-8/data/ratis/21333f8e-bd9d-4292-95b6-9e5fa7894a87/sm/snapshot.2_14
2019-09-11 21:56:58,030 [c2a73e63-4533-4661-ae84-dd5a39362559@group-AC8E2A32E389-StateMachineUpdater] INFO  ratis.ContainerStateMachine (ContainerStateMachine.java:takeSnapshot(300)) - group-AC8E2A32E389: Finished taking a snapshot at:(t:2, i:14) file:/workdir/hadoop-ozone/integration-test/target/test-dir/MiniOzoneClusterImpl-5ea26da2-f48a-485b-abc0-853cbfba6fbc/datanode-3/data/ratis/3022a5dc-24e7-4c49-a0cd-ac8e2a32e389/sm/snapshot.2_14 time:3
2019-09-11 21:56:58,031 [c2a73e63-4533-4661-ae84-dd5a39362559@group-AC8E2A32E389-StateMachineUpdater] INFO  impl.StateMachineUpdater (StateMachineUpdater.java:takeSnapshot(258)) - c2a73e63-4533-4661-ae84-dd5a39362559@group-AC8E2A32E389-StateMachineUpdater: Took a snapshot at index 14
2019-09-11 21:56:58,030 [35b36fdc-90f8-4649-ab4a-4033b8c96817@group-9E5FA7894A87-StateMachineUpdater] INFO  ratis.ContainerStateMachine (ContainerStateMachine.java:takeSnapshot(300)) - group-9E5FA7894A87: Finished taking a snapshot at:(t:2, i:14) file:/workdir/hadoop-ozone/integration-test/target/test-dir/MiniOzoneClusterImpl-5ea26da2-f48a-485b-abc0-853cbfba6fbc/datanode-8/data/ratis/21333f8e-bd9d-4292-95b6-9e5fa7894a87/sm/snapshot.2_14 time:2
2019-09-11 21:56:58,031 [c2a73e63-4533-4661-ae84-dd5a39362559@group-AC8E2A32E389-StateMachineUpdater] INFO  impl.StateMachineUpdater (StateMachineUpdater.java:lambda$new$0(83)) - c2a73e63-4533-4661-ae84-dd5a39362559@group-AC8E2A32E389-StateMachineUpdater: snapshotIndex: updateIncreasingly 14 -> 14
2019-09-11 21:56:58,031 [35b36fdc-90f8-4649-ab4a-4033b8c96817@group-9E5FA7894A87-StateMachineUpdater] INFO  impl.StateMachineUpdater (StateMachineUpdater.java:takeSnapshot(258)) - 35b36fdc-90f8-4649-ab4a-4033b8c96817@group-9E5FA7894A87-StateMachineUpdater: Took a snapshot at index 14
2019-09-11 21:56:58,031 [35b36fdc-90f8-4649-ab4a-4033b8c96817@group-9E5FA7894A87-StateMachineUpdater] INFO  impl.StateMachineUpdater (StateMachineUpdater.java:lambda$new$0(83)) - 35b36fdc-90f8-4649-ab4a-4033b8c96817@group-9E5FA7894A87-StateMachineUpdater: snapshotIndex: updateIncreasingly 14 -> 14
2019-09-11 21:56:58,031 [ForkJoinPool.commonPool-worker-1] INFO  impl.RaftServerImpl (ServerState.java:close(385)) - c2a73e63-4533-4661-ae84-dd5a39362559@group-AC8E2A32E389: closes. applyIndex: 16
2019-09-11 21:56:58,031 [main] INFO  impl.RaftServerImpl (ServerState.java:close(385)) - 35b36fdc-90f8-4649-ab4a-4033b8c96817@group-9E5FA7894A87: closes. applyIndex: 16
2019-09-11 21:56:58,035 [c2a73e63-4533-4661-ae84-dd5a39362559@group-AC8E2A32E389-SegmentedRaftLogWorker] ERROR ratis.XceiverServerRatis (XceiverServerRatis.java:triggerPipelineClose(568)) - pipeline Action CLOSE  on pipeline PipelineID=3022a5dc-24e7-4c49-a0cd-ac8e2a32e389.Reason : WriteLog:19: (t:2, i:19), STATEMACHINELOGENTRY, client-50BBF47487D0, cid=30-writeStateMachineData interrupted.
2019-09-11 21:56:58,035 [35b36fdc-90f8-4649-ab4a-4033b8c96817@group-9E5FA7894A87-SegmentedRaftLogWorker] ERROR ratis.XceiverServerRatis (XceiverServerRatis.java:triggerPipelineClose(568)) - pipeline Action CLOSE  on pipeline PipelineID=21333f8e-bd9d-4292-95b6-9e5fa7894a87.Reason : WriteLog:19: (t:2, i:19), STATEMACHINELOGENTRY, client-BDC949EA7344, cid=44-writeStateMachineData interrupted.
2019-09-11 21:56:58,049 [ForkJoinPool.commonPool-worker-1] INFO  segmented.SegmentedRaftLogWorker (SegmentedRaftLogWorker.java:close(228)) - c2a73e63-4533-4661-ae84-dd5a39362559@group-AC8E2A32E389-SegmentedRaftLogWorker close()
2019-09-11 21:56:58,052 [main] INFO  segmented.SegmentedRaftLogWorker (SegmentedRaftLogWorker.java:close(228)) - 35b36fdc-90f8-4649-ab4a-4033b8c96817@group-9E5FA7894A87-SegmentedRaftLogWorker close()
2019-09-11 21:56:58,052 [ForkJoinPool.commonPool-worker-1] INFO  server.GrpcService (GrpcService.java:closeImpl(164)) - c2a73e63-4533-4661-ae84-dd5a39362559: shutdown server with port 40043 now
2019-09-11 21:56:58,065 [main] INFO  server.GrpcService (GrpcService.java:closeImpl(164)) - 35b36fdc-90f8-4649-ab4a-4033b8c96817: shutdown server with port 35400 now
2019-09-11 21:56:58,066 [ForkJoinPool.commonPool-worker-1] INFO  server.GrpcService (GrpcService.java:closeImpl(172)) - c2a73e63-4533-4661-ae84-dd5a39362559: shutdown server with port 40043 successfully
2019-09-11 21:56:58,067 [main] INFO  server.GrpcService (GrpcService.java:closeImpl(172)) - 35b36fdc-90f8-4649-ab4a-4033b8c96817: shutdown server with port 35400 successfully
2019-09-11 21:56:58,075 [refreshUsed-/workdir/hadoop-ozone/integration-test/target/test-dir/MiniOzoneClusterImpl-5ea26da2-f48a-485b-abc0-853cbfba6fbc/datanode-8/data/containers] WARN  fs.CachingGetSpaceUsed (CachingGetSpaceUsed.java:run(183)) - Thread Interrupted waiting to refresh disk information: sleep interrupted
2019-09-11 21:56:58,080 [refreshUsed-/workdir/hadoop-ozone/integration-test/target/test-dir/MiniOzoneClusterImpl-5ea26da2-f48a-485b-abc0-853cbfba6fbc/datanode-3/data/containers] WARN  fs.CachingGetSpaceUsed (CachingGetSpaceUsed.java:run(183)) - Thread Interrupted waiting to refresh disk information: sleep interrupted
2019-09-11 21:56:58,093 [ForkJoinPool.commonPool-worker-1] INFO  utils.BackgroundService (BackgroundService.java:shutdown(148)) - Shutting down service BlockDeletingService
2019-09-11 21:56:58,097 [main] INFO  utils.BackgroundService (BackgroundService.java:shutdown(148)) - Shutting down service BlockDeletingService
2019-09-11 21:56:58,098 [ForkJoinPool.commonPool-worker-1] INFO  statemachine.DatanodeStateMachine (DatanodeStateMachine.java:stopDaemon(395)) - Ozone container server stopped.
2019-09-11 21:56:58,106 [main] INFO  statemachine.DatanodeStateMachine (DatanodeStateMachine.java:stopDaemon(395)) - Ozone container server stopped.
2019-09-11 21:56:58,108 [ForkJoinPool.commonPool-worker-1] INFO  handler.ContextHandler (ContextHandler.java:doStop(910)) - Stopped o.e.j.w.WebAppContext@7d44a19{/,null,UNAVAILABLE}{/hddsDatanode}
2019-09-11 21:56:58,108 [main] INFO  handler.ContextHandler (ContextHandler.java:doStop(910)) - Stopped o.e.j.w.WebAppContext@33063f5b{/,null,UNAVAILABLE}{/hddsDatanode}
2019-09-11 21:56:58,108 [ForkJoinPool.commonPool-worker-1] INFO  server.AbstractConnector (AbstractConnector.java:doStop(318)) - Stopped ServerConnector@1fb2d5e{HTTP/1.1,[http/1.1]}{0.0.0.0:0}
2019-09-11 21:56:58,109 [main] INFO  server.AbstractConnector (AbstractConnector.java:doStop(318)) - Stopped ServerConnector@15405bd6{HTTP/1.1,[http/1.1]}{0.0.0.0:0}
2019-09-11 21:56:58,110 [ForkJoinPool.commonPool-worker-1] INFO  handler.ContextHandler (ContextHandler.java:doStop(910)) - Stopped o.e.j.s.ServletContextHandler@53b7ce6{/static,jar:file:/home/user/.m2/repository/org/apache/hadoop/hadoop-hdds-container-service/0.5.0-SNAPSHOT/hadoop-hdds-container-service-0.5.0-SNAPSHOT.jar!/webapps/static,UNAVAILABLE}
2019-09-11 21:56:58,112 [main] INFO  handler.ContextHandler (ContextHandler.java:doStop(910)) - Stopped o.e.j.s.ServletContextHandler@47be0f9b{/static,jar:file:/home/user/.m2/repository/org/apache/hadoop/hadoop-hdds-container-service/0.5.0-SNAPSHOT/hadoop-hdds-container-service-0.5.0-SNAPSHOT.jar!/webapps/static,UNAVAILABLE}
2019-09-11 21:56:58,112 [ForkJoinPool.commonPool-worker-1] INFO  handler.ContextHandler (ContextHandler.java:doStop(910)) - Stopped o.e.j.s.ServletContextHandler@74ecacc3{/logs,file:///workdir/hadoop-ozone/integration-test/target/log,UNAVAILABLE}
2019-09-11 21:56:58,112 [main] INFO  handler.ContextHandler (ContextHandler.java:doStop(910)) - Stopped o.e.j.s.ServletContextHandler@30ca0779{/logs,file:///workdir/hadoop-ozone/integration-test/target/log,UNAVAILABLE}
2019-09-11 21:56:58,517 [grpc-default-executor-5] WARN  server.GrpcLogAppender (LogUtils.java:warn(134)) - b90393f0-91c9-4286-839e-32ae26f144bd@group-50C9D9F18802->a5cc9080-cfb9-4240-b5a2-6affb7ccbad1-AppendLogResponseHandler: Failed appendEntries: org.apache.ratis.thirdparty.io.grpc.StatusRuntimeException: UNAVAILABLE: io exception
2019-09-11 21:56:58,517 [grpc-default-executor-14] WARN  server.GrpcLogAppender (LogUtils.java:warn(134)) - b90393f0-91c9-4286-839e-32ae26f144bd@group-50C9D9F18802->b8cc5711-5e40-41ff-95d6-57cfdaa6737f-AppendLogResponseHandler: Failed appendEntries: org.apache.ratis.thirdparty.io.grpc.StatusRuntimeException: UNAVAILABLE: io exception
2019-09-11 21:56:58,518 [grpc-default-executor-5] INFO  impl.FollowerInfo (FollowerInfo.java:lambda$new$0(51)) - b90393f0-91c9-4286-839e-32ae26f144bd@group-50C9D9F18802->a5cc9080-cfb9-4240-b5a2-6affb7ccbad1: nextIndex: updateUnconditionally 4 -> 3
2019-09-11 21:56:58,518 [grpc-default-executor-14] INFO  impl.FollowerInfo (FollowerInfo.java:lambda$new$0(51)) - b90393f0-91c9-4286-839e-32ae26f144bd@group-50C9D9F18802->b8cc5711-5e40-41ff-95d6-57cfdaa6737f: nextIndex: updateUnconditionally 4 -> 3
2019-09-11 21:56:58,585 [Datanode State Machine Thread - 0] INFO  statemachine.DatanodeStateMachine (DatanodeStateMachine.java:lambda$startDaemon$0(350)) - Ozone container server started.
2019-09-11 21:56:58,826 [Datanode State Machine Thread - 0] INFO  statemachine.DatanodeStateMachine (DatanodeStateMachine.java:lambda$startDaemon$0(350)) - Ozone container server started.
2019-09-11 21:56:59,017 [grpc-default-executor-13] WARN  server.GrpcLogAppender (LogUtils.java:warn(134)) - b90393f0-91c9-4286-839e-32ae26f144bd@group-50C9D9F18802->b8cc5711-5e40-41ff-95d6-57cfdaa6737f-AppendLogResponseHandler: Failed appendEntries: org.apache.ratis.thirdparty.io.grpc.StatusRuntimeException: UNAVAILABLE: io exception
2019-09-11 21:56:59,017 [grpc-default-executor-9] WARN  server.GrpcLogAppender (LogUtils.java:warn(134)) - b90393f0-91c9-4286-839e-32ae26f144bd@group-50C9D9F18802->a5cc9080-cfb9-4240-b5a2-6affb7ccbad1-AppendLogResponseHandler: Failed appendEntries: org.apache.ratis.thirdparty.io.grpc.StatusRuntimeException: UNAVAILABLE: io exception
2019-09-11 21:56:59,018 [grpc-default-executor-13] INFO  impl.FollowerInfo (FollowerInfo.java:lambda$new$0(51)) - b90393f0-91c9-4286-839e-32ae26f144bd@group-50C9D9F18802->b8cc5711-5e40-41ff-95d6-57cfdaa6737f: nextIndex: updateUnconditionally 3 -> 2
2019-09-11 21:56:59,018 [grpc-default-executor-9] INFO  impl.FollowerInfo (FollowerInfo.java:lambda$new$0(51)) - b90393f0-91c9-4286-839e-32ae26f144bd@group-50C9D9F18802->a5cc9080-cfb9-4240-b5a2-6affb7ccbad1: nextIndex: updateUnconditionally 3 -> 2
2019-09-11 21:56:59,519 [grpc-default-executor-9] WARN  server.GrpcLogAppender (LogUtils.java:warn(134)) - b90393f0-91c9-4286-839e-32ae26f144bd@group-50C9D9F18802->b8cc5711-5e40-41ff-95d6-57cfdaa6737f-AppendLogResponseHandler: Failed appendEntries: org.apache.ratis.thirdparty.io.grpc.StatusRuntimeException: UNAVAILABLE: io exception
2019-09-11 21:56:59,519 [grpc-default-executor-7] WARN  server.GrpcLogAppender (LogUtils.java:warn(134)) - b90393f0-91c9-4286-839e-32ae26f144bd@group-50C9D9F18802->a5cc9080-cfb9-4240-b5a2-6affb7ccbad1-AppendLogResponseHandler: Failed appendEntries: org.apache.ratis.thirdparty.io.grpc.StatusRuntimeException: UNAVAILABLE: io exception
2019-09-11 21:56:59,519 [grpc-default-executor-9] INFO  impl.FollowerInfo (FollowerInfo.java:lambda$new$0(51)) - b90393f0-91c9-4286-839e-32ae26f144bd@group-50C9D9F18802->b8cc5711-5e40-41ff-95d6-57cfdaa6737f: nextIndex: updateUnconditionally 2 -> 1
2019-09-11 21:56:59,520 [grpc-default-executor-7] INFO  impl.FollowerInfo (FollowerInfo.java:lambda$new$0(51)) - b90393f0-91c9-4286-839e-32ae26f144bd@group-50C9D9F18802->a5cc9080-cfb9-4240-b5a2-6affb7ccbad1: nextIndex: updateUnconditionally 2 -> 1
2019-09-11 21:57:00,019 [grpc-default-executor-14] WARN  server.GrpcLogAppender (LogUtils.java:warn(134)) - b90393f0-91c9-4286-839e-32ae26f144bd@group-50C9D9F18802->b8cc5711-5e40-41ff-95d6-57cfdaa6737f-AppendLogResponseHandler: Failed appendEntries: org.apache.ratis.thirdparty.io.grpc.StatusRuntimeException: UNAVAILABLE: io exception
2019-09-11 21:57:00,019 [grpc-default-executor-5] WARN  server.GrpcLogAppender (LogUtils.java:warn(134)) - b90393f0-91c9-4286-839e-32ae26f144bd@group-50C9D9F18802->a5cc9080-cfb9-4240-b5a2-6affb7ccbad1-AppendLogResponseHandler: Failed appendEntries: org.apache.ratis.thirdparty.io.grpc.StatusRuntimeException: UNAVAILABLE: io exception
2019-09-11 21:57:00,020 [grpc-default-executor-14] INFO  impl.FollowerInfo (FollowerInfo.java:lambda$new$0(51)) - b90393f0-91c9-4286-839e-32ae26f144bd@group-50C9D9F18802->b8cc5711-5e40-41ff-95d6-57cfdaa6737f: nextIndex: updateUnconditionally 1 -> 0
2019-09-11 21:57:00,020 [grpc-default-executor-5] INFO  impl.FollowerInfo (FollowerInfo.java:lambda$new$0(51)) - b90393f0-91c9-4286-839e-32ae26f144bd@group-50C9D9F18802->a5cc9080-cfb9-4240-b5a2-6affb7ccbad1: nextIndex: updateUnconditionally 1 -> 0
2019-09-11 21:57:00,524 [grpc-default-executor-14] WARN  server.GrpcLogAppender (LogUtils.java:warn(134)) - b90393f0-91c9-4286-839e-32ae26f144bd@group-50C9D9F18802->b8cc5711-5e40-41ff-95d6-57cfdaa6737f-AppendLogResponseHandler: Failed appendEntries: org.apache.ratis.thirdparty.io.grpc.StatusRuntimeException: UNAVAILABLE: io exception
2019-09-11 21:57:00,524 [grpc-default-executor-5] WARN  server.GrpcLogAppender (LogUtils.java:warn(134)) - b90393f0-91c9-4286-839e-32ae26f144bd@group-50C9D9F18802->a5cc9080-cfb9-4240-b5a2-6affb7ccbad1-AppendLogResponseHandler: Failed appendEntries: org.apache.ratis.thirdparty.io.grpc.StatusRuntimeException: UNAVAILABLE: io exception
2019-09-11 21:57:00,525 [grpc-default-executor-14] INFO  impl.FollowerInfo (FollowerInfo.java:lambda$new$0(51)) - b90393f0-91c9-4286-839e-32ae26f144bd@group-50C9D9F18802->b8cc5711-5e40-41ff-95d6-57cfdaa6737f: nextIndex: updateUnconditionally 0 -> 0
2019-09-11 21:57:00,525 [grpc-default-executor-5] INFO  impl.FollowerInfo (FollowerInfo.java:lambda$new$0(51)) - b90393f0-91c9-4286-839e-32ae26f144bd@group-50C9D9F18802->a5cc9080-cfb9-4240-b5a2-6affb7ccbad1: nextIndex: updateUnconditionally 0 -> 0
2019-09-11 21:57:01,025 [grpc-default-executor-14] WARN  server.GrpcLogAppender (LogUtils.java:warn(134)) - b90393f0-91c9-4286-839e-32ae26f144bd@group-50C9D9F18802->a5cc9080-cfb9-4240-b5a2-6affb7ccbad1-AppendLogResponseHandler: Failed appendEntries: org.apache.ratis.thirdparty.io.grpc.StatusRuntimeException: UNAVAILABLE: io exception
2019-09-11 21:57:01,025 [grpc-default-executor-5] WARN  server.GrpcLogAppender (LogUtils.java:warn(134)) - b90393f0-91c9-4286-839e-32ae26f144bd@group-50C9D9F18802->b8cc5711-5e40-41ff-95d6-57cfdaa6737f-AppendLogResponseHandler: Failed appendEntries: org.apache.ratis.thirdparty.io.grpc.StatusRuntimeException: UNAVAILABLE: io exception
2019-09-11 21:57:01,026 [grpc-default-executor-5] INFO  impl.FollowerInfo (FollowerInfo.java:lambda$new$0(51)) - b90393f0-91c9-4286-839e-32ae26f144bd@group-50C9D9F18802->b8cc5711-5e40-41ff-95d6-57cfdaa6737f: nextIndex: updateUnconditionally 0 -> 0
2019-09-11 21:57:01,026 [grpc-default-executor-14] INFO  impl.FollowerInfo (FollowerInfo.java:lambda$new$0(51)) - b90393f0-91c9-4286-839e-32ae26f144bd@group-50C9D9F18802->a5cc9080-cfb9-4240-b5a2-6affb7ccbad1: nextIndex: updateUnconditionally 0 -> 0
2019-09-11 21:57:01,525 [grpc-default-executor-7] WARN  server.GrpcLogAppender (LogUtils.java:warn(134)) - b90393f0-91c9-4286-839e-32ae26f144bd@group-50C9D9F18802->a5cc9080-cfb9-4240-b5a2-6affb7ccbad1-AppendLogResponseHandler: Failed appendEntries: org.apache.ratis.thirdparty.io.grpc.StatusRuntimeException: UNAVAILABLE: io exception
2019-09-11 21:57:01,525 [grpc-default-executor-9] WARN  server.GrpcLogAppender (LogUtils.java:warn(134)) - b90393f0-91c9-4286-839e-32ae26f144bd@group-50C9D9F18802->b8cc5711-5e40-41ff-95d6-57cfdaa6737f-AppendLogResponseHandler: Failed appendEntries: org.apache.ratis.thirdparty.io.grpc.StatusRuntimeException: UNAVAILABLE: io exception
2019-09-11 21:57:01,525 [grpc-default-executor-7] INFO  impl.FollowerInfo (FollowerInfo.java:lambda$new$0(51)) - b90393f0-91c9-4286-839e-32ae26f144bd@group-50C9D9F18802->a5cc9080-cfb9-4240-b5a2-6affb7ccbad1: nextIndex: updateUnconditionally 0 -> 0
2019-09-11 21:57:01,526 [grpc-default-executor-9] INFO  impl.FollowerInfo (FollowerInfo.java:lambda$new$0(51)) - b90393f0-91c9-4286-839e-32ae26f144bd@group-50C9D9F18802->b8cc5711-5e40-41ff-95d6-57cfdaa6737f: nextIndex: updateUnconditionally 0 -> 0
2019-09-11 21:57:02,029 [grpc-default-executor-4] WARN  server.GrpcLogAppender (LogUtils.java:warn(134)) - b90393f0-91c9-4286-839e-32ae26f144bd@group-50C9D9F18802->a5cc9080-cfb9-4240-b5a2-6affb7ccbad1-AppendLogResponseHandler: Failed appendEntries: org.apache.ratis.thirdparty.io.grpc.StatusRuntimeException: UNAVAILABLE: io exception
2019-09-11 21:57:02,029 [grpc-default-executor-5] WARN  server.GrpcLogAppender (LogUtils.java:warn(134)) - b90393f0-91c9-4286-839e-32ae26f144bd@group-50C9D9F18802->b8cc5711-5e40-41ff-95d6-57cfdaa6737f-AppendLogResponseHandler: Failed appendEntries: org.apache.ratis.thirdparty.io.grpc.StatusRuntimeException: UNAVAILABLE: io exception
2019-09-11 21:57:02,030 [grpc-default-executor-4] INFO  impl.FollowerInfo (FollowerInfo.java:lambda$new$0(51)) - b90393f0-91c9-4286-839e-32ae26f144bd@group-50C9D9F18802->a5cc9080-cfb9-4240-b5a2-6affb7ccbad1: nextIndex: updateUnconditionally 0 -> 0
2019-09-11 21:57:02,031 [grpc-default-executor-5] INFO  impl.FollowerInfo (FollowerInfo.java:lambda$new$0(51)) - b90393f0-91c9-4286-839e-32ae26f144bd@group-50C9D9F18802->b8cc5711-5e40-41ff-95d6-57cfdaa6737f: nextIndex: updateUnconditionally 0 -> 0
2019-09-11 21:57:02,532 [grpc-default-executor-7] WARN  server.GrpcLogAppender (LogUtils.java:warn(134)) - b90393f0-91c9-4286-839e-32ae26f144bd@group-50C9D9F18802->b8cc5711-5e40-41ff-95d6-57cfdaa6737f-AppendLogResponseHandler: Failed appendEntries: org.apache.ratis.thirdparty.io.grpc.StatusRuntimeException: UNAVAILABLE: io exception
2019-09-11 21:57:02,533 [grpc-default-executor-14] WARN  server.GrpcLogAppender (LogUtils.java:warn(134)) - b90393f0-91c9-4286-839e-32ae26f144bd@group-50C9D9F18802->a5cc9080-cfb9-4240-b5a2-6affb7ccbad1-AppendLogResponseHandler: Failed appendEntries: org.apache.ratis.thirdparty.io.grpc.StatusRuntimeException: UNAVAILABLE: io exception
2019-09-11 21:57:02,533 [grpc-default-executor-7] INFO  impl.FollowerInfo (FollowerInfo.java:lambda$new$0(51)) - b90393f0-91c9-4286-839e-32ae26f144bd@group-50C9D9F18802->b8cc5711-5e40-41ff-95d6-57cfdaa6737f: nextIndex: updateUnconditionally 0 -> 0
2019-09-11 21:57:02,533 [grpc-default-executor-14] INFO  impl.FollowerInfo (FollowerInfo.java:lambda$new$0(51)) - b90393f0-91c9-4286-839e-32ae26f144bd@group-50C9D9F18802->a5cc9080-cfb9-4240-b5a2-6affb7ccbad1: nextIndex: updateUnconditionally 0 -> 0
2019-09-11 21:57:03,031 [grpc-default-executor-7] WARN  server.GrpcLogAppender (LogUtils.java:warn(134)) - b90393f0-91c9-4286-839e-32ae26f144bd@group-50C9D9F18802->b8cc5711-5e40-41ff-95d6-57cfdaa6737f-AppendLogResponseHandler: Failed appendEntries: org.apache.ratis.thirdparty.io.grpc.StatusRuntimeException: UNAVAILABLE: io exception
2019-09-11 21:57:03,031 [grpc-default-executor-4] WARN  server.GrpcLogAppender (LogUtils.java:warn(134)) - b90393f0-91c9-4286-839e-32ae26f144bd@group-50C9D9F18802->a5cc9080-cfb9-4240-b5a2-6affb7ccbad1-AppendLogResponseHandler: Failed appendEntries: org.apache.ratis.thirdparty.io.grpc.StatusRuntimeException: UNAVAILABLE: io exception
2019-09-11 21:57:03,032 [grpc-default-executor-7] INFO  impl.FollowerInfo (FollowerInfo.java:lambda$new$0(51)) - b90393f0-91c9-4286-839e-32ae26f144bd@group-50C9D9F18802->b8cc5711-5e40-41ff-95d6-57cfdaa6737f: nextIndex: updateUnconditionally 0 -> 0
2019-09-11 21:57:03,032 [grpc-default-executor-4] INFO  impl.FollowerInfo (FollowerInfo.java:lambda$new$0(51)) - b90393f0-91c9-4286-839e-32ae26f144bd@group-50C9D9F18802->a5cc9080-cfb9-4240-b5a2-6affb7ccbad1: nextIndex: updateUnconditionally 0 -> 0
2019-09-11 21:57:03,114 [ForkJoinPool.commonPool-worker-1] INFO  ozoneimpl.OzoneContainer (OzoneContainer.java:stop(231)) - Attempting to stop container services.
2019-09-11 21:57:03,114 [main] INFO  ozoneimpl.OzoneContainer (OzoneContainer.java:stop(231)) - Attempting to stop container services.
2019-09-11 21:57:03,115 [ForkJoinPool.commonPool-worker-1] INFO  impl.RaftServerProxy (RaftServerProxy.java:lambda$close$4(314)) - bc5b1f13-910c-4303-9fd1-733985921f93: close
2019-09-11 21:57:03,116 [main] INFO  impl.RaftServerProxy (RaftServerProxy.java:lambda$close$4(314)) - b94e9841-c110-46af-9cbb-637204d6ae15: close
2019-09-11 21:57:03,116 [ForkJoinPool.commonPool-worker-1] INFO  impl.RaftServerImpl (RaftServerImpl.java:lambda$shutdown$3(251)) - bc5b1f13-910c-4303-9fd1-733985921f93@group-6C52C0A0FF0F: shutdown
2019-09-11 21:57:03,116 [main] INFO  impl.RaftServerImpl (RaftServerImpl.java:lambda$shutdown$3(251)) - b94e9841-c110-46af-9cbb-637204d6ae15@group-0D459761AC25: shutdown
2019-09-11 21:57:03,116 [ForkJoinPool.commonPool-worker-1] INFO  util.JmxRegister (JmxRegister.java:unregister(73)) - Successfully un-registered JMX Bean with object name Ratis:service=RaftServer,group=group-6C52C0A0FF0F,id=bc5b1f13-910c-4303-9fd1-733985921f93
2019-09-11 21:57:03,116 [main] INFO  util.JmxRegister (JmxRegister.java:unregister(73)) - Successfully un-registered JMX Bean with object name Ratis:service=RaftServer,group=group-0D459761AC25,id=b94e9841-c110-46af-9cbb-637204d6ae15
2019-09-11 21:57:03,117 [ForkJoinPool.commonPool-worker-1] INFO  impl.RoleInfo (RoleInfo.java:shutdownLeaderState(104)) - bc5b1f13-910c-4303-9fd1-733985921f93: shutdown LeaderState
2019-09-11 21:57:03,117 [main] INFO  impl.RoleInfo (RoleInfo.java:shutdownLeaderState(104)) - b94e9841-c110-46af-9cbb-637204d6ae15: shutdown LeaderState
2019-09-11 21:57:03,117 [ForkJoinPool.commonPool-worker-1] INFO  impl.PendingRequests (PendingRequests.java:sendNotLeaderResponses(202)) - bc5b1f13-910c-4303-9fd1-733985921f93-PendingRequests: sendNotLeaderResponses
2019-09-11 21:57:03,118 [main] INFO  impl.PendingRequests (PendingRequests.java:sendNotLeaderResponses(202)) - b94e9841-c110-46af-9cbb-637204d6ae15-PendingRequests: sendNotLeaderResponses
2019-09-11 21:57:03,118 [ForkJoinPool.commonPool-worker-1] INFO  impl.StateMachineUpdater (StateMachineUpdater.java:stopAndJoin(125)) - bc5b1f13-910c-4303-9fd1-733985921f93@group-6C52C0A0FF0F-StateMachineUpdater: set stopIndex = 0
2019-09-11 21:57:03,118 [main] INFO  impl.StateMachineUpdater (StateMachineUpdater.java:stopAndJoin(125)) - b94e9841-c110-46af-9cbb-637204d6ae15@group-0D459761AC25-StateMachineUpdater: set stopIndex = 0
2019-09-11 21:57:03,119 [ForkJoinPool.commonPool-worker-1] INFO  impl.RaftServerImpl (ServerState.java:close(385)) - bc5b1f13-910c-4303-9fd1-733985921f93@group-6C52C0A0FF0F: closes. applyIndex: 0
2019-09-11 21:57:03,119 [main] INFO  impl.RaftServerImpl (ServerState.java:close(385)) - b94e9841-c110-46af-9cbb-637204d6ae15@group-0D459761AC25: closes. applyIndex: 0
2019-09-11 21:57:03,119 [bc5b1f13-910c-4303-9fd1-733985921f93@group-6C52C0A0FF0F-SegmentedRaftLogWorker] INFO  segmented.SegmentedRaftLogWorker (SegmentedRaftLogWorker.java:run(313)) - bc5b1f13-910c-4303-9fd1-733985921f93@group-6C52C0A0FF0F-SegmentedRaftLogWorker was interrupted, exiting. There are 0 tasks remaining in the queue.
2019-09-11 21:57:03,119 [b94e9841-c110-46af-9cbb-637204d6ae15@group-0D459761AC25-SegmentedRaftLogWorker] INFO  segmented.SegmentedRaftLogWorker (SegmentedRaftLogWorker.java:run(313)) - b94e9841-c110-46af-9cbb-637204d6ae15@group-0D459761AC25-SegmentedRaftLogWorker was interrupted, exiting. There are 0 tasks remaining in the queue.
2019-09-11 21:57:03,120 [ForkJoinPool.commonPool-worker-1] INFO  segmented.SegmentedRaftLogWorker (SegmentedRaftLogWorker.java:close(228)) - bc5b1f13-910c-4303-9fd1-733985921f93@group-6C52C0A0FF0F-SegmentedRaftLogWorker close()
2019-09-11 21:57:03,120 [main] INFO  segmented.SegmentedRaftLogWorker (SegmentedRaftLogWorker.java:close(228)) - b94e9841-c110-46af-9cbb-637204d6ae15@group-0D459761AC25-SegmentedRaftLogWorker close()
2019-09-11 21:57:03,122 [ForkJoinPool.commonPool-worker-1] INFO  server.GrpcService (GrpcService.java:closeImpl(164)) - bc5b1f13-910c-4303-9fd1-733985921f93: shutdown server with port 40258 now
2019-09-11 21:57:03,124 [main] INFO  impl.RaftServerImpl (RaftServerImpl.java:lambda$shutdown$3(251)) - b94e9841-c110-46af-9cbb-637204d6ae15@group-9E5FA7894A87: shutdown
2019-09-11 21:57:03,125 [ForkJoinPool.commonPool-worker-1] INFO  server.GrpcService (GrpcService.java:closeImpl(172)) - bc5b1f13-910c-4303-9fd1-733985921f93: shutdown server with port 40258 successfully
2019-09-11 21:57:03,125 [main] INFO  util.JmxRegister (JmxRegister.java:unregister(73)) - Successfully un-registered JMX Bean with object name Ratis:service=RaftServer,group=group-9E5FA7894A87,id=b94e9841-c110-46af-9cbb-637204d6ae15
2019-09-11 21:57:03,126 [main] INFO  impl.RoleInfo (RoleInfo.java:shutdownFollowerState(121)) - b94e9841-c110-46af-9cbb-637204d6ae15: shutdown FollowerState
2019-09-11 21:57:03,126 [main] INFO  impl.StateMachineUpdater (StateMachineUpdater.java:stopAndJoin(125)) - b94e9841-c110-46af-9cbb-637204d6ae15@group-9E5FA7894A87-StateMachineUpdater: set stopIndex = 16
2019-09-11 21:57:03,126 [Thread-424] INFO  impl.FollowerState (FollowerState.java:run(115)) - b94e9841-c110-46af-9cbb-637204d6ae15: FollowerState was interrupted: java.lang.InterruptedException: sleep interrupted
2019-09-11 21:57:03,127 [b94e9841-c110-46af-9cbb-637204d6ae15@group-9E5FA7894A87-StateMachineUpdater] INFO  ratis.ContainerStateMachine (ContainerStateMachine.java:takeSnapshot(289)) - group-9E5FA7894A87: Taking a snapshot at:(t:2, i:13) file /workdir/hadoop-ozone/integration-test/target/test-dir/MiniOzoneClusterImpl-5ea26da2-f48a-485b-abc0-853cbfba6fbc/datanode-9/data/ratis/21333f8e-bd9d-4292-95b6-9e5fa7894a87/sm/snapshot.2_13
2019-09-11 21:57:03,140 [refreshUsed-/workdir/hadoop-ozone/integration-test/target/test-dir/MiniOzoneClusterImpl-5ea26da2-f48a-485b-abc0-853cbfba6fbc/datanode-4/data/containers] WARN  fs.CachingGetSpaceUsed (CachingGetSpaceUsed.java:run(183)) - Thread Interrupted waiting to refresh disk information: sleep interrupted
2019-09-11 21:57:03,155 [ForkJoinPool.commonPool-worker-1] INFO  utils.BackgroundService (BackgroundService.java:shutdown(148)) - Shutting down service BlockDeletingService
2019-09-11 21:57:03,159 [ForkJoinPool.commonPool-worker-1] INFO  statemachine.DatanodeStateMachine (DatanodeStateMachine.java:stopDaemon(395)) - Ozone container server stopped.
2019-09-11 21:57:03,163 [ForkJoinPool.commonPool-worker-1] INFO  handler.ContextHandler (ContextHandler.java:doStop(910)) - Stopped o.e.j.w.WebAppContext@58ba5b30{/,null,UNAVAILABLE}{/hddsDatanode}
2019-09-11 21:57:03,164 [ForkJoinPool.commonPool-worker-1] INFO  server.AbstractConnector (AbstractConnector.java:doStop(318)) - Stopped ServerConnector@4dba773d{HTTP/1.1,[http/1.1]}{0.0.0.0:0}
2019-09-11 21:57:03,165 [ForkJoinPool.commonPool-worker-1] INFO  handler.ContextHandler (ContextHandler.java:doStop(910)) - Stopped o.e.j.s.ServletContextHandler@561b7d53{/static,jar:file:/home/user/.m2/repository/org/apache/hadoop/hadoop-hdds-container-service/0.5.0-SNAPSHOT/hadoop-hdds-container-service-0.5.0-SNAPSHOT.jar!/webapps/static,UNAVAILABLE}
2019-09-11 21:57:03,166 [b94e9841-c110-46af-9cbb-637204d6ae15@group-9E5FA7894A87-StateMachineUpdater] INFO  ratis.ContainerStateMachine (ContainerStateMachine.java:takeSnapshot(300)) - group-9E5FA7894A87: Finished taking a snapshot at:(t:2, i:13) file:/workdir/hadoop-ozone/integration-test/target/test-dir/MiniOzoneClusterImpl-5ea26da2-f48a-485b-abc0-853cbfba6fbc/datanode-9/data/ratis/21333f8e-bd9d-4292-95b6-9e5fa7894a87/sm/snapshot.2_13 time:40
2019-09-11 21:57:03,166 [ForkJoinPool.commonPool-worker-1] INFO  handler.ContextHandler (ContextHandler.java:doStop(910)) - Stopped o.e.j.s.ServletContextHandler@6c0e13b7{/logs,file:///workdir/hadoop-ozone/integration-test/target/log,UNAVAILABLE}
2019-09-11 21:57:03,167 [b94e9841-c110-46af-9cbb-637204d6ae15@group-9E5FA7894A87-StateMachineUpdater] INFO  impl.StateMachineUpdater (StateMachineUpdater.java:takeSnapshot(258)) - b94e9841-c110-46af-9cbb-637204d6ae15@group-9E5FA7894A87-StateMachineUpdater: Took a snapshot at index 13
2019-09-11 21:57:03,167 [b94e9841-c110-46af-9cbb-637204d6ae15@group-9E5FA7894A87-StateMachineUpdater] INFO  impl.StateMachineUpdater (StateMachineUpdater.java:lambda$new$0(83)) - b94e9841-c110-46af-9cbb-637204d6ae15@group-9E5FA7894A87-StateMachineUpdater: snapshotIndex: updateIncreasingly -1 -> 13
2019-09-11 21:57:03,169 [b94e9841-c110-46af-9cbb-637204d6ae15@group-9E5FA7894A87-StateMachineUpdater] INFO  ratis.ContainerStateMachine (ContainerStateMachine.java:takeSnapshot(289)) - group-9E5FA7894A87: Taking a snapshot at:(t:2, i:13) file /workdir/hadoop-ozone/integration-test/target/test-dir/MiniOzoneClusterImpl-5ea26da2-f48a-485b-abc0-853cbfba6fbc/datanode-9/data/ratis/21333f8e-bd9d-4292-95b6-9e5fa7894a87/sm/snapshot.2_13
2019-09-11 21:57:03,181 [b94e9841-c110-46af-9cbb-637204d6ae15@group-9E5FA7894A87-StateMachineUpdater] INFO  ratis.ContainerStateMachine (ContainerStateMachine.java:takeSnapshot(300)) - group-9E5FA7894A87: Finished taking a snapshot at:(t:2, i:13) file:/workdir/hadoop-ozone/integration-test/target/test-dir/MiniOzoneClusterImpl-5ea26da2-f48a-485b-abc0-853cbfba6fbc/datanode-9/data/ratis/21333f8e-bd9d-4292-95b6-9e5fa7894a87/sm/snapshot.2_13 time:12
2019-09-11 21:57:03,181 [b94e9841-c110-46af-9cbb-637204d6ae15@group-9E5FA7894A87-StateMachineUpdater] INFO  impl.StateMachineUpdater (StateMachineUpdater.java:takeSnapshot(258)) - b94e9841-c110-46af-9cbb-637204d6ae15@group-9E5FA7894A87-StateMachineUpdater: Took a snapshot at index 13
2019-09-11 21:57:03,181 [b94e9841-c110-46af-9cbb-637204d6ae15@group-9E5FA7894A87-StateMachineUpdater] INFO  impl.StateMachineUpdater (StateMachineUpdater.java:lambda$new$0(83)) - b94e9841-c110-46af-9cbb-637204d6ae15@group-9E5FA7894A87-StateMachineUpdater: snapshotIndex: updateIncreasingly 13 -> 13
2019-09-11 21:57:03,182 [main] INFO  impl.RaftServerImpl (ServerState.java:close(385)) - b94e9841-c110-46af-9cbb-637204d6ae15@group-9E5FA7894A87: closes. applyIndex: 16
2019-09-11 21:57:03,184 [b94e9841-c110-46af-9cbb-637204d6ae15@group-9E5FA7894A87-SegmentedRaftLogWorker] ERROR ratis.XceiverServerRatis (XceiverServerRatis.java:triggerPipelineClose(568)) - pipeline Action CLOSE  on pipeline PipelineID=21333f8e-bd9d-4292-95b6-9e5fa7894a87.Reason : WriteLog:19: (t:2, i:19), STATEMACHINELOGENTRY, client-BDC949EA7344, cid=44-writeStateMachineData interrupted.
2019-09-11 21:57:03,195 [main] INFO  segmented.SegmentedRaftLogWorker (SegmentedRaftLogWorker.java:close(228)) - b94e9841-c110-46af-9cbb-637204d6ae15@group-9E5FA7894A87-SegmentedRaftLogWorker close()
2019-09-11 21:57:03,197 [main] INFO  server.GrpcService (GrpcService.java:closeImpl(164)) - b94e9841-c110-46af-9cbb-637204d6ae15: shutdown server with port 45929 now
2019-09-11 21:57:03,198 [main] INFO  server.GrpcService (GrpcService.java:closeImpl(172)) - b94e9841-c110-46af-9cbb-637204d6ae15: shutdown server with port 45929 successfully
2019-09-11 21:57:03,200 [refreshUsed-/workdir/hadoop-ozone/integration-test/target/test-dir/MiniOzoneClusterImpl-5ea26da2-f48a-485b-abc0-853cbfba6fbc/datanode-9/data/containers] WARN  fs.CachingGetSpaceUsed (CachingGetSpaceUsed.java:run(183)) - Thread Interrupted waiting to refresh disk information: sleep interrupted
2019-09-11 21:57:03,221 [main] INFO  utils.BackgroundService (BackgroundService.java:shutdown(148)) - Shutting down service BlockDeletingService
2019-09-11 21:57:03,230 [main] INFO  statemachine.DatanodeStateMachine (DatanodeStateMachine.java:stopDaemon(395)) - Ozone container server stopped.
2019-09-11 21:57:03,231 [main] INFO  handler.ContextHandler (ContextHandler.java:doStop(910)) - Stopped o.e.j.w.WebAppContext@fe34b86{/,null,UNAVAILABLE}{/hddsDatanode}
2019-09-11 21:57:03,232 [main] INFO  server.AbstractConnector (AbstractConnector.java:doStop(318)) - Stopped ServerConnector@3c98781a{HTTP/1.1,[http/1.1]}{0.0.0.0:0}
2019-09-11 21:57:03,233 [main] INFO  handler.ContextHandler (ContextHandler.java:doStop(910)) - Stopped o.e.j.s.ServletContextHandler@53c6f96d{/static,jar:file:/home/user/.m2/repository/org/apache/hadoop/hadoop-hdds-container-service/0.5.0-SNAPSHOT/hadoop-hdds-container-service-0.5.0-SNAPSHOT.jar!/webapps/static,UNAVAILABLE}
2019-09-11 21:57:03,233 [main] INFO  handler.ContextHandler (ContextHandler.java:doStop(910)) - Stopped o.e.j.s.ServletContextHandler@4e49ce2b{/logs,file:///workdir/hadoop-ozone/integration-test/target/log,UNAVAILABLE}
2019-09-11 21:57:03,532 [grpc-default-executor-7] WARN  server.GrpcLogAppender (LogUtils.java:warn(134)) - b90393f0-91c9-4286-839e-32ae26f144bd@group-50C9D9F18802->a5cc9080-cfb9-4240-b5a2-6affb7ccbad1-AppendLogResponseHandler: Failed appendEntries: org.apache.ratis.thirdparty.io.grpc.StatusRuntimeException: UNAVAILABLE: io exception
2019-09-11 21:57:03,532 [grpc-default-executor-14] WARN  server.GrpcLogAppender (LogUtils.java:warn(134)) - b90393f0-91c9-4286-839e-32ae26f144bd@group-50C9D9F18802->b8cc5711-5e40-41ff-95d6-57cfdaa6737f-AppendLogResponseHandler: Failed appendEntries: org.apache.ratis.thirdparty.io.grpc.StatusRuntimeException: UNAVAILABLE: io exception
2019-09-11 21:57:03,532 [grpc-default-executor-7] INFO  impl.FollowerInfo (FollowerInfo.java:lambda$new$0(51)) - b90393f0-91c9-4286-839e-32ae26f144bd@group-50C9D9F18802->a5cc9080-cfb9-4240-b5a2-6affb7ccbad1: nextIndex: updateUnconditionally 0 -> 0
2019-09-11 21:57:03,533 [grpc-default-executor-14] INFO  impl.FollowerInfo (FollowerInfo.java:lambda$new$0(51)) - b90393f0-91c9-4286-839e-32ae26f144bd@group-50C9D9F18802->b8cc5711-5e40-41ff-95d6-57cfdaa6737f: nextIndex: updateUnconditionally 0 -> 0
2019-09-11 21:57:03,626 [Datanode State Machine Thread - 0] INFO  statemachine.DatanodeStateMachine (DatanodeStateMachine.java:lambda$startDaemon$0(350)) - Ozone container server started.
2019-09-11 21:57:03,665 [Datanode State Machine Thread - 0] INFO  statemachine.DatanodeStateMachine (DatanodeStateMachine.java:lambda$startDaemon$0(350)) - Ozone container server started.
2019-09-11 21:57:04,033 [grpc-default-executor-4] WARN  server.GrpcLogAppender (LogUtils.java:warn(134)) - b90393f0-91c9-4286-839e-32ae26f144bd@group-50C9D9F18802->b8cc5711-5e40-41ff-95d6-57cfdaa6737f-AppendLogResponseHandler: Failed appendEntries: org.apache.ratis.thirdparty.io.grpc.StatusRuntimeException: UNAVAILABLE: io exception
2019-09-11 21:57:04,033 [grpc-default-executor-9] WARN  server.GrpcLogAppender (LogUtils.java:warn(134)) - b90393f0-91c9-4286-839e-32ae26f144bd@group-50C9D9F18802->a5cc9080-cfb9-4240-b5a2-6affb7ccbad1-AppendLogResponseHandler: Failed appendEntries: org.apache.ratis.thirdparty.io.grpc.StatusRuntimeException: UNAVAILABLE: io exception
2019-09-11 21:57:04,033 [grpc-default-executor-4] INFO  impl.FollowerInfo (FollowerInfo.java:lambda$new$0(51)) - b90393f0-91c9-4286-839e-32ae26f144bd@group-50C9D9F18802->b8cc5711-5e40-41ff-95d6-57cfdaa6737f: nextIndex: updateUnconditionally 0 -> 0
2019-09-11 21:57:04,034 [grpc-default-executor-9] INFO  impl.FollowerInfo (FollowerInfo.java:lambda$new$0(51)) - b90393f0-91c9-4286-839e-32ae26f144bd@group-50C9D9F18802->a5cc9080-cfb9-4240-b5a2-6affb7ccbad1: nextIndex: updateUnconditionally 0 -> 0
2019-09-11 21:57:04,534 [grpc-default-executor-5] WARN  server.GrpcLogAppender (LogUtils.java:warn(134)) - b90393f0-91c9-4286-839e-32ae26f144bd@group-50C9D9F18802->b8cc5711-5e40-41ff-95d6-57cfdaa6737f-AppendLogResponseHandler: Failed appendEntries: org.apache.ratis.thirdparty.io.grpc.StatusRuntimeException: UNAVAILABLE: io exception
2019-09-11 21:57:04,534 [grpc-default-executor-13] WARN  server.GrpcLogAppender (LogUtils.java:warn(134)) - b90393f0-91c9-4286-839e-32ae26f144bd@group-50C9D9F18802->a5cc9080-cfb9-4240-b5a2-6affb7ccbad1-AppendLogResponseHandler: Failed appendEntries: org.apache.ratis.thirdparty.io.grpc.StatusRuntimeException: UNAVAILABLE: io exception
2019-09-11 21:57:04,534 [grpc-default-executor-5] INFO  impl.FollowerInfo (FollowerInfo.java:lambda$new$0(51)) - b90393f0-91c9-4286-839e-32ae26f144bd@group-50C9D9F18802->b8cc5711-5e40-41ff-95d6-57cfdaa6737f: nextIndex: updateUnconditionally 0 -> 0
2019-09-11 21:57:04,535 [grpc-default-executor-13] INFO  impl.FollowerInfo (FollowerInfo.java:lambda$new$0(51)) - b90393f0-91c9-4286-839e-32ae26f144bd@group-50C9D9F18802->a5cc9080-cfb9-4240-b5a2-6affb7ccbad1: nextIndex: updateUnconditionally 0 -> 0
2019-09-11 21:57:05,035 [grpc-default-executor-9] WARN  server.GrpcLogAppender (LogUtils.java:warn(134)) - b90393f0-91c9-4286-839e-32ae26f144bd@group-50C9D9F18802->b8cc5711-5e40-41ff-95d6-57cfdaa6737f-AppendLogResponseHandler: Failed appendEntries: org.apache.ratis.thirdparty.io.grpc.StatusRuntimeException: UNAVAILABLE: io exception
2019-09-11 21:57:05,035 [grpc-default-executor-5] WARN  server.GrpcLogAppender (LogUtils.java:warn(134)) - b90393f0-91c9-4286-839e-32ae26f144bd@group-50C9D9F18802->a5cc9080-cfb9-4240-b5a2-6affb7ccbad1-AppendLogResponseHandler: Failed appendEntries: org.apache.ratis.thirdparty.io.grpc.StatusRuntimeException: UNAVAILABLE: io exception
2019-09-11 21:57:05,035 [grpc-default-executor-9] INFO  impl.FollowerInfo (FollowerInfo.java:lambda$new$0(51)) - b90393f0-91c9-4286-839e-32ae26f144bd@group-50C9D9F18802->b8cc5711-5e40-41ff-95d6-57cfdaa6737f: nextIndex: updateUnconditionally 0 -> 0
2019-09-11 21:57:05,035 [grpc-default-executor-5] INFO  impl.FollowerInfo (FollowerInfo.java:lambda$new$0(51)) - b90393f0-91c9-4286-839e-32ae26f144bd@group-50C9D9F18802->a5cc9080-cfb9-4240-b5a2-6affb7ccbad1: nextIndex: updateUnconditionally 0 -> 0
2019-09-11 21:57:05,535 [grpc-default-executor-9] WARN  server.GrpcLogAppender (LogUtils.java:warn(134)) - b90393f0-91c9-4286-839e-32ae26f144bd@group-50C9D9F18802->a5cc9080-cfb9-4240-b5a2-6affb7ccbad1-AppendLogResponseHandler: Failed appendEntries: org.apache.ratis.thirdparty.io.grpc.StatusRuntimeException: UNAVAILABLE: io exception
2019-09-11 21:57:05,535 [grpc-default-executor-4] WARN  server.GrpcLogAppender (LogUtils.java:warn(134)) - b90393f0-91c9-4286-839e-32ae26f144bd@group-50C9D9F18802->b8cc5711-5e40-41ff-95d6-57cfdaa6737f-AppendLogResponseHandler: Failed appendEntries: org.apache.ratis.thirdparty.io.grpc.StatusRuntimeException: UNAVAILABLE: io exception
2019-09-11 21:57:05,536 [grpc-default-executor-9] INFO  impl.FollowerInfo (FollowerInfo.java:lambda$new$0(51)) - b90393f0-91c9-4286-839e-32ae26f144bd@group-50C9D9F18802->a5cc9080-cfb9-4240-b5a2-6affb7ccbad1: nextIndex: updateUnconditionally 0 -> 0
2019-09-11 21:57:05,536 [grpc-default-executor-4] INFO  impl.FollowerInfo (FollowerInfo.java:lambda$new$0(51)) - b90393f0-91c9-4286-839e-32ae26f144bd@group-50C9D9F18802->b8cc5711-5e40-41ff-95d6-57cfdaa6737f: nextIndex: updateUnconditionally 0 -> 0
2019-09-11 21:57:05,598 [cb19b877-b13a-4838-a0e1-b58882f3950d@group-9E5FA7894A87-SegmentedRaftLogWorker] WARN  segmented.SegmentedRaftLogWorker (SegmentedRaftLogWorker.java:getFromFuture(90)) - Timeout 5/~
org.apache.ratis.protocol.TimeoutIOException: Timeout 10s: WriteLog:19: (t:2, i:19), STATEMACHINELOGENTRY, client-BDC949EA7344, cid=44-writeStateMachineData
	at org.apache.ratis.util.IOUtils.getFromFuture(IOUtils.java:87)
	at org.apache.ratis.server.raftlog.segmented.SegmentedRaftLogWorker$StateMachineDataPolicy.getFromFuture(SegmentedRaftLogWorker.java:87)
	at org.apache.ratis.server.raftlog.segmented.SegmentedRaftLogWorker$WriteLog.execute(SegmentedRaftLogWorker.java:477)
	at org.apache.ratis.server.raftlog.segmented.SegmentedRaftLogWorker.run(SegmentedRaftLogWorker.java:289)
	at java.lang.Thread.run(Thread.java:748)
Caused by: java.util.concurrent.TimeoutException
	at java.util.concurrent.CompletableFuture.timedGet(CompletableFuture.java:1771)
	at java.util.concurrent.CompletableFuture.get(CompletableFuture.java:1915)
	at org.apache.ratis.util.IOUtils.getFromFuture(IOUtils.java:79)
	... 4 more
2019-09-11 21:57:06,038 [grpc-default-executor-4] WARN  server.GrpcLogAppender (LogUtils.java:warn(134)) - b90393f0-91c9-4286-839e-32ae26f144bd@group-50C9D9F18802->b8cc5711-5e40-41ff-95d6-57cfdaa6737f-AppendLogResponseHandler: Failed appendEntries: org.apache.ratis.thirdparty.io.grpc.StatusRuntimeException: UNAVAILABLE: io exception
2019-09-11 21:57:06,038 [grpc-default-executor-14] WARN  server.GrpcLogAppender (LogUtils.java:warn(134)) - b90393f0-91c9-4286-839e-32ae26f144bd@group-50C9D9F18802->a5cc9080-cfb9-4240-b5a2-6affb7ccbad1-AppendLogResponseHandler: Failed appendEntries: org.apache.ratis.thirdparty.io.grpc.StatusRuntimeException: UNAVAILABLE: io exception
2019-09-11 21:57:06,039 [grpc-default-executor-4] INFO  impl.FollowerInfo (FollowerInfo.java:lambda$new$0(51)) - b90393f0-91c9-4286-839e-32ae26f144bd@group-50C9D9F18802->b8cc5711-5e40-41ff-95d6-57cfdaa6737f: nextIndex: updateUnconditionally 0 -> 0
2019-09-11 21:57:06,039 [grpc-default-executor-14] INFO  impl.FollowerInfo (FollowerInfo.java:lambda$new$0(51)) - b90393f0-91c9-4286-839e-32ae26f144bd@group-50C9D9F18802->a5cc9080-cfb9-4240-b5a2-6affb7ccbad1: nextIndex: updateUnconditionally 0 -> 0
2019-09-11 21:57:06,540 [grpc-default-executor-9] WARN  server.GrpcLogAppender (LogUtils.java:warn(134)) - b90393f0-91c9-4286-839e-32ae26f144bd@group-50C9D9F18802->a5cc9080-cfb9-4240-b5a2-6affb7ccbad1-AppendLogResponseHandler: Failed appendEntries: org.apache.ratis.thirdparty.io.grpc.StatusRuntimeException: UNAVAILABLE: io exception
2019-09-11 21:57:06,540 [grpc-default-executor-7] WARN  server.GrpcLogAppender (LogUtils.java:warn(134)) - b90393f0-91c9-4286-839e-32ae26f144bd@group-50C9D9F18802->b8cc5711-5e40-41ff-95d6-57cfdaa6737f-AppendLogResponseHandler: Failed appendEntries: org.apache.ratis.thirdparty.io.grpc.StatusRuntimeException: UNAVAILABLE: io exception
2019-09-11 21:57:06,540 [grpc-default-executor-9] INFO  impl.FollowerInfo (FollowerInfo.java:lambda$new$0(51)) - b90393f0-91c9-4286-839e-32ae26f144bd@group-50C9D9F18802->a5cc9080-cfb9-4240-b5a2-6affb7ccbad1: nextIndex: updateUnconditionally 0 -> 0
2019-09-11 21:57:06,540 [grpc-default-executor-7] INFO  impl.FollowerInfo (FollowerInfo.java:lambda$new$0(51)) - b90393f0-91c9-4286-839e-32ae26f144bd@group-50C9D9F18802->b8cc5711-5e40-41ff-95d6-57cfdaa6737f: nextIndex: updateUnconditionally 0 -> 0
2019-09-11 21:57:06,662 [91f926b5-2cb1-4722-b947-953fef106990@group-AC8E2A32E389-SegmentedRaftLogWorker] WARN  segmented.SegmentedRaftLogWorker (SegmentedRaftLogWorker.java:getFromFuture(90)) - Timeout 7/~
org.apache.ratis.protocol.TimeoutIOException: Timeout 10s: WriteLog:19: (t:2, i:19), STATEMACHINELOGENTRY, client-50BBF47487D0, cid=30-writeStateMachineData
	at org.apache.ratis.util.IOUtils.getFromFuture(IOUtils.java:87)
	at org.apache.ratis.server.raftlog.segmented.SegmentedRaftLogWorker$StateMachineDataPolicy.getFromFuture(SegmentedRaftLogWorker.java:87)
	at org.apache.ratis.server.raftlog.segmented.SegmentedRaftLogWorker$WriteLog.execute(SegmentedRaftLogWorker.java:477)
	at org.apache.ratis.server.raftlog.segmented.SegmentedRaftLogWorker.run(SegmentedRaftLogWorker.java:289)
	at java.lang.Thread.run(Thread.java:748)
Caused by: java.util.concurrent.TimeoutException
	at java.util.concurrent.CompletableFuture.timedGet(CompletableFuture.java:1771)
	at java.util.concurrent.CompletableFuture.get(CompletableFuture.java:1915)
	at org.apache.ratis.util.IOUtils.getFromFuture(IOUtils.java:79)
	... 4 more
2019-09-11 21:57:07,042 [grpc-default-executor-9] WARN  server.GrpcLogAppender (LogUtils.java:warn(134)) - b90393f0-91c9-4286-839e-32ae26f144bd@group-50C9D9F18802->b8cc5711-5e40-41ff-95d6-57cfdaa6737f-AppendLogResponseHandler: Failed appendEntries: org.apache.ratis.thirdparty.io.grpc.StatusRuntimeException: UNAVAILABLE: io exception
2019-09-11 21:57:07,042 [grpc-default-executor-13] WARN  server.GrpcLogAppender (LogUtils.java:warn(134)) - b90393f0-91c9-4286-839e-32ae26f144bd@group-50C9D9F18802->a5cc9080-cfb9-4240-b5a2-6affb7ccbad1-AppendLogResponseHandler: Failed appendEntries: org.apache.ratis.thirdparty.io.grpc.StatusRuntimeException: UNAVAILABLE: io exception
2019-09-11 21:57:07,044 [grpc-default-executor-13] INFO  impl.FollowerInfo (FollowerInfo.java:lambda$new$0(51)) - b90393f0-91c9-4286-839e-32ae26f144bd@group-50C9D9F18802->a5cc9080-cfb9-4240-b5a2-6affb7ccbad1: nextIndex: updateUnconditionally 0 -> 0
2019-09-11 21:57:07,044 [grpc-default-executor-9] INFO  impl.FollowerInfo (FollowerInfo.java:lambda$new$0(51)) - b90393f0-91c9-4286-839e-32ae26f144bd@group-50C9D9F18802->b8cc5711-5e40-41ff-95d6-57cfdaa6737f: nextIndex: updateUnconditionally 0 -> 0
2019-09-11 21:57:07,542 [grpc-default-executor-7] WARN  server.GrpcLogAppender (LogUtils.java:warn(134)) - b90393f0-91c9-4286-839e-32ae26f144bd@group-50C9D9F18802->b8cc5711-5e40-41ff-95d6-57cfdaa6737f-AppendLogResponseHandler: Failed appendEntries: org.apache.ratis.thirdparty.io.grpc.StatusRuntimeException: UNAVAILABLE: io exception
2019-09-11 21:57:07,542 [grpc-default-executor-9] WARN  server.GrpcLogAppender (LogUtils.java:warn(134)) - b90393f0-91c9-4286-839e-32ae26f144bd@group-50C9D9F18802->a5cc9080-cfb9-4240-b5a2-6affb7ccbad1-AppendLogResponseHandler: Failed appendEntries: org.apache.ratis.thirdparty.io.grpc.StatusRuntimeException: UNAVAILABLE: io exception
2019-09-11 21:57:07,542 [grpc-default-executor-7] INFO  impl.FollowerInfo (FollowerInfo.java:lambda$new$0(51)) - b90393f0-91c9-4286-839e-32ae26f144bd@group-50C9D9F18802->b8cc5711-5e40-41ff-95d6-57cfdaa6737f: nextIndex: updateUnconditionally 0 -> 0
2019-09-11 21:57:07,542 [grpc-default-executor-9] INFO  impl.FollowerInfo (FollowerInfo.java:lambda$new$0(51)) - b90393f0-91c9-4286-839e-32ae26f144bd@group-50C9D9F18802->a5cc9080-cfb9-4240-b5a2-6affb7ccbad1: nextIndex: updateUnconditionally 0 -> 0
2019-09-11 21:57:08,044 [grpc-default-executor-14] WARN  server.GrpcLogAppender (LogUtils.java:warn(134)) - b90393f0-91c9-4286-839e-32ae26f144bd@group-50C9D9F18802->a5cc9080-cfb9-4240-b5a2-6affb7ccbad1-AppendLogResponseHandler: Failed appendEntries: org.apache.ratis.thirdparty.io.grpc.StatusRuntimeException: UNAVAILABLE: io exception
2019-09-11 21:57:08,044 [grpc-default-executor-7] WARN  server.GrpcLogAppender (LogUtils.java:warn(134)) - b90393f0-91c9-4286-839e-32ae26f144bd@group-50C9D9F18802->b8cc5711-5e40-41ff-95d6-57cfdaa6737f-AppendLogResponseHandler: Failed appendEntries: org.apache.ratis.thirdparty.io.grpc.StatusRuntimeException: UNAVAILABLE: io exception
2019-09-11 21:57:08,045 [grpc-default-executor-14] INFO  impl.FollowerInfo (FollowerInfo.java:lambda$new$0(51)) - b90393f0-91c9-4286-839e-32ae26f144bd@group-50C9D9F18802->a5cc9080-cfb9-4240-b5a2-6affb7ccbad1: nextIndex: updateUnconditionally 0 -> 0
2019-09-11 21:57:08,045 [grpc-default-executor-7] INFO  impl.FollowerInfo (FollowerInfo.java:lambda$new$0(51)) - b90393f0-91c9-4286-839e-32ae26f144bd@group-50C9D9F18802->b8cc5711-5e40-41ff-95d6-57cfdaa6737f: nextIndex: updateUnconditionally 0 -> 0
2019-09-11 21:57:08,170 [ForkJoinPool.commonPool-worker-1] INFO  ozoneimpl.OzoneContainer (OzoneContainer.java:stop(231)) - Attempting to stop container services.
2019-09-11 21:57:08,172 [ForkJoinPool.commonPool-worker-1] INFO  impl.RaftServerProxy (RaftServerProxy.java:lambda$close$4(314)) - 91f926b5-2cb1-4722-b947-953fef106990: close
2019-09-11 21:57:08,173 [ForkJoinPool.commonPool-worker-1] INFO  impl.RaftServerImpl (RaftServerImpl.java:lambda$shutdown$3(251)) - 91f926b5-2cb1-4722-b947-953fef106990@group-AC8E2A32E389: shutdown
2019-09-11 21:57:08,173 [ForkJoinPool.commonPool-worker-1] INFO  util.JmxRegister (JmxRegister.java:unregister(73)) - Successfully un-registered JMX Bean with object name Ratis:service=RaftServer,group=group-AC8E2A32E389,id=91f926b5-2cb1-4722-b947-953fef106990
2019-09-11 21:57:08,174 [ForkJoinPool.commonPool-worker-1] INFO  impl.RoleInfo (RoleInfo.java:shutdownFollowerState(121)) - 91f926b5-2cb1-4722-b947-953fef106990: shutdown FollowerState
2019-09-11 21:57:08,174 [ForkJoinPool.commonPool-worker-1] INFO  impl.StateMachineUpdater (StateMachineUpdater.java:stopAndJoin(125)) - 91f926b5-2cb1-4722-b947-953fef106990@group-AC8E2A32E389-StateMachineUpdater: set stopIndex = 16
2019-09-11 21:57:08,175 [91f926b5-2cb1-4722-b947-953fef106990@group-AC8E2A32E389-StateMachineUpdater] INFO  ratis.ContainerStateMachine (ContainerStateMachine.java:takeSnapshot(289)) - group-AC8E2A32E389: Taking a snapshot at:(t:2, i:12) file /workdir/hadoop-ozone/integration-test/target/test-dir/MiniOzoneClusterImpl-5ea26da2-f48a-485b-abc0-853cbfba6fbc/datanode-0/data/ratis/3022a5dc-24e7-4c49-a0cd-ac8e2a32e389/sm/snapshot.2_12
2019-09-11 21:57:08,174 [Thread-414] INFO  impl.FollowerState (FollowerState.java:run(115)) - 91f926b5-2cb1-4722-b947-953fef106990: FollowerState was interrupted: java.lang.InterruptedException: sleep interrupted
2019-09-11 21:57:08,193 [91f926b5-2cb1-4722-b947-953fef106990@group-AC8E2A32E389-StateMachineUpdater] INFO  ratis.ContainerStateMachine (ContainerStateMachine.java:takeSnapshot(300)) - group-AC8E2A32E389: Finished taking a snapshot at:(t:2, i:12) file:/workdir/hadoop-ozone/integration-test/target/test-dir/MiniOzoneClusterImpl-5ea26da2-f48a-485b-abc0-853cbfba6fbc/datanode-0/data/ratis/3022a5dc-24e7-4c49-a0cd-ac8e2a32e389/sm/snapshot.2_12 time:19
2019-09-11 21:57:08,194 [91f926b5-2cb1-4722-b947-953fef106990@group-AC8E2A32E389-StateMachineUpdater] INFO  impl.StateMachineUpdater (StateMachineUpdater.java:takeSnapshot(258)) - 91f926b5-2cb1-4722-b947-953fef106990@group-AC8E2A32E389-StateMachineUpdater: Took a snapshot at index 12
2019-09-11 21:57:08,194 [91f926b5-2cb1-4722-b947-953fef106990@group-AC8E2A32E389-StateMachineUpdater] INFO  impl.StateMachineUpdater (StateMachineUpdater.java:lambda$new$0(83)) - 91f926b5-2cb1-4722-b947-953fef106990@group-AC8E2A32E389-StateMachineUpdater: snapshotIndex: updateIncreasingly -1 -> 12
2019-09-11 21:57:08,194 [91f926b5-2cb1-4722-b947-953fef106990@group-AC8E2A32E389-StateMachineUpdater] INFO  ratis.ContainerStateMachine (ContainerStateMachine.java:takeSnapshot(289)) - group-AC8E2A32E389: Taking a snapshot at:(t:2, i:12) file /workdir/hadoop-ozone/integration-test/target/test-dir/MiniOzoneClusterImpl-5ea26da2-f48a-485b-abc0-853cbfba6fbc/datanode-0/data/ratis/3022a5dc-24e7-4c49-a0cd-ac8e2a32e389/sm/snapshot.2_12
2019-09-11 21:57:08,207 [91f926b5-2cb1-4722-b947-953fef106990@group-AC8E2A32E389-StateMachineUpdater] INFO  ratis.ContainerStateMachine (ContainerStateMachine.java:takeSnapshot(300)) - group-AC8E2A32E389: Finished taking a snapshot at:(t:2, i:12) file:/workdir/hadoop-ozone/integration-test/target/test-dir/MiniOzoneClusterImpl-5ea26da2-f48a-485b-abc0-853cbfba6fbc/datanode-0/data/ratis/3022a5dc-24e7-4c49-a0cd-ac8e2a32e389/sm/snapshot.2_12 time:12
2019-09-11 21:57:08,207 [91f926b5-2cb1-4722-b947-953fef106990@group-AC8E2A32E389-StateMachineUpdater] INFO  impl.StateMachineUpdater (StateMachineUpdater.java:takeSnapshot(258)) - 91f926b5-2cb1-4722-b947-953fef106990@group-AC8E2A32E389-StateMachineUpdater: Took a snapshot at index 12
2019-09-11 21:57:08,207 [91f926b5-2cb1-4722-b947-953fef106990@group-AC8E2A32E389-StateMachineUpdater] INFO  impl.StateMachineUpdater (StateMachineUpdater.java:lambda$new$0(83)) - 91f926b5-2cb1-4722-b947-953fef106990@group-AC8E2A32E389-StateMachineUpdater: snapshotIndex: updateIncreasingly 12 -> 12
2019-09-11 21:57:08,207 [ForkJoinPool.commonPool-worker-1] INFO  impl.RaftServerImpl (ServerState.java:close(385)) - 91f926b5-2cb1-4722-b947-953fef106990@group-AC8E2A32E389: closes. applyIndex: 16
2019-09-11 21:57:08,210 [91f926b5-2cb1-4722-b947-953fef106990@group-AC8E2A32E389-SegmentedRaftLogWorker] ERROR ratis.XceiverServerRatis (XceiverServerRatis.java:triggerPipelineClose(568)) - pipeline Action CLOSE  on pipeline PipelineID=3022a5dc-24e7-4c49-a0cd-ac8e2a32e389.Reason : WriteLog:19: (t:2, i:19), STATEMACHINELOGENTRY, client-50BBF47487D0, cid=30-writeStateMachineData interrupted.
2019-09-11 21:57:08,222 [ForkJoinPool.commonPool-worker-1] INFO  segmented.SegmentedRaftLogWorker (SegmentedRaftLogWorker.java:close(228)) - 91f926b5-2cb1-4722-b947-953fef106990@group-AC8E2A32E389-SegmentedRaftLogWorker close()
2019-09-11 21:57:08,224 [ForkJoinPool.commonPool-worker-1] INFO  impl.RaftServerImpl (RaftServerImpl.java:lambda$shutdown$3(251)) - 91f926b5-2cb1-4722-b947-953fef106990@group-D8B1933013FA: shutdown
2019-09-11 21:57:08,225 [ForkJoinPool.commonPool-worker-1] INFO  util.JmxRegister (JmxRegister.java:unregister(73)) - Successfully un-registered JMX Bean with object name Ratis:service=RaftServer,group=group-D8B1933013FA,id=91f926b5-2cb1-4722-b947-953fef106990
2019-09-11 21:57:08,225 [ForkJoinPool.commonPool-worker-1] INFO  impl.RoleInfo (RoleInfo.java:shutdownLeaderState(104)) - 91f926b5-2cb1-4722-b947-953fef106990: shutdown LeaderState
2019-09-11 21:57:08,225 [ForkJoinPool.commonPool-worker-1] INFO  impl.PendingRequests (PendingRequests.java:sendNotLeaderResponses(202)) - 91f926b5-2cb1-4722-b947-953fef106990-PendingRequests: sendNotLeaderResponses
2019-09-11 21:57:08,226 [ForkJoinPool.commonPool-worker-1] INFO  impl.StateMachineUpdater (StateMachineUpdater.java:stopAndJoin(125)) - 91f926b5-2cb1-4722-b947-953fef106990@group-D8B1933013FA-StateMachineUpdater: set stopIndex = 0
2019-09-11 21:57:08,226 [ForkJoinPool.commonPool-worker-1] INFO  impl.RaftServerImpl (ServerState.java:close(385)) - 91f926b5-2cb1-4722-b947-953fef106990@group-D8B1933013FA: closes. applyIndex: 0
2019-09-11 21:57:08,227 [91f926b5-2cb1-4722-b947-953fef106990@group-D8B1933013FA-SegmentedRaftLogWorker] INFO  segmented.SegmentedRaftLogWorker (SegmentedRaftLogWorker.java:run(313)) - 91f926b5-2cb1-4722-b947-953fef106990@group-D8B1933013FA-SegmentedRaftLogWorker was interrupted, exiting. There are 0 tasks remaining in the queue.
2019-09-11 21:57:08,227 [ForkJoinPool.commonPool-worker-1] INFO  segmented.SegmentedRaftLogWorker (SegmentedRaftLogWorker.java:close(228)) - 91f926b5-2cb1-4722-b947-953fef106990@group-D8B1933013FA-SegmentedRaftLogWorker close()
2019-09-11 21:57:08,229 [ForkJoinPool.commonPool-worker-1] INFO  server.GrpcService (GrpcService.java:closeImpl(164)) - 91f926b5-2cb1-4722-b947-953fef106990: shutdown server with port 43639 now
2019-09-11 21:57:08,230 [ForkJoinPool.commonPool-worker-1] INFO  server.GrpcService (GrpcService.java:closeImpl(172)) - 91f926b5-2cb1-4722-b947-953fef106990: shutdown server with port 43639 successfully
2019-09-11 21:57:08,235 [main] INFO  ozoneimpl.OzoneContainer (OzoneContainer.java:stop(231)) - Attempting to stop container services.
2019-09-11 21:57:08,236 [main] INFO  impl.RaftServerProxy (RaftServerProxy.java:lambda$close$4(314)) - b90393f0-91c9-4286-839e-32ae26f144bd: close
2019-09-11 21:57:08,236 [main] INFO  impl.RaftServerImpl (RaftServerImpl.java:lambda$shutdown$3(251)) - b90393f0-91c9-4286-839e-32ae26f144bd@group-E4049B7FD6E3: shutdown
2019-09-11 21:57:08,237 [main] INFO  util.JmxRegister (JmxRegister.java:unregister(73)) - Successfully un-registered JMX Bean with object name Ratis:service=RaftServer,group=group-E4049B7FD6E3,id=b90393f0-91c9-4286-839e-32ae26f144bd
2019-09-11 21:57:08,237 [main] INFO  impl.RoleInfo (RoleInfo.java:shutdownLeaderState(104)) - b90393f0-91c9-4286-839e-32ae26f144bd: shutdown LeaderState
2019-09-11 21:57:08,238 [main] INFO  impl.PendingRequests (PendingRequests.java:sendNotLeaderResponses(202)) - b90393f0-91c9-4286-839e-32ae26f144bd-PendingRequests: sendNotLeaderResponses
2019-09-11 21:57:08,238 [main] INFO  impl.StateMachineUpdater (StateMachineUpdater.java:stopAndJoin(125)) - b90393f0-91c9-4286-839e-32ae26f144bd@group-E4049B7FD6E3-StateMachineUpdater: set stopIndex = 0
2019-09-11 21:57:08,239 [main] INFO  impl.RaftServerImpl (ServerState.java:close(385)) - b90393f0-91c9-4286-839e-32ae26f144bd@group-E4049B7FD6E3: closes. applyIndex: 0
2019-09-11 21:57:08,239 [b90393f0-91c9-4286-839e-32ae26f144bd@group-E4049B7FD6E3-SegmentedRaftLogWorker] INFO  segmented.SegmentedRaftLogWorker (SegmentedRaftLogWorker.java:run(313)) - b90393f0-91c9-4286-839e-32ae26f144bd@group-E4049B7FD6E3-SegmentedRaftLogWorker was interrupted, exiting. There are 0 tasks remaining in the queue.
2019-09-11 21:57:08,240 [main] INFO  segmented.SegmentedRaftLogWorker (SegmentedRaftLogWorker.java:close(228)) - b90393f0-91c9-4286-839e-32ae26f144bd@group-E4049B7FD6E3-SegmentedRaftLogWorker close()
2019-09-11 21:57:08,241 [main] INFO  impl.RaftServerImpl (RaftServerImpl.java:lambda$shutdown$3(251)) - b90393f0-91c9-4286-839e-32ae26f144bd@group-50C9D9F18802: shutdown
2019-09-11 21:57:08,242 [main] INFO  util.JmxRegister (JmxRegister.java:unregister(73)) - Successfully un-registered JMX Bean with object name Ratis:service=RaftServer,group=group-50C9D9F18802,id=b90393f0-91c9-4286-839e-32ae26f144bd
2019-09-11 21:57:08,242 [main] INFO  impl.RoleInfo (RoleInfo.java:shutdownLeaderState(104)) - b90393f0-91c9-4286-839e-32ae26f144bd: shutdown LeaderState
2019-09-11 21:57:08,246 [main] INFO  impl.PendingRequests (PendingRequests.java:sendNotLeaderResponses(202)) - b90393f0-91c9-4286-839e-32ae26f144bd-PendingRequests: sendNotLeaderResponses
2019-09-11 21:57:08,247 [refreshUsed-/workdir/hadoop-ozone/integration-test/target/test-dir/MiniOzoneClusterImpl-5ea26da2-f48a-485b-abc0-853cbfba6fbc/datanode-0/data/containers] WARN  fs.CachingGetSpaceUsed (CachingGetSpaceUsed.java:run(183)) - Thread Interrupted waiting to refresh disk information: sleep interrupted
2019-09-11 21:57:08,246 [org.apache.ratis.server.impl.LogAppender$AppenderDaemon$$Lambda$528/1836509881@2c7db1b6] WARN  server.GrpcLogAppender (GrpcLogAppender.java:mayWait(143)) - b90393f0-91c9-4286-839e-32ae26f144bd@group-50C9D9F18802->b8cc5711-5e40-41ff-95d6-57cfdaa6737f-GrpcLogAppender: Wait interrupted by java.lang.InterruptedException
2019-09-11 21:57:08,246 [org.apache.ratis.server.impl.LogAppender$AppenderDaemon$$Lambda$528/1836509881@6d8beba5] WARN  server.GrpcLogAppender (GrpcLogAppender.java:mayWait(143)) - b90393f0-91c9-4286-839e-32ae26f144bd@group-50C9D9F18802->a5cc9080-cfb9-4240-b5a2-6affb7ccbad1-GrpcLogAppender: Wait interrupted by java.lang.InterruptedException
2019-09-11 21:57:08,403 [main] INFO  impl.StateMachineUpdater (StateMachineUpdater.java:stopAndJoin(125)) - b90393f0-91c9-4286-839e-32ae26f144bd@group-50C9D9F18802-StateMachineUpdater: set stopIndex = 14
2019-09-11 21:57:08,437 [b90393f0-91c9-4286-839e-32ae26f144bd@group-50C9D9F18802-StateMachineUpdater] INFO  ratis.ContainerStateMachine (ContainerStateMachine.java:takeSnapshot(289)) - group-50C9D9F18802: Taking a snapshot at:(t:2, i:12) file /workdir/hadoop-ozone/integration-test/target/test-dir/MiniOzoneClusterImpl-5ea26da2-f48a-485b-abc0-853cbfba6fbc/datanode-7/data/ratis/dd1a52e5-bfba-4b30-811b-50c9d9f18802/sm/snapshot.2_12
2019-09-11 21:57:08,485 [b90393f0-91c9-4286-839e-32ae26f144bd@group-50C9D9F18802-StateMachineUpdater] INFO  ratis.ContainerStateMachine (ContainerStateMachine.java:takeSnapshot(300)) - group-50C9D9F18802: Finished taking a snapshot at:(t:2, i:12) file:/workdir/hadoop-ozone/integration-test/target/test-dir/MiniOzoneClusterImpl-5ea26da2-f48a-485b-abc0-853cbfba6fbc/datanode-7/data/ratis/dd1a52e5-bfba-4b30-811b-50c9d9f18802/sm/snapshot.2_12 time:65
2019-09-11 21:57:08,485 [b90393f0-91c9-4286-839e-32ae26f144bd@group-50C9D9F18802-StateMachineUpdater] INFO  impl.StateMachineUpdater (StateMachineUpdater.java:takeSnapshot(258)) - b90393f0-91c9-4286-839e-32ae26f144bd@group-50C9D9F18802-StateMachineUpdater: Took a snapshot at index 12
2019-09-11 21:57:08,485 [b90393f0-91c9-4286-839e-32ae26f144bd@group-50C9D9F18802-StateMachineUpdater] INFO  impl.StateMachineUpdater (StateMachineUpdater.java:lambda$new$0(83)) - b90393f0-91c9-4286-839e-32ae26f144bd@group-50C9D9F18802-StateMachineUpdater: snapshotIndex: updateIncreasingly -1 -> 12
2019-09-11 21:57:08,493 [b90393f0-91c9-4286-839e-32ae26f144bd@group-50C9D9F18802-StateMachineUpdater] INFO  ratis.ContainerStateMachine (ContainerStateMachine.java:takeSnapshot(289)) - group-50C9D9F18802: Taking a snapshot at:(t:2, i:12) file /workdir/hadoop-ozone/integration-test/target/test-dir/MiniOzoneClusterImpl-5ea26da2-f48a-485b-abc0-853cbfba6fbc/datanode-7/data/ratis/dd1a52e5-bfba-4b30-811b-50c9d9f18802/sm/snapshot.2_12
2019-09-11 21:57:08,501 [b90393f0-91c9-4286-839e-32ae26f144bd@group-50C9D9F18802-StateMachineUpdater] INFO  ratis.ContainerStateMachine (ContainerStateMachine.java:takeSnapshot(300)) - group-50C9D9F18802: Finished taking a snapshot at:(t:2, i:12) file:/workdir/hadoop-ozone/integration-test/target/test-dir/MiniOzoneClusterImpl-5ea26da2-f48a-485b-abc0-853cbfba6fbc/datanode-7/data/ratis/dd1a52e5-bfba-4b30-811b-50c9d9f18802/sm/snapshot.2_12 time:7
2019-09-11 21:57:08,501 [b90393f0-91c9-4286-839e-32ae26f144bd@group-50C9D9F18802-StateMachineUpdater] INFO  impl.StateMachineUpdater (StateMachineUpdater.java:takeSnapshot(258)) - b90393f0-91c9-4286-839e-32ae26f144bd@group-50C9D9F18802-StateMachineUpdater: Took a snapshot at index 12
2019-09-11 21:57:08,501 [b90393f0-91c9-4286-839e-32ae26f144bd@group-50C9D9F18802-StateMachineUpdater] INFO  impl.StateMachineUpdater (StateMachineUpdater.java:lambda$new$0(83)) - b90393f0-91c9-4286-839e-32ae26f144bd@group-50C9D9F18802-StateMachineUpdater: snapshotIndex: updateIncreasingly 12 -> 12
2019-09-11 21:57:08,502 [main] INFO  impl.RaftServerImpl (ServerState.java:close(385)) - b90393f0-91c9-4286-839e-32ae26f144bd@group-50C9D9F18802: closes. applyIndex: 14
2019-09-11 21:57:08,503 [b90393f0-91c9-4286-839e-32ae26f144bd@group-50C9D9F18802-SegmentedRaftLogWorker] INFO  segmented.SegmentedRaftLogWorker (SegmentedRaftLogWorker.java:run(313)) - b90393f0-91c9-4286-839e-32ae26f144bd@group-50C9D9F18802-SegmentedRaftLogWorker was interrupted, exiting. There are 0 tasks remaining in the queue.
2019-09-11 21:57:08,503 [main] INFO  segmented.SegmentedRaftLogWorker (SegmentedRaftLogWorker.java:close(228)) - b90393f0-91c9-4286-839e-32ae26f144bd@group-50C9D9F18802-SegmentedRaftLogWorker close()
2019-09-11 21:57:08,505 [main] INFO  server.GrpcService (GrpcService.java:closeImpl(164)) - b90393f0-91c9-4286-839e-32ae26f144bd: shutdown server with port 32948 now
2019-09-11 21:57:08,505 [main] INFO  server.GrpcService (GrpcService.java:closeImpl(172)) - b90393f0-91c9-4286-839e-32ae26f144bd: shutdown server with port 32948 successfully
2019-09-11 21:57:08,507 [refreshUsed-/workdir/hadoop-ozone/integration-test/target/test-dir/MiniOzoneClusterImpl-5ea26da2-f48a-485b-abc0-853cbfba6fbc/datanode-7/data/containers] WARN  fs.CachingGetSpaceUsed (CachingGetSpaceUsed.java:run(183)) - Thread Interrupted waiting to refresh disk information: sleep interrupted
2019-09-11 21:57:08,510 [ForkJoinPool.commonPool-worker-1] INFO  utils.BackgroundService (BackgroundService.java:shutdown(148)) - Shutting down service BlockDeletingService
2019-09-11 21:57:08,519 [ForkJoinPool.commonPool-worker-1] INFO  statemachine.DatanodeStateMachine (DatanodeStateMachine.java:stopDaemon(395)) - Ozone container server stopped.
2019-09-11 21:57:08,524 [ForkJoinPool.commonPool-worker-1] INFO  handler.ContextHandler (ContextHandler.java:doStop(910)) - Stopped o.e.j.w.WebAppContext@476fe690{/,null,UNAVAILABLE}{/hddsDatanode}
2019-09-11 21:57:08,525 [ForkJoinPool.commonPool-worker-1] INFO  server.AbstractConnector (AbstractConnector.java:doStop(318)) - Stopped ServerConnector@7a0e7ecd{HTTP/1.1,[http/1.1]}{0.0.0.0:0}
2019-09-11 21:57:08,526 [ForkJoinPool.commonPool-worker-1] INFO  handler.ContextHandler (ContextHandler.java:doStop(910)) - Stopped o.e.j.s.ServletContextHandler@6920614{/static,jar:file:/home/user/.m2/repository/org/apache/hadoop/hadoop-hdds-container-service/0.5.0-SNAPSHOT/hadoop-hdds-container-service-0.5.0-SNAPSHOT.jar!/webapps/static,UNAVAILABLE}
2019-09-11 21:57:08,528 [ForkJoinPool.commonPool-worker-1] INFO  handler.ContextHandler (ContextHandler.java:doStop(910)) - Stopped o.e.j.s.ServletContextHandler@1effd53c{/logs,file:///workdir/hadoop-ozone/integration-test/target/log,UNAVAILABLE}
2019-09-11 21:57:08,531 [main] INFO  utils.BackgroundService (BackgroundService.java:shutdown(148)) - Shutting down service BlockDeletingService
2019-09-11 21:57:08,535 [main] INFO  statemachine.DatanodeStateMachine (DatanodeStateMachine.java:stopDaemon(395)) - Ozone container server stopped.
2019-09-11 21:57:08,536 [main] INFO  handler.ContextHandler (ContextHandler.java:doStop(910)) - Stopped o.e.j.w.WebAppContext@60e9c3a5{/,null,UNAVAILABLE}{/hddsDatanode}
2019-09-11 21:57:08,536 [main] INFO  server.AbstractConnector (AbstractConnector.java:doStop(318)) - Stopped ServerConnector@7e5843db{HTTP/1.1,[http/1.1]}{0.0.0.0:0}
2019-09-11 21:57:08,537 [main] INFO  handler.ContextHandler (ContextHandler.java:doStop(910)) - Stopped o.e.j.s.ServletContextHandler@2d64160c{/static,jar:file:/home/user/.m2/repository/org/apache/hadoop/hadoop-hdds-container-service/0.5.0-SNAPSHOT/hadoop-hdds-container-service-0.5.0-SNAPSHOT.jar!/webapps/static,UNAVAILABLE}
2019-09-11 21:57:08,537 [main] INFO  handler.ContextHandler (ContextHandler.java:doStop(910)) - Stopped o.e.j.s.ServletContextHandler@6cd3ad8a{/logs,file:///workdir/hadoop-ozone/integration-test/target/log,UNAVAILABLE}
2019-09-11 21:57:08,606 [Datanode State Machine Thread - 0] INFO  statemachine.DatanodeStateMachine (DatanodeStateMachine.java:lambda$startDaemon$0(350)) - Ozone container server started.
2019-09-11 21:57:13,530 [ForkJoinPool.commonPool-worker-1] INFO  ozoneimpl.OzoneContainer (OzoneContainer.java:stop(231)) - Attempting to stop container services.
2019-09-11 21:57:13,531 [ForkJoinPool.commonPool-worker-1] INFO  impl.RaftServerProxy (RaftServerProxy.java:lambda$close$4(314)) - cb19b877-b13a-4838-a0e1-b58882f3950d: close
2019-09-11 21:57:13,531 [ForkJoinPool.commonPool-worker-1] INFO  impl.RaftServerImpl (RaftServerImpl.java:lambda$shutdown$3(251)) - cb19b877-b13a-4838-a0e1-b58882f3950d@group-9E5FA7894A87: shutdown
2019-09-11 21:57:13,532 [ForkJoinPool.commonPool-worker-1] INFO  util.JmxRegister (JmxRegister.java:unregister(73)) - Successfully un-registered JMX Bean with object name Ratis:service=RaftServer,group=group-9E5FA7894A87,id=cb19b877-b13a-4838-a0e1-b58882f3950d
2019-09-11 21:57:13,532 [ForkJoinPool.commonPool-worker-1] INFO  impl.RoleInfo (RoleInfo.java:shutdownFollowerState(121)) - cb19b877-b13a-4838-a0e1-b58882f3950d: shutdown FollowerState
2019-09-11 21:57:13,532 [ForkJoinPool.commonPool-worker-1] INFO  impl.StateMachineUpdater (StateMachineUpdater.java:stopAndJoin(125)) - cb19b877-b13a-4838-a0e1-b58882f3950d@group-9E5FA7894A87-StateMachineUpdater: set stopIndex = 16
2019-09-11 21:57:13,532 [cb19b877-b13a-4838-a0e1-b58882f3950d@group-9E5FA7894A87-StateMachineUpdater] INFO  ratis.ContainerStateMachine (ContainerStateMachine.java:takeSnapshot(289)) - group-9E5FA7894A87: Taking a snapshot at:(t:2, i:14) file /workdir/hadoop-ozone/integration-test/target/test-dir/MiniOzoneClusterImpl-5ea26da2-f48a-485b-abc0-853cbfba6fbc/datanode-1/data/ratis/21333f8e-bd9d-4292-95b6-9e5fa7894a87/sm/snapshot.2_14
2019-09-11 21:57:13,532 [Thread-423] INFO  impl.FollowerState (FollowerState.java:run(115)) - cb19b877-b13a-4838-a0e1-b58882f3950d: FollowerState was interrupted: java.lang.InterruptedException: sleep interrupted
2019-09-11 21:57:13,546 [cb19b877-b13a-4838-a0e1-b58882f3950d@group-9E5FA7894A87-StateMachineUpdater] INFO  ratis.ContainerStateMachine (ContainerStateMachine.java:takeSnapshot(300)) - group-9E5FA7894A87: Finished taking a snapshot at:(t:2, i:14) file:/workdir/hadoop-ozone/integration-test/target/test-dir/MiniOzoneClusterImpl-5ea26da2-f48a-485b-abc0-853cbfba6fbc/datanode-1/data/ratis/21333f8e-bd9d-4292-95b6-9e5fa7894a87/sm/snapshot.2_14 time:14
2019-09-11 21:57:13,546 [cb19b877-b13a-4838-a0e1-b58882f3950d@group-9E5FA7894A87-StateMachineUpdater] INFO  impl.StateMachineUpdater (StateMachineUpdater.java:takeSnapshot(258)) - cb19b877-b13a-4838-a0e1-b58882f3950d@group-9E5FA7894A87-StateMachineUpdater: Took a snapshot at index 14
2019-09-11 21:57:13,547 [cb19b877-b13a-4838-a0e1-b58882f3950d@group-9E5FA7894A87-StateMachineUpdater] INFO  impl.StateMachineUpdater (StateMachineUpdater.java:lambda$new$0(83)) - cb19b877-b13a-4838-a0e1-b58882f3950d@group-9E5FA7894A87-StateMachineUpdater: snapshotIndex: updateIncreasingly -1 -> 14
2019-09-11 21:57:13,547 [cb19b877-b13a-4838-a0e1-b58882f3950d@group-9E5FA7894A87-StateMachineUpdater] INFO  ratis.ContainerStateMachine (ContainerStateMachine.java:takeSnapshot(289)) - group-9E5FA7894A87: Taking a snapshot at:(t:2, i:14) file /workdir/hadoop-ozone/integration-test/target/test-dir/MiniOzoneClusterImpl-5ea26da2-f48a-485b-abc0-853cbfba6fbc/datanode-1/data/ratis/21333f8e-bd9d-4292-95b6-9e5fa7894a87/sm/snapshot.2_14
2019-09-11 21:57:13,559 [cb19b877-b13a-4838-a0e1-b58882f3950d@group-9E5FA7894A87-StateMachineUpdater] INFO  ratis.ContainerStateMachine (ContainerStateMachine.java:takeSnapshot(300)) - group-9E5FA7894A87: Finished taking a snapshot at:(t:2, i:14) file:/workdir/hadoop-ozone/integration-test/target/test-dir/MiniOzoneClusterImpl-5ea26da2-f48a-485b-abc0-853cbfba6fbc/datanode-1/data/ratis/21333f8e-bd9d-4292-95b6-9e5fa7894a87/sm/snapshot.2_14 time:12
2019-09-11 21:57:13,560 [cb19b877-b13a-4838-a0e1-b58882f3950d@group-9E5FA7894A87-StateMachineUpdater] INFO  impl.StateMachineUpdater (StateMachineUpdater.java:takeSnapshot(258)) - cb19b877-b13a-4838-a0e1-b58882f3950d@group-9E5FA7894A87-StateMachineUpdater: Took a snapshot at index 14
2019-09-11 21:57:13,560 [cb19b877-b13a-4838-a0e1-b58882f3950d@group-9E5FA7894A87-StateMachineUpdater] INFO  impl.StateMachineUpdater (StateMachineUpdater.java:lambda$new$0(83)) - cb19b877-b13a-4838-a0e1-b58882f3950d@group-9E5FA7894A87-StateMachineUpdater: snapshotIndex: updateIncreasingly 14 -> 14
2019-09-11 21:57:13,560 [ForkJoinPool.commonPool-worker-1] INFO  impl.RaftServerImpl (ServerState.java:close(385)) - cb19b877-b13a-4838-a0e1-b58882f3950d@group-9E5FA7894A87: closes. applyIndex: 16
2019-09-11 21:57:13,563 [cb19b877-b13a-4838-a0e1-b58882f3950d@group-9E5FA7894A87-SegmentedRaftLogWorker] ERROR ratis.XceiverServerRatis (XceiverServerRatis.java:triggerPipelineClose(568)) - pipeline Action CLOSE  on pipeline PipelineID=21333f8e-bd9d-4292-95b6-9e5fa7894a87.Reason : WriteLog:19: (t:2, i:19), STATEMACHINELOGENTRY, client-BDC949EA7344, cid=44-writeStateMachineData interrupted.
2019-09-11 21:57:13,575 [ForkJoinPool.commonPool-worker-1] INFO  segmented.SegmentedRaftLogWorker (SegmentedRaftLogWorker.java:close(228)) - cb19b877-b13a-4838-a0e1-b58882f3950d@group-9E5FA7894A87-SegmentedRaftLogWorker close()
2019-09-11 21:57:13,577 [ForkJoinPool.commonPool-worker-1] INFO  impl.RaftServerImpl (RaftServerImpl.java:lambda$shutdown$3(251)) - cb19b877-b13a-4838-a0e1-b58882f3950d@group-8CC7F060FDF9: shutdown
2019-09-11 21:57:13,577 [ForkJoinPool.commonPool-worker-1] INFO  util.JmxRegister (JmxRegister.java:unregister(73)) - Successfully un-registered JMX Bean with object name Ratis:service=RaftServer,group=group-8CC7F060FDF9,id=cb19b877-b13a-4838-a0e1-b58882f3950d
2019-09-11 21:57:13,577 [ForkJoinPool.commonPool-worker-1] INFO  impl.RoleInfo (RoleInfo.java:shutdownLeaderState(104)) - cb19b877-b13a-4838-a0e1-b58882f3950d: shutdown LeaderState
2019-09-11 21:57:13,578 [ForkJoinPool.commonPool-worker-1] INFO  impl.PendingRequests (PendingRequests.java:sendNotLeaderResponses(202)) - cb19b877-b13a-4838-a0e1-b58882f3950d-PendingRequests: sendNotLeaderResponses
2019-09-11 21:57:13,578 [ForkJoinPool.commonPool-worker-1] INFO  impl.StateMachineUpdater (StateMachineUpdater.java:stopAndJoin(125)) - cb19b877-b13a-4838-a0e1-b58882f3950d@group-8CC7F060FDF9-StateMachineUpdater: set stopIndex = 0
2019-09-11 21:57:13,579 [ForkJoinPool.commonPool-worker-1] INFO  impl.RaftServerImpl (ServerState.java:close(385)) - cb19b877-b13a-4838-a0e1-b58882f3950d@group-8CC7F060FDF9: closes. applyIndex: 0
2019-09-11 21:57:13,579 [cb19b877-b13a-4838-a0e1-b58882f3950d@group-8CC7F060FDF9-SegmentedRaftLogWorker] INFO  segmented.SegmentedRaftLogWorker (SegmentedRaftLogWorker.java:run(313)) - cb19b877-b13a-4838-a0e1-b58882f3950d@group-8CC7F060FDF9-SegmentedRaftLogWorker was interrupted, exiting. There are 0 tasks remaining in the queue.
2019-09-11 21:57:13,579 [ForkJoinPool.commonPool-worker-1] INFO  segmented.SegmentedRaftLogWorker (SegmentedRaftLogWorker.java:close(228)) - cb19b877-b13a-4838-a0e1-b58882f3950d@group-8CC7F060FDF9-SegmentedRaftLogWorker close()
2019-09-11 21:57:13,581 [ForkJoinPool.commonPool-worker-1] INFO  server.GrpcService (GrpcService.java:closeImpl(164)) - cb19b877-b13a-4838-a0e1-b58882f3950d: shutdown server with port 40539 now
2019-09-11 21:57:13,582 [ForkJoinPool.commonPool-worker-1] INFO  server.GrpcService (GrpcService.java:closeImpl(172)) - cb19b877-b13a-4838-a0e1-b58882f3950d: shutdown server with port 40539 successfully
2019-09-11 21:57:13,585 [refreshUsed-/workdir/hadoop-ozone/integration-test/target/test-dir/MiniOzoneClusterImpl-5ea26da2-f48a-485b-abc0-853cbfba6fbc/datanode-1/data/containers] WARN  fs.CachingGetSpaceUsed (CachingGetSpaceUsed.java:run(183)) - Thread Interrupted waiting to refresh disk information: sleep interrupted
2019-09-11 21:57:13,614 [ForkJoinPool.commonPool-worker-1] INFO  utils.BackgroundService (BackgroundService.java:shutdown(148)) - Shutting down service BlockDeletingService
2019-09-11 21:57:13,617 [ForkJoinPool.commonPool-worker-1] INFO  statemachine.DatanodeStateMachine (DatanodeStateMachine.java:stopDaemon(395)) - Ozone container server stopped.
2019-09-11 21:57:13,622 [ForkJoinPool.commonPool-worker-1] INFO  handler.ContextHandler (ContextHandler.java:doStop(910)) - Stopped o.e.j.w.WebAppContext@49faf066{/,null,UNAVAILABLE}{/hddsDatanode}
2019-09-11 21:57:13,623 [ForkJoinPool.commonPool-worker-1] INFO  server.AbstractConnector (AbstractConnector.java:doStop(318)) - Stopped ServerConnector@6f94a5a5{HTTP/1.1,[http/1.1]}{0.0.0.0:0}
2019-09-11 21:57:13,624 [ForkJoinPool.commonPool-worker-1] INFO  handler.ContextHandler (ContextHandler.java:doStop(910)) - Stopped o.e.j.s.ServletContextHandler@18d910b3{/static,jar:file:/home/user/.m2/repository/org/apache/hadoop/hadoop-hdds-container-service/0.5.0-SNAPSHOT/hadoop-hdds-container-service-0.5.0-SNAPSHOT.jar!/webapps/static,UNAVAILABLE}
2019-09-11 21:57:13,625 [ForkJoinPool.commonPool-worker-1] INFO  handler.ContextHandler (ContextHandler.java:doStop(910)) - Stopped o.e.j.s.ServletContextHandler@26cb5207{/logs,file:///workdir/hadoop-ozone/integration-test/target/log,UNAVAILABLE}
2019-09-11 21:57:13,627 [main] INFO  ozone.MiniOzoneClusterImpl (MiniOzoneClusterImpl.java:stop(339)) - Stopping the StorageContainerManager
2019-09-11 21:57:13,627 [main] INFO  server.StorageContainerManager (StorageContainerManager.java:stop(801)) - Stopping Replication Manager Service.
2019-09-11 21:57:13,627 [main] INFO  container.ReplicationManager (ReplicationManager.java:stop(203)) - Stopping Replication Monitor Thread.
2019-09-11 21:57:13,627 [main] INFO  server.StorageContainerManager (StorageContainerManager.java:stop(808)) - Stopping Lease Manager of the command watchers
2019-09-11 21:57:13,628 [main] INFO  server.StorageContainerManager (StorageContainerManager.java:stop(815)) - Stopping datanode service RPC server
2019-09-11 21:57:13,628 [main] INFO  server.SCMDatanodeProtocolServer (SCMDatanodeProtocolServer.java:stop(367)) - Stopping the RPC server for DataNodes
2019-09-11 21:57:13,628 [main] INFO  ipc.Server (Server.java:stop(3082)) - Stopping server on 35398
2019-09-11 21:57:13,631 [IPC Server listener on 35398] INFO  ipc.Server (Server.java:run(1185)) - Stopping IPC Server listener on 35398
2019-09-11 21:57:13,631 [IPC Server Responder] INFO  ipc.Server (Server.java:run(1319)) - Stopping IPC Server Responder
2019-09-11 21:57:13,704 [SCM Heartbeat Processing Thread - 0] WARN  node.NodeStateManager (NodeStateManager.java:scheduleNextHealthCheck(646)) - Current Thread is interrupted, shutting down HB processing thread for Node Manager.
2019-09-11 21:57:13,705 [main] INFO  server.StorageContainerManager (StorageContainerManager.java:stop(823)) - Stopping block service RPC server
2019-09-11 21:57:13,705 [main] INFO  server.SCMBlockProtocolServer (SCMBlockProtocolServer.java:stop(155)) - Stopping the RPC server for Block Protocol
2019-09-11 21:57:13,705 [main] INFO  ipc.Server (Server.java:stop(3082)) - Stopping server on 37293
2019-09-11 21:57:13,706 [IPC Server listener on 37293] INFO  ipc.Server (Server.java:run(1185)) - Stopping IPC Server listener on 37293
2019-09-11 21:57:13,706 [main] INFO  server.StorageContainerManager (StorageContainerManager.java:stop(830)) - Stopping the StorageContainerLocationProtocol RPC server
2019-09-11 21:57:13,707 [main] INFO  server.SCMClientProtocolServer (SCMClientProtocolServer.java:stop(159)) - Stopping the RPC server for Client Protocol
2019-09-11 21:57:13,707 [IPC Server Responder] INFO  ipc.Server (Server.java:run(1319)) - Stopping IPC Server Responder
2019-09-11 21:57:13,707 [main] INFO  ipc.Server (Server.java:stop(3082)) - Stopping server on 45201
2019-09-11 21:57:13,708 [IPC Server listener on 45201] INFO  ipc.Server (Server.java:run(1185)) - Stopping IPC Server listener on 45201
2019-09-11 21:57:13,708 [main] INFO  server.StorageContainerManager (StorageContainerManager.java:stop(837)) - Stopping Storage Container Manager HTTP server.
2019-09-11 21:57:13,709 [IPC Server Responder] INFO  ipc.Server (Server.java:run(1319)) - Stopping IPC Server Responder
2019-09-11 21:57:13,710 [main] INFO  handler.ContextHandler (ContextHandler.java:doStop(910)) - Stopped o.e.j.w.WebAppContext@7555b920{/,null,UNAVAILABLE}{/scm}
2019-09-11 21:57:13,711 [main] INFO  server.AbstractConnector (AbstractConnector.java:doStop(318)) - Stopped ServerConnector@6db66836{HTTP/1.1,[http/1.1]}{0.0.0.0:0}
2019-09-11 21:57:13,711 [main] INFO  handler.ContextHandler (ContextHandler.java:doStop(910)) - Stopped o.e.j.s.ServletContextHandler@6622fc65{/static,file:///workdir/hadoop-ozone/integration-test/target/test-classes/webapps/static,UNAVAILABLE}
2019-09-11 21:57:13,712 [main] INFO  handler.ContextHandler (ContextHandler.java:doStop(910)) - Stopped o.e.j.s.ServletContextHandler@732f29af{/logs,file:///workdir/hadoop-ozone/integration-test/target/log,UNAVAILABLE}
2019-09-11 21:57:13,713 [main] INFO  server.StorageContainerManager (StorageContainerManager.java:stop(848)) - Stopping Block Manager Service.
2019-09-11 21:57:13,713 [main] INFO  utils.BackgroundService (BackgroundService.java:shutdown(148)) - Shutting down service SCMBlockDeletingService
2019-09-11 21:57:13,714 [main] INFO  utils.BackgroundService (BackgroundService.java:shutdown(148)) - Shutting down service SCMBlockDeletingService
2019-09-11 21:57:13,714 [main] INFO  server.StorageContainerManager (StorageContainerManager.java:stop(870)) - Stopping SCM Event Queue.
2019-09-11 21:57:13,722 [main] INFO  impl.MetricsSystemImpl (MetricsSystemImpl.java:stop(210)) - Stopping XceiverClientMetrics metrics system...
2019-09-11 21:57:13,733 [prometheus] INFO  impl.MetricsSinkAdapter (MetricsSinkAdapter.java:publishMetricsFromQueue(141)) - prometheus thread interrupted.
2019-09-11 21:57:13,733 [main] INFO  impl.MetricsSystemImpl (MetricsSystemImpl.java:stop(216)) - XceiverClientMetrics metrics system stopped.
]]></system-out>
    <system-err><![CDATA[ERROR StatusLogger No Log4j 2 configuration file found. Using default configuration (logging only errors to the console), or user programmatically provided configurations. Set system property 'log4j2.debug' to show Log4j 2 internal initialization logging. See https://logging.apache.org/log4j/2.x/manual/configuration.html for instructions on how to configure Log4j 2
Sep 11, 2019 9:56:29 PM org.apache.ratis.thirdparty.io.grpc.internal.SerializingExecutor run
SEVERE: Exception while executing runnable org.apache.ratis.thirdparty.io.grpc.internal.ServerImpl$JumpToApplicationThreadServerStreamListener$1Closed@2527a199
org.apache.ratis.thirdparty.io.grpc.StatusRuntimeException: CANCELLED: call already cancelled
	at org.apache.ratis.thirdparty.io.grpc.Status.asRuntimeException(Status.java:517)
	at org.apache.ratis.thirdparty.io.grpc.stub.ServerCalls$ServerCallStreamObserverImpl.onCompleted(ServerCalls.java:356)
	at org.apache.ratis.grpc.server.GrpcServerProtocolService$ServerRequestStreamObserver.onError(GrpcServerProtocolService.java:121)
	at org.apache.ratis.thirdparty.io.grpc.stub.ServerCalls$StreamingServerCallHandler$StreamingServerCallListener.onCancel(ServerCalls.java:269)
	at org.apache.ratis.thirdparty.io.grpc.internal.ServerCallImpl$ServerStreamListenerImpl.closed(ServerCallImpl.java:293)
	at org.apache.ratis.thirdparty.io.grpc.internal.ServerImpl$JumpToApplicationThreadServerStreamListener$1Closed.runInContext(ServerImpl.java:741)
	at org.apache.ratis.thirdparty.io.grpc.internal.ContextRunnable.run(ContextRunnable.java:37)
	at org.apache.ratis.thirdparty.io.grpc.internal.SerializingExecutor.run(SerializingExecutor.java:123)
	at java.util.concurrent.ThreadPoolExecutor.runWorker(ThreadPoolExecutor.java:1149)
	at java.util.concurrent.ThreadPoolExecutor$Worker.run(ThreadPoolExecutor.java:624)
	at java.lang.Thread.run(Thread.java:748)

Sep 11, 2019 9:56:52 PM org.apache.ratis.thirdparty.io.grpc.internal.SerializingExecutor run
SEVERE: Exception while executing runnable org.apache.ratis.thirdparty.io.grpc.internal.ServerImpl$JumpToApplicationThreadServerStreamListener$1Closed@79398978
org.apache.ratis.thirdparty.io.grpc.StatusRuntimeException: CANCELLED: call already cancelled
	at org.apache.ratis.thirdparty.io.grpc.Status.asRuntimeException(Status.java:517)
	at org.apache.ratis.thirdparty.io.grpc.stub.ServerCalls$ServerCallStreamObserverImpl.onCompleted(ServerCalls.java:356)
	at org.apache.ratis.grpc.server.GrpcServerProtocolService$ServerRequestStreamObserver.onError(GrpcServerProtocolService.java:121)
	at org.apache.ratis.thirdparty.io.grpc.stub.ServerCalls$StreamingServerCallHandler$StreamingServerCallListener.onCancel(ServerCalls.java:269)
	at org.apache.ratis.thirdparty.io.grpc.internal.ServerCallImpl$ServerStreamListenerImpl.closed(ServerCallImpl.java:293)
	at org.apache.ratis.thirdparty.io.grpc.internal.ServerImpl$JumpToApplicationThreadServerStreamListener$1Closed.runInContext(ServerImpl.java:741)
	at org.apache.ratis.thirdparty.io.grpc.internal.ContextRunnable.run(ContextRunnable.java:37)
	at org.apache.ratis.thirdparty.io.grpc.internal.SerializingExecutor.run(SerializingExecutor.java:123)
	at java.util.concurrent.ThreadPoolExecutor.runWorker(ThreadPoolExecutor.java:1149)
	at java.util.concurrent.ThreadPoolExecutor$Worker.run(ThreadPoolExecutor.java:624)
	at java.lang.Thread.run(Thread.java:748)

Sep 11, 2019 9:56:52 PM org.apache.ratis.thirdparty.io.grpc.internal.SerializingExecutor run
SEVERE: Exception while executing runnable org.apache.ratis.thirdparty.io.grpc.internal.ServerImpl$JumpToApplicationThreadServerStreamListener$1Closed@3469f334
org.apache.ratis.thirdparty.io.grpc.StatusRuntimeException: CANCELLED: call already cancelled
	at org.apache.ratis.thirdparty.io.grpc.Status.asRuntimeException(Status.java:517)
	at org.apache.ratis.thirdparty.io.grpc.stub.ServerCalls$ServerCallStreamObserverImpl.onCompleted(ServerCalls.java:356)
	at org.apache.ratis.grpc.server.GrpcServerProtocolService$ServerRequestStreamObserver.onError(GrpcServerProtocolService.java:121)
	at org.apache.ratis.thirdparty.io.grpc.stub.ServerCalls$StreamingServerCallHandler$StreamingServerCallListener.onCancel(ServerCalls.java:269)
	at org.apache.ratis.thirdparty.io.grpc.internal.ServerCallImpl$ServerStreamListenerImpl.closed(ServerCallImpl.java:293)
	at org.apache.ratis.thirdparty.io.grpc.internal.ServerImpl$JumpToApplicationThreadServerStreamListener$1Closed.runInContext(ServerImpl.java:741)
	at org.apache.ratis.thirdparty.io.grpc.internal.ContextRunnable.run(ContextRunnable.java:37)
	at org.apache.ratis.thirdparty.io.grpc.internal.SerializingExecutor.run(SerializingExecutor.java:123)
	at java.util.concurrent.ThreadPoolExecutor.runWorker(ThreadPoolExecutor.java:1149)
	at java.util.concurrent.ThreadPoolExecutor$Worker.run(ThreadPoolExecutor.java:624)
	at java.lang.Thread.run(Thread.java:748)

]]></system-err>
  </testcase>
  <testcase name="testMultiBlockWritesWithDnFailures" classname="org.apache.hadoop.ozone.client.rpc.TestMultiBlockWritesWithDnFailures" time="48.187"/>
</testsuite>