<?xml version="1.0" encoding="UTF-8"?>
<testsuite xmlns:xsi="http://www.w3.org/2001/XMLSchema-instance" xsi:noNamespaceSchemaLocation="https://maven.apache.org/surefire/maven-surefire-plugin/xsd/surefire-test-report.xsd" name="org.apache.hadoop.ozone.client.rpc.TestBlockOutputStream" time="251.715" tests="6" errors="0" skipped="0" failures="1">
  <properties>
    <property name="awt.toolkit" value="sun.awt.X11.XToolkit"/>
    <property name="file.encoding.pkg" value="sun.io"/>
    <property name="java.specification.version" value="1.8"/>
    <property name="sun.cpu.isalist" value=""/>
    <property name="sun.jnu.encoding" value="UTF-8"/>
    <property name="java.class.path" value="/workdir/hadoop-ozone/integration-test/target/test-classes:/workdir/hadoop-ozone/integration-test/target/classes:/home/user/.m2/repository/org/apache/hadoop/hadoop-ozone-common/0.5.0-SNAPSHOT/hadoop-ozone-common-0.5.0-SNAPSHOT.jar:/home/user/.m2/repository/org/apache/commons/commons-compress/1.4.1/commons-compress-1.4.1.jar:/home/user/.m2/repository/org/tukaani/xz/1.0/xz-1.0.jar:/home/user/.m2/repository/org/apache/hadoop/hadoop-common/3.2.0/hadoop-common-3.2.0.jar:/home/user/.m2/repository/org/apache/hadoop/hadoop-hdfs/3.2.0/hadoop-hdfs-3.2.0.jar:/home/user/.m2/repository/org/apache/hadoop/hadoop-hdfs-client/3.2.0/hadoop-hdfs-client-3.2.0.jar:/home/user/.m2/repository/com/fasterxml/jackson/core/jackson-annotations/2.9.5/jackson-annotations-2.9.5.jar:/home/user/.m2/repository/org/apache/hadoop/hadoop-hdds-common/0.5.0-SNAPSHOT/hadoop-hdds-common-0.5.0-SNAPSHOT.jar:/home/user/.m2/repository/javax/annotation/javax.annotation-api/1.2/javax.annotation-api-1.2.jar:/home/user/.m2/repository/org/apache/ratis/ratis-server/0.4.0-78e95b9-SNAPSHOT/ratis-server-0.4.0-78e95b9-SNAPSHOT.jar:/home/user/.m2/repository/org/apache/ratis/ratis-thirdparty-misc/0.2.0/ratis-thirdparty-misc-0.2.0.jar:/home/user/.m2/repository/org/apache/ratis/ratis-proto/0.4.0-78e95b9-SNAPSHOT/ratis-proto-0.4.0-78e95b9-SNAPSHOT.jar:/home/user/.m2/repository/org/apache/ratis/ratis-common/0.4.0-78e95b9-SNAPSHOT/ratis-common-0.4.0-78e95b9-SNAPSHOT.jar:/home/user/.m2/repository/org/apache/ratis/ratis-client/0.4.0-78e95b9-SNAPSHOT/ratis-client-0.4.0-78e95b9-SNAPSHOT.jar:/home/user/.m2/repository/org/apache/ratis/ratis-metrics/0.4.0-78e95b9-SNAPSHOT/ratis-metrics-0.4.0-78e95b9-SNAPSHOT.jar:/home/user/.m2/repository/com/github/joshelser/dropwizard-metrics-hadoop-metrics2-reporter/0.1.2/dropwizard-metrics-hadoop-metrics2-reporter-0.1.2.jar:/home/user/.m2/repository/io/dropwizard/metrics/metrics-jvm/3.2.5/metrics-jvm-3.2.5.jar:/home/user/.m2/repository/io/dropwizard/metrics/metrics-ganglia/3.2.5/metrics-ganglia-3.2.5.jar:/home/user/.m2/repository/info/ganglia/gmetric4j/gmetric4j/1.0.7/gmetric4j-1.0.7.jar:/home/user/.m2/repository/org/apache/ratis/ratis-netty/0.4.0-78e95b9-SNAPSHOT/ratis-netty-0.4.0-78e95b9-SNAPSHOT.jar:/home/user/.m2/repository/org/apache/ratis/ratis-grpc/0.4.0-78e95b9-SNAPSHOT/ratis-grpc-0.4.0-78e95b9-SNAPSHOT.jar:/home/user/.m2/repository/org/rocksdb/rocksdbjni/6.0.1/rocksdbjni-6.0.1.jar:/home/user/.m2/repository/org/apache/logging/log4j/log4j-api/2.11.0/log4j-api-2.11.0.jar:/home/user/.m2/repository/org/apache/logging/log4j/log4j-core/2.11.0/log4j-core-2.11.0.jar:/home/user/.m2/repository/com/lmax/disruptor/3.4.2/disruptor-3.4.2.jar:/home/user/.m2/repository/org/apache/commons/commons-pool2/2.6.0/commons-pool2-2.6.0.jar:/home/user/.m2/repository/org/bouncycastle/bcpkix-jdk15on/1.60/bcpkix-jdk15on-1.60.jar:/home/user/.m2/repository/commons-validator/commons-validator/1.6/commons-validator-1.6.jar:/home/user/.m2/repository/commons-digester/commons-digester/1.8.1/commons-digester-1.8.1.jar:/home/user/.m2/repository/io/jaegertracing/jaeger-client/0.33.1/jaeger-client-0.33.1.jar:/home/user/.m2/repository/io/jaegertracing/jaeger-thrift/0.33.1/jaeger-thrift-0.33.1.jar:/home/user/.m2/repository/org/apache/thrift/libthrift/0.11.0/libthrift-0.11.0.jar:/home/user/.m2/repository/com/squareup/okhttp3/okhttp/3.9.0/okhttp-3.9.0.jar:/home/user/.m2/repository/com/squareup/okio/okio/1.13.0/okio-1.13.0.jar:/home/user/.m2/repository/io/jaegertracing/jaeger-core/0.33.1/jaeger-core-0.33.1.jar:/home/user/.m2/repository/io/jaegertracing/jaeger-tracerresolver/0.33.1/jaeger-tracerresolver-0.33.1.jar:/home/user/.m2/repository/io/opentracing/contrib/opentracing-tracerresolver/0.1.5/opentracing-tracerresolver-0.1.5.jar:/home/user/.m2/repository/io/opentracing/opentracing-util/0.31.0/opentracing-util-0.31.0.jar:/home/user/.m2/repository/io/opentracing/opentracing-api/0.31.0/opentracing-api-0.31.0.jar:/home/user/.m2/repository/io/opentracing/opentracing-noop/0.31.0/opentracing-noop-0.31.0.jar:/home/user/.m2/repository/org/apache/hadoop/hadoop-hdds-server-framework/0.5.0-SNAPSHOT/hadoop-hdds-server-framework-0.5.0-SNAPSHOT.jar:/home/user/.m2/repository/org/apache/hadoop/hadoop-hdds-container-service/0.5.0-SNAPSHOT/hadoop-hdds-container-service-0.5.0-SNAPSHOT.jar:/home/user/.m2/repository/org/apache/hadoop/hadoop-hdds-client/0.5.0-SNAPSHOT/hadoop-hdds-client-0.5.0-SNAPSHOT.jar:/home/user/.m2/repository/org/apache/hadoop/hadoop-hdds-tools/0.5.0-SNAPSHOT/hadoop-hdds-tools-0.5.0-SNAPSHOT.jar:/home/user/.m2/repository/org/apache/hadoop/hadoop-hdds-server-scm/0.5.0-SNAPSHOT/hadoop-hdds-server-scm-0.5.0-SNAPSHOT.jar:/home/user/.m2/repository/org/apache/hadoop/hadoop-hdds-docs/0.5.0-SNAPSHOT/hadoop-hdds-docs-0.5.0-SNAPSHOT.jar:/home/user/.m2/repository/io/dropwizard/metrics/metrics-core/3.2.4/metrics-core-3.2.4.jar:/home/user/.m2/repository/org/hamcrest/hamcrest-all/1.3/hamcrest-all-1.3.jar:/home/user/.m2/repository/org/bouncycastle/bcprov-jdk15on/1.60/bcprov-jdk15on-1.60.jar:/home/user/.m2/repository/info/picocli/picocli/3.9.6/picocli-3.9.6.jar:/home/user/.m2/repository/com/google/protobuf/protobuf-java/2.5.0/protobuf-java-2.5.0.jar:/home/user/.m2/repository/com/google/guava/guava/11.0.2/guava-11.0.2.jar:/home/user/.m2/repository/org/apache/hadoop/hadoop-ozone-ozone-manager/0.5.0-SNAPSHOT/hadoop-ozone-ozone-manager-0.5.0-SNAPSHOT.jar:/home/user/.m2/repository/org/apache/hadoop/hadoop-minikdc/3.2.0/hadoop-minikdc-3.2.0.jar:/home/user/.m2/repository/commons-io/commons-io/2.5/commons-io-2.5.jar:/home/user/.m2/repository/org/apache/kerby/kerb-simplekdc/1.0.1/kerb-simplekdc-1.0.1.jar:/home/user/.m2/repository/org/apache/kerby/kerb-client/1.0.1/kerb-client-1.0.1.jar:/home/user/.m2/repository/org/apache/kerby/kerby-config/1.0.1/kerby-config-1.0.1.jar:/home/user/.m2/repository/org/apache/kerby/kerb-core/1.0.1/kerb-core-1.0.1.jar:/home/user/.m2/repository/org/apache/kerby/kerby-pkix/1.0.1/kerby-pkix-1.0.1.jar:/home/user/.m2/repository/org/apache/kerby/kerby-asn1/1.0.1/kerby-asn1-1.0.1.jar:/home/user/.m2/repository/org/apache/kerby/kerby-util/1.0.1/kerby-util-1.0.1.jar:/home/user/.m2/repository/org/apache/kerby/kerb-common/1.0.1/kerb-common-1.0.1.jar:/home/user/.m2/repository/org/apache/kerby/kerb-crypto/1.0.1/kerb-crypto-1.0.1.jar:/home/user/.m2/repository/org/apache/kerby/kerb-util/1.0.1/kerb-util-1.0.1.jar:/home/user/.m2/repository/org/apache/kerby/token-provider/1.0.1/token-provider-1.0.1.jar:/home/user/.m2/repository/org/apache/kerby/kerb-admin/1.0.1/kerb-admin-1.0.1.jar:/home/user/.m2/repository/org/apache/kerby/kerb-server/1.0.1/kerb-server-1.0.1.jar:/home/user/.m2/repository/org/apache/kerby/kerb-identity/1.0.1/kerb-identity-1.0.1.jar:/home/user/.m2/repository/org/apache/kerby/kerby-xdr/1.0.1/kerby-xdr-1.0.1.jar:/home/user/.m2/repository/org/slf4j/slf4j-log4j12/1.7.25/slf4j-log4j12-1.7.25.jar:/home/user/.m2/repository/org/apache/hadoop/hadoop-ozone-s3gateway/0.5.0-SNAPSHOT/hadoop-ozone-s3gateway-0.5.0-SNAPSHOT.jar:/home/user/.m2/repository/org/jboss/weld/servlet/weld-servlet/2.4.7.Final/weld-servlet-2.4.7.Final.jar:/home/user/.m2/repository/org/glassfish/jersey/containers/jersey-container-servlet-core/2.27/jersey-container-servlet-core-2.27.jar:/home/user/.m2/repository/org/glassfish/hk2/external/javax.inject/2.5.0-b42/javax.inject-2.5.0-b42.jar:/home/user/.m2/repository/org/glassfish/jersey/core/jersey-common/2.27/jersey-common-2.27.jar:/home/user/.m2/repository/org/glassfish/hk2/osgi-resource-locator/1.0.1/osgi-resource-locator-1.0.1.jar:/home/user/.m2/repository/javax/ws/rs/javax.ws.rs-api/2.1/javax.ws.rs-api-2.1.jar:/home/user/.m2/repository/org/glassfish/jersey/ext/cdi/jersey-cdi1x/2.27/jersey-cdi1x-2.27.jar:/home/user/.m2/repository/org/glassfish/jersey/inject/jersey-hk2/2.27/jersey-hk2-2.27.jar:/home/user/.m2/repository/org/glassfish/hk2/hk2-locator/2.5.0-b42/hk2-locator-2.5.0-b42.jar:/home/user/.m2/repository/org/javassist/javassist/3.22.0-CR2/javassist-3.22.0-CR2.jar:/home/user/.m2/repository/org/glassfish/hk2/hk2-api/2.5.0/hk2-api-2.5.0.jar:/home/user/.m2/repository/org/glassfish/hk2/external/jakarta.inject/2.5.0/jakarta.inject-2.5.0.jar:/home/user/.m2/repository/org/glassfish/hk2/hk2-utils/2.5.0/hk2-utils-2.5.0.jar:/home/user/.m2/repository/jakarta/annotation/jakarta.annotation-api/1.3.4/jakarta.annotation-api-1.3.4.jar:/home/user/.m2/repository/org/glassfish/hk2/external/aopalliance-repackaged/2.5.0/aopalliance-repackaged-2.5.0.jar:/home/user/.m2/repository/com/fasterxml/jackson/dataformat/jackson-dataformat-xml/2.9.0/jackson-dataformat-xml-2.9.0.jar:/home/user/.m2/repository/com/fasterxml/jackson/core/jackson-core/2.9.5/jackson-core-2.9.5.jar:/home/user/.m2/repository/com/fasterxml/jackson/module/jackson-module-jaxb-annotations/2.9.5/jackson-module-jaxb-annotations-2.9.5.jar:/home/user/.m2/repository/javax/enterprise/cdi-api/1.2/cdi-api-1.2.jar:/home/user/.m2/repository/javax/el/javax.el-api/3.0.0/javax.el-api-3.0.0.jar:/home/user/.m2/repository/javax/interceptor/javax.interceptor-api/1.2/javax.interceptor-api-1.2.jar:/home/user/.m2/repository/javax/inject/javax.inject/1/javax.inject-1.jar:/home/user/.m2/repository/com/sun/xml/bind/jaxb-impl/2.3.0.1/jaxb-impl-2.3.0.1.jar:/home/user/.m2/repository/com/sun/xml/bind/jaxb-core/2.3.0.1/jaxb-core-2.3.0.1.jar:/home/user/.m2/repository/javax/xml/bind/jaxb-api/2.3.0/jaxb-api-2.3.0.jar:/home/user/.m2/repository/javax/activation/activation/1.1.1/activation-1.1.1.jar:/home/user/.m2/repository/org/apache/hadoop/hadoop-ozone-csi/0.5.0-SNAPSHOT/hadoop-ozone-csi-0.5.0-SNAPSHOT.jar:/home/user/.m2/repository/com/google/protobuf/protobuf-java-util/3.5.1/protobuf-java-util-3.5.1.jar:/home/user/.m2/repository/org/apache/hadoop/hadoop-hdds-config/0.5.0-SNAPSHOT/hadoop-hdds-config-0.5.0-SNAPSHOT.jar:/home/user/.m2/repository/io/grpc/grpc-netty/1.17.1/grpc-netty-1.17.1.jar:/home/user/.m2/repository/io/grpc/grpc-core/1.17.1/grpc-core-1.17.1.jar:/home/user/.m2/repository/io/grpc/grpc-context/1.17.1/grpc-context-1.17.1.jar:/home/user/.m2/repository/com/google/errorprone/error_prone_annotations/2.2.0/error_prone_annotations-2.2.0.jar:/home/user/.m2/repository/org/codehaus/mojo/animal-sniffer-annotations/1.17/animal-sniffer-annotations-1.17.jar:/home/user/.m2/repository/io/opencensus/opencensus-api/0.17.0/opencensus-api-0.17.0.jar:/home/user/.m2/repository/io/opencensus/opencensus-contrib-grpc-metrics/0.17.0/opencensus-contrib-grpc-metrics-0.17.0.jar:/home/user/.m2/repository/io/netty/netty-codec-http2/4.1.30.Final/netty-codec-http2-4.1.30.Final.jar:/home/user/.m2/repository/io/netty/netty-codec-http/4.1.30.Final/netty-codec-http-4.1.30.Final.jar:/home/user/.m2/repository/io/netty/netty-codec/4.1.30.Final/netty-codec-4.1.30.Final.jar:/home/user/.m2/repository/io/netty/netty-handler/4.1.30.Final/netty-handler-4.1.30.Final.jar:/home/user/.m2/repository/io/netty/netty-handler-proxy/4.1.30.Final/netty-handler-proxy-4.1.30.Final.jar:/home/user/.m2/repository/io/netty/netty-codec-socks/4.1.30.Final/netty-codec-socks-4.1.30.Final.jar:/home/user/.m2/repository/io/netty/netty-transport-native-epoll/4.1.30.Final/netty-transport-native-epoll-4.1.30.Final.jar:/home/user/.m2/repository/io/netty/netty-common/4.1.30.Final/netty-common-4.1.30.Final.jar:/home/user/.m2/repository/io/netty/netty-buffer/4.1.30.Final/netty-buffer-4.1.30.Final.jar:/home/user/.m2/repository/io/netty/netty-transport/4.1.30.Final/netty-transport-4.1.30.Final.jar:/home/user/.m2/repository/io/netty/netty-resolver/4.1.30.Final/netty-resolver-4.1.30.Final.jar:/home/user/.m2/repository/io/netty/netty-transport-native-unix-common/4.1.30.Final/netty-transport-native-unix-common-4.1.30.Final.jar:/home/user/.m2/repository/io/grpc/grpc-protobuf/1.17.1/grpc-protobuf-1.17.1.jar:/home/user/.m2/repository/com/google/api/grpc/proto-google-common-protos/1.0.0/proto-google-common-protos-1.0.0.jar:/home/user/.m2/repository/io/grpc/grpc-protobuf-lite/1.17.1/grpc-protobuf-lite-1.17.1.jar:/home/user/.m2/repository/io/grpc/grpc-stub/1.17.1/grpc-stub-1.17.1.jar:/home/user/.m2/repository/org/apache/hadoop/hadoop-ozone-recon/0.5.0-SNAPSHOT/hadoop-ozone-recon-0.5.0-SNAPSHOT.jar:/home/user/.m2/repository/org/apache/hadoop/hadoop-ozone-reconcodegen/0.5.0-SNAPSHOT/hadoop-ozone-reconcodegen-0.5.0-SNAPSHOT.jar:/home/user/.m2/repository/com/google/inject/extensions/guice-multibindings/4.0/guice-multibindings-4.0.jar:/home/user/.m2/repository/com/google/inject/guice/4.0/guice-4.0.jar:/home/user/.m2/repository/aopalliance/aopalliance/1.0/aopalliance-1.0.jar:/home/user/.m2/repository/com/google/inject/extensions/guice-servlet/4.0/guice-servlet-4.0.jar:/home/user/.m2/repository/org/glassfish/jersey/containers/jersey-container-servlet/2.27/jersey-container-servlet-2.27.jar:/home/user/.m2/repository/org/glassfish/hk2/guice-bridge/2.5.0/guice-bridge-2.5.0.jar:/home/user/.m2/repository/org/glassfish/jersey/core/jersey-server/2.27/jersey-server-2.27.jar:/home/user/.m2/repository/org/glassfish/jersey/core/jersey-client/2.27/jersey-client-2.27.jar:/home/user/.m2/repository/org/glassfish/jersey/media/jersey-media-jaxb/2.27/jersey-media-jaxb-2.27.jar:/home/user/.m2/repository/javax/validation/validation-api/1.1.0.Final/validation-api-1.1.0.Final.jar:/home/user/.m2/repository/org/glassfish/jersey/media/jersey-media-json-jackson/2.27/jersey-media-json-jackson-2.27.jar:/home/user/.m2/repository/org/glassfish/jersey/ext/jersey-entity-filtering/2.27/jersey-entity-filtering-2.27.jar:/home/user/.m2/repository/com/google/inject/extensions/guice-assistedinject/4.0/guice-assistedinject-4.0.jar:/home/user/.m2/repository/org/jooq/jooq/3.11.10/jooq-3.11.10.jar:/home/user/.m2/repository/org/jooq/jooq-meta/3.11.10/jooq-meta-3.11.10.jar:/home/user/.m2/repository/org/jooq/jooq-codegen/3.11.10/jooq-codegen-3.11.10.jar:/home/user/.m2/repository/com/jolbox/bonecp/0.8.0.RELEASE/bonecp-0.8.0.RELEASE.jar:/home/user/.m2/repository/org/xerial/sqlite-jdbc/3.25.2/sqlite-jdbc-3.25.2.jar:/home/user/.m2/repository/org/springframework/spring-jdbc/5.1.3.RELEASE/spring-jdbc-5.1.3.RELEASE.jar:/home/user/.m2/repository/org/springframework/spring-beans/5.1.3.RELEASE/spring-beans-5.1.3.RELEASE.jar:/home/user/.m2/repository/org/springframework/spring-core/5.1.3.RELEASE/spring-core-5.1.3.RELEASE.jar:/home/user/.m2/repository/org/springframework/spring-jcl/5.1.3.RELEASE/spring-jcl-5.1.3.RELEASE.jar:/home/user/.m2/repository/org/springframework/spring-tx/5.1.3.RELEASE/spring-tx-5.1.3.RELEASE.jar:/home/user/.m2/repository/org/apache/hadoop/hadoop-ozone-client/0.5.0-SNAPSHOT/hadoop-ozone-client-0.5.0-SNAPSHOT.jar:/home/user/.m2/repository/commons-lang/commons-lang/2.6/commons-lang-2.6.jar:/home/user/.m2/repository/org/apache/hadoop/hadoop-ozone-ozone-manager/0.5.0-SNAPSHOT/hadoop-ozone-ozone-manager-0.5.0-SNAPSHOT-tests.jar:/home/user/.m2/repository/junit/junit/4.11/junit-4.11.jar:/home/user/.m2/repository/org/hamcrest/hamcrest-core/1.3/hamcrest-core-1.3.jar:/home/user/.m2/repository/org/openjdk/jmh/jmh-core/1.19/jmh-core-1.19.jar:/home/user/.m2/repository/net/sf/jopt-simple/jopt-simple/4.6/jopt-simple-4.6.jar:/home/user/.m2/repository/org/apache/commons/commons-math3/3.1.1/commons-math3-3.1.1.jar:/home/user/.m2/repository/org/openjdk/jmh/jmh-generator-annprocess/1.19/jmh-generator-annprocess-1.19.jar:/home/user/.m2/repository/org/mockito/mockito-all/1.8.5/mockito-all-1.8.5.jar:/home/user/.m2/repository/org/apache/hadoop/hadoop-kms/3.2.0/hadoop-kms-3.2.0.jar:/home/user/.m2/repository/org/apache/hadoop/hadoop-auth/3.2.0/hadoop-auth-3.2.0.jar:/home/user/.m2/repository/com/nimbusds/nimbus-jose-jwt/4.41.1/nimbus-jose-jwt-4.41.1.jar:/home/user/.m2/repository/com/github/stephenc/jcip/jcip-annotations/1.0-1/jcip-annotations-1.0-1.jar:/home/user/.m2/repository/net/minidev/json-smart/2.3/json-smart-2.3.jar:/home/user/.m2/repository/net/minidev/accessors-smart/1.2/accessors-smart-1.2.jar:/home/user/.m2/repository/org/ow2/asm/asm/5.0.4/asm-5.0.4.jar:/home/user/.m2/repository/org/apache/curator/curator-framework/2.12.0/curator-framework-2.12.0.jar:/home/user/.m2/repository/com/sun/jersey/jersey-core/1.19/jersey-core-1.19.jar:/home/user/.m2/repository/javax/ws/rs/jsr311-api/1.1.1/jsr311-api-1.1.1.jar:/home/user/.m2/repository/com/sun/jersey/jersey-server/1.19/jersey-server-1.19.jar:/home/user/.m2/repository/javax/servlet/javax.servlet-api/3.1.0/javax.servlet-api-3.1.0.jar:/home/user/.m2/repository/org/eclipse/jetty/jetty-server/9.3.24.v20180605/jetty-server-9.3.24.v20180605.jar:/home/user/.m2/repository/org/eclipse/jetty/jetty-http/9.3.24.v20180605/jetty-http-9.3.24.v20180605.jar:/home/user/.m2/repository/org/eclipse/jetty/jetty-io/9.3.24.v20180605/jetty-io-9.3.24.v20180605.jar:/home/user/.m2/repository/org/eclipse/jetty/jetty-webapp/9.3.24.v20180605/jetty-webapp-9.3.24.v20180605.jar:/home/user/.m2/repository/org/eclipse/jetty/jetty-xml/9.3.24.v20180605/jetty-xml-9.3.24.v20180605.jar:/home/user/.m2/repository/log4j/log4j/1.2.17/log4j-1.2.17.jar:/home/user/.m2/repository/org/slf4j/slf4j-api/1.7.25/slf4j-api-1.7.25.jar:/home/user/.m2/repository/org/slf4j/jul-to-slf4j/1.7.25/jul-to-slf4j-1.7.25.jar:/home/user/.m2/repository/org/eclipse/jetty/jetty-util/9.3.24.v20180605/jetty-util-9.3.24.v20180605.jar:/home/user/.m2/repository/com/fasterxml/jackson/core/jackson-databind/2.9.5/jackson-databind-2.9.5.jar:/home/user/.m2/repository/org/apache/hadoop/hadoop-kms/3.2.0/hadoop-kms-3.2.0-tests.jar:/home/user/.m2/repository/org/apache/hadoop/hadoop-hdds-server-scm/0.5.0-SNAPSHOT/hadoop-hdds-server-scm-0.5.0-SNAPSHOT-tests.jar:/home/user/.m2/repository/org/apache/hadoop/hadoop-hdds-container-service/0.5.0-SNAPSHOT/hadoop-hdds-container-service-0.5.0-SNAPSHOT-tests.jar:/home/user/.m2/repository/org/yaml/snakeyaml/1.16/snakeyaml-1.16.jar:/home/user/.m2/repository/org/apache/hadoop/hadoop-common/3.2.0/hadoop-common-3.2.0-tests.jar:/home/user/.m2/repository/org/apache/hadoop/hadoop-annotations/3.2.0/hadoop-annotations-3.2.0.jar:/usr/lib/jvm/java-1.8-openjdk/jre/../lib/tools.jar:/home/user/.m2/repository/commons-cli/commons-cli/1.2/commons-cli-1.2.jar:/home/user/.m2/repository/org/apache/httpcomponents/httpclient/4.5.2/httpclient-4.5.2.jar:/home/user/.m2/repository/org/apache/httpcomponents/httpcore/4.4.4/httpcore-4.4.4.jar:/home/user/.m2/repository/commons-codec/commons-codec/1.11/commons-codec-1.11.jar:/home/user/.m2/repository/commons-net/commons-net/3.6/commons-net-3.6.jar:/home/user/.m2/repository/commons-collections/commons-collections/3.2.2/commons-collections-3.2.2.jar:/home/user/.m2/repository/org/eclipse/jetty/jetty-servlet/9.3.24.v20180605/jetty-servlet-9.3.24.v20180605.jar:/home/user/.m2/repository/org/eclipse/jetty/jetty-security/9.3.24.v20180605/jetty-security-9.3.24.v20180605.jar:/home/user/.m2/repository/javax/servlet/jsp/jsp-api/2.1/jsp-api-2.1.jar:/home/user/.m2/repository/com/sun/jersey/jersey-servlet/1.19/jersey-servlet-1.19.jar:/home/user/.m2/repository/com/sun/jersey/jersey-json/1.19/jersey-json-1.19.jar:/home/user/.m2/repository/org/codehaus/jettison/jettison/1.1/jettison-1.1.jar:/home/user/.m2/repository/org/codehaus/jackson/jackson-core-asl/1.9.13/jackson-core-asl-1.9.13.jar:/home/user/.m2/repository/org/codehaus/jackson/jackson-mapper-asl/1.9.13/jackson-mapper-asl-1.9.13.jar:/home/user/.m2/repository/org/codehaus/jackson/jackson-jaxrs/1.9.13/jackson-jaxrs-1.9.13.jar:/home/user/.m2/repository/org/codehaus/jackson/jackson-xc/1.9.13/jackson-xc-1.9.13.jar:/home/user/.m2/repository/commons-logging/commons-logging/1.1.3/commons-logging-1.1.3.jar:/home/user/.m2/repository/commons-beanutils/commons-beanutils/1.9.3/commons-beanutils-1.9.3.jar:/home/user/.m2/repository/org/apache/commons/commons-configuration2/2.1.1/commons-configuration2-2.1.1.jar:/home/user/.m2/repository/org/apache/commons/commons-lang3/3.7/commons-lang3-3.7.jar:/home/user/.m2/repository/org/apache/commons/commons-text/1.4/commons-text-1.4.jar:/home/user/.m2/repository/org/apache/avro/avro/1.7.7/avro-1.7.7.jar:/home/user/.m2/repository/com/thoughtworks/paranamer/paranamer/2.3/paranamer-2.3.jar:/home/user/.m2/repository/org/xerial/snappy/snappy-java/1.0.5/snappy-java-1.0.5.jar:/home/user/.m2/repository/com/google/re2j/re2j/1.1/re2j-1.1.jar:/home/user/.m2/repository/com/google/code/gson/gson/2.2.4/gson-2.2.4.jar:/home/user/.m2/repository/com/jcraft/jsch/0.1.54/jsch-0.1.54.jar:/home/user/.m2/repository/org/apache/curator/curator-client/2.12.0/curator-client-2.12.0.jar:/home/user/.m2/repository/org/apache/curator/curator-recipes/2.12.0/curator-recipes-2.12.0.jar:/home/user/.m2/repository/com/google/code/findbugs/jsr305/3.0.0/jsr305-3.0.0.jar:/home/user/.m2/repository/org/apache/htrace/htrace-core4/4.1.0-incubating/htrace-core4-4.1.0-incubating.jar:/home/user/.m2/repository/org/apache/zookeeper/zookeeper/3.4.13/zookeeper-3.4.13.jar:/home/user/.m2/repository/org/apache/yetus/audience-annotations/0.5.0/audience-annotations-0.5.0.jar:/home/user/.m2/repository/org/codehaus/woodstox/stax2-api/3.1.4/stax2-api-3.1.4.jar:/home/user/.m2/repository/com/fasterxml/woodstox/woodstox-core/5.0.3/woodstox-core-5.0.3.jar:/home/user/.m2/repository/dnsjava/dnsjava/2.1.7/dnsjava-2.1.7.jar:/home/user/.m2/repository/org/apache/hadoop/hadoop-hdfs/3.2.0/hadoop-hdfs-3.2.0-tests.jar:/home/user/.m2/repository/org/eclipse/jetty/jetty-util-ajax/9.3.24.v20180605/jetty-util-ajax-9.3.24.v20180605.jar:/home/user/.m2/repository/commons-daemon/commons-daemon/1.0.13/commons-daemon-1.0.13.jar:/home/user/.m2/repository/io/netty/netty/3.10.5.Final/netty-3.10.5.Final.jar:/home/user/.m2/repository/io/netty/netty-all/4.0.52.Final/netty-all-4.0.52.Final.jar:/home/user/.m2/repository/org/fusesource/leveldbjni/leveldbjni-all/1.8/leveldbjni-all-1.8.jar:"/>
    <property name="java.vm.vendor" value="IcedTea"/>
    <property name="sun.arch.data.model" value="64"/>
    <property name="test.build.dir" value="/workdir/hadoop-ozone/integration-test/target/test-dir"/>
    <property name="test.cache.data" value=""/>
    <property name="java.vendor.url" value="https://icedtea.classpath.org"/>
    <property name="user.timezone" value=""/>
    <property name="java.vm.specification.version" value="1.8"/>
    <property name="os.name" value="Linux"/>
    <property name="test.build.data" value="/workdir/hadoop-ozone/integration-test/target/test-dir"/>
    <property name="user.country" value="US"/>
    <property name="sun.java.launcher" value="SUN_STANDARD"/>
    <property name="sun.boot.library.path" value="/usr/lib/jvm/java-1.8-openjdk/jre/lib/amd64"/>
    <property name="sun.java.command" value="/workdir/hadoop-ozone/integration-test/target/surefire/surefirebooter8178699061217169925.jar /workdir/hadoop-ozone/integration-test/target/surefire 2019-09-11T20-48-41_113-jvmRun1 surefire2933703088493690864tmp surefire_398769585796887425890tmp"/>
    <property name="test" value="!TestMiniChaosOzoneCluster"/>
    <property name="surefire.test.class.path" value="/workdir/hadoop-ozone/integration-test/target/test-classes:/workdir/hadoop-ozone/integration-test/target/classes:/home/user/.m2/repository/org/apache/hadoop/hadoop-ozone-common/0.5.0-SNAPSHOT/hadoop-ozone-common-0.5.0-SNAPSHOT.jar:/home/user/.m2/repository/org/apache/commons/commons-compress/1.4.1/commons-compress-1.4.1.jar:/home/user/.m2/repository/org/tukaani/xz/1.0/xz-1.0.jar:/home/user/.m2/repository/org/apache/hadoop/hadoop-common/3.2.0/hadoop-common-3.2.0.jar:/home/user/.m2/repository/org/apache/hadoop/hadoop-hdfs/3.2.0/hadoop-hdfs-3.2.0.jar:/home/user/.m2/repository/org/apache/hadoop/hadoop-hdfs-client/3.2.0/hadoop-hdfs-client-3.2.0.jar:/home/user/.m2/repository/com/fasterxml/jackson/core/jackson-annotations/2.9.5/jackson-annotations-2.9.5.jar:/home/user/.m2/repository/org/apache/hadoop/hadoop-hdds-common/0.5.0-SNAPSHOT/hadoop-hdds-common-0.5.0-SNAPSHOT.jar:/home/user/.m2/repository/javax/annotation/javax.annotation-api/1.2/javax.annotation-api-1.2.jar:/home/user/.m2/repository/org/apache/ratis/ratis-server/0.4.0-78e95b9-SNAPSHOT/ratis-server-0.4.0-78e95b9-SNAPSHOT.jar:/home/user/.m2/repository/org/apache/ratis/ratis-thirdparty-misc/0.2.0/ratis-thirdparty-misc-0.2.0.jar:/home/user/.m2/repository/org/apache/ratis/ratis-proto/0.4.0-78e95b9-SNAPSHOT/ratis-proto-0.4.0-78e95b9-SNAPSHOT.jar:/home/user/.m2/repository/org/apache/ratis/ratis-common/0.4.0-78e95b9-SNAPSHOT/ratis-common-0.4.0-78e95b9-SNAPSHOT.jar:/home/user/.m2/repository/org/apache/ratis/ratis-client/0.4.0-78e95b9-SNAPSHOT/ratis-client-0.4.0-78e95b9-SNAPSHOT.jar:/home/user/.m2/repository/org/apache/ratis/ratis-metrics/0.4.0-78e95b9-SNAPSHOT/ratis-metrics-0.4.0-78e95b9-SNAPSHOT.jar:/home/user/.m2/repository/com/github/joshelser/dropwizard-metrics-hadoop-metrics2-reporter/0.1.2/dropwizard-metrics-hadoop-metrics2-reporter-0.1.2.jar:/home/user/.m2/repository/io/dropwizard/metrics/metrics-jvm/3.2.5/metrics-jvm-3.2.5.jar:/home/user/.m2/repository/io/dropwizard/metrics/metrics-ganglia/3.2.5/metrics-ganglia-3.2.5.jar:/home/user/.m2/repository/info/ganglia/gmetric4j/gmetric4j/1.0.7/gmetric4j-1.0.7.jar:/home/user/.m2/repository/org/apache/ratis/ratis-netty/0.4.0-78e95b9-SNAPSHOT/ratis-netty-0.4.0-78e95b9-SNAPSHOT.jar:/home/user/.m2/repository/org/apache/ratis/ratis-grpc/0.4.0-78e95b9-SNAPSHOT/ratis-grpc-0.4.0-78e95b9-SNAPSHOT.jar:/home/user/.m2/repository/org/rocksdb/rocksdbjni/6.0.1/rocksdbjni-6.0.1.jar:/home/user/.m2/repository/org/apache/logging/log4j/log4j-api/2.11.0/log4j-api-2.11.0.jar:/home/user/.m2/repository/org/apache/logging/log4j/log4j-core/2.11.0/log4j-core-2.11.0.jar:/home/user/.m2/repository/com/lmax/disruptor/3.4.2/disruptor-3.4.2.jar:/home/user/.m2/repository/org/apache/commons/commons-pool2/2.6.0/commons-pool2-2.6.0.jar:/home/user/.m2/repository/org/bouncycastle/bcpkix-jdk15on/1.60/bcpkix-jdk15on-1.60.jar:/home/user/.m2/repository/commons-validator/commons-validator/1.6/commons-validator-1.6.jar:/home/user/.m2/repository/commons-digester/commons-digester/1.8.1/commons-digester-1.8.1.jar:/home/user/.m2/repository/io/jaegertracing/jaeger-client/0.33.1/jaeger-client-0.33.1.jar:/home/user/.m2/repository/io/jaegertracing/jaeger-thrift/0.33.1/jaeger-thrift-0.33.1.jar:/home/user/.m2/repository/org/apache/thrift/libthrift/0.11.0/libthrift-0.11.0.jar:/home/user/.m2/repository/com/squareup/okhttp3/okhttp/3.9.0/okhttp-3.9.0.jar:/home/user/.m2/repository/com/squareup/okio/okio/1.13.0/okio-1.13.0.jar:/home/user/.m2/repository/io/jaegertracing/jaeger-core/0.33.1/jaeger-core-0.33.1.jar:/home/user/.m2/repository/io/jaegertracing/jaeger-tracerresolver/0.33.1/jaeger-tracerresolver-0.33.1.jar:/home/user/.m2/repository/io/opentracing/contrib/opentracing-tracerresolver/0.1.5/opentracing-tracerresolver-0.1.5.jar:/home/user/.m2/repository/io/opentracing/opentracing-util/0.31.0/opentracing-util-0.31.0.jar:/home/user/.m2/repository/io/opentracing/opentracing-api/0.31.0/opentracing-api-0.31.0.jar:/home/user/.m2/repository/io/opentracing/opentracing-noop/0.31.0/opentracing-noop-0.31.0.jar:/home/user/.m2/repository/org/apache/hadoop/hadoop-hdds-server-framework/0.5.0-SNAPSHOT/hadoop-hdds-server-framework-0.5.0-SNAPSHOT.jar:/home/user/.m2/repository/org/apache/hadoop/hadoop-hdds-container-service/0.5.0-SNAPSHOT/hadoop-hdds-container-service-0.5.0-SNAPSHOT.jar:/home/user/.m2/repository/org/apache/hadoop/hadoop-hdds-client/0.5.0-SNAPSHOT/hadoop-hdds-client-0.5.0-SNAPSHOT.jar:/home/user/.m2/repository/org/apache/hadoop/hadoop-hdds-tools/0.5.0-SNAPSHOT/hadoop-hdds-tools-0.5.0-SNAPSHOT.jar:/home/user/.m2/repository/org/apache/hadoop/hadoop-hdds-server-scm/0.5.0-SNAPSHOT/hadoop-hdds-server-scm-0.5.0-SNAPSHOT.jar:/home/user/.m2/repository/org/apache/hadoop/hadoop-hdds-docs/0.5.0-SNAPSHOT/hadoop-hdds-docs-0.5.0-SNAPSHOT.jar:/home/user/.m2/repository/io/dropwizard/metrics/metrics-core/3.2.4/metrics-core-3.2.4.jar:/home/user/.m2/repository/org/hamcrest/hamcrest-all/1.3/hamcrest-all-1.3.jar:/home/user/.m2/repository/org/bouncycastle/bcprov-jdk15on/1.60/bcprov-jdk15on-1.60.jar:/home/user/.m2/repository/info/picocli/picocli/3.9.6/picocli-3.9.6.jar:/home/user/.m2/repository/com/google/protobuf/protobuf-java/2.5.0/protobuf-java-2.5.0.jar:/home/user/.m2/repository/com/google/guava/guava/11.0.2/guava-11.0.2.jar:/home/user/.m2/repository/org/apache/hadoop/hadoop-ozone-ozone-manager/0.5.0-SNAPSHOT/hadoop-ozone-ozone-manager-0.5.0-SNAPSHOT.jar:/home/user/.m2/repository/org/apache/hadoop/hadoop-minikdc/3.2.0/hadoop-minikdc-3.2.0.jar:/home/user/.m2/repository/commons-io/commons-io/2.5/commons-io-2.5.jar:/home/user/.m2/repository/org/apache/kerby/kerb-simplekdc/1.0.1/kerb-simplekdc-1.0.1.jar:/home/user/.m2/repository/org/apache/kerby/kerb-client/1.0.1/kerb-client-1.0.1.jar:/home/user/.m2/repository/org/apache/kerby/kerby-config/1.0.1/kerby-config-1.0.1.jar:/home/user/.m2/repository/org/apache/kerby/kerb-core/1.0.1/kerb-core-1.0.1.jar:/home/user/.m2/repository/org/apache/kerby/kerby-pkix/1.0.1/kerby-pkix-1.0.1.jar:/home/user/.m2/repository/org/apache/kerby/kerby-asn1/1.0.1/kerby-asn1-1.0.1.jar:/home/user/.m2/repository/org/apache/kerby/kerby-util/1.0.1/kerby-util-1.0.1.jar:/home/user/.m2/repository/org/apache/kerby/kerb-common/1.0.1/kerb-common-1.0.1.jar:/home/user/.m2/repository/org/apache/kerby/kerb-crypto/1.0.1/kerb-crypto-1.0.1.jar:/home/user/.m2/repository/org/apache/kerby/kerb-util/1.0.1/kerb-util-1.0.1.jar:/home/user/.m2/repository/org/apache/kerby/token-provider/1.0.1/token-provider-1.0.1.jar:/home/user/.m2/repository/org/apache/kerby/kerb-admin/1.0.1/kerb-admin-1.0.1.jar:/home/user/.m2/repository/org/apache/kerby/kerb-server/1.0.1/kerb-server-1.0.1.jar:/home/user/.m2/repository/org/apache/kerby/kerb-identity/1.0.1/kerb-identity-1.0.1.jar:/home/user/.m2/repository/org/apache/kerby/kerby-xdr/1.0.1/kerby-xdr-1.0.1.jar:/home/user/.m2/repository/org/slf4j/slf4j-log4j12/1.7.25/slf4j-log4j12-1.7.25.jar:/home/user/.m2/repository/org/apache/hadoop/hadoop-ozone-s3gateway/0.5.0-SNAPSHOT/hadoop-ozone-s3gateway-0.5.0-SNAPSHOT.jar:/home/user/.m2/repository/org/jboss/weld/servlet/weld-servlet/2.4.7.Final/weld-servlet-2.4.7.Final.jar:/home/user/.m2/repository/org/glassfish/jersey/containers/jersey-container-servlet-core/2.27/jersey-container-servlet-core-2.27.jar:/home/user/.m2/repository/org/glassfish/hk2/external/javax.inject/2.5.0-b42/javax.inject-2.5.0-b42.jar:/home/user/.m2/repository/org/glassfish/jersey/core/jersey-common/2.27/jersey-common-2.27.jar:/home/user/.m2/repository/org/glassfish/hk2/osgi-resource-locator/1.0.1/osgi-resource-locator-1.0.1.jar:/home/user/.m2/repository/javax/ws/rs/javax.ws.rs-api/2.1/javax.ws.rs-api-2.1.jar:/home/user/.m2/repository/org/glassfish/jersey/ext/cdi/jersey-cdi1x/2.27/jersey-cdi1x-2.27.jar:/home/user/.m2/repository/org/glassfish/jersey/inject/jersey-hk2/2.27/jersey-hk2-2.27.jar:/home/user/.m2/repository/org/glassfish/hk2/hk2-locator/2.5.0-b42/hk2-locator-2.5.0-b42.jar:/home/user/.m2/repository/org/javassist/javassist/3.22.0-CR2/javassist-3.22.0-CR2.jar:/home/user/.m2/repository/org/glassfish/hk2/hk2-api/2.5.0/hk2-api-2.5.0.jar:/home/user/.m2/repository/org/glassfish/hk2/external/jakarta.inject/2.5.0/jakarta.inject-2.5.0.jar:/home/user/.m2/repository/org/glassfish/hk2/hk2-utils/2.5.0/hk2-utils-2.5.0.jar:/home/user/.m2/repository/jakarta/annotation/jakarta.annotation-api/1.3.4/jakarta.annotation-api-1.3.4.jar:/home/user/.m2/repository/org/glassfish/hk2/external/aopalliance-repackaged/2.5.0/aopalliance-repackaged-2.5.0.jar:/home/user/.m2/repository/com/fasterxml/jackson/dataformat/jackson-dataformat-xml/2.9.0/jackson-dataformat-xml-2.9.0.jar:/home/user/.m2/repository/com/fasterxml/jackson/core/jackson-core/2.9.5/jackson-core-2.9.5.jar:/home/user/.m2/repository/com/fasterxml/jackson/module/jackson-module-jaxb-annotations/2.9.5/jackson-module-jaxb-annotations-2.9.5.jar:/home/user/.m2/repository/javax/enterprise/cdi-api/1.2/cdi-api-1.2.jar:/home/user/.m2/repository/javax/el/javax.el-api/3.0.0/javax.el-api-3.0.0.jar:/home/user/.m2/repository/javax/interceptor/javax.interceptor-api/1.2/javax.interceptor-api-1.2.jar:/home/user/.m2/repository/javax/inject/javax.inject/1/javax.inject-1.jar:/home/user/.m2/repository/com/sun/xml/bind/jaxb-impl/2.3.0.1/jaxb-impl-2.3.0.1.jar:/home/user/.m2/repository/com/sun/xml/bind/jaxb-core/2.3.0.1/jaxb-core-2.3.0.1.jar:/home/user/.m2/repository/javax/xml/bind/jaxb-api/2.3.0/jaxb-api-2.3.0.jar:/home/user/.m2/repository/javax/activation/activation/1.1.1/activation-1.1.1.jar:/home/user/.m2/repository/org/apache/hadoop/hadoop-ozone-csi/0.5.0-SNAPSHOT/hadoop-ozone-csi-0.5.0-SNAPSHOT.jar:/home/user/.m2/repository/com/google/protobuf/protobuf-java-util/3.5.1/protobuf-java-util-3.5.1.jar:/home/user/.m2/repository/org/apache/hadoop/hadoop-hdds-config/0.5.0-SNAPSHOT/hadoop-hdds-config-0.5.0-SNAPSHOT.jar:/home/user/.m2/repository/io/grpc/grpc-netty/1.17.1/grpc-netty-1.17.1.jar:/home/user/.m2/repository/io/grpc/grpc-core/1.17.1/grpc-core-1.17.1.jar:/home/user/.m2/repository/io/grpc/grpc-context/1.17.1/grpc-context-1.17.1.jar:/home/user/.m2/repository/com/google/errorprone/error_prone_annotations/2.2.0/error_prone_annotations-2.2.0.jar:/home/user/.m2/repository/org/codehaus/mojo/animal-sniffer-annotations/1.17/animal-sniffer-annotations-1.17.jar:/home/user/.m2/repository/io/opencensus/opencensus-api/0.17.0/opencensus-api-0.17.0.jar:/home/user/.m2/repository/io/opencensus/opencensus-contrib-grpc-metrics/0.17.0/opencensus-contrib-grpc-metrics-0.17.0.jar:/home/user/.m2/repository/io/netty/netty-codec-http2/4.1.30.Final/netty-codec-http2-4.1.30.Final.jar:/home/user/.m2/repository/io/netty/netty-codec-http/4.1.30.Final/netty-codec-http-4.1.30.Final.jar:/home/user/.m2/repository/io/netty/netty-codec/4.1.30.Final/netty-codec-4.1.30.Final.jar:/home/user/.m2/repository/io/netty/netty-handler/4.1.30.Final/netty-handler-4.1.30.Final.jar:/home/user/.m2/repository/io/netty/netty-handler-proxy/4.1.30.Final/netty-handler-proxy-4.1.30.Final.jar:/home/user/.m2/repository/io/netty/netty-codec-socks/4.1.30.Final/netty-codec-socks-4.1.30.Final.jar:/home/user/.m2/repository/io/netty/netty-transport-native-epoll/4.1.30.Final/netty-transport-native-epoll-4.1.30.Final.jar:/home/user/.m2/repository/io/netty/netty-common/4.1.30.Final/netty-common-4.1.30.Final.jar:/home/user/.m2/repository/io/netty/netty-buffer/4.1.30.Final/netty-buffer-4.1.30.Final.jar:/home/user/.m2/repository/io/netty/netty-transport/4.1.30.Final/netty-transport-4.1.30.Final.jar:/home/user/.m2/repository/io/netty/netty-resolver/4.1.30.Final/netty-resolver-4.1.30.Final.jar:/home/user/.m2/repository/io/netty/netty-transport-native-unix-common/4.1.30.Final/netty-transport-native-unix-common-4.1.30.Final.jar:/home/user/.m2/repository/io/grpc/grpc-protobuf/1.17.1/grpc-protobuf-1.17.1.jar:/home/user/.m2/repository/com/google/api/grpc/proto-google-common-protos/1.0.0/proto-google-common-protos-1.0.0.jar:/home/user/.m2/repository/io/grpc/grpc-protobuf-lite/1.17.1/grpc-protobuf-lite-1.17.1.jar:/home/user/.m2/repository/io/grpc/grpc-stub/1.17.1/grpc-stub-1.17.1.jar:/home/user/.m2/repository/org/apache/hadoop/hadoop-ozone-recon/0.5.0-SNAPSHOT/hadoop-ozone-recon-0.5.0-SNAPSHOT.jar:/home/user/.m2/repository/org/apache/hadoop/hadoop-ozone-reconcodegen/0.5.0-SNAPSHOT/hadoop-ozone-reconcodegen-0.5.0-SNAPSHOT.jar:/home/user/.m2/repository/com/google/inject/extensions/guice-multibindings/4.0/guice-multibindings-4.0.jar:/home/user/.m2/repository/com/google/inject/guice/4.0/guice-4.0.jar:/home/user/.m2/repository/aopalliance/aopalliance/1.0/aopalliance-1.0.jar:/home/user/.m2/repository/com/google/inject/extensions/guice-servlet/4.0/guice-servlet-4.0.jar:/home/user/.m2/repository/org/glassfish/jersey/containers/jersey-container-servlet/2.27/jersey-container-servlet-2.27.jar:/home/user/.m2/repository/org/glassfish/hk2/guice-bridge/2.5.0/guice-bridge-2.5.0.jar:/home/user/.m2/repository/org/glassfish/jersey/core/jersey-server/2.27/jersey-server-2.27.jar:/home/user/.m2/repository/org/glassfish/jersey/core/jersey-client/2.27/jersey-client-2.27.jar:/home/user/.m2/repository/org/glassfish/jersey/media/jersey-media-jaxb/2.27/jersey-media-jaxb-2.27.jar:/home/user/.m2/repository/javax/validation/validation-api/1.1.0.Final/validation-api-1.1.0.Final.jar:/home/user/.m2/repository/org/glassfish/jersey/media/jersey-media-json-jackson/2.27/jersey-media-json-jackson-2.27.jar:/home/user/.m2/repository/org/glassfish/jersey/ext/jersey-entity-filtering/2.27/jersey-entity-filtering-2.27.jar:/home/user/.m2/repository/com/google/inject/extensions/guice-assistedinject/4.0/guice-assistedinject-4.0.jar:/home/user/.m2/repository/org/jooq/jooq/3.11.10/jooq-3.11.10.jar:/home/user/.m2/repository/org/jooq/jooq-meta/3.11.10/jooq-meta-3.11.10.jar:/home/user/.m2/repository/org/jooq/jooq-codegen/3.11.10/jooq-codegen-3.11.10.jar:/home/user/.m2/repository/com/jolbox/bonecp/0.8.0.RELEASE/bonecp-0.8.0.RELEASE.jar:/home/user/.m2/repository/org/xerial/sqlite-jdbc/3.25.2/sqlite-jdbc-3.25.2.jar:/home/user/.m2/repository/org/springframework/spring-jdbc/5.1.3.RELEASE/spring-jdbc-5.1.3.RELEASE.jar:/home/user/.m2/repository/org/springframework/spring-beans/5.1.3.RELEASE/spring-beans-5.1.3.RELEASE.jar:/home/user/.m2/repository/org/springframework/spring-core/5.1.3.RELEASE/spring-core-5.1.3.RELEASE.jar:/home/user/.m2/repository/org/springframework/spring-jcl/5.1.3.RELEASE/spring-jcl-5.1.3.RELEASE.jar:/home/user/.m2/repository/org/springframework/spring-tx/5.1.3.RELEASE/spring-tx-5.1.3.RELEASE.jar:/home/user/.m2/repository/org/apache/hadoop/hadoop-ozone-client/0.5.0-SNAPSHOT/hadoop-ozone-client-0.5.0-SNAPSHOT.jar:/home/user/.m2/repository/commons-lang/commons-lang/2.6/commons-lang-2.6.jar:/home/user/.m2/repository/org/apache/hadoop/hadoop-ozone-ozone-manager/0.5.0-SNAPSHOT/hadoop-ozone-ozone-manager-0.5.0-SNAPSHOT-tests.jar:/home/user/.m2/repository/junit/junit/4.11/junit-4.11.jar:/home/user/.m2/repository/org/hamcrest/hamcrest-core/1.3/hamcrest-core-1.3.jar:/home/user/.m2/repository/org/openjdk/jmh/jmh-core/1.19/jmh-core-1.19.jar:/home/user/.m2/repository/net/sf/jopt-simple/jopt-simple/4.6/jopt-simple-4.6.jar:/home/user/.m2/repository/org/apache/commons/commons-math3/3.1.1/commons-math3-3.1.1.jar:/home/user/.m2/repository/org/openjdk/jmh/jmh-generator-annprocess/1.19/jmh-generator-annprocess-1.19.jar:/home/user/.m2/repository/org/mockito/mockito-all/1.8.5/mockito-all-1.8.5.jar:/home/user/.m2/repository/org/apache/hadoop/hadoop-kms/3.2.0/hadoop-kms-3.2.0.jar:/home/user/.m2/repository/org/apache/hadoop/hadoop-auth/3.2.0/hadoop-auth-3.2.0.jar:/home/user/.m2/repository/com/nimbusds/nimbus-jose-jwt/4.41.1/nimbus-jose-jwt-4.41.1.jar:/home/user/.m2/repository/com/github/stephenc/jcip/jcip-annotations/1.0-1/jcip-annotations-1.0-1.jar:/home/user/.m2/repository/net/minidev/json-smart/2.3/json-smart-2.3.jar:/home/user/.m2/repository/net/minidev/accessors-smart/1.2/accessors-smart-1.2.jar:/home/user/.m2/repository/org/ow2/asm/asm/5.0.4/asm-5.0.4.jar:/home/user/.m2/repository/org/apache/curator/curator-framework/2.12.0/curator-framework-2.12.0.jar:/home/user/.m2/repository/com/sun/jersey/jersey-core/1.19/jersey-core-1.19.jar:/home/user/.m2/repository/javax/ws/rs/jsr311-api/1.1.1/jsr311-api-1.1.1.jar:/home/user/.m2/repository/com/sun/jersey/jersey-server/1.19/jersey-server-1.19.jar:/home/user/.m2/repository/javax/servlet/javax.servlet-api/3.1.0/javax.servlet-api-3.1.0.jar:/home/user/.m2/repository/org/eclipse/jetty/jetty-server/9.3.24.v20180605/jetty-server-9.3.24.v20180605.jar:/home/user/.m2/repository/org/eclipse/jetty/jetty-http/9.3.24.v20180605/jetty-http-9.3.24.v20180605.jar:/home/user/.m2/repository/org/eclipse/jetty/jetty-io/9.3.24.v20180605/jetty-io-9.3.24.v20180605.jar:/home/user/.m2/repository/org/eclipse/jetty/jetty-webapp/9.3.24.v20180605/jetty-webapp-9.3.24.v20180605.jar:/home/user/.m2/repository/org/eclipse/jetty/jetty-xml/9.3.24.v20180605/jetty-xml-9.3.24.v20180605.jar:/home/user/.m2/repository/log4j/log4j/1.2.17/log4j-1.2.17.jar:/home/user/.m2/repository/org/slf4j/slf4j-api/1.7.25/slf4j-api-1.7.25.jar:/home/user/.m2/repository/org/slf4j/jul-to-slf4j/1.7.25/jul-to-slf4j-1.7.25.jar:/home/user/.m2/repository/org/eclipse/jetty/jetty-util/9.3.24.v20180605/jetty-util-9.3.24.v20180605.jar:/home/user/.m2/repository/com/fasterxml/jackson/core/jackson-databind/2.9.5/jackson-databind-2.9.5.jar:/home/user/.m2/repository/org/apache/hadoop/hadoop-kms/3.2.0/hadoop-kms-3.2.0-tests.jar:/home/user/.m2/repository/org/apache/hadoop/hadoop-hdds-server-scm/0.5.0-SNAPSHOT/hadoop-hdds-server-scm-0.5.0-SNAPSHOT-tests.jar:/home/user/.m2/repository/org/apache/hadoop/hadoop-hdds-container-service/0.5.0-SNAPSHOT/hadoop-hdds-container-service-0.5.0-SNAPSHOT-tests.jar:/home/user/.m2/repository/org/yaml/snakeyaml/1.16/snakeyaml-1.16.jar:/home/user/.m2/repository/org/apache/hadoop/hadoop-common/3.2.0/hadoop-common-3.2.0-tests.jar:/home/user/.m2/repository/org/apache/hadoop/hadoop-annotations/3.2.0/hadoop-annotations-3.2.0.jar:/usr/lib/jvm/java-1.8-openjdk/jre/../lib/tools.jar:/home/user/.m2/repository/commons-cli/commons-cli/1.2/commons-cli-1.2.jar:/home/user/.m2/repository/org/apache/httpcomponents/httpclient/4.5.2/httpclient-4.5.2.jar:/home/user/.m2/repository/org/apache/httpcomponents/httpcore/4.4.4/httpcore-4.4.4.jar:/home/user/.m2/repository/commons-codec/commons-codec/1.11/commons-codec-1.11.jar:/home/user/.m2/repository/commons-net/commons-net/3.6/commons-net-3.6.jar:/home/user/.m2/repository/commons-collections/commons-collections/3.2.2/commons-collections-3.2.2.jar:/home/user/.m2/repository/org/eclipse/jetty/jetty-servlet/9.3.24.v20180605/jetty-servlet-9.3.24.v20180605.jar:/home/user/.m2/repository/org/eclipse/jetty/jetty-security/9.3.24.v20180605/jetty-security-9.3.24.v20180605.jar:/home/user/.m2/repository/javax/servlet/jsp/jsp-api/2.1/jsp-api-2.1.jar:/home/user/.m2/repository/com/sun/jersey/jersey-servlet/1.19/jersey-servlet-1.19.jar:/home/user/.m2/repository/com/sun/jersey/jersey-json/1.19/jersey-json-1.19.jar:/home/user/.m2/repository/org/codehaus/jettison/jettison/1.1/jettison-1.1.jar:/home/user/.m2/repository/org/codehaus/jackson/jackson-core-asl/1.9.13/jackson-core-asl-1.9.13.jar:/home/user/.m2/repository/org/codehaus/jackson/jackson-mapper-asl/1.9.13/jackson-mapper-asl-1.9.13.jar:/home/user/.m2/repository/org/codehaus/jackson/jackson-jaxrs/1.9.13/jackson-jaxrs-1.9.13.jar:/home/user/.m2/repository/org/codehaus/jackson/jackson-xc/1.9.13/jackson-xc-1.9.13.jar:/home/user/.m2/repository/commons-logging/commons-logging/1.1.3/commons-logging-1.1.3.jar:/home/user/.m2/repository/commons-beanutils/commons-beanutils/1.9.3/commons-beanutils-1.9.3.jar:/home/user/.m2/repository/org/apache/commons/commons-configuration2/2.1.1/commons-configuration2-2.1.1.jar:/home/user/.m2/repository/org/apache/commons/commons-lang3/3.7/commons-lang3-3.7.jar:/home/user/.m2/repository/org/apache/commons/commons-text/1.4/commons-text-1.4.jar:/home/user/.m2/repository/org/apache/avro/avro/1.7.7/avro-1.7.7.jar:/home/user/.m2/repository/com/thoughtworks/paranamer/paranamer/2.3/paranamer-2.3.jar:/home/user/.m2/repository/org/xerial/snappy/snappy-java/1.0.5/snappy-java-1.0.5.jar:/home/user/.m2/repository/com/google/re2j/re2j/1.1/re2j-1.1.jar:/home/user/.m2/repository/com/google/code/gson/gson/2.2.4/gson-2.2.4.jar:/home/user/.m2/repository/com/jcraft/jsch/0.1.54/jsch-0.1.54.jar:/home/user/.m2/repository/org/apache/curator/curator-client/2.12.0/curator-client-2.12.0.jar:/home/user/.m2/repository/org/apache/curator/curator-recipes/2.12.0/curator-recipes-2.12.0.jar:/home/user/.m2/repository/com/google/code/findbugs/jsr305/3.0.0/jsr305-3.0.0.jar:/home/user/.m2/repository/org/apache/htrace/htrace-core4/4.1.0-incubating/htrace-core4-4.1.0-incubating.jar:/home/user/.m2/repository/org/apache/zookeeper/zookeeper/3.4.13/zookeeper-3.4.13.jar:/home/user/.m2/repository/org/apache/yetus/audience-annotations/0.5.0/audience-annotations-0.5.0.jar:/home/user/.m2/repository/org/codehaus/woodstox/stax2-api/3.1.4/stax2-api-3.1.4.jar:/home/user/.m2/repository/com/fasterxml/woodstox/woodstox-core/5.0.3/woodstox-core-5.0.3.jar:/home/user/.m2/repository/dnsjava/dnsjava/2.1.7/dnsjava-2.1.7.jar:/home/user/.m2/repository/org/apache/hadoop/hadoop-hdfs/3.2.0/hadoop-hdfs-3.2.0-tests.jar:/home/user/.m2/repository/org/eclipse/jetty/jetty-util-ajax/9.3.24.v20180605/jetty-util-ajax-9.3.24.v20180605.jar:/home/user/.m2/repository/commons-daemon/commons-daemon/1.0.13/commons-daemon-1.0.13.jar:/home/user/.m2/repository/io/netty/netty/3.10.5.Final/netty-3.10.5.Final.jar:/home/user/.m2/repository/io/netty/netty-all/4.0.52.Final/netty-all-4.0.52.Final.jar:/home/user/.m2/repository/org/fusesource/leveldbjni/leveldbjni-all/1.8/leveldbjni-all-1.8.jar:"/>
    <property name="sun.cpu.endian" value="little"/>
    <property name="user.home" value="/home/user"/>
    <property name="user.language" value="en"/>
    <property name="java.specification.vendor" value="Oracle Corporation"/>
    <property name="java.home" value="/usr/lib/jvm/java-1.8-openjdk/jre"/>
    <property name="java.security.krb5.conf" value="/workdir/hadoop-ozone/integration-test/target/test-classes/krb5.conf"/>
    <property name="basedir" value="/workdir/hadoop-ozone/integration-test"/>
    <property name="file.separator" value="/"/>
    <property name="line.separator" value="&#10;"/>
    <property name="java.vm.specification.vendor" value="Oracle Corporation"/>
    <property name="java.specification.name" value="Java Platform API Specification"/>
    <property name="java.awt.graphicsenv" value="sun.awt.X11GraphicsEnvironment"/>
    <property name="surefire.real.class.path" value="/workdir/hadoop-ozone/integration-test/target/surefire/surefirebooter8178699061217169925.jar"/>
    <property name="hadoop.log.dir" value="/workdir/hadoop-ozone/integration-test/target/log"/>
    <property name="sun.boot.class.path" value="/usr/lib/jvm/java-1.8-openjdk/jre/lib/resources.jar:/usr/lib/jvm/java-1.8-openjdk/jre/lib/rt.jar:/usr/lib/jvm/java-1.8-openjdk/jre/lib/sunrsasign.jar:/usr/lib/jvm/java-1.8-openjdk/jre/lib/jsse.jar:/usr/lib/jvm/java-1.8-openjdk/jre/lib/jce.jar:/usr/lib/jvm/java-1.8-openjdk/jre/lib/charsets.jar:/usr/lib/jvm/java-1.8-openjdk/jre/lib/jfr.jar:/usr/lib/jvm/java-1.8-openjdk/jre/classes"/>
    <property name="sun.management.compiler" value="HotSpot 64-Bit Tiered Compilers"/>
    <property name="java.runtime.version" value="1.8.0_212-b04"/>
    <property name="java.net.preferIPv4Stack" value="true"/>
    <property name="user.name" value="jenkins1000"/>
    <property name="path.separator" value=":"/>
    <property name="java.security.egd" value="file:///dev/urandom"/>
    <property name="os.version" value="3.10.0-957.12.2.el7.x86_64"/>
    <property name="java.endorsed.dirs" value="/usr/lib/jvm/java-1.8-openjdk/jre/lib/endorsed"/>
    <property name="java.runtime.name" value="OpenJDK Runtime Environment"/>
    <property name="file.encoding" value="UTF-8"/>
    <property name="java.vm.name" value="OpenJDK 64-Bit Server VM"/>
    <property name="test.build.webapps" value=""/>
    <property name="localRepository" value="/home/user/.m2/repository"/>
    <property name="java.vendor.url.bug" value="https://icedtea.classpath.org/bugzilla"/>
    <property name="java.io.tmpdir" value="/tmp"/>
    <property name="require.test.libhadoop" value=""/>
    <property name="java.version" value="1.8.0_212"/>
    <property name="user.dir" value="/workdir/hadoop-ozone/integration-test"/>
    <property name="os.arch" value="amd64"/>
    <property name="java.vm.specification.name" value="Java Virtual Machine Specification"/>
    <property name="test.build.classes" value="/workdir/hadoop-ozone/integration-test/target/test-classes"/>
    <property name="java.awt.printerjob" value="sun.print.PSPrinterJob"/>
    <property name="sun.os.patch.level" value="unknown"/>
    <property name="hadoop.tmp.dir" value="/workdir/hadoop-ozone/integration-test/target/tmp"/>
    <property name="java.library.path" value="/usr/lib/jvm/java-1.8-openjdk/jre/lib/amd64/server:/usr/lib/jvm/java-1.8-openjdk/jre/lib/amd64:/usr/lib/jvm/java-1.8-openjdk/jre/../lib/amd64:/workdir/hadoop-ozone/integration-test/target/native/target/usr/local/lib:/workdir/hadoop-ozone/integration-test/../../hadoop-common-project/hadoop-common/target/native/target/usr/local/lib:/usr/java/packages/lib/amd64:/usr/lib64:/lib64:/lib:/usr/lib"/>
    <property name="java.vm.info" value="mixed mode"/>
    <property name="java.vendor" value="IcedTea"/>
    <property name="java.vm.version" value="25.212-b04"/>
    <property name="java.ext.dirs" value="/usr/lib/jvm/java-1.8-openjdk/jre/lib/ext:/usr/java/packages/lib/ext"/>
    <property name="sun.io.unicode.encoding" value="UnicodeLittle"/>
    <property name="java.class.version" value="52.0"/>
  </properties>
  <testcase name="testFlushChunk" classname="org.apache.hadoop.ozone.client.rpc.TestBlockOutputStream" time="10.948"/>
  <testcase name="testMultiChunkWrite2" classname="org.apache.hadoop.ozone.client.rpc.TestBlockOutputStream" time="0.504"/>
  <testcase name="testMultiChunkWrite" classname="org.apache.hadoop.ozone.client.rpc.TestBlockOutputStream" time="0.528"/>
  <testcase name="testFullBufferCondition" classname="org.apache.hadoop.ozone.client.rpc.TestBlockOutputStream" time="187.317">
    <failure type="java.lang.AssertionError">java.lang.AssertionError
	at org.junit.Assert.fail(Assert.java:86)
	at org.junit.Assert.assertTrue(Assert.java:41)
	at org.junit.Assert.assertTrue(Assert.java:52)
	at org.apache.hadoop.ozone.client.rpc.TestBlockOutputStream.testFullBufferCondition(TestBlockOutputStream.java:515)
	at sun.reflect.NativeMethodAccessorImpl.invoke0(Native Method)
	at sun.reflect.NativeMethodAccessorImpl.invoke(NativeMethodAccessorImpl.java:62)
	at sun.reflect.DelegatingMethodAccessorImpl.invoke(DelegatingMethodAccessorImpl.java:43)
	at java.lang.reflect.Method.invoke(Method.java:498)
	at org.junit.runners.model.FrameworkMethod$1.runReflectiveCall(FrameworkMethod.java:47)
	at org.junit.internal.runners.model.ReflectiveCallable.run(ReflectiveCallable.java:12)
	at org.junit.runners.model.FrameworkMethod.invokeExplosively(FrameworkMethod.java:44)
	at org.junit.internal.runners.statements.InvokeMethod.evaluate(InvokeMethod.java:17)
	at org.junit.runners.ParentRunner.runLeaf(ParentRunner.java:271)
	at org.junit.runners.BlockJUnit4ClassRunner.runChild(BlockJUnit4ClassRunner.java:70)
	at org.junit.runners.BlockJUnit4ClassRunner.runChild(BlockJUnit4ClassRunner.java:50)
	at org.junit.runners.ParentRunner$3.run(ParentRunner.java:238)
	at org.junit.runners.ParentRunner$1.schedule(ParentRunner.java:63)
	at org.junit.runners.ParentRunner.runChildren(ParentRunner.java:236)
	at org.junit.runners.ParentRunner.access$000(ParentRunner.java:53)
	at org.junit.runners.ParentRunner$2.evaluate(ParentRunner.java:229)
	at org.junit.internal.runners.statements.RunBefores.evaluate(RunBefores.java:26)
	at org.junit.internal.runners.statements.RunAfters.evaluate(RunAfters.java:27)
	at org.junit.runners.ParentRunner.run(ParentRunner.java:309)
	at org.apache.maven.surefire.junit4.JUnit4Provider.execute(JUnit4Provider.java:365)
	at org.apache.maven.surefire.junit4.JUnit4Provider.executeWithRerun(JUnit4Provider.java:273)
	at org.apache.maven.surefire.junit4.JUnit4Provider.executeTestSet(JUnit4Provider.java:238)
	at org.apache.maven.surefire.junit4.JUnit4Provider.invoke(JUnit4Provider.java:159)
	at org.apache.maven.surefire.booter.ForkedBooter.invokeProviderInSameClassLoader(ForkedBooter.java:384)
	at org.apache.maven.surefire.booter.ForkedBooter.runSuitesInProcess(ForkedBooter.java:345)
	at org.apache.maven.surefire.booter.ForkedBooter.execute(ForkedBooter.java:126)
	at org.apache.maven.surefire.booter.ForkedBooter.main(ForkedBooter.java:418)
</failure>
    <system-out><![CDATA[2019-09-11 21:33:35,776 [java.util.concurrent.ThreadPoolExecutor$Worker@3692a2f9[State = -1, empty queue]] WARN  server.GrpcLogAppender (GrpcLogAppender.java:timeoutAppendRequest(200)) - dcfcd112-014e-43fc-a356-31bdd3cb4a32@group-918A56EF0495->64758d78-93e8-4c7e-ac45-b585f050bda2-GrpcLogAppender: appendEntries Timeout, request=dcfcd112-014e-43fc-a356-31bdd3cb4a32->64758d78-93e8-4c7e-ac45-b585f050bda2#14-t2, previous=(t:2, i:12), leaderCommit=12, initializing? false, entries: size=1, first=(t:2, i:13), STATEMACHINELOGENTRY, client-6F86920D2D5F, cid=24
2019-09-11 21:33:35,776 [java.util.concurrent.ThreadPoolExecutor$Worker@587a3968[State = -1, empty queue]] WARN  server.GrpcLogAppender (GrpcLogAppender.java:timeoutAppendRequest(200)) - dcfcd112-014e-43fc-a356-31bdd3cb4a32@group-918A56EF0495->f766e53e-50c1-4258-ad0c-9c8d360b84f6-GrpcLogAppender: appendEntries Timeout, request=dcfcd112-014e-43fc-a356-31bdd3cb4a32->f766e53e-50c1-4258-ad0c-9c8d360b84f6#14-t2, previous=(t:2, i:12), leaderCommit=12, initializing? false, entries: size=1, first=(t:2, i:13), STATEMACHINELOGENTRY, client-6F86920D2D5F, cid=24
2019-09-11 21:33:35,788 [java.util.concurrent.ThreadPoolExecutor$Worker@3692a2f9[State = -1, empty queue]] WARN  server.GrpcLogAppender (GrpcLogAppender.java:timeoutAppendRequest(200)) - dcfcd112-014e-43fc-a356-31bdd3cb4a32@group-918A56EF0495->64758d78-93e8-4c7e-ac45-b585f050bda2-GrpcLogAppender: appendEntries Timeout, request=dcfcd112-014e-43fc-a356-31bdd3cb4a32->64758d78-93e8-4c7e-ac45-b585f050bda2#15-t2, previous=(t:2, i:13), leaderCommit=12, initializing? false, entries: size=1, first=(t:2, i:14), STATEMACHINELOGENTRY, client-6F86920D2D5F, cid=25
2019-09-11 21:33:35,790 [java.util.concurrent.ThreadPoolExecutor$Worker@587a3968[State = -1, empty queue]] WARN  server.GrpcLogAppender (GrpcLogAppender.java:timeoutAppendRequest(200)) - dcfcd112-014e-43fc-a356-31bdd3cb4a32@group-918A56EF0495->f766e53e-50c1-4258-ad0c-9c8d360b84f6-GrpcLogAppender: appendEntries Timeout, request=dcfcd112-014e-43fc-a356-31bdd3cb4a32->f766e53e-50c1-4258-ad0c-9c8d360b84f6#15-t2, previous=(t:2, i:13), leaderCommit=12, initializing? false, entries: size=1, first=(t:2, i:14), STATEMACHINELOGENTRY, client-6F86920D2D5F, cid=25
2019-09-11 21:33:35,792 [java.util.concurrent.ThreadPoolExecutor$Worker@3692a2f9[State = -1, empty queue]] WARN  server.GrpcLogAppender (GrpcLogAppender.java:timeoutAppendRequest(200)) - dcfcd112-014e-43fc-a356-31bdd3cb4a32@group-918A56EF0495->64758d78-93e8-4c7e-ac45-b585f050bda2-GrpcLogAppender: appendEntries Timeout, request=dcfcd112-014e-43fc-a356-31bdd3cb4a32->64758d78-93e8-4c7e-ac45-b585f050bda2#16-t2, previous=(t:2, i:14), leaderCommit=12, initializing? false, entries: size=1, first=(t:2, i:15), STATEMACHINELOGENTRY, client-6F86920D2D5F, cid=26
2019-09-11 21:33:35,795 [java.util.concurrent.ThreadPoolExecutor$Worker@3692a2f9[State = -1, empty queue]] WARN  server.GrpcLogAppender (GrpcLogAppender.java:timeoutAppendRequest(200)) - dcfcd112-014e-43fc-a356-31bdd3cb4a32@group-918A56EF0495->64758d78-93e8-4c7e-ac45-b585f050bda2-GrpcLogAppender: appendEntries Timeout, request=dcfcd112-014e-43fc-a356-31bdd3cb4a32->64758d78-93e8-4c7e-ac45-b585f050bda2#17-t2, previous=(t:2, i:15), leaderCommit=12, initializing? false, entries: size=1, first=(t:2, i:16), STATEMACHINELOGENTRY, client-6F86920D2D5F, cid=27
2019-09-11 21:33:35,795 [java.util.concurrent.ThreadPoolExecutor$Worker@587a3968[State = -1, empty queue]] WARN  server.GrpcLogAppender (GrpcLogAppender.java:timeoutAppendRequest(200)) - dcfcd112-014e-43fc-a356-31bdd3cb4a32@group-918A56EF0495->f766e53e-50c1-4258-ad0c-9c8d360b84f6-GrpcLogAppender: appendEntries Timeout, request=dcfcd112-014e-43fc-a356-31bdd3cb4a32->f766e53e-50c1-4258-ad0c-9c8d360b84f6#16-t2, previous=(t:2, i:14), leaderCommit=12, initializing? false, entries: size=1, first=(t:2, i:15), STATEMACHINELOGENTRY, client-6F86920D2D5F, cid=26
2019-09-11 21:33:35,797 [java.util.concurrent.ThreadPoolExecutor$Worker@3692a2f9[State = -1, empty queue]] WARN  server.GrpcLogAppender (GrpcLogAppender.java:timeoutAppendRequest(200)) - dcfcd112-014e-43fc-a356-31bdd3cb4a32@group-918A56EF0495->64758d78-93e8-4c7e-ac45-b585f050bda2-GrpcLogAppender: appendEntries Timeout, request=dcfcd112-014e-43fc-a356-31bdd3cb4a32->64758d78-93e8-4c7e-ac45-b585f050bda2#18-t2, previous=(t:2, i:16), leaderCommit=12, initializing? false, entries: size=1, first=(t:2, i:17), STATEMACHINELOGENTRY, client-6F86920D2D5F, cid=28
2019-09-11 21:33:35,799 [java.util.concurrent.ThreadPoolExecutor$Worker@587a3968[State = -1, empty queue]] WARN  server.GrpcLogAppender (GrpcLogAppender.java:timeoutAppendRequest(200)) - dcfcd112-014e-43fc-a356-31bdd3cb4a32@group-918A56EF0495->f766e53e-50c1-4258-ad0c-9c8d360b84f6-GrpcLogAppender: appendEntries Timeout, request=dcfcd112-014e-43fc-a356-31bdd3cb4a32->f766e53e-50c1-4258-ad0c-9c8d360b84f6#17-t2, previous=(t:2, i:15), leaderCommit=12, initializing? false, entries: size=1, first=(t:2, i:16), STATEMACHINELOGENTRY, client-6F86920D2D5F, cid=27
2019-09-11 21:33:35,802 [java.util.concurrent.ThreadPoolExecutor$Worker@3692a2f9[State = -1, empty queue]] WARN  server.GrpcLogAppender (GrpcLogAppender.java:timeoutAppendRequest(200)) - dcfcd112-014e-43fc-a356-31bdd3cb4a32@group-918A56EF0495->64758d78-93e8-4c7e-ac45-b585f050bda2-GrpcLogAppender: appendEntries Timeout, request=dcfcd112-014e-43fc-a356-31bdd3cb4a32->64758d78-93e8-4c7e-ac45-b585f050bda2#19-t2, previous=(t:2, i:17), leaderCommit=12, initializing? false, entries: size=1, first=(t:2, i:18), STATEMACHINELOGENTRY, client-6F86920D2D5F, cid=29
2019-09-11 21:33:35,804 [java.util.concurrent.ThreadPoolExecutor$Worker@587a3968[State = -1, empty queue]] WARN  server.GrpcLogAppender (GrpcLogAppender.java:timeoutAppendRequest(200)) - dcfcd112-014e-43fc-a356-31bdd3cb4a32@group-918A56EF0495->f766e53e-50c1-4258-ad0c-9c8d360b84f6-GrpcLogAppender: appendEntries Timeout, request=dcfcd112-014e-43fc-a356-31bdd3cb4a32->f766e53e-50c1-4258-ad0c-9c8d360b84f6#18-t2, previous=(t:2, i:16), leaderCommit=12, initializing? false, entries: size=1, first=(t:2, i:17), STATEMACHINELOGENTRY, client-6F86920D2D5F, cid=28
2019-09-11 21:33:35,806 [java.util.concurrent.ThreadPoolExecutor$Worker@587a3968[State = -1, empty queue]] WARN  server.GrpcLogAppender (GrpcLogAppender.java:timeoutAppendRequest(200)) - dcfcd112-014e-43fc-a356-31bdd3cb4a32@group-918A56EF0495->f766e53e-50c1-4258-ad0c-9c8d360b84f6-GrpcLogAppender: appendEntries Timeout, request=dcfcd112-014e-43fc-a356-31bdd3cb4a32->f766e53e-50c1-4258-ad0c-9c8d360b84f6#19-t2, previous=(t:2, i:17), leaderCommit=12, initializing? false, entries: size=1, first=(t:2, i:18), STATEMACHINELOGENTRY, client-6F86920D2D5F, cid=29
2019-09-11 21:33:37,875 [grpc-default-executor-1] INFO  client.GrpcClientProtocolClient (GrpcClientProtocolClient.java:onNext(264)) - client-6F86920D2D5F->64758d78-93e8-4c7e-ac45-b585f050bda2: receive RaftClientReply:client-6F86920D2D5F->64758d78-93e8-4c7e-ac45-b585f050bda2@group-918A56EF0495, cid=24, FAILED org.apache.ratis.protocol.NotLeaderException: Server 64758d78-93e8-4c7e-ac45-b585f050bda2@group-918A56EF0495 is not the leader dcfcd112-014e-43fc-a356-31bdd3cb4a32:192.168.34.45:39948, logIndex=0, commits[64758d78-93e8-4c7e-ac45-b585f050bda2:c12, dcfcd112-014e-43fc-a356-31bdd3cb4a32:c12, f766e53e-50c1-4258-ad0c-9c8d360b84f6:c10]
2019-09-11 21:33:38,285 [java.util.concurrent.ThreadPoolExecutor$Worker@3692a2f9[State = -1, empty queue]] WARN  server.GrpcLogAppender (GrpcLogAppender.java:timeoutAppendRequest(200)) - dcfcd112-014e-43fc-a356-31bdd3cb4a32@group-918A56EF0495->64758d78-93e8-4c7e-ac45-b585f050bda2-GrpcLogAppender: appendEntries Timeout, request=dcfcd112-014e-43fc-a356-31bdd3cb4a32->64758d78-93e8-4c7e-ac45-b585f050bda2#20-t2, previous=(t:2, i:18), leaderCommit=12, initializing? false, entries: <empty>
2019-09-11 21:33:38,294 [java.util.concurrent.ThreadPoolExecutor$Worker@587a3968[State = -1, empty queue]] WARN  server.GrpcLogAppender (GrpcLogAppender.java:timeoutAppendRequest(200)) - dcfcd112-014e-43fc-a356-31bdd3cb4a32@group-918A56EF0495->f766e53e-50c1-4258-ad0c-9c8d360b84f6-GrpcLogAppender: appendEntries Timeout, request=dcfcd112-014e-43fc-a356-31bdd3cb4a32->f766e53e-50c1-4258-ad0c-9c8d360b84f6#20-t2, previous=(t:2, i:18), leaderCommit=12, initializing? false, entries: <empty>
2019-09-11 21:33:40,788 [java.util.concurrent.ThreadPoolExecutor$Worker@3692a2f9[State = -1, empty queue]] WARN  server.GrpcLogAppender (GrpcLogAppender.java:timeoutAppendRequest(200)) - dcfcd112-014e-43fc-a356-31bdd3cb4a32@group-918A56EF0495->64758d78-93e8-4c7e-ac45-b585f050bda2-GrpcLogAppender: appendEntries Timeout, request=dcfcd112-014e-43fc-a356-31bdd3cb4a32->64758d78-93e8-4c7e-ac45-b585f050bda2#21-t2, previous=(t:2, i:18), leaderCommit=12, initializing? false, entries: <empty>
2019-09-11 21:33:40,789 [java.util.concurrent.ThreadPoolExecutor$Worker@587a3968[State = -1, empty queue]] WARN  server.GrpcLogAppender (GrpcLogAppender.java:timeoutAppendRequest(200)) - dcfcd112-014e-43fc-a356-31bdd3cb4a32@group-918A56EF0495->f766e53e-50c1-4258-ad0c-9c8d360b84f6-GrpcLogAppender: appendEntries Timeout, request=dcfcd112-014e-43fc-a356-31bdd3cb4a32->f766e53e-50c1-4258-ad0c-9c8d360b84f6#21-t2, previous=(t:2, i:18), leaderCommit=12, initializing? false, entries: <empty>
2019-09-11 21:33:42,928 [grpc-default-executor-1] INFO  client.GrpcClientProtocolClient (GrpcClientProtocolClient.java:onNext(264)) - client-6F86920D2D5F->64758d78-93e8-4c7e-ac45-b585f050bda2: receive RaftClientReply:client-6F86920D2D5F->64758d78-93e8-4c7e-ac45-b585f050bda2@group-918A56EF0495, cid=24, FAILED org.apache.ratis.protocol.NotLeaderException: Server 64758d78-93e8-4c7e-ac45-b585f050bda2@group-918A56EF0495 is not the leader dcfcd112-014e-43fc-a356-31bdd3cb4a32:192.168.34.45:39948, logIndex=0, commits[64758d78-93e8-4c7e-ac45-b585f050bda2:c12, dcfcd112-014e-43fc-a356-31bdd3cb4a32:c12, f766e53e-50c1-4258-ad0c-9c8d360b84f6:c10]
2019-09-11 21:33:42,941 [dcfcd112-014e-43fc-a356-31bdd3cb4a32@group-918A56EF0495-SegmentedRaftLogWorker] WARN  segmented.SegmentedRaftLogWorker (SegmentedRaftLogWorker.java:getFromFuture(90)) - Timeout 0/~
org.apache.ratis.protocol.TimeoutIOException: Timeout 10s: WriteLog:14: (t:2, i:14), STATEMACHINELOGENTRY, client-6F86920D2D5F, cid=25-writeStateMachineData
	at org.apache.ratis.util.IOUtils.getFromFuture(IOUtils.java:87)
	at org.apache.ratis.server.raftlog.segmented.SegmentedRaftLogWorker$StateMachineDataPolicy.getFromFuture(SegmentedRaftLogWorker.java:87)
	at org.apache.ratis.server.raftlog.segmented.SegmentedRaftLogWorker$WriteLog.execute(SegmentedRaftLogWorker.java:477)
	at org.apache.ratis.server.raftlog.segmented.SegmentedRaftLogWorker.run(SegmentedRaftLogWorker.java:289)
	at java.lang.Thread.run(Thread.java:748)
Caused by: java.util.concurrent.TimeoutException
	at java.util.concurrent.CompletableFuture.timedGet(CompletableFuture.java:1771)
	at java.util.concurrent.CompletableFuture.get(CompletableFuture.java:1915)
	at org.apache.ratis.util.IOUtils.getFromFuture(IOUtils.java:79)
	... 4 more
2019-09-11 21:33:42,941 [64758d78-93e8-4c7e-ac45-b585f050bda2@group-918A56EF0495-SegmentedRaftLogWorker] WARN  segmented.SegmentedRaftLogWorker (SegmentedRaftLogWorker.java:getFromFuture(90)) - Timeout 0/~
org.apache.ratis.protocol.TimeoutIOException: Timeout 10s: WriteLog:14: (t:2, i:14), STATEMACHINELOGENTRY, client-6F86920D2D5F, cid=25-writeStateMachineData
	at org.apache.ratis.util.IOUtils.getFromFuture(IOUtils.java:87)
	at org.apache.ratis.server.raftlog.segmented.SegmentedRaftLogWorker$StateMachineDataPolicy.getFromFuture(SegmentedRaftLogWorker.java:87)
	at org.apache.ratis.server.raftlog.segmented.SegmentedRaftLogWorker$WriteLog.execute(SegmentedRaftLogWorker.java:477)
	at org.apache.ratis.server.raftlog.segmented.SegmentedRaftLogWorker.run(SegmentedRaftLogWorker.java:289)
	at java.lang.Thread.run(Thread.java:748)
Caused by: java.util.concurrent.TimeoutException
	at java.util.concurrent.CompletableFuture.timedGet(CompletableFuture.java:1771)
	at java.util.concurrent.CompletableFuture.get(CompletableFuture.java:1915)
	at org.apache.ratis.util.IOUtils.getFromFuture(IOUtils.java:79)
	... 4 more
2019-09-11 21:33:42,941 [f766e53e-50c1-4258-ad0c-9c8d360b84f6@group-918A56EF0495-SegmentedRaftLogWorker] WARN  segmented.SegmentedRaftLogWorker (SegmentedRaftLogWorker.java:getFromFuture(90)) - Timeout 0/~
org.apache.ratis.protocol.TimeoutIOException: Timeout 10s: WriteLog:14: (t:2, i:14), STATEMACHINELOGENTRY, client-6F86920D2D5F, cid=25-writeStateMachineData
	at org.apache.ratis.util.IOUtils.getFromFuture(IOUtils.java:87)
	at org.apache.ratis.server.raftlog.segmented.SegmentedRaftLogWorker$StateMachineDataPolicy.getFromFuture(SegmentedRaftLogWorker.java:87)
	at org.apache.ratis.server.raftlog.segmented.SegmentedRaftLogWorker$WriteLog.execute(SegmentedRaftLogWorker.java:477)
	at org.apache.ratis.server.raftlog.segmented.SegmentedRaftLogWorker.run(SegmentedRaftLogWorker.java:289)
	at java.lang.Thread.run(Thread.java:748)
Caused by: java.util.concurrent.TimeoutException
	at java.util.concurrent.CompletableFuture.timedGet(CompletableFuture.java:1771)
	at java.util.concurrent.CompletableFuture.get(CompletableFuture.java:1915)
	at org.apache.ratis.util.IOUtils.getFromFuture(IOUtils.java:79)
	... 4 more
2019-09-11 21:33:43,289 [java.util.concurrent.ThreadPoolExecutor$Worker@3692a2f9[State = -1, empty queue]] WARN  server.GrpcLogAppender (GrpcLogAppender.java:timeoutAppendRequest(200)) - dcfcd112-014e-43fc-a356-31bdd3cb4a32@group-918A56EF0495->64758d78-93e8-4c7e-ac45-b585f050bda2-GrpcLogAppender: appendEntries Timeout, request=dcfcd112-014e-43fc-a356-31bdd3cb4a32->64758d78-93e8-4c7e-ac45-b585f050bda2#22-t2, previous=(t:2, i:18), leaderCommit=12, initializing? false, entries: <empty>
2019-09-11 21:33:43,290 [java.util.concurrent.ThreadPoolExecutor$Worker@587a3968[State = -1, empty queue]] WARN  server.GrpcLogAppender (GrpcLogAppender.java:timeoutAppendRequest(200)) - dcfcd112-014e-43fc-a356-31bdd3cb4a32@group-918A56EF0495->f766e53e-50c1-4258-ad0c-9c8d360b84f6-GrpcLogAppender: appendEntries Timeout, request=dcfcd112-014e-43fc-a356-31bdd3cb4a32->f766e53e-50c1-4258-ad0c-9c8d360b84f6#22-t2, previous=(t:2, i:18), leaderCommit=12, initializing? false, entries: <empty>
2019-09-11 21:33:45,790 [java.util.concurrent.ThreadPoolExecutor$Worker@3692a2f9[State = -1, empty queue]] WARN  server.GrpcLogAppender (GrpcLogAppender.java:timeoutAppendRequest(200)) - dcfcd112-014e-43fc-a356-31bdd3cb4a32@group-918A56EF0495->64758d78-93e8-4c7e-ac45-b585f050bda2-GrpcLogAppender: appendEntries Timeout, request=dcfcd112-014e-43fc-a356-31bdd3cb4a32->64758d78-93e8-4c7e-ac45-b585f050bda2#23-t2, previous=(t:2, i:18), leaderCommit=12, initializing? false, entries: <empty>
2019-09-11 21:33:45,790 [java.util.concurrent.ThreadPoolExecutor$Worker@587a3968[State = -1, empty queue]] WARN  server.GrpcLogAppender (GrpcLogAppender.java:timeoutAppendRequest(200)) - dcfcd112-014e-43fc-a356-31bdd3cb4a32@group-918A56EF0495->f766e53e-50c1-4258-ad0c-9c8d360b84f6-GrpcLogAppender: appendEntries Timeout, request=dcfcd112-014e-43fc-a356-31bdd3cb4a32->f766e53e-50c1-4258-ad0c-9c8d360b84f6#23-t2, previous=(t:2, i:18), leaderCommit=12, initializing? false, entries: <empty>
2019-09-11 21:33:47,987 [grpc-default-executor-4] INFO  client.GrpcClientProtocolClient (GrpcClientProtocolClient.java:onNext(264)) - client-6F86920D2D5F->64758d78-93e8-4c7e-ac45-b585f050bda2: receive RaftClientReply:client-6F86920D2D5F->64758d78-93e8-4c7e-ac45-b585f050bda2@group-918A56EF0495, cid=24, FAILED org.apache.ratis.protocol.NotLeaderException: Server 64758d78-93e8-4c7e-ac45-b585f050bda2@group-918A56EF0495 is not the leader dcfcd112-014e-43fc-a356-31bdd3cb4a32:192.168.34.45:39948, logIndex=0, commits[64758d78-93e8-4c7e-ac45-b585f050bda2:c12, dcfcd112-014e-43fc-a356-31bdd3cb4a32:c12, f766e53e-50c1-4258-ad0c-9c8d360b84f6:c10]
2019-09-11 21:33:48,290 [java.util.concurrent.ThreadPoolExecutor$Worker@3692a2f9[State = -1, empty queue]] WARN  server.GrpcLogAppender (GrpcLogAppender.java:timeoutAppendRequest(200)) - dcfcd112-014e-43fc-a356-31bdd3cb4a32@group-918A56EF0495->64758d78-93e8-4c7e-ac45-b585f050bda2-GrpcLogAppender: appendEntries Timeout, request=dcfcd112-014e-43fc-a356-31bdd3cb4a32->64758d78-93e8-4c7e-ac45-b585f050bda2#24-t2, previous=(t:2, i:18), leaderCommit=12, initializing? false, entries: <empty>
2019-09-11 21:33:48,291 [java.util.concurrent.ThreadPoolExecutor$Worker@587a3968[State = -1, empty queue]] WARN  server.GrpcLogAppender (GrpcLogAppender.java:timeoutAppendRequest(200)) - dcfcd112-014e-43fc-a356-31bdd3cb4a32@group-918A56EF0495->f766e53e-50c1-4258-ad0c-9c8d360b84f6-GrpcLogAppender: appendEntries Timeout, request=dcfcd112-014e-43fc-a356-31bdd3cb4a32->f766e53e-50c1-4258-ad0c-9c8d360b84f6#24-t2, previous=(t:2, i:18), leaderCommit=12, initializing? false, entries: <empty>
2019-09-11 21:33:50,793 [java.util.concurrent.ThreadPoolExecutor$Worker@587a3968[State = -1, empty queue]] WARN  server.GrpcLogAppender (GrpcLogAppender.java:timeoutAppendRequest(200)) - dcfcd112-014e-43fc-a356-31bdd3cb4a32@group-918A56EF0495->f766e53e-50c1-4258-ad0c-9c8d360b84f6-GrpcLogAppender: appendEntries Timeout, request=dcfcd112-014e-43fc-a356-31bdd3cb4a32->f766e53e-50c1-4258-ad0c-9c8d360b84f6#25-t2, previous=(t:2, i:18), leaderCommit=12, initializing? false, entries: <empty>
2019-09-11 21:33:50,793 [java.util.concurrent.ThreadPoolExecutor$Worker@3692a2f9[State = -1, empty queue]] WARN  server.GrpcLogAppender (GrpcLogAppender.java:timeoutAppendRequest(200)) - dcfcd112-014e-43fc-a356-31bdd3cb4a32@group-918A56EF0495->64758d78-93e8-4c7e-ac45-b585f050bda2-GrpcLogAppender: appendEntries Timeout, request=dcfcd112-014e-43fc-a356-31bdd3cb4a32->64758d78-93e8-4c7e-ac45-b585f050bda2#25-t2, previous=(t:2, i:18), leaderCommit=12, initializing? false, entries: <empty>
2019-09-11 21:33:52,945 [dcfcd112-014e-43fc-a356-31bdd3cb4a32@group-918A56EF0495-SegmentedRaftLogWorker] WARN  segmented.SegmentedRaftLogWorker (SegmentedRaftLogWorker.java:getFromFuture(90)) - Timeout 1/~
org.apache.ratis.protocol.TimeoutIOException: Timeout 10s: WriteLog:14: (t:2, i:14), STATEMACHINELOGENTRY, client-6F86920D2D5F, cid=25-writeStateMachineData
	at org.apache.ratis.util.IOUtils.getFromFuture(IOUtils.java:87)
	at org.apache.ratis.server.raftlog.segmented.SegmentedRaftLogWorker$StateMachineDataPolicy.getFromFuture(SegmentedRaftLogWorker.java:87)
	at org.apache.ratis.server.raftlog.segmented.SegmentedRaftLogWorker$WriteLog.execute(SegmentedRaftLogWorker.java:477)
	at org.apache.ratis.server.raftlog.segmented.SegmentedRaftLogWorker.run(SegmentedRaftLogWorker.java:289)
	at java.lang.Thread.run(Thread.java:748)
Caused by: java.util.concurrent.TimeoutException
	at java.util.concurrent.CompletableFuture.timedGet(CompletableFuture.java:1771)
	at java.util.concurrent.CompletableFuture.get(CompletableFuture.java:1915)
	at org.apache.ratis.util.IOUtils.getFromFuture(IOUtils.java:79)
	... 4 more
2019-09-11 21:33:52,947 [64758d78-93e8-4c7e-ac45-b585f050bda2@group-918A56EF0495-SegmentedRaftLogWorker] WARN  segmented.SegmentedRaftLogWorker (SegmentedRaftLogWorker.java:getFromFuture(90)) - Timeout 1/~
org.apache.ratis.protocol.TimeoutIOException: Timeout 10s: WriteLog:14: (t:2, i:14), STATEMACHINELOGENTRY, client-6F86920D2D5F, cid=25-writeStateMachineData
	at org.apache.ratis.util.IOUtils.getFromFuture(IOUtils.java:87)
	at org.apache.ratis.server.raftlog.segmented.SegmentedRaftLogWorker$StateMachineDataPolicy.getFromFuture(SegmentedRaftLogWorker.java:87)
	at org.apache.ratis.server.raftlog.segmented.SegmentedRaftLogWorker$WriteLog.execute(SegmentedRaftLogWorker.java:477)
	at org.apache.ratis.server.raftlog.segmented.SegmentedRaftLogWorker.run(SegmentedRaftLogWorker.java:289)
	at java.lang.Thread.run(Thread.java:748)
Caused by: java.util.concurrent.TimeoutException
	at java.util.concurrent.CompletableFuture.timedGet(CompletableFuture.java:1771)
	at java.util.concurrent.CompletableFuture.get(CompletableFuture.java:1915)
	at org.apache.ratis.util.IOUtils.getFromFuture(IOUtils.java:79)
	... 4 more
2019-09-11 21:33:52,948 [f766e53e-50c1-4258-ad0c-9c8d360b84f6@group-918A56EF0495-SegmentedRaftLogWorker] WARN  segmented.SegmentedRaftLogWorker (SegmentedRaftLogWorker.java:getFromFuture(90)) - Timeout 1/~
org.apache.ratis.protocol.TimeoutIOException: Timeout 10s: WriteLog:14: (t:2, i:14), STATEMACHINELOGENTRY, client-6F86920D2D5F, cid=25-writeStateMachineData
	at org.apache.ratis.util.IOUtils.getFromFuture(IOUtils.java:87)
	at org.apache.ratis.server.raftlog.segmented.SegmentedRaftLogWorker$StateMachineDataPolicy.getFromFuture(SegmentedRaftLogWorker.java:87)
	at org.apache.ratis.server.raftlog.segmented.SegmentedRaftLogWorker$WriteLog.execute(SegmentedRaftLogWorker.java:477)
	at org.apache.ratis.server.raftlog.segmented.SegmentedRaftLogWorker.run(SegmentedRaftLogWorker.java:289)
	at java.lang.Thread.run(Thread.java:748)
Caused by: java.util.concurrent.TimeoutException
	at java.util.concurrent.CompletableFuture.timedGet(CompletableFuture.java:1771)
	at java.util.concurrent.CompletableFuture.get(CompletableFuture.java:1915)
	at org.apache.ratis.util.IOUtils.getFromFuture(IOUtils.java:79)
	... 4 more
2019-09-11 21:33:53,071 [grpc-default-executor-4] INFO  client.GrpcClientProtocolClient (GrpcClientProtocolClient.java:onNext(264)) - client-6F86920D2D5F->64758d78-93e8-4c7e-ac45-b585f050bda2: receive RaftClientReply:client-6F86920D2D5F->64758d78-93e8-4c7e-ac45-b585f050bda2@group-918A56EF0495, cid=24, FAILED org.apache.ratis.protocol.NotLeaderException: Server 64758d78-93e8-4c7e-ac45-b585f050bda2@group-918A56EF0495 is not the leader dcfcd112-014e-43fc-a356-31bdd3cb4a32:192.168.34.45:39948, logIndex=0, commits[64758d78-93e8-4c7e-ac45-b585f050bda2:c12, dcfcd112-014e-43fc-a356-31bdd3cb4a32:c12, f766e53e-50c1-4258-ad0c-9c8d360b84f6:c10]
2019-09-11 21:33:53,296 [java.util.concurrent.ThreadPoolExecutor$Worker@587a3968[State = -1, empty queue]] WARN  server.GrpcLogAppender (GrpcLogAppender.java:timeoutAppendRequest(200)) - dcfcd112-014e-43fc-a356-31bdd3cb4a32@group-918A56EF0495->f766e53e-50c1-4258-ad0c-9c8d360b84f6-GrpcLogAppender: appendEntries Timeout, request=dcfcd112-014e-43fc-a356-31bdd3cb4a32->f766e53e-50c1-4258-ad0c-9c8d360b84f6#26-t2, previous=(t:2, i:18), leaderCommit=12, initializing? false, entries: <empty>
2019-09-11 21:33:53,296 [java.util.concurrent.ThreadPoolExecutor$Worker@3692a2f9[State = -1, empty queue]] WARN  server.GrpcLogAppender (GrpcLogAppender.java:timeoutAppendRequest(200)) - dcfcd112-014e-43fc-a356-31bdd3cb4a32@group-918A56EF0495->64758d78-93e8-4c7e-ac45-b585f050bda2-GrpcLogAppender: appendEntries Timeout, request=dcfcd112-014e-43fc-a356-31bdd3cb4a32->64758d78-93e8-4c7e-ac45-b585f050bda2#26-t2, previous=(t:2, i:18), leaderCommit=12, initializing? false, entries: <empty>
2019-09-11 21:33:55,797 [java.util.concurrent.ThreadPoolExecutor$Worker@587a3968[State = -1, empty queue]] WARN  server.GrpcLogAppender (GrpcLogAppender.java:timeoutAppendRequest(200)) - dcfcd112-014e-43fc-a356-31bdd3cb4a32@group-918A56EF0495->f766e53e-50c1-4258-ad0c-9c8d360b84f6-GrpcLogAppender: appendEntries Timeout, request=dcfcd112-014e-43fc-a356-31bdd3cb4a32->f766e53e-50c1-4258-ad0c-9c8d360b84f6#27-t2, previous=(t:2, i:18), leaderCommit=12, initializing? false, entries: <empty>
2019-09-11 21:33:55,797 [java.util.concurrent.ThreadPoolExecutor$Worker@3692a2f9[State = -1, empty queue]] WARN  server.GrpcLogAppender (GrpcLogAppender.java:timeoutAppendRequest(200)) - dcfcd112-014e-43fc-a356-31bdd3cb4a32@group-918A56EF0495->64758d78-93e8-4c7e-ac45-b585f050bda2-GrpcLogAppender: appendEntries Timeout, request=dcfcd112-014e-43fc-a356-31bdd3cb4a32->64758d78-93e8-4c7e-ac45-b585f050bda2#27-t2, previous=(t:2, i:18), leaderCommit=12, initializing? false, entries: <empty>
2019-09-11 21:33:58,124 [grpc-default-executor-4] INFO  client.GrpcClientProtocolClient (GrpcClientProtocolClient.java:onNext(264)) - client-6F86920D2D5F->f766e53e-50c1-4258-ad0c-9c8d360b84f6: receive RaftClientReply:client-6F86920D2D5F->f766e53e-50c1-4258-ad0c-9c8d360b84f6@group-918A56EF0495, cid=24, FAILED org.apache.ratis.protocol.NotLeaderException: Server f766e53e-50c1-4258-ad0c-9c8d360b84f6@group-918A56EF0495 is not the leader dcfcd112-014e-43fc-a356-31bdd3cb4a32:192.168.34.45:39948, logIndex=0, commits[f766e53e-50c1-4258-ad0c-9c8d360b84f6:c12, dcfcd112-014e-43fc-a356-31bdd3cb4a32:c12, 64758d78-93e8-4c7e-ac45-b585f050bda2:c10]
2019-09-11 21:33:58,298 [java.util.concurrent.ThreadPoolExecutor$Worker@3692a2f9[State = -1, empty queue]] WARN  server.GrpcLogAppender (GrpcLogAppender.java:timeoutAppendRequest(200)) - dcfcd112-014e-43fc-a356-31bdd3cb4a32@group-918A56EF0495->64758d78-93e8-4c7e-ac45-b585f050bda2-GrpcLogAppender: appendEntries Timeout, request=dcfcd112-014e-43fc-a356-31bdd3cb4a32->64758d78-93e8-4c7e-ac45-b585f050bda2#28-t2, previous=(t:2, i:18), leaderCommit=12, initializing? false, entries: <empty>
2019-09-11 21:33:58,298 [java.util.concurrent.ThreadPoolExecutor$Worker@587a3968[State = -1, empty queue]] WARN  server.GrpcLogAppender (GrpcLogAppender.java:timeoutAppendRequest(200)) - dcfcd112-014e-43fc-a356-31bdd3cb4a32@group-918A56EF0495->f766e53e-50c1-4258-ad0c-9c8d360b84f6-GrpcLogAppender: appendEntries Timeout, request=dcfcd112-014e-43fc-a356-31bdd3cb4a32->f766e53e-50c1-4258-ad0c-9c8d360b84f6#28-t2, previous=(t:2, i:18), leaderCommit=12, initializing? false, entries: <empty>
2019-09-11 21:34:00,799 [java.util.concurrent.ThreadPoolExecutor$Worker@3692a2f9[State = -1, empty queue]] WARN  server.GrpcLogAppender (GrpcLogAppender.java:timeoutAppendRequest(200)) - dcfcd112-014e-43fc-a356-31bdd3cb4a32@group-918A56EF0495->64758d78-93e8-4c7e-ac45-b585f050bda2-GrpcLogAppender: appendEntries Timeout, request=dcfcd112-014e-43fc-a356-31bdd3cb4a32->64758d78-93e8-4c7e-ac45-b585f050bda2#29-t2, previous=(t:2, i:18), leaderCommit=12, initializing? false, entries: <empty>
2019-09-11 21:34:00,799 [java.util.concurrent.ThreadPoolExecutor$Worker@587a3968[State = -1, empty queue]] WARN  server.GrpcLogAppender (GrpcLogAppender.java:timeoutAppendRequest(200)) - dcfcd112-014e-43fc-a356-31bdd3cb4a32@group-918A56EF0495->f766e53e-50c1-4258-ad0c-9c8d360b84f6-GrpcLogAppender: appendEntries Timeout, request=dcfcd112-014e-43fc-a356-31bdd3cb4a32->f766e53e-50c1-4258-ad0c-9c8d360b84f6#29-t2, previous=(t:2, i:18), leaderCommit=12, initializing? false, entries: <empty>
2019-09-11 21:34:02,946 [dcfcd112-014e-43fc-a356-31bdd3cb4a32@group-918A56EF0495-SegmentedRaftLogWorker] WARN  segmented.SegmentedRaftLogWorker (SegmentedRaftLogWorker.java:getFromFuture(90)) - Timeout 2/~
org.apache.ratis.protocol.TimeoutIOException: Timeout 10s: WriteLog:14: (t:2, i:14), STATEMACHINELOGENTRY, client-6F86920D2D5F, cid=25-writeStateMachineData
	at org.apache.ratis.util.IOUtils.getFromFuture(IOUtils.java:87)
	at org.apache.ratis.server.raftlog.segmented.SegmentedRaftLogWorker$StateMachineDataPolicy.getFromFuture(SegmentedRaftLogWorker.java:87)
	at org.apache.ratis.server.raftlog.segmented.SegmentedRaftLogWorker$WriteLog.execute(SegmentedRaftLogWorker.java:477)
	at org.apache.ratis.server.raftlog.segmented.SegmentedRaftLogWorker.run(SegmentedRaftLogWorker.java:289)
	at java.lang.Thread.run(Thread.java:748)
Caused by: java.util.concurrent.TimeoutException
	at java.util.concurrent.CompletableFuture.timedGet(CompletableFuture.java:1771)
	at java.util.concurrent.CompletableFuture.get(CompletableFuture.java:1915)
	at org.apache.ratis.util.IOUtils.getFromFuture(IOUtils.java:79)
	... 4 more
2019-09-11 21:34:02,948 [64758d78-93e8-4c7e-ac45-b585f050bda2@group-918A56EF0495-SegmentedRaftLogWorker] WARN  segmented.SegmentedRaftLogWorker (SegmentedRaftLogWorker.java:getFromFuture(90)) - Timeout 2/~
org.apache.ratis.protocol.TimeoutIOException: Timeout 10s: WriteLog:14: (t:2, i:14), STATEMACHINELOGENTRY, client-6F86920D2D5F, cid=25-writeStateMachineData
	at org.apache.ratis.util.IOUtils.getFromFuture(IOUtils.java:87)
	at org.apache.ratis.server.raftlog.segmented.SegmentedRaftLogWorker$StateMachineDataPolicy.getFromFuture(SegmentedRaftLogWorker.java:87)
	at org.apache.ratis.server.raftlog.segmented.SegmentedRaftLogWorker$WriteLog.execute(SegmentedRaftLogWorker.java:477)
	at org.apache.ratis.server.raftlog.segmented.SegmentedRaftLogWorker.run(SegmentedRaftLogWorker.java:289)
	at java.lang.Thread.run(Thread.java:748)
Caused by: java.util.concurrent.TimeoutException
	at java.util.concurrent.CompletableFuture.timedGet(CompletableFuture.java:1771)
	at java.util.concurrent.CompletableFuture.get(CompletableFuture.java:1915)
	at org.apache.ratis.util.IOUtils.getFromFuture(IOUtils.java:79)
	... 4 more
2019-09-11 21:34:02,949 [f766e53e-50c1-4258-ad0c-9c8d360b84f6@group-918A56EF0495-SegmentedRaftLogWorker] WARN  segmented.SegmentedRaftLogWorker (SegmentedRaftLogWorker.java:getFromFuture(90)) - Timeout 2/~
org.apache.ratis.protocol.TimeoutIOException: Timeout 10s: WriteLog:14: (t:2, i:14), STATEMACHINELOGENTRY, client-6F86920D2D5F, cid=25-writeStateMachineData
	at org.apache.ratis.util.IOUtils.getFromFuture(IOUtils.java:87)
	at org.apache.ratis.server.raftlog.segmented.SegmentedRaftLogWorker$StateMachineDataPolicy.getFromFuture(SegmentedRaftLogWorker.java:87)
	at org.apache.ratis.server.raftlog.segmented.SegmentedRaftLogWorker$WriteLog.execute(SegmentedRaftLogWorker.java:477)
	at org.apache.ratis.server.raftlog.segmented.SegmentedRaftLogWorker.run(SegmentedRaftLogWorker.java:289)
	at java.lang.Thread.run(Thread.java:748)
Caused by: java.util.concurrent.TimeoutException
	at java.util.concurrent.CompletableFuture.timedGet(CompletableFuture.java:1771)
	at java.util.concurrent.CompletableFuture.get(CompletableFuture.java:1915)
	at org.apache.ratis.util.IOUtils.getFromFuture(IOUtils.java:79)
	... 4 more
2019-09-11 21:34:03,168 [grpc-default-executor-1] INFO  client.GrpcClientProtocolClient (GrpcClientProtocolClient.java:onNext(264)) - client-6F86920D2D5F->64758d78-93e8-4c7e-ac45-b585f050bda2: receive RaftClientReply:client-6F86920D2D5F->64758d78-93e8-4c7e-ac45-b585f050bda2@group-918A56EF0495, cid=24, FAILED org.apache.ratis.protocol.NotLeaderException: Server 64758d78-93e8-4c7e-ac45-b585f050bda2@group-918A56EF0495 is not the leader dcfcd112-014e-43fc-a356-31bdd3cb4a32:192.168.34.45:39948, logIndex=0, commits[64758d78-93e8-4c7e-ac45-b585f050bda2:c12, dcfcd112-014e-43fc-a356-31bdd3cb4a32:c12, f766e53e-50c1-4258-ad0c-9c8d360b84f6:c10]
2019-09-11 21:34:03,300 [java.util.concurrent.ThreadPoolExecutor$Worker@3692a2f9[State = -1, empty queue]] WARN  server.GrpcLogAppender (GrpcLogAppender.java:timeoutAppendRequest(200)) - dcfcd112-014e-43fc-a356-31bdd3cb4a32@group-918A56EF0495->64758d78-93e8-4c7e-ac45-b585f050bda2-GrpcLogAppender: appendEntries Timeout, request=dcfcd112-014e-43fc-a356-31bdd3cb4a32->64758d78-93e8-4c7e-ac45-b585f050bda2#30-t2, previous=(t:2, i:18), leaderCommit=12, initializing? false, entries: <empty>
2019-09-11 21:34:03,300 [java.util.concurrent.ThreadPoolExecutor$Worker@587a3968[State = -1, empty queue]] WARN  server.GrpcLogAppender (GrpcLogAppender.java:timeoutAppendRequest(200)) - dcfcd112-014e-43fc-a356-31bdd3cb4a32@group-918A56EF0495->f766e53e-50c1-4258-ad0c-9c8d360b84f6-GrpcLogAppender: appendEntries Timeout, request=dcfcd112-014e-43fc-a356-31bdd3cb4a32->f766e53e-50c1-4258-ad0c-9c8d360b84f6#30-t2, previous=(t:2, i:18), leaderCommit=12, initializing? false, entries: <empty>
2019-09-11 21:34:05,800 [java.util.concurrent.ThreadPoolExecutor$Worker@3692a2f9[State = -1, empty queue]] WARN  server.GrpcLogAppender (GrpcLogAppender.java:timeoutAppendRequest(200)) - dcfcd112-014e-43fc-a356-31bdd3cb4a32@group-918A56EF0495->64758d78-93e8-4c7e-ac45-b585f050bda2-GrpcLogAppender: appendEntries Timeout, request=dcfcd112-014e-43fc-a356-31bdd3cb4a32->64758d78-93e8-4c7e-ac45-b585f050bda2#31-t2, previous=(t:2, i:18), leaderCommit=12, initializing? false, entries: <empty>
2019-09-11 21:34:05,800 [java.util.concurrent.ThreadPoolExecutor$Worker@587a3968[State = -1, empty queue]] WARN  server.GrpcLogAppender (GrpcLogAppender.java:timeoutAppendRequest(200)) - dcfcd112-014e-43fc-a356-31bdd3cb4a32@group-918A56EF0495->f766e53e-50c1-4258-ad0c-9c8d360b84f6-GrpcLogAppender: appendEntries Timeout, request=dcfcd112-014e-43fc-a356-31bdd3cb4a32->f766e53e-50c1-4258-ad0c-9c8d360b84f6#31-t2, previous=(t:2, i:18), leaderCommit=12, initializing? false, entries: <empty>
2019-09-11 21:34:08,214 [grpc-default-executor-4] INFO  client.GrpcClientProtocolClient (GrpcClientProtocolClient.java:onNext(264)) - client-6F86920D2D5F->f766e53e-50c1-4258-ad0c-9c8d360b84f6: receive RaftClientReply:client-6F86920D2D5F->f766e53e-50c1-4258-ad0c-9c8d360b84f6@group-918A56EF0495, cid=24, FAILED org.apache.ratis.protocol.NotLeaderException: Server f766e53e-50c1-4258-ad0c-9c8d360b84f6@group-918A56EF0495 is not the leader dcfcd112-014e-43fc-a356-31bdd3cb4a32:192.168.34.45:39948, logIndex=0, commits[f766e53e-50c1-4258-ad0c-9c8d360b84f6:c12, dcfcd112-014e-43fc-a356-31bdd3cb4a32:c12, 64758d78-93e8-4c7e-ac45-b585f050bda2:c10]
2019-09-11 21:34:08,301 [java.util.concurrent.ThreadPoolExecutor$Worker@3692a2f9[State = -1, empty queue]] WARN  server.GrpcLogAppender (GrpcLogAppender.java:timeoutAppendRequest(200)) - dcfcd112-014e-43fc-a356-31bdd3cb4a32@group-918A56EF0495->64758d78-93e8-4c7e-ac45-b585f050bda2-GrpcLogAppender: appendEntries Timeout, request=dcfcd112-014e-43fc-a356-31bdd3cb4a32->64758d78-93e8-4c7e-ac45-b585f050bda2#32-t2, previous=(t:2, i:18), leaderCommit=12, initializing? false, entries: <empty>
2019-09-11 21:34:08,301 [java.util.concurrent.ThreadPoolExecutor$Worker@587a3968[State = -1, empty queue]] WARN  server.GrpcLogAppender (GrpcLogAppender.java:timeoutAppendRequest(200)) - dcfcd112-014e-43fc-a356-31bdd3cb4a32@group-918A56EF0495->f766e53e-50c1-4258-ad0c-9c8d360b84f6-GrpcLogAppender: appendEntries Timeout, request=dcfcd112-014e-43fc-a356-31bdd3cb4a32->f766e53e-50c1-4258-ad0c-9c8d360b84f6#32-t2, previous=(t:2, i:18), leaderCommit=12, initializing? false, entries: <empty>
2019-09-11 21:34:10,802 [java.util.concurrent.ThreadPoolExecutor$Worker@3692a2f9[State = -1, empty queue]] WARN  server.GrpcLogAppender (GrpcLogAppender.java:timeoutAppendRequest(200)) - dcfcd112-014e-43fc-a356-31bdd3cb4a32@group-918A56EF0495->64758d78-93e8-4c7e-ac45-b585f050bda2-GrpcLogAppender: appendEntries Timeout, request=dcfcd112-014e-43fc-a356-31bdd3cb4a32->64758d78-93e8-4c7e-ac45-b585f050bda2#33-t2, previous=(t:2, i:18), leaderCommit=12, initializing? false, entries: <empty>
2019-09-11 21:34:10,802 [java.util.concurrent.ThreadPoolExecutor$Worker@587a3968[State = -1, empty queue]] WARN  server.GrpcLogAppender (GrpcLogAppender.java:timeoutAppendRequest(200)) - dcfcd112-014e-43fc-a356-31bdd3cb4a32@group-918A56EF0495->f766e53e-50c1-4258-ad0c-9c8d360b84f6-GrpcLogAppender: appendEntries Timeout, request=dcfcd112-014e-43fc-a356-31bdd3cb4a32->f766e53e-50c1-4258-ad0c-9c8d360b84f6#33-t2, previous=(t:2, i:18), leaderCommit=12, initializing? false, entries: <empty>
2019-09-11 21:34:12,948 [dcfcd112-014e-43fc-a356-31bdd3cb4a32@group-918A56EF0495-SegmentedRaftLogWorker] WARN  segmented.SegmentedRaftLogWorker (SegmentedRaftLogWorker.java:getFromFuture(90)) - Timeout 3/~
org.apache.ratis.protocol.TimeoutIOException: Timeout 10s: WriteLog:14: (t:2, i:14), STATEMACHINELOGENTRY, client-6F86920D2D5F, cid=25-writeStateMachineData
	at org.apache.ratis.util.IOUtils.getFromFuture(IOUtils.java:87)
	at org.apache.ratis.server.raftlog.segmented.SegmentedRaftLogWorker$StateMachineDataPolicy.getFromFuture(SegmentedRaftLogWorker.java:87)
	at org.apache.ratis.server.raftlog.segmented.SegmentedRaftLogWorker$WriteLog.execute(SegmentedRaftLogWorker.java:477)
	at org.apache.ratis.server.raftlog.segmented.SegmentedRaftLogWorker.run(SegmentedRaftLogWorker.java:289)
	at java.lang.Thread.run(Thread.java:748)
Caused by: java.util.concurrent.TimeoutException
	at java.util.concurrent.CompletableFuture.timedGet(CompletableFuture.java:1771)
	at java.util.concurrent.CompletableFuture.get(CompletableFuture.java:1915)
	at org.apache.ratis.util.IOUtils.getFromFuture(IOUtils.java:79)
	... 4 more
2019-09-11 21:34:12,949 [64758d78-93e8-4c7e-ac45-b585f050bda2@group-918A56EF0495-SegmentedRaftLogWorker] WARN  segmented.SegmentedRaftLogWorker (SegmentedRaftLogWorker.java:getFromFuture(90)) - Timeout 3/~
org.apache.ratis.protocol.TimeoutIOException: Timeout 10s: WriteLog:14: (t:2, i:14), STATEMACHINELOGENTRY, client-6F86920D2D5F, cid=25-writeStateMachineData
	at org.apache.ratis.util.IOUtils.getFromFuture(IOUtils.java:87)
	at org.apache.ratis.server.raftlog.segmented.SegmentedRaftLogWorker$StateMachineDataPolicy.getFromFuture(SegmentedRaftLogWorker.java:87)
	at org.apache.ratis.server.raftlog.segmented.SegmentedRaftLogWorker$WriteLog.execute(SegmentedRaftLogWorker.java:477)
	at org.apache.ratis.server.raftlog.segmented.SegmentedRaftLogWorker.run(SegmentedRaftLogWorker.java:289)
	at java.lang.Thread.run(Thread.java:748)
Caused by: java.util.concurrent.TimeoutException
	at java.util.concurrent.CompletableFuture.timedGet(CompletableFuture.java:1771)
	at java.util.concurrent.CompletableFuture.get(CompletableFuture.java:1915)
	at org.apache.ratis.util.IOUtils.getFromFuture(IOUtils.java:79)
	... 4 more
2019-09-11 21:34:12,949 [f766e53e-50c1-4258-ad0c-9c8d360b84f6@group-918A56EF0495-SegmentedRaftLogWorker] WARN  segmented.SegmentedRaftLogWorker (SegmentedRaftLogWorker.java:getFromFuture(90)) - Timeout 3/~
org.apache.ratis.protocol.TimeoutIOException: Timeout 10s: WriteLog:14: (t:2, i:14), STATEMACHINELOGENTRY, client-6F86920D2D5F, cid=25-writeStateMachineData
	at org.apache.ratis.util.IOUtils.getFromFuture(IOUtils.java:87)
	at org.apache.ratis.server.raftlog.segmented.SegmentedRaftLogWorker$StateMachineDataPolicy.getFromFuture(SegmentedRaftLogWorker.java:87)
	at org.apache.ratis.server.raftlog.segmented.SegmentedRaftLogWorker$WriteLog.execute(SegmentedRaftLogWorker.java:477)
	at org.apache.ratis.server.raftlog.segmented.SegmentedRaftLogWorker.run(SegmentedRaftLogWorker.java:289)
	at java.lang.Thread.run(Thread.java:748)
Caused by: java.util.concurrent.TimeoutException
	at java.util.concurrent.CompletableFuture.timedGet(CompletableFuture.java:1771)
	at java.util.concurrent.CompletableFuture.get(CompletableFuture.java:1915)
	at org.apache.ratis.util.IOUtils.getFromFuture(IOUtils.java:79)
	... 4 more
2019-09-11 21:34:13,253 [grpc-default-executor-1] INFO  client.GrpcClientProtocolClient (GrpcClientProtocolClient.java:onNext(264)) - client-6F86920D2D5F->f766e53e-50c1-4258-ad0c-9c8d360b84f6: receive RaftClientReply:client-6F86920D2D5F->f766e53e-50c1-4258-ad0c-9c8d360b84f6@group-918A56EF0495, cid=24, FAILED org.apache.ratis.protocol.NotLeaderException: Server f766e53e-50c1-4258-ad0c-9c8d360b84f6@group-918A56EF0495 is not the leader dcfcd112-014e-43fc-a356-31bdd3cb4a32:192.168.34.45:39948, logIndex=0, commits[f766e53e-50c1-4258-ad0c-9c8d360b84f6:c12, dcfcd112-014e-43fc-a356-31bdd3cb4a32:c12, 64758d78-93e8-4c7e-ac45-b585f050bda2:c10]
2019-09-11 21:34:13,302 [java.util.concurrent.ThreadPoolExecutor$Worker@3692a2f9[State = -1, empty queue]] WARN  server.GrpcLogAppender (GrpcLogAppender.java:timeoutAppendRequest(200)) - dcfcd112-014e-43fc-a356-31bdd3cb4a32@group-918A56EF0495->64758d78-93e8-4c7e-ac45-b585f050bda2-GrpcLogAppender: appendEntries Timeout, request=dcfcd112-014e-43fc-a356-31bdd3cb4a32->64758d78-93e8-4c7e-ac45-b585f050bda2#34-t2, previous=(t:2, i:18), leaderCommit=12, initializing? false, entries: <empty>
2019-09-11 21:34:13,302 [java.util.concurrent.ThreadPoolExecutor$Worker@587a3968[State = -1, empty queue]] WARN  server.GrpcLogAppender (GrpcLogAppender.java:timeoutAppendRequest(200)) - dcfcd112-014e-43fc-a356-31bdd3cb4a32@group-918A56EF0495->f766e53e-50c1-4258-ad0c-9c8d360b84f6-GrpcLogAppender: appendEntries Timeout, request=dcfcd112-014e-43fc-a356-31bdd3cb4a32->f766e53e-50c1-4258-ad0c-9c8d360b84f6#34-t2, previous=(t:2, i:18), leaderCommit=12, initializing? false, entries: <empty>
2019-09-11 21:34:15,803 [java.util.concurrent.ThreadPoolExecutor$Worker@587a3968[State = -1, empty queue]] WARN  server.GrpcLogAppender (GrpcLogAppender.java:timeoutAppendRequest(200)) - dcfcd112-014e-43fc-a356-31bdd3cb4a32@group-918A56EF0495->f766e53e-50c1-4258-ad0c-9c8d360b84f6-GrpcLogAppender: appendEntries Timeout, request=dcfcd112-014e-43fc-a356-31bdd3cb4a32->f766e53e-50c1-4258-ad0c-9c8d360b84f6#35-t2, previous=(t:2, i:18), leaderCommit=12, initializing? false, entries: <empty>
2019-09-11 21:34:15,803 [java.util.concurrent.ThreadPoolExecutor$Worker@3692a2f9[State = -1, empty queue]] WARN  server.GrpcLogAppender (GrpcLogAppender.java:timeoutAppendRequest(200)) - dcfcd112-014e-43fc-a356-31bdd3cb4a32@group-918A56EF0495->64758d78-93e8-4c7e-ac45-b585f050bda2-GrpcLogAppender: appendEntries Timeout, request=dcfcd112-014e-43fc-a356-31bdd3cb4a32->64758d78-93e8-4c7e-ac45-b585f050bda2#35-t2, previous=(t:2, i:18), leaderCommit=12, initializing? false, entries: <empty>
2019-09-11 21:34:18,294 [grpc-default-executor-4] INFO  client.GrpcClientProtocolClient (GrpcClientProtocolClient.java:onNext(264)) - client-6F86920D2D5F->64758d78-93e8-4c7e-ac45-b585f050bda2: receive RaftClientReply:client-6F86920D2D5F->64758d78-93e8-4c7e-ac45-b585f050bda2@group-918A56EF0495, cid=24, FAILED org.apache.ratis.protocol.NotLeaderException: Server 64758d78-93e8-4c7e-ac45-b585f050bda2@group-918A56EF0495 is not the leader dcfcd112-014e-43fc-a356-31bdd3cb4a32:192.168.34.45:39948, logIndex=0, commits[64758d78-93e8-4c7e-ac45-b585f050bda2:c12, dcfcd112-014e-43fc-a356-31bdd3cb4a32:c12, f766e53e-50c1-4258-ad0c-9c8d360b84f6:c10]
2019-09-11 21:34:18,306 [java.util.concurrent.ThreadPoolExecutor$Worker@587a3968[State = -1, empty queue]] WARN  server.GrpcLogAppender (GrpcLogAppender.java:timeoutAppendRequest(200)) - dcfcd112-014e-43fc-a356-31bdd3cb4a32@group-918A56EF0495->f766e53e-50c1-4258-ad0c-9c8d360b84f6-GrpcLogAppender: appendEntries Timeout, request=dcfcd112-014e-43fc-a356-31bdd3cb4a32->f766e53e-50c1-4258-ad0c-9c8d360b84f6#36-t2, previous=(t:2, i:18), leaderCommit=12, initializing? false, entries: <empty>
2019-09-11 21:34:18,306 [java.util.concurrent.ThreadPoolExecutor$Worker@3692a2f9[State = -1, empty queue]] WARN  server.GrpcLogAppender (GrpcLogAppender.java:timeoutAppendRequest(200)) - dcfcd112-014e-43fc-a356-31bdd3cb4a32@group-918A56EF0495->64758d78-93e8-4c7e-ac45-b585f050bda2-GrpcLogAppender: appendEntries Timeout, request=dcfcd112-014e-43fc-a356-31bdd3cb4a32->64758d78-93e8-4c7e-ac45-b585f050bda2#36-t2, previous=(t:2, i:18), leaderCommit=12, initializing? false, entries: <empty>
2019-09-11 21:34:20,804 [java.util.concurrent.ThreadPoolExecutor$Worker@3692a2f9[State = -1, empty queue]] WARN  server.GrpcLogAppender (GrpcLogAppender.java:timeoutAppendRequest(200)) - dcfcd112-014e-43fc-a356-31bdd3cb4a32@group-918A56EF0495->64758d78-93e8-4c7e-ac45-b585f050bda2-GrpcLogAppender: appendEntries Timeout, request=dcfcd112-014e-43fc-a356-31bdd3cb4a32->64758d78-93e8-4c7e-ac45-b585f050bda2#37-t2, previous=(t:2, i:18), leaderCommit=12, initializing? false, entries: <empty>
2019-09-11 21:34:20,804 [java.util.concurrent.ThreadPoolExecutor$Worker@587a3968[State = -1, empty queue]] WARN  server.GrpcLogAppender (GrpcLogAppender.java:timeoutAppendRequest(200)) - dcfcd112-014e-43fc-a356-31bdd3cb4a32@group-918A56EF0495->f766e53e-50c1-4258-ad0c-9c8d360b84f6-GrpcLogAppender: appendEntries Timeout, request=dcfcd112-014e-43fc-a356-31bdd3cb4a32->f766e53e-50c1-4258-ad0c-9c8d360b84f6#37-t2, previous=(t:2, i:18), leaderCommit=12, initializing? false, entries: <empty>
2019-09-11 21:34:22,949 [dcfcd112-014e-43fc-a356-31bdd3cb4a32@group-918A56EF0495-SegmentedRaftLogWorker] WARN  segmented.SegmentedRaftLogWorker (SegmentedRaftLogWorker.java:getFromFuture(90)) - Timeout 4/~
org.apache.ratis.protocol.TimeoutIOException: Timeout 10s: WriteLog:14: (t:2, i:14), STATEMACHINELOGENTRY, client-6F86920D2D5F, cid=25-writeStateMachineData
	at org.apache.ratis.util.IOUtils.getFromFuture(IOUtils.java:87)
	at org.apache.ratis.server.raftlog.segmented.SegmentedRaftLogWorker$StateMachineDataPolicy.getFromFuture(SegmentedRaftLogWorker.java:87)
	at org.apache.ratis.server.raftlog.segmented.SegmentedRaftLogWorker$WriteLog.execute(SegmentedRaftLogWorker.java:477)
	at org.apache.ratis.server.raftlog.segmented.SegmentedRaftLogWorker.run(SegmentedRaftLogWorker.java:289)
	at java.lang.Thread.run(Thread.java:748)
Caused by: java.util.concurrent.TimeoutException
	at java.util.concurrent.CompletableFuture.timedGet(CompletableFuture.java:1771)
	at java.util.concurrent.CompletableFuture.get(CompletableFuture.java:1915)
	at org.apache.ratis.util.IOUtils.getFromFuture(IOUtils.java:79)
	... 4 more
2019-09-11 21:34:22,950 [64758d78-93e8-4c7e-ac45-b585f050bda2@group-918A56EF0495-SegmentedRaftLogWorker] WARN  segmented.SegmentedRaftLogWorker (SegmentedRaftLogWorker.java:getFromFuture(90)) - Timeout 4/~
org.apache.ratis.protocol.TimeoutIOException: Timeout 10s: WriteLog:14: (t:2, i:14), STATEMACHINELOGENTRY, client-6F86920D2D5F, cid=25-writeStateMachineData
	at org.apache.ratis.util.IOUtils.getFromFuture(IOUtils.java:87)
	at org.apache.ratis.server.raftlog.segmented.SegmentedRaftLogWorker$StateMachineDataPolicy.getFromFuture(SegmentedRaftLogWorker.java:87)
	at org.apache.ratis.server.raftlog.segmented.SegmentedRaftLogWorker$WriteLog.execute(SegmentedRaftLogWorker.java:477)
	at org.apache.ratis.server.raftlog.segmented.SegmentedRaftLogWorker.run(SegmentedRaftLogWorker.java:289)
	at java.lang.Thread.run(Thread.java:748)
Caused by: java.util.concurrent.TimeoutException
	at java.util.concurrent.CompletableFuture.timedGet(CompletableFuture.java:1771)
	at java.util.concurrent.CompletableFuture.get(CompletableFuture.java:1915)
	at org.apache.ratis.util.IOUtils.getFromFuture(IOUtils.java:79)
	... 4 more
2019-09-11 21:34:22,950 [f766e53e-50c1-4258-ad0c-9c8d360b84f6@group-918A56EF0495-SegmentedRaftLogWorker] WARN  segmented.SegmentedRaftLogWorker (SegmentedRaftLogWorker.java:getFromFuture(90)) - Timeout 4/~
org.apache.ratis.protocol.TimeoutIOException: Timeout 10s: WriteLog:14: (t:2, i:14), STATEMACHINELOGENTRY, client-6F86920D2D5F, cid=25-writeStateMachineData
	at org.apache.ratis.util.IOUtils.getFromFuture(IOUtils.java:87)
	at org.apache.ratis.server.raftlog.segmented.SegmentedRaftLogWorker$StateMachineDataPolicy.getFromFuture(SegmentedRaftLogWorker.java:87)
	at org.apache.ratis.server.raftlog.segmented.SegmentedRaftLogWorker$WriteLog.execute(SegmentedRaftLogWorker.java:477)
	at org.apache.ratis.server.raftlog.segmented.SegmentedRaftLogWorker.run(SegmentedRaftLogWorker.java:289)
	at java.lang.Thread.run(Thread.java:748)
Caused by: java.util.concurrent.TimeoutException
	at java.util.concurrent.CompletableFuture.timedGet(CompletableFuture.java:1771)
	at java.util.concurrent.CompletableFuture.get(CompletableFuture.java:1915)
	at org.apache.ratis.util.IOUtils.getFromFuture(IOUtils.java:79)
	... 4 more
2019-09-11 21:34:23,305 [java.util.concurrent.ThreadPoolExecutor$Worker@587a3968[State = -1, empty queue]] WARN  server.GrpcLogAppender (GrpcLogAppender.java:timeoutAppendRequest(200)) - dcfcd112-014e-43fc-a356-31bdd3cb4a32@group-918A56EF0495->f766e53e-50c1-4258-ad0c-9c8d360b84f6-GrpcLogAppender: appendEntries Timeout, request=dcfcd112-014e-43fc-a356-31bdd3cb4a32->f766e53e-50c1-4258-ad0c-9c8d360b84f6#38-t2, previous=(t:2, i:18), leaderCommit=12, initializing? false, entries: <empty>
2019-09-11 21:34:23,305 [java.util.concurrent.ThreadPoolExecutor$Worker@3692a2f9[State = -1, empty queue]] WARN  server.GrpcLogAppender (GrpcLogAppender.java:timeoutAppendRequest(200)) - dcfcd112-014e-43fc-a356-31bdd3cb4a32@group-918A56EF0495->64758d78-93e8-4c7e-ac45-b585f050bda2-GrpcLogAppender: appendEntries Timeout, request=dcfcd112-014e-43fc-a356-31bdd3cb4a32->64758d78-93e8-4c7e-ac45-b585f050bda2#38-t2, previous=(t:2, i:18), leaderCommit=12, initializing? false, entries: <empty>
2019-09-11 21:34:23,346 [grpc-default-executor-1] INFO  client.GrpcClientProtocolClient (GrpcClientProtocolClient.java:onNext(264)) - client-6F86920D2D5F->64758d78-93e8-4c7e-ac45-b585f050bda2: receive RaftClientReply:client-6F86920D2D5F->64758d78-93e8-4c7e-ac45-b585f050bda2@group-918A56EF0495, cid=24, FAILED org.apache.ratis.protocol.NotLeaderException: Server 64758d78-93e8-4c7e-ac45-b585f050bda2@group-918A56EF0495 is not the leader dcfcd112-014e-43fc-a356-31bdd3cb4a32:192.168.34.45:39948, logIndex=0, commits[64758d78-93e8-4c7e-ac45-b585f050bda2:c12, dcfcd112-014e-43fc-a356-31bdd3cb4a32:c12, f766e53e-50c1-4258-ad0c-9c8d360b84f6:c10]
2019-09-11 21:34:25,807 [java.util.concurrent.ThreadPoolExecutor$Worker@587a3968[State = -1, empty queue]] WARN  server.GrpcLogAppender (GrpcLogAppender.java:timeoutAppendRequest(200)) - dcfcd112-014e-43fc-a356-31bdd3cb4a32@group-918A56EF0495->f766e53e-50c1-4258-ad0c-9c8d360b84f6-GrpcLogAppender: appendEntries Timeout, request=dcfcd112-014e-43fc-a356-31bdd3cb4a32->f766e53e-50c1-4258-ad0c-9c8d360b84f6#39-t2, previous=(t:2, i:18), leaderCommit=12, initializing? false, entries: <empty>
2019-09-11 21:34:25,807 [java.util.concurrent.ThreadPoolExecutor$Worker@3692a2f9[State = -1, empty queue]] WARN  server.GrpcLogAppender (GrpcLogAppender.java:timeoutAppendRequest(200)) - dcfcd112-014e-43fc-a356-31bdd3cb4a32@group-918A56EF0495->64758d78-93e8-4c7e-ac45-b585f050bda2-GrpcLogAppender: appendEntries Timeout, request=dcfcd112-014e-43fc-a356-31bdd3cb4a32->64758d78-93e8-4c7e-ac45-b585f050bda2#39-t2, previous=(t:2, i:18), leaderCommit=12, initializing? false, entries: <empty>
2019-09-11 21:34:28,307 [java.util.concurrent.ThreadPoolExecutor$Worker@587a3968[State = -1, empty queue]] WARN  server.GrpcLogAppender (GrpcLogAppender.java:timeoutAppendRequest(200)) - dcfcd112-014e-43fc-a356-31bdd3cb4a32@group-918A56EF0495->f766e53e-50c1-4258-ad0c-9c8d360b84f6-GrpcLogAppender: appendEntries Timeout, request=dcfcd112-014e-43fc-a356-31bdd3cb4a32->f766e53e-50c1-4258-ad0c-9c8d360b84f6#40-t2, previous=(t:2, i:18), leaderCommit=12, initializing? false, entries: <empty>
2019-09-11 21:34:28,307 [java.util.concurrent.ThreadPoolExecutor$Worker@3692a2f9[State = -1, empty queue]] WARN  server.GrpcLogAppender (GrpcLogAppender.java:timeoutAppendRequest(200)) - dcfcd112-014e-43fc-a356-31bdd3cb4a32@group-918A56EF0495->64758d78-93e8-4c7e-ac45-b585f050bda2-GrpcLogAppender: appendEntries Timeout, request=dcfcd112-014e-43fc-a356-31bdd3cb4a32->64758d78-93e8-4c7e-ac45-b585f050bda2#40-t2, previous=(t:2, i:18), leaderCommit=12, initializing? false, entries: <empty>
2019-09-11 21:34:28,398 [grpc-default-executor-1] INFO  client.GrpcClientProtocolClient (GrpcClientProtocolClient.java:onNext(264)) - client-6F86920D2D5F->64758d78-93e8-4c7e-ac45-b585f050bda2: receive RaftClientReply:client-6F86920D2D5F->64758d78-93e8-4c7e-ac45-b585f050bda2@group-918A56EF0495, cid=24, FAILED org.apache.ratis.protocol.NotLeaderException: Server 64758d78-93e8-4c7e-ac45-b585f050bda2@group-918A56EF0495 is not the leader dcfcd112-014e-43fc-a356-31bdd3cb4a32:192.168.34.45:39948, logIndex=0, commits[64758d78-93e8-4c7e-ac45-b585f050bda2:c12, dcfcd112-014e-43fc-a356-31bdd3cb4a32:c12, f766e53e-50c1-4258-ad0c-9c8d360b84f6:c10]
2019-09-11 21:34:30,809 [java.util.concurrent.ThreadPoolExecutor$Worker@587a3968[State = -1, empty queue]] WARN  server.GrpcLogAppender (GrpcLogAppender.java:timeoutAppendRequest(200)) - dcfcd112-014e-43fc-a356-31bdd3cb4a32@group-918A56EF0495->f766e53e-50c1-4258-ad0c-9c8d360b84f6-GrpcLogAppender: appendEntries Timeout, request=dcfcd112-014e-43fc-a356-31bdd3cb4a32->f766e53e-50c1-4258-ad0c-9c8d360b84f6#41-t2, previous=(t:2, i:18), leaderCommit=12, initializing? false, entries: <empty>
2019-09-11 21:34:30,809 [java.util.concurrent.ThreadPoolExecutor$Worker@3692a2f9[State = -1, empty queue]] WARN  server.GrpcLogAppender (GrpcLogAppender.java:timeoutAppendRequest(200)) - dcfcd112-014e-43fc-a356-31bdd3cb4a32@group-918A56EF0495->64758d78-93e8-4c7e-ac45-b585f050bda2-GrpcLogAppender: appendEntries Timeout, request=dcfcd112-014e-43fc-a356-31bdd3cb4a32->64758d78-93e8-4c7e-ac45-b585f050bda2#41-t2, previous=(t:2, i:18), leaderCommit=12, initializing? false, entries: <empty>
2019-09-11 21:34:32,951 [dcfcd112-014e-43fc-a356-31bdd3cb4a32@group-918A56EF0495-SegmentedRaftLogWorker] WARN  segmented.SegmentedRaftLogWorker (SegmentedRaftLogWorker.java:getFromFuture(90)) - Timeout 5/~
org.apache.ratis.protocol.TimeoutIOException: Timeout 10s: WriteLog:14: (t:2, i:14), STATEMACHINELOGENTRY, client-6F86920D2D5F, cid=25-writeStateMachineData
	at org.apache.ratis.util.IOUtils.getFromFuture(IOUtils.java:87)
	at org.apache.ratis.server.raftlog.segmented.SegmentedRaftLogWorker$StateMachineDataPolicy.getFromFuture(SegmentedRaftLogWorker.java:87)
	at org.apache.ratis.server.raftlog.segmented.SegmentedRaftLogWorker$WriteLog.execute(SegmentedRaftLogWorker.java:477)
	at org.apache.ratis.server.raftlog.segmented.SegmentedRaftLogWorker.run(SegmentedRaftLogWorker.java:289)
	at java.lang.Thread.run(Thread.java:748)
Caused by: java.util.concurrent.TimeoutException
	at java.util.concurrent.CompletableFuture.timedGet(CompletableFuture.java:1771)
	at java.util.concurrent.CompletableFuture.get(CompletableFuture.java:1915)
	at org.apache.ratis.util.IOUtils.getFromFuture(IOUtils.java:79)
	... 4 more
2019-09-11 21:34:32,952 [64758d78-93e8-4c7e-ac45-b585f050bda2@group-918A56EF0495-SegmentedRaftLogWorker] WARN  segmented.SegmentedRaftLogWorker (SegmentedRaftLogWorker.java:getFromFuture(90)) - Timeout 5/~
org.apache.ratis.protocol.TimeoutIOException: Timeout 10s: WriteLog:14: (t:2, i:14), STATEMACHINELOGENTRY, client-6F86920D2D5F, cid=25-writeStateMachineData
	at org.apache.ratis.util.IOUtils.getFromFuture(IOUtils.java:87)
	at org.apache.ratis.server.raftlog.segmented.SegmentedRaftLogWorker$StateMachineDataPolicy.getFromFuture(SegmentedRaftLogWorker.java:87)
	at org.apache.ratis.server.raftlog.segmented.SegmentedRaftLogWorker$WriteLog.execute(SegmentedRaftLogWorker.java:477)
	at org.apache.ratis.server.raftlog.segmented.SegmentedRaftLogWorker.run(SegmentedRaftLogWorker.java:289)
	at java.lang.Thread.run(Thread.java:748)
Caused by: java.util.concurrent.TimeoutException
	at java.util.concurrent.CompletableFuture.timedGet(CompletableFuture.java:1771)
	at java.util.concurrent.CompletableFuture.get(CompletableFuture.java:1915)
	at org.apache.ratis.util.IOUtils.getFromFuture(IOUtils.java:79)
	... 4 more
2019-09-11 21:34:32,953 [f766e53e-50c1-4258-ad0c-9c8d360b84f6@group-918A56EF0495-SegmentedRaftLogWorker] WARN  segmented.SegmentedRaftLogWorker (SegmentedRaftLogWorker.java:getFromFuture(90)) - Timeout 5/~
org.apache.ratis.protocol.TimeoutIOException: Timeout 10s: WriteLog:14: (t:2, i:14), STATEMACHINELOGENTRY, client-6F86920D2D5F, cid=25-writeStateMachineData
	at org.apache.ratis.util.IOUtils.getFromFuture(IOUtils.java:87)
	at org.apache.ratis.server.raftlog.segmented.SegmentedRaftLogWorker$StateMachineDataPolicy.getFromFuture(SegmentedRaftLogWorker.java:87)
	at org.apache.ratis.server.raftlog.segmented.SegmentedRaftLogWorker$WriteLog.execute(SegmentedRaftLogWorker.java:477)
	at org.apache.ratis.server.raftlog.segmented.SegmentedRaftLogWorker.run(SegmentedRaftLogWorker.java:289)
	at java.lang.Thread.run(Thread.java:748)
Caused by: java.util.concurrent.TimeoutException
	at java.util.concurrent.CompletableFuture.timedGet(CompletableFuture.java:1771)
	at java.util.concurrent.CompletableFuture.get(CompletableFuture.java:1915)
	at org.apache.ratis.util.IOUtils.getFromFuture(IOUtils.java:79)
	... 4 more
2019-09-11 21:34:33,309 [java.util.concurrent.ThreadPoolExecutor$Worker@587a3968[State = -1, empty queue]] WARN  server.GrpcLogAppender (GrpcLogAppender.java:timeoutAppendRequest(200)) - dcfcd112-014e-43fc-a356-31bdd3cb4a32@group-918A56EF0495->f766e53e-50c1-4258-ad0c-9c8d360b84f6-GrpcLogAppender: appendEntries Timeout, request=dcfcd112-014e-43fc-a356-31bdd3cb4a32->f766e53e-50c1-4258-ad0c-9c8d360b84f6#42-t2, previous=(t:2, i:18), leaderCommit=12, initializing? false, entries: <empty>
2019-09-11 21:34:33,310 [java.util.concurrent.ThreadPoolExecutor$Worker@3692a2f9[State = -1, empty queue]] WARN  server.GrpcLogAppender (GrpcLogAppender.java:timeoutAppendRequest(200)) - dcfcd112-014e-43fc-a356-31bdd3cb4a32@group-918A56EF0495->64758d78-93e8-4c7e-ac45-b585f050bda2-GrpcLogAppender: appendEntries Timeout, request=dcfcd112-014e-43fc-a356-31bdd3cb4a32->64758d78-93e8-4c7e-ac45-b585f050bda2#42-t2, previous=(t:2, i:18), leaderCommit=12, initializing? false, entries: <empty>
2019-09-11 21:34:33,446 [grpc-default-executor-1] INFO  client.GrpcClientProtocolClient (GrpcClientProtocolClient.java:onNext(264)) - client-6F86920D2D5F->64758d78-93e8-4c7e-ac45-b585f050bda2: receive RaftClientReply:client-6F86920D2D5F->64758d78-93e8-4c7e-ac45-b585f050bda2@group-918A56EF0495, cid=24, FAILED org.apache.ratis.protocol.NotLeaderException: Server 64758d78-93e8-4c7e-ac45-b585f050bda2@group-918A56EF0495 is not the leader dcfcd112-014e-43fc-a356-31bdd3cb4a32:192.168.34.45:39948, logIndex=0, commits[64758d78-93e8-4c7e-ac45-b585f050bda2:c12, dcfcd112-014e-43fc-a356-31bdd3cb4a32:c12, f766e53e-50c1-4258-ad0c-9c8d360b84f6:c10]
2019-09-11 21:34:35,810 [java.util.concurrent.ThreadPoolExecutor$Worker@3692a2f9[State = -1, empty queue]] WARN  server.GrpcLogAppender (GrpcLogAppender.java:timeoutAppendRequest(200)) - dcfcd112-014e-43fc-a356-31bdd3cb4a32@group-918A56EF0495->64758d78-93e8-4c7e-ac45-b585f050bda2-GrpcLogAppender: appendEntries Timeout, request=dcfcd112-014e-43fc-a356-31bdd3cb4a32->64758d78-93e8-4c7e-ac45-b585f050bda2#43-t2, previous=(t:2, i:18), leaderCommit=12, initializing? false, entries: <empty>
2019-09-11 21:34:35,810 [java.util.concurrent.ThreadPoolExecutor$Worker@587a3968[State = -1, empty queue]] WARN  server.GrpcLogAppender (GrpcLogAppender.java:timeoutAppendRequest(200)) - dcfcd112-014e-43fc-a356-31bdd3cb4a32@group-918A56EF0495->f766e53e-50c1-4258-ad0c-9c8d360b84f6-GrpcLogAppender: appendEntries Timeout, request=dcfcd112-014e-43fc-a356-31bdd3cb4a32->f766e53e-50c1-4258-ad0c-9c8d360b84f6#43-t2, previous=(t:2, i:18), leaderCommit=12, initializing? false, entries: <empty>
2019-09-11 21:34:38,312 [java.util.concurrent.ThreadPoolExecutor$Worker@587a3968[State = -1, empty queue]] WARN  server.GrpcLogAppender (GrpcLogAppender.java:timeoutAppendRequest(200)) - dcfcd112-014e-43fc-a356-31bdd3cb4a32@group-918A56EF0495->f766e53e-50c1-4258-ad0c-9c8d360b84f6-GrpcLogAppender: appendEntries Timeout, request=dcfcd112-014e-43fc-a356-31bdd3cb4a32->f766e53e-50c1-4258-ad0c-9c8d360b84f6#44-t2, previous=(t:2, i:18), leaderCommit=12, initializing? false, entries: <empty>
2019-09-11 21:34:38,312 [java.util.concurrent.ThreadPoolExecutor$Worker@3692a2f9[State = -1, empty queue]] WARN  server.GrpcLogAppender (GrpcLogAppender.java:timeoutAppendRequest(200)) - dcfcd112-014e-43fc-a356-31bdd3cb4a32@group-918A56EF0495->64758d78-93e8-4c7e-ac45-b585f050bda2-GrpcLogAppender: appendEntries Timeout, request=dcfcd112-014e-43fc-a356-31bdd3cb4a32->64758d78-93e8-4c7e-ac45-b585f050bda2#44-t2, previous=(t:2, i:18), leaderCommit=12, initializing? false, entries: <empty>
2019-09-11 21:34:38,491 [grpc-default-executor-1] INFO  client.GrpcClientProtocolClient (GrpcClientProtocolClient.java:onNext(264)) - client-6F86920D2D5F->f766e53e-50c1-4258-ad0c-9c8d360b84f6: receive RaftClientReply:client-6F86920D2D5F->f766e53e-50c1-4258-ad0c-9c8d360b84f6@group-918A56EF0495, cid=24, FAILED org.apache.ratis.protocol.NotLeaderException: Server f766e53e-50c1-4258-ad0c-9c8d360b84f6@group-918A56EF0495 is not the leader dcfcd112-014e-43fc-a356-31bdd3cb4a32:192.168.34.45:39948, logIndex=0, commits[f766e53e-50c1-4258-ad0c-9c8d360b84f6:c12, dcfcd112-014e-43fc-a356-31bdd3cb4a32:c12, 64758d78-93e8-4c7e-ac45-b585f050bda2:c10]
2019-09-11 21:34:40,813 [java.util.concurrent.ThreadPoolExecutor$Worker@587a3968[State = -1, empty queue]] WARN  server.GrpcLogAppender (GrpcLogAppender.java:timeoutAppendRequest(200)) - dcfcd112-014e-43fc-a356-31bdd3cb4a32@group-918A56EF0495->f766e53e-50c1-4258-ad0c-9c8d360b84f6-GrpcLogAppender: appendEntries Timeout, request=dcfcd112-014e-43fc-a356-31bdd3cb4a32->f766e53e-50c1-4258-ad0c-9c8d360b84f6#45-t2, previous=(t:2, i:18), leaderCommit=12, initializing? false, entries: <empty>
2019-09-11 21:34:40,813 [java.util.concurrent.ThreadPoolExecutor$Worker@3692a2f9[State = -1, empty queue]] WARN  server.GrpcLogAppender (GrpcLogAppender.java:timeoutAppendRequest(200)) - dcfcd112-014e-43fc-a356-31bdd3cb4a32@group-918A56EF0495->64758d78-93e8-4c7e-ac45-b585f050bda2-GrpcLogAppender: appendEntries Timeout, request=dcfcd112-014e-43fc-a356-31bdd3cb4a32->64758d78-93e8-4c7e-ac45-b585f050bda2#45-t2, previous=(t:2, i:18), leaderCommit=12, initializing? false, entries: <empty>
2019-09-11 21:34:42,953 [dcfcd112-014e-43fc-a356-31bdd3cb4a32@group-918A56EF0495-SegmentedRaftLogWorker] WARN  segmented.SegmentedRaftLogWorker (SegmentedRaftLogWorker.java:getFromFuture(90)) - Timeout 6/~
org.apache.ratis.protocol.TimeoutIOException: Timeout 10s: WriteLog:14: (t:2, i:14), STATEMACHINELOGENTRY, client-6F86920D2D5F, cid=25-writeStateMachineData
	at org.apache.ratis.util.IOUtils.getFromFuture(IOUtils.java:87)
	at org.apache.ratis.server.raftlog.segmented.SegmentedRaftLogWorker$StateMachineDataPolicy.getFromFuture(SegmentedRaftLogWorker.java:87)
	at org.apache.ratis.server.raftlog.segmented.SegmentedRaftLogWorker$WriteLog.execute(SegmentedRaftLogWorker.java:477)
	at org.apache.ratis.server.raftlog.segmented.SegmentedRaftLogWorker.run(SegmentedRaftLogWorker.java:289)
	at java.lang.Thread.run(Thread.java:748)
Caused by: java.util.concurrent.TimeoutException
	at java.util.concurrent.CompletableFuture.timedGet(CompletableFuture.java:1771)
	at java.util.concurrent.CompletableFuture.get(CompletableFuture.java:1915)
	at org.apache.ratis.util.IOUtils.getFromFuture(IOUtils.java:79)
	... 4 more
2019-09-11 21:34:42,953 [64758d78-93e8-4c7e-ac45-b585f050bda2@group-918A56EF0495-SegmentedRaftLogWorker] WARN  segmented.SegmentedRaftLogWorker (SegmentedRaftLogWorker.java:getFromFuture(90)) - Timeout 6/~
org.apache.ratis.protocol.TimeoutIOException: Timeout 10s: WriteLog:14: (t:2, i:14), STATEMACHINELOGENTRY, client-6F86920D2D5F, cid=25-writeStateMachineData
	at org.apache.ratis.util.IOUtils.getFromFuture(IOUtils.java:87)
	at org.apache.ratis.server.raftlog.segmented.SegmentedRaftLogWorker$StateMachineDataPolicy.getFromFuture(SegmentedRaftLogWorker.java:87)
	at org.apache.ratis.server.raftlog.segmented.SegmentedRaftLogWorker$WriteLog.execute(SegmentedRaftLogWorker.java:477)
	at org.apache.ratis.server.raftlog.segmented.SegmentedRaftLogWorker.run(SegmentedRaftLogWorker.java:289)
	at java.lang.Thread.run(Thread.java:748)
Caused by: java.util.concurrent.TimeoutException
	at java.util.concurrent.CompletableFuture.timedGet(CompletableFuture.java:1771)
	at java.util.concurrent.CompletableFuture.get(CompletableFuture.java:1915)
	at org.apache.ratis.util.IOUtils.getFromFuture(IOUtils.java:79)
	... 4 more
2019-09-11 21:34:42,954 [f766e53e-50c1-4258-ad0c-9c8d360b84f6@group-918A56EF0495-SegmentedRaftLogWorker] WARN  segmented.SegmentedRaftLogWorker (SegmentedRaftLogWorker.java:getFromFuture(90)) - Timeout 6/~
org.apache.ratis.protocol.TimeoutIOException: Timeout 10s: WriteLog:14: (t:2, i:14), STATEMACHINELOGENTRY, client-6F86920D2D5F, cid=25-writeStateMachineData
	at org.apache.ratis.util.IOUtils.getFromFuture(IOUtils.java:87)
	at org.apache.ratis.server.raftlog.segmented.SegmentedRaftLogWorker$StateMachineDataPolicy.getFromFuture(SegmentedRaftLogWorker.java:87)
	at org.apache.ratis.server.raftlog.segmented.SegmentedRaftLogWorker$WriteLog.execute(SegmentedRaftLogWorker.java:477)
	at org.apache.ratis.server.raftlog.segmented.SegmentedRaftLogWorker.run(SegmentedRaftLogWorker.java:289)
	at java.lang.Thread.run(Thread.java:748)
Caused by: java.util.concurrent.TimeoutException
	at java.util.concurrent.CompletableFuture.timedGet(CompletableFuture.java:1771)
	at java.util.concurrent.CompletableFuture.get(CompletableFuture.java:1915)
	at org.apache.ratis.util.IOUtils.getFromFuture(IOUtils.java:79)
	... 4 more
2019-09-11 21:34:43,313 [java.util.concurrent.ThreadPoolExecutor$Worker@587a3968[State = -1, empty queue]] WARN  server.GrpcLogAppender (GrpcLogAppender.java:timeoutAppendRequest(200)) - dcfcd112-014e-43fc-a356-31bdd3cb4a32@group-918A56EF0495->f766e53e-50c1-4258-ad0c-9c8d360b84f6-GrpcLogAppender: appendEntries Timeout, request=dcfcd112-014e-43fc-a356-31bdd3cb4a32->f766e53e-50c1-4258-ad0c-9c8d360b84f6#46-t2, previous=(t:2, i:18), leaderCommit=12, initializing? false, entries: <empty>
2019-09-11 21:34:43,313 [java.util.concurrent.ThreadPoolExecutor$Worker@3692a2f9[State = -1, empty queue]] WARN  server.GrpcLogAppender (GrpcLogAppender.java:timeoutAppendRequest(200)) - dcfcd112-014e-43fc-a356-31bdd3cb4a32@group-918A56EF0495->64758d78-93e8-4c7e-ac45-b585f050bda2-GrpcLogAppender: appendEntries Timeout, request=dcfcd112-014e-43fc-a356-31bdd3cb4a32->64758d78-93e8-4c7e-ac45-b585f050bda2#46-t2, previous=(t:2, i:18), leaderCommit=12, initializing? false, entries: <empty>
2019-09-11 21:34:43,539 [grpc-default-executor-1] INFO  client.GrpcClientProtocolClient (GrpcClientProtocolClient.java:onNext(264)) - client-6F86920D2D5F->64758d78-93e8-4c7e-ac45-b585f050bda2: receive RaftClientReply:client-6F86920D2D5F->64758d78-93e8-4c7e-ac45-b585f050bda2@group-918A56EF0495, cid=24, FAILED org.apache.ratis.protocol.NotLeaderException: Server 64758d78-93e8-4c7e-ac45-b585f050bda2@group-918A56EF0495 is not the leader dcfcd112-014e-43fc-a356-31bdd3cb4a32:192.168.34.45:39948, logIndex=0, commits[64758d78-93e8-4c7e-ac45-b585f050bda2:c12, dcfcd112-014e-43fc-a356-31bdd3cb4a32:c12, f766e53e-50c1-4258-ad0c-9c8d360b84f6:c10]
2019-09-11 21:34:45,814 [java.util.concurrent.ThreadPoolExecutor$Worker@587a3968[State = -1, empty queue]] WARN  server.GrpcLogAppender (GrpcLogAppender.java:timeoutAppendRequest(200)) - dcfcd112-014e-43fc-a356-31bdd3cb4a32@group-918A56EF0495->f766e53e-50c1-4258-ad0c-9c8d360b84f6-GrpcLogAppender: appendEntries Timeout, request=dcfcd112-014e-43fc-a356-31bdd3cb4a32->f766e53e-50c1-4258-ad0c-9c8d360b84f6#47-t2, previous=(t:2, i:18), leaderCommit=12, initializing? false, entries: <empty>
2019-09-11 21:34:45,814 [java.util.concurrent.ThreadPoolExecutor$Worker@3692a2f9[State = -1, empty queue]] WARN  server.GrpcLogAppender (GrpcLogAppender.java:timeoutAppendRequest(200)) - dcfcd112-014e-43fc-a356-31bdd3cb4a32@group-918A56EF0495->64758d78-93e8-4c7e-ac45-b585f050bda2-GrpcLogAppender: appendEntries Timeout, request=dcfcd112-014e-43fc-a356-31bdd3cb4a32->64758d78-93e8-4c7e-ac45-b585f050bda2#47-t2, previous=(t:2, i:18), leaderCommit=12, initializing? false, entries: <empty>
2019-09-11 21:34:48,315 [java.util.concurrent.ThreadPoolExecutor$Worker@587a3968[State = -1, empty queue]] WARN  server.GrpcLogAppender (GrpcLogAppender.java:timeoutAppendRequest(200)) - dcfcd112-014e-43fc-a356-31bdd3cb4a32@group-918A56EF0495->f766e53e-50c1-4258-ad0c-9c8d360b84f6-GrpcLogAppender: appendEntries Timeout, request=dcfcd112-014e-43fc-a356-31bdd3cb4a32->f766e53e-50c1-4258-ad0c-9c8d360b84f6#48-t2, previous=(t:2, i:18), leaderCommit=12, initializing? false, entries: <empty>
2019-09-11 21:34:48,315 [java.util.concurrent.ThreadPoolExecutor$Worker@3692a2f9[State = -1, empty queue]] WARN  server.GrpcLogAppender (GrpcLogAppender.java:timeoutAppendRequest(200)) - dcfcd112-014e-43fc-a356-31bdd3cb4a32@group-918A56EF0495->64758d78-93e8-4c7e-ac45-b585f050bda2-GrpcLogAppender: appendEntries Timeout, request=dcfcd112-014e-43fc-a356-31bdd3cb4a32->64758d78-93e8-4c7e-ac45-b585f050bda2#48-t2, previous=(t:2, i:18), leaderCommit=12, initializing? false, entries: <empty>
2019-09-11 21:34:48,588 [grpc-default-executor-4] INFO  client.GrpcClientProtocolClient (GrpcClientProtocolClient.java:onNext(264)) - client-6F86920D2D5F->64758d78-93e8-4c7e-ac45-b585f050bda2: receive RaftClientReply:client-6F86920D2D5F->64758d78-93e8-4c7e-ac45-b585f050bda2@group-918A56EF0495, cid=24, FAILED org.apache.ratis.protocol.NotLeaderException: Server 64758d78-93e8-4c7e-ac45-b585f050bda2@group-918A56EF0495 is not the leader dcfcd112-014e-43fc-a356-31bdd3cb4a32:192.168.34.45:39948, logIndex=0, commits[64758d78-93e8-4c7e-ac45-b585f050bda2:c12, dcfcd112-014e-43fc-a356-31bdd3cb4a32:c12, f766e53e-50c1-4258-ad0c-9c8d360b84f6:c10]
2019-09-11 21:34:50,815 [java.util.concurrent.ThreadPoolExecutor$Worker@3692a2f9[State = -1, empty queue]] WARN  server.GrpcLogAppender (GrpcLogAppender.java:timeoutAppendRequest(200)) - dcfcd112-014e-43fc-a356-31bdd3cb4a32@group-918A56EF0495->64758d78-93e8-4c7e-ac45-b585f050bda2-GrpcLogAppender: appendEntries Timeout, request=dcfcd112-014e-43fc-a356-31bdd3cb4a32->64758d78-93e8-4c7e-ac45-b585f050bda2#49-t2, previous=(t:2, i:18), leaderCommit=12, initializing? false, entries: <empty>
2019-09-11 21:34:50,815 [java.util.concurrent.ThreadPoolExecutor$Worker@587a3968[State = -1, empty queue]] WARN  server.GrpcLogAppender (GrpcLogAppender.java:timeoutAppendRequest(200)) - dcfcd112-014e-43fc-a356-31bdd3cb4a32@group-918A56EF0495->f766e53e-50c1-4258-ad0c-9c8d360b84f6-GrpcLogAppender: appendEntries Timeout, request=dcfcd112-014e-43fc-a356-31bdd3cb4a32->f766e53e-50c1-4258-ad0c-9c8d360b84f6#49-t2, previous=(t:2, i:18), leaderCommit=12, initializing? false, entries: <empty>
2019-09-11 21:34:52,954 [dcfcd112-014e-43fc-a356-31bdd3cb4a32@group-918A56EF0495-SegmentedRaftLogWorker] WARN  segmented.SegmentedRaftLogWorker (SegmentedRaftLogWorker.java:getFromFuture(90)) - Timeout 7/~
org.apache.ratis.protocol.TimeoutIOException: Timeout 10s: WriteLog:14: (t:2, i:14), STATEMACHINELOGENTRY, client-6F86920D2D5F, cid=25-writeStateMachineData
	at org.apache.ratis.util.IOUtils.getFromFuture(IOUtils.java:87)
	at org.apache.ratis.server.raftlog.segmented.SegmentedRaftLogWorker$StateMachineDataPolicy.getFromFuture(SegmentedRaftLogWorker.java:87)
	at org.apache.ratis.server.raftlog.segmented.SegmentedRaftLogWorker$WriteLog.execute(SegmentedRaftLogWorker.java:477)
	at org.apache.ratis.server.raftlog.segmented.SegmentedRaftLogWorker.run(SegmentedRaftLogWorker.java:289)
	at java.lang.Thread.run(Thread.java:748)
Caused by: java.util.concurrent.TimeoutException
	at java.util.concurrent.CompletableFuture.timedGet(CompletableFuture.java:1771)
	at java.util.concurrent.CompletableFuture.get(CompletableFuture.java:1915)
	at org.apache.ratis.util.IOUtils.getFromFuture(IOUtils.java:79)
	... 4 more
2019-09-11 21:34:52,977 [64758d78-93e8-4c7e-ac45-b585f050bda2@group-918A56EF0495-SegmentedRaftLogWorker] WARN  segmented.SegmentedRaftLogWorker (SegmentedRaftLogWorker.java:getFromFuture(90)) - Timeout 7/~
org.apache.ratis.protocol.TimeoutIOException: Timeout 10s: WriteLog:14: (t:2, i:14), STATEMACHINELOGENTRY, client-6F86920D2D5F, cid=25-writeStateMachineData
	at org.apache.ratis.util.IOUtils.getFromFuture(IOUtils.java:87)
	at org.apache.ratis.server.raftlog.segmented.SegmentedRaftLogWorker$StateMachineDataPolicy.getFromFuture(SegmentedRaftLogWorker.java:87)
	at org.apache.ratis.server.raftlog.segmented.SegmentedRaftLogWorker$WriteLog.execute(SegmentedRaftLogWorker.java:477)
	at org.apache.ratis.server.raftlog.segmented.SegmentedRaftLogWorker.run(SegmentedRaftLogWorker.java:289)
	at java.lang.Thread.run(Thread.java:748)
Caused by: java.util.concurrent.TimeoutException
	at java.util.concurrent.CompletableFuture.timedGet(CompletableFuture.java:1771)
	at java.util.concurrent.CompletableFuture.get(CompletableFuture.java:1915)
	at org.apache.ratis.util.IOUtils.getFromFuture(IOUtils.java:79)
	... 4 more
2019-09-11 21:34:52,977 [f766e53e-50c1-4258-ad0c-9c8d360b84f6@group-918A56EF0495-SegmentedRaftLogWorker] WARN  segmented.SegmentedRaftLogWorker (SegmentedRaftLogWorker.java:getFromFuture(90)) - Timeout 7/~
org.apache.ratis.protocol.TimeoutIOException: Timeout 10s: WriteLog:14: (t:2, i:14), STATEMACHINELOGENTRY, client-6F86920D2D5F, cid=25-writeStateMachineData
	at org.apache.ratis.util.IOUtils.getFromFuture(IOUtils.java:87)
	at org.apache.ratis.server.raftlog.segmented.SegmentedRaftLogWorker$StateMachineDataPolicy.getFromFuture(SegmentedRaftLogWorker.java:87)
	at org.apache.ratis.server.raftlog.segmented.SegmentedRaftLogWorker$WriteLog.execute(SegmentedRaftLogWorker.java:477)
	at org.apache.ratis.server.raftlog.segmented.SegmentedRaftLogWorker.run(SegmentedRaftLogWorker.java:289)
	at java.lang.Thread.run(Thread.java:748)
Caused by: java.util.concurrent.TimeoutException
	at java.util.concurrent.CompletableFuture.timedGet(CompletableFuture.java:1771)
	at java.util.concurrent.CompletableFuture.get(CompletableFuture.java:1915)
	at org.apache.ratis.util.IOUtils.getFromFuture(IOUtils.java:79)
	... 4 more
2019-09-11 21:34:53,316 [java.util.concurrent.ThreadPoolExecutor$Worker@587a3968[State = -1, empty queue]] WARN  server.GrpcLogAppender (GrpcLogAppender.java:timeoutAppendRequest(200)) - dcfcd112-014e-43fc-a356-31bdd3cb4a32@group-918A56EF0495->f766e53e-50c1-4258-ad0c-9c8d360b84f6-GrpcLogAppender: appendEntries Timeout, request=dcfcd112-014e-43fc-a356-31bdd3cb4a32->f766e53e-50c1-4258-ad0c-9c8d360b84f6#50-t2, previous=(t:2, i:18), leaderCommit=12, initializing? false, entries: <empty>
2019-09-11 21:34:53,316 [java.util.concurrent.ThreadPoolExecutor$Worker@3692a2f9[State = -1, empty queue]] WARN  server.GrpcLogAppender (GrpcLogAppender.java:timeoutAppendRequest(200)) - dcfcd112-014e-43fc-a356-31bdd3cb4a32@group-918A56EF0495->64758d78-93e8-4c7e-ac45-b585f050bda2-GrpcLogAppender: appendEntries Timeout, request=dcfcd112-014e-43fc-a356-31bdd3cb4a32->64758d78-93e8-4c7e-ac45-b585f050bda2#50-t2, previous=(t:2, i:18), leaderCommit=12, initializing? false, entries: <empty>
2019-09-11 21:34:53,644 [grpc-default-executor-4] INFO  client.GrpcClientProtocolClient (GrpcClientProtocolClient.java:onNext(264)) - client-6F86920D2D5F->64758d78-93e8-4c7e-ac45-b585f050bda2: receive RaftClientReply:client-6F86920D2D5F->64758d78-93e8-4c7e-ac45-b585f050bda2@group-918A56EF0495, cid=24, FAILED org.apache.ratis.protocol.NotLeaderException: Server 64758d78-93e8-4c7e-ac45-b585f050bda2@group-918A56EF0495 is not the leader dcfcd112-014e-43fc-a356-31bdd3cb4a32:192.168.34.45:39948, logIndex=0, commits[64758d78-93e8-4c7e-ac45-b585f050bda2:c12, dcfcd112-014e-43fc-a356-31bdd3cb4a32:c12, f766e53e-50c1-4258-ad0c-9c8d360b84f6:c10]
2019-09-11 21:34:55,816 [java.util.concurrent.ThreadPoolExecutor$Worker@587a3968[State = -1, empty queue]] WARN  server.GrpcLogAppender (GrpcLogAppender.java:timeoutAppendRequest(200)) - dcfcd112-014e-43fc-a356-31bdd3cb4a32@group-918A56EF0495->f766e53e-50c1-4258-ad0c-9c8d360b84f6-GrpcLogAppender: appendEntries Timeout, request=dcfcd112-014e-43fc-a356-31bdd3cb4a32->f766e53e-50c1-4258-ad0c-9c8d360b84f6#51-t2, previous=(t:2, i:18), leaderCommit=12, initializing? false, entries: <empty>
2019-09-11 21:34:55,816 [java.util.concurrent.ThreadPoolExecutor$Worker@3692a2f9[State = -1, empty queue]] WARN  server.GrpcLogAppender (GrpcLogAppender.java:timeoutAppendRequest(200)) - dcfcd112-014e-43fc-a356-31bdd3cb4a32@group-918A56EF0495->64758d78-93e8-4c7e-ac45-b585f050bda2-GrpcLogAppender: appendEntries Timeout, request=dcfcd112-014e-43fc-a356-31bdd3cb4a32->64758d78-93e8-4c7e-ac45-b585f050bda2#51-t2, previous=(t:2, i:18), leaderCommit=12, initializing? false, entries: <empty>
2019-09-11 21:34:58,317 [java.util.concurrent.ThreadPoolExecutor$Worker@587a3968[State = -1, empty queue]] WARN  server.GrpcLogAppender (GrpcLogAppender.java:timeoutAppendRequest(200)) - dcfcd112-014e-43fc-a356-31bdd3cb4a32@group-918A56EF0495->f766e53e-50c1-4258-ad0c-9c8d360b84f6-GrpcLogAppender: appendEntries Timeout, request=dcfcd112-014e-43fc-a356-31bdd3cb4a32->f766e53e-50c1-4258-ad0c-9c8d360b84f6#52-t2, previous=(t:2, i:18), leaderCommit=12, initializing? false, entries: <empty>
2019-09-11 21:34:58,317 [java.util.concurrent.ThreadPoolExecutor$Worker@3692a2f9[State = -1, empty queue]] WARN  server.GrpcLogAppender (GrpcLogAppender.java:timeoutAppendRequest(200)) - dcfcd112-014e-43fc-a356-31bdd3cb4a32@group-918A56EF0495->64758d78-93e8-4c7e-ac45-b585f050bda2-GrpcLogAppender: appendEntries Timeout, request=dcfcd112-014e-43fc-a356-31bdd3cb4a32->64758d78-93e8-4c7e-ac45-b585f050bda2#52-t2, previous=(t:2, i:18), leaderCommit=12, initializing? false, entries: <empty>
2019-09-11 21:34:58,678 [grpc-default-executor-4] INFO  client.GrpcClientProtocolClient (GrpcClientProtocolClient.java:onNext(264)) - client-6F86920D2D5F->f766e53e-50c1-4258-ad0c-9c8d360b84f6: receive RaftClientReply:client-6F86920D2D5F->f766e53e-50c1-4258-ad0c-9c8d360b84f6@group-918A56EF0495, cid=24, FAILED org.apache.ratis.protocol.NotLeaderException: Server f766e53e-50c1-4258-ad0c-9c8d360b84f6@group-918A56EF0495 is not the leader dcfcd112-014e-43fc-a356-31bdd3cb4a32:192.168.34.45:39948, logIndex=0, commits[f766e53e-50c1-4258-ad0c-9c8d360b84f6:c12, dcfcd112-014e-43fc-a356-31bdd3cb4a32:c12, 64758d78-93e8-4c7e-ac45-b585f050bda2:c10]
2019-09-11 21:35:00,817 [java.util.concurrent.ThreadPoolExecutor$Worker@587a3968[State = -1, empty queue]] WARN  server.GrpcLogAppender (GrpcLogAppender.java:timeoutAppendRequest(200)) - dcfcd112-014e-43fc-a356-31bdd3cb4a32@group-918A56EF0495->f766e53e-50c1-4258-ad0c-9c8d360b84f6-GrpcLogAppender: appendEntries Timeout, request=dcfcd112-014e-43fc-a356-31bdd3cb4a32->f766e53e-50c1-4258-ad0c-9c8d360b84f6#53-t2, previous=(t:2, i:18), leaderCommit=12, initializing? false, entries: <empty>
2019-09-11 21:35:00,817 [java.util.concurrent.ThreadPoolExecutor$Worker@3692a2f9[State = -1, empty queue]] WARN  server.GrpcLogAppender (GrpcLogAppender.java:timeoutAppendRequest(200)) - dcfcd112-014e-43fc-a356-31bdd3cb4a32@group-918A56EF0495->64758d78-93e8-4c7e-ac45-b585f050bda2-GrpcLogAppender: appendEntries Timeout, request=dcfcd112-014e-43fc-a356-31bdd3cb4a32->64758d78-93e8-4c7e-ac45-b585f050bda2#53-t2, previous=(t:2, i:18), leaderCommit=12, initializing? false, entries: <empty>
2019-09-11 21:35:02,956 [dcfcd112-014e-43fc-a356-31bdd3cb4a32@group-918A56EF0495-SegmentedRaftLogWorker] WARN  segmented.SegmentedRaftLogWorker (SegmentedRaftLogWorker.java:getFromFuture(90)) - Timeout 8/~
org.apache.ratis.protocol.TimeoutIOException: Timeout 10s: WriteLog:14: (t:2, i:14), STATEMACHINELOGENTRY, client-6F86920D2D5F, cid=25-writeStateMachineData
	at org.apache.ratis.util.IOUtils.getFromFuture(IOUtils.java:87)
	at org.apache.ratis.server.raftlog.segmented.SegmentedRaftLogWorker$StateMachineDataPolicy.getFromFuture(SegmentedRaftLogWorker.java:87)
	at org.apache.ratis.server.raftlog.segmented.SegmentedRaftLogWorker$WriteLog.execute(SegmentedRaftLogWorker.java:477)
	at org.apache.ratis.server.raftlog.segmented.SegmentedRaftLogWorker.run(SegmentedRaftLogWorker.java:289)
	at java.lang.Thread.run(Thread.java:748)
Caused by: java.util.concurrent.TimeoutException
	at java.util.concurrent.CompletableFuture.timedGet(CompletableFuture.java:1771)
	at java.util.concurrent.CompletableFuture.get(CompletableFuture.java:1915)
	at org.apache.ratis.util.IOUtils.getFromFuture(IOUtils.java:79)
	... 4 more
2019-09-11 21:35:02,978 [64758d78-93e8-4c7e-ac45-b585f050bda2@group-918A56EF0495-SegmentedRaftLogWorker] WARN  segmented.SegmentedRaftLogWorker (SegmentedRaftLogWorker.java:getFromFuture(90)) - Timeout 8/~
org.apache.ratis.protocol.TimeoutIOException: Timeout 10s: WriteLog:14: (t:2, i:14), STATEMACHINELOGENTRY, client-6F86920D2D5F, cid=25-writeStateMachineData
	at org.apache.ratis.util.IOUtils.getFromFuture(IOUtils.java:87)
	at org.apache.ratis.server.raftlog.segmented.SegmentedRaftLogWorker$StateMachineDataPolicy.getFromFuture(SegmentedRaftLogWorker.java:87)
	at org.apache.ratis.server.raftlog.segmented.SegmentedRaftLogWorker$WriteLog.execute(SegmentedRaftLogWorker.java:477)
	at org.apache.ratis.server.raftlog.segmented.SegmentedRaftLogWorker.run(SegmentedRaftLogWorker.java:289)
	at java.lang.Thread.run(Thread.java:748)
Caused by: java.util.concurrent.TimeoutException
	at java.util.concurrent.CompletableFuture.timedGet(CompletableFuture.java:1771)
	at java.util.concurrent.CompletableFuture.get(CompletableFuture.java:1915)
	at org.apache.ratis.util.IOUtils.getFromFuture(IOUtils.java:79)
	... 4 more
2019-09-11 21:35:02,978 [f766e53e-50c1-4258-ad0c-9c8d360b84f6@group-918A56EF0495-SegmentedRaftLogWorker] WARN  segmented.SegmentedRaftLogWorker (SegmentedRaftLogWorker.java:getFromFuture(90)) - Timeout 8/~
org.apache.ratis.protocol.TimeoutIOException: Timeout 10s: WriteLog:14: (t:2, i:14), STATEMACHINELOGENTRY, client-6F86920D2D5F, cid=25-writeStateMachineData
	at org.apache.ratis.util.IOUtils.getFromFuture(IOUtils.java:87)
	at org.apache.ratis.server.raftlog.segmented.SegmentedRaftLogWorker$StateMachineDataPolicy.getFromFuture(SegmentedRaftLogWorker.java:87)
	at org.apache.ratis.server.raftlog.segmented.SegmentedRaftLogWorker$WriteLog.execute(SegmentedRaftLogWorker.java:477)
	at org.apache.ratis.server.raftlog.segmented.SegmentedRaftLogWorker.run(SegmentedRaftLogWorker.java:289)
	at java.lang.Thread.run(Thread.java:748)
Caused by: java.util.concurrent.TimeoutException
	at java.util.concurrent.CompletableFuture.timedGet(CompletableFuture.java:1771)
	at java.util.concurrent.CompletableFuture.get(CompletableFuture.java:1915)
	at org.apache.ratis.util.IOUtils.getFromFuture(IOUtils.java:79)
	... 4 more
2019-09-11 21:35:03,318 [java.util.concurrent.ThreadPoolExecutor$Worker@3692a2f9[State = -1, empty queue]] WARN  server.GrpcLogAppender (GrpcLogAppender.java:timeoutAppendRequest(200)) - dcfcd112-014e-43fc-a356-31bdd3cb4a32@group-918A56EF0495->64758d78-93e8-4c7e-ac45-b585f050bda2-GrpcLogAppender: appendEntries Timeout, request=dcfcd112-014e-43fc-a356-31bdd3cb4a32->64758d78-93e8-4c7e-ac45-b585f050bda2#54-t2, previous=(t:2, i:18), leaderCommit=12, initializing? false, entries: <empty>
2019-09-11 21:35:03,318 [java.util.concurrent.ThreadPoolExecutor$Worker@587a3968[State = -1, empty queue]] WARN  server.GrpcLogAppender (GrpcLogAppender.java:timeoutAppendRequest(200)) - dcfcd112-014e-43fc-a356-31bdd3cb4a32@group-918A56EF0495->f766e53e-50c1-4258-ad0c-9c8d360b84f6-GrpcLogAppender: appendEntries Timeout, request=dcfcd112-014e-43fc-a356-31bdd3cb4a32->f766e53e-50c1-4258-ad0c-9c8d360b84f6#54-t2, previous=(t:2, i:18), leaderCommit=12, initializing? false, entries: <empty>
2019-09-11 21:35:03,725 [grpc-default-executor-4] INFO  client.GrpcClientProtocolClient (GrpcClientProtocolClient.java:onNext(264)) - client-6F86920D2D5F->64758d78-93e8-4c7e-ac45-b585f050bda2: receive RaftClientReply:client-6F86920D2D5F->64758d78-93e8-4c7e-ac45-b585f050bda2@group-918A56EF0495, cid=24, FAILED org.apache.ratis.protocol.NotLeaderException: Server 64758d78-93e8-4c7e-ac45-b585f050bda2@group-918A56EF0495 is not the leader dcfcd112-014e-43fc-a356-31bdd3cb4a32:192.168.34.45:39948, logIndex=0, commits[64758d78-93e8-4c7e-ac45-b585f050bda2:c12, dcfcd112-014e-43fc-a356-31bdd3cb4a32:c12, f766e53e-50c1-4258-ad0c-9c8d360b84f6:c10]
2019-09-11 21:35:05,818 [java.util.concurrent.ThreadPoolExecutor$Worker@587a3968[State = -1, empty queue]] WARN  server.GrpcLogAppender (GrpcLogAppender.java:timeoutAppendRequest(200)) - dcfcd112-014e-43fc-a356-31bdd3cb4a32@group-918A56EF0495->f766e53e-50c1-4258-ad0c-9c8d360b84f6-GrpcLogAppender: appendEntries Timeout, request=dcfcd112-014e-43fc-a356-31bdd3cb4a32->f766e53e-50c1-4258-ad0c-9c8d360b84f6#55-t2, previous=(t:2, i:18), leaderCommit=12, initializing? false, entries: <empty>
2019-09-11 21:35:05,819 [java.util.concurrent.ThreadPoolExecutor$Worker@3692a2f9[State = -1, empty queue]] WARN  server.GrpcLogAppender (GrpcLogAppender.java:timeoutAppendRequest(200)) - dcfcd112-014e-43fc-a356-31bdd3cb4a32@group-918A56EF0495->64758d78-93e8-4c7e-ac45-b585f050bda2-GrpcLogAppender: appendEntries Timeout, request=dcfcd112-014e-43fc-a356-31bdd3cb4a32->64758d78-93e8-4c7e-ac45-b585f050bda2#55-t2, previous=(t:2, i:18), leaderCommit=12, initializing? false, entries: <empty>
2019-09-11 21:35:08,319 [java.util.concurrent.ThreadPoolExecutor$Worker@3692a2f9[State = -1, empty queue]] WARN  server.GrpcLogAppender (GrpcLogAppender.java:timeoutAppendRequest(200)) - dcfcd112-014e-43fc-a356-31bdd3cb4a32@group-918A56EF0495->64758d78-93e8-4c7e-ac45-b585f050bda2-GrpcLogAppender: appendEntries Timeout, request=dcfcd112-014e-43fc-a356-31bdd3cb4a32->64758d78-93e8-4c7e-ac45-b585f050bda2#56-t2, previous=(t:2, i:18), leaderCommit=12, initializing? false, entries: <empty>
2019-09-11 21:35:08,319 [java.util.concurrent.ThreadPoolExecutor$Worker@587a3968[State = -1, empty queue]] WARN  server.GrpcLogAppender (GrpcLogAppender.java:timeoutAppendRequest(200)) - dcfcd112-014e-43fc-a356-31bdd3cb4a32@group-918A56EF0495->f766e53e-50c1-4258-ad0c-9c8d360b84f6-GrpcLogAppender: appendEntries Timeout, request=dcfcd112-014e-43fc-a356-31bdd3cb4a32->f766e53e-50c1-4258-ad0c-9c8d360b84f6#56-t2, previous=(t:2, i:18), leaderCommit=12, initializing? false, entries: <empty>
2019-09-11 21:35:08,797 [grpc-default-executor-1] INFO  client.GrpcClientProtocolClient (GrpcClientProtocolClient.java:onNext(264)) - client-6F86920D2D5F->64758d78-93e8-4c7e-ac45-b585f050bda2: receive RaftClientReply:client-6F86920D2D5F->64758d78-93e8-4c7e-ac45-b585f050bda2@group-918A56EF0495, cid=24, FAILED org.apache.ratis.protocol.NotLeaderException: Server 64758d78-93e8-4c7e-ac45-b585f050bda2@group-918A56EF0495 is not the leader dcfcd112-014e-43fc-a356-31bdd3cb4a32:192.168.34.45:39948, logIndex=0, commits[64758d78-93e8-4c7e-ac45-b585f050bda2:c12, dcfcd112-014e-43fc-a356-31bdd3cb4a32:c12, f766e53e-50c1-4258-ad0c-9c8d360b84f6:c10]
2019-09-11 21:35:10,820 [java.util.concurrent.ThreadPoolExecutor$Worker@587a3968[State = -1, empty queue]] WARN  server.GrpcLogAppender (GrpcLogAppender.java:timeoutAppendRequest(200)) - dcfcd112-014e-43fc-a356-31bdd3cb4a32@group-918A56EF0495->f766e53e-50c1-4258-ad0c-9c8d360b84f6-GrpcLogAppender: appendEntries Timeout, request=dcfcd112-014e-43fc-a356-31bdd3cb4a32->f766e53e-50c1-4258-ad0c-9c8d360b84f6#57-t2, previous=(t:2, i:18), leaderCommit=12, initializing? false, entries: <empty>
2019-09-11 21:35:10,820 [java.util.concurrent.ThreadPoolExecutor$Worker@3692a2f9[State = -1, empty queue]] WARN  server.GrpcLogAppender (GrpcLogAppender.java:timeoutAppendRequest(200)) - dcfcd112-014e-43fc-a356-31bdd3cb4a32@group-918A56EF0495->64758d78-93e8-4c7e-ac45-b585f050bda2-GrpcLogAppender: appendEntries Timeout, request=dcfcd112-014e-43fc-a356-31bdd3cb4a32->64758d78-93e8-4c7e-ac45-b585f050bda2#57-t2, previous=(t:2, i:18), leaderCommit=12, initializing? false, entries: <empty>
2019-09-11 21:35:12,957 [dcfcd112-014e-43fc-a356-31bdd3cb4a32@group-918A56EF0495-SegmentedRaftLogWorker] WARN  segmented.SegmentedRaftLogWorker (SegmentedRaftLogWorker.java:getFromFuture(90)) - Timeout 9/~
org.apache.ratis.protocol.TimeoutIOException: Timeout 10s: WriteLog:14: (t:2, i:14), STATEMACHINELOGENTRY, client-6F86920D2D5F, cid=25-writeStateMachineData
	at org.apache.ratis.util.IOUtils.getFromFuture(IOUtils.java:87)
	at org.apache.ratis.server.raftlog.segmented.SegmentedRaftLogWorker$StateMachineDataPolicy.getFromFuture(SegmentedRaftLogWorker.java:87)
	at org.apache.ratis.server.raftlog.segmented.SegmentedRaftLogWorker$WriteLog.execute(SegmentedRaftLogWorker.java:477)
	at org.apache.ratis.server.raftlog.segmented.SegmentedRaftLogWorker.run(SegmentedRaftLogWorker.java:289)
	at java.lang.Thread.run(Thread.java:748)
Caused by: java.util.concurrent.TimeoutException
	at java.util.concurrent.CompletableFuture.timedGet(CompletableFuture.java:1771)
	at java.util.concurrent.CompletableFuture.get(CompletableFuture.java:1915)
	at org.apache.ratis.util.IOUtils.getFromFuture(IOUtils.java:79)
	... 4 more
2019-09-11 21:35:12,978 [64758d78-93e8-4c7e-ac45-b585f050bda2@group-918A56EF0495-SegmentedRaftLogWorker] WARN  segmented.SegmentedRaftLogWorker (SegmentedRaftLogWorker.java:getFromFuture(90)) - Timeout 9/~
org.apache.ratis.protocol.TimeoutIOException: Timeout 10s: WriteLog:14: (t:2, i:14), STATEMACHINELOGENTRY, client-6F86920D2D5F, cid=25-writeStateMachineData
	at org.apache.ratis.util.IOUtils.getFromFuture(IOUtils.java:87)
	at org.apache.ratis.server.raftlog.segmented.SegmentedRaftLogWorker$StateMachineDataPolicy.getFromFuture(SegmentedRaftLogWorker.java:87)
	at org.apache.ratis.server.raftlog.segmented.SegmentedRaftLogWorker$WriteLog.execute(SegmentedRaftLogWorker.java:477)
	at org.apache.ratis.server.raftlog.segmented.SegmentedRaftLogWorker.run(SegmentedRaftLogWorker.java:289)
	at java.lang.Thread.run(Thread.java:748)
Caused by: java.util.concurrent.TimeoutException
	at java.util.concurrent.CompletableFuture.timedGet(CompletableFuture.java:1771)
	at java.util.concurrent.CompletableFuture.get(CompletableFuture.java:1915)
	at org.apache.ratis.util.IOUtils.getFromFuture(IOUtils.java:79)
	... 4 more
2019-09-11 21:35:12,979 [f766e53e-50c1-4258-ad0c-9c8d360b84f6@group-918A56EF0495-SegmentedRaftLogWorker] WARN  segmented.SegmentedRaftLogWorker (SegmentedRaftLogWorker.java:getFromFuture(90)) - Timeout 9/~
org.apache.ratis.protocol.TimeoutIOException: Timeout 10s: WriteLog:14: (t:2, i:14), STATEMACHINELOGENTRY, client-6F86920D2D5F, cid=25-writeStateMachineData
	at org.apache.ratis.util.IOUtils.getFromFuture(IOUtils.java:87)
	at org.apache.ratis.server.raftlog.segmented.SegmentedRaftLogWorker$StateMachineDataPolicy.getFromFuture(SegmentedRaftLogWorker.java:87)
	at org.apache.ratis.server.raftlog.segmented.SegmentedRaftLogWorker$WriteLog.execute(SegmentedRaftLogWorker.java:477)
	at org.apache.ratis.server.raftlog.segmented.SegmentedRaftLogWorker.run(SegmentedRaftLogWorker.java:289)
	at java.lang.Thread.run(Thread.java:748)
Caused by: java.util.concurrent.TimeoutException
	at java.util.concurrent.CompletableFuture.timedGet(CompletableFuture.java:1771)
	at java.util.concurrent.CompletableFuture.get(CompletableFuture.java:1915)
	at org.apache.ratis.util.IOUtils.getFromFuture(IOUtils.java:79)
	... 4 more
2019-09-11 21:35:13,320 [java.util.concurrent.ThreadPoolExecutor$Worker@587a3968[State = -1, empty queue]] WARN  server.GrpcLogAppender (GrpcLogAppender.java:timeoutAppendRequest(200)) - dcfcd112-014e-43fc-a356-31bdd3cb4a32@group-918A56EF0495->f766e53e-50c1-4258-ad0c-9c8d360b84f6-GrpcLogAppender: appendEntries Timeout, request=dcfcd112-014e-43fc-a356-31bdd3cb4a32->f766e53e-50c1-4258-ad0c-9c8d360b84f6#58-t2, previous=(t:2, i:18), leaderCommit=12, initializing? false, entries: <empty>
2019-09-11 21:35:13,320 [java.util.concurrent.ThreadPoolExecutor$Worker@3692a2f9[State = -1, empty queue]] WARN  server.GrpcLogAppender (GrpcLogAppender.java:timeoutAppendRequest(200)) - dcfcd112-014e-43fc-a356-31bdd3cb4a32@group-918A56EF0495->64758d78-93e8-4c7e-ac45-b585f050bda2-GrpcLogAppender: appendEntries Timeout, request=dcfcd112-014e-43fc-a356-31bdd3cb4a32->64758d78-93e8-4c7e-ac45-b585f050bda2#58-t2, previous=(t:2, i:18), leaderCommit=12, initializing? false, entries: <empty>
2019-09-11 21:35:13,850 [grpc-default-executor-4] INFO  client.GrpcClientProtocolClient (GrpcClientProtocolClient.java:onNext(264)) - client-6F86920D2D5F->f766e53e-50c1-4258-ad0c-9c8d360b84f6: receive RaftClientReply:client-6F86920D2D5F->f766e53e-50c1-4258-ad0c-9c8d360b84f6@group-918A56EF0495, cid=24, FAILED org.apache.ratis.protocol.NotLeaderException: Server f766e53e-50c1-4258-ad0c-9c8d360b84f6@group-918A56EF0495 is not the leader dcfcd112-014e-43fc-a356-31bdd3cb4a32:192.168.34.45:39948, logIndex=0, commits[f766e53e-50c1-4258-ad0c-9c8d360b84f6:c12, dcfcd112-014e-43fc-a356-31bdd3cb4a32:c12, 64758d78-93e8-4c7e-ac45-b585f050bda2:c10]
2019-09-11 21:35:15,824 [java.util.concurrent.ThreadPoolExecutor$Worker@3692a2f9[State = -1, empty queue]] WARN  server.GrpcLogAppender (GrpcLogAppender.java:timeoutAppendRequest(200)) - dcfcd112-014e-43fc-a356-31bdd3cb4a32@group-918A56EF0495->64758d78-93e8-4c7e-ac45-b585f050bda2-GrpcLogAppender: appendEntries Timeout, request=dcfcd112-014e-43fc-a356-31bdd3cb4a32->64758d78-93e8-4c7e-ac45-b585f050bda2#59-t2, previous=(t:2, i:18), leaderCommit=12, initializing? false, entries: <empty>
2019-09-11 21:35:15,824 [java.util.concurrent.ThreadPoolExecutor$Worker@587a3968[State = -1, empty queue]] WARN  server.GrpcLogAppender (GrpcLogAppender.java:timeoutAppendRequest(200)) - dcfcd112-014e-43fc-a356-31bdd3cb4a32@group-918A56EF0495->f766e53e-50c1-4258-ad0c-9c8d360b84f6-GrpcLogAppender: appendEntries Timeout, request=dcfcd112-014e-43fc-a356-31bdd3cb4a32->f766e53e-50c1-4258-ad0c-9c8d360b84f6#59-t2, previous=(t:2, i:18), leaderCommit=12, initializing? false, entries: <empty>
2019-09-11 21:35:18,325 [java.util.concurrent.ThreadPoolExecutor$Worker@3692a2f9[State = -1, empty queue]] WARN  server.GrpcLogAppender (GrpcLogAppender.java:timeoutAppendRequest(200)) - dcfcd112-014e-43fc-a356-31bdd3cb4a32@group-918A56EF0495->64758d78-93e8-4c7e-ac45-b585f050bda2-GrpcLogAppender: appendEntries Timeout, request=dcfcd112-014e-43fc-a356-31bdd3cb4a32->64758d78-93e8-4c7e-ac45-b585f050bda2#60-t2, previous=(t:2, i:18), leaderCommit=12, initializing? false, entries: <empty>
2019-09-11 21:35:18,325 [java.util.concurrent.ThreadPoolExecutor$Worker@587a3968[State = -1, empty queue]] WARN  server.GrpcLogAppender (GrpcLogAppender.java:timeoutAppendRequest(200)) - dcfcd112-014e-43fc-a356-31bdd3cb4a32@group-918A56EF0495->f766e53e-50c1-4258-ad0c-9c8d360b84f6-GrpcLogAppender: appendEntries Timeout, request=dcfcd112-014e-43fc-a356-31bdd3cb4a32->f766e53e-50c1-4258-ad0c-9c8d360b84f6#60-t2, previous=(t:2, i:18), leaderCommit=12, initializing? false, entries: <empty>
2019-09-11 21:35:18,885 [grpc-default-executor-6] INFO  client.GrpcClientProtocolClient (GrpcClientProtocolClient.java:onNext(264)) - client-6F86920D2D5F->f766e53e-50c1-4258-ad0c-9c8d360b84f6: receive RaftClientReply:client-6F86920D2D5F->f766e53e-50c1-4258-ad0c-9c8d360b84f6@group-918A56EF0495, cid=24, FAILED org.apache.ratis.protocol.NotLeaderException: Server f766e53e-50c1-4258-ad0c-9c8d360b84f6@group-918A56EF0495 is not the leader dcfcd112-014e-43fc-a356-31bdd3cb4a32:192.168.34.45:39948, logIndex=0, commits[f766e53e-50c1-4258-ad0c-9c8d360b84f6:c12, dcfcd112-014e-43fc-a356-31bdd3cb4a32:c12, 64758d78-93e8-4c7e-ac45-b585f050bda2:c10]
2019-09-11 21:35:20,825 [java.util.concurrent.ThreadPoolExecutor$Worker@3692a2f9[State = -1, empty queue]] WARN  server.GrpcLogAppender (GrpcLogAppender.java:timeoutAppendRequest(200)) - dcfcd112-014e-43fc-a356-31bdd3cb4a32@group-918A56EF0495->64758d78-93e8-4c7e-ac45-b585f050bda2-GrpcLogAppender: appendEntries Timeout, request=dcfcd112-014e-43fc-a356-31bdd3cb4a32->64758d78-93e8-4c7e-ac45-b585f050bda2#61-t2, previous=(t:2, i:18), leaderCommit=12, initializing? false, entries: <empty>
2019-09-11 21:35:20,825 [java.util.concurrent.ThreadPoolExecutor$Worker@587a3968[State = -1, empty queue]] WARN  server.GrpcLogAppender (GrpcLogAppender.java:timeoutAppendRequest(200)) - dcfcd112-014e-43fc-a356-31bdd3cb4a32@group-918A56EF0495->f766e53e-50c1-4258-ad0c-9c8d360b84f6-GrpcLogAppender: appendEntries Timeout, request=dcfcd112-014e-43fc-a356-31bdd3cb4a32->f766e53e-50c1-4258-ad0c-9c8d360b84f6#61-t2, previous=(t:2, i:18), leaderCommit=12, initializing? false, entries: <empty>
2019-09-11 21:35:22,958 [dcfcd112-014e-43fc-a356-31bdd3cb4a32@group-918A56EF0495-SegmentedRaftLogWorker] WARN  segmented.SegmentedRaftLogWorker (SegmentedRaftLogWorker.java:getFromFuture(90)) - Timeout 10/~
org.apache.ratis.protocol.TimeoutIOException: Timeout 10s: WriteLog:14: (t:2, i:14), STATEMACHINELOGENTRY, client-6F86920D2D5F, cid=25-writeStateMachineData
	at org.apache.ratis.util.IOUtils.getFromFuture(IOUtils.java:87)
	at org.apache.ratis.server.raftlog.segmented.SegmentedRaftLogWorker$StateMachineDataPolicy.getFromFuture(SegmentedRaftLogWorker.java:87)
	at org.apache.ratis.server.raftlog.segmented.SegmentedRaftLogWorker$WriteLog.execute(SegmentedRaftLogWorker.java:477)
	at org.apache.ratis.server.raftlog.segmented.SegmentedRaftLogWorker.run(SegmentedRaftLogWorker.java:289)
	at java.lang.Thread.run(Thread.java:748)
Caused by: java.util.concurrent.TimeoutException
	at java.util.concurrent.CompletableFuture.timedGet(CompletableFuture.java:1771)
	at java.util.concurrent.CompletableFuture.get(CompletableFuture.java:1915)
	at org.apache.ratis.util.IOUtils.getFromFuture(IOUtils.java:79)
	... 4 more
2019-09-11 21:35:22,979 [64758d78-93e8-4c7e-ac45-b585f050bda2@group-918A56EF0495-SegmentedRaftLogWorker] WARN  segmented.SegmentedRaftLogWorker (SegmentedRaftLogWorker.java:getFromFuture(90)) - Timeout 10/~
org.apache.ratis.protocol.TimeoutIOException: Timeout 10s: WriteLog:14: (t:2, i:14), STATEMACHINELOGENTRY, client-6F86920D2D5F, cid=25-writeStateMachineData
	at org.apache.ratis.util.IOUtils.getFromFuture(IOUtils.java:87)
	at org.apache.ratis.server.raftlog.segmented.SegmentedRaftLogWorker$StateMachineDataPolicy.getFromFuture(SegmentedRaftLogWorker.java:87)
	at org.apache.ratis.server.raftlog.segmented.SegmentedRaftLogWorker$WriteLog.execute(SegmentedRaftLogWorker.java:477)
	at org.apache.ratis.server.raftlog.segmented.SegmentedRaftLogWorker.run(SegmentedRaftLogWorker.java:289)
	at java.lang.Thread.run(Thread.java:748)
Caused by: java.util.concurrent.TimeoutException
	at java.util.concurrent.CompletableFuture.timedGet(CompletableFuture.java:1771)
	at java.util.concurrent.CompletableFuture.get(CompletableFuture.java:1915)
	at org.apache.ratis.util.IOUtils.getFromFuture(IOUtils.java:79)
	... 4 more
2019-09-11 21:35:22,982 [f766e53e-50c1-4258-ad0c-9c8d360b84f6@group-918A56EF0495-SegmentedRaftLogWorker] WARN  segmented.SegmentedRaftLogWorker (SegmentedRaftLogWorker.java:getFromFuture(90)) - Timeout 10/~
org.apache.ratis.protocol.TimeoutIOException: Timeout 10s: WriteLog:14: (t:2, i:14), STATEMACHINELOGENTRY, client-6F86920D2D5F, cid=25-writeStateMachineData
	at org.apache.ratis.util.IOUtils.getFromFuture(IOUtils.java:87)
	at org.apache.ratis.server.raftlog.segmented.SegmentedRaftLogWorker$StateMachineDataPolicy.getFromFuture(SegmentedRaftLogWorker.java:87)
	at org.apache.ratis.server.raftlog.segmented.SegmentedRaftLogWorker$WriteLog.execute(SegmentedRaftLogWorker.java:477)
	at org.apache.ratis.server.raftlog.segmented.SegmentedRaftLogWorker.run(SegmentedRaftLogWorker.java:289)
	at java.lang.Thread.run(Thread.java:748)
Caused by: java.util.concurrent.TimeoutException
	at java.util.concurrent.CompletableFuture.timedGet(CompletableFuture.java:1771)
	at java.util.concurrent.CompletableFuture.get(CompletableFuture.java:1915)
	at org.apache.ratis.util.IOUtils.getFromFuture(IOUtils.java:79)
	... 4 more
2019-09-11 21:35:23,326 [java.util.concurrent.ThreadPoolExecutor$Worker@3692a2f9[State = -1, empty queue]] WARN  server.GrpcLogAppender (GrpcLogAppender.java:timeoutAppendRequest(200)) - dcfcd112-014e-43fc-a356-31bdd3cb4a32@group-918A56EF0495->64758d78-93e8-4c7e-ac45-b585f050bda2-GrpcLogAppender: appendEntries Timeout, request=dcfcd112-014e-43fc-a356-31bdd3cb4a32->64758d78-93e8-4c7e-ac45-b585f050bda2#62-t2, previous=(t:2, i:18), leaderCommit=12, initializing? false, entries: <empty>
2019-09-11 21:35:23,326 [java.util.concurrent.ThreadPoolExecutor$Worker@587a3968[State = -1, empty queue]] WARN  server.GrpcLogAppender (GrpcLogAppender.java:timeoutAppendRequest(200)) - dcfcd112-014e-43fc-a356-31bdd3cb4a32@group-918A56EF0495->f766e53e-50c1-4258-ad0c-9c8d360b84f6-GrpcLogAppender: appendEntries Timeout, request=dcfcd112-014e-43fc-a356-31bdd3cb4a32->f766e53e-50c1-4258-ad0c-9c8d360b84f6#62-t2, previous=(t:2, i:18), leaderCommit=12, initializing? false, entries: <empty>
2019-09-11 21:35:23,928 [grpc-default-executor-6] INFO  client.GrpcClientProtocolClient (GrpcClientProtocolClient.java:onNext(264)) - client-6F86920D2D5F->64758d78-93e8-4c7e-ac45-b585f050bda2: receive RaftClientReply:client-6F86920D2D5F->64758d78-93e8-4c7e-ac45-b585f050bda2@group-918A56EF0495, cid=24, FAILED org.apache.ratis.protocol.NotLeaderException: Server 64758d78-93e8-4c7e-ac45-b585f050bda2@group-918A56EF0495 is not the leader dcfcd112-014e-43fc-a356-31bdd3cb4a32:192.168.34.45:39948, logIndex=0, commits[64758d78-93e8-4c7e-ac45-b585f050bda2:c12, dcfcd112-014e-43fc-a356-31bdd3cb4a32:c12, f766e53e-50c1-4258-ad0c-9c8d360b84f6:c10]
2019-09-11 21:35:25,826 [java.util.concurrent.ThreadPoolExecutor$Worker@3692a2f9[State = -1, empty queue]] WARN  server.GrpcLogAppender (GrpcLogAppender.java:timeoutAppendRequest(200)) - dcfcd112-014e-43fc-a356-31bdd3cb4a32@group-918A56EF0495->64758d78-93e8-4c7e-ac45-b585f050bda2-GrpcLogAppender: appendEntries Timeout, request=dcfcd112-014e-43fc-a356-31bdd3cb4a32->64758d78-93e8-4c7e-ac45-b585f050bda2#63-t2, previous=(t:2, i:18), leaderCommit=12, initializing? false, entries: <empty>
2019-09-11 21:35:25,826 [java.util.concurrent.ThreadPoolExecutor$Worker@587a3968[State = -1, empty queue]] WARN  server.GrpcLogAppender (GrpcLogAppender.java:timeoutAppendRequest(200)) - dcfcd112-014e-43fc-a356-31bdd3cb4a32@group-918A56EF0495->f766e53e-50c1-4258-ad0c-9c8d360b84f6-GrpcLogAppender: appendEntries Timeout, request=dcfcd112-014e-43fc-a356-31bdd3cb4a32->f766e53e-50c1-4258-ad0c-9c8d360b84f6#63-t2, previous=(t:2, i:18), leaderCommit=12, initializing? false, entries: <empty>
2019-09-11 21:35:28,327 [java.util.concurrent.ThreadPoolExecutor$Worker@3692a2f9[State = -1, empty queue]] WARN  server.GrpcLogAppender (GrpcLogAppender.java:timeoutAppendRequest(200)) - dcfcd112-014e-43fc-a356-31bdd3cb4a32@group-918A56EF0495->64758d78-93e8-4c7e-ac45-b585f050bda2-GrpcLogAppender: appendEntries Timeout, request=dcfcd112-014e-43fc-a356-31bdd3cb4a32->64758d78-93e8-4c7e-ac45-b585f050bda2#64-t2, previous=(t:2, i:18), leaderCommit=12, initializing? false, entries: <empty>
2019-09-11 21:35:28,327 [java.util.concurrent.ThreadPoolExecutor$Worker@587a3968[State = -1, empty queue]] WARN  server.GrpcLogAppender (GrpcLogAppender.java:timeoutAppendRequest(200)) - dcfcd112-014e-43fc-a356-31bdd3cb4a32@group-918A56EF0495->f766e53e-50c1-4258-ad0c-9c8d360b84f6-GrpcLogAppender: appendEntries Timeout, request=dcfcd112-014e-43fc-a356-31bdd3cb4a32->f766e53e-50c1-4258-ad0c-9c8d360b84f6#64-t2, previous=(t:2, i:18), leaderCommit=12, initializing? false, entries: <empty>
2019-09-11 21:35:28,969 [grpc-default-executor-4] INFO  client.GrpcClientProtocolClient (GrpcClientProtocolClient.java:onNext(264)) - client-6F86920D2D5F->f766e53e-50c1-4258-ad0c-9c8d360b84f6: receive RaftClientReply:client-6F86920D2D5F->f766e53e-50c1-4258-ad0c-9c8d360b84f6@group-918A56EF0495, cid=24, FAILED org.apache.ratis.protocol.NotLeaderException: Server f766e53e-50c1-4258-ad0c-9c8d360b84f6@group-918A56EF0495 is not the leader dcfcd112-014e-43fc-a356-31bdd3cb4a32:192.168.34.45:39948, logIndex=0, commits[f766e53e-50c1-4258-ad0c-9c8d360b84f6:c12, dcfcd112-014e-43fc-a356-31bdd3cb4a32:c12, 64758d78-93e8-4c7e-ac45-b585f050bda2:c10]
2019-09-11 21:35:30,827 [java.util.concurrent.ThreadPoolExecutor$Worker@3692a2f9[State = -1, empty queue]] WARN  server.GrpcLogAppender (GrpcLogAppender.java:timeoutAppendRequest(200)) - dcfcd112-014e-43fc-a356-31bdd3cb4a32@group-918A56EF0495->64758d78-93e8-4c7e-ac45-b585f050bda2-GrpcLogAppender: appendEntries Timeout, request=dcfcd112-014e-43fc-a356-31bdd3cb4a32->64758d78-93e8-4c7e-ac45-b585f050bda2#65-t2, previous=(t:2, i:18), leaderCommit=12, initializing? false, entries: <empty>
2019-09-11 21:35:30,827 [java.util.concurrent.ThreadPoolExecutor$Worker@587a3968[State = -1, empty queue]] WARN  server.GrpcLogAppender (GrpcLogAppender.java:timeoutAppendRequest(200)) - dcfcd112-014e-43fc-a356-31bdd3cb4a32@group-918A56EF0495->f766e53e-50c1-4258-ad0c-9c8d360b84f6-GrpcLogAppender: appendEntries Timeout, request=dcfcd112-014e-43fc-a356-31bdd3cb4a32->f766e53e-50c1-4258-ad0c-9c8d360b84f6#65-t2, previous=(t:2, i:18), leaderCommit=12, initializing? false, entries: <empty>
2019-09-11 21:35:32,886 [org.apache.ratis.server.impl.LogAppender$AppenderDaemon$$Lambda$508/1744287559@a303446] ERROR ratis.XceiverServerRatis (XceiverServerRatis.java:triggerPipelineClose(568)) - pipeline Action CLOSE  on pipeline PipelineID=2ead2db8-3de7-4f6a-bd2b-918a56ef0495.Reason : dcfcd112-014e-43fc-a356-31bdd3cb4a32 has not seen follower/s 64758d78-93e8-4c7e-ac45-b585f050bda2 for 120343ms f766e53e-50c1-4258-ad0c-9c8d360b84f6 for 120347ms
2019-09-11 21:35:32,886 [org.apache.ratis.server.impl.LogAppender$AppenderDaemon$$Lambda$508/1744287559@19acc2dc] ERROR ratis.XceiverServerRatis (XceiverServerRatis.java:triggerPipelineClose(568)) - pipeline Action CLOSE  on pipeline PipelineID=2ead2db8-3de7-4f6a-bd2b-918a56ef0495.Reason : dcfcd112-014e-43fc-a356-31bdd3cb4a32 has not seen follower/s 64758d78-93e8-4c7e-ac45-b585f050bda2 for 120343ms f766e53e-50c1-4258-ad0c-9c8d360b84f6 for 120347ms
2019-09-11 21:35:32,960 [dcfcd112-014e-43fc-a356-31bdd3cb4a32@group-918A56EF0495-SegmentedRaftLogWorker] WARN  segmented.SegmentedRaftLogWorker (SegmentedRaftLogWorker.java:getFromFuture(90)) - Timeout 11/~
org.apache.ratis.protocol.TimeoutIOException: Timeout 10s: WriteLog:14: (t:2, i:14), STATEMACHINELOGENTRY, client-6F86920D2D5F, cid=25-writeStateMachineData
	at org.apache.ratis.util.IOUtils.getFromFuture(IOUtils.java:87)
	at org.apache.ratis.server.raftlog.segmented.SegmentedRaftLogWorker$StateMachineDataPolicy.getFromFuture(SegmentedRaftLogWorker.java:87)
	at org.apache.ratis.server.raftlog.segmented.SegmentedRaftLogWorker$WriteLog.execute(SegmentedRaftLogWorker.java:477)
	at org.apache.ratis.server.raftlog.segmented.SegmentedRaftLogWorker.run(SegmentedRaftLogWorker.java:289)
	at java.lang.Thread.run(Thread.java:748)
Caused by: java.util.concurrent.TimeoutException
	at java.util.concurrent.CompletableFuture.timedGet(CompletableFuture.java:1771)
	at java.util.concurrent.CompletableFuture.get(CompletableFuture.java:1915)
	at org.apache.ratis.util.IOUtils.getFromFuture(IOUtils.java:79)
	... 4 more
2019-09-11 21:35:32,963 [EventQueue-PipelineActionsForPipelineActionHandler] ERROR pipeline.PipelineActionHandler (PipelineActionHandler.java:onMessage(60)) - Received pipeline action CLOSE for Pipeline[ Id: 2ead2db8-3de7-4f6a-bd2b-918a56ef0495, Nodes: 64758d78-93e8-4c7e-ac45-b585f050bda2{ip: 192.168.34.45, host: pr-hdds-2106-g2ln6-2689029927, networkLocation: /default-rack, certSerialId: null}f766e53e-50c1-4258-ad0c-9c8d360b84f6{ip: 192.168.34.45, host: pr-hdds-2106-g2ln6-2689029927, networkLocation: /default-rack, certSerialId: null}dcfcd112-014e-43fc-a356-31bdd3cb4a32{ip: 192.168.34.45, host: pr-hdds-2106-g2ln6-2689029927, networkLocation: /default-rack, certSerialId: null}, Type:RATIS, Factor:THREE, State:OPEN] from datanode dcfcd112-014e-43fc-a356-31bdd3cb4a32{ip: 192.168.34.45, host: pr-hdds-2106-g2ln6-2689029927, networkLocation: /default-rack, certSerialId: null}. Reason : dcfcd112-014e-43fc-a356-31bdd3cb4a32 has not seen follower/s 64758d78-93e8-4c7e-ac45-b585f050bda2 for 120343ms f766e53e-50c1-4258-ad0c-9c8d360b84f6 for 120347ms
2019-09-11 21:35:32,963 [EventQueue-PipelineActionsForPipelineActionHandler] INFO  pipeline.SCMPipelineManager (SCMPipelineManager.java:finalizeAndDestroyPipeline(311)) - destroying pipeline:Pipeline[ Id: 2ead2db8-3de7-4f6a-bd2b-918a56ef0495, Nodes: 64758d78-93e8-4c7e-ac45-b585f050bda2{ip: 192.168.34.45, host: pr-hdds-2106-g2ln6-2689029927, networkLocation: /default-rack, certSerialId: null}f766e53e-50c1-4258-ad0c-9c8d360b84f6{ip: 192.168.34.45, host: pr-hdds-2106-g2ln6-2689029927, networkLocation: /default-rack, certSerialId: null}dcfcd112-014e-43fc-a356-31bdd3cb4a32{ip: 192.168.34.45, host: pr-hdds-2106-g2ln6-2689029927, networkLocation: /default-rack, certSerialId: null}, Type:RATIS, Factor:THREE, State:OPEN]
2019-09-11 21:35:32,965 [EventQueue-PipelineActionsForPipelineActionHandler] INFO  pipeline.PipelineStateManager (PipelineStateManager.java:finalizePipeline(123)) - Pipeline Pipeline[ Id: 2ead2db8-3de7-4f6a-bd2b-918a56ef0495, Nodes: 64758d78-93e8-4c7e-ac45-b585f050bda2{ip: 192.168.34.45, host: pr-hdds-2106-g2ln6-2689029927, networkLocation: /default-rack, certSerialId: null}f766e53e-50c1-4258-ad0c-9c8d360b84f6{ip: 192.168.34.45, host: pr-hdds-2106-g2ln6-2689029927, networkLocation: /default-rack, certSerialId: null}dcfcd112-014e-43fc-a356-31bdd3cb4a32{ip: 192.168.34.45, host: pr-hdds-2106-g2ln6-2689029927, networkLocation: /default-rack, certSerialId: null}, Type:RATIS, Factor:THREE, State:CLOSED] moved to CLOSED state
2019-09-11 21:35:32,968 [EventQueue-CloseContainerForCloseContainerEventHandler] INFO  container.CloseContainerEventHandler (CloseContainerEventHandler.java:onMessage(61)) - Close container Event triggered for container : #1
2019-09-11 21:35:32,975 [EventQueue-CloseContainerForCloseContainerEventHandler] INFO  container.CloseContainerEventHandler (CloseContainerEventHandler.java:onMessage(61)) - Close container Event triggered for container : #3
2019-09-11 21:35:32,975 [EventQueue-CloseContainerForCloseContainerEventHandler] INFO  container.CloseContainerEventHandler (CloseContainerEventHandler.java:onMessage(61)) - Close container Event triggered for container : #4
2019-09-11 21:35:32,980 [64758d78-93e8-4c7e-ac45-b585f050bda2@group-918A56EF0495-SegmentedRaftLogWorker] WARN  segmented.SegmentedRaftLogWorker (SegmentedRaftLogWorker.java:getFromFuture(90)) - Timeout 11/~
org.apache.ratis.protocol.TimeoutIOException: Timeout 10s: WriteLog:14: (t:2, i:14), STATEMACHINELOGENTRY, client-6F86920D2D5F, cid=25-writeStateMachineData
	at org.apache.ratis.util.IOUtils.getFromFuture(IOUtils.java:87)
	at org.apache.ratis.server.raftlog.segmented.SegmentedRaftLogWorker$StateMachineDataPolicy.getFromFuture(SegmentedRaftLogWorker.java:87)
	at org.apache.ratis.server.raftlog.segmented.SegmentedRaftLogWorker$WriteLog.execute(SegmentedRaftLogWorker.java:477)
	at org.apache.ratis.server.raftlog.segmented.SegmentedRaftLogWorker.run(SegmentedRaftLogWorker.java:289)
	at java.lang.Thread.run(Thread.java:748)
Caused by: java.util.concurrent.TimeoutException
	at java.util.concurrent.CompletableFuture.timedGet(CompletableFuture.java:1771)
	at java.util.concurrent.CompletableFuture.get(CompletableFuture.java:1915)
	at org.apache.ratis.util.IOUtils.getFromFuture(IOUtils.java:79)
	... 4 more
2019-09-11 21:35:32,988 [f766e53e-50c1-4258-ad0c-9c8d360b84f6@group-918A56EF0495-SegmentedRaftLogWorker] WARN  segmented.SegmentedRaftLogWorker (SegmentedRaftLogWorker.java:getFromFuture(90)) - Timeout 11/~
org.apache.ratis.protocol.TimeoutIOException: Timeout 10s: WriteLog:14: (t:2, i:14), STATEMACHINELOGENTRY, client-6F86920D2D5F, cid=25-writeStateMachineData
	at org.apache.ratis.util.IOUtils.getFromFuture(IOUtils.java:87)
	at org.apache.ratis.server.raftlog.segmented.SegmentedRaftLogWorker$StateMachineDataPolicy.getFromFuture(SegmentedRaftLogWorker.java:87)
	at org.apache.ratis.server.raftlog.segmented.SegmentedRaftLogWorker$WriteLog.execute(SegmentedRaftLogWorker.java:477)
	at org.apache.ratis.server.raftlog.segmented.SegmentedRaftLogWorker.run(SegmentedRaftLogWorker.java:289)
	at java.lang.Thread.run(Thread.java:748)
Caused by: java.util.concurrent.TimeoutException
	at java.util.concurrent.CompletableFuture.timedGet(CompletableFuture.java:1771)
	at java.util.concurrent.CompletableFuture.get(CompletableFuture.java:1915)
	at org.apache.ratis.util.IOUtils.getFromFuture(IOUtils.java:79)
	... 4 more
2019-09-11 21:35:33,328 [java.util.concurrent.ThreadPoolExecutor$Worker@587a3968[State = -1, empty queue]] WARN  server.GrpcLogAppender (GrpcLogAppender.java:timeoutAppendRequest(200)) - dcfcd112-014e-43fc-a356-31bdd3cb4a32@group-918A56EF0495->f766e53e-50c1-4258-ad0c-9c8d360b84f6-GrpcLogAppender: appendEntries Timeout, request=dcfcd112-014e-43fc-a356-31bdd3cb4a32->f766e53e-50c1-4258-ad0c-9c8d360b84f6#66-t2, previous=(t:2, i:18), leaderCommit=12, initializing? false, entries: <empty>
2019-09-11 21:35:33,328 [java.util.concurrent.ThreadPoolExecutor$Worker@3692a2f9[State = -1, empty queue]] WARN  server.GrpcLogAppender (GrpcLogAppender.java:timeoutAppendRequest(200)) - dcfcd112-014e-43fc-a356-31bdd3cb4a32@group-918A56EF0495->64758d78-93e8-4c7e-ac45-b585f050bda2-GrpcLogAppender: appendEntries Timeout, request=dcfcd112-014e-43fc-a356-31bdd3cb4a32->64758d78-93e8-4c7e-ac45-b585f050bda2#66-t2, previous=(t:2, i:18), leaderCommit=12, initializing? false, entries: <empty>
2019-09-11 21:35:34,011 [grpc-default-executor-4] INFO  client.GrpcClientProtocolClient (GrpcClientProtocolClient.java:onNext(264)) - client-6F86920D2D5F->f766e53e-50c1-4258-ad0c-9c8d360b84f6: receive RaftClientReply:client-6F86920D2D5F->f766e53e-50c1-4258-ad0c-9c8d360b84f6@group-918A56EF0495, cid=24, FAILED org.apache.ratis.protocol.NotLeaderException: Server f766e53e-50c1-4258-ad0c-9c8d360b84f6@group-918A56EF0495 is not the leader dcfcd112-014e-43fc-a356-31bdd3cb4a32:192.168.34.45:39948, logIndex=0, commits[f766e53e-50c1-4258-ad0c-9c8d360b84f6:c12, dcfcd112-014e-43fc-a356-31bdd3cb4a32:c12, 64758d78-93e8-4c7e-ac45-b585f050bda2:c10]
2019-09-11 21:35:35,331 [org.apache.ratis.server.impl.LogAppender$AppenderDaemon$$Lambda$508/1744287559@a303446] ERROR ratis.XceiverServerRatis (XceiverServerRatis.java:triggerPipelineClose(568)) - pipeline Action CLOSE  on pipeline PipelineID=2ead2db8-3de7-4f6a-bd2b-918a56ef0495.Reason : dcfcd112-014e-43fc-a356-31bdd3cb4a32 has not seen follower/s 64758d78-93e8-4c7e-ac45-b585f050bda2 for 122821ms f766e53e-50c1-4258-ad0c-9c8d360b84f6 for 122821ms
2019-09-11 21:35:35,331 [org.apache.ratis.server.impl.LogAppender$AppenderDaemon$$Lambda$508/1744287559@19acc2dc] ERROR ratis.XceiverServerRatis (XceiverServerRatis.java:triggerPipelineClose(568)) - pipeline Action CLOSE  on pipeline PipelineID=2ead2db8-3de7-4f6a-bd2b-918a56ef0495.Reason : dcfcd112-014e-43fc-a356-31bdd3cb4a32 has not seen follower/s 64758d78-93e8-4c7e-ac45-b585f050bda2 for 122821ms f766e53e-50c1-4258-ad0c-9c8d360b84f6 for 122821ms
2019-09-11 21:35:35,829 [java.util.concurrent.ThreadPoolExecutor$Worker@587a3968[State = -1, empty queue]] WARN  server.GrpcLogAppender (GrpcLogAppender.java:timeoutAppendRequest(200)) - dcfcd112-014e-43fc-a356-31bdd3cb4a32@group-918A56EF0495->f766e53e-50c1-4258-ad0c-9c8d360b84f6-GrpcLogAppender: appendEntries Timeout, request=dcfcd112-014e-43fc-a356-31bdd3cb4a32->f766e53e-50c1-4258-ad0c-9c8d360b84f6#67-t2, previous=(t:2, i:18), leaderCommit=12, initializing? false, entries: <empty>
2019-09-11 21:35:35,829 [java.util.concurrent.ThreadPoolExecutor$Worker@3692a2f9[State = -1, empty queue]] WARN  server.GrpcLogAppender (GrpcLogAppender.java:timeoutAppendRequest(200)) - dcfcd112-014e-43fc-a356-31bdd3cb4a32@group-918A56EF0495->64758d78-93e8-4c7e-ac45-b585f050bda2-GrpcLogAppender: appendEntries Timeout, request=dcfcd112-014e-43fc-a356-31bdd3cb4a32->64758d78-93e8-4c7e-ac45-b585f050bda2#67-t2, previous=(t:2, i:18), leaderCommit=12, initializing? false, entries: <empty>
2019-09-11 21:35:35,960 [EventQueue-PipelineActionsForPipelineActionHandler] ERROR pipeline.PipelineActionHandler (PipelineActionHandler.java:onMessage(60)) - Received pipeline action CLOSE for Pipeline[ Id: 2ead2db8-3de7-4f6a-bd2b-918a56ef0495, Nodes: 64758d78-93e8-4c7e-ac45-b585f050bda2{ip: 192.168.34.45, host: pr-hdds-2106-g2ln6-2689029927, networkLocation: /default-rack, certSerialId: null}f766e53e-50c1-4258-ad0c-9c8d360b84f6{ip: 192.168.34.45, host: pr-hdds-2106-g2ln6-2689029927, networkLocation: /default-rack, certSerialId: null}dcfcd112-014e-43fc-a356-31bdd3cb4a32{ip: 192.168.34.45, host: pr-hdds-2106-g2ln6-2689029927, networkLocation: /default-rack, certSerialId: null}, Type:RATIS, Factor:THREE, State:CLOSED] from datanode dcfcd112-014e-43fc-a356-31bdd3cb4a32{ip: 192.168.34.45, host: pr-hdds-2106-g2ln6-2689029927, networkLocation: /default-rack, certSerialId: null}. Reason : dcfcd112-014e-43fc-a356-31bdd3cb4a32 has not seen follower/s 64758d78-93e8-4c7e-ac45-b585f050bda2 for 122821ms f766e53e-50c1-4258-ad0c-9c8d360b84f6 for 122821ms
2019-09-11 21:35:35,960 [EventQueue-PipelineActionsForPipelineActionHandler] INFO  pipeline.SCMPipelineManager (SCMPipelineManager.java:finalizeAndDestroyPipeline(311)) - destroying pipeline:Pipeline[ Id: 2ead2db8-3de7-4f6a-bd2b-918a56ef0495, Nodes: 64758d78-93e8-4c7e-ac45-b585f050bda2{ip: 192.168.34.45, host: pr-hdds-2106-g2ln6-2689029927, networkLocation: /default-rack, certSerialId: null}f766e53e-50c1-4258-ad0c-9c8d360b84f6{ip: 192.168.34.45, host: pr-hdds-2106-g2ln6-2689029927, networkLocation: /default-rack, certSerialId: null}dcfcd112-014e-43fc-a356-31bdd3cb4a32{ip: 192.168.34.45, host: pr-hdds-2106-g2ln6-2689029927, networkLocation: /default-rack, certSerialId: null}, Type:RATIS, Factor:THREE, State:CLOSED]
2019-09-11 21:35:35,993 [org.apache.ratis.server.impl.LogAppender$AppenderDaemon$$Lambda$508/1744287559@19acc2dc] ERROR ratis.XceiverServerRatis (XceiverServerRatis.java:triggerPipelineClose(568)) - pipeline Action CLOSE  on pipeline PipelineID=2ead2db8-3de7-4f6a-bd2b-918a56ef0495.Reason : dcfcd112-014e-43fc-a356-31bdd3cb4a32 has not seen follower/s 64758d78-93e8-4c7e-ac45-b585f050bda2 for 123483ms f766e53e-50c1-4258-ad0c-9c8d360b84f6 for 123484ms
2019-09-11 21:35:35,993 [org.apache.ratis.server.impl.LogAppender$AppenderDaemon$$Lambda$508/1744287559@a303446] ERROR ratis.XceiverServerRatis (XceiverServerRatis.java:triggerPipelineClose(568)) - pipeline Action CLOSE  on pipeline PipelineID=2ead2db8-3de7-4f6a-bd2b-918a56ef0495.Reason : dcfcd112-014e-43fc-a356-31bdd3cb4a32 has not seen follower/s 64758d78-93e8-4c7e-ac45-b585f050bda2 for 123483ms f766e53e-50c1-4258-ad0c-9c8d360b84f6 for 123484ms
2019-09-11 21:35:36,988 [EventQueue-PipelineActionsForPipelineActionHandler] ERROR pipeline.PipelineActionHandler (PipelineActionHandler.java:onMessage(60)) - Received pipeline action CLOSE for Pipeline[ Id: 2ead2db8-3de7-4f6a-bd2b-918a56ef0495, Nodes: 64758d78-93e8-4c7e-ac45-b585f050bda2{ip: 192.168.34.45, host: pr-hdds-2106-g2ln6-2689029927, networkLocation: /default-rack, certSerialId: null}f766e53e-50c1-4258-ad0c-9c8d360b84f6{ip: 192.168.34.45, host: pr-hdds-2106-g2ln6-2689029927, networkLocation: /default-rack, certSerialId: null}dcfcd112-014e-43fc-a356-31bdd3cb4a32{ip: 192.168.34.45, host: pr-hdds-2106-g2ln6-2689029927, networkLocation: /default-rack, certSerialId: null}, Type:RATIS, Factor:THREE, State:CLOSED] from datanode dcfcd112-014e-43fc-a356-31bdd3cb4a32{ip: 192.168.34.45, host: pr-hdds-2106-g2ln6-2689029927, networkLocation: /default-rack, certSerialId: null}. Reason : dcfcd112-014e-43fc-a356-31bdd3cb4a32 has not seen follower/s 64758d78-93e8-4c7e-ac45-b585f050bda2 for 123483ms f766e53e-50c1-4258-ad0c-9c8d360b84f6 for 123484ms
2019-09-11 21:35:36,988 [EventQueue-PipelineActionsForPipelineActionHandler] INFO  pipeline.SCMPipelineManager (SCMPipelineManager.java:finalizeAndDestroyPipeline(311)) - destroying pipeline:Pipeline[ Id: 2ead2db8-3de7-4f6a-bd2b-918a56ef0495, Nodes: 64758d78-93e8-4c7e-ac45-b585f050bda2{ip: 192.168.34.45, host: pr-hdds-2106-g2ln6-2689029927, networkLocation: /default-rack, certSerialId: null}f766e53e-50c1-4258-ad0c-9c8d360b84f6{ip: 192.168.34.45, host: pr-hdds-2106-g2ln6-2689029927, networkLocation: /default-rack, certSerialId: null}dcfcd112-014e-43fc-a356-31bdd3cb4a32{ip: 192.168.34.45, host: pr-hdds-2106-g2ln6-2689029927, networkLocation: /default-rack, certSerialId: null}, Type:RATIS, Factor:THREE, State:CLOSED]
2019-09-11 21:35:38,331 [java.util.concurrent.ThreadPoolExecutor$Worker@3692a2f9[State = -1, empty queue]] WARN  server.GrpcLogAppender (GrpcLogAppender.java:timeoutAppendRequest(200)) - dcfcd112-014e-43fc-a356-31bdd3cb4a32@group-918A56EF0495->64758d78-93e8-4c7e-ac45-b585f050bda2-GrpcLogAppender: appendEntries Timeout, request=dcfcd112-014e-43fc-a356-31bdd3cb4a32->64758d78-93e8-4c7e-ac45-b585f050bda2#68-t2, previous=(t:2, i:18), leaderCommit=12, initializing? false, entries: <empty>
2019-09-11 21:35:38,333 [java.util.concurrent.ThreadPoolExecutor$Worker@587a3968[State = -1, empty queue]] WARN  server.GrpcLogAppender (GrpcLogAppender.java:timeoutAppendRequest(200)) - dcfcd112-014e-43fc-a356-31bdd3cb4a32@group-918A56EF0495->f766e53e-50c1-4258-ad0c-9c8d360b84f6-GrpcLogAppender: appendEntries Timeout, request=dcfcd112-014e-43fc-a356-31bdd3cb4a32->f766e53e-50c1-4258-ad0c-9c8d360b84f6#68-t2, previous=(t:2, i:18), leaderCommit=12, initializing? false, entries: <empty>
2019-09-11 21:35:38,494 [org.apache.ratis.server.impl.LogAppender$AppenderDaemon$$Lambda$508/1744287559@a303446] ERROR ratis.XceiverServerRatis (XceiverServerRatis.java:triggerPipelineClose(568)) - pipeline Action CLOSE  on pipeline PipelineID=2ead2db8-3de7-4f6a-bd2b-918a56ef0495.Reason : dcfcd112-014e-43fc-a356-31bdd3cb4a32 has not seen follower/s 64758d78-93e8-4c7e-ac45-b585f050bda2 for 125984ms f766e53e-50c1-4258-ad0c-9c8d360b84f6 for 125985ms
2019-09-11 21:35:38,494 [org.apache.ratis.server.impl.LogAppender$AppenderDaemon$$Lambda$508/1744287559@19acc2dc] ERROR ratis.XceiverServerRatis (XceiverServerRatis.java:triggerPipelineClose(568)) - pipeline Action CLOSE  on pipeline PipelineID=2ead2db8-3de7-4f6a-bd2b-918a56ef0495.Reason : dcfcd112-014e-43fc-a356-31bdd3cb4a32 has not seen follower/s 64758d78-93e8-4c7e-ac45-b585f050bda2 for 125985ms f766e53e-50c1-4258-ad0c-9c8d360b84f6 for 125985ms
2019-09-11 21:35:38,987 [EventQueue-PipelineActionsForPipelineActionHandler] ERROR pipeline.PipelineActionHandler (PipelineActionHandler.java:onMessage(60)) - Received pipeline action CLOSE for Pipeline[ Id: 2ead2db8-3de7-4f6a-bd2b-918a56ef0495, Nodes: 64758d78-93e8-4c7e-ac45-b585f050bda2{ip: 192.168.34.45, host: pr-hdds-2106-g2ln6-2689029927, networkLocation: /default-rack, certSerialId: null}f766e53e-50c1-4258-ad0c-9c8d360b84f6{ip: 192.168.34.45, host: pr-hdds-2106-g2ln6-2689029927, networkLocation: /default-rack, certSerialId: null}dcfcd112-014e-43fc-a356-31bdd3cb4a32{ip: 192.168.34.45, host: pr-hdds-2106-g2ln6-2689029927, networkLocation: /default-rack, certSerialId: null}, Type:RATIS, Factor:THREE, State:CLOSED] from datanode dcfcd112-014e-43fc-a356-31bdd3cb4a32{ip: 192.168.34.45, host: pr-hdds-2106-g2ln6-2689029927, networkLocation: /default-rack, certSerialId: null}. Reason : dcfcd112-014e-43fc-a356-31bdd3cb4a32 has not seen follower/s 64758d78-93e8-4c7e-ac45-b585f050bda2 for 125984ms f766e53e-50c1-4258-ad0c-9c8d360b84f6 for 125985ms
2019-09-11 21:35:38,988 [EventQueue-PipelineActionsForPipelineActionHandler] INFO  pipeline.SCMPipelineManager (SCMPipelineManager.java:finalizeAndDestroyPipeline(311)) - destroying pipeline:Pipeline[ Id: 2ead2db8-3de7-4f6a-bd2b-918a56ef0495, Nodes: 64758d78-93e8-4c7e-ac45-b585f050bda2{ip: 192.168.34.45, host: pr-hdds-2106-g2ln6-2689029927, networkLocation: /default-rack, certSerialId: null}f766e53e-50c1-4258-ad0c-9c8d360b84f6{ip: 192.168.34.45, host: pr-hdds-2106-g2ln6-2689029927, networkLocation: /default-rack, certSerialId: null}dcfcd112-014e-43fc-a356-31bdd3cb4a32{ip: 192.168.34.45, host: pr-hdds-2106-g2ln6-2689029927, networkLocation: /default-rack, certSerialId: null}, Type:RATIS, Factor:THREE, State:CLOSED]
2019-09-11 21:35:38,993 [java.util.concurrent.ThreadPoolExecutor$Worker@3692a2f9[State = -1, empty queue]] WARN  server.GrpcLogAppender (GrpcLogAppender.java:timeoutAppendRequest(200)) - dcfcd112-014e-43fc-a356-31bdd3cb4a32@group-918A56EF0495->64758d78-93e8-4c7e-ac45-b585f050bda2-GrpcLogAppender: appendEntries Timeout, request=dcfcd112-014e-43fc-a356-31bdd3cb4a32->64758d78-93e8-4c7e-ac45-b585f050bda2#69-t2, previous=(t:2, i:18), leaderCommit=12, initializing? false, entries: size=1, first=(t:2, i:19), STATEMACHINELOGENTRY, client-8B0A05BF5EB8, cid=1
2019-09-11 21:35:38,993 [java.util.concurrent.ThreadPoolExecutor$Worker@587a3968[State = -1, empty queue]] WARN  server.GrpcLogAppender (GrpcLogAppender.java:timeoutAppendRequest(200)) - dcfcd112-014e-43fc-a356-31bdd3cb4a32@group-918A56EF0495->f766e53e-50c1-4258-ad0c-9c8d360b84f6-GrpcLogAppender: appendEntries Timeout, request=dcfcd112-014e-43fc-a356-31bdd3cb4a32->f766e53e-50c1-4258-ad0c-9c8d360b84f6#69-t2, previous=(t:2, i:18), leaderCommit=12, initializing? false, entries: size=1, first=(t:2, i:19), STATEMACHINELOGENTRY, client-8B0A05BF5EB8, cid=1
2019-09-11 21:35:39,055 [grpc-default-executor-4] INFO  client.GrpcClientProtocolClient (GrpcClientProtocolClient.java:onNext(264)) - client-6F86920D2D5F->f766e53e-50c1-4258-ad0c-9c8d360b84f6: receive RaftClientReply:client-6F86920D2D5F->f766e53e-50c1-4258-ad0c-9c8d360b84f6@group-918A56EF0495, cid=24, FAILED org.apache.ratis.protocol.NotLeaderException: Server f766e53e-50c1-4258-ad0c-9c8d360b84f6@group-918A56EF0495 is not the leader dcfcd112-014e-43fc-a356-31bdd3cb4a32:192.168.34.45:39948, logIndex=0, commits[f766e53e-50c1-4258-ad0c-9c8d360b84f6:c12, dcfcd112-014e-43fc-a356-31bdd3cb4a32:c12, 64758d78-93e8-4c7e-ac45-b585f050bda2:c10]
2019-09-11 21:35:40,996 [org.apache.ratis.server.impl.LogAppender$AppenderDaemon$$Lambda$508/1744287559@19acc2dc] ERROR ratis.XceiverServerRatis (XceiverServerRatis.java:triggerPipelineClose(568)) - pipeline Action CLOSE  on pipeline PipelineID=2ead2db8-3de7-4f6a-bd2b-918a56ef0495.Reason : dcfcd112-014e-43fc-a356-31bdd3cb4a32 has not seen follower/s 64758d78-93e8-4c7e-ac45-b585f050bda2 for 128486ms f766e53e-50c1-4258-ad0c-9c8d360b84f6 for 128487ms
2019-09-11 21:35:40,996 [org.apache.ratis.server.impl.LogAppender$AppenderDaemon$$Lambda$508/1744287559@a303446] ERROR ratis.XceiverServerRatis (XceiverServerRatis.java:triggerPipelineClose(568)) - pipeline Action CLOSE  on pipeline PipelineID=2ead2db8-3de7-4f6a-bd2b-918a56ef0495.Reason : dcfcd112-014e-43fc-a356-31bdd3cb4a32 has not seen follower/s 64758d78-93e8-4c7e-ac45-b585f050bda2 for 128486ms f766e53e-50c1-4258-ad0c-9c8d360b84f6 for 128487ms
2019-09-11 21:35:41,494 [java.util.concurrent.ThreadPoolExecutor$Worker@3692a2f9[State = -1, empty queue]] WARN  server.GrpcLogAppender (GrpcLogAppender.java:timeoutAppendRequest(200)) - dcfcd112-014e-43fc-a356-31bdd3cb4a32@group-918A56EF0495->64758d78-93e8-4c7e-ac45-b585f050bda2-GrpcLogAppender: appendEntries Timeout, request=dcfcd112-014e-43fc-a356-31bdd3cb4a32->64758d78-93e8-4c7e-ac45-b585f050bda2#70-t2, previous=(t:2, i:19), leaderCommit=12, initializing? false, entries: <empty>
2019-09-11 21:35:41,494 [java.util.concurrent.ThreadPoolExecutor$Worker@587a3968[State = -1, empty queue]] WARN  server.GrpcLogAppender (GrpcLogAppender.java:timeoutAppendRequest(200)) - dcfcd112-014e-43fc-a356-31bdd3cb4a32@group-918A56EF0495->f766e53e-50c1-4258-ad0c-9c8d360b84f6-GrpcLogAppender: appendEntries Timeout, request=dcfcd112-014e-43fc-a356-31bdd3cb4a32->f766e53e-50c1-4258-ad0c-9c8d360b84f6#70-t2, previous=(t:2, i:19), leaderCommit=12, initializing? false, entries: <empty>
2019-09-11 21:35:41,989 [EventQueue-PipelineActionsForPipelineActionHandler] ERROR pipeline.PipelineActionHandler (PipelineActionHandler.java:onMessage(60)) - Received pipeline action CLOSE for Pipeline[ Id: 2ead2db8-3de7-4f6a-bd2b-918a56ef0495, Nodes: 64758d78-93e8-4c7e-ac45-b585f050bda2{ip: 192.168.34.45, host: pr-hdds-2106-g2ln6-2689029927, networkLocation: /default-rack, certSerialId: null}f766e53e-50c1-4258-ad0c-9c8d360b84f6{ip: 192.168.34.45, host: pr-hdds-2106-g2ln6-2689029927, networkLocation: /default-rack, certSerialId: null}dcfcd112-014e-43fc-a356-31bdd3cb4a32{ip: 192.168.34.45, host: pr-hdds-2106-g2ln6-2689029927, networkLocation: /default-rack, certSerialId: null}, Type:RATIS, Factor:THREE, State:CLOSED] from datanode dcfcd112-014e-43fc-a356-31bdd3cb4a32{ip: 192.168.34.45, host: pr-hdds-2106-g2ln6-2689029927, networkLocation: /default-rack, certSerialId: null}. Reason : dcfcd112-014e-43fc-a356-31bdd3cb4a32 has not seen follower/s 64758d78-93e8-4c7e-ac45-b585f050bda2 for 128486ms f766e53e-50c1-4258-ad0c-9c8d360b84f6 for 128487ms
2019-09-11 21:35:41,990 [EventQueue-PipelineActionsForPipelineActionHandler] INFO  pipeline.SCMPipelineManager (SCMPipelineManager.java:finalizeAndDestroyPipeline(311)) - destroying pipeline:Pipeline[ Id: 2ead2db8-3de7-4f6a-bd2b-918a56ef0495, Nodes: 64758d78-93e8-4c7e-ac45-b585f050bda2{ip: 192.168.34.45, host: pr-hdds-2106-g2ln6-2689029927, networkLocation: /default-rack, certSerialId: null}f766e53e-50c1-4258-ad0c-9c8d360b84f6{ip: 192.168.34.45, host: pr-hdds-2106-g2ln6-2689029927, networkLocation: /default-rack, certSerialId: null}dcfcd112-014e-43fc-a356-31bdd3cb4a32{ip: 192.168.34.45, host: pr-hdds-2106-g2ln6-2689029927, networkLocation: /default-rack, certSerialId: null}, Type:RATIS, Factor:THREE, State:CLOSED]
2019-09-11 21:35:42,961 [dcfcd112-014e-43fc-a356-31bdd3cb4a32@group-918A56EF0495-SegmentedRaftLogWorker] WARN  segmented.SegmentedRaftLogWorker (SegmentedRaftLogWorker.java:getFromFuture(90)) - Timeout 12/~
org.apache.ratis.protocol.TimeoutIOException: Timeout 10s: WriteLog:14: (t:2, i:14), STATEMACHINELOGENTRY, client-6F86920D2D5F, cid=25-writeStateMachineData
	at org.apache.ratis.util.IOUtils.getFromFuture(IOUtils.java:87)
	at org.apache.ratis.server.raftlog.segmented.SegmentedRaftLogWorker$StateMachineDataPolicy.getFromFuture(SegmentedRaftLogWorker.java:87)
	at org.apache.ratis.server.raftlog.segmented.SegmentedRaftLogWorker$WriteLog.execute(SegmentedRaftLogWorker.java:477)
	at org.apache.ratis.server.raftlog.segmented.SegmentedRaftLogWorker.run(SegmentedRaftLogWorker.java:289)
	at java.lang.Thread.run(Thread.java:748)
Caused by: java.util.concurrent.TimeoutException
	at java.util.concurrent.CompletableFuture.timedGet(CompletableFuture.java:1771)
	at java.util.concurrent.CompletableFuture.get(CompletableFuture.java:1915)
	at org.apache.ratis.util.IOUtils.getFromFuture(IOUtils.java:79)
	... 4 more
2019-09-11 21:35:42,989 [64758d78-93e8-4c7e-ac45-b585f050bda2@group-918A56EF0495-SegmentedRaftLogWorker] WARN  segmented.SegmentedRaftLogWorker (SegmentedRaftLogWorker.java:getFromFuture(90)) - Timeout 12/~
org.apache.ratis.protocol.TimeoutIOException: Timeout 10s: WriteLog:14: (t:2, i:14), STATEMACHINELOGENTRY, client-6F86920D2D5F, cid=25-writeStateMachineData
	at org.apache.ratis.util.IOUtils.getFromFuture(IOUtils.java:87)
	at org.apache.ratis.server.raftlog.segmented.SegmentedRaftLogWorker$StateMachineDataPolicy.getFromFuture(SegmentedRaftLogWorker.java:87)
	at org.apache.ratis.server.raftlog.segmented.SegmentedRaftLogWorker$WriteLog.execute(SegmentedRaftLogWorker.java:477)
	at org.apache.ratis.server.raftlog.segmented.SegmentedRaftLogWorker.run(SegmentedRaftLogWorker.java:289)
	at java.lang.Thread.run(Thread.java:748)
Caused by: java.util.concurrent.TimeoutException
	at java.util.concurrent.CompletableFuture.timedGet(CompletableFuture.java:1771)
	at java.util.concurrent.CompletableFuture.get(CompletableFuture.java:1915)
	at org.apache.ratis.util.IOUtils.getFromFuture(IOUtils.java:79)
	... 4 more
2019-09-11 21:35:42,991 [f766e53e-50c1-4258-ad0c-9c8d360b84f6@group-918A56EF0495-SegmentedRaftLogWorker] WARN  segmented.SegmentedRaftLogWorker (SegmentedRaftLogWorker.java:getFromFuture(90)) - Timeout 12/~
org.apache.ratis.protocol.TimeoutIOException: Timeout 10s: WriteLog:14: (t:2, i:14), STATEMACHINELOGENTRY, client-6F86920D2D5F, cid=25-writeStateMachineData
	at org.apache.ratis.util.IOUtils.getFromFuture(IOUtils.java:87)
	at org.apache.ratis.server.raftlog.segmented.SegmentedRaftLogWorker$StateMachineDataPolicy.getFromFuture(SegmentedRaftLogWorker.java:87)
	at org.apache.ratis.server.raftlog.segmented.SegmentedRaftLogWorker$WriteLog.execute(SegmentedRaftLogWorker.java:477)
	at org.apache.ratis.server.raftlog.segmented.SegmentedRaftLogWorker.run(SegmentedRaftLogWorker.java:289)
	at java.lang.Thread.run(Thread.java:748)
Caused by: java.util.concurrent.TimeoutException
	at java.util.concurrent.CompletableFuture.timedGet(CompletableFuture.java:1771)
	at java.util.concurrent.CompletableFuture.get(CompletableFuture.java:1915)
	at org.apache.ratis.util.IOUtils.getFromFuture(IOUtils.java:79)
	... 4 more
2019-09-11 21:35:43,496 [org.apache.ratis.server.impl.LogAppender$AppenderDaemon$$Lambda$508/1744287559@a303446] ERROR ratis.XceiverServerRatis (XceiverServerRatis.java:triggerPipelineClose(568)) - pipeline Action CLOSE  on pipeline PipelineID=2ead2db8-3de7-4f6a-bd2b-918a56ef0495.Reason : dcfcd112-014e-43fc-a356-31bdd3cb4a32 has not seen follower/s 64758d78-93e8-4c7e-ac45-b585f050bda2 for 130987ms f766e53e-50c1-4258-ad0c-9c8d360b84f6 for 130987ms
2019-09-11 21:35:43,496 [org.apache.ratis.server.impl.LogAppender$AppenderDaemon$$Lambda$508/1744287559@19acc2dc] ERROR ratis.XceiverServerRatis (XceiverServerRatis.java:triggerPipelineClose(568)) - pipeline Action CLOSE  on pipeline PipelineID=2ead2db8-3de7-4f6a-bd2b-918a56ef0495.Reason : dcfcd112-014e-43fc-a356-31bdd3cb4a32 has not seen follower/s 64758d78-93e8-4c7e-ac45-b585f050bda2 for 130987ms f766e53e-50c1-4258-ad0c-9c8d360b84f6 for 130987ms
2019-09-11 21:35:43,988 [EventQueue-PipelineActionsForPipelineActionHandler] ERROR pipeline.PipelineActionHandler (PipelineActionHandler.java:onMessage(60)) - Received pipeline action CLOSE for Pipeline[ Id: 2ead2db8-3de7-4f6a-bd2b-918a56ef0495, Nodes: 64758d78-93e8-4c7e-ac45-b585f050bda2{ip: 192.168.34.45, host: pr-hdds-2106-g2ln6-2689029927, networkLocation: /default-rack, certSerialId: null}f766e53e-50c1-4258-ad0c-9c8d360b84f6{ip: 192.168.34.45, host: pr-hdds-2106-g2ln6-2689029927, networkLocation: /default-rack, certSerialId: null}dcfcd112-014e-43fc-a356-31bdd3cb4a32{ip: 192.168.34.45, host: pr-hdds-2106-g2ln6-2689029927, networkLocation: /default-rack, certSerialId: null}, Type:RATIS, Factor:THREE, State:CLOSED] from datanode dcfcd112-014e-43fc-a356-31bdd3cb4a32{ip: 192.168.34.45, host: pr-hdds-2106-g2ln6-2689029927, networkLocation: /default-rack, certSerialId: null}. Reason : dcfcd112-014e-43fc-a356-31bdd3cb4a32 has not seen follower/s 64758d78-93e8-4c7e-ac45-b585f050bda2 for 130987ms f766e53e-50c1-4258-ad0c-9c8d360b84f6 for 130987ms
2019-09-11 21:35:43,989 [EventQueue-PipelineActionsForPipelineActionHandler] INFO  pipeline.SCMPipelineManager (SCMPipelineManager.java:finalizeAndDestroyPipeline(311)) - destroying pipeline:Pipeline[ Id: 2ead2db8-3de7-4f6a-bd2b-918a56ef0495, Nodes: 64758d78-93e8-4c7e-ac45-b585f050bda2{ip: 192.168.34.45, host: pr-hdds-2106-g2ln6-2689029927, networkLocation: /default-rack, certSerialId: null}f766e53e-50c1-4258-ad0c-9c8d360b84f6{ip: 192.168.34.45, host: pr-hdds-2106-g2ln6-2689029927, networkLocation: /default-rack, certSerialId: null}dcfcd112-014e-43fc-a356-31bdd3cb4a32{ip: 192.168.34.45, host: pr-hdds-2106-g2ln6-2689029927, networkLocation: /default-rack, certSerialId: null}, Type:RATIS, Factor:THREE, State:CLOSED]
2019-09-11 21:35:43,996 [java.util.concurrent.ThreadPoolExecutor$Worker@587a3968[State = -1, empty queue]] WARN  server.GrpcLogAppender (GrpcLogAppender.java:timeoutAppendRequest(200)) - dcfcd112-014e-43fc-a356-31bdd3cb4a32@group-918A56EF0495->f766e53e-50c1-4258-ad0c-9c8d360b84f6-GrpcLogAppender: appendEntries Timeout, request=dcfcd112-014e-43fc-a356-31bdd3cb4a32->f766e53e-50c1-4258-ad0c-9c8d360b84f6#71-t2, previous=(t:2, i:19), leaderCommit=12, initializing? false, entries: <empty>
2019-09-11 21:35:43,996 [java.util.concurrent.ThreadPoolExecutor$Worker@3692a2f9[State = -1, empty queue]] WARN  server.GrpcLogAppender (GrpcLogAppender.java:timeoutAppendRequest(200)) - dcfcd112-014e-43fc-a356-31bdd3cb4a32@group-918A56EF0495->64758d78-93e8-4c7e-ac45-b585f050bda2-GrpcLogAppender: appendEntries Timeout, request=dcfcd112-014e-43fc-a356-31bdd3cb4a32->64758d78-93e8-4c7e-ac45-b585f050bda2#71-t2, previous=(t:2, i:19), leaderCommit=12, initializing? false, entries: <empty>
2019-09-11 21:35:44,100 [grpc-default-executor-4] INFO  client.GrpcClientProtocolClient (GrpcClientProtocolClient.java:onNext(264)) - client-6F86920D2D5F->64758d78-93e8-4c7e-ac45-b585f050bda2: receive RaftClientReply:client-6F86920D2D5F->64758d78-93e8-4c7e-ac45-b585f050bda2@group-918A56EF0495, cid=24, FAILED org.apache.ratis.protocol.NotLeaderException: Server 64758d78-93e8-4c7e-ac45-b585f050bda2@group-918A56EF0495 is not the leader dcfcd112-014e-43fc-a356-31bdd3cb4a32:192.168.34.45:39948, logIndex=0, commits[64758d78-93e8-4c7e-ac45-b585f050bda2:c12, dcfcd112-014e-43fc-a356-31bdd3cb4a32:c12, f766e53e-50c1-4258-ad0c-9c8d360b84f6:c10]
2019-09-11 21:35:45,998 [org.apache.ratis.server.impl.LogAppender$AppenderDaemon$$Lambda$508/1744287559@a303446] ERROR ratis.XceiverServerRatis (XceiverServerRatis.java:triggerPipelineClose(568)) - pipeline Action CLOSE  on pipeline PipelineID=2ead2db8-3de7-4f6a-bd2b-918a56ef0495.Reason : dcfcd112-014e-43fc-a356-31bdd3cb4a32 has not seen follower/s 64758d78-93e8-4c7e-ac45-b585f050bda2 for 133488ms f766e53e-50c1-4258-ad0c-9c8d360b84f6 for 133488ms
2019-09-11 21:35:45,998 [org.apache.ratis.server.impl.LogAppender$AppenderDaemon$$Lambda$508/1744287559@19acc2dc] ERROR ratis.XceiverServerRatis (XceiverServerRatis.java:triggerPipelineClose(568)) - pipeline Action CLOSE  on pipeline PipelineID=2ead2db8-3de7-4f6a-bd2b-918a56ef0495.Reason : dcfcd112-014e-43fc-a356-31bdd3cb4a32 has not seen follower/s 64758d78-93e8-4c7e-ac45-b585f050bda2 for 133488ms f766e53e-50c1-4258-ad0c-9c8d360b84f6 for 133488ms
2019-09-11 21:35:46,496 [java.util.concurrent.ThreadPoolExecutor$Worker@587a3968[State = -1, empty queue]] WARN  server.GrpcLogAppender (GrpcLogAppender.java:timeoutAppendRequest(200)) - dcfcd112-014e-43fc-a356-31bdd3cb4a32@group-918A56EF0495->f766e53e-50c1-4258-ad0c-9c8d360b84f6-GrpcLogAppender: appendEntries Timeout, request=dcfcd112-014e-43fc-a356-31bdd3cb4a32->f766e53e-50c1-4258-ad0c-9c8d360b84f6#72-t2, previous=(t:2, i:19), leaderCommit=12, initializing? false, entries: <empty>
2019-09-11 21:35:46,496 [java.util.concurrent.ThreadPoolExecutor$Worker@3692a2f9[State = -1, empty queue]] WARN  server.GrpcLogAppender (GrpcLogAppender.java:timeoutAppendRequest(200)) - dcfcd112-014e-43fc-a356-31bdd3cb4a32@group-918A56EF0495->64758d78-93e8-4c7e-ac45-b585f050bda2-GrpcLogAppender: appendEntries Timeout, request=dcfcd112-014e-43fc-a356-31bdd3cb4a32->64758d78-93e8-4c7e-ac45-b585f050bda2#72-t2, previous=(t:2, i:19), leaderCommit=12, initializing? false, entries: <empty>
2019-09-11 21:35:46,990 [EventQueue-PipelineActionsForPipelineActionHandler] ERROR pipeline.PipelineActionHandler (PipelineActionHandler.java:onMessage(60)) - Received pipeline action CLOSE for Pipeline[ Id: 2ead2db8-3de7-4f6a-bd2b-918a56ef0495, Nodes: 64758d78-93e8-4c7e-ac45-b585f050bda2{ip: 192.168.34.45, host: pr-hdds-2106-g2ln6-2689029927, networkLocation: /default-rack, certSerialId: null}f766e53e-50c1-4258-ad0c-9c8d360b84f6{ip: 192.168.34.45, host: pr-hdds-2106-g2ln6-2689029927, networkLocation: /default-rack, certSerialId: null}dcfcd112-014e-43fc-a356-31bdd3cb4a32{ip: 192.168.34.45, host: pr-hdds-2106-g2ln6-2689029927, networkLocation: /default-rack, certSerialId: null}, Type:RATIS, Factor:THREE, State:CLOSED] from datanode dcfcd112-014e-43fc-a356-31bdd3cb4a32{ip: 192.168.34.45, host: pr-hdds-2106-g2ln6-2689029927, networkLocation: /default-rack, certSerialId: null}. Reason : dcfcd112-014e-43fc-a356-31bdd3cb4a32 has not seen follower/s 64758d78-93e8-4c7e-ac45-b585f050bda2 for 133488ms f766e53e-50c1-4258-ad0c-9c8d360b84f6 for 133488ms
2019-09-11 21:35:46,990 [EventQueue-PipelineActionsForPipelineActionHandler] INFO  pipeline.SCMPipelineManager (SCMPipelineManager.java:finalizeAndDestroyPipeline(311)) - destroying pipeline:Pipeline[ Id: 2ead2db8-3de7-4f6a-bd2b-918a56ef0495, Nodes: 64758d78-93e8-4c7e-ac45-b585f050bda2{ip: 192.168.34.45, host: pr-hdds-2106-g2ln6-2689029927, networkLocation: /default-rack, certSerialId: null}f766e53e-50c1-4258-ad0c-9c8d360b84f6{ip: 192.168.34.45, host: pr-hdds-2106-g2ln6-2689029927, networkLocation: /default-rack, certSerialId: null}dcfcd112-014e-43fc-a356-31bdd3cb4a32{ip: 192.168.34.45, host: pr-hdds-2106-g2ln6-2689029927, networkLocation: /default-rack, certSerialId: null}, Type:RATIS, Factor:THREE, State:CLOSED]
2019-09-11 21:35:48,498 [org.apache.ratis.server.impl.LogAppender$AppenderDaemon$$Lambda$508/1744287559@a303446] ERROR ratis.XceiverServerRatis (XceiverServerRatis.java:triggerPipelineClose(568)) - pipeline Action CLOSE  on pipeline PipelineID=2ead2db8-3de7-4f6a-bd2b-918a56ef0495.Reason : dcfcd112-014e-43fc-a356-31bdd3cb4a32 has not seen follower/s 64758d78-93e8-4c7e-ac45-b585f050bda2 for 135989ms f766e53e-50c1-4258-ad0c-9c8d360b84f6 for 135989ms
2019-09-11 21:35:48,498 [org.apache.ratis.server.impl.LogAppender$AppenderDaemon$$Lambda$508/1744287559@19acc2dc] ERROR ratis.XceiverServerRatis (XceiverServerRatis.java:triggerPipelineClose(568)) - pipeline Action CLOSE  on pipeline PipelineID=2ead2db8-3de7-4f6a-bd2b-918a56ef0495.Reason : dcfcd112-014e-43fc-a356-31bdd3cb4a32 has not seen follower/s 64758d78-93e8-4c7e-ac45-b585f050bda2 for 135989ms f766e53e-50c1-4258-ad0c-9c8d360b84f6 for 135989ms
2019-09-11 21:35:48,989 [EventQueue-PipelineActionsForPipelineActionHandler] ERROR pipeline.PipelineActionHandler (PipelineActionHandler.java:onMessage(60)) - Received pipeline action CLOSE for Pipeline[ Id: 2ead2db8-3de7-4f6a-bd2b-918a56ef0495, Nodes: 64758d78-93e8-4c7e-ac45-b585f050bda2{ip: 192.168.34.45, host: pr-hdds-2106-g2ln6-2689029927, networkLocation: /default-rack, certSerialId: null}f766e53e-50c1-4258-ad0c-9c8d360b84f6{ip: 192.168.34.45, host: pr-hdds-2106-g2ln6-2689029927, networkLocation: /default-rack, certSerialId: null}dcfcd112-014e-43fc-a356-31bdd3cb4a32{ip: 192.168.34.45, host: pr-hdds-2106-g2ln6-2689029927, networkLocation: /default-rack, certSerialId: null}, Type:RATIS, Factor:THREE, State:CLOSED] from datanode dcfcd112-014e-43fc-a356-31bdd3cb4a32{ip: 192.168.34.45, host: pr-hdds-2106-g2ln6-2689029927, networkLocation: /default-rack, certSerialId: null}. Reason : dcfcd112-014e-43fc-a356-31bdd3cb4a32 has not seen follower/s 64758d78-93e8-4c7e-ac45-b585f050bda2 for 135989ms f766e53e-50c1-4258-ad0c-9c8d360b84f6 for 135989ms
2019-09-11 21:35:48,990 [EventQueue-PipelineActionsForPipelineActionHandler] INFO  pipeline.SCMPipelineManager (SCMPipelineManager.java:finalizeAndDestroyPipeline(311)) - destroying pipeline:Pipeline[ Id: 2ead2db8-3de7-4f6a-bd2b-918a56ef0495, Nodes: 64758d78-93e8-4c7e-ac45-b585f050bda2{ip: 192.168.34.45, host: pr-hdds-2106-g2ln6-2689029927, networkLocation: /default-rack, certSerialId: null}f766e53e-50c1-4258-ad0c-9c8d360b84f6{ip: 192.168.34.45, host: pr-hdds-2106-g2ln6-2689029927, networkLocation: /default-rack, certSerialId: null}dcfcd112-014e-43fc-a356-31bdd3cb4a32{ip: 192.168.34.45, host: pr-hdds-2106-g2ln6-2689029927, networkLocation: /default-rack, certSerialId: null}, Type:RATIS, Factor:THREE, State:CLOSED]
2019-09-11 21:35:48,998 [java.util.concurrent.ThreadPoolExecutor$Worker@587a3968[State = -1, empty queue]] WARN  server.GrpcLogAppender (GrpcLogAppender.java:timeoutAppendRequest(200)) - dcfcd112-014e-43fc-a356-31bdd3cb4a32@group-918A56EF0495->f766e53e-50c1-4258-ad0c-9c8d360b84f6-GrpcLogAppender: appendEntries Timeout, request=dcfcd112-014e-43fc-a356-31bdd3cb4a32->f766e53e-50c1-4258-ad0c-9c8d360b84f6#73-t2, previous=(t:2, i:19), leaderCommit=12, initializing? false, entries: <empty>
2019-09-11 21:35:48,998 [java.util.concurrent.ThreadPoolExecutor$Worker@3692a2f9[State = -1, empty queue]] WARN  server.GrpcLogAppender (GrpcLogAppender.java:timeoutAppendRequest(200)) - dcfcd112-014e-43fc-a356-31bdd3cb4a32@group-918A56EF0495->64758d78-93e8-4c7e-ac45-b585f050bda2-GrpcLogAppender: appendEntries Timeout, request=dcfcd112-014e-43fc-a356-31bdd3cb4a32->64758d78-93e8-4c7e-ac45-b585f050bda2#73-t2, previous=(t:2, i:19), leaderCommit=12, initializing? false, entries: <empty>
2019-09-11 21:35:49,139 [grpc-default-executor-6] INFO  client.GrpcClientProtocolClient (GrpcClientProtocolClient.java:onNext(264)) - client-6F86920D2D5F->64758d78-93e8-4c7e-ac45-b585f050bda2: receive RaftClientReply:client-6F86920D2D5F->64758d78-93e8-4c7e-ac45-b585f050bda2@group-918A56EF0495, cid=24, FAILED org.apache.ratis.protocol.NotLeaderException: Server 64758d78-93e8-4c7e-ac45-b585f050bda2@group-918A56EF0495 is not the leader dcfcd112-014e-43fc-a356-31bdd3cb4a32:192.168.34.45:39948, logIndex=0, commits[64758d78-93e8-4c7e-ac45-b585f050bda2:c12, dcfcd112-014e-43fc-a356-31bdd3cb4a32:c12, f766e53e-50c1-4258-ad0c-9c8d360b84f6:c10]
2019-09-11 21:35:50,999 [org.apache.ratis.server.impl.LogAppender$AppenderDaemon$$Lambda$508/1744287559@a303446] ERROR ratis.XceiverServerRatis (XceiverServerRatis.java:triggerPipelineClose(568)) - pipeline Action CLOSE  on pipeline PipelineID=2ead2db8-3de7-4f6a-bd2b-918a56ef0495.Reason : dcfcd112-014e-43fc-a356-31bdd3cb4a32 has not seen follower/s 64758d78-93e8-4c7e-ac45-b585f050bda2 for 138490ms f766e53e-50c1-4258-ad0c-9c8d360b84f6 for 138490ms
2019-09-11 21:35:50,999 [org.apache.ratis.server.impl.LogAppender$AppenderDaemon$$Lambda$508/1744287559@19acc2dc] ERROR ratis.XceiverServerRatis (XceiverServerRatis.java:triggerPipelineClose(568)) - pipeline Action CLOSE  on pipeline PipelineID=2ead2db8-3de7-4f6a-bd2b-918a56ef0495.Reason : dcfcd112-014e-43fc-a356-31bdd3cb4a32 has not seen follower/s 64758d78-93e8-4c7e-ac45-b585f050bda2 for 138490ms f766e53e-50c1-4258-ad0c-9c8d360b84f6 for 138490ms
2019-09-11 21:35:51,498 [java.util.concurrent.ThreadPoolExecutor$Worker@3692a2f9[State = -1, empty queue]] WARN  server.GrpcLogAppender (GrpcLogAppender.java:timeoutAppendRequest(200)) - dcfcd112-014e-43fc-a356-31bdd3cb4a32@group-918A56EF0495->64758d78-93e8-4c7e-ac45-b585f050bda2-GrpcLogAppender: appendEntries Timeout, request=dcfcd112-014e-43fc-a356-31bdd3cb4a32->64758d78-93e8-4c7e-ac45-b585f050bda2#74-t2, previous=(t:2, i:19), leaderCommit=12, initializing? false, entries: <empty>
2019-09-11 21:35:51,498 [java.util.concurrent.ThreadPoolExecutor$Worker@587a3968[State = -1, empty queue]] WARN  server.GrpcLogAppender (GrpcLogAppender.java:timeoutAppendRequest(200)) - dcfcd112-014e-43fc-a356-31bdd3cb4a32@group-918A56EF0495->f766e53e-50c1-4258-ad0c-9c8d360b84f6-GrpcLogAppender: appendEntries Timeout, request=dcfcd112-014e-43fc-a356-31bdd3cb4a32->f766e53e-50c1-4258-ad0c-9c8d360b84f6#74-t2, previous=(t:2, i:19), leaderCommit=12, initializing? false, entries: <empty>
2019-09-11 21:35:51,990 [EventQueue-PipelineActionsForPipelineActionHandler] ERROR pipeline.PipelineActionHandler (PipelineActionHandler.java:onMessage(60)) - Received pipeline action CLOSE for Pipeline[ Id: 2ead2db8-3de7-4f6a-bd2b-918a56ef0495, Nodes: 64758d78-93e8-4c7e-ac45-b585f050bda2{ip: 192.168.34.45, host: pr-hdds-2106-g2ln6-2689029927, networkLocation: /default-rack, certSerialId: null}f766e53e-50c1-4258-ad0c-9c8d360b84f6{ip: 192.168.34.45, host: pr-hdds-2106-g2ln6-2689029927, networkLocation: /default-rack, certSerialId: null}dcfcd112-014e-43fc-a356-31bdd3cb4a32{ip: 192.168.34.45, host: pr-hdds-2106-g2ln6-2689029927, networkLocation: /default-rack, certSerialId: null}, Type:RATIS, Factor:THREE, State:CLOSED] from datanode dcfcd112-014e-43fc-a356-31bdd3cb4a32{ip: 192.168.34.45, host: pr-hdds-2106-g2ln6-2689029927, networkLocation: /default-rack, certSerialId: null}. Reason : dcfcd112-014e-43fc-a356-31bdd3cb4a32 has not seen follower/s 64758d78-93e8-4c7e-ac45-b585f050bda2 for 138490ms f766e53e-50c1-4258-ad0c-9c8d360b84f6 for 138490ms
2019-09-11 21:35:51,990 [EventQueue-PipelineActionsForPipelineActionHandler] INFO  pipeline.SCMPipelineManager (SCMPipelineManager.java:finalizeAndDestroyPipeline(311)) - destroying pipeline:Pipeline[ Id: 2ead2db8-3de7-4f6a-bd2b-918a56ef0495, Nodes: 64758d78-93e8-4c7e-ac45-b585f050bda2{ip: 192.168.34.45, host: pr-hdds-2106-g2ln6-2689029927, networkLocation: /default-rack, certSerialId: null}f766e53e-50c1-4258-ad0c-9c8d360b84f6{ip: 192.168.34.45, host: pr-hdds-2106-g2ln6-2689029927, networkLocation: /default-rack, certSerialId: null}dcfcd112-014e-43fc-a356-31bdd3cb4a32{ip: 192.168.34.45, host: pr-hdds-2106-g2ln6-2689029927, networkLocation: /default-rack, certSerialId: null}, Type:RATIS, Factor:THREE, State:CLOSED]
2019-09-11 21:35:52,970 [dcfcd112-014e-43fc-a356-31bdd3cb4a32@group-918A56EF0495-SegmentedRaftLogWorker] WARN  segmented.SegmentedRaftLogWorker (SegmentedRaftLogWorker.java:getFromFuture(90)) - Timeout 13/~
org.apache.ratis.protocol.TimeoutIOException: Timeout 10s: WriteLog:14: (t:2, i:14), STATEMACHINELOGENTRY, client-6F86920D2D5F, cid=25-writeStateMachineData
	at org.apache.ratis.util.IOUtils.getFromFuture(IOUtils.java:87)
	at org.apache.ratis.server.raftlog.segmented.SegmentedRaftLogWorker$StateMachineDataPolicy.getFromFuture(SegmentedRaftLogWorker.java:87)
	at org.apache.ratis.server.raftlog.segmented.SegmentedRaftLogWorker$WriteLog.execute(SegmentedRaftLogWorker.java:477)
	at org.apache.ratis.server.raftlog.segmented.SegmentedRaftLogWorker.run(SegmentedRaftLogWorker.java:289)
	at java.lang.Thread.run(Thread.java:748)
Caused by: java.util.concurrent.TimeoutException
	at java.util.concurrent.CompletableFuture.timedGet(CompletableFuture.java:1771)
	at java.util.concurrent.CompletableFuture.get(CompletableFuture.java:1915)
	at org.apache.ratis.util.IOUtils.getFromFuture(IOUtils.java:79)
	... 4 more
2019-09-11 21:35:52,992 [64758d78-93e8-4c7e-ac45-b585f050bda2@group-918A56EF0495-SegmentedRaftLogWorker] WARN  segmented.SegmentedRaftLogWorker (SegmentedRaftLogWorker.java:getFromFuture(90)) - Timeout 13/~
org.apache.ratis.protocol.TimeoutIOException: Timeout 10s: WriteLog:14: (t:2, i:14), STATEMACHINELOGENTRY, client-6F86920D2D5F, cid=25-writeStateMachineData
	at org.apache.ratis.util.IOUtils.getFromFuture(IOUtils.java:87)
	at org.apache.ratis.server.raftlog.segmented.SegmentedRaftLogWorker$StateMachineDataPolicy.getFromFuture(SegmentedRaftLogWorker.java:87)
	at org.apache.ratis.server.raftlog.segmented.SegmentedRaftLogWorker$WriteLog.execute(SegmentedRaftLogWorker.java:477)
	at org.apache.ratis.server.raftlog.segmented.SegmentedRaftLogWorker.run(SegmentedRaftLogWorker.java:289)
	at java.lang.Thread.run(Thread.java:748)
Caused by: java.util.concurrent.TimeoutException
	at java.util.concurrent.CompletableFuture.timedGet(CompletableFuture.java:1771)
	at java.util.concurrent.CompletableFuture.get(CompletableFuture.java:1915)
	at org.apache.ratis.util.IOUtils.getFromFuture(IOUtils.java:79)
	... 4 more
2019-09-11 21:35:52,993 [f766e53e-50c1-4258-ad0c-9c8d360b84f6@group-918A56EF0495-SegmentedRaftLogWorker] WARN  segmented.SegmentedRaftLogWorker (SegmentedRaftLogWorker.java:getFromFuture(90)) - Timeout 13/~
org.apache.ratis.protocol.TimeoutIOException: Timeout 10s: WriteLog:14: (t:2, i:14), STATEMACHINELOGENTRY, client-6F86920D2D5F, cid=25-writeStateMachineData
	at org.apache.ratis.util.IOUtils.getFromFuture(IOUtils.java:87)
	at org.apache.ratis.server.raftlog.segmented.SegmentedRaftLogWorker$StateMachineDataPolicy.getFromFuture(SegmentedRaftLogWorker.java:87)
	at org.apache.ratis.server.raftlog.segmented.SegmentedRaftLogWorker$WriteLog.execute(SegmentedRaftLogWorker.java:477)
	at org.apache.ratis.server.raftlog.segmented.SegmentedRaftLogWorker.run(SegmentedRaftLogWorker.java:289)
	at java.lang.Thread.run(Thread.java:748)
Caused by: java.util.concurrent.TimeoutException
	at java.util.concurrent.CompletableFuture.timedGet(CompletableFuture.java:1771)
	at java.util.concurrent.CompletableFuture.get(CompletableFuture.java:1915)
	at org.apache.ratis.util.IOUtils.getFromFuture(IOUtils.java:79)
	... 4 more
2019-09-11 21:35:53,500 [org.apache.ratis.server.impl.LogAppender$AppenderDaemon$$Lambda$508/1744287559@19acc2dc] ERROR ratis.XceiverServerRatis (XceiverServerRatis.java:triggerPipelineClose(568)) - pipeline Action CLOSE  on pipeline PipelineID=2ead2db8-3de7-4f6a-bd2b-918a56ef0495.Reason : dcfcd112-014e-43fc-a356-31bdd3cb4a32 has not seen follower/s 64758d78-93e8-4c7e-ac45-b585f050bda2 for 140991ms f766e53e-50c1-4258-ad0c-9c8d360b84f6 for 140991ms
2019-09-11 21:35:53,500 [org.apache.ratis.server.impl.LogAppender$AppenderDaemon$$Lambda$508/1744287559@a303446] ERROR ratis.XceiverServerRatis (XceiverServerRatis.java:triggerPipelineClose(568)) - pipeline Action CLOSE  on pipeline PipelineID=2ead2db8-3de7-4f6a-bd2b-918a56ef0495.Reason : dcfcd112-014e-43fc-a356-31bdd3cb4a32 has not seen follower/s 64758d78-93e8-4c7e-ac45-b585f050bda2 for 140991ms f766e53e-50c1-4258-ad0c-9c8d360b84f6 for 140991ms
2019-09-11 21:35:53,989 [EventQueue-PipelineActionsForPipelineActionHandler] ERROR pipeline.PipelineActionHandler (PipelineActionHandler.java:onMessage(60)) - Received pipeline action CLOSE for Pipeline[ Id: 2ead2db8-3de7-4f6a-bd2b-918a56ef0495, Nodes: 64758d78-93e8-4c7e-ac45-b585f050bda2{ip: 192.168.34.45, host: pr-hdds-2106-g2ln6-2689029927, networkLocation: /default-rack, certSerialId: null}f766e53e-50c1-4258-ad0c-9c8d360b84f6{ip: 192.168.34.45, host: pr-hdds-2106-g2ln6-2689029927, networkLocation: /default-rack, certSerialId: null}dcfcd112-014e-43fc-a356-31bdd3cb4a32{ip: 192.168.34.45, host: pr-hdds-2106-g2ln6-2689029927, networkLocation: /default-rack, certSerialId: null}, Type:RATIS, Factor:THREE, State:CLOSED] from datanode dcfcd112-014e-43fc-a356-31bdd3cb4a32{ip: 192.168.34.45, host: pr-hdds-2106-g2ln6-2689029927, networkLocation: /default-rack, certSerialId: null}. Reason : dcfcd112-014e-43fc-a356-31bdd3cb4a32 has not seen follower/s 64758d78-93e8-4c7e-ac45-b585f050bda2 for 140991ms f766e53e-50c1-4258-ad0c-9c8d360b84f6 for 140991ms
2019-09-11 21:35:53,990 [EventQueue-PipelineActionsForPipelineActionHandler] INFO  pipeline.SCMPipelineManager (SCMPipelineManager.java:finalizeAndDestroyPipeline(311)) - destroying pipeline:Pipeline[ Id: 2ead2db8-3de7-4f6a-bd2b-918a56ef0495, Nodes: 64758d78-93e8-4c7e-ac45-b585f050bda2{ip: 192.168.34.45, host: pr-hdds-2106-g2ln6-2689029927, networkLocation: /default-rack, certSerialId: null}f766e53e-50c1-4258-ad0c-9c8d360b84f6{ip: 192.168.34.45, host: pr-hdds-2106-g2ln6-2689029927, networkLocation: /default-rack, certSerialId: null}dcfcd112-014e-43fc-a356-31bdd3cb4a32{ip: 192.168.34.45, host: pr-hdds-2106-g2ln6-2689029927, networkLocation: /default-rack, certSerialId: null}, Type:RATIS, Factor:THREE, State:CLOSED]
2019-09-11 21:35:53,999 [java.util.concurrent.ThreadPoolExecutor$Worker@3692a2f9[State = -1, empty queue]] WARN  server.GrpcLogAppender (GrpcLogAppender.java:timeoutAppendRequest(200)) - dcfcd112-014e-43fc-a356-31bdd3cb4a32@group-918A56EF0495->64758d78-93e8-4c7e-ac45-b585f050bda2-GrpcLogAppender: appendEntries Timeout, request=dcfcd112-014e-43fc-a356-31bdd3cb4a32->64758d78-93e8-4c7e-ac45-b585f050bda2#75-t2, previous=(t:2, i:19), leaderCommit=12, initializing? false, entries: <empty>
2019-09-11 21:35:53,999 [java.util.concurrent.ThreadPoolExecutor$Worker@587a3968[State = -1, empty queue]] WARN  server.GrpcLogAppender (GrpcLogAppender.java:timeoutAppendRequest(200)) - dcfcd112-014e-43fc-a356-31bdd3cb4a32@group-918A56EF0495->f766e53e-50c1-4258-ad0c-9c8d360b84f6-GrpcLogAppender: appendEntries Timeout, request=dcfcd112-014e-43fc-a356-31bdd3cb4a32->f766e53e-50c1-4258-ad0c-9c8d360b84f6#75-t2, previous=(t:2, i:19), leaderCommit=12, initializing? false, entries: <empty>
2019-09-11 21:35:54,171 [grpc-default-executor-4] INFO  client.GrpcClientProtocolClient (GrpcClientProtocolClient.java:onNext(264)) - client-6F86920D2D5F->f766e53e-50c1-4258-ad0c-9c8d360b84f6: receive RaftClientReply:client-6F86920D2D5F->f766e53e-50c1-4258-ad0c-9c8d360b84f6@group-918A56EF0495, cid=24, FAILED org.apache.ratis.protocol.NotLeaderException: Server f766e53e-50c1-4258-ad0c-9c8d360b84f6@group-918A56EF0495 is not the leader dcfcd112-014e-43fc-a356-31bdd3cb4a32:192.168.34.45:39948, logIndex=0, commits[f766e53e-50c1-4258-ad0c-9c8d360b84f6:c12, dcfcd112-014e-43fc-a356-31bdd3cb4a32:c12, 64758d78-93e8-4c7e-ac45-b585f050bda2:c10]
2019-09-11 21:35:56,001 [org.apache.ratis.server.impl.LogAppender$AppenderDaemon$$Lambda$508/1744287559@19acc2dc] ERROR ratis.XceiverServerRatis (XceiverServerRatis.java:triggerPipelineClose(568)) - pipeline Action CLOSE  on pipeline PipelineID=2ead2db8-3de7-4f6a-bd2b-918a56ef0495.Reason : dcfcd112-014e-43fc-a356-31bdd3cb4a32 has not seen follower/s 64758d78-93e8-4c7e-ac45-b585f050bda2 for 143492ms f766e53e-50c1-4258-ad0c-9c8d360b84f6 for 143492ms
2019-09-11 21:35:56,001 [org.apache.ratis.server.impl.LogAppender$AppenderDaemon$$Lambda$508/1744287559@a303446] ERROR ratis.XceiverServerRatis (XceiverServerRatis.java:triggerPipelineClose(568)) - pipeline Action CLOSE  on pipeline PipelineID=2ead2db8-3de7-4f6a-bd2b-918a56ef0495.Reason : dcfcd112-014e-43fc-a356-31bdd3cb4a32 has not seen follower/s 64758d78-93e8-4c7e-ac45-b585f050bda2 for 143492ms f766e53e-50c1-4258-ad0c-9c8d360b84f6 for 143492ms
2019-09-11 21:35:56,500 [java.util.concurrent.ThreadPoolExecutor$Worker@3692a2f9[State = -1, empty queue]] WARN  server.GrpcLogAppender (GrpcLogAppender.java:timeoutAppendRequest(200)) - dcfcd112-014e-43fc-a356-31bdd3cb4a32@group-918A56EF0495->64758d78-93e8-4c7e-ac45-b585f050bda2-GrpcLogAppender: appendEntries Timeout, request=dcfcd112-014e-43fc-a356-31bdd3cb4a32->64758d78-93e8-4c7e-ac45-b585f050bda2#76-t2, previous=(t:2, i:19), leaderCommit=12, initializing? false, entries: <empty>
2019-09-11 21:35:56,500 [java.util.concurrent.ThreadPoolExecutor$Worker@587a3968[State = -1, empty queue]] WARN  server.GrpcLogAppender (GrpcLogAppender.java:timeoutAppendRequest(200)) - dcfcd112-014e-43fc-a356-31bdd3cb4a32@group-918A56EF0495->f766e53e-50c1-4258-ad0c-9c8d360b84f6-GrpcLogAppender: appendEntries Timeout, request=dcfcd112-014e-43fc-a356-31bdd3cb4a32->f766e53e-50c1-4258-ad0c-9c8d360b84f6#76-t2, previous=(t:2, i:19), leaderCommit=12, initializing? false, entries: <empty>
2019-09-11 21:35:56,990 [EventQueue-PipelineActionsForPipelineActionHandler] ERROR pipeline.PipelineActionHandler (PipelineActionHandler.java:onMessage(60)) - Received pipeline action CLOSE for Pipeline[ Id: 2ead2db8-3de7-4f6a-bd2b-918a56ef0495, Nodes: 64758d78-93e8-4c7e-ac45-b585f050bda2{ip: 192.168.34.45, host: pr-hdds-2106-g2ln6-2689029927, networkLocation: /default-rack, certSerialId: null}f766e53e-50c1-4258-ad0c-9c8d360b84f6{ip: 192.168.34.45, host: pr-hdds-2106-g2ln6-2689029927, networkLocation: /default-rack, certSerialId: null}dcfcd112-014e-43fc-a356-31bdd3cb4a32{ip: 192.168.34.45, host: pr-hdds-2106-g2ln6-2689029927, networkLocation: /default-rack, certSerialId: null}, Type:RATIS, Factor:THREE, State:CLOSED] from datanode dcfcd112-014e-43fc-a356-31bdd3cb4a32{ip: 192.168.34.45, host: pr-hdds-2106-g2ln6-2689029927, networkLocation: /default-rack, certSerialId: null}. Reason : dcfcd112-014e-43fc-a356-31bdd3cb4a32 has not seen follower/s 64758d78-93e8-4c7e-ac45-b585f050bda2 for 143492ms f766e53e-50c1-4258-ad0c-9c8d360b84f6 for 143492ms
2019-09-11 21:35:56,990 [EventQueue-PipelineActionsForPipelineActionHandler] INFO  pipeline.SCMPipelineManager (SCMPipelineManager.java:finalizeAndDestroyPipeline(311)) - destroying pipeline:Pipeline[ Id: 2ead2db8-3de7-4f6a-bd2b-918a56ef0495, Nodes: 64758d78-93e8-4c7e-ac45-b585f050bda2{ip: 192.168.34.45, host: pr-hdds-2106-g2ln6-2689029927, networkLocation: /default-rack, certSerialId: null}f766e53e-50c1-4258-ad0c-9c8d360b84f6{ip: 192.168.34.45, host: pr-hdds-2106-g2ln6-2689029927, networkLocation: /default-rack, certSerialId: null}dcfcd112-014e-43fc-a356-31bdd3cb4a32{ip: 192.168.34.45, host: pr-hdds-2106-g2ln6-2689029927, networkLocation: /default-rack, certSerialId: null}, Type:RATIS, Factor:THREE, State:CLOSED]
2019-09-11 21:35:58,502 [org.apache.ratis.server.impl.LogAppender$AppenderDaemon$$Lambda$508/1744287559@a303446] ERROR ratis.XceiverServerRatis (XceiverServerRatis.java:triggerPipelineClose(568)) - pipeline Action CLOSE  on pipeline PipelineID=2ead2db8-3de7-4f6a-bd2b-918a56ef0495.Reason : dcfcd112-014e-43fc-a356-31bdd3cb4a32 has not seen follower/s 64758d78-93e8-4c7e-ac45-b585f050bda2 for 145993ms f766e53e-50c1-4258-ad0c-9c8d360b84f6 for 145993ms
2019-09-11 21:35:58,502 [org.apache.ratis.server.impl.LogAppender$AppenderDaemon$$Lambda$508/1744287559@19acc2dc] ERROR ratis.XceiverServerRatis (XceiverServerRatis.java:triggerPipelineClose(568)) - pipeline Action CLOSE  on pipeline PipelineID=2ead2db8-3de7-4f6a-bd2b-918a56ef0495.Reason : dcfcd112-014e-43fc-a356-31bdd3cb4a32 has not seen follower/s 64758d78-93e8-4c7e-ac45-b585f050bda2 for 145993ms f766e53e-50c1-4258-ad0c-9c8d360b84f6 for 145993ms
2019-09-11 21:35:58,990 [EventQueue-PipelineActionsForPipelineActionHandler] ERROR pipeline.PipelineActionHandler (PipelineActionHandler.java:onMessage(60)) - Received pipeline action CLOSE for Pipeline[ Id: 2ead2db8-3de7-4f6a-bd2b-918a56ef0495, Nodes: 64758d78-93e8-4c7e-ac45-b585f050bda2{ip: 192.168.34.45, host: pr-hdds-2106-g2ln6-2689029927, networkLocation: /default-rack, certSerialId: null}f766e53e-50c1-4258-ad0c-9c8d360b84f6{ip: 192.168.34.45, host: pr-hdds-2106-g2ln6-2689029927, networkLocation: /default-rack, certSerialId: null}dcfcd112-014e-43fc-a356-31bdd3cb4a32{ip: 192.168.34.45, host: pr-hdds-2106-g2ln6-2689029927, networkLocation: /default-rack, certSerialId: null}, Type:RATIS, Factor:THREE, State:CLOSED] from datanode dcfcd112-014e-43fc-a356-31bdd3cb4a32{ip: 192.168.34.45, host: pr-hdds-2106-g2ln6-2689029927, networkLocation: /default-rack, certSerialId: null}. Reason : dcfcd112-014e-43fc-a356-31bdd3cb4a32 has not seen follower/s 64758d78-93e8-4c7e-ac45-b585f050bda2 for 145993ms f766e53e-50c1-4258-ad0c-9c8d360b84f6 for 145993ms
2019-09-11 21:35:58,990 [EventQueue-PipelineActionsForPipelineActionHandler] INFO  pipeline.SCMPipelineManager (SCMPipelineManager.java:finalizeAndDestroyPipeline(311)) - destroying pipeline:Pipeline[ Id: 2ead2db8-3de7-4f6a-bd2b-918a56ef0495, Nodes: 64758d78-93e8-4c7e-ac45-b585f050bda2{ip: 192.168.34.45, host: pr-hdds-2106-g2ln6-2689029927, networkLocation: /default-rack, certSerialId: null}f766e53e-50c1-4258-ad0c-9c8d360b84f6{ip: 192.168.34.45, host: pr-hdds-2106-g2ln6-2689029927, networkLocation: /default-rack, certSerialId: null}dcfcd112-014e-43fc-a356-31bdd3cb4a32{ip: 192.168.34.45, host: pr-hdds-2106-g2ln6-2689029927, networkLocation: /default-rack, certSerialId: null}, Type:RATIS, Factor:THREE, State:CLOSED]
2019-09-11 21:35:59,001 [java.util.concurrent.ThreadPoolExecutor$Worker@587a3968[State = -1, empty queue]] WARN  server.GrpcLogAppender (GrpcLogAppender.java:timeoutAppendRequest(200)) - dcfcd112-014e-43fc-a356-31bdd3cb4a32@group-918A56EF0495->f766e53e-50c1-4258-ad0c-9c8d360b84f6-GrpcLogAppender: appendEntries Timeout, request=dcfcd112-014e-43fc-a356-31bdd3cb4a32->f766e53e-50c1-4258-ad0c-9c8d360b84f6#77-t2, previous=(t:2, i:19), leaderCommit=12, initializing? false, entries: <empty>
2019-09-11 21:35:59,001 [java.util.concurrent.ThreadPoolExecutor$Worker@3692a2f9[State = -1, empty queue]] WARN  server.GrpcLogAppender (GrpcLogAppender.java:timeoutAppendRequest(200)) - dcfcd112-014e-43fc-a356-31bdd3cb4a32@group-918A56EF0495->64758d78-93e8-4c7e-ac45-b585f050bda2-GrpcLogAppender: appendEntries Timeout, request=dcfcd112-014e-43fc-a356-31bdd3cb4a32->64758d78-93e8-4c7e-ac45-b585f050bda2#77-t2, previous=(t:2, i:19), leaderCommit=12, initializing? false, entries: <empty>
2019-09-11 21:35:59,216 [grpc-default-executor-6] INFO  client.GrpcClientProtocolClient (GrpcClientProtocolClient.java:onNext(264)) - client-6F86920D2D5F->f766e53e-50c1-4258-ad0c-9c8d360b84f6: receive RaftClientReply:client-6F86920D2D5F->f766e53e-50c1-4258-ad0c-9c8d360b84f6@group-918A56EF0495, cid=24, FAILED org.apache.ratis.protocol.NotLeaderException: Server f766e53e-50c1-4258-ad0c-9c8d360b84f6@group-918A56EF0495 is not the leader dcfcd112-014e-43fc-a356-31bdd3cb4a32:192.168.34.45:39948, logIndex=0, commits[f766e53e-50c1-4258-ad0c-9c8d360b84f6:c12, dcfcd112-014e-43fc-a356-31bdd3cb4a32:c12, 64758d78-93e8-4c7e-ac45-b585f050bda2:c10]
2019-09-11 21:36:01,004 [org.apache.ratis.server.impl.LogAppender$AppenderDaemon$$Lambda$508/1744287559@19acc2dc] ERROR ratis.XceiverServerRatis (XceiverServerRatis.java:triggerPipelineClose(568)) - pipeline Action CLOSE  on pipeline PipelineID=2ead2db8-3de7-4f6a-bd2b-918a56ef0495.Reason : dcfcd112-014e-43fc-a356-31bdd3cb4a32 has not seen follower/s 64758d78-93e8-4c7e-ac45-b585f050bda2 for 148494ms f766e53e-50c1-4258-ad0c-9c8d360b84f6 for 148494ms
2019-09-11 21:36:01,004 [org.apache.ratis.server.impl.LogAppender$AppenderDaemon$$Lambda$508/1744287559@a303446] ERROR ratis.XceiverServerRatis (XceiverServerRatis.java:triggerPipelineClose(568)) - pipeline Action CLOSE  on pipeline PipelineID=2ead2db8-3de7-4f6a-bd2b-918a56ef0495.Reason : dcfcd112-014e-43fc-a356-31bdd3cb4a32 has not seen follower/s 64758d78-93e8-4c7e-ac45-b585f050bda2 for 148494ms f766e53e-50c1-4258-ad0c-9c8d360b84f6 for 148494ms
2019-09-11 21:36:01,502 [java.util.concurrent.ThreadPoolExecutor$Worker@587a3968[State = -1, empty queue]] WARN  server.GrpcLogAppender (GrpcLogAppender.java:timeoutAppendRequest(200)) - dcfcd112-014e-43fc-a356-31bdd3cb4a32@group-918A56EF0495->f766e53e-50c1-4258-ad0c-9c8d360b84f6-GrpcLogAppender: appendEntries Timeout, request=dcfcd112-014e-43fc-a356-31bdd3cb4a32->f766e53e-50c1-4258-ad0c-9c8d360b84f6#78-t2, previous=(t:2, i:19), leaderCommit=12, initializing? false, entries: <empty>
2019-09-11 21:36:01,502 [java.util.concurrent.ThreadPoolExecutor$Worker@3692a2f9[State = -1, empty queue]] WARN  server.GrpcLogAppender (GrpcLogAppender.java:timeoutAppendRequest(200)) - dcfcd112-014e-43fc-a356-31bdd3cb4a32@group-918A56EF0495->64758d78-93e8-4c7e-ac45-b585f050bda2-GrpcLogAppender: appendEntries Timeout, request=dcfcd112-014e-43fc-a356-31bdd3cb4a32->64758d78-93e8-4c7e-ac45-b585f050bda2#78-t2, previous=(t:2, i:19), leaderCommit=12, initializing? false, entries: <empty>
2019-09-11 21:36:01,990 [EventQueue-PipelineActionsForPipelineActionHandler] ERROR pipeline.PipelineActionHandler (PipelineActionHandler.java:onMessage(60)) - Received pipeline action CLOSE for Pipeline[ Id: 2ead2db8-3de7-4f6a-bd2b-918a56ef0495, Nodes: 64758d78-93e8-4c7e-ac45-b585f050bda2{ip: 192.168.34.45, host: pr-hdds-2106-g2ln6-2689029927, networkLocation: /default-rack, certSerialId: null}f766e53e-50c1-4258-ad0c-9c8d360b84f6{ip: 192.168.34.45, host: pr-hdds-2106-g2ln6-2689029927, networkLocation: /default-rack, certSerialId: null}dcfcd112-014e-43fc-a356-31bdd3cb4a32{ip: 192.168.34.45, host: pr-hdds-2106-g2ln6-2689029927, networkLocation: /default-rack, certSerialId: null}, Type:RATIS, Factor:THREE, State:CLOSED] from datanode dcfcd112-014e-43fc-a356-31bdd3cb4a32{ip: 192.168.34.45, host: pr-hdds-2106-g2ln6-2689029927, networkLocation: /default-rack, certSerialId: null}. Reason : dcfcd112-014e-43fc-a356-31bdd3cb4a32 has not seen follower/s 64758d78-93e8-4c7e-ac45-b585f050bda2 for 148494ms f766e53e-50c1-4258-ad0c-9c8d360b84f6 for 148494ms
2019-09-11 21:36:01,990 [EventQueue-PipelineActionsForPipelineActionHandler] INFO  pipeline.SCMPipelineManager (SCMPipelineManager.java:finalizeAndDestroyPipeline(311)) - destroying pipeline:Pipeline[ Id: 2ead2db8-3de7-4f6a-bd2b-918a56ef0495, Nodes: 64758d78-93e8-4c7e-ac45-b585f050bda2{ip: 192.168.34.45, host: pr-hdds-2106-g2ln6-2689029927, networkLocation: /default-rack, certSerialId: null}f766e53e-50c1-4258-ad0c-9c8d360b84f6{ip: 192.168.34.45, host: pr-hdds-2106-g2ln6-2689029927, networkLocation: /default-rack, certSerialId: null}dcfcd112-014e-43fc-a356-31bdd3cb4a32{ip: 192.168.34.45, host: pr-hdds-2106-g2ln6-2689029927, networkLocation: /default-rack, certSerialId: null}, Type:RATIS, Factor:THREE, State:CLOSED]
2019-09-11 21:36:02,972 [dcfcd112-014e-43fc-a356-31bdd3cb4a32@group-918A56EF0495-SegmentedRaftLogWorker] WARN  segmented.SegmentedRaftLogWorker (SegmentedRaftLogWorker.java:getFromFuture(90)) - Timeout 14/~
org.apache.ratis.protocol.TimeoutIOException: Timeout 10s: WriteLog:14: (t:2, i:14), STATEMACHINELOGENTRY, client-6F86920D2D5F, cid=25-writeStateMachineData
	at org.apache.ratis.util.IOUtils.getFromFuture(IOUtils.java:87)
	at org.apache.ratis.server.raftlog.segmented.SegmentedRaftLogWorker$StateMachineDataPolicy.getFromFuture(SegmentedRaftLogWorker.java:87)
	at org.apache.ratis.server.raftlog.segmented.SegmentedRaftLogWorker$WriteLog.execute(SegmentedRaftLogWorker.java:477)
	at org.apache.ratis.server.raftlog.segmented.SegmentedRaftLogWorker.run(SegmentedRaftLogWorker.java:289)
	at java.lang.Thread.run(Thread.java:748)
Caused by: java.util.concurrent.TimeoutException
	at java.util.concurrent.CompletableFuture.timedGet(CompletableFuture.java:1771)
	at java.util.concurrent.CompletableFuture.get(CompletableFuture.java:1915)
	at org.apache.ratis.util.IOUtils.getFromFuture(IOUtils.java:79)
	... 4 more
2019-09-11 21:36:02,993 [64758d78-93e8-4c7e-ac45-b585f050bda2@group-918A56EF0495-SegmentedRaftLogWorker] WARN  segmented.SegmentedRaftLogWorker (SegmentedRaftLogWorker.java:getFromFuture(90)) - Timeout 14/~
org.apache.ratis.protocol.TimeoutIOException: Timeout 10s: WriteLog:14: (t:2, i:14), STATEMACHINELOGENTRY, client-6F86920D2D5F, cid=25-writeStateMachineData
	at org.apache.ratis.util.IOUtils.getFromFuture(IOUtils.java:87)
	at org.apache.ratis.server.raftlog.segmented.SegmentedRaftLogWorker$StateMachineDataPolicy.getFromFuture(SegmentedRaftLogWorker.java:87)
	at org.apache.ratis.server.raftlog.segmented.SegmentedRaftLogWorker$WriteLog.execute(SegmentedRaftLogWorker.java:477)
	at org.apache.ratis.server.raftlog.segmented.SegmentedRaftLogWorker.run(SegmentedRaftLogWorker.java:289)
	at java.lang.Thread.run(Thread.java:748)
Caused by: java.util.concurrent.TimeoutException
	at java.util.concurrent.CompletableFuture.timedGet(CompletableFuture.java:1771)
	at java.util.concurrent.CompletableFuture.get(CompletableFuture.java:1915)
	at org.apache.ratis.util.IOUtils.getFromFuture(IOUtils.java:79)
	... 4 more
2019-09-11 21:36:02,994 [f766e53e-50c1-4258-ad0c-9c8d360b84f6@group-918A56EF0495-SegmentedRaftLogWorker] WARN  segmented.SegmentedRaftLogWorker (SegmentedRaftLogWorker.java:getFromFuture(90)) - Timeout 14/~
org.apache.ratis.protocol.TimeoutIOException: Timeout 10s: WriteLog:14: (t:2, i:14), STATEMACHINELOGENTRY, client-6F86920D2D5F, cid=25-writeStateMachineData
	at org.apache.ratis.util.IOUtils.getFromFuture(IOUtils.java:87)
	at org.apache.ratis.server.raftlog.segmented.SegmentedRaftLogWorker$StateMachineDataPolicy.getFromFuture(SegmentedRaftLogWorker.java:87)
	at org.apache.ratis.server.raftlog.segmented.SegmentedRaftLogWorker$WriteLog.execute(SegmentedRaftLogWorker.java:477)
	at org.apache.ratis.server.raftlog.segmented.SegmentedRaftLogWorker.run(SegmentedRaftLogWorker.java:289)
	at java.lang.Thread.run(Thread.java:748)
Caused by: java.util.concurrent.TimeoutException
	at java.util.concurrent.CompletableFuture.timedGet(CompletableFuture.java:1771)
	at java.util.concurrent.CompletableFuture.get(CompletableFuture.java:1915)
	at org.apache.ratis.util.IOUtils.getFromFuture(IOUtils.java:79)
	... 4 more
2019-09-11 21:36:03,505 [org.apache.ratis.server.impl.LogAppender$AppenderDaemon$$Lambda$508/1744287559@19acc2dc] ERROR ratis.XceiverServerRatis (XceiverServerRatis.java:triggerPipelineClose(568)) - pipeline Action CLOSE  on pipeline PipelineID=2ead2db8-3de7-4f6a-bd2b-918a56ef0495.Reason : dcfcd112-014e-43fc-a356-31bdd3cb4a32 has not seen follower/s 64758d78-93e8-4c7e-ac45-b585f050bda2 for 150996ms f766e53e-50c1-4258-ad0c-9c8d360b84f6 for 150996ms
2019-09-11 21:36:03,505 [org.apache.ratis.server.impl.LogAppender$AppenderDaemon$$Lambda$508/1744287559@a303446] ERROR ratis.XceiverServerRatis (XceiverServerRatis.java:triggerPipelineClose(568)) - pipeline Action CLOSE  on pipeline PipelineID=2ead2db8-3de7-4f6a-bd2b-918a56ef0495.Reason : dcfcd112-014e-43fc-a356-31bdd3cb4a32 has not seen follower/s 64758d78-93e8-4c7e-ac45-b585f050bda2 for 150996ms f766e53e-50c1-4258-ad0c-9c8d360b84f6 for 150996ms
2019-09-11 21:36:03,990 [EventQueue-PipelineActionsForPipelineActionHandler] ERROR pipeline.PipelineActionHandler (PipelineActionHandler.java:onMessage(60)) - Received pipeline action CLOSE for Pipeline[ Id: 2ead2db8-3de7-4f6a-bd2b-918a56ef0495, Nodes: 64758d78-93e8-4c7e-ac45-b585f050bda2{ip: 192.168.34.45, host: pr-hdds-2106-g2ln6-2689029927, networkLocation: /default-rack, certSerialId: null}f766e53e-50c1-4258-ad0c-9c8d360b84f6{ip: 192.168.34.45, host: pr-hdds-2106-g2ln6-2689029927, networkLocation: /default-rack, certSerialId: null}dcfcd112-014e-43fc-a356-31bdd3cb4a32{ip: 192.168.34.45, host: pr-hdds-2106-g2ln6-2689029927, networkLocation: /default-rack, certSerialId: null}, Type:RATIS, Factor:THREE, State:CLOSED] from datanode dcfcd112-014e-43fc-a356-31bdd3cb4a32{ip: 192.168.34.45, host: pr-hdds-2106-g2ln6-2689029927, networkLocation: /default-rack, certSerialId: null}. Reason : dcfcd112-014e-43fc-a356-31bdd3cb4a32 has not seen follower/s 64758d78-93e8-4c7e-ac45-b585f050bda2 for 150996ms f766e53e-50c1-4258-ad0c-9c8d360b84f6 for 150996ms
2019-09-11 21:36:03,991 [EventQueue-PipelineActionsForPipelineActionHandler] INFO  pipeline.SCMPipelineManager (SCMPipelineManager.java:finalizeAndDestroyPipeline(311)) - destroying pipeline:Pipeline[ Id: 2ead2db8-3de7-4f6a-bd2b-918a56ef0495, Nodes: 64758d78-93e8-4c7e-ac45-b585f050bda2{ip: 192.168.34.45, host: pr-hdds-2106-g2ln6-2689029927, networkLocation: /default-rack, certSerialId: null}f766e53e-50c1-4258-ad0c-9c8d360b84f6{ip: 192.168.34.45, host: pr-hdds-2106-g2ln6-2689029927, networkLocation: /default-rack, certSerialId: null}dcfcd112-014e-43fc-a356-31bdd3cb4a32{ip: 192.168.34.45, host: pr-hdds-2106-g2ln6-2689029927, networkLocation: /default-rack, certSerialId: null}, Type:RATIS, Factor:THREE, State:CLOSED]
2019-09-11 21:36:04,003 [java.util.concurrent.ThreadPoolExecutor$Worker@587a3968[State = -1, empty queue]] WARN  server.GrpcLogAppender (GrpcLogAppender.java:timeoutAppendRequest(200)) - dcfcd112-014e-43fc-a356-31bdd3cb4a32@group-918A56EF0495->f766e53e-50c1-4258-ad0c-9c8d360b84f6-GrpcLogAppender: appendEntries Timeout, request=dcfcd112-014e-43fc-a356-31bdd3cb4a32->f766e53e-50c1-4258-ad0c-9c8d360b84f6#79-t2, previous=(t:2, i:19), leaderCommit=12, initializing? false, entries: <empty>
2019-09-11 21:36:04,003 [java.util.concurrent.ThreadPoolExecutor$Worker@3692a2f9[State = -1, empty queue]] WARN  server.GrpcLogAppender (GrpcLogAppender.java:timeoutAppendRequest(200)) - dcfcd112-014e-43fc-a356-31bdd3cb4a32@group-918A56EF0495->64758d78-93e8-4c7e-ac45-b585f050bda2-GrpcLogAppender: appendEntries Timeout, request=dcfcd112-014e-43fc-a356-31bdd3cb4a32->64758d78-93e8-4c7e-ac45-b585f050bda2#79-t2, previous=(t:2, i:19), leaderCommit=12, initializing? false, entries: <empty>
2019-09-11 21:36:04,261 [grpc-default-executor-4] INFO  client.GrpcClientProtocolClient (GrpcClientProtocolClient.java:onNext(264)) - client-6F86920D2D5F->f766e53e-50c1-4258-ad0c-9c8d360b84f6: receive RaftClientReply:client-6F86920D2D5F->f766e53e-50c1-4258-ad0c-9c8d360b84f6@group-918A56EF0495, cid=24, FAILED org.apache.ratis.protocol.NotLeaderException: Server f766e53e-50c1-4258-ad0c-9c8d360b84f6@group-918A56EF0495 is not the leader dcfcd112-014e-43fc-a356-31bdd3cb4a32:192.168.34.45:39948, logIndex=0, commits[f766e53e-50c1-4258-ad0c-9c8d360b84f6:c12, dcfcd112-014e-43fc-a356-31bdd3cb4a32:c12, 64758d78-93e8-4c7e-ac45-b585f050bda2:c10]
2019-09-11 21:36:06,006 [org.apache.ratis.server.impl.LogAppender$AppenderDaemon$$Lambda$508/1744287559@a303446] ERROR ratis.XceiverServerRatis (XceiverServerRatis.java:triggerPipelineClose(568)) - pipeline Action CLOSE  on pipeline PipelineID=2ead2db8-3de7-4f6a-bd2b-918a56ef0495.Reason : dcfcd112-014e-43fc-a356-31bdd3cb4a32 has not seen follower/s 64758d78-93e8-4c7e-ac45-b585f050bda2 for 153496ms f766e53e-50c1-4258-ad0c-9c8d360b84f6 for 153497ms
2019-09-11 21:36:06,006 [org.apache.ratis.server.impl.LogAppender$AppenderDaemon$$Lambda$508/1744287559@19acc2dc] ERROR ratis.XceiverServerRatis (XceiverServerRatis.java:triggerPipelineClose(568)) - pipeline Action CLOSE  on pipeline PipelineID=2ead2db8-3de7-4f6a-bd2b-918a56ef0495.Reason : dcfcd112-014e-43fc-a356-31bdd3cb4a32 has not seen follower/s 64758d78-93e8-4c7e-ac45-b585f050bda2 for 153496ms f766e53e-50c1-4258-ad0c-9c8d360b84f6 for 153497ms
2019-09-11 21:36:06,505 [java.util.concurrent.ThreadPoolExecutor$Worker@3692a2f9[State = -1, empty queue]] WARN  server.GrpcLogAppender (GrpcLogAppender.java:timeoutAppendRequest(200)) - dcfcd112-014e-43fc-a356-31bdd3cb4a32@group-918A56EF0495->64758d78-93e8-4c7e-ac45-b585f050bda2-GrpcLogAppender: appendEntries Timeout, request=dcfcd112-014e-43fc-a356-31bdd3cb4a32->64758d78-93e8-4c7e-ac45-b585f050bda2#80-t2, previous=(t:2, i:19), leaderCommit=12, initializing? false, entries: <empty>
2019-09-11 21:36:06,505 [java.util.concurrent.ThreadPoolExecutor$Worker@587a3968[State = -1, empty queue]] WARN  server.GrpcLogAppender (GrpcLogAppender.java:timeoutAppendRequest(200)) - dcfcd112-014e-43fc-a356-31bdd3cb4a32@group-918A56EF0495->f766e53e-50c1-4258-ad0c-9c8d360b84f6-GrpcLogAppender: appendEntries Timeout, request=dcfcd112-014e-43fc-a356-31bdd3cb4a32->f766e53e-50c1-4258-ad0c-9c8d360b84f6#80-t2, previous=(t:2, i:19), leaderCommit=12, initializing? false, entries: <empty>
2019-09-11 21:36:06,992 [EventQueue-PipelineActionsForPipelineActionHandler] ERROR pipeline.PipelineActionHandler (PipelineActionHandler.java:onMessage(60)) - Received pipeline action CLOSE for Pipeline[ Id: 2ead2db8-3de7-4f6a-bd2b-918a56ef0495, Nodes: 64758d78-93e8-4c7e-ac45-b585f050bda2{ip: 192.168.34.45, host: pr-hdds-2106-g2ln6-2689029927, networkLocation: /default-rack, certSerialId: null}f766e53e-50c1-4258-ad0c-9c8d360b84f6{ip: 192.168.34.45, host: pr-hdds-2106-g2ln6-2689029927, networkLocation: /default-rack, certSerialId: null}dcfcd112-014e-43fc-a356-31bdd3cb4a32{ip: 192.168.34.45, host: pr-hdds-2106-g2ln6-2689029927, networkLocation: /default-rack, certSerialId: null}, Type:RATIS, Factor:THREE, State:CLOSED] from datanode dcfcd112-014e-43fc-a356-31bdd3cb4a32{ip: 192.168.34.45, host: pr-hdds-2106-g2ln6-2689029927, networkLocation: /default-rack, certSerialId: null}. Reason : dcfcd112-014e-43fc-a356-31bdd3cb4a32 has not seen follower/s 64758d78-93e8-4c7e-ac45-b585f050bda2 for 153496ms f766e53e-50c1-4258-ad0c-9c8d360b84f6 for 153497ms
2019-09-11 21:36:06,992 [EventQueue-PipelineActionsForPipelineActionHandler] INFO  pipeline.SCMPipelineManager (SCMPipelineManager.java:finalizeAndDestroyPipeline(311)) - destroying pipeline:Pipeline[ Id: 2ead2db8-3de7-4f6a-bd2b-918a56ef0495, Nodes: 64758d78-93e8-4c7e-ac45-b585f050bda2{ip: 192.168.34.45, host: pr-hdds-2106-g2ln6-2689029927, networkLocation: /default-rack, certSerialId: null}f766e53e-50c1-4258-ad0c-9c8d360b84f6{ip: 192.168.34.45, host: pr-hdds-2106-g2ln6-2689029927, networkLocation: /default-rack, certSerialId: null}dcfcd112-014e-43fc-a356-31bdd3cb4a32{ip: 192.168.34.45, host: pr-hdds-2106-g2ln6-2689029927, networkLocation: /default-rack, certSerialId: null}, Type:RATIS, Factor:THREE, State:CLOSED]
2019-09-11 21:36:08,507 [org.apache.ratis.server.impl.LogAppender$AppenderDaemon$$Lambda$508/1744287559@a303446] ERROR ratis.XceiverServerRatis (XceiverServerRatis.java:triggerPipelineClose(568)) - pipeline Action CLOSE  on pipeline PipelineID=2ead2db8-3de7-4f6a-bd2b-918a56ef0495.Reason : dcfcd112-014e-43fc-a356-31bdd3cb4a32 has not seen follower/s 64758d78-93e8-4c7e-ac45-b585f050bda2 for 155997ms f766e53e-50c1-4258-ad0c-9c8d360b84f6 for 155998ms
2019-09-11 21:36:08,507 [org.apache.ratis.server.impl.LogAppender$AppenderDaemon$$Lambda$508/1744287559@19acc2dc] ERROR ratis.XceiverServerRatis (XceiverServerRatis.java:triggerPipelineClose(568)) - pipeline Action CLOSE  on pipeline PipelineID=2ead2db8-3de7-4f6a-bd2b-918a56ef0495.Reason : dcfcd112-014e-43fc-a356-31bdd3cb4a32 has not seen follower/s 64758d78-93e8-4c7e-ac45-b585f050bda2 for 155997ms f766e53e-50c1-4258-ad0c-9c8d360b84f6 for 155998ms
2019-09-11 21:36:08,992 [EventQueue-PipelineActionsForPipelineActionHandler] ERROR pipeline.PipelineActionHandler (PipelineActionHandler.java:onMessage(60)) - Received pipeline action CLOSE for Pipeline[ Id: 2ead2db8-3de7-4f6a-bd2b-918a56ef0495, Nodes: 64758d78-93e8-4c7e-ac45-b585f050bda2{ip: 192.168.34.45, host: pr-hdds-2106-g2ln6-2689029927, networkLocation: /default-rack, certSerialId: null}f766e53e-50c1-4258-ad0c-9c8d360b84f6{ip: 192.168.34.45, host: pr-hdds-2106-g2ln6-2689029927, networkLocation: /default-rack, certSerialId: null}dcfcd112-014e-43fc-a356-31bdd3cb4a32{ip: 192.168.34.45, host: pr-hdds-2106-g2ln6-2689029927, networkLocation: /default-rack, certSerialId: null}, Type:RATIS, Factor:THREE, State:CLOSED] from datanode dcfcd112-014e-43fc-a356-31bdd3cb4a32{ip: 192.168.34.45, host: pr-hdds-2106-g2ln6-2689029927, networkLocation: /default-rack, certSerialId: null}. Reason : dcfcd112-014e-43fc-a356-31bdd3cb4a32 has not seen follower/s 64758d78-93e8-4c7e-ac45-b585f050bda2 for 155997ms f766e53e-50c1-4258-ad0c-9c8d360b84f6 for 155998ms
2019-09-11 21:36:08,992 [EventQueue-PipelineActionsForPipelineActionHandler] INFO  pipeline.SCMPipelineManager (SCMPipelineManager.java:finalizeAndDestroyPipeline(311)) - destroying pipeline:Pipeline[ Id: 2ead2db8-3de7-4f6a-bd2b-918a56ef0495, Nodes: 64758d78-93e8-4c7e-ac45-b585f050bda2{ip: 192.168.34.45, host: pr-hdds-2106-g2ln6-2689029927, networkLocation: /default-rack, certSerialId: null}f766e53e-50c1-4258-ad0c-9c8d360b84f6{ip: 192.168.34.45, host: pr-hdds-2106-g2ln6-2689029927, networkLocation: /default-rack, certSerialId: null}dcfcd112-014e-43fc-a356-31bdd3cb4a32{ip: 192.168.34.45, host: pr-hdds-2106-g2ln6-2689029927, networkLocation: /default-rack, certSerialId: null}, Type:RATIS, Factor:THREE, State:CLOSED]
2019-09-11 21:36:09,006 [java.util.concurrent.ThreadPoolExecutor$Worker@587a3968[State = -1, empty queue]] WARN  server.GrpcLogAppender (GrpcLogAppender.java:timeoutAppendRequest(200)) - dcfcd112-014e-43fc-a356-31bdd3cb4a32@group-918A56EF0495->f766e53e-50c1-4258-ad0c-9c8d360b84f6-GrpcLogAppender: appendEntries Timeout, request=dcfcd112-014e-43fc-a356-31bdd3cb4a32->f766e53e-50c1-4258-ad0c-9c8d360b84f6#81-t2, previous=(t:2, i:19), leaderCommit=12, initializing? false, entries: <empty>
2019-09-11 21:36:09,006 [java.util.concurrent.ThreadPoolExecutor$Worker@3692a2f9[State = -1, empty queue]] WARN  server.GrpcLogAppender (GrpcLogAppender.java:timeoutAppendRequest(200)) - dcfcd112-014e-43fc-a356-31bdd3cb4a32@group-918A56EF0495->64758d78-93e8-4c7e-ac45-b585f050bda2-GrpcLogAppender: appendEntries Timeout, request=dcfcd112-014e-43fc-a356-31bdd3cb4a32->64758d78-93e8-4c7e-ac45-b585f050bda2#81-t2, previous=(t:2, i:19), leaderCommit=12, initializing? false, entries: <empty>
2019-09-11 21:36:09,318 [grpc-default-executor-4] INFO  client.GrpcClientProtocolClient (GrpcClientProtocolClient.java:onNext(264)) - client-6F86920D2D5F->f766e53e-50c1-4258-ad0c-9c8d360b84f6: receive RaftClientReply:client-6F86920D2D5F->f766e53e-50c1-4258-ad0c-9c8d360b84f6@group-918A56EF0495, cid=24, FAILED org.apache.ratis.protocol.NotLeaderException: Server f766e53e-50c1-4258-ad0c-9c8d360b84f6@group-918A56EF0495 is not the leader dcfcd112-014e-43fc-a356-31bdd3cb4a32:192.168.34.45:39948, logIndex=0, commits[f766e53e-50c1-4258-ad0c-9c8d360b84f6:c12, dcfcd112-014e-43fc-a356-31bdd3cb4a32:c12, 64758d78-93e8-4c7e-ac45-b585f050bda2:c10]
2019-09-11 21:36:11,008 [org.apache.ratis.server.impl.LogAppender$AppenderDaemon$$Lambda$508/1744287559@19acc2dc] ERROR ratis.XceiverServerRatis (XceiverServerRatis.java:triggerPipelineClose(568)) - pipeline Action CLOSE  on pipeline PipelineID=2ead2db8-3de7-4f6a-bd2b-918a56ef0495.Reason : dcfcd112-014e-43fc-a356-31bdd3cb4a32 has not seen follower/s 64758d78-93e8-4c7e-ac45-b585f050bda2 for 158498ms f766e53e-50c1-4258-ad0c-9c8d360b84f6 for 158499ms
2019-09-11 21:36:11,008 [org.apache.ratis.server.impl.LogAppender$AppenderDaemon$$Lambda$508/1744287559@a303446] ERROR ratis.XceiverServerRatis (XceiverServerRatis.java:triggerPipelineClose(568)) - pipeline Action CLOSE  on pipeline PipelineID=2ead2db8-3de7-4f6a-bd2b-918a56ef0495.Reason : dcfcd112-014e-43fc-a356-31bdd3cb4a32 has not seen follower/s 64758d78-93e8-4c7e-ac45-b585f050bda2 for 158498ms f766e53e-50c1-4258-ad0c-9c8d360b84f6 for 158499ms
2019-09-11 21:36:11,507 [java.util.concurrent.ThreadPoolExecutor$Worker@3692a2f9[State = -1, empty queue]] WARN  server.GrpcLogAppender (GrpcLogAppender.java:timeoutAppendRequest(200)) - dcfcd112-014e-43fc-a356-31bdd3cb4a32@group-918A56EF0495->64758d78-93e8-4c7e-ac45-b585f050bda2-GrpcLogAppender: appendEntries Timeout, request=dcfcd112-014e-43fc-a356-31bdd3cb4a32->64758d78-93e8-4c7e-ac45-b585f050bda2#82-t2, previous=(t:2, i:19), leaderCommit=12, initializing? false, entries: <empty>
2019-09-11 21:36:11,507 [java.util.concurrent.ThreadPoolExecutor$Worker@587a3968[State = -1, empty queue]] WARN  server.GrpcLogAppender (GrpcLogAppender.java:timeoutAppendRequest(200)) - dcfcd112-014e-43fc-a356-31bdd3cb4a32@group-918A56EF0495->f766e53e-50c1-4258-ad0c-9c8d360b84f6-GrpcLogAppender: appendEntries Timeout, request=dcfcd112-014e-43fc-a356-31bdd3cb4a32->f766e53e-50c1-4258-ad0c-9c8d360b84f6#82-t2, previous=(t:2, i:19), leaderCommit=12, initializing? false, entries: <empty>
2019-09-11 21:36:11,991 [EventQueue-PipelineActionsForPipelineActionHandler] ERROR pipeline.PipelineActionHandler (PipelineActionHandler.java:onMessage(60)) - Received pipeline action CLOSE for Pipeline[ Id: 2ead2db8-3de7-4f6a-bd2b-918a56ef0495, Nodes: 64758d78-93e8-4c7e-ac45-b585f050bda2{ip: 192.168.34.45, host: pr-hdds-2106-g2ln6-2689029927, networkLocation: /default-rack, certSerialId: null}f766e53e-50c1-4258-ad0c-9c8d360b84f6{ip: 192.168.34.45, host: pr-hdds-2106-g2ln6-2689029927, networkLocation: /default-rack, certSerialId: null}dcfcd112-014e-43fc-a356-31bdd3cb4a32{ip: 192.168.34.45, host: pr-hdds-2106-g2ln6-2689029927, networkLocation: /default-rack, certSerialId: null}, Type:RATIS, Factor:THREE, State:CLOSED] from datanode dcfcd112-014e-43fc-a356-31bdd3cb4a32{ip: 192.168.34.45, host: pr-hdds-2106-g2ln6-2689029927, networkLocation: /default-rack, certSerialId: null}. Reason : dcfcd112-014e-43fc-a356-31bdd3cb4a32 has not seen follower/s 64758d78-93e8-4c7e-ac45-b585f050bda2 for 158498ms f766e53e-50c1-4258-ad0c-9c8d360b84f6 for 158499ms
2019-09-11 21:36:11,992 [EventQueue-PipelineActionsForPipelineActionHandler] INFO  pipeline.SCMPipelineManager (SCMPipelineManager.java:finalizeAndDestroyPipeline(311)) - destroying pipeline:Pipeline[ Id: 2ead2db8-3de7-4f6a-bd2b-918a56ef0495, Nodes: 64758d78-93e8-4c7e-ac45-b585f050bda2{ip: 192.168.34.45, host: pr-hdds-2106-g2ln6-2689029927, networkLocation: /default-rack, certSerialId: null}f766e53e-50c1-4258-ad0c-9c8d360b84f6{ip: 192.168.34.45, host: pr-hdds-2106-g2ln6-2689029927, networkLocation: /default-rack, certSerialId: null}dcfcd112-014e-43fc-a356-31bdd3cb4a32{ip: 192.168.34.45, host: pr-hdds-2106-g2ln6-2689029927, networkLocation: /default-rack, certSerialId: null}, Type:RATIS, Factor:THREE, State:CLOSED]
2019-09-11 21:36:12,974 [dcfcd112-014e-43fc-a356-31bdd3cb4a32@group-918A56EF0495-SegmentedRaftLogWorker] WARN  segmented.SegmentedRaftLogWorker (SegmentedRaftLogWorker.java:getFromFuture(90)) - Timeout 15/~
org.apache.ratis.protocol.TimeoutIOException: Timeout 10s: WriteLog:14: (t:2, i:14), STATEMACHINELOGENTRY, client-6F86920D2D5F, cid=25-writeStateMachineData
	at org.apache.ratis.util.IOUtils.getFromFuture(IOUtils.java:87)
	at org.apache.ratis.server.raftlog.segmented.SegmentedRaftLogWorker$StateMachineDataPolicy.getFromFuture(SegmentedRaftLogWorker.java:87)
	at org.apache.ratis.server.raftlog.segmented.SegmentedRaftLogWorker$WriteLog.execute(SegmentedRaftLogWorker.java:477)
	at org.apache.ratis.server.raftlog.segmented.SegmentedRaftLogWorker.run(SegmentedRaftLogWorker.java:289)
	at java.lang.Thread.run(Thread.java:748)
Caused by: java.util.concurrent.TimeoutException
	at java.util.concurrent.CompletableFuture.timedGet(CompletableFuture.java:1771)
	at java.util.concurrent.CompletableFuture.get(CompletableFuture.java:1915)
	at org.apache.ratis.util.IOUtils.getFromFuture(IOUtils.java:79)
	... 4 more
2019-09-11 21:36:12,993 [64758d78-93e8-4c7e-ac45-b585f050bda2@group-918A56EF0495-SegmentedRaftLogWorker] WARN  segmented.SegmentedRaftLogWorker (SegmentedRaftLogWorker.java:getFromFuture(90)) - Timeout 15/~
org.apache.ratis.protocol.TimeoutIOException: Timeout 10s: WriteLog:14: (t:2, i:14), STATEMACHINELOGENTRY, client-6F86920D2D5F, cid=25-writeStateMachineData
	at org.apache.ratis.util.IOUtils.getFromFuture(IOUtils.java:87)
	at org.apache.ratis.server.raftlog.segmented.SegmentedRaftLogWorker$StateMachineDataPolicy.getFromFuture(SegmentedRaftLogWorker.java:87)
	at org.apache.ratis.server.raftlog.segmented.SegmentedRaftLogWorker$WriteLog.execute(SegmentedRaftLogWorker.java:477)
	at org.apache.ratis.server.raftlog.segmented.SegmentedRaftLogWorker.run(SegmentedRaftLogWorker.java:289)
	at java.lang.Thread.run(Thread.java:748)
Caused by: java.util.concurrent.TimeoutException
	at java.util.concurrent.CompletableFuture.timedGet(CompletableFuture.java:1771)
	at java.util.concurrent.CompletableFuture.get(CompletableFuture.java:1915)
	at org.apache.ratis.util.IOUtils.getFromFuture(IOUtils.java:79)
	... 4 more
2019-09-11 21:36:13,012 [f766e53e-50c1-4258-ad0c-9c8d360b84f6@group-918A56EF0495-SegmentedRaftLogWorker] WARN  segmented.SegmentedRaftLogWorker (SegmentedRaftLogWorker.java:getFromFuture(90)) - Timeout 15/~
org.apache.ratis.protocol.TimeoutIOException: Timeout 10s: WriteLog:14: (t:2, i:14), STATEMACHINELOGENTRY, client-6F86920D2D5F, cid=25-writeStateMachineData
	at org.apache.ratis.util.IOUtils.getFromFuture(IOUtils.java:87)
	at org.apache.ratis.server.raftlog.segmented.SegmentedRaftLogWorker$StateMachineDataPolicy.getFromFuture(SegmentedRaftLogWorker.java:87)
	at org.apache.ratis.server.raftlog.segmented.SegmentedRaftLogWorker$WriteLog.execute(SegmentedRaftLogWorker.java:477)
	at org.apache.ratis.server.raftlog.segmented.SegmentedRaftLogWorker.run(SegmentedRaftLogWorker.java:289)
	at java.lang.Thread.run(Thread.java:748)
Caused by: java.util.concurrent.TimeoutException
	at java.util.concurrent.CompletableFuture.timedGet(CompletableFuture.java:1771)
	at java.util.concurrent.CompletableFuture.get(CompletableFuture.java:1915)
	at org.apache.ratis.util.IOUtils.getFromFuture(IOUtils.java:79)
	... 4 more
2019-09-11 21:36:13,509 [org.apache.ratis.server.impl.LogAppender$AppenderDaemon$$Lambda$508/1744287559@a303446] ERROR ratis.XceiverServerRatis (XceiverServerRatis.java:triggerPipelineClose(568)) - pipeline Action CLOSE  on pipeline PipelineID=2ead2db8-3de7-4f6a-bd2b-918a56ef0495.Reason : dcfcd112-014e-43fc-a356-31bdd3cb4a32 has not seen follower/s 64758d78-93e8-4c7e-ac45-b585f050bda2 for 161000ms f766e53e-50c1-4258-ad0c-9c8d360b84f6 for 161000ms
2019-09-11 21:36:13,509 [org.apache.ratis.server.impl.LogAppender$AppenderDaemon$$Lambda$508/1744287559@19acc2dc] ERROR ratis.XceiverServerRatis (XceiverServerRatis.java:triggerPipelineClose(568)) - pipeline Action CLOSE  on pipeline PipelineID=2ead2db8-3de7-4f6a-bd2b-918a56ef0495.Reason : dcfcd112-014e-43fc-a356-31bdd3cb4a32 has not seen follower/s 64758d78-93e8-4c7e-ac45-b585f050bda2 for 161000ms f766e53e-50c1-4258-ad0c-9c8d360b84f6 for 161000ms
2019-09-11 21:36:13,992 [EventQueue-PipelineActionsForPipelineActionHandler] ERROR pipeline.PipelineActionHandler (PipelineActionHandler.java:onMessage(60)) - Received pipeline action CLOSE for Pipeline[ Id: 2ead2db8-3de7-4f6a-bd2b-918a56ef0495, Nodes: 64758d78-93e8-4c7e-ac45-b585f050bda2{ip: 192.168.34.45, host: pr-hdds-2106-g2ln6-2689029927, networkLocation: /default-rack, certSerialId: null}f766e53e-50c1-4258-ad0c-9c8d360b84f6{ip: 192.168.34.45, host: pr-hdds-2106-g2ln6-2689029927, networkLocation: /default-rack, certSerialId: null}dcfcd112-014e-43fc-a356-31bdd3cb4a32{ip: 192.168.34.45, host: pr-hdds-2106-g2ln6-2689029927, networkLocation: /default-rack, certSerialId: null}, Type:RATIS, Factor:THREE, State:CLOSED] from datanode dcfcd112-014e-43fc-a356-31bdd3cb4a32{ip: 192.168.34.45, host: pr-hdds-2106-g2ln6-2689029927, networkLocation: /default-rack, certSerialId: null}. Reason : dcfcd112-014e-43fc-a356-31bdd3cb4a32 has not seen follower/s 64758d78-93e8-4c7e-ac45-b585f050bda2 for 161000ms f766e53e-50c1-4258-ad0c-9c8d360b84f6 for 161000ms
2019-09-11 21:36:13,992 [EventQueue-PipelineActionsForPipelineActionHandler] INFO  pipeline.SCMPipelineManager (SCMPipelineManager.java:finalizeAndDestroyPipeline(311)) - destroying pipeline:Pipeline[ Id: 2ead2db8-3de7-4f6a-bd2b-918a56ef0495, Nodes: 64758d78-93e8-4c7e-ac45-b585f050bda2{ip: 192.168.34.45, host: pr-hdds-2106-g2ln6-2689029927, networkLocation: /default-rack, certSerialId: null}f766e53e-50c1-4258-ad0c-9c8d360b84f6{ip: 192.168.34.45, host: pr-hdds-2106-g2ln6-2689029927, networkLocation: /default-rack, certSerialId: null}dcfcd112-014e-43fc-a356-31bdd3cb4a32{ip: 192.168.34.45, host: pr-hdds-2106-g2ln6-2689029927, networkLocation: /default-rack, certSerialId: null}, Type:RATIS, Factor:THREE, State:CLOSED]
2019-09-11 21:36:14,008 [java.util.concurrent.ThreadPoolExecutor$Worker@587a3968[State = -1, empty queue]] WARN  server.GrpcLogAppender (GrpcLogAppender.java:timeoutAppendRequest(200)) - dcfcd112-014e-43fc-a356-31bdd3cb4a32@group-918A56EF0495->f766e53e-50c1-4258-ad0c-9c8d360b84f6-GrpcLogAppender: appendEntries Timeout, request=dcfcd112-014e-43fc-a356-31bdd3cb4a32->f766e53e-50c1-4258-ad0c-9c8d360b84f6#83-t2, previous=(t:2, i:19), leaderCommit=12, initializing? false, entries: <empty>
2019-09-11 21:36:14,008 [java.util.concurrent.ThreadPoolExecutor$Worker@3692a2f9[State = -1, empty queue]] WARN  server.GrpcLogAppender (GrpcLogAppender.java:timeoutAppendRequest(200)) - dcfcd112-014e-43fc-a356-31bdd3cb4a32@group-918A56EF0495->64758d78-93e8-4c7e-ac45-b585f050bda2-GrpcLogAppender: appendEntries Timeout, request=dcfcd112-014e-43fc-a356-31bdd3cb4a32->64758d78-93e8-4c7e-ac45-b585f050bda2#83-t2, previous=(t:2, i:19), leaderCommit=12, initializing? false, entries: <empty>
2019-09-11 21:36:14,362 [grpc-default-executor-4] INFO  client.GrpcClientProtocolClient (GrpcClientProtocolClient.java:onNext(264)) - client-6F86920D2D5F->64758d78-93e8-4c7e-ac45-b585f050bda2: receive RaftClientReply:client-6F86920D2D5F->64758d78-93e8-4c7e-ac45-b585f050bda2@group-918A56EF0495, cid=24, FAILED org.apache.ratis.protocol.NotLeaderException: Server 64758d78-93e8-4c7e-ac45-b585f050bda2@group-918A56EF0495 is not the leader dcfcd112-014e-43fc-a356-31bdd3cb4a32:192.168.34.45:39948, logIndex=0, commits[64758d78-93e8-4c7e-ac45-b585f050bda2:c12, dcfcd112-014e-43fc-a356-31bdd3cb4a32:c12, f766e53e-50c1-4258-ad0c-9c8d360b84f6:c10]
2019-09-11 21:36:16,010 [org.apache.ratis.server.impl.LogAppender$AppenderDaemon$$Lambda$508/1744287559@a303446] ERROR ratis.XceiverServerRatis (XceiverServerRatis.java:triggerPipelineClose(568)) - pipeline Action CLOSE  on pipeline PipelineID=2ead2db8-3de7-4f6a-bd2b-918a56ef0495.Reason : dcfcd112-014e-43fc-a356-31bdd3cb4a32 has not seen follower/s 64758d78-93e8-4c7e-ac45-b585f050bda2 for 163501ms f766e53e-50c1-4258-ad0c-9c8d360b84f6 for 163501ms
2019-09-11 21:36:16,010 [org.apache.ratis.server.impl.LogAppender$AppenderDaemon$$Lambda$508/1744287559@19acc2dc] ERROR ratis.XceiverServerRatis (XceiverServerRatis.java:triggerPipelineClose(568)) - pipeline Action CLOSE  on pipeline PipelineID=2ead2db8-3de7-4f6a-bd2b-918a56ef0495.Reason : dcfcd112-014e-43fc-a356-31bdd3cb4a32 has not seen follower/s 64758d78-93e8-4c7e-ac45-b585f050bda2 for 163501ms f766e53e-50c1-4258-ad0c-9c8d360b84f6 for 163501ms
2019-09-11 21:36:16,509 [java.util.concurrent.ThreadPoolExecutor$Worker@3692a2f9[State = -1, empty queue]] WARN  server.GrpcLogAppender (GrpcLogAppender.java:timeoutAppendRequest(200)) - dcfcd112-014e-43fc-a356-31bdd3cb4a32@group-918A56EF0495->64758d78-93e8-4c7e-ac45-b585f050bda2-GrpcLogAppender: appendEntries Timeout, request=dcfcd112-014e-43fc-a356-31bdd3cb4a32->64758d78-93e8-4c7e-ac45-b585f050bda2#84-t2, previous=(t:2, i:19), leaderCommit=12, initializing? false, entries: <empty>
2019-09-11 21:36:16,509 [java.util.concurrent.ThreadPoolExecutor$Worker@587a3968[State = -1, empty queue]] WARN  server.GrpcLogAppender (GrpcLogAppender.java:timeoutAppendRequest(200)) - dcfcd112-014e-43fc-a356-31bdd3cb4a32@group-918A56EF0495->f766e53e-50c1-4258-ad0c-9c8d360b84f6-GrpcLogAppender: appendEntries Timeout, request=dcfcd112-014e-43fc-a356-31bdd3cb4a32->f766e53e-50c1-4258-ad0c-9c8d360b84f6#84-t2, previous=(t:2, i:19), leaderCommit=12, initializing? false, entries: <empty>
2019-09-11 21:36:16,992 [EventQueue-PipelineActionsForPipelineActionHandler] ERROR pipeline.PipelineActionHandler (PipelineActionHandler.java:onMessage(60)) - Received pipeline action CLOSE for Pipeline[ Id: 2ead2db8-3de7-4f6a-bd2b-918a56ef0495, Nodes: 64758d78-93e8-4c7e-ac45-b585f050bda2{ip: 192.168.34.45, host: pr-hdds-2106-g2ln6-2689029927, networkLocation: /default-rack, certSerialId: null}f766e53e-50c1-4258-ad0c-9c8d360b84f6{ip: 192.168.34.45, host: pr-hdds-2106-g2ln6-2689029927, networkLocation: /default-rack, certSerialId: null}dcfcd112-014e-43fc-a356-31bdd3cb4a32{ip: 192.168.34.45, host: pr-hdds-2106-g2ln6-2689029927, networkLocation: /default-rack, certSerialId: null}, Type:RATIS, Factor:THREE, State:CLOSED] from datanode dcfcd112-014e-43fc-a356-31bdd3cb4a32{ip: 192.168.34.45, host: pr-hdds-2106-g2ln6-2689029927, networkLocation: /default-rack, certSerialId: null}. Reason : dcfcd112-014e-43fc-a356-31bdd3cb4a32 has not seen follower/s 64758d78-93e8-4c7e-ac45-b585f050bda2 for 163501ms f766e53e-50c1-4258-ad0c-9c8d360b84f6 for 163501ms
2019-09-11 21:36:16,992 [EventQueue-PipelineActionsForPipelineActionHandler] INFO  pipeline.SCMPipelineManager (SCMPipelineManager.java:finalizeAndDestroyPipeline(311)) - destroying pipeline:Pipeline[ Id: 2ead2db8-3de7-4f6a-bd2b-918a56ef0495, Nodes: 64758d78-93e8-4c7e-ac45-b585f050bda2{ip: 192.168.34.45, host: pr-hdds-2106-g2ln6-2689029927, networkLocation: /default-rack, certSerialId: null}f766e53e-50c1-4258-ad0c-9c8d360b84f6{ip: 192.168.34.45, host: pr-hdds-2106-g2ln6-2689029927, networkLocation: /default-rack, certSerialId: null}dcfcd112-014e-43fc-a356-31bdd3cb4a32{ip: 192.168.34.45, host: pr-hdds-2106-g2ln6-2689029927, networkLocation: /default-rack, certSerialId: null}, Type:RATIS, Factor:THREE, State:CLOSED]
2019-09-11 21:36:18,511 [org.apache.ratis.server.impl.LogAppender$AppenderDaemon$$Lambda$508/1744287559@a303446] ERROR ratis.XceiverServerRatis (XceiverServerRatis.java:triggerPipelineClose(568)) - pipeline Action CLOSE  on pipeline PipelineID=2ead2db8-3de7-4f6a-bd2b-918a56ef0495.Reason : dcfcd112-014e-43fc-a356-31bdd3cb4a32 has not seen follower/s 64758d78-93e8-4c7e-ac45-b585f050bda2 for 166002ms f766e53e-50c1-4258-ad0c-9c8d360b84f6 for 166002ms
2019-09-11 21:36:18,511 [org.apache.ratis.server.impl.LogAppender$AppenderDaemon$$Lambda$508/1744287559@19acc2dc] ERROR ratis.XceiverServerRatis (XceiverServerRatis.java:triggerPipelineClose(568)) - pipeline Action CLOSE  on pipeline PipelineID=2ead2db8-3de7-4f6a-bd2b-918a56ef0495.Reason : dcfcd112-014e-43fc-a356-31bdd3cb4a32 has not seen follower/s 64758d78-93e8-4c7e-ac45-b585f050bda2 for 166002ms f766e53e-50c1-4258-ad0c-9c8d360b84f6 for 166002ms
2019-09-11 21:36:18,993 [EventQueue-PipelineActionsForPipelineActionHandler] ERROR pipeline.PipelineActionHandler (PipelineActionHandler.java:onMessage(60)) - Received pipeline action CLOSE for Pipeline[ Id: 2ead2db8-3de7-4f6a-bd2b-918a56ef0495, Nodes: 64758d78-93e8-4c7e-ac45-b585f050bda2{ip: 192.168.34.45, host: pr-hdds-2106-g2ln6-2689029927, networkLocation: /default-rack, certSerialId: null}f766e53e-50c1-4258-ad0c-9c8d360b84f6{ip: 192.168.34.45, host: pr-hdds-2106-g2ln6-2689029927, networkLocation: /default-rack, certSerialId: null}dcfcd112-014e-43fc-a356-31bdd3cb4a32{ip: 192.168.34.45, host: pr-hdds-2106-g2ln6-2689029927, networkLocation: /default-rack, certSerialId: null}, Type:RATIS, Factor:THREE, State:CLOSED] from datanode dcfcd112-014e-43fc-a356-31bdd3cb4a32{ip: 192.168.34.45, host: pr-hdds-2106-g2ln6-2689029927, networkLocation: /default-rack, certSerialId: null}. Reason : dcfcd112-014e-43fc-a356-31bdd3cb4a32 has not seen follower/s 64758d78-93e8-4c7e-ac45-b585f050bda2 for 166002ms f766e53e-50c1-4258-ad0c-9c8d360b84f6 for 166002ms
2019-09-11 21:36:18,993 [EventQueue-PipelineActionsForPipelineActionHandler] INFO  pipeline.SCMPipelineManager (SCMPipelineManager.java:finalizeAndDestroyPipeline(311)) - destroying pipeline:Pipeline[ Id: 2ead2db8-3de7-4f6a-bd2b-918a56ef0495, Nodes: 64758d78-93e8-4c7e-ac45-b585f050bda2{ip: 192.168.34.45, host: pr-hdds-2106-g2ln6-2689029927, networkLocation: /default-rack, certSerialId: null}f766e53e-50c1-4258-ad0c-9c8d360b84f6{ip: 192.168.34.45, host: pr-hdds-2106-g2ln6-2689029927, networkLocation: /default-rack, certSerialId: null}dcfcd112-014e-43fc-a356-31bdd3cb4a32{ip: 192.168.34.45, host: pr-hdds-2106-g2ln6-2689029927, networkLocation: /default-rack, certSerialId: null}, Type:RATIS, Factor:THREE, State:CLOSED]
2019-09-11 21:36:19,010 [java.util.concurrent.ThreadPoolExecutor$Worker@3692a2f9[State = -1, empty queue]] WARN  server.GrpcLogAppender (GrpcLogAppender.java:timeoutAppendRequest(200)) - dcfcd112-014e-43fc-a356-31bdd3cb4a32@group-918A56EF0495->64758d78-93e8-4c7e-ac45-b585f050bda2-GrpcLogAppender: appendEntries Timeout, request=dcfcd112-014e-43fc-a356-31bdd3cb4a32->64758d78-93e8-4c7e-ac45-b585f050bda2#85-t2, previous=(t:2, i:19), leaderCommit=12, initializing? false, entries: <empty>
2019-09-11 21:36:19,010 [java.util.concurrent.ThreadPoolExecutor$Worker@587a3968[State = -1, empty queue]] WARN  server.GrpcLogAppender (GrpcLogAppender.java:timeoutAppendRequest(200)) - dcfcd112-014e-43fc-a356-31bdd3cb4a32@group-918A56EF0495->f766e53e-50c1-4258-ad0c-9c8d360b84f6-GrpcLogAppender: appendEntries Timeout, request=dcfcd112-014e-43fc-a356-31bdd3cb4a32->f766e53e-50c1-4258-ad0c-9c8d360b84f6#85-t2, previous=(t:2, i:19), leaderCommit=12, initializing? false, entries: <empty>
2019-09-11 21:36:19,416 [grpc-default-executor-6] INFO  client.GrpcClientProtocolClient (GrpcClientProtocolClient.java:onNext(264)) - client-6F86920D2D5F->64758d78-93e8-4c7e-ac45-b585f050bda2: receive RaftClientReply:client-6F86920D2D5F->64758d78-93e8-4c7e-ac45-b585f050bda2@group-918A56EF0495, cid=24, FAILED org.apache.ratis.protocol.NotLeaderException: Server 64758d78-93e8-4c7e-ac45-b585f050bda2@group-918A56EF0495 is not the leader dcfcd112-014e-43fc-a356-31bdd3cb4a32:192.168.34.45:39948, logIndex=0, commits[64758d78-93e8-4c7e-ac45-b585f050bda2:c12, dcfcd112-014e-43fc-a356-31bdd3cb4a32:c12, f766e53e-50c1-4258-ad0c-9c8d360b84f6:c10]
2019-09-11 21:36:21,012 [org.apache.ratis.server.impl.LogAppender$AppenderDaemon$$Lambda$508/1744287559@a303446] ERROR ratis.XceiverServerRatis (XceiverServerRatis.java:triggerPipelineClose(568)) - pipeline Action CLOSE  on pipeline PipelineID=2ead2db8-3de7-4f6a-bd2b-918a56ef0495.Reason : dcfcd112-014e-43fc-a356-31bdd3cb4a32 has not seen follower/s 64758d78-93e8-4c7e-ac45-b585f050bda2 for 168503ms f766e53e-50c1-4258-ad0c-9c8d360b84f6 for 168503ms
2019-09-11 21:36:21,012 [org.apache.ratis.server.impl.LogAppender$AppenderDaemon$$Lambda$508/1744287559@19acc2dc] ERROR ratis.XceiverServerRatis (XceiverServerRatis.java:triggerPipelineClose(568)) - pipeline Action CLOSE  on pipeline PipelineID=2ead2db8-3de7-4f6a-bd2b-918a56ef0495.Reason : dcfcd112-014e-43fc-a356-31bdd3cb4a32 has not seen follower/s 64758d78-93e8-4c7e-ac45-b585f050bda2 for 168503ms f766e53e-50c1-4258-ad0c-9c8d360b84f6 for 168503ms
2019-09-11 21:36:21,511 [java.util.concurrent.ThreadPoolExecutor$Worker@3692a2f9[State = -1, empty queue]] WARN  server.GrpcLogAppender (GrpcLogAppender.java:timeoutAppendRequest(200)) - dcfcd112-014e-43fc-a356-31bdd3cb4a32@group-918A56EF0495->64758d78-93e8-4c7e-ac45-b585f050bda2-GrpcLogAppender: appendEntries Timeout, request=dcfcd112-014e-43fc-a356-31bdd3cb4a32->64758d78-93e8-4c7e-ac45-b585f050bda2#86-t2, previous=(t:2, i:19), leaderCommit=12, initializing? false, entries: <empty>
2019-09-11 21:36:21,511 [java.util.concurrent.ThreadPoolExecutor$Worker@587a3968[State = -1, empty queue]] WARN  server.GrpcLogAppender (GrpcLogAppender.java:timeoutAppendRequest(200)) - dcfcd112-014e-43fc-a356-31bdd3cb4a32@group-918A56EF0495->f766e53e-50c1-4258-ad0c-9c8d360b84f6-GrpcLogAppender: appendEntries Timeout, request=dcfcd112-014e-43fc-a356-31bdd3cb4a32->f766e53e-50c1-4258-ad0c-9c8d360b84f6#86-t2, previous=(t:2, i:19), leaderCommit=12, initializing? false, entries: <empty>
2019-09-11 21:36:21,994 [EventQueue-PipelineActionsForPipelineActionHandler] ERROR pipeline.PipelineActionHandler (PipelineActionHandler.java:onMessage(60)) - Received pipeline action CLOSE for Pipeline[ Id: 2ead2db8-3de7-4f6a-bd2b-918a56ef0495, Nodes: 64758d78-93e8-4c7e-ac45-b585f050bda2{ip: 192.168.34.45, host: pr-hdds-2106-g2ln6-2689029927, networkLocation: /default-rack, certSerialId: null}f766e53e-50c1-4258-ad0c-9c8d360b84f6{ip: 192.168.34.45, host: pr-hdds-2106-g2ln6-2689029927, networkLocation: /default-rack, certSerialId: null}dcfcd112-014e-43fc-a356-31bdd3cb4a32{ip: 192.168.34.45, host: pr-hdds-2106-g2ln6-2689029927, networkLocation: /default-rack, certSerialId: null}, Type:RATIS, Factor:THREE, State:CLOSED] from datanode dcfcd112-014e-43fc-a356-31bdd3cb4a32{ip: 192.168.34.45, host: pr-hdds-2106-g2ln6-2689029927, networkLocation: /default-rack, certSerialId: null}. Reason : dcfcd112-014e-43fc-a356-31bdd3cb4a32 has not seen follower/s 64758d78-93e8-4c7e-ac45-b585f050bda2 for 168503ms f766e53e-50c1-4258-ad0c-9c8d360b84f6 for 168503ms
2019-09-11 21:36:21,995 [EventQueue-PipelineActionsForPipelineActionHandler] INFO  pipeline.SCMPipelineManager (SCMPipelineManager.java:finalizeAndDestroyPipeline(311)) - destroying pipeline:Pipeline[ Id: 2ead2db8-3de7-4f6a-bd2b-918a56ef0495, Nodes: 64758d78-93e8-4c7e-ac45-b585f050bda2{ip: 192.168.34.45, host: pr-hdds-2106-g2ln6-2689029927, networkLocation: /default-rack, certSerialId: null}f766e53e-50c1-4258-ad0c-9c8d360b84f6{ip: 192.168.34.45, host: pr-hdds-2106-g2ln6-2689029927, networkLocation: /default-rack, certSerialId: null}dcfcd112-014e-43fc-a356-31bdd3cb4a32{ip: 192.168.34.45, host: pr-hdds-2106-g2ln6-2689029927, networkLocation: /default-rack, certSerialId: null}, Type:RATIS, Factor:THREE, State:CLOSED]
2019-09-11 21:36:22,976 [dcfcd112-014e-43fc-a356-31bdd3cb4a32@group-918A56EF0495-SegmentedRaftLogWorker] WARN  segmented.SegmentedRaftLogWorker (SegmentedRaftLogWorker.java:getFromFuture(90)) - Timeout 16/~
org.apache.ratis.protocol.TimeoutIOException: Timeout 10s: WriteLog:14: (t:2, i:14), STATEMACHINELOGENTRY, client-6F86920D2D5F, cid=25-writeStateMachineData
	at org.apache.ratis.util.IOUtils.getFromFuture(IOUtils.java:87)
	at org.apache.ratis.server.raftlog.segmented.SegmentedRaftLogWorker$StateMachineDataPolicy.getFromFuture(SegmentedRaftLogWorker.java:87)
	at org.apache.ratis.server.raftlog.segmented.SegmentedRaftLogWorker$WriteLog.execute(SegmentedRaftLogWorker.java:477)
	at org.apache.ratis.server.raftlog.segmented.SegmentedRaftLogWorker.run(SegmentedRaftLogWorker.java:289)
	at java.lang.Thread.run(Thread.java:748)
Caused by: java.util.concurrent.TimeoutException
	at java.util.concurrent.CompletableFuture.timedGet(CompletableFuture.java:1771)
	at java.util.concurrent.CompletableFuture.get(CompletableFuture.java:1915)
	at org.apache.ratis.util.IOUtils.getFromFuture(IOUtils.java:79)
	... 4 more
2019-09-11 21:36:23,013 [64758d78-93e8-4c7e-ac45-b585f050bda2@group-918A56EF0495-SegmentedRaftLogWorker] WARN  segmented.SegmentedRaftLogWorker (SegmentedRaftLogWorker.java:getFromFuture(90)) - Timeout 16/~
org.apache.ratis.protocol.TimeoutIOException: Timeout 10s: WriteLog:14: (t:2, i:14), STATEMACHINELOGENTRY, client-6F86920D2D5F, cid=25-writeStateMachineData
	at org.apache.ratis.util.IOUtils.getFromFuture(IOUtils.java:87)
	at org.apache.ratis.server.raftlog.segmented.SegmentedRaftLogWorker$StateMachineDataPolicy.getFromFuture(SegmentedRaftLogWorker.java:87)
	at org.apache.ratis.server.raftlog.segmented.SegmentedRaftLogWorker$WriteLog.execute(SegmentedRaftLogWorker.java:477)
	at org.apache.ratis.server.raftlog.segmented.SegmentedRaftLogWorker.run(SegmentedRaftLogWorker.java:289)
	at java.lang.Thread.run(Thread.java:748)
Caused by: java.util.concurrent.TimeoutException
	at java.util.concurrent.CompletableFuture.timedGet(CompletableFuture.java:1771)
	at java.util.concurrent.CompletableFuture.get(CompletableFuture.java:1915)
	at org.apache.ratis.util.IOUtils.getFromFuture(IOUtils.java:79)
	... 4 more
2019-09-11 21:36:23,013 [f766e53e-50c1-4258-ad0c-9c8d360b84f6@group-918A56EF0495-SegmentedRaftLogWorker] WARN  segmented.SegmentedRaftLogWorker (SegmentedRaftLogWorker.java:getFromFuture(90)) - Timeout 16/~
org.apache.ratis.protocol.TimeoutIOException: Timeout 10s: WriteLog:14: (t:2, i:14), STATEMACHINELOGENTRY, client-6F86920D2D5F, cid=25-writeStateMachineData
	at org.apache.ratis.util.IOUtils.getFromFuture(IOUtils.java:87)
	at org.apache.ratis.server.raftlog.segmented.SegmentedRaftLogWorker$StateMachineDataPolicy.getFromFuture(SegmentedRaftLogWorker.java:87)
	at org.apache.ratis.server.raftlog.segmented.SegmentedRaftLogWorker$WriteLog.execute(SegmentedRaftLogWorker.java:477)
	at org.apache.ratis.server.raftlog.segmented.SegmentedRaftLogWorker.run(SegmentedRaftLogWorker.java:289)
	at java.lang.Thread.run(Thread.java:748)
Caused by: java.util.concurrent.TimeoutException
	at java.util.concurrent.CompletableFuture.timedGet(CompletableFuture.java:1771)
	at java.util.concurrent.CompletableFuture.get(CompletableFuture.java:1915)
	at org.apache.ratis.util.IOUtils.getFromFuture(IOUtils.java:79)
	... 4 more
2019-09-11 21:36:23,513 [org.apache.ratis.server.impl.LogAppender$AppenderDaemon$$Lambda$508/1744287559@a303446] ERROR ratis.XceiverServerRatis (XceiverServerRatis.java:triggerPipelineClose(568)) - pipeline Action CLOSE  on pipeline PipelineID=2ead2db8-3de7-4f6a-bd2b-918a56ef0495.Reason : dcfcd112-014e-43fc-a356-31bdd3cb4a32 has not seen follower/s 64758d78-93e8-4c7e-ac45-b585f050bda2 for 171004ms f766e53e-50c1-4258-ad0c-9c8d360b84f6 for 171004ms
2019-09-11 21:36:23,513 [org.apache.ratis.server.impl.LogAppender$AppenderDaemon$$Lambda$508/1744287559@19acc2dc] ERROR ratis.XceiverServerRatis (XceiverServerRatis.java:triggerPipelineClose(568)) - pipeline Action CLOSE  on pipeline PipelineID=2ead2db8-3de7-4f6a-bd2b-918a56ef0495.Reason : dcfcd112-014e-43fc-a356-31bdd3cb4a32 has not seen follower/s 64758d78-93e8-4c7e-ac45-b585f050bda2 for 171004ms f766e53e-50c1-4258-ad0c-9c8d360b84f6 for 171004ms
2019-09-11 21:36:23,994 [EventQueue-PipelineActionsForPipelineActionHandler] ERROR pipeline.PipelineActionHandler (PipelineActionHandler.java:onMessage(60)) - Received pipeline action CLOSE for Pipeline[ Id: 2ead2db8-3de7-4f6a-bd2b-918a56ef0495, Nodes: 64758d78-93e8-4c7e-ac45-b585f050bda2{ip: 192.168.34.45, host: pr-hdds-2106-g2ln6-2689029927, networkLocation: /default-rack, certSerialId: null}f766e53e-50c1-4258-ad0c-9c8d360b84f6{ip: 192.168.34.45, host: pr-hdds-2106-g2ln6-2689029927, networkLocation: /default-rack, certSerialId: null}dcfcd112-014e-43fc-a356-31bdd3cb4a32{ip: 192.168.34.45, host: pr-hdds-2106-g2ln6-2689029927, networkLocation: /default-rack, certSerialId: null}, Type:RATIS, Factor:THREE, State:CLOSED] from datanode dcfcd112-014e-43fc-a356-31bdd3cb4a32{ip: 192.168.34.45, host: pr-hdds-2106-g2ln6-2689029927, networkLocation: /default-rack, certSerialId: null}. Reason : dcfcd112-014e-43fc-a356-31bdd3cb4a32 has not seen follower/s 64758d78-93e8-4c7e-ac45-b585f050bda2 for 171004ms f766e53e-50c1-4258-ad0c-9c8d360b84f6 for 171004ms
2019-09-11 21:36:23,995 [EventQueue-PipelineActionsForPipelineActionHandler] INFO  pipeline.SCMPipelineManager (SCMPipelineManager.java:finalizeAndDestroyPipeline(311)) - destroying pipeline:Pipeline[ Id: 2ead2db8-3de7-4f6a-bd2b-918a56ef0495, Nodes: 64758d78-93e8-4c7e-ac45-b585f050bda2{ip: 192.168.34.45, host: pr-hdds-2106-g2ln6-2689029927, networkLocation: /default-rack, certSerialId: null}f766e53e-50c1-4258-ad0c-9c8d360b84f6{ip: 192.168.34.45, host: pr-hdds-2106-g2ln6-2689029927, networkLocation: /default-rack, certSerialId: null}dcfcd112-014e-43fc-a356-31bdd3cb4a32{ip: 192.168.34.45, host: pr-hdds-2106-g2ln6-2689029927, networkLocation: /default-rack, certSerialId: null}, Type:RATIS, Factor:THREE, State:CLOSED]
2019-09-11 21:36:24,012 [java.util.concurrent.ThreadPoolExecutor$Worker@3692a2f9[State = -1, empty queue]] WARN  server.GrpcLogAppender (GrpcLogAppender.java:timeoutAppendRequest(200)) - dcfcd112-014e-43fc-a356-31bdd3cb4a32@group-918A56EF0495->64758d78-93e8-4c7e-ac45-b585f050bda2-GrpcLogAppender: appendEntries Timeout, request=dcfcd112-014e-43fc-a356-31bdd3cb4a32->64758d78-93e8-4c7e-ac45-b585f050bda2#87-t2, previous=(t:2, i:19), leaderCommit=12, initializing? false, entries: <empty>
2019-09-11 21:36:24,012 [java.util.concurrent.ThreadPoolExecutor$Worker@587a3968[State = -1, empty queue]] WARN  server.GrpcLogAppender (GrpcLogAppender.java:timeoutAppendRequest(200)) - dcfcd112-014e-43fc-a356-31bdd3cb4a32@group-918A56EF0495->f766e53e-50c1-4258-ad0c-9c8d360b84f6-GrpcLogAppender: appendEntries Timeout, request=dcfcd112-014e-43fc-a356-31bdd3cb4a32->f766e53e-50c1-4258-ad0c-9c8d360b84f6#87-t2, previous=(t:2, i:19), leaderCommit=12, initializing? false, entries: <empty>
2019-09-11 21:36:24,464 [grpc-default-executor-4] INFO  client.GrpcClientProtocolClient (GrpcClientProtocolClient.java:onNext(264)) - client-6F86920D2D5F->64758d78-93e8-4c7e-ac45-b585f050bda2: receive RaftClientReply:client-6F86920D2D5F->64758d78-93e8-4c7e-ac45-b585f050bda2@group-918A56EF0495, cid=24, FAILED org.apache.ratis.protocol.NotLeaderException: Server 64758d78-93e8-4c7e-ac45-b585f050bda2@group-918A56EF0495 is not the leader dcfcd112-014e-43fc-a356-31bdd3cb4a32:192.168.34.45:39948, logIndex=0, commits[64758d78-93e8-4c7e-ac45-b585f050bda2:c12, dcfcd112-014e-43fc-a356-31bdd3cb4a32:c12, f766e53e-50c1-4258-ad0c-9c8d360b84f6:c10]
2019-09-11 21:36:26,014 [org.apache.ratis.server.impl.LogAppender$AppenderDaemon$$Lambda$508/1744287559@a303446] ERROR ratis.XceiverServerRatis (XceiverServerRatis.java:triggerPipelineClose(568)) - pipeline Action CLOSE  on pipeline PipelineID=2ead2db8-3de7-4f6a-bd2b-918a56ef0495.Reason : dcfcd112-014e-43fc-a356-31bdd3cb4a32 has not seen follower/s 64758d78-93e8-4c7e-ac45-b585f050bda2 for 173504ms f766e53e-50c1-4258-ad0c-9c8d360b84f6 for 173505ms
2019-09-11 21:36:26,014 [org.apache.ratis.server.impl.LogAppender$AppenderDaemon$$Lambda$508/1744287559@19acc2dc] ERROR ratis.XceiverServerRatis (XceiverServerRatis.java:triggerPipelineClose(568)) - pipeline Action CLOSE  on pipeline PipelineID=2ead2db8-3de7-4f6a-bd2b-918a56ef0495.Reason : dcfcd112-014e-43fc-a356-31bdd3cb4a32 has not seen follower/s 64758d78-93e8-4c7e-ac45-b585f050bda2 for 173505ms f766e53e-50c1-4258-ad0c-9c8d360b84f6 for 173505ms
2019-09-11 21:36:26,513 [java.util.concurrent.ThreadPoolExecutor$Worker@3692a2f9[State = -1, empty queue]] WARN  server.GrpcLogAppender (GrpcLogAppender.java:timeoutAppendRequest(200)) - dcfcd112-014e-43fc-a356-31bdd3cb4a32@group-918A56EF0495->64758d78-93e8-4c7e-ac45-b585f050bda2-GrpcLogAppender: appendEntries Timeout, request=dcfcd112-014e-43fc-a356-31bdd3cb4a32->64758d78-93e8-4c7e-ac45-b585f050bda2#88-t2, previous=(t:2, i:19), leaderCommit=12, initializing? false, entries: <empty>
2019-09-11 21:36:26,513 [java.util.concurrent.ThreadPoolExecutor$Worker@587a3968[State = -1, empty queue]] WARN  server.GrpcLogAppender (GrpcLogAppender.java:timeoutAppendRequest(200)) - dcfcd112-014e-43fc-a356-31bdd3cb4a32@group-918A56EF0495->f766e53e-50c1-4258-ad0c-9c8d360b84f6-GrpcLogAppender: appendEntries Timeout, request=dcfcd112-014e-43fc-a356-31bdd3cb4a32->f766e53e-50c1-4258-ad0c-9c8d360b84f6#88-t2, previous=(t:2, i:19), leaderCommit=12, initializing? false, entries: <empty>
2019-09-11 21:36:26,994 [EventQueue-PipelineActionsForPipelineActionHandler] ERROR pipeline.PipelineActionHandler (PipelineActionHandler.java:onMessage(60)) - Received pipeline action CLOSE for Pipeline[ Id: 2ead2db8-3de7-4f6a-bd2b-918a56ef0495, Nodes: 64758d78-93e8-4c7e-ac45-b585f050bda2{ip: 192.168.34.45, host: pr-hdds-2106-g2ln6-2689029927, networkLocation: /default-rack, certSerialId: null}f766e53e-50c1-4258-ad0c-9c8d360b84f6{ip: 192.168.34.45, host: pr-hdds-2106-g2ln6-2689029927, networkLocation: /default-rack, certSerialId: null}dcfcd112-014e-43fc-a356-31bdd3cb4a32{ip: 192.168.34.45, host: pr-hdds-2106-g2ln6-2689029927, networkLocation: /default-rack, certSerialId: null}, Type:RATIS, Factor:THREE, State:CLOSED] from datanode dcfcd112-014e-43fc-a356-31bdd3cb4a32{ip: 192.168.34.45, host: pr-hdds-2106-g2ln6-2689029927, networkLocation: /default-rack, certSerialId: null}. Reason : dcfcd112-014e-43fc-a356-31bdd3cb4a32 has not seen follower/s 64758d78-93e8-4c7e-ac45-b585f050bda2 for 173504ms f766e53e-50c1-4258-ad0c-9c8d360b84f6 for 173505ms
2019-09-11 21:36:26,995 [EventQueue-PipelineActionsForPipelineActionHandler] INFO  pipeline.SCMPipelineManager (SCMPipelineManager.java:finalizeAndDestroyPipeline(311)) - destroying pipeline:Pipeline[ Id: 2ead2db8-3de7-4f6a-bd2b-918a56ef0495, Nodes: 64758d78-93e8-4c7e-ac45-b585f050bda2{ip: 192.168.34.45, host: pr-hdds-2106-g2ln6-2689029927, networkLocation: /default-rack, certSerialId: null}f766e53e-50c1-4258-ad0c-9c8d360b84f6{ip: 192.168.34.45, host: pr-hdds-2106-g2ln6-2689029927, networkLocation: /default-rack, certSerialId: null}dcfcd112-014e-43fc-a356-31bdd3cb4a32{ip: 192.168.34.45, host: pr-hdds-2106-g2ln6-2689029927, networkLocation: /default-rack, certSerialId: null}, Type:RATIS, Factor:THREE, State:CLOSED]
2019-09-11 21:36:28,515 [org.apache.ratis.server.impl.LogAppender$AppenderDaemon$$Lambda$508/1744287559@19acc2dc] ERROR ratis.XceiverServerRatis (XceiverServerRatis.java:triggerPipelineClose(568)) - pipeline Action CLOSE  on pipeline PipelineID=2ead2db8-3de7-4f6a-bd2b-918a56ef0495.Reason : dcfcd112-014e-43fc-a356-31bdd3cb4a32 has not seen follower/s 64758d78-93e8-4c7e-ac45-b585f050bda2 for 176005ms f766e53e-50c1-4258-ad0c-9c8d360b84f6 for 176006ms
2019-09-11 21:36:28,515 [org.apache.ratis.server.impl.LogAppender$AppenderDaemon$$Lambda$508/1744287559@a303446] ERROR ratis.XceiverServerRatis (XceiverServerRatis.java:triggerPipelineClose(568)) - pipeline Action CLOSE  on pipeline PipelineID=2ead2db8-3de7-4f6a-bd2b-918a56ef0495.Reason : dcfcd112-014e-43fc-a356-31bdd3cb4a32 has not seen follower/s 64758d78-93e8-4c7e-ac45-b585f050bda2 for 176005ms f766e53e-50c1-4258-ad0c-9c8d360b84f6 for 176006ms
2019-09-11 21:36:28,995 [EventQueue-PipelineActionsForPipelineActionHandler] ERROR pipeline.PipelineActionHandler (PipelineActionHandler.java:onMessage(60)) - Received pipeline action CLOSE for Pipeline[ Id: 2ead2db8-3de7-4f6a-bd2b-918a56ef0495, Nodes: 64758d78-93e8-4c7e-ac45-b585f050bda2{ip: 192.168.34.45, host: pr-hdds-2106-g2ln6-2689029927, networkLocation: /default-rack, certSerialId: null}f766e53e-50c1-4258-ad0c-9c8d360b84f6{ip: 192.168.34.45, host: pr-hdds-2106-g2ln6-2689029927, networkLocation: /default-rack, certSerialId: null}dcfcd112-014e-43fc-a356-31bdd3cb4a32{ip: 192.168.34.45, host: pr-hdds-2106-g2ln6-2689029927, networkLocation: /default-rack, certSerialId: null}, Type:RATIS, Factor:THREE, State:CLOSED] from datanode dcfcd112-014e-43fc-a356-31bdd3cb4a32{ip: 192.168.34.45, host: pr-hdds-2106-g2ln6-2689029927, networkLocation: /default-rack, certSerialId: null}. Reason : dcfcd112-014e-43fc-a356-31bdd3cb4a32 has not seen follower/s 64758d78-93e8-4c7e-ac45-b585f050bda2 for 176005ms f766e53e-50c1-4258-ad0c-9c8d360b84f6 for 176006ms
2019-09-11 21:36:28,995 [EventQueue-PipelineActionsForPipelineActionHandler] INFO  pipeline.SCMPipelineManager (SCMPipelineManager.java:finalizeAndDestroyPipeline(311)) - destroying pipeline:Pipeline[ Id: 2ead2db8-3de7-4f6a-bd2b-918a56ef0495, Nodes: 64758d78-93e8-4c7e-ac45-b585f050bda2{ip: 192.168.34.45, host: pr-hdds-2106-g2ln6-2689029927, networkLocation: /default-rack, certSerialId: null}f766e53e-50c1-4258-ad0c-9c8d360b84f6{ip: 192.168.34.45, host: pr-hdds-2106-g2ln6-2689029927, networkLocation: /default-rack, certSerialId: null}dcfcd112-014e-43fc-a356-31bdd3cb4a32{ip: 192.168.34.45, host: pr-hdds-2106-g2ln6-2689029927, networkLocation: /default-rack, certSerialId: null}, Type:RATIS, Factor:THREE, State:CLOSED]
2019-09-11 21:36:29,014 [java.util.concurrent.ThreadPoolExecutor$Worker@3692a2f9[State = -1, empty queue]] WARN  server.GrpcLogAppender (GrpcLogAppender.java:timeoutAppendRequest(200)) - dcfcd112-014e-43fc-a356-31bdd3cb4a32@group-918A56EF0495->64758d78-93e8-4c7e-ac45-b585f050bda2-GrpcLogAppender: appendEntries Timeout, request=dcfcd112-014e-43fc-a356-31bdd3cb4a32->64758d78-93e8-4c7e-ac45-b585f050bda2#89-t2, previous=(t:2, i:19), leaderCommit=12, initializing? false, entries: <empty>
2019-09-11 21:36:29,014 [java.util.concurrent.ThreadPoolExecutor$Worker@587a3968[State = -1, empty queue]] WARN  server.GrpcLogAppender (GrpcLogAppender.java:timeoutAppendRequest(200)) - dcfcd112-014e-43fc-a356-31bdd3cb4a32@group-918A56EF0495->f766e53e-50c1-4258-ad0c-9c8d360b84f6-GrpcLogAppender: appendEntries Timeout, request=dcfcd112-014e-43fc-a356-31bdd3cb4a32->f766e53e-50c1-4258-ad0c-9c8d360b84f6#89-t2, previous=(t:2, i:19), leaderCommit=12, initializing? false, entries: <empty>
2019-09-11 21:36:29,518 [grpc-default-executor-6] INFO  client.GrpcClientProtocolClient (GrpcClientProtocolClient.java:onNext(264)) - client-6F86920D2D5F->64758d78-93e8-4c7e-ac45-b585f050bda2: receive RaftClientReply:client-6F86920D2D5F->64758d78-93e8-4c7e-ac45-b585f050bda2@group-918A56EF0495, cid=24, FAILED org.apache.ratis.protocol.NotLeaderException: Server 64758d78-93e8-4c7e-ac45-b585f050bda2@group-918A56EF0495 is not the leader dcfcd112-014e-43fc-a356-31bdd3cb4a32:192.168.34.45:39948, logIndex=0, commits[64758d78-93e8-4c7e-ac45-b585f050bda2:c12, dcfcd112-014e-43fc-a356-31bdd3cb4a32:c12, f766e53e-50c1-4258-ad0c-9c8d360b84f6:c10]
2019-09-11 21:36:31,016 [org.apache.ratis.server.impl.LogAppender$AppenderDaemon$$Lambda$508/1744287559@19acc2dc] ERROR ratis.XceiverServerRatis (XceiverServerRatis.java:triggerPipelineClose(568)) - pipeline Action CLOSE  on pipeline PipelineID=2ead2db8-3de7-4f6a-bd2b-918a56ef0495.Reason : dcfcd112-014e-43fc-a356-31bdd3cb4a32 has not seen follower/s 64758d78-93e8-4c7e-ac45-b585f050bda2 for 178506ms f766e53e-50c1-4258-ad0c-9c8d360b84f6 for 178507ms
2019-09-11 21:36:31,016 [org.apache.ratis.server.impl.LogAppender$AppenderDaemon$$Lambda$508/1744287559@a303446] ERROR ratis.XceiverServerRatis (XceiverServerRatis.java:triggerPipelineClose(568)) - pipeline Action CLOSE  on pipeline PipelineID=2ead2db8-3de7-4f6a-bd2b-918a56ef0495.Reason : dcfcd112-014e-43fc-a356-31bdd3cb4a32 has not seen follower/s 64758d78-93e8-4c7e-ac45-b585f050bda2 for 178506ms f766e53e-50c1-4258-ad0c-9c8d360b84f6 for 178507ms
2019-09-11 21:36:31,515 [java.util.concurrent.ThreadPoolExecutor$Worker@587a3968[State = -1, empty queue]] WARN  server.GrpcLogAppender (GrpcLogAppender.java:timeoutAppendRequest(200)) - dcfcd112-014e-43fc-a356-31bdd3cb4a32@group-918A56EF0495->f766e53e-50c1-4258-ad0c-9c8d360b84f6-GrpcLogAppender: appendEntries Timeout, request=dcfcd112-014e-43fc-a356-31bdd3cb4a32->f766e53e-50c1-4258-ad0c-9c8d360b84f6#90-t2, previous=(t:2, i:19), leaderCommit=12, initializing? false, entries: <empty>
2019-09-11 21:36:31,515 [java.util.concurrent.ThreadPoolExecutor$Worker@3692a2f9[State = -1, empty queue]] WARN  server.GrpcLogAppender (GrpcLogAppender.java:timeoutAppendRequest(200)) - dcfcd112-014e-43fc-a356-31bdd3cb4a32@group-918A56EF0495->64758d78-93e8-4c7e-ac45-b585f050bda2-GrpcLogAppender: appendEntries Timeout, request=dcfcd112-014e-43fc-a356-31bdd3cb4a32->64758d78-93e8-4c7e-ac45-b585f050bda2#90-t2, previous=(t:2, i:19), leaderCommit=12, initializing? false, entries: <empty>
2019-09-11 21:36:31,995 [EventQueue-PipelineActionsForPipelineActionHandler] ERROR pipeline.PipelineActionHandler (PipelineActionHandler.java:onMessage(60)) - Received pipeline action CLOSE for Pipeline[ Id: 2ead2db8-3de7-4f6a-bd2b-918a56ef0495, Nodes: 64758d78-93e8-4c7e-ac45-b585f050bda2{ip: 192.168.34.45, host: pr-hdds-2106-g2ln6-2689029927, networkLocation: /default-rack, certSerialId: null}f766e53e-50c1-4258-ad0c-9c8d360b84f6{ip: 192.168.34.45, host: pr-hdds-2106-g2ln6-2689029927, networkLocation: /default-rack, certSerialId: null}dcfcd112-014e-43fc-a356-31bdd3cb4a32{ip: 192.168.34.45, host: pr-hdds-2106-g2ln6-2689029927, networkLocation: /default-rack, certSerialId: null}, Type:RATIS, Factor:THREE, State:CLOSED] from datanode dcfcd112-014e-43fc-a356-31bdd3cb4a32{ip: 192.168.34.45, host: pr-hdds-2106-g2ln6-2689029927, networkLocation: /default-rack, certSerialId: null}. Reason : dcfcd112-014e-43fc-a356-31bdd3cb4a32 has not seen follower/s 64758d78-93e8-4c7e-ac45-b585f050bda2 for 178506ms f766e53e-50c1-4258-ad0c-9c8d360b84f6 for 178507ms
2019-09-11 21:36:31,996 [EventQueue-PipelineActionsForPipelineActionHandler] INFO  pipeline.SCMPipelineManager (SCMPipelineManager.java:finalizeAndDestroyPipeline(311)) - destroying pipeline:Pipeline[ Id: 2ead2db8-3de7-4f6a-bd2b-918a56ef0495, Nodes: 64758d78-93e8-4c7e-ac45-b585f050bda2{ip: 192.168.34.45, host: pr-hdds-2106-g2ln6-2689029927, networkLocation: /default-rack, certSerialId: null}f766e53e-50c1-4258-ad0c-9c8d360b84f6{ip: 192.168.34.45, host: pr-hdds-2106-g2ln6-2689029927, networkLocation: /default-rack, certSerialId: null}dcfcd112-014e-43fc-a356-31bdd3cb4a32{ip: 192.168.34.45, host: pr-hdds-2106-g2ln6-2689029927, networkLocation: /default-rack, certSerialId: null}, Type:RATIS, Factor:THREE, State:CLOSED]
2019-09-11 21:36:32,977 [dcfcd112-014e-43fc-a356-31bdd3cb4a32@group-918A56EF0495-SegmentedRaftLogWorker] WARN  segmented.SegmentedRaftLogWorker (SegmentedRaftLogWorker.java:getFromFuture(90)) - Timeout 17/~
org.apache.ratis.protocol.TimeoutIOException: Timeout 10s: WriteLog:14: (t:2, i:14), STATEMACHINELOGENTRY, client-6F86920D2D5F, cid=25-writeStateMachineData
	at org.apache.ratis.util.IOUtils.getFromFuture(IOUtils.java:87)
	at org.apache.ratis.server.raftlog.segmented.SegmentedRaftLogWorker$StateMachineDataPolicy.getFromFuture(SegmentedRaftLogWorker.java:87)
	at org.apache.ratis.server.raftlog.segmented.SegmentedRaftLogWorker$WriteLog.execute(SegmentedRaftLogWorker.java:477)
	at org.apache.ratis.server.raftlog.segmented.SegmentedRaftLogWorker.run(SegmentedRaftLogWorker.java:289)
	at java.lang.Thread.run(Thread.java:748)
Caused by: java.util.concurrent.TimeoutException
	at java.util.concurrent.CompletableFuture.timedGet(CompletableFuture.java:1771)
	at java.util.concurrent.CompletableFuture.get(CompletableFuture.java:1915)
	at org.apache.ratis.util.IOUtils.getFromFuture(IOUtils.java:79)
	... 4 more
2019-09-11 21:36:33,014 [64758d78-93e8-4c7e-ac45-b585f050bda2@group-918A56EF0495-SegmentedRaftLogWorker] WARN  segmented.SegmentedRaftLogWorker (SegmentedRaftLogWorker.java:getFromFuture(90)) - Timeout 17/~
org.apache.ratis.protocol.TimeoutIOException: Timeout 10s: WriteLog:14: (t:2, i:14), STATEMACHINELOGENTRY, client-6F86920D2D5F, cid=25-writeStateMachineData
	at org.apache.ratis.util.IOUtils.getFromFuture(IOUtils.java:87)
	at org.apache.ratis.server.raftlog.segmented.SegmentedRaftLogWorker$StateMachineDataPolicy.getFromFuture(SegmentedRaftLogWorker.java:87)
	at org.apache.ratis.server.raftlog.segmented.SegmentedRaftLogWorker$WriteLog.execute(SegmentedRaftLogWorker.java:477)
	at org.apache.ratis.server.raftlog.segmented.SegmentedRaftLogWorker.run(SegmentedRaftLogWorker.java:289)
	at java.lang.Thread.run(Thread.java:748)
Caused by: java.util.concurrent.TimeoutException
	at java.util.concurrent.CompletableFuture.timedGet(CompletableFuture.java:1771)
	at java.util.concurrent.CompletableFuture.get(CompletableFuture.java:1915)
	at org.apache.ratis.util.IOUtils.getFromFuture(IOUtils.java:79)
	... 4 more
2019-09-11 21:36:33,014 [f766e53e-50c1-4258-ad0c-9c8d360b84f6@group-918A56EF0495-SegmentedRaftLogWorker] WARN  segmented.SegmentedRaftLogWorker (SegmentedRaftLogWorker.java:getFromFuture(90)) - Timeout 17/~
org.apache.ratis.protocol.TimeoutIOException: Timeout 10s: WriteLog:14: (t:2, i:14), STATEMACHINELOGENTRY, client-6F86920D2D5F, cid=25-writeStateMachineData
	at org.apache.ratis.util.IOUtils.getFromFuture(IOUtils.java:87)
	at org.apache.ratis.server.raftlog.segmented.SegmentedRaftLogWorker$StateMachineDataPolicy.getFromFuture(SegmentedRaftLogWorker.java:87)
	at org.apache.ratis.server.raftlog.segmented.SegmentedRaftLogWorker$WriteLog.execute(SegmentedRaftLogWorker.java:477)
	at org.apache.ratis.server.raftlog.segmented.SegmentedRaftLogWorker.run(SegmentedRaftLogWorker.java:289)
	at java.lang.Thread.run(Thread.java:748)
Caused by: java.util.concurrent.TimeoutException
	at java.util.concurrent.CompletableFuture.timedGet(CompletableFuture.java:1771)
	at java.util.concurrent.CompletableFuture.get(CompletableFuture.java:1915)
	at org.apache.ratis.util.IOUtils.getFromFuture(IOUtils.java:79)
	... 4 more
2019-09-11 21:36:33,518 [org.apache.ratis.server.impl.LogAppender$AppenderDaemon$$Lambda$508/1744287559@19acc2dc] ERROR ratis.XceiverServerRatis (XceiverServerRatis.java:triggerPipelineClose(568)) - pipeline Action CLOSE  on pipeline PipelineID=2ead2db8-3de7-4f6a-bd2b-918a56ef0495.Reason : dcfcd112-014e-43fc-a356-31bdd3cb4a32 has not seen follower/s 64758d78-93e8-4c7e-ac45-b585f050bda2 for 181008ms f766e53e-50c1-4258-ad0c-9c8d360b84f6 for 181008ms
2019-09-11 21:36:33,518 [org.apache.ratis.server.impl.LogAppender$AppenderDaemon$$Lambda$508/1744287559@a303446] ERROR ratis.XceiverServerRatis (XceiverServerRatis.java:triggerPipelineClose(568)) - pipeline Action CLOSE  on pipeline PipelineID=2ead2db8-3de7-4f6a-bd2b-918a56ef0495.Reason : dcfcd112-014e-43fc-a356-31bdd3cb4a32 has not seen follower/s 64758d78-93e8-4c7e-ac45-b585f050bda2 for 181008ms f766e53e-50c1-4258-ad0c-9c8d360b84f6 for 181008ms
2019-09-11 21:36:33,995 [EventQueue-PipelineActionsForPipelineActionHandler] ERROR pipeline.PipelineActionHandler (PipelineActionHandler.java:onMessage(60)) - Received pipeline action CLOSE for Pipeline[ Id: 2ead2db8-3de7-4f6a-bd2b-918a56ef0495, Nodes: 64758d78-93e8-4c7e-ac45-b585f050bda2{ip: 192.168.34.45, host: pr-hdds-2106-g2ln6-2689029927, networkLocation: /default-rack, certSerialId: null}f766e53e-50c1-4258-ad0c-9c8d360b84f6{ip: 192.168.34.45, host: pr-hdds-2106-g2ln6-2689029927, networkLocation: /default-rack, certSerialId: null}dcfcd112-014e-43fc-a356-31bdd3cb4a32{ip: 192.168.34.45, host: pr-hdds-2106-g2ln6-2689029927, networkLocation: /default-rack, certSerialId: null}, Type:RATIS, Factor:THREE, State:CLOSED] from datanode dcfcd112-014e-43fc-a356-31bdd3cb4a32{ip: 192.168.34.45, host: pr-hdds-2106-g2ln6-2689029927, networkLocation: /default-rack, certSerialId: null}. Reason : dcfcd112-014e-43fc-a356-31bdd3cb4a32 has not seen follower/s 64758d78-93e8-4c7e-ac45-b585f050bda2 for 181008ms f766e53e-50c1-4258-ad0c-9c8d360b84f6 for 181008ms
2019-09-11 21:36:33,995 [EventQueue-PipelineActionsForPipelineActionHandler] INFO  pipeline.SCMPipelineManager (SCMPipelineManager.java:finalizeAndDestroyPipeline(311)) - destroying pipeline:Pipeline[ Id: 2ead2db8-3de7-4f6a-bd2b-918a56ef0495, Nodes: 64758d78-93e8-4c7e-ac45-b585f050bda2{ip: 192.168.34.45, host: pr-hdds-2106-g2ln6-2689029927, networkLocation: /default-rack, certSerialId: null}f766e53e-50c1-4258-ad0c-9c8d360b84f6{ip: 192.168.34.45, host: pr-hdds-2106-g2ln6-2689029927, networkLocation: /default-rack, certSerialId: null}dcfcd112-014e-43fc-a356-31bdd3cb4a32{ip: 192.168.34.45, host: pr-hdds-2106-g2ln6-2689029927, networkLocation: /default-rack, certSerialId: null}, Type:RATIS, Factor:THREE, State:CLOSED]
2019-09-11 21:36:34,016 [java.util.concurrent.ThreadPoolExecutor$Worker@3692a2f9[State = -1, empty queue]] WARN  server.GrpcLogAppender (GrpcLogAppender.java:timeoutAppendRequest(200)) - dcfcd112-014e-43fc-a356-31bdd3cb4a32@group-918A56EF0495->64758d78-93e8-4c7e-ac45-b585f050bda2-GrpcLogAppender: appendEntries Timeout, request=dcfcd112-014e-43fc-a356-31bdd3cb4a32->64758d78-93e8-4c7e-ac45-b585f050bda2#91-t2, previous=(t:2, i:19), leaderCommit=12, initializing? false, entries: <empty>
2019-09-11 21:36:34,016 [java.util.concurrent.ThreadPoolExecutor$Worker@587a3968[State = -1, empty queue]] WARN  server.GrpcLogAppender (GrpcLogAppender.java:timeoutAppendRequest(200)) - dcfcd112-014e-43fc-a356-31bdd3cb4a32@group-918A56EF0495->f766e53e-50c1-4258-ad0c-9c8d360b84f6-GrpcLogAppender: appendEntries Timeout, request=dcfcd112-014e-43fc-a356-31bdd3cb4a32->f766e53e-50c1-4258-ad0c-9c8d360b84f6#91-t2, previous=(t:2, i:19), leaderCommit=12, initializing? false, entries: <empty>
2019-09-11 21:36:34,566 [grpc-default-executor-4] INFO  client.GrpcClientProtocolClient (GrpcClientProtocolClient.java:onNext(264)) - client-6F86920D2D5F->f766e53e-50c1-4258-ad0c-9c8d360b84f6: receive RaftClientReply:client-6F86920D2D5F->f766e53e-50c1-4258-ad0c-9c8d360b84f6@group-918A56EF0495, cid=24, FAILED org.apache.ratis.protocol.NotLeaderException: Server f766e53e-50c1-4258-ad0c-9c8d360b84f6@group-918A56EF0495 is not the leader dcfcd112-014e-43fc-a356-31bdd3cb4a32:192.168.34.45:39948, logIndex=0, commits[f766e53e-50c1-4258-ad0c-9c8d360b84f6:c12, dcfcd112-014e-43fc-a356-31bdd3cb4a32:c12, 64758d78-93e8-4c7e-ac45-b585f050bda2:c10]
2019-09-11 21:36:36,018 [org.apache.ratis.server.impl.LogAppender$AppenderDaemon$$Lambda$508/1744287559@a303446] ERROR ratis.XceiverServerRatis (XceiverServerRatis.java:triggerPipelineClose(568)) - pipeline Action CLOSE  on pipeline PipelineID=2ead2db8-3de7-4f6a-bd2b-918a56ef0495.Reason : dcfcd112-014e-43fc-a356-31bdd3cb4a32 has not seen follower/s 64758d78-93e8-4c7e-ac45-b585f050bda2 for 183508ms f766e53e-50c1-4258-ad0c-9c8d360b84f6 for 183508ms
2019-09-11 21:36:36,018 [org.apache.ratis.server.impl.LogAppender$AppenderDaemon$$Lambda$508/1744287559@19acc2dc] ERROR ratis.XceiverServerRatis (XceiverServerRatis.java:triggerPipelineClose(568)) - pipeline Action CLOSE  on pipeline PipelineID=2ead2db8-3de7-4f6a-bd2b-918a56ef0495.Reason : dcfcd112-014e-43fc-a356-31bdd3cb4a32 has not seen follower/s 64758d78-93e8-4c7e-ac45-b585f050bda2 for 183509ms f766e53e-50c1-4258-ad0c-9c8d360b84f6 for 183509ms
2019-09-11 21:36:36,517 [java.util.concurrent.ThreadPoolExecutor$Worker@3692a2f9[State = -1, empty queue]] WARN  server.GrpcLogAppender (GrpcLogAppender.java:timeoutAppendRequest(200)) - dcfcd112-014e-43fc-a356-31bdd3cb4a32@group-918A56EF0495->64758d78-93e8-4c7e-ac45-b585f050bda2-GrpcLogAppender: appendEntries Timeout, request=dcfcd112-014e-43fc-a356-31bdd3cb4a32->64758d78-93e8-4c7e-ac45-b585f050bda2#92-t2, previous=(t:2, i:19), leaderCommit=12, initializing? false, entries: <empty>
2019-09-11 21:36:36,517 [java.util.concurrent.ThreadPoolExecutor$Worker@587a3968[State = -1, empty queue]] WARN  server.GrpcLogAppender (GrpcLogAppender.java:timeoutAppendRequest(200)) - dcfcd112-014e-43fc-a356-31bdd3cb4a32@group-918A56EF0495->f766e53e-50c1-4258-ad0c-9c8d360b84f6-GrpcLogAppender: appendEntries Timeout, request=dcfcd112-014e-43fc-a356-31bdd3cb4a32->f766e53e-50c1-4258-ad0c-9c8d360b84f6#92-t2, previous=(t:2, i:19), leaderCommit=12, initializing? false, entries: <empty>
2019-09-11 21:36:36,997 [EventQueue-PipelineActionsForPipelineActionHandler] ERROR pipeline.PipelineActionHandler (PipelineActionHandler.java:onMessage(60)) - Received pipeline action CLOSE for Pipeline[ Id: 2ead2db8-3de7-4f6a-bd2b-918a56ef0495, Nodes: 64758d78-93e8-4c7e-ac45-b585f050bda2{ip: 192.168.34.45, host: pr-hdds-2106-g2ln6-2689029927, networkLocation: /default-rack, certSerialId: null}f766e53e-50c1-4258-ad0c-9c8d360b84f6{ip: 192.168.34.45, host: pr-hdds-2106-g2ln6-2689029927, networkLocation: /default-rack, certSerialId: null}dcfcd112-014e-43fc-a356-31bdd3cb4a32{ip: 192.168.34.45, host: pr-hdds-2106-g2ln6-2689029927, networkLocation: /default-rack, certSerialId: null}, Type:RATIS, Factor:THREE, State:CLOSED] from datanode dcfcd112-014e-43fc-a356-31bdd3cb4a32{ip: 192.168.34.45, host: pr-hdds-2106-g2ln6-2689029927, networkLocation: /default-rack, certSerialId: null}. Reason : dcfcd112-014e-43fc-a356-31bdd3cb4a32 has not seen follower/s 64758d78-93e8-4c7e-ac45-b585f050bda2 for 183508ms f766e53e-50c1-4258-ad0c-9c8d360b84f6 for 183508ms
2019-09-11 21:36:36,998 [EventQueue-PipelineActionsForPipelineActionHandler] INFO  pipeline.SCMPipelineManager (SCMPipelineManager.java:finalizeAndDestroyPipeline(311)) - destroying pipeline:Pipeline[ Id: 2ead2db8-3de7-4f6a-bd2b-918a56ef0495, Nodes: 64758d78-93e8-4c7e-ac45-b585f050bda2{ip: 192.168.34.45, host: pr-hdds-2106-g2ln6-2689029927, networkLocation: /default-rack, certSerialId: null}f766e53e-50c1-4258-ad0c-9c8d360b84f6{ip: 192.168.34.45, host: pr-hdds-2106-g2ln6-2689029927, networkLocation: /default-rack, certSerialId: null}dcfcd112-014e-43fc-a356-31bdd3cb4a32{ip: 192.168.34.45, host: pr-hdds-2106-g2ln6-2689029927, networkLocation: /default-rack, certSerialId: null}, Type:RATIS, Factor:THREE, State:CLOSED]
2019-09-11 21:36:38,520 [org.apache.ratis.server.impl.LogAppender$AppenderDaemon$$Lambda$508/1744287559@19acc2dc] ERROR ratis.XceiverServerRatis (XceiverServerRatis.java:triggerPipelineClose(568)) - pipeline Action CLOSE  on pipeline PipelineID=2ead2db8-3de7-4f6a-bd2b-918a56ef0495.Reason : dcfcd112-014e-43fc-a356-31bdd3cb4a32 has not seen follower/s 64758d78-93e8-4c7e-ac45-b585f050bda2 for 186010ms f766e53e-50c1-4258-ad0c-9c8d360b84f6 for 186011ms
2019-09-11 21:36:38,520 [org.apache.ratis.server.impl.LogAppender$AppenderDaemon$$Lambda$508/1744287559@a303446] ERROR ratis.XceiverServerRatis (XceiverServerRatis.java:triggerPipelineClose(568)) - pipeline Action CLOSE  on pipeline PipelineID=2ead2db8-3de7-4f6a-bd2b-918a56ef0495.Reason : dcfcd112-014e-43fc-a356-31bdd3cb4a32 has not seen follower/s 64758d78-93e8-4c7e-ac45-b585f050bda2 for 186010ms f766e53e-50c1-4258-ad0c-9c8d360b84f6 for 186011ms
2019-09-11 21:36:38,992 [grpc-default-executor-6] INFO  impl.RaftServerProxy (RaftServerProxy.java:remove(95)) - 64758d78-93e8-4c7e-ac45-b585f050bda2: remove  FOLLOWER 64758d78-93e8-4c7e-ac45-b585f050bda2@group-918A56EF0495:t2, leader=dcfcd112-014e-43fc-a356-31bdd3cb4a32, voted=64758d78-93e8-4c7e-ac45-b585f050bda2, raftlog=64758d78-93e8-4c7e-ac45-b585f050bda2@group-918A56EF0495-SegmentedRaftLog:OPENED:c12,f12,i19, conf=0: [dcfcd112-014e-43fc-a356-31bdd3cb4a32:192.168.34.45:39948, 64758d78-93e8-4c7e-ac45-b585f050bda2:192.168.34.45:34035, f766e53e-50c1-4258-ad0c-9c8d360b84f6:192.168.34.45:43719], old=null RUNNING
2019-09-11 21:36:38,999 [grpc-default-executor-6] INFO  impl.RaftServerImpl (RaftServerImpl.java:lambda$shutdown$3(251)) - 64758d78-93e8-4c7e-ac45-b585f050bda2@group-918A56EF0495: shutdown
2019-09-11 21:36:39,000 [EventQueue-PipelineActionsForPipelineActionHandler] ERROR pipeline.PipelineActionHandler (PipelineActionHandler.java:onMessage(60)) - Received pipeline action CLOSE for Pipeline[ Id: 2ead2db8-3de7-4f6a-bd2b-918a56ef0495, Nodes: 64758d78-93e8-4c7e-ac45-b585f050bda2{ip: 192.168.34.45, host: pr-hdds-2106-g2ln6-2689029927, networkLocation: /default-rack, certSerialId: null}f766e53e-50c1-4258-ad0c-9c8d360b84f6{ip: 192.168.34.45, host: pr-hdds-2106-g2ln6-2689029927, networkLocation: /default-rack, certSerialId: null}dcfcd112-014e-43fc-a356-31bdd3cb4a32{ip: 192.168.34.45, host: pr-hdds-2106-g2ln6-2689029927, networkLocation: /default-rack, certSerialId: null}, Type:RATIS, Factor:THREE, State:CLOSED] from datanode dcfcd112-014e-43fc-a356-31bdd3cb4a32{ip: 192.168.34.45, host: pr-hdds-2106-g2ln6-2689029927, networkLocation: /default-rack, certSerialId: null}. Reason : dcfcd112-014e-43fc-a356-31bdd3cb4a32 has not seen follower/s 64758d78-93e8-4c7e-ac45-b585f050bda2 for 186010ms f766e53e-50c1-4258-ad0c-9c8d360b84f6 for 186011ms
2019-09-11 21:36:39,000 [EventQueue-PipelineActionsForPipelineActionHandler] INFO  pipeline.SCMPipelineManager (SCMPipelineManager.java:finalizeAndDestroyPipeline(311)) - destroying pipeline:Pipeline[ Id: 2ead2db8-3de7-4f6a-bd2b-918a56ef0495, Nodes: 64758d78-93e8-4c7e-ac45-b585f050bda2{ip: 192.168.34.45, host: pr-hdds-2106-g2ln6-2689029927, networkLocation: /default-rack, certSerialId: null}f766e53e-50c1-4258-ad0c-9c8d360b84f6{ip: 192.168.34.45, host: pr-hdds-2106-g2ln6-2689029927, networkLocation: /default-rack, certSerialId: null}dcfcd112-014e-43fc-a356-31bdd3cb4a32{ip: 192.168.34.45, host: pr-hdds-2106-g2ln6-2689029927, networkLocation: /default-rack, certSerialId: null}, Type:RATIS, Factor:THREE, State:CLOSED]
2019-09-11 21:36:39,000 [grpc-default-executor-6] INFO  util.JmxRegister (JmxRegister.java:unregister(73)) - Successfully un-registered JMX Bean with object name Ratis:service=RaftServer,group=group-918A56EF0495,id=64758d78-93e8-4c7e-ac45-b585f050bda2
2019-09-11 21:36:39,001 [grpc-default-executor-6] INFO  impl.RoleInfo (RoleInfo.java:shutdownFollowerState(121)) - 64758d78-93e8-4c7e-ac45-b585f050bda2: shutdown FollowerState
2019-09-11 21:36:39,001 [grpc-default-executor-6] INFO  impl.StateMachineUpdater (StateMachineUpdater.java:stopAndJoin(125)) - 64758d78-93e8-4c7e-ac45-b585f050bda2@group-918A56EF0495-StateMachineUpdater: set stopIndex = 12
2019-09-11 21:36:39,001 [Thread-361] INFO  impl.FollowerState (FollowerState.java:run(115)) - 64758d78-93e8-4c7e-ac45-b585f050bda2: FollowerState was interrupted: java.lang.InterruptedException: sleep interrupted
2019-09-11 21:36:39,001 [64758d78-93e8-4c7e-ac45-b585f050bda2@group-918A56EF0495-StateMachineUpdater] INFO  ratis.ContainerStateMachine (ContainerStateMachine.java:takeSnapshot(289)) - group-918A56EF0495: Taking a snapshot at:(t:2, i:10) file /workdir/hadoop-ozone/integration-test/target/test-dir/MiniOzoneClusterImpl-7816210a-d630-4907-9f3d-d68d26452d99/datanode-0/data/ratis/2ead2db8-3de7-4f6a-bd2b-918a56ef0495/sm/snapshot.2_10
2019-09-11 21:36:39,018 [java.util.concurrent.ThreadPoolExecutor$Worker@3692a2f9[State = -1, empty queue]] WARN  server.GrpcLogAppender (GrpcLogAppender.java:timeoutAppendRequest(200)) - dcfcd112-014e-43fc-a356-31bdd3cb4a32@group-918A56EF0495->64758d78-93e8-4c7e-ac45-b585f050bda2-GrpcLogAppender: appendEntries Timeout, request=dcfcd112-014e-43fc-a356-31bdd3cb4a32->64758d78-93e8-4c7e-ac45-b585f050bda2#93-t2, previous=(t:2, i:19), leaderCommit=12, initializing? false, entries: <empty>
2019-09-11 21:36:39,018 [java.util.concurrent.ThreadPoolExecutor$Worker@587a3968[State = -1, empty queue]] WARN  server.GrpcLogAppender (GrpcLogAppender.java:timeoutAppendRequest(200)) - dcfcd112-014e-43fc-a356-31bdd3cb4a32@group-918A56EF0495->f766e53e-50c1-4258-ad0c-9c8d360b84f6-GrpcLogAppender: appendEntries Timeout, request=dcfcd112-014e-43fc-a356-31bdd3cb4a32->f766e53e-50c1-4258-ad0c-9c8d360b84f6#93-t2, previous=(t:2, i:19), leaderCommit=12, initializing? false, entries: <empty>
2019-09-11 21:36:39,065 [64758d78-93e8-4c7e-ac45-b585f050bda2@group-918A56EF0495-StateMachineUpdater] INFO  ratis.ContainerStateMachine (ContainerStateMachine.java:takeSnapshot(300)) - group-918A56EF0495: Finished taking a snapshot at:(t:2, i:10) file:/workdir/hadoop-ozone/integration-test/target/test-dir/MiniOzoneClusterImpl-7816210a-d630-4907-9f3d-d68d26452d99/datanode-0/data/ratis/2ead2db8-3de7-4f6a-bd2b-918a56ef0495/sm/snapshot.2_10 time:65
2019-09-11 21:36:39,066 [64758d78-93e8-4c7e-ac45-b585f050bda2@group-918A56EF0495-StateMachineUpdater] INFO  impl.StateMachineUpdater (StateMachineUpdater.java:takeSnapshot(258)) - 64758d78-93e8-4c7e-ac45-b585f050bda2@group-918A56EF0495-StateMachineUpdater: Took a snapshot at index 10
2019-09-11 21:36:39,070 [64758d78-93e8-4c7e-ac45-b585f050bda2@group-918A56EF0495-StateMachineUpdater] INFO  impl.StateMachineUpdater (StateMachineUpdater.java:lambda$new$0(83)) - 64758d78-93e8-4c7e-ac45-b585f050bda2@group-918A56EF0495-StateMachineUpdater: snapshotIndex: updateIncreasingly -1 -> 10
2019-09-11 21:36:39,077 [64758d78-93e8-4c7e-ac45-b585f050bda2@group-918A56EF0495-StateMachineUpdater] INFO  ratis.ContainerStateMachine (ContainerStateMachine.java:takeSnapshot(289)) - group-918A56EF0495: Taking a snapshot at:(t:2, i:10) file /workdir/hadoop-ozone/integration-test/target/test-dir/MiniOzoneClusterImpl-7816210a-d630-4907-9f3d-d68d26452d99/datanode-0/data/ratis/2ead2db8-3de7-4f6a-bd2b-918a56ef0495/sm/snapshot.2_10
2019-09-11 21:36:39,089 [64758d78-93e8-4c7e-ac45-b585f050bda2@group-918A56EF0495-StateMachineUpdater] INFO  ratis.ContainerStateMachine (ContainerStateMachine.java:takeSnapshot(300)) - group-918A56EF0495: Finished taking a snapshot at:(t:2, i:10) file:/workdir/hadoop-ozone/integration-test/target/test-dir/MiniOzoneClusterImpl-7816210a-d630-4907-9f3d-d68d26452d99/datanode-0/data/ratis/2ead2db8-3de7-4f6a-bd2b-918a56ef0495/sm/snapshot.2_10 time:12
2019-09-11 21:36:39,089 [64758d78-93e8-4c7e-ac45-b585f050bda2@group-918A56EF0495-StateMachineUpdater] INFO  impl.StateMachineUpdater (StateMachineUpdater.java:takeSnapshot(258)) - 64758d78-93e8-4c7e-ac45-b585f050bda2@group-918A56EF0495-StateMachineUpdater: Took a snapshot at index 10
2019-09-11 21:36:39,089 [64758d78-93e8-4c7e-ac45-b585f050bda2@group-918A56EF0495-StateMachineUpdater] INFO  impl.StateMachineUpdater (StateMachineUpdater.java:lambda$new$0(83)) - 64758d78-93e8-4c7e-ac45-b585f050bda2@group-918A56EF0495-StateMachineUpdater: snapshotIndex: updateIncreasingly 10 -> 10
2019-09-11 21:36:39,090 [grpc-default-executor-6] INFO  impl.RaftServerImpl (ServerState.java:close(385)) - 64758d78-93e8-4c7e-ac45-b585f050bda2@group-918A56EF0495: closes. applyIndex: 12
2019-09-11 21:36:39,095 [64758d78-93e8-4c7e-ac45-b585f050bda2@group-918A56EF0495-SegmentedRaftLogWorker] ERROR ratis.XceiverServerRatis (XceiverServerRatis.java:triggerPipelineClose(568)) - pipeline Action CLOSE  on pipeline PipelineID=2ead2db8-3de7-4f6a-bd2b-918a56ef0495.Reason : WriteLog:14: (t:2, i:14), STATEMACHINELOGENTRY, client-6F86920D2D5F, cid=25-writeStateMachineData interrupted.
2019-09-11 21:36:39,098 [EventQueue-PipelineActionsForPipelineActionHandler] ERROR pipeline.PipelineActionHandler (PipelineActionHandler.java:onMessage(60)) - Received pipeline action CLOSE for Pipeline[ Id: 2ead2db8-3de7-4f6a-bd2b-918a56ef0495, Nodes: 64758d78-93e8-4c7e-ac45-b585f050bda2{ip: 192.168.34.45, host: pr-hdds-2106-g2ln6-2689029927, networkLocation: /default-rack, certSerialId: null}f766e53e-50c1-4258-ad0c-9c8d360b84f6{ip: 192.168.34.45, host: pr-hdds-2106-g2ln6-2689029927, networkLocation: /default-rack, certSerialId: null}dcfcd112-014e-43fc-a356-31bdd3cb4a32{ip: 192.168.34.45, host: pr-hdds-2106-g2ln6-2689029927, networkLocation: /default-rack, certSerialId: null}, Type:RATIS, Factor:THREE, State:CLOSED] from datanode 64758d78-93e8-4c7e-ac45-b585f050bda2{ip: 192.168.34.45, host: pr-hdds-2106-g2ln6-2689029927, networkLocation: /default-rack, certSerialId: null}. Reason : WriteLog:14: (t:2, i:14), STATEMACHINELOGENTRY, client-6F86920D2D5F, cid=25-writeStateMachineData interrupted.
2019-09-11 21:36:39,099 [EventQueue-PipelineActionsForPipelineActionHandler] INFO  pipeline.SCMPipelineManager (SCMPipelineManager.java:finalizeAndDestroyPipeline(311)) - destroying pipeline:Pipeline[ Id: 2ead2db8-3de7-4f6a-bd2b-918a56ef0495, Nodes: 64758d78-93e8-4c7e-ac45-b585f050bda2{ip: 192.168.34.45, host: pr-hdds-2106-g2ln6-2689029927, networkLocation: /default-rack, certSerialId: null}f766e53e-50c1-4258-ad0c-9c8d360b84f6{ip: 192.168.34.45, host: pr-hdds-2106-g2ln6-2689029927, networkLocation: /default-rack, certSerialId: null}dcfcd112-014e-43fc-a356-31bdd3cb4a32{ip: 192.168.34.45, host: pr-hdds-2106-g2ln6-2689029927, networkLocation: /default-rack, certSerialId: null}, Type:RATIS, Factor:THREE, State:CLOSED]
2019-09-11 21:36:39,109 [grpc-default-executor-6] INFO  segmented.SegmentedRaftLogWorker (SegmentedRaftLogWorker.java:close(228)) - 64758d78-93e8-4c7e-ac45-b585f050bda2@group-918A56EF0495-SegmentedRaftLogWorker close()
2019-09-11 21:36:39,156 [grpc-default-executor-6] INFO  interfaces.Container (KeyValueContainer.java:flushAndSyncDB(386)) - Container 1 is synced with bcsId 4.
2019-09-11 21:36:39,157 [grpc-default-executor-6] INFO  interfaces.Container (KeyValueContainer.java:flushAndSyncDB(386)) - Container 1 is synced with bcsId 4.
2019-09-11 21:36:39,167 [EventQueue-IncrementalContainerReportForIncrementalContainerReportHandler] INFO  container.IncrementalContainerReportHandler (AbstractContainerReportHandler.java:updateContainerState(169)) - Moving container #1 to QUASI_CLOSED state, datanode 64758d78-93e8-4c7e-ac45-b585f050bda2{ip: 192.168.34.45, host: pr-hdds-2106-g2ln6-2689029927, networkLocation: /default-rack, certSerialId: null} reported QUASI_CLOSED replica.
2019-09-11 21:36:39,168 [grpc-default-executor-6] INFO  interfaces.Container (KeyValueContainer.java:flushAndSyncDB(386)) - Container 3 is synced with bcsId 10.
2019-09-11 21:36:39,168 [grpc-default-executor-6] INFO  interfaces.Container (KeyValueContainer.java:flushAndSyncDB(386)) - Container 3 is synced with bcsId 10.
2019-09-11 21:36:39,176 [EventQueue-IncrementalContainerReportForIncrementalContainerReportHandler] INFO  container.IncrementalContainerReportHandler (AbstractContainerReportHandler.java:updateContainerState(169)) - Moving container #3 to QUASI_CLOSED state, datanode 64758d78-93e8-4c7e-ac45-b585f050bda2{ip: 192.168.34.45, host: pr-hdds-2106-g2ln6-2689029927, networkLocation: /default-rack, certSerialId: null} reported QUASI_CLOSED replica.
2019-09-11 21:36:39,208 [grpc-default-executor-6] INFO  interfaces.Container (KeyValueContainer.java:flushAndSyncDB(386)) - Container 4 is synced with bcsId 0.
2019-09-11 21:36:39,208 [grpc-default-executor-6] INFO  interfaces.Container (KeyValueContainer.java:flushAndSyncDB(386)) - Container 4 is synced with bcsId 0.
2019-09-11 21:36:39,215 [EventQueue-IncrementalContainerReportForIncrementalContainerReportHandler] INFO  container.IncrementalContainerReportHandler (AbstractContainerReportHandler.java:updateContainerState(169)) - Moving container #4 to QUASI_CLOSED state, datanode 64758d78-93e8-4c7e-ac45-b585f050bda2{ip: 192.168.34.45, host: pr-hdds-2106-g2ln6-2689029927, networkLocation: /default-rack, certSerialId: null} reported QUASI_CLOSED replica.
2019-09-11 21:36:39,222 [grpc-default-executor-6] INFO  impl.RaftServerProxy (RaftServerProxy.java:remove(95)) - f766e53e-50c1-4258-ad0c-9c8d360b84f6: remove  FOLLOWER f766e53e-50c1-4258-ad0c-9c8d360b84f6@group-918A56EF0495:t2, leader=dcfcd112-014e-43fc-a356-31bdd3cb4a32, voted=dcfcd112-014e-43fc-a356-31bdd3cb4a32, raftlog=f766e53e-50c1-4258-ad0c-9c8d360b84f6@group-918A56EF0495-SegmentedRaftLog:OPENED:c12,f12,i19, conf=0: [dcfcd112-014e-43fc-a356-31bdd3cb4a32:192.168.34.45:39948, 64758d78-93e8-4c7e-ac45-b585f050bda2:192.168.34.45:34035, f766e53e-50c1-4258-ad0c-9c8d360b84f6:192.168.34.45:43719], old=null RUNNING
2019-09-11 21:36:39,222 [grpc-default-executor-6] INFO  impl.RaftServerImpl (RaftServerImpl.java:lambda$shutdown$3(251)) - f766e53e-50c1-4258-ad0c-9c8d360b84f6@group-918A56EF0495: shutdown
2019-09-11 21:36:39,223 [grpc-default-executor-6] INFO  util.JmxRegister (JmxRegister.java:unregister(73)) - Successfully un-registered JMX Bean with object name Ratis:service=RaftServer,group=group-918A56EF0495,id=f766e53e-50c1-4258-ad0c-9c8d360b84f6
2019-09-11 21:36:39,223 [grpc-default-executor-6] INFO  impl.RoleInfo (RoleInfo.java:shutdownFollowerState(121)) - f766e53e-50c1-4258-ad0c-9c8d360b84f6: shutdown FollowerState
2019-09-11 21:36:39,223 [grpc-default-executor-6] INFO  impl.StateMachineUpdater (StateMachineUpdater.java:stopAndJoin(125)) - f766e53e-50c1-4258-ad0c-9c8d360b84f6@group-918A56EF0495-StateMachineUpdater: set stopIndex = 12
2019-09-11 21:36:39,223 [Thread-352] INFO  impl.FollowerState (FollowerState.java:run(115)) - f766e53e-50c1-4258-ad0c-9c8d360b84f6: FollowerState was interrupted: java.lang.InterruptedException: sleep interrupted
2019-09-11 21:36:39,223 [f766e53e-50c1-4258-ad0c-9c8d360b84f6@group-918A56EF0495-StateMachineUpdater] INFO  ratis.ContainerStateMachine (ContainerStateMachine.java:takeSnapshot(289)) - group-918A56EF0495: Taking a snapshot at:(t:2, i:10) file /workdir/hadoop-ozone/integration-test/target/test-dir/MiniOzoneClusterImpl-7816210a-d630-4907-9f3d-d68d26452d99/datanode-2/data/ratis/2ead2db8-3de7-4f6a-bd2b-918a56ef0495/sm/snapshot.2_10
2019-09-11 21:36:39,233 [f766e53e-50c1-4258-ad0c-9c8d360b84f6@group-918A56EF0495-StateMachineUpdater] INFO  ratis.ContainerStateMachine (ContainerStateMachine.java:takeSnapshot(300)) - group-918A56EF0495: Finished taking a snapshot at:(t:2, i:10) file:/workdir/hadoop-ozone/integration-test/target/test-dir/MiniOzoneClusterImpl-7816210a-d630-4907-9f3d-d68d26452d99/datanode-2/data/ratis/2ead2db8-3de7-4f6a-bd2b-918a56ef0495/sm/snapshot.2_10 time:10
2019-09-11 21:36:39,233 [f766e53e-50c1-4258-ad0c-9c8d360b84f6@group-918A56EF0495-StateMachineUpdater] INFO  impl.StateMachineUpdater (StateMachineUpdater.java:takeSnapshot(258)) - f766e53e-50c1-4258-ad0c-9c8d360b84f6@group-918A56EF0495-StateMachineUpdater: Took a snapshot at index 10
2019-09-11 21:36:39,233 [f766e53e-50c1-4258-ad0c-9c8d360b84f6@group-918A56EF0495-StateMachineUpdater] INFO  impl.StateMachineUpdater (StateMachineUpdater.java:lambda$new$0(83)) - f766e53e-50c1-4258-ad0c-9c8d360b84f6@group-918A56EF0495-StateMachineUpdater: snapshotIndex: updateIncreasingly -1 -> 10
2019-09-11 21:36:39,234 [f766e53e-50c1-4258-ad0c-9c8d360b84f6@group-918A56EF0495-StateMachineUpdater] INFO  ratis.ContainerStateMachine (ContainerStateMachine.java:takeSnapshot(289)) - group-918A56EF0495: Taking a snapshot at:(t:2, i:10) file /workdir/hadoop-ozone/integration-test/target/test-dir/MiniOzoneClusterImpl-7816210a-d630-4907-9f3d-d68d26452d99/datanode-2/data/ratis/2ead2db8-3de7-4f6a-bd2b-918a56ef0495/sm/snapshot.2_10
2019-09-11 21:36:39,237 [f766e53e-50c1-4258-ad0c-9c8d360b84f6@group-918A56EF0495-StateMachineUpdater] INFO  ratis.ContainerStateMachine (ContainerStateMachine.java:takeSnapshot(300)) - group-918A56EF0495: Finished taking a snapshot at:(t:2, i:10) file:/workdir/hadoop-ozone/integration-test/target/test-dir/MiniOzoneClusterImpl-7816210a-d630-4907-9f3d-d68d26452d99/datanode-2/data/ratis/2ead2db8-3de7-4f6a-bd2b-918a56ef0495/sm/snapshot.2_10 time:3
2019-09-11 21:36:39,237 [f766e53e-50c1-4258-ad0c-9c8d360b84f6@group-918A56EF0495-StateMachineUpdater] INFO  impl.StateMachineUpdater (StateMachineUpdater.java:takeSnapshot(258)) - f766e53e-50c1-4258-ad0c-9c8d360b84f6@group-918A56EF0495-StateMachineUpdater: Took a snapshot at index 10
2019-09-11 21:36:39,237 [f766e53e-50c1-4258-ad0c-9c8d360b84f6@group-918A56EF0495-StateMachineUpdater] INFO  impl.StateMachineUpdater (StateMachineUpdater.java:lambda$new$0(83)) - f766e53e-50c1-4258-ad0c-9c8d360b84f6@group-918A56EF0495-StateMachineUpdater: snapshotIndex: updateIncreasingly 10 -> 10
2019-09-11 21:36:39,238 [grpc-default-executor-6] INFO  impl.RaftServerImpl (ServerState.java:close(385)) - f766e53e-50c1-4258-ad0c-9c8d360b84f6@group-918A56EF0495: closes. applyIndex: 12
2019-09-11 21:36:39,241 [f766e53e-50c1-4258-ad0c-9c8d360b84f6@group-918A56EF0495-SegmentedRaftLogWorker] ERROR ratis.XceiverServerRatis (XceiverServerRatis.java:triggerPipelineClose(568)) - pipeline Action CLOSE  on pipeline PipelineID=2ead2db8-3de7-4f6a-bd2b-918a56ef0495.Reason : WriteLog:14: (t:2, i:14), STATEMACHINELOGENTRY, client-6F86920D2D5F, cid=25-writeStateMachineData interrupted.
2019-09-11 21:36:39,244 [EventQueue-PipelineActionsForPipelineActionHandler] ERROR pipeline.PipelineActionHandler (PipelineActionHandler.java:onMessage(60)) - Received pipeline action CLOSE for Pipeline[ Id: 2ead2db8-3de7-4f6a-bd2b-918a56ef0495, Nodes: 64758d78-93e8-4c7e-ac45-b585f050bda2{ip: 192.168.34.45, host: pr-hdds-2106-g2ln6-2689029927, networkLocation: /default-rack, certSerialId: null}f766e53e-50c1-4258-ad0c-9c8d360b84f6{ip: 192.168.34.45, host: pr-hdds-2106-g2ln6-2689029927, networkLocation: /default-rack, certSerialId: null}dcfcd112-014e-43fc-a356-31bdd3cb4a32{ip: 192.168.34.45, host: pr-hdds-2106-g2ln6-2689029927, networkLocation: /default-rack, certSerialId: null}, Type:RATIS, Factor:THREE, State:CLOSED] from datanode f766e53e-50c1-4258-ad0c-9c8d360b84f6{ip: 192.168.34.45, host: pr-hdds-2106-g2ln6-2689029927, networkLocation: /default-rack, certSerialId: null}. Reason : WriteLog:14: (t:2, i:14), STATEMACHINELOGENTRY, client-6F86920D2D5F, cid=25-writeStateMachineData interrupted.
2019-09-11 21:36:39,245 [EventQueue-PipelineActionsForPipelineActionHandler] INFO  pipeline.SCMPipelineManager (SCMPipelineManager.java:finalizeAndDestroyPipeline(311)) - destroying pipeline:Pipeline[ Id: 2ead2db8-3de7-4f6a-bd2b-918a56ef0495, Nodes: 64758d78-93e8-4c7e-ac45-b585f050bda2{ip: 192.168.34.45, host: pr-hdds-2106-g2ln6-2689029927, networkLocation: /default-rack, certSerialId: null}f766e53e-50c1-4258-ad0c-9c8d360b84f6{ip: 192.168.34.45, host: pr-hdds-2106-g2ln6-2689029927, networkLocation: /default-rack, certSerialId: null}dcfcd112-014e-43fc-a356-31bdd3cb4a32{ip: 192.168.34.45, host: pr-hdds-2106-g2ln6-2689029927, networkLocation: /default-rack, certSerialId: null}, Type:RATIS, Factor:THREE, State:CLOSED]
2019-09-11 21:36:39,246 [grpc-default-executor-6] INFO  segmented.SegmentedRaftLogWorker (SegmentedRaftLogWorker.java:close(228)) - f766e53e-50c1-4258-ad0c-9c8d360b84f6@group-918A56EF0495-SegmentedRaftLogWorker close()
2019-09-11 21:36:39,255 [grpc-default-executor-6] INFO  interfaces.Container (KeyValueContainer.java:flushAndSyncDB(386)) - Container 1 is synced with bcsId 4.
2019-09-11 21:36:39,255 [grpc-default-executor-6] INFO  interfaces.Container (KeyValueContainer.java:flushAndSyncDB(386)) - Container 1 is synced with bcsId 4.
2019-09-11 21:36:39,264 [grpc-default-executor-6] INFO  interfaces.Container (KeyValueContainer.java:flushAndSyncDB(386)) - Container 3 is synced with bcsId 10.
2019-09-11 21:36:39,264 [grpc-default-executor-6] INFO  interfaces.Container (KeyValueContainer.java:flushAndSyncDB(386)) - Container 3 is synced with bcsId 10.
2019-09-11 21:36:39,320 [grpc-default-executor-6] INFO  interfaces.Container (KeyValueContainer.java:flushAndSyncDB(386)) - Container 4 is synced with bcsId 0.
2019-09-11 21:36:39,321 [grpc-default-executor-6] INFO  interfaces.Container (KeyValueContainer.java:flushAndSyncDB(386)) - Container 4 is synced with bcsId 0.
2019-09-11 21:36:39,342 [grpc-default-executor-6] INFO  impl.RaftServerProxy (RaftServerProxy.java:remove(95)) - dcfcd112-014e-43fc-a356-31bdd3cb4a32: remove    LEADER dcfcd112-014e-43fc-a356-31bdd3cb4a32@group-918A56EF0495:t2, leader=dcfcd112-014e-43fc-a356-31bdd3cb4a32, voted=dcfcd112-014e-43fc-a356-31bdd3cb4a32, raftlog=dcfcd112-014e-43fc-a356-31bdd3cb4a32@group-918A56EF0495-SegmentedRaftLog:OPENED:c12,f12,i19, conf=0: [dcfcd112-014e-43fc-a356-31bdd3cb4a32:192.168.34.45:39948, 64758d78-93e8-4c7e-ac45-b585f050bda2:192.168.34.45:34035, f766e53e-50c1-4258-ad0c-9c8d360b84f6:192.168.34.45:43719], old=null RUNNING
2019-09-11 21:36:39,342 [grpc-default-executor-6] INFO  impl.RaftServerImpl (RaftServerImpl.java:lambda$shutdown$3(251)) - dcfcd112-014e-43fc-a356-31bdd3cb4a32@group-918A56EF0495: shutdown
2019-09-11 21:36:39,343 [grpc-default-executor-6] INFO  util.JmxRegister (JmxRegister.java:unregister(73)) - Successfully un-registered JMX Bean with object name Ratis:service=RaftServer,group=group-918A56EF0495,id=dcfcd112-014e-43fc-a356-31bdd3cb4a32
2019-09-11 21:36:39,343 [grpc-default-executor-6] INFO  impl.RoleInfo (RoleInfo.java:shutdownLeaderState(104)) - dcfcd112-014e-43fc-a356-31bdd3cb4a32: shutdown LeaderState
2019-09-11 21:36:39,348 [grpc-default-executor-6] INFO  impl.PendingRequests (PendingRequests.java:sendNotLeaderResponses(202)) - dcfcd112-014e-43fc-a356-31bdd3cb4a32-PendingRequests: sendNotLeaderResponses
2019-09-11 21:36:39,349 [org.apache.ratis.server.impl.LogAppender$AppenderDaemon$$Lambda$508/1744287559@a303446] WARN  server.GrpcLogAppender (GrpcLogAppender.java:mayWait(143)) - dcfcd112-014e-43fc-a356-31bdd3cb4a32@group-918A56EF0495->64758d78-93e8-4c7e-ac45-b585f050bda2-GrpcLogAppender: Wait interrupted by java.lang.InterruptedException
2019-09-11 21:36:39,349 [org.apache.ratis.server.impl.LogAppender$AppenderDaemon$$Lambda$508/1744287559@19acc2dc] WARN  server.GrpcLogAppender (GrpcLogAppender.java:mayWait(143)) - dcfcd112-014e-43fc-a356-31bdd3cb4a32@group-918A56EF0495->f766e53e-50c1-4258-ad0c-9c8d360b84f6-GrpcLogAppender: Wait interrupted by java.lang.InterruptedException
2019-09-11 21:36:39,352 [grpc-default-executor-7] INFO  server.GrpcServerProtocolService (GrpcServerProtocolService.java:onCompleted(113)) - 64758d78-93e8-4c7e-ac45-b585f050bda2: Completed APPEND_ENTRIES, lastRequest: dcfcd112-014e-43fc-a356-31bdd3cb4a32->64758d78-93e8-4c7e-ac45-b585f050bda2#94-t2, previous=(t:2, i:19), leaderCommit=12, initializing? false, entries: <empty>
2019-09-11 21:36:39,352 [grpc-default-executor-4] INFO  server.GrpcServerProtocolService (GrpcServerProtocolService.java:onCompleted(113)) - f766e53e-50c1-4258-ad0c-9c8d360b84f6: Completed APPEND_ENTRIES, lastRequest: dcfcd112-014e-43fc-a356-31bdd3cb4a32->f766e53e-50c1-4258-ad0c-9c8d360b84f6#94-t2, previous=(t:2, i:19), leaderCommit=12, initializing? false, entries: <empty>
2019-09-11 21:36:39,358 [dcfcd112-014e-43fc-a356-31bdd3cb4a32@group-918A56EF0495-StateMachineUpdater] INFO  ratis.ContainerStateMachine (ContainerStateMachine.java:takeSnapshot(289)) - group-918A56EF0495: Taking a snapshot at:(t:2, i:12) file /workdir/hadoop-ozone/integration-test/target/test-dir/MiniOzoneClusterImpl-7816210a-d630-4907-9f3d-d68d26452d99/datanode-4/data/ratis/2ead2db8-3de7-4f6a-bd2b-918a56ef0495/sm/snapshot.2_12
2019-09-11 21:36:39,358 [grpc-default-executor-6] INFO  impl.StateMachineUpdater (StateMachineUpdater.java:stopAndJoin(125)) - dcfcd112-014e-43fc-a356-31bdd3cb4a32@group-918A56EF0495-StateMachineUpdater: set stopIndex = 12
2019-09-11 21:36:39,358 [grpc-default-executor-7] INFO  server.GrpcLogAppender (GrpcLogAppender.java:onCompleted(293)) - dcfcd112-014e-43fc-a356-31bdd3cb4a32@group-918A56EF0495->f766e53e-50c1-4258-ad0c-9c8d360b84f6-AppendLogResponseHandler: follower responses appendEntries COMPLETED
2019-09-11 21:36:39,358 [grpc-default-executor-4] INFO  server.GrpcLogAppender (GrpcLogAppender.java:onCompleted(293)) - dcfcd112-014e-43fc-a356-31bdd3cb4a32@group-918A56EF0495->64758d78-93e8-4c7e-ac45-b585f050bda2-AppendLogResponseHandler: follower responses appendEntries COMPLETED
2019-09-11 21:36:39,360 [grpc-default-executor-4] INFO  impl.FollowerInfo (FollowerInfo.java:lambda$new$0(51)) - dcfcd112-014e-43fc-a356-31bdd3cb4a32@group-918A56EF0495->64758d78-93e8-4c7e-ac45-b585f050bda2: nextIndex: updateUnconditionally 20 -> 13
2019-09-11 21:36:39,360 [grpc-default-executor-7] INFO  impl.FollowerInfo (FollowerInfo.java:lambda$new$0(51)) - dcfcd112-014e-43fc-a356-31bdd3cb4a32@group-918A56EF0495->f766e53e-50c1-4258-ad0c-9c8d360b84f6: nextIndex: updateUnconditionally 20 -> 13
2019-09-11 21:36:39,383 [dcfcd112-014e-43fc-a356-31bdd3cb4a32@group-918A56EF0495-StateMachineUpdater] INFO  ratis.ContainerStateMachine (ContainerStateMachine.java:takeSnapshot(300)) - group-918A56EF0495: Finished taking a snapshot at:(t:2, i:12) file:/workdir/hadoop-ozone/integration-test/target/test-dir/MiniOzoneClusterImpl-7816210a-d630-4907-9f3d-d68d26452d99/datanode-4/data/ratis/2ead2db8-3de7-4f6a-bd2b-918a56ef0495/sm/snapshot.2_12 time:26
2019-09-11 21:36:39,383 [dcfcd112-014e-43fc-a356-31bdd3cb4a32@group-918A56EF0495-StateMachineUpdater] INFO  impl.StateMachineUpdater (StateMachineUpdater.java:takeSnapshot(258)) - dcfcd112-014e-43fc-a356-31bdd3cb4a32@group-918A56EF0495-StateMachineUpdater: Took a snapshot at index 12
2019-09-11 21:36:39,384 [dcfcd112-014e-43fc-a356-31bdd3cb4a32@group-918A56EF0495-StateMachineUpdater] INFO  impl.StateMachineUpdater (StateMachineUpdater.java:lambda$new$0(83)) - dcfcd112-014e-43fc-a356-31bdd3cb4a32@group-918A56EF0495-StateMachineUpdater: snapshotIndex: updateIncreasingly -1 -> 12
2019-09-11 21:36:39,384 [grpc-default-executor-6] INFO  impl.RaftServerImpl (ServerState.java:close(385)) - dcfcd112-014e-43fc-a356-31bdd3cb4a32@group-918A56EF0495: closes. applyIndex: 12
2019-09-11 21:36:39,385 [dcfcd112-014e-43fc-a356-31bdd3cb4a32@group-918A56EF0495-SegmentedRaftLogWorker] ERROR ratis.XceiverServerRatis (XceiverServerRatis.java:triggerPipelineClose(568)) - pipeline Action CLOSE  on pipeline PipelineID=2ead2db8-3de7-4f6a-bd2b-918a56ef0495.Reason : WriteLog:14: (t:2, i:14), STATEMACHINELOGENTRY, client-6F86920D2D5F, cid=25-writeStateMachineData interrupted.
2019-09-11 21:36:39,385 [Command processor thread] ERROR commandhandler.CloseContainerCommandHandler (CloseContainerCommandHandler.java:handle(125)) - Can't close container #3
java.io.IOException: org.apache.ratis.protocol.GroupMismatchException: dcfcd112-014e-43fc-a356-31bdd3cb4a32: group-918A56EF0495 not found.
	at org.apache.hadoop.ozone.container.common.transport.server.ratis.XceiverServerRatis.submitRequest(XceiverServerRatis.java:495)
	at org.apache.hadoop.ozone.container.common.statemachine.commandhandler.CloseContainerCommandHandler.handle(CloseContainerCommandHandler.java:102)
	at org.apache.hadoop.ozone.container.common.statemachine.commandhandler.CommandDispatcher.handle(CommandDispatcher.java:99)
	at org.apache.hadoop.ozone.container.common.statemachine.DatanodeStateMachine.lambda$initCommandHandlerThread$1(DatanodeStateMachine.java:432)
	at java.lang.Thread.run(Thread.java:748)
Caused by: java.util.concurrent.ExecutionException: org.apache.ratis.protocol.GroupMismatchException: dcfcd112-014e-43fc-a356-31bdd3cb4a32: group-918A56EF0495 not found.
	at java.util.concurrent.CompletableFuture.reportGet(CompletableFuture.java:357)
	at java.util.concurrent.CompletableFuture.get(CompletableFuture.java:1895)
	at org.apache.hadoop.ozone.container.common.transport.server.ratis.XceiverServerRatis.submitRequest(XceiverServerRatis.java:493)
	... 4 more
Caused by: org.apache.ratis.protocol.GroupMismatchException: dcfcd112-014e-43fc-a356-31bdd3cb4a32: group-918A56EF0495 not found.
	at org.apache.ratis.server.impl.RaftServerProxy$ImplMap.get(RaftServerProxy.java:122)
	at org.apache.ratis.server.impl.RaftServerProxy.getImplFuture(RaftServerProxy.java:269)
	at org.apache.ratis.server.impl.RaftServerProxy.submitRequest(RaftServerProxy.java:327)
	at org.apache.ratis.server.impl.RaftServerProxy.submitClientRequestAsync(RaftServerProxy.java:333)
	... 5 more
2019-09-11 21:36:39,390 [EventQueue-PipelineActionsForPipelineActionHandler] ERROR pipeline.PipelineActionHandler (PipelineActionHandler.java:onMessage(60)) - Received pipeline action CLOSE for Pipeline[ Id: 2ead2db8-3de7-4f6a-bd2b-918a56ef0495, Nodes: 64758d78-93e8-4c7e-ac45-b585f050bda2{ip: 192.168.34.45, host: pr-hdds-2106-g2ln6-2689029927, networkLocation: /default-rack, certSerialId: null}f766e53e-50c1-4258-ad0c-9c8d360b84f6{ip: 192.168.34.45, host: pr-hdds-2106-g2ln6-2689029927, networkLocation: /default-rack, certSerialId: null}dcfcd112-014e-43fc-a356-31bdd3cb4a32{ip: 192.168.34.45, host: pr-hdds-2106-g2ln6-2689029927, networkLocation: /default-rack, certSerialId: null}, Type:RATIS, Factor:THREE, State:CLOSED] from datanode dcfcd112-014e-43fc-a356-31bdd3cb4a32{ip: 192.168.34.45, host: pr-hdds-2106-g2ln6-2689029927, networkLocation: /default-rack, certSerialId: null}. Reason : WriteLog:14: (t:2, i:14), STATEMACHINELOGENTRY, client-6F86920D2D5F, cid=25-writeStateMachineData interrupted.
2019-09-11 21:36:39,390 [EventQueue-PipelineActionsForPipelineActionHandler] INFO  pipeline.SCMPipelineManager (SCMPipelineManager.java:finalizeAndDestroyPipeline(311)) - destroying pipeline:Pipeline[ Id: 2ead2db8-3de7-4f6a-bd2b-918a56ef0495, Nodes: 64758d78-93e8-4c7e-ac45-b585f050bda2{ip: 192.168.34.45, host: pr-hdds-2106-g2ln6-2689029927, networkLocation: /default-rack, certSerialId: null}f766e53e-50c1-4258-ad0c-9c8d360b84f6{ip: 192.168.34.45, host: pr-hdds-2106-g2ln6-2689029927, networkLocation: /default-rack, certSerialId: null}dcfcd112-014e-43fc-a356-31bdd3cb4a32{ip: 192.168.34.45, host: pr-hdds-2106-g2ln6-2689029927, networkLocation: /default-rack, certSerialId: null}, Type:RATIS, Factor:THREE, State:CLOSED]
2019-09-11 21:36:39,398 [grpc-default-executor-6] INFO  segmented.SegmentedRaftLogWorker (SegmentedRaftLogWorker.java:close(228)) - dcfcd112-014e-43fc-a356-31bdd3cb4a32@group-918A56EF0495-SegmentedRaftLogWorker close()
2019-09-11 21:36:39,414 [grpc-default-executor-6] INFO  interfaces.Container (KeyValueContainer.java:flushAndSyncDB(386)) - Container 1 is synced with bcsId 4.
2019-09-11 21:36:39,415 [grpc-default-executor-6] INFO  interfaces.Container (KeyValueContainer.java:flushAndSyncDB(386)) - Container 1 is synced with bcsId 4.
2019-09-11 21:36:39,454 [grpc-default-executor-6] INFO  interfaces.Container (KeyValueContainer.java:flushAndSyncDB(386)) - Container 3 is synced with bcsId 10.
2019-09-11 21:36:39,454 [grpc-default-executor-6] INFO  interfaces.Container (KeyValueContainer.java:flushAndSyncDB(386)) - Container 3 is synced with bcsId 10.
2019-09-11 21:36:39,471 [RatisPipelineUtilsThread] INFO  pipeline.PipelineStateManager (PipelineStateManager.java:removePipeline(108)) - Pipeline Pipeline[ Id: 2ead2db8-3de7-4f6a-bd2b-918a56ef0495, Nodes: 64758d78-93e8-4c7e-ac45-b585f050bda2{ip: 192.168.34.45, host: pr-hdds-2106-g2ln6-2689029927, networkLocation: /default-rack, certSerialId: null}f766e53e-50c1-4258-ad0c-9c8d360b84f6{ip: 192.168.34.45, host: pr-hdds-2106-g2ln6-2689029927, networkLocation: /default-rack, certSerialId: null}dcfcd112-014e-43fc-a356-31bdd3cb4a32{ip: 192.168.34.45, host: pr-hdds-2106-g2ln6-2689029927, networkLocation: /default-rack, certSerialId: null}, Type:RATIS, Factor:THREE, State:CLOSED] removed from db
2019-09-11 21:36:39,484 [grpc-default-executor-4] INFO  impl.RaftServerProxy (RaftServerProxy.java:addNew(89)) - f766e53e-50c1-4258-ad0c-9c8d360b84f6: addNew group-92DA7747D61F:[dcfcd112-014e-43fc-a356-31bdd3cb4a32:192.168.34.45:39948, 64758d78-93e8-4c7e-ac45-b585f050bda2:192.168.34.45:34035, f766e53e-50c1-4258-ad0c-9c8d360b84f6:192.168.34.45:43719] returns group-92DA7747D61F:java.util.concurrent.CompletableFuture@31b49861[Not completed]
2019-09-11 21:36:39,484 [grpc-default-executor-7] INFO  impl.RaftServerProxy (RaftServerProxy.java:addNew(89)) - 64758d78-93e8-4c7e-ac45-b585f050bda2: addNew group-92DA7747D61F:[dcfcd112-014e-43fc-a356-31bdd3cb4a32:192.168.34.45:39948, 64758d78-93e8-4c7e-ac45-b585f050bda2:192.168.34.45:34035, f766e53e-50c1-4258-ad0c-9c8d360b84f6:192.168.34.45:43719] returns group-92DA7747D61F:java.util.concurrent.CompletableFuture@431cbecf[Not completed]
2019-09-11 21:36:39,485 [grpc-default-executor-4] INFO  impl.RaftServerProxy (RaftServerProxy.java:addNew(89)) - dcfcd112-014e-43fc-a356-31bdd3cb4a32: addNew group-92DA7747D61F:[dcfcd112-014e-43fc-a356-31bdd3cb4a32:192.168.34.45:39948, 64758d78-93e8-4c7e-ac45-b585f050bda2:192.168.34.45:34035, f766e53e-50c1-4258-ad0c-9c8d360b84f6:192.168.34.45:43719] returns group-92DA7747D61F:java.util.concurrent.CompletableFuture@356e35aa[Not completed]
2019-09-11 21:36:39,487 [pool-47-thread-1] INFO  impl.RaftServerImpl (RaftServerImpl.java:<init>(95)) - f766e53e-50c1-4258-ad0c-9c8d360b84f6: new RaftServerImpl for group-92DA7747D61F:[dcfcd112-014e-43fc-a356-31bdd3cb4a32:192.168.34.45:39948, 64758d78-93e8-4c7e-ac45-b585f050bda2:192.168.34.45:34035, f766e53e-50c1-4258-ad0c-9c8d360b84f6:192.168.34.45:43719] with ContainerStateMachine:uninitialized
2019-09-11 21:36:39,488 [pool-47-thread-1] INFO  server.RaftServerConfigKeys (ConfUtils.java:logGet(43)) - raft.server.rpc.timeout.min = 5s (custom)
2019-09-11 21:36:39,488 [pool-47-thread-1] INFO  server.RaftServerConfigKeys (ConfUtils.java:logGet(43)) - raft.server.rpc.timeout.max = 5200ms (custom)
2019-09-11 21:36:39,488 [pool-47-thread-1] INFO  server.RaftServerConfigKeys (ConfUtils.java:logGet(43)) - raft.server.rpcslowness.timeout = 120s (custom)
2019-09-11 21:36:39,488 [pool-47-thread-1] INFO  server.RaftServerConfigKeys (ConfUtils.java:logGet(43)) - raft.server.sleep.deviation.threshold = 300 (default)
2019-09-11 21:36:39,488 [pool-47-thread-1] INFO  server.RaftServerConfigKeys (ConfUtils.java:logGet(43)) - raft.server.log.appender.install.snapshot.enabled = false (custom)
2019-09-11 21:36:39,489 [pool-47-thread-1] INFO  impl.RaftServerImpl (ServerState.java:<init>(103)) - f766e53e-50c1-4258-ad0c-9c8d360b84f6@group-92DA7747D61F: ConfigurationManager, init=-1: [dcfcd112-014e-43fc-a356-31bdd3cb4a32:192.168.34.45:39948, 64758d78-93e8-4c7e-ac45-b585f050bda2:192.168.34.45:34035, f766e53e-50c1-4258-ad0c-9c8d360b84f6:192.168.34.45:43719], old=null, confs=<EMPTY_MAP>
2019-09-11 21:36:39,489 [pool-47-thread-1] INFO  server.RaftServerConfigKeys (ConfUtils.java:logGet(43)) - raft.server.storage.dir = [/workdir/hadoop-ozone/integration-test/target/test-dir/MiniOzoneClusterImpl-7816210a-d630-4907-9f3d-d68d26452d99/datanode-2/data/ratis] (custom)
2019-09-11 21:36:39,489 [pool-27-thread-1] INFO  impl.RaftServerImpl (RaftServerImpl.java:<init>(95)) - 64758d78-93e8-4c7e-ac45-b585f050bda2: new RaftServerImpl for group-92DA7747D61F:[dcfcd112-014e-43fc-a356-31bdd3cb4a32:192.168.34.45:39948, 64758d78-93e8-4c7e-ac45-b585f050bda2:192.168.34.45:34035, f766e53e-50c1-4258-ad0c-9c8d360b84f6:192.168.34.45:43719] with ContainerStateMachine:uninitialized
2019-09-11 21:36:39,490 [pool-27-thread-1] INFO  server.RaftServerConfigKeys (ConfUtils.java:logGet(43)) - raft.server.rpc.timeout.min = 5s (custom)
2019-09-11 21:36:39,490 [pool-47-thread-1] INFO  storage.RaftStorageDirectory (RaftStorageDirectory.java:analyzeStorage(246)) - The storage directory /workdir/hadoop-ozone/integration-test/target/test-dir/MiniOzoneClusterImpl-7816210a-d630-4907-9f3d-d68d26452d99/datanode-2/data/ratis/7ddb27d4-9036-42a5-b7fe-92da7747d61f does not exist. Creating ...
2019-09-11 21:36:39,490 [pool-27-thread-1] INFO  server.RaftServerConfigKeys (ConfUtils.java:logGet(43)) - raft.server.rpc.timeout.max = 5200ms (custom)
2019-09-11 21:36:39,490 [pool-27-thread-1] INFO  server.RaftServerConfigKeys (ConfUtils.java:logGet(43)) - raft.server.rpcslowness.timeout = 120s (custom)
2019-09-11 21:36:39,490 [pool-27-thread-1] INFO  server.RaftServerConfigKeys (ConfUtils.java:logGet(43)) - raft.server.sleep.deviation.threshold = 300 (default)
2019-09-11 21:36:39,490 [pool-67-thread-1] INFO  impl.RaftServerImpl (RaftServerImpl.java:<init>(95)) - dcfcd112-014e-43fc-a356-31bdd3cb4a32: new RaftServerImpl for group-92DA7747D61F:[dcfcd112-014e-43fc-a356-31bdd3cb4a32:192.168.34.45:39948, 64758d78-93e8-4c7e-ac45-b585f050bda2:192.168.34.45:34035, f766e53e-50c1-4258-ad0c-9c8d360b84f6:192.168.34.45:43719] with ContainerStateMachine:uninitialized
2019-09-11 21:36:39,490 [pool-27-thread-1] INFO  server.RaftServerConfigKeys (ConfUtils.java:logGet(43)) - raft.server.log.appender.install.snapshot.enabled = false (custom)
2019-09-11 21:36:39,491 [pool-67-thread-1] INFO  server.RaftServerConfigKeys (ConfUtils.java:logGet(43)) - raft.server.rpc.timeout.min = 5s (custom)
2019-09-11 21:36:39,491 [pool-27-thread-1] INFO  impl.RaftServerImpl (ServerState.java:<init>(103)) - 64758d78-93e8-4c7e-ac45-b585f050bda2@group-92DA7747D61F: ConfigurationManager, init=-1: [dcfcd112-014e-43fc-a356-31bdd3cb4a32:192.168.34.45:39948, 64758d78-93e8-4c7e-ac45-b585f050bda2:192.168.34.45:34035, f766e53e-50c1-4258-ad0c-9c8d360b84f6:192.168.34.45:43719], old=null, confs=<EMPTY_MAP>
2019-09-11 21:36:39,491 [pool-67-thread-1] INFO  server.RaftServerConfigKeys (ConfUtils.java:logGet(43)) - raft.server.rpc.timeout.max = 5200ms (custom)
2019-09-11 21:36:39,491 [pool-27-thread-1] INFO  server.RaftServerConfigKeys (ConfUtils.java:logGet(43)) - raft.server.storage.dir = [/workdir/hadoop-ozone/integration-test/target/test-dir/MiniOzoneClusterImpl-7816210a-d630-4907-9f3d-d68d26452d99/datanode-0/data/ratis] (custom)
2019-09-11 21:36:39,491 [pool-67-thread-1] INFO  server.RaftServerConfigKeys (ConfUtils.java:logGet(43)) - raft.server.rpcslowness.timeout = 120s (custom)
2019-09-11 21:36:39,492 [pool-67-thread-1] INFO  server.RaftServerConfigKeys (ConfUtils.java:logGet(43)) - raft.server.sleep.deviation.threshold = 300 (default)
2019-09-11 21:36:39,492 [pool-27-thread-1] INFO  storage.RaftStorageDirectory (RaftStorageDirectory.java:analyzeStorage(246)) - The storage directory /workdir/hadoop-ozone/integration-test/target/test-dir/MiniOzoneClusterImpl-7816210a-d630-4907-9f3d-d68d26452d99/datanode-0/data/ratis/7ddb27d4-9036-42a5-b7fe-92da7747d61f does not exist. Creating ...
2019-09-11 21:36:39,492 [pool-67-thread-1] INFO  server.RaftServerConfigKeys (ConfUtils.java:logGet(43)) - raft.server.log.appender.install.snapshot.enabled = false (custom)
2019-09-11 21:36:39,492 [pool-67-thread-1] INFO  impl.RaftServerImpl (ServerState.java:<init>(103)) - dcfcd112-014e-43fc-a356-31bdd3cb4a32@group-92DA7747D61F: ConfigurationManager, init=-1: [dcfcd112-014e-43fc-a356-31bdd3cb4a32:192.168.34.45:39948, 64758d78-93e8-4c7e-ac45-b585f050bda2:192.168.34.45:34035, f766e53e-50c1-4258-ad0c-9c8d360b84f6:192.168.34.45:43719], old=null, confs=<EMPTY_MAP>
2019-09-11 21:36:39,492 [pool-67-thread-1] INFO  server.RaftServerConfigKeys (ConfUtils.java:logGet(43)) - raft.server.storage.dir = [/workdir/hadoop-ozone/integration-test/target/test-dir/MiniOzoneClusterImpl-7816210a-d630-4907-9f3d-d68d26452d99/datanode-4/data/ratis] (custom)
2019-09-11 21:36:39,493 [pool-67-thread-1] INFO  storage.RaftStorageDirectory (RaftStorageDirectory.java:analyzeStorage(246)) - The storage directory /workdir/hadoop-ozone/integration-test/target/test-dir/MiniOzoneClusterImpl-7816210a-d630-4907-9f3d-d68d26452d99/datanode-4/data/ratis/7ddb27d4-9036-42a5-b7fe-92da7747d61f does not exist. Creating ...
2019-09-11 21:36:39,516 [pool-67-thread-1] INFO  storage.RaftStorageDirectory (RaftStorageDirectory.java:tryLock(328)) - Lock on /workdir/hadoop-ozone/integration-test/target/test-dir/MiniOzoneClusterImpl-7816210a-d630-4907-9f3d-d68d26452d99/datanode-4/data/ratis/7ddb27d4-9036-42a5-b7fe-92da7747d61f/in_use.lock acquired by nodename 11753@pr-hdds-2106-g2ln6-2689029927
2019-09-11 21:36:39,516 [pool-47-thread-1] INFO  storage.RaftStorageDirectory (RaftStorageDirectory.java:tryLock(328)) - Lock on /workdir/hadoop-ozone/integration-test/target/test-dir/MiniOzoneClusterImpl-7816210a-d630-4907-9f3d-d68d26452d99/datanode-2/data/ratis/7ddb27d4-9036-42a5-b7fe-92da7747d61f/in_use.lock acquired by nodename 11753@pr-hdds-2106-g2ln6-2689029927
2019-09-11 21:36:39,516 [pool-27-thread-1] INFO  storage.RaftStorageDirectory (RaftStorageDirectory.java:tryLock(328)) - Lock on /workdir/hadoop-ozone/integration-test/target/test-dir/MiniOzoneClusterImpl-7816210a-d630-4907-9f3d-d68d26452d99/datanode-0/data/ratis/7ddb27d4-9036-42a5-b7fe-92da7747d61f/in_use.lock acquired by nodename 11753@pr-hdds-2106-g2ln6-2689029927
2019-09-11 21:36:39,525 [pool-47-thread-1] INFO  storage.RaftStorage (RaftStorage.java:format(72)) - Storage directory /workdir/hadoop-ozone/integration-test/target/test-dir/MiniOzoneClusterImpl-7816210a-d630-4907-9f3d-d68d26452d99/datanode-2/data/ratis/7ddb27d4-9036-42a5-b7fe-92da7747d61f has been successfully formatted.
2019-09-11 21:36:39,525 [pool-67-thread-1] INFO  storage.RaftStorage (RaftStorage.java:format(72)) - Storage directory /workdir/hadoop-ozone/integration-test/target/test-dir/MiniOzoneClusterImpl-7816210a-d630-4907-9f3d-d68d26452d99/datanode-4/data/ratis/7ddb27d4-9036-42a5-b7fe-92da7747d61f has been successfully formatted.
2019-09-11 21:36:39,525 [pool-27-thread-1] INFO  storage.RaftStorage (RaftStorage.java:format(72)) - Storage directory /workdir/hadoop-ozone/integration-test/target/test-dir/MiniOzoneClusterImpl-7816210a-d630-4907-9f3d-d68d26452d99/datanode-0/data/ratis/7ddb27d4-9036-42a5-b7fe-92da7747d61f has been successfully formatted.
2019-09-11 21:36:39,525 [pool-67-thread-1] INFO  ratis.ContainerStateMachine (ContainerStateMachine.java:loadSnapshot(230)) - group-92DA7747D61F: The snapshot info is null. Setting the last applied indexto:(t:0, i:~)
2019-09-11 21:36:39,525 [pool-47-thread-1] INFO  ratis.ContainerStateMachine (ContainerStateMachine.java:loadSnapshot(230)) - group-92DA7747D61F: The snapshot info is null. Setting the last applied indexto:(t:0, i:~)
2019-09-11 21:36:39,526 [pool-67-thread-1] INFO  server.RaftServerConfigKeys (ConfUtils.java:logGet(43)) - raft.server.notification.no-leader.timeout = 120s (custom)
2019-09-11 21:36:39,526 [pool-27-thread-1] INFO  ratis.ContainerStateMachine (ContainerStateMachine.java:loadSnapshot(230)) - group-92DA7747D61F: The snapshot info is null. Setting the last applied indexto:(t:0, i:~)
2019-09-11 21:36:39,526 [pool-67-thread-1] INFO  server.RaftServerConfigKeys (ConfUtils.java:logGet(43)) - raft.server.log.use.memory = false (default)
2019-09-11 21:36:39,526 [pool-47-thread-1] INFO  server.RaftServerConfigKeys (ConfUtils.java:logGet(43)) - raft.server.notification.no-leader.timeout = 120s (custom)
2019-09-11 21:36:39,527 [pool-67-thread-1] INFO  server.RaftServerConfigKeys (ConfUtils.java:logGet(43)) - raft.server.log.purge.gap = 1000000 (custom)
2019-09-11 21:36:39,526 [pool-27-thread-1] INFO  server.RaftServerConfigKeys (ConfUtils.java:logGet(43)) - raft.server.notification.no-leader.timeout = 120s (custom)
2019-09-11 21:36:39,527 [pool-67-thread-1] INFO  server.RaftServerConfigKeys (ConfUtils.java:logGet(43)) - raft.server.log.appender.buffer.byte-limit = 33554432 (custom)
2019-09-11 21:36:39,527 [pool-47-thread-1] INFO  server.RaftServerConfigKeys (ConfUtils.java:logGet(43)) - raft.server.log.use.memory = false (default)
2019-09-11 21:36:39,527 [pool-67-thread-1] INFO  server.RaftServerConfigKeys (ConfUtils.java:logGet(43)) - raft.server.log.segment.size.max = 1048576 (custom)
2019-09-11 21:36:39,527 [pool-27-thread-1] INFO  server.RaftServerConfigKeys (ConfUtils.java:logGet(43)) - raft.server.log.use.memory = false (default)
2019-09-11 21:36:39,528 [pool-67-thread-1] INFO  server.RaftServerConfigKeys (ConfUtils.java:logGet(43)) - raft.server.log.segment.cache.num.max = 2 (custom)
2019-09-11 21:36:39,527 [pool-47-thread-1] INFO  server.RaftServerConfigKeys (ConfUtils.java:logGet(43)) - raft.server.log.purge.gap = 1000000 (custom)
2019-09-11 21:36:39,528 [pool-67-thread-1] INFO  segmented.SegmentedRaftLogWorker (SegmentedRaftLogWorker.java:<init>(172)) - new dcfcd112-014e-43fc-a356-31bdd3cb4a32@group-92DA7747D61F-SegmentedRaftLogWorker for RaftStorage:Storage Directory /workdir/hadoop-ozone/integration-test/target/test-dir/MiniOzoneClusterImpl-7816210a-d630-4907-9f3d-d68d26452d99/datanode-4/data/ratis/7ddb27d4-9036-42a5-b7fe-92da7747d61f
2019-09-11 21:36:39,528 [pool-27-thread-1] INFO  server.RaftServerConfigKeys (ConfUtils.java:logGet(43)) - raft.server.log.purge.gap = 1000000 (custom)
2019-09-11 21:36:39,528 [pool-67-thread-1] INFO  server.RaftServerConfigKeys (ConfUtils.java:logGet(43)) - raft.server.log.queue.byte-limit = 2147483647 (custom)
2019-09-11 21:36:39,528 [pool-47-thread-1] INFO  server.RaftServerConfigKeys (ConfUtils.java:logGet(43)) - raft.server.log.appender.buffer.byte-limit = 33554432 (custom)
2019-09-11 21:36:39,529 [pool-67-thread-1] INFO  server.RaftServerConfigKeys (ConfUtils.java:logGet(43)) - raft.server.log.queue.element-limit = 1024 (custom)
2019-09-11 21:36:39,529 [pool-27-thread-1] INFO  server.RaftServerConfigKeys (ConfUtils.java:logGet(43)) - raft.server.log.appender.buffer.byte-limit = 33554432 (custom)
2019-09-11 21:36:39,529 [pool-67-thread-1] INFO  server.RaftServerConfigKeys (ConfUtils.java:logGet(43)) - raft.server.log.segment.size.max = 1048576 (custom)
2019-09-11 21:36:39,529 [pool-47-thread-1] INFO  server.RaftServerConfigKeys (ConfUtils.java:logGet(43)) - raft.server.log.segment.size.max = 1048576 (custom)
2019-09-11 21:36:39,529 [pool-67-thread-1] INFO  server.RaftServerConfigKeys (ConfUtils.java:logGet(43)) - raft.server.log.preallocated.size = 16384 (custom)
2019-09-11 21:36:39,529 [pool-27-thread-1] INFO  server.RaftServerConfigKeys (ConfUtils.java:logGet(43)) - raft.server.log.segment.size.max = 1048576 (custom)
2019-09-11 21:36:39,530 [pool-67-thread-1] INFO  server.RaftServerConfigKeys (ConfUtils.java:logGet(43)) - raft.server.log.write.buffer.size = 33554432 (custom)
2019-09-11 21:36:39,530 [pool-47-thread-1] INFO  server.RaftServerConfigKeys (ConfUtils.java:logGet(43)) - raft.server.log.segment.cache.num.max = 2 (custom)
2019-09-11 21:36:39,530 [pool-67-thread-1] INFO  server.RaftServerConfigKeys (ConfUtils.java:logGet(43)) - raft.server.log.force.sync.num = 128 (default)
2019-09-11 21:36:39,530 [pool-27-thread-1] INFO  server.RaftServerConfigKeys (ConfUtils.java:logGet(43)) - raft.server.log.segment.cache.num.max = 2 (custom)
2019-09-11 21:36:39,531 [pool-67-thread-1] INFO  server.RaftServerConfigKeys (ConfUtils.java:logGet(43)) - raft.server.log.statemachine.data.sync = true (default)
2019-09-11 21:36:39,530 [pool-47-thread-1] INFO  segmented.SegmentedRaftLogWorker (SegmentedRaftLogWorker.java:<init>(172)) - new f766e53e-50c1-4258-ad0c-9c8d360b84f6@group-92DA7747D61F-SegmentedRaftLogWorker for RaftStorage:Storage Directory /workdir/hadoop-ozone/integration-test/target/test-dir/MiniOzoneClusterImpl-7816210a-d630-4907-9f3d-d68d26452d99/datanode-2/data/ratis/7ddb27d4-9036-42a5-b7fe-92da7747d61f
2019-09-11 21:36:39,531 [pool-67-thread-1] INFO  server.RaftServerConfigKeys (ConfUtils.java:logGet(43)) - raft.server.log.statemachine.data.sync.timeout = 10s (default)
2019-09-11 21:36:39,531 [pool-27-thread-1] INFO  segmented.SegmentedRaftLogWorker (SegmentedRaftLogWorker.java:<init>(172)) - new 64758d78-93e8-4c7e-ac45-b585f050bda2@group-92DA7747D61F-SegmentedRaftLogWorker for RaftStorage:Storage Directory /workdir/hadoop-ozone/integration-test/target/test-dir/MiniOzoneClusterImpl-7816210a-d630-4907-9f3d-d68d26452d99/datanode-0/data/ratis/7ddb27d4-9036-42a5-b7fe-92da7747d61f
2019-09-11 21:36:39,531 [pool-67-thread-1] INFO  server.RaftServerConfigKeys (ConfUtils.java:logGet(43)) - raft.server.log.statemachine.data.sync.timeout.retry = -1 (default)
2019-09-11 21:36:39,531 [pool-47-thread-1] INFO  server.RaftServerConfigKeys (ConfUtils.java:logGet(43)) - raft.server.log.queue.byte-limit = 2147483647 (custom)
2019-09-11 21:36:39,532 [pool-67-thread-1] INFO  server.RaftServerConfigKeys (ConfUtils.java:logGet(43)) - raft.server.log.statemachine.data.caching.enabled = true (custom)
2019-09-11 21:36:39,531 [pool-27-thread-1] INFO  server.RaftServerConfigKeys (ConfUtils.java:logGet(43)) - raft.server.log.queue.byte-limit = 2147483647 (custom)
2019-09-11 21:36:39,532 [pool-47-thread-1] INFO  server.RaftServerConfigKeys (ConfUtils.java:logGet(43)) - raft.server.log.queue.element-limit = 1024 (custom)
2019-09-11 21:36:39,532 [pool-67-thread-1] INFO  segmented.SegmentedRaftLogWorker (SegmentedRaftLogWorker.java:lambda$new$0(132)) - dcfcd112-014e-43fc-a356-31bdd3cb4a32@group-92DA7747D61F-SegmentedRaftLogWorker: flushIndex: setUnconditionally 0 -> -1
2019-09-11 21:36:39,532 [pool-27-thread-1] INFO  server.RaftServerConfigKeys (ConfUtils.java:logGet(43)) - raft.server.log.queue.element-limit = 1024 (custom)
2019-09-11 21:36:39,532 [pool-47-thread-1] INFO  server.RaftServerConfigKeys (ConfUtils.java:logGet(43)) - raft.server.log.segment.size.max = 1048576 (custom)
2019-09-11 21:36:39,533 [pool-67-thread-1] INFO  server.RaftServerConfigKeys (ConfUtils.java:logGet(43)) - raft.server.snapshot.auto.trigger.enabled = true (custom)
2019-09-11 21:36:39,533 [pool-27-thread-1] INFO  server.RaftServerConfigKeys (ConfUtils.java:logGet(43)) - raft.server.log.segment.size.max = 1048576 (custom)
2019-09-11 21:36:39,533 [pool-67-thread-1] INFO  server.RaftServerConfigKeys (ConfUtils.java:logGet(43)) - raft.server.snapshot.auto.trigger.threshold = 10000 (custom)
2019-09-11 21:36:39,533 [pool-47-thread-1] INFO  server.RaftServerConfigKeys (ConfUtils.java:logGet(43)) - raft.server.log.preallocated.size = 16384 (custom)
2019-09-11 21:36:39,533 [pool-67-thread-1] INFO  server.RaftServerConfigKeys (ConfUtils.java:logGet(43)) - raft.server.snapshot.retention.num.files = -1 (default)
2019-09-11 21:36:39,533 [pool-27-thread-1] INFO  server.RaftServerConfigKeys (ConfUtils.java:logGet(43)) - raft.server.log.preallocated.size = 16384 (custom)
2019-09-11 21:36:39,534 [pool-67-thread-1] INFO  server.RaftServerConfigKeys (ConfUtils.java:logGet(43)) - raft.server.retrycache.expirytime = 600000ms (custom)
2019-09-11 21:36:39,534 [pool-47-thread-1] INFO  server.RaftServerConfigKeys (ConfUtils.java:logGet(43)) - raft.server.log.write.buffer.size = 33554432 (custom)
2019-09-11 21:36:39,534 [pool-27-thread-1] INFO  server.RaftServerConfigKeys (ConfUtils.java:logGet(43)) - raft.server.log.write.buffer.size = 33554432 (custom)
2019-09-11 21:36:39,534 [pool-47-thread-1] INFO  server.RaftServerConfigKeys (ConfUtils.java:logGet(43)) - raft.server.log.force.sync.num = 128 (default)
2019-09-11 21:36:39,535 [pool-27-thread-1] INFO  server.RaftServerConfigKeys (ConfUtils.java:logGet(43)) - raft.server.log.force.sync.num = 128 (default)
2019-09-11 21:36:39,535 [pool-47-thread-1] INFO  server.RaftServerConfigKeys (ConfUtils.java:logGet(43)) - raft.server.log.statemachine.data.sync = true (default)
2019-09-11 21:36:39,535 [pool-27-thread-1] INFO  server.RaftServerConfigKeys (ConfUtils.java:logGet(43)) - raft.server.log.statemachine.data.sync = true (default)
2019-09-11 21:36:39,535 [pool-47-thread-1] INFO  server.RaftServerConfigKeys (ConfUtils.java:logGet(43)) - raft.server.log.statemachine.data.sync.timeout = 10s (default)
2019-09-11 21:36:39,535 [pool-27-thread-1] INFO  server.RaftServerConfigKeys (ConfUtils.java:logGet(43)) - raft.server.log.statemachine.data.sync.timeout = 10s (default)
2019-09-11 21:36:39,535 [pool-47-thread-1] INFO  server.RaftServerConfigKeys (ConfUtils.java:logGet(43)) - raft.server.log.statemachine.data.sync.timeout.retry = -1 (default)
2019-09-11 21:36:39,536 [pool-27-thread-1] INFO  server.RaftServerConfigKeys (ConfUtils.java:logGet(43)) - raft.server.log.statemachine.data.sync.timeout.retry = -1 (default)
2019-09-11 21:36:39,536 [pool-47-thread-1] INFO  server.RaftServerConfigKeys (ConfUtils.java:logGet(43)) - raft.server.log.statemachine.data.caching.enabled = true (custom)
2019-09-11 21:36:39,536 [pool-27-thread-1] INFO  server.RaftServerConfigKeys (ConfUtils.java:logGet(43)) - raft.server.log.statemachine.data.caching.enabled = true (custom)
2019-09-11 21:36:39,536 [pool-47-thread-1] INFO  segmented.SegmentedRaftLogWorker (SegmentedRaftLogWorker.java:lambda$new$0(132)) - f766e53e-50c1-4258-ad0c-9c8d360b84f6@group-92DA7747D61F-SegmentedRaftLogWorker: flushIndex: setUnconditionally 0 -> -1
2019-09-11 21:36:39,537 [pool-27-thread-1] INFO  segmented.SegmentedRaftLogWorker (SegmentedRaftLogWorker.java:lambda$new$0(132)) - 64758d78-93e8-4c7e-ac45-b585f050bda2@group-92DA7747D61F-SegmentedRaftLogWorker: flushIndex: setUnconditionally 0 -> -1
2019-09-11 21:36:39,537 [pool-47-thread-1] INFO  server.RaftServerConfigKeys (ConfUtils.java:logGet(43)) - raft.server.snapshot.auto.trigger.enabled = true (custom)
2019-09-11 21:36:39,537 [pool-47-thread-1] INFO  server.RaftServerConfigKeys (ConfUtils.java:logGet(43)) - raft.server.snapshot.auto.trigger.threshold = 10000 (custom)
2019-09-11 21:36:39,537 [pool-27-thread-1] INFO  server.RaftServerConfigKeys (ConfUtils.java:logGet(43)) - raft.server.snapshot.auto.trigger.enabled = true (custom)
2019-09-11 21:36:39,537 [pool-47-thread-1] INFO  server.RaftServerConfigKeys (ConfUtils.java:logGet(43)) - raft.server.snapshot.retention.num.files = -1 (default)
2019-09-11 21:36:39,537 [pool-27-thread-1] INFO  server.RaftServerConfigKeys (ConfUtils.java:logGet(43)) - raft.server.snapshot.auto.trigger.threshold = 10000 (custom)
2019-09-11 21:36:39,538 [pool-47-thread-1] INFO  server.RaftServerConfigKeys (ConfUtils.java:logGet(43)) - raft.server.retrycache.expirytime = 600000ms (custom)
2019-09-11 21:36:39,538 [pool-27-thread-1] INFO  server.RaftServerConfigKeys (ConfUtils.java:logGet(43)) - raft.server.snapshot.retention.num.files = -1 (default)
2019-09-11 21:36:39,538 [pool-67-thread-1] INFO  impl.RaftServerImpl (RaftServerImpl.java:start(185)) - dcfcd112-014e-43fc-a356-31bdd3cb4a32@group-92DA7747D61F: start as a follower, conf=-1: [dcfcd112-014e-43fc-a356-31bdd3cb4a32:192.168.34.45:39948, 64758d78-93e8-4c7e-ac45-b585f050bda2:192.168.34.45:34035, f766e53e-50c1-4258-ad0c-9c8d360b84f6:192.168.34.45:43719], old=null
2019-09-11 21:36:39,538 [pool-27-thread-1] INFO  server.RaftServerConfigKeys (ConfUtils.java:logGet(43)) - raft.server.retrycache.expirytime = 600000ms (custom)
2019-09-11 21:36:39,538 [pool-67-thread-1] INFO  impl.RaftServerImpl (RaftServerImpl.java:setRole(174)) - dcfcd112-014e-43fc-a356-31bdd3cb4a32@group-92DA7747D61F: changes role from      null to FOLLOWER at term 0 for startAsFollower
2019-09-11 21:36:39,539 [pool-67-thread-1] INFO  impl.RoleInfo (RoleInfo.java:updateAndGet(143)) - dcfcd112-014e-43fc-a356-31bdd3cb4a32: start FollowerState
2019-09-11 21:36:39,539 [pool-67-thread-1] INFO  util.JmxRegister (JmxRegister.java:tryRegister(44)) - Successfully registered JMX Bean with object name Ratis:service=RaftServer,group=group-92DA7747D61F,id=dcfcd112-014e-43fc-a356-31bdd3cb4a32
2019-09-11 21:36:39,542 [pool-47-thread-1] INFO  impl.RaftServerImpl (RaftServerImpl.java:start(185)) - f766e53e-50c1-4258-ad0c-9c8d360b84f6@group-92DA7747D61F: start as a follower, conf=-1: [dcfcd112-014e-43fc-a356-31bdd3cb4a32:192.168.34.45:39948, 64758d78-93e8-4c7e-ac45-b585f050bda2:192.168.34.45:34035, f766e53e-50c1-4258-ad0c-9c8d360b84f6:192.168.34.45:43719], old=null
2019-09-11 21:36:39,542 [pool-47-thread-1] INFO  impl.RaftServerImpl (RaftServerImpl.java:setRole(174)) - f766e53e-50c1-4258-ad0c-9c8d360b84f6@group-92DA7747D61F: changes role from      null to FOLLOWER at term 0 for startAsFollower
2019-09-11 21:36:39,542 [pool-47-thread-1] INFO  impl.RoleInfo (RoleInfo.java:updateAndGet(143)) - f766e53e-50c1-4258-ad0c-9c8d360b84f6: start FollowerState
2019-09-11 21:36:39,542 [pool-27-thread-1] INFO  impl.RaftServerImpl (RaftServerImpl.java:start(185)) - 64758d78-93e8-4c7e-ac45-b585f050bda2@group-92DA7747D61F: start as a follower, conf=-1: [dcfcd112-014e-43fc-a356-31bdd3cb4a32:192.168.34.45:39948, 64758d78-93e8-4c7e-ac45-b585f050bda2:192.168.34.45:34035, f766e53e-50c1-4258-ad0c-9c8d360b84f6:192.168.34.45:43719], old=null
2019-09-11 21:36:39,542 [pool-27-thread-1] INFO  impl.RaftServerImpl (RaftServerImpl.java:setRole(174)) - 64758d78-93e8-4c7e-ac45-b585f050bda2@group-92DA7747D61F: changes role from      null to FOLLOWER at term 0 for startAsFollower
2019-09-11 21:36:39,543 [pool-47-thread-1] INFO  util.JmxRegister (JmxRegister.java:tryRegister(44)) - Successfully registered JMX Bean with object name Ratis:service=RaftServer,group=group-92DA7747D61F,id=f766e53e-50c1-4258-ad0c-9c8d360b84f6
2019-09-11 21:36:39,543 [pool-27-thread-1] INFO  impl.RoleInfo (RoleInfo.java:updateAndGet(143)) - 64758d78-93e8-4c7e-ac45-b585f050bda2: start FollowerState
2019-09-11 21:36:39,543 [pool-27-thread-1] INFO  util.JmxRegister (JmxRegister.java:tryRegister(44)) - Successfully registered JMX Bean with object name Ratis:service=RaftServer,group=group-92DA7747D61F,id=64758d78-93e8-4c7e-ac45-b585f050bda2
2019-09-11 21:36:39,546 [RatisPipelineUtilsThread] INFO  pipeline.PipelineStateManager (PipelineStateManager.java:addPipeline(56)) - Created pipeline Pipeline[ Id: 7ddb27d4-9036-42a5-b7fe-92da7747d61f, Nodes: 64758d78-93e8-4c7e-ac45-b585f050bda2{ip: 192.168.34.45, host: pr-hdds-2106-g2ln6-2689029927, networkLocation: /default-rack, certSerialId: null}f766e53e-50c1-4258-ad0c-9c8d360b84f6{ip: 192.168.34.45, host: pr-hdds-2106-g2ln6-2689029927, networkLocation: /default-rack, certSerialId: null}dcfcd112-014e-43fc-a356-31bdd3cb4a32{ip: 192.168.34.45, host: pr-hdds-2106-g2ln6-2689029927, networkLocation: /default-rack, certSerialId: null}, Type:RATIS, Factor:THREE, State:OPEN]
2019-09-11 21:36:39,639 [main] WARN  io.KeyOutputStream (KeyOutputStream.java:handleException(276)) - Encountered exception java.io.IOException: Unexpected Storage Container Exception: java.util.concurrent.CompletionException: java.util.concurrent.CompletionException: org.apache.ratis.protocol.GroupMismatchException: 64758d78-93e8-4c7e-ac45-b585f050bda2: group-918A56EF0495 not found. on the pipeline Pipeline[ Id: 2ead2db8-3de7-4f6a-bd2b-918a56ef0495, Nodes: 64758d78-93e8-4c7e-ac45-b585f050bda2{ip: 192.168.34.45, host: pr-hdds-2106-g2ln6-2689029927, networkLocation: /default-rack, certSerialId: null}f766e53e-50c1-4258-ad0c-9c8d360b84f6{ip: 192.168.34.45, host: pr-hdds-2106-g2ln6-2689029927, networkLocation: /default-rack, certSerialId: null}dcfcd112-014e-43fc-a356-31bdd3cb4a32{ip: 192.168.34.45, host: pr-hdds-2106-g2ln6-2689029927, networkLocation: /default-rack, certSerialId: null}, Type:RATIS, Factor:THREE, State:OPEN]. The last committed block length is 0, uncommitted data length is 400 retry count 0
2019-09-11 21:36:39,705 [grpc-default-executor-4] INFO  client.GrpcClientProtocolClient (GrpcClientProtocolClient.java:onNext(264)) - client-F95A05E2C7E1->e65d990c-164b-43b9-a9c1-22adf01196de: receive RaftClientReply:client-F95A05E2C7E1->e65d990c-164b-43b9-a9c1-22adf01196de@group-6D60D55FBEB9, cid=36, FAILED org.apache.ratis.protocol.NotLeaderException: Server e65d990c-164b-43b9-a9c1-22adf01196de@group-6D60D55FBEB9 is not the leader 11d2b070-900d-4cce-8cb7-62e855827e58:192.168.34.45:36235, logIndex=0, commits[e65d990c-164b-43b9-a9c1-22adf01196de:c10, ff77657b-10d6-4089-af6a-328c0e7e984d:c10, 11d2b070-900d-4cce-8cb7-62e855827e58:c10]
2019-09-11 21:36:39,887 [grpc-default-executor-4] INFO  client.GrpcClientProtocolClient (GrpcClientProtocolClient.java:onNext(264)) - client-F95A05E2C7E1->11d2b070-900d-4cce-8cb7-62e855827e58: receive RaftClientReply:client-F95A05E2C7E1->11d2b070-900d-4cce-8cb7-62e855827e58@group-6D60D55FBEB9, cid=36, SUCCESS, logIndex=11, commits[11d2b070-900d-4cce-8cb7-62e855827e58:c11, e65d990c-164b-43b9-a9c1-22adf01196de:c10, ff77657b-10d6-4089-af6a-328c0e7e984d:c10]
2019-09-11 21:36:39,922 [grpc-default-executor-6] INFO  client.GrpcClientProtocolClient (GrpcClientProtocolClient.java:onNext(264)) - client-F95A05E2C7E1->11d2b070-900d-4cce-8cb7-62e855827e58: receive RaftClientReply:client-F95A05E2C7E1->11d2b070-900d-4cce-8cb7-62e855827e58@group-6D60D55FBEB9, cid=37, SUCCESS, logIndex=13, commits[11d2b070-900d-4cce-8cb7-62e855827e58:c13, e65d990c-164b-43b9-a9c1-22adf01196de:c12, ff77657b-10d6-4089-af6a-328c0e7e984d:c12]
2019-09-11 21:36:39,991 [grpc-default-executor-4] INFO  client.GrpcClientProtocolClient (GrpcClientProtocolClient.java:onNext(264)) - client-F95A05E2C7E1->11d2b070-900d-4cce-8cb7-62e855827e58: receive RaftClientReply:client-F95A05E2C7E1->11d2b070-900d-4cce-8cb7-62e855827e58@group-6D60D55FBEB9, cid=38, SUCCESS, logIndex=14, commits[11d2b070-900d-4cce-8cb7-62e855827e58:c21, e65d990c-164b-43b9-a9c1-22adf01196de:c17, ff77657b-10d6-4089-af6a-328c0e7e984d:c17]
2019-09-11 21:36:39,992 [grpc-default-executor-4] INFO  client.GrpcClientProtocolClient (GrpcClientProtocolClient.java:onNext(264)) - client-F95A05E2C7E1->11d2b070-900d-4cce-8cb7-62e855827e58: receive RaftClientReply:client-F95A05E2C7E1->11d2b070-900d-4cce-8cb7-62e855827e58@group-6D60D55FBEB9, cid=39, SUCCESS, logIndex=15, commits[11d2b070-900d-4cce-8cb7-62e855827e58:c21, e65d990c-164b-43b9-a9c1-22adf01196de:c17, ff77657b-10d6-4089-af6a-328c0e7e984d:c17]
2019-09-11 21:36:39,993 [grpc-default-executor-4] INFO  client.GrpcClientProtocolClient (GrpcClientProtocolClient.java:onNext(264)) - client-F95A05E2C7E1->11d2b070-900d-4cce-8cb7-62e855827e58: receive RaftClientReply:client-F95A05E2C7E1->11d2b070-900d-4cce-8cb7-62e855827e58@group-6D60D55FBEB9, cid=40, SUCCESS, logIndex=16, commits[11d2b070-900d-4cce-8cb7-62e855827e58:c21, e65d990c-164b-43b9-a9c1-22adf01196de:c17, ff77657b-10d6-4089-af6a-328c0e7e984d:c17]
2019-09-11 21:36:40,052 [grpc-default-executor-4] INFO  client.GrpcClientProtocolClient (GrpcClientProtocolClient.java:onNext(264)) - client-F95A05E2C7E1->11d2b070-900d-4cce-8cb7-62e855827e58: receive RaftClientReply:client-F95A05E2C7E1->11d2b070-900d-4cce-8cb7-62e855827e58@group-6D60D55FBEB9, cid=41, SUCCESS, logIndex=17, commits[11d2b070-900d-4cce-8cb7-62e855827e58:c21, e65d990c-164b-43b9-a9c1-22adf01196de:c17, ff77657b-10d6-4089-af6a-328c0e7e984d:c17]
]]></system-out>
  </testcase>
  <testcase name="testBufferCaching" classname="org.apache.hadoop.ozone.client.rpc.TestBlockOutputStream" time="0.437"/>
  <testcase name="testWriteWithExceedingMaxBufferLimit" classname="org.apache.hadoop.ozone.client.rpc.TestBlockOutputStream" time="19.513"/>
</testsuite>