<?xml version="1.0" encoding="UTF-8"?>
<testsuite xmlns:xsi="http://www.w3.org/2001/XMLSchema-instance" xsi:noNamespaceSchemaLocation="https://maven.apache.org/surefire/maven-surefire-plugin/xsd/surefire-test-report.xsd" name="org.apache.hadoop.ozone.client.rpc.Test2WayCommitInRatis" time="33.275" tests="1" errors="1" skipped="0" failures="0">
  <properties>
    <property name="awt.toolkit" value="sun.awt.X11.XToolkit"/>
    <property name="file.encoding.pkg" value="sun.io"/>
    <property name="java.specification.version" value="1.8"/>
    <property name="sun.cpu.isalist" value=""/>
    <property name="sun.jnu.encoding" value="UTF-8"/>
    <property name="java.class.path" value="/workdir/hadoop-ozone/integration-test/target/test-classes:/workdir/hadoop-ozone/integration-test/target/classes:/home/user/.m2/repository/org/apache/hadoop/hadoop-ozone-common/0.5.0-SNAPSHOT/hadoop-ozone-common-0.5.0-SNAPSHOT.jar:/home/user/.m2/repository/org/apache/commons/commons-compress/1.4.1/commons-compress-1.4.1.jar:/home/user/.m2/repository/org/tukaani/xz/1.0/xz-1.0.jar:/home/user/.m2/repository/org/apache/hadoop/hadoop-common/3.2.0/hadoop-common-3.2.0.jar:/home/user/.m2/repository/org/apache/hadoop/hadoop-hdfs/3.2.0/hadoop-hdfs-3.2.0.jar:/home/user/.m2/repository/org/apache/hadoop/hadoop-hdfs-client/3.2.0/hadoop-hdfs-client-3.2.0.jar:/home/user/.m2/repository/com/fasterxml/jackson/core/jackson-annotations/2.9.5/jackson-annotations-2.9.5.jar:/home/user/.m2/repository/org/apache/hadoop/hadoop-hdds-common/0.5.0-SNAPSHOT/hadoop-hdds-common-0.5.0-SNAPSHOT.jar:/home/user/.m2/repository/javax/annotation/javax.annotation-api/1.2/javax.annotation-api-1.2.jar:/home/user/.m2/repository/org/apache/ratis/ratis-server/0.4.0-2337318-SNAPSHOT/ratis-server-0.4.0-2337318-SNAPSHOT.jar:/home/user/.m2/repository/org/apache/ratis/ratis-thirdparty-misc/0.2.0/ratis-thirdparty-misc-0.2.0.jar:/home/user/.m2/repository/org/apache/ratis/ratis-proto/0.4.0-2337318-SNAPSHOT/ratis-proto-0.4.0-2337318-SNAPSHOT.jar:/home/user/.m2/repository/org/apache/ratis/ratis-common/0.4.0-2337318-SNAPSHOT/ratis-common-0.4.0-2337318-SNAPSHOT.jar:/home/user/.m2/repository/org/apache/ratis/ratis-client/0.4.0-2337318-SNAPSHOT/ratis-client-0.4.0-2337318-SNAPSHOT.jar:/home/user/.m2/repository/org/apache/ratis/ratis-metrics/0.4.0-2337318-SNAPSHOT/ratis-metrics-0.4.0-2337318-SNAPSHOT.jar:/home/user/.m2/repository/org/apache/ratis/ratis-netty/0.4.0-2337318-SNAPSHOT/ratis-netty-0.4.0-2337318-SNAPSHOT.jar:/home/user/.m2/repository/org/apache/ratis/ratis-grpc/0.4.0-2337318-SNAPSHOT/ratis-grpc-0.4.0-2337318-SNAPSHOT.jar:/home/user/.m2/repository/org/rocksdb/rocksdbjni/6.0.1/rocksdbjni-6.0.1.jar:/home/user/.m2/repository/org/apache/logging/log4j/log4j-api/2.11.0/log4j-api-2.11.0.jar:/home/user/.m2/repository/org/apache/logging/log4j/log4j-core/2.11.0/log4j-core-2.11.0.jar:/home/user/.m2/repository/com/lmax/disruptor/3.4.2/disruptor-3.4.2.jar:/home/user/.m2/repository/org/apache/commons/commons-pool2/2.6.0/commons-pool2-2.6.0.jar:/home/user/.m2/repository/org/bouncycastle/bcpkix-jdk15on/1.60/bcpkix-jdk15on-1.60.jar:/home/user/.m2/repository/commons-validator/commons-validator/1.6/commons-validator-1.6.jar:/home/user/.m2/repository/commons-digester/commons-digester/1.8.1/commons-digester-1.8.1.jar:/home/user/.m2/repository/io/jaegertracing/jaeger-client/0.33.1/jaeger-client-0.33.1.jar:/home/user/.m2/repository/io/jaegertracing/jaeger-thrift/0.33.1/jaeger-thrift-0.33.1.jar:/home/user/.m2/repository/org/apache/thrift/libthrift/0.11.0/libthrift-0.11.0.jar:/home/user/.m2/repository/com/squareup/okhttp3/okhttp/3.9.0/okhttp-3.9.0.jar:/home/user/.m2/repository/com/squareup/okio/okio/1.13.0/okio-1.13.0.jar:/home/user/.m2/repository/io/jaegertracing/jaeger-core/0.33.1/jaeger-core-0.33.1.jar:/home/user/.m2/repository/io/jaegertracing/jaeger-tracerresolver/0.33.1/jaeger-tracerresolver-0.33.1.jar:/home/user/.m2/repository/io/opentracing/contrib/opentracing-tracerresolver/0.1.5/opentracing-tracerresolver-0.1.5.jar:/home/user/.m2/repository/io/opentracing/opentracing-util/0.31.0/opentracing-util-0.31.0.jar:/home/user/.m2/repository/io/opentracing/opentracing-api/0.31.0/opentracing-api-0.31.0.jar:/home/user/.m2/repository/io/opentracing/opentracing-noop/0.31.0/opentracing-noop-0.31.0.jar:/home/user/.m2/repository/org/apache/hadoop/hadoop-hdds-server-framework/0.5.0-SNAPSHOT/hadoop-hdds-server-framework-0.5.0-SNAPSHOT.jar:/home/user/.m2/repository/org/apache/hadoop/hadoop-hdds-container-service/0.5.0-SNAPSHOT/hadoop-hdds-container-service-0.5.0-SNAPSHOT.jar:/home/user/.m2/repository/org/apache/hadoop/hadoop-hdds-client/0.5.0-SNAPSHOT/hadoop-hdds-client-0.5.0-SNAPSHOT.jar:/home/user/.m2/repository/org/apache/hadoop/hadoop-hdds-tools/0.5.0-SNAPSHOT/hadoop-hdds-tools-0.5.0-SNAPSHOT.jar:/home/user/.m2/repository/org/apache/hadoop/hadoop-hdds-server-scm/0.5.0-SNAPSHOT/hadoop-hdds-server-scm-0.5.0-SNAPSHOT.jar:/home/user/.m2/repository/org/apache/hadoop/hadoop-hdds-docs/0.5.0-SNAPSHOT/hadoop-hdds-docs-0.5.0-SNAPSHOT.jar:/home/user/.m2/repository/io/dropwizard/metrics/metrics-core/3.2.4/metrics-core-3.2.4.jar:/home/user/.m2/repository/org/hamcrest/hamcrest-all/1.3/hamcrest-all-1.3.jar:/home/user/.m2/repository/org/bouncycastle/bcprov-jdk15on/1.60/bcprov-jdk15on-1.60.jar:/home/user/.m2/repository/info/picocli/picocli/3.9.6/picocli-3.9.6.jar:/home/user/.m2/repository/com/google/protobuf/protobuf-java/2.5.0/protobuf-java-2.5.0.jar:/home/user/.m2/repository/com/google/guava/guava/11.0.2/guava-11.0.2.jar:/home/user/.m2/repository/org/apache/hadoop/hadoop-ozone-ozone-manager/0.5.0-SNAPSHOT/hadoop-ozone-ozone-manager-0.5.0-SNAPSHOT.jar:/home/user/.m2/repository/org/apache/hadoop/hadoop-minikdc/3.2.0/hadoop-minikdc-3.2.0.jar:/home/user/.m2/repository/commons-io/commons-io/2.5/commons-io-2.5.jar:/home/user/.m2/repository/org/apache/kerby/kerb-simplekdc/1.0.1/kerb-simplekdc-1.0.1.jar:/home/user/.m2/repository/org/apache/kerby/kerb-client/1.0.1/kerb-client-1.0.1.jar:/home/user/.m2/repository/org/apache/kerby/kerby-config/1.0.1/kerby-config-1.0.1.jar:/home/user/.m2/repository/org/apache/kerby/kerb-core/1.0.1/kerb-core-1.0.1.jar:/home/user/.m2/repository/org/apache/kerby/kerby-pkix/1.0.1/kerby-pkix-1.0.1.jar:/home/user/.m2/repository/org/apache/kerby/kerby-asn1/1.0.1/kerby-asn1-1.0.1.jar:/home/user/.m2/repository/org/apache/kerby/kerby-util/1.0.1/kerby-util-1.0.1.jar:/home/user/.m2/repository/org/apache/kerby/kerb-common/1.0.1/kerb-common-1.0.1.jar:/home/user/.m2/repository/org/apache/kerby/kerb-crypto/1.0.1/kerb-crypto-1.0.1.jar:/home/user/.m2/repository/org/apache/kerby/kerb-util/1.0.1/kerb-util-1.0.1.jar:/home/user/.m2/repository/org/apache/kerby/token-provider/1.0.1/token-provider-1.0.1.jar:/home/user/.m2/repository/org/apache/kerby/kerb-admin/1.0.1/kerb-admin-1.0.1.jar:/home/user/.m2/repository/org/apache/kerby/kerb-server/1.0.1/kerb-server-1.0.1.jar:/home/user/.m2/repository/org/apache/kerby/kerb-identity/1.0.1/kerb-identity-1.0.1.jar:/home/user/.m2/repository/org/apache/kerby/kerby-xdr/1.0.1/kerby-xdr-1.0.1.jar:/home/user/.m2/repository/org/slf4j/slf4j-log4j12/1.7.25/slf4j-log4j12-1.7.25.jar:/home/user/.m2/repository/org/apache/hadoop/hadoop-ozone-objectstore-service/0.5.0-SNAPSHOT/hadoop-ozone-objectstore-service-0.5.0-SNAPSHOT.jar:/home/user/.m2/repository/org/apache/hadoop/hadoop-ozone-s3gateway/0.5.0-SNAPSHOT/hadoop-ozone-s3gateway-0.5.0-SNAPSHOT.jar:/home/user/.m2/repository/org/jboss/weld/servlet/weld-servlet/2.4.7.Final/weld-servlet-2.4.7.Final.jar:/home/user/.m2/repository/org/glassfish/jersey/containers/jersey-container-servlet-core/2.27/jersey-container-servlet-core-2.27.jar:/home/user/.m2/repository/org/glassfish/hk2/external/javax.inject/2.5.0-b42/javax.inject-2.5.0-b42.jar:/home/user/.m2/repository/org/glassfish/jersey/core/jersey-common/2.27/jersey-common-2.27.jar:/home/user/.m2/repository/org/glassfish/hk2/osgi-resource-locator/1.0.1/osgi-resource-locator-1.0.1.jar:/home/user/.m2/repository/javax/ws/rs/javax.ws.rs-api/2.1/javax.ws.rs-api-2.1.jar:/home/user/.m2/repository/org/glassfish/jersey/ext/cdi/jersey-cdi1x/2.27/jersey-cdi1x-2.27.jar:/home/user/.m2/repository/org/glassfish/jersey/inject/jersey-hk2/2.27/jersey-hk2-2.27.jar:/home/user/.m2/repository/org/glassfish/hk2/hk2-locator/2.5.0-b42/hk2-locator-2.5.0-b42.jar:/home/user/.m2/repository/org/javassist/javassist/3.22.0-CR2/javassist-3.22.0-CR2.jar:/home/user/.m2/repository/org/glassfish/hk2/hk2-api/2.5.0/hk2-api-2.5.0.jar:/home/user/.m2/repository/org/glassfish/hk2/external/jakarta.inject/2.5.0/jakarta.inject-2.5.0.jar:/home/user/.m2/repository/org/glassfish/hk2/hk2-utils/2.5.0/hk2-utils-2.5.0.jar:/home/user/.m2/repository/jakarta/annotation/jakarta.annotation-api/1.3.4/jakarta.annotation-api-1.3.4.jar:/home/user/.m2/repository/org/glassfish/hk2/external/aopalliance-repackaged/2.5.0/aopalliance-repackaged-2.5.0.jar:/home/user/.m2/repository/com/fasterxml/jackson/dataformat/jackson-dataformat-xml/2.9.0/jackson-dataformat-xml-2.9.0.jar:/home/user/.m2/repository/com/fasterxml/jackson/core/jackson-core/2.9.5/jackson-core-2.9.5.jar:/home/user/.m2/repository/com/fasterxml/jackson/module/jackson-module-jaxb-annotations/2.9.5/jackson-module-jaxb-annotations-2.9.5.jar:/home/user/.m2/repository/javax/enterprise/cdi-api/1.2/cdi-api-1.2.jar:/home/user/.m2/repository/javax/el/javax.el-api/3.0.0/javax.el-api-3.0.0.jar:/home/user/.m2/repository/javax/interceptor/javax.interceptor-api/1.2/javax.interceptor-api-1.2.jar:/home/user/.m2/repository/javax/inject/javax.inject/1/javax.inject-1.jar:/home/user/.m2/repository/com/sun/xml/bind/jaxb-impl/2.3.0.1/jaxb-impl-2.3.0.1.jar:/home/user/.m2/repository/com/sun/xml/bind/jaxb-core/2.3.0.1/jaxb-core-2.3.0.1.jar:/home/user/.m2/repository/javax/xml/bind/jaxb-api/2.3.0/jaxb-api-2.3.0.jar:/home/user/.m2/repository/javax/activation/activation/1.1.1/activation-1.1.1.jar:/home/user/.m2/repository/org/apache/hadoop/hadoop-ozone-csi/0.5.0-SNAPSHOT/hadoop-ozone-csi-0.5.0-SNAPSHOT.jar:/home/user/.m2/repository/com/google/protobuf/protobuf-java-util/3.5.1/protobuf-java-util-3.5.1.jar:/home/user/.m2/repository/org/apache/hadoop/hadoop-hdds-config/0.5.0-SNAPSHOT/hadoop-hdds-config-0.5.0-SNAPSHOT.jar:/home/user/.m2/repository/io/grpc/grpc-netty/1.17.1/grpc-netty-1.17.1.jar:/home/user/.m2/repository/io/grpc/grpc-core/1.17.1/grpc-core-1.17.1.jar:/home/user/.m2/repository/io/grpc/grpc-context/1.17.1/grpc-context-1.17.1.jar:/home/user/.m2/repository/com/google/errorprone/error_prone_annotations/2.2.0/error_prone_annotations-2.2.0.jar:/home/user/.m2/repository/org/codehaus/mojo/animal-sniffer-annotations/1.17/animal-sniffer-annotations-1.17.jar:/home/user/.m2/repository/io/opencensus/opencensus-api/0.17.0/opencensus-api-0.17.0.jar:/home/user/.m2/repository/io/opencensus/opencensus-contrib-grpc-metrics/0.17.0/opencensus-contrib-grpc-metrics-0.17.0.jar:/home/user/.m2/repository/io/netty/netty-codec-http2/4.1.30.Final/netty-codec-http2-4.1.30.Final.jar:/home/user/.m2/repository/io/netty/netty-codec-http/4.1.30.Final/netty-codec-http-4.1.30.Final.jar:/home/user/.m2/repository/io/netty/netty-codec/4.1.30.Final/netty-codec-4.1.30.Final.jar:/home/user/.m2/repository/io/netty/netty-handler/4.1.30.Final/netty-handler-4.1.30.Final.jar:/home/user/.m2/repository/io/netty/netty-handler-proxy/4.1.30.Final/netty-handler-proxy-4.1.30.Final.jar:/home/user/.m2/repository/io/netty/netty-codec-socks/4.1.30.Final/netty-codec-socks-4.1.30.Final.jar:/home/user/.m2/repository/io/netty/netty-transport-native-epoll/4.1.30.Final/netty-transport-native-epoll-4.1.30.Final.jar:/home/user/.m2/repository/io/netty/netty-common/4.1.30.Final/netty-common-4.1.30.Final.jar:/home/user/.m2/repository/io/netty/netty-buffer/4.1.30.Final/netty-buffer-4.1.30.Final.jar:/home/user/.m2/repository/io/netty/netty-transport/4.1.30.Final/netty-transport-4.1.30.Final.jar:/home/user/.m2/repository/io/netty/netty-resolver/4.1.30.Final/netty-resolver-4.1.30.Final.jar:/home/user/.m2/repository/io/netty/netty-transport-native-unix-common/4.1.30.Final/netty-transport-native-unix-common-4.1.30.Final.jar:/home/user/.m2/repository/io/grpc/grpc-protobuf/1.17.1/grpc-protobuf-1.17.1.jar:/home/user/.m2/repository/com/google/api/grpc/proto-google-common-protos/1.0.0/proto-google-common-protos-1.0.0.jar:/home/user/.m2/repository/io/grpc/grpc-protobuf-lite/1.17.1/grpc-protobuf-lite-1.17.1.jar:/home/user/.m2/repository/io/grpc/grpc-stub/1.17.1/grpc-stub-1.17.1.jar:/home/user/.m2/repository/org/apache/hadoop/hadoop-ozone-recon/0.5.0-SNAPSHOT/hadoop-ozone-recon-0.5.0-SNAPSHOT.jar:/home/user/.m2/repository/org/apache/hadoop/hadoop-ozone-reconcodegen/0.5.0-SNAPSHOT/hadoop-ozone-reconcodegen-0.5.0-SNAPSHOT.jar:/home/user/.m2/repository/com/google/inject/extensions/guice-multibindings/4.0/guice-multibindings-4.0.jar:/home/user/.m2/repository/com/google/inject/guice/4.0/guice-4.0.jar:/home/user/.m2/repository/aopalliance/aopalliance/1.0/aopalliance-1.0.jar:/home/user/.m2/repository/com/google/inject/extensions/guice-servlet/4.0/guice-servlet-4.0.jar:/home/user/.m2/repository/org/glassfish/jersey/containers/jersey-container-servlet/2.27/jersey-container-servlet-2.27.jar:/home/user/.m2/repository/org/glassfish/hk2/guice-bridge/2.5.0/guice-bridge-2.5.0.jar:/home/user/.m2/repository/org/glassfish/jersey/core/jersey-server/2.27/jersey-server-2.27.jar:/home/user/.m2/repository/org/glassfish/jersey/core/jersey-client/2.27/jersey-client-2.27.jar:/home/user/.m2/repository/org/glassfish/jersey/media/jersey-media-jaxb/2.27/jersey-media-jaxb-2.27.jar:/home/user/.m2/repository/javax/validation/validation-api/1.1.0.Final/validation-api-1.1.0.Final.jar:/home/user/.m2/repository/org/glassfish/jersey/media/jersey-media-json-jackson/2.27/jersey-media-json-jackson-2.27.jar:/home/user/.m2/repository/org/glassfish/jersey/ext/jersey-entity-filtering/2.27/jersey-entity-filtering-2.27.jar:/home/user/.m2/repository/com/google/inject/extensions/guice-assistedinject/4.0/guice-assistedinject-4.0.jar:/home/user/.m2/repository/org/jooq/jooq/3.11.10/jooq-3.11.10.jar:/home/user/.m2/repository/org/jooq/jooq-meta/3.11.10/jooq-meta-3.11.10.jar:/home/user/.m2/repository/org/jooq/jooq-codegen/3.11.10/jooq-codegen-3.11.10.jar:/home/user/.m2/repository/com/jolbox/bonecp/0.8.0.RELEASE/bonecp-0.8.0.RELEASE.jar:/home/user/.m2/repository/org/xerial/sqlite-jdbc/3.25.2/sqlite-jdbc-3.25.2.jar:/home/user/.m2/repository/org/springframework/spring-jdbc/5.1.3.RELEASE/spring-jdbc-5.1.3.RELEASE.jar:/home/user/.m2/repository/org/springframework/spring-beans/5.1.3.RELEASE/spring-beans-5.1.3.RELEASE.jar:/home/user/.m2/repository/org/springframework/spring-core/5.1.3.RELEASE/spring-core-5.1.3.RELEASE.jar:/home/user/.m2/repository/org/springframework/spring-jcl/5.1.3.RELEASE/spring-jcl-5.1.3.RELEASE.jar:/home/user/.m2/repository/org/springframework/spring-tx/5.1.3.RELEASE/spring-tx-5.1.3.RELEASE.jar:/home/user/.m2/repository/org/apache/hadoop/hadoop-ozone-client/0.5.0-SNAPSHOT/hadoop-ozone-client-0.5.0-SNAPSHOT.jar:/home/user/.m2/repository/commons-lang/commons-lang/2.6/commons-lang-2.6.jar:/home/user/.m2/repository/org/apache/hadoop/hadoop-ozone-ozone-manager/0.5.0-SNAPSHOT/hadoop-ozone-ozone-manager-0.5.0-SNAPSHOT-tests.jar:/home/user/.m2/repository/junit/junit/4.11/junit-4.11.jar:/home/user/.m2/repository/org/hamcrest/hamcrest-core/1.3/hamcrest-core-1.3.jar:/home/user/.m2/repository/org/openjdk/jmh/jmh-core/1.19/jmh-core-1.19.jar:/home/user/.m2/repository/net/sf/jopt-simple/jopt-simple/4.6/jopt-simple-4.6.jar:/home/user/.m2/repository/org/apache/commons/commons-math3/3.1.1/commons-math3-3.1.1.jar:/home/user/.m2/repository/org/openjdk/jmh/jmh-generator-annprocess/1.19/jmh-generator-annprocess-1.19.jar:/home/user/.m2/repository/org/mockito/mockito-all/1.8.5/mockito-all-1.8.5.jar:/home/user/.m2/repository/org/apache/hadoop/hadoop-kms/3.2.0/hadoop-kms-3.2.0.jar:/home/user/.m2/repository/org/apache/hadoop/hadoop-auth/3.2.0/hadoop-auth-3.2.0.jar:/home/user/.m2/repository/com/nimbusds/nimbus-jose-jwt/4.41.1/nimbus-jose-jwt-4.41.1.jar:/home/user/.m2/repository/com/github/stephenc/jcip/jcip-annotations/1.0-1/jcip-annotations-1.0-1.jar:/home/user/.m2/repository/net/minidev/json-smart/2.3/json-smart-2.3.jar:/home/user/.m2/repository/net/minidev/accessors-smart/1.2/accessors-smart-1.2.jar:/home/user/.m2/repository/org/ow2/asm/asm/5.0.4/asm-5.0.4.jar:/home/user/.m2/repository/org/apache/curator/curator-framework/2.12.0/curator-framework-2.12.0.jar:/home/user/.m2/repository/com/sun/jersey/jersey-core/1.19/jersey-core-1.19.jar:/home/user/.m2/repository/javax/ws/rs/jsr311-api/1.1.1/jsr311-api-1.1.1.jar:/home/user/.m2/repository/com/sun/jersey/jersey-server/1.19/jersey-server-1.19.jar:/home/user/.m2/repository/javax/servlet/javax.servlet-api/3.1.0/javax.servlet-api-3.1.0.jar:/home/user/.m2/repository/org/eclipse/jetty/jetty-server/9.3.24.v20180605/jetty-server-9.3.24.v20180605.jar:/home/user/.m2/repository/org/eclipse/jetty/jetty-http/9.3.24.v20180605/jetty-http-9.3.24.v20180605.jar:/home/user/.m2/repository/org/eclipse/jetty/jetty-io/9.3.24.v20180605/jetty-io-9.3.24.v20180605.jar:/home/user/.m2/repository/org/eclipse/jetty/jetty-webapp/9.3.24.v20180605/jetty-webapp-9.3.24.v20180605.jar:/home/user/.m2/repository/org/eclipse/jetty/jetty-xml/9.3.24.v20180605/jetty-xml-9.3.24.v20180605.jar:/home/user/.m2/repository/log4j/log4j/1.2.17/log4j-1.2.17.jar:/home/user/.m2/repository/org/slf4j/slf4j-api/1.7.25/slf4j-api-1.7.25.jar:/home/user/.m2/repository/org/slf4j/jul-to-slf4j/1.7.25/jul-to-slf4j-1.7.25.jar:/home/user/.m2/repository/org/eclipse/jetty/jetty-util/9.3.24.v20180605/jetty-util-9.3.24.v20180605.jar:/home/user/.m2/repository/com/fasterxml/jackson/core/jackson-databind/2.9.5/jackson-databind-2.9.5.jar:/home/user/.m2/repository/org/apache/hadoop/hadoop-kms/3.2.0/hadoop-kms-3.2.0-tests.jar:/home/user/.m2/repository/org/apache/hadoop/hadoop-hdds-server-scm/0.5.0-SNAPSHOT/hadoop-hdds-server-scm-0.5.0-SNAPSHOT-tests.jar:/home/user/.m2/repository/org/apache/hadoop/hadoop-hdds-container-service/0.5.0-SNAPSHOT/hadoop-hdds-container-service-0.5.0-SNAPSHOT-tests.jar:/home/user/.m2/repository/org/yaml/snakeyaml/1.16/snakeyaml-1.16.jar:/home/user/.m2/repository/org/apache/hadoop/hadoop-common/3.2.0/hadoop-common-3.2.0-tests.jar:/home/user/.m2/repository/org/apache/hadoop/hadoop-annotations/3.2.0/hadoop-annotations-3.2.0.jar:/usr/lib/jvm/java-1.8-openjdk/jre/../lib/tools.jar:/home/user/.m2/repository/commons-cli/commons-cli/1.2/commons-cli-1.2.jar:/home/user/.m2/repository/org/apache/httpcomponents/httpclient/4.5.2/httpclient-4.5.2.jar:/home/user/.m2/repository/org/apache/httpcomponents/httpcore/4.4.4/httpcore-4.4.4.jar:/home/user/.m2/repository/commons-codec/commons-codec/1.11/commons-codec-1.11.jar:/home/user/.m2/repository/commons-net/commons-net/3.6/commons-net-3.6.jar:/home/user/.m2/repository/commons-collections/commons-collections/3.2.2/commons-collections-3.2.2.jar:/home/user/.m2/repository/org/eclipse/jetty/jetty-servlet/9.3.24.v20180605/jetty-servlet-9.3.24.v20180605.jar:/home/user/.m2/repository/org/eclipse/jetty/jetty-security/9.3.24.v20180605/jetty-security-9.3.24.v20180605.jar:/home/user/.m2/repository/javax/servlet/jsp/jsp-api/2.1/jsp-api-2.1.jar:/home/user/.m2/repository/com/sun/jersey/jersey-servlet/1.19/jersey-servlet-1.19.jar:/home/user/.m2/repository/com/sun/jersey/jersey-json/1.19/jersey-json-1.19.jar:/home/user/.m2/repository/org/codehaus/jettison/jettison/1.1/jettison-1.1.jar:/home/user/.m2/repository/org/codehaus/jackson/jackson-core-asl/1.9.13/jackson-core-asl-1.9.13.jar:/home/user/.m2/repository/org/codehaus/jackson/jackson-mapper-asl/1.9.13/jackson-mapper-asl-1.9.13.jar:/home/user/.m2/repository/org/codehaus/jackson/jackson-jaxrs/1.9.13/jackson-jaxrs-1.9.13.jar:/home/user/.m2/repository/org/codehaus/jackson/jackson-xc/1.9.13/jackson-xc-1.9.13.jar:/home/user/.m2/repository/commons-logging/commons-logging/1.1.3/commons-logging-1.1.3.jar:/home/user/.m2/repository/commons-beanutils/commons-beanutils/1.9.3/commons-beanutils-1.9.3.jar:/home/user/.m2/repository/org/apache/commons/commons-configuration2/2.1.1/commons-configuration2-2.1.1.jar:/home/user/.m2/repository/org/apache/commons/commons-lang3/3.7/commons-lang3-3.7.jar:/home/user/.m2/repository/org/apache/commons/commons-text/1.4/commons-text-1.4.jar:/home/user/.m2/repository/org/apache/avro/avro/1.7.7/avro-1.7.7.jar:/home/user/.m2/repository/com/thoughtworks/paranamer/paranamer/2.3/paranamer-2.3.jar:/home/user/.m2/repository/org/xerial/snappy/snappy-java/1.0.5/snappy-java-1.0.5.jar:/home/user/.m2/repository/com/google/re2j/re2j/1.1/re2j-1.1.jar:/home/user/.m2/repository/com/google/code/gson/gson/2.2.4/gson-2.2.4.jar:/home/user/.m2/repository/com/jcraft/jsch/0.1.54/jsch-0.1.54.jar:/home/user/.m2/repository/org/apache/curator/curator-client/2.12.0/curator-client-2.12.0.jar:/home/user/.m2/repository/org/apache/curator/curator-recipes/2.12.0/curator-recipes-2.12.0.jar:/home/user/.m2/repository/com/google/code/findbugs/jsr305/3.0.0/jsr305-3.0.0.jar:/home/user/.m2/repository/org/apache/htrace/htrace-core4/4.1.0-incubating/htrace-core4-4.1.0-incubating.jar:/home/user/.m2/repository/org/apache/zookeeper/zookeeper/3.4.13/zookeeper-3.4.13.jar:/home/user/.m2/repository/org/apache/yetus/audience-annotations/0.5.0/audience-annotations-0.5.0.jar:/home/user/.m2/repository/org/codehaus/woodstox/stax2-api/3.1.4/stax2-api-3.1.4.jar:/home/user/.m2/repository/com/fasterxml/woodstox/woodstox-core/5.0.3/woodstox-core-5.0.3.jar:/home/user/.m2/repository/dnsjava/dnsjava/2.1.7/dnsjava-2.1.7.jar:/home/user/.m2/repository/org/apache/hadoop/hadoop-hdfs/3.2.0/hadoop-hdfs-3.2.0-tests.jar:/home/user/.m2/repository/org/eclipse/jetty/jetty-util-ajax/9.3.24.v20180605/jetty-util-ajax-9.3.24.v20180605.jar:/home/user/.m2/repository/commons-daemon/commons-daemon/1.0.13/commons-daemon-1.0.13.jar:/home/user/.m2/repository/io/netty/netty/3.10.5.Final/netty-3.10.5.Final.jar:/home/user/.m2/repository/io/netty/netty-all/4.0.52.Final/netty-all-4.0.52.Final.jar:/home/user/.m2/repository/org/fusesource/leveldbjni/leveldbjni-all/1.8/leveldbjni-all-1.8.jar:"/>
    <property name="java.vm.vendor" value="IcedTea"/>
    <property name="sun.arch.data.model" value="64"/>
    <property name="test.build.dir" value="/workdir/hadoop-ozone/integration-test/target/test-dir"/>
    <property name="test.cache.data" value=""/>
    <property name="java.vendor.url" value="https://icedtea.classpath.org"/>
    <property name="user.timezone" value=""/>
    <property name="java.vm.specification.version" value="1.8"/>
    <property name="os.name" value="Linux"/>
    <property name="test.build.data" value="/workdir/hadoop-ozone/integration-test/target/test-dir"/>
    <property name="user.country" value="US"/>
    <property name="sun.java.launcher" value="SUN_STANDARD"/>
    <property name="sun.boot.library.path" value="/usr/lib/jvm/java-1.8-openjdk/jre/lib/amd64"/>
    <property name="sun.java.command" value="/workdir/hadoop-ozone/integration-test/target/surefire/surefirebooter3290977418885669378.jar /workdir/hadoop-ozone/integration-test/target/surefire 2019-08-28T08-00-46_666-jvmRun1 surefire2227204538743597965tmp surefire_401845617839435567522tmp"/>
    <property name="test" value="!TestMiniChaosOzoneCluster"/>
    <property name="surefire.test.class.path" value="/workdir/hadoop-ozone/integration-test/target/test-classes:/workdir/hadoop-ozone/integration-test/target/classes:/home/user/.m2/repository/org/apache/hadoop/hadoop-ozone-common/0.5.0-SNAPSHOT/hadoop-ozone-common-0.5.0-SNAPSHOT.jar:/home/user/.m2/repository/org/apache/commons/commons-compress/1.4.1/commons-compress-1.4.1.jar:/home/user/.m2/repository/org/tukaani/xz/1.0/xz-1.0.jar:/home/user/.m2/repository/org/apache/hadoop/hadoop-common/3.2.0/hadoop-common-3.2.0.jar:/home/user/.m2/repository/org/apache/hadoop/hadoop-hdfs/3.2.0/hadoop-hdfs-3.2.0.jar:/home/user/.m2/repository/org/apache/hadoop/hadoop-hdfs-client/3.2.0/hadoop-hdfs-client-3.2.0.jar:/home/user/.m2/repository/com/fasterxml/jackson/core/jackson-annotations/2.9.5/jackson-annotations-2.9.5.jar:/home/user/.m2/repository/org/apache/hadoop/hadoop-hdds-common/0.5.0-SNAPSHOT/hadoop-hdds-common-0.5.0-SNAPSHOT.jar:/home/user/.m2/repository/javax/annotation/javax.annotation-api/1.2/javax.annotation-api-1.2.jar:/home/user/.m2/repository/org/apache/ratis/ratis-server/0.4.0-2337318-SNAPSHOT/ratis-server-0.4.0-2337318-SNAPSHOT.jar:/home/user/.m2/repository/org/apache/ratis/ratis-thirdparty-misc/0.2.0/ratis-thirdparty-misc-0.2.0.jar:/home/user/.m2/repository/org/apache/ratis/ratis-proto/0.4.0-2337318-SNAPSHOT/ratis-proto-0.4.0-2337318-SNAPSHOT.jar:/home/user/.m2/repository/org/apache/ratis/ratis-common/0.4.0-2337318-SNAPSHOT/ratis-common-0.4.0-2337318-SNAPSHOT.jar:/home/user/.m2/repository/org/apache/ratis/ratis-client/0.4.0-2337318-SNAPSHOT/ratis-client-0.4.0-2337318-SNAPSHOT.jar:/home/user/.m2/repository/org/apache/ratis/ratis-metrics/0.4.0-2337318-SNAPSHOT/ratis-metrics-0.4.0-2337318-SNAPSHOT.jar:/home/user/.m2/repository/org/apache/ratis/ratis-netty/0.4.0-2337318-SNAPSHOT/ratis-netty-0.4.0-2337318-SNAPSHOT.jar:/home/user/.m2/repository/org/apache/ratis/ratis-grpc/0.4.0-2337318-SNAPSHOT/ratis-grpc-0.4.0-2337318-SNAPSHOT.jar:/home/user/.m2/repository/org/rocksdb/rocksdbjni/6.0.1/rocksdbjni-6.0.1.jar:/home/user/.m2/repository/org/apache/logging/log4j/log4j-api/2.11.0/log4j-api-2.11.0.jar:/home/user/.m2/repository/org/apache/logging/log4j/log4j-core/2.11.0/log4j-core-2.11.0.jar:/home/user/.m2/repository/com/lmax/disruptor/3.4.2/disruptor-3.4.2.jar:/home/user/.m2/repository/org/apache/commons/commons-pool2/2.6.0/commons-pool2-2.6.0.jar:/home/user/.m2/repository/org/bouncycastle/bcpkix-jdk15on/1.60/bcpkix-jdk15on-1.60.jar:/home/user/.m2/repository/commons-validator/commons-validator/1.6/commons-validator-1.6.jar:/home/user/.m2/repository/commons-digester/commons-digester/1.8.1/commons-digester-1.8.1.jar:/home/user/.m2/repository/io/jaegertracing/jaeger-client/0.33.1/jaeger-client-0.33.1.jar:/home/user/.m2/repository/io/jaegertracing/jaeger-thrift/0.33.1/jaeger-thrift-0.33.1.jar:/home/user/.m2/repository/org/apache/thrift/libthrift/0.11.0/libthrift-0.11.0.jar:/home/user/.m2/repository/com/squareup/okhttp3/okhttp/3.9.0/okhttp-3.9.0.jar:/home/user/.m2/repository/com/squareup/okio/okio/1.13.0/okio-1.13.0.jar:/home/user/.m2/repository/io/jaegertracing/jaeger-core/0.33.1/jaeger-core-0.33.1.jar:/home/user/.m2/repository/io/jaegertracing/jaeger-tracerresolver/0.33.1/jaeger-tracerresolver-0.33.1.jar:/home/user/.m2/repository/io/opentracing/contrib/opentracing-tracerresolver/0.1.5/opentracing-tracerresolver-0.1.5.jar:/home/user/.m2/repository/io/opentracing/opentracing-util/0.31.0/opentracing-util-0.31.0.jar:/home/user/.m2/repository/io/opentracing/opentracing-api/0.31.0/opentracing-api-0.31.0.jar:/home/user/.m2/repository/io/opentracing/opentracing-noop/0.31.0/opentracing-noop-0.31.0.jar:/home/user/.m2/repository/org/apache/hadoop/hadoop-hdds-server-framework/0.5.0-SNAPSHOT/hadoop-hdds-server-framework-0.5.0-SNAPSHOT.jar:/home/user/.m2/repository/org/apache/hadoop/hadoop-hdds-container-service/0.5.0-SNAPSHOT/hadoop-hdds-container-service-0.5.0-SNAPSHOT.jar:/home/user/.m2/repository/org/apache/hadoop/hadoop-hdds-client/0.5.0-SNAPSHOT/hadoop-hdds-client-0.5.0-SNAPSHOT.jar:/home/user/.m2/repository/org/apache/hadoop/hadoop-hdds-tools/0.5.0-SNAPSHOT/hadoop-hdds-tools-0.5.0-SNAPSHOT.jar:/home/user/.m2/repository/org/apache/hadoop/hadoop-hdds-server-scm/0.5.0-SNAPSHOT/hadoop-hdds-server-scm-0.5.0-SNAPSHOT.jar:/home/user/.m2/repository/org/apache/hadoop/hadoop-hdds-docs/0.5.0-SNAPSHOT/hadoop-hdds-docs-0.5.0-SNAPSHOT.jar:/home/user/.m2/repository/io/dropwizard/metrics/metrics-core/3.2.4/metrics-core-3.2.4.jar:/home/user/.m2/repository/org/hamcrest/hamcrest-all/1.3/hamcrest-all-1.3.jar:/home/user/.m2/repository/org/bouncycastle/bcprov-jdk15on/1.60/bcprov-jdk15on-1.60.jar:/home/user/.m2/repository/info/picocli/picocli/3.9.6/picocli-3.9.6.jar:/home/user/.m2/repository/com/google/protobuf/protobuf-java/2.5.0/protobuf-java-2.5.0.jar:/home/user/.m2/repository/com/google/guava/guava/11.0.2/guava-11.0.2.jar:/home/user/.m2/repository/org/apache/hadoop/hadoop-ozone-ozone-manager/0.5.0-SNAPSHOT/hadoop-ozone-ozone-manager-0.5.0-SNAPSHOT.jar:/home/user/.m2/repository/org/apache/hadoop/hadoop-minikdc/3.2.0/hadoop-minikdc-3.2.0.jar:/home/user/.m2/repository/commons-io/commons-io/2.5/commons-io-2.5.jar:/home/user/.m2/repository/org/apache/kerby/kerb-simplekdc/1.0.1/kerb-simplekdc-1.0.1.jar:/home/user/.m2/repository/org/apache/kerby/kerb-client/1.0.1/kerb-client-1.0.1.jar:/home/user/.m2/repository/org/apache/kerby/kerby-config/1.0.1/kerby-config-1.0.1.jar:/home/user/.m2/repository/org/apache/kerby/kerb-core/1.0.1/kerb-core-1.0.1.jar:/home/user/.m2/repository/org/apache/kerby/kerby-pkix/1.0.1/kerby-pkix-1.0.1.jar:/home/user/.m2/repository/org/apache/kerby/kerby-asn1/1.0.1/kerby-asn1-1.0.1.jar:/home/user/.m2/repository/org/apache/kerby/kerby-util/1.0.1/kerby-util-1.0.1.jar:/home/user/.m2/repository/org/apache/kerby/kerb-common/1.0.1/kerb-common-1.0.1.jar:/home/user/.m2/repository/org/apache/kerby/kerb-crypto/1.0.1/kerb-crypto-1.0.1.jar:/home/user/.m2/repository/org/apache/kerby/kerb-util/1.0.1/kerb-util-1.0.1.jar:/home/user/.m2/repository/org/apache/kerby/token-provider/1.0.1/token-provider-1.0.1.jar:/home/user/.m2/repository/org/apache/kerby/kerb-admin/1.0.1/kerb-admin-1.0.1.jar:/home/user/.m2/repository/org/apache/kerby/kerb-server/1.0.1/kerb-server-1.0.1.jar:/home/user/.m2/repository/org/apache/kerby/kerb-identity/1.0.1/kerb-identity-1.0.1.jar:/home/user/.m2/repository/org/apache/kerby/kerby-xdr/1.0.1/kerby-xdr-1.0.1.jar:/home/user/.m2/repository/org/slf4j/slf4j-log4j12/1.7.25/slf4j-log4j12-1.7.25.jar:/home/user/.m2/repository/org/apache/hadoop/hadoop-ozone-objectstore-service/0.5.0-SNAPSHOT/hadoop-ozone-objectstore-service-0.5.0-SNAPSHOT.jar:/home/user/.m2/repository/org/apache/hadoop/hadoop-ozone-s3gateway/0.5.0-SNAPSHOT/hadoop-ozone-s3gateway-0.5.0-SNAPSHOT.jar:/home/user/.m2/repository/org/jboss/weld/servlet/weld-servlet/2.4.7.Final/weld-servlet-2.4.7.Final.jar:/home/user/.m2/repository/org/glassfish/jersey/containers/jersey-container-servlet-core/2.27/jersey-container-servlet-core-2.27.jar:/home/user/.m2/repository/org/glassfish/hk2/external/javax.inject/2.5.0-b42/javax.inject-2.5.0-b42.jar:/home/user/.m2/repository/org/glassfish/jersey/core/jersey-common/2.27/jersey-common-2.27.jar:/home/user/.m2/repository/org/glassfish/hk2/osgi-resource-locator/1.0.1/osgi-resource-locator-1.0.1.jar:/home/user/.m2/repository/javax/ws/rs/javax.ws.rs-api/2.1/javax.ws.rs-api-2.1.jar:/home/user/.m2/repository/org/glassfish/jersey/ext/cdi/jersey-cdi1x/2.27/jersey-cdi1x-2.27.jar:/home/user/.m2/repository/org/glassfish/jersey/inject/jersey-hk2/2.27/jersey-hk2-2.27.jar:/home/user/.m2/repository/org/glassfish/hk2/hk2-locator/2.5.0-b42/hk2-locator-2.5.0-b42.jar:/home/user/.m2/repository/org/javassist/javassist/3.22.0-CR2/javassist-3.22.0-CR2.jar:/home/user/.m2/repository/org/glassfish/hk2/hk2-api/2.5.0/hk2-api-2.5.0.jar:/home/user/.m2/repository/org/glassfish/hk2/external/jakarta.inject/2.5.0/jakarta.inject-2.5.0.jar:/home/user/.m2/repository/org/glassfish/hk2/hk2-utils/2.5.0/hk2-utils-2.5.0.jar:/home/user/.m2/repository/jakarta/annotation/jakarta.annotation-api/1.3.4/jakarta.annotation-api-1.3.4.jar:/home/user/.m2/repository/org/glassfish/hk2/external/aopalliance-repackaged/2.5.0/aopalliance-repackaged-2.5.0.jar:/home/user/.m2/repository/com/fasterxml/jackson/dataformat/jackson-dataformat-xml/2.9.0/jackson-dataformat-xml-2.9.0.jar:/home/user/.m2/repository/com/fasterxml/jackson/core/jackson-core/2.9.5/jackson-core-2.9.5.jar:/home/user/.m2/repository/com/fasterxml/jackson/module/jackson-module-jaxb-annotations/2.9.5/jackson-module-jaxb-annotations-2.9.5.jar:/home/user/.m2/repository/javax/enterprise/cdi-api/1.2/cdi-api-1.2.jar:/home/user/.m2/repository/javax/el/javax.el-api/3.0.0/javax.el-api-3.0.0.jar:/home/user/.m2/repository/javax/interceptor/javax.interceptor-api/1.2/javax.interceptor-api-1.2.jar:/home/user/.m2/repository/javax/inject/javax.inject/1/javax.inject-1.jar:/home/user/.m2/repository/com/sun/xml/bind/jaxb-impl/2.3.0.1/jaxb-impl-2.3.0.1.jar:/home/user/.m2/repository/com/sun/xml/bind/jaxb-core/2.3.0.1/jaxb-core-2.3.0.1.jar:/home/user/.m2/repository/javax/xml/bind/jaxb-api/2.3.0/jaxb-api-2.3.0.jar:/home/user/.m2/repository/javax/activation/activation/1.1.1/activation-1.1.1.jar:/home/user/.m2/repository/org/apache/hadoop/hadoop-ozone-csi/0.5.0-SNAPSHOT/hadoop-ozone-csi-0.5.0-SNAPSHOT.jar:/home/user/.m2/repository/com/google/protobuf/protobuf-java-util/3.5.1/protobuf-java-util-3.5.1.jar:/home/user/.m2/repository/org/apache/hadoop/hadoop-hdds-config/0.5.0-SNAPSHOT/hadoop-hdds-config-0.5.0-SNAPSHOT.jar:/home/user/.m2/repository/io/grpc/grpc-netty/1.17.1/grpc-netty-1.17.1.jar:/home/user/.m2/repository/io/grpc/grpc-core/1.17.1/grpc-core-1.17.1.jar:/home/user/.m2/repository/io/grpc/grpc-context/1.17.1/grpc-context-1.17.1.jar:/home/user/.m2/repository/com/google/errorprone/error_prone_annotations/2.2.0/error_prone_annotations-2.2.0.jar:/home/user/.m2/repository/org/codehaus/mojo/animal-sniffer-annotations/1.17/animal-sniffer-annotations-1.17.jar:/home/user/.m2/repository/io/opencensus/opencensus-api/0.17.0/opencensus-api-0.17.0.jar:/home/user/.m2/repository/io/opencensus/opencensus-contrib-grpc-metrics/0.17.0/opencensus-contrib-grpc-metrics-0.17.0.jar:/home/user/.m2/repository/io/netty/netty-codec-http2/4.1.30.Final/netty-codec-http2-4.1.30.Final.jar:/home/user/.m2/repository/io/netty/netty-codec-http/4.1.30.Final/netty-codec-http-4.1.30.Final.jar:/home/user/.m2/repository/io/netty/netty-codec/4.1.30.Final/netty-codec-4.1.30.Final.jar:/home/user/.m2/repository/io/netty/netty-handler/4.1.30.Final/netty-handler-4.1.30.Final.jar:/home/user/.m2/repository/io/netty/netty-handler-proxy/4.1.30.Final/netty-handler-proxy-4.1.30.Final.jar:/home/user/.m2/repository/io/netty/netty-codec-socks/4.1.30.Final/netty-codec-socks-4.1.30.Final.jar:/home/user/.m2/repository/io/netty/netty-transport-native-epoll/4.1.30.Final/netty-transport-native-epoll-4.1.30.Final.jar:/home/user/.m2/repository/io/netty/netty-common/4.1.30.Final/netty-common-4.1.30.Final.jar:/home/user/.m2/repository/io/netty/netty-buffer/4.1.30.Final/netty-buffer-4.1.30.Final.jar:/home/user/.m2/repository/io/netty/netty-transport/4.1.30.Final/netty-transport-4.1.30.Final.jar:/home/user/.m2/repository/io/netty/netty-resolver/4.1.30.Final/netty-resolver-4.1.30.Final.jar:/home/user/.m2/repository/io/netty/netty-transport-native-unix-common/4.1.30.Final/netty-transport-native-unix-common-4.1.30.Final.jar:/home/user/.m2/repository/io/grpc/grpc-protobuf/1.17.1/grpc-protobuf-1.17.1.jar:/home/user/.m2/repository/com/google/api/grpc/proto-google-common-protos/1.0.0/proto-google-common-protos-1.0.0.jar:/home/user/.m2/repository/io/grpc/grpc-protobuf-lite/1.17.1/grpc-protobuf-lite-1.17.1.jar:/home/user/.m2/repository/io/grpc/grpc-stub/1.17.1/grpc-stub-1.17.1.jar:/home/user/.m2/repository/org/apache/hadoop/hadoop-ozone-recon/0.5.0-SNAPSHOT/hadoop-ozone-recon-0.5.0-SNAPSHOT.jar:/home/user/.m2/repository/org/apache/hadoop/hadoop-ozone-reconcodegen/0.5.0-SNAPSHOT/hadoop-ozone-reconcodegen-0.5.0-SNAPSHOT.jar:/home/user/.m2/repository/com/google/inject/extensions/guice-multibindings/4.0/guice-multibindings-4.0.jar:/home/user/.m2/repository/com/google/inject/guice/4.0/guice-4.0.jar:/home/user/.m2/repository/aopalliance/aopalliance/1.0/aopalliance-1.0.jar:/home/user/.m2/repository/com/google/inject/extensions/guice-servlet/4.0/guice-servlet-4.0.jar:/home/user/.m2/repository/org/glassfish/jersey/containers/jersey-container-servlet/2.27/jersey-container-servlet-2.27.jar:/home/user/.m2/repository/org/glassfish/hk2/guice-bridge/2.5.0/guice-bridge-2.5.0.jar:/home/user/.m2/repository/org/glassfish/jersey/core/jersey-server/2.27/jersey-server-2.27.jar:/home/user/.m2/repository/org/glassfish/jersey/core/jersey-client/2.27/jersey-client-2.27.jar:/home/user/.m2/repository/org/glassfish/jersey/media/jersey-media-jaxb/2.27/jersey-media-jaxb-2.27.jar:/home/user/.m2/repository/javax/validation/validation-api/1.1.0.Final/validation-api-1.1.0.Final.jar:/home/user/.m2/repository/org/glassfish/jersey/media/jersey-media-json-jackson/2.27/jersey-media-json-jackson-2.27.jar:/home/user/.m2/repository/org/glassfish/jersey/ext/jersey-entity-filtering/2.27/jersey-entity-filtering-2.27.jar:/home/user/.m2/repository/com/google/inject/extensions/guice-assistedinject/4.0/guice-assistedinject-4.0.jar:/home/user/.m2/repository/org/jooq/jooq/3.11.10/jooq-3.11.10.jar:/home/user/.m2/repository/org/jooq/jooq-meta/3.11.10/jooq-meta-3.11.10.jar:/home/user/.m2/repository/org/jooq/jooq-codegen/3.11.10/jooq-codegen-3.11.10.jar:/home/user/.m2/repository/com/jolbox/bonecp/0.8.0.RELEASE/bonecp-0.8.0.RELEASE.jar:/home/user/.m2/repository/org/xerial/sqlite-jdbc/3.25.2/sqlite-jdbc-3.25.2.jar:/home/user/.m2/repository/org/springframework/spring-jdbc/5.1.3.RELEASE/spring-jdbc-5.1.3.RELEASE.jar:/home/user/.m2/repository/org/springframework/spring-beans/5.1.3.RELEASE/spring-beans-5.1.3.RELEASE.jar:/home/user/.m2/repository/org/springframework/spring-core/5.1.3.RELEASE/spring-core-5.1.3.RELEASE.jar:/home/user/.m2/repository/org/springframework/spring-jcl/5.1.3.RELEASE/spring-jcl-5.1.3.RELEASE.jar:/home/user/.m2/repository/org/springframework/spring-tx/5.1.3.RELEASE/spring-tx-5.1.3.RELEASE.jar:/home/user/.m2/repository/org/apache/hadoop/hadoop-ozone-client/0.5.0-SNAPSHOT/hadoop-ozone-client-0.5.0-SNAPSHOT.jar:/home/user/.m2/repository/commons-lang/commons-lang/2.6/commons-lang-2.6.jar:/home/user/.m2/repository/org/apache/hadoop/hadoop-ozone-ozone-manager/0.5.0-SNAPSHOT/hadoop-ozone-ozone-manager-0.5.0-SNAPSHOT-tests.jar:/home/user/.m2/repository/junit/junit/4.11/junit-4.11.jar:/home/user/.m2/repository/org/hamcrest/hamcrest-core/1.3/hamcrest-core-1.3.jar:/home/user/.m2/repository/org/openjdk/jmh/jmh-core/1.19/jmh-core-1.19.jar:/home/user/.m2/repository/net/sf/jopt-simple/jopt-simple/4.6/jopt-simple-4.6.jar:/home/user/.m2/repository/org/apache/commons/commons-math3/3.1.1/commons-math3-3.1.1.jar:/home/user/.m2/repository/org/openjdk/jmh/jmh-generator-annprocess/1.19/jmh-generator-annprocess-1.19.jar:/home/user/.m2/repository/org/mockito/mockito-all/1.8.5/mockito-all-1.8.5.jar:/home/user/.m2/repository/org/apache/hadoop/hadoop-kms/3.2.0/hadoop-kms-3.2.0.jar:/home/user/.m2/repository/org/apache/hadoop/hadoop-auth/3.2.0/hadoop-auth-3.2.0.jar:/home/user/.m2/repository/com/nimbusds/nimbus-jose-jwt/4.41.1/nimbus-jose-jwt-4.41.1.jar:/home/user/.m2/repository/com/github/stephenc/jcip/jcip-annotations/1.0-1/jcip-annotations-1.0-1.jar:/home/user/.m2/repository/net/minidev/json-smart/2.3/json-smart-2.3.jar:/home/user/.m2/repository/net/minidev/accessors-smart/1.2/accessors-smart-1.2.jar:/home/user/.m2/repository/org/ow2/asm/asm/5.0.4/asm-5.0.4.jar:/home/user/.m2/repository/org/apache/curator/curator-framework/2.12.0/curator-framework-2.12.0.jar:/home/user/.m2/repository/com/sun/jersey/jersey-core/1.19/jersey-core-1.19.jar:/home/user/.m2/repository/javax/ws/rs/jsr311-api/1.1.1/jsr311-api-1.1.1.jar:/home/user/.m2/repository/com/sun/jersey/jersey-server/1.19/jersey-server-1.19.jar:/home/user/.m2/repository/javax/servlet/javax.servlet-api/3.1.0/javax.servlet-api-3.1.0.jar:/home/user/.m2/repository/org/eclipse/jetty/jetty-server/9.3.24.v20180605/jetty-server-9.3.24.v20180605.jar:/home/user/.m2/repository/org/eclipse/jetty/jetty-http/9.3.24.v20180605/jetty-http-9.3.24.v20180605.jar:/home/user/.m2/repository/org/eclipse/jetty/jetty-io/9.3.24.v20180605/jetty-io-9.3.24.v20180605.jar:/home/user/.m2/repository/org/eclipse/jetty/jetty-webapp/9.3.24.v20180605/jetty-webapp-9.3.24.v20180605.jar:/home/user/.m2/repository/org/eclipse/jetty/jetty-xml/9.3.24.v20180605/jetty-xml-9.3.24.v20180605.jar:/home/user/.m2/repository/log4j/log4j/1.2.17/log4j-1.2.17.jar:/home/user/.m2/repository/org/slf4j/slf4j-api/1.7.25/slf4j-api-1.7.25.jar:/home/user/.m2/repository/org/slf4j/jul-to-slf4j/1.7.25/jul-to-slf4j-1.7.25.jar:/home/user/.m2/repository/org/eclipse/jetty/jetty-util/9.3.24.v20180605/jetty-util-9.3.24.v20180605.jar:/home/user/.m2/repository/com/fasterxml/jackson/core/jackson-databind/2.9.5/jackson-databind-2.9.5.jar:/home/user/.m2/repository/org/apache/hadoop/hadoop-kms/3.2.0/hadoop-kms-3.2.0-tests.jar:/home/user/.m2/repository/org/apache/hadoop/hadoop-hdds-server-scm/0.5.0-SNAPSHOT/hadoop-hdds-server-scm-0.5.0-SNAPSHOT-tests.jar:/home/user/.m2/repository/org/apache/hadoop/hadoop-hdds-container-service/0.5.0-SNAPSHOT/hadoop-hdds-container-service-0.5.0-SNAPSHOT-tests.jar:/home/user/.m2/repository/org/yaml/snakeyaml/1.16/snakeyaml-1.16.jar:/home/user/.m2/repository/org/apache/hadoop/hadoop-common/3.2.0/hadoop-common-3.2.0-tests.jar:/home/user/.m2/repository/org/apache/hadoop/hadoop-annotations/3.2.0/hadoop-annotations-3.2.0.jar:/usr/lib/jvm/java-1.8-openjdk/jre/../lib/tools.jar:/home/user/.m2/repository/commons-cli/commons-cli/1.2/commons-cli-1.2.jar:/home/user/.m2/repository/org/apache/httpcomponents/httpclient/4.5.2/httpclient-4.5.2.jar:/home/user/.m2/repository/org/apache/httpcomponents/httpcore/4.4.4/httpcore-4.4.4.jar:/home/user/.m2/repository/commons-codec/commons-codec/1.11/commons-codec-1.11.jar:/home/user/.m2/repository/commons-net/commons-net/3.6/commons-net-3.6.jar:/home/user/.m2/repository/commons-collections/commons-collections/3.2.2/commons-collections-3.2.2.jar:/home/user/.m2/repository/org/eclipse/jetty/jetty-servlet/9.3.24.v20180605/jetty-servlet-9.3.24.v20180605.jar:/home/user/.m2/repository/org/eclipse/jetty/jetty-security/9.3.24.v20180605/jetty-security-9.3.24.v20180605.jar:/home/user/.m2/repository/javax/servlet/jsp/jsp-api/2.1/jsp-api-2.1.jar:/home/user/.m2/repository/com/sun/jersey/jersey-servlet/1.19/jersey-servlet-1.19.jar:/home/user/.m2/repository/com/sun/jersey/jersey-json/1.19/jersey-json-1.19.jar:/home/user/.m2/repository/org/codehaus/jettison/jettison/1.1/jettison-1.1.jar:/home/user/.m2/repository/org/codehaus/jackson/jackson-core-asl/1.9.13/jackson-core-asl-1.9.13.jar:/home/user/.m2/repository/org/codehaus/jackson/jackson-mapper-asl/1.9.13/jackson-mapper-asl-1.9.13.jar:/home/user/.m2/repository/org/codehaus/jackson/jackson-jaxrs/1.9.13/jackson-jaxrs-1.9.13.jar:/home/user/.m2/repository/org/codehaus/jackson/jackson-xc/1.9.13/jackson-xc-1.9.13.jar:/home/user/.m2/repository/commons-logging/commons-logging/1.1.3/commons-logging-1.1.3.jar:/home/user/.m2/repository/commons-beanutils/commons-beanutils/1.9.3/commons-beanutils-1.9.3.jar:/home/user/.m2/repository/org/apache/commons/commons-configuration2/2.1.1/commons-configuration2-2.1.1.jar:/home/user/.m2/repository/org/apache/commons/commons-lang3/3.7/commons-lang3-3.7.jar:/home/user/.m2/repository/org/apache/commons/commons-text/1.4/commons-text-1.4.jar:/home/user/.m2/repository/org/apache/avro/avro/1.7.7/avro-1.7.7.jar:/home/user/.m2/repository/com/thoughtworks/paranamer/paranamer/2.3/paranamer-2.3.jar:/home/user/.m2/repository/org/xerial/snappy/snappy-java/1.0.5/snappy-java-1.0.5.jar:/home/user/.m2/repository/com/google/re2j/re2j/1.1/re2j-1.1.jar:/home/user/.m2/repository/com/google/code/gson/gson/2.2.4/gson-2.2.4.jar:/home/user/.m2/repository/com/jcraft/jsch/0.1.54/jsch-0.1.54.jar:/home/user/.m2/repository/org/apache/curator/curator-client/2.12.0/curator-client-2.12.0.jar:/home/user/.m2/repository/org/apache/curator/curator-recipes/2.12.0/curator-recipes-2.12.0.jar:/home/user/.m2/repository/com/google/code/findbugs/jsr305/3.0.0/jsr305-3.0.0.jar:/home/user/.m2/repository/org/apache/htrace/htrace-core4/4.1.0-incubating/htrace-core4-4.1.0-incubating.jar:/home/user/.m2/repository/org/apache/zookeeper/zookeeper/3.4.13/zookeeper-3.4.13.jar:/home/user/.m2/repository/org/apache/yetus/audience-annotations/0.5.0/audience-annotations-0.5.0.jar:/home/user/.m2/repository/org/codehaus/woodstox/stax2-api/3.1.4/stax2-api-3.1.4.jar:/home/user/.m2/repository/com/fasterxml/woodstox/woodstox-core/5.0.3/woodstox-core-5.0.3.jar:/home/user/.m2/repository/dnsjava/dnsjava/2.1.7/dnsjava-2.1.7.jar:/home/user/.m2/repository/org/apache/hadoop/hadoop-hdfs/3.2.0/hadoop-hdfs-3.2.0-tests.jar:/home/user/.m2/repository/org/eclipse/jetty/jetty-util-ajax/9.3.24.v20180605/jetty-util-ajax-9.3.24.v20180605.jar:/home/user/.m2/repository/commons-daemon/commons-daemon/1.0.13/commons-daemon-1.0.13.jar:/home/user/.m2/repository/io/netty/netty/3.10.5.Final/netty-3.10.5.Final.jar:/home/user/.m2/repository/io/netty/netty-all/4.0.52.Final/netty-all-4.0.52.Final.jar:/home/user/.m2/repository/org/fusesource/leveldbjni/leveldbjni-all/1.8/leveldbjni-all-1.8.jar:"/>
    <property name="sun.cpu.endian" value="little"/>
    <property name="user.home" value="/home/user"/>
    <property name="user.language" value="en"/>
    <property name="java.specification.vendor" value="Oracle Corporation"/>
    <property name="java.home" value="/usr/lib/jvm/java-1.8-openjdk/jre"/>
    <property name="java.security.krb5.conf" value="/workdir/hadoop-ozone/integration-test/target/test-classes/krb5.conf"/>
    <property name="basedir" value="/workdir/hadoop-ozone/integration-test"/>
    <property name="file.separator" value="/"/>
    <property name="line.separator" value="&#10;"/>
    <property name="java.vm.specification.vendor" value="Oracle Corporation"/>
    <property name="java.specification.name" value="Java Platform API Specification"/>
    <property name="java.awt.graphicsenv" value="sun.awt.X11GraphicsEnvironment"/>
    <property name="surefire.real.class.path" value="/workdir/hadoop-ozone/integration-test/target/surefire/surefirebooter3290977418885669378.jar"/>
    <property name="hadoop.log.dir" value="/workdir/hadoop-ozone/integration-test/target/log"/>
    <property name="sun.boot.class.path" value="/usr/lib/jvm/java-1.8-openjdk/jre/lib/resources.jar:/usr/lib/jvm/java-1.8-openjdk/jre/lib/rt.jar:/usr/lib/jvm/java-1.8-openjdk/jre/lib/sunrsasign.jar:/usr/lib/jvm/java-1.8-openjdk/jre/lib/jsse.jar:/usr/lib/jvm/java-1.8-openjdk/jre/lib/jce.jar:/usr/lib/jvm/java-1.8-openjdk/jre/lib/charsets.jar:/usr/lib/jvm/java-1.8-openjdk/jre/lib/jfr.jar:/usr/lib/jvm/java-1.8-openjdk/jre/classes"/>
    <property name="sun.management.compiler" value="HotSpot 64-Bit Tiered Compilers"/>
    <property name="java.runtime.version" value="1.8.0_212-b04"/>
    <property name="java.net.preferIPv4Stack" value="true"/>
    <property name="user.name" value="jenkins1000"/>
    <property name="path.separator" value=":"/>
    <property name="java.security.egd" value="file:///dev/urandom"/>
    <property name="os.version" value="3.10.0-957.12.2.el7.x86_64"/>
    <property name="java.endorsed.dirs" value="/usr/lib/jvm/java-1.8-openjdk/jre/lib/endorsed"/>
    <property name="java.runtime.name" value="OpenJDK Runtime Environment"/>
    <property name="file.encoding" value="UTF-8"/>
    <property name="java.vm.name" value="OpenJDK 64-Bit Server VM"/>
    <property name="test.build.webapps" value=""/>
    <property name="localRepository" value="/home/user/.m2/repository"/>
    <property name="java.vendor.url.bug" value="https://icedtea.classpath.org/bugzilla"/>
    <property name="java.io.tmpdir" value="/tmp"/>
    <property name="require.test.libhadoop" value=""/>
    <property name="java.version" value="1.8.0_212"/>
    <property name="user.dir" value="/workdir/hadoop-ozone/integration-test"/>
    <property name="os.arch" value="amd64"/>
    <property name="java.vm.specification.name" value="Java Virtual Machine Specification"/>
    <property name="test.build.classes" value="/workdir/hadoop-ozone/integration-test/target/test-classes"/>
    <property name="java.awt.printerjob" value="sun.print.PSPrinterJob"/>
    <property name="sun.os.patch.level" value="unknown"/>
    <property name="hadoop.tmp.dir" value="/workdir/hadoop-ozone/integration-test/target/tmp"/>
    <property name="java.library.path" value="/usr/lib/jvm/java-1.8-openjdk/jre/lib/amd64/server:/usr/lib/jvm/java-1.8-openjdk/jre/lib/amd64:/usr/lib/jvm/java-1.8-openjdk/jre/../lib/amd64:/workdir/hadoop-ozone/integration-test/target/native/target/usr/local/lib:/workdir/hadoop-ozone/integration-test/../../hadoop-common-project/hadoop-common/target/native/target/usr/local/lib:/usr/java/packages/lib/amd64:/usr/lib64:/lib64:/lib:/usr/lib"/>
    <property name="java.vm.info" value="mixed mode"/>
    <property name="java.vendor" value="IcedTea"/>
    <property name="java.vm.version" value="25.212-b04"/>
    <property name="java.ext.dirs" value="/usr/lib/jvm/java-1.8-openjdk/jre/lib/ext:/usr/java/packages/lib/ext"/>
    <property name="sun.io.unicode.encoding" value="UnicodeLittle"/>
    <property name="java.class.version" value="52.0"/>
  </properties>
  <testcase name="test2WayCommitForRetryfailure" classname="org.apache.hadoop.ozone.client.rpc.Test2WayCommitInRatis" time="33.211">
    <error message="org.apache.ratis.protocol.RaftRetryFailureException: Failed RaftClientRequest:client-C47AE80AE195-&gt;f7e2cea5-86b6-454a-9d62-19068d8c24b2@group-7B255049C374, cid=13, seq=1*, RW, org.apache.hadoop.hdds.scm.XceiverClientRatis$$Lambda$297/1874962678@17ff8b57 for 20 attempts with RetryLimited(maxAttempts=20, sleepTime=1000ms)" type="java.util.concurrent.ExecutionException">java.util.concurrent.ExecutionException: org.apache.ratis.protocol.RaftRetryFailureException: Failed RaftClientRequest:client-C47AE80AE195->f7e2cea5-86b6-454a-9d62-19068d8c24b2@group-7B255049C374, cid=13, seq=1*, RW, org.apache.hadoop.hdds.scm.XceiverClientRatis$$Lambda$297/1874962678@17ff8b57 for 20 attempts with RetryLimited(maxAttempts=20, sleepTime=1000ms)
	at java.util.concurrent.CompletableFuture.reportGet(CompletableFuture.java:357)
	at java.util.concurrent.CompletableFuture.get(CompletableFuture.java:1895)
	at org.apache.hadoop.ozone.client.rpc.Test2WayCommitInRatis.test2WayCommitForRetryfailure(Test2WayCommitInRatis.java:138)
	at sun.reflect.NativeMethodAccessorImpl.invoke0(Native Method)
	at sun.reflect.NativeMethodAccessorImpl.invoke(NativeMethodAccessorImpl.java:62)
	at sun.reflect.DelegatingMethodAccessorImpl.invoke(DelegatingMethodAccessorImpl.java:43)
	at java.lang.reflect.Method.invoke(Method.java:498)
	at org.junit.runners.model.FrameworkMethod$1.runReflectiveCall(FrameworkMethod.java:47)
	at org.junit.internal.runners.model.ReflectiveCallable.run(ReflectiveCallable.java:12)
	at org.junit.runners.model.FrameworkMethod.invokeExplosively(FrameworkMethod.java:44)
	at org.junit.internal.runners.statements.InvokeMethod.evaluate(InvokeMethod.java:17)
	at org.junit.runners.ParentRunner.runLeaf(ParentRunner.java:271)
	at org.junit.runners.BlockJUnit4ClassRunner.runChild(BlockJUnit4ClassRunner.java:70)
	at org.junit.runners.BlockJUnit4ClassRunner.runChild(BlockJUnit4ClassRunner.java:50)
	at org.junit.runners.ParentRunner$3.run(ParentRunner.java:238)
	at org.junit.runners.ParentRunner$1.schedule(ParentRunner.java:63)
	at org.junit.runners.ParentRunner.runChildren(ParentRunner.java:236)
	at org.junit.runners.ParentRunner.access$000(ParentRunner.java:53)
	at org.junit.runners.ParentRunner$2.evaluate(ParentRunner.java:229)
	at org.junit.runners.ParentRunner.run(ParentRunner.java:309)
	at org.apache.maven.surefire.junit4.JUnit4Provider.execute(JUnit4Provider.java:365)
	at org.apache.maven.surefire.junit4.JUnit4Provider.executeWithRerun(JUnit4Provider.java:273)
	at org.apache.maven.surefire.junit4.JUnit4Provider.executeTestSet(JUnit4Provider.java:238)
	at org.apache.maven.surefire.junit4.JUnit4Provider.invoke(JUnit4Provider.java:159)
	at org.apache.maven.surefire.booter.ForkedBooter.invokeProviderInSameClassLoader(ForkedBooter.java:384)
	at org.apache.maven.surefire.booter.ForkedBooter.runSuitesInProcess(ForkedBooter.java:345)
	at org.apache.maven.surefire.booter.ForkedBooter.execute(ForkedBooter.java:126)
	at org.apache.maven.surefire.booter.ForkedBooter.main(ForkedBooter.java:418)
Caused by: org.apache.ratis.protocol.RaftRetryFailureException: Failed RaftClientRequest:client-C47AE80AE195->f7e2cea5-86b6-454a-9d62-19068d8c24b2@group-7B255049C374, cid=13, seq=1*, RW, org.apache.hadoop.hdds.scm.XceiverClientRatis$$Lambda$297/1874962678@17ff8b57 for 20 attempts with RetryLimited(maxAttempts=20, sleepTime=1000ms)
	at org.apache.ratis.client.impl.RaftClientImpl.noMoreRetries(RaftClientImpl.java:272)
	at org.apache.ratis.client.impl.OrderedAsync.handleAsyncRetryFailure(OrderedAsync.java:138)
	at org.apache.ratis.client.impl.OrderedAsync.lambda$sendRequest$10(OrderedAsync.java:230)
	at java.util.concurrent.CompletableFuture.uniExceptionally(CompletableFuture.java:870)
	at java.util.concurrent.CompletableFuture$UniExceptionally.tryFire(CompletableFuture.java:852)
	at java.util.concurrent.CompletableFuture.postComplete(CompletableFuture.java:474)
	at java.util.concurrent.CompletableFuture.completeExceptionally(CompletableFuture.java:1977)
	at org.apache.ratis.grpc.client.GrpcClientProtocolClient$AsyncStreamObservers.completeReplyExceptionally(GrpcClientProtocolClient.java:330)
	at org.apache.ratis.grpc.client.GrpcClientProtocolClient$AsyncStreamObservers.access$000(GrpcClientProtocolClient.java:246)
	at org.apache.ratis.grpc.client.GrpcClientProtocolClient$AsyncStreamObservers$1.onNext(GrpcClientProtocolClient.java:258)
	at org.apache.ratis.grpc.client.GrpcClientProtocolClient$AsyncStreamObservers$1.onNext(GrpcClientProtocolClient.java:249)
	at org.apache.ratis.thirdparty.io.grpc.stub.ClientCalls$StreamObserverToCallListenerAdapter.onMessage(ClientCalls.java:421)
	at org.apache.ratis.thirdparty.io.grpc.ForwardingClientCallListener.onMessage(ForwardingClientCallListener.java:33)
	at org.apache.ratis.thirdparty.io.grpc.ForwardingClientCallListener.onMessage(ForwardingClientCallListener.java:33)
	at org.apache.ratis.thirdparty.io.grpc.internal.ClientCallImpl$ClientStreamListenerImpl$1MessagesAvailable.runInContext(ClientCallImpl.java:519)
	at org.apache.ratis.thirdparty.io.grpc.internal.ContextRunnable.run(ContextRunnable.java:37)
	at org.apache.ratis.thirdparty.io.grpc.internal.SerializingExecutor.run(SerializingExecutor.java:123)
	at java.util.concurrent.ThreadPoolExecutor.runWorker(ThreadPoolExecutor.java:1149)
	at java.util.concurrent.ThreadPoolExecutor$Worker.run(ThreadPoolExecutor.java:624)
	at java.lang.Thread.run(Thread.java:748)
Caused by: org.apache.ratis.protocol.NotLeaderException: Server f7e2cea5-86b6-454a-9d62-19068d8c24b2 is not the leader (null). Request must be sent to leader.
	at org.apache.ratis.client.impl.ClientProtoUtils.toRaftClientReply(ClientProtoUtils.java:242)
	at org.apache.ratis.grpc.client.GrpcClientProtocolClient$AsyncStreamObservers$1.onNext(GrpcClientProtocolClient.java:254)
	... 10 more
</error>
    <system-out><![CDATA[2019-08-28 08:49:39,470 [main] WARN  server.ServerUtils (ServerUtils.java:getScmDbDir(145)) - ozone.scm.db.dirs is not configured. We recommend adding this setting. Falling back to ozone.metadata.dirs instead.
2019-08-28 08:49:39,603 [main] WARN  server.ServerUtils (ServerUtils.java:getScmDbDir(145)) - ozone.scm.db.dirs is not configured. We recommend adding this setting. Falling back to ozone.metadata.dirs instead.
2019-08-28 08:49:39,606 [main] WARN  server.ServerUtils (ServerUtils.java:getScmDbDir(145)) - ozone.scm.db.dirs is not configured. We recommend adding this setting. Falling back to ozone.metadata.dirs instead.
2019-08-28 08:49:39,625 [main] INFO  util.log (Log.java:initialized(192)) - Logging initialized @1024ms
2019-08-28 08:49:39,762 [main] INFO  db.DBStoreBuilder (DBStoreBuilder.java:addTable(110)) - using custom profile for table: deletedBlocks
2019-08-28 08:49:39,763 [main] INFO  db.DBStoreBuilder (DBStoreBuilder.java:processTables(161)) - Using default column profile:DBProfile.DISK for Table:deletedBlocks
2019-08-28 08:49:39,764 [main] INFO  db.DBStoreBuilder (DBStoreBuilder.java:addTable(110)) - using custom profile for table: validCerts
2019-08-28 08:49:39,764 [main] INFO  db.DBStoreBuilder (DBStoreBuilder.java:processTables(161)) - Using default column profile:DBProfile.DISK for Table:validCerts
2019-08-28 08:49:39,765 [main] INFO  db.DBStoreBuilder (DBStoreBuilder.java:addTable(110)) - using custom profile for table: revokedCerts
2019-08-28 08:49:39,765 [main] INFO  db.DBStoreBuilder (DBStoreBuilder.java:processTables(161)) - Using default column profile:DBProfile.DISK for Table:revokedCerts
2019-08-28 08:49:39,780 [main] INFO  db.DBStoreBuilder (DBStoreBuilder.java:addTable(110)) - using custom profile for table: default
2019-08-28 08:49:39,781 [main] INFO  db.DBStoreBuilder (DBStoreBuilder.java:processTables(167)) - Using default column profile:DBProfile.DISK for Table:default
2019-08-28 08:49:39,782 [main] INFO  db.DBStoreBuilder (DBStoreBuilder.java:getDbProfile(198)) - Using default options. DBProfile.DISK
2019-08-28 08:49:39,996 [main] INFO  net.NodeSchemaLoader (NodeSchemaLoader.java:loadSchemaFromFile(125)) - Loading file from sun.misc.CompoundEnumeration@6eda5c9
2019-08-28 08:49:40,000 [main] INFO  net.NodeSchemaLoader (NodeSchemaLoader.java:loadSchema(171)) - Loading network topology layer schema file
2019-08-28 08:49:40,076 [main] WARN  server.ServerUtils (ServerUtils.java:sanitizeUserArgs(70)) - ozone.scm.stale.node.interval value = 300000 is larger than max = 100000 based on the key value of ozone.scm.heartbeat.thread.interval, reset to the max value 100000.
2019-08-28 08:49:40,078 [main] WARN  server.ServerUtils (ServerUtils.java:sanitizeUserArgs(70)) - ozone.scm.stale.node.interval value = 300000 is larger than max = 100000 based on the key value of ozone.scm.heartbeat.thread.interval, reset to the max value 100000.
2019-08-28 08:49:40,081 [main] INFO  node.SCMNodeManager (SCMNodeManager.java:<init>(121)) - Entering startup safe mode.
2019-08-28 08:49:40,154 [main] INFO  algorithms.ContainerPlacementPolicyFactory (ContainerPlacementPolicyFactory.java:getPolicy(55)) - Create container placement policy of type org.apache.hadoop.hdds.scm.container.placement.algorithms.SCMContainerPlacementRandom
2019-08-28 08:49:40,169 [main] WARN  server.ServerUtils (ServerUtils.java:getScmDbDir(145)) - ozone.scm.db.dirs is not configured. We recommend adding this setting. Falling back to ozone.metadata.dirs instead.
2019-08-28 08:49:40,242 [main] INFO  pipeline.SCMPipelineManager (SCMPipelineManager.java:initializePipelineState(126)) - No pipeline exists in current db
2019-08-28 08:49:40,245 [main] WARN  server.ServerUtils (ServerUtils.java:getScmDbDir(145)) - ozone.scm.db.dirs is not configured. We recommend adding this setting. Falling back to ozone.metadata.dirs instead.
2019-08-28 08:49:40,361 [main] WARN  events.EventQueue (EventQueue.java:fireEvent(175)) - No event handler registered for event TypedEvent{payloadType=SafeModeStatus, name='SafeModeStatus'}
2019-08-28 08:49:40,836 [main] INFO  ipc.CallQueueManager (CallQueueManager.java:<init>(84)) - Using callQueue: class java.util.concurrent.LinkedBlockingQueue, queueCapacity: 2000, scheduler: class org.apache.hadoop.ipc.DefaultRpcScheduler, ipcBackoff: false.
2019-08-28 08:49:41,202 [Socket Reader #1 for port 46701] INFO  ipc.Server (Server.java:run(1074)) - Starting Socket Reader #1 for port 46701
2019-08-28 08:49:41,228 [main] INFO  ipc.CallQueueManager (CallQueueManager.java:<init>(84)) - Using callQueue: class java.util.concurrent.LinkedBlockingQueue, queueCapacity: 2000, scheduler: class org.apache.hadoop.ipc.DefaultRpcScheduler, ipcBackoff: false.
2019-08-28 08:49:41,229 [Socket Reader #1 for port 43419] INFO  ipc.Server (Server.java:run(1074)) - Starting Socket Reader #1 for port 43419
2019-08-28 08:49:41,236 [main] INFO  ipc.CallQueueManager (CallQueueManager.java:<init>(84)) - Using callQueue: class java.util.concurrent.LinkedBlockingQueue, queueCapacity: 2000, scheduler: class org.apache.hadoop.ipc.DefaultRpcScheduler, ipcBackoff: false.
2019-08-28 08:49:41,237 [Socket Reader #1 for port 33185] INFO  ipc.Server (Server.java:run(1074)) - Starting Socket Reader #1 for port 33185
2019-08-28 08:49:41,259 [main] INFO  hdfs.DFSUtil (DFSUtil.java:httpServerTemplateForNNAndJN(1641)) - Starting Web-server for scm at: http://0.0.0.0:0
2019-08-28 08:49:41,412 [main] INFO  server.AuthenticationFilter (AuthenticationFilter.java:constructSecretProvider(240)) - Unable to initialize FileSignerSecretProvider, falling back to use random secrets.
2019-08-28 08:49:41,419 [main] WARN  http.HttpRequestLog (HttpRequestLog.java:getRequestLog(97)) - Jetty request log can only be enabled using Log4j
2019-08-28 08:49:41,427 [main] INFO  http.HttpServer2 (HttpServer2.java:addGlobalFilter(975)) - Added global filter 'safety' (class=org.apache.hadoop.http.HttpServer2$QuotingInputFilter)
2019-08-28 08:49:41,429 [main] INFO  http.HttpServer2 (HttpServer2.java:addFilter(948)) - Added filter static_user_filter (class=org.apache.hadoop.http.lib.StaticUserWebFilter$StaticUserFilter) to context scm
2019-08-28 08:49:41,430 [main] INFO  http.HttpServer2 (HttpServer2.java:addFilter(958)) - Added filter static_user_filter (class=org.apache.hadoop.http.lib.StaticUserWebFilter$StaticUserFilter) to context logs
2019-08-28 08:49:41,430 [main] INFO  http.HttpServer2 (HttpServer2.java:addFilter(958)) - Added filter static_user_filter (class=org.apache.hadoop.http.lib.StaticUserWebFilter$StaticUserFilter) to context static
2019-08-28 08:49:41,458 [main] INFO  server.StorageContainerManager (StorageContainerManager.java:start(759)) - StorageContainerLocationProtocol RPC server is listening at /0.0.0.0:33185
2019-08-28 08:49:41,525 [main] WARN  impl.MetricsConfig (MetricsConfig.java:loadFirst(134)) - Cannot locate configuration: tried hadoop-metrics2-storagecontainermanager.properties,hadoop-metrics2.properties
2019-08-28 08:49:41,540 [main] INFO  impl.MetricsSystemImpl (MetricsSystemImpl.java:startTimer(374)) - Scheduled Metric snapshot period at 10 second(s).
2019-08-28 08:49:41,540 [main] INFO  impl.MetricsSystemImpl (MetricsSystemImpl.java:start(191)) - StorageContainerManager metrics system started
2019-08-28 08:49:41,805 [main] INFO  server.SCMClientProtocolServer (SCMClientProtocolServer.java:start(151)) - RPC server for Client  is listening at /0.0.0.0:33185
2019-08-28 08:49:41,806 [IPC Server Responder] INFO  ipc.Server (Server.java:run(1314)) - IPC Server Responder: starting
2019-08-28 08:49:41,806 [IPC Server listener on 33185] INFO  ipc.Server (Server.java:run(1153)) - IPC Server listener on 33185: starting
2019-08-28 08:49:41,809 [main] INFO  server.StorageContainerManager (StorageContainerManager.java:start(769)) - ScmBlockLocationProtocol RPC server is listening at /0.0.0.0:43419
2019-08-28 08:49:41,809 [main] INFO  server.SCMBlockProtocolServer (SCMBlockProtocolServer.java:start(140)) - RPC server for Block Protocol is listening at /0.0.0.0:43419
2019-08-28 08:49:41,810 [IPC Server Responder] INFO  ipc.Server (Server.java:run(1314)) - IPC Server Responder: starting
2019-08-28 08:49:41,810 [IPC Server listener on 43419] INFO  ipc.Server (Server.java:run(1153)) - IPC Server listener on 43419: starting
2019-08-28 08:49:41,812 [main] INFO  server.StorageContainerManager (StorageContainerManager.java:start(773)) - ScmDatanodeProtocl RPC server is listening at /0.0.0.0:46701
2019-08-28 08:49:41,812 [main] INFO  server.SCMDatanodeProtocolServer (SCMDatanodeProtocolServer.java:start(191)) - RPC server for DataNodes is listening at /0.0.0.0:46701
2019-08-28 08:49:41,813 [IPC Server Responder] INFO  ipc.Server (Server.java:run(1314)) - IPC Server Responder: starting
2019-08-28 08:49:41,813 [IPC Server listener on 46701] INFO  ipc.Server (Server.java:run(1153)) - IPC Server listener on 46701: starting
2019-08-28 08:49:41,817 [main] INFO  http.HttpServer2 (HttpServer2.java:bindListener(1191)) - Jetty bound to port 41596
2019-08-28 08:49:41,819 [main] INFO  server.Server (Server.java:doStart(351)) - jetty-9.3.24.v20180605, build timestamp: 2018-06-05T17:11:56Z, git hash: 84205aa28f11a4f31f2a3b86d1bba2cc8ab69827
2019-08-28 08:49:41,857 [main] INFO  handler.ContextHandler (ContextHandler.java:doStart(781)) - Started o.e.j.s.ServletContextHandler@47a5b70d{/logs,file:///workdir/hadoop-ozone/integration-test/target/log,AVAILABLE}
2019-08-28 08:49:41,858 [main] INFO  handler.ContextHandler (ContextHandler.java:doStart(781)) - Started o.e.j.s.ServletContextHandler@1a45193b{/static,file:///workdir/hadoop-ozone/integration-test/target/test-classes/webapps/static,AVAILABLE}
2019-08-28 08:49:41,897 [main] INFO  handler.ContextHandler (ContextHandler.java:doStart(781)) - Started o.e.j.w.WebAppContext@30b34287{/,file:///workdir/hadoop-ozone/integration-test/target/test-classes/webapps/scm/,AVAILABLE}{/scm}
2019-08-28 08:49:41,907 [main] INFO  server.AbstractConnector (AbstractConnector.java:doStart(278)) - Started ServerConnector@672f11c2{HTTP/1.1,[http/1.1]}{0.0.0.0:41596}
2019-08-28 08:49:41,908 [main] INFO  server.Server (Server.java:doStart(419)) - Started @3307ms
2019-08-28 08:49:41,909 [main] INFO  server.BaseHttpServer (BaseHttpServer.java:updateConnectorAddress(213)) - HTTP server of SCM is listening at http://0.0.0.0:41596
2019-08-28 08:49:41,916 [org.apache.hadoop.util.JvmPauseMonitor$Monitor@173b9122] INFO  util.JvmPauseMonitor (JvmPauseMonitor.java:run(188)) - Starting JVM pause monitor
2019-08-28 08:49:41,920 [main] WARN  server.ServerUtils (ServerUtils.java:getDBPath(222)) - ozone.om.db.dirs is not configured. We recommend adding this setting. Falling back to ozone.metadata.dirs instead.
2019-08-28 08:49:42,030 [main] WARN  server.ServerUtils (ServerUtils.java:getDBPath(222)) - ozone.om.db.dirs is not configured. We recommend adding this setting. Falling back to ozone.metadata.dirs instead.
2019-08-28 08:49:42,031 [main] WARN  server.ServerUtils (ServerUtils.java:getDBPath(222)) - ozone.om.db.dirs is not configured. We recommend adding this setting. Falling back to ozone.metadata.dirs instead.
2019-08-28 08:49:42,032 [main] INFO  om.OzoneManager (OzoneManager.java:setOMNodeDetails(648)) - OM Service ID is not set. Setting it to the default ID: omServiceIdDefault
2019-08-28 08:49:42,032 [main] INFO  om.OzoneManager (OzoneManager.java:setOMNodeDetails(654)) - OM Node ID is not set. Setting it to the OmStorage's OmID: e19dc2af-8151-4838-87cc-33ef4c61b725
2019-08-28 08:49:42,033 [main] INFO  om.OzoneManager (OzoneManager.java:loadOMHAConfigs(605)) - Found matching OM address with OMServiceId: null, OMNodeId: null, RPC Address: localhost:0 and Ratis port: 9872
2019-08-28 08:49:42,297 | INFO  | SCMAudit | user=jenkins1000 | ip=192.168.157.218 | op=GET_SCM_INFO null | ret=SUCCESS |  
2019-08-28 08:49:42,784 [main] WARN  server.ServerUtils (ServerUtils.java:getDBPath(222)) - ozone.om.db.dirs is not configured. We recommend adding this setting. Falling back to ozone.metadata.dirs instead.
2019-08-28 08:49:42,791 [main] INFO  db.DBStoreBuilder (DBStoreBuilder.java:addTable(110)) - using custom profile for table: userTable
2019-08-28 08:49:42,792 [main] INFO  db.DBStoreBuilder (DBStoreBuilder.java:processTables(161)) - Using default column profile:DBProfile.DISK for Table:userTable
2019-08-28 08:49:42,792 [main] INFO  db.DBStoreBuilder (DBStoreBuilder.java:addTable(110)) - using custom profile for table: volumeTable
2019-08-28 08:49:42,792 [main] INFO  db.DBStoreBuilder (DBStoreBuilder.java:processTables(161)) - Using default column profile:DBProfile.DISK for Table:volumeTable
2019-08-28 08:49:42,793 [main] INFO  db.DBStoreBuilder (DBStoreBuilder.java:addTable(110)) - using custom profile for table: bucketTable
2019-08-28 08:49:42,793 [main] INFO  db.DBStoreBuilder (DBStoreBuilder.java:processTables(161)) - Using default column profile:DBProfile.DISK for Table:bucketTable
2019-08-28 08:49:42,793 [main] INFO  db.DBStoreBuilder (DBStoreBuilder.java:addTable(110)) - using custom profile for table: keyTable
2019-08-28 08:49:42,793 [main] INFO  db.DBStoreBuilder (DBStoreBuilder.java:processTables(161)) - Using default column profile:DBProfile.DISK for Table:keyTable
2019-08-28 08:49:42,794 [main] INFO  db.DBStoreBuilder (DBStoreBuilder.java:addTable(110)) - using custom profile for table: deletedTable
2019-08-28 08:49:42,794 [main] INFO  db.DBStoreBuilder (DBStoreBuilder.java:processTables(161)) - Using default column profile:DBProfile.DISK for Table:deletedTable
2019-08-28 08:49:42,794 [main] INFO  db.DBStoreBuilder (DBStoreBuilder.java:addTable(110)) - using custom profile for table: openKeyTable
2019-08-28 08:49:42,794 [main] INFO  db.DBStoreBuilder (DBStoreBuilder.java:processTables(161)) - Using default column profile:DBProfile.DISK for Table:openKeyTable
2019-08-28 08:49:42,795 [main] INFO  db.DBStoreBuilder (DBStoreBuilder.java:addTable(110)) - using custom profile for table: s3Table
2019-08-28 08:49:42,795 [main] INFO  db.DBStoreBuilder (DBStoreBuilder.java:processTables(161)) - Using default column profile:DBProfile.DISK for Table:s3Table
2019-08-28 08:49:42,795 [main] INFO  db.DBStoreBuilder (DBStoreBuilder.java:addTable(110)) - using custom profile for table: multipartInfoTable
2019-08-28 08:49:42,795 [main] INFO  db.DBStoreBuilder (DBStoreBuilder.java:processTables(161)) - Using default column profile:DBProfile.DISK for Table:multipartInfoTable
2019-08-28 08:49:42,796 [main] INFO  db.DBStoreBuilder (DBStoreBuilder.java:addTable(110)) - using custom profile for table: dTokenTable
2019-08-28 08:49:42,796 [main] INFO  db.DBStoreBuilder (DBStoreBuilder.java:processTables(161)) - Using default column profile:DBProfile.DISK for Table:dTokenTable
2019-08-28 08:49:42,796 [main] INFO  db.DBStoreBuilder (DBStoreBuilder.java:addTable(110)) - using custom profile for table: s3SecretTable
2019-08-28 08:49:42,796 [main] INFO  db.DBStoreBuilder (DBStoreBuilder.java:processTables(161)) - Using default column profile:DBProfile.DISK for Table:s3SecretTable
2019-08-28 08:49:42,797 [main] INFO  db.DBStoreBuilder (DBStoreBuilder.java:addTable(110)) - using custom profile for table: prefixTable
2019-08-28 08:49:42,797 [main] INFO  db.DBStoreBuilder (DBStoreBuilder.java:processTables(161)) - Using default column profile:DBProfile.DISK for Table:prefixTable
2019-08-28 08:49:42,797 [main] INFO  db.DBStoreBuilder (DBStoreBuilder.java:addTable(110)) - using custom profile for table: default
2019-08-28 08:49:42,797 [main] INFO  db.DBStoreBuilder (DBStoreBuilder.java:processTables(167)) - Using default column profile:DBProfile.DISK for Table:default
2019-08-28 08:49:42,798 [main] INFO  db.DBStoreBuilder (DBStoreBuilder.java:getDbProfile(198)) - Using default options. DBProfile.DISK
2019-08-28 08:49:43,360 [main] INFO  ipc.CallQueueManager (CallQueueManager.java:<init>(84)) - Using callQueue: class java.util.concurrent.LinkedBlockingQueue, queueCapacity: 2000, scheduler: class org.apache.hadoop.ipc.DefaultRpcScheduler, ipcBackoff: false.
2019-08-28 08:49:43,365 [Socket Reader #1 for port 43855] INFO  ipc.Server (Server.java:run(1074)) - Starting Socket Reader #1 for port 43855
2019-08-28 08:49:43,406 [main] INFO  om.OzoneManager (OzoneManager.java:start(1259)) - OzoneManager RPC server is listening at localhost/127.0.0.1:43855
2019-08-28 08:49:43,406 [main] INFO  impl.MetricsSystemImpl (MetricsSystemImpl.java:init(158)) - OzoneManager metrics system started (again)
2019-08-28 08:49:43,408 [IPC Server Responder] INFO  ipc.Server (Server.java:run(1314)) - IPC Server Responder: starting
2019-08-28 08:49:43,409 [IPC Server listener on 43855] INFO  ipc.Server (Server.java:run(1153)) - IPC Server listener on 43855: starting
2019-08-28 08:49:43,416 [main] INFO  hdfs.DFSUtil (DFSUtil.java:httpServerTemplateForNNAndJN(1641)) - Starting Web-server for ozoneManager at: http://0.0.0.0:0
2019-08-28 08:49:43,420 [main] INFO  server.AuthenticationFilter (AuthenticationFilter.java:constructSecretProvider(240)) - Unable to initialize FileSignerSecretProvider, falling back to use random secrets.
2019-08-28 08:49:43,421 [main] WARN  http.HttpRequestLog (HttpRequestLog.java:getRequestLog(97)) - Jetty request log can only be enabled using Log4j
2019-08-28 08:49:43,425 [main] INFO  http.HttpServer2 (HttpServer2.java:addGlobalFilter(975)) - Added global filter 'safety' (class=org.apache.hadoop.http.HttpServer2$QuotingInputFilter)
2019-08-28 08:49:43,427 [main] INFO  http.HttpServer2 (HttpServer2.java:addFilter(948)) - Added filter static_user_filter (class=org.apache.hadoop.http.lib.StaticUserWebFilter$StaticUserFilter) to context ozoneManager
2019-08-28 08:49:43,427 [main] INFO  http.HttpServer2 (HttpServer2.java:addFilter(958)) - Added filter static_user_filter (class=org.apache.hadoop.http.lib.StaticUserWebFilter$StaticUserFilter) to context static
2019-08-28 08:49:43,428 [main] INFO  http.HttpServer2 (HttpServer2.java:addFilter(958)) - Added filter static_user_filter (class=org.apache.hadoop.http.lib.StaticUserWebFilter$StaticUserFilter) to context logs
2019-08-28 08:49:43,695 [main] INFO  http.HttpServer2 (HttpServer2.java:bindListener(1191)) - Jetty bound to port 40548
2019-08-28 08:49:43,696 [main] INFO  server.Server (Server.java:doStart(351)) - jetty-9.3.24.v20180605, build timestamp: 2018-06-05T17:11:56Z, git hash: 84205aa28f11a4f31f2a3b86d1bba2cc8ab69827
2019-08-28 08:49:43,703 [main] INFO  handler.ContextHandler (ContextHandler.java:doStart(781)) - Started o.e.j.s.ServletContextHandler@2c16fadb{/logs,file:///workdir/hadoop-ozone/integration-test/target/log,AVAILABLE}
2019-08-28 08:49:43,704 [main] INFO  handler.ContextHandler (ContextHandler.java:doStart(781)) - Started o.e.j.s.ServletContextHandler@2227a6c1{/static,file:///workdir/hadoop-ozone/integration-test/target/test-classes/webapps/static,AVAILABLE}
2019-08-28 08:49:43,712 [main] INFO  handler.ContextHandler (ContextHandler.java:doStart(781)) - Started o.e.j.w.WebAppContext@49601f82{/,file:///workdir/hadoop-ozone/integration-test/target/test-classes/webapps/ozoneManager/,AVAILABLE}{/ozoneManager}
2019-08-28 08:49:43,713 [main] INFO  server.AbstractConnector (AbstractConnector.java:doStart(278)) - Started ServerConnector@23e44287{HTTP/1.1,[http/1.1]}{0.0.0.0:40548}
2019-08-28 08:49:43,714 [main] INFO  server.Server (Server.java:doStart(419)) - Started @5113ms
2019-08-28 08:49:43,716 [main] INFO  server.BaseHttpServer (BaseHttpServer.java:updateConnectorAddress(213)) - HTTP server of OZONEMANAGER is listening at http://0.0.0.0:40548
2019-08-28 08:49:43,923 [main] INFO  impl.MetricsSystemImpl (MetricsSystemImpl.java:init(158)) - HddsDatanode metrics system started (again)
2019-08-28 08:49:44,037 [main] INFO  ozone.HddsDatanodeService (HddsDatanodeService.java:start(184)) - HddsDatanodeService host:pr-hdds-2030-d7qxb-2924120224 ip:192.168.157.218
2019-08-28 08:49:44,076 [main] INFO  volume.HddsVolume (HddsVolume.java:<init>(176)) - Creating Volume: /workdir/hadoop-ozone/integration-test/target/test-dir/MiniOzoneClusterImpl-395dbea3-e1dd-495d-931d-a6326832166d/datanode-0/data/containers/hdds of  storage type : DISK and capacity : 1482555576320
2019-08-28 08:49:44,078 [main] INFO  volume.VolumeSet (VolumeSet.java:initializeVolumeSet(170)) - Added Volume : /workdir/hadoop-ozone/integration-test/target/test-dir/MiniOzoneClusterImpl-395dbea3-e1dd-495d-931d-a6326832166d/datanode-0/data/containers/hdds to VolumeSet
2019-08-28 08:49:44,082 [main] INFO  volume.ThrottledAsyncChecker (ThrottledAsyncChecker.java:schedule(140)) - Scheduling a check for org.apache.hadoop.ozone.container.common.volume.HddsVolume@468be356
2019-08-28 08:49:44,102 [main] INFO  volume.HddsVolumeChecker (HddsVolumeChecker.java:checkAllVolumes(203)) - Scheduled health check for volume org.apache.hadoop.ozone.container.common.volume.HddsVolume@468be356
2019-08-28 08:49:44,245 [main] INFO  impl.RaftServerProxy (ConfUtils.java:logGet(43)) - raft.rpc.type = GRPC (default)
2019-08-28 08:49:44,314 [main] INFO  grpc.GrpcFactory (GrpcFactory.java:checkPooledByteBufAllocatorUseCacheForAllThreads(45)) - PERFORMANCE WARNING: useCacheForAllThreads is true that may cause Netty to create a lot garbage objects and, as a result, trigger GC.
	It is recommended to disable useCacheForAllThreads by setting -Dorg.apache.ratis.thirdparty.io.netty.allocator.useCacheForAllThreads=false in command line.
2019-08-28 08:49:44,319 [main] INFO  grpc.GrpcConfigKeys$Server (ConfUtils.java:logGet(43)) - raft.grpc.server.port = 0 (default)
2019-08-28 08:49:44,320 [main] INFO  server.GrpcService (ConfUtils.java:logGet(43)) - raft.grpc.message.size.max = 33570816 (custom)
2019-08-28 08:49:44,322 [main] INFO  server.RaftServerConfigKeys (ConfUtils.java:logGet(43)) - raft.server.log.appender.buffer.byte-limit = 33554432 (custom)
2019-08-28 08:49:44,322 [main] INFO  server.GrpcService (ConfUtils.java:logGet(43)) - raft.grpc.flow.control.window = 1MB (=1048576) (default)
2019-08-28 08:49:44,323 [main] INFO  server.RaftServerConfigKeys (ConfUtils.java:logGet(43)) - raft.server.rpc.request.timeout = 3000ms (default)
2019-08-28 08:49:44,482 [main] INFO  server.RaftServerConfigKeys (ConfUtils.java:logGet(43)) - raft.server.storage.dir = [/workdir/hadoop-ozone/integration-test/target/test-dir/MiniOzoneClusterImpl-395dbea3-e1dd-495d-931d-a6326832166d/datanode-0/data/ratis] (custom)
2019-08-28 08:49:44,517 [main] INFO  replication.SimpleContainerDownloader (SimpleContainerDownloader.java:<init>(72)) - Starting container downloader service to copy containers to replicate.
2019-08-28 08:49:44,531 [main] INFO  hdfs.DFSUtil (DFSUtil.java:httpServerTemplateForNNAndJN(1641)) - Starting Web-server for hddsDatanode at: http://0.0.0.0:0
2019-08-28 08:49:44,534 [main] INFO  server.AuthenticationFilter (AuthenticationFilter.java:constructSecretProvider(240)) - Unable to initialize FileSignerSecretProvider, falling back to use random secrets.
2019-08-28 08:49:44,535 [main] WARN  http.HttpRequestLog (HttpRequestLog.java:getRequestLog(97)) - Jetty request log can only be enabled using Log4j
2019-08-28 08:49:44,538 [main] INFO  http.HttpServer2 (HttpServer2.java:addGlobalFilter(975)) - Added global filter 'safety' (class=org.apache.hadoop.http.HttpServer2$QuotingInputFilter)
2019-08-28 08:49:44,539 [main] INFO  http.HttpServer2 (HttpServer2.java:addFilter(948)) - Added filter static_user_filter (class=org.apache.hadoop.http.lib.StaticUserWebFilter$StaticUserFilter) to context hddsDatanode
2019-08-28 08:49:44,539 [main] INFO  http.HttpServer2 (HttpServer2.java:addFilter(958)) - Added filter static_user_filter (class=org.apache.hadoop.http.lib.StaticUserWebFilter$StaticUserFilter) to context static
2019-08-28 08:49:44,540 [main] INFO  http.HttpServer2 (HttpServer2.java:addFilter(958)) - Added filter static_user_filter (class=org.apache.hadoop.http.lib.StaticUserWebFilter$StaticUserFilter) to context logs
2019-08-28 08:49:44,541 [main] INFO  http.HttpServer2 (HttpServer2.java:bindListener(1191)) - Jetty bound to port 33932
2019-08-28 08:49:44,541 [main] INFO  server.Server (Server.java:doStart(351)) - jetty-9.3.24.v20180605, build timestamp: 2018-06-05T17:11:56Z, git hash: 84205aa28f11a4f31f2a3b86d1bba2cc8ab69827
2019-08-28 08:49:44,545 [main] INFO  handler.ContextHandler (ContextHandler.java:doStart(781)) - Started o.e.j.s.ServletContextHandler@22eaa86e{/logs,file:///workdir/hadoop-ozone/integration-test/target/log,AVAILABLE}
2019-08-28 08:49:44,546 [main] INFO  handler.ContextHandler (ContextHandler.java:doStart(781)) - Started o.e.j.s.ServletContextHandler@1cc680e{/static,jar:file:/home/user/.m2/repository/org/apache/hadoop/hadoop-hdds-container-service/0.5.0-SNAPSHOT/hadoop-hdds-container-service-0.5.0-SNAPSHOT.jar!/webapps/static,AVAILABLE}
2019-08-28 08:49:44,593 [main] INFO  handler.ContextHandler (ContextHandler.java:doStart(781)) - Started o.e.j.w.WebAppContext@a5272be{/,file:///tmp/jetty-0.0.0.0-33932-hddsDatanode-_-any-8709046571633247792.dir/webapp/,AVAILABLE}{/hddsDatanode}
2019-08-28 08:49:44,594 [main] INFO  server.AbstractConnector (AbstractConnector.java:doStart(278)) - Started ServerConnector@58ba5b30{HTTP/1.1,[http/1.1]}{0.0.0.0:33932}
2019-08-28 08:49:44,595 [main] INFO  server.Server (Server.java:doStart(419)) - Started @5994ms
2019-08-28 08:49:44,597 [main] INFO  server.BaseHttpServer (BaseHttpServer.java:updateConnectorAddress(213)) - HTTP server of HDDSDATANODE is listening at http://0.0.0.0:33932
2019-08-28 08:49:45,704 | INFO  | ObjectStoreRestHttpServer | Listening HDDS REST traffic on /0.0.0.0:33325 |  
2019-08-28 08:49:45,705 [main] INFO  ozone.HddsDatanodeService (HddsDatanodeService.java:startPlugins(395)) - Started plug-in org.apache.hadoop.ozone.web.OzoneHddsDatanodeService@35787726
2019-08-28 08:49:45,706 [main] INFO  impl.MetricsSystemImpl (MetricsSystemImpl.java:init(158)) - HddsDatanode metrics system started (again)
2019-08-28 08:49:45,709 [main] INFO  ozone.HddsDatanodeService (HddsDatanodeService.java:start(184)) - HddsDatanodeService host:pr-hdds-2030-d7qxb-2924120224 ip:192.168.157.218
2019-08-28 08:49:45,713 [org.apache.hadoop.util.JvmPauseMonitor$Monitor@7cd5300e] INFO  util.JvmPauseMonitor (JvmPauseMonitor.java:run(188)) - Starting JVM pause monitor
2019-08-28 08:49:45,717 [main] INFO  volume.HddsVolume (HddsVolume.java:<init>(176)) - Creating Volume: /workdir/hadoop-ozone/integration-test/target/test-dir/MiniOzoneClusterImpl-395dbea3-e1dd-495d-931d-a6326832166d/datanode-1/data/containers/hdds of  storage type : DISK and capacity : 1482555576320
2019-08-28 08:49:45,718 [main] INFO  volume.VolumeSet (VolumeSet.java:initializeVolumeSet(170)) - Added Volume : /workdir/hadoop-ozone/integration-test/target/test-dir/MiniOzoneClusterImpl-395dbea3-e1dd-495d-931d-a6326832166d/datanode-1/data/containers/hdds to VolumeSet
2019-08-28 08:49:45,718 [main] INFO  volume.ThrottledAsyncChecker (ThrottledAsyncChecker.java:schedule(140)) - Scheduling a check for org.apache.hadoop.ozone.container.common.volume.HddsVolume@613f7eb7
2019-08-28 08:49:45,720 [main] INFO  volume.HddsVolumeChecker (HddsVolumeChecker.java:checkAllVolumes(203)) - Scheduled health check for volume org.apache.hadoop.ozone.container.common.volume.HddsVolume@613f7eb7
2019-08-28 08:49:45,737 [main] INFO  impl.RaftServerProxy (ConfUtils.java:logGet(43)) - raft.rpc.type = GRPC (default)
2019-08-28 08:49:45,737 [main] INFO  grpc.GrpcFactory (GrpcFactory.java:checkPooledByteBufAllocatorUseCacheForAllThreads(45)) - PERFORMANCE WARNING: useCacheForAllThreads is true that may cause Netty to create a lot garbage objects and, as a result, trigger GC.
	It is recommended to disable useCacheForAllThreads by setting -Dorg.apache.ratis.thirdparty.io.netty.allocator.useCacheForAllThreads=false in command line.
2019-08-28 08:49:45,737 [main] INFO  grpc.GrpcConfigKeys$Server (ConfUtils.java:logGet(43)) - raft.grpc.server.port = 0 (default)
2019-08-28 08:49:45,737 [main] INFO  server.GrpcService (ConfUtils.java:logGet(43)) - raft.grpc.message.size.max = 33570816 (custom)
2019-08-28 08:49:45,738 [main] INFO  server.RaftServerConfigKeys (ConfUtils.java:logGet(43)) - raft.server.log.appender.buffer.byte-limit = 33554432 (custom)
2019-08-28 08:49:45,738 [main] INFO  server.GrpcService (ConfUtils.java:logGet(43)) - raft.grpc.flow.control.window = 1MB (=1048576) (default)
2019-08-28 08:49:45,738 [main] INFO  server.RaftServerConfigKeys (ConfUtils.java:logGet(43)) - raft.server.rpc.request.timeout = 3000ms (default)
2019-08-28 08:49:45,739 [main] INFO  server.RaftServerConfigKeys (ConfUtils.java:logGet(43)) - raft.server.storage.dir = [/workdir/hadoop-ozone/integration-test/target/test-dir/MiniOzoneClusterImpl-395dbea3-e1dd-495d-931d-a6326832166d/datanode-1/data/ratis] (custom)
2019-08-28 08:49:45,739 [main] INFO  replication.SimpleContainerDownloader (SimpleContainerDownloader.java:<init>(72)) - Starting container downloader service to copy containers to replicate.
2019-08-28 08:49:45,740 [main] INFO  hdfs.DFSUtil (DFSUtil.java:httpServerTemplateForNNAndJN(1641)) - Starting Web-server for hddsDatanode at: http://0.0.0.0:0
2019-08-28 08:49:45,741 [main] INFO  server.AuthenticationFilter (AuthenticationFilter.java:constructSecretProvider(240)) - Unable to initialize FileSignerSecretProvider, falling back to use random secrets.
2019-08-28 08:49:45,742 [main] WARN  http.HttpRequestLog (HttpRequestLog.java:getRequestLog(97)) - Jetty request log can only be enabled using Log4j
2019-08-28 08:49:45,743 [main] INFO  http.HttpServer2 (HttpServer2.java:addGlobalFilter(975)) - Added global filter 'safety' (class=org.apache.hadoop.http.HttpServer2$QuotingInputFilter)
2019-08-28 08:49:45,744 [main] INFO  http.HttpServer2 (HttpServer2.java:addFilter(948)) - Added filter static_user_filter (class=org.apache.hadoop.http.lib.StaticUserWebFilter$StaticUserFilter) to context hddsDatanode
2019-08-28 08:49:45,744 [main] INFO  http.HttpServer2 (HttpServer2.java:addFilter(958)) - Added filter static_user_filter (class=org.apache.hadoop.http.lib.StaticUserWebFilter$StaticUserFilter) to context logs
2019-08-28 08:49:45,744 [main] INFO  http.HttpServer2 (HttpServer2.java:addFilter(958)) - Added filter static_user_filter (class=org.apache.hadoop.http.lib.StaticUserWebFilter$StaticUserFilter) to context static
2019-08-28 08:49:45,745 [main] INFO  http.HttpServer2 (HttpServer2.java:bindListener(1191)) - Jetty bound to port 33747
2019-08-28 08:49:45,745 [main] INFO  server.Server (Server.java:doStart(351)) - jetty-9.3.24.v20180605, build timestamp: 2018-06-05T17:11:56Z, git hash: 84205aa28f11a4f31f2a3b86d1bba2cc8ab69827
2019-08-28 08:49:45,749 [main] INFO  handler.ContextHandler (ContextHandler.java:doStart(781)) - Started o.e.j.s.ServletContextHandler@4b55ff0a{/logs,file:///workdir/hadoop-ozone/integration-test/target/log,AVAILABLE}
2019-08-28 08:49:45,749 [main] INFO  handler.ContextHandler (ContextHandler.java:doStart(781)) - Started o.e.j.s.ServletContextHandler@256a0d95{/static,jar:file:/home/user/.m2/repository/org/apache/hadoop/hadoop-hdds-container-service/0.5.0-SNAPSHOT/hadoop-hdds-container-service-0.5.0-SNAPSHOT.jar!/webapps/static,AVAILABLE}
2019-08-28 08:49:45,777 [main] INFO  handler.ContextHandler (ContextHandler.java:doStart(781)) - Started o.e.j.w.WebAppContext@4aebee4b{/,file:///tmp/jetty-0.0.0.0-33747-hddsDatanode-_-any-8738817796528587926.dir/webapp/,AVAILABLE}{/hddsDatanode}
2019-08-28 08:49:45,778 [main] INFO  server.AbstractConnector (AbstractConnector.java:doStart(278)) - Started ServerConnector@18d47df0{HTTP/1.1,[http/1.1]}{0.0.0.0:33747}
2019-08-28 08:49:45,779 [main] INFO  server.Server (Server.java:doStart(419)) - Started @7178ms
2019-08-28 08:49:45,780 [main] INFO  server.BaseHttpServer (BaseHttpServer.java:updateConnectorAddress(213)) - HTTP server of HDDSDATANODE is listening at http://0.0.0.0:33747
2019-08-28 08:49:45,858 [Datanode State Machine Thread - 0] INFO  datanode.InitDatanodeState (InitDatanodeState.java:persistContainerDatanodeDetails(140)) - DatanodeDetails is persisted to /workdir/hadoop-ozone/integration-test/target/test-dir/MiniOzoneClusterImpl-395dbea3-e1dd-495d-931d-a6326832166d/datanode-0/meta/datanode.id
2019-08-28 08:49:45,916 | INFO  | ObjectStoreRestHttpServer | Listening HDDS REST traffic on /0.0.0.0:42020 |  
2019-08-28 08:49:45,916 [main] INFO  ozone.HddsDatanodeService (HddsDatanodeService.java:startPlugins(395)) - Started plug-in org.apache.hadoop.ozone.web.OzoneHddsDatanodeService@3a296107
2019-08-28 08:49:45,917 [main] INFO  impl.MetricsSystemImpl (MetricsSystemImpl.java:init(158)) - HddsDatanode metrics system started (again)
2019-08-28 08:49:45,920 [org.apache.hadoop.util.JvmPauseMonitor$Monitor@7516470e] INFO  util.JvmPauseMonitor (JvmPauseMonitor.java:run(188)) - Starting JVM pause monitor
2019-08-28 08:49:45,924 [main] INFO  ozone.HddsDatanodeService (HddsDatanodeService.java:start(184)) - HddsDatanodeService host:pr-hdds-2030-d7qxb-2924120224 ip:192.168.157.218
2019-08-28 08:49:45,926 [Datanode State Machine Thread - 0] INFO  datanode.InitDatanodeState (InitDatanodeState.java:persistContainerDatanodeDetails(140)) - DatanodeDetails is persisted to /workdir/hadoop-ozone/integration-test/target/test-dir/MiniOzoneClusterImpl-395dbea3-e1dd-495d-931d-a6326832166d/datanode-1/meta/datanode.id
2019-08-28 08:49:45,935 [main] INFO  volume.HddsVolume (HddsVolume.java:<init>(176)) - Creating Volume: /workdir/hadoop-ozone/integration-test/target/test-dir/MiniOzoneClusterImpl-395dbea3-e1dd-495d-931d-a6326832166d/datanode-2/data/containers/hdds of  storage type : DISK and capacity : 1482555576320
2019-08-28 08:49:45,936 [main] INFO  volume.VolumeSet (VolumeSet.java:initializeVolumeSet(170)) - Added Volume : /workdir/hadoop-ozone/integration-test/target/test-dir/MiniOzoneClusterImpl-395dbea3-e1dd-495d-931d-a6326832166d/datanode-2/data/containers/hdds to VolumeSet
2019-08-28 08:49:45,937 [main] INFO  volume.ThrottledAsyncChecker (ThrottledAsyncChecker.java:schedule(140)) - Scheduling a check for org.apache.hadoop.ozone.container.common.volume.HddsVolume@26e0d39c
2019-08-28 08:49:45,937 [main] INFO  volume.HddsVolumeChecker (HddsVolumeChecker.java:checkAllVolumes(203)) - Scheduled health check for volume org.apache.hadoop.ozone.container.common.volume.HddsVolume@26e0d39c
2019-08-28 08:49:45,964 [main] INFO  impl.RaftServerProxy (ConfUtils.java:logGet(43)) - raft.rpc.type = GRPC (default)
2019-08-28 08:49:45,964 [main] INFO  grpc.GrpcFactory (GrpcFactory.java:checkPooledByteBufAllocatorUseCacheForAllThreads(45)) - PERFORMANCE WARNING: useCacheForAllThreads is true that may cause Netty to create a lot garbage objects and, as a result, trigger GC.
	It is recommended to disable useCacheForAllThreads by setting -Dorg.apache.ratis.thirdparty.io.netty.allocator.useCacheForAllThreads=false in command line.
2019-08-28 08:49:45,965 [main] INFO  grpc.GrpcConfigKeys$Server (ConfUtils.java:logGet(43)) - raft.grpc.server.port = 0 (default)
2019-08-28 08:49:45,965 [main] INFO  server.GrpcService (ConfUtils.java:logGet(43)) - raft.grpc.message.size.max = 33570816 (custom)
2019-08-28 08:49:45,965 [main] INFO  server.RaftServerConfigKeys (ConfUtils.java:logGet(43)) - raft.server.log.appender.buffer.byte-limit = 33554432 (custom)
2019-08-28 08:49:45,966 [main] INFO  server.GrpcService (ConfUtils.java:logGet(43)) - raft.grpc.flow.control.window = 1MB (=1048576) (default)
2019-08-28 08:49:45,966 [main] INFO  server.RaftServerConfigKeys (ConfUtils.java:logGet(43)) - raft.server.rpc.request.timeout = 3000ms (default)
2019-08-28 08:49:45,967 [main] INFO  server.RaftServerConfigKeys (ConfUtils.java:logGet(43)) - raft.server.storage.dir = [/workdir/hadoop-ozone/integration-test/target/test-dir/MiniOzoneClusterImpl-395dbea3-e1dd-495d-931d-a6326832166d/datanode-2/data/ratis] (custom)
2019-08-28 08:49:45,968 [main] INFO  replication.SimpleContainerDownloader (SimpleContainerDownloader.java:<init>(72)) - Starting container downloader service to copy containers to replicate.
2019-08-28 08:49:45,970 [main] INFO  hdfs.DFSUtil (DFSUtil.java:httpServerTemplateForNNAndJN(1641)) - Starting Web-server for hddsDatanode at: http://0.0.0.0:0
2019-08-28 08:49:45,972 [main] INFO  server.AuthenticationFilter (AuthenticationFilter.java:constructSecretProvider(240)) - Unable to initialize FileSignerSecretProvider, falling back to use random secrets.
2019-08-28 08:49:45,973 [main] WARN  http.HttpRequestLog (HttpRequestLog.java:getRequestLog(97)) - Jetty request log can only be enabled using Log4j
2019-08-28 08:49:45,976 [main] INFO  http.HttpServer2 (HttpServer2.java:addGlobalFilter(975)) - Added global filter 'safety' (class=org.apache.hadoop.http.HttpServer2$QuotingInputFilter)
2019-08-28 08:49:45,977 [main] INFO  http.HttpServer2 (HttpServer2.java:addFilter(948)) - Added filter static_user_filter (class=org.apache.hadoop.http.lib.StaticUserWebFilter$StaticUserFilter) to context hddsDatanode
2019-08-28 08:49:45,977 [main] INFO  http.HttpServer2 (HttpServer2.java:addFilter(958)) - Added filter static_user_filter (class=org.apache.hadoop.http.lib.StaticUserWebFilter$StaticUserFilter) to context static
2019-08-28 08:49:45,978 [main] INFO  http.HttpServer2 (HttpServer2.java:addFilter(958)) - Added filter static_user_filter (class=org.apache.hadoop.http.lib.StaticUserWebFilter$StaticUserFilter) to context logs
2019-08-28 08:49:45,979 [main] INFO  http.HttpServer2 (HttpServer2.java:bindListener(1191)) - Jetty bound to port 32942
2019-08-28 08:49:45,979 [main] INFO  server.Server (Server.java:doStart(351)) - jetty-9.3.24.v20180605, build timestamp: 2018-06-05T17:11:56Z, git hash: 84205aa28f11a4f31f2a3b86d1bba2cc8ab69827
2019-08-28 08:49:45,982 [main] INFO  handler.ContextHandler (ContextHandler.java:doStart(781)) - Started o.e.j.s.ServletContextHandler@6df4af5{/logs,file:///workdir/hadoop-ozone/integration-test/target/log,AVAILABLE}
2019-08-28 08:49:45,983 [main] INFO  handler.ContextHandler (ContextHandler.java:doStart(781)) - Started o.e.j.s.ServletContextHandler@5aa76ad2{/static,jar:file:/home/user/.m2/repository/org/apache/hadoop/hadoop-hdds-container-service/0.5.0-SNAPSHOT/hadoop-hdds-container-service-0.5.0-SNAPSHOT.jar!/webapps/static,AVAILABLE}
2019-08-28 08:49:46,026 [main] INFO  handler.ContextHandler (ContextHandler.java:doStart(781)) - Started o.e.j.w.WebAppContext@7f27f59b{/,file:///tmp/jetty-0.0.0.0-32942-hddsDatanode-_-any-373917709260240564.dir/webapp/,AVAILABLE}{/hddsDatanode}
2019-08-28 08:49:46,027 [main] INFO  server.AbstractConnector (AbstractConnector.java:doStart(278)) - Started ServerConnector@1c98b4eb{HTTP/1.1,[http/1.1]}{0.0.0.0:32942}
2019-08-28 08:49:46,028 [main] INFO  server.Server (Server.java:doStart(419)) - Started @7427ms
2019-08-28 08:49:46,031 [main] INFO  server.BaseHttpServer (BaseHttpServer.java:updateConnectorAddress(213)) - HTTP server of HDDSDATANODE is listening at http://0.0.0.0:32942
2019-08-28 08:49:46,184 | INFO  | ObjectStoreRestHttpServer | Listening HDDS REST traffic on /0.0.0.0:42066 |  
2019-08-28 08:49:46,185 [main] INFO  ozone.HddsDatanodeService (HddsDatanodeService.java:startPlugins(395)) - Started plug-in org.apache.hadoop.ozone.web.OzoneHddsDatanodeService@7d0cd23c
2019-08-28 08:49:46,185 [main] INFO  impl.MetricsSystemImpl (MetricsSystemImpl.java:init(158)) - HddsDatanode metrics system started (again)
2019-08-28 08:49:46,188 [main] INFO  ozone.HddsDatanodeService (HddsDatanodeService.java:start(184)) - HddsDatanodeService host:pr-hdds-2030-d7qxb-2924120224 ip:192.168.157.218
2019-08-28 08:49:46,189 [org.apache.hadoop.util.JvmPauseMonitor$Monitor@7f3acd5] INFO  util.JvmPauseMonitor (JvmPauseMonitor.java:run(188)) - Starting JVM pause monitor
2019-08-28 08:49:46,192 [Datanode State Machine Thread - 0] INFO  datanode.InitDatanodeState (InitDatanodeState.java:persistContainerDatanodeDetails(140)) - DatanodeDetails is persisted to /workdir/hadoop-ozone/integration-test/target/test-dir/MiniOzoneClusterImpl-395dbea3-e1dd-495d-931d-a6326832166d/datanode-2/meta/datanode.id
2019-08-28 08:49:46,196 [main] INFO  volume.HddsVolume (HddsVolume.java:<init>(176)) - Creating Volume: /workdir/hadoop-ozone/integration-test/target/test-dir/MiniOzoneClusterImpl-395dbea3-e1dd-495d-931d-a6326832166d/datanode-3/data/containers/hdds of  storage type : DISK and capacity : 1482555576320
2019-08-28 08:49:46,196 [main] INFO  volume.VolumeSet (VolumeSet.java:initializeVolumeSet(170)) - Added Volume : /workdir/hadoop-ozone/integration-test/target/test-dir/MiniOzoneClusterImpl-395dbea3-e1dd-495d-931d-a6326832166d/datanode-3/data/containers/hdds to VolumeSet
2019-08-28 08:49:46,197 [main] INFO  volume.ThrottledAsyncChecker (ThrottledAsyncChecker.java:schedule(140)) - Scheduling a check for org.apache.hadoop.ozone.container.common.volume.HddsVolume@350323a0
2019-08-28 08:49:46,197 [main] INFO  volume.HddsVolumeChecker (HddsVolumeChecker.java:checkAllVolumes(203)) - Scheduled health check for volume org.apache.hadoop.ozone.container.common.volume.HddsVolume@350323a0
2019-08-28 08:49:46,211 [main] INFO  impl.RaftServerProxy (ConfUtils.java:logGet(43)) - raft.rpc.type = GRPC (default)
2019-08-28 08:49:46,212 [main] INFO  grpc.GrpcFactory (GrpcFactory.java:checkPooledByteBufAllocatorUseCacheForAllThreads(45)) - PERFORMANCE WARNING: useCacheForAllThreads is true that may cause Netty to create a lot garbage objects and, as a result, trigger GC.
	It is recommended to disable useCacheForAllThreads by setting -Dorg.apache.ratis.thirdparty.io.netty.allocator.useCacheForAllThreads=false in command line.
2019-08-28 08:49:46,212 [main] INFO  grpc.GrpcConfigKeys$Server (ConfUtils.java:logGet(43)) - raft.grpc.server.port = 0 (default)
2019-08-28 08:49:46,212 [main] INFO  server.GrpcService (ConfUtils.java:logGet(43)) - raft.grpc.message.size.max = 33570816 (custom)
2019-08-28 08:49:46,212 [main] INFO  server.RaftServerConfigKeys (ConfUtils.java:logGet(43)) - raft.server.log.appender.buffer.byte-limit = 33554432 (custom)
2019-08-28 08:49:46,212 [main] INFO  server.GrpcService (ConfUtils.java:logGet(43)) - raft.grpc.flow.control.window = 1MB (=1048576) (default)
2019-08-28 08:49:46,213 [main] INFO  server.RaftServerConfigKeys (ConfUtils.java:logGet(43)) - raft.server.rpc.request.timeout = 3000ms (default)
2019-08-28 08:49:46,213 [main] INFO  server.RaftServerConfigKeys (ConfUtils.java:logGet(43)) - raft.server.storage.dir = [/workdir/hadoop-ozone/integration-test/target/test-dir/MiniOzoneClusterImpl-395dbea3-e1dd-495d-931d-a6326832166d/datanode-3/data/ratis] (custom)
2019-08-28 08:49:46,214 [main] INFO  replication.SimpleContainerDownloader (SimpleContainerDownloader.java:<init>(72)) - Starting container downloader service to copy containers to replicate.
2019-08-28 08:49:46,215 [main] INFO  hdfs.DFSUtil (DFSUtil.java:httpServerTemplateForNNAndJN(1641)) - Starting Web-server for hddsDatanode at: http://0.0.0.0:0
2019-08-28 08:49:46,218 [main] INFO  server.AuthenticationFilter (AuthenticationFilter.java:constructSecretProvider(240)) - Unable to initialize FileSignerSecretProvider, falling back to use random secrets.
2019-08-28 08:49:46,218 [main] WARN  http.HttpRequestLog (HttpRequestLog.java:getRequestLog(97)) - Jetty request log can only be enabled using Log4j
2019-08-28 08:49:46,220 [main] INFO  http.HttpServer2 (HttpServer2.java:addGlobalFilter(975)) - Added global filter 'safety' (class=org.apache.hadoop.http.HttpServer2$QuotingInputFilter)
2019-08-28 08:49:46,220 [main] INFO  http.HttpServer2 (HttpServer2.java:addFilter(948)) - Added filter static_user_filter (class=org.apache.hadoop.http.lib.StaticUserWebFilter$StaticUserFilter) to context hddsDatanode
2019-08-28 08:49:46,221 [main] INFO  http.HttpServer2 (HttpServer2.java:addFilter(958)) - Added filter static_user_filter (class=org.apache.hadoop.http.lib.StaticUserWebFilter$StaticUserFilter) to context logs
2019-08-28 08:49:46,221 [main] INFO  http.HttpServer2 (HttpServer2.java:addFilter(958)) - Added filter static_user_filter (class=org.apache.hadoop.http.lib.StaticUserWebFilter$StaticUserFilter) to context static
2019-08-28 08:49:46,221 [main] INFO  http.HttpServer2 (HttpServer2.java:bindListener(1191)) - Jetty bound to port 37657
2019-08-28 08:49:46,222 [main] INFO  server.Server (Server.java:doStart(351)) - jetty-9.3.24.v20180605, build timestamp: 2018-06-05T17:11:56Z, git hash: 84205aa28f11a4f31f2a3b86d1bba2cc8ab69827
2019-08-28 08:49:46,225 [main] INFO  handler.ContextHandler (ContextHandler.java:doStart(781)) - Started o.e.j.s.ServletContextHandler@723e2d08{/logs,file:///workdir/hadoop-ozone/integration-test/target/log,AVAILABLE}
2019-08-28 08:49:46,226 [main] INFO  handler.ContextHandler (ContextHandler.java:doStart(781)) - Started o.e.j.s.ServletContextHandler@14f060b8{/static,jar:file:/home/user/.m2/repository/org/apache/hadoop/hadoop-hdds-container-service/0.5.0-SNAPSHOT/hadoop-hdds-container-service-0.5.0-SNAPSHOT.jar!/webapps/static,AVAILABLE}
2019-08-28 08:49:46,251 [main] INFO  handler.ContextHandler (ContextHandler.java:doStart(781)) - Started o.e.j.w.WebAppContext@6f50d55c{/,file:///tmp/jetty-0.0.0.0-37657-hddsDatanode-_-any-1102344948307074433.dir/webapp/,AVAILABLE}{/hddsDatanode}
2019-08-28 08:49:46,251 [main] INFO  server.AbstractConnector (AbstractConnector.java:doStart(278)) - Started ServerConnector@19b5214b{HTTP/1.1,[http/1.1]}{0.0.0.0:37657}
2019-08-28 08:49:46,252 [main] INFO  server.Server (Server.java:doStart(419)) - Started @7652ms
2019-08-28 08:49:46,253 [main] INFO  server.BaseHttpServer (BaseHttpServer.java:updateConnectorAddress(213)) - HTTP server of HDDSDATANODE is listening at http://0.0.0.0:37657
2019-08-28 08:49:46,378 | INFO  | ObjectStoreRestHttpServer | Listening HDDS REST traffic on /0.0.0.0:36817 |  
2019-08-28 08:49:46,378 [main] INFO  ozone.HddsDatanodeService (HddsDatanodeService.java:startPlugins(395)) - Started plug-in org.apache.hadoop.ozone.web.OzoneHddsDatanodeService@463045fb
2019-08-28 08:49:46,378 [main] INFO  impl.MetricsSystemImpl (MetricsSystemImpl.java:init(158)) - HddsDatanode metrics system started (again)
2019-08-28 08:49:46,382 [main] INFO  ozone.HddsDatanodeService (HddsDatanodeService.java:start(184)) - HddsDatanodeService host:pr-hdds-2030-d7qxb-2924120224 ip:192.168.157.218
2019-08-28 08:49:46,382 [org.apache.hadoop.util.JvmPauseMonitor$Monitor@772362f5] INFO  util.JvmPauseMonitor (JvmPauseMonitor.java:run(188)) - Starting JVM pause monitor
2019-08-28 08:49:46,385 [Datanode State Machine Thread - 0] INFO  datanode.InitDatanodeState (InitDatanodeState.java:persistContainerDatanodeDetails(140)) - DatanodeDetails is persisted to /workdir/hadoop-ozone/integration-test/target/test-dir/MiniOzoneClusterImpl-395dbea3-e1dd-495d-931d-a6326832166d/datanode-3/meta/datanode.id
2019-08-28 08:49:46,390 [main] INFO  volume.HddsVolume (HddsVolume.java:<init>(176)) - Creating Volume: /workdir/hadoop-ozone/integration-test/target/test-dir/MiniOzoneClusterImpl-395dbea3-e1dd-495d-931d-a6326832166d/datanode-4/data/containers/hdds of  storage type : DISK and capacity : 1482555576320
2019-08-28 08:49:46,390 [main] INFO  volume.VolumeSet (VolumeSet.java:initializeVolumeSet(170)) - Added Volume : /workdir/hadoop-ozone/integration-test/target/test-dir/MiniOzoneClusterImpl-395dbea3-e1dd-495d-931d-a6326832166d/datanode-4/data/containers/hdds to VolumeSet
2019-08-28 08:49:46,390 [main] INFO  volume.ThrottledAsyncChecker (ThrottledAsyncChecker.java:schedule(140)) - Scheduling a check for org.apache.hadoop.ozone.container.common.volume.HddsVolume@1bee0085
2019-08-28 08:49:46,391 [main] INFO  volume.HddsVolumeChecker (HddsVolumeChecker.java:checkAllVolumes(203)) - Scheduled health check for volume org.apache.hadoop.ozone.container.common.volume.HddsVolume@1bee0085
2019-08-28 08:49:46,404 [main] INFO  impl.RaftServerProxy (ConfUtils.java:logGet(43)) - raft.rpc.type = GRPC (default)
2019-08-28 08:49:46,404 [main] INFO  grpc.GrpcFactory (GrpcFactory.java:checkPooledByteBufAllocatorUseCacheForAllThreads(45)) - PERFORMANCE WARNING: useCacheForAllThreads is true that may cause Netty to create a lot garbage objects and, as a result, trigger GC.
	It is recommended to disable useCacheForAllThreads by setting -Dorg.apache.ratis.thirdparty.io.netty.allocator.useCacheForAllThreads=false in command line.
2019-08-28 08:49:46,404 [main] INFO  grpc.GrpcConfigKeys$Server (ConfUtils.java:logGet(43)) - raft.grpc.server.port = 0 (default)
2019-08-28 08:49:46,404 [main] INFO  server.GrpcService (ConfUtils.java:logGet(43)) - raft.grpc.message.size.max = 33570816 (custom)
2019-08-28 08:49:46,405 [main] INFO  server.RaftServerConfigKeys (ConfUtils.java:logGet(43)) - raft.server.log.appender.buffer.byte-limit = 33554432 (custom)
2019-08-28 08:49:46,405 [main] INFO  server.GrpcService (ConfUtils.java:logGet(43)) - raft.grpc.flow.control.window = 1MB (=1048576) (default)
2019-08-28 08:49:46,405 [main] INFO  server.RaftServerConfigKeys (ConfUtils.java:logGet(43)) - raft.server.rpc.request.timeout = 3000ms (default)
2019-08-28 08:49:46,406 [main] INFO  server.RaftServerConfigKeys (ConfUtils.java:logGet(43)) - raft.server.storage.dir = [/workdir/hadoop-ozone/integration-test/target/test-dir/MiniOzoneClusterImpl-395dbea3-e1dd-495d-931d-a6326832166d/datanode-4/data/ratis] (custom)
2019-08-28 08:49:46,406 [main] INFO  replication.SimpleContainerDownloader (SimpleContainerDownloader.java:<init>(72)) - Starting container downloader service to copy containers to replicate.
2019-08-28 08:49:46,407 [main] INFO  hdfs.DFSUtil (DFSUtil.java:httpServerTemplateForNNAndJN(1641)) - Starting Web-server for hddsDatanode at: http://0.0.0.0:0
2019-08-28 08:49:46,408 [main] INFO  server.AuthenticationFilter (AuthenticationFilter.java:constructSecretProvider(240)) - Unable to initialize FileSignerSecretProvider, falling back to use random secrets.
2019-08-28 08:49:46,409 [main] WARN  http.HttpRequestLog (HttpRequestLog.java:getRequestLog(97)) - Jetty request log can only be enabled using Log4j
2019-08-28 08:49:46,410 [main] INFO  http.HttpServer2 (HttpServer2.java:addGlobalFilter(975)) - Added global filter 'safety' (class=org.apache.hadoop.http.HttpServer2$QuotingInputFilter)
2019-08-28 08:49:46,411 [main] INFO  http.HttpServer2 (HttpServer2.java:addFilter(948)) - Added filter static_user_filter (class=org.apache.hadoop.http.lib.StaticUserWebFilter$StaticUserFilter) to context hddsDatanode
2019-08-28 08:49:46,411 [main] INFO  http.HttpServer2 (HttpServer2.java:addFilter(958)) - Added filter static_user_filter (class=org.apache.hadoop.http.lib.StaticUserWebFilter$StaticUserFilter) to context static
2019-08-28 08:49:46,411 [main] INFO  http.HttpServer2 (HttpServer2.java:addFilter(958)) - Added filter static_user_filter (class=org.apache.hadoop.http.lib.StaticUserWebFilter$StaticUserFilter) to context logs
2019-08-28 08:49:46,412 [main] INFO  http.HttpServer2 (HttpServer2.java:bindListener(1191)) - Jetty bound to port 38919
2019-08-28 08:49:46,412 [main] INFO  server.Server (Server.java:doStart(351)) - jetty-9.3.24.v20180605, build timestamp: 2018-06-05T17:11:56Z, git hash: 84205aa28f11a4f31f2a3b86d1bba2cc8ab69827
2019-08-28 08:49:46,414 [main] INFO  handler.ContextHandler (ContextHandler.java:doStart(781)) - Started o.e.j.s.ServletContextHandler@374ccb9{/logs,file:///workdir/hadoop-ozone/integration-test/target/log,AVAILABLE}
2019-08-28 08:49:46,415 [main] INFO  handler.ContextHandler (ContextHandler.java:doStart(781)) - Started o.e.j.s.ServletContextHandler@2ab09943{/static,jar:file:/home/user/.m2/repository/org/apache/hadoop/hadoop-hdds-container-service/0.5.0-SNAPSHOT/hadoop-hdds-container-service-0.5.0-SNAPSHOT.jar!/webapps/static,AVAILABLE}
2019-08-28 08:49:46,438 [main] INFO  handler.ContextHandler (ContextHandler.java:doStart(781)) - Started o.e.j.w.WebAppContext@ad3f70a{/,file:///tmp/jetty-0.0.0.0-38919-hddsDatanode-_-any-6008490351353051966.dir/webapp/,AVAILABLE}{/hddsDatanode}
2019-08-28 08:49:46,439 [main] INFO  server.AbstractConnector (AbstractConnector.java:doStart(278)) - Started ServerConnector@54ccb3{HTTP/1.1,[http/1.1]}{0.0.0.0:38919}
2019-08-28 08:49:46,440 [main] INFO  server.Server (Server.java:doStart(419)) - Started @7839ms
2019-08-28 08:49:46,440 [main] INFO  server.BaseHttpServer (BaseHttpServer.java:updateConnectorAddress(213)) - HTTP server of HDDSDATANODE is listening at http://0.0.0.0:38919
2019-08-28 08:49:46,561 | INFO  | ObjectStoreRestHttpServer | Listening HDDS REST traffic on /0.0.0.0:42737 |  
2019-08-28 08:49:46,561 [main] INFO  ozone.HddsDatanodeService (HddsDatanodeService.java:startPlugins(395)) - Started plug-in org.apache.hadoop.ozone.web.OzoneHddsDatanodeService@5a47730c
2019-08-28 08:49:46,562 [main] INFO  impl.MetricsSystemImpl (MetricsSystemImpl.java:init(158)) - HddsDatanode metrics system started (again)
2019-08-28 08:49:46,565 [main] INFO  ozone.HddsDatanodeService (HddsDatanodeService.java:start(184)) - HddsDatanodeService host:pr-hdds-2030-d7qxb-2924120224 ip:192.168.157.218
2019-08-28 08:49:46,566 [org.apache.hadoop.util.JvmPauseMonitor$Monitor@5d10eecd] INFO  util.JvmPauseMonitor (JvmPauseMonitor.java:run(188)) - Starting JVM pause monitor
2019-08-28 08:49:46,569 [Datanode State Machine Thread - 0] INFO  datanode.InitDatanodeState (InitDatanodeState.java:persistContainerDatanodeDetails(140)) - DatanodeDetails is persisted to /workdir/hadoop-ozone/integration-test/target/test-dir/MiniOzoneClusterImpl-395dbea3-e1dd-495d-931d-a6326832166d/datanode-4/meta/datanode.id
2019-08-28 08:49:46,575 [main] INFO  volume.HddsVolume (HddsVolume.java:<init>(176)) - Creating Volume: /workdir/hadoop-ozone/integration-test/target/test-dir/MiniOzoneClusterImpl-395dbea3-e1dd-495d-931d-a6326832166d/datanode-5/data/containers/hdds of  storage type : DISK and capacity : 1482555576320
2019-08-28 08:49:46,576 [main] INFO  volume.VolumeSet (VolumeSet.java:initializeVolumeSet(170)) - Added Volume : /workdir/hadoop-ozone/integration-test/target/test-dir/MiniOzoneClusterImpl-395dbea3-e1dd-495d-931d-a6326832166d/datanode-5/data/containers/hdds to VolumeSet
2019-08-28 08:49:46,576 [main] INFO  volume.ThrottledAsyncChecker (ThrottledAsyncChecker.java:schedule(140)) - Scheduling a check for org.apache.hadoop.ozone.container.common.volume.HddsVolume@7af1d072
2019-08-28 08:49:46,576 [main] INFO  volume.HddsVolumeChecker (HddsVolumeChecker.java:checkAllVolumes(203)) - Scheduled health check for volume org.apache.hadoop.ozone.container.common.volume.HddsVolume@7af1d072
2019-08-28 08:49:46,590 [main] INFO  impl.RaftServerProxy (ConfUtils.java:logGet(43)) - raft.rpc.type = GRPC (default)
2019-08-28 08:49:46,591 [main] INFO  grpc.GrpcFactory (GrpcFactory.java:checkPooledByteBufAllocatorUseCacheForAllThreads(45)) - PERFORMANCE WARNING: useCacheForAllThreads is true that may cause Netty to create a lot garbage objects and, as a result, trigger GC.
	It is recommended to disable useCacheForAllThreads by setting -Dorg.apache.ratis.thirdparty.io.netty.allocator.useCacheForAllThreads=false in command line.
2019-08-28 08:49:46,591 [main] INFO  grpc.GrpcConfigKeys$Server (ConfUtils.java:logGet(43)) - raft.grpc.server.port = 0 (default)
2019-08-28 08:49:46,591 [main] INFO  server.GrpcService (ConfUtils.java:logGet(43)) - raft.grpc.message.size.max = 33570816 (custom)
2019-08-28 08:49:46,591 [main] INFO  server.RaftServerConfigKeys (ConfUtils.java:logGet(43)) - raft.server.log.appender.buffer.byte-limit = 33554432 (custom)
2019-08-28 08:49:46,591 [main] INFO  server.GrpcService (ConfUtils.java:logGet(43)) - raft.grpc.flow.control.window = 1MB (=1048576) (default)
2019-08-28 08:49:46,592 [main] INFO  server.RaftServerConfigKeys (ConfUtils.java:logGet(43)) - raft.server.rpc.request.timeout = 3000ms (default)
2019-08-28 08:49:46,592 [main] INFO  server.RaftServerConfigKeys (ConfUtils.java:logGet(43)) - raft.server.storage.dir = [/workdir/hadoop-ozone/integration-test/target/test-dir/MiniOzoneClusterImpl-395dbea3-e1dd-495d-931d-a6326832166d/datanode-5/data/ratis] (custom)
2019-08-28 08:49:46,593 [main] INFO  replication.SimpleContainerDownloader (SimpleContainerDownloader.java:<init>(72)) - Starting container downloader service to copy containers to replicate.
2019-08-28 08:49:46,594 [main] INFO  hdfs.DFSUtil (DFSUtil.java:httpServerTemplateForNNAndJN(1641)) - Starting Web-server for hddsDatanode at: http://0.0.0.0:0
2019-08-28 08:49:46,595 [main] INFO  server.AuthenticationFilter (AuthenticationFilter.java:constructSecretProvider(240)) - Unable to initialize FileSignerSecretProvider, falling back to use random secrets.
2019-08-28 08:49:46,595 [main] WARN  http.HttpRequestLog (HttpRequestLog.java:getRequestLog(97)) - Jetty request log can only be enabled using Log4j
2019-08-28 08:49:46,596 [main] INFO  http.HttpServer2 (HttpServer2.java:addGlobalFilter(975)) - Added global filter 'safety' (class=org.apache.hadoop.http.HttpServer2$QuotingInputFilter)
2019-08-28 08:49:46,597 [main] INFO  http.HttpServer2 (HttpServer2.java:addFilter(948)) - Added filter static_user_filter (class=org.apache.hadoop.http.lib.StaticUserWebFilter$StaticUserFilter) to context hddsDatanode
2019-08-28 08:49:46,597 [main] INFO  http.HttpServer2 (HttpServer2.java:addFilter(958)) - Added filter static_user_filter (class=org.apache.hadoop.http.lib.StaticUserWebFilter$StaticUserFilter) to context static
2019-08-28 08:49:46,597 [main] INFO  http.HttpServer2 (HttpServer2.java:addFilter(958)) - Added filter static_user_filter (class=org.apache.hadoop.http.lib.StaticUserWebFilter$StaticUserFilter) to context logs
2019-08-28 08:49:46,598 [main] INFO  http.HttpServer2 (HttpServer2.java:bindListener(1191)) - Jetty bound to port 38210
2019-08-28 08:49:46,598 [main] INFO  server.Server (Server.java:doStart(351)) - jetty-9.3.24.v20180605, build timestamp: 2018-06-05T17:11:56Z, git hash: 84205aa28f11a4f31f2a3b86d1bba2cc8ab69827
2019-08-28 08:49:46,600 [main] INFO  handler.ContextHandler (ContextHandler.java:doStart(781)) - Started o.e.j.s.ServletContextHandler@33d230ce{/logs,file:///workdir/hadoop-ozone/integration-test/target/log,AVAILABLE}
2019-08-28 08:49:46,601 [main] INFO  handler.ContextHandler (ContextHandler.java:doStart(781)) - Started o.e.j.s.ServletContextHandler@a316f6b{/static,jar:file:/home/user/.m2/repository/org/apache/hadoop/hadoop-hdds-container-service/0.5.0-SNAPSHOT/hadoop-hdds-container-service-0.5.0-SNAPSHOT.jar!/webapps/static,AVAILABLE}
2019-08-28 08:49:46,625 [main] INFO  handler.ContextHandler (ContextHandler.java:doStart(781)) - Started o.e.j.w.WebAppContext@7bf018dd{/,file:///tmp/jetty-0.0.0.0-38210-hddsDatanode-_-any-1239580694519975316.dir/webapp/,AVAILABLE}{/hddsDatanode}
2019-08-28 08:49:46,626 [main] INFO  server.AbstractConnector (AbstractConnector.java:doStart(278)) - Started ServerConnector@15a8cebd{HTTP/1.1,[http/1.1]}{0.0.0.0:38210}
2019-08-28 08:49:46,626 [main] INFO  server.Server (Server.java:doStart(419)) - Started @8026ms
2019-08-28 08:49:46,627 [main] INFO  server.BaseHttpServer (BaseHttpServer.java:updateConnectorAddress(213)) - HTTP server of HDDSDATANODE is listening at http://0.0.0.0:38210
2019-08-28 08:49:46,873 | INFO  | ObjectStoreRestHttpServer | Listening HDDS REST traffic on /0.0.0.0:34124 |  
2019-08-28 08:49:46,874 [main] INFO  ozone.HddsDatanodeService (HddsDatanodeService.java:startPlugins(395)) - Started plug-in org.apache.hadoop.ozone.web.OzoneHddsDatanodeService@3a0896b3
2019-08-28 08:49:46,874 [main] INFO  impl.MetricsSystemImpl (MetricsSystemImpl.java:init(158)) - HddsDatanode metrics system started (again)
2019-08-28 08:49:46,878 [main] INFO  ozone.HddsDatanodeService (HddsDatanodeService.java:start(184)) - HddsDatanodeService host:pr-hdds-2030-d7qxb-2924120224 ip:192.168.157.218
2019-08-28 08:49:46,879 [org.apache.hadoop.util.JvmPauseMonitor$Monitor@48d76a61] INFO  util.JvmPauseMonitor (JvmPauseMonitor.java:run(188)) - Starting JVM pause monitor
2019-08-28 08:49:46,882 [Datanode State Machine Thread - 0] INFO  datanode.InitDatanodeState (InitDatanodeState.java:persistContainerDatanodeDetails(140)) - DatanodeDetails is persisted to /workdir/hadoop-ozone/integration-test/target/test-dir/MiniOzoneClusterImpl-395dbea3-e1dd-495d-931d-a6326832166d/datanode-5/meta/datanode.id
2019-08-28 08:49:46,887 [main] INFO  volume.HddsVolume (HddsVolume.java:<init>(176)) - Creating Volume: /workdir/hadoop-ozone/integration-test/target/test-dir/MiniOzoneClusterImpl-395dbea3-e1dd-495d-931d-a6326832166d/datanode-6/data/containers/hdds of  storage type : DISK and capacity : 1482555576320
2019-08-28 08:49:46,887 [main] INFO  volume.VolumeSet (VolumeSet.java:initializeVolumeSet(170)) - Added Volume : /workdir/hadoop-ozone/integration-test/target/test-dir/MiniOzoneClusterImpl-395dbea3-e1dd-495d-931d-a6326832166d/datanode-6/data/containers/hdds to VolumeSet
2019-08-28 08:49:46,887 [main] INFO  volume.ThrottledAsyncChecker (ThrottledAsyncChecker.java:schedule(140)) - Scheduling a check for org.apache.hadoop.ozone.container.common.volume.HddsVolume@1e6bd263
2019-08-28 08:49:46,888 [main] INFO  volume.HddsVolumeChecker (HddsVolumeChecker.java:checkAllVolumes(203)) - Scheduled health check for volume org.apache.hadoop.ozone.container.common.volume.HddsVolume@1e6bd263
2019-08-28 08:49:46,900 [main] INFO  impl.RaftServerProxy (ConfUtils.java:logGet(43)) - raft.rpc.type = GRPC (default)
2019-08-28 08:49:46,901 [main] INFO  grpc.GrpcFactory (GrpcFactory.java:checkPooledByteBufAllocatorUseCacheForAllThreads(45)) - PERFORMANCE WARNING: useCacheForAllThreads is true that may cause Netty to create a lot garbage objects and, as a result, trigger GC.
	It is recommended to disable useCacheForAllThreads by setting -Dorg.apache.ratis.thirdparty.io.netty.allocator.useCacheForAllThreads=false in command line.
2019-08-28 08:49:46,901 [main] INFO  grpc.GrpcConfigKeys$Server (ConfUtils.java:logGet(43)) - raft.grpc.server.port = 0 (default)
2019-08-28 08:49:46,901 [main] INFO  server.GrpcService (ConfUtils.java:logGet(43)) - raft.grpc.message.size.max = 33570816 (custom)
2019-08-28 08:49:46,901 [main] INFO  server.RaftServerConfigKeys (ConfUtils.java:logGet(43)) - raft.server.log.appender.buffer.byte-limit = 33554432 (custom)
2019-08-28 08:49:46,901 [main] INFO  server.GrpcService (ConfUtils.java:logGet(43)) - raft.grpc.flow.control.window = 1MB (=1048576) (default)
2019-08-28 08:49:46,902 [main] INFO  server.RaftServerConfigKeys (ConfUtils.java:logGet(43)) - raft.server.rpc.request.timeout = 3000ms (default)
2019-08-28 08:49:46,902 [main] INFO  server.RaftServerConfigKeys (ConfUtils.java:logGet(43)) - raft.server.storage.dir = [/workdir/hadoop-ozone/integration-test/target/test-dir/MiniOzoneClusterImpl-395dbea3-e1dd-495d-931d-a6326832166d/datanode-6/data/ratis] (custom)
2019-08-28 08:49:46,903 [main] INFO  replication.SimpleContainerDownloader (SimpleContainerDownloader.java:<init>(72)) - Starting container downloader service to copy containers to replicate.
2019-08-28 08:49:46,904 [main] INFO  hdfs.DFSUtil (DFSUtil.java:httpServerTemplateForNNAndJN(1641)) - Starting Web-server for hddsDatanode at: http://0.0.0.0:0
2019-08-28 08:49:46,905 [main] INFO  server.AuthenticationFilter (AuthenticationFilter.java:constructSecretProvider(240)) - Unable to initialize FileSignerSecretProvider, falling back to use random secrets.
2019-08-28 08:49:46,905 [main] WARN  http.HttpRequestLog (HttpRequestLog.java:getRequestLog(97)) - Jetty request log can only be enabled using Log4j
2019-08-28 08:49:46,906 [main] INFO  http.HttpServer2 (HttpServer2.java:addGlobalFilter(975)) - Added global filter 'safety' (class=org.apache.hadoop.http.HttpServer2$QuotingInputFilter)
2019-08-28 08:49:46,907 [main] INFO  http.HttpServer2 (HttpServer2.java:addFilter(948)) - Added filter static_user_filter (class=org.apache.hadoop.http.lib.StaticUserWebFilter$StaticUserFilter) to context hddsDatanode
2019-08-28 08:49:46,907 [main] INFO  http.HttpServer2 (HttpServer2.java:addFilter(958)) - Added filter static_user_filter (class=org.apache.hadoop.http.lib.StaticUserWebFilter$StaticUserFilter) to context static
2019-08-28 08:49:46,907 [main] INFO  http.HttpServer2 (HttpServer2.java:addFilter(958)) - Added filter static_user_filter (class=org.apache.hadoop.http.lib.StaticUserWebFilter$StaticUserFilter) to context logs
2019-08-28 08:49:46,908 [main] INFO  http.HttpServer2 (HttpServer2.java:bindListener(1191)) - Jetty bound to port 45334
2019-08-28 08:49:46,908 [main] INFO  server.Server (Server.java:doStart(351)) - jetty-9.3.24.v20180605, build timestamp: 2018-06-05T17:11:56Z, git hash: 84205aa28f11a4f31f2a3b86d1bba2cc8ab69827
2019-08-28 08:49:46,910 [main] INFO  handler.ContextHandler (ContextHandler.java:doStart(781)) - Started o.e.j.s.ServletContextHandler@a457c2b{/logs,file:///workdir/hadoop-ozone/integration-test/target/log,AVAILABLE}
2019-08-28 08:49:46,911 [main] INFO  handler.ContextHandler (ContextHandler.java:doStart(781)) - Started o.e.j.s.ServletContextHandler@5773d271{/static,jar:file:/home/user/.m2/repository/org/apache/hadoop/hadoop-hdds-container-service/0.5.0-SNAPSHOT/hadoop-hdds-container-service-0.5.0-SNAPSHOT.jar!/webapps/static,AVAILABLE}
2019-08-28 08:49:46,934 [main] INFO  handler.ContextHandler (ContextHandler.java:doStart(781)) - Started o.e.j.w.WebAppContext@474e34e4{/,file:///tmp/jetty-0.0.0.0-45334-hddsDatanode-_-any-3802904234229948796.dir/webapp/,AVAILABLE}{/hddsDatanode}
2019-08-28 08:49:46,934 [main] INFO  server.AbstractConnector (AbstractConnector.java:doStart(278)) - Started ServerConnector@7e2c6702{HTTP/1.1,[http/1.1]}{0.0.0.0:45334}
2019-08-28 08:49:46,935 [main] INFO  server.Server (Server.java:doStart(419)) - Started @8335ms
2019-08-28 08:49:46,936 [main] INFO  server.BaseHttpServer (BaseHttpServer.java:updateConnectorAddress(213)) - HTTP server of HDDSDATANODE is listening at http://0.0.0.0:45334
2019-08-28 08:49:47,040 | INFO  | ObjectStoreRestHttpServer | Listening HDDS REST traffic on /0.0.0.0:37331 |  
2019-08-28 08:49:47,041 [main] INFO  ozone.HddsDatanodeService (HddsDatanodeService.java:startPlugins(395)) - Started plug-in org.apache.hadoop.ozone.web.OzoneHddsDatanodeService@fabef2e
2019-08-28 08:49:47,043 [main] INFO  ozone.MiniOzoneClusterImpl (MiniOzoneClusterImpl.java:lambda$waitForClusterToBeReady$0(142)) - Waiting for cluster to be ready. Got 0 of 7 DN Heartbeats.
2019-08-28 08:49:47,044 [org.apache.hadoop.util.JvmPauseMonitor$Monitor@2b803072] INFO  util.JvmPauseMonitor (JvmPauseMonitor.java:run(188)) - Starting JVM pause monitor
2019-08-28 08:49:47,047 [Datanode State Machine Thread - 0] INFO  datanode.InitDatanodeState (InitDatanodeState.java:persistContainerDatanodeDetails(140)) - DatanodeDetails is persisted to /workdir/hadoop-ozone/integration-test/target/test-dir/MiniOzoneClusterImpl-395dbea3-e1dd-495d-931d-a6326832166d/datanode-6/meta/datanode.id
2019-08-28 08:49:47,747 | INFO  | SCMAudit | user=jenkins1000 | ip=192.168.157.218 | op=GET_VERSION null | ret=SUCCESS |  
2019-08-28 08:49:47,794 [Datanode State Machine Thread - 0] INFO  ozoneimpl.OzoneContainer (OzoneContainer.java:start(186)) - Attempting to start container services.
2019-08-28 08:49:47,796 [Datanode State Machine Thread - 0] INFO  ozoneimpl.OzoneContainer (OzoneContainer.java:startContainerScrub(160)) - Background container scrubber has been disabled by hdds.containerscrub.enabled
2019-08-28 08:49:47,796 [Datanode State Machine Thread - 0] INFO  ratis.XceiverServerRatis (XceiverServerRatis.java:start(404)) - Starting XceiverServerRatis ce00dee3-29f4-445c-9a8f-55d3d4c1540e at port 0
2019-08-28 08:49:47,816 [Datanode State Machine Thread - 0] INFO  impl.RaftServerProxy (RaftServerProxy.java:lambda$start$3(299)) - ce00dee3-29f4-445c-9a8f-55d3d4c1540e: start RPC server
2019-08-28 08:49:47,921 | INFO  | SCMAudit | user=jenkins1000 | ip=192.168.157.218 | op=GET_VERSION null | ret=SUCCESS |  
2019-08-28 08:49:47,935 [Datanode State Machine Thread - 0] INFO  ozoneimpl.OzoneContainer (OzoneContainer.java:start(186)) - Attempting to start container services.
2019-08-28 08:49:47,937 [Datanode State Machine Thread - 0] INFO  ozoneimpl.OzoneContainer (OzoneContainer.java:startContainerScrub(160)) - Background container scrubber has been disabled by hdds.containerscrub.enabled
2019-08-28 08:49:47,937 [Datanode State Machine Thread - 0] INFO  ratis.XceiverServerRatis (XceiverServerRatis.java:start(404)) - Starting XceiverServerRatis 8d95cd8f-538b-4f88-94f7-9f5988eeca28 at port 0
2019-08-28 08:49:47,946 [Datanode State Machine Thread - 0] INFO  impl.RaftServerProxy (RaftServerProxy.java:lambda$start$3(299)) - 8d95cd8f-538b-4f88-94f7-9f5988eeca28: start RPC server
2019-08-28 08:49:47,983 [Datanode State Machine Thread - 0] INFO  server.GrpcService (GrpcService.java:startImpl(149)) - ce00dee3-29f4-445c-9a8f-55d3d4c1540e: GrpcService started, listening on 0.0.0.0/0.0.0.0:37277
2019-08-28 08:49:47,983 [Datanode State Machine Thread - 0] INFO  server.GrpcService (GrpcService.java:startImpl(149)) - 8d95cd8f-538b-4f88-94f7-9f5988eeca28: GrpcService started, listening on 0.0.0.0/0.0.0.0:43104
2019-08-28 08:49:47,984 [Datanode State Machine Thread - 0] INFO  ratis.XceiverServerRatis (XceiverServerRatis.java:start(414)) - XceiverServerRatis ce00dee3-29f4-445c-9a8f-55d3d4c1540e is started using port 37277
2019-08-28 08:49:47,984 [Datanode State Machine Thread - 0] INFO  ratis.XceiverServerRatis (XceiverServerRatis.java:start(414)) - XceiverServerRatis 8d95cd8f-538b-4f88-94f7-9f5988eeca28 is started using port 43104
2019-08-28 08:49:47,988 [Datanode State Machine Thread - 0] INFO  server.XceiverServerGrpc (XceiverServerGrpc.java:start(161)) - XceiverServerGrpc 8d95cd8f-538b-4f88-94f7-9f5988eeca28 is started using port 35163
2019-08-28 08:49:47,988 [Datanode State Machine Thread - 0] INFO  server.XceiverServerGrpc (XceiverServerGrpc.java:start(161)) - XceiverServerGrpc ce00dee3-29f4-445c-9a8f-55d3d4c1540e is started using port 42733
2019-08-28 08:49:48,044 [main] INFO  ozone.MiniOzoneClusterImpl (MiniOzoneClusterImpl.java:lambda$waitForClusterToBeReady$0(142)) - Waiting for cluster to be ready. Got 0 of 7 DN Heartbeats.
2019-08-28 08:49:48,191 | INFO  | SCMAudit | user=jenkins1000 | ip=192.168.157.218 | op=GET_VERSION null | ret=SUCCESS |  
2019-08-28 08:49:48,206 [Datanode State Machine Thread - 0] INFO  ozoneimpl.OzoneContainer (OzoneContainer.java:start(186)) - Attempting to start container services.
2019-08-28 08:49:48,212 [Datanode State Machine Thread - 0] INFO  ozoneimpl.OzoneContainer (OzoneContainer.java:startContainerScrub(160)) - Background container scrubber has been disabled by hdds.containerscrub.enabled
2019-08-28 08:49:48,212 [Datanode State Machine Thread - 0] INFO  ratis.XceiverServerRatis (XceiverServerRatis.java:start(404)) - Starting XceiverServerRatis f7e2cea5-86b6-454a-9d62-19068d8c24b2 at port 0
2019-08-28 08:49:48,221 [Datanode State Machine Thread - 0] INFO  impl.RaftServerProxy (RaftServerProxy.java:lambda$start$3(299)) - f7e2cea5-86b6-454a-9d62-19068d8c24b2: start RPC server
2019-08-28 08:49:48,224 [Datanode State Machine Thread - 0] INFO  server.GrpcService (GrpcService.java:startImpl(149)) - f7e2cea5-86b6-454a-9d62-19068d8c24b2: GrpcService started, listening on 0.0.0.0/0.0.0.0:34707
2019-08-28 08:49:48,224 [Datanode State Machine Thread - 0] INFO  ratis.XceiverServerRatis (XceiverServerRatis.java:start(414)) - XceiverServerRatis f7e2cea5-86b6-454a-9d62-19068d8c24b2 is started using port 34707
2019-08-28 08:49:48,227 [Datanode State Machine Thread - 0] INFO  server.XceiverServerGrpc (XceiverServerGrpc.java:start(161)) - XceiverServerGrpc f7e2cea5-86b6-454a-9d62-19068d8c24b2 is started using port 34905
2019-08-28 08:49:48,385 | INFO  | SCMAudit | user=jenkins1000 | ip=192.168.157.218 | op=GET_VERSION null | ret=SUCCESS |  
2019-08-28 08:49:48,411 [Datanode State Machine Thread - 0] INFO  ozoneimpl.OzoneContainer (OzoneContainer.java:start(186)) - Attempting to start container services.
2019-08-28 08:49:48,411 [Datanode State Machine Thread - 0] INFO  ozoneimpl.OzoneContainer (OzoneContainer.java:startContainerScrub(160)) - Background container scrubber has been disabled by hdds.containerscrub.enabled
2019-08-28 08:49:48,411 [Datanode State Machine Thread - 0] INFO  ratis.XceiverServerRatis (XceiverServerRatis.java:start(404)) - Starting XceiverServerRatis d6cf014b-20b5-44c2-a63d-b3683dd2f34e at port 0
2019-08-28 08:49:48,423 [Datanode State Machine Thread - 0] INFO  impl.RaftServerProxy (RaftServerProxy.java:lambda$start$3(299)) - d6cf014b-20b5-44c2-a63d-b3683dd2f34e: start RPC server
2019-08-28 08:49:48,427 [Datanode State Machine Thread - 0] INFO  server.GrpcService (GrpcService.java:startImpl(149)) - d6cf014b-20b5-44c2-a63d-b3683dd2f34e: GrpcService started, listening on 0.0.0.0/0.0.0.0:34709
2019-08-28 08:49:48,427 [Datanode State Machine Thread - 0] INFO  ratis.XceiverServerRatis (XceiverServerRatis.java:start(414)) - XceiverServerRatis d6cf014b-20b5-44c2-a63d-b3683dd2f34e is started using port 34709
2019-08-28 08:49:48,430 [Datanode State Machine Thread - 0] INFO  server.XceiverServerGrpc (XceiverServerGrpc.java:start(161)) - XceiverServerGrpc d6cf014b-20b5-44c2-a63d-b3683dd2f34e is started using port 41513
2019-08-28 08:49:48,569 | INFO  | SCMAudit | user=jenkins1000 | ip=192.168.157.218 | op=GET_VERSION null | ret=SUCCESS |  
2019-08-28 08:49:48,583 [Datanode State Machine Thread - 0] INFO  ozoneimpl.OzoneContainer (OzoneContainer.java:start(186)) - Attempting to start container services.
2019-08-28 08:49:48,583 [Datanode State Machine Thread - 0] INFO  ozoneimpl.OzoneContainer (OzoneContainer.java:startContainerScrub(160)) - Background container scrubber has been disabled by hdds.containerscrub.enabled
2019-08-28 08:49:48,584 [Datanode State Machine Thread - 0] INFO  ratis.XceiverServerRatis (XceiverServerRatis.java:start(404)) - Starting XceiverServerRatis 45b9b205-b7f2-4538-986a-1da8d027ad58 at port 0
2019-08-28 08:49:48,593 [Datanode State Machine Thread - 0] INFO  impl.RaftServerProxy (RaftServerProxy.java:lambda$start$3(299)) - 45b9b205-b7f2-4538-986a-1da8d027ad58: start RPC server
2019-08-28 08:49:48,598 [Datanode State Machine Thread - 0] INFO  server.GrpcService (GrpcService.java:startImpl(149)) - 45b9b205-b7f2-4538-986a-1da8d027ad58: GrpcService started, listening on 0.0.0.0/0.0.0.0:45280
2019-08-28 08:49:48,598 [Datanode State Machine Thread - 0] INFO  ratis.XceiverServerRatis (XceiverServerRatis.java:start(414)) - XceiverServerRatis 45b9b205-b7f2-4538-986a-1da8d027ad58 is started using port 45280
2019-08-28 08:49:48,601 [Datanode State Machine Thread - 0] INFO  server.XceiverServerGrpc (XceiverServerGrpc.java:start(161)) - XceiverServerGrpc 45b9b205-b7f2-4538-986a-1da8d027ad58 is started using port 33306
2019-08-28 08:49:48,883 | INFO  | SCMAudit | user=jenkins1000 | ip=192.168.157.218 | op=GET_VERSION null | ret=SUCCESS |  
2019-08-28 08:49:48,899 [Datanode State Machine Thread - 0] INFO  ozoneimpl.OzoneContainer (OzoneContainer.java:start(186)) - Attempting to start container services.
2019-08-28 08:49:48,899 [Datanode State Machine Thread - 0] INFO  ozoneimpl.OzoneContainer (OzoneContainer.java:startContainerScrub(160)) - Background container scrubber has been disabled by hdds.containerscrub.enabled
2019-08-28 08:49:48,899 [Datanode State Machine Thread - 0] INFO  ratis.XceiverServerRatis (XceiverServerRatis.java:start(404)) - Starting XceiverServerRatis 78486bf4-f68f-4b9a-8dac-63fb21880691 at port 0
2019-08-28 08:49:48,908 [Datanode State Machine Thread - 0] INFO  impl.RaftServerProxy (RaftServerProxy.java:lambda$start$3(299)) - 78486bf4-f68f-4b9a-8dac-63fb21880691: start RPC server
2019-08-28 08:49:48,914 [Datanode State Machine Thread - 0] INFO  server.GrpcService (GrpcService.java:startImpl(149)) - 78486bf4-f68f-4b9a-8dac-63fb21880691: GrpcService started, listening on 0.0.0.0/0.0.0.0:38501
2019-08-28 08:49:48,914 [Datanode State Machine Thread - 0] INFO  ratis.XceiverServerRatis (XceiverServerRatis.java:start(414)) - XceiverServerRatis 78486bf4-f68f-4b9a-8dac-63fb21880691 is started using port 38501
2019-08-28 08:49:48,918 [Datanode State Machine Thread - 0] INFO  server.XceiverServerGrpc (XceiverServerGrpc.java:start(161)) - XceiverServerGrpc 78486bf4-f68f-4b9a-8dac-63fb21880691 is started using port 38780
2019-08-28 08:49:49,044 [main] INFO  ozone.MiniOzoneClusterImpl (MiniOzoneClusterImpl.java:lambda$waitForClusterToBeReady$0(142)) - Waiting for cluster to be ready. Got 0 of 7 DN Heartbeats.
2019-08-28 08:49:49,049 | INFO  | SCMAudit | user=jenkins1000 | ip=192.168.157.218 | op=GET_VERSION null | ret=SUCCESS |  
2019-08-28 08:49:49,064 [Datanode State Machine Thread - 0] INFO  ozoneimpl.OzoneContainer (OzoneContainer.java:start(186)) - Attempting to start container services.
2019-08-28 08:49:49,064 [Datanode State Machine Thread - 0] INFO  ozoneimpl.OzoneContainer (OzoneContainer.java:startContainerScrub(160)) - Background container scrubber has been disabled by hdds.containerscrub.enabled
2019-08-28 08:49:49,064 [Datanode State Machine Thread - 0] INFO  ratis.XceiverServerRatis (XceiverServerRatis.java:start(404)) - Starting XceiverServerRatis 8018ea23-1975-44ef-9f1f-31b69c574cd2 at port 0
2019-08-28 08:49:49,072 [Datanode State Machine Thread - 0] INFO  impl.RaftServerProxy (RaftServerProxy.java:lambda$start$3(299)) - 8018ea23-1975-44ef-9f1f-31b69c574cd2: start RPC server
2019-08-28 08:49:49,077 [Datanode State Machine Thread - 0] INFO  server.GrpcService (GrpcService.java:startImpl(149)) - 8018ea23-1975-44ef-9f1f-31b69c574cd2: GrpcService started, listening on 0.0.0.0/0.0.0.0:45170
2019-08-28 08:49:49,077 [Datanode State Machine Thread - 0] INFO  ratis.XceiverServerRatis (XceiverServerRatis.java:start(414)) - XceiverServerRatis 8018ea23-1975-44ef-9f1f-31b69c574cd2 is started using port 45170
2019-08-28 08:49:49,080 [Datanode State Machine Thread - 0] INFO  server.XceiverServerGrpc (XceiverServerGrpc.java:start(161)) - XceiverServerGrpc 8018ea23-1975-44ef-9f1f-31b69c574cd2 is started using port 35969
2019-08-28 08:49:49,762 [IPC Server handler 4 on 46701] INFO  net.NetworkTopology (NetworkTopologyImpl.java:add(110)) - Added a new node: /default-rack/ce00dee3-29f4-445c-9a8f-55d3d4c1540e
2019-08-28 08:49:49,763 [IPC Server handler 4 on 46701] INFO  node.SCMNodeManager (SCMNodeManager.java:register(273)) - Registered Data node : ce00dee3-29f4-445c-9a8f-55d3d4c1540e{ip: 192.168.157.218, host: pr-hdds-2030-d7qxb-2924120224, networkLocation: /default-rack, certSerialId: null}
2019-08-28 08:49:49,769 [EventQueue-NodeRegistrationContainerReportForDataNodeSafeModeRule] INFO  safemode.SCMSafeModeManager (DataNodeSafeModeRule.java:process(71)) - SCM in safe mode. 1 DataNodes registered, 1 required.
2019-08-28 08:49:49,770 [EventQueue-NodeRegistrationContainerReportForDataNodeSafeModeRule] INFO  safemode.SCMSafeModeManager (SCMSafeModeManager.java:validateSafeModeExitRules(177)) - ScmSafeModeManager, all rules are successfully validated
2019-08-28 08:49:49,770 [EventQueue-NodeRegistrationContainerReportForDataNodeSafeModeRule] INFO  safemode.SCMSafeModeManager (SCMSafeModeManager.java:exitSafeMode(193)) - SCM exiting safe mode.
2019-08-28 08:49:49,781 | INFO  | SCMAudit | user=jenkins1000 | ip=192.168.157.218 | op=REGISTER {datanodeDetails=ce00dee3-29f4-445c-9a8f-55d3d4c1540e{ip: 192.168.157.218, host: pr-hdds-2030-d7qxb-2924120224, networkLocation: /default-rack, certSerialId: null}} | ret=SUCCESS |  
2019-08-28 08:49:49,924 [IPC Server handler 3 on 46701] INFO  net.NetworkTopology (NetworkTopologyImpl.java:add(110)) - Added a new node: /default-rack/8d95cd8f-538b-4f88-94f7-9f5988eeca28
2019-08-28 08:49:49,924 [IPC Server handler 3 on 46701] INFO  node.SCMNodeManager (SCMNodeManager.java:register(273)) - Registered Data node : 8d95cd8f-538b-4f88-94f7-9f5988eeca28{ip: 192.168.157.218, host: pr-hdds-2030-d7qxb-2924120224, networkLocation: /default-rack, certSerialId: null}
2019-08-28 08:49:49,925 | INFO  | SCMAudit | user=jenkins1000 | ip=192.168.157.218 | op=REGISTER {datanodeDetails=8d95cd8f-538b-4f88-94f7-9f5988eeca28{ip: 192.168.157.218, host: pr-hdds-2030-d7qxb-2924120224, networkLocation: /default-rack, certSerialId: null}} | ret=SUCCESS |  
2019-08-28 08:49:50,045 [main] INFO  ozone.MiniOzoneClusterImpl (MiniOzoneClusterImpl.java:lambda$waitForClusterToBeReady$0(142)) - Waiting for cluster to be ready. Got 2 of 7 DN Heartbeats.
2019-08-28 08:49:50,593 [IPC Server handler 12 on 46701] INFO  net.NetworkTopology (NetworkTopologyImpl.java:add(110)) - Added a new node: /default-rack/45b9b205-b7f2-4538-986a-1da8d027ad58
2019-08-28 08:49:50,593 [IPC Server handler 4 on 46701] INFO  net.NetworkTopology (NetworkTopologyImpl.java:add(110)) - Added a new node: /default-rack/f7e2cea5-86b6-454a-9d62-19068d8c24b2
2019-08-28 08:49:50,593 [IPC Server handler 13 on 46701] INFO  net.NetworkTopology (NetworkTopologyImpl.java:add(110)) - Added a new node: /default-rack/d6cf014b-20b5-44c2-a63d-b3683dd2f34e
2019-08-28 08:49:50,596 [IPC Server handler 4 on 46701] INFO  node.SCMNodeManager (SCMNodeManager.java:register(273)) - Registered Data node : f7e2cea5-86b6-454a-9d62-19068d8c24b2{ip: 192.168.157.218, host: pr-hdds-2030-d7qxb-2924120224, networkLocation: /default-rack, certSerialId: null}
2019-08-28 08:49:50,593 [IPC Server handler 12 on 46701] INFO  node.SCMNodeManager (SCMNodeManager.java:register(273)) - Registered Data node : 45b9b205-b7f2-4538-986a-1da8d027ad58{ip: 192.168.157.218, host: pr-hdds-2030-d7qxb-2924120224, networkLocation: /default-rack, certSerialId: null}
2019-08-28 08:49:50,608 [IPC Server handler 13 on 46701] INFO  node.SCMNodeManager (SCMNodeManager.java:register(273)) - Registered Data node : d6cf014b-20b5-44c2-a63d-b3683dd2f34e{ip: 192.168.157.218, host: pr-hdds-2030-d7qxb-2924120224, networkLocation: /default-rack, certSerialId: null}
2019-08-28 08:49:50,627 | INFO  | SCMAudit | user=jenkins1000 | ip=192.168.157.218 | op=REGISTER {datanodeDetails=f7e2cea5-86b6-454a-9d62-19068d8c24b2{ip: 192.168.157.218, host: pr-hdds-2030-d7qxb-2924120224, networkLocation: /default-rack, certSerialId: null}} | ret=SUCCESS |  
2019-08-28 08:49:50,627 | INFO  | SCMAudit | user=jenkins1000 | ip=192.168.157.218 | op=REGISTER {datanodeDetails=45b9b205-b7f2-4538-986a-1da8d027ad58{ip: 192.168.157.218, host: pr-hdds-2030-d7qxb-2924120224, networkLocation: /default-rack, certSerialId: null}} | ret=SUCCESS |  
2019-08-28 08:49:50,627 | INFO  | SCMAudit | user=jenkins1000 | ip=192.168.157.218 | op=REGISTER {datanodeDetails=d6cf014b-20b5-44c2-a63d-b3683dd2f34e{ip: 192.168.157.218, host: pr-hdds-2030-d7qxb-2924120224, networkLocation: /default-rack, certSerialId: null}} | ret=SUCCESS |  
2019-08-28 08:49:50,853 [grpc-default-executor-0] INFO  impl.RaftServerProxy (RaftServerProxy.java:addNew(89)) - ce00dee3-29f4-445c-9a8f-55d3d4c1540e: addNew group-95E15947E351:[ce00dee3-29f4-445c-9a8f-55d3d4c1540e:192.168.157.218:37277] returns group-95E15947E351:java.util.concurrent.CompletableFuture@71087c61[Not completed]
2019-08-28 08:49:50,882 [pool-27-thread-1] INFO  impl.RaftServerImpl (RaftServerImpl.java:<init>(93)) - ce00dee3-29f4-445c-9a8f-55d3d4c1540e: new RaftServerImpl for group-95E15947E351:[ce00dee3-29f4-445c-9a8f-55d3d4c1540e:192.168.157.218:37277] with ContainerStateMachine:uninitialized
2019-08-28 08:49:50,882 [IPC Server handler 0 on 46701] INFO  net.NetworkTopology (NetworkTopologyImpl.java:add(110)) - Added a new node: /default-rack/78486bf4-f68f-4b9a-8dac-63fb21880691
2019-08-28 08:49:50,882 [IPC Server handler 0 on 46701] INFO  node.SCMNodeManager (SCMNodeManager.java:register(273)) - Registered Data node : 78486bf4-f68f-4b9a-8dac-63fb21880691{ip: 192.168.157.218, host: pr-hdds-2030-d7qxb-2924120224, networkLocation: /default-rack, certSerialId: null}
2019-08-28 08:49:50,882 | INFO  | SCMAudit | user=jenkins1000 | ip=192.168.157.218 | op=REGISTER {datanodeDetails=78486bf4-f68f-4b9a-8dac-63fb21880691{ip: 192.168.157.218, host: pr-hdds-2030-d7qxb-2924120224, networkLocation: /default-rack, certSerialId: null}} | ret=SUCCESS |  
2019-08-28 08:49:50,884 [pool-27-thread-1] INFO  server.RaftServerConfigKeys (ConfUtils.java:logGet(43)) - raft.server.rpc.timeout.min = 5s (custom)
2019-08-28 08:49:50,885 [pool-27-thread-1] INFO  server.RaftServerConfigKeys (ConfUtils.java:logGet(43)) - raft.server.rpc.timeout.max = 5200ms (custom)
2019-08-28 08:49:50,885 [pool-27-thread-1] INFO  server.RaftServerConfigKeys (ConfUtils.java:logGet(43)) - raft.server.rpcslowness.timeout = 120s (custom)
2019-08-28 08:49:50,886 [pool-27-thread-1] INFO  server.RaftServerConfigKeys (ConfUtils.java:logGet(43)) - raft.server.sleep.deviation.threshold = 300 (default)
2019-08-28 08:49:50,887 [pool-27-thread-1] INFO  server.RaftServerConfigKeys (ConfUtils.java:logGet(43)) - raft.server.log.appender.install.snapshot.enabled = false (custom)
2019-08-28 08:49:50,895 [pool-27-thread-1] INFO  impl.RaftServerImpl (ServerState.java:<init>(105)) - ce00dee3-29f4-445c-9a8f-55d3d4c1540e:group-95E15947E351 ConfigurationManager, init=-1: [ce00dee3-29f4-445c-9a8f-55d3d4c1540e:192.168.157.218:37277], old=null, confs=<EMPTY_MAP>
2019-08-28 08:49:50,895 [pool-27-thread-1] INFO  server.RaftServerConfigKeys (ConfUtils.java:logGet(43)) - raft.server.storage.dir = [/workdir/hadoop-ozone/integration-test/target/test-dir/MiniOzoneClusterImpl-395dbea3-e1dd-495d-931d-a6326832166d/datanode-0/data/ratis] (custom)
2019-08-28 08:49:50,902 [pool-27-thread-1] INFO  storage.RaftStorageDirectory (RaftStorageDirectory.java:analyzeStorage(246)) - The storage directory /workdir/hadoop-ozone/integration-test/target/test-dir/MiniOzoneClusterImpl-395dbea3-e1dd-495d-931d-a6326832166d/datanode-0/data/ratis/5fcae7cc-d76e-4f05-b3ff-95e15947e351 does not exist. Creating ...
2019-08-28 08:49:50,919 [pool-27-thread-1] INFO  storage.RaftStorageDirectory (RaftStorageDirectory.java:tryLock(328)) - Lock on /workdir/hadoop-ozone/integration-test/target/test-dir/MiniOzoneClusterImpl-395dbea3-e1dd-495d-931d-a6326832166d/datanode-0/data/ratis/5fcae7cc-d76e-4f05-b3ff-95e15947e351/in_use.lock acquired by nodename 12513@pr-hdds-2030-d7qxb-2924120224
2019-08-28 08:49:50,933 [pool-27-thread-1] INFO  storage.RaftStorage (RaftStorage.java:format(72)) - Storage directory /workdir/hadoop-ozone/integration-test/target/test-dir/MiniOzoneClusterImpl-395dbea3-e1dd-495d-931d-a6326832166d/datanode-0/data/ratis/5fcae7cc-d76e-4f05-b3ff-95e15947e351 has been successfully formatted.
2019-08-28 08:49:50,935 [pool-27-thread-1] INFO  ratis.ContainerStateMachine (ContainerStateMachine.java:loadSnapshot(226)) - group-95E15947E351: The snapshot info is null. Setting the last applied indexto:(t:0, i:~)
2019-08-28 08:49:50,936 [pool-27-thread-1] INFO  server.RaftServerConfigKeys (ConfUtils.java:logGet(43)) - raft.server.leader.election.timeout = 120s (custom)
2019-08-28 08:49:50,938 [pool-27-thread-1] INFO  server.RaftServerConfigKeys (ConfUtils.java:logGet(43)) - raft.server.log.use.memory = false (default)
2019-08-28 08:49:50,943 [pool-27-thread-1] INFO  server.RaftServerConfigKeys (ConfUtils.java:logGet(43)) - raft.server.log.purge.gap = 1000000 (custom)
2019-08-28 08:49:50,943 [pool-27-thread-1] INFO  server.RaftServerConfigKeys (ConfUtils.java:logGet(43)) - raft.server.log.appender.buffer.byte-limit = 33554432 (custom)
2019-08-28 08:49:50,944 [pool-27-thread-1] INFO  server.RaftServerConfigKeys (ConfUtils.java:logGet(43)) - raft.server.log.segment.size.max = 1048576 (custom)
2019-08-28 08:49:50,948 [pool-27-thread-1] INFO  server.RaftServerConfigKeys (ConfUtils.java:logGet(43)) - raft.server.log.segment.cache.num.max = 2 (custom)
2019-08-28 08:49:50,953 [pool-27-thread-1] INFO  segmented.SegmentedRaftLogWorker (SegmentedRaftLogWorker.java:<init>(172)) - new ce00dee3-29f4-445c-9a8f-55d3d4c1540e-SegmentedRaftLogWorker:Storage Directory /workdir/hadoop-ozone/integration-test/target/test-dir/MiniOzoneClusterImpl-395dbea3-e1dd-495d-931d-a6326832166d/datanode-0/data/ratis/5fcae7cc-d76e-4f05-b3ff-95e15947e351 for RaftStorage:Storage Directory /workdir/hadoop-ozone/integration-test/target/test-dir/MiniOzoneClusterImpl-395dbea3-e1dd-495d-931d-a6326832166d/datanode-0/data/ratis/5fcae7cc-d76e-4f05-b3ff-95e15947e351
2019-08-28 08:49:50,968 [pool-27-thread-1] INFO  server.RaftServerConfigKeys (ConfUtils.java:logGet(43)) - raft.server.log.queue.byte-limit = 2147483647 (custom)
2019-08-28 08:49:50,969 [pool-27-thread-1] INFO  server.RaftServerConfigKeys (ConfUtils.java:logGet(43)) - raft.server.log.queue.element-limit = 1024 (custom)
2019-08-28 08:49:50,975 [pool-27-thread-1] INFO  server.RaftServerConfigKeys (ConfUtils.java:logGet(43)) - raft.server.log.segment.size.max = 1048576 (custom)
2019-08-28 08:49:50,976 [pool-27-thread-1] INFO  server.RaftServerConfigKeys (ConfUtils.java:logGet(43)) - raft.server.log.preallocated.size = 16384 (custom)
2019-08-28 08:49:50,976 [pool-27-thread-1] INFO  server.RaftServerConfigKeys (ConfUtils.java:logGet(43)) - raft.server.log.write.buffer.size = 33554432 (custom)
2019-08-28 08:49:50,977 [pool-27-thread-1] INFO  server.RaftServerConfigKeys (ConfUtils.java:logGet(43)) - raft.server.log.force.sync.num = 128 (default)
2019-08-28 08:49:50,978 [pool-27-thread-1] INFO  server.RaftServerConfigKeys (ConfUtils.java:logGet(43)) - raft.server.log.statemachine.data.sync = true (default)
2019-08-28 08:49:50,978 [pool-27-thread-1] INFO  server.RaftServerConfigKeys (ConfUtils.java:logGet(43)) - raft.server.log.statemachine.data.sync.timeout = 10s (default)
2019-08-28 08:49:50,979 [pool-27-thread-1] INFO  server.RaftServerConfigKeys (ConfUtils.java:logGet(43)) - raft.server.log.statemachine.data.sync.timeout.retry = -1 (default)
2019-08-28 08:49:50,990 [pool-27-thread-1] INFO  server.RaftServerConfigKeys (ConfUtils.java:logGet(43)) - raft.server.log.statemachine.data.caching.enabled = true (custom)
2019-08-28 08:49:50,996 [pool-27-thread-1] INFO  segmented.SegmentedRaftLogWorker (SegmentedRaftLogWorker.java:lambda$new$0(132)) - ce00dee3-29f4-445c-9a8f-55d3d4c1540e-SegmentedRaftLogWorker:Storage Directory /workdir/hadoop-ozone/integration-test/target/test-dir/MiniOzoneClusterImpl-395dbea3-e1dd-495d-931d-a6326832166d/datanode-0/data/ratis/5fcae7cc-d76e-4f05-b3ff-95e15947e351: flushIndex: setUnconditionally 0 -> -1
2019-08-28 08:49:51,002 [pool-27-thread-1] INFO  server.RaftServerConfigKeys (ConfUtils.java:logGet(43)) - raft.server.snapshot.auto.trigger.enabled = true (custom)
2019-08-28 08:49:51,004 [pool-27-thread-1] INFO  server.RaftServerConfigKeys (ConfUtils.java:logGet(43)) - raft.server.snapshot.auto.trigger.threshold = 10000 (custom)
2019-08-28 08:49:51,005 [pool-27-thread-1] INFO  server.RaftServerConfigKeys (ConfUtils.java:logGet(43)) - raft.server.retrycache.expirytime = 600000ms (custom)
2019-08-28 08:49:51,032 [pool-27-thread-1] INFO  impl.RaftServerImpl (RaftServerImpl.java:start(180)) - ce00dee3-29f4-445c-9a8f-55d3d4c1540e: start group-95E15947E351
2019-08-28 08:49:51,033 [pool-27-thread-1] INFO  impl.RaftServerImpl (RaftServerImpl.java:setRole(171)) - ce00dee3-29f4-445c-9a8f-55d3d4c1540e:group-95E15947E351 changes role from null to FOLLOWER at term 0 for startAsFollower
2019-08-28 08:49:51,035 [pool-27-thread-1] INFO  impl.RoleInfo (RoleInfo.java:updateAndGet(143)) - ce00dee3-29f4-445c-9a8f-55d3d4c1540e: start FollowerState
2019-08-28 08:49:51,037 [pool-27-thread-1] INFO  util.JmxRegister (JmxRegister.java:tryRegister(44)) - Successfully registered JMX Bean with object name Ratis:service=RaftServer,group=group-95E15947E351,id=ce00dee3-29f4-445c-9a8f-55d3d4c1540e
2019-08-28 08:49:51,046 [main] INFO  ozone.MiniOzoneClusterImpl (MiniOzoneClusterImpl.java:lambda$waitForClusterToBeReady$0(142)) - Waiting for cluster to be ready. Got 6 of 7 DN Heartbeats.
2019-08-28 08:49:51,052 [IPC Server handler 2 on 46701] INFO  net.NetworkTopology (NetworkTopologyImpl.java:add(110)) - Added a new node: /default-rack/8018ea23-1975-44ef-9f1f-31b69c574cd2
2019-08-28 08:49:51,053 [IPC Server handler 2 on 46701] INFO  node.SCMNodeManager (SCMNodeManager.java:register(273)) - Registered Data node : 8018ea23-1975-44ef-9f1f-31b69c574cd2{ip: 192.168.157.218, host: pr-hdds-2030-d7qxb-2924120224, networkLocation: /default-rack, certSerialId: null}
2019-08-28 08:49:51,053 | INFO  | SCMAudit | user=jenkins1000 | ip=192.168.157.218 | op=REGISTER {datanodeDetails=8018ea23-1975-44ef-9f1f-31b69c574cd2{ip: 192.168.157.218, host: pr-hdds-2030-d7qxb-2924120224, networkLocation: /default-rack, certSerialId: null}} | ret=SUCCESS |  
2019-08-28 08:49:51,097 [RatisPipelineUtilsThread] INFO  pipeline.PipelineStateManager (PipelineStateManager.java:addPipeline(56)) - Created pipeline Pipeline[ Id: 5fcae7cc-d76e-4f05-b3ff-95e15947e351, Nodes: ce00dee3-29f4-445c-9a8f-55d3d4c1540e{ip: 192.168.157.218, host: pr-hdds-2030-d7qxb-2924120224, networkLocation: /default-rack, certSerialId: null}, Type:RATIS, Factor:ONE, State:OPEN]
2019-08-28 08:49:51,122 [grpc-default-executor-0] INFO  impl.RaftServerProxy (RaftServerProxy.java:addNew(89)) - 8d95cd8f-538b-4f88-94f7-9f5988eeca28: addNew group-2461804F37D8:[8d95cd8f-538b-4f88-94f7-9f5988eeca28:192.168.157.218:43104] returns group-2461804F37D8:java.util.concurrent.CompletableFuture@6d5fca0e[Not completed]
2019-08-28 08:49:51,165 [pool-38-thread-1] INFO  impl.RaftServerImpl (RaftServerImpl.java:<init>(93)) - 8d95cd8f-538b-4f88-94f7-9f5988eeca28: new RaftServerImpl for group-2461804F37D8:[8d95cd8f-538b-4f88-94f7-9f5988eeca28:192.168.157.218:43104] with ContainerStateMachine:uninitialized
2019-08-28 08:49:51,166 [pool-38-thread-1] INFO  server.RaftServerConfigKeys (ConfUtils.java:logGet(43)) - raft.server.rpc.timeout.min = 5s (custom)
2019-08-28 08:49:51,166 [pool-38-thread-1] INFO  server.RaftServerConfigKeys (ConfUtils.java:logGet(43)) - raft.server.rpc.timeout.max = 5200ms (custom)
2019-08-28 08:49:51,166 [pool-38-thread-1] INFO  server.RaftServerConfigKeys (ConfUtils.java:logGet(43)) - raft.server.rpcslowness.timeout = 120s (custom)
2019-08-28 08:49:51,166 [pool-38-thread-1] INFO  server.RaftServerConfigKeys (ConfUtils.java:logGet(43)) - raft.server.sleep.deviation.threshold = 300 (default)
2019-08-28 08:49:51,167 [pool-38-thread-1] INFO  server.RaftServerConfigKeys (ConfUtils.java:logGet(43)) - raft.server.log.appender.install.snapshot.enabled = false (custom)
2019-08-28 08:49:51,167 [pool-38-thread-1] INFO  impl.RaftServerImpl (ServerState.java:<init>(105)) - 8d95cd8f-538b-4f88-94f7-9f5988eeca28:group-2461804F37D8 ConfigurationManager, init=-1: [8d95cd8f-538b-4f88-94f7-9f5988eeca28:192.168.157.218:43104], old=null, confs=<EMPTY_MAP>
2019-08-28 08:49:51,167 [pool-38-thread-1] INFO  server.RaftServerConfigKeys (ConfUtils.java:logGet(43)) - raft.server.storage.dir = [/workdir/hadoop-ozone/integration-test/target/test-dir/MiniOzoneClusterImpl-395dbea3-e1dd-495d-931d-a6326832166d/datanode-1/data/ratis] (custom)
2019-08-28 08:49:51,167 [pool-38-thread-1] INFO  storage.RaftStorageDirectory (RaftStorageDirectory.java:analyzeStorage(246)) - The storage directory /workdir/hadoop-ozone/integration-test/target/test-dir/MiniOzoneClusterImpl-395dbea3-e1dd-495d-931d-a6326832166d/datanode-1/data/ratis/ad1b7110-7fad-4952-8501-2461804f37d8 does not exist. Creating ...
2019-08-28 08:49:51,181 [pool-38-thread-1] INFO  storage.RaftStorageDirectory (RaftStorageDirectory.java:tryLock(328)) - Lock on /workdir/hadoop-ozone/integration-test/target/test-dir/MiniOzoneClusterImpl-395dbea3-e1dd-495d-931d-a6326832166d/datanode-1/data/ratis/ad1b7110-7fad-4952-8501-2461804f37d8/in_use.lock acquired by nodename 12513@pr-hdds-2030-d7qxb-2924120224
2019-08-28 08:49:51,194 [pool-38-thread-1] INFO  storage.RaftStorage (RaftStorage.java:format(72)) - Storage directory /workdir/hadoop-ozone/integration-test/target/test-dir/MiniOzoneClusterImpl-395dbea3-e1dd-495d-931d-a6326832166d/datanode-1/data/ratis/ad1b7110-7fad-4952-8501-2461804f37d8 has been successfully formatted.
2019-08-28 08:49:51,195 [pool-38-thread-1] INFO  ratis.ContainerStateMachine (ContainerStateMachine.java:loadSnapshot(226)) - group-2461804F37D8: The snapshot info is null. Setting the last applied indexto:(t:0, i:~)
2019-08-28 08:49:51,196 [pool-38-thread-1] INFO  server.RaftServerConfigKeys (ConfUtils.java:logGet(43)) - raft.server.leader.election.timeout = 120s (custom)
2019-08-28 08:49:51,196 [pool-38-thread-1] INFO  server.RaftServerConfigKeys (ConfUtils.java:logGet(43)) - raft.server.log.use.memory = false (default)
2019-08-28 08:49:51,197 [pool-38-thread-1] INFO  server.RaftServerConfigKeys (ConfUtils.java:logGet(43)) - raft.server.log.purge.gap = 1000000 (custom)
2019-08-28 08:49:51,197 [pool-38-thread-1] INFO  server.RaftServerConfigKeys (ConfUtils.java:logGet(43)) - raft.server.log.appender.buffer.byte-limit = 33554432 (custom)
2019-08-28 08:49:51,197 [pool-38-thread-1] INFO  server.RaftServerConfigKeys (ConfUtils.java:logGet(43)) - raft.server.log.segment.size.max = 1048576 (custom)
2019-08-28 08:49:51,197 [pool-38-thread-1] INFO  server.RaftServerConfigKeys (ConfUtils.java:logGet(43)) - raft.server.log.segment.cache.num.max = 2 (custom)
2019-08-28 08:49:51,197 [pool-38-thread-1] INFO  segmented.SegmentedRaftLogWorker (SegmentedRaftLogWorker.java:<init>(172)) - new 8d95cd8f-538b-4f88-94f7-9f5988eeca28-SegmentedRaftLogWorker:Storage Directory /workdir/hadoop-ozone/integration-test/target/test-dir/MiniOzoneClusterImpl-395dbea3-e1dd-495d-931d-a6326832166d/datanode-1/data/ratis/ad1b7110-7fad-4952-8501-2461804f37d8 for RaftStorage:Storage Directory /workdir/hadoop-ozone/integration-test/target/test-dir/MiniOzoneClusterImpl-395dbea3-e1dd-495d-931d-a6326832166d/datanode-1/data/ratis/ad1b7110-7fad-4952-8501-2461804f37d8
2019-08-28 08:49:51,199 [pool-38-thread-1] INFO  server.RaftServerConfigKeys (ConfUtils.java:logGet(43)) - raft.server.log.queue.byte-limit = 2147483647 (custom)
2019-08-28 08:49:51,199 [pool-38-thread-1] INFO  server.RaftServerConfigKeys (ConfUtils.java:logGet(43)) - raft.server.log.queue.element-limit = 1024 (custom)
2019-08-28 08:49:51,199 [pool-38-thread-1] INFO  server.RaftServerConfigKeys (ConfUtils.java:logGet(43)) - raft.server.log.segment.size.max = 1048576 (custom)
2019-08-28 08:49:51,199 [pool-38-thread-1] INFO  server.RaftServerConfigKeys (ConfUtils.java:logGet(43)) - raft.server.log.preallocated.size = 16384 (custom)
2019-08-28 08:49:51,199 [pool-38-thread-1] INFO  server.RaftServerConfigKeys (ConfUtils.java:logGet(43)) - raft.server.log.write.buffer.size = 33554432 (custom)
2019-08-28 08:49:51,200 [pool-38-thread-1] INFO  server.RaftServerConfigKeys (ConfUtils.java:logGet(43)) - raft.server.log.force.sync.num = 128 (default)
2019-08-28 08:49:51,200 [pool-38-thread-1] INFO  server.RaftServerConfigKeys (ConfUtils.java:logGet(43)) - raft.server.log.statemachine.data.sync = true (default)
2019-08-28 08:49:51,200 [pool-38-thread-1] INFO  server.RaftServerConfigKeys (ConfUtils.java:logGet(43)) - raft.server.log.statemachine.data.sync.timeout = 10s (default)
2019-08-28 08:49:51,200 [pool-38-thread-1] INFO  server.RaftServerConfigKeys (ConfUtils.java:logGet(43)) - raft.server.log.statemachine.data.sync.timeout.retry = -1 (default)
2019-08-28 08:49:51,200 [pool-38-thread-1] INFO  server.RaftServerConfigKeys (ConfUtils.java:logGet(43)) - raft.server.log.statemachine.data.caching.enabled = true (custom)
2019-08-28 08:49:51,201 [pool-38-thread-1] INFO  segmented.SegmentedRaftLogWorker (SegmentedRaftLogWorker.java:lambda$new$0(132)) - 8d95cd8f-538b-4f88-94f7-9f5988eeca28-SegmentedRaftLogWorker:Storage Directory /workdir/hadoop-ozone/integration-test/target/test-dir/MiniOzoneClusterImpl-395dbea3-e1dd-495d-931d-a6326832166d/datanode-1/data/ratis/ad1b7110-7fad-4952-8501-2461804f37d8: flushIndex: setUnconditionally 0 -> -1
2019-08-28 08:49:51,201 [pool-38-thread-1] INFO  server.RaftServerConfigKeys (ConfUtils.java:logGet(43)) - raft.server.snapshot.auto.trigger.enabled = true (custom)
2019-08-28 08:49:51,201 [pool-38-thread-1] INFO  server.RaftServerConfigKeys (ConfUtils.java:logGet(43)) - raft.server.snapshot.auto.trigger.threshold = 10000 (custom)
2019-08-28 08:49:51,201 [pool-38-thread-1] INFO  server.RaftServerConfigKeys (ConfUtils.java:logGet(43)) - raft.server.retrycache.expirytime = 600000ms (custom)
2019-08-28 08:49:51,202 [pool-38-thread-1] INFO  impl.RaftServerImpl (RaftServerImpl.java:start(180)) - 8d95cd8f-538b-4f88-94f7-9f5988eeca28: start group-2461804F37D8
2019-08-28 08:49:51,202 [pool-38-thread-1] INFO  impl.RaftServerImpl (RaftServerImpl.java:setRole(171)) - 8d95cd8f-538b-4f88-94f7-9f5988eeca28:group-2461804F37D8 changes role from null to FOLLOWER at term 0 for startAsFollower
2019-08-28 08:49:51,202 [pool-38-thread-1] INFO  impl.RoleInfo (RoleInfo.java:updateAndGet(143)) - 8d95cd8f-538b-4f88-94f7-9f5988eeca28: start FollowerState
2019-08-28 08:49:51,203 [pool-38-thread-1] INFO  util.JmxRegister (JmxRegister.java:tryRegister(44)) - Successfully registered JMX Bean with object name Ratis:service=RaftServer,group=group-2461804F37D8,id=8d95cd8f-538b-4f88-94f7-9f5988eeca28
2019-08-28 08:49:51,215 [RatisPipelineUtilsThread] INFO  pipeline.PipelineStateManager (PipelineStateManager.java:addPipeline(56)) - Created pipeline Pipeline[ Id: ad1b7110-7fad-4952-8501-2461804f37d8, Nodes: 8d95cd8f-538b-4f88-94f7-9f5988eeca28{ip: 192.168.157.218, host: pr-hdds-2030-d7qxb-2924120224, networkLocation: /default-rack, certSerialId: null}, Type:RATIS, Factor:ONE, State:OPEN]
2019-08-28 08:49:51,240 [grpc-default-executor-0] INFO  impl.RaftServerProxy (RaftServerProxy.java:addNew(89)) - f7e2cea5-86b6-454a-9d62-19068d8c24b2: addNew group-556185D966E3:[f7e2cea5-86b6-454a-9d62-19068d8c24b2:192.168.157.218:34707] returns group-556185D966E3:java.util.concurrent.CompletableFuture@24bfc63c[Not completed]
2019-08-28 08:49:51,253 [pool-49-thread-1] INFO  impl.RaftServerImpl (RaftServerImpl.java:<init>(93)) - f7e2cea5-86b6-454a-9d62-19068d8c24b2: new RaftServerImpl for group-556185D966E3:[f7e2cea5-86b6-454a-9d62-19068d8c24b2:192.168.157.218:34707] with ContainerStateMachine:uninitialized
2019-08-28 08:49:51,253 [pool-49-thread-1] INFO  server.RaftServerConfigKeys (ConfUtils.java:logGet(43)) - raft.server.rpc.timeout.min = 5s (custom)
2019-08-28 08:49:51,253 [pool-49-thread-1] INFO  server.RaftServerConfigKeys (ConfUtils.java:logGet(43)) - raft.server.rpc.timeout.max = 5200ms (custom)
2019-08-28 08:49:51,254 [pool-49-thread-1] INFO  server.RaftServerConfigKeys (ConfUtils.java:logGet(43)) - raft.server.rpcslowness.timeout = 120s (custom)
2019-08-28 08:49:51,254 [pool-49-thread-1] INFO  server.RaftServerConfigKeys (ConfUtils.java:logGet(43)) - raft.server.sleep.deviation.threshold = 300 (default)
2019-08-28 08:49:51,254 [pool-49-thread-1] INFO  server.RaftServerConfigKeys (ConfUtils.java:logGet(43)) - raft.server.log.appender.install.snapshot.enabled = false (custom)
2019-08-28 08:49:51,254 [pool-49-thread-1] INFO  impl.RaftServerImpl (ServerState.java:<init>(105)) - f7e2cea5-86b6-454a-9d62-19068d8c24b2:group-556185D966E3 ConfigurationManager, init=-1: [f7e2cea5-86b6-454a-9d62-19068d8c24b2:192.168.157.218:34707], old=null, confs=<EMPTY_MAP>
2019-08-28 08:49:51,254 [pool-49-thread-1] INFO  server.RaftServerConfigKeys (ConfUtils.java:logGet(43)) - raft.server.storage.dir = [/workdir/hadoop-ozone/integration-test/target/test-dir/MiniOzoneClusterImpl-395dbea3-e1dd-495d-931d-a6326832166d/datanode-2/data/ratis] (custom)
2019-08-28 08:49:51,255 [pool-49-thread-1] INFO  storage.RaftStorageDirectory (RaftStorageDirectory.java:analyzeStorage(246)) - The storage directory /workdir/hadoop-ozone/integration-test/target/test-dir/MiniOzoneClusterImpl-395dbea3-e1dd-495d-931d-a6326832166d/datanode-2/data/ratis/f093006e-e39a-4f44-8c85-556185d966e3 does not exist. Creating ...
2019-08-28 08:49:51,269 [pool-49-thread-1] INFO  storage.RaftStorageDirectory (RaftStorageDirectory.java:tryLock(328)) - Lock on /workdir/hadoop-ozone/integration-test/target/test-dir/MiniOzoneClusterImpl-395dbea3-e1dd-495d-931d-a6326832166d/datanode-2/data/ratis/f093006e-e39a-4f44-8c85-556185d966e3/in_use.lock acquired by nodename 12513@pr-hdds-2030-d7qxb-2924120224
2019-08-28 08:49:51,282 [pool-49-thread-1] INFO  storage.RaftStorage (RaftStorage.java:format(72)) - Storage directory /workdir/hadoop-ozone/integration-test/target/test-dir/MiniOzoneClusterImpl-395dbea3-e1dd-495d-931d-a6326832166d/datanode-2/data/ratis/f093006e-e39a-4f44-8c85-556185d966e3 has been successfully formatted.
2019-08-28 08:49:51,282 [pool-49-thread-1] INFO  ratis.ContainerStateMachine (ContainerStateMachine.java:loadSnapshot(226)) - group-556185D966E3: The snapshot info is null. Setting the last applied indexto:(t:0, i:~)
2019-08-28 08:49:51,282 [pool-49-thread-1] INFO  server.RaftServerConfigKeys (ConfUtils.java:logGet(43)) - raft.server.leader.election.timeout = 120s (custom)
2019-08-28 08:49:51,282 [pool-49-thread-1] INFO  server.RaftServerConfigKeys (ConfUtils.java:logGet(43)) - raft.server.log.use.memory = false (default)
2019-08-28 08:49:51,282 [pool-49-thread-1] INFO  server.RaftServerConfigKeys (ConfUtils.java:logGet(43)) - raft.server.log.purge.gap = 1000000 (custom)
2019-08-28 08:49:51,283 [pool-49-thread-1] INFO  server.RaftServerConfigKeys (ConfUtils.java:logGet(43)) - raft.server.log.appender.buffer.byte-limit = 33554432 (custom)
2019-08-28 08:49:51,283 [pool-49-thread-1] INFO  server.RaftServerConfigKeys (ConfUtils.java:logGet(43)) - raft.server.log.segment.size.max = 1048576 (custom)
2019-08-28 08:49:51,283 [pool-49-thread-1] INFO  server.RaftServerConfigKeys (ConfUtils.java:logGet(43)) - raft.server.log.segment.cache.num.max = 2 (custom)
2019-08-28 08:49:51,283 [pool-49-thread-1] INFO  segmented.SegmentedRaftLogWorker (SegmentedRaftLogWorker.java:<init>(172)) - new f7e2cea5-86b6-454a-9d62-19068d8c24b2-SegmentedRaftLogWorker:Storage Directory /workdir/hadoop-ozone/integration-test/target/test-dir/MiniOzoneClusterImpl-395dbea3-e1dd-495d-931d-a6326832166d/datanode-2/data/ratis/f093006e-e39a-4f44-8c85-556185d966e3 for RaftStorage:Storage Directory /workdir/hadoop-ozone/integration-test/target/test-dir/MiniOzoneClusterImpl-395dbea3-e1dd-495d-931d-a6326832166d/datanode-2/data/ratis/f093006e-e39a-4f44-8c85-556185d966e3
2019-08-28 08:49:51,283 [pool-49-thread-1] INFO  server.RaftServerConfigKeys (ConfUtils.java:logGet(43)) - raft.server.log.queue.byte-limit = 2147483647 (custom)
2019-08-28 08:49:51,283 [pool-49-thread-1] INFO  server.RaftServerConfigKeys (ConfUtils.java:logGet(43)) - raft.server.log.queue.element-limit = 1024 (custom)
2019-08-28 08:49:51,284 [pool-49-thread-1] INFO  server.RaftServerConfigKeys (ConfUtils.java:logGet(43)) - raft.server.log.segment.size.max = 1048576 (custom)
2019-08-28 08:49:51,284 [pool-49-thread-1] INFO  server.RaftServerConfigKeys (ConfUtils.java:logGet(43)) - raft.server.log.preallocated.size = 16384 (custom)
2019-08-28 08:49:51,284 [pool-49-thread-1] INFO  server.RaftServerConfigKeys (ConfUtils.java:logGet(43)) - raft.server.log.write.buffer.size = 33554432 (custom)
2019-08-28 08:49:51,284 [pool-49-thread-1] INFO  server.RaftServerConfigKeys (ConfUtils.java:logGet(43)) - raft.server.log.force.sync.num = 128 (default)
2019-08-28 08:49:51,284 [pool-49-thread-1] INFO  server.RaftServerConfigKeys (ConfUtils.java:logGet(43)) - raft.server.log.statemachine.data.sync = true (default)
2019-08-28 08:49:51,284 [pool-49-thread-1] INFO  server.RaftServerConfigKeys (ConfUtils.java:logGet(43)) - raft.server.log.statemachine.data.sync.timeout = 10s (default)
2019-08-28 08:49:51,284 [pool-49-thread-1] INFO  server.RaftServerConfigKeys (ConfUtils.java:logGet(43)) - raft.server.log.statemachine.data.sync.timeout.retry = -1 (default)
2019-08-28 08:49:51,285 [pool-49-thread-1] INFO  server.RaftServerConfigKeys (ConfUtils.java:logGet(43)) - raft.server.log.statemachine.data.caching.enabled = true (custom)
2019-08-28 08:49:51,285 [pool-49-thread-1] INFO  segmented.SegmentedRaftLogWorker (SegmentedRaftLogWorker.java:lambda$new$0(132)) - f7e2cea5-86b6-454a-9d62-19068d8c24b2-SegmentedRaftLogWorker:Storage Directory /workdir/hadoop-ozone/integration-test/target/test-dir/MiniOzoneClusterImpl-395dbea3-e1dd-495d-931d-a6326832166d/datanode-2/data/ratis/f093006e-e39a-4f44-8c85-556185d966e3: flushIndex: setUnconditionally 0 -> -1
2019-08-28 08:49:51,285 [pool-49-thread-1] INFO  server.RaftServerConfigKeys (ConfUtils.java:logGet(43)) - raft.server.snapshot.auto.trigger.enabled = true (custom)
2019-08-28 08:49:51,285 [pool-49-thread-1] INFO  server.RaftServerConfigKeys (ConfUtils.java:logGet(43)) - raft.server.snapshot.auto.trigger.threshold = 10000 (custom)
2019-08-28 08:49:51,286 [pool-49-thread-1] INFO  server.RaftServerConfigKeys (ConfUtils.java:logGet(43)) - raft.server.retrycache.expirytime = 600000ms (custom)
2019-08-28 08:49:51,286 [pool-49-thread-1] INFO  impl.RaftServerImpl (RaftServerImpl.java:start(180)) - f7e2cea5-86b6-454a-9d62-19068d8c24b2: start group-556185D966E3
2019-08-28 08:49:51,286 [pool-49-thread-1] INFO  impl.RaftServerImpl (RaftServerImpl.java:setRole(171)) - f7e2cea5-86b6-454a-9d62-19068d8c24b2:group-556185D966E3 changes role from null to FOLLOWER at term 0 for startAsFollower
2019-08-28 08:49:51,286 [pool-49-thread-1] INFO  impl.RoleInfo (RoleInfo.java:updateAndGet(143)) - f7e2cea5-86b6-454a-9d62-19068d8c24b2: start FollowerState
2019-08-28 08:49:51,286 [pool-49-thread-1] INFO  util.JmxRegister (JmxRegister.java:tryRegister(44)) - Successfully registered JMX Bean with object name Ratis:service=RaftServer,group=group-556185D966E3,id=f7e2cea5-86b6-454a-9d62-19068d8c24b2
2019-08-28 08:49:51,297 [RatisPipelineUtilsThread] INFO  pipeline.PipelineStateManager (PipelineStateManager.java:addPipeline(56)) - Created pipeline Pipeline[ Id: f093006e-e39a-4f44-8c85-556185d966e3, Nodes: f7e2cea5-86b6-454a-9d62-19068d8c24b2{ip: 192.168.157.218, host: pr-hdds-2030-d7qxb-2924120224, networkLocation: /default-rack, certSerialId: null}, Type:RATIS, Factor:ONE, State:OPEN]
2019-08-28 08:49:51,318 [grpc-default-executor-0] INFO  impl.RaftServerProxy (RaftServerProxy.java:addNew(89)) - 78486bf4-f68f-4b9a-8dac-63fb21880691: addNew group-0D2A0DC74ABF:[78486bf4-f68f-4b9a-8dac-63fb21880691:192.168.157.218:38501] returns group-0D2A0DC74ABF:java.util.concurrent.CompletableFuture@3e41503f[Not completed]
2019-08-28 08:49:51,322 [pool-82-thread-1] INFO  impl.RaftServerImpl (RaftServerImpl.java:<init>(93)) - 78486bf4-f68f-4b9a-8dac-63fb21880691: new RaftServerImpl for group-0D2A0DC74ABF:[78486bf4-f68f-4b9a-8dac-63fb21880691:192.168.157.218:38501] with ContainerStateMachine:uninitialized
2019-08-28 08:49:51,323 [pool-82-thread-1] INFO  server.RaftServerConfigKeys (ConfUtils.java:logGet(43)) - raft.server.rpc.timeout.min = 5s (custom)
2019-08-28 08:49:51,323 [pool-82-thread-1] INFO  server.RaftServerConfigKeys (ConfUtils.java:logGet(43)) - raft.server.rpc.timeout.max = 5200ms (custom)
2019-08-28 08:49:51,323 [pool-82-thread-1] INFO  server.RaftServerConfigKeys (ConfUtils.java:logGet(43)) - raft.server.rpcslowness.timeout = 120s (custom)
2019-08-28 08:49:51,323 [pool-82-thread-1] INFO  server.RaftServerConfigKeys (ConfUtils.java:logGet(43)) - raft.server.sleep.deviation.threshold = 300 (default)
2019-08-28 08:49:51,323 [pool-82-thread-1] INFO  server.RaftServerConfigKeys (ConfUtils.java:logGet(43)) - raft.server.log.appender.install.snapshot.enabled = false (custom)
2019-08-28 08:49:51,323 [pool-82-thread-1] INFO  impl.RaftServerImpl (ServerState.java:<init>(105)) - 78486bf4-f68f-4b9a-8dac-63fb21880691:group-0D2A0DC74ABF ConfigurationManager, init=-1: [78486bf4-f68f-4b9a-8dac-63fb21880691:192.168.157.218:38501], old=null, confs=<EMPTY_MAP>
2019-08-28 08:49:51,324 [pool-82-thread-1] INFO  server.RaftServerConfigKeys (ConfUtils.java:logGet(43)) - raft.server.storage.dir = [/workdir/hadoop-ozone/integration-test/target/test-dir/MiniOzoneClusterImpl-395dbea3-e1dd-495d-931d-a6326832166d/datanode-5/data/ratis] (custom)
2019-08-28 08:49:51,324 [pool-82-thread-1] INFO  storage.RaftStorageDirectory (RaftStorageDirectory.java:analyzeStorage(246)) - The storage directory /workdir/hadoop-ozone/integration-test/target/test-dir/MiniOzoneClusterImpl-395dbea3-e1dd-495d-931d-a6326832166d/datanode-5/data/ratis/2bf969b2-7c19-4910-8df1-0d2a0dc74abf does not exist. Creating ...
2019-08-28 08:49:51,338 [pool-82-thread-1] INFO  storage.RaftStorageDirectory (RaftStorageDirectory.java:tryLock(328)) - Lock on /workdir/hadoop-ozone/integration-test/target/test-dir/MiniOzoneClusterImpl-395dbea3-e1dd-495d-931d-a6326832166d/datanode-5/data/ratis/2bf969b2-7c19-4910-8df1-0d2a0dc74abf/in_use.lock acquired by nodename 12513@pr-hdds-2030-d7qxb-2924120224
2019-08-28 08:49:51,351 [pool-82-thread-1] INFO  storage.RaftStorage (RaftStorage.java:format(72)) - Storage directory /workdir/hadoop-ozone/integration-test/target/test-dir/MiniOzoneClusterImpl-395dbea3-e1dd-495d-931d-a6326832166d/datanode-5/data/ratis/2bf969b2-7c19-4910-8df1-0d2a0dc74abf has been successfully formatted.
2019-08-28 08:49:51,351 [pool-82-thread-1] INFO  ratis.ContainerStateMachine (ContainerStateMachine.java:loadSnapshot(226)) - group-0D2A0DC74ABF: The snapshot info is null. Setting the last applied indexto:(t:0, i:~)
2019-08-28 08:49:51,351 [pool-82-thread-1] INFO  server.RaftServerConfigKeys (ConfUtils.java:logGet(43)) - raft.server.leader.election.timeout = 120s (custom)
2019-08-28 08:49:51,351 [pool-82-thread-1] INFO  server.RaftServerConfigKeys (ConfUtils.java:logGet(43)) - raft.server.log.use.memory = false (default)
2019-08-28 08:49:51,351 [pool-82-thread-1] INFO  server.RaftServerConfigKeys (ConfUtils.java:logGet(43)) - raft.server.log.purge.gap = 1000000 (custom)
2019-08-28 08:49:51,351 [pool-82-thread-1] INFO  server.RaftServerConfigKeys (ConfUtils.java:logGet(43)) - raft.server.log.appender.buffer.byte-limit = 33554432 (custom)
2019-08-28 08:49:51,352 [pool-82-thread-1] INFO  server.RaftServerConfigKeys (ConfUtils.java:logGet(43)) - raft.server.log.segment.size.max = 1048576 (custom)
2019-08-28 08:49:51,352 [pool-82-thread-1] INFO  server.RaftServerConfigKeys (ConfUtils.java:logGet(43)) - raft.server.log.segment.cache.num.max = 2 (custom)
2019-08-28 08:49:51,352 [pool-82-thread-1] INFO  segmented.SegmentedRaftLogWorker (SegmentedRaftLogWorker.java:<init>(172)) - new 78486bf4-f68f-4b9a-8dac-63fb21880691-SegmentedRaftLogWorker:Storage Directory /workdir/hadoop-ozone/integration-test/target/test-dir/MiniOzoneClusterImpl-395dbea3-e1dd-495d-931d-a6326832166d/datanode-5/data/ratis/2bf969b2-7c19-4910-8df1-0d2a0dc74abf for RaftStorage:Storage Directory /workdir/hadoop-ozone/integration-test/target/test-dir/MiniOzoneClusterImpl-395dbea3-e1dd-495d-931d-a6326832166d/datanode-5/data/ratis/2bf969b2-7c19-4910-8df1-0d2a0dc74abf
2019-08-28 08:49:51,352 [pool-82-thread-1] INFO  server.RaftServerConfigKeys (ConfUtils.java:logGet(43)) - raft.server.log.queue.byte-limit = 2147483647 (custom)
2019-08-28 08:49:51,352 [pool-82-thread-1] INFO  server.RaftServerConfigKeys (ConfUtils.java:logGet(43)) - raft.server.log.queue.element-limit = 1024 (custom)
2019-08-28 08:49:51,352 [pool-82-thread-1] INFO  server.RaftServerConfigKeys (ConfUtils.java:logGet(43)) - raft.server.log.segment.size.max = 1048576 (custom)
2019-08-28 08:49:51,353 [pool-82-thread-1] INFO  server.RaftServerConfigKeys (ConfUtils.java:logGet(43)) - raft.server.log.preallocated.size = 16384 (custom)
2019-08-28 08:49:51,353 [pool-82-thread-1] INFO  server.RaftServerConfigKeys (ConfUtils.java:logGet(43)) - raft.server.log.write.buffer.size = 33554432 (custom)
2019-08-28 08:49:51,353 [pool-82-thread-1] INFO  server.RaftServerConfigKeys (ConfUtils.java:logGet(43)) - raft.server.log.force.sync.num = 128 (default)
2019-08-28 08:49:51,353 [pool-82-thread-1] INFO  server.RaftServerConfigKeys (ConfUtils.java:logGet(43)) - raft.server.log.statemachine.data.sync = true (default)
2019-08-28 08:49:51,353 [pool-82-thread-1] INFO  server.RaftServerConfigKeys (ConfUtils.java:logGet(43)) - raft.server.log.statemachine.data.sync.timeout = 10s (default)
2019-08-28 08:49:51,353 [pool-82-thread-1] INFO  server.RaftServerConfigKeys (ConfUtils.java:logGet(43)) - raft.server.log.statemachine.data.sync.timeout.retry = -1 (default)
2019-08-28 08:49:51,354 [pool-82-thread-1] INFO  server.RaftServerConfigKeys (ConfUtils.java:logGet(43)) - raft.server.log.statemachine.data.caching.enabled = true (custom)
2019-08-28 08:49:51,354 [pool-82-thread-1] INFO  segmented.SegmentedRaftLogWorker (SegmentedRaftLogWorker.java:lambda$new$0(132)) - 78486bf4-f68f-4b9a-8dac-63fb21880691-SegmentedRaftLogWorker:Storage Directory /workdir/hadoop-ozone/integration-test/target/test-dir/MiniOzoneClusterImpl-395dbea3-e1dd-495d-931d-a6326832166d/datanode-5/data/ratis/2bf969b2-7c19-4910-8df1-0d2a0dc74abf: flushIndex: setUnconditionally 0 -> -1
2019-08-28 08:49:51,354 [pool-82-thread-1] INFO  server.RaftServerConfigKeys (ConfUtils.java:logGet(43)) - raft.server.snapshot.auto.trigger.enabled = true (custom)
2019-08-28 08:49:51,354 [pool-82-thread-1] INFO  server.RaftServerConfigKeys (ConfUtils.java:logGet(43)) - raft.server.snapshot.auto.trigger.threshold = 10000 (custom)
2019-08-28 08:49:51,355 [pool-82-thread-1] INFO  server.RaftServerConfigKeys (ConfUtils.java:logGet(43)) - raft.server.retrycache.expirytime = 600000ms (custom)
2019-08-28 08:49:51,355 [pool-82-thread-1] INFO  impl.RaftServerImpl (RaftServerImpl.java:start(180)) - 78486bf4-f68f-4b9a-8dac-63fb21880691: start group-0D2A0DC74ABF
2019-08-28 08:49:51,355 [pool-82-thread-1] INFO  impl.RaftServerImpl (RaftServerImpl.java:setRole(171)) - 78486bf4-f68f-4b9a-8dac-63fb21880691:group-0D2A0DC74ABF changes role from null to FOLLOWER at term 0 for startAsFollower
2019-08-28 08:49:51,355 [pool-82-thread-1] INFO  impl.RoleInfo (RoleInfo.java:updateAndGet(143)) - 78486bf4-f68f-4b9a-8dac-63fb21880691: start FollowerState
2019-08-28 08:49:51,355 [pool-82-thread-1] INFO  util.JmxRegister (JmxRegister.java:tryRegister(44)) - Successfully registered JMX Bean with object name Ratis:service=RaftServer,group=group-0D2A0DC74ABF,id=78486bf4-f68f-4b9a-8dac-63fb21880691
2019-08-28 08:49:51,369 [RatisPipelineUtilsThread] INFO  pipeline.PipelineStateManager (PipelineStateManager.java:addPipeline(56)) - Created pipeline Pipeline[ Id: 2bf969b2-7c19-4910-8df1-0d2a0dc74abf, Nodes: 78486bf4-f68f-4b9a-8dac-63fb21880691{ip: 192.168.157.218, host: pr-hdds-2030-d7qxb-2924120224, networkLocation: /default-rack, certSerialId: null}, Type:RATIS, Factor:ONE, State:OPEN]
2019-08-28 08:49:51,394 [grpc-default-executor-0] INFO  impl.RaftServerProxy (RaftServerProxy.java:addNew(89)) - d6cf014b-20b5-44c2-a63d-b3683dd2f34e: addNew group-3CE355958EA6:[d6cf014b-20b5-44c2-a63d-b3683dd2f34e:192.168.157.218:34709] returns group-3CE355958EA6:java.util.concurrent.CompletableFuture@1e14cd00[Not completed]
2019-08-28 08:49:51,399 [pool-60-thread-1] INFO  impl.RaftServerImpl (RaftServerImpl.java:<init>(93)) - d6cf014b-20b5-44c2-a63d-b3683dd2f34e: new RaftServerImpl for group-3CE355958EA6:[d6cf014b-20b5-44c2-a63d-b3683dd2f34e:192.168.157.218:34709] with ContainerStateMachine:uninitialized
2019-08-28 08:49:51,399 [pool-60-thread-1] INFO  server.RaftServerConfigKeys (ConfUtils.java:logGet(43)) - raft.server.rpc.timeout.min = 5s (custom)
2019-08-28 08:49:51,399 [pool-60-thread-1] INFO  server.RaftServerConfigKeys (ConfUtils.java:logGet(43)) - raft.server.rpc.timeout.max = 5200ms (custom)
2019-08-28 08:49:51,399 [pool-60-thread-1] INFO  server.RaftServerConfigKeys (ConfUtils.java:logGet(43)) - raft.server.rpcslowness.timeout = 120s (custom)
2019-08-28 08:49:51,399 [pool-60-thread-1] INFO  server.RaftServerConfigKeys (ConfUtils.java:logGet(43)) - raft.server.sleep.deviation.threshold = 300 (default)
2019-08-28 08:49:51,399 [pool-60-thread-1] INFO  server.RaftServerConfigKeys (ConfUtils.java:logGet(43)) - raft.server.log.appender.install.snapshot.enabled = false (custom)
2019-08-28 08:49:51,400 [pool-60-thread-1] INFO  impl.RaftServerImpl (ServerState.java:<init>(105)) - d6cf014b-20b5-44c2-a63d-b3683dd2f34e:group-3CE355958EA6 ConfigurationManager, init=-1: [d6cf014b-20b5-44c2-a63d-b3683dd2f34e:192.168.157.218:34709], old=null, confs=<EMPTY_MAP>
2019-08-28 08:49:51,400 [pool-60-thread-1] INFO  server.RaftServerConfigKeys (ConfUtils.java:logGet(43)) - raft.server.storage.dir = [/workdir/hadoop-ozone/integration-test/target/test-dir/MiniOzoneClusterImpl-395dbea3-e1dd-495d-931d-a6326832166d/datanode-3/data/ratis] (custom)
2019-08-28 08:49:51,400 [pool-60-thread-1] INFO  storage.RaftStorageDirectory (RaftStorageDirectory.java:analyzeStorage(246)) - The storage directory /workdir/hadoop-ozone/integration-test/target/test-dir/MiniOzoneClusterImpl-395dbea3-e1dd-495d-931d-a6326832166d/datanode-3/data/ratis/9529a309-d033-4d44-ae9b-3ce355958ea6 does not exist. Creating ...
2019-08-28 08:49:51,413 [pool-60-thread-1] INFO  storage.RaftStorageDirectory (RaftStorageDirectory.java:tryLock(328)) - Lock on /workdir/hadoop-ozone/integration-test/target/test-dir/MiniOzoneClusterImpl-395dbea3-e1dd-495d-931d-a6326832166d/datanode-3/data/ratis/9529a309-d033-4d44-ae9b-3ce355958ea6/in_use.lock acquired by nodename 12513@pr-hdds-2030-d7qxb-2924120224
2019-08-28 08:49:51,425 [pool-60-thread-1] INFO  storage.RaftStorage (RaftStorage.java:format(72)) - Storage directory /workdir/hadoop-ozone/integration-test/target/test-dir/MiniOzoneClusterImpl-395dbea3-e1dd-495d-931d-a6326832166d/datanode-3/data/ratis/9529a309-d033-4d44-ae9b-3ce355958ea6 has been successfully formatted.
2019-08-28 08:49:51,426 [pool-60-thread-1] INFO  ratis.ContainerStateMachine (ContainerStateMachine.java:loadSnapshot(226)) - group-3CE355958EA6: The snapshot info is null. Setting the last applied indexto:(t:0, i:~)
2019-08-28 08:49:51,426 [pool-60-thread-1] INFO  server.RaftServerConfigKeys (ConfUtils.java:logGet(43)) - raft.server.leader.election.timeout = 120s (custom)
2019-08-28 08:49:51,426 [pool-60-thread-1] INFO  server.RaftServerConfigKeys (ConfUtils.java:logGet(43)) - raft.server.log.use.memory = false (default)
2019-08-28 08:49:51,426 [pool-60-thread-1] INFO  server.RaftServerConfigKeys (ConfUtils.java:logGet(43)) - raft.server.log.purge.gap = 1000000 (custom)
2019-08-28 08:49:51,426 [pool-60-thread-1] INFO  server.RaftServerConfigKeys (ConfUtils.java:logGet(43)) - raft.server.log.appender.buffer.byte-limit = 33554432 (custom)
2019-08-28 08:49:51,426 [pool-60-thread-1] INFO  server.RaftServerConfigKeys (ConfUtils.java:logGet(43)) - raft.server.log.segment.size.max = 1048576 (custom)
2019-08-28 08:49:51,426 [pool-60-thread-1] INFO  server.RaftServerConfigKeys (ConfUtils.java:logGet(43)) - raft.server.log.segment.cache.num.max = 2 (custom)
2019-08-28 08:49:51,427 [pool-60-thread-1] INFO  segmented.SegmentedRaftLogWorker (SegmentedRaftLogWorker.java:<init>(172)) - new d6cf014b-20b5-44c2-a63d-b3683dd2f34e-SegmentedRaftLogWorker:Storage Directory /workdir/hadoop-ozone/integration-test/target/test-dir/MiniOzoneClusterImpl-395dbea3-e1dd-495d-931d-a6326832166d/datanode-3/data/ratis/9529a309-d033-4d44-ae9b-3ce355958ea6 for RaftStorage:Storage Directory /workdir/hadoop-ozone/integration-test/target/test-dir/MiniOzoneClusterImpl-395dbea3-e1dd-495d-931d-a6326832166d/datanode-3/data/ratis/9529a309-d033-4d44-ae9b-3ce355958ea6
2019-08-28 08:49:51,427 [pool-60-thread-1] INFO  server.RaftServerConfigKeys (ConfUtils.java:logGet(43)) - raft.server.log.queue.byte-limit = 2147483647 (custom)
2019-08-28 08:49:51,427 [pool-60-thread-1] INFO  server.RaftServerConfigKeys (ConfUtils.java:logGet(43)) - raft.server.log.queue.element-limit = 1024 (custom)
2019-08-28 08:49:51,427 [pool-60-thread-1] INFO  server.RaftServerConfigKeys (ConfUtils.java:logGet(43)) - raft.server.log.segment.size.max = 1048576 (custom)
2019-08-28 08:49:51,427 [pool-60-thread-1] INFO  server.RaftServerConfigKeys (ConfUtils.java:logGet(43)) - raft.server.log.preallocated.size = 16384 (custom)
2019-08-28 08:49:51,427 [pool-60-thread-1] INFO  server.RaftServerConfigKeys (ConfUtils.java:logGet(43)) - raft.server.log.write.buffer.size = 33554432 (custom)
2019-08-28 08:49:51,427 [pool-60-thread-1] INFO  server.RaftServerConfigKeys (ConfUtils.java:logGet(43)) - raft.server.log.force.sync.num = 128 (default)
2019-08-28 08:49:51,428 [pool-60-thread-1] INFO  server.RaftServerConfigKeys (ConfUtils.java:logGet(43)) - raft.server.log.statemachine.data.sync = true (default)
2019-08-28 08:49:51,428 [pool-60-thread-1] INFO  server.RaftServerConfigKeys (ConfUtils.java:logGet(43)) - raft.server.log.statemachine.data.sync.timeout = 10s (default)
2019-08-28 08:49:51,428 [pool-60-thread-1] INFO  server.RaftServerConfigKeys (ConfUtils.java:logGet(43)) - raft.server.log.statemachine.data.sync.timeout.retry = -1 (default)
2019-08-28 08:49:51,428 [pool-60-thread-1] INFO  server.RaftServerConfigKeys (ConfUtils.java:logGet(43)) - raft.server.log.statemachine.data.caching.enabled = true (custom)
2019-08-28 08:49:51,428 [pool-60-thread-1] INFO  segmented.SegmentedRaftLogWorker (SegmentedRaftLogWorker.java:lambda$new$0(132)) - d6cf014b-20b5-44c2-a63d-b3683dd2f34e-SegmentedRaftLogWorker:Storage Directory /workdir/hadoop-ozone/integration-test/target/test-dir/MiniOzoneClusterImpl-395dbea3-e1dd-495d-931d-a6326832166d/datanode-3/data/ratis/9529a309-d033-4d44-ae9b-3ce355958ea6: flushIndex: setUnconditionally 0 -> -1
2019-08-28 08:49:51,429 [pool-60-thread-1] INFO  server.RaftServerConfigKeys (ConfUtils.java:logGet(43)) - raft.server.snapshot.auto.trigger.enabled = true (custom)
2019-08-28 08:49:51,429 [pool-60-thread-1] INFO  server.RaftServerConfigKeys (ConfUtils.java:logGet(43)) - raft.server.snapshot.auto.trigger.threshold = 10000 (custom)
2019-08-28 08:49:51,429 [pool-60-thread-1] INFO  server.RaftServerConfigKeys (ConfUtils.java:logGet(43)) - raft.server.retrycache.expirytime = 600000ms (custom)
2019-08-28 08:49:51,429 [pool-60-thread-1] INFO  impl.RaftServerImpl (RaftServerImpl.java:start(180)) - d6cf014b-20b5-44c2-a63d-b3683dd2f34e: start group-3CE355958EA6
2019-08-28 08:49:51,429 [pool-60-thread-1] INFO  impl.RaftServerImpl (RaftServerImpl.java:setRole(171)) - d6cf014b-20b5-44c2-a63d-b3683dd2f34e:group-3CE355958EA6 changes role from null to FOLLOWER at term 0 for startAsFollower
2019-08-28 08:49:51,430 [pool-60-thread-1] INFO  impl.RoleInfo (RoleInfo.java:updateAndGet(143)) - d6cf014b-20b5-44c2-a63d-b3683dd2f34e: start FollowerState
2019-08-28 08:49:51,430 [pool-60-thread-1] INFO  util.JmxRegister (JmxRegister.java:tryRegister(44)) - Successfully registered JMX Bean with object name Ratis:service=RaftServer,group=group-3CE355958EA6,id=d6cf014b-20b5-44c2-a63d-b3683dd2f34e
2019-08-28 08:49:51,445 [RatisPipelineUtilsThread] INFO  pipeline.PipelineStateManager (PipelineStateManager.java:addPipeline(56)) - Created pipeline Pipeline[ Id: 9529a309-d033-4d44-ae9b-3ce355958ea6, Nodes: d6cf014b-20b5-44c2-a63d-b3683dd2f34e{ip: 192.168.157.218, host: pr-hdds-2030-d7qxb-2924120224, networkLocation: /default-rack, certSerialId: null}, Type:RATIS, Factor:ONE, State:OPEN]
2019-08-28 08:49:51,472 [grpc-default-executor-0] INFO  impl.RaftServerProxy (RaftServerProxy.java:addNew(89)) - 45b9b205-b7f2-4538-986a-1da8d027ad58: addNew group-8F60518E5BA8:[45b9b205-b7f2-4538-986a-1da8d027ad58:192.168.157.218:45280] returns group-8F60518E5BA8:java.util.concurrent.CompletableFuture@3e8340ab[Not completed]
2019-08-28 08:49:51,476 [pool-71-thread-1] INFO  impl.RaftServerImpl (RaftServerImpl.java:<init>(93)) - 45b9b205-b7f2-4538-986a-1da8d027ad58: new RaftServerImpl for group-8F60518E5BA8:[45b9b205-b7f2-4538-986a-1da8d027ad58:192.168.157.218:45280] with ContainerStateMachine:uninitialized
2019-08-28 08:49:51,476 [pool-71-thread-1] INFO  server.RaftServerConfigKeys (ConfUtils.java:logGet(43)) - raft.server.rpc.timeout.min = 5s (custom)
2019-08-28 08:49:51,476 [pool-71-thread-1] INFO  server.RaftServerConfigKeys (ConfUtils.java:logGet(43)) - raft.server.rpc.timeout.max = 5200ms (custom)
2019-08-28 08:49:51,477 [pool-71-thread-1] INFO  server.RaftServerConfigKeys (ConfUtils.java:logGet(43)) - raft.server.rpcslowness.timeout = 120s (custom)
2019-08-28 08:49:51,477 [pool-71-thread-1] INFO  server.RaftServerConfigKeys (ConfUtils.java:logGet(43)) - raft.server.sleep.deviation.threshold = 300 (default)
2019-08-28 08:49:51,477 [pool-71-thread-1] INFO  server.RaftServerConfigKeys (ConfUtils.java:logGet(43)) - raft.server.log.appender.install.snapshot.enabled = false (custom)
2019-08-28 08:49:51,477 [pool-71-thread-1] INFO  impl.RaftServerImpl (ServerState.java:<init>(105)) - 45b9b205-b7f2-4538-986a-1da8d027ad58:group-8F60518E5BA8 ConfigurationManager, init=-1: [45b9b205-b7f2-4538-986a-1da8d027ad58:192.168.157.218:45280], old=null, confs=<EMPTY_MAP>
2019-08-28 08:49:51,477 [pool-71-thread-1] INFO  server.RaftServerConfigKeys (ConfUtils.java:logGet(43)) - raft.server.storage.dir = [/workdir/hadoop-ozone/integration-test/target/test-dir/MiniOzoneClusterImpl-395dbea3-e1dd-495d-931d-a6326832166d/datanode-4/data/ratis] (custom)
2019-08-28 08:49:51,477 [pool-71-thread-1] INFO  storage.RaftStorageDirectory (RaftStorageDirectory.java:analyzeStorage(246)) - The storage directory /workdir/hadoop-ozone/integration-test/target/test-dir/MiniOzoneClusterImpl-395dbea3-e1dd-495d-931d-a6326832166d/datanode-4/data/ratis/42fbf50d-beba-49c5-944d-8f60518e5ba8 does not exist. Creating ...
2019-08-28 08:49:51,492 [pool-71-thread-1] INFO  storage.RaftStorageDirectory (RaftStorageDirectory.java:tryLock(328)) - Lock on /workdir/hadoop-ozone/integration-test/target/test-dir/MiniOzoneClusterImpl-395dbea3-e1dd-495d-931d-a6326832166d/datanode-4/data/ratis/42fbf50d-beba-49c5-944d-8f60518e5ba8/in_use.lock acquired by nodename 12513@pr-hdds-2030-d7qxb-2924120224
2019-08-28 08:49:51,504 [pool-71-thread-1] INFO  storage.RaftStorage (RaftStorage.java:format(72)) - Storage directory /workdir/hadoop-ozone/integration-test/target/test-dir/MiniOzoneClusterImpl-395dbea3-e1dd-495d-931d-a6326832166d/datanode-4/data/ratis/42fbf50d-beba-49c5-944d-8f60518e5ba8 has been successfully formatted.
2019-08-28 08:49:51,504 [pool-71-thread-1] INFO  ratis.ContainerStateMachine (ContainerStateMachine.java:loadSnapshot(226)) - group-8F60518E5BA8: The snapshot info is null. Setting the last applied indexto:(t:0, i:~)
2019-08-28 08:49:51,504 [pool-71-thread-1] INFO  server.RaftServerConfigKeys (ConfUtils.java:logGet(43)) - raft.server.leader.election.timeout = 120s (custom)
2019-08-28 08:49:51,504 [pool-71-thread-1] INFO  server.RaftServerConfigKeys (ConfUtils.java:logGet(43)) - raft.server.log.use.memory = false (default)
2019-08-28 08:49:51,504 [pool-71-thread-1] INFO  server.RaftServerConfigKeys (ConfUtils.java:logGet(43)) - raft.server.log.purge.gap = 1000000 (custom)
2019-08-28 08:49:51,505 [pool-71-thread-1] INFO  server.RaftServerConfigKeys (ConfUtils.java:logGet(43)) - raft.server.log.appender.buffer.byte-limit = 33554432 (custom)
2019-08-28 08:49:51,505 [pool-71-thread-1] INFO  server.RaftServerConfigKeys (ConfUtils.java:logGet(43)) - raft.server.log.segment.size.max = 1048576 (custom)
2019-08-28 08:49:51,505 [pool-71-thread-1] INFO  server.RaftServerConfigKeys (ConfUtils.java:logGet(43)) - raft.server.log.segment.cache.num.max = 2 (custom)
2019-08-28 08:49:51,505 [pool-71-thread-1] INFO  segmented.SegmentedRaftLogWorker (SegmentedRaftLogWorker.java:<init>(172)) - new 45b9b205-b7f2-4538-986a-1da8d027ad58-SegmentedRaftLogWorker:Storage Directory /workdir/hadoop-ozone/integration-test/target/test-dir/MiniOzoneClusterImpl-395dbea3-e1dd-495d-931d-a6326832166d/datanode-4/data/ratis/42fbf50d-beba-49c5-944d-8f60518e5ba8 for RaftStorage:Storage Directory /workdir/hadoop-ozone/integration-test/target/test-dir/MiniOzoneClusterImpl-395dbea3-e1dd-495d-931d-a6326832166d/datanode-4/data/ratis/42fbf50d-beba-49c5-944d-8f60518e5ba8
2019-08-28 08:49:51,505 [pool-71-thread-1] INFO  server.RaftServerConfigKeys (ConfUtils.java:logGet(43)) - raft.server.log.queue.byte-limit = 2147483647 (custom)
2019-08-28 08:49:51,505 [pool-71-thread-1] INFO  server.RaftServerConfigKeys (ConfUtils.java:logGet(43)) - raft.server.log.queue.element-limit = 1024 (custom)
2019-08-28 08:49:51,506 [pool-71-thread-1] INFO  server.RaftServerConfigKeys (ConfUtils.java:logGet(43)) - raft.server.log.segment.size.max = 1048576 (custom)
2019-08-28 08:49:51,506 [pool-71-thread-1] INFO  server.RaftServerConfigKeys (ConfUtils.java:logGet(43)) - raft.server.log.preallocated.size = 16384 (custom)
2019-08-28 08:49:51,506 [pool-71-thread-1] INFO  server.RaftServerConfigKeys (ConfUtils.java:logGet(43)) - raft.server.log.write.buffer.size = 33554432 (custom)
2019-08-28 08:49:51,506 [pool-71-thread-1] INFO  server.RaftServerConfigKeys (ConfUtils.java:logGet(43)) - raft.server.log.force.sync.num = 128 (default)
2019-08-28 08:49:51,506 [pool-71-thread-1] INFO  server.RaftServerConfigKeys (ConfUtils.java:logGet(43)) - raft.server.log.statemachine.data.sync = true (default)
2019-08-28 08:49:51,506 [pool-71-thread-1] INFO  server.RaftServerConfigKeys (ConfUtils.java:logGet(43)) - raft.server.log.statemachine.data.sync.timeout = 10s (default)
2019-08-28 08:49:51,506 [pool-71-thread-1] INFO  server.RaftServerConfigKeys (ConfUtils.java:logGet(43)) - raft.server.log.statemachine.data.sync.timeout.retry = -1 (default)
2019-08-28 08:49:51,507 [pool-71-thread-1] INFO  server.RaftServerConfigKeys (ConfUtils.java:logGet(43)) - raft.server.log.statemachine.data.caching.enabled = true (custom)
2019-08-28 08:49:51,507 [pool-71-thread-1] INFO  segmented.SegmentedRaftLogWorker (SegmentedRaftLogWorker.java:lambda$new$0(132)) - 45b9b205-b7f2-4538-986a-1da8d027ad58-SegmentedRaftLogWorker:Storage Directory /workdir/hadoop-ozone/integration-test/target/test-dir/MiniOzoneClusterImpl-395dbea3-e1dd-495d-931d-a6326832166d/datanode-4/data/ratis/42fbf50d-beba-49c5-944d-8f60518e5ba8: flushIndex: setUnconditionally 0 -> -1
2019-08-28 08:49:51,507 [pool-71-thread-1] INFO  server.RaftServerConfigKeys (ConfUtils.java:logGet(43)) - raft.server.snapshot.auto.trigger.enabled = true (custom)
2019-08-28 08:49:51,507 [pool-71-thread-1] INFO  server.RaftServerConfigKeys (ConfUtils.java:logGet(43)) - raft.server.snapshot.auto.trigger.threshold = 10000 (custom)
2019-08-28 08:49:51,507 [pool-71-thread-1] INFO  server.RaftServerConfigKeys (ConfUtils.java:logGet(43)) - raft.server.retrycache.expirytime = 600000ms (custom)
2019-08-28 08:49:51,508 [pool-71-thread-1] INFO  impl.RaftServerImpl (RaftServerImpl.java:start(180)) - 45b9b205-b7f2-4538-986a-1da8d027ad58: start group-8F60518E5BA8
2019-08-28 08:49:51,508 [pool-71-thread-1] INFO  impl.RaftServerImpl (RaftServerImpl.java:setRole(171)) - 45b9b205-b7f2-4538-986a-1da8d027ad58:group-8F60518E5BA8 changes role from null to FOLLOWER at term 0 for startAsFollower
2019-08-28 08:49:51,508 [pool-71-thread-1] INFO  impl.RoleInfo (RoleInfo.java:updateAndGet(143)) - 45b9b205-b7f2-4538-986a-1da8d027ad58: start FollowerState
2019-08-28 08:49:51,508 [pool-71-thread-1] INFO  util.JmxRegister (JmxRegister.java:tryRegister(44)) - Successfully registered JMX Bean with object name Ratis:service=RaftServer,group=group-8F60518E5BA8,id=45b9b205-b7f2-4538-986a-1da8d027ad58
2019-08-28 08:49:51,521 [RatisPipelineUtilsThread] INFO  pipeline.PipelineStateManager (PipelineStateManager.java:addPipeline(56)) - Created pipeline Pipeline[ Id: 42fbf50d-beba-49c5-944d-8f60518e5ba8, Nodes: 45b9b205-b7f2-4538-986a-1da8d027ad58{ip: 192.168.157.218, host: pr-hdds-2030-d7qxb-2924120224, networkLocation: /default-rack, certSerialId: null}, Type:RATIS, Factor:ONE, State:OPEN]
2019-08-28 08:49:51,542 [grpc-default-executor-0] INFO  impl.RaftServerProxy (RaftServerProxy.java:addNew(89)) - 8018ea23-1975-44ef-9f1f-31b69c574cd2: addNew group-54789691EB6B:[8018ea23-1975-44ef-9f1f-31b69c574cd2:192.168.157.218:45170] returns group-54789691EB6B:java.util.concurrent.CompletableFuture@42e3cbb7[Not completed]
2019-08-28 08:49:51,547 [pool-93-thread-1] INFO  impl.RaftServerImpl (RaftServerImpl.java:<init>(93)) - 8018ea23-1975-44ef-9f1f-31b69c574cd2: new RaftServerImpl for group-54789691EB6B:[8018ea23-1975-44ef-9f1f-31b69c574cd2:192.168.157.218:45170] with ContainerStateMachine:uninitialized
2019-08-28 08:49:51,547 [pool-93-thread-1] INFO  server.RaftServerConfigKeys (ConfUtils.java:logGet(43)) - raft.server.rpc.timeout.min = 5s (custom)
2019-08-28 08:49:51,547 [pool-93-thread-1] INFO  server.RaftServerConfigKeys (ConfUtils.java:logGet(43)) - raft.server.rpc.timeout.max = 5200ms (custom)
2019-08-28 08:49:51,547 [pool-93-thread-1] INFO  server.RaftServerConfigKeys (ConfUtils.java:logGet(43)) - raft.server.rpcslowness.timeout = 120s (custom)
2019-08-28 08:49:51,547 [pool-93-thread-1] INFO  server.RaftServerConfigKeys (ConfUtils.java:logGet(43)) - raft.server.sleep.deviation.threshold = 300 (default)
2019-08-28 08:49:51,547 [pool-93-thread-1] INFO  server.RaftServerConfigKeys (ConfUtils.java:logGet(43)) - raft.server.log.appender.install.snapshot.enabled = false (custom)
2019-08-28 08:49:51,547 [pool-93-thread-1] INFO  impl.RaftServerImpl (ServerState.java:<init>(105)) - 8018ea23-1975-44ef-9f1f-31b69c574cd2:group-54789691EB6B ConfigurationManager, init=-1: [8018ea23-1975-44ef-9f1f-31b69c574cd2:192.168.157.218:45170], old=null, confs=<EMPTY_MAP>
2019-08-28 08:49:51,548 [pool-93-thread-1] INFO  server.RaftServerConfigKeys (ConfUtils.java:logGet(43)) - raft.server.storage.dir = [/workdir/hadoop-ozone/integration-test/target/test-dir/MiniOzoneClusterImpl-395dbea3-e1dd-495d-931d-a6326832166d/datanode-6/data/ratis] (custom)
2019-08-28 08:49:51,548 [pool-93-thread-1] INFO  storage.RaftStorageDirectory (RaftStorageDirectory.java:analyzeStorage(246)) - The storage directory /workdir/hadoop-ozone/integration-test/target/test-dir/MiniOzoneClusterImpl-395dbea3-e1dd-495d-931d-a6326832166d/datanode-6/data/ratis/983a02ca-0beb-4be8-9a5a-54789691eb6b does not exist. Creating ...
2019-08-28 08:49:51,569 [pool-93-thread-1] INFO  storage.RaftStorageDirectory (RaftStorageDirectory.java:tryLock(328)) - Lock on /workdir/hadoop-ozone/integration-test/target/test-dir/MiniOzoneClusterImpl-395dbea3-e1dd-495d-931d-a6326832166d/datanode-6/data/ratis/983a02ca-0beb-4be8-9a5a-54789691eb6b/in_use.lock acquired by nodename 12513@pr-hdds-2030-d7qxb-2924120224
2019-08-28 08:49:51,581 [pool-93-thread-1] INFO  storage.RaftStorage (RaftStorage.java:format(72)) - Storage directory /workdir/hadoop-ozone/integration-test/target/test-dir/MiniOzoneClusterImpl-395dbea3-e1dd-495d-931d-a6326832166d/datanode-6/data/ratis/983a02ca-0beb-4be8-9a5a-54789691eb6b has been successfully formatted.
2019-08-28 08:49:51,582 [pool-93-thread-1] INFO  ratis.ContainerStateMachine (ContainerStateMachine.java:loadSnapshot(226)) - group-54789691EB6B: The snapshot info is null. Setting the last applied indexto:(t:0, i:~)
2019-08-28 08:49:51,582 [pool-93-thread-1] INFO  server.RaftServerConfigKeys (ConfUtils.java:logGet(43)) - raft.server.leader.election.timeout = 120s (custom)
2019-08-28 08:49:51,582 [pool-93-thread-1] INFO  server.RaftServerConfigKeys (ConfUtils.java:logGet(43)) - raft.server.log.use.memory = false (default)
2019-08-28 08:49:51,582 [pool-93-thread-1] INFO  server.RaftServerConfigKeys (ConfUtils.java:logGet(43)) - raft.server.log.purge.gap = 1000000 (custom)
2019-08-28 08:49:51,582 [pool-93-thread-1] INFO  server.RaftServerConfigKeys (ConfUtils.java:logGet(43)) - raft.server.log.appender.buffer.byte-limit = 33554432 (custom)
2019-08-28 08:49:51,582 [pool-93-thread-1] INFO  server.RaftServerConfigKeys (ConfUtils.java:logGet(43)) - raft.server.log.segment.size.max = 1048576 (custom)
2019-08-28 08:49:51,582 [pool-93-thread-1] INFO  server.RaftServerConfigKeys (ConfUtils.java:logGet(43)) - raft.server.log.segment.cache.num.max = 2 (custom)
2019-08-28 08:49:51,582 [pool-93-thread-1] INFO  segmented.SegmentedRaftLogWorker (SegmentedRaftLogWorker.java:<init>(172)) - new 8018ea23-1975-44ef-9f1f-31b69c574cd2-SegmentedRaftLogWorker:Storage Directory /workdir/hadoop-ozone/integration-test/target/test-dir/MiniOzoneClusterImpl-395dbea3-e1dd-495d-931d-a6326832166d/datanode-6/data/ratis/983a02ca-0beb-4be8-9a5a-54789691eb6b for RaftStorage:Storage Directory /workdir/hadoop-ozone/integration-test/target/test-dir/MiniOzoneClusterImpl-395dbea3-e1dd-495d-931d-a6326832166d/datanode-6/data/ratis/983a02ca-0beb-4be8-9a5a-54789691eb6b
2019-08-28 08:49:51,583 [pool-93-thread-1] INFO  server.RaftServerConfigKeys (ConfUtils.java:logGet(43)) - raft.server.log.queue.byte-limit = 2147483647 (custom)
2019-08-28 08:49:51,583 [pool-93-thread-1] INFO  server.RaftServerConfigKeys (ConfUtils.java:logGet(43)) - raft.server.log.queue.element-limit = 1024 (custom)
2019-08-28 08:49:51,583 [pool-93-thread-1] INFO  server.RaftServerConfigKeys (ConfUtils.java:logGet(43)) - raft.server.log.segment.size.max = 1048576 (custom)
2019-08-28 08:49:51,583 [pool-93-thread-1] INFO  server.RaftServerConfigKeys (ConfUtils.java:logGet(43)) - raft.server.log.preallocated.size = 16384 (custom)
2019-08-28 08:49:51,583 [pool-93-thread-1] INFO  server.RaftServerConfigKeys (ConfUtils.java:logGet(43)) - raft.server.log.write.buffer.size = 33554432 (custom)
2019-08-28 08:49:51,583 [pool-93-thread-1] INFO  server.RaftServerConfigKeys (ConfUtils.java:logGet(43)) - raft.server.log.force.sync.num = 128 (default)
2019-08-28 08:49:51,583 [pool-93-thread-1] INFO  server.RaftServerConfigKeys (ConfUtils.java:logGet(43)) - raft.server.log.statemachine.data.sync = true (default)
2019-08-28 08:49:51,584 [pool-93-thread-1] INFO  server.RaftServerConfigKeys (ConfUtils.java:logGet(43)) - raft.server.log.statemachine.data.sync.timeout = 10s (default)
2019-08-28 08:49:51,584 [pool-93-thread-1] INFO  server.RaftServerConfigKeys (ConfUtils.java:logGet(43)) - raft.server.log.statemachine.data.sync.timeout.retry = -1 (default)
2019-08-28 08:49:51,584 [pool-93-thread-1] INFO  server.RaftServerConfigKeys (ConfUtils.java:logGet(43)) - raft.server.log.statemachine.data.caching.enabled = true (custom)
2019-08-28 08:49:51,584 [pool-93-thread-1] INFO  segmented.SegmentedRaftLogWorker (SegmentedRaftLogWorker.java:lambda$new$0(132)) - 8018ea23-1975-44ef-9f1f-31b69c574cd2-SegmentedRaftLogWorker:Storage Directory /workdir/hadoop-ozone/integration-test/target/test-dir/MiniOzoneClusterImpl-395dbea3-e1dd-495d-931d-a6326832166d/datanode-6/data/ratis/983a02ca-0beb-4be8-9a5a-54789691eb6b: flushIndex: setUnconditionally 0 -> -1
2019-08-28 08:49:51,584 [pool-93-thread-1] INFO  server.RaftServerConfigKeys (ConfUtils.java:logGet(43)) - raft.server.snapshot.auto.trigger.enabled = true (custom)
2019-08-28 08:49:51,585 [pool-93-thread-1] INFO  server.RaftServerConfigKeys (ConfUtils.java:logGet(43)) - raft.server.snapshot.auto.trigger.threshold = 10000 (custom)
2019-08-28 08:49:51,585 [pool-93-thread-1] INFO  server.RaftServerConfigKeys (ConfUtils.java:logGet(43)) - raft.server.retrycache.expirytime = 600000ms (custom)
2019-08-28 08:49:51,585 [pool-93-thread-1] INFO  impl.RaftServerImpl (RaftServerImpl.java:start(180)) - 8018ea23-1975-44ef-9f1f-31b69c574cd2: start group-54789691EB6B
2019-08-28 08:49:51,585 [pool-93-thread-1] INFO  impl.RaftServerImpl (RaftServerImpl.java:setRole(171)) - 8018ea23-1975-44ef-9f1f-31b69c574cd2:group-54789691EB6B changes role from null to FOLLOWER at term 0 for startAsFollower
2019-08-28 08:49:51,585 [pool-93-thread-1] INFO  impl.RoleInfo (RoleInfo.java:updateAndGet(143)) - 8018ea23-1975-44ef-9f1f-31b69c574cd2: start FollowerState
2019-08-28 08:49:51,586 [pool-93-thread-1] INFO  util.JmxRegister (JmxRegister.java:tryRegister(44)) - Successfully registered JMX Bean with object name Ratis:service=RaftServer,group=group-54789691EB6B,id=8018ea23-1975-44ef-9f1f-31b69c574cd2
2019-08-28 08:49:51,613 [RatisPipelineUtilsThread] INFO  pipeline.PipelineStateManager (PipelineStateManager.java:addPipeline(56)) - Created pipeline Pipeline[ Id: 983a02ca-0beb-4be8-9a5a-54789691eb6b, Nodes: 8018ea23-1975-44ef-9f1f-31b69c574cd2{ip: 192.168.157.218, host: pr-hdds-2030-d7qxb-2924120224, networkLocation: /default-rack, certSerialId: null}, Type:RATIS, Factor:ONE, State:OPEN]
2019-08-28 08:49:51,651 [grpc-default-executor-2] INFO  impl.RaftServerProxy (RaftServerProxy.java:addNew(89)) - 8d95cd8f-538b-4f88-94f7-9f5988eeca28: addNew group-7B255049C374:[f7e2cea5-86b6-454a-9d62-19068d8c24b2:192.168.157.218:34707, 78486bf4-f68f-4b9a-8dac-63fb21880691:192.168.157.218:38501, 8d95cd8f-538b-4f88-94f7-9f5988eeca28:192.168.157.218:43104] returns group-7B255049C374:java.util.concurrent.CompletableFuture@7f0ca928[Not completed]
2019-08-28 08:49:51,653 [grpc-default-executor-1] INFO  impl.RaftServerProxy (RaftServerProxy.java:addNew(89)) - f7e2cea5-86b6-454a-9d62-19068d8c24b2: addNew group-7B255049C374:[f7e2cea5-86b6-454a-9d62-19068d8c24b2:192.168.157.218:34707, 78486bf4-f68f-4b9a-8dac-63fb21880691:192.168.157.218:38501, 8d95cd8f-538b-4f88-94f7-9f5988eeca28:192.168.157.218:43104] returns group-7B255049C374:java.util.concurrent.CompletableFuture@5b3bc777[Not completed]
2019-08-28 08:49:51,654 [grpc-default-executor-2] INFO  impl.RaftServerProxy (RaftServerProxy.java:addNew(89)) - 78486bf4-f68f-4b9a-8dac-63fb21880691: addNew group-7B255049C374:[f7e2cea5-86b6-454a-9d62-19068d8c24b2:192.168.157.218:34707, 78486bf4-f68f-4b9a-8dac-63fb21880691:192.168.157.218:38501, 8d95cd8f-538b-4f88-94f7-9f5988eeca28:192.168.157.218:43104] returns group-7B255049C374:java.util.concurrent.CompletableFuture@3a0e38ad[Not completed]
2019-08-28 08:49:51,655 [pool-38-thread-1] INFO  impl.RaftServerImpl (RaftServerImpl.java:<init>(93)) - 8d95cd8f-538b-4f88-94f7-9f5988eeca28: new RaftServerImpl for group-7B255049C374:[f7e2cea5-86b6-454a-9d62-19068d8c24b2:192.168.157.218:34707, 78486bf4-f68f-4b9a-8dac-63fb21880691:192.168.157.218:38501, 8d95cd8f-538b-4f88-94f7-9f5988eeca28:192.168.157.218:43104] with ContainerStateMachine:uninitialized
2019-08-28 08:49:51,655 [pool-38-thread-1] INFO  server.RaftServerConfigKeys (ConfUtils.java:logGet(43)) - raft.server.rpc.timeout.min = 5s (custom)
2019-08-28 08:49:51,655 [pool-82-thread-1] INFO  impl.RaftServerImpl (RaftServerImpl.java:<init>(93)) - 78486bf4-f68f-4b9a-8dac-63fb21880691: new RaftServerImpl for group-7B255049C374:[f7e2cea5-86b6-454a-9d62-19068d8c24b2:192.168.157.218:34707, 78486bf4-f68f-4b9a-8dac-63fb21880691:192.168.157.218:38501, 8d95cd8f-538b-4f88-94f7-9f5988eeca28:192.168.157.218:43104] with ContainerStateMachine:uninitialized
2019-08-28 08:49:51,655 [pool-38-thread-1] INFO  server.RaftServerConfigKeys (ConfUtils.java:logGet(43)) - raft.server.rpc.timeout.max = 5200ms (custom)
2019-08-28 08:49:51,656 [pool-82-thread-1] INFO  server.RaftServerConfigKeys (ConfUtils.java:logGet(43)) - raft.server.rpc.timeout.min = 5s (custom)
2019-08-28 08:49:51,656 [pool-38-thread-1] INFO  server.RaftServerConfigKeys (ConfUtils.java:logGet(43)) - raft.server.rpcslowness.timeout = 120s (custom)
2019-08-28 08:49:51,656 [pool-82-thread-1] INFO  server.RaftServerConfigKeys (ConfUtils.java:logGet(43)) - raft.server.rpc.timeout.max = 5200ms (custom)
2019-08-28 08:49:51,656 [pool-38-thread-1] INFO  server.RaftServerConfigKeys (ConfUtils.java:logGet(43)) - raft.server.sleep.deviation.threshold = 300 (default)
2019-08-28 08:49:51,656 [pool-82-thread-1] INFO  server.RaftServerConfigKeys (ConfUtils.java:logGet(43)) - raft.server.rpcslowness.timeout = 120s (custom)
2019-08-28 08:49:51,656 [pool-49-thread-1] INFO  impl.RaftServerImpl (RaftServerImpl.java:<init>(93)) - f7e2cea5-86b6-454a-9d62-19068d8c24b2: new RaftServerImpl for group-7B255049C374:[f7e2cea5-86b6-454a-9d62-19068d8c24b2:192.168.157.218:34707, 78486bf4-f68f-4b9a-8dac-63fb21880691:192.168.157.218:38501, 8d95cd8f-538b-4f88-94f7-9f5988eeca28:192.168.157.218:43104] with ContainerStateMachine:uninitialized
2019-08-28 08:49:51,656 [pool-38-thread-1] INFO  server.RaftServerConfigKeys (ConfUtils.java:logGet(43)) - raft.server.log.appender.install.snapshot.enabled = false (custom)
2019-08-28 08:49:51,656 [pool-49-thread-1] INFO  server.RaftServerConfigKeys (ConfUtils.java:logGet(43)) - raft.server.rpc.timeout.min = 5s (custom)
2019-08-28 08:49:51,656 [pool-82-thread-1] INFO  server.RaftServerConfigKeys (ConfUtils.java:logGet(43)) - raft.server.sleep.deviation.threshold = 300 (default)
2019-08-28 08:49:51,657 [pool-49-thread-1] INFO  server.RaftServerConfigKeys (ConfUtils.java:logGet(43)) - raft.server.rpc.timeout.max = 5200ms (custom)
2019-08-28 08:49:51,656 [pool-38-thread-1] INFO  impl.RaftServerImpl (ServerState.java:<init>(105)) - 8d95cd8f-538b-4f88-94f7-9f5988eeca28:group-7B255049C374 ConfigurationManager, init=-1: [f7e2cea5-86b6-454a-9d62-19068d8c24b2:192.168.157.218:34707, 78486bf4-f68f-4b9a-8dac-63fb21880691:192.168.157.218:38501, 8d95cd8f-538b-4f88-94f7-9f5988eeca28:192.168.157.218:43104], old=null, confs=<EMPTY_MAP>
2019-08-28 08:49:51,657 [pool-49-thread-1] INFO  server.RaftServerConfigKeys (ConfUtils.java:logGet(43)) - raft.server.rpcslowness.timeout = 120s (custom)
2019-08-28 08:49:51,657 [pool-82-thread-1] INFO  server.RaftServerConfigKeys (ConfUtils.java:logGet(43)) - raft.server.log.appender.install.snapshot.enabled = false (custom)
2019-08-28 08:49:51,657 [pool-38-thread-1] INFO  server.RaftServerConfigKeys (ConfUtils.java:logGet(43)) - raft.server.storage.dir = [/workdir/hadoop-ozone/integration-test/target/test-dir/MiniOzoneClusterImpl-395dbea3-e1dd-495d-931d-a6326832166d/datanode-1/data/ratis] (custom)
2019-08-28 08:49:51,657 [pool-49-thread-1] INFO  server.RaftServerConfigKeys (ConfUtils.java:logGet(43)) - raft.server.sleep.deviation.threshold = 300 (default)
2019-08-28 08:49:51,657 [pool-82-thread-1] INFO  impl.RaftServerImpl (ServerState.java:<init>(105)) - 78486bf4-f68f-4b9a-8dac-63fb21880691:group-7B255049C374 ConfigurationManager, init=-1: [f7e2cea5-86b6-454a-9d62-19068d8c24b2:192.168.157.218:34707, 78486bf4-f68f-4b9a-8dac-63fb21880691:192.168.157.218:38501, 8d95cd8f-538b-4f88-94f7-9f5988eeca28:192.168.157.218:43104], old=null, confs=<EMPTY_MAP>
2019-08-28 08:49:51,657 [pool-49-thread-1] INFO  server.RaftServerConfigKeys (ConfUtils.java:logGet(43)) - raft.server.log.appender.install.snapshot.enabled = false (custom)
2019-08-28 08:49:51,658 [pool-82-thread-1] INFO  server.RaftServerConfigKeys (ConfUtils.java:logGet(43)) - raft.server.storage.dir = [/workdir/hadoop-ozone/integration-test/target/test-dir/MiniOzoneClusterImpl-395dbea3-e1dd-495d-931d-a6326832166d/datanode-5/data/ratis] (custom)
2019-08-28 08:49:51,658 [pool-38-thread-1] INFO  storage.RaftStorageDirectory (RaftStorageDirectory.java:analyzeStorage(246)) - The storage directory /workdir/hadoop-ozone/integration-test/target/test-dir/MiniOzoneClusterImpl-395dbea3-e1dd-495d-931d-a6326832166d/datanode-1/data/ratis/7a1cab0f-79bb-496f-a7aa-7b255049c374 does not exist. Creating ...
2019-08-28 08:49:51,658 [pool-82-thread-1] INFO  storage.RaftStorageDirectory (RaftStorageDirectory.java:analyzeStorage(246)) - The storage directory /workdir/hadoop-ozone/integration-test/target/test-dir/MiniOzoneClusterImpl-395dbea3-e1dd-495d-931d-a6326832166d/datanode-5/data/ratis/7a1cab0f-79bb-496f-a7aa-7b255049c374 does not exist. Creating ...
2019-08-28 08:49:51,658 [pool-49-thread-1] INFO  impl.RaftServerImpl (ServerState.java:<init>(105)) - f7e2cea5-86b6-454a-9d62-19068d8c24b2:group-7B255049C374 ConfigurationManager, init=-1: [f7e2cea5-86b6-454a-9d62-19068d8c24b2:192.168.157.218:34707, 78486bf4-f68f-4b9a-8dac-63fb21880691:192.168.157.218:38501, 8d95cd8f-538b-4f88-94f7-9f5988eeca28:192.168.157.218:43104], old=null, confs=<EMPTY_MAP>
2019-08-28 08:49:51,658 [pool-49-thread-1] INFO  server.RaftServerConfigKeys (ConfUtils.java:logGet(43)) - raft.server.storage.dir = [/workdir/hadoop-ozone/integration-test/target/test-dir/MiniOzoneClusterImpl-395dbea3-e1dd-495d-931d-a6326832166d/datanode-2/data/ratis] (custom)
2019-08-28 08:49:51,659 [pool-49-thread-1] INFO  storage.RaftStorageDirectory (RaftStorageDirectory.java:analyzeStorage(246)) - The storage directory /workdir/hadoop-ozone/integration-test/target/test-dir/MiniOzoneClusterImpl-395dbea3-e1dd-495d-931d-a6326832166d/datanode-2/data/ratis/7a1cab0f-79bb-496f-a7aa-7b255049c374 does not exist. Creating ...
2019-08-28 08:49:51,671 [pool-38-thread-1] INFO  storage.RaftStorageDirectory (RaftStorageDirectory.java:tryLock(328)) - Lock on /workdir/hadoop-ozone/integration-test/target/test-dir/MiniOzoneClusterImpl-395dbea3-e1dd-495d-931d-a6326832166d/datanode-1/data/ratis/7a1cab0f-79bb-496f-a7aa-7b255049c374/in_use.lock acquired by nodename 12513@pr-hdds-2030-d7qxb-2924120224
2019-08-28 08:49:51,671 [pool-82-thread-1] INFO  storage.RaftStorageDirectory (RaftStorageDirectory.java:tryLock(328)) - Lock on /workdir/hadoop-ozone/integration-test/target/test-dir/MiniOzoneClusterImpl-395dbea3-e1dd-495d-931d-a6326832166d/datanode-5/data/ratis/7a1cab0f-79bb-496f-a7aa-7b255049c374/in_use.lock acquired by nodename 12513@pr-hdds-2030-d7qxb-2924120224
2019-08-28 08:49:51,671 [pool-49-thread-1] INFO  storage.RaftStorageDirectory (RaftStorageDirectory.java:tryLock(328)) - Lock on /workdir/hadoop-ozone/integration-test/target/test-dir/MiniOzoneClusterImpl-395dbea3-e1dd-495d-931d-a6326832166d/datanode-2/data/ratis/7a1cab0f-79bb-496f-a7aa-7b255049c374/in_use.lock acquired by nodename 12513@pr-hdds-2030-d7qxb-2924120224
2019-08-28 08:49:51,696 [pool-82-thread-1] INFO  storage.RaftStorage (RaftStorage.java:format(72)) - Storage directory /workdir/hadoop-ozone/integration-test/target/test-dir/MiniOzoneClusterImpl-395dbea3-e1dd-495d-931d-a6326832166d/datanode-5/data/ratis/7a1cab0f-79bb-496f-a7aa-7b255049c374 has been successfully formatted.
2019-08-28 08:49:51,696 [pool-38-thread-1] INFO  storage.RaftStorage (RaftStorage.java:format(72)) - Storage directory /workdir/hadoop-ozone/integration-test/target/test-dir/MiniOzoneClusterImpl-395dbea3-e1dd-495d-931d-a6326832166d/datanode-1/data/ratis/7a1cab0f-79bb-496f-a7aa-7b255049c374 has been successfully formatted.
2019-08-28 08:49:51,696 [pool-49-thread-1] INFO  storage.RaftStorage (RaftStorage.java:format(72)) - Storage directory /workdir/hadoop-ozone/integration-test/target/test-dir/MiniOzoneClusterImpl-395dbea3-e1dd-495d-931d-a6326832166d/datanode-2/data/ratis/7a1cab0f-79bb-496f-a7aa-7b255049c374 has been successfully formatted.
2019-08-28 08:49:51,697 [pool-38-thread-1] INFO  ratis.ContainerStateMachine (ContainerStateMachine.java:loadSnapshot(226)) - group-7B255049C374: The snapshot info is null. Setting the last applied indexto:(t:0, i:~)
2019-08-28 08:49:51,697 [pool-82-thread-1] INFO  ratis.ContainerStateMachine (ContainerStateMachine.java:loadSnapshot(226)) - group-7B255049C374: The snapshot info is null. Setting the last applied indexto:(t:0, i:~)
2019-08-28 08:49:51,697 [pool-38-thread-1] INFO  server.RaftServerConfigKeys (ConfUtils.java:logGet(43)) - raft.server.leader.election.timeout = 120s (custom)
2019-08-28 08:49:51,697 [pool-49-thread-1] INFO  ratis.ContainerStateMachine (ContainerStateMachine.java:loadSnapshot(226)) - group-7B255049C374: The snapshot info is null. Setting the last applied indexto:(t:0, i:~)
2019-08-28 08:49:51,698 [pool-38-thread-1] INFO  server.RaftServerConfigKeys (ConfUtils.java:logGet(43)) - raft.server.log.use.memory = false (default)
2019-08-28 08:49:51,697 [pool-82-thread-1] INFO  server.RaftServerConfigKeys (ConfUtils.java:logGet(43)) - raft.server.leader.election.timeout = 120s (custom)
2019-08-28 08:49:51,698 [pool-38-thread-1] INFO  server.RaftServerConfigKeys (ConfUtils.java:logGet(43)) - raft.server.log.purge.gap = 1000000 (custom)
2019-08-28 08:49:51,698 [pool-49-thread-1] INFO  server.RaftServerConfigKeys (ConfUtils.java:logGet(43)) - raft.server.leader.election.timeout = 120s (custom)
2019-08-28 08:49:51,698 [pool-38-thread-1] INFO  server.RaftServerConfigKeys (ConfUtils.java:logGet(43)) - raft.server.log.appender.buffer.byte-limit = 33554432 (custom)
2019-08-28 08:49:51,698 [pool-82-thread-1] INFO  server.RaftServerConfigKeys (ConfUtils.java:logGet(43)) - raft.server.log.use.memory = false (default)
2019-08-28 08:49:51,699 [pool-38-thread-1] INFO  server.RaftServerConfigKeys (ConfUtils.java:logGet(43)) - raft.server.log.segment.size.max = 1048576 (custom)
2019-08-28 08:49:51,698 [pool-49-thread-1] INFO  server.RaftServerConfigKeys (ConfUtils.java:logGet(43)) - raft.server.log.use.memory = false (default)
2019-08-28 08:49:51,699 [pool-38-thread-1] INFO  server.RaftServerConfigKeys (ConfUtils.java:logGet(43)) - raft.server.log.segment.cache.num.max = 2 (custom)
2019-08-28 08:49:51,699 [pool-82-thread-1] INFO  server.RaftServerConfigKeys (ConfUtils.java:logGet(43)) - raft.server.log.purge.gap = 1000000 (custom)
2019-08-28 08:49:51,699 [pool-38-thread-1] INFO  segmented.SegmentedRaftLogWorker (SegmentedRaftLogWorker.java:<init>(172)) - new 8d95cd8f-538b-4f88-94f7-9f5988eeca28-SegmentedRaftLogWorker:Storage Directory /workdir/hadoop-ozone/integration-test/target/test-dir/MiniOzoneClusterImpl-395dbea3-e1dd-495d-931d-a6326832166d/datanode-1/data/ratis/7a1cab0f-79bb-496f-a7aa-7b255049c374 for RaftStorage:Storage Directory /workdir/hadoop-ozone/integration-test/target/test-dir/MiniOzoneClusterImpl-395dbea3-e1dd-495d-931d-a6326832166d/datanode-1/data/ratis/7a1cab0f-79bb-496f-a7aa-7b255049c374
2019-08-28 08:49:51,699 [pool-49-thread-1] INFO  server.RaftServerConfigKeys (ConfUtils.java:logGet(43)) - raft.server.log.purge.gap = 1000000 (custom)
2019-08-28 08:49:51,700 [pool-38-thread-1] INFO  server.RaftServerConfigKeys (ConfUtils.java:logGet(43)) - raft.server.log.queue.byte-limit = 2147483647 (custom)
2019-08-28 08:49:51,699 [pool-82-thread-1] INFO  server.RaftServerConfigKeys (ConfUtils.java:logGet(43)) - raft.server.log.appender.buffer.byte-limit = 33554432 (custom)
2019-08-28 08:49:51,702 [pool-38-thread-1] INFO  server.RaftServerConfigKeys (ConfUtils.java:logGet(43)) - raft.server.log.queue.element-limit = 1024 (custom)
2019-08-28 08:49:51,700 [pool-49-thread-1] INFO  server.RaftServerConfigKeys (ConfUtils.java:logGet(43)) - raft.server.log.appender.buffer.byte-limit = 33554432 (custom)
2019-08-28 08:49:51,702 [pool-38-thread-1] INFO  server.RaftServerConfigKeys (ConfUtils.java:logGet(43)) - raft.server.log.segment.size.max = 1048576 (custom)
2019-08-28 08:49:51,702 [pool-82-thread-1] INFO  server.RaftServerConfigKeys (ConfUtils.java:logGet(43)) - raft.server.log.segment.size.max = 1048576 (custom)
2019-08-28 08:49:51,702 [pool-38-thread-1] INFO  server.RaftServerConfigKeys (ConfUtils.java:logGet(43)) - raft.server.log.preallocated.size = 16384 (custom)
2019-08-28 08:49:51,702 [pool-49-thread-1] INFO  server.RaftServerConfigKeys (ConfUtils.java:logGet(43)) - raft.server.log.segment.size.max = 1048576 (custom)
2019-08-28 08:49:51,703 [pool-38-thread-1] INFO  server.RaftServerConfigKeys (ConfUtils.java:logGet(43)) - raft.server.log.write.buffer.size = 33554432 (custom)
2019-08-28 08:49:51,702 [pool-82-thread-1] INFO  server.RaftServerConfigKeys (ConfUtils.java:logGet(43)) - raft.server.log.segment.cache.num.max = 2 (custom)
2019-08-28 08:49:51,703 [pool-38-thread-1] INFO  server.RaftServerConfigKeys (ConfUtils.java:logGet(43)) - raft.server.log.force.sync.num = 128 (default)
2019-08-28 08:49:51,703 [pool-49-thread-1] INFO  server.RaftServerConfigKeys (ConfUtils.java:logGet(43)) - raft.server.log.segment.cache.num.max = 2 (custom)
2019-08-28 08:49:51,703 [pool-38-thread-1] INFO  server.RaftServerConfigKeys (ConfUtils.java:logGet(43)) - raft.server.log.statemachine.data.sync = true (default)
2019-08-28 08:49:51,703 [pool-82-thread-1] INFO  segmented.SegmentedRaftLogWorker (SegmentedRaftLogWorker.java:<init>(172)) - new 78486bf4-f68f-4b9a-8dac-63fb21880691-SegmentedRaftLogWorker:Storage Directory /workdir/hadoop-ozone/integration-test/target/test-dir/MiniOzoneClusterImpl-395dbea3-e1dd-495d-931d-a6326832166d/datanode-5/data/ratis/7a1cab0f-79bb-496f-a7aa-7b255049c374 for RaftStorage:Storage Directory /workdir/hadoop-ozone/integration-test/target/test-dir/MiniOzoneClusterImpl-395dbea3-e1dd-495d-931d-a6326832166d/datanode-5/data/ratis/7a1cab0f-79bb-496f-a7aa-7b255049c374
2019-08-28 08:49:51,704 [pool-38-thread-1] INFO  server.RaftServerConfigKeys (ConfUtils.java:logGet(43)) - raft.server.log.statemachine.data.sync.timeout = 10s (default)
2019-08-28 08:49:51,703 [pool-49-thread-1] INFO  segmented.SegmentedRaftLogWorker (SegmentedRaftLogWorker.java:<init>(172)) - new f7e2cea5-86b6-454a-9d62-19068d8c24b2-SegmentedRaftLogWorker:Storage Directory /workdir/hadoop-ozone/integration-test/target/test-dir/MiniOzoneClusterImpl-395dbea3-e1dd-495d-931d-a6326832166d/datanode-2/data/ratis/7a1cab0f-79bb-496f-a7aa-7b255049c374 for RaftStorage:Storage Directory /workdir/hadoop-ozone/integration-test/target/test-dir/MiniOzoneClusterImpl-395dbea3-e1dd-495d-931d-a6326832166d/datanode-2/data/ratis/7a1cab0f-79bb-496f-a7aa-7b255049c374
2019-08-28 08:49:51,704 [pool-38-thread-1] INFO  server.RaftServerConfigKeys (ConfUtils.java:logGet(43)) - raft.server.log.statemachine.data.sync.timeout.retry = -1 (default)
2019-08-28 08:49:51,704 [pool-82-thread-1] INFO  server.RaftServerConfigKeys (ConfUtils.java:logGet(43)) - raft.server.log.queue.byte-limit = 2147483647 (custom)
2019-08-28 08:49:51,707 [pool-38-thread-1] INFO  server.RaftServerConfigKeys (ConfUtils.java:logGet(43)) - raft.server.log.statemachine.data.caching.enabled = true (custom)
2019-08-28 08:49:51,706 [pool-49-thread-1] INFO  server.RaftServerConfigKeys (ConfUtils.java:logGet(43)) - raft.server.log.queue.byte-limit = 2147483647 (custom)
2019-08-28 08:49:51,708 [pool-82-thread-1] INFO  server.RaftServerConfigKeys (ConfUtils.java:logGet(43)) - raft.server.log.queue.element-limit = 1024 (custom)
2019-08-28 08:49:51,708 [pool-49-thread-1] INFO  server.RaftServerConfigKeys (ConfUtils.java:logGet(43)) - raft.server.log.queue.element-limit = 1024 (custom)
2019-08-28 08:49:51,708 [pool-38-thread-1] INFO  segmented.SegmentedRaftLogWorker (SegmentedRaftLogWorker.java:lambda$new$0(132)) - 8d95cd8f-538b-4f88-94f7-9f5988eeca28-SegmentedRaftLogWorker:Storage Directory /workdir/hadoop-ozone/integration-test/target/test-dir/MiniOzoneClusterImpl-395dbea3-e1dd-495d-931d-a6326832166d/datanode-1/data/ratis/7a1cab0f-79bb-496f-a7aa-7b255049c374: flushIndex: setUnconditionally 0 -> -1
2019-08-28 08:49:51,708 [pool-49-thread-1] INFO  server.RaftServerConfigKeys (ConfUtils.java:logGet(43)) - raft.server.log.segment.size.max = 1048576 (custom)
2019-08-28 08:49:51,708 [pool-82-thread-1] INFO  server.RaftServerConfigKeys (ConfUtils.java:logGet(43)) - raft.server.log.segment.size.max = 1048576 (custom)
2019-08-28 08:49:51,709 [pool-38-thread-1] INFO  server.RaftServerConfigKeys (ConfUtils.java:logGet(43)) - raft.server.snapshot.auto.trigger.enabled = true (custom)
2019-08-28 08:49:51,709 [pool-49-thread-1] INFO  server.RaftServerConfigKeys (ConfUtils.java:logGet(43)) - raft.server.log.preallocated.size = 16384 (custom)
2019-08-28 08:49:51,709 [pool-38-thread-1] INFO  server.RaftServerConfigKeys (ConfUtils.java:logGet(43)) - raft.server.snapshot.auto.trigger.threshold = 10000 (custom)
2019-08-28 08:49:51,709 [pool-82-thread-1] INFO  server.RaftServerConfigKeys (ConfUtils.java:logGet(43)) - raft.server.log.preallocated.size = 16384 (custom)
2019-08-28 08:49:51,709 [pool-38-thread-1] INFO  server.RaftServerConfigKeys (ConfUtils.java:logGet(43)) - raft.server.retrycache.expirytime = 600000ms (custom)
2019-08-28 08:49:51,709 [pool-49-thread-1] INFO  server.RaftServerConfigKeys (ConfUtils.java:logGet(43)) - raft.server.log.write.buffer.size = 33554432 (custom)
2019-08-28 08:49:51,710 [pool-38-thread-1] INFO  impl.RaftServerImpl (RaftServerImpl.java:start(180)) - 8d95cd8f-538b-4f88-94f7-9f5988eeca28: start group-7B255049C374
2019-08-28 08:49:51,709 [pool-82-thread-1] INFO  server.RaftServerConfigKeys (ConfUtils.java:logGet(43)) - raft.server.log.write.buffer.size = 33554432 (custom)
2019-08-28 08:49:51,710 [pool-38-thread-1] INFO  impl.RaftServerImpl (RaftServerImpl.java:setRole(171)) - 8d95cd8f-538b-4f88-94f7-9f5988eeca28:group-7B255049C374 changes role from null to FOLLOWER at term 0 for startAsFollower
2019-08-28 08:49:51,710 [pool-49-thread-1] INFO  server.RaftServerConfigKeys (ConfUtils.java:logGet(43)) - raft.server.log.force.sync.num = 128 (default)
2019-08-28 08:49:51,710 [pool-38-thread-1] INFO  impl.RoleInfo (RoleInfo.java:updateAndGet(143)) - 8d95cd8f-538b-4f88-94f7-9f5988eeca28: start FollowerState
2019-08-28 08:49:51,710 [pool-82-thread-1] INFO  server.RaftServerConfigKeys (ConfUtils.java:logGet(43)) - raft.server.log.force.sync.num = 128 (default)
2019-08-28 08:49:51,710 [pool-49-thread-1] INFO  server.RaftServerConfigKeys (ConfUtils.java:logGet(43)) - raft.server.log.statemachine.data.sync = true (default)
2019-08-28 08:49:51,711 [pool-82-thread-1] INFO  server.RaftServerConfigKeys (ConfUtils.java:logGet(43)) - raft.server.log.statemachine.data.sync = true (default)
2019-08-28 08:49:51,711 [pool-49-thread-1] INFO  server.RaftServerConfigKeys (ConfUtils.java:logGet(43)) - raft.server.log.statemachine.data.sync.timeout = 10s (default)
2019-08-28 08:49:51,711 [pool-38-thread-1] INFO  util.JmxRegister (JmxRegister.java:tryRegister(44)) - Successfully registered JMX Bean with object name Ratis:service=RaftServer,group=group-7B255049C374,id=8d95cd8f-538b-4f88-94f7-9f5988eeca28
2019-08-28 08:49:51,711 [pool-49-thread-1] INFO  server.RaftServerConfigKeys (ConfUtils.java:logGet(43)) - raft.server.log.statemachine.data.sync.timeout.retry = -1 (default)
2019-08-28 08:49:51,711 [pool-82-thread-1] INFO  server.RaftServerConfigKeys (ConfUtils.java:logGet(43)) - raft.server.log.statemachine.data.sync.timeout = 10s (default)
2019-08-28 08:49:51,711 [pool-49-thread-1] INFO  server.RaftServerConfigKeys (ConfUtils.java:logGet(43)) - raft.server.log.statemachine.data.caching.enabled = true (custom)
2019-08-28 08:49:51,712 [pool-82-thread-1] INFO  server.RaftServerConfigKeys (ConfUtils.java:logGet(43)) - raft.server.log.statemachine.data.sync.timeout.retry = -1 (default)
2019-08-28 08:49:51,712 [pool-82-thread-1] INFO  server.RaftServerConfigKeys (ConfUtils.java:logGet(43)) - raft.server.log.statemachine.data.caching.enabled = true (custom)
2019-08-28 08:49:51,712 [pool-49-thread-1] INFO  segmented.SegmentedRaftLogWorker (SegmentedRaftLogWorker.java:lambda$new$0(132)) - f7e2cea5-86b6-454a-9d62-19068d8c24b2-SegmentedRaftLogWorker:Storage Directory /workdir/hadoop-ozone/integration-test/target/test-dir/MiniOzoneClusterImpl-395dbea3-e1dd-495d-931d-a6326832166d/datanode-2/data/ratis/7a1cab0f-79bb-496f-a7aa-7b255049c374: flushIndex: setUnconditionally 0 -> -1
2019-08-28 08:49:51,712 [pool-82-thread-1] INFO  segmented.SegmentedRaftLogWorker (SegmentedRaftLogWorker.java:lambda$new$0(132)) - 78486bf4-f68f-4b9a-8dac-63fb21880691-SegmentedRaftLogWorker:Storage Directory /workdir/hadoop-ozone/integration-test/target/test-dir/MiniOzoneClusterImpl-395dbea3-e1dd-495d-931d-a6326832166d/datanode-5/data/ratis/7a1cab0f-79bb-496f-a7aa-7b255049c374: flushIndex: setUnconditionally 0 -> -1
2019-08-28 08:49:51,712 [pool-49-thread-1] INFO  server.RaftServerConfigKeys (ConfUtils.java:logGet(43)) - raft.server.snapshot.auto.trigger.enabled = true (custom)
2019-08-28 08:49:51,713 [pool-49-thread-1] INFO  server.RaftServerConfigKeys (ConfUtils.java:logGet(43)) - raft.server.snapshot.auto.trigger.threshold = 10000 (custom)
2019-08-28 08:49:51,713 [pool-82-thread-1] INFO  server.RaftServerConfigKeys (ConfUtils.java:logGet(43)) - raft.server.snapshot.auto.trigger.enabled = true (custom)
2019-08-28 08:49:51,713 [pool-49-thread-1] INFO  server.RaftServerConfigKeys (ConfUtils.java:logGet(43)) - raft.server.retrycache.expirytime = 600000ms (custom)
2019-08-28 08:49:51,713 [pool-82-thread-1] INFO  server.RaftServerConfigKeys (ConfUtils.java:logGet(43)) - raft.server.snapshot.auto.trigger.threshold = 10000 (custom)
2019-08-28 08:49:51,713 [pool-49-thread-1] INFO  impl.RaftServerImpl (RaftServerImpl.java:start(180)) - f7e2cea5-86b6-454a-9d62-19068d8c24b2: start group-7B255049C374
2019-08-28 08:49:51,713 [pool-82-thread-1] INFO  server.RaftServerConfigKeys (ConfUtils.java:logGet(43)) - raft.server.retrycache.expirytime = 600000ms (custom)
2019-08-28 08:49:51,713 [pool-49-thread-1] INFO  impl.RaftServerImpl (RaftServerImpl.java:setRole(171)) - f7e2cea5-86b6-454a-9d62-19068d8c24b2:group-7B255049C374 changes role from null to FOLLOWER at term 0 for startAsFollower
2019-08-28 08:49:51,714 [pool-82-thread-1] INFO  impl.RaftServerImpl (RaftServerImpl.java:start(180)) - 78486bf4-f68f-4b9a-8dac-63fb21880691: start group-7B255049C374
2019-08-28 08:49:51,714 [pool-49-thread-1] INFO  impl.RoleInfo (RoleInfo.java:updateAndGet(143)) - f7e2cea5-86b6-454a-9d62-19068d8c24b2: start FollowerState
2019-08-28 08:49:51,714 [pool-82-thread-1] INFO  impl.RaftServerImpl (RaftServerImpl.java:setRole(171)) - 78486bf4-f68f-4b9a-8dac-63fb21880691:group-7B255049C374 changes role from null to FOLLOWER at term 0 for startAsFollower
2019-08-28 08:49:51,714 [pool-82-thread-1] INFO  impl.RoleInfo (RoleInfo.java:updateAndGet(143)) - 78486bf4-f68f-4b9a-8dac-63fb21880691: start FollowerState
2019-08-28 08:49:51,714 [pool-49-thread-1] INFO  util.JmxRegister (JmxRegister.java:tryRegister(44)) - Successfully registered JMX Bean with object name Ratis:service=RaftServer,group=group-7B255049C374,id=f7e2cea5-86b6-454a-9d62-19068d8c24b2
2019-08-28 08:49:51,714 [pool-82-thread-1] INFO  util.JmxRegister (JmxRegister.java:tryRegister(44)) - Successfully registered JMX Bean with object name Ratis:service=RaftServer,group=group-7B255049C374,id=78486bf4-f68f-4b9a-8dac-63fb21880691
2019-08-28 08:49:51,742 [RatisPipelineUtilsThread] INFO  pipeline.PipelineStateManager (PipelineStateManager.java:addPipeline(56)) - Created pipeline Pipeline[ Id: 7a1cab0f-79bb-496f-a7aa-7b255049c374, Nodes: 8d95cd8f-538b-4f88-94f7-9f5988eeca28{ip: 192.168.157.218, host: pr-hdds-2030-d7qxb-2924120224, networkLocation: /default-rack, certSerialId: null}f7e2cea5-86b6-454a-9d62-19068d8c24b2{ip: 192.168.157.218, host: pr-hdds-2030-d7qxb-2924120224, networkLocation: /default-rack, certSerialId: null}78486bf4-f68f-4b9a-8dac-63fb21880691{ip: 192.168.157.218, host: pr-hdds-2030-d7qxb-2924120224, networkLocation: /default-rack, certSerialId: null}, Type:RATIS, Factor:THREE, State:OPEN]
2019-08-28 08:49:51,762 | INFO  | SCMAudit | user=jenkins1000 | ip=192.168.157.218 | op=SEND_HEARTBEAT {datanodeUUID=ce00dee3-29f4-445c-9a8f-55d3d4c1540e, command=[]} | ret=SUCCESS |  
2019-08-28 08:49:51,778 [grpc-default-executor-0] INFO  impl.RaftServerProxy (RaftServerProxy.java:addNew(89)) - ce00dee3-29f4-445c-9a8f-55d3d4c1540e: addNew group-9FE292689AB0:[d6cf014b-20b5-44c2-a63d-b3683dd2f34e:192.168.157.218:34709, 45b9b205-b7f2-4538-986a-1da8d027ad58:192.168.157.218:45280, ce00dee3-29f4-445c-9a8f-55d3d4c1540e:192.168.157.218:37277] returns group-9FE292689AB0:java.util.concurrent.CompletableFuture@239d9726[Not completed]
2019-08-28 08:49:51,779 [grpc-default-executor-2] INFO  impl.RaftServerProxy (RaftServerProxy.java:addNew(89)) - d6cf014b-20b5-44c2-a63d-b3683dd2f34e: addNew group-9FE292689AB0:[d6cf014b-20b5-44c2-a63d-b3683dd2f34e:192.168.157.218:34709, 45b9b205-b7f2-4538-986a-1da8d027ad58:192.168.157.218:45280, ce00dee3-29f4-445c-9a8f-55d3d4c1540e:192.168.157.218:37277] returns group-9FE292689AB0:java.util.concurrent.CompletableFuture@bfee385[Not completed]
2019-08-28 08:49:51,781 [grpc-default-executor-2] INFO  impl.RaftServerProxy (RaftServerProxy.java:addNew(89)) - 45b9b205-b7f2-4538-986a-1da8d027ad58: addNew group-9FE292689AB0:[d6cf014b-20b5-44c2-a63d-b3683dd2f34e:192.168.157.218:34709, 45b9b205-b7f2-4538-986a-1da8d027ad58:192.168.157.218:45280, ce00dee3-29f4-445c-9a8f-55d3d4c1540e:192.168.157.218:37277] returns group-9FE292689AB0:java.util.concurrent.CompletableFuture@11214e3b[Not completed]
2019-08-28 08:49:51,781 [pool-27-thread-1] INFO  impl.RaftServerImpl (RaftServerImpl.java:<init>(93)) - ce00dee3-29f4-445c-9a8f-55d3d4c1540e: new RaftServerImpl for group-9FE292689AB0:[d6cf014b-20b5-44c2-a63d-b3683dd2f34e:192.168.157.218:34709, 45b9b205-b7f2-4538-986a-1da8d027ad58:192.168.157.218:45280, ce00dee3-29f4-445c-9a8f-55d3d4c1540e:192.168.157.218:37277] with ContainerStateMachine:uninitialized
2019-08-28 08:49:51,782 [pool-27-thread-1] INFO  server.RaftServerConfigKeys (ConfUtils.java:logGet(43)) - raft.server.rpc.timeout.min = 5s (custom)
2019-08-28 08:49:51,782 [pool-27-thread-1] INFO  server.RaftServerConfigKeys (ConfUtils.java:logGet(43)) - raft.server.rpc.timeout.max = 5200ms (custom)
2019-08-28 08:49:51,782 [pool-27-thread-1] INFO  server.RaftServerConfigKeys (ConfUtils.java:logGet(43)) - raft.server.rpcslowness.timeout = 120s (custom)
2019-08-28 08:49:51,782 [pool-71-thread-1] INFO  impl.RaftServerImpl (RaftServerImpl.java:<init>(93)) - 45b9b205-b7f2-4538-986a-1da8d027ad58: new RaftServerImpl for group-9FE292689AB0:[d6cf014b-20b5-44c2-a63d-b3683dd2f34e:192.168.157.218:34709, 45b9b205-b7f2-4538-986a-1da8d027ad58:192.168.157.218:45280, ce00dee3-29f4-445c-9a8f-55d3d4c1540e:192.168.157.218:37277] with ContainerStateMachine:uninitialized
2019-08-28 08:49:51,782 [pool-27-thread-1] INFO  server.RaftServerConfigKeys (ConfUtils.java:logGet(43)) - raft.server.sleep.deviation.threshold = 300 (default)
2019-08-28 08:49:51,782 [pool-71-thread-1] INFO  server.RaftServerConfigKeys (ConfUtils.java:logGet(43)) - raft.server.rpc.timeout.min = 5s (custom)
2019-08-28 08:49:51,782 [pool-27-thread-1] INFO  server.RaftServerConfigKeys (ConfUtils.java:logGet(43)) - raft.server.log.appender.install.snapshot.enabled = false (custom)
2019-08-28 08:49:51,782 [pool-71-thread-1] INFO  server.RaftServerConfigKeys (ConfUtils.java:logGet(43)) - raft.server.rpc.timeout.max = 5200ms (custom)
2019-08-28 08:49:51,782 [pool-27-thread-1] INFO  impl.RaftServerImpl (ServerState.java:<init>(105)) - ce00dee3-29f4-445c-9a8f-55d3d4c1540e:group-9FE292689AB0 ConfigurationManager, init=-1: [d6cf014b-20b5-44c2-a63d-b3683dd2f34e:192.168.157.218:34709, 45b9b205-b7f2-4538-986a-1da8d027ad58:192.168.157.218:45280, ce00dee3-29f4-445c-9a8f-55d3d4c1540e:192.168.157.218:37277], old=null, confs=<EMPTY_MAP>
2019-08-28 08:49:51,783 [pool-71-thread-1] INFO  server.RaftServerConfigKeys (ConfUtils.java:logGet(43)) - raft.server.rpcslowness.timeout = 120s (custom)
2019-08-28 08:49:51,783 [pool-71-thread-1] INFO  server.RaftServerConfigKeys (ConfUtils.java:logGet(43)) - raft.server.sleep.deviation.threshold = 300 (default)
2019-08-28 08:49:51,783 [pool-27-thread-1] INFO  server.RaftServerConfigKeys (ConfUtils.java:logGet(43)) - raft.server.storage.dir = [/workdir/hadoop-ozone/integration-test/target/test-dir/MiniOzoneClusterImpl-395dbea3-e1dd-495d-931d-a6326832166d/datanode-0/data/ratis] (custom)
2019-08-28 08:49:51,783 [pool-60-thread-1] INFO  impl.RaftServerImpl (RaftServerImpl.java:<init>(93)) - d6cf014b-20b5-44c2-a63d-b3683dd2f34e: new RaftServerImpl for group-9FE292689AB0:[d6cf014b-20b5-44c2-a63d-b3683dd2f34e:192.168.157.218:34709, 45b9b205-b7f2-4538-986a-1da8d027ad58:192.168.157.218:45280, ce00dee3-29f4-445c-9a8f-55d3d4c1540e:192.168.157.218:37277] with ContainerStateMachine:uninitialized
2019-08-28 08:49:51,783 [pool-71-thread-1] INFO  server.RaftServerConfigKeys (ConfUtils.java:logGet(43)) - raft.server.log.appender.install.snapshot.enabled = false (custom)
2019-08-28 08:49:51,783 [pool-60-thread-1] INFO  server.RaftServerConfigKeys (ConfUtils.java:logGet(43)) - raft.server.rpc.timeout.min = 5s (custom)
2019-08-28 08:49:51,783 [pool-27-thread-1] INFO  storage.RaftStorageDirectory (RaftStorageDirectory.java:analyzeStorage(246)) - The storage directory /workdir/hadoop-ozone/integration-test/target/test-dir/MiniOzoneClusterImpl-395dbea3-e1dd-495d-931d-a6326832166d/datanode-0/data/ratis/82a17023-30fd-413c-8580-9fe292689ab0 does not exist. Creating ...
2019-08-28 08:49:51,783 [pool-71-thread-1] INFO  impl.RaftServerImpl (ServerState.java:<init>(105)) - 45b9b205-b7f2-4538-986a-1da8d027ad58:group-9FE292689AB0 ConfigurationManager, init=-1: [d6cf014b-20b5-44c2-a63d-b3683dd2f34e:192.168.157.218:34709, 45b9b205-b7f2-4538-986a-1da8d027ad58:192.168.157.218:45280, ce00dee3-29f4-445c-9a8f-55d3d4c1540e:192.168.157.218:37277], old=null, confs=<EMPTY_MAP>
2019-08-28 08:49:51,783 [pool-60-thread-1] INFO  server.RaftServerConfigKeys (ConfUtils.java:logGet(43)) - raft.server.rpc.timeout.max = 5200ms (custom)
2019-08-28 08:49:51,784 [pool-71-thread-1] INFO  server.RaftServerConfigKeys (ConfUtils.java:logGet(43)) - raft.server.storage.dir = [/workdir/hadoop-ozone/integration-test/target/test-dir/MiniOzoneClusterImpl-395dbea3-e1dd-495d-931d-a6326832166d/datanode-4/data/ratis] (custom)
2019-08-28 08:49:51,784 [pool-60-thread-1] INFO  server.RaftServerConfigKeys (ConfUtils.java:logGet(43)) - raft.server.rpcslowness.timeout = 120s (custom)
2019-08-28 08:49:51,784 [pool-60-thread-1] INFO  server.RaftServerConfigKeys (ConfUtils.java:logGet(43)) - raft.server.sleep.deviation.threshold = 300 (default)
2019-08-28 08:49:51,784 [pool-71-thread-1] INFO  storage.RaftStorageDirectory (RaftStorageDirectory.java:analyzeStorage(246)) - The storage directory /workdir/hadoop-ozone/integration-test/target/test-dir/MiniOzoneClusterImpl-395dbea3-e1dd-495d-931d-a6326832166d/datanode-4/data/ratis/82a17023-30fd-413c-8580-9fe292689ab0 does not exist. Creating ...
2019-08-28 08:49:51,784 [pool-60-thread-1] INFO  server.RaftServerConfigKeys (ConfUtils.java:logGet(43)) - raft.server.log.appender.install.snapshot.enabled = false (custom)
2019-08-28 08:49:51,784 [pool-60-thread-1] INFO  impl.RaftServerImpl (ServerState.java:<init>(105)) - d6cf014b-20b5-44c2-a63d-b3683dd2f34e:group-9FE292689AB0 ConfigurationManager, init=-1: [d6cf014b-20b5-44c2-a63d-b3683dd2f34e:192.168.157.218:34709, 45b9b205-b7f2-4538-986a-1da8d027ad58:192.168.157.218:45280, ce00dee3-29f4-445c-9a8f-55d3d4c1540e:192.168.157.218:37277], old=null, confs=<EMPTY_MAP>
2019-08-28 08:49:51,784 [pool-60-thread-1] INFO  server.RaftServerConfigKeys (ConfUtils.java:logGet(43)) - raft.server.storage.dir = [/workdir/hadoop-ozone/integration-test/target/test-dir/MiniOzoneClusterImpl-395dbea3-e1dd-495d-931d-a6326832166d/datanode-3/data/ratis] (custom)
2019-08-28 08:49:51,785 [pool-60-thread-1] INFO  storage.RaftStorageDirectory (RaftStorageDirectory.java:analyzeStorage(246)) - The storage directory /workdir/hadoop-ozone/integration-test/target/test-dir/MiniOzoneClusterImpl-395dbea3-e1dd-495d-931d-a6326832166d/datanode-3/data/ratis/82a17023-30fd-413c-8580-9fe292689ab0 does not exist. Creating ...
2019-08-28 08:49:51,797 [pool-71-thread-1] INFO  storage.RaftStorageDirectory (RaftStorageDirectory.java:tryLock(328)) - Lock on /workdir/hadoop-ozone/integration-test/target/test-dir/MiniOzoneClusterImpl-395dbea3-e1dd-495d-931d-a6326832166d/datanode-4/data/ratis/82a17023-30fd-413c-8580-9fe292689ab0/in_use.lock acquired by nodename 12513@pr-hdds-2030-d7qxb-2924120224
2019-08-28 08:49:51,797 [pool-60-thread-1] INFO  storage.RaftStorageDirectory (RaftStorageDirectory.java:tryLock(328)) - Lock on /workdir/hadoop-ozone/integration-test/target/test-dir/MiniOzoneClusterImpl-395dbea3-e1dd-495d-931d-a6326832166d/datanode-3/data/ratis/82a17023-30fd-413c-8580-9fe292689ab0/in_use.lock acquired by nodename 12513@pr-hdds-2030-d7qxb-2924120224
2019-08-28 08:49:51,797 [pool-27-thread-1] INFO  storage.RaftStorageDirectory (RaftStorageDirectory.java:tryLock(328)) - Lock on /workdir/hadoop-ozone/integration-test/target/test-dir/MiniOzoneClusterImpl-395dbea3-e1dd-495d-931d-a6326832166d/datanode-0/data/ratis/82a17023-30fd-413c-8580-9fe292689ab0/in_use.lock acquired by nodename 12513@pr-hdds-2030-d7qxb-2924120224
2019-08-28 08:49:51,810 [pool-71-thread-1] INFO  storage.RaftStorage (RaftStorage.java:format(72)) - Storage directory /workdir/hadoop-ozone/integration-test/target/test-dir/MiniOzoneClusterImpl-395dbea3-e1dd-495d-931d-a6326832166d/datanode-4/data/ratis/82a17023-30fd-413c-8580-9fe292689ab0 has been successfully formatted.
2019-08-28 08:49:51,810 [pool-27-thread-1] INFO  storage.RaftStorage (RaftStorage.java:format(72)) - Storage directory /workdir/hadoop-ozone/integration-test/target/test-dir/MiniOzoneClusterImpl-395dbea3-e1dd-495d-931d-a6326832166d/datanode-0/data/ratis/82a17023-30fd-413c-8580-9fe292689ab0 has been successfully formatted.
2019-08-28 08:49:51,810 [pool-60-thread-1] INFO  storage.RaftStorage (RaftStorage.java:format(72)) - Storage directory /workdir/hadoop-ozone/integration-test/target/test-dir/MiniOzoneClusterImpl-395dbea3-e1dd-495d-931d-a6326832166d/datanode-3/data/ratis/82a17023-30fd-413c-8580-9fe292689ab0 has been successfully formatted.
2019-08-28 08:49:51,810 [pool-71-thread-1] INFO  ratis.ContainerStateMachine (ContainerStateMachine.java:loadSnapshot(226)) - group-9FE292689AB0: The snapshot info is null. Setting the last applied indexto:(t:0, i:~)
2019-08-28 08:49:51,810 [pool-27-thread-1] INFO  ratis.ContainerStateMachine (ContainerStateMachine.java:loadSnapshot(226)) - group-9FE292689AB0: The snapshot info is null. Setting the last applied indexto:(t:0, i:~)
2019-08-28 08:49:51,811 [pool-60-thread-1] INFO  ratis.ContainerStateMachine (ContainerStateMachine.java:loadSnapshot(226)) - group-9FE292689AB0: The snapshot info is null. Setting the last applied indexto:(t:0, i:~)
2019-08-28 08:49:51,811 [pool-71-thread-1] INFO  server.RaftServerConfigKeys (ConfUtils.java:logGet(43)) - raft.server.leader.election.timeout = 120s (custom)
2019-08-28 08:49:51,811 [pool-60-thread-1] INFO  server.RaftServerConfigKeys (ConfUtils.java:logGet(43)) - raft.server.leader.election.timeout = 120s (custom)
2019-08-28 08:49:51,811 [pool-27-thread-1] INFO  server.RaftServerConfigKeys (ConfUtils.java:logGet(43)) - raft.server.leader.election.timeout = 120s (custom)
2019-08-28 08:49:51,811 [pool-60-thread-1] INFO  server.RaftServerConfigKeys (ConfUtils.java:logGet(43)) - raft.server.log.use.memory = false (default)
2019-08-28 08:49:51,811 [pool-71-thread-1] INFO  server.RaftServerConfigKeys (ConfUtils.java:logGet(43)) - raft.server.log.use.memory = false (default)
2019-08-28 08:49:51,811 [pool-60-thread-1] INFO  server.RaftServerConfigKeys (ConfUtils.java:logGet(43)) - raft.server.log.purge.gap = 1000000 (custom)
2019-08-28 08:49:51,811 [pool-27-thread-1] INFO  server.RaftServerConfigKeys (ConfUtils.java:logGet(43)) - raft.server.log.use.memory = false (default)
2019-08-28 08:49:51,812 [pool-60-thread-1] INFO  server.RaftServerConfigKeys (ConfUtils.java:logGet(43)) - raft.server.log.appender.buffer.byte-limit = 33554432 (custom)
2019-08-28 08:49:51,811 [pool-71-thread-1] INFO  server.RaftServerConfigKeys (ConfUtils.java:logGet(43)) - raft.server.log.purge.gap = 1000000 (custom)
2019-08-28 08:49:51,812 [pool-60-thread-1] INFO  server.RaftServerConfigKeys (ConfUtils.java:logGet(43)) - raft.server.log.segment.size.max = 1048576 (custom)
2019-08-28 08:49:51,812 [pool-27-thread-1] INFO  server.RaftServerConfigKeys (ConfUtils.java:logGet(43)) - raft.server.log.purge.gap = 1000000 (custom)
2019-08-28 08:49:51,812 [pool-60-thread-1] INFO  server.RaftServerConfigKeys (ConfUtils.java:logGet(43)) - raft.server.log.segment.cache.num.max = 2 (custom)
2019-08-28 08:49:51,812 [pool-71-thread-1] INFO  server.RaftServerConfigKeys (ConfUtils.java:logGet(43)) - raft.server.log.appender.buffer.byte-limit = 33554432 (custom)
2019-08-28 08:49:51,812 [pool-60-thread-1] INFO  segmented.SegmentedRaftLogWorker (SegmentedRaftLogWorker.java:<init>(172)) - new d6cf014b-20b5-44c2-a63d-b3683dd2f34e-SegmentedRaftLogWorker:Storage Directory /workdir/hadoop-ozone/integration-test/target/test-dir/MiniOzoneClusterImpl-395dbea3-e1dd-495d-931d-a6326832166d/datanode-3/data/ratis/82a17023-30fd-413c-8580-9fe292689ab0 for RaftStorage:Storage Directory /workdir/hadoop-ozone/integration-test/target/test-dir/MiniOzoneClusterImpl-395dbea3-e1dd-495d-931d-a6326832166d/datanode-3/data/ratis/82a17023-30fd-413c-8580-9fe292689ab0
2019-08-28 08:49:51,812 [pool-27-thread-1] INFO  server.RaftServerConfigKeys (ConfUtils.java:logGet(43)) - raft.server.log.appender.buffer.byte-limit = 33554432 (custom)
2019-08-28 08:49:51,813 [pool-60-thread-1] INFO  server.RaftServerConfigKeys (ConfUtils.java:logGet(43)) - raft.server.log.queue.byte-limit = 2147483647 (custom)
2019-08-28 08:49:51,812 [pool-71-thread-1] INFO  server.RaftServerConfigKeys (ConfUtils.java:logGet(43)) - raft.server.log.segment.size.max = 1048576 (custom)
2019-08-28 08:49:51,814 [pool-60-thread-1] INFO  server.RaftServerConfigKeys (ConfUtils.java:logGet(43)) - raft.server.log.queue.element-limit = 1024 (custom)
2019-08-28 08:49:51,814 [pool-27-thread-1] INFO  server.RaftServerConfigKeys (ConfUtils.java:logGet(43)) - raft.server.log.segment.size.max = 1048576 (custom)
2019-08-28 08:49:51,814 [pool-71-thread-1] INFO  server.RaftServerConfigKeys (ConfUtils.java:logGet(43)) - raft.server.log.segment.cache.num.max = 2 (custom)
2019-08-28 08:49:51,814 [pool-27-thread-1] INFO  server.RaftServerConfigKeys (ConfUtils.java:logGet(43)) - raft.server.log.segment.cache.num.max = 2 (custom)
2019-08-28 08:49:51,814 [pool-60-thread-1] INFO  server.RaftServerConfigKeys (ConfUtils.java:logGet(43)) - raft.server.log.segment.size.max = 1048576 (custom)
2019-08-28 08:49:51,815 [pool-27-thread-1] INFO  segmented.SegmentedRaftLogWorker (SegmentedRaftLogWorker.java:<init>(172)) - new ce00dee3-29f4-445c-9a8f-55d3d4c1540e-SegmentedRaftLogWorker:Storage Directory /workdir/hadoop-ozone/integration-test/target/test-dir/MiniOzoneClusterImpl-395dbea3-e1dd-495d-931d-a6326832166d/datanode-0/data/ratis/82a17023-30fd-413c-8580-9fe292689ab0 for RaftStorage:Storage Directory /workdir/hadoop-ozone/integration-test/target/test-dir/MiniOzoneClusterImpl-395dbea3-e1dd-495d-931d-a6326832166d/datanode-0/data/ratis/82a17023-30fd-413c-8580-9fe292689ab0
2019-08-28 08:49:51,814 [pool-71-thread-1] INFO  segmented.SegmentedRaftLogWorker (SegmentedRaftLogWorker.java:<init>(172)) - new 45b9b205-b7f2-4538-986a-1da8d027ad58-SegmentedRaftLogWorker:Storage Directory /workdir/hadoop-ozone/integration-test/target/test-dir/MiniOzoneClusterImpl-395dbea3-e1dd-495d-931d-a6326832166d/datanode-4/data/ratis/82a17023-30fd-413c-8580-9fe292689ab0 for RaftStorage:Storage Directory /workdir/hadoop-ozone/integration-test/target/test-dir/MiniOzoneClusterImpl-395dbea3-e1dd-495d-931d-a6326832166d/datanode-4/data/ratis/82a17023-30fd-413c-8580-9fe292689ab0
2019-08-28 08:49:51,815 [pool-27-thread-1] INFO  server.RaftServerConfigKeys (ConfUtils.java:logGet(43)) - raft.server.log.queue.byte-limit = 2147483647 (custom)
2019-08-28 08:49:51,815 [pool-60-thread-1] INFO  server.RaftServerConfigKeys (ConfUtils.java:logGet(43)) - raft.server.log.preallocated.size = 16384 (custom)
2019-08-28 08:49:51,816 [pool-27-thread-1] INFO  server.RaftServerConfigKeys (ConfUtils.java:logGet(43)) - raft.server.log.queue.element-limit = 1024 (custom)
2019-08-28 08:49:51,815 [pool-71-thread-1] INFO  server.RaftServerConfigKeys (ConfUtils.java:logGet(43)) - raft.server.log.queue.byte-limit = 2147483647 (custom)
2019-08-28 08:49:51,818 [pool-27-thread-1] INFO  server.RaftServerConfigKeys (ConfUtils.java:logGet(43)) - raft.server.log.segment.size.max = 1048576 (custom)
2019-08-28 08:49:51,818 [pool-60-thread-1] INFO  server.RaftServerConfigKeys (ConfUtils.java:logGet(43)) - raft.server.log.write.buffer.size = 33554432 (custom)
2019-08-28 08:49:51,818 [pool-27-thread-1] INFO  server.RaftServerConfigKeys (ConfUtils.java:logGet(43)) - raft.server.log.preallocated.size = 16384 (custom)
2019-08-28 08:49:51,818 [pool-71-thread-1] INFO  server.RaftServerConfigKeys (ConfUtils.java:logGet(43)) - raft.server.log.queue.element-limit = 1024 (custom)
2019-08-28 08:49:51,818 [pool-27-thread-1] INFO  server.RaftServerConfigKeys (ConfUtils.java:logGet(43)) - raft.server.log.write.buffer.size = 33554432 (custom)
2019-08-28 08:49:51,818 [pool-60-thread-1] INFO  server.RaftServerConfigKeys (ConfUtils.java:logGet(43)) - raft.server.log.force.sync.num = 128 (default)
2019-08-28 08:49:51,819 [pool-27-thread-1] INFO  server.RaftServerConfigKeys (ConfUtils.java:logGet(43)) - raft.server.log.force.sync.num = 128 (default)
2019-08-28 08:49:51,818 [pool-71-thread-1] INFO  server.RaftServerConfigKeys (ConfUtils.java:logGet(43)) - raft.server.log.segment.size.max = 1048576 (custom)
2019-08-28 08:49:51,819 [pool-27-thread-1] INFO  server.RaftServerConfigKeys (ConfUtils.java:logGet(43)) - raft.server.log.statemachine.data.sync = true (default)
2019-08-28 08:49:51,819 [pool-60-thread-1] INFO  server.RaftServerConfigKeys (ConfUtils.java:logGet(43)) - raft.server.log.statemachine.data.sync = true (default)
2019-08-28 08:49:51,819 [pool-27-thread-1] INFO  server.RaftServerConfigKeys (ConfUtils.java:logGet(43)) - raft.server.log.statemachine.data.sync.timeout = 10s (default)
2019-08-28 08:49:51,819 [pool-71-thread-1] INFO  server.RaftServerConfigKeys (ConfUtils.java:logGet(43)) - raft.server.log.preallocated.size = 16384 (custom)
2019-08-28 08:49:51,820 [pool-27-thread-1] INFO  server.RaftServerConfigKeys (ConfUtils.java:logGet(43)) - raft.server.log.statemachine.data.sync.timeout.retry = -1 (default)
2019-08-28 08:49:51,819 [pool-60-thread-1] INFO  server.RaftServerConfigKeys (ConfUtils.java:logGet(43)) - raft.server.log.statemachine.data.sync.timeout = 10s (default)
2019-08-28 08:49:51,820 [pool-27-thread-1] INFO  server.RaftServerConfigKeys (ConfUtils.java:logGet(43)) - raft.server.log.statemachine.data.caching.enabled = true (custom)
2019-08-28 08:49:51,820 [pool-71-thread-1] INFO  server.RaftServerConfigKeys (ConfUtils.java:logGet(43)) - raft.server.log.write.buffer.size = 33554432 (custom)
2019-08-28 08:49:51,820 [pool-60-thread-1] INFO  server.RaftServerConfigKeys (ConfUtils.java:logGet(43)) - raft.server.log.statemachine.data.sync.timeout.retry = -1 (default)
2019-08-28 08:49:51,820 [pool-27-thread-1] INFO  segmented.SegmentedRaftLogWorker (SegmentedRaftLogWorker.java:lambda$new$0(132)) - ce00dee3-29f4-445c-9a8f-55d3d4c1540e-SegmentedRaftLogWorker:Storage Directory /workdir/hadoop-ozone/integration-test/target/test-dir/MiniOzoneClusterImpl-395dbea3-e1dd-495d-931d-a6326832166d/datanode-0/data/ratis/82a17023-30fd-413c-8580-9fe292689ab0: flushIndex: setUnconditionally 0 -> -1
2019-08-28 08:49:51,820 [pool-71-thread-1] INFO  server.RaftServerConfigKeys (ConfUtils.java:logGet(43)) - raft.server.log.force.sync.num = 128 (default)
2019-08-28 08:49:51,821 [pool-60-thread-1] INFO  server.RaftServerConfigKeys (ConfUtils.java:logGet(43)) - raft.server.log.statemachine.data.caching.enabled = true (custom)
2019-08-28 08:49:51,821 [pool-71-thread-1] INFO  server.RaftServerConfigKeys (ConfUtils.java:logGet(43)) - raft.server.log.statemachine.data.sync = true (default)
2019-08-28 08:49:51,821 [pool-27-thread-1] INFO  server.RaftServerConfigKeys (ConfUtils.java:logGet(43)) - raft.server.snapshot.auto.trigger.enabled = true (custom)
2019-08-28 08:49:51,821 [pool-60-thread-1] INFO  segmented.SegmentedRaftLogWorker (SegmentedRaftLogWorker.java:lambda$new$0(132)) - d6cf014b-20b5-44c2-a63d-b3683dd2f34e-SegmentedRaftLogWorker:Storage Directory /workdir/hadoop-ozone/integration-test/target/test-dir/MiniOzoneClusterImpl-395dbea3-e1dd-495d-931d-a6326832166d/datanode-3/data/ratis/82a17023-30fd-413c-8580-9fe292689ab0: flushIndex: setUnconditionally 0 -> -1
2019-08-28 08:49:51,821 [pool-71-thread-1] INFO  server.RaftServerConfigKeys (ConfUtils.java:logGet(43)) - raft.server.log.statemachine.data.sync.timeout = 10s (default)
2019-08-28 08:49:51,821 [pool-27-thread-1] INFO  server.RaftServerConfigKeys (ConfUtils.java:logGet(43)) - raft.server.snapshot.auto.trigger.threshold = 10000 (custom)
2019-08-28 08:49:51,821 [pool-60-thread-1] INFO  server.RaftServerConfigKeys (ConfUtils.java:logGet(43)) - raft.server.snapshot.auto.trigger.enabled = true (custom)
2019-08-28 08:49:51,822 [pool-27-thread-1] INFO  server.RaftServerConfigKeys (ConfUtils.java:logGet(43)) - raft.server.retrycache.expirytime = 600000ms (custom)
2019-08-28 08:49:51,821 [pool-71-thread-1] INFO  server.RaftServerConfigKeys (ConfUtils.java:logGet(43)) - raft.server.log.statemachine.data.sync.timeout.retry = -1 (default)
2019-08-28 08:49:51,822 [pool-60-thread-1] INFO  server.RaftServerConfigKeys (ConfUtils.java:logGet(43)) - raft.server.snapshot.auto.trigger.threshold = 10000 (custom)
2019-08-28 08:49:51,822 [pool-71-thread-1] INFO  server.RaftServerConfigKeys (ConfUtils.java:logGet(43)) - raft.server.log.statemachine.data.caching.enabled = true (custom)
2019-08-28 08:49:51,822 [pool-60-thread-1] INFO  server.RaftServerConfigKeys (ConfUtils.java:logGet(43)) - raft.server.retrycache.expirytime = 600000ms (custom)
2019-08-28 08:49:51,822 [pool-27-thread-1] INFO  impl.RaftServerImpl (RaftServerImpl.java:start(180)) - ce00dee3-29f4-445c-9a8f-55d3d4c1540e: start group-9FE292689AB0
2019-08-28 08:49:51,822 [pool-60-thread-1] INFO  impl.RaftServerImpl (RaftServerImpl.java:start(180)) - d6cf014b-20b5-44c2-a63d-b3683dd2f34e: start group-9FE292689AB0
2019-08-28 08:49:51,822 [pool-71-thread-1] INFO  segmented.SegmentedRaftLogWorker (SegmentedRaftLogWorker.java:lambda$new$0(132)) - 45b9b205-b7f2-4538-986a-1da8d027ad58-SegmentedRaftLogWorker:Storage Directory /workdir/hadoop-ozone/integration-test/target/test-dir/MiniOzoneClusterImpl-395dbea3-e1dd-495d-931d-a6326832166d/datanode-4/data/ratis/82a17023-30fd-413c-8580-9fe292689ab0: flushIndex: setUnconditionally 0 -> -1
2019-08-28 08:49:51,822 [pool-60-thread-1] INFO  impl.RaftServerImpl (RaftServerImpl.java:setRole(171)) - d6cf014b-20b5-44c2-a63d-b3683dd2f34e:group-9FE292689AB0 changes role from null to FOLLOWER at term 0 for startAsFollower
2019-08-28 08:49:51,822 [pool-27-thread-1] INFO  impl.RaftServerImpl (RaftServerImpl.java:setRole(171)) - ce00dee3-29f4-445c-9a8f-55d3d4c1540e:group-9FE292689AB0 changes role from null to FOLLOWER at term 0 for startAsFollower
2019-08-28 08:49:51,823 [pool-60-thread-1] INFO  impl.RoleInfo (RoleInfo.java:updateAndGet(143)) - d6cf014b-20b5-44c2-a63d-b3683dd2f34e: start FollowerState
2019-08-28 08:49:51,823 [pool-71-thread-1] INFO  server.RaftServerConfigKeys (ConfUtils.java:logGet(43)) - raft.server.snapshot.auto.trigger.enabled = true (custom)
2019-08-28 08:49:51,823 [pool-27-thread-1] INFO  impl.RoleInfo (RoleInfo.java:updateAndGet(143)) - ce00dee3-29f4-445c-9a8f-55d3d4c1540e: start FollowerState
2019-08-28 08:49:51,823 [pool-71-thread-1] INFO  server.RaftServerConfigKeys (ConfUtils.java:logGet(43)) - raft.server.snapshot.auto.trigger.threshold = 10000 (custom)
2019-08-28 08:49:51,823 [pool-60-thread-1] INFO  util.JmxRegister (JmxRegister.java:tryRegister(44)) - Successfully registered JMX Bean with object name Ratis:service=RaftServer,group=group-9FE292689AB0,id=d6cf014b-20b5-44c2-a63d-b3683dd2f34e
2019-08-28 08:49:51,823 [pool-71-thread-1] INFO  server.RaftServerConfigKeys (ConfUtils.java:logGet(43)) - raft.server.retrycache.expirytime = 600000ms (custom)
2019-08-28 08:49:51,823 [pool-71-thread-1] INFO  impl.RaftServerImpl (RaftServerImpl.java:start(180)) - 45b9b205-b7f2-4538-986a-1da8d027ad58: start group-9FE292689AB0
2019-08-28 08:49:51,823 [pool-27-thread-1] INFO  util.JmxRegister (JmxRegister.java:tryRegister(44)) - Successfully registered JMX Bean with object name Ratis:service=RaftServer,group=group-9FE292689AB0,id=ce00dee3-29f4-445c-9a8f-55d3d4c1540e
2019-08-28 08:49:51,824 [pool-71-thread-1] INFO  impl.RaftServerImpl (RaftServerImpl.java:setRole(171)) - 45b9b205-b7f2-4538-986a-1da8d027ad58:group-9FE292689AB0 changes role from null to FOLLOWER at term 0 for startAsFollower
2019-08-28 08:49:51,824 [pool-71-thread-1] INFO  impl.RoleInfo (RoleInfo.java:updateAndGet(143)) - 45b9b205-b7f2-4538-986a-1da8d027ad58: start FollowerState
2019-08-28 08:49:51,824 [pool-71-thread-1] INFO  util.JmxRegister (JmxRegister.java:tryRegister(44)) - Successfully registered JMX Bean with object name Ratis:service=RaftServer,group=group-9FE292689AB0,id=45b9b205-b7f2-4538-986a-1da8d027ad58
2019-08-28 08:49:51,841 [RatisPipelineUtilsThread] INFO  pipeline.PipelineStateManager (PipelineStateManager.java:addPipeline(56)) - Created pipeline Pipeline[ Id: 82a17023-30fd-413c-8580-9fe292689ab0, Nodes: ce00dee3-29f4-445c-9a8f-55d3d4c1540e{ip: 192.168.157.218, host: pr-hdds-2030-d7qxb-2924120224, networkLocation: /default-rack, certSerialId: null}d6cf014b-20b5-44c2-a63d-b3683dd2f34e{ip: 192.168.157.218, host: pr-hdds-2030-d7qxb-2924120224, networkLocation: /default-rack, certSerialId: null}45b9b205-b7f2-4538-986a-1da8d027ad58{ip: 192.168.157.218, host: pr-hdds-2030-d7qxb-2924120224, networkLocation: /default-rack, certSerialId: null}, Type:RATIS, Factor:THREE, State:OPEN]
2019-08-28 08:49:51,925 | INFO  | SCMAudit | user=jenkins1000 | ip=192.168.157.218 | op=SEND_HEARTBEAT {datanodeUUID=8d95cd8f-538b-4f88-94f7-9f5988eeca28, command=[]} | ret=SUCCESS |  
2019-08-28 08:49:52,052 [main] INFO  ozone.MiniOzoneClusterImpl (MiniOzoneClusterImpl.java:lambda$waitForClusterToBeReady$0(142)) - Cluster is ready. Got 7 of 7 DN Heartbeats.
2019-08-28 08:49:52,395 [main] INFO  rpc.RpcClient (RpcClient.java:createVolume(293)) - Creating Volume: watchforcommithandlingtest, with jenkins1000 as owner.
2019-08-28 08:49:52,421 | INFO  | OMAudit | user=jenkins1000 | ip=127.0.0.1 | op=CREATE_VOLUME {admin=jenkins1000, owner=jenkins1000, volume=watchforcommithandlingtest, creationTime=1566982192415, quotaInBytes=1152921504606846976} | ret=SUCCESS |  
2019-08-28 08:49:52,449 | INFO  | OMAudit | user=jenkins1000 | ip=127.0.0.1 | op=READ_VOLUME {volume=watchforcommithandlingtest} | ret=SUCCESS |  
2019-08-28 08:49:52,456 [main] INFO  rpc.RpcClient (RpcClient.java:createBucket(432)) - Creating Bucket: watchforcommithandlingtest/watchforcommithandlingtest, with Versioning false and Storage Type set to DISK and Encryption set to false 
2019-08-28 08:49:52,474 | INFO  | OMAudit | user=jenkins1000 | ip=127.0.0.1 | op=CREATE_BUCKET {volume=watchforcommithandlingtest, bucket=watchforcommithandlingtest, acls=[user:jenkins1000:a[ACCESS], group:default:a[ACCESS]], isVersionEnabled=false, storageType=DISK, creationTime=0} | ret=SUCCESS |  
2019-08-28 08:49:52,475 [main] INFO  ozone.MiniOzoneClusterImpl (MiniOzoneClusterImpl.java:getStorageContainerLocationClient(241)) - Creating StorageContainerLocationProtocol RPC client with address /0.0.0.0:33185
2019-08-28 08:49:52,523 [main] INFO  impl.MetricsSystemImpl (MetricsSystemImpl.java:init(158)) - XceiverClientMetrics metrics system started (again)
2019-08-28 08:49:52,579 | INFO  | SCMAudit | user=jenkins1000 | ip=192.168.157.218 | op=SEND_HEARTBEAT {datanodeUUID=f7e2cea5-86b6-454a-9d62-19068d8c24b2, command=[]} | ret=SUCCESS |  
2019-08-28 08:49:52,579 | INFO  | SCMAudit | user=jenkins1000 | ip=192.168.157.218 | op=SEND_HEARTBEAT {datanodeUUID=45b9b205-b7f2-4538-986a-1da8d027ad58, command=[]} | ret=SUCCESS |  
2019-08-28 08:49:52,580 | INFO  | SCMAudit | user=jenkins1000 | ip=192.168.157.218 | op=SEND_HEARTBEAT {datanodeUUID=d6cf014b-20b5-44c2-a63d-b3683dd2f34e, command=[]} | ret=SUCCESS |  
2019-08-28 08:49:52,638 [grpc-default-executor-1] INFO  client.GrpcClientProtocolClient (GrpcClientProtocolClient.java:onNext(255)) - client-C47AE80AE195->8d95cd8f-538b-4f88-94f7-9f5988eeca28: receive RaftClientReply:client-C47AE80AE195->8d95cd8f-538b-4f88-94f7-9f5988eeca28@group-7B255049C374, cid=13, FAILED org.apache.ratis.protocol.NotLeaderException: Server 8d95cd8f-538b-4f88-94f7-9f5988eeca28 is not the leader (null). Request must be sent to leader., logIndex=0, commits[8d95cd8f-538b-4f88-94f7-9f5988eeca28:c-1]
2019-08-28 08:49:52,716 | INFO  | SCMAudit | user=jenkins1000 | ip=192.168.157.218 | op=SEND_HEARTBEAT {datanodeUUID=ce00dee3-29f4-445c-9a8f-55d3d4c1540e, command=[]} | ret=SUCCESS |  
2019-08-28 08:49:52,772 [Thread-237] INFO  container.ReplicationManager (ReplicationManager.java:start(152)) - Starting Replication Monitor Thread.
2019-08-28 08:49:52,778 [ReplicationMonitor] INFO  container.ReplicationManager (ReplicationManager.java:run(215)) - Replication Monitor Thread took 4 milliseconds for processing 1 containers.
2019-08-28 08:49:52,882 | INFO  | SCMAudit | user=jenkins1000 | ip=192.168.157.218 | op=SEND_HEARTBEAT {datanodeUUID=78486bf4-f68f-4b9a-8dac-63fb21880691, command=[]} | ret=SUCCESS |  
2019-08-28 08:49:52,923 | INFO  | SCMAudit | user=jenkins1000 | ip=192.168.157.218 | op=SEND_HEARTBEAT {datanodeUUID=8d95cd8f-538b-4f88-94f7-9f5988eeca28, command=[]} | ret=SUCCESS |  
2019-08-28 08:49:53,050 | INFO  | SCMAudit | user=jenkins1000 | ip=192.168.157.218 | op=SEND_HEARTBEAT {datanodeUUID=8018ea23-1975-44ef-9f1f-31b69c574cd2, command=[]} | ret=SUCCESS |  
2019-08-28 08:49:53,581 | INFO  | SCMAudit | user=jenkins1000 | ip=192.168.157.218 | op=SEND_HEARTBEAT {datanodeUUID=45b9b205-b7f2-4538-986a-1da8d027ad58, command=[]} | ret=SUCCESS |  
2019-08-28 08:49:53,581 | INFO  | SCMAudit | user=jenkins1000 | ip=192.168.157.218 | op=SEND_HEARTBEAT {datanodeUUID=f7e2cea5-86b6-454a-9d62-19068d8c24b2, command=[]} | ret=SUCCESS |  
2019-08-28 08:49:53,581 | INFO  | SCMAudit | user=jenkins1000 | ip=192.168.157.218 | op=SEND_HEARTBEAT {datanodeUUID=d6cf014b-20b5-44c2-a63d-b3683dd2f34e, command=[]} | ret=SUCCESS |  
2019-08-28 08:49:53,688 [grpc-default-executor-2] INFO  client.GrpcClientProtocolClient (GrpcClientProtocolClient.java:onNext(255)) - client-C47AE80AE195->78486bf4-f68f-4b9a-8dac-63fb21880691: receive RaftClientReply:client-C47AE80AE195->78486bf4-f68f-4b9a-8dac-63fb21880691@group-7B255049C374, cid=13, FAILED org.apache.ratis.protocol.NotLeaderException: Server 78486bf4-f68f-4b9a-8dac-63fb21880691 is not the leader (null). Request must be sent to leader., logIndex=0, commits[78486bf4-f68f-4b9a-8dac-63fb21880691:c-1]
2019-08-28 08:49:53,715 | INFO  | SCMAudit | user=jenkins1000 | ip=192.168.157.218 | op=SEND_HEARTBEAT {datanodeUUID=ce00dee3-29f4-445c-9a8f-55d3d4c1540e, command=[]} | ret=SUCCESS |  
2019-08-28 08:49:53,882 | INFO  | SCMAudit | user=jenkins1000 | ip=192.168.157.218 | op=SEND_HEARTBEAT {datanodeUUID=78486bf4-f68f-4b9a-8dac-63fb21880691, command=[]} | ret=SUCCESS |  
2019-08-28 08:49:53,923 | INFO  | SCMAudit | user=jenkins1000 | ip=192.168.157.218 | op=SEND_HEARTBEAT {datanodeUUID=8d95cd8f-538b-4f88-94f7-9f5988eeca28, command=[]} | ret=SUCCESS |  
2019-08-28 08:49:54,048 | INFO  | SCMAudit | user=jenkins1000 | ip=192.168.157.218 | op=SEND_HEARTBEAT {datanodeUUID=8018ea23-1975-44ef-9f1f-31b69c574cd2, command=[]} | ret=SUCCESS |  
2019-08-28 08:49:54,575 | INFO  | SCMAudit | user=jenkins1000 | ip=192.168.157.218 | op=SEND_HEARTBEAT {datanodeUUID=45b9b205-b7f2-4538-986a-1da8d027ad58, command=[]} | ret=SUCCESS |  
2019-08-28 08:49:54,579 | INFO  | SCMAudit | user=jenkins1000 | ip=192.168.157.218 | op=SEND_HEARTBEAT {datanodeUUID=d6cf014b-20b5-44c2-a63d-b3683dd2f34e, command=[]} | ret=SUCCESS |  
2019-08-28 08:49:54,582 | INFO  | SCMAudit | user=jenkins1000 | ip=192.168.157.218 | op=SEND_HEARTBEAT {datanodeUUID=f7e2cea5-86b6-454a-9d62-19068d8c24b2, command=[]} | ret=SUCCESS |  
2019-08-28 08:49:54,731 | INFO  | SCMAudit | user=jenkins1000 | ip=192.168.157.218 | op=SEND_HEARTBEAT {datanodeUUID=ce00dee3-29f4-445c-9a8f-55d3d4c1540e, command=[]} | ret=SUCCESS |  
2019-08-28 08:49:54,732 [grpc-default-executor-2] INFO  client.GrpcClientProtocolClient (GrpcClientProtocolClient.java:onNext(255)) - client-C47AE80AE195->f7e2cea5-86b6-454a-9d62-19068d8c24b2: receive RaftClientReply:client-C47AE80AE195->f7e2cea5-86b6-454a-9d62-19068d8c24b2@group-7B255049C374, cid=13, FAILED org.apache.ratis.protocol.NotLeaderException: Server f7e2cea5-86b6-454a-9d62-19068d8c24b2 is not the leader (null). Request must be sent to leader., logIndex=0, commits[f7e2cea5-86b6-454a-9d62-19068d8c24b2:c-1]
2019-08-28 08:49:54,880 | INFO  | SCMAudit | user=jenkins1000 | ip=192.168.157.218 | op=SEND_HEARTBEAT {datanodeUUID=78486bf4-f68f-4b9a-8dac-63fb21880691, command=[]} | ret=SUCCESS |  
2019-08-28 08:49:54,921 | INFO  | SCMAudit | user=jenkins1000 | ip=192.168.157.218 | op=SEND_HEARTBEAT {datanodeUUID=8d95cd8f-538b-4f88-94f7-9f5988eeca28, command=[]} | ret=SUCCESS |  
2019-08-28 08:49:55,047 | INFO  | SCMAudit | user=jenkins1000 | ip=192.168.157.218 | op=SEND_HEARTBEAT {datanodeUUID=8018ea23-1975-44ef-9f1f-31b69c574cd2, command=[]} | ret=SUCCESS |  
2019-08-28 08:49:55,575 | INFO  | SCMAudit | user=jenkins1000 | ip=192.168.157.218 | op=SEND_HEARTBEAT {datanodeUUID=45b9b205-b7f2-4538-986a-1da8d027ad58, command=[]} | ret=SUCCESS |  
2019-08-28 08:49:55,577 | INFO  | SCMAudit | user=jenkins1000 | ip=192.168.157.218 | op=SEND_HEARTBEAT {datanodeUUID=d6cf014b-20b5-44c2-a63d-b3683dd2f34e, command=[]} | ret=SUCCESS |  
2019-08-28 08:49:55,580 | INFO  | SCMAudit | user=jenkins1000 | ip=192.168.157.218 | op=SEND_HEARTBEAT {datanodeUUID=f7e2cea5-86b6-454a-9d62-19068d8c24b2, command=[]} | ret=SUCCESS |  
2019-08-28 08:49:55,714 | INFO  | SCMAudit | user=jenkins1000 | ip=192.168.157.218 | op=SEND_HEARTBEAT {datanodeUUID=ce00dee3-29f4-445c-9a8f-55d3d4c1540e, command=[]} | ret=SUCCESS |  
2019-08-28 08:49:55,756 [grpc-default-executor-2] INFO  client.GrpcClientProtocolClient (GrpcClientProtocolClient.java:onNext(255)) - client-C47AE80AE195->8d95cd8f-538b-4f88-94f7-9f5988eeca28: receive RaftClientReply:client-C47AE80AE195->8d95cd8f-538b-4f88-94f7-9f5988eeca28@group-7B255049C374, cid=13, FAILED org.apache.ratis.protocol.NotLeaderException: Server 8d95cd8f-538b-4f88-94f7-9f5988eeca28 is not the leader (null). Request must be sent to leader., logIndex=0, commits[8d95cd8f-538b-4f88-94f7-9f5988eeca28:c-1]
2019-08-28 08:49:55,880 | INFO  | SCMAudit | user=jenkins1000 | ip=192.168.157.218 | op=SEND_HEARTBEAT {datanodeUUID=78486bf4-f68f-4b9a-8dac-63fb21880691, command=[]} | ret=SUCCESS |  
2019-08-28 08:49:55,921 | INFO  | SCMAudit | user=jenkins1000 | ip=192.168.157.218 | op=SEND_HEARTBEAT {datanodeUUID=8d95cd8f-538b-4f88-94f7-9f5988eeca28, command=[]} | ret=SUCCESS |  
2019-08-28 08:49:56,047 | INFO  | SCMAudit | user=jenkins1000 | ip=192.168.157.218 | op=SEND_HEARTBEAT {datanodeUUID=8018ea23-1975-44ef-9f1f-31b69c574cd2, command=[]} | ret=SUCCESS |  
2019-08-28 08:49:56,166 [Thread-239] INFO  impl.FollowerState (FollowerState.java:run(106)) - ce00dee3-29f4-445c-9a8f-55d3d4c1540e:group-95E15947E351 changes to CANDIDATE, lastRpcTime:5131, electionTimeout:5130ms
2019-08-28 08:49:56,170 [Thread-239] INFO  impl.RoleInfo (RoleInfo.java:shutdownFollowerState(121)) - ce00dee3-29f4-445c-9a8f-55d3d4c1540e: shutdown FollowerState
2019-08-28 08:49:56,170 [Thread-239] INFO  impl.RaftServerImpl (RaftServerImpl.java:setRole(171)) - ce00dee3-29f4-445c-9a8f-55d3d4c1540e:group-95E15947E351 changes role from FOLLOWER to CANDIDATE at term 0 for changeToCandidate
2019-08-28 08:49:56,177 [Thread-239] INFO  impl.RoleInfo (RoleInfo.java:updateAndGet(143)) - ce00dee3-29f4-445c-9a8f-55d3d4c1540e: start LeaderElection
2019-08-28 08:49:56,218 [ce00dee3-29f4-445c-9a8f-55d3d4c1540e:group-95E15947E351:LeaderElection1] INFO  impl.LeaderElection (LeaderElection.java:askForVotes(181)) - ce00dee3-29f4-445c-9a8f-55d3d4c1540e:group-95E15947E351:LeaderElection1: begin an election at term 1 for -1: [ce00dee3-29f4-445c-9a8f-55d3d4c1540e:192.168.157.218:37277], old=null
2019-08-28 08:49:56,222 [ce00dee3-29f4-445c-9a8f-55d3d4c1540e:group-95E15947E351:LeaderElection1] INFO  impl.RoleInfo (RoleInfo.java:shutdownLeaderElection(134)) - ce00dee3-29f4-445c-9a8f-55d3d4c1540e: shutdown LeaderElection
2019-08-28 08:49:56,223 [ce00dee3-29f4-445c-9a8f-55d3d4c1540e:group-95E15947E351:LeaderElection1] INFO  impl.RaftServerImpl (RaftServerImpl.java:setRole(171)) - ce00dee3-29f4-445c-9a8f-55d3d4c1540e:group-95E15947E351 changes role from CANDIDATE to LEADER at term 1 for changeToLeader
2019-08-28 08:49:56,224 [ce00dee3-29f4-445c-9a8f-55d3d4c1540e:group-95E15947E351:LeaderElection1] INFO  impl.RaftServerImpl (ServerState.java:setLeader(263)) - ce00dee3-29f4-445c-9a8f-55d3d4c1540e:group-95E15947E351 change Leader from null to ce00dee3-29f4-445c-9a8f-55d3d4c1540e at term 1 for becomeLeader, leader elected after 5287ms
2019-08-28 08:49:56,235 [ce00dee3-29f4-445c-9a8f-55d3d4c1540e:group-95E15947E351:LeaderElection1] INFO  server.RaftServerConfigKeys (ConfUtils.java:logGet(43)) - raft.server.staging.catchup.gap = 1000 (default)
2019-08-28 08:49:56,235 [ce00dee3-29f4-445c-9a8f-55d3d4c1540e:group-95E15947E351:LeaderElection1] INFO  server.RaftServerConfigKeys (ConfUtils.java:logGet(43)) - raft.server.rpc.sleep.time = 25ms (default)
2019-08-28 08:49:56,239 [ce00dee3-29f4-445c-9a8f-55d3d4c1540e:group-95E15947E351:LeaderElection1] INFO  server.RaftServerConfigKeys (ConfUtils.java:logGet(43)) - raft.server.write.element-limit = 4096 (default)
2019-08-28 08:49:56,243 [ce00dee3-29f4-445c-9a8f-55d3d4c1540e:group-95E15947E351:LeaderElection1] INFO  server.RaftServerConfigKeys (ConfUtils.java:logGet(43)) - raft.server.watch.timeout = 10s (default)
2019-08-28 08:49:56,244 [ce00dee3-29f4-445c-9a8f-55d3d4c1540e:group-95E15947E351:LeaderElection1] INFO  server.RaftServerConfigKeys (ConfUtils.java:logGet(43)) - raft.server.watch.timeout.denomination = 1s (default)
2019-08-28 08:49:56,245 [ce00dee3-29f4-445c-9a8f-55d3d4c1540e:group-95E15947E351:LeaderElection1] INFO  server.RaftServerConfigKeys (ConfUtils.java:logGet(43)) - raft.server.watch.element-limit = 65536 (default)
2019-08-28 08:49:56,259 [ce00dee3-29f4-445c-9a8f-55d3d4c1540e:group-95E15947E351:LeaderElection1] INFO  impl.RoleInfo (RoleInfo.java:updateAndGet(143)) - ce00dee3-29f4-445c-9a8f-55d3d4c1540e: start LeaderState
2019-08-28 08:49:56,273 [Thread-242] INFO  impl.FollowerState (FollowerState.java:run(106)) - 8d95cd8f-538b-4f88-94f7-9f5988eeca28:group-2461804F37D8 changes to CANDIDATE, lastRpcTime:5070, electionTimeout:5069ms
2019-08-28 08:49:56,275 [Thread-242] INFO  impl.RoleInfo (RoleInfo.java:shutdownFollowerState(121)) - 8d95cd8f-538b-4f88-94f7-9f5988eeca28: shutdown FollowerState
2019-08-28 08:49:56,275 [Thread-242] INFO  impl.RaftServerImpl (RaftServerImpl.java:setRole(171)) - 8d95cd8f-538b-4f88-94f7-9f5988eeca28:group-2461804F37D8 changes role from FOLLOWER to CANDIDATE at term 0 for changeToCandidate
2019-08-28 08:49:56,275 [Thread-242] INFO  impl.RoleInfo (RoleInfo.java:updateAndGet(143)) - 8d95cd8f-538b-4f88-94f7-9f5988eeca28: start LeaderElection
2019-08-28 08:49:56,297 [8d95cd8f-538b-4f88-94f7-9f5988eeca28:group-2461804F37D8:LeaderElection2] INFO  impl.LeaderElection (LeaderElection.java:askForVotes(181)) - 8d95cd8f-538b-4f88-94f7-9f5988eeca28:group-2461804F37D8:LeaderElection2: begin an election at term 1 for -1: [8d95cd8f-538b-4f88-94f7-9f5988eeca28:192.168.157.218:43104], old=null
2019-08-28 08:49:56,299 [8d95cd8f-538b-4f88-94f7-9f5988eeca28:group-2461804F37D8:LeaderElection2] INFO  impl.RoleInfo (RoleInfo.java:shutdownLeaderElection(134)) - 8d95cd8f-538b-4f88-94f7-9f5988eeca28: shutdown LeaderElection
2019-08-28 08:49:56,299 [8d95cd8f-538b-4f88-94f7-9f5988eeca28:group-2461804F37D8:LeaderElection2] INFO  impl.RaftServerImpl (RaftServerImpl.java:setRole(171)) - 8d95cd8f-538b-4f88-94f7-9f5988eeca28:group-2461804F37D8 changes role from CANDIDATE to LEADER at term 1 for changeToLeader
2019-08-28 08:49:56,300 [8d95cd8f-538b-4f88-94f7-9f5988eeca28:group-2461804F37D8:LeaderElection2] INFO  impl.RaftServerImpl (ServerState.java:setLeader(263)) - 8d95cd8f-538b-4f88-94f7-9f5988eeca28:group-2461804F37D8 change Leader from null to 8d95cd8f-538b-4f88-94f7-9f5988eeca28 at term 1 for becomeLeader, leader elected after 5103ms
2019-08-28 08:49:56,302 [8d95cd8f-538b-4f88-94f7-9f5988eeca28:group-2461804F37D8:LeaderElection2] INFO  server.RaftServerConfigKeys (ConfUtils.java:logGet(43)) - raft.server.staging.catchup.gap = 1000 (default)
2019-08-28 08:49:56,302 [8d95cd8f-538b-4f88-94f7-9f5988eeca28:group-2461804F37D8:LeaderElection2] INFO  server.RaftServerConfigKeys (ConfUtils.java:logGet(43)) - raft.server.rpc.sleep.time = 25ms (default)
2019-08-28 08:49:56,302 [8d95cd8f-538b-4f88-94f7-9f5988eeca28:group-2461804F37D8:LeaderElection2] INFO  server.RaftServerConfigKeys (ConfUtils.java:logGet(43)) - raft.server.write.element-limit = 4096 (default)
2019-08-28 08:49:56,302 [ce00dee3-29f4-445c-9a8f-55d3d4c1540e:group-95E15947E351:LeaderElection1] INFO  segmented.SegmentedRaftLogWorker (SegmentedRaftLogWorker.java:startLogSegment(380)) - ce00dee3-29f4-445c-9a8f-55d3d4c1540e-SegmentedRaftLogWorker:Storage Directory /workdir/hadoop-ozone/integration-test/target/test-dir/MiniOzoneClusterImpl-395dbea3-e1dd-495d-931d-a6326832166d/datanode-0/data/ratis/5fcae7cc-d76e-4f05-b3ff-95e15947e351: Starting segment from index:0
2019-08-28 08:49:56,303 [8d95cd8f-538b-4f88-94f7-9f5988eeca28:group-2461804F37D8:LeaderElection2] INFO  server.RaftServerConfigKeys (ConfUtils.java:logGet(43)) - raft.server.watch.timeout = 10s (default)
2019-08-28 08:49:56,303 [8d95cd8f-538b-4f88-94f7-9f5988eeca28:group-2461804F37D8:LeaderElection2] INFO  server.RaftServerConfigKeys (ConfUtils.java:logGet(43)) - raft.server.watch.timeout.denomination = 1s (default)
2019-08-28 08:49:56,303 [8d95cd8f-538b-4f88-94f7-9f5988eeca28:group-2461804F37D8:LeaderElection2] INFO  server.RaftServerConfigKeys (ConfUtils.java:logGet(43)) - raft.server.watch.element-limit = 65536 (default)
2019-08-28 08:49:56,304 [8d95cd8f-538b-4f88-94f7-9f5988eeca28:group-2461804F37D8:LeaderElection2] INFO  impl.RoleInfo (RoleInfo.java:updateAndGet(143)) - 8d95cd8f-538b-4f88-94f7-9f5988eeca28: start LeaderState
2019-08-28 08:49:56,304 [8d95cd8f-538b-4f88-94f7-9f5988eeca28:group-2461804F37D8:LeaderElection2] INFO  segmented.SegmentedRaftLogWorker (SegmentedRaftLogWorker.java:startLogSegment(380)) - 8d95cd8f-538b-4f88-94f7-9f5988eeca28-SegmentedRaftLogWorker:Storage Directory /workdir/hadoop-ozone/integration-test/target/test-dir/MiniOzoneClusterImpl-395dbea3-e1dd-495d-931d-a6326832166d/datanode-1/data/ratis/ad1b7110-7fad-4952-8501-2461804f37d8: Starting segment from index:0
2019-08-28 08:49:56,316 [8d95cd8f-538b-4f88-94f7-9f5988eeca28:group-2461804F37D8:LeaderElection2] INFO  impl.RaftServerImpl (ServerState.java:setRaftConf(361)) - 8d95cd8f-538b-4f88-94f7-9f5988eeca28:group-2461804F37D8 set configuration 0: [8d95cd8f-538b-4f88-94f7-9f5988eeca28:192.168.157.218:43104], old=null at 0
2019-08-28 08:49:56,316 [ce00dee3-29f4-445c-9a8f-55d3d4c1540e:group-95E15947E351:LeaderElection1] INFO  impl.RaftServerImpl (ServerState.java:setRaftConf(361)) - ce00dee3-29f4-445c-9a8f-55d3d4c1540e:group-95E15947E351 set configuration 0: [ce00dee3-29f4-445c-9a8f-55d3d4c1540e:192.168.157.218:37277], old=null at 0
2019-08-28 08:49:56,410 [Thread-248] INFO  impl.FollowerState (FollowerState.java:run(106)) - 78486bf4-f68f-4b9a-8dac-63fb21880691:group-0D2A0DC74ABF changes to CANDIDATE, lastRpcTime:5054, electionTimeout:5054ms
2019-08-28 08:49:56,410 [Thread-248] INFO  impl.RoleInfo (RoleInfo.java:shutdownFollowerState(121)) - 78486bf4-f68f-4b9a-8dac-63fb21880691: shutdown FollowerState
2019-08-28 08:49:56,410 [Thread-248] INFO  impl.RaftServerImpl (RaftServerImpl.java:setRole(171)) - 78486bf4-f68f-4b9a-8dac-63fb21880691:group-0D2A0DC74ABF changes role from FOLLOWER to CANDIDATE at term 0 for changeToCandidate
2019-08-28 08:49:56,410 [Thread-248] INFO  impl.RoleInfo (RoleInfo.java:updateAndGet(143)) - 78486bf4-f68f-4b9a-8dac-63fb21880691: start LeaderElection
2019-08-28 08:49:56,429 [78486bf4-f68f-4b9a-8dac-63fb21880691:group-0D2A0DC74ABF:LeaderElection3] INFO  impl.LeaderElection (LeaderElection.java:askForVotes(181)) - 78486bf4-f68f-4b9a-8dac-63fb21880691:group-0D2A0DC74ABF:LeaderElection3: begin an election at term 1 for -1: [78486bf4-f68f-4b9a-8dac-63fb21880691:192.168.157.218:38501], old=null
2019-08-28 08:49:56,429 [78486bf4-f68f-4b9a-8dac-63fb21880691:group-0D2A0DC74ABF:LeaderElection3] INFO  impl.RoleInfo (RoleInfo.java:shutdownLeaderElection(134)) - 78486bf4-f68f-4b9a-8dac-63fb21880691: shutdown LeaderElection
2019-08-28 08:49:56,429 [78486bf4-f68f-4b9a-8dac-63fb21880691:group-0D2A0DC74ABF:LeaderElection3] INFO  impl.RaftServerImpl (RaftServerImpl.java:setRole(171)) - 78486bf4-f68f-4b9a-8dac-63fb21880691:group-0D2A0DC74ABF changes role from CANDIDATE to LEADER at term 1 for changeToLeader
2019-08-28 08:49:56,429 [78486bf4-f68f-4b9a-8dac-63fb21880691:group-0D2A0DC74ABF:LeaderElection3] INFO  impl.RaftServerImpl (ServerState.java:setLeader(263)) - 78486bf4-f68f-4b9a-8dac-63fb21880691:group-0D2A0DC74ABF change Leader from null to 78486bf4-f68f-4b9a-8dac-63fb21880691 at term 1 for becomeLeader, leader elected after 5078ms
2019-08-28 08:49:56,431 [78486bf4-f68f-4b9a-8dac-63fb21880691:group-0D2A0DC74ABF:LeaderElection3] INFO  server.RaftServerConfigKeys (ConfUtils.java:logGet(43)) - raft.server.staging.catchup.gap = 1000 (default)
2019-08-28 08:49:56,431 [78486bf4-f68f-4b9a-8dac-63fb21880691:group-0D2A0DC74ABF:LeaderElection3] INFO  server.RaftServerConfigKeys (ConfUtils.java:logGet(43)) - raft.server.rpc.sleep.time = 25ms (default)
2019-08-28 08:49:56,431 [78486bf4-f68f-4b9a-8dac-63fb21880691:group-0D2A0DC74ABF:LeaderElection3] INFO  server.RaftServerConfigKeys (ConfUtils.java:logGet(43)) - raft.server.write.element-limit = 4096 (default)
2019-08-28 08:49:56,432 [78486bf4-f68f-4b9a-8dac-63fb21880691:group-0D2A0DC74ABF:LeaderElection3] INFO  server.RaftServerConfigKeys (ConfUtils.java:logGet(43)) - raft.server.watch.timeout = 10s (default)
2019-08-28 08:49:56,432 [78486bf4-f68f-4b9a-8dac-63fb21880691:group-0D2A0DC74ABF:LeaderElection3] INFO  server.RaftServerConfigKeys (ConfUtils.java:logGet(43)) - raft.server.watch.timeout.denomination = 1s (default)
2019-08-28 08:49:56,432 [78486bf4-f68f-4b9a-8dac-63fb21880691:group-0D2A0DC74ABF:LeaderElection3] INFO  server.RaftServerConfigKeys (ConfUtils.java:logGet(43)) - raft.server.watch.element-limit = 65536 (default)
2019-08-28 08:49:56,432 [78486bf4-f68f-4b9a-8dac-63fb21880691:group-0D2A0DC74ABF:LeaderElection3] INFO  impl.RoleInfo (RoleInfo.java:updateAndGet(143)) - 78486bf4-f68f-4b9a-8dac-63fb21880691: start LeaderState
2019-08-28 08:49:56,433 [78486bf4-f68f-4b9a-8dac-63fb21880691:group-0D2A0DC74ABF:LeaderElection3] INFO  segmented.SegmentedRaftLogWorker (SegmentedRaftLogWorker.java:startLogSegment(380)) - 78486bf4-f68f-4b9a-8dac-63fb21880691-SegmentedRaftLogWorker:Storage Directory /workdir/hadoop-ozone/integration-test/target/test-dir/MiniOzoneClusterImpl-395dbea3-e1dd-495d-931d-a6326832166d/datanode-5/data/ratis/2bf969b2-7c19-4910-8df1-0d2a0dc74abf: Starting segment from index:0
2019-08-28 08:49:56,433 [78486bf4-f68f-4b9a-8dac-63fb21880691:group-0D2A0DC74ABF:LeaderElection3] INFO  impl.RaftServerImpl (ServerState.java:setRaftConf(361)) - 78486bf4-f68f-4b9a-8dac-63fb21880691:group-0D2A0DC74ABF set configuration 0: [78486bf4-f68f-4b9a-8dac-63fb21880691:192.168.157.218:38501], old=null at 0
2019-08-28 08:49:56,484 [Thread-245] INFO  impl.FollowerState (FollowerState.java:run(106)) - f7e2cea5-86b6-454a-9d62-19068d8c24b2:group-556185D966E3 changes to CANDIDATE, lastRpcTime:5197, electionTimeout:5197ms
2019-08-28 08:49:56,484 [Thread-245] INFO  impl.RoleInfo (RoleInfo.java:shutdownFollowerState(121)) - f7e2cea5-86b6-454a-9d62-19068d8c24b2: shutdown FollowerState
2019-08-28 08:49:56,484 [Thread-245] INFO  impl.RaftServerImpl (RaftServerImpl.java:setRole(171)) - f7e2cea5-86b6-454a-9d62-19068d8c24b2:group-556185D966E3 changes role from FOLLOWER to CANDIDATE at term 0 for changeToCandidate
2019-08-28 08:49:56,484 [Thread-245] INFO  impl.RoleInfo (RoleInfo.java:updateAndGet(143)) - f7e2cea5-86b6-454a-9d62-19068d8c24b2: start LeaderElection
2019-08-28 08:49:56,525 [ce00dee3-29f4-445c-9a8f-55d3d4c1540e-SegmentedRaftLogWorker:Storage Directory /workdir/hadoop-ozone/integration-test/target/test-dir/MiniOzoneClusterImpl-395dbea3-e1dd-495d-931d-a6326832166d/datanode-0/data/ratis/5fcae7cc-d76e-4f05-b3ff-95e15947e351] INFO  segmented.SegmentedRaftLogWorker (SegmentedRaftLogWorker.java:execute(569)) - ce00dee3-29f4-445c-9a8f-55d3d4c1540e-SegmentedRaftLogWorker:Storage Directory /workdir/hadoop-ozone/integration-test/target/test-dir/MiniOzoneClusterImpl-395dbea3-e1dd-495d-931d-a6326832166d/datanode-0/data/ratis/5fcae7cc-d76e-4f05-b3ff-95e15947e351: created new log segment /workdir/hadoop-ozone/integration-test/target/test-dir/MiniOzoneClusterImpl-395dbea3-e1dd-495d-931d-a6326832166d/datanode-0/data/ratis/5fcae7cc-d76e-4f05-b3ff-95e15947e351/current/log_inprogress_0
2019-08-28 08:49:56,525 [f7e2cea5-86b6-454a-9d62-19068d8c24b2:group-556185D966E3:LeaderElection4] INFO  impl.LeaderElection (LeaderElection.java:askForVotes(181)) - f7e2cea5-86b6-454a-9d62-19068d8c24b2:group-556185D966E3:LeaderElection4: begin an election at term 1 for -1: [f7e2cea5-86b6-454a-9d62-19068d8c24b2:192.168.157.218:34707], old=null
2019-08-28 08:49:56,525 [78486bf4-f68f-4b9a-8dac-63fb21880691-SegmentedRaftLogWorker:Storage Directory /workdir/hadoop-ozone/integration-test/target/test-dir/MiniOzoneClusterImpl-395dbea3-e1dd-495d-931d-a6326832166d/datanode-5/data/ratis/2bf969b2-7c19-4910-8df1-0d2a0dc74abf] INFO  segmented.SegmentedRaftLogWorker (SegmentedRaftLogWorker.java:execute(569)) - 78486bf4-f68f-4b9a-8dac-63fb21880691-SegmentedRaftLogWorker:Storage Directory /workdir/hadoop-ozone/integration-test/target/test-dir/MiniOzoneClusterImpl-395dbea3-e1dd-495d-931d-a6326832166d/datanode-5/data/ratis/2bf969b2-7c19-4910-8df1-0d2a0dc74abf: created new log segment /workdir/hadoop-ozone/integration-test/target/test-dir/MiniOzoneClusterImpl-395dbea3-e1dd-495d-931d-a6326832166d/datanode-5/data/ratis/2bf969b2-7c19-4910-8df1-0d2a0dc74abf/current/log_inprogress_0
2019-08-28 08:49:56,525 [8d95cd8f-538b-4f88-94f7-9f5988eeca28-SegmentedRaftLogWorker:Storage Directory /workdir/hadoop-ozone/integration-test/target/test-dir/MiniOzoneClusterImpl-395dbea3-e1dd-495d-931d-a6326832166d/datanode-1/data/ratis/ad1b7110-7fad-4952-8501-2461804f37d8] INFO  segmented.SegmentedRaftLogWorker (SegmentedRaftLogWorker.java:execute(569)) - 8d95cd8f-538b-4f88-94f7-9f5988eeca28-SegmentedRaftLogWorker:Storage Directory /workdir/hadoop-ozone/integration-test/target/test-dir/MiniOzoneClusterImpl-395dbea3-e1dd-495d-931d-a6326832166d/datanode-1/data/ratis/ad1b7110-7fad-4952-8501-2461804f37d8: created new log segment /workdir/hadoop-ozone/integration-test/target/test-dir/MiniOzoneClusterImpl-395dbea3-e1dd-495d-931d-a6326832166d/datanode-1/data/ratis/ad1b7110-7fad-4952-8501-2461804f37d8/current/log_inprogress_0
2019-08-28 08:49:56,526 [f7e2cea5-86b6-454a-9d62-19068d8c24b2:group-556185D966E3:LeaderElection4] INFO  impl.RoleInfo (RoleInfo.java:shutdownLeaderElection(134)) - f7e2cea5-86b6-454a-9d62-19068d8c24b2: shutdown LeaderElection
2019-08-28 08:49:56,536 [f7e2cea5-86b6-454a-9d62-19068d8c24b2:group-556185D966E3:LeaderElection4] INFO  impl.RaftServerImpl (RaftServerImpl.java:setRole(171)) - f7e2cea5-86b6-454a-9d62-19068d8c24b2:group-556185D966E3 changes role from CANDIDATE to LEADER at term 1 for changeToLeader
2019-08-28 08:49:56,536 [f7e2cea5-86b6-454a-9d62-19068d8c24b2:group-556185D966E3:LeaderElection4] INFO  impl.RaftServerImpl (ServerState.java:setLeader(263)) - f7e2cea5-86b6-454a-9d62-19068d8c24b2:group-556185D966E3 change Leader from null to f7e2cea5-86b6-454a-9d62-19068d8c24b2 at term 1 for becomeLeader, leader elected after 5253ms
2019-08-28 08:49:56,538 [f7e2cea5-86b6-454a-9d62-19068d8c24b2:group-556185D966E3:LeaderElection4] INFO  server.RaftServerConfigKeys (ConfUtils.java:logGet(43)) - raft.server.staging.catchup.gap = 1000 (default)
2019-08-28 08:49:56,538 [f7e2cea5-86b6-454a-9d62-19068d8c24b2:group-556185D966E3:LeaderElection4] INFO  server.RaftServerConfigKeys (ConfUtils.java:logGet(43)) - raft.server.rpc.sleep.time = 25ms (default)
2019-08-28 08:49:56,538 [f7e2cea5-86b6-454a-9d62-19068d8c24b2:group-556185D966E3:LeaderElection4] INFO  server.RaftServerConfigKeys (ConfUtils.java:logGet(43)) - raft.server.write.element-limit = 4096 (default)
2019-08-28 08:49:56,539 [f7e2cea5-86b6-454a-9d62-19068d8c24b2:group-556185D966E3:LeaderElection4] INFO  server.RaftServerConfigKeys (ConfUtils.java:logGet(43)) - raft.server.watch.timeout = 10s (default)
2019-08-28 08:49:56,539 [f7e2cea5-86b6-454a-9d62-19068d8c24b2:group-556185D966E3:LeaderElection4] INFO  server.RaftServerConfigKeys (ConfUtils.java:logGet(43)) - raft.server.watch.timeout.denomination = 1s (default)
2019-08-28 08:49:56,539 [f7e2cea5-86b6-454a-9d62-19068d8c24b2:group-556185D966E3:LeaderElection4] INFO  server.RaftServerConfigKeys (ConfUtils.java:logGet(43)) - raft.server.watch.element-limit = 65536 (default)
2019-08-28 08:49:56,539 [f7e2cea5-86b6-454a-9d62-19068d8c24b2:group-556185D966E3:LeaderElection4] INFO  impl.RoleInfo (RoleInfo.java:updateAndGet(143)) - f7e2cea5-86b6-454a-9d62-19068d8c24b2: start LeaderState
2019-08-28 08:49:56,540 [f7e2cea5-86b6-454a-9d62-19068d8c24b2:group-556185D966E3:LeaderElection4] INFO  segmented.SegmentedRaftLogWorker (SegmentedRaftLogWorker.java:startLogSegment(380)) - f7e2cea5-86b6-454a-9d62-19068d8c24b2-SegmentedRaftLogWorker:Storage Directory /workdir/hadoop-ozone/integration-test/target/test-dir/MiniOzoneClusterImpl-395dbea3-e1dd-495d-931d-a6326832166d/datanode-2/data/ratis/f093006e-e39a-4f44-8c85-556185d966e3: Starting segment from index:0
2019-08-28 08:49:56,540 [f7e2cea5-86b6-454a-9d62-19068d8c24b2:group-556185D966E3:LeaderElection4] INFO  impl.RaftServerImpl (ServerState.java:setRaftConf(361)) - f7e2cea5-86b6-454a-9d62-19068d8c24b2:group-556185D966E3 set configuration 0: [f7e2cea5-86b6-454a-9d62-19068d8c24b2:192.168.157.218:34707], old=null at 0
2019-08-28 08:49:56,579 | INFO  | SCMAudit | user=jenkins1000 | ip=192.168.157.218 | op=SEND_HEARTBEAT {datanodeUUID=d6cf014b-20b5-44c2-a63d-b3683dd2f34e, command=[]} | ret=SUCCESS |  
2019-08-28 08:49:56,579 | INFO  | SCMAudit | user=jenkins1000 | ip=192.168.157.218 | op=SEND_HEARTBEAT {datanodeUUID=45b9b205-b7f2-4538-986a-1da8d027ad58, command=[]} | ret=SUCCESS |  
2019-08-28 08:49:56,580 | INFO  | SCMAudit | user=jenkins1000 | ip=192.168.157.218 | op=SEND_HEARTBEAT {datanodeUUID=f7e2cea5-86b6-454a-9d62-19068d8c24b2, command=[]} | ret=SUCCESS |  
2019-08-28 08:49:56,590 [f7e2cea5-86b6-454a-9d62-19068d8c24b2-SegmentedRaftLogWorker:Storage Directory /workdir/hadoop-ozone/integration-test/target/test-dir/MiniOzoneClusterImpl-395dbea3-e1dd-495d-931d-a6326832166d/datanode-2/data/ratis/f093006e-e39a-4f44-8c85-556185d966e3] INFO  segmented.SegmentedRaftLogWorker (SegmentedRaftLogWorker.java:execute(569)) - f7e2cea5-86b6-454a-9d62-19068d8c24b2-SegmentedRaftLogWorker:Storage Directory /workdir/hadoop-ozone/integration-test/target/test-dir/MiniOzoneClusterImpl-395dbea3-e1dd-495d-931d-a6326832166d/datanode-2/data/ratis/f093006e-e39a-4f44-8c85-556185d966e3: created new log segment /workdir/hadoop-ozone/integration-test/target/test-dir/MiniOzoneClusterImpl-395dbea3-e1dd-495d-931d-a6326832166d/datanode-2/data/ratis/f093006e-e39a-4f44-8c85-556185d966e3/current/log_inprogress_0
2019-08-28 08:49:56,617 [Thread-251] INFO  impl.FollowerState (FollowerState.java:run(106)) - d6cf014b-20b5-44c2-a63d-b3683dd2f34e:group-3CE355958EA6 changes to CANDIDATE, lastRpcTime:5187, electionTimeout:5187ms
2019-08-28 08:49:56,617 [Thread-251] INFO  impl.RoleInfo (RoleInfo.java:shutdownFollowerState(121)) - d6cf014b-20b5-44c2-a63d-b3683dd2f34e: shutdown FollowerState
2019-08-28 08:49:56,617 [Thread-251] INFO  impl.RaftServerImpl (RaftServerImpl.java:setRole(171)) - d6cf014b-20b5-44c2-a63d-b3683dd2f34e:group-3CE355958EA6 changes role from FOLLOWER to CANDIDATE at term 0 for changeToCandidate
2019-08-28 08:49:56,618 [Thread-251] INFO  impl.RoleInfo (RoleInfo.java:updateAndGet(143)) - d6cf014b-20b5-44c2-a63d-b3683dd2f34e: start LeaderElection
2019-08-28 08:49:56,633 [Thread-254] INFO  impl.FollowerState (FollowerState.java:run(106)) - 45b9b205-b7f2-4538-986a-1da8d027ad58:group-8F60518E5BA8 changes to CANDIDATE, lastRpcTime:5125, electionTimeout:5125ms
2019-08-28 08:49:56,635 [Thread-254] INFO  impl.RoleInfo (RoleInfo.java:shutdownFollowerState(121)) - 45b9b205-b7f2-4538-986a-1da8d027ad58: shutdown FollowerState
2019-08-28 08:49:56,636 [Thread-254] INFO  impl.RaftServerImpl (RaftServerImpl.java:setRole(171)) - 45b9b205-b7f2-4538-986a-1da8d027ad58:group-8F60518E5BA8 changes role from FOLLOWER to CANDIDATE at term 0 for changeToCandidate
2019-08-28 08:49:56,636 [Thread-254] INFO  impl.RoleInfo (RoleInfo.java:updateAndGet(143)) - 45b9b205-b7f2-4538-986a-1da8d027ad58: start LeaderElection
2019-08-28 08:49:56,642 [d6cf014b-20b5-44c2-a63d-b3683dd2f34e:group-3CE355958EA6:LeaderElection5] INFO  impl.LeaderElection (LeaderElection.java:askForVotes(181)) - d6cf014b-20b5-44c2-a63d-b3683dd2f34e:group-3CE355958EA6:LeaderElection5: begin an election at term 1 for -1: [d6cf014b-20b5-44c2-a63d-b3683dd2f34e:192.168.157.218:34709], old=null
2019-08-28 08:49:56,642 [d6cf014b-20b5-44c2-a63d-b3683dd2f34e:group-3CE355958EA6:LeaderElection5] INFO  impl.RoleInfo (RoleInfo.java:shutdownLeaderElection(134)) - d6cf014b-20b5-44c2-a63d-b3683dd2f34e: shutdown LeaderElection
2019-08-28 08:49:56,642 [d6cf014b-20b5-44c2-a63d-b3683dd2f34e:group-3CE355958EA6:LeaderElection5] INFO  impl.RaftServerImpl (RaftServerImpl.java:setRole(171)) - d6cf014b-20b5-44c2-a63d-b3683dd2f34e:group-3CE355958EA6 changes role from CANDIDATE to LEADER at term 1 for changeToLeader
2019-08-28 08:49:56,642 [d6cf014b-20b5-44c2-a63d-b3683dd2f34e:group-3CE355958EA6:LeaderElection5] INFO  impl.RaftServerImpl (ServerState.java:setLeader(263)) - d6cf014b-20b5-44c2-a63d-b3683dd2f34e:group-3CE355958EA6 change Leader from null to d6cf014b-20b5-44c2-a63d-b3683dd2f34e at term 1 for becomeLeader, leader elected after 5216ms
2019-08-28 08:49:56,644 [d6cf014b-20b5-44c2-a63d-b3683dd2f34e:group-3CE355958EA6:LeaderElection5] INFO  server.RaftServerConfigKeys (ConfUtils.java:logGet(43)) - raft.server.staging.catchup.gap = 1000 (default)
2019-08-28 08:49:56,645 [d6cf014b-20b5-44c2-a63d-b3683dd2f34e:group-3CE355958EA6:LeaderElection5] INFO  server.RaftServerConfigKeys (ConfUtils.java:logGet(43)) - raft.server.rpc.sleep.time = 25ms (default)
2019-08-28 08:49:56,645 [d6cf014b-20b5-44c2-a63d-b3683dd2f34e:group-3CE355958EA6:LeaderElection5] INFO  server.RaftServerConfigKeys (ConfUtils.java:logGet(43)) - raft.server.write.element-limit = 4096 (default)
2019-08-28 08:49:56,645 [d6cf014b-20b5-44c2-a63d-b3683dd2f34e:group-3CE355958EA6:LeaderElection5] INFO  server.RaftServerConfigKeys (ConfUtils.java:logGet(43)) - raft.server.watch.timeout = 10s (default)
2019-08-28 08:49:56,645 [d6cf014b-20b5-44c2-a63d-b3683dd2f34e:group-3CE355958EA6:LeaderElection5] INFO  server.RaftServerConfigKeys (ConfUtils.java:logGet(43)) - raft.server.watch.timeout.denomination = 1s (default)
2019-08-28 08:49:56,645 [d6cf014b-20b5-44c2-a63d-b3683dd2f34e:group-3CE355958EA6:LeaderElection5] INFO  server.RaftServerConfigKeys (ConfUtils.java:logGet(43)) - raft.server.watch.element-limit = 65536 (default)
2019-08-28 08:49:56,646 [d6cf014b-20b5-44c2-a63d-b3683dd2f34e:group-3CE355958EA6:LeaderElection5] INFO  impl.RoleInfo (RoleInfo.java:updateAndGet(143)) - d6cf014b-20b5-44c2-a63d-b3683dd2f34e: start LeaderState
2019-08-28 08:49:56,646 [d6cf014b-20b5-44c2-a63d-b3683dd2f34e:group-3CE355958EA6:LeaderElection5] INFO  segmented.SegmentedRaftLogWorker (SegmentedRaftLogWorker.java:startLogSegment(380)) - d6cf014b-20b5-44c2-a63d-b3683dd2f34e-SegmentedRaftLogWorker:Storage Directory /workdir/hadoop-ozone/integration-test/target/test-dir/MiniOzoneClusterImpl-395dbea3-e1dd-495d-931d-a6326832166d/datanode-3/data/ratis/9529a309-d033-4d44-ae9b-3ce355958ea6: Starting segment from index:0
2019-08-28 08:49:56,647 [d6cf014b-20b5-44c2-a63d-b3683dd2f34e:group-3CE355958EA6:LeaderElection5] INFO  impl.RaftServerImpl (ServerState.java:setRaftConf(361)) - d6cf014b-20b5-44c2-a63d-b3683dd2f34e:group-3CE355958EA6 set configuration 0: [d6cf014b-20b5-44c2-a63d-b3683dd2f34e:192.168.157.218:34709], old=null at 0
2019-08-28 08:49:56,690 [45b9b205-b7f2-4538-986a-1da8d027ad58:group-8F60518E5BA8:LeaderElection6] INFO  impl.LeaderElection (LeaderElection.java:askForVotes(181)) - 45b9b205-b7f2-4538-986a-1da8d027ad58:group-8F60518E5BA8:LeaderElection6: begin an election at term 1 for -1: [45b9b205-b7f2-4538-986a-1da8d027ad58:192.168.157.218:45280], old=null
2019-08-28 08:49:56,690 [Thread-257] INFO  impl.FollowerState (FollowerState.java:run(106)) - 8018ea23-1975-44ef-9f1f-31b69c574cd2:group-54789691EB6B changes to CANDIDATE, lastRpcTime:5102, electionTimeout:5096ms
2019-08-28 08:49:56,690 [45b9b205-b7f2-4538-986a-1da8d027ad58:group-8F60518E5BA8:LeaderElection6] INFO  impl.RoleInfo (RoleInfo.java:shutdownLeaderElection(134)) - 45b9b205-b7f2-4538-986a-1da8d027ad58: shutdown LeaderElection
2019-08-28 08:49:56,690 [Thread-257] INFO  impl.RoleInfo (RoleInfo.java:shutdownFollowerState(121)) - 8018ea23-1975-44ef-9f1f-31b69c574cd2: shutdown FollowerState
2019-08-28 08:49:56,690 [45b9b205-b7f2-4538-986a-1da8d027ad58:group-8F60518E5BA8:LeaderElection6] INFO  impl.RaftServerImpl (RaftServerImpl.java:setRole(171)) - 45b9b205-b7f2-4538-986a-1da8d027ad58:group-8F60518E5BA8 changes role from CANDIDATE to LEADER at term 1 for changeToLeader
2019-08-28 08:49:56,690 [Thread-257] INFO  impl.RaftServerImpl (RaftServerImpl.java:setRole(171)) - 8018ea23-1975-44ef-9f1f-31b69c574cd2:group-54789691EB6B changes role from FOLLOWER to CANDIDATE at term 0 for changeToCandidate
2019-08-28 08:49:56,690 [45b9b205-b7f2-4538-986a-1da8d027ad58:group-8F60518E5BA8:LeaderElection6] INFO  impl.RaftServerImpl (ServerState.java:setLeader(263)) - 45b9b205-b7f2-4538-986a-1da8d027ad58:group-8F60518E5BA8 change Leader from null to 45b9b205-b7f2-4538-986a-1da8d027ad58 at term 1 for becomeLeader, leader elected after 5186ms
2019-08-28 08:49:56,691 [Thread-257] INFO  impl.RoleInfo (RoleInfo.java:updateAndGet(143)) - 8018ea23-1975-44ef-9f1f-31b69c574cd2: start LeaderElection
2019-08-28 08:49:56,693 [45b9b205-b7f2-4538-986a-1da8d027ad58:group-8F60518E5BA8:LeaderElection6] INFO  server.RaftServerConfigKeys (ConfUtils.java:logGet(43)) - raft.server.staging.catchup.gap = 1000 (default)
2019-08-28 08:49:56,693 [45b9b205-b7f2-4538-986a-1da8d027ad58:group-8F60518E5BA8:LeaderElection6] INFO  server.RaftServerConfigKeys (ConfUtils.java:logGet(43)) - raft.server.rpc.sleep.time = 25ms (default)
2019-08-28 08:49:56,699 [45b9b205-b7f2-4538-986a-1da8d027ad58:group-8F60518E5BA8:LeaderElection6] INFO  server.RaftServerConfigKeys (ConfUtils.java:logGet(43)) - raft.server.write.element-limit = 4096 (default)
2019-08-28 08:49:56,699 [45b9b205-b7f2-4538-986a-1da8d027ad58:group-8F60518E5BA8:LeaderElection6] INFO  server.RaftServerConfigKeys (ConfUtils.java:logGet(43)) - raft.server.watch.timeout = 10s (default)
2019-08-28 08:49:56,700 [45b9b205-b7f2-4538-986a-1da8d027ad58:group-8F60518E5BA8:LeaderElection6] INFO  server.RaftServerConfigKeys (ConfUtils.java:logGet(43)) - raft.server.watch.timeout.denomination = 1s (default)
2019-08-28 08:49:56,700 [45b9b205-b7f2-4538-986a-1da8d027ad58:group-8F60518E5BA8:LeaderElection6] INFO  server.RaftServerConfigKeys (ConfUtils.java:logGet(43)) - raft.server.watch.element-limit = 65536 (default)
2019-08-28 08:49:56,700 [45b9b205-b7f2-4538-986a-1da8d027ad58:group-8F60518E5BA8:LeaderElection6] INFO  impl.RoleInfo (RoleInfo.java:updateAndGet(143)) - 45b9b205-b7f2-4538-986a-1da8d027ad58: start LeaderState
2019-08-28 08:49:56,701 [45b9b205-b7f2-4538-986a-1da8d027ad58:group-8F60518E5BA8:LeaderElection6] INFO  segmented.SegmentedRaftLogWorker (SegmentedRaftLogWorker.java:startLogSegment(380)) - 45b9b205-b7f2-4538-986a-1da8d027ad58-SegmentedRaftLogWorker:Storage Directory /workdir/hadoop-ozone/integration-test/target/test-dir/MiniOzoneClusterImpl-395dbea3-e1dd-495d-931d-a6326832166d/datanode-4/data/ratis/42fbf50d-beba-49c5-944d-8f60518e5ba8: Starting segment from index:0
2019-08-28 08:49:56,701 [45b9b205-b7f2-4538-986a-1da8d027ad58:group-8F60518E5BA8:LeaderElection6] INFO  impl.RaftServerImpl (ServerState.java:setRaftConf(361)) - 45b9b205-b7f2-4538-986a-1da8d027ad58:group-8F60518E5BA8 set configuration 0: [45b9b205-b7f2-4538-986a-1da8d027ad58:192.168.157.218:45280], old=null at 0
2019-08-28 08:49:56,741 [Thread-260] INFO  impl.FollowerState (FollowerState.java:run(106)) - 8d95cd8f-538b-4f88-94f7-9f5988eeca28:group-7B255049C374 changes to CANDIDATE, lastRpcTime:5030, electionTimeout:5011ms
2019-08-28 08:49:56,741 [Thread-265] INFO  impl.FollowerState (FollowerState.java:run(106)) - 78486bf4-f68f-4b9a-8dac-63fb21880691:group-7B255049C374 changes to CANDIDATE, lastRpcTime:5027, electionTimeout:5002ms
2019-08-28 08:49:56,741 [8018ea23-1975-44ef-9f1f-31b69c574cd2:group-54789691EB6B:LeaderElection7] INFO  impl.LeaderElection (LeaderElection.java:askForVotes(181)) - 8018ea23-1975-44ef-9f1f-31b69c574cd2:group-54789691EB6B:LeaderElection7: begin an election at term 1 for -1: [8018ea23-1975-44ef-9f1f-31b69c574cd2:192.168.157.218:45170], old=null
2019-08-28 08:49:56,741 [Thread-265] INFO  impl.RoleInfo (RoleInfo.java:shutdownFollowerState(121)) - 78486bf4-f68f-4b9a-8dac-63fb21880691: shutdown FollowerState
2019-08-28 08:49:56,742 [8018ea23-1975-44ef-9f1f-31b69c574cd2:group-54789691EB6B:LeaderElection7] INFO  impl.RoleInfo (RoleInfo.java:shutdownLeaderElection(134)) - 8018ea23-1975-44ef-9f1f-31b69c574cd2: shutdown LeaderElection
2019-08-28 08:49:56,741 [d6cf014b-20b5-44c2-a63d-b3683dd2f34e-SegmentedRaftLogWorker:Storage Directory /workdir/hadoop-ozone/integration-test/target/test-dir/MiniOzoneClusterImpl-395dbea3-e1dd-495d-931d-a6326832166d/datanode-3/data/ratis/9529a309-d033-4d44-ae9b-3ce355958ea6] INFO  segmented.SegmentedRaftLogWorker (SegmentedRaftLogWorker.java:execute(569)) - d6cf014b-20b5-44c2-a63d-b3683dd2f34e-SegmentedRaftLogWorker:Storage Directory /workdir/hadoop-ozone/integration-test/target/test-dir/MiniOzoneClusterImpl-395dbea3-e1dd-495d-931d-a6326832166d/datanode-3/data/ratis/9529a309-d033-4d44-ae9b-3ce355958ea6: created new log segment /workdir/hadoop-ozone/integration-test/target/test-dir/MiniOzoneClusterImpl-395dbea3-e1dd-495d-931d-a6326832166d/datanode-3/data/ratis/9529a309-d033-4d44-ae9b-3ce355958ea6/current/log_inprogress_0
2019-08-28 08:49:56,741 [Thread-260] INFO  impl.RoleInfo (RoleInfo.java:shutdownFollowerState(121)) - 8d95cd8f-538b-4f88-94f7-9f5988eeca28: shutdown FollowerState
2019-08-28 08:49:56,742 [8018ea23-1975-44ef-9f1f-31b69c574cd2:group-54789691EB6B:LeaderElection7] INFO  impl.RaftServerImpl (RaftServerImpl.java:setRole(171)) - 8018ea23-1975-44ef-9f1f-31b69c574cd2:group-54789691EB6B changes role from CANDIDATE to LEADER at term 1 for changeToLeader
2019-08-28 08:49:56,760 [45b9b205-b7f2-4538-986a-1da8d027ad58-SegmentedRaftLogWorker:Storage Directory /workdir/hadoop-ozone/integration-test/target/test-dir/MiniOzoneClusterImpl-395dbea3-e1dd-495d-931d-a6326832166d/datanode-4/data/ratis/42fbf50d-beba-49c5-944d-8f60518e5ba8] INFO  segmented.SegmentedRaftLogWorker (SegmentedRaftLogWorker.java:execute(569)) - 45b9b205-b7f2-4538-986a-1da8d027ad58-SegmentedRaftLogWorker:Storage Directory /workdir/hadoop-ozone/integration-test/target/test-dir/MiniOzoneClusterImpl-395dbea3-e1dd-495d-931d-a6326832166d/datanode-4/data/ratis/42fbf50d-beba-49c5-944d-8f60518e5ba8: created new log segment /workdir/hadoop-ozone/integration-test/target/test-dir/MiniOzoneClusterImpl-395dbea3-e1dd-495d-931d-a6326832166d/datanode-4/data/ratis/42fbf50d-beba-49c5-944d-8f60518e5ba8/current/log_inprogress_0
2019-08-28 08:49:56,742 [Thread-265] INFO  impl.RaftServerImpl (RaftServerImpl.java:setRole(171)) - 78486bf4-f68f-4b9a-8dac-63fb21880691:group-7B255049C374 changes role from FOLLOWER to CANDIDATE at term 0 for changeToCandidate
2019-08-28 08:49:56,760 [8018ea23-1975-44ef-9f1f-31b69c574cd2:group-54789691EB6B:LeaderElection7] INFO  impl.RaftServerImpl (ServerState.java:setLeader(263)) - 8018ea23-1975-44ef-9f1f-31b69c574cd2:group-54789691EB6B change Leader from null to 8018ea23-1975-44ef-9f1f-31b69c574cd2 at term 1 for becomeLeader, leader elected after 5178ms
2019-08-28 08:49:56,742 [Thread-260] INFO  impl.RaftServerImpl (RaftServerImpl.java:setRole(171)) - 8d95cd8f-538b-4f88-94f7-9f5988eeca28:group-7B255049C374 changes role from FOLLOWER to CANDIDATE at term 0 for changeToCandidate
2019-08-28 08:49:56,763 | INFO  | SCMAudit | user=jenkins1000 | ip=192.168.157.218 | op=SEND_HEARTBEAT {datanodeUUID=ce00dee3-29f4-445c-9a8f-55d3d4c1540e, command=[]} | ret=SUCCESS |  
2019-08-28 08:49:56,765 [8018ea23-1975-44ef-9f1f-31b69c574cd2:group-54789691EB6B:LeaderElection7] INFO  server.RaftServerConfigKeys (ConfUtils.java:logGet(43)) - raft.server.staging.catchup.gap = 1000 (default)
2019-08-28 08:49:56,763 [Thread-265] INFO  impl.RoleInfo (RoleInfo.java:updateAndGet(143)) - 78486bf4-f68f-4b9a-8dac-63fb21880691: start LeaderElection
2019-08-28 08:49:56,765 [8018ea23-1975-44ef-9f1f-31b69c574cd2:group-54789691EB6B:LeaderElection7] INFO  server.RaftServerConfigKeys (ConfUtils.java:logGet(43)) - raft.server.rpc.sleep.time = 25ms (default)
2019-08-28 08:49:56,765 [Thread-260] INFO  impl.RoleInfo (RoleInfo.java:updateAndGet(143)) - 8d95cd8f-538b-4f88-94f7-9f5988eeca28: start LeaderElection
2019-08-28 08:49:56,766 [8018ea23-1975-44ef-9f1f-31b69c574cd2:group-54789691EB6B:LeaderElection7] INFO  server.RaftServerConfigKeys (ConfUtils.java:logGet(43)) - raft.server.write.element-limit = 4096 (default)
2019-08-28 08:49:56,775 [8018ea23-1975-44ef-9f1f-31b69c574cd2:group-54789691EB6B:LeaderElection7] INFO  server.RaftServerConfigKeys (ConfUtils.java:logGet(43)) - raft.server.watch.timeout = 10s (default)
2019-08-28 08:49:56,775 [8018ea23-1975-44ef-9f1f-31b69c574cd2:group-54789691EB6B:LeaderElection7] INFO  server.RaftServerConfigKeys (ConfUtils.java:logGet(43)) - raft.server.watch.timeout.denomination = 1s (default)
2019-08-28 08:49:56,775 [8018ea23-1975-44ef-9f1f-31b69c574cd2:group-54789691EB6B:LeaderElection7] INFO  server.RaftServerConfigKeys (ConfUtils.java:logGet(43)) - raft.server.watch.element-limit = 65536 (default)
2019-08-28 08:49:56,780 [8018ea23-1975-44ef-9f1f-31b69c574cd2:group-54789691EB6B:LeaderElection7] INFO  impl.RoleInfo (RoleInfo.java:updateAndGet(143)) - 8018ea23-1975-44ef-9f1f-31b69c574cd2: start LeaderState
2019-08-28 08:49:56,780 [8018ea23-1975-44ef-9f1f-31b69c574cd2:group-54789691EB6B:LeaderElection7] INFO  segmented.SegmentedRaftLogWorker (SegmentedRaftLogWorker.java:startLogSegment(380)) - 8018ea23-1975-44ef-9f1f-31b69c574cd2-SegmentedRaftLogWorker:Storage Directory /workdir/hadoop-ozone/integration-test/target/test-dir/MiniOzoneClusterImpl-395dbea3-e1dd-495d-931d-a6326832166d/datanode-6/data/ratis/983a02ca-0beb-4be8-9a5a-54789691eb6b: Starting segment from index:0
2019-08-28 08:49:56,781 [8018ea23-1975-44ef-9f1f-31b69c574cd2:group-54789691EB6B:LeaderElection7] INFO  impl.RaftServerImpl (ServerState.java:setRaftConf(361)) - 8018ea23-1975-44ef-9f1f-31b69c574cd2:group-54789691EB6B set configuration 0: [8018ea23-1975-44ef-9f1f-31b69c574cd2:192.168.157.218:45170], old=null at 0
2019-08-28 08:49:56,822 [78486bf4-f68f-4b9a-8dac-63fb21880691:group-7B255049C374:LeaderElection8] INFO  impl.LeaderElection (LeaderElection.java:askForVotes(181)) - 78486bf4-f68f-4b9a-8dac-63fb21880691:group-7B255049C374:LeaderElection8: begin an election at term 1 for -1: [f7e2cea5-86b6-454a-9d62-19068d8c24b2:192.168.157.218:34707, 78486bf4-f68f-4b9a-8dac-63fb21880691:192.168.157.218:38501, 8d95cd8f-538b-4f88-94f7-9f5988eeca28:192.168.157.218:43104], old=null
2019-08-28 08:49:56,822 [8d95cd8f-538b-4f88-94f7-9f5988eeca28:group-7B255049C374:LeaderElection9] INFO  impl.LeaderElection (LeaderElection.java:askForVotes(181)) - 8d95cd8f-538b-4f88-94f7-9f5988eeca28:group-7B255049C374:LeaderElection9: begin an election at term 1 for -1: [f7e2cea5-86b6-454a-9d62-19068d8c24b2:192.168.157.218:34707, 78486bf4-f68f-4b9a-8dac-63fb21880691:192.168.157.218:38501, 8d95cd8f-538b-4f88-94f7-9f5988eeca28:192.168.157.218:43104], old=null
2019-08-28 08:49:56,835 [8018ea23-1975-44ef-9f1f-31b69c574cd2-SegmentedRaftLogWorker:Storage Directory /workdir/hadoop-ozone/integration-test/target/test-dir/MiniOzoneClusterImpl-395dbea3-e1dd-495d-931d-a6326832166d/datanode-6/data/ratis/983a02ca-0beb-4be8-9a5a-54789691eb6b] INFO  segmented.SegmentedRaftLogWorker (SegmentedRaftLogWorker.java:execute(569)) - 8018ea23-1975-44ef-9f1f-31b69c574cd2-SegmentedRaftLogWorker:Storage Directory /workdir/hadoop-ozone/integration-test/target/test-dir/MiniOzoneClusterImpl-395dbea3-e1dd-495d-931d-a6326832166d/datanode-6/data/ratis/983a02ca-0beb-4be8-9a5a-54789691eb6b: created new log segment /workdir/hadoop-ozone/integration-test/target/test-dir/MiniOzoneClusterImpl-395dbea3-e1dd-495d-931d-a6326832166d/datanode-6/data/ratis/983a02ca-0beb-4be8-9a5a-54789691eb6b/current/log_inprogress_0
2019-08-28 08:49:56,836 [grpc-default-executor-2] INFO  client.GrpcClientProtocolClient (GrpcClientProtocolClient.java:onNext(255)) - client-C47AE80AE195->f7e2cea5-86b6-454a-9d62-19068d8c24b2: receive RaftClientReply:client-C47AE80AE195->f7e2cea5-86b6-454a-9d62-19068d8c24b2@group-7B255049C374, cid=13, FAILED org.apache.ratis.protocol.NotLeaderException: Server f7e2cea5-86b6-454a-9d62-19068d8c24b2 is not the leader (null). Request must be sent to leader., logIndex=0, commits[f7e2cea5-86b6-454a-9d62-19068d8c24b2:c-1]
2019-08-28 08:49:56,858 [Thread-274] INFO  impl.FollowerState (FollowerState.java:run(106)) - 45b9b205-b7f2-4538-986a-1da8d027ad58:group-9FE292689AB0 changes to CANDIDATE, lastRpcTime:5033, electionTimeout:5030ms
2019-08-28 08:49:56,860 [Thread-274] INFO  impl.RoleInfo (RoleInfo.java:shutdownFollowerState(121)) - 45b9b205-b7f2-4538-986a-1da8d027ad58: shutdown FollowerState
2019-08-28 08:49:56,860 [Thread-274] INFO  impl.RaftServerImpl (RaftServerImpl.java:setRole(171)) - 45b9b205-b7f2-4538-986a-1da8d027ad58:group-9FE292689AB0 changes role from FOLLOWER to CANDIDATE at term 0 for changeToCandidate
2019-08-28 08:49:56,860 [Thread-274] INFO  impl.RoleInfo (RoleInfo.java:updateAndGet(143)) - 45b9b205-b7f2-4538-986a-1da8d027ad58: start LeaderElection
2019-08-28 08:49:56,862 [Thread-264] INFO  impl.FollowerState (FollowerState.java:run(106)) - f7e2cea5-86b6-454a-9d62-19068d8c24b2:group-7B255049C374 changes to CANDIDATE, lastRpcTime:5148, electionTimeout:5147ms
2019-08-28 08:49:56,871 [Thread-264] INFO  impl.RoleInfo (RoleInfo.java:shutdownFollowerState(121)) - f7e2cea5-86b6-454a-9d62-19068d8c24b2: shutdown FollowerState
2019-08-28 08:49:56,871 [Thread-264] INFO  impl.RaftServerImpl (RaftServerImpl.java:setRole(171)) - f7e2cea5-86b6-454a-9d62-19068d8c24b2:group-7B255049C374 changes role from FOLLOWER to CANDIDATE at term 0 for changeToCandidate
2019-08-28 08:49:56,872 [Thread-264] INFO  impl.RoleInfo (RoleInfo.java:updateAndGet(143)) - f7e2cea5-86b6-454a-9d62-19068d8c24b2: start LeaderElection
2019-08-28 08:49:56,880 | INFO  | SCMAudit | user=jenkins1000 | ip=192.168.157.218 | op=SEND_HEARTBEAT {datanodeUUID=78486bf4-f68f-4b9a-8dac-63fb21880691, command=[]} | ret=SUCCESS |  
2019-08-28 08:49:56,896 [45b9b205-b7f2-4538-986a-1da8d027ad58:group-9FE292689AB0:LeaderElection10] INFO  impl.LeaderElection (LeaderElection.java:askForVotes(181)) - 45b9b205-b7f2-4538-986a-1da8d027ad58:group-9FE292689AB0:LeaderElection10: begin an election at term 1 for -1: [d6cf014b-20b5-44c2-a63d-b3683dd2f34e:192.168.157.218:34709, 45b9b205-b7f2-4538-986a-1da8d027ad58:192.168.157.218:45280, ce00dee3-29f4-445c-9a8f-55d3d4c1540e:192.168.157.218:37277], old=null
2019-08-28 08:49:56,896 [f7e2cea5-86b6-454a-9d62-19068d8c24b2:group-7B255049C374:LeaderElection11] INFO  impl.LeaderElection (LeaderElection.java:askForVotes(181)) - f7e2cea5-86b6-454a-9d62-19068d8c24b2:group-7B255049C374:LeaderElection11: begin an election at term 1 for -1: [f7e2cea5-86b6-454a-9d62-19068d8c24b2:192.168.157.218:34707, 78486bf4-f68f-4b9a-8dac-63fb21880691:192.168.157.218:38501, 8d95cd8f-538b-4f88-94f7-9f5988eeca28:192.168.157.218:43104], old=null
2019-08-28 08:49:56,920 [78486bf4-f68f-4b9a-8dac-63fb21880691:group-7B255049C374:LeaderElection8] INFO  impl.LeaderElection (LeaderElection.java:logAndReturn(56)) - 78486bf4-f68f-4b9a-8dac-63fb21880691:group-7B255049C374:LeaderElection8: Election REJECTED; received 2 response(s) [78486bf4-f68f-4b9a-8dac-63fb21880691<-f7e2cea5-86b6-454a-9d62-19068d8c24b2#0:FAIL-t1, 78486bf4-f68f-4b9a-8dac-63fb21880691<-8d95cd8f-538b-4f88-94f7-9f5988eeca28#0:FAIL-t1] and 0 exception(s); 78486bf4-f68f-4b9a-8dac-63fb21880691:t1, leader=null, voted=78486bf4-f68f-4b9a-8dac-63fb21880691, raftlog=78486bf4-f68f-4b9a-8dac-63fb21880691-SegmentedRaftLog:OPENED:c-1,f-1,i0, conf=-1: [f7e2cea5-86b6-454a-9d62-19068d8c24b2:192.168.157.218:34707, 78486bf4-f68f-4b9a-8dac-63fb21880691:192.168.157.218:38501, 8d95cd8f-538b-4f88-94f7-9f5988eeca28:192.168.157.218:43104], old=null
2019-08-28 08:49:56,920 [8d95cd8f-538b-4f88-94f7-9f5988eeca28:group-7B255049C374:LeaderElection9] INFO  impl.LeaderElection (LeaderElection.java:logAndReturn(56)) - 8d95cd8f-538b-4f88-94f7-9f5988eeca28:group-7B255049C374:LeaderElection9: Election REJECTED; received 2 response(s) [8d95cd8f-538b-4f88-94f7-9f5988eeca28<-f7e2cea5-86b6-454a-9d62-19068d8c24b2#0:FAIL-t1, 8d95cd8f-538b-4f88-94f7-9f5988eeca28<-78486bf4-f68f-4b9a-8dac-63fb21880691#0:FAIL-t1] and 0 exception(s); 8d95cd8f-538b-4f88-94f7-9f5988eeca28:t1, leader=null, voted=8d95cd8f-538b-4f88-94f7-9f5988eeca28, raftlog=8d95cd8f-538b-4f88-94f7-9f5988eeca28-SegmentedRaftLog:OPENED:c-1,f-1,i0, conf=-1: [f7e2cea5-86b6-454a-9d62-19068d8c24b2:192.168.157.218:34707, 78486bf4-f68f-4b9a-8dac-63fb21880691:192.168.157.218:38501, 8d95cd8f-538b-4f88-94f7-9f5988eeca28:192.168.157.218:43104], old=null
2019-08-28 08:49:56,927 [78486bf4-f68f-4b9a-8dac-63fb21880691:group-7B255049C374:LeaderElection8] INFO  impl.RaftServerImpl (RaftServerImpl.java:setRole(171)) - 78486bf4-f68f-4b9a-8dac-63fb21880691:group-7B255049C374 changes role from CANDIDATE to FOLLOWER at term 1 for DISCOVERED_A_NEW_TERM
2019-08-28 08:49:56,929 [8d95cd8f-538b-4f88-94f7-9f5988eeca28:group-7B255049C374:LeaderElection9] INFO  impl.RaftServerImpl (RaftServerImpl.java:setRole(171)) - 8d95cd8f-538b-4f88-94f7-9f5988eeca28:group-7B255049C374 changes role from CANDIDATE to FOLLOWER at term 1 for DISCOVERED_A_NEW_TERM
2019-08-28 08:49:56,930 [78486bf4-f68f-4b9a-8dac-63fb21880691:group-7B255049C374:LeaderElection8] INFO  impl.RoleInfo (RoleInfo.java:shutdownLeaderElection(134)) - 78486bf4-f68f-4b9a-8dac-63fb21880691: shutdown LeaderElection
2019-08-28 08:49:56,932 [8d95cd8f-538b-4f88-94f7-9f5988eeca28:group-7B255049C374:LeaderElection9] INFO  impl.RoleInfo (RoleInfo.java:shutdownLeaderElection(134)) - 8d95cd8f-538b-4f88-94f7-9f5988eeca28: shutdown LeaderElection
2019-08-28 08:49:56,932 [78486bf4-f68f-4b9a-8dac-63fb21880691:group-7B255049C374:LeaderElection8] INFO  impl.RoleInfo (RoleInfo.java:updateAndGet(143)) - 78486bf4-f68f-4b9a-8dac-63fb21880691: start FollowerState
2019-08-28 08:49:56,932 [8d95cd8f-538b-4f88-94f7-9f5988eeca28:group-7B255049C374:LeaderElection9] INFO  impl.RoleInfo (RoleInfo.java:updateAndGet(143)) - 8d95cd8f-538b-4f88-94f7-9f5988eeca28: start FollowerState
2019-08-28 08:49:56,932 | INFO  | SCMAudit | user=jenkins1000 | ip=192.168.157.218 | op=SEND_HEARTBEAT {datanodeUUID=8d95cd8f-538b-4f88-94f7-9f5988eeca28, command=[]} | ret=SUCCESS |  
2019-08-28 08:49:56,952 [grpc-default-executor-4] INFO  impl.RaftServerImpl (RaftServerImpl.java:setRole(171)) - ce00dee3-29f4-445c-9a8f-55d3d4c1540e:group-9FE292689AB0 changes role from FOLLOWER to FOLLOWER at term 1 for recognizeCandidate:45b9b205-b7f2-4538-986a-1da8d027ad58
2019-08-28 08:49:56,954 [grpc-default-executor-4] INFO  impl.RoleInfo (RoleInfo.java:shutdownFollowerState(121)) - ce00dee3-29f4-445c-9a8f-55d3d4c1540e: shutdown FollowerState
2019-08-28 08:49:56,958 [grpc-default-executor-3] INFO  impl.RaftServerImpl (RaftServerImpl.java:setRole(171)) - d6cf014b-20b5-44c2-a63d-b3683dd2f34e:group-9FE292689AB0 changes role from FOLLOWER to FOLLOWER at term 1 for recognizeCandidate:45b9b205-b7f2-4538-986a-1da8d027ad58
2019-08-28 08:49:56,958 [grpc-default-executor-3] INFO  impl.RoleInfo (RoleInfo.java:shutdownFollowerState(121)) - d6cf014b-20b5-44c2-a63d-b3683dd2f34e: shutdown FollowerState
2019-08-28 08:49:56,958 [grpc-default-executor-4] INFO  impl.RoleInfo (RoleInfo.java:updateAndGet(143)) - ce00dee3-29f4-445c-9a8f-55d3d4c1540e: start FollowerState
2019-08-28 08:49:56,958 [Thread-270] INFO  impl.FollowerState (FollowerState.java:run(114)) - d6cf014b-20b5-44c2-a63d-b3683dd2f34e: FollowerState was interrupted: java.lang.InterruptedException: sleep interrupted
2019-08-28 08:49:56,958 [grpc-default-executor-3] INFO  impl.RoleInfo (RoleInfo.java:updateAndGet(143)) - d6cf014b-20b5-44c2-a63d-b3683dd2f34e: start FollowerState
2019-08-28 08:49:56,958 [Thread-271] INFO  impl.FollowerState (FollowerState.java:run(114)) - ce00dee3-29f4-445c-9a8f-55d3d4c1540e: FollowerState was interrupted: java.lang.InterruptedException: sleep interrupted
2019-08-28 08:49:56,968 [f7e2cea5-86b6-454a-9d62-19068d8c24b2:group-7B255049C374:LeaderElection11] INFO  impl.LeaderElection (LeaderElection.java:logAndReturn(56)) - f7e2cea5-86b6-454a-9d62-19068d8c24b2:group-7B255049C374:LeaderElection11: Election REJECTED; received 2 response(s) [f7e2cea5-86b6-454a-9d62-19068d8c24b2<-78486bf4-f68f-4b9a-8dac-63fb21880691#0:FAIL-t1, f7e2cea5-86b6-454a-9d62-19068d8c24b2<-8d95cd8f-538b-4f88-94f7-9f5988eeca28#0:FAIL-t1] and 0 exception(s); f7e2cea5-86b6-454a-9d62-19068d8c24b2:t1, leader=null, voted=f7e2cea5-86b6-454a-9d62-19068d8c24b2, raftlog=f7e2cea5-86b6-454a-9d62-19068d8c24b2-SegmentedRaftLog:OPENED:c-1,f-1,i0, conf=-1: [f7e2cea5-86b6-454a-9d62-19068d8c24b2:192.168.157.218:34707, 78486bf4-f68f-4b9a-8dac-63fb21880691:192.168.157.218:38501, 8d95cd8f-538b-4f88-94f7-9f5988eeca28:192.168.157.218:43104], old=null
2019-08-28 08:49:56,968 [f7e2cea5-86b6-454a-9d62-19068d8c24b2:group-7B255049C374:LeaderElection11] INFO  impl.RaftServerImpl (RaftServerImpl.java:setRole(171)) - f7e2cea5-86b6-454a-9d62-19068d8c24b2:group-7B255049C374 changes role from CANDIDATE to FOLLOWER at term 1 for DISCOVERED_A_NEW_TERM
2019-08-28 08:49:56,970 [f7e2cea5-86b6-454a-9d62-19068d8c24b2:group-7B255049C374:LeaderElection11] INFO  impl.RoleInfo (RoleInfo.java:shutdownLeaderElection(134)) - f7e2cea5-86b6-454a-9d62-19068d8c24b2: shutdown LeaderElection
2019-08-28 08:49:56,972 [f7e2cea5-86b6-454a-9d62-19068d8c24b2:group-7B255049C374:LeaderElection11] INFO  impl.RoleInfo (RoleInfo.java:updateAndGet(143)) - f7e2cea5-86b6-454a-9d62-19068d8c24b2: start FollowerState
2019-08-28 08:49:57,004 [45b9b205-b7f2-4538-986a-1da8d027ad58:group-9FE292689AB0:LeaderElection10] INFO  impl.LeaderElection (LeaderElection.java:logAndReturn(56)) - 45b9b205-b7f2-4538-986a-1da8d027ad58:group-9FE292689AB0:LeaderElection10: Election PASSED; received 1 response(s) [45b9b205-b7f2-4538-986a-1da8d027ad58<-d6cf014b-20b5-44c2-a63d-b3683dd2f34e#0:OK-t1] and 0 exception(s); 45b9b205-b7f2-4538-986a-1da8d027ad58:t1, leader=null, voted=45b9b205-b7f2-4538-986a-1da8d027ad58, raftlog=45b9b205-b7f2-4538-986a-1da8d027ad58-SegmentedRaftLog:OPENED:c-1,f-1,i0, conf=-1: [d6cf014b-20b5-44c2-a63d-b3683dd2f34e:192.168.157.218:34709, 45b9b205-b7f2-4538-986a-1da8d027ad58:192.168.157.218:45280, ce00dee3-29f4-445c-9a8f-55d3d4c1540e:192.168.157.218:37277], old=null
2019-08-28 08:49:57,006 [45b9b205-b7f2-4538-986a-1da8d027ad58:group-9FE292689AB0:LeaderElection10] INFO  impl.RoleInfo (RoleInfo.java:shutdownLeaderElection(134)) - 45b9b205-b7f2-4538-986a-1da8d027ad58: shutdown LeaderElection
2019-08-28 08:49:57,009 [45b9b205-b7f2-4538-986a-1da8d027ad58:group-9FE292689AB0:LeaderElection10] INFO  impl.RaftServerImpl (RaftServerImpl.java:setRole(171)) - 45b9b205-b7f2-4538-986a-1da8d027ad58:group-9FE292689AB0 changes role from CANDIDATE to LEADER at term 1 for changeToLeader
2019-08-28 08:49:57,009 [45b9b205-b7f2-4538-986a-1da8d027ad58:group-9FE292689AB0:LeaderElection10] INFO  impl.RaftServerImpl (ServerState.java:setLeader(263)) - 45b9b205-b7f2-4538-986a-1da8d027ad58:group-9FE292689AB0 change Leader from null to 45b9b205-b7f2-4538-986a-1da8d027ad58 at term 1 for becomeLeader, leader elected after 5198ms
2019-08-28 08:49:57,009 [45b9b205-b7f2-4538-986a-1da8d027ad58:group-9FE292689AB0:LeaderElection10] INFO  server.RaftServerConfigKeys (ConfUtils.java:logGet(43)) - raft.server.staging.catchup.gap = 1000 (default)
2019-08-28 08:49:57,009 [45b9b205-b7f2-4538-986a-1da8d027ad58:group-9FE292689AB0:LeaderElection10] INFO  server.RaftServerConfigKeys (ConfUtils.java:logGet(43)) - raft.server.rpc.sleep.time = 25ms (default)
2019-08-28 08:49:57,010 [45b9b205-b7f2-4538-986a-1da8d027ad58:group-9FE292689AB0:LeaderElection10] INFO  server.RaftServerConfigKeys (ConfUtils.java:logGet(43)) - raft.server.write.element-limit = 4096 (default)
2019-08-28 08:49:57,010 [45b9b205-b7f2-4538-986a-1da8d027ad58:group-9FE292689AB0:LeaderElection10] INFO  server.RaftServerConfigKeys (ConfUtils.java:logGet(43)) - raft.server.watch.timeout = 10s (default)
2019-08-28 08:49:57,010 [45b9b205-b7f2-4538-986a-1da8d027ad58:group-9FE292689AB0:LeaderElection10] INFO  server.RaftServerConfigKeys (ConfUtils.java:logGet(43)) - raft.server.watch.timeout.denomination = 1s (default)
2019-08-28 08:49:57,010 [45b9b205-b7f2-4538-986a-1da8d027ad58:group-9FE292689AB0:LeaderElection10] INFO  server.RaftServerConfigKeys (ConfUtils.java:logGet(43)) - raft.server.watch.element-limit = 65536 (default)
2019-08-28 08:49:57,014 [45b9b205-b7f2-4538-986a-1da8d027ad58:group-9FE292689AB0:LeaderElection10] INFO  server.RaftServerConfigKeys (ConfUtils.java:logGet(43)) - raft.server.log.appender.snapshot.chunk.size.max = 16MB (=16777216) (default)
2019-08-28 08:49:57,014 [45b9b205-b7f2-4538-986a-1da8d027ad58:group-9FE292689AB0:LeaderElection10] INFO  server.RaftServerConfigKeys (ConfUtils.java:logGet(43)) - raft.server.log.appender.buffer.byte-limit = 33554432 (custom)
2019-08-28 08:49:57,015 [45b9b205-b7f2-4538-986a-1da8d027ad58:group-9FE292689AB0:LeaderElection10] INFO  server.RaftServerConfigKeys (ConfUtils.java:logGet(43)) - raft.server.log.appender.buffer.element-limit = 1 (custom)
2019-08-28 08:49:57,019 [45b9b205-b7f2-4538-986a-1da8d027ad58:group-9FE292689AB0:LeaderElection10] INFO  grpc.GrpcConfigKeys$Server (ConfUtils.java:logGet(43)) - raft.grpc.server.leader.outstanding.appends.max = 128 (default)
2019-08-28 08:49:57,021 [45b9b205-b7f2-4538-986a-1da8d027ad58:group-9FE292689AB0:LeaderElection10] INFO  server.RaftServerConfigKeys (ConfUtils.java:logGet(43)) - raft.server.rpc.request.timeout = 3000ms (default)
2019-08-28 08:49:57,021 [45b9b205-b7f2-4538-986a-1da8d027ad58:group-9FE292689AB0:LeaderElection10] INFO  server.RaftServerConfigKeys (ConfUtils.java:logGet(43)) - raft.server.log.appender.install.snapshot.enabled = false (custom)
2019-08-28 08:49:57,021 [45b9b205-b7f2-4538-986a-1da8d027ad58:group-9FE292689AB0:LeaderElection10] INFO  server.RaftServerConfigKeys (ConfUtils.java:logGet(43)) - raft.server.log.appender.snapshot.chunk.size.max = 16MB (=16777216) (default)
2019-08-28 08:49:57,021 [45b9b205-b7f2-4538-986a-1da8d027ad58:group-9FE292689AB0:LeaderElection10] INFO  server.RaftServerConfigKeys (ConfUtils.java:logGet(43)) - raft.server.log.appender.buffer.byte-limit = 33554432 (custom)
2019-08-28 08:49:57,022 [45b9b205-b7f2-4538-986a-1da8d027ad58:group-9FE292689AB0:LeaderElection10] INFO  server.RaftServerConfigKeys (ConfUtils.java:logGet(43)) - raft.server.log.appender.buffer.element-limit = 1 (custom)
2019-08-28 08:49:57,022 [45b9b205-b7f2-4538-986a-1da8d027ad58:group-9FE292689AB0:LeaderElection10] INFO  grpc.GrpcConfigKeys$Server (ConfUtils.java:logGet(43)) - raft.grpc.server.leader.outstanding.appends.max = 128 (default)
2019-08-28 08:49:57,022 [45b9b205-b7f2-4538-986a-1da8d027ad58:group-9FE292689AB0:LeaderElection10] INFO  server.RaftServerConfigKeys (ConfUtils.java:logGet(43)) - raft.server.rpc.request.timeout = 3000ms (default)
2019-08-28 08:49:57,022 [45b9b205-b7f2-4538-986a-1da8d027ad58:group-9FE292689AB0:LeaderElection10] INFO  server.RaftServerConfigKeys (ConfUtils.java:logGet(43)) - raft.server.log.appender.install.snapshot.enabled = false (custom)
2019-08-28 08:49:57,024 [45b9b205-b7f2-4538-986a-1da8d027ad58:group-9FE292689AB0:LeaderElection10] INFO  impl.RoleInfo (RoleInfo.java:updateAndGet(143)) - 45b9b205-b7f2-4538-986a-1da8d027ad58: start LeaderState
2019-08-28 08:49:57,024 [45b9b205-b7f2-4538-986a-1da8d027ad58:group-9FE292689AB0:LeaderElection10] INFO  segmented.SegmentedRaftLogWorker (SegmentedRaftLogWorker.java:startLogSegment(380)) - 45b9b205-b7f2-4538-986a-1da8d027ad58-SegmentedRaftLogWorker:Storage Directory /workdir/hadoop-ozone/integration-test/target/test-dir/MiniOzoneClusterImpl-395dbea3-e1dd-495d-931d-a6326832166d/datanode-4/data/ratis/82a17023-30fd-413c-8580-9fe292689ab0: Starting segment from index:0
2019-08-28 08:49:57,025 [45b9b205-b7f2-4538-986a-1da8d027ad58:group-9FE292689AB0:LeaderElection10] INFO  impl.RaftServerImpl (ServerState.java:setRaftConf(361)) - 45b9b205-b7f2-4538-986a-1da8d027ad58:group-9FE292689AB0 set configuration 0: [d6cf014b-20b5-44c2-a63d-b3683dd2f34e:192.168.157.218:34709, 45b9b205-b7f2-4538-986a-1da8d027ad58:192.168.157.218:45280, ce00dee3-29f4-445c-9a8f-55d3d4c1540e:192.168.157.218:37277], old=null at 0
2019-08-28 08:49:57,069 | INFO  | SCMAudit | user=jenkins1000 | ip=192.168.157.218 | op=SEND_HEARTBEAT {datanodeUUID=8018ea23-1975-44ef-9f1f-31b69c574cd2, command=[]} | ret=SUCCESS |  
2019-08-28 08:49:57,085 [45b9b205-b7f2-4538-986a-1da8d027ad58-SegmentedRaftLogWorker:Storage Directory /workdir/hadoop-ozone/integration-test/target/test-dir/MiniOzoneClusterImpl-395dbea3-e1dd-495d-931d-a6326832166d/datanode-4/data/ratis/82a17023-30fd-413c-8580-9fe292689ab0] INFO  segmented.SegmentedRaftLogWorker (SegmentedRaftLogWorker.java:execute(569)) - 45b9b205-b7f2-4538-986a-1da8d027ad58-SegmentedRaftLogWorker:Storage Directory /workdir/hadoop-ozone/integration-test/target/test-dir/MiniOzoneClusterImpl-395dbea3-e1dd-495d-931d-a6326832166d/datanode-4/data/ratis/82a17023-30fd-413c-8580-9fe292689ab0: created new log segment /workdir/hadoop-ozone/integration-test/target/test-dir/MiniOzoneClusterImpl-395dbea3-e1dd-495d-931d-a6326832166d/datanode-4/data/ratis/82a17023-30fd-413c-8580-9fe292689ab0/current/log_inprogress_0
2019-08-28 08:49:57,091 [grpc-default-executor-4] INFO  impl.RaftServerImpl (ServerState.java:setLeader(263)) - ce00dee3-29f4-445c-9a8f-55d3d4c1540e:group-9FE292689AB0 change Leader from null to 45b9b205-b7f2-4538-986a-1da8d027ad58 at term 1 for appendEntries, leader elected after 5280ms
2019-08-28 08:49:57,091 [grpc-default-executor-3] INFO  impl.RaftServerImpl (ServerState.java:setLeader(263)) - d6cf014b-20b5-44c2-a63d-b3683dd2f34e:group-9FE292689AB0 change Leader from null to 45b9b205-b7f2-4538-986a-1da8d027ad58 at term 1 for appendEntries, leader elected after 5280ms
2019-08-28 08:49:57,129 [grpc-default-executor-2] INFO  impl.RaftServerImpl (ServerState.java:setRaftConf(361)) - ce00dee3-29f4-445c-9a8f-55d3d4c1540e:group-9FE292689AB0 set configuration 0: [d6cf014b-20b5-44c2-a63d-b3683dd2f34e:192.168.157.218:34709, 45b9b205-b7f2-4538-986a-1da8d027ad58:192.168.157.218:45280, ce00dee3-29f4-445c-9a8f-55d3d4c1540e:192.168.157.218:37277], old=null at 0
2019-08-28 08:49:57,130 [grpc-default-executor-3] INFO  impl.RaftServerImpl (ServerState.java:setRaftConf(361)) - d6cf014b-20b5-44c2-a63d-b3683dd2f34e:group-9FE292689AB0 set configuration 0: [d6cf014b-20b5-44c2-a63d-b3683dd2f34e:192.168.157.218:34709, 45b9b205-b7f2-4538-986a-1da8d027ad58:192.168.157.218:45280, ce00dee3-29f4-445c-9a8f-55d3d4c1540e:192.168.157.218:37277], old=null at 0
2019-08-28 08:49:57,130 [grpc-default-executor-2] INFO  segmented.SegmentedRaftLogWorker (SegmentedRaftLogWorker.java:startLogSegment(380)) - ce00dee3-29f4-445c-9a8f-55d3d4c1540e-SegmentedRaftLogWorker:Storage Directory /workdir/hadoop-ozone/integration-test/target/test-dir/MiniOzoneClusterImpl-395dbea3-e1dd-495d-931d-a6326832166d/datanode-0/data/ratis/82a17023-30fd-413c-8580-9fe292689ab0: Starting segment from index:0
2019-08-28 08:49:57,130 [grpc-default-executor-3] INFO  segmented.SegmentedRaftLogWorker (SegmentedRaftLogWorker.java:startLogSegment(380)) - d6cf014b-20b5-44c2-a63d-b3683dd2f34e-SegmentedRaftLogWorker:Storage Directory /workdir/hadoop-ozone/integration-test/target/test-dir/MiniOzoneClusterImpl-395dbea3-e1dd-495d-931d-a6326832166d/datanode-3/data/ratis/82a17023-30fd-413c-8580-9fe292689ab0: Starting segment from index:0
2019-08-28 08:49:57,174 [ce00dee3-29f4-445c-9a8f-55d3d4c1540e-SegmentedRaftLogWorker:Storage Directory /workdir/hadoop-ozone/integration-test/target/test-dir/MiniOzoneClusterImpl-395dbea3-e1dd-495d-931d-a6326832166d/datanode-0/data/ratis/82a17023-30fd-413c-8580-9fe292689ab0] INFO  segmented.SegmentedRaftLogWorker (SegmentedRaftLogWorker.java:execute(569)) - ce00dee3-29f4-445c-9a8f-55d3d4c1540e-SegmentedRaftLogWorker:Storage Directory /workdir/hadoop-ozone/integration-test/target/test-dir/MiniOzoneClusterImpl-395dbea3-e1dd-495d-931d-a6326832166d/datanode-0/data/ratis/82a17023-30fd-413c-8580-9fe292689ab0: created new log segment /workdir/hadoop-ozone/integration-test/target/test-dir/MiniOzoneClusterImpl-395dbea3-e1dd-495d-931d-a6326832166d/datanode-0/data/ratis/82a17023-30fd-413c-8580-9fe292689ab0/current/log_inprogress_0
2019-08-28 08:49:57,174 [d6cf014b-20b5-44c2-a63d-b3683dd2f34e-SegmentedRaftLogWorker:Storage Directory /workdir/hadoop-ozone/integration-test/target/test-dir/MiniOzoneClusterImpl-395dbea3-e1dd-495d-931d-a6326832166d/datanode-3/data/ratis/82a17023-30fd-413c-8580-9fe292689ab0] INFO  segmented.SegmentedRaftLogWorker (SegmentedRaftLogWorker.java:execute(569)) - d6cf014b-20b5-44c2-a63d-b3683dd2f34e-SegmentedRaftLogWorker:Storage Directory /workdir/hadoop-ozone/integration-test/target/test-dir/MiniOzoneClusterImpl-395dbea3-e1dd-495d-931d-a6326832166d/datanode-3/data/ratis/82a17023-30fd-413c-8580-9fe292689ab0: created new log segment /workdir/hadoop-ozone/integration-test/target/test-dir/MiniOzoneClusterImpl-395dbea3-e1dd-495d-931d-a6326832166d/datanode-3/data/ratis/82a17023-30fd-413c-8580-9fe292689ab0/current/log_inprogress_0
2019-08-28 08:49:57,578 | INFO  | SCMAudit | user=jenkins1000 | ip=192.168.157.218 | op=SEND_HEARTBEAT {datanodeUUID=d6cf014b-20b5-44c2-a63d-b3683dd2f34e, command=[]} | ret=SUCCESS |  
2019-08-28 08:49:57,579 | INFO  | SCMAudit | user=jenkins1000 | ip=192.168.157.218 | op=SEND_HEARTBEAT {datanodeUUID=45b9b205-b7f2-4538-986a-1da8d027ad58, command=[]} | ret=SUCCESS |  
2019-08-28 08:49:57,581 | INFO  | SCMAudit | user=jenkins1000 | ip=192.168.157.218 | op=SEND_HEARTBEAT {datanodeUUID=f7e2cea5-86b6-454a-9d62-19068d8c24b2, command=[]} | ret=SUCCESS |  
2019-08-28 08:49:57,743 | INFO  | SCMAudit | user=jenkins1000 | ip=192.168.157.218 | op=SEND_HEARTBEAT {datanodeUUID=ce00dee3-29f4-445c-9a8f-55d3d4c1540e, command=[]} | ret=SUCCESS |  
2019-08-28 08:49:57,860 [grpc-default-executor-2] INFO  client.GrpcClientProtocolClient (GrpcClientProtocolClient.java:onNext(255)) - client-C47AE80AE195->8d95cd8f-538b-4f88-94f7-9f5988eeca28: receive RaftClientReply:client-C47AE80AE195->8d95cd8f-538b-4f88-94f7-9f5988eeca28@group-7B255049C374, cid=13, FAILED org.apache.ratis.protocol.NotLeaderException: Server 8d95cd8f-538b-4f88-94f7-9f5988eeca28 is not the leader (null). Request must be sent to leader., logIndex=0, commits[8d95cd8f-538b-4f88-94f7-9f5988eeca28:c-1]
2019-08-28 08:49:57,880 | INFO  | SCMAudit | user=jenkins1000 | ip=192.168.157.218 | op=SEND_HEARTBEAT {datanodeUUID=78486bf4-f68f-4b9a-8dac-63fb21880691, command=[]} | ret=SUCCESS |  
2019-08-28 08:49:57,920 | INFO  | SCMAudit | user=jenkins1000 | ip=192.168.157.218 | op=SEND_HEARTBEAT {datanodeUUID=8d95cd8f-538b-4f88-94f7-9f5988eeca28, command=[]} | ret=SUCCESS |  
2019-08-28 08:49:58,069 | INFO  | SCMAudit | user=jenkins1000 | ip=192.168.157.218 | op=SEND_HEARTBEAT {datanodeUUID=8018ea23-1975-44ef-9f1f-31b69c574cd2, command=[]} | ret=SUCCESS |  
2019-08-28 08:49:58,578 | INFO  | SCMAudit | user=jenkins1000 | ip=192.168.157.218 | op=SEND_HEARTBEAT {datanodeUUID=d6cf014b-20b5-44c2-a63d-b3683dd2f34e, command=[]} | ret=SUCCESS |  
2019-08-28 08:49:58,579 | INFO  | SCMAudit | user=jenkins1000 | ip=192.168.157.218 | op=SEND_HEARTBEAT {datanodeUUID=45b9b205-b7f2-4538-986a-1da8d027ad58, command=[]} | ret=SUCCESS |  
2019-08-28 08:49:58,580 | INFO  | SCMAudit | user=jenkins1000 | ip=192.168.157.218 | op=SEND_HEARTBEAT {datanodeUUID=f7e2cea5-86b6-454a-9d62-19068d8c24b2, command=[]} | ret=SUCCESS |  
2019-08-28 08:49:58,747 | INFO  | SCMAudit | user=jenkins1000 | ip=192.168.157.218 | op=SEND_HEARTBEAT {datanodeUUID=ce00dee3-29f4-445c-9a8f-55d3d4c1540e, command=[]} | ret=SUCCESS |  
2019-08-28 08:49:58,880 | INFO  | SCMAudit | user=jenkins1000 | ip=192.168.157.218 | op=SEND_HEARTBEAT {datanodeUUID=78486bf4-f68f-4b9a-8dac-63fb21880691, command=[]} | ret=SUCCESS |  
2019-08-28 08:49:58,887 [grpc-default-executor-2] INFO  client.GrpcClientProtocolClient (GrpcClientProtocolClient.java:onNext(255)) - client-C47AE80AE195->78486bf4-f68f-4b9a-8dac-63fb21880691: receive RaftClientReply:client-C47AE80AE195->78486bf4-f68f-4b9a-8dac-63fb21880691@group-7B255049C374, cid=13, FAILED org.apache.ratis.protocol.NotLeaderException: Server 78486bf4-f68f-4b9a-8dac-63fb21880691 is not the leader (null). Request must be sent to leader., logIndex=0, commits[78486bf4-f68f-4b9a-8dac-63fb21880691:c-1]
2019-08-28 08:49:58,921 | INFO  | SCMAudit | user=jenkins1000 | ip=192.168.157.218 | op=SEND_HEARTBEAT {datanodeUUID=8d95cd8f-538b-4f88-94f7-9f5988eeca28, command=[]} | ret=SUCCESS |  
2019-08-28 08:49:59,070 | INFO  | SCMAudit | user=jenkins1000 | ip=192.168.157.218 | op=SEND_HEARTBEAT {datanodeUUID=8018ea23-1975-44ef-9f1f-31b69c574cd2, command=[]} | ret=SUCCESS |  
2019-08-28 08:49:59,578 | INFO  | SCMAudit | user=jenkins1000 | ip=192.168.157.218 | op=SEND_HEARTBEAT {datanodeUUID=d6cf014b-20b5-44c2-a63d-b3683dd2f34e, command=[]} | ret=SUCCESS |  
2019-08-28 08:49:59,579 | INFO  | SCMAudit | user=jenkins1000 | ip=192.168.157.218 | op=SEND_HEARTBEAT {datanodeUUID=45b9b205-b7f2-4538-986a-1da8d027ad58, command=[]} | ret=SUCCESS |  
2019-08-28 08:49:59,580 | INFO  | SCMAudit | user=jenkins1000 | ip=192.168.157.218 | op=SEND_HEARTBEAT {datanodeUUID=f7e2cea5-86b6-454a-9d62-19068d8c24b2, command=[]} | ret=SUCCESS |  
2019-08-28 08:49:59,747 | INFO  | SCMAudit | user=jenkins1000 | ip=192.168.157.218 | op=SEND_HEARTBEAT {datanodeUUID=ce00dee3-29f4-445c-9a8f-55d3d4c1540e, command=[]} | ret=SUCCESS |  
2019-08-28 08:49:59,880 | INFO  | SCMAudit | user=jenkins1000 | ip=192.168.157.218 | op=SEND_HEARTBEAT {datanodeUUID=78486bf4-f68f-4b9a-8dac-63fb21880691, command=[]} | ret=SUCCESS |  
2019-08-28 08:49:59,915 [grpc-default-executor-2] INFO  client.GrpcClientProtocolClient (GrpcClientProtocolClient.java:onNext(255)) - client-C47AE80AE195->8d95cd8f-538b-4f88-94f7-9f5988eeca28: receive RaftClientReply:client-C47AE80AE195->8d95cd8f-538b-4f88-94f7-9f5988eeca28@group-7B255049C374, cid=13, FAILED org.apache.ratis.protocol.NotLeaderException: Server 8d95cd8f-538b-4f88-94f7-9f5988eeca28 is not the leader (null). Request must be sent to leader., logIndex=0, commits[8d95cd8f-538b-4f88-94f7-9f5988eeca28:c-1]
2019-08-28 08:49:59,924 | INFO  | SCMAudit | user=jenkins1000 | ip=192.168.157.218 | op=SEND_HEARTBEAT {datanodeUUID=8d95cd8f-538b-4f88-94f7-9f5988eeca28, command=[]} | ret=SUCCESS |  
2019-08-28 08:50:00,070 | INFO  | SCMAudit | user=jenkins1000 | ip=192.168.157.218 | op=SEND_HEARTBEAT {datanodeUUID=8018ea23-1975-44ef-9f1f-31b69c574cd2, command=[]} | ret=SUCCESS |  
2019-08-28 08:50:00,578 | INFO  | SCMAudit | user=jenkins1000 | ip=192.168.157.218 | op=SEND_HEARTBEAT {datanodeUUID=d6cf014b-20b5-44c2-a63d-b3683dd2f34e, command=[]} | ret=SUCCESS |  
2019-08-28 08:50:00,580 | INFO  | SCMAudit | user=jenkins1000 | ip=192.168.157.218 | op=SEND_HEARTBEAT {datanodeUUID=45b9b205-b7f2-4538-986a-1da8d027ad58, command=[]} | ret=SUCCESS |  
2019-08-28 08:50:00,581 | INFO  | SCMAudit | user=jenkins1000 | ip=192.168.157.218 | op=SEND_HEARTBEAT {datanodeUUID=f7e2cea5-86b6-454a-9d62-19068d8c24b2, command=[]} | ret=SUCCESS |  
2019-08-28 08:50:00,747 | INFO  | SCMAudit | user=jenkins1000 | ip=192.168.157.218 | op=SEND_HEARTBEAT {datanodeUUID=ce00dee3-29f4-445c-9a8f-55d3d4c1540e, command=[]} | ret=SUCCESS |  
2019-08-28 08:50:00,880 | INFO  | SCMAudit | user=jenkins1000 | ip=192.168.157.218 | op=SEND_HEARTBEAT {datanodeUUID=78486bf4-f68f-4b9a-8dac-63fb21880691, command=[]} | ret=SUCCESS |  
2019-08-28 08:50:00,926 | INFO  | SCMAudit | user=jenkins1000 | ip=192.168.157.218 | op=SEND_HEARTBEAT {datanodeUUID=8d95cd8f-538b-4f88-94f7-9f5988eeca28, command=[]} | ret=SUCCESS |  
2019-08-28 08:50:00,937 [grpc-default-executor-2] INFO  client.GrpcClientProtocolClient (GrpcClientProtocolClient.java:onNext(255)) - client-C47AE80AE195->f7e2cea5-86b6-454a-9d62-19068d8c24b2: receive RaftClientReply:client-C47AE80AE195->f7e2cea5-86b6-454a-9d62-19068d8c24b2@group-7B255049C374, cid=13, FAILED org.apache.ratis.protocol.NotLeaderException: Server f7e2cea5-86b6-454a-9d62-19068d8c24b2 is not the leader (null). Request must be sent to leader., logIndex=0, commits[f7e2cea5-86b6-454a-9d62-19068d8c24b2:c-1]
2019-08-28 08:50:01,071 | INFO  | SCMAudit | user=jenkins1000 | ip=192.168.157.218 | op=SEND_HEARTBEAT {datanodeUUID=8018ea23-1975-44ef-9f1f-31b69c574cd2, command=[]} | ret=SUCCESS |  
2019-08-28 08:50:01,578 | INFO  | SCMAudit | user=jenkins1000 | ip=192.168.157.218 | op=SEND_HEARTBEAT {datanodeUUID=d6cf014b-20b5-44c2-a63d-b3683dd2f34e, command=[]} | ret=SUCCESS |  
2019-08-28 08:50:01,580 | INFO  | SCMAudit | user=jenkins1000 | ip=192.168.157.218 | op=SEND_HEARTBEAT {datanodeUUID=45b9b205-b7f2-4538-986a-1da8d027ad58, command=[]} | ret=SUCCESS |  
2019-08-28 08:50:01,580 | INFO  | SCMAudit | user=jenkins1000 | ip=192.168.157.218 | op=SEND_HEARTBEAT {datanodeUUID=f7e2cea5-86b6-454a-9d62-19068d8c24b2, command=[]} | ret=SUCCESS |  
2019-08-28 08:50:01,746 | INFO  | SCMAudit | user=jenkins1000 | ip=192.168.157.218 | op=SEND_HEARTBEAT {datanodeUUID=ce00dee3-29f4-445c-9a8f-55d3d4c1540e, command=[]} | ret=SUCCESS |  
2019-08-28 08:50:01,880 | INFO  | SCMAudit | user=jenkins1000 | ip=192.168.157.218 | op=SEND_HEARTBEAT {datanodeUUID=78486bf4-f68f-4b9a-8dac-63fb21880691, command=[]} | ret=SUCCESS |  
2019-08-28 08:50:01,923 | INFO  | SCMAudit | user=jenkins1000 | ip=192.168.157.218 | op=SEND_HEARTBEAT {datanodeUUID=8d95cd8f-538b-4f88-94f7-9f5988eeca28, command=[]} | ret=SUCCESS |  
2019-08-28 08:50:01,962 [grpc-default-executor-2] INFO  client.GrpcClientProtocolClient (GrpcClientProtocolClient.java:onNext(255)) - client-C47AE80AE195->78486bf4-f68f-4b9a-8dac-63fb21880691: receive RaftClientReply:client-C47AE80AE195->78486bf4-f68f-4b9a-8dac-63fb21880691@group-7B255049C374, cid=13, FAILED org.apache.ratis.protocol.NotLeaderException: Server 78486bf4-f68f-4b9a-8dac-63fb21880691 is not the leader (null). Request must be sent to leader., logIndex=0, commits[78486bf4-f68f-4b9a-8dac-63fb21880691:c-1]
2019-08-28 08:50:02,070 | INFO  | SCMAudit | user=jenkins1000 | ip=192.168.157.218 | op=SEND_HEARTBEAT {datanodeUUID=8018ea23-1975-44ef-9f1f-31b69c574cd2, command=[]} | ret=SUCCESS |  
2019-08-28 08:50:02,112 [Thread-323] INFO  impl.FollowerState (FollowerState.java:run(106)) - 8d95cd8f-538b-4f88-94f7-9f5988eeca28:group-7B255049C374 changes to CANDIDATE, lastRpcTime:5179, electionTimeout:5175ms
2019-08-28 08:50:02,115 [Thread-323] INFO  impl.RoleInfo (RoleInfo.java:shutdownFollowerState(121)) - 8d95cd8f-538b-4f88-94f7-9f5988eeca28: shutdown FollowerState
2019-08-28 08:50:02,115 [Thread-323] INFO  impl.RaftServerImpl (RaftServerImpl.java:setRole(171)) - 8d95cd8f-538b-4f88-94f7-9f5988eeca28:group-7B255049C374 changes role from FOLLOWER to CANDIDATE at term 1 for changeToCandidate
2019-08-28 08:50:02,115 [Thread-323] INFO  impl.RoleInfo (RoleInfo.java:updateAndGet(143)) - 8d95cd8f-538b-4f88-94f7-9f5988eeca28: start LeaderElection
2019-08-28 08:50:02,129 [Thread-322] INFO  impl.FollowerState (FollowerState.java:run(106)) - 78486bf4-f68f-4b9a-8dac-63fb21880691:group-7B255049C374 changes to CANDIDATE, lastRpcTime:5196, electionTimeout:5192ms
2019-08-28 08:50:02,130 [Thread-322] INFO  impl.RoleInfo (RoleInfo.java:shutdownFollowerState(121)) - 78486bf4-f68f-4b9a-8dac-63fb21880691: shutdown FollowerState
2019-08-28 08:50:02,130 [Thread-322] INFO  impl.RaftServerImpl (RaftServerImpl.java:setRole(171)) - 78486bf4-f68f-4b9a-8dac-63fb21880691:group-7B255049C374 changes role from FOLLOWER to CANDIDATE at term 1 for changeToCandidate
2019-08-28 08:50:02,130 [Thread-322] INFO  impl.RoleInfo (RoleInfo.java:updateAndGet(143)) - 78486bf4-f68f-4b9a-8dac-63fb21880691: start LeaderElection
2019-08-28 08:50:02,132 [Thread-326] INFO  impl.FollowerState (FollowerState.java:run(106)) - f7e2cea5-86b6-454a-9d62-19068d8c24b2:group-7B255049C374 changes to CANDIDATE, lastRpcTime:5159, electionTimeout:5157ms
2019-08-28 08:50:02,132 [Thread-326] INFO  impl.RoleInfo (RoleInfo.java:shutdownFollowerState(121)) - f7e2cea5-86b6-454a-9d62-19068d8c24b2: shutdown FollowerState
2019-08-28 08:50:02,132 [Thread-326] INFO  impl.RaftServerImpl (RaftServerImpl.java:setRole(171)) - f7e2cea5-86b6-454a-9d62-19068d8c24b2:group-7B255049C374 changes role from FOLLOWER to CANDIDATE at term 1 for changeToCandidate
2019-08-28 08:50:02,132 [8d95cd8f-538b-4f88-94f7-9f5988eeca28:group-7B255049C374:LeaderElection12] INFO  impl.LeaderElection (LeaderElection.java:askForVotes(181)) - 8d95cd8f-538b-4f88-94f7-9f5988eeca28:group-7B255049C374:LeaderElection12: begin an election at term 2 for -1: [f7e2cea5-86b6-454a-9d62-19068d8c24b2:192.168.157.218:34707, 78486bf4-f68f-4b9a-8dac-63fb21880691:192.168.157.218:38501, 8d95cd8f-538b-4f88-94f7-9f5988eeca28:192.168.157.218:43104], old=null
2019-08-28 08:50:02,132 [Thread-326] INFO  impl.RoleInfo (RoleInfo.java:updateAndGet(143)) - f7e2cea5-86b6-454a-9d62-19068d8c24b2: start LeaderElection
2019-08-28 08:50:02,147 [f7e2cea5-86b6-454a-9d62-19068d8c24b2:group-7B255049C374:LeaderElection14] INFO  impl.LeaderElection (LeaderElection.java:askForVotes(181)) - f7e2cea5-86b6-454a-9d62-19068d8c24b2:group-7B255049C374:LeaderElection14: begin an election at term 2 for -1: [f7e2cea5-86b6-454a-9d62-19068d8c24b2:192.168.157.218:34707, 78486bf4-f68f-4b9a-8dac-63fb21880691:192.168.157.218:38501, 8d95cd8f-538b-4f88-94f7-9f5988eeca28:192.168.157.218:43104], old=null
2019-08-28 08:50:02,147 [78486bf4-f68f-4b9a-8dac-63fb21880691:group-7B255049C374:LeaderElection13] INFO  impl.LeaderElection (LeaderElection.java:askForVotes(181)) - 78486bf4-f68f-4b9a-8dac-63fb21880691:group-7B255049C374:LeaderElection13: begin an election at term 2 for -1: [f7e2cea5-86b6-454a-9d62-19068d8c24b2:192.168.157.218:34707, 78486bf4-f68f-4b9a-8dac-63fb21880691:192.168.157.218:38501, 8d95cd8f-538b-4f88-94f7-9f5988eeca28:192.168.157.218:43104], old=null
2019-08-28 08:50:02,149 [8d95cd8f-538b-4f88-94f7-9f5988eeca28:group-7B255049C374:LeaderElection12] INFO  impl.LeaderElection (LeaderElection.java:logAndReturn(56)) - 8d95cd8f-538b-4f88-94f7-9f5988eeca28:group-7B255049C374:LeaderElection12: Election REJECTED; received 2 response(s) [8d95cd8f-538b-4f88-94f7-9f5988eeca28<-f7e2cea5-86b6-454a-9d62-19068d8c24b2#0:FAIL-t2, 8d95cd8f-538b-4f88-94f7-9f5988eeca28<-78486bf4-f68f-4b9a-8dac-63fb21880691#0:FAIL-t2] and 0 exception(s); 8d95cd8f-538b-4f88-94f7-9f5988eeca28:t2, leader=null, voted=8d95cd8f-538b-4f88-94f7-9f5988eeca28, raftlog=8d95cd8f-538b-4f88-94f7-9f5988eeca28-SegmentedRaftLog:OPENED:c-1,f-1,i0, conf=-1: [f7e2cea5-86b6-454a-9d62-19068d8c24b2:192.168.157.218:34707, 78486bf4-f68f-4b9a-8dac-63fb21880691:192.168.157.218:38501, 8d95cd8f-538b-4f88-94f7-9f5988eeca28:192.168.157.218:43104], old=null
2019-08-28 08:50:02,149 [8d95cd8f-538b-4f88-94f7-9f5988eeca28:group-7B255049C374:LeaderElection12] INFO  impl.RaftServerImpl (RaftServerImpl.java:setRole(171)) - 8d95cd8f-538b-4f88-94f7-9f5988eeca28:group-7B255049C374 changes role from CANDIDATE to FOLLOWER at term 2 for DISCOVERED_A_NEW_TERM
2019-08-28 08:50:02,163 [8d95cd8f-538b-4f88-94f7-9f5988eeca28:group-7B255049C374:LeaderElection12] INFO  impl.RoleInfo (RoleInfo.java:shutdownLeaderElection(134)) - 8d95cd8f-538b-4f88-94f7-9f5988eeca28: shutdown LeaderElection
2019-08-28 08:50:02,165 [8d95cd8f-538b-4f88-94f7-9f5988eeca28:group-7B255049C374:LeaderElection12] INFO  impl.RoleInfo (RoleInfo.java:updateAndGet(143)) - 8d95cd8f-538b-4f88-94f7-9f5988eeca28: start FollowerState
2019-08-28 08:50:02,172 [78486bf4-f68f-4b9a-8dac-63fb21880691:group-7B255049C374:LeaderElection13] INFO  impl.LeaderElection (LeaderElection.java:logAndReturn(56)) - 78486bf4-f68f-4b9a-8dac-63fb21880691:group-7B255049C374:LeaderElection13: Election REJECTED; received 2 response(s) [78486bf4-f68f-4b9a-8dac-63fb21880691<-f7e2cea5-86b6-454a-9d62-19068d8c24b2#0:FAIL-t2, 78486bf4-f68f-4b9a-8dac-63fb21880691<-8d95cd8f-538b-4f88-94f7-9f5988eeca28#0:FAIL-t2] and 0 exception(s); 78486bf4-f68f-4b9a-8dac-63fb21880691:t2, leader=null, voted=78486bf4-f68f-4b9a-8dac-63fb21880691, raftlog=78486bf4-f68f-4b9a-8dac-63fb21880691-SegmentedRaftLog:OPENED:c-1,f-1,i0, conf=-1: [f7e2cea5-86b6-454a-9d62-19068d8c24b2:192.168.157.218:34707, 78486bf4-f68f-4b9a-8dac-63fb21880691:192.168.157.218:38501, 8d95cd8f-538b-4f88-94f7-9f5988eeca28:192.168.157.218:43104], old=null
2019-08-28 08:50:02,174 [78486bf4-f68f-4b9a-8dac-63fb21880691:group-7B255049C374:LeaderElection13] INFO  impl.RaftServerImpl (RaftServerImpl.java:setRole(171)) - 78486bf4-f68f-4b9a-8dac-63fb21880691:group-7B255049C374 changes role from CANDIDATE to FOLLOWER at term 2 for DISCOVERED_A_NEW_TERM
2019-08-28 08:50:02,174 [78486bf4-f68f-4b9a-8dac-63fb21880691:group-7B255049C374:LeaderElection13] INFO  impl.RoleInfo (RoleInfo.java:shutdownLeaderElection(134)) - 78486bf4-f68f-4b9a-8dac-63fb21880691: shutdown LeaderElection
2019-08-28 08:50:02,174 [78486bf4-f68f-4b9a-8dac-63fb21880691:group-7B255049C374:LeaderElection13] INFO  impl.RoleInfo (RoleInfo.java:updateAndGet(143)) - 78486bf4-f68f-4b9a-8dac-63fb21880691: start FollowerState
2019-08-28 08:50:02,175 [f7e2cea5-86b6-454a-9d62-19068d8c24b2:group-7B255049C374:LeaderElection14] INFO  impl.LeaderElection (LeaderElection.java:logAndReturn(56)) - f7e2cea5-86b6-454a-9d62-19068d8c24b2:group-7B255049C374:LeaderElection14: Election REJECTED; received 2 response(s) [f7e2cea5-86b6-454a-9d62-19068d8c24b2<-78486bf4-f68f-4b9a-8dac-63fb21880691#0:FAIL-t2, f7e2cea5-86b6-454a-9d62-19068d8c24b2<-8d95cd8f-538b-4f88-94f7-9f5988eeca28#0:FAIL-t2] and 0 exception(s); f7e2cea5-86b6-454a-9d62-19068d8c24b2:t2, leader=null, voted=f7e2cea5-86b6-454a-9d62-19068d8c24b2, raftlog=f7e2cea5-86b6-454a-9d62-19068d8c24b2-SegmentedRaftLog:OPENED:c-1,f-1,i0, conf=-1: [f7e2cea5-86b6-454a-9d62-19068d8c24b2:192.168.157.218:34707, 78486bf4-f68f-4b9a-8dac-63fb21880691:192.168.157.218:38501, 8d95cd8f-538b-4f88-94f7-9f5988eeca28:192.168.157.218:43104], old=null
2019-08-28 08:50:02,176 [f7e2cea5-86b6-454a-9d62-19068d8c24b2:group-7B255049C374:LeaderElection14] INFO  impl.RaftServerImpl (RaftServerImpl.java:setRole(171)) - f7e2cea5-86b6-454a-9d62-19068d8c24b2:group-7B255049C374 changes role from CANDIDATE to FOLLOWER at term 2 for DISCOVERED_A_NEW_TERM
2019-08-28 08:50:02,176 [f7e2cea5-86b6-454a-9d62-19068d8c24b2:group-7B255049C374:LeaderElection14] INFO  impl.RoleInfo (RoleInfo.java:shutdownLeaderElection(134)) - f7e2cea5-86b6-454a-9d62-19068d8c24b2: shutdown LeaderElection
2019-08-28 08:50:02,176 [f7e2cea5-86b6-454a-9d62-19068d8c24b2:group-7B255049C374:LeaderElection14] INFO  impl.RoleInfo (RoleInfo.java:updateAndGet(143)) - f7e2cea5-86b6-454a-9d62-19068d8c24b2: start FollowerState
2019-08-28 08:50:02,579 | INFO  | SCMAudit | user=jenkins1000 | ip=192.168.157.218 | op=SEND_HEARTBEAT {datanodeUUID=d6cf014b-20b5-44c2-a63d-b3683dd2f34e, command=[]} | ret=SUCCESS |  
2019-08-28 08:50:02,580 | INFO  | SCMAudit | user=jenkins1000 | ip=192.168.157.218 | op=SEND_HEARTBEAT {datanodeUUID=45b9b205-b7f2-4538-986a-1da8d027ad58, command=[]} | ret=SUCCESS |  
2019-08-28 08:50:02,580 | INFO  | SCMAudit | user=jenkins1000 | ip=192.168.157.218 | op=SEND_HEARTBEAT {datanodeUUID=f7e2cea5-86b6-454a-9d62-19068d8c24b2, command=[]} | ret=SUCCESS |  
2019-08-28 08:50:02,746 | INFO  | SCMAudit | user=jenkins1000 | ip=192.168.157.218 | op=SEND_HEARTBEAT {datanodeUUID=ce00dee3-29f4-445c-9a8f-55d3d4c1540e, command=[]} | ret=SUCCESS |  
2019-08-28 08:50:02,881 | INFO  | SCMAudit | user=jenkins1000 | ip=192.168.157.218 | op=SEND_HEARTBEAT {datanodeUUID=78486bf4-f68f-4b9a-8dac-63fb21880691, command=[]} | ret=SUCCESS |  
2019-08-28 08:50:02,923 | INFO  | SCMAudit | user=jenkins1000 | ip=192.168.157.218 | op=SEND_HEARTBEAT {datanodeUUID=8d95cd8f-538b-4f88-94f7-9f5988eeca28, command=[]} | ret=SUCCESS |  
2019-08-28 08:50:02,999 [grpc-default-executor-3] INFO  client.GrpcClientProtocolClient (GrpcClientProtocolClient.java:onNext(255)) - client-C47AE80AE195->f7e2cea5-86b6-454a-9d62-19068d8c24b2: receive RaftClientReply:client-C47AE80AE195->f7e2cea5-86b6-454a-9d62-19068d8c24b2@group-7B255049C374, cid=13, FAILED org.apache.ratis.protocol.NotLeaderException: Server f7e2cea5-86b6-454a-9d62-19068d8c24b2 is not the leader (null). Request must be sent to leader., logIndex=0, commits[f7e2cea5-86b6-454a-9d62-19068d8c24b2:c-1]
2019-08-28 08:50:03,070 | INFO  | SCMAudit | user=jenkins1000 | ip=192.168.157.218 | op=SEND_HEARTBEAT {datanodeUUID=8018ea23-1975-44ef-9f1f-31b69c574cd2, command=[]} | ret=SUCCESS |  
2019-08-28 08:50:03,579 | INFO  | SCMAudit | user=jenkins1000 | ip=192.168.157.218 | op=SEND_HEARTBEAT {datanodeUUID=45b9b205-b7f2-4538-986a-1da8d027ad58, command=[]} | ret=SUCCESS |  
2019-08-28 08:50:03,579 | INFO  | SCMAudit | user=jenkins1000 | ip=192.168.157.218 | op=SEND_HEARTBEAT {datanodeUUID=d6cf014b-20b5-44c2-a63d-b3683dd2f34e, command=[]} | ret=SUCCESS |  
2019-08-28 08:50:03,581 | INFO  | SCMAudit | user=jenkins1000 | ip=192.168.157.218 | op=SEND_HEARTBEAT {datanodeUUID=f7e2cea5-86b6-454a-9d62-19068d8c24b2, command=[]} | ret=SUCCESS |  
2019-08-28 08:50:03,746 | INFO  | SCMAudit | user=jenkins1000 | ip=192.168.157.218 | op=SEND_HEARTBEAT {datanodeUUID=ce00dee3-29f4-445c-9a8f-55d3d4c1540e, command=[]} | ret=SUCCESS |  
2019-08-28 08:50:03,881 | INFO  | SCMAudit | user=jenkins1000 | ip=192.168.157.218 | op=SEND_HEARTBEAT {datanodeUUID=78486bf4-f68f-4b9a-8dac-63fb21880691, command=[]} | ret=SUCCESS |  
2019-08-28 08:50:03,922 | INFO  | SCMAudit | user=jenkins1000 | ip=192.168.157.218 | op=SEND_HEARTBEAT {datanodeUUID=8d95cd8f-538b-4f88-94f7-9f5988eeca28, command=[]} | ret=SUCCESS |  
2019-08-28 08:50:04,025 [grpc-default-executor-1] INFO  client.GrpcClientProtocolClient (GrpcClientProtocolClient.java:onNext(255)) - client-C47AE80AE195->78486bf4-f68f-4b9a-8dac-63fb21880691: receive RaftClientReply:client-C47AE80AE195->78486bf4-f68f-4b9a-8dac-63fb21880691@group-7B255049C374, cid=13, FAILED org.apache.ratis.protocol.NotLeaderException: Server 78486bf4-f68f-4b9a-8dac-63fb21880691 is not the leader (null). Request must be sent to leader., logIndex=0, commits[78486bf4-f68f-4b9a-8dac-63fb21880691:c-1]
2019-08-28 08:50:04,070 | INFO  | SCMAudit | user=jenkins1000 | ip=192.168.157.218 | op=SEND_HEARTBEAT {datanodeUUID=8018ea23-1975-44ef-9f1f-31b69c574cd2, command=[]} | ret=SUCCESS |  
2019-08-28 08:50:04,579 | INFO  | SCMAudit | user=jenkins1000 | ip=192.168.157.218 | op=SEND_HEARTBEAT {datanodeUUID=d6cf014b-20b5-44c2-a63d-b3683dd2f34e, command=[]} | ret=SUCCESS |  
2019-08-28 08:50:04,579 | INFO  | SCMAudit | user=jenkins1000 | ip=192.168.157.218 | op=SEND_HEARTBEAT {datanodeUUID=45b9b205-b7f2-4538-986a-1da8d027ad58, command=[]} | ret=SUCCESS |  
2019-08-28 08:50:04,581 | INFO  | SCMAudit | user=jenkins1000 | ip=192.168.157.218 | op=SEND_HEARTBEAT {datanodeUUID=f7e2cea5-86b6-454a-9d62-19068d8c24b2, command=[]} | ret=SUCCESS |  
2019-08-28 08:50:04,746 | INFO  | SCMAudit | user=jenkins1000 | ip=192.168.157.218 | op=SEND_HEARTBEAT {datanodeUUID=ce00dee3-29f4-445c-9a8f-55d3d4c1540e, command=[]} | ret=SUCCESS |  
2019-08-28 08:50:04,881 | INFO  | SCMAudit | user=jenkins1000 | ip=192.168.157.218 | op=SEND_HEARTBEAT {datanodeUUID=78486bf4-f68f-4b9a-8dac-63fb21880691, command=[]} | ret=SUCCESS |  
2019-08-28 08:50:04,922 | INFO  | SCMAudit | user=jenkins1000 | ip=192.168.157.218 | op=SEND_HEARTBEAT {datanodeUUID=8d95cd8f-538b-4f88-94f7-9f5988eeca28, command=[]} | ret=SUCCESS |  
2019-08-28 08:50:05,053 [grpc-default-executor-1] INFO  client.GrpcClientProtocolClient (GrpcClientProtocolClient.java:onNext(255)) - client-C47AE80AE195->8d95cd8f-538b-4f88-94f7-9f5988eeca28: receive RaftClientReply:client-C47AE80AE195->8d95cd8f-538b-4f88-94f7-9f5988eeca28@group-7B255049C374, cid=13, FAILED org.apache.ratis.protocol.NotLeaderException: Server 8d95cd8f-538b-4f88-94f7-9f5988eeca28 is not the leader (null). Request must be sent to leader., logIndex=0, commits[8d95cd8f-538b-4f88-94f7-9f5988eeca28:c-1]
2019-08-28 08:50:05,070 | INFO  | SCMAudit | user=jenkins1000 | ip=192.168.157.218 | op=SEND_HEARTBEAT {datanodeUUID=8018ea23-1975-44ef-9f1f-31b69c574cd2, command=[]} | ret=SUCCESS |  
2019-08-28 08:50:05,579 | INFO  | SCMAudit | user=jenkins1000 | ip=192.168.157.218 | op=SEND_HEARTBEAT {datanodeUUID=d6cf014b-20b5-44c2-a63d-b3683dd2f34e, command=[]} | ret=SUCCESS |  
2019-08-28 08:50:05,579 | INFO  | SCMAudit | user=jenkins1000 | ip=192.168.157.218 | op=SEND_HEARTBEAT {datanodeUUID=45b9b205-b7f2-4538-986a-1da8d027ad58, command=[]} | ret=SUCCESS |  
2019-08-28 08:50:05,580 | INFO  | SCMAudit | user=jenkins1000 | ip=192.168.157.218 | op=SEND_HEARTBEAT {datanodeUUID=f7e2cea5-86b6-454a-9d62-19068d8c24b2, command=[]} | ret=SUCCESS |  
2019-08-28 08:50:05,747 | INFO  | SCMAudit | user=jenkins1000 | ip=192.168.157.218 | op=SEND_HEARTBEAT {datanodeUUID=ce00dee3-29f4-445c-9a8f-55d3d4c1540e, command=[]} | ret=SUCCESS |  
2019-08-28 08:50:05,885 | INFO  | SCMAudit | user=jenkins1000 | ip=192.168.157.218 | op=SEND_HEARTBEAT {datanodeUUID=78486bf4-f68f-4b9a-8dac-63fb21880691, command=[]} | ret=SUCCESS |  
2019-08-28 08:50:05,923 | INFO  | SCMAudit | user=jenkins1000 | ip=192.168.157.218 | op=SEND_HEARTBEAT {datanodeUUID=8d95cd8f-538b-4f88-94f7-9f5988eeca28, command=[]} | ret=SUCCESS |  
2019-08-28 08:50:06,070 | INFO  | SCMAudit | user=jenkins1000 | ip=192.168.157.218 | op=SEND_HEARTBEAT {datanodeUUID=8018ea23-1975-44ef-9f1f-31b69c574cd2, command=[]} | ret=SUCCESS |  
2019-08-28 08:50:06,079 [grpc-default-executor-3] INFO  client.GrpcClientProtocolClient (GrpcClientProtocolClient.java:onNext(255)) - client-C47AE80AE195->78486bf4-f68f-4b9a-8dac-63fb21880691: receive RaftClientReply:client-C47AE80AE195->78486bf4-f68f-4b9a-8dac-63fb21880691@group-7B255049C374, cid=13, FAILED org.apache.ratis.protocol.NotLeaderException: Server 78486bf4-f68f-4b9a-8dac-63fb21880691 is not the leader (null). Request must be sent to leader., logIndex=0, commits[78486bf4-f68f-4b9a-8dac-63fb21880691:c-1]
2019-08-28 08:50:06,579 | INFO  | SCMAudit | user=jenkins1000 | ip=192.168.157.218 | op=SEND_HEARTBEAT {datanodeUUID=d6cf014b-20b5-44c2-a63d-b3683dd2f34e, command=[]} | ret=SUCCESS |  
2019-08-28 08:50:06,579 | INFO  | SCMAudit | user=jenkins1000 | ip=192.168.157.218 | op=SEND_HEARTBEAT {datanodeUUID=45b9b205-b7f2-4538-986a-1da8d027ad58, command=[]} | ret=SUCCESS |  
2019-08-28 08:50:06,580 | INFO  | SCMAudit | user=jenkins1000 | ip=192.168.157.218 | op=SEND_HEARTBEAT {datanodeUUID=f7e2cea5-86b6-454a-9d62-19068d8c24b2, command=[]} | ret=SUCCESS |  
2019-08-28 08:50:06,747 | INFO  | SCMAudit | user=jenkins1000 | ip=192.168.157.218 | op=SEND_HEARTBEAT {datanodeUUID=ce00dee3-29f4-445c-9a8f-55d3d4c1540e, command=[]} | ret=SUCCESS |  
2019-08-28 08:50:06,883 | INFO  | SCMAudit | user=jenkins1000 | ip=192.168.157.218 | op=SEND_HEARTBEAT {datanodeUUID=78486bf4-f68f-4b9a-8dac-63fb21880691, command=[]} | ret=SUCCESS |  
2019-08-28 08:50:06,924 | INFO  | SCMAudit | user=jenkins1000 | ip=192.168.157.218 | op=SEND_HEARTBEAT {datanodeUUID=8d95cd8f-538b-4f88-94f7-9f5988eeca28, command=[]} | ret=SUCCESS |  
2019-08-28 08:50:07,070 | INFO  | SCMAudit | user=jenkins1000 | ip=192.168.157.218 | op=SEND_HEARTBEAT {datanodeUUID=8018ea23-1975-44ef-9f1f-31b69c574cd2, command=[]} | ret=SUCCESS |  
2019-08-28 08:50:07,103 [grpc-default-executor-1] INFO  client.GrpcClientProtocolClient (GrpcClientProtocolClient.java:onNext(255)) - client-C47AE80AE195->8d95cd8f-538b-4f88-94f7-9f5988eeca28: receive RaftClientReply:client-C47AE80AE195->8d95cd8f-538b-4f88-94f7-9f5988eeca28@group-7B255049C374, cid=13, FAILED org.apache.ratis.protocol.NotLeaderException: Server 8d95cd8f-538b-4f88-94f7-9f5988eeca28 is not the leader (null). Request must be sent to leader., logIndex=0, commits[8d95cd8f-538b-4f88-94f7-9f5988eeca28:c-1]
2019-08-28 08:50:07,200 [Thread-362] INFO  impl.FollowerState (FollowerState.java:run(106)) - 8d95cd8f-538b-4f88-94f7-9f5988eeca28:group-7B255049C374 changes to CANDIDATE, lastRpcTime:5034, electionTimeout:5033ms
2019-08-28 08:50:07,211 [Thread-362] INFO  impl.RoleInfo (RoleInfo.java:shutdownFollowerState(121)) - 8d95cd8f-538b-4f88-94f7-9f5988eeca28: shutdown FollowerState
2019-08-28 08:50:07,211 [Thread-362] INFO  impl.RaftServerImpl (RaftServerImpl.java:setRole(171)) - 8d95cd8f-538b-4f88-94f7-9f5988eeca28:group-7B255049C374 changes role from FOLLOWER to CANDIDATE at term 2 for changeToCandidate
2019-08-28 08:50:07,212 [Thread-362] INFO  impl.RoleInfo (RoleInfo.java:updateAndGet(143)) - 8d95cd8f-538b-4f88-94f7-9f5988eeca28: start LeaderElection
2019-08-28 08:50:07,255 [Thread-363] INFO  impl.FollowerState (FollowerState.java:run(106)) - 78486bf4-f68f-4b9a-8dac-63fb21880691:group-7B255049C374 changes to CANDIDATE, lastRpcTime:5080, electionTimeout:5079ms
2019-08-28 08:50:07,255 [Thread-363] INFO  impl.RoleInfo (RoleInfo.java:shutdownFollowerState(121)) - 78486bf4-f68f-4b9a-8dac-63fb21880691: shutdown FollowerState
2019-08-28 08:50:07,255 [Thread-363] INFO  impl.RaftServerImpl (RaftServerImpl.java:setRole(171)) - 78486bf4-f68f-4b9a-8dac-63fb21880691:group-7B255049C374 changes role from FOLLOWER to CANDIDATE at term 2 for changeToCandidate
2019-08-28 08:50:07,256 [Thread-363] INFO  impl.RoleInfo (RoleInfo.java:updateAndGet(143)) - 78486bf4-f68f-4b9a-8dac-63fb21880691: start LeaderElection
2019-08-28 08:50:07,315 [Thread-364] INFO  impl.FollowerState (FollowerState.java:run(106)) - f7e2cea5-86b6-454a-9d62-19068d8c24b2:group-7B255049C374 changes to CANDIDATE, lastRpcTime:5138, electionTimeout:5138ms
2019-08-28 08:50:07,315 [Thread-364] INFO  impl.RoleInfo (RoleInfo.java:shutdownFollowerState(121)) - f7e2cea5-86b6-454a-9d62-19068d8c24b2: shutdown FollowerState
2019-08-28 08:50:07,315 [Thread-364] INFO  impl.RaftServerImpl (RaftServerImpl.java:setRole(171)) - f7e2cea5-86b6-454a-9d62-19068d8c24b2:group-7B255049C374 changes role from FOLLOWER to CANDIDATE at term 2 for changeToCandidate
2019-08-28 08:50:07,315 [Thread-364] INFO  impl.RoleInfo (RoleInfo.java:updateAndGet(143)) - f7e2cea5-86b6-454a-9d62-19068d8c24b2: start LeaderElection
2019-08-28 08:50:07,371 [f7e2cea5-86b6-454a-9d62-19068d8c24b2:group-7B255049C374:LeaderElection17] INFO  impl.LeaderElection (LeaderElection.java:askForVotes(181)) - f7e2cea5-86b6-454a-9d62-19068d8c24b2:group-7B255049C374:LeaderElection17: begin an election at term 3 for -1: [f7e2cea5-86b6-454a-9d62-19068d8c24b2:192.168.157.218:34707, 78486bf4-f68f-4b9a-8dac-63fb21880691:192.168.157.218:38501, 8d95cd8f-538b-4f88-94f7-9f5988eeca28:192.168.157.218:43104], old=null
2019-08-28 08:50:07,371 [8d95cd8f-538b-4f88-94f7-9f5988eeca28:group-7B255049C374:LeaderElection15] INFO  impl.LeaderElection (LeaderElection.java:askForVotes(181)) - 8d95cd8f-538b-4f88-94f7-9f5988eeca28:group-7B255049C374:LeaderElection15: begin an election at term 3 for -1: [f7e2cea5-86b6-454a-9d62-19068d8c24b2:192.168.157.218:34707, 78486bf4-f68f-4b9a-8dac-63fb21880691:192.168.157.218:38501, 8d95cd8f-538b-4f88-94f7-9f5988eeca28:192.168.157.218:43104], old=null
2019-08-28 08:50:07,371 [78486bf4-f68f-4b9a-8dac-63fb21880691:group-7B255049C374:LeaderElection16] INFO  impl.LeaderElection (LeaderElection.java:askForVotes(181)) - 78486bf4-f68f-4b9a-8dac-63fb21880691:group-7B255049C374:LeaderElection16: begin an election at term 3 for -1: [f7e2cea5-86b6-454a-9d62-19068d8c24b2:192.168.157.218:34707, 78486bf4-f68f-4b9a-8dac-63fb21880691:192.168.157.218:38501, 8d95cd8f-538b-4f88-94f7-9f5988eeca28:192.168.157.218:43104], old=null
2019-08-28 08:50:07,397 [78486bf4-f68f-4b9a-8dac-63fb21880691:group-7B255049C374:LeaderElection16] INFO  impl.LeaderElection (LeaderElection.java:logAndReturn(56)) - 78486bf4-f68f-4b9a-8dac-63fb21880691:group-7B255049C374:LeaderElection16: Election REJECTED; received 2 response(s) [78486bf4-f68f-4b9a-8dac-63fb21880691<-f7e2cea5-86b6-454a-9d62-19068d8c24b2#0:FAIL-t3, 78486bf4-f68f-4b9a-8dac-63fb21880691<-8d95cd8f-538b-4f88-94f7-9f5988eeca28#0:FAIL-t3] and 0 exception(s); 78486bf4-f68f-4b9a-8dac-63fb21880691:t3, leader=null, voted=78486bf4-f68f-4b9a-8dac-63fb21880691, raftlog=78486bf4-f68f-4b9a-8dac-63fb21880691-SegmentedRaftLog:OPENED:c-1,f-1,i0, conf=-1: [f7e2cea5-86b6-454a-9d62-19068d8c24b2:192.168.157.218:34707, 78486bf4-f68f-4b9a-8dac-63fb21880691:192.168.157.218:38501, 8d95cd8f-538b-4f88-94f7-9f5988eeca28:192.168.157.218:43104], old=null
2019-08-28 08:50:07,397 [78486bf4-f68f-4b9a-8dac-63fb21880691:group-7B255049C374:LeaderElection16] INFO  impl.RaftServerImpl (RaftServerImpl.java:setRole(171)) - 78486bf4-f68f-4b9a-8dac-63fb21880691:group-7B255049C374 changes role from CANDIDATE to FOLLOWER at term 3 for DISCOVERED_A_NEW_TERM
2019-08-28 08:50:07,399 [78486bf4-f68f-4b9a-8dac-63fb21880691:group-7B255049C374:LeaderElection16] INFO  impl.RoleInfo (RoleInfo.java:shutdownLeaderElection(134)) - 78486bf4-f68f-4b9a-8dac-63fb21880691: shutdown LeaderElection
2019-08-28 08:50:07,399 [78486bf4-f68f-4b9a-8dac-63fb21880691:group-7B255049C374:LeaderElection16] INFO  impl.RoleInfo (RoleInfo.java:updateAndGet(143)) - 78486bf4-f68f-4b9a-8dac-63fb21880691: start FollowerState
2019-08-28 08:50:07,402 [8d95cd8f-538b-4f88-94f7-9f5988eeca28:group-7B255049C374:LeaderElection15] INFO  impl.LeaderElection (LeaderElection.java:logAndReturn(56)) - 8d95cd8f-538b-4f88-94f7-9f5988eeca28:group-7B255049C374:LeaderElection15: Election REJECTED; received 2 response(s) [8d95cd8f-538b-4f88-94f7-9f5988eeca28<-f7e2cea5-86b6-454a-9d62-19068d8c24b2#0:FAIL-t3, 8d95cd8f-538b-4f88-94f7-9f5988eeca28<-78486bf4-f68f-4b9a-8dac-63fb21880691#0:FAIL-t3] and 0 exception(s); 8d95cd8f-538b-4f88-94f7-9f5988eeca28:t3, leader=null, voted=8d95cd8f-538b-4f88-94f7-9f5988eeca28, raftlog=8d95cd8f-538b-4f88-94f7-9f5988eeca28-SegmentedRaftLog:OPENED:c-1,f-1,i0, conf=-1: [f7e2cea5-86b6-454a-9d62-19068d8c24b2:192.168.157.218:34707, 78486bf4-f68f-4b9a-8dac-63fb21880691:192.168.157.218:38501, 8d95cd8f-538b-4f88-94f7-9f5988eeca28:192.168.157.218:43104], old=null
2019-08-28 08:50:07,402 [f7e2cea5-86b6-454a-9d62-19068d8c24b2:group-7B255049C374:LeaderElection17] INFO  impl.LeaderElection (LeaderElection.java:logAndReturn(56)) - f7e2cea5-86b6-454a-9d62-19068d8c24b2:group-7B255049C374:LeaderElection17: Election REJECTED; received 2 response(s) [f7e2cea5-86b6-454a-9d62-19068d8c24b2<-78486bf4-f68f-4b9a-8dac-63fb21880691#0:FAIL-t3, f7e2cea5-86b6-454a-9d62-19068d8c24b2<-8d95cd8f-538b-4f88-94f7-9f5988eeca28#0:FAIL-t3] and 0 exception(s); f7e2cea5-86b6-454a-9d62-19068d8c24b2:t3, leader=null, voted=f7e2cea5-86b6-454a-9d62-19068d8c24b2, raftlog=f7e2cea5-86b6-454a-9d62-19068d8c24b2-SegmentedRaftLog:OPENED:c-1,f-1,i0, conf=-1: [f7e2cea5-86b6-454a-9d62-19068d8c24b2:192.168.157.218:34707, 78486bf4-f68f-4b9a-8dac-63fb21880691:192.168.157.218:38501, 8d95cd8f-538b-4f88-94f7-9f5988eeca28:192.168.157.218:43104], old=null
2019-08-28 08:50:07,402 [8d95cd8f-538b-4f88-94f7-9f5988eeca28:group-7B255049C374:LeaderElection15] INFO  impl.RaftServerImpl (RaftServerImpl.java:setRole(171)) - 8d95cd8f-538b-4f88-94f7-9f5988eeca28:group-7B255049C374 changes role from CANDIDATE to FOLLOWER at term 3 for DISCOVERED_A_NEW_TERM
2019-08-28 08:50:07,406 [8d95cd8f-538b-4f88-94f7-9f5988eeca28:group-7B255049C374:LeaderElection15] INFO  impl.RoleInfo (RoleInfo.java:shutdownLeaderElection(134)) - 8d95cd8f-538b-4f88-94f7-9f5988eeca28: shutdown LeaderElection
2019-08-28 08:50:07,404 [f7e2cea5-86b6-454a-9d62-19068d8c24b2:group-7B255049C374:LeaderElection17] INFO  impl.RaftServerImpl (RaftServerImpl.java:setRole(171)) - f7e2cea5-86b6-454a-9d62-19068d8c24b2:group-7B255049C374 changes role from CANDIDATE to FOLLOWER at term 3 for DISCOVERED_A_NEW_TERM
2019-08-28 08:50:07,406 [8d95cd8f-538b-4f88-94f7-9f5988eeca28:group-7B255049C374:LeaderElection15] INFO  impl.RoleInfo (RoleInfo.java:updateAndGet(143)) - 8d95cd8f-538b-4f88-94f7-9f5988eeca28: start FollowerState
2019-08-28 08:50:07,406 [f7e2cea5-86b6-454a-9d62-19068d8c24b2:group-7B255049C374:LeaderElection17] INFO  impl.RoleInfo (RoleInfo.java:shutdownLeaderElection(134)) - f7e2cea5-86b6-454a-9d62-19068d8c24b2: shutdown LeaderElection
2019-08-28 08:50:07,408 [f7e2cea5-86b6-454a-9d62-19068d8c24b2:group-7B255049C374:LeaderElection17] INFO  impl.RoleInfo (RoleInfo.java:updateAndGet(143)) - f7e2cea5-86b6-454a-9d62-19068d8c24b2: start FollowerState
2019-08-28 08:50:07,579 | INFO  | SCMAudit | user=jenkins1000 | ip=192.168.157.218 | op=SEND_HEARTBEAT {datanodeUUID=d6cf014b-20b5-44c2-a63d-b3683dd2f34e, command=[]} | ret=SUCCESS |  
2019-08-28 08:50:07,580 | INFO  | SCMAudit | user=jenkins1000 | ip=192.168.157.218 | op=SEND_HEARTBEAT {datanodeUUID=45b9b205-b7f2-4538-986a-1da8d027ad58, command=[]} | ret=SUCCESS |  
2019-08-28 08:50:07,581 | INFO  | SCMAudit | user=jenkins1000 | ip=192.168.157.218 | op=SEND_HEARTBEAT {datanodeUUID=f7e2cea5-86b6-454a-9d62-19068d8c24b2, command=[]} | ret=SUCCESS |  
2019-08-28 08:50:07,747 | INFO  | SCMAudit | user=jenkins1000 | ip=192.168.157.218 | op=SEND_HEARTBEAT {datanodeUUID=ce00dee3-29f4-445c-9a8f-55d3d4c1540e, command=[]} | ret=SUCCESS |  
2019-08-28 08:50:07,883 | INFO  | SCMAudit | user=jenkins1000 | ip=192.168.157.218 | op=SEND_HEARTBEAT {datanodeUUID=78486bf4-f68f-4b9a-8dac-63fb21880691, command=[]} | ret=SUCCESS |  
2019-08-28 08:50:07,924 | INFO  | SCMAudit | user=jenkins1000 | ip=192.168.157.218 | op=SEND_HEARTBEAT {datanodeUUID=8d95cd8f-538b-4f88-94f7-9f5988eeca28, command=[]} | ret=SUCCESS |  
2019-08-28 08:50:08,070 | INFO  | SCMAudit | user=jenkins1000 | ip=192.168.157.218 | op=SEND_HEARTBEAT {datanodeUUID=8018ea23-1975-44ef-9f1f-31b69c574cd2, command=[]} | ret=SUCCESS |  
2019-08-28 08:50:08,132 [grpc-default-executor-2] INFO  client.GrpcClientProtocolClient (GrpcClientProtocolClient.java:onNext(255)) - client-C47AE80AE195->f7e2cea5-86b6-454a-9d62-19068d8c24b2: receive RaftClientReply:client-C47AE80AE195->f7e2cea5-86b6-454a-9d62-19068d8c24b2@group-7B255049C374, cid=13, FAILED org.apache.ratis.protocol.NotLeaderException: Server f7e2cea5-86b6-454a-9d62-19068d8c24b2 is not the leader (null). Request must be sent to leader., logIndex=0, commits[f7e2cea5-86b6-454a-9d62-19068d8c24b2:c-1]
2019-08-28 08:50:08,579 | INFO  | SCMAudit | user=jenkins1000 | ip=192.168.157.218 | op=SEND_HEARTBEAT {datanodeUUID=d6cf014b-20b5-44c2-a63d-b3683dd2f34e, command=[]} | ret=SUCCESS |  
2019-08-28 08:50:08,580 | INFO  | SCMAudit | user=jenkins1000 | ip=192.168.157.218 | op=SEND_HEARTBEAT {datanodeUUID=45b9b205-b7f2-4538-986a-1da8d027ad58, command=[]} | ret=SUCCESS |  
2019-08-28 08:50:08,582 | INFO  | SCMAudit | user=jenkins1000 | ip=192.168.157.218 | op=SEND_HEARTBEAT {datanodeUUID=f7e2cea5-86b6-454a-9d62-19068d8c24b2, command=[]} | ret=SUCCESS |  
2019-08-28 08:50:08,747 | INFO  | SCMAudit | user=jenkins1000 | ip=192.168.157.218 | op=SEND_HEARTBEAT {datanodeUUID=ce00dee3-29f4-445c-9a8f-55d3d4c1540e, command=[]} | ret=SUCCESS |  
2019-08-28 08:50:08,883 | INFO  | SCMAudit | user=jenkins1000 | ip=192.168.157.218 | op=SEND_HEARTBEAT {datanodeUUID=78486bf4-f68f-4b9a-8dac-63fb21880691, command=[]} | ret=SUCCESS |  
2019-08-28 08:50:08,924 | INFO  | SCMAudit | user=jenkins1000 | ip=192.168.157.218 | op=SEND_HEARTBEAT {datanodeUUID=8d95cd8f-538b-4f88-94f7-9f5988eeca28, command=[]} | ret=SUCCESS |  
2019-08-28 08:50:09,070 | INFO  | SCMAudit | user=jenkins1000 | ip=192.168.157.218 | op=SEND_HEARTBEAT {datanodeUUID=8018ea23-1975-44ef-9f1f-31b69c574cd2, command=[]} | ret=SUCCESS |  
2019-08-28 08:50:09,162 [grpc-default-executor-2] INFO  client.GrpcClientProtocolClient (GrpcClientProtocolClient.java:onNext(255)) - client-C47AE80AE195->78486bf4-f68f-4b9a-8dac-63fb21880691: receive RaftClientReply:client-C47AE80AE195->78486bf4-f68f-4b9a-8dac-63fb21880691@group-7B255049C374, cid=13, FAILED org.apache.ratis.protocol.NotLeaderException: Server 78486bf4-f68f-4b9a-8dac-63fb21880691 is not the leader (null). Request must be sent to leader., logIndex=0, commits[78486bf4-f68f-4b9a-8dac-63fb21880691:c-1]
2019-08-28 08:50:09,579 | INFO  | SCMAudit | user=jenkins1000 | ip=192.168.157.218 | op=SEND_HEARTBEAT {datanodeUUID=d6cf014b-20b5-44c2-a63d-b3683dd2f34e, command=[]} | ret=SUCCESS |  
2019-08-28 08:50:09,580 | INFO  | SCMAudit | user=jenkins1000 | ip=192.168.157.218 | op=SEND_HEARTBEAT {datanodeUUID=45b9b205-b7f2-4538-986a-1da8d027ad58, command=[]} | ret=SUCCESS |  
2019-08-28 08:50:09,581 | INFO  | SCMAudit | user=jenkins1000 | ip=192.168.157.218 | op=SEND_HEARTBEAT {datanodeUUID=f7e2cea5-86b6-454a-9d62-19068d8c24b2, command=[]} | ret=SUCCESS |  
2019-08-28 08:50:09,747 | INFO  | SCMAudit | user=jenkins1000 | ip=192.168.157.218 | op=SEND_HEARTBEAT {datanodeUUID=ce00dee3-29f4-445c-9a8f-55d3d4c1540e, command=[]} | ret=SUCCESS |  
2019-08-28 08:50:09,883 | INFO  | SCMAudit | user=jenkins1000 | ip=192.168.157.218 | op=SEND_HEARTBEAT {datanodeUUID=78486bf4-f68f-4b9a-8dac-63fb21880691, command=[]} | ret=SUCCESS |  
2019-08-28 08:50:09,924 | INFO  | SCMAudit | user=jenkins1000 | ip=192.168.157.218 | op=SEND_HEARTBEAT {datanodeUUID=8d95cd8f-538b-4f88-94f7-9f5988eeca28, command=[]} | ret=SUCCESS |  
2019-08-28 08:50:10,070 | INFO  | SCMAudit | user=jenkins1000 | ip=192.168.157.218 | op=SEND_HEARTBEAT {datanodeUUID=8018ea23-1975-44ef-9f1f-31b69c574cd2, command=[]} | ret=SUCCESS |  
2019-08-28 08:50:10,187 [grpc-default-executor-1] INFO  client.GrpcClientProtocolClient (GrpcClientProtocolClient.java:onNext(255)) - client-C47AE80AE195->f7e2cea5-86b6-454a-9d62-19068d8c24b2: receive RaftClientReply:client-C47AE80AE195->f7e2cea5-86b6-454a-9d62-19068d8c24b2@group-7B255049C374, cid=13, FAILED org.apache.ratis.protocol.NotLeaderException: Server f7e2cea5-86b6-454a-9d62-19068d8c24b2 is not the leader (null). Request must be sent to leader., logIndex=0, commits[f7e2cea5-86b6-454a-9d62-19068d8c24b2:c-1]
2019-08-28 08:50:10,580 | INFO  | SCMAudit | user=jenkins1000 | ip=192.168.157.218 | op=SEND_HEARTBEAT {datanodeUUID=d6cf014b-20b5-44c2-a63d-b3683dd2f34e, command=[]} | ret=SUCCESS |  
2019-08-28 08:50:10,580 | INFO  | SCMAudit | user=jenkins1000 | ip=192.168.157.218 | op=SEND_HEARTBEAT {datanodeUUID=45b9b205-b7f2-4538-986a-1da8d027ad58, command=[]} | ret=SUCCESS |  
2019-08-28 08:50:10,582 | INFO  | SCMAudit | user=jenkins1000 | ip=192.168.157.218 | op=SEND_HEARTBEAT {datanodeUUID=f7e2cea5-86b6-454a-9d62-19068d8c24b2, command=[]} | ret=SUCCESS |  
2019-08-28 08:50:10,747 | INFO  | SCMAudit | user=jenkins1000 | ip=192.168.157.218 | op=SEND_HEARTBEAT {datanodeUUID=ce00dee3-29f4-445c-9a8f-55d3d4c1540e, command=[]} | ret=SUCCESS |  
2019-08-28 08:50:10,882 | INFO  | SCMAudit | user=jenkins1000 | ip=192.168.157.218 | op=SEND_HEARTBEAT {datanodeUUID=78486bf4-f68f-4b9a-8dac-63fb21880691, command=[]} | ret=SUCCESS |  
2019-08-28 08:50:10,924 | INFO  | SCMAudit | user=jenkins1000 | ip=192.168.157.218 | op=SEND_HEARTBEAT {datanodeUUID=8d95cd8f-538b-4f88-94f7-9f5988eeca28, command=[]} | ret=SUCCESS |  
2019-08-28 08:50:11,070 | INFO  | SCMAudit | user=jenkins1000 | ip=192.168.157.218 | op=SEND_HEARTBEAT {datanodeUUID=8018ea23-1975-44ef-9f1f-31b69c574cd2, command=[]} | ret=SUCCESS |  
2019-08-28 08:50:11,210 [grpc-default-executor-2] INFO  client.GrpcClientProtocolClient (GrpcClientProtocolClient.java:onNext(255)) - client-C47AE80AE195->78486bf4-f68f-4b9a-8dac-63fb21880691: receive RaftClientReply:client-C47AE80AE195->78486bf4-f68f-4b9a-8dac-63fb21880691@group-7B255049C374, cid=13, FAILED org.apache.ratis.protocol.NotLeaderException: Server 78486bf4-f68f-4b9a-8dac-63fb21880691 is not the leader (null). Request must be sent to leader., logIndex=0, commits[78486bf4-f68f-4b9a-8dac-63fb21880691:c-1]
2019-08-28 08:50:11,579 | INFO  | SCMAudit | user=jenkins1000 | ip=192.168.157.218 | op=SEND_HEARTBEAT {datanodeUUID=d6cf014b-20b5-44c2-a63d-b3683dd2f34e, command=[]} | ret=SUCCESS |  
2019-08-28 08:50:11,580 | INFO  | SCMAudit | user=jenkins1000 | ip=192.168.157.218 | op=SEND_HEARTBEAT {datanodeUUID=45b9b205-b7f2-4538-986a-1da8d027ad58, command=[]} | ret=SUCCESS |  
2019-08-28 08:50:11,581 | INFO  | SCMAudit | user=jenkins1000 | ip=192.168.157.218 | op=SEND_HEARTBEAT {datanodeUUID=f7e2cea5-86b6-454a-9d62-19068d8c24b2, command=[]} | ret=SUCCESS |  
2019-08-28 08:50:11,747 | INFO  | SCMAudit | user=jenkins1000 | ip=192.168.157.218 | op=SEND_HEARTBEAT {datanodeUUID=ce00dee3-29f4-445c-9a8f-55d3d4c1540e, command=[]} | ret=SUCCESS |  
2019-08-28 08:50:11,883 | INFO  | SCMAudit | user=jenkins1000 | ip=192.168.157.218 | op=SEND_HEARTBEAT {datanodeUUID=78486bf4-f68f-4b9a-8dac-63fb21880691, command=[]} | ret=SUCCESS |  
2019-08-28 08:50:11,924 | INFO  | SCMAudit | user=jenkins1000 | ip=192.168.157.218 | op=SEND_HEARTBEAT {datanodeUUID=8d95cd8f-538b-4f88-94f7-9f5988eeca28, command=[]} | ret=SUCCESS |  
2019-08-28 08:50:12,070 | INFO  | SCMAudit | user=jenkins1000 | ip=192.168.157.218 | op=SEND_HEARTBEAT {datanodeUUID=8018ea23-1975-44ef-9f1f-31b69c574cd2, command=[]} | ret=SUCCESS |  
2019-08-28 08:50:12,245 [grpc-default-executor-2] INFO  client.GrpcClientProtocolClient (GrpcClientProtocolClient.java:onNext(255)) - client-C47AE80AE195->f7e2cea5-86b6-454a-9d62-19068d8c24b2: receive RaftClientReply:client-C47AE80AE195->f7e2cea5-86b6-454a-9d62-19068d8c24b2@group-7B255049C374, cid=13, FAILED org.apache.ratis.protocol.NotLeaderException: Server f7e2cea5-86b6-454a-9d62-19068d8c24b2 is not the leader (null). Request must be sent to leader., logIndex=0, commits[f7e2cea5-86b6-454a-9d62-19068d8c24b2:c-1]
]]></system-out>
    <system-err><![CDATA[Aug 28, 2019 8:49:44 AM com.sun.jersey.server.impl.application.WebApplicationImpl _initiate
INFO: Initiating Jersey application, version 'Jersey: 1.19 02/11/2015 03:25 AM'
Aug 28, 2019 8:49:45 AM com.sun.jersey.server.impl.application.WebApplicationImpl _initiate
INFO: Initiating Jersey application, version 'Jersey: 1.19 02/11/2015 03:25 AM'
Aug 28, 2019 8:49:46 AM com.sun.jersey.server.impl.application.WebApplicationImpl _initiate
INFO: Initiating Jersey application, version 'Jersey: 1.19 02/11/2015 03:25 AM'
Aug 28, 2019 8:49:46 AM com.sun.jersey.server.impl.application.WebApplicationImpl _initiate
INFO: Initiating Jersey application, version 'Jersey: 1.19 02/11/2015 03:25 AM'
Aug 28, 2019 8:49:46 AM com.sun.jersey.server.impl.application.WebApplicationImpl _initiate
INFO: Initiating Jersey application, version 'Jersey: 1.19 02/11/2015 03:25 AM'
Aug 28, 2019 8:49:46 AM com.sun.jersey.server.impl.application.WebApplicationImpl _initiate
INFO: Initiating Jersey application, version 'Jersey: 1.19 02/11/2015 03:25 AM'
Aug 28, 2019 8:49:46 AM com.sun.jersey.server.impl.application.WebApplicationImpl _initiate
INFO: Initiating Jersey application, version 'Jersey: 1.19 02/11/2015 03:25 AM'
]]></system-err>
  </testcase>
</testsuite>