<?xml version="1.0" encoding="UTF-8"?>
<testsuite xmlns:xsi="http://www.w3.org/2001/XMLSchema-instance" xsi:noNamespaceSchemaLocation="https://maven.apache.org/surefire/maven-surefire-plugin/xsd/surefire-test-report.xsd" name="org.apache.hadoop.ozone.client.rpc.TestWatchForCommit" time="244.156" tests="5" errors="1" skipped="0" failures="0">
  <properties>
    <property name="awt.toolkit" value="sun.awt.X11.XToolkit"/>
    <property name="file.encoding.pkg" value="sun.io"/>
    <property name="java.specification.version" value="1.8"/>
    <property name="sun.cpu.isalist" value=""/>
    <property name="sun.jnu.encoding" value="UTF-8"/>
    <property name="java.class.path" value="/workdir/hadoop-ozone/integration-test/target/test-classes:/workdir/hadoop-ozone/integration-test/target/classes:/home/user/.m2/repository/org/apache/hadoop/hadoop-ozone-common/0.5.0-SNAPSHOT/hadoop-ozone-common-0.5.0-SNAPSHOT.jar:/home/user/.m2/repository/org/apache/commons/commons-compress/1.4.1/commons-compress-1.4.1.jar:/home/user/.m2/repository/org/tukaani/xz/1.0/xz-1.0.jar:/home/user/.m2/repository/org/apache/hadoop/hadoop-common/3.2.0/hadoop-common-3.2.0.jar:/home/user/.m2/repository/org/apache/hadoop/hadoop-hdfs/3.2.0/hadoop-hdfs-3.2.0.jar:/home/user/.m2/repository/org/apache/hadoop/hadoop-hdfs-client/3.2.0/hadoop-hdfs-client-3.2.0.jar:/home/user/.m2/repository/com/fasterxml/jackson/core/jackson-annotations/2.9.5/jackson-annotations-2.9.5.jar:/home/user/.m2/repository/org/apache/hadoop/hadoop-hdds-common/0.5.0-SNAPSHOT/hadoop-hdds-common-0.5.0-SNAPSHOT.jar:/home/user/.m2/repository/javax/annotation/javax.annotation-api/1.2/javax.annotation-api-1.2.jar:/home/user/.m2/repository/org/apache/ratis/ratis-server/0.4.0-2337318-SNAPSHOT/ratis-server-0.4.0-2337318-SNAPSHOT.jar:/home/user/.m2/repository/org/apache/ratis/ratis-thirdparty-misc/0.2.0/ratis-thirdparty-misc-0.2.0.jar:/home/user/.m2/repository/org/apache/ratis/ratis-proto/0.4.0-2337318-SNAPSHOT/ratis-proto-0.4.0-2337318-SNAPSHOT.jar:/home/user/.m2/repository/org/apache/ratis/ratis-common/0.4.0-2337318-SNAPSHOT/ratis-common-0.4.0-2337318-SNAPSHOT.jar:/home/user/.m2/repository/org/apache/ratis/ratis-client/0.4.0-2337318-SNAPSHOT/ratis-client-0.4.0-2337318-SNAPSHOT.jar:/home/user/.m2/repository/org/apache/ratis/ratis-metrics/0.4.0-2337318-SNAPSHOT/ratis-metrics-0.4.0-2337318-SNAPSHOT.jar:/home/user/.m2/repository/org/apache/ratis/ratis-netty/0.4.0-2337318-SNAPSHOT/ratis-netty-0.4.0-2337318-SNAPSHOT.jar:/home/user/.m2/repository/org/apache/ratis/ratis-grpc/0.4.0-2337318-SNAPSHOT/ratis-grpc-0.4.0-2337318-SNAPSHOT.jar:/home/user/.m2/repository/org/rocksdb/rocksdbjni/6.0.1/rocksdbjni-6.0.1.jar:/home/user/.m2/repository/org/apache/logging/log4j/log4j-api/2.11.0/log4j-api-2.11.0.jar:/home/user/.m2/repository/org/apache/logging/log4j/log4j-core/2.11.0/log4j-core-2.11.0.jar:/home/user/.m2/repository/com/lmax/disruptor/3.4.2/disruptor-3.4.2.jar:/home/user/.m2/repository/org/apache/commons/commons-pool2/2.6.0/commons-pool2-2.6.0.jar:/home/user/.m2/repository/org/bouncycastle/bcpkix-jdk15on/1.60/bcpkix-jdk15on-1.60.jar:/home/user/.m2/repository/commons-validator/commons-validator/1.6/commons-validator-1.6.jar:/home/user/.m2/repository/commons-digester/commons-digester/1.8.1/commons-digester-1.8.1.jar:/home/user/.m2/repository/io/jaegertracing/jaeger-client/0.33.1/jaeger-client-0.33.1.jar:/home/user/.m2/repository/io/jaegertracing/jaeger-thrift/0.33.1/jaeger-thrift-0.33.1.jar:/home/user/.m2/repository/org/apache/thrift/libthrift/0.11.0/libthrift-0.11.0.jar:/home/user/.m2/repository/com/squareup/okhttp3/okhttp/3.9.0/okhttp-3.9.0.jar:/home/user/.m2/repository/com/squareup/okio/okio/1.13.0/okio-1.13.0.jar:/home/user/.m2/repository/io/jaegertracing/jaeger-core/0.33.1/jaeger-core-0.33.1.jar:/home/user/.m2/repository/io/jaegertracing/jaeger-tracerresolver/0.33.1/jaeger-tracerresolver-0.33.1.jar:/home/user/.m2/repository/io/opentracing/contrib/opentracing-tracerresolver/0.1.5/opentracing-tracerresolver-0.1.5.jar:/home/user/.m2/repository/io/opentracing/opentracing-util/0.31.0/opentracing-util-0.31.0.jar:/home/user/.m2/repository/io/opentracing/opentracing-api/0.31.0/opentracing-api-0.31.0.jar:/home/user/.m2/repository/io/opentracing/opentracing-noop/0.31.0/opentracing-noop-0.31.0.jar:/home/user/.m2/repository/org/apache/hadoop/hadoop-hdds-server-framework/0.5.0-SNAPSHOT/hadoop-hdds-server-framework-0.5.0-SNAPSHOT.jar:/home/user/.m2/repository/org/apache/hadoop/hadoop-hdds-container-service/0.5.0-SNAPSHOT/hadoop-hdds-container-service-0.5.0-SNAPSHOT.jar:/home/user/.m2/repository/org/apache/hadoop/hadoop-hdds-client/0.5.0-SNAPSHOT/hadoop-hdds-client-0.5.0-SNAPSHOT.jar:/home/user/.m2/repository/org/apache/hadoop/hadoop-hdds-tools/0.5.0-SNAPSHOT/hadoop-hdds-tools-0.5.0-SNAPSHOT.jar:/home/user/.m2/repository/org/apache/hadoop/hadoop-hdds-server-scm/0.5.0-SNAPSHOT/hadoop-hdds-server-scm-0.5.0-SNAPSHOT.jar:/home/user/.m2/repository/org/apache/hadoop/hadoop-hdds-docs/0.5.0-SNAPSHOT/hadoop-hdds-docs-0.5.0-SNAPSHOT.jar:/home/user/.m2/repository/io/dropwizard/metrics/metrics-core/3.2.4/metrics-core-3.2.4.jar:/home/user/.m2/repository/org/hamcrest/hamcrest-all/1.3/hamcrest-all-1.3.jar:/home/user/.m2/repository/org/bouncycastle/bcprov-jdk15on/1.60/bcprov-jdk15on-1.60.jar:/home/user/.m2/repository/info/picocli/picocli/3.9.6/picocli-3.9.6.jar:/home/user/.m2/repository/com/google/protobuf/protobuf-java/2.5.0/protobuf-java-2.5.0.jar:/home/user/.m2/repository/com/google/guava/guava/11.0.2/guava-11.0.2.jar:/home/user/.m2/repository/org/apache/hadoop/hadoop-ozone-ozone-manager/0.5.0-SNAPSHOT/hadoop-ozone-ozone-manager-0.5.0-SNAPSHOT.jar:/home/user/.m2/repository/org/apache/hadoop/hadoop-minikdc/3.2.0/hadoop-minikdc-3.2.0.jar:/home/user/.m2/repository/commons-io/commons-io/2.5/commons-io-2.5.jar:/home/user/.m2/repository/org/apache/kerby/kerb-simplekdc/1.0.1/kerb-simplekdc-1.0.1.jar:/home/user/.m2/repository/org/apache/kerby/kerb-client/1.0.1/kerb-client-1.0.1.jar:/home/user/.m2/repository/org/apache/kerby/kerby-config/1.0.1/kerby-config-1.0.1.jar:/home/user/.m2/repository/org/apache/kerby/kerb-core/1.0.1/kerb-core-1.0.1.jar:/home/user/.m2/repository/org/apache/kerby/kerby-pkix/1.0.1/kerby-pkix-1.0.1.jar:/home/user/.m2/repository/org/apache/kerby/kerby-asn1/1.0.1/kerby-asn1-1.0.1.jar:/home/user/.m2/repository/org/apache/kerby/kerby-util/1.0.1/kerby-util-1.0.1.jar:/home/user/.m2/repository/org/apache/kerby/kerb-common/1.0.1/kerb-common-1.0.1.jar:/home/user/.m2/repository/org/apache/kerby/kerb-crypto/1.0.1/kerb-crypto-1.0.1.jar:/home/user/.m2/repository/org/apache/kerby/kerb-util/1.0.1/kerb-util-1.0.1.jar:/home/user/.m2/repository/org/apache/kerby/token-provider/1.0.1/token-provider-1.0.1.jar:/home/user/.m2/repository/org/apache/kerby/kerb-admin/1.0.1/kerb-admin-1.0.1.jar:/home/user/.m2/repository/org/apache/kerby/kerb-server/1.0.1/kerb-server-1.0.1.jar:/home/user/.m2/repository/org/apache/kerby/kerb-identity/1.0.1/kerb-identity-1.0.1.jar:/home/user/.m2/repository/org/apache/kerby/kerby-xdr/1.0.1/kerby-xdr-1.0.1.jar:/home/user/.m2/repository/org/slf4j/slf4j-log4j12/1.7.25/slf4j-log4j12-1.7.25.jar:/home/user/.m2/repository/org/apache/hadoop/hadoop-ozone-objectstore-service/0.5.0-SNAPSHOT/hadoop-ozone-objectstore-service-0.5.0-SNAPSHOT.jar:/home/user/.m2/repository/org/apache/hadoop/hadoop-ozone-s3gateway/0.5.0-SNAPSHOT/hadoop-ozone-s3gateway-0.5.0-SNAPSHOT.jar:/home/user/.m2/repository/org/jboss/weld/servlet/weld-servlet/2.4.7.Final/weld-servlet-2.4.7.Final.jar:/home/user/.m2/repository/org/glassfish/jersey/containers/jersey-container-servlet-core/2.27/jersey-container-servlet-core-2.27.jar:/home/user/.m2/repository/org/glassfish/hk2/external/javax.inject/2.5.0-b42/javax.inject-2.5.0-b42.jar:/home/user/.m2/repository/org/glassfish/jersey/core/jersey-common/2.27/jersey-common-2.27.jar:/home/user/.m2/repository/org/glassfish/hk2/osgi-resource-locator/1.0.1/osgi-resource-locator-1.0.1.jar:/home/user/.m2/repository/javax/ws/rs/javax.ws.rs-api/2.1/javax.ws.rs-api-2.1.jar:/home/user/.m2/repository/org/glassfish/jersey/ext/cdi/jersey-cdi1x/2.27/jersey-cdi1x-2.27.jar:/home/user/.m2/repository/org/glassfish/jersey/inject/jersey-hk2/2.27/jersey-hk2-2.27.jar:/home/user/.m2/repository/org/glassfish/hk2/hk2-locator/2.5.0-b42/hk2-locator-2.5.0-b42.jar:/home/user/.m2/repository/org/javassist/javassist/3.22.0-CR2/javassist-3.22.0-CR2.jar:/home/user/.m2/repository/org/glassfish/hk2/hk2-api/2.5.0/hk2-api-2.5.0.jar:/home/user/.m2/repository/org/glassfish/hk2/external/jakarta.inject/2.5.0/jakarta.inject-2.5.0.jar:/home/user/.m2/repository/org/glassfish/hk2/hk2-utils/2.5.0/hk2-utils-2.5.0.jar:/home/user/.m2/repository/jakarta/annotation/jakarta.annotation-api/1.3.4/jakarta.annotation-api-1.3.4.jar:/home/user/.m2/repository/org/glassfish/hk2/external/aopalliance-repackaged/2.5.0/aopalliance-repackaged-2.5.0.jar:/home/user/.m2/repository/com/fasterxml/jackson/dataformat/jackson-dataformat-xml/2.9.0/jackson-dataformat-xml-2.9.0.jar:/home/user/.m2/repository/com/fasterxml/jackson/core/jackson-core/2.9.5/jackson-core-2.9.5.jar:/home/user/.m2/repository/com/fasterxml/jackson/module/jackson-module-jaxb-annotations/2.9.5/jackson-module-jaxb-annotations-2.9.5.jar:/home/user/.m2/repository/javax/enterprise/cdi-api/1.2/cdi-api-1.2.jar:/home/user/.m2/repository/javax/el/javax.el-api/3.0.0/javax.el-api-3.0.0.jar:/home/user/.m2/repository/javax/interceptor/javax.interceptor-api/1.2/javax.interceptor-api-1.2.jar:/home/user/.m2/repository/javax/inject/javax.inject/1/javax.inject-1.jar:/home/user/.m2/repository/com/sun/xml/bind/jaxb-impl/2.3.0.1/jaxb-impl-2.3.0.1.jar:/home/user/.m2/repository/com/sun/xml/bind/jaxb-core/2.3.0.1/jaxb-core-2.3.0.1.jar:/home/user/.m2/repository/javax/xml/bind/jaxb-api/2.3.0/jaxb-api-2.3.0.jar:/home/user/.m2/repository/javax/activation/activation/1.1.1/activation-1.1.1.jar:/home/user/.m2/repository/org/apache/hadoop/hadoop-ozone-csi/0.5.0-SNAPSHOT/hadoop-ozone-csi-0.5.0-SNAPSHOT.jar:/home/user/.m2/repository/com/google/protobuf/protobuf-java-util/3.5.1/protobuf-java-util-3.5.1.jar:/home/user/.m2/repository/org/apache/hadoop/hadoop-hdds-config/0.5.0-SNAPSHOT/hadoop-hdds-config-0.5.0-SNAPSHOT.jar:/home/user/.m2/repository/io/grpc/grpc-netty/1.17.1/grpc-netty-1.17.1.jar:/home/user/.m2/repository/io/grpc/grpc-core/1.17.1/grpc-core-1.17.1.jar:/home/user/.m2/repository/io/grpc/grpc-context/1.17.1/grpc-context-1.17.1.jar:/home/user/.m2/repository/com/google/errorprone/error_prone_annotations/2.2.0/error_prone_annotations-2.2.0.jar:/home/user/.m2/repository/org/codehaus/mojo/animal-sniffer-annotations/1.17/animal-sniffer-annotations-1.17.jar:/home/user/.m2/repository/io/opencensus/opencensus-api/0.17.0/opencensus-api-0.17.0.jar:/home/user/.m2/repository/io/opencensus/opencensus-contrib-grpc-metrics/0.17.0/opencensus-contrib-grpc-metrics-0.17.0.jar:/home/user/.m2/repository/io/netty/netty-codec-http2/4.1.30.Final/netty-codec-http2-4.1.30.Final.jar:/home/user/.m2/repository/io/netty/netty-codec-http/4.1.30.Final/netty-codec-http-4.1.30.Final.jar:/home/user/.m2/repository/io/netty/netty-codec/4.1.30.Final/netty-codec-4.1.30.Final.jar:/home/user/.m2/repository/io/netty/netty-handler/4.1.30.Final/netty-handler-4.1.30.Final.jar:/home/user/.m2/repository/io/netty/netty-handler-proxy/4.1.30.Final/netty-handler-proxy-4.1.30.Final.jar:/home/user/.m2/repository/io/netty/netty-codec-socks/4.1.30.Final/netty-codec-socks-4.1.30.Final.jar:/home/user/.m2/repository/io/netty/netty-transport-native-epoll/4.1.30.Final/netty-transport-native-epoll-4.1.30.Final.jar:/home/user/.m2/repository/io/netty/netty-common/4.1.30.Final/netty-common-4.1.30.Final.jar:/home/user/.m2/repository/io/netty/netty-buffer/4.1.30.Final/netty-buffer-4.1.30.Final.jar:/home/user/.m2/repository/io/netty/netty-transport/4.1.30.Final/netty-transport-4.1.30.Final.jar:/home/user/.m2/repository/io/netty/netty-resolver/4.1.30.Final/netty-resolver-4.1.30.Final.jar:/home/user/.m2/repository/io/netty/netty-transport-native-unix-common/4.1.30.Final/netty-transport-native-unix-common-4.1.30.Final.jar:/home/user/.m2/repository/io/grpc/grpc-protobuf/1.17.1/grpc-protobuf-1.17.1.jar:/home/user/.m2/repository/com/google/api/grpc/proto-google-common-protos/1.0.0/proto-google-common-protos-1.0.0.jar:/home/user/.m2/repository/io/grpc/grpc-protobuf-lite/1.17.1/grpc-protobuf-lite-1.17.1.jar:/home/user/.m2/repository/io/grpc/grpc-stub/1.17.1/grpc-stub-1.17.1.jar:/home/user/.m2/repository/org/apache/hadoop/hadoop-ozone-recon/0.5.0-SNAPSHOT/hadoop-ozone-recon-0.5.0-SNAPSHOT.jar:/home/user/.m2/repository/org/apache/hadoop/hadoop-ozone-reconcodegen/0.5.0-SNAPSHOT/hadoop-ozone-reconcodegen-0.5.0-SNAPSHOT.jar:/home/user/.m2/repository/com/google/inject/extensions/guice-multibindings/4.0/guice-multibindings-4.0.jar:/home/user/.m2/repository/com/google/inject/guice/4.0/guice-4.0.jar:/home/user/.m2/repository/aopalliance/aopalliance/1.0/aopalliance-1.0.jar:/home/user/.m2/repository/com/google/inject/extensions/guice-servlet/4.0/guice-servlet-4.0.jar:/home/user/.m2/repository/org/glassfish/jersey/containers/jersey-container-servlet/2.27/jersey-container-servlet-2.27.jar:/home/user/.m2/repository/org/glassfish/hk2/guice-bridge/2.5.0/guice-bridge-2.5.0.jar:/home/user/.m2/repository/org/glassfish/jersey/core/jersey-server/2.27/jersey-server-2.27.jar:/home/user/.m2/repository/org/glassfish/jersey/core/jersey-client/2.27/jersey-client-2.27.jar:/home/user/.m2/repository/org/glassfish/jersey/media/jersey-media-jaxb/2.27/jersey-media-jaxb-2.27.jar:/home/user/.m2/repository/javax/validation/validation-api/1.1.0.Final/validation-api-1.1.0.Final.jar:/home/user/.m2/repository/org/glassfish/jersey/media/jersey-media-json-jackson/2.27/jersey-media-json-jackson-2.27.jar:/home/user/.m2/repository/org/glassfish/jersey/ext/jersey-entity-filtering/2.27/jersey-entity-filtering-2.27.jar:/home/user/.m2/repository/com/google/inject/extensions/guice-assistedinject/4.0/guice-assistedinject-4.0.jar:/home/user/.m2/repository/org/jooq/jooq/3.11.10/jooq-3.11.10.jar:/home/user/.m2/repository/org/jooq/jooq-meta/3.11.10/jooq-meta-3.11.10.jar:/home/user/.m2/repository/org/jooq/jooq-codegen/3.11.10/jooq-codegen-3.11.10.jar:/home/user/.m2/repository/com/jolbox/bonecp/0.8.0.RELEASE/bonecp-0.8.0.RELEASE.jar:/home/user/.m2/repository/org/xerial/sqlite-jdbc/3.25.2/sqlite-jdbc-3.25.2.jar:/home/user/.m2/repository/org/springframework/spring-jdbc/5.1.3.RELEASE/spring-jdbc-5.1.3.RELEASE.jar:/home/user/.m2/repository/org/springframework/spring-beans/5.1.3.RELEASE/spring-beans-5.1.3.RELEASE.jar:/home/user/.m2/repository/org/springframework/spring-core/5.1.3.RELEASE/spring-core-5.1.3.RELEASE.jar:/home/user/.m2/repository/org/springframework/spring-jcl/5.1.3.RELEASE/spring-jcl-5.1.3.RELEASE.jar:/home/user/.m2/repository/org/springframework/spring-tx/5.1.3.RELEASE/spring-tx-5.1.3.RELEASE.jar:/home/user/.m2/repository/org/apache/hadoop/hadoop-ozone-client/0.5.0-SNAPSHOT/hadoop-ozone-client-0.5.0-SNAPSHOT.jar:/home/user/.m2/repository/commons-lang/commons-lang/2.6/commons-lang-2.6.jar:/home/user/.m2/repository/org/apache/hadoop/hadoop-ozone-ozone-manager/0.5.0-SNAPSHOT/hadoop-ozone-ozone-manager-0.5.0-SNAPSHOT-tests.jar:/home/user/.m2/repository/junit/junit/4.11/junit-4.11.jar:/home/user/.m2/repository/org/hamcrest/hamcrest-core/1.3/hamcrest-core-1.3.jar:/home/user/.m2/repository/org/openjdk/jmh/jmh-core/1.19/jmh-core-1.19.jar:/home/user/.m2/repository/net/sf/jopt-simple/jopt-simple/4.6/jopt-simple-4.6.jar:/home/user/.m2/repository/org/apache/commons/commons-math3/3.1.1/commons-math3-3.1.1.jar:/home/user/.m2/repository/org/openjdk/jmh/jmh-generator-annprocess/1.19/jmh-generator-annprocess-1.19.jar:/home/user/.m2/repository/org/mockito/mockito-all/1.8.5/mockito-all-1.8.5.jar:/home/user/.m2/repository/org/apache/hadoop/hadoop-kms/3.2.0/hadoop-kms-3.2.0.jar:/home/user/.m2/repository/org/apache/hadoop/hadoop-auth/3.2.0/hadoop-auth-3.2.0.jar:/home/user/.m2/repository/com/nimbusds/nimbus-jose-jwt/4.41.1/nimbus-jose-jwt-4.41.1.jar:/home/user/.m2/repository/com/github/stephenc/jcip/jcip-annotations/1.0-1/jcip-annotations-1.0-1.jar:/home/user/.m2/repository/net/minidev/json-smart/2.3/json-smart-2.3.jar:/home/user/.m2/repository/net/minidev/accessors-smart/1.2/accessors-smart-1.2.jar:/home/user/.m2/repository/org/ow2/asm/asm/5.0.4/asm-5.0.4.jar:/home/user/.m2/repository/org/apache/curator/curator-framework/2.12.0/curator-framework-2.12.0.jar:/home/user/.m2/repository/com/sun/jersey/jersey-core/1.19/jersey-core-1.19.jar:/home/user/.m2/repository/javax/ws/rs/jsr311-api/1.1.1/jsr311-api-1.1.1.jar:/home/user/.m2/repository/com/sun/jersey/jersey-server/1.19/jersey-server-1.19.jar:/home/user/.m2/repository/javax/servlet/javax.servlet-api/3.1.0/javax.servlet-api-3.1.0.jar:/home/user/.m2/repository/org/eclipse/jetty/jetty-server/9.3.24.v20180605/jetty-server-9.3.24.v20180605.jar:/home/user/.m2/repository/org/eclipse/jetty/jetty-http/9.3.24.v20180605/jetty-http-9.3.24.v20180605.jar:/home/user/.m2/repository/org/eclipse/jetty/jetty-io/9.3.24.v20180605/jetty-io-9.3.24.v20180605.jar:/home/user/.m2/repository/org/eclipse/jetty/jetty-webapp/9.3.24.v20180605/jetty-webapp-9.3.24.v20180605.jar:/home/user/.m2/repository/org/eclipse/jetty/jetty-xml/9.3.24.v20180605/jetty-xml-9.3.24.v20180605.jar:/home/user/.m2/repository/log4j/log4j/1.2.17/log4j-1.2.17.jar:/home/user/.m2/repository/org/slf4j/slf4j-api/1.7.25/slf4j-api-1.7.25.jar:/home/user/.m2/repository/org/slf4j/jul-to-slf4j/1.7.25/jul-to-slf4j-1.7.25.jar:/home/user/.m2/repository/org/eclipse/jetty/jetty-util/9.3.24.v20180605/jetty-util-9.3.24.v20180605.jar:/home/user/.m2/repository/com/fasterxml/jackson/core/jackson-databind/2.9.5/jackson-databind-2.9.5.jar:/home/user/.m2/repository/org/apache/hadoop/hadoop-kms/3.2.0/hadoop-kms-3.2.0-tests.jar:/home/user/.m2/repository/org/apache/hadoop/hadoop-hdds-server-scm/0.5.0-SNAPSHOT/hadoop-hdds-server-scm-0.5.0-SNAPSHOT-tests.jar:/home/user/.m2/repository/org/apache/hadoop/hadoop-hdds-container-service/0.5.0-SNAPSHOT/hadoop-hdds-container-service-0.5.0-SNAPSHOT-tests.jar:/home/user/.m2/repository/org/yaml/snakeyaml/1.16/snakeyaml-1.16.jar:/home/user/.m2/repository/org/apache/hadoop/hadoop-common/3.2.0/hadoop-common-3.2.0-tests.jar:/home/user/.m2/repository/org/apache/hadoop/hadoop-annotations/3.2.0/hadoop-annotations-3.2.0.jar:/usr/lib/jvm/java-1.8-openjdk/jre/../lib/tools.jar:/home/user/.m2/repository/commons-cli/commons-cli/1.2/commons-cli-1.2.jar:/home/user/.m2/repository/org/apache/httpcomponents/httpclient/4.5.2/httpclient-4.5.2.jar:/home/user/.m2/repository/org/apache/httpcomponents/httpcore/4.4.4/httpcore-4.4.4.jar:/home/user/.m2/repository/commons-codec/commons-codec/1.11/commons-codec-1.11.jar:/home/user/.m2/repository/commons-net/commons-net/3.6/commons-net-3.6.jar:/home/user/.m2/repository/commons-collections/commons-collections/3.2.2/commons-collections-3.2.2.jar:/home/user/.m2/repository/org/eclipse/jetty/jetty-servlet/9.3.24.v20180605/jetty-servlet-9.3.24.v20180605.jar:/home/user/.m2/repository/org/eclipse/jetty/jetty-security/9.3.24.v20180605/jetty-security-9.3.24.v20180605.jar:/home/user/.m2/repository/javax/servlet/jsp/jsp-api/2.1/jsp-api-2.1.jar:/home/user/.m2/repository/com/sun/jersey/jersey-servlet/1.19/jersey-servlet-1.19.jar:/home/user/.m2/repository/com/sun/jersey/jersey-json/1.19/jersey-json-1.19.jar:/home/user/.m2/repository/org/codehaus/jettison/jettison/1.1/jettison-1.1.jar:/home/user/.m2/repository/org/codehaus/jackson/jackson-core-asl/1.9.13/jackson-core-asl-1.9.13.jar:/home/user/.m2/repository/org/codehaus/jackson/jackson-mapper-asl/1.9.13/jackson-mapper-asl-1.9.13.jar:/home/user/.m2/repository/org/codehaus/jackson/jackson-jaxrs/1.9.13/jackson-jaxrs-1.9.13.jar:/home/user/.m2/repository/org/codehaus/jackson/jackson-xc/1.9.13/jackson-xc-1.9.13.jar:/home/user/.m2/repository/commons-logging/commons-logging/1.1.3/commons-logging-1.1.3.jar:/home/user/.m2/repository/commons-beanutils/commons-beanutils/1.9.3/commons-beanutils-1.9.3.jar:/home/user/.m2/repository/org/apache/commons/commons-configuration2/2.1.1/commons-configuration2-2.1.1.jar:/home/user/.m2/repository/org/apache/commons/commons-lang3/3.7/commons-lang3-3.7.jar:/home/user/.m2/repository/org/apache/commons/commons-text/1.4/commons-text-1.4.jar:/home/user/.m2/repository/org/apache/avro/avro/1.7.7/avro-1.7.7.jar:/home/user/.m2/repository/com/thoughtworks/paranamer/paranamer/2.3/paranamer-2.3.jar:/home/user/.m2/repository/org/xerial/snappy/snappy-java/1.0.5/snappy-java-1.0.5.jar:/home/user/.m2/repository/com/google/re2j/re2j/1.1/re2j-1.1.jar:/home/user/.m2/repository/com/google/code/gson/gson/2.2.4/gson-2.2.4.jar:/home/user/.m2/repository/com/jcraft/jsch/0.1.54/jsch-0.1.54.jar:/home/user/.m2/repository/org/apache/curator/curator-client/2.12.0/curator-client-2.12.0.jar:/home/user/.m2/repository/org/apache/curator/curator-recipes/2.12.0/curator-recipes-2.12.0.jar:/home/user/.m2/repository/com/google/code/findbugs/jsr305/3.0.0/jsr305-3.0.0.jar:/home/user/.m2/repository/org/apache/htrace/htrace-core4/4.1.0-incubating/htrace-core4-4.1.0-incubating.jar:/home/user/.m2/repository/org/apache/zookeeper/zookeeper/3.4.13/zookeeper-3.4.13.jar:/home/user/.m2/repository/org/apache/yetus/audience-annotations/0.5.0/audience-annotations-0.5.0.jar:/home/user/.m2/repository/org/codehaus/woodstox/stax2-api/3.1.4/stax2-api-3.1.4.jar:/home/user/.m2/repository/com/fasterxml/woodstox/woodstox-core/5.0.3/woodstox-core-5.0.3.jar:/home/user/.m2/repository/dnsjava/dnsjava/2.1.7/dnsjava-2.1.7.jar:/home/user/.m2/repository/org/apache/hadoop/hadoop-hdfs/3.2.0/hadoop-hdfs-3.2.0-tests.jar:/home/user/.m2/repository/org/eclipse/jetty/jetty-util-ajax/9.3.24.v20180605/jetty-util-ajax-9.3.24.v20180605.jar:/home/user/.m2/repository/commons-daemon/commons-daemon/1.0.13/commons-daemon-1.0.13.jar:/home/user/.m2/repository/io/netty/netty/3.10.5.Final/netty-3.10.5.Final.jar:/home/user/.m2/repository/io/netty/netty-all/4.0.52.Final/netty-all-4.0.52.Final.jar:/home/user/.m2/repository/org/fusesource/leveldbjni/leveldbjni-all/1.8/leveldbjni-all-1.8.jar:"/>
    <property name="java.vm.vendor" value="IcedTea"/>
    <property name="sun.arch.data.model" value="64"/>
    <property name="test.build.dir" value="/workdir/hadoop-ozone/integration-test/target/test-dir"/>
    <property name="test.cache.data" value=""/>
    <property name="java.vendor.url" value="https://icedtea.classpath.org"/>
    <property name="user.timezone" value=""/>
    <property name="java.vm.specification.version" value="1.8"/>
    <property name="os.name" value="Linux"/>
    <property name="test.build.data" value="/workdir/hadoop-ozone/integration-test/target/test-dir"/>
    <property name="user.country" value="US"/>
    <property name="sun.java.launcher" value="SUN_STANDARD"/>
    <property name="sun.boot.library.path" value="/usr/lib/jvm/java-1.8-openjdk/jre/lib/amd64"/>
    <property name="sun.java.command" value="/workdir/hadoop-ozone/integration-test/target/surefire/surefirebooter481235219889502504.jar /workdir/hadoop-ozone/integration-test/target/surefire 2019-08-28T11-45-53_949-jvmRun1 surefire7095727486757967693tmp surefire_181023567477491318905tmp"/>
    <property name="test" value="!TestMiniChaosOzoneCluster"/>
    <property name="surefire.test.class.path" value="/workdir/hadoop-ozone/integration-test/target/test-classes:/workdir/hadoop-ozone/integration-test/target/classes:/home/user/.m2/repository/org/apache/hadoop/hadoop-ozone-common/0.5.0-SNAPSHOT/hadoop-ozone-common-0.5.0-SNAPSHOT.jar:/home/user/.m2/repository/org/apache/commons/commons-compress/1.4.1/commons-compress-1.4.1.jar:/home/user/.m2/repository/org/tukaani/xz/1.0/xz-1.0.jar:/home/user/.m2/repository/org/apache/hadoop/hadoop-common/3.2.0/hadoop-common-3.2.0.jar:/home/user/.m2/repository/org/apache/hadoop/hadoop-hdfs/3.2.0/hadoop-hdfs-3.2.0.jar:/home/user/.m2/repository/org/apache/hadoop/hadoop-hdfs-client/3.2.0/hadoop-hdfs-client-3.2.0.jar:/home/user/.m2/repository/com/fasterxml/jackson/core/jackson-annotations/2.9.5/jackson-annotations-2.9.5.jar:/home/user/.m2/repository/org/apache/hadoop/hadoop-hdds-common/0.5.0-SNAPSHOT/hadoop-hdds-common-0.5.0-SNAPSHOT.jar:/home/user/.m2/repository/javax/annotation/javax.annotation-api/1.2/javax.annotation-api-1.2.jar:/home/user/.m2/repository/org/apache/ratis/ratis-server/0.4.0-2337318-SNAPSHOT/ratis-server-0.4.0-2337318-SNAPSHOT.jar:/home/user/.m2/repository/org/apache/ratis/ratis-thirdparty-misc/0.2.0/ratis-thirdparty-misc-0.2.0.jar:/home/user/.m2/repository/org/apache/ratis/ratis-proto/0.4.0-2337318-SNAPSHOT/ratis-proto-0.4.0-2337318-SNAPSHOT.jar:/home/user/.m2/repository/org/apache/ratis/ratis-common/0.4.0-2337318-SNAPSHOT/ratis-common-0.4.0-2337318-SNAPSHOT.jar:/home/user/.m2/repository/org/apache/ratis/ratis-client/0.4.0-2337318-SNAPSHOT/ratis-client-0.4.0-2337318-SNAPSHOT.jar:/home/user/.m2/repository/org/apache/ratis/ratis-metrics/0.4.0-2337318-SNAPSHOT/ratis-metrics-0.4.0-2337318-SNAPSHOT.jar:/home/user/.m2/repository/org/apache/ratis/ratis-netty/0.4.0-2337318-SNAPSHOT/ratis-netty-0.4.0-2337318-SNAPSHOT.jar:/home/user/.m2/repository/org/apache/ratis/ratis-grpc/0.4.0-2337318-SNAPSHOT/ratis-grpc-0.4.0-2337318-SNAPSHOT.jar:/home/user/.m2/repository/org/rocksdb/rocksdbjni/6.0.1/rocksdbjni-6.0.1.jar:/home/user/.m2/repository/org/apache/logging/log4j/log4j-api/2.11.0/log4j-api-2.11.0.jar:/home/user/.m2/repository/org/apache/logging/log4j/log4j-core/2.11.0/log4j-core-2.11.0.jar:/home/user/.m2/repository/com/lmax/disruptor/3.4.2/disruptor-3.4.2.jar:/home/user/.m2/repository/org/apache/commons/commons-pool2/2.6.0/commons-pool2-2.6.0.jar:/home/user/.m2/repository/org/bouncycastle/bcpkix-jdk15on/1.60/bcpkix-jdk15on-1.60.jar:/home/user/.m2/repository/commons-validator/commons-validator/1.6/commons-validator-1.6.jar:/home/user/.m2/repository/commons-digester/commons-digester/1.8.1/commons-digester-1.8.1.jar:/home/user/.m2/repository/io/jaegertracing/jaeger-client/0.33.1/jaeger-client-0.33.1.jar:/home/user/.m2/repository/io/jaegertracing/jaeger-thrift/0.33.1/jaeger-thrift-0.33.1.jar:/home/user/.m2/repository/org/apache/thrift/libthrift/0.11.0/libthrift-0.11.0.jar:/home/user/.m2/repository/com/squareup/okhttp3/okhttp/3.9.0/okhttp-3.9.0.jar:/home/user/.m2/repository/com/squareup/okio/okio/1.13.0/okio-1.13.0.jar:/home/user/.m2/repository/io/jaegertracing/jaeger-core/0.33.1/jaeger-core-0.33.1.jar:/home/user/.m2/repository/io/jaegertracing/jaeger-tracerresolver/0.33.1/jaeger-tracerresolver-0.33.1.jar:/home/user/.m2/repository/io/opentracing/contrib/opentracing-tracerresolver/0.1.5/opentracing-tracerresolver-0.1.5.jar:/home/user/.m2/repository/io/opentracing/opentracing-util/0.31.0/opentracing-util-0.31.0.jar:/home/user/.m2/repository/io/opentracing/opentracing-api/0.31.0/opentracing-api-0.31.0.jar:/home/user/.m2/repository/io/opentracing/opentracing-noop/0.31.0/opentracing-noop-0.31.0.jar:/home/user/.m2/repository/org/apache/hadoop/hadoop-hdds-server-framework/0.5.0-SNAPSHOT/hadoop-hdds-server-framework-0.5.0-SNAPSHOT.jar:/home/user/.m2/repository/org/apache/hadoop/hadoop-hdds-container-service/0.5.0-SNAPSHOT/hadoop-hdds-container-service-0.5.0-SNAPSHOT.jar:/home/user/.m2/repository/org/apache/hadoop/hadoop-hdds-client/0.5.0-SNAPSHOT/hadoop-hdds-client-0.5.0-SNAPSHOT.jar:/home/user/.m2/repository/org/apache/hadoop/hadoop-hdds-tools/0.5.0-SNAPSHOT/hadoop-hdds-tools-0.5.0-SNAPSHOT.jar:/home/user/.m2/repository/org/apache/hadoop/hadoop-hdds-server-scm/0.5.0-SNAPSHOT/hadoop-hdds-server-scm-0.5.0-SNAPSHOT.jar:/home/user/.m2/repository/org/apache/hadoop/hadoop-hdds-docs/0.5.0-SNAPSHOT/hadoop-hdds-docs-0.5.0-SNAPSHOT.jar:/home/user/.m2/repository/io/dropwizard/metrics/metrics-core/3.2.4/metrics-core-3.2.4.jar:/home/user/.m2/repository/org/hamcrest/hamcrest-all/1.3/hamcrest-all-1.3.jar:/home/user/.m2/repository/org/bouncycastle/bcprov-jdk15on/1.60/bcprov-jdk15on-1.60.jar:/home/user/.m2/repository/info/picocli/picocli/3.9.6/picocli-3.9.6.jar:/home/user/.m2/repository/com/google/protobuf/protobuf-java/2.5.0/protobuf-java-2.5.0.jar:/home/user/.m2/repository/com/google/guava/guava/11.0.2/guava-11.0.2.jar:/home/user/.m2/repository/org/apache/hadoop/hadoop-ozone-ozone-manager/0.5.0-SNAPSHOT/hadoop-ozone-ozone-manager-0.5.0-SNAPSHOT.jar:/home/user/.m2/repository/org/apache/hadoop/hadoop-minikdc/3.2.0/hadoop-minikdc-3.2.0.jar:/home/user/.m2/repository/commons-io/commons-io/2.5/commons-io-2.5.jar:/home/user/.m2/repository/org/apache/kerby/kerb-simplekdc/1.0.1/kerb-simplekdc-1.0.1.jar:/home/user/.m2/repository/org/apache/kerby/kerb-client/1.0.1/kerb-client-1.0.1.jar:/home/user/.m2/repository/org/apache/kerby/kerby-config/1.0.1/kerby-config-1.0.1.jar:/home/user/.m2/repository/org/apache/kerby/kerb-core/1.0.1/kerb-core-1.0.1.jar:/home/user/.m2/repository/org/apache/kerby/kerby-pkix/1.0.1/kerby-pkix-1.0.1.jar:/home/user/.m2/repository/org/apache/kerby/kerby-asn1/1.0.1/kerby-asn1-1.0.1.jar:/home/user/.m2/repository/org/apache/kerby/kerby-util/1.0.1/kerby-util-1.0.1.jar:/home/user/.m2/repository/org/apache/kerby/kerb-common/1.0.1/kerb-common-1.0.1.jar:/home/user/.m2/repository/org/apache/kerby/kerb-crypto/1.0.1/kerb-crypto-1.0.1.jar:/home/user/.m2/repository/org/apache/kerby/kerb-util/1.0.1/kerb-util-1.0.1.jar:/home/user/.m2/repository/org/apache/kerby/token-provider/1.0.1/token-provider-1.0.1.jar:/home/user/.m2/repository/org/apache/kerby/kerb-admin/1.0.1/kerb-admin-1.0.1.jar:/home/user/.m2/repository/org/apache/kerby/kerb-server/1.0.1/kerb-server-1.0.1.jar:/home/user/.m2/repository/org/apache/kerby/kerb-identity/1.0.1/kerb-identity-1.0.1.jar:/home/user/.m2/repository/org/apache/kerby/kerby-xdr/1.0.1/kerby-xdr-1.0.1.jar:/home/user/.m2/repository/org/slf4j/slf4j-log4j12/1.7.25/slf4j-log4j12-1.7.25.jar:/home/user/.m2/repository/org/apache/hadoop/hadoop-ozone-objectstore-service/0.5.0-SNAPSHOT/hadoop-ozone-objectstore-service-0.5.0-SNAPSHOT.jar:/home/user/.m2/repository/org/apache/hadoop/hadoop-ozone-s3gateway/0.5.0-SNAPSHOT/hadoop-ozone-s3gateway-0.5.0-SNAPSHOT.jar:/home/user/.m2/repository/org/jboss/weld/servlet/weld-servlet/2.4.7.Final/weld-servlet-2.4.7.Final.jar:/home/user/.m2/repository/org/glassfish/jersey/containers/jersey-container-servlet-core/2.27/jersey-container-servlet-core-2.27.jar:/home/user/.m2/repository/org/glassfish/hk2/external/javax.inject/2.5.0-b42/javax.inject-2.5.0-b42.jar:/home/user/.m2/repository/org/glassfish/jersey/core/jersey-common/2.27/jersey-common-2.27.jar:/home/user/.m2/repository/org/glassfish/hk2/osgi-resource-locator/1.0.1/osgi-resource-locator-1.0.1.jar:/home/user/.m2/repository/javax/ws/rs/javax.ws.rs-api/2.1/javax.ws.rs-api-2.1.jar:/home/user/.m2/repository/org/glassfish/jersey/ext/cdi/jersey-cdi1x/2.27/jersey-cdi1x-2.27.jar:/home/user/.m2/repository/org/glassfish/jersey/inject/jersey-hk2/2.27/jersey-hk2-2.27.jar:/home/user/.m2/repository/org/glassfish/hk2/hk2-locator/2.5.0-b42/hk2-locator-2.5.0-b42.jar:/home/user/.m2/repository/org/javassist/javassist/3.22.0-CR2/javassist-3.22.0-CR2.jar:/home/user/.m2/repository/org/glassfish/hk2/hk2-api/2.5.0/hk2-api-2.5.0.jar:/home/user/.m2/repository/org/glassfish/hk2/external/jakarta.inject/2.5.0/jakarta.inject-2.5.0.jar:/home/user/.m2/repository/org/glassfish/hk2/hk2-utils/2.5.0/hk2-utils-2.5.0.jar:/home/user/.m2/repository/jakarta/annotation/jakarta.annotation-api/1.3.4/jakarta.annotation-api-1.3.4.jar:/home/user/.m2/repository/org/glassfish/hk2/external/aopalliance-repackaged/2.5.0/aopalliance-repackaged-2.5.0.jar:/home/user/.m2/repository/com/fasterxml/jackson/dataformat/jackson-dataformat-xml/2.9.0/jackson-dataformat-xml-2.9.0.jar:/home/user/.m2/repository/com/fasterxml/jackson/core/jackson-core/2.9.5/jackson-core-2.9.5.jar:/home/user/.m2/repository/com/fasterxml/jackson/module/jackson-module-jaxb-annotations/2.9.5/jackson-module-jaxb-annotations-2.9.5.jar:/home/user/.m2/repository/javax/enterprise/cdi-api/1.2/cdi-api-1.2.jar:/home/user/.m2/repository/javax/el/javax.el-api/3.0.0/javax.el-api-3.0.0.jar:/home/user/.m2/repository/javax/interceptor/javax.interceptor-api/1.2/javax.interceptor-api-1.2.jar:/home/user/.m2/repository/javax/inject/javax.inject/1/javax.inject-1.jar:/home/user/.m2/repository/com/sun/xml/bind/jaxb-impl/2.3.0.1/jaxb-impl-2.3.0.1.jar:/home/user/.m2/repository/com/sun/xml/bind/jaxb-core/2.3.0.1/jaxb-core-2.3.0.1.jar:/home/user/.m2/repository/javax/xml/bind/jaxb-api/2.3.0/jaxb-api-2.3.0.jar:/home/user/.m2/repository/javax/activation/activation/1.1.1/activation-1.1.1.jar:/home/user/.m2/repository/org/apache/hadoop/hadoop-ozone-csi/0.5.0-SNAPSHOT/hadoop-ozone-csi-0.5.0-SNAPSHOT.jar:/home/user/.m2/repository/com/google/protobuf/protobuf-java-util/3.5.1/protobuf-java-util-3.5.1.jar:/home/user/.m2/repository/org/apache/hadoop/hadoop-hdds-config/0.5.0-SNAPSHOT/hadoop-hdds-config-0.5.0-SNAPSHOT.jar:/home/user/.m2/repository/io/grpc/grpc-netty/1.17.1/grpc-netty-1.17.1.jar:/home/user/.m2/repository/io/grpc/grpc-core/1.17.1/grpc-core-1.17.1.jar:/home/user/.m2/repository/io/grpc/grpc-context/1.17.1/grpc-context-1.17.1.jar:/home/user/.m2/repository/com/google/errorprone/error_prone_annotations/2.2.0/error_prone_annotations-2.2.0.jar:/home/user/.m2/repository/org/codehaus/mojo/animal-sniffer-annotations/1.17/animal-sniffer-annotations-1.17.jar:/home/user/.m2/repository/io/opencensus/opencensus-api/0.17.0/opencensus-api-0.17.0.jar:/home/user/.m2/repository/io/opencensus/opencensus-contrib-grpc-metrics/0.17.0/opencensus-contrib-grpc-metrics-0.17.0.jar:/home/user/.m2/repository/io/netty/netty-codec-http2/4.1.30.Final/netty-codec-http2-4.1.30.Final.jar:/home/user/.m2/repository/io/netty/netty-codec-http/4.1.30.Final/netty-codec-http-4.1.30.Final.jar:/home/user/.m2/repository/io/netty/netty-codec/4.1.30.Final/netty-codec-4.1.30.Final.jar:/home/user/.m2/repository/io/netty/netty-handler/4.1.30.Final/netty-handler-4.1.30.Final.jar:/home/user/.m2/repository/io/netty/netty-handler-proxy/4.1.30.Final/netty-handler-proxy-4.1.30.Final.jar:/home/user/.m2/repository/io/netty/netty-codec-socks/4.1.30.Final/netty-codec-socks-4.1.30.Final.jar:/home/user/.m2/repository/io/netty/netty-transport-native-epoll/4.1.30.Final/netty-transport-native-epoll-4.1.30.Final.jar:/home/user/.m2/repository/io/netty/netty-common/4.1.30.Final/netty-common-4.1.30.Final.jar:/home/user/.m2/repository/io/netty/netty-buffer/4.1.30.Final/netty-buffer-4.1.30.Final.jar:/home/user/.m2/repository/io/netty/netty-transport/4.1.30.Final/netty-transport-4.1.30.Final.jar:/home/user/.m2/repository/io/netty/netty-resolver/4.1.30.Final/netty-resolver-4.1.30.Final.jar:/home/user/.m2/repository/io/netty/netty-transport-native-unix-common/4.1.30.Final/netty-transport-native-unix-common-4.1.30.Final.jar:/home/user/.m2/repository/io/grpc/grpc-protobuf/1.17.1/grpc-protobuf-1.17.1.jar:/home/user/.m2/repository/com/google/api/grpc/proto-google-common-protos/1.0.0/proto-google-common-protos-1.0.0.jar:/home/user/.m2/repository/io/grpc/grpc-protobuf-lite/1.17.1/grpc-protobuf-lite-1.17.1.jar:/home/user/.m2/repository/io/grpc/grpc-stub/1.17.1/grpc-stub-1.17.1.jar:/home/user/.m2/repository/org/apache/hadoop/hadoop-ozone-recon/0.5.0-SNAPSHOT/hadoop-ozone-recon-0.5.0-SNAPSHOT.jar:/home/user/.m2/repository/org/apache/hadoop/hadoop-ozone-reconcodegen/0.5.0-SNAPSHOT/hadoop-ozone-reconcodegen-0.5.0-SNAPSHOT.jar:/home/user/.m2/repository/com/google/inject/extensions/guice-multibindings/4.0/guice-multibindings-4.0.jar:/home/user/.m2/repository/com/google/inject/guice/4.0/guice-4.0.jar:/home/user/.m2/repository/aopalliance/aopalliance/1.0/aopalliance-1.0.jar:/home/user/.m2/repository/com/google/inject/extensions/guice-servlet/4.0/guice-servlet-4.0.jar:/home/user/.m2/repository/org/glassfish/jersey/containers/jersey-container-servlet/2.27/jersey-container-servlet-2.27.jar:/home/user/.m2/repository/org/glassfish/hk2/guice-bridge/2.5.0/guice-bridge-2.5.0.jar:/home/user/.m2/repository/org/glassfish/jersey/core/jersey-server/2.27/jersey-server-2.27.jar:/home/user/.m2/repository/org/glassfish/jersey/core/jersey-client/2.27/jersey-client-2.27.jar:/home/user/.m2/repository/org/glassfish/jersey/media/jersey-media-jaxb/2.27/jersey-media-jaxb-2.27.jar:/home/user/.m2/repository/javax/validation/validation-api/1.1.0.Final/validation-api-1.1.0.Final.jar:/home/user/.m2/repository/org/glassfish/jersey/media/jersey-media-json-jackson/2.27/jersey-media-json-jackson-2.27.jar:/home/user/.m2/repository/org/glassfish/jersey/ext/jersey-entity-filtering/2.27/jersey-entity-filtering-2.27.jar:/home/user/.m2/repository/com/google/inject/extensions/guice-assistedinject/4.0/guice-assistedinject-4.0.jar:/home/user/.m2/repository/org/jooq/jooq/3.11.10/jooq-3.11.10.jar:/home/user/.m2/repository/org/jooq/jooq-meta/3.11.10/jooq-meta-3.11.10.jar:/home/user/.m2/repository/org/jooq/jooq-codegen/3.11.10/jooq-codegen-3.11.10.jar:/home/user/.m2/repository/com/jolbox/bonecp/0.8.0.RELEASE/bonecp-0.8.0.RELEASE.jar:/home/user/.m2/repository/org/xerial/sqlite-jdbc/3.25.2/sqlite-jdbc-3.25.2.jar:/home/user/.m2/repository/org/springframework/spring-jdbc/5.1.3.RELEASE/spring-jdbc-5.1.3.RELEASE.jar:/home/user/.m2/repository/org/springframework/spring-beans/5.1.3.RELEASE/spring-beans-5.1.3.RELEASE.jar:/home/user/.m2/repository/org/springframework/spring-core/5.1.3.RELEASE/spring-core-5.1.3.RELEASE.jar:/home/user/.m2/repository/org/springframework/spring-jcl/5.1.3.RELEASE/spring-jcl-5.1.3.RELEASE.jar:/home/user/.m2/repository/org/springframework/spring-tx/5.1.3.RELEASE/spring-tx-5.1.3.RELEASE.jar:/home/user/.m2/repository/org/apache/hadoop/hadoop-ozone-client/0.5.0-SNAPSHOT/hadoop-ozone-client-0.5.0-SNAPSHOT.jar:/home/user/.m2/repository/commons-lang/commons-lang/2.6/commons-lang-2.6.jar:/home/user/.m2/repository/org/apache/hadoop/hadoop-ozone-ozone-manager/0.5.0-SNAPSHOT/hadoop-ozone-ozone-manager-0.5.0-SNAPSHOT-tests.jar:/home/user/.m2/repository/junit/junit/4.11/junit-4.11.jar:/home/user/.m2/repository/org/hamcrest/hamcrest-core/1.3/hamcrest-core-1.3.jar:/home/user/.m2/repository/org/openjdk/jmh/jmh-core/1.19/jmh-core-1.19.jar:/home/user/.m2/repository/net/sf/jopt-simple/jopt-simple/4.6/jopt-simple-4.6.jar:/home/user/.m2/repository/org/apache/commons/commons-math3/3.1.1/commons-math3-3.1.1.jar:/home/user/.m2/repository/org/openjdk/jmh/jmh-generator-annprocess/1.19/jmh-generator-annprocess-1.19.jar:/home/user/.m2/repository/org/mockito/mockito-all/1.8.5/mockito-all-1.8.5.jar:/home/user/.m2/repository/org/apache/hadoop/hadoop-kms/3.2.0/hadoop-kms-3.2.0.jar:/home/user/.m2/repository/org/apache/hadoop/hadoop-auth/3.2.0/hadoop-auth-3.2.0.jar:/home/user/.m2/repository/com/nimbusds/nimbus-jose-jwt/4.41.1/nimbus-jose-jwt-4.41.1.jar:/home/user/.m2/repository/com/github/stephenc/jcip/jcip-annotations/1.0-1/jcip-annotations-1.0-1.jar:/home/user/.m2/repository/net/minidev/json-smart/2.3/json-smart-2.3.jar:/home/user/.m2/repository/net/minidev/accessors-smart/1.2/accessors-smart-1.2.jar:/home/user/.m2/repository/org/ow2/asm/asm/5.0.4/asm-5.0.4.jar:/home/user/.m2/repository/org/apache/curator/curator-framework/2.12.0/curator-framework-2.12.0.jar:/home/user/.m2/repository/com/sun/jersey/jersey-core/1.19/jersey-core-1.19.jar:/home/user/.m2/repository/javax/ws/rs/jsr311-api/1.1.1/jsr311-api-1.1.1.jar:/home/user/.m2/repository/com/sun/jersey/jersey-server/1.19/jersey-server-1.19.jar:/home/user/.m2/repository/javax/servlet/javax.servlet-api/3.1.0/javax.servlet-api-3.1.0.jar:/home/user/.m2/repository/org/eclipse/jetty/jetty-server/9.3.24.v20180605/jetty-server-9.3.24.v20180605.jar:/home/user/.m2/repository/org/eclipse/jetty/jetty-http/9.3.24.v20180605/jetty-http-9.3.24.v20180605.jar:/home/user/.m2/repository/org/eclipse/jetty/jetty-io/9.3.24.v20180605/jetty-io-9.3.24.v20180605.jar:/home/user/.m2/repository/org/eclipse/jetty/jetty-webapp/9.3.24.v20180605/jetty-webapp-9.3.24.v20180605.jar:/home/user/.m2/repository/org/eclipse/jetty/jetty-xml/9.3.24.v20180605/jetty-xml-9.3.24.v20180605.jar:/home/user/.m2/repository/log4j/log4j/1.2.17/log4j-1.2.17.jar:/home/user/.m2/repository/org/slf4j/slf4j-api/1.7.25/slf4j-api-1.7.25.jar:/home/user/.m2/repository/org/slf4j/jul-to-slf4j/1.7.25/jul-to-slf4j-1.7.25.jar:/home/user/.m2/repository/org/eclipse/jetty/jetty-util/9.3.24.v20180605/jetty-util-9.3.24.v20180605.jar:/home/user/.m2/repository/com/fasterxml/jackson/core/jackson-databind/2.9.5/jackson-databind-2.9.5.jar:/home/user/.m2/repository/org/apache/hadoop/hadoop-kms/3.2.0/hadoop-kms-3.2.0-tests.jar:/home/user/.m2/repository/org/apache/hadoop/hadoop-hdds-server-scm/0.5.0-SNAPSHOT/hadoop-hdds-server-scm-0.5.0-SNAPSHOT-tests.jar:/home/user/.m2/repository/org/apache/hadoop/hadoop-hdds-container-service/0.5.0-SNAPSHOT/hadoop-hdds-container-service-0.5.0-SNAPSHOT-tests.jar:/home/user/.m2/repository/org/yaml/snakeyaml/1.16/snakeyaml-1.16.jar:/home/user/.m2/repository/org/apache/hadoop/hadoop-common/3.2.0/hadoop-common-3.2.0-tests.jar:/home/user/.m2/repository/org/apache/hadoop/hadoop-annotations/3.2.0/hadoop-annotations-3.2.0.jar:/usr/lib/jvm/java-1.8-openjdk/jre/../lib/tools.jar:/home/user/.m2/repository/commons-cli/commons-cli/1.2/commons-cli-1.2.jar:/home/user/.m2/repository/org/apache/httpcomponents/httpclient/4.5.2/httpclient-4.5.2.jar:/home/user/.m2/repository/org/apache/httpcomponents/httpcore/4.4.4/httpcore-4.4.4.jar:/home/user/.m2/repository/commons-codec/commons-codec/1.11/commons-codec-1.11.jar:/home/user/.m2/repository/commons-net/commons-net/3.6/commons-net-3.6.jar:/home/user/.m2/repository/commons-collections/commons-collections/3.2.2/commons-collections-3.2.2.jar:/home/user/.m2/repository/org/eclipse/jetty/jetty-servlet/9.3.24.v20180605/jetty-servlet-9.3.24.v20180605.jar:/home/user/.m2/repository/org/eclipse/jetty/jetty-security/9.3.24.v20180605/jetty-security-9.3.24.v20180605.jar:/home/user/.m2/repository/javax/servlet/jsp/jsp-api/2.1/jsp-api-2.1.jar:/home/user/.m2/repository/com/sun/jersey/jersey-servlet/1.19/jersey-servlet-1.19.jar:/home/user/.m2/repository/com/sun/jersey/jersey-json/1.19/jersey-json-1.19.jar:/home/user/.m2/repository/org/codehaus/jettison/jettison/1.1/jettison-1.1.jar:/home/user/.m2/repository/org/codehaus/jackson/jackson-core-asl/1.9.13/jackson-core-asl-1.9.13.jar:/home/user/.m2/repository/org/codehaus/jackson/jackson-mapper-asl/1.9.13/jackson-mapper-asl-1.9.13.jar:/home/user/.m2/repository/org/codehaus/jackson/jackson-jaxrs/1.9.13/jackson-jaxrs-1.9.13.jar:/home/user/.m2/repository/org/codehaus/jackson/jackson-xc/1.9.13/jackson-xc-1.9.13.jar:/home/user/.m2/repository/commons-logging/commons-logging/1.1.3/commons-logging-1.1.3.jar:/home/user/.m2/repository/commons-beanutils/commons-beanutils/1.9.3/commons-beanutils-1.9.3.jar:/home/user/.m2/repository/org/apache/commons/commons-configuration2/2.1.1/commons-configuration2-2.1.1.jar:/home/user/.m2/repository/org/apache/commons/commons-lang3/3.7/commons-lang3-3.7.jar:/home/user/.m2/repository/org/apache/commons/commons-text/1.4/commons-text-1.4.jar:/home/user/.m2/repository/org/apache/avro/avro/1.7.7/avro-1.7.7.jar:/home/user/.m2/repository/com/thoughtworks/paranamer/paranamer/2.3/paranamer-2.3.jar:/home/user/.m2/repository/org/xerial/snappy/snappy-java/1.0.5/snappy-java-1.0.5.jar:/home/user/.m2/repository/com/google/re2j/re2j/1.1/re2j-1.1.jar:/home/user/.m2/repository/com/google/code/gson/gson/2.2.4/gson-2.2.4.jar:/home/user/.m2/repository/com/jcraft/jsch/0.1.54/jsch-0.1.54.jar:/home/user/.m2/repository/org/apache/curator/curator-client/2.12.0/curator-client-2.12.0.jar:/home/user/.m2/repository/org/apache/curator/curator-recipes/2.12.0/curator-recipes-2.12.0.jar:/home/user/.m2/repository/com/google/code/findbugs/jsr305/3.0.0/jsr305-3.0.0.jar:/home/user/.m2/repository/org/apache/htrace/htrace-core4/4.1.0-incubating/htrace-core4-4.1.0-incubating.jar:/home/user/.m2/repository/org/apache/zookeeper/zookeeper/3.4.13/zookeeper-3.4.13.jar:/home/user/.m2/repository/org/apache/yetus/audience-annotations/0.5.0/audience-annotations-0.5.0.jar:/home/user/.m2/repository/org/codehaus/woodstox/stax2-api/3.1.4/stax2-api-3.1.4.jar:/home/user/.m2/repository/com/fasterxml/woodstox/woodstox-core/5.0.3/woodstox-core-5.0.3.jar:/home/user/.m2/repository/dnsjava/dnsjava/2.1.7/dnsjava-2.1.7.jar:/home/user/.m2/repository/org/apache/hadoop/hadoop-hdfs/3.2.0/hadoop-hdfs-3.2.0-tests.jar:/home/user/.m2/repository/org/eclipse/jetty/jetty-util-ajax/9.3.24.v20180605/jetty-util-ajax-9.3.24.v20180605.jar:/home/user/.m2/repository/commons-daemon/commons-daemon/1.0.13/commons-daemon-1.0.13.jar:/home/user/.m2/repository/io/netty/netty/3.10.5.Final/netty-3.10.5.Final.jar:/home/user/.m2/repository/io/netty/netty-all/4.0.52.Final/netty-all-4.0.52.Final.jar:/home/user/.m2/repository/org/fusesource/leveldbjni/leveldbjni-all/1.8/leveldbjni-all-1.8.jar:"/>
    <property name="sun.cpu.endian" value="little"/>
    <property name="user.home" value="/home/user"/>
    <property name="user.language" value="en"/>
    <property name="java.specification.vendor" value="Oracle Corporation"/>
    <property name="java.home" value="/usr/lib/jvm/java-1.8-openjdk/jre"/>
    <property name="java.security.krb5.conf" value="/workdir/hadoop-ozone/integration-test/target/test-classes/krb5.conf"/>
    <property name="basedir" value="/workdir/hadoop-ozone/integration-test"/>
    <property name="file.separator" value="/"/>
    <property name="line.separator" value="&#10;"/>
    <property name="java.vm.specification.vendor" value="Oracle Corporation"/>
    <property name="java.specification.name" value="Java Platform API Specification"/>
    <property name="java.awt.graphicsenv" value="sun.awt.X11GraphicsEnvironment"/>
    <property name="surefire.real.class.path" value="/workdir/hadoop-ozone/integration-test/target/surefire/surefirebooter481235219889502504.jar"/>
    <property name="hadoop.log.dir" value="/workdir/hadoop-ozone/integration-test/target/log"/>
    <property name="sun.boot.class.path" value="/usr/lib/jvm/java-1.8-openjdk/jre/lib/resources.jar:/usr/lib/jvm/java-1.8-openjdk/jre/lib/rt.jar:/usr/lib/jvm/java-1.8-openjdk/jre/lib/sunrsasign.jar:/usr/lib/jvm/java-1.8-openjdk/jre/lib/jsse.jar:/usr/lib/jvm/java-1.8-openjdk/jre/lib/jce.jar:/usr/lib/jvm/java-1.8-openjdk/jre/lib/charsets.jar:/usr/lib/jvm/java-1.8-openjdk/jre/lib/jfr.jar:/usr/lib/jvm/java-1.8-openjdk/jre/classes"/>
    <property name="sun.management.compiler" value="HotSpot 64-Bit Tiered Compilers"/>
    <property name="java.runtime.version" value="1.8.0_212-b04"/>
    <property name="java.net.preferIPv4Stack" value="true"/>
    <property name="user.name" value="jenkins1000"/>
    <property name="path.separator" value=":"/>
    <property name="java.security.egd" value="file:///dev/urandom"/>
    <property name="os.version" value="3.10.0-957.12.2.el7.x86_64"/>
    <property name="java.endorsed.dirs" value="/usr/lib/jvm/java-1.8-openjdk/jre/lib/endorsed"/>
    <property name="java.runtime.name" value="OpenJDK Runtime Environment"/>
    <property name="file.encoding" value="UTF-8"/>
    <property name="java.vm.name" value="OpenJDK 64-Bit Server VM"/>
    <property name="test.build.webapps" value=""/>
    <property name="localRepository" value="/home/user/.m2/repository"/>
    <property name="java.vendor.url.bug" value="https://icedtea.classpath.org/bugzilla"/>
    <property name="java.io.tmpdir" value="/tmp"/>
    <property name="require.test.libhadoop" value=""/>
    <property name="java.version" value="1.8.0_212"/>
    <property name="user.dir" value="/workdir/hadoop-ozone/integration-test"/>
    <property name="os.arch" value="amd64"/>
    <property name="java.vm.specification.name" value="Java Virtual Machine Specification"/>
    <property name="test.build.classes" value="/workdir/hadoop-ozone/integration-test/target/test-classes"/>
    <property name="java.awt.printerjob" value="sun.print.PSPrinterJob"/>
    <property name="sun.os.patch.level" value="unknown"/>
    <property name="hadoop.tmp.dir" value="/workdir/hadoop-ozone/integration-test/target/tmp"/>
    <property name="java.library.path" value="/usr/lib/jvm/java-1.8-openjdk/jre/lib/amd64/server:/usr/lib/jvm/java-1.8-openjdk/jre/lib/amd64:/usr/lib/jvm/java-1.8-openjdk/jre/../lib/amd64:/workdir/hadoop-ozone/integration-test/target/native/target/usr/local/lib:/workdir/hadoop-ozone/integration-test/../../hadoop-common-project/hadoop-common/target/native/target/usr/local/lib:/usr/java/packages/lib/amd64:/usr/lib64:/lib64:/lib:/usr/lib"/>
    <property name="java.vm.info" value="mixed mode"/>
    <property name="java.vendor" value="IcedTea"/>
    <property name="java.vm.version" value="25.212-b04"/>
    <property name="java.ext.dirs" value="/usr/lib/jvm/java-1.8-openjdk/jre/lib/ext:/usr/java/packages/lib/ext"/>
    <property name="sun.io.unicode.encoding" value="UnicodeLittle"/>
    <property name="java.class.version" value="52.0"/>
  </properties>
  <testcase name="testWatchForCommitWithKeyWrite" classname="org.apache.hadoop.ozone.client.rpc.TestWatchForCommit" time="60.406"/>
  <testcase name="testWatchForCommitWithSmallerTimeoutValue" classname="org.apache.hadoop.ozone.client.rpc.TestWatchForCommit" time="49.019"/>
  <testcase name="testWatchForCommitForRetryfailure" classname="org.apache.hadoop.ozone.client.rpc.TestWatchForCommit" time="72.272"/>
  <testcase name="testWatchForCommitForGroupMismatchException" classname="org.apache.hadoop.ozone.client.rpc.TestWatchForCommit" time="32.826"/>
  <testcase name="test2WayCommitForTimeoutException" classname="org.apache.hadoop.ozone.client.rpc.TestWatchForCommit" time="29.56">
    <error message="org.apache.ratis.protocol.RaftRetryFailureException: Failed RaftClientRequest:client-5099C040E86A-&gt;a2802022-7344-46e5-aa2c-6758ec5b3830@group-D490398E80D5, cid=104, seq=2*, RW, org.apache.hadoop.hdds.scm.XceiverClientRatis$$Lambda$353/1934234778@3a28a069 for 20 attempts with RetryLimited(maxAttempts=20, sleepTime=1000ms)" type="java.util.concurrent.ExecutionException">java.util.concurrent.ExecutionException: org.apache.ratis.protocol.RaftRetryFailureException: Failed RaftClientRequest:client-5099C040E86A->a2802022-7344-46e5-aa2c-6758ec5b3830@group-D490398E80D5, cid=104, seq=2*, RW, org.apache.hadoop.hdds.scm.XceiverClientRatis$$Lambda$353/1934234778@3a28a069 for 20 attempts with RetryLimited(maxAttempts=20, sleepTime=1000ms)
	at java.util.concurrent.CompletableFuture.reportGet(CompletableFuture.java:357)
	at java.util.concurrent.CompletableFuture.get(CompletableFuture.java:1895)
	at org.apache.hadoop.ozone.client.rpc.TestWatchForCommit.test2WayCommitForTimeoutException(TestWatchForCommit.java:390)
	at sun.reflect.NativeMethodAccessorImpl.invoke0(Native Method)
	at sun.reflect.NativeMethodAccessorImpl.invoke(NativeMethodAccessorImpl.java:62)
	at sun.reflect.DelegatingMethodAccessorImpl.invoke(DelegatingMethodAccessorImpl.java:43)
	at java.lang.reflect.Method.invoke(Method.java:498)
	at org.junit.runners.model.FrameworkMethod$1.runReflectiveCall(FrameworkMethod.java:47)
	at org.junit.internal.runners.model.ReflectiveCallable.run(ReflectiveCallable.java:12)
	at org.junit.runners.model.FrameworkMethod.invokeExplosively(FrameworkMethod.java:44)
	at org.junit.internal.runners.statements.InvokeMethod.evaluate(InvokeMethod.java:17)
	at org.junit.runners.ParentRunner.runLeaf(ParentRunner.java:271)
	at org.junit.runners.BlockJUnit4ClassRunner.runChild(BlockJUnit4ClassRunner.java:70)
	at org.junit.runners.BlockJUnit4ClassRunner.runChild(BlockJUnit4ClassRunner.java:50)
	at org.junit.runners.ParentRunner$3.run(ParentRunner.java:238)
	at org.junit.runners.ParentRunner$1.schedule(ParentRunner.java:63)
	at org.junit.runners.ParentRunner.runChildren(ParentRunner.java:236)
	at org.junit.runners.ParentRunner.access$000(ParentRunner.java:53)
	at org.junit.runners.ParentRunner$2.evaluate(ParentRunner.java:229)
	at org.junit.runners.ParentRunner.run(ParentRunner.java:309)
	at org.apache.maven.surefire.junit4.JUnit4Provider.execute(JUnit4Provider.java:365)
	at org.apache.maven.surefire.junit4.JUnit4Provider.executeWithRerun(JUnit4Provider.java:273)
	at org.apache.maven.surefire.junit4.JUnit4Provider.executeTestSet(JUnit4Provider.java:238)
	at org.apache.maven.surefire.junit4.JUnit4Provider.invoke(JUnit4Provider.java:159)
	at org.apache.maven.surefire.booter.ForkedBooter.invokeProviderInSameClassLoader(ForkedBooter.java:384)
	at org.apache.maven.surefire.booter.ForkedBooter.runSuitesInProcess(ForkedBooter.java:345)
	at org.apache.maven.surefire.booter.ForkedBooter.execute(ForkedBooter.java:126)
	at org.apache.maven.surefire.booter.ForkedBooter.main(ForkedBooter.java:418)
Caused by: org.apache.ratis.protocol.RaftRetryFailureException: Failed RaftClientRequest:client-5099C040E86A->a2802022-7344-46e5-aa2c-6758ec5b3830@group-D490398E80D5, cid=104, seq=2*, RW, org.apache.hadoop.hdds.scm.XceiverClientRatis$$Lambda$353/1934234778@3a28a069 for 20 attempts with RetryLimited(maxAttempts=20, sleepTime=1000ms)
	at org.apache.ratis.client.impl.RaftClientImpl.noMoreRetries(RaftClientImpl.java:272)
	at org.apache.ratis.client.impl.OrderedAsync.handleAsyncRetryFailure(OrderedAsync.java:138)
	at org.apache.ratis.client.impl.OrderedAsync.lambda$sendRequest$10(OrderedAsync.java:230)
	at java.util.concurrent.CompletableFuture.uniExceptionally(CompletableFuture.java:870)
	at java.util.concurrent.CompletableFuture$UniExceptionally.tryFire(CompletableFuture.java:852)
	at java.util.concurrent.CompletableFuture.postComplete(CompletableFuture.java:474)
	at java.util.concurrent.CompletableFuture.completeExceptionally(CompletableFuture.java:1977)
	at org.apache.ratis.grpc.client.GrpcClientProtocolClient$AsyncStreamObservers.completeReplyExceptionally(GrpcClientProtocolClient.java:330)
	at org.apache.ratis.grpc.client.GrpcClientProtocolClient$AsyncStreamObservers.access$000(GrpcClientProtocolClient.java:246)
	at org.apache.ratis.grpc.client.GrpcClientProtocolClient$AsyncStreamObservers$1.onNext(GrpcClientProtocolClient.java:258)
	at org.apache.ratis.grpc.client.GrpcClientProtocolClient$AsyncStreamObservers$1.onNext(GrpcClientProtocolClient.java:249)
	at org.apache.ratis.thirdparty.io.grpc.stub.ClientCalls$StreamObserverToCallListenerAdapter.onMessage(ClientCalls.java:421)
	at org.apache.ratis.thirdparty.io.grpc.ForwardingClientCallListener.onMessage(ForwardingClientCallListener.java:33)
	at org.apache.ratis.thirdparty.io.grpc.ForwardingClientCallListener.onMessage(ForwardingClientCallListener.java:33)
	at org.apache.ratis.thirdparty.io.grpc.internal.ClientCallImpl$ClientStreamListenerImpl$1MessagesAvailable.runInContext(ClientCallImpl.java:519)
	at org.apache.ratis.thirdparty.io.grpc.internal.ContextRunnable.run(ContextRunnable.java:37)
	at org.apache.ratis.thirdparty.io.grpc.internal.SerializingExecutor.run(SerializingExecutor.java:123)
	at java.util.concurrent.ThreadPoolExecutor.runWorker(ThreadPoolExecutor.java:1149)
	at java.util.concurrent.ThreadPoolExecutor$Worker.run(ThreadPoolExecutor.java:624)
	at java.lang.Thread.run(Thread.java:748)
Caused by: org.apache.ratis.protocol.NotLeaderException: Server a2802022-7344-46e5-aa2c-6758ec5b3830 is not the leader (null). Request must be sent to leader.
	at org.apache.ratis.client.impl.ClientProtoUtils.toRaftClientReply(ClientProtoUtils.java:242)
	at org.apache.ratis.grpc.client.GrpcClientProtocolClient$AsyncStreamObservers$1.onNext(GrpcClientProtocolClient.java:254)
	... 10 more
</error>
    <system-out><![CDATA[2019-08-28 12:15:13,111 [main] WARN  server.ServerUtils (ServerUtils.java:getScmDbDir(145)) - ozone.scm.db.dirs is not configured. We recommend adding this setting. Falling back to ozone.metadata.dirs instead.
2019-08-28 12:15:13,127 [main] WARN  server.ServerUtils (ServerUtils.java:getScmDbDir(145)) - ozone.scm.db.dirs is not configured. We recommend adding this setting. Falling back to ozone.metadata.dirs instead.
2019-08-28 12:15:13,127 [main] WARN  server.ServerUtils (ServerUtils.java:getScmDbDir(145)) - ozone.scm.db.dirs is not configured. We recommend adding this setting. Falling back to ozone.metadata.dirs instead.
2019-08-28 12:15:13,128 [main] INFO  db.DBStoreBuilder (DBStoreBuilder.java:addTable(110)) - using custom profile for table: deletedBlocks
2019-08-28 12:15:13,128 [main] INFO  db.DBStoreBuilder (DBStoreBuilder.java:processTables(161)) - Using default column profile:DBProfile.DISK for Table:deletedBlocks
2019-08-28 12:15:13,128 [main] INFO  db.DBStoreBuilder (DBStoreBuilder.java:addTable(110)) - using custom profile for table: validCerts
2019-08-28 12:15:13,128 [main] INFO  db.DBStoreBuilder (DBStoreBuilder.java:processTables(161)) - Using default column profile:DBProfile.DISK for Table:validCerts
2019-08-28 12:15:13,129 [main] INFO  db.DBStoreBuilder (DBStoreBuilder.java:addTable(110)) - using custom profile for table: revokedCerts
2019-08-28 12:15:13,129 [main] INFO  db.DBStoreBuilder (DBStoreBuilder.java:processTables(161)) - Using default column profile:DBProfile.DISK for Table:revokedCerts
2019-08-28 12:15:13,129 [main] INFO  db.DBStoreBuilder (DBStoreBuilder.java:addTable(110)) - using custom profile for table: default
2019-08-28 12:15:13,129 [main] INFO  db.DBStoreBuilder (DBStoreBuilder.java:processTables(167)) - Using default column profile:DBProfile.DISK for Table:default
2019-08-28 12:15:13,129 [main] INFO  db.DBStoreBuilder (DBStoreBuilder.java:getDbProfile(198)) - Using default options. DBProfile.DISK
2019-08-28 12:15:13,289 [main] INFO  net.NodeSchemaLoader (NodeSchemaLoader.java:loadSchemaFromFile(125)) - Loading file from sun.misc.CompoundEnumeration@77da2881
2019-08-28 12:15:13,290 [main] INFO  net.NodeSchemaLoader (NodeSchemaLoader.java:loadSchema(171)) - Loading network topology layer schema file
2019-08-28 12:15:13,295 [main] WARN  server.ServerUtils (ServerUtils.java:sanitizeUserArgs(70)) - ozone.scm.stale.node.interval value = 300000 is larger than max = 100000 based on the key value of ozone.scm.heartbeat.thread.interval, reset to the max value 100000.
2019-08-28 12:15:13,295 [main] WARN  server.ServerUtils (ServerUtils.java:sanitizeUserArgs(70)) - ozone.scm.stale.node.interval value = 300000 is larger than max = 100000 based on the key value of ozone.scm.heartbeat.thread.interval, reset to the max value 100000.
2019-08-28 12:15:13,296 [main] INFO  node.SCMNodeManager (SCMNodeManager.java:<init>(121)) - Entering startup safe mode.
2019-08-28 12:15:13,297 [main] INFO  algorithms.ContainerPlacementPolicyFactory (ContainerPlacementPolicyFactory.java:getPolicy(55)) - Create container placement policy of type org.apache.hadoop.hdds.scm.container.placement.algorithms.SCMContainerPlacementRandom
2019-08-28 12:15:13,297 [main] WARN  server.ServerUtils (ServerUtils.java:getScmDbDir(145)) - ozone.scm.db.dirs is not configured. We recommend adding this setting. Falling back to ozone.metadata.dirs instead.
2019-08-28 12:15:13,346 [main] INFO  pipeline.SCMPipelineManager (SCMPipelineManager.java:initializePipelineState(126)) - No pipeline exists in current db
2019-08-28 12:15:13,346 [main] WARN  server.ServerUtils (ServerUtils.java:getScmDbDir(145)) - ozone.scm.db.dirs is not configured. We recommend adding this setting. Falling back to ozone.metadata.dirs instead.
2019-08-28 12:15:13,401 [main] WARN  events.EventQueue (EventQueue.java:fireEvent(175)) - No event handler registered for event TypedEvent{payloadType=SafeModeStatus, name='SafeModeStatus'}
2019-08-28 12:15:13,402 [main] INFO  ipc.CallQueueManager (CallQueueManager.java:<init>(84)) - Using callQueue: class java.util.concurrent.LinkedBlockingQueue, queueCapacity: 2000, scheduler: class org.apache.hadoop.ipc.DefaultRpcScheduler, ipcBackoff: false.
2019-08-28 12:15:13,403 [Socket Reader #1 for port 42230] INFO  ipc.Server (Server.java:run(1074)) - Starting Socket Reader #1 for port 42230
2019-08-28 12:15:13,406 [main] INFO  ipc.CallQueueManager (CallQueueManager.java:<init>(84)) - Using callQueue: class java.util.concurrent.LinkedBlockingQueue, queueCapacity: 2000, scheduler: class org.apache.hadoop.ipc.DefaultRpcScheduler, ipcBackoff: false.
2019-08-28 12:15:13,407 [Socket Reader #1 for port 41274] INFO  ipc.Server (Server.java:run(1074)) - Starting Socket Reader #1 for port 41274
2019-08-28 12:15:13,408 [main] INFO  ipc.CallQueueManager (CallQueueManager.java:<init>(84)) - Using callQueue: class java.util.concurrent.LinkedBlockingQueue, queueCapacity: 2000, scheduler: class org.apache.hadoop.ipc.DefaultRpcScheduler, ipcBackoff: false.
2019-08-28 12:15:13,409 [Socket Reader #1 for port 46531] INFO  ipc.Server (Server.java:run(1074)) - Starting Socket Reader #1 for port 46531
2019-08-28 12:15:13,412 [main] INFO  hdfs.DFSUtil (DFSUtil.java:httpServerTemplateForNNAndJN(1641)) - Starting Web-server for scm at: http://0.0.0.0:0
2019-08-28 12:15:13,415 [main] INFO  server.AuthenticationFilter (AuthenticationFilter.java:constructSecretProvider(240)) - Unable to initialize FileSignerSecretProvider, falling back to use random secrets.
2019-08-28 12:15:13,415 [main] WARN  http.HttpRequestLog (HttpRequestLog.java:getRequestLog(97)) - Jetty request log can only be enabled using Log4j
2019-08-28 12:15:13,417 [main] INFO  http.HttpServer2 (HttpServer2.java:addGlobalFilter(975)) - Added global filter 'safety' (class=org.apache.hadoop.http.HttpServer2$QuotingInputFilter)
2019-08-28 12:15:13,418 [main] INFO  http.HttpServer2 (HttpServer2.java:addFilter(948)) - Added filter static_user_filter (class=org.apache.hadoop.http.lib.StaticUserWebFilter$StaticUserFilter) to context scm
2019-08-28 12:15:13,418 [main] INFO  http.HttpServer2 (HttpServer2.java:addFilter(958)) - Added filter static_user_filter (class=org.apache.hadoop.http.lib.StaticUserWebFilter$StaticUserFilter) to context logs
2019-08-28 12:15:13,418 [main] INFO  http.HttpServer2 (HttpServer2.java:addFilter(958)) - Added filter static_user_filter (class=org.apache.hadoop.http.lib.StaticUserWebFilter$StaticUserFilter) to context static
2019-08-28 12:15:13,420 [main] INFO  server.StorageContainerManager (StorageContainerManager.java:start(759)) - StorageContainerLocationProtocol RPC server is listening at /0.0.0.0:46531
2019-08-28 12:15:13,422 [main] WARN  impl.MetricsConfig (MetricsConfig.java:loadFirst(134)) - Cannot locate configuration: tried hadoop-metrics2-storagecontainermanager.properties,hadoop-metrics2.properties
2019-08-28 12:15:13,423 [main] INFO  impl.MetricsSystemImpl (MetricsSystemImpl.java:startTimer(374)) - Scheduled Metric snapshot period at 10 second(s).
2019-08-28 12:15:13,423 [main] INFO  impl.MetricsSystemImpl (MetricsSystemImpl.java:start(191)) - StorageContainerManager metrics system started
2019-08-28 12:15:13,516 [main] INFO  server.SCMClientProtocolServer (SCMClientProtocolServer.java:start(151)) - RPC server for Client  is listening at /0.0.0.0:46531
2019-08-28 12:15:13,517 [IPC Server Responder] INFO  ipc.Server (Server.java:run(1314)) - IPC Server Responder: starting
2019-08-28 12:15:13,517 [IPC Server listener on 46531] INFO  ipc.Server (Server.java:run(1153)) - IPC Server listener on 46531: starting
2019-08-28 12:15:13,794 [main] INFO  server.StorageContainerManager (StorageContainerManager.java:start(769)) - ScmBlockLocationProtocol RPC server is listening at /0.0.0.0:41274
2019-08-28 12:15:13,808 [main] INFO  server.SCMBlockProtocolServer (SCMBlockProtocolServer.java:start(140)) - RPC server for Block Protocol is listening at /0.0.0.0:41274
2019-08-28 12:15:13,857 [IPC Server listener on 41274] INFO  ipc.Server (Server.java:run(1153)) - IPC Server listener on 41274: starting
2019-08-28 12:15:13,857 [IPC Server Responder] INFO  ipc.Server (Server.java:run(1314)) - IPC Server Responder: starting
2019-08-28 12:15:13,863 [main] INFO  server.StorageContainerManager (StorageContainerManager.java:start(773)) - ScmDatanodeProtocl RPC server is listening at /0.0.0.0:42230
2019-08-28 12:15:13,863 [main] INFO  server.SCMDatanodeProtocolServer (SCMDatanodeProtocolServer.java:start(191)) - RPC server for DataNodes is listening at /0.0.0.0:42230
2019-08-28 12:15:13,865 [IPC Server Responder] INFO  ipc.Server (Server.java:run(1314)) - IPC Server Responder: starting
2019-08-28 12:15:13,865 [IPC Server listener on 42230] INFO  ipc.Server (Server.java:run(1153)) - IPC Server listener on 42230: starting
2019-08-28 12:15:13,870 [main] INFO  http.HttpServer2 (HttpServer2.java:bindListener(1191)) - Jetty bound to port 43778
2019-08-28 12:15:13,870 [main] INFO  server.Server (Server.java:doStart(351)) - jetty-9.3.24.v20180605, build timestamp: 2018-06-05T17:11:56Z, git hash: 84205aa28f11a4f31f2a3b86d1bba2cc8ab69827
2019-08-28 12:15:13,872 [main] INFO  handler.ContextHandler (ContextHandler.java:doStart(781)) - Started o.e.j.s.ServletContextHandler@1d6ed085{/logs,file:///workdir/hadoop-ozone/integration-test/target/log,AVAILABLE}
2019-08-28 12:15:13,873 [main] INFO  handler.ContextHandler (ContextHandler.java:doStart(781)) - Started o.e.j.s.ServletContextHandler@24347d8b{/static,file:///workdir/hadoop-ozone/integration-test/target/test-classes/webapps/static,AVAILABLE}
2019-08-28 12:15:13,876 [main] INFO  handler.ContextHandler (ContextHandler.java:doStart(781)) - Started o.e.j.w.WebAppContext@4117e0c9{/,file:///workdir/hadoop-ozone/integration-test/target/test-classes/webapps/scm/,AVAILABLE}{/scm}
2019-08-28 12:15:13,877 [main] INFO  server.AbstractConnector (AbstractConnector.java:doStart(278)) - Started ServerConnector@568e2d65{HTTP/1.1,[http/1.1]}{0.0.0.0:43778}
2019-08-28 12:15:13,878 [main] INFO  server.Server (Server.java:doStart(419)) - Started @215730ms
2019-08-28 12:15:13,880 [main] INFO  server.BaseHttpServer (BaseHttpServer.java:updateConnectorAddress(213)) - HTTP server of SCM is listening at http://0.0.0.0:43778
2019-08-28 12:15:13,880 [main] WARN  server.ServerUtils (ServerUtils.java:getDBPath(222)) - ozone.om.db.dirs is not configured. We recommend adding this setting. Falling back to ozone.metadata.dirs instead.
2019-08-28 12:15:13,881 [org.apache.hadoop.util.JvmPauseMonitor$Monitor@56728f48] INFO  util.JvmPauseMonitor (JvmPauseMonitor.java:run(188)) - Starting JVM pause monitor
2019-08-28 12:15:13,894 [main] WARN  server.ServerUtils (ServerUtils.java:getDBPath(222)) - ozone.om.db.dirs is not configured. We recommend adding this setting. Falling back to ozone.metadata.dirs instead.
2019-08-28 12:15:13,895 [main] WARN  server.ServerUtils (ServerUtils.java:getDBPath(222)) - ozone.om.db.dirs is not configured. We recommend adding this setting. Falling back to ozone.metadata.dirs instead.
2019-08-28 12:15:13,895 [main] INFO  om.OzoneManager (OzoneManager.java:setOMNodeDetails(645)) - OM Service ID is not set. Setting it to the default ID: omServiceIdDefault
2019-08-28 12:15:13,896 [main] INFO  om.OzoneManager (OzoneManager.java:setOMNodeDetails(651)) - OM Node ID is not set. Setting it to the OmStorage's OmID: ee18ad9a-f1bf-407d-b7af-398866eed63b
2019-08-28 12:15:13,896 [main] INFO  om.OzoneManager (OzoneManager.java:loadOMHAConfigs(602)) - Found matching OM address with OMServiceId: null, OMNodeId: null, RPC Address: localhost:0 and Ratis port: 9872
2019-08-28 12:15:13,901 | INFO  | SCMAudit | user=jenkins1000 | ip=192.168.36.80 | op=GET_SCM_INFO null | ret=SUCCESS |  
2019-08-28 12:15:13,904 [main] WARN  server.ServerUtils (ServerUtils.java:getDBPath(222)) - ozone.om.db.dirs is not configured. We recommend adding this setting. Falling back to ozone.metadata.dirs instead.
2019-08-28 12:15:13,905 [main] INFO  db.DBStoreBuilder (DBStoreBuilder.java:addTable(110)) - using custom profile for table: userTable
2019-08-28 12:15:13,905 [main] INFO  db.DBStoreBuilder (DBStoreBuilder.java:processTables(161)) - Using default column profile:DBProfile.DISK for Table:userTable
2019-08-28 12:15:13,905 [main] INFO  db.DBStoreBuilder (DBStoreBuilder.java:addTable(110)) - using custom profile for table: volumeTable
2019-08-28 12:15:13,905 [main] INFO  db.DBStoreBuilder (DBStoreBuilder.java:processTables(161)) - Using default column profile:DBProfile.DISK for Table:volumeTable
2019-08-28 12:15:13,905 [main] INFO  db.DBStoreBuilder (DBStoreBuilder.java:addTable(110)) - using custom profile for table: bucketTable
2019-08-28 12:15:13,905 [main] INFO  db.DBStoreBuilder (DBStoreBuilder.java:processTables(161)) - Using default column profile:DBProfile.DISK for Table:bucketTable
2019-08-28 12:15:13,906 [main] INFO  db.DBStoreBuilder (DBStoreBuilder.java:addTable(110)) - using custom profile for table: keyTable
2019-08-28 12:15:13,906 [main] INFO  db.DBStoreBuilder (DBStoreBuilder.java:processTables(161)) - Using default column profile:DBProfile.DISK for Table:keyTable
2019-08-28 12:15:13,906 [main] INFO  db.DBStoreBuilder (DBStoreBuilder.java:addTable(110)) - using custom profile for table: deletedTable
2019-08-28 12:15:13,906 [main] INFO  db.DBStoreBuilder (DBStoreBuilder.java:processTables(161)) - Using default column profile:DBProfile.DISK for Table:deletedTable
2019-08-28 12:15:13,906 [main] INFO  db.DBStoreBuilder (DBStoreBuilder.java:addTable(110)) - using custom profile for table: openKeyTable
2019-08-28 12:15:13,906 [main] INFO  db.DBStoreBuilder (DBStoreBuilder.java:processTables(161)) - Using default column profile:DBProfile.DISK for Table:openKeyTable
2019-08-28 12:15:13,907 [main] INFO  db.DBStoreBuilder (DBStoreBuilder.java:addTable(110)) - using custom profile for table: s3Table
2019-08-28 12:15:13,907 [main] INFO  db.DBStoreBuilder (DBStoreBuilder.java:processTables(161)) - Using default column profile:DBProfile.DISK for Table:s3Table
2019-08-28 12:15:13,907 [main] INFO  db.DBStoreBuilder (DBStoreBuilder.java:addTable(110)) - using custom profile for table: multipartInfoTable
2019-08-28 12:15:13,907 [main] INFO  db.DBStoreBuilder (DBStoreBuilder.java:processTables(161)) - Using default column profile:DBProfile.DISK for Table:multipartInfoTable
2019-08-28 12:15:13,907 [main] INFO  db.DBStoreBuilder (DBStoreBuilder.java:addTable(110)) - using custom profile for table: dTokenTable
2019-08-28 12:15:13,908 [main] INFO  db.DBStoreBuilder (DBStoreBuilder.java:processTables(161)) - Using default column profile:DBProfile.DISK for Table:dTokenTable
2019-08-28 12:15:13,908 [main] INFO  db.DBStoreBuilder (DBStoreBuilder.java:addTable(110)) - using custom profile for table: s3SecretTable
2019-08-28 12:15:13,908 [main] INFO  db.DBStoreBuilder (DBStoreBuilder.java:processTables(161)) - Using default column profile:DBProfile.DISK for Table:s3SecretTable
2019-08-28 12:15:13,908 [main] INFO  db.DBStoreBuilder (DBStoreBuilder.java:addTable(110)) - using custom profile for table: prefixTable
2019-08-28 12:15:13,908 [main] INFO  db.DBStoreBuilder (DBStoreBuilder.java:processTables(161)) - Using default column profile:DBProfile.DISK for Table:prefixTable
2019-08-28 12:15:13,909 [main] INFO  db.DBStoreBuilder (DBStoreBuilder.java:addTable(110)) - using custom profile for table: default
2019-08-28 12:15:13,909 [main] INFO  db.DBStoreBuilder (DBStoreBuilder.java:processTables(167)) - Using default column profile:DBProfile.DISK for Table:default
2019-08-28 12:15:13,909 [main] INFO  db.DBStoreBuilder (DBStoreBuilder.java:getDbProfile(198)) - Using default options. DBProfile.DISK
2019-08-28 12:15:14,381 [main] INFO  ipc.CallQueueManager (CallQueueManager.java:<init>(84)) - Using callQueue: class java.util.concurrent.LinkedBlockingQueue, queueCapacity: 2000, scheduler: class org.apache.hadoop.ipc.DefaultRpcScheduler, ipcBackoff: false.
2019-08-28 12:15:14,383 [Socket Reader #1 for port 43549] INFO  ipc.Server (Server.java:run(1074)) - Starting Socket Reader #1 for port 43549
2019-08-28 12:15:14,401 [main] INFO  om.OzoneManager (OzoneManager.java:start(1256)) - OzoneManager RPC server is listening at localhost/127.0.0.1:43549
2019-08-28 12:15:14,402 [main] INFO  impl.MetricsSystemImpl (MetricsSystemImpl.java:init(158)) - OzoneManager metrics system started (again)
2019-08-28 12:15:14,403 [IPC Server Responder] INFO  ipc.Server (Server.java:run(1314)) - IPC Server Responder: starting
2019-08-28 12:15:14,403 [IPC Server listener on 43549] INFO  ipc.Server (Server.java:run(1153)) - IPC Server listener on 43549: starting
2019-08-28 12:15:14,409 [main] INFO  hdfs.DFSUtil (DFSUtil.java:httpServerTemplateForNNAndJN(1641)) - Starting Web-server for ozoneManager at: http://0.0.0.0:0
2019-08-28 12:15:14,411 [main] INFO  server.AuthenticationFilter (AuthenticationFilter.java:constructSecretProvider(240)) - Unable to initialize FileSignerSecretProvider, falling back to use random secrets.
2019-08-28 12:15:14,412 [main] WARN  http.HttpRequestLog (HttpRequestLog.java:getRequestLog(97)) - Jetty request log can only be enabled using Log4j
2019-08-28 12:15:14,414 [main] INFO  http.HttpServer2 (HttpServer2.java:addGlobalFilter(975)) - Added global filter 'safety' (class=org.apache.hadoop.http.HttpServer2$QuotingInputFilter)
2019-08-28 12:15:14,415 [main] INFO  http.HttpServer2 (HttpServer2.java:addFilter(948)) - Added filter static_user_filter (class=org.apache.hadoop.http.lib.StaticUserWebFilter$StaticUserFilter) to context ozoneManager
2019-08-28 12:15:14,415 [main] INFO  http.HttpServer2 (HttpServer2.java:addFilter(958)) - Added filter static_user_filter (class=org.apache.hadoop.http.lib.StaticUserWebFilter$StaticUserFilter) to context logs
2019-08-28 12:15:14,415 [main] INFO  http.HttpServer2 (HttpServer2.java:addFilter(958)) - Added filter static_user_filter (class=org.apache.hadoop.http.lib.StaticUserWebFilter$StaticUserFilter) to context static
2019-08-28 12:15:14,416 [main] INFO  http.HttpServer2 (HttpServer2.java:bindListener(1191)) - Jetty bound to port 35260
2019-08-28 12:15:14,417 [main] INFO  server.Server (Server.java:doStart(351)) - jetty-9.3.24.v20180605, build timestamp: 2018-06-05T17:11:56Z, git hash: 84205aa28f11a4f31f2a3b86d1bba2cc8ab69827
2019-08-28 12:15:14,419 [main] INFO  handler.ContextHandler (ContextHandler.java:doStart(781)) - Started o.e.j.s.ServletContextHandler@21cb5648{/logs,file:///workdir/hadoop-ozone/integration-test/target/log,AVAILABLE}
2019-08-28 12:15:14,420 [main] INFO  handler.ContextHandler (ContextHandler.java:doStart(781)) - Started o.e.j.s.ServletContextHandler@1ee5792a{/static,file:///workdir/hadoop-ozone/integration-test/target/test-classes/webapps/static,AVAILABLE}
2019-08-28 12:15:14,425 [main] INFO  handler.ContextHandler (ContextHandler.java:doStart(781)) - Started o.e.j.w.WebAppContext@3437fc4f{/,file:///workdir/hadoop-ozone/integration-test/target/test-classes/webapps/ozoneManager/,AVAILABLE}{/ozoneManager}
2019-08-28 12:15:14,426 [main] INFO  server.AbstractConnector (AbstractConnector.java:doStart(278)) - Started ServerConnector@42a198dd{HTTP/1.1,[http/1.1]}{0.0.0.0:35260}
2019-08-28 12:15:14,427 [main] INFO  server.Server (Server.java:doStart(419)) - Started @216279ms
2019-08-28 12:15:14,427 [main] INFO  server.BaseHttpServer (BaseHttpServer.java:updateConnectorAddress(213)) - HTTP server of OZONEMANAGER is listening at http://0.0.0.0:35260
2019-08-28 12:15:14,447 [main] INFO  impl.MetricsSystemImpl (MetricsSystemImpl.java:init(158)) - HddsDatanode metrics system started (again)
2019-08-28 12:15:14,450 [main] INFO  ozone.HddsDatanodeService (HddsDatanodeService.java:start(184)) - HddsDatanodeService host:pr-hdds-1949-gk6t9-2362663429 ip:192.168.36.80
2019-08-28 12:15:14,462 [main] INFO  volume.HddsVolume (HddsVolume.java:<init>(176)) - Creating Volume: /workdir/hadoop-ozone/integration-test/target/test-dir/MiniOzoneClusterImpl-c8883471-de3b-444e-8801-a2789016650e/datanode-0/data/containers/hdds of  storage type : DISK and capacity : 1482555576320
2019-08-28 12:15:14,462 [main] INFO  volume.VolumeSet (VolumeSet.java:initializeVolumeSet(170)) - Added Volume : /workdir/hadoop-ozone/integration-test/target/test-dir/MiniOzoneClusterImpl-c8883471-de3b-444e-8801-a2789016650e/datanode-0/data/containers/hdds to VolumeSet
2019-08-28 12:15:14,463 [main] INFO  volume.ThrottledAsyncChecker (ThrottledAsyncChecker.java:schedule(140)) - Scheduling a check for org.apache.hadoop.ozone.container.common.volume.HddsVolume@3be2ef56
2019-08-28 12:15:14,463 [main] INFO  volume.HddsVolumeChecker (HddsVolumeChecker.java:checkAllVolumes(203)) - Scheduled health check for volume org.apache.hadoop.ozone.container.common.volume.HddsVolume@3be2ef56
2019-08-28 12:15:14,479 [main] INFO  impl.RaftServerProxy (ConfUtils.java:logGet(43)) - raft.rpc.type = GRPC (default)
2019-08-28 12:15:14,480 [main] INFO  grpc.GrpcFactory (GrpcFactory.java:checkPooledByteBufAllocatorUseCacheForAllThreads(45)) - PERFORMANCE WARNING: useCacheForAllThreads is true that may cause Netty to create a lot garbage objects and, as a result, trigger GC.
	It is recommended to disable useCacheForAllThreads by setting -Dorg.apache.ratis.thirdparty.io.netty.allocator.useCacheForAllThreads=false in command line.
2019-08-28 12:15:14,480 [main] INFO  grpc.GrpcConfigKeys$Server (ConfUtils.java:logGet(43)) - raft.grpc.server.port = 0 (default)
2019-08-28 12:15:14,480 [main] INFO  server.GrpcService (ConfUtils.java:logGet(43)) - raft.grpc.message.size.max = 33570816 (custom)
2019-08-28 12:15:14,481 [main] INFO  server.RaftServerConfigKeys (ConfUtils.java:logGet(43)) - raft.server.log.appender.buffer.byte-limit = 33554432 (custom)
2019-08-28 12:15:14,481 [main] INFO  server.GrpcService (ConfUtils.java:logGet(43)) - raft.grpc.flow.control.window = 1MB (=1048576) (default)
2019-08-28 12:15:14,481 [main] INFO  server.RaftServerConfigKeys (ConfUtils.java:logGet(43)) - raft.server.rpc.request.timeout = 3000ms (default)
2019-08-28 12:15:14,482 [main] INFO  server.RaftServerConfigKeys (ConfUtils.java:logGet(43)) - raft.server.storage.dir = [/workdir/hadoop-ozone/integration-test/target/test-dir/MiniOzoneClusterImpl-c8883471-de3b-444e-8801-a2789016650e/datanode-0/data/ratis] (custom)
2019-08-28 12:15:14,482 [main] INFO  replication.SimpleContainerDownloader (SimpleContainerDownloader.java:<init>(72)) - Starting container downloader service to copy containers to replicate.
2019-08-28 12:15:14,483 [main] INFO  hdfs.DFSUtil (DFSUtil.java:httpServerTemplateForNNAndJN(1641)) - Starting Web-server for hddsDatanode at: http://0.0.0.0:0
2019-08-28 12:15:14,486 [main] INFO  server.AuthenticationFilter (AuthenticationFilter.java:constructSecretProvider(240)) - Unable to initialize FileSignerSecretProvider, falling back to use random secrets.
2019-08-28 12:15:14,487 [main] WARN  http.HttpRequestLog (HttpRequestLog.java:getRequestLog(97)) - Jetty request log can only be enabled using Log4j
2019-08-28 12:15:14,489 [main] INFO  http.HttpServer2 (HttpServer2.java:addGlobalFilter(975)) - Added global filter 'safety' (class=org.apache.hadoop.http.HttpServer2$QuotingInputFilter)
2019-08-28 12:15:14,490 [main] INFO  http.HttpServer2 (HttpServer2.java:addFilter(948)) - Added filter static_user_filter (class=org.apache.hadoop.http.lib.StaticUserWebFilter$StaticUserFilter) to context hddsDatanode
2019-08-28 12:15:14,490 [main] INFO  http.HttpServer2 (HttpServer2.java:addFilter(958)) - Added filter static_user_filter (class=org.apache.hadoop.http.lib.StaticUserWebFilter$StaticUserFilter) to context logs
2019-08-28 12:15:14,490 [main] INFO  http.HttpServer2 (HttpServer2.java:addFilter(958)) - Added filter static_user_filter (class=org.apache.hadoop.http.lib.StaticUserWebFilter$StaticUserFilter) to context static
2019-08-28 12:15:14,491 [main] INFO  http.HttpServer2 (HttpServer2.java:bindListener(1191)) - Jetty bound to port 35587
2019-08-28 12:15:14,491 [main] INFO  server.Server (Server.java:doStart(351)) - jetty-9.3.24.v20180605, build timestamp: 2018-06-05T17:11:56Z, git hash: 84205aa28f11a4f31f2a3b86d1bba2cc8ab69827
2019-08-28 12:15:14,493 [main] INFO  handler.ContextHandler (ContextHandler.java:doStart(781)) - Started o.e.j.s.ServletContextHandler@380cd266{/logs,file:///workdir/hadoop-ozone/integration-test/target/log,AVAILABLE}
2019-08-28 12:15:14,494 [main] INFO  handler.ContextHandler (ContextHandler.java:doStart(781)) - Started o.e.j.s.ServletContextHandler@21d561c9{/static,jar:file:/home/user/.m2/repository/org/apache/hadoop/hadoop-hdds-container-service/0.5.0-SNAPSHOT/hadoop-hdds-container-service-0.5.0-SNAPSHOT.jar!/webapps/static,AVAILABLE}
2019-08-28 12:15:14,537 [main] INFO  handler.ContextHandler (ContextHandler.java:doStart(781)) - Started o.e.j.w.WebAppContext@4fd70118{/,file:///tmp/jetty-0.0.0.0-35587-hddsDatanode-_-any-229981044352443750.dir/webapp/,AVAILABLE}{/hddsDatanode}
2019-08-28 12:15:14,537 [main] INFO  server.AbstractConnector (AbstractConnector.java:doStart(278)) - Started ServerConnector@1db7c267{HTTP/1.1,[http/1.1]}{0.0.0.0:35587}
2019-08-28 12:15:14,539 [main] INFO  server.Server (Server.java:doStart(419)) - Started @216391ms
2019-08-28 12:15:14,540 [main] INFO  server.BaseHttpServer (BaseHttpServer.java:updateConnectorAddress(213)) - HTTP server of HDDSDATANODE is listening at http://0.0.0.0:35587
2019-08-28 12:15:14,673 | INFO  | ObjectStoreRestHttpServer | Listening HDDS REST traffic on /0.0.0.0:36312 |  
2019-08-28 12:15:14,673 [main] INFO  ozone.HddsDatanodeService (HddsDatanodeService.java:startPlugins(395)) - Started plug-in org.apache.hadoop.ozone.web.OzoneHddsDatanodeService@66978c15
2019-08-28 12:15:14,674 [main] INFO  impl.MetricsSystemImpl (MetricsSystemImpl.java:init(158)) - HddsDatanode metrics system started (again)
2019-08-28 12:15:14,677 [org.apache.hadoop.util.JvmPauseMonitor$Monitor@4ca081f] INFO  util.JvmPauseMonitor (JvmPauseMonitor.java:run(188)) - Starting JVM pause monitor
2019-08-28 12:15:14,677 [main] INFO  ozone.HddsDatanodeService (HddsDatanodeService.java:start(184)) - HddsDatanodeService host:pr-hdds-1949-gk6t9-2362663429 ip:192.168.36.80
2019-08-28 12:15:14,678 [Datanode State Machine Thread - 0] INFO  datanode.InitDatanodeState (InitDatanodeState.java:persistContainerDatanodeDetails(140)) - DatanodeDetails is persisted to /workdir/hadoop-ozone/integration-test/target/test-dir/MiniOzoneClusterImpl-c8883471-de3b-444e-8801-a2789016650e/datanode-0/meta/datanode.id
2019-08-28 12:15:14,695 [main] INFO  volume.HddsVolume (HddsVolume.java:<init>(176)) - Creating Volume: /workdir/hadoop-ozone/integration-test/target/test-dir/MiniOzoneClusterImpl-c8883471-de3b-444e-8801-a2789016650e/datanode-1/data/containers/hdds of  storage type : DISK and capacity : 1482555576320
2019-08-28 12:15:14,696 [main] INFO  volume.VolumeSet (VolumeSet.java:initializeVolumeSet(170)) - Added Volume : /workdir/hadoop-ozone/integration-test/target/test-dir/MiniOzoneClusterImpl-c8883471-de3b-444e-8801-a2789016650e/datanode-1/data/containers/hdds to VolumeSet
2019-08-28 12:15:14,696 [main] INFO  volume.ThrottledAsyncChecker (ThrottledAsyncChecker.java:schedule(140)) - Scheduling a check for org.apache.hadoop.ozone.container.common.volume.HddsVolume@741687d4
2019-08-28 12:15:14,697 [main] INFO  volume.HddsVolumeChecker (HddsVolumeChecker.java:checkAllVolumes(203)) - Scheduled health check for volume org.apache.hadoop.ozone.container.common.volume.HddsVolume@741687d4
2019-08-28 12:15:14,718 [main] INFO  impl.RaftServerProxy (ConfUtils.java:logGet(43)) - raft.rpc.type = GRPC (default)
2019-08-28 12:15:14,718 [main] INFO  grpc.GrpcFactory (GrpcFactory.java:checkPooledByteBufAllocatorUseCacheForAllThreads(45)) - PERFORMANCE WARNING: useCacheForAllThreads is true that may cause Netty to create a lot garbage objects and, as a result, trigger GC.
	It is recommended to disable useCacheForAllThreads by setting -Dorg.apache.ratis.thirdparty.io.netty.allocator.useCacheForAllThreads=false in command line.
2019-08-28 12:15:14,718 [main] INFO  grpc.GrpcConfigKeys$Server (ConfUtils.java:logGet(43)) - raft.grpc.server.port = 0 (default)
2019-08-28 12:15:14,719 [main] INFO  server.GrpcService (ConfUtils.java:logGet(43)) - raft.grpc.message.size.max = 33570816 (custom)
2019-08-28 12:15:14,719 [main] INFO  server.RaftServerConfigKeys (ConfUtils.java:logGet(43)) - raft.server.log.appender.buffer.byte-limit = 33554432 (custom)
2019-08-28 12:15:14,719 [main] INFO  server.GrpcService (ConfUtils.java:logGet(43)) - raft.grpc.flow.control.window = 1MB (=1048576) (default)
2019-08-28 12:15:14,719 [main] INFO  server.RaftServerConfigKeys (ConfUtils.java:logGet(43)) - raft.server.rpc.request.timeout = 3000ms (default)
2019-08-28 12:15:14,720 [main] INFO  server.RaftServerConfigKeys (ConfUtils.java:logGet(43)) - raft.server.storage.dir = [/workdir/hadoop-ozone/integration-test/target/test-dir/MiniOzoneClusterImpl-c8883471-de3b-444e-8801-a2789016650e/datanode-1/data/ratis] (custom)
2019-08-28 12:15:14,721 [main] INFO  replication.SimpleContainerDownloader (SimpleContainerDownloader.java:<init>(72)) - Starting container downloader service to copy containers to replicate.
2019-08-28 12:15:14,722 [main] INFO  hdfs.DFSUtil (DFSUtil.java:httpServerTemplateForNNAndJN(1641)) - Starting Web-server for hddsDatanode at: http://0.0.0.0:0
2019-08-28 12:15:14,723 [main] INFO  server.AuthenticationFilter (AuthenticationFilter.java:constructSecretProvider(240)) - Unable to initialize FileSignerSecretProvider, falling back to use random secrets.
2019-08-28 12:15:14,724 [main] WARN  http.HttpRequestLog (HttpRequestLog.java:getRequestLog(97)) - Jetty request log can only be enabled using Log4j
2019-08-28 12:15:14,726 [main] INFO  http.HttpServer2 (HttpServer2.java:addGlobalFilter(975)) - Added global filter 'safety' (class=org.apache.hadoop.http.HttpServer2$QuotingInputFilter)
2019-08-28 12:15:14,726 [main] INFO  http.HttpServer2 (HttpServer2.java:addFilter(948)) - Added filter static_user_filter (class=org.apache.hadoop.http.lib.StaticUserWebFilter$StaticUserFilter) to context hddsDatanode
2019-08-28 12:15:14,727 [main] INFO  http.HttpServer2 (HttpServer2.java:addFilter(958)) - Added filter static_user_filter (class=org.apache.hadoop.http.lib.StaticUserWebFilter$StaticUserFilter) to context static
2019-08-28 12:15:14,727 [main] INFO  http.HttpServer2 (HttpServer2.java:addFilter(958)) - Added filter static_user_filter (class=org.apache.hadoop.http.lib.StaticUserWebFilter$StaticUserFilter) to context logs
2019-08-28 12:15:14,727 [main] INFO  http.HttpServer2 (HttpServer2.java:bindListener(1191)) - Jetty bound to port 42694
2019-08-28 12:15:14,728 [main] INFO  server.Server (Server.java:doStart(351)) - jetty-9.3.24.v20180605, build timestamp: 2018-06-05T17:11:56Z, git hash: 84205aa28f11a4f31f2a3b86d1bba2cc8ab69827
2019-08-28 12:15:14,730 [main] INFO  handler.ContextHandler (ContextHandler.java:doStart(781)) - Started o.e.j.s.ServletContextHandler@6aaed880{/logs,file:///workdir/hadoop-ozone/integration-test/target/log,AVAILABLE}
2019-08-28 12:15:14,730 [main] INFO  handler.ContextHandler (ContextHandler.java:doStart(781)) - Started o.e.j.s.ServletContextHandler@7444714e{/static,jar:file:/home/user/.m2/repository/org/apache/hadoop/hadoop-hdds-container-service/0.5.0-SNAPSHOT/hadoop-hdds-container-service-0.5.0-SNAPSHOT.jar!/webapps/static,AVAILABLE}
2019-08-28 12:15:14,765 [main] INFO  handler.ContextHandler (ContextHandler.java:doStart(781)) - Started o.e.j.w.WebAppContext@1d3bf0af{/,file:///tmp/jetty-0.0.0.0-42694-hddsDatanode-_-any-4833700376909734057.dir/webapp/,AVAILABLE}{/hddsDatanode}
2019-08-28 12:15:14,766 [main] INFO  server.AbstractConnector (AbstractConnector.java:doStart(278)) - Started ServerConnector@4af0ae2c{HTTP/1.1,[http/1.1]}{0.0.0.0:42694}
2019-08-28 12:15:14,767 [main] INFO  server.Server (Server.java:doStart(419)) - Started @216620ms
2019-08-28 12:15:14,768 [main] INFO  server.BaseHttpServer (BaseHttpServer.java:updateConnectorAddress(213)) - HTTP server of HDDSDATANODE is listening at http://0.0.0.0:42694
2019-08-28 12:15:14,911 | INFO  | ObjectStoreRestHttpServer | Listening HDDS REST traffic on /0.0.0.0:46216 |  
2019-08-28 12:15:14,911 [main] INFO  ozone.HddsDatanodeService (HddsDatanodeService.java:startPlugins(395)) - Started plug-in org.apache.hadoop.ozone.web.OzoneHddsDatanodeService@2f46bc25
2019-08-28 12:15:14,911 [main] INFO  impl.MetricsSystemImpl (MetricsSystemImpl.java:init(158)) - HddsDatanode metrics system started (again)
2019-08-28 12:15:14,914 [org.apache.hadoop.util.JvmPauseMonitor$Monitor@7a653a64] INFO  util.JvmPauseMonitor (JvmPauseMonitor.java:run(188)) - Starting JVM pause monitor
2019-08-28 12:15:14,914 [main] INFO  ozone.HddsDatanodeService (HddsDatanodeService.java:start(184)) - HddsDatanodeService host:pr-hdds-1949-gk6t9-2362663429 ip:192.168.36.80
2019-08-28 12:15:14,915 [Datanode State Machine Thread - 0] INFO  datanode.InitDatanodeState (InitDatanodeState.java:persistContainerDatanodeDetails(140)) - DatanodeDetails is persisted to /workdir/hadoop-ozone/integration-test/target/test-dir/MiniOzoneClusterImpl-c8883471-de3b-444e-8801-a2789016650e/datanode-1/meta/datanode.id
2019-08-28 12:15:14,922 [main] INFO  volume.HddsVolume (HddsVolume.java:<init>(176)) - Creating Volume: /workdir/hadoop-ozone/integration-test/target/test-dir/MiniOzoneClusterImpl-c8883471-de3b-444e-8801-a2789016650e/datanode-2/data/containers/hdds of  storage type : DISK and capacity : 1482555576320
2019-08-28 12:15:14,922 [main] INFO  volume.VolumeSet (VolumeSet.java:initializeVolumeSet(170)) - Added Volume : /workdir/hadoop-ozone/integration-test/target/test-dir/MiniOzoneClusterImpl-c8883471-de3b-444e-8801-a2789016650e/datanode-2/data/containers/hdds to VolumeSet
2019-08-28 12:15:14,922 [main] INFO  volume.ThrottledAsyncChecker (ThrottledAsyncChecker.java:schedule(140)) - Scheduling a check for org.apache.hadoop.ozone.container.common.volume.HddsVolume@77a14911
2019-08-28 12:15:14,923 [main] INFO  volume.HddsVolumeChecker (HddsVolumeChecker.java:checkAllVolumes(203)) - Scheduled health check for volume org.apache.hadoop.ozone.container.common.volume.HddsVolume@77a14911
2019-08-28 12:15:14,935 [main] INFO  impl.RaftServerProxy (ConfUtils.java:logGet(43)) - raft.rpc.type = GRPC (default)
2019-08-28 12:15:14,935 [main] INFO  grpc.GrpcFactory (GrpcFactory.java:checkPooledByteBufAllocatorUseCacheForAllThreads(45)) - PERFORMANCE WARNING: useCacheForAllThreads is true that may cause Netty to create a lot garbage objects and, as a result, trigger GC.
	It is recommended to disable useCacheForAllThreads by setting -Dorg.apache.ratis.thirdparty.io.netty.allocator.useCacheForAllThreads=false in command line.
2019-08-28 12:15:14,935 [main] INFO  grpc.GrpcConfigKeys$Server (ConfUtils.java:logGet(43)) - raft.grpc.server.port = 0 (default)
2019-08-28 12:15:14,935 [main] INFO  server.GrpcService (ConfUtils.java:logGet(43)) - raft.grpc.message.size.max = 33570816 (custom)
2019-08-28 12:15:14,935 [main] INFO  server.RaftServerConfigKeys (ConfUtils.java:logGet(43)) - raft.server.log.appender.buffer.byte-limit = 33554432 (custom)
2019-08-28 12:15:14,936 [main] INFO  server.GrpcService (ConfUtils.java:logGet(43)) - raft.grpc.flow.control.window = 1MB (=1048576) (default)
2019-08-28 12:15:14,936 [main] INFO  server.RaftServerConfigKeys (ConfUtils.java:logGet(43)) - raft.server.rpc.request.timeout = 3000ms (default)
2019-08-28 12:15:14,936 [main] INFO  server.RaftServerConfigKeys (ConfUtils.java:logGet(43)) - raft.server.storage.dir = [/workdir/hadoop-ozone/integration-test/target/test-dir/MiniOzoneClusterImpl-c8883471-de3b-444e-8801-a2789016650e/datanode-2/data/ratis] (custom)
2019-08-28 12:15:14,937 [main] INFO  replication.SimpleContainerDownloader (SimpleContainerDownloader.java:<init>(72)) - Starting container downloader service to copy containers to replicate.
2019-08-28 12:15:14,938 [main] INFO  hdfs.DFSUtil (DFSUtil.java:httpServerTemplateForNNAndJN(1641)) - Starting Web-server for hddsDatanode at: http://0.0.0.0:0
2019-08-28 12:15:14,939 [main] INFO  server.AuthenticationFilter (AuthenticationFilter.java:constructSecretProvider(240)) - Unable to initialize FileSignerSecretProvider, falling back to use random secrets.
2019-08-28 12:15:14,940 [main] WARN  http.HttpRequestLog (HttpRequestLog.java:getRequestLog(97)) - Jetty request log can only be enabled using Log4j
2019-08-28 12:15:14,941 [main] INFO  http.HttpServer2 (HttpServer2.java:addGlobalFilter(975)) - Added global filter 'safety' (class=org.apache.hadoop.http.HttpServer2$QuotingInputFilter)
2019-08-28 12:15:14,941 [main] INFO  http.HttpServer2 (HttpServer2.java:addFilter(948)) - Added filter static_user_filter (class=org.apache.hadoop.http.lib.StaticUserWebFilter$StaticUserFilter) to context hddsDatanode
2019-08-28 12:15:14,942 [main] INFO  http.HttpServer2 (HttpServer2.java:addFilter(958)) - Added filter static_user_filter (class=org.apache.hadoop.http.lib.StaticUserWebFilter$StaticUserFilter) to context logs
2019-08-28 12:15:14,942 [main] INFO  http.HttpServer2 (HttpServer2.java:addFilter(958)) - Added filter static_user_filter (class=org.apache.hadoop.http.lib.StaticUserWebFilter$StaticUserFilter) to context static
2019-08-28 12:15:14,942 [main] INFO  http.HttpServer2 (HttpServer2.java:bindListener(1191)) - Jetty bound to port 42163
2019-08-28 12:15:14,943 [main] INFO  server.Server (Server.java:doStart(351)) - jetty-9.3.24.v20180605, build timestamp: 2018-06-05T17:11:56Z, git hash: 84205aa28f11a4f31f2a3b86d1bba2cc8ab69827
2019-08-28 12:15:14,944 [main] INFO  handler.ContextHandler (ContextHandler.java:doStart(781)) - Started o.e.j.s.ServletContextHandler@653c0c9c{/logs,file:///workdir/hadoop-ozone/integration-test/target/log,AVAILABLE}
2019-08-28 12:15:14,944 [main] INFO  handler.ContextHandler (ContextHandler.java:doStart(781)) - Started o.e.j.s.ServletContextHandler@221961f2{/static,jar:file:/home/user/.m2/repository/org/apache/hadoop/hadoop-hdds-container-service/0.5.0-SNAPSHOT/hadoop-hdds-container-service-0.5.0-SNAPSHOT.jar!/webapps/static,AVAILABLE}
2019-08-28 12:15:14,975 [main] INFO  handler.ContextHandler (ContextHandler.java:doStart(781)) - Started o.e.j.w.WebAppContext@73299197{/,file:///tmp/jetty-0.0.0.0-42163-hddsDatanode-_-any-3005630037701109089.dir/webapp/,AVAILABLE}{/hddsDatanode}
2019-08-28 12:15:14,975 [main] INFO  server.AbstractConnector (AbstractConnector.java:doStart(278)) - Started ServerConnector@4ef7145f{HTTP/1.1,[http/1.1]}{0.0.0.0:42163}
2019-08-28 12:15:14,977 [main] INFO  server.Server (Server.java:doStart(419)) - Started @216830ms
2019-08-28 12:15:14,978 [main] INFO  server.BaseHttpServer (BaseHttpServer.java:updateConnectorAddress(213)) - HTTP server of HDDSDATANODE is listening at http://0.0.0.0:42163
2019-08-28 12:15:15,098 | INFO  | ObjectStoreRestHttpServer | Listening HDDS REST traffic on /0.0.0.0:34924 |  
2019-08-28 12:15:15,098 [main] INFO  ozone.HddsDatanodeService (HddsDatanodeService.java:startPlugins(395)) - Started plug-in org.apache.hadoop.ozone.web.OzoneHddsDatanodeService@3eb6d7a9
2019-08-28 12:15:15,099 [main] INFO  impl.MetricsSystemImpl (MetricsSystemImpl.java:init(158)) - HddsDatanode metrics system started (again)
2019-08-28 12:15:15,102 [org.apache.hadoop.util.JvmPauseMonitor$Monitor@6a145a39] INFO  util.JvmPauseMonitor (JvmPauseMonitor.java:run(188)) - Starting JVM pause monitor
2019-08-28 12:15:15,102 [main] INFO  ozone.HddsDatanodeService (HddsDatanodeService.java:start(184)) - HddsDatanodeService host:pr-hdds-1949-gk6t9-2362663429 ip:192.168.36.80
2019-08-28 12:15:15,103 [Datanode State Machine Thread - 0] INFO  datanode.InitDatanodeState (InitDatanodeState.java:persistContainerDatanodeDetails(140)) - DatanodeDetails is persisted to /workdir/hadoop-ozone/integration-test/target/test-dir/MiniOzoneClusterImpl-c8883471-de3b-444e-8801-a2789016650e/datanode-2/meta/datanode.id
2019-08-28 12:15:15,110 [main] INFO  volume.HddsVolume (HddsVolume.java:<init>(176)) - Creating Volume: /workdir/hadoop-ozone/integration-test/target/test-dir/MiniOzoneClusterImpl-c8883471-de3b-444e-8801-a2789016650e/datanode-3/data/containers/hdds of  storage type : DISK and capacity : 1482555576320
2019-08-28 12:15:15,110 [main] INFO  volume.VolumeSet (VolumeSet.java:initializeVolumeSet(170)) - Added Volume : /workdir/hadoop-ozone/integration-test/target/test-dir/MiniOzoneClusterImpl-c8883471-de3b-444e-8801-a2789016650e/datanode-3/data/containers/hdds to VolumeSet
2019-08-28 12:15:15,111 [main] INFO  volume.ThrottledAsyncChecker (ThrottledAsyncChecker.java:schedule(140)) - Scheduling a check for org.apache.hadoop.ozone.container.common.volume.HddsVolume@1738d3b2
2019-08-28 12:15:15,111 [main] INFO  volume.HddsVolumeChecker (HddsVolumeChecker.java:checkAllVolumes(203)) - Scheduled health check for volume org.apache.hadoop.ozone.container.common.volume.HddsVolume@1738d3b2
2019-08-28 12:15:15,128 [main] INFO  impl.RaftServerProxy (ConfUtils.java:logGet(43)) - raft.rpc.type = GRPC (default)
2019-08-28 12:15:15,128 [main] INFO  grpc.GrpcFactory (GrpcFactory.java:checkPooledByteBufAllocatorUseCacheForAllThreads(45)) - PERFORMANCE WARNING: useCacheForAllThreads is true that may cause Netty to create a lot garbage objects and, as a result, trigger GC.
	It is recommended to disable useCacheForAllThreads by setting -Dorg.apache.ratis.thirdparty.io.netty.allocator.useCacheForAllThreads=false in command line.
2019-08-28 12:15:15,128 [main] INFO  grpc.GrpcConfigKeys$Server (ConfUtils.java:logGet(43)) - raft.grpc.server.port = 0 (default)
2019-08-28 12:15:15,129 [main] INFO  server.GrpcService (ConfUtils.java:logGet(43)) - raft.grpc.message.size.max = 33570816 (custom)
2019-08-28 12:15:15,129 [main] INFO  server.RaftServerConfigKeys (ConfUtils.java:logGet(43)) - raft.server.log.appender.buffer.byte-limit = 33554432 (custom)
2019-08-28 12:15:15,129 [main] INFO  server.GrpcService (ConfUtils.java:logGet(43)) - raft.grpc.flow.control.window = 1MB (=1048576) (default)
2019-08-28 12:15:15,129 [main] INFO  server.RaftServerConfigKeys (ConfUtils.java:logGet(43)) - raft.server.rpc.request.timeout = 3000ms (default)
2019-08-28 12:15:15,130 [main] INFO  server.RaftServerConfigKeys (ConfUtils.java:logGet(43)) - raft.server.storage.dir = [/workdir/hadoop-ozone/integration-test/target/test-dir/MiniOzoneClusterImpl-c8883471-de3b-444e-8801-a2789016650e/datanode-3/data/ratis] (custom)
2019-08-28 12:15:15,130 [main] INFO  replication.SimpleContainerDownloader (SimpleContainerDownloader.java:<init>(72)) - Starting container downloader service to copy containers to replicate.
2019-08-28 12:15:15,131 [main] INFO  hdfs.DFSUtil (DFSUtil.java:httpServerTemplateForNNAndJN(1641)) - Starting Web-server for hddsDatanode at: http://0.0.0.0:0
2019-08-28 12:15:15,133 [main] INFO  server.AuthenticationFilter (AuthenticationFilter.java:constructSecretProvider(240)) - Unable to initialize FileSignerSecretProvider, falling back to use random secrets.
2019-08-28 12:15:15,133 [main] WARN  http.HttpRequestLog (HttpRequestLog.java:getRequestLog(97)) - Jetty request log can only be enabled using Log4j
2019-08-28 12:15:15,135 [main] INFO  http.HttpServer2 (HttpServer2.java:addGlobalFilter(975)) - Added global filter 'safety' (class=org.apache.hadoop.http.HttpServer2$QuotingInputFilter)
2019-08-28 12:15:15,135 [main] INFO  http.HttpServer2 (HttpServer2.java:addFilter(948)) - Added filter static_user_filter (class=org.apache.hadoop.http.lib.StaticUserWebFilter$StaticUserFilter) to context hddsDatanode
2019-08-28 12:15:15,135 [main] INFO  http.HttpServer2 (HttpServer2.java:addFilter(958)) - Added filter static_user_filter (class=org.apache.hadoop.http.lib.StaticUserWebFilter$StaticUserFilter) to context logs
2019-08-28 12:15:15,136 [main] INFO  http.HttpServer2 (HttpServer2.java:addFilter(958)) - Added filter static_user_filter (class=org.apache.hadoop.http.lib.StaticUserWebFilter$StaticUserFilter) to context static
2019-08-28 12:15:15,136 [main] INFO  http.HttpServer2 (HttpServer2.java:bindListener(1191)) - Jetty bound to port 37778
2019-08-28 12:15:15,136 [main] INFO  server.Server (Server.java:doStart(351)) - jetty-9.3.24.v20180605, build timestamp: 2018-06-05T17:11:56Z, git hash: 84205aa28f11a4f31f2a3b86d1bba2cc8ab69827
2019-08-28 12:15:15,138 [main] INFO  handler.ContextHandler (ContextHandler.java:doStart(781)) - Started o.e.j.s.ServletContextHandler@5eaa6f76{/logs,file:///workdir/hadoop-ozone/integration-test/target/log,AVAILABLE}
2019-08-28 12:15:15,138 [main] INFO  handler.ContextHandler (ContextHandler.java:doStart(781)) - Started o.e.j.s.ServletContextHandler@35129b9e{/static,jar:file:/home/user/.m2/repository/org/apache/hadoop/hadoop-hdds-container-service/0.5.0-SNAPSHOT/hadoop-hdds-container-service-0.5.0-SNAPSHOT.jar!/webapps/static,AVAILABLE}
2019-08-28 12:15:15,168 [main] INFO  handler.ContextHandler (ContextHandler.java:doStart(781)) - Started o.e.j.w.WebAppContext@722e1bff{/,file:///tmp/jetty-0.0.0.0-37778-hddsDatanode-_-any-1776128133645550512.dir/webapp/,AVAILABLE}{/hddsDatanode}
2019-08-28 12:15:15,169 [main] INFO  server.AbstractConnector (AbstractConnector.java:doStart(278)) - Started ServerConnector@4cce889e{HTTP/1.1,[http/1.1]}{0.0.0.0:37778}
2019-08-28 12:15:15,170 [main] INFO  server.Server (Server.java:doStart(419)) - Started @217023ms
2019-08-28 12:15:15,171 [main] INFO  server.BaseHttpServer (BaseHttpServer.java:updateConnectorAddress(213)) - HTTP server of HDDSDATANODE is listening at http://0.0.0.0:37778
2019-08-28 12:15:15,314 | INFO  | ObjectStoreRestHttpServer | Listening HDDS REST traffic on /0.0.0.0:34394 |  
2019-08-28 12:15:15,314 [main] INFO  ozone.HddsDatanodeService (HddsDatanodeService.java:startPlugins(395)) - Started plug-in org.apache.hadoop.ozone.web.OzoneHddsDatanodeService@4f45290f
2019-08-28 12:15:15,315 [main] INFO  impl.MetricsSystemImpl (MetricsSystemImpl.java:init(158)) - HddsDatanode metrics system started (again)
2019-08-28 12:15:15,318 [org.apache.hadoop.util.JvmPauseMonitor$Monitor@32a8f1cf] INFO  util.JvmPauseMonitor (JvmPauseMonitor.java:run(188)) - Starting JVM pause monitor
2019-08-28 12:15:15,319 [main] INFO  ozone.HddsDatanodeService (HddsDatanodeService.java:start(184)) - HddsDatanodeService host:pr-hdds-1949-gk6t9-2362663429 ip:192.168.36.80
2019-08-28 12:15:15,319 [Datanode State Machine Thread - 0] INFO  datanode.InitDatanodeState (InitDatanodeState.java:persistContainerDatanodeDetails(140)) - DatanodeDetails is persisted to /workdir/hadoop-ozone/integration-test/target/test-dir/MiniOzoneClusterImpl-c8883471-de3b-444e-8801-a2789016650e/datanode-3/meta/datanode.id
2019-08-28 12:15:15,326 [main] INFO  volume.HddsVolume (HddsVolume.java:<init>(176)) - Creating Volume: /workdir/hadoop-ozone/integration-test/target/test-dir/MiniOzoneClusterImpl-c8883471-de3b-444e-8801-a2789016650e/datanode-4/data/containers/hdds of  storage type : DISK and capacity : 1482555576320
2019-08-28 12:15:15,371 [main] INFO  volume.VolumeSet (VolumeSet.java:initializeVolumeSet(170)) - Added Volume : /workdir/hadoop-ozone/integration-test/target/test-dir/MiniOzoneClusterImpl-c8883471-de3b-444e-8801-a2789016650e/datanode-4/data/containers/hdds to VolumeSet
2019-08-28 12:15:15,372 [main] INFO  volume.ThrottledAsyncChecker (ThrottledAsyncChecker.java:schedule(140)) - Scheduling a check for org.apache.hadoop.ozone.container.common.volume.HddsVolume@50508ed3
2019-08-28 12:15:15,373 [main] INFO  volume.HddsVolumeChecker (HddsVolumeChecker.java:checkAllVolumes(203)) - Scheduled health check for volume org.apache.hadoop.ozone.container.common.volume.HddsVolume@50508ed3
2019-08-28 12:15:15,398 [main] INFO  impl.RaftServerProxy (ConfUtils.java:logGet(43)) - raft.rpc.type = GRPC (default)
2019-08-28 12:15:15,399 [main] INFO  grpc.GrpcFactory (GrpcFactory.java:checkPooledByteBufAllocatorUseCacheForAllThreads(45)) - PERFORMANCE WARNING: useCacheForAllThreads is true that may cause Netty to create a lot garbage objects and, as a result, trigger GC.
	It is recommended to disable useCacheForAllThreads by setting -Dorg.apache.ratis.thirdparty.io.netty.allocator.useCacheForAllThreads=false in command line.
2019-08-28 12:15:15,399 [main] INFO  grpc.GrpcConfigKeys$Server (ConfUtils.java:logGet(43)) - raft.grpc.server.port = 0 (default)
2019-08-28 12:15:15,399 [main] INFO  server.GrpcService (ConfUtils.java:logGet(43)) - raft.grpc.message.size.max = 33570816 (custom)
2019-08-28 12:15:15,399 [main] INFO  server.RaftServerConfigKeys (ConfUtils.java:logGet(43)) - raft.server.log.appender.buffer.byte-limit = 33554432 (custom)
2019-08-28 12:15:15,400 [main] INFO  server.GrpcService (ConfUtils.java:logGet(43)) - raft.grpc.flow.control.window = 1MB (=1048576) (default)
2019-08-28 12:15:15,400 [main] INFO  server.RaftServerConfigKeys (ConfUtils.java:logGet(43)) - raft.server.rpc.request.timeout = 3000ms (default)
2019-08-28 12:15:15,401 [main] INFO  server.RaftServerConfigKeys (ConfUtils.java:logGet(43)) - raft.server.storage.dir = [/workdir/hadoop-ozone/integration-test/target/test-dir/MiniOzoneClusterImpl-c8883471-de3b-444e-8801-a2789016650e/datanode-4/data/ratis] (custom)
2019-08-28 12:15:15,402 [main] INFO  replication.SimpleContainerDownloader (SimpleContainerDownloader.java:<init>(72)) - Starting container downloader service to copy containers to replicate.
2019-08-28 12:15:15,403 [main] INFO  hdfs.DFSUtil (DFSUtil.java:httpServerTemplateForNNAndJN(1641)) - Starting Web-server for hddsDatanode at: http://0.0.0.0:0
2019-08-28 12:15:15,405 [main] INFO  server.AuthenticationFilter (AuthenticationFilter.java:constructSecretProvider(240)) - Unable to initialize FileSignerSecretProvider, falling back to use random secrets.
2019-08-28 12:15:15,406 [main] WARN  http.HttpRequestLog (HttpRequestLog.java:getRequestLog(97)) - Jetty request log can only be enabled using Log4j
2019-08-28 12:15:15,408 [main] INFO  http.HttpServer2 (HttpServer2.java:addGlobalFilter(975)) - Added global filter 'safety' (class=org.apache.hadoop.http.HttpServer2$QuotingInputFilter)
2019-08-28 12:15:15,409 [main] INFO  http.HttpServer2 (HttpServer2.java:addFilter(948)) - Added filter static_user_filter (class=org.apache.hadoop.http.lib.StaticUserWebFilter$StaticUserFilter) to context hddsDatanode
2019-08-28 12:15:15,409 [main] INFO  http.HttpServer2 (HttpServer2.java:addFilter(958)) - Added filter static_user_filter (class=org.apache.hadoop.http.lib.StaticUserWebFilter$StaticUserFilter) to context logs
2019-08-28 12:15:15,409 [main] INFO  http.HttpServer2 (HttpServer2.java:addFilter(958)) - Added filter static_user_filter (class=org.apache.hadoop.http.lib.StaticUserWebFilter$StaticUserFilter) to context static
2019-08-28 12:15:15,410 [main] INFO  http.HttpServer2 (HttpServer2.java:bindListener(1191)) - Jetty bound to port 46359
2019-08-28 12:15:15,410 [main] INFO  server.Server (Server.java:doStart(351)) - jetty-9.3.24.v20180605, build timestamp: 2018-06-05T17:11:56Z, git hash: 84205aa28f11a4f31f2a3b86d1bba2cc8ab69827
2019-08-28 12:15:15,413 [main] INFO  handler.ContextHandler (ContextHandler.java:doStart(781)) - Started o.e.j.s.ServletContextHandler@6ba19932{/logs,file:///workdir/hadoop-ozone/integration-test/target/log,AVAILABLE}
2019-08-28 12:15:15,413 [main] INFO  handler.ContextHandler (ContextHandler.java:doStart(781)) - Started o.e.j.s.ServletContextHandler@37351baa{/static,jar:file:/home/user/.m2/repository/org/apache/hadoop/hadoop-hdds-container-service/0.5.0-SNAPSHOT/hadoop-hdds-container-service-0.5.0-SNAPSHOT.jar!/webapps/static,AVAILABLE}
2019-08-28 12:15:15,452 [main] INFO  handler.ContextHandler (ContextHandler.java:doStart(781)) - Started o.e.j.w.WebAppContext@2e94655a{/,file:///tmp/jetty-0.0.0.0-46359-hddsDatanode-_-any-6262492099494849714.dir/webapp/,AVAILABLE}{/hddsDatanode}
2019-08-28 12:15:15,453 [main] INFO  server.AbstractConnector (AbstractConnector.java:doStart(278)) - Started ServerConnector@49868df8{HTTP/1.1,[http/1.1]}{0.0.0.0:46359}
2019-08-28 12:15:15,454 [main] INFO  server.Server (Server.java:doStart(419)) - Started @217307ms
2019-08-28 12:15:15,455 [main] INFO  server.BaseHttpServer (BaseHttpServer.java:updateConnectorAddress(213)) - HTTP server of HDDSDATANODE is listening at http://0.0.0.0:46359
2019-08-28 12:15:15,598 | INFO  | ObjectStoreRestHttpServer | Listening HDDS REST traffic on /0.0.0.0:39676 |  
2019-08-28 12:15:15,598 [main] INFO  ozone.HddsDatanodeService (HddsDatanodeService.java:startPlugins(395)) - Started plug-in org.apache.hadoop.ozone.web.OzoneHddsDatanodeService@6eac71db
2019-08-28 12:15:15,599 [main] INFO  impl.MetricsSystemImpl (MetricsSystemImpl.java:init(158)) - HddsDatanode metrics system started (again)
2019-08-28 12:15:15,604 [org.apache.hadoop.util.JvmPauseMonitor$Monitor@4a8a446e] INFO  util.JvmPauseMonitor (JvmPauseMonitor.java:run(188)) - Starting JVM pause monitor
2019-08-28 12:15:15,604 [main] INFO  ozone.HddsDatanodeService (HddsDatanodeService.java:start(184)) - HddsDatanodeService host:pr-hdds-1949-gk6t9-2362663429 ip:192.168.36.80
2019-08-28 12:15:15,606 [Datanode State Machine Thread - 0] INFO  datanode.InitDatanodeState (InitDatanodeState.java:persistContainerDatanodeDetails(140)) - DatanodeDetails is persisted to /workdir/hadoop-ozone/integration-test/target/test-dir/MiniOzoneClusterImpl-c8883471-de3b-444e-8801-a2789016650e/datanode-4/meta/datanode.id
2019-08-28 12:15:15,613 [main] INFO  volume.HddsVolume (HddsVolume.java:<init>(176)) - Creating Volume: /workdir/hadoop-ozone/integration-test/target/test-dir/MiniOzoneClusterImpl-c8883471-de3b-444e-8801-a2789016650e/datanode-5/data/containers/hdds of  storage type : DISK and capacity : 1482555576320
2019-08-28 12:15:15,614 [main] INFO  volume.VolumeSet (VolumeSet.java:initializeVolumeSet(170)) - Added Volume : /workdir/hadoop-ozone/integration-test/target/test-dir/MiniOzoneClusterImpl-c8883471-de3b-444e-8801-a2789016650e/datanode-5/data/containers/hdds to VolumeSet
2019-08-28 12:15:15,614 [main] INFO  volume.ThrottledAsyncChecker (ThrottledAsyncChecker.java:schedule(140)) - Scheduling a check for org.apache.hadoop.ozone.container.common.volume.HddsVolume@7b3d3d3d
2019-08-28 12:15:15,615 [main] INFO  volume.HddsVolumeChecker (HddsVolumeChecker.java:checkAllVolumes(203)) - Scheduled health check for volume org.apache.hadoop.ozone.container.common.volume.HddsVolume@7b3d3d3d
2019-08-28 12:15:15,634 [main] INFO  impl.RaftServerProxy (ConfUtils.java:logGet(43)) - raft.rpc.type = GRPC (default)
2019-08-28 12:15:15,635 [main] INFO  grpc.GrpcFactory (GrpcFactory.java:checkPooledByteBufAllocatorUseCacheForAllThreads(45)) - PERFORMANCE WARNING: useCacheForAllThreads is true that may cause Netty to create a lot garbage objects and, as a result, trigger GC.
	It is recommended to disable useCacheForAllThreads by setting -Dorg.apache.ratis.thirdparty.io.netty.allocator.useCacheForAllThreads=false in command line.
2019-08-28 12:15:15,635 [main] INFO  grpc.GrpcConfigKeys$Server (ConfUtils.java:logGet(43)) - raft.grpc.server.port = 0 (default)
2019-08-28 12:15:15,636 [main] INFO  server.GrpcService (ConfUtils.java:logGet(43)) - raft.grpc.message.size.max = 33570816 (custom)
2019-08-28 12:15:15,636 [main] INFO  server.RaftServerConfigKeys (ConfUtils.java:logGet(43)) - raft.server.log.appender.buffer.byte-limit = 33554432 (custom)
2019-08-28 12:15:15,636 [main] INFO  server.GrpcService (ConfUtils.java:logGet(43)) - raft.grpc.flow.control.window = 1MB (=1048576) (default)
2019-08-28 12:15:15,636 [main] INFO  server.RaftServerConfigKeys (ConfUtils.java:logGet(43)) - raft.server.rpc.request.timeout = 3000ms (default)
2019-08-28 12:15:15,637 [main] INFO  server.RaftServerConfigKeys (ConfUtils.java:logGet(43)) - raft.server.storage.dir = [/workdir/hadoop-ozone/integration-test/target/test-dir/MiniOzoneClusterImpl-c8883471-de3b-444e-8801-a2789016650e/datanode-5/data/ratis] (custom)
2019-08-28 12:15:15,638 [main] INFO  replication.SimpleContainerDownloader (SimpleContainerDownloader.java:<init>(72)) - Starting container downloader service to copy containers to replicate.
2019-08-28 12:15:15,639 [main] INFO  hdfs.DFSUtil (DFSUtil.java:httpServerTemplateForNNAndJN(1641)) - Starting Web-server for hddsDatanode at: http://0.0.0.0:0
2019-08-28 12:15:15,641 [main] INFO  server.AuthenticationFilter (AuthenticationFilter.java:constructSecretProvider(240)) - Unable to initialize FileSignerSecretProvider, falling back to use random secrets.
2019-08-28 12:15:15,641 [main] WARN  http.HttpRequestLog (HttpRequestLog.java:getRequestLog(97)) - Jetty request log can only be enabled using Log4j
2019-08-28 12:15:15,643 [main] INFO  http.HttpServer2 (HttpServer2.java:addGlobalFilter(975)) - Added global filter 'safety' (class=org.apache.hadoop.http.HttpServer2$QuotingInputFilter)
2019-08-28 12:15:15,644 [main] INFO  http.HttpServer2 (HttpServer2.java:addFilter(948)) - Added filter static_user_filter (class=org.apache.hadoop.http.lib.StaticUserWebFilter$StaticUserFilter) to context hddsDatanode
2019-08-28 12:15:15,644 [main] INFO  http.HttpServer2 (HttpServer2.java:addFilter(958)) - Added filter static_user_filter (class=org.apache.hadoop.http.lib.StaticUserWebFilter$StaticUserFilter) to context logs
2019-08-28 12:15:15,644 [main] INFO  http.HttpServer2 (HttpServer2.java:addFilter(958)) - Added filter static_user_filter (class=org.apache.hadoop.http.lib.StaticUserWebFilter$StaticUserFilter) to context static
2019-08-28 12:15:15,645 [main] INFO  http.HttpServer2 (HttpServer2.java:bindListener(1191)) - Jetty bound to port 38423
2019-08-28 12:15:15,645 [main] INFO  server.Server (Server.java:doStart(351)) - jetty-9.3.24.v20180605, build timestamp: 2018-06-05T17:11:56Z, git hash: 84205aa28f11a4f31f2a3b86d1bba2cc8ab69827
2019-08-28 12:15:15,647 [main] INFO  handler.ContextHandler (ContextHandler.java:doStart(781)) - Started o.e.j.s.ServletContextHandler@2298d741{/logs,file:///workdir/hadoop-ozone/integration-test/target/log,AVAILABLE}
2019-08-28 12:15:15,648 [main] INFO  handler.ContextHandler (ContextHandler.java:doStart(781)) - Started o.e.j.s.ServletContextHandler@50e7d8ba{/static,jar:file:/home/user/.m2/repository/org/apache/hadoop/hadoop-hdds-container-service/0.5.0-SNAPSHOT/hadoop-hdds-container-service-0.5.0-SNAPSHOT.jar!/webapps/static,AVAILABLE}
2019-08-28 12:15:15,687 [main] INFO  handler.ContextHandler (ContextHandler.java:doStart(781)) - Started o.e.j.w.WebAppContext@323b5264{/,file:///tmp/jetty-0.0.0.0-38423-hddsDatanode-_-any-6142977925502765745.dir/webapp/,AVAILABLE}{/hddsDatanode}
2019-08-28 12:15:15,691 [main] INFO  server.AbstractConnector (AbstractConnector.java:doStart(278)) - Started ServerConnector@335ff774{HTTP/1.1,[http/1.1]}{0.0.0.0:38423}
2019-08-28 12:15:15,691 [main] INFO  server.Server (Server.java:doStart(419)) - Started @217544ms
2019-08-28 12:15:15,693 [main] INFO  server.BaseHttpServer (BaseHttpServer.java:updateConnectorAddress(213)) - HTTP server of HDDSDATANODE is listening at http://0.0.0.0:38423
2019-08-28 12:15:15,857 | INFO  | ObjectStoreRestHttpServer | Listening HDDS REST traffic on /0.0.0.0:42940 |  
2019-08-28 12:15:15,857 [main] INFO  ozone.HddsDatanodeService (HddsDatanodeService.java:startPlugins(395)) - Started plug-in org.apache.hadoop.ozone.web.OzoneHddsDatanodeService@2f4c83f1
2019-08-28 12:15:15,858 [main] INFO  impl.MetricsSystemImpl (MetricsSystemImpl.java:init(158)) - HddsDatanode metrics system started (again)
2019-08-28 12:15:15,863 [org.apache.hadoop.util.JvmPauseMonitor$Monitor@5eecb245] INFO  util.JvmPauseMonitor (JvmPauseMonitor.java:run(188)) - Starting JVM pause monitor
2019-08-28 12:15:15,863 [main] INFO  ozone.HddsDatanodeService (HddsDatanodeService.java:start(184)) - HddsDatanodeService host:pr-hdds-1949-gk6t9-2362663429 ip:192.168.36.80
2019-08-28 12:15:15,865 [Datanode State Machine Thread - 0] INFO  datanode.InitDatanodeState (InitDatanodeState.java:persistContainerDatanodeDetails(140)) - DatanodeDetails is persisted to /workdir/hadoop-ozone/integration-test/target/test-dir/MiniOzoneClusterImpl-c8883471-de3b-444e-8801-a2789016650e/datanode-5/meta/datanode.id
2019-08-28 12:15:15,875 [main] INFO  volume.HddsVolume (HddsVolume.java:<init>(176)) - Creating Volume: /workdir/hadoop-ozone/integration-test/target/test-dir/MiniOzoneClusterImpl-c8883471-de3b-444e-8801-a2789016650e/datanode-6/data/containers/hdds of  storage type : DISK and capacity : 1482555576320
2019-08-28 12:15:15,875 [main] INFO  volume.VolumeSet (VolumeSet.java:initializeVolumeSet(170)) - Added Volume : /workdir/hadoop-ozone/integration-test/target/test-dir/MiniOzoneClusterImpl-c8883471-de3b-444e-8801-a2789016650e/datanode-6/data/containers/hdds to VolumeSet
2019-08-28 12:15:15,875 [main] INFO  volume.ThrottledAsyncChecker (ThrottledAsyncChecker.java:schedule(140)) - Scheduling a check for org.apache.hadoop.ozone.container.common.volume.HddsVolume@f3ae18f
2019-08-28 12:15:15,876 [main] INFO  volume.HddsVolumeChecker (HddsVolumeChecker.java:checkAllVolumes(203)) - Scheduled health check for volume org.apache.hadoop.ozone.container.common.volume.HddsVolume@f3ae18f
2019-08-28 12:15:15,892 [main] INFO  impl.RaftServerProxy (ConfUtils.java:logGet(43)) - raft.rpc.type = GRPC (default)
2019-08-28 12:15:15,892 [main] INFO  grpc.GrpcFactory (GrpcFactory.java:checkPooledByteBufAllocatorUseCacheForAllThreads(45)) - PERFORMANCE WARNING: useCacheForAllThreads is true that may cause Netty to create a lot garbage objects and, as a result, trigger GC.
	It is recommended to disable useCacheForAllThreads by setting -Dorg.apache.ratis.thirdparty.io.netty.allocator.useCacheForAllThreads=false in command line.
2019-08-28 12:15:15,892 [main] INFO  grpc.GrpcConfigKeys$Server (ConfUtils.java:logGet(43)) - raft.grpc.server.port = 0 (default)
2019-08-28 12:15:15,892 [main] INFO  server.GrpcService (ConfUtils.java:logGet(43)) - raft.grpc.message.size.max = 33570816 (custom)
2019-08-28 12:15:15,893 [main] INFO  server.RaftServerConfigKeys (ConfUtils.java:logGet(43)) - raft.server.log.appender.buffer.byte-limit = 33554432 (custom)
2019-08-28 12:15:15,893 [main] INFO  server.GrpcService (ConfUtils.java:logGet(43)) - raft.grpc.flow.control.window = 1MB (=1048576) (default)
2019-08-28 12:15:15,893 [main] INFO  server.RaftServerConfigKeys (ConfUtils.java:logGet(43)) - raft.server.rpc.request.timeout = 3000ms (default)
2019-08-28 12:15:15,894 [main] INFO  server.RaftServerConfigKeys (ConfUtils.java:logGet(43)) - raft.server.storage.dir = [/workdir/hadoop-ozone/integration-test/target/test-dir/MiniOzoneClusterImpl-c8883471-de3b-444e-8801-a2789016650e/datanode-6/data/ratis] (custom)
2019-08-28 12:15:15,894 [main] INFO  replication.SimpleContainerDownloader (SimpleContainerDownloader.java:<init>(72)) - Starting container downloader service to copy containers to replicate.
2019-08-28 12:15:15,895 [main] INFO  hdfs.DFSUtil (DFSUtil.java:httpServerTemplateForNNAndJN(1641)) - Starting Web-server for hddsDatanode at: http://0.0.0.0:0
2019-08-28 12:15:15,897 [main] INFO  server.AuthenticationFilter (AuthenticationFilter.java:constructSecretProvider(240)) - Unable to initialize FileSignerSecretProvider, falling back to use random secrets.
2019-08-28 12:15:15,897 [main] WARN  http.HttpRequestLog (HttpRequestLog.java:getRequestLog(97)) - Jetty request log can only be enabled using Log4j
2019-08-28 12:15:15,899 [main] INFO  http.HttpServer2 (HttpServer2.java:addGlobalFilter(975)) - Added global filter 'safety' (class=org.apache.hadoop.http.HttpServer2$QuotingInputFilter)
2019-08-28 12:15:15,899 [main] INFO  http.HttpServer2 (HttpServer2.java:addFilter(948)) - Added filter static_user_filter (class=org.apache.hadoop.http.lib.StaticUserWebFilter$StaticUserFilter) to context hddsDatanode
2019-08-28 12:15:15,899 [main] INFO  http.HttpServer2 (HttpServer2.java:addFilter(958)) - Added filter static_user_filter (class=org.apache.hadoop.http.lib.StaticUserWebFilter$StaticUserFilter) to context static
2019-08-28 12:15:15,899 [main] INFO  http.HttpServer2 (HttpServer2.java:addFilter(958)) - Added filter static_user_filter (class=org.apache.hadoop.http.lib.StaticUserWebFilter$StaticUserFilter) to context logs
2019-08-28 12:15:15,900 [main] INFO  http.HttpServer2 (HttpServer2.java:bindListener(1191)) - Jetty bound to port 40137
2019-08-28 12:15:15,900 [main] INFO  server.Server (Server.java:doStart(351)) - jetty-9.3.24.v20180605, build timestamp: 2018-06-05T17:11:56Z, git hash: 84205aa28f11a4f31f2a3b86d1bba2cc8ab69827
2019-08-28 12:15:15,902 [main] INFO  handler.ContextHandler (ContextHandler.java:doStart(781)) - Started o.e.j.s.ServletContextHandler@36e8fefe{/logs,file:///workdir/hadoop-ozone/integration-test/target/log,AVAILABLE}
2019-08-28 12:15:15,903 [main] INFO  handler.ContextHandler (ContextHandler.java:doStart(781)) - Started o.e.j.s.ServletContextHandler@70c3c5d7{/static,jar:file:/home/user/.m2/repository/org/apache/hadoop/hadoop-hdds-container-service/0.5.0-SNAPSHOT/hadoop-hdds-container-service-0.5.0-SNAPSHOT.jar!/webapps/static,AVAILABLE}
2019-08-28 12:15:15,938 [main] INFO  handler.ContextHandler (ContextHandler.java:doStart(781)) - Started o.e.j.w.WebAppContext@45aa02de{/,file:///tmp/jetty-0.0.0.0-40137-hddsDatanode-_-any-6133296945252131301.dir/webapp/,AVAILABLE}{/hddsDatanode}
2019-08-28 12:15:15,939 [main] INFO  server.AbstractConnector (AbstractConnector.java:doStart(278)) - Started ServerConnector@19598b38{HTTP/1.1,[http/1.1]}{0.0.0.0:40137}
2019-08-28 12:15:15,940 [main] INFO  server.Server (Server.java:doStart(419)) - Started @217793ms
2019-08-28 12:15:15,941 [main] INFO  server.BaseHttpServer (BaseHttpServer.java:updateConnectorAddress(213)) - HTTP server of HDDSDATANODE is listening at http://0.0.0.0:40137
2019-08-28 12:15:16,099 | INFO  | ObjectStoreRestHttpServer | Listening HDDS REST traffic on /0.0.0.0:41086 |  
2019-08-28 12:15:16,099 [main] INFO  ozone.HddsDatanodeService (HddsDatanodeService.java:startPlugins(395)) - Started plug-in org.apache.hadoop.ozone.web.OzoneHddsDatanodeService@1d0fae45
2019-08-28 12:15:16,100 [main] INFO  ozone.MiniOzoneClusterImpl (MiniOzoneClusterImpl.java:lambda$waitForClusterToBeReady$0(144)) - Waiting for cluster to be ready. Got 0 of 7 DN Heartbeats.
2019-08-28 12:15:16,101 [org.apache.hadoop.util.JvmPauseMonitor$Monitor@10146afe] INFO  util.JvmPauseMonitor (JvmPauseMonitor.java:run(188)) - Starting JVM pause monitor
2019-08-28 12:15:16,103 [Datanode State Machine Thread - 0] INFO  datanode.InitDatanodeState (InitDatanodeState.java:persistContainerDatanodeDetails(140)) - DatanodeDetails is persisted to /workdir/hadoop-ozone/integration-test/target/test-dir/MiniOzoneClusterImpl-c8883471-de3b-444e-8801-a2789016650e/datanode-6/meta/datanode.id
2019-08-28 12:15:16,698 | INFO  | SCMAudit | user=jenkins1000 | ip=192.168.36.80 | op=GET_VERSION null | ret=SUCCESS |  
2019-08-28 12:15:16,718 [Datanode State Machine Thread - 0] INFO  ozoneimpl.OzoneContainer (OzoneContainer.java:start(201)) - Attempting to start container services.
2019-08-28 12:15:16,718 [Datanode State Machine Thread - 0] INFO  ozoneimpl.OzoneContainer (OzoneContainer.java:startContainerScrub(175)) - Background container scrubber has been disabled by hdds.containerscrub.enabled
2019-08-28 12:15:16,718 [Datanode State Machine Thread - 0] INFO  ratis.XceiverServerRatis (XceiverServerRatis.java:start(393)) - Starting XceiverServerRatis 512e32c3-7b1a-4e19-b3ea-ee56d7d32ab5 at port 0
2019-08-28 12:15:16,727 [Datanode State Machine Thread - 0] INFO  impl.RaftServerProxy (RaftServerProxy.java:lambda$start$3(299)) - 512e32c3-7b1a-4e19-b3ea-ee56d7d32ab5: start RPC server
2019-08-28 12:15:16,729 [Datanode State Machine Thread - 0] INFO  server.GrpcService (GrpcService.java:startImpl(149)) - 512e32c3-7b1a-4e19-b3ea-ee56d7d32ab5: GrpcService started, listening on 0.0.0.0/0.0.0.0:39646
2019-08-28 12:15:16,729 [Datanode State Machine Thread - 0] INFO  ratis.XceiverServerRatis (XceiverServerRatis.java:start(403)) - XceiverServerRatis 512e32c3-7b1a-4e19-b3ea-ee56d7d32ab5 is started using port 39646
2019-08-28 12:15:16,730 [Datanode State Machine Thread - 0] INFO  server.XceiverServerGrpc (XceiverServerGrpc.java:start(163)) - XceiverServerGrpc 512e32c3-7b1a-4e19-b3ea-ee56d7d32ab5 is started using port 40936
2019-08-28 12:15:16,918 | INFO  | SCMAudit | user=jenkins1000 | ip=192.168.36.80 | op=GET_VERSION null | ret=SUCCESS |  
2019-08-28 12:15:16,932 [Datanode State Machine Thread - 0] INFO  ozoneimpl.OzoneContainer (OzoneContainer.java:start(201)) - Attempting to start container services.
2019-08-28 12:15:16,933 [Datanode State Machine Thread - 0] INFO  ozoneimpl.OzoneContainer (OzoneContainer.java:startContainerScrub(175)) - Background container scrubber has been disabled by hdds.containerscrub.enabled
2019-08-28 12:15:16,933 [Datanode State Machine Thread - 0] INFO  ratis.XceiverServerRatis (XceiverServerRatis.java:start(393)) - Starting XceiverServerRatis 108935fa-1afa-4eca-a0d1-51689defc060 at port 0
2019-08-28 12:15:16,942 [Datanode State Machine Thread - 0] INFO  impl.RaftServerProxy (RaftServerProxy.java:lambda$start$3(299)) - 108935fa-1afa-4eca-a0d1-51689defc060: start RPC server
2019-08-28 12:15:16,944 [Datanode State Machine Thread - 0] INFO  server.GrpcService (GrpcService.java:startImpl(149)) - 108935fa-1afa-4eca-a0d1-51689defc060: GrpcService started, listening on 0.0.0.0/0.0.0.0:33031
2019-08-28 12:15:16,944 [Datanode State Machine Thread - 0] INFO  ratis.XceiverServerRatis (XceiverServerRatis.java:start(403)) - XceiverServerRatis 108935fa-1afa-4eca-a0d1-51689defc060 is started using port 33031
2019-08-28 12:15:16,944 [Datanode State Machine Thread - 0] INFO  server.XceiverServerGrpc (XceiverServerGrpc.java:start(163)) - XceiverServerGrpc 108935fa-1afa-4eca-a0d1-51689defc060 is started using port 45681
2019-08-28 12:15:17,100 [main] INFO  ozone.MiniOzoneClusterImpl (MiniOzoneClusterImpl.java:lambda$waitForClusterToBeReady$0(144)) - Waiting for cluster to be ready. Got 0 of 7 DN Heartbeats.
2019-08-28 12:15:17,103 | INFO  | SCMAudit | user=jenkins1000 | ip=192.168.36.80 | op=GET_VERSION null | ret=SUCCESS |  
2019-08-28 12:15:17,128 [Datanode State Machine Thread - 0] INFO  ozoneimpl.OzoneContainer (OzoneContainer.java:start(201)) - Attempting to start container services.
2019-08-28 12:15:17,128 [Datanode State Machine Thread - 0] INFO  ozoneimpl.OzoneContainer (OzoneContainer.java:startContainerScrub(175)) - Background container scrubber has been disabled by hdds.containerscrub.enabled
2019-08-28 12:15:17,128 [Datanode State Machine Thread - 0] INFO  ratis.XceiverServerRatis (XceiverServerRatis.java:start(393)) - Starting XceiverServerRatis a2802022-7344-46e5-aa2c-6758ec5b3830 at port 0
2019-08-28 12:15:17,136 [Datanode State Machine Thread - 0] INFO  impl.RaftServerProxy (RaftServerProxy.java:lambda$start$3(299)) - a2802022-7344-46e5-aa2c-6758ec5b3830: start RPC server
2019-08-28 12:15:17,137 [Datanode State Machine Thread - 0] INFO  server.GrpcService (GrpcService.java:startImpl(149)) - a2802022-7344-46e5-aa2c-6758ec5b3830: GrpcService started, listening on 0.0.0.0/0.0.0.0:35344
2019-08-28 12:15:17,138 [Datanode State Machine Thread - 0] INFO  ratis.XceiverServerRatis (XceiverServerRatis.java:start(403)) - XceiverServerRatis a2802022-7344-46e5-aa2c-6758ec5b3830 is started using port 35344
2019-08-28 12:15:17,140 [Datanode State Machine Thread - 0] INFO  server.XceiverServerGrpc (XceiverServerGrpc.java:start(163)) - XceiverServerGrpc a2802022-7344-46e5-aa2c-6758ec5b3830 is started using port 41402
2019-08-28 12:15:17,319 | INFO  | SCMAudit | user=jenkins1000 | ip=192.168.36.80 | op=GET_VERSION null | ret=SUCCESS |  
2019-08-28 12:15:17,342 [Datanode State Machine Thread - 0] INFO  ozoneimpl.OzoneContainer (OzoneContainer.java:start(201)) - Attempting to start container services.
2019-08-28 12:15:17,342 [Datanode State Machine Thread - 0] INFO  ozoneimpl.OzoneContainer (OzoneContainer.java:startContainerScrub(175)) - Background container scrubber has been disabled by hdds.containerscrub.enabled
2019-08-28 12:15:17,342 [Datanode State Machine Thread - 0] INFO  ratis.XceiverServerRatis (XceiverServerRatis.java:start(393)) - Starting XceiverServerRatis 077a7edd-6219-48df-b004-054f5dffa596 at port 0
2019-08-28 12:15:17,351 [Datanode State Machine Thread - 0] INFO  impl.RaftServerProxy (RaftServerProxy.java:lambda$start$3(299)) - 077a7edd-6219-48df-b004-054f5dffa596: start RPC server
2019-08-28 12:15:17,352 [Datanode State Machine Thread - 0] INFO  server.GrpcService (GrpcService.java:startImpl(149)) - 077a7edd-6219-48df-b004-054f5dffa596: GrpcService started, listening on 0.0.0.0/0.0.0.0:46569
2019-08-28 12:15:17,352 [Datanode State Machine Thread - 0] INFO  ratis.XceiverServerRatis (XceiverServerRatis.java:start(403)) - XceiverServerRatis 077a7edd-6219-48df-b004-054f5dffa596 is started using port 46569
2019-08-28 12:15:17,352 [Datanode State Machine Thread - 0] INFO  server.XceiverServerGrpc (XceiverServerGrpc.java:start(163)) - XceiverServerGrpc 077a7edd-6219-48df-b004-054f5dffa596 is started using port 45573
2019-08-28 12:15:17,604 | INFO  | SCMAudit | user=jenkins1000 | ip=192.168.36.80 | op=GET_VERSION null | ret=SUCCESS |  
2019-08-28 12:15:17,618 [Datanode State Machine Thread - 0] INFO  ozoneimpl.OzoneContainer (OzoneContainer.java:start(201)) - Attempting to start container services.
2019-08-28 12:15:17,618 [Datanode State Machine Thread - 0] INFO  ozoneimpl.OzoneContainer (OzoneContainer.java:startContainerScrub(175)) - Background container scrubber has been disabled by hdds.containerscrub.enabled
2019-08-28 12:15:17,618 [Datanode State Machine Thread - 0] INFO  ratis.XceiverServerRatis (XceiverServerRatis.java:start(393)) - Starting XceiverServerRatis 7f93d942-a8b7-48f2-bd83-54790fd1d280 at port 0
2019-08-28 12:15:17,626 [Datanode State Machine Thread - 0] INFO  impl.RaftServerProxy (RaftServerProxy.java:lambda$start$3(299)) - 7f93d942-a8b7-48f2-bd83-54790fd1d280: start RPC server
2019-08-28 12:15:17,627 [Datanode State Machine Thread - 0] INFO  server.GrpcService (GrpcService.java:startImpl(149)) - 7f93d942-a8b7-48f2-bd83-54790fd1d280: GrpcService started, listening on 0.0.0.0/0.0.0.0:34503
2019-08-28 12:15:17,628 [Datanode State Machine Thread - 0] INFO  ratis.XceiverServerRatis (XceiverServerRatis.java:start(403)) - XceiverServerRatis 7f93d942-a8b7-48f2-bd83-54790fd1d280 is started using port 34503
2019-08-28 12:15:17,628 [Datanode State Machine Thread - 0] INFO  server.XceiverServerGrpc (XceiverServerGrpc.java:start(163)) - XceiverServerGrpc 7f93d942-a8b7-48f2-bd83-54790fd1d280 is started using port 42514
2019-08-28 12:15:17,864 | INFO  | SCMAudit | user=jenkins1000 | ip=192.168.36.80 | op=GET_VERSION null | ret=SUCCESS |  
2019-08-28 12:15:17,878 [Datanode State Machine Thread - 0] INFO  ozoneimpl.OzoneContainer (OzoneContainer.java:start(201)) - Attempting to start container services.
2019-08-28 12:15:17,878 [Datanode State Machine Thread - 0] INFO  ozoneimpl.OzoneContainer (OzoneContainer.java:startContainerScrub(175)) - Background container scrubber has been disabled by hdds.containerscrub.enabled
2019-08-28 12:15:17,878 [Datanode State Machine Thread - 0] INFO  ratis.XceiverServerRatis (XceiverServerRatis.java:start(393)) - Starting XceiverServerRatis 3f0f2d41-29a3-4672-a6ae-dc742954b441 at port 0
2019-08-28 12:15:17,886 [Datanode State Machine Thread - 0] INFO  impl.RaftServerProxy (RaftServerProxy.java:lambda$start$3(299)) - 3f0f2d41-29a3-4672-a6ae-dc742954b441: start RPC server
2019-08-28 12:15:17,890 [Datanode State Machine Thread - 0] INFO  server.GrpcService (GrpcService.java:startImpl(149)) - 3f0f2d41-29a3-4672-a6ae-dc742954b441: GrpcService started, listening on 0.0.0.0/0.0.0.0:46663
2019-08-28 12:15:17,890 [Datanode State Machine Thread - 0] INFO  ratis.XceiverServerRatis (XceiverServerRatis.java:start(403)) - XceiverServerRatis 3f0f2d41-29a3-4672-a6ae-dc742954b441 is started using port 46663
2019-08-28 12:15:17,891 [Datanode State Machine Thread - 0] INFO  server.XceiverServerGrpc (XceiverServerGrpc.java:start(163)) - XceiverServerGrpc 3f0f2d41-29a3-4672-a6ae-dc742954b441 is started using port 40229
2019-08-28 12:15:18,101 [main] INFO  ozone.MiniOzoneClusterImpl (MiniOzoneClusterImpl.java:lambda$waitForClusterToBeReady$0(144)) - Waiting for cluster to be ready. Got 0 of 7 DN Heartbeats.
2019-08-28 12:15:18,102 | INFO  | SCMAudit | user=jenkins1000 | ip=192.168.36.80 | op=GET_VERSION null | ret=SUCCESS |  
2019-08-28 12:15:18,124 [Datanode State Machine Thread - 0] INFO  ozoneimpl.OzoneContainer (OzoneContainer.java:start(201)) - Attempting to start container services.
2019-08-28 12:15:18,125 [Datanode State Machine Thread - 0] INFO  ozoneimpl.OzoneContainer (OzoneContainer.java:startContainerScrub(175)) - Background container scrubber has been disabled by hdds.containerscrub.enabled
2019-08-28 12:15:18,125 [Datanode State Machine Thread - 0] INFO  ratis.XceiverServerRatis (XceiverServerRatis.java:start(393)) - Starting XceiverServerRatis bfb94127-3486-42ae-9a73-546df528dd97 at port 0
2019-08-28 12:15:18,133 [Datanode State Machine Thread - 0] INFO  impl.RaftServerProxy (RaftServerProxy.java:lambda$start$3(299)) - bfb94127-3486-42ae-9a73-546df528dd97: start RPC server
2019-08-28 12:15:18,137 [Datanode State Machine Thread - 0] INFO  server.GrpcService (GrpcService.java:startImpl(149)) - bfb94127-3486-42ae-9a73-546df528dd97: GrpcService started, listening on 0.0.0.0/0.0.0.0:37008
2019-08-28 12:15:18,137 [Datanode State Machine Thread - 0] INFO  ratis.XceiverServerRatis (XceiverServerRatis.java:start(403)) - XceiverServerRatis bfb94127-3486-42ae-9a73-546df528dd97 is started using port 37008
2019-08-28 12:15:18,138 [Datanode State Machine Thread - 0] INFO  server.XceiverServerGrpc (XceiverServerGrpc.java:start(163)) - XceiverServerGrpc bfb94127-3486-42ae-9a73-546df528dd97 is started using port 38100
2019-08-28 12:15:18,683 [IPC Server handler 4 on 42230] INFO  net.NetworkTopology (NetworkTopologyImpl.java:add(110)) - Added a new node: /default-rack/512e32c3-7b1a-4e19-b3ea-ee56d7d32ab5
2019-08-28 12:15:18,686 [IPC Server handler 4 on 42230] INFO  node.SCMNodeManager (SCMNodeManager.java:register(273)) - Registered Data node : 512e32c3-7b1a-4e19-b3ea-ee56d7d32ab5{ip: 192.168.36.80, host: pr-hdds-1949-gk6t9-2362663429, networkLocation: /default-rack, certSerialId: null}
2019-08-28 12:15:18,687 [EventQueue-NodeRegistrationContainerReportForDataNodeSafeModeRule] INFO  safemode.SCMSafeModeManager (DataNodeSafeModeRule.java:process(71)) - SCM in safe mode. 1 DataNodes registered, 1 required.
2019-08-28 12:15:18,687 | INFO  | SCMAudit | user=jenkins1000 | ip=192.168.36.80 | op=REGISTER {datanodeDetails=512e32c3-7b1a-4e19-b3ea-ee56d7d32ab5{ip: 192.168.36.80, host: pr-hdds-1949-gk6t9-2362663429, networkLocation: /default-rack, certSerialId: null}} | ret=SUCCESS |  
2019-08-28 12:15:18,689 [EventQueue-NodeRegistrationContainerReportForDataNodeSafeModeRule] INFO  safemode.SCMSafeModeManager (SCMSafeModeManager.java:validateSafeModeExitRules(177)) - ScmSafeModeManager, all rules are successfully validated
2019-08-28 12:15:18,690 [EventQueue-NodeRegistrationContainerReportForDataNodeSafeModeRule] INFO  safemode.SCMSafeModeManager (SCMSafeModeManager.java:exitSafeMode(193)) - SCM exiting safe mode.
2019-08-28 12:15:18,715 [grpc-default-executor-2] INFO  impl.RaftServerProxy (RaftServerProxy.java:addNew(89)) - 512e32c3-7b1a-4e19-b3ea-ee56d7d32ab5: addNew group-5F31DAD09507:[512e32c3-7b1a-4e19-b3ea-ee56d7d32ab5:192.168.36.80:39646] returns group-5F31DAD09507:java.util.concurrent.CompletableFuture@584ce656[Not completed]
2019-08-28 12:15:18,716 [pool-411-thread-1] INFO  impl.RaftServerImpl (RaftServerImpl.java:<init>(93)) - 512e32c3-7b1a-4e19-b3ea-ee56d7d32ab5: new RaftServerImpl for group-5F31DAD09507:[512e32c3-7b1a-4e19-b3ea-ee56d7d32ab5:192.168.36.80:39646] with ContainerStateMachine:uninitialized
2019-08-28 12:15:18,716 [pool-411-thread-1] INFO  server.RaftServerConfigKeys (ConfUtils.java:logGet(43)) - raft.server.rpc.timeout.min = 5s (custom)
2019-08-28 12:15:18,717 [pool-411-thread-1] INFO  server.RaftServerConfigKeys (ConfUtils.java:logGet(43)) - raft.server.rpc.timeout.max = 5200ms (custom)
2019-08-28 12:15:18,717 [pool-411-thread-1] INFO  server.RaftServerConfigKeys (ConfUtils.java:logGet(43)) - raft.server.rpcslowness.timeout = 120s (custom)
2019-08-28 12:15:18,717 [pool-411-thread-1] INFO  server.RaftServerConfigKeys (ConfUtils.java:logGet(43)) - raft.server.sleep.deviation.threshold = 300 (default)
2019-08-28 12:15:18,717 [pool-411-thread-1] INFO  server.RaftServerConfigKeys (ConfUtils.java:logGet(43)) - raft.server.log.appender.install.snapshot.enabled = false (custom)
2019-08-28 12:15:18,717 [pool-411-thread-1] INFO  impl.RaftServerImpl (ServerState.java:<init>(105)) - 512e32c3-7b1a-4e19-b3ea-ee56d7d32ab5:group-5F31DAD09507 ConfigurationManager, init=-1: [512e32c3-7b1a-4e19-b3ea-ee56d7d32ab5:192.168.36.80:39646], old=null, confs=<EMPTY_MAP>
2019-08-28 12:15:18,717 [pool-411-thread-1] INFO  server.RaftServerConfigKeys (ConfUtils.java:logGet(43)) - raft.server.storage.dir = [/workdir/hadoop-ozone/integration-test/target/test-dir/MiniOzoneClusterImpl-c8883471-de3b-444e-8801-a2789016650e/datanode-0/data/ratis] (custom)
2019-08-28 12:15:18,718 [pool-411-thread-1] INFO  storage.RaftStorageDirectory (RaftStorageDirectory.java:analyzeStorage(246)) - The storage directory /workdir/hadoop-ozone/integration-test/target/test-dir/MiniOzoneClusterImpl-c8883471-de3b-444e-8801-a2789016650e/datanode-0/data/ratis/689a1245-e7d5-42bd-b2bc-5f31dad09507 does not exist. Creating ...
2019-08-28 12:15:18,743 [pool-411-thread-1] INFO  storage.RaftStorageDirectory (RaftStorageDirectory.java:tryLock(328)) - Lock on /workdir/hadoop-ozone/integration-test/target/test-dir/MiniOzoneClusterImpl-c8883471-de3b-444e-8801-a2789016650e/datanode-0/data/ratis/689a1245-e7d5-42bd-b2bc-5f31dad09507/in_use.lock acquired by nodename 4330@pr-hdds-1949-gk6t9-2362663429
2019-08-28 12:15:18,756 [pool-411-thread-1] INFO  storage.RaftStorage (RaftStorage.java:format(72)) - Storage directory /workdir/hadoop-ozone/integration-test/target/test-dir/MiniOzoneClusterImpl-c8883471-de3b-444e-8801-a2789016650e/datanode-0/data/ratis/689a1245-e7d5-42bd-b2bc-5f31dad09507 has been successfully formatted.
2019-08-28 12:15:18,756 [pool-411-thread-1] INFO  ratis.ContainerStateMachine (ContainerStateMachine.java:loadSnapshot(227)) - group-5F31DAD09507: The snapshot info is null. Setting the last applied indexto:(t:0, i:~)
2019-08-28 12:15:18,756 [pool-411-thread-1] INFO  server.RaftServerConfigKeys (ConfUtils.java:logGet(43)) - raft.server.leader.election.timeout = 120s (custom)
2019-08-28 12:15:18,756 [pool-411-thread-1] INFO  server.RaftServerConfigKeys (ConfUtils.java:logGet(43)) - raft.server.log.use.memory = false (default)
2019-08-28 12:15:18,756 [pool-411-thread-1] INFO  server.RaftServerConfigKeys (ConfUtils.java:logGet(43)) - raft.server.log.purge.gap = 1000000 (custom)
2019-08-28 12:15:18,757 [pool-411-thread-1] INFO  server.RaftServerConfigKeys (ConfUtils.java:logGet(43)) - raft.server.log.appender.buffer.byte-limit = 33554432 (custom)
2019-08-28 12:15:18,757 [pool-411-thread-1] INFO  server.RaftServerConfigKeys (ConfUtils.java:logGet(43)) - raft.server.log.segment.size.max = 1048576 (custom)
2019-08-28 12:15:18,757 [pool-411-thread-1] INFO  server.RaftServerConfigKeys (ConfUtils.java:logGet(43)) - raft.server.log.segment.cache.num.max = 2 (custom)
2019-08-28 12:15:18,757 [pool-411-thread-1] INFO  segmented.SegmentedRaftLogWorker (SegmentedRaftLogWorker.java:<init>(172)) - new 512e32c3-7b1a-4e19-b3ea-ee56d7d32ab5-SegmentedRaftLogWorker:Storage Directory /workdir/hadoop-ozone/integration-test/target/test-dir/MiniOzoneClusterImpl-c8883471-de3b-444e-8801-a2789016650e/datanode-0/data/ratis/689a1245-e7d5-42bd-b2bc-5f31dad09507 for RaftStorage:Storage Directory /workdir/hadoop-ozone/integration-test/target/test-dir/MiniOzoneClusterImpl-c8883471-de3b-444e-8801-a2789016650e/datanode-0/data/ratis/689a1245-e7d5-42bd-b2bc-5f31dad09507
2019-08-28 12:15:18,757 [pool-411-thread-1] INFO  server.RaftServerConfigKeys (ConfUtils.java:logGet(43)) - raft.server.log.queue.byte-limit = 2147483647 (custom)
2019-08-28 12:15:18,758 [pool-411-thread-1] INFO  server.RaftServerConfigKeys (ConfUtils.java:logGet(43)) - raft.server.log.queue.element-limit = 1024 (custom)
2019-08-28 12:15:18,758 [pool-411-thread-1] INFO  server.RaftServerConfigKeys (ConfUtils.java:logGet(43)) - raft.server.log.segment.size.max = 1048576 (custom)
2019-08-28 12:15:18,758 [pool-411-thread-1] INFO  server.RaftServerConfigKeys (ConfUtils.java:logGet(43)) - raft.server.log.preallocated.size = 16384 (custom)
2019-08-28 12:15:18,758 [pool-411-thread-1] INFO  server.RaftServerConfigKeys (ConfUtils.java:logGet(43)) - raft.server.log.write.buffer.size = 33554432 (custom)
2019-08-28 12:15:18,758 [pool-411-thread-1] INFO  server.RaftServerConfigKeys (ConfUtils.java:logGet(43)) - raft.server.log.force.sync.num = 128 (default)
2019-08-28 12:15:18,758 [pool-411-thread-1] INFO  server.RaftServerConfigKeys (ConfUtils.java:logGet(43)) - raft.server.log.statemachine.data.sync = true (default)
2019-08-28 12:15:18,758 [pool-411-thread-1] INFO  server.RaftServerConfigKeys (ConfUtils.java:logGet(43)) - raft.server.log.statemachine.data.sync.timeout = 10s (default)
2019-08-28 12:15:18,759 [pool-411-thread-1] INFO  server.RaftServerConfigKeys (ConfUtils.java:logGet(43)) - raft.server.log.statemachine.data.sync.timeout.retry = -1 (default)
2019-08-28 12:15:18,759 [pool-411-thread-1] INFO  server.RaftServerConfigKeys (ConfUtils.java:logGet(43)) - raft.server.log.statemachine.data.caching.enabled = true (custom)
2019-08-28 12:15:18,759 [pool-411-thread-1] INFO  segmented.SegmentedRaftLogWorker (SegmentedRaftLogWorker.java:lambda$new$0(132)) - 512e32c3-7b1a-4e19-b3ea-ee56d7d32ab5-SegmentedRaftLogWorker:Storage Directory /workdir/hadoop-ozone/integration-test/target/test-dir/MiniOzoneClusterImpl-c8883471-de3b-444e-8801-a2789016650e/datanode-0/data/ratis/689a1245-e7d5-42bd-b2bc-5f31dad09507: flushIndex: setUnconditionally 0 -> -1
2019-08-28 12:15:18,760 [pool-411-thread-1] INFO  server.RaftServerConfigKeys (ConfUtils.java:logGet(43)) - raft.server.snapshot.auto.trigger.enabled = true (custom)
2019-08-28 12:15:18,760 [pool-411-thread-1] INFO  server.RaftServerConfigKeys (ConfUtils.java:logGet(43)) - raft.server.snapshot.auto.trigger.threshold = 10000 (custom)
2019-08-28 12:15:18,760 [pool-411-thread-1] INFO  server.RaftServerConfigKeys (ConfUtils.java:logGet(43)) - raft.server.retrycache.expirytime = 600000ms (custom)
2019-08-28 12:15:18,760 [pool-411-thread-1] INFO  impl.RaftServerImpl (RaftServerImpl.java:start(180)) - 512e32c3-7b1a-4e19-b3ea-ee56d7d32ab5: start group-5F31DAD09507
2019-08-28 12:15:18,760 [pool-411-thread-1] INFO  impl.RaftServerImpl (RaftServerImpl.java:setRole(171)) - 512e32c3-7b1a-4e19-b3ea-ee56d7d32ab5:group-5F31DAD09507 changes role from null to FOLLOWER at term 0 for startAsFollower
2019-08-28 12:15:18,760 [pool-411-thread-1] INFO  impl.RoleInfo (RoleInfo.java:updateAndGet(143)) - 512e32c3-7b1a-4e19-b3ea-ee56d7d32ab5: start FollowerState
2019-08-28 12:15:18,762 [pool-411-thread-1] INFO  util.JmxRegister (JmxRegister.java:tryRegister(44)) - Successfully registered JMX Bean with object name Ratis:service=RaftServer,group=group-5F31DAD09507,id=512e32c3-7b1a-4e19-b3ea-ee56d7d32ab5
2019-08-28 12:15:18,765 [RatisPipelineUtilsThread] INFO  pipeline.PipelineStateManager (PipelineStateManager.java:addPipeline(56)) - Created pipeline Pipeline[ Id: 689a1245-e7d5-42bd-b2bc-5f31dad09507, Nodes: 512e32c3-7b1a-4e19-b3ea-ee56d7d32ab5{ip: 192.168.36.80, host: pr-hdds-1949-gk6t9-2362663429, networkLocation: /default-rack, certSerialId: null}, Type:RATIS, Factor:ONE, State:OPEN]
2019-08-28 12:15:18,916 [IPC Server handler 1 on 42230] INFO  net.NetworkTopology (NetworkTopologyImpl.java:add(110)) - Added a new node: /default-rack/108935fa-1afa-4eca-a0d1-51689defc060
2019-08-28 12:15:18,917 [IPC Server handler 1 on 42230] INFO  node.SCMNodeManager (SCMNodeManager.java:register(273)) - Registered Data node : 108935fa-1afa-4eca-a0d1-51689defc060{ip: 192.168.36.80, host: pr-hdds-1949-gk6t9-2362663429, networkLocation: /default-rack, certSerialId: null}
2019-08-28 12:15:18,917 | INFO  | SCMAudit | user=jenkins1000 | ip=192.168.36.80 | op=REGISTER {datanodeDetails=108935fa-1afa-4eca-a0d1-51689defc060{ip: 192.168.36.80, host: pr-hdds-1949-gk6t9-2362663429, networkLocation: /default-rack, certSerialId: null}} | ret=SUCCESS |  
2019-08-28 12:15:18,926 [grpc-default-executor-2] INFO  impl.RaftServerProxy (RaftServerProxy.java:addNew(89)) - 108935fa-1afa-4eca-a0d1-51689defc060: addNew group-18B6BFD55214:[108935fa-1afa-4eca-a0d1-51689defc060:192.168.36.80:33031] returns group-18B6BFD55214:java.util.concurrent.CompletableFuture@73122557[Not completed]
2019-08-28 12:15:18,928 [pool-422-thread-1] INFO  impl.RaftServerImpl (RaftServerImpl.java:<init>(93)) - 108935fa-1afa-4eca-a0d1-51689defc060: new RaftServerImpl for group-18B6BFD55214:[108935fa-1afa-4eca-a0d1-51689defc060:192.168.36.80:33031] with ContainerStateMachine:uninitialized
2019-08-28 12:15:18,928 [pool-422-thread-1] INFO  server.RaftServerConfigKeys (ConfUtils.java:logGet(43)) - raft.server.rpc.timeout.min = 5s (custom)
2019-08-28 12:15:18,928 [pool-422-thread-1] INFO  server.RaftServerConfigKeys (ConfUtils.java:logGet(43)) - raft.server.rpc.timeout.max = 5200ms (custom)
2019-08-28 12:15:18,928 [pool-422-thread-1] INFO  server.RaftServerConfigKeys (ConfUtils.java:logGet(43)) - raft.server.rpcslowness.timeout = 120s (custom)
2019-08-28 12:15:18,928 [pool-422-thread-1] INFO  server.RaftServerConfigKeys (ConfUtils.java:logGet(43)) - raft.server.sleep.deviation.threshold = 300 (default)
2019-08-28 12:15:18,929 [pool-422-thread-1] INFO  server.RaftServerConfigKeys (ConfUtils.java:logGet(43)) - raft.server.log.appender.install.snapshot.enabled = false (custom)
2019-08-28 12:15:18,929 [pool-422-thread-1] INFO  impl.RaftServerImpl (ServerState.java:<init>(105)) - 108935fa-1afa-4eca-a0d1-51689defc060:group-18B6BFD55214 ConfigurationManager, init=-1: [108935fa-1afa-4eca-a0d1-51689defc060:192.168.36.80:33031], old=null, confs=<EMPTY_MAP>
2019-08-28 12:15:18,929 [pool-422-thread-1] INFO  server.RaftServerConfigKeys (ConfUtils.java:logGet(43)) - raft.server.storage.dir = [/workdir/hadoop-ozone/integration-test/target/test-dir/MiniOzoneClusterImpl-c8883471-de3b-444e-8801-a2789016650e/datanode-1/data/ratis] (custom)
2019-08-28 12:15:18,929 [pool-422-thread-1] INFO  storage.RaftStorageDirectory (RaftStorageDirectory.java:analyzeStorage(246)) - The storage directory /workdir/hadoop-ozone/integration-test/target/test-dir/MiniOzoneClusterImpl-c8883471-de3b-444e-8801-a2789016650e/datanode-1/data/ratis/2ec515b4-3be8-4907-a4db-18b6bfd55214 does not exist. Creating ...
2019-08-28 12:15:18,947 [pool-422-thread-1] INFO  storage.RaftStorageDirectory (RaftStorageDirectory.java:tryLock(328)) - Lock on /workdir/hadoop-ozone/integration-test/target/test-dir/MiniOzoneClusterImpl-c8883471-de3b-444e-8801-a2789016650e/datanode-1/data/ratis/2ec515b4-3be8-4907-a4db-18b6bfd55214/in_use.lock acquired by nodename 4330@pr-hdds-1949-gk6t9-2362663429
2019-08-28 12:15:18,959 [pool-422-thread-1] INFO  storage.RaftStorage (RaftStorage.java:format(72)) - Storage directory /workdir/hadoop-ozone/integration-test/target/test-dir/MiniOzoneClusterImpl-c8883471-de3b-444e-8801-a2789016650e/datanode-1/data/ratis/2ec515b4-3be8-4907-a4db-18b6bfd55214 has been successfully formatted.
2019-08-28 12:15:18,960 [pool-422-thread-1] INFO  ratis.ContainerStateMachine (ContainerStateMachine.java:loadSnapshot(227)) - group-18B6BFD55214: The snapshot info is null. Setting the last applied indexto:(t:0, i:~)
2019-08-28 12:15:18,960 [pool-422-thread-1] INFO  server.RaftServerConfigKeys (ConfUtils.java:logGet(43)) - raft.server.leader.election.timeout = 120s (custom)
2019-08-28 12:15:18,960 [pool-422-thread-1] INFO  server.RaftServerConfigKeys (ConfUtils.java:logGet(43)) - raft.server.log.use.memory = false (default)
2019-08-28 12:15:18,960 [pool-422-thread-1] INFO  server.RaftServerConfigKeys (ConfUtils.java:logGet(43)) - raft.server.log.purge.gap = 1000000 (custom)
2019-08-28 12:15:18,960 [pool-422-thread-1] INFO  server.RaftServerConfigKeys (ConfUtils.java:logGet(43)) - raft.server.log.appender.buffer.byte-limit = 33554432 (custom)
2019-08-28 12:15:18,961 [pool-422-thread-1] INFO  server.RaftServerConfigKeys (ConfUtils.java:logGet(43)) - raft.server.log.segment.size.max = 1048576 (custom)
2019-08-28 12:15:18,961 [pool-422-thread-1] INFO  server.RaftServerConfigKeys (ConfUtils.java:logGet(43)) - raft.server.log.segment.cache.num.max = 2 (custom)
2019-08-28 12:15:18,961 [pool-422-thread-1] INFO  segmented.SegmentedRaftLogWorker (SegmentedRaftLogWorker.java:<init>(172)) - new 108935fa-1afa-4eca-a0d1-51689defc060-SegmentedRaftLogWorker:Storage Directory /workdir/hadoop-ozone/integration-test/target/test-dir/MiniOzoneClusterImpl-c8883471-de3b-444e-8801-a2789016650e/datanode-1/data/ratis/2ec515b4-3be8-4907-a4db-18b6bfd55214 for RaftStorage:Storage Directory /workdir/hadoop-ozone/integration-test/target/test-dir/MiniOzoneClusterImpl-c8883471-de3b-444e-8801-a2789016650e/datanode-1/data/ratis/2ec515b4-3be8-4907-a4db-18b6bfd55214
2019-08-28 12:15:18,961 [pool-422-thread-1] INFO  server.RaftServerConfigKeys (ConfUtils.java:logGet(43)) - raft.server.log.queue.byte-limit = 2147483647 (custom)
2019-08-28 12:15:18,961 [pool-422-thread-1] INFO  server.RaftServerConfigKeys (ConfUtils.java:logGet(43)) - raft.server.log.queue.element-limit = 1024 (custom)
2019-08-28 12:15:18,962 [pool-422-thread-1] INFO  server.RaftServerConfigKeys (ConfUtils.java:logGet(43)) - raft.server.log.segment.size.max = 1048576 (custom)
2019-08-28 12:15:18,962 [pool-422-thread-1] INFO  server.RaftServerConfigKeys (ConfUtils.java:logGet(43)) - raft.server.log.preallocated.size = 16384 (custom)
2019-08-28 12:15:18,962 [pool-422-thread-1] INFO  server.RaftServerConfigKeys (ConfUtils.java:logGet(43)) - raft.server.log.write.buffer.size = 33554432 (custom)
2019-08-28 12:15:18,962 [pool-422-thread-1] INFO  server.RaftServerConfigKeys (ConfUtils.java:logGet(43)) - raft.server.log.force.sync.num = 128 (default)
2019-08-28 12:15:18,962 [pool-422-thread-1] INFO  server.RaftServerConfigKeys (ConfUtils.java:logGet(43)) - raft.server.log.statemachine.data.sync = true (default)
2019-08-28 12:15:18,962 [pool-422-thread-1] INFO  server.RaftServerConfigKeys (ConfUtils.java:logGet(43)) - raft.server.log.statemachine.data.sync.timeout = 10s (default)
2019-08-28 12:15:18,962 [pool-422-thread-1] INFO  server.RaftServerConfigKeys (ConfUtils.java:logGet(43)) - raft.server.log.statemachine.data.sync.timeout.retry = -1 (default)
2019-08-28 12:15:18,963 [pool-422-thread-1] INFO  server.RaftServerConfigKeys (ConfUtils.java:logGet(43)) - raft.server.log.statemachine.data.caching.enabled = true (custom)
2019-08-28 12:15:18,963 [pool-422-thread-1] INFO  segmented.SegmentedRaftLogWorker (SegmentedRaftLogWorker.java:lambda$new$0(132)) - 108935fa-1afa-4eca-a0d1-51689defc060-SegmentedRaftLogWorker:Storage Directory /workdir/hadoop-ozone/integration-test/target/test-dir/MiniOzoneClusterImpl-c8883471-de3b-444e-8801-a2789016650e/datanode-1/data/ratis/2ec515b4-3be8-4907-a4db-18b6bfd55214: flushIndex: setUnconditionally 0 -> -1
2019-08-28 12:15:18,963 [pool-422-thread-1] INFO  server.RaftServerConfigKeys (ConfUtils.java:logGet(43)) - raft.server.snapshot.auto.trigger.enabled = true (custom)
2019-08-28 12:15:18,964 [pool-422-thread-1] INFO  server.RaftServerConfigKeys (ConfUtils.java:logGet(43)) - raft.server.snapshot.auto.trigger.threshold = 10000 (custom)
2019-08-28 12:15:18,964 [pool-422-thread-1] INFO  server.RaftServerConfigKeys (ConfUtils.java:logGet(43)) - raft.server.retrycache.expirytime = 600000ms (custom)
2019-08-28 12:15:18,964 [pool-422-thread-1] INFO  impl.RaftServerImpl (RaftServerImpl.java:start(180)) - 108935fa-1afa-4eca-a0d1-51689defc060: start group-18B6BFD55214
2019-08-28 12:15:18,964 [pool-422-thread-1] INFO  impl.RaftServerImpl (RaftServerImpl.java:setRole(171)) - 108935fa-1afa-4eca-a0d1-51689defc060:group-18B6BFD55214 changes role from null to FOLLOWER at term 0 for startAsFollower
2019-08-28 12:15:18,964 [pool-422-thread-1] INFO  impl.RoleInfo (RoleInfo.java:updateAndGet(143)) - 108935fa-1afa-4eca-a0d1-51689defc060: start FollowerState
2019-08-28 12:15:18,965 [pool-422-thread-1] INFO  util.JmxRegister (JmxRegister.java:tryRegister(44)) - Successfully registered JMX Bean with object name Ratis:service=RaftServer,group=group-18B6BFD55214,id=108935fa-1afa-4eca-a0d1-51689defc060
2019-08-28 12:15:18,967 [RatisPipelineUtilsThread] INFO  pipeline.PipelineStateManager (PipelineStateManager.java:addPipeline(56)) - Created pipeline Pipeline[ Id: 2ec515b4-3be8-4907-a4db-18b6bfd55214, Nodes: 108935fa-1afa-4eca-a0d1-51689defc060{ip: 192.168.36.80, host: pr-hdds-1949-gk6t9-2362663429, networkLocation: /default-rack, certSerialId: null}, Type:RATIS, Factor:ONE, State:OPEN]
2019-08-28 12:15:19,101 [main] INFO  ozone.MiniOzoneClusterImpl (MiniOzoneClusterImpl.java:lambda$waitForClusterToBeReady$0(144)) - Waiting for cluster to be ready. Got 2 of 7 DN Heartbeats.
2019-08-28 12:15:19,103 [IPC Server handler 2 on 42230] INFO  net.NetworkTopology (NetworkTopologyImpl.java:add(110)) - Added a new node: /default-rack/a2802022-7344-46e5-aa2c-6758ec5b3830
2019-08-28 12:15:19,104 [IPC Server handler 2 on 42230] INFO  node.SCMNodeManager (SCMNodeManager.java:register(273)) - Registered Data node : a2802022-7344-46e5-aa2c-6758ec5b3830{ip: 192.168.36.80, host: pr-hdds-1949-gk6t9-2362663429, networkLocation: /default-rack, certSerialId: null}
2019-08-28 12:15:19,104 | INFO  | SCMAudit | user=jenkins1000 | ip=192.168.36.80 | op=REGISTER {datanodeDetails=a2802022-7344-46e5-aa2c-6758ec5b3830{ip: 192.168.36.80, host: pr-hdds-1949-gk6t9-2362663429, networkLocation: /default-rack, certSerialId: null}} | ret=SUCCESS |  
2019-08-28 12:15:19,113 [grpc-default-executor-2] INFO  impl.RaftServerProxy (RaftServerProxy.java:addNew(89)) - a2802022-7344-46e5-aa2c-6758ec5b3830: addNew group-97559092F115:[a2802022-7344-46e5-aa2c-6758ec5b3830:192.168.36.80:35344] returns group-97559092F115:java.util.concurrent.CompletableFuture@27e76d2a[Not completed]
2019-08-28 12:15:19,115 [pool-433-thread-1] INFO  impl.RaftServerImpl (RaftServerImpl.java:<init>(93)) - a2802022-7344-46e5-aa2c-6758ec5b3830: new RaftServerImpl for group-97559092F115:[a2802022-7344-46e5-aa2c-6758ec5b3830:192.168.36.80:35344] with ContainerStateMachine:uninitialized
2019-08-28 12:15:19,115 [pool-433-thread-1] INFO  server.RaftServerConfigKeys (ConfUtils.java:logGet(43)) - raft.server.rpc.timeout.min = 5s (custom)
2019-08-28 12:15:19,115 [pool-433-thread-1] INFO  server.RaftServerConfigKeys (ConfUtils.java:logGet(43)) - raft.server.rpc.timeout.max = 5200ms (custom)
2019-08-28 12:15:19,115 [pool-433-thread-1] INFO  server.RaftServerConfigKeys (ConfUtils.java:logGet(43)) - raft.server.rpcslowness.timeout = 120s (custom)
2019-08-28 12:15:19,115 [pool-433-thread-1] INFO  server.RaftServerConfigKeys (ConfUtils.java:logGet(43)) - raft.server.sleep.deviation.threshold = 300 (default)
2019-08-28 12:15:19,115 [pool-433-thread-1] INFO  server.RaftServerConfigKeys (ConfUtils.java:logGet(43)) - raft.server.log.appender.install.snapshot.enabled = false (custom)
2019-08-28 12:15:19,115 [pool-433-thread-1] INFO  impl.RaftServerImpl (ServerState.java:<init>(105)) - a2802022-7344-46e5-aa2c-6758ec5b3830:group-97559092F115 ConfigurationManager, init=-1: [a2802022-7344-46e5-aa2c-6758ec5b3830:192.168.36.80:35344], old=null, confs=<EMPTY_MAP>
2019-08-28 12:15:19,116 [pool-433-thread-1] INFO  server.RaftServerConfigKeys (ConfUtils.java:logGet(43)) - raft.server.storage.dir = [/workdir/hadoop-ozone/integration-test/target/test-dir/MiniOzoneClusterImpl-c8883471-de3b-444e-8801-a2789016650e/datanode-2/data/ratis] (custom)
2019-08-28 12:15:19,117 [pool-433-thread-1] INFO  storage.RaftStorageDirectory (RaftStorageDirectory.java:analyzeStorage(246)) - The storage directory /workdir/hadoop-ozone/integration-test/target/test-dir/MiniOzoneClusterImpl-c8883471-de3b-444e-8801-a2789016650e/datanode-2/data/ratis/1f53a610-c697-4f6a-8be3-97559092f115 does not exist. Creating ...
2019-08-28 12:15:19,130 [pool-433-thread-1] INFO  storage.RaftStorageDirectory (RaftStorageDirectory.java:tryLock(328)) - Lock on /workdir/hadoop-ozone/integration-test/target/test-dir/MiniOzoneClusterImpl-c8883471-de3b-444e-8801-a2789016650e/datanode-2/data/ratis/1f53a610-c697-4f6a-8be3-97559092f115/in_use.lock acquired by nodename 4330@pr-hdds-1949-gk6t9-2362663429
2019-08-28 12:15:19,142 [pool-433-thread-1] INFO  storage.RaftStorage (RaftStorage.java:format(72)) - Storage directory /workdir/hadoop-ozone/integration-test/target/test-dir/MiniOzoneClusterImpl-c8883471-de3b-444e-8801-a2789016650e/datanode-2/data/ratis/1f53a610-c697-4f6a-8be3-97559092f115 has been successfully formatted.
2019-08-28 12:15:19,143 [pool-433-thread-1] INFO  ratis.ContainerStateMachine (ContainerStateMachine.java:loadSnapshot(227)) - group-97559092F115: The snapshot info is null. Setting the last applied indexto:(t:0, i:~)
2019-08-28 12:15:19,143 [pool-433-thread-1] INFO  server.RaftServerConfigKeys (ConfUtils.java:logGet(43)) - raft.server.leader.election.timeout = 120s (custom)
2019-08-28 12:15:19,143 [pool-433-thread-1] INFO  server.RaftServerConfigKeys (ConfUtils.java:logGet(43)) - raft.server.log.use.memory = false (default)
2019-08-28 12:15:19,143 [pool-433-thread-1] INFO  server.RaftServerConfigKeys (ConfUtils.java:logGet(43)) - raft.server.log.purge.gap = 1000000 (custom)
2019-08-28 12:15:19,143 [pool-433-thread-1] INFO  server.RaftServerConfigKeys (ConfUtils.java:logGet(43)) - raft.server.log.appender.buffer.byte-limit = 33554432 (custom)
2019-08-28 12:15:19,144 [pool-433-thread-1] INFO  server.RaftServerConfigKeys (ConfUtils.java:logGet(43)) - raft.server.log.segment.size.max = 1048576 (custom)
2019-08-28 12:15:19,144 [pool-433-thread-1] INFO  server.RaftServerConfigKeys (ConfUtils.java:logGet(43)) - raft.server.log.segment.cache.num.max = 2 (custom)
2019-08-28 12:15:19,144 [pool-433-thread-1] INFO  segmented.SegmentedRaftLogWorker (SegmentedRaftLogWorker.java:<init>(172)) - new a2802022-7344-46e5-aa2c-6758ec5b3830-SegmentedRaftLogWorker:Storage Directory /workdir/hadoop-ozone/integration-test/target/test-dir/MiniOzoneClusterImpl-c8883471-de3b-444e-8801-a2789016650e/datanode-2/data/ratis/1f53a610-c697-4f6a-8be3-97559092f115 for RaftStorage:Storage Directory /workdir/hadoop-ozone/integration-test/target/test-dir/MiniOzoneClusterImpl-c8883471-de3b-444e-8801-a2789016650e/datanode-2/data/ratis/1f53a610-c697-4f6a-8be3-97559092f115
2019-08-28 12:15:19,144 [pool-433-thread-1] INFO  server.RaftServerConfigKeys (ConfUtils.java:logGet(43)) - raft.server.log.queue.byte-limit = 2147483647 (custom)
2019-08-28 12:15:19,144 [pool-433-thread-1] INFO  server.RaftServerConfigKeys (ConfUtils.java:logGet(43)) - raft.server.log.queue.element-limit = 1024 (custom)
2019-08-28 12:15:19,144 [pool-433-thread-1] INFO  server.RaftServerConfigKeys (ConfUtils.java:logGet(43)) - raft.server.log.segment.size.max = 1048576 (custom)
2019-08-28 12:15:19,144 [pool-433-thread-1] INFO  server.RaftServerConfigKeys (ConfUtils.java:logGet(43)) - raft.server.log.preallocated.size = 16384 (custom)
2019-08-28 12:15:19,145 [pool-433-thread-1] INFO  server.RaftServerConfigKeys (ConfUtils.java:logGet(43)) - raft.server.log.write.buffer.size = 33554432 (custom)
2019-08-28 12:15:19,145 [pool-433-thread-1] INFO  server.RaftServerConfigKeys (ConfUtils.java:logGet(43)) - raft.server.log.force.sync.num = 128 (default)
2019-08-28 12:15:19,145 [pool-433-thread-1] INFO  server.RaftServerConfigKeys (ConfUtils.java:logGet(43)) - raft.server.log.statemachine.data.sync = true (default)
2019-08-28 12:15:19,145 [pool-433-thread-1] INFO  server.RaftServerConfigKeys (ConfUtils.java:logGet(43)) - raft.server.log.statemachine.data.sync.timeout = 10s (default)
2019-08-28 12:15:19,145 [pool-433-thread-1] INFO  server.RaftServerConfigKeys (ConfUtils.java:logGet(43)) - raft.server.log.statemachine.data.sync.timeout.retry = -1 (default)
2019-08-28 12:15:19,145 [pool-433-thread-1] INFO  server.RaftServerConfigKeys (ConfUtils.java:logGet(43)) - raft.server.log.statemachine.data.caching.enabled = true (custom)
2019-08-28 12:15:19,146 [pool-433-thread-1] INFO  segmented.SegmentedRaftLogWorker (SegmentedRaftLogWorker.java:lambda$new$0(132)) - a2802022-7344-46e5-aa2c-6758ec5b3830-SegmentedRaftLogWorker:Storage Directory /workdir/hadoop-ozone/integration-test/target/test-dir/MiniOzoneClusterImpl-c8883471-de3b-444e-8801-a2789016650e/datanode-2/data/ratis/1f53a610-c697-4f6a-8be3-97559092f115: flushIndex: setUnconditionally 0 -> -1
2019-08-28 12:15:19,146 [pool-433-thread-1] INFO  server.RaftServerConfigKeys (ConfUtils.java:logGet(43)) - raft.server.snapshot.auto.trigger.enabled = true (custom)
2019-08-28 12:15:19,146 [pool-433-thread-1] INFO  server.RaftServerConfigKeys (ConfUtils.java:logGet(43)) - raft.server.snapshot.auto.trigger.threshold = 10000 (custom)
2019-08-28 12:15:19,146 [pool-433-thread-1] INFO  server.RaftServerConfigKeys (ConfUtils.java:logGet(43)) - raft.server.retrycache.expirytime = 600000ms (custom)
2019-08-28 12:15:19,147 [pool-433-thread-1] INFO  impl.RaftServerImpl (RaftServerImpl.java:start(180)) - a2802022-7344-46e5-aa2c-6758ec5b3830: start group-97559092F115
2019-08-28 12:15:19,147 [pool-433-thread-1] INFO  impl.RaftServerImpl (RaftServerImpl.java:setRole(171)) - a2802022-7344-46e5-aa2c-6758ec5b3830:group-97559092F115 changes role from null to FOLLOWER at term 0 for startAsFollower
2019-08-28 12:15:19,147 [pool-433-thread-1] INFO  impl.RoleInfo (RoleInfo.java:updateAndGet(143)) - a2802022-7344-46e5-aa2c-6758ec5b3830: start FollowerState
2019-08-28 12:15:19,147 [pool-433-thread-1] INFO  util.JmxRegister (JmxRegister.java:tryRegister(44)) - Successfully registered JMX Bean with object name Ratis:service=RaftServer,group=group-97559092F115,id=a2802022-7344-46e5-aa2c-6758ec5b3830
2019-08-28 12:15:19,150 [RatisPipelineUtilsThread] INFO  pipeline.PipelineStateManager (PipelineStateManager.java:addPipeline(56)) - Created pipeline Pipeline[ Id: 1f53a610-c697-4f6a-8be3-97559092f115, Nodes: a2802022-7344-46e5-aa2c-6758ec5b3830{ip: 192.168.36.80, host: pr-hdds-1949-gk6t9-2362663429, networkLocation: /default-rack, certSerialId: null}, Type:RATIS, Factor:ONE, State:OPEN]
2019-08-28 12:15:19,167 [grpc-default-executor-6] INFO  impl.RaftServerProxy (RaftServerProxy.java:addNew(89)) - 108935fa-1afa-4eca-a0d1-51689defc060: addNew group-D490398E80D5:[108935fa-1afa-4eca-a0d1-51689defc060:192.168.36.80:33031, a2802022-7344-46e5-aa2c-6758ec5b3830:192.168.36.80:35344, 512e32c3-7b1a-4e19-b3ea-ee56d7d32ab5:192.168.36.80:39646] returns group-D490398E80D5:java.util.concurrent.CompletableFuture@17f808ec[Not completed]
2019-08-28 12:15:19,167 [grpc-default-executor-7] INFO  impl.RaftServerProxy (RaftServerProxy.java:addNew(89)) - 512e32c3-7b1a-4e19-b3ea-ee56d7d32ab5: addNew group-D490398E80D5:[108935fa-1afa-4eca-a0d1-51689defc060:192.168.36.80:33031, a2802022-7344-46e5-aa2c-6758ec5b3830:192.168.36.80:35344, 512e32c3-7b1a-4e19-b3ea-ee56d7d32ab5:192.168.36.80:39646] returns group-D490398E80D5:java.util.concurrent.CompletableFuture@54163f76[Not completed]
2019-08-28 12:15:19,168 [pool-422-thread-1] INFO  impl.RaftServerImpl (RaftServerImpl.java:<init>(93)) - 108935fa-1afa-4eca-a0d1-51689defc060: new RaftServerImpl for group-D490398E80D5:[108935fa-1afa-4eca-a0d1-51689defc060:192.168.36.80:33031, a2802022-7344-46e5-aa2c-6758ec5b3830:192.168.36.80:35344, 512e32c3-7b1a-4e19-b3ea-ee56d7d32ab5:192.168.36.80:39646] with ContainerStateMachine:uninitialized
2019-08-28 12:15:19,168 [pool-422-thread-1] INFO  server.RaftServerConfigKeys (ConfUtils.java:logGet(43)) - raft.server.rpc.timeout.min = 5s (custom)
2019-08-28 12:15:19,168 [pool-422-thread-1] INFO  server.RaftServerConfigKeys (ConfUtils.java:logGet(43)) - raft.server.rpc.timeout.max = 5200ms (custom)
2019-08-28 12:15:19,168 [pool-422-thread-1] INFO  server.RaftServerConfigKeys (ConfUtils.java:logGet(43)) - raft.server.rpcslowness.timeout = 120s (custom)
2019-08-28 12:15:19,168 [pool-422-thread-1] INFO  server.RaftServerConfigKeys (ConfUtils.java:logGet(43)) - raft.server.sleep.deviation.threshold = 300 (default)
2019-08-28 12:15:19,168 [pool-411-thread-1] INFO  impl.RaftServerImpl (RaftServerImpl.java:<init>(93)) - 512e32c3-7b1a-4e19-b3ea-ee56d7d32ab5: new RaftServerImpl for group-D490398E80D5:[108935fa-1afa-4eca-a0d1-51689defc060:192.168.36.80:33031, a2802022-7344-46e5-aa2c-6758ec5b3830:192.168.36.80:35344, 512e32c3-7b1a-4e19-b3ea-ee56d7d32ab5:192.168.36.80:39646] with ContainerStateMachine:uninitialized
2019-08-28 12:15:19,169 [grpc-default-executor-7] INFO  impl.RaftServerProxy (RaftServerProxy.java:addNew(89)) - a2802022-7344-46e5-aa2c-6758ec5b3830: addNew group-D490398E80D5:[108935fa-1afa-4eca-a0d1-51689defc060:192.168.36.80:33031, a2802022-7344-46e5-aa2c-6758ec5b3830:192.168.36.80:35344, 512e32c3-7b1a-4e19-b3ea-ee56d7d32ab5:192.168.36.80:39646] returns group-D490398E80D5:java.util.concurrent.CompletableFuture@5984f35[Not completed]
2019-08-28 12:15:19,169 [pool-422-thread-1] INFO  server.RaftServerConfigKeys (ConfUtils.java:logGet(43)) - raft.server.log.appender.install.snapshot.enabled = false (custom)
2019-08-28 12:15:19,169 [pool-411-thread-1] INFO  server.RaftServerConfigKeys (ConfUtils.java:logGet(43)) - raft.server.rpc.timeout.min = 5s (custom)
2019-08-28 12:15:19,169 [pool-422-thread-1] INFO  impl.RaftServerImpl (ServerState.java:<init>(105)) - 108935fa-1afa-4eca-a0d1-51689defc060:group-D490398E80D5 ConfigurationManager, init=-1: [108935fa-1afa-4eca-a0d1-51689defc060:192.168.36.80:33031, a2802022-7344-46e5-aa2c-6758ec5b3830:192.168.36.80:35344, 512e32c3-7b1a-4e19-b3ea-ee56d7d32ab5:192.168.36.80:39646], old=null, confs=<EMPTY_MAP>
2019-08-28 12:15:19,169 [pool-411-thread-1] INFO  server.RaftServerConfigKeys (ConfUtils.java:logGet(43)) - raft.server.rpc.timeout.max = 5200ms (custom)
2019-08-28 12:15:19,169 [pool-422-thread-1] INFO  server.RaftServerConfigKeys (ConfUtils.java:logGet(43)) - raft.server.storage.dir = [/workdir/hadoop-ozone/integration-test/target/test-dir/MiniOzoneClusterImpl-c8883471-de3b-444e-8801-a2789016650e/datanode-1/data/ratis] (custom)
2019-08-28 12:15:19,169 [pool-411-thread-1] INFO  server.RaftServerConfigKeys (ConfUtils.java:logGet(43)) - raft.server.rpcslowness.timeout = 120s (custom)
2019-08-28 12:15:19,169 [pool-433-thread-1] INFO  impl.RaftServerImpl (RaftServerImpl.java:<init>(93)) - a2802022-7344-46e5-aa2c-6758ec5b3830: new RaftServerImpl for group-D490398E80D5:[108935fa-1afa-4eca-a0d1-51689defc060:192.168.36.80:33031, a2802022-7344-46e5-aa2c-6758ec5b3830:192.168.36.80:35344, 512e32c3-7b1a-4e19-b3ea-ee56d7d32ab5:192.168.36.80:39646] with ContainerStateMachine:uninitialized
2019-08-28 12:15:19,170 [pool-422-thread-1] INFO  storage.RaftStorageDirectory (RaftStorageDirectory.java:analyzeStorage(246)) - The storage directory /workdir/hadoop-ozone/integration-test/target/test-dir/MiniOzoneClusterImpl-c8883471-de3b-444e-8801-a2789016650e/datanode-1/data/ratis/9407d4eb-7493-47cc-a197-d490398e80d5 does not exist. Creating ...
2019-08-28 12:15:19,170 [pool-411-thread-1] INFO  server.RaftServerConfigKeys (ConfUtils.java:logGet(43)) - raft.server.sleep.deviation.threshold = 300 (default)
2019-08-28 12:15:19,170 [pool-433-thread-1] INFO  server.RaftServerConfigKeys (ConfUtils.java:logGet(43)) - raft.server.rpc.timeout.min = 5s (custom)
2019-08-28 12:15:19,170 [pool-411-thread-1] INFO  server.RaftServerConfigKeys (ConfUtils.java:logGet(43)) - raft.server.log.appender.install.snapshot.enabled = false (custom)
2019-08-28 12:15:19,170 [pool-433-thread-1] INFO  server.RaftServerConfigKeys (ConfUtils.java:logGet(43)) - raft.server.rpc.timeout.max = 5200ms (custom)
2019-08-28 12:15:19,170 [pool-411-thread-1] INFO  impl.RaftServerImpl (ServerState.java:<init>(105)) - 512e32c3-7b1a-4e19-b3ea-ee56d7d32ab5:group-D490398E80D5 ConfigurationManager, init=-1: [108935fa-1afa-4eca-a0d1-51689defc060:192.168.36.80:33031, a2802022-7344-46e5-aa2c-6758ec5b3830:192.168.36.80:35344, 512e32c3-7b1a-4e19-b3ea-ee56d7d32ab5:192.168.36.80:39646], old=null, confs=<EMPTY_MAP>
2019-08-28 12:15:19,171 [pool-433-thread-1] INFO  server.RaftServerConfigKeys (ConfUtils.java:logGet(43)) - raft.server.rpcslowness.timeout = 120s (custom)
2019-08-28 12:15:19,171 [pool-411-thread-1] INFO  server.RaftServerConfigKeys (ConfUtils.java:logGet(43)) - raft.server.storage.dir = [/workdir/hadoop-ozone/integration-test/target/test-dir/MiniOzoneClusterImpl-c8883471-de3b-444e-8801-a2789016650e/datanode-0/data/ratis] (custom)
2019-08-28 12:15:19,171 [pool-433-thread-1] INFO  server.RaftServerConfigKeys (ConfUtils.java:logGet(43)) - raft.server.sleep.deviation.threshold = 300 (default)
2019-08-28 12:15:19,171 [pool-433-thread-1] INFO  server.RaftServerConfigKeys (ConfUtils.java:logGet(43)) - raft.server.log.appender.install.snapshot.enabled = false (custom)
2019-08-28 12:15:19,171 [pool-433-thread-1] INFO  impl.RaftServerImpl (ServerState.java:<init>(105)) - a2802022-7344-46e5-aa2c-6758ec5b3830:group-D490398E80D5 ConfigurationManager, init=-1: [108935fa-1afa-4eca-a0d1-51689defc060:192.168.36.80:33031, a2802022-7344-46e5-aa2c-6758ec5b3830:192.168.36.80:35344, 512e32c3-7b1a-4e19-b3ea-ee56d7d32ab5:192.168.36.80:39646], old=null, confs=<EMPTY_MAP>
2019-08-28 12:15:19,171 [pool-411-thread-1] INFO  storage.RaftStorageDirectory (RaftStorageDirectory.java:analyzeStorage(246)) - The storage directory /workdir/hadoop-ozone/integration-test/target/test-dir/MiniOzoneClusterImpl-c8883471-de3b-444e-8801-a2789016650e/datanode-0/data/ratis/9407d4eb-7493-47cc-a197-d490398e80d5 does not exist. Creating ...
2019-08-28 12:15:19,171 [pool-433-thread-1] INFO  server.RaftServerConfigKeys (ConfUtils.java:logGet(43)) - raft.server.storage.dir = [/workdir/hadoop-ozone/integration-test/target/test-dir/MiniOzoneClusterImpl-c8883471-de3b-444e-8801-a2789016650e/datanode-2/data/ratis] (custom)
2019-08-28 12:15:19,172 [pool-433-thread-1] INFO  storage.RaftStorageDirectory (RaftStorageDirectory.java:analyzeStorage(246)) - The storage directory /workdir/hadoop-ozone/integration-test/target/test-dir/MiniOzoneClusterImpl-c8883471-de3b-444e-8801-a2789016650e/datanode-2/data/ratis/9407d4eb-7493-47cc-a197-d490398e80d5 does not exist. Creating ...
2019-08-28 12:15:19,183 [pool-422-thread-1] INFO  storage.RaftStorageDirectory (RaftStorageDirectory.java:tryLock(328)) - Lock on /workdir/hadoop-ozone/integration-test/target/test-dir/MiniOzoneClusterImpl-c8883471-de3b-444e-8801-a2789016650e/datanode-1/data/ratis/9407d4eb-7493-47cc-a197-d490398e80d5/in_use.lock acquired by nodename 4330@pr-hdds-1949-gk6t9-2362663429
2019-08-28 12:15:19,183 [pool-411-thread-1] INFO  storage.RaftStorageDirectory (RaftStorageDirectory.java:tryLock(328)) - Lock on /workdir/hadoop-ozone/integration-test/target/test-dir/MiniOzoneClusterImpl-c8883471-de3b-444e-8801-a2789016650e/datanode-0/data/ratis/9407d4eb-7493-47cc-a197-d490398e80d5/in_use.lock acquired by nodename 4330@pr-hdds-1949-gk6t9-2362663429
2019-08-28 12:15:19,183 [pool-433-thread-1] INFO  storage.RaftStorageDirectory (RaftStorageDirectory.java:tryLock(328)) - Lock on /workdir/hadoop-ozone/integration-test/target/test-dir/MiniOzoneClusterImpl-c8883471-de3b-444e-8801-a2789016650e/datanode-2/data/ratis/9407d4eb-7493-47cc-a197-d490398e80d5/in_use.lock acquired by nodename 4330@pr-hdds-1949-gk6t9-2362663429
2019-08-28 12:15:19,196 [pool-422-thread-1] INFO  storage.RaftStorage (RaftStorage.java:format(72)) - Storage directory /workdir/hadoop-ozone/integration-test/target/test-dir/MiniOzoneClusterImpl-c8883471-de3b-444e-8801-a2789016650e/datanode-1/data/ratis/9407d4eb-7493-47cc-a197-d490398e80d5 has been successfully formatted.
2019-08-28 12:15:19,196 [pool-433-thread-1] INFO  storage.RaftStorage (RaftStorage.java:format(72)) - Storage directory /workdir/hadoop-ozone/integration-test/target/test-dir/MiniOzoneClusterImpl-c8883471-de3b-444e-8801-a2789016650e/datanode-2/data/ratis/9407d4eb-7493-47cc-a197-d490398e80d5 has been successfully formatted.
2019-08-28 12:15:19,196 [pool-411-thread-1] INFO  storage.RaftStorage (RaftStorage.java:format(72)) - Storage directory /workdir/hadoop-ozone/integration-test/target/test-dir/MiniOzoneClusterImpl-c8883471-de3b-444e-8801-a2789016650e/datanode-0/data/ratis/9407d4eb-7493-47cc-a197-d490398e80d5 has been successfully formatted.
2019-08-28 12:15:19,197 [pool-422-thread-1] INFO  ratis.ContainerStateMachine (ContainerStateMachine.java:loadSnapshot(227)) - group-D490398E80D5: The snapshot info is null. Setting the last applied indexto:(t:0, i:~)
2019-08-28 12:15:19,197 [pool-433-thread-1] INFO  ratis.ContainerStateMachine (ContainerStateMachine.java:loadSnapshot(227)) - group-D490398E80D5: The snapshot info is null. Setting the last applied indexto:(t:0, i:~)
2019-08-28 12:15:19,197 [pool-422-thread-1] INFO  server.RaftServerConfigKeys (ConfUtils.java:logGet(43)) - raft.server.leader.election.timeout = 120s (custom)
2019-08-28 12:15:19,197 [pool-411-thread-1] INFO  ratis.ContainerStateMachine (ContainerStateMachine.java:loadSnapshot(227)) - group-D490398E80D5: The snapshot info is null. Setting the last applied indexto:(t:0, i:~)
2019-08-28 12:15:19,197 [pool-422-thread-1] INFO  server.RaftServerConfigKeys (ConfUtils.java:logGet(43)) - raft.server.log.use.memory = false (default)
2019-08-28 12:15:19,197 [pool-433-thread-1] INFO  server.RaftServerConfigKeys (ConfUtils.java:logGet(43)) - raft.server.leader.election.timeout = 120s (custom)
2019-08-28 12:15:19,197 [pool-422-thread-1] INFO  server.RaftServerConfigKeys (ConfUtils.java:logGet(43)) - raft.server.log.purge.gap = 1000000 (custom)
2019-08-28 12:15:19,197 [pool-411-thread-1] INFO  server.RaftServerConfigKeys (ConfUtils.java:logGet(43)) - raft.server.leader.election.timeout = 120s (custom)
2019-08-28 12:15:19,198 [pool-422-thread-1] INFO  server.RaftServerConfigKeys (ConfUtils.java:logGet(43)) - raft.server.log.appender.buffer.byte-limit = 33554432 (custom)
2019-08-28 12:15:19,198 [pool-433-thread-1] INFO  server.RaftServerConfigKeys (ConfUtils.java:logGet(43)) - raft.server.log.use.memory = false (default)
2019-08-28 12:15:19,198 [pool-422-thread-1] INFO  server.RaftServerConfigKeys (ConfUtils.java:logGet(43)) - raft.server.log.segment.size.max = 1048576 (custom)
2019-08-28 12:15:19,198 [pool-411-thread-1] INFO  server.RaftServerConfigKeys (ConfUtils.java:logGet(43)) - raft.server.log.use.memory = false (default)
2019-08-28 12:15:19,198 [pool-422-thread-1] INFO  server.RaftServerConfigKeys (ConfUtils.java:logGet(43)) - raft.server.log.segment.cache.num.max = 2 (custom)
2019-08-28 12:15:19,198 [pool-433-thread-1] INFO  server.RaftServerConfigKeys (ConfUtils.java:logGet(43)) - raft.server.log.purge.gap = 1000000 (custom)
2019-08-28 12:15:19,199 [pool-422-thread-1] INFO  segmented.SegmentedRaftLogWorker (SegmentedRaftLogWorker.java:<init>(172)) - new 108935fa-1afa-4eca-a0d1-51689defc060-SegmentedRaftLogWorker:Storage Directory /workdir/hadoop-ozone/integration-test/target/test-dir/MiniOzoneClusterImpl-c8883471-de3b-444e-8801-a2789016650e/datanode-1/data/ratis/9407d4eb-7493-47cc-a197-d490398e80d5 for RaftStorage:Storage Directory /workdir/hadoop-ozone/integration-test/target/test-dir/MiniOzoneClusterImpl-c8883471-de3b-444e-8801-a2789016650e/datanode-1/data/ratis/9407d4eb-7493-47cc-a197-d490398e80d5
2019-08-28 12:15:19,198 [pool-411-thread-1] INFO  server.RaftServerConfigKeys (ConfUtils.java:logGet(43)) - raft.server.log.purge.gap = 1000000 (custom)
2019-08-28 12:15:19,199 [pool-422-thread-1] INFO  server.RaftServerConfigKeys (ConfUtils.java:logGet(43)) - raft.server.log.queue.byte-limit = 2147483647 (custom)
2019-08-28 12:15:19,199 [pool-422-thread-1] INFO  server.RaftServerConfigKeys (ConfUtils.java:logGet(43)) - raft.server.log.queue.element-limit = 1024 (custom)
2019-08-28 12:15:19,199 [pool-433-thread-1] INFO  server.RaftServerConfigKeys (ConfUtils.java:logGet(43)) - raft.server.log.appender.buffer.byte-limit = 33554432 (custom)
2019-08-28 12:15:19,199 [pool-422-thread-1] INFO  server.RaftServerConfigKeys (ConfUtils.java:logGet(43)) - raft.server.log.segment.size.max = 1048576 (custom)
2019-08-28 12:15:19,200 [pool-422-thread-1] INFO  server.RaftServerConfigKeys (ConfUtils.java:logGet(43)) - raft.server.log.preallocated.size = 16384 (custom)
2019-08-28 12:15:19,199 [pool-411-thread-1] INFO  server.RaftServerConfigKeys (ConfUtils.java:logGet(43)) - raft.server.log.appender.buffer.byte-limit = 33554432 (custom)
2019-08-28 12:15:19,200 [pool-422-thread-1] INFO  server.RaftServerConfigKeys (ConfUtils.java:logGet(43)) - raft.server.log.write.buffer.size = 33554432 (custom)
2019-08-28 12:15:19,199 [pool-433-thread-1] INFO  server.RaftServerConfigKeys (ConfUtils.java:logGet(43)) - raft.server.log.segment.size.max = 1048576 (custom)
2019-08-28 12:15:19,200 [pool-422-thread-1] INFO  server.RaftServerConfigKeys (ConfUtils.java:logGet(43)) - raft.server.log.force.sync.num = 128 (default)
2019-08-28 12:15:19,200 [pool-411-thread-1] INFO  server.RaftServerConfigKeys (ConfUtils.java:logGet(43)) - raft.server.log.segment.size.max = 1048576 (custom)
2019-08-28 12:15:19,200 [pool-422-thread-1] INFO  server.RaftServerConfigKeys (ConfUtils.java:logGet(43)) - raft.server.log.statemachine.data.sync = true (default)
2019-08-28 12:15:19,200 [pool-433-thread-1] INFO  server.RaftServerConfigKeys (ConfUtils.java:logGet(43)) - raft.server.log.segment.cache.num.max = 2 (custom)
2019-08-28 12:15:19,200 [pool-422-thread-1] INFO  server.RaftServerConfigKeys (ConfUtils.java:logGet(43)) - raft.server.log.statemachine.data.sync.timeout = 10s (default)
2019-08-28 12:15:19,200 [pool-411-thread-1] INFO  server.RaftServerConfigKeys (ConfUtils.java:logGet(43)) - raft.server.log.segment.cache.num.max = 2 (custom)
2019-08-28 12:15:19,201 [pool-422-thread-1] INFO  server.RaftServerConfigKeys (ConfUtils.java:logGet(43)) - raft.server.log.statemachine.data.sync.timeout.retry = -1 (default)
2019-08-28 12:15:19,201 [pool-433-thread-1] INFO  segmented.SegmentedRaftLogWorker (SegmentedRaftLogWorker.java:<init>(172)) - new a2802022-7344-46e5-aa2c-6758ec5b3830-SegmentedRaftLogWorker:Storage Directory /workdir/hadoop-ozone/integration-test/target/test-dir/MiniOzoneClusterImpl-c8883471-de3b-444e-8801-a2789016650e/datanode-2/data/ratis/9407d4eb-7493-47cc-a197-d490398e80d5 for RaftStorage:Storage Directory /workdir/hadoop-ozone/integration-test/target/test-dir/MiniOzoneClusterImpl-c8883471-de3b-444e-8801-a2789016650e/datanode-2/data/ratis/9407d4eb-7493-47cc-a197-d490398e80d5
2019-08-28 12:15:19,201 [pool-422-thread-1] INFO  server.RaftServerConfigKeys (ConfUtils.java:logGet(43)) - raft.server.log.statemachine.data.caching.enabled = true (custom)
2019-08-28 12:15:19,201 [pool-411-thread-1] INFO  segmented.SegmentedRaftLogWorker (SegmentedRaftLogWorker.java:<init>(172)) - new 512e32c3-7b1a-4e19-b3ea-ee56d7d32ab5-SegmentedRaftLogWorker:Storage Directory /workdir/hadoop-ozone/integration-test/target/test-dir/MiniOzoneClusterImpl-c8883471-de3b-444e-8801-a2789016650e/datanode-0/data/ratis/9407d4eb-7493-47cc-a197-d490398e80d5 for RaftStorage:Storage Directory /workdir/hadoop-ozone/integration-test/target/test-dir/MiniOzoneClusterImpl-c8883471-de3b-444e-8801-a2789016650e/datanode-0/data/ratis/9407d4eb-7493-47cc-a197-d490398e80d5
2019-08-28 12:15:19,201 [pool-433-thread-1] INFO  server.RaftServerConfigKeys (ConfUtils.java:logGet(43)) - raft.server.log.queue.byte-limit = 2147483647 (custom)
2019-08-28 12:15:19,201 [pool-422-thread-1] INFO  segmented.SegmentedRaftLogWorker (SegmentedRaftLogWorker.java:lambda$new$0(132)) - 108935fa-1afa-4eca-a0d1-51689defc060-SegmentedRaftLogWorker:Storage Directory /workdir/hadoop-ozone/integration-test/target/test-dir/MiniOzoneClusterImpl-c8883471-de3b-444e-8801-a2789016650e/datanode-1/data/ratis/9407d4eb-7493-47cc-a197-d490398e80d5: flushIndex: setUnconditionally 0 -> -1
2019-08-28 12:15:19,201 [pool-411-thread-1] INFO  server.RaftServerConfigKeys (ConfUtils.java:logGet(43)) - raft.server.log.queue.byte-limit = 2147483647 (custom)
2019-08-28 12:15:19,202 [pool-433-thread-1] INFO  server.RaftServerConfigKeys (ConfUtils.java:logGet(43)) - raft.server.log.queue.element-limit = 1024 (custom)
2019-08-28 12:15:19,202 [pool-422-thread-1] INFO  server.RaftServerConfigKeys (ConfUtils.java:logGet(43)) - raft.server.snapshot.auto.trigger.enabled = true (custom)
2019-08-28 12:15:19,202 [pool-411-thread-1] INFO  server.RaftServerConfigKeys (ConfUtils.java:logGet(43)) - raft.server.log.queue.element-limit = 1024 (custom)
2019-08-28 12:15:19,202 [pool-422-thread-1] INFO  server.RaftServerConfigKeys (ConfUtils.java:logGet(43)) - raft.server.snapshot.auto.trigger.threshold = 10000 (custom)
2019-08-28 12:15:19,202 [pool-433-thread-1] INFO  server.RaftServerConfigKeys (ConfUtils.java:logGet(43)) - raft.server.log.segment.size.max = 1048576 (custom)
2019-08-28 12:15:19,202 [pool-422-thread-1] INFO  server.RaftServerConfigKeys (ConfUtils.java:logGet(43)) - raft.server.retrycache.expirytime = 600000ms (custom)
2019-08-28 12:15:19,202 [pool-411-thread-1] INFO  server.RaftServerConfigKeys (ConfUtils.java:logGet(43)) - raft.server.log.segment.size.max = 1048576 (custom)
2019-08-28 12:15:19,203 [pool-422-thread-1] INFO  impl.RaftServerImpl (RaftServerImpl.java:start(180)) - 108935fa-1afa-4eca-a0d1-51689defc060: start group-D490398E80D5
2019-08-28 12:15:19,203 [pool-422-thread-1] INFO  impl.RaftServerImpl (RaftServerImpl.java:setRole(171)) - 108935fa-1afa-4eca-a0d1-51689defc060:group-D490398E80D5 changes role from null to FOLLOWER at term 0 for startAsFollower
2019-08-28 12:15:19,203 [pool-433-thread-1] INFO  server.RaftServerConfigKeys (ConfUtils.java:logGet(43)) - raft.server.log.preallocated.size = 16384 (custom)
2019-08-28 12:15:19,203 [pool-422-thread-1] INFO  impl.RoleInfo (RoleInfo.java:updateAndGet(143)) - 108935fa-1afa-4eca-a0d1-51689defc060: start FollowerState
2019-08-28 12:15:19,203 [pool-411-thread-1] INFO  server.RaftServerConfigKeys (ConfUtils.java:logGet(43)) - raft.server.log.preallocated.size = 16384 (custom)
2019-08-28 12:15:19,203 [pool-433-thread-1] INFO  server.RaftServerConfigKeys (ConfUtils.java:logGet(43)) - raft.server.log.write.buffer.size = 33554432 (custom)
2019-08-28 12:15:19,204 [pool-422-thread-1] INFO  util.JmxRegister (JmxRegister.java:tryRegister(44)) - Successfully registered JMX Bean with object name Ratis:service=RaftServer,group=group-D490398E80D5,id=108935fa-1afa-4eca-a0d1-51689defc060
2019-08-28 12:15:19,203 [pool-411-thread-1] INFO  server.RaftServerConfigKeys (ConfUtils.java:logGet(43)) - raft.server.log.write.buffer.size = 33554432 (custom)
2019-08-28 12:15:19,204 [pool-433-thread-1] INFO  server.RaftServerConfigKeys (ConfUtils.java:logGet(43)) - raft.server.log.force.sync.num = 128 (default)
2019-08-28 12:15:19,204 [pool-411-thread-1] INFO  server.RaftServerConfigKeys (ConfUtils.java:logGet(43)) - raft.server.log.force.sync.num = 128 (default)
2019-08-28 12:15:19,204 [pool-433-thread-1] INFO  server.RaftServerConfigKeys (ConfUtils.java:logGet(43)) - raft.server.log.statemachine.data.sync = true (default)
2019-08-28 12:15:19,204 [pool-411-thread-1] INFO  server.RaftServerConfigKeys (ConfUtils.java:logGet(43)) - raft.server.log.statemachine.data.sync = true (default)
2019-08-28 12:15:19,204 [pool-433-thread-1] INFO  server.RaftServerConfigKeys (ConfUtils.java:logGet(43)) - raft.server.log.statemachine.data.sync.timeout = 10s (default)
2019-08-28 12:15:19,204 [pool-411-thread-1] INFO  server.RaftServerConfigKeys (ConfUtils.java:logGet(43)) - raft.server.log.statemachine.data.sync.timeout = 10s (default)
2019-08-28 12:15:19,205 [pool-433-thread-1] INFO  server.RaftServerConfigKeys (ConfUtils.java:logGet(43)) - raft.server.log.statemachine.data.sync.timeout.retry = -1 (default)
2019-08-28 12:15:19,205 [pool-411-thread-1] INFO  server.RaftServerConfigKeys (ConfUtils.java:logGet(43)) - raft.server.log.statemachine.data.sync.timeout.retry = -1 (default)
2019-08-28 12:15:19,205 [pool-433-thread-1] INFO  server.RaftServerConfigKeys (ConfUtils.java:logGet(43)) - raft.server.log.statemachine.data.caching.enabled = true (custom)
2019-08-28 12:15:19,205 [pool-411-thread-1] INFO  server.RaftServerConfigKeys (ConfUtils.java:logGet(43)) - raft.server.log.statemachine.data.caching.enabled = true (custom)
2019-08-28 12:15:19,205 [pool-433-thread-1] INFO  segmented.SegmentedRaftLogWorker (SegmentedRaftLogWorker.java:lambda$new$0(132)) - a2802022-7344-46e5-aa2c-6758ec5b3830-SegmentedRaftLogWorker:Storage Directory /workdir/hadoop-ozone/integration-test/target/test-dir/MiniOzoneClusterImpl-c8883471-de3b-444e-8801-a2789016650e/datanode-2/data/ratis/9407d4eb-7493-47cc-a197-d490398e80d5: flushIndex: setUnconditionally 0 -> -1
2019-08-28 12:15:19,206 [pool-411-thread-1] INFO  segmented.SegmentedRaftLogWorker (SegmentedRaftLogWorker.java:lambda$new$0(132)) - 512e32c3-7b1a-4e19-b3ea-ee56d7d32ab5-SegmentedRaftLogWorker:Storage Directory /workdir/hadoop-ozone/integration-test/target/test-dir/MiniOzoneClusterImpl-c8883471-de3b-444e-8801-a2789016650e/datanode-0/data/ratis/9407d4eb-7493-47cc-a197-d490398e80d5: flushIndex: setUnconditionally 0 -> -1
2019-08-28 12:15:19,206 [pool-433-thread-1] INFO  server.RaftServerConfigKeys (ConfUtils.java:logGet(43)) - raft.server.snapshot.auto.trigger.enabled = true (custom)
2019-08-28 12:15:19,206 [pool-411-thread-1] INFO  server.RaftServerConfigKeys (ConfUtils.java:logGet(43)) - raft.server.snapshot.auto.trigger.enabled = true (custom)
2019-08-28 12:15:19,206 [pool-433-thread-1] INFO  server.RaftServerConfigKeys (ConfUtils.java:logGet(43)) - raft.server.snapshot.auto.trigger.threshold = 10000 (custom)
2019-08-28 12:15:19,206 [pool-411-thread-1] INFO  server.RaftServerConfigKeys (ConfUtils.java:logGet(43)) - raft.server.snapshot.auto.trigger.threshold = 10000 (custom)
2019-08-28 12:15:19,206 [pool-433-thread-1] INFO  server.RaftServerConfigKeys (ConfUtils.java:logGet(43)) - raft.server.retrycache.expirytime = 600000ms (custom)
2019-08-28 12:15:19,207 [pool-411-thread-1] INFO  server.RaftServerConfigKeys (ConfUtils.java:logGet(43)) - raft.server.retrycache.expirytime = 600000ms (custom)
2019-08-28 12:15:19,207 [pool-433-thread-1] INFO  impl.RaftServerImpl (RaftServerImpl.java:start(180)) - a2802022-7344-46e5-aa2c-6758ec5b3830: start group-D490398E80D5
2019-08-28 12:15:19,207 [pool-411-thread-1] INFO  impl.RaftServerImpl (RaftServerImpl.java:start(180)) - 512e32c3-7b1a-4e19-b3ea-ee56d7d32ab5: start group-D490398E80D5
2019-08-28 12:15:19,207 [pool-433-thread-1] INFO  impl.RaftServerImpl (RaftServerImpl.java:setRole(171)) - a2802022-7344-46e5-aa2c-6758ec5b3830:group-D490398E80D5 changes role from null to FOLLOWER at term 0 for startAsFollower
2019-08-28 12:15:19,207 [pool-411-thread-1] INFO  impl.RaftServerImpl (RaftServerImpl.java:setRole(171)) - 512e32c3-7b1a-4e19-b3ea-ee56d7d32ab5:group-D490398E80D5 changes role from null to FOLLOWER at term 0 for startAsFollower
2019-08-28 12:15:19,207 [pool-433-thread-1] INFO  impl.RoleInfo (RoleInfo.java:updateAndGet(143)) - a2802022-7344-46e5-aa2c-6758ec5b3830: start FollowerState
2019-08-28 12:15:19,207 [pool-411-thread-1] INFO  impl.RoleInfo (RoleInfo.java:updateAndGet(143)) - 512e32c3-7b1a-4e19-b3ea-ee56d7d32ab5: start FollowerState
2019-08-28 12:15:19,208 [pool-433-thread-1] INFO  util.JmxRegister (JmxRegister.java:tryRegister(44)) - Successfully registered JMX Bean with object name Ratis:service=RaftServer,group=group-D490398E80D5,id=a2802022-7344-46e5-aa2c-6758ec5b3830
2019-08-28 12:15:19,208 [pool-411-thread-1] INFO  util.JmxRegister (JmxRegister.java:tryRegister(44)) - Successfully registered JMX Bean with object name Ratis:service=RaftServer,group=group-D490398E80D5,id=512e32c3-7b1a-4e19-b3ea-ee56d7d32ab5
2019-08-28 12:15:19,211 [RatisPipelineUtilsThread] INFO  pipeline.PipelineStateManager (PipelineStateManager.java:addPipeline(56)) - Created pipeline Pipeline[ Id: 9407d4eb-7493-47cc-a197-d490398e80d5, Nodes: 512e32c3-7b1a-4e19-b3ea-ee56d7d32ab5{ip: 192.168.36.80, host: pr-hdds-1949-gk6t9-2362663429, networkLocation: /default-rack, certSerialId: null}108935fa-1afa-4eca-a0d1-51689defc060{ip: 192.168.36.80, host: pr-hdds-1949-gk6t9-2362663429, networkLocation: /default-rack, certSerialId: null}a2802022-7344-46e5-aa2c-6758ec5b3830{ip: 192.168.36.80, host: pr-hdds-1949-gk6t9-2362663429, networkLocation: /default-rack, certSerialId: null}, Type:RATIS, Factor:THREE, State:OPEN]
2019-08-28 12:15:19,319 [IPC Server handler 3 on 42230] INFO  net.NetworkTopology (NetworkTopologyImpl.java:add(110)) - Added a new node: /default-rack/077a7edd-6219-48df-b004-054f5dffa596
2019-08-28 12:15:19,320 [IPC Server handler 3 on 42230] INFO  node.SCMNodeManager (SCMNodeManager.java:register(273)) - Registered Data node : 077a7edd-6219-48df-b004-054f5dffa596{ip: 192.168.36.80, host: pr-hdds-1949-gk6t9-2362663429, networkLocation: /default-rack, certSerialId: null}
2019-08-28 12:15:19,320 | INFO  | SCMAudit | user=jenkins1000 | ip=192.168.36.80 | op=REGISTER {datanodeDetails=077a7edd-6219-48df-b004-054f5dffa596{ip: 192.168.36.80, host: pr-hdds-1949-gk6t9-2362663429, networkLocation: /default-rack, certSerialId: null}} | ret=SUCCESS |  
2019-08-28 12:15:19,329 [grpc-default-executor-7] INFO  impl.RaftServerProxy (RaftServerProxy.java:addNew(89)) - 077a7edd-6219-48df-b004-054f5dffa596: addNew group-529DB42D412A:[077a7edd-6219-48df-b004-054f5dffa596:192.168.36.80:46569] returns group-529DB42D412A:java.util.concurrent.CompletableFuture@547dadfa[Not completed]
2019-08-28 12:15:19,331 [pool-444-thread-1] INFO  impl.RaftServerImpl (RaftServerImpl.java:<init>(93)) - 077a7edd-6219-48df-b004-054f5dffa596: new RaftServerImpl for group-529DB42D412A:[077a7edd-6219-48df-b004-054f5dffa596:192.168.36.80:46569] with ContainerStateMachine:uninitialized
2019-08-28 12:15:19,331 [pool-444-thread-1] INFO  server.RaftServerConfigKeys (ConfUtils.java:logGet(43)) - raft.server.rpc.timeout.min = 5s (custom)
2019-08-28 12:15:19,331 [pool-444-thread-1] INFO  server.RaftServerConfigKeys (ConfUtils.java:logGet(43)) - raft.server.rpc.timeout.max = 5200ms (custom)
2019-08-28 12:15:19,331 [pool-444-thread-1] INFO  server.RaftServerConfigKeys (ConfUtils.java:logGet(43)) - raft.server.rpcslowness.timeout = 120s (custom)
2019-08-28 12:15:19,331 [pool-444-thread-1] INFO  server.RaftServerConfigKeys (ConfUtils.java:logGet(43)) - raft.server.sleep.deviation.threshold = 300 (default)
2019-08-28 12:15:19,332 [pool-444-thread-1] INFO  server.RaftServerConfigKeys (ConfUtils.java:logGet(43)) - raft.server.log.appender.install.snapshot.enabled = false (custom)
2019-08-28 12:15:19,332 [pool-444-thread-1] INFO  impl.RaftServerImpl (ServerState.java:<init>(105)) - 077a7edd-6219-48df-b004-054f5dffa596:group-529DB42D412A ConfigurationManager, init=-1: [077a7edd-6219-48df-b004-054f5dffa596:192.168.36.80:46569], old=null, confs=<EMPTY_MAP>
2019-08-28 12:15:19,332 [pool-444-thread-1] INFO  server.RaftServerConfigKeys (ConfUtils.java:logGet(43)) - raft.server.storage.dir = [/workdir/hadoop-ozone/integration-test/target/test-dir/MiniOzoneClusterImpl-c8883471-de3b-444e-8801-a2789016650e/datanode-3/data/ratis] (custom)
2019-08-28 12:15:19,332 [pool-444-thread-1] INFO  storage.RaftStorageDirectory (RaftStorageDirectory.java:analyzeStorage(246)) - The storage directory /workdir/hadoop-ozone/integration-test/target/test-dir/MiniOzoneClusterImpl-c8883471-de3b-444e-8801-a2789016650e/datanode-3/data/ratis/82978fe3-9db2-4be9-afaf-529db42d412a does not exist. Creating ...
2019-08-28 12:15:19,346 [pool-444-thread-1] INFO  storage.RaftStorageDirectory (RaftStorageDirectory.java:tryLock(328)) - Lock on /workdir/hadoop-ozone/integration-test/target/test-dir/MiniOzoneClusterImpl-c8883471-de3b-444e-8801-a2789016650e/datanode-3/data/ratis/82978fe3-9db2-4be9-afaf-529db42d412a/in_use.lock acquired by nodename 4330@pr-hdds-1949-gk6t9-2362663429
2019-08-28 12:15:19,359 [pool-444-thread-1] INFO  storage.RaftStorage (RaftStorage.java:format(72)) - Storage directory /workdir/hadoop-ozone/integration-test/target/test-dir/MiniOzoneClusterImpl-c8883471-de3b-444e-8801-a2789016650e/datanode-3/data/ratis/82978fe3-9db2-4be9-afaf-529db42d412a has been successfully formatted.
2019-08-28 12:15:19,359 [pool-444-thread-1] INFO  ratis.ContainerStateMachine (ContainerStateMachine.java:loadSnapshot(227)) - group-529DB42D412A: The snapshot info is null. Setting the last applied indexto:(t:0, i:~)
2019-08-28 12:15:19,359 [pool-444-thread-1] INFO  server.RaftServerConfigKeys (ConfUtils.java:logGet(43)) - raft.server.leader.election.timeout = 120s (custom)
2019-08-28 12:15:19,359 [pool-444-thread-1] INFO  server.RaftServerConfigKeys (ConfUtils.java:logGet(43)) - raft.server.log.use.memory = false (default)
2019-08-28 12:15:19,359 [pool-444-thread-1] INFO  server.RaftServerConfigKeys (ConfUtils.java:logGet(43)) - raft.server.log.purge.gap = 1000000 (custom)
2019-08-28 12:15:19,360 [pool-444-thread-1] INFO  server.RaftServerConfigKeys (ConfUtils.java:logGet(43)) - raft.server.log.appender.buffer.byte-limit = 33554432 (custom)
2019-08-28 12:15:19,360 [pool-444-thread-1] INFO  server.RaftServerConfigKeys (ConfUtils.java:logGet(43)) - raft.server.log.segment.size.max = 1048576 (custom)
2019-08-28 12:15:19,360 [pool-444-thread-1] INFO  server.RaftServerConfigKeys (ConfUtils.java:logGet(43)) - raft.server.log.segment.cache.num.max = 2 (custom)
2019-08-28 12:15:19,360 [pool-444-thread-1] INFO  segmented.SegmentedRaftLogWorker (SegmentedRaftLogWorker.java:<init>(172)) - new 077a7edd-6219-48df-b004-054f5dffa596-SegmentedRaftLogWorker:Storage Directory /workdir/hadoop-ozone/integration-test/target/test-dir/MiniOzoneClusterImpl-c8883471-de3b-444e-8801-a2789016650e/datanode-3/data/ratis/82978fe3-9db2-4be9-afaf-529db42d412a for RaftStorage:Storage Directory /workdir/hadoop-ozone/integration-test/target/test-dir/MiniOzoneClusterImpl-c8883471-de3b-444e-8801-a2789016650e/datanode-3/data/ratis/82978fe3-9db2-4be9-afaf-529db42d412a
2019-08-28 12:15:19,360 [pool-444-thread-1] INFO  server.RaftServerConfigKeys (ConfUtils.java:logGet(43)) - raft.server.log.queue.byte-limit = 2147483647 (custom)
2019-08-28 12:15:19,360 [pool-444-thread-1] INFO  server.RaftServerConfigKeys (ConfUtils.java:logGet(43)) - raft.server.log.queue.element-limit = 1024 (custom)
2019-08-28 12:15:19,361 [pool-444-thread-1] INFO  server.RaftServerConfigKeys (ConfUtils.java:logGet(43)) - raft.server.log.segment.size.max = 1048576 (custom)
2019-08-28 12:15:19,361 [pool-444-thread-1] INFO  server.RaftServerConfigKeys (ConfUtils.java:logGet(43)) - raft.server.log.preallocated.size = 16384 (custom)
2019-08-28 12:15:19,361 [pool-444-thread-1] INFO  server.RaftServerConfigKeys (ConfUtils.java:logGet(43)) - raft.server.log.write.buffer.size = 33554432 (custom)
2019-08-28 12:15:19,361 [pool-444-thread-1] INFO  server.RaftServerConfigKeys (ConfUtils.java:logGet(43)) - raft.server.log.force.sync.num = 128 (default)
2019-08-28 12:15:19,361 [pool-444-thread-1] INFO  server.RaftServerConfigKeys (ConfUtils.java:logGet(43)) - raft.server.log.statemachine.data.sync = true (default)
2019-08-28 12:15:19,362 [pool-444-thread-1] INFO  server.RaftServerConfigKeys (ConfUtils.java:logGet(43)) - raft.server.log.statemachine.data.sync.timeout = 10s (default)
2019-08-28 12:15:19,362 [pool-444-thread-1] INFO  server.RaftServerConfigKeys (ConfUtils.java:logGet(43)) - raft.server.log.statemachine.data.sync.timeout.retry = -1 (default)
2019-08-28 12:15:19,362 [pool-444-thread-1] INFO  server.RaftServerConfigKeys (ConfUtils.java:logGet(43)) - raft.server.log.statemachine.data.caching.enabled = true (custom)
2019-08-28 12:15:19,362 [pool-444-thread-1] INFO  segmented.SegmentedRaftLogWorker (SegmentedRaftLogWorker.java:lambda$new$0(132)) - 077a7edd-6219-48df-b004-054f5dffa596-SegmentedRaftLogWorker:Storage Directory /workdir/hadoop-ozone/integration-test/target/test-dir/MiniOzoneClusterImpl-c8883471-de3b-444e-8801-a2789016650e/datanode-3/data/ratis/82978fe3-9db2-4be9-afaf-529db42d412a: flushIndex: setUnconditionally 0 -> -1
2019-08-28 12:15:19,363 [pool-444-thread-1] INFO  server.RaftServerConfigKeys (ConfUtils.java:logGet(43)) - raft.server.snapshot.auto.trigger.enabled = true (custom)
2019-08-28 12:15:19,363 [pool-444-thread-1] INFO  server.RaftServerConfigKeys (ConfUtils.java:logGet(43)) - raft.server.snapshot.auto.trigger.threshold = 10000 (custom)
2019-08-28 12:15:19,363 [pool-444-thread-1] INFO  server.RaftServerConfigKeys (ConfUtils.java:logGet(43)) - raft.server.retrycache.expirytime = 600000ms (custom)
2019-08-28 12:15:19,363 [pool-444-thread-1] INFO  impl.RaftServerImpl (RaftServerImpl.java:start(180)) - 077a7edd-6219-48df-b004-054f5dffa596: start group-529DB42D412A
2019-08-28 12:15:19,364 [pool-444-thread-1] INFO  impl.RaftServerImpl (RaftServerImpl.java:setRole(171)) - 077a7edd-6219-48df-b004-054f5dffa596:group-529DB42D412A changes role from null to FOLLOWER at term 0 for startAsFollower
2019-08-28 12:15:19,364 [pool-444-thread-1] INFO  impl.RoleInfo (RoleInfo.java:updateAndGet(143)) - 077a7edd-6219-48df-b004-054f5dffa596: start FollowerState
2019-08-28 12:15:19,364 [pool-444-thread-1] INFO  util.JmxRegister (JmxRegister.java:tryRegister(44)) - Successfully registered JMX Bean with object name Ratis:service=RaftServer,group=group-529DB42D412A,id=077a7edd-6219-48df-b004-054f5dffa596
2019-08-28 12:15:19,367 [RatisPipelineUtilsThread] INFO  pipeline.PipelineStateManager (PipelineStateManager.java:addPipeline(56)) - Created pipeline Pipeline[ Id: 82978fe3-9db2-4be9-afaf-529db42d412a, Nodes: 077a7edd-6219-48df-b004-054f5dffa596{ip: 192.168.36.80, host: pr-hdds-1949-gk6t9-2362663429, networkLocation: /default-rack, certSerialId: null}, Type:RATIS, Factor:ONE, State:OPEN]
2019-08-28 12:15:19,605 [IPC Server handler 4 on 42230] INFO  net.NetworkTopology (NetworkTopologyImpl.java:add(110)) - Added a new node: /default-rack/7f93d942-a8b7-48f2-bd83-54790fd1d280
2019-08-28 12:15:19,606 [IPC Server handler 4 on 42230] INFO  node.SCMNodeManager (SCMNodeManager.java:register(273)) - Registered Data node : 7f93d942-a8b7-48f2-bd83-54790fd1d280{ip: 192.168.36.80, host: pr-hdds-1949-gk6t9-2362663429, networkLocation: /default-rack, certSerialId: null}
2019-08-28 12:15:19,606 | INFO  | SCMAudit | user=jenkins1000 | ip=192.168.36.80 | op=REGISTER {datanodeDetails=7f93d942-a8b7-48f2-bd83-54790fd1d280{ip: 192.168.36.80, host: pr-hdds-1949-gk6t9-2362663429, networkLocation: /default-rack, certSerialId: null}} | ret=SUCCESS |  
2019-08-28 12:15:19,616 [grpc-default-executor-7] INFO  impl.RaftServerProxy (RaftServerProxy.java:addNew(89)) - 7f93d942-a8b7-48f2-bd83-54790fd1d280: addNew group-6B962E47979D:[7f93d942-a8b7-48f2-bd83-54790fd1d280:192.168.36.80:34503] returns group-6B962E47979D:java.util.concurrent.CompletableFuture@5a8df943[Not completed]
2019-08-28 12:15:19,617 [pool-455-thread-1] INFO  impl.RaftServerImpl (RaftServerImpl.java:<init>(93)) - 7f93d942-a8b7-48f2-bd83-54790fd1d280: new RaftServerImpl for group-6B962E47979D:[7f93d942-a8b7-48f2-bd83-54790fd1d280:192.168.36.80:34503] with ContainerStateMachine:uninitialized
2019-08-28 12:15:19,617 [pool-455-thread-1] INFO  server.RaftServerConfigKeys (ConfUtils.java:logGet(43)) - raft.server.rpc.timeout.min = 5s (custom)
2019-08-28 12:15:19,618 [pool-455-thread-1] INFO  server.RaftServerConfigKeys (ConfUtils.java:logGet(43)) - raft.server.rpc.timeout.max = 5200ms (custom)
2019-08-28 12:15:19,618 [pool-455-thread-1] INFO  server.RaftServerConfigKeys (ConfUtils.java:logGet(43)) - raft.server.rpcslowness.timeout = 120s (custom)
2019-08-28 12:15:19,618 [pool-455-thread-1] INFO  server.RaftServerConfigKeys (ConfUtils.java:logGet(43)) - raft.server.sleep.deviation.threshold = 300 (default)
2019-08-28 12:15:19,618 [pool-455-thread-1] INFO  server.RaftServerConfigKeys (ConfUtils.java:logGet(43)) - raft.server.log.appender.install.snapshot.enabled = false (custom)
2019-08-28 12:15:19,618 [pool-455-thread-1] INFO  impl.RaftServerImpl (ServerState.java:<init>(105)) - 7f93d942-a8b7-48f2-bd83-54790fd1d280:group-6B962E47979D ConfigurationManager, init=-1: [7f93d942-a8b7-48f2-bd83-54790fd1d280:192.168.36.80:34503], old=null, confs=<EMPTY_MAP>
2019-08-28 12:15:19,618 [pool-455-thread-1] INFO  server.RaftServerConfigKeys (ConfUtils.java:logGet(43)) - raft.server.storage.dir = [/workdir/hadoop-ozone/integration-test/target/test-dir/MiniOzoneClusterImpl-c8883471-de3b-444e-8801-a2789016650e/datanode-4/data/ratis] (custom)
2019-08-28 12:15:19,619 [pool-455-thread-1] INFO  storage.RaftStorageDirectory (RaftStorageDirectory.java:analyzeStorage(246)) - The storage directory /workdir/hadoop-ozone/integration-test/target/test-dir/MiniOzoneClusterImpl-c8883471-de3b-444e-8801-a2789016650e/datanode-4/data/ratis/59c1983b-80bf-49c2-954b-6b962e47979d does not exist. Creating ...
2019-08-28 12:15:19,632 [pool-455-thread-1] INFO  storage.RaftStorageDirectory (RaftStorageDirectory.java:tryLock(328)) - Lock on /workdir/hadoop-ozone/integration-test/target/test-dir/MiniOzoneClusterImpl-c8883471-de3b-444e-8801-a2789016650e/datanode-4/data/ratis/59c1983b-80bf-49c2-954b-6b962e47979d/in_use.lock acquired by nodename 4330@pr-hdds-1949-gk6t9-2362663429
2019-08-28 12:15:19,645 [pool-455-thread-1] INFO  storage.RaftStorage (RaftStorage.java:format(72)) - Storage directory /workdir/hadoop-ozone/integration-test/target/test-dir/MiniOzoneClusterImpl-c8883471-de3b-444e-8801-a2789016650e/datanode-4/data/ratis/59c1983b-80bf-49c2-954b-6b962e47979d has been successfully formatted.
2019-08-28 12:15:19,645 [pool-455-thread-1] INFO  ratis.ContainerStateMachine (ContainerStateMachine.java:loadSnapshot(227)) - group-6B962E47979D: The snapshot info is null. Setting the last applied indexto:(t:0, i:~)
2019-08-28 12:15:19,646 [pool-455-thread-1] INFO  server.RaftServerConfigKeys (ConfUtils.java:logGet(43)) - raft.server.leader.election.timeout = 120s (custom)
2019-08-28 12:15:19,646 [pool-455-thread-1] INFO  server.RaftServerConfigKeys (ConfUtils.java:logGet(43)) - raft.server.log.use.memory = false (default)
2019-08-28 12:15:19,646 [pool-455-thread-1] INFO  server.RaftServerConfigKeys (ConfUtils.java:logGet(43)) - raft.server.log.purge.gap = 1000000 (custom)
2019-08-28 12:15:19,646 [pool-455-thread-1] INFO  server.RaftServerConfigKeys (ConfUtils.java:logGet(43)) - raft.server.log.appender.buffer.byte-limit = 33554432 (custom)
2019-08-28 12:15:19,646 [pool-455-thread-1] INFO  server.RaftServerConfigKeys (ConfUtils.java:logGet(43)) - raft.server.log.segment.size.max = 1048576 (custom)
2019-08-28 12:15:19,646 [pool-455-thread-1] INFO  server.RaftServerConfigKeys (ConfUtils.java:logGet(43)) - raft.server.log.segment.cache.num.max = 2 (custom)
2019-08-28 12:15:19,646 [pool-455-thread-1] INFO  segmented.SegmentedRaftLogWorker (SegmentedRaftLogWorker.java:<init>(172)) - new 7f93d942-a8b7-48f2-bd83-54790fd1d280-SegmentedRaftLogWorker:Storage Directory /workdir/hadoop-ozone/integration-test/target/test-dir/MiniOzoneClusterImpl-c8883471-de3b-444e-8801-a2789016650e/datanode-4/data/ratis/59c1983b-80bf-49c2-954b-6b962e47979d for RaftStorage:Storage Directory /workdir/hadoop-ozone/integration-test/target/test-dir/MiniOzoneClusterImpl-c8883471-de3b-444e-8801-a2789016650e/datanode-4/data/ratis/59c1983b-80bf-49c2-954b-6b962e47979d
2019-08-28 12:15:19,647 [pool-455-thread-1] INFO  server.RaftServerConfigKeys (ConfUtils.java:logGet(43)) - raft.server.log.queue.byte-limit = 2147483647 (custom)
2019-08-28 12:15:19,647 [pool-455-thread-1] INFO  server.RaftServerConfigKeys (ConfUtils.java:logGet(43)) - raft.server.log.queue.element-limit = 1024 (custom)
2019-08-28 12:15:19,647 [pool-455-thread-1] INFO  server.RaftServerConfigKeys (ConfUtils.java:logGet(43)) - raft.server.log.segment.size.max = 1048576 (custom)
2019-08-28 12:15:19,647 [pool-455-thread-1] INFO  server.RaftServerConfigKeys (ConfUtils.java:logGet(43)) - raft.server.log.preallocated.size = 16384 (custom)
2019-08-28 12:15:19,647 [pool-455-thread-1] INFO  server.RaftServerConfigKeys (ConfUtils.java:logGet(43)) - raft.server.log.write.buffer.size = 33554432 (custom)
2019-08-28 12:15:19,647 [pool-455-thread-1] INFO  server.RaftServerConfigKeys (ConfUtils.java:logGet(43)) - raft.server.log.force.sync.num = 128 (default)
2019-08-28 12:15:19,648 [pool-455-thread-1] INFO  server.RaftServerConfigKeys (ConfUtils.java:logGet(43)) - raft.server.log.statemachine.data.sync = true (default)
2019-08-28 12:15:19,648 [pool-455-thread-1] INFO  server.RaftServerConfigKeys (ConfUtils.java:logGet(43)) - raft.server.log.statemachine.data.sync.timeout = 10s (default)
2019-08-28 12:15:19,648 [pool-455-thread-1] INFO  server.RaftServerConfigKeys (ConfUtils.java:logGet(43)) - raft.server.log.statemachine.data.sync.timeout.retry = -1 (default)
2019-08-28 12:15:19,648 [pool-455-thread-1] INFO  server.RaftServerConfigKeys (ConfUtils.java:logGet(43)) - raft.server.log.statemachine.data.caching.enabled = true (custom)
2019-08-28 12:15:19,648 [pool-455-thread-1] INFO  segmented.SegmentedRaftLogWorker (SegmentedRaftLogWorker.java:lambda$new$0(132)) - 7f93d942-a8b7-48f2-bd83-54790fd1d280-SegmentedRaftLogWorker:Storage Directory /workdir/hadoop-ozone/integration-test/target/test-dir/MiniOzoneClusterImpl-c8883471-de3b-444e-8801-a2789016650e/datanode-4/data/ratis/59c1983b-80bf-49c2-954b-6b962e47979d: flushIndex: setUnconditionally 0 -> -1
2019-08-28 12:15:19,649 [pool-455-thread-1] INFO  server.RaftServerConfigKeys (ConfUtils.java:logGet(43)) - raft.server.snapshot.auto.trigger.enabled = true (custom)
2019-08-28 12:15:19,649 [pool-455-thread-1] INFO  server.RaftServerConfigKeys (ConfUtils.java:logGet(43)) - raft.server.snapshot.auto.trigger.threshold = 10000 (custom)
2019-08-28 12:15:19,649 [pool-455-thread-1] INFO  server.RaftServerConfigKeys (ConfUtils.java:logGet(43)) - raft.server.retrycache.expirytime = 600000ms (custom)
2019-08-28 12:15:19,649 [pool-455-thread-1] INFO  impl.RaftServerImpl (RaftServerImpl.java:start(180)) - 7f93d942-a8b7-48f2-bd83-54790fd1d280: start group-6B962E47979D
2019-08-28 12:15:19,649 [pool-455-thread-1] INFO  impl.RaftServerImpl (RaftServerImpl.java:setRole(171)) - 7f93d942-a8b7-48f2-bd83-54790fd1d280:group-6B962E47979D changes role from null to FOLLOWER at term 0 for startAsFollower
2019-08-28 12:15:19,650 [pool-455-thread-1] INFO  impl.RoleInfo (RoleInfo.java:updateAndGet(143)) - 7f93d942-a8b7-48f2-bd83-54790fd1d280: start FollowerState
2019-08-28 12:15:19,650 [pool-455-thread-1] INFO  util.JmxRegister (JmxRegister.java:tryRegister(44)) - Successfully registered JMX Bean with object name Ratis:service=RaftServer,group=group-6B962E47979D,id=7f93d942-a8b7-48f2-bd83-54790fd1d280
2019-08-28 12:15:19,652 [RatisPipelineUtilsThread] INFO  pipeline.PipelineStateManager (PipelineStateManager.java:addPipeline(56)) - Created pipeline Pipeline[ Id: 59c1983b-80bf-49c2-954b-6b962e47979d, Nodes: 7f93d942-a8b7-48f2-bd83-54790fd1d280{ip: 192.168.36.80, host: pr-hdds-1949-gk6t9-2362663429, networkLocation: /default-rack, certSerialId: null}, Type:RATIS, Factor:ONE, State:OPEN]
2019-08-28 12:15:19,865 [IPC Server handler 6 on 42230] INFO  net.NetworkTopology (NetworkTopologyImpl.java:add(110)) - Added a new node: /default-rack/3f0f2d41-29a3-4672-a6ae-dc742954b441
2019-08-28 12:15:19,865 [IPC Server handler 6 on 42230] INFO  node.SCMNodeManager (SCMNodeManager.java:register(273)) - Registered Data node : 3f0f2d41-29a3-4672-a6ae-dc742954b441{ip: 192.168.36.80, host: pr-hdds-1949-gk6t9-2362663429, networkLocation: /default-rack, certSerialId: null}
2019-08-28 12:15:19,866 | INFO  | SCMAudit | user=jenkins1000 | ip=192.168.36.80 | op=REGISTER {datanodeDetails=3f0f2d41-29a3-4672-a6ae-dc742954b441{ip: 192.168.36.80, host: pr-hdds-1949-gk6t9-2362663429, networkLocation: /default-rack, certSerialId: null}} | ret=SUCCESS |  
2019-08-28 12:15:19,875 [grpc-default-executor-7] INFO  impl.RaftServerProxy (RaftServerProxy.java:addNew(89)) - 3f0f2d41-29a3-4672-a6ae-dc742954b441: addNew group-0C78E000B121:[3f0f2d41-29a3-4672-a6ae-dc742954b441:192.168.36.80:46663] returns group-0C78E000B121:java.util.concurrent.CompletableFuture@1bc5ba2e[Not completed]
2019-08-28 12:15:19,877 [pool-466-thread-1] INFO  impl.RaftServerImpl (RaftServerImpl.java:<init>(93)) - 3f0f2d41-29a3-4672-a6ae-dc742954b441: new RaftServerImpl for group-0C78E000B121:[3f0f2d41-29a3-4672-a6ae-dc742954b441:192.168.36.80:46663] with ContainerStateMachine:uninitialized
2019-08-28 12:15:19,877 [pool-466-thread-1] INFO  server.RaftServerConfigKeys (ConfUtils.java:logGet(43)) - raft.server.rpc.timeout.min = 5s (custom)
2019-08-28 12:15:19,877 [pool-466-thread-1] INFO  server.RaftServerConfigKeys (ConfUtils.java:logGet(43)) - raft.server.rpc.timeout.max = 5200ms (custom)
2019-08-28 12:15:19,877 [pool-466-thread-1] INFO  server.RaftServerConfigKeys (ConfUtils.java:logGet(43)) - raft.server.rpcslowness.timeout = 120s (custom)
2019-08-28 12:15:19,877 [pool-466-thread-1] INFO  server.RaftServerConfigKeys (ConfUtils.java:logGet(43)) - raft.server.sleep.deviation.threshold = 300 (default)
2019-08-28 12:15:19,878 [pool-466-thread-1] INFO  server.RaftServerConfigKeys (ConfUtils.java:logGet(43)) - raft.server.log.appender.install.snapshot.enabled = false (custom)
2019-08-28 12:15:19,878 [pool-466-thread-1] INFO  impl.RaftServerImpl (ServerState.java:<init>(105)) - 3f0f2d41-29a3-4672-a6ae-dc742954b441:group-0C78E000B121 ConfigurationManager, init=-1: [3f0f2d41-29a3-4672-a6ae-dc742954b441:192.168.36.80:46663], old=null, confs=<EMPTY_MAP>
2019-08-28 12:15:19,878 [pool-466-thread-1] INFO  server.RaftServerConfigKeys (ConfUtils.java:logGet(43)) - raft.server.storage.dir = [/workdir/hadoop-ozone/integration-test/target/test-dir/MiniOzoneClusterImpl-c8883471-de3b-444e-8801-a2789016650e/datanode-5/data/ratis] (custom)
2019-08-28 12:15:19,878 [pool-466-thread-1] INFO  storage.RaftStorageDirectory (RaftStorageDirectory.java:analyzeStorage(246)) - The storage directory /workdir/hadoop-ozone/integration-test/target/test-dir/MiniOzoneClusterImpl-c8883471-de3b-444e-8801-a2789016650e/datanode-5/data/ratis/069f10c0-3fbf-4fa9-bb65-0c78e000b121 does not exist. Creating ...
2019-08-28 12:15:19,892 [pool-466-thread-1] INFO  storage.RaftStorageDirectory (RaftStorageDirectory.java:tryLock(328)) - Lock on /workdir/hadoop-ozone/integration-test/target/test-dir/MiniOzoneClusterImpl-c8883471-de3b-444e-8801-a2789016650e/datanode-5/data/ratis/069f10c0-3fbf-4fa9-bb65-0c78e000b121/in_use.lock acquired by nodename 4330@pr-hdds-1949-gk6t9-2362663429
2019-08-28 12:15:19,905 [pool-466-thread-1] INFO  storage.RaftStorage (RaftStorage.java:format(72)) - Storage directory /workdir/hadoop-ozone/integration-test/target/test-dir/MiniOzoneClusterImpl-c8883471-de3b-444e-8801-a2789016650e/datanode-5/data/ratis/069f10c0-3fbf-4fa9-bb65-0c78e000b121 has been successfully formatted.
2019-08-28 12:15:19,905 [pool-466-thread-1] INFO  ratis.ContainerStateMachine (ContainerStateMachine.java:loadSnapshot(227)) - group-0C78E000B121: The snapshot info is null. Setting the last applied indexto:(t:0, i:~)
2019-08-28 12:15:19,906 [pool-466-thread-1] INFO  server.RaftServerConfigKeys (ConfUtils.java:logGet(43)) - raft.server.leader.election.timeout = 120s (custom)
2019-08-28 12:15:19,906 [pool-466-thread-1] INFO  server.RaftServerConfigKeys (ConfUtils.java:logGet(43)) - raft.server.log.use.memory = false (default)
2019-08-28 12:15:19,906 [pool-466-thread-1] INFO  server.RaftServerConfigKeys (ConfUtils.java:logGet(43)) - raft.server.log.purge.gap = 1000000 (custom)
2019-08-28 12:15:19,906 [pool-466-thread-1] INFO  server.RaftServerConfigKeys (ConfUtils.java:logGet(43)) - raft.server.log.appender.buffer.byte-limit = 33554432 (custom)
2019-08-28 12:15:19,907 [pool-466-thread-1] INFO  server.RaftServerConfigKeys (ConfUtils.java:logGet(43)) - raft.server.log.segment.size.max = 1048576 (custom)
2019-08-28 12:15:19,907 [pool-466-thread-1] INFO  server.RaftServerConfigKeys (ConfUtils.java:logGet(43)) - raft.server.log.segment.cache.num.max = 2 (custom)
2019-08-28 12:15:19,907 [pool-466-thread-1] INFO  segmented.SegmentedRaftLogWorker (SegmentedRaftLogWorker.java:<init>(172)) - new 3f0f2d41-29a3-4672-a6ae-dc742954b441-SegmentedRaftLogWorker:Storage Directory /workdir/hadoop-ozone/integration-test/target/test-dir/MiniOzoneClusterImpl-c8883471-de3b-444e-8801-a2789016650e/datanode-5/data/ratis/069f10c0-3fbf-4fa9-bb65-0c78e000b121 for RaftStorage:Storage Directory /workdir/hadoop-ozone/integration-test/target/test-dir/MiniOzoneClusterImpl-c8883471-de3b-444e-8801-a2789016650e/datanode-5/data/ratis/069f10c0-3fbf-4fa9-bb65-0c78e000b121
2019-08-28 12:15:19,907 [pool-466-thread-1] INFO  server.RaftServerConfigKeys (ConfUtils.java:logGet(43)) - raft.server.log.queue.byte-limit = 2147483647 (custom)
2019-08-28 12:15:19,907 [pool-466-thread-1] INFO  server.RaftServerConfigKeys (ConfUtils.java:logGet(43)) - raft.server.log.queue.element-limit = 1024 (custom)
2019-08-28 12:15:19,908 [pool-466-thread-1] INFO  server.RaftServerConfigKeys (ConfUtils.java:logGet(43)) - raft.server.log.segment.size.max = 1048576 (custom)
2019-08-28 12:15:19,908 [pool-466-thread-1] INFO  server.RaftServerConfigKeys (ConfUtils.java:logGet(43)) - raft.server.log.preallocated.size = 16384 (custom)
2019-08-28 12:15:19,908 [pool-466-thread-1] INFO  server.RaftServerConfigKeys (ConfUtils.java:logGet(43)) - raft.server.log.write.buffer.size = 33554432 (custom)
2019-08-28 12:15:19,908 [pool-466-thread-1] INFO  server.RaftServerConfigKeys (ConfUtils.java:logGet(43)) - raft.server.log.force.sync.num = 128 (default)
2019-08-28 12:15:19,908 [pool-466-thread-1] INFO  server.RaftServerConfigKeys (ConfUtils.java:logGet(43)) - raft.server.log.statemachine.data.sync = true (default)
2019-08-28 12:15:19,908 [pool-466-thread-1] INFO  server.RaftServerConfigKeys (ConfUtils.java:logGet(43)) - raft.server.log.statemachine.data.sync.timeout = 10s (default)
2019-08-28 12:15:19,908 [pool-466-thread-1] INFO  server.RaftServerConfigKeys (ConfUtils.java:logGet(43)) - raft.server.log.statemachine.data.sync.timeout.retry = -1 (default)
2019-08-28 12:15:19,909 [pool-466-thread-1] INFO  server.RaftServerConfigKeys (ConfUtils.java:logGet(43)) - raft.server.log.statemachine.data.caching.enabled = true (custom)
2019-08-28 12:15:19,909 [pool-466-thread-1] INFO  segmented.SegmentedRaftLogWorker (SegmentedRaftLogWorker.java:lambda$new$0(132)) - 3f0f2d41-29a3-4672-a6ae-dc742954b441-SegmentedRaftLogWorker:Storage Directory /workdir/hadoop-ozone/integration-test/target/test-dir/MiniOzoneClusterImpl-c8883471-de3b-444e-8801-a2789016650e/datanode-5/data/ratis/069f10c0-3fbf-4fa9-bb65-0c78e000b121: flushIndex: setUnconditionally 0 -> -1
2019-08-28 12:15:19,910 [pool-466-thread-1] INFO  server.RaftServerConfigKeys (ConfUtils.java:logGet(43)) - raft.server.snapshot.auto.trigger.enabled = true (custom)
2019-08-28 12:15:19,910 [pool-466-thread-1] INFO  server.RaftServerConfigKeys (ConfUtils.java:logGet(43)) - raft.server.snapshot.auto.trigger.threshold = 10000 (custom)
2019-08-28 12:15:19,910 [pool-466-thread-1] INFO  server.RaftServerConfigKeys (ConfUtils.java:logGet(43)) - raft.server.retrycache.expirytime = 600000ms (custom)
2019-08-28 12:15:19,911 [pool-466-thread-1] INFO  impl.RaftServerImpl (RaftServerImpl.java:start(180)) - 3f0f2d41-29a3-4672-a6ae-dc742954b441: start group-0C78E000B121
2019-08-28 12:15:19,911 [pool-466-thread-1] INFO  impl.RaftServerImpl (RaftServerImpl.java:setRole(171)) - 3f0f2d41-29a3-4672-a6ae-dc742954b441:group-0C78E000B121 changes role from null to FOLLOWER at term 0 for startAsFollower
2019-08-28 12:15:19,911 [pool-466-thread-1] INFO  impl.RoleInfo (RoleInfo.java:updateAndGet(143)) - 3f0f2d41-29a3-4672-a6ae-dc742954b441: start FollowerState
2019-08-28 12:15:19,912 [pool-466-thread-1] INFO  util.JmxRegister (JmxRegister.java:tryRegister(44)) - Successfully registered JMX Bean with object name Ratis:service=RaftServer,group=group-0C78E000B121,id=3f0f2d41-29a3-4672-a6ae-dc742954b441
2019-08-28 12:15:19,914 [RatisPipelineUtilsThread] INFO  pipeline.PipelineStateManager (PipelineStateManager.java:addPipeline(56)) - Created pipeline Pipeline[ Id: 069f10c0-3fbf-4fa9-bb65-0c78e000b121, Nodes: 3f0f2d41-29a3-4672-a6ae-dc742954b441{ip: 192.168.36.80, host: pr-hdds-1949-gk6t9-2362663429, networkLocation: /default-rack, certSerialId: null}, Type:RATIS, Factor:ONE, State:OPEN]
2019-08-28 12:15:19,934 [grpc-default-executor-6] INFO  impl.RaftServerProxy (RaftServerProxy.java:addNew(89)) - 3f0f2d41-29a3-4672-a6ae-dc742954b441: addNew group-D4FF788DB337:[7f93d942-a8b7-48f2-bd83-54790fd1d280:192.168.36.80:34503, 3f0f2d41-29a3-4672-a6ae-dc742954b441:192.168.36.80:46663, 077a7edd-6219-48df-b004-054f5dffa596:192.168.36.80:46569] returns group-D4FF788DB337:java.util.concurrent.CompletableFuture@26251817[Not completed]
2019-08-28 12:15:19,934 [grpc-default-executor-2] INFO  impl.RaftServerProxy (RaftServerProxy.java:addNew(89)) - 7f93d942-a8b7-48f2-bd83-54790fd1d280: addNew group-D4FF788DB337:[7f93d942-a8b7-48f2-bd83-54790fd1d280:192.168.36.80:34503, 3f0f2d41-29a3-4672-a6ae-dc742954b441:192.168.36.80:46663, 077a7edd-6219-48df-b004-054f5dffa596:192.168.36.80:46569] returns group-D4FF788DB337:java.util.concurrent.CompletableFuture@5c8e0cfe[Not completed]
2019-08-28 12:15:19,934 [grpc-default-executor-7] INFO  impl.RaftServerProxy (RaftServerProxy.java:addNew(89)) - 077a7edd-6219-48df-b004-054f5dffa596: addNew group-D4FF788DB337:[7f93d942-a8b7-48f2-bd83-54790fd1d280:192.168.36.80:34503, 3f0f2d41-29a3-4672-a6ae-dc742954b441:192.168.36.80:46663, 077a7edd-6219-48df-b004-054f5dffa596:192.168.36.80:46569] returns group-D4FF788DB337:java.util.concurrent.CompletableFuture@792ae582[Not completed]
2019-08-28 12:15:19,935 [pool-466-thread-1] INFO  impl.RaftServerImpl (RaftServerImpl.java:<init>(93)) - 3f0f2d41-29a3-4672-a6ae-dc742954b441: new RaftServerImpl for group-D4FF788DB337:[7f93d942-a8b7-48f2-bd83-54790fd1d280:192.168.36.80:34503, 3f0f2d41-29a3-4672-a6ae-dc742954b441:192.168.36.80:46663, 077a7edd-6219-48df-b004-054f5dffa596:192.168.36.80:46569] with ContainerStateMachine:uninitialized
2019-08-28 12:15:19,936 [pool-466-thread-1] INFO  server.RaftServerConfigKeys (ConfUtils.java:logGet(43)) - raft.server.rpc.timeout.min = 5s (custom)
2019-08-28 12:15:19,936 [pool-466-thread-1] INFO  server.RaftServerConfigKeys (ConfUtils.java:logGet(43)) - raft.server.rpc.timeout.max = 5200ms (custom)
2019-08-28 12:15:19,936 [pool-466-thread-1] INFO  server.RaftServerConfigKeys (ConfUtils.java:logGet(43)) - raft.server.rpcslowness.timeout = 120s (custom)
2019-08-28 12:15:19,936 [pool-466-thread-1] INFO  server.RaftServerConfigKeys (ConfUtils.java:logGet(43)) - raft.server.sleep.deviation.threshold = 300 (default)
2019-08-28 12:15:19,936 [pool-466-thread-1] INFO  server.RaftServerConfigKeys (ConfUtils.java:logGet(43)) - raft.server.log.appender.install.snapshot.enabled = false (custom)
2019-08-28 12:15:19,936 [pool-444-thread-1] INFO  impl.RaftServerImpl (RaftServerImpl.java:<init>(93)) - 077a7edd-6219-48df-b004-054f5dffa596: new RaftServerImpl for group-D4FF788DB337:[7f93d942-a8b7-48f2-bd83-54790fd1d280:192.168.36.80:34503, 3f0f2d41-29a3-4672-a6ae-dc742954b441:192.168.36.80:46663, 077a7edd-6219-48df-b004-054f5dffa596:192.168.36.80:46569] with ContainerStateMachine:uninitialized
2019-08-28 12:15:19,936 [pool-466-thread-1] INFO  impl.RaftServerImpl (ServerState.java:<init>(105)) - 3f0f2d41-29a3-4672-a6ae-dc742954b441:group-D4FF788DB337 ConfigurationManager, init=-1: [7f93d942-a8b7-48f2-bd83-54790fd1d280:192.168.36.80:34503, 3f0f2d41-29a3-4672-a6ae-dc742954b441:192.168.36.80:46663, 077a7edd-6219-48df-b004-054f5dffa596:192.168.36.80:46569], old=null, confs=<EMPTY_MAP>
2019-08-28 12:15:19,937 [pool-444-thread-1] INFO  server.RaftServerConfigKeys (ConfUtils.java:logGet(43)) - raft.server.rpc.timeout.min = 5s (custom)
2019-08-28 12:15:19,937 [pool-466-thread-1] INFO  server.RaftServerConfigKeys (ConfUtils.java:logGet(43)) - raft.server.storage.dir = [/workdir/hadoop-ozone/integration-test/target/test-dir/MiniOzoneClusterImpl-c8883471-de3b-444e-8801-a2789016650e/datanode-5/data/ratis] (custom)
2019-08-28 12:15:19,937 [pool-444-thread-1] INFO  server.RaftServerConfigKeys (ConfUtils.java:logGet(43)) - raft.server.rpc.timeout.max = 5200ms (custom)
2019-08-28 12:15:19,937 [pool-455-thread-1] INFO  impl.RaftServerImpl (RaftServerImpl.java:<init>(93)) - 7f93d942-a8b7-48f2-bd83-54790fd1d280: new RaftServerImpl for group-D4FF788DB337:[7f93d942-a8b7-48f2-bd83-54790fd1d280:192.168.36.80:34503, 3f0f2d41-29a3-4672-a6ae-dc742954b441:192.168.36.80:46663, 077a7edd-6219-48df-b004-054f5dffa596:192.168.36.80:46569] with ContainerStateMachine:uninitialized
2019-08-28 12:15:19,937 [pool-466-thread-1] INFO  storage.RaftStorageDirectory (RaftStorageDirectory.java:analyzeStorage(246)) - The storage directory /workdir/hadoop-ozone/integration-test/target/test-dir/MiniOzoneClusterImpl-c8883471-de3b-444e-8801-a2789016650e/datanode-5/data/ratis/883a74c8-7e11-4520-b03a-d4ff788db337 does not exist. Creating ...
2019-08-28 12:15:19,937 [pool-444-thread-1] INFO  server.RaftServerConfigKeys (ConfUtils.java:logGet(43)) - raft.server.rpcslowness.timeout = 120s (custom)
2019-08-28 12:15:19,937 [pool-455-thread-1] INFO  server.RaftServerConfigKeys (ConfUtils.java:logGet(43)) - raft.server.rpc.timeout.min = 5s (custom)
2019-08-28 12:15:19,937 [pool-444-thread-1] INFO  server.RaftServerConfigKeys (ConfUtils.java:logGet(43)) - raft.server.sleep.deviation.threshold = 300 (default)
2019-08-28 12:15:19,938 [pool-455-thread-1] INFO  server.RaftServerConfigKeys (ConfUtils.java:logGet(43)) - raft.server.rpc.timeout.max = 5200ms (custom)
2019-08-28 12:15:19,938 [pool-444-thread-1] INFO  server.RaftServerConfigKeys (ConfUtils.java:logGet(43)) - raft.server.log.appender.install.snapshot.enabled = false (custom)
2019-08-28 12:15:19,938 [pool-455-thread-1] INFO  server.RaftServerConfigKeys (ConfUtils.java:logGet(43)) - raft.server.rpcslowness.timeout = 120s (custom)
2019-08-28 12:15:19,938 [pool-444-thread-1] INFO  impl.RaftServerImpl (ServerState.java:<init>(105)) - 077a7edd-6219-48df-b004-054f5dffa596:group-D4FF788DB337 ConfigurationManager, init=-1: [7f93d942-a8b7-48f2-bd83-54790fd1d280:192.168.36.80:34503, 3f0f2d41-29a3-4672-a6ae-dc742954b441:192.168.36.80:46663, 077a7edd-6219-48df-b004-054f5dffa596:192.168.36.80:46569], old=null, confs=<EMPTY_MAP>
2019-08-28 12:15:19,938 [pool-455-thread-1] INFO  server.RaftServerConfigKeys (ConfUtils.java:logGet(43)) - raft.server.sleep.deviation.threshold = 300 (default)
2019-08-28 12:15:19,938 [pool-444-thread-1] INFO  server.RaftServerConfigKeys (ConfUtils.java:logGet(43)) - raft.server.storage.dir = [/workdir/hadoop-ozone/integration-test/target/test-dir/MiniOzoneClusterImpl-c8883471-de3b-444e-8801-a2789016650e/datanode-3/data/ratis] (custom)
2019-08-28 12:15:19,938 [pool-455-thread-1] INFO  server.RaftServerConfigKeys (ConfUtils.java:logGet(43)) - raft.server.log.appender.install.snapshot.enabled = false (custom)
2019-08-28 12:15:19,939 [pool-455-thread-1] INFO  impl.RaftServerImpl (ServerState.java:<init>(105)) - 7f93d942-a8b7-48f2-bd83-54790fd1d280:group-D4FF788DB337 ConfigurationManager, init=-1: [7f93d942-a8b7-48f2-bd83-54790fd1d280:192.168.36.80:34503, 3f0f2d41-29a3-4672-a6ae-dc742954b441:192.168.36.80:46663, 077a7edd-6219-48df-b004-054f5dffa596:192.168.36.80:46569], old=null, confs=<EMPTY_MAP>
2019-08-28 12:15:19,939 [pool-444-thread-1] INFO  storage.RaftStorageDirectory (RaftStorageDirectory.java:analyzeStorage(246)) - The storage directory /workdir/hadoop-ozone/integration-test/target/test-dir/MiniOzoneClusterImpl-c8883471-de3b-444e-8801-a2789016650e/datanode-3/data/ratis/883a74c8-7e11-4520-b03a-d4ff788db337 does not exist. Creating ...
2019-08-28 12:15:19,939 [pool-455-thread-1] INFO  server.RaftServerConfigKeys (ConfUtils.java:logGet(43)) - raft.server.storage.dir = [/workdir/hadoop-ozone/integration-test/target/test-dir/MiniOzoneClusterImpl-c8883471-de3b-444e-8801-a2789016650e/datanode-4/data/ratis] (custom)
2019-08-28 12:15:19,939 [pool-455-thread-1] INFO  storage.RaftStorageDirectory (RaftStorageDirectory.java:analyzeStorage(246)) - The storage directory /workdir/hadoop-ozone/integration-test/target/test-dir/MiniOzoneClusterImpl-c8883471-de3b-444e-8801-a2789016650e/datanode-4/data/ratis/883a74c8-7e11-4520-b03a-d4ff788db337 does not exist. Creating ...
2019-08-28 12:15:19,950 [pool-466-thread-1] INFO  storage.RaftStorageDirectory (RaftStorageDirectory.java:tryLock(328)) - Lock on /workdir/hadoop-ozone/integration-test/target/test-dir/MiniOzoneClusterImpl-c8883471-de3b-444e-8801-a2789016650e/datanode-5/data/ratis/883a74c8-7e11-4520-b03a-d4ff788db337/in_use.lock acquired by nodename 4330@pr-hdds-1949-gk6t9-2362663429
2019-08-28 12:15:19,950 [pool-444-thread-1] INFO  storage.RaftStorageDirectory (RaftStorageDirectory.java:tryLock(328)) - Lock on /workdir/hadoop-ozone/integration-test/target/test-dir/MiniOzoneClusterImpl-c8883471-de3b-444e-8801-a2789016650e/datanode-3/data/ratis/883a74c8-7e11-4520-b03a-d4ff788db337/in_use.lock acquired by nodename 4330@pr-hdds-1949-gk6t9-2362663429
2019-08-28 12:15:19,950 [pool-455-thread-1] INFO  storage.RaftStorageDirectory (RaftStorageDirectory.java:tryLock(328)) - Lock on /workdir/hadoop-ozone/integration-test/target/test-dir/MiniOzoneClusterImpl-c8883471-de3b-444e-8801-a2789016650e/datanode-4/data/ratis/883a74c8-7e11-4520-b03a-d4ff788db337/in_use.lock acquired by nodename 4330@pr-hdds-1949-gk6t9-2362663429
2019-08-28 12:15:19,964 [pool-466-thread-1] INFO  storage.RaftStorage (RaftStorage.java:format(72)) - Storage directory /workdir/hadoop-ozone/integration-test/target/test-dir/MiniOzoneClusterImpl-c8883471-de3b-444e-8801-a2789016650e/datanode-5/data/ratis/883a74c8-7e11-4520-b03a-d4ff788db337 has been successfully formatted.
2019-08-28 12:15:19,964 [pool-444-thread-1] INFO  storage.RaftStorage (RaftStorage.java:format(72)) - Storage directory /workdir/hadoop-ozone/integration-test/target/test-dir/MiniOzoneClusterImpl-c8883471-de3b-444e-8801-a2789016650e/datanode-3/data/ratis/883a74c8-7e11-4520-b03a-d4ff788db337 has been successfully formatted.
2019-08-28 12:15:19,964 [pool-466-thread-1] INFO  ratis.ContainerStateMachine (ContainerStateMachine.java:loadSnapshot(227)) - group-D4FF788DB337: The snapshot info is null. Setting the last applied indexto:(t:0, i:~)
2019-08-28 12:15:19,964 [pool-455-thread-1] INFO  storage.RaftStorage (RaftStorage.java:format(72)) - Storage directory /workdir/hadoop-ozone/integration-test/target/test-dir/MiniOzoneClusterImpl-c8883471-de3b-444e-8801-a2789016650e/datanode-4/data/ratis/883a74c8-7e11-4520-b03a-d4ff788db337 has been successfully formatted.
2019-08-28 12:15:19,965 [pool-444-thread-1] INFO  ratis.ContainerStateMachine (ContainerStateMachine.java:loadSnapshot(227)) - group-D4FF788DB337: The snapshot info is null. Setting the last applied indexto:(t:0, i:~)
2019-08-28 12:15:19,965 [pool-466-thread-1] INFO  server.RaftServerConfigKeys (ConfUtils.java:logGet(43)) - raft.server.leader.election.timeout = 120s (custom)
2019-08-28 12:15:19,965 [pool-444-thread-1] INFO  server.RaftServerConfigKeys (ConfUtils.java:logGet(43)) - raft.server.leader.election.timeout = 120s (custom)
2019-08-28 12:15:19,965 [pool-455-thread-1] INFO  ratis.ContainerStateMachine (ContainerStateMachine.java:loadSnapshot(227)) - group-D4FF788DB337: The snapshot info is null. Setting the last applied indexto:(t:0, i:~)
2019-08-28 12:15:19,965 [pool-444-thread-1] INFO  server.RaftServerConfigKeys (ConfUtils.java:logGet(43)) - raft.server.log.use.memory = false (default)
2019-08-28 12:15:19,965 [pool-466-thread-1] INFO  server.RaftServerConfigKeys (ConfUtils.java:logGet(43)) - raft.server.log.use.memory = false (default)
2019-08-28 12:15:19,965 [pool-444-thread-1] INFO  server.RaftServerConfigKeys (ConfUtils.java:logGet(43)) - raft.server.log.purge.gap = 1000000 (custom)
2019-08-28 12:15:19,965 [pool-455-thread-1] INFO  server.RaftServerConfigKeys (ConfUtils.java:logGet(43)) - raft.server.leader.election.timeout = 120s (custom)
2019-08-28 12:15:19,966 [pool-444-thread-1] INFO  server.RaftServerConfigKeys (ConfUtils.java:logGet(43)) - raft.server.log.appender.buffer.byte-limit = 33554432 (custom)
2019-08-28 12:15:19,965 [pool-466-thread-1] INFO  server.RaftServerConfigKeys (ConfUtils.java:logGet(43)) - raft.server.log.purge.gap = 1000000 (custom)
2019-08-28 12:15:19,966 [pool-444-thread-1] INFO  server.RaftServerConfigKeys (ConfUtils.java:logGet(43)) - raft.server.log.segment.size.max = 1048576 (custom)
2019-08-28 12:15:19,966 [pool-455-thread-1] INFO  server.RaftServerConfigKeys (ConfUtils.java:logGet(43)) - raft.server.log.use.memory = false (default)
2019-08-28 12:15:19,966 [pool-444-thread-1] INFO  server.RaftServerConfigKeys (ConfUtils.java:logGet(43)) - raft.server.log.segment.cache.num.max = 2 (custom)
2019-08-28 12:15:19,966 [pool-466-thread-1] INFO  server.RaftServerConfigKeys (ConfUtils.java:logGet(43)) - raft.server.log.appender.buffer.byte-limit = 33554432 (custom)
2019-08-28 12:15:19,966 [pool-444-thread-1] INFO  segmented.SegmentedRaftLogWorker (SegmentedRaftLogWorker.java:<init>(172)) - new 077a7edd-6219-48df-b004-054f5dffa596-SegmentedRaftLogWorker:Storage Directory /workdir/hadoop-ozone/integration-test/target/test-dir/MiniOzoneClusterImpl-c8883471-de3b-444e-8801-a2789016650e/datanode-3/data/ratis/883a74c8-7e11-4520-b03a-d4ff788db337 for RaftStorage:Storage Directory /workdir/hadoop-ozone/integration-test/target/test-dir/MiniOzoneClusterImpl-c8883471-de3b-444e-8801-a2789016650e/datanode-3/data/ratis/883a74c8-7e11-4520-b03a-d4ff788db337
2019-08-28 12:15:19,966 [pool-455-thread-1] INFO  server.RaftServerConfigKeys (ConfUtils.java:logGet(43)) - raft.server.log.purge.gap = 1000000 (custom)
2019-08-28 12:15:19,967 [pool-444-thread-1] INFO  server.RaftServerConfigKeys (ConfUtils.java:logGet(43)) - raft.server.log.queue.byte-limit = 2147483647 (custom)
2019-08-28 12:15:19,966 [pool-466-thread-1] INFO  server.RaftServerConfigKeys (ConfUtils.java:logGet(43)) - raft.server.log.segment.size.max = 1048576 (custom)
2019-08-28 12:15:19,967 [pool-444-thread-1] INFO  server.RaftServerConfigKeys (ConfUtils.java:logGet(43)) - raft.server.log.queue.element-limit = 1024 (custom)
2019-08-28 12:15:19,967 [pool-455-thread-1] INFO  server.RaftServerConfigKeys (ConfUtils.java:logGet(43)) - raft.server.log.appender.buffer.byte-limit = 33554432 (custom)
2019-08-28 12:15:19,967 [pool-444-thread-1] INFO  server.RaftServerConfigKeys (ConfUtils.java:logGet(43)) - raft.server.log.segment.size.max = 1048576 (custom)
2019-08-28 12:15:19,967 [pool-466-thread-1] INFO  server.RaftServerConfigKeys (ConfUtils.java:logGet(43)) - raft.server.log.segment.cache.num.max = 2 (custom)
2019-08-28 12:15:19,967 [pool-444-thread-1] INFO  server.RaftServerConfigKeys (ConfUtils.java:logGet(43)) - raft.server.log.preallocated.size = 16384 (custom)
2019-08-28 12:15:19,967 [pool-455-thread-1] INFO  server.RaftServerConfigKeys (ConfUtils.java:logGet(43)) - raft.server.log.segment.size.max = 1048576 (custom)
2019-08-28 12:15:19,968 [pool-444-thread-1] INFO  server.RaftServerConfigKeys (ConfUtils.java:logGet(43)) - raft.server.log.write.buffer.size = 33554432 (custom)
2019-08-28 12:15:19,967 [pool-466-thread-1] INFO  segmented.SegmentedRaftLogWorker (SegmentedRaftLogWorker.java:<init>(172)) - new 3f0f2d41-29a3-4672-a6ae-dc742954b441-SegmentedRaftLogWorker:Storage Directory /workdir/hadoop-ozone/integration-test/target/test-dir/MiniOzoneClusterImpl-c8883471-de3b-444e-8801-a2789016650e/datanode-5/data/ratis/883a74c8-7e11-4520-b03a-d4ff788db337 for RaftStorage:Storage Directory /workdir/hadoop-ozone/integration-test/target/test-dir/MiniOzoneClusterImpl-c8883471-de3b-444e-8801-a2789016650e/datanode-5/data/ratis/883a74c8-7e11-4520-b03a-d4ff788db337
2019-08-28 12:15:19,968 [pool-444-thread-1] INFO  server.RaftServerConfigKeys (ConfUtils.java:logGet(43)) - raft.server.log.force.sync.num = 128 (default)
2019-08-28 12:15:19,968 [pool-455-thread-1] INFO  server.RaftServerConfigKeys (ConfUtils.java:logGet(43)) - raft.server.log.segment.cache.num.max = 2 (custom)
2019-08-28 12:15:19,968 [pool-444-thread-1] INFO  server.RaftServerConfigKeys (ConfUtils.java:logGet(43)) - raft.server.log.statemachine.data.sync = true (default)
2019-08-28 12:15:19,968 [pool-466-thread-1] INFO  server.RaftServerConfigKeys (ConfUtils.java:logGet(43)) - raft.server.log.queue.byte-limit = 2147483647 (custom)
2019-08-28 12:15:19,968 [pool-444-thread-1] INFO  server.RaftServerConfigKeys (ConfUtils.java:logGet(43)) - raft.server.log.statemachine.data.sync.timeout = 10s (default)
2019-08-28 12:15:19,968 [pool-455-thread-1] INFO  segmented.SegmentedRaftLogWorker (SegmentedRaftLogWorker.java:<init>(172)) - new 7f93d942-a8b7-48f2-bd83-54790fd1d280-SegmentedRaftLogWorker:Storage Directory /workdir/hadoop-ozone/integration-test/target/test-dir/MiniOzoneClusterImpl-c8883471-de3b-444e-8801-a2789016650e/datanode-4/data/ratis/883a74c8-7e11-4520-b03a-d4ff788db337 for RaftStorage:Storage Directory /workdir/hadoop-ozone/integration-test/target/test-dir/MiniOzoneClusterImpl-c8883471-de3b-444e-8801-a2789016650e/datanode-4/data/ratis/883a74c8-7e11-4520-b03a-d4ff788db337
2019-08-28 12:15:19,969 [pool-444-thread-1] INFO  server.RaftServerConfigKeys (ConfUtils.java:logGet(43)) - raft.server.log.statemachine.data.sync.timeout.retry = -1 (default)
2019-08-28 12:15:19,969 [pool-466-thread-1] INFO  server.RaftServerConfigKeys (ConfUtils.java:logGet(43)) - raft.server.log.queue.element-limit = 1024 (custom)
2019-08-28 12:15:19,969 [pool-444-thread-1] INFO  server.RaftServerConfigKeys (ConfUtils.java:logGet(43)) - raft.server.log.statemachine.data.caching.enabled = true (custom)
2019-08-28 12:15:19,969 [pool-455-thread-1] INFO  server.RaftServerConfigKeys (ConfUtils.java:logGet(43)) - raft.server.log.queue.byte-limit = 2147483647 (custom)
2019-08-28 12:15:19,969 [pool-466-thread-1] INFO  server.RaftServerConfigKeys (ConfUtils.java:logGet(43)) - raft.server.log.segment.size.max = 1048576 (custom)
2019-08-28 12:15:19,969 [pool-444-thread-1] INFO  segmented.SegmentedRaftLogWorker (SegmentedRaftLogWorker.java:lambda$new$0(132)) - 077a7edd-6219-48df-b004-054f5dffa596-SegmentedRaftLogWorker:Storage Directory /workdir/hadoop-ozone/integration-test/target/test-dir/MiniOzoneClusterImpl-c8883471-de3b-444e-8801-a2789016650e/datanode-3/data/ratis/883a74c8-7e11-4520-b03a-d4ff788db337: flushIndex: setUnconditionally 0 -> -1
2019-08-28 12:15:19,969 [pool-455-thread-1] INFO  server.RaftServerConfigKeys (ConfUtils.java:logGet(43)) - raft.server.log.queue.element-limit = 1024 (custom)
2019-08-28 12:15:19,969 [pool-466-thread-1] INFO  server.RaftServerConfigKeys (ConfUtils.java:logGet(43)) - raft.server.log.preallocated.size = 16384 (custom)
2019-08-28 12:15:19,970 [pool-444-thread-1] INFO  server.RaftServerConfigKeys (ConfUtils.java:logGet(43)) - raft.server.snapshot.auto.trigger.enabled = true (custom)
2019-08-28 12:15:19,970 [pool-455-thread-1] INFO  server.RaftServerConfigKeys (ConfUtils.java:logGet(43)) - raft.server.log.segment.size.max = 1048576 (custom)
2019-08-28 12:15:19,970 [pool-444-thread-1] INFO  server.RaftServerConfigKeys (ConfUtils.java:logGet(43)) - raft.server.snapshot.auto.trigger.threshold = 10000 (custom)
2019-08-28 12:15:19,970 [pool-466-thread-1] INFO  server.RaftServerConfigKeys (ConfUtils.java:logGet(43)) - raft.server.log.write.buffer.size = 33554432 (custom)
2019-08-28 12:15:19,970 [pool-444-thread-1] INFO  server.RaftServerConfigKeys (ConfUtils.java:logGet(43)) - raft.server.retrycache.expirytime = 600000ms (custom)
2019-08-28 12:15:19,970 [pool-455-thread-1] INFO  server.RaftServerConfigKeys (ConfUtils.java:logGet(43)) - raft.server.log.preallocated.size = 16384 (custom)
2019-08-28 12:15:19,970 [pool-466-thread-1] INFO  server.RaftServerConfigKeys (ConfUtils.java:logGet(43)) - raft.server.log.force.sync.num = 128 (default)
2019-08-28 12:15:19,971 [pool-455-thread-1] INFO  server.RaftServerConfigKeys (ConfUtils.java:logGet(43)) - raft.server.log.write.buffer.size = 33554432 (custom)
2019-08-28 12:15:19,971 [pool-444-thread-1] INFO  impl.RaftServerImpl (RaftServerImpl.java:start(180)) - 077a7edd-6219-48df-b004-054f5dffa596: start group-D4FF788DB337
2019-08-28 12:15:19,971 [pool-455-thread-1] INFO  server.RaftServerConfigKeys (ConfUtils.java:logGet(43)) - raft.server.log.force.sync.num = 128 (default)
2019-08-28 12:15:19,971 [pool-466-thread-1] INFO  server.RaftServerConfigKeys (ConfUtils.java:logGet(43)) - raft.server.log.statemachine.data.sync = true (default)
2019-08-28 12:15:19,971 [pool-455-thread-1] INFO  server.RaftServerConfigKeys (ConfUtils.java:logGet(43)) - raft.server.log.statemachine.data.sync = true (default)
2019-08-28 12:15:19,971 [pool-444-thread-1] INFO  impl.RaftServerImpl (RaftServerImpl.java:setRole(171)) - 077a7edd-6219-48df-b004-054f5dffa596:group-D4FF788DB337 changes role from null to FOLLOWER at term 0 for startAsFollower
2019-08-28 12:15:19,971 [pool-455-thread-1] INFO  server.RaftServerConfigKeys (ConfUtils.java:logGet(43)) - raft.server.log.statemachine.data.sync.timeout = 10s (default)
2019-08-28 12:15:19,971 [pool-466-thread-1] INFO  server.RaftServerConfigKeys (ConfUtils.java:logGet(43)) - raft.server.log.statemachine.data.sync.timeout = 10s (default)
2019-08-28 12:15:19,972 [pool-455-thread-1] INFO  server.RaftServerConfigKeys (ConfUtils.java:logGet(43)) - raft.server.log.statemachine.data.sync.timeout.retry = -1 (default)
2019-08-28 12:15:19,971 [pool-444-thread-1] INFO  impl.RoleInfo (RoleInfo.java:updateAndGet(143)) - 077a7edd-6219-48df-b004-054f5dffa596: start FollowerState
2019-08-28 12:15:19,972 [pool-455-thread-1] INFO  server.RaftServerConfigKeys (ConfUtils.java:logGet(43)) - raft.server.log.statemachine.data.caching.enabled = true (custom)
2019-08-28 12:15:19,972 [pool-466-thread-1] INFO  server.RaftServerConfigKeys (ConfUtils.java:logGet(43)) - raft.server.log.statemachine.data.sync.timeout.retry = -1 (default)
2019-08-28 12:15:19,972 [pool-455-thread-1] INFO  segmented.SegmentedRaftLogWorker (SegmentedRaftLogWorker.java:lambda$new$0(132)) - 7f93d942-a8b7-48f2-bd83-54790fd1d280-SegmentedRaftLogWorker:Storage Directory /workdir/hadoop-ozone/integration-test/target/test-dir/MiniOzoneClusterImpl-c8883471-de3b-444e-8801-a2789016650e/datanode-4/data/ratis/883a74c8-7e11-4520-b03a-d4ff788db337: flushIndex: setUnconditionally 0 -> -1
2019-08-28 12:15:19,972 [pool-444-thread-1] INFO  util.JmxRegister (JmxRegister.java:tryRegister(44)) - Successfully registered JMX Bean with object name Ratis:service=RaftServer,group=group-D4FF788DB337,id=077a7edd-6219-48df-b004-054f5dffa596
2019-08-28 12:15:19,972 [pool-466-thread-1] INFO  server.RaftServerConfigKeys (ConfUtils.java:logGet(43)) - raft.server.log.statemachine.data.caching.enabled = true (custom)
2019-08-28 12:15:19,973 [pool-455-thread-1] INFO  server.RaftServerConfigKeys (ConfUtils.java:logGet(43)) - raft.server.snapshot.auto.trigger.enabled = true (custom)
2019-08-28 12:15:19,973 [pool-455-thread-1] INFO  server.RaftServerConfigKeys (ConfUtils.java:logGet(43)) - raft.server.snapshot.auto.trigger.threshold = 10000 (custom)
2019-08-28 12:15:19,973 [pool-466-thread-1] INFO  segmented.SegmentedRaftLogWorker (SegmentedRaftLogWorker.java:lambda$new$0(132)) - 3f0f2d41-29a3-4672-a6ae-dc742954b441-SegmentedRaftLogWorker:Storage Directory /workdir/hadoop-ozone/integration-test/target/test-dir/MiniOzoneClusterImpl-c8883471-de3b-444e-8801-a2789016650e/datanode-5/data/ratis/883a74c8-7e11-4520-b03a-d4ff788db337: flushIndex: setUnconditionally 0 -> -1
2019-08-28 12:15:19,973 [pool-455-thread-1] INFO  server.RaftServerConfigKeys (ConfUtils.java:logGet(43)) - raft.server.retrycache.expirytime = 600000ms (custom)
2019-08-28 12:15:19,973 [pool-455-thread-1] INFO  impl.RaftServerImpl (RaftServerImpl.java:start(180)) - 7f93d942-a8b7-48f2-bd83-54790fd1d280: start group-D4FF788DB337
2019-08-28 12:15:19,973 [pool-466-thread-1] INFO  server.RaftServerConfigKeys (ConfUtils.java:logGet(43)) - raft.server.snapshot.auto.trigger.enabled = true (custom)
2019-08-28 12:15:19,973 [pool-455-thread-1] INFO  impl.RaftServerImpl (RaftServerImpl.java:setRole(171)) - 7f93d942-a8b7-48f2-bd83-54790fd1d280:group-D4FF788DB337 changes role from null to FOLLOWER at term 0 for startAsFollower
2019-08-28 12:15:19,973 [pool-466-thread-1] INFO  server.RaftServerConfigKeys (ConfUtils.java:logGet(43)) - raft.server.snapshot.auto.trigger.threshold = 10000 (custom)
2019-08-28 12:15:19,973 [pool-455-thread-1] INFO  impl.RoleInfo (RoleInfo.java:updateAndGet(143)) - 7f93d942-a8b7-48f2-bd83-54790fd1d280: start FollowerState
2019-08-28 12:15:19,974 [pool-466-thread-1] INFO  server.RaftServerConfigKeys (ConfUtils.java:logGet(43)) - raft.server.retrycache.expirytime = 600000ms (custom)
2019-08-28 12:15:19,974 [pool-466-thread-1] INFO  impl.RaftServerImpl (RaftServerImpl.java:start(180)) - 3f0f2d41-29a3-4672-a6ae-dc742954b441: start group-D4FF788DB337
2019-08-28 12:15:19,974 [pool-455-thread-1] INFO  util.JmxRegister (JmxRegister.java:tryRegister(44)) - Successfully registered JMX Bean with object name Ratis:service=RaftServer,group=group-D4FF788DB337,id=7f93d942-a8b7-48f2-bd83-54790fd1d280
2019-08-28 12:15:19,974 [pool-466-thread-1] INFO  impl.RaftServerImpl (RaftServerImpl.java:setRole(171)) - 3f0f2d41-29a3-4672-a6ae-dc742954b441:group-D4FF788DB337 changes role from null to FOLLOWER at term 0 for startAsFollower
2019-08-28 12:15:19,974 [pool-466-thread-1] INFO  impl.RoleInfo (RoleInfo.java:updateAndGet(143)) - 3f0f2d41-29a3-4672-a6ae-dc742954b441: start FollowerState
2019-08-28 12:15:19,975 [pool-466-thread-1] INFO  util.JmxRegister (JmxRegister.java:tryRegister(44)) - Successfully registered JMX Bean with object name Ratis:service=RaftServer,group=group-D4FF788DB337,id=3f0f2d41-29a3-4672-a6ae-dc742954b441
2019-08-28 12:15:19,978 [RatisPipelineUtilsThread] INFO  pipeline.PipelineStateManager (PipelineStateManager.java:addPipeline(56)) - Created pipeline Pipeline[ Id: 883a74c8-7e11-4520-b03a-d4ff788db337, Nodes: 3f0f2d41-29a3-4672-a6ae-dc742954b441{ip: 192.168.36.80, host: pr-hdds-1949-gk6t9-2362663429, networkLocation: /default-rack, certSerialId: null}077a7edd-6219-48df-b004-054f5dffa596{ip: 192.168.36.80, host: pr-hdds-1949-gk6t9-2362663429, networkLocation: /default-rack, certSerialId: null}7f93d942-a8b7-48f2-bd83-54790fd1d280{ip: 192.168.36.80, host: pr-hdds-1949-gk6t9-2362663429, networkLocation: /default-rack, certSerialId: null}, Type:RATIS, Factor:THREE, State:OPEN]
2019-08-28 12:15:20,102 [main] INFO  ozone.MiniOzoneClusterImpl (MiniOzoneClusterImpl.java:lambda$waitForClusterToBeReady$0(144)) - Waiting for cluster to be ready. Got 6 of 7 DN Heartbeats.
2019-08-28 12:15:20,103 [IPC Server handler 0 on 42230] INFO  net.NetworkTopology (NetworkTopologyImpl.java:add(110)) - Added a new node: /default-rack/bfb94127-3486-42ae-9a73-546df528dd97
2019-08-28 12:15:20,103 [IPC Server handler 0 on 42230] INFO  node.SCMNodeManager (SCMNodeManager.java:register(273)) - Registered Data node : bfb94127-3486-42ae-9a73-546df528dd97{ip: 192.168.36.80, host: pr-hdds-1949-gk6t9-2362663429, networkLocation: /default-rack, certSerialId: null}
2019-08-28 12:15:20,104 | INFO  | SCMAudit | user=jenkins1000 | ip=192.168.36.80 | op=REGISTER {datanodeDetails=bfb94127-3486-42ae-9a73-546df528dd97{ip: 192.168.36.80, host: pr-hdds-1949-gk6t9-2362663429, networkLocation: /default-rack, certSerialId: null}} | ret=SUCCESS |  
2019-08-28 12:15:20,113 [grpc-default-executor-7] INFO  impl.RaftServerProxy (RaftServerProxy.java:addNew(89)) - bfb94127-3486-42ae-9a73-546df528dd97: addNew group-2E36F65E5198:[bfb94127-3486-42ae-9a73-546df528dd97:192.168.36.80:37008] returns group-2E36F65E5198:java.util.concurrent.CompletableFuture@2c53bb5[Not completed]
2019-08-28 12:15:20,114 [pool-477-thread-1] INFO  impl.RaftServerImpl (RaftServerImpl.java:<init>(93)) - bfb94127-3486-42ae-9a73-546df528dd97: new RaftServerImpl for group-2E36F65E5198:[bfb94127-3486-42ae-9a73-546df528dd97:192.168.36.80:37008] with ContainerStateMachine:uninitialized
2019-08-28 12:15:20,114 [pool-477-thread-1] INFO  server.RaftServerConfigKeys (ConfUtils.java:logGet(43)) - raft.server.rpc.timeout.min = 5s (custom)
2019-08-28 12:15:20,115 [pool-477-thread-1] INFO  server.RaftServerConfigKeys (ConfUtils.java:logGet(43)) - raft.server.rpc.timeout.max = 5200ms (custom)
2019-08-28 12:15:20,115 [pool-477-thread-1] INFO  server.RaftServerConfigKeys (ConfUtils.java:logGet(43)) - raft.server.rpcslowness.timeout = 120s (custom)
2019-08-28 12:15:20,115 [pool-477-thread-1] INFO  server.RaftServerConfigKeys (ConfUtils.java:logGet(43)) - raft.server.sleep.deviation.threshold = 300 (default)
2019-08-28 12:15:20,115 [pool-477-thread-1] INFO  server.RaftServerConfigKeys (ConfUtils.java:logGet(43)) - raft.server.log.appender.install.snapshot.enabled = false (custom)
2019-08-28 12:15:20,115 [pool-477-thread-1] INFO  impl.RaftServerImpl (ServerState.java:<init>(105)) - bfb94127-3486-42ae-9a73-546df528dd97:group-2E36F65E5198 ConfigurationManager, init=-1: [bfb94127-3486-42ae-9a73-546df528dd97:192.168.36.80:37008], old=null, confs=<EMPTY_MAP>
2019-08-28 12:15:20,115 [pool-477-thread-1] INFO  server.RaftServerConfigKeys (ConfUtils.java:logGet(43)) - raft.server.storage.dir = [/workdir/hadoop-ozone/integration-test/target/test-dir/MiniOzoneClusterImpl-c8883471-de3b-444e-8801-a2789016650e/datanode-6/data/ratis] (custom)
2019-08-28 12:15:20,116 [pool-477-thread-1] INFO  storage.RaftStorageDirectory (RaftStorageDirectory.java:analyzeStorage(246)) - The storage directory /workdir/hadoop-ozone/integration-test/target/test-dir/MiniOzoneClusterImpl-c8883471-de3b-444e-8801-a2789016650e/datanode-6/data/ratis/b686ad0d-5114-41c1-a7f3-2e36f65e5198 does not exist. Creating ...
2019-08-28 12:15:20,129 [pool-477-thread-1] INFO  storage.RaftStorageDirectory (RaftStorageDirectory.java:tryLock(328)) - Lock on /workdir/hadoop-ozone/integration-test/target/test-dir/MiniOzoneClusterImpl-c8883471-de3b-444e-8801-a2789016650e/datanode-6/data/ratis/b686ad0d-5114-41c1-a7f3-2e36f65e5198/in_use.lock acquired by nodename 4330@pr-hdds-1949-gk6t9-2362663429
2019-08-28 12:15:20,141 [pool-477-thread-1] INFO  storage.RaftStorage (RaftStorage.java:format(72)) - Storage directory /workdir/hadoop-ozone/integration-test/target/test-dir/MiniOzoneClusterImpl-c8883471-de3b-444e-8801-a2789016650e/datanode-6/data/ratis/b686ad0d-5114-41c1-a7f3-2e36f65e5198 has been successfully formatted.
2019-08-28 12:15:20,142 [pool-477-thread-1] INFO  ratis.ContainerStateMachine (ContainerStateMachine.java:loadSnapshot(227)) - group-2E36F65E5198: The snapshot info is null. Setting the last applied indexto:(t:0, i:~)
2019-08-28 12:15:20,142 [pool-477-thread-1] INFO  server.RaftServerConfigKeys (ConfUtils.java:logGet(43)) - raft.server.leader.election.timeout = 120s (custom)
2019-08-28 12:15:20,142 [pool-477-thread-1] INFO  server.RaftServerConfigKeys (ConfUtils.java:logGet(43)) - raft.server.log.use.memory = false (default)
2019-08-28 12:15:20,142 [pool-477-thread-1] INFO  server.RaftServerConfigKeys (ConfUtils.java:logGet(43)) - raft.server.log.purge.gap = 1000000 (custom)
2019-08-28 12:15:20,142 [pool-477-thread-1] INFO  server.RaftServerConfigKeys (ConfUtils.java:logGet(43)) - raft.server.log.appender.buffer.byte-limit = 33554432 (custom)
2019-08-28 12:15:20,143 [pool-477-thread-1] INFO  server.RaftServerConfigKeys (ConfUtils.java:logGet(43)) - raft.server.log.segment.size.max = 1048576 (custom)
2019-08-28 12:15:20,143 [pool-477-thread-1] INFO  server.RaftServerConfigKeys (ConfUtils.java:logGet(43)) - raft.server.log.segment.cache.num.max = 2 (custom)
2019-08-28 12:15:20,143 [pool-477-thread-1] INFO  segmented.SegmentedRaftLogWorker (SegmentedRaftLogWorker.java:<init>(172)) - new bfb94127-3486-42ae-9a73-546df528dd97-SegmentedRaftLogWorker:Storage Directory /workdir/hadoop-ozone/integration-test/target/test-dir/MiniOzoneClusterImpl-c8883471-de3b-444e-8801-a2789016650e/datanode-6/data/ratis/b686ad0d-5114-41c1-a7f3-2e36f65e5198 for RaftStorage:Storage Directory /workdir/hadoop-ozone/integration-test/target/test-dir/MiniOzoneClusterImpl-c8883471-de3b-444e-8801-a2789016650e/datanode-6/data/ratis/b686ad0d-5114-41c1-a7f3-2e36f65e5198
2019-08-28 12:15:20,143 [pool-477-thread-1] INFO  server.RaftServerConfigKeys (ConfUtils.java:logGet(43)) - raft.server.log.queue.byte-limit = 2147483647 (custom)
2019-08-28 12:15:20,143 [pool-477-thread-1] INFO  server.RaftServerConfigKeys (ConfUtils.java:logGet(43)) - raft.server.log.queue.element-limit = 1024 (custom)
2019-08-28 12:15:20,143 [pool-477-thread-1] INFO  server.RaftServerConfigKeys (ConfUtils.java:logGet(43)) - raft.server.log.segment.size.max = 1048576 (custom)
2019-08-28 12:15:20,144 [pool-477-thread-1] INFO  server.RaftServerConfigKeys (ConfUtils.java:logGet(43)) - raft.server.log.preallocated.size = 16384 (custom)
2019-08-28 12:15:20,144 [pool-477-thread-1] INFO  server.RaftServerConfigKeys (ConfUtils.java:logGet(43)) - raft.server.log.write.buffer.size = 33554432 (custom)
2019-08-28 12:15:20,144 [pool-477-thread-1] INFO  server.RaftServerConfigKeys (ConfUtils.java:logGet(43)) - raft.server.log.force.sync.num = 128 (default)
2019-08-28 12:15:20,144 [pool-477-thread-1] INFO  server.RaftServerConfigKeys (ConfUtils.java:logGet(43)) - raft.server.log.statemachine.data.sync = true (default)
2019-08-28 12:15:20,144 [pool-477-thread-1] INFO  server.RaftServerConfigKeys (ConfUtils.java:logGet(43)) - raft.server.log.statemachine.data.sync.timeout = 10s (default)
2019-08-28 12:15:20,144 [pool-477-thread-1] INFO  server.RaftServerConfigKeys (ConfUtils.java:logGet(43)) - raft.server.log.statemachine.data.sync.timeout.retry = -1 (default)
2019-08-28 12:15:20,144 [pool-477-thread-1] INFO  server.RaftServerConfigKeys (ConfUtils.java:logGet(43)) - raft.server.log.statemachine.data.caching.enabled = true (custom)
2019-08-28 12:15:20,145 [pool-477-thread-1] INFO  segmented.SegmentedRaftLogWorker (SegmentedRaftLogWorker.java:lambda$new$0(132)) - bfb94127-3486-42ae-9a73-546df528dd97-SegmentedRaftLogWorker:Storage Directory /workdir/hadoop-ozone/integration-test/target/test-dir/MiniOzoneClusterImpl-c8883471-de3b-444e-8801-a2789016650e/datanode-6/data/ratis/b686ad0d-5114-41c1-a7f3-2e36f65e5198: flushIndex: setUnconditionally 0 -> -1
2019-08-28 12:15:20,145 [pool-477-thread-1] INFO  server.RaftServerConfigKeys (ConfUtils.java:logGet(43)) - raft.server.snapshot.auto.trigger.enabled = true (custom)
2019-08-28 12:15:20,145 [pool-477-thread-1] INFO  server.RaftServerConfigKeys (ConfUtils.java:logGet(43)) - raft.server.snapshot.auto.trigger.threshold = 10000 (custom)
2019-08-28 12:15:20,145 [pool-477-thread-1] INFO  server.RaftServerConfigKeys (ConfUtils.java:logGet(43)) - raft.server.retrycache.expirytime = 600000ms (custom)
2019-08-28 12:15:20,146 [pool-477-thread-1] INFO  impl.RaftServerImpl (RaftServerImpl.java:start(180)) - bfb94127-3486-42ae-9a73-546df528dd97: start group-2E36F65E5198
2019-08-28 12:15:20,146 [pool-477-thread-1] INFO  impl.RaftServerImpl (RaftServerImpl.java:setRole(171)) - bfb94127-3486-42ae-9a73-546df528dd97:group-2E36F65E5198 changes role from null to FOLLOWER at term 0 for startAsFollower
2019-08-28 12:15:20,146 [pool-477-thread-1] INFO  impl.RoleInfo (RoleInfo.java:updateAndGet(143)) - bfb94127-3486-42ae-9a73-546df528dd97: start FollowerState
2019-08-28 12:15:20,146 [pool-477-thread-1] INFO  util.JmxRegister (JmxRegister.java:tryRegister(44)) - Successfully registered JMX Bean with object name Ratis:service=RaftServer,group=group-2E36F65E5198,id=bfb94127-3486-42ae-9a73-546df528dd97
2019-08-28 12:15:20,149 [RatisPipelineUtilsThread] INFO  pipeline.PipelineStateManager (PipelineStateManager.java:addPipeline(56)) - Created pipeline Pipeline[ Id: b686ad0d-5114-41c1-a7f3-2e36f65e5198, Nodes: bfb94127-3486-42ae-9a73-546df528dd97{ip: 192.168.36.80, host: pr-hdds-1949-gk6t9-2362663429, networkLocation: /default-rack, certSerialId: null}, Type:RATIS, Factor:ONE, State:OPEN]
2019-08-28 12:15:20,678 | INFO  | SCMAudit | user=jenkins1000 | ip=192.168.36.80 | op=SEND_HEARTBEAT {datanodeUUID=512e32c3-7b1a-4e19-b3ea-ee56d7d32ab5, command=[]} | ret=SUCCESS |  
2019-08-28 12:15:20,916 | INFO  | SCMAudit | user=jenkins1000 | ip=192.168.36.80 | op=SEND_HEARTBEAT {datanodeUUID=108935fa-1afa-4eca-a0d1-51689defc060, command=[]} | ret=SUCCESS |  
2019-08-28 12:15:21,103 | INFO  | SCMAudit | user=jenkins1000 | ip=192.168.36.80 | op=SEND_HEARTBEAT {datanodeUUID=a2802022-7344-46e5-aa2c-6758ec5b3830, command=[]} | ret=SUCCESS |  
2019-08-28 12:15:21,102 [main] INFO  ozone.MiniOzoneClusterImpl (MiniOzoneClusterImpl.java:lambda$waitForClusterToBeReady$0(144)) - Cluster is ready. Got 7 of 7 DN Heartbeats.
2019-08-28 12:15:21,146 [main] INFO  rpc.RpcClient (RpcClient.java:createVolume(293)) - Creating Volume: watchforcommithandlingtest, with jenkins1000 as owner.
2019-08-28 12:15:21,149 | INFO  | OMAudit | user=jenkins1000 | ip=127.0.0.1 | op=CREATE_VOLUME {admin=jenkins1000, owner=jenkins1000, volume=watchforcommithandlingtest, creationTime=1566994521148, quotaInBytes=1152921504606846976} | ret=SUCCESS |  
2019-08-28 12:15:21,159 | INFO  | OMAudit | user=jenkins1000 | ip=127.0.0.1 | op=READ_VOLUME {volume=watchforcommithandlingtest} | ret=SUCCESS |  
2019-08-28 12:15:21,160 [main] INFO  rpc.RpcClient (RpcClient.java:createBucket(432)) - Creating Bucket: watchforcommithandlingtest/watchforcommithandlingtest, with Versioning false and Storage Type set to DISK and Encryption set to false 
2019-08-28 12:15:21,164 | INFO  | OMAudit | user=jenkins1000 | ip=127.0.0.1 | op=CREATE_BUCKET {volume=watchforcommithandlingtest, bucket=watchforcommithandlingtest, acls=[user:jenkins1000:a[ACCESS], group:default:a[ACCESS]], isVersionEnabled=false, storageType=DISK, creationTime=0} | ret=SUCCESS |  
2019-08-28 12:15:21,165 [main] INFO  ozone.MiniOzoneClusterImpl (MiniOzoneClusterImpl.java:getStorageContainerLocationClient(243)) - Creating StorageContainerLocationProtocol RPC client with address /0.0.0.0:46531
2019-08-28 12:15:21,182 [grpc-default-executor-7] INFO  client.GrpcClientProtocolClient (GrpcClientProtocolClient.java:onNext(255)) - client-5099C040E86A->512e32c3-7b1a-4e19-b3ea-ee56d7d32ab5: receive RaftClientReply:client-5099C040E86A->512e32c3-7b1a-4e19-b3ea-ee56d7d32ab5@group-D490398E80D5, cid=103, FAILED org.apache.ratis.protocol.NotLeaderException: Server 512e32c3-7b1a-4e19-b3ea-ee56d7d32ab5 is not the leader (null). Request must be sent to leader., logIndex=0, commits[512e32c3-7b1a-4e19-b3ea-ee56d7d32ab5:c-1]
2019-08-28 12:15:21,319 | INFO  | SCMAudit | user=jenkins1000 | ip=192.168.36.80 | op=SEND_HEARTBEAT {datanodeUUID=077a7edd-6219-48df-b004-054f5dffa596, command=[]} | ret=SUCCESS |  
2019-08-28 12:15:21,605 | INFO  | SCMAudit | user=jenkins1000 | ip=192.168.36.80 | op=SEND_HEARTBEAT {datanodeUUID=7f93d942-a8b7-48f2-bd83-54790fd1d280, command=[]} | ret=SUCCESS |  
2019-08-28 12:15:21,678 | INFO  | SCMAudit | user=jenkins1000 | ip=192.168.36.80 | op=SEND_HEARTBEAT {datanodeUUID=512e32c3-7b1a-4e19-b3ea-ee56d7d32ab5, command=[]} | ret=SUCCESS |  
2019-08-28 12:15:21,691 [Thread-2513] INFO  container.ReplicationManager (ReplicationManager.java:start(152)) - Starting Replication Monitor Thread.
2019-08-28 12:15:21,696 [ReplicationMonitor] INFO  container.ReplicationManager (ReplicationManager.java:run(215)) - Replication Monitor Thread took 0 milliseconds for processing 1 containers.
2019-08-28 12:15:21,863 | INFO  | SCMAudit | user=jenkins1000 | ip=192.168.36.80 | op=SEND_HEARTBEAT {datanodeUUID=3f0f2d41-29a3-4672-a6ae-dc742954b441, command=[]} | ret=SUCCESS |  
2019-08-28 12:15:21,916 | INFO  | SCMAudit | user=jenkins1000 | ip=192.168.36.80 | op=SEND_HEARTBEAT {datanodeUUID=108935fa-1afa-4eca-a0d1-51689defc060, command=[]} | ret=SUCCESS |  
2019-08-28 12:15:22,103 | INFO  | SCMAudit | user=jenkins1000 | ip=192.168.36.80 | op=SEND_HEARTBEAT {datanodeUUID=a2802022-7344-46e5-aa2c-6758ec5b3830, command=[]} | ret=SUCCESS |  
2019-08-28 12:15:22,103 | INFO  | SCMAudit | user=jenkins1000 | ip=192.168.36.80 | op=SEND_HEARTBEAT {datanodeUUID=bfb94127-3486-42ae-9a73-546df528dd97, command=[]} | ret=SUCCESS |  
2019-08-28 12:15:22,199 [grpc-default-executor-7] INFO  client.GrpcClientProtocolClient (GrpcClientProtocolClient.java:onNext(255)) - client-5099C040E86A->a2802022-7344-46e5-aa2c-6758ec5b3830: receive RaftClientReply:client-5099C040E86A->a2802022-7344-46e5-aa2c-6758ec5b3830@group-D490398E80D5, cid=103, FAILED org.apache.ratis.protocol.NotLeaderException: Server a2802022-7344-46e5-aa2c-6758ec5b3830 is not the leader (null). Request must be sent to leader., logIndex=0, commits[a2802022-7344-46e5-aa2c-6758ec5b3830:c-1]
2019-08-28 12:15:22,318 | INFO  | SCMAudit | user=jenkins1000 | ip=192.168.36.80 | op=SEND_HEARTBEAT {datanodeUUID=077a7edd-6219-48df-b004-054f5dffa596, command=[]} | ret=SUCCESS |  
2019-08-28 12:15:22,605 | INFO  | SCMAudit | user=jenkins1000 | ip=192.168.36.80 | op=SEND_HEARTBEAT {datanodeUUID=7f93d942-a8b7-48f2-bd83-54790fd1d280, command=[]} | ret=SUCCESS |  
2019-08-28 12:15:22,679 | INFO  | SCMAudit | user=jenkins1000 | ip=192.168.36.80 | op=SEND_HEARTBEAT {datanodeUUID=512e32c3-7b1a-4e19-b3ea-ee56d7d32ab5, command=[]} | ret=SUCCESS |  
2019-08-28 12:15:22,864 | INFO  | SCMAudit | user=jenkins1000 | ip=192.168.36.80 | op=SEND_HEARTBEAT {datanodeUUID=3f0f2d41-29a3-4672-a6ae-dc742954b441, command=[]} | ret=SUCCESS |  
2019-08-28 12:15:22,916 | INFO  | SCMAudit | user=jenkins1000 | ip=192.168.36.80 | op=SEND_HEARTBEAT {datanodeUUID=108935fa-1afa-4eca-a0d1-51689defc060, command=[]} | ret=SUCCESS |  
2019-08-28 12:15:23,103 | INFO  | SCMAudit | user=jenkins1000 | ip=192.168.36.80 | op=SEND_HEARTBEAT {datanodeUUID=a2802022-7344-46e5-aa2c-6758ec5b3830, command=[]} | ret=SUCCESS |  
2019-08-28 12:15:23,103 | INFO  | SCMAudit | user=jenkins1000 | ip=192.168.36.80 | op=SEND_HEARTBEAT {datanodeUUID=bfb94127-3486-42ae-9a73-546df528dd97, command=[]} | ret=SUCCESS |  
2019-08-28 12:15:23,210 [grpc-default-executor-2] INFO  client.GrpcClientProtocolClient (GrpcClientProtocolClient.java:onNext(255)) - client-5099C040E86A->512e32c3-7b1a-4e19-b3ea-ee56d7d32ab5: receive RaftClientReply:client-5099C040E86A->512e32c3-7b1a-4e19-b3ea-ee56d7d32ab5@group-D490398E80D5, cid=103, FAILED org.apache.ratis.protocol.NotLeaderException: Server 512e32c3-7b1a-4e19-b3ea-ee56d7d32ab5 is not the leader (null). Request must be sent to leader., logIndex=0, commits[512e32c3-7b1a-4e19-b3ea-ee56d7d32ab5:c-1]
2019-08-28 12:15:23,319 | INFO  | SCMAudit | user=jenkins1000 | ip=192.168.36.80 | op=SEND_HEARTBEAT {datanodeUUID=077a7edd-6219-48df-b004-054f5dffa596, command=[]} | ret=SUCCESS |  
2019-08-28 12:15:23,604 | INFO  | SCMAudit | user=jenkins1000 | ip=192.168.36.80 | op=SEND_HEARTBEAT {datanodeUUID=7f93d942-a8b7-48f2-bd83-54790fd1d280, command=[]} | ret=SUCCESS |  
2019-08-28 12:15:23,679 | INFO  | SCMAudit | user=jenkins1000 | ip=192.168.36.80 | op=SEND_HEARTBEAT {datanodeUUID=512e32c3-7b1a-4e19-b3ea-ee56d7d32ab5, command=[]} | ret=SUCCESS |  
2019-08-28 12:15:23,848 [Thread-2515] INFO  impl.FollowerState (FollowerState.java:run(106)) - 512e32c3-7b1a-4e19-b3ea-ee56d7d32ab5:group-5F31DAD09507 changes to CANDIDATE, lastRpcTime:5087, electionTimeout:5087ms
2019-08-28 12:15:23,848 [Thread-2515] INFO  impl.RoleInfo (RoleInfo.java:shutdownFollowerState(121)) - 512e32c3-7b1a-4e19-b3ea-ee56d7d32ab5: shutdown FollowerState
2019-08-28 12:15:23,848 [Thread-2515] INFO  impl.RaftServerImpl (RaftServerImpl.java:setRole(171)) - 512e32c3-7b1a-4e19-b3ea-ee56d7d32ab5:group-5F31DAD09507 changes role from FOLLOWER to CANDIDATE at term 0 for changeToCandidate
2019-08-28 12:15:23,849 [Thread-2515] INFO  impl.RoleInfo (RoleInfo.java:updateAndGet(143)) - 512e32c3-7b1a-4e19-b3ea-ee56d7d32ab5: start LeaderElection
2019-08-28 12:15:23,864 | INFO  | SCMAudit | user=jenkins1000 | ip=192.168.36.80 | op=SEND_HEARTBEAT {datanodeUUID=3f0f2d41-29a3-4672-a6ae-dc742954b441, command=[]} | ret=SUCCESS |  
2019-08-28 12:15:23,869 [512e32c3-7b1a-4e19-b3ea-ee56d7d32ab5:group-5F31DAD09507:LeaderElection94] INFO  impl.LeaderElection (LeaderElection.java:askForVotes(181)) - 512e32c3-7b1a-4e19-b3ea-ee56d7d32ab5:group-5F31DAD09507:LeaderElection94: begin an election at term 1 for -1: [512e32c3-7b1a-4e19-b3ea-ee56d7d32ab5:192.168.36.80:39646], old=null
2019-08-28 12:15:23,869 [512e32c3-7b1a-4e19-b3ea-ee56d7d32ab5:group-5F31DAD09507:LeaderElection94] INFO  impl.RoleInfo (RoleInfo.java:shutdownLeaderElection(134)) - 512e32c3-7b1a-4e19-b3ea-ee56d7d32ab5: shutdown LeaderElection
2019-08-28 12:15:23,869 [512e32c3-7b1a-4e19-b3ea-ee56d7d32ab5:group-5F31DAD09507:LeaderElection94] INFO  impl.RaftServerImpl (RaftServerImpl.java:setRole(171)) - 512e32c3-7b1a-4e19-b3ea-ee56d7d32ab5:group-5F31DAD09507 changes role from CANDIDATE to LEADER at term 1 for changeToLeader
2019-08-28 12:15:23,869 [512e32c3-7b1a-4e19-b3ea-ee56d7d32ab5:group-5F31DAD09507:LeaderElection94] INFO  impl.RaftServerImpl (ServerState.java:setLeader(263)) - 512e32c3-7b1a-4e19-b3ea-ee56d7d32ab5:group-5F31DAD09507 change Leader from null to 512e32c3-7b1a-4e19-b3ea-ee56d7d32ab5 at term 1 for becomeLeader, leader elected after 5113ms
2019-08-28 12:15:23,870 [512e32c3-7b1a-4e19-b3ea-ee56d7d32ab5:group-5F31DAD09507:LeaderElection94] INFO  server.RaftServerConfigKeys (ConfUtils.java:logGet(43)) - raft.server.staging.catchup.gap = 1000 (default)
2019-08-28 12:15:23,870 [512e32c3-7b1a-4e19-b3ea-ee56d7d32ab5:group-5F31DAD09507:LeaderElection94] INFO  server.RaftServerConfigKeys (ConfUtils.java:logGet(43)) - raft.server.rpc.sleep.time = 25ms (default)
2019-08-28 12:15:23,870 [512e32c3-7b1a-4e19-b3ea-ee56d7d32ab5:group-5F31DAD09507:LeaderElection94] INFO  server.RaftServerConfigKeys (ConfUtils.java:logGet(43)) - raft.server.write.element-limit = 4096 (default)
2019-08-28 12:15:23,870 [512e32c3-7b1a-4e19-b3ea-ee56d7d32ab5:group-5F31DAD09507:LeaderElection94] INFO  server.RaftServerConfigKeys (ConfUtils.java:logGet(43)) - raft.server.watch.timeout = 10s (default)
2019-08-28 12:15:23,870 [512e32c3-7b1a-4e19-b3ea-ee56d7d32ab5:group-5F31DAD09507:LeaderElection94] INFO  server.RaftServerConfigKeys (ConfUtils.java:logGet(43)) - raft.server.watch.timeout.denomination = 1s (default)
2019-08-28 12:15:23,871 [512e32c3-7b1a-4e19-b3ea-ee56d7d32ab5:group-5F31DAD09507:LeaderElection94] INFO  server.RaftServerConfigKeys (ConfUtils.java:logGet(43)) - raft.server.watch.element-limit = 65536 (default)
2019-08-28 12:15:23,871 [512e32c3-7b1a-4e19-b3ea-ee56d7d32ab5:group-5F31DAD09507:LeaderElection94] INFO  impl.RoleInfo (RoleInfo.java:updateAndGet(143)) - 512e32c3-7b1a-4e19-b3ea-ee56d7d32ab5: start LeaderState
2019-08-28 12:15:23,871 [512e32c3-7b1a-4e19-b3ea-ee56d7d32ab5:group-5F31DAD09507:LeaderElection94] INFO  segmented.SegmentedRaftLogWorker (SegmentedRaftLogWorker.java:startLogSegment(380)) - 512e32c3-7b1a-4e19-b3ea-ee56d7d32ab5-SegmentedRaftLogWorker:Storage Directory /workdir/hadoop-ozone/integration-test/target/test-dir/MiniOzoneClusterImpl-c8883471-de3b-444e-8801-a2789016650e/datanode-0/data/ratis/689a1245-e7d5-42bd-b2bc-5f31dad09507: Starting segment from index:0
2019-08-28 12:15:23,872 [512e32c3-7b1a-4e19-b3ea-ee56d7d32ab5:group-5F31DAD09507:LeaderElection94] INFO  impl.RaftServerImpl (ServerState.java:setRaftConf(361)) - 512e32c3-7b1a-4e19-b3ea-ee56d7d32ab5:group-5F31DAD09507 set configuration 0: [512e32c3-7b1a-4e19-b3ea-ee56d7d32ab5:192.168.36.80:39646], old=null at 0
2019-08-28 12:15:23,917 | INFO  | SCMAudit | user=jenkins1000 | ip=192.168.36.80 | op=SEND_HEARTBEAT {datanodeUUID=108935fa-1afa-4eca-a0d1-51689defc060, command=[]} | ret=SUCCESS |  
2019-08-28 12:15:23,927 [512e32c3-7b1a-4e19-b3ea-ee56d7d32ab5-SegmentedRaftLogWorker:Storage Directory /workdir/hadoop-ozone/integration-test/target/test-dir/MiniOzoneClusterImpl-c8883471-de3b-444e-8801-a2789016650e/datanode-0/data/ratis/689a1245-e7d5-42bd-b2bc-5f31dad09507] INFO  segmented.SegmentedRaftLogWorker (SegmentedRaftLogWorker.java:execute(569)) - 512e32c3-7b1a-4e19-b3ea-ee56d7d32ab5-SegmentedRaftLogWorker:Storage Directory /workdir/hadoop-ozone/integration-test/target/test-dir/MiniOzoneClusterImpl-c8883471-de3b-444e-8801-a2789016650e/datanode-0/data/ratis/689a1245-e7d5-42bd-b2bc-5f31dad09507: created new log segment /workdir/hadoop-ozone/integration-test/target/test-dir/MiniOzoneClusterImpl-c8883471-de3b-444e-8801-a2789016650e/datanode-0/data/ratis/689a1245-e7d5-42bd-b2bc-5f31dad09507/current/log_inprogress_0
2019-08-28 12:15:24,002 [Thread-2518] INFO  impl.FollowerState (FollowerState.java:run(106)) - 108935fa-1afa-4eca-a0d1-51689defc060:group-18B6BFD55214 changes to CANDIDATE, lastRpcTime:5037, electionTimeout:5037ms
2019-08-28 12:15:24,002 [Thread-2518] INFO  impl.RoleInfo (RoleInfo.java:shutdownFollowerState(121)) - 108935fa-1afa-4eca-a0d1-51689defc060: shutdown FollowerState
2019-08-28 12:15:24,002 [Thread-2518] INFO  impl.RaftServerImpl (RaftServerImpl.java:setRole(171)) - 108935fa-1afa-4eca-a0d1-51689defc060:group-18B6BFD55214 changes role from FOLLOWER to CANDIDATE at term 0 for changeToCandidate
2019-08-28 12:15:24,002 [Thread-2518] INFO  impl.RoleInfo (RoleInfo.java:updateAndGet(143)) - 108935fa-1afa-4eca-a0d1-51689defc060: start LeaderElection
2019-08-28 12:15:24,021 [108935fa-1afa-4eca-a0d1-51689defc060:group-18B6BFD55214:LeaderElection95] INFO  impl.LeaderElection (LeaderElection.java:askForVotes(181)) - 108935fa-1afa-4eca-a0d1-51689defc060:group-18B6BFD55214:LeaderElection95: begin an election at term 1 for -1: [108935fa-1afa-4eca-a0d1-51689defc060:192.168.36.80:33031], old=null
2019-08-28 12:15:24,021 [108935fa-1afa-4eca-a0d1-51689defc060:group-18B6BFD55214:LeaderElection95] INFO  impl.RoleInfo (RoleInfo.java:shutdownLeaderElection(134)) - 108935fa-1afa-4eca-a0d1-51689defc060: shutdown LeaderElection
2019-08-28 12:15:24,021 [108935fa-1afa-4eca-a0d1-51689defc060:group-18B6BFD55214:LeaderElection95] INFO  impl.RaftServerImpl (RaftServerImpl.java:setRole(171)) - 108935fa-1afa-4eca-a0d1-51689defc060:group-18B6BFD55214 changes role from CANDIDATE to LEADER at term 1 for changeToLeader
2019-08-28 12:15:24,021 [108935fa-1afa-4eca-a0d1-51689defc060:group-18B6BFD55214:LeaderElection95] INFO  impl.RaftServerImpl (ServerState.java:setLeader(263)) - 108935fa-1afa-4eca-a0d1-51689defc060:group-18B6BFD55214 change Leader from null to 108935fa-1afa-4eca-a0d1-51689defc060 at term 1 for becomeLeader, leader elected after 5061ms
2019-08-28 12:15:24,021 [108935fa-1afa-4eca-a0d1-51689defc060:group-18B6BFD55214:LeaderElection95] INFO  server.RaftServerConfigKeys (ConfUtils.java:logGet(43)) - raft.server.staging.catchup.gap = 1000 (default)
2019-08-28 12:15:24,021 [108935fa-1afa-4eca-a0d1-51689defc060:group-18B6BFD55214:LeaderElection95] INFO  server.RaftServerConfigKeys (ConfUtils.java:logGet(43)) - raft.server.rpc.sleep.time = 25ms (default)
2019-08-28 12:15:24,022 [108935fa-1afa-4eca-a0d1-51689defc060:group-18B6BFD55214:LeaderElection95] INFO  server.RaftServerConfigKeys (ConfUtils.java:logGet(43)) - raft.server.write.element-limit = 4096 (default)
2019-08-28 12:15:24,022 [108935fa-1afa-4eca-a0d1-51689defc060:group-18B6BFD55214:LeaderElection95] INFO  server.RaftServerConfigKeys (ConfUtils.java:logGet(43)) - raft.server.watch.timeout = 10s (default)
2019-08-28 12:15:24,022 [108935fa-1afa-4eca-a0d1-51689defc060:group-18B6BFD55214:LeaderElection95] INFO  server.RaftServerConfigKeys (ConfUtils.java:logGet(43)) - raft.server.watch.timeout.denomination = 1s (default)
2019-08-28 12:15:24,022 [108935fa-1afa-4eca-a0d1-51689defc060:group-18B6BFD55214:LeaderElection95] INFO  server.RaftServerConfigKeys (ConfUtils.java:logGet(43)) - raft.server.watch.element-limit = 65536 (default)
2019-08-28 12:15:24,023 [108935fa-1afa-4eca-a0d1-51689defc060:group-18B6BFD55214:LeaderElection95] INFO  impl.RoleInfo (RoleInfo.java:updateAndGet(143)) - 108935fa-1afa-4eca-a0d1-51689defc060: start LeaderState
2019-08-28 12:15:24,023 [108935fa-1afa-4eca-a0d1-51689defc060:group-18B6BFD55214:LeaderElection95] INFO  segmented.SegmentedRaftLogWorker (SegmentedRaftLogWorker.java:startLogSegment(380)) - 108935fa-1afa-4eca-a0d1-51689defc060-SegmentedRaftLogWorker:Storage Directory /workdir/hadoop-ozone/integration-test/target/test-dir/MiniOzoneClusterImpl-c8883471-de3b-444e-8801-a2789016650e/datanode-1/data/ratis/2ec515b4-3be8-4907-a4db-18b6bfd55214: Starting segment from index:0
2019-08-28 12:15:24,024 [108935fa-1afa-4eca-a0d1-51689defc060:group-18B6BFD55214:LeaderElection95] INFO  impl.RaftServerImpl (ServerState.java:setRaftConf(361)) - 108935fa-1afa-4eca-a0d1-51689defc060:group-18B6BFD55214 set configuration 0: [108935fa-1afa-4eca-a0d1-51689defc060:192.168.36.80:33031], old=null at 0
2019-08-28 12:15:24,065 [108935fa-1afa-4eca-a0d1-51689defc060-SegmentedRaftLogWorker:Storage Directory /workdir/hadoop-ozone/integration-test/target/test-dir/MiniOzoneClusterImpl-c8883471-de3b-444e-8801-a2789016650e/datanode-1/data/ratis/2ec515b4-3be8-4907-a4db-18b6bfd55214] INFO  segmented.SegmentedRaftLogWorker (SegmentedRaftLogWorker.java:execute(569)) - 108935fa-1afa-4eca-a0d1-51689defc060-SegmentedRaftLogWorker:Storage Directory /workdir/hadoop-ozone/integration-test/target/test-dir/MiniOzoneClusterImpl-c8883471-de3b-444e-8801-a2789016650e/datanode-1/data/ratis/2ec515b4-3be8-4907-a4db-18b6bfd55214: created new log segment /workdir/hadoop-ozone/integration-test/target/test-dir/MiniOzoneClusterImpl-c8883471-de3b-444e-8801-a2789016650e/datanode-1/data/ratis/2ec515b4-3be8-4907-a4db-18b6bfd55214/current/log_inprogress_0
2019-08-28 12:15:24,102 | INFO  | SCMAudit | user=jenkins1000 | ip=192.168.36.80 | op=SEND_HEARTBEAT {datanodeUUID=a2802022-7344-46e5-aa2c-6758ec5b3830, command=[]} | ret=SUCCESS |  
2019-08-28 12:15:24,104 | INFO  | SCMAudit | user=jenkins1000 | ip=192.168.36.80 | op=SEND_HEARTBEAT {datanodeUUID=bfb94127-3486-42ae-9a73-546df528dd97, command=[]} | ret=SUCCESS |  
2019-08-28 12:15:24,173 [Thread-2521] INFO  impl.FollowerState (FollowerState.java:run(106)) - a2802022-7344-46e5-aa2c-6758ec5b3830:group-97559092F115 changes to CANDIDATE, lastRpcTime:5026, electionTimeout:5026ms
2019-08-28 12:15:24,174 [Thread-2521] INFO  impl.RoleInfo (RoleInfo.java:shutdownFollowerState(121)) - a2802022-7344-46e5-aa2c-6758ec5b3830: shutdown FollowerState
2019-08-28 12:15:24,174 [Thread-2521] INFO  impl.RaftServerImpl (RaftServerImpl.java:setRole(171)) - a2802022-7344-46e5-aa2c-6758ec5b3830:group-97559092F115 changes role from FOLLOWER to CANDIDATE at term 0 for changeToCandidate
2019-08-28 12:15:24,174 [Thread-2521] INFO  impl.RoleInfo (RoleInfo.java:updateAndGet(143)) - a2802022-7344-46e5-aa2c-6758ec5b3830: start LeaderElection
2019-08-28 12:15:24,203 [a2802022-7344-46e5-aa2c-6758ec5b3830:group-97559092F115:LeaderElection96] INFO  impl.LeaderElection (LeaderElection.java:askForVotes(181)) - a2802022-7344-46e5-aa2c-6758ec5b3830:group-97559092F115:LeaderElection96: begin an election at term 1 for -1: [a2802022-7344-46e5-aa2c-6758ec5b3830:192.168.36.80:35344], old=null
2019-08-28 12:15:24,204 [a2802022-7344-46e5-aa2c-6758ec5b3830:group-97559092F115:LeaderElection96] INFO  impl.RoleInfo (RoleInfo.java:shutdownLeaderElection(134)) - a2802022-7344-46e5-aa2c-6758ec5b3830: shutdown LeaderElection
2019-08-28 12:15:24,204 [a2802022-7344-46e5-aa2c-6758ec5b3830:group-97559092F115:LeaderElection96] INFO  impl.RaftServerImpl (RaftServerImpl.java:setRole(171)) - a2802022-7344-46e5-aa2c-6758ec5b3830:group-97559092F115 changes role from CANDIDATE to LEADER at term 1 for changeToLeader
2019-08-28 12:15:24,204 [a2802022-7344-46e5-aa2c-6758ec5b3830:group-97559092F115:LeaderElection96] INFO  impl.RaftServerImpl (ServerState.java:setLeader(263)) - a2802022-7344-46e5-aa2c-6758ec5b3830:group-97559092F115 change Leader from null to a2802022-7344-46e5-aa2c-6758ec5b3830 at term 1 for becomeLeader, leader elected after 5060ms
2019-08-28 12:15:24,204 [a2802022-7344-46e5-aa2c-6758ec5b3830:group-97559092F115:LeaderElection96] INFO  server.RaftServerConfigKeys (ConfUtils.java:logGet(43)) - raft.server.staging.catchup.gap = 1000 (default)
2019-08-28 12:15:24,204 [a2802022-7344-46e5-aa2c-6758ec5b3830:group-97559092F115:LeaderElection96] INFO  server.RaftServerConfigKeys (ConfUtils.java:logGet(43)) - raft.server.rpc.sleep.time = 25ms (default)
2019-08-28 12:15:24,204 [a2802022-7344-46e5-aa2c-6758ec5b3830:group-97559092F115:LeaderElection96] INFO  server.RaftServerConfigKeys (ConfUtils.java:logGet(43)) - raft.server.write.element-limit = 4096 (default)
2019-08-28 12:15:24,205 [a2802022-7344-46e5-aa2c-6758ec5b3830:group-97559092F115:LeaderElection96] INFO  server.RaftServerConfigKeys (ConfUtils.java:logGet(43)) - raft.server.watch.timeout = 10s (default)
2019-08-28 12:15:24,205 [a2802022-7344-46e5-aa2c-6758ec5b3830:group-97559092F115:LeaderElection96] INFO  server.RaftServerConfigKeys (ConfUtils.java:logGet(43)) - raft.server.watch.timeout.denomination = 1s (default)
2019-08-28 12:15:24,205 [a2802022-7344-46e5-aa2c-6758ec5b3830:group-97559092F115:LeaderElection96] INFO  server.RaftServerConfigKeys (ConfUtils.java:logGet(43)) - raft.server.watch.element-limit = 65536 (default)
2019-08-28 12:15:24,205 [a2802022-7344-46e5-aa2c-6758ec5b3830:group-97559092F115:LeaderElection96] INFO  impl.RoleInfo (RoleInfo.java:updateAndGet(143)) - a2802022-7344-46e5-aa2c-6758ec5b3830: start LeaderState
2019-08-28 12:15:24,205 [a2802022-7344-46e5-aa2c-6758ec5b3830:group-97559092F115:LeaderElection96] INFO  segmented.SegmentedRaftLogWorker (SegmentedRaftLogWorker.java:startLogSegment(380)) - a2802022-7344-46e5-aa2c-6758ec5b3830-SegmentedRaftLogWorker:Storage Directory /workdir/hadoop-ozone/integration-test/target/test-dir/MiniOzoneClusterImpl-c8883471-de3b-444e-8801-a2789016650e/datanode-2/data/ratis/1f53a610-c697-4f6a-8be3-97559092f115: Starting segment from index:0
2019-08-28 12:15:24,206 [a2802022-7344-46e5-aa2c-6758ec5b3830:group-97559092F115:LeaderElection96] INFO  impl.RaftServerImpl (ServerState.java:setRaftConf(361)) - a2802022-7344-46e5-aa2c-6758ec5b3830:group-97559092F115 set configuration 0: [a2802022-7344-46e5-aa2c-6758ec5b3830:192.168.36.80:35344], old=null at 0
2019-08-28 12:15:24,240 [grpc-default-executor-7] INFO  client.GrpcClientProtocolClient (GrpcClientProtocolClient.java:onNext(255)) - client-5099C040E86A->a2802022-7344-46e5-aa2c-6758ec5b3830: receive RaftClientReply:client-5099C040E86A->a2802022-7344-46e5-aa2c-6758ec5b3830@group-D490398E80D5, cid=103, FAILED org.apache.ratis.protocol.NotLeaderException: Server a2802022-7344-46e5-aa2c-6758ec5b3830 is not the leader (null). Request must be sent to leader., logIndex=0, commits[a2802022-7344-46e5-aa2c-6758ec5b3830:c-1]
2019-08-28 12:15:24,251 [a2802022-7344-46e5-aa2c-6758ec5b3830-SegmentedRaftLogWorker:Storage Directory /workdir/hadoop-ozone/integration-test/target/test-dir/MiniOzoneClusterImpl-c8883471-de3b-444e-8801-a2789016650e/datanode-2/data/ratis/1f53a610-c697-4f6a-8be3-97559092f115] INFO  segmented.SegmentedRaftLogWorker (SegmentedRaftLogWorker.java:execute(569)) - a2802022-7344-46e5-aa2c-6758ec5b3830-SegmentedRaftLogWorker:Storage Directory /workdir/hadoop-ozone/integration-test/target/test-dir/MiniOzoneClusterImpl-c8883471-de3b-444e-8801-a2789016650e/datanode-2/data/ratis/1f53a610-c697-4f6a-8be3-97559092f115: created new log segment /workdir/hadoop-ozone/integration-test/target/test-dir/MiniOzoneClusterImpl-c8883471-de3b-444e-8801-a2789016650e/datanode-2/data/ratis/1f53a610-c697-4f6a-8be3-97559092f115/current/log_inprogress_0
2019-08-28 12:15:24,252 [Thread-2529] INFO  impl.FollowerState (FollowerState.java:run(106)) - 512e32c3-7b1a-4e19-b3ea-ee56d7d32ab5:group-D490398E80D5 changes to CANDIDATE, lastRpcTime:5044, electionTimeout:5044ms
2019-08-28 12:15:24,252 [Thread-2529] INFO  impl.RoleInfo (RoleInfo.java:shutdownFollowerState(121)) - 512e32c3-7b1a-4e19-b3ea-ee56d7d32ab5: shutdown FollowerState
2019-08-28 12:15:24,252 [Thread-2529] INFO  impl.RaftServerImpl (RaftServerImpl.java:setRole(171)) - 512e32c3-7b1a-4e19-b3ea-ee56d7d32ab5:group-D490398E80D5 changes role from FOLLOWER to CANDIDATE at term 0 for changeToCandidate
2019-08-28 12:15:24,252 [Thread-2529] INFO  impl.RoleInfo (RoleInfo.java:updateAndGet(143)) - 512e32c3-7b1a-4e19-b3ea-ee56d7d32ab5: start LeaderElection
2019-08-28 12:15:24,267 [512e32c3-7b1a-4e19-b3ea-ee56d7d32ab5:group-D490398E80D5:LeaderElection97] INFO  impl.LeaderElection (LeaderElection.java:askForVotes(181)) - 512e32c3-7b1a-4e19-b3ea-ee56d7d32ab5:group-D490398E80D5:LeaderElection97: begin an election at term 1 for -1: [108935fa-1afa-4eca-a0d1-51689defc060:192.168.36.80:33031, a2802022-7344-46e5-aa2c-6758ec5b3830:192.168.36.80:35344, 512e32c3-7b1a-4e19-b3ea-ee56d7d32ab5:192.168.36.80:39646], old=null
2019-08-28 12:15:24,273 [grpc-default-executor-2] INFO  impl.RaftServerImpl (RaftServerImpl.java:setRole(171)) - a2802022-7344-46e5-aa2c-6758ec5b3830:group-D490398E80D5 changes role from FOLLOWER to FOLLOWER at term 1 for recognizeCandidate:512e32c3-7b1a-4e19-b3ea-ee56d7d32ab5
2019-08-28 12:15:24,276 [grpc-default-executor-7] INFO  impl.RaftServerImpl (RaftServerImpl.java:setRole(171)) - 108935fa-1afa-4eca-a0d1-51689defc060:group-D490398E80D5 changes role from FOLLOWER to FOLLOWER at term 1 for recognizeCandidate:512e32c3-7b1a-4e19-b3ea-ee56d7d32ab5
2019-08-28 12:15:24,276 [grpc-default-executor-7] INFO  impl.RoleInfo (RoleInfo.java:shutdownFollowerState(121)) - 108935fa-1afa-4eca-a0d1-51689defc060: shutdown FollowerState
2019-08-28 12:15:24,276 [grpc-default-executor-2] INFO  impl.RoleInfo (RoleInfo.java:shutdownFollowerState(121)) - a2802022-7344-46e5-aa2c-6758ec5b3830: shutdown FollowerState
2019-08-28 12:15:24,277 [Thread-2524] INFO  impl.FollowerState (FollowerState.java:run(114)) - 108935fa-1afa-4eca-a0d1-51689defc060: FollowerState was interrupted: java.lang.InterruptedException: sleep interrupted
2019-08-28 12:15:24,277 [grpc-default-executor-7] INFO  impl.RoleInfo (RoleInfo.java:updateAndGet(143)) - 108935fa-1afa-4eca-a0d1-51689defc060: start FollowerState
2019-08-28 12:15:24,277 [Thread-2528] INFO  impl.FollowerState (FollowerState.java:run(114)) - a2802022-7344-46e5-aa2c-6758ec5b3830: FollowerState was interrupted: java.lang.InterruptedException: sleep interrupted
2019-08-28 12:15:24,277 [grpc-default-executor-2] INFO  impl.RoleInfo (RoleInfo.java:updateAndGet(143)) - a2802022-7344-46e5-aa2c-6758ec5b3830: start FollowerState
2019-08-28 12:15:24,292 [512e32c3-7b1a-4e19-b3ea-ee56d7d32ab5:group-D490398E80D5:LeaderElection97] INFO  impl.LeaderElection (LeaderElection.java:logAndReturn(56)) - 512e32c3-7b1a-4e19-b3ea-ee56d7d32ab5:group-D490398E80D5:LeaderElection97: Election PASSED; received 1 response(s) [512e32c3-7b1a-4e19-b3ea-ee56d7d32ab5<-108935fa-1afa-4eca-a0d1-51689defc060#0:OK-t1] and 0 exception(s); 512e32c3-7b1a-4e19-b3ea-ee56d7d32ab5:t1, leader=null, voted=512e32c3-7b1a-4e19-b3ea-ee56d7d32ab5, raftlog=512e32c3-7b1a-4e19-b3ea-ee56d7d32ab5-SegmentedRaftLog:OPENED:c-1,f-1,i0, conf=-1: [108935fa-1afa-4eca-a0d1-51689defc060:192.168.36.80:33031, a2802022-7344-46e5-aa2c-6758ec5b3830:192.168.36.80:35344, 512e32c3-7b1a-4e19-b3ea-ee56d7d32ab5:192.168.36.80:39646], old=null
2019-08-28 12:15:24,292 [512e32c3-7b1a-4e19-b3ea-ee56d7d32ab5:group-D490398E80D5:LeaderElection97] INFO  impl.RoleInfo (RoleInfo.java:shutdownLeaderElection(134)) - 512e32c3-7b1a-4e19-b3ea-ee56d7d32ab5: shutdown LeaderElection
2019-08-28 12:15:24,292 [512e32c3-7b1a-4e19-b3ea-ee56d7d32ab5:group-D490398E80D5:LeaderElection97] INFO  impl.RaftServerImpl (RaftServerImpl.java:setRole(171)) - 512e32c3-7b1a-4e19-b3ea-ee56d7d32ab5:group-D490398E80D5 changes role from CANDIDATE to LEADER at term 1 for changeToLeader
2019-08-28 12:15:24,292 [512e32c3-7b1a-4e19-b3ea-ee56d7d32ab5:group-D490398E80D5:LeaderElection97] INFO  impl.RaftServerImpl (ServerState.java:setLeader(263)) - 512e32c3-7b1a-4e19-b3ea-ee56d7d32ab5:group-D490398E80D5 change Leader from null to 512e32c3-7b1a-4e19-b3ea-ee56d7d32ab5 at term 1 for becomeLeader, leader elected after 5094ms
2019-08-28 12:15:24,292 [512e32c3-7b1a-4e19-b3ea-ee56d7d32ab5:group-D490398E80D5:LeaderElection97] INFO  server.RaftServerConfigKeys (ConfUtils.java:logGet(43)) - raft.server.staging.catchup.gap = 1000 (default)
2019-08-28 12:15:24,293 [512e32c3-7b1a-4e19-b3ea-ee56d7d32ab5:group-D490398E80D5:LeaderElection97] INFO  server.RaftServerConfigKeys (ConfUtils.java:logGet(43)) - raft.server.rpc.sleep.time = 25ms (default)
2019-08-28 12:15:24,293 [512e32c3-7b1a-4e19-b3ea-ee56d7d32ab5:group-D490398E80D5:LeaderElection97] INFO  server.RaftServerConfigKeys (ConfUtils.java:logGet(43)) - raft.server.write.element-limit = 4096 (default)
2019-08-28 12:15:24,293 [512e32c3-7b1a-4e19-b3ea-ee56d7d32ab5:group-D490398E80D5:LeaderElection97] INFO  server.RaftServerConfigKeys (ConfUtils.java:logGet(43)) - raft.server.watch.timeout = 10s (default)
2019-08-28 12:15:24,293 [512e32c3-7b1a-4e19-b3ea-ee56d7d32ab5:group-D490398E80D5:LeaderElection97] INFO  server.RaftServerConfigKeys (ConfUtils.java:logGet(43)) - raft.server.watch.timeout.denomination = 1s (default)
2019-08-28 12:15:24,293 [512e32c3-7b1a-4e19-b3ea-ee56d7d32ab5:group-D490398E80D5:LeaderElection97] INFO  server.RaftServerConfigKeys (ConfUtils.java:logGet(43)) - raft.server.watch.element-limit = 65536 (default)
2019-08-28 12:15:24,294 [512e32c3-7b1a-4e19-b3ea-ee56d7d32ab5:group-D490398E80D5:LeaderElection97] INFO  server.RaftServerConfigKeys (ConfUtils.java:logGet(43)) - raft.server.log.appender.snapshot.chunk.size.max = 16MB (=16777216) (default)
2019-08-28 12:15:24,294 [512e32c3-7b1a-4e19-b3ea-ee56d7d32ab5:group-D490398E80D5:LeaderElection97] INFO  server.RaftServerConfigKeys (ConfUtils.java:logGet(43)) - raft.server.log.appender.buffer.byte-limit = 33554432 (custom)
2019-08-28 12:15:24,294 [512e32c3-7b1a-4e19-b3ea-ee56d7d32ab5:group-D490398E80D5:LeaderElection97] INFO  server.RaftServerConfigKeys (ConfUtils.java:logGet(43)) - raft.server.log.appender.buffer.element-limit = 1 (custom)
2019-08-28 12:15:24,294 [512e32c3-7b1a-4e19-b3ea-ee56d7d32ab5:group-D490398E80D5:LeaderElection97] INFO  grpc.GrpcConfigKeys$Server (ConfUtils.java:logGet(43)) - raft.grpc.server.leader.outstanding.appends.max = 128 (default)
2019-08-28 12:15:24,294 [512e32c3-7b1a-4e19-b3ea-ee56d7d32ab5:group-D490398E80D5:LeaderElection97] INFO  server.RaftServerConfigKeys (ConfUtils.java:logGet(43)) - raft.server.rpc.request.timeout = 3000ms (default)
2019-08-28 12:15:24,295 [512e32c3-7b1a-4e19-b3ea-ee56d7d32ab5:group-D490398E80D5:LeaderElection97] INFO  server.RaftServerConfigKeys (ConfUtils.java:logGet(43)) - raft.server.log.appender.install.snapshot.enabled = false (custom)
2019-08-28 12:15:24,295 [512e32c3-7b1a-4e19-b3ea-ee56d7d32ab5:group-D490398E80D5:LeaderElection97] INFO  server.RaftServerConfigKeys (ConfUtils.java:logGet(43)) - raft.server.log.appender.snapshot.chunk.size.max = 16MB (=16777216) (default)
2019-08-28 12:15:24,295 [512e32c3-7b1a-4e19-b3ea-ee56d7d32ab5:group-D490398E80D5:LeaderElection97] INFO  server.RaftServerConfigKeys (ConfUtils.java:logGet(43)) - raft.server.log.appender.buffer.byte-limit = 33554432 (custom)
2019-08-28 12:15:24,295 [512e32c3-7b1a-4e19-b3ea-ee56d7d32ab5:group-D490398E80D5:LeaderElection97] INFO  server.RaftServerConfigKeys (ConfUtils.java:logGet(43)) - raft.server.log.appender.buffer.element-limit = 1 (custom)
2019-08-28 12:15:24,295 [512e32c3-7b1a-4e19-b3ea-ee56d7d32ab5:group-D490398E80D5:LeaderElection97] INFO  grpc.GrpcConfigKeys$Server (ConfUtils.java:logGet(43)) - raft.grpc.server.leader.outstanding.appends.max = 128 (default)
2019-08-28 12:15:24,295 [512e32c3-7b1a-4e19-b3ea-ee56d7d32ab5:group-D490398E80D5:LeaderElection97] INFO  server.RaftServerConfigKeys (ConfUtils.java:logGet(43)) - raft.server.rpc.request.timeout = 3000ms (default)
2019-08-28 12:15:24,295 [512e32c3-7b1a-4e19-b3ea-ee56d7d32ab5:group-D490398E80D5:LeaderElection97] INFO  server.RaftServerConfigKeys (ConfUtils.java:logGet(43)) - raft.server.log.appender.install.snapshot.enabled = false (custom)
2019-08-28 12:15:24,296 [512e32c3-7b1a-4e19-b3ea-ee56d7d32ab5:group-D490398E80D5:LeaderElection97] INFO  impl.RoleInfo (RoleInfo.java:updateAndGet(143)) - 512e32c3-7b1a-4e19-b3ea-ee56d7d32ab5: start LeaderState
2019-08-28 12:15:24,296 [512e32c3-7b1a-4e19-b3ea-ee56d7d32ab5:group-D490398E80D5:LeaderElection97] INFO  segmented.SegmentedRaftLogWorker (SegmentedRaftLogWorker.java:startLogSegment(380)) - 512e32c3-7b1a-4e19-b3ea-ee56d7d32ab5-SegmentedRaftLogWorker:Storage Directory /workdir/hadoop-ozone/integration-test/target/test-dir/MiniOzoneClusterImpl-c8883471-de3b-444e-8801-a2789016650e/datanode-0/data/ratis/9407d4eb-7493-47cc-a197-d490398e80d5: Starting segment from index:0
2019-08-28 12:15:24,297 [512e32c3-7b1a-4e19-b3ea-ee56d7d32ab5:group-D490398E80D5:LeaderElection97] INFO  impl.RaftServerImpl (ServerState.java:setRaftConf(361)) - 512e32c3-7b1a-4e19-b3ea-ee56d7d32ab5:group-D490398E80D5 set configuration 0: [108935fa-1afa-4eca-a0d1-51689defc060:192.168.36.80:33031, a2802022-7344-46e5-aa2c-6758ec5b3830:192.168.36.80:35344, 512e32c3-7b1a-4e19-b3ea-ee56d7d32ab5:192.168.36.80:39646], old=null at 0
2019-08-28 12:15:24,329 | INFO  | SCMAudit | user=jenkins1000 | ip=192.168.36.80 | op=SEND_HEARTBEAT {datanodeUUID=077a7edd-6219-48df-b004-054f5dffa596, command=[]} | ret=SUCCESS |  
2019-08-28 12:15:24,333 [grpc-default-executor-7] INFO  impl.RaftServerImpl (ServerState.java:setLeader(263)) - a2802022-7344-46e5-aa2c-6758ec5b3830:group-D490398E80D5 change Leader from null to 512e32c3-7b1a-4e19-b3ea-ee56d7d32ab5 at term 1 for appendEntries, leader elected after 5135ms
2019-08-28 12:15:24,333 [grpc-default-executor-2] INFO  impl.RaftServerImpl (ServerState.java:setLeader(263)) - 108935fa-1afa-4eca-a0d1-51689defc060:group-D490398E80D5 change Leader from null to 512e32c3-7b1a-4e19-b3ea-ee56d7d32ab5 at term 1 for appendEntries, leader elected after 5135ms
2019-08-28 12:15:24,335 [grpc-default-executor-7] INFO  impl.RaftServerImpl (ServerState.java:setRaftConf(361)) - 108935fa-1afa-4eca-a0d1-51689defc060:group-D490398E80D5 set configuration 0: [108935fa-1afa-4eca-a0d1-51689defc060:192.168.36.80:33031, a2802022-7344-46e5-aa2c-6758ec5b3830:192.168.36.80:35344, 512e32c3-7b1a-4e19-b3ea-ee56d7d32ab5:192.168.36.80:39646], old=null at 0
2019-08-28 12:15:24,335 [grpc-default-executor-2] INFO  impl.RaftServerImpl (ServerState.java:setRaftConf(361)) - a2802022-7344-46e5-aa2c-6758ec5b3830:group-D490398E80D5 set configuration 0: [108935fa-1afa-4eca-a0d1-51689defc060:192.168.36.80:33031, a2802022-7344-46e5-aa2c-6758ec5b3830:192.168.36.80:35344, 512e32c3-7b1a-4e19-b3ea-ee56d7d32ab5:192.168.36.80:39646], old=null at 0
2019-08-28 12:15:24,335 [grpc-default-executor-7] INFO  segmented.SegmentedRaftLogWorker (SegmentedRaftLogWorker.java:startLogSegment(380)) - 108935fa-1afa-4eca-a0d1-51689defc060-SegmentedRaftLogWorker:Storage Directory /workdir/hadoop-ozone/integration-test/target/test-dir/MiniOzoneClusterImpl-c8883471-de3b-444e-8801-a2789016650e/datanode-1/data/ratis/9407d4eb-7493-47cc-a197-d490398e80d5: Starting segment from index:0
2019-08-28 12:15:24,336 [grpc-default-executor-2] INFO  segmented.SegmentedRaftLogWorker (SegmentedRaftLogWorker.java:startLogSegment(380)) - a2802022-7344-46e5-aa2c-6758ec5b3830-SegmentedRaftLogWorker:Storage Directory /workdir/hadoop-ozone/integration-test/target/test-dir/MiniOzoneClusterImpl-c8883471-de3b-444e-8801-a2789016650e/datanode-2/data/ratis/9407d4eb-7493-47cc-a197-d490398e80d5: Starting segment from index:0
2019-08-28 12:15:24,341 [512e32c3-7b1a-4e19-b3ea-ee56d7d32ab5-SegmentedRaftLogWorker:Storage Directory /workdir/hadoop-ozone/integration-test/target/test-dir/MiniOzoneClusterImpl-c8883471-de3b-444e-8801-a2789016650e/datanode-0/data/ratis/9407d4eb-7493-47cc-a197-d490398e80d5] INFO  segmented.SegmentedRaftLogWorker (SegmentedRaftLogWorker.java:execute(569)) - 512e32c3-7b1a-4e19-b3ea-ee56d7d32ab5-SegmentedRaftLogWorker:Storage Directory /workdir/hadoop-ozone/integration-test/target/test-dir/MiniOzoneClusterImpl-c8883471-de3b-444e-8801-a2789016650e/datanode-0/data/ratis/9407d4eb-7493-47cc-a197-d490398e80d5: created new log segment /workdir/hadoop-ozone/integration-test/target/test-dir/MiniOzoneClusterImpl-c8883471-de3b-444e-8801-a2789016650e/datanode-0/data/ratis/9407d4eb-7493-47cc-a197-d490398e80d5/current/log_inprogress_0
2019-08-28 12:15:24,387 [Thread-2533] INFO  impl.FollowerState (FollowerState.java:run(106)) - 077a7edd-6219-48df-b004-054f5dffa596:group-529DB42D412A changes to CANDIDATE, lastRpcTime:5023, electionTimeout:5023ms
2019-08-28 12:15:24,388 [Thread-2533] INFO  impl.RoleInfo (RoleInfo.java:shutdownFollowerState(121)) - 077a7edd-6219-48df-b004-054f5dffa596: shutdown FollowerState
2019-08-28 12:15:24,388 [Thread-2533] INFO  impl.RaftServerImpl (RaftServerImpl.java:setRole(171)) - 077a7edd-6219-48df-b004-054f5dffa596:group-529DB42D412A changes role from FOLLOWER to CANDIDATE at term 0 for changeToCandidate
2019-08-28 12:15:24,388 [Thread-2533] INFO  impl.RoleInfo (RoleInfo.java:updateAndGet(143)) - 077a7edd-6219-48df-b004-054f5dffa596: start LeaderElection
2019-08-28 12:15:24,417 [a2802022-7344-46e5-aa2c-6758ec5b3830-SegmentedRaftLogWorker:Storage Directory /workdir/hadoop-ozone/integration-test/target/test-dir/MiniOzoneClusterImpl-c8883471-de3b-444e-8801-a2789016650e/datanode-2/data/ratis/9407d4eb-7493-47cc-a197-d490398e80d5] INFO  segmented.SegmentedRaftLogWorker (SegmentedRaftLogWorker.java:execute(569)) - a2802022-7344-46e5-aa2c-6758ec5b3830-SegmentedRaftLogWorker:Storage Directory /workdir/hadoop-ozone/integration-test/target/test-dir/MiniOzoneClusterImpl-c8883471-de3b-444e-8801-a2789016650e/datanode-2/data/ratis/9407d4eb-7493-47cc-a197-d490398e80d5: created new log segment /workdir/hadoop-ozone/integration-test/target/test-dir/MiniOzoneClusterImpl-c8883471-de3b-444e-8801-a2789016650e/datanode-2/data/ratis/9407d4eb-7493-47cc-a197-d490398e80d5/current/log_inprogress_0
2019-08-28 12:15:24,417 [108935fa-1afa-4eca-a0d1-51689defc060-SegmentedRaftLogWorker:Storage Directory /workdir/hadoop-ozone/integration-test/target/test-dir/MiniOzoneClusterImpl-c8883471-de3b-444e-8801-a2789016650e/datanode-1/data/ratis/9407d4eb-7493-47cc-a197-d490398e80d5] INFO  segmented.SegmentedRaftLogWorker (SegmentedRaftLogWorker.java:execute(569)) - 108935fa-1afa-4eca-a0d1-51689defc060-SegmentedRaftLogWorker:Storage Directory /workdir/hadoop-ozone/integration-test/target/test-dir/MiniOzoneClusterImpl-c8883471-de3b-444e-8801-a2789016650e/datanode-1/data/ratis/9407d4eb-7493-47cc-a197-d490398e80d5: created new log segment /workdir/hadoop-ozone/integration-test/target/test-dir/MiniOzoneClusterImpl-c8883471-de3b-444e-8801-a2789016650e/datanode-1/data/ratis/9407d4eb-7493-47cc-a197-d490398e80d5/current/log_inprogress_0
2019-08-28 12:15:24,418 [077a7edd-6219-48df-b004-054f5dffa596:group-529DB42D412A:LeaderElection98] INFO  impl.LeaderElection (LeaderElection.java:askForVotes(181)) - 077a7edd-6219-48df-b004-054f5dffa596:group-529DB42D412A:LeaderElection98: begin an election at term 1 for -1: [077a7edd-6219-48df-b004-054f5dffa596:192.168.36.80:46569], old=null
2019-08-28 12:15:24,418 [077a7edd-6219-48df-b004-054f5dffa596:group-529DB42D412A:LeaderElection98] INFO  impl.RoleInfo (RoleInfo.java:shutdownLeaderElection(134)) - 077a7edd-6219-48df-b004-054f5dffa596: shutdown LeaderElection
2019-08-28 12:15:24,418 [077a7edd-6219-48df-b004-054f5dffa596:group-529DB42D412A:LeaderElection98] INFO  impl.RaftServerImpl (RaftServerImpl.java:setRole(171)) - 077a7edd-6219-48df-b004-054f5dffa596:group-529DB42D412A changes role from CANDIDATE to LEADER at term 1 for changeToLeader
2019-08-28 12:15:24,418 [077a7edd-6219-48df-b004-054f5dffa596:group-529DB42D412A:LeaderElection98] INFO  impl.RaftServerImpl (ServerState.java:setLeader(263)) - 077a7edd-6219-48df-b004-054f5dffa596:group-529DB42D412A change Leader from null to 077a7edd-6219-48df-b004-054f5dffa596 at term 1 for becomeLeader, leader elected after 5059ms
2019-08-28 12:15:24,418 [077a7edd-6219-48df-b004-054f5dffa596:group-529DB42D412A:LeaderElection98] INFO  server.RaftServerConfigKeys (ConfUtils.java:logGet(43)) - raft.server.staging.catchup.gap = 1000 (default)
2019-08-28 12:15:24,419 [077a7edd-6219-48df-b004-054f5dffa596:group-529DB42D412A:LeaderElection98] INFO  server.RaftServerConfigKeys (ConfUtils.java:logGet(43)) - raft.server.rpc.sleep.time = 25ms (default)
2019-08-28 12:15:24,419 [077a7edd-6219-48df-b004-054f5dffa596:group-529DB42D412A:LeaderElection98] INFO  server.RaftServerConfigKeys (ConfUtils.java:logGet(43)) - raft.server.write.element-limit = 4096 (default)
2019-08-28 12:15:24,419 [077a7edd-6219-48df-b004-054f5dffa596:group-529DB42D412A:LeaderElection98] INFO  server.RaftServerConfigKeys (ConfUtils.java:logGet(43)) - raft.server.watch.timeout = 10s (default)
2019-08-28 12:15:24,419 [077a7edd-6219-48df-b004-054f5dffa596:group-529DB42D412A:LeaderElection98] INFO  server.RaftServerConfigKeys (ConfUtils.java:logGet(43)) - raft.server.watch.timeout.denomination = 1s (default)
2019-08-28 12:15:24,419 [077a7edd-6219-48df-b004-054f5dffa596:group-529DB42D412A:LeaderElection98] INFO  server.RaftServerConfigKeys (ConfUtils.java:logGet(43)) - raft.server.watch.element-limit = 65536 (default)
2019-08-28 12:15:24,420 [077a7edd-6219-48df-b004-054f5dffa596:group-529DB42D412A:LeaderElection98] INFO  impl.RoleInfo (RoleInfo.java:updateAndGet(143)) - 077a7edd-6219-48df-b004-054f5dffa596: start LeaderState
2019-08-28 12:15:24,420 [077a7edd-6219-48df-b004-054f5dffa596:group-529DB42D412A:LeaderElection98] INFO  segmented.SegmentedRaftLogWorker (SegmentedRaftLogWorker.java:startLogSegment(380)) - 077a7edd-6219-48df-b004-054f5dffa596-SegmentedRaftLogWorker:Storage Directory /workdir/hadoop-ozone/integration-test/target/test-dir/MiniOzoneClusterImpl-c8883471-de3b-444e-8801-a2789016650e/datanode-3/data/ratis/82978fe3-9db2-4be9-afaf-529db42d412a: Starting segment from index:0
2019-08-28 12:15:24,421 [077a7edd-6219-48df-b004-054f5dffa596:group-529DB42D412A:LeaderElection98] INFO  impl.RaftServerImpl (ServerState.java:setRaftConf(361)) - 077a7edd-6219-48df-b004-054f5dffa596:group-529DB42D412A set configuration 0: [077a7edd-6219-48df-b004-054f5dffa596:192.168.36.80:46569], old=null at 0
2019-08-28 12:15:24,474 [077a7edd-6219-48df-b004-054f5dffa596-SegmentedRaftLogWorker:Storage Directory /workdir/hadoop-ozone/integration-test/target/test-dir/MiniOzoneClusterImpl-c8883471-de3b-444e-8801-a2789016650e/datanode-3/data/ratis/82978fe3-9db2-4be9-afaf-529db42d412a] INFO  segmented.SegmentedRaftLogWorker (SegmentedRaftLogWorker.java:execute(569)) - 077a7edd-6219-48df-b004-054f5dffa596-SegmentedRaftLogWorker:Storage Directory /workdir/hadoop-ozone/integration-test/target/test-dir/MiniOzoneClusterImpl-c8883471-de3b-444e-8801-a2789016650e/datanode-3/data/ratis/82978fe3-9db2-4be9-afaf-529db42d412a: created new log segment /workdir/hadoop-ozone/integration-test/target/test-dir/MiniOzoneClusterImpl-c8883471-de3b-444e-8801-a2789016650e/datanode-3/data/ratis/82978fe3-9db2-4be9-afaf-529db42d412a/current/log_inprogress_0
2019-08-28 12:15:24,605 | INFO  | SCMAudit | user=jenkins1000 | ip=192.168.36.80 | op=SEND_HEARTBEAT {datanodeUUID=7f93d942-a8b7-48f2-bd83-54790fd1d280, command=[]} | ret=SUCCESS |  
2019-08-28 12:15:24,673 [Thread-2536] INFO  impl.FollowerState (FollowerState.java:run(106)) - 7f93d942-a8b7-48f2-bd83-54790fd1d280:group-6B962E47979D changes to CANDIDATE, lastRpcTime:5023, electionTimeout:5023ms
2019-08-28 12:15:24,673 [Thread-2536] INFO  impl.RoleInfo (RoleInfo.java:shutdownFollowerState(121)) - 7f93d942-a8b7-48f2-bd83-54790fd1d280: shutdown FollowerState
2019-08-28 12:15:24,673 [Thread-2536] INFO  impl.RaftServerImpl (RaftServerImpl.java:setRole(171)) - 7f93d942-a8b7-48f2-bd83-54790fd1d280:group-6B962E47979D changes role from FOLLOWER to CANDIDATE at term 0 for changeToCandidate
2019-08-28 12:15:24,674 [Thread-2536] INFO  impl.RoleInfo (RoleInfo.java:updateAndGet(143)) - 7f93d942-a8b7-48f2-bd83-54790fd1d280: start LeaderElection
2019-08-28 12:15:24,682 | INFO  | SCMAudit | user=jenkins1000 | ip=192.168.36.80 | op=SEND_HEARTBEAT {datanodeUUID=512e32c3-7b1a-4e19-b3ea-ee56d7d32ab5, command=[]} | ret=SUCCESS |  
2019-08-28 12:15:24,694 [7f93d942-a8b7-48f2-bd83-54790fd1d280:group-6B962E47979D:LeaderElection99] INFO  impl.LeaderElection (LeaderElection.java:askForVotes(181)) - 7f93d942-a8b7-48f2-bd83-54790fd1d280:group-6B962E47979D:LeaderElection99: begin an election at term 1 for -1: [7f93d942-a8b7-48f2-bd83-54790fd1d280:192.168.36.80:34503], old=null
2019-08-28 12:15:24,694 [7f93d942-a8b7-48f2-bd83-54790fd1d280:group-6B962E47979D:LeaderElection99] INFO  impl.RoleInfo (RoleInfo.java:shutdownLeaderElection(134)) - 7f93d942-a8b7-48f2-bd83-54790fd1d280: shutdown LeaderElection
2019-08-28 12:15:24,695 [7f93d942-a8b7-48f2-bd83-54790fd1d280:group-6B962E47979D:LeaderElection99] INFO  impl.RaftServerImpl (RaftServerImpl.java:setRole(171)) - 7f93d942-a8b7-48f2-bd83-54790fd1d280:group-6B962E47979D changes role from CANDIDATE to LEADER at term 1 for changeToLeader
2019-08-28 12:15:24,695 [7f93d942-a8b7-48f2-bd83-54790fd1d280:group-6B962E47979D:LeaderElection99] INFO  impl.RaftServerImpl (ServerState.java:setLeader(263)) - 7f93d942-a8b7-48f2-bd83-54790fd1d280:group-6B962E47979D change Leader from null to 7f93d942-a8b7-48f2-bd83-54790fd1d280 at term 1 for becomeLeader, leader elected after 5049ms
2019-08-28 12:15:24,695 [7f93d942-a8b7-48f2-bd83-54790fd1d280:group-6B962E47979D:LeaderElection99] INFO  server.RaftServerConfigKeys (ConfUtils.java:logGet(43)) - raft.server.staging.catchup.gap = 1000 (default)
2019-08-28 12:15:24,695 [7f93d942-a8b7-48f2-bd83-54790fd1d280:group-6B962E47979D:LeaderElection99] INFO  server.RaftServerConfigKeys (ConfUtils.java:logGet(43)) - raft.server.rpc.sleep.time = 25ms (default)
2019-08-28 12:15:24,695 [7f93d942-a8b7-48f2-bd83-54790fd1d280:group-6B962E47979D:LeaderElection99] INFO  server.RaftServerConfigKeys (ConfUtils.java:logGet(43)) - raft.server.write.element-limit = 4096 (default)
2019-08-28 12:15:24,695 [7f93d942-a8b7-48f2-bd83-54790fd1d280:group-6B962E47979D:LeaderElection99] INFO  server.RaftServerConfigKeys (ConfUtils.java:logGet(43)) - raft.server.watch.timeout = 10s (default)
2019-08-28 12:15:24,696 [7f93d942-a8b7-48f2-bd83-54790fd1d280:group-6B962E47979D:LeaderElection99] INFO  server.RaftServerConfigKeys (ConfUtils.java:logGet(43)) - raft.server.watch.timeout.denomination = 1s (default)
2019-08-28 12:15:24,696 [7f93d942-a8b7-48f2-bd83-54790fd1d280:group-6B962E47979D:LeaderElection99] INFO  server.RaftServerConfigKeys (ConfUtils.java:logGet(43)) - raft.server.watch.element-limit = 65536 (default)
2019-08-28 12:15:24,696 [7f93d942-a8b7-48f2-bd83-54790fd1d280:group-6B962E47979D:LeaderElection99] INFO  impl.RoleInfo (RoleInfo.java:updateAndGet(143)) - 7f93d942-a8b7-48f2-bd83-54790fd1d280: start LeaderState
2019-08-28 12:15:24,696 [7f93d942-a8b7-48f2-bd83-54790fd1d280:group-6B962E47979D:LeaderElection99] INFO  segmented.SegmentedRaftLogWorker (SegmentedRaftLogWorker.java:startLogSegment(380)) - 7f93d942-a8b7-48f2-bd83-54790fd1d280-SegmentedRaftLogWorker:Storage Directory /workdir/hadoop-ozone/integration-test/target/test-dir/MiniOzoneClusterImpl-c8883471-de3b-444e-8801-a2789016650e/datanode-4/data/ratis/59c1983b-80bf-49c2-954b-6b962e47979d: Starting segment from index:0
2019-08-28 12:15:24,697 [7f93d942-a8b7-48f2-bd83-54790fd1d280:group-6B962E47979D:LeaderElection99] INFO  impl.RaftServerImpl (ServerState.java:setRaftConf(361)) - 7f93d942-a8b7-48f2-bd83-54790fd1d280:group-6B962E47979D set configuration 0: [7f93d942-a8b7-48f2-bd83-54790fd1d280:192.168.36.80:34503], old=null at 0
2019-08-28 12:15:24,743 [7f93d942-a8b7-48f2-bd83-54790fd1d280-SegmentedRaftLogWorker:Storage Directory /workdir/hadoop-ozone/integration-test/target/test-dir/MiniOzoneClusterImpl-c8883471-de3b-444e-8801-a2789016650e/datanode-4/data/ratis/59c1983b-80bf-49c2-954b-6b962e47979d] INFO  segmented.SegmentedRaftLogWorker (SegmentedRaftLogWorker.java:execute(569)) - 7f93d942-a8b7-48f2-bd83-54790fd1d280-SegmentedRaftLogWorker:Storage Directory /workdir/hadoop-ozone/integration-test/target/test-dir/MiniOzoneClusterImpl-c8883471-de3b-444e-8801-a2789016650e/datanode-4/data/ratis/59c1983b-80bf-49c2-954b-6b962e47979d: created new log segment /workdir/hadoop-ozone/integration-test/target/test-dir/MiniOzoneClusterImpl-c8883471-de3b-444e-8801-a2789016650e/datanode-4/data/ratis/59c1983b-80bf-49c2-954b-6b962e47979d/current/log_inprogress_0
2019-08-28 12:15:24,864 | INFO  | SCMAudit | user=jenkins1000 | ip=192.168.36.80 | op=SEND_HEARTBEAT {datanodeUUID=3f0f2d41-29a3-4672-a6ae-dc742954b441, command=[]} | ret=SUCCESS |  
2019-08-28 12:15:24,917 | INFO  | SCMAudit | user=jenkins1000 | ip=192.168.36.80 | op=SEND_HEARTBEAT {datanodeUUID=108935fa-1afa-4eca-a0d1-51689defc060, command=[]} | ret=SUCCESS |  
2019-08-28 12:15:25,005 [Thread-2545] INFO  impl.FollowerState (FollowerState.java:run(106)) - 7f93d942-a8b7-48f2-bd83-54790fd1d280:group-D4FF788DB337 changes to CANDIDATE, lastRpcTime:5031, electionTimeout:5031ms
2019-08-28 12:15:25,005 [Thread-2545] INFO  impl.RoleInfo (RoleInfo.java:shutdownFollowerState(121)) - 7f93d942-a8b7-48f2-bd83-54790fd1d280: shutdown FollowerState
2019-08-28 12:15:25,005 [Thread-2545] INFO  impl.RaftServerImpl (RaftServerImpl.java:setRole(171)) - 7f93d942-a8b7-48f2-bd83-54790fd1d280:group-D4FF788DB337 changes role from FOLLOWER to CANDIDATE at term 0 for changeToCandidate
2019-08-28 12:15:25,006 [Thread-2545] INFO  impl.RoleInfo (RoleInfo.java:updateAndGet(143)) - 7f93d942-a8b7-48f2-bd83-54790fd1d280: start LeaderElection
2019-08-28 12:15:25,025 [7f93d942-a8b7-48f2-bd83-54790fd1d280:group-D4FF788DB337:LeaderElection100] INFO  impl.LeaderElection (LeaderElection.java:askForVotes(181)) - 7f93d942-a8b7-48f2-bd83-54790fd1d280:group-D4FF788DB337:LeaderElection100: begin an election at term 1 for -1: [7f93d942-a8b7-48f2-bd83-54790fd1d280:192.168.36.80:34503, 3f0f2d41-29a3-4672-a6ae-dc742954b441:192.168.36.80:46663, 077a7edd-6219-48df-b004-054f5dffa596:192.168.36.80:46569], old=null
2019-08-28 12:15:25,035 [grpc-default-executor-2] INFO  impl.RaftServerImpl (RaftServerImpl.java:setRole(171)) - 077a7edd-6219-48df-b004-054f5dffa596:group-D4FF788DB337 changes role from FOLLOWER to FOLLOWER at term 1 for recognizeCandidate:7f93d942-a8b7-48f2-bd83-54790fd1d280
2019-08-28 12:15:25,035 [grpc-default-executor-7] INFO  impl.RaftServerImpl (RaftServerImpl.java:setRole(171)) - 3f0f2d41-29a3-4672-a6ae-dc742954b441:group-D4FF788DB337 changes role from FOLLOWER to FOLLOWER at term 1 for recognizeCandidate:7f93d942-a8b7-48f2-bd83-54790fd1d280
2019-08-28 12:15:25,035 [grpc-default-executor-2] INFO  impl.RoleInfo (RoleInfo.java:shutdownFollowerState(121)) - 077a7edd-6219-48df-b004-054f5dffa596: shutdown FollowerState
2019-08-28 12:15:25,035 [grpc-default-executor-7] INFO  impl.RoleInfo (RoleInfo.java:shutdownFollowerState(121)) - 3f0f2d41-29a3-4672-a6ae-dc742954b441: shutdown FollowerState
2019-08-28 12:15:25,035 [Thread-2542] INFO  impl.FollowerState (FollowerState.java:run(114)) - 077a7edd-6219-48df-b004-054f5dffa596: FollowerState was interrupted: java.lang.InterruptedException: sleep interrupted
2019-08-28 12:15:25,035 [grpc-default-executor-2] INFO  impl.RoleInfo (RoleInfo.java:updateAndGet(143)) - 077a7edd-6219-48df-b004-054f5dffa596: start FollowerState
2019-08-28 12:15:25,036 [Thread-2547] INFO  impl.FollowerState (FollowerState.java:run(114)) - 3f0f2d41-29a3-4672-a6ae-dc742954b441: FollowerState was interrupted: java.lang.InterruptedException: sleep interrupted
2019-08-28 12:15:25,036 [grpc-default-executor-7] INFO  impl.RoleInfo (RoleInfo.java:updateAndGet(143)) - 3f0f2d41-29a3-4672-a6ae-dc742954b441: start FollowerState
2019-08-28 12:15:25,051 [7f93d942-a8b7-48f2-bd83-54790fd1d280:group-D4FF788DB337:LeaderElection100] INFO  impl.LeaderElection (LeaderElection.java:logAndReturn(56)) - 7f93d942-a8b7-48f2-bd83-54790fd1d280:group-D4FF788DB337:LeaderElection100: Election PASSED; received 1 response(s) [7f93d942-a8b7-48f2-bd83-54790fd1d280<-3f0f2d41-29a3-4672-a6ae-dc742954b441#0:OK-t1] and 0 exception(s); 7f93d942-a8b7-48f2-bd83-54790fd1d280:t1, leader=null, voted=7f93d942-a8b7-48f2-bd83-54790fd1d280, raftlog=7f93d942-a8b7-48f2-bd83-54790fd1d280-SegmentedRaftLog:OPENED:c-1,f-1,i0, conf=-1: [7f93d942-a8b7-48f2-bd83-54790fd1d280:192.168.36.80:34503, 3f0f2d41-29a3-4672-a6ae-dc742954b441:192.168.36.80:46663, 077a7edd-6219-48df-b004-054f5dffa596:192.168.36.80:46569], old=null
2019-08-28 12:15:25,051 [7f93d942-a8b7-48f2-bd83-54790fd1d280:group-D4FF788DB337:LeaderElection100] INFO  impl.RoleInfo (RoleInfo.java:shutdownLeaderElection(134)) - 7f93d942-a8b7-48f2-bd83-54790fd1d280: shutdown LeaderElection
2019-08-28 12:15:25,051 [7f93d942-a8b7-48f2-bd83-54790fd1d280:group-D4FF788DB337:LeaderElection100] INFO  impl.RaftServerImpl (RaftServerImpl.java:setRole(171)) - 7f93d942-a8b7-48f2-bd83-54790fd1d280:group-D4FF788DB337 changes role from CANDIDATE to LEADER at term 1 for changeToLeader
2019-08-28 12:15:25,051 [7f93d942-a8b7-48f2-bd83-54790fd1d280:group-D4FF788DB337:LeaderElection100] INFO  impl.RaftServerImpl (ServerState.java:setLeader(263)) - 7f93d942-a8b7-48f2-bd83-54790fd1d280:group-D4FF788DB337 change Leader from null to 7f93d942-a8b7-48f2-bd83-54790fd1d280 at term 1 for becomeLeader, leader elected after 5085ms
2019-08-28 12:15:25,051 [7f93d942-a8b7-48f2-bd83-54790fd1d280:group-D4FF788DB337:LeaderElection100] INFO  server.RaftServerConfigKeys (ConfUtils.java:logGet(43)) - raft.server.staging.catchup.gap = 1000 (default)
2019-08-28 12:15:25,051 [7f93d942-a8b7-48f2-bd83-54790fd1d280:group-D4FF788DB337:LeaderElection100] INFO  server.RaftServerConfigKeys (ConfUtils.java:logGet(43)) - raft.server.rpc.sleep.time = 25ms (default)
2019-08-28 12:15:25,051 [7f93d942-a8b7-48f2-bd83-54790fd1d280:group-D4FF788DB337:LeaderElection100] INFO  server.RaftServerConfigKeys (ConfUtils.java:logGet(43)) - raft.server.write.element-limit = 4096 (default)
2019-08-28 12:15:25,052 [7f93d942-a8b7-48f2-bd83-54790fd1d280:group-D4FF788DB337:LeaderElection100] INFO  server.RaftServerConfigKeys (ConfUtils.java:logGet(43)) - raft.server.watch.timeout = 10s (default)
2019-08-28 12:15:25,052 [7f93d942-a8b7-48f2-bd83-54790fd1d280:group-D4FF788DB337:LeaderElection100] INFO  server.RaftServerConfigKeys (ConfUtils.java:logGet(43)) - raft.server.watch.timeout.denomination = 1s (default)
2019-08-28 12:15:25,052 [7f93d942-a8b7-48f2-bd83-54790fd1d280:group-D4FF788DB337:LeaderElection100] INFO  server.RaftServerConfigKeys (ConfUtils.java:logGet(43)) - raft.server.watch.element-limit = 65536 (default)
2019-08-28 12:15:25,052 [7f93d942-a8b7-48f2-bd83-54790fd1d280:group-D4FF788DB337:LeaderElection100] INFO  server.RaftServerConfigKeys (ConfUtils.java:logGet(43)) - raft.server.log.appender.snapshot.chunk.size.max = 16MB (=16777216) (default)
2019-08-28 12:15:25,052 [7f93d942-a8b7-48f2-bd83-54790fd1d280:group-D4FF788DB337:LeaderElection100] INFO  server.RaftServerConfigKeys (ConfUtils.java:logGet(43)) - raft.server.log.appender.buffer.byte-limit = 33554432 (custom)
2019-08-28 12:15:25,052 [7f93d942-a8b7-48f2-bd83-54790fd1d280:group-D4FF788DB337:LeaderElection100] INFO  server.RaftServerConfigKeys (ConfUtils.java:logGet(43)) - raft.server.log.appender.buffer.element-limit = 1 (custom)
2019-08-28 12:15:25,052 [7f93d942-a8b7-48f2-bd83-54790fd1d280:group-D4FF788DB337:LeaderElection100] INFO  grpc.GrpcConfigKeys$Server (ConfUtils.java:logGet(43)) - raft.grpc.server.leader.outstanding.appends.max = 128 (default)
2019-08-28 12:15:25,053 [7f93d942-a8b7-48f2-bd83-54790fd1d280:group-D4FF788DB337:LeaderElection100] INFO  server.RaftServerConfigKeys (ConfUtils.java:logGet(43)) - raft.server.rpc.request.timeout = 3000ms (default)
2019-08-28 12:15:25,053 [7f93d942-a8b7-48f2-bd83-54790fd1d280:group-D4FF788DB337:LeaderElection100] INFO  server.RaftServerConfigKeys (ConfUtils.java:logGet(43)) - raft.server.log.appender.install.snapshot.enabled = false (custom)
2019-08-28 12:15:25,053 [7f93d942-a8b7-48f2-bd83-54790fd1d280:group-D4FF788DB337:LeaderElection100] INFO  server.RaftServerConfigKeys (ConfUtils.java:logGet(43)) - raft.server.log.appender.snapshot.chunk.size.max = 16MB (=16777216) (default)
2019-08-28 12:15:25,053 [7f93d942-a8b7-48f2-bd83-54790fd1d280:group-D4FF788DB337:LeaderElection100] INFO  server.RaftServerConfigKeys (ConfUtils.java:logGet(43)) - raft.server.log.appender.buffer.byte-limit = 33554432 (custom)
2019-08-28 12:15:25,053 [7f93d942-a8b7-48f2-bd83-54790fd1d280:group-D4FF788DB337:LeaderElection100] INFO  server.RaftServerConfigKeys (ConfUtils.java:logGet(43)) - raft.server.log.appender.buffer.element-limit = 1 (custom)
2019-08-28 12:15:25,053 [7f93d942-a8b7-48f2-bd83-54790fd1d280:group-D4FF788DB337:LeaderElection100] INFO  grpc.GrpcConfigKeys$Server (ConfUtils.java:logGet(43)) - raft.grpc.server.leader.outstanding.appends.max = 128 (default)
2019-08-28 12:15:25,053 [7f93d942-a8b7-48f2-bd83-54790fd1d280:group-D4FF788DB337:LeaderElection100] INFO  server.RaftServerConfigKeys (ConfUtils.java:logGet(43)) - raft.server.rpc.request.timeout = 3000ms (default)
2019-08-28 12:15:25,053 [7f93d942-a8b7-48f2-bd83-54790fd1d280:group-D4FF788DB337:LeaderElection100] INFO  server.RaftServerConfigKeys (ConfUtils.java:logGet(43)) - raft.server.log.appender.install.snapshot.enabled = false (custom)
2019-08-28 12:15:25,054 [7f93d942-a8b7-48f2-bd83-54790fd1d280:group-D4FF788DB337:LeaderElection100] INFO  impl.RoleInfo (RoleInfo.java:updateAndGet(143)) - 7f93d942-a8b7-48f2-bd83-54790fd1d280: start LeaderState
2019-08-28 12:15:25,054 [7f93d942-a8b7-48f2-bd83-54790fd1d280:group-D4FF788DB337:LeaderElection100] INFO  segmented.SegmentedRaftLogWorker (SegmentedRaftLogWorker.java:startLogSegment(380)) - 7f93d942-a8b7-48f2-bd83-54790fd1d280-SegmentedRaftLogWorker:Storage Directory /workdir/hadoop-ozone/integration-test/target/test-dir/MiniOzoneClusterImpl-c8883471-de3b-444e-8801-a2789016650e/datanode-4/data/ratis/883a74c8-7e11-4520-b03a-d4ff788db337: Starting segment from index:0
2019-08-28 12:15:25,055 [7f93d942-a8b7-48f2-bd83-54790fd1d280:group-D4FF788DB337:LeaderElection100] INFO  impl.RaftServerImpl (ServerState.java:setRaftConf(361)) - 7f93d942-a8b7-48f2-bd83-54790fd1d280:group-D4FF788DB337 set configuration 0: [7f93d942-a8b7-48f2-bd83-54790fd1d280:192.168.36.80:34503, 3f0f2d41-29a3-4672-a6ae-dc742954b441:192.168.36.80:46663, 077a7edd-6219-48df-b004-054f5dffa596:192.168.36.80:46569], old=null at 0
2019-08-28 12:15:25,056 [grpc-default-executor-7] INFO  impl.RaftServerImpl (ServerState.java:setLeader(263)) - 3f0f2d41-29a3-4672-a6ae-dc742954b441:group-D4FF788DB337 change Leader from null to 7f93d942-a8b7-48f2-bd83-54790fd1d280 at term 1 for appendEntries, leader elected after 5091ms
2019-08-28 12:15:25,056 [grpc-default-executor-2] INFO  impl.RaftServerImpl (ServerState.java:setLeader(263)) - 077a7edd-6219-48df-b004-054f5dffa596:group-D4FF788DB337 change Leader from null to 7f93d942-a8b7-48f2-bd83-54790fd1d280 at term 1 for appendEntries, leader elected after 5091ms
2019-08-28 12:15:25,096 [Thread-2539] INFO  impl.FollowerState (FollowerState.java:run(106)) - 3f0f2d41-29a3-4672-a6ae-dc742954b441:group-0C78E000B121 changes to CANDIDATE, lastRpcTime:5184, electionTimeout:5159ms
2019-08-28 12:15:25,096 [Thread-2539] INFO  impl.RoleInfo (RoleInfo.java:shutdownFollowerState(121)) - 3f0f2d41-29a3-4672-a6ae-dc742954b441: shutdown FollowerState
2019-08-28 12:15:25,096 [Thread-2539] INFO  impl.RaftServerImpl (RaftServerImpl.java:setRole(171)) - 3f0f2d41-29a3-4672-a6ae-dc742954b441:group-0C78E000B121 changes role from FOLLOWER to CANDIDATE at term 0 for changeToCandidate
2019-08-28 12:15:25,097 [Thread-2539] INFO  impl.RoleInfo (RoleInfo.java:updateAndGet(143)) - 3f0f2d41-29a3-4672-a6ae-dc742954b441: start LeaderElection
2019-08-28 12:15:25,104 | INFO  | SCMAudit | user=jenkins1000 | ip=192.168.36.80 | op=SEND_HEARTBEAT {datanodeUUID=a2802022-7344-46e5-aa2c-6758ec5b3830, command=[]} | ret=SUCCESS |  
2019-08-28 12:15:25,104 | INFO  | SCMAudit | user=jenkins1000 | ip=192.168.36.80 | op=SEND_HEARTBEAT {datanodeUUID=bfb94127-3486-42ae-9a73-546df528dd97, command=[]} | ret=SUCCESS |  
2019-08-28 12:15:25,104 [grpc-default-executor-7] INFO  impl.RaftServerImpl (ServerState.java:setRaftConf(361)) - 3f0f2d41-29a3-4672-a6ae-dc742954b441:group-D4FF788DB337 set configuration 0: [7f93d942-a8b7-48f2-bd83-54790fd1d280:192.168.36.80:34503, 3f0f2d41-29a3-4672-a6ae-dc742954b441:192.168.36.80:46663, 077a7edd-6219-48df-b004-054f5dffa596:192.168.36.80:46569], old=null at 0
2019-08-28 12:15:25,104 [grpc-default-executor-2] INFO  impl.RaftServerImpl (ServerState.java:setRaftConf(361)) - 077a7edd-6219-48df-b004-054f5dffa596:group-D4FF788DB337 set configuration 0: [7f93d942-a8b7-48f2-bd83-54790fd1d280:192.168.36.80:34503, 3f0f2d41-29a3-4672-a6ae-dc742954b441:192.168.36.80:46663, 077a7edd-6219-48df-b004-054f5dffa596:192.168.36.80:46569], old=null at 0
2019-08-28 12:15:25,104 [grpc-default-executor-7] INFO  segmented.SegmentedRaftLogWorker (SegmentedRaftLogWorker.java:startLogSegment(380)) - 3f0f2d41-29a3-4672-a6ae-dc742954b441-SegmentedRaftLogWorker:Storage Directory /workdir/hadoop-ozone/integration-test/target/test-dir/MiniOzoneClusterImpl-c8883471-de3b-444e-8801-a2789016650e/datanode-5/data/ratis/883a74c8-7e11-4520-b03a-d4ff788db337: Starting segment from index:0
2019-08-28 12:15:25,105 [grpc-default-executor-2] INFO  segmented.SegmentedRaftLogWorker (SegmentedRaftLogWorker.java:startLogSegment(380)) - 077a7edd-6219-48df-b004-054f5dffa596-SegmentedRaftLogWorker:Storage Directory /workdir/hadoop-ozone/integration-test/target/test-dir/MiniOzoneClusterImpl-c8883471-de3b-444e-8801-a2789016650e/datanode-3/data/ratis/883a74c8-7e11-4520-b03a-d4ff788db337: Starting segment from index:0
2019-08-28 12:15:25,109 [7f93d942-a8b7-48f2-bd83-54790fd1d280-SegmentedRaftLogWorker:Storage Directory /workdir/hadoop-ozone/integration-test/target/test-dir/MiniOzoneClusterImpl-c8883471-de3b-444e-8801-a2789016650e/datanode-4/data/ratis/883a74c8-7e11-4520-b03a-d4ff788db337] INFO  segmented.SegmentedRaftLogWorker (SegmentedRaftLogWorker.java:execute(569)) - 7f93d942-a8b7-48f2-bd83-54790fd1d280-SegmentedRaftLogWorker:Storage Directory /workdir/hadoop-ozone/integration-test/target/test-dir/MiniOzoneClusterImpl-c8883471-de3b-444e-8801-a2789016650e/datanode-4/data/ratis/883a74c8-7e11-4520-b03a-d4ff788db337: created new log segment /workdir/hadoop-ozone/integration-test/target/test-dir/MiniOzoneClusterImpl-c8883471-de3b-444e-8801-a2789016650e/datanode-4/data/ratis/883a74c8-7e11-4520-b03a-d4ff788db337/current/log_inprogress_0
2019-08-28 12:15:25,109 [3f0f2d41-29a3-4672-a6ae-dc742954b441:group-0C78E000B121:LeaderElection101] INFO  impl.LeaderElection (LeaderElection.java:askForVotes(181)) - 3f0f2d41-29a3-4672-a6ae-dc742954b441:group-0C78E000B121:LeaderElection101: begin an election at term 1 for -1: [3f0f2d41-29a3-4672-a6ae-dc742954b441:192.168.36.80:46663], old=null
2019-08-28 12:15:25,110 [3f0f2d41-29a3-4672-a6ae-dc742954b441:group-0C78E000B121:LeaderElection101] INFO  impl.RoleInfo (RoleInfo.java:shutdownLeaderElection(134)) - 3f0f2d41-29a3-4672-a6ae-dc742954b441: shutdown LeaderElection
2019-08-28 12:15:25,110 [3f0f2d41-29a3-4672-a6ae-dc742954b441:group-0C78E000B121:LeaderElection101] INFO  impl.RaftServerImpl (RaftServerImpl.java:setRole(171)) - 3f0f2d41-29a3-4672-a6ae-dc742954b441:group-0C78E000B121 changes role from CANDIDATE to LEADER at term 1 for changeToLeader
2019-08-28 12:15:25,110 [3f0f2d41-29a3-4672-a6ae-dc742954b441:group-0C78E000B121:LeaderElection101] INFO  impl.RaftServerImpl (ServerState.java:setLeader(263)) - 3f0f2d41-29a3-4672-a6ae-dc742954b441:group-0C78E000B121 change Leader from null to 3f0f2d41-29a3-4672-a6ae-dc742954b441 at term 1 for becomeLeader, leader elected after 5204ms
2019-08-28 12:15:25,110 [3f0f2d41-29a3-4672-a6ae-dc742954b441:group-0C78E000B121:LeaderElection101] INFO  server.RaftServerConfigKeys (ConfUtils.java:logGet(43)) - raft.server.staging.catchup.gap = 1000 (default)
2019-08-28 12:15:25,110 [3f0f2d41-29a3-4672-a6ae-dc742954b441:group-0C78E000B121:LeaderElection101] INFO  server.RaftServerConfigKeys (ConfUtils.java:logGet(43)) - raft.server.rpc.sleep.time = 25ms (default)
2019-08-28 12:15:25,110 [3f0f2d41-29a3-4672-a6ae-dc742954b441:group-0C78E000B121:LeaderElection101] INFO  server.RaftServerConfigKeys (ConfUtils.java:logGet(43)) - raft.server.write.element-limit = 4096 (default)
2019-08-28 12:15:25,110 [3f0f2d41-29a3-4672-a6ae-dc742954b441:group-0C78E000B121:LeaderElection101] INFO  server.RaftServerConfigKeys (ConfUtils.java:logGet(43)) - raft.server.watch.timeout = 10s (default)
2019-08-28 12:15:25,110 [3f0f2d41-29a3-4672-a6ae-dc742954b441:group-0C78E000B121:LeaderElection101] INFO  server.RaftServerConfigKeys (ConfUtils.java:logGet(43)) - raft.server.watch.timeout.denomination = 1s (default)
2019-08-28 12:15:25,110 [3f0f2d41-29a3-4672-a6ae-dc742954b441:group-0C78E000B121:LeaderElection101] INFO  server.RaftServerConfigKeys (ConfUtils.java:logGet(43)) - raft.server.watch.element-limit = 65536 (default)
2019-08-28 12:15:25,110 [3f0f2d41-29a3-4672-a6ae-dc742954b441:group-0C78E000B121:LeaderElection101] INFO  impl.RoleInfo (RoleInfo.java:updateAndGet(143)) - 3f0f2d41-29a3-4672-a6ae-dc742954b441: start LeaderState
2019-08-28 12:15:25,111 [3f0f2d41-29a3-4672-a6ae-dc742954b441:group-0C78E000B121:LeaderElection101] INFO  segmented.SegmentedRaftLogWorker (SegmentedRaftLogWorker.java:startLogSegment(380)) - 3f0f2d41-29a3-4672-a6ae-dc742954b441-SegmentedRaftLogWorker:Storage Directory /workdir/hadoop-ozone/integration-test/target/test-dir/MiniOzoneClusterImpl-c8883471-de3b-444e-8801-a2789016650e/datanode-5/data/ratis/069f10c0-3fbf-4fa9-bb65-0c78e000b121: Starting segment from index:0
2019-08-28 12:15:25,111 [3f0f2d41-29a3-4672-a6ae-dc742954b441:group-0C78E000B121:LeaderElection101] INFO  impl.RaftServerImpl (ServerState.java:setRaftConf(361)) - 3f0f2d41-29a3-4672-a6ae-dc742954b441:group-0C78E000B121 set configuration 0: [3f0f2d41-29a3-4672-a6ae-dc742954b441:192.168.36.80:46663], old=null at 0
2019-08-28 12:15:25,150 [3f0f2d41-29a3-4672-a6ae-dc742954b441-SegmentedRaftLogWorker:Storage Directory /workdir/hadoop-ozone/integration-test/target/test-dir/MiniOzoneClusterImpl-c8883471-de3b-444e-8801-a2789016650e/datanode-5/data/ratis/883a74c8-7e11-4520-b03a-d4ff788db337] INFO  segmented.SegmentedRaftLogWorker (SegmentedRaftLogWorker.java:execute(569)) - 3f0f2d41-29a3-4672-a6ae-dc742954b441-SegmentedRaftLogWorker:Storage Directory /workdir/hadoop-ozone/integration-test/target/test-dir/MiniOzoneClusterImpl-c8883471-de3b-444e-8801-a2789016650e/datanode-5/data/ratis/883a74c8-7e11-4520-b03a-d4ff788db337: created new log segment /workdir/hadoop-ozone/integration-test/target/test-dir/MiniOzoneClusterImpl-c8883471-de3b-444e-8801-a2789016650e/datanode-5/data/ratis/883a74c8-7e11-4520-b03a-d4ff788db337/current/log_inprogress_0
2019-08-28 12:15:25,150 [3f0f2d41-29a3-4672-a6ae-dc742954b441-SegmentedRaftLogWorker:Storage Directory /workdir/hadoop-ozone/integration-test/target/test-dir/MiniOzoneClusterImpl-c8883471-de3b-444e-8801-a2789016650e/datanode-5/data/ratis/069f10c0-3fbf-4fa9-bb65-0c78e000b121] INFO  segmented.SegmentedRaftLogWorker (SegmentedRaftLogWorker.java:execute(569)) - 3f0f2d41-29a3-4672-a6ae-dc742954b441-SegmentedRaftLogWorker:Storage Directory /workdir/hadoop-ozone/integration-test/target/test-dir/MiniOzoneClusterImpl-c8883471-de3b-444e-8801-a2789016650e/datanode-5/data/ratis/069f10c0-3fbf-4fa9-bb65-0c78e000b121: created new log segment /workdir/hadoop-ozone/integration-test/target/test-dir/MiniOzoneClusterImpl-c8883471-de3b-444e-8801-a2789016650e/datanode-5/data/ratis/069f10c0-3fbf-4fa9-bb65-0c78e000b121/current/log_inprogress_0
2019-08-28 12:15:25,150 [077a7edd-6219-48df-b004-054f5dffa596-SegmentedRaftLogWorker:Storage Directory /workdir/hadoop-ozone/integration-test/target/test-dir/MiniOzoneClusterImpl-c8883471-de3b-444e-8801-a2789016650e/datanode-3/data/ratis/883a74c8-7e11-4520-b03a-d4ff788db337] INFO  segmented.SegmentedRaftLogWorker (SegmentedRaftLogWorker.java:execute(569)) - 077a7edd-6219-48df-b004-054f5dffa596-SegmentedRaftLogWorker:Storage Directory /workdir/hadoop-ozone/integration-test/target/test-dir/MiniOzoneClusterImpl-c8883471-de3b-444e-8801-a2789016650e/datanode-3/data/ratis/883a74c8-7e11-4520-b03a-d4ff788db337: created new log segment /workdir/hadoop-ozone/integration-test/target/test-dir/MiniOzoneClusterImpl-c8883471-de3b-444e-8801-a2789016650e/datanode-3/data/ratis/883a74c8-7e11-4520-b03a-d4ff788db337/current/log_inprogress_0
2019-08-28 12:15:25,249 [grpc-default-executor-7] INFO  client.GrpcClientProtocolClient (GrpcClientProtocolClient.java:onNext(255)) - client-5099C040E86A->108935fa-1afa-4eca-a0d1-51689defc060: receive RaftClientReply:client-5099C040E86A->108935fa-1afa-4eca-a0d1-51689defc060@group-D490398E80D5, cid=103, FAILED org.apache.ratis.protocol.NotLeaderException: Server 108935fa-1afa-4eca-a0d1-51689defc060 is not the leader (512e32c3-7b1a-4e19-b3ea-ee56d7d32ab5:192.168.36.80:39646). Request must be sent to leader., logIndex=0, commits[108935fa-1afa-4eca-a0d1-51689defc060:c-1, a2802022-7344-46e5-aa2c-6758ec5b3830:c-1, 512e32c3-7b1a-4e19-b3ea-ee56d7d32ab5:c-1]
2019-08-28 12:15:25,323 [Thread-2551] INFO  impl.FollowerState (FollowerState.java:run(106)) - bfb94127-3486-42ae-9a73-546df528dd97:group-2E36F65E5198 changes to CANDIDATE, lastRpcTime:5177, electionTimeout:5177ms
2019-08-28 12:15:25,324 [Thread-2551] INFO  impl.RoleInfo (RoleInfo.java:shutdownFollowerState(121)) - bfb94127-3486-42ae-9a73-546df528dd97: shutdown FollowerState
2019-08-28 12:15:25,324 [Thread-2551] INFO  impl.RaftServerImpl (RaftServerImpl.java:setRole(171)) - bfb94127-3486-42ae-9a73-546df528dd97:group-2E36F65E5198 changes role from FOLLOWER to CANDIDATE at term 0 for changeToCandidate
2019-08-28 12:15:25,324 [Thread-2551] INFO  impl.RoleInfo (RoleInfo.java:updateAndGet(143)) - bfb94127-3486-42ae-9a73-546df528dd97: start LeaderElection
2019-08-28 12:15:25,330 | INFO  | SCMAudit | user=jenkins1000 | ip=192.168.36.80 | op=SEND_HEARTBEAT {datanodeUUID=077a7edd-6219-48df-b004-054f5dffa596, command=[]} | ret=SUCCESS |  
2019-08-28 12:15:25,343 [bfb94127-3486-42ae-9a73-546df528dd97:group-2E36F65E5198:LeaderElection102] INFO  impl.LeaderElection (LeaderElection.java:askForVotes(181)) - bfb94127-3486-42ae-9a73-546df528dd97:group-2E36F65E5198:LeaderElection102: begin an election at term 1 for -1: [bfb94127-3486-42ae-9a73-546df528dd97:192.168.36.80:37008], old=null
2019-08-28 12:15:25,343 [bfb94127-3486-42ae-9a73-546df528dd97:group-2E36F65E5198:LeaderElection102] INFO  impl.RoleInfo (RoleInfo.java:shutdownLeaderElection(134)) - bfb94127-3486-42ae-9a73-546df528dd97: shutdown LeaderElection
2019-08-28 12:15:25,349 | INFO  | DNAudit | user=null | ip=null | op=CREATE_CONTAINER {containerID=1, containerType=KeyValueContainer} | ret=SUCCESS |  
2019-08-28 12:15:25,347 [bfb94127-3486-42ae-9a73-546df528dd97:group-2E36F65E5198:LeaderElection102] INFO  impl.RaftServerImpl (RaftServerImpl.java:setRole(171)) - bfb94127-3486-42ae-9a73-546df528dd97:group-2E36F65E5198 changes role from CANDIDATE to LEADER at term 1 for changeToLeader
2019-08-28 12:15:25,352 [bfb94127-3486-42ae-9a73-546df528dd97:group-2E36F65E5198:LeaderElection102] INFO  impl.RaftServerImpl (ServerState.java:setLeader(263)) - bfb94127-3486-42ae-9a73-546df528dd97:group-2E36F65E5198 change Leader from null to bfb94127-3486-42ae-9a73-546df528dd97 at term 1 for becomeLeader, leader elected after 5210ms
2019-08-28 12:15:25,353 [bfb94127-3486-42ae-9a73-546df528dd97:group-2E36F65E5198:LeaderElection102] INFO  server.RaftServerConfigKeys (ConfUtils.java:logGet(43)) - raft.server.staging.catchup.gap = 1000 (default)
2019-08-28 12:15:25,353 [bfb94127-3486-42ae-9a73-546df528dd97:group-2E36F65E5198:LeaderElection102] INFO  server.RaftServerConfigKeys (ConfUtils.java:logGet(43)) - raft.server.rpc.sleep.time = 25ms (default)
2019-08-28 12:15:25,355 [bfb94127-3486-42ae-9a73-546df528dd97:group-2E36F65E5198:LeaderElection102] INFO  server.RaftServerConfigKeys (ConfUtils.java:logGet(43)) - raft.server.write.element-limit = 4096 (default)
2019-08-28 12:15:25,355 | INFO  | SCMAudit | user=jenkins1000 | ip=192.168.36.80 | op=SEND_HEARTBEAT {datanodeUUID=512e32c3-7b1a-4e19-b3ea-ee56d7d32ab5, command=[]} | ret=SUCCESS |  
2019-08-28 12:15:25,355 [bfb94127-3486-42ae-9a73-546df528dd97:group-2E36F65E5198:LeaderElection102] INFO  server.RaftServerConfigKeys (ConfUtils.java:logGet(43)) - raft.server.watch.timeout = 10s (default)
2019-08-28 12:15:25,356 [bfb94127-3486-42ae-9a73-546df528dd97:group-2E36F65E5198:LeaderElection102] INFO  server.RaftServerConfigKeys (ConfUtils.java:logGet(43)) - raft.server.watch.timeout.denomination = 1s (default)
2019-08-28 12:15:25,356 [bfb94127-3486-42ae-9a73-546df528dd97:group-2E36F65E5198:LeaderElection102] INFO  server.RaftServerConfigKeys (ConfUtils.java:logGet(43)) - raft.server.watch.element-limit = 65536 (default)
2019-08-28 12:15:25,356 [bfb94127-3486-42ae-9a73-546df528dd97:group-2E36F65E5198:LeaderElection102] INFO  impl.RoleInfo (RoleInfo.java:updateAndGet(143)) - bfb94127-3486-42ae-9a73-546df528dd97: start LeaderState
2019-08-28 12:15:25,356 [grpc-default-executor-2] INFO  client.GrpcClientProtocolClient (GrpcClientProtocolClient.java:onNext(255)) - client-5099C040E86A->512e32c3-7b1a-4e19-b3ea-ee56d7d32ab5: receive RaftClientReply:client-5099C040E86A->512e32c3-7b1a-4e19-b3ea-ee56d7d32ab5@group-D490398E80D5, cid=103, SUCCESS, logIndex=1, commits[512e32c3-7b1a-4e19-b3ea-ee56d7d32ab5:c2, 108935fa-1afa-4eca-a0d1-51689defc060:c1, a2802022-7344-46e5-aa2c-6758ec5b3830:c1]
2019-08-28 12:15:25,356 [bfb94127-3486-42ae-9a73-546df528dd97:group-2E36F65E5198:LeaderElection102] INFO  segmented.SegmentedRaftLogWorker (SegmentedRaftLogWorker.java:startLogSegment(380)) - bfb94127-3486-42ae-9a73-546df528dd97-SegmentedRaftLogWorker:Storage Directory /workdir/hadoop-ozone/integration-test/target/test-dir/MiniOzoneClusterImpl-c8883471-de3b-444e-8801-a2789016650e/datanode-6/data/ratis/b686ad0d-5114-41c1-a7f3-2e36f65e5198: Starting segment from index:0
2019-08-28 12:15:25,356 [main] INFO  datanode.ObjectStoreHandler (ObjectStoreHandler.java:close(155)) - Closing ObjectStoreHandler.
2019-08-28 12:15:25,357 [bfb94127-3486-42ae-9a73-546df528dd97:group-2E36F65E5198:LeaderElection102] INFO  impl.RaftServerImpl (ServerState.java:setRaftConf(361)) - bfb94127-3486-42ae-9a73-546df528dd97:group-2E36F65E5198 set configuration 0: [bfb94127-3486-42ae-9a73-546df528dd97:192.168.36.80:37008], old=null at 0
2019-08-28 12:15:25,357 [main] INFO  ozone.HddsDatanodeService (HddsDatanodeService.java:stop(451)) - Stopped plug-in org.apache.hadoop.ozone.web.OzoneHddsDatanodeService@66978c15
2019-08-28 12:15:25,388 | INFO  | DNAudit | user=null | ip=null | op=CREATE_CONTAINER {containerID=1, containerType=KeyValueContainer} | ret=SUCCESS |  
2019-08-28 12:15:25,390 | INFO  | DNAudit | user=null | ip=null | op=CREATE_CONTAINER {containerID=1, containerType=KeyValueContainer} | ret=SUCCESS |  
2019-08-28 12:15:25,391 | INFO  | SCMAudit | user=jenkins1000 | ip=192.168.36.80 | op=SEND_HEARTBEAT {datanodeUUID=a2802022-7344-46e5-aa2c-6758ec5b3830, command=[]} | ret=SUCCESS |  
2019-08-28 12:15:25,391 | INFO  | SCMAudit | user=jenkins1000 | ip=192.168.36.80 | op=SEND_HEARTBEAT {datanodeUUID=108935fa-1afa-4eca-a0d1-51689defc060, command=[]} | ret=SUCCESS |  
2019-08-28 12:15:25,397 [bfb94127-3486-42ae-9a73-546df528dd97-SegmentedRaftLogWorker:Storage Directory /workdir/hadoop-ozone/integration-test/target/test-dir/MiniOzoneClusterImpl-c8883471-de3b-444e-8801-a2789016650e/datanode-6/data/ratis/b686ad0d-5114-41c1-a7f3-2e36f65e5198] INFO  segmented.SegmentedRaftLogWorker (SegmentedRaftLogWorker.java:execute(569)) - bfb94127-3486-42ae-9a73-546df528dd97-SegmentedRaftLogWorker:Storage Directory /workdir/hadoop-ozone/integration-test/target/test-dir/MiniOzoneClusterImpl-c8883471-de3b-444e-8801-a2789016650e/datanode-6/data/ratis/b686ad0d-5114-41c1-a7f3-2e36f65e5198: created new log segment /workdir/hadoop-ozone/integration-test/target/test-dir/MiniOzoneClusterImpl-c8883471-de3b-444e-8801-a2789016650e/datanode-6/data/ratis/b686ad0d-5114-41c1-a7f3-2e36f65e5198/current/log_inprogress_0
2019-08-28 12:15:25,605 | INFO  | SCMAudit | user=jenkins1000 | ip=192.168.36.80 | op=SEND_HEARTBEAT {datanodeUUID=7f93d942-a8b7-48f2-bd83-54790fd1d280, command=[]} | ret=SUCCESS |  
2019-08-28 12:15:25,864 | INFO  | SCMAudit | user=jenkins1000 | ip=192.168.36.80 | op=SEND_HEARTBEAT {datanodeUUID=3f0f2d41-29a3-4672-a6ae-dc742954b441, command=[]} | ret=SUCCESS |  
2019-08-28 12:15:26,104 | INFO  | SCMAudit | user=jenkins1000 | ip=192.168.36.80 | op=SEND_HEARTBEAT {datanodeUUID=bfb94127-3486-42ae-9a73-546df528dd97, command=[]} | ret=SUCCESS |  
2019-08-28 12:15:26,330 | INFO  | SCMAudit | user=jenkins1000 | ip=192.168.36.80 | op=SEND_HEARTBEAT {datanodeUUID=077a7edd-6219-48df-b004-054f5dffa596, command=[]} | ret=SUCCESS |  
2019-08-28 12:15:26,347 [Datanode State Machine Thread - 0] INFO  statemachine.DatanodeStateMachine (DatanodeStateMachine.java:lambda$startDaemon$0(350)) - Ozone container server started.
2019-08-28 12:15:26,389 | INFO  | SCMAudit | user=jenkins1000 | ip=192.168.36.80 | op=SEND_HEARTBEAT {datanodeUUID=108935fa-1afa-4eca-a0d1-51689defc060, command=[]} | ret=SUCCESS |  
2019-08-28 12:15:26,389 | INFO  | SCMAudit | user=jenkins1000 | ip=192.168.36.80 | op=SEND_HEARTBEAT {datanodeUUID=a2802022-7344-46e5-aa2c-6758ec5b3830, command=[]} | ret=SUCCESS |  
2019-08-28 12:15:26,604 | INFO  | SCMAudit | user=jenkins1000 | ip=192.168.36.80 | op=SEND_HEARTBEAT {datanodeUUID=7f93d942-a8b7-48f2-bd83-54790fd1d280, command=[]} | ret=SUCCESS |  
2019-08-28 12:15:26,864 | INFO  | SCMAudit | user=jenkins1000 | ip=192.168.36.80 | op=SEND_HEARTBEAT {datanodeUUID=3f0f2d41-29a3-4672-a6ae-dc742954b441, command=[]} | ret=SUCCESS |  
2019-08-28 12:15:27,104 | INFO  | SCMAudit | user=jenkins1000 | ip=192.168.36.80 | op=SEND_HEARTBEAT {datanodeUUID=bfb94127-3486-42ae-9a73-546df528dd97, command=[]} | ret=SUCCESS |  
2019-08-28 12:15:27,331 | INFO  | SCMAudit | user=jenkins1000 | ip=192.168.36.80 | op=SEND_HEARTBEAT {datanodeUUID=077a7edd-6219-48df-b004-054f5dffa596, command=[]} | ret=SUCCESS |  
2019-08-28 12:15:27,389 | INFO  | SCMAudit | user=jenkins1000 | ip=192.168.36.80 | op=SEND_HEARTBEAT {datanodeUUID=108935fa-1afa-4eca-a0d1-51689defc060, command=[]} | ret=SUCCESS |  
2019-08-28 12:15:27,389 | INFO  | SCMAudit | user=jenkins1000 | ip=192.168.36.80 | op=SEND_HEARTBEAT {datanodeUUID=a2802022-7344-46e5-aa2c-6758ec5b3830, command=[]} | ret=SUCCESS |  
2019-08-28 12:15:27,605 | INFO  | SCMAudit | user=jenkins1000 | ip=192.168.36.80 | op=SEND_HEARTBEAT {datanodeUUID=7f93d942-a8b7-48f2-bd83-54790fd1d280, command=[]} | ret=SUCCESS |  
2019-08-28 12:15:27,864 | INFO  | SCMAudit | user=jenkins1000 | ip=192.168.36.80 | op=SEND_HEARTBEAT {datanodeUUID=3f0f2d41-29a3-4672-a6ae-dc742954b441, command=[]} | ret=SUCCESS |  
2019-08-28 12:15:28,104 | INFO  | SCMAudit | user=jenkins1000 | ip=192.168.36.80 | op=SEND_HEARTBEAT {datanodeUUID=bfb94127-3486-42ae-9a73-546df528dd97, command=[]} | ret=SUCCESS |  
2019-08-28 12:15:28,330 | INFO  | SCMAudit | user=jenkins1000 | ip=192.168.36.80 | op=SEND_HEARTBEAT {datanodeUUID=077a7edd-6219-48df-b004-054f5dffa596, command=[]} | ret=SUCCESS |  
2019-08-28 12:15:28,390 | INFO  | SCMAudit | user=jenkins1000 | ip=192.168.36.80 | op=SEND_HEARTBEAT {datanodeUUID=108935fa-1afa-4eca-a0d1-51689defc060, command=[]} | ret=SUCCESS |  
2019-08-28 12:15:28,390 | INFO  | SCMAudit | user=jenkins1000 | ip=192.168.36.80 | op=SEND_HEARTBEAT {datanodeUUID=a2802022-7344-46e5-aa2c-6758ec5b3830, command=[]} | ret=SUCCESS |  
2019-08-28 12:15:28,605 | INFO  | SCMAudit | user=jenkins1000 | ip=192.168.36.80 | op=SEND_HEARTBEAT {datanodeUUID=7f93d942-a8b7-48f2-bd83-54790fd1d280, command=[]} | ret=SUCCESS |  
2019-08-28 12:15:28,864 | INFO  | SCMAudit | user=jenkins1000 | ip=192.168.36.80 | op=SEND_HEARTBEAT {datanodeUUID=3f0f2d41-29a3-4672-a6ae-dc742954b441, command=[]} | ret=SUCCESS |  
2019-08-28 12:15:29,105 | INFO  | SCMAudit | user=jenkins1000 | ip=192.168.36.80 | op=SEND_HEARTBEAT {datanodeUUID=bfb94127-3486-42ae-9a73-546df528dd97, command=[]} | ret=SUCCESS |  
2019-08-28 12:15:29,330 | INFO  | SCMAudit | user=jenkins1000 | ip=192.168.36.80 | op=SEND_HEARTBEAT {datanodeUUID=077a7edd-6219-48df-b004-054f5dffa596, command=[]} | ret=SUCCESS |  
2019-08-28 12:15:29,390 | INFO  | SCMAudit | user=jenkins1000 | ip=192.168.36.80 | op=SEND_HEARTBEAT {datanodeUUID=108935fa-1afa-4eca-a0d1-51689defc060, command=[]} | ret=SUCCESS |  
2019-08-28 12:15:29,390 | INFO  | SCMAudit | user=jenkins1000 | ip=192.168.36.80 | op=SEND_HEARTBEAT {datanodeUUID=a2802022-7344-46e5-aa2c-6758ec5b3830, command=[]} | ret=SUCCESS |  
2019-08-28 12:15:29,605 | INFO  | SCMAudit | user=jenkins1000 | ip=192.168.36.80 | op=SEND_HEARTBEAT {datanodeUUID=7f93d942-a8b7-48f2-bd83-54790fd1d280, command=[]} | ret=SUCCESS |  
2019-08-28 12:15:29,864 | INFO  | SCMAudit | user=jenkins1000 | ip=192.168.36.80 | op=SEND_HEARTBEAT {datanodeUUID=3f0f2d41-29a3-4672-a6ae-dc742954b441, command=[]} | ret=SUCCESS |  
2019-08-28 12:15:30,104 | INFO  | SCMAudit | user=jenkins1000 | ip=192.168.36.80 | op=SEND_HEARTBEAT {datanodeUUID=bfb94127-3486-42ae-9a73-546df528dd97, command=[]} | ret=SUCCESS |  
2019-08-28 12:15:30,331 | INFO  | SCMAudit | user=jenkins1000 | ip=192.168.36.80 | op=SEND_HEARTBEAT {datanodeUUID=077a7edd-6219-48df-b004-054f5dffa596, command=[]} | ret=SUCCESS |  
2019-08-28 12:15:30,359 [main] INFO  ozoneimpl.OzoneContainer (OzoneContainer.java:stop(215)) - Attempting to stop container services.
2019-08-28 12:15:30,359 [main] INFO  impl.RaftServerProxy (RaftServerProxy.java:lambda$close$4(314)) - 512e32c3-7b1a-4e19-b3ea-ee56d7d32ab5: close
2019-08-28 12:15:30,360 [main] INFO  impl.RaftServerImpl (RaftServerImpl.java:lambda$shutdown$3(245)) - 512e32c3-7b1a-4e19-b3ea-ee56d7d32ab5: shutdown group-5F31DAD09507
2019-08-28 12:15:30,361 [main] INFO  util.JmxRegister (JmxRegister.java:unregister(73)) - Successfully un-registered JMX Bean with object name Ratis:service=RaftServer,group=group-5F31DAD09507,id=512e32c3-7b1a-4e19-b3ea-ee56d7d32ab5
2019-08-28 12:15:30,361 [main] INFO  impl.RoleInfo (RoleInfo.java:shutdownLeaderState(104)) - 512e32c3-7b1a-4e19-b3ea-ee56d7d32ab5: shutdown LeaderState
2019-08-28 12:15:30,361 [main] INFO  impl.PendingRequests (PendingRequests.java:sendNotLeaderResponses(202)) - 512e32c3-7b1a-4e19-b3ea-ee56d7d32ab5-PendingRequests: sendNotLeaderResponses
2019-08-28 12:15:30,362 [main] INFO  impl.StateMachineUpdater (StateMachineUpdater.java:stopAndJoin(115)) - StateMachineUpdater:512e32c3-7b1a-4e19-b3ea-ee56d7d32ab5:group-5F31DAD09507: set stopIndex = 0
2019-08-28 12:15:30,362 [main] INFO  impl.RaftServerImpl (ServerState.java:close(394)) - 512e32c3-7b1a-4e19-b3ea-ee56d7d32ab5:group-5F31DAD09507 closes. The last applied log index is 0
2019-08-28 12:15:30,363 [512e32c3-7b1a-4e19-b3ea-ee56d7d32ab5-SegmentedRaftLogWorker:Storage Directory /workdir/hadoop-ozone/integration-test/target/test-dir/MiniOzoneClusterImpl-c8883471-de3b-444e-8801-a2789016650e/datanode-0/data/ratis/689a1245-e7d5-42bd-b2bc-5f31dad09507] INFO  segmented.SegmentedRaftLogWorker (SegmentedRaftLogWorker.java:run(313)) - 512e32c3-7b1a-4e19-b3ea-ee56d7d32ab5-SegmentedRaftLogWorker:Storage Directory /workdir/hadoop-ozone/integration-test/target/test-dir/MiniOzoneClusterImpl-c8883471-de3b-444e-8801-a2789016650e/datanode-0/data/ratis/689a1245-e7d5-42bd-b2bc-5f31dad09507 was interrupted, exiting. There are 0 tasks remaining in the queue.
2019-08-28 12:15:30,363 [main] INFO  segmented.SegmentedRaftLogWorker (SegmentedRaftLogWorker.java:close(228)) - 512e32c3-7b1a-4e19-b3ea-ee56d7d32ab5-SegmentedRaftLogWorker:Storage Directory /workdir/hadoop-ozone/integration-test/target/test-dir/MiniOzoneClusterImpl-c8883471-de3b-444e-8801-a2789016650e/datanode-0/data/ratis/689a1245-e7d5-42bd-b2bc-5f31dad09507 close()
2019-08-28 12:15:30,368 [main] INFO  impl.RaftServerImpl (RaftServerImpl.java:lambda$shutdown$3(245)) - 512e32c3-7b1a-4e19-b3ea-ee56d7d32ab5: shutdown group-D490398E80D5
2019-08-28 12:15:30,369 [main] INFO  util.JmxRegister (JmxRegister.java:unregister(73)) - Successfully un-registered JMX Bean with object name Ratis:service=RaftServer,group=group-D490398E80D5,id=512e32c3-7b1a-4e19-b3ea-ee56d7d32ab5
2019-08-28 12:15:30,369 [main] INFO  impl.RoleInfo (RoleInfo.java:shutdownLeaderState(104)) - 512e32c3-7b1a-4e19-b3ea-ee56d7d32ab5: shutdown LeaderState
2019-08-28 12:15:30,375 [org.apache.ratis.server.impl.LogAppender$AppenderDaemon$$Lambda$475/383969312@1031c633] WARN  server.GrpcLogAppender (GrpcLogAppender.java:mayWait(143)) - GrpcLogAppender(512e32c3-7b1a-4e19-b3ea-ee56d7d32ab5->108935fa-1afa-4eca-a0d1-51689defc060): Wait interrupted by java.lang.InterruptedException
2019-08-28 12:15:30,375 [org.apache.ratis.server.impl.LogAppender$AppenderDaemon$$Lambda$475/383969312@55334a51] WARN  server.GrpcLogAppender (GrpcLogAppender.java:mayWait(143)) - GrpcLogAppender(512e32c3-7b1a-4e19-b3ea-ee56d7d32ab5->a2802022-7344-46e5-aa2c-6758ec5b3830): Wait interrupted by java.lang.InterruptedException
2019-08-28 12:15:30,375 [main] INFO  impl.PendingRequests (PendingRequests.java:sendNotLeaderResponses(202)) - 512e32c3-7b1a-4e19-b3ea-ee56d7d32ab5-PendingRequests: sendNotLeaderResponses
2019-08-28 12:15:30,375 [grpc-default-executor-2] INFO  server.GrpcServerProtocolService (GrpcServerProtocolService.java:onCompleted(104)) - a2802022-7344-46e5-aa2c-6758ec5b3830: appendEntries completed
2019-08-28 12:15:30,375 [grpc-default-executor-7] INFO  server.GrpcServerProtocolService (GrpcServerProtocolService.java:onCompleted(104)) - 108935fa-1afa-4eca-a0d1-51689defc060: appendEntries completed
2019-08-28 12:15:30,390 [main] INFO  impl.StateMachineUpdater (StateMachineUpdater.java:stopAndJoin(115)) - StateMachineUpdater:512e32c3-7b1a-4e19-b3ea-ee56d7d32ab5:group-D490398E80D5: set stopIndex = 2
2019-08-28 12:15:30,391 | INFO  | SCMAudit | user=jenkins1000 | ip=192.168.36.80 | op=SEND_HEARTBEAT {datanodeUUID=108935fa-1afa-4eca-a0d1-51689defc060, command=[]} | ret=SUCCESS |  
2019-08-28 12:15:30,391 | INFO  | SCMAudit | user=jenkins1000 | ip=192.168.36.80 | op=SEND_HEARTBEAT {datanodeUUID=a2802022-7344-46e5-aa2c-6758ec5b3830, command=[]} | ret=SUCCESS |  
2019-08-28 12:15:30,391 [grpc-default-executor-7] INFO  server.GrpcLogAppender (GrpcLogAppender.java:onCompleted(292)) - 512e32c3-7b1a-4e19-b3ea-ee56d7d32ab5->a2802022-7344-46e5-aa2c-6758ec5b3830: follower responses appendEntries COMPLETED
2019-08-28 12:15:30,390 [StateMachineUpdater:512e32c3-7b1a-4e19-b3ea-ee56d7d32ab5:group-D490398E80D5] INFO  ratis.ContainerStateMachine (ContainerStateMachine.java:takeSnapshot(284)) - group-D490398E80D5: Taking a snapshot at:(t:1, i:2) file /workdir/hadoop-ozone/integration-test/target/test-dir/MiniOzoneClusterImpl-c8883471-de3b-444e-8801-a2789016650e/datanode-0/data/ratis/9407d4eb-7493-47cc-a197-d490398e80d5/sm/snapshot.1_2
2019-08-28 12:15:30,391 [grpc-default-executor-2] INFO  server.GrpcLogAppender (GrpcLogAppender.java:onCompleted(292)) - 512e32c3-7b1a-4e19-b3ea-ee56d7d32ab5->108935fa-1afa-4eca-a0d1-51689defc060: follower responses appendEntries COMPLETED
2019-08-28 12:15:30,392 [grpc-default-executor-7] INFO  impl.FollowerInfo (FollowerInfo.java:lambda$new$0(50)) - 512e32c3-7b1a-4e19-b3ea-ee56d7d32ab5->a2802022-7344-46e5-aa2c-6758ec5b3830: nextIndex: updateUnconditionally 3 -> 2
2019-08-28 12:15:30,392 [grpc-default-executor-2] INFO  impl.FollowerInfo (FollowerInfo.java:lambda$new$0(50)) - 512e32c3-7b1a-4e19-b3ea-ee56d7d32ab5->108935fa-1afa-4eca-a0d1-51689defc060: nextIndex: updateUnconditionally 3 -> 2
2019-08-28 12:15:30,405 [StateMachineUpdater:512e32c3-7b1a-4e19-b3ea-ee56d7d32ab5:group-D490398E80D5] INFO  ratis.ContainerStateMachine (ContainerStateMachine.java:takeSnapshot(295)) - group-D490398E80D5: Finished taking a snapshot at:(t:1, i:2) file:/workdir/hadoop-ozone/integration-test/target/test-dir/MiniOzoneClusterImpl-c8883471-de3b-444e-8801-a2789016650e/datanode-0/data/ratis/9407d4eb-7493-47cc-a197-d490398e80d5/sm/snapshot.1_2 time:15
2019-08-28 12:15:30,405 [StateMachineUpdater:512e32c3-7b1a-4e19-b3ea-ee56d7d32ab5:group-D490398E80D5] INFO  impl.StateMachineUpdater (StateMachineUpdater.java:takeSnapshot(242)) - StateMachineUpdater:512e32c3-7b1a-4e19-b3ea-ee56d7d32ab5:group-D490398E80D5: Took a snapshot at index 2
2019-08-28 12:15:30,405 [StateMachineUpdater:512e32c3-7b1a-4e19-b3ea-ee56d7d32ab5:group-D490398E80D5] INFO  impl.StateMachineUpdater (StateMachineUpdater.java:lambda$new$0(80)) - StateMachineUpdater:512e32c3-7b1a-4e19-b3ea-ee56d7d32ab5:group-D490398E80D5: snapshotIndex: updateIncreasingly -1 -> 2
2019-08-28 12:15:30,405 [main] INFO  impl.RaftServerImpl (ServerState.java:close(394)) - 512e32c3-7b1a-4e19-b3ea-ee56d7d32ab5:group-D490398E80D5 closes. The last applied log index is 2
2019-08-28 12:15:30,406 [512e32c3-7b1a-4e19-b3ea-ee56d7d32ab5-SegmentedRaftLogWorker:Storage Directory /workdir/hadoop-ozone/integration-test/target/test-dir/MiniOzoneClusterImpl-c8883471-de3b-444e-8801-a2789016650e/datanode-0/data/ratis/9407d4eb-7493-47cc-a197-d490398e80d5] INFO  segmented.SegmentedRaftLogWorker (SegmentedRaftLogWorker.java:run(313)) - 512e32c3-7b1a-4e19-b3ea-ee56d7d32ab5-SegmentedRaftLogWorker:Storage Directory /workdir/hadoop-ozone/integration-test/target/test-dir/MiniOzoneClusterImpl-c8883471-de3b-444e-8801-a2789016650e/datanode-0/data/ratis/9407d4eb-7493-47cc-a197-d490398e80d5 was interrupted, exiting. There are 0 tasks remaining in the queue.
2019-08-28 12:15:30,406 [main] INFO  segmented.SegmentedRaftLogWorker (SegmentedRaftLogWorker.java:close(228)) - 512e32c3-7b1a-4e19-b3ea-ee56d7d32ab5-SegmentedRaftLogWorker:Storage Directory /workdir/hadoop-ozone/integration-test/target/test-dir/MiniOzoneClusterImpl-c8883471-de3b-444e-8801-a2789016650e/datanode-0/data/ratis/9407d4eb-7493-47cc-a197-d490398e80d5 close()
2019-08-28 12:15:30,409 [main] INFO  server.GrpcService (GrpcService.java:closeImpl(155)) - 512e32c3-7b1a-4e19-b3ea-ee56d7d32ab5: shutdown server with port 39646 now
2019-08-28 12:15:30,410 [main] INFO  server.GrpcService (GrpcService.java:closeImpl(163)) - 512e32c3-7b1a-4e19-b3ea-ee56d7d32ab5: shutdown server with port 39646 successfully
2019-08-28 12:15:30,412 [refreshUsed-/workdir/hadoop-ozone/integration-test/target/test-dir/MiniOzoneClusterImpl-c8883471-de3b-444e-8801-a2789016650e/datanode-0/data/containers] WARN  fs.CachingGetSpaceUsed (CachingGetSpaceUsed.java:run(183)) - Thread Interrupted waiting to refresh disk information: sleep interrupted
2019-08-28 12:15:30,435 [main] INFO  utils.BackgroundService (BackgroundService.java:shutdown(148)) - Shutting down service BlockDeletingService
2019-08-28 12:15:30,442 [main] INFO  statemachine.DatanodeStateMachine (DatanodeStateMachine.java:stopDaemon(395)) - Ozone container server stopped.
2019-08-28 12:15:30,443 [main] INFO  handler.ContextHandler (ContextHandler.java:doStop(910)) - Stopped o.e.j.w.WebAppContext@4fd70118{/,null,UNAVAILABLE}{/hddsDatanode}
2019-08-28 12:15:30,444 [main] INFO  server.AbstractConnector (AbstractConnector.java:doStop(318)) - Stopped ServerConnector@1db7c267{HTTP/1.1,[http/1.1]}{0.0.0.0:0}
2019-08-28 12:15:30,445 [main] INFO  handler.ContextHandler (ContextHandler.java:doStop(910)) - Stopped o.e.j.s.ServletContextHandler@21d561c9{/static,jar:file:/home/user/.m2/repository/org/apache/hadoop/hadoop-hdds-container-service/0.5.0-SNAPSHOT/hadoop-hdds-container-service-0.5.0-SNAPSHOT.jar!/webapps/static,UNAVAILABLE}
2019-08-28 12:15:30,445 [main] INFO  handler.ContextHandler (ContextHandler.java:doStop(910)) - Stopped o.e.j.s.ServletContextHandler@380cd266{/logs,file:///workdir/hadoop-ozone/integration-test/target/log,UNAVAILABLE}
2019-08-28 12:15:30,606 | INFO  | SCMAudit | user=jenkins1000 | ip=192.168.36.80 | op=SEND_HEARTBEAT {datanodeUUID=7f93d942-a8b7-48f2-bd83-54790fd1d280, command=[]} | ret=SUCCESS |  
2019-08-28 12:15:30,864 | INFO  | SCMAudit | user=jenkins1000 | ip=192.168.36.80 | op=SEND_HEARTBEAT {datanodeUUID=3f0f2d41-29a3-4672-a6ae-dc742954b441, command=[]} | ret=SUCCESS |  
2019-08-28 12:15:31,105 | INFO  | SCMAudit | user=jenkins1000 | ip=192.168.36.80 | op=SEND_HEARTBEAT {datanodeUUID=bfb94127-3486-42ae-9a73-546df528dd97, command=[]} | ret=SUCCESS |  
2019-08-28 12:15:31,331 | INFO  | SCMAudit | user=jenkins1000 | ip=192.168.36.80 | op=SEND_HEARTBEAT {datanodeUUID=077a7edd-6219-48df-b004-054f5dffa596, command=[]} | ret=SUCCESS |  
2019-08-28 12:15:31,390 | INFO  | SCMAudit | user=jenkins1000 | ip=192.168.36.80 | op=SEND_HEARTBEAT {datanodeUUID=a2802022-7344-46e5-aa2c-6758ec5b3830, command=[]} | ret=SUCCESS |  
2019-08-28 12:15:31,391 | INFO  | SCMAudit | user=jenkins1000 | ip=192.168.36.80 | op=SEND_HEARTBEAT {datanodeUUID=108935fa-1afa-4eca-a0d1-51689defc060, command=[]} | ret=SUCCESS |  
2019-08-28 12:15:31,606 | INFO  | SCMAudit | user=jenkins1000 | ip=192.168.36.80 | op=SEND_HEARTBEAT {datanodeUUID=7f93d942-a8b7-48f2-bd83-54790fd1d280, command=[]} | ret=SUCCESS |  
2019-08-28 12:15:31,864 | INFO  | SCMAudit | user=jenkins1000 | ip=192.168.36.80 | op=SEND_HEARTBEAT {datanodeUUID=3f0f2d41-29a3-4672-a6ae-dc742954b441, command=[]} | ret=SUCCESS |  
2019-08-28 12:15:32,104 | INFO  | SCMAudit | user=jenkins1000 | ip=192.168.36.80 | op=SEND_HEARTBEAT {datanodeUUID=bfb94127-3486-42ae-9a73-546df528dd97, command=[]} | ret=SUCCESS |  
2019-08-28 12:15:32,331 | INFO  | SCMAudit | user=jenkins1000 | ip=192.168.36.80 | op=SEND_HEARTBEAT {datanodeUUID=077a7edd-6219-48df-b004-054f5dffa596, command=[]} | ret=SUCCESS |  
2019-08-28 12:15:32,390 | INFO  | SCMAudit | user=jenkins1000 | ip=192.168.36.80 | op=SEND_HEARTBEAT {datanodeUUID=a2802022-7344-46e5-aa2c-6758ec5b3830, command=[]} | ret=SUCCESS |  
2019-08-28 12:15:32,391 | INFO  | SCMAudit | user=jenkins1000 | ip=192.168.36.80 | op=SEND_HEARTBEAT {datanodeUUID=108935fa-1afa-4eca-a0d1-51689defc060, command=[]} | ret=SUCCESS |  
2019-08-28 12:15:32,462 [grpc-default-executor-6] INFO  client.GrpcClientProtocolClient (GrpcClientProtocolClient.java:onNext(255)) - client-5099C040E86A->a2802022-7344-46e5-aa2c-6758ec5b3830: receive RaftClientReply:client-5099C040E86A->a2802022-7344-46e5-aa2c-6758ec5b3830@group-D490398E80D5, cid=104, FAILED org.apache.ratis.protocol.NotLeaderException: Server a2802022-7344-46e5-aa2c-6758ec5b3830 is not the leader (512e32c3-7b1a-4e19-b3ea-ee56d7d32ab5:192.168.36.80:39646). Request must be sent to leader., logIndex=0, commits[a2802022-7344-46e5-aa2c-6758ec5b3830:c2, 108935fa-1afa-4eca-a0d1-51689defc060:c2, 512e32c3-7b1a-4e19-b3ea-ee56d7d32ab5:c2]
2019-08-28 12:15:32,607 | INFO  | SCMAudit | user=jenkins1000 | ip=192.168.36.80 | op=SEND_HEARTBEAT {datanodeUUID=7f93d942-a8b7-48f2-bd83-54790fd1d280, command=[]} | ret=SUCCESS |  
2019-08-28 12:15:32,864 | INFO  | SCMAudit | user=jenkins1000 | ip=192.168.36.80 | op=SEND_HEARTBEAT {datanodeUUID=3f0f2d41-29a3-4672-a6ae-dc742954b441, command=[]} | ret=SUCCESS |  
2019-08-28 12:15:33,105 | INFO  | SCMAudit | user=jenkins1000 | ip=192.168.36.80 | op=SEND_HEARTBEAT {datanodeUUID=bfb94127-3486-42ae-9a73-546df528dd97, command=[]} | ret=SUCCESS |  
2019-08-28 12:15:33,331 | INFO  | SCMAudit | user=jenkins1000 | ip=192.168.36.80 | op=SEND_HEARTBEAT {datanodeUUID=077a7edd-6219-48df-b004-054f5dffa596, command=[]} | ret=SUCCESS |  
2019-08-28 12:15:33,391 | INFO  | SCMAudit | user=jenkins1000 | ip=192.168.36.80 | op=SEND_HEARTBEAT {datanodeUUID=a2802022-7344-46e5-aa2c-6758ec5b3830, command=[]} | ret=SUCCESS |  
2019-08-28 12:15:33,391 | INFO  | SCMAudit | user=jenkins1000 | ip=192.168.36.80 | op=SEND_HEARTBEAT {datanodeUUID=108935fa-1afa-4eca-a0d1-51689defc060, command=[]} | ret=SUCCESS |  
2019-08-28 12:15:33,479 [grpc-default-executor-7] INFO  client.GrpcClientProtocolClient (GrpcClientProtocolClient.java:onNext(255)) - client-5099C040E86A->108935fa-1afa-4eca-a0d1-51689defc060: receive RaftClientReply:client-5099C040E86A->108935fa-1afa-4eca-a0d1-51689defc060@group-D490398E80D5, cid=104, FAILED org.apache.ratis.protocol.NotLeaderException: Server 108935fa-1afa-4eca-a0d1-51689defc060 is not the leader (512e32c3-7b1a-4e19-b3ea-ee56d7d32ab5:192.168.36.80:39646). Request must be sent to leader., logIndex=0, commits[108935fa-1afa-4eca-a0d1-51689defc060:c2, a2802022-7344-46e5-aa2c-6758ec5b3830:c2, 512e32c3-7b1a-4e19-b3ea-ee56d7d32ab5:c2]
2019-08-28 12:15:33,607 | INFO  | SCMAudit | user=jenkins1000 | ip=192.168.36.80 | op=SEND_HEARTBEAT {datanodeUUID=7f93d942-a8b7-48f2-bd83-54790fd1d280, command=[]} | ret=SUCCESS |  
2019-08-28 12:15:33,863 | INFO  | SCMAudit | user=jenkins1000 | ip=192.168.36.80 | op=SEND_HEARTBEAT {datanodeUUID=3f0f2d41-29a3-4672-a6ae-dc742954b441, command=[]} | ret=SUCCESS |  
2019-08-28 12:15:34,104 | INFO  | SCMAudit | user=jenkins1000 | ip=192.168.36.80 | op=SEND_HEARTBEAT {datanodeUUID=bfb94127-3486-42ae-9a73-546df528dd97, command=[]} | ret=SUCCESS |  
2019-08-28 12:15:34,334 | INFO  | SCMAudit | user=jenkins1000 | ip=192.168.36.80 | op=SEND_HEARTBEAT {datanodeUUID=077a7edd-6219-48df-b004-054f5dffa596, command=[]} | ret=SUCCESS |  
2019-08-28 12:15:34,391 | INFO  | SCMAudit | user=jenkins1000 | ip=192.168.36.80 | op=SEND_HEARTBEAT {datanodeUUID=a2802022-7344-46e5-aa2c-6758ec5b3830, command=[]} | ret=SUCCESS |  
2019-08-28 12:15:34,392 | INFO  | SCMAudit | user=jenkins1000 | ip=192.168.36.80 | op=SEND_HEARTBEAT {datanodeUUID=108935fa-1afa-4eca-a0d1-51689defc060, command=[]} | ret=SUCCESS |  
2019-08-28 12:15:34,493 [grpc-default-executor-6] INFO  client.GrpcClientProtocolClient (GrpcClientProtocolClient.java:onNext(255)) - client-5099C040E86A->a2802022-7344-46e5-aa2c-6758ec5b3830: receive RaftClientReply:client-5099C040E86A->a2802022-7344-46e5-aa2c-6758ec5b3830@group-D490398E80D5, cid=104, FAILED org.apache.ratis.protocol.NotLeaderException: Server a2802022-7344-46e5-aa2c-6758ec5b3830 is not the leader (512e32c3-7b1a-4e19-b3ea-ee56d7d32ab5:192.168.36.80:39646). Request must be sent to leader., logIndex=0, commits[a2802022-7344-46e5-aa2c-6758ec5b3830:c2, 108935fa-1afa-4eca-a0d1-51689defc060:c2, 512e32c3-7b1a-4e19-b3ea-ee56d7d32ab5:c2]
2019-08-28 12:15:34,606 | INFO  | SCMAudit | user=jenkins1000 | ip=192.168.36.80 | op=SEND_HEARTBEAT {datanodeUUID=7f93d942-a8b7-48f2-bd83-54790fd1d280, command=[]} | ret=SUCCESS |  
2019-08-28 12:15:34,864 | INFO  | SCMAudit | user=jenkins1000 | ip=192.168.36.80 | op=SEND_HEARTBEAT {datanodeUUID=3f0f2d41-29a3-4672-a6ae-dc742954b441, command=[]} | ret=SUCCESS |  
2019-08-28 12:15:35,104 | INFO  | SCMAudit | user=jenkins1000 | ip=192.168.36.80 | op=SEND_HEARTBEAT {datanodeUUID=bfb94127-3486-42ae-9a73-546df528dd97, command=[]} | ret=SUCCESS |  
2019-08-28 12:15:35,333 | INFO  | SCMAudit | user=jenkins1000 | ip=192.168.36.80 | op=SEND_HEARTBEAT {datanodeUUID=077a7edd-6219-48df-b004-054f5dffa596, command=[]} | ret=SUCCESS |  
2019-08-28 12:15:35,391 | INFO  | SCMAudit | user=jenkins1000 | ip=192.168.36.80 | op=SEND_HEARTBEAT {datanodeUUID=a2802022-7344-46e5-aa2c-6758ec5b3830, command=[]} | ret=SUCCESS |  
2019-08-28 12:15:35,392 | INFO  | SCMAudit | user=jenkins1000 | ip=192.168.36.80 | op=SEND_HEARTBEAT {datanodeUUID=108935fa-1afa-4eca-a0d1-51689defc060, command=[]} | ret=SUCCESS |  
2019-08-28 12:15:35,520 [grpc-default-executor-7] INFO  client.GrpcClientProtocolClient (GrpcClientProtocolClient.java:onNext(255)) - client-5099C040E86A->a2802022-7344-46e5-aa2c-6758ec5b3830: receive RaftClientReply:client-5099C040E86A->a2802022-7344-46e5-aa2c-6758ec5b3830@group-D490398E80D5, cid=104, FAILED org.apache.ratis.protocol.NotLeaderException: Server a2802022-7344-46e5-aa2c-6758ec5b3830 is not the leader (512e32c3-7b1a-4e19-b3ea-ee56d7d32ab5:192.168.36.80:39646). Request must be sent to leader., logIndex=0, commits[a2802022-7344-46e5-aa2c-6758ec5b3830:c2, 108935fa-1afa-4eca-a0d1-51689defc060:c2, 512e32c3-7b1a-4e19-b3ea-ee56d7d32ab5:c2]
2019-08-28 12:15:35,607 | INFO  | SCMAudit | user=jenkins1000 | ip=192.168.36.80 | op=SEND_HEARTBEAT {datanodeUUID=7f93d942-a8b7-48f2-bd83-54790fd1d280, command=[]} | ret=SUCCESS |  
2019-08-28 12:15:35,863 | INFO  | SCMAudit | user=jenkins1000 | ip=192.168.36.80 | op=SEND_HEARTBEAT {datanodeUUID=3f0f2d41-29a3-4672-a6ae-dc742954b441, command=[]} | ret=SUCCESS |  
2019-08-28 12:15:36,105 | INFO  | SCMAudit | user=jenkins1000 | ip=192.168.36.80 | op=SEND_HEARTBEAT {datanodeUUID=bfb94127-3486-42ae-9a73-546df528dd97, command=[]} | ret=SUCCESS |  
2019-08-28 12:15:36,334 | INFO  | SCMAudit | user=jenkins1000 | ip=192.168.36.80 | op=SEND_HEARTBEAT {datanodeUUID=077a7edd-6219-48df-b004-054f5dffa596, command=[]} | ret=SUCCESS |  
2019-08-28 12:15:36,392 | INFO  | SCMAudit | user=jenkins1000 | ip=192.168.36.80 | op=SEND_HEARTBEAT {datanodeUUID=108935fa-1afa-4eca-a0d1-51689defc060, command=[]} | ret=SUCCESS |  
2019-08-28 12:15:36,392 | INFO  | SCMAudit | user=jenkins1000 | ip=192.168.36.80 | op=SEND_HEARTBEAT {datanodeUUID=a2802022-7344-46e5-aa2c-6758ec5b3830, command=[]} | ret=SUCCESS |  
2019-08-28 12:15:36,545 [grpc-default-executor-6] INFO  client.GrpcClientProtocolClient (GrpcClientProtocolClient.java:onNext(255)) - client-5099C040E86A->108935fa-1afa-4eca-a0d1-51689defc060: receive RaftClientReply:client-5099C040E86A->108935fa-1afa-4eca-a0d1-51689defc060@group-D490398E80D5, cid=104, FAILED org.apache.ratis.protocol.NotLeaderException: Server 108935fa-1afa-4eca-a0d1-51689defc060 is not the leader (512e32c3-7b1a-4e19-b3ea-ee56d7d32ab5:192.168.36.80:39646). Request must be sent to leader., logIndex=0, commits[108935fa-1afa-4eca-a0d1-51689defc060:c2, a2802022-7344-46e5-aa2c-6758ec5b3830:c2, 512e32c3-7b1a-4e19-b3ea-ee56d7d32ab5:c2]
2019-08-28 12:15:36,606 | INFO  | SCMAudit | user=jenkins1000 | ip=192.168.36.80 | op=SEND_HEARTBEAT {datanodeUUID=7f93d942-a8b7-48f2-bd83-54790fd1d280, command=[]} | ret=SUCCESS |  
2019-08-28 12:15:36,863 | INFO  | SCMAudit | user=jenkins1000 | ip=192.168.36.80 | op=SEND_HEARTBEAT {datanodeUUID=3f0f2d41-29a3-4672-a6ae-dc742954b441, command=[]} | ret=SUCCESS |  
2019-08-28 12:15:37,105 | INFO  | SCMAudit | user=jenkins1000 | ip=192.168.36.80 | op=SEND_HEARTBEAT {datanodeUUID=bfb94127-3486-42ae-9a73-546df528dd97, command=[]} | ret=SUCCESS |  
2019-08-28 12:15:37,333 | INFO  | SCMAudit | user=jenkins1000 | ip=192.168.36.80 | op=SEND_HEARTBEAT {datanodeUUID=077a7edd-6219-48df-b004-054f5dffa596, command=[]} | ret=SUCCESS |  
2019-08-28 12:15:37,391 | INFO  | SCMAudit | user=jenkins1000 | ip=192.168.36.80 | op=SEND_HEARTBEAT {datanodeUUID=a2802022-7344-46e5-aa2c-6758ec5b3830, command=[]} | ret=SUCCESS |  
2019-08-28 12:15:37,391 | INFO  | SCMAudit | user=jenkins1000 | ip=192.168.36.80 | op=SEND_HEARTBEAT {datanodeUUID=108935fa-1afa-4eca-a0d1-51689defc060, command=[]} | ret=SUCCESS |  
2019-08-28 12:15:37,559 [grpc-default-executor-7] INFO  client.GrpcClientProtocolClient (GrpcClientProtocolClient.java:onNext(255)) - client-5099C040E86A->108935fa-1afa-4eca-a0d1-51689defc060: receive RaftClientReply:client-5099C040E86A->108935fa-1afa-4eca-a0d1-51689defc060@group-D490398E80D5, cid=104, FAILED org.apache.ratis.protocol.NotLeaderException: Server 108935fa-1afa-4eca-a0d1-51689defc060 is not the leader (512e32c3-7b1a-4e19-b3ea-ee56d7d32ab5:192.168.36.80:39646). Request must be sent to leader., logIndex=0, commits[108935fa-1afa-4eca-a0d1-51689defc060:c2, a2802022-7344-46e5-aa2c-6758ec5b3830:c2, 512e32c3-7b1a-4e19-b3ea-ee56d7d32ab5:c2]
2019-08-28 12:15:37,607 | INFO  | SCMAudit | user=jenkins1000 | ip=192.168.36.80 | op=SEND_HEARTBEAT {datanodeUUID=7f93d942-a8b7-48f2-bd83-54790fd1d280, command=[]} | ret=SUCCESS |  
2019-08-28 12:15:37,864 | INFO  | SCMAudit | user=jenkins1000 | ip=192.168.36.80 | op=SEND_HEARTBEAT {datanodeUUID=3f0f2d41-29a3-4672-a6ae-dc742954b441, command=[]} | ret=SUCCESS |  
2019-08-28 12:15:38,106 | INFO  | SCMAudit | user=jenkins1000 | ip=192.168.36.80 | op=SEND_HEARTBEAT {datanodeUUID=bfb94127-3486-42ae-9a73-546df528dd97, command=[]} | ret=SUCCESS |  
2019-08-28 12:15:38,334 | INFO  | SCMAudit | user=jenkins1000 | ip=192.168.36.80 | op=SEND_HEARTBEAT {datanodeUUID=077a7edd-6219-48df-b004-054f5dffa596, command=[]} | ret=SUCCESS |  
2019-08-28 12:15:38,391 | INFO  | SCMAudit | user=jenkins1000 | ip=192.168.36.80 | op=SEND_HEARTBEAT {datanodeUUID=108935fa-1afa-4eca-a0d1-51689defc060, command=[]} | ret=SUCCESS |  
2019-08-28 12:15:38,392 | INFO  | SCMAudit | user=jenkins1000 | ip=192.168.36.80 | op=SEND_HEARTBEAT {datanodeUUID=a2802022-7344-46e5-aa2c-6758ec5b3830, command=[]} | ret=SUCCESS |  
2019-08-28 12:15:38,572 [grpc-default-executor-6] INFO  client.GrpcClientProtocolClient (GrpcClientProtocolClient.java:onNext(255)) - client-5099C040E86A->a2802022-7344-46e5-aa2c-6758ec5b3830: receive RaftClientReply:client-5099C040E86A->a2802022-7344-46e5-aa2c-6758ec5b3830@group-D490398E80D5, cid=104, FAILED org.apache.ratis.protocol.NotLeaderException: Server a2802022-7344-46e5-aa2c-6758ec5b3830 is not the leader (512e32c3-7b1a-4e19-b3ea-ee56d7d32ab5:192.168.36.80:39646). Request must be sent to leader., logIndex=0, commits[a2802022-7344-46e5-aa2c-6758ec5b3830:c2, 108935fa-1afa-4eca-a0d1-51689defc060:c2, 512e32c3-7b1a-4e19-b3ea-ee56d7d32ab5:c2]
2019-08-28 12:15:38,607 | INFO  | SCMAudit | user=jenkins1000 | ip=192.168.36.80 | op=SEND_HEARTBEAT {datanodeUUID=7f93d942-a8b7-48f2-bd83-54790fd1d280, command=[]} | ret=SUCCESS |  
2019-08-28 12:15:38,864 | INFO  | SCMAudit | user=jenkins1000 | ip=192.168.36.80 | op=SEND_HEARTBEAT {datanodeUUID=3f0f2d41-29a3-4672-a6ae-dc742954b441, command=[]} | ret=SUCCESS |  
2019-08-28 12:15:39,107 | INFO  | SCMAudit | user=jenkins1000 | ip=192.168.36.80 | op=SEND_HEARTBEAT {datanodeUUID=bfb94127-3486-42ae-9a73-546df528dd97, command=[]} | ret=SUCCESS |  
2019-08-28 12:15:39,334 | INFO  | SCMAudit | user=jenkins1000 | ip=192.168.36.80 | op=SEND_HEARTBEAT {datanodeUUID=077a7edd-6219-48df-b004-054f5dffa596, command=[]} | ret=SUCCESS |  
2019-08-28 12:15:39,392 | INFO  | SCMAudit | user=jenkins1000 | ip=192.168.36.80 | op=SEND_HEARTBEAT {datanodeUUID=108935fa-1afa-4eca-a0d1-51689defc060, command=[]} | ret=SUCCESS |  
2019-08-28 12:15:39,392 | INFO  | SCMAudit | user=jenkins1000 | ip=192.168.36.80 | op=SEND_HEARTBEAT {datanodeUUID=a2802022-7344-46e5-aa2c-6758ec5b3830, command=[]} | ret=SUCCESS |  
2019-08-28 12:15:39,520 [Thread-2578] INFO  impl.FollowerState (FollowerState.java:run(106)) - a2802022-7344-46e5-aa2c-6758ec5b3830:group-D490398E80D5 changes to CANDIDATE, lastRpcTime:9222, electionTimeout:5054ms
2019-08-28 12:15:39,521 [Thread-2578] INFO  impl.RoleInfo (RoleInfo.java:shutdownFollowerState(121)) - a2802022-7344-46e5-aa2c-6758ec5b3830: shutdown FollowerState
2019-08-28 12:15:39,521 [Thread-2578] INFO  impl.RaftServerImpl (RaftServerImpl.java:setRole(171)) - a2802022-7344-46e5-aa2c-6758ec5b3830:group-D490398E80D5 changes role from FOLLOWER to CANDIDATE at term 1 for changeToCandidate
2019-08-28 12:15:39,521 [Thread-2578] INFO  impl.RoleInfo (RoleInfo.java:updateAndGet(143)) - a2802022-7344-46e5-aa2c-6758ec5b3830: start LeaderElection
2019-08-28 12:15:39,522 [a2802022-7344-46e5-aa2c-6758ec5b3830:group-D490398E80D5:LeaderElection103] INFO  impl.RaftServerImpl (ServerState.java:setLeader(263)) - a2802022-7344-46e5-aa2c-6758ec5b3830:group-D490398E80D5 change Leader from 512e32c3-7b1a-4e19-b3ea-ee56d7d32ab5 to null at term 1 for initElection
2019-08-28 12:15:39,551 [Thread-2577] INFO  impl.FollowerState (FollowerState.java:run(106)) - 108935fa-1afa-4eca-a0d1-51689defc060:group-D490398E80D5 changes to CANDIDATE, lastRpcTime:9253, electionTimeout:5030ms
2019-08-28 12:15:39,551 [Thread-2577] INFO  impl.RoleInfo (RoleInfo.java:shutdownFollowerState(121)) - 108935fa-1afa-4eca-a0d1-51689defc060: shutdown FollowerState
2019-08-28 12:15:39,551 [Thread-2577] INFO  impl.RaftServerImpl (RaftServerImpl.java:setRole(171)) - 108935fa-1afa-4eca-a0d1-51689defc060:group-D490398E80D5 changes role from FOLLOWER to CANDIDATE at term 1 for changeToCandidate
2019-08-28 12:15:39,551 [Thread-2577] INFO  impl.RoleInfo (RoleInfo.java:updateAndGet(143)) - 108935fa-1afa-4eca-a0d1-51689defc060: start LeaderElection
2019-08-28 12:15:39,552 [108935fa-1afa-4eca-a0d1-51689defc060:group-D490398E80D5:LeaderElection104] INFO  impl.RaftServerImpl (ServerState.java:setLeader(263)) - 108935fa-1afa-4eca-a0d1-51689defc060:group-D490398E80D5 change Leader from 512e32c3-7b1a-4e19-b3ea-ee56d7d32ab5 to null at term 1 for initElection
2019-08-28 12:15:39,594 [grpc-default-executor-2] INFO  client.GrpcClientProtocolClient (GrpcClientProtocolClient.java:onNext(255)) - client-5099C040E86A->108935fa-1afa-4eca-a0d1-51689defc060: receive RaftClientReply:client-5099C040E86A->108935fa-1afa-4eca-a0d1-51689defc060@group-D490398E80D5, cid=104, FAILED org.apache.ratis.protocol.NotLeaderException: Server 108935fa-1afa-4eca-a0d1-51689defc060 is not the leader (null). Request must be sent to leader., logIndex=0, commits[108935fa-1afa-4eca-a0d1-51689defc060:c2, a2802022-7344-46e5-aa2c-6758ec5b3830:c2, 512e32c3-7b1a-4e19-b3ea-ee56d7d32ab5:c2]
2019-08-28 12:15:39,599 [a2802022-7344-46e5-aa2c-6758ec5b3830:group-D490398E80D5:LeaderElection103] INFO  impl.LeaderElection (LeaderElection.java:askForVotes(181)) - a2802022-7344-46e5-aa2c-6758ec5b3830:group-D490398E80D5:LeaderElection103: begin an election at term 2 for 0: [108935fa-1afa-4eca-a0d1-51689defc060:192.168.36.80:33031, a2802022-7344-46e5-aa2c-6758ec5b3830:192.168.36.80:35344, 512e32c3-7b1a-4e19-b3ea-ee56d7d32ab5:192.168.36.80:39646], old=null
2019-08-28 12:15:39,600 [108935fa-1afa-4eca-a0d1-51689defc060:group-D490398E80D5:LeaderElection104] INFO  impl.LeaderElection (LeaderElection.java:askForVotes(181)) - 108935fa-1afa-4eca-a0d1-51689defc060:group-D490398E80D5:LeaderElection104: begin an election at term 2 for 0: [108935fa-1afa-4eca-a0d1-51689defc060:192.168.36.80:33031, a2802022-7344-46e5-aa2c-6758ec5b3830:192.168.36.80:35344, 512e32c3-7b1a-4e19-b3ea-ee56d7d32ab5:192.168.36.80:39646], old=null
2019-08-28 12:15:39,603 [108935fa-1afa-4eca-a0d1-51689defc060:group-D490398E80D5:LeaderElection104] INFO  impl.LeaderElection (LogUtils.java:infoOrTrace(149)) - 108935fa-1afa-4eca-a0d1-51689defc060:group-D490398E80D5:LeaderElection104 got exception when requesting votes: {}
java.util.concurrent.ExecutionException: org.apache.ratis.thirdparty.io.grpc.StatusRuntimeException: UNAVAILABLE: io exception
	at java.util.concurrent.FutureTask.report(FutureTask.java:122)
	at java.util.concurrent.FutureTask.get(FutureTask.java:192)
	at org.apache.ratis.server.impl.LeaderElection.waitForResults(LeaderElection.java:262)
	at org.apache.ratis.server.impl.LeaderElection.askForVotes(LeaderElection.java:200)
	at org.apache.ratis.server.impl.LeaderElection.run(LeaderElection.java:130)
	at java.lang.Thread.run(Thread.java:748)
Caused by: org.apache.ratis.thirdparty.io.grpc.StatusRuntimeException: UNAVAILABLE: io exception
	at org.apache.ratis.thirdparty.io.grpc.stub.ClientCalls.toStatusRuntimeException(ClientCalls.java:233)
	at org.apache.ratis.thirdparty.io.grpc.stub.ClientCalls.getUnchecked(ClientCalls.java:214)
	at org.apache.ratis.thirdparty.io.grpc.stub.ClientCalls.blockingUnaryCall(ClientCalls.java:139)
	at org.apache.ratis.proto.grpc.RaftServerProtocolServiceGrpc$RaftServerProtocolServiceBlockingStub.requestVote(RaftServerProtocolServiceGrpc.java:265)
	at org.apache.ratis.grpc.server.GrpcServerProtocolClient.requestVote(GrpcServerProtocolClient.java:83)
	at org.apache.ratis.grpc.server.GrpcService.requestVote(GrpcService.java:195)
	at org.apache.ratis.server.impl.LeaderElection.lambda$submitRequests$1(LeaderElection.java:237)
	at java.util.concurrent.FutureTask.run(FutureTask.java:266)
	at java.util.concurrent.Executors$RunnableAdapter.call(Executors.java:511)
	at java.util.concurrent.FutureTask.run(FutureTask.java:266)
	at java.util.concurrent.ThreadPoolExecutor.runWorker(ThreadPoolExecutor.java:1149)
	at java.util.concurrent.ThreadPoolExecutor$Worker.run(ThreadPoolExecutor.java:624)
	... 1 more
Caused by: org.apache.ratis.thirdparty.io.netty.channel.AbstractChannel$AnnotatedConnectException: Connection refused: /192.168.36.80:39646
	at sun.nio.ch.SocketChannelImpl.checkConnect(Native Method)
	at sun.nio.ch.SocketChannelImpl.finishConnect(SocketChannelImpl.java:717)
	at org.apache.ratis.thirdparty.io.netty.channel.socket.nio.NioSocketChannel.doFinishConnect(NioSocketChannel.java:327)
	at org.apache.ratis.thirdparty.io.netty.channel.nio.AbstractNioChannel$AbstractNioUnsafe.finishConnect(AbstractNioChannel.java:340)
	at org.apache.ratis.thirdparty.io.netty.channel.nio.NioEventLoop.processSelectedKey(NioEventLoop.java:632)
	at org.apache.ratis.thirdparty.io.netty.channel.nio.NioEventLoop.processSelectedKeysOptimized(NioEventLoop.java:579)
	at org.apache.ratis.thirdparty.io.netty.channel.nio.NioEventLoop.processSelectedKeys(NioEventLoop.java:496)
	at org.apache.ratis.thirdparty.io.netty.channel.nio.NioEventLoop.run(NioEventLoop.java:458)
	at org.apache.ratis.thirdparty.io.netty.util.concurrent.SingleThreadEventExecutor$5.run(SingleThreadEventExecutor.java:897)
	at org.apache.ratis.thirdparty.io.netty.util.concurrent.FastThreadLocalRunnable.run(FastThreadLocalRunnable.java:30)
	... 1 more
Caused by: java.net.ConnectException: Connection refused
	... 11 more
2019-08-28 12:15:39,603 [a2802022-7344-46e5-aa2c-6758ec5b3830:group-D490398E80D5:LeaderElection103] INFO  impl.LeaderElection (LogUtils.java:infoOrTrace(149)) - a2802022-7344-46e5-aa2c-6758ec5b3830:group-D490398E80D5:LeaderElection103 got exception when requesting votes: {}
java.util.concurrent.ExecutionException: org.apache.ratis.thirdparty.io.grpc.StatusRuntimeException: UNAVAILABLE: io exception
	at java.util.concurrent.FutureTask.report(FutureTask.java:122)
	at java.util.concurrent.FutureTask.get(FutureTask.java:192)
	at org.apache.ratis.server.impl.LeaderElection.waitForResults(LeaderElection.java:262)
	at org.apache.ratis.server.impl.LeaderElection.askForVotes(LeaderElection.java:200)
	at org.apache.ratis.server.impl.LeaderElection.run(LeaderElection.java:130)
	at java.lang.Thread.run(Thread.java:748)
Caused by: org.apache.ratis.thirdparty.io.grpc.StatusRuntimeException: UNAVAILABLE: io exception
	at org.apache.ratis.thirdparty.io.grpc.stub.ClientCalls.toStatusRuntimeException(ClientCalls.java:233)
	at org.apache.ratis.thirdparty.io.grpc.stub.ClientCalls.getUnchecked(ClientCalls.java:214)
	at org.apache.ratis.thirdparty.io.grpc.stub.ClientCalls.blockingUnaryCall(ClientCalls.java:139)
	at org.apache.ratis.proto.grpc.RaftServerProtocolServiceGrpc$RaftServerProtocolServiceBlockingStub.requestVote(RaftServerProtocolServiceGrpc.java:265)
	at org.apache.ratis.grpc.server.GrpcServerProtocolClient.requestVote(GrpcServerProtocolClient.java:83)
	at org.apache.ratis.grpc.server.GrpcService.requestVote(GrpcService.java:195)
	at org.apache.ratis.server.impl.LeaderElection.lambda$submitRequests$1(LeaderElection.java:237)
	at java.util.concurrent.FutureTask.run(FutureTask.java:266)
	at java.util.concurrent.Executors$RunnableAdapter.call(Executors.java:511)
	at java.util.concurrent.FutureTask.run(FutureTask.java:266)
	at java.util.concurrent.ThreadPoolExecutor.runWorker(ThreadPoolExecutor.java:1149)
	at java.util.concurrent.ThreadPoolExecutor$Worker.run(ThreadPoolExecutor.java:624)
	... 1 more
Caused by: org.apache.ratis.thirdparty.io.netty.channel.AbstractChannel$AnnotatedConnectException: Connection refused: /192.168.36.80:39646
	at sun.nio.ch.SocketChannelImpl.checkConnect(Native Method)
	at sun.nio.ch.SocketChannelImpl.finishConnect(SocketChannelImpl.java:717)
	at org.apache.ratis.thirdparty.io.netty.channel.socket.nio.NioSocketChannel.doFinishConnect(NioSocketChannel.java:327)
	at org.apache.ratis.thirdparty.io.netty.channel.nio.AbstractNioChannel$AbstractNioUnsafe.finishConnect(AbstractNioChannel.java:340)
	at org.apache.ratis.thirdparty.io.netty.channel.nio.NioEventLoop.processSelectedKey(NioEventLoop.java:632)
	at org.apache.ratis.thirdparty.io.netty.channel.nio.NioEventLoop.processSelectedKeysOptimized(NioEventLoop.java:579)
	at org.apache.ratis.thirdparty.io.netty.channel.nio.NioEventLoop.processSelectedKeys(NioEventLoop.java:496)
	at org.apache.ratis.thirdparty.io.netty.channel.nio.NioEventLoop.run(NioEventLoop.java:458)
	at org.apache.ratis.thirdparty.io.netty.util.concurrent.SingleThreadEventExecutor$5.run(SingleThreadEventExecutor.java:897)
	at org.apache.ratis.thirdparty.io.netty.util.concurrent.FastThreadLocalRunnable.run(FastThreadLocalRunnable.java:30)
	... 1 more
Caused by: java.net.ConnectException: Connection refused
	... 11 more
2019-08-28 12:15:39,606 | INFO  | SCMAudit | user=jenkins1000 | ip=192.168.36.80 | op=SEND_HEARTBEAT {datanodeUUID=7f93d942-a8b7-48f2-bd83-54790fd1d280, command=[]} | ret=SUCCESS |  
2019-08-28 12:15:39,607 [a2802022-7344-46e5-aa2c-6758ec5b3830:group-D490398E80D5:LeaderElection103] INFO  impl.LeaderElection (LeaderElection.java:logAndReturn(56)) - a2802022-7344-46e5-aa2c-6758ec5b3830:group-D490398E80D5:LeaderElection103: Election REJECTED; received 1 response(s) [a2802022-7344-46e5-aa2c-6758ec5b3830<-108935fa-1afa-4eca-a0d1-51689defc060#0:FAIL-t2] and 1 exception(s); a2802022-7344-46e5-aa2c-6758ec5b3830:t2, leader=null, voted=a2802022-7344-46e5-aa2c-6758ec5b3830, raftlog=a2802022-7344-46e5-aa2c-6758ec5b3830-SegmentedRaftLog:OPENED:c2,f2,i2, conf=0: [108935fa-1afa-4eca-a0d1-51689defc060:192.168.36.80:33031, a2802022-7344-46e5-aa2c-6758ec5b3830:192.168.36.80:35344, 512e32c3-7b1a-4e19-b3ea-ee56d7d32ab5:192.168.36.80:39646], old=null
2019-08-28 12:15:39,607 [a2802022-7344-46e5-aa2c-6758ec5b3830:group-D490398E80D5:LeaderElection103] INFO  impl.LeaderElection (LogUtils.java:infoOrTrace(149)) -   Exception 0: {}
java.util.concurrent.ExecutionException: org.apache.ratis.thirdparty.io.grpc.StatusRuntimeException: UNAVAILABLE: io exception
	at java.util.concurrent.FutureTask.report(FutureTask.java:122)
	at java.util.concurrent.FutureTask.get(FutureTask.java:192)
	at org.apache.ratis.server.impl.LeaderElection.waitForResults(LeaderElection.java:262)
	at org.apache.ratis.server.impl.LeaderElection.askForVotes(LeaderElection.java:200)
	at org.apache.ratis.server.impl.LeaderElection.run(LeaderElection.java:130)
	at java.lang.Thread.run(Thread.java:748)
Caused by: org.apache.ratis.thirdparty.io.grpc.StatusRuntimeException: UNAVAILABLE: io exception
	at org.apache.ratis.thirdparty.io.grpc.stub.ClientCalls.toStatusRuntimeException(ClientCalls.java:233)
	at org.apache.ratis.thirdparty.io.grpc.stub.ClientCalls.getUnchecked(ClientCalls.java:214)
	at org.apache.ratis.thirdparty.io.grpc.stub.ClientCalls.blockingUnaryCall(ClientCalls.java:139)
	at org.apache.ratis.proto.grpc.RaftServerProtocolServiceGrpc$RaftServerProtocolServiceBlockingStub.requestVote(RaftServerProtocolServiceGrpc.java:265)
	at org.apache.ratis.grpc.server.GrpcServerProtocolClient.requestVote(GrpcServerProtocolClient.java:83)
	at org.apache.ratis.grpc.server.GrpcService.requestVote(GrpcService.java:195)
	at org.apache.ratis.server.impl.LeaderElection.lambda$submitRequests$1(LeaderElection.java:237)
	at java.util.concurrent.FutureTask.run(FutureTask.java:266)
	at java.util.concurrent.Executors$RunnableAdapter.call(Executors.java:511)
	at java.util.concurrent.FutureTask.run(FutureTask.java:266)
	at java.util.concurrent.ThreadPoolExecutor.runWorker(ThreadPoolExecutor.java:1149)
	at java.util.concurrent.ThreadPoolExecutor$Worker.run(ThreadPoolExecutor.java:624)
	... 1 more
Caused by: org.apache.ratis.thirdparty.io.netty.channel.AbstractChannel$AnnotatedConnectException: Connection refused: /192.168.36.80:39646
	at sun.nio.ch.SocketChannelImpl.checkConnect(Native Method)
	at sun.nio.ch.SocketChannelImpl.finishConnect(SocketChannelImpl.java:717)
	at org.apache.ratis.thirdparty.io.netty.channel.socket.nio.NioSocketChannel.doFinishConnect(NioSocketChannel.java:327)
	at org.apache.ratis.thirdparty.io.netty.channel.nio.AbstractNioChannel$AbstractNioUnsafe.finishConnect(AbstractNioChannel.java:340)
	at org.apache.ratis.thirdparty.io.netty.channel.nio.NioEventLoop.processSelectedKey(NioEventLoop.java:632)
	at org.apache.ratis.thirdparty.io.netty.channel.nio.NioEventLoop.processSelectedKeysOptimized(NioEventLoop.java:579)
	at org.apache.ratis.thirdparty.io.netty.channel.nio.NioEventLoop.processSelectedKeys(NioEventLoop.java:496)
	at org.apache.ratis.thirdparty.io.netty.channel.nio.NioEventLoop.run(NioEventLoop.java:458)
	at org.apache.ratis.thirdparty.io.netty.util.concurrent.SingleThreadEventExecutor$5.run(SingleThreadEventExecutor.java:897)
	at org.apache.ratis.thirdparty.io.netty.util.concurrent.FastThreadLocalRunnable.run(FastThreadLocalRunnable.java:30)
	... 1 more
Caused by: java.net.ConnectException: Connection refused
	... 11 more
2019-08-28 12:15:39,607 [108935fa-1afa-4eca-a0d1-51689defc060:group-D490398E80D5:LeaderElection104] INFO  impl.LeaderElection (LeaderElection.java:logAndReturn(56)) - 108935fa-1afa-4eca-a0d1-51689defc060:group-D490398E80D5:LeaderElection104: Election REJECTED; received 1 response(s) [108935fa-1afa-4eca-a0d1-51689defc060<-a2802022-7344-46e5-aa2c-6758ec5b3830#0:FAIL-t2] and 1 exception(s); 108935fa-1afa-4eca-a0d1-51689defc060:t2, leader=null, voted=108935fa-1afa-4eca-a0d1-51689defc060, raftlog=108935fa-1afa-4eca-a0d1-51689defc060-SegmentedRaftLog:OPENED:c2,f2,i2, conf=0: [108935fa-1afa-4eca-a0d1-51689defc060:192.168.36.80:33031, a2802022-7344-46e5-aa2c-6758ec5b3830:192.168.36.80:35344, 512e32c3-7b1a-4e19-b3ea-ee56d7d32ab5:192.168.36.80:39646], old=null
2019-08-28 12:15:39,608 [a2802022-7344-46e5-aa2c-6758ec5b3830:group-D490398E80D5:LeaderElection103] INFO  impl.RaftServerImpl (RaftServerImpl.java:setRole(171)) - a2802022-7344-46e5-aa2c-6758ec5b3830:group-D490398E80D5 changes role from CANDIDATE to FOLLOWER at term 2 for DISCOVERED_A_NEW_TERM
2019-08-28 12:15:39,608 [108935fa-1afa-4eca-a0d1-51689defc060:group-D490398E80D5:LeaderElection104] INFO  impl.LeaderElection (LogUtils.java:infoOrTrace(149)) -   Exception 0: {}
java.util.concurrent.ExecutionException: org.apache.ratis.thirdparty.io.grpc.StatusRuntimeException: UNAVAILABLE: io exception
	at java.util.concurrent.FutureTask.report(FutureTask.java:122)
	at java.util.concurrent.FutureTask.get(FutureTask.java:192)
	at org.apache.ratis.server.impl.LeaderElection.waitForResults(LeaderElection.java:262)
	at org.apache.ratis.server.impl.LeaderElection.askForVotes(LeaderElection.java:200)
	at org.apache.ratis.server.impl.LeaderElection.run(LeaderElection.java:130)
	at java.lang.Thread.run(Thread.java:748)
Caused by: org.apache.ratis.thirdparty.io.grpc.StatusRuntimeException: UNAVAILABLE: io exception
	at org.apache.ratis.thirdparty.io.grpc.stub.ClientCalls.toStatusRuntimeException(ClientCalls.java:233)
	at org.apache.ratis.thirdparty.io.grpc.stub.ClientCalls.getUnchecked(ClientCalls.java:214)
	at org.apache.ratis.thirdparty.io.grpc.stub.ClientCalls.blockingUnaryCall(ClientCalls.java:139)
	at org.apache.ratis.proto.grpc.RaftServerProtocolServiceGrpc$RaftServerProtocolServiceBlockingStub.requestVote(RaftServerProtocolServiceGrpc.java:265)
	at org.apache.ratis.grpc.server.GrpcServerProtocolClient.requestVote(GrpcServerProtocolClient.java:83)
	at org.apache.ratis.grpc.server.GrpcService.requestVote(GrpcService.java:195)
	at org.apache.ratis.server.impl.LeaderElection.lambda$submitRequests$1(LeaderElection.java:237)
	at java.util.concurrent.FutureTask.run(FutureTask.java:266)
	at java.util.concurrent.Executors$RunnableAdapter.call(Executors.java:511)
	at java.util.concurrent.FutureTask.run(FutureTask.java:266)
	at java.util.concurrent.ThreadPoolExecutor.runWorker(ThreadPoolExecutor.java:1149)
	at java.util.concurrent.ThreadPoolExecutor$Worker.run(ThreadPoolExecutor.java:624)
	... 1 more
Caused by: org.apache.ratis.thirdparty.io.netty.channel.AbstractChannel$AnnotatedConnectException: Connection refused: /192.168.36.80:39646
	at sun.nio.ch.SocketChannelImpl.checkConnect(Native Method)
	at sun.nio.ch.SocketChannelImpl.finishConnect(SocketChannelImpl.java:717)
	at org.apache.ratis.thirdparty.io.netty.channel.socket.nio.NioSocketChannel.doFinishConnect(NioSocketChannel.java:327)
	at org.apache.ratis.thirdparty.io.netty.channel.nio.AbstractNioChannel$AbstractNioUnsafe.finishConnect(AbstractNioChannel.java:340)
	at org.apache.ratis.thirdparty.io.netty.channel.nio.NioEventLoop.processSelectedKey(NioEventLoop.java:632)
	at org.apache.ratis.thirdparty.io.netty.channel.nio.NioEventLoop.processSelectedKeysOptimized(NioEventLoop.java:579)
	at org.apache.ratis.thirdparty.io.netty.channel.nio.NioEventLoop.processSelectedKeys(NioEventLoop.java:496)
	at org.apache.ratis.thirdparty.io.netty.channel.nio.NioEventLoop.run(NioEventLoop.java:458)
	at org.apache.ratis.thirdparty.io.netty.util.concurrent.SingleThreadEventExecutor$5.run(SingleThreadEventExecutor.java:897)
	at org.apache.ratis.thirdparty.io.netty.util.concurrent.FastThreadLocalRunnable.run(FastThreadLocalRunnable.java:30)
	... 1 more
Caused by: java.net.ConnectException: Connection refused
	... 11 more
2019-08-28 12:15:39,608 [a2802022-7344-46e5-aa2c-6758ec5b3830:group-D490398E80D5:LeaderElection103] INFO  impl.RoleInfo (RoleInfo.java:shutdownLeaderElection(134)) - a2802022-7344-46e5-aa2c-6758ec5b3830: shutdown LeaderElection
2019-08-28 12:15:39,609 [108935fa-1afa-4eca-a0d1-51689defc060:group-D490398E80D5:LeaderElection104] INFO  impl.RaftServerImpl (RaftServerImpl.java:setRole(171)) - 108935fa-1afa-4eca-a0d1-51689defc060:group-D490398E80D5 changes role from CANDIDATE to FOLLOWER at term 2 for DISCOVERED_A_NEW_TERM
2019-08-28 12:15:39,609 [a2802022-7344-46e5-aa2c-6758ec5b3830:group-D490398E80D5:LeaderElection103] INFO  impl.RoleInfo (RoleInfo.java:updateAndGet(143)) - a2802022-7344-46e5-aa2c-6758ec5b3830: start FollowerState
2019-08-28 12:15:39,609 [108935fa-1afa-4eca-a0d1-51689defc060:group-D490398E80D5:LeaderElection104] INFO  impl.RoleInfo (RoleInfo.java:shutdownLeaderElection(134)) - 108935fa-1afa-4eca-a0d1-51689defc060: shutdown LeaderElection
2019-08-28 12:15:39,609 [108935fa-1afa-4eca-a0d1-51689defc060:group-D490398E80D5:LeaderElection104] INFO  impl.RoleInfo (RoleInfo.java:updateAndGet(143)) - 108935fa-1afa-4eca-a0d1-51689defc060: start FollowerState
2019-08-28 12:15:39,864 | INFO  | SCMAudit | user=jenkins1000 | ip=192.168.36.80 | op=SEND_HEARTBEAT {datanodeUUID=3f0f2d41-29a3-4672-a6ae-dc742954b441, command=[]} | ret=SUCCESS |  
2019-08-28 12:15:40,106 | INFO  | SCMAudit | user=jenkins1000 | ip=192.168.36.80 | op=SEND_HEARTBEAT {datanodeUUID=bfb94127-3486-42ae-9a73-546df528dd97, command=[]} | ret=SUCCESS |  
2019-08-28 12:15:40,334 | INFO  | SCMAudit | user=jenkins1000 | ip=192.168.36.80 | op=SEND_HEARTBEAT {datanodeUUID=077a7edd-6219-48df-b004-054f5dffa596, command=[]} | ret=SUCCESS |  
2019-08-28 12:15:40,391 | INFO  | SCMAudit | user=jenkins1000 | ip=192.168.36.80 | op=SEND_HEARTBEAT {datanodeUUID=a2802022-7344-46e5-aa2c-6758ec5b3830, command=[]} | ret=SUCCESS |  
2019-08-28 12:15:40,392 | INFO  | SCMAudit | user=jenkins1000 | ip=192.168.36.80 | op=SEND_HEARTBEAT {datanodeUUID=108935fa-1afa-4eca-a0d1-51689defc060, command=[]} | ret=SUCCESS |  
2019-08-28 12:15:40,607 | INFO  | SCMAudit | user=jenkins1000 | ip=192.168.36.80 | op=SEND_HEARTBEAT {datanodeUUID=7f93d942-a8b7-48f2-bd83-54790fd1d280, command=[]} | ret=SUCCESS |  
2019-08-28 12:15:40,607 [grpc-default-executor-2] INFO  client.GrpcClientProtocolClient (GrpcClientProtocolClient.java:onNext(255)) - client-5099C040E86A->a2802022-7344-46e5-aa2c-6758ec5b3830: receive RaftClientReply:client-5099C040E86A->a2802022-7344-46e5-aa2c-6758ec5b3830@group-D490398E80D5, cid=104, FAILED org.apache.ratis.protocol.NotLeaderException: Server a2802022-7344-46e5-aa2c-6758ec5b3830 is not the leader (null). Request must be sent to leader., logIndex=0, commits[a2802022-7344-46e5-aa2c-6758ec5b3830:c2, 108935fa-1afa-4eca-a0d1-51689defc060:c2, 512e32c3-7b1a-4e19-b3ea-ee56d7d32ab5:c2]
2019-08-28 12:15:40,863 | INFO  | SCMAudit | user=jenkins1000 | ip=192.168.36.80 | op=SEND_HEARTBEAT {datanodeUUID=3f0f2d41-29a3-4672-a6ae-dc742954b441, command=[]} | ret=SUCCESS |  
2019-08-28 12:15:41,107 | INFO  | SCMAudit | user=jenkins1000 | ip=192.168.36.80 | op=SEND_HEARTBEAT {datanodeUUID=bfb94127-3486-42ae-9a73-546df528dd97, command=[]} | ret=SUCCESS |  
2019-08-28 12:15:41,334 | INFO  | SCMAudit | user=jenkins1000 | ip=192.168.36.80 | op=SEND_HEARTBEAT {datanodeUUID=077a7edd-6219-48df-b004-054f5dffa596, command=[]} | ret=SUCCESS |  
2019-08-28 12:15:41,391 | INFO  | SCMAudit | user=jenkins1000 | ip=192.168.36.80 | op=SEND_HEARTBEAT {datanodeUUID=a2802022-7344-46e5-aa2c-6758ec5b3830, command=[]} | ret=SUCCESS |  
2019-08-28 12:15:41,393 | INFO  | SCMAudit | user=jenkins1000 | ip=192.168.36.80 | op=SEND_HEARTBEAT {datanodeUUID=108935fa-1afa-4eca-a0d1-51689defc060, command=[]} | ret=SUCCESS |  
2019-08-28 12:15:41,606 | INFO  | SCMAudit | user=jenkins1000 | ip=192.168.36.80 | op=SEND_HEARTBEAT {datanodeUUID=7f93d942-a8b7-48f2-bd83-54790fd1d280, command=[]} | ret=SUCCESS |  
2019-08-28 12:15:41,864 | INFO  | SCMAudit | user=jenkins1000 | ip=192.168.36.80 | op=SEND_HEARTBEAT {datanodeUUID=3f0f2d41-29a3-4672-a6ae-dc742954b441, command=[]} | ret=SUCCESS |  
2019-08-28 12:15:42,107 | INFO  | SCMAudit | user=jenkins1000 | ip=192.168.36.80 | op=SEND_HEARTBEAT {datanodeUUID=bfb94127-3486-42ae-9a73-546df528dd97, command=[]} | ret=SUCCESS |  
2019-08-28 12:15:42,335 | INFO  | SCMAudit | user=jenkins1000 | ip=192.168.36.80 | op=SEND_HEARTBEAT {datanodeUUID=077a7edd-6219-48df-b004-054f5dffa596, command=[]} | ret=SUCCESS |  
2019-08-28 12:15:42,392 | INFO  | SCMAudit | user=jenkins1000 | ip=192.168.36.80 | op=SEND_HEARTBEAT {datanodeUUID=a2802022-7344-46e5-aa2c-6758ec5b3830, command=[]} | ret=SUCCESS |  
2019-08-28 12:15:42,394 | INFO  | SCMAudit | user=jenkins1000 | ip=192.168.36.80 | op=SEND_HEARTBEAT {datanodeUUID=108935fa-1afa-4eca-a0d1-51689defc060, command=[]} | ret=SUCCESS |  
2019-08-28 12:15:42,606 | INFO  | SCMAudit | user=jenkins1000 | ip=192.168.36.80 | op=SEND_HEARTBEAT {datanodeUUID=7f93d942-a8b7-48f2-bd83-54790fd1d280, command=[]} | ret=SUCCESS |  
2019-08-28 12:15:42,625 [grpc-default-executor-0] INFO  client.GrpcClientProtocolClient (GrpcClientProtocolClient.java:onNext(255)) - client-5099C040E86A->a2802022-7344-46e5-aa2c-6758ec5b3830: receive RaftClientReply:client-5099C040E86A->a2802022-7344-46e5-aa2c-6758ec5b3830@group-D490398E80D5, cid=104, FAILED org.apache.ratis.protocol.NotLeaderException: Server a2802022-7344-46e5-aa2c-6758ec5b3830 is not the leader (null). Request must be sent to leader., logIndex=0, commits[a2802022-7344-46e5-aa2c-6758ec5b3830:c2, 108935fa-1afa-4eca-a0d1-51689defc060:c2, 512e32c3-7b1a-4e19-b3ea-ee56d7d32ab5:c2]
]]></system-out>
    <system-err><![CDATA[Aug 28, 2019 12:15:14 PM com.sun.jersey.server.impl.application.WebApplicationImpl _initiate
INFO: Initiating Jersey application, version 'Jersey: 1.19 02/11/2015 03:25 AM'
Aug 28, 2019 12:15:14 PM com.sun.jersey.server.impl.application.WebApplicationImpl _initiate
INFO: Initiating Jersey application, version 'Jersey: 1.19 02/11/2015 03:25 AM'
Aug 28, 2019 12:15:14 PM com.sun.jersey.server.impl.application.WebApplicationImpl _initiate
INFO: Initiating Jersey application, version 'Jersey: 1.19 02/11/2015 03:25 AM'
Aug 28, 2019 12:15:15 PM com.sun.jersey.server.impl.application.WebApplicationImpl _initiate
INFO: Initiating Jersey application, version 'Jersey: 1.19 02/11/2015 03:25 AM'
Aug 28, 2019 12:15:15 PM com.sun.jersey.server.impl.application.WebApplicationImpl _initiate
INFO: Initiating Jersey application, version 'Jersey: 1.19 02/11/2015 03:25 AM'
Aug 28, 2019 12:15:15 PM com.sun.jersey.server.impl.application.WebApplicationImpl _initiate
INFO: Initiating Jersey application, version 'Jersey: 1.19 02/11/2015 03:25 AM'
Aug 28, 2019 12:15:15 PM com.sun.jersey.server.impl.application.WebApplicationImpl _initiate
INFO: Initiating Jersey application, version 'Jersey: 1.19 02/11/2015 03:25 AM'
Aug 28, 2019 12:15:18 PM org.apache.ratis.thirdparty.io.grpc.internal.ManagedChannelOrphanWrapper$ManagedChannelReference cleanQueue
SEVERE: *~*~*~ Channel ManagedChannelImpl{logId=1084, target=192.168.36.80:44088} was not shutdown properly!!! ~*~*~*
    Make sure to call shutdown()/shutdownNow() and wait until awaitTermination() returns true.
java.lang.RuntimeException: ManagedChannel allocation site
	at org.apache.ratis.thirdparty.io.grpc.internal.ManagedChannelOrphanWrapper$ManagedChannelReference.<init>(ManagedChannelOrphanWrapper.java:103)
	at org.apache.ratis.thirdparty.io.grpc.internal.ManagedChannelOrphanWrapper.<init>(ManagedChannelOrphanWrapper.java:53)
	at org.apache.ratis.thirdparty.io.grpc.internal.ManagedChannelOrphanWrapper.<init>(ManagedChannelOrphanWrapper.java:44)
	at org.apache.ratis.thirdparty.io.grpc.internal.AbstractManagedChannelImplBuilder.build(AbstractManagedChannelImplBuilder.java:411)
	at org.apache.ratis.grpc.client.GrpcClientProtocolClient.<init>(GrpcClientProtocolClient.java:119)
	at org.apache.ratis.grpc.client.GrpcClientRpc.lambda$new$0(GrpcClientRpc.java:55)
	at org.apache.ratis.util.PeerProxyMap$PeerAndProxy.lambda$getProxy$0(PeerProxyMap.java:61)
	at org.apache.ratis.util.LifeCycle.startAndTransition(LifeCycle.java:202)
	at org.apache.ratis.util.PeerProxyMap$PeerAndProxy.getProxy(PeerProxyMap.java:60)
	at org.apache.ratis.util.PeerProxyMap.getProxy(PeerProxyMap.java:107)
	at org.apache.ratis.grpc.client.GrpcClientRpc.sendRequestAsyncUnordered(GrpcClientRpc.java:78)
	at org.apache.ratis.client.impl.UnorderedAsync.sendRequestWithRetry(UnorderedAsync.java:75)
	at org.apache.ratis.client.impl.UnorderedAsync.lambda$null$2(UnorderedAsync.java:120)
	at org.apache.ratis.util.TimeoutScheduler.lambda$onTimeout$0(TimeoutScheduler.java:85)
	at org.apache.ratis.util.TimeoutScheduler.lambda$onTimeout$1(TimeoutScheduler.java:104)
	at org.apache.ratis.util.LogUtils.runAndLog(LogUtils.java:50)
	at org.apache.ratis.util.LogUtils$1.run(LogUtils.java:91)
	at java.util.concurrent.Executors$RunnableAdapter.call(Executors.java:511)
	at java.util.concurrent.FutureTask.run(FutureTask.java:266)
	at java.util.concurrent.ScheduledThreadPoolExecutor$ScheduledFutureTask.access$201(ScheduledThreadPoolExecutor.java:180)
	at java.util.concurrent.ScheduledThreadPoolExecutor$ScheduledFutureTask.run(ScheduledThreadPoolExecutor.java:293)
	at java.util.concurrent.ThreadPoolExecutor.runWorker(ThreadPoolExecutor.java:1149)
	at java.util.concurrent.ThreadPoolExecutor$Worker.run(ThreadPoolExecutor.java:624)
	at java.lang.Thread.run(Thread.java:748)

Aug 28, 2019 12:15:18 PM org.apache.ratis.thirdparty.io.grpc.internal.ManagedChannelOrphanWrapper$ManagedChannelReference cleanQueue
SEVERE: *~*~*~ Channel ManagedChannelImpl{logId=1249, target=192.168.36.80:35638} was not shutdown properly!!! ~*~*~*
    Make sure to call shutdown()/shutdownNow() and wait until awaitTermination() returns true.
java.lang.RuntimeException: ManagedChannel allocation site
	at org.apache.ratis.thirdparty.io.grpc.internal.ManagedChannelOrphanWrapper$ManagedChannelReference.<init>(ManagedChannelOrphanWrapper.java:103)
	at org.apache.ratis.thirdparty.io.grpc.internal.ManagedChannelOrphanWrapper.<init>(ManagedChannelOrphanWrapper.java:53)
	at org.apache.ratis.thirdparty.io.grpc.internal.ManagedChannelOrphanWrapper.<init>(ManagedChannelOrphanWrapper.java:44)
	at org.apache.ratis.thirdparty.io.grpc.internal.AbstractManagedChannelImplBuilder.build(AbstractManagedChannelImplBuilder.java:411)
	at org.apache.ratis.grpc.client.GrpcClientProtocolClient.<init>(GrpcClientProtocolClient.java:119)
	at org.apache.ratis.grpc.client.GrpcClientRpc.lambda$new$0(GrpcClientRpc.java:55)
	at org.apache.ratis.util.PeerProxyMap$PeerAndProxy.lambda$getProxy$0(PeerProxyMap.java:61)
	at org.apache.ratis.util.LifeCycle.startAndTransition(LifeCycle.java:202)
	at org.apache.ratis.util.PeerProxyMap$PeerAndProxy.getProxy(PeerProxyMap.java:60)
	at org.apache.ratis.util.PeerProxyMap.getProxy(PeerProxyMap.java:107)
	at org.apache.ratis.grpc.client.GrpcClientRpc.sendRequestAsync(GrpcClientRpc.java:66)
	at org.apache.ratis.client.impl.OrderedAsync.sendRequest(OrderedAsync.java:208)
	at org.apache.ratis.client.impl.OrderedAsync.sendRequestWithRetry(OrderedAsync.java:169)
	at org.apache.ratis.util.SlidingWindow$Client.sendOrDelayRequest(SlidingWindow.java:278)
	at org.apache.ratis.util.SlidingWindow$Client.retry(SlidingWindow.java:294)
	at org.apache.ratis.client.impl.OrderedAsync.lambda$scheduleWithTimeout$7(OrderedAsync.java:195)
	at org.apache.ratis.util.TimeoutScheduler.lambda$onTimeout$0(TimeoutScheduler.java:85)
	at org.apache.ratis.util.TimeoutScheduler.lambda$onTimeout$1(TimeoutScheduler.java:104)
	at org.apache.ratis.util.LogUtils.runAndLog(LogUtils.java:50)
	at org.apache.ratis.util.LogUtils$1.run(LogUtils.java:91)
	at java.util.concurrent.Executors$RunnableAdapter.call(Executors.java:511)
	at java.util.concurrent.FutureTask.run(FutureTask.java:266)
	at java.util.concurrent.ScheduledThreadPoolExecutor$ScheduledFutureTask.access$201(ScheduledThreadPoolExecutor.java:180)
	at java.util.concurrent.ScheduledThreadPoolExecutor$ScheduledFutureTask.run(ScheduledThreadPoolExecutor.java:293)
	at java.util.concurrent.ThreadPoolExecutor.runWorker(ThreadPoolExecutor.java:1149)
	at java.util.concurrent.ThreadPoolExecutor$Worker.run(ThreadPoolExecutor.java:624)
	at java.lang.Thread.run(Thread.java:748)

Aug 28, 2019 12:15:18 PM org.apache.ratis.thirdparty.io.grpc.internal.ManagedChannelOrphanWrapper$ManagedChannelReference cleanQueue
SEVERE: *~*~*~ Channel ManagedChannelImpl{logId=709, target=192.168.36.80:41679} was not shutdown properly!!! ~*~*~*
    Make sure to call shutdown()/shutdownNow() and wait until awaitTermination() returns true.
java.lang.RuntimeException: ManagedChannel allocation site
	at org.apache.ratis.thirdparty.io.grpc.internal.ManagedChannelOrphanWrapper$ManagedChannelReference.<init>(ManagedChannelOrphanWrapper.java:103)
	at org.apache.ratis.thirdparty.io.grpc.internal.ManagedChannelOrphanWrapper.<init>(ManagedChannelOrphanWrapper.java:53)
	at org.apache.ratis.thirdparty.io.grpc.internal.ManagedChannelOrphanWrapper.<init>(ManagedChannelOrphanWrapper.java:44)
	at org.apache.ratis.thirdparty.io.grpc.internal.AbstractManagedChannelImplBuilder.build(AbstractManagedChannelImplBuilder.java:411)
	at org.apache.ratis.grpc.client.GrpcClientProtocolClient.<init>(GrpcClientProtocolClient.java:119)
	at org.apache.ratis.grpc.client.GrpcClientRpc.lambda$new$0(GrpcClientRpc.java:55)
	at org.apache.ratis.util.PeerProxyMap$PeerAndProxy.lambda$getProxy$0(PeerProxyMap.java:61)
	at org.apache.ratis.util.LifeCycle.startAndTransition(LifeCycle.java:202)
	at org.apache.ratis.util.PeerProxyMap$PeerAndProxy.getProxy(PeerProxyMap.java:60)
	at org.apache.ratis.util.PeerProxyMap.getProxy(PeerProxyMap.java:107)
	at org.apache.ratis.grpc.client.GrpcClientRpc.sendRequestAsyncUnordered(GrpcClientRpc.java:78)
	at org.apache.ratis.client.impl.UnorderedAsync.sendRequestWithRetry(UnorderedAsync.java:75)
	at org.apache.ratis.client.impl.UnorderedAsync.lambda$null$2(UnorderedAsync.java:120)
	at org.apache.ratis.util.TimeoutScheduler.lambda$onTimeout$0(TimeoutScheduler.java:85)
	at org.apache.ratis.util.TimeoutScheduler.lambda$onTimeout$1(TimeoutScheduler.java:104)
	at org.apache.ratis.util.LogUtils.runAndLog(LogUtils.java:50)
	at org.apache.ratis.util.LogUtils$1.run(LogUtils.java:91)
	at java.util.concurrent.Executors$RunnableAdapter.call(Executors.java:511)
	at java.util.concurrent.FutureTask.run(FutureTask.java:266)
	at java.util.concurrent.ScheduledThreadPoolExecutor$ScheduledFutureTask.access$201(ScheduledThreadPoolExecutor.java:180)
	at java.util.concurrent.ScheduledThreadPoolExecutor$ScheduledFutureTask.run(ScheduledThreadPoolExecutor.java:293)
	at java.util.concurrent.ThreadPoolExecutor.runWorker(ThreadPoolExecutor.java:1149)
	at java.util.concurrent.ThreadPoolExecutor$Worker.run(ThreadPoolExecutor.java:624)
	at java.lang.Thread.run(Thread.java:748)

]]></system-err>
  </testcase>
</testsuite>