<?xml version="1.0" encoding="UTF-8"?>
<testsuite xmlns:xsi="http://www.w3.org/2001/XMLSchema-instance" xsi:noNamespaceSchemaLocation="https://maven.apache.org/surefire/maven-surefire-plugin/xsd/surefire-test-report.xsd" name="org.apache.hadoop.ozone.client.rpc.TestBlockOutputStreamWithFailures" time="745.681" tests="8" errors="0" skipped="0" failures="1">
  <properties>
    <property name="awt.toolkit" value="sun.awt.X11.XToolkit"/>
    <property name="file.encoding.pkg" value="sun.io"/>
    <property name="java.specification.version" value="1.8"/>
    <property name="sun.cpu.isalist" value=""/>
    <property name="sun.jnu.encoding" value="UTF-8"/>
    <property name="java.class.path" value="/workdir/hadoop-ozone/integration-test/target/test-classes:/workdir/hadoop-ozone/integration-test/target/classes:/home/user/.m2/repository/org/apache/hadoop/hadoop-ozone-common/0.5.0-SNAPSHOT/hadoop-ozone-common-0.5.0-SNAPSHOT.jar:/home/user/.m2/repository/org/apache/commons/commons-compress/1.4.1/commons-compress-1.4.1.jar:/home/user/.m2/repository/org/tukaani/xz/1.0/xz-1.0.jar:/home/user/.m2/repository/org/apache/hadoop/hadoop-common/3.2.0/hadoop-common-3.2.0.jar:/home/user/.m2/repository/org/apache/hadoop/hadoop-hdfs/3.2.0/hadoop-hdfs-3.2.0.jar:/home/user/.m2/repository/org/apache/hadoop/hadoop-hdfs-client/3.2.0/hadoop-hdfs-client-3.2.0.jar:/home/user/.m2/repository/com/fasterxml/jackson/core/jackson-annotations/2.9.5/jackson-annotations-2.9.5.jar:/home/user/.m2/repository/org/apache/hadoop/hadoop-hdds-common/0.5.0-SNAPSHOT/hadoop-hdds-common-0.5.0-SNAPSHOT.jar:/home/user/.m2/repository/javax/annotation/javax.annotation-api/1.2/javax.annotation-api-1.2.jar:/home/user/.m2/repository/org/apache/ratis/ratis-server/0.4.0-2337318-SNAPSHOT/ratis-server-0.4.0-2337318-SNAPSHOT.jar:/home/user/.m2/repository/org/apache/ratis/ratis-thirdparty-misc/0.2.0/ratis-thirdparty-misc-0.2.0.jar:/home/user/.m2/repository/org/apache/ratis/ratis-proto/0.4.0-2337318-SNAPSHOT/ratis-proto-0.4.0-2337318-SNAPSHOT.jar:/home/user/.m2/repository/org/apache/ratis/ratis-common/0.4.0-2337318-SNAPSHOT/ratis-common-0.4.0-2337318-SNAPSHOT.jar:/home/user/.m2/repository/org/apache/ratis/ratis-client/0.4.0-2337318-SNAPSHOT/ratis-client-0.4.0-2337318-SNAPSHOT.jar:/home/user/.m2/repository/org/apache/ratis/ratis-metrics/0.4.0-2337318-SNAPSHOT/ratis-metrics-0.4.0-2337318-SNAPSHOT.jar:/home/user/.m2/repository/org/apache/ratis/ratis-netty/0.4.0-2337318-SNAPSHOT/ratis-netty-0.4.0-2337318-SNAPSHOT.jar:/home/user/.m2/repository/org/apache/ratis/ratis-grpc/0.4.0-2337318-SNAPSHOT/ratis-grpc-0.4.0-2337318-SNAPSHOT.jar:/home/user/.m2/repository/org/rocksdb/rocksdbjni/6.0.1/rocksdbjni-6.0.1.jar:/home/user/.m2/repository/org/apache/logging/log4j/log4j-api/2.11.0/log4j-api-2.11.0.jar:/home/user/.m2/repository/org/apache/logging/log4j/log4j-core/2.11.0/log4j-core-2.11.0.jar:/home/user/.m2/repository/com/lmax/disruptor/3.4.2/disruptor-3.4.2.jar:/home/user/.m2/repository/org/apache/commons/commons-pool2/2.6.0/commons-pool2-2.6.0.jar:/home/user/.m2/repository/org/bouncycastle/bcpkix-jdk15on/1.60/bcpkix-jdk15on-1.60.jar:/home/user/.m2/repository/commons-validator/commons-validator/1.6/commons-validator-1.6.jar:/home/user/.m2/repository/commons-digester/commons-digester/1.8.1/commons-digester-1.8.1.jar:/home/user/.m2/repository/io/jaegertracing/jaeger-client/0.33.1/jaeger-client-0.33.1.jar:/home/user/.m2/repository/io/jaegertracing/jaeger-thrift/0.33.1/jaeger-thrift-0.33.1.jar:/home/user/.m2/repository/org/apache/thrift/libthrift/0.11.0/libthrift-0.11.0.jar:/home/user/.m2/repository/com/squareup/okhttp3/okhttp/3.9.0/okhttp-3.9.0.jar:/home/user/.m2/repository/com/squareup/okio/okio/1.13.0/okio-1.13.0.jar:/home/user/.m2/repository/io/jaegertracing/jaeger-core/0.33.1/jaeger-core-0.33.1.jar:/home/user/.m2/repository/io/jaegertracing/jaeger-tracerresolver/0.33.1/jaeger-tracerresolver-0.33.1.jar:/home/user/.m2/repository/io/opentracing/contrib/opentracing-tracerresolver/0.1.5/opentracing-tracerresolver-0.1.5.jar:/home/user/.m2/repository/io/opentracing/opentracing-util/0.31.0/opentracing-util-0.31.0.jar:/home/user/.m2/repository/io/opentracing/opentracing-api/0.31.0/opentracing-api-0.31.0.jar:/home/user/.m2/repository/io/opentracing/opentracing-noop/0.31.0/opentracing-noop-0.31.0.jar:/home/user/.m2/repository/org/apache/hadoop/hadoop-hdds-server-framework/0.5.0-SNAPSHOT/hadoop-hdds-server-framework-0.5.0-SNAPSHOT.jar:/home/user/.m2/repository/org/apache/hadoop/hadoop-hdds-container-service/0.5.0-SNAPSHOT/hadoop-hdds-container-service-0.5.0-SNAPSHOT.jar:/home/user/.m2/repository/org/apache/hadoop/hadoop-hdds-client/0.5.0-SNAPSHOT/hadoop-hdds-client-0.5.0-SNAPSHOT.jar:/home/user/.m2/repository/org/apache/hadoop/hadoop-hdds-tools/0.5.0-SNAPSHOT/hadoop-hdds-tools-0.5.0-SNAPSHOT.jar:/home/user/.m2/repository/org/apache/hadoop/hadoop-hdds-server-scm/0.5.0-SNAPSHOT/hadoop-hdds-server-scm-0.5.0-SNAPSHOT.jar:/home/user/.m2/repository/org/apache/hadoop/hadoop-hdds-docs/0.5.0-SNAPSHOT/hadoop-hdds-docs-0.5.0-SNAPSHOT.jar:/home/user/.m2/repository/io/dropwizard/metrics/metrics-core/3.2.4/metrics-core-3.2.4.jar:/home/user/.m2/repository/org/hamcrest/hamcrest-all/1.3/hamcrest-all-1.3.jar:/home/user/.m2/repository/org/bouncycastle/bcprov-jdk15on/1.60/bcprov-jdk15on-1.60.jar:/home/user/.m2/repository/info/picocli/picocli/3.9.6/picocli-3.9.6.jar:/home/user/.m2/repository/com/google/protobuf/protobuf-java/2.5.0/protobuf-java-2.5.0.jar:/home/user/.m2/repository/com/google/guava/guava/11.0.2/guava-11.0.2.jar:/home/user/.m2/repository/org/apache/hadoop/hadoop-ozone-ozone-manager/0.5.0-SNAPSHOT/hadoop-ozone-ozone-manager-0.5.0-SNAPSHOT.jar:/home/user/.m2/repository/org/apache/hadoop/hadoop-minikdc/3.2.0/hadoop-minikdc-3.2.0.jar:/home/user/.m2/repository/commons-io/commons-io/2.5/commons-io-2.5.jar:/home/user/.m2/repository/org/apache/kerby/kerb-simplekdc/1.0.1/kerb-simplekdc-1.0.1.jar:/home/user/.m2/repository/org/apache/kerby/kerb-client/1.0.1/kerb-client-1.0.1.jar:/home/user/.m2/repository/org/apache/kerby/kerby-config/1.0.1/kerby-config-1.0.1.jar:/home/user/.m2/repository/org/apache/kerby/kerb-core/1.0.1/kerb-core-1.0.1.jar:/home/user/.m2/repository/org/apache/kerby/kerby-pkix/1.0.1/kerby-pkix-1.0.1.jar:/home/user/.m2/repository/org/apache/kerby/kerby-asn1/1.0.1/kerby-asn1-1.0.1.jar:/home/user/.m2/repository/org/apache/kerby/kerby-util/1.0.1/kerby-util-1.0.1.jar:/home/user/.m2/repository/org/apache/kerby/kerb-common/1.0.1/kerb-common-1.0.1.jar:/home/user/.m2/repository/org/apache/kerby/kerb-crypto/1.0.1/kerb-crypto-1.0.1.jar:/home/user/.m2/repository/org/apache/kerby/kerb-util/1.0.1/kerb-util-1.0.1.jar:/home/user/.m2/repository/org/apache/kerby/token-provider/1.0.1/token-provider-1.0.1.jar:/home/user/.m2/repository/org/apache/kerby/kerb-admin/1.0.1/kerb-admin-1.0.1.jar:/home/user/.m2/repository/org/apache/kerby/kerb-server/1.0.1/kerb-server-1.0.1.jar:/home/user/.m2/repository/org/apache/kerby/kerb-identity/1.0.1/kerb-identity-1.0.1.jar:/home/user/.m2/repository/org/apache/kerby/kerby-xdr/1.0.1/kerby-xdr-1.0.1.jar:/home/user/.m2/repository/org/slf4j/slf4j-log4j12/1.7.25/slf4j-log4j12-1.7.25.jar:/home/user/.m2/repository/org/apache/hadoop/hadoop-ozone-objectstore-service/0.5.0-SNAPSHOT/hadoop-ozone-objectstore-service-0.5.0-SNAPSHOT.jar:/home/user/.m2/repository/org/apache/hadoop/hadoop-ozone-s3gateway/0.5.0-SNAPSHOT/hadoop-ozone-s3gateway-0.5.0-SNAPSHOT.jar:/home/user/.m2/repository/org/jboss/weld/servlet/weld-servlet/2.4.7.Final/weld-servlet-2.4.7.Final.jar:/home/user/.m2/repository/org/glassfish/jersey/containers/jersey-container-servlet-core/2.27/jersey-container-servlet-core-2.27.jar:/home/user/.m2/repository/org/glassfish/hk2/external/javax.inject/2.5.0-b42/javax.inject-2.5.0-b42.jar:/home/user/.m2/repository/org/glassfish/jersey/core/jersey-common/2.27/jersey-common-2.27.jar:/home/user/.m2/repository/org/glassfish/hk2/osgi-resource-locator/1.0.1/osgi-resource-locator-1.0.1.jar:/home/user/.m2/repository/javax/ws/rs/javax.ws.rs-api/2.1/javax.ws.rs-api-2.1.jar:/home/user/.m2/repository/org/glassfish/jersey/ext/cdi/jersey-cdi1x/2.27/jersey-cdi1x-2.27.jar:/home/user/.m2/repository/org/glassfish/jersey/inject/jersey-hk2/2.27/jersey-hk2-2.27.jar:/home/user/.m2/repository/org/glassfish/hk2/hk2-locator/2.5.0-b42/hk2-locator-2.5.0-b42.jar:/home/user/.m2/repository/org/javassist/javassist/3.22.0-CR2/javassist-3.22.0-CR2.jar:/home/user/.m2/repository/org/glassfish/hk2/hk2-api/2.5.0/hk2-api-2.5.0.jar:/home/user/.m2/repository/org/glassfish/hk2/external/jakarta.inject/2.5.0/jakarta.inject-2.5.0.jar:/home/user/.m2/repository/org/glassfish/hk2/hk2-utils/2.5.0/hk2-utils-2.5.0.jar:/home/user/.m2/repository/jakarta/annotation/jakarta.annotation-api/1.3.4/jakarta.annotation-api-1.3.4.jar:/home/user/.m2/repository/org/glassfish/hk2/external/aopalliance-repackaged/2.5.0/aopalliance-repackaged-2.5.0.jar:/home/user/.m2/repository/com/fasterxml/jackson/dataformat/jackson-dataformat-xml/2.9.0/jackson-dataformat-xml-2.9.0.jar:/home/user/.m2/repository/com/fasterxml/jackson/core/jackson-core/2.9.5/jackson-core-2.9.5.jar:/home/user/.m2/repository/com/fasterxml/jackson/module/jackson-module-jaxb-annotations/2.9.5/jackson-module-jaxb-annotations-2.9.5.jar:/home/user/.m2/repository/javax/enterprise/cdi-api/1.2/cdi-api-1.2.jar:/home/user/.m2/repository/javax/el/javax.el-api/3.0.0/javax.el-api-3.0.0.jar:/home/user/.m2/repository/javax/interceptor/javax.interceptor-api/1.2/javax.interceptor-api-1.2.jar:/home/user/.m2/repository/javax/inject/javax.inject/1/javax.inject-1.jar:/home/user/.m2/repository/com/sun/xml/bind/jaxb-impl/2.3.0.1/jaxb-impl-2.3.0.1.jar:/home/user/.m2/repository/com/sun/xml/bind/jaxb-core/2.3.0.1/jaxb-core-2.3.0.1.jar:/home/user/.m2/repository/javax/xml/bind/jaxb-api/2.3.0/jaxb-api-2.3.0.jar:/home/user/.m2/repository/javax/activation/activation/1.1.1/activation-1.1.1.jar:/home/user/.m2/repository/org/apache/hadoop/hadoop-ozone-csi/0.5.0-SNAPSHOT/hadoop-ozone-csi-0.5.0-SNAPSHOT.jar:/home/user/.m2/repository/com/google/protobuf/protobuf-java-util/3.5.1/protobuf-java-util-3.5.1.jar:/home/user/.m2/repository/org/apache/hadoop/hadoop-hdds-config/0.5.0-SNAPSHOT/hadoop-hdds-config-0.5.0-SNAPSHOT.jar:/home/user/.m2/repository/io/grpc/grpc-netty/1.17.1/grpc-netty-1.17.1.jar:/home/user/.m2/repository/io/grpc/grpc-core/1.17.1/grpc-core-1.17.1.jar:/home/user/.m2/repository/io/grpc/grpc-context/1.17.1/grpc-context-1.17.1.jar:/home/user/.m2/repository/com/google/errorprone/error_prone_annotations/2.2.0/error_prone_annotations-2.2.0.jar:/home/user/.m2/repository/org/codehaus/mojo/animal-sniffer-annotations/1.17/animal-sniffer-annotations-1.17.jar:/home/user/.m2/repository/io/opencensus/opencensus-api/0.17.0/opencensus-api-0.17.0.jar:/home/user/.m2/repository/io/opencensus/opencensus-contrib-grpc-metrics/0.17.0/opencensus-contrib-grpc-metrics-0.17.0.jar:/home/user/.m2/repository/io/netty/netty-codec-http2/4.1.30.Final/netty-codec-http2-4.1.30.Final.jar:/home/user/.m2/repository/io/netty/netty-codec-http/4.1.30.Final/netty-codec-http-4.1.30.Final.jar:/home/user/.m2/repository/io/netty/netty-codec/4.1.30.Final/netty-codec-4.1.30.Final.jar:/home/user/.m2/repository/io/netty/netty-handler/4.1.30.Final/netty-handler-4.1.30.Final.jar:/home/user/.m2/repository/io/netty/netty-handler-proxy/4.1.30.Final/netty-handler-proxy-4.1.30.Final.jar:/home/user/.m2/repository/io/netty/netty-codec-socks/4.1.30.Final/netty-codec-socks-4.1.30.Final.jar:/home/user/.m2/repository/io/netty/netty-transport-native-epoll/4.1.30.Final/netty-transport-native-epoll-4.1.30.Final.jar:/home/user/.m2/repository/io/netty/netty-common/4.1.30.Final/netty-common-4.1.30.Final.jar:/home/user/.m2/repository/io/netty/netty-buffer/4.1.30.Final/netty-buffer-4.1.30.Final.jar:/home/user/.m2/repository/io/netty/netty-transport/4.1.30.Final/netty-transport-4.1.30.Final.jar:/home/user/.m2/repository/io/netty/netty-resolver/4.1.30.Final/netty-resolver-4.1.30.Final.jar:/home/user/.m2/repository/io/netty/netty-transport-native-unix-common/4.1.30.Final/netty-transport-native-unix-common-4.1.30.Final.jar:/home/user/.m2/repository/io/grpc/grpc-protobuf/1.17.1/grpc-protobuf-1.17.1.jar:/home/user/.m2/repository/com/google/api/grpc/proto-google-common-protos/1.0.0/proto-google-common-protos-1.0.0.jar:/home/user/.m2/repository/io/grpc/grpc-protobuf-lite/1.17.1/grpc-protobuf-lite-1.17.1.jar:/home/user/.m2/repository/io/grpc/grpc-stub/1.17.1/grpc-stub-1.17.1.jar:/home/user/.m2/repository/org/apache/hadoop/hadoop-ozone-recon/0.5.0-SNAPSHOT/hadoop-ozone-recon-0.5.0-SNAPSHOT.jar:/home/user/.m2/repository/org/apache/hadoop/hadoop-ozone-reconcodegen/0.5.0-SNAPSHOT/hadoop-ozone-reconcodegen-0.5.0-SNAPSHOT.jar:/home/user/.m2/repository/com/google/inject/extensions/guice-multibindings/4.0/guice-multibindings-4.0.jar:/home/user/.m2/repository/com/google/inject/guice/4.0/guice-4.0.jar:/home/user/.m2/repository/aopalliance/aopalliance/1.0/aopalliance-1.0.jar:/home/user/.m2/repository/com/google/inject/extensions/guice-servlet/4.0/guice-servlet-4.0.jar:/home/user/.m2/repository/org/glassfish/jersey/containers/jersey-container-servlet/2.27/jersey-container-servlet-2.27.jar:/home/user/.m2/repository/org/glassfish/hk2/guice-bridge/2.5.0/guice-bridge-2.5.0.jar:/home/user/.m2/repository/org/glassfish/jersey/core/jersey-server/2.27/jersey-server-2.27.jar:/home/user/.m2/repository/org/glassfish/jersey/core/jersey-client/2.27/jersey-client-2.27.jar:/home/user/.m2/repository/org/glassfish/jersey/media/jersey-media-jaxb/2.27/jersey-media-jaxb-2.27.jar:/home/user/.m2/repository/javax/validation/validation-api/1.1.0.Final/validation-api-1.1.0.Final.jar:/home/user/.m2/repository/org/glassfish/jersey/media/jersey-media-json-jackson/2.27/jersey-media-json-jackson-2.27.jar:/home/user/.m2/repository/org/glassfish/jersey/ext/jersey-entity-filtering/2.27/jersey-entity-filtering-2.27.jar:/home/user/.m2/repository/com/google/inject/extensions/guice-assistedinject/4.0/guice-assistedinject-4.0.jar:/home/user/.m2/repository/org/jooq/jooq/3.11.10/jooq-3.11.10.jar:/home/user/.m2/repository/org/jooq/jooq-meta/3.11.10/jooq-meta-3.11.10.jar:/home/user/.m2/repository/org/jooq/jooq-codegen/3.11.10/jooq-codegen-3.11.10.jar:/home/user/.m2/repository/com/jolbox/bonecp/0.8.0.RELEASE/bonecp-0.8.0.RELEASE.jar:/home/user/.m2/repository/org/xerial/sqlite-jdbc/3.25.2/sqlite-jdbc-3.25.2.jar:/home/user/.m2/repository/org/springframework/spring-jdbc/5.1.3.RELEASE/spring-jdbc-5.1.3.RELEASE.jar:/home/user/.m2/repository/org/springframework/spring-beans/5.1.3.RELEASE/spring-beans-5.1.3.RELEASE.jar:/home/user/.m2/repository/org/springframework/spring-core/5.1.3.RELEASE/spring-core-5.1.3.RELEASE.jar:/home/user/.m2/repository/org/springframework/spring-jcl/5.1.3.RELEASE/spring-jcl-5.1.3.RELEASE.jar:/home/user/.m2/repository/org/springframework/spring-tx/5.1.3.RELEASE/spring-tx-5.1.3.RELEASE.jar:/home/user/.m2/repository/org/apache/hadoop/hadoop-ozone-client/0.5.0-SNAPSHOT/hadoop-ozone-client-0.5.0-SNAPSHOT.jar:/home/user/.m2/repository/commons-lang/commons-lang/2.6/commons-lang-2.6.jar:/home/user/.m2/repository/org/apache/hadoop/hadoop-ozone-ozone-manager/0.5.0-SNAPSHOT/hadoop-ozone-ozone-manager-0.5.0-SNAPSHOT-tests.jar:/home/user/.m2/repository/junit/junit/4.11/junit-4.11.jar:/home/user/.m2/repository/org/hamcrest/hamcrest-core/1.3/hamcrest-core-1.3.jar:/home/user/.m2/repository/org/openjdk/jmh/jmh-core/1.19/jmh-core-1.19.jar:/home/user/.m2/repository/net/sf/jopt-simple/jopt-simple/4.6/jopt-simple-4.6.jar:/home/user/.m2/repository/org/apache/commons/commons-math3/3.1.1/commons-math3-3.1.1.jar:/home/user/.m2/repository/org/openjdk/jmh/jmh-generator-annprocess/1.19/jmh-generator-annprocess-1.19.jar:/home/user/.m2/repository/org/mockito/mockito-all/1.8.5/mockito-all-1.8.5.jar:/home/user/.m2/repository/org/apache/hadoop/hadoop-kms/3.2.0/hadoop-kms-3.2.0.jar:/home/user/.m2/repository/org/apache/hadoop/hadoop-auth/3.2.0/hadoop-auth-3.2.0.jar:/home/user/.m2/repository/com/nimbusds/nimbus-jose-jwt/4.41.1/nimbus-jose-jwt-4.41.1.jar:/home/user/.m2/repository/com/github/stephenc/jcip/jcip-annotations/1.0-1/jcip-annotations-1.0-1.jar:/home/user/.m2/repository/net/minidev/json-smart/2.3/json-smart-2.3.jar:/home/user/.m2/repository/net/minidev/accessors-smart/1.2/accessors-smart-1.2.jar:/home/user/.m2/repository/org/ow2/asm/asm/5.0.4/asm-5.0.4.jar:/home/user/.m2/repository/org/apache/curator/curator-framework/2.12.0/curator-framework-2.12.0.jar:/home/user/.m2/repository/com/sun/jersey/jersey-core/1.19/jersey-core-1.19.jar:/home/user/.m2/repository/javax/ws/rs/jsr311-api/1.1.1/jsr311-api-1.1.1.jar:/home/user/.m2/repository/com/sun/jersey/jersey-server/1.19/jersey-server-1.19.jar:/home/user/.m2/repository/javax/servlet/javax.servlet-api/3.1.0/javax.servlet-api-3.1.0.jar:/home/user/.m2/repository/org/eclipse/jetty/jetty-server/9.3.24.v20180605/jetty-server-9.3.24.v20180605.jar:/home/user/.m2/repository/org/eclipse/jetty/jetty-http/9.3.24.v20180605/jetty-http-9.3.24.v20180605.jar:/home/user/.m2/repository/org/eclipse/jetty/jetty-io/9.3.24.v20180605/jetty-io-9.3.24.v20180605.jar:/home/user/.m2/repository/org/eclipse/jetty/jetty-webapp/9.3.24.v20180605/jetty-webapp-9.3.24.v20180605.jar:/home/user/.m2/repository/org/eclipse/jetty/jetty-xml/9.3.24.v20180605/jetty-xml-9.3.24.v20180605.jar:/home/user/.m2/repository/log4j/log4j/1.2.17/log4j-1.2.17.jar:/home/user/.m2/repository/org/slf4j/slf4j-api/1.7.25/slf4j-api-1.7.25.jar:/home/user/.m2/repository/org/slf4j/jul-to-slf4j/1.7.25/jul-to-slf4j-1.7.25.jar:/home/user/.m2/repository/org/eclipse/jetty/jetty-util/9.3.24.v20180605/jetty-util-9.3.24.v20180605.jar:/home/user/.m2/repository/com/fasterxml/jackson/core/jackson-databind/2.9.5/jackson-databind-2.9.5.jar:/home/user/.m2/repository/org/apache/hadoop/hadoop-kms/3.2.0/hadoop-kms-3.2.0-tests.jar:/home/user/.m2/repository/org/apache/hadoop/hadoop-hdds-server-scm/0.5.0-SNAPSHOT/hadoop-hdds-server-scm-0.5.0-SNAPSHOT-tests.jar:/home/user/.m2/repository/org/apache/hadoop/hadoop-hdds-container-service/0.5.0-SNAPSHOT/hadoop-hdds-container-service-0.5.0-SNAPSHOT-tests.jar:/home/user/.m2/repository/org/yaml/snakeyaml/1.16/snakeyaml-1.16.jar:/home/user/.m2/repository/org/apache/hadoop/hadoop-common/3.2.0/hadoop-common-3.2.0-tests.jar:/home/user/.m2/repository/org/apache/hadoop/hadoop-annotations/3.2.0/hadoop-annotations-3.2.0.jar:/usr/lib/jvm/java-1.8-openjdk/jre/../lib/tools.jar:/home/user/.m2/repository/commons-cli/commons-cli/1.2/commons-cli-1.2.jar:/home/user/.m2/repository/org/apache/httpcomponents/httpclient/4.5.2/httpclient-4.5.2.jar:/home/user/.m2/repository/org/apache/httpcomponents/httpcore/4.4.4/httpcore-4.4.4.jar:/home/user/.m2/repository/commons-codec/commons-codec/1.11/commons-codec-1.11.jar:/home/user/.m2/repository/commons-net/commons-net/3.6/commons-net-3.6.jar:/home/user/.m2/repository/commons-collections/commons-collections/3.2.2/commons-collections-3.2.2.jar:/home/user/.m2/repository/org/eclipse/jetty/jetty-servlet/9.3.24.v20180605/jetty-servlet-9.3.24.v20180605.jar:/home/user/.m2/repository/org/eclipse/jetty/jetty-security/9.3.24.v20180605/jetty-security-9.3.24.v20180605.jar:/home/user/.m2/repository/javax/servlet/jsp/jsp-api/2.1/jsp-api-2.1.jar:/home/user/.m2/repository/com/sun/jersey/jersey-servlet/1.19/jersey-servlet-1.19.jar:/home/user/.m2/repository/com/sun/jersey/jersey-json/1.19/jersey-json-1.19.jar:/home/user/.m2/repository/org/codehaus/jettison/jettison/1.1/jettison-1.1.jar:/home/user/.m2/repository/org/codehaus/jackson/jackson-core-asl/1.9.13/jackson-core-asl-1.9.13.jar:/home/user/.m2/repository/org/codehaus/jackson/jackson-mapper-asl/1.9.13/jackson-mapper-asl-1.9.13.jar:/home/user/.m2/repository/org/codehaus/jackson/jackson-jaxrs/1.9.13/jackson-jaxrs-1.9.13.jar:/home/user/.m2/repository/org/codehaus/jackson/jackson-xc/1.9.13/jackson-xc-1.9.13.jar:/home/user/.m2/repository/commons-logging/commons-logging/1.1.3/commons-logging-1.1.3.jar:/home/user/.m2/repository/commons-beanutils/commons-beanutils/1.9.3/commons-beanutils-1.9.3.jar:/home/user/.m2/repository/org/apache/commons/commons-configuration2/2.1.1/commons-configuration2-2.1.1.jar:/home/user/.m2/repository/org/apache/commons/commons-lang3/3.7/commons-lang3-3.7.jar:/home/user/.m2/repository/org/apache/commons/commons-text/1.4/commons-text-1.4.jar:/home/user/.m2/repository/org/apache/avro/avro/1.7.7/avro-1.7.7.jar:/home/user/.m2/repository/com/thoughtworks/paranamer/paranamer/2.3/paranamer-2.3.jar:/home/user/.m2/repository/org/xerial/snappy/snappy-java/1.0.5/snappy-java-1.0.5.jar:/home/user/.m2/repository/com/google/re2j/re2j/1.1/re2j-1.1.jar:/home/user/.m2/repository/com/google/code/gson/gson/2.2.4/gson-2.2.4.jar:/home/user/.m2/repository/com/jcraft/jsch/0.1.54/jsch-0.1.54.jar:/home/user/.m2/repository/org/apache/curator/curator-client/2.12.0/curator-client-2.12.0.jar:/home/user/.m2/repository/org/apache/curator/curator-recipes/2.12.0/curator-recipes-2.12.0.jar:/home/user/.m2/repository/com/google/code/findbugs/jsr305/3.0.0/jsr305-3.0.0.jar:/home/user/.m2/repository/org/apache/htrace/htrace-core4/4.1.0-incubating/htrace-core4-4.1.0-incubating.jar:/home/user/.m2/repository/org/apache/zookeeper/zookeeper/3.4.13/zookeeper-3.4.13.jar:/home/user/.m2/repository/org/apache/yetus/audience-annotations/0.5.0/audience-annotations-0.5.0.jar:/home/user/.m2/repository/org/codehaus/woodstox/stax2-api/3.1.4/stax2-api-3.1.4.jar:/home/user/.m2/repository/com/fasterxml/woodstox/woodstox-core/5.0.3/woodstox-core-5.0.3.jar:/home/user/.m2/repository/dnsjava/dnsjava/2.1.7/dnsjava-2.1.7.jar:/home/user/.m2/repository/org/apache/hadoop/hadoop-hdfs/3.2.0/hadoop-hdfs-3.2.0-tests.jar:/home/user/.m2/repository/org/eclipse/jetty/jetty-util-ajax/9.3.24.v20180605/jetty-util-ajax-9.3.24.v20180605.jar:/home/user/.m2/repository/commons-daemon/commons-daemon/1.0.13/commons-daemon-1.0.13.jar:/home/user/.m2/repository/io/netty/netty/3.10.5.Final/netty-3.10.5.Final.jar:/home/user/.m2/repository/io/netty/netty-all/4.0.52.Final/netty-all-4.0.52.Final.jar:/home/user/.m2/repository/org/fusesource/leveldbjni/leveldbjni-all/1.8/leveldbjni-all-1.8.jar:"/>
    <property name="java.vm.vendor" value="IcedTea"/>
    <property name="sun.arch.data.model" value="64"/>
    <property name="test.build.dir" value="/workdir/hadoop-ozone/integration-test/target/test-dir"/>
    <property name="test.cache.data" value=""/>
    <property name="java.vendor.url" value="https://icedtea.classpath.org"/>
    <property name="user.timezone" value=""/>
    <property name="java.vm.specification.version" value="1.8"/>
    <property name="os.name" value="Linux"/>
    <property name="test.build.data" value="/workdir/hadoop-ozone/integration-test/target/test-dir"/>
    <property name="user.country" value="US"/>
    <property name="sun.java.launcher" value="SUN_STANDARD"/>
    <property name="sun.boot.library.path" value="/usr/lib/jvm/java-1.8-openjdk/jre/lib/amd64"/>
    <property name="sun.java.command" value="/workdir/hadoop-ozone/integration-test/target/surefire/surefirebooter4884427021741085460.jar /workdir/hadoop-ozone/integration-test/target/surefire 2019-08-28T11-45-53_949-jvmRun1 surefire5484311726915487989tmp surefire_167962978649973801239tmp"/>
    <property name="test" value="!TestMiniChaosOzoneCluster"/>
    <property name="surefire.test.class.path" value="/workdir/hadoop-ozone/integration-test/target/test-classes:/workdir/hadoop-ozone/integration-test/target/classes:/home/user/.m2/repository/org/apache/hadoop/hadoop-ozone-common/0.5.0-SNAPSHOT/hadoop-ozone-common-0.5.0-SNAPSHOT.jar:/home/user/.m2/repository/org/apache/commons/commons-compress/1.4.1/commons-compress-1.4.1.jar:/home/user/.m2/repository/org/tukaani/xz/1.0/xz-1.0.jar:/home/user/.m2/repository/org/apache/hadoop/hadoop-common/3.2.0/hadoop-common-3.2.0.jar:/home/user/.m2/repository/org/apache/hadoop/hadoop-hdfs/3.2.0/hadoop-hdfs-3.2.0.jar:/home/user/.m2/repository/org/apache/hadoop/hadoop-hdfs-client/3.2.0/hadoop-hdfs-client-3.2.0.jar:/home/user/.m2/repository/com/fasterxml/jackson/core/jackson-annotations/2.9.5/jackson-annotations-2.9.5.jar:/home/user/.m2/repository/org/apache/hadoop/hadoop-hdds-common/0.5.0-SNAPSHOT/hadoop-hdds-common-0.5.0-SNAPSHOT.jar:/home/user/.m2/repository/javax/annotation/javax.annotation-api/1.2/javax.annotation-api-1.2.jar:/home/user/.m2/repository/org/apache/ratis/ratis-server/0.4.0-2337318-SNAPSHOT/ratis-server-0.4.0-2337318-SNAPSHOT.jar:/home/user/.m2/repository/org/apache/ratis/ratis-thirdparty-misc/0.2.0/ratis-thirdparty-misc-0.2.0.jar:/home/user/.m2/repository/org/apache/ratis/ratis-proto/0.4.0-2337318-SNAPSHOT/ratis-proto-0.4.0-2337318-SNAPSHOT.jar:/home/user/.m2/repository/org/apache/ratis/ratis-common/0.4.0-2337318-SNAPSHOT/ratis-common-0.4.0-2337318-SNAPSHOT.jar:/home/user/.m2/repository/org/apache/ratis/ratis-client/0.4.0-2337318-SNAPSHOT/ratis-client-0.4.0-2337318-SNAPSHOT.jar:/home/user/.m2/repository/org/apache/ratis/ratis-metrics/0.4.0-2337318-SNAPSHOT/ratis-metrics-0.4.0-2337318-SNAPSHOT.jar:/home/user/.m2/repository/org/apache/ratis/ratis-netty/0.4.0-2337318-SNAPSHOT/ratis-netty-0.4.0-2337318-SNAPSHOT.jar:/home/user/.m2/repository/org/apache/ratis/ratis-grpc/0.4.0-2337318-SNAPSHOT/ratis-grpc-0.4.0-2337318-SNAPSHOT.jar:/home/user/.m2/repository/org/rocksdb/rocksdbjni/6.0.1/rocksdbjni-6.0.1.jar:/home/user/.m2/repository/org/apache/logging/log4j/log4j-api/2.11.0/log4j-api-2.11.0.jar:/home/user/.m2/repository/org/apache/logging/log4j/log4j-core/2.11.0/log4j-core-2.11.0.jar:/home/user/.m2/repository/com/lmax/disruptor/3.4.2/disruptor-3.4.2.jar:/home/user/.m2/repository/org/apache/commons/commons-pool2/2.6.0/commons-pool2-2.6.0.jar:/home/user/.m2/repository/org/bouncycastle/bcpkix-jdk15on/1.60/bcpkix-jdk15on-1.60.jar:/home/user/.m2/repository/commons-validator/commons-validator/1.6/commons-validator-1.6.jar:/home/user/.m2/repository/commons-digester/commons-digester/1.8.1/commons-digester-1.8.1.jar:/home/user/.m2/repository/io/jaegertracing/jaeger-client/0.33.1/jaeger-client-0.33.1.jar:/home/user/.m2/repository/io/jaegertracing/jaeger-thrift/0.33.1/jaeger-thrift-0.33.1.jar:/home/user/.m2/repository/org/apache/thrift/libthrift/0.11.0/libthrift-0.11.0.jar:/home/user/.m2/repository/com/squareup/okhttp3/okhttp/3.9.0/okhttp-3.9.0.jar:/home/user/.m2/repository/com/squareup/okio/okio/1.13.0/okio-1.13.0.jar:/home/user/.m2/repository/io/jaegertracing/jaeger-core/0.33.1/jaeger-core-0.33.1.jar:/home/user/.m2/repository/io/jaegertracing/jaeger-tracerresolver/0.33.1/jaeger-tracerresolver-0.33.1.jar:/home/user/.m2/repository/io/opentracing/contrib/opentracing-tracerresolver/0.1.5/opentracing-tracerresolver-0.1.5.jar:/home/user/.m2/repository/io/opentracing/opentracing-util/0.31.0/opentracing-util-0.31.0.jar:/home/user/.m2/repository/io/opentracing/opentracing-api/0.31.0/opentracing-api-0.31.0.jar:/home/user/.m2/repository/io/opentracing/opentracing-noop/0.31.0/opentracing-noop-0.31.0.jar:/home/user/.m2/repository/org/apache/hadoop/hadoop-hdds-server-framework/0.5.0-SNAPSHOT/hadoop-hdds-server-framework-0.5.0-SNAPSHOT.jar:/home/user/.m2/repository/org/apache/hadoop/hadoop-hdds-container-service/0.5.0-SNAPSHOT/hadoop-hdds-container-service-0.5.0-SNAPSHOT.jar:/home/user/.m2/repository/org/apache/hadoop/hadoop-hdds-client/0.5.0-SNAPSHOT/hadoop-hdds-client-0.5.0-SNAPSHOT.jar:/home/user/.m2/repository/org/apache/hadoop/hadoop-hdds-tools/0.5.0-SNAPSHOT/hadoop-hdds-tools-0.5.0-SNAPSHOT.jar:/home/user/.m2/repository/org/apache/hadoop/hadoop-hdds-server-scm/0.5.0-SNAPSHOT/hadoop-hdds-server-scm-0.5.0-SNAPSHOT.jar:/home/user/.m2/repository/org/apache/hadoop/hadoop-hdds-docs/0.5.0-SNAPSHOT/hadoop-hdds-docs-0.5.0-SNAPSHOT.jar:/home/user/.m2/repository/io/dropwizard/metrics/metrics-core/3.2.4/metrics-core-3.2.4.jar:/home/user/.m2/repository/org/hamcrest/hamcrest-all/1.3/hamcrest-all-1.3.jar:/home/user/.m2/repository/org/bouncycastle/bcprov-jdk15on/1.60/bcprov-jdk15on-1.60.jar:/home/user/.m2/repository/info/picocli/picocli/3.9.6/picocli-3.9.6.jar:/home/user/.m2/repository/com/google/protobuf/protobuf-java/2.5.0/protobuf-java-2.5.0.jar:/home/user/.m2/repository/com/google/guava/guava/11.0.2/guava-11.0.2.jar:/home/user/.m2/repository/org/apache/hadoop/hadoop-ozone-ozone-manager/0.5.0-SNAPSHOT/hadoop-ozone-ozone-manager-0.5.0-SNAPSHOT.jar:/home/user/.m2/repository/org/apache/hadoop/hadoop-minikdc/3.2.0/hadoop-minikdc-3.2.0.jar:/home/user/.m2/repository/commons-io/commons-io/2.5/commons-io-2.5.jar:/home/user/.m2/repository/org/apache/kerby/kerb-simplekdc/1.0.1/kerb-simplekdc-1.0.1.jar:/home/user/.m2/repository/org/apache/kerby/kerb-client/1.0.1/kerb-client-1.0.1.jar:/home/user/.m2/repository/org/apache/kerby/kerby-config/1.0.1/kerby-config-1.0.1.jar:/home/user/.m2/repository/org/apache/kerby/kerb-core/1.0.1/kerb-core-1.0.1.jar:/home/user/.m2/repository/org/apache/kerby/kerby-pkix/1.0.1/kerby-pkix-1.0.1.jar:/home/user/.m2/repository/org/apache/kerby/kerby-asn1/1.0.1/kerby-asn1-1.0.1.jar:/home/user/.m2/repository/org/apache/kerby/kerby-util/1.0.1/kerby-util-1.0.1.jar:/home/user/.m2/repository/org/apache/kerby/kerb-common/1.0.1/kerb-common-1.0.1.jar:/home/user/.m2/repository/org/apache/kerby/kerb-crypto/1.0.1/kerb-crypto-1.0.1.jar:/home/user/.m2/repository/org/apache/kerby/kerb-util/1.0.1/kerb-util-1.0.1.jar:/home/user/.m2/repository/org/apache/kerby/token-provider/1.0.1/token-provider-1.0.1.jar:/home/user/.m2/repository/org/apache/kerby/kerb-admin/1.0.1/kerb-admin-1.0.1.jar:/home/user/.m2/repository/org/apache/kerby/kerb-server/1.0.1/kerb-server-1.0.1.jar:/home/user/.m2/repository/org/apache/kerby/kerb-identity/1.0.1/kerb-identity-1.0.1.jar:/home/user/.m2/repository/org/apache/kerby/kerby-xdr/1.0.1/kerby-xdr-1.0.1.jar:/home/user/.m2/repository/org/slf4j/slf4j-log4j12/1.7.25/slf4j-log4j12-1.7.25.jar:/home/user/.m2/repository/org/apache/hadoop/hadoop-ozone-objectstore-service/0.5.0-SNAPSHOT/hadoop-ozone-objectstore-service-0.5.0-SNAPSHOT.jar:/home/user/.m2/repository/org/apache/hadoop/hadoop-ozone-s3gateway/0.5.0-SNAPSHOT/hadoop-ozone-s3gateway-0.5.0-SNAPSHOT.jar:/home/user/.m2/repository/org/jboss/weld/servlet/weld-servlet/2.4.7.Final/weld-servlet-2.4.7.Final.jar:/home/user/.m2/repository/org/glassfish/jersey/containers/jersey-container-servlet-core/2.27/jersey-container-servlet-core-2.27.jar:/home/user/.m2/repository/org/glassfish/hk2/external/javax.inject/2.5.0-b42/javax.inject-2.5.0-b42.jar:/home/user/.m2/repository/org/glassfish/jersey/core/jersey-common/2.27/jersey-common-2.27.jar:/home/user/.m2/repository/org/glassfish/hk2/osgi-resource-locator/1.0.1/osgi-resource-locator-1.0.1.jar:/home/user/.m2/repository/javax/ws/rs/javax.ws.rs-api/2.1/javax.ws.rs-api-2.1.jar:/home/user/.m2/repository/org/glassfish/jersey/ext/cdi/jersey-cdi1x/2.27/jersey-cdi1x-2.27.jar:/home/user/.m2/repository/org/glassfish/jersey/inject/jersey-hk2/2.27/jersey-hk2-2.27.jar:/home/user/.m2/repository/org/glassfish/hk2/hk2-locator/2.5.0-b42/hk2-locator-2.5.0-b42.jar:/home/user/.m2/repository/org/javassist/javassist/3.22.0-CR2/javassist-3.22.0-CR2.jar:/home/user/.m2/repository/org/glassfish/hk2/hk2-api/2.5.0/hk2-api-2.5.0.jar:/home/user/.m2/repository/org/glassfish/hk2/external/jakarta.inject/2.5.0/jakarta.inject-2.5.0.jar:/home/user/.m2/repository/org/glassfish/hk2/hk2-utils/2.5.0/hk2-utils-2.5.0.jar:/home/user/.m2/repository/jakarta/annotation/jakarta.annotation-api/1.3.4/jakarta.annotation-api-1.3.4.jar:/home/user/.m2/repository/org/glassfish/hk2/external/aopalliance-repackaged/2.5.0/aopalliance-repackaged-2.5.0.jar:/home/user/.m2/repository/com/fasterxml/jackson/dataformat/jackson-dataformat-xml/2.9.0/jackson-dataformat-xml-2.9.0.jar:/home/user/.m2/repository/com/fasterxml/jackson/core/jackson-core/2.9.5/jackson-core-2.9.5.jar:/home/user/.m2/repository/com/fasterxml/jackson/module/jackson-module-jaxb-annotations/2.9.5/jackson-module-jaxb-annotations-2.9.5.jar:/home/user/.m2/repository/javax/enterprise/cdi-api/1.2/cdi-api-1.2.jar:/home/user/.m2/repository/javax/el/javax.el-api/3.0.0/javax.el-api-3.0.0.jar:/home/user/.m2/repository/javax/interceptor/javax.interceptor-api/1.2/javax.interceptor-api-1.2.jar:/home/user/.m2/repository/javax/inject/javax.inject/1/javax.inject-1.jar:/home/user/.m2/repository/com/sun/xml/bind/jaxb-impl/2.3.0.1/jaxb-impl-2.3.0.1.jar:/home/user/.m2/repository/com/sun/xml/bind/jaxb-core/2.3.0.1/jaxb-core-2.3.0.1.jar:/home/user/.m2/repository/javax/xml/bind/jaxb-api/2.3.0/jaxb-api-2.3.0.jar:/home/user/.m2/repository/javax/activation/activation/1.1.1/activation-1.1.1.jar:/home/user/.m2/repository/org/apache/hadoop/hadoop-ozone-csi/0.5.0-SNAPSHOT/hadoop-ozone-csi-0.5.0-SNAPSHOT.jar:/home/user/.m2/repository/com/google/protobuf/protobuf-java-util/3.5.1/protobuf-java-util-3.5.1.jar:/home/user/.m2/repository/org/apache/hadoop/hadoop-hdds-config/0.5.0-SNAPSHOT/hadoop-hdds-config-0.5.0-SNAPSHOT.jar:/home/user/.m2/repository/io/grpc/grpc-netty/1.17.1/grpc-netty-1.17.1.jar:/home/user/.m2/repository/io/grpc/grpc-core/1.17.1/grpc-core-1.17.1.jar:/home/user/.m2/repository/io/grpc/grpc-context/1.17.1/grpc-context-1.17.1.jar:/home/user/.m2/repository/com/google/errorprone/error_prone_annotations/2.2.0/error_prone_annotations-2.2.0.jar:/home/user/.m2/repository/org/codehaus/mojo/animal-sniffer-annotations/1.17/animal-sniffer-annotations-1.17.jar:/home/user/.m2/repository/io/opencensus/opencensus-api/0.17.0/opencensus-api-0.17.0.jar:/home/user/.m2/repository/io/opencensus/opencensus-contrib-grpc-metrics/0.17.0/opencensus-contrib-grpc-metrics-0.17.0.jar:/home/user/.m2/repository/io/netty/netty-codec-http2/4.1.30.Final/netty-codec-http2-4.1.30.Final.jar:/home/user/.m2/repository/io/netty/netty-codec-http/4.1.30.Final/netty-codec-http-4.1.30.Final.jar:/home/user/.m2/repository/io/netty/netty-codec/4.1.30.Final/netty-codec-4.1.30.Final.jar:/home/user/.m2/repository/io/netty/netty-handler/4.1.30.Final/netty-handler-4.1.30.Final.jar:/home/user/.m2/repository/io/netty/netty-handler-proxy/4.1.30.Final/netty-handler-proxy-4.1.30.Final.jar:/home/user/.m2/repository/io/netty/netty-codec-socks/4.1.30.Final/netty-codec-socks-4.1.30.Final.jar:/home/user/.m2/repository/io/netty/netty-transport-native-epoll/4.1.30.Final/netty-transport-native-epoll-4.1.30.Final.jar:/home/user/.m2/repository/io/netty/netty-common/4.1.30.Final/netty-common-4.1.30.Final.jar:/home/user/.m2/repository/io/netty/netty-buffer/4.1.30.Final/netty-buffer-4.1.30.Final.jar:/home/user/.m2/repository/io/netty/netty-transport/4.1.30.Final/netty-transport-4.1.30.Final.jar:/home/user/.m2/repository/io/netty/netty-resolver/4.1.30.Final/netty-resolver-4.1.30.Final.jar:/home/user/.m2/repository/io/netty/netty-transport-native-unix-common/4.1.30.Final/netty-transport-native-unix-common-4.1.30.Final.jar:/home/user/.m2/repository/io/grpc/grpc-protobuf/1.17.1/grpc-protobuf-1.17.1.jar:/home/user/.m2/repository/com/google/api/grpc/proto-google-common-protos/1.0.0/proto-google-common-protos-1.0.0.jar:/home/user/.m2/repository/io/grpc/grpc-protobuf-lite/1.17.1/grpc-protobuf-lite-1.17.1.jar:/home/user/.m2/repository/io/grpc/grpc-stub/1.17.1/grpc-stub-1.17.1.jar:/home/user/.m2/repository/org/apache/hadoop/hadoop-ozone-recon/0.5.0-SNAPSHOT/hadoop-ozone-recon-0.5.0-SNAPSHOT.jar:/home/user/.m2/repository/org/apache/hadoop/hadoop-ozone-reconcodegen/0.5.0-SNAPSHOT/hadoop-ozone-reconcodegen-0.5.0-SNAPSHOT.jar:/home/user/.m2/repository/com/google/inject/extensions/guice-multibindings/4.0/guice-multibindings-4.0.jar:/home/user/.m2/repository/com/google/inject/guice/4.0/guice-4.0.jar:/home/user/.m2/repository/aopalliance/aopalliance/1.0/aopalliance-1.0.jar:/home/user/.m2/repository/com/google/inject/extensions/guice-servlet/4.0/guice-servlet-4.0.jar:/home/user/.m2/repository/org/glassfish/jersey/containers/jersey-container-servlet/2.27/jersey-container-servlet-2.27.jar:/home/user/.m2/repository/org/glassfish/hk2/guice-bridge/2.5.0/guice-bridge-2.5.0.jar:/home/user/.m2/repository/org/glassfish/jersey/core/jersey-server/2.27/jersey-server-2.27.jar:/home/user/.m2/repository/org/glassfish/jersey/core/jersey-client/2.27/jersey-client-2.27.jar:/home/user/.m2/repository/org/glassfish/jersey/media/jersey-media-jaxb/2.27/jersey-media-jaxb-2.27.jar:/home/user/.m2/repository/javax/validation/validation-api/1.1.0.Final/validation-api-1.1.0.Final.jar:/home/user/.m2/repository/org/glassfish/jersey/media/jersey-media-json-jackson/2.27/jersey-media-json-jackson-2.27.jar:/home/user/.m2/repository/org/glassfish/jersey/ext/jersey-entity-filtering/2.27/jersey-entity-filtering-2.27.jar:/home/user/.m2/repository/com/google/inject/extensions/guice-assistedinject/4.0/guice-assistedinject-4.0.jar:/home/user/.m2/repository/org/jooq/jooq/3.11.10/jooq-3.11.10.jar:/home/user/.m2/repository/org/jooq/jooq-meta/3.11.10/jooq-meta-3.11.10.jar:/home/user/.m2/repository/org/jooq/jooq-codegen/3.11.10/jooq-codegen-3.11.10.jar:/home/user/.m2/repository/com/jolbox/bonecp/0.8.0.RELEASE/bonecp-0.8.0.RELEASE.jar:/home/user/.m2/repository/org/xerial/sqlite-jdbc/3.25.2/sqlite-jdbc-3.25.2.jar:/home/user/.m2/repository/org/springframework/spring-jdbc/5.1.3.RELEASE/spring-jdbc-5.1.3.RELEASE.jar:/home/user/.m2/repository/org/springframework/spring-beans/5.1.3.RELEASE/spring-beans-5.1.3.RELEASE.jar:/home/user/.m2/repository/org/springframework/spring-core/5.1.3.RELEASE/spring-core-5.1.3.RELEASE.jar:/home/user/.m2/repository/org/springframework/spring-jcl/5.1.3.RELEASE/spring-jcl-5.1.3.RELEASE.jar:/home/user/.m2/repository/org/springframework/spring-tx/5.1.3.RELEASE/spring-tx-5.1.3.RELEASE.jar:/home/user/.m2/repository/org/apache/hadoop/hadoop-ozone-client/0.5.0-SNAPSHOT/hadoop-ozone-client-0.5.0-SNAPSHOT.jar:/home/user/.m2/repository/commons-lang/commons-lang/2.6/commons-lang-2.6.jar:/home/user/.m2/repository/org/apache/hadoop/hadoop-ozone-ozone-manager/0.5.0-SNAPSHOT/hadoop-ozone-ozone-manager-0.5.0-SNAPSHOT-tests.jar:/home/user/.m2/repository/junit/junit/4.11/junit-4.11.jar:/home/user/.m2/repository/org/hamcrest/hamcrest-core/1.3/hamcrest-core-1.3.jar:/home/user/.m2/repository/org/openjdk/jmh/jmh-core/1.19/jmh-core-1.19.jar:/home/user/.m2/repository/net/sf/jopt-simple/jopt-simple/4.6/jopt-simple-4.6.jar:/home/user/.m2/repository/org/apache/commons/commons-math3/3.1.1/commons-math3-3.1.1.jar:/home/user/.m2/repository/org/openjdk/jmh/jmh-generator-annprocess/1.19/jmh-generator-annprocess-1.19.jar:/home/user/.m2/repository/org/mockito/mockito-all/1.8.5/mockito-all-1.8.5.jar:/home/user/.m2/repository/org/apache/hadoop/hadoop-kms/3.2.0/hadoop-kms-3.2.0.jar:/home/user/.m2/repository/org/apache/hadoop/hadoop-auth/3.2.0/hadoop-auth-3.2.0.jar:/home/user/.m2/repository/com/nimbusds/nimbus-jose-jwt/4.41.1/nimbus-jose-jwt-4.41.1.jar:/home/user/.m2/repository/com/github/stephenc/jcip/jcip-annotations/1.0-1/jcip-annotations-1.0-1.jar:/home/user/.m2/repository/net/minidev/json-smart/2.3/json-smart-2.3.jar:/home/user/.m2/repository/net/minidev/accessors-smart/1.2/accessors-smart-1.2.jar:/home/user/.m2/repository/org/ow2/asm/asm/5.0.4/asm-5.0.4.jar:/home/user/.m2/repository/org/apache/curator/curator-framework/2.12.0/curator-framework-2.12.0.jar:/home/user/.m2/repository/com/sun/jersey/jersey-core/1.19/jersey-core-1.19.jar:/home/user/.m2/repository/javax/ws/rs/jsr311-api/1.1.1/jsr311-api-1.1.1.jar:/home/user/.m2/repository/com/sun/jersey/jersey-server/1.19/jersey-server-1.19.jar:/home/user/.m2/repository/javax/servlet/javax.servlet-api/3.1.0/javax.servlet-api-3.1.0.jar:/home/user/.m2/repository/org/eclipse/jetty/jetty-server/9.3.24.v20180605/jetty-server-9.3.24.v20180605.jar:/home/user/.m2/repository/org/eclipse/jetty/jetty-http/9.3.24.v20180605/jetty-http-9.3.24.v20180605.jar:/home/user/.m2/repository/org/eclipse/jetty/jetty-io/9.3.24.v20180605/jetty-io-9.3.24.v20180605.jar:/home/user/.m2/repository/org/eclipse/jetty/jetty-webapp/9.3.24.v20180605/jetty-webapp-9.3.24.v20180605.jar:/home/user/.m2/repository/org/eclipse/jetty/jetty-xml/9.3.24.v20180605/jetty-xml-9.3.24.v20180605.jar:/home/user/.m2/repository/log4j/log4j/1.2.17/log4j-1.2.17.jar:/home/user/.m2/repository/org/slf4j/slf4j-api/1.7.25/slf4j-api-1.7.25.jar:/home/user/.m2/repository/org/slf4j/jul-to-slf4j/1.7.25/jul-to-slf4j-1.7.25.jar:/home/user/.m2/repository/org/eclipse/jetty/jetty-util/9.3.24.v20180605/jetty-util-9.3.24.v20180605.jar:/home/user/.m2/repository/com/fasterxml/jackson/core/jackson-databind/2.9.5/jackson-databind-2.9.5.jar:/home/user/.m2/repository/org/apache/hadoop/hadoop-kms/3.2.0/hadoop-kms-3.2.0-tests.jar:/home/user/.m2/repository/org/apache/hadoop/hadoop-hdds-server-scm/0.5.0-SNAPSHOT/hadoop-hdds-server-scm-0.5.0-SNAPSHOT-tests.jar:/home/user/.m2/repository/org/apache/hadoop/hadoop-hdds-container-service/0.5.0-SNAPSHOT/hadoop-hdds-container-service-0.5.0-SNAPSHOT-tests.jar:/home/user/.m2/repository/org/yaml/snakeyaml/1.16/snakeyaml-1.16.jar:/home/user/.m2/repository/org/apache/hadoop/hadoop-common/3.2.0/hadoop-common-3.2.0-tests.jar:/home/user/.m2/repository/org/apache/hadoop/hadoop-annotations/3.2.0/hadoop-annotations-3.2.0.jar:/usr/lib/jvm/java-1.8-openjdk/jre/../lib/tools.jar:/home/user/.m2/repository/commons-cli/commons-cli/1.2/commons-cli-1.2.jar:/home/user/.m2/repository/org/apache/httpcomponents/httpclient/4.5.2/httpclient-4.5.2.jar:/home/user/.m2/repository/org/apache/httpcomponents/httpcore/4.4.4/httpcore-4.4.4.jar:/home/user/.m2/repository/commons-codec/commons-codec/1.11/commons-codec-1.11.jar:/home/user/.m2/repository/commons-net/commons-net/3.6/commons-net-3.6.jar:/home/user/.m2/repository/commons-collections/commons-collections/3.2.2/commons-collections-3.2.2.jar:/home/user/.m2/repository/org/eclipse/jetty/jetty-servlet/9.3.24.v20180605/jetty-servlet-9.3.24.v20180605.jar:/home/user/.m2/repository/org/eclipse/jetty/jetty-security/9.3.24.v20180605/jetty-security-9.3.24.v20180605.jar:/home/user/.m2/repository/javax/servlet/jsp/jsp-api/2.1/jsp-api-2.1.jar:/home/user/.m2/repository/com/sun/jersey/jersey-servlet/1.19/jersey-servlet-1.19.jar:/home/user/.m2/repository/com/sun/jersey/jersey-json/1.19/jersey-json-1.19.jar:/home/user/.m2/repository/org/codehaus/jettison/jettison/1.1/jettison-1.1.jar:/home/user/.m2/repository/org/codehaus/jackson/jackson-core-asl/1.9.13/jackson-core-asl-1.9.13.jar:/home/user/.m2/repository/org/codehaus/jackson/jackson-mapper-asl/1.9.13/jackson-mapper-asl-1.9.13.jar:/home/user/.m2/repository/org/codehaus/jackson/jackson-jaxrs/1.9.13/jackson-jaxrs-1.9.13.jar:/home/user/.m2/repository/org/codehaus/jackson/jackson-xc/1.9.13/jackson-xc-1.9.13.jar:/home/user/.m2/repository/commons-logging/commons-logging/1.1.3/commons-logging-1.1.3.jar:/home/user/.m2/repository/commons-beanutils/commons-beanutils/1.9.3/commons-beanutils-1.9.3.jar:/home/user/.m2/repository/org/apache/commons/commons-configuration2/2.1.1/commons-configuration2-2.1.1.jar:/home/user/.m2/repository/org/apache/commons/commons-lang3/3.7/commons-lang3-3.7.jar:/home/user/.m2/repository/org/apache/commons/commons-text/1.4/commons-text-1.4.jar:/home/user/.m2/repository/org/apache/avro/avro/1.7.7/avro-1.7.7.jar:/home/user/.m2/repository/com/thoughtworks/paranamer/paranamer/2.3/paranamer-2.3.jar:/home/user/.m2/repository/org/xerial/snappy/snappy-java/1.0.5/snappy-java-1.0.5.jar:/home/user/.m2/repository/com/google/re2j/re2j/1.1/re2j-1.1.jar:/home/user/.m2/repository/com/google/code/gson/gson/2.2.4/gson-2.2.4.jar:/home/user/.m2/repository/com/jcraft/jsch/0.1.54/jsch-0.1.54.jar:/home/user/.m2/repository/org/apache/curator/curator-client/2.12.0/curator-client-2.12.0.jar:/home/user/.m2/repository/org/apache/curator/curator-recipes/2.12.0/curator-recipes-2.12.0.jar:/home/user/.m2/repository/com/google/code/findbugs/jsr305/3.0.0/jsr305-3.0.0.jar:/home/user/.m2/repository/org/apache/htrace/htrace-core4/4.1.0-incubating/htrace-core4-4.1.0-incubating.jar:/home/user/.m2/repository/org/apache/zookeeper/zookeeper/3.4.13/zookeeper-3.4.13.jar:/home/user/.m2/repository/org/apache/yetus/audience-annotations/0.5.0/audience-annotations-0.5.0.jar:/home/user/.m2/repository/org/codehaus/woodstox/stax2-api/3.1.4/stax2-api-3.1.4.jar:/home/user/.m2/repository/com/fasterxml/woodstox/woodstox-core/5.0.3/woodstox-core-5.0.3.jar:/home/user/.m2/repository/dnsjava/dnsjava/2.1.7/dnsjava-2.1.7.jar:/home/user/.m2/repository/org/apache/hadoop/hadoop-hdfs/3.2.0/hadoop-hdfs-3.2.0-tests.jar:/home/user/.m2/repository/org/eclipse/jetty/jetty-util-ajax/9.3.24.v20180605/jetty-util-ajax-9.3.24.v20180605.jar:/home/user/.m2/repository/commons-daemon/commons-daemon/1.0.13/commons-daemon-1.0.13.jar:/home/user/.m2/repository/io/netty/netty/3.10.5.Final/netty-3.10.5.Final.jar:/home/user/.m2/repository/io/netty/netty-all/4.0.52.Final/netty-all-4.0.52.Final.jar:/home/user/.m2/repository/org/fusesource/leveldbjni/leveldbjni-all/1.8/leveldbjni-all-1.8.jar:"/>
    <property name="sun.cpu.endian" value="little"/>
    <property name="user.home" value="/home/user"/>
    <property name="user.language" value="en"/>
    <property name="java.specification.vendor" value="Oracle Corporation"/>
    <property name="java.home" value="/usr/lib/jvm/java-1.8-openjdk/jre"/>
    <property name="java.security.krb5.conf" value="/workdir/hadoop-ozone/integration-test/target/test-classes/krb5.conf"/>
    <property name="basedir" value="/workdir/hadoop-ozone/integration-test"/>
    <property name="file.separator" value="/"/>
    <property name="line.separator" value="&#10;"/>
    <property name="java.vm.specification.vendor" value="Oracle Corporation"/>
    <property name="java.specification.name" value="Java Platform API Specification"/>
    <property name="java.awt.graphicsenv" value="sun.awt.X11GraphicsEnvironment"/>
    <property name="surefire.real.class.path" value="/workdir/hadoop-ozone/integration-test/target/surefire/surefirebooter4884427021741085460.jar"/>
    <property name="hadoop.log.dir" value="/workdir/hadoop-ozone/integration-test/target/log"/>
    <property name="sun.boot.class.path" value="/usr/lib/jvm/java-1.8-openjdk/jre/lib/resources.jar:/usr/lib/jvm/java-1.8-openjdk/jre/lib/rt.jar:/usr/lib/jvm/java-1.8-openjdk/jre/lib/sunrsasign.jar:/usr/lib/jvm/java-1.8-openjdk/jre/lib/jsse.jar:/usr/lib/jvm/java-1.8-openjdk/jre/lib/jce.jar:/usr/lib/jvm/java-1.8-openjdk/jre/lib/charsets.jar:/usr/lib/jvm/java-1.8-openjdk/jre/lib/jfr.jar:/usr/lib/jvm/java-1.8-openjdk/jre/classes"/>
    <property name="sun.management.compiler" value="HotSpot 64-Bit Tiered Compilers"/>
    <property name="java.runtime.version" value="1.8.0_212-b04"/>
    <property name="java.net.preferIPv4Stack" value="true"/>
    <property name="user.name" value="jenkins1000"/>
    <property name="path.separator" value=":"/>
    <property name="java.security.egd" value="file:///dev/urandom"/>
    <property name="os.version" value="3.10.0-957.12.2.el7.x86_64"/>
    <property name="java.endorsed.dirs" value="/usr/lib/jvm/java-1.8-openjdk/jre/lib/endorsed"/>
    <property name="java.runtime.name" value="OpenJDK Runtime Environment"/>
    <property name="file.encoding" value="UTF-8"/>
    <property name="java.vm.name" value="OpenJDK 64-Bit Server VM"/>
    <property name="test.build.webapps" value=""/>
    <property name="localRepository" value="/home/user/.m2/repository"/>
    <property name="java.vendor.url.bug" value="https://icedtea.classpath.org/bugzilla"/>
    <property name="java.io.tmpdir" value="/tmp"/>
    <property name="require.test.libhadoop" value=""/>
    <property name="java.version" value="1.8.0_212"/>
    <property name="user.dir" value="/workdir/hadoop-ozone/integration-test"/>
    <property name="os.arch" value="amd64"/>
    <property name="java.vm.specification.name" value="Java Virtual Machine Specification"/>
    <property name="test.build.classes" value="/workdir/hadoop-ozone/integration-test/target/test-classes"/>
    <property name="java.awt.printerjob" value="sun.print.PSPrinterJob"/>
    <property name="sun.os.patch.level" value="unknown"/>
    <property name="hadoop.tmp.dir" value="/workdir/hadoop-ozone/integration-test/target/tmp"/>
    <property name="java.library.path" value="/usr/lib/jvm/java-1.8-openjdk/jre/lib/amd64/server:/usr/lib/jvm/java-1.8-openjdk/jre/lib/amd64:/usr/lib/jvm/java-1.8-openjdk/jre/../lib/amd64:/workdir/hadoop-ozone/integration-test/target/native/target/usr/local/lib:/workdir/hadoop-ozone/integration-test/../../hadoop-common-project/hadoop-common/target/native/target/usr/local/lib:/usr/java/packages/lib/amd64:/usr/lib64:/lib64:/lib:/usr/lib"/>
    <property name="java.vm.info" value="mixed mode"/>
    <property name="java.vendor" value="IcedTea"/>
    <property name="java.vm.version" value="25.212-b04"/>
    <property name="java.ext.dirs" value="/usr/lib/jvm/java-1.8-openjdk/jre/lib/ext:/usr/java/packages/lib/ext"/>
    <property name="sun.io.unicode.encoding" value="UnicodeLittle"/>
    <property name="java.class.version" value="52.0"/>
  </properties>
  <testcase name="test2DatanodesFailure" classname="org.apache.hadoop.ozone.client.rpc.TestBlockOutputStreamWithFailures" time="107.905"/>
  <testcase name="testDatanodeFailureWithPreAllocation" classname="org.apache.hadoop.ozone.client.rpc.TestBlockOutputStreamWithFailures" time="227.184"/>
  <testcase name="testDatanodeFailureWithSingleNodeRatis" classname="org.apache.hadoop.ozone.client.rpc.TestBlockOutputStreamWithFailures" time="225.193"/>
  <testcase name="testWatchForCommitWithSingleNodeRatis" classname="org.apache.hadoop.ozone.client.rpc.TestBlockOutputStreamWithFailures" time="34.864"/>
  <testcase name="testWatchForCommitDatanodeFailure" classname="org.apache.hadoop.ozone.client.rpc.TestBlockOutputStreamWithFailures" time="42.392">
    <failure message="expected:&lt;2&gt; but was:&lt;3&gt;" type="java.lang.AssertionError"><![CDATA[java.lang.AssertionError: expected:<2> but was:<3>
	at org.junit.Assert.fail(Assert.java:88)
	at org.junit.Assert.failNotEquals(Assert.java:743)
	at org.junit.Assert.assertEquals(Assert.java:118)
	at org.junit.Assert.assertEquals(Assert.java:555)
	at org.junit.Assert.assertEquals(Assert.java:542)
	at org.apache.hadoop.ozone.client.rpc.TestBlockOutputStreamWithFailures.testWatchForCommitDatanodeFailure(TestBlockOutputStreamWithFailures.java:366)
	at sun.reflect.NativeMethodAccessorImpl.invoke0(Native Method)
	at sun.reflect.NativeMethodAccessorImpl.invoke(NativeMethodAccessorImpl.java:62)
	at sun.reflect.DelegatingMethodAccessorImpl.invoke(DelegatingMethodAccessorImpl.java:43)
	at java.lang.reflect.Method.invoke(Method.java:498)
	at org.junit.runners.model.FrameworkMethod$1.runReflectiveCall(FrameworkMethod.java:47)
	at org.junit.internal.runners.model.ReflectiveCallable.run(ReflectiveCallable.java:12)
	at org.junit.runners.model.FrameworkMethod.invokeExplosively(FrameworkMethod.java:44)
	at org.junit.internal.runners.statements.InvokeMethod.evaluate(InvokeMethod.java:17)
	at org.junit.internal.runners.statements.RunBefores.evaluate(RunBefores.java:26)
	at org.junit.internal.runners.statements.RunAfters.evaluate(RunAfters.java:27)
	at org.junit.runners.ParentRunner.runLeaf(ParentRunner.java:271)
	at org.junit.runners.BlockJUnit4ClassRunner.runChild(BlockJUnit4ClassRunner.java:70)
	at org.junit.runners.BlockJUnit4ClassRunner.runChild(BlockJUnit4ClassRunner.java:50)
	at org.junit.runners.ParentRunner$3.run(ParentRunner.java:238)
	at org.junit.runners.ParentRunner$1.schedule(ParentRunner.java:63)
	at org.junit.runners.ParentRunner.runChildren(ParentRunner.java:236)
	at org.junit.runners.ParentRunner.access$000(ParentRunner.java:53)
	at org.junit.runners.ParentRunner$2.evaluate(ParentRunner.java:229)
	at org.junit.runners.ParentRunner.run(ParentRunner.java:309)
	at org.apache.maven.surefire.junit4.JUnit4Provider.execute(JUnit4Provider.java:365)
	at org.apache.maven.surefire.junit4.JUnit4Provider.executeWithRerun(JUnit4Provider.java:273)
	at org.apache.maven.surefire.junit4.JUnit4Provider.executeTestSet(JUnit4Provider.java:238)
	at org.apache.maven.surefire.junit4.JUnit4Provider.invoke(JUnit4Provider.java:159)
	at org.apache.maven.surefire.booter.ForkedBooter.invokeProviderInSameClassLoader(ForkedBooter.java:384)
	at org.apache.maven.surefire.booter.ForkedBooter.runSuitesInProcess(ForkedBooter.java:345)
	at org.apache.maven.surefire.booter.ForkedBooter.execute(ForkedBooter.java:126)
	at org.apache.maven.surefire.booter.ForkedBooter.main(ForkedBooter.java:418)
]]></failure>
    <system-out><![CDATA[2019-08-28 12:08:43,419 [main] WARN  server.ServerUtils (ServerUtils.java:getScmDbDir(145)) - ozone.scm.db.dirs is not configured. We recommend adding this setting. Falling back to ozone.metadata.dirs instead.
2019-08-28 12:08:43,434 [main] WARN  server.ServerUtils (ServerUtils.java:getScmDbDir(145)) - ozone.scm.db.dirs is not configured. We recommend adding this setting. Falling back to ozone.metadata.dirs instead.
2019-08-28 12:08:43,435 [main] WARN  server.ServerUtils (ServerUtils.java:getScmDbDir(145)) - ozone.scm.db.dirs is not configured. We recommend adding this setting. Falling back to ozone.metadata.dirs instead.
2019-08-28 12:08:43,435 [main] INFO  db.DBStoreBuilder (DBStoreBuilder.java:addTable(110)) - using custom profile for table: deletedBlocks
2019-08-28 12:08:43,435 [main] INFO  db.DBStoreBuilder (DBStoreBuilder.java:processTables(161)) - Using default column profile:DBProfile.DISK for Table:deletedBlocks
2019-08-28 12:08:43,435 [main] INFO  db.DBStoreBuilder (DBStoreBuilder.java:addTable(110)) - using custom profile for table: validCerts
2019-08-28 12:08:43,435 [main] INFO  db.DBStoreBuilder (DBStoreBuilder.java:processTables(161)) - Using default column profile:DBProfile.DISK for Table:validCerts
2019-08-28 12:08:43,436 [main] INFO  db.DBStoreBuilder (DBStoreBuilder.java:addTable(110)) - using custom profile for table: revokedCerts
2019-08-28 12:08:43,436 [main] INFO  db.DBStoreBuilder (DBStoreBuilder.java:processTables(161)) - Using default column profile:DBProfile.DISK for Table:revokedCerts
2019-08-28 12:08:43,436 [main] INFO  db.DBStoreBuilder (DBStoreBuilder.java:addTable(110)) - using custom profile for table: default
2019-08-28 12:08:43,436 [main] INFO  db.DBStoreBuilder (DBStoreBuilder.java:processTables(167)) - Using default column profile:DBProfile.DISK for Table:default
2019-08-28 12:08:43,436 [main] INFO  db.DBStoreBuilder (DBStoreBuilder.java:getDbProfile(198)) - Using default options. DBProfile.DISK
2019-08-28 12:08:43,597 [main] INFO  net.NodeSchemaLoader (NodeSchemaLoader.java:loadSchemaFromFile(125)) - Loading file from sun.misc.CompoundEnumeration@60773809
2019-08-28 12:08:43,598 [main] INFO  net.NodeSchemaLoader (NodeSchemaLoader.java:loadSchema(171)) - Loading network topology layer schema file
2019-08-28 12:08:43,605 [main] INFO  node.SCMNodeManager (SCMNodeManager.java:<init>(121)) - Entering startup safe mode.
2019-08-28 12:08:43,606 [main] INFO  algorithms.ContainerPlacementPolicyFactory (ContainerPlacementPolicyFactory.java:getPolicy(55)) - Create container placement policy of type org.apache.hadoop.hdds.scm.container.placement.algorithms.SCMContainerPlacementRandom
2019-08-28 12:08:43,607 [main] WARN  server.ServerUtils (ServerUtils.java:getScmDbDir(145)) - ozone.scm.db.dirs is not configured. We recommend adding this setting. Falling back to ozone.metadata.dirs instead.
2019-08-28 12:08:43,660 [main] INFO  pipeline.SCMPipelineManager (SCMPipelineManager.java:initializePipelineState(126)) - No pipeline exists in current db
2019-08-28 12:08:43,660 [main] WARN  server.ServerUtils (ServerUtils.java:getScmDbDir(145)) - ozone.scm.db.dirs is not configured. We recommend adding this setting. Falling back to ozone.metadata.dirs instead.
2019-08-28 12:08:43,717 [main] WARN  events.EventQueue (EventQueue.java:fireEvent(175)) - No event handler registered for event TypedEvent{payloadType=SafeModeStatus, name='SafeModeStatus'}
2019-08-28 12:08:43,718 [main] INFO  ipc.CallQueueManager (CallQueueManager.java:<init>(84)) - Using callQueue: class java.util.concurrent.LinkedBlockingQueue, queueCapacity: 2000, scheduler: class org.apache.hadoop.ipc.DefaultRpcScheduler, ipcBackoff: false.
2019-08-28 12:08:43,720 [Socket Reader #1 for port 35852] INFO  ipc.Server (Server.java:run(1074)) - Starting Socket Reader #1 for port 35852
2019-08-28 12:08:43,722 [main] INFO  ipc.CallQueueManager (CallQueueManager.java:<init>(84)) - Using callQueue: class java.util.concurrent.LinkedBlockingQueue, queueCapacity: 2000, scheduler: class org.apache.hadoop.ipc.DefaultRpcScheduler, ipcBackoff: false.
2019-08-28 12:08:43,723 [Socket Reader #1 for port 37391] INFO  ipc.Server (Server.java:run(1074)) - Starting Socket Reader #1 for port 37391
2019-08-28 12:08:43,724 [main] INFO  ipc.CallQueueManager (CallQueueManager.java:<init>(84)) - Using callQueue: class java.util.concurrent.LinkedBlockingQueue, queueCapacity: 2000, scheduler: class org.apache.hadoop.ipc.DefaultRpcScheduler, ipcBackoff: false.
2019-08-28 12:08:43,725 [Socket Reader #1 for port 33293] INFO  ipc.Server (Server.java:run(1074)) - Starting Socket Reader #1 for port 33293
2019-08-28 12:08:43,728 [main] INFO  hdfs.DFSUtil (DFSUtil.java:httpServerTemplateForNNAndJN(1641)) - Starting Web-server for scm at: http://0.0.0.0:0
2019-08-28 12:08:43,730 [main] INFO  server.AuthenticationFilter (AuthenticationFilter.java:constructSecretProvider(240)) - Unable to initialize FileSignerSecretProvider, falling back to use random secrets.
2019-08-28 12:08:43,731 [main] WARN  http.HttpRequestLog (HttpRequestLog.java:getRequestLog(97)) - Jetty request log can only be enabled using Log4j
2019-08-28 12:08:43,733 [main] INFO  http.HttpServer2 (HttpServer2.java:addGlobalFilter(975)) - Added global filter 'safety' (class=org.apache.hadoop.http.HttpServer2$QuotingInputFilter)
2019-08-28 12:08:43,734 [main] INFO  http.HttpServer2 (HttpServer2.java:addFilter(948)) - Added filter static_user_filter (class=org.apache.hadoop.http.lib.StaticUserWebFilter$StaticUserFilter) to context scm
2019-08-28 12:08:43,734 [main] INFO  http.HttpServer2 (HttpServer2.java:addFilter(958)) - Added filter static_user_filter (class=org.apache.hadoop.http.lib.StaticUserWebFilter$StaticUserFilter) to context static
2019-08-28 12:08:43,734 [main] INFO  http.HttpServer2 (HttpServer2.java:addFilter(958)) - Added filter static_user_filter (class=org.apache.hadoop.http.lib.StaticUserWebFilter$StaticUserFilter) to context logs
2019-08-28 12:08:43,736 [main] INFO  server.StorageContainerManager (StorageContainerManager.java:start(759)) - StorageContainerLocationProtocol RPC server is listening at /0.0.0.0:33293
2019-08-28 12:08:43,739 [main] WARN  impl.MetricsConfig (MetricsConfig.java:loadFirst(134)) - Cannot locate configuration: tried hadoop-metrics2-storagecontainermanager.properties,hadoop-metrics2.properties
2019-08-28 12:08:43,739 [main] INFO  impl.MetricsSystemImpl (MetricsSystemImpl.java:startTimer(374)) - Scheduled Metric snapshot period at 10 second(s).
2019-08-28 12:08:43,740 [main] INFO  impl.MetricsSystemImpl (MetricsSystemImpl.java:start(191)) - StorageContainerManager metrics system started
2019-08-28 12:08:43,803 [main] INFO  server.SCMClientProtocolServer (SCMClientProtocolServer.java:start(151)) - RPC server for Client  is listening at /0.0.0.0:33293
2019-08-28 12:08:43,804 [IPC Server Responder] INFO  ipc.Server (Server.java:run(1314)) - IPC Server Responder: starting
2019-08-28 12:08:43,804 [IPC Server listener on 33293] INFO  ipc.Server (Server.java:run(1153)) - IPC Server listener on 33293: starting
2019-08-28 12:08:43,807 [main] INFO  server.StorageContainerManager (StorageContainerManager.java:start(769)) - ScmBlockLocationProtocol RPC server is listening at /0.0.0.0:37391
2019-08-28 12:08:43,807 [main] INFO  server.SCMBlockProtocolServer (SCMBlockProtocolServer.java:start(140)) - RPC server for Block Protocol is listening at /0.0.0.0:37391
2019-08-28 12:08:43,808 [IPC Server Responder] INFO  ipc.Server (Server.java:run(1314)) - IPC Server Responder: starting
2019-08-28 12:08:43,808 [IPC Server listener on 37391] INFO  ipc.Server (Server.java:run(1153)) - IPC Server listener on 37391: starting
2019-08-28 12:08:43,811 [main] INFO  server.StorageContainerManager (StorageContainerManager.java:start(773)) - ScmDatanodeProtocl RPC server is listening at /0.0.0.0:35852
2019-08-28 12:08:43,811 [main] INFO  server.SCMDatanodeProtocolServer (SCMDatanodeProtocolServer.java:start(191)) - RPC server for DataNodes is listening at /0.0.0.0:35852
2019-08-28 12:08:43,811 [IPC Server Responder] INFO  ipc.Server (Server.java:run(1314)) - IPC Server Responder: starting
2019-08-28 12:08:43,811 [IPC Server listener on 35852] INFO  ipc.Server (Server.java:run(1153)) - IPC Server listener on 35852: starting
2019-08-28 12:08:43,815 [main] INFO  http.HttpServer2 (HttpServer2.java:bindListener(1191)) - Jetty bound to port 43730
2019-08-28 12:08:43,815 [main] INFO  server.Server (Server.java:doStart(351)) - jetty-9.3.24.v20180605, build timestamp: 2018-06-05T17:11:56Z, git hash: 84205aa28f11a4f31f2a3b86d1bba2cc8ab69827
2019-08-28 12:08:43,817 [main] INFO  handler.ContextHandler (ContextHandler.java:doStart(781)) - Started o.e.j.s.ServletContextHandler@1046aaa4{/logs,file:///workdir/hadoop-ozone/integration-test/target/log,AVAILABLE}
2019-08-28 12:08:43,817 [main] INFO  handler.ContextHandler (ContextHandler.java:doStart(781)) - Started o.e.j.s.ServletContextHandler@32192a69{/static,file:///workdir/hadoop-ozone/integration-test/target/test-classes/webapps/static,AVAILABLE}
2019-08-28 12:08:43,821 [main] INFO  handler.ContextHandler (ContextHandler.java:doStart(781)) - Started o.e.j.w.WebAppContext@64404db6{/,file:///workdir/hadoop-ozone/integration-test/target/test-classes/webapps/scm/,AVAILABLE}{/scm}
2019-08-28 12:08:43,821 [main] INFO  server.AbstractConnector (AbstractConnector.java:doStart(278)) - Started ServerConnector@62f63625{HTTP/1.1,[http/1.1]}{0.0.0.0:43730}
2019-08-28 12:08:43,822 [main] INFO  server.Server (Server.java:doStart(419)) - Started @596184ms
2019-08-28 12:08:43,822 [main] INFO  server.BaseHttpServer (BaseHttpServer.java:updateConnectorAddress(213)) - HTTP server of SCM is listening at http://0.0.0.0:43730
2019-08-28 12:08:43,823 [main] WARN  server.ServerUtils (ServerUtils.java:getDBPath(222)) - ozone.om.db.dirs is not configured. We recommend adding this setting. Falling back to ozone.metadata.dirs instead.
2019-08-28 12:08:43,824 [org.apache.hadoop.util.JvmPauseMonitor$Monitor@4dfbe8c2] INFO  util.JvmPauseMonitor (JvmPauseMonitor.java:run(188)) - Starting JVM pause monitor
2019-08-28 12:08:43,838 [main] WARN  server.ServerUtils (ServerUtils.java:getDBPath(222)) - ozone.om.db.dirs is not configured. We recommend adding this setting. Falling back to ozone.metadata.dirs instead.
2019-08-28 12:08:43,838 [main] WARN  server.ServerUtils (ServerUtils.java:getDBPath(222)) - ozone.om.db.dirs is not configured. We recommend adding this setting. Falling back to ozone.metadata.dirs instead.
2019-08-28 12:08:43,839 [main] INFO  om.OzoneManager (OzoneManager.java:setOMNodeDetails(645)) - OM Service ID is not set. Setting it to the default ID: omServiceIdDefault
2019-08-28 12:08:43,839 [main] INFO  om.OzoneManager (OzoneManager.java:setOMNodeDetails(651)) - OM Node ID is not set. Setting it to the OmStorage's OmID: 1bb9dd05-b49b-40e8-ab8a-df0b4d5f7b83
2019-08-28 12:08:43,839 [main] INFO  om.OzoneManager (OzoneManager.java:loadOMHAConfigs(602)) - Found matching OM address with OMServiceId: null, OMNodeId: null, RPC Address: localhost:0 and Ratis port: 9872
2019-08-28 12:08:43,843 | INFO  | SCMAudit | user=jenkins1000 | ip=192.168.36.80 | op=GET_SCM_INFO null | ret=SUCCESS |  
2019-08-28 12:08:43,846 [main] WARN  server.ServerUtils (ServerUtils.java:getDBPath(222)) - ozone.om.db.dirs is not configured. We recommend adding this setting. Falling back to ozone.metadata.dirs instead.
2019-08-28 12:08:43,846 [main] INFO  db.DBStoreBuilder (DBStoreBuilder.java:addTable(110)) - using custom profile for table: userTable
2019-08-28 12:08:43,846 [main] INFO  db.DBStoreBuilder (DBStoreBuilder.java:processTables(161)) - Using default column profile:DBProfile.DISK for Table:userTable
2019-08-28 12:08:43,847 [main] INFO  db.DBStoreBuilder (DBStoreBuilder.java:addTable(110)) - using custom profile for table: volumeTable
2019-08-28 12:08:43,847 [main] INFO  db.DBStoreBuilder (DBStoreBuilder.java:processTables(161)) - Using default column profile:DBProfile.DISK for Table:volumeTable
2019-08-28 12:08:43,847 [main] INFO  db.DBStoreBuilder (DBStoreBuilder.java:addTable(110)) - using custom profile for table: bucketTable
2019-08-28 12:08:43,848 [main] INFO  db.DBStoreBuilder (DBStoreBuilder.java:processTables(161)) - Using default column profile:DBProfile.DISK for Table:bucketTable
2019-08-28 12:08:43,848 [main] INFO  db.DBStoreBuilder (DBStoreBuilder.java:addTable(110)) - using custom profile for table: keyTable
2019-08-28 12:08:43,848 [main] INFO  db.DBStoreBuilder (DBStoreBuilder.java:processTables(161)) - Using default column profile:DBProfile.DISK for Table:keyTable
2019-08-28 12:08:43,849 [main] INFO  db.DBStoreBuilder (DBStoreBuilder.java:addTable(110)) - using custom profile for table: deletedTable
2019-08-28 12:08:43,849 [main] INFO  db.DBStoreBuilder (DBStoreBuilder.java:processTables(161)) - Using default column profile:DBProfile.DISK for Table:deletedTable
2019-08-28 12:08:43,849 [main] INFO  db.DBStoreBuilder (DBStoreBuilder.java:addTable(110)) - using custom profile for table: openKeyTable
2019-08-28 12:08:43,849 [main] INFO  db.DBStoreBuilder (DBStoreBuilder.java:processTables(161)) - Using default column profile:DBProfile.DISK for Table:openKeyTable
2019-08-28 12:08:43,850 [main] INFO  db.DBStoreBuilder (DBStoreBuilder.java:addTable(110)) - using custom profile for table: s3Table
2019-08-28 12:08:43,850 [main] INFO  db.DBStoreBuilder (DBStoreBuilder.java:processTables(161)) - Using default column profile:DBProfile.DISK for Table:s3Table
2019-08-28 12:08:43,850 [main] INFO  db.DBStoreBuilder (DBStoreBuilder.java:addTable(110)) - using custom profile for table: multipartInfoTable
2019-08-28 12:08:43,850 [main] INFO  db.DBStoreBuilder (DBStoreBuilder.java:processTables(161)) - Using default column profile:DBProfile.DISK for Table:multipartInfoTable
2019-08-28 12:08:43,851 [main] INFO  db.DBStoreBuilder (DBStoreBuilder.java:addTable(110)) - using custom profile for table: dTokenTable
2019-08-28 12:08:43,851 [main] INFO  db.DBStoreBuilder (DBStoreBuilder.java:processTables(161)) - Using default column profile:DBProfile.DISK for Table:dTokenTable
2019-08-28 12:08:43,851 [main] INFO  db.DBStoreBuilder (DBStoreBuilder.java:addTable(110)) - using custom profile for table: s3SecretTable
2019-08-28 12:08:43,851 [main] INFO  db.DBStoreBuilder (DBStoreBuilder.java:processTables(161)) - Using default column profile:DBProfile.DISK for Table:s3SecretTable
2019-08-28 12:08:43,852 [main] INFO  db.DBStoreBuilder (DBStoreBuilder.java:addTable(110)) - using custom profile for table: prefixTable
2019-08-28 12:08:43,852 [main] INFO  db.DBStoreBuilder (DBStoreBuilder.java:processTables(161)) - Using default column profile:DBProfile.DISK for Table:prefixTable
2019-08-28 12:08:43,852 [main] INFO  db.DBStoreBuilder (DBStoreBuilder.java:addTable(110)) - using custom profile for table: default
2019-08-28 12:08:43,853 [main] INFO  db.DBStoreBuilder (DBStoreBuilder.java:processTables(167)) - Using default column profile:DBProfile.DISK for Table:default
2019-08-28 12:08:43,853 [main] INFO  db.DBStoreBuilder (DBStoreBuilder.java:getDbProfile(198)) - Using default options. DBProfile.DISK
2019-08-28 12:08:44,283 [main] INFO  ipc.CallQueueManager (CallQueueManager.java:<init>(84)) - Using callQueue: class java.util.concurrent.LinkedBlockingQueue, queueCapacity: 2000, scheduler: class org.apache.hadoop.ipc.DefaultRpcScheduler, ipcBackoff: false.
2019-08-28 12:08:44,284 [Socket Reader #1 for port 39878] INFO  ipc.Server (Server.java:run(1074)) - Starting Socket Reader #1 for port 39878
2019-08-28 12:08:44,303 [main] INFO  om.OzoneManager (OzoneManager.java:start(1256)) - OzoneManager RPC server is listening at localhost/127.0.0.1:39878
2019-08-28 12:08:44,303 [main] INFO  impl.MetricsSystemImpl (MetricsSystemImpl.java:init(158)) - OzoneManager metrics system started (again)
2019-08-28 12:08:44,304 [IPC Server Responder] INFO  ipc.Server (Server.java:run(1314)) - IPC Server Responder: starting
2019-08-28 12:08:44,304 [IPC Server listener on 39878] INFO  ipc.Server (Server.java:run(1153)) - IPC Server listener on 39878: starting
2019-08-28 12:08:44,311 [main] INFO  hdfs.DFSUtil (DFSUtil.java:httpServerTemplateForNNAndJN(1641)) - Starting Web-server for ozoneManager at: http://0.0.0.0:0
2019-08-28 12:08:44,313 [main] INFO  server.AuthenticationFilter (AuthenticationFilter.java:constructSecretProvider(240)) - Unable to initialize FileSignerSecretProvider, falling back to use random secrets.
2019-08-28 12:08:44,314 [main] WARN  http.HttpRequestLog (HttpRequestLog.java:getRequestLog(97)) - Jetty request log can only be enabled using Log4j
2019-08-28 12:08:44,316 [main] INFO  http.HttpServer2 (HttpServer2.java:addGlobalFilter(975)) - Added global filter 'safety' (class=org.apache.hadoop.http.HttpServer2$QuotingInputFilter)
2019-08-28 12:08:44,317 [main] INFO  http.HttpServer2 (HttpServer2.java:addFilter(948)) - Added filter static_user_filter (class=org.apache.hadoop.http.lib.StaticUserWebFilter$StaticUserFilter) to context ozoneManager
2019-08-28 12:08:44,317 [main] INFO  http.HttpServer2 (HttpServer2.java:addFilter(958)) - Added filter static_user_filter (class=org.apache.hadoop.http.lib.StaticUserWebFilter$StaticUserFilter) to context logs
2019-08-28 12:08:44,317 [main] INFO  http.HttpServer2 (HttpServer2.java:addFilter(958)) - Added filter static_user_filter (class=org.apache.hadoop.http.lib.StaticUserWebFilter$StaticUserFilter) to context static
2019-08-28 12:08:44,318 [main] INFO  http.HttpServer2 (HttpServer2.java:bindListener(1191)) - Jetty bound to port 37791
2019-08-28 12:08:44,319 [main] INFO  server.Server (Server.java:doStart(351)) - jetty-9.3.24.v20180605, build timestamp: 2018-06-05T17:11:56Z, git hash: 84205aa28f11a4f31f2a3b86d1bba2cc8ab69827
2019-08-28 12:08:44,320 [main] INFO  handler.ContextHandler (ContextHandler.java:doStart(781)) - Started o.e.j.s.ServletContextHandler@4ab959e8{/logs,file:///workdir/hadoop-ozone/integration-test/target/log,AVAILABLE}
2019-08-28 12:08:44,321 [main] INFO  handler.ContextHandler (ContextHandler.java:doStart(781)) - Started o.e.j.s.ServletContextHandler@5f910283{/static,file:///workdir/hadoop-ozone/integration-test/target/test-classes/webapps/static,AVAILABLE}
2019-08-28 12:08:44,326 [main] INFO  handler.ContextHandler (ContextHandler.java:doStart(781)) - Started o.e.j.w.WebAppContext@738b93a8{/,file:///workdir/hadoop-ozone/integration-test/target/test-classes/webapps/ozoneManager/,AVAILABLE}{/ozoneManager}
2019-08-28 12:08:44,327 [main] INFO  server.AbstractConnector (AbstractConnector.java:doStart(278)) - Started ServerConnector@1e8c9083{HTTP/1.1,[http/1.1]}{0.0.0.0:37791}
2019-08-28 12:08:44,327 [main] INFO  server.Server (Server.java:doStart(419)) - Started @596690ms
2019-08-28 12:08:44,328 [main] INFO  server.BaseHttpServer (BaseHttpServer.java:updateConnectorAddress(213)) - HTTP server of OZONEMANAGER is listening at http://0.0.0.0:37791
2019-08-28 12:08:44,348 [main] INFO  impl.MetricsSystemImpl (MetricsSystemImpl.java:init(158)) - HddsDatanode metrics system started (again)
2019-08-28 12:08:44,351 [main] INFO  ozone.HddsDatanodeService (HddsDatanodeService.java:start(184)) - HddsDatanodeService host:pr-hdds-1949-gk6t9-2362663429 ip:192.168.36.80
2019-08-28 12:08:44,362 [main] INFO  volume.HddsVolume (HddsVolume.java:<init>(176)) - Creating Volume: /workdir/hadoop-ozone/integration-test/target/test-dir/MiniOzoneClusterImpl-c6369339-b721-4289-b411-c27671099042/datanode-0/data/containers/hdds of  storage type : DISK and capacity : 1482555576320
2019-08-28 12:08:44,363 [main] INFO  volume.VolumeSet (VolumeSet.java:initializeVolumeSet(170)) - Added Volume : /workdir/hadoop-ozone/integration-test/target/test-dir/MiniOzoneClusterImpl-c6369339-b721-4289-b411-c27671099042/datanode-0/data/containers/hdds to VolumeSet
2019-08-28 12:08:44,363 [main] INFO  volume.ThrottledAsyncChecker (ThrottledAsyncChecker.java:schedule(140)) - Scheduling a check for org.apache.hadoop.ozone.container.common.volume.HddsVolume@30ae3c46
2019-08-28 12:08:44,364 [main] INFO  volume.HddsVolumeChecker (HddsVolumeChecker.java:checkAllVolumes(203)) - Scheduled health check for volume org.apache.hadoop.ozone.container.common.volume.HddsVolume@30ae3c46
2019-08-28 12:08:44,379 [main] INFO  impl.RaftServerProxy (ConfUtils.java:logGet(43)) - raft.rpc.type = GRPC (default)
2019-08-28 12:08:44,379 [main] INFO  grpc.GrpcFactory (GrpcFactory.java:checkPooledByteBufAllocatorUseCacheForAllThreads(45)) - PERFORMANCE WARNING: useCacheForAllThreads is true that may cause Netty to create a lot garbage objects and, as a result, trigger GC.
	It is recommended to disable useCacheForAllThreads by setting -Dorg.apache.ratis.thirdparty.io.netty.allocator.useCacheForAllThreads=false in command line.
2019-08-28 12:08:44,380 [main] INFO  grpc.GrpcConfigKeys$Server (ConfUtils.java:logGet(43)) - raft.grpc.server.port = 0 (default)
2019-08-28 12:08:44,380 [main] INFO  server.GrpcService (ConfUtils.java:logGet(43)) - raft.grpc.message.size.max = 33570816 (custom)
2019-08-28 12:08:44,380 [main] INFO  server.RaftServerConfigKeys (ConfUtils.java:logGet(43)) - raft.server.log.appender.buffer.byte-limit = 33554432 (custom)
2019-08-28 12:08:44,381 [main] INFO  server.GrpcService (ConfUtils.java:logGet(43)) - raft.grpc.flow.control.window = 1MB (=1048576) (default)
2019-08-28 12:08:44,381 [main] INFO  server.RaftServerConfigKeys (ConfUtils.java:logGet(43)) - raft.server.rpc.request.timeout = 3000ms (default)
2019-08-28 12:08:44,381 [main] INFO  server.RaftServerConfigKeys (ConfUtils.java:logGet(43)) - raft.server.storage.dir = [/workdir/hadoop-ozone/integration-test/target/test-dir/MiniOzoneClusterImpl-c6369339-b721-4289-b411-c27671099042/datanode-0/data/ratis] (custom)
2019-08-28 12:08:44,382 [main] INFO  replication.SimpleContainerDownloader (SimpleContainerDownloader.java:<init>(72)) - Starting container downloader service to copy containers to replicate.
2019-08-28 12:08:44,384 [main] INFO  hdfs.DFSUtil (DFSUtil.java:httpServerTemplateForNNAndJN(1641)) - Starting Web-server for hddsDatanode at: http://0.0.0.0:0
2019-08-28 12:08:44,386 [main] INFO  server.AuthenticationFilter (AuthenticationFilter.java:constructSecretProvider(240)) - Unable to initialize FileSignerSecretProvider, falling back to use random secrets.
2019-08-28 12:08:44,387 [main] WARN  http.HttpRequestLog (HttpRequestLog.java:getRequestLog(97)) - Jetty request log can only be enabled using Log4j
2019-08-28 12:08:44,391 [main] INFO  http.HttpServer2 (HttpServer2.java:addGlobalFilter(975)) - Added global filter 'safety' (class=org.apache.hadoop.http.HttpServer2$QuotingInputFilter)
2019-08-28 12:08:44,391 [main] INFO  http.HttpServer2 (HttpServer2.java:addFilter(948)) - Added filter static_user_filter (class=org.apache.hadoop.http.lib.StaticUserWebFilter$StaticUserFilter) to context hddsDatanode
2019-08-28 12:08:44,392 [main] INFO  http.HttpServer2 (HttpServer2.java:addFilter(958)) - Added filter static_user_filter (class=org.apache.hadoop.http.lib.StaticUserWebFilter$StaticUserFilter) to context logs
2019-08-28 12:08:44,392 [main] INFO  http.HttpServer2 (HttpServer2.java:addFilter(958)) - Added filter static_user_filter (class=org.apache.hadoop.http.lib.StaticUserWebFilter$StaticUserFilter) to context static
2019-08-28 12:08:44,394 [main] INFO  http.HttpServer2 (HttpServer2.java:bindListener(1191)) - Jetty bound to port 38000
2019-08-28 12:08:44,394 [main] INFO  server.Server (Server.java:doStart(351)) - jetty-9.3.24.v20180605, build timestamp: 2018-06-05T17:11:56Z, git hash: 84205aa28f11a4f31f2a3b86d1bba2cc8ab69827
2019-08-28 12:08:44,405 [main] INFO  handler.ContextHandler (ContextHandler.java:doStart(781)) - Started o.e.j.s.ServletContextHandler@5c883b3f{/logs,file:///workdir/hadoop-ozone/integration-test/target/log,AVAILABLE}
2019-08-28 12:08:44,405 [main] INFO  handler.ContextHandler (ContextHandler.java:doStart(781)) - Started o.e.j.s.ServletContextHandler@6441da2c{/static,jar:file:/home/user/.m2/repository/org/apache/hadoop/hadoop-hdds-container-service/0.5.0-SNAPSHOT/hadoop-hdds-container-service-0.5.0-SNAPSHOT.jar!/webapps/static,AVAILABLE}
2019-08-28 12:08:44,444 [main] INFO  handler.ContextHandler (ContextHandler.java:doStart(781)) - Started o.e.j.w.WebAppContext@7569bc9f{/,file:///tmp/jetty-0.0.0.0-38000-hddsDatanode-_-any-528599713866745729.dir/webapp/,AVAILABLE}{/hddsDatanode}
2019-08-28 12:08:44,445 [main] INFO  server.AbstractConnector (AbstractConnector.java:doStart(278)) - Started ServerConnector@62b8dd6a{HTTP/1.1,[http/1.1]}{0.0.0.0:38000}
2019-08-28 12:08:44,446 [main] INFO  server.Server (Server.java:doStart(419)) - Started @596809ms
2019-08-28 12:08:44,447 [main] INFO  server.BaseHttpServer (BaseHttpServer.java:updateConnectorAddress(213)) - HTTP server of HDDSDATANODE is listening at http://0.0.0.0:38000
2019-08-28 12:08:44,609 | INFO  | ObjectStoreRestHttpServer | Listening HDDS REST traffic on /0.0.0.0:43096 |  
2019-08-28 12:08:44,609 [main] INFO  ozone.HddsDatanodeService (HddsDatanodeService.java:startPlugins(395)) - Started plug-in org.apache.hadoop.ozone.web.OzoneHddsDatanodeService@4ab1693b
2019-08-28 12:08:44,609 [main] INFO  impl.MetricsSystemImpl (MetricsSystemImpl.java:init(158)) - HddsDatanode metrics system started (again)
2019-08-28 12:08:44,612 [org.apache.hadoop.util.JvmPauseMonitor$Monitor@6fe460bd] INFO  util.JvmPauseMonitor (JvmPauseMonitor.java:run(188)) - Starting JVM pause monitor
2019-08-28 12:08:44,612 [main] INFO  ozone.HddsDatanodeService (HddsDatanodeService.java:start(184)) - HddsDatanodeService host:pr-hdds-1949-gk6t9-2362663429 ip:192.168.36.80
2019-08-28 12:08:44,614 [Datanode State Machine Thread - 0] INFO  datanode.InitDatanodeState (InitDatanodeState.java:persistContainerDatanodeDetails(140)) - DatanodeDetails is persisted to /workdir/hadoop-ozone/integration-test/target/test-dir/MiniOzoneClusterImpl-c6369339-b721-4289-b411-c27671099042/datanode-0/meta/datanode.id
2019-08-28 12:08:44,623 [main] INFO  volume.HddsVolume (HddsVolume.java:<init>(176)) - Creating Volume: /workdir/hadoop-ozone/integration-test/target/test-dir/MiniOzoneClusterImpl-c6369339-b721-4289-b411-c27671099042/datanode-1/data/containers/hdds of  storage type : DISK and capacity : 1482555576320
2019-08-28 12:08:44,623 [main] INFO  volume.VolumeSet (VolumeSet.java:initializeVolumeSet(170)) - Added Volume : /workdir/hadoop-ozone/integration-test/target/test-dir/MiniOzoneClusterImpl-c6369339-b721-4289-b411-c27671099042/datanode-1/data/containers/hdds to VolumeSet
2019-08-28 12:08:44,624 [main] INFO  volume.ThrottledAsyncChecker (ThrottledAsyncChecker.java:schedule(140)) - Scheduling a check for org.apache.hadoop.ozone.container.common.volume.HddsVolume@4c140b12
2019-08-28 12:08:44,624 [main] INFO  volume.HddsVolumeChecker (HddsVolumeChecker.java:checkAllVolumes(203)) - Scheduled health check for volume org.apache.hadoop.ozone.container.common.volume.HddsVolume@4c140b12
2019-08-28 12:08:44,641 [main] INFO  impl.RaftServerProxy (ConfUtils.java:logGet(43)) - raft.rpc.type = GRPC (default)
2019-08-28 12:08:44,642 [main] INFO  grpc.GrpcFactory (GrpcFactory.java:checkPooledByteBufAllocatorUseCacheForAllThreads(45)) - PERFORMANCE WARNING: useCacheForAllThreads is true that may cause Netty to create a lot garbage objects and, as a result, trigger GC.
	It is recommended to disable useCacheForAllThreads by setting -Dorg.apache.ratis.thirdparty.io.netty.allocator.useCacheForAllThreads=false in command line.
2019-08-28 12:08:44,642 [main] INFO  grpc.GrpcConfigKeys$Server (ConfUtils.java:logGet(43)) - raft.grpc.server.port = 0 (default)
2019-08-28 12:08:44,642 [main] INFO  server.GrpcService (ConfUtils.java:logGet(43)) - raft.grpc.message.size.max = 33570816 (custom)
2019-08-28 12:08:44,642 [main] INFO  server.RaftServerConfigKeys (ConfUtils.java:logGet(43)) - raft.server.log.appender.buffer.byte-limit = 33554432 (custom)
2019-08-28 12:08:44,642 [main] INFO  server.GrpcService (ConfUtils.java:logGet(43)) - raft.grpc.flow.control.window = 1MB (=1048576) (default)
2019-08-28 12:08:44,643 [main] INFO  server.RaftServerConfigKeys (ConfUtils.java:logGet(43)) - raft.server.rpc.request.timeout = 3000ms (default)
2019-08-28 12:08:44,643 [main] INFO  server.RaftServerConfigKeys (ConfUtils.java:logGet(43)) - raft.server.storage.dir = [/workdir/hadoop-ozone/integration-test/target/test-dir/MiniOzoneClusterImpl-c6369339-b721-4289-b411-c27671099042/datanode-1/data/ratis] (custom)
2019-08-28 12:08:44,643 [main] INFO  replication.SimpleContainerDownloader (SimpleContainerDownloader.java:<init>(72)) - Starting container downloader service to copy containers to replicate.
2019-08-28 12:08:44,645 [main] INFO  hdfs.DFSUtil (DFSUtil.java:httpServerTemplateForNNAndJN(1641)) - Starting Web-server for hddsDatanode at: http://0.0.0.0:0
2019-08-28 12:08:44,647 [main] INFO  server.AuthenticationFilter (AuthenticationFilter.java:constructSecretProvider(240)) - Unable to initialize FileSignerSecretProvider, falling back to use random secrets.
2019-08-28 12:08:44,647 [main] WARN  http.HttpRequestLog (HttpRequestLog.java:getRequestLog(97)) - Jetty request log can only be enabled using Log4j
2019-08-28 12:08:44,649 [main] INFO  http.HttpServer2 (HttpServer2.java:addGlobalFilter(975)) - Added global filter 'safety' (class=org.apache.hadoop.http.HttpServer2$QuotingInputFilter)
2019-08-28 12:08:44,650 [main] INFO  http.HttpServer2 (HttpServer2.java:addFilter(948)) - Added filter static_user_filter (class=org.apache.hadoop.http.lib.StaticUserWebFilter$StaticUserFilter) to context hddsDatanode
2019-08-28 12:08:44,650 [main] INFO  http.HttpServer2 (HttpServer2.java:addFilter(958)) - Added filter static_user_filter (class=org.apache.hadoop.http.lib.StaticUserWebFilter$StaticUserFilter) to context static
2019-08-28 12:08:44,651 [main] INFO  http.HttpServer2 (HttpServer2.java:addFilter(958)) - Added filter static_user_filter (class=org.apache.hadoop.http.lib.StaticUserWebFilter$StaticUserFilter) to context logs
2019-08-28 12:08:44,652 [main] INFO  http.HttpServer2 (HttpServer2.java:bindListener(1191)) - Jetty bound to port 46100
2019-08-28 12:08:44,652 [main] INFO  server.Server (Server.java:doStart(351)) - jetty-9.3.24.v20180605, build timestamp: 2018-06-05T17:11:56Z, git hash: 84205aa28f11a4f31f2a3b86d1bba2cc8ab69827
2019-08-28 12:08:44,654 [main] INFO  handler.ContextHandler (ContextHandler.java:doStart(781)) - Started o.e.j.s.ServletContextHandler@520034a{/logs,file:///workdir/hadoop-ozone/integration-test/target/log,AVAILABLE}
2019-08-28 12:08:44,654 [main] INFO  handler.ContextHandler (ContextHandler.java:doStart(781)) - Started o.e.j.s.ServletContextHandler@6592a73b{/static,jar:file:/home/user/.m2/repository/org/apache/hadoop/hadoop-hdds-container-service/0.5.0-SNAPSHOT/hadoop-hdds-container-service-0.5.0-SNAPSHOT.jar!/webapps/static,AVAILABLE}
2019-08-28 12:08:44,697 [main] INFO  handler.ContextHandler (ContextHandler.java:doStart(781)) - Started o.e.j.w.WebAppContext@1cd4082a{/,file:///tmp/jetty-0.0.0.0-46100-hddsDatanode-_-any-3091786644978578488.dir/webapp/,AVAILABLE}{/hddsDatanode}
2019-08-28 12:08:44,697 [main] INFO  server.AbstractConnector (AbstractConnector.java:doStart(278)) - Started ServerConnector@78c34153{HTTP/1.1,[http/1.1]}{0.0.0.0:46100}
2019-08-28 12:08:44,698 [main] INFO  server.Server (Server.java:doStart(419)) - Started @597061ms
2019-08-28 12:08:44,699 [main] INFO  server.BaseHttpServer (BaseHttpServer.java:updateConnectorAddress(213)) - HTTP server of HDDSDATANODE is listening at http://0.0.0.0:46100
2019-08-28 12:08:44,813 | INFO  | ObjectStoreRestHttpServer | Listening HDDS REST traffic on /0.0.0.0:38580 |  
2019-08-28 12:08:44,813 [main] INFO  ozone.HddsDatanodeService (HddsDatanodeService.java:startPlugins(395)) - Started plug-in org.apache.hadoop.ozone.web.OzoneHddsDatanodeService@5d9639bb
2019-08-28 12:08:44,814 [main] INFO  impl.MetricsSystemImpl (MetricsSystemImpl.java:init(158)) - HddsDatanode metrics system started (again)
2019-08-28 12:08:44,817 [org.apache.hadoop.util.JvmPauseMonitor$Monitor@282b9a] INFO  util.JvmPauseMonitor (JvmPauseMonitor.java:run(188)) - Starting JVM pause monitor
2019-08-28 12:08:44,818 [main] INFO  ozone.HddsDatanodeService (HddsDatanodeService.java:start(184)) - HddsDatanodeService host:pr-hdds-1949-gk6t9-2362663429 ip:192.168.36.80
2019-08-28 12:08:44,818 [Datanode State Machine Thread - 0] INFO  datanode.InitDatanodeState (InitDatanodeState.java:persistContainerDatanodeDetails(140)) - DatanodeDetails is persisted to /workdir/hadoop-ozone/integration-test/target/test-dir/MiniOzoneClusterImpl-c6369339-b721-4289-b411-c27671099042/datanode-1/meta/datanode.id
2019-08-28 12:08:44,829 [main] INFO  volume.HddsVolume (HddsVolume.java:<init>(176)) - Creating Volume: /workdir/hadoop-ozone/integration-test/target/test-dir/MiniOzoneClusterImpl-c6369339-b721-4289-b411-c27671099042/datanode-2/data/containers/hdds of  storage type : DISK and capacity : 1482555576320
2019-08-28 12:08:44,829 [main] INFO  volume.VolumeSet (VolumeSet.java:initializeVolumeSet(170)) - Added Volume : /workdir/hadoop-ozone/integration-test/target/test-dir/MiniOzoneClusterImpl-c6369339-b721-4289-b411-c27671099042/datanode-2/data/containers/hdds to VolumeSet
2019-08-28 12:08:44,830 [main] INFO  volume.ThrottledAsyncChecker (ThrottledAsyncChecker.java:schedule(140)) - Scheduling a check for org.apache.hadoop.ozone.container.common.volume.HddsVolume@2cb4e4b1
2019-08-28 12:08:44,830 [main] INFO  volume.HddsVolumeChecker (HddsVolumeChecker.java:checkAllVolumes(203)) - Scheduled health check for volume org.apache.hadoop.ozone.container.common.volume.HddsVolume@2cb4e4b1
2019-08-28 12:08:44,850 [main] INFO  impl.RaftServerProxy (ConfUtils.java:logGet(43)) - raft.rpc.type = GRPC (default)
2019-08-28 12:08:44,850 [main] INFO  grpc.GrpcFactory (GrpcFactory.java:checkPooledByteBufAllocatorUseCacheForAllThreads(45)) - PERFORMANCE WARNING: useCacheForAllThreads is true that may cause Netty to create a lot garbage objects and, as a result, trigger GC.
	It is recommended to disable useCacheForAllThreads by setting -Dorg.apache.ratis.thirdparty.io.netty.allocator.useCacheForAllThreads=false in command line.
2019-08-28 12:08:44,850 [main] INFO  grpc.GrpcConfigKeys$Server (ConfUtils.java:logGet(43)) - raft.grpc.server.port = 0 (default)
2019-08-28 12:08:44,851 [main] INFO  server.GrpcService (ConfUtils.java:logGet(43)) - raft.grpc.message.size.max = 33570816 (custom)
2019-08-28 12:08:44,851 [main] INFO  server.RaftServerConfigKeys (ConfUtils.java:logGet(43)) - raft.server.log.appender.buffer.byte-limit = 33554432 (custom)
2019-08-28 12:08:44,851 [main] INFO  server.GrpcService (ConfUtils.java:logGet(43)) - raft.grpc.flow.control.window = 1MB (=1048576) (default)
2019-08-28 12:08:44,851 [main] INFO  server.RaftServerConfigKeys (ConfUtils.java:logGet(43)) - raft.server.rpc.request.timeout = 3000ms (default)
2019-08-28 12:08:44,852 [main] INFO  server.RaftServerConfigKeys (ConfUtils.java:logGet(43)) - raft.server.storage.dir = [/workdir/hadoop-ozone/integration-test/target/test-dir/MiniOzoneClusterImpl-c6369339-b721-4289-b411-c27671099042/datanode-2/data/ratis] (custom)
2019-08-28 12:08:44,853 [main] INFO  replication.SimpleContainerDownloader (SimpleContainerDownloader.java:<init>(72)) - Starting container downloader service to copy containers to replicate.
2019-08-28 12:08:44,854 [main] INFO  hdfs.DFSUtil (DFSUtil.java:httpServerTemplateForNNAndJN(1641)) - Starting Web-server for hddsDatanode at: http://0.0.0.0:0
2019-08-28 12:08:44,855 [main] INFO  server.AuthenticationFilter (AuthenticationFilter.java:constructSecretProvider(240)) - Unable to initialize FileSignerSecretProvider, falling back to use random secrets.
2019-08-28 12:08:44,856 [main] WARN  http.HttpRequestLog (HttpRequestLog.java:getRequestLog(97)) - Jetty request log can only be enabled using Log4j
2019-08-28 12:08:44,857 [main] INFO  http.HttpServer2 (HttpServer2.java:addGlobalFilter(975)) - Added global filter 'safety' (class=org.apache.hadoop.http.HttpServer2$QuotingInputFilter)
2019-08-28 12:08:44,857 [main] INFO  http.HttpServer2 (HttpServer2.java:addFilter(948)) - Added filter static_user_filter (class=org.apache.hadoop.http.lib.StaticUserWebFilter$StaticUserFilter) to context hddsDatanode
2019-08-28 12:08:44,857 [main] INFO  http.HttpServer2 (HttpServer2.java:addFilter(958)) - Added filter static_user_filter (class=org.apache.hadoop.http.lib.StaticUserWebFilter$StaticUserFilter) to context logs
2019-08-28 12:08:44,857 [main] INFO  http.HttpServer2 (HttpServer2.java:addFilter(958)) - Added filter static_user_filter (class=org.apache.hadoop.http.lib.StaticUserWebFilter$StaticUserFilter) to context static
2019-08-28 12:08:44,858 [main] INFO  http.HttpServer2 (HttpServer2.java:bindListener(1191)) - Jetty bound to port 38648
2019-08-28 12:08:44,858 [main] INFO  server.Server (Server.java:doStart(351)) - jetty-9.3.24.v20180605, build timestamp: 2018-06-05T17:11:56Z, git hash: 84205aa28f11a4f31f2a3b86d1bba2cc8ab69827
2019-08-28 12:08:44,859 [main] INFO  handler.ContextHandler (ContextHandler.java:doStart(781)) - Started o.e.j.s.ServletContextHandler@4f9191c1{/logs,file:///workdir/hadoop-ozone/integration-test/target/log,AVAILABLE}
2019-08-28 12:08:44,860 [main] INFO  handler.ContextHandler (ContextHandler.java:doStart(781)) - Started o.e.j.s.ServletContextHandler@2c69ea30{/static,jar:file:/home/user/.m2/repository/org/apache/hadoop/hadoop-hdds-container-service/0.5.0-SNAPSHOT/hadoop-hdds-container-service-0.5.0-SNAPSHOT.jar!/webapps/static,AVAILABLE}
2019-08-28 12:08:45,154 [main] INFO  handler.ContextHandler (ContextHandler.java:doStart(781)) - Started o.e.j.w.WebAppContext@5a513627{/,file:///tmp/jetty-0.0.0.0-38648-hddsDatanode-_-any-7920895076977584474.dir/webapp/,AVAILABLE}{/hddsDatanode}
2019-08-28 12:08:45,167 [main] INFO  server.AbstractConnector (AbstractConnector.java:doStart(278)) - Started ServerConnector@41413c5a{HTTP/1.1,[http/1.1]}{0.0.0.0:38648}
2019-08-28 12:08:45,169 [main] INFO  server.Server (Server.java:doStart(419)) - Started @597531ms
2019-08-28 12:08:45,169 [main] INFO  server.BaseHttpServer (BaseHttpServer.java:updateConnectorAddress(213)) - HTTP server of HDDSDATANODE is listening at http://0.0.0.0:38648
2019-08-28 12:08:45,317 | INFO  | ObjectStoreRestHttpServer | Listening HDDS REST traffic on /0.0.0.0:41476 |  
2019-08-28 12:08:45,317 [main] INFO  ozone.HddsDatanodeService (HddsDatanodeService.java:startPlugins(395)) - Started plug-in org.apache.hadoop.ozone.web.OzoneHddsDatanodeService@6915b614
2019-08-28 12:08:45,318 [main] INFO  impl.MetricsSystemImpl (MetricsSystemImpl.java:init(158)) - HddsDatanode metrics system started (again)
2019-08-28 12:08:45,320 [org.apache.hadoop.util.JvmPauseMonitor$Monitor@ce11fa7] INFO  util.JvmPauseMonitor (JvmPauseMonitor.java:run(188)) - Starting JVM pause monitor
2019-08-28 12:08:45,321 [main] INFO  ozone.HddsDatanodeService (HddsDatanodeService.java:start(184)) - HddsDatanodeService host:pr-hdds-1949-gk6t9-2362663429 ip:192.168.36.80
2019-08-28 12:08:45,321 [Datanode State Machine Thread - 0] INFO  datanode.InitDatanodeState (InitDatanodeState.java:persistContainerDatanodeDetails(140)) - DatanodeDetails is persisted to /workdir/hadoop-ozone/integration-test/target/test-dir/MiniOzoneClusterImpl-c6369339-b721-4289-b411-c27671099042/datanode-2/meta/datanode.id
2019-08-28 12:08:45,330 [main] INFO  volume.HddsVolume (HddsVolume.java:<init>(176)) - Creating Volume: /workdir/hadoop-ozone/integration-test/target/test-dir/MiniOzoneClusterImpl-c6369339-b721-4289-b411-c27671099042/datanode-3/data/containers/hdds of  storage type : DISK and capacity : 1482555576320
2019-08-28 12:08:45,331 [main] INFO  volume.VolumeSet (VolumeSet.java:initializeVolumeSet(170)) - Added Volume : /workdir/hadoop-ozone/integration-test/target/test-dir/MiniOzoneClusterImpl-c6369339-b721-4289-b411-c27671099042/datanode-3/data/containers/hdds to VolumeSet
2019-08-28 12:08:45,331 [main] INFO  volume.ThrottledAsyncChecker (ThrottledAsyncChecker.java:schedule(140)) - Scheduling a check for org.apache.hadoop.ozone.container.common.volume.HddsVolume@5b256ab5
2019-08-28 12:08:45,332 [main] INFO  volume.HddsVolumeChecker (HddsVolumeChecker.java:checkAllVolumes(203)) - Scheduled health check for volume org.apache.hadoop.ozone.container.common.volume.HddsVolume@5b256ab5
2019-08-28 12:08:45,350 [main] INFO  impl.RaftServerProxy (ConfUtils.java:logGet(43)) - raft.rpc.type = GRPC (default)
2019-08-28 12:08:45,350 [main] INFO  grpc.GrpcFactory (GrpcFactory.java:checkPooledByteBufAllocatorUseCacheForAllThreads(45)) - PERFORMANCE WARNING: useCacheForAllThreads is true that may cause Netty to create a lot garbage objects and, as a result, trigger GC.
	It is recommended to disable useCacheForAllThreads by setting -Dorg.apache.ratis.thirdparty.io.netty.allocator.useCacheForAllThreads=false in command line.
2019-08-28 12:08:45,350 [main] INFO  grpc.GrpcConfigKeys$Server (ConfUtils.java:logGet(43)) - raft.grpc.server.port = 0 (default)
2019-08-28 12:08:45,350 [main] INFO  server.GrpcService (ConfUtils.java:logGet(43)) - raft.grpc.message.size.max = 33570816 (custom)
2019-08-28 12:08:45,351 [main] INFO  server.RaftServerConfigKeys (ConfUtils.java:logGet(43)) - raft.server.log.appender.buffer.byte-limit = 33554432 (custom)
2019-08-28 12:08:45,351 [main] INFO  server.GrpcService (ConfUtils.java:logGet(43)) - raft.grpc.flow.control.window = 1MB (=1048576) (default)
2019-08-28 12:08:45,351 [main] INFO  server.RaftServerConfigKeys (ConfUtils.java:logGet(43)) - raft.server.rpc.request.timeout = 3000ms (default)
2019-08-28 12:08:45,352 [main] INFO  server.RaftServerConfigKeys (ConfUtils.java:logGet(43)) - raft.server.storage.dir = [/workdir/hadoop-ozone/integration-test/target/test-dir/MiniOzoneClusterImpl-c6369339-b721-4289-b411-c27671099042/datanode-3/data/ratis] (custom)
2019-08-28 12:08:45,352 [main] INFO  replication.SimpleContainerDownloader (SimpleContainerDownloader.java:<init>(72)) - Starting container downloader service to copy containers to replicate.
2019-08-28 12:08:45,353 [main] INFO  hdfs.DFSUtil (DFSUtil.java:httpServerTemplateForNNAndJN(1641)) - Starting Web-server for hddsDatanode at: http://0.0.0.0:0
2019-08-28 12:08:45,355 [main] INFO  server.AuthenticationFilter (AuthenticationFilter.java:constructSecretProvider(240)) - Unable to initialize FileSignerSecretProvider, falling back to use random secrets.
2019-08-28 12:08:45,355 [main] WARN  http.HttpRequestLog (HttpRequestLog.java:getRequestLog(97)) - Jetty request log can only be enabled using Log4j
2019-08-28 12:08:45,357 [main] INFO  http.HttpServer2 (HttpServer2.java:addGlobalFilter(975)) - Added global filter 'safety' (class=org.apache.hadoop.http.HttpServer2$QuotingInputFilter)
2019-08-28 12:08:45,358 [main] INFO  http.HttpServer2 (HttpServer2.java:addFilter(948)) - Added filter static_user_filter (class=org.apache.hadoop.http.lib.StaticUserWebFilter$StaticUserFilter) to context hddsDatanode
2019-08-28 12:08:45,358 [main] INFO  http.HttpServer2 (HttpServer2.java:addFilter(958)) - Added filter static_user_filter (class=org.apache.hadoop.http.lib.StaticUserWebFilter$StaticUserFilter) to context static
2019-08-28 12:08:45,358 [main] INFO  http.HttpServer2 (HttpServer2.java:addFilter(958)) - Added filter static_user_filter (class=org.apache.hadoop.http.lib.StaticUserWebFilter$StaticUserFilter) to context logs
2019-08-28 12:08:45,359 [main] INFO  http.HttpServer2 (HttpServer2.java:bindListener(1191)) - Jetty bound to port 45875
2019-08-28 12:08:45,359 [main] INFO  server.Server (Server.java:doStart(351)) - jetty-9.3.24.v20180605, build timestamp: 2018-06-05T17:11:56Z, git hash: 84205aa28f11a4f31f2a3b86d1bba2cc8ab69827
2019-08-28 12:08:45,360 [main] INFO  handler.ContextHandler (ContextHandler.java:doStart(781)) - Started o.e.j.s.ServletContextHandler@2ff4d61b{/logs,file:///workdir/hadoop-ozone/integration-test/target/log,AVAILABLE}
2019-08-28 12:08:45,361 [main] INFO  handler.ContextHandler (ContextHandler.java:doStart(781)) - Started o.e.j.s.ServletContextHandler@402fcf14{/static,jar:file:/home/user/.m2/repository/org/apache/hadoop/hadoop-hdds-container-service/0.5.0-SNAPSHOT/hadoop-hdds-container-service-0.5.0-SNAPSHOT.jar!/webapps/static,AVAILABLE}
2019-08-28 12:08:45,398 [main] INFO  handler.ContextHandler (ContextHandler.java:doStart(781)) - Started o.e.j.w.WebAppContext@2527765a{/,file:///tmp/jetty-0.0.0.0-45875-hddsDatanode-_-any-8312468624879777512.dir/webapp/,AVAILABLE}{/hddsDatanode}
2019-08-28 12:08:45,399 [main] INFO  server.AbstractConnector (AbstractConnector.java:doStart(278)) - Started ServerConnector@6ea4b4b2{HTTP/1.1,[http/1.1]}{0.0.0.0:45875}
2019-08-28 12:08:45,401 [main] INFO  server.Server (Server.java:doStart(419)) - Started @597763ms
2019-08-28 12:08:45,401 [main] INFO  server.BaseHttpServer (BaseHttpServer.java:updateConnectorAddress(213)) - HTTP server of HDDSDATANODE is listening at http://0.0.0.0:45875
2019-08-28 12:08:45,537 | INFO  | ObjectStoreRestHttpServer | Listening HDDS REST traffic on /0.0.0.0:46122 |  
2019-08-28 12:08:45,537 [main] INFO  ozone.HddsDatanodeService (HddsDatanodeService.java:startPlugins(395)) - Started plug-in org.apache.hadoop.ozone.web.OzoneHddsDatanodeService@4dc10682
2019-08-28 12:08:45,537 [main] INFO  impl.MetricsSystemImpl (MetricsSystemImpl.java:init(158)) - HddsDatanode metrics system started (again)
2019-08-28 12:08:45,541 [main] INFO  ozone.HddsDatanodeService (HddsDatanodeService.java:start(184)) - HddsDatanodeService host:pr-hdds-1949-gk6t9-2362663429 ip:192.168.36.80
2019-08-28 12:08:45,541 [org.apache.hadoop.util.JvmPauseMonitor$Monitor@445cdc9c] INFO  util.JvmPauseMonitor (JvmPauseMonitor.java:run(188)) - Starting JVM pause monitor
2019-08-28 12:08:45,542 [Datanode State Machine Thread - 0] INFO  datanode.InitDatanodeState (InitDatanodeState.java:persistContainerDatanodeDetails(140)) - DatanodeDetails is persisted to /workdir/hadoop-ozone/integration-test/target/test-dir/MiniOzoneClusterImpl-c6369339-b721-4289-b411-c27671099042/datanode-3/meta/datanode.id
2019-08-28 12:08:45,552 [main] INFO  volume.HddsVolume (HddsVolume.java:<init>(176)) - Creating Volume: /workdir/hadoop-ozone/integration-test/target/test-dir/MiniOzoneClusterImpl-c6369339-b721-4289-b411-c27671099042/datanode-4/data/containers/hdds of  storage type : DISK and capacity : 1482555576320
2019-08-28 12:08:45,553 [main] INFO  volume.VolumeSet (VolumeSet.java:initializeVolumeSet(170)) - Added Volume : /workdir/hadoop-ozone/integration-test/target/test-dir/MiniOzoneClusterImpl-c6369339-b721-4289-b411-c27671099042/datanode-4/data/containers/hdds to VolumeSet
2019-08-28 12:08:45,553 [main] INFO  volume.ThrottledAsyncChecker (ThrottledAsyncChecker.java:schedule(140)) - Scheduling a check for org.apache.hadoop.ozone.container.common.volume.HddsVolume@2b0df4ba
2019-08-28 12:08:45,553 [main] INFO  volume.HddsVolumeChecker (HddsVolumeChecker.java:checkAllVolumes(203)) - Scheduled health check for volume org.apache.hadoop.ozone.container.common.volume.HddsVolume@2b0df4ba
2019-08-28 12:08:45,566 [main] INFO  impl.RaftServerProxy (ConfUtils.java:logGet(43)) - raft.rpc.type = GRPC (default)
2019-08-28 12:08:45,567 [main] INFO  grpc.GrpcFactory (GrpcFactory.java:checkPooledByteBufAllocatorUseCacheForAllThreads(45)) - PERFORMANCE WARNING: useCacheForAllThreads is true that may cause Netty to create a lot garbage objects and, as a result, trigger GC.
	It is recommended to disable useCacheForAllThreads by setting -Dorg.apache.ratis.thirdparty.io.netty.allocator.useCacheForAllThreads=false in command line.
2019-08-28 12:08:45,567 [main] INFO  grpc.GrpcConfigKeys$Server (ConfUtils.java:logGet(43)) - raft.grpc.server.port = 0 (default)
2019-08-28 12:08:45,567 [main] INFO  server.GrpcService (ConfUtils.java:logGet(43)) - raft.grpc.message.size.max = 33570816 (custom)
2019-08-28 12:08:45,567 [main] INFO  server.RaftServerConfigKeys (ConfUtils.java:logGet(43)) - raft.server.log.appender.buffer.byte-limit = 33554432 (custom)
2019-08-28 12:08:45,567 [main] INFO  server.GrpcService (ConfUtils.java:logGet(43)) - raft.grpc.flow.control.window = 1MB (=1048576) (default)
2019-08-28 12:08:45,567 [main] INFO  server.RaftServerConfigKeys (ConfUtils.java:logGet(43)) - raft.server.rpc.request.timeout = 3000ms (default)
2019-08-28 12:08:45,568 [main] INFO  server.RaftServerConfigKeys (ConfUtils.java:logGet(43)) - raft.server.storage.dir = [/workdir/hadoop-ozone/integration-test/target/test-dir/MiniOzoneClusterImpl-c6369339-b721-4289-b411-c27671099042/datanode-4/data/ratis] (custom)
2019-08-28 12:08:45,568 [main] INFO  replication.SimpleContainerDownloader (SimpleContainerDownloader.java:<init>(72)) - Starting container downloader service to copy containers to replicate.
2019-08-28 12:08:45,569 [main] INFO  hdfs.DFSUtil (DFSUtil.java:httpServerTemplateForNNAndJN(1641)) - Starting Web-server for hddsDatanode at: http://0.0.0.0:0
2019-08-28 12:08:45,570 [main] INFO  server.AuthenticationFilter (AuthenticationFilter.java:constructSecretProvider(240)) - Unable to initialize FileSignerSecretProvider, falling back to use random secrets.
2019-08-28 12:08:45,571 [main] WARN  http.HttpRequestLog (HttpRequestLog.java:getRequestLog(97)) - Jetty request log can only be enabled using Log4j
2019-08-28 12:08:45,572 [main] INFO  http.HttpServer2 (HttpServer2.java:addGlobalFilter(975)) - Added global filter 'safety' (class=org.apache.hadoop.http.HttpServer2$QuotingInputFilter)
2019-08-28 12:08:45,572 [main] INFO  http.HttpServer2 (HttpServer2.java:addFilter(948)) - Added filter static_user_filter (class=org.apache.hadoop.http.lib.StaticUserWebFilter$StaticUserFilter) to context hddsDatanode
2019-08-28 12:08:45,573 [main] INFO  http.HttpServer2 (HttpServer2.java:addFilter(958)) - Added filter static_user_filter (class=org.apache.hadoop.http.lib.StaticUserWebFilter$StaticUserFilter) to context logs
2019-08-28 12:08:45,573 [main] INFO  http.HttpServer2 (HttpServer2.java:addFilter(958)) - Added filter static_user_filter (class=org.apache.hadoop.http.lib.StaticUserWebFilter$StaticUserFilter) to context static
2019-08-28 12:08:45,573 [main] INFO  http.HttpServer2 (HttpServer2.java:bindListener(1191)) - Jetty bound to port 43273
2019-08-28 12:08:45,573 [main] INFO  server.Server (Server.java:doStart(351)) - jetty-9.3.24.v20180605, build timestamp: 2018-06-05T17:11:56Z, git hash: 84205aa28f11a4f31f2a3b86d1bba2cc8ab69827
2019-08-28 12:08:45,575 [main] INFO  handler.ContextHandler (ContextHandler.java:doStart(781)) - Started o.e.j.s.ServletContextHandler@500e995b{/logs,file:///workdir/hadoop-ozone/integration-test/target/log,AVAILABLE}
2019-08-28 12:08:45,575 [main] INFO  handler.ContextHandler (ContextHandler.java:doStart(781)) - Started o.e.j.s.ServletContextHandler@49de2cc4{/static,jar:file:/home/user/.m2/repository/org/apache/hadoop/hadoop-hdds-container-service/0.5.0-SNAPSHOT/hadoop-hdds-container-service-0.5.0-SNAPSHOT.jar!/webapps/static,AVAILABLE}
2019-08-28 12:08:45,620 [main] INFO  handler.ContextHandler (ContextHandler.java:doStart(781)) - Started o.e.j.w.WebAppContext@4e293c35{/,file:///tmp/jetty-0.0.0.0-43273-hddsDatanode-_-any-6842311103409359833.dir/webapp/,AVAILABLE}{/hddsDatanode}
2019-08-28 12:08:45,620 [main] INFO  server.AbstractConnector (AbstractConnector.java:doStart(278)) - Started ServerConnector@718198db{HTTP/1.1,[http/1.1]}{0.0.0.0:43273}
2019-08-28 12:08:45,620 [main] INFO  server.Server (Server.java:doStart(419)) - Started @597983ms
2019-08-28 12:08:45,623 [main] INFO  server.BaseHttpServer (BaseHttpServer.java:updateConnectorAddress(213)) - HTTP server of HDDSDATANODE is listening at http://0.0.0.0:43273
2019-08-28 12:08:45,774 | INFO  | ObjectStoreRestHttpServer | Listening HDDS REST traffic on /0.0.0.0:33656 |  
2019-08-28 12:08:45,774 [main] INFO  ozone.HddsDatanodeService (HddsDatanodeService.java:startPlugins(395)) - Started plug-in org.apache.hadoop.ozone.web.OzoneHddsDatanodeService@309d9033
2019-08-28 12:08:45,774 [main] INFO  impl.MetricsSystemImpl (MetricsSystemImpl.java:init(158)) - HddsDatanode metrics system started (again)
2019-08-28 12:08:45,777 [org.apache.hadoop.util.JvmPauseMonitor$Monitor@5e924cd0] INFO  util.JvmPauseMonitor (JvmPauseMonitor.java:run(188)) - Starting JVM pause monitor
2019-08-28 12:08:45,778 [main] INFO  ozone.HddsDatanodeService (HddsDatanodeService.java:start(184)) - HddsDatanodeService host:pr-hdds-1949-gk6t9-2362663429 ip:192.168.36.80
2019-08-28 12:08:45,779 [Datanode State Machine Thread - 0] INFO  datanode.InitDatanodeState (InitDatanodeState.java:persistContainerDatanodeDetails(140)) - DatanodeDetails is persisted to /workdir/hadoop-ozone/integration-test/target/test-dir/MiniOzoneClusterImpl-c6369339-b721-4289-b411-c27671099042/datanode-4/meta/datanode.id
2019-08-28 12:08:45,788 [main] INFO  volume.HddsVolume (HddsVolume.java:<init>(176)) - Creating Volume: /workdir/hadoop-ozone/integration-test/target/test-dir/MiniOzoneClusterImpl-c6369339-b721-4289-b411-c27671099042/datanode-5/data/containers/hdds of  storage type : DISK and capacity : 1482555576320
2019-08-28 12:08:45,788 [main] INFO  volume.VolumeSet (VolumeSet.java:initializeVolumeSet(170)) - Added Volume : /workdir/hadoop-ozone/integration-test/target/test-dir/MiniOzoneClusterImpl-c6369339-b721-4289-b411-c27671099042/datanode-5/data/containers/hdds to VolumeSet
2019-08-28 12:08:45,789 [main] INFO  volume.ThrottledAsyncChecker (ThrottledAsyncChecker.java:schedule(140)) - Scheduling a check for org.apache.hadoop.ozone.container.common.volume.HddsVolume@7ec63b9a
2019-08-28 12:08:45,789 [main] INFO  volume.HddsVolumeChecker (HddsVolumeChecker.java:checkAllVolumes(203)) - Scheduled health check for volume org.apache.hadoop.ozone.container.common.volume.HddsVolume@7ec63b9a
2019-08-28 12:08:45,802 [main] INFO  impl.RaftServerProxy (ConfUtils.java:logGet(43)) - raft.rpc.type = GRPC (default)
2019-08-28 12:08:45,803 [main] INFO  grpc.GrpcFactory (GrpcFactory.java:checkPooledByteBufAllocatorUseCacheForAllThreads(45)) - PERFORMANCE WARNING: useCacheForAllThreads is true that may cause Netty to create a lot garbage objects and, as a result, trigger GC.
	It is recommended to disable useCacheForAllThreads by setting -Dorg.apache.ratis.thirdparty.io.netty.allocator.useCacheForAllThreads=false in command line.
2019-08-28 12:08:45,803 [main] INFO  grpc.GrpcConfigKeys$Server (ConfUtils.java:logGet(43)) - raft.grpc.server.port = 0 (default)
2019-08-28 12:08:45,803 [main] INFO  server.GrpcService (ConfUtils.java:logGet(43)) - raft.grpc.message.size.max = 33570816 (custom)
2019-08-28 12:08:45,803 [main] INFO  server.RaftServerConfigKeys (ConfUtils.java:logGet(43)) - raft.server.log.appender.buffer.byte-limit = 33554432 (custom)
2019-08-28 12:08:45,803 [main] INFO  server.GrpcService (ConfUtils.java:logGet(43)) - raft.grpc.flow.control.window = 1MB (=1048576) (default)
2019-08-28 12:08:45,803 [main] INFO  server.RaftServerConfigKeys (ConfUtils.java:logGet(43)) - raft.server.rpc.request.timeout = 3000ms (default)
2019-08-28 12:08:45,804 [main] INFO  server.RaftServerConfigKeys (ConfUtils.java:logGet(43)) - raft.server.storage.dir = [/workdir/hadoop-ozone/integration-test/target/test-dir/MiniOzoneClusterImpl-c6369339-b721-4289-b411-c27671099042/datanode-5/data/ratis] (custom)
2019-08-28 12:08:45,804 [main] INFO  replication.SimpleContainerDownloader (SimpleContainerDownloader.java:<init>(72)) - Starting container downloader service to copy containers to replicate.
2019-08-28 12:08:45,805 [main] INFO  hdfs.DFSUtil (DFSUtil.java:httpServerTemplateForNNAndJN(1641)) - Starting Web-server for hddsDatanode at: http://0.0.0.0:0
2019-08-28 12:08:45,806 [main] INFO  server.AuthenticationFilter (AuthenticationFilter.java:constructSecretProvider(240)) - Unable to initialize FileSignerSecretProvider, falling back to use random secrets.
2019-08-28 12:08:45,806 [main] WARN  http.HttpRequestLog (HttpRequestLog.java:getRequestLog(97)) - Jetty request log can only be enabled using Log4j
2019-08-28 12:08:45,808 [main] INFO  http.HttpServer2 (HttpServer2.java:addGlobalFilter(975)) - Added global filter 'safety' (class=org.apache.hadoop.http.HttpServer2$QuotingInputFilter)
2019-08-28 12:08:45,808 [main] INFO  http.HttpServer2 (HttpServer2.java:addFilter(948)) - Added filter static_user_filter (class=org.apache.hadoop.http.lib.StaticUserWebFilter$StaticUserFilter) to context hddsDatanode
2019-08-28 12:08:45,808 [main] INFO  http.HttpServer2 (HttpServer2.java:addFilter(958)) - Added filter static_user_filter (class=org.apache.hadoop.http.lib.StaticUserWebFilter$StaticUserFilter) to context static
2019-08-28 12:08:45,808 [main] INFO  http.HttpServer2 (HttpServer2.java:addFilter(958)) - Added filter static_user_filter (class=org.apache.hadoop.http.lib.StaticUserWebFilter$StaticUserFilter) to context logs
2019-08-28 12:08:45,809 [main] INFO  http.HttpServer2 (HttpServer2.java:bindListener(1191)) - Jetty bound to port 34842
2019-08-28 12:08:45,809 [main] INFO  server.Server (Server.java:doStart(351)) - jetty-9.3.24.v20180605, build timestamp: 2018-06-05T17:11:56Z, git hash: 84205aa28f11a4f31f2a3b86d1bba2cc8ab69827
2019-08-28 12:08:45,810 [main] INFO  handler.ContextHandler (ContextHandler.java:doStart(781)) - Started o.e.j.s.ServletContextHandler@1b9785aa{/logs,file:///workdir/hadoop-ozone/integration-test/target/log,AVAILABLE}
2019-08-28 12:08:45,811 [main] INFO  handler.ContextHandler (ContextHandler.java:doStart(781)) - Started o.e.j.s.ServletContextHandler@6193a9e2{/static,jar:file:/home/user/.m2/repository/org/apache/hadoop/hadoop-hdds-container-service/0.5.0-SNAPSHOT/hadoop-hdds-container-service-0.5.0-SNAPSHOT.jar!/webapps/static,AVAILABLE}
2019-08-28 12:08:45,840 [main] INFO  handler.ContextHandler (ContextHandler.java:doStart(781)) - Started o.e.j.w.WebAppContext@51cf17e8{/,file:///tmp/jetty-0.0.0.0-34842-hddsDatanode-_-any-226439449197236165.dir/webapp/,AVAILABLE}{/hddsDatanode}
2019-08-28 12:08:45,840 [main] INFO  server.AbstractConnector (AbstractConnector.java:doStart(278)) - Started ServerConnector@7abeaed0{HTTP/1.1,[http/1.1]}{0.0.0.0:34842}
2019-08-28 12:08:45,840 [main] INFO  server.Server (Server.java:doStart(419)) - Started @598203ms
2019-08-28 12:08:45,842 [main] INFO  server.BaseHttpServer (BaseHttpServer.java:updateConnectorAddress(213)) - HTTP server of HDDSDATANODE is listening at http://0.0.0.0:34842
2019-08-28 12:08:45,982 | INFO  | ObjectStoreRestHttpServer | Listening HDDS REST traffic on /0.0.0.0:42217 |  
2019-08-28 12:08:45,982 [main] INFO  ozone.HddsDatanodeService (HddsDatanodeService.java:startPlugins(395)) - Started plug-in org.apache.hadoop.ozone.web.OzoneHddsDatanodeService@2ab0ca04
2019-08-28 12:08:45,982 [main] INFO  impl.MetricsSystemImpl (MetricsSystemImpl.java:init(158)) - HddsDatanode metrics system started (again)
2019-08-28 12:08:45,986 [org.apache.hadoop.util.JvmPauseMonitor$Monitor@494520d7] INFO  util.JvmPauseMonitor (JvmPauseMonitor.java:run(188)) - Starting JVM pause monitor
2019-08-28 12:08:45,986 [main] INFO  ozone.HddsDatanodeService (HddsDatanodeService.java:start(184)) - HddsDatanodeService host:pr-hdds-1949-gk6t9-2362663429 ip:192.168.36.80
2019-08-28 12:08:45,987 [Datanode State Machine Thread - 0] INFO  datanode.InitDatanodeState (InitDatanodeState.java:persistContainerDatanodeDetails(140)) - DatanodeDetails is persisted to /workdir/hadoop-ozone/integration-test/target/test-dir/MiniOzoneClusterImpl-c6369339-b721-4289-b411-c27671099042/datanode-5/meta/datanode.id
2019-08-28 12:08:45,997 [main] INFO  volume.HddsVolume (HddsVolume.java:<init>(176)) - Creating Volume: /workdir/hadoop-ozone/integration-test/target/test-dir/MiniOzoneClusterImpl-c6369339-b721-4289-b411-c27671099042/datanode-6/data/containers/hdds of  storage type : DISK and capacity : 1482555576320
2019-08-28 12:08:45,998 [main] INFO  volume.VolumeSet (VolumeSet.java:initializeVolumeSet(170)) - Added Volume : /workdir/hadoop-ozone/integration-test/target/test-dir/MiniOzoneClusterImpl-c6369339-b721-4289-b411-c27671099042/datanode-6/data/containers/hdds to VolumeSet
2019-08-28 12:08:45,998 [main] INFO  volume.ThrottledAsyncChecker (ThrottledAsyncChecker.java:schedule(140)) - Scheduling a check for org.apache.hadoop.ozone.container.common.volume.HddsVolume@689504b1
2019-08-28 12:08:45,999 [main] INFO  volume.HddsVolumeChecker (HddsVolumeChecker.java:checkAllVolumes(203)) - Scheduled health check for volume org.apache.hadoop.ozone.container.common.volume.HddsVolume@689504b1
2019-08-28 12:08:46,019 [main] INFO  impl.RaftServerProxy (ConfUtils.java:logGet(43)) - raft.rpc.type = GRPC (default)
2019-08-28 12:08:46,019 [main] INFO  grpc.GrpcFactory (GrpcFactory.java:checkPooledByteBufAllocatorUseCacheForAllThreads(45)) - PERFORMANCE WARNING: useCacheForAllThreads is true that may cause Netty to create a lot garbage objects and, as a result, trigger GC.
	It is recommended to disable useCacheForAllThreads by setting -Dorg.apache.ratis.thirdparty.io.netty.allocator.useCacheForAllThreads=false in command line.
2019-08-28 12:08:46,019 [main] INFO  grpc.GrpcConfigKeys$Server (ConfUtils.java:logGet(43)) - raft.grpc.server.port = 0 (default)
2019-08-28 12:08:46,020 [main] INFO  server.GrpcService (ConfUtils.java:logGet(43)) - raft.grpc.message.size.max = 33570816 (custom)
2019-08-28 12:08:46,020 [main] INFO  server.RaftServerConfigKeys (ConfUtils.java:logGet(43)) - raft.server.log.appender.buffer.byte-limit = 33554432 (custom)
2019-08-28 12:08:46,020 [main] INFO  server.GrpcService (ConfUtils.java:logGet(43)) - raft.grpc.flow.control.window = 1MB (=1048576) (default)
2019-08-28 12:08:46,020 [main] INFO  server.RaftServerConfigKeys (ConfUtils.java:logGet(43)) - raft.server.rpc.request.timeout = 3000ms (default)
2019-08-28 12:08:46,021 [main] INFO  server.RaftServerConfigKeys (ConfUtils.java:logGet(43)) - raft.server.storage.dir = [/workdir/hadoop-ozone/integration-test/target/test-dir/MiniOzoneClusterImpl-c6369339-b721-4289-b411-c27671099042/datanode-6/data/ratis] (custom)
2019-08-28 12:08:46,022 [main] INFO  replication.SimpleContainerDownloader (SimpleContainerDownloader.java:<init>(72)) - Starting container downloader service to copy containers to replicate.
2019-08-28 12:08:46,023 [main] INFO  hdfs.DFSUtil (DFSUtil.java:httpServerTemplateForNNAndJN(1641)) - Starting Web-server for hddsDatanode at: http://0.0.0.0:0
2019-08-28 12:08:46,025 [main] INFO  server.AuthenticationFilter (AuthenticationFilter.java:constructSecretProvider(240)) - Unable to initialize FileSignerSecretProvider, falling back to use random secrets.
2019-08-28 12:08:46,026 [main] WARN  http.HttpRequestLog (HttpRequestLog.java:getRequestLog(97)) - Jetty request log can only be enabled using Log4j
2019-08-28 12:08:46,029 [main] INFO  http.HttpServer2 (HttpServer2.java:addGlobalFilter(975)) - Added global filter 'safety' (class=org.apache.hadoop.http.HttpServer2$QuotingInputFilter)
2019-08-28 12:08:46,030 [main] INFO  http.HttpServer2 (HttpServer2.java:addFilter(948)) - Added filter static_user_filter (class=org.apache.hadoop.http.lib.StaticUserWebFilter$StaticUserFilter) to context hddsDatanode
2019-08-28 12:08:46,030 [main] INFO  http.HttpServer2 (HttpServer2.java:addFilter(958)) - Added filter static_user_filter (class=org.apache.hadoop.http.lib.StaticUserWebFilter$StaticUserFilter) to context logs
2019-08-28 12:08:46,030 [main] INFO  http.HttpServer2 (HttpServer2.java:addFilter(958)) - Added filter static_user_filter (class=org.apache.hadoop.http.lib.StaticUserWebFilter$StaticUserFilter) to context static
2019-08-28 12:08:46,031 [main] INFO  http.HttpServer2 (HttpServer2.java:bindListener(1191)) - Jetty bound to port 40303
2019-08-28 12:08:46,031 [main] INFO  server.Server (Server.java:doStart(351)) - jetty-9.3.24.v20180605, build timestamp: 2018-06-05T17:11:56Z, git hash: 84205aa28f11a4f31f2a3b86d1bba2cc8ab69827
2019-08-28 12:08:46,033 [main] INFO  handler.ContextHandler (ContextHandler.java:doStart(781)) - Started o.e.j.s.ServletContextHandler@33ea437a{/logs,file:///workdir/hadoop-ozone/integration-test/target/log,AVAILABLE}
2019-08-28 12:08:46,034 [main] INFO  handler.ContextHandler (ContextHandler.java:doStart(781)) - Started o.e.j.s.ServletContextHandler@7aead157{/static,jar:file:/home/user/.m2/repository/org/apache/hadoop/hadoop-hdds-container-service/0.5.0-SNAPSHOT/hadoop-hdds-container-service-0.5.0-SNAPSHOT.jar!/webapps/static,AVAILABLE}
2019-08-28 12:08:46,070 [main] INFO  handler.ContextHandler (ContextHandler.java:doStart(781)) - Started o.e.j.w.WebAppContext@16c559c7{/,file:///tmp/jetty-0.0.0.0-40303-hddsDatanode-_-any-6136771207065052353.dir/webapp/,AVAILABLE}{/hddsDatanode}
2019-08-28 12:08:46,070 [main] INFO  server.AbstractConnector (AbstractConnector.java:doStart(278)) - Started ServerConnector@32a7c583{HTTP/1.1,[http/1.1]}{0.0.0.0:40303}
2019-08-28 12:08:46,071 [main] INFO  server.Server (Server.java:doStart(419)) - Started @598433ms
2019-08-28 12:08:46,079 [main] INFO  server.BaseHttpServer (BaseHttpServer.java:updateConnectorAddress(213)) - HTTP server of HDDSDATANODE is listening at http://0.0.0.0:40303
2019-08-28 12:08:46,200 | INFO  | ObjectStoreRestHttpServer | Listening HDDS REST traffic on /0.0.0.0:38399 |  
2019-08-28 12:08:46,200 [main] INFO  ozone.HddsDatanodeService (HddsDatanodeService.java:startPlugins(395)) - Started plug-in org.apache.hadoop.ozone.web.OzoneHddsDatanodeService@2a9e261d
2019-08-28 12:08:46,201 [main] INFO  ozone.MiniOzoneClusterImpl (MiniOzoneClusterImpl.java:lambda$waitForClusterToBeReady$0(144)) - Waiting for cluster to be ready. Got 0 of 7 DN Heartbeats.
2019-08-28 12:08:46,203 [org.apache.hadoop.util.JvmPauseMonitor$Monitor@575fcac1] INFO  util.JvmPauseMonitor (JvmPauseMonitor.java:run(188)) - Starting JVM pause monitor
2019-08-28 12:08:46,205 [Datanode State Machine Thread - 0] INFO  datanode.InitDatanodeState (InitDatanodeState.java:persistContainerDatanodeDetails(140)) - DatanodeDetails is persisted to /workdir/hadoop-ozone/integration-test/target/test-dir/MiniOzoneClusterImpl-c6369339-b721-4289-b411-c27671099042/datanode-6/meta/datanode.id
2019-08-28 12:08:46,619 | INFO  | SCMAudit | user=jenkins1000 | ip=192.168.36.80 | op=GET_VERSION null | ret=SUCCESS |  
2019-08-28 12:08:46,635 [Datanode State Machine Thread - 0] INFO  ozoneimpl.OzoneContainer (OzoneContainer.java:start(201)) - Attempting to start container services.
2019-08-28 12:08:46,635 [Datanode State Machine Thread - 0] INFO  ozoneimpl.OzoneContainer (OzoneContainer.java:startContainerScrub(175)) - Background container scrubber has been disabled by hdds.containerscrub.enabled
2019-08-28 12:08:46,635 [Datanode State Machine Thread - 0] INFO  ratis.XceiverServerRatis (XceiverServerRatis.java:start(393)) - Starting XceiverServerRatis 0c3b8344-cdf9-4d1e-a488-759371ee96af at port 0
2019-08-28 12:08:46,644 [Datanode State Machine Thread - 0] INFO  impl.RaftServerProxy (RaftServerProxy.java:lambda$start$3(299)) - 0c3b8344-cdf9-4d1e-a488-759371ee96af: start RPC server
2019-08-28 12:08:46,645 [Datanode State Machine Thread - 0] INFO  server.GrpcService (GrpcService.java:startImpl(149)) - 0c3b8344-cdf9-4d1e-a488-759371ee96af: GrpcService started, listening on 0.0.0.0/0.0.0.0:43301
2019-08-28 12:08:46,645 [Datanode State Machine Thread - 0] INFO  ratis.XceiverServerRatis (XceiverServerRatis.java:start(403)) - XceiverServerRatis 0c3b8344-cdf9-4d1e-a488-759371ee96af is started using port 43301
2019-08-28 12:08:46,647 [Datanode State Machine Thread - 0] INFO  server.XceiverServerGrpc (XceiverServerGrpc.java:start(163)) - XceiverServerGrpc 0c3b8344-cdf9-4d1e-a488-759371ee96af is started using port 40088
2019-08-28 12:08:46,817 | INFO  | SCMAudit | user=jenkins1000 | ip=192.168.36.80 | op=GET_VERSION null | ret=SUCCESS |  
2019-08-28 12:08:46,839 [Datanode State Machine Thread - 0] INFO  ozoneimpl.OzoneContainer (OzoneContainer.java:start(201)) - Attempting to start container services.
2019-08-28 12:08:46,839 [Datanode State Machine Thread - 0] INFO  ozoneimpl.OzoneContainer (OzoneContainer.java:startContainerScrub(175)) - Background container scrubber has been disabled by hdds.containerscrub.enabled
2019-08-28 12:08:46,839 [Datanode State Machine Thread - 0] INFO  ratis.XceiverServerRatis (XceiverServerRatis.java:start(393)) - Starting XceiverServerRatis b393eaaf-48fc-4c06-ba9b-cdb8896dc2ee at port 0
2019-08-28 12:08:46,847 [Datanode State Machine Thread - 0] INFO  impl.RaftServerProxy (RaftServerProxy.java:lambda$start$3(299)) - b393eaaf-48fc-4c06-ba9b-cdb8896dc2ee: start RPC server
2019-08-28 12:08:46,848 [Datanode State Machine Thread - 0] INFO  server.GrpcService (GrpcService.java:startImpl(149)) - b393eaaf-48fc-4c06-ba9b-cdb8896dc2ee: GrpcService started, listening on 0.0.0.0/0.0.0.0:41658
2019-08-28 12:08:46,848 [Datanode State Machine Thread - 0] INFO  ratis.XceiverServerRatis (XceiverServerRatis.java:start(403)) - XceiverServerRatis b393eaaf-48fc-4c06-ba9b-cdb8896dc2ee is started using port 41658
2019-08-28 12:08:46,849 [Datanode State Machine Thread - 0] INFO  server.XceiverServerGrpc (XceiverServerGrpc.java:start(163)) - XceiverServerGrpc b393eaaf-48fc-4c06-ba9b-cdb8896dc2ee is started using port 44799
2019-08-28 12:08:47,201 [main] INFO  ozone.MiniOzoneClusterImpl (MiniOzoneClusterImpl.java:lambda$waitForClusterToBeReady$0(144)) - Waiting for cluster to be ready. Got 0 of 7 DN Heartbeats.
2019-08-28 12:08:47,320 | INFO  | SCMAudit | user=jenkins1000 | ip=192.168.36.80 | op=GET_VERSION null | ret=SUCCESS |  
2019-08-28 12:08:47,337 [Datanode State Machine Thread - 0] INFO  ozoneimpl.OzoneContainer (OzoneContainer.java:start(201)) - Attempting to start container services.
2019-08-28 12:08:47,338 [Datanode State Machine Thread - 0] INFO  ozoneimpl.OzoneContainer (OzoneContainer.java:startContainerScrub(175)) - Background container scrubber has been disabled by hdds.containerscrub.enabled
2019-08-28 12:08:47,338 [Datanode State Machine Thread - 0] INFO  ratis.XceiverServerRatis (XceiverServerRatis.java:start(393)) - Starting XceiverServerRatis c236d778-ae7d-44ab-9790-03842f4247ab at port 0
2019-08-28 12:08:47,345 [Datanode State Machine Thread - 0] INFO  impl.RaftServerProxy (RaftServerProxy.java:lambda$start$3(299)) - c236d778-ae7d-44ab-9790-03842f4247ab: start RPC server
2019-08-28 12:08:47,347 [Datanode State Machine Thread - 0] INFO  server.GrpcService (GrpcService.java:startImpl(149)) - c236d778-ae7d-44ab-9790-03842f4247ab: GrpcService started, listening on 0.0.0.0/0.0.0.0:35772
2019-08-28 12:08:47,347 [Datanode State Machine Thread - 0] INFO  ratis.XceiverServerRatis (XceiverServerRatis.java:start(403)) - XceiverServerRatis c236d778-ae7d-44ab-9790-03842f4247ab is started using port 35772
2019-08-28 12:08:47,348 [Datanode State Machine Thread - 0] INFO  server.XceiverServerGrpc (XceiverServerGrpc.java:start(163)) - XceiverServerGrpc c236d778-ae7d-44ab-9790-03842f4247ab is started using port 45453
2019-08-28 12:08:47,541 | INFO  | SCMAudit | user=jenkins1000 | ip=192.168.36.80 | op=GET_VERSION null | ret=SUCCESS |  
2019-08-28 12:08:47,555 [Datanode State Machine Thread - 0] INFO  ozoneimpl.OzoneContainer (OzoneContainer.java:start(201)) - Attempting to start container services.
2019-08-28 12:08:47,555 [Datanode State Machine Thread - 0] INFO  ozoneimpl.OzoneContainer (OzoneContainer.java:startContainerScrub(175)) - Background container scrubber has been disabled by hdds.containerscrub.enabled
2019-08-28 12:08:47,555 [Datanode State Machine Thread - 0] INFO  ratis.XceiverServerRatis (XceiverServerRatis.java:start(393)) - Starting XceiverServerRatis 9ec19c9d-2043-406f-82f9-255ab4ee7628 at port 0
2019-08-28 12:08:47,563 [Datanode State Machine Thread - 0] INFO  impl.RaftServerProxy (RaftServerProxy.java:lambda$start$3(299)) - 9ec19c9d-2043-406f-82f9-255ab4ee7628: start RPC server
2019-08-28 12:08:47,564 [Datanode State Machine Thread - 0] INFO  server.GrpcService (GrpcService.java:startImpl(149)) - 9ec19c9d-2043-406f-82f9-255ab4ee7628: GrpcService started, listening on 0.0.0.0/0.0.0.0:38294
2019-08-28 12:08:47,564 [Datanode State Machine Thread - 0] INFO  ratis.XceiverServerRatis (XceiverServerRatis.java:start(403)) - XceiverServerRatis 9ec19c9d-2043-406f-82f9-255ab4ee7628 is started using port 38294
2019-08-28 12:08:47,564 [Datanode State Machine Thread - 0] INFO  server.XceiverServerGrpc (XceiverServerGrpc.java:start(163)) - XceiverServerGrpc 9ec19c9d-2043-406f-82f9-255ab4ee7628 is started using port 33302
2019-08-28 12:08:47,778 | INFO  | SCMAudit | user=jenkins1000 | ip=192.168.36.80 | op=GET_VERSION null | ret=SUCCESS |  
2019-08-28 12:08:47,792 [Datanode State Machine Thread - 0] INFO  ozoneimpl.OzoneContainer (OzoneContainer.java:start(201)) - Attempting to start container services.
2019-08-28 12:08:47,793 [Datanode State Machine Thread - 0] INFO  ozoneimpl.OzoneContainer (OzoneContainer.java:startContainerScrub(175)) - Background container scrubber has been disabled by hdds.containerscrub.enabled
2019-08-28 12:08:47,793 [Datanode State Machine Thread - 0] INFO  ratis.XceiverServerRatis (XceiverServerRatis.java:start(393)) - Starting XceiverServerRatis 70ebd995-e0c0-4864-abcd-ac0b412c9683 at port 0
2019-08-28 12:08:47,800 [Datanode State Machine Thread - 0] INFO  impl.RaftServerProxy (RaftServerProxy.java:lambda$start$3(299)) - 70ebd995-e0c0-4864-abcd-ac0b412c9683: start RPC server
2019-08-28 12:08:47,803 [Datanode State Machine Thread - 0] INFO  server.GrpcService (GrpcService.java:startImpl(149)) - 70ebd995-e0c0-4864-abcd-ac0b412c9683: GrpcService started, listening on 0.0.0.0/0.0.0.0:42813
2019-08-28 12:08:47,804 [Datanode State Machine Thread - 0] INFO  ratis.XceiverServerRatis (XceiverServerRatis.java:start(403)) - XceiverServerRatis 70ebd995-e0c0-4864-abcd-ac0b412c9683 is started using port 42813
2019-08-28 12:08:47,804 [Datanode State Machine Thread - 0] INFO  server.XceiverServerGrpc (XceiverServerGrpc.java:start(163)) - XceiverServerGrpc 70ebd995-e0c0-4864-abcd-ac0b412c9683 is started using port 43403
2019-08-28 12:08:47,987 | INFO  | SCMAudit | user=jenkins1000 | ip=192.168.36.80 | op=GET_VERSION null | ret=SUCCESS |  
2019-08-28 12:08:48,000 [Datanode State Machine Thread - 0] INFO  ozoneimpl.OzoneContainer (OzoneContainer.java:start(201)) - Attempting to start container services.
2019-08-28 12:08:48,001 [Datanode State Machine Thread - 0] INFO  ozoneimpl.OzoneContainer (OzoneContainer.java:startContainerScrub(175)) - Background container scrubber has been disabled by hdds.containerscrub.enabled
2019-08-28 12:08:48,001 [Datanode State Machine Thread - 0] INFO  ratis.XceiverServerRatis (XceiverServerRatis.java:start(393)) - Starting XceiverServerRatis b34515dc-ef39-40c7-8939-0c9a405226e8 at port 0
2019-08-28 12:08:48,009 [Datanode State Machine Thread - 0] INFO  impl.RaftServerProxy (RaftServerProxy.java:lambda$start$3(299)) - b34515dc-ef39-40c7-8939-0c9a405226e8: start RPC server
2019-08-28 12:08:48,009 [Datanode State Machine Thread - 0] INFO  server.GrpcService (GrpcService.java:startImpl(149)) - b34515dc-ef39-40c7-8939-0c9a405226e8: GrpcService started, listening on 0.0.0.0/0.0.0.0:36166
2019-08-28 12:08:48,010 [Datanode State Machine Thread - 0] INFO  ratis.XceiverServerRatis (XceiverServerRatis.java:start(403)) - XceiverServerRatis b34515dc-ef39-40c7-8939-0c9a405226e8 is started using port 36166
2019-08-28 12:08:48,010 [Datanode State Machine Thread - 0] INFO  server.XceiverServerGrpc (XceiverServerGrpc.java:start(163)) - XceiverServerGrpc b34515dc-ef39-40c7-8939-0c9a405226e8 is started using port 44241
2019-08-28 12:08:48,202 [main] INFO  ozone.MiniOzoneClusterImpl (MiniOzoneClusterImpl.java:lambda$waitForClusterToBeReady$0(144)) - Waiting for cluster to be ready. Got 0 of 7 DN Heartbeats.
2019-08-28 12:08:48,204 | INFO  | SCMAudit | user=jenkins1000 | ip=192.168.36.80 | op=GET_VERSION null | ret=SUCCESS |  
2019-08-28 12:08:48,217 [Datanode State Machine Thread - 0] INFO  ozoneimpl.OzoneContainer (OzoneContainer.java:start(201)) - Attempting to start container services.
2019-08-28 12:08:48,218 [Datanode State Machine Thread - 0] INFO  ozoneimpl.OzoneContainer (OzoneContainer.java:startContainerScrub(175)) - Background container scrubber has been disabled by hdds.containerscrub.enabled
2019-08-28 12:08:48,218 [Datanode State Machine Thread - 0] INFO  ratis.XceiverServerRatis (XceiverServerRatis.java:start(393)) - Starting XceiverServerRatis 40fea9a8-502b-40ee-85ae-dc8ed12a9c4d at port 0
2019-08-28 12:08:48,225 [Datanode State Machine Thread - 0] INFO  impl.RaftServerProxy (RaftServerProxy.java:lambda$start$3(299)) - 40fea9a8-502b-40ee-85ae-dc8ed12a9c4d: start RPC server
2019-08-28 12:08:48,236 [Datanode State Machine Thread - 0] INFO  server.GrpcService (GrpcService.java:startImpl(149)) - 40fea9a8-502b-40ee-85ae-dc8ed12a9c4d: GrpcService started, listening on 0.0.0.0/0.0.0.0:37871
2019-08-28 12:08:48,236 [Datanode State Machine Thread - 0] INFO  ratis.XceiverServerRatis (XceiverServerRatis.java:start(403)) - XceiverServerRatis 40fea9a8-502b-40ee-85ae-dc8ed12a9c4d is started using port 37871
2019-08-28 12:08:48,237 [Datanode State Machine Thread - 0] INFO  server.XceiverServerGrpc (XceiverServerGrpc.java:start(163)) - XceiverServerGrpc 40fea9a8-502b-40ee-85ae-dc8ed12a9c4d is started using port 39694
2019-08-28 12:08:48,616 [IPC Server handler 3 on 35852] INFO  net.NetworkTopology (NetworkTopologyImpl.java:add(110)) - Added a new node: /default-rack/0c3b8344-cdf9-4d1e-a488-759371ee96af
2019-08-28 12:08:48,618 [IPC Server handler 3 on 35852] INFO  node.SCMNodeManager (SCMNodeManager.java:register(273)) - Registered Data node : 0c3b8344-cdf9-4d1e-a488-759371ee96af{ip: 192.168.36.80, host: pr-hdds-1949-gk6t9-2362663429, networkLocation: /default-rack, certSerialId: null}
2019-08-28 12:08:48,619 | INFO  | SCMAudit | user=jenkins1000 | ip=192.168.36.80 | op=REGISTER {datanodeDetails=0c3b8344-cdf9-4d1e-a488-759371ee96af{ip: 192.168.36.80, host: pr-hdds-1949-gk6t9-2362663429, networkLocation: /default-rack, certSerialId: null}} | ret=SUCCESS |  
2019-08-28 12:08:48,619 [EventQueue-NodeRegistrationContainerReportForDataNodeSafeModeRule] INFO  safemode.SCMSafeModeManager (DataNodeSafeModeRule.java:process(71)) - SCM in safe mode. 1 DataNodes registered, 1 required.
2019-08-28 12:08:48,621 [EventQueue-NodeRegistrationContainerReportForDataNodeSafeModeRule] INFO  safemode.SCMSafeModeManager (SCMSafeModeManager.java:validateSafeModeExitRules(177)) - ScmSafeModeManager, all rules are successfully validated
2019-08-28 12:08:48,621 [EventQueue-NodeRegistrationContainerReportForDataNodeSafeModeRule] INFO  safemode.SCMSafeModeManager (SCMSafeModeManager.java:exitSafeMode(193)) - SCM exiting safe mode.
2019-08-28 12:08:48,648 [grpc-default-executor-6] INFO  impl.RaftServerProxy (RaftServerProxy.java:addNew(89)) - 0c3b8344-cdf9-4d1e-a488-759371ee96af: addNew group-F2B11F3CF857:[0c3b8344-cdf9-4d1e-a488-759371ee96af:192.168.36.80:43301] returns group-F2B11F3CF857:java.util.concurrent.CompletableFuture@6ad8c088[Not completed]
2019-08-28 12:08:48,649 [pool-439-thread-1] INFO  impl.RaftServerImpl (RaftServerImpl.java:<init>(93)) - 0c3b8344-cdf9-4d1e-a488-759371ee96af: new RaftServerImpl for group-F2B11F3CF857:[0c3b8344-cdf9-4d1e-a488-759371ee96af:192.168.36.80:43301] with ContainerStateMachine:uninitialized
2019-08-28 12:08:48,649 [pool-439-thread-1] INFO  server.RaftServerConfigKeys (ConfUtils.java:logGet(43)) - raft.server.rpc.timeout.min = 5s (custom)
2019-08-28 12:08:48,650 [pool-439-thread-1] INFO  server.RaftServerConfigKeys (ConfUtils.java:logGet(43)) - raft.server.rpc.timeout.max = 5200ms (custom)
2019-08-28 12:08:48,650 [pool-439-thread-1] INFO  server.RaftServerConfigKeys (ConfUtils.java:logGet(43)) - raft.server.rpcslowness.timeout = 120s (custom)
2019-08-28 12:08:48,650 [pool-439-thread-1] INFO  server.RaftServerConfigKeys (ConfUtils.java:logGet(43)) - raft.server.sleep.deviation.threshold = 300 (default)
2019-08-28 12:08:48,650 [pool-439-thread-1] INFO  server.RaftServerConfigKeys (ConfUtils.java:logGet(43)) - raft.server.log.appender.install.snapshot.enabled = false (custom)
2019-08-28 12:08:48,650 [pool-439-thread-1] INFO  impl.RaftServerImpl (ServerState.java:<init>(105)) - 0c3b8344-cdf9-4d1e-a488-759371ee96af:group-F2B11F3CF857 ConfigurationManager, init=-1: [0c3b8344-cdf9-4d1e-a488-759371ee96af:192.168.36.80:43301], old=null, confs=<EMPTY_MAP>
2019-08-28 12:08:48,650 [pool-439-thread-1] INFO  server.RaftServerConfigKeys (ConfUtils.java:logGet(43)) - raft.server.storage.dir = [/workdir/hadoop-ozone/integration-test/target/test-dir/MiniOzoneClusterImpl-c6369339-b721-4289-b411-c27671099042/datanode-0/data/ratis] (custom)
2019-08-28 12:08:48,651 [pool-439-thread-1] INFO  storage.RaftStorageDirectory (RaftStorageDirectory.java:analyzeStorage(246)) - The storage directory /workdir/hadoop-ozone/integration-test/target/test-dir/MiniOzoneClusterImpl-c6369339-b721-4289-b411-c27671099042/datanode-0/data/ratis/3f618f5b-cfb1-4397-a92f-f2b11f3cf857 does not exist. Creating ...
2019-08-28 12:08:48,656 [pool-439-thread-1] INFO  storage.RaftStorageDirectory (RaftStorageDirectory.java:tryLock(328)) - Lock on /workdir/hadoop-ozone/integration-test/target/test-dir/MiniOzoneClusterImpl-c6369339-b721-4289-b411-c27671099042/datanode-0/data/ratis/3f618f5b-cfb1-4397-a92f-f2b11f3cf857/in_use.lock acquired by nodename 23549@pr-hdds-1949-gk6t9-2362663429
2019-08-28 12:08:48,670 [pool-439-thread-1] INFO  storage.RaftStorage (RaftStorage.java:format(72)) - Storage directory /workdir/hadoop-ozone/integration-test/target/test-dir/MiniOzoneClusterImpl-c6369339-b721-4289-b411-c27671099042/datanode-0/data/ratis/3f618f5b-cfb1-4397-a92f-f2b11f3cf857 has been successfully formatted.
2019-08-28 12:08:48,671 [pool-439-thread-1] INFO  ratis.ContainerStateMachine (ContainerStateMachine.java:loadSnapshot(227)) - group-F2B11F3CF857: The snapshot info is null. Setting the last applied indexto:(t:0, i:~)
2019-08-28 12:08:48,671 [pool-439-thread-1] INFO  server.RaftServerConfigKeys (ConfUtils.java:logGet(43)) - raft.server.leader.election.timeout = 120s (custom)
2019-08-28 12:08:48,671 [pool-439-thread-1] INFO  server.RaftServerConfigKeys (ConfUtils.java:logGet(43)) - raft.server.log.use.memory = false (default)
2019-08-28 12:08:48,671 [pool-439-thread-1] INFO  server.RaftServerConfigKeys (ConfUtils.java:logGet(43)) - raft.server.log.purge.gap = 1000000 (custom)
2019-08-28 12:08:48,671 [pool-439-thread-1] INFO  server.RaftServerConfigKeys (ConfUtils.java:logGet(43)) - raft.server.log.appender.buffer.byte-limit = 33554432 (custom)
2019-08-28 12:08:48,671 [pool-439-thread-1] INFO  server.RaftServerConfigKeys (ConfUtils.java:logGet(43)) - raft.server.log.segment.size.max = 1048576 (custom)
2019-08-28 12:08:48,672 [pool-439-thread-1] INFO  server.RaftServerConfigKeys (ConfUtils.java:logGet(43)) - raft.server.log.segment.cache.num.max = 2 (custom)
2019-08-28 12:08:48,672 [pool-439-thread-1] INFO  segmented.SegmentedRaftLogWorker (SegmentedRaftLogWorker.java:<init>(172)) - new 0c3b8344-cdf9-4d1e-a488-759371ee96af-SegmentedRaftLogWorker:Storage Directory /workdir/hadoop-ozone/integration-test/target/test-dir/MiniOzoneClusterImpl-c6369339-b721-4289-b411-c27671099042/datanode-0/data/ratis/3f618f5b-cfb1-4397-a92f-f2b11f3cf857 for RaftStorage:Storage Directory /workdir/hadoop-ozone/integration-test/target/test-dir/MiniOzoneClusterImpl-c6369339-b721-4289-b411-c27671099042/datanode-0/data/ratis/3f618f5b-cfb1-4397-a92f-f2b11f3cf857
2019-08-28 12:08:48,672 [pool-439-thread-1] INFO  server.RaftServerConfigKeys (ConfUtils.java:logGet(43)) - raft.server.log.queue.byte-limit = 2147483647 (custom)
2019-08-28 12:08:48,672 [pool-439-thread-1] INFO  server.RaftServerConfigKeys (ConfUtils.java:logGet(43)) - raft.server.log.queue.element-limit = 1024 (custom)
2019-08-28 12:08:48,673 [pool-439-thread-1] INFO  server.RaftServerConfigKeys (ConfUtils.java:logGet(43)) - raft.server.log.segment.size.max = 1048576 (custom)
2019-08-28 12:08:48,673 [pool-439-thread-1] INFO  server.RaftServerConfigKeys (ConfUtils.java:logGet(43)) - raft.server.log.preallocated.size = 16384 (custom)
2019-08-28 12:08:48,673 [pool-439-thread-1] INFO  server.RaftServerConfigKeys (ConfUtils.java:logGet(43)) - raft.server.log.write.buffer.size = 33554432 (custom)
2019-08-28 12:08:48,673 [pool-439-thread-1] INFO  server.RaftServerConfigKeys (ConfUtils.java:logGet(43)) - raft.server.log.force.sync.num = 128 (default)
2019-08-28 12:08:48,673 [pool-439-thread-1] INFO  server.RaftServerConfigKeys (ConfUtils.java:logGet(43)) - raft.server.log.statemachine.data.sync = true (default)
2019-08-28 12:08:48,673 [pool-439-thread-1] INFO  server.RaftServerConfigKeys (ConfUtils.java:logGet(43)) - raft.server.log.statemachine.data.sync.timeout = 10s (default)
2019-08-28 12:08:48,673 [pool-439-thread-1] INFO  server.RaftServerConfigKeys (ConfUtils.java:logGet(43)) - raft.server.log.statemachine.data.sync.timeout.retry = -1 (default)
2019-08-28 12:08:48,674 [pool-439-thread-1] INFO  server.RaftServerConfigKeys (ConfUtils.java:logGet(43)) - raft.server.log.statemachine.data.caching.enabled = true (custom)
2019-08-28 12:08:48,674 [pool-439-thread-1] INFO  segmented.SegmentedRaftLogWorker (SegmentedRaftLogWorker.java:lambda$new$0(132)) - 0c3b8344-cdf9-4d1e-a488-759371ee96af-SegmentedRaftLogWorker:Storage Directory /workdir/hadoop-ozone/integration-test/target/test-dir/MiniOzoneClusterImpl-c6369339-b721-4289-b411-c27671099042/datanode-0/data/ratis/3f618f5b-cfb1-4397-a92f-f2b11f3cf857: flushIndex: setUnconditionally 0 -> -1
2019-08-28 12:08:48,674 [pool-439-thread-1] INFO  server.RaftServerConfigKeys (ConfUtils.java:logGet(43)) - raft.server.snapshot.auto.trigger.enabled = true (custom)
2019-08-28 12:08:48,675 [pool-439-thread-1] INFO  server.RaftServerConfigKeys (ConfUtils.java:logGet(43)) - raft.server.snapshot.auto.trigger.threshold = 10000 (custom)
2019-08-28 12:08:48,675 [pool-439-thread-1] INFO  server.RaftServerConfigKeys (ConfUtils.java:logGet(43)) - raft.server.retrycache.expirytime = 600000ms (custom)
2019-08-28 12:08:48,675 [pool-439-thread-1] INFO  impl.RaftServerImpl (RaftServerImpl.java:start(180)) - 0c3b8344-cdf9-4d1e-a488-759371ee96af: start group-F2B11F3CF857
2019-08-28 12:08:48,675 [pool-439-thread-1] INFO  impl.RaftServerImpl (RaftServerImpl.java:setRole(171)) - 0c3b8344-cdf9-4d1e-a488-759371ee96af:group-F2B11F3CF857 changes role from null to FOLLOWER at term 0 for startAsFollower
2019-08-28 12:08:48,675 [pool-439-thread-1] INFO  impl.RoleInfo (RoleInfo.java:updateAndGet(143)) - 0c3b8344-cdf9-4d1e-a488-759371ee96af: start FollowerState
2019-08-28 12:08:48,677 [pool-439-thread-1] INFO  util.JmxRegister (JmxRegister.java:tryRegister(44)) - Successfully registered JMX Bean with object name Ratis:service=RaftServer,group=group-F2B11F3CF857,id=0c3b8344-cdf9-4d1e-a488-759371ee96af
2019-08-28 12:08:48,682 [RatisPipelineUtilsThread] INFO  pipeline.PipelineStateManager (PipelineStateManager.java:addPipeline(56)) - Created pipeline Pipeline[ Id: 3f618f5b-cfb1-4397-a92f-f2b11f3cf857, Nodes: 0c3b8344-cdf9-4d1e-a488-759371ee96af{ip: 192.168.36.80, host: pr-hdds-1949-gk6t9-2362663429, networkLocation: /default-rack, certSerialId: null}, Type:RATIS, Factor:ONE, State:OPEN]
2019-08-28 12:08:48,818 [IPC Server handler 2 on 35852] INFO  net.NetworkTopology (NetworkTopologyImpl.java:add(110)) - Added a new node: /default-rack/b393eaaf-48fc-4c06-ba9b-cdb8896dc2ee
2019-08-28 12:08:48,819 [IPC Server handler 2 on 35852] INFO  node.SCMNodeManager (SCMNodeManager.java:register(273)) - Registered Data node : b393eaaf-48fc-4c06-ba9b-cdb8896dc2ee{ip: 192.168.36.80, host: pr-hdds-1949-gk6t9-2362663429, networkLocation: /default-rack, certSerialId: null}
2019-08-28 12:08:48,819 | INFO  | SCMAudit | user=jenkins1000 | ip=192.168.36.80 | op=REGISTER {datanodeDetails=b393eaaf-48fc-4c06-ba9b-cdb8896dc2ee{ip: 192.168.36.80, host: pr-hdds-1949-gk6t9-2362663429, networkLocation: /default-rack, certSerialId: null}} | ret=SUCCESS |  
2019-08-28 12:08:48,829 [grpc-default-executor-6] INFO  impl.RaftServerProxy (RaftServerProxy.java:addNew(89)) - b393eaaf-48fc-4c06-ba9b-cdb8896dc2ee: addNew group-0D2E468D85D0:[b393eaaf-48fc-4c06-ba9b-cdb8896dc2ee:192.168.36.80:41658] returns group-0D2E468D85D0:java.util.concurrent.CompletableFuture@29c859e8[Not completed]
2019-08-28 12:08:48,830 [pool-450-thread-1] INFO  impl.RaftServerImpl (RaftServerImpl.java:<init>(93)) - b393eaaf-48fc-4c06-ba9b-cdb8896dc2ee: new RaftServerImpl for group-0D2E468D85D0:[b393eaaf-48fc-4c06-ba9b-cdb8896dc2ee:192.168.36.80:41658] with ContainerStateMachine:uninitialized
2019-08-28 12:08:48,830 [pool-450-thread-1] INFO  server.RaftServerConfigKeys (ConfUtils.java:logGet(43)) - raft.server.rpc.timeout.min = 5s (custom)
2019-08-28 12:08:48,830 [pool-450-thread-1] INFO  server.RaftServerConfigKeys (ConfUtils.java:logGet(43)) - raft.server.rpc.timeout.max = 5200ms (custom)
2019-08-28 12:08:48,830 [pool-450-thread-1] INFO  server.RaftServerConfigKeys (ConfUtils.java:logGet(43)) - raft.server.rpcslowness.timeout = 120s (custom)
2019-08-28 12:08:48,831 [pool-450-thread-1] INFO  server.RaftServerConfigKeys (ConfUtils.java:logGet(43)) - raft.server.sleep.deviation.threshold = 300 (default)
2019-08-28 12:08:48,831 [pool-450-thread-1] INFO  server.RaftServerConfigKeys (ConfUtils.java:logGet(43)) - raft.server.log.appender.install.snapshot.enabled = false (custom)
2019-08-28 12:08:48,831 [pool-450-thread-1] INFO  impl.RaftServerImpl (ServerState.java:<init>(105)) - b393eaaf-48fc-4c06-ba9b-cdb8896dc2ee:group-0D2E468D85D0 ConfigurationManager, init=-1: [b393eaaf-48fc-4c06-ba9b-cdb8896dc2ee:192.168.36.80:41658], old=null, confs=<EMPTY_MAP>
2019-08-28 12:08:48,831 [pool-450-thread-1] INFO  server.RaftServerConfigKeys (ConfUtils.java:logGet(43)) - raft.server.storage.dir = [/workdir/hadoop-ozone/integration-test/target/test-dir/MiniOzoneClusterImpl-c6369339-b721-4289-b411-c27671099042/datanode-1/data/ratis] (custom)
2019-08-28 12:08:48,832 [pool-450-thread-1] INFO  storage.RaftStorageDirectory (RaftStorageDirectory.java:analyzeStorage(246)) - The storage directory /workdir/hadoop-ozone/integration-test/target/test-dir/MiniOzoneClusterImpl-c6369339-b721-4289-b411-c27671099042/datanode-1/data/ratis/5efa80db-40cc-4c64-b025-0d2e468d85d0 does not exist. Creating ...
2019-08-28 12:08:48,845 [pool-450-thread-1] INFO  storage.RaftStorageDirectory (RaftStorageDirectory.java:tryLock(328)) - Lock on /workdir/hadoop-ozone/integration-test/target/test-dir/MiniOzoneClusterImpl-c6369339-b721-4289-b411-c27671099042/datanode-1/data/ratis/5efa80db-40cc-4c64-b025-0d2e468d85d0/in_use.lock acquired by nodename 23549@pr-hdds-1949-gk6t9-2362663429
2019-08-28 12:08:48,858 [pool-450-thread-1] INFO  storage.RaftStorage (RaftStorage.java:format(72)) - Storage directory /workdir/hadoop-ozone/integration-test/target/test-dir/MiniOzoneClusterImpl-c6369339-b721-4289-b411-c27671099042/datanode-1/data/ratis/5efa80db-40cc-4c64-b025-0d2e468d85d0 has been successfully formatted.
2019-08-28 12:08:48,858 [pool-450-thread-1] INFO  ratis.ContainerStateMachine (ContainerStateMachine.java:loadSnapshot(227)) - group-0D2E468D85D0: The snapshot info is null. Setting the last applied indexto:(t:0, i:~)
2019-08-28 12:08:48,858 [pool-450-thread-1] INFO  server.RaftServerConfigKeys (ConfUtils.java:logGet(43)) - raft.server.leader.election.timeout = 120s (custom)
2019-08-28 12:08:48,858 [pool-450-thread-1] INFO  server.RaftServerConfigKeys (ConfUtils.java:logGet(43)) - raft.server.log.use.memory = false (default)
2019-08-28 12:08:48,858 [pool-450-thread-1] INFO  server.RaftServerConfigKeys (ConfUtils.java:logGet(43)) - raft.server.log.purge.gap = 1000000 (custom)
2019-08-28 12:08:48,859 [pool-450-thread-1] INFO  server.RaftServerConfigKeys (ConfUtils.java:logGet(43)) - raft.server.log.appender.buffer.byte-limit = 33554432 (custom)
2019-08-28 12:08:48,859 [pool-450-thread-1] INFO  server.RaftServerConfigKeys (ConfUtils.java:logGet(43)) - raft.server.log.segment.size.max = 1048576 (custom)
2019-08-28 12:08:48,859 [pool-450-thread-1] INFO  server.RaftServerConfigKeys (ConfUtils.java:logGet(43)) - raft.server.log.segment.cache.num.max = 2 (custom)
2019-08-28 12:08:48,859 [pool-450-thread-1] INFO  segmented.SegmentedRaftLogWorker (SegmentedRaftLogWorker.java:<init>(172)) - new b393eaaf-48fc-4c06-ba9b-cdb8896dc2ee-SegmentedRaftLogWorker:Storage Directory /workdir/hadoop-ozone/integration-test/target/test-dir/MiniOzoneClusterImpl-c6369339-b721-4289-b411-c27671099042/datanode-1/data/ratis/5efa80db-40cc-4c64-b025-0d2e468d85d0 for RaftStorage:Storage Directory /workdir/hadoop-ozone/integration-test/target/test-dir/MiniOzoneClusterImpl-c6369339-b721-4289-b411-c27671099042/datanode-1/data/ratis/5efa80db-40cc-4c64-b025-0d2e468d85d0
2019-08-28 12:08:48,859 [pool-450-thread-1] INFO  server.RaftServerConfigKeys (ConfUtils.java:logGet(43)) - raft.server.log.queue.byte-limit = 2147483647 (custom)
2019-08-28 12:08:48,859 [pool-450-thread-1] INFO  server.RaftServerConfigKeys (ConfUtils.java:logGet(43)) - raft.server.log.queue.element-limit = 1024 (custom)
2019-08-28 12:08:48,860 [pool-450-thread-1] INFO  server.RaftServerConfigKeys (ConfUtils.java:logGet(43)) - raft.server.log.segment.size.max = 1048576 (custom)
2019-08-28 12:08:48,860 [pool-450-thread-1] INFO  server.RaftServerConfigKeys (ConfUtils.java:logGet(43)) - raft.server.log.preallocated.size = 16384 (custom)
2019-08-28 12:08:48,860 [pool-450-thread-1] INFO  server.RaftServerConfigKeys (ConfUtils.java:logGet(43)) - raft.server.log.write.buffer.size = 33554432 (custom)
2019-08-28 12:08:48,860 [pool-450-thread-1] INFO  server.RaftServerConfigKeys (ConfUtils.java:logGet(43)) - raft.server.log.force.sync.num = 128 (default)
2019-08-28 12:08:48,860 [pool-450-thread-1] INFO  server.RaftServerConfigKeys (ConfUtils.java:logGet(43)) - raft.server.log.statemachine.data.sync = true (default)
2019-08-28 12:08:48,860 [pool-450-thread-1] INFO  server.RaftServerConfigKeys (ConfUtils.java:logGet(43)) - raft.server.log.statemachine.data.sync.timeout = 10s (default)
2019-08-28 12:08:48,860 [pool-450-thread-1] INFO  server.RaftServerConfigKeys (ConfUtils.java:logGet(43)) - raft.server.log.statemachine.data.sync.timeout.retry = -1 (default)
2019-08-28 12:08:48,861 [pool-450-thread-1] INFO  server.RaftServerConfigKeys (ConfUtils.java:logGet(43)) - raft.server.log.statemachine.data.caching.enabled = true (custom)
2019-08-28 12:08:48,861 [pool-450-thread-1] INFO  segmented.SegmentedRaftLogWorker (SegmentedRaftLogWorker.java:lambda$new$0(132)) - b393eaaf-48fc-4c06-ba9b-cdb8896dc2ee-SegmentedRaftLogWorker:Storage Directory /workdir/hadoop-ozone/integration-test/target/test-dir/MiniOzoneClusterImpl-c6369339-b721-4289-b411-c27671099042/datanode-1/data/ratis/5efa80db-40cc-4c64-b025-0d2e468d85d0: flushIndex: setUnconditionally 0 -> -1
2019-08-28 12:08:48,862 [pool-450-thread-1] INFO  server.RaftServerConfigKeys (ConfUtils.java:logGet(43)) - raft.server.snapshot.auto.trigger.enabled = true (custom)
2019-08-28 12:08:48,862 [pool-450-thread-1] INFO  server.RaftServerConfigKeys (ConfUtils.java:logGet(43)) - raft.server.snapshot.auto.trigger.threshold = 10000 (custom)
2019-08-28 12:08:48,862 [pool-450-thread-1] INFO  server.RaftServerConfigKeys (ConfUtils.java:logGet(43)) - raft.server.retrycache.expirytime = 600000ms (custom)
2019-08-28 12:08:48,862 [pool-450-thread-1] INFO  impl.RaftServerImpl (RaftServerImpl.java:start(180)) - b393eaaf-48fc-4c06-ba9b-cdb8896dc2ee: start group-0D2E468D85D0
2019-08-28 12:08:48,862 [pool-450-thread-1] INFO  impl.RaftServerImpl (RaftServerImpl.java:setRole(171)) - b393eaaf-48fc-4c06-ba9b-cdb8896dc2ee:group-0D2E468D85D0 changes role from null to FOLLOWER at term 0 for startAsFollower
2019-08-28 12:08:48,862 [pool-450-thread-1] INFO  impl.RoleInfo (RoleInfo.java:updateAndGet(143)) - b393eaaf-48fc-4c06-ba9b-cdb8896dc2ee: start FollowerState
2019-08-28 12:08:48,863 [pool-450-thread-1] INFO  util.JmxRegister (JmxRegister.java:tryRegister(44)) - Successfully registered JMX Bean with object name Ratis:service=RaftServer,group=group-0D2E468D85D0,id=b393eaaf-48fc-4c06-ba9b-cdb8896dc2ee
2019-08-28 12:08:48,868 [RatisPipelineUtilsThread] INFO  pipeline.PipelineStateManager (PipelineStateManager.java:addPipeline(56)) - Created pipeline Pipeline[ Id: 5efa80db-40cc-4c64-b025-0d2e468d85d0, Nodes: b393eaaf-48fc-4c06-ba9b-cdb8896dc2ee{ip: 192.168.36.80, host: pr-hdds-1949-gk6t9-2362663429, networkLocation: /default-rack, certSerialId: null}, Type:RATIS, Factor:ONE, State:OPEN]
2019-08-28 12:08:49,202 [main] INFO  ozone.MiniOzoneClusterImpl (MiniOzoneClusterImpl.java:lambda$waitForClusterToBeReady$0(144)) - Waiting for cluster to be ready. Got 2 of 7 DN Heartbeats.
2019-08-28 12:08:49,321 [IPC Server handler 3 on 35852] INFO  net.NetworkTopology (NetworkTopologyImpl.java:add(110)) - Added a new node: /default-rack/c236d778-ae7d-44ab-9790-03842f4247ab
2019-08-28 12:08:49,322 [IPC Server handler 3 on 35852] INFO  node.SCMNodeManager (SCMNodeManager.java:register(273)) - Registered Data node : c236d778-ae7d-44ab-9790-03842f4247ab{ip: 192.168.36.80, host: pr-hdds-1949-gk6t9-2362663429, networkLocation: /default-rack, certSerialId: null}
2019-08-28 12:08:49,322 | INFO  | SCMAudit | user=jenkins1000 | ip=192.168.36.80 | op=REGISTER {datanodeDetails=c236d778-ae7d-44ab-9790-03842f4247ab{ip: 192.168.36.80, host: pr-hdds-1949-gk6t9-2362663429, networkLocation: /default-rack, certSerialId: null}} | ret=SUCCESS |  
2019-08-28 12:08:49,333 [grpc-default-executor-6] INFO  impl.RaftServerProxy (RaftServerProxy.java:addNew(89)) - c236d778-ae7d-44ab-9790-03842f4247ab: addNew group-DE1376FE82D1:[c236d778-ae7d-44ab-9790-03842f4247ab:192.168.36.80:35772] returns group-DE1376FE82D1:java.util.concurrent.CompletableFuture@7a4ebd33[Not completed]
2019-08-28 12:08:49,334 [pool-461-thread-1] INFO  impl.RaftServerImpl (RaftServerImpl.java:<init>(93)) - c236d778-ae7d-44ab-9790-03842f4247ab: new RaftServerImpl for group-DE1376FE82D1:[c236d778-ae7d-44ab-9790-03842f4247ab:192.168.36.80:35772] with ContainerStateMachine:uninitialized
2019-08-28 12:08:49,335 [pool-461-thread-1] INFO  server.RaftServerConfigKeys (ConfUtils.java:logGet(43)) - raft.server.rpc.timeout.min = 5s (custom)
2019-08-28 12:08:49,335 [pool-461-thread-1] INFO  server.RaftServerConfigKeys (ConfUtils.java:logGet(43)) - raft.server.rpc.timeout.max = 5200ms (custom)
2019-08-28 12:08:49,335 [pool-461-thread-1] INFO  server.RaftServerConfigKeys (ConfUtils.java:logGet(43)) - raft.server.rpcslowness.timeout = 120s (custom)
2019-08-28 12:08:49,335 [pool-461-thread-1] INFO  server.RaftServerConfigKeys (ConfUtils.java:logGet(43)) - raft.server.sleep.deviation.threshold = 300 (default)
2019-08-28 12:08:49,335 [pool-461-thread-1] INFO  server.RaftServerConfigKeys (ConfUtils.java:logGet(43)) - raft.server.log.appender.install.snapshot.enabled = false (custom)
2019-08-28 12:08:49,335 [pool-461-thread-1] INFO  impl.RaftServerImpl (ServerState.java:<init>(105)) - c236d778-ae7d-44ab-9790-03842f4247ab:group-DE1376FE82D1 ConfigurationManager, init=-1: [c236d778-ae7d-44ab-9790-03842f4247ab:192.168.36.80:35772], old=null, confs=<EMPTY_MAP>
2019-08-28 12:08:49,335 [pool-461-thread-1] INFO  server.RaftServerConfigKeys (ConfUtils.java:logGet(43)) - raft.server.storage.dir = [/workdir/hadoop-ozone/integration-test/target/test-dir/MiniOzoneClusterImpl-c6369339-b721-4289-b411-c27671099042/datanode-2/data/ratis] (custom)
2019-08-28 12:08:49,336 [pool-461-thread-1] INFO  storage.RaftStorageDirectory (RaftStorageDirectory.java:analyzeStorage(246)) - The storage directory /workdir/hadoop-ozone/integration-test/target/test-dir/MiniOzoneClusterImpl-c6369339-b721-4289-b411-c27671099042/datanode-2/data/ratis/4b456e23-b56b-4cae-8c9d-de1376fe82d1 does not exist. Creating ...
2019-08-28 12:08:49,364 [pool-461-thread-1] INFO  storage.RaftStorageDirectory (RaftStorageDirectory.java:tryLock(328)) - Lock on /workdir/hadoop-ozone/integration-test/target/test-dir/MiniOzoneClusterImpl-c6369339-b721-4289-b411-c27671099042/datanode-2/data/ratis/4b456e23-b56b-4cae-8c9d-de1376fe82d1/in_use.lock acquired by nodename 23549@pr-hdds-1949-gk6t9-2362663429
2019-08-28 12:08:49,370 [pool-461-thread-1] INFO  storage.RaftStorage (RaftStorage.java:format(72)) - Storage directory /workdir/hadoop-ozone/integration-test/target/test-dir/MiniOzoneClusterImpl-c6369339-b721-4289-b411-c27671099042/datanode-2/data/ratis/4b456e23-b56b-4cae-8c9d-de1376fe82d1 has been successfully formatted.
2019-08-28 12:08:49,370 [pool-461-thread-1] INFO  ratis.ContainerStateMachine (ContainerStateMachine.java:loadSnapshot(227)) - group-DE1376FE82D1: The snapshot info is null. Setting the last applied indexto:(t:0, i:~)
2019-08-28 12:08:49,370 [pool-461-thread-1] INFO  server.RaftServerConfigKeys (ConfUtils.java:logGet(43)) - raft.server.leader.election.timeout = 120s (custom)
2019-08-28 12:08:49,370 [pool-461-thread-1] INFO  server.RaftServerConfigKeys (ConfUtils.java:logGet(43)) - raft.server.log.use.memory = false (default)
2019-08-28 12:08:49,370 [pool-461-thread-1] INFO  server.RaftServerConfigKeys (ConfUtils.java:logGet(43)) - raft.server.log.purge.gap = 1000000 (custom)
2019-08-28 12:08:49,370 [pool-461-thread-1] INFO  server.RaftServerConfigKeys (ConfUtils.java:logGet(43)) - raft.server.log.appender.buffer.byte-limit = 33554432 (custom)
2019-08-28 12:08:49,371 [pool-461-thread-1] INFO  server.RaftServerConfigKeys (ConfUtils.java:logGet(43)) - raft.server.log.segment.size.max = 1048576 (custom)
2019-08-28 12:08:49,371 [pool-461-thread-1] INFO  server.RaftServerConfigKeys (ConfUtils.java:logGet(43)) - raft.server.log.segment.cache.num.max = 2 (custom)
2019-08-28 12:08:49,371 [pool-461-thread-1] INFO  segmented.SegmentedRaftLogWorker (SegmentedRaftLogWorker.java:<init>(172)) - new c236d778-ae7d-44ab-9790-03842f4247ab-SegmentedRaftLogWorker:Storage Directory /workdir/hadoop-ozone/integration-test/target/test-dir/MiniOzoneClusterImpl-c6369339-b721-4289-b411-c27671099042/datanode-2/data/ratis/4b456e23-b56b-4cae-8c9d-de1376fe82d1 for RaftStorage:Storage Directory /workdir/hadoop-ozone/integration-test/target/test-dir/MiniOzoneClusterImpl-c6369339-b721-4289-b411-c27671099042/datanode-2/data/ratis/4b456e23-b56b-4cae-8c9d-de1376fe82d1
2019-08-28 12:08:49,371 [pool-461-thread-1] INFO  server.RaftServerConfigKeys (ConfUtils.java:logGet(43)) - raft.server.log.queue.byte-limit = 2147483647 (custom)
2019-08-28 12:08:49,371 [pool-461-thread-1] INFO  server.RaftServerConfigKeys (ConfUtils.java:logGet(43)) - raft.server.log.queue.element-limit = 1024 (custom)
2019-08-28 12:08:49,371 [pool-461-thread-1] INFO  server.RaftServerConfigKeys (ConfUtils.java:logGet(43)) - raft.server.log.segment.size.max = 1048576 (custom)
2019-08-28 12:08:49,371 [pool-461-thread-1] INFO  server.RaftServerConfigKeys (ConfUtils.java:logGet(43)) - raft.server.log.preallocated.size = 16384 (custom)
2019-08-28 12:08:49,371 [pool-461-thread-1] INFO  server.RaftServerConfigKeys (ConfUtils.java:logGet(43)) - raft.server.log.write.buffer.size = 33554432 (custom)
2019-08-28 12:08:49,372 [pool-461-thread-1] INFO  server.RaftServerConfigKeys (ConfUtils.java:logGet(43)) - raft.server.log.force.sync.num = 128 (default)
2019-08-28 12:08:49,372 [pool-461-thread-1] INFO  server.RaftServerConfigKeys (ConfUtils.java:logGet(43)) - raft.server.log.statemachine.data.sync = true (default)
2019-08-28 12:08:49,372 [pool-461-thread-1] INFO  server.RaftServerConfigKeys (ConfUtils.java:logGet(43)) - raft.server.log.statemachine.data.sync.timeout = 10s (default)
2019-08-28 12:08:49,372 [pool-461-thread-1] INFO  server.RaftServerConfigKeys (ConfUtils.java:logGet(43)) - raft.server.log.statemachine.data.sync.timeout.retry = -1 (default)
2019-08-28 12:08:49,372 [pool-461-thread-1] INFO  server.RaftServerConfigKeys (ConfUtils.java:logGet(43)) - raft.server.log.statemachine.data.caching.enabled = true (custom)
2019-08-28 12:08:49,372 [pool-461-thread-1] INFO  segmented.SegmentedRaftLogWorker (SegmentedRaftLogWorker.java:lambda$new$0(132)) - c236d778-ae7d-44ab-9790-03842f4247ab-SegmentedRaftLogWorker:Storage Directory /workdir/hadoop-ozone/integration-test/target/test-dir/MiniOzoneClusterImpl-c6369339-b721-4289-b411-c27671099042/datanode-2/data/ratis/4b456e23-b56b-4cae-8c9d-de1376fe82d1: flushIndex: setUnconditionally 0 -> -1
2019-08-28 12:08:49,373 [pool-461-thread-1] INFO  server.RaftServerConfigKeys (ConfUtils.java:logGet(43)) - raft.server.snapshot.auto.trigger.enabled = true (custom)
2019-08-28 12:08:49,373 [pool-461-thread-1] INFO  server.RaftServerConfigKeys (ConfUtils.java:logGet(43)) - raft.server.snapshot.auto.trigger.threshold = 10000 (custom)
2019-08-28 12:08:49,373 [pool-461-thread-1] INFO  server.RaftServerConfigKeys (ConfUtils.java:logGet(43)) - raft.server.retrycache.expirytime = 600000ms (custom)
2019-08-28 12:08:49,373 [pool-461-thread-1] INFO  impl.RaftServerImpl (RaftServerImpl.java:start(180)) - c236d778-ae7d-44ab-9790-03842f4247ab: start group-DE1376FE82D1
2019-08-28 12:08:49,373 [pool-461-thread-1] INFO  impl.RaftServerImpl (RaftServerImpl.java:setRole(171)) - c236d778-ae7d-44ab-9790-03842f4247ab:group-DE1376FE82D1 changes role from null to FOLLOWER at term 0 for startAsFollower
2019-08-28 12:08:49,373 [pool-461-thread-1] INFO  impl.RoleInfo (RoleInfo.java:updateAndGet(143)) - c236d778-ae7d-44ab-9790-03842f4247ab: start FollowerState
2019-08-28 12:08:49,374 [pool-461-thread-1] INFO  util.JmxRegister (JmxRegister.java:tryRegister(44)) - Successfully registered JMX Bean with object name Ratis:service=RaftServer,group=group-DE1376FE82D1,id=c236d778-ae7d-44ab-9790-03842f4247ab
2019-08-28 12:08:49,380 [RatisPipelineUtilsThread] INFO  pipeline.PipelineStateManager (PipelineStateManager.java:addPipeline(56)) - Created pipeline Pipeline[ Id: 4b456e23-b56b-4cae-8c9d-de1376fe82d1, Nodes: c236d778-ae7d-44ab-9790-03842f4247ab{ip: 192.168.36.80, host: pr-hdds-1949-gk6t9-2362663429, networkLocation: /default-rack, certSerialId: null}, Type:RATIS, Factor:ONE, State:OPEN]
2019-08-28 12:08:49,394 [grpc-default-executor-5] INFO  impl.RaftServerProxy (RaftServerProxy.java:addNew(89)) - b393eaaf-48fc-4c06-ba9b-cdb8896dc2ee: addNew group-A86B04BA5B76:[0c3b8344-cdf9-4d1e-a488-759371ee96af:192.168.36.80:43301, c236d778-ae7d-44ab-9790-03842f4247ab:192.168.36.80:35772, b393eaaf-48fc-4c06-ba9b-cdb8896dc2ee:192.168.36.80:41658] returns group-A86B04BA5B76:java.util.concurrent.CompletableFuture@662c61e3[Not completed]
2019-08-28 12:08:49,394 [grpc-default-executor-6] INFO  impl.RaftServerProxy (RaftServerProxy.java:addNew(89)) - c236d778-ae7d-44ab-9790-03842f4247ab: addNew group-A86B04BA5B76:[0c3b8344-cdf9-4d1e-a488-759371ee96af:192.168.36.80:43301, c236d778-ae7d-44ab-9790-03842f4247ab:192.168.36.80:35772, b393eaaf-48fc-4c06-ba9b-cdb8896dc2ee:192.168.36.80:41658] returns group-A86B04BA5B76:java.util.concurrent.CompletableFuture@54d9d8be[Not completed]
2019-08-28 12:08:49,397 [grpc-default-executor-7] INFO  impl.RaftServerProxy (RaftServerProxy.java:addNew(89)) - 0c3b8344-cdf9-4d1e-a488-759371ee96af: addNew group-A86B04BA5B76:[0c3b8344-cdf9-4d1e-a488-759371ee96af:192.168.36.80:43301, c236d778-ae7d-44ab-9790-03842f4247ab:192.168.36.80:35772, b393eaaf-48fc-4c06-ba9b-cdb8896dc2ee:192.168.36.80:41658] returns group-A86B04BA5B76:java.util.concurrent.CompletableFuture@83675be[Not completed]
2019-08-28 12:08:49,398 [pool-450-thread-1] INFO  impl.RaftServerImpl (RaftServerImpl.java:<init>(93)) - b393eaaf-48fc-4c06-ba9b-cdb8896dc2ee: new RaftServerImpl for group-A86B04BA5B76:[0c3b8344-cdf9-4d1e-a488-759371ee96af:192.168.36.80:43301, c236d778-ae7d-44ab-9790-03842f4247ab:192.168.36.80:35772, b393eaaf-48fc-4c06-ba9b-cdb8896dc2ee:192.168.36.80:41658] with ContainerStateMachine:uninitialized
2019-08-28 12:08:49,398 [pool-450-thread-1] INFO  server.RaftServerConfigKeys (ConfUtils.java:logGet(43)) - raft.server.rpc.timeout.min = 5s (custom)
2019-08-28 12:08:49,398 [pool-450-thread-1] INFO  server.RaftServerConfigKeys (ConfUtils.java:logGet(43)) - raft.server.rpc.timeout.max = 5200ms (custom)
2019-08-28 12:08:49,398 [pool-450-thread-1] INFO  server.RaftServerConfigKeys (ConfUtils.java:logGet(43)) - raft.server.rpcslowness.timeout = 120s (custom)
2019-08-28 12:08:49,398 [pool-450-thread-1] INFO  server.RaftServerConfigKeys (ConfUtils.java:logGet(43)) - raft.server.sleep.deviation.threshold = 300 (default)
2019-08-28 12:08:49,398 [pool-450-thread-1] INFO  server.RaftServerConfigKeys (ConfUtils.java:logGet(43)) - raft.server.log.appender.install.snapshot.enabled = false (custom)
2019-08-28 12:08:49,398 [pool-461-thread-1] INFO  impl.RaftServerImpl (RaftServerImpl.java:<init>(93)) - c236d778-ae7d-44ab-9790-03842f4247ab: new RaftServerImpl for group-A86B04BA5B76:[0c3b8344-cdf9-4d1e-a488-759371ee96af:192.168.36.80:43301, c236d778-ae7d-44ab-9790-03842f4247ab:192.168.36.80:35772, b393eaaf-48fc-4c06-ba9b-cdb8896dc2ee:192.168.36.80:41658] with ContainerStateMachine:uninitialized
2019-08-28 12:08:49,398 [pool-450-thread-1] INFO  impl.RaftServerImpl (ServerState.java:<init>(105)) - b393eaaf-48fc-4c06-ba9b-cdb8896dc2ee:group-A86B04BA5B76 ConfigurationManager, init=-1: [0c3b8344-cdf9-4d1e-a488-759371ee96af:192.168.36.80:43301, c236d778-ae7d-44ab-9790-03842f4247ab:192.168.36.80:35772, b393eaaf-48fc-4c06-ba9b-cdb8896dc2ee:192.168.36.80:41658], old=null, confs=<EMPTY_MAP>
2019-08-28 12:08:49,398 [pool-461-thread-1] INFO  server.RaftServerConfigKeys (ConfUtils.java:logGet(43)) - raft.server.rpc.timeout.min = 5s (custom)
2019-08-28 12:08:49,398 [pool-450-thread-1] INFO  server.RaftServerConfigKeys (ConfUtils.java:logGet(43)) - raft.server.storage.dir = [/workdir/hadoop-ozone/integration-test/target/test-dir/MiniOzoneClusterImpl-c6369339-b721-4289-b411-c27671099042/datanode-1/data/ratis] (custom)
2019-08-28 12:08:49,398 [pool-439-thread-1] INFO  impl.RaftServerImpl (RaftServerImpl.java:<init>(93)) - 0c3b8344-cdf9-4d1e-a488-759371ee96af: new RaftServerImpl for group-A86B04BA5B76:[0c3b8344-cdf9-4d1e-a488-759371ee96af:192.168.36.80:43301, c236d778-ae7d-44ab-9790-03842f4247ab:192.168.36.80:35772, b393eaaf-48fc-4c06-ba9b-cdb8896dc2ee:192.168.36.80:41658] with ContainerStateMachine:uninitialized
2019-08-28 12:08:49,399 [pool-461-thread-1] INFO  server.RaftServerConfigKeys (ConfUtils.java:logGet(43)) - raft.server.rpc.timeout.max = 5200ms (custom)
2019-08-28 12:08:49,399 [pool-439-thread-1] INFO  server.RaftServerConfigKeys (ConfUtils.java:logGet(43)) - raft.server.rpc.timeout.min = 5s (custom)
2019-08-28 12:08:49,399 [pool-450-thread-1] INFO  storage.RaftStorageDirectory (RaftStorageDirectory.java:analyzeStorage(246)) - The storage directory /workdir/hadoop-ozone/integration-test/target/test-dir/MiniOzoneClusterImpl-c6369339-b721-4289-b411-c27671099042/datanode-1/data/ratis/a913ba12-8ed5-4df3-97e7-a86b04ba5b76 does not exist. Creating ...
2019-08-28 12:08:49,399 [pool-461-thread-1] INFO  server.RaftServerConfigKeys (ConfUtils.java:logGet(43)) - raft.server.rpcslowness.timeout = 120s (custom)
2019-08-28 12:08:49,399 [pool-439-thread-1] INFO  server.RaftServerConfigKeys (ConfUtils.java:logGet(43)) - raft.server.rpc.timeout.max = 5200ms (custom)
2019-08-28 12:08:49,399 [pool-461-thread-1] INFO  server.RaftServerConfigKeys (ConfUtils.java:logGet(43)) - raft.server.sleep.deviation.threshold = 300 (default)
2019-08-28 12:08:49,399 [pool-439-thread-1] INFO  server.RaftServerConfigKeys (ConfUtils.java:logGet(43)) - raft.server.rpcslowness.timeout = 120s (custom)
2019-08-28 12:08:49,399 [pool-461-thread-1] INFO  server.RaftServerConfigKeys (ConfUtils.java:logGet(43)) - raft.server.log.appender.install.snapshot.enabled = false (custom)
2019-08-28 12:08:49,399 [pool-439-thread-1] INFO  server.RaftServerConfigKeys (ConfUtils.java:logGet(43)) - raft.server.sleep.deviation.threshold = 300 (default)
2019-08-28 12:08:49,400 [pool-461-thread-1] INFO  impl.RaftServerImpl (ServerState.java:<init>(105)) - c236d778-ae7d-44ab-9790-03842f4247ab:group-A86B04BA5B76 ConfigurationManager, init=-1: [0c3b8344-cdf9-4d1e-a488-759371ee96af:192.168.36.80:43301, c236d778-ae7d-44ab-9790-03842f4247ab:192.168.36.80:35772, b393eaaf-48fc-4c06-ba9b-cdb8896dc2ee:192.168.36.80:41658], old=null, confs=<EMPTY_MAP>
2019-08-28 12:08:49,400 [pool-439-thread-1] INFO  server.RaftServerConfigKeys (ConfUtils.java:logGet(43)) - raft.server.log.appender.install.snapshot.enabled = false (custom)
2019-08-28 12:08:49,400 [pool-461-thread-1] INFO  server.RaftServerConfigKeys (ConfUtils.java:logGet(43)) - raft.server.storage.dir = [/workdir/hadoop-ozone/integration-test/target/test-dir/MiniOzoneClusterImpl-c6369339-b721-4289-b411-c27671099042/datanode-2/data/ratis] (custom)
2019-08-28 12:08:49,400 [pool-439-thread-1] INFO  impl.RaftServerImpl (ServerState.java:<init>(105)) - 0c3b8344-cdf9-4d1e-a488-759371ee96af:group-A86B04BA5B76 ConfigurationManager, init=-1: [0c3b8344-cdf9-4d1e-a488-759371ee96af:192.168.36.80:43301, c236d778-ae7d-44ab-9790-03842f4247ab:192.168.36.80:35772, b393eaaf-48fc-4c06-ba9b-cdb8896dc2ee:192.168.36.80:41658], old=null, confs=<EMPTY_MAP>
2019-08-28 12:08:49,400 [pool-439-thread-1] INFO  server.RaftServerConfigKeys (ConfUtils.java:logGet(43)) - raft.server.storage.dir = [/workdir/hadoop-ozone/integration-test/target/test-dir/MiniOzoneClusterImpl-c6369339-b721-4289-b411-c27671099042/datanode-0/data/ratis] (custom)
2019-08-28 12:08:49,400 [pool-461-thread-1] INFO  storage.RaftStorageDirectory (RaftStorageDirectory.java:analyzeStorage(246)) - The storage directory /workdir/hadoop-ozone/integration-test/target/test-dir/MiniOzoneClusterImpl-c6369339-b721-4289-b411-c27671099042/datanode-2/data/ratis/a913ba12-8ed5-4df3-97e7-a86b04ba5b76 does not exist. Creating ...
2019-08-28 12:08:49,400 [pool-439-thread-1] INFO  storage.RaftStorageDirectory (RaftStorageDirectory.java:analyzeStorage(246)) - The storage directory /workdir/hadoop-ozone/integration-test/target/test-dir/MiniOzoneClusterImpl-c6369339-b721-4289-b411-c27671099042/datanode-0/data/ratis/a913ba12-8ed5-4df3-97e7-a86b04ba5b76 does not exist. Creating ...
2019-08-28 12:08:49,412 [pool-450-thread-1] INFO  storage.RaftStorageDirectory (RaftStorageDirectory.java:tryLock(328)) - Lock on /workdir/hadoop-ozone/integration-test/target/test-dir/MiniOzoneClusterImpl-c6369339-b721-4289-b411-c27671099042/datanode-1/data/ratis/a913ba12-8ed5-4df3-97e7-a86b04ba5b76/in_use.lock acquired by nodename 23549@pr-hdds-1949-gk6t9-2362663429
2019-08-28 12:08:49,412 [pool-461-thread-1] INFO  storage.RaftStorageDirectory (RaftStorageDirectory.java:tryLock(328)) - Lock on /workdir/hadoop-ozone/integration-test/target/test-dir/MiniOzoneClusterImpl-c6369339-b721-4289-b411-c27671099042/datanode-2/data/ratis/a913ba12-8ed5-4df3-97e7-a86b04ba5b76/in_use.lock acquired by nodename 23549@pr-hdds-1949-gk6t9-2362663429
2019-08-28 12:08:49,412 [pool-439-thread-1] INFO  storage.RaftStorageDirectory (RaftStorageDirectory.java:tryLock(328)) - Lock on /workdir/hadoop-ozone/integration-test/target/test-dir/MiniOzoneClusterImpl-c6369339-b721-4289-b411-c27671099042/datanode-0/data/ratis/a913ba12-8ed5-4df3-97e7-a86b04ba5b76/in_use.lock acquired by nodename 23549@pr-hdds-1949-gk6t9-2362663429
2019-08-28 12:08:49,426 [pool-439-thread-1] INFO  storage.RaftStorage (RaftStorage.java:format(72)) - Storage directory /workdir/hadoop-ozone/integration-test/target/test-dir/MiniOzoneClusterImpl-c6369339-b721-4289-b411-c27671099042/datanode-0/data/ratis/a913ba12-8ed5-4df3-97e7-a86b04ba5b76 has been successfully formatted.
2019-08-28 12:08:49,426 [pool-450-thread-1] INFO  storage.RaftStorage (RaftStorage.java:format(72)) - Storage directory /workdir/hadoop-ozone/integration-test/target/test-dir/MiniOzoneClusterImpl-c6369339-b721-4289-b411-c27671099042/datanode-1/data/ratis/a913ba12-8ed5-4df3-97e7-a86b04ba5b76 has been successfully formatted.
2019-08-28 12:08:49,426 [pool-461-thread-1] INFO  storage.RaftStorage (RaftStorage.java:format(72)) - Storage directory /workdir/hadoop-ozone/integration-test/target/test-dir/MiniOzoneClusterImpl-c6369339-b721-4289-b411-c27671099042/datanode-2/data/ratis/a913ba12-8ed5-4df3-97e7-a86b04ba5b76 has been successfully formatted.
2019-08-28 12:08:49,427 [pool-450-thread-1] INFO  ratis.ContainerStateMachine (ContainerStateMachine.java:loadSnapshot(227)) - group-A86B04BA5B76: The snapshot info is null. Setting the last applied indexto:(t:0, i:~)
2019-08-28 12:08:49,426 [pool-439-thread-1] INFO  ratis.ContainerStateMachine (ContainerStateMachine.java:loadSnapshot(227)) - group-A86B04BA5B76: The snapshot info is null. Setting the last applied indexto:(t:0, i:~)
2019-08-28 12:08:49,427 [pool-450-thread-1] INFO  server.RaftServerConfigKeys (ConfUtils.java:logGet(43)) - raft.server.leader.election.timeout = 120s (custom)
2019-08-28 12:08:49,427 [pool-439-thread-1] INFO  server.RaftServerConfigKeys (ConfUtils.java:logGet(43)) - raft.server.leader.election.timeout = 120s (custom)
2019-08-28 12:08:49,427 [pool-461-thread-1] INFO  ratis.ContainerStateMachine (ContainerStateMachine.java:loadSnapshot(227)) - group-A86B04BA5B76: The snapshot info is null. Setting the last applied indexto:(t:0, i:~)
2019-08-28 12:08:49,427 [pool-439-thread-1] INFO  server.RaftServerConfigKeys (ConfUtils.java:logGet(43)) - raft.server.log.use.memory = false (default)
2019-08-28 12:08:49,427 [pool-450-thread-1] INFO  server.RaftServerConfigKeys (ConfUtils.java:logGet(43)) - raft.server.log.use.memory = false (default)
2019-08-28 12:08:49,427 [pool-439-thread-1] INFO  server.RaftServerConfigKeys (ConfUtils.java:logGet(43)) - raft.server.log.purge.gap = 1000000 (custom)
2019-08-28 12:08:49,427 [pool-461-thread-1] INFO  server.RaftServerConfigKeys (ConfUtils.java:logGet(43)) - raft.server.leader.election.timeout = 120s (custom)
2019-08-28 12:08:49,428 [pool-439-thread-1] INFO  server.RaftServerConfigKeys (ConfUtils.java:logGet(43)) - raft.server.log.appender.buffer.byte-limit = 33554432 (custom)
2019-08-28 12:08:49,427 [pool-450-thread-1] INFO  server.RaftServerConfigKeys (ConfUtils.java:logGet(43)) - raft.server.log.purge.gap = 1000000 (custom)
2019-08-28 12:08:49,428 [pool-439-thread-1] INFO  server.RaftServerConfigKeys (ConfUtils.java:logGet(43)) - raft.server.log.segment.size.max = 1048576 (custom)
2019-08-28 12:08:49,428 [pool-461-thread-1] INFO  server.RaftServerConfigKeys (ConfUtils.java:logGet(43)) - raft.server.log.use.memory = false (default)
2019-08-28 12:08:49,428 [pool-439-thread-1] INFO  server.RaftServerConfigKeys (ConfUtils.java:logGet(43)) - raft.server.log.segment.cache.num.max = 2 (custom)
2019-08-28 12:08:49,428 [pool-450-thread-1] INFO  server.RaftServerConfigKeys (ConfUtils.java:logGet(43)) - raft.server.log.appender.buffer.byte-limit = 33554432 (custom)
2019-08-28 12:08:49,428 [pool-439-thread-1] INFO  segmented.SegmentedRaftLogWorker (SegmentedRaftLogWorker.java:<init>(172)) - new 0c3b8344-cdf9-4d1e-a488-759371ee96af-SegmentedRaftLogWorker:Storage Directory /workdir/hadoop-ozone/integration-test/target/test-dir/MiniOzoneClusterImpl-c6369339-b721-4289-b411-c27671099042/datanode-0/data/ratis/a913ba12-8ed5-4df3-97e7-a86b04ba5b76 for RaftStorage:Storage Directory /workdir/hadoop-ozone/integration-test/target/test-dir/MiniOzoneClusterImpl-c6369339-b721-4289-b411-c27671099042/datanode-0/data/ratis/a913ba12-8ed5-4df3-97e7-a86b04ba5b76
2019-08-28 12:08:49,428 [pool-461-thread-1] INFO  server.RaftServerConfigKeys (ConfUtils.java:logGet(43)) - raft.server.log.purge.gap = 1000000 (custom)
2019-08-28 12:08:49,428 [pool-439-thread-1] INFO  server.RaftServerConfigKeys (ConfUtils.java:logGet(43)) - raft.server.log.queue.byte-limit = 2147483647 (custom)
2019-08-28 12:08:49,428 [pool-450-thread-1] INFO  server.RaftServerConfigKeys (ConfUtils.java:logGet(43)) - raft.server.log.segment.size.max = 1048576 (custom)
2019-08-28 12:08:49,429 [pool-439-thread-1] INFO  server.RaftServerConfigKeys (ConfUtils.java:logGet(43)) - raft.server.log.queue.element-limit = 1024 (custom)
2019-08-28 12:08:49,429 [pool-461-thread-1] INFO  server.RaftServerConfigKeys (ConfUtils.java:logGet(43)) - raft.server.log.appender.buffer.byte-limit = 33554432 (custom)
2019-08-28 12:08:49,429 [pool-439-thread-1] INFO  server.RaftServerConfigKeys (ConfUtils.java:logGet(43)) - raft.server.log.segment.size.max = 1048576 (custom)
2019-08-28 12:08:49,429 [pool-450-thread-1] INFO  server.RaftServerConfigKeys (ConfUtils.java:logGet(43)) - raft.server.log.segment.cache.num.max = 2 (custom)
2019-08-28 12:08:49,429 [pool-439-thread-1] INFO  server.RaftServerConfigKeys (ConfUtils.java:logGet(43)) - raft.server.log.preallocated.size = 16384 (custom)
2019-08-28 12:08:49,429 [pool-439-thread-1] INFO  server.RaftServerConfigKeys (ConfUtils.java:logGet(43)) - raft.server.log.write.buffer.size = 33554432 (custom)
2019-08-28 12:08:49,429 [pool-461-thread-1] INFO  server.RaftServerConfigKeys (ConfUtils.java:logGet(43)) - raft.server.log.segment.size.max = 1048576 (custom)
2019-08-28 12:08:49,429 [pool-439-thread-1] INFO  server.RaftServerConfigKeys (ConfUtils.java:logGet(43)) - raft.server.log.force.sync.num = 128 (default)
2019-08-28 12:08:49,429 [pool-450-thread-1] INFO  segmented.SegmentedRaftLogWorker (SegmentedRaftLogWorker.java:<init>(172)) - new b393eaaf-48fc-4c06-ba9b-cdb8896dc2ee-SegmentedRaftLogWorker:Storage Directory /workdir/hadoop-ozone/integration-test/target/test-dir/MiniOzoneClusterImpl-c6369339-b721-4289-b411-c27671099042/datanode-1/data/ratis/a913ba12-8ed5-4df3-97e7-a86b04ba5b76 for RaftStorage:Storage Directory /workdir/hadoop-ozone/integration-test/target/test-dir/MiniOzoneClusterImpl-c6369339-b721-4289-b411-c27671099042/datanode-1/data/ratis/a913ba12-8ed5-4df3-97e7-a86b04ba5b76
2019-08-28 12:08:49,429 [pool-439-thread-1] INFO  server.RaftServerConfigKeys (ConfUtils.java:logGet(43)) - raft.server.log.statemachine.data.sync = true (default)
2019-08-28 12:08:49,429 [pool-461-thread-1] INFO  server.RaftServerConfigKeys (ConfUtils.java:logGet(43)) - raft.server.log.segment.cache.num.max = 2 (custom)
2019-08-28 12:08:49,430 [pool-439-thread-1] INFO  server.RaftServerConfigKeys (ConfUtils.java:logGet(43)) - raft.server.log.statemachine.data.sync.timeout = 10s (default)
2019-08-28 12:08:49,430 [pool-450-thread-1] INFO  server.RaftServerConfigKeys (ConfUtils.java:logGet(43)) - raft.server.log.queue.byte-limit = 2147483647 (custom)
2019-08-28 12:08:49,430 [pool-439-thread-1] INFO  server.RaftServerConfigKeys (ConfUtils.java:logGet(43)) - raft.server.log.statemachine.data.sync.timeout.retry = -1 (default)
2019-08-28 12:08:49,430 [pool-461-thread-1] INFO  segmented.SegmentedRaftLogWorker (SegmentedRaftLogWorker.java:<init>(172)) - new c236d778-ae7d-44ab-9790-03842f4247ab-SegmentedRaftLogWorker:Storage Directory /workdir/hadoop-ozone/integration-test/target/test-dir/MiniOzoneClusterImpl-c6369339-b721-4289-b411-c27671099042/datanode-2/data/ratis/a913ba12-8ed5-4df3-97e7-a86b04ba5b76 for RaftStorage:Storage Directory /workdir/hadoop-ozone/integration-test/target/test-dir/MiniOzoneClusterImpl-c6369339-b721-4289-b411-c27671099042/datanode-2/data/ratis/a913ba12-8ed5-4df3-97e7-a86b04ba5b76
2019-08-28 12:08:49,430 [pool-439-thread-1] INFO  server.RaftServerConfigKeys (ConfUtils.java:logGet(43)) - raft.server.log.statemachine.data.caching.enabled = true (custom)
2019-08-28 12:08:49,430 [pool-450-thread-1] INFO  server.RaftServerConfigKeys (ConfUtils.java:logGet(43)) - raft.server.log.queue.element-limit = 1024 (custom)
2019-08-28 12:08:49,430 [pool-461-thread-1] INFO  server.RaftServerConfigKeys (ConfUtils.java:logGet(43)) - raft.server.log.queue.byte-limit = 2147483647 (custom)
2019-08-28 12:08:49,430 [pool-450-thread-1] INFO  server.RaftServerConfigKeys (ConfUtils.java:logGet(43)) - raft.server.log.segment.size.max = 1048576 (custom)
2019-08-28 12:08:49,430 [pool-439-thread-1] INFO  segmented.SegmentedRaftLogWorker (SegmentedRaftLogWorker.java:lambda$new$0(132)) - 0c3b8344-cdf9-4d1e-a488-759371ee96af-SegmentedRaftLogWorker:Storage Directory /workdir/hadoop-ozone/integration-test/target/test-dir/MiniOzoneClusterImpl-c6369339-b721-4289-b411-c27671099042/datanode-0/data/ratis/a913ba12-8ed5-4df3-97e7-a86b04ba5b76: flushIndex: setUnconditionally 0 -> -1
2019-08-28 12:08:49,431 [pool-450-thread-1] INFO  server.RaftServerConfigKeys (ConfUtils.java:logGet(43)) - raft.server.log.preallocated.size = 16384 (custom)
2019-08-28 12:08:49,431 [pool-439-thread-1] INFO  server.RaftServerConfigKeys (ConfUtils.java:logGet(43)) - raft.server.snapshot.auto.trigger.enabled = true (custom)
2019-08-28 12:08:49,431 [pool-461-thread-1] INFO  server.RaftServerConfigKeys (ConfUtils.java:logGet(43)) - raft.server.log.queue.element-limit = 1024 (custom)
2019-08-28 12:08:49,431 [pool-439-thread-1] INFO  server.RaftServerConfigKeys (ConfUtils.java:logGet(43)) - raft.server.snapshot.auto.trigger.threshold = 10000 (custom)
2019-08-28 12:08:49,431 [pool-450-thread-1] INFO  server.RaftServerConfigKeys (ConfUtils.java:logGet(43)) - raft.server.log.write.buffer.size = 33554432 (custom)
2019-08-28 12:08:49,431 [pool-439-thread-1] INFO  server.RaftServerConfigKeys (ConfUtils.java:logGet(43)) - raft.server.retrycache.expirytime = 600000ms (custom)
2019-08-28 12:08:49,431 [pool-461-thread-1] INFO  server.RaftServerConfigKeys (ConfUtils.java:logGet(43)) - raft.server.log.segment.size.max = 1048576 (custom)
2019-08-28 12:08:49,431 [pool-439-thread-1] INFO  impl.RaftServerImpl (RaftServerImpl.java:start(180)) - 0c3b8344-cdf9-4d1e-a488-759371ee96af: start group-A86B04BA5B76
2019-08-28 12:08:49,431 [pool-450-thread-1] INFO  server.RaftServerConfigKeys (ConfUtils.java:logGet(43)) - raft.server.log.force.sync.num = 128 (default)
2019-08-28 12:08:49,432 [pool-439-thread-1] INFO  impl.RaftServerImpl (RaftServerImpl.java:setRole(171)) - 0c3b8344-cdf9-4d1e-a488-759371ee96af:group-A86B04BA5B76 changes role from null to FOLLOWER at term 0 for startAsFollower
2019-08-28 12:08:49,431 [pool-461-thread-1] INFO  server.RaftServerConfigKeys (ConfUtils.java:logGet(43)) - raft.server.log.preallocated.size = 16384 (custom)
2019-08-28 12:08:49,432 [pool-439-thread-1] INFO  impl.RoleInfo (RoleInfo.java:updateAndGet(143)) - 0c3b8344-cdf9-4d1e-a488-759371ee96af: start FollowerState
2019-08-28 12:08:49,432 [pool-450-thread-1] INFO  server.RaftServerConfigKeys (ConfUtils.java:logGet(43)) - raft.server.log.statemachine.data.sync = true (default)
2019-08-28 12:08:49,432 [pool-461-thread-1] INFO  server.RaftServerConfigKeys (ConfUtils.java:logGet(43)) - raft.server.log.write.buffer.size = 33554432 (custom)
2019-08-28 12:08:49,432 [pool-450-thread-1] INFO  server.RaftServerConfigKeys (ConfUtils.java:logGet(43)) - raft.server.log.statemachine.data.sync.timeout = 10s (default)
2019-08-28 12:08:49,432 [pool-439-thread-1] INFO  util.JmxRegister (JmxRegister.java:tryRegister(44)) - Successfully registered JMX Bean with object name Ratis:service=RaftServer,group=group-A86B04BA5B76,id=0c3b8344-cdf9-4d1e-a488-759371ee96af
2019-08-28 12:08:49,432 [pool-461-thread-1] INFO  server.RaftServerConfigKeys (ConfUtils.java:logGet(43)) - raft.server.log.force.sync.num = 128 (default)
2019-08-28 12:08:49,432 [pool-450-thread-1] INFO  server.RaftServerConfigKeys (ConfUtils.java:logGet(43)) - raft.server.log.statemachine.data.sync.timeout.retry = -1 (default)
2019-08-28 12:08:49,432 [pool-461-thread-1] INFO  server.RaftServerConfigKeys (ConfUtils.java:logGet(43)) - raft.server.log.statemachine.data.sync = true (default)
2019-08-28 12:08:49,433 [pool-450-thread-1] INFO  server.RaftServerConfigKeys (ConfUtils.java:logGet(43)) - raft.server.log.statemachine.data.caching.enabled = true (custom)
2019-08-28 12:08:49,433 [pool-461-thread-1] INFO  server.RaftServerConfigKeys (ConfUtils.java:logGet(43)) - raft.server.log.statemachine.data.sync.timeout = 10s (default)
2019-08-28 12:08:49,433 [pool-461-thread-1] INFO  server.RaftServerConfigKeys (ConfUtils.java:logGet(43)) - raft.server.log.statemachine.data.sync.timeout.retry = -1 (default)
2019-08-28 12:08:49,433 [pool-450-thread-1] INFO  segmented.SegmentedRaftLogWorker (SegmentedRaftLogWorker.java:lambda$new$0(132)) - b393eaaf-48fc-4c06-ba9b-cdb8896dc2ee-SegmentedRaftLogWorker:Storage Directory /workdir/hadoop-ozone/integration-test/target/test-dir/MiniOzoneClusterImpl-c6369339-b721-4289-b411-c27671099042/datanode-1/data/ratis/a913ba12-8ed5-4df3-97e7-a86b04ba5b76: flushIndex: setUnconditionally 0 -> -1
2019-08-28 12:08:49,433 [pool-461-thread-1] INFO  server.RaftServerConfigKeys (ConfUtils.java:logGet(43)) - raft.server.log.statemachine.data.caching.enabled = true (custom)
2019-08-28 12:08:49,433 [pool-461-thread-1] INFO  segmented.SegmentedRaftLogWorker (SegmentedRaftLogWorker.java:lambda$new$0(132)) - c236d778-ae7d-44ab-9790-03842f4247ab-SegmentedRaftLogWorker:Storage Directory /workdir/hadoop-ozone/integration-test/target/test-dir/MiniOzoneClusterImpl-c6369339-b721-4289-b411-c27671099042/datanode-2/data/ratis/a913ba12-8ed5-4df3-97e7-a86b04ba5b76: flushIndex: setUnconditionally 0 -> -1
2019-08-28 12:08:49,433 [pool-450-thread-1] INFO  server.RaftServerConfigKeys (ConfUtils.java:logGet(43)) - raft.server.snapshot.auto.trigger.enabled = true (custom)
2019-08-28 12:08:49,436 [pool-461-thread-1] INFO  server.RaftServerConfigKeys (ConfUtils.java:logGet(43)) - raft.server.snapshot.auto.trigger.enabled = true (custom)
2019-08-28 12:08:49,436 [pool-450-thread-1] INFO  server.RaftServerConfigKeys (ConfUtils.java:logGet(43)) - raft.server.snapshot.auto.trigger.threshold = 10000 (custom)
2019-08-28 12:08:49,436 [pool-461-thread-1] INFO  server.RaftServerConfigKeys (ConfUtils.java:logGet(43)) - raft.server.snapshot.auto.trigger.threshold = 10000 (custom)
2019-08-28 12:08:49,436 [pool-450-thread-1] INFO  server.RaftServerConfigKeys (ConfUtils.java:logGet(43)) - raft.server.retrycache.expirytime = 600000ms (custom)
2019-08-28 12:08:49,436 [pool-461-thread-1] INFO  server.RaftServerConfigKeys (ConfUtils.java:logGet(43)) - raft.server.retrycache.expirytime = 600000ms (custom)
2019-08-28 12:08:49,436 [pool-461-thread-1] INFO  impl.RaftServerImpl (RaftServerImpl.java:start(180)) - c236d778-ae7d-44ab-9790-03842f4247ab: start group-A86B04BA5B76
2019-08-28 12:08:49,436 [pool-450-thread-1] INFO  impl.RaftServerImpl (RaftServerImpl.java:start(180)) - b393eaaf-48fc-4c06-ba9b-cdb8896dc2ee: start group-A86B04BA5B76
2019-08-28 12:08:49,437 [pool-461-thread-1] INFO  impl.RaftServerImpl (RaftServerImpl.java:setRole(171)) - c236d778-ae7d-44ab-9790-03842f4247ab:group-A86B04BA5B76 changes role from null to FOLLOWER at term 0 for startAsFollower
2019-08-28 12:08:49,437 [pool-450-thread-1] INFO  impl.RaftServerImpl (RaftServerImpl.java:setRole(171)) - b393eaaf-48fc-4c06-ba9b-cdb8896dc2ee:group-A86B04BA5B76 changes role from null to FOLLOWER at term 0 for startAsFollower
2019-08-28 12:08:49,437 [pool-461-thread-1] INFO  impl.RoleInfo (RoleInfo.java:updateAndGet(143)) - c236d778-ae7d-44ab-9790-03842f4247ab: start FollowerState
2019-08-28 12:08:49,437 [pool-450-thread-1] INFO  impl.RoleInfo (RoleInfo.java:updateAndGet(143)) - b393eaaf-48fc-4c06-ba9b-cdb8896dc2ee: start FollowerState
2019-08-28 12:08:49,437 [pool-461-thread-1] INFO  util.JmxRegister (JmxRegister.java:tryRegister(44)) - Successfully registered JMX Bean with object name Ratis:service=RaftServer,group=group-A86B04BA5B76,id=c236d778-ae7d-44ab-9790-03842f4247ab
2019-08-28 12:08:49,437 [pool-450-thread-1] INFO  util.JmxRegister (JmxRegister.java:tryRegister(44)) - Successfully registered JMX Bean with object name Ratis:service=RaftServer,group=group-A86B04BA5B76,id=b393eaaf-48fc-4c06-ba9b-cdb8896dc2ee
2019-08-28 12:08:49,441 [RatisPipelineUtilsThread] INFO  pipeline.PipelineStateManager (PipelineStateManager.java:addPipeline(56)) - Created pipeline Pipeline[ Id: a913ba12-8ed5-4df3-97e7-a86b04ba5b76, Nodes: 0c3b8344-cdf9-4d1e-a488-759371ee96af{ip: 192.168.36.80, host: pr-hdds-1949-gk6t9-2362663429, networkLocation: /default-rack, certSerialId: null}c236d778-ae7d-44ab-9790-03842f4247ab{ip: 192.168.36.80, host: pr-hdds-1949-gk6t9-2362663429, networkLocation: /default-rack, certSerialId: null}b393eaaf-48fc-4c06-ba9b-cdb8896dc2ee{ip: 192.168.36.80, host: pr-hdds-1949-gk6t9-2362663429, networkLocation: /default-rack, certSerialId: null}, Type:RATIS, Factor:THREE, State:OPEN]
2019-08-28 12:08:49,542 [IPC Server handler 5 on 35852] INFO  net.NetworkTopology (NetworkTopologyImpl.java:add(110)) - Added a new node: /default-rack/9ec19c9d-2043-406f-82f9-255ab4ee7628
2019-08-28 12:08:49,542 [IPC Server handler 5 on 35852] INFO  node.SCMNodeManager (SCMNodeManager.java:register(273)) - Registered Data node : 9ec19c9d-2043-406f-82f9-255ab4ee7628{ip: 192.168.36.80, host: pr-hdds-1949-gk6t9-2362663429, networkLocation: /default-rack, certSerialId: null}
2019-08-28 12:08:49,543 | INFO  | SCMAudit | user=jenkins1000 | ip=192.168.36.80 | op=REGISTER {datanodeDetails=9ec19c9d-2043-406f-82f9-255ab4ee7628{ip: 192.168.36.80, host: pr-hdds-1949-gk6t9-2362663429, networkLocation: /default-rack, certSerialId: null}} | ret=SUCCESS |  
2019-08-28 12:08:49,549 [grpc-default-executor-7] INFO  impl.RaftServerProxy (RaftServerProxy.java:addNew(89)) - 9ec19c9d-2043-406f-82f9-255ab4ee7628: addNew group-9047F5E6073C:[9ec19c9d-2043-406f-82f9-255ab4ee7628:192.168.36.80:38294] returns group-9047F5E6073C:java.util.concurrent.CompletableFuture@7cb3640a[Not completed]
2019-08-28 12:08:49,550 [pool-472-thread-1] INFO  impl.RaftServerImpl (RaftServerImpl.java:<init>(93)) - 9ec19c9d-2043-406f-82f9-255ab4ee7628: new RaftServerImpl for group-9047F5E6073C:[9ec19c9d-2043-406f-82f9-255ab4ee7628:192.168.36.80:38294] with ContainerStateMachine:uninitialized
2019-08-28 12:08:49,551 [pool-472-thread-1] INFO  server.RaftServerConfigKeys (ConfUtils.java:logGet(43)) - raft.server.rpc.timeout.min = 5s (custom)
2019-08-28 12:08:49,551 [pool-472-thread-1] INFO  server.RaftServerConfigKeys (ConfUtils.java:logGet(43)) - raft.server.rpc.timeout.max = 5200ms (custom)
2019-08-28 12:08:49,551 [pool-472-thread-1] INFO  server.RaftServerConfigKeys (ConfUtils.java:logGet(43)) - raft.server.rpcslowness.timeout = 120s (custom)
2019-08-28 12:08:49,551 [pool-472-thread-1] INFO  server.RaftServerConfigKeys (ConfUtils.java:logGet(43)) - raft.server.sleep.deviation.threshold = 300 (default)
2019-08-28 12:08:49,551 [pool-472-thread-1] INFO  server.RaftServerConfigKeys (ConfUtils.java:logGet(43)) - raft.server.log.appender.install.snapshot.enabled = false (custom)
2019-08-28 12:08:49,551 [pool-472-thread-1] INFO  impl.RaftServerImpl (ServerState.java:<init>(105)) - 9ec19c9d-2043-406f-82f9-255ab4ee7628:group-9047F5E6073C ConfigurationManager, init=-1: [9ec19c9d-2043-406f-82f9-255ab4ee7628:192.168.36.80:38294], old=null, confs=<EMPTY_MAP>
2019-08-28 12:08:49,551 [pool-472-thread-1] INFO  server.RaftServerConfigKeys (ConfUtils.java:logGet(43)) - raft.server.storage.dir = [/workdir/hadoop-ozone/integration-test/target/test-dir/MiniOzoneClusterImpl-c6369339-b721-4289-b411-c27671099042/datanode-3/data/ratis] (custom)
2019-08-28 12:08:49,552 [pool-472-thread-1] INFO  storage.RaftStorageDirectory (RaftStorageDirectory.java:analyzeStorage(246)) - The storage directory /workdir/hadoop-ozone/integration-test/target/test-dir/MiniOzoneClusterImpl-c6369339-b721-4289-b411-c27671099042/datanode-3/data/ratis/67e799e3-ac5c-4d2c-be58-9047f5e6073c does not exist. Creating ...
2019-08-28 12:08:49,565 [pool-472-thread-1] INFO  storage.RaftStorageDirectory (RaftStorageDirectory.java:tryLock(328)) - Lock on /workdir/hadoop-ozone/integration-test/target/test-dir/MiniOzoneClusterImpl-c6369339-b721-4289-b411-c27671099042/datanode-3/data/ratis/67e799e3-ac5c-4d2c-be58-9047f5e6073c/in_use.lock acquired by nodename 23549@pr-hdds-1949-gk6t9-2362663429
2019-08-28 12:08:49,578 [pool-472-thread-1] INFO  storage.RaftStorage (RaftStorage.java:format(72)) - Storage directory /workdir/hadoop-ozone/integration-test/target/test-dir/MiniOzoneClusterImpl-c6369339-b721-4289-b411-c27671099042/datanode-3/data/ratis/67e799e3-ac5c-4d2c-be58-9047f5e6073c has been successfully formatted.
2019-08-28 12:08:49,578 [pool-472-thread-1] INFO  ratis.ContainerStateMachine (ContainerStateMachine.java:loadSnapshot(227)) - group-9047F5E6073C: The snapshot info is null. Setting the last applied indexto:(t:0, i:~)
2019-08-28 12:08:49,578 [pool-472-thread-1] INFO  server.RaftServerConfigKeys (ConfUtils.java:logGet(43)) - raft.server.leader.election.timeout = 120s (custom)
2019-08-28 12:08:49,578 [pool-472-thread-1] INFO  server.RaftServerConfigKeys (ConfUtils.java:logGet(43)) - raft.server.log.use.memory = false (default)
2019-08-28 12:08:49,579 [pool-472-thread-1] INFO  server.RaftServerConfigKeys (ConfUtils.java:logGet(43)) - raft.server.log.purge.gap = 1000000 (custom)
2019-08-28 12:08:49,579 [pool-472-thread-1] INFO  server.RaftServerConfigKeys (ConfUtils.java:logGet(43)) - raft.server.log.appender.buffer.byte-limit = 33554432 (custom)
2019-08-28 12:08:49,579 [pool-472-thread-1] INFO  server.RaftServerConfigKeys (ConfUtils.java:logGet(43)) - raft.server.log.segment.size.max = 1048576 (custom)
2019-08-28 12:08:49,579 [pool-472-thread-1] INFO  server.RaftServerConfigKeys (ConfUtils.java:logGet(43)) - raft.server.log.segment.cache.num.max = 2 (custom)
2019-08-28 12:08:49,579 [pool-472-thread-1] INFO  segmented.SegmentedRaftLogWorker (SegmentedRaftLogWorker.java:<init>(172)) - new 9ec19c9d-2043-406f-82f9-255ab4ee7628-SegmentedRaftLogWorker:Storage Directory /workdir/hadoop-ozone/integration-test/target/test-dir/MiniOzoneClusterImpl-c6369339-b721-4289-b411-c27671099042/datanode-3/data/ratis/67e799e3-ac5c-4d2c-be58-9047f5e6073c for RaftStorage:Storage Directory /workdir/hadoop-ozone/integration-test/target/test-dir/MiniOzoneClusterImpl-c6369339-b721-4289-b411-c27671099042/datanode-3/data/ratis/67e799e3-ac5c-4d2c-be58-9047f5e6073c
2019-08-28 12:08:49,579 [pool-472-thread-1] INFO  server.RaftServerConfigKeys (ConfUtils.java:logGet(43)) - raft.server.log.queue.byte-limit = 2147483647 (custom)
2019-08-28 12:08:49,579 [pool-472-thread-1] INFO  server.RaftServerConfigKeys (ConfUtils.java:logGet(43)) - raft.server.log.queue.element-limit = 1024 (custom)
2019-08-28 12:08:49,579 [pool-472-thread-1] INFO  server.RaftServerConfigKeys (ConfUtils.java:logGet(43)) - raft.server.log.segment.size.max = 1048576 (custom)
2019-08-28 12:08:49,580 [pool-472-thread-1] INFO  server.RaftServerConfigKeys (ConfUtils.java:logGet(43)) - raft.server.log.preallocated.size = 16384 (custom)
2019-08-28 12:08:49,580 [pool-472-thread-1] INFO  server.RaftServerConfigKeys (ConfUtils.java:logGet(43)) - raft.server.log.write.buffer.size = 33554432 (custom)
2019-08-28 12:08:49,580 [pool-472-thread-1] INFO  server.RaftServerConfigKeys (ConfUtils.java:logGet(43)) - raft.server.log.force.sync.num = 128 (default)
2019-08-28 12:08:49,580 [pool-472-thread-1] INFO  server.RaftServerConfigKeys (ConfUtils.java:logGet(43)) - raft.server.log.statemachine.data.sync = true (default)
2019-08-28 12:08:49,580 [pool-472-thread-1] INFO  server.RaftServerConfigKeys (ConfUtils.java:logGet(43)) - raft.server.log.statemachine.data.sync.timeout = 10s (default)
2019-08-28 12:08:49,580 [pool-472-thread-1] INFO  server.RaftServerConfigKeys (ConfUtils.java:logGet(43)) - raft.server.log.statemachine.data.sync.timeout.retry = -1 (default)
2019-08-28 12:08:49,580 [pool-472-thread-1] INFO  server.RaftServerConfigKeys (ConfUtils.java:logGet(43)) - raft.server.log.statemachine.data.caching.enabled = true (custom)
2019-08-28 12:08:49,581 [pool-472-thread-1] INFO  segmented.SegmentedRaftLogWorker (SegmentedRaftLogWorker.java:lambda$new$0(132)) - 9ec19c9d-2043-406f-82f9-255ab4ee7628-SegmentedRaftLogWorker:Storage Directory /workdir/hadoop-ozone/integration-test/target/test-dir/MiniOzoneClusterImpl-c6369339-b721-4289-b411-c27671099042/datanode-3/data/ratis/67e799e3-ac5c-4d2c-be58-9047f5e6073c: flushIndex: setUnconditionally 0 -> -1
2019-08-28 12:08:49,581 [pool-472-thread-1] INFO  server.RaftServerConfigKeys (ConfUtils.java:logGet(43)) - raft.server.snapshot.auto.trigger.enabled = true (custom)
2019-08-28 12:08:49,581 [pool-472-thread-1] INFO  server.RaftServerConfigKeys (ConfUtils.java:logGet(43)) - raft.server.snapshot.auto.trigger.threshold = 10000 (custom)
2019-08-28 12:08:49,582 [pool-472-thread-1] INFO  server.RaftServerConfigKeys (ConfUtils.java:logGet(43)) - raft.server.retrycache.expirytime = 600000ms (custom)
2019-08-28 12:08:49,582 [pool-472-thread-1] INFO  impl.RaftServerImpl (RaftServerImpl.java:start(180)) - 9ec19c9d-2043-406f-82f9-255ab4ee7628: start group-9047F5E6073C
2019-08-28 12:08:49,582 [pool-472-thread-1] INFO  impl.RaftServerImpl (RaftServerImpl.java:setRole(171)) - 9ec19c9d-2043-406f-82f9-255ab4ee7628:group-9047F5E6073C changes role from null to FOLLOWER at term 0 for startAsFollower
2019-08-28 12:08:49,582 [pool-472-thread-1] INFO  impl.RoleInfo (RoleInfo.java:updateAndGet(143)) - 9ec19c9d-2043-406f-82f9-255ab4ee7628: start FollowerState
2019-08-28 12:08:49,592 [pool-472-thread-1] INFO  util.JmxRegister (JmxRegister.java:tryRegister(44)) - Successfully registered JMX Bean with object name Ratis:service=RaftServer,group=group-9047F5E6073C,id=9ec19c9d-2043-406f-82f9-255ab4ee7628
2019-08-28 12:08:49,601 [RatisPipelineUtilsThread] INFO  pipeline.PipelineStateManager (PipelineStateManager.java:addPipeline(56)) - Created pipeline Pipeline[ Id: 67e799e3-ac5c-4d2c-be58-9047f5e6073c, Nodes: 9ec19c9d-2043-406f-82f9-255ab4ee7628{ip: 192.168.36.80, host: pr-hdds-1949-gk6t9-2362663429, networkLocation: /default-rack, certSerialId: null}, Type:RATIS, Factor:ONE, State:OPEN]
2019-08-28 12:08:49,778 [IPC Server handler 4 on 35852] INFO  net.NetworkTopology (NetworkTopologyImpl.java:add(110)) - Added a new node: /default-rack/70ebd995-e0c0-4864-abcd-ac0b412c9683
2019-08-28 12:08:49,778 [IPC Server handler 4 on 35852] INFO  node.SCMNodeManager (SCMNodeManager.java:register(273)) - Registered Data node : 70ebd995-e0c0-4864-abcd-ac0b412c9683{ip: 192.168.36.80, host: pr-hdds-1949-gk6t9-2362663429, networkLocation: /default-rack, certSerialId: null}
2019-08-28 12:08:49,779 | INFO  | SCMAudit | user=jenkins1000 | ip=192.168.36.80 | op=REGISTER {datanodeDetails=70ebd995-e0c0-4864-abcd-ac0b412c9683{ip: 192.168.36.80, host: pr-hdds-1949-gk6t9-2362663429, networkLocation: /default-rack, certSerialId: null}} | ret=SUCCESS |  
2019-08-28 12:08:49,787 [grpc-default-executor-7] INFO  impl.RaftServerProxy (RaftServerProxy.java:addNew(89)) - 70ebd995-e0c0-4864-abcd-ac0b412c9683: addNew group-23DFFF1BAE25:[70ebd995-e0c0-4864-abcd-ac0b412c9683:192.168.36.80:42813] returns group-23DFFF1BAE25:java.util.concurrent.CompletableFuture@6701359f[Not completed]
2019-08-28 12:08:49,788 [pool-483-thread-1] INFO  impl.RaftServerImpl (RaftServerImpl.java:<init>(93)) - 70ebd995-e0c0-4864-abcd-ac0b412c9683: new RaftServerImpl for group-23DFFF1BAE25:[70ebd995-e0c0-4864-abcd-ac0b412c9683:192.168.36.80:42813] with ContainerStateMachine:uninitialized
2019-08-28 12:08:49,788 [pool-483-thread-1] INFO  server.RaftServerConfigKeys (ConfUtils.java:logGet(43)) - raft.server.rpc.timeout.min = 5s (custom)
2019-08-28 12:08:49,788 [pool-483-thread-1] INFO  server.RaftServerConfigKeys (ConfUtils.java:logGet(43)) - raft.server.rpc.timeout.max = 5200ms (custom)
2019-08-28 12:08:49,788 [pool-483-thread-1] INFO  server.RaftServerConfigKeys (ConfUtils.java:logGet(43)) - raft.server.rpcslowness.timeout = 120s (custom)
2019-08-28 12:08:49,788 [pool-483-thread-1] INFO  server.RaftServerConfigKeys (ConfUtils.java:logGet(43)) - raft.server.sleep.deviation.threshold = 300 (default)
2019-08-28 12:08:49,788 [pool-483-thread-1] INFO  server.RaftServerConfigKeys (ConfUtils.java:logGet(43)) - raft.server.log.appender.install.snapshot.enabled = false (custom)
2019-08-28 12:08:49,789 [pool-483-thread-1] INFO  impl.RaftServerImpl (ServerState.java:<init>(105)) - 70ebd995-e0c0-4864-abcd-ac0b412c9683:group-23DFFF1BAE25 ConfigurationManager, init=-1: [70ebd995-e0c0-4864-abcd-ac0b412c9683:192.168.36.80:42813], old=null, confs=<EMPTY_MAP>
2019-08-28 12:08:49,789 [pool-483-thread-1] INFO  server.RaftServerConfigKeys (ConfUtils.java:logGet(43)) - raft.server.storage.dir = [/workdir/hadoop-ozone/integration-test/target/test-dir/MiniOzoneClusterImpl-c6369339-b721-4289-b411-c27671099042/datanode-4/data/ratis] (custom)
2019-08-28 12:08:49,789 [pool-483-thread-1] INFO  storage.RaftStorageDirectory (RaftStorageDirectory.java:analyzeStorage(246)) - The storage directory /workdir/hadoop-ozone/integration-test/target/test-dir/MiniOzoneClusterImpl-c6369339-b721-4289-b411-c27671099042/datanode-4/data/ratis/c976e662-4da9-4237-ad63-23dfff1bae25 does not exist. Creating ...
2019-08-28 12:08:49,798 [pool-483-thread-1] INFO  storage.RaftStorageDirectory (RaftStorageDirectory.java:tryLock(328)) - Lock on /workdir/hadoop-ozone/integration-test/target/test-dir/MiniOzoneClusterImpl-c6369339-b721-4289-b411-c27671099042/datanode-4/data/ratis/c976e662-4da9-4237-ad63-23dfff1bae25/in_use.lock acquired by nodename 23549@pr-hdds-1949-gk6t9-2362663429
2019-08-28 12:08:49,811 [pool-483-thread-1] INFO  storage.RaftStorage (RaftStorage.java:format(72)) - Storage directory /workdir/hadoop-ozone/integration-test/target/test-dir/MiniOzoneClusterImpl-c6369339-b721-4289-b411-c27671099042/datanode-4/data/ratis/c976e662-4da9-4237-ad63-23dfff1bae25 has been successfully formatted.
2019-08-28 12:08:49,812 [pool-483-thread-1] INFO  ratis.ContainerStateMachine (ContainerStateMachine.java:loadSnapshot(227)) - group-23DFFF1BAE25: The snapshot info is null. Setting the last applied indexto:(t:0, i:~)
2019-08-28 12:08:49,812 [pool-483-thread-1] INFO  server.RaftServerConfigKeys (ConfUtils.java:logGet(43)) - raft.server.leader.election.timeout = 120s (custom)
2019-08-28 12:08:49,812 [pool-483-thread-1] INFO  server.RaftServerConfigKeys (ConfUtils.java:logGet(43)) - raft.server.log.use.memory = false (default)
2019-08-28 12:08:49,812 [pool-483-thread-1] INFO  server.RaftServerConfigKeys (ConfUtils.java:logGet(43)) - raft.server.log.purge.gap = 1000000 (custom)
2019-08-28 12:08:49,812 [pool-483-thread-1] INFO  server.RaftServerConfigKeys (ConfUtils.java:logGet(43)) - raft.server.log.appender.buffer.byte-limit = 33554432 (custom)
2019-08-28 12:08:49,812 [pool-483-thread-1] INFO  server.RaftServerConfigKeys (ConfUtils.java:logGet(43)) - raft.server.log.segment.size.max = 1048576 (custom)
2019-08-28 12:08:49,812 [pool-483-thread-1] INFO  server.RaftServerConfigKeys (ConfUtils.java:logGet(43)) - raft.server.log.segment.cache.num.max = 2 (custom)
2019-08-28 12:08:49,812 [pool-483-thread-1] INFO  segmented.SegmentedRaftLogWorker (SegmentedRaftLogWorker.java:<init>(172)) - new 70ebd995-e0c0-4864-abcd-ac0b412c9683-SegmentedRaftLogWorker:Storage Directory /workdir/hadoop-ozone/integration-test/target/test-dir/MiniOzoneClusterImpl-c6369339-b721-4289-b411-c27671099042/datanode-4/data/ratis/c976e662-4da9-4237-ad63-23dfff1bae25 for RaftStorage:Storage Directory /workdir/hadoop-ozone/integration-test/target/test-dir/MiniOzoneClusterImpl-c6369339-b721-4289-b411-c27671099042/datanode-4/data/ratis/c976e662-4da9-4237-ad63-23dfff1bae25
2019-08-28 12:08:49,813 [pool-483-thread-1] INFO  server.RaftServerConfigKeys (ConfUtils.java:logGet(43)) - raft.server.log.queue.byte-limit = 2147483647 (custom)
2019-08-28 12:08:49,813 [pool-483-thread-1] INFO  server.RaftServerConfigKeys (ConfUtils.java:logGet(43)) - raft.server.log.queue.element-limit = 1024 (custom)
2019-08-28 12:08:49,813 [pool-483-thread-1] INFO  server.RaftServerConfigKeys (ConfUtils.java:logGet(43)) - raft.server.log.segment.size.max = 1048576 (custom)
2019-08-28 12:08:49,813 [pool-483-thread-1] INFO  server.RaftServerConfigKeys (ConfUtils.java:logGet(43)) - raft.server.log.preallocated.size = 16384 (custom)
2019-08-28 12:08:49,813 [pool-483-thread-1] INFO  server.RaftServerConfigKeys (ConfUtils.java:logGet(43)) - raft.server.log.write.buffer.size = 33554432 (custom)
2019-08-28 12:08:49,813 [pool-483-thread-1] INFO  server.RaftServerConfigKeys (ConfUtils.java:logGet(43)) - raft.server.log.force.sync.num = 128 (default)
2019-08-28 12:08:49,813 [pool-483-thread-1] INFO  server.RaftServerConfigKeys (ConfUtils.java:logGet(43)) - raft.server.log.statemachine.data.sync = true (default)
2019-08-28 12:08:49,813 [pool-483-thread-1] INFO  server.RaftServerConfigKeys (ConfUtils.java:logGet(43)) - raft.server.log.statemachine.data.sync.timeout = 10s (default)
2019-08-28 12:08:49,813 [pool-483-thread-1] INFO  server.RaftServerConfigKeys (ConfUtils.java:logGet(43)) - raft.server.log.statemachine.data.sync.timeout.retry = -1 (default)
2019-08-28 12:08:49,814 [pool-483-thread-1] INFO  server.RaftServerConfigKeys (ConfUtils.java:logGet(43)) - raft.server.log.statemachine.data.caching.enabled = true (custom)
2019-08-28 12:08:49,814 [pool-483-thread-1] INFO  segmented.SegmentedRaftLogWorker (SegmentedRaftLogWorker.java:lambda$new$0(132)) - 70ebd995-e0c0-4864-abcd-ac0b412c9683-SegmentedRaftLogWorker:Storage Directory /workdir/hadoop-ozone/integration-test/target/test-dir/MiniOzoneClusterImpl-c6369339-b721-4289-b411-c27671099042/datanode-4/data/ratis/c976e662-4da9-4237-ad63-23dfff1bae25: flushIndex: setUnconditionally 0 -> -1
2019-08-28 12:08:49,814 [pool-483-thread-1] INFO  server.RaftServerConfigKeys (ConfUtils.java:logGet(43)) - raft.server.snapshot.auto.trigger.enabled = true (custom)
2019-08-28 12:08:49,814 [pool-483-thread-1] INFO  server.RaftServerConfigKeys (ConfUtils.java:logGet(43)) - raft.server.snapshot.auto.trigger.threshold = 10000 (custom)
2019-08-28 12:08:49,814 [pool-483-thread-1] INFO  server.RaftServerConfigKeys (ConfUtils.java:logGet(43)) - raft.server.retrycache.expirytime = 600000ms (custom)
2019-08-28 12:08:49,815 [pool-483-thread-1] INFO  impl.RaftServerImpl (RaftServerImpl.java:start(180)) - 70ebd995-e0c0-4864-abcd-ac0b412c9683: start group-23DFFF1BAE25
2019-08-28 12:08:49,815 [pool-483-thread-1] INFO  impl.RaftServerImpl (RaftServerImpl.java:setRole(171)) - 70ebd995-e0c0-4864-abcd-ac0b412c9683:group-23DFFF1BAE25 changes role from null to FOLLOWER at term 0 for startAsFollower
2019-08-28 12:08:49,815 [pool-483-thread-1] INFO  impl.RoleInfo (RoleInfo.java:updateAndGet(143)) - 70ebd995-e0c0-4864-abcd-ac0b412c9683: start FollowerState
2019-08-28 12:08:49,815 [pool-483-thread-1] INFO  util.JmxRegister (JmxRegister.java:tryRegister(44)) - Successfully registered JMX Bean with object name Ratis:service=RaftServer,group=group-23DFFF1BAE25,id=70ebd995-e0c0-4864-abcd-ac0b412c9683
2019-08-28 12:08:49,819 [RatisPipelineUtilsThread] INFO  pipeline.PipelineStateManager (PipelineStateManager.java:addPipeline(56)) - Created pipeline Pipeline[ Id: c976e662-4da9-4237-ad63-23dfff1bae25, Nodes: 70ebd995-e0c0-4864-abcd-ac0b412c9683{ip: 192.168.36.80, host: pr-hdds-1949-gk6t9-2362663429, networkLocation: /default-rack, certSerialId: null}, Type:RATIS, Factor:ONE, State:OPEN]
2019-08-28 12:08:49,987 [IPC Server handler 1 on 35852] INFO  net.NetworkTopology (NetworkTopologyImpl.java:add(110)) - Added a new node: /default-rack/b34515dc-ef39-40c7-8939-0c9a405226e8
2019-08-28 12:08:49,988 [IPC Server handler 1 on 35852] INFO  node.SCMNodeManager (SCMNodeManager.java:register(273)) - Registered Data node : b34515dc-ef39-40c7-8939-0c9a405226e8{ip: 192.168.36.80, host: pr-hdds-1949-gk6t9-2362663429, networkLocation: /default-rack, certSerialId: null}
2019-08-28 12:08:49,991 | INFO  | SCMAudit | user=jenkins1000 | ip=192.168.36.80 | op=REGISTER {datanodeDetails=b34515dc-ef39-40c7-8939-0c9a405226e8{ip: 192.168.36.80, host: pr-hdds-1949-gk6t9-2362663429, networkLocation: /default-rack, certSerialId: null}} | ret=SUCCESS |  
2019-08-28 12:08:49,999 [grpc-default-executor-7] INFO  impl.RaftServerProxy (RaftServerProxy.java:addNew(89)) - b34515dc-ef39-40c7-8939-0c9a405226e8: addNew group-B4C6CECBC899:[b34515dc-ef39-40c7-8939-0c9a405226e8:192.168.36.80:36166] returns group-B4C6CECBC899:java.util.concurrent.CompletableFuture@29554c39[Not completed]
2019-08-28 12:08:50,000 [pool-494-thread-1] INFO  impl.RaftServerImpl (RaftServerImpl.java:<init>(93)) - b34515dc-ef39-40c7-8939-0c9a405226e8: new RaftServerImpl for group-B4C6CECBC899:[b34515dc-ef39-40c7-8939-0c9a405226e8:192.168.36.80:36166] with ContainerStateMachine:uninitialized
2019-08-28 12:08:50,000 [pool-494-thread-1] INFO  server.RaftServerConfigKeys (ConfUtils.java:logGet(43)) - raft.server.rpc.timeout.min = 5s (custom)
2019-08-28 12:08:50,000 [pool-494-thread-1] INFO  server.RaftServerConfigKeys (ConfUtils.java:logGet(43)) - raft.server.rpc.timeout.max = 5200ms (custom)
2019-08-28 12:08:50,000 [pool-494-thread-1] INFO  server.RaftServerConfigKeys (ConfUtils.java:logGet(43)) - raft.server.rpcslowness.timeout = 120s (custom)
2019-08-28 12:08:50,000 [pool-494-thread-1] INFO  server.RaftServerConfigKeys (ConfUtils.java:logGet(43)) - raft.server.sleep.deviation.threshold = 300 (default)
2019-08-28 12:08:50,000 [pool-494-thread-1] INFO  server.RaftServerConfigKeys (ConfUtils.java:logGet(43)) - raft.server.log.appender.install.snapshot.enabled = false (custom)
2019-08-28 12:08:50,001 [pool-494-thread-1] INFO  impl.RaftServerImpl (ServerState.java:<init>(105)) - b34515dc-ef39-40c7-8939-0c9a405226e8:group-B4C6CECBC899 ConfigurationManager, init=-1: [b34515dc-ef39-40c7-8939-0c9a405226e8:192.168.36.80:36166], old=null, confs=<EMPTY_MAP>
2019-08-28 12:08:50,001 [pool-494-thread-1] INFO  server.RaftServerConfigKeys (ConfUtils.java:logGet(43)) - raft.server.storage.dir = [/workdir/hadoop-ozone/integration-test/target/test-dir/MiniOzoneClusterImpl-c6369339-b721-4289-b411-c27671099042/datanode-5/data/ratis] (custom)
2019-08-28 12:08:50,001 [pool-494-thread-1] INFO  storage.RaftStorageDirectory (RaftStorageDirectory.java:analyzeStorage(246)) - The storage directory /workdir/hadoop-ozone/integration-test/target/test-dir/MiniOzoneClusterImpl-c6369339-b721-4289-b411-c27671099042/datanode-5/data/ratis/31da4ce1-29e2-47aa-90d8-b4c6cecbc899 does not exist. Creating ...
2019-08-28 12:08:50,013 [pool-494-thread-1] INFO  storage.RaftStorageDirectory (RaftStorageDirectory.java:tryLock(328)) - Lock on /workdir/hadoop-ozone/integration-test/target/test-dir/MiniOzoneClusterImpl-c6369339-b721-4289-b411-c27671099042/datanode-5/data/ratis/31da4ce1-29e2-47aa-90d8-b4c6cecbc899/in_use.lock acquired by nodename 23549@pr-hdds-1949-gk6t9-2362663429
2019-08-28 12:08:50,027 [pool-494-thread-1] INFO  storage.RaftStorage (RaftStorage.java:format(72)) - Storage directory /workdir/hadoop-ozone/integration-test/target/test-dir/MiniOzoneClusterImpl-c6369339-b721-4289-b411-c27671099042/datanode-5/data/ratis/31da4ce1-29e2-47aa-90d8-b4c6cecbc899 has been successfully formatted.
2019-08-28 12:08:50,027 [pool-494-thread-1] INFO  ratis.ContainerStateMachine (ContainerStateMachine.java:loadSnapshot(227)) - group-B4C6CECBC899: The snapshot info is null. Setting the last applied indexto:(t:0, i:~)
2019-08-28 12:08:50,027 [pool-494-thread-1] INFO  server.RaftServerConfigKeys (ConfUtils.java:logGet(43)) - raft.server.leader.election.timeout = 120s (custom)
2019-08-28 12:08:50,028 [pool-494-thread-1] INFO  server.RaftServerConfigKeys (ConfUtils.java:logGet(43)) - raft.server.log.use.memory = false (default)
2019-08-28 12:08:50,028 [pool-494-thread-1] INFO  server.RaftServerConfigKeys (ConfUtils.java:logGet(43)) - raft.server.log.purge.gap = 1000000 (custom)
2019-08-28 12:08:50,028 [pool-494-thread-1] INFO  server.RaftServerConfigKeys (ConfUtils.java:logGet(43)) - raft.server.log.appender.buffer.byte-limit = 33554432 (custom)
2019-08-28 12:08:50,028 [pool-494-thread-1] INFO  server.RaftServerConfigKeys (ConfUtils.java:logGet(43)) - raft.server.log.segment.size.max = 1048576 (custom)
2019-08-28 12:08:50,028 [pool-494-thread-1] INFO  server.RaftServerConfigKeys (ConfUtils.java:logGet(43)) - raft.server.log.segment.cache.num.max = 2 (custom)
2019-08-28 12:08:50,028 [pool-494-thread-1] INFO  segmented.SegmentedRaftLogWorker (SegmentedRaftLogWorker.java:<init>(172)) - new b34515dc-ef39-40c7-8939-0c9a405226e8-SegmentedRaftLogWorker:Storage Directory /workdir/hadoop-ozone/integration-test/target/test-dir/MiniOzoneClusterImpl-c6369339-b721-4289-b411-c27671099042/datanode-5/data/ratis/31da4ce1-29e2-47aa-90d8-b4c6cecbc899 for RaftStorage:Storage Directory /workdir/hadoop-ozone/integration-test/target/test-dir/MiniOzoneClusterImpl-c6369339-b721-4289-b411-c27671099042/datanode-5/data/ratis/31da4ce1-29e2-47aa-90d8-b4c6cecbc899
2019-08-28 12:08:50,028 [pool-494-thread-1] INFO  server.RaftServerConfigKeys (ConfUtils.java:logGet(43)) - raft.server.log.queue.byte-limit = 2147483647 (custom)
2019-08-28 12:08:50,028 [pool-494-thread-1] INFO  server.RaftServerConfigKeys (ConfUtils.java:logGet(43)) - raft.server.log.queue.element-limit = 1024 (custom)
2019-08-28 12:08:50,028 [pool-494-thread-1] INFO  server.RaftServerConfigKeys (ConfUtils.java:logGet(43)) - raft.server.log.segment.size.max = 1048576 (custom)
2019-08-28 12:08:50,029 [pool-494-thread-1] INFO  server.RaftServerConfigKeys (ConfUtils.java:logGet(43)) - raft.server.log.preallocated.size = 16384 (custom)
2019-08-28 12:08:50,029 [pool-494-thread-1] INFO  server.RaftServerConfigKeys (ConfUtils.java:logGet(43)) - raft.server.log.write.buffer.size = 33554432 (custom)
2019-08-28 12:08:50,029 [pool-494-thread-1] INFO  server.RaftServerConfigKeys (ConfUtils.java:logGet(43)) - raft.server.log.force.sync.num = 128 (default)
2019-08-28 12:08:50,029 [pool-494-thread-1] INFO  server.RaftServerConfigKeys (ConfUtils.java:logGet(43)) - raft.server.log.statemachine.data.sync = true (default)
2019-08-28 12:08:50,029 [pool-494-thread-1] INFO  server.RaftServerConfigKeys (ConfUtils.java:logGet(43)) - raft.server.log.statemachine.data.sync.timeout = 10s (default)
2019-08-28 12:08:50,029 [pool-494-thread-1] INFO  server.RaftServerConfigKeys (ConfUtils.java:logGet(43)) - raft.server.log.statemachine.data.sync.timeout.retry = -1 (default)
2019-08-28 12:08:50,029 [pool-494-thread-1] INFO  server.RaftServerConfigKeys (ConfUtils.java:logGet(43)) - raft.server.log.statemachine.data.caching.enabled = true (custom)
2019-08-28 12:08:50,029 [pool-494-thread-1] INFO  segmented.SegmentedRaftLogWorker (SegmentedRaftLogWorker.java:lambda$new$0(132)) - b34515dc-ef39-40c7-8939-0c9a405226e8-SegmentedRaftLogWorker:Storage Directory /workdir/hadoop-ozone/integration-test/target/test-dir/MiniOzoneClusterImpl-c6369339-b721-4289-b411-c27671099042/datanode-5/data/ratis/31da4ce1-29e2-47aa-90d8-b4c6cecbc899: flushIndex: setUnconditionally 0 -> -1
2019-08-28 12:08:50,030 [pool-494-thread-1] INFO  server.RaftServerConfigKeys (ConfUtils.java:logGet(43)) - raft.server.snapshot.auto.trigger.enabled = true (custom)
2019-08-28 12:08:50,030 [pool-494-thread-1] INFO  server.RaftServerConfigKeys (ConfUtils.java:logGet(43)) - raft.server.snapshot.auto.trigger.threshold = 10000 (custom)
2019-08-28 12:08:50,030 [pool-494-thread-1] INFO  server.RaftServerConfigKeys (ConfUtils.java:logGet(43)) - raft.server.retrycache.expirytime = 600000ms (custom)
2019-08-28 12:08:50,030 [pool-494-thread-1] INFO  impl.RaftServerImpl (RaftServerImpl.java:start(180)) - b34515dc-ef39-40c7-8939-0c9a405226e8: start group-B4C6CECBC899
2019-08-28 12:08:50,030 [pool-494-thread-1] INFO  impl.RaftServerImpl (RaftServerImpl.java:setRole(171)) - b34515dc-ef39-40c7-8939-0c9a405226e8:group-B4C6CECBC899 changes role from null to FOLLOWER at term 0 for startAsFollower
2019-08-28 12:08:50,030 [pool-494-thread-1] INFO  impl.RoleInfo (RoleInfo.java:updateAndGet(143)) - b34515dc-ef39-40c7-8939-0c9a405226e8: start FollowerState
2019-08-28 12:08:50,031 [pool-494-thread-1] INFO  util.JmxRegister (JmxRegister.java:tryRegister(44)) - Successfully registered JMX Bean with object name Ratis:service=RaftServer,group=group-B4C6CECBC899,id=b34515dc-ef39-40c7-8939-0c9a405226e8
2019-08-28 12:08:50,035 [RatisPipelineUtilsThread] INFO  pipeline.PipelineStateManager (PipelineStateManager.java:addPipeline(56)) - Created pipeline Pipeline[ Id: 31da4ce1-29e2-47aa-90d8-b4c6cecbc899, Nodes: b34515dc-ef39-40c7-8939-0c9a405226e8{ip: 192.168.36.80, host: pr-hdds-1949-gk6t9-2362663429, networkLocation: /default-rack, certSerialId: null}, Type:RATIS, Factor:ONE, State:OPEN]
2019-08-28 12:08:50,057 [grpc-default-executor-5] INFO  impl.RaftServerProxy (RaftServerProxy.java:addNew(89)) - 9ec19c9d-2043-406f-82f9-255ab4ee7628: addNew group-A169A97A269A:[9ec19c9d-2043-406f-82f9-255ab4ee7628:192.168.36.80:38294, b34515dc-ef39-40c7-8939-0c9a405226e8:192.168.36.80:36166, 70ebd995-e0c0-4864-abcd-ac0b412c9683:192.168.36.80:42813] returns group-A169A97A269A:java.util.concurrent.CompletableFuture@3181386d[Not completed]
2019-08-28 12:08:50,057 [grpc-default-executor-7] INFO  impl.RaftServerProxy (RaftServerProxy.java:addNew(89)) - b34515dc-ef39-40c7-8939-0c9a405226e8: addNew group-A169A97A269A:[9ec19c9d-2043-406f-82f9-255ab4ee7628:192.168.36.80:38294, b34515dc-ef39-40c7-8939-0c9a405226e8:192.168.36.80:36166, 70ebd995-e0c0-4864-abcd-ac0b412c9683:192.168.36.80:42813] returns group-A169A97A269A:java.util.concurrent.CompletableFuture@6b3d3064[Not completed]
2019-08-28 12:08:50,057 [grpc-default-executor-6] INFO  impl.RaftServerProxy (RaftServerProxy.java:addNew(89)) - 70ebd995-e0c0-4864-abcd-ac0b412c9683: addNew group-A169A97A269A:[9ec19c9d-2043-406f-82f9-255ab4ee7628:192.168.36.80:38294, b34515dc-ef39-40c7-8939-0c9a405226e8:192.168.36.80:36166, 70ebd995-e0c0-4864-abcd-ac0b412c9683:192.168.36.80:42813] returns group-A169A97A269A:java.util.concurrent.CompletableFuture@6c9c63f8[Not completed]
2019-08-28 12:08:50,058 [pool-472-thread-1] INFO  impl.RaftServerImpl (RaftServerImpl.java:<init>(93)) - 9ec19c9d-2043-406f-82f9-255ab4ee7628: new RaftServerImpl for group-A169A97A269A:[9ec19c9d-2043-406f-82f9-255ab4ee7628:192.168.36.80:38294, b34515dc-ef39-40c7-8939-0c9a405226e8:192.168.36.80:36166, 70ebd995-e0c0-4864-abcd-ac0b412c9683:192.168.36.80:42813] with ContainerStateMachine:uninitialized
2019-08-28 12:08:50,058 [pool-472-thread-1] INFO  server.RaftServerConfigKeys (ConfUtils.java:logGet(43)) - raft.server.rpc.timeout.min = 5s (custom)
2019-08-28 12:08:50,058 [pool-472-thread-1] INFO  server.RaftServerConfigKeys (ConfUtils.java:logGet(43)) - raft.server.rpc.timeout.max = 5200ms (custom)
2019-08-28 12:08:50,058 [pool-472-thread-1] INFO  server.RaftServerConfigKeys (ConfUtils.java:logGet(43)) - raft.server.rpcslowness.timeout = 120s (custom)
2019-08-28 12:08:50,059 [pool-472-thread-1] INFO  server.RaftServerConfigKeys (ConfUtils.java:logGet(43)) - raft.server.sleep.deviation.threshold = 300 (default)
2019-08-28 12:08:50,059 [pool-472-thread-1] INFO  server.RaftServerConfigKeys (ConfUtils.java:logGet(43)) - raft.server.log.appender.install.snapshot.enabled = false (custom)
2019-08-28 12:08:50,059 [pool-483-thread-1] INFO  impl.RaftServerImpl (RaftServerImpl.java:<init>(93)) - 70ebd995-e0c0-4864-abcd-ac0b412c9683: new RaftServerImpl for group-A169A97A269A:[9ec19c9d-2043-406f-82f9-255ab4ee7628:192.168.36.80:38294, b34515dc-ef39-40c7-8939-0c9a405226e8:192.168.36.80:36166, 70ebd995-e0c0-4864-abcd-ac0b412c9683:192.168.36.80:42813] with ContainerStateMachine:uninitialized
2019-08-28 12:08:50,059 [pool-472-thread-1] INFO  impl.RaftServerImpl (ServerState.java:<init>(105)) - 9ec19c9d-2043-406f-82f9-255ab4ee7628:group-A169A97A269A ConfigurationManager, init=-1: [9ec19c9d-2043-406f-82f9-255ab4ee7628:192.168.36.80:38294, b34515dc-ef39-40c7-8939-0c9a405226e8:192.168.36.80:36166, 70ebd995-e0c0-4864-abcd-ac0b412c9683:192.168.36.80:42813], old=null, confs=<EMPTY_MAP>
2019-08-28 12:08:50,059 [pool-483-thread-1] INFO  server.RaftServerConfigKeys (ConfUtils.java:logGet(43)) - raft.server.rpc.timeout.min = 5s (custom)
2019-08-28 12:08:50,059 [pool-472-thread-1] INFO  server.RaftServerConfigKeys (ConfUtils.java:logGet(43)) - raft.server.storage.dir = [/workdir/hadoop-ozone/integration-test/target/test-dir/MiniOzoneClusterImpl-c6369339-b721-4289-b411-c27671099042/datanode-3/data/ratis] (custom)
2019-08-28 12:08:50,059 [pool-494-thread-1] INFO  impl.RaftServerImpl (RaftServerImpl.java:<init>(93)) - b34515dc-ef39-40c7-8939-0c9a405226e8: new RaftServerImpl for group-A169A97A269A:[9ec19c9d-2043-406f-82f9-255ab4ee7628:192.168.36.80:38294, b34515dc-ef39-40c7-8939-0c9a405226e8:192.168.36.80:36166, 70ebd995-e0c0-4864-abcd-ac0b412c9683:192.168.36.80:42813] with ContainerStateMachine:uninitialized
2019-08-28 12:08:50,059 [pool-483-thread-1] INFO  server.RaftServerConfigKeys (ConfUtils.java:logGet(43)) - raft.server.rpc.timeout.max = 5200ms (custom)
2019-08-28 12:08:50,059 [pool-494-thread-1] INFO  server.RaftServerConfigKeys (ConfUtils.java:logGet(43)) - raft.server.rpc.timeout.min = 5s (custom)
2019-08-28 12:08:50,060 [pool-483-thread-1] INFO  server.RaftServerConfigKeys (ConfUtils.java:logGet(43)) - raft.server.rpcslowness.timeout = 120s (custom)
2019-08-28 12:08:50,060 [pool-472-thread-1] INFO  storage.RaftStorageDirectory (RaftStorageDirectory.java:analyzeStorage(246)) - The storage directory /workdir/hadoop-ozone/integration-test/target/test-dir/MiniOzoneClusterImpl-c6369339-b721-4289-b411-c27671099042/datanode-3/data/ratis/e5d547f8-6d20-4602-a88d-a169a97a269a does not exist. Creating ...
2019-08-28 12:08:50,060 [pool-483-thread-1] INFO  server.RaftServerConfigKeys (ConfUtils.java:logGet(43)) - raft.server.sleep.deviation.threshold = 300 (default)
2019-08-28 12:08:50,060 [pool-483-thread-1] INFO  server.RaftServerConfigKeys (ConfUtils.java:logGet(43)) - raft.server.log.appender.install.snapshot.enabled = false (custom)
2019-08-28 12:08:50,060 [pool-494-thread-1] INFO  server.RaftServerConfigKeys (ConfUtils.java:logGet(43)) - raft.server.rpc.timeout.max = 5200ms (custom)
2019-08-28 12:08:50,060 [pool-483-thread-1] INFO  impl.RaftServerImpl (ServerState.java:<init>(105)) - 70ebd995-e0c0-4864-abcd-ac0b412c9683:group-A169A97A269A ConfigurationManager, init=-1: [9ec19c9d-2043-406f-82f9-255ab4ee7628:192.168.36.80:38294, b34515dc-ef39-40c7-8939-0c9a405226e8:192.168.36.80:36166, 70ebd995-e0c0-4864-abcd-ac0b412c9683:192.168.36.80:42813], old=null, confs=<EMPTY_MAP>
2019-08-28 12:08:50,060 [pool-494-thread-1] INFO  server.RaftServerConfigKeys (ConfUtils.java:logGet(43)) - raft.server.rpcslowness.timeout = 120s (custom)
2019-08-28 12:08:50,061 [pool-483-thread-1] INFO  server.RaftServerConfigKeys (ConfUtils.java:logGet(43)) - raft.server.storage.dir = [/workdir/hadoop-ozone/integration-test/target/test-dir/MiniOzoneClusterImpl-c6369339-b721-4289-b411-c27671099042/datanode-4/data/ratis] (custom)
2019-08-28 12:08:50,061 [pool-494-thread-1] INFO  server.RaftServerConfigKeys (ConfUtils.java:logGet(43)) - raft.server.sleep.deviation.threshold = 300 (default)
2019-08-28 12:08:50,061 [pool-494-thread-1] INFO  server.RaftServerConfigKeys (ConfUtils.java:logGet(43)) - raft.server.log.appender.install.snapshot.enabled = false (custom)
2019-08-28 12:08:50,061 [pool-494-thread-1] INFO  impl.RaftServerImpl (ServerState.java:<init>(105)) - b34515dc-ef39-40c7-8939-0c9a405226e8:group-A169A97A269A ConfigurationManager, init=-1: [9ec19c9d-2043-406f-82f9-255ab4ee7628:192.168.36.80:38294, b34515dc-ef39-40c7-8939-0c9a405226e8:192.168.36.80:36166, 70ebd995-e0c0-4864-abcd-ac0b412c9683:192.168.36.80:42813], old=null, confs=<EMPTY_MAP>
2019-08-28 12:08:50,061 [pool-483-thread-1] INFO  storage.RaftStorageDirectory (RaftStorageDirectory.java:analyzeStorage(246)) - The storage directory /workdir/hadoop-ozone/integration-test/target/test-dir/MiniOzoneClusterImpl-c6369339-b721-4289-b411-c27671099042/datanode-4/data/ratis/e5d547f8-6d20-4602-a88d-a169a97a269a does not exist. Creating ...
2019-08-28 12:08:50,061 [pool-494-thread-1] INFO  server.RaftServerConfigKeys (ConfUtils.java:logGet(43)) - raft.server.storage.dir = [/workdir/hadoop-ozone/integration-test/target/test-dir/MiniOzoneClusterImpl-c6369339-b721-4289-b411-c27671099042/datanode-5/data/ratis] (custom)
2019-08-28 12:08:50,062 [pool-494-thread-1] INFO  storage.RaftStorageDirectory (RaftStorageDirectory.java:analyzeStorage(246)) - The storage directory /workdir/hadoop-ozone/integration-test/target/test-dir/MiniOzoneClusterImpl-c6369339-b721-4289-b411-c27671099042/datanode-5/data/ratis/e5d547f8-6d20-4602-a88d-a169a97a269a does not exist. Creating ...
2019-08-28 12:08:50,074 [pool-494-thread-1] INFO  storage.RaftStorageDirectory (RaftStorageDirectory.java:tryLock(328)) - Lock on /workdir/hadoop-ozone/integration-test/target/test-dir/MiniOzoneClusterImpl-c6369339-b721-4289-b411-c27671099042/datanode-5/data/ratis/e5d547f8-6d20-4602-a88d-a169a97a269a/in_use.lock acquired by nodename 23549@pr-hdds-1949-gk6t9-2362663429
2019-08-28 12:08:50,074 [pool-472-thread-1] INFO  storage.RaftStorageDirectory (RaftStorageDirectory.java:tryLock(328)) - Lock on /workdir/hadoop-ozone/integration-test/target/test-dir/MiniOzoneClusterImpl-c6369339-b721-4289-b411-c27671099042/datanode-3/data/ratis/e5d547f8-6d20-4602-a88d-a169a97a269a/in_use.lock acquired by nodename 23549@pr-hdds-1949-gk6t9-2362663429
2019-08-28 12:08:50,074 [pool-483-thread-1] INFO  storage.RaftStorageDirectory (RaftStorageDirectory.java:tryLock(328)) - Lock on /workdir/hadoop-ozone/integration-test/target/test-dir/MiniOzoneClusterImpl-c6369339-b721-4289-b411-c27671099042/datanode-4/data/ratis/e5d547f8-6d20-4602-a88d-a169a97a269a/in_use.lock acquired by nodename 23549@pr-hdds-1949-gk6t9-2362663429
2019-08-28 12:08:50,088 [pool-472-thread-1] INFO  storage.RaftStorage (RaftStorage.java:format(72)) - Storage directory /workdir/hadoop-ozone/integration-test/target/test-dir/MiniOzoneClusterImpl-c6369339-b721-4289-b411-c27671099042/datanode-3/data/ratis/e5d547f8-6d20-4602-a88d-a169a97a269a has been successfully formatted.
2019-08-28 12:08:50,088 [pool-483-thread-1] INFO  storage.RaftStorage (RaftStorage.java:format(72)) - Storage directory /workdir/hadoop-ozone/integration-test/target/test-dir/MiniOzoneClusterImpl-c6369339-b721-4289-b411-c27671099042/datanode-4/data/ratis/e5d547f8-6d20-4602-a88d-a169a97a269a has been successfully formatted.
2019-08-28 12:08:50,088 [pool-494-thread-1] INFO  storage.RaftStorage (RaftStorage.java:format(72)) - Storage directory /workdir/hadoop-ozone/integration-test/target/test-dir/MiniOzoneClusterImpl-c6369339-b721-4289-b411-c27671099042/datanode-5/data/ratis/e5d547f8-6d20-4602-a88d-a169a97a269a has been successfully formatted.
2019-08-28 12:08:50,088 [pool-472-thread-1] INFO  ratis.ContainerStateMachine (ContainerStateMachine.java:loadSnapshot(227)) - group-A169A97A269A: The snapshot info is null. Setting the last applied indexto:(t:0, i:~)
2019-08-28 12:08:50,088 [pool-483-thread-1] INFO  ratis.ContainerStateMachine (ContainerStateMachine.java:loadSnapshot(227)) - group-A169A97A269A: The snapshot info is null. Setting the last applied indexto:(t:0, i:~)
2019-08-28 12:08:50,088 [pool-472-thread-1] INFO  server.RaftServerConfigKeys (ConfUtils.java:logGet(43)) - raft.server.leader.election.timeout = 120s (custom)
2019-08-28 12:08:50,088 [pool-483-thread-1] INFO  server.RaftServerConfigKeys (ConfUtils.java:logGet(43)) - raft.server.leader.election.timeout = 120s (custom)
2019-08-28 12:08:50,088 [pool-472-thread-1] INFO  server.RaftServerConfigKeys (ConfUtils.java:logGet(43)) - raft.server.log.use.memory = false (default)
2019-08-28 12:08:50,088 [pool-483-thread-1] INFO  server.RaftServerConfigKeys (ConfUtils.java:logGet(43)) - raft.server.log.use.memory = false (default)
2019-08-28 12:08:50,089 [pool-494-thread-1] INFO  ratis.ContainerStateMachine (ContainerStateMachine.java:loadSnapshot(227)) - group-A169A97A269A: The snapshot info is null. Setting the last applied indexto:(t:0, i:~)
2019-08-28 12:08:50,089 [pool-472-thread-1] INFO  server.RaftServerConfigKeys (ConfUtils.java:logGet(43)) - raft.server.log.purge.gap = 1000000 (custom)
2019-08-28 12:08:50,089 [pool-494-thread-1] INFO  server.RaftServerConfigKeys (ConfUtils.java:logGet(43)) - raft.server.leader.election.timeout = 120s (custom)
2019-08-28 12:08:50,089 [pool-483-thread-1] INFO  server.RaftServerConfigKeys (ConfUtils.java:logGet(43)) - raft.server.log.purge.gap = 1000000 (custom)
2019-08-28 12:08:50,089 [pool-494-thread-1] INFO  server.RaftServerConfigKeys (ConfUtils.java:logGet(43)) - raft.server.log.use.memory = false (default)
2019-08-28 12:08:50,089 [pool-472-thread-1] INFO  server.RaftServerConfigKeys (ConfUtils.java:logGet(43)) - raft.server.log.appender.buffer.byte-limit = 33554432 (custom)
2019-08-28 12:08:50,089 [pool-494-thread-1] INFO  server.RaftServerConfigKeys (ConfUtils.java:logGet(43)) - raft.server.log.purge.gap = 1000000 (custom)
2019-08-28 12:08:50,090 [pool-494-thread-1] INFO  server.RaftServerConfigKeys (ConfUtils.java:logGet(43)) - raft.server.log.appender.buffer.byte-limit = 33554432 (custom)
2019-08-28 12:08:50,089 [pool-483-thread-1] INFO  server.RaftServerConfigKeys (ConfUtils.java:logGet(43)) - raft.server.log.appender.buffer.byte-limit = 33554432 (custom)
2019-08-28 12:08:50,090 [pool-494-thread-1] INFO  server.RaftServerConfigKeys (ConfUtils.java:logGet(43)) - raft.server.log.segment.size.max = 1048576 (custom)
2019-08-28 12:08:50,089 [pool-472-thread-1] INFO  server.RaftServerConfigKeys (ConfUtils.java:logGet(43)) - raft.server.log.segment.size.max = 1048576 (custom)
2019-08-28 12:08:50,090 [pool-494-thread-1] INFO  server.RaftServerConfigKeys (ConfUtils.java:logGet(43)) - raft.server.log.segment.cache.num.max = 2 (custom)
2019-08-28 12:08:50,090 [pool-483-thread-1] INFO  server.RaftServerConfigKeys (ConfUtils.java:logGet(43)) - raft.server.log.segment.size.max = 1048576 (custom)
2019-08-28 12:08:50,090 [pool-494-thread-1] INFO  segmented.SegmentedRaftLogWorker (SegmentedRaftLogWorker.java:<init>(172)) - new b34515dc-ef39-40c7-8939-0c9a405226e8-SegmentedRaftLogWorker:Storage Directory /workdir/hadoop-ozone/integration-test/target/test-dir/MiniOzoneClusterImpl-c6369339-b721-4289-b411-c27671099042/datanode-5/data/ratis/e5d547f8-6d20-4602-a88d-a169a97a269a for RaftStorage:Storage Directory /workdir/hadoop-ozone/integration-test/target/test-dir/MiniOzoneClusterImpl-c6369339-b721-4289-b411-c27671099042/datanode-5/data/ratis/e5d547f8-6d20-4602-a88d-a169a97a269a
2019-08-28 12:08:50,090 [pool-472-thread-1] INFO  server.RaftServerConfigKeys (ConfUtils.java:logGet(43)) - raft.server.log.segment.cache.num.max = 2 (custom)
2019-08-28 12:08:50,091 [pool-494-thread-1] INFO  server.RaftServerConfigKeys (ConfUtils.java:logGet(43)) - raft.server.log.queue.byte-limit = 2147483647 (custom)
2019-08-28 12:08:50,090 [pool-483-thread-1] INFO  server.RaftServerConfigKeys (ConfUtils.java:logGet(43)) - raft.server.log.segment.cache.num.max = 2 (custom)
2019-08-28 12:08:50,091 [pool-494-thread-1] INFO  server.RaftServerConfigKeys (ConfUtils.java:logGet(43)) - raft.server.log.queue.element-limit = 1024 (custom)
2019-08-28 12:08:50,091 [pool-472-thread-1] INFO  segmented.SegmentedRaftLogWorker (SegmentedRaftLogWorker.java:<init>(172)) - new 9ec19c9d-2043-406f-82f9-255ab4ee7628-SegmentedRaftLogWorker:Storage Directory /workdir/hadoop-ozone/integration-test/target/test-dir/MiniOzoneClusterImpl-c6369339-b721-4289-b411-c27671099042/datanode-3/data/ratis/e5d547f8-6d20-4602-a88d-a169a97a269a for RaftStorage:Storage Directory /workdir/hadoop-ozone/integration-test/target/test-dir/MiniOzoneClusterImpl-c6369339-b721-4289-b411-c27671099042/datanode-3/data/ratis/e5d547f8-6d20-4602-a88d-a169a97a269a
2019-08-28 12:08:50,091 [pool-494-thread-1] INFO  server.RaftServerConfigKeys (ConfUtils.java:logGet(43)) - raft.server.log.segment.size.max = 1048576 (custom)
2019-08-28 12:08:50,091 [pool-483-thread-1] INFO  segmented.SegmentedRaftLogWorker (SegmentedRaftLogWorker.java:<init>(172)) - new 70ebd995-e0c0-4864-abcd-ac0b412c9683-SegmentedRaftLogWorker:Storage Directory /workdir/hadoop-ozone/integration-test/target/test-dir/MiniOzoneClusterImpl-c6369339-b721-4289-b411-c27671099042/datanode-4/data/ratis/e5d547f8-6d20-4602-a88d-a169a97a269a for RaftStorage:Storage Directory /workdir/hadoop-ozone/integration-test/target/test-dir/MiniOzoneClusterImpl-c6369339-b721-4289-b411-c27671099042/datanode-4/data/ratis/e5d547f8-6d20-4602-a88d-a169a97a269a
2019-08-28 12:08:50,091 [pool-494-thread-1] INFO  server.RaftServerConfigKeys (ConfUtils.java:logGet(43)) - raft.server.log.preallocated.size = 16384 (custom)
2019-08-28 12:08:50,091 [pool-472-thread-1] INFO  server.RaftServerConfigKeys (ConfUtils.java:logGet(43)) - raft.server.log.queue.byte-limit = 2147483647 (custom)
2019-08-28 12:08:50,092 [pool-494-thread-1] INFO  server.RaftServerConfigKeys (ConfUtils.java:logGet(43)) - raft.server.log.write.buffer.size = 33554432 (custom)
2019-08-28 12:08:50,091 [pool-483-thread-1] INFO  server.RaftServerConfigKeys (ConfUtils.java:logGet(43)) - raft.server.log.queue.byte-limit = 2147483647 (custom)
2019-08-28 12:08:50,092 [pool-494-thread-1] INFO  server.RaftServerConfigKeys (ConfUtils.java:logGet(43)) - raft.server.log.force.sync.num = 128 (default)
2019-08-28 12:08:50,092 [pool-472-thread-1] INFO  server.RaftServerConfigKeys (ConfUtils.java:logGet(43)) - raft.server.log.queue.element-limit = 1024 (custom)
2019-08-28 12:08:50,092 [pool-494-thread-1] INFO  server.RaftServerConfigKeys (ConfUtils.java:logGet(43)) - raft.server.log.statemachine.data.sync = true (default)
2019-08-28 12:08:50,092 [pool-483-thread-1] INFO  server.RaftServerConfigKeys (ConfUtils.java:logGet(43)) - raft.server.log.queue.element-limit = 1024 (custom)
2019-08-28 12:08:50,092 [pool-494-thread-1] INFO  server.RaftServerConfigKeys (ConfUtils.java:logGet(43)) - raft.server.log.statemachine.data.sync.timeout = 10s (default)
2019-08-28 12:08:50,092 [pool-472-thread-1] INFO  server.RaftServerConfigKeys (ConfUtils.java:logGet(43)) - raft.server.log.segment.size.max = 1048576 (custom)
2019-08-28 12:08:50,093 [pool-494-thread-1] INFO  server.RaftServerConfigKeys (ConfUtils.java:logGet(43)) - raft.server.log.statemachine.data.sync.timeout.retry = -1 (default)
2019-08-28 12:08:50,092 [pool-483-thread-1] INFO  server.RaftServerConfigKeys (ConfUtils.java:logGet(43)) - raft.server.log.segment.size.max = 1048576 (custom)
2019-08-28 12:08:50,093 [pool-494-thread-1] INFO  server.RaftServerConfigKeys (ConfUtils.java:logGet(43)) - raft.server.log.statemachine.data.caching.enabled = true (custom)
2019-08-28 12:08:50,093 [pool-472-thread-1] INFO  server.RaftServerConfigKeys (ConfUtils.java:logGet(43)) - raft.server.log.preallocated.size = 16384 (custom)
2019-08-28 12:08:50,093 [pool-494-thread-1] INFO  segmented.SegmentedRaftLogWorker (SegmentedRaftLogWorker.java:lambda$new$0(132)) - b34515dc-ef39-40c7-8939-0c9a405226e8-SegmentedRaftLogWorker:Storage Directory /workdir/hadoop-ozone/integration-test/target/test-dir/MiniOzoneClusterImpl-c6369339-b721-4289-b411-c27671099042/datanode-5/data/ratis/e5d547f8-6d20-4602-a88d-a169a97a269a: flushIndex: setUnconditionally 0 -> -1
2019-08-28 12:08:50,093 [pool-483-thread-1] INFO  server.RaftServerConfigKeys (ConfUtils.java:logGet(43)) - raft.server.log.preallocated.size = 16384 (custom)
2019-08-28 12:08:50,094 [pool-494-thread-1] INFO  server.RaftServerConfigKeys (ConfUtils.java:logGet(43)) - raft.server.snapshot.auto.trigger.enabled = true (custom)
2019-08-28 12:08:50,093 [pool-472-thread-1] INFO  server.RaftServerConfigKeys (ConfUtils.java:logGet(43)) - raft.server.log.write.buffer.size = 33554432 (custom)
2019-08-28 12:08:50,094 [pool-494-thread-1] INFO  server.RaftServerConfigKeys (ConfUtils.java:logGet(43)) - raft.server.snapshot.auto.trigger.threshold = 10000 (custom)
2019-08-28 12:08:50,094 [pool-483-thread-1] INFO  server.RaftServerConfigKeys (ConfUtils.java:logGet(43)) - raft.server.log.write.buffer.size = 33554432 (custom)
2019-08-28 12:08:50,094 [pool-494-thread-1] INFO  server.RaftServerConfigKeys (ConfUtils.java:logGet(43)) - raft.server.retrycache.expirytime = 600000ms (custom)
2019-08-28 12:08:50,094 [pool-472-thread-1] INFO  server.RaftServerConfigKeys (ConfUtils.java:logGet(43)) - raft.server.log.force.sync.num = 128 (default)
2019-08-28 12:08:50,094 [pool-494-thread-1] INFO  impl.RaftServerImpl (RaftServerImpl.java:start(180)) - b34515dc-ef39-40c7-8939-0c9a405226e8: start group-A169A97A269A
2019-08-28 12:08:50,094 [pool-483-thread-1] INFO  server.RaftServerConfigKeys (ConfUtils.java:logGet(43)) - raft.server.log.force.sync.num = 128 (default)
2019-08-28 12:08:50,094 [pool-494-thread-1] INFO  impl.RaftServerImpl (RaftServerImpl.java:setRole(171)) - b34515dc-ef39-40c7-8939-0c9a405226e8:group-A169A97A269A changes role from null to FOLLOWER at term 0 for startAsFollower
2019-08-28 12:08:50,094 [pool-472-thread-1] INFO  server.RaftServerConfigKeys (ConfUtils.java:logGet(43)) - raft.server.log.statemachine.data.sync = true (default)
2019-08-28 12:08:50,095 [pool-494-thread-1] INFO  impl.RoleInfo (RoleInfo.java:updateAndGet(143)) - b34515dc-ef39-40c7-8939-0c9a405226e8: start FollowerState
2019-08-28 12:08:50,094 [pool-483-thread-1] INFO  server.RaftServerConfigKeys (ConfUtils.java:logGet(43)) - raft.server.log.statemachine.data.sync = true (default)
2019-08-28 12:08:50,095 [pool-483-thread-1] INFO  server.RaftServerConfigKeys (ConfUtils.java:logGet(43)) - raft.server.log.statemachine.data.sync.timeout = 10s (default)
2019-08-28 12:08:50,095 [pool-472-thread-1] INFO  server.RaftServerConfigKeys (ConfUtils.java:logGet(43)) - raft.server.log.statemachine.data.sync.timeout = 10s (default)
2019-08-28 12:08:50,095 [pool-483-thread-1] INFO  server.RaftServerConfigKeys (ConfUtils.java:logGet(43)) - raft.server.log.statemachine.data.sync.timeout.retry = -1 (default)
2019-08-28 12:08:50,095 [pool-494-thread-1] INFO  util.JmxRegister (JmxRegister.java:tryRegister(44)) - Successfully registered JMX Bean with object name Ratis:service=RaftServer,group=group-A169A97A269A,id=b34515dc-ef39-40c7-8939-0c9a405226e8
2019-08-28 12:08:50,095 [pool-483-thread-1] INFO  server.RaftServerConfigKeys (ConfUtils.java:logGet(43)) - raft.server.log.statemachine.data.caching.enabled = true (custom)
2019-08-28 12:08:50,095 [pool-472-thread-1] INFO  server.RaftServerConfigKeys (ConfUtils.java:logGet(43)) - raft.server.log.statemachine.data.sync.timeout.retry = -1 (default)
2019-08-28 12:08:50,096 [pool-483-thread-1] INFO  segmented.SegmentedRaftLogWorker (SegmentedRaftLogWorker.java:lambda$new$0(132)) - 70ebd995-e0c0-4864-abcd-ac0b412c9683-SegmentedRaftLogWorker:Storage Directory /workdir/hadoop-ozone/integration-test/target/test-dir/MiniOzoneClusterImpl-c6369339-b721-4289-b411-c27671099042/datanode-4/data/ratis/e5d547f8-6d20-4602-a88d-a169a97a269a: flushIndex: setUnconditionally 0 -> -1
2019-08-28 12:08:50,096 [pool-472-thread-1] INFO  server.RaftServerConfigKeys (ConfUtils.java:logGet(43)) - raft.server.log.statemachine.data.caching.enabled = true (custom)
2019-08-28 12:08:50,096 [pool-483-thread-1] INFO  server.RaftServerConfigKeys (ConfUtils.java:logGet(43)) - raft.server.snapshot.auto.trigger.enabled = true (custom)
2019-08-28 12:08:50,096 [pool-472-thread-1] INFO  segmented.SegmentedRaftLogWorker (SegmentedRaftLogWorker.java:lambda$new$0(132)) - 9ec19c9d-2043-406f-82f9-255ab4ee7628-SegmentedRaftLogWorker:Storage Directory /workdir/hadoop-ozone/integration-test/target/test-dir/MiniOzoneClusterImpl-c6369339-b721-4289-b411-c27671099042/datanode-3/data/ratis/e5d547f8-6d20-4602-a88d-a169a97a269a: flushIndex: setUnconditionally 0 -> -1
2019-08-28 12:08:50,096 [pool-483-thread-1] INFO  server.RaftServerConfigKeys (ConfUtils.java:logGet(43)) - raft.server.snapshot.auto.trigger.threshold = 10000 (custom)
2019-08-28 12:08:50,099 [pool-483-thread-1] INFO  server.RaftServerConfigKeys (ConfUtils.java:logGet(43)) - raft.server.retrycache.expirytime = 600000ms (custom)
2019-08-28 12:08:50,099 [pool-472-thread-1] INFO  server.RaftServerConfigKeys (ConfUtils.java:logGet(43)) - raft.server.snapshot.auto.trigger.enabled = true (custom)
2019-08-28 12:08:50,099 [pool-483-thread-1] INFO  impl.RaftServerImpl (RaftServerImpl.java:start(180)) - 70ebd995-e0c0-4864-abcd-ac0b412c9683: start group-A169A97A269A
2019-08-28 12:08:50,099 [pool-472-thread-1] INFO  server.RaftServerConfigKeys (ConfUtils.java:logGet(43)) - raft.server.snapshot.auto.trigger.threshold = 10000 (custom)
2019-08-28 12:08:50,099 [pool-483-thread-1] INFO  impl.RaftServerImpl (RaftServerImpl.java:setRole(171)) - 70ebd995-e0c0-4864-abcd-ac0b412c9683:group-A169A97A269A changes role from null to FOLLOWER at term 0 for startAsFollower
2019-08-28 12:08:50,100 [pool-472-thread-1] INFO  server.RaftServerConfigKeys (ConfUtils.java:logGet(43)) - raft.server.retrycache.expirytime = 600000ms (custom)
2019-08-28 12:08:50,100 [pool-483-thread-1] INFO  impl.RoleInfo (RoleInfo.java:updateAndGet(143)) - 70ebd995-e0c0-4864-abcd-ac0b412c9683: start FollowerState
2019-08-28 12:08:50,100 [pool-472-thread-1] INFO  impl.RaftServerImpl (RaftServerImpl.java:start(180)) - 9ec19c9d-2043-406f-82f9-255ab4ee7628: start group-A169A97A269A
2019-08-28 12:08:50,100 [pool-472-thread-1] INFO  impl.RaftServerImpl (RaftServerImpl.java:setRole(171)) - 9ec19c9d-2043-406f-82f9-255ab4ee7628:group-A169A97A269A changes role from null to FOLLOWER at term 0 for startAsFollower
2019-08-28 12:08:50,100 [pool-472-thread-1] INFO  impl.RoleInfo (RoleInfo.java:updateAndGet(143)) - 9ec19c9d-2043-406f-82f9-255ab4ee7628: start FollowerState
2019-08-28 12:08:50,100 [pool-483-thread-1] INFO  util.JmxRegister (JmxRegister.java:tryRegister(44)) - Successfully registered JMX Bean with object name Ratis:service=RaftServer,group=group-A169A97A269A,id=70ebd995-e0c0-4864-abcd-ac0b412c9683
2019-08-28 12:08:50,100 [pool-472-thread-1] INFO  util.JmxRegister (JmxRegister.java:tryRegister(44)) - Successfully registered JMX Bean with object name Ratis:service=RaftServer,group=group-A169A97A269A,id=9ec19c9d-2043-406f-82f9-255ab4ee7628
2019-08-28 12:08:50,107 [RatisPipelineUtilsThread] INFO  pipeline.PipelineStateManager (PipelineStateManager.java:addPipeline(56)) - Created pipeline Pipeline[ Id: e5d547f8-6d20-4602-a88d-a169a97a269a, Nodes: 70ebd995-e0c0-4864-abcd-ac0b412c9683{ip: 192.168.36.80, host: pr-hdds-1949-gk6t9-2362663429, networkLocation: /default-rack, certSerialId: null}9ec19c9d-2043-406f-82f9-255ab4ee7628{ip: 192.168.36.80, host: pr-hdds-1949-gk6t9-2362663429, networkLocation: /default-rack, certSerialId: null}b34515dc-ef39-40c7-8939-0c9a405226e8{ip: 192.168.36.80, host: pr-hdds-1949-gk6t9-2362663429, networkLocation: /default-rack, certSerialId: null}, Type:RATIS, Factor:THREE, State:OPEN]
2019-08-28 12:08:50,203 [main] INFO  ozone.MiniOzoneClusterImpl (MiniOzoneClusterImpl.java:lambda$waitForClusterToBeReady$0(144)) - Waiting for cluster to be ready. Got 6 of 7 DN Heartbeats.
2019-08-28 12:08:50,204 [IPC Server handler 3 on 35852] INFO  net.NetworkTopology (NetworkTopologyImpl.java:add(110)) - Added a new node: /default-rack/40fea9a8-502b-40ee-85ae-dc8ed12a9c4d
2019-08-28 12:08:50,204 [IPC Server handler 3 on 35852] INFO  node.SCMNodeManager (SCMNodeManager.java:register(273)) - Registered Data node : 40fea9a8-502b-40ee-85ae-dc8ed12a9c4d{ip: 192.168.36.80, host: pr-hdds-1949-gk6t9-2362663429, networkLocation: /default-rack, certSerialId: null}
2019-08-28 12:08:50,205 | INFO  | SCMAudit | user=jenkins1000 | ip=192.168.36.80 | op=REGISTER {datanodeDetails=40fea9a8-502b-40ee-85ae-dc8ed12a9c4d{ip: 192.168.36.80, host: pr-hdds-1949-gk6t9-2362663429, networkLocation: /default-rack, certSerialId: null}} | ret=SUCCESS |  
2019-08-28 12:08:50,222 [grpc-default-executor-6] INFO  impl.RaftServerProxy (RaftServerProxy.java:addNew(89)) - 40fea9a8-502b-40ee-85ae-dc8ed12a9c4d: addNew group-B72B746E6CDF:[40fea9a8-502b-40ee-85ae-dc8ed12a9c4d:192.168.36.80:37871] returns group-B72B746E6CDF:java.util.concurrent.CompletableFuture@36c40ef7[Not completed]
2019-08-28 12:08:50,224 [pool-505-thread-1] INFO  impl.RaftServerImpl (RaftServerImpl.java:<init>(93)) - 40fea9a8-502b-40ee-85ae-dc8ed12a9c4d: new RaftServerImpl for group-B72B746E6CDF:[40fea9a8-502b-40ee-85ae-dc8ed12a9c4d:192.168.36.80:37871] with ContainerStateMachine:uninitialized
2019-08-28 12:08:50,224 [pool-505-thread-1] INFO  server.RaftServerConfigKeys (ConfUtils.java:logGet(43)) - raft.server.rpc.timeout.min = 5s (custom)
2019-08-28 12:08:50,225 [pool-505-thread-1] INFO  server.RaftServerConfigKeys (ConfUtils.java:logGet(43)) - raft.server.rpc.timeout.max = 5200ms (custom)
2019-08-28 12:08:50,225 [pool-505-thread-1] INFO  server.RaftServerConfigKeys (ConfUtils.java:logGet(43)) - raft.server.rpcslowness.timeout = 120s (custom)
2019-08-28 12:08:50,225 [pool-505-thread-1] INFO  server.RaftServerConfigKeys (ConfUtils.java:logGet(43)) - raft.server.sleep.deviation.threshold = 300 (default)
2019-08-28 12:08:50,225 [pool-505-thread-1] INFO  server.RaftServerConfigKeys (ConfUtils.java:logGet(43)) - raft.server.log.appender.install.snapshot.enabled = false (custom)
2019-08-28 12:08:50,225 [pool-505-thread-1] INFO  impl.RaftServerImpl (ServerState.java:<init>(105)) - 40fea9a8-502b-40ee-85ae-dc8ed12a9c4d:group-B72B746E6CDF ConfigurationManager, init=-1: [40fea9a8-502b-40ee-85ae-dc8ed12a9c4d:192.168.36.80:37871], old=null, confs=<EMPTY_MAP>
2019-08-28 12:08:50,225 [pool-505-thread-1] INFO  server.RaftServerConfigKeys (ConfUtils.java:logGet(43)) - raft.server.storage.dir = [/workdir/hadoop-ozone/integration-test/target/test-dir/MiniOzoneClusterImpl-c6369339-b721-4289-b411-c27671099042/datanode-6/data/ratis] (custom)
2019-08-28 12:08:50,226 [pool-505-thread-1] INFO  storage.RaftStorageDirectory (RaftStorageDirectory.java:analyzeStorage(246)) - The storage directory /workdir/hadoop-ozone/integration-test/target/test-dir/MiniOzoneClusterImpl-c6369339-b721-4289-b411-c27671099042/datanode-6/data/ratis/bbd13d3a-1727-4870-9617-b72b746e6cdf does not exist. Creating ...
2019-08-28 12:08:50,235 [pool-505-thread-1] INFO  storage.RaftStorageDirectory (RaftStorageDirectory.java:tryLock(328)) - Lock on /workdir/hadoop-ozone/integration-test/target/test-dir/MiniOzoneClusterImpl-c6369339-b721-4289-b411-c27671099042/datanode-6/data/ratis/bbd13d3a-1727-4870-9617-b72b746e6cdf/in_use.lock acquired by nodename 23549@pr-hdds-1949-gk6t9-2362663429
2019-08-28 12:08:50,250 [pool-505-thread-1] INFO  storage.RaftStorage (RaftStorage.java:format(72)) - Storage directory /workdir/hadoop-ozone/integration-test/target/test-dir/MiniOzoneClusterImpl-c6369339-b721-4289-b411-c27671099042/datanode-6/data/ratis/bbd13d3a-1727-4870-9617-b72b746e6cdf has been successfully formatted.
2019-08-28 12:08:50,250 [pool-505-thread-1] INFO  ratis.ContainerStateMachine (ContainerStateMachine.java:loadSnapshot(227)) - group-B72B746E6CDF: The snapshot info is null. Setting the last applied indexto:(t:0, i:~)
2019-08-28 12:08:50,250 [pool-505-thread-1] INFO  server.RaftServerConfigKeys (ConfUtils.java:logGet(43)) - raft.server.leader.election.timeout = 120s (custom)
2019-08-28 12:08:50,250 [pool-505-thread-1] INFO  server.RaftServerConfigKeys (ConfUtils.java:logGet(43)) - raft.server.log.use.memory = false (default)
2019-08-28 12:08:50,250 [pool-505-thread-1] INFO  server.RaftServerConfigKeys (ConfUtils.java:logGet(43)) - raft.server.log.purge.gap = 1000000 (custom)
2019-08-28 12:08:50,251 [pool-505-thread-1] INFO  server.RaftServerConfigKeys (ConfUtils.java:logGet(43)) - raft.server.log.appender.buffer.byte-limit = 33554432 (custom)
2019-08-28 12:08:50,251 [pool-505-thread-1] INFO  server.RaftServerConfigKeys (ConfUtils.java:logGet(43)) - raft.server.log.segment.size.max = 1048576 (custom)
2019-08-28 12:08:50,251 [pool-505-thread-1] INFO  server.RaftServerConfigKeys (ConfUtils.java:logGet(43)) - raft.server.log.segment.cache.num.max = 2 (custom)
2019-08-28 12:08:50,251 [pool-505-thread-1] INFO  segmented.SegmentedRaftLogWorker (SegmentedRaftLogWorker.java:<init>(172)) - new 40fea9a8-502b-40ee-85ae-dc8ed12a9c4d-SegmentedRaftLogWorker:Storage Directory /workdir/hadoop-ozone/integration-test/target/test-dir/MiniOzoneClusterImpl-c6369339-b721-4289-b411-c27671099042/datanode-6/data/ratis/bbd13d3a-1727-4870-9617-b72b746e6cdf for RaftStorage:Storage Directory /workdir/hadoop-ozone/integration-test/target/test-dir/MiniOzoneClusterImpl-c6369339-b721-4289-b411-c27671099042/datanode-6/data/ratis/bbd13d3a-1727-4870-9617-b72b746e6cdf
2019-08-28 12:08:50,251 [pool-505-thread-1] INFO  server.RaftServerConfigKeys (ConfUtils.java:logGet(43)) - raft.server.log.queue.byte-limit = 2147483647 (custom)
2019-08-28 12:08:50,251 [pool-505-thread-1] INFO  server.RaftServerConfigKeys (ConfUtils.java:logGet(43)) - raft.server.log.queue.element-limit = 1024 (custom)
2019-08-28 12:08:50,252 [pool-505-thread-1] INFO  server.RaftServerConfigKeys (ConfUtils.java:logGet(43)) - raft.server.log.segment.size.max = 1048576 (custom)
2019-08-28 12:08:50,252 [pool-505-thread-1] INFO  server.RaftServerConfigKeys (ConfUtils.java:logGet(43)) - raft.server.log.preallocated.size = 16384 (custom)
2019-08-28 12:08:50,252 [pool-505-thread-1] INFO  server.RaftServerConfigKeys (ConfUtils.java:logGet(43)) - raft.server.log.write.buffer.size = 33554432 (custom)
2019-08-28 12:08:50,252 [pool-505-thread-1] INFO  server.RaftServerConfigKeys (ConfUtils.java:logGet(43)) - raft.server.log.force.sync.num = 128 (default)
2019-08-28 12:08:50,252 [pool-505-thread-1] INFO  server.RaftServerConfigKeys (ConfUtils.java:logGet(43)) - raft.server.log.statemachine.data.sync = true (default)
2019-08-28 12:08:50,252 [pool-505-thread-1] INFO  server.RaftServerConfigKeys (ConfUtils.java:logGet(43)) - raft.server.log.statemachine.data.sync.timeout = 10s (default)
2019-08-28 12:08:50,252 [pool-505-thread-1] INFO  server.RaftServerConfigKeys (ConfUtils.java:logGet(43)) - raft.server.log.statemachine.data.sync.timeout.retry = -1 (default)
2019-08-28 12:08:50,252 [pool-505-thread-1] INFO  server.RaftServerConfigKeys (ConfUtils.java:logGet(43)) - raft.server.log.statemachine.data.caching.enabled = true (custom)
2019-08-28 12:08:50,253 [pool-505-thread-1] INFO  segmented.SegmentedRaftLogWorker (SegmentedRaftLogWorker.java:lambda$new$0(132)) - 40fea9a8-502b-40ee-85ae-dc8ed12a9c4d-SegmentedRaftLogWorker:Storage Directory /workdir/hadoop-ozone/integration-test/target/test-dir/MiniOzoneClusterImpl-c6369339-b721-4289-b411-c27671099042/datanode-6/data/ratis/bbd13d3a-1727-4870-9617-b72b746e6cdf: flushIndex: setUnconditionally 0 -> -1
2019-08-28 12:08:50,253 [pool-505-thread-1] INFO  server.RaftServerConfigKeys (ConfUtils.java:logGet(43)) - raft.server.snapshot.auto.trigger.enabled = true (custom)
2019-08-28 12:08:50,253 [pool-505-thread-1] INFO  server.RaftServerConfigKeys (ConfUtils.java:logGet(43)) - raft.server.snapshot.auto.trigger.threshold = 10000 (custom)
2019-08-28 12:08:50,253 [pool-505-thread-1] INFO  server.RaftServerConfigKeys (ConfUtils.java:logGet(43)) - raft.server.retrycache.expirytime = 600000ms (custom)
2019-08-28 12:08:50,254 [pool-505-thread-1] INFO  impl.RaftServerImpl (RaftServerImpl.java:start(180)) - 40fea9a8-502b-40ee-85ae-dc8ed12a9c4d: start group-B72B746E6CDF
2019-08-28 12:08:50,254 [pool-505-thread-1] INFO  impl.RaftServerImpl (RaftServerImpl.java:setRole(171)) - 40fea9a8-502b-40ee-85ae-dc8ed12a9c4d:group-B72B746E6CDF changes role from null to FOLLOWER at term 0 for startAsFollower
2019-08-28 12:08:50,254 [pool-505-thread-1] INFO  impl.RoleInfo (RoleInfo.java:updateAndGet(143)) - 40fea9a8-502b-40ee-85ae-dc8ed12a9c4d: start FollowerState
2019-08-28 12:08:50,254 [pool-505-thread-1] INFO  util.JmxRegister (JmxRegister.java:tryRegister(44)) - Successfully registered JMX Bean with object name Ratis:service=RaftServer,group=group-B72B746E6CDF,id=40fea9a8-502b-40ee-85ae-dc8ed12a9c4d
2019-08-28 12:08:50,260 [RatisPipelineUtilsThread] INFO  pipeline.PipelineStateManager (PipelineStateManager.java:addPipeline(56)) - Created pipeline Pipeline[ Id: bbd13d3a-1727-4870-9617-b72b746e6cdf, Nodes: 40fea9a8-502b-40ee-85ae-dc8ed12a9c4d{ip: 192.168.36.80, host: pr-hdds-1949-gk6t9-2362663429, networkLocation: /default-rack, certSerialId: null}, Type:RATIS, Factor:ONE, State:OPEN]
2019-08-28 12:08:50,613 | INFO  | SCMAudit | user=jenkins1000 | ip=192.168.36.80 | op=SEND_HEARTBEAT {datanodeUUID=0c3b8344-cdf9-4d1e-a488-759371ee96af, command=[]} | ret=SUCCESS |  
2019-08-28 12:08:50,817 | INFO  | SCMAudit | user=jenkins1000 | ip=192.168.36.80 | op=SEND_HEARTBEAT {datanodeUUID=b393eaaf-48fc-4c06-ba9b-cdb8896dc2ee, command=[]} | ret=SUCCESS |  
2019-08-28 12:08:51,203 [main] INFO  ozone.MiniOzoneClusterImpl (MiniOzoneClusterImpl.java:lambda$waitForClusterToBeReady$0(144)) - Cluster is ready. Got 7 of 7 DN Heartbeats.
2019-08-28 12:08:51,233 [main] INFO  rpc.RpcClient (RpcClient.java:createVolume(293)) - Creating Volume: testblockoutputstream, with jenkins1000 as owner.
2019-08-28 12:08:51,236 | INFO  | OMAudit | user=jenkins1000 | ip=127.0.0.1 | op=CREATE_VOLUME {admin=jenkins1000, owner=jenkins1000, volume=testblockoutputstream, creationTime=1566994131235, quotaInBytes=1152921504606846976} | ret=SUCCESS |  
2019-08-28 12:08:51,245 | INFO  | OMAudit | user=jenkins1000 | ip=127.0.0.1 | op=READ_VOLUME {volume=testblockoutputstream} | ret=SUCCESS |  
2019-08-28 12:08:51,247 [main] INFO  rpc.RpcClient (RpcClient.java:createBucket(432)) - Creating Bucket: testblockoutputstream/testblockoutputstream, with Versioning false and Storage Type set to DISK and Encryption set to false 
2019-08-28 12:08:51,250 | INFO  | OMAudit | user=jenkins1000 | ip=127.0.0.1 | op=CREATE_BUCKET {volume=testblockoutputstream, bucket=testblockoutputstream, acls=[user:jenkins1000:a[ACCESS], group:default:a[ACCESS]], isVersionEnabled=false, storageType=DISK, creationTime=0} | ret=SUCCESS |  
2019-08-28 12:08:51,251 | INFO  | OMAudit | user=jenkins1000 | ip=127.0.0.1 | op=READ_VOLUME {volume=testblockoutputstream} | ret=SUCCESS |  
2019-08-28 12:08:51,253 | INFO  | OMAudit | user=jenkins1000 | ip=127.0.0.1 | op=READ_BUCKET {volume=testblockoutputstream, bucket=testblockoutputstream} | ret=SUCCESS |  
2019-08-28 12:08:51,257 | INFO  | SCMAudit | user=jenkins1000 | ip=192.168.36.80 | op=ALLOCATE_BLOCK {owner=1bb9dd05-b49b-40e8-ab8a-df0b4d5f7b83, size=800, type=RATIS, factor=THREE} | ret=SUCCESS |  
2019-08-28 12:08:51,260 | INFO  | OMAudit | user=jenkins1000 | ip=127.0.0.1 | op=ALLOCATE_KEY {volume=testblockoutputstream, bucket=testblockoutputstream, key=0370f510-fff3-4dca-b183-55ccb55ecbaf, dataSize=0, replicationType=RATIS, replicationFactor=THREE, keyLocationInfo=null} | ret=SUCCESS |  
2019-08-28 12:08:51,272 [grpc-default-executor-6] INFO  client.GrpcClientProtocolClient (GrpcClientProtocolClient.java:onNext(255)) - client-05B825CF0C11->0c3b8344-cdf9-4d1e-a488-759371ee96af: receive RaftClientReply:client-05B825CF0C11->0c3b8344-cdf9-4d1e-a488-759371ee96af@group-A86B04BA5B76, cid=176, FAILED org.apache.ratis.protocol.NotLeaderException: Server 0c3b8344-cdf9-4d1e-a488-759371ee96af is not the leader (null). Request must be sent to leader., logIndex=0, commits[0c3b8344-cdf9-4d1e-a488-759371ee96af:c-1]
2019-08-28 12:08:51,322 | INFO  | SCMAudit | user=jenkins1000 | ip=192.168.36.80 | op=SEND_HEARTBEAT {datanodeUUID=c236d778-ae7d-44ab-9790-03842f4247ab, command=[]} | ret=SUCCESS |  
2019-08-28 12:08:51,542 | INFO  | SCMAudit | user=jenkins1000 | ip=192.168.36.80 | op=SEND_HEARTBEAT {datanodeUUID=9ec19c9d-2043-406f-82f9-255ab4ee7628, command=[]} | ret=SUCCESS |  
2019-08-28 12:08:51,613 | INFO  | SCMAudit | user=jenkins1000 | ip=192.168.36.80 | op=SEND_HEARTBEAT {datanodeUUID=0c3b8344-cdf9-4d1e-a488-759371ee96af, command=[]} | ret=SUCCESS |  
2019-08-28 12:08:51,622 [Thread-3510] INFO  container.ReplicationManager (ReplicationManager.java:start(152)) - Starting Replication Monitor Thread.
2019-08-28 12:08:51,626 [ReplicationMonitor] INFO  container.ReplicationManager (ReplicationManager.java:run(215)) - Replication Monitor Thread took 0 milliseconds for processing 1 containers.
2019-08-28 12:08:51,778 | INFO  | SCMAudit | user=jenkins1000 | ip=192.168.36.80 | op=SEND_HEARTBEAT {datanodeUUID=70ebd995-e0c0-4864-abcd-ac0b412c9683, command=[]} | ret=SUCCESS |  
2019-08-28 12:08:51,818 | INFO  | SCMAudit | user=jenkins1000 | ip=192.168.36.80 | op=SEND_HEARTBEAT {datanodeUUID=b393eaaf-48fc-4c06-ba9b-cdb8896dc2ee, command=[]} | ret=SUCCESS |  
2019-08-28 12:08:51,987 | INFO  | SCMAudit | user=jenkins1000 | ip=192.168.36.80 | op=SEND_HEARTBEAT {datanodeUUID=b34515dc-ef39-40c7-8939-0c9a405226e8, command=[]} | ret=SUCCESS |  
2019-08-28 12:08:52,203 | INFO  | SCMAudit | user=jenkins1000 | ip=192.168.36.80 | op=SEND_HEARTBEAT {datanodeUUID=40fea9a8-502b-40ee-85ae-dc8ed12a9c4d, command=[]} | ret=SUCCESS |  
2019-08-28 12:08:52,285 [grpc-default-executor-5] INFO  client.GrpcClientProtocolClient (GrpcClientProtocolClient.java:onNext(255)) - client-05B825CF0C11->b393eaaf-48fc-4c06-ba9b-cdb8896dc2ee: receive RaftClientReply:client-05B825CF0C11->b393eaaf-48fc-4c06-ba9b-cdb8896dc2ee@group-A86B04BA5B76, cid=176, FAILED org.apache.ratis.protocol.NotLeaderException: Server b393eaaf-48fc-4c06-ba9b-cdb8896dc2ee is not the leader (null). Request must be sent to leader., logIndex=0, commits[b393eaaf-48fc-4c06-ba9b-cdb8896dc2ee:c-1]
2019-08-28 12:08:52,322 | INFO  | SCMAudit | user=jenkins1000 | ip=192.168.36.80 | op=SEND_HEARTBEAT {datanodeUUID=c236d778-ae7d-44ab-9790-03842f4247ab, command=[]} | ret=SUCCESS |  
2019-08-28 12:08:52,542 | INFO  | SCMAudit | user=jenkins1000 | ip=192.168.36.80 | op=SEND_HEARTBEAT {datanodeUUID=9ec19c9d-2043-406f-82f9-255ab4ee7628, command=[]} | ret=SUCCESS |  
2019-08-28 12:08:52,613 | INFO  | SCMAudit | user=jenkins1000 | ip=192.168.36.80 | op=SEND_HEARTBEAT {datanodeUUID=0c3b8344-cdf9-4d1e-a488-759371ee96af, command=[]} | ret=SUCCESS |  
2019-08-28 12:08:52,777 | INFO  | SCMAudit | user=jenkins1000 | ip=192.168.36.80 | op=SEND_HEARTBEAT {datanodeUUID=70ebd995-e0c0-4864-abcd-ac0b412c9683, command=[]} | ret=SUCCESS |  
2019-08-28 12:08:52,818 | INFO  | SCMAudit | user=jenkins1000 | ip=192.168.36.80 | op=SEND_HEARTBEAT {datanodeUUID=b393eaaf-48fc-4c06-ba9b-cdb8896dc2ee, command=[]} | ret=SUCCESS |  
2019-08-28 12:08:52,987 | INFO  | SCMAudit | user=jenkins1000 | ip=192.168.36.80 | op=SEND_HEARTBEAT {datanodeUUID=b34515dc-ef39-40c7-8939-0c9a405226e8, command=[]} | ret=SUCCESS |  
2019-08-28 12:08:53,204 | INFO  | SCMAudit | user=jenkins1000 | ip=192.168.36.80 | op=SEND_HEARTBEAT {datanodeUUID=40fea9a8-502b-40ee-85ae-dc8ed12a9c4d, command=[]} | ret=SUCCESS |  
2019-08-28 12:08:53,297 [grpc-default-executor-5] INFO  client.GrpcClientProtocolClient (GrpcClientProtocolClient.java:onNext(255)) - client-05B825CF0C11->0c3b8344-cdf9-4d1e-a488-759371ee96af: receive RaftClientReply:client-05B825CF0C11->0c3b8344-cdf9-4d1e-a488-759371ee96af@group-A86B04BA5B76, cid=176, FAILED org.apache.ratis.protocol.NotLeaderException: Server 0c3b8344-cdf9-4d1e-a488-759371ee96af is not the leader (null). Request must be sent to leader., logIndex=0, commits[0c3b8344-cdf9-4d1e-a488-759371ee96af:c-1]
2019-08-28 12:08:53,322 | INFO  | SCMAudit | user=jenkins1000 | ip=192.168.36.80 | op=SEND_HEARTBEAT {datanodeUUID=c236d778-ae7d-44ab-9790-03842f4247ab, command=[]} | ret=SUCCESS |  
2019-08-28 12:08:53,543 | INFO  | SCMAudit | user=jenkins1000 | ip=192.168.36.80 | op=SEND_HEARTBEAT {datanodeUUID=9ec19c9d-2043-406f-82f9-255ab4ee7628, command=[]} | ret=SUCCESS |  
2019-08-28 12:08:53,613 | INFO  | SCMAudit | user=jenkins1000 | ip=192.168.36.80 | op=SEND_HEARTBEAT {datanodeUUID=0c3b8344-cdf9-4d1e-a488-759371ee96af, command=[]} | ret=SUCCESS |  
2019-08-28 12:08:53,778 | INFO  | SCMAudit | user=jenkins1000 | ip=192.168.36.80 | op=SEND_HEARTBEAT {datanodeUUID=70ebd995-e0c0-4864-abcd-ac0b412c9683, command=[]} | ret=SUCCESS |  
2019-08-28 12:08:53,818 | INFO  | SCMAudit | user=jenkins1000 | ip=192.168.36.80 | op=SEND_HEARTBEAT {datanodeUUID=b393eaaf-48fc-4c06-ba9b-cdb8896dc2ee, command=[]} | ret=SUCCESS |  
2019-08-28 12:08:53,835 [Thread-3512] INFO  impl.FollowerState (FollowerState.java:run(106)) - 0c3b8344-cdf9-4d1e-a488-759371ee96af:group-F2B11F3CF857 changes to CANDIDATE, lastRpcTime:5159, electionTimeout:5159ms
2019-08-28 12:08:53,835 [Thread-3512] INFO  impl.RoleInfo (RoleInfo.java:shutdownFollowerState(121)) - 0c3b8344-cdf9-4d1e-a488-759371ee96af: shutdown FollowerState
2019-08-28 12:08:53,835 [Thread-3512] INFO  impl.RaftServerImpl (RaftServerImpl.java:setRole(171)) - 0c3b8344-cdf9-4d1e-a488-759371ee96af:group-F2B11F3CF857 changes role from FOLLOWER to CANDIDATE at term 0 for changeToCandidate
2019-08-28 12:08:53,835 [Thread-3512] INFO  impl.RoleInfo (RoleInfo.java:updateAndGet(143)) - 0c3b8344-cdf9-4d1e-a488-759371ee96af: start LeaderElection
2019-08-28 12:08:53,856 [0c3b8344-cdf9-4d1e-a488-759371ee96af:group-F2B11F3CF857:LeaderElection57] INFO  impl.LeaderElection (LeaderElection.java:askForVotes(181)) - 0c3b8344-cdf9-4d1e-a488-759371ee96af:group-F2B11F3CF857:LeaderElection57: begin an election at term 1 for -1: [0c3b8344-cdf9-4d1e-a488-759371ee96af:192.168.36.80:43301], old=null
2019-08-28 12:08:53,857 [0c3b8344-cdf9-4d1e-a488-759371ee96af:group-F2B11F3CF857:LeaderElection57] INFO  impl.RoleInfo (RoleInfo.java:shutdownLeaderElection(134)) - 0c3b8344-cdf9-4d1e-a488-759371ee96af: shutdown LeaderElection
2019-08-28 12:08:53,857 [0c3b8344-cdf9-4d1e-a488-759371ee96af:group-F2B11F3CF857:LeaderElection57] INFO  impl.RaftServerImpl (RaftServerImpl.java:setRole(171)) - 0c3b8344-cdf9-4d1e-a488-759371ee96af:group-F2B11F3CF857 changes role from CANDIDATE to LEADER at term 1 for changeToLeader
2019-08-28 12:08:53,857 [0c3b8344-cdf9-4d1e-a488-759371ee96af:group-F2B11F3CF857:LeaderElection57] INFO  impl.RaftServerImpl (ServerState.java:setLeader(263)) - 0c3b8344-cdf9-4d1e-a488-759371ee96af:group-F2B11F3CF857 change Leader from null to 0c3b8344-cdf9-4d1e-a488-759371ee96af at term 1 for becomeLeader, leader elected after 5186ms
2019-08-28 12:08:53,857 [0c3b8344-cdf9-4d1e-a488-759371ee96af:group-F2B11F3CF857:LeaderElection57] INFO  server.RaftServerConfigKeys (ConfUtils.java:logGet(43)) - raft.server.staging.catchup.gap = 1000 (default)
2019-08-28 12:08:53,857 [0c3b8344-cdf9-4d1e-a488-759371ee96af:group-F2B11F3CF857:LeaderElection57] INFO  server.RaftServerConfigKeys (ConfUtils.java:logGet(43)) - raft.server.rpc.sleep.time = 25ms (default)
2019-08-28 12:08:53,858 [0c3b8344-cdf9-4d1e-a488-759371ee96af:group-F2B11F3CF857:LeaderElection57] INFO  server.RaftServerConfigKeys (ConfUtils.java:logGet(43)) - raft.server.write.element-limit = 4096 (default)
2019-08-28 12:08:53,858 [0c3b8344-cdf9-4d1e-a488-759371ee96af:group-F2B11F3CF857:LeaderElection57] INFO  server.RaftServerConfigKeys (ConfUtils.java:logGet(43)) - raft.server.watch.timeout = 10s (default)
2019-08-28 12:08:53,858 [0c3b8344-cdf9-4d1e-a488-759371ee96af:group-F2B11F3CF857:LeaderElection57] INFO  server.RaftServerConfigKeys (ConfUtils.java:logGet(43)) - raft.server.watch.timeout.denomination = 1s (default)
2019-08-28 12:08:53,858 [0c3b8344-cdf9-4d1e-a488-759371ee96af:group-F2B11F3CF857:LeaderElection57] INFO  server.RaftServerConfigKeys (ConfUtils.java:logGet(43)) - raft.server.watch.element-limit = 65536 (default)
2019-08-28 12:08:53,858 [0c3b8344-cdf9-4d1e-a488-759371ee96af:group-F2B11F3CF857:LeaderElection57] INFO  impl.RoleInfo (RoleInfo.java:updateAndGet(143)) - 0c3b8344-cdf9-4d1e-a488-759371ee96af: start LeaderState
2019-08-28 12:08:53,859 [0c3b8344-cdf9-4d1e-a488-759371ee96af:group-F2B11F3CF857:LeaderElection57] INFO  segmented.SegmentedRaftLogWorker (SegmentedRaftLogWorker.java:startLogSegment(380)) - 0c3b8344-cdf9-4d1e-a488-759371ee96af-SegmentedRaftLogWorker:Storage Directory /workdir/hadoop-ozone/integration-test/target/test-dir/MiniOzoneClusterImpl-c6369339-b721-4289-b411-c27671099042/datanode-0/data/ratis/3f618f5b-cfb1-4397-a92f-f2b11f3cf857: Starting segment from index:0
2019-08-28 12:08:53,860 [0c3b8344-cdf9-4d1e-a488-759371ee96af:group-F2B11F3CF857:LeaderElection57] INFO  impl.RaftServerImpl (ServerState.java:setRaftConf(361)) - 0c3b8344-cdf9-4d1e-a488-759371ee96af:group-F2B11F3CF857 set configuration 0: [0c3b8344-cdf9-4d1e-a488-759371ee96af:192.168.36.80:43301], old=null at 0
2019-08-28 12:08:53,908 [0c3b8344-cdf9-4d1e-a488-759371ee96af-SegmentedRaftLogWorker:Storage Directory /workdir/hadoop-ozone/integration-test/target/test-dir/MiniOzoneClusterImpl-c6369339-b721-4289-b411-c27671099042/datanode-0/data/ratis/3f618f5b-cfb1-4397-a92f-f2b11f3cf857] INFO  segmented.SegmentedRaftLogWorker (SegmentedRaftLogWorker.java:execute(569)) - 0c3b8344-cdf9-4d1e-a488-759371ee96af-SegmentedRaftLogWorker:Storage Directory /workdir/hadoop-ozone/integration-test/target/test-dir/MiniOzoneClusterImpl-c6369339-b721-4289-b411-c27671099042/datanode-0/data/ratis/3f618f5b-cfb1-4397-a92f-f2b11f3cf857: created new log segment /workdir/hadoop-ozone/integration-test/target/test-dir/MiniOzoneClusterImpl-c6369339-b721-4289-b411-c27671099042/datanode-0/data/ratis/3f618f5b-cfb1-4397-a92f-f2b11f3cf857/current/log_inprogress_0
2019-08-28 12:08:53,988 | INFO  | SCMAudit | user=jenkins1000 | ip=192.168.36.80 | op=SEND_HEARTBEAT {datanodeUUID=b34515dc-ef39-40c7-8939-0c9a405226e8, command=[]} | ret=SUCCESS |  
2019-08-28 12:08:54,004 [Thread-3515] INFO  impl.FollowerState (FollowerState.java:run(106)) - b393eaaf-48fc-4c06-ba9b-cdb8896dc2ee:group-0D2E468D85D0 changes to CANDIDATE, lastRpcTime:5141, electionTimeout:5141ms
2019-08-28 12:08:54,004 [Thread-3515] INFO  impl.RoleInfo (RoleInfo.java:shutdownFollowerState(121)) - b393eaaf-48fc-4c06-ba9b-cdb8896dc2ee: shutdown FollowerState
2019-08-28 12:08:54,004 [Thread-3515] INFO  impl.RaftServerImpl (RaftServerImpl.java:setRole(171)) - b393eaaf-48fc-4c06-ba9b-cdb8896dc2ee:group-0D2E468D85D0 changes role from FOLLOWER to CANDIDATE at term 0 for changeToCandidate
2019-08-28 12:08:54,004 [Thread-3515] INFO  impl.RoleInfo (RoleInfo.java:updateAndGet(143)) - b393eaaf-48fc-4c06-ba9b-cdb8896dc2ee: start LeaderElection
2019-08-28 12:08:54,023 [b393eaaf-48fc-4c06-ba9b-cdb8896dc2ee:group-0D2E468D85D0:LeaderElection58] INFO  impl.LeaderElection (LeaderElection.java:askForVotes(181)) - b393eaaf-48fc-4c06-ba9b-cdb8896dc2ee:group-0D2E468D85D0:LeaderElection58: begin an election at term 1 for -1: [b393eaaf-48fc-4c06-ba9b-cdb8896dc2ee:192.168.36.80:41658], old=null
2019-08-28 12:08:54,023 [b393eaaf-48fc-4c06-ba9b-cdb8896dc2ee:group-0D2E468D85D0:LeaderElection58] INFO  impl.RoleInfo (RoleInfo.java:shutdownLeaderElection(134)) - b393eaaf-48fc-4c06-ba9b-cdb8896dc2ee: shutdown LeaderElection
2019-08-28 12:08:54,023 [b393eaaf-48fc-4c06-ba9b-cdb8896dc2ee:group-0D2E468D85D0:LeaderElection58] INFO  impl.RaftServerImpl (RaftServerImpl.java:setRole(171)) - b393eaaf-48fc-4c06-ba9b-cdb8896dc2ee:group-0D2E468D85D0 changes role from CANDIDATE to LEADER at term 1 for changeToLeader
2019-08-28 12:08:54,023 [b393eaaf-48fc-4c06-ba9b-cdb8896dc2ee:group-0D2E468D85D0:LeaderElection58] INFO  impl.RaftServerImpl (ServerState.java:setLeader(263)) - b393eaaf-48fc-4c06-ba9b-cdb8896dc2ee:group-0D2E468D85D0 change Leader from null to b393eaaf-48fc-4c06-ba9b-cdb8896dc2ee at term 1 for becomeLeader, leader elected after 5165ms
2019-08-28 12:08:54,023 [b393eaaf-48fc-4c06-ba9b-cdb8896dc2ee:group-0D2E468D85D0:LeaderElection58] INFO  server.RaftServerConfigKeys (ConfUtils.java:logGet(43)) - raft.server.staging.catchup.gap = 1000 (default)
2019-08-28 12:08:54,023 [b393eaaf-48fc-4c06-ba9b-cdb8896dc2ee:group-0D2E468D85D0:LeaderElection58] INFO  server.RaftServerConfigKeys (ConfUtils.java:logGet(43)) - raft.server.rpc.sleep.time = 25ms (default)
2019-08-28 12:08:54,024 [b393eaaf-48fc-4c06-ba9b-cdb8896dc2ee:group-0D2E468D85D0:LeaderElection58] INFO  server.RaftServerConfigKeys (ConfUtils.java:logGet(43)) - raft.server.write.element-limit = 4096 (default)
2019-08-28 12:08:54,024 [b393eaaf-48fc-4c06-ba9b-cdb8896dc2ee:group-0D2E468D85D0:LeaderElection58] INFO  server.RaftServerConfigKeys (ConfUtils.java:logGet(43)) - raft.server.watch.timeout = 10s (default)
2019-08-28 12:08:54,024 [b393eaaf-48fc-4c06-ba9b-cdb8896dc2ee:group-0D2E468D85D0:LeaderElection58] INFO  server.RaftServerConfigKeys (ConfUtils.java:logGet(43)) - raft.server.watch.timeout.denomination = 1s (default)
2019-08-28 12:08:54,024 [b393eaaf-48fc-4c06-ba9b-cdb8896dc2ee:group-0D2E468D85D0:LeaderElection58] INFO  server.RaftServerConfigKeys (ConfUtils.java:logGet(43)) - raft.server.watch.element-limit = 65536 (default)
2019-08-28 12:08:54,024 [b393eaaf-48fc-4c06-ba9b-cdb8896dc2ee:group-0D2E468D85D0:LeaderElection58] INFO  impl.RoleInfo (RoleInfo.java:updateAndGet(143)) - b393eaaf-48fc-4c06-ba9b-cdb8896dc2ee: start LeaderState
2019-08-28 12:08:54,024 [b393eaaf-48fc-4c06-ba9b-cdb8896dc2ee:group-0D2E468D85D0:LeaderElection58] INFO  segmented.SegmentedRaftLogWorker (SegmentedRaftLogWorker.java:startLogSegment(380)) - b393eaaf-48fc-4c06-ba9b-cdb8896dc2ee-SegmentedRaftLogWorker:Storage Directory /workdir/hadoop-ozone/integration-test/target/test-dir/MiniOzoneClusterImpl-c6369339-b721-4289-b411-c27671099042/datanode-1/data/ratis/5efa80db-40cc-4c64-b025-0d2e468d85d0: Starting segment from index:0
2019-08-28 12:08:54,025 [b393eaaf-48fc-4c06-ba9b-cdb8896dc2ee:group-0D2E468D85D0:LeaderElection58] INFO  impl.RaftServerImpl (ServerState.java:setRaftConf(361)) - b393eaaf-48fc-4c06-ba9b-cdb8896dc2ee:group-0D2E468D85D0 set configuration 0: [b393eaaf-48fc-4c06-ba9b-cdb8896dc2ee:192.168.36.80:41658], old=null at 0
2019-08-28 12:08:54,066 [b393eaaf-48fc-4c06-ba9b-cdb8896dc2ee-SegmentedRaftLogWorker:Storage Directory /workdir/hadoop-ozone/integration-test/target/test-dir/MiniOzoneClusterImpl-c6369339-b721-4289-b411-c27671099042/datanode-1/data/ratis/5efa80db-40cc-4c64-b025-0d2e468d85d0] INFO  segmented.SegmentedRaftLogWorker (SegmentedRaftLogWorker.java:execute(569)) - b393eaaf-48fc-4c06-ba9b-cdb8896dc2ee-SegmentedRaftLogWorker:Storage Directory /workdir/hadoop-ozone/integration-test/target/test-dir/MiniOzoneClusterImpl-c6369339-b721-4289-b411-c27671099042/datanode-1/data/ratis/5efa80db-40cc-4c64-b025-0d2e468d85d0: created new log segment /workdir/hadoop-ozone/integration-test/target/test-dir/MiniOzoneClusterImpl-c6369339-b721-4289-b411-c27671099042/datanode-1/data/ratis/5efa80db-40cc-4c64-b025-0d2e468d85d0/current/log_inprogress_0
2019-08-28 12:08:54,203 | INFO  | SCMAudit | user=jenkins1000 | ip=192.168.36.80 | op=SEND_HEARTBEAT {datanodeUUID=40fea9a8-502b-40ee-85ae-dc8ed12a9c4d, command=[]} | ret=SUCCESS |  
2019-08-28 12:08:54,308 [grpc-default-executor-5] INFO  client.GrpcClientProtocolClient (GrpcClientProtocolClient.java:onNext(255)) - client-05B825CF0C11->b393eaaf-48fc-4c06-ba9b-cdb8896dc2ee: receive RaftClientReply:client-05B825CF0C11->b393eaaf-48fc-4c06-ba9b-cdb8896dc2ee@group-A86B04BA5B76, cid=176, FAILED org.apache.ratis.protocol.NotLeaderException: Server b393eaaf-48fc-4c06-ba9b-cdb8896dc2ee is not the leader (null). Request must be sent to leader., logIndex=0, commits[b393eaaf-48fc-4c06-ba9b-cdb8896dc2ee:c-1]
2019-08-28 12:08:54,323 | INFO  | SCMAudit | user=jenkins1000 | ip=192.168.36.80 | op=SEND_HEARTBEAT {datanodeUUID=c236d778-ae7d-44ab-9790-03842f4247ab, command=[]} | ret=SUCCESS |  
2019-08-28 12:08:54,422 [Thread-3518] INFO  impl.FollowerState (FollowerState.java:run(106)) - c236d778-ae7d-44ab-9790-03842f4247ab:group-DE1376FE82D1 changes to CANDIDATE, lastRpcTime:5048, electionTimeout:5048ms
2019-08-28 12:08:54,422 [Thread-3518] INFO  impl.RoleInfo (RoleInfo.java:shutdownFollowerState(121)) - c236d778-ae7d-44ab-9790-03842f4247ab: shutdown FollowerState
2019-08-28 12:08:54,422 [Thread-3518] INFO  impl.RaftServerImpl (RaftServerImpl.java:setRole(171)) - c236d778-ae7d-44ab-9790-03842f4247ab:group-DE1376FE82D1 changes role from FOLLOWER to CANDIDATE at term 0 for changeToCandidate
2019-08-28 12:08:54,422 [Thread-3518] INFO  impl.RoleInfo (RoleInfo.java:updateAndGet(143)) - c236d778-ae7d-44ab-9790-03842f4247ab: start LeaderElection
2019-08-28 12:08:54,443 [Thread-3521] INFO  impl.FollowerState (FollowerState.java:run(106)) - 0c3b8344-cdf9-4d1e-a488-759371ee96af:group-A86B04BA5B76 changes to CANDIDATE, lastRpcTime:5011, electionTimeout:5011ms
2019-08-28 12:08:54,443 [Thread-3521] INFO  impl.RoleInfo (RoleInfo.java:shutdownFollowerState(121)) - 0c3b8344-cdf9-4d1e-a488-759371ee96af: shutdown FollowerState
2019-08-28 12:08:54,444 [Thread-3521] INFO  impl.RaftServerImpl (RaftServerImpl.java:setRole(171)) - 0c3b8344-cdf9-4d1e-a488-759371ee96af:group-A86B04BA5B76 changes role from FOLLOWER to CANDIDATE at term 0 for changeToCandidate
2019-08-28 12:08:54,444 [c236d778-ae7d-44ab-9790-03842f4247ab:group-DE1376FE82D1:LeaderElection59] INFO  impl.LeaderElection (LeaderElection.java:askForVotes(181)) - c236d778-ae7d-44ab-9790-03842f4247ab:group-DE1376FE82D1:LeaderElection59: begin an election at term 1 for -1: [c236d778-ae7d-44ab-9790-03842f4247ab:192.168.36.80:35772], old=null
2019-08-28 12:08:54,444 [Thread-3521] INFO  impl.RoleInfo (RoleInfo.java:updateAndGet(143)) - 0c3b8344-cdf9-4d1e-a488-759371ee96af: start LeaderElection
2019-08-28 12:08:54,444 [c236d778-ae7d-44ab-9790-03842f4247ab:group-DE1376FE82D1:LeaderElection59] INFO  impl.RoleInfo (RoleInfo.java:shutdownLeaderElection(134)) - c236d778-ae7d-44ab-9790-03842f4247ab: shutdown LeaderElection
2019-08-28 12:08:54,444 [c236d778-ae7d-44ab-9790-03842f4247ab:group-DE1376FE82D1:LeaderElection59] INFO  impl.RaftServerImpl (RaftServerImpl.java:setRole(171)) - c236d778-ae7d-44ab-9790-03842f4247ab:group-DE1376FE82D1 changes role from CANDIDATE to LEADER at term 1 for changeToLeader
2019-08-28 12:08:54,446 [c236d778-ae7d-44ab-9790-03842f4247ab:group-DE1376FE82D1:LeaderElection59] INFO  impl.RaftServerImpl (ServerState.java:setLeader(263)) - c236d778-ae7d-44ab-9790-03842f4247ab:group-DE1376FE82D1 change Leader from null to c236d778-ae7d-44ab-9790-03842f4247ab at term 1 for becomeLeader, leader elected after 5076ms
2019-08-28 12:08:54,449 [c236d778-ae7d-44ab-9790-03842f4247ab:group-DE1376FE82D1:LeaderElection59] INFO  server.RaftServerConfigKeys (ConfUtils.java:logGet(43)) - raft.server.staging.catchup.gap = 1000 (default)
2019-08-28 12:08:54,449 [c236d778-ae7d-44ab-9790-03842f4247ab:group-DE1376FE82D1:LeaderElection59] INFO  server.RaftServerConfigKeys (ConfUtils.java:logGet(43)) - raft.server.rpc.sleep.time = 25ms (default)
2019-08-28 12:08:54,450 [c236d778-ae7d-44ab-9790-03842f4247ab:group-DE1376FE82D1:LeaderElection59] INFO  server.RaftServerConfigKeys (ConfUtils.java:logGet(43)) - raft.server.write.element-limit = 4096 (default)
2019-08-28 12:08:54,450 [c236d778-ae7d-44ab-9790-03842f4247ab:group-DE1376FE82D1:LeaderElection59] INFO  server.RaftServerConfigKeys (ConfUtils.java:logGet(43)) - raft.server.watch.timeout = 10s (default)
2019-08-28 12:08:54,450 [c236d778-ae7d-44ab-9790-03842f4247ab:group-DE1376FE82D1:LeaderElection59] INFO  server.RaftServerConfigKeys (ConfUtils.java:logGet(43)) - raft.server.watch.timeout.denomination = 1s (default)
2019-08-28 12:08:54,450 [c236d778-ae7d-44ab-9790-03842f4247ab:group-DE1376FE82D1:LeaderElection59] INFO  server.RaftServerConfigKeys (ConfUtils.java:logGet(43)) - raft.server.watch.element-limit = 65536 (default)
2019-08-28 12:08:54,450 [c236d778-ae7d-44ab-9790-03842f4247ab:group-DE1376FE82D1:LeaderElection59] INFO  impl.RoleInfo (RoleInfo.java:updateAndGet(143)) - c236d778-ae7d-44ab-9790-03842f4247ab: start LeaderState
2019-08-28 12:08:54,450 [c236d778-ae7d-44ab-9790-03842f4247ab:group-DE1376FE82D1:LeaderElection59] INFO  segmented.SegmentedRaftLogWorker (SegmentedRaftLogWorker.java:startLogSegment(380)) - c236d778-ae7d-44ab-9790-03842f4247ab-SegmentedRaftLogWorker:Storage Directory /workdir/hadoop-ozone/integration-test/target/test-dir/MiniOzoneClusterImpl-c6369339-b721-4289-b411-c27671099042/datanode-2/data/ratis/4b456e23-b56b-4cae-8c9d-de1376fe82d1: Starting segment from index:0
2019-08-28 12:08:54,451 [c236d778-ae7d-44ab-9790-03842f4247ab:group-DE1376FE82D1:LeaderElection59] INFO  impl.RaftServerImpl (ServerState.java:setRaftConf(361)) - c236d778-ae7d-44ab-9790-03842f4247ab:group-DE1376FE82D1 set configuration 0: [c236d778-ae7d-44ab-9790-03842f4247ab:192.168.36.80:35772], old=null at 0
2019-08-28 12:08:54,462 [0c3b8344-cdf9-4d1e-a488-759371ee96af:group-A86B04BA5B76:LeaderElection60] INFO  impl.LeaderElection (LeaderElection.java:askForVotes(181)) - 0c3b8344-cdf9-4d1e-a488-759371ee96af:group-A86B04BA5B76:LeaderElection60: begin an election at term 1 for -1: [0c3b8344-cdf9-4d1e-a488-759371ee96af:192.168.36.80:43301, c236d778-ae7d-44ab-9790-03842f4247ab:192.168.36.80:35772, b393eaaf-48fc-4c06-ba9b-cdb8896dc2ee:192.168.36.80:41658], old=null
2019-08-28 12:08:54,462 [Thread-3525] INFO  impl.FollowerState (FollowerState.java:run(106)) - c236d778-ae7d-44ab-9790-03842f4247ab:group-A86B04BA5B76 changes to CANDIDATE, lastRpcTime:5025, electionTimeout:5025ms
2019-08-28 12:08:54,462 [Thread-3525] INFO  impl.RoleInfo (RoleInfo.java:shutdownFollowerState(121)) - c236d778-ae7d-44ab-9790-03842f4247ab: shutdown FollowerState
2019-08-28 12:08:54,463 [Thread-3525] INFO  impl.RaftServerImpl (RaftServerImpl.java:setRole(171)) - c236d778-ae7d-44ab-9790-03842f4247ab:group-A86B04BA5B76 changes role from FOLLOWER to CANDIDATE at term 0 for changeToCandidate
2019-08-28 12:08:54,463 [Thread-3525] INFO  impl.RoleInfo (RoleInfo.java:updateAndGet(143)) - c236d778-ae7d-44ab-9790-03842f4247ab: start LeaderElection
2019-08-28 12:08:54,500 [grpc-default-executor-7] INFO  impl.RaftServerImpl (RaftServerImpl.java:setRole(171)) - b393eaaf-48fc-4c06-ba9b-cdb8896dc2ee:group-A86B04BA5B76 changes role from FOLLOWER to FOLLOWER at term 1 for recognizeCandidate:0c3b8344-cdf9-4d1e-a488-759371ee96af
2019-08-28 12:08:54,500 [grpc-default-executor-7] INFO  impl.RoleInfo (RoleInfo.java:shutdownFollowerState(121)) - b393eaaf-48fc-4c06-ba9b-cdb8896dc2ee: shutdown FollowerState
2019-08-28 12:08:54,500 [grpc-default-executor-7] INFO  impl.RoleInfo (RoleInfo.java:updateAndGet(143)) - b393eaaf-48fc-4c06-ba9b-cdb8896dc2ee: start FollowerState
2019-08-28 12:08:54,500 [Thread-3526] INFO  impl.FollowerState (FollowerState.java:run(114)) - b393eaaf-48fc-4c06-ba9b-cdb8896dc2ee: FollowerState was interrupted: java.lang.InterruptedException: sleep interrupted
2019-08-28 12:08:54,503 [c236d778-ae7d-44ab-9790-03842f4247ab-SegmentedRaftLogWorker:Storage Directory /workdir/hadoop-ozone/integration-test/target/test-dir/MiniOzoneClusterImpl-c6369339-b721-4289-b411-c27671099042/datanode-2/data/ratis/4b456e23-b56b-4cae-8c9d-de1376fe82d1] INFO  segmented.SegmentedRaftLogWorker (SegmentedRaftLogWorker.java:execute(569)) - c236d778-ae7d-44ab-9790-03842f4247ab-SegmentedRaftLogWorker:Storage Directory /workdir/hadoop-ozone/integration-test/target/test-dir/MiniOzoneClusterImpl-c6369339-b721-4289-b411-c27671099042/datanode-2/data/ratis/4b456e23-b56b-4cae-8c9d-de1376fe82d1: created new log segment /workdir/hadoop-ozone/integration-test/target/test-dir/MiniOzoneClusterImpl-c6369339-b721-4289-b411-c27671099042/datanode-2/data/ratis/4b456e23-b56b-4cae-8c9d-de1376fe82d1/current/log_inprogress_0
2019-08-28 12:08:54,503 [c236d778-ae7d-44ab-9790-03842f4247ab:group-A86B04BA5B76:LeaderElection61] INFO  impl.LeaderElection (LeaderElection.java:askForVotes(181)) - c236d778-ae7d-44ab-9790-03842f4247ab:group-A86B04BA5B76:LeaderElection61: begin an election at term 1 for -1: [0c3b8344-cdf9-4d1e-a488-759371ee96af:192.168.36.80:43301, c236d778-ae7d-44ab-9790-03842f4247ab:192.168.36.80:35772, b393eaaf-48fc-4c06-ba9b-cdb8896dc2ee:192.168.36.80:41658], old=null
2019-08-28 12:08:54,526 [c236d778-ae7d-44ab-9790-03842f4247ab:group-A86B04BA5B76:LeaderElection61] INFO  impl.LeaderElection (LeaderElection.java:logAndReturn(56)) - c236d778-ae7d-44ab-9790-03842f4247ab:group-A86B04BA5B76:LeaderElection61: Election REJECTED; received 2 response(s) [c236d778-ae7d-44ab-9790-03842f4247ab<-0c3b8344-cdf9-4d1e-a488-759371ee96af#0:FAIL-t1, c236d778-ae7d-44ab-9790-03842f4247ab<-b393eaaf-48fc-4c06-ba9b-cdb8896dc2ee#0:FAIL-t1] and 0 exception(s); c236d778-ae7d-44ab-9790-03842f4247ab:t1, leader=null, voted=c236d778-ae7d-44ab-9790-03842f4247ab, raftlog=c236d778-ae7d-44ab-9790-03842f4247ab-SegmentedRaftLog:OPENED:c-1,f-1,i0, conf=-1: [0c3b8344-cdf9-4d1e-a488-759371ee96af:192.168.36.80:43301, c236d778-ae7d-44ab-9790-03842f4247ab:192.168.36.80:35772, b393eaaf-48fc-4c06-ba9b-cdb8896dc2ee:192.168.36.80:41658], old=null
2019-08-28 12:08:54,526 [c236d778-ae7d-44ab-9790-03842f4247ab:group-A86B04BA5B76:LeaderElection61] INFO  impl.RaftServerImpl (RaftServerImpl.java:setRole(171)) - c236d778-ae7d-44ab-9790-03842f4247ab:group-A86B04BA5B76 changes role from CANDIDATE to FOLLOWER at term 1 for DISCOVERED_A_NEW_TERM
2019-08-28 12:08:54,526 [0c3b8344-cdf9-4d1e-a488-759371ee96af:group-A86B04BA5B76:LeaderElection60] INFO  impl.LeaderElection (LeaderElection.java:logAndReturn(56)) - 0c3b8344-cdf9-4d1e-a488-759371ee96af:group-A86B04BA5B76:LeaderElection60: Election PASSED; received 2 response(s) [0c3b8344-cdf9-4d1e-a488-759371ee96af<-c236d778-ae7d-44ab-9790-03842f4247ab#0:FAIL-t1, 0c3b8344-cdf9-4d1e-a488-759371ee96af<-b393eaaf-48fc-4c06-ba9b-cdb8896dc2ee#0:OK-t1] and 0 exception(s); 0c3b8344-cdf9-4d1e-a488-759371ee96af:t1, leader=null, voted=0c3b8344-cdf9-4d1e-a488-759371ee96af, raftlog=0c3b8344-cdf9-4d1e-a488-759371ee96af-SegmentedRaftLog:OPENED:c-1,f-1,i0, conf=-1: [0c3b8344-cdf9-4d1e-a488-759371ee96af:192.168.36.80:43301, c236d778-ae7d-44ab-9790-03842f4247ab:192.168.36.80:35772, b393eaaf-48fc-4c06-ba9b-cdb8896dc2ee:192.168.36.80:41658], old=null
2019-08-28 12:08:54,526 [c236d778-ae7d-44ab-9790-03842f4247ab:group-A86B04BA5B76:LeaderElection61] INFO  impl.RoleInfo (RoleInfo.java:shutdownLeaderElection(134)) - c236d778-ae7d-44ab-9790-03842f4247ab: shutdown LeaderElection
2019-08-28 12:08:54,526 [0c3b8344-cdf9-4d1e-a488-759371ee96af:group-A86B04BA5B76:LeaderElection60] INFO  impl.RoleInfo (RoleInfo.java:shutdownLeaderElection(134)) - 0c3b8344-cdf9-4d1e-a488-759371ee96af: shutdown LeaderElection
2019-08-28 12:08:54,526 [c236d778-ae7d-44ab-9790-03842f4247ab:group-A86B04BA5B76:LeaderElection61] INFO  impl.RoleInfo (RoleInfo.java:updateAndGet(143)) - c236d778-ae7d-44ab-9790-03842f4247ab: start FollowerState
2019-08-28 12:08:54,526 [0c3b8344-cdf9-4d1e-a488-759371ee96af:group-A86B04BA5B76:LeaderElection60] INFO  impl.RaftServerImpl (RaftServerImpl.java:setRole(171)) - 0c3b8344-cdf9-4d1e-a488-759371ee96af:group-A86B04BA5B76 changes role from CANDIDATE to LEADER at term 1 for changeToLeader
2019-08-28 12:08:54,526 [0c3b8344-cdf9-4d1e-a488-759371ee96af:group-A86B04BA5B76:LeaderElection60] INFO  impl.RaftServerImpl (ServerState.java:setLeader(263)) - 0c3b8344-cdf9-4d1e-a488-759371ee96af:group-A86B04BA5B76 change Leader from null to 0c3b8344-cdf9-4d1e-a488-759371ee96af at term 1 for becomeLeader, leader elected after 5099ms
2019-08-28 12:08:54,527 [0c3b8344-cdf9-4d1e-a488-759371ee96af:group-A86B04BA5B76:LeaderElection60] INFO  server.RaftServerConfigKeys (ConfUtils.java:logGet(43)) - raft.server.staging.catchup.gap = 1000 (default)
2019-08-28 12:08:54,527 [0c3b8344-cdf9-4d1e-a488-759371ee96af:group-A86B04BA5B76:LeaderElection60] INFO  server.RaftServerConfigKeys (ConfUtils.java:logGet(43)) - raft.server.rpc.sleep.time = 25ms (default)
2019-08-28 12:08:54,527 [0c3b8344-cdf9-4d1e-a488-759371ee96af:group-A86B04BA5B76:LeaderElection60] INFO  server.RaftServerConfigKeys (ConfUtils.java:logGet(43)) - raft.server.write.element-limit = 4096 (default)
2019-08-28 12:08:54,527 [0c3b8344-cdf9-4d1e-a488-759371ee96af:group-A86B04BA5B76:LeaderElection60] INFO  server.RaftServerConfigKeys (ConfUtils.java:logGet(43)) - raft.server.watch.timeout = 10s (default)
2019-08-28 12:08:54,527 [0c3b8344-cdf9-4d1e-a488-759371ee96af:group-A86B04BA5B76:LeaderElection60] INFO  server.RaftServerConfigKeys (ConfUtils.java:logGet(43)) - raft.server.watch.timeout.denomination = 1s (default)
2019-08-28 12:08:54,527 [0c3b8344-cdf9-4d1e-a488-759371ee96af:group-A86B04BA5B76:LeaderElection60] INFO  server.RaftServerConfigKeys (ConfUtils.java:logGet(43)) - raft.server.watch.element-limit = 65536 (default)
2019-08-28 12:08:54,528 [0c3b8344-cdf9-4d1e-a488-759371ee96af:group-A86B04BA5B76:LeaderElection60] INFO  server.RaftServerConfigKeys (ConfUtils.java:logGet(43)) - raft.server.log.appender.snapshot.chunk.size.max = 16MB (=16777216) (default)
2019-08-28 12:08:54,528 [0c3b8344-cdf9-4d1e-a488-759371ee96af:group-A86B04BA5B76:LeaderElection60] INFO  server.RaftServerConfigKeys (ConfUtils.java:logGet(43)) - raft.server.log.appender.buffer.byte-limit = 33554432 (custom)
2019-08-28 12:08:54,528 [0c3b8344-cdf9-4d1e-a488-759371ee96af:group-A86B04BA5B76:LeaderElection60] INFO  server.RaftServerConfigKeys (ConfUtils.java:logGet(43)) - raft.server.log.appender.buffer.element-limit = 1 (custom)
2019-08-28 12:08:54,528 [0c3b8344-cdf9-4d1e-a488-759371ee96af:group-A86B04BA5B76:LeaderElection60] INFO  grpc.GrpcConfigKeys$Server (ConfUtils.java:logGet(43)) - raft.grpc.server.leader.outstanding.appends.max = 128 (default)
2019-08-28 12:08:54,528 [0c3b8344-cdf9-4d1e-a488-759371ee96af:group-A86B04BA5B76:LeaderElection60] INFO  server.RaftServerConfigKeys (ConfUtils.java:logGet(43)) - raft.server.rpc.request.timeout = 3000ms (default)
2019-08-28 12:08:54,529 [0c3b8344-cdf9-4d1e-a488-759371ee96af:group-A86B04BA5B76:LeaderElection60] INFO  server.RaftServerConfigKeys (ConfUtils.java:logGet(43)) - raft.server.log.appender.install.snapshot.enabled = false (custom)
2019-08-28 12:08:54,529 [0c3b8344-cdf9-4d1e-a488-759371ee96af:group-A86B04BA5B76:LeaderElection60] INFO  server.RaftServerConfigKeys (ConfUtils.java:logGet(43)) - raft.server.log.appender.snapshot.chunk.size.max = 16MB (=16777216) (default)
2019-08-28 12:08:54,529 [0c3b8344-cdf9-4d1e-a488-759371ee96af:group-A86B04BA5B76:LeaderElection60] INFO  server.RaftServerConfigKeys (ConfUtils.java:logGet(43)) - raft.server.log.appender.buffer.byte-limit = 33554432 (custom)
2019-08-28 12:08:54,529 [0c3b8344-cdf9-4d1e-a488-759371ee96af:group-A86B04BA5B76:LeaderElection60] INFO  server.RaftServerConfigKeys (ConfUtils.java:logGet(43)) - raft.server.log.appender.buffer.element-limit = 1 (custom)
2019-08-28 12:08:54,529 [0c3b8344-cdf9-4d1e-a488-759371ee96af:group-A86B04BA5B76:LeaderElection60] INFO  grpc.GrpcConfigKeys$Server (ConfUtils.java:logGet(43)) - raft.grpc.server.leader.outstanding.appends.max = 128 (default)
2019-08-28 12:08:54,529 [0c3b8344-cdf9-4d1e-a488-759371ee96af:group-A86B04BA5B76:LeaderElection60] INFO  server.RaftServerConfigKeys (ConfUtils.java:logGet(43)) - raft.server.rpc.request.timeout = 3000ms (default)
2019-08-28 12:08:54,530 [0c3b8344-cdf9-4d1e-a488-759371ee96af:group-A86B04BA5B76:LeaderElection60] INFO  server.RaftServerConfigKeys (ConfUtils.java:logGet(43)) - raft.server.log.appender.install.snapshot.enabled = false (custom)
2019-08-28 12:08:54,530 [0c3b8344-cdf9-4d1e-a488-759371ee96af:group-A86B04BA5B76:LeaderElection60] INFO  impl.RoleInfo (RoleInfo.java:updateAndGet(143)) - 0c3b8344-cdf9-4d1e-a488-759371ee96af: start LeaderState
2019-08-28 12:08:54,530 [0c3b8344-cdf9-4d1e-a488-759371ee96af:group-A86B04BA5B76:LeaderElection60] INFO  segmented.SegmentedRaftLogWorker (SegmentedRaftLogWorker.java:startLogSegment(380)) - 0c3b8344-cdf9-4d1e-a488-759371ee96af-SegmentedRaftLogWorker:Storage Directory /workdir/hadoop-ozone/integration-test/target/test-dir/MiniOzoneClusterImpl-c6369339-b721-4289-b411-c27671099042/datanode-0/data/ratis/a913ba12-8ed5-4df3-97e7-a86b04ba5b76: Starting segment from index:0
2019-08-28 12:08:54,531 [0c3b8344-cdf9-4d1e-a488-759371ee96af:group-A86B04BA5B76:LeaderElection60] INFO  impl.RaftServerImpl (ServerState.java:setRaftConf(361)) - 0c3b8344-cdf9-4d1e-a488-759371ee96af:group-A86B04BA5B76 set configuration 0: [0c3b8344-cdf9-4d1e-a488-759371ee96af:192.168.36.80:43301, c236d778-ae7d-44ab-9790-03842f4247ab:192.168.36.80:35772, b393eaaf-48fc-4c06-ba9b-cdb8896dc2ee:192.168.36.80:41658], old=null at 0
2019-08-28 12:08:54,566 | INFO  | SCMAudit | user=jenkins1000 | ip=192.168.36.80 | op=SEND_HEARTBEAT {datanodeUUID=9ec19c9d-2043-406f-82f9-255ab4ee7628, command=[]} | ret=SUCCESS |  
2019-08-28 12:08:54,566 [grpc-default-executor-7] INFO  impl.RaftServerImpl (ServerState.java:setLeader(263)) - b393eaaf-48fc-4c06-ba9b-cdb8896dc2ee:group-A86B04BA5B76 change Leader from null to 0c3b8344-cdf9-4d1e-a488-759371ee96af at term 1 for appendEntries, leader elected after 5139ms
2019-08-28 12:08:54,566 [grpc-default-executor-6] INFO  impl.RaftServerImpl (ServerState.java:setLeader(263)) - c236d778-ae7d-44ab-9790-03842f4247ab:group-A86B04BA5B76 change Leader from null to 0c3b8344-cdf9-4d1e-a488-759371ee96af at term 1 for appendEntries, leader elected after 5138ms
2019-08-28 12:08:54,569 [grpc-default-executor-6] INFO  impl.RaftServerImpl (ServerState.java:setRaftConf(361)) - b393eaaf-48fc-4c06-ba9b-cdb8896dc2ee:group-A86B04BA5B76 set configuration 0: [0c3b8344-cdf9-4d1e-a488-759371ee96af:192.168.36.80:43301, c236d778-ae7d-44ab-9790-03842f4247ab:192.168.36.80:35772, b393eaaf-48fc-4c06-ba9b-cdb8896dc2ee:192.168.36.80:41658], old=null at 0
2019-08-28 12:08:54,569 [grpc-default-executor-7] INFO  impl.RaftServerImpl (ServerState.java:setRaftConf(361)) - c236d778-ae7d-44ab-9790-03842f4247ab:group-A86B04BA5B76 set configuration 0: [0c3b8344-cdf9-4d1e-a488-759371ee96af:192.168.36.80:43301, c236d778-ae7d-44ab-9790-03842f4247ab:192.168.36.80:35772, b393eaaf-48fc-4c06-ba9b-cdb8896dc2ee:192.168.36.80:41658], old=null at 0
2019-08-28 12:08:54,569 [grpc-default-executor-6] INFO  segmented.SegmentedRaftLogWorker (SegmentedRaftLogWorker.java:startLogSegment(380)) - b393eaaf-48fc-4c06-ba9b-cdb8896dc2ee-SegmentedRaftLogWorker:Storage Directory /workdir/hadoop-ozone/integration-test/target/test-dir/MiniOzoneClusterImpl-c6369339-b721-4289-b411-c27671099042/datanode-1/data/ratis/a913ba12-8ed5-4df3-97e7-a86b04ba5b76: Starting segment from index:0
2019-08-28 12:08:54,569 [grpc-default-executor-7] INFO  segmented.SegmentedRaftLogWorker (SegmentedRaftLogWorker.java:startLogSegment(380)) - c236d778-ae7d-44ab-9790-03842f4247ab-SegmentedRaftLogWorker:Storage Directory /workdir/hadoop-ozone/integration-test/target/test-dir/MiniOzoneClusterImpl-c6369339-b721-4289-b411-c27671099042/datanode-2/data/ratis/a913ba12-8ed5-4df3-97e7-a86b04ba5b76: Starting segment from index:0
2019-08-28 12:08:54,590 [0c3b8344-cdf9-4d1e-a488-759371ee96af-SegmentedRaftLogWorker:Storage Directory /workdir/hadoop-ozone/integration-test/target/test-dir/MiniOzoneClusterImpl-c6369339-b721-4289-b411-c27671099042/datanode-0/data/ratis/a913ba12-8ed5-4df3-97e7-a86b04ba5b76] INFO  segmented.SegmentedRaftLogWorker (SegmentedRaftLogWorker.java:execute(569)) - 0c3b8344-cdf9-4d1e-a488-759371ee96af-SegmentedRaftLogWorker:Storage Directory /workdir/hadoop-ozone/integration-test/target/test-dir/MiniOzoneClusterImpl-c6369339-b721-4289-b411-c27671099042/datanode-0/data/ratis/a913ba12-8ed5-4df3-97e7-a86b04ba5b76: created new log segment /workdir/hadoop-ozone/integration-test/target/test-dir/MiniOzoneClusterImpl-c6369339-b721-4289-b411-c27671099042/datanode-0/data/ratis/a913ba12-8ed5-4df3-97e7-a86b04ba5b76/current/log_inprogress_0
2019-08-28 12:08:54,602 [b393eaaf-48fc-4c06-ba9b-cdb8896dc2ee-SegmentedRaftLogWorker:Storage Directory /workdir/hadoop-ozone/integration-test/target/test-dir/MiniOzoneClusterImpl-c6369339-b721-4289-b411-c27671099042/datanode-1/data/ratis/a913ba12-8ed5-4df3-97e7-a86b04ba5b76] INFO  segmented.SegmentedRaftLogWorker (SegmentedRaftLogWorker.java:execute(569)) - b393eaaf-48fc-4c06-ba9b-cdb8896dc2ee-SegmentedRaftLogWorker:Storage Directory /workdir/hadoop-ozone/integration-test/target/test-dir/MiniOzoneClusterImpl-c6369339-b721-4289-b411-c27671099042/datanode-1/data/ratis/a913ba12-8ed5-4df3-97e7-a86b04ba5b76: created new log segment /workdir/hadoop-ozone/integration-test/target/test-dir/MiniOzoneClusterImpl-c6369339-b721-4289-b411-c27671099042/datanode-1/data/ratis/a913ba12-8ed5-4df3-97e7-a86b04ba5b76/current/log_inprogress_0
2019-08-28 12:08:54,604 [c236d778-ae7d-44ab-9790-03842f4247ab-SegmentedRaftLogWorker:Storage Directory /workdir/hadoop-ozone/integration-test/target/test-dir/MiniOzoneClusterImpl-c6369339-b721-4289-b411-c27671099042/datanode-2/data/ratis/a913ba12-8ed5-4df3-97e7-a86b04ba5b76] INFO  segmented.SegmentedRaftLogWorker (SegmentedRaftLogWorker.java:execute(569)) - c236d778-ae7d-44ab-9790-03842f4247ab-SegmentedRaftLogWorker:Storage Directory /workdir/hadoop-ozone/integration-test/target/test-dir/MiniOzoneClusterImpl-c6369339-b721-4289-b411-c27671099042/datanode-2/data/ratis/a913ba12-8ed5-4df3-97e7-a86b04ba5b76: created new log segment /workdir/hadoop-ozone/integration-test/target/test-dir/MiniOzoneClusterImpl-c6369339-b721-4289-b411-c27671099042/datanode-2/data/ratis/a913ba12-8ed5-4df3-97e7-a86b04ba5b76/current/log_inprogress_0
2019-08-28 12:08:54,613 | INFO  | SCMAudit | user=jenkins1000 | ip=192.168.36.80 | op=SEND_HEARTBEAT {datanodeUUID=0c3b8344-cdf9-4d1e-a488-759371ee96af, command=[]} | ret=SUCCESS |  
2019-08-28 12:08:54,682 [Thread-3530] INFO  impl.FollowerState (FollowerState.java:run(106)) - 9ec19c9d-2043-406f-82f9-255ab4ee7628:group-9047F5E6073C changes to CANDIDATE, lastRpcTime:5099, electionTimeout:5099ms
2019-08-28 12:08:54,682 [Thread-3530] INFO  impl.RoleInfo (RoleInfo.java:shutdownFollowerState(121)) - 9ec19c9d-2043-406f-82f9-255ab4ee7628: shutdown FollowerState
2019-08-28 12:08:54,682 [Thread-3530] INFO  impl.RaftServerImpl (RaftServerImpl.java:setRole(171)) - 9ec19c9d-2043-406f-82f9-255ab4ee7628:group-9047F5E6073C changes role from FOLLOWER to CANDIDATE at term 0 for changeToCandidate
2019-08-28 12:08:54,682 [Thread-3530] INFO  impl.RoleInfo (RoleInfo.java:updateAndGet(143)) - 9ec19c9d-2043-406f-82f9-255ab4ee7628: start LeaderElection
2019-08-28 12:08:54,706 [9ec19c9d-2043-406f-82f9-255ab4ee7628:group-9047F5E6073C:LeaderElection62] INFO  impl.LeaderElection (LeaderElection.java:askForVotes(181)) - 9ec19c9d-2043-406f-82f9-255ab4ee7628:group-9047F5E6073C:LeaderElection62: begin an election at term 1 for -1: [9ec19c9d-2043-406f-82f9-255ab4ee7628:192.168.36.80:38294], old=null
2019-08-28 12:08:54,706 [9ec19c9d-2043-406f-82f9-255ab4ee7628:group-9047F5E6073C:LeaderElection62] INFO  impl.RoleInfo (RoleInfo.java:shutdownLeaderElection(134)) - 9ec19c9d-2043-406f-82f9-255ab4ee7628: shutdown LeaderElection
2019-08-28 12:08:54,706 [9ec19c9d-2043-406f-82f9-255ab4ee7628:group-9047F5E6073C:LeaderElection62] INFO  impl.RaftServerImpl (RaftServerImpl.java:setRole(171)) - 9ec19c9d-2043-406f-82f9-255ab4ee7628:group-9047F5E6073C changes role from CANDIDATE to LEADER at term 1 for changeToLeader
2019-08-28 12:08:54,706 [9ec19c9d-2043-406f-82f9-255ab4ee7628:group-9047F5E6073C:LeaderElection62] INFO  impl.RaftServerImpl (ServerState.java:setLeader(263)) - 9ec19c9d-2043-406f-82f9-255ab4ee7628:group-9047F5E6073C change Leader from null to 9ec19c9d-2043-406f-82f9-255ab4ee7628 at term 1 for becomeLeader, leader elected after 5128ms
2019-08-28 12:08:54,707 [9ec19c9d-2043-406f-82f9-255ab4ee7628:group-9047F5E6073C:LeaderElection62] INFO  server.RaftServerConfigKeys (ConfUtils.java:logGet(43)) - raft.server.staging.catchup.gap = 1000 (default)
2019-08-28 12:08:54,707 [9ec19c9d-2043-406f-82f9-255ab4ee7628:group-9047F5E6073C:LeaderElection62] INFO  server.RaftServerConfigKeys (ConfUtils.java:logGet(43)) - raft.server.rpc.sleep.time = 25ms (default)
2019-08-28 12:08:54,707 [9ec19c9d-2043-406f-82f9-255ab4ee7628:group-9047F5E6073C:LeaderElection62] INFO  server.RaftServerConfigKeys (ConfUtils.java:logGet(43)) - raft.server.write.element-limit = 4096 (default)
2019-08-28 12:08:54,707 [9ec19c9d-2043-406f-82f9-255ab4ee7628:group-9047F5E6073C:LeaderElection62] INFO  server.RaftServerConfigKeys (ConfUtils.java:logGet(43)) - raft.server.watch.timeout = 10s (default)
2019-08-28 12:08:54,707 [9ec19c9d-2043-406f-82f9-255ab4ee7628:group-9047F5E6073C:LeaderElection62] INFO  server.RaftServerConfigKeys (ConfUtils.java:logGet(43)) - raft.server.watch.timeout.denomination = 1s (default)
2019-08-28 12:08:54,707 [9ec19c9d-2043-406f-82f9-255ab4ee7628:group-9047F5E6073C:LeaderElection62] INFO  server.RaftServerConfigKeys (ConfUtils.java:logGet(43)) - raft.server.watch.element-limit = 65536 (default)
2019-08-28 12:08:54,708 [9ec19c9d-2043-406f-82f9-255ab4ee7628:group-9047F5E6073C:LeaderElection62] INFO  impl.RoleInfo (RoleInfo.java:updateAndGet(143)) - 9ec19c9d-2043-406f-82f9-255ab4ee7628: start LeaderState
2019-08-28 12:08:54,708 [9ec19c9d-2043-406f-82f9-255ab4ee7628:group-9047F5E6073C:LeaderElection62] INFO  segmented.SegmentedRaftLogWorker (SegmentedRaftLogWorker.java:startLogSegment(380)) - 9ec19c9d-2043-406f-82f9-255ab4ee7628-SegmentedRaftLogWorker:Storage Directory /workdir/hadoop-ozone/integration-test/target/test-dir/MiniOzoneClusterImpl-c6369339-b721-4289-b411-c27671099042/datanode-3/data/ratis/67e799e3-ac5c-4d2c-be58-9047f5e6073c: Starting segment from index:0
2019-08-28 12:08:54,708 [9ec19c9d-2043-406f-82f9-255ab4ee7628:group-9047F5E6073C:LeaderElection62] INFO  impl.RaftServerImpl (ServerState.java:setRaftConf(361)) - 9ec19c9d-2043-406f-82f9-255ab4ee7628:group-9047F5E6073C set configuration 0: [9ec19c9d-2043-406f-82f9-255ab4ee7628:192.168.36.80:38294], old=null at 0
2019-08-28 12:08:54,757 [9ec19c9d-2043-406f-82f9-255ab4ee7628-SegmentedRaftLogWorker:Storage Directory /workdir/hadoop-ozone/integration-test/target/test-dir/MiniOzoneClusterImpl-c6369339-b721-4289-b411-c27671099042/datanode-3/data/ratis/67e799e3-ac5c-4d2c-be58-9047f5e6073c] INFO  segmented.SegmentedRaftLogWorker (SegmentedRaftLogWorker.java:execute(569)) - 9ec19c9d-2043-406f-82f9-255ab4ee7628-SegmentedRaftLogWorker:Storage Directory /workdir/hadoop-ozone/integration-test/target/test-dir/MiniOzoneClusterImpl-c6369339-b721-4289-b411-c27671099042/datanode-3/data/ratis/67e799e3-ac5c-4d2c-be58-9047f5e6073c: created new log segment /workdir/hadoop-ozone/integration-test/target/test-dir/MiniOzoneClusterImpl-c6369339-b721-4289-b411-c27671099042/datanode-3/data/ratis/67e799e3-ac5c-4d2c-be58-9047f5e6073c/current/log_inprogress_0
2019-08-28 12:08:54,778 | INFO  | SCMAudit | user=jenkins1000 | ip=192.168.36.80 | op=SEND_HEARTBEAT {datanodeUUID=70ebd995-e0c0-4864-abcd-ac0b412c9683, command=[]} | ret=SUCCESS |  
2019-08-28 12:08:54,818 | INFO  | SCMAudit | user=jenkins1000 | ip=192.168.36.80 | op=SEND_HEARTBEAT {datanodeUUID=b393eaaf-48fc-4c06-ba9b-cdb8896dc2ee, command=[]} | ret=SUCCESS |  
2019-08-28 12:08:54,891 [Thread-3533] INFO  impl.FollowerState (FollowerState.java:run(106)) - 70ebd995-e0c0-4864-abcd-ac0b412c9683:group-23DFFF1BAE25 changes to CANDIDATE, lastRpcTime:5076, electionTimeout:5076ms
2019-08-28 12:08:54,892 [Thread-3533] INFO  impl.RoleInfo (RoleInfo.java:shutdownFollowerState(121)) - 70ebd995-e0c0-4864-abcd-ac0b412c9683: shutdown FollowerState
2019-08-28 12:08:54,892 [Thread-3533] INFO  impl.RaftServerImpl (RaftServerImpl.java:setRole(171)) - 70ebd995-e0c0-4864-abcd-ac0b412c9683:group-23DFFF1BAE25 changes role from FOLLOWER to CANDIDATE at term 0 for changeToCandidate
2019-08-28 12:08:54,892 [Thread-3533] INFO  impl.RoleInfo (RoleInfo.java:updateAndGet(143)) - 70ebd995-e0c0-4864-abcd-ac0b412c9683: start LeaderElection
2019-08-28 12:08:54,910 [70ebd995-e0c0-4864-abcd-ac0b412c9683:group-23DFFF1BAE25:LeaderElection63] INFO  impl.LeaderElection (LeaderElection.java:askForVotes(181)) - 70ebd995-e0c0-4864-abcd-ac0b412c9683:group-23DFFF1BAE25:LeaderElection63: begin an election at term 1 for -1: [70ebd995-e0c0-4864-abcd-ac0b412c9683:192.168.36.80:42813], old=null
2019-08-28 12:08:54,910 [70ebd995-e0c0-4864-abcd-ac0b412c9683:group-23DFFF1BAE25:LeaderElection63] INFO  impl.RoleInfo (RoleInfo.java:shutdownLeaderElection(134)) - 70ebd995-e0c0-4864-abcd-ac0b412c9683: shutdown LeaderElection
2019-08-28 12:08:54,910 [70ebd995-e0c0-4864-abcd-ac0b412c9683:group-23DFFF1BAE25:LeaderElection63] INFO  impl.RaftServerImpl (RaftServerImpl.java:setRole(171)) - 70ebd995-e0c0-4864-abcd-ac0b412c9683:group-23DFFF1BAE25 changes role from CANDIDATE to LEADER at term 1 for changeToLeader
2019-08-28 12:08:54,910 [70ebd995-e0c0-4864-abcd-ac0b412c9683:group-23DFFF1BAE25:LeaderElection63] INFO  impl.RaftServerImpl (ServerState.java:setLeader(263)) - 70ebd995-e0c0-4864-abcd-ac0b412c9683:group-23DFFF1BAE25 change Leader from null to 70ebd995-e0c0-4864-abcd-ac0b412c9683 at term 1 for becomeLeader, leader elected after 5098ms
2019-08-28 12:08:54,911 [70ebd995-e0c0-4864-abcd-ac0b412c9683:group-23DFFF1BAE25:LeaderElection63] INFO  server.RaftServerConfigKeys (ConfUtils.java:logGet(43)) - raft.server.staging.catchup.gap = 1000 (default)
2019-08-28 12:08:54,911 [70ebd995-e0c0-4864-abcd-ac0b412c9683:group-23DFFF1BAE25:LeaderElection63] INFO  server.RaftServerConfigKeys (ConfUtils.java:logGet(43)) - raft.server.rpc.sleep.time = 25ms (default)
2019-08-28 12:08:54,911 [70ebd995-e0c0-4864-abcd-ac0b412c9683:group-23DFFF1BAE25:LeaderElection63] INFO  server.RaftServerConfigKeys (ConfUtils.java:logGet(43)) - raft.server.write.element-limit = 4096 (default)
2019-08-28 12:08:54,911 [70ebd995-e0c0-4864-abcd-ac0b412c9683:group-23DFFF1BAE25:LeaderElection63] INFO  server.RaftServerConfigKeys (ConfUtils.java:logGet(43)) - raft.server.watch.timeout = 10s (default)
2019-08-28 12:08:54,911 [70ebd995-e0c0-4864-abcd-ac0b412c9683:group-23DFFF1BAE25:LeaderElection63] INFO  server.RaftServerConfigKeys (ConfUtils.java:logGet(43)) - raft.server.watch.timeout.denomination = 1s (default)
2019-08-28 12:08:54,911 [70ebd995-e0c0-4864-abcd-ac0b412c9683:group-23DFFF1BAE25:LeaderElection63] INFO  server.RaftServerConfigKeys (ConfUtils.java:logGet(43)) - raft.server.watch.element-limit = 65536 (default)
2019-08-28 12:08:54,911 [70ebd995-e0c0-4864-abcd-ac0b412c9683:group-23DFFF1BAE25:LeaderElection63] INFO  impl.RoleInfo (RoleInfo.java:updateAndGet(143)) - 70ebd995-e0c0-4864-abcd-ac0b412c9683: start LeaderState
2019-08-28 12:08:54,912 [70ebd995-e0c0-4864-abcd-ac0b412c9683:group-23DFFF1BAE25:LeaderElection63] INFO  segmented.SegmentedRaftLogWorker (SegmentedRaftLogWorker.java:startLogSegment(380)) - 70ebd995-e0c0-4864-abcd-ac0b412c9683-SegmentedRaftLogWorker:Storage Directory /workdir/hadoop-ozone/integration-test/target/test-dir/MiniOzoneClusterImpl-c6369339-b721-4289-b411-c27671099042/datanode-4/data/ratis/c976e662-4da9-4237-ad63-23dfff1bae25: Starting segment from index:0
2019-08-28 12:08:54,912 [70ebd995-e0c0-4864-abcd-ac0b412c9683:group-23DFFF1BAE25:LeaderElection63] INFO  impl.RaftServerImpl (ServerState.java:setRaftConf(361)) - 70ebd995-e0c0-4864-abcd-ac0b412c9683:group-23DFFF1BAE25 set configuration 0: [70ebd995-e0c0-4864-abcd-ac0b412c9683:192.168.36.80:42813], old=null at 0
2019-08-28 12:08:54,959 [70ebd995-e0c0-4864-abcd-ac0b412c9683-SegmentedRaftLogWorker:Storage Directory /workdir/hadoop-ozone/integration-test/target/test-dir/MiniOzoneClusterImpl-c6369339-b721-4289-b411-c27671099042/datanode-4/data/ratis/c976e662-4da9-4237-ad63-23dfff1bae25] INFO  segmented.SegmentedRaftLogWorker (SegmentedRaftLogWorker.java:execute(569)) - 70ebd995-e0c0-4864-abcd-ac0b412c9683-SegmentedRaftLogWorker:Storage Directory /workdir/hadoop-ozone/integration-test/target/test-dir/MiniOzoneClusterImpl-c6369339-b721-4289-b411-c27671099042/datanode-4/data/ratis/c976e662-4da9-4237-ad63-23dfff1bae25: created new log segment /workdir/hadoop-ozone/integration-test/target/test-dir/MiniOzoneClusterImpl-c6369339-b721-4289-b411-c27671099042/datanode-4/data/ratis/c976e662-4da9-4237-ad63-23dfff1bae25/current/log_inprogress_0
2019-08-28 12:08:54,988 | INFO  | SCMAudit | user=jenkins1000 | ip=192.168.36.80 | op=SEND_HEARTBEAT {datanodeUUID=b34515dc-ef39-40c7-8939-0c9a405226e8, command=[]} | ret=SUCCESS |  
2019-08-28 12:08:55,113 [Thread-3536] INFO  impl.FollowerState (FollowerState.java:run(106)) - b34515dc-ef39-40c7-8939-0c9a405226e8:group-B4C6CECBC899 changes to CANDIDATE, lastRpcTime:5082, electionTimeout:5082ms
2019-08-28 12:08:55,113 [Thread-3536] INFO  impl.RoleInfo (RoleInfo.java:shutdownFollowerState(121)) - b34515dc-ef39-40c7-8939-0c9a405226e8: shutdown FollowerState
2019-08-28 12:08:55,113 [Thread-3536] INFO  impl.RaftServerImpl (RaftServerImpl.java:setRole(171)) - b34515dc-ef39-40c7-8939-0c9a405226e8:group-B4C6CECBC899 changes role from FOLLOWER to CANDIDATE at term 0 for changeToCandidate
2019-08-28 12:08:55,113 [Thread-3536] INFO  impl.RoleInfo (RoleInfo.java:updateAndGet(143)) - b34515dc-ef39-40c7-8939-0c9a405226e8: start LeaderElection
2019-08-28 12:08:55,127 [Thread-3539] INFO  impl.FollowerState (FollowerState.java:run(106)) - b34515dc-ef39-40c7-8939-0c9a405226e8:group-A169A97A269A changes to CANDIDATE, lastRpcTime:5032, electionTimeout:5032ms
2019-08-28 12:08:55,127 [Thread-3539] INFO  impl.RoleInfo (RoleInfo.java:shutdownFollowerState(121)) - b34515dc-ef39-40c7-8939-0c9a405226e8: shutdown FollowerState
2019-08-28 12:08:55,127 [Thread-3539] INFO  impl.RaftServerImpl (RaftServerImpl.java:setRole(171)) - b34515dc-ef39-40c7-8939-0c9a405226e8:group-A169A97A269A changes role from FOLLOWER to CANDIDATE at term 0 for changeToCandidate
2019-08-28 12:08:55,128 [Thread-3539] INFO  impl.RoleInfo (RoleInfo.java:updateAndGet(143)) - b34515dc-ef39-40c7-8939-0c9a405226e8: start LeaderElection
2019-08-28 12:08:55,133 [b34515dc-ef39-40c7-8939-0c9a405226e8:group-B4C6CECBC899:LeaderElection64] INFO  impl.LeaderElection (LeaderElection.java:askForVotes(181)) - b34515dc-ef39-40c7-8939-0c9a405226e8:group-B4C6CECBC899:LeaderElection64: begin an election at term 1 for -1: [b34515dc-ef39-40c7-8939-0c9a405226e8:192.168.36.80:36166], old=null
2019-08-28 12:08:55,133 [b34515dc-ef39-40c7-8939-0c9a405226e8:group-B4C6CECBC899:LeaderElection64] INFO  impl.RoleInfo (RoleInfo.java:shutdownLeaderElection(134)) - b34515dc-ef39-40c7-8939-0c9a405226e8: shutdown LeaderElection
2019-08-28 12:08:55,133 [b34515dc-ef39-40c7-8939-0c9a405226e8:group-B4C6CECBC899:LeaderElection64] INFO  impl.RaftServerImpl (RaftServerImpl.java:setRole(171)) - b34515dc-ef39-40c7-8939-0c9a405226e8:group-B4C6CECBC899 changes role from CANDIDATE to LEADER at term 1 for changeToLeader
2019-08-28 12:08:55,134 [b34515dc-ef39-40c7-8939-0c9a405226e8:group-B4C6CECBC899:LeaderElection64] INFO  impl.RaftServerImpl (ServerState.java:setLeader(263)) - b34515dc-ef39-40c7-8939-0c9a405226e8:group-B4C6CECBC899 change Leader from null to b34515dc-ef39-40c7-8939-0c9a405226e8 at term 1 for becomeLeader, leader elected after 5106ms
2019-08-28 12:08:55,134 [b34515dc-ef39-40c7-8939-0c9a405226e8:group-B4C6CECBC899:LeaderElection64] INFO  server.RaftServerConfigKeys (ConfUtils.java:logGet(43)) - raft.server.staging.catchup.gap = 1000 (default)
2019-08-28 12:08:55,134 [b34515dc-ef39-40c7-8939-0c9a405226e8:group-B4C6CECBC899:LeaderElection64] INFO  server.RaftServerConfigKeys (ConfUtils.java:logGet(43)) - raft.server.rpc.sleep.time = 25ms (default)
2019-08-28 12:08:55,134 [b34515dc-ef39-40c7-8939-0c9a405226e8:group-B4C6CECBC899:LeaderElection64] INFO  server.RaftServerConfigKeys (ConfUtils.java:logGet(43)) - raft.server.write.element-limit = 4096 (default)
2019-08-28 12:08:55,134 [b34515dc-ef39-40c7-8939-0c9a405226e8:group-B4C6CECBC899:LeaderElection64] INFO  server.RaftServerConfigKeys (ConfUtils.java:logGet(43)) - raft.server.watch.timeout = 10s (default)
2019-08-28 12:08:55,134 [b34515dc-ef39-40c7-8939-0c9a405226e8:group-B4C6CECBC899:LeaderElection64] INFO  server.RaftServerConfigKeys (ConfUtils.java:logGet(43)) - raft.server.watch.timeout.denomination = 1s (default)
2019-08-28 12:08:55,134 [b34515dc-ef39-40c7-8939-0c9a405226e8:group-B4C6CECBC899:LeaderElection64] INFO  server.RaftServerConfigKeys (ConfUtils.java:logGet(43)) - raft.server.watch.element-limit = 65536 (default)
2019-08-28 12:08:55,135 [b34515dc-ef39-40c7-8939-0c9a405226e8:group-B4C6CECBC899:LeaderElection64] INFO  impl.RoleInfo (RoleInfo.java:updateAndGet(143)) - b34515dc-ef39-40c7-8939-0c9a405226e8: start LeaderState
2019-08-28 12:08:55,135 [b34515dc-ef39-40c7-8939-0c9a405226e8:group-B4C6CECBC899:LeaderElection64] INFO  segmented.SegmentedRaftLogWorker (SegmentedRaftLogWorker.java:startLogSegment(380)) - b34515dc-ef39-40c7-8939-0c9a405226e8-SegmentedRaftLogWorker:Storage Directory /workdir/hadoop-ozone/integration-test/target/test-dir/MiniOzoneClusterImpl-c6369339-b721-4289-b411-c27671099042/datanode-5/data/ratis/31da4ce1-29e2-47aa-90d8-b4c6cecbc899: Starting segment from index:0
2019-08-28 12:08:55,135 [b34515dc-ef39-40c7-8939-0c9a405226e8:group-A169A97A269A:LeaderElection65] INFO  impl.LeaderElection (LeaderElection.java:askForVotes(181)) - b34515dc-ef39-40c7-8939-0c9a405226e8:group-A169A97A269A:LeaderElection65: begin an election at term 1 for -1: [9ec19c9d-2043-406f-82f9-255ab4ee7628:192.168.36.80:38294, b34515dc-ef39-40c7-8939-0c9a405226e8:192.168.36.80:36166, 70ebd995-e0c0-4864-abcd-ac0b412c9683:192.168.36.80:42813], old=null
2019-08-28 12:08:55,136 [b34515dc-ef39-40c7-8939-0c9a405226e8:group-B4C6CECBC899:LeaderElection64] INFO  impl.RaftServerImpl (ServerState.java:setRaftConf(361)) - b34515dc-ef39-40c7-8939-0c9a405226e8:group-B4C6CECBC899 set configuration 0: [b34515dc-ef39-40c7-8939-0c9a405226e8:192.168.36.80:36166], old=null at 0
2019-08-28 12:08:55,184 [grpc-default-executor-6] INFO  impl.RaftServerImpl (RaftServerImpl.java:setRole(171)) - 70ebd995-e0c0-4864-abcd-ac0b412c9683:group-A169A97A269A changes role from FOLLOWER to FOLLOWER at term 1 for recognizeCandidate:b34515dc-ef39-40c7-8939-0c9a405226e8
2019-08-28 12:08:55,184 [grpc-default-executor-7] INFO  impl.RaftServerImpl (RaftServerImpl.java:setRole(171)) - 9ec19c9d-2043-406f-82f9-255ab4ee7628:group-A169A97A269A changes role from FOLLOWER to FOLLOWER at term 1 for recognizeCandidate:b34515dc-ef39-40c7-8939-0c9a405226e8
2019-08-28 12:08:55,184 [grpc-default-executor-6] INFO  impl.RoleInfo (RoleInfo.java:shutdownFollowerState(121)) - 70ebd995-e0c0-4864-abcd-ac0b412c9683: shutdown FollowerState
2019-08-28 12:08:55,184 [grpc-default-executor-7] INFO  impl.RoleInfo (RoleInfo.java:shutdownFollowerState(121)) - 9ec19c9d-2043-406f-82f9-255ab4ee7628: shutdown FollowerState
2019-08-28 12:08:55,185 [Thread-3543] INFO  impl.FollowerState (FollowerState.java:run(114)) - 70ebd995-e0c0-4864-abcd-ac0b412c9683: FollowerState was interrupted: java.lang.InterruptedException: sleep interrupted
2019-08-28 12:08:55,185 [grpc-default-executor-6] INFO  impl.RoleInfo (RoleInfo.java:updateAndGet(143)) - 70ebd995-e0c0-4864-abcd-ac0b412c9683: start FollowerState
2019-08-28 12:08:55,188 [b34515dc-ef39-40c7-8939-0c9a405226e8-SegmentedRaftLogWorker:Storage Directory /workdir/hadoop-ozone/integration-test/target/test-dir/MiniOzoneClusterImpl-c6369339-b721-4289-b411-c27671099042/datanode-5/data/ratis/31da4ce1-29e2-47aa-90d8-b4c6cecbc899] INFO  segmented.SegmentedRaftLogWorker (SegmentedRaftLogWorker.java:execute(569)) - b34515dc-ef39-40c7-8939-0c9a405226e8-SegmentedRaftLogWorker:Storage Directory /workdir/hadoop-ozone/integration-test/target/test-dir/MiniOzoneClusterImpl-c6369339-b721-4289-b411-c27671099042/datanode-5/data/ratis/31da4ce1-29e2-47aa-90d8-b4c6cecbc899: created new log segment /workdir/hadoop-ozone/integration-test/target/test-dir/MiniOzoneClusterImpl-c6369339-b721-4289-b411-c27671099042/datanode-5/data/ratis/31da4ce1-29e2-47aa-90d8-b4c6cecbc899/current/log_inprogress_0
2019-08-28 12:08:55,185 [Thread-3544] INFO  impl.FollowerState (FollowerState.java:run(114)) - 9ec19c9d-2043-406f-82f9-255ab4ee7628: FollowerState was interrupted: java.lang.InterruptedException: sleep interrupted
2019-08-28 12:08:55,185 [grpc-default-executor-7] INFO  impl.RoleInfo (RoleInfo.java:updateAndGet(143)) - 9ec19c9d-2043-406f-82f9-255ab4ee7628: start FollowerState
2019-08-28 12:08:55,205 [b34515dc-ef39-40c7-8939-0c9a405226e8:group-A169A97A269A:LeaderElection65] INFO  impl.LeaderElection (LeaderElection.java:logAndReturn(56)) - b34515dc-ef39-40c7-8939-0c9a405226e8:group-A169A97A269A:LeaderElection65: Election PASSED; received 1 response(s) [b34515dc-ef39-40c7-8939-0c9a405226e8<-9ec19c9d-2043-406f-82f9-255ab4ee7628#0:OK-t1] and 0 exception(s); b34515dc-ef39-40c7-8939-0c9a405226e8:t1, leader=null, voted=b34515dc-ef39-40c7-8939-0c9a405226e8, raftlog=b34515dc-ef39-40c7-8939-0c9a405226e8-SegmentedRaftLog:OPENED:c-1,f-1,i0, conf=-1: [9ec19c9d-2043-406f-82f9-255ab4ee7628:192.168.36.80:38294, b34515dc-ef39-40c7-8939-0c9a405226e8:192.168.36.80:36166, 70ebd995-e0c0-4864-abcd-ac0b412c9683:192.168.36.80:42813], old=null
2019-08-28 12:08:55,206 [b34515dc-ef39-40c7-8939-0c9a405226e8:group-A169A97A269A:LeaderElection65] INFO  impl.RoleInfo (RoleInfo.java:shutdownLeaderElection(134)) - b34515dc-ef39-40c7-8939-0c9a405226e8: shutdown LeaderElection
2019-08-28 12:08:55,206 [b34515dc-ef39-40c7-8939-0c9a405226e8:group-A169A97A269A:LeaderElection65] INFO  impl.RaftServerImpl (RaftServerImpl.java:setRole(171)) - b34515dc-ef39-40c7-8939-0c9a405226e8:group-A169A97A269A changes role from CANDIDATE to LEADER at term 1 for changeToLeader
2019-08-28 12:08:55,206 | INFO  | SCMAudit | user=jenkins1000 | ip=192.168.36.80 | op=SEND_HEARTBEAT {datanodeUUID=40fea9a8-502b-40ee-85ae-dc8ed12a9c4d, command=[]} | ret=SUCCESS |  
2019-08-28 12:08:55,206 [b34515dc-ef39-40c7-8939-0c9a405226e8:group-A169A97A269A:LeaderElection65] INFO  impl.RaftServerImpl (ServerState.java:setLeader(263)) - b34515dc-ef39-40c7-8939-0c9a405226e8:group-A169A97A269A change Leader from null to b34515dc-ef39-40c7-8939-0c9a405226e8 at term 1 for becomeLeader, leader elected after 5117ms
2019-08-28 12:08:55,206 [b34515dc-ef39-40c7-8939-0c9a405226e8:group-A169A97A269A:LeaderElection65] INFO  server.RaftServerConfigKeys (ConfUtils.java:logGet(43)) - raft.server.staging.catchup.gap = 1000 (default)
2019-08-28 12:08:55,206 [b34515dc-ef39-40c7-8939-0c9a405226e8:group-A169A97A269A:LeaderElection65] INFO  server.RaftServerConfigKeys (ConfUtils.java:logGet(43)) - raft.server.rpc.sleep.time = 25ms (default)
2019-08-28 12:08:55,207 [b34515dc-ef39-40c7-8939-0c9a405226e8:group-A169A97A269A:LeaderElection65] INFO  server.RaftServerConfigKeys (ConfUtils.java:logGet(43)) - raft.server.write.element-limit = 4096 (default)
2019-08-28 12:08:55,207 [b34515dc-ef39-40c7-8939-0c9a405226e8:group-A169A97A269A:LeaderElection65] INFO  server.RaftServerConfigKeys (ConfUtils.java:logGet(43)) - raft.server.watch.timeout = 10s (default)
2019-08-28 12:08:55,207 [b34515dc-ef39-40c7-8939-0c9a405226e8:group-A169A97A269A:LeaderElection65] INFO  server.RaftServerConfigKeys (ConfUtils.java:logGet(43)) - raft.server.watch.timeout.denomination = 1s (default)
2019-08-28 12:08:55,207 [b34515dc-ef39-40c7-8939-0c9a405226e8:group-A169A97A269A:LeaderElection65] INFO  server.RaftServerConfigKeys (ConfUtils.java:logGet(43)) - raft.server.watch.element-limit = 65536 (default)
2019-08-28 12:08:55,207 [b34515dc-ef39-40c7-8939-0c9a405226e8:group-A169A97A269A:LeaderElection65] INFO  server.RaftServerConfigKeys (ConfUtils.java:logGet(43)) - raft.server.log.appender.snapshot.chunk.size.max = 16MB (=16777216) (default)
2019-08-28 12:08:55,207 [b34515dc-ef39-40c7-8939-0c9a405226e8:group-A169A97A269A:LeaderElection65] INFO  server.RaftServerConfigKeys (ConfUtils.java:logGet(43)) - raft.server.log.appender.buffer.byte-limit = 33554432 (custom)
2019-08-28 12:08:55,208 [b34515dc-ef39-40c7-8939-0c9a405226e8:group-A169A97A269A:LeaderElection65] INFO  server.RaftServerConfigKeys (ConfUtils.java:logGet(43)) - raft.server.log.appender.buffer.element-limit = 1 (custom)
2019-08-28 12:08:55,208 [b34515dc-ef39-40c7-8939-0c9a405226e8:group-A169A97A269A:LeaderElection65] INFO  grpc.GrpcConfigKeys$Server (ConfUtils.java:logGet(43)) - raft.grpc.server.leader.outstanding.appends.max = 128 (default)
2019-08-28 12:08:55,208 [b34515dc-ef39-40c7-8939-0c9a405226e8:group-A169A97A269A:LeaderElection65] INFO  server.RaftServerConfigKeys (ConfUtils.java:logGet(43)) - raft.server.rpc.request.timeout = 3000ms (default)
2019-08-28 12:08:55,208 [b34515dc-ef39-40c7-8939-0c9a405226e8:group-A169A97A269A:LeaderElection65] INFO  server.RaftServerConfigKeys (ConfUtils.java:logGet(43)) - raft.server.log.appender.install.snapshot.enabled = false (custom)
2019-08-28 12:08:55,208 [b34515dc-ef39-40c7-8939-0c9a405226e8:group-A169A97A269A:LeaderElection65] INFO  server.RaftServerConfigKeys (ConfUtils.java:logGet(43)) - raft.server.log.appender.snapshot.chunk.size.max = 16MB (=16777216) (default)
2019-08-28 12:08:55,209 [b34515dc-ef39-40c7-8939-0c9a405226e8:group-A169A97A269A:LeaderElection65] INFO  server.RaftServerConfigKeys (ConfUtils.java:logGet(43)) - raft.server.log.appender.buffer.byte-limit = 33554432 (custom)
2019-08-28 12:08:55,209 [b34515dc-ef39-40c7-8939-0c9a405226e8:group-A169A97A269A:LeaderElection65] INFO  server.RaftServerConfigKeys (ConfUtils.java:logGet(43)) - raft.server.log.appender.buffer.element-limit = 1 (custom)
2019-08-28 12:08:55,209 [b34515dc-ef39-40c7-8939-0c9a405226e8:group-A169A97A269A:LeaderElection65] INFO  grpc.GrpcConfigKeys$Server (ConfUtils.java:logGet(43)) - raft.grpc.server.leader.outstanding.appends.max = 128 (default)
2019-08-28 12:08:55,209 [b34515dc-ef39-40c7-8939-0c9a405226e8:group-A169A97A269A:LeaderElection65] INFO  server.RaftServerConfigKeys (ConfUtils.java:logGet(43)) - raft.server.rpc.request.timeout = 3000ms (default)
2019-08-28 12:08:55,209 [b34515dc-ef39-40c7-8939-0c9a405226e8:group-A169A97A269A:LeaderElection65] INFO  server.RaftServerConfigKeys (ConfUtils.java:logGet(43)) - raft.server.log.appender.install.snapshot.enabled = false (custom)
2019-08-28 12:08:55,210 [b34515dc-ef39-40c7-8939-0c9a405226e8:group-A169A97A269A:LeaderElection65] INFO  impl.RoleInfo (RoleInfo.java:updateAndGet(143)) - b34515dc-ef39-40c7-8939-0c9a405226e8: start LeaderState
2019-08-28 12:08:55,210 [b34515dc-ef39-40c7-8939-0c9a405226e8:group-A169A97A269A:LeaderElection65] INFO  segmented.SegmentedRaftLogWorker (SegmentedRaftLogWorker.java:startLogSegment(380)) - b34515dc-ef39-40c7-8939-0c9a405226e8-SegmentedRaftLogWorker:Storage Directory /workdir/hadoop-ozone/integration-test/target/test-dir/MiniOzoneClusterImpl-c6369339-b721-4289-b411-c27671099042/datanode-5/data/ratis/e5d547f8-6d20-4602-a88d-a169a97a269a: Starting segment from index:0
2019-08-28 12:08:55,211 [b34515dc-ef39-40c7-8939-0c9a405226e8:group-A169A97A269A:LeaderElection65] INFO  impl.RaftServerImpl (ServerState.java:setRaftConf(361)) - b34515dc-ef39-40c7-8939-0c9a405226e8:group-A169A97A269A set configuration 0: [9ec19c9d-2043-406f-82f9-255ab4ee7628:192.168.36.80:38294, b34515dc-ef39-40c7-8939-0c9a405226e8:192.168.36.80:36166, 70ebd995-e0c0-4864-abcd-ac0b412c9683:192.168.36.80:42813], old=null at 0
2019-08-28 12:08:55,252 [grpc-default-executor-6] INFO  impl.RaftServerImpl (ServerState.java:setLeader(263)) - 9ec19c9d-2043-406f-82f9-255ab4ee7628:group-A169A97A269A change Leader from null to b34515dc-ef39-40c7-8939-0c9a405226e8 at term 1 for appendEntries, leader elected after 5163ms
2019-08-28 12:08:55,252 [grpc-default-executor-7] INFO  impl.RaftServerImpl (ServerState.java:setLeader(263)) - 70ebd995-e0c0-4864-abcd-ac0b412c9683:group-A169A97A269A change Leader from null to b34515dc-ef39-40c7-8939-0c9a405226e8 at term 1 for appendEntries, leader elected after 5163ms
2019-08-28 12:08:55,254 [grpc-default-executor-7] INFO  impl.RaftServerImpl (ServerState.java:setRaftConf(361)) - 9ec19c9d-2043-406f-82f9-255ab4ee7628:group-A169A97A269A set configuration 0: [9ec19c9d-2043-406f-82f9-255ab4ee7628:192.168.36.80:38294, b34515dc-ef39-40c7-8939-0c9a405226e8:192.168.36.80:36166, 70ebd995-e0c0-4864-abcd-ac0b412c9683:192.168.36.80:42813], old=null at 0
2019-08-28 12:08:55,254 [grpc-default-executor-6] INFO  impl.RaftServerImpl (ServerState.java:setRaftConf(361)) - 70ebd995-e0c0-4864-abcd-ac0b412c9683:group-A169A97A269A set configuration 0: [9ec19c9d-2043-406f-82f9-255ab4ee7628:192.168.36.80:38294, b34515dc-ef39-40c7-8939-0c9a405226e8:192.168.36.80:36166, 70ebd995-e0c0-4864-abcd-ac0b412c9683:192.168.36.80:42813], old=null at 0
2019-08-28 12:08:55,254 [grpc-default-executor-7] INFO  segmented.SegmentedRaftLogWorker (SegmentedRaftLogWorker.java:startLogSegment(380)) - 9ec19c9d-2043-406f-82f9-255ab4ee7628-SegmentedRaftLogWorker:Storage Directory /workdir/hadoop-ozone/integration-test/target/test-dir/MiniOzoneClusterImpl-c6369339-b721-4289-b411-c27671099042/datanode-3/data/ratis/e5d547f8-6d20-4602-a88d-a169a97a269a: Starting segment from index:0
2019-08-28 12:08:55,254 [grpc-default-executor-6] INFO  segmented.SegmentedRaftLogWorker (SegmentedRaftLogWorker.java:startLogSegment(380)) - 70ebd995-e0c0-4864-abcd-ac0b412c9683-SegmentedRaftLogWorker:Storage Directory /workdir/hadoop-ozone/integration-test/target/test-dir/MiniOzoneClusterImpl-c6369339-b721-4289-b411-c27671099042/datanode-4/data/ratis/e5d547f8-6d20-4602-a88d-a169a97a269a: Starting segment from index:0
2019-08-28 12:08:55,261 [b34515dc-ef39-40c7-8939-0c9a405226e8-SegmentedRaftLogWorker:Storage Directory /workdir/hadoop-ozone/integration-test/target/test-dir/MiniOzoneClusterImpl-c6369339-b721-4289-b411-c27671099042/datanode-5/data/ratis/e5d547f8-6d20-4602-a88d-a169a97a269a] INFO  segmented.SegmentedRaftLogWorker (SegmentedRaftLogWorker.java:execute(569)) - b34515dc-ef39-40c7-8939-0c9a405226e8-SegmentedRaftLogWorker:Storage Directory /workdir/hadoop-ozone/integration-test/target/test-dir/MiniOzoneClusterImpl-c6369339-b721-4289-b411-c27671099042/datanode-5/data/ratis/e5d547f8-6d20-4602-a88d-a169a97a269a: created new log segment /workdir/hadoop-ozone/integration-test/target/test-dir/MiniOzoneClusterImpl-c6369339-b721-4289-b411-c27671099042/datanode-5/data/ratis/e5d547f8-6d20-4602-a88d-a169a97a269a/current/log_inprogress_0
2019-08-28 12:08:55,301 [9ec19c9d-2043-406f-82f9-255ab4ee7628-SegmentedRaftLogWorker:Storage Directory /workdir/hadoop-ozone/integration-test/target/test-dir/MiniOzoneClusterImpl-c6369339-b721-4289-b411-c27671099042/datanode-3/data/ratis/e5d547f8-6d20-4602-a88d-a169a97a269a] INFO  segmented.SegmentedRaftLogWorker (SegmentedRaftLogWorker.java:execute(569)) - 9ec19c9d-2043-406f-82f9-255ab4ee7628-SegmentedRaftLogWorker:Storage Directory /workdir/hadoop-ozone/integration-test/target/test-dir/MiniOzoneClusterImpl-c6369339-b721-4289-b411-c27671099042/datanode-3/data/ratis/e5d547f8-6d20-4602-a88d-a169a97a269a: created new log segment /workdir/hadoop-ozone/integration-test/target/test-dir/MiniOzoneClusterImpl-c6369339-b721-4289-b411-c27671099042/datanode-3/data/ratis/e5d547f8-6d20-4602-a88d-a169a97a269a/current/log_inprogress_0
2019-08-28 12:08:55,301 [70ebd995-e0c0-4864-abcd-ac0b412c9683-SegmentedRaftLogWorker:Storage Directory /workdir/hadoop-ozone/integration-test/target/test-dir/MiniOzoneClusterImpl-c6369339-b721-4289-b411-c27671099042/datanode-4/data/ratis/e5d547f8-6d20-4602-a88d-a169a97a269a] INFO  segmented.SegmentedRaftLogWorker (SegmentedRaftLogWorker.java:execute(569)) - 70ebd995-e0c0-4864-abcd-ac0b412c9683-SegmentedRaftLogWorker:Storage Directory /workdir/hadoop-ozone/integration-test/target/test-dir/MiniOzoneClusterImpl-c6369339-b721-4289-b411-c27671099042/datanode-4/data/ratis/e5d547f8-6d20-4602-a88d-a169a97a269a: created new log segment /workdir/hadoop-ozone/integration-test/target/test-dir/MiniOzoneClusterImpl-c6369339-b721-4289-b411-c27671099042/datanode-4/data/ratis/e5d547f8-6d20-4602-a88d-a169a97a269a/current/log_inprogress_0
2019-08-28 12:08:55,317 [grpc-default-executor-6] INFO  client.GrpcClientProtocolClient (GrpcClientProtocolClient.java:onNext(255)) - client-05B825CF0C11->c236d778-ae7d-44ab-9790-03842f4247ab: receive RaftClientReply:client-05B825CF0C11->c236d778-ae7d-44ab-9790-03842f4247ab@group-A86B04BA5B76, cid=176, FAILED org.apache.ratis.protocol.NotLeaderException: Server c236d778-ae7d-44ab-9790-03842f4247ab is not the leader (0c3b8344-cdf9-4d1e-a488-759371ee96af:192.168.36.80:43301). Request must be sent to leader., logIndex=0, commits[c236d778-ae7d-44ab-9790-03842f4247ab:c-1, 0c3b8344-cdf9-4d1e-a488-759371ee96af:c-1, b393eaaf-48fc-4c06-ba9b-cdb8896dc2ee:c-1]
2019-08-28 12:08:55,324 | INFO  | SCMAudit | user=jenkins1000 | ip=192.168.36.80 | op=SEND_HEARTBEAT {datanodeUUID=c236d778-ae7d-44ab-9790-03842f4247ab, command=[]} | ret=SUCCESS |  
2019-08-28 12:08:55,402 | INFO  | DNAudit | user=null | ip=null | op=WRITE_CHUNK {blockData=conID: 1 locID: 102694527386058766 bcsId: 0} | ret=SUCCESS |  
2019-08-28 12:08:55,402 | INFO  | SCMAudit | user=jenkins1000 | ip=192.168.36.80 | op=SEND_HEARTBEAT {datanodeUUID=0c3b8344-cdf9-4d1e-a488-759371ee96af, command=[]} | ret=SUCCESS |  
2019-08-28 12:08:55,418 | INFO  | DNAudit | user=null | ip=null | op=WRITE_CHUNK {blockData=conID: 1 locID: 102694527386058766 bcsId: 0} | ret=SUCCESS |  
2019-08-28 12:08:55,418 | INFO  | DNAudit | user=null | ip=null | op=WRITE_CHUNK {blockData=conID: 1 locID: 102694527386058766 bcsId: 0} | ret=SUCCESS |  
2019-08-28 12:08:55,419 | INFO  | SCMAudit | user=jenkins1000 | ip=192.168.36.80 | op=SEND_HEARTBEAT {datanodeUUID=b393eaaf-48fc-4c06-ba9b-cdb8896dc2ee, command=[]} | ret=SUCCESS |  
2019-08-28 12:08:55,419 | INFO  | SCMAudit | user=jenkins1000 | ip=192.168.36.80 | op=SEND_HEARTBEAT {datanodeUUID=c236d778-ae7d-44ab-9790-03842f4247ab, command=[]} | ret=SUCCESS |  
2019-08-28 12:08:55,422 [Thread-3548] INFO  impl.FollowerState (FollowerState.java:run(106)) - 40fea9a8-502b-40ee-85ae-dc8ed12a9c4d:group-B72B746E6CDF changes to CANDIDATE, lastRpcTime:5168, electionTimeout:5168ms
2019-08-28 12:08:55,422 [Thread-3548] INFO  impl.RoleInfo (RoleInfo.java:shutdownFollowerState(121)) - 40fea9a8-502b-40ee-85ae-dc8ed12a9c4d: shutdown FollowerState
2019-08-28 12:08:55,423 [Thread-3548] INFO  impl.RaftServerImpl (RaftServerImpl.java:setRole(171)) - 40fea9a8-502b-40ee-85ae-dc8ed12a9c4d:group-B72B746E6CDF changes role from FOLLOWER to CANDIDATE at term 0 for changeToCandidate
2019-08-28 12:08:55,423 [Thread-3548] INFO  impl.RoleInfo (RoleInfo.java:updateAndGet(143)) - 40fea9a8-502b-40ee-85ae-dc8ed12a9c4d: start LeaderElection
2019-08-28 12:08:55,432 [40fea9a8-502b-40ee-85ae-dc8ed12a9c4d:group-B72B746E6CDF:LeaderElection66] INFO  impl.LeaderElection (LeaderElection.java:askForVotes(181)) - 40fea9a8-502b-40ee-85ae-dc8ed12a9c4d:group-B72B746E6CDF:LeaderElection66: begin an election at term 1 for -1: [40fea9a8-502b-40ee-85ae-dc8ed12a9c4d:192.168.36.80:37871], old=null
2019-08-28 12:08:55,432 [40fea9a8-502b-40ee-85ae-dc8ed12a9c4d:group-B72B746E6CDF:LeaderElection66] INFO  impl.RoleInfo (RoleInfo.java:shutdownLeaderElection(134)) - 40fea9a8-502b-40ee-85ae-dc8ed12a9c4d: shutdown LeaderElection
2019-08-28 12:08:55,432 [40fea9a8-502b-40ee-85ae-dc8ed12a9c4d:group-B72B746E6CDF:LeaderElection66] INFO  impl.RaftServerImpl (RaftServerImpl.java:setRole(171)) - 40fea9a8-502b-40ee-85ae-dc8ed12a9c4d:group-B72B746E6CDF changes role from CANDIDATE to LEADER at term 1 for changeToLeader
2019-08-28 12:08:55,432 [40fea9a8-502b-40ee-85ae-dc8ed12a9c4d:group-B72B746E6CDF:LeaderElection66] INFO  impl.RaftServerImpl (ServerState.java:setLeader(263)) - 40fea9a8-502b-40ee-85ae-dc8ed12a9c4d:group-B72B746E6CDF change Leader from null to 40fea9a8-502b-40ee-85ae-dc8ed12a9c4d at term 1 for becomeLeader, leader elected after 5182ms
2019-08-28 12:08:55,432 | INFO  | DNAudit | user=null | ip=null | op=WRITE_CHUNK {blockData=conID: 1 locID: 102694527386058766 bcsId: 0} | ret=SUCCESS |  
2019-08-28 12:08:55,432 [40fea9a8-502b-40ee-85ae-dc8ed12a9c4d:group-B72B746E6CDF:LeaderElection66] INFO  server.RaftServerConfigKeys (ConfUtils.java:logGet(43)) - raft.server.staging.catchup.gap = 1000 (default)
2019-08-28 12:08:55,433 [40fea9a8-502b-40ee-85ae-dc8ed12a9c4d:group-B72B746E6CDF:LeaderElection66] INFO  server.RaftServerConfigKeys (ConfUtils.java:logGet(43)) - raft.server.rpc.sleep.time = 25ms (default)
2019-08-28 12:08:55,433 [40fea9a8-502b-40ee-85ae-dc8ed12a9c4d:group-B72B746E6CDF:LeaderElection66] INFO  server.RaftServerConfigKeys (ConfUtils.java:logGet(43)) - raft.server.write.element-limit = 4096 (default)
2019-08-28 12:08:55,440 [40fea9a8-502b-40ee-85ae-dc8ed12a9c4d:group-B72B746E6CDF:LeaderElection66] INFO  server.RaftServerConfigKeys (ConfUtils.java:logGet(43)) - raft.server.watch.timeout = 10s (default)
2019-08-28 12:08:55,440 [40fea9a8-502b-40ee-85ae-dc8ed12a9c4d:group-B72B746E6CDF:LeaderElection66] INFO  server.RaftServerConfigKeys (ConfUtils.java:logGet(43)) - raft.server.watch.timeout.denomination = 1s (default)
2019-08-28 12:08:55,440 [40fea9a8-502b-40ee-85ae-dc8ed12a9c4d:group-B72B746E6CDF:LeaderElection66] INFO  server.RaftServerConfigKeys (ConfUtils.java:logGet(43)) - raft.server.watch.element-limit = 65536 (default)
2019-08-28 12:08:55,440 [40fea9a8-502b-40ee-85ae-dc8ed12a9c4d:group-B72B746E6CDF:LeaderElection66] INFO  impl.RoleInfo (RoleInfo.java:updateAndGet(143)) - 40fea9a8-502b-40ee-85ae-dc8ed12a9c4d: start LeaderState
2019-08-28 12:08:55,444 [40fea9a8-502b-40ee-85ae-dc8ed12a9c4d:group-B72B746E6CDF:LeaderElection66] INFO  segmented.SegmentedRaftLogWorker (SegmentedRaftLogWorker.java:startLogSegment(380)) - 40fea9a8-502b-40ee-85ae-dc8ed12a9c4d-SegmentedRaftLogWorker:Storage Directory /workdir/hadoop-ozone/integration-test/target/test-dir/MiniOzoneClusterImpl-c6369339-b721-4289-b411-c27671099042/datanode-6/data/ratis/bbd13d3a-1727-4870-9617-b72b746e6cdf: Starting segment from index:0
2019-08-28 12:08:55,444 [grpc-default-executor-7] INFO  client.GrpcClientProtocolClient (GrpcClientProtocolClient.java:onNext(255)) - client-05B825CF0C11->0c3b8344-cdf9-4d1e-a488-759371ee96af: receive RaftClientReply:client-05B825CF0C11->0c3b8344-cdf9-4d1e-a488-759371ee96af@group-A86B04BA5B76, cid=176, SUCCESS, logIndex=1, commits[0c3b8344-cdf9-4d1e-a488-759371ee96af:c1, c236d778-ae7d-44ab-9790-03842f4247ab:c0, b393eaaf-48fc-4c06-ba9b-cdb8896dc2ee:c0]
2019-08-28 12:08:55,444 | INFO  | DNAudit | user=null | ip=null | op=WRITE_CHUNK {blockData=conID: 1 locID: 102694527386058766 bcsId: 0} | ret=SUCCESS |  
2019-08-28 12:08:55,444 | INFO  | DNAudit | user=null | ip=null | op=WRITE_CHUNK {blockData=conID: 1 locID: 102694527386058766 bcsId: 0} | ret=SUCCESS |  
2019-08-28 12:08:55,444 [40fea9a8-502b-40ee-85ae-dc8ed12a9c4d:group-B72B746E6CDF:LeaderElection66] INFO  impl.RaftServerImpl (ServerState.java:setRaftConf(361)) - 40fea9a8-502b-40ee-85ae-dc8ed12a9c4d:group-B72B746E6CDF set configuration 0: [40fea9a8-502b-40ee-85ae-dc8ed12a9c4d:192.168.36.80:37871], old=null at 0
2019-08-28 12:08:55,479 | INFO  | DNAudit | user=null | ip=null | op=WRITE_CHUNK {blockData=conID: 1 locID: 102694527386058766 bcsId: 0} | ret=SUCCESS |  
2019-08-28 12:08:55,480 | INFO  | DNAudit | user=null | ip=null | op=WRITE_CHUNK {blockData=conID: 1 locID: 102694527386058766 bcsId: 0} | ret=SUCCESS |  
2019-08-28 12:08:55,480 | INFO  | DNAudit | user=null | ip=null | op=WRITE_CHUNK {blockData=conID: 1 locID: 102694527386058766 bcsId: 0} | ret=SUCCESS |  
2019-08-28 12:08:55,480 | INFO  | DNAudit | user=null | ip=null | op=WRITE_CHUNK {blockData=conID: 1 locID: 102694527386058766 bcsId: 0} | ret=SUCCESS |  
2019-08-28 12:08:55,481 | INFO  | DNAudit | user=null | ip=null | op=WRITE_CHUNK {blockData=conID: 1 locID: 102694527386058766 bcsId: 0} | ret=SUCCESS |  
2019-08-28 12:08:55,481 | INFO  | DNAudit | user=null | ip=null | op=WRITE_CHUNK {blockData=conID: 1 locID: 102694527386058766 bcsId: 0} | ret=SUCCESS |  
2019-08-28 12:08:55,481 | INFO  | DNAudit | user=null | ip=null | op=WRITE_CHUNK {blockData=conID: 1 locID: 102694527386058766 bcsId: 0} | ret=SUCCESS |  
2019-08-28 12:08:55,482 | INFO  | DNAudit | user=null | ip=null | op=WRITE_CHUNK {blockData=conID: 1 locID: 102694527386058766 bcsId: 0} | ret=SUCCESS |  
2019-08-28 12:08:55,482 | INFO  | DNAudit | user=null | ip=null | op=WRITE_CHUNK {blockData=conID: 1 locID: 102694527386058766 bcsId: 0} | ret=SUCCESS |  
2019-08-28 12:08:55,488 [40fea9a8-502b-40ee-85ae-dc8ed12a9c4d-SegmentedRaftLogWorker:Storage Directory /workdir/hadoop-ozone/integration-test/target/test-dir/MiniOzoneClusterImpl-c6369339-b721-4289-b411-c27671099042/datanode-6/data/ratis/bbd13d3a-1727-4870-9617-b72b746e6cdf] INFO  segmented.SegmentedRaftLogWorker (SegmentedRaftLogWorker.java:execute(569)) - 40fea9a8-502b-40ee-85ae-dc8ed12a9c4d-SegmentedRaftLogWorker:Storage Directory /workdir/hadoop-ozone/integration-test/target/test-dir/MiniOzoneClusterImpl-c6369339-b721-4289-b411-c27671099042/datanode-6/data/ratis/bbd13d3a-1727-4870-9617-b72b746e6cdf: created new log segment /workdir/hadoop-ozone/integration-test/target/test-dir/MiniOzoneClusterImpl-c6369339-b721-4289-b411-c27671099042/datanode-6/data/ratis/bbd13d3a-1727-4870-9617-b72b746e6cdf/current/log_inprogress_0
2019-08-28 12:08:55,492 | INFO  | DNAudit | user=null | ip=null | op=WRITE_CHUNK {blockData=conID: 1 locID: 102694527386058766 bcsId: 0} | ret=SUCCESS |  
2019-08-28 12:08:55,506 [grpc-default-executor-5] INFO  client.GrpcClientProtocolClient (GrpcClientProtocolClient.java:onNext(255)) - client-05B825CF0C11->0c3b8344-cdf9-4d1e-a488-759371ee96af: receive RaftClientReply:client-05B825CF0C11->0c3b8344-cdf9-4d1e-a488-759371ee96af@group-A86B04BA5B76, cid=177, SUCCESS, logIndex=3, commits[0c3b8344-cdf9-4d1e-a488-759371ee96af:c4, c236d778-ae7d-44ab-9790-03842f4247ab:c2, b393eaaf-48fc-4c06-ba9b-cdb8896dc2ee:c2]
2019-08-28 12:08:55,507 | INFO  | DNAudit | user=null | ip=null | op=WRITE_CHUNK {blockData=conID: 1 locID: 102694527386058766 bcsId: 0} | ret=SUCCESS |  
2019-08-28 12:08:55,507 | INFO  | DNAudit | user=null | ip=null | op=WRITE_CHUNK {blockData=conID: 1 locID: 102694527386058766 bcsId: 0} | ret=SUCCESS |  
2019-08-28 12:08:55,550 | INFO  | DNAudit | user=null | ip=null | op=PUT_BLOCK {blockData=[blockId=conID: 1 locID: 102694527386058766 bcsId: 0,size=200]} | ret=SUCCESS |  
2019-08-28 12:08:55,553 | INFO  | DNAudit | user=null | ip=null | op=WRITE_CHUNK {blockData=conID: 1 locID: 102694527386058766 bcsId: 0} | ret=SUCCESS |  
2019-08-28 12:08:55,554 | INFO  | DNAudit | user=null | ip=null | op=WRITE_CHUNK {blockData=conID: 1 locID: 102694527386058766 bcsId: 0} | ret=SUCCESS |  
2019-08-28 12:08:55,554 [grpc-default-executor-7] INFO  client.GrpcClientProtocolClient (GrpcClientProtocolClient.java:onNext(255)) - client-05B825CF0C11->0c3b8344-cdf9-4d1e-a488-759371ee96af: receive RaftClientReply:client-05B825CF0C11->0c3b8344-cdf9-4d1e-a488-759371ee96af@group-A86B04BA5B76, cid=178, SUCCESS, logIndex=4, commits[0c3b8344-cdf9-4d1e-a488-759371ee96af:c12, c236d778-ae7d-44ab-9790-03842f4247ab:c7, b393eaaf-48fc-4c06-ba9b-cdb8896dc2ee:c7]
2019-08-28 12:08:55,555 [grpc-default-executor-7] INFO  client.GrpcClientProtocolClient (GrpcClientProtocolClient.java:onNext(255)) - client-05B825CF0C11->0c3b8344-cdf9-4d1e-a488-759371ee96af: receive RaftClientReply:client-05B825CF0C11->0c3b8344-cdf9-4d1e-a488-759371ee96af@group-A86B04BA5B76, cid=179, SUCCESS, logIndex=5, commits[0c3b8344-cdf9-4d1e-a488-759371ee96af:c12, c236d778-ae7d-44ab-9790-03842f4247ab:c7, b393eaaf-48fc-4c06-ba9b-cdb8896dc2ee:c7]
2019-08-28 12:08:55,555 [grpc-default-executor-7] INFO  client.GrpcClientProtocolClient (GrpcClientProtocolClient.java:onNext(255)) - client-05B825CF0C11->0c3b8344-cdf9-4d1e-a488-759371ee96af: receive RaftClientReply:client-05B825CF0C11->0c3b8344-cdf9-4d1e-a488-759371ee96af@group-A86B04BA5B76, cid=180, SUCCESS, logIndex=6, commits[0c3b8344-cdf9-4d1e-a488-759371ee96af:c12, c236d778-ae7d-44ab-9790-03842f4247ab:c7, b393eaaf-48fc-4c06-ba9b-cdb8896dc2ee:c7]
2019-08-28 12:08:55,566 | INFO  | SCMAudit | user=jenkins1000 | ip=192.168.36.80 | op=SEND_HEARTBEAT {datanodeUUID=9ec19c9d-2043-406f-82f9-255ab4ee7628, command=[]} | ret=SUCCESS |  
2019-08-28 12:08:55,595 | INFO  | DNAudit | user=null | ip=null | op=PUT_BLOCK {blockData=[blockId=conID: 1 locID: 102694527386058766 bcsId: 0,size=200]} | ret=SUCCESS |  
2019-08-28 12:08:55,596 | INFO  | DNAudit | user=null | ip=null | op=WRITE_CHUNK {blockData=conID: 1 locID: 102694527386058766 bcsId: 0} | ret=SUCCESS |  
2019-08-28 12:08:55,596 | INFO  | DNAudit | user=null | ip=null | op=WRITE_CHUNK {blockData=conID: 1 locID: 102694527386058766 bcsId: 0} | ret=SUCCESS |  
2019-08-28 12:08:55,622 | INFO  | DNAudit | user=null | ip=null | op=PUT_BLOCK {blockData=[blockId=conID: 1 locID: 102694527386058766 bcsId: 0,size=400]} | ret=SUCCESS |  
2019-08-28 12:08:55,622 | INFO  | DNAudit | user=null | ip=null | op=PUT_BLOCK {blockData=[blockId=conID: 1 locID: 102694527386058766 bcsId: 0,size=400]} | ret=SUCCESS |  
2019-08-28 12:08:55,622 | INFO  | DNAudit | user=null | ip=null | op=PUT_BLOCK {blockData=[blockId=conID: 1 locID: 102694527386058766 bcsId: 0,size=200]} | ret=SUCCESS |  
2019-08-28 12:08:55,623 | INFO  | DNAudit | user=null | ip=null | op=WRITE_CHUNK {blockData=conID: 1 locID: 102694527386058766 bcsId: 0} | ret=SUCCESS |  
2019-08-28 12:08:55,623 | INFO  | DNAudit | user=null | ip=null | op=WRITE_CHUNK {blockData=conID: 1 locID: 102694527386058766 bcsId: 0} | ret=SUCCESS |  
2019-08-28 12:08:55,628 | INFO  | DNAudit | user=null | ip=null | op=PUT_BLOCK {blockData=[blockId=conID: 1 locID: 102694527386058766 bcsId: 0,size=400]} | ret=SUCCESS |  
2019-08-28 12:08:55,629 [grpc-default-executor-7] INFO  client.GrpcClientProtocolClient (GrpcClientProtocolClient.java:onNext(255)) - client-05B825CF0C11->0c3b8344-cdf9-4d1e-a488-759371ee96af: receive RaftClientReply:client-05B825CF0C11->0c3b8344-cdf9-4d1e-a488-759371ee96af@group-A86B04BA5B76, cid=181, SUCCESS, logIndex=7, commits[0c3b8344-cdf9-4d1e-a488-759371ee96af:c12, c236d778-ae7d-44ab-9790-03842f4247ab:c7, b393eaaf-48fc-4c06-ba9b-cdb8896dc2ee:c7]
2019-08-28 12:08:55,636 | INFO  | DNAudit | user=null | ip=null | op=WRITE_CHUNK {blockData=conID: 1 locID: 102694527386058766 bcsId: 7} | ret=SUCCESS |  
2019-08-28 12:08:55,637 | INFO  | DNAudit | user=null | ip=null | op=WRITE_CHUNK {blockData=conID: 1 locID: 102694527386058766 bcsId: 7} | ret=SUCCESS |  
2019-08-28 12:08:55,637 | INFO  | DNAudit | user=null | ip=null | op=WRITE_CHUNK {blockData=conID: 1 locID: 102694527386058766 bcsId: 7} | ret=SUCCESS |  
2019-08-28 12:08:55,641 | INFO  | DNAudit | user=null | ip=null | op=WRITE_CHUNK {blockData=conID: 1 locID: 102694527386058766 bcsId: 7} | ret=SUCCESS |  
2019-08-28 12:08:55,646 | INFO  | DNAudit | user=null | ip=null | op=PUT_BLOCK {blockData=[blockId=conID: 1 locID: 102694527386058766 bcsId: 0,size=450]} | ret=SUCCESS |  
2019-08-28 12:08:55,647 [grpc-default-executor-3] INFO  client.GrpcClientProtocolClient (GrpcClientProtocolClient.java:onNext(255)) - client-05B825CF0C11->0c3b8344-cdf9-4d1e-a488-759371ee96af: receive RaftClientReply:client-05B825CF0C11->0c3b8344-cdf9-4d1e-a488-759371ee96af@group-A86B04BA5B76, cid=182, SUCCESS, logIndex=13, commits[0c3b8344-cdf9-4d1e-a488-759371ee96af:c14, c236d778-ae7d-44ab-9790-03842f4247ab:c12, b393eaaf-48fc-4c06-ba9b-cdb8896dc2ee:c12]
2019-08-28 12:08:55,647 [grpc-default-executor-3] INFO  client.GrpcClientProtocolClient (GrpcClientProtocolClient.java:onNext(255)) - client-05B825CF0C11->0c3b8344-cdf9-4d1e-a488-759371ee96af: receive RaftClientReply:client-05B825CF0C11->0c3b8344-cdf9-4d1e-a488-759371ee96af@group-A86B04BA5B76, cid=183, SUCCESS, logIndex=14, commits[0c3b8344-cdf9-4d1e-a488-759371ee96af:c14, c236d778-ae7d-44ab-9790-03842f4247ab:c12, b393eaaf-48fc-4c06-ba9b-cdb8896dc2ee:c12]
2019-08-28 12:08:55,663 | INFO  | DNAudit | user=null | ip=null | op=WRITE_CHUNK {blockData=conID: 1 locID: 102694527386058766 bcsId: 7} | ret=SUCCESS |  
2019-08-28 12:08:55,663 | INFO  | DNAudit | user=null | ip=null | op=WRITE_CHUNK {blockData=conID: 1 locID: 102694527386058766 bcsId: 7} | ret=SUCCESS |  
2019-08-28 12:08:55,669 | INFO  | DNAudit | user=null | ip=null | op=PUT_BLOCK {blockData=[blockId=conID: 1 locID: 102694527386058766 bcsId: 0,size=450]} | ret=SUCCESS |  
2019-08-28 12:08:55,669 | INFO  | DNAudit | user=null | ip=null | op=PUT_BLOCK {blockData=[blockId=conID: 1 locID: 102694527386058766 bcsId: 0,size=450]} | ret=SUCCESS |  
2019-08-28 12:08:55,672 [grpc-default-executor-7] INFO  client.GrpcClientProtocolClient (GrpcClientProtocolClient.java:onNext(255)) - client-05B825CF0C11->0c3b8344-cdf9-4d1e-a488-759371ee96af: receive RaftClientReply:client-05B825CF0C11->0c3b8344-cdf9-4d1e-a488-759371ee96af@group-A86B04BA5B76, cid=184, SUCCESS, logIndex=0, commits[0c3b8344-cdf9-4d1e-a488-759371ee96af:c15, c236d778-ae7d-44ab-9790-03842f4247ab:c14, b393eaaf-48fc-4c06-ba9b-cdb8896dc2ee:c14]
2019-08-28 12:08:55,672 [main] INFO  datanode.ObjectStoreHandler (ObjectStoreHandler.java:close(155)) - Closing ObjectStoreHandler.
2019-08-28 12:08:55,673 [main] INFO  ozone.HddsDatanodeService (HddsDatanodeService.java:stop(451)) - Stopped plug-in org.apache.hadoop.ozone.web.OzoneHddsDatanodeService@4ab1693b
2019-08-28 12:08:55,777 | INFO  | SCMAudit | user=jenkins1000 | ip=192.168.36.80 | op=SEND_HEARTBEAT {datanodeUUID=70ebd995-e0c0-4864-abcd-ac0b412c9683, command=[]} | ret=SUCCESS |  
2019-08-28 12:08:55,988 | INFO  | SCMAudit | user=jenkins1000 | ip=192.168.36.80 | op=SEND_HEARTBEAT {datanodeUUID=b34515dc-ef39-40c7-8939-0c9a405226e8, command=[]} | ret=SUCCESS |  
2019-08-28 12:08:56,205 | INFO  | SCMAudit | user=jenkins1000 | ip=192.168.36.80 | op=SEND_HEARTBEAT {datanodeUUID=40fea9a8-502b-40ee-85ae-dc8ed12a9c4d, command=[]} | ret=SUCCESS |  
2019-08-28 12:08:56,400 [Datanode State Machine Thread - 0] INFO  statemachine.DatanodeStateMachine (DatanodeStateMachine.java:lambda$startDaemon$0(350)) - Ozone container server started.
2019-08-28 12:08:56,419 | INFO  | SCMAudit | user=jenkins1000 | ip=192.168.36.80 | op=SEND_HEARTBEAT {datanodeUUID=c236d778-ae7d-44ab-9790-03842f4247ab, command=[]} | ret=SUCCESS |  
2019-08-28 12:08:56,419 | INFO  | SCMAudit | user=jenkins1000 | ip=192.168.36.80 | op=SEND_HEARTBEAT {datanodeUUID=b393eaaf-48fc-4c06-ba9b-cdb8896dc2ee, command=[]} | ret=SUCCESS |  
2019-08-28 12:08:56,565 | INFO  | SCMAudit | user=jenkins1000 | ip=192.168.36.80 | op=SEND_HEARTBEAT {datanodeUUID=9ec19c9d-2043-406f-82f9-255ab4ee7628, command=[]} | ret=SUCCESS |  
2019-08-28 12:08:56,777 | INFO  | SCMAudit | user=jenkins1000 | ip=192.168.36.80 | op=SEND_HEARTBEAT {datanodeUUID=70ebd995-e0c0-4864-abcd-ac0b412c9683, command=[]} | ret=SUCCESS |  
2019-08-28 12:08:56,988 | INFO  | SCMAudit | user=jenkins1000 | ip=192.168.36.80 | op=SEND_HEARTBEAT {datanodeUUID=b34515dc-ef39-40c7-8939-0c9a405226e8, command=[]} | ret=SUCCESS |  
2019-08-28 12:08:57,206 | INFO  | SCMAudit | user=jenkins1000 | ip=192.168.36.80 | op=SEND_HEARTBEAT {datanodeUUID=40fea9a8-502b-40ee-85ae-dc8ed12a9c4d, command=[]} | ret=SUCCESS |  
2019-08-28 12:08:57,419 | INFO  | SCMAudit | user=jenkins1000 | ip=192.168.36.80 | op=SEND_HEARTBEAT {datanodeUUID=b393eaaf-48fc-4c06-ba9b-cdb8896dc2ee, command=[]} | ret=SUCCESS |  
2019-08-28 12:08:57,419 | INFO  | SCMAudit | user=jenkins1000 | ip=192.168.36.80 | op=SEND_HEARTBEAT {datanodeUUID=c236d778-ae7d-44ab-9790-03842f4247ab, command=[]} | ret=SUCCESS |  
2019-08-28 12:08:57,565 | INFO  | SCMAudit | user=jenkins1000 | ip=192.168.36.80 | op=SEND_HEARTBEAT {datanodeUUID=9ec19c9d-2043-406f-82f9-255ab4ee7628, command=[]} | ret=SUCCESS |  
2019-08-28 12:08:57,778 | INFO  | SCMAudit | user=jenkins1000 | ip=192.168.36.80 | op=SEND_HEARTBEAT {datanodeUUID=70ebd995-e0c0-4864-abcd-ac0b412c9683, command=[]} | ret=SUCCESS |  
2019-08-28 12:08:57,988 | INFO  | SCMAudit | user=jenkins1000 | ip=192.168.36.80 | op=SEND_HEARTBEAT {datanodeUUID=b34515dc-ef39-40c7-8939-0c9a405226e8, command=[]} | ret=SUCCESS |  
2019-08-28 12:08:58,206 | INFO  | SCMAudit | user=jenkins1000 | ip=192.168.36.80 | op=SEND_HEARTBEAT {datanodeUUID=40fea9a8-502b-40ee-85ae-dc8ed12a9c4d, command=[]} | ret=SUCCESS |  
2019-08-28 12:08:58,419 | INFO  | SCMAudit | user=jenkins1000 | ip=192.168.36.80 | op=SEND_HEARTBEAT {datanodeUUID=b393eaaf-48fc-4c06-ba9b-cdb8896dc2ee, command=[]} | ret=SUCCESS |  
2019-08-28 12:08:58,419 | INFO  | SCMAudit | user=jenkins1000 | ip=192.168.36.80 | op=SEND_HEARTBEAT {datanodeUUID=c236d778-ae7d-44ab-9790-03842f4247ab, command=[]} | ret=SUCCESS |  
2019-08-28 12:08:58,566 | INFO  | SCMAudit | user=jenkins1000 | ip=192.168.36.80 | op=SEND_HEARTBEAT {datanodeUUID=9ec19c9d-2043-406f-82f9-255ab4ee7628, command=[]} | ret=SUCCESS |  
2019-08-28 12:08:58,778 | INFO  | SCMAudit | user=jenkins1000 | ip=192.168.36.80 | op=SEND_HEARTBEAT {datanodeUUID=70ebd995-e0c0-4864-abcd-ac0b412c9683, command=[]} | ret=SUCCESS |  
2019-08-28 12:08:58,989 | INFO  | SCMAudit | user=jenkins1000 | ip=192.168.36.80 | op=SEND_HEARTBEAT {datanodeUUID=b34515dc-ef39-40c7-8939-0c9a405226e8, command=[]} | ret=SUCCESS |  
2019-08-28 12:08:59,205 | INFO  | SCMAudit | user=jenkins1000 | ip=192.168.36.80 | op=SEND_HEARTBEAT {datanodeUUID=40fea9a8-502b-40ee-85ae-dc8ed12a9c4d, command=[]} | ret=SUCCESS |  
2019-08-28 12:08:59,419 | INFO  | SCMAudit | user=jenkins1000 | ip=192.168.36.80 | op=SEND_HEARTBEAT {datanodeUUID=b393eaaf-48fc-4c06-ba9b-cdb8896dc2ee, command=[]} | ret=SUCCESS |  
2019-08-28 12:08:59,419 | INFO  | SCMAudit | user=jenkins1000 | ip=192.168.36.80 | op=SEND_HEARTBEAT {datanodeUUID=c236d778-ae7d-44ab-9790-03842f4247ab, command=[]} | ret=SUCCESS |  
2019-08-28 12:08:59,566 | INFO  | SCMAudit | user=jenkins1000 | ip=192.168.36.80 | op=SEND_HEARTBEAT {datanodeUUID=9ec19c9d-2043-406f-82f9-255ab4ee7628, command=[]} | ret=SUCCESS |  
2019-08-28 12:08:59,777 | INFO  | SCMAudit | user=jenkins1000 | ip=192.168.36.80 | op=SEND_HEARTBEAT {datanodeUUID=70ebd995-e0c0-4864-abcd-ac0b412c9683, command=[]} | ret=SUCCESS |  
2019-08-28 12:08:59,989 | INFO  | SCMAudit | user=jenkins1000 | ip=192.168.36.80 | op=SEND_HEARTBEAT {datanodeUUID=b34515dc-ef39-40c7-8939-0c9a405226e8, command=[]} | ret=SUCCESS |  
2019-08-28 12:09:00,205 | INFO  | SCMAudit | user=jenkins1000 | ip=192.168.36.80 | op=SEND_HEARTBEAT {datanodeUUID=40fea9a8-502b-40ee-85ae-dc8ed12a9c4d, command=[]} | ret=SUCCESS |  
2019-08-28 12:09:00,420 | INFO  | SCMAudit | user=jenkins1000 | ip=192.168.36.80 | op=SEND_HEARTBEAT {datanodeUUID=c236d778-ae7d-44ab-9790-03842f4247ab, command=[]} | ret=SUCCESS |  
2019-08-28 12:09:00,420 | INFO  | SCMAudit | user=jenkins1000 | ip=192.168.36.80 | op=SEND_HEARTBEAT {datanodeUUID=b393eaaf-48fc-4c06-ba9b-cdb8896dc2ee, command=[]} | ret=SUCCESS |  
2019-08-28 12:09:00,482 [EventQueue-StaleNodeForStaleNodeHandler] INFO  node.StaleNodeHandler (StaleNodeHandler.java:onMessage(58)) - Datanode 0c3b8344-cdf9-4d1e-a488-759371ee96af{ip: 192.168.36.80, host: pr-hdds-1949-gk6t9-2362663429, networkLocation: /default-rack, certSerialId: null} moved to stale state. Finalizing its pipelines [PipelineID=a913ba12-8ed5-4df3-97e7-a86b04ba5b76, PipelineID=3f618f5b-cfb1-4397-a92f-f2b11f3cf857]
2019-08-28 12:09:00,482 [EventQueue-StaleNodeForStaleNodeHandler] INFO  pipeline.SCMPipelineManager (SCMPipelineManager.java:finalizeAndDestroyPipeline(309)) - destroying pipeline:Pipeline[ Id: a913ba12-8ed5-4df3-97e7-a86b04ba5b76, Nodes: 0c3b8344-cdf9-4d1e-a488-759371ee96af{ip: 192.168.36.80, host: pr-hdds-1949-gk6t9-2362663429, networkLocation: /default-rack, certSerialId: null}c236d778-ae7d-44ab-9790-03842f4247ab{ip: 192.168.36.80, host: pr-hdds-1949-gk6t9-2362663429, networkLocation: /default-rack, certSerialId: null}b393eaaf-48fc-4c06-ba9b-cdb8896dc2ee{ip: 192.168.36.80, host: pr-hdds-1949-gk6t9-2362663429, networkLocation: /default-rack, certSerialId: null}, Type:RATIS, Factor:THREE, State:OPEN]
2019-08-28 12:09:00,483 [EventQueue-StaleNodeForStaleNodeHandler] INFO  pipeline.PipelineStateManager (PipelineStateManager.java:finalizePipeline(123)) - Pipeline Pipeline[ Id: a913ba12-8ed5-4df3-97e7-a86b04ba5b76, Nodes: 0c3b8344-cdf9-4d1e-a488-759371ee96af{ip: 192.168.36.80, host: pr-hdds-1949-gk6t9-2362663429, networkLocation: /default-rack, certSerialId: null}c236d778-ae7d-44ab-9790-03842f4247ab{ip: 192.168.36.80, host: pr-hdds-1949-gk6t9-2362663429, networkLocation: /default-rack, certSerialId: null}b393eaaf-48fc-4c06-ba9b-cdb8896dc2ee{ip: 192.168.36.80, host: pr-hdds-1949-gk6t9-2362663429, networkLocation: /default-rack, certSerialId: null}, Type:RATIS, Factor:THREE, State:CLOSED] moved to CLOSED state
2019-08-28 12:09:00,483 [EventQueue-StaleNodeForStaleNodeHandler] INFO  pipeline.SCMPipelineManager (SCMPipelineManager.java:finalizeAndDestroyPipeline(309)) - destroying pipeline:Pipeline[ Id: 3f618f5b-cfb1-4397-a92f-f2b11f3cf857, Nodes: 0c3b8344-cdf9-4d1e-a488-759371ee96af{ip: 192.168.36.80, host: pr-hdds-1949-gk6t9-2362663429, networkLocation: /default-rack, certSerialId: null}, Type:RATIS, Factor:ONE, State:OPEN]
2019-08-28 12:09:00,483 [EventQueue-CloseContainerForCloseContainerEventHandler] INFO  container.CloseContainerEventHandler (CloseContainerEventHandler.java:onMessage(61)) - Close container Event triggered for container : #1
2019-08-28 12:09:00,484 [EventQueue-StaleNodeForStaleNodeHandler] INFO  pipeline.PipelineStateManager (PipelineStateManager.java:finalizePipeline(123)) - Pipeline Pipeline[ Id: 3f618f5b-cfb1-4397-a92f-f2b11f3cf857, Nodes: 0c3b8344-cdf9-4d1e-a488-759371ee96af{ip: 192.168.36.80, host: pr-hdds-1949-gk6t9-2362663429, networkLocation: /default-rack, certSerialId: null}, Type:RATIS, Factor:ONE, State:CLOSED] moved to CLOSED state
2019-08-28 12:09:00,566 | INFO  | SCMAudit | user=jenkins1000 | ip=192.168.36.80 | op=SEND_HEARTBEAT {datanodeUUID=9ec19c9d-2043-406f-82f9-255ab4ee7628, command=[]} | ret=SUCCESS |  
2019-08-28 12:09:00,674 [main] INFO  ozoneimpl.OzoneContainer (OzoneContainer.java:stop(215)) - Attempting to stop container services.
2019-08-28 12:09:00,674 [main] INFO  impl.RaftServerProxy (RaftServerProxy.java:lambda$close$4(314)) - 0c3b8344-cdf9-4d1e-a488-759371ee96af: close
2019-08-28 12:09:00,675 [main] INFO  impl.RaftServerImpl (RaftServerImpl.java:lambda$shutdown$3(245)) - 0c3b8344-cdf9-4d1e-a488-759371ee96af: shutdown group-A86B04BA5B76
2019-08-28 12:09:00,675 [ForkJoinPool.commonPool-worker-0] INFO  impl.RaftServerImpl (RaftServerImpl.java:lambda$shutdown$3(245)) - 0c3b8344-cdf9-4d1e-a488-759371ee96af: shutdown group-F2B11F3CF857
2019-08-28 12:09:00,677 [main] INFO  util.JmxRegister (JmxRegister.java:unregister(73)) - Successfully un-registered JMX Bean with object name Ratis:service=RaftServer,group=group-A86B04BA5B76,id=0c3b8344-cdf9-4d1e-a488-759371ee96af
2019-08-28 12:09:00,677 [main] INFO  impl.RoleInfo (RoleInfo.java:shutdownLeaderState(104)) - 0c3b8344-cdf9-4d1e-a488-759371ee96af: shutdown LeaderState
2019-08-28 12:09:00,677 [ForkJoinPool.commonPool-worker-0] INFO  util.JmxRegister (JmxRegister.java:unregister(73)) - Successfully un-registered JMX Bean with object name Ratis:service=RaftServer,group=group-F2B11F3CF857,id=0c3b8344-cdf9-4d1e-a488-759371ee96af
2019-08-28 12:09:00,686 [main] INFO  impl.PendingRequests (PendingRequests.java:sendNotLeaderResponses(202)) - 0c3b8344-cdf9-4d1e-a488-759371ee96af-PendingRequests: sendNotLeaderResponses
2019-08-28 12:09:00,686 [org.apache.ratis.server.impl.LogAppender$AppenderDaemon$$Lambda$546/393917895@233eeb29] WARN  server.GrpcLogAppender (GrpcLogAppender.java:mayWait(143)) - GrpcLogAppender(0c3b8344-cdf9-4d1e-a488-759371ee96af->c236d778-ae7d-44ab-9790-03842f4247ab): Wait interrupted by java.lang.InterruptedException
2019-08-28 12:09:00,686 [ForkJoinPool.commonPool-worker-0] INFO  impl.RoleInfo (RoleInfo.java:shutdownLeaderState(104)) - 0c3b8344-cdf9-4d1e-a488-759371ee96af: shutdown LeaderState
2019-08-28 12:09:00,691 [main] INFO  impl.StateMachineUpdater (StateMachineUpdater.java:stopAndJoin(115)) - StateMachineUpdater:0c3b8344-cdf9-4d1e-a488-759371ee96af:group-A86B04BA5B76: set stopIndex = 16
2019-08-28 12:09:00,686 [org.apache.ratis.server.impl.LogAppender$AppenderDaemon$$Lambda$546/393917895@663c712a] WARN  server.GrpcLogAppender (GrpcLogAppender.java:mayWait(143)) - GrpcLogAppender(0c3b8344-cdf9-4d1e-a488-759371ee96af->b393eaaf-48fc-4c06-ba9b-cdb8896dc2ee): Wait interrupted by java.lang.InterruptedException
2019-08-28 12:09:00,691 [StateMachineUpdater:0c3b8344-cdf9-4d1e-a488-759371ee96af:group-A86B04BA5B76] INFO  ratis.ContainerStateMachine (ContainerStateMachine.java:takeSnapshot(284)) - group-A86B04BA5B76: Taking a snapshot at:(t:1, i:14) file /workdir/hadoop-ozone/integration-test/target/test-dir/MiniOzoneClusterImpl-c6369339-b721-4289-b411-c27671099042/datanode-0/data/ratis/a913ba12-8ed5-4df3-97e7-a86b04ba5b76/sm/snapshot.1_14
2019-08-28 12:09:00,691 [grpc-default-executor-3] INFO  server.GrpcServerProtocolService (GrpcServerProtocolService.java:onCompleted(104)) - c236d778-ae7d-44ab-9790-03842f4247ab: appendEntries completed
2019-08-28 12:09:00,691 [ForkJoinPool.commonPool-worker-0] INFO  impl.PendingRequests (PendingRequests.java:sendNotLeaderResponses(202)) - 0c3b8344-cdf9-4d1e-a488-759371ee96af-PendingRequests: sendNotLeaderResponses
2019-08-28 12:09:00,692 [grpc-default-executor-7] INFO  server.GrpcServerProtocolService (GrpcServerProtocolService.java:onCompleted(104)) - b393eaaf-48fc-4c06-ba9b-cdb8896dc2ee: appendEntries completed
2019-08-28 12:09:00,692 [ForkJoinPool.commonPool-worker-0] INFO  impl.StateMachineUpdater (StateMachineUpdater.java:stopAndJoin(115)) - StateMachineUpdater:0c3b8344-cdf9-4d1e-a488-759371ee96af:group-F2B11F3CF857: set stopIndex = 0
2019-08-28 12:09:00,695 [grpc-default-executor-6] INFO  server.GrpcLogAppender (GrpcLogAppender.java:onCompleted(292)) - 0c3b8344-cdf9-4d1e-a488-759371ee96af->c236d778-ae7d-44ab-9790-03842f4247ab: follower responses appendEntries COMPLETED
2019-08-28 12:09:00,695 [grpc-default-executor-7] INFO  server.GrpcLogAppender (GrpcLogAppender.java:onCompleted(292)) - 0c3b8344-cdf9-4d1e-a488-759371ee96af->b393eaaf-48fc-4c06-ba9b-cdb8896dc2ee: follower responses appendEntries COMPLETED
2019-08-28 12:09:00,695 [ForkJoinPool.commonPool-worker-0] INFO  impl.RaftServerImpl (ServerState.java:close(394)) - 0c3b8344-cdf9-4d1e-a488-759371ee96af:group-F2B11F3CF857 closes. The last applied log index is 0
2019-08-28 12:09:00,695 [grpc-default-executor-7] INFO  impl.FollowerInfo (FollowerInfo.java:lambda$new$0(50)) - 0c3b8344-cdf9-4d1e-a488-759371ee96af->b393eaaf-48fc-4c06-ba9b-cdb8896dc2ee: nextIndex: updateUnconditionally 17 -> 16
2019-08-28 12:09:00,695 [grpc-default-executor-6] INFO  impl.FollowerInfo (FollowerInfo.java:lambda$new$0(50)) - 0c3b8344-cdf9-4d1e-a488-759371ee96af->c236d778-ae7d-44ab-9790-03842f4247ab: nextIndex: updateUnconditionally 17 -> 16
2019-08-28 12:09:00,696 [0c3b8344-cdf9-4d1e-a488-759371ee96af-SegmentedRaftLogWorker:Storage Directory /workdir/hadoop-ozone/integration-test/target/test-dir/MiniOzoneClusterImpl-c6369339-b721-4289-b411-c27671099042/datanode-0/data/ratis/3f618f5b-cfb1-4397-a92f-f2b11f3cf857] INFO  segmented.SegmentedRaftLogWorker (SegmentedRaftLogWorker.java:run(313)) - 0c3b8344-cdf9-4d1e-a488-759371ee96af-SegmentedRaftLogWorker:Storage Directory /workdir/hadoop-ozone/integration-test/target/test-dir/MiniOzoneClusterImpl-c6369339-b721-4289-b411-c27671099042/datanode-0/data/ratis/3f618f5b-cfb1-4397-a92f-f2b11f3cf857 was interrupted, exiting. There are 0 tasks remaining in the queue.
2019-08-28 12:09:00,698 [ForkJoinPool.commonPool-worker-0] INFO  segmented.SegmentedRaftLogWorker (SegmentedRaftLogWorker.java:close(228)) - 0c3b8344-cdf9-4d1e-a488-759371ee96af-SegmentedRaftLogWorker:Storage Directory /workdir/hadoop-ozone/integration-test/target/test-dir/MiniOzoneClusterImpl-c6369339-b721-4289-b411-c27671099042/datanode-0/data/ratis/3f618f5b-cfb1-4397-a92f-f2b11f3cf857 close()
2019-08-28 12:09:00,706 [StateMachineUpdater:0c3b8344-cdf9-4d1e-a488-759371ee96af:group-A86B04BA5B76] INFO  ratis.ContainerStateMachine (ContainerStateMachine.java:takeSnapshot(295)) - group-A86B04BA5B76: Finished taking a snapshot at:(t:1, i:14) file:/workdir/hadoop-ozone/integration-test/target/test-dir/MiniOzoneClusterImpl-c6369339-b721-4289-b411-c27671099042/datanode-0/data/ratis/a913ba12-8ed5-4df3-97e7-a86b04ba5b76/sm/snapshot.1_14 time:15
2019-08-28 12:09:00,706 [StateMachineUpdater:0c3b8344-cdf9-4d1e-a488-759371ee96af:group-A86B04BA5B76] INFO  impl.StateMachineUpdater (StateMachineUpdater.java:takeSnapshot(242)) - StateMachineUpdater:0c3b8344-cdf9-4d1e-a488-759371ee96af:group-A86B04BA5B76: Took a snapshot at index 14
2019-08-28 12:09:00,706 [StateMachineUpdater:0c3b8344-cdf9-4d1e-a488-759371ee96af:group-A86B04BA5B76] INFO  impl.StateMachineUpdater (StateMachineUpdater.java:lambda$new$0(80)) - StateMachineUpdater:0c3b8344-cdf9-4d1e-a488-759371ee96af:group-A86B04BA5B76: snapshotIndex: updateIncreasingly -1 -> 14
2019-08-28 12:09:00,706 [main] INFO  impl.RaftServerImpl (ServerState.java:close(394)) - 0c3b8344-cdf9-4d1e-a488-759371ee96af:group-A86B04BA5B76 closes. The last applied log index is 16
2019-08-28 12:09:00,707 [0c3b8344-cdf9-4d1e-a488-759371ee96af-SegmentedRaftLogWorker:Storage Directory /workdir/hadoop-ozone/integration-test/target/test-dir/MiniOzoneClusterImpl-c6369339-b721-4289-b411-c27671099042/datanode-0/data/ratis/a913ba12-8ed5-4df3-97e7-a86b04ba5b76] INFO  segmented.SegmentedRaftLogWorker (SegmentedRaftLogWorker.java:run(313)) - 0c3b8344-cdf9-4d1e-a488-759371ee96af-SegmentedRaftLogWorker:Storage Directory /workdir/hadoop-ozone/integration-test/target/test-dir/MiniOzoneClusterImpl-c6369339-b721-4289-b411-c27671099042/datanode-0/data/ratis/a913ba12-8ed5-4df3-97e7-a86b04ba5b76 was interrupted, exiting. There are 0 tasks remaining in the queue.
2019-08-28 12:09:00,709 [main] INFO  segmented.SegmentedRaftLogWorker (SegmentedRaftLogWorker.java:close(228)) - 0c3b8344-cdf9-4d1e-a488-759371ee96af-SegmentedRaftLogWorker:Storage Directory /workdir/hadoop-ozone/integration-test/target/test-dir/MiniOzoneClusterImpl-c6369339-b721-4289-b411-c27671099042/datanode-0/data/ratis/a913ba12-8ed5-4df3-97e7-a86b04ba5b76 close()
2019-08-28 12:09:00,713 [main] INFO  server.GrpcService (GrpcService.java:closeImpl(155)) - 0c3b8344-cdf9-4d1e-a488-759371ee96af: shutdown server with port 43301 now
2019-08-28 12:09:00,716 [grpc-default-executor-7] WARN  client.GrpcClientProtocolService (LogUtils.java:warn(134)) - 3-UnorderedRequestStreamObserver3: onError: org.apache.ratis.thirdparty.io.grpc.StatusRuntimeException: CANCELLED: cancelled before receiving half close
2019-08-28 12:09:00,719 [main] INFO  server.GrpcService (GrpcService.java:closeImpl(163)) - 0c3b8344-cdf9-4d1e-a488-759371ee96af: shutdown server with port 43301 successfully
2019-08-28 12:09:00,721 [refreshUsed-/workdir/hadoop-ozone/integration-test/target/test-dir/MiniOzoneClusterImpl-c6369339-b721-4289-b411-c27671099042/datanode-0/data/containers] WARN  fs.CachingGetSpaceUsed (CachingGetSpaceUsed.java:run(183)) - Thread Interrupted waiting to refresh disk information: sleep interrupted
2019-08-28 12:09:00,740 [main] INFO  utils.BackgroundService (BackgroundService.java:shutdown(148)) - Shutting down service BlockDeletingService
2019-08-28 12:09:00,747 [main] INFO  statemachine.DatanodeStateMachine (DatanodeStateMachine.java:stopDaemon(395)) - Ozone container server stopped.
2019-08-28 12:09:00,749 [main] INFO  handler.ContextHandler (ContextHandler.java:doStop(910)) - Stopped o.e.j.w.WebAppContext@7569bc9f{/,null,UNAVAILABLE}{/hddsDatanode}
2019-08-28 12:09:00,750 [main] INFO  server.AbstractConnector (AbstractConnector.java:doStop(318)) - Stopped ServerConnector@62b8dd6a{HTTP/1.1,[http/1.1]}{0.0.0.0:0}
2019-08-28 12:09:00,750 [main] INFO  handler.ContextHandler (ContextHandler.java:doStop(910)) - Stopped o.e.j.s.ServletContextHandler@6441da2c{/static,jar:file:/home/user/.m2/repository/org/apache/hadoop/hadoop-hdds-container-service/0.5.0-SNAPSHOT/hadoop-hdds-container-service-0.5.0-SNAPSHOT.jar!/webapps/static,UNAVAILABLE}
2019-08-28 12:09:00,750 [main] INFO  handler.ContextHandler (ContextHandler.java:doStop(910)) - Stopped o.e.j.s.ServletContextHandler@5c883b3f{/logs,file:///workdir/hadoop-ozone/integration-test/target/log,UNAVAILABLE}
2019-08-28 12:09:00,778 | INFO  | SCMAudit | user=jenkins1000 | ip=192.168.36.80 | op=SEND_HEARTBEAT {datanodeUUID=70ebd995-e0c0-4864-abcd-ac0b412c9683, command=[]} | ret=SUCCESS |  
2019-08-28 12:09:00,989 | INFO  | SCMAudit | user=jenkins1000 | ip=192.168.36.80 | op=SEND_HEARTBEAT {datanodeUUID=b34515dc-ef39-40c7-8939-0c9a405226e8, command=[]} | ret=SUCCESS |  
2019-08-28 12:09:01,206 | INFO  | SCMAudit | user=jenkins1000 | ip=192.168.36.80 | op=SEND_HEARTBEAT {datanodeUUID=40fea9a8-502b-40ee-85ae-dc8ed12a9c4d, command=[]} | ret=SUCCESS |  
2019-08-28 12:09:01,420 | INFO  | SCMAudit | user=jenkins1000 | ip=192.168.36.80 | op=SEND_HEARTBEAT {datanodeUUID=c236d778-ae7d-44ab-9790-03842f4247ab, command=[commandType: closeContainerCommand closeContainerCommandProto { containerID: 1 pipelineID { id: "a913ba12-8ed5-4df3-97e7-a86b04ba5b76" } cmdId: 1 force: false } ]} | ret=SUCCESS |  
2019-08-28 12:09:01,420 | INFO  | SCMAudit | user=jenkins1000 | ip=192.168.36.80 | op=SEND_HEARTBEAT {datanodeUUID=b393eaaf-48fc-4c06-ba9b-cdb8896dc2ee, command=[commandType: closeContainerCommand closeContainerCommandProto { containerID: 1 pipelineID { id: "a913ba12-8ed5-4df3-97e7-a86b04ba5b76" } cmdId: 1 force: false } ]} | ret=SUCCESS |  
2019-08-28 12:09:01,566 | INFO  | SCMAudit | user=jenkins1000 | ip=192.168.36.80 | op=SEND_HEARTBEAT {datanodeUUID=9ec19c9d-2043-406f-82f9-255ab4ee7628, command=[]} | ret=SUCCESS |  
2019-08-28 12:09:01,778 | INFO  | SCMAudit | user=jenkins1000 | ip=192.168.36.80 | op=SEND_HEARTBEAT {datanodeUUID=70ebd995-e0c0-4864-abcd-ac0b412c9683, command=[]} | ret=SUCCESS |  
2019-08-28 12:09:01,990 | INFO  | SCMAudit | user=jenkins1000 | ip=192.168.36.80 | op=SEND_HEARTBEAT {datanodeUUID=b34515dc-ef39-40c7-8939-0c9a405226e8, command=[]} | ret=SUCCESS |  
2019-08-28 12:09:02,206 | INFO  | SCMAudit | user=jenkins1000 | ip=192.168.36.80 | op=SEND_HEARTBEAT {datanodeUUID=40fea9a8-502b-40ee-85ae-dc8ed12a9c4d, command=[]} | ret=SUCCESS |  
2019-08-28 12:09:02,419 | INFO  | SCMAudit | user=jenkins1000 | ip=192.168.36.80 | op=SEND_HEARTBEAT {datanodeUUID=c236d778-ae7d-44ab-9790-03842f4247ab, command=[]} | ret=SUCCESS |  
2019-08-28 12:09:02,419 | INFO  | SCMAudit | user=jenkins1000 | ip=192.168.36.80 | op=SEND_HEARTBEAT {datanodeUUID=b393eaaf-48fc-4c06-ba9b-cdb8896dc2ee, command=[]} | ret=SUCCESS |  
2019-08-28 12:09:02,566 | INFO  | SCMAudit | user=jenkins1000 | ip=192.168.36.80 | op=SEND_HEARTBEAT {datanodeUUID=9ec19c9d-2043-406f-82f9-255ab4ee7628, command=[]} | ret=SUCCESS |  
2019-08-28 12:09:02,766 [grpc-default-executor-3] INFO  client.GrpcClientProtocolClient (GrpcClientProtocolClient.java:onNext(255)) - client-05B825CF0C11->b393eaaf-48fc-4c06-ba9b-cdb8896dc2ee: receive RaftClientReply:client-05B825CF0C11->b393eaaf-48fc-4c06-ba9b-cdb8896dc2ee@group-A86B04BA5B76, cid=185, FAILED org.apache.ratis.protocol.NotLeaderException: Server b393eaaf-48fc-4c06-ba9b-cdb8896dc2ee is not the leader (0c3b8344-cdf9-4d1e-a488-759371ee96af:192.168.36.80:43301). Request must be sent to leader., logIndex=0, commits[b393eaaf-48fc-4c06-ba9b-cdb8896dc2ee:c16, 0c3b8344-cdf9-4d1e-a488-759371ee96af:c16, c236d778-ae7d-44ab-9790-03842f4247ab:c16]
2019-08-28 12:09:02,777 | INFO  | SCMAudit | user=jenkins1000 | ip=192.168.36.80 | op=SEND_HEARTBEAT {datanodeUUID=70ebd995-e0c0-4864-abcd-ac0b412c9683, command=[]} | ret=SUCCESS |  
2019-08-28 12:09:02,990 | INFO  | SCMAudit | user=jenkins1000 | ip=192.168.36.80 | op=SEND_HEARTBEAT {datanodeUUID=b34515dc-ef39-40c7-8939-0c9a405226e8, command=[]} | ret=SUCCESS |  
2019-08-28 12:09:03,205 | INFO  | SCMAudit | user=jenkins1000 | ip=192.168.36.80 | op=SEND_HEARTBEAT {datanodeUUID=40fea9a8-502b-40ee-85ae-dc8ed12a9c4d, command=[]} | ret=SUCCESS |  
2019-08-28 12:09:03,420 | INFO  | SCMAudit | user=jenkins1000 | ip=192.168.36.80 | op=SEND_HEARTBEAT {datanodeUUID=c236d778-ae7d-44ab-9790-03842f4247ab, command=[]} | ret=SUCCESS |  
2019-08-28 12:09:03,420 | INFO  | SCMAudit | user=jenkins1000 | ip=192.168.36.80 | op=SEND_HEARTBEAT {datanodeUUID=b393eaaf-48fc-4c06-ba9b-cdb8896dc2ee, command=[]} | ret=SUCCESS |  
2019-08-28 12:09:03,435 | INFO  | SCMAudit | user=jenkins1000 | ip=192.168.36.80 | op=SEND_HEARTBEAT {datanodeUUID=b393eaaf-48fc-4c06-ba9b-cdb8896dc2ee, command=[]} | ret=SUCCESS |  
2019-08-28 12:09:03,435 | INFO  | SCMAudit | user=jenkins1000 | ip=192.168.36.80 | op=SEND_HEARTBEAT {datanodeUUID=c236d778-ae7d-44ab-9790-03842f4247ab, command=[]} | ret=SUCCESS |  
2019-08-28 12:09:03,567 | INFO  | SCMAudit | user=jenkins1000 | ip=192.168.36.80 | op=SEND_HEARTBEAT {datanodeUUID=9ec19c9d-2043-406f-82f9-255ab4ee7628, command=[]} | ret=SUCCESS |  
2019-08-28 12:09:03,778 | INFO  | SCMAudit | user=jenkins1000 | ip=192.168.36.80 | op=SEND_HEARTBEAT {datanodeUUID=70ebd995-e0c0-4864-abcd-ac0b412c9683, command=[]} | ret=SUCCESS |  
2019-08-28 12:09:03,785 [grpc-default-executor-7] INFO  client.GrpcClientProtocolClient (GrpcClientProtocolClient.java:onNext(255)) - client-05B825CF0C11->b393eaaf-48fc-4c06-ba9b-cdb8896dc2ee: receive RaftClientReply:client-05B825CF0C11->b393eaaf-48fc-4c06-ba9b-cdb8896dc2ee@group-A86B04BA5B76, cid=185, FAILED org.apache.ratis.protocol.NotLeaderException: Server b393eaaf-48fc-4c06-ba9b-cdb8896dc2ee is not the leader (0c3b8344-cdf9-4d1e-a488-759371ee96af:192.168.36.80:43301). Request must be sent to leader., logIndex=0, commits[b393eaaf-48fc-4c06-ba9b-cdb8896dc2ee:c16, 0c3b8344-cdf9-4d1e-a488-759371ee96af:c16, c236d778-ae7d-44ab-9790-03842f4247ab:c16]
2019-08-28 12:09:03,989 | INFO  | SCMAudit | user=jenkins1000 | ip=192.168.36.80 | op=SEND_HEARTBEAT {datanodeUUID=b34515dc-ef39-40c7-8939-0c9a405226e8, command=[]} | ret=SUCCESS |  
2019-08-28 12:09:04,205 | INFO  | SCMAudit | user=jenkins1000 | ip=192.168.36.80 | op=SEND_HEARTBEAT {datanodeUUID=40fea9a8-502b-40ee-85ae-dc8ed12a9c4d, command=[]} | ret=SUCCESS |  
2019-08-28 12:09:04,436 | INFO  | SCMAudit | user=jenkins1000 | ip=192.168.36.80 | op=SEND_HEARTBEAT {datanodeUUID=b393eaaf-48fc-4c06-ba9b-cdb8896dc2ee, command=[]} | ret=SUCCESS |  
2019-08-28 12:09:04,436 | INFO  | SCMAudit | user=jenkins1000 | ip=192.168.36.80 | op=SEND_HEARTBEAT {datanodeUUID=c236d778-ae7d-44ab-9790-03842f4247ab, command=[]} | ret=SUCCESS |  
2019-08-28 12:09:04,567 | INFO  | SCMAudit | user=jenkins1000 | ip=192.168.36.80 | op=SEND_HEARTBEAT {datanodeUUID=9ec19c9d-2043-406f-82f9-255ab4ee7628, command=[]} | ret=SUCCESS |  
2019-08-28 12:09:04,777 | INFO  | SCMAudit | user=jenkins1000 | ip=192.168.36.80 | op=SEND_HEARTBEAT {datanodeUUID=70ebd995-e0c0-4864-abcd-ac0b412c9683, command=[]} | ret=SUCCESS |  
2019-08-28 12:09:04,811 [grpc-default-executor-6] INFO  client.GrpcClientProtocolClient (GrpcClientProtocolClient.java:onNext(255)) - client-05B825CF0C11->b393eaaf-48fc-4c06-ba9b-cdb8896dc2ee: receive RaftClientReply:client-05B825CF0C11->b393eaaf-48fc-4c06-ba9b-cdb8896dc2ee@group-A86B04BA5B76, cid=185, FAILED org.apache.ratis.protocol.NotLeaderException: Server b393eaaf-48fc-4c06-ba9b-cdb8896dc2ee is not the leader (0c3b8344-cdf9-4d1e-a488-759371ee96af:192.168.36.80:43301). Request must be sent to leader., logIndex=0, commits[b393eaaf-48fc-4c06-ba9b-cdb8896dc2ee:c16, 0c3b8344-cdf9-4d1e-a488-759371ee96af:c16, c236d778-ae7d-44ab-9790-03842f4247ab:c16]
2019-08-28 12:09:04,990 | INFO  | SCMAudit | user=jenkins1000 | ip=192.168.36.80 | op=SEND_HEARTBEAT {datanodeUUID=b34515dc-ef39-40c7-8939-0c9a405226e8, command=[]} | ret=SUCCESS |  
2019-08-28 12:09:05,206 | INFO  | SCMAudit | user=jenkins1000 | ip=192.168.36.80 | op=SEND_HEARTBEAT {datanodeUUID=40fea9a8-502b-40ee-85ae-dc8ed12a9c4d, command=[]} | ret=SUCCESS |  
2019-08-28 12:09:05,436 | INFO  | SCMAudit | user=jenkins1000 | ip=192.168.36.80 | op=SEND_HEARTBEAT {datanodeUUID=c236d778-ae7d-44ab-9790-03842f4247ab, command=[]} | ret=SUCCESS |  
2019-08-28 12:09:05,436 | INFO  | SCMAudit | user=jenkins1000 | ip=192.168.36.80 | op=SEND_HEARTBEAT {datanodeUUID=b393eaaf-48fc-4c06-ba9b-cdb8896dc2ee, command=[]} | ret=SUCCESS |  
2019-08-28 12:09:05,567 | INFO  | SCMAudit | user=jenkins1000 | ip=192.168.36.80 | op=SEND_HEARTBEAT {datanodeUUID=9ec19c9d-2043-406f-82f9-255ab4ee7628, command=[]} | ret=SUCCESS |  
2019-08-28 12:09:05,778 | INFO  | SCMAudit | user=jenkins1000 | ip=192.168.36.80 | op=SEND_HEARTBEAT {datanodeUUID=70ebd995-e0c0-4864-abcd-ac0b412c9683, command=[]} | ret=SUCCESS |  
2019-08-28 12:09:05,827 [grpc-default-executor-3] INFO  client.GrpcClientProtocolClient (GrpcClientProtocolClient.java:onNext(255)) - client-05B825CF0C11->c236d778-ae7d-44ab-9790-03842f4247ab: receive RaftClientReply:client-05B825CF0C11->c236d778-ae7d-44ab-9790-03842f4247ab@group-A86B04BA5B76, cid=185, FAILED org.apache.ratis.protocol.NotLeaderException: Server c236d778-ae7d-44ab-9790-03842f4247ab is not the leader (0c3b8344-cdf9-4d1e-a488-759371ee96af:192.168.36.80:43301). Request must be sent to leader., logIndex=0, commits[c236d778-ae7d-44ab-9790-03842f4247ab:c16, 0c3b8344-cdf9-4d1e-a488-759371ee96af:c16, b393eaaf-48fc-4c06-ba9b-cdb8896dc2ee:c16]
2019-08-28 12:09:05,990 | INFO  | SCMAudit | user=jenkins1000 | ip=192.168.36.80 | op=SEND_HEARTBEAT {datanodeUUID=b34515dc-ef39-40c7-8939-0c9a405226e8, command=[]} | ret=SUCCESS |  
2019-08-28 12:09:06,205 | INFO  | SCMAudit | user=jenkins1000 | ip=192.168.36.80 | op=SEND_HEARTBEAT {datanodeUUID=40fea9a8-502b-40ee-85ae-dc8ed12a9c4d, command=[]} | ret=SUCCESS |  
2019-08-28 12:09:06,435 | INFO  | SCMAudit | user=jenkins1000 | ip=192.168.36.80 | op=SEND_HEARTBEAT {datanodeUUID=b393eaaf-48fc-4c06-ba9b-cdb8896dc2ee, command=[]} | ret=SUCCESS |  
2019-08-28 12:09:06,436 | INFO  | SCMAudit | user=jenkins1000 | ip=192.168.36.80 | op=SEND_HEARTBEAT {datanodeUUID=c236d778-ae7d-44ab-9790-03842f4247ab, command=[]} | ret=SUCCESS |  
2019-08-28 12:09:06,568 | INFO  | SCMAudit | user=jenkins1000 | ip=192.168.36.80 | op=SEND_HEARTBEAT {datanodeUUID=9ec19c9d-2043-406f-82f9-255ab4ee7628, command=[]} | ret=SUCCESS |  
2019-08-28 12:09:06,777 | INFO  | SCMAudit | user=jenkins1000 | ip=192.168.36.80 | op=SEND_HEARTBEAT {datanodeUUID=70ebd995-e0c0-4864-abcd-ac0b412c9683, command=[]} | ret=SUCCESS |  
2019-08-28 12:09:06,843 [grpc-default-executor-7] INFO  client.GrpcClientProtocolClient (GrpcClientProtocolClient.java:onNext(255)) - client-05B825CF0C11->b393eaaf-48fc-4c06-ba9b-cdb8896dc2ee: receive RaftClientReply:client-05B825CF0C11->b393eaaf-48fc-4c06-ba9b-cdb8896dc2ee@group-A86B04BA5B76, cid=185, FAILED org.apache.ratis.protocol.NotLeaderException: Server b393eaaf-48fc-4c06-ba9b-cdb8896dc2ee is not the leader (0c3b8344-cdf9-4d1e-a488-759371ee96af:192.168.36.80:43301). Request must be sent to leader., logIndex=0, commits[b393eaaf-48fc-4c06-ba9b-cdb8896dc2ee:c16, 0c3b8344-cdf9-4d1e-a488-759371ee96af:c16, c236d778-ae7d-44ab-9790-03842f4247ab:c16]
2019-08-28 12:09:06,990 | INFO  | SCMAudit | user=jenkins1000 | ip=192.168.36.80 | op=SEND_HEARTBEAT {datanodeUUID=b34515dc-ef39-40c7-8939-0c9a405226e8, command=[]} | ret=SUCCESS |  
2019-08-28 12:09:07,205 | INFO  | SCMAudit | user=jenkins1000 | ip=192.168.36.80 | op=SEND_HEARTBEAT {datanodeUUID=40fea9a8-502b-40ee-85ae-dc8ed12a9c4d, command=[]} | ret=SUCCESS |  
2019-08-28 12:09:07,436 | INFO  | SCMAudit | user=jenkins1000 | ip=192.168.36.80 | op=SEND_HEARTBEAT {datanodeUUID=b393eaaf-48fc-4c06-ba9b-cdb8896dc2ee, command=[]} | ret=SUCCESS |  
2019-08-28 12:09:07,436 | INFO  | SCMAudit | user=jenkins1000 | ip=192.168.36.80 | op=SEND_HEARTBEAT {datanodeUUID=c236d778-ae7d-44ab-9790-03842f4247ab, command=[]} | ret=SUCCESS |  
2019-08-28 12:09:07,568 | INFO  | SCMAudit | user=jenkins1000 | ip=192.168.36.80 | op=SEND_HEARTBEAT {datanodeUUID=9ec19c9d-2043-406f-82f9-255ab4ee7628, command=[]} | ret=SUCCESS |  
2019-08-28 12:09:07,777 | INFO  | SCMAudit | user=jenkins1000 | ip=192.168.36.80 | op=SEND_HEARTBEAT {datanodeUUID=70ebd995-e0c0-4864-abcd-ac0b412c9683, command=[]} | ret=SUCCESS |  
2019-08-28 12:09:07,864 [grpc-default-executor-3] INFO  client.GrpcClientProtocolClient (GrpcClientProtocolClient.java:onNext(255)) - client-05B825CF0C11->c236d778-ae7d-44ab-9790-03842f4247ab: receive RaftClientReply:client-05B825CF0C11->c236d778-ae7d-44ab-9790-03842f4247ab@group-A86B04BA5B76, cid=185, FAILED org.apache.ratis.protocol.NotLeaderException: Server c236d778-ae7d-44ab-9790-03842f4247ab is not the leader (0c3b8344-cdf9-4d1e-a488-759371ee96af:192.168.36.80:43301). Request must be sent to leader., logIndex=0, commits[c236d778-ae7d-44ab-9790-03842f4247ab:c16, 0c3b8344-cdf9-4d1e-a488-759371ee96af:c16, b393eaaf-48fc-4c06-ba9b-cdb8896dc2ee:c16]
2019-08-28 12:09:07,989 | INFO  | SCMAudit | user=jenkins1000 | ip=192.168.36.80 | op=SEND_HEARTBEAT {datanodeUUID=b34515dc-ef39-40c7-8939-0c9a405226e8, command=[]} | ret=SUCCESS |  
2019-08-28 12:09:08,206 | INFO  | SCMAudit | user=jenkins1000 | ip=192.168.36.80 | op=SEND_HEARTBEAT {datanodeUUID=40fea9a8-502b-40ee-85ae-dc8ed12a9c4d, command=[]} | ret=SUCCESS |  
2019-08-28 12:09:08,436 | INFO  | SCMAudit | user=jenkins1000 | ip=192.168.36.80 | op=SEND_HEARTBEAT {datanodeUUID=b393eaaf-48fc-4c06-ba9b-cdb8896dc2ee, command=[]} | ret=SUCCESS |  
2019-08-28 12:09:08,437 | INFO  | SCMAudit | user=jenkins1000 | ip=192.168.36.80 | op=SEND_HEARTBEAT {datanodeUUID=c236d778-ae7d-44ab-9790-03842f4247ab, command=[]} | ret=SUCCESS |  
2019-08-28 12:09:08,568 | INFO  | SCMAudit | user=jenkins1000 | ip=192.168.36.80 | op=SEND_HEARTBEAT {datanodeUUID=9ec19c9d-2043-406f-82f9-255ab4ee7628, command=[]} | ret=SUCCESS |  
2019-08-28 12:09:08,778 | INFO  | SCMAudit | user=jenkins1000 | ip=192.168.36.80 | op=SEND_HEARTBEAT {datanodeUUID=70ebd995-e0c0-4864-abcd-ac0b412c9683, command=[]} | ret=SUCCESS |  
2019-08-28 12:09:08,879 [grpc-default-executor-6] INFO  client.GrpcClientProtocolClient (GrpcClientProtocolClient.java:onNext(255)) - client-05B825CF0C11->c236d778-ae7d-44ab-9790-03842f4247ab: receive RaftClientReply:client-05B825CF0C11->c236d778-ae7d-44ab-9790-03842f4247ab@group-A86B04BA5B76, cid=185, FAILED org.apache.ratis.protocol.NotLeaderException: Server c236d778-ae7d-44ab-9790-03842f4247ab is not the leader (0c3b8344-cdf9-4d1e-a488-759371ee96af:192.168.36.80:43301). Request must be sent to leader., logIndex=0, commits[c236d778-ae7d-44ab-9790-03842f4247ab:c16, 0c3b8344-cdf9-4d1e-a488-759371ee96af:c16, b393eaaf-48fc-4c06-ba9b-cdb8896dc2ee:c16]
2019-08-28 12:09:08,989 | INFO  | SCMAudit | user=jenkins1000 | ip=192.168.36.80 | op=SEND_HEARTBEAT {datanodeUUID=b34515dc-ef39-40c7-8939-0c9a405226e8, command=[]} | ret=SUCCESS |  
2019-08-28 12:09:09,206 | INFO  | SCMAudit | user=jenkins1000 | ip=192.168.36.80 | op=SEND_HEARTBEAT {datanodeUUID=40fea9a8-502b-40ee-85ae-dc8ed12a9c4d, command=[]} | ret=SUCCESS |  
2019-08-28 12:09:09,436 | INFO  | SCMAudit | user=jenkins1000 | ip=192.168.36.80 | op=SEND_HEARTBEAT {datanodeUUID=b393eaaf-48fc-4c06-ba9b-cdb8896dc2ee, command=[]} | ret=SUCCESS |  
2019-08-28 12:09:09,438 | INFO  | SCMAudit | user=jenkins1000 | ip=192.168.36.80 | op=SEND_HEARTBEAT {datanodeUUID=c236d778-ae7d-44ab-9790-03842f4247ab, command=[]} | ret=SUCCESS |  
2019-08-28 12:09:09,568 | INFO  | SCMAudit | user=jenkins1000 | ip=192.168.36.80 | op=SEND_HEARTBEAT {datanodeUUID=9ec19c9d-2043-406f-82f9-255ab4ee7628, command=[]} | ret=SUCCESS |  
2019-08-28 12:09:09,617 [Thread-3578] INFO  impl.FollowerState (FollowerState.java:run(106)) - c236d778-ae7d-44ab-9790-03842f4247ab:group-A86B04BA5B76 changes to CANDIDATE, lastRpcTime:8940, electionTimeout:5070ms
2019-08-28 12:09:09,617 [Thread-3578] INFO  impl.RoleInfo (RoleInfo.java:shutdownFollowerState(121)) - c236d778-ae7d-44ab-9790-03842f4247ab: shutdown FollowerState
2019-08-28 12:09:09,618 [Thread-3578] INFO  impl.RaftServerImpl (RaftServerImpl.java:setRole(171)) - c236d778-ae7d-44ab-9790-03842f4247ab:group-A86B04BA5B76 changes role from FOLLOWER to CANDIDATE at term 1 for changeToCandidate
2019-08-28 12:09:09,618 [Thread-3578] INFO  impl.RoleInfo (RoleInfo.java:updateAndGet(143)) - c236d778-ae7d-44ab-9790-03842f4247ab: start LeaderElection
2019-08-28 12:09:09,621 [c236d778-ae7d-44ab-9790-03842f4247ab:group-A86B04BA5B76:LeaderElection67] INFO  impl.RaftServerImpl (ServerState.java:setLeader(263)) - c236d778-ae7d-44ab-9790-03842f4247ab:group-A86B04BA5B76 change Leader from 0c3b8344-cdf9-4d1e-a488-759371ee96af to null at term 1 for initElection
2019-08-28 12:09:09,635 [c236d778-ae7d-44ab-9790-03842f4247ab:group-A86B04BA5B76:LeaderElection67] INFO  impl.LeaderElection (LeaderElection.java:askForVotes(181)) - c236d778-ae7d-44ab-9790-03842f4247ab:group-A86B04BA5B76:LeaderElection67: begin an election at term 2 for 0: [0c3b8344-cdf9-4d1e-a488-759371ee96af:192.168.36.80:43301, c236d778-ae7d-44ab-9790-03842f4247ab:192.168.36.80:35772, b393eaaf-48fc-4c06-ba9b-cdb8896dc2ee:192.168.36.80:41658], old=null
2019-08-28 12:09:09,638 [c236d778-ae7d-44ab-9790-03842f4247ab:group-A86B04BA5B76:LeaderElection67] INFO  impl.LeaderElection (LogUtils.java:infoOrTrace(149)) - c236d778-ae7d-44ab-9790-03842f4247ab:group-A86B04BA5B76:LeaderElection67 got exception when requesting votes: {}
java.util.concurrent.ExecutionException: org.apache.ratis.thirdparty.io.grpc.StatusRuntimeException: UNAVAILABLE: io exception
	at java.util.concurrent.FutureTask.report(FutureTask.java:122)
	at java.util.concurrent.FutureTask.get(FutureTask.java:192)
	at org.apache.ratis.server.impl.LeaderElection.waitForResults(LeaderElection.java:262)
	at org.apache.ratis.server.impl.LeaderElection.askForVotes(LeaderElection.java:200)
	at org.apache.ratis.server.impl.LeaderElection.run(LeaderElection.java:130)
	at java.lang.Thread.run(Thread.java:748)
Caused by: org.apache.ratis.thirdparty.io.grpc.StatusRuntimeException: UNAVAILABLE: io exception
	at org.apache.ratis.thirdparty.io.grpc.stub.ClientCalls.toStatusRuntimeException(ClientCalls.java:233)
	at org.apache.ratis.thirdparty.io.grpc.stub.ClientCalls.getUnchecked(ClientCalls.java:214)
	at org.apache.ratis.thirdparty.io.grpc.stub.ClientCalls.blockingUnaryCall(ClientCalls.java:139)
	at org.apache.ratis.proto.grpc.RaftServerProtocolServiceGrpc$RaftServerProtocolServiceBlockingStub.requestVote(RaftServerProtocolServiceGrpc.java:265)
	at org.apache.ratis.grpc.server.GrpcServerProtocolClient.requestVote(GrpcServerProtocolClient.java:83)
	at org.apache.ratis.grpc.server.GrpcService.requestVote(GrpcService.java:195)
	at org.apache.ratis.server.impl.LeaderElection.lambda$submitRequests$1(LeaderElection.java:237)
	at java.util.concurrent.FutureTask.run(FutureTask.java:266)
	at java.util.concurrent.Executors$RunnableAdapter.call(Executors.java:511)
	at java.util.concurrent.FutureTask.run(FutureTask.java:266)
	at java.util.concurrent.ThreadPoolExecutor.runWorker(ThreadPoolExecutor.java:1149)
	at java.util.concurrent.ThreadPoolExecutor$Worker.run(ThreadPoolExecutor.java:624)
	... 1 more
Caused by: org.apache.ratis.thirdparty.io.netty.channel.AbstractChannel$AnnotatedConnectException: Connection refused: /192.168.36.80:43301
	at sun.nio.ch.SocketChannelImpl.checkConnect(Native Method)
	at sun.nio.ch.SocketChannelImpl.finishConnect(SocketChannelImpl.java:717)
	at org.apache.ratis.thirdparty.io.netty.channel.socket.nio.NioSocketChannel.doFinishConnect(NioSocketChannel.java:327)
	at org.apache.ratis.thirdparty.io.netty.channel.nio.AbstractNioChannel$AbstractNioUnsafe.finishConnect(AbstractNioChannel.java:340)
	at org.apache.ratis.thirdparty.io.netty.channel.nio.NioEventLoop.processSelectedKey(NioEventLoop.java:632)
	at org.apache.ratis.thirdparty.io.netty.channel.nio.NioEventLoop.processSelectedKeysOptimized(NioEventLoop.java:579)
	at org.apache.ratis.thirdparty.io.netty.channel.nio.NioEventLoop.processSelectedKeys(NioEventLoop.java:496)
	at org.apache.ratis.thirdparty.io.netty.channel.nio.NioEventLoop.run(NioEventLoop.java:458)
	at org.apache.ratis.thirdparty.io.netty.util.concurrent.SingleThreadEventExecutor$5.run(SingleThreadEventExecutor.java:897)
	at org.apache.ratis.thirdparty.io.netty.util.concurrent.FastThreadLocalRunnable.run(FastThreadLocalRunnable.java:30)
	... 1 more
Caused by: java.net.ConnectException: Connection refused
	... 11 more
2019-08-28 12:09:09,643 [grpc-default-executor-3] INFO  impl.RaftServerImpl (ServerState.java:setLeader(263)) - b393eaaf-48fc-4c06-ba9b-cdb8896dc2ee:group-A86B04BA5B76 change Leader from 0c3b8344-cdf9-4d1e-a488-759371ee96af to null at term 2 for updateCurrentTerm
2019-08-28 12:09:09,643 [grpc-default-executor-3] INFO  impl.RaftServerImpl (RaftServerImpl.java:setRole(171)) - b393eaaf-48fc-4c06-ba9b-cdb8896dc2ee:group-A86B04BA5B76 changes role from FOLLOWER to FOLLOWER at term 2 for recognizeCandidate:c236d778-ae7d-44ab-9790-03842f4247ab
2019-08-28 12:09:09,644 [grpc-default-executor-3] INFO  impl.RoleInfo (RoleInfo.java:shutdownFollowerState(121)) - b393eaaf-48fc-4c06-ba9b-cdb8896dc2ee: shutdown FollowerState
2019-08-28 12:09:09,644 [grpc-default-executor-3] INFO  impl.RoleInfo (RoleInfo.java:updateAndGet(143)) - b393eaaf-48fc-4c06-ba9b-cdb8896dc2ee: start FollowerState
2019-08-28 12:09:09,644 [Thread-3575] INFO  impl.FollowerState (FollowerState.java:run(114)) - b393eaaf-48fc-4c06-ba9b-cdb8896dc2ee: FollowerState was interrupted: java.lang.InterruptedException: sleep interrupted
2019-08-28 12:09:09,660 [c236d778-ae7d-44ab-9790-03842f4247ab:group-A86B04BA5B76:LeaderElection67] INFO  impl.LeaderElection (LeaderElection.java:logAndReturn(56)) - c236d778-ae7d-44ab-9790-03842f4247ab:group-A86B04BA5B76:LeaderElection67: Election PASSED; received 1 response(s) [c236d778-ae7d-44ab-9790-03842f4247ab<-b393eaaf-48fc-4c06-ba9b-cdb8896dc2ee#0:OK-t2] and 1 exception(s); c236d778-ae7d-44ab-9790-03842f4247ab:t2, leader=null, voted=c236d778-ae7d-44ab-9790-03842f4247ab, raftlog=c236d778-ae7d-44ab-9790-03842f4247ab-SegmentedRaftLog:OPENED:c16,f16,i16, conf=0: [0c3b8344-cdf9-4d1e-a488-759371ee96af:192.168.36.80:43301, c236d778-ae7d-44ab-9790-03842f4247ab:192.168.36.80:35772, b393eaaf-48fc-4c06-ba9b-cdb8896dc2ee:192.168.36.80:41658], old=null
2019-08-28 12:09:09,661 [c236d778-ae7d-44ab-9790-03842f4247ab:group-A86B04BA5B76:LeaderElection67] INFO  impl.LeaderElection (LogUtils.java:infoOrTrace(149)) -   Exception 0: {}
java.util.concurrent.ExecutionException: org.apache.ratis.thirdparty.io.grpc.StatusRuntimeException: UNAVAILABLE: io exception
	at java.util.concurrent.FutureTask.report(FutureTask.java:122)
	at java.util.concurrent.FutureTask.get(FutureTask.java:192)
	at org.apache.ratis.server.impl.LeaderElection.waitForResults(LeaderElection.java:262)
	at org.apache.ratis.server.impl.LeaderElection.askForVotes(LeaderElection.java:200)
	at org.apache.ratis.server.impl.LeaderElection.run(LeaderElection.java:130)
	at java.lang.Thread.run(Thread.java:748)
Caused by: org.apache.ratis.thirdparty.io.grpc.StatusRuntimeException: UNAVAILABLE: io exception
	at org.apache.ratis.thirdparty.io.grpc.stub.ClientCalls.toStatusRuntimeException(ClientCalls.java:233)
	at org.apache.ratis.thirdparty.io.grpc.stub.ClientCalls.getUnchecked(ClientCalls.java:214)
	at org.apache.ratis.thirdparty.io.grpc.stub.ClientCalls.blockingUnaryCall(ClientCalls.java:139)
	at org.apache.ratis.proto.grpc.RaftServerProtocolServiceGrpc$RaftServerProtocolServiceBlockingStub.requestVote(RaftServerProtocolServiceGrpc.java:265)
	at org.apache.ratis.grpc.server.GrpcServerProtocolClient.requestVote(GrpcServerProtocolClient.java:83)
	at org.apache.ratis.grpc.server.GrpcService.requestVote(GrpcService.java:195)
	at org.apache.ratis.server.impl.LeaderElection.lambda$submitRequests$1(LeaderElection.java:237)
	at java.util.concurrent.FutureTask.run(FutureTask.java:266)
	at java.util.concurrent.Executors$RunnableAdapter.call(Executors.java:511)
	at java.util.concurrent.FutureTask.run(FutureTask.java:266)
	at java.util.concurrent.ThreadPoolExecutor.runWorker(ThreadPoolExecutor.java:1149)
	at java.util.concurrent.ThreadPoolExecutor$Worker.run(ThreadPoolExecutor.java:624)
	... 1 more
Caused by: org.apache.ratis.thirdparty.io.netty.channel.AbstractChannel$AnnotatedConnectException: Connection refused: /192.168.36.80:43301
	at sun.nio.ch.SocketChannelImpl.checkConnect(Native Method)
	at sun.nio.ch.SocketChannelImpl.finishConnect(SocketChannelImpl.java:717)
	at org.apache.ratis.thirdparty.io.netty.channel.socket.nio.NioSocketChannel.doFinishConnect(NioSocketChannel.java:327)
	at org.apache.ratis.thirdparty.io.netty.channel.nio.AbstractNioChannel$AbstractNioUnsafe.finishConnect(AbstractNioChannel.java:340)
	at org.apache.ratis.thirdparty.io.netty.channel.nio.NioEventLoop.processSelectedKey(NioEventLoop.java:632)
	at org.apache.ratis.thirdparty.io.netty.channel.nio.NioEventLoop.processSelectedKeysOptimized(NioEventLoop.java:579)
	at org.apache.ratis.thirdparty.io.netty.channel.nio.NioEventLoop.processSelectedKeys(NioEventLoop.java:496)
	at org.apache.ratis.thirdparty.io.netty.channel.nio.NioEventLoop.run(NioEventLoop.java:458)
	at org.apache.ratis.thirdparty.io.netty.util.concurrent.SingleThreadEventExecutor$5.run(SingleThreadEventExecutor.java:897)
	at org.apache.ratis.thirdparty.io.netty.util.concurrent.FastThreadLocalRunnable.run(FastThreadLocalRunnable.java:30)
	... 1 more
Caused by: java.net.ConnectException: Connection refused
	... 11 more
2019-08-28 12:09:09,661 [c236d778-ae7d-44ab-9790-03842f4247ab:group-A86B04BA5B76:LeaderElection67] INFO  impl.RoleInfo (RoleInfo.java:shutdownLeaderElection(134)) - c236d778-ae7d-44ab-9790-03842f4247ab: shutdown LeaderElection
2019-08-28 12:09:09,661 [c236d778-ae7d-44ab-9790-03842f4247ab:group-A86B04BA5B76:LeaderElection67] INFO  impl.RaftServerImpl (RaftServerImpl.java:setRole(171)) - c236d778-ae7d-44ab-9790-03842f4247ab:group-A86B04BA5B76 changes role from CANDIDATE to LEADER at term 2 for changeToLeader
2019-08-28 12:09:09,662 [c236d778-ae7d-44ab-9790-03842f4247ab:group-A86B04BA5B76:LeaderElection67] INFO  impl.RaftServerImpl (ServerState.java:setLeader(263)) - c236d778-ae7d-44ab-9790-03842f4247ab:group-A86B04BA5B76 change Leader from null to c236d778-ae7d-44ab-9790-03842f4247ab at term 2 for becomeLeader, leader elected after 40ms
2019-08-28 12:09:09,662 [c236d778-ae7d-44ab-9790-03842f4247ab:group-A86B04BA5B76:LeaderElection67] INFO  server.RaftServerConfigKeys (ConfUtils.java:logGet(43)) - raft.server.staging.catchup.gap = 1000 (default)
2019-08-28 12:09:09,662 [c236d778-ae7d-44ab-9790-03842f4247ab:group-A86B04BA5B76:LeaderElection67] INFO  server.RaftServerConfigKeys (ConfUtils.java:logGet(43)) - raft.server.rpc.sleep.time = 25ms (default)
2019-08-28 12:09:09,662 [c236d778-ae7d-44ab-9790-03842f4247ab:group-A86B04BA5B76:LeaderElection67] INFO  server.RaftServerConfigKeys (ConfUtils.java:logGet(43)) - raft.server.write.element-limit = 4096 (default)
2019-08-28 12:09:09,662 [c236d778-ae7d-44ab-9790-03842f4247ab:group-A86B04BA5B76:LeaderElection67] INFO  server.RaftServerConfigKeys (ConfUtils.java:logGet(43)) - raft.server.watch.timeout = 10s (default)
2019-08-28 12:09:09,662 [c236d778-ae7d-44ab-9790-03842f4247ab:group-A86B04BA5B76:LeaderElection67] INFO  server.RaftServerConfigKeys (ConfUtils.java:logGet(43)) - raft.server.watch.timeout.denomination = 1s (default)
2019-08-28 12:09:09,662 [c236d778-ae7d-44ab-9790-03842f4247ab:group-A86B04BA5B76:LeaderElection67] INFO  server.RaftServerConfigKeys (ConfUtils.java:logGet(43)) - raft.server.watch.element-limit = 65536 (default)
2019-08-28 12:09:09,663 [c236d778-ae7d-44ab-9790-03842f4247ab:group-A86B04BA5B76:LeaderElection67] INFO  server.RaftServerConfigKeys (ConfUtils.java:logGet(43)) - raft.server.log.appender.snapshot.chunk.size.max = 16MB (=16777216) (default)
2019-08-28 12:09:09,663 [c236d778-ae7d-44ab-9790-03842f4247ab:group-A86B04BA5B76:LeaderElection67] INFO  server.RaftServerConfigKeys (ConfUtils.java:logGet(43)) - raft.server.log.appender.buffer.byte-limit = 33554432 (custom)
2019-08-28 12:09:09,663 [c236d778-ae7d-44ab-9790-03842f4247ab:group-A86B04BA5B76:LeaderElection67] INFO  server.RaftServerConfigKeys (ConfUtils.java:logGet(43)) - raft.server.log.appender.buffer.element-limit = 1 (custom)
2019-08-28 12:09:09,663 [c236d778-ae7d-44ab-9790-03842f4247ab:group-A86B04BA5B76:LeaderElection67] INFO  grpc.GrpcConfigKeys$Server (ConfUtils.java:logGet(43)) - raft.grpc.server.leader.outstanding.appends.max = 128 (default)
2019-08-28 12:09:09,664 [c236d778-ae7d-44ab-9790-03842f4247ab:group-A86B04BA5B76:LeaderElection67] INFO  server.RaftServerConfigKeys (ConfUtils.java:logGet(43)) - raft.server.rpc.request.timeout = 3000ms (default)
2019-08-28 12:09:09,664 [c236d778-ae7d-44ab-9790-03842f4247ab:group-A86B04BA5B76:LeaderElection67] INFO  server.RaftServerConfigKeys (ConfUtils.java:logGet(43)) - raft.server.log.appender.install.snapshot.enabled = false (custom)
2019-08-28 12:09:09,664 [c236d778-ae7d-44ab-9790-03842f4247ab:group-A86B04BA5B76:LeaderElection67] INFO  server.RaftServerConfigKeys (ConfUtils.java:logGet(43)) - raft.server.log.appender.snapshot.chunk.size.max = 16MB (=16777216) (default)
2019-08-28 12:09:09,664 [c236d778-ae7d-44ab-9790-03842f4247ab:group-A86B04BA5B76:LeaderElection67] INFO  server.RaftServerConfigKeys (ConfUtils.java:logGet(43)) - raft.server.log.appender.buffer.byte-limit = 33554432 (custom)
2019-08-28 12:09:09,664 [c236d778-ae7d-44ab-9790-03842f4247ab:group-A86B04BA5B76:LeaderElection67] INFO  server.RaftServerConfigKeys (ConfUtils.java:logGet(43)) - raft.server.log.appender.buffer.element-limit = 1 (custom)
2019-08-28 12:09:09,665 [c236d778-ae7d-44ab-9790-03842f4247ab:group-A86B04BA5B76:LeaderElection67] INFO  grpc.GrpcConfigKeys$Server (ConfUtils.java:logGet(43)) - raft.grpc.server.leader.outstanding.appends.max = 128 (default)
2019-08-28 12:09:09,665 [c236d778-ae7d-44ab-9790-03842f4247ab:group-A86B04BA5B76:LeaderElection67] INFO  server.RaftServerConfigKeys (ConfUtils.java:logGet(43)) - raft.server.rpc.request.timeout = 3000ms (default)
2019-08-28 12:09:09,665 [c236d778-ae7d-44ab-9790-03842f4247ab:group-A86B04BA5B76:LeaderElection67] INFO  server.RaftServerConfigKeys (ConfUtils.java:logGet(43)) - raft.server.log.appender.install.snapshot.enabled = false (custom)
2019-08-28 12:09:09,665 [c236d778-ae7d-44ab-9790-03842f4247ab:group-A86B04BA5B76:LeaderElection67] INFO  impl.RoleInfo (RoleInfo.java:updateAndGet(143)) - c236d778-ae7d-44ab-9790-03842f4247ab: start LeaderState
2019-08-28 12:09:09,665 [c236d778-ae7d-44ab-9790-03842f4247ab:group-A86B04BA5B76:LeaderElection67] INFO  segmented.SegmentedRaftLogWorker (SegmentedRaftLogWorker.java:rollLogSegment(385)) - c236d778-ae7d-44ab-9790-03842f4247ab-SegmentedRaftLogWorker:Storage Directory /workdir/hadoop-ozone/integration-test/target/test-dir/MiniOzoneClusterImpl-c6369339-b721-4289-b411-c27671099042/datanode-2/data/ratis/a913ba12-8ed5-4df3-97e7-a86b04ba5b76: Rolling segment log-0_16 to index:16
2019-08-28 12:09:09,666 [c236d778-ae7d-44ab-9790-03842f4247ab:group-A86B04BA5B76:LeaderElection67] INFO  impl.RaftServerImpl (ServerState.java:setRaftConf(361)) - c236d778-ae7d-44ab-9790-03842f4247ab:group-A86B04BA5B76 set configuration 17: [0c3b8344-cdf9-4d1e-a488-759371ee96af:192.168.36.80:43301, c236d778-ae7d-44ab-9790-03842f4247ab:192.168.36.80:35772, b393eaaf-48fc-4c06-ba9b-cdb8896dc2ee:192.168.36.80:41658], old=null at 17
2019-08-28 12:09:09,666 [c236d778-ae7d-44ab-9790-03842f4247ab-SegmentedRaftLogWorker:Storage Directory /workdir/hadoop-ozone/integration-test/target/test-dir/MiniOzoneClusterImpl-c6369339-b721-4289-b411-c27671099042/datanode-2/data/ratis/a913ba12-8ed5-4df3-97e7-a86b04ba5b76] INFO  segmented.SegmentedRaftLogWorker (SegmentedRaftLogWorker.java:execute(526)) - c236d778-ae7d-44ab-9790-03842f4247ab-SegmentedRaftLogWorker:Storage Directory /workdir/hadoop-ozone/integration-test/target/test-dir/MiniOzoneClusterImpl-c6369339-b721-4289-b411-c27671099042/datanode-2/data/ratis/a913ba12-8ed5-4df3-97e7-a86b04ba5b76: Rolled log segment from /workdir/hadoop-ozone/integration-test/target/test-dir/MiniOzoneClusterImpl-c6369339-b721-4289-b411-c27671099042/datanode-2/data/ratis/a913ba12-8ed5-4df3-97e7-a86b04ba5b76/current/log_inprogress_0 to /workdir/hadoop-ozone/integration-test/target/test-dir/MiniOzoneClusterImpl-c6369339-b721-4289-b411-c27671099042/datanode-2/data/ratis/a913ba12-8ed5-4df3-97e7-a86b04ba5b76/current/log_0-16
2019-08-28 12:09:09,667 [grpc-default-executor-3] WARN  server.GrpcLogAppender (LogUtils.java:warn(134)) - c236d778-ae7d-44ab-9790-03842f4247ab->0c3b8344-cdf9-4d1e-a488-759371ee96af: Failed appendEntries: org.apache.ratis.thirdparty.io.grpc.StatusRuntimeException: UNAVAILABLE: io exception
2019-08-28 12:09:09,667 [grpc-default-executor-3] INFO  impl.FollowerInfo (FollowerInfo.java:lambda$new$0(50)) - c236d778-ae7d-44ab-9790-03842f4247ab->0c3b8344-cdf9-4d1e-a488-759371ee96af: nextIndex: updateUnconditionally 17 -> 1
2019-08-28 12:09:09,667 [grpc-default-executor-6] INFO  impl.RaftServerImpl (ServerState.java:setLeader(263)) - b393eaaf-48fc-4c06-ba9b-cdb8896dc2ee:group-A86B04BA5B76 change Leader from null to c236d778-ae7d-44ab-9790-03842f4247ab at term 2 for appendEntries, leader elected after 24ms
2019-08-28 12:09:09,670 [grpc-default-executor-6] INFO  impl.RaftServerImpl (ServerState.java:setRaftConf(361)) - b393eaaf-48fc-4c06-ba9b-cdb8896dc2ee:group-A86B04BA5B76 set configuration 17: [0c3b8344-cdf9-4d1e-a488-759371ee96af:192.168.36.80:43301, c236d778-ae7d-44ab-9790-03842f4247ab:192.168.36.80:35772, b393eaaf-48fc-4c06-ba9b-cdb8896dc2ee:192.168.36.80:41658], old=null at 17
2019-08-28 12:09:09,671 [grpc-default-executor-6] INFO  segmented.SegmentedRaftLogWorker (SegmentedRaftLogWorker.java:rollLogSegment(385)) - b393eaaf-48fc-4c06-ba9b-cdb8896dc2ee-SegmentedRaftLogWorker:Storage Directory /workdir/hadoop-ozone/integration-test/target/test-dir/MiniOzoneClusterImpl-c6369339-b721-4289-b411-c27671099042/datanode-1/data/ratis/a913ba12-8ed5-4df3-97e7-a86b04ba5b76: Rolling segment log-0_16 to index:16
2019-08-28 12:09:09,671 [b393eaaf-48fc-4c06-ba9b-cdb8896dc2ee-SegmentedRaftLogWorker:Storage Directory /workdir/hadoop-ozone/integration-test/target/test-dir/MiniOzoneClusterImpl-c6369339-b721-4289-b411-c27671099042/datanode-1/data/ratis/a913ba12-8ed5-4df3-97e7-a86b04ba5b76] INFO  segmented.SegmentedRaftLogWorker (SegmentedRaftLogWorker.java:execute(526)) - b393eaaf-48fc-4c06-ba9b-cdb8896dc2ee-SegmentedRaftLogWorker:Storage Directory /workdir/hadoop-ozone/integration-test/target/test-dir/MiniOzoneClusterImpl-c6369339-b721-4289-b411-c27671099042/datanode-1/data/ratis/a913ba12-8ed5-4df3-97e7-a86b04ba5b76: Rolled log segment from /workdir/hadoop-ozone/integration-test/target/test-dir/MiniOzoneClusterImpl-c6369339-b721-4289-b411-c27671099042/datanode-1/data/ratis/a913ba12-8ed5-4df3-97e7-a86b04ba5b76/current/log_inprogress_0 to /workdir/hadoop-ozone/integration-test/target/test-dir/MiniOzoneClusterImpl-c6369339-b721-4289-b411-c27671099042/datanode-1/data/ratis/a913ba12-8ed5-4df3-97e7-a86b04ba5b76/current/log_0-16
2019-08-28 12:09:09,713 [b393eaaf-48fc-4c06-ba9b-cdb8896dc2ee-SegmentedRaftLogWorker:Storage Directory /workdir/hadoop-ozone/integration-test/target/test-dir/MiniOzoneClusterImpl-c6369339-b721-4289-b411-c27671099042/datanode-1/data/ratis/a913ba12-8ed5-4df3-97e7-a86b04ba5b76] INFO  segmented.SegmentedRaftLogWorker (SegmentedRaftLogWorker.java:execute(569)) - b393eaaf-48fc-4c06-ba9b-cdb8896dc2ee-SegmentedRaftLogWorker:Storage Directory /workdir/hadoop-ozone/integration-test/target/test-dir/MiniOzoneClusterImpl-c6369339-b721-4289-b411-c27671099042/datanode-1/data/ratis/a913ba12-8ed5-4df3-97e7-a86b04ba5b76: created new log segment /workdir/hadoop-ozone/integration-test/target/test-dir/MiniOzoneClusterImpl-c6369339-b721-4289-b411-c27671099042/datanode-1/data/ratis/a913ba12-8ed5-4df3-97e7-a86b04ba5b76/current/log_inprogress_17
2019-08-28 12:09:09,713 [c236d778-ae7d-44ab-9790-03842f4247ab-SegmentedRaftLogWorker:Storage Directory /workdir/hadoop-ozone/integration-test/target/test-dir/MiniOzoneClusterImpl-c6369339-b721-4289-b411-c27671099042/datanode-2/data/ratis/a913ba12-8ed5-4df3-97e7-a86b04ba5b76] INFO  segmented.SegmentedRaftLogWorker (SegmentedRaftLogWorker.java:execute(569)) - c236d778-ae7d-44ab-9790-03842f4247ab-SegmentedRaftLogWorker:Storage Directory /workdir/hadoop-ozone/integration-test/target/test-dir/MiniOzoneClusterImpl-c6369339-b721-4289-b411-c27671099042/datanode-2/data/ratis/a913ba12-8ed5-4df3-97e7-a86b04ba5b76: created new log segment /workdir/hadoop-ozone/integration-test/target/test-dir/MiniOzoneClusterImpl-c6369339-b721-4289-b411-c27671099042/datanode-2/data/ratis/a913ba12-8ed5-4df3-97e7-a86b04ba5b76/current/log_inprogress_17
2019-08-28 12:09:09,729 | INFO  | DNAudit | user=null | ip=null | op=READ_CHUNK {blockData=conID: 1 locID: 102694527386058766 bcsId: 0} | ret=SUCCESS |  
2019-08-28 12:09:09,732 [grpc-default-executor-7] WARN  server.GrpcLogAppender (LogUtils.java:warn(134)) - c236d778-ae7d-44ab-9790-03842f4247ab->0c3b8344-cdf9-4d1e-a488-759371ee96af: Failed appendEntries: org.apache.ratis.thirdparty.io.grpc.StatusRuntimeException: UNAVAILABLE: io exception
2019-08-28 12:09:09,732 [grpc-default-executor-7] INFO  impl.FollowerInfo (FollowerInfo.java:lambda$new$0(50)) - c236d778-ae7d-44ab-9790-03842f4247ab->0c3b8344-cdf9-4d1e-a488-759371ee96af: nextIndex: updateUnconditionally 2 -> 1
2019-08-28 12:09:09,760 [grpc-default-executor-7] WARN  server.GrpcLogAppender (LogUtils.java:warn(134)) - c236d778-ae7d-44ab-9790-03842f4247ab->0c3b8344-cdf9-4d1e-a488-759371ee96af: Failed appendEntries: org.apache.ratis.thirdparty.io.grpc.StatusRuntimeException: UNAVAILABLE: io exception
2019-08-28 12:09:09,761 [grpc-default-executor-7] INFO  impl.FollowerInfo (FollowerInfo.java:lambda$new$0(50)) - c236d778-ae7d-44ab-9790-03842f4247ab->0c3b8344-cdf9-4d1e-a488-759371ee96af: nextIndex: updateUnconditionally 2 -> 1
2019-08-28 12:09:09,778 | INFO  | SCMAudit | user=jenkins1000 | ip=192.168.36.80 | op=SEND_HEARTBEAT {datanodeUUID=70ebd995-e0c0-4864-abcd-ac0b412c9683, command=[]} | ret=SUCCESS |  
2019-08-28 12:09:09,890 | ERROR | DNAudit | user=null | ip=null | op=WRITE_CHUNK {blockData=conID: 1 locID: 102694527386058766 bcsId: 14} | ret=FAILURE | org.apache.hadoop.hdds.scm.container.common.helpers.ContainerNotOpenException: Container 1 in CLOSING state
	at org.apache.hadoop.ozone.container.common.impl.HddsDispatcher.validateContainerCommand(HddsDispatcher.java:408)
	at org.apache.hadoop.ozone.container.common.transport.server.ratis.ContainerStateMachine.startTransaction(ContainerStateMachine.java:310) 
2019-08-28 12:09:09,901 [grpc-default-executor-7] INFO  client.GrpcClientProtocolClient (GrpcClientProtocolClient.java:onNext(255)) - client-05B825CF0C11->c236d778-ae7d-44ab-9790-03842f4247ab: receive RaftClientReply:client-05B825CF0C11->c236d778-ae7d-44ab-9790-03842f4247ab@group-A86B04BA5B76, cid=185, FAILED org.apache.ratis.protocol.StateMachineException: org.apache.hadoop.hdds.scm.container.common.helpers.ContainerNotOpenException from Server c236d778-ae7d-44ab-9790-03842f4247ab: Container 1 in CLOSING state, logIndex=0, commits[c236d778-ae7d-44ab-9790-03842f4247ab:c18, 0c3b8344-cdf9-4d1e-a488-759371ee96af:c16, b393eaaf-48fc-4c06-ba9b-cdb8896dc2ee:c17]
2019-08-28 12:09:09,903 | ERROR | DNAudit | user=null | ip=null | op=WRITE_CHUNK {blockData=conID: 1 locID: 102694527386058766 bcsId: 14} | ret=FAILURE | org.apache.hadoop.hdds.scm.container.common.helpers.ContainerNotOpenException: Container 1 in CLOSING state
	at org.apache.hadoop.ozone.container.common.impl.HddsDispatcher.validateContainerCommand(HddsDispatcher.java:408)
	at org.apache.hadoop.ozone.container.common.transport.server.ratis.ContainerStateMachine.startTransaction(ContainerStateMachine.java:310) 
2019-08-28 12:09:09,908 | ERROR | DNAudit | user=null | ip=null | op=PUT_BLOCK {blockData=[blockId=conID: 1 locID: 102694527386058766 bcsId: 0,size=650]} | ret=FAILURE | org.apache.hadoop.hdds.scm.container.common.helpers.ContainerNotOpenException: Container 1 in CLOSING state
	at org.apache.hadoop.ozone.container.common.impl.HddsDispatcher.validateContainerCommand(HddsDispatcher.java:408)
	at org.apache.hadoop.ozone.container.common.transport.server.ratis.ContainerStateMachine.startTransaction(ContainerStateMachine.java:310) 
2019-08-28 12:09:09,909 [grpc-default-executor-7] INFO  client.GrpcClientProtocolClient (GrpcClientProtocolClient.java:onNext(255)) - client-05B825CF0C11->c236d778-ae7d-44ab-9790-03842f4247ab: receive RaftClientReply:client-05B825CF0C11->c236d778-ae7d-44ab-9790-03842f4247ab@group-A86B04BA5B76, cid=186, FAILED org.apache.ratis.protocol.StateMachineException: org.apache.hadoop.hdds.scm.container.common.helpers.ContainerNotOpenException from Server c236d778-ae7d-44ab-9790-03842f4247ab: Container 1 in CLOSING state, logIndex=0, commits[c236d778-ae7d-44ab-9790-03842f4247ab:c18, 0c3b8344-cdf9-4d1e-a488-759371ee96af:c16, b393eaaf-48fc-4c06-ba9b-cdb8896dc2ee:c17]
2019-08-28 12:09:09,913 | ERROR | DNAudit | user=null | ip=null | op=WRITE_CHUNK {blockData=conID: 1 locID: 102694527386058766 bcsId: 14} | ret=FAILURE | org.apache.hadoop.hdds.scm.container.common.helpers.ContainerNotOpenException: Container 1 in CLOSING state
	at org.apache.hadoop.ozone.container.common.impl.HddsDispatcher.validateContainerCommand(HddsDispatcher.java:408)
	at org.apache.hadoop.ozone.container.common.transport.server.ratis.ContainerStateMachine.startTransaction(ContainerStateMachine.java:310) 
2019-08-28 12:09:09,916 [grpc-default-executor-7] INFO  client.GrpcClientProtocolClient (GrpcClientProtocolClient.java:onNext(255)) - client-05B825CF0C11->c236d778-ae7d-44ab-9790-03842f4247ab: receive RaftClientReply:client-05B825CF0C11->c236d778-ae7d-44ab-9790-03842f4247ab@group-A86B04BA5B76, cid=187, FAILED org.apache.ratis.protocol.StateMachineException: org.apache.hadoop.hdds.scm.container.common.helpers.ContainerNotOpenException from Server c236d778-ae7d-44ab-9790-03842f4247ab: Container 1 in CLOSING state, logIndex=0, commits[c236d778-ae7d-44ab-9790-03842f4247ab:c18, 0c3b8344-cdf9-4d1e-a488-759371ee96af:c16, b393eaaf-48fc-4c06-ba9b-cdb8896dc2ee:c17]
2019-08-28 12:09:09,918 | ERROR | DNAudit | user=null | ip=null | op=WRITE_CHUNK {blockData=conID: 1 locID: 102694527386058766 bcsId: 14} | ret=FAILURE | org.apache.hadoop.hdds.scm.container.common.helpers.ContainerNotOpenException: Container 1 in CLOSING state
	at org.apache.hadoop.ozone.container.common.impl.HddsDispatcher.validateContainerCommand(HddsDispatcher.java:408)
	at org.apache.hadoop.ozone.container.common.transport.server.ratis.ContainerStateMachine.startTransaction(ContainerStateMachine.java:310) 
2019-08-28 12:09:09,921 [grpc-default-executor-7] INFO  client.GrpcClientProtocolClient (GrpcClientProtocolClient.java:onNext(255)) - client-05B825CF0C11->c236d778-ae7d-44ab-9790-03842f4247ab: receive RaftClientReply:client-05B825CF0C11->c236d778-ae7d-44ab-9790-03842f4247ab@group-A86B04BA5B76, cid=188, FAILED org.apache.ratis.protocol.StateMachineException: org.apache.hadoop.hdds.scm.container.common.helpers.ContainerNotOpenException from Server c236d778-ae7d-44ab-9790-03842f4247ab: Container 1 in CLOSING state, logIndex=0, commits[c236d778-ae7d-44ab-9790-03842f4247ab:c18, 0c3b8344-cdf9-4d1e-a488-759371ee96af:c16, b393eaaf-48fc-4c06-ba9b-cdb8896dc2ee:c17]
2019-08-28 12:09:09,925 | ERROR | DNAudit | user=null | ip=null | op=PUT_BLOCK {blockData=[blockId=conID: 1 locID: 102694527386058766 bcsId: 0,size=800]} | ret=FAILURE | org.apache.hadoop.hdds.scm.container.common.helpers.ContainerNotOpenException: Container 1 in CLOSING state
	at org.apache.hadoop.ozone.container.common.impl.HddsDispatcher.validateContainerCommand(HddsDispatcher.java:408)
	at org.apache.hadoop.ozone.container.common.transport.server.ratis.ContainerStateMachine.startTransaction(ContainerStateMachine.java:310) 
2019-08-28 12:09:09,928 [grpc-default-executor-7] INFO  client.GrpcClientProtocolClient (GrpcClientProtocolClient.java:onNext(255)) - client-05B825CF0C11->c236d778-ae7d-44ab-9790-03842f4247ab: receive RaftClientReply:client-05B825CF0C11->c236d778-ae7d-44ab-9790-03842f4247ab@group-A86B04BA5B76, cid=189, FAILED org.apache.ratis.protocol.StateMachineException: org.apache.hadoop.hdds.scm.container.common.helpers.ContainerNotOpenException from Server c236d778-ae7d-44ab-9790-03842f4247ab: Container 1 in CLOSING state, logIndex=0, commits[c236d778-ae7d-44ab-9790-03842f4247ab:c18, 0c3b8344-cdf9-4d1e-a488-759371ee96af:c16, b393eaaf-48fc-4c06-ba9b-cdb8896dc2ee:c17]
2019-08-28 12:09:09,930 [grpc-default-executor-7] INFO  client.GrpcClientProtocolClient (GrpcClientProtocolClient.java:onNext(255)) - client-05B825CF0C11->c236d778-ae7d-44ab-9790-03842f4247ab: receive RaftClientReply:client-05B825CF0C11->c236d778-ae7d-44ab-9790-03842f4247ab@group-A86B04BA5B76, cid=190, FAILED org.apache.ratis.protocol.StateMachineException: org.apache.hadoop.hdds.scm.container.common.helpers.ContainerNotOpenException from Server c236d778-ae7d-44ab-9790-03842f4247ab: Container 1 in CLOSING state, logIndex=0, commits[c236d778-ae7d-44ab-9790-03842f4247ab:c18, 0c3b8344-cdf9-4d1e-a488-759371ee96af:c16, b393eaaf-48fc-4c06-ba9b-cdb8896dc2ee:c17]
2019-08-28 12:09:09,963 | INFO  | SCMAudit | user=jenkins1000 | ip=192.168.36.80 | op=ALLOCATE_BLOCK {owner=1bb9dd05-b49b-40e8-ab8a-df0b4d5f7b83, size=800, type=RATIS, factor=THREE} | ret=SUCCESS |  
2019-08-28 12:09:09,964 | INFO  | OMAudit | user=jenkins1000 | ip=127.0.0.1 | op=ALLOCATE_BLOCK {volume=testblockoutputstream, bucket=testblockoutputstream, key=0370f510-fff3-4dca-b183-55ccb55ecbaf, dataSize=0, replicationType=null, replicationFactor=null, keyLocationInfo=null, clientID=102694527385927693} | ret=SUCCESS |  
2019-08-28 12:09:09,980 [grpc-default-executor-7] INFO  client.GrpcClientProtocolClient (GrpcClientProtocolClient.java:onNext(255)) - client-30E9F5F5CC75->70ebd995-e0c0-4864-abcd-ac0b412c9683: receive RaftClientReply:client-30E9F5F5CC75->70ebd995-e0c0-4864-abcd-ac0b412c9683@group-A169A97A269A, cid=191, FAILED org.apache.ratis.protocol.NotLeaderException: Server 70ebd995-e0c0-4864-abcd-ac0b412c9683 is not the leader (b34515dc-ef39-40c7-8939-0c9a405226e8:192.168.36.80:36166). Request must be sent to leader., logIndex=0, commits[70ebd995-e0c0-4864-abcd-ac0b412c9683:c0, 9ec19c9d-2043-406f-82f9-255ab4ee7628:c0, b34515dc-ef39-40c7-8939-0c9a405226e8:c0]
2019-08-28 12:09:09,989 | INFO  | SCMAudit | user=jenkins1000 | ip=192.168.36.80 | op=SEND_HEARTBEAT {datanodeUUID=b34515dc-ef39-40c7-8939-0c9a405226e8, command=[]} | ret=SUCCESS |  
2019-08-28 12:09:10,119 | INFO  | DNAudit | user=null | ip=null | op=WRITE_CHUNK {blockData=conID: 2 locID: 102694528611909647 bcsId: 0} | ret=SUCCESS |  
2019-08-28 12:09:10,119 | INFO  | DNAudit | user=null | ip=null | op=WRITE_CHUNK {blockData=conID: 2 locID: 102694528611909647 bcsId: 0} | ret=SUCCESS |  
2019-08-28 12:09:10,120 | INFO  | DNAudit | user=null | ip=null | op=WRITE_CHUNK {blockData=conID: 2 locID: 102694528611909647 bcsId: 0} | ret=SUCCESS |  
2019-08-28 12:09:10,120 | INFO  | SCMAudit | user=jenkins1000 | ip=192.168.36.80 | op=SEND_HEARTBEAT {datanodeUUID=70ebd995-e0c0-4864-abcd-ac0b412c9683, command=[]} | ret=SUCCESS |  
2019-08-28 12:09:10,120 | INFO  | SCMAudit | user=jenkins1000 | ip=192.168.36.80 | op=SEND_HEARTBEAT {datanodeUUID=9ec19c9d-2043-406f-82f9-255ab4ee7628, command=[]} | ret=SUCCESS |  
2019-08-28 12:09:10,120 | INFO  | SCMAudit | user=jenkins1000 | ip=192.168.36.80 | op=SEND_HEARTBEAT {datanodeUUID=b34515dc-ef39-40c7-8939-0c9a405226e8, command=[]} | ret=SUCCESS |  
2019-08-28 12:09:10,135 | INFO  | DNAudit | user=null | ip=null | op=WRITE_CHUNK {blockData=conID: 2 locID: 102694528611909647 bcsId: 0} | ret=SUCCESS |  
2019-08-28 12:09:10,141 [grpc-default-executor-7] INFO  client.GrpcClientProtocolClient (GrpcClientProtocolClient.java:onNext(255)) - client-30E9F5F5CC75->b34515dc-ef39-40c7-8939-0c9a405226e8: receive RaftClientReply:client-30E9F5F5CC75->b34515dc-ef39-40c7-8939-0c9a405226e8@group-A169A97A269A, cid=191, SUCCESS, logIndex=1, commits[b34515dc-ef39-40c7-8939-0c9a405226e8:c1, 9ec19c9d-2043-406f-82f9-255ab4ee7628:c0, 70ebd995-e0c0-4864-abcd-ac0b412c9683:c0]
2019-08-28 12:09:10,146 | INFO  | DNAudit | user=null | ip=null | op=WRITE_CHUNK {blockData=conID: 2 locID: 102694528611909647 bcsId: 0} | ret=SUCCESS |  
2019-08-28 12:09:10,158 | INFO  | DNAudit | user=null | ip=null | op=WRITE_CHUNK {blockData=conID: 2 locID: 102694528611909647 bcsId: 0} | ret=SUCCESS |  
2019-08-28 12:09:10,158 | INFO  | DNAudit | user=null | ip=null | op=WRITE_CHUNK {blockData=conID: 2 locID: 102694528611909647 bcsId: 0} | ret=SUCCESS |  
2019-08-28 12:09:10,161 | INFO  | DNAudit | user=null | ip=null | op=WRITE_CHUNK {blockData=conID: 2 locID: 102694528611909647 bcsId: 0} | ret=SUCCESS |  
2019-08-28 12:09:10,161 | INFO  | DNAudit | user=null | ip=null | op=WRITE_CHUNK {blockData=conID: 2 locID: 102694528611909647 bcsId: 0} | ret=SUCCESS |  
2019-08-28 12:09:10,161 | INFO  | DNAudit | user=null | ip=null | op=WRITE_CHUNK {blockData=conID: 2 locID: 102694528611909647 bcsId: 0} | ret=SUCCESS |  
2019-08-28 12:09:10,162 | INFO  | DNAudit | user=null | ip=null | op=WRITE_CHUNK {blockData=conID: 2 locID: 102694528611909647 bcsId: 0} | ret=SUCCESS |  
2019-08-28 12:09:10,165 | INFO  | DNAudit | user=null | ip=null | op=WRITE_CHUNK {blockData=conID: 2 locID: 102694528611909647 bcsId: 0} | ret=SUCCESS |  
2019-08-28 12:09:10,165 | INFO  | DNAudit | user=null | ip=null | op=WRITE_CHUNK {blockData=conID: 2 locID: 102694528611909647 bcsId: 0} | ret=SUCCESS |  
2019-08-28 12:09:10,166 | INFO  | DNAudit | user=null | ip=null | op=WRITE_CHUNK {blockData=conID: 2 locID: 102694528611909647 bcsId: 0} | ret=SUCCESS |  
2019-08-28 12:09:10,166 | INFO  | DNAudit | user=null | ip=null | op=WRITE_CHUNK {blockData=conID: 2 locID: 102694528611909647 bcsId: 0} | ret=SUCCESS |  
2019-08-28 12:09:10,171 | INFO  | DNAudit | user=null | ip=null | op=WRITE_CHUNK {blockData=conID: 2 locID: 102694528611909647 bcsId: 0} | ret=SUCCESS |  
2019-08-28 12:09:10,179 | INFO  | DNAudit | user=null | ip=null | op=WRITE_CHUNK {blockData=conID: 2 locID: 102694528611909647 bcsId: 0} | ret=SUCCESS |  
2019-08-28 12:09:10,179 | INFO  | DNAudit | user=null | ip=null | op=WRITE_CHUNK {blockData=conID: 2 locID: 102694528611909647 bcsId: 0} | ret=SUCCESS |  
2019-08-28 12:09:10,182 [grpc-default-executor-3] INFO  client.GrpcClientProtocolClient (GrpcClientProtocolClient.java:onNext(255)) - client-30E9F5F5CC75->b34515dc-ef39-40c7-8939-0c9a405226e8: receive RaftClientReply:client-30E9F5F5CC75->b34515dc-ef39-40c7-8939-0c9a405226e8@group-A169A97A269A, cid=192, SUCCESS, logIndex=3, commits[b34515dc-ef39-40c7-8939-0c9a405226e8:c4, 9ec19c9d-2043-406f-82f9-255ab4ee7628:c2, 70ebd995-e0c0-4864-abcd-ac0b412c9683:c1]
2019-08-28 12:09:10,206 | INFO  | SCMAudit | user=jenkins1000 | ip=192.168.36.80 | op=SEND_HEARTBEAT {datanodeUUID=40fea9a8-502b-40ee-85ae-dc8ed12a9c4d, command=[]} | ret=SUCCESS |  
2019-08-28 12:09:10,234 | INFO  | DNAudit | user=null | ip=null | op=PUT_BLOCK {blockData=[blockId=conID: 2 locID: 102694528611909647 bcsId: 0,size=200]} | ret=SUCCESS |  
2019-08-28 12:09:10,235 | INFO  | DNAudit | user=null | ip=null | op=WRITE_CHUNK {blockData=conID: 2 locID: 102694528611909647 bcsId: 0} | ret=SUCCESS |  
2019-08-28 12:09:10,236 | INFO  | DNAudit | user=null | ip=null | op=WRITE_CHUNK {blockData=conID: 2 locID: 102694528611909647 bcsId: 0} | ret=SUCCESS |  
2019-08-28 12:09:10,236 [grpc-default-executor-3] INFO  client.GrpcClientProtocolClient (GrpcClientProtocolClient.java:onNext(255)) - client-30E9F5F5CC75->b34515dc-ef39-40c7-8939-0c9a405226e8: receive RaftClientReply:client-30E9F5F5CC75->b34515dc-ef39-40c7-8939-0c9a405226e8@group-A169A97A269A, cid=193, SUCCESS, logIndex=4, commits[b34515dc-ef39-40c7-8939-0c9a405226e8:c11, 9ec19c9d-2043-406f-82f9-255ab4ee7628:c8, 70ebd995-e0c0-4864-abcd-ac0b412c9683:c8]
2019-08-28 12:09:10,237 [grpc-default-executor-3] INFO  client.GrpcClientProtocolClient (GrpcClientProtocolClient.java:onNext(255)) - client-30E9F5F5CC75->b34515dc-ef39-40c7-8939-0c9a405226e8: receive RaftClientReply:client-30E9F5F5CC75->b34515dc-ef39-40c7-8939-0c9a405226e8@group-A169A97A269A, cid=194, SUCCESS, logIndex=5, commits[b34515dc-ef39-40c7-8939-0c9a405226e8:c11, 9ec19c9d-2043-406f-82f9-255ab4ee7628:c8, 70ebd995-e0c0-4864-abcd-ac0b412c9683:c8]
2019-08-28 12:09:10,238 [grpc-default-executor-3] INFO  client.GrpcClientProtocolClient (GrpcClientProtocolClient.java:onNext(255)) - client-30E9F5F5CC75->b34515dc-ef39-40c7-8939-0c9a405226e8: receive RaftClientReply:client-30E9F5F5CC75->b34515dc-ef39-40c7-8939-0c9a405226e8@group-A169A97A269A, cid=195, SUCCESS, logIndex=6, commits[b34515dc-ef39-40c7-8939-0c9a405226e8:c11, 9ec19c9d-2043-406f-82f9-255ab4ee7628:c8, 70ebd995-e0c0-4864-abcd-ac0b412c9683:c8]
2019-08-28 12:09:10,285 | INFO  | DNAudit | user=null | ip=null | op=PUT_BLOCK {blockData=[blockId=conID: 2 locID: 102694528611909647 bcsId: 0,size=200]} | ret=SUCCESS |  
2019-08-28 12:09:10,286 | INFO  | DNAudit | user=null | ip=null | op=WRITE_CHUNK {blockData=conID: 2 locID: 102694528611909647 bcsId: 0} | ret=SUCCESS |  
2019-08-28 12:09:10,286 | INFO  | DNAudit | user=null | ip=null | op=WRITE_CHUNK {blockData=conID: 2 locID: 102694528611909647 bcsId: 0} | ret=SUCCESS |  
2019-08-28 12:09:10,319 | INFO  | DNAudit | user=null | ip=null | op=PUT_BLOCK {blockData=[blockId=conID: 2 locID: 102694528611909647 bcsId: 0,size=200]} | ret=SUCCESS |  
2019-08-28 12:09:10,319 | INFO  | DNAudit | user=null | ip=null | op=PUT_BLOCK {blockData=[blockId=conID: 2 locID: 102694528611909647 bcsId: 0,size=400]} | ret=SUCCESS |  
2019-08-28 12:09:10,319 | INFO  | DNAudit | user=null | ip=null | op=PUT_BLOCK {blockData=[blockId=conID: 2 locID: 102694528611909647 bcsId: 0,size=400]} | ret=SUCCESS |  
2019-08-28 12:09:10,320 | INFO  | DNAudit | user=null | ip=null | op=WRITE_CHUNK {blockData=conID: 2 locID: 102694528611909647 bcsId: 0} | ret=SUCCESS |  
2019-08-28 12:09:10,320 | INFO  | DNAudit | user=null | ip=null | op=WRITE_CHUNK {blockData=conID: 2 locID: 102694528611909647 bcsId: 0} | ret=SUCCESS |  
2019-08-28 12:09:10,321 | INFO  | DNAudit | user=null | ip=null | op=PUT_BLOCK {blockData=[blockId=conID: 2 locID: 102694528611909647 bcsId: 0,size=400]} | ret=SUCCESS |  
2019-08-28 12:09:10,322 [grpc-default-executor-3] INFO  client.GrpcClientProtocolClient (GrpcClientProtocolClient.java:onNext(255)) - client-30E9F5F5CC75->b34515dc-ef39-40c7-8939-0c9a405226e8: receive RaftClientReply:client-30E9F5F5CC75->b34515dc-ef39-40c7-8939-0c9a405226e8@group-A169A97A269A, cid=196, SUCCESS, logIndex=7, commits[b34515dc-ef39-40c7-8939-0c9a405226e8:c11, 9ec19c9d-2043-406f-82f9-255ab4ee7628:c8, 70ebd995-e0c0-4864-abcd-ac0b412c9683:c8]
2019-08-28 12:09:10,325 | INFO  | DNAudit | user=null | ip=null | op=WRITE_CHUNK {blockData=conID: 2 locID: 102694528611909647 bcsId: 7} | ret=SUCCESS |  
2019-08-28 12:09:10,327 | INFO  | DNAudit | user=null | ip=null | op=WRITE_CHUNK {blockData=conID: 2 locID: 102694528611909647 bcsId: 7} | ret=SUCCESS |  
2019-08-28 12:09:10,327 | INFO  | DNAudit | user=null | ip=null | op=WRITE_CHUNK {blockData=conID: 2 locID: 102694528611909647 bcsId: 7} | ret=SUCCESS |  
2019-08-28 12:09:10,343 | INFO  | DNAudit | user=null | ip=null | op=WRITE_CHUNK {blockData=conID: 2 locID: 102694528611909647 bcsId: 7} | ret=SUCCESS |  
2019-08-28 12:09:10,344 | INFO  | DNAudit | user=null | ip=null | op=PUT_BLOCK {blockData=[blockId=conID: 2 locID: 102694528611909647 bcsId: 0,size=450]} | ret=SUCCESS |  
2019-08-28 12:09:10,345 [grpc-default-executor-3] INFO  client.GrpcClientProtocolClient (GrpcClientProtocolClient.java:onNext(255)) - client-30E9F5F5CC75->b34515dc-ef39-40c7-8939-0c9a405226e8: receive RaftClientReply:client-30E9F5F5CC75->b34515dc-ef39-40c7-8939-0c9a405226e8@group-A169A97A269A, cid=197, SUCCESS, logIndex=12, commits[b34515dc-ef39-40c7-8939-0c9a405226e8:c13, 9ec19c9d-2043-406f-82f9-255ab4ee7628:c11, 70ebd995-e0c0-4864-abcd-ac0b412c9683:c11]
2019-08-28 12:09:10,346 [grpc-default-executor-3] INFO  client.GrpcClientProtocolClient (GrpcClientProtocolClient.java:onNext(255)) - client-30E9F5F5CC75->b34515dc-ef39-40c7-8939-0c9a405226e8: receive RaftClientReply:client-30E9F5F5CC75->b34515dc-ef39-40c7-8939-0c9a405226e8@group-A169A97A269A, cid=198, SUCCESS, logIndex=13, commits[b34515dc-ef39-40c7-8939-0c9a405226e8:c13, 9ec19c9d-2043-406f-82f9-255ab4ee7628:c11, 70ebd995-e0c0-4864-abcd-ac0b412c9683:c11]
2019-08-28 12:09:10,353 | INFO  | DNAudit | user=null | ip=null | op=WRITE_CHUNK {blockData=conID: 2 locID: 102694528611909647 bcsId: 7} | ret=SUCCESS |  
2019-08-28 12:09:10,354 | INFO  | DNAudit | user=null | ip=null | op=WRITE_CHUNK {blockData=conID: 2 locID: 102694528611909647 bcsId: 7} | ret=SUCCESS |  
2019-08-28 12:09:10,354 | INFO  | DNAudit | user=null | ip=null | op=PUT_BLOCK {blockData=[blockId=conID: 2 locID: 102694528611909647 bcsId: 0,size=450]} | ret=SUCCESS |  
2019-08-28 12:09:10,354 | INFO  | DNAudit | user=null | ip=null | op=PUT_BLOCK {blockData=[blockId=conID: 2 locID: 102694528611909647 bcsId: 0,size=450]} | ret=SUCCESS |  
2019-08-28 12:09:10,358 [grpc-default-executor-3] INFO  client.GrpcClientProtocolClient (GrpcClientProtocolClient.java:onNext(255)) - client-30E9F5F5CC75->b34515dc-ef39-40c7-8939-0c9a405226e8: receive RaftClientReply:client-30E9F5F5CC75->b34515dc-ef39-40c7-8939-0c9a405226e8@group-A169A97A269A, cid=199, SUCCESS, logIndex=0, commits[b34515dc-ef39-40c7-8939-0c9a405226e8:c14, 9ec19c9d-2043-406f-82f9-255ab4ee7628:c13, 70ebd995-e0c0-4864-abcd-ac0b412c9683:c13]
2019-08-28 12:09:10,359 [main] INFO  ozone.MiniOzoneClusterImpl (MiniOzoneClusterImpl.java:shutdown(323)) - Shutting down the Mini Ozone Cluster
2019-08-28 12:09:10,359 | INFO  | SCMAudit | user=null | ip=null | op=GET_SCM_INFO null | ret=SUCCESS |  
2019-08-28 12:09:10,359 [main] INFO  ozone.MiniOzoneClusterImpl (MiniOzoneClusterImpl.java:stop(339)) - Stopping the Mini Ozone Cluster
2019-08-28 12:09:10,360 [main] INFO  ozone.MiniOzoneClusterImpl (MiniOzoneClusterImpl.java:stopOM(409)) - Stopping the OzoneManager
2019-08-28 12:09:10,360 [main] INFO  ipc.Server (Server.java:stop(3082)) - Stopping server on 39878
2019-08-28 12:09:10,369 [IPC Server listener on 39878] INFO  ipc.Server (Server.java:run(1185)) - Stopping IPC Server listener on 39878
2019-08-28 12:09:10,374 [IPC Server Responder] INFO  ipc.Server (Server.java:run(1319)) - Stopping IPC Server Responder
2019-08-28 12:09:10,374 [main] INFO  ratis.OzoneManagerDoubleBuffer (OzoneManagerDoubleBuffer.java:stop(248)) - Stopping OMDoubleBuffer flush thread
2019-08-28 12:09:10,384 [OMDoubleBufferFlushThread] INFO  ratis.OzoneManagerDoubleBuffer (OzoneManagerDoubleBuffer.java:flushTransactions(191)) - OMDoubleBuffer flush thread OMDoubleBufferFlushThread is interrupted and will exit. OMDoubleBufferFlushThread
2019-08-28 12:09:10,385 [main] INFO  utils.BackgroundService (BackgroundService.java:shutdown(148)) - Shutting down service KeyDeletingService
2019-08-28 12:09:10,387 [main] INFO  handler.ContextHandler (ContextHandler.java:doStop(910)) - Stopped o.e.j.w.WebAppContext@738b93a8{/,null,UNAVAILABLE}{/ozoneManager}
2019-08-28 12:09:10,387 [main] INFO  server.AbstractConnector (AbstractConnector.java:doStop(318)) - Stopped ServerConnector@1e8c9083{HTTP/1.1,[http/1.1]}{0.0.0.0:0}
2019-08-28 12:09:10,388 [main] INFO  handler.ContextHandler (ContextHandler.java:doStop(910)) - Stopped o.e.j.s.ServletContextHandler@5f910283{/static,file:///workdir/hadoop-ozone/integration-test/target/test-classes/webapps/static,UNAVAILABLE}
2019-08-28 12:09:10,388 [main] INFO  handler.ContextHandler (ContextHandler.java:doStop(910)) - Stopped o.e.j.s.ServletContextHandler@4ab959e8{/logs,file:///workdir/hadoop-ozone/integration-test/target/log,UNAVAILABLE}
2019-08-28 12:09:10,392 [main] INFO  ozone.MiniOzoneClusterImpl (MiniOzoneClusterImpl.java:stopDatanodes(386)) - Stopping the HddsDatanodes
2019-08-28 12:09:10,392 [main] INFO  datanode.ObjectStoreHandler (ObjectStoreHandler.java:close(155)) - Closing ObjectStoreHandler.
2019-08-28 12:09:10,392 [ForkJoinPool.commonPool-worker-1] INFO  datanode.ObjectStoreHandler (ObjectStoreHandler.java:close(155)) - Closing ObjectStoreHandler.
2019-08-28 12:09:10,393 [main] INFO  ozone.HddsDatanodeService (HddsDatanodeService.java:stop(451)) - Stopped plug-in org.apache.hadoop.ozone.web.OzoneHddsDatanodeService@309d9033
2019-08-28 12:09:10,393 [ForkJoinPool.commonPool-worker-1] INFO  ozone.HddsDatanodeService (HddsDatanodeService.java:stop(451)) - Stopped plug-in org.apache.hadoop.ozone.web.OzoneHddsDatanodeService@5d9639bb
2019-08-28 12:09:10,436 [Datanode State Machine Thread - 0] INFO  statemachine.DatanodeStateMachine (DatanodeStateMachine.java:lambda$startDaemon$0(350)) - Ozone container server started.
2019-08-28 12:09:10,438 | INFO  | SCMAudit | user=jenkins1000 | ip=192.168.36.80 | op=SEND_HEARTBEAT {datanodeUUID=c236d778-ae7d-44ab-9790-03842f4247ab, command=[]} | ret=SUCCESS |  
2019-08-28 12:09:11,118 [Datanode State Machine Thread - 0] INFO  statemachine.DatanodeStateMachine (DatanodeStateMachine.java:lambda$startDaemon$0(350)) - Ozone container server started.
2019-08-28 12:09:11,119 | INFO  | SCMAudit | user=jenkins1000 | ip=192.168.36.80 | op=SEND_HEARTBEAT {datanodeUUID=9ec19c9d-2043-406f-82f9-255ab4ee7628, command=[]} | ret=SUCCESS |  
2019-08-28 12:09:11,119 | INFO  | SCMAudit | user=jenkins1000 | ip=192.168.36.80 | op=SEND_HEARTBEAT {datanodeUUID=b34515dc-ef39-40c7-8939-0c9a405226e8, command=[]} | ret=SUCCESS |  
2019-08-28 12:09:11,207 | INFO  | SCMAudit | user=jenkins1000 | ip=192.168.36.80 | op=SEND_HEARTBEAT {datanodeUUID=40fea9a8-502b-40ee-85ae-dc8ed12a9c4d, command=[]} | ret=SUCCESS |  
2019-08-28 12:09:11,438 | INFO  | SCMAudit | user=jenkins1000 | ip=192.168.36.80 | op=SEND_HEARTBEAT {datanodeUUID=c236d778-ae7d-44ab-9790-03842f4247ab, command=[]} | ret=SUCCESS |  
2019-08-28 12:09:12,120 | INFO  | SCMAudit | user=jenkins1000 | ip=192.168.36.80 | op=SEND_HEARTBEAT {datanodeUUID=b34515dc-ef39-40c7-8939-0c9a405226e8, command=[]} | ret=SUCCESS |  
2019-08-28 12:09:12,120 | INFO  | SCMAudit | user=jenkins1000 | ip=192.168.36.80 | op=SEND_HEARTBEAT {datanodeUUID=9ec19c9d-2043-406f-82f9-255ab4ee7628, command=[]} | ret=SUCCESS |  
2019-08-28 12:09:12,207 | INFO  | SCMAudit | user=jenkins1000 | ip=192.168.36.80 | op=SEND_HEARTBEAT {datanodeUUID=40fea9a8-502b-40ee-85ae-dc8ed12a9c4d, command=[]} | ret=SUCCESS |  
2019-08-28 12:09:12,261 [grpc-default-executor-3] WARN  server.GrpcLogAppender (LogUtils.java:warn(134)) - c236d778-ae7d-44ab-9790-03842f4247ab->0c3b8344-cdf9-4d1e-a488-759371ee96af: Failed appendEntries: org.apache.ratis.thirdparty.io.grpc.StatusRuntimeException: UNAVAILABLE: io exception
2019-08-28 12:09:12,262 [grpc-default-executor-3] INFO  impl.FollowerInfo (FollowerInfo.java:lambda$new$0(50)) - c236d778-ae7d-44ab-9790-03842f4247ab->0c3b8344-cdf9-4d1e-a488-759371ee96af: nextIndex: updateUnconditionally 1 -> 0
2019-08-28 12:09:12,439 | INFO  | SCMAudit | user=jenkins1000 | ip=192.168.36.80 | op=SEND_HEARTBEAT {datanodeUUID=c236d778-ae7d-44ab-9790-03842f4247ab, command=[]} | ret=SUCCESS |  
2019-08-28 12:09:13,120 | INFO  | SCMAudit | user=jenkins1000 | ip=192.168.36.80 | op=SEND_HEARTBEAT {datanodeUUID=9ec19c9d-2043-406f-82f9-255ab4ee7628, command=[]} | ret=SUCCESS |  
2019-08-28 12:09:13,120 | INFO  | SCMAudit | user=jenkins1000 | ip=192.168.36.80 | op=SEND_HEARTBEAT {datanodeUUID=b34515dc-ef39-40c7-8939-0c9a405226e8, command=[]} | ret=SUCCESS |  
2019-08-28 12:09:13,208 | INFO  | SCMAudit | user=jenkins1000 | ip=192.168.36.80 | op=SEND_HEARTBEAT {datanodeUUID=40fea9a8-502b-40ee-85ae-dc8ed12a9c4d, command=[]} | ret=SUCCESS |  
2019-08-28 12:09:13,439 | INFO  | SCMAudit | user=jenkins1000 | ip=192.168.36.80 | op=SEND_HEARTBEAT {datanodeUUID=c236d778-ae7d-44ab-9790-03842f4247ab, command=[]} | ret=SUCCESS |  
2019-08-28 12:09:14,119 | INFO  | SCMAudit | user=jenkins1000 | ip=192.168.36.80 | op=SEND_HEARTBEAT {datanodeUUID=b34515dc-ef39-40c7-8939-0c9a405226e8, command=[]} | ret=SUCCESS |  
2019-08-28 12:09:14,120 | INFO  | SCMAudit | user=jenkins1000 | ip=192.168.36.80 | op=SEND_HEARTBEAT {datanodeUUID=9ec19c9d-2043-406f-82f9-255ab4ee7628, command=[]} | ret=SUCCESS |  
2019-08-28 12:09:14,208 | INFO  | SCMAudit | user=jenkins1000 | ip=192.168.36.80 | op=SEND_HEARTBEAT {datanodeUUID=40fea9a8-502b-40ee-85ae-dc8ed12a9c4d, command=[]} | ret=SUCCESS |  
2019-08-28 12:09:14,440 | INFO  | SCMAudit | user=jenkins1000 | ip=192.168.36.80 | op=SEND_HEARTBEAT {datanodeUUID=c236d778-ae7d-44ab-9790-03842f4247ab, command=[]} | ret=SUCCESS |  
2019-08-28 12:09:14,502 [EventQueue-StaleNodeForStaleNodeHandler] INFO  node.StaleNodeHandler (StaleNodeHandler.java:onMessage(58)) - Datanode b393eaaf-48fc-4c06-ba9b-cdb8896dc2ee{ip: 192.168.36.80, host: pr-hdds-1949-gk6t9-2362663429, networkLocation: /default-rack, certSerialId: null} moved to stale state. Finalizing its pipelines [PipelineID=a913ba12-8ed5-4df3-97e7-a86b04ba5b76, PipelineID=5efa80db-40cc-4c64-b025-0d2e468d85d0]
2019-08-28 12:09:14,502 [EventQueue-StaleNodeForStaleNodeHandler] INFO  pipeline.SCMPipelineManager (SCMPipelineManager.java:finalizeAndDestroyPipeline(309)) - destroying pipeline:Pipeline[ Id: a913ba12-8ed5-4df3-97e7-a86b04ba5b76, Nodes: 0c3b8344-cdf9-4d1e-a488-759371ee96af{ip: 192.168.36.80, host: pr-hdds-1949-gk6t9-2362663429, networkLocation: /default-rack, certSerialId: null}c236d778-ae7d-44ab-9790-03842f4247ab{ip: 192.168.36.80, host: pr-hdds-1949-gk6t9-2362663429, networkLocation: /default-rack, certSerialId: null}b393eaaf-48fc-4c06-ba9b-cdb8896dc2ee{ip: 192.168.36.80, host: pr-hdds-1949-gk6t9-2362663429, networkLocation: /default-rack, certSerialId: null}, Type:RATIS, Factor:THREE, State:CLOSED]
2019-08-28 12:09:14,503 [EventQueue-StaleNodeForStaleNodeHandler] INFO  pipeline.SCMPipelineManager (SCMPipelineManager.java:finalizeAndDestroyPipeline(309)) - destroying pipeline:Pipeline[ Id: 5efa80db-40cc-4c64-b025-0d2e468d85d0, Nodes: b393eaaf-48fc-4c06-ba9b-cdb8896dc2ee{ip: 192.168.36.80, host: pr-hdds-1949-gk6t9-2362663429, networkLocation: /default-rack, certSerialId: null}, Type:RATIS, Factor:ONE, State:OPEN]
2019-08-28 12:09:14,503 [EventQueue-StaleNodeForStaleNodeHandler] INFO  pipeline.PipelineStateManager (PipelineStateManager.java:finalizePipeline(123)) - Pipeline Pipeline[ Id: 5efa80db-40cc-4c64-b025-0d2e468d85d0, Nodes: b393eaaf-48fc-4c06-ba9b-cdb8896dc2ee{ip: 192.168.36.80, host: pr-hdds-1949-gk6t9-2362663429, networkLocation: /default-rack, certSerialId: null}, Type:RATIS, Factor:ONE, State:CLOSED] moved to CLOSED state
2019-08-28 12:09:14,762 [grpc-default-executor-7] WARN  server.GrpcLogAppender (LogUtils.java:warn(134)) - c236d778-ae7d-44ab-9790-03842f4247ab->0c3b8344-cdf9-4d1e-a488-759371ee96af: Failed appendEntries: org.apache.ratis.thirdparty.io.grpc.StatusRuntimeException: UNAVAILABLE: io exception
2019-08-28 12:09:14,763 [grpc-default-executor-7] INFO  impl.FollowerInfo (FollowerInfo.java:lambda$new$0(50)) - c236d778-ae7d-44ab-9790-03842f4247ab->0c3b8344-cdf9-4d1e-a488-759371ee96af: nextIndex: updateUnconditionally 0 -> 0
2019-08-28 12:09:15,120 | INFO  | SCMAudit | user=jenkins1000 | ip=192.168.36.80 | op=SEND_HEARTBEAT {datanodeUUID=b34515dc-ef39-40c7-8939-0c9a405226e8, command=[]} | ret=SUCCESS |  
2019-08-28 12:09:15,121 | INFO  | SCMAudit | user=jenkins1000 | ip=192.168.36.80 | op=SEND_HEARTBEAT {datanodeUUID=9ec19c9d-2043-406f-82f9-255ab4ee7628, command=[]} | ret=SUCCESS |  
2019-08-28 12:09:15,203 [EventQueue-StaleNodeForStaleNodeHandler] INFO  node.StaleNodeHandler (StaleNodeHandler.java:onMessage(58)) - Datanode 70ebd995-e0c0-4864-abcd-ac0b412c9683{ip: 192.168.36.80, host: pr-hdds-1949-gk6t9-2362663429, networkLocation: /default-rack, certSerialId: null} moved to stale state. Finalizing its pipelines [PipelineID=c976e662-4da9-4237-ad63-23dfff1bae25, PipelineID=e5d547f8-6d20-4602-a88d-a169a97a269a]
2019-08-28 12:09:15,203 [EventQueue-StaleNodeForStaleNodeHandler] INFO  pipeline.SCMPipelineManager (SCMPipelineManager.java:finalizeAndDestroyPipeline(309)) - destroying pipeline:Pipeline[ Id: c976e662-4da9-4237-ad63-23dfff1bae25, Nodes: 70ebd995-e0c0-4864-abcd-ac0b412c9683{ip: 192.168.36.80, host: pr-hdds-1949-gk6t9-2362663429, networkLocation: /default-rack, certSerialId: null}, Type:RATIS, Factor:ONE, State:OPEN]
2019-08-28 12:09:15,204 [EventQueue-StaleNodeForStaleNodeHandler] INFO  pipeline.PipelineStateManager (PipelineStateManager.java:finalizePipeline(123)) - Pipeline Pipeline[ Id: c976e662-4da9-4237-ad63-23dfff1bae25, Nodes: 70ebd995-e0c0-4864-abcd-ac0b412c9683{ip: 192.168.36.80, host: pr-hdds-1949-gk6t9-2362663429, networkLocation: /default-rack, certSerialId: null}, Type:RATIS, Factor:ONE, State:CLOSED] moved to CLOSED state
2019-08-28 12:09:15,204 [EventQueue-StaleNodeForStaleNodeHandler] INFO  pipeline.SCMPipelineManager (SCMPipelineManager.java:finalizeAndDestroyPipeline(309)) - destroying pipeline:Pipeline[ Id: e5d547f8-6d20-4602-a88d-a169a97a269a, Nodes: 70ebd995-e0c0-4864-abcd-ac0b412c9683{ip: 192.168.36.80, host: pr-hdds-1949-gk6t9-2362663429, networkLocation: /default-rack, certSerialId: null}9ec19c9d-2043-406f-82f9-255ab4ee7628{ip: 192.168.36.80, host: pr-hdds-1949-gk6t9-2362663429, networkLocation: /default-rack, certSerialId: null}b34515dc-ef39-40c7-8939-0c9a405226e8{ip: 192.168.36.80, host: pr-hdds-1949-gk6t9-2362663429, networkLocation: /default-rack, certSerialId: null}, Type:RATIS, Factor:THREE, State:OPEN]
2019-08-28 12:09:15,204 [EventQueue-StaleNodeForStaleNodeHandler] INFO  pipeline.PipelineStateManager (PipelineStateManager.java:finalizePipeline(123)) - Pipeline Pipeline[ Id: e5d547f8-6d20-4602-a88d-a169a97a269a, Nodes: 70ebd995-e0c0-4864-abcd-ac0b412c9683{ip: 192.168.36.80, host: pr-hdds-1949-gk6t9-2362663429, networkLocation: /default-rack, certSerialId: null}9ec19c9d-2043-406f-82f9-255ab4ee7628{ip: 192.168.36.80, host: pr-hdds-1949-gk6t9-2362663429, networkLocation: /default-rack, certSerialId: null}b34515dc-ef39-40c7-8939-0c9a405226e8{ip: 192.168.36.80, host: pr-hdds-1949-gk6t9-2362663429, networkLocation: /default-rack, certSerialId: null}, Type:RATIS, Factor:THREE, State:CLOSED] moved to CLOSED state
2019-08-28 12:09:15,204 [EventQueue-CloseContainerForCloseContainerEventHandler] INFO  container.CloseContainerEventHandler (CloseContainerEventHandler.java:onMessage(61)) - Close container Event triggered for container : #2
2019-08-28 12:09:15,207 | INFO  | SCMAudit | user=jenkins1000 | ip=192.168.36.80 | op=SEND_HEARTBEAT {datanodeUUID=40fea9a8-502b-40ee-85ae-dc8ed12a9c4d, command=[]} | ret=SUCCESS |  
2019-08-28 12:09:15,393 [main] INFO  ozoneimpl.OzoneContainer (OzoneContainer.java:stop(215)) - Attempting to stop container services.
2019-08-28 12:09:15,393 [ForkJoinPool.commonPool-worker-1] INFO  ozoneimpl.OzoneContainer (OzoneContainer.java:stop(215)) - Attempting to stop container services.
2019-08-28 12:09:15,394 [main] INFO  impl.RaftServerProxy (RaftServerProxy.java:lambda$close$4(314)) - 70ebd995-e0c0-4864-abcd-ac0b412c9683: close
2019-08-28 12:09:15,394 [ForkJoinPool.commonPool-worker-1] INFO  impl.RaftServerProxy (RaftServerProxy.java:lambda$close$4(314)) - b393eaaf-48fc-4c06-ba9b-cdb8896dc2ee: close
2019-08-28 12:09:15,394 [main] INFO  impl.RaftServerImpl (RaftServerImpl.java:lambda$shutdown$3(245)) - 70ebd995-e0c0-4864-abcd-ac0b412c9683: shutdown group-23DFFF1BAE25
2019-08-28 12:09:15,395 [ForkJoinPool.commonPool-worker-1] INFO  impl.RaftServerImpl (RaftServerImpl.java:lambda$shutdown$3(245)) - b393eaaf-48fc-4c06-ba9b-cdb8896dc2ee: shutdown group-A86B04BA5B76
2019-08-28 12:09:15,395 [main] INFO  util.JmxRegister (JmxRegister.java:unregister(73)) - Successfully un-registered JMX Bean with object name Ratis:service=RaftServer,group=group-23DFFF1BAE25,id=70ebd995-e0c0-4864-abcd-ac0b412c9683
2019-08-28 12:09:15,395 [ForkJoinPool.commonPool-worker-1] INFO  util.JmxRegister (JmxRegister.java:unregister(73)) - Successfully un-registered JMX Bean with object name Ratis:service=RaftServer,group=group-A86B04BA5B76,id=b393eaaf-48fc-4c06-ba9b-cdb8896dc2ee
2019-08-28 12:09:15,396 [main] INFO  impl.RoleInfo (RoleInfo.java:shutdownLeaderState(104)) - 70ebd995-e0c0-4864-abcd-ac0b412c9683: shutdown LeaderState
2019-08-28 12:09:15,396 [ForkJoinPool.commonPool-worker-1] INFO  impl.RoleInfo (RoleInfo.java:shutdownFollowerState(121)) - b393eaaf-48fc-4c06-ba9b-cdb8896dc2ee: shutdown FollowerState
2019-08-28 12:09:15,396 [main] INFO  impl.PendingRequests (PendingRequests.java:sendNotLeaderResponses(202)) - 70ebd995-e0c0-4864-abcd-ac0b412c9683-PendingRequests: sendNotLeaderResponses
2019-08-28 12:09:15,397 [StateMachineUpdater:b393eaaf-48fc-4c06-ba9b-cdb8896dc2ee:group-A86B04BA5B76] INFO  ratis.ContainerStateMachine (ContainerStateMachine.java:takeSnapshot(284)) - group-A86B04BA5B76: Taking a snapshot at:(t:1, i:14) file /workdir/hadoop-ozone/integration-test/target/test-dir/MiniOzoneClusterImpl-c6369339-b721-4289-b411-c27671099042/datanode-1/data/ratis/a913ba12-8ed5-4df3-97e7-a86b04ba5b76/sm/snapshot.1_14
2019-08-28 12:09:15,397 [Thread-3718] INFO  impl.FollowerState (FollowerState.java:run(114)) - b393eaaf-48fc-4c06-ba9b-cdb8896dc2ee: FollowerState was interrupted: java.lang.InterruptedException: sleep interrupted
2019-08-28 12:09:15,397 [ForkJoinPool.commonPool-worker-1] INFO  impl.StateMachineUpdater (StateMachineUpdater.java:stopAndJoin(115)) - StateMachineUpdater:b393eaaf-48fc-4c06-ba9b-cdb8896dc2ee:group-A86B04BA5B76: set stopIndex = 18
2019-08-28 12:09:15,397 [main] INFO  impl.StateMachineUpdater (StateMachineUpdater.java:stopAndJoin(115)) - StateMachineUpdater:70ebd995-e0c0-4864-abcd-ac0b412c9683:group-23DFFF1BAE25: set stopIndex = 0
2019-08-28 12:09:15,401 [main] INFO  impl.RaftServerImpl (ServerState.java:close(394)) - 70ebd995-e0c0-4864-abcd-ac0b412c9683:group-23DFFF1BAE25 closes. The last applied log index is 0
2019-08-28 12:09:15,401 [70ebd995-e0c0-4864-abcd-ac0b412c9683-SegmentedRaftLogWorker:Storage Directory /workdir/hadoop-ozone/integration-test/target/test-dir/MiniOzoneClusterImpl-c6369339-b721-4289-b411-c27671099042/datanode-4/data/ratis/c976e662-4da9-4237-ad63-23dfff1bae25] INFO  segmented.SegmentedRaftLogWorker (SegmentedRaftLogWorker.java:run(313)) - 70ebd995-e0c0-4864-abcd-ac0b412c9683-SegmentedRaftLogWorker:Storage Directory /workdir/hadoop-ozone/integration-test/target/test-dir/MiniOzoneClusterImpl-c6369339-b721-4289-b411-c27671099042/datanode-4/data/ratis/c976e662-4da9-4237-ad63-23dfff1bae25 was interrupted, exiting. There are 0 tasks remaining in the queue.
2019-08-28 12:09:15,410 [main] INFO  segmented.SegmentedRaftLogWorker (SegmentedRaftLogWorker.java:close(228)) - 70ebd995-e0c0-4864-abcd-ac0b412c9683-SegmentedRaftLogWorker:Storage Directory /workdir/hadoop-ozone/integration-test/target/test-dir/MiniOzoneClusterImpl-c6369339-b721-4289-b411-c27671099042/datanode-4/data/ratis/c976e662-4da9-4237-ad63-23dfff1bae25 close()
2019-08-28 12:09:15,414 [StateMachineUpdater:b393eaaf-48fc-4c06-ba9b-cdb8896dc2ee:group-A86B04BA5B76] INFO  ratis.ContainerStateMachine (ContainerStateMachine.java:takeSnapshot(295)) - group-A86B04BA5B76: Finished taking a snapshot at:(t:1, i:14) file:/workdir/hadoop-ozone/integration-test/target/test-dir/MiniOzoneClusterImpl-c6369339-b721-4289-b411-c27671099042/datanode-1/data/ratis/a913ba12-8ed5-4df3-97e7-a86b04ba5b76/sm/snapshot.1_14 time:16
2019-08-28 12:09:15,414 [main] INFO  impl.RaftServerImpl (RaftServerImpl.java:lambda$shutdown$3(245)) - 70ebd995-e0c0-4864-abcd-ac0b412c9683: shutdown group-A169A97A269A
2019-08-28 12:09:15,414 [StateMachineUpdater:b393eaaf-48fc-4c06-ba9b-cdb8896dc2ee:group-A86B04BA5B76] INFO  impl.StateMachineUpdater (StateMachineUpdater.java:takeSnapshot(242)) - StateMachineUpdater:b393eaaf-48fc-4c06-ba9b-cdb8896dc2ee:group-A86B04BA5B76: Took a snapshot at index 14
2019-08-28 12:09:15,415 [main] INFO  util.JmxRegister (JmxRegister.java:unregister(73)) - Successfully un-registered JMX Bean with object name Ratis:service=RaftServer,group=group-A169A97A269A,id=70ebd995-e0c0-4864-abcd-ac0b412c9683
2019-08-28 12:09:15,415 [StateMachineUpdater:b393eaaf-48fc-4c06-ba9b-cdb8896dc2ee:group-A86B04BA5B76] INFO  impl.StateMachineUpdater (StateMachineUpdater.java:lambda$new$0(80)) - StateMachineUpdater:b393eaaf-48fc-4c06-ba9b-cdb8896dc2ee:group-A86B04BA5B76: snapshotIndex: updateIncreasingly -1 -> 14
2019-08-28 12:09:15,415 [main] INFO  impl.RoleInfo (RoleInfo.java:shutdownFollowerState(121)) - 70ebd995-e0c0-4864-abcd-ac0b412c9683: shutdown FollowerState
2019-08-28 12:09:15,416 [ForkJoinPool.commonPool-worker-1] INFO  impl.RaftServerImpl (ServerState.java:close(394)) - b393eaaf-48fc-4c06-ba9b-cdb8896dc2ee:group-A86B04BA5B76 closes. The last applied log index is 18
2019-08-28 12:09:15,416 [Thread-3597] INFO  impl.FollowerState (FollowerState.java:run(114)) - 70ebd995-e0c0-4864-abcd-ac0b412c9683: FollowerState was interrupted: java.lang.InterruptedException: sleep interrupted
2019-08-28 12:09:15,416 [StateMachineUpdater:70ebd995-e0c0-4864-abcd-ac0b412c9683:group-A169A97A269A] INFO  ratis.ContainerStateMachine (ContainerStateMachine.java:takeSnapshot(284)) - group-A169A97A269A: Taking a snapshot at:(t:1, i:13) file /workdir/hadoop-ozone/integration-test/target/test-dir/MiniOzoneClusterImpl-c6369339-b721-4289-b411-c27671099042/datanode-4/data/ratis/e5d547f8-6d20-4602-a88d-a169a97a269a/sm/snapshot.1_13
2019-08-28 12:09:15,418 [b393eaaf-48fc-4c06-ba9b-cdb8896dc2ee-SegmentedRaftLogWorker:Storage Directory /workdir/hadoop-ozone/integration-test/target/test-dir/MiniOzoneClusterImpl-c6369339-b721-4289-b411-c27671099042/datanode-1/data/ratis/a913ba12-8ed5-4df3-97e7-a86b04ba5b76] INFO  segmented.SegmentedRaftLogWorker (SegmentedRaftLogWorker.java:run(313)) - b393eaaf-48fc-4c06-ba9b-cdb8896dc2ee-SegmentedRaftLogWorker:Storage Directory /workdir/hadoop-ozone/integration-test/target/test-dir/MiniOzoneClusterImpl-c6369339-b721-4289-b411-c27671099042/datanode-1/data/ratis/a913ba12-8ed5-4df3-97e7-a86b04ba5b76 was interrupted, exiting. There are 0 tasks remaining in the queue.
2019-08-28 12:09:15,416 [main] INFO  impl.StateMachineUpdater (StateMachineUpdater.java:stopAndJoin(115)) - StateMachineUpdater:70ebd995-e0c0-4864-abcd-ac0b412c9683:group-A169A97A269A: set stopIndex = 15
2019-08-28 12:09:15,420 [ForkJoinPool.commonPool-worker-1] INFO  segmented.SegmentedRaftLogWorker (SegmentedRaftLogWorker.java:close(228)) - b393eaaf-48fc-4c06-ba9b-cdb8896dc2ee-SegmentedRaftLogWorker:Storage Directory /workdir/hadoop-ozone/integration-test/target/test-dir/MiniOzoneClusterImpl-c6369339-b721-4289-b411-c27671099042/datanode-1/data/ratis/a913ba12-8ed5-4df3-97e7-a86b04ba5b76 close()
2019-08-28 12:09:15,424 [ForkJoinPool.commonPool-worker-1] INFO  impl.RaftServerImpl (RaftServerImpl.java:lambda$shutdown$3(245)) - b393eaaf-48fc-4c06-ba9b-cdb8896dc2ee: shutdown group-0D2E468D85D0
2019-08-28 12:09:15,424 [ForkJoinPool.commonPool-worker-1] INFO  util.JmxRegister (JmxRegister.java:unregister(73)) - Successfully un-registered JMX Bean with object name Ratis:service=RaftServer,group=group-0D2E468D85D0,id=b393eaaf-48fc-4c06-ba9b-cdb8896dc2ee
2019-08-28 12:09:15,425 [ForkJoinPool.commonPool-worker-1] INFO  impl.RoleInfo (RoleInfo.java:shutdownLeaderState(104)) - b393eaaf-48fc-4c06-ba9b-cdb8896dc2ee: shutdown LeaderState
2019-08-28 12:09:15,425 [ForkJoinPool.commonPool-worker-1] INFO  impl.PendingRequests (PendingRequests.java:sendNotLeaderResponses(202)) - b393eaaf-48fc-4c06-ba9b-cdb8896dc2ee-PendingRequests: sendNotLeaderResponses
2019-08-28 12:09:15,425 [ForkJoinPool.commonPool-worker-1] INFO  impl.StateMachineUpdater (StateMachineUpdater.java:stopAndJoin(115)) - StateMachineUpdater:b393eaaf-48fc-4c06-ba9b-cdb8896dc2ee:group-0D2E468D85D0: set stopIndex = 0
2019-08-28 12:09:15,426 [ForkJoinPool.commonPool-worker-1] INFO  impl.RaftServerImpl (ServerState.java:close(394)) - b393eaaf-48fc-4c06-ba9b-cdb8896dc2ee:group-0D2E468D85D0 closes. The last applied log index is 0
2019-08-28 12:09:15,426 [b393eaaf-48fc-4c06-ba9b-cdb8896dc2ee-SegmentedRaftLogWorker:Storage Directory /workdir/hadoop-ozone/integration-test/target/test-dir/MiniOzoneClusterImpl-c6369339-b721-4289-b411-c27671099042/datanode-1/data/ratis/5efa80db-40cc-4c64-b025-0d2e468d85d0] INFO  segmented.SegmentedRaftLogWorker (SegmentedRaftLogWorker.java:run(313)) - b393eaaf-48fc-4c06-ba9b-cdb8896dc2ee-SegmentedRaftLogWorker:Storage Directory /workdir/hadoop-ozone/integration-test/target/test-dir/MiniOzoneClusterImpl-c6369339-b721-4289-b411-c27671099042/datanode-1/data/ratis/5efa80db-40cc-4c64-b025-0d2e468d85d0 was interrupted, exiting. There are 0 tasks remaining in the queue.
2019-08-28 12:09:15,428 [ForkJoinPool.commonPool-worker-1] INFO  segmented.SegmentedRaftLogWorker (SegmentedRaftLogWorker.java:close(228)) - b393eaaf-48fc-4c06-ba9b-cdb8896dc2ee-SegmentedRaftLogWorker:Storage Directory /workdir/hadoop-ozone/integration-test/target/test-dir/MiniOzoneClusterImpl-c6369339-b721-4289-b411-c27671099042/datanode-1/data/ratis/5efa80db-40cc-4c64-b025-0d2e468d85d0 close()
2019-08-28 12:09:15,432 [ForkJoinPool.commonPool-worker-1] INFO  server.GrpcService (GrpcService.java:closeImpl(155)) - b393eaaf-48fc-4c06-ba9b-cdb8896dc2ee: shutdown server with port 41658 now
2019-08-28 12:09:15,434 [grpc-default-executor-7] WARN  server.GrpcServerProtocolService (LogUtils.java:warn(134)) - b393eaaf-48fc-4c06-ba9b-cdb8896dc2ee: appendEntries onError: org.apache.ratis.thirdparty.io.grpc.StatusRuntimeException: CANCELLED: cancelled before receiving half close
2019-08-28 12:09:15,435 [grpc-default-executor-3] WARN  server.GrpcLogAppender (LogUtils.java:warn(134)) - c236d778-ae7d-44ab-9790-03842f4247ab->b393eaaf-48fc-4c06-ba9b-cdb8896dc2ee: Failed appendEntries: org.apache.ratis.thirdparty.io.grpc.StatusRuntimeException: CANCELLED: HTTP/2 error code: CANCEL
Received Rst Stream
2019-08-28 12:09:15,435 [ForkJoinPool.commonPool-worker-1] INFO  server.GrpcService (GrpcService.java:closeImpl(163)) - b393eaaf-48fc-4c06-ba9b-cdb8896dc2ee: shutdown server with port 41658 successfully
2019-08-28 12:09:15,435 [grpc-default-executor-3] INFO  impl.FollowerInfo (FollowerInfo.java:lambda$new$0(50)) - c236d778-ae7d-44ab-9790-03842f4247ab->b393eaaf-48fc-4c06-ba9b-cdb8896dc2ee: nextIndex: updateUnconditionally 19 -> 18
2019-08-28 12:09:15,440 [refreshUsed-/workdir/hadoop-ozone/integration-test/target/test-dir/MiniOzoneClusterImpl-c6369339-b721-4289-b411-c27671099042/datanode-1/data/containers] WARN  fs.CachingGetSpaceUsed (CachingGetSpaceUsed.java:run(183)) - Thread Interrupted waiting to refresh disk information: sleep interrupted
2019-08-28 12:09:15,440 | INFO  | SCMAudit | user=jenkins1000 | ip=192.168.36.80 | op=SEND_HEARTBEAT {datanodeUUID=c236d778-ae7d-44ab-9790-03842f4247ab, command=[]} | ret=SUCCESS |  
2019-08-28 12:09:15,442 [StateMachineUpdater:70ebd995-e0c0-4864-abcd-ac0b412c9683:group-A169A97A269A] INFO  ratis.ContainerStateMachine (ContainerStateMachine.java:takeSnapshot(295)) - group-A169A97A269A: Finished taking a snapshot at:(t:1, i:13) file:/workdir/hadoop-ozone/integration-test/target/test-dir/MiniOzoneClusterImpl-c6369339-b721-4289-b411-c27671099042/datanode-4/data/ratis/e5d547f8-6d20-4602-a88d-a169a97a269a/sm/snapshot.1_13 time:27
2019-08-28 12:09:15,443 [StateMachineUpdater:70ebd995-e0c0-4864-abcd-ac0b412c9683:group-A169A97A269A] INFO  impl.StateMachineUpdater (StateMachineUpdater.java:takeSnapshot(242)) - StateMachineUpdater:70ebd995-e0c0-4864-abcd-ac0b412c9683:group-A169A97A269A: Took a snapshot at index 13
2019-08-28 12:09:15,443 [StateMachineUpdater:70ebd995-e0c0-4864-abcd-ac0b412c9683:group-A169A97A269A] INFO  impl.StateMachineUpdater (StateMachineUpdater.java:lambda$new$0(80)) - StateMachineUpdater:70ebd995-e0c0-4864-abcd-ac0b412c9683:group-A169A97A269A: snapshotIndex: updateIncreasingly -1 -> 13
2019-08-28 12:09:15,443 [main] INFO  impl.RaftServerImpl (ServerState.java:close(394)) - 70ebd995-e0c0-4864-abcd-ac0b412c9683:group-A169A97A269A closes. The last applied log index is 15
2019-08-28 12:09:15,444 [70ebd995-e0c0-4864-abcd-ac0b412c9683-SegmentedRaftLogWorker:Storage Directory /workdir/hadoop-ozone/integration-test/target/test-dir/MiniOzoneClusterImpl-c6369339-b721-4289-b411-c27671099042/datanode-4/data/ratis/e5d547f8-6d20-4602-a88d-a169a97a269a] INFO  segmented.SegmentedRaftLogWorker (SegmentedRaftLogWorker.java:run(313)) - 70ebd995-e0c0-4864-abcd-ac0b412c9683-SegmentedRaftLogWorker:Storage Directory /workdir/hadoop-ozone/integration-test/target/test-dir/MiniOzoneClusterImpl-c6369339-b721-4289-b411-c27671099042/datanode-4/data/ratis/e5d547f8-6d20-4602-a88d-a169a97a269a was interrupted, exiting. There are 0 tasks remaining in the queue.
2019-08-28 12:09:15,446 [main] INFO  segmented.SegmentedRaftLogWorker (SegmentedRaftLogWorker.java:close(228)) - 70ebd995-e0c0-4864-abcd-ac0b412c9683-SegmentedRaftLogWorker:Storage Directory /workdir/hadoop-ozone/integration-test/target/test-dir/MiniOzoneClusterImpl-c6369339-b721-4289-b411-c27671099042/datanode-4/data/ratis/e5d547f8-6d20-4602-a88d-a169a97a269a close()
2019-08-28 12:09:15,449 [main] INFO  server.GrpcService (GrpcService.java:closeImpl(155)) - 70ebd995-e0c0-4864-abcd-ac0b412c9683: shutdown server with port 42813 now
2019-08-28 12:09:15,452 [grpc-default-executor-7] WARN  server.GrpcServerProtocolService (LogUtils.java:warn(134)) - 70ebd995-e0c0-4864-abcd-ac0b412c9683: appendEntries onError: org.apache.ratis.thirdparty.io.grpc.StatusRuntimeException: CANCELLED: cancelled before receiving half close
2019-08-28 12:09:15,452 [main] INFO  server.GrpcService (GrpcService.java:closeImpl(163)) - 70ebd995-e0c0-4864-abcd-ac0b412c9683: shutdown server with port 42813 successfully
2019-08-28 12:09:15,452 [grpc-default-executor-3] WARN  server.GrpcLogAppender (LogUtils.java:warn(134)) - b34515dc-ef39-40c7-8939-0c9a405226e8->70ebd995-e0c0-4864-abcd-ac0b412c9683: Failed appendEntries: org.apache.ratis.thirdparty.io.grpc.StatusRuntimeException: CANCELLED: HTTP/2 error code: CANCEL
Received Rst Stream
2019-08-28 12:09:15,452 [grpc-default-executor-3] INFO  impl.FollowerInfo (FollowerInfo.java:lambda$new$0(50)) - b34515dc-ef39-40c7-8939-0c9a405226e8->70ebd995-e0c0-4864-abcd-ac0b412c9683: nextIndex: updateUnconditionally 16 -> 15
2019-08-28 12:09:15,456 [refreshUsed-/workdir/hadoop-ozone/integration-test/target/test-dir/MiniOzoneClusterImpl-c6369339-b721-4289-b411-c27671099042/datanode-4/data/containers] WARN  fs.CachingGetSpaceUsed (CachingGetSpaceUsed.java:run(183)) - Thread Interrupted waiting to refresh disk information: sleep interrupted
2019-08-28 12:09:15,464 [ForkJoinPool.commonPool-worker-1] INFO  utils.BackgroundService (BackgroundService.java:shutdown(148)) - Shutting down service BlockDeletingService
2019-08-28 12:09:15,468 [ForkJoinPool.commonPool-worker-1] INFO  statemachine.DatanodeStateMachine (DatanodeStateMachine.java:stopDaemon(395)) - Ozone container server stopped.
2019-08-28 12:09:15,473 [ForkJoinPool.commonPool-worker-1] INFO  handler.ContextHandler (ContextHandler.java:doStop(910)) - Stopped o.e.j.w.WebAppContext@1cd4082a{/,null,UNAVAILABLE}{/hddsDatanode}
2019-08-28 12:09:15,474 [ForkJoinPool.commonPool-worker-1] INFO  server.AbstractConnector (AbstractConnector.java:doStop(318)) - Stopped ServerConnector@78c34153{HTTP/1.1,[http/1.1]}{0.0.0.0:0}
2019-08-28 12:09:15,475 [ForkJoinPool.commonPool-worker-1] INFO  handler.ContextHandler (ContextHandler.java:doStop(910)) - Stopped o.e.j.s.ServletContextHandler@6592a73b{/static,jar:file:/home/user/.m2/repository/org/apache/hadoop/hadoop-hdds-container-service/0.5.0-SNAPSHOT/hadoop-hdds-container-service-0.5.0-SNAPSHOT.jar!/webapps/static,UNAVAILABLE}
2019-08-28 12:09:15,477 [ForkJoinPool.commonPool-worker-1] INFO  handler.ContextHandler (ContextHandler.java:doStop(910)) - Stopped o.e.j.s.ServletContextHandler@520034a{/logs,file:///workdir/hadoop-ozone/integration-test/target/log,UNAVAILABLE}
2019-08-28 12:09:15,478 [ForkJoinPool.commonPool-worker-1] INFO  datanode.ObjectStoreHandler (ObjectStoreHandler.java:close(155)) - Closing ObjectStoreHandler.
2019-08-28 12:09:15,478 [ForkJoinPool.commonPool-worker-1] INFO  ozone.HddsDatanodeService (HddsDatanodeService.java:stop(451)) - Stopped plug-in org.apache.hadoop.ozone.web.OzoneHddsDatanodeService@6915b614
2019-08-28 12:09:15,480 [main] INFO  utils.BackgroundService (BackgroundService.java:shutdown(148)) - Shutting down service BlockDeletingService
2019-08-28 12:09:15,484 [main] INFO  statemachine.DatanodeStateMachine (DatanodeStateMachine.java:stopDaemon(395)) - Ozone container server stopped.
2019-08-28 12:09:15,485 [main] INFO  handler.ContextHandler (ContextHandler.java:doStop(910)) - Stopped o.e.j.w.WebAppContext@4e293c35{/,null,UNAVAILABLE}{/hddsDatanode}
2019-08-28 12:09:15,486 [main] INFO  server.AbstractConnector (AbstractConnector.java:doStop(318)) - Stopped ServerConnector@718198db{HTTP/1.1,[http/1.1]}{0.0.0.0:0}
2019-08-28 12:09:15,486 [main] INFO  handler.ContextHandler (ContextHandler.java:doStop(910)) - Stopped o.e.j.s.ServletContextHandler@49de2cc4{/static,jar:file:/home/user/.m2/repository/org/apache/hadoop/hadoop-hdds-container-service/0.5.0-SNAPSHOT/hadoop-hdds-container-service-0.5.0-SNAPSHOT.jar!/webapps/static,UNAVAILABLE}
2019-08-28 12:09:15,486 [main] INFO  handler.ContextHandler (ContextHandler.java:doStop(910)) - Stopped o.e.j.s.ServletContextHandler@500e995b{/logs,file:///workdir/hadoop-ozone/integration-test/target/log,UNAVAILABLE}
2019-08-28 12:09:15,487 [main] INFO  datanode.ObjectStoreHandler (ObjectStoreHandler.java:close(155)) - Closing ObjectStoreHandler.
2019-08-28 12:09:15,488 [main] INFO  ozone.HddsDatanodeService (HddsDatanodeService.java:stop(451)) - Stopped plug-in org.apache.hadoop.ozone.web.OzoneHddsDatanodeService@4dc10682
2019-08-28 12:09:16,120 [Datanode State Machine Thread - 0] INFO  statemachine.DatanodeStateMachine (DatanodeStateMachine.java:lambda$startDaemon$0(350)) - Ozone container server started.
2019-08-28 12:09:16,121 | INFO  | SCMAudit | user=jenkins1000 | ip=192.168.36.80 | op=SEND_HEARTBEAT {datanodeUUID=b34515dc-ef39-40c7-8939-0c9a405226e8, command=[commandType: closeContainerCommand closeContainerCommandProto { containerID: 2 pipelineID { id: "e5d547f8-6d20-4602-a88d-a169a97a269a" } cmdId: 2 force: false } ]} | ret=SUCCESS |  
2019-08-28 12:09:16,207 | INFO  | SCMAudit | user=jenkins1000 | ip=192.168.36.80 | op=SEND_HEARTBEAT {datanodeUUID=40fea9a8-502b-40ee-85ae-dc8ed12a9c4d, command=[]} | ret=SUCCESS |  
2019-08-28 12:09:16,439 [Datanode State Machine Thread - 0] INFO  statemachine.DatanodeStateMachine (DatanodeStateMachine.java:lambda$startDaemon$0(350)) - Ozone container server started.
2019-08-28 12:09:17,120 | INFO  | SCMAudit | user=jenkins1000 | ip=192.168.36.80 | op=SEND_HEARTBEAT {datanodeUUID=b34515dc-ef39-40c7-8939-0c9a405226e8, command=[]} | ret=SUCCESS |  
2019-08-28 12:09:17,126 | INFO  | SCMAudit | user=jenkins1000 | ip=192.168.36.80 | op=SEND_HEARTBEAT {datanodeUUID=b34515dc-ef39-40c7-8939-0c9a405226e8, command=[]} | ret=SUCCESS |  
2019-08-28 12:09:17,128 [grpc-default-executor-3] WARN  server.GrpcLogAppender (LogUtils.java:warn(134)) - b34515dc-ef39-40c7-8939-0c9a405226e8->70ebd995-e0c0-4864-abcd-ac0b412c9683: Failed appendEntries: org.apache.ratis.thirdparty.io.grpc.StatusRuntimeException: UNAVAILABLE: io exception
2019-08-28 12:09:17,128 [grpc-default-executor-3] INFO  impl.FollowerInfo (FollowerInfo.java:lambda$new$0(50)) - b34515dc-ef39-40c7-8939-0c9a405226e8->70ebd995-e0c0-4864-abcd-ac0b412c9683: nextIndex: updateUnconditionally 16 -> 15
2019-08-28 12:09:17,130 [grpc-default-executor-6] WARN  server.GrpcLogAppender (LogUtils.java:warn(134)) - b34515dc-ef39-40c7-8939-0c9a405226e8->70ebd995-e0c0-4864-abcd-ac0b412c9683: Failed appendEntries: org.apache.ratis.thirdparty.io.grpc.StatusRuntimeException: UNAVAILABLE: io exception
2019-08-28 12:09:17,130 [grpc-default-executor-6] INFO  impl.FollowerInfo (FollowerInfo.java:lambda$new$0(50)) - b34515dc-ef39-40c7-8939-0c9a405226e8->70ebd995-e0c0-4864-abcd-ac0b412c9683: nextIndex: updateUnconditionally 16 -> 15
2019-08-28 12:09:17,135 [grpc-default-executor-3] WARN  server.GrpcLogAppender (LogUtils.java:warn(134)) - b34515dc-ef39-40c7-8939-0c9a405226e8->70ebd995-e0c0-4864-abcd-ac0b412c9683: Failed appendEntries: org.apache.ratis.thirdparty.io.grpc.StatusRuntimeException: UNAVAILABLE: io exception
2019-08-28 12:09:17,135 [grpc-default-executor-3] INFO  impl.FollowerInfo (FollowerInfo.java:lambda$new$0(50)) - b34515dc-ef39-40c7-8939-0c9a405226e8->70ebd995-e0c0-4864-abcd-ac0b412c9683: nextIndex: updateUnconditionally 16 -> 15
2019-08-28 12:09:17,135 [RatisApplyTransactionExecutor 2] INFO  interfaces.Container (KeyValueContainer.java:flushAndSyncDB(382)) - Container 2 is synced with bcsId 13.
2019-08-28 12:09:17,135 [RatisApplyTransactionExecutor 2] INFO  interfaces.Container (KeyValueContainer.java:flushAndSyncDB(382)) - Container 2 is synced with bcsId 13.
2019-08-28 12:09:17,142 | INFO  | DNAudit | user=null | ip=null | op=CLOSE_CONTAINER {containerID=2} | ret=SUCCESS |  
2019-08-28 12:09:17,142 [RatisApplyTransactionExecutor 2] INFO  interfaces.Container (KeyValueContainer.java:flushAndSyncDB(382)) - Container 2 is synced with bcsId 13.
2019-08-28 12:09:17,142 [RatisApplyTransactionExecutor 2] INFO  interfaces.Container (KeyValueContainer.java:flushAndSyncDB(382)) - Container 2 is synced with bcsId 13.
2019-08-28 12:09:17,143 | INFO  | SCMAudit | user=jenkins1000 | ip=192.168.36.80 | op=SEND_HEARTBEAT {datanodeUUID=b34515dc-ef39-40c7-8939-0c9a405226e8, command=[]} | ret=SUCCESS |  
2019-08-28 12:09:17,143 [EventQueue-IncrementalContainerReportForIncrementalContainerReportHandler] INFO  container.IncrementalContainerReportHandler (AbstractContainerReportHandler.java:updateContainerState(176)) - Moving container #2 to CLOSED state, datanode b34515dc-ef39-40c7-8939-0c9a405226e8{ip: 192.168.36.80, host: pr-hdds-1949-gk6t9-2362663429, networkLocation: /default-rack, certSerialId: null} reported CLOSED replica.
2019-08-28 12:09:17,147 | INFO  | DNAudit | user=null | ip=null | op=CLOSE_CONTAINER {containerID=2} | ret=SUCCESS |  
2019-08-28 12:09:17,208 | INFO  | SCMAudit | user=jenkins1000 | ip=192.168.36.80 | op=SEND_HEARTBEAT {datanodeUUID=40fea9a8-502b-40ee-85ae-dc8ed12a9c4d, command=[]} | ret=SUCCESS |  
2019-08-28 12:09:17,247 [grpc-default-executor-3] WARN  server.GrpcLogAppender (LogUtils.java:warn(134)) - c236d778-ae7d-44ab-9790-03842f4247ab->b393eaaf-48fc-4c06-ba9b-cdb8896dc2ee: Failed appendEntries: org.apache.ratis.thirdparty.io.grpc.StatusRuntimeException: UNAVAILABLE: io exception
2019-08-28 12:09:17,247 [grpc-default-executor-3] INFO  impl.FollowerInfo (FollowerInfo.java:lambda$new$0(50)) - c236d778-ae7d-44ab-9790-03842f4247ab->b393eaaf-48fc-4c06-ba9b-cdb8896dc2ee: nextIndex: updateUnconditionally 18 -> 17
2019-08-28 12:09:17,262 [grpc-default-executor-3] WARN  server.GrpcLogAppender (LogUtils.java:warn(134)) - c236d778-ae7d-44ab-9790-03842f4247ab->0c3b8344-cdf9-4d1e-a488-759371ee96af: Failed appendEntries: org.apache.ratis.thirdparty.io.grpc.StatusRuntimeException: UNAVAILABLE: io exception
2019-08-28 12:09:17,262 [grpc-default-executor-3] INFO  impl.FollowerInfo (FollowerInfo.java:lambda$new$0(50)) - c236d778-ae7d-44ab-9790-03842f4247ab->0c3b8344-cdf9-4d1e-a488-759371ee96af: nextIndex: updateUnconditionally 0 -> 0
2019-08-28 12:09:18,143 | INFO  | SCMAudit | user=jenkins1000 | ip=192.168.36.80 | op=SEND_HEARTBEAT {datanodeUUID=b34515dc-ef39-40c7-8939-0c9a405226e8, command=[]} | ret=SUCCESS |  
2019-08-28 12:09:18,208 | INFO  | SCMAudit | user=jenkins1000 | ip=192.168.36.80 | op=SEND_HEARTBEAT {datanodeUUID=40fea9a8-502b-40ee-85ae-dc8ed12a9c4d, command=[]} | ret=SUCCESS |  
2019-08-28 12:09:19,143 | INFO  | SCMAudit | user=jenkins1000 | ip=192.168.36.80 | op=SEND_HEARTBEAT {datanodeUUID=b34515dc-ef39-40c7-8939-0c9a405226e8, command=[]} | ret=SUCCESS |  
2019-08-28 12:09:19,207 | INFO  | SCMAudit | user=jenkins1000 | ip=192.168.36.80 | op=SEND_HEARTBEAT {datanodeUUID=40fea9a8-502b-40ee-85ae-dc8ed12a9c4d, command=[]} | ret=SUCCESS |  
2019-08-28 12:09:19,636 [grpc-default-executor-7] WARN  server.GrpcLogAppender (LogUtils.java:warn(134)) - b34515dc-ef39-40c7-8939-0c9a405226e8->70ebd995-e0c0-4864-abcd-ac0b412c9683: Failed appendEntries: org.apache.ratis.thirdparty.io.grpc.StatusRuntimeException: UNAVAILABLE: io exception
2019-08-28 12:09:19,636 [grpc-default-executor-7] INFO  impl.FollowerInfo (FollowerInfo.java:lambda$new$0(50)) - b34515dc-ef39-40c7-8939-0c9a405226e8->70ebd995-e0c0-4864-abcd-ac0b412c9683: nextIndex: updateUnconditionally 15 -> 14
2019-08-28 12:09:19,747 [grpc-default-executor-7] WARN  server.GrpcLogAppender (LogUtils.java:warn(134)) - c236d778-ae7d-44ab-9790-03842f4247ab->b393eaaf-48fc-4c06-ba9b-cdb8896dc2ee: Failed appendEntries: org.apache.ratis.thirdparty.io.grpc.StatusRuntimeException: UNAVAILABLE: io exception
2019-08-28 12:09:19,748 [grpc-default-executor-7] INFO  impl.FollowerInfo (FollowerInfo.java:lambda$new$0(50)) - c236d778-ae7d-44ab-9790-03842f4247ab->b393eaaf-48fc-4c06-ba9b-cdb8896dc2ee: nextIndex: updateUnconditionally 17 -> 16
2019-08-28 12:09:19,762 [grpc-default-executor-3] WARN  server.GrpcLogAppender (LogUtils.java:warn(134)) - c236d778-ae7d-44ab-9790-03842f4247ab->0c3b8344-cdf9-4d1e-a488-759371ee96af: Failed appendEntries: org.apache.ratis.thirdparty.io.grpc.StatusRuntimeException: UNAVAILABLE: io exception
2019-08-28 12:09:19,763 [grpc-default-executor-3] INFO  impl.FollowerInfo (FollowerInfo.java:lambda$new$0(50)) - c236d778-ae7d-44ab-9790-03842f4247ab->0c3b8344-cdf9-4d1e-a488-759371ee96af: nextIndex: updateUnconditionally 0 -> 0
2019-08-28 12:09:20,148 | INFO  | SCMAudit | user=jenkins1000 | ip=192.168.36.80 | op=SEND_HEARTBEAT {datanodeUUID=b34515dc-ef39-40c7-8939-0c9a405226e8, command=[]} | ret=SUCCESS |  
2019-08-28 12:09:20,207 | INFO  | SCMAudit | user=jenkins1000 | ip=192.168.36.80 | op=SEND_HEARTBEAT {datanodeUUID=40fea9a8-502b-40ee-85ae-dc8ed12a9c4d, command=[]} | ret=SUCCESS |  
2019-08-28 12:09:20,209 [EventQueue-StaleNodeForStaleNodeHandler] INFO  node.StaleNodeHandler (StaleNodeHandler.java:onMessage(58)) - Datanode 9ec19c9d-2043-406f-82f9-255ab4ee7628{ip: 192.168.36.80, host: pr-hdds-1949-gk6t9-2362663429, networkLocation: /default-rack, certSerialId: null} moved to stale state. Finalizing its pipelines [PipelineID=67e799e3-ac5c-4d2c-be58-9047f5e6073c, PipelineID=e5d547f8-6d20-4602-a88d-a169a97a269a]
2019-08-28 12:09:20,209 [EventQueue-StaleNodeForStaleNodeHandler] INFO  pipeline.SCMPipelineManager (SCMPipelineManager.java:finalizeAndDestroyPipeline(309)) - destroying pipeline:Pipeline[ Id: 67e799e3-ac5c-4d2c-be58-9047f5e6073c, Nodes: 9ec19c9d-2043-406f-82f9-255ab4ee7628{ip: 192.168.36.80, host: pr-hdds-1949-gk6t9-2362663429, networkLocation: /default-rack, certSerialId: null}, Type:RATIS, Factor:ONE, State:OPEN]
2019-08-28 12:09:20,209 [EventQueue-StaleNodeForStaleNodeHandler] INFO  pipeline.PipelineStateManager (PipelineStateManager.java:finalizePipeline(123)) - Pipeline Pipeline[ Id: 67e799e3-ac5c-4d2c-be58-9047f5e6073c, Nodes: 9ec19c9d-2043-406f-82f9-255ab4ee7628{ip: 192.168.36.80, host: pr-hdds-1949-gk6t9-2362663429, networkLocation: /default-rack, certSerialId: null}, Type:RATIS, Factor:ONE, State:CLOSED] moved to CLOSED state
2019-08-28 12:09:20,210 [EventQueue-StaleNodeForStaleNodeHandler] INFO  pipeline.SCMPipelineManager (SCMPipelineManager.java:finalizeAndDestroyPipeline(309)) - destroying pipeline:Pipeline[ Id: e5d547f8-6d20-4602-a88d-a169a97a269a, Nodes: 70ebd995-e0c0-4864-abcd-ac0b412c9683{ip: 192.168.36.80, host: pr-hdds-1949-gk6t9-2362663429, networkLocation: /default-rack, certSerialId: null}9ec19c9d-2043-406f-82f9-255ab4ee7628{ip: 192.168.36.80, host: pr-hdds-1949-gk6t9-2362663429, networkLocation: /default-rack, certSerialId: null}b34515dc-ef39-40c7-8939-0c9a405226e8{ip: 192.168.36.80, host: pr-hdds-1949-gk6t9-2362663429, networkLocation: /default-rack, certSerialId: null}, Type:RATIS, Factor:THREE, State:CLOSED]
2019-08-28 12:09:20,479 [ForkJoinPool.commonPool-worker-1] INFO  ozoneimpl.OzoneContainer (OzoneContainer.java:stop(215)) - Attempting to stop container services.
2019-08-28 12:09:20,479 [ForkJoinPool.commonPool-worker-1] INFO  impl.RaftServerProxy (RaftServerProxy.java:lambda$close$4(314)) - c236d778-ae7d-44ab-9790-03842f4247ab: close
2019-08-28 12:09:20,479 [ForkJoinPool.commonPool-worker-1] INFO  impl.RaftServerImpl (RaftServerImpl.java:lambda$shutdown$3(245)) - c236d778-ae7d-44ab-9790-03842f4247ab: shutdown group-DE1376FE82D1
2019-08-28 12:09:20,480 [ForkJoinPool.commonPool-worker-1] INFO  util.JmxRegister (JmxRegister.java:unregister(73)) - Successfully un-registered JMX Bean with object name Ratis:service=RaftServer,group=group-DE1376FE82D1,id=c236d778-ae7d-44ab-9790-03842f4247ab
2019-08-28 12:09:20,480 [ForkJoinPool.commonPool-worker-1] INFO  impl.RoleInfo (RoleInfo.java:shutdownLeaderState(104)) - c236d778-ae7d-44ab-9790-03842f4247ab: shutdown LeaderState
2019-08-28 12:09:20,480 [ForkJoinPool.commonPool-worker-1] INFO  impl.PendingRequests (PendingRequests.java:sendNotLeaderResponses(202)) - c236d778-ae7d-44ab-9790-03842f4247ab-PendingRequests: sendNotLeaderResponses
2019-08-28 12:09:20,481 [ForkJoinPool.commonPool-worker-1] INFO  impl.StateMachineUpdater (StateMachineUpdater.java:stopAndJoin(115)) - StateMachineUpdater:c236d778-ae7d-44ab-9790-03842f4247ab:group-DE1376FE82D1: set stopIndex = 0
2019-08-28 12:09:20,481 [ForkJoinPool.commonPool-worker-1] INFO  impl.RaftServerImpl (ServerState.java:close(394)) - c236d778-ae7d-44ab-9790-03842f4247ab:group-DE1376FE82D1 closes. The last applied log index is 0
2019-08-28 12:09:20,481 [c236d778-ae7d-44ab-9790-03842f4247ab-SegmentedRaftLogWorker:Storage Directory /workdir/hadoop-ozone/integration-test/target/test-dir/MiniOzoneClusterImpl-c6369339-b721-4289-b411-c27671099042/datanode-2/data/ratis/4b456e23-b56b-4cae-8c9d-de1376fe82d1] INFO  segmented.SegmentedRaftLogWorker (SegmentedRaftLogWorker.java:run(313)) - c236d778-ae7d-44ab-9790-03842f4247ab-SegmentedRaftLogWorker:Storage Directory /workdir/hadoop-ozone/integration-test/target/test-dir/MiniOzoneClusterImpl-c6369339-b721-4289-b411-c27671099042/datanode-2/data/ratis/4b456e23-b56b-4cae-8c9d-de1376fe82d1 was interrupted, exiting. There are 0 tasks remaining in the queue.
2019-08-28 12:09:20,484 [ForkJoinPool.commonPool-worker-1] INFO  segmented.SegmentedRaftLogWorker (SegmentedRaftLogWorker.java:close(228)) - c236d778-ae7d-44ab-9790-03842f4247ab-SegmentedRaftLogWorker:Storage Directory /workdir/hadoop-ozone/integration-test/target/test-dir/MiniOzoneClusterImpl-c6369339-b721-4289-b411-c27671099042/datanode-2/data/ratis/4b456e23-b56b-4cae-8c9d-de1376fe82d1 close()
2019-08-28 12:09:20,488 [ForkJoinPool.commonPool-worker-1] INFO  impl.RaftServerImpl (RaftServerImpl.java:lambda$shutdown$3(245)) - c236d778-ae7d-44ab-9790-03842f4247ab: shutdown group-A86B04BA5B76
2019-08-28 12:09:20,488 [ForkJoinPool.commonPool-worker-1] INFO  util.JmxRegister (JmxRegister.java:unregister(73)) - Successfully un-registered JMX Bean with object name Ratis:service=RaftServer,group=group-A86B04BA5B76,id=c236d778-ae7d-44ab-9790-03842f4247ab
2019-08-28 12:09:20,488 [main] INFO  ozoneimpl.OzoneContainer (OzoneContainer.java:stop(215)) - Attempting to stop container services.
2019-08-28 12:09:20,489 [ForkJoinPool.commonPool-worker-1] INFO  impl.RoleInfo (RoleInfo.java:shutdownLeaderState(104)) - c236d778-ae7d-44ab-9790-03842f4247ab: shutdown LeaderState
2019-08-28 12:09:20,489 [main] INFO  impl.RaftServerProxy (RaftServerProxy.java:lambda$close$4(314)) - 9ec19c9d-2043-406f-82f9-255ab4ee7628: close
2019-08-28 12:09:20,493 [org.apache.ratis.server.impl.LogAppender$AppenderDaemon$$Lambda$546/393917895@739d3e16] WARN  server.GrpcLogAppender (GrpcLogAppender.java:mayWait(143)) - GrpcLogAppender(c236d778-ae7d-44ab-9790-03842f4247ab->0c3b8344-cdf9-4d1e-a488-759371ee96af): Wait interrupted by java.lang.InterruptedException
2019-08-28 12:09:20,493 [ForkJoinPool.commonPool-worker-1] INFO  impl.PendingRequests (PendingRequests.java:sendNotLeaderResponses(202)) - c236d778-ae7d-44ab-9790-03842f4247ab-PendingRequests: sendNotLeaderResponses
2019-08-28 12:09:20,493 [org.apache.ratis.server.impl.LogAppender$AppenderDaemon$$Lambda$546/393917895@31d79d58] WARN  server.GrpcLogAppender (GrpcLogAppender.java:mayWait(143)) - GrpcLogAppender(c236d778-ae7d-44ab-9790-03842f4247ab->b393eaaf-48fc-4c06-ba9b-cdb8896dc2ee): Wait interrupted by java.lang.InterruptedException
2019-08-28 12:09:20,493 [main] INFO  impl.RaftServerImpl (RaftServerImpl.java:lambda$shutdown$3(245)) - 9ec19c9d-2043-406f-82f9-255ab4ee7628: shutdown group-9047F5E6073C
2019-08-28 12:09:20,494 [StateMachineUpdater:c236d778-ae7d-44ab-9790-03842f4247ab:group-A86B04BA5B76] INFO  ratis.ContainerStateMachine (ContainerStateMachine.java:takeSnapshot(284)) - group-A86B04BA5B76: Taking a snapshot at:(t:1, i:14) file /workdir/hadoop-ozone/integration-test/target/test-dir/MiniOzoneClusterImpl-c6369339-b721-4289-b411-c27671099042/datanode-2/data/ratis/a913ba12-8ed5-4df3-97e7-a86b04ba5b76/sm/snapshot.1_14
2019-08-28 12:09:20,494 [ForkJoinPool.commonPool-worker-1] INFO  impl.StateMachineUpdater (StateMachineUpdater.java:stopAndJoin(115)) - StateMachineUpdater:c236d778-ae7d-44ab-9790-03842f4247ab:group-A86B04BA5B76: set stopIndex = 18
2019-08-28 12:09:20,496 [main] INFO  util.JmxRegister (JmxRegister.java:unregister(73)) - Successfully un-registered JMX Bean with object name Ratis:service=RaftServer,group=group-9047F5E6073C,id=9ec19c9d-2043-406f-82f9-255ab4ee7628
2019-08-28 12:09:20,497 [main] INFO  impl.RoleInfo (RoleInfo.java:shutdownLeaderState(104)) - 9ec19c9d-2043-406f-82f9-255ab4ee7628: shutdown LeaderState
2019-08-28 12:09:20,497 [main] INFO  impl.PendingRequests (PendingRequests.java:sendNotLeaderResponses(202)) - 9ec19c9d-2043-406f-82f9-255ab4ee7628-PendingRequests: sendNotLeaderResponses
2019-08-28 12:09:20,498 [main] INFO  impl.StateMachineUpdater (StateMachineUpdater.java:stopAndJoin(115)) - StateMachineUpdater:9ec19c9d-2043-406f-82f9-255ab4ee7628:group-9047F5E6073C: set stopIndex = 0
2019-08-28 12:09:20,498 [main] INFO  impl.RaftServerImpl (ServerState.java:close(394)) - 9ec19c9d-2043-406f-82f9-255ab4ee7628:group-9047F5E6073C closes. The last applied log index is 0
2019-08-28 12:09:20,499 [9ec19c9d-2043-406f-82f9-255ab4ee7628-SegmentedRaftLogWorker:Storage Directory /workdir/hadoop-ozone/integration-test/target/test-dir/MiniOzoneClusterImpl-c6369339-b721-4289-b411-c27671099042/datanode-3/data/ratis/67e799e3-ac5c-4d2c-be58-9047f5e6073c] INFO  segmented.SegmentedRaftLogWorker (SegmentedRaftLogWorker.java:run(313)) - 9ec19c9d-2043-406f-82f9-255ab4ee7628-SegmentedRaftLogWorker:Storage Directory /workdir/hadoop-ozone/integration-test/target/test-dir/MiniOzoneClusterImpl-c6369339-b721-4289-b411-c27671099042/datanode-3/data/ratis/67e799e3-ac5c-4d2c-be58-9047f5e6073c was interrupted, exiting. There are 0 tasks remaining in the queue.
2019-08-28 12:09:20,501 [main] INFO  segmented.SegmentedRaftLogWorker (SegmentedRaftLogWorker.java:close(228)) - 9ec19c9d-2043-406f-82f9-255ab4ee7628-SegmentedRaftLogWorker:Storage Directory /workdir/hadoop-ozone/integration-test/target/test-dir/MiniOzoneClusterImpl-c6369339-b721-4289-b411-c27671099042/datanode-3/data/ratis/67e799e3-ac5c-4d2c-be58-9047f5e6073c close()
2019-08-28 12:09:20,504 [main] INFO  impl.RaftServerImpl (RaftServerImpl.java:lambda$shutdown$3(245)) - 9ec19c9d-2043-406f-82f9-255ab4ee7628: shutdown group-A169A97A269A
2019-08-28 12:09:20,505 [main] INFO  util.JmxRegister (JmxRegister.java:unregister(73)) - Successfully un-registered JMX Bean with object name Ratis:service=RaftServer,group=group-A169A97A269A,id=9ec19c9d-2043-406f-82f9-255ab4ee7628
2019-08-28 12:09:20,505 [main] INFO  impl.RoleInfo (RoleInfo.java:shutdownFollowerState(121)) - 9ec19c9d-2043-406f-82f9-255ab4ee7628: shutdown FollowerState
2019-08-28 12:09:20,506 [main] INFO  impl.StateMachineUpdater (StateMachineUpdater.java:stopAndJoin(115)) - StateMachineUpdater:9ec19c9d-2043-406f-82f9-255ab4ee7628:group-A169A97A269A: set stopIndex = 17
2019-08-28 12:09:20,506 [Thread-3598] INFO  impl.FollowerState (FollowerState.java:run(114)) - 9ec19c9d-2043-406f-82f9-255ab4ee7628: FollowerState was interrupted: java.lang.InterruptedException: sleep interrupted
2019-08-28 12:09:20,506 [StateMachineUpdater:9ec19c9d-2043-406f-82f9-255ab4ee7628:group-A169A97A269A] INFO  ratis.ContainerStateMachine (ContainerStateMachine.java:takeSnapshot(284)) - group-A169A97A269A: Taking a snapshot at:(t:1, i:16) file /workdir/hadoop-ozone/integration-test/target/test-dir/MiniOzoneClusterImpl-c6369339-b721-4289-b411-c27671099042/datanode-3/data/ratis/e5d547f8-6d20-4602-a88d-a169a97a269a/sm/snapshot.1_16
2019-08-28 12:09:20,509 [EventQueue-StaleNodeForStaleNodeHandler] INFO  node.StaleNodeHandler (StaleNodeHandler.java:onMessage(58)) - Datanode c236d778-ae7d-44ab-9790-03842f4247ab{ip: 192.168.36.80, host: pr-hdds-1949-gk6t9-2362663429, networkLocation: /default-rack, certSerialId: null} moved to stale state. Finalizing its pipelines [PipelineID=4b456e23-b56b-4cae-8c9d-de1376fe82d1, PipelineID=a913ba12-8ed5-4df3-97e7-a86b04ba5b76]
2019-08-28 12:09:20,509 [EventQueue-StaleNodeForStaleNodeHandler] INFO  pipeline.SCMPipelineManager (SCMPipelineManager.java:finalizeAndDestroyPipeline(309)) - destroying pipeline:Pipeline[ Id: 4b456e23-b56b-4cae-8c9d-de1376fe82d1, Nodes: c236d778-ae7d-44ab-9790-03842f4247ab{ip: 192.168.36.80, host: pr-hdds-1949-gk6t9-2362663429, networkLocation: /default-rack, certSerialId: null}, Type:RATIS, Factor:ONE, State:OPEN]
2019-08-28 12:09:20,510 [EventQueue-StaleNodeForStaleNodeHandler] INFO  pipeline.PipelineStateManager (PipelineStateManager.java:finalizePipeline(123)) - Pipeline Pipeline[ Id: 4b456e23-b56b-4cae-8c9d-de1376fe82d1, Nodes: c236d778-ae7d-44ab-9790-03842f4247ab{ip: 192.168.36.80, host: pr-hdds-1949-gk6t9-2362663429, networkLocation: /default-rack, certSerialId: null}, Type:RATIS, Factor:ONE, State:CLOSED] moved to CLOSED state
2019-08-28 12:09:20,510 [EventQueue-StaleNodeForStaleNodeHandler] INFO  pipeline.SCMPipelineManager (SCMPipelineManager.java:finalizeAndDestroyPipeline(309)) - destroying pipeline:Pipeline[ Id: a913ba12-8ed5-4df3-97e7-a86b04ba5b76, Nodes: 0c3b8344-cdf9-4d1e-a488-759371ee96af{ip: 192.168.36.80, host: pr-hdds-1949-gk6t9-2362663429, networkLocation: /default-rack, certSerialId: null}c236d778-ae7d-44ab-9790-03842f4247ab{ip: 192.168.36.80, host: pr-hdds-1949-gk6t9-2362663429, networkLocation: /default-rack, certSerialId: null}b393eaaf-48fc-4c06-ba9b-cdb8896dc2ee{ip: 192.168.36.80, host: pr-hdds-1949-gk6t9-2362663429, networkLocation: /default-rack, certSerialId: null}, Type:RATIS, Factor:THREE, State:CLOSED]
2019-08-28 12:09:20,510 [StateMachineUpdater:c236d778-ae7d-44ab-9790-03842f4247ab:group-A86B04BA5B76] INFO  ratis.ContainerStateMachine (ContainerStateMachine.java:takeSnapshot(295)) - group-A86B04BA5B76: Finished taking a snapshot at:(t:1, i:14) file:/workdir/hadoop-ozone/integration-test/target/test-dir/MiniOzoneClusterImpl-c6369339-b721-4289-b411-c27671099042/datanode-2/data/ratis/a913ba12-8ed5-4df3-97e7-a86b04ba5b76/sm/snapshot.1_14 time:17
2019-08-28 12:09:20,511 [StateMachineUpdater:c236d778-ae7d-44ab-9790-03842f4247ab:group-A86B04BA5B76] INFO  impl.StateMachineUpdater (StateMachineUpdater.java:takeSnapshot(242)) - StateMachineUpdater:c236d778-ae7d-44ab-9790-03842f4247ab:group-A86B04BA5B76: Took a snapshot at index 14
2019-08-28 12:09:20,511 [StateMachineUpdater:c236d778-ae7d-44ab-9790-03842f4247ab:group-A86B04BA5B76] INFO  impl.StateMachineUpdater (StateMachineUpdater.java:lambda$new$0(80)) - StateMachineUpdater:c236d778-ae7d-44ab-9790-03842f4247ab:group-A86B04BA5B76: snapshotIndex: updateIncreasingly -1 -> 14
2019-08-28 12:09:20,511 [ForkJoinPool.commonPool-worker-1] INFO  impl.RaftServerImpl (ServerState.java:close(394)) - c236d778-ae7d-44ab-9790-03842f4247ab:group-A86B04BA5B76 closes. The last applied log index is 18
2019-08-28 12:09:20,511 [c236d778-ae7d-44ab-9790-03842f4247ab-SegmentedRaftLogWorker:Storage Directory /workdir/hadoop-ozone/integration-test/target/test-dir/MiniOzoneClusterImpl-c6369339-b721-4289-b411-c27671099042/datanode-2/data/ratis/a913ba12-8ed5-4df3-97e7-a86b04ba5b76] INFO  segmented.SegmentedRaftLogWorker (SegmentedRaftLogWorker.java:run(313)) - c236d778-ae7d-44ab-9790-03842f4247ab-SegmentedRaftLogWorker:Storage Directory /workdir/hadoop-ozone/integration-test/target/test-dir/MiniOzoneClusterImpl-c6369339-b721-4289-b411-c27671099042/datanode-2/data/ratis/a913ba12-8ed5-4df3-97e7-a86b04ba5b76 was interrupted, exiting. There are 0 tasks remaining in the queue.
2019-08-28 12:09:20,513 [StateMachineUpdater:9ec19c9d-2043-406f-82f9-255ab4ee7628:group-A169A97A269A] INFO  ratis.ContainerStateMachine (ContainerStateMachine.java:takeSnapshot(295)) - group-A169A97A269A: Finished taking a snapshot at:(t:1, i:16) file:/workdir/hadoop-ozone/integration-test/target/test-dir/MiniOzoneClusterImpl-c6369339-b721-4289-b411-c27671099042/datanode-3/data/ratis/e5d547f8-6d20-4602-a88d-a169a97a269a/sm/snapshot.1_16 time:7
2019-08-28 12:09:20,513 [ForkJoinPool.commonPool-worker-1] INFO  segmented.SegmentedRaftLogWorker (SegmentedRaftLogWorker.java:close(228)) - c236d778-ae7d-44ab-9790-03842f4247ab-SegmentedRaftLogWorker:Storage Directory /workdir/hadoop-ozone/integration-test/target/test-dir/MiniOzoneClusterImpl-c6369339-b721-4289-b411-c27671099042/datanode-2/data/ratis/a913ba12-8ed5-4df3-97e7-a86b04ba5b76 close()
2019-08-28 12:09:20,513 [StateMachineUpdater:9ec19c9d-2043-406f-82f9-255ab4ee7628:group-A169A97A269A] INFO  impl.StateMachineUpdater (StateMachineUpdater.java:takeSnapshot(242)) - StateMachineUpdater:9ec19c9d-2043-406f-82f9-255ab4ee7628:group-A169A97A269A: Took a snapshot at index 16
2019-08-28 12:09:20,516 [ForkJoinPool.commonPool-worker-1] INFO  server.GrpcService (GrpcService.java:closeImpl(155)) - c236d778-ae7d-44ab-9790-03842f4247ab: shutdown server with port 35772 now
2019-08-28 12:09:20,518 [StateMachineUpdater:9ec19c9d-2043-406f-82f9-255ab4ee7628:group-A169A97A269A] INFO  impl.StateMachineUpdater (StateMachineUpdater.java:lambda$new$0(80)) - StateMachineUpdater:9ec19c9d-2043-406f-82f9-255ab4ee7628:group-A169A97A269A: snapshotIndex: updateIncreasingly -1 -> 16
2019-08-28 12:09:20,519 [main] INFO  impl.RaftServerImpl (ServerState.java:close(394)) - 9ec19c9d-2043-406f-82f9-255ab4ee7628:group-A169A97A269A closes. The last applied log index is 17
2019-08-28 12:09:20,519 [ForkJoinPool.commonPool-worker-1] INFO  server.GrpcService (GrpcService.java:closeImpl(163)) - c236d778-ae7d-44ab-9790-03842f4247ab: shutdown server with port 35772 successfully
2019-08-28 12:09:20,519 [9ec19c9d-2043-406f-82f9-255ab4ee7628-SegmentedRaftLogWorker:Storage Directory /workdir/hadoop-ozone/integration-test/target/test-dir/MiniOzoneClusterImpl-c6369339-b721-4289-b411-c27671099042/datanode-3/data/ratis/e5d547f8-6d20-4602-a88d-a169a97a269a] INFO  segmented.SegmentedRaftLogWorker (SegmentedRaftLogWorker.java:run(313)) - 9ec19c9d-2043-406f-82f9-255ab4ee7628-SegmentedRaftLogWorker:Storage Directory /workdir/hadoop-ozone/integration-test/target/test-dir/MiniOzoneClusterImpl-c6369339-b721-4289-b411-c27671099042/datanode-3/data/ratis/e5d547f8-6d20-4602-a88d-a169a97a269a was interrupted, exiting. There are 0 tasks remaining in the queue.
2019-08-28 12:09:20,522 [main] INFO  segmented.SegmentedRaftLogWorker (SegmentedRaftLogWorker.java:close(228)) - 9ec19c9d-2043-406f-82f9-255ab4ee7628-SegmentedRaftLogWorker:Storage Directory /workdir/hadoop-ozone/integration-test/target/test-dir/MiniOzoneClusterImpl-c6369339-b721-4289-b411-c27671099042/datanode-3/data/ratis/e5d547f8-6d20-4602-a88d-a169a97a269a close()
2019-08-28 12:09:20,529 [main] INFO  server.GrpcService (GrpcService.java:closeImpl(155)) - 9ec19c9d-2043-406f-82f9-255ab4ee7628: shutdown server with port 38294 now
2019-08-28 12:09:20,533 [grpc-default-executor-3] WARN  server.GrpcServerProtocolService (LogUtils.java:warn(134)) - 9ec19c9d-2043-406f-82f9-255ab4ee7628: appendEntries onError: org.apache.ratis.thirdparty.io.grpc.StatusRuntimeException: CANCELLED: cancelled before receiving half close
2019-08-28 12:09:20,533 [main] INFO  server.GrpcService (GrpcService.java:closeImpl(163)) - 9ec19c9d-2043-406f-82f9-255ab4ee7628: shutdown server with port 38294 successfully
2019-08-28 12:09:20,535 [grpc-default-executor-7] WARN  server.GrpcLogAppender (LogUtils.java:warn(134)) - b34515dc-ef39-40c7-8939-0c9a405226e8->9ec19c9d-2043-406f-82f9-255ab4ee7628: Failed appendEntries: org.apache.ratis.thirdparty.io.grpc.StatusRuntimeException: CANCELLED: HTTP/2 error code: CANCEL
Received Rst Stream
2019-08-28 12:09:20,535 [refreshUsed-/workdir/hadoop-ozone/integration-test/target/test-dir/MiniOzoneClusterImpl-c6369339-b721-4289-b411-c27671099042/datanode-2/data/containers] WARN  fs.CachingGetSpaceUsed (CachingGetSpaceUsed.java:run(183)) - Thread Interrupted waiting to refresh disk information: sleep interrupted
2019-08-28 12:09:20,536 [grpc-default-executor-7] INFO  impl.FollowerInfo (FollowerInfo.java:lambda$new$0(50)) - b34515dc-ef39-40c7-8939-0c9a405226e8->9ec19c9d-2043-406f-82f9-255ab4ee7628: nextIndex: updateUnconditionally 18 -> 17
2019-08-28 12:09:20,538 [refreshUsed-/workdir/hadoop-ozone/integration-test/target/test-dir/MiniOzoneClusterImpl-c6369339-b721-4289-b411-c27671099042/datanode-3/data/containers] WARN  fs.CachingGetSpaceUsed (CachingGetSpaceUsed.java:run(183)) - Thread Interrupted waiting to refresh disk information: sleep interrupted
2019-08-28 12:09:20,553 [ForkJoinPool.commonPool-worker-1] INFO  utils.BackgroundService (BackgroundService.java:shutdown(148)) - Shutting down service BlockDeletingService
2019-08-28 12:09:20,557 [ForkJoinPool.commonPool-worker-1] INFO  statemachine.DatanodeStateMachine (DatanodeStateMachine.java:stopDaemon(395)) - Ozone container server stopped.
2019-08-28 12:09:20,561 [ForkJoinPool.commonPool-worker-1] INFO  handler.ContextHandler (ContextHandler.java:doStop(910)) - Stopped o.e.j.w.WebAppContext@5a513627{/,null,UNAVAILABLE}{/hddsDatanode}
2019-08-28 12:09:20,561 [main] INFO  utils.BackgroundService (BackgroundService.java:shutdown(148)) - Shutting down service BlockDeletingService
2019-08-28 12:09:20,562 [ForkJoinPool.commonPool-worker-1] INFO  server.AbstractConnector (AbstractConnector.java:doStop(318)) - Stopped ServerConnector@41413c5a{HTTP/1.1,[http/1.1]}{0.0.0.0:0}
2019-08-28 12:09:20,565 [ForkJoinPool.commonPool-worker-1] INFO  handler.ContextHandler (ContextHandler.java:doStop(910)) - Stopped o.e.j.s.ServletContextHandler@2c69ea30{/static,jar:file:/home/user/.m2/repository/org/apache/hadoop/hadoop-hdds-container-service/0.5.0-SNAPSHOT/hadoop-hdds-container-service-0.5.0-SNAPSHOT.jar!/webapps/static,UNAVAILABLE}
2019-08-28 12:09:20,566 [main] INFO  statemachine.DatanodeStateMachine (DatanodeStateMachine.java:stopDaemon(395)) - Ozone container server stopped.
2019-08-28 12:09:20,567 [ForkJoinPool.commonPool-worker-1] INFO  handler.ContextHandler (ContextHandler.java:doStop(910)) - Stopped o.e.j.s.ServletContextHandler@4f9191c1{/logs,file:///workdir/hadoop-ozone/integration-test/target/log,UNAVAILABLE}
2019-08-28 12:09:20,569 [ForkJoinPool.commonPool-worker-1] INFO  datanode.ObjectStoreHandler (ObjectStoreHandler.java:close(155)) - Closing ObjectStoreHandler.
2019-08-28 12:09:20,569 [main] INFO  handler.ContextHandler (ContextHandler.java:doStop(910)) - Stopped o.e.j.w.WebAppContext@2527765a{/,null,UNAVAILABLE}{/hddsDatanode}
2019-08-28 12:09:20,569 [ForkJoinPool.commonPool-worker-1] INFO  ozone.HddsDatanodeService (HddsDatanodeService.java:stop(451)) - Stopped plug-in org.apache.hadoop.ozone.web.OzoneHddsDatanodeService@2a9e261d
2019-08-28 12:09:20,570 [main] INFO  server.AbstractConnector (AbstractConnector.java:doStop(318)) - Stopped ServerConnector@6ea4b4b2{HTTP/1.1,[http/1.1]}{0.0.0.0:0}
2019-08-28 12:09:20,570 [main] INFO  handler.ContextHandler (ContextHandler.java:doStop(910)) - Stopped o.e.j.s.ServletContextHandler@402fcf14{/static,jar:file:/home/user/.m2/repository/org/apache/hadoop/hadoop-hdds-container-service/0.5.0-SNAPSHOT/hadoop-hdds-container-service-0.5.0-SNAPSHOT.jar!/webapps/static,UNAVAILABLE}
2019-08-28 12:09:20,571 [main] INFO  handler.ContextHandler (ContextHandler.java:doStop(910)) - Stopped o.e.j.s.ServletContextHandler@2ff4d61b{/logs,file:///workdir/hadoop-ozone/integration-test/target/log,UNAVAILABLE}
2019-08-28 12:09:20,572 [main] INFO  datanode.ObjectStoreHandler (ObjectStoreHandler.java:close(155)) - Closing ObjectStoreHandler.
2019-08-28 12:09:20,572 [main] INFO  ozone.HddsDatanodeService (HddsDatanodeService.java:stop(451)) - Stopped plug-in org.apache.hadoop.ozone.web.OzoneHddsDatanodeService@2ab0ca04
2019-08-28 12:09:21,142 [Datanode State Machine Thread - 0] INFO  statemachine.DatanodeStateMachine (DatanodeStateMachine.java:lambda$startDaemon$0(350)) - Ozone container server started.
2019-08-28 12:09:21,207 [Datanode State Machine Thread - 0] INFO  statemachine.DatanodeStateMachine (DatanodeStateMachine.java:lambda$startDaemon$0(350)) - Ozone container server started.
2019-08-28 12:09:22,137 [grpc-default-executor-7] WARN  server.GrpcLogAppender (LogUtils.java:warn(134)) - b34515dc-ef39-40c7-8939-0c9a405226e8->9ec19c9d-2043-406f-82f9-255ab4ee7628: Failed appendEntries: org.apache.ratis.thirdparty.io.grpc.StatusRuntimeException: UNAVAILABLE: io exception
2019-08-28 12:09:22,137 [grpc-default-executor-6] WARN  server.GrpcLogAppender (LogUtils.java:warn(134)) - b34515dc-ef39-40c7-8939-0c9a405226e8->70ebd995-e0c0-4864-abcd-ac0b412c9683: Failed appendEntries: org.apache.ratis.thirdparty.io.grpc.StatusRuntimeException: UNAVAILABLE: io exception
2019-08-28 12:09:22,137 [grpc-default-executor-7] INFO  impl.FollowerInfo (FollowerInfo.java:lambda$new$0(50)) - b34515dc-ef39-40c7-8939-0c9a405226e8->9ec19c9d-2043-406f-82f9-255ab4ee7628: nextIndex: updateUnconditionally 17 -> 16
2019-08-28 12:09:22,138 [grpc-default-executor-6] INFO  impl.FollowerInfo (FollowerInfo.java:lambda$new$0(50)) - b34515dc-ef39-40c7-8939-0c9a405226e8->70ebd995-e0c0-4864-abcd-ac0b412c9683: nextIndex: updateUnconditionally 14 -> 13
2019-08-28 12:09:24,637 [grpc-default-executor-7] WARN  server.GrpcLogAppender (LogUtils.java:warn(134)) - b34515dc-ef39-40c7-8939-0c9a405226e8->9ec19c9d-2043-406f-82f9-255ab4ee7628: Failed appendEntries: org.apache.ratis.thirdparty.io.grpc.StatusRuntimeException: UNAVAILABLE: io exception
2019-08-28 12:09:24,638 [grpc-default-executor-7] INFO  impl.FollowerInfo (FollowerInfo.java:lambda$new$0(50)) - b34515dc-ef39-40c7-8939-0c9a405226e8->9ec19c9d-2043-406f-82f9-255ab4ee7628: nextIndex: updateUnconditionally 16 -> 15
2019-08-28 12:09:24,638 [grpc-default-executor-8] WARN  server.GrpcLogAppender (LogUtils.java:warn(134)) - b34515dc-ef39-40c7-8939-0c9a405226e8->70ebd995-e0c0-4864-abcd-ac0b412c9683: Failed appendEntries: org.apache.ratis.thirdparty.io.grpc.StatusRuntimeException: UNAVAILABLE: io exception
2019-08-28 12:09:24,638 [grpc-default-executor-8] INFO  impl.FollowerInfo (FollowerInfo.java:lambda$new$0(50)) - b34515dc-ef39-40c7-8939-0c9a405226e8->70ebd995-e0c0-4864-abcd-ac0b412c9683: nextIndex: updateUnconditionally 13 -> 12
2019-08-28 12:09:25,216 [EventQueue-StaleNodeForStaleNodeHandler] INFO  node.StaleNodeHandler (StaleNodeHandler.java:onMessage(58)) - Datanode 40fea9a8-502b-40ee-85ae-dc8ed12a9c4d{ip: 192.168.36.80, host: pr-hdds-1949-gk6t9-2362663429, networkLocation: /default-rack, certSerialId: null} moved to stale state. Finalizing its pipelines [PipelineID=bbd13d3a-1727-4870-9617-b72b746e6cdf]
2019-08-28 12:09:25,216 [EventQueue-StaleNodeForStaleNodeHandler] INFO  pipeline.SCMPipelineManager (SCMPipelineManager.java:finalizeAndDestroyPipeline(309)) - destroying pipeline:Pipeline[ Id: bbd13d3a-1727-4870-9617-b72b746e6cdf, Nodes: 40fea9a8-502b-40ee-85ae-dc8ed12a9c4d{ip: 192.168.36.80, host: pr-hdds-1949-gk6t9-2362663429, networkLocation: /default-rack, certSerialId: null}, Type:RATIS, Factor:ONE, State:OPEN]
2019-08-28 12:09:25,216 [EventQueue-StaleNodeForStaleNodeHandler] INFO  pipeline.PipelineStateManager (PipelineStateManager.java:finalizePipeline(123)) - Pipeline Pipeline[ Id: bbd13d3a-1727-4870-9617-b72b746e6cdf, Nodes: 40fea9a8-502b-40ee-85ae-dc8ed12a9c4d{ip: 192.168.36.80, host: pr-hdds-1949-gk6t9-2362663429, networkLocation: /default-rack, certSerialId: null}, Type:RATIS, Factor:ONE, State:CLOSED] moved to CLOSED state
2019-08-28 12:09:25,217 [EventQueue-StaleNodeForStaleNodeHandler] INFO  node.StaleNodeHandler (StaleNodeHandler.java:onMessage(58)) - Datanode b34515dc-ef39-40c7-8939-0c9a405226e8{ip: 192.168.36.80, host: pr-hdds-1949-gk6t9-2362663429, networkLocation: /default-rack, certSerialId: null} moved to stale state. Finalizing its pipelines [PipelineID=e5d547f8-6d20-4602-a88d-a169a97a269a, PipelineID=31da4ce1-29e2-47aa-90d8-b4c6cecbc899]
2019-08-28 12:09:25,217 [EventQueue-StaleNodeForStaleNodeHandler] INFO  pipeline.SCMPipelineManager (SCMPipelineManager.java:finalizeAndDestroyPipeline(309)) - destroying pipeline:Pipeline[ Id: e5d547f8-6d20-4602-a88d-a169a97a269a, Nodes: 70ebd995-e0c0-4864-abcd-ac0b412c9683{ip: 192.168.36.80, host: pr-hdds-1949-gk6t9-2362663429, networkLocation: /default-rack, certSerialId: null}9ec19c9d-2043-406f-82f9-255ab4ee7628{ip: 192.168.36.80, host: pr-hdds-1949-gk6t9-2362663429, networkLocation: /default-rack, certSerialId: null}b34515dc-ef39-40c7-8939-0c9a405226e8{ip: 192.168.36.80, host: pr-hdds-1949-gk6t9-2362663429, networkLocation: /default-rack, certSerialId: null}, Type:RATIS, Factor:THREE, State:CLOSED]
2019-08-28 12:09:25,217 [EventQueue-StaleNodeForStaleNodeHandler] INFO  pipeline.SCMPipelineManager (SCMPipelineManager.java:finalizeAndDestroyPipeline(309)) - destroying pipeline:Pipeline[ Id: 31da4ce1-29e2-47aa-90d8-b4c6cecbc899, Nodes: b34515dc-ef39-40c7-8939-0c9a405226e8{ip: 192.168.36.80, host: pr-hdds-1949-gk6t9-2362663429, networkLocation: /default-rack, certSerialId: null}, Type:RATIS, Factor:ONE, State:OPEN]
2019-08-28 12:09:25,217 [EventQueue-StaleNodeForStaleNodeHandler] INFO  pipeline.PipelineStateManager (PipelineStateManager.java:finalizePipeline(123)) - Pipeline Pipeline[ Id: 31da4ce1-29e2-47aa-90d8-b4c6cecbc899, Nodes: b34515dc-ef39-40c7-8939-0c9a405226e8{ip: 192.168.36.80, host: pr-hdds-1949-gk6t9-2362663429, networkLocation: /default-rack, certSerialId: null}, Type:RATIS, Factor:ONE, State:CLOSED] moved to CLOSED state
2019-08-28 12:09:25,570 [ForkJoinPool.commonPool-worker-1] INFO  ozoneimpl.OzoneContainer (OzoneContainer.java:stop(215)) - Attempting to stop container services.
2019-08-28 12:09:25,571 [ForkJoinPool.commonPool-worker-1] INFO  impl.RaftServerProxy (RaftServerProxy.java:lambda$close$4(314)) - 40fea9a8-502b-40ee-85ae-dc8ed12a9c4d: close
2019-08-28 12:09:25,571 [ForkJoinPool.commonPool-worker-1] INFO  impl.RaftServerImpl (RaftServerImpl.java:lambda$shutdown$3(245)) - 40fea9a8-502b-40ee-85ae-dc8ed12a9c4d: shutdown group-B72B746E6CDF
2019-08-28 12:09:25,571 [ForkJoinPool.commonPool-worker-1] INFO  util.JmxRegister (JmxRegister.java:unregister(73)) - Successfully un-registered JMX Bean with object name Ratis:service=RaftServer,group=group-B72B746E6CDF,id=40fea9a8-502b-40ee-85ae-dc8ed12a9c4d
2019-08-28 12:09:25,572 [ForkJoinPool.commonPool-worker-1] INFO  impl.RoleInfo (RoleInfo.java:shutdownLeaderState(104)) - 40fea9a8-502b-40ee-85ae-dc8ed12a9c4d: shutdown LeaderState
2019-08-28 12:09:25,572 [ForkJoinPool.commonPool-worker-1] INFO  impl.PendingRequests (PendingRequests.java:sendNotLeaderResponses(202)) - 40fea9a8-502b-40ee-85ae-dc8ed12a9c4d-PendingRequests: sendNotLeaderResponses
2019-08-28 12:09:25,572 [ForkJoinPool.commonPool-worker-1] INFO  impl.StateMachineUpdater (StateMachineUpdater.java:stopAndJoin(115)) - StateMachineUpdater:40fea9a8-502b-40ee-85ae-dc8ed12a9c4d:group-B72B746E6CDF: set stopIndex = 0
2019-08-28 12:09:25,573 [ForkJoinPool.commonPool-worker-1] INFO  impl.RaftServerImpl (ServerState.java:close(394)) - 40fea9a8-502b-40ee-85ae-dc8ed12a9c4d:group-B72B746E6CDF closes. The last applied log index is 0
2019-08-28 12:09:25,573 [main] INFO  ozoneimpl.OzoneContainer (OzoneContainer.java:stop(215)) - Attempting to stop container services.
2019-08-28 12:09:25,573 [40fea9a8-502b-40ee-85ae-dc8ed12a9c4d-SegmentedRaftLogWorker:Storage Directory /workdir/hadoop-ozone/integration-test/target/test-dir/MiniOzoneClusterImpl-c6369339-b721-4289-b411-c27671099042/datanode-6/data/ratis/bbd13d3a-1727-4870-9617-b72b746e6cdf] INFO  segmented.SegmentedRaftLogWorker (SegmentedRaftLogWorker.java:run(313)) - 40fea9a8-502b-40ee-85ae-dc8ed12a9c4d-SegmentedRaftLogWorker:Storage Directory /workdir/hadoop-ozone/integration-test/target/test-dir/MiniOzoneClusterImpl-c6369339-b721-4289-b411-c27671099042/datanode-6/data/ratis/bbd13d3a-1727-4870-9617-b72b746e6cdf was interrupted, exiting. There are 0 tasks remaining in the queue.
2019-08-28 12:09:25,574 [main] INFO  impl.RaftServerProxy (RaftServerProxy.java:lambda$close$4(314)) - b34515dc-ef39-40c7-8939-0c9a405226e8: close
2019-08-28 12:09:25,576 [ForkJoinPool.commonPool-worker-1] INFO  segmented.SegmentedRaftLogWorker (SegmentedRaftLogWorker.java:close(228)) - 40fea9a8-502b-40ee-85ae-dc8ed12a9c4d-SegmentedRaftLogWorker:Storage Directory /workdir/hadoop-ozone/integration-test/target/test-dir/MiniOzoneClusterImpl-c6369339-b721-4289-b411-c27671099042/datanode-6/data/ratis/bbd13d3a-1727-4870-9617-b72b746e6cdf close()
2019-08-28 12:09:25,576 [main] INFO  impl.RaftServerImpl (RaftServerImpl.java:lambda$shutdown$3(245)) - b34515dc-ef39-40c7-8939-0c9a405226e8: shutdown group-A169A97A269A
2019-08-28 12:09:25,579 [ForkJoinPool.commonPool-worker-1] INFO  server.GrpcService (GrpcService.java:closeImpl(155)) - 40fea9a8-502b-40ee-85ae-dc8ed12a9c4d: shutdown server with port 37871 now
2019-08-28 12:09:25,579 [main] INFO  util.JmxRegister (JmxRegister.java:unregister(73)) - Successfully un-registered JMX Bean with object name Ratis:service=RaftServer,group=group-A169A97A269A,id=b34515dc-ef39-40c7-8939-0c9a405226e8
2019-08-28 12:09:25,581 [ForkJoinPool.commonPool-worker-1] INFO  server.GrpcService (GrpcService.java:closeImpl(163)) - 40fea9a8-502b-40ee-85ae-dc8ed12a9c4d: shutdown server with port 37871 successfully
2019-08-28 12:09:25,581 [main] INFO  impl.RoleInfo (RoleInfo.java:shutdownLeaderState(104)) - b34515dc-ef39-40c7-8939-0c9a405226e8: shutdown LeaderState
2019-08-28 12:09:25,585 [main] INFO  impl.PendingRequests (PendingRequests.java:sendNotLeaderResponses(202)) - b34515dc-ef39-40c7-8939-0c9a405226e8-PendingRequests: sendNotLeaderResponses
2019-08-28 12:09:25,585 [org.apache.ratis.server.impl.LogAppender$AppenderDaemon$$Lambda$546/393917895@5aa4e579] WARN  server.GrpcLogAppender (GrpcLogAppender.java:mayWait(143)) - GrpcLogAppender(b34515dc-ef39-40c7-8939-0c9a405226e8->9ec19c9d-2043-406f-82f9-255ab4ee7628): Wait interrupted by java.lang.InterruptedException
2019-08-28 12:09:25,585 [org.apache.ratis.server.impl.LogAppender$AppenderDaemon$$Lambda$546/393917895@1fa67049] WARN  server.GrpcLogAppender (GrpcLogAppender.java:mayWait(143)) - GrpcLogAppender(b34515dc-ef39-40c7-8939-0c9a405226e8->70ebd995-e0c0-4864-abcd-ac0b412c9683): Wait interrupted by java.lang.InterruptedException
2019-08-28 12:09:25,589 [main] INFO  impl.StateMachineUpdater (StateMachineUpdater.java:stopAndJoin(115)) - StateMachineUpdater:b34515dc-ef39-40c7-8939-0c9a405226e8:group-A169A97A269A: set stopIndex = 17
2019-08-28 12:09:25,589 [StateMachineUpdater:b34515dc-ef39-40c7-8939-0c9a405226e8:group-A169A97A269A] INFO  ratis.ContainerStateMachine (ContainerStateMachine.java:takeSnapshot(284)) - group-A169A97A269A: Taking a snapshot at:(t:1, i:17) file /workdir/hadoop-ozone/integration-test/target/test-dir/MiniOzoneClusterImpl-c6369339-b721-4289-b411-c27671099042/datanode-5/data/ratis/e5d547f8-6d20-4602-a88d-a169a97a269a/sm/snapshot.1_17
2019-08-28 12:09:25,593 [refreshUsed-/workdir/hadoop-ozone/integration-test/target/test-dir/MiniOzoneClusterImpl-c6369339-b721-4289-b411-c27671099042/datanode-6/data/containers] WARN  fs.CachingGetSpaceUsed (CachingGetSpaceUsed.java:run(183)) - Thread Interrupted waiting to refresh disk information: sleep interrupted
2019-08-28 12:09:25,604 [StateMachineUpdater:b34515dc-ef39-40c7-8939-0c9a405226e8:group-A169A97A269A] INFO  ratis.ContainerStateMachine (ContainerStateMachine.java:takeSnapshot(295)) - group-A169A97A269A: Finished taking a snapshot at:(t:1, i:17) file:/workdir/hadoop-ozone/integration-test/target/test-dir/MiniOzoneClusterImpl-c6369339-b721-4289-b411-c27671099042/datanode-5/data/ratis/e5d547f8-6d20-4602-a88d-a169a97a269a/sm/snapshot.1_17 time:15
2019-08-28 12:09:25,604 [StateMachineUpdater:b34515dc-ef39-40c7-8939-0c9a405226e8:group-A169A97A269A] INFO  impl.StateMachineUpdater (StateMachineUpdater.java:takeSnapshot(242)) - StateMachineUpdater:b34515dc-ef39-40c7-8939-0c9a405226e8:group-A169A97A269A: Took a snapshot at index 17
2019-08-28 12:09:25,604 [StateMachineUpdater:b34515dc-ef39-40c7-8939-0c9a405226e8:group-A169A97A269A] INFO  impl.StateMachineUpdater (StateMachineUpdater.java:lambda$new$0(80)) - StateMachineUpdater:b34515dc-ef39-40c7-8939-0c9a405226e8:group-A169A97A269A: snapshotIndex: updateIncreasingly -1 -> 17
2019-08-28 12:09:25,605 [main] INFO  impl.RaftServerImpl (ServerState.java:close(394)) - b34515dc-ef39-40c7-8939-0c9a405226e8:group-A169A97A269A closes. The last applied log index is 17
2019-08-28 12:09:25,605 [b34515dc-ef39-40c7-8939-0c9a405226e8-SegmentedRaftLogWorker:Storage Directory /workdir/hadoop-ozone/integration-test/target/test-dir/MiniOzoneClusterImpl-c6369339-b721-4289-b411-c27671099042/datanode-5/data/ratis/e5d547f8-6d20-4602-a88d-a169a97a269a] INFO  segmented.SegmentedRaftLogWorker (SegmentedRaftLogWorker.java:run(313)) - b34515dc-ef39-40c7-8939-0c9a405226e8-SegmentedRaftLogWorker:Storage Directory /workdir/hadoop-ozone/integration-test/target/test-dir/MiniOzoneClusterImpl-c6369339-b721-4289-b411-c27671099042/datanode-5/data/ratis/e5d547f8-6d20-4602-a88d-a169a97a269a was interrupted, exiting. There are 0 tasks remaining in the queue.
2019-08-28 12:09:25,607 [main] INFO  segmented.SegmentedRaftLogWorker (SegmentedRaftLogWorker.java:close(228)) - b34515dc-ef39-40c7-8939-0c9a405226e8-SegmentedRaftLogWorker:Storage Directory /workdir/hadoop-ozone/integration-test/target/test-dir/MiniOzoneClusterImpl-c6369339-b721-4289-b411-c27671099042/datanode-5/data/ratis/e5d547f8-6d20-4602-a88d-a169a97a269a close()
2019-08-28 12:09:25,612 [main] INFO  impl.RaftServerImpl (RaftServerImpl.java:lambda$shutdown$3(245)) - b34515dc-ef39-40c7-8939-0c9a405226e8: shutdown group-B4C6CECBC899
2019-08-28 12:09:25,613 [main] INFO  util.JmxRegister (JmxRegister.java:unregister(73)) - Successfully un-registered JMX Bean with object name Ratis:service=RaftServer,group=group-B4C6CECBC899,id=b34515dc-ef39-40c7-8939-0c9a405226e8
2019-08-28 12:09:25,613 [main] INFO  impl.RoleInfo (RoleInfo.java:shutdownLeaderState(104)) - b34515dc-ef39-40c7-8939-0c9a405226e8: shutdown LeaderState
2019-08-28 12:09:25,614 [main] INFO  impl.PendingRequests (PendingRequests.java:sendNotLeaderResponses(202)) - b34515dc-ef39-40c7-8939-0c9a405226e8-PendingRequests: sendNotLeaderResponses
2019-08-28 12:09:25,614 [main] INFO  impl.StateMachineUpdater (StateMachineUpdater.java:stopAndJoin(115)) - StateMachineUpdater:b34515dc-ef39-40c7-8939-0c9a405226e8:group-B4C6CECBC899: set stopIndex = 0
2019-08-28 12:09:25,615 [main] INFO  impl.RaftServerImpl (ServerState.java:close(394)) - b34515dc-ef39-40c7-8939-0c9a405226e8:group-B4C6CECBC899 closes. The last applied log index is 0
2019-08-28 12:09:25,615 [b34515dc-ef39-40c7-8939-0c9a405226e8-SegmentedRaftLogWorker:Storage Directory /workdir/hadoop-ozone/integration-test/target/test-dir/MiniOzoneClusterImpl-c6369339-b721-4289-b411-c27671099042/datanode-5/data/ratis/31da4ce1-29e2-47aa-90d8-b4c6cecbc899] INFO  segmented.SegmentedRaftLogWorker (SegmentedRaftLogWorker.java:run(313)) - b34515dc-ef39-40c7-8939-0c9a405226e8-SegmentedRaftLogWorker:Storage Directory /workdir/hadoop-ozone/integration-test/target/test-dir/MiniOzoneClusterImpl-c6369339-b721-4289-b411-c27671099042/datanode-5/data/ratis/31da4ce1-29e2-47aa-90d8-b4c6cecbc899 was interrupted, exiting. There are 0 tasks remaining in the queue.
2019-08-28 12:09:25,615 [main] INFO  segmented.SegmentedRaftLogWorker (SegmentedRaftLogWorker.java:close(228)) - b34515dc-ef39-40c7-8939-0c9a405226e8-SegmentedRaftLogWorker:Storage Directory /workdir/hadoop-ozone/integration-test/target/test-dir/MiniOzoneClusterImpl-c6369339-b721-4289-b411-c27671099042/datanode-5/data/ratis/31da4ce1-29e2-47aa-90d8-b4c6cecbc899 close()
2019-08-28 12:09:25,617 [main] INFO  server.GrpcService (GrpcService.java:closeImpl(155)) - b34515dc-ef39-40c7-8939-0c9a405226e8: shutdown server with port 36166 now
2019-08-28 12:09:25,618 [ForkJoinPool.commonPool-worker-1] INFO  utils.BackgroundService (BackgroundService.java:shutdown(148)) - Shutting down service BlockDeletingService
2019-08-28 12:09:25,619 [grpc-default-executor-7] WARN  client.GrpcClientProtocolService (LogUtils.java:warn(134)) - 1-UnorderedRequestStreamObserver1: onError: org.apache.ratis.thirdparty.io.grpc.StatusRuntimeException: CANCELLED: cancelled before receiving half close
2019-08-28 12:09:25,619 [main] INFO  server.GrpcService (GrpcService.java:closeImpl(163)) - b34515dc-ef39-40c7-8939-0c9a405226e8: shutdown server with port 36166 successfully
2019-08-28 12:09:25,623 [ForkJoinPool.commonPool-worker-1] INFO  statemachine.DatanodeStateMachine (DatanodeStateMachine.java:stopDaemon(395)) - Ozone container server stopped.
2019-08-28 12:09:25,627 [ForkJoinPool.commonPool-worker-1] INFO  handler.ContextHandler (ContextHandler.java:doStop(910)) - Stopped o.e.j.w.WebAppContext@16c559c7{/,null,UNAVAILABLE}{/hddsDatanode}
2019-08-28 12:09:25,628 [refreshUsed-/workdir/hadoop-ozone/integration-test/target/test-dir/MiniOzoneClusterImpl-c6369339-b721-4289-b411-c27671099042/datanode-5/data/containers] WARN  fs.CachingGetSpaceUsed (CachingGetSpaceUsed.java:run(183)) - Thread Interrupted waiting to refresh disk information: sleep interrupted
2019-08-28 12:09:25,630 [ForkJoinPool.commonPool-worker-1] INFO  server.AbstractConnector (AbstractConnector.java:doStop(318)) - Stopped ServerConnector@32a7c583{HTTP/1.1,[http/1.1]}{0.0.0.0:0}
2019-08-28 12:09:25,632 [ForkJoinPool.commonPool-worker-1] INFO  handler.ContextHandler (ContextHandler.java:doStop(910)) - Stopped o.e.j.s.ServletContextHandler@7aead157{/static,jar:file:/home/user/.m2/repository/org/apache/hadoop/hadoop-hdds-container-service/0.5.0-SNAPSHOT/hadoop-hdds-container-service-0.5.0-SNAPSHOT.jar!/webapps/static,UNAVAILABLE}
2019-08-28 12:09:25,633 [ForkJoinPool.commonPool-worker-1] INFO  handler.ContextHandler (ContextHandler.java:doStop(910)) - Stopped o.e.j.s.ServletContextHandler@33ea437a{/logs,file:///workdir/hadoop-ozone/integration-test/target/log,UNAVAILABLE}
2019-08-28 12:09:25,647 [main] INFO  utils.BackgroundService (BackgroundService.java:shutdown(148)) - Shutting down service BlockDeletingService
2019-08-28 12:09:25,649 [main] INFO  statemachine.DatanodeStateMachine (DatanodeStateMachine.java:stopDaemon(395)) - Ozone container server stopped.
2019-08-28 12:09:25,650 [main] INFO  handler.ContextHandler (ContextHandler.java:doStop(910)) - Stopped o.e.j.w.WebAppContext@51cf17e8{/,null,UNAVAILABLE}{/hddsDatanode}
2019-08-28 12:09:25,651 [main] INFO  server.AbstractConnector (AbstractConnector.java:doStop(318)) - Stopped ServerConnector@7abeaed0{HTTP/1.1,[http/1.1]}{0.0.0.0:0}
2019-08-28 12:09:25,651 [main] INFO  handler.ContextHandler (ContextHandler.java:doStop(910)) - Stopped o.e.j.s.ServletContextHandler@6193a9e2{/static,jar:file:/home/user/.m2/repository/org/apache/hadoop/hadoop-hdds-container-service/0.5.0-SNAPSHOT/hadoop-hdds-container-service-0.5.0-SNAPSHOT.jar!/webapps/static,UNAVAILABLE}
2019-08-28 12:09:25,652 [main] INFO  handler.ContextHandler (ContextHandler.java:doStop(910)) - Stopped o.e.j.s.ServletContextHandler@1b9785aa{/logs,file:///workdir/hadoop-ozone/integration-test/target/log,UNAVAILABLE}
2019-08-28 12:09:25,653 [main] INFO  ozone.MiniOzoneClusterImpl (MiniOzoneClusterImpl.java:stopSCM(401)) - Stopping the StorageContainerManager
2019-08-28 12:09:25,653 [main] INFO  server.StorageContainerManager (StorageContainerManager.java:stop(797)) - Stopping Replication Manager Service.
2019-08-28 12:09:25,653 [main] INFO  container.ReplicationManager (ReplicationManager.java:stop(193)) - Stopping Replication Monitor Thread.
2019-08-28 12:09:25,653 [main] INFO  server.StorageContainerManager (StorageContainerManager.java:stop(804)) - Stopping Lease Manager of the command watchers
2019-08-28 12:09:25,654 [main] INFO  server.StorageContainerManager (StorageContainerManager.java:stop(811)) - Stopping datanode service RPC server
2019-08-28 12:09:25,654 [main] INFO  server.SCMDatanodeProtocolServer (SCMDatanodeProtocolServer.java:stop(367)) - Stopping the RPC server for DataNodes
2019-08-28 12:09:25,654 [main] INFO  ipc.Server (Server.java:stop(3082)) - Stopping server on 35852
2019-08-28 12:09:25,657 [IPC Server listener on 35852] INFO  ipc.Server (Server.java:run(1185)) - Stopping IPC Server listener on 35852
2019-08-28 12:09:25,657 [IPC Server Responder] INFO  ipc.Server (Server.java:run(1319)) - Stopping IPC Server Responder
2019-08-28 12:09:25,717 [SCM Heartbeat Processing Thread - 0] WARN  node.NodeStateManager (NodeStateManager.java:scheduleNextHealthCheck(646)) - Current Thread is interrupted, shutting down HB processing thread for Node Manager.
2019-08-28 12:09:25,717 [main] INFO  server.StorageContainerManager (StorageContainerManager.java:stop(819)) - Stopping block service RPC server
2019-08-28 12:09:25,717 [main] INFO  server.SCMBlockProtocolServer (SCMBlockProtocolServer.java:stop(148)) - Stopping the RPC server for Block Protocol
2019-08-28 12:09:25,718 [main] INFO  ipc.Server (Server.java:stop(3082)) - Stopping server on 37391
2019-08-28 12:09:25,719 [IPC Server listener on 37391] INFO  ipc.Server (Server.java:run(1185)) - Stopping IPC Server listener on 37391
2019-08-28 12:09:25,719 [main] INFO  server.StorageContainerManager (StorageContainerManager.java:stop(826)) - Stopping the StorageContainerLocationProtocol RPC server
2019-08-28 12:09:25,720 [main] INFO  server.SCMClientProtocolServer (SCMClientProtocolServer.java:stop(159)) - Stopping the RPC server for Client Protocol
2019-08-28 12:09:25,721 [IPC Server Responder] INFO  ipc.Server (Server.java:run(1319)) - Stopping IPC Server Responder
2019-08-28 12:09:25,722 [main] INFO  ipc.Server (Server.java:stop(3082)) - Stopping server on 33293
2019-08-28 12:09:25,724 [IPC Server listener on 33293] INFO  ipc.Server (Server.java:run(1185)) - Stopping IPC Server listener on 33293
2019-08-28 12:09:25,724 [main] INFO  server.StorageContainerManager (StorageContainerManager.java:stop(833)) - Stopping Storage Container Manager HTTP server.
2019-08-28 12:09:25,725 [IPC Server Responder] INFO  ipc.Server (Server.java:run(1319)) - Stopping IPC Server Responder
2019-08-28 12:09:25,726 [main] INFO  handler.ContextHandler (ContextHandler.java:doStop(910)) - Stopped o.e.j.w.WebAppContext@64404db6{/,null,UNAVAILABLE}{/scm}
2019-08-28 12:09:25,727 [main] INFO  server.AbstractConnector (AbstractConnector.java:doStop(318)) - Stopped ServerConnector@62f63625{HTTP/1.1,[http/1.1]}{0.0.0.0:0}
2019-08-28 12:09:25,727 [main] INFO  handler.ContextHandler (ContextHandler.java:doStop(910)) - Stopped o.e.j.s.ServletContextHandler@32192a69{/static,file:///workdir/hadoop-ozone/integration-test/target/test-classes/webapps/static,UNAVAILABLE}
2019-08-28 12:09:25,728 [main] INFO  handler.ContextHandler (ContextHandler.java:doStop(910)) - Stopped o.e.j.s.ServletContextHandler@1046aaa4{/logs,file:///workdir/hadoop-ozone/integration-test/target/log,UNAVAILABLE}
2019-08-28 12:09:25,729 [main] INFO  server.StorageContainerManager (StorageContainerManager.java:stop(844)) - Stopping Block Manager Service.
2019-08-28 12:09:25,729 [main] INFO  utils.BackgroundService (BackgroundService.java:shutdown(148)) - Shutting down service SCMBlockDeletingService
2019-08-28 12:09:25,729 [main] INFO  utils.BackgroundService (BackgroundService.java:shutdown(148)) - Shutting down service SCMBlockDeletingService
2019-08-28 12:09:25,730 [main] INFO  server.StorageContainerManager (StorageContainerManager.java:stop(866)) - Stopping SCM Event Queue.
2019-08-28 12:09:25,734 [main] INFO  impl.MetricsSystemImpl (MetricsSystemImpl.java:stop(210)) - Stopping HddsDatanode metrics system...
2019-08-28 12:09:25,747 [main] INFO  impl.MetricsSystemImpl (MetricsSystemImpl.java:stop(216)) - HddsDatanode metrics system stopped.
]]></system-out>
    <system-err><![CDATA[Aug 28, 2019 12:08:44 PM com.sun.jersey.server.impl.application.WebApplicationImpl _initiate
INFO: Initiating Jersey application, version 'Jersey: 1.19 02/11/2015 03:25 AM'
Aug 28, 2019 12:08:44 PM com.sun.jersey.server.impl.application.WebApplicationImpl _initiate
INFO: Initiating Jersey application, version 'Jersey: 1.19 02/11/2015 03:25 AM'
Aug 28, 2019 12:08:45 PM com.sun.jersey.server.impl.application.WebApplicationImpl _initiate
INFO: Initiating Jersey application, version 'Jersey: 1.19 02/11/2015 03:25 AM'
Aug 28, 2019 12:08:45 PM com.sun.jersey.server.impl.application.WebApplicationImpl _initiate
INFO: Initiating Jersey application, version 'Jersey: 1.19 02/11/2015 03:25 AM'
Aug 28, 2019 12:08:45 PM com.sun.jersey.server.impl.application.WebApplicationImpl _initiate
INFO: Initiating Jersey application, version 'Jersey: 1.19 02/11/2015 03:25 AM'
Aug 28, 2019 12:08:45 PM com.sun.jersey.server.impl.application.WebApplicationImpl _initiate
INFO: Initiating Jersey application, version 'Jersey: 1.19 02/11/2015 03:25 AM'
Aug 28, 2019 12:08:46 PM com.sun.jersey.server.impl.application.WebApplicationImpl _initiate
INFO: Initiating Jersey application, version 'Jersey: 1.19 02/11/2015 03:25 AM'
Aug 28, 2019 12:08:48 PM org.apache.ratis.thirdparty.io.grpc.internal.ManagedChannelOrphanWrapper$ManagedChannelReference cleanQueue
SEVERE: *~*~*~ Channel ManagedChannelImpl{logId=2749, target=192.168.36.80:42810} was not shutdown properly!!! ~*~*~*
    Make sure to call shutdown()/shutdownNow() and wait until awaitTermination() returns true.
java.lang.RuntimeException: ManagedChannel allocation site
	at org.apache.ratis.thirdparty.io.grpc.internal.ManagedChannelOrphanWrapper$ManagedChannelReference.<init>(ManagedChannelOrphanWrapper.java:103)
	at org.apache.ratis.thirdparty.io.grpc.internal.ManagedChannelOrphanWrapper.<init>(ManagedChannelOrphanWrapper.java:53)
	at org.apache.ratis.thirdparty.io.grpc.internal.ManagedChannelOrphanWrapper.<init>(ManagedChannelOrphanWrapper.java:44)
	at org.apache.ratis.thirdparty.io.grpc.internal.AbstractManagedChannelImplBuilder.build(AbstractManagedChannelImplBuilder.java:411)
	at org.apache.ratis.grpc.client.GrpcClientProtocolClient.<init>(GrpcClientProtocolClient.java:119)
	at org.apache.ratis.grpc.client.GrpcClientRpc.lambda$new$0(GrpcClientRpc.java:55)
	at org.apache.ratis.util.PeerProxyMap$PeerAndProxy.lambda$getProxy$0(PeerProxyMap.java:61)
	at org.apache.ratis.util.LifeCycle.startAndTransition(LifeCycle.java:202)
	at org.apache.ratis.util.PeerProxyMap$PeerAndProxy.getProxy(PeerProxyMap.java:60)
	at org.apache.ratis.util.PeerProxyMap.getProxy(PeerProxyMap.java:107)
	at org.apache.ratis.grpc.client.GrpcClientRpc.sendRequestAsync(GrpcClientRpc.java:66)
	at org.apache.ratis.client.impl.OrderedAsync.sendRequest(OrderedAsync.java:208)
	at org.apache.ratis.client.impl.OrderedAsync.sendRequestWithRetry(OrderedAsync.java:169)
	at org.apache.ratis.util.SlidingWindow$Client.sendOrDelayRequest(SlidingWindow.java:278)
	at org.apache.ratis.util.SlidingWindow$Client.submitNewRequest(SlidingWindow.java:257)
	at org.apache.ratis.client.impl.OrderedAsync.send(OrderedAsync.java:155)
	at org.apache.ratis.client.impl.RaftClientImpl.sendAsync(RaftClientImpl.java:145)
	at org.apache.ratis.client.impl.RaftClientImpl.sendAsync(RaftClientImpl.java:125)
	at org.apache.hadoop.hdds.scm.XceiverClientRatis.sendRequestAsync(XceiverClientRatis.java:224)
	at org.apache.hadoop.hdds.scm.XceiverClientRatis.sendCommandAsync(XceiverClientRatis.java:302)
	at org.apache.hadoop.hdds.scm.storage.ContainerProtocolCalls.writeChunkAsync(ContainerProtocolCalls.java:310)
	at org.apache.hadoop.hdds.scm.storage.BlockOutputStream.writeChunkToContainer(BlockOutputStream.java:601)
	at org.apache.hadoop.hdds.scm.storage.BlockOutputStream.writeChunk(BlockOutputStream.java:459)
	at org.apache.hadoop.hdds.scm.storage.BlockOutputStream.writeOnRetry(BlockOutputStream.java:285)
	at org.apache.hadoop.ozone.client.io.BlockOutputStreamEntry.writeOnRetry(BlockOutputStreamEntry.java:200)
	at org.apache.hadoop.ozone.client.io.KeyOutputStream.handleWrite(KeyOutputStream.java:209)
	at org.apache.hadoop.ozone.client.io.KeyOutputStream.handleRetry(KeyOutputStream.java:376)
	at org.apache.hadoop.ozone.client.io.KeyOutputStream.handleException(KeyOutputStream.java:325)
	at org.apache.hadoop.ozone.client.io.KeyOutputStream.handleFlushOrClose(KeyOutputStream.java:448)
	at org.apache.hadoop.ozone.client.io.KeyOutputStream.handleWrite(KeyOutputStream.java:235)
	at org.apache.hadoop.ozone.client.io.KeyOutputStream.write(KeyOutputStream.java:193)
	at org.apache.hadoop.ozone.client.io.OzoneOutputStream.write(OzoneOutputStream.java:49)
	at java.io.OutputStream.write(OutputStream.java:75)
	at org.apache.hadoop.ozone.client.rpc.TestBlockOutputStreamWithFailures.testWatchForCommitWithSingleNodeRatis(TestBlockOutputStreamWithFailures.java:885)
	at sun.reflect.NativeMethodAccessorImpl.invoke0(Native Method)
	at sun.reflect.NativeMethodAccessorImpl.invoke(NativeMethodAccessorImpl.java:62)
	at sun.reflect.DelegatingMethodAccessorImpl.invoke(DelegatingMethodAccessorImpl.java:43)
	at java.lang.reflect.Method.invoke(Method.java:498)
	at org.junit.runners.model.FrameworkMethod$1.runReflectiveCall(FrameworkMethod.java:47)
	at org.junit.internal.runners.model.ReflectiveCallable.run(ReflectiveCallable.java:12)
	at org.junit.runners.model.FrameworkMethod.invokeExplosively(FrameworkMethod.java:44)
	at org.junit.internal.runners.statements.InvokeMethod.evaluate(InvokeMethod.java:17)
	at org.junit.internal.runners.statements.RunBefores.evaluate(RunBefores.java:26)
	at org.junit.internal.runners.statements.RunAfters.evaluate(RunAfters.java:27)
	at org.junit.runners.ParentRunner.runLeaf(ParentRunner.java:271)
	at org.junit.runners.BlockJUnit4ClassRunner.runChild(BlockJUnit4ClassRunner.java:70)
	at org.junit.runners.BlockJUnit4ClassRunner.runChild(BlockJUnit4ClassRunner.java:50)
	at org.junit.runners.ParentRunner$3.run(ParentRunner.java:238)
	at org.junit.runners.ParentRunner$1.schedule(ParentRunner.java:63)
	at org.junit.runners.ParentRunner.runChildren(ParentRunner.java:236)
	at org.junit.runners.ParentRunner.access$000(ParentRunner.java:53)
	at org.junit.runners.ParentRunner$2.evaluate(ParentRunner.java:229)
	at org.junit.runners.ParentRunner.run(ParentRunner.java:309)
	at org.apache.maven.surefire.junit4.JUnit4Provider.execute(JUnit4Provider.java:365)
	at org.apache.maven.surefire.junit4.JUnit4Provider.executeWithRerun(JUnit4Provider.java:273)
	at org.apache.maven.surefire.junit4.JUnit4Provider.executeTestSet(JUnit4Provider.java:238)
	at org.apache.maven.surefire.junit4.JUnit4Provider.invoke(JUnit4Provider.java:159)
	at org.apache.maven.surefire.booter.ForkedBooter.invokeProviderInSameClassLoader(ForkedBooter.java:384)
	at org.apache.maven.surefire.booter.ForkedBooter.runSuitesInProcess(ForkedBooter.java:345)
	at org.apache.maven.surefire.booter.ForkedBooter.execute(ForkedBooter.java:126)
	at org.apache.maven.surefire.booter.ForkedBooter.main(ForkedBooter.java:418)

Aug 28, 2019 12:08:48 PM org.apache.ratis.thirdparty.io.grpc.internal.ManagedChannelOrphanWrapper$ManagedChannelReference cleanQueue
SEVERE: *~*~*~ Channel ManagedChannelImpl{logId=2744, target=192.168.36.80:38837} was not shutdown properly!!! ~*~*~*
    Make sure to call shutdown()/shutdownNow() and wait until awaitTermination() returns true.
java.lang.RuntimeException: ManagedChannel allocation site
	at org.apache.ratis.thirdparty.io.grpc.internal.ManagedChannelOrphanWrapper$ManagedChannelReference.<init>(ManagedChannelOrphanWrapper.java:103)
	at org.apache.ratis.thirdparty.io.grpc.internal.ManagedChannelOrphanWrapper.<init>(ManagedChannelOrphanWrapper.java:53)
	at org.apache.ratis.thirdparty.io.grpc.internal.ManagedChannelOrphanWrapper.<init>(ManagedChannelOrphanWrapper.java:44)
	at org.apache.ratis.thirdparty.io.grpc.internal.AbstractManagedChannelImplBuilder.build(AbstractManagedChannelImplBuilder.java:411)
	at org.apache.ratis.grpc.client.GrpcClientProtocolClient.<init>(GrpcClientProtocolClient.java:119)
	at org.apache.ratis.grpc.client.GrpcClientRpc.lambda$new$0(GrpcClientRpc.java:55)
	at org.apache.ratis.util.PeerProxyMap$PeerAndProxy.lambda$getProxy$0(PeerProxyMap.java:61)
	at org.apache.ratis.util.LifeCycle.startAndTransition(LifeCycle.java:202)
	at org.apache.ratis.util.PeerProxyMap$PeerAndProxy.getProxy(PeerProxyMap.java:60)
	at org.apache.ratis.util.PeerProxyMap.getProxy(PeerProxyMap.java:107)
	at org.apache.ratis.grpc.client.GrpcClientRpc.sendRequestAsync(GrpcClientRpc.java:66)
	at org.apache.ratis.client.impl.OrderedAsync.sendRequest(OrderedAsync.java:208)
	at org.apache.ratis.client.impl.OrderedAsync.sendRequestWithRetry(OrderedAsync.java:169)
	at org.apache.ratis.util.SlidingWindow$Client.sendOrDelayRequest(SlidingWindow.java:278)
	at org.apache.ratis.util.SlidingWindow$Client.retry(SlidingWindow.java:294)
	at org.apache.ratis.client.impl.OrderedAsync.lambda$scheduleWithTimeout$7(OrderedAsync.java:195)
	at org.apache.ratis.util.TimeoutScheduler.lambda$onTimeout$0(TimeoutScheduler.java:85)
	at org.apache.ratis.util.TimeoutScheduler.lambda$onTimeout$1(TimeoutScheduler.java:104)
	at org.apache.ratis.util.LogUtils.runAndLog(LogUtils.java:50)
	at org.apache.ratis.util.LogUtils$1.run(LogUtils.java:91)
	at java.util.concurrent.Executors$RunnableAdapter.call(Executors.java:511)
	at java.util.concurrent.FutureTask.run(FutureTask.java:266)
	at java.util.concurrent.ScheduledThreadPoolExecutor$ScheduledFutureTask.access$201(ScheduledThreadPoolExecutor.java:180)
	at java.util.concurrent.ScheduledThreadPoolExecutor$ScheduledFutureTask.run(ScheduledThreadPoolExecutor.java:293)
	at java.util.concurrent.ThreadPoolExecutor.runWorker(ThreadPoolExecutor.java:1149)
	at java.util.concurrent.ThreadPoolExecutor$Worker.run(ThreadPoolExecutor.java:624)
	at java.lang.Thread.run(Thread.java:748)

Aug 28, 2019 12:08:48 PM org.apache.ratis.thirdparty.io.grpc.internal.ManagedChannelOrphanWrapper$ManagedChannelReference cleanQueue
SEVERE: *~*~*~ Channel ManagedChannelImpl{logId=2759, target=192.168.36.80:37951} was not shutdown properly!!! ~*~*~*
    Make sure to call shutdown()/shutdownNow() and wait until awaitTermination() returns true.
java.lang.RuntimeException: ManagedChannel allocation site
	at org.apache.ratis.thirdparty.io.grpc.internal.ManagedChannelOrphanWrapper$ManagedChannelReference.<init>(ManagedChannelOrphanWrapper.java:103)
	at org.apache.ratis.thirdparty.io.grpc.internal.ManagedChannelOrphanWrapper.<init>(ManagedChannelOrphanWrapper.java:53)
	at org.apache.ratis.thirdparty.io.grpc.internal.ManagedChannelOrphanWrapper.<init>(ManagedChannelOrphanWrapper.java:44)
	at org.apache.ratis.thirdparty.io.grpc.internal.AbstractManagedChannelImplBuilder.build(AbstractManagedChannelImplBuilder.java:411)
	at org.apache.hadoop.hdds.scm.XceiverClientGrpc.connectToDatanode(XceiverClientGrpc.java:175)
	at org.apache.hadoop.hdds.scm.XceiverClientGrpc.reconnect(XceiverClientGrpc.java:423)
	at org.apache.hadoop.hdds.scm.XceiverClientGrpc.sendCommandAsync(XceiverClientGrpc.java:372)
	at org.apache.hadoop.hdds.scm.XceiverClientGrpc.sendCommandWithRetry(XceiverClientGrpc.java:285)
	at org.apache.hadoop.hdds.scm.XceiverClientGrpc.sendCommandWithTraceIDAndRetry(XceiverClientGrpc.java:251)
	at org.apache.hadoop.hdds.scm.XceiverClientGrpc.sendCommand(XceiverClientGrpc.java:234)
	at org.apache.hadoop.hdds.scm.storage.ContainerProtocolCalls.getBlock(ContainerProtocolCalls.java:118)
	at org.apache.hadoop.hdds.scm.storage.BlockInputStream.getChunkInfos(BlockInputStream.java:167)
	at org.apache.hadoop.hdds.scm.storage.BlockInputStream.initialize(BlockInputStream.java:118)
	at org.apache.hadoop.hdds.scm.storage.BlockInputStream.read(BlockInputStream.java:222)
	at org.apache.hadoop.ozone.client.io.KeyInputStream.read(KeyInputStream.java:171)
	at org.apache.hadoop.ozone.client.io.OzoneInputStream.read(OzoneInputStream.java:47)
	at java.io.InputStream.read(InputStream.java:101)
	at org.apache.hadoop.ozone.container.ContainerTestHelper.validateData(ContainerTestHelper.java:714)
	at org.apache.hadoop.ozone.client.rpc.TestBlockOutputStreamWithFailures.validateData(TestBlockOutputStreamWithFailures.java:1216)
	at org.apache.hadoop.ozone.client.rpc.TestBlockOutputStreamWithFailures.testWatchForCommitWithSingleNodeRatis(TestBlockOutputStreamWithFailures.java:918)
	at sun.reflect.NativeMethodAccessorImpl.invoke0(Native Method)
	at sun.reflect.NativeMethodAccessorImpl.invoke(NativeMethodAccessorImpl.java:62)
	at sun.reflect.DelegatingMethodAccessorImpl.invoke(DelegatingMethodAccessorImpl.java:43)
	at java.lang.reflect.Method.invoke(Method.java:498)
	at org.junit.runners.model.FrameworkMethod$1.runReflectiveCall(FrameworkMethod.java:47)
	at org.junit.internal.runners.model.ReflectiveCallable.run(ReflectiveCallable.java:12)
	at org.junit.runners.model.FrameworkMethod.invokeExplosively(FrameworkMethod.java:44)
	at org.junit.internal.runners.statements.InvokeMethod.evaluate(InvokeMethod.java:17)
	at org.junit.internal.runners.statements.RunBefores.evaluate(RunBefores.java:26)
	at org.junit.internal.runners.statements.RunAfters.evaluate(RunAfters.java:27)
	at org.junit.runners.ParentRunner.runLeaf(ParentRunner.java:271)
	at org.junit.runners.BlockJUnit4ClassRunner.runChild(BlockJUnit4ClassRunner.java:70)
	at org.junit.runners.BlockJUnit4ClassRunner.runChild(BlockJUnit4ClassRunner.java:50)
	at org.junit.runners.ParentRunner$3.run(ParentRunner.java:238)
	at org.junit.runners.ParentRunner$1.schedule(ParentRunner.java:63)
	at org.junit.runners.ParentRunner.runChildren(ParentRunner.java:236)
	at org.junit.runners.ParentRunner.access$000(ParentRunner.java:53)
	at org.junit.runners.ParentRunner$2.evaluate(ParentRunner.java:229)
	at org.junit.runners.ParentRunner.run(ParentRunner.java:309)
	at org.apache.maven.surefire.junit4.JUnit4Provider.execute(JUnit4Provider.java:365)
	at org.apache.maven.surefire.junit4.JUnit4Provider.executeWithRerun(JUnit4Provider.java:273)
	at org.apache.maven.surefire.junit4.JUnit4Provider.executeTestSet(JUnit4Provider.java:238)
	at org.apache.maven.surefire.junit4.JUnit4Provider.invoke(JUnit4Provider.java:159)
	at org.apache.maven.surefire.booter.ForkedBooter.invokeProviderInSameClassLoader(ForkedBooter.java:384)
	at org.apache.maven.surefire.booter.ForkedBooter.runSuitesInProcess(ForkedBooter.java:345)
	at org.apache.maven.surefire.booter.ForkedBooter.execute(ForkedBooter.java:126)
	at org.apache.maven.surefire.booter.ForkedBooter.main(ForkedBooter.java:418)

Aug 28, 2019 12:08:48 PM org.apache.ratis.thirdparty.io.grpc.internal.ManagedChannelOrphanWrapper$ManagedChannelReference cleanQueue
SEVERE: *~*~*~ Channel ManagedChannelImpl{logId=2518, target=192.168.36.80:38059} was not shutdown properly!!! ~*~*~*
    Make sure to call shutdown()/shutdownNow() and wait until awaitTermination() returns true.
java.lang.RuntimeException: ManagedChannel allocation site
	at org.apache.ratis.thirdparty.io.grpc.internal.ManagedChannelOrphanWrapper$ManagedChannelReference.<init>(ManagedChannelOrphanWrapper.java:103)
	at org.apache.ratis.thirdparty.io.grpc.internal.ManagedChannelOrphanWrapper.<init>(ManagedChannelOrphanWrapper.java:53)
	at org.apache.ratis.thirdparty.io.grpc.internal.ManagedChannelOrphanWrapper.<init>(ManagedChannelOrphanWrapper.java:44)
	at org.apache.ratis.thirdparty.io.grpc.internal.AbstractManagedChannelImplBuilder.build(AbstractManagedChannelImplBuilder.java:411)
	at org.apache.ratis.grpc.client.GrpcClientProtocolClient.<init>(GrpcClientProtocolClient.java:119)
	at org.apache.ratis.grpc.client.GrpcClientRpc.lambda$new$0(GrpcClientRpc.java:55)
	at org.apache.ratis.util.PeerProxyMap$PeerAndProxy.lambda$getProxy$0(PeerProxyMap.java:61)
	at org.apache.ratis.util.LifeCycle.startAndTransition(LifeCycle.java:202)
	at org.apache.ratis.util.PeerProxyMap$PeerAndProxy.getProxy(PeerProxyMap.java:60)
	at org.apache.ratis.util.PeerProxyMap.getProxy(PeerProxyMap.java:107)
	at org.apache.ratis.grpc.client.GrpcClientRpc.sendRequestAsync(GrpcClientRpc.java:66)
	at org.apache.ratis.client.impl.OrderedAsync.sendRequest(OrderedAsync.java:208)
	at org.apache.ratis.client.impl.OrderedAsync.sendRequestWithRetry(OrderedAsync.java:169)
	at org.apache.ratis.util.SlidingWindow$Client.sendOrDelayRequest(SlidingWindow.java:278)
	at org.apache.ratis.util.SlidingWindow$Client.retry(SlidingWindow.java:294)
	at org.apache.ratis.client.impl.OrderedAsync.lambda$scheduleWithTimeout$7(OrderedAsync.java:195)
	at org.apache.ratis.util.TimeoutScheduler.lambda$onTimeout$0(TimeoutScheduler.java:85)
	at org.apache.ratis.util.TimeoutScheduler.lambda$onTimeout$1(TimeoutScheduler.java:104)
	at org.apache.ratis.util.LogUtils.runAndLog(LogUtils.java:50)
	at org.apache.ratis.util.LogUtils$1.run(LogUtils.java:91)
	at java.util.concurrent.Executors$RunnableAdapter.call(Executors.java:511)
	at java.util.concurrent.FutureTask.run(FutureTask.java:266)
	at java.util.concurrent.ScheduledThreadPoolExecutor$ScheduledFutureTask.access$201(ScheduledThreadPoolExecutor.java:180)
	at java.util.concurrent.ScheduledThreadPoolExecutor$ScheduledFutureTask.run(ScheduledThreadPoolExecutor.java:293)
	at java.util.concurrent.ThreadPoolExecutor.runWorker(ThreadPoolExecutor.java:1149)
	at java.util.concurrent.ThreadPoolExecutor$Worker.run(ThreadPoolExecutor.java:624)
	at java.lang.Thread.run(Thread.java:748)

Aug 28, 2019 12:08:48 PM org.apache.ratis.thirdparty.io.grpc.internal.ManagedChannelOrphanWrapper$ManagedChannelReference cleanQueue
SEVERE: *~*~*~ Channel ManagedChannelImpl{logId=2552, target=192.168.36.80:36161} was not shutdown properly!!! ~*~*~*
    Make sure to call shutdown()/shutdownNow() and wait until awaitTermination() returns true.
java.lang.RuntimeException: ManagedChannel allocation site
	at org.apache.ratis.thirdparty.io.grpc.internal.ManagedChannelOrphanWrapper$ManagedChannelReference.<init>(ManagedChannelOrphanWrapper.java:103)
	at org.apache.ratis.thirdparty.io.grpc.internal.ManagedChannelOrphanWrapper.<init>(ManagedChannelOrphanWrapper.java:53)
	at org.apache.ratis.thirdparty.io.grpc.internal.ManagedChannelOrphanWrapper.<init>(ManagedChannelOrphanWrapper.java:44)
	at org.apache.ratis.thirdparty.io.grpc.internal.AbstractManagedChannelImplBuilder.build(AbstractManagedChannelImplBuilder.java:411)
	at org.apache.hadoop.hdds.scm.XceiverClientGrpc.connectToDatanode(XceiverClientGrpc.java:175)
	at org.apache.hadoop.hdds.scm.XceiverClientGrpc.reconnect(XceiverClientGrpc.java:423)
	at org.apache.hadoop.hdds.scm.XceiverClientGrpc.sendCommandAsync(XceiverClientGrpc.java:372)
	at org.apache.hadoop.hdds.scm.XceiverClientGrpc.sendCommandWithRetry(XceiverClientGrpc.java:285)
	at org.apache.hadoop.hdds.scm.XceiverClientGrpc.sendCommandWithTraceIDAndRetry(XceiverClientGrpc.java:251)
	at org.apache.hadoop.hdds.scm.XceiverClientGrpc.sendCommand(XceiverClientGrpc.java:234)
	at org.apache.hadoop.hdds.scm.storage.ContainerProtocolCalls.getBlock(ContainerProtocolCalls.java:118)
	at org.apache.hadoop.hdds.scm.storage.BlockInputStream.getChunkInfos(BlockInputStream.java:167)
	at org.apache.hadoop.hdds.scm.storage.BlockInputStream.initialize(BlockInputStream.java:118)
	at org.apache.hadoop.hdds.scm.storage.BlockInputStream.read(BlockInputStream.java:222)
	at org.apache.hadoop.ozone.client.io.KeyInputStream.read(KeyInputStream.java:171)
	at org.apache.hadoop.ozone.client.io.OzoneInputStream.read(OzoneInputStream.java:47)
	at java.io.InputStream.read(InputStream.java:101)
	at org.apache.hadoop.ozone.container.ContainerTestHelper.validateData(ContainerTestHelper.java:714)
	at org.apache.hadoop.ozone.client.rpc.TestBlockOutputStreamWithFailures.validateData(TestBlockOutputStreamWithFailures.java:1216)
	at org.apache.hadoop.ozone.client.rpc.TestBlockOutputStreamWithFailures.testDatanodeFailureWithSingleNodeRatis(TestBlockOutputStreamWithFailures.java:1058)
	at sun.reflect.NativeMethodAccessorImpl.invoke0(Native Method)
	at sun.reflect.NativeMethodAccessorImpl.invoke(NativeMethodAccessorImpl.java:62)
	at sun.reflect.DelegatingMethodAccessorImpl.invoke(DelegatingMethodAccessorImpl.java:43)
	at java.lang.reflect.Method.invoke(Method.java:498)
	at org.junit.runners.model.FrameworkMethod$1.runReflectiveCall(FrameworkMethod.java:47)
	at org.junit.internal.runners.model.ReflectiveCallable.run(ReflectiveCallable.java:12)
	at org.junit.runners.model.FrameworkMethod.invokeExplosively(FrameworkMethod.java:44)
	at org.junit.internal.runners.statements.InvokeMethod.evaluate(InvokeMethod.java:17)
	at org.junit.internal.runners.statements.RunBefores.evaluate(RunBefores.java:26)
	at org.junit.internal.runners.statements.RunAfters.evaluate(RunAfters.java:27)
	at org.junit.runners.ParentRunner.runLeaf(ParentRunner.java:271)
	at org.junit.runners.BlockJUnit4ClassRunner.runChild(BlockJUnit4ClassRunner.java:70)
	at org.junit.runners.BlockJUnit4ClassRunner.runChild(BlockJUnit4ClassRunner.java:50)
	at org.junit.runners.ParentRunner$3.run(ParentRunner.java:238)
	at org.junit.runners.ParentRunner$1.schedule(ParentRunner.java:63)
	at org.junit.runners.ParentRunner.runChildren(ParentRunner.java:236)
	at org.junit.runners.ParentRunner.access$000(ParentRunner.java:53)
	at org.junit.runners.ParentRunner$2.evaluate(ParentRunner.java:229)
	at org.junit.runners.ParentRunner.run(ParentRunner.java:309)
	at org.apache.maven.surefire.junit4.JUnit4Provider.execute(JUnit4Provider.java:365)
	at org.apache.maven.surefire.junit4.JUnit4Provider.executeWithRerun(JUnit4Provider.java:273)
	at org.apache.maven.surefire.junit4.JUnit4Provider.executeTestSet(JUnit4Provider.java:238)
	at org.apache.maven.surefire.junit4.JUnit4Provider.invoke(JUnit4Provider.java:159)
	at org.apache.maven.surefire.booter.ForkedBooter.invokeProviderInSameClassLoader(ForkedBooter.java:384)
	at org.apache.maven.surefire.booter.ForkedBooter.runSuitesInProcess(ForkedBooter.java:345)
	at org.apache.maven.surefire.booter.ForkedBooter.execute(ForkedBooter.java:126)
	at org.apache.maven.surefire.booter.ForkedBooter.main(ForkedBooter.java:418)

Aug 28, 2019 12:08:48 PM org.apache.ratis.thirdparty.io.grpc.internal.ManagedChannelOrphanWrapper$ManagedChannelReference cleanQueue
SEVERE: *~*~*~ Channel ManagedChannelImpl{logId=2522, target=192.168.36.80:33982} was not shutdown properly!!! ~*~*~*
    Make sure to call shutdown()/shutdownNow() and wait until awaitTermination() returns true.
java.lang.RuntimeException: ManagedChannel allocation site
	at org.apache.ratis.thirdparty.io.grpc.internal.ManagedChannelOrphanWrapper$ManagedChannelReference.<init>(ManagedChannelOrphanWrapper.java:103)
	at org.apache.ratis.thirdparty.io.grpc.internal.ManagedChannelOrphanWrapper.<init>(ManagedChannelOrphanWrapper.java:53)
	at org.apache.ratis.thirdparty.io.grpc.internal.ManagedChannelOrphanWrapper.<init>(ManagedChannelOrphanWrapper.java:44)
	at org.apache.ratis.thirdparty.io.grpc.internal.AbstractManagedChannelImplBuilder.build(AbstractManagedChannelImplBuilder.java:411)
	at org.apache.ratis.grpc.client.GrpcClientProtocolClient.<init>(GrpcClientProtocolClient.java:119)
	at org.apache.ratis.grpc.client.GrpcClientRpc.lambda$new$0(GrpcClientRpc.java:55)
	at org.apache.ratis.util.PeerProxyMap$PeerAndProxy.lambda$getProxy$0(PeerProxyMap.java:61)
	at org.apache.ratis.util.LifeCycle.startAndTransition(LifeCycle.java:202)
	at org.apache.ratis.util.PeerProxyMap$PeerAndProxy.getProxy(PeerProxyMap.java:60)
	at org.apache.ratis.util.PeerProxyMap.getProxy(PeerProxyMap.java:107)
	at org.apache.ratis.grpc.client.GrpcClientRpc.sendRequestAsync(GrpcClientRpc.java:66)
	at org.apache.ratis.client.impl.OrderedAsync.sendRequest(OrderedAsync.java:208)
	at org.apache.ratis.client.impl.OrderedAsync.sendRequestWithRetry(OrderedAsync.java:169)
	at org.apache.ratis.util.SlidingWindow$Client.sendOrDelayRequest(SlidingWindow.java:278)
	at org.apache.ratis.util.SlidingWindow$Client.submitNewRequest(SlidingWindow.java:257)
	at org.apache.ratis.client.impl.OrderedAsync.send(OrderedAsync.java:155)
	at org.apache.ratis.client.impl.RaftClientImpl.sendAsync(RaftClientImpl.java:145)
	at org.apache.ratis.client.impl.RaftClientImpl.sendAsync(RaftClientImpl.java:125)
	at org.apache.hadoop.hdds.scm.XceiverClientRatis.sendRequestAsync(XceiverClientRatis.java:224)
	at org.apache.hadoop.hdds.scm.XceiverClientRatis.sendCommandAsync(XceiverClientRatis.java:302)
	at org.apache.hadoop.hdds.scm.storage.ContainerProtocolCalls.writeChunkAsync(ContainerProtocolCalls.java:310)
	at org.apache.hadoop.hdds.scm.storage.BlockOutputStream.writeChunkToContainer(BlockOutputStream.java:601)
	at org.apache.hadoop.hdds.scm.storage.BlockOutputStream.writeChunk(BlockOutputStream.java:459)
	at org.apache.hadoop.hdds.scm.storage.BlockOutputStream.writeOnRetry(BlockOutputStream.java:285)
	at org.apache.hadoop.ozone.client.io.BlockOutputStreamEntry.writeOnRetry(BlockOutputStreamEntry.java:200)
	at org.apache.hadoop.ozone.client.io.KeyOutputStream.handleWrite(KeyOutputStream.java:209)
	at org.apache.hadoop.ozone.client.io.KeyOutputStream.handleRetry(KeyOutputStream.java:376)
	at org.apache.hadoop.ozone.client.io.KeyOutputStream.handleException(KeyOutputStream.java:325)
	at org.apache.hadoop.ozone.client.io.KeyOutputStream.handleFlushOrClose(KeyOutputStream.java:448)
	at org.apache.hadoop.ozone.client.io.KeyOutputStream.handleWrite(KeyOutputStream.java:235)
	at org.apache.hadoop.ozone.client.io.KeyOutputStream.write(KeyOutputStream.java:193)
	at org.apache.hadoop.ozone.client.io.OzoneOutputStream.write(OzoneOutputStream.java:49)
	at java.io.OutputStream.write(OutputStream.java:75)
	at org.apache.hadoop.ozone.client.rpc.TestBlockOutputStreamWithFailures.testDatanodeFailureWithSingleNodeRatis(TestBlockOutputStreamWithFailures.java:1021)
	at sun.reflect.NativeMethodAccessorImpl.invoke0(Native Method)
	at sun.reflect.NativeMethodAccessorImpl.invoke(NativeMethodAccessorImpl.java:62)
	at sun.reflect.DelegatingMethodAccessorImpl.invoke(DelegatingMethodAccessorImpl.java:43)
	at java.lang.reflect.Method.invoke(Method.java:498)
	at org.junit.runners.model.FrameworkMethod$1.runReflectiveCall(FrameworkMethod.java:47)
	at org.junit.internal.runners.model.ReflectiveCallable.run(ReflectiveCallable.java:12)
	at org.junit.runners.model.FrameworkMethod.invokeExplosively(FrameworkMethod.java:44)
	at org.junit.internal.runners.statements.InvokeMethod.evaluate(InvokeMethod.java:17)
	at org.junit.internal.runners.statements.RunBefores.evaluate(RunBefores.java:26)
	at org.junit.internal.runners.statements.RunAfters.evaluate(RunAfters.java:27)
	at org.junit.runners.ParentRunner.runLeaf(ParentRunner.java:271)
	at org.junit.runners.BlockJUnit4ClassRunner.runChild(BlockJUnit4ClassRunner.java:70)
	at org.junit.runners.BlockJUnit4ClassRunner.runChild(BlockJUnit4ClassRunner.java:50)
	at org.junit.runners.ParentRunner$3.run(ParentRunner.java:238)
	at org.junit.runners.ParentRunner$1.schedule(ParentRunner.java:63)
	at org.junit.runners.ParentRunner.runChildren(ParentRunner.java:236)
	at org.junit.runners.ParentRunner.access$000(ParentRunner.java:53)
	at org.junit.runners.ParentRunner$2.evaluate(ParentRunner.java:229)
	at org.junit.runners.ParentRunner.run(ParentRunner.java:309)
	at org.apache.maven.surefire.junit4.JUnit4Provider.execute(JUnit4Provider.java:365)
	at org.apache.maven.surefire.junit4.JUnit4Provider.executeWithRerun(JUnit4Provider.java:273)
	at org.apache.maven.surefire.junit4.JUnit4Provider.executeTestSet(JUnit4Provider.java:238)
	at org.apache.maven.surefire.junit4.JUnit4Provider.invoke(JUnit4Provider.java:159)
	at org.apache.maven.surefire.booter.ForkedBooter.invokeProviderInSameClassLoader(ForkedBooter.java:384)
	at org.apache.maven.surefire.booter.ForkedBooter.runSuitesInProcess(ForkedBooter.java:345)
	at org.apache.maven.surefire.booter.ForkedBooter.execute(ForkedBooter.java:126)
	at org.apache.maven.surefire.booter.ForkedBooter.main(ForkedBooter.java:418)

Aug 28, 2019 12:08:48 PM org.apache.ratis.thirdparty.io.grpc.internal.ManagedChannelOrphanWrapper$ManagedChannelReference cleanQueue
SEVERE: *~*~*~ Channel ManagedChannelImpl{logId=2754, target=192.168.36.80:35515} was not shutdown properly!!! ~*~*~*
    Make sure to call shutdown()/shutdownNow() and wait until awaitTermination() returns true.
java.lang.RuntimeException: ManagedChannel allocation site
	at org.apache.ratis.thirdparty.io.grpc.internal.ManagedChannelOrphanWrapper$ManagedChannelReference.<init>(ManagedChannelOrphanWrapper.java:103)
	at org.apache.ratis.thirdparty.io.grpc.internal.ManagedChannelOrphanWrapper.<init>(ManagedChannelOrphanWrapper.java:53)
	at org.apache.ratis.thirdparty.io.grpc.internal.ManagedChannelOrphanWrapper.<init>(ManagedChannelOrphanWrapper.java:44)
	at org.apache.ratis.thirdparty.io.grpc.internal.AbstractManagedChannelImplBuilder.build(AbstractManagedChannelImplBuilder.java:411)
	at org.apache.hadoop.hdds.scm.XceiverClientGrpc.connectToDatanode(XceiverClientGrpc.java:175)
	at org.apache.hadoop.hdds.scm.XceiverClientGrpc.reconnect(XceiverClientGrpc.java:423)
	at org.apache.hadoop.hdds.scm.XceiverClientGrpc.sendCommandAsync(XceiverClientGrpc.java:372)
	at org.apache.hadoop.hdds.scm.XceiverClientGrpc.sendCommandWithRetry(XceiverClientGrpc.java:285)
	at org.apache.hadoop.hdds.scm.XceiverClientGrpc.sendCommandWithTraceIDAndRetry(XceiverClientGrpc.java:251)
	at org.apache.hadoop.hdds.scm.XceiverClientGrpc.sendCommand(XceiverClientGrpc.java:234)
	at org.apache.hadoop.hdds.scm.storage.ContainerProtocolCalls.getBlock(ContainerProtocolCalls.java:118)
	at org.apache.hadoop.hdds.scm.storage.BlockInputStream.getChunkInfos(BlockInputStream.java:167)
	at org.apache.hadoop.hdds.scm.storage.BlockInputStream.initialize(BlockInputStream.java:118)
	at org.apache.hadoop.hdds.scm.storage.BlockInputStream.read(BlockInputStream.java:222)
	at org.apache.hadoop.ozone.client.io.KeyInputStream.read(KeyInputStream.java:171)
	at org.apache.hadoop.ozone.client.io.OzoneInputStream.read(OzoneInputStream.java:47)
	at java.io.InputStream.read(InputStream.java:101)
	at org.apache.hadoop.ozone.container.ContainerTestHelper.validateData(ContainerTestHelper.java:714)
	at org.apache.hadoop.ozone.client.rpc.TestBlockOutputStreamWithFailures.validateData(TestBlockOutputStreamWithFailures.java:1216)
	at org.apache.hadoop.ozone.client.rpc.TestBlockOutputStreamWithFailures.testWatchForCommitWithSingleNodeRatis(TestBlockOutputStreamWithFailures.java:918)
	at sun.reflect.NativeMethodAccessorImpl.invoke0(Native Method)
	at sun.reflect.NativeMethodAccessorImpl.invoke(NativeMethodAccessorImpl.java:62)
	at sun.reflect.DelegatingMethodAccessorImpl.invoke(DelegatingMethodAccessorImpl.java:43)
	at java.lang.reflect.Method.invoke(Method.java:498)
	at org.junit.runners.model.FrameworkMethod$1.runReflectiveCall(FrameworkMethod.java:47)
	at org.junit.internal.runners.model.ReflectiveCallable.run(ReflectiveCallable.java:12)
	at org.junit.runners.model.FrameworkMethod.invokeExplosively(FrameworkMethod.java:44)
	at org.junit.internal.runners.statements.InvokeMethod.evaluate(InvokeMethod.java:17)
	at org.junit.internal.runners.statements.RunBefores.evaluate(RunBefores.java:26)
	at org.junit.internal.runners.statements.RunAfters.evaluate(RunAfters.java:27)
	at org.junit.runners.ParentRunner.runLeaf(ParentRunner.java:271)
	at org.junit.runners.BlockJUnit4ClassRunner.runChild(BlockJUnit4ClassRunner.java:70)
	at org.junit.runners.BlockJUnit4ClassRunner.runChild(BlockJUnit4ClassRunner.java:50)
	at org.junit.runners.ParentRunner$3.run(ParentRunner.java:238)
	at org.junit.runners.ParentRunner$1.schedule(ParentRunner.java:63)
	at org.junit.runners.ParentRunner.runChildren(ParentRunner.java:236)
	at org.junit.runners.ParentRunner.access$000(ParentRunner.java:53)
	at org.junit.runners.ParentRunner$2.evaluate(ParentRunner.java:229)
	at org.junit.runners.ParentRunner.run(ParentRunner.java:309)
	at org.apache.maven.surefire.junit4.JUnit4Provider.execute(JUnit4Provider.java:365)
	at org.apache.maven.surefire.junit4.JUnit4Provider.executeWithRerun(JUnit4Provider.java:273)
	at org.apache.maven.surefire.junit4.JUnit4Provider.executeTestSet(JUnit4Provider.java:238)
	at org.apache.maven.surefire.junit4.JUnit4Provider.invoke(JUnit4Provider.java:159)
	at org.apache.maven.surefire.booter.ForkedBooter.invokeProviderInSameClassLoader(ForkedBooter.java:384)
	at org.apache.maven.surefire.booter.ForkedBooter.runSuitesInProcess(ForkedBooter.java:345)
	at org.apache.maven.surefire.booter.ForkedBooter.execute(ForkedBooter.java:126)
	at org.apache.maven.surefire.booter.ForkedBooter.main(ForkedBooter.java:418)

Aug 28, 2019 12:08:48 PM org.apache.ratis.thirdparty.io.grpc.internal.ManagedChannelOrphanWrapper$ManagedChannelReference cleanQueue
SEVERE: *~*~*~ Channel ManagedChannelImpl{logId=2557, target=192.168.36.80:35095} was not shutdown properly!!! ~*~*~*
    Make sure to call shutdown()/shutdownNow() and wait until awaitTermination() returns true.
java.lang.RuntimeException: ManagedChannel allocation site
	at org.apache.ratis.thirdparty.io.grpc.internal.ManagedChannelOrphanWrapper$ManagedChannelReference.<init>(ManagedChannelOrphanWrapper.java:103)
	at org.apache.ratis.thirdparty.io.grpc.internal.ManagedChannelOrphanWrapper.<init>(ManagedChannelOrphanWrapper.java:53)
	at org.apache.ratis.thirdparty.io.grpc.internal.ManagedChannelOrphanWrapper.<init>(ManagedChannelOrphanWrapper.java:44)
	at org.apache.ratis.thirdparty.io.grpc.internal.AbstractManagedChannelImplBuilder.build(AbstractManagedChannelImplBuilder.java:411)
	at org.apache.hadoop.hdds.scm.XceiverClientGrpc.connectToDatanode(XceiverClientGrpc.java:175)
	at org.apache.hadoop.hdds.scm.XceiverClientGrpc.reconnect(XceiverClientGrpc.java:423)
	at org.apache.hadoop.hdds.scm.XceiverClientGrpc.sendCommandAsync(XceiverClientGrpc.java:372)
	at org.apache.hadoop.hdds.scm.XceiverClientGrpc.sendCommandWithRetry(XceiverClientGrpc.java:285)
	at org.apache.hadoop.hdds.scm.XceiverClientGrpc.sendCommandWithTraceIDAndRetry(XceiverClientGrpc.java:251)
	at org.apache.hadoop.hdds.scm.XceiverClientGrpc.sendCommand(XceiverClientGrpc.java:234)
	at org.apache.hadoop.hdds.scm.storage.ContainerProtocolCalls.getBlock(ContainerProtocolCalls.java:118)
	at org.apache.hadoop.hdds.scm.storage.BlockInputStream.getChunkInfos(BlockInputStream.java:167)
	at org.apache.hadoop.hdds.scm.storage.BlockInputStream.initialize(BlockInputStream.java:118)
	at org.apache.hadoop.hdds.scm.storage.BlockInputStream.read(BlockInputStream.java:222)
	at org.apache.hadoop.ozone.client.io.KeyInputStream.read(KeyInputStream.java:171)
	at org.apache.hadoop.ozone.client.io.OzoneInputStream.read(OzoneInputStream.java:47)
	at java.io.InputStream.read(InputStream.java:101)
	at org.apache.hadoop.ozone.container.ContainerTestHelper.validateData(ContainerTestHelper.java:714)
	at org.apache.hadoop.ozone.client.rpc.TestBlockOutputStreamWithFailures.validateData(TestBlockOutputStreamWithFailures.java:1216)
	at org.apache.hadoop.ozone.client.rpc.TestBlockOutputStreamWithFailures.testDatanodeFailureWithSingleNodeRatis(TestBlockOutputStreamWithFailures.java:1058)
	at sun.reflect.NativeMethodAccessorImpl.invoke0(Native Method)
	at sun.reflect.NativeMethodAccessorImpl.invoke(NativeMethodAccessorImpl.java:62)
	at sun.reflect.DelegatingMethodAccessorImpl.invoke(DelegatingMethodAccessorImpl.java:43)
	at java.lang.reflect.Method.invoke(Method.java:498)
	at org.junit.runners.model.FrameworkMethod$1.runReflectiveCall(FrameworkMethod.java:47)
	at org.junit.internal.runners.model.ReflectiveCallable.run(ReflectiveCallable.java:12)
	at org.junit.runners.model.FrameworkMethod.invokeExplosively(FrameworkMethod.java:44)
	at org.junit.internal.runners.statements.InvokeMethod.evaluate(InvokeMethod.java:17)
	at org.junit.internal.runners.statements.RunBefores.evaluate(RunBefores.java:26)
	at org.junit.internal.runners.statements.RunAfters.evaluate(RunAfters.java:27)
	at org.junit.runners.ParentRunner.runLeaf(ParentRunner.java:271)
	at org.junit.runners.BlockJUnit4ClassRunner.runChild(BlockJUnit4ClassRunner.java:70)
	at org.junit.runners.BlockJUnit4ClassRunner.runChild(BlockJUnit4ClassRunner.java:50)
	at org.junit.runners.ParentRunner$3.run(ParentRunner.java:238)
	at org.junit.runners.ParentRunner$1.schedule(ParentRunner.java:63)
	at org.junit.runners.ParentRunner.runChildren(ParentRunner.java:236)
	at org.junit.runners.ParentRunner.access$000(ParentRunner.java:53)
	at org.junit.runners.ParentRunner$2.evaluate(ParentRunner.java:229)
	at org.junit.runners.ParentRunner.run(ParentRunner.java:309)
	at org.apache.maven.surefire.junit4.JUnit4Provider.execute(JUnit4Provider.java:365)
	at org.apache.maven.surefire.junit4.JUnit4Provider.executeWithRerun(JUnit4Provider.java:273)
	at org.apache.maven.surefire.junit4.JUnit4Provider.executeTestSet(JUnit4Provider.java:238)
	at org.apache.maven.surefire.junit4.JUnit4Provider.invoke(JUnit4Provider.java:159)
	at org.apache.maven.surefire.booter.ForkedBooter.invokeProviderInSameClassLoader(ForkedBooter.java:384)
	at org.apache.maven.surefire.booter.ForkedBooter.runSuitesInProcess(ForkedBooter.java:345)
	at org.apache.maven.surefire.booter.ForkedBooter.execute(ForkedBooter.java:126)
	at org.apache.maven.surefire.booter.ForkedBooter.main(ForkedBooter.java:418)

]]></system-err>
  </testcase>
  <testcase name="testFailureWithPrimeSizedData" classname="org.apache.hadoop.ozone.client.rpc.TestBlockOutputStreamWithFailures" time="34.418"/>
  <testcase name="testWatchForCommitWithCloseContainerException" classname="org.apache.hadoop.ozone.client.rpc.TestBlockOutputStreamWithFailures" time="33.83"/>
  <testcase name="testExceptionDuringClose" classname="org.apache.hadoop.ozone.client.rpc.TestBlockOutputStreamWithFailures" time="39.635"/>
</testsuite>