<?xml version="1.0" encoding="UTF-8"?>
<testsuite xmlns:xsi="http://www.w3.org/2001/XMLSchema-instance" xsi:noNamespaceSchemaLocation="https://maven.apache.org/surefire/maven-surefire-plugin/xsd/surefire-test-report.xsd" name="org.apache.hadoop.ozone.client.rpc.TestBlockOutputStreamWithFailures" time="666.286" tests="8" errors="0" skipped="0" failures="1">
  <properties>
    <property name="awt.toolkit" value="sun.awt.X11.XToolkit"/>
    <property name="file.encoding.pkg" value="sun.io"/>
    <property name="java.specification.version" value="1.8"/>
    <property name="sun.cpu.isalist" value=""/>
    <property name="sun.jnu.encoding" value="UTF-8"/>
    <property name="java.class.path" value="/workdir/hadoop-ozone/integration-test/target/test-classes:/workdir/hadoop-ozone/integration-test/target/classes:/home/user/.m2/repository/org/apache/hadoop/hadoop-ozone-common/0.4.1-SNAPSHOT/hadoop-ozone-common-0.4.1-SNAPSHOT.jar:/home/user/.m2/repository/org/apache/commons/commons-compress/1.4.1/commons-compress-1.4.1.jar:/home/user/.m2/repository/org/tukaani/xz/1.0/xz-1.0.jar:/home/user/.m2/repository/org/apache/hadoop/hadoop-common/3.2.0/hadoop-common-3.2.0.jar:/home/user/.m2/repository/org/apache/hadoop/hadoop-hdfs/3.2.0/hadoop-hdfs-3.2.0.jar:/home/user/.m2/repository/org/apache/hadoop/hadoop-hdfs-client/3.2.0/hadoop-hdfs-client-3.2.0.jar:/home/user/.m2/repository/com/fasterxml/jackson/core/jackson-annotations/2.9.5/jackson-annotations-2.9.5.jar:/home/user/.m2/repository/org/apache/hadoop/hadoop-hdds-common/0.4.1-SNAPSHOT/hadoop-hdds-common-0.4.1-SNAPSHOT.jar:/home/user/.m2/repository/javax/annotation/javax.annotation-api/1.2/javax.annotation-api-1.2.jar:/home/user/.m2/repository/org/apache/ratis/ratis-server/0.4.0-2337318-SNAPSHOT/ratis-server-0.4.0-2337318-SNAPSHOT.jar:/home/user/.m2/repository/org/apache/ratis/ratis-thirdparty-misc/0.2.0/ratis-thirdparty-misc-0.2.0.jar:/home/user/.m2/repository/org/apache/ratis/ratis-proto/0.4.0-2337318-SNAPSHOT/ratis-proto-0.4.0-2337318-SNAPSHOT.jar:/home/user/.m2/repository/org/apache/ratis/ratis-common/0.4.0-2337318-SNAPSHOT/ratis-common-0.4.0-2337318-SNAPSHOT.jar:/home/user/.m2/repository/org/apache/ratis/ratis-client/0.4.0-2337318-SNAPSHOT/ratis-client-0.4.0-2337318-SNAPSHOT.jar:/home/user/.m2/repository/org/apache/ratis/ratis-metrics/0.4.0-2337318-SNAPSHOT/ratis-metrics-0.4.0-2337318-SNAPSHOT.jar:/home/user/.m2/repository/org/apache/ratis/ratis-netty/0.4.0-2337318-SNAPSHOT/ratis-netty-0.4.0-2337318-SNAPSHOT.jar:/home/user/.m2/repository/org/apache/ratis/ratis-grpc/0.4.0-2337318-SNAPSHOT/ratis-grpc-0.4.0-2337318-SNAPSHOT.jar:/home/user/.m2/repository/org/rocksdb/rocksdbjni/6.0.1/rocksdbjni-6.0.1.jar:/home/user/.m2/repository/org/apache/logging/log4j/log4j-api/2.11.0/log4j-api-2.11.0.jar:/home/user/.m2/repository/org/apache/logging/log4j/log4j-core/2.11.0/log4j-core-2.11.0.jar:/home/user/.m2/repository/com/lmax/disruptor/3.4.2/disruptor-3.4.2.jar:/home/user/.m2/repository/org/apache/commons/commons-pool2/2.6.0/commons-pool2-2.6.0.jar:/home/user/.m2/repository/org/bouncycastle/bcpkix-jdk15on/1.60/bcpkix-jdk15on-1.60.jar:/home/user/.m2/repository/commons-validator/commons-validator/1.6/commons-validator-1.6.jar:/home/user/.m2/repository/commons-digester/commons-digester/1.8.1/commons-digester-1.8.1.jar:/home/user/.m2/repository/io/jaegertracing/jaeger-client/0.33.1/jaeger-client-0.33.1.jar:/home/user/.m2/repository/io/jaegertracing/jaeger-thrift/0.33.1/jaeger-thrift-0.33.1.jar:/home/user/.m2/repository/org/apache/thrift/libthrift/0.11.0/libthrift-0.11.0.jar:/home/user/.m2/repository/com/squareup/okhttp3/okhttp/3.9.0/okhttp-3.9.0.jar:/home/user/.m2/repository/com/squareup/okio/okio/1.13.0/okio-1.13.0.jar:/home/user/.m2/repository/io/jaegertracing/jaeger-core/0.33.1/jaeger-core-0.33.1.jar:/home/user/.m2/repository/io/jaegertracing/jaeger-tracerresolver/0.33.1/jaeger-tracerresolver-0.33.1.jar:/home/user/.m2/repository/io/opentracing/contrib/opentracing-tracerresolver/0.1.5/opentracing-tracerresolver-0.1.5.jar:/home/user/.m2/repository/io/opentracing/opentracing-util/0.31.0/opentracing-util-0.31.0.jar:/home/user/.m2/repository/io/opentracing/opentracing-api/0.31.0/opentracing-api-0.31.0.jar:/home/user/.m2/repository/io/opentracing/opentracing-noop/0.31.0/opentracing-noop-0.31.0.jar:/home/user/.m2/repository/org/apache/hadoop/hadoop-hdds-server-framework/0.4.1-SNAPSHOT/hadoop-hdds-server-framework-0.4.1-SNAPSHOT.jar:/home/user/.m2/repository/org/apache/hadoop/hadoop-hdds-container-service/0.4.1-SNAPSHOT/hadoop-hdds-container-service-0.4.1-SNAPSHOT.jar:/home/user/.m2/repository/org/apache/hadoop/hadoop-hdds-client/0.4.1-SNAPSHOT/hadoop-hdds-client-0.4.1-SNAPSHOT.jar:/home/user/.m2/repository/org/apache/hadoop/hadoop-hdds-tools/0.4.1-SNAPSHOT/hadoop-hdds-tools-0.4.1-SNAPSHOT.jar:/home/user/.m2/repository/org/apache/hadoop/hadoop-hdds-server-scm/0.4.1-SNAPSHOT/hadoop-hdds-server-scm-0.4.1-SNAPSHOT.jar:/home/user/.m2/repository/org/apache/hadoop/hadoop-hdds-docs/0.4.1-SNAPSHOT/hadoop-hdds-docs-0.4.1-SNAPSHOT.jar:/home/user/.m2/repository/io/dropwizard/metrics/metrics-core/3.2.4/metrics-core-3.2.4.jar:/home/user/.m2/repository/org/hamcrest/hamcrest-all/1.3/hamcrest-all-1.3.jar:/home/user/.m2/repository/org/bouncycastle/bcprov-jdk15on/1.60/bcprov-jdk15on-1.60.jar:/home/user/.m2/repository/info/picocli/picocli/3.9.6/picocli-3.9.6.jar:/home/user/.m2/repository/com/google/protobuf/protobuf-java/2.5.0/protobuf-java-2.5.0.jar:/home/user/.m2/repository/com/google/guava/guava/11.0.2/guava-11.0.2.jar:/home/user/.m2/repository/org/apache/hadoop/hadoop-ozone-ozone-manager/0.4.1-SNAPSHOT/hadoop-ozone-ozone-manager-0.4.1-SNAPSHOT.jar:/home/user/.m2/repository/org/apache/hadoop/hadoop-minikdc/3.2.0/hadoop-minikdc-3.2.0.jar:/home/user/.m2/repository/commons-io/commons-io/2.5/commons-io-2.5.jar:/home/user/.m2/repository/org/apache/kerby/kerb-simplekdc/1.0.1/kerb-simplekdc-1.0.1.jar:/home/user/.m2/repository/org/apache/kerby/kerb-client/1.0.1/kerb-client-1.0.1.jar:/home/user/.m2/repository/org/apache/kerby/kerby-config/1.0.1/kerby-config-1.0.1.jar:/home/user/.m2/repository/org/apache/kerby/kerb-core/1.0.1/kerb-core-1.0.1.jar:/home/user/.m2/repository/org/apache/kerby/kerby-pkix/1.0.1/kerby-pkix-1.0.1.jar:/home/user/.m2/repository/org/apache/kerby/kerby-asn1/1.0.1/kerby-asn1-1.0.1.jar:/home/user/.m2/repository/org/apache/kerby/kerby-util/1.0.1/kerby-util-1.0.1.jar:/home/user/.m2/repository/org/apache/kerby/kerb-common/1.0.1/kerb-common-1.0.1.jar:/home/user/.m2/repository/org/apache/kerby/kerb-crypto/1.0.1/kerb-crypto-1.0.1.jar:/home/user/.m2/repository/org/apache/kerby/kerb-util/1.0.1/kerb-util-1.0.1.jar:/home/user/.m2/repository/org/apache/kerby/token-provider/1.0.1/token-provider-1.0.1.jar:/home/user/.m2/repository/org/apache/kerby/kerb-admin/1.0.1/kerb-admin-1.0.1.jar:/home/user/.m2/repository/org/apache/kerby/kerb-server/1.0.1/kerb-server-1.0.1.jar:/home/user/.m2/repository/org/apache/kerby/kerb-identity/1.0.1/kerb-identity-1.0.1.jar:/home/user/.m2/repository/org/apache/kerby/kerby-xdr/1.0.1/kerby-xdr-1.0.1.jar:/home/user/.m2/repository/org/slf4j/slf4j-log4j12/1.7.25/slf4j-log4j12-1.7.25.jar:/home/user/.m2/repository/org/apache/hadoop/hadoop-ozone-objectstore-service/0.4.1-SNAPSHOT/hadoop-ozone-objectstore-service-0.4.1-SNAPSHOT.jar:/home/user/.m2/repository/org/apache/hadoop/hadoop-ozone-s3gateway/0.4.1-SNAPSHOT/hadoop-ozone-s3gateway-0.4.1-SNAPSHOT.jar:/home/user/.m2/repository/org/jboss/weld/servlet/weld-servlet/2.4.7.Final/weld-servlet-2.4.7.Final.jar:/home/user/.m2/repository/org/glassfish/jersey/containers/jersey-container-servlet-core/2.27/jersey-container-servlet-core-2.27.jar:/home/user/.m2/repository/org/glassfish/hk2/external/javax.inject/2.5.0-b42/javax.inject-2.5.0-b42.jar:/home/user/.m2/repository/org/glassfish/jersey/core/jersey-common/2.27/jersey-common-2.27.jar:/home/user/.m2/repository/org/glassfish/hk2/osgi-resource-locator/1.0.1/osgi-resource-locator-1.0.1.jar:/home/user/.m2/repository/javax/ws/rs/javax.ws.rs-api/2.1/javax.ws.rs-api-2.1.jar:/home/user/.m2/repository/org/glassfish/jersey/ext/cdi/jersey-cdi1x/2.27/jersey-cdi1x-2.27.jar:/home/user/.m2/repository/org/glassfish/jersey/inject/jersey-hk2/2.27/jersey-hk2-2.27.jar:/home/user/.m2/repository/org/glassfish/hk2/hk2-locator/2.5.0-b42/hk2-locator-2.5.0-b42.jar:/home/user/.m2/repository/org/javassist/javassist/3.22.0-CR2/javassist-3.22.0-CR2.jar:/home/user/.m2/repository/org/glassfish/hk2/hk2-api/2.5.0/hk2-api-2.5.0.jar:/home/user/.m2/repository/org/glassfish/hk2/external/jakarta.inject/2.5.0/jakarta.inject-2.5.0.jar:/home/user/.m2/repository/org/glassfish/hk2/hk2-utils/2.5.0/hk2-utils-2.5.0.jar:/home/user/.m2/repository/jakarta/annotation/jakarta.annotation-api/1.3.4/jakarta.annotation-api-1.3.4.jar:/home/user/.m2/repository/org/glassfish/hk2/external/aopalliance-repackaged/2.5.0/aopalliance-repackaged-2.5.0.jar:/home/user/.m2/repository/com/fasterxml/jackson/dataformat/jackson-dataformat-xml/2.9.0/jackson-dataformat-xml-2.9.0.jar:/home/user/.m2/repository/com/fasterxml/jackson/core/jackson-core/2.9.5/jackson-core-2.9.5.jar:/home/user/.m2/repository/com/fasterxml/jackson/module/jackson-module-jaxb-annotations/2.9.5/jackson-module-jaxb-annotations-2.9.5.jar:/home/user/.m2/repository/javax/enterprise/cdi-api/1.2/cdi-api-1.2.jar:/home/user/.m2/repository/javax/el/javax.el-api/3.0.0/javax.el-api-3.0.0.jar:/home/user/.m2/repository/javax/interceptor/javax.interceptor-api/1.2/javax.interceptor-api-1.2.jar:/home/user/.m2/repository/javax/inject/javax.inject/1/javax.inject-1.jar:/home/user/.m2/repository/com/sun/xml/bind/jaxb-impl/2.3.0.1/jaxb-impl-2.3.0.1.jar:/home/user/.m2/repository/com/sun/xml/bind/jaxb-core/2.3.0.1/jaxb-core-2.3.0.1.jar:/home/user/.m2/repository/javax/xml/bind/jaxb-api/2.3.0/jaxb-api-2.3.0.jar:/home/user/.m2/repository/javax/activation/activation/1.1.1/activation-1.1.1.jar:/home/user/.m2/repository/org/apache/hadoop/hadoop-ozone-csi/0.4.1-SNAPSHOT/hadoop-ozone-csi-0.4.1-SNAPSHOT.jar:/home/user/.m2/repository/com/google/protobuf/protobuf-java-util/3.5.1/protobuf-java-util-3.5.1.jar:/home/user/.m2/repository/org/apache/hadoop/hadoop-hdds-config/0.4.1-SNAPSHOT/hadoop-hdds-config-0.4.1-SNAPSHOT.jar:/home/user/.m2/repository/io/grpc/grpc-netty/1.17.1/grpc-netty-1.17.1.jar:/home/user/.m2/repository/io/grpc/grpc-core/1.17.1/grpc-core-1.17.1.jar:/home/user/.m2/repository/io/grpc/grpc-context/1.17.1/grpc-context-1.17.1.jar:/home/user/.m2/repository/com/google/errorprone/error_prone_annotations/2.2.0/error_prone_annotations-2.2.0.jar:/home/user/.m2/repository/org/codehaus/mojo/animal-sniffer-annotations/1.17/animal-sniffer-annotations-1.17.jar:/home/user/.m2/repository/io/opencensus/opencensus-api/0.17.0/opencensus-api-0.17.0.jar:/home/user/.m2/repository/io/opencensus/opencensus-contrib-grpc-metrics/0.17.0/opencensus-contrib-grpc-metrics-0.17.0.jar:/home/user/.m2/repository/io/netty/netty-codec-http2/4.1.30.Final/netty-codec-http2-4.1.30.Final.jar:/home/user/.m2/repository/io/netty/netty-codec-http/4.1.30.Final/netty-codec-http-4.1.30.Final.jar:/home/user/.m2/repository/io/netty/netty-codec/4.1.30.Final/netty-codec-4.1.30.Final.jar:/home/user/.m2/repository/io/netty/netty-handler/4.1.30.Final/netty-handler-4.1.30.Final.jar:/home/user/.m2/repository/io/netty/netty-handler-proxy/4.1.30.Final/netty-handler-proxy-4.1.30.Final.jar:/home/user/.m2/repository/io/netty/netty-codec-socks/4.1.30.Final/netty-codec-socks-4.1.30.Final.jar:/home/user/.m2/repository/io/netty/netty-transport-native-epoll/4.1.30.Final/netty-transport-native-epoll-4.1.30.Final.jar:/home/user/.m2/repository/io/netty/netty-common/4.1.30.Final/netty-common-4.1.30.Final.jar:/home/user/.m2/repository/io/netty/netty-buffer/4.1.30.Final/netty-buffer-4.1.30.Final.jar:/home/user/.m2/repository/io/netty/netty-transport/4.1.30.Final/netty-transport-4.1.30.Final.jar:/home/user/.m2/repository/io/netty/netty-resolver/4.1.30.Final/netty-resolver-4.1.30.Final.jar:/home/user/.m2/repository/io/netty/netty-transport-native-unix-common/4.1.30.Final/netty-transport-native-unix-common-4.1.30.Final.jar:/home/user/.m2/repository/io/grpc/grpc-protobuf/1.17.1/grpc-protobuf-1.17.1.jar:/home/user/.m2/repository/com/google/api/grpc/proto-google-common-protos/1.0.0/proto-google-common-protos-1.0.0.jar:/home/user/.m2/repository/io/grpc/grpc-protobuf-lite/1.17.1/grpc-protobuf-lite-1.17.1.jar:/home/user/.m2/repository/io/grpc/grpc-stub/1.17.1/grpc-stub-1.17.1.jar:/home/user/.m2/repository/org/apache/hadoop/hadoop-ozone-recon/0.4.1-SNAPSHOT/hadoop-ozone-recon-0.4.1-SNAPSHOT.jar:/home/user/.m2/repository/org/apache/hadoop/hadoop-ozone-reconcodegen/0.4.1-SNAPSHOT/hadoop-ozone-reconcodegen-0.4.1-SNAPSHOT.jar:/home/user/.m2/repository/com/google/inject/extensions/guice-multibindings/4.0/guice-multibindings-4.0.jar:/home/user/.m2/repository/com/google/inject/guice/4.0/guice-4.0.jar:/home/user/.m2/repository/aopalliance/aopalliance/1.0/aopalliance-1.0.jar:/home/user/.m2/repository/com/google/inject/extensions/guice-servlet/4.0/guice-servlet-4.0.jar:/home/user/.m2/repository/org/glassfish/jersey/containers/jersey-container-servlet/2.27/jersey-container-servlet-2.27.jar:/home/user/.m2/repository/org/glassfish/hk2/guice-bridge/2.5.0/guice-bridge-2.5.0.jar:/home/user/.m2/repository/org/glassfish/jersey/core/jersey-server/2.27/jersey-server-2.27.jar:/home/user/.m2/repository/org/glassfish/jersey/core/jersey-client/2.27/jersey-client-2.27.jar:/home/user/.m2/repository/org/glassfish/jersey/media/jersey-media-jaxb/2.27/jersey-media-jaxb-2.27.jar:/home/user/.m2/repository/javax/validation/validation-api/1.1.0.Final/validation-api-1.1.0.Final.jar:/home/user/.m2/repository/org/glassfish/jersey/media/jersey-media-json-jackson/2.27/jersey-media-json-jackson-2.27.jar:/home/user/.m2/repository/org/glassfish/jersey/ext/jersey-entity-filtering/2.27/jersey-entity-filtering-2.27.jar:/home/user/.m2/repository/com/google/inject/extensions/guice-assistedinject/4.0/guice-assistedinject-4.0.jar:/home/user/.m2/repository/org/jooq/jooq/3.11.10/jooq-3.11.10.jar:/home/user/.m2/repository/org/jooq/jooq-meta/3.11.10/jooq-meta-3.11.10.jar:/home/user/.m2/repository/org/jooq/jooq-codegen/3.11.10/jooq-codegen-3.11.10.jar:/home/user/.m2/repository/com/jolbox/bonecp/0.8.0.RELEASE/bonecp-0.8.0.RELEASE.jar:/home/user/.m2/repository/org/xerial/sqlite-jdbc/3.25.2/sqlite-jdbc-3.25.2.jar:/home/user/.m2/repository/org/springframework/spring-jdbc/5.1.3.RELEASE/spring-jdbc-5.1.3.RELEASE.jar:/home/user/.m2/repository/org/springframework/spring-beans/5.1.3.RELEASE/spring-beans-5.1.3.RELEASE.jar:/home/user/.m2/repository/org/springframework/spring-core/5.1.3.RELEASE/spring-core-5.1.3.RELEASE.jar:/home/user/.m2/repository/org/springframework/spring-jcl/5.1.3.RELEASE/spring-jcl-5.1.3.RELEASE.jar:/home/user/.m2/repository/org/springframework/spring-tx/5.1.3.RELEASE/spring-tx-5.1.3.RELEASE.jar:/home/user/.m2/repository/org/apache/hadoop/hadoop-ozone-client/0.4.1-SNAPSHOT/hadoop-ozone-client-0.4.1-SNAPSHOT.jar:/home/user/.m2/repository/commons-lang/commons-lang/2.6/commons-lang-2.6.jar:/home/user/.m2/repository/org/apache/hadoop/hadoop-ozone-ozone-manager/0.4.1-SNAPSHOT/hadoop-ozone-ozone-manager-0.4.1-SNAPSHOT-tests.jar:/home/user/.m2/repository/junit/junit/4.11/junit-4.11.jar:/home/user/.m2/repository/org/hamcrest/hamcrest-core/1.3/hamcrest-core-1.3.jar:/home/user/.m2/repository/org/openjdk/jmh/jmh-core/1.19/jmh-core-1.19.jar:/home/user/.m2/repository/net/sf/jopt-simple/jopt-simple/4.6/jopt-simple-4.6.jar:/home/user/.m2/repository/org/apache/commons/commons-math3/3.1.1/commons-math3-3.1.1.jar:/home/user/.m2/repository/org/openjdk/jmh/jmh-generator-annprocess/1.19/jmh-generator-annprocess-1.19.jar:/home/user/.m2/repository/org/mockito/mockito-all/1.8.5/mockito-all-1.8.5.jar:/home/user/.m2/repository/org/apache/hadoop/hadoop-kms/3.2.0/hadoop-kms-3.2.0.jar:/home/user/.m2/repository/org/apache/hadoop/hadoop-auth/3.2.0/hadoop-auth-3.2.0.jar:/home/user/.m2/repository/com/nimbusds/nimbus-jose-jwt/4.41.1/nimbus-jose-jwt-4.41.1.jar:/home/user/.m2/repository/com/github/stephenc/jcip/jcip-annotations/1.0-1/jcip-annotations-1.0-1.jar:/home/user/.m2/repository/net/minidev/json-smart/2.3/json-smart-2.3.jar:/home/user/.m2/repository/net/minidev/accessors-smart/1.2/accessors-smart-1.2.jar:/home/user/.m2/repository/org/ow2/asm/asm/5.0.4/asm-5.0.4.jar:/home/user/.m2/repository/org/apache/curator/curator-framework/2.12.0/curator-framework-2.12.0.jar:/home/user/.m2/repository/com/sun/jersey/jersey-core/1.19/jersey-core-1.19.jar:/home/user/.m2/repository/javax/ws/rs/jsr311-api/1.1.1/jsr311-api-1.1.1.jar:/home/user/.m2/repository/com/sun/jersey/jersey-server/1.19/jersey-server-1.19.jar:/home/user/.m2/repository/javax/servlet/javax.servlet-api/3.1.0/javax.servlet-api-3.1.0.jar:/home/user/.m2/repository/org/eclipse/jetty/jetty-server/9.3.24.v20180605/jetty-server-9.3.24.v20180605.jar:/home/user/.m2/repository/org/eclipse/jetty/jetty-http/9.3.24.v20180605/jetty-http-9.3.24.v20180605.jar:/home/user/.m2/repository/org/eclipse/jetty/jetty-io/9.3.24.v20180605/jetty-io-9.3.24.v20180605.jar:/home/user/.m2/repository/org/eclipse/jetty/jetty-webapp/9.3.24.v20180605/jetty-webapp-9.3.24.v20180605.jar:/home/user/.m2/repository/org/eclipse/jetty/jetty-xml/9.3.24.v20180605/jetty-xml-9.3.24.v20180605.jar:/home/user/.m2/repository/log4j/log4j/1.2.17/log4j-1.2.17.jar:/home/user/.m2/repository/org/slf4j/slf4j-api/1.7.25/slf4j-api-1.7.25.jar:/home/user/.m2/repository/org/slf4j/jul-to-slf4j/1.7.25/jul-to-slf4j-1.7.25.jar:/home/user/.m2/repository/org/eclipse/jetty/jetty-util/9.3.24.v20180605/jetty-util-9.3.24.v20180605.jar:/home/user/.m2/repository/com/fasterxml/jackson/core/jackson-databind/2.9.5/jackson-databind-2.9.5.jar:/home/user/.m2/repository/org/apache/hadoop/hadoop-kms/3.2.0/hadoop-kms-3.2.0-tests.jar:/home/user/.m2/repository/org/apache/hadoop/hadoop-hdds-server-scm/0.4.1-SNAPSHOT/hadoop-hdds-server-scm-0.4.1-SNAPSHOT-tests.jar:/home/user/.m2/repository/org/apache/hadoop/hadoop-hdds-container-service/0.4.1-SNAPSHOT/hadoop-hdds-container-service-0.4.1-SNAPSHOT-tests.jar:/home/user/.m2/repository/org/yaml/snakeyaml/1.16/snakeyaml-1.16.jar:/home/user/.m2/repository/org/apache/hadoop/hadoop-common/3.2.0/hadoop-common-3.2.0-tests.jar:/home/user/.m2/repository/org/apache/hadoop/hadoop-annotations/3.2.0/hadoop-annotations-3.2.0.jar:/usr/lib/jvm/java-1.8-openjdk/jre/../lib/tools.jar:/home/user/.m2/repository/commons-cli/commons-cli/1.2/commons-cli-1.2.jar:/home/user/.m2/repository/org/apache/httpcomponents/httpclient/4.5.2/httpclient-4.5.2.jar:/home/user/.m2/repository/org/apache/httpcomponents/httpcore/4.4.4/httpcore-4.4.4.jar:/home/user/.m2/repository/commons-codec/commons-codec/1.11/commons-codec-1.11.jar:/home/user/.m2/repository/commons-net/commons-net/3.6/commons-net-3.6.jar:/home/user/.m2/repository/commons-collections/commons-collections/3.2.2/commons-collections-3.2.2.jar:/home/user/.m2/repository/org/eclipse/jetty/jetty-servlet/9.3.24.v20180605/jetty-servlet-9.3.24.v20180605.jar:/home/user/.m2/repository/org/eclipse/jetty/jetty-security/9.3.24.v20180605/jetty-security-9.3.24.v20180605.jar:/home/user/.m2/repository/javax/servlet/jsp/jsp-api/2.1/jsp-api-2.1.jar:/home/user/.m2/repository/com/sun/jersey/jersey-servlet/1.19/jersey-servlet-1.19.jar:/home/user/.m2/repository/com/sun/jersey/jersey-json/1.19/jersey-json-1.19.jar:/home/user/.m2/repository/org/codehaus/jettison/jettison/1.1/jettison-1.1.jar:/home/user/.m2/repository/org/codehaus/jackson/jackson-core-asl/1.9.13/jackson-core-asl-1.9.13.jar:/home/user/.m2/repository/org/codehaus/jackson/jackson-mapper-asl/1.9.13/jackson-mapper-asl-1.9.13.jar:/home/user/.m2/repository/org/codehaus/jackson/jackson-jaxrs/1.9.13/jackson-jaxrs-1.9.13.jar:/home/user/.m2/repository/org/codehaus/jackson/jackson-xc/1.9.13/jackson-xc-1.9.13.jar:/home/user/.m2/repository/commons-logging/commons-logging/1.1.3/commons-logging-1.1.3.jar:/home/user/.m2/repository/commons-beanutils/commons-beanutils/1.9.3/commons-beanutils-1.9.3.jar:/home/user/.m2/repository/org/apache/commons/commons-configuration2/2.1.1/commons-configuration2-2.1.1.jar:/home/user/.m2/repository/org/apache/commons/commons-lang3/3.7/commons-lang3-3.7.jar:/home/user/.m2/repository/org/apache/commons/commons-text/1.4/commons-text-1.4.jar:/home/user/.m2/repository/org/apache/avro/avro/1.7.7/avro-1.7.7.jar:/home/user/.m2/repository/com/thoughtworks/paranamer/paranamer/2.3/paranamer-2.3.jar:/home/user/.m2/repository/org/xerial/snappy/snappy-java/1.0.5/snappy-java-1.0.5.jar:/home/user/.m2/repository/com/google/re2j/re2j/1.1/re2j-1.1.jar:/home/user/.m2/repository/com/google/code/gson/gson/2.2.4/gson-2.2.4.jar:/home/user/.m2/repository/com/jcraft/jsch/0.1.54/jsch-0.1.54.jar:/home/user/.m2/repository/org/apache/curator/curator-client/2.12.0/curator-client-2.12.0.jar:/home/user/.m2/repository/org/apache/curator/curator-recipes/2.12.0/curator-recipes-2.12.0.jar:/home/user/.m2/repository/com/google/code/findbugs/jsr305/3.0.0/jsr305-3.0.0.jar:/home/user/.m2/repository/org/apache/htrace/htrace-core4/4.1.0-incubating/htrace-core4-4.1.0-incubating.jar:/home/user/.m2/repository/org/apache/zookeeper/zookeeper/3.4.13/zookeeper-3.4.13.jar:/home/user/.m2/repository/org/apache/yetus/audience-annotations/0.5.0/audience-annotations-0.5.0.jar:/home/user/.m2/repository/org/codehaus/woodstox/stax2-api/3.1.4/stax2-api-3.1.4.jar:/home/user/.m2/repository/com/fasterxml/woodstox/woodstox-core/5.0.3/woodstox-core-5.0.3.jar:/home/user/.m2/repository/dnsjava/dnsjava/2.1.7/dnsjava-2.1.7.jar:/home/user/.m2/repository/org/apache/hadoop/hadoop-hdfs/3.2.0/hadoop-hdfs-3.2.0-tests.jar:/home/user/.m2/repository/org/eclipse/jetty/jetty-util-ajax/9.3.24.v20180605/jetty-util-ajax-9.3.24.v20180605.jar:/home/user/.m2/repository/commons-daemon/commons-daemon/1.0.13/commons-daemon-1.0.13.jar:/home/user/.m2/repository/io/netty/netty/3.10.5.Final/netty-3.10.5.Final.jar:/home/user/.m2/repository/io/netty/netty-all/4.0.52.Final/netty-all-4.0.52.Final.jar:/home/user/.m2/repository/org/fusesource/leveldbjni/leveldbjni-all/1.8/leveldbjni-all-1.8.jar:"/>
    <property name="java.vm.vendor" value="IcedTea"/>
    <property name="sun.arch.data.model" value="64"/>
    <property name="test.build.dir" value="/workdir/hadoop-ozone/integration-test/target/test-dir"/>
    <property name="test.cache.data" value=""/>
    <property name="java.vendor.url" value="https://icedtea.classpath.org"/>
    <property name="user.timezone" value=""/>
    <property name="java.vm.specification.version" value="1.8"/>
    <property name="os.name" value="Linux"/>
    <property name="test.build.data" value="/workdir/hadoop-ozone/integration-test/target/test-dir"/>
    <property name="user.country" value="US"/>
    <property name="sun.java.launcher" value="SUN_STANDARD"/>
    <property name="sun.boot.library.path" value="/usr/lib/jvm/java-1.8-openjdk/jre/lib/amd64"/>
    <property name="sun.java.command" value="/workdir/hadoop-ozone/integration-test/target/surefire/surefirebooter6698921414804075641.jar /workdir/hadoop-ozone/integration-test/target/surefire 2019-08-09T03-12-57_620-jvmRun1 surefire2433508227508979901tmp surefire_554935962889867106332tmp"/>
    <property name="surefire.test.class.path" value="/workdir/hadoop-ozone/integration-test/target/test-classes:/workdir/hadoop-ozone/integration-test/target/classes:/home/user/.m2/repository/org/apache/hadoop/hadoop-ozone-common/0.4.1-SNAPSHOT/hadoop-ozone-common-0.4.1-SNAPSHOT.jar:/home/user/.m2/repository/org/apache/commons/commons-compress/1.4.1/commons-compress-1.4.1.jar:/home/user/.m2/repository/org/tukaani/xz/1.0/xz-1.0.jar:/home/user/.m2/repository/org/apache/hadoop/hadoop-common/3.2.0/hadoop-common-3.2.0.jar:/home/user/.m2/repository/org/apache/hadoop/hadoop-hdfs/3.2.0/hadoop-hdfs-3.2.0.jar:/home/user/.m2/repository/org/apache/hadoop/hadoop-hdfs-client/3.2.0/hadoop-hdfs-client-3.2.0.jar:/home/user/.m2/repository/com/fasterxml/jackson/core/jackson-annotations/2.9.5/jackson-annotations-2.9.5.jar:/home/user/.m2/repository/org/apache/hadoop/hadoop-hdds-common/0.4.1-SNAPSHOT/hadoop-hdds-common-0.4.1-SNAPSHOT.jar:/home/user/.m2/repository/javax/annotation/javax.annotation-api/1.2/javax.annotation-api-1.2.jar:/home/user/.m2/repository/org/apache/ratis/ratis-server/0.4.0-2337318-SNAPSHOT/ratis-server-0.4.0-2337318-SNAPSHOT.jar:/home/user/.m2/repository/org/apache/ratis/ratis-thirdparty-misc/0.2.0/ratis-thirdparty-misc-0.2.0.jar:/home/user/.m2/repository/org/apache/ratis/ratis-proto/0.4.0-2337318-SNAPSHOT/ratis-proto-0.4.0-2337318-SNAPSHOT.jar:/home/user/.m2/repository/org/apache/ratis/ratis-common/0.4.0-2337318-SNAPSHOT/ratis-common-0.4.0-2337318-SNAPSHOT.jar:/home/user/.m2/repository/org/apache/ratis/ratis-client/0.4.0-2337318-SNAPSHOT/ratis-client-0.4.0-2337318-SNAPSHOT.jar:/home/user/.m2/repository/org/apache/ratis/ratis-metrics/0.4.0-2337318-SNAPSHOT/ratis-metrics-0.4.0-2337318-SNAPSHOT.jar:/home/user/.m2/repository/org/apache/ratis/ratis-netty/0.4.0-2337318-SNAPSHOT/ratis-netty-0.4.0-2337318-SNAPSHOT.jar:/home/user/.m2/repository/org/apache/ratis/ratis-grpc/0.4.0-2337318-SNAPSHOT/ratis-grpc-0.4.0-2337318-SNAPSHOT.jar:/home/user/.m2/repository/org/rocksdb/rocksdbjni/6.0.1/rocksdbjni-6.0.1.jar:/home/user/.m2/repository/org/apache/logging/log4j/log4j-api/2.11.0/log4j-api-2.11.0.jar:/home/user/.m2/repository/org/apache/logging/log4j/log4j-core/2.11.0/log4j-core-2.11.0.jar:/home/user/.m2/repository/com/lmax/disruptor/3.4.2/disruptor-3.4.2.jar:/home/user/.m2/repository/org/apache/commons/commons-pool2/2.6.0/commons-pool2-2.6.0.jar:/home/user/.m2/repository/org/bouncycastle/bcpkix-jdk15on/1.60/bcpkix-jdk15on-1.60.jar:/home/user/.m2/repository/commons-validator/commons-validator/1.6/commons-validator-1.6.jar:/home/user/.m2/repository/commons-digester/commons-digester/1.8.1/commons-digester-1.8.1.jar:/home/user/.m2/repository/io/jaegertracing/jaeger-client/0.33.1/jaeger-client-0.33.1.jar:/home/user/.m2/repository/io/jaegertracing/jaeger-thrift/0.33.1/jaeger-thrift-0.33.1.jar:/home/user/.m2/repository/org/apache/thrift/libthrift/0.11.0/libthrift-0.11.0.jar:/home/user/.m2/repository/com/squareup/okhttp3/okhttp/3.9.0/okhttp-3.9.0.jar:/home/user/.m2/repository/com/squareup/okio/okio/1.13.0/okio-1.13.0.jar:/home/user/.m2/repository/io/jaegertracing/jaeger-core/0.33.1/jaeger-core-0.33.1.jar:/home/user/.m2/repository/io/jaegertracing/jaeger-tracerresolver/0.33.1/jaeger-tracerresolver-0.33.1.jar:/home/user/.m2/repository/io/opentracing/contrib/opentracing-tracerresolver/0.1.5/opentracing-tracerresolver-0.1.5.jar:/home/user/.m2/repository/io/opentracing/opentracing-util/0.31.0/opentracing-util-0.31.0.jar:/home/user/.m2/repository/io/opentracing/opentracing-api/0.31.0/opentracing-api-0.31.0.jar:/home/user/.m2/repository/io/opentracing/opentracing-noop/0.31.0/opentracing-noop-0.31.0.jar:/home/user/.m2/repository/org/apache/hadoop/hadoop-hdds-server-framework/0.4.1-SNAPSHOT/hadoop-hdds-server-framework-0.4.1-SNAPSHOT.jar:/home/user/.m2/repository/org/apache/hadoop/hadoop-hdds-container-service/0.4.1-SNAPSHOT/hadoop-hdds-container-service-0.4.1-SNAPSHOT.jar:/home/user/.m2/repository/org/apache/hadoop/hadoop-hdds-client/0.4.1-SNAPSHOT/hadoop-hdds-client-0.4.1-SNAPSHOT.jar:/home/user/.m2/repository/org/apache/hadoop/hadoop-hdds-tools/0.4.1-SNAPSHOT/hadoop-hdds-tools-0.4.1-SNAPSHOT.jar:/home/user/.m2/repository/org/apache/hadoop/hadoop-hdds-server-scm/0.4.1-SNAPSHOT/hadoop-hdds-server-scm-0.4.1-SNAPSHOT.jar:/home/user/.m2/repository/org/apache/hadoop/hadoop-hdds-docs/0.4.1-SNAPSHOT/hadoop-hdds-docs-0.4.1-SNAPSHOT.jar:/home/user/.m2/repository/io/dropwizard/metrics/metrics-core/3.2.4/metrics-core-3.2.4.jar:/home/user/.m2/repository/org/hamcrest/hamcrest-all/1.3/hamcrest-all-1.3.jar:/home/user/.m2/repository/org/bouncycastle/bcprov-jdk15on/1.60/bcprov-jdk15on-1.60.jar:/home/user/.m2/repository/info/picocli/picocli/3.9.6/picocli-3.9.6.jar:/home/user/.m2/repository/com/google/protobuf/protobuf-java/2.5.0/protobuf-java-2.5.0.jar:/home/user/.m2/repository/com/google/guava/guava/11.0.2/guava-11.0.2.jar:/home/user/.m2/repository/org/apache/hadoop/hadoop-ozone-ozone-manager/0.4.1-SNAPSHOT/hadoop-ozone-ozone-manager-0.4.1-SNAPSHOT.jar:/home/user/.m2/repository/org/apache/hadoop/hadoop-minikdc/3.2.0/hadoop-minikdc-3.2.0.jar:/home/user/.m2/repository/commons-io/commons-io/2.5/commons-io-2.5.jar:/home/user/.m2/repository/org/apache/kerby/kerb-simplekdc/1.0.1/kerb-simplekdc-1.0.1.jar:/home/user/.m2/repository/org/apache/kerby/kerb-client/1.0.1/kerb-client-1.0.1.jar:/home/user/.m2/repository/org/apache/kerby/kerby-config/1.0.1/kerby-config-1.0.1.jar:/home/user/.m2/repository/org/apache/kerby/kerb-core/1.0.1/kerb-core-1.0.1.jar:/home/user/.m2/repository/org/apache/kerby/kerby-pkix/1.0.1/kerby-pkix-1.0.1.jar:/home/user/.m2/repository/org/apache/kerby/kerby-asn1/1.0.1/kerby-asn1-1.0.1.jar:/home/user/.m2/repository/org/apache/kerby/kerby-util/1.0.1/kerby-util-1.0.1.jar:/home/user/.m2/repository/org/apache/kerby/kerb-common/1.0.1/kerb-common-1.0.1.jar:/home/user/.m2/repository/org/apache/kerby/kerb-crypto/1.0.1/kerb-crypto-1.0.1.jar:/home/user/.m2/repository/org/apache/kerby/kerb-util/1.0.1/kerb-util-1.0.1.jar:/home/user/.m2/repository/org/apache/kerby/token-provider/1.0.1/token-provider-1.0.1.jar:/home/user/.m2/repository/org/apache/kerby/kerb-admin/1.0.1/kerb-admin-1.0.1.jar:/home/user/.m2/repository/org/apache/kerby/kerb-server/1.0.1/kerb-server-1.0.1.jar:/home/user/.m2/repository/org/apache/kerby/kerb-identity/1.0.1/kerb-identity-1.0.1.jar:/home/user/.m2/repository/org/apache/kerby/kerby-xdr/1.0.1/kerby-xdr-1.0.1.jar:/home/user/.m2/repository/org/slf4j/slf4j-log4j12/1.7.25/slf4j-log4j12-1.7.25.jar:/home/user/.m2/repository/org/apache/hadoop/hadoop-ozone-objectstore-service/0.4.1-SNAPSHOT/hadoop-ozone-objectstore-service-0.4.1-SNAPSHOT.jar:/home/user/.m2/repository/org/apache/hadoop/hadoop-ozone-s3gateway/0.4.1-SNAPSHOT/hadoop-ozone-s3gateway-0.4.1-SNAPSHOT.jar:/home/user/.m2/repository/org/jboss/weld/servlet/weld-servlet/2.4.7.Final/weld-servlet-2.4.7.Final.jar:/home/user/.m2/repository/org/glassfish/jersey/containers/jersey-container-servlet-core/2.27/jersey-container-servlet-core-2.27.jar:/home/user/.m2/repository/org/glassfish/hk2/external/javax.inject/2.5.0-b42/javax.inject-2.5.0-b42.jar:/home/user/.m2/repository/org/glassfish/jersey/core/jersey-common/2.27/jersey-common-2.27.jar:/home/user/.m2/repository/org/glassfish/hk2/osgi-resource-locator/1.0.1/osgi-resource-locator-1.0.1.jar:/home/user/.m2/repository/javax/ws/rs/javax.ws.rs-api/2.1/javax.ws.rs-api-2.1.jar:/home/user/.m2/repository/org/glassfish/jersey/ext/cdi/jersey-cdi1x/2.27/jersey-cdi1x-2.27.jar:/home/user/.m2/repository/org/glassfish/jersey/inject/jersey-hk2/2.27/jersey-hk2-2.27.jar:/home/user/.m2/repository/org/glassfish/hk2/hk2-locator/2.5.0-b42/hk2-locator-2.5.0-b42.jar:/home/user/.m2/repository/org/javassist/javassist/3.22.0-CR2/javassist-3.22.0-CR2.jar:/home/user/.m2/repository/org/glassfish/hk2/hk2-api/2.5.0/hk2-api-2.5.0.jar:/home/user/.m2/repository/org/glassfish/hk2/external/jakarta.inject/2.5.0/jakarta.inject-2.5.0.jar:/home/user/.m2/repository/org/glassfish/hk2/hk2-utils/2.5.0/hk2-utils-2.5.0.jar:/home/user/.m2/repository/jakarta/annotation/jakarta.annotation-api/1.3.4/jakarta.annotation-api-1.3.4.jar:/home/user/.m2/repository/org/glassfish/hk2/external/aopalliance-repackaged/2.5.0/aopalliance-repackaged-2.5.0.jar:/home/user/.m2/repository/com/fasterxml/jackson/dataformat/jackson-dataformat-xml/2.9.0/jackson-dataformat-xml-2.9.0.jar:/home/user/.m2/repository/com/fasterxml/jackson/core/jackson-core/2.9.5/jackson-core-2.9.5.jar:/home/user/.m2/repository/com/fasterxml/jackson/module/jackson-module-jaxb-annotations/2.9.5/jackson-module-jaxb-annotations-2.9.5.jar:/home/user/.m2/repository/javax/enterprise/cdi-api/1.2/cdi-api-1.2.jar:/home/user/.m2/repository/javax/el/javax.el-api/3.0.0/javax.el-api-3.0.0.jar:/home/user/.m2/repository/javax/interceptor/javax.interceptor-api/1.2/javax.interceptor-api-1.2.jar:/home/user/.m2/repository/javax/inject/javax.inject/1/javax.inject-1.jar:/home/user/.m2/repository/com/sun/xml/bind/jaxb-impl/2.3.0.1/jaxb-impl-2.3.0.1.jar:/home/user/.m2/repository/com/sun/xml/bind/jaxb-core/2.3.0.1/jaxb-core-2.3.0.1.jar:/home/user/.m2/repository/javax/xml/bind/jaxb-api/2.3.0/jaxb-api-2.3.0.jar:/home/user/.m2/repository/javax/activation/activation/1.1.1/activation-1.1.1.jar:/home/user/.m2/repository/org/apache/hadoop/hadoop-ozone-csi/0.4.1-SNAPSHOT/hadoop-ozone-csi-0.4.1-SNAPSHOT.jar:/home/user/.m2/repository/com/google/protobuf/protobuf-java-util/3.5.1/protobuf-java-util-3.5.1.jar:/home/user/.m2/repository/org/apache/hadoop/hadoop-hdds-config/0.4.1-SNAPSHOT/hadoop-hdds-config-0.4.1-SNAPSHOT.jar:/home/user/.m2/repository/io/grpc/grpc-netty/1.17.1/grpc-netty-1.17.1.jar:/home/user/.m2/repository/io/grpc/grpc-core/1.17.1/grpc-core-1.17.1.jar:/home/user/.m2/repository/io/grpc/grpc-context/1.17.1/grpc-context-1.17.1.jar:/home/user/.m2/repository/com/google/errorprone/error_prone_annotations/2.2.0/error_prone_annotations-2.2.0.jar:/home/user/.m2/repository/org/codehaus/mojo/animal-sniffer-annotations/1.17/animal-sniffer-annotations-1.17.jar:/home/user/.m2/repository/io/opencensus/opencensus-api/0.17.0/opencensus-api-0.17.0.jar:/home/user/.m2/repository/io/opencensus/opencensus-contrib-grpc-metrics/0.17.0/opencensus-contrib-grpc-metrics-0.17.0.jar:/home/user/.m2/repository/io/netty/netty-codec-http2/4.1.30.Final/netty-codec-http2-4.1.30.Final.jar:/home/user/.m2/repository/io/netty/netty-codec-http/4.1.30.Final/netty-codec-http-4.1.30.Final.jar:/home/user/.m2/repository/io/netty/netty-codec/4.1.30.Final/netty-codec-4.1.30.Final.jar:/home/user/.m2/repository/io/netty/netty-handler/4.1.30.Final/netty-handler-4.1.30.Final.jar:/home/user/.m2/repository/io/netty/netty-handler-proxy/4.1.30.Final/netty-handler-proxy-4.1.30.Final.jar:/home/user/.m2/repository/io/netty/netty-codec-socks/4.1.30.Final/netty-codec-socks-4.1.30.Final.jar:/home/user/.m2/repository/io/netty/netty-transport-native-epoll/4.1.30.Final/netty-transport-native-epoll-4.1.30.Final.jar:/home/user/.m2/repository/io/netty/netty-common/4.1.30.Final/netty-common-4.1.30.Final.jar:/home/user/.m2/repository/io/netty/netty-buffer/4.1.30.Final/netty-buffer-4.1.30.Final.jar:/home/user/.m2/repository/io/netty/netty-transport/4.1.30.Final/netty-transport-4.1.30.Final.jar:/home/user/.m2/repository/io/netty/netty-resolver/4.1.30.Final/netty-resolver-4.1.30.Final.jar:/home/user/.m2/repository/io/netty/netty-transport-native-unix-common/4.1.30.Final/netty-transport-native-unix-common-4.1.30.Final.jar:/home/user/.m2/repository/io/grpc/grpc-protobuf/1.17.1/grpc-protobuf-1.17.1.jar:/home/user/.m2/repository/com/google/api/grpc/proto-google-common-protos/1.0.0/proto-google-common-protos-1.0.0.jar:/home/user/.m2/repository/io/grpc/grpc-protobuf-lite/1.17.1/grpc-protobuf-lite-1.17.1.jar:/home/user/.m2/repository/io/grpc/grpc-stub/1.17.1/grpc-stub-1.17.1.jar:/home/user/.m2/repository/org/apache/hadoop/hadoop-ozone-recon/0.4.1-SNAPSHOT/hadoop-ozone-recon-0.4.1-SNAPSHOT.jar:/home/user/.m2/repository/org/apache/hadoop/hadoop-ozone-reconcodegen/0.4.1-SNAPSHOT/hadoop-ozone-reconcodegen-0.4.1-SNAPSHOT.jar:/home/user/.m2/repository/com/google/inject/extensions/guice-multibindings/4.0/guice-multibindings-4.0.jar:/home/user/.m2/repository/com/google/inject/guice/4.0/guice-4.0.jar:/home/user/.m2/repository/aopalliance/aopalliance/1.0/aopalliance-1.0.jar:/home/user/.m2/repository/com/google/inject/extensions/guice-servlet/4.0/guice-servlet-4.0.jar:/home/user/.m2/repository/org/glassfish/jersey/containers/jersey-container-servlet/2.27/jersey-container-servlet-2.27.jar:/home/user/.m2/repository/org/glassfish/hk2/guice-bridge/2.5.0/guice-bridge-2.5.0.jar:/home/user/.m2/repository/org/glassfish/jersey/core/jersey-server/2.27/jersey-server-2.27.jar:/home/user/.m2/repository/org/glassfish/jersey/core/jersey-client/2.27/jersey-client-2.27.jar:/home/user/.m2/repository/org/glassfish/jersey/media/jersey-media-jaxb/2.27/jersey-media-jaxb-2.27.jar:/home/user/.m2/repository/javax/validation/validation-api/1.1.0.Final/validation-api-1.1.0.Final.jar:/home/user/.m2/repository/org/glassfish/jersey/media/jersey-media-json-jackson/2.27/jersey-media-json-jackson-2.27.jar:/home/user/.m2/repository/org/glassfish/jersey/ext/jersey-entity-filtering/2.27/jersey-entity-filtering-2.27.jar:/home/user/.m2/repository/com/google/inject/extensions/guice-assistedinject/4.0/guice-assistedinject-4.0.jar:/home/user/.m2/repository/org/jooq/jooq/3.11.10/jooq-3.11.10.jar:/home/user/.m2/repository/org/jooq/jooq-meta/3.11.10/jooq-meta-3.11.10.jar:/home/user/.m2/repository/org/jooq/jooq-codegen/3.11.10/jooq-codegen-3.11.10.jar:/home/user/.m2/repository/com/jolbox/bonecp/0.8.0.RELEASE/bonecp-0.8.0.RELEASE.jar:/home/user/.m2/repository/org/xerial/sqlite-jdbc/3.25.2/sqlite-jdbc-3.25.2.jar:/home/user/.m2/repository/org/springframework/spring-jdbc/5.1.3.RELEASE/spring-jdbc-5.1.3.RELEASE.jar:/home/user/.m2/repository/org/springframework/spring-beans/5.1.3.RELEASE/spring-beans-5.1.3.RELEASE.jar:/home/user/.m2/repository/org/springframework/spring-core/5.1.3.RELEASE/spring-core-5.1.3.RELEASE.jar:/home/user/.m2/repository/org/springframework/spring-jcl/5.1.3.RELEASE/spring-jcl-5.1.3.RELEASE.jar:/home/user/.m2/repository/org/springframework/spring-tx/5.1.3.RELEASE/spring-tx-5.1.3.RELEASE.jar:/home/user/.m2/repository/org/apache/hadoop/hadoop-ozone-client/0.4.1-SNAPSHOT/hadoop-ozone-client-0.4.1-SNAPSHOT.jar:/home/user/.m2/repository/commons-lang/commons-lang/2.6/commons-lang-2.6.jar:/home/user/.m2/repository/org/apache/hadoop/hadoop-ozone-ozone-manager/0.4.1-SNAPSHOT/hadoop-ozone-ozone-manager-0.4.1-SNAPSHOT-tests.jar:/home/user/.m2/repository/junit/junit/4.11/junit-4.11.jar:/home/user/.m2/repository/org/hamcrest/hamcrest-core/1.3/hamcrest-core-1.3.jar:/home/user/.m2/repository/org/openjdk/jmh/jmh-core/1.19/jmh-core-1.19.jar:/home/user/.m2/repository/net/sf/jopt-simple/jopt-simple/4.6/jopt-simple-4.6.jar:/home/user/.m2/repository/org/apache/commons/commons-math3/3.1.1/commons-math3-3.1.1.jar:/home/user/.m2/repository/org/openjdk/jmh/jmh-generator-annprocess/1.19/jmh-generator-annprocess-1.19.jar:/home/user/.m2/repository/org/mockito/mockito-all/1.8.5/mockito-all-1.8.5.jar:/home/user/.m2/repository/org/apache/hadoop/hadoop-kms/3.2.0/hadoop-kms-3.2.0.jar:/home/user/.m2/repository/org/apache/hadoop/hadoop-auth/3.2.0/hadoop-auth-3.2.0.jar:/home/user/.m2/repository/com/nimbusds/nimbus-jose-jwt/4.41.1/nimbus-jose-jwt-4.41.1.jar:/home/user/.m2/repository/com/github/stephenc/jcip/jcip-annotations/1.0-1/jcip-annotations-1.0-1.jar:/home/user/.m2/repository/net/minidev/json-smart/2.3/json-smart-2.3.jar:/home/user/.m2/repository/net/minidev/accessors-smart/1.2/accessors-smart-1.2.jar:/home/user/.m2/repository/org/ow2/asm/asm/5.0.4/asm-5.0.4.jar:/home/user/.m2/repository/org/apache/curator/curator-framework/2.12.0/curator-framework-2.12.0.jar:/home/user/.m2/repository/com/sun/jersey/jersey-core/1.19/jersey-core-1.19.jar:/home/user/.m2/repository/javax/ws/rs/jsr311-api/1.1.1/jsr311-api-1.1.1.jar:/home/user/.m2/repository/com/sun/jersey/jersey-server/1.19/jersey-server-1.19.jar:/home/user/.m2/repository/javax/servlet/javax.servlet-api/3.1.0/javax.servlet-api-3.1.0.jar:/home/user/.m2/repository/org/eclipse/jetty/jetty-server/9.3.24.v20180605/jetty-server-9.3.24.v20180605.jar:/home/user/.m2/repository/org/eclipse/jetty/jetty-http/9.3.24.v20180605/jetty-http-9.3.24.v20180605.jar:/home/user/.m2/repository/org/eclipse/jetty/jetty-io/9.3.24.v20180605/jetty-io-9.3.24.v20180605.jar:/home/user/.m2/repository/org/eclipse/jetty/jetty-webapp/9.3.24.v20180605/jetty-webapp-9.3.24.v20180605.jar:/home/user/.m2/repository/org/eclipse/jetty/jetty-xml/9.3.24.v20180605/jetty-xml-9.3.24.v20180605.jar:/home/user/.m2/repository/log4j/log4j/1.2.17/log4j-1.2.17.jar:/home/user/.m2/repository/org/slf4j/slf4j-api/1.7.25/slf4j-api-1.7.25.jar:/home/user/.m2/repository/org/slf4j/jul-to-slf4j/1.7.25/jul-to-slf4j-1.7.25.jar:/home/user/.m2/repository/org/eclipse/jetty/jetty-util/9.3.24.v20180605/jetty-util-9.3.24.v20180605.jar:/home/user/.m2/repository/com/fasterxml/jackson/core/jackson-databind/2.9.5/jackson-databind-2.9.5.jar:/home/user/.m2/repository/org/apache/hadoop/hadoop-kms/3.2.0/hadoop-kms-3.2.0-tests.jar:/home/user/.m2/repository/org/apache/hadoop/hadoop-hdds-server-scm/0.4.1-SNAPSHOT/hadoop-hdds-server-scm-0.4.1-SNAPSHOT-tests.jar:/home/user/.m2/repository/org/apache/hadoop/hadoop-hdds-container-service/0.4.1-SNAPSHOT/hadoop-hdds-container-service-0.4.1-SNAPSHOT-tests.jar:/home/user/.m2/repository/org/yaml/snakeyaml/1.16/snakeyaml-1.16.jar:/home/user/.m2/repository/org/apache/hadoop/hadoop-common/3.2.0/hadoop-common-3.2.0-tests.jar:/home/user/.m2/repository/org/apache/hadoop/hadoop-annotations/3.2.0/hadoop-annotations-3.2.0.jar:/usr/lib/jvm/java-1.8-openjdk/jre/../lib/tools.jar:/home/user/.m2/repository/commons-cli/commons-cli/1.2/commons-cli-1.2.jar:/home/user/.m2/repository/org/apache/httpcomponents/httpclient/4.5.2/httpclient-4.5.2.jar:/home/user/.m2/repository/org/apache/httpcomponents/httpcore/4.4.4/httpcore-4.4.4.jar:/home/user/.m2/repository/commons-codec/commons-codec/1.11/commons-codec-1.11.jar:/home/user/.m2/repository/commons-net/commons-net/3.6/commons-net-3.6.jar:/home/user/.m2/repository/commons-collections/commons-collections/3.2.2/commons-collections-3.2.2.jar:/home/user/.m2/repository/org/eclipse/jetty/jetty-servlet/9.3.24.v20180605/jetty-servlet-9.3.24.v20180605.jar:/home/user/.m2/repository/org/eclipse/jetty/jetty-security/9.3.24.v20180605/jetty-security-9.3.24.v20180605.jar:/home/user/.m2/repository/javax/servlet/jsp/jsp-api/2.1/jsp-api-2.1.jar:/home/user/.m2/repository/com/sun/jersey/jersey-servlet/1.19/jersey-servlet-1.19.jar:/home/user/.m2/repository/com/sun/jersey/jersey-json/1.19/jersey-json-1.19.jar:/home/user/.m2/repository/org/codehaus/jettison/jettison/1.1/jettison-1.1.jar:/home/user/.m2/repository/org/codehaus/jackson/jackson-core-asl/1.9.13/jackson-core-asl-1.9.13.jar:/home/user/.m2/repository/org/codehaus/jackson/jackson-mapper-asl/1.9.13/jackson-mapper-asl-1.9.13.jar:/home/user/.m2/repository/org/codehaus/jackson/jackson-jaxrs/1.9.13/jackson-jaxrs-1.9.13.jar:/home/user/.m2/repository/org/codehaus/jackson/jackson-xc/1.9.13/jackson-xc-1.9.13.jar:/home/user/.m2/repository/commons-logging/commons-logging/1.1.3/commons-logging-1.1.3.jar:/home/user/.m2/repository/commons-beanutils/commons-beanutils/1.9.3/commons-beanutils-1.9.3.jar:/home/user/.m2/repository/org/apache/commons/commons-configuration2/2.1.1/commons-configuration2-2.1.1.jar:/home/user/.m2/repository/org/apache/commons/commons-lang3/3.7/commons-lang3-3.7.jar:/home/user/.m2/repository/org/apache/commons/commons-text/1.4/commons-text-1.4.jar:/home/user/.m2/repository/org/apache/avro/avro/1.7.7/avro-1.7.7.jar:/home/user/.m2/repository/com/thoughtworks/paranamer/paranamer/2.3/paranamer-2.3.jar:/home/user/.m2/repository/org/xerial/snappy/snappy-java/1.0.5/snappy-java-1.0.5.jar:/home/user/.m2/repository/com/google/re2j/re2j/1.1/re2j-1.1.jar:/home/user/.m2/repository/com/google/code/gson/gson/2.2.4/gson-2.2.4.jar:/home/user/.m2/repository/com/jcraft/jsch/0.1.54/jsch-0.1.54.jar:/home/user/.m2/repository/org/apache/curator/curator-client/2.12.0/curator-client-2.12.0.jar:/home/user/.m2/repository/org/apache/curator/curator-recipes/2.12.0/curator-recipes-2.12.0.jar:/home/user/.m2/repository/com/google/code/findbugs/jsr305/3.0.0/jsr305-3.0.0.jar:/home/user/.m2/repository/org/apache/htrace/htrace-core4/4.1.0-incubating/htrace-core4-4.1.0-incubating.jar:/home/user/.m2/repository/org/apache/zookeeper/zookeeper/3.4.13/zookeeper-3.4.13.jar:/home/user/.m2/repository/org/apache/yetus/audience-annotations/0.5.0/audience-annotations-0.5.0.jar:/home/user/.m2/repository/org/codehaus/woodstox/stax2-api/3.1.4/stax2-api-3.1.4.jar:/home/user/.m2/repository/com/fasterxml/woodstox/woodstox-core/5.0.3/woodstox-core-5.0.3.jar:/home/user/.m2/repository/dnsjava/dnsjava/2.1.7/dnsjava-2.1.7.jar:/home/user/.m2/repository/org/apache/hadoop/hadoop-hdfs/3.2.0/hadoop-hdfs-3.2.0-tests.jar:/home/user/.m2/repository/org/eclipse/jetty/jetty-util-ajax/9.3.24.v20180605/jetty-util-ajax-9.3.24.v20180605.jar:/home/user/.m2/repository/commons-daemon/commons-daemon/1.0.13/commons-daemon-1.0.13.jar:/home/user/.m2/repository/io/netty/netty/3.10.5.Final/netty-3.10.5.Final.jar:/home/user/.m2/repository/io/netty/netty-all/4.0.52.Final/netty-all-4.0.52.Final.jar:/home/user/.m2/repository/org/fusesource/leveldbjni/leveldbjni-all/1.8/leveldbjni-all-1.8.jar:"/>
    <property name="sun.cpu.endian" value="little"/>
    <property name="user.home" value="/home/user"/>
    <property name="user.language" value="en"/>
    <property name="java.specification.vendor" value="Oracle Corporation"/>
    <property name="java.home" value="/usr/lib/jvm/java-1.8-openjdk/jre"/>
    <property name="java.security.krb5.conf" value="/workdir/hadoop-ozone/integration-test/target/test-classes/krb5.conf"/>
    <property name="basedir" value="/workdir/hadoop-ozone/integration-test"/>
    <property name="file.separator" value="/"/>
    <property name="line.separator" value="&#10;"/>
    <property name="java.vm.specification.vendor" value="Oracle Corporation"/>
    <property name="java.specification.name" value="Java Platform API Specification"/>
    <property name="java.awt.graphicsenv" value="sun.awt.X11GraphicsEnvironment"/>
    <property name="surefire.real.class.path" value="/workdir/hadoop-ozone/integration-test/target/surefire/surefirebooter6698921414804075641.jar"/>
    <property name="hadoop.log.dir" value="/workdir/hadoop-ozone/integration-test/target/log"/>
    <property name="sun.boot.class.path" value="/usr/lib/jvm/java-1.8-openjdk/jre/lib/resources.jar:/usr/lib/jvm/java-1.8-openjdk/jre/lib/rt.jar:/usr/lib/jvm/java-1.8-openjdk/jre/lib/sunrsasign.jar:/usr/lib/jvm/java-1.8-openjdk/jre/lib/jsse.jar:/usr/lib/jvm/java-1.8-openjdk/jre/lib/jce.jar:/usr/lib/jvm/java-1.8-openjdk/jre/lib/charsets.jar:/usr/lib/jvm/java-1.8-openjdk/jre/lib/jfr.jar:/usr/lib/jvm/java-1.8-openjdk/jre/classes"/>
    <property name="sun.management.compiler" value="HotSpot 64-Bit Tiered Compilers"/>
    <property name="java.runtime.version" value="1.8.0_212-b04"/>
    <property name="java.net.preferIPv4Stack" value="true"/>
    <property name="user.name" value="jenkins1000"/>
    <property name="path.separator" value=":"/>
    <property name="java.security.egd" value="file:///dev/urandom"/>
    <property name="os.version" value="3.10.0-957.12.2.el7.x86_64"/>
    <property name="java.endorsed.dirs" value="/usr/lib/jvm/java-1.8-openjdk/jre/lib/endorsed"/>
    <property name="java.runtime.name" value="OpenJDK Runtime Environment"/>
    <property name="file.encoding" value="UTF-8"/>
    <property name="java.vm.name" value="OpenJDK 64-Bit Server VM"/>
    <property name="test.build.webapps" value=""/>
    <property name="localRepository" value="/home/user/.m2/repository"/>
    <property name="java.vendor.url.bug" value="https://icedtea.classpath.org/bugzilla"/>
    <property name="java.io.tmpdir" value="/tmp"/>
    <property name="require.test.libhadoop" value=""/>
    <property name="java.version" value="1.8.0_212"/>
    <property name="user.dir" value="/workdir/hadoop-ozone/integration-test"/>
    <property name="os.arch" value="amd64"/>
    <property name="java.vm.specification.name" value="Java Virtual Machine Specification"/>
    <property name="test.build.classes" value="/workdir/hadoop-ozone/integration-test/target/test-classes"/>
    <property name="java.awt.printerjob" value="sun.print.PSPrinterJob"/>
    <property name="sun.os.patch.level" value="unknown"/>
    <property name="hadoop.tmp.dir" value="/workdir/hadoop-ozone/integration-test/target/tmp"/>
    <property name="java.library.path" value="/usr/lib/jvm/java-1.8-openjdk/jre/lib/amd64/server:/usr/lib/jvm/java-1.8-openjdk/jre/lib/amd64:/usr/lib/jvm/java-1.8-openjdk/jre/../lib/amd64:/workdir/hadoop-ozone/integration-test/target/native/target/usr/local/lib:/workdir/hadoop-ozone/integration-test/../../hadoop-common-project/hadoop-common/target/native/target/usr/local/lib:/usr/java/packages/lib/amd64:/usr/lib64:/lib64:/lib:/usr/lib"/>
    <property name="java.vm.info" value="mixed mode"/>
    <property name="java.vendor" value="IcedTea"/>
    <property name="java.vm.version" value="25.212-b04"/>
    <property name="java.ext.dirs" value="/usr/lib/jvm/java-1.8-openjdk/jre/lib/ext:/usr/java/packages/lib/ext"/>
    <property name="sun.io.unicode.encoding" value="UnicodeLittle"/>
    <property name="java.class.version" value="52.0"/>
  </properties>
  <testcase name="test2DatanodesFailure" classname="org.apache.hadoop.ozone.client.rpc.TestBlockOutputStreamWithFailures" time="43.822">
    <failure message="expected:&lt;5&gt; but was:&lt;6&gt;" type="java.lang.AssertionError"><![CDATA[java.lang.AssertionError: expected:<5> but was:<6>
	at org.junit.Assert.fail(Assert.java:88)
	at org.junit.Assert.failNotEquals(Assert.java:743)
	at org.junit.Assert.assertEquals(Assert.java:118)
	at org.junit.Assert.assertEquals(Assert.java:555)
	at org.junit.Assert.assertEquals(Assert.java:542)
	at org.apache.hadoop.ozone.client.rpc.TestBlockOutputStreamWithFailures.test2DatanodesFailure(TestBlockOutputStreamWithFailures.java:467)
	at sun.reflect.NativeMethodAccessorImpl.invoke0(Native Method)
	at sun.reflect.NativeMethodAccessorImpl.invoke(NativeMethodAccessorImpl.java:62)
	at sun.reflect.DelegatingMethodAccessorImpl.invoke(DelegatingMethodAccessorImpl.java:43)
	at java.lang.reflect.Method.invoke(Method.java:498)
	at org.junit.runners.model.FrameworkMethod$1.runReflectiveCall(FrameworkMethod.java:47)
	at org.junit.internal.runners.model.ReflectiveCallable.run(ReflectiveCallable.java:12)
	at org.junit.runners.model.FrameworkMethod.invokeExplosively(FrameworkMethod.java:44)
	at org.junit.internal.runners.statements.InvokeMethod.evaluate(InvokeMethod.java:17)
	at org.junit.internal.runners.statements.RunBefores.evaluate(RunBefores.java:26)
	at org.junit.internal.runners.statements.RunAfters.evaluate(RunAfters.java:27)
	at org.junit.runners.ParentRunner.runLeaf(ParentRunner.java:271)
	at org.junit.runners.BlockJUnit4ClassRunner.runChild(BlockJUnit4ClassRunner.java:70)
	at org.junit.runners.BlockJUnit4ClassRunner.runChild(BlockJUnit4ClassRunner.java:50)
	at org.junit.runners.ParentRunner$3.run(ParentRunner.java:238)
	at org.junit.runners.ParentRunner$1.schedule(ParentRunner.java:63)
	at org.junit.runners.ParentRunner.runChildren(ParentRunner.java:236)
	at org.junit.runners.ParentRunner.access$000(ParentRunner.java:53)
	at org.junit.runners.ParentRunner$2.evaluate(ParentRunner.java:229)
	at org.junit.runners.ParentRunner.run(ParentRunner.java:309)
	at org.apache.maven.surefire.junit4.JUnit4Provider.execute(JUnit4Provider.java:365)
	at org.apache.maven.surefire.junit4.JUnit4Provider.executeWithRerun(JUnit4Provider.java:273)
	at org.apache.maven.surefire.junit4.JUnit4Provider.executeTestSet(JUnit4Provider.java:238)
	at org.apache.maven.surefire.junit4.JUnit4Provider.invoke(JUnit4Provider.java:159)
	at org.apache.maven.surefire.booter.ForkedBooter.invokeProviderInSameClassLoader(ForkedBooter.java:384)
	at org.apache.maven.surefire.booter.ForkedBooter.runSuitesInProcess(ForkedBooter.java:345)
	at org.apache.maven.surefire.booter.ForkedBooter.execute(ForkedBooter.java:126)
	at org.apache.maven.surefire.booter.ForkedBooter.main(ForkedBooter.java:418)
]]></failure>
    <system-out><![CDATA[2019-08-09 04:05:58,540 WARN  server.ServerUtils (ServerUtils.java:getScmDbDir(145)) - ozone.scm.db.dirs is not configured. We recommend adding this setting. Falling back to ozone.metadata.dirs instead.
2019-08-09 04:05:58,664 WARN  server.ServerUtils (ServerUtils.java:getScmDbDir(145)) - ozone.scm.db.dirs is not configured. We recommend adding this setting. Falling back to ozone.metadata.dirs instead.
2019-08-09 04:05:58,667 WARN  server.ServerUtils (ServerUtils.java:getScmDbDir(145)) - ozone.scm.db.dirs is not configured. We recommend adding this setting. Falling back to ozone.metadata.dirs instead.
2019-08-09 04:05:58,684 INFO  util.log (Log.java:initialized(192)) - Logging initialized @862ms
2019-08-09 04:05:58,785 INFO  db.DBStoreBuilder (DBStoreBuilder.java:addTable(110)) - using custom profile for table: deletedBlocks
2019-08-09 04:05:58,785 INFO  db.DBStoreBuilder (DBStoreBuilder.java:processTables(161)) - Using default column profile:DBProfile.DISK for Table:deletedBlocks
2019-08-09 04:05:58,786 INFO  db.DBStoreBuilder (DBStoreBuilder.java:addTable(110)) - using custom profile for table: validCerts
2019-08-09 04:05:58,786 INFO  db.DBStoreBuilder (DBStoreBuilder.java:processTables(161)) - Using default column profile:DBProfile.DISK for Table:validCerts
2019-08-09 04:05:58,786 INFO  db.DBStoreBuilder (DBStoreBuilder.java:addTable(110)) - using custom profile for table: revokedCerts
2019-08-09 04:05:58,787 INFO  db.DBStoreBuilder (DBStoreBuilder.java:processTables(161)) - Using default column profile:DBProfile.DISK for Table:revokedCerts
2019-08-09 04:05:58,798 INFO  db.DBStoreBuilder (DBStoreBuilder.java:addTable(110)) - using custom profile for table: default
2019-08-09 04:05:58,798 INFO  db.DBStoreBuilder (DBStoreBuilder.java:processTables(167)) - Using default column profile:DBProfile.DISK for Table:default
2019-08-09 04:05:58,799 INFO  db.DBStoreBuilder (DBStoreBuilder.java:getDbProfile(198)) - Using default options. DBProfile.DISK
2019-08-09 04:05:59,017 INFO  net.NodeSchemaLoader (NodeSchemaLoader.java:loadSchemaFromFile(125)) - Loading file from sun.misc.CompoundEnumeration@7714e963
2019-08-09 04:05:59,025 INFO  net.NodeSchemaLoader (NodeSchemaLoader.java:loadSchema(171)) - Loading network topology layer schema file
2019-08-09 04:05:59,102 INFO  node.SCMNodeManager (SCMNodeManager.java:<init>(121)) - Entering startup safe mode.
2019-08-09 04:05:59,186 WARN  server.ServerUtils (ServerUtils.java:getScmDbDir(145)) - ozone.scm.db.dirs is not configured. We recommend adding this setting. Falling back to ozone.metadata.dirs instead.
2019-08-09 04:05:59,252 INFO  pipeline.SCMPipelineManager (SCMPipelineManager.java:initializePipelineState(126)) - No pipeline exists in current db
2019-08-09 04:05:59,254 WARN  server.ServerUtils (ServerUtils.java:getScmDbDir(145)) - ozone.scm.db.dirs is not configured. We recommend adding this setting. Falling back to ozone.metadata.dirs instead.
2019-08-09 04:05:59,377 WARN  events.EventQueue (EventQueue.java:fireEvent(175)) - No event handler registered for event TypedEvent{payloadType=SafeModeStatus, name='SafeModeStatus'}
2019-08-09 04:05:59,714 INFO  ipc.CallQueueManager (CallQueueManager.java:<init>(84)) - Using callQueue: class java.util.concurrent.LinkedBlockingQueue, queueCapacity: 2000, scheduler: class org.apache.hadoop.ipc.DefaultRpcScheduler, ipcBackoff: false.
2019-08-09 04:05:59,742 INFO  ipc.Server (Server.java:run(1074)) - Starting Socket Reader #1 for port 37234
2019-08-09 04:05:59,765 INFO  ipc.CallQueueManager (CallQueueManager.java:<init>(84)) - Using callQueue: class java.util.concurrent.LinkedBlockingQueue, queueCapacity: 2000, scheduler: class org.apache.hadoop.ipc.DefaultRpcScheduler, ipcBackoff: false.
2019-08-09 04:05:59,767 INFO  ipc.Server (Server.java:run(1074)) - Starting Socket Reader #1 for port 42674
2019-08-09 04:05:59,773 INFO  ipc.CallQueueManager (CallQueueManager.java:<init>(84)) - Using callQueue: class java.util.concurrent.LinkedBlockingQueue, queueCapacity: 2000, scheduler: class org.apache.hadoop.ipc.DefaultRpcScheduler, ipcBackoff: false.
2019-08-09 04:05:59,775 INFO  ipc.Server (Server.java:run(1074)) - Starting Socket Reader #1 for port 37760
2019-08-09 04:05:59,874 INFO  hdfs.DFSUtil (DFSUtil.java:httpServerTemplateForNNAndJN(1641)) - Starting Web-server for scm at: http://0.0.0.0:0
2019-08-09 04:06:00,009 INFO  server.AuthenticationFilter (AuthenticationFilter.java:constructSecretProvider(240)) - Unable to initialize FileSignerSecretProvider, falling back to use random secrets.
2019-08-09 04:06:00,016 WARN  http.HttpRequestLog (HttpRequestLog.java:getRequestLog(97)) - Jetty request log can only be enabled using Log4j
2019-08-09 04:06:00,024 INFO  http.HttpServer2 (HttpServer2.java:addGlobalFilter(975)) - Added global filter 'safety' (class=org.apache.hadoop.http.HttpServer2$QuotingInputFilter)
2019-08-09 04:06:00,027 INFO  http.HttpServer2 (HttpServer2.java:addFilter(948)) - Added filter static_user_filter (class=org.apache.hadoop.http.lib.StaticUserWebFilter$StaticUserFilter) to context scm
2019-08-09 04:06:00,027 INFO  http.HttpServer2 (HttpServer2.java:addFilter(958)) - Added filter static_user_filter (class=org.apache.hadoop.http.lib.StaticUserWebFilter$StaticUserFilter) to context logs
2019-08-09 04:06:00,027 INFO  http.HttpServer2 (HttpServer2.java:addFilter(958)) - Added filter static_user_filter (class=org.apache.hadoop.http.lib.StaticUserWebFilter$StaticUserFilter) to context static
2019-08-09 04:06:00,055 INFO  server.StorageContainerManager (StorageContainerManager.java:start(759)) - StorageContainerLocationProtocol RPC server is listening at /0.0.0.0:37760
2019-08-09 04:06:00,139 WARN  impl.MetricsConfig (MetricsConfig.java:loadFirst(134)) - Cannot locate configuration: tried hadoop-metrics2-storagecontainermanager.properties,hadoop-metrics2.properties
2019-08-09 04:06:00,154 INFO  impl.MetricsSystemImpl (MetricsSystemImpl.java:startTimer(374)) - Scheduled Metric snapshot period at 10 second(s).
2019-08-09 04:06:00,154 INFO  impl.MetricsSystemImpl (MetricsSystemImpl.java:start(191)) - StorageContainerManager metrics system started
2019-08-09 04:06:00,382 INFO  server.SCMClientProtocolServer (SCMClientProtocolServer.java:start(151)) - RPC server for Client  is listening at /0.0.0.0:37760
2019-08-09 04:06:00,384 INFO  ipc.Server (Server.java:run(1314)) - IPC Server Responder: starting
2019-08-09 04:06:00,384 INFO  ipc.Server (Server.java:run(1153)) - IPC Server listener on 37760: starting
2019-08-09 04:06:00,389 INFO  server.StorageContainerManager (StorageContainerManager.java:start(769)) - ScmBlockLocationProtocol RPC server is listening at /0.0.0.0:42674
2019-08-09 04:06:00,389 INFO  server.SCMBlockProtocolServer (SCMBlockProtocolServer.java:start(140)) - RPC server for Block Protocol is listening at /0.0.0.0:42674
2019-08-09 04:06:00,390 INFO  ipc.Server (Server.java:run(1314)) - IPC Server Responder: starting
2019-08-09 04:06:00,390 INFO  ipc.Server (Server.java:run(1153)) - IPC Server listener on 42674: starting
2019-08-09 04:06:00,399 INFO  server.StorageContainerManager (StorageContainerManager.java:start(773)) - ScmDatanodeProtocl RPC server is listening at /0.0.0.0:37234
2019-08-09 04:06:00,399 INFO  server.SCMDatanodeProtocolServer (SCMDatanodeProtocolServer.java:start(191)) - RPC server for DataNodes is listening at /0.0.0.0:37234
2019-08-09 04:06:00,401 INFO  ipc.Server (Server.java:run(1314)) - IPC Server Responder: starting
2019-08-09 04:06:00,402 INFO  ipc.Server (Server.java:run(1153)) - IPC Server listener on 37234: starting
2019-08-09 04:06:00,414 INFO  http.HttpServer2 (HttpServer2.java:bindListener(1191)) - Jetty bound to port 33318
2019-08-09 04:06:00,417 INFO  server.Server (Server.java:doStart(351)) - jetty-9.3.24.v20180605, build timestamp: 2018-06-05T17:11:56Z, git hash: 84205aa28f11a4f31f2a3b86d1bba2cc8ab69827
2019-08-09 04:06:00,458 INFO  handler.ContextHandler (ContextHandler.java:doStart(781)) - Started o.e.j.s.ServletContextHandler@76012793{/logs,file:///workdir/hadoop-ozone/integration-test/target/log,AVAILABLE}
2019-08-09 04:06:00,458 INFO  handler.ContextHandler (ContextHandler.java:doStart(781)) - Started o.e.j.s.ServletContextHandler@79d94571{/static,file:///workdir/hadoop-ozone/integration-test/target/test-classes/webapps/static,AVAILABLE}
2019-08-09 04:06:00,492 INFO  handler.ContextHandler (ContextHandler.java:doStart(781)) - Started o.e.j.w.WebAppContext@15a902e7{/,file:///workdir/hadoop-ozone/integration-test/target/test-classes/webapps/scm/,AVAILABLE}{/scm}
2019-08-09 04:06:00,497 INFO  server.AbstractConnector (AbstractConnector.java:doStart(278)) - Started ServerConnector@2416a51{HTTP/1.1,[http/1.1]}{0.0.0.0:33318}
2019-08-09 04:06:00,497 INFO  server.Server (Server.java:doStart(419)) - Started @2676ms
2019-08-09 04:06:00,498 INFO  server.BaseHttpServer (BaseHttpServer.java:updateConnectorAddress(207)) - HTTP server of SCM is listening at http://0.0.0.0:33318
2019-08-09 04:06:00,508 INFO  util.JvmPauseMonitor (JvmPauseMonitor.java:run(188)) - Starting JVM pause monitor
2019-08-09 04:06:00,513 WARN  server.ServerUtils (ServerUtils.java:getDBPath(222)) - ozone.om.db.dirs is not configured. We recommend adding this setting. Falling back to ozone.metadata.dirs instead.
2019-08-09 04:06:00,645 WARN  server.ServerUtils (ServerUtils.java:getDBPath(222)) - ozone.om.db.dirs is not configured. We recommend adding this setting. Falling back to ozone.metadata.dirs instead.
2019-08-09 04:06:00,646 WARN  server.ServerUtils (ServerUtils.java:getDBPath(222)) - ozone.om.db.dirs is not configured. We recommend adding this setting. Falling back to ozone.metadata.dirs instead.
2019-08-09 04:06:00,647 INFO  om.OzoneManager (OzoneManager.java:setOMNodeDetails(644)) - OM Service ID is not set. Setting it to the default ID: omServiceIdDefault
2019-08-09 04:06:00,648 INFO  om.OzoneManager (OzoneManager.java:setOMNodeDetails(650)) - OM Node ID is not set. Setting it to the OmStorage's OmID: b754470d-b1f7-4cbd-9ac1-dda21bbd2fc8
2019-08-09 04:06:00,649 INFO  om.OzoneManager (OzoneManager.java:loadOMHAConfigs(601)) - Found matching OM address with OMServiceId: null, OMNodeId: null, RPC Address: localhost:0 and Ratis port: 9872
2019-08-09 04:06:01,360 WARN  server.ServerUtils (ServerUtils.java:getDBPath(222)) - ozone.om.db.dirs is not configured. We recommend adding this setting. Falling back to ozone.metadata.dirs instead.
2019-08-09 04:06:01,367 INFO  db.DBStoreBuilder (DBStoreBuilder.java:addTable(110)) - using custom profile for table: userTable
2019-08-09 04:06:01,367 INFO  db.DBStoreBuilder (DBStoreBuilder.java:processTables(161)) - Using default column profile:DBProfile.DISK for Table:userTable
2019-08-09 04:06:01,367 INFO  db.DBStoreBuilder (DBStoreBuilder.java:addTable(110)) - using custom profile for table: volumeTable
2019-08-09 04:06:01,367 INFO  db.DBStoreBuilder (DBStoreBuilder.java:processTables(161)) - Using default column profile:DBProfile.DISK for Table:volumeTable
2019-08-09 04:06:01,368 INFO  db.DBStoreBuilder (DBStoreBuilder.java:addTable(110)) - using custom profile for table: bucketTable
2019-08-09 04:06:01,368 INFO  db.DBStoreBuilder (DBStoreBuilder.java:processTables(161)) - Using default column profile:DBProfile.DISK for Table:bucketTable
2019-08-09 04:06:01,368 INFO  db.DBStoreBuilder (DBStoreBuilder.java:addTable(110)) - using custom profile for table: keyTable
2019-08-09 04:06:01,368 INFO  db.DBStoreBuilder (DBStoreBuilder.java:processTables(161)) - Using default column profile:DBProfile.DISK for Table:keyTable
2019-08-09 04:06:01,369 INFO  db.DBStoreBuilder (DBStoreBuilder.java:addTable(110)) - using custom profile for table: deletedTable
2019-08-09 04:06:01,369 INFO  db.DBStoreBuilder (DBStoreBuilder.java:processTables(161)) - Using default column profile:DBProfile.DISK for Table:deletedTable
2019-08-09 04:06:01,369 INFO  db.DBStoreBuilder (DBStoreBuilder.java:addTable(110)) - using custom profile for table: openKeyTable
2019-08-09 04:06:01,369 INFO  db.DBStoreBuilder (DBStoreBuilder.java:processTables(161)) - Using default column profile:DBProfile.DISK for Table:openKeyTable
2019-08-09 04:06:01,370 INFO  db.DBStoreBuilder (DBStoreBuilder.java:addTable(110)) - using custom profile for table: s3Table
2019-08-09 04:06:01,370 INFO  db.DBStoreBuilder (DBStoreBuilder.java:processTables(161)) - Using default column profile:DBProfile.DISK for Table:s3Table
2019-08-09 04:06:01,370 INFO  db.DBStoreBuilder (DBStoreBuilder.java:addTable(110)) - using custom profile for table: multipartInfoTable
2019-08-09 04:06:01,370 INFO  db.DBStoreBuilder (DBStoreBuilder.java:processTables(161)) - Using default column profile:DBProfile.DISK for Table:multipartInfoTable
2019-08-09 04:06:01,371 INFO  db.DBStoreBuilder (DBStoreBuilder.java:addTable(110)) - using custom profile for table: dTokenTable
2019-08-09 04:06:01,371 INFO  db.DBStoreBuilder (DBStoreBuilder.java:processTables(161)) - Using default column profile:DBProfile.DISK for Table:dTokenTable
2019-08-09 04:06:01,371 INFO  db.DBStoreBuilder (DBStoreBuilder.java:addTable(110)) - using custom profile for table: s3SecretTable
2019-08-09 04:06:01,371 INFO  db.DBStoreBuilder (DBStoreBuilder.java:processTables(161)) - Using default column profile:DBProfile.DISK for Table:s3SecretTable
2019-08-09 04:06:01,372 INFO  db.DBStoreBuilder (DBStoreBuilder.java:addTable(110)) - using custom profile for table: prefixTable
2019-08-09 04:06:01,372 INFO  db.DBStoreBuilder (DBStoreBuilder.java:processTables(161)) - Using default column profile:DBProfile.DISK for Table:prefixTable
2019-08-09 04:06:01,372 INFO  db.DBStoreBuilder (DBStoreBuilder.java:addTable(110)) - using custom profile for table: default
2019-08-09 04:06:01,372 INFO  db.DBStoreBuilder (DBStoreBuilder.java:processTables(167)) - Using default column profile:DBProfile.DISK for Table:default
2019-08-09 04:06:01,373 INFO  db.DBStoreBuilder (DBStoreBuilder.java:getDbProfile(198)) - Using default options. DBProfile.DISK
2019-08-09 04:06:01,964 INFO  ipc.CallQueueManager (CallQueueManager.java:<init>(84)) - Using callQueue: class java.util.concurrent.LinkedBlockingQueue, queueCapacity: 2000, scheduler: class org.apache.hadoop.ipc.DefaultRpcScheduler, ipcBackoff: false.
2019-08-09 04:06:01,966 INFO  ipc.Server (Server.java:run(1074)) - Starting Socket Reader #1 for port 33725
2019-08-09 04:06:01,984 INFO  om.OzoneManager (OzoneManager.java:start(1255)) - OzoneManager RPC server is listening at localhost/127.0.0.1:33725
2019-08-09 04:06:01,984 INFO  impl.MetricsSystemImpl (MetricsSystemImpl.java:init(158)) - OzoneManager metrics system started (again)
2019-08-09 04:06:01,986 INFO  ipc.Server (Server.java:run(1314)) - IPC Server Responder: starting
2019-08-09 04:06:01,988 INFO  ipc.Server (Server.java:run(1153)) - IPC Server listener on 33725: starting
2019-08-09 04:06:02,003 INFO  hdfs.DFSUtil (DFSUtil.java:httpServerTemplateForNNAndJN(1641)) - Starting Web-server for ozoneManager at: http://0.0.0.0:0
2019-08-09 04:06:02,006 INFO  server.AuthenticationFilter (AuthenticationFilter.java:constructSecretProvider(240)) - Unable to initialize FileSignerSecretProvider, falling back to use random secrets.
2019-08-09 04:06:02,007 WARN  http.HttpRequestLog (HttpRequestLog.java:getRequestLog(97)) - Jetty request log can only be enabled using Log4j
2019-08-09 04:06:02,011 INFO  http.HttpServer2 (HttpServer2.java:addGlobalFilter(975)) - Added global filter 'safety' (class=org.apache.hadoop.http.HttpServer2$QuotingInputFilter)
2019-08-09 04:06:02,012 INFO  http.HttpServer2 (HttpServer2.java:addFilter(948)) - Added filter static_user_filter (class=org.apache.hadoop.http.lib.StaticUserWebFilter$StaticUserFilter) to context ozoneManager
2019-08-09 04:06:02,012 INFO  http.HttpServer2 (HttpServer2.java:addFilter(958)) - Added filter static_user_filter (class=org.apache.hadoop.http.lib.StaticUserWebFilter$StaticUserFilter) to context logs
2019-08-09 04:06:02,013 INFO  http.HttpServer2 (HttpServer2.java:addFilter(958)) - Added filter static_user_filter (class=org.apache.hadoop.http.lib.StaticUserWebFilter$StaticUserFilter) to context static
2019-08-09 04:06:02,016 INFO  http.HttpServer2 (HttpServer2.java:bindListener(1191)) - Jetty bound to port 35726
2019-08-09 04:06:02,016 INFO  server.Server (Server.java:doStart(351)) - jetty-9.3.24.v20180605, build timestamp: 2018-06-05T17:11:56Z, git hash: 84205aa28f11a4f31f2a3b86d1bba2cc8ab69827
2019-08-09 04:06:02,019 INFO  handler.ContextHandler (ContextHandler.java:doStart(781)) - Started o.e.j.s.ServletContextHandler@6e6fce47{/logs,file:///workdir/hadoop-ozone/integration-test/target/log,AVAILABLE}
2019-08-09 04:06:02,021 INFO  handler.ContextHandler (ContextHandler.java:doStart(781)) - Started o.e.j.s.ServletContextHandler@6ce90bc5{/static,file:///workdir/hadoop-ozone/integration-test/target/test-classes/webapps/static,AVAILABLE}
2019-08-09 04:06:02,042 INFO  handler.ContextHandler (ContextHandler.java:doStart(781)) - Started o.e.j.w.WebAppContext@61d01788{/,file:///workdir/hadoop-ozone/integration-test/target/test-classes/webapps/ozoneManager/,AVAILABLE}{/ozoneManager}
2019-08-09 04:06:02,043 INFO  server.AbstractConnector (AbstractConnector.java:doStart(278)) - Started ServerConnector@2b9b7f1f{HTTP/1.1,[http/1.1]}{0.0.0.0:35726}
2019-08-09 04:06:02,045 INFO  server.Server (Server.java:doStart(419)) - Started @4223ms
2019-08-09 04:06:02,046 INFO  server.BaseHttpServer (BaseHttpServer.java:updateConnectorAddress(207)) - HTTP server of OZONEMANAGER is listening at http://0.0.0.0:35726
2019-08-09 04:06:02,376 INFO  impl.MetricsSystemImpl (MetricsSystemImpl.java:init(158)) - HddsDatanode metrics system started (again)
2019-08-09 04:06:02,462 INFO  ozone.HddsDatanodeService (HddsDatanodeService.java:start(184)) - HddsDatanodeService host:byscane-nightly-vbjp7-3883395574 ip:192.168.157.225
2019-08-09 04:06:02,493 INFO  volume.HddsVolume (HddsVolume.java:<init>(176)) - Creating Volume: /workdir/hadoop-ozone/integration-test/target/test-dir/MiniOzoneClusterImpl-ec6279a4-115b-4ea2-96cc-fb2f3d2234fd/datanode-0/data/containers/hdds of  storage type : DISK and capacity : 52710309888
2019-08-09 04:06:02,496 INFO  volume.VolumeSet (VolumeSet.java:initializeVolumeSet(170)) - Added Volume : /workdir/hadoop-ozone/integration-test/target/test-dir/MiniOzoneClusterImpl-ec6279a4-115b-4ea2-96cc-fb2f3d2234fd/datanode-0/data/containers/hdds to VolumeSet
2019-08-09 04:06:02,499 INFO  volume.ThrottledAsyncChecker (ThrottledAsyncChecker.java:schedule(140)) - Scheduling a check for org.apache.hadoop.ozone.container.common.volume.HddsVolume@6345e7b9
2019-08-09 04:06:02,516 INFO  volume.HddsVolumeChecker (HddsVolumeChecker.java:checkAllVolumes(203)) - Scheduled health check for volume org.apache.hadoop.ozone.container.common.volume.HddsVolume@6345e7b9
2019-08-09 04:06:02,620 INFO  impl.RaftServerProxy (ConfUtils.java:logGet(43)) - raft.rpc.type = GRPC (default)
2019-08-09 04:06:02,684 INFO  grpc.GrpcFactory (GrpcFactory.java:checkPooledByteBufAllocatorUseCacheForAllThreads(45)) - PERFORMANCE WARNING: useCacheForAllThreads is true that may cause Netty to create a lot garbage objects and, as a result, trigger GC.
	It is recommended to disable useCacheForAllThreads by setting -Dorg.apache.ratis.thirdparty.io.netty.allocator.useCacheForAllThreads=false in command line.
2019-08-09 04:06:02,688 INFO  grpc.GrpcConfigKeys$Server (ConfUtils.java:logGet(43)) - raft.grpc.server.port = 0 (default)
2019-08-09 04:06:02,689 INFO  server.GrpcService (ConfUtils.java:logGet(43)) - raft.grpc.message.size.max = 33570816 (custom)
2019-08-09 04:06:02,690 INFO  server.RaftServerConfigKeys (ConfUtils.java:logGet(43)) - raft.server.log.appender.buffer.byte-limit = 33554432 (custom)
2019-08-09 04:06:02,691 INFO  server.GrpcService (ConfUtils.java:logGet(43)) - raft.grpc.flow.control.window = 1MB (=1048576) (default)
2019-08-09 04:06:02,692 INFO  server.RaftServerConfigKeys (ConfUtils.java:logGet(43)) - raft.server.rpc.request.timeout = 3000ms (default)
2019-08-09 04:06:02,850 INFO  server.RaftServerConfigKeys (ConfUtils.java:logGet(43)) - raft.server.storage.dir = [/workdir/hadoop-ozone/integration-test/target/test-dir/MiniOzoneClusterImpl-ec6279a4-115b-4ea2-96cc-fb2f3d2234fd/datanode-0/data/ratis] (custom)
2019-08-09 04:06:02,886 INFO  replication.SimpleContainerDownloader (SimpleContainerDownloader.java:<init>(72)) - Starting container downloader service to copy containers to replicate.
2019-08-09 04:06:02,898 INFO  hdfs.DFSUtil (DFSUtil.java:httpServerTemplateForNNAndJN(1641)) - Starting Web-server for hddsDatanode at: http://0.0.0.0:0
2019-08-09 04:06:02,900 INFO  server.AuthenticationFilter (AuthenticationFilter.java:constructSecretProvider(240)) - Unable to initialize FileSignerSecretProvider, falling back to use random secrets.
2019-08-09 04:06:02,900 WARN  http.HttpRequestLog (HttpRequestLog.java:getRequestLog(97)) - Jetty request log can only be enabled using Log4j
2019-08-09 04:06:02,902 INFO  http.HttpServer2 (HttpServer2.java:addGlobalFilter(975)) - Added global filter 'safety' (class=org.apache.hadoop.http.HttpServer2$QuotingInputFilter)
2019-08-09 04:06:02,903 INFO  http.HttpServer2 (HttpServer2.java:addFilter(948)) - Added filter static_user_filter (class=org.apache.hadoop.http.lib.StaticUserWebFilter$StaticUserFilter) to context hddsDatanode
2019-08-09 04:06:02,903 INFO  http.HttpServer2 (HttpServer2.java:addFilter(958)) - Added filter static_user_filter (class=org.apache.hadoop.http.lib.StaticUserWebFilter$StaticUserFilter) to context static
2019-08-09 04:06:02,903 INFO  http.HttpServer2 (HttpServer2.java:addFilter(958)) - Added filter static_user_filter (class=org.apache.hadoop.http.lib.StaticUserWebFilter$StaticUserFilter) to context logs
2019-08-09 04:06:02,904 INFO  http.HttpServer2 (HttpServer2.java:bindListener(1191)) - Jetty bound to port 37377
2019-08-09 04:06:02,904 INFO  server.Server (Server.java:doStart(351)) - jetty-9.3.24.v20180605, build timestamp: 2018-06-05T17:11:56Z, git hash: 84205aa28f11a4f31f2a3b86d1bba2cc8ab69827
2019-08-09 04:06:02,906 INFO  handler.ContextHandler (ContextHandler.java:doStart(781)) - Started o.e.j.s.ServletContextHandler@42ea287{/logs,file:///workdir/hadoop-ozone/integration-test/target/log,AVAILABLE}
2019-08-09 04:06:02,907 INFO  handler.ContextHandler (ContextHandler.java:doStart(781)) - Started o.e.j.s.ServletContextHandler@1f0b3cfe{/static,jar:file:/home/user/.m2/repository/org/apache/hadoop/hadoop-hdds-container-service/0.4.1-SNAPSHOT/hadoop-hdds-container-service-0.4.1-SNAPSHOT.jar!/webapps/static,AVAILABLE}
2019-08-09 04:06:02,956 INFO  handler.ContextHandler (ContextHandler.java:doStart(781)) - Started o.e.j.w.WebAppContext@dc79225{/,file:///tmp/jetty-0.0.0.0-37377-hddsDatanode-_-any-3833067947217144898.dir/webapp/,AVAILABLE}{/hddsDatanode}
2019-08-09 04:06:02,958 INFO  server.AbstractConnector (AbstractConnector.java:doStart(278)) - Started ServerConnector@30e9ca13{HTTP/1.1,[http/1.1]}{0.0.0.0:37377}
2019-08-09 04:06:02,963 INFO  server.Server (Server.java:doStart(419)) - Started @5141ms
2019-08-09 04:06:02,964 INFO  server.BaseHttpServer (BaseHttpServer.java:updateConnectorAddress(207)) - HTTP server of HDDSDATANODE is listening at http://0.0.0.0:37377
2019-08-09 04:06:04,108 INFO  ozone.HddsDatanodeService (HddsDatanodeService.java:startPlugins(395)) - Started plug-in org.apache.hadoop.ozone.web.OzoneHddsDatanodeService@364fd4ae
2019-08-09 04:06:04,111 INFO  impl.MetricsSystemImpl (MetricsSystemImpl.java:init(158)) - HddsDatanode metrics system started (again)
2019-08-09 04:06:04,115 INFO  ozone.HddsDatanodeService (HddsDatanodeService.java:start(184)) - HddsDatanodeService host:byscane-nightly-vbjp7-3883395574 ip:192.168.157.225
2019-08-09 04:06:04,120 INFO  util.JvmPauseMonitor (JvmPauseMonitor.java:run(188)) - Starting JVM pause monitor
2019-08-09 04:06:04,125 INFO  volume.HddsVolume (HddsVolume.java:<init>(176)) - Creating Volume: /workdir/hadoop-ozone/integration-test/target/test-dir/MiniOzoneClusterImpl-ec6279a4-115b-4ea2-96cc-fb2f3d2234fd/datanode-1/data/containers/hdds of  storage type : DISK and capacity : 52710309888
2019-08-09 04:06:04,126 INFO  volume.VolumeSet (VolumeSet.java:initializeVolumeSet(170)) - Added Volume : /workdir/hadoop-ozone/integration-test/target/test-dir/MiniOzoneClusterImpl-ec6279a4-115b-4ea2-96cc-fb2f3d2234fd/datanode-1/data/containers/hdds to VolumeSet
2019-08-09 04:06:04,126 INFO  volume.ThrottledAsyncChecker (ThrottledAsyncChecker.java:schedule(140)) - Scheduling a check for org.apache.hadoop.ozone.container.common.volume.HddsVolume@5c059a68
2019-08-09 04:06:04,127 INFO  volume.HddsVolumeChecker (HddsVolumeChecker.java:checkAllVolumes(203)) - Scheduled health check for volume org.apache.hadoop.ozone.container.common.volume.HddsVolume@5c059a68
2019-08-09 04:06:04,145 INFO  impl.RaftServerProxy (ConfUtils.java:logGet(43)) - raft.rpc.type = GRPC (default)
2019-08-09 04:06:04,146 INFO  grpc.GrpcFactory (GrpcFactory.java:checkPooledByteBufAllocatorUseCacheForAllThreads(45)) - PERFORMANCE WARNING: useCacheForAllThreads is true that may cause Netty to create a lot garbage objects and, as a result, trigger GC.
	It is recommended to disable useCacheForAllThreads by setting -Dorg.apache.ratis.thirdparty.io.netty.allocator.useCacheForAllThreads=false in command line.
2019-08-09 04:06:04,146 INFO  grpc.GrpcConfigKeys$Server (ConfUtils.java:logGet(43)) - raft.grpc.server.port = 0 (default)
2019-08-09 04:06:04,146 INFO  server.GrpcService (ConfUtils.java:logGet(43)) - raft.grpc.message.size.max = 33570816 (custom)
2019-08-09 04:06:04,147 INFO  server.RaftServerConfigKeys (ConfUtils.java:logGet(43)) - raft.server.log.appender.buffer.byte-limit = 33554432 (custom)
2019-08-09 04:06:04,147 INFO  server.GrpcService (ConfUtils.java:logGet(43)) - raft.grpc.flow.control.window = 1MB (=1048576) (default)
2019-08-09 04:06:04,147 INFO  server.RaftServerConfigKeys (ConfUtils.java:logGet(43)) - raft.server.rpc.request.timeout = 3000ms (default)
2019-08-09 04:06:04,148 INFO  server.RaftServerConfigKeys (ConfUtils.java:logGet(43)) - raft.server.storage.dir = [/workdir/hadoop-ozone/integration-test/target/test-dir/MiniOzoneClusterImpl-ec6279a4-115b-4ea2-96cc-fb2f3d2234fd/datanode-1/data/ratis] (custom)
2019-08-09 04:06:04,148 INFO  replication.SimpleContainerDownloader (SimpleContainerDownloader.java:<init>(72)) - Starting container downloader service to copy containers to replicate.
2019-08-09 04:06:04,150 INFO  hdfs.DFSUtil (DFSUtil.java:httpServerTemplateForNNAndJN(1641)) - Starting Web-server for hddsDatanode at: http://0.0.0.0:0
2019-08-09 04:06:04,151 INFO  server.AuthenticationFilter (AuthenticationFilter.java:constructSecretProvider(240)) - Unable to initialize FileSignerSecretProvider, falling back to use random secrets.
2019-08-09 04:06:04,152 WARN  http.HttpRequestLog (HttpRequestLog.java:getRequestLog(97)) - Jetty request log can only be enabled using Log4j
2019-08-09 04:06:04,153 INFO  http.HttpServer2 (HttpServer2.java:addGlobalFilter(975)) - Added global filter 'safety' (class=org.apache.hadoop.http.HttpServer2$QuotingInputFilter)
2019-08-09 04:06:04,154 INFO  http.HttpServer2 (HttpServer2.java:addFilter(948)) - Added filter static_user_filter (class=org.apache.hadoop.http.lib.StaticUserWebFilter$StaticUserFilter) to context hddsDatanode
2019-08-09 04:06:04,154 INFO  http.HttpServer2 (HttpServer2.java:addFilter(958)) - Added filter static_user_filter (class=org.apache.hadoop.http.lib.StaticUserWebFilter$StaticUserFilter) to context logs
2019-08-09 04:06:04,154 INFO  http.HttpServer2 (HttpServer2.java:addFilter(958)) - Added filter static_user_filter (class=org.apache.hadoop.http.lib.StaticUserWebFilter$StaticUserFilter) to context static
2019-08-09 04:06:04,155 INFO  http.HttpServer2 (HttpServer2.java:bindListener(1191)) - Jetty bound to port 36131
2019-08-09 04:06:04,155 INFO  server.Server (Server.java:doStart(351)) - jetty-9.3.24.v20180605, build timestamp: 2018-06-05T17:11:56Z, git hash: 84205aa28f11a4f31f2a3b86d1bba2cc8ab69827
2019-08-09 04:06:04,158 INFO  handler.ContextHandler (ContextHandler.java:doStart(781)) - Started o.e.j.s.ServletContextHandler@515b9d4a{/logs,file:///workdir/hadoop-ozone/integration-test/target/log,AVAILABLE}
2019-08-09 04:06:04,159 INFO  handler.ContextHandler (ContextHandler.java:doStart(781)) - Started o.e.j.s.ServletContextHandler@32a4ecbe{/static,jar:file:/home/user/.m2/repository/org/apache/hadoop/hadoop-hdds-container-service/0.4.1-SNAPSHOT/hadoop-hdds-container-service-0.4.1-SNAPSHOT.jar!/webapps/static,AVAILABLE}
2019-08-09 04:06:04,184 INFO  handler.ContextHandler (ContextHandler.java:doStart(781)) - Started o.e.j.w.WebAppContext@747835f5{/,file:///tmp/jetty-0.0.0.0-36131-hddsDatanode-_-any-433242187829182342.dir/webapp/,AVAILABLE}{/hddsDatanode}
2019-08-09 04:06:04,184 INFO  server.AbstractConnector (AbstractConnector.java:doStart(278)) - Started ServerConnector@594131f2{HTTP/1.1,[http/1.1]}{0.0.0.0:36131}
2019-08-09 04:06:04,185 INFO  server.Server (Server.java:doStart(419)) - Started @6363ms
2019-08-09 04:06:04,187 INFO  server.BaseHttpServer (BaseHttpServer.java:updateConnectorAddress(207)) - HTTP server of HDDSDATANODE is listening at http://0.0.0.0:36131
2019-08-09 04:06:04,249 INFO  datanode.InitDatanodeState (InitDatanodeState.java:persistContainerDatanodeDetails(140)) - DatanodeDetails is persisted to /workdir/hadoop-ozone/integration-test/target/test-dir/MiniOzoneClusterImpl-ec6279a4-115b-4ea2-96cc-fb2f3d2234fd/datanode-0/meta/datanode.id
2019-08-09 04:06:04,344 INFO  ozone.HddsDatanodeService (HddsDatanodeService.java:startPlugins(395)) - Started plug-in org.apache.hadoop.ozone.web.OzoneHddsDatanodeService@20d19f2c
2019-08-09 04:06:04,344 INFO  impl.MetricsSystemImpl (MetricsSystemImpl.java:init(158)) - HddsDatanode metrics system started (again)
2019-08-09 04:06:04,347 INFO  ozone.HddsDatanodeService (HddsDatanodeService.java:start(184)) - HddsDatanodeService host:byscane-nightly-vbjp7-3883395574 ip:192.168.157.225
2019-08-09 04:06:04,348 INFO  util.JvmPauseMonitor (JvmPauseMonitor.java:run(188)) - Starting JVM pause monitor
2019-08-09 04:06:04,353 INFO  datanode.InitDatanodeState (InitDatanodeState.java:persistContainerDatanodeDetails(140)) - DatanodeDetails is persisted to /workdir/hadoop-ozone/integration-test/target/test-dir/MiniOzoneClusterImpl-ec6279a4-115b-4ea2-96cc-fb2f3d2234fd/datanode-1/meta/datanode.id
2019-08-09 04:06:04,357 INFO  volume.HddsVolume (HddsVolume.java:<init>(176)) - Creating Volume: /workdir/hadoop-ozone/integration-test/target/test-dir/MiniOzoneClusterImpl-ec6279a4-115b-4ea2-96cc-fb2f3d2234fd/datanode-2/data/containers/hdds of  storage type : DISK and capacity : 52710309888
2019-08-09 04:06:04,357 INFO  volume.VolumeSet (VolumeSet.java:initializeVolumeSet(170)) - Added Volume : /workdir/hadoop-ozone/integration-test/target/test-dir/MiniOzoneClusterImpl-ec6279a4-115b-4ea2-96cc-fb2f3d2234fd/datanode-2/data/containers/hdds to VolumeSet
2019-08-09 04:06:04,357 INFO  volume.ThrottledAsyncChecker (ThrottledAsyncChecker.java:schedule(140)) - Scheduling a check for org.apache.hadoop.ozone.container.common.volume.HddsVolume@30a7653e
2019-08-09 04:06:04,358 INFO  volume.HddsVolumeChecker (HddsVolumeChecker.java:checkAllVolumes(203)) - Scheduled health check for volume org.apache.hadoop.ozone.container.common.volume.HddsVolume@30a7653e
2019-08-09 04:06:04,374 INFO  impl.RaftServerProxy (ConfUtils.java:logGet(43)) - raft.rpc.type = GRPC (default)
2019-08-09 04:06:04,375 INFO  grpc.GrpcFactory (GrpcFactory.java:checkPooledByteBufAllocatorUseCacheForAllThreads(45)) - PERFORMANCE WARNING: useCacheForAllThreads is true that may cause Netty to create a lot garbage objects and, as a result, trigger GC.
	It is recommended to disable useCacheForAllThreads by setting -Dorg.apache.ratis.thirdparty.io.netty.allocator.useCacheForAllThreads=false in command line.
2019-08-09 04:06:04,375 INFO  grpc.GrpcConfigKeys$Server (ConfUtils.java:logGet(43)) - raft.grpc.server.port = 0 (default)
2019-08-09 04:06:04,375 INFO  server.GrpcService (ConfUtils.java:logGet(43)) - raft.grpc.message.size.max = 33570816 (custom)
2019-08-09 04:06:04,375 INFO  server.RaftServerConfigKeys (ConfUtils.java:logGet(43)) - raft.server.log.appender.buffer.byte-limit = 33554432 (custom)
2019-08-09 04:06:04,376 INFO  server.GrpcService (ConfUtils.java:logGet(43)) - raft.grpc.flow.control.window = 1MB (=1048576) (default)
2019-08-09 04:06:04,376 INFO  server.RaftServerConfigKeys (ConfUtils.java:logGet(43)) - raft.server.rpc.request.timeout = 3000ms (default)
2019-08-09 04:06:04,377 INFO  server.RaftServerConfigKeys (ConfUtils.java:logGet(43)) - raft.server.storage.dir = [/workdir/hadoop-ozone/integration-test/target/test-dir/MiniOzoneClusterImpl-ec6279a4-115b-4ea2-96cc-fb2f3d2234fd/datanode-2/data/ratis] (custom)
2019-08-09 04:06:04,377 INFO  replication.SimpleContainerDownloader (SimpleContainerDownloader.java:<init>(72)) - Starting container downloader service to copy containers to replicate.
2019-08-09 04:06:04,379 INFO  hdfs.DFSUtil (DFSUtil.java:httpServerTemplateForNNAndJN(1641)) - Starting Web-server for hddsDatanode at: http://0.0.0.0:0
2019-08-09 04:06:04,380 INFO  server.AuthenticationFilter (AuthenticationFilter.java:constructSecretProvider(240)) - Unable to initialize FileSignerSecretProvider, falling back to use random secrets.
2019-08-09 04:06:04,381 WARN  http.HttpRequestLog (HttpRequestLog.java:getRequestLog(97)) - Jetty request log can only be enabled using Log4j
2019-08-09 04:06:04,384 INFO  http.HttpServer2 (HttpServer2.java:addGlobalFilter(975)) - Added global filter 'safety' (class=org.apache.hadoop.http.HttpServer2$QuotingInputFilter)
2019-08-09 04:06:04,385 INFO  http.HttpServer2 (HttpServer2.java:addFilter(948)) - Added filter static_user_filter (class=org.apache.hadoop.http.lib.StaticUserWebFilter$StaticUserFilter) to context hddsDatanode
2019-08-09 04:06:04,385 INFO  http.HttpServer2 (HttpServer2.java:addFilter(958)) - Added filter static_user_filter (class=org.apache.hadoop.http.lib.StaticUserWebFilter$StaticUserFilter) to context static
2019-08-09 04:06:04,386 INFO  http.HttpServer2 (HttpServer2.java:addFilter(958)) - Added filter static_user_filter (class=org.apache.hadoop.http.lib.StaticUserWebFilter$StaticUserFilter) to context logs
2019-08-09 04:06:04,386 INFO  http.HttpServer2 (HttpServer2.java:bindListener(1191)) - Jetty bound to port 32825
2019-08-09 04:06:04,387 INFO  server.Server (Server.java:doStart(351)) - jetty-9.3.24.v20180605, build timestamp: 2018-06-05T17:11:56Z, git hash: 84205aa28f11a4f31f2a3b86d1bba2cc8ab69827
2019-08-09 04:06:04,389 INFO  handler.ContextHandler (ContextHandler.java:doStart(781)) - Started o.e.j.s.ServletContextHandler@6b63abdc{/logs,file:///workdir/hadoop-ozone/integration-test/target/log,AVAILABLE}
2019-08-09 04:06:04,390 INFO  handler.ContextHandler (ContextHandler.java:doStart(781)) - Started o.e.j.s.ServletContextHandler@5f08fe00{/static,jar:file:/home/user/.m2/repository/org/apache/hadoop/hadoop-hdds-container-service/0.4.1-SNAPSHOT/hadoop-hdds-container-service-0.4.1-SNAPSHOT.jar!/webapps/static,AVAILABLE}
2019-08-09 04:06:04,418 INFO  handler.ContextHandler (ContextHandler.java:doStart(781)) - Started o.e.j.w.WebAppContext@27976390{/,file:///tmp/jetty-0.0.0.0-32825-hddsDatanode-_-any-8620485483835825237.dir/webapp/,AVAILABLE}{/hddsDatanode}
2019-08-09 04:06:04,419 INFO  server.AbstractConnector (AbstractConnector.java:doStart(278)) - Started ServerConnector@37e0056e{HTTP/1.1,[http/1.1]}{0.0.0.0:32825}
2019-08-09 04:06:04,420 INFO  server.Server (Server.java:doStart(419)) - Started @6598ms
2019-08-09 04:06:04,421 INFO  server.BaseHttpServer (BaseHttpServer.java:updateConnectorAddress(207)) - HTTP server of HDDSDATANODE is listening at http://0.0.0.0:32825
2019-08-09 04:06:04,556 INFO  ozone.HddsDatanodeService (HddsDatanodeService.java:startPlugins(395)) - Started plug-in org.apache.hadoop.ozone.web.OzoneHddsDatanodeService@1e00bfe2
2019-08-09 04:06:04,557 INFO  impl.MetricsSystemImpl (MetricsSystemImpl.java:init(158)) - HddsDatanode metrics system started (again)
2019-08-09 04:06:04,560 INFO  ozone.HddsDatanodeService (HddsDatanodeService.java:start(184)) - HddsDatanodeService host:byscane-nightly-vbjp7-3883395574 ip:192.168.157.225
2019-08-09 04:06:04,560 INFO  util.JvmPauseMonitor (JvmPauseMonitor.java:run(188)) - Starting JVM pause monitor
2019-08-09 04:06:04,564 INFO  datanode.InitDatanodeState (InitDatanodeState.java:persistContainerDatanodeDetails(140)) - DatanodeDetails is persisted to /workdir/hadoop-ozone/integration-test/target/test-dir/MiniOzoneClusterImpl-ec6279a4-115b-4ea2-96cc-fb2f3d2234fd/datanode-2/meta/datanode.id
2019-08-09 04:06:04,568 INFO  volume.HddsVolume (HddsVolume.java:<init>(176)) - Creating Volume: /workdir/hadoop-ozone/integration-test/target/test-dir/MiniOzoneClusterImpl-ec6279a4-115b-4ea2-96cc-fb2f3d2234fd/datanode-3/data/containers/hdds of  storage type : DISK and capacity : 52710309888
2019-08-09 04:06:04,568 INFO  volume.VolumeSet (VolumeSet.java:initializeVolumeSet(170)) - Added Volume : /workdir/hadoop-ozone/integration-test/target/test-dir/MiniOzoneClusterImpl-ec6279a4-115b-4ea2-96cc-fb2f3d2234fd/datanode-3/data/containers/hdds to VolumeSet
2019-08-09 04:06:04,568 INFO  volume.ThrottledAsyncChecker (ThrottledAsyncChecker.java:schedule(140)) - Scheduling a check for org.apache.hadoop.ozone.container.common.volume.HddsVolume@49580ca8
2019-08-09 04:06:04,569 INFO  volume.HddsVolumeChecker (HddsVolumeChecker.java:checkAllVolumes(203)) - Scheduled health check for volume org.apache.hadoop.ozone.container.common.volume.HddsVolume@49580ca8
2019-08-09 04:06:04,582 INFO  impl.RaftServerProxy (ConfUtils.java:logGet(43)) - raft.rpc.type = GRPC (default)
2019-08-09 04:06:04,583 INFO  grpc.GrpcFactory (GrpcFactory.java:checkPooledByteBufAllocatorUseCacheForAllThreads(45)) - PERFORMANCE WARNING: useCacheForAllThreads is true that may cause Netty to create a lot garbage objects and, as a result, trigger GC.
	It is recommended to disable useCacheForAllThreads by setting -Dorg.apache.ratis.thirdparty.io.netty.allocator.useCacheForAllThreads=false in command line.
2019-08-09 04:06:04,583 INFO  grpc.GrpcConfigKeys$Server (ConfUtils.java:logGet(43)) - raft.grpc.server.port = 0 (default)
2019-08-09 04:06:04,583 INFO  server.GrpcService (ConfUtils.java:logGet(43)) - raft.grpc.message.size.max = 33570816 (custom)
2019-08-09 04:06:04,583 INFO  server.RaftServerConfigKeys (ConfUtils.java:logGet(43)) - raft.server.log.appender.buffer.byte-limit = 33554432 (custom)
2019-08-09 04:06:04,584 INFO  server.GrpcService (ConfUtils.java:logGet(43)) - raft.grpc.flow.control.window = 1MB (=1048576) (default)
2019-08-09 04:06:04,584 INFO  server.RaftServerConfigKeys (ConfUtils.java:logGet(43)) - raft.server.rpc.request.timeout = 3000ms (default)
2019-08-09 04:06:04,585 INFO  server.RaftServerConfigKeys (ConfUtils.java:logGet(43)) - raft.server.storage.dir = [/workdir/hadoop-ozone/integration-test/target/test-dir/MiniOzoneClusterImpl-ec6279a4-115b-4ea2-96cc-fb2f3d2234fd/datanode-3/data/ratis] (custom)
2019-08-09 04:06:04,585 INFO  replication.SimpleContainerDownloader (SimpleContainerDownloader.java:<init>(72)) - Starting container downloader service to copy containers to replicate.
2019-08-09 04:06:04,587 INFO  hdfs.DFSUtil (DFSUtil.java:httpServerTemplateForNNAndJN(1641)) - Starting Web-server for hddsDatanode at: http://0.0.0.0:0
2019-08-09 04:06:04,588 INFO  server.AuthenticationFilter (AuthenticationFilter.java:constructSecretProvider(240)) - Unable to initialize FileSignerSecretProvider, falling back to use random secrets.
2019-08-09 04:06:04,588 WARN  http.HttpRequestLog (HttpRequestLog.java:getRequestLog(97)) - Jetty request log can only be enabled using Log4j
2019-08-09 04:06:04,590 INFO  http.HttpServer2 (HttpServer2.java:addGlobalFilter(975)) - Added global filter 'safety' (class=org.apache.hadoop.http.HttpServer2$QuotingInputFilter)
2019-08-09 04:06:04,590 INFO  http.HttpServer2 (HttpServer2.java:addFilter(948)) - Added filter static_user_filter (class=org.apache.hadoop.http.lib.StaticUserWebFilter$StaticUserFilter) to context hddsDatanode
2019-08-09 04:06:04,591 INFO  http.HttpServer2 (HttpServer2.java:addFilter(958)) - Added filter static_user_filter (class=org.apache.hadoop.http.lib.StaticUserWebFilter$StaticUserFilter) to context static
2019-08-09 04:06:04,591 INFO  http.HttpServer2 (HttpServer2.java:addFilter(958)) - Added filter static_user_filter (class=org.apache.hadoop.http.lib.StaticUserWebFilter$StaticUserFilter) to context logs
2019-08-09 04:06:04,591 INFO  http.HttpServer2 (HttpServer2.java:bindListener(1191)) - Jetty bound to port 44392
2019-08-09 04:06:04,592 INFO  server.Server (Server.java:doStart(351)) - jetty-9.3.24.v20180605, build timestamp: 2018-06-05T17:11:56Z, git hash: 84205aa28f11a4f31f2a3b86d1bba2cc8ab69827
2019-08-09 04:06:04,596 INFO  handler.ContextHandler (ContextHandler.java:doStart(781)) - Started o.e.j.s.ServletContextHandler@5b29ab61{/logs,file:///workdir/hadoop-ozone/integration-test/target/log,AVAILABLE}
2019-08-09 04:06:04,597 INFO  handler.ContextHandler (ContextHandler.java:doStart(781)) - Started o.e.j.s.ServletContextHandler@1e1e837d{/static,jar:file:/home/user/.m2/repository/org/apache/hadoop/hadoop-hdds-container-service/0.4.1-SNAPSHOT/hadoop-hdds-container-service-0.4.1-SNAPSHOT.jar!/webapps/static,AVAILABLE}
2019-08-09 04:06:04,625 INFO  handler.ContextHandler (ContextHandler.java:doStart(781)) - Started o.e.j.w.WebAppContext@33d7765a{/,file:///tmp/jetty-0.0.0.0-44392-hddsDatanode-_-any-5855032280296648069.dir/webapp/,AVAILABLE}{/hddsDatanode}
2019-08-09 04:06:04,626 INFO  server.AbstractConnector (AbstractConnector.java:doStart(278)) - Started ServerConnector@69ed5ea2{HTTP/1.1,[http/1.1]}{0.0.0.0:44392}
2019-08-09 04:06:04,627 INFO  server.Server (Server.java:doStart(419)) - Started @6805ms
2019-08-09 04:06:04,628 INFO  server.BaseHttpServer (BaseHttpServer.java:updateConnectorAddress(207)) - HTTP server of HDDSDATANODE is listening at http://0.0.0.0:44392
2019-08-09 04:06:04,766 INFO  ozone.HddsDatanodeService (HddsDatanodeService.java:startPlugins(395)) - Started plug-in org.apache.hadoop.ozone.web.OzoneHddsDatanodeService@285a4fe3
2019-08-09 04:06:04,766 INFO  impl.MetricsSystemImpl (MetricsSystemImpl.java:init(158)) - HddsDatanode metrics system started (again)
2019-08-09 04:06:04,770 INFO  ozone.HddsDatanodeService (HddsDatanodeService.java:start(184)) - HddsDatanodeService host:byscane-nightly-vbjp7-3883395574 ip:192.168.157.225
2019-08-09 04:06:04,770 INFO  util.JvmPauseMonitor (JvmPauseMonitor.java:run(188)) - Starting JVM pause monitor
2019-08-09 04:06:04,773 INFO  datanode.InitDatanodeState (InitDatanodeState.java:persistContainerDatanodeDetails(140)) - DatanodeDetails is persisted to /workdir/hadoop-ozone/integration-test/target/test-dir/MiniOzoneClusterImpl-ec6279a4-115b-4ea2-96cc-fb2f3d2234fd/datanode-3/meta/datanode.id
2019-08-09 04:06:04,779 INFO  volume.HddsVolume (HddsVolume.java:<init>(176)) - Creating Volume: /workdir/hadoop-ozone/integration-test/target/test-dir/MiniOzoneClusterImpl-ec6279a4-115b-4ea2-96cc-fb2f3d2234fd/datanode-4/data/containers/hdds of  storage type : DISK and capacity : 52710309888
2019-08-09 04:06:04,779 INFO  volume.VolumeSet (VolumeSet.java:initializeVolumeSet(170)) - Added Volume : /workdir/hadoop-ozone/integration-test/target/test-dir/MiniOzoneClusterImpl-ec6279a4-115b-4ea2-96cc-fb2f3d2234fd/datanode-4/data/containers/hdds to VolumeSet
2019-08-09 04:06:04,779 INFO  volume.ThrottledAsyncChecker (ThrottledAsyncChecker.java:schedule(140)) - Scheduling a check for org.apache.hadoop.ozone.container.common.volume.HddsVolume@2dc39b53
2019-08-09 04:06:04,780 INFO  volume.HddsVolumeChecker (HddsVolumeChecker.java:checkAllVolumes(203)) - Scheduled health check for volume org.apache.hadoop.ozone.container.common.volume.HddsVolume@2dc39b53
2019-08-09 04:06:04,793 INFO  impl.RaftServerProxy (ConfUtils.java:logGet(43)) - raft.rpc.type = GRPC (default)
2019-08-09 04:06:04,793 INFO  grpc.GrpcFactory (GrpcFactory.java:checkPooledByteBufAllocatorUseCacheForAllThreads(45)) - PERFORMANCE WARNING: useCacheForAllThreads is true that may cause Netty to create a lot garbage objects and, as a result, trigger GC.
	It is recommended to disable useCacheForAllThreads by setting -Dorg.apache.ratis.thirdparty.io.netty.allocator.useCacheForAllThreads=false in command line.
2019-08-09 04:06:04,794 INFO  grpc.GrpcConfigKeys$Server (ConfUtils.java:logGet(43)) - raft.grpc.server.port = 0 (default)
2019-08-09 04:06:04,794 INFO  server.GrpcService (ConfUtils.java:logGet(43)) - raft.grpc.message.size.max = 33570816 (custom)
2019-08-09 04:06:04,795 INFO  server.RaftServerConfigKeys (ConfUtils.java:logGet(43)) - raft.server.log.appender.buffer.byte-limit = 33554432 (custom)
2019-08-09 04:06:04,795 INFO  server.GrpcService (ConfUtils.java:logGet(43)) - raft.grpc.flow.control.window = 1MB (=1048576) (default)
2019-08-09 04:06:04,795 INFO  server.RaftServerConfigKeys (ConfUtils.java:logGet(43)) - raft.server.rpc.request.timeout = 3000ms (default)
2019-08-09 04:06:04,796 INFO  server.RaftServerConfigKeys (ConfUtils.java:logGet(43)) - raft.server.storage.dir = [/workdir/hadoop-ozone/integration-test/target/test-dir/MiniOzoneClusterImpl-ec6279a4-115b-4ea2-96cc-fb2f3d2234fd/datanode-4/data/ratis] (custom)
2019-08-09 04:06:04,797 INFO  replication.SimpleContainerDownloader (SimpleContainerDownloader.java:<init>(72)) - Starting container downloader service to copy containers to replicate.
2019-08-09 04:06:04,798 INFO  hdfs.DFSUtil (DFSUtil.java:httpServerTemplateForNNAndJN(1641)) - Starting Web-server for hddsDatanode at: http://0.0.0.0:0
2019-08-09 04:06:04,799 INFO  server.AuthenticationFilter (AuthenticationFilter.java:constructSecretProvider(240)) - Unable to initialize FileSignerSecretProvider, falling back to use random secrets.
2019-08-09 04:06:04,800 WARN  http.HttpRequestLog (HttpRequestLog.java:getRequestLog(97)) - Jetty request log can only be enabled using Log4j
2019-08-09 04:06:04,801 INFO  http.HttpServer2 (HttpServer2.java:addGlobalFilter(975)) - Added global filter 'safety' (class=org.apache.hadoop.http.HttpServer2$QuotingInputFilter)
2019-08-09 04:06:04,802 INFO  http.HttpServer2 (HttpServer2.java:addFilter(948)) - Added filter static_user_filter (class=org.apache.hadoop.http.lib.StaticUserWebFilter$StaticUserFilter) to context hddsDatanode
2019-08-09 04:06:04,802 INFO  http.HttpServer2 (HttpServer2.java:addFilter(958)) - Added filter static_user_filter (class=org.apache.hadoop.http.lib.StaticUserWebFilter$StaticUserFilter) to context static
2019-08-09 04:06:04,802 INFO  http.HttpServer2 (HttpServer2.java:addFilter(958)) - Added filter static_user_filter (class=org.apache.hadoop.http.lib.StaticUserWebFilter$StaticUserFilter) to context logs
2019-08-09 04:06:04,803 INFO  http.HttpServer2 (HttpServer2.java:bindListener(1191)) - Jetty bound to port 37780
2019-08-09 04:06:04,803 INFO  server.Server (Server.java:doStart(351)) - jetty-9.3.24.v20180605, build timestamp: 2018-06-05T17:11:56Z, git hash: 84205aa28f11a4f31f2a3b86d1bba2cc8ab69827
2019-08-09 04:06:04,805 INFO  handler.ContextHandler (ContextHandler.java:doStart(781)) - Started o.e.j.s.ServletContextHandler@42c12b3e{/logs,file:///workdir/hadoop-ozone/integration-test/target/log,AVAILABLE}
2019-08-09 04:06:04,806 INFO  handler.ContextHandler (ContextHandler.java:doStart(781)) - Started o.e.j.s.ServletContextHandler@46f73ffa{/static,jar:file:/home/user/.m2/repository/org/apache/hadoop/hadoop-hdds-container-service/0.4.1-SNAPSHOT/hadoop-hdds-container-service-0.4.1-SNAPSHOT.jar!/webapps/static,AVAILABLE}
2019-08-09 04:06:04,833 INFO  handler.ContextHandler (ContextHandler.java:doStart(781)) - Started o.e.j.w.WebAppContext@251c90f{/,file:///tmp/jetty-0.0.0.0-37780-hddsDatanode-_-any-9056579810971459837.dir/webapp/,AVAILABLE}{/hddsDatanode}
2019-08-09 04:06:04,833 INFO  server.AbstractConnector (AbstractConnector.java:doStart(278)) - Started ServerConnector@6629643d{HTTP/1.1,[http/1.1]}{0.0.0.0:37780}
2019-08-09 04:06:04,834 INFO  server.Server (Server.java:doStart(419)) - Started @7013ms
2019-08-09 04:06:04,835 INFO  server.BaseHttpServer (BaseHttpServer.java:updateConnectorAddress(207)) - HTTP server of HDDSDATANODE is listening at http://0.0.0.0:37780
2019-08-09 04:06:04,949 INFO  ozone.HddsDatanodeService (HddsDatanodeService.java:startPlugins(395)) - Started plug-in org.apache.hadoop.ozone.web.OzoneHddsDatanodeService@1c3b6963
2019-08-09 04:06:04,950 INFO  impl.MetricsSystemImpl (MetricsSystemImpl.java:init(158)) - HddsDatanode metrics system started (again)
2019-08-09 04:06:04,953 INFO  ozone.HddsDatanodeService (HddsDatanodeService.java:start(184)) - HddsDatanodeService host:byscane-nightly-vbjp7-3883395574 ip:192.168.157.225
2019-08-09 04:06:04,954 INFO  util.JvmPauseMonitor (JvmPauseMonitor.java:run(188)) - Starting JVM pause monitor
2019-08-09 04:06:04,958 INFO  datanode.InitDatanodeState (InitDatanodeState.java:persistContainerDatanodeDetails(140)) - DatanodeDetails is persisted to /workdir/hadoop-ozone/integration-test/target/test-dir/MiniOzoneClusterImpl-ec6279a4-115b-4ea2-96cc-fb2f3d2234fd/datanode-4/meta/datanode.id
2019-08-09 04:06:04,961 INFO  volume.HddsVolume (HddsVolume.java:<init>(176)) - Creating Volume: /workdir/hadoop-ozone/integration-test/target/test-dir/MiniOzoneClusterImpl-ec6279a4-115b-4ea2-96cc-fb2f3d2234fd/datanode-5/data/containers/hdds of  storage type : DISK and capacity : 52710309888
2019-08-09 04:06:04,961 INFO  volume.VolumeSet (VolumeSet.java:initializeVolumeSet(170)) - Added Volume : /workdir/hadoop-ozone/integration-test/target/test-dir/MiniOzoneClusterImpl-ec6279a4-115b-4ea2-96cc-fb2f3d2234fd/datanode-5/data/containers/hdds to VolumeSet
2019-08-09 04:06:04,961 INFO  volume.ThrottledAsyncChecker (ThrottledAsyncChecker.java:schedule(140)) - Scheduling a check for org.apache.hadoop.ozone.container.common.volume.HddsVolume@4bc9ca97
2019-08-09 04:06:04,962 INFO  volume.HddsVolumeChecker (HddsVolumeChecker.java:checkAllVolumes(203)) - Scheduled health check for volume org.apache.hadoop.ozone.container.common.volume.HddsVolume@4bc9ca97
2019-08-09 04:06:04,984 INFO  impl.RaftServerProxy (ConfUtils.java:logGet(43)) - raft.rpc.type = GRPC (default)
2019-08-09 04:06:04,984 INFO  grpc.GrpcFactory (GrpcFactory.java:checkPooledByteBufAllocatorUseCacheForAllThreads(45)) - PERFORMANCE WARNING: useCacheForAllThreads is true that may cause Netty to create a lot garbage objects and, as a result, trigger GC.
	It is recommended to disable useCacheForAllThreads by setting -Dorg.apache.ratis.thirdparty.io.netty.allocator.useCacheForAllThreads=false in command line.
2019-08-09 04:06:04,985 INFO  grpc.GrpcConfigKeys$Server (ConfUtils.java:logGet(43)) - raft.grpc.server.port = 0 (default)
2019-08-09 04:06:04,985 INFO  server.GrpcService (ConfUtils.java:logGet(43)) - raft.grpc.message.size.max = 33570816 (custom)
2019-08-09 04:06:04,986 INFO  server.RaftServerConfigKeys (ConfUtils.java:logGet(43)) - raft.server.log.appender.buffer.byte-limit = 33554432 (custom)
2019-08-09 04:06:04,986 INFO  server.GrpcService (ConfUtils.java:logGet(43)) - raft.grpc.flow.control.window = 1MB (=1048576) (default)
2019-08-09 04:06:04,986 INFO  server.RaftServerConfigKeys (ConfUtils.java:logGet(43)) - raft.server.rpc.request.timeout = 3000ms (default)
2019-08-09 04:06:04,987 INFO  server.RaftServerConfigKeys (ConfUtils.java:logGet(43)) - raft.server.storage.dir = [/workdir/hadoop-ozone/integration-test/target/test-dir/MiniOzoneClusterImpl-ec6279a4-115b-4ea2-96cc-fb2f3d2234fd/datanode-5/data/ratis] (custom)
2019-08-09 04:06:04,988 INFO  replication.SimpleContainerDownloader (SimpleContainerDownloader.java:<init>(72)) - Starting container downloader service to copy containers to replicate.
2019-08-09 04:06:04,990 INFO  hdfs.DFSUtil (DFSUtil.java:httpServerTemplateForNNAndJN(1641)) - Starting Web-server for hddsDatanode at: http://0.0.0.0:0
2019-08-09 04:06:04,992 INFO  server.AuthenticationFilter (AuthenticationFilter.java:constructSecretProvider(240)) - Unable to initialize FileSignerSecretProvider, falling back to use random secrets.
2019-08-09 04:06:04,992 WARN  http.HttpRequestLog (HttpRequestLog.java:getRequestLog(97)) - Jetty request log can only be enabled using Log4j
2019-08-09 04:06:04,995 INFO  http.HttpServer2 (HttpServer2.java:addGlobalFilter(975)) - Added global filter 'safety' (class=org.apache.hadoop.http.HttpServer2$QuotingInputFilter)
2019-08-09 04:06:04,996 INFO  http.HttpServer2 (HttpServer2.java:addFilter(948)) - Added filter static_user_filter (class=org.apache.hadoop.http.lib.StaticUserWebFilter$StaticUserFilter) to context hddsDatanode
2019-08-09 04:06:04,996 INFO  http.HttpServer2 (HttpServer2.java:addFilter(958)) - Added filter static_user_filter (class=org.apache.hadoop.http.lib.StaticUserWebFilter$StaticUserFilter) to context logs
2019-08-09 04:06:04,997 INFO  http.HttpServer2 (HttpServer2.java:addFilter(958)) - Added filter static_user_filter (class=org.apache.hadoop.http.lib.StaticUserWebFilter$StaticUserFilter) to context static
2019-08-09 04:06:04,998 INFO  http.HttpServer2 (HttpServer2.java:bindListener(1191)) - Jetty bound to port 46444
2019-08-09 04:06:04,998 INFO  server.Server (Server.java:doStart(351)) - jetty-9.3.24.v20180605, build timestamp: 2018-06-05T17:11:56Z, git hash: 84205aa28f11a4f31f2a3b86d1bba2cc8ab69827
2019-08-09 04:06:05,001 INFO  handler.ContextHandler (ContextHandler.java:doStart(781)) - Started o.e.j.s.ServletContextHandler@3f048c86{/logs,file:///workdir/hadoop-ozone/integration-test/target/log,AVAILABLE}
2019-08-09 04:06:05,002 INFO  handler.ContextHandler (ContextHandler.java:doStart(781)) - Started o.e.j.s.ServletContextHandler@1de13f34{/static,jar:file:/home/user/.m2/repository/org/apache/hadoop/hadoop-hdds-container-service/0.4.1-SNAPSHOT/hadoop-hdds-container-service-0.4.1-SNAPSHOT.jar!/webapps/static,AVAILABLE}
2019-08-09 04:06:05,041 INFO  handler.ContextHandler (ContextHandler.java:doStart(781)) - Started o.e.j.w.WebAppContext@256589a1{/,file:///tmp/jetty-0.0.0.0-46444-hddsDatanode-_-any-6467555026071699342.dir/webapp/,AVAILABLE}{/hddsDatanode}
2019-08-09 04:06:05,041 INFO  server.AbstractConnector (AbstractConnector.java:doStart(278)) - Started ServerConnector@935493d{HTTP/1.1,[http/1.1]}{0.0.0.0:46444}
2019-08-09 04:06:05,042 INFO  server.Server (Server.java:doStart(419)) - Started @7221ms
2019-08-09 04:06:05,043 INFO  server.BaseHttpServer (BaseHttpServer.java:updateConnectorAddress(207)) - HTTP server of HDDSDATANODE is listening at http://0.0.0.0:46444
2019-08-09 04:06:05,227 INFO  ozone.HddsDatanodeService (HddsDatanodeService.java:startPlugins(395)) - Started plug-in org.apache.hadoop.ozone.web.OzoneHddsDatanodeService@69d103f0
2019-08-09 04:06:05,228 INFO  impl.MetricsSystemImpl (MetricsSystemImpl.java:init(158)) - HddsDatanode metrics system started (again)
2019-08-09 04:06:05,232 INFO  ozone.HddsDatanodeService (HddsDatanodeService.java:start(184)) - HddsDatanodeService host:byscane-nightly-vbjp7-3883395574 ip:192.168.157.225
2019-08-09 04:06:05,232 INFO  util.JvmPauseMonitor (JvmPauseMonitor.java:run(188)) - Starting JVM pause monitor
2019-08-09 04:06:05,241 INFO  volume.HddsVolume (HddsVolume.java:<init>(176)) - Creating Volume: /workdir/hadoop-ozone/integration-test/target/test-dir/MiniOzoneClusterImpl-ec6279a4-115b-4ea2-96cc-fb2f3d2234fd/datanode-6/data/containers/hdds of  storage type : DISK and capacity : 52710309888
2019-08-09 04:06:05,242 INFO  datanode.InitDatanodeState (InitDatanodeState.java:persistContainerDatanodeDetails(140)) - DatanodeDetails is persisted to /workdir/hadoop-ozone/integration-test/target/test-dir/MiniOzoneClusterImpl-ec6279a4-115b-4ea2-96cc-fb2f3d2234fd/datanode-5/meta/datanode.id
2019-08-09 04:06:05,242 INFO  volume.VolumeSet (VolumeSet.java:initializeVolumeSet(170)) - Added Volume : /workdir/hadoop-ozone/integration-test/target/test-dir/MiniOzoneClusterImpl-ec6279a4-115b-4ea2-96cc-fb2f3d2234fd/datanode-6/data/containers/hdds to VolumeSet
2019-08-09 04:06:05,242 INFO  volume.ThrottledAsyncChecker (ThrottledAsyncChecker.java:schedule(140)) - Scheduling a check for org.apache.hadoop.ozone.container.common.volume.HddsVolume@b506ed0
2019-08-09 04:06:05,242 INFO  volume.HddsVolumeChecker (HddsVolumeChecker.java:checkAllVolumes(203)) - Scheduled health check for volume org.apache.hadoop.ozone.container.common.volume.HddsVolume@b506ed0
2019-08-09 04:06:05,258 INFO  impl.RaftServerProxy (ConfUtils.java:logGet(43)) - raft.rpc.type = GRPC (default)
2019-08-09 04:06:05,259 INFO  grpc.GrpcFactory (GrpcFactory.java:checkPooledByteBufAllocatorUseCacheForAllThreads(45)) - PERFORMANCE WARNING: useCacheForAllThreads is true that may cause Netty to create a lot garbage objects and, as a result, trigger GC.
	It is recommended to disable useCacheForAllThreads by setting -Dorg.apache.ratis.thirdparty.io.netty.allocator.useCacheForAllThreads=false in command line.
2019-08-09 04:06:05,259 INFO  grpc.GrpcConfigKeys$Server (ConfUtils.java:logGet(43)) - raft.grpc.server.port = 0 (default)
2019-08-09 04:06:05,259 INFO  server.GrpcService (ConfUtils.java:logGet(43)) - raft.grpc.message.size.max = 33570816 (custom)
2019-08-09 04:06:05,259 INFO  server.RaftServerConfigKeys (ConfUtils.java:logGet(43)) - raft.server.log.appender.buffer.byte-limit = 33554432 (custom)
2019-08-09 04:06:05,260 INFO  server.GrpcService (ConfUtils.java:logGet(43)) - raft.grpc.flow.control.window = 1MB (=1048576) (default)
2019-08-09 04:06:05,260 INFO  server.RaftServerConfigKeys (ConfUtils.java:logGet(43)) - raft.server.rpc.request.timeout = 3000ms (default)
2019-08-09 04:06:05,260 INFO  server.RaftServerConfigKeys (ConfUtils.java:logGet(43)) - raft.server.storage.dir = [/workdir/hadoop-ozone/integration-test/target/test-dir/MiniOzoneClusterImpl-ec6279a4-115b-4ea2-96cc-fb2f3d2234fd/datanode-6/data/ratis] (custom)
2019-08-09 04:06:05,261 INFO  replication.SimpleContainerDownloader (SimpleContainerDownloader.java:<init>(72)) - Starting container downloader service to copy containers to replicate.
2019-08-09 04:06:05,262 INFO  hdfs.DFSUtil (DFSUtil.java:httpServerTemplateForNNAndJN(1641)) - Starting Web-server for hddsDatanode at: http://0.0.0.0:0
2019-08-09 04:06:05,264 INFO  server.AuthenticationFilter (AuthenticationFilter.java:constructSecretProvider(240)) - Unable to initialize FileSignerSecretProvider, falling back to use random secrets.
2019-08-09 04:06:05,265 WARN  http.HttpRequestLog (HttpRequestLog.java:getRequestLog(97)) - Jetty request log can only be enabled using Log4j
2019-08-09 04:06:05,267 INFO  http.HttpServer2 (HttpServer2.java:addGlobalFilter(975)) - Added global filter 'safety' (class=org.apache.hadoop.http.HttpServer2$QuotingInputFilter)
2019-08-09 04:06:05,268 INFO  http.HttpServer2 (HttpServer2.java:addFilter(948)) - Added filter static_user_filter (class=org.apache.hadoop.http.lib.StaticUserWebFilter$StaticUserFilter) to context hddsDatanode
2019-08-09 04:06:05,269 INFO  http.HttpServer2 (HttpServer2.java:addFilter(958)) - Added filter static_user_filter (class=org.apache.hadoop.http.lib.StaticUserWebFilter$StaticUserFilter) to context logs
2019-08-09 04:06:05,269 INFO  http.HttpServer2 (HttpServer2.java:addFilter(958)) - Added filter static_user_filter (class=org.apache.hadoop.http.lib.StaticUserWebFilter$StaticUserFilter) to context static
2019-08-09 04:06:05,270 INFO  http.HttpServer2 (HttpServer2.java:bindListener(1191)) - Jetty bound to port 41721
2019-08-09 04:06:05,270 INFO  server.Server (Server.java:doStart(351)) - jetty-9.3.24.v20180605, build timestamp: 2018-06-05T17:11:56Z, git hash: 84205aa28f11a4f31f2a3b86d1bba2cc8ab69827
2019-08-09 04:06:05,273 INFO  handler.ContextHandler (ContextHandler.java:doStart(781)) - Started o.e.j.s.ServletContextHandler@2c60ce47{/logs,file:///workdir/hadoop-ozone/integration-test/target/log,AVAILABLE}
2019-08-09 04:06:05,274 INFO  handler.ContextHandler (ContextHandler.java:doStart(781)) - Started o.e.j.s.ServletContextHandler@59918c8f{/static,jar:file:/home/user/.m2/repository/org/apache/hadoop/hadoop-hdds-container-service/0.4.1-SNAPSHOT/hadoop-hdds-container-service-0.4.1-SNAPSHOT.jar!/webapps/static,AVAILABLE}
2019-08-09 04:06:05,314 INFO  handler.ContextHandler (ContextHandler.java:doStart(781)) - Started o.e.j.w.WebAppContext@3c33fcf8{/,file:///tmp/jetty-0.0.0.0-41721-hddsDatanode-_-any-6473190088069762204.dir/webapp/,AVAILABLE}{/hddsDatanode}
2019-08-09 04:06:05,315 INFO  server.AbstractConnector (AbstractConnector.java:doStart(278)) - Started ServerConnector@dada335{HTTP/1.1,[http/1.1]}{0.0.0.0:41721}
2019-08-09 04:06:05,316 INFO  server.Server (Server.java:doStart(419)) - Started @7494ms
2019-08-09 04:06:05,317 INFO  server.BaseHttpServer (BaseHttpServer.java:updateConnectorAddress(207)) - HTTP server of HDDSDATANODE is listening at http://0.0.0.0:41721
2019-08-09 04:06:05,573 INFO  ozone.HddsDatanodeService (HddsDatanodeService.java:startPlugins(395)) - Started plug-in org.apache.hadoop.ozone.web.OzoneHddsDatanodeService@27bc1d44
2019-08-09 04:06:05,576 INFO  ozone.MiniOzoneClusterImpl (MiniOzoneClusterImpl.java:lambda$waitForClusterToBeReady$0(142)) - Waiting for cluster to be ready. Got 0 of 7 DN Heartbeats.
2019-08-09 04:06:05,577 INFO  util.JvmPauseMonitor (JvmPauseMonitor.java:run(188)) - Starting JVM pause monitor
2019-08-09 04:06:05,579 INFO  datanode.InitDatanodeState (InitDatanodeState.java:persistContainerDatanodeDetails(140)) - DatanodeDetails is persisted to /workdir/hadoop-ozone/integration-test/target/test-dir/MiniOzoneClusterImpl-ec6279a4-115b-4ea2-96cc-fb2f3d2234fd/datanode-6/meta/datanode.id
2019-08-09 04:06:06,174 INFO  ozoneimpl.OzoneContainer (OzoneContainer.java:start(186)) - Attempting to start container services.
2019-08-09 04:06:06,176 INFO  ozoneimpl.OzoneContainer (OzoneContainer.java:startContainerScrub(160)) - Background container scrubber has been disabled by hdds.containerscrub.enabled
2019-08-09 04:06:06,176 INFO  ratis.XceiverServerRatis (XceiverServerRatis.java:start(404)) - Starting XceiverServerRatis 273743e4-f594-495f-8d4d-0ec9e58aa536 at port 0
2019-08-09 04:06:06,199 INFO  impl.RaftServerProxy (RaftServerProxy.java:lambda$start$3(299)) - 273743e4-f594-495f-8d4d-0ec9e58aa536: start RPC server
2019-08-09 04:06:06,326 INFO  server.GrpcService (GrpcService.java:startImpl(149)) - 273743e4-f594-495f-8d4d-0ec9e58aa536: GrpcService started, listening on 0.0.0.0/0.0.0.0:42943
2019-08-09 04:06:06,327 INFO  ratis.XceiverServerRatis (XceiverServerRatis.java:start(414)) - XceiverServerRatis 273743e4-f594-495f-8d4d-0ec9e58aa536 is started using port 42943
2019-08-09 04:06:06,329 INFO  server.XceiverServerGrpc (XceiverServerGrpc.java:start(161)) - XceiverServerGrpc 273743e4-f594-495f-8d4d-0ec9e58aa536 is started using port 39519
2019-08-09 04:06:06,365 INFO  ozoneimpl.OzoneContainer (OzoneContainer.java:start(186)) - Attempting to start container services.
2019-08-09 04:06:06,367 INFO  ozoneimpl.OzoneContainer (OzoneContainer.java:startContainerScrub(160)) - Background container scrubber has been disabled by hdds.containerscrub.enabled
2019-08-09 04:06:06,367 INFO  ratis.XceiverServerRatis (XceiverServerRatis.java:start(404)) - Starting XceiverServerRatis ee6f2503-878b-43f1-960a-6bf65f2ea515 at port 0
2019-08-09 04:06:06,377 INFO  impl.RaftServerProxy (RaftServerProxy.java:lambda$start$3(299)) - ee6f2503-878b-43f1-960a-6bf65f2ea515: start RPC server
2019-08-09 04:06:06,380 INFO  server.GrpcService (GrpcService.java:startImpl(149)) - ee6f2503-878b-43f1-960a-6bf65f2ea515: GrpcService started, listening on 0.0.0.0/0.0.0.0:35407
2019-08-09 04:06:06,380 INFO  ratis.XceiverServerRatis (XceiverServerRatis.java:start(414)) - XceiverServerRatis ee6f2503-878b-43f1-960a-6bf65f2ea515 is started using port 35407
2019-08-09 04:06:06,382 INFO  server.XceiverServerGrpc (XceiverServerGrpc.java:start(161)) - XceiverServerGrpc ee6f2503-878b-43f1-960a-6bf65f2ea515 is started using port 44687
2019-08-09 04:06:06,576 INFO  ozone.MiniOzoneClusterImpl (MiniOzoneClusterImpl.java:lambda$waitForClusterToBeReady$0(142)) - Waiting for cluster to be ready. Got 0 of 7 DN Heartbeats.
2019-08-09 04:06:06,577 INFO  ozoneimpl.OzoneContainer (OzoneContainer.java:start(186)) - Attempting to start container services.
2019-08-09 04:06:06,582 INFO  ozoneimpl.OzoneContainer (OzoneContainer.java:startContainerScrub(160)) - Background container scrubber has been disabled by hdds.containerscrub.enabled
2019-08-09 04:06:06,582 INFO  ratis.XceiverServerRatis (XceiverServerRatis.java:start(404)) - Starting XceiverServerRatis 38f913d1-9530-429d-b1f4-4288c213caa0 at port 0
2019-08-09 04:06:06,590 INFO  impl.RaftServerProxy (RaftServerProxy.java:lambda$start$3(299)) - 38f913d1-9530-429d-b1f4-4288c213caa0: start RPC server
2019-08-09 04:06:06,594 INFO  server.GrpcService (GrpcService.java:startImpl(149)) - 38f913d1-9530-429d-b1f4-4288c213caa0: GrpcService started, listening on 0.0.0.0/0.0.0.0:39873
2019-08-09 04:06:06,594 INFO  ratis.XceiverServerRatis (XceiverServerRatis.java:start(414)) - XceiverServerRatis 38f913d1-9530-429d-b1f4-4288c213caa0 is started using port 39873
2019-08-09 04:06:06,597 INFO  server.XceiverServerGrpc (XceiverServerGrpc.java:start(161)) - XceiverServerGrpc 38f913d1-9530-429d-b1f4-4288c213caa0 is started using port 44120
2019-08-09 04:06:06,796 INFO  ozoneimpl.OzoneContainer (OzoneContainer.java:start(186)) - Attempting to start container services.
2019-08-09 04:06:06,796 INFO  ozoneimpl.OzoneContainer (OzoneContainer.java:startContainerScrub(160)) - Background container scrubber has been disabled by hdds.containerscrub.enabled
2019-08-09 04:06:06,796 INFO  ratis.XceiverServerRatis (XceiverServerRatis.java:start(404)) - Starting XceiverServerRatis c2523a8d-fb10-4a6c-9103-7ce8cd297fa3 at port 0
2019-08-09 04:06:06,805 INFO  impl.RaftServerProxy (RaftServerProxy.java:lambda$start$3(299)) - c2523a8d-fb10-4a6c-9103-7ce8cd297fa3: start RPC server
2019-08-09 04:06:06,809 INFO  server.GrpcService (GrpcService.java:startImpl(149)) - c2523a8d-fb10-4a6c-9103-7ce8cd297fa3: GrpcService started, listening on 0.0.0.0/0.0.0.0:37055
2019-08-09 04:06:06,809 INFO  ratis.XceiverServerRatis (XceiverServerRatis.java:start(414)) - XceiverServerRatis c2523a8d-fb10-4a6c-9103-7ce8cd297fa3 is started using port 37055
2019-08-09 04:06:06,812 INFO  server.XceiverServerGrpc (XceiverServerGrpc.java:start(161)) - XceiverServerGrpc c2523a8d-fb10-4a6c-9103-7ce8cd297fa3 is started using port 43469
2019-08-09 04:06:06,987 INFO  ozoneimpl.OzoneContainer (OzoneContainer.java:start(186)) - Attempting to start container services.
2019-08-09 04:06:06,987 INFO  ozoneimpl.OzoneContainer (OzoneContainer.java:startContainerScrub(160)) - Background container scrubber has been disabled by hdds.containerscrub.enabled
2019-08-09 04:06:06,988 INFO  ratis.XceiverServerRatis (XceiverServerRatis.java:start(404)) - Starting XceiverServerRatis b5d56376-e826-428b-9b7e-6c1b10865261 at port 0
2019-08-09 04:06:06,997 INFO  impl.RaftServerProxy (RaftServerProxy.java:lambda$start$3(299)) - b5d56376-e826-428b-9b7e-6c1b10865261: start RPC server
2019-08-09 04:06:07,002 INFO  server.GrpcService (GrpcService.java:startImpl(149)) - b5d56376-e826-428b-9b7e-6c1b10865261: GrpcService started, listening on 0.0.0.0/0.0.0.0:40329
2019-08-09 04:06:07,002 INFO  ratis.XceiverServerRatis (XceiverServerRatis.java:start(414)) - XceiverServerRatis b5d56376-e826-428b-9b7e-6c1b10865261 is started using port 40329
2019-08-09 04:06:07,006 INFO  server.XceiverServerGrpc (XceiverServerGrpc.java:start(161)) - XceiverServerGrpc b5d56376-e826-428b-9b7e-6c1b10865261 is started using port 41430
2019-08-09 04:06:07,248 INFO  ozoneimpl.OzoneContainer (OzoneContainer.java:start(186)) - Attempting to start container services.
2019-08-09 04:06:07,249 INFO  ozoneimpl.OzoneContainer (OzoneContainer.java:startContainerScrub(160)) - Background container scrubber has been disabled by hdds.containerscrub.enabled
2019-08-09 04:06:07,249 INFO  ratis.XceiverServerRatis (XceiverServerRatis.java:start(404)) - Starting XceiverServerRatis 0ce5e6cd-8de3-45b3-81ac-211d253ac858 at port 0
2019-08-09 04:06:07,258 INFO  impl.RaftServerProxy (RaftServerProxy.java:lambda$start$3(299)) - 0ce5e6cd-8de3-45b3-81ac-211d253ac858: start RPC server
2019-08-09 04:06:07,262 INFO  server.GrpcService (GrpcService.java:startImpl(149)) - 0ce5e6cd-8de3-45b3-81ac-211d253ac858: GrpcService started, listening on 0.0.0.0/0.0.0.0:34617
2019-08-09 04:06:07,262 INFO  ratis.XceiverServerRatis (XceiverServerRatis.java:start(414)) - XceiverServerRatis 0ce5e6cd-8de3-45b3-81ac-211d253ac858 is started using port 34617
2019-08-09 04:06:07,266 INFO  server.XceiverServerGrpc (XceiverServerGrpc.java:start(161)) - XceiverServerGrpc 0ce5e6cd-8de3-45b3-81ac-211d253ac858 is started using port 41536
2019-08-09 04:06:07,577 INFO  ozone.MiniOzoneClusterImpl (MiniOzoneClusterImpl.java:lambda$waitForClusterToBeReady$0(142)) - Waiting for cluster to be ready. Got 0 of 7 DN Heartbeats.
2019-08-09 04:06:07,594 INFO  ozoneimpl.OzoneContainer (OzoneContainer.java:start(186)) - Attempting to start container services.
2019-08-09 04:06:07,594 INFO  ozoneimpl.OzoneContainer (OzoneContainer.java:startContainerScrub(160)) - Background container scrubber has been disabled by hdds.containerscrub.enabled
2019-08-09 04:06:07,594 INFO  ratis.XceiverServerRatis (XceiverServerRatis.java:start(404)) - Starting XceiverServerRatis 9ef1ccf9-27b0-4d20-ae16-b8d1ec02e178 at port 0
2019-08-09 04:06:07,604 INFO  impl.RaftServerProxy (RaftServerProxy.java:lambda$start$3(299)) - 9ef1ccf9-27b0-4d20-ae16-b8d1ec02e178: start RPC server
2019-08-09 04:06:07,608 INFO  server.GrpcService (GrpcService.java:startImpl(149)) - 9ef1ccf9-27b0-4d20-ae16-b8d1ec02e178: GrpcService started, listening on 0.0.0.0/0.0.0.0:35653
2019-08-09 04:06:07,608 INFO  ratis.XceiverServerRatis (XceiverServerRatis.java:start(414)) - XceiverServerRatis 9ef1ccf9-27b0-4d20-ae16-b8d1ec02e178 is started using port 35653
2019-08-09 04:06:07,612 INFO  server.XceiverServerGrpc (XceiverServerGrpc.java:start(161)) - XceiverServerGrpc 9ef1ccf9-27b0-4d20-ae16-b8d1ec02e178 is started using port 38204
2019-08-09 04:06:08,169 INFO  net.NetworkTopology (NetworkTopologyImpl.java:add(110)) - Added a new node: /default-rack/273743e4-f594-495f-8d4d-0ec9e58aa536
2019-08-09 04:06:08,170 INFO  node.SCMNodeManager (SCMNodeManager.java:register(273)) - Registered Data node : 273743e4-f594-495f-8d4d-0ec9e58aa536{ip: 192.168.157.225, host: byscane-nightly-vbjp7-3883395574, networkLocation: /default-rack, certSerialId: null}
2019-08-09 04:06:08,176 INFO  safemode.SCMSafeModeManager (DataNodeSafeModeRule.java:process(71)) - SCM in safe mode. 1 DataNodes registered, 1 required.
2019-08-09 04:06:08,177 INFO  safemode.SCMSafeModeManager (SCMSafeModeManager.java:validateSafeModeExitRules(177)) - ScmSafeModeManager, all rules are successfully validated
2019-08-09 04:06:08,177 INFO  safemode.SCMSafeModeManager (SCMSafeModeManager.java:exitSafeMode(193)) - SCM exiting safe mode.
2019-08-09 04:06:08,358 INFO  net.NetworkTopology (NetworkTopologyImpl.java:add(110)) - Added a new node: /default-rack/ee6f2503-878b-43f1-960a-6bf65f2ea515
2019-08-09 04:06:08,358 INFO  node.SCMNodeManager (SCMNodeManager.java:register(273)) - Registered Data node : ee6f2503-878b-43f1-960a-6bf65f2ea515{ip: 192.168.157.225, host: byscane-nightly-vbjp7-3883395574, networkLocation: /default-rack, certSerialId: null}
2019-08-09 04:06:08,570 INFO  net.NetworkTopology (NetworkTopologyImpl.java:add(110)) - Added a new node: /default-rack/38f913d1-9530-429d-b1f4-4288c213caa0
2019-08-09 04:06:08,570 INFO  node.SCMNodeManager (SCMNodeManager.java:register(273)) - Registered Data node : 38f913d1-9530-429d-b1f4-4288c213caa0{ip: 192.168.157.225, host: byscane-nightly-vbjp7-3883395574, networkLocation: /default-rack, certSerialId: null}
2019-08-09 04:06:08,577 INFO  ozone.MiniOzoneClusterImpl (MiniOzoneClusterImpl.java:lambda$waitForClusterToBeReady$0(142)) - Waiting for cluster to be ready. Got 3 of 7 DN Heartbeats.
2019-08-09 04:06:09,113 INFO  net.NetworkTopology (NetworkTopologyImpl.java:add(110)) - Added a new node: /default-rack/b5d56376-e826-428b-9b7e-6c1b10865261
2019-08-09 04:06:09,113 INFO  net.NetworkTopology (NetworkTopologyImpl.java:add(110)) - Added a new node: /default-rack/c2523a8d-fb10-4a6c-9103-7ce8cd297fa3
2019-08-09 04:06:09,113 INFO  node.SCMNodeManager (SCMNodeManager.java:register(273)) - Registered Data node : b5d56376-e826-428b-9b7e-6c1b10865261{ip: 192.168.157.225, host: byscane-nightly-vbjp7-3883395574, networkLocation: /default-rack, certSerialId: null}
2019-08-09 04:06:09,114 INFO  node.SCMNodeManager (SCMNodeManager.java:register(273)) - Registered Data node : c2523a8d-fb10-4a6c-9103-7ce8cd297fa3{ip: 192.168.157.225, host: byscane-nightly-vbjp7-3883395574, networkLocation: /default-rack, certSerialId: null}
2019-08-09 04:06:09,124 INFO  impl.RaftServerProxy (RaftServerProxy.java:addNew(89)) - 273743e4-f594-495f-8d4d-0ec9e58aa536: addNew group-24B075154885:[273743e4-f594-495f-8d4d-0ec9e58aa536:192.168.157.225:42943] returns group-24B075154885:java.util.concurrent.CompletableFuture@1a9276b7[Not completed]
2019-08-09 04:06:09,147 INFO  impl.RaftServerImpl (RaftServerImpl.java:<init>(93)) - 273743e4-f594-495f-8d4d-0ec9e58aa536: new RaftServerImpl for group-24B075154885:[273743e4-f594-495f-8d4d-0ec9e58aa536:192.168.157.225:42943] with ContainerStateMachine:uninitialized
2019-08-09 04:06:09,149 INFO  server.RaftServerConfigKeys (ConfUtils.java:logGet(43)) - raft.server.rpc.timeout.min = 5s (custom)
2019-08-09 04:06:09,150 INFO  server.RaftServerConfigKeys (ConfUtils.java:logGet(43)) - raft.server.rpc.timeout.max = 5200ms (custom)
2019-08-09 04:06:09,151 INFO  server.RaftServerConfigKeys (ConfUtils.java:logGet(43)) - raft.server.rpcslowness.timeout = 120s (custom)
2019-08-09 04:06:09,152 INFO  server.RaftServerConfigKeys (ConfUtils.java:logGet(43)) - raft.server.sleep.deviation.threshold = 300 (default)
2019-08-09 04:06:09,153 INFO  server.RaftServerConfigKeys (ConfUtils.java:logGet(43)) - raft.server.log.appender.install.snapshot.enabled = false (custom)
2019-08-09 04:06:09,163 INFO  impl.RaftServerImpl (ServerState.java:<init>(105)) - 273743e4-f594-495f-8d4d-0ec9e58aa536:group-24B075154885 ConfigurationManager, init=-1: [273743e4-f594-495f-8d4d-0ec9e58aa536:192.168.157.225:42943], old=null, confs=<EMPTY_MAP>
2019-08-09 04:06:09,163 INFO  server.RaftServerConfigKeys (ConfUtils.java:logGet(43)) - raft.server.storage.dir = [/workdir/hadoop-ozone/integration-test/target/test-dir/MiniOzoneClusterImpl-ec6279a4-115b-4ea2-96cc-fb2f3d2234fd/datanode-0/data/ratis] (custom)
2019-08-09 04:06:09,173 INFO  storage.RaftStorageDirectory (RaftStorageDirectory.java:analyzeStorage(246)) - The storage directory /workdir/hadoop-ozone/integration-test/target/test-dir/MiniOzoneClusterImpl-ec6279a4-115b-4ea2-96cc-fb2f3d2234fd/datanode-0/data/ratis/5d8379cf-8c5a-4d4f-b362-24b075154885 does not exist. Creating ...
2019-08-09 04:06:09,203 INFO  storage.RaftStorageDirectory (RaftStorageDirectory.java:tryLock(328)) - Lock on /workdir/hadoop-ozone/integration-test/target/test-dir/MiniOzoneClusterImpl-ec6279a4-115b-4ea2-96cc-fb2f3d2234fd/datanode-0/data/ratis/5d8379cf-8c5a-4d4f-b362-24b075154885/in_use.lock acquired by nodename 2140@byscane-nightly-vbjp7-3883395574
2019-08-09 04:06:09,219 INFO  storage.RaftStorage (RaftStorage.java:format(72)) - Storage directory /workdir/hadoop-ozone/integration-test/target/test-dir/MiniOzoneClusterImpl-ec6279a4-115b-4ea2-96cc-fb2f3d2234fd/datanode-0/data/ratis/5d8379cf-8c5a-4d4f-b362-24b075154885 has been successfully formatted.
2019-08-09 04:06:09,222 INFO  ratis.ContainerStateMachine (ContainerStateMachine.java:loadSnapshot(213)) - group-24B075154885: The snapshot info is null. Setting the last applied indexto:(t:0, i:~)
2019-08-09 04:06:09,222 INFO  server.RaftServerConfigKeys (ConfUtils.java:logGet(43)) - raft.server.leader.election.timeout = 120s (custom)
2019-08-09 04:06:09,225 INFO  server.RaftServerConfigKeys (ConfUtils.java:logGet(43)) - raft.server.log.use.memory = false (default)
2019-08-09 04:06:09,233 INFO  server.RaftServerConfigKeys (ConfUtils.java:logGet(43)) - raft.server.log.purge.gap = 1000000000 (custom)
2019-08-09 04:06:09,236 INFO  server.RaftServerConfigKeys (ConfUtils.java:logGet(43)) - raft.server.log.appender.buffer.byte-limit = 33554432 (custom)
2019-08-09 04:06:09,237 INFO  net.NetworkTopology (NetworkTopologyImpl.java:add(110)) - Added a new node: /default-rack/0ce5e6cd-8de3-45b3-81ac-211d253ac858
2019-08-09 04:06:09,237 INFO  node.SCMNodeManager (SCMNodeManager.java:register(273)) - Registered Data node : 0ce5e6cd-8de3-45b3-81ac-211d253ac858{ip: 192.168.157.225, host: byscane-nightly-vbjp7-3883395574, networkLocation: /default-rack, certSerialId: null}
2019-08-09 04:06:09,238 INFO  server.RaftServerConfigKeys (ConfUtils.java:logGet(43)) - raft.server.log.segment.size.max = 1048576 (custom)
2019-08-09 04:06:09,245 INFO  server.RaftServerConfigKeys (ConfUtils.java:logGet(43)) - raft.server.log.segment.cache.num.max = 2 (custom)
2019-08-09 04:06:09,252 INFO  segmented.SegmentedRaftLogWorker (SegmentedRaftLogWorker.java:<init>(172)) - new 273743e4-f594-495f-8d4d-0ec9e58aa536-SegmentedRaftLogWorker:Storage Directory /workdir/hadoop-ozone/integration-test/target/test-dir/MiniOzoneClusterImpl-ec6279a4-115b-4ea2-96cc-fb2f3d2234fd/datanode-0/data/ratis/5d8379cf-8c5a-4d4f-b362-24b075154885 for RaftStorage:Storage Directory /workdir/hadoop-ozone/integration-test/target/test-dir/MiniOzoneClusterImpl-ec6279a4-115b-4ea2-96cc-fb2f3d2234fd/datanode-0/data/ratis/5d8379cf-8c5a-4d4f-b362-24b075154885
2019-08-09 04:06:09,267 INFO  server.RaftServerConfigKeys (ConfUtils.java:logGet(43)) - raft.server.log.queue.byte-limit = 2147483647 (custom)
2019-08-09 04:06:09,268 INFO  server.RaftServerConfigKeys (ConfUtils.java:logGet(43)) - raft.server.log.queue.element-limit = 1024 (custom)
2019-08-09 04:06:09,274 INFO  server.RaftServerConfigKeys (ConfUtils.java:logGet(43)) - raft.server.log.segment.size.max = 1048576 (custom)
2019-08-09 04:06:09,274 INFO  server.RaftServerConfigKeys (ConfUtils.java:logGet(43)) - raft.server.log.preallocated.size = 16384 (custom)
2019-08-09 04:06:09,275 INFO  server.RaftServerConfigKeys (ConfUtils.java:logGet(43)) - raft.server.log.write.buffer.size = 33554432 (custom)
2019-08-09 04:06:09,275 INFO  server.RaftServerConfigKeys (ConfUtils.java:logGet(43)) - raft.server.log.force.sync.num = 128 (default)
2019-08-09 04:06:09,277 INFO  server.RaftServerConfigKeys (ConfUtils.java:logGet(43)) - raft.server.log.statemachine.data.sync = true (default)
2019-08-09 04:06:09,277 INFO  server.RaftServerConfigKeys (ConfUtils.java:logGet(43)) - raft.server.log.statemachine.data.sync.timeout = 10s (default)
2019-08-09 04:06:09,277 INFO  server.RaftServerConfigKeys (ConfUtils.java:logGet(43)) - raft.server.log.statemachine.data.sync.timeout.retry = -1 (default)
2019-08-09 04:06:09,287 INFO  server.RaftServerConfigKeys (ConfUtils.java:logGet(43)) - raft.server.log.statemachine.data.caching.enabled = true (custom)
2019-08-09 04:06:09,293 INFO  segmented.SegmentedRaftLogWorker (SegmentedRaftLogWorker.java:lambda$new$0(132)) - 273743e4-f594-495f-8d4d-0ec9e58aa536-SegmentedRaftLogWorker:Storage Directory /workdir/hadoop-ozone/integration-test/target/test-dir/MiniOzoneClusterImpl-ec6279a4-115b-4ea2-96cc-fb2f3d2234fd/datanode-0/data/ratis/5d8379cf-8c5a-4d4f-b362-24b075154885: flushIndex: setUnconditionally 0 -> -1
2019-08-09 04:06:09,297 INFO  server.RaftServerConfigKeys (ConfUtils.java:logGet(43)) - raft.server.snapshot.auto.trigger.enabled = true (custom)
2019-08-09 04:06:09,298 INFO  server.RaftServerConfigKeys (ConfUtils.java:logGet(43)) - raft.server.snapshot.auto.trigger.threshold = 10000 (custom)
2019-08-09 04:06:09,299 INFO  server.RaftServerConfigKeys (ConfUtils.java:logGet(43)) - raft.server.retrycache.expirytime = 600000ms (custom)
2019-08-09 04:06:09,320 INFO  impl.RaftServerImpl (RaftServerImpl.java:start(180)) - 273743e4-f594-495f-8d4d-0ec9e58aa536: start group-24B075154885
2019-08-09 04:06:09,321 INFO  impl.RaftServerImpl (RaftServerImpl.java:setRole(171)) - 273743e4-f594-495f-8d4d-0ec9e58aa536:group-24B075154885 changes role from null to FOLLOWER at term 0 for startAsFollower
2019-08-09 04:06:09,323 INFO  impl.RoleInfo (RoleInfo.java:updateAndGet(143)) - 273743e4-f594-495f-8d4d-0ec9e58aa536: start FollowerState
2019-08-09 04:06:09,324 INFO  util.JmxRegister (JmxRegister.java:tryRegister(44)) - Successfully registered JMX Bean with object name Ratis:service=RaftServer,group=group-24B075154885,id=273743e4-f594-495f-8d4d-0ec9e58aa536
2019-08-09 04:06:09,403 INFO  pipeline.PipelineStateManager (PipelineStateManager.java:addPipeline(56)) - Created pipeline Pipeline[ Id: 5d8379cf-8c5a-4d4f-b362-24b075154885, Nodes: 273743e4-f594-495f-8d4d-0ec9e58aa536{ip: 192.168.157.225, host: byscane-nightly-vbjp7-3883395574, networkLocation: /default-rack, certSerialId: null}, Type:RATIS, Factor:ONE, State:OPEN]
2019-08-09 04:06:09,433 INFO  impl.RaftServerProxy (RaftServerProxy.java:addNew(89)) - ee6f2503-878b-43f1-960a-6bf65f2ea515: addNew group-47EACD4AC894:[ee6f2503-878b-43f1-960a-6bf65f2ea515:192.168.157.225:35407] returns group-47EACD4AC894:java.util.concurrent.CompletableFuture@1b552d7c[Not completed]
2019-08-09 04:06:09,481 INFO  impl.RaftServerImpl (RaftServerImpl.java:<init>(93)) - ee6f2503-878b-43f1-960a-6bf65f2ea515: new RaftServerImpl for group-47EACD4AC894:[ee6f2503-878b-43f1-960a-6bf65f2ea515:192.168.157.225:35407] with ContainerStateMachine:uninitialized
2019-08-09 04:06:09,483 INFO  server.RaftServerConfigKeys (ConfUtils.java:logGet(43)) - raft.server.rpc.timeout.min = 5s (custom)
2019-08-09 04:06:09,483 INFO  server.RaftServerConfigKeys (ConfUtils.java:logGet(43)) - raft.server.rpc.timeout.max = 5200ms (custom)
2019-08-09 04:06:09,483 INFO  server.RaftServerConfigKeys (ConfUtils.java:logGet(43)) - raft.server.rpcslowness.timeout = 120s (custom)
2019-08-09 04:06:09,483 INFO  server.RaftServerConfigKeys (ConfUtils.java:logGet(43)) - raft.server.sleep.deviation.threshold = 300 (default)
2019-08-09 04:06:09,484 INFO  server.RaftServerConfigKeys (ConfUtils.java:logGet(43)) - raft.server.log.appender.install.snapshot.enabled = false (custom)
2019-08-09 04:06:09,484 INFO  impl.RaftServerImpl (ServerState.java:<init>(105)) - ee6f2503-878b-43f1-960a-6bf65f2ea515:group-47EACD4AC894 ConfigurationManager, init=-1: [ee6f2503-878b-43f1-960a-6bf65f2ea515:192.168.157.225:35407], old=null, confs=<EMPTY_MAP>
2019-08-09 04:06:09,484 INFO  server.RaftServerConfigKeys (ConfUtils.java:logGet(43)) - raft.server.storage.dir = [/workdir/hadoop-ozone/integration-test/target/test-dir/MiniOzoneClusterImpl-ec6279a4-115b-4ea2-96cc-fb2f3d2234fd/datanode-1/data/ratis] (custom)
2019-08-09 04:06:09,485 INFO  storage.RaftStorageDirectory (RaftStorageDirectory.java:analyzeStorage(246)) - The storage directory /workdir/hadoop-ozone/integration-test/target/test-dir/MiniOzoneClusterImpl-ec6279a4-115b-4ea2-96cc-fb2f3d2234fd/datanode-1/data/ratis/2bb0fe26-4db2-4ef9-a636-47eacd4ac894 does not exist. Creating ...
2019-08-09 04:06:09,499 INFO  storage.RaftStorageDirectory (RaftStorageDirectory.java:tryLock(328)) - Lock on /workdir/hadoop-ozone/integration-test/target/test-dir/MiniOzoneClusterImpl-ec6279a4-115b-4ea2-96cc-fb2f3d2234fd/datanode-1/data/ratis/2bb0fe26-4db2-4ef9-a636-47eacd4ac894/in_use.lock acquired by nodename 2140@byscane-nightly-vbjp7-3883395574
2019-08-09 04:06:09,512 INFO  storage.RaftStorage (RaftStorage.java:format(72)) - Storage directory /workdir/hadoop-ozone/integration-test/target/test-dir/MiniOzoneClusterImpl-ec6279a4-115b-4ea2-96cc-fb2f3d2234fd/datanode-1/data/ratis/2bb0fe26-4db2-4ef9-a636-47eacd4ac894 has been successfully formatted.
2019-08-09 04:06:09,513 INFO  ratis.ContainerStateMachine (ContainerStateMachine.java:loadSnapshot(213)) - group-47EACD4AC894: The snapshot info is null. Setting the last applied indexto:(t:0, i:~)
2019-08-09 04:06:09,515 INFO  server.RaftServerConfigKeys (ConfUtils.java:logGet(43)) - raft.server.leader.election.timeout = 120s (custom)
2019-08-09 04:06:09,516 INFO  server.RaftServerConfigKeys (ConfUtils.java:logGet(43)) - raft.server.log.use.memory = false (default)
2019-08-09 04:06:09,516 INFO  server.RaftServerConfigKeys (ConfUtils.java:logGet(43)) - raft.server.log.purge.gap = 1000000000 (custom)
2019-08-09 04:06:09,516 INFO  server.RaftServerConfigKeys (ConfUtils.java:logGet(43)) - raft.server.log.appender.buffer.byte-limit = 33554432 (custom)
2019-08-09 04:06:09,516 INFO  server.RaftServerConfigKeys (ConfUtils.java:logGet(43)) - raft.server.log.segment.size.max = 1048576 (custom)
2019-08-09 04:06:09,516 INFO  server.RaftServerConfigKeys (ConfUtils.java:logGet(43)) - raft.server.log.segment.cache.num.max = 2 (custom)
2019-08-09 04:06:09,517 INFO  segmented.SegmentedRaftLogWorker (SegmentedRaftLogWorker.java:<init>(172)) - new ee6f2503-878b-43f1-960a-6bf65f2ea515-SegmentedRaftLogWorker:Storage Directory /workdir/hadoop-ozone/integration-test/target/test-dir/MiniOzoneClusterImpl-ec6279a4-115b-4ea2-96cc-fb2f3d2234fd/datanode-1/data/ratis/2bb0fe26-4db2-4ef9-a636-47eacd4ac894 for RaftStorage:Storage Directory /workdir/hadoop-ozone/integration-test/target/test-dir/MiniOzoneClusterImpl-ec6279a4-115b-4ea2-96cc-fb2f3d2234fd/datanode-1/data/ratis/2bb0fe26-4db2-4ef9-a636-47eacd4ac894
2019-08-09 04:06:09,519 INFO  server.RaftServerConfigKeys (ConfUtils.java:logGet(43)) - raft.server.log.queue.byte-limit = 2147483647 (custom)
2019-08-09 04:06:09,519 INFO  server.RaftServerConfigKeys (ConfUtils.java:logGet(43)) - raft.server.log.queue.element-limit = 1024 (custom)
2019-08-09 04:06:09,519 INFO  server.RaftServerConfigKeys (ConfUtils.java:logGet(43)) - raft.server.log.segment.size.max = 1048576 (custom)
2019-08-09 04:06:09,519 INFO  server.RaftServerConfigKeys (ConfUtils.java:logGet(43)) - raft.server.log.preallocated.size = 16384 (custom)
2019-08-09 04:06:09,520 INFO  server.RaftServerConfigKeys (ConfUtils.java:logGet(43)) - raft.server.log.write.buffer.size = 33554432 (custom)
2019-08-09 04:06:09,520 INFO  server.RaftServerConfigKeys (ConfUtils.java:logGet(43)) - raft.server.log.force.sync.num = 128 (default)
2019-08-09 04:06:09,520 INFO  server.RaftServerConfigKeys (ConfUtils.java:logGet(43)) - raft.server.log.statemachine.data.sync = true (default)
2019-08-09 04:06:09,520 INFO  server.RaftServerConfigKeys (ConfUtils.java:logGet(43)) - raft.server.log.statemachine.data.sync.timeout = 10s (default)
2019-08-09 04:06:09,520 INFO  server.RaftServerConfigKeys (ConfUtils.java:logGet(43)) - raft.server.log.statemachine.data.sync.timeout.retry = -1 (default)
2019-08-09 04:06:09,521 INFO  server.RaftServerConfigKeys (ConfUtils.java:logGet(43)) - raft.server.log.statemachine.data.caching.enabled = true (custom)
2019-08-09 04:06:09,521 INFO  segmented.SegmentedRaftLogWorker (SegmentedRaftLogWorker.java:lambda$new$0(132)) - ee6f2503-878b-43f1-960a-6bf65f2ea515-SegmentedRaftLogWorker:Storage Directory /workdir/hadoop-ozone/integration-test/target/test-dir/MiniOzoneClusterImpl-ec6279a4-115b-4ea2-96cc-fb2f3d2234fd/datanode-1/data/ratis/2bb0fe26-4db2-4ef9-a636-47eacd4ac894: flushIndex: setUnconditionally 0 -> -1
2019-08-09 04:06:09,522 INFO  server.RaftServerConfigKeys (ConfUtils.java:logGet(43)) - raft.server.snapshot.auto.trigger.enabled = true (custom)
2019-08-09 04:06:09,522 INFO  server.RaftServerConfigKeys (ConfUtils.java:logGet(43)) - raft.server.snapshot.auto.trigger.threshold = 10000 (custom)
2019-08-09 04:06:09,522 INFO  server.RaftServerConfigKeys (ConfUtils.java:logGet(43)) - raft.server.retrycache.expirytime = 600000ms (custom)
2019-08-09 04:06:09,523 INFO  impl.RaftServerImpl (RaftServerImpl.java:start(180)) - ee6f2503-878b-43f1-960a-6bf65f2ea515: start group-47EACD4AC894
2019-08-09 04:06:09,523 INFO  impl.RaftServerImpl (RaftServerImpl.java:setRole(171)) - ee6f2503-878b-43f1-960a-6bf65f2ea515:group-47EACD4AC894 changes role from null to FOLLOWER at term 0 for startAsFollower
2019-08-09 04:06:09,523 INFO  impl.RoleInfo (RoleInfo.java:updateAndGet(143)) - ee6f2503-878b-43f1-960a-6bf65f2ea515: start FollowerState
2019-08-09 04:06:09,525 INFO  util.JmxRegister (JmxRegister.java:tryRegister(44)) - Successfully registered JMX Bean with object name Ratis:service=RaftServer,group=group-47EACD4AC894,id=ee6f2503-878b-43f1-960a-6bf65f2ea515
2019-08-09 04:06:09,540 INFO  pipeline.PipelineStateManager (PipelineStateManager.java:addPipeline(56)) - Created pipeline Pipeline[ Id: 2bb0fe26-4db2-4ef9-a636-47eacd4ac894, Nodes: ee6f2503-878b-43f1-960a-6bf65f2ea515{ip: 192.168.157.225, host: byscane-nightly-vbjp7-3883395574, networkLocation: /default-rack, certSerialId: null}, Type:RATIS, Factor:ONE, State:OPEN]
2019-08-09 04:06:09,569 INFO  impl.RaftServerProxy (RaftServerProxy.java:addNew(89)) - c2523a8d-fb10-4a6c-9103-7ce8cd297fa3: addNew group-15FE0FFE2832:[c2523a8d-fb10-4a6c-9103-7ce8cd297fa3:192.168.157.225:37055] returns group-15FE0FFE2832:java.util.concurrent.CompletableFuture@6847a3e7[Not completed]
2019-08-09 04:06:09,581 INFO  ozone.MiniOzoneClusterImpl (MiniOzoneClusterImpl.java:lambda$waitForClusterToBeReady$0(142)) - Waiting for cluster to be ready. Got 6 of 7 DN Heartbeats.
2019-08-09 04:06:09,584 INFO  impl.RaftServerImpl (RaftServerImpl.java:<init>(93)) - c2523a8d-fb10-4a6c-9103-7ce8cd297fa3: new RaftServerImpl for group-15FE0FFE2832:[c2523a8d-fb10-4a6c-9103-7ce8cd297fa3:192.168.157.225:37055] with ContainerStateMachine:uninitialized
2019-08-09 04:06:09,586 INFO  server.RaftServerConfigKeys (ConfUtils.java:logGet(43)) - raft.server.rpc.timeout.min = 5s (custom)
2019-08-09 04:06:09,586 INFO  server.RaftServerConfigKeys (ConfUtils.java:logGet(43)) - raft.server.rpc.timeout.max = 5200ms (custom)
2019-08-09 04:06:09,587 INFO  server.RaftServerConfigKeys (ConfUtils.java:logGet(43)) - raft.server.rpcslowness.timeout = 120s (custom)
2019-08-09 04:06:09,587 INFO  server.RaftServerConfigKeys (ConfUtils.java:logGet(43)) - raft.server.sleep.deviation.threshold = 300 (default)
2019-08-09 04:06:09,587 INFO  server.RaftServerConfigKeys (ConfUtils.java:logGet(43)) - raft.server.log.appender.install.snapshot.enabled = false (custom)
2019-08-09 04:06:09,587 INFO  net.NetworkTopology (NetworkTopologyImpl.java:add(110)) - Added a new node: /default-rack/9ef1ccf9-27b0-4d20-ae16-b8d1ec02e178
2019-08-09 04:06:09,587 INFO  impl.RaftServerImpl (ServerState.java:<init>(105)) - c2523a8d-fb10-4a6c-9103-7ce8cd297fa3:group-15FE0FFE2832 ConfigurationManager, init=-1: [c2523a8d-fb10-4a6c-9103-7ce8cd297fa3:192.168.157.225:37055], old=null, confs=<EMPTY_MAP>
2019-08-09 04:06:09,587 INFO  node.SCMNodeManager (SCMNodeManager.java:register(273)) - Registered Data node : 9ef1ccf9-27b0-4d20-ae16-b8d1ec02e178{ip: 192.168.157.225, host: byscane-nightly-vbjp7-3883395574, networkLocation: /default-rack, certSerialId: null}
2019-08-09 04:06:09,587 INFO  server.RaftServerConfigKeys (ConfUtils.java:logGet(43)) - raft.server.storage.dir = [/workdir/hadoop-ozone/integration-test/target/test-dir/MiniOzoneClusterImpl-ec6279a4-115b-4ea2-96cc-fb2f3d2234fd/datanode-3/data/ratis] (custom)
2019-08-09 04:06:09,588 INFO  storage.RaftStorageDirectory (RaftStorageDirectory.java:analyzeStorage(246)) - The storage directory /workdir/hadoop-ozone/integration-test/target/test-dir/MiniOzoneClusterImpl-ec6279a4-115b-4ea2-96cc-fb2f3d2234fd/datanode-3/data/ratis/a4495ff7-07fd-44b7-bf4a-15fe0ffe2832 does not exist. Creating ...
2019-08-09 04:06:09,613 INFO  storage.RaftStorageDirectory (RaftStorageDirectory.java:tryLock(328)) - Lock on /workdir/hadoop-ozone/integration-test/target/test-dir/MiniOzoneClusterImpl-ec6279a4-115b-4ea2-96cc-fb2f3d2234fd/datanode-3/data/ratis/a4495ff7-07fd-44b7-bf4a-15fe0ffe2832/in_use.lock acquired by nodename 2140@byscane-nightly-vbjp7-3883395574
2019-08-09 04:06:09,654 INFO  storage.RaftStorage (RaftStorage.java:format(72)) - Storage directory /workdir/hadoop-ozone/integration-test/target/test-dir/MiniOzoneClusterImpl-ec6279a4-115b-4ea2-96cc-fb2f3d2234fd/datanode-3/data/ratis/a4495ff7-07fd-44b7-bf4a-15fe0ffe2832 has been successfully formatted.
2019-08-09 04:06:09,654 INFO  ratis.ContainerStateMachine (ContainerStateMachine.java:loadSnapshot(213)) - group-15FE0FFE2832: The snapshot info is null. Setting the last applied indexto:(t:0, i:~)
2019-08-09 04:06:09,654 INFO  server.RaftServerConfigKeys (ConfUtils.java:logGet(43)) - raft.server.leader.election.timeout = 120s (custom)
2019-08-09 04:06:09,654 INFO  server.RaftServerConfigKeys (ConfUtils.java:logGet(43)) - raft.server.log.use.memory = false (default)
2019-08-09 04:06:09,655 INFO  server.RaftServerConfigKeys (ConfUtils.java:logGet(43)) - raft.server.log.purge.gap = 1000000000 (custom)
2019-08-09 04:06:09,655 INFO  server.RaftServerConfigKeys (ConfUtils.java:logGet(43)) - raft.server.log.appender.buffer.byte-limit = 33554432 (custom)
2019-08-09 04:06:09,655 INFO  server.RaftServerConfigKeys (ConfUtils.java:logGet(43)) - raft.server.log.segment.size.max = 1048576 (custom)
2019-08-09 04:06:09,655 INFO  server.RaftServerConfigKeys (ConfUtils.java:logGet(43)) - raft.server.log.segment.cache.num.max = 2 (custom)
2019-08-09 04:06:09,655 INFO  segmented.SegmentedRaftLogWorker (SegmentedRaftLogWorker.java:<init>(172)) - new c2523a8d-fb10-4a6c-9103-7ce8cd297fa3-SegmentedRaftLogWorker:Storage Directory /workdir/hadoop-ozone/integration-test/target/test-dir/MiniOzoneClusterImpl-ec6279a4-115b-4ea2-96cc-fb2f3d2234fd/datanode-3/data/ratis/a4495ff7-07fd-44b7-bf4a-15fe0ffe2832 for RaftStorage:Storage Directory /workdir/hadoop-ozone/integration-test/target/test-dir/MiniOzoneClusterImpl-ec6279a4-115b-4ea2-96cc-fb2f3d2234fd/datanode-3/data/ratis/a4495ff7-07fd-44b7-bf4a-15fe0ffe2832
2019-08-09 04:06:09,656 INFO  server.RaftServerConfigKeys (ConfUtils.java:logGet(43)) - raft.server.log.queue.byte-limit = 2147483647 (custom)
2019-08-09 04:06:09,656 INFO  server.RaftServerConfigKeys (ConfUtils.java:logGet(43)) - raft.server.log.queue.element-limit = 1024 (custom)
2019-08-09 04:06:09,656 INFO  server.RaftServerConfigKeys (ConfUtils.java:logGet(43)) - raft.server.log.segment.size.max = 1048576 (custom)
2019-08-09 04:06:09,656 INFO  server.RaftServerConfigKeys (ConfUtils.java:logGet(43)) - raft.server.log.preallocated.size = 16384 (custom)
2019-08-09 04:06:09,657 INFO  server.RaftServerConfigKeys (ConfUtils.java:logGet(43)) - raft.server.log.write.buffer.size = 33554432 (custom)
2019-08-09 04:06:09,657 INFO  server.RaftServerConfigKeys (ConfUtils.java:logGet(43)) - raft.server.log.force.sync.num = 128 (default)
2019-08-09 04:06:09,657 INFO  server.RaftServerConfigKeys (ConfUtils.java:logGet(43)) - raft.server.log.statemachine.data.sync = true (default)
2019-08-09 04:06:09,657 INFO  server.RaftServerConfigKeys (ConfUtils.java:logGet(43)) - raft.server.log.statemachine.data.sync.timeout = 10s (default)
2019-08-09 04:06:09,657 INFO  server.RaftServerConfigKeys (ConfUtils.java:logGet(43)) - raft.server.log.statemachine.data.sync.timeout.retry = -1 (default)
2019-08-09 04:06:09,658 INFO  server.RaftServerConfigKeys (ConfUtils.java:logGet(43)) - raft.server.log.statemachine.data.caching.enabled = true (custom)
2019-08-09 04:06:09,658 INFO  segmented.SegmentedRaftLogWorker (SegmentedRaftLogWorker.java:lambda$new$0(132)) - c2523a8d-fb10-4a6c-9103-7ce8cd297fa3-SegmentedRaftLogWorker:Storage Directory /workdir/hadoop-ozone/integration-test/target/test-dir/MiniOzoneClusterImpl-ec6279a4-115b-4ea2-96cc-fb2f3d2234fd/datanode-3/data/ratis/a4495ff7-07fd-44b7-bf4a-15fe0ffe2832: flushIndex: setUnconditionally 0 -> -1
2019-08-09 04:06:09,659 INFO  server.RaftServerConfigKeys (ConfUtils.java:logGet(43)) - raft.server.snapshot.auto.trigger.enabled = true (custom)
2019-08-09 04:06:09,659 INFO  server.RaftServerConfigKeys (ConfUtils.java:logGet(43)) - raft.server.snapshot.auto.trigger.threshold = 10000 (custom)
2019-08-09 04:06:09,659 INFO  server.RaftServerConfigKeys (ConfUtils.java:logGet(43)) - raft.server.retrycache.expirytime = 600000ms (custom)
2019-08-09 04:06:09,659 INFO  impl.RaftServerImpl (RaftServerImpl.java:start(180)) - c2523a8d-fb10-4a6c-9103-7ce8cd297fa3: start group-15FE0FFE2832
2019-08-09 04:06:09,659 INFO  impl.RaftServerImpl (RaftServerImpl.java:setRole(171)) - c2523a8d-fb10-4a6c-9103-7ce8cd297fa3:group-15FE0FFE2832 changes role from null to FOLLOWER at term 0 for startAsFollower
2019-08-09 04:06:09,660 INFO  impl.RoleInfo (RoleInfo.java:updateAndGet(143)) - c2523a8d-fb10-4a6c-9103-7ce8cd297fa3: start FollowerState
2019-08-09 04:06:09,660 INFO  util.JmxRegister (JmxRegister.java:tryRegister(44)) - Successfully registered JMX Bean with object name Ratis:service=RaftServer,group=group-15FE0FFE2832,id=c2523a8d-fb10-4a6c-9103-7ce8cd297fa3
2019-08-09 04:06:09,676 INFO  pipeline.PipelineStateManager (PipelineStateManager.java:addPipeline(56)) - Created pipeline Pipeline[ Id: a4495ff7-07fd-44b7-bf4a-15fe0ffe2832, Nodes: c2523a8d-fb10-4a6c-9103-7ce8cd297fa3{ip: 192.168.157.225, host: byscane-nightly-vbjp7-3883395574, networkLocation: /default-rack, certSerialId: null}, Type:RATIS, Factor:ONE, State:OPEN]
2019-08-09 04:06:09,701 INFO  impl.RaftServerProxy (RaftServerProxy.java:addNew(89)) - 9ef1ccf9-27b0-4d20-ae16-b8d1ec02e178: addNew group-75438A6E4499:[9ef1ccf9-27b0-4d20-ae16-b8d1ec02e178:192.168.157.225:35653] returns group-75438A6E4499:java.util.concurrent.CompletableFuture@3d810887[Not completed]
2019-08-09 04:06:09,707 INFO  impl.RaftServerImpl (RaftServerImpl.java:<init>(93)) - 9ef1ccf9-27b0-4d20-ae16-b8d1ec02e178: new RaftServerImpl for group-75438A6E4499:[9ef1ccf9-27b0-4d20-ae16-b8d1ec02e178:192.168.157.225:35653] with ContainerStateMachine:uninitialized
2019-08-09 04:06:09,707 INFO  server.RaftServerConfigKeys (ConfUtils.java:logGet(43)) - raft.server.rpc.timeout.min = 5s (custom)
2019-08-09 04:06:09,707 INFO  server.RaftServerConfigKeys (ConfUtils.java:logGet(43)) - raft.server.rpc.timeout.max = 5200ms (custom)
2019-08-09 04:06:09,707 INFO  server.RaftServerConfigKeys (ConfUtils.java:logGet(43)) - raft.server.rpcslowness.timeout = 120s (custom)
2019-08-09 04:06:09,708 INFO  server.RaftServerConfigKeys (ConfUtils.java:logGet(43)) - raft.server.sleep.deviation.threshold = 300 (default)
2019-08-09 04:06:09,708 INFO  server.RaftServerConfigKeys (ConfUtils.java:logGet(43)) - raft.server.log.appender.install.snapshot.enabled = false (custom)
2019-08-09 04:06:09,708 INFO  impl.RaftServerImpl (ServerState.java:<init>(105)) - 9ef1ccf9-27b0-4d20-ae16-b8d1ec02e178:group-75438A6E4499 ConfigurationManager, init=-1: [9ef1ccf9-27b0-4d20-ae16-b8d1ec02e178:192.168.157.225:35653], old=null, confs=<EMPTY_MAP>
2019-08-09 04:06:09,708 INFO  server.RaftServerConfigKeys (ConfUtils.java:logGet(43)) - raft.server.storage.dir = [/workdir/hadoop-ozone/integration-test/target/test-dir/MiniOzoneClusterImpl-ec6279a4-115b-4ea2-96cc-fb2f3d2234fd/datanode-6/data/ratis] (custom)
2019-08-09 04:06:09,709 INFO  storage.RaftStorageDirectory (RaftStorageDirectory.java:analyzeStorage(246)) - The storage directory /workdir/hadoop-ozone/integration-test/target/test-dir/MiniOzoneClusterImpl-ec6279a4-115b-4ea2-96cc-fb2f3d2234fd/datanode-6/data/ratis/d11872ee-a61b-482c-8702-75438a6e4499 does not exist. Creating ...
2019-08-09 04:06:09,722 INFO  storage.RaftStorageDirectory (RaftStorageDirectory.java:tryLock(328)) - Lock on /workdir/hadoop-ozone/integration-test/target/test-dir/MiniOzoneClusterImpl-ec6279a4-115b-4ea2-96cc-fb2f3d2234fd/datanode-6/data/ratis/d11872ee-a61b-482c-8702-75438a6e4499/in_use.lock acquired by nodename 2140@byscane-nightly-vbjp7-3883395574
2019-08-09 04:06:09,735 INFO  storage.RaftStorage (RaftStorage.java:format(72)) - Storage directory /workdir/hadoop-ozone/integration-test/target/test-dir/MiniOzoneClusterImpl-ec6279a4-115b-4ea2-96cc-fb2f3d2234fd/datanode-6/data/ratis/d11872ee-a61b-482c-8702-75438a6e4499 has been successfully formatted.
2019-08-09 04:06:09,736 INFO  ratis.ContainerStateMachine (ContainerStateMachine.java:loadSnapshot(213)) - group-75438A6E4499: The snapshot info is null. Setting the last applied indexto:(t:0, i:~)
2019-08-09 04:06:09,736 INFO  server.RaftServerConfigKeys (ConfUtils.java:logGet(43)) - raft.server.leader.election.timeout = 120s (custom)
2019-08-09 04:06:09,736 INFO  server.RaftServerConfigKeys (ConfUtils.java:logGet(43)) - raft.server.log.use.memory = false (default)
2019-08-09 04:06:09,737 INFO  server.RaftServerConfigKeys (ConfUtils.java:logGet(43)) - raft.server.log.purge.gap = 1000000000 (custom)
2019-08-09 04:06:09,737 INFO  server.RaftServerConfigKeys (ConfUtils.java:logGet(43)) - raft.server.log.appender.buffer.byte-limit = 33554432 (custom)
2019-08-09 04:06:09,737 INFO  server.RaftServerConfigKeys (ConfUtils.java:logGet(43)) - raft.server.log.segment.size.max = 1048576 (custom)
2019-08-09 04:06:09,737 INFO  server.RaftServerConfigKeys (ConfUtils.java:logGet(43)) - raft.server.log.segment.cache.num.max = 2 (custom)
2019-08-09 04:06:09,737 INFO  segmented.SegmentedRaftLogWorker (SegmentedRaftLogWorker.java:<init>(172)) - new 9ef1ccf9-27b0-4d20-ae16-b8d1ec02e178-SegmentedRaftLogWorker:Storage Directory /workdir/hadoop-ozone/integration-test/target/test-dir/MiniOzoneClusterImpl-ec6279a4-115b-4ea2-96cc-fb2f3d2234fd/datanode-6/data/ratis/d11872ee-a61b-482c-8702-75438a6e4499 for RaftStorage:Storage Directory /workdir/hadoop-ozone/integration-test/target/test-dir/MiniOzoneClusterImpl-ec6279a4-115b-4ea2-96cc-fb2f3d2234fd/datanode-6/data/ratis/d11872ee-a61b-482c-8702-75438a6e4499
2019-08-09 04:06:09,738 INFO  server.RaftServerConfigKeys (ConfUtils.java:logGet(43)) - raft.server.log.queue.byte-limit = 2147483647 (custom)
2019-08-09 04:06:09,738 INFO  server.RaftServerConfigKeys (ConfUtils.java:logGet(43)) - raft.server.log.queue.element-limit = 1024 (custom)
2019-08-09 04:06:09,738 INFO  server.RaftServerConfigKeys (ConfUtils.java:logGet(43)) - raft.server.log.segment.size.max = 1048576 (custom)
2019-08-09 04:06:09,738 INFO  server.RaftServerConfigKeys (ConfUtils.java:logGet(43)) - raft.server.log.preallocated.size = 16384 (custom)
2019-08-09 04:06:09,739 INFO  server.RaftServerConfigKeys (ConfUtils.java:logGet(43)) - raft.server.log.write.buffer.size = 33554432 (custom)
2019-08-09 04:06:09,739 INFO  server.RaftServerConfigKeys (ConfUtils.java:logGet(43)) - raft.server.log.force.sync.num = 128 (default)
2019-08-09 04:06:09,739 INFO  server.RaftServerConfigKeys (ConfUtils.java:logGet(43)) - raft.server.log.statemachine.data.sync = true (default)
2019-08-09 04:06:09,739 INFO  server.RaftServerConfigKeys (ConfUtils.java:logGet(43)) - raft.server.log.statemachine.data.sync.timeout = 10s (default)
2019-08-09 04:06:09,739 INFO  server.RaftServerConfigKeys (ConfUtils.java:logGet(43)) - raft.server.log.statemachine.data.sync.timeout.retry = -1 (default)
2019-08-09 04:06:09,740 INFO  server.RaftServerConfigKeys (ConfUtils.java:logGet(43)) - raft.server.log.statemachine.data.caching.enabled = true (custom)
2019-08-09 04:06:09,740 INFO  segmented.SegmentedRaftLogWorker (SegmentedRaftLogWorker.java:lambda$new$0(132)) - 9ef1ccf9-27b0-4d20-ae16-b8d1ec02e178-SegmentedRaftLogWorker:Storage Directory /workdir/hadoop-ozone/integration-test/target/test-dir/MiniOzoneClusterImpl-ec6279a4-115b-4ea2-96cc-fb2f3d2234fd/datanode-6/data/ratis/d11872ee-a61b-482c-8702-75438a6e4499: flushIndex: setUnconditionally 0 -> -1
2019-08-09 04:06:09,741 INFO  server.RaftServerConfigKeys (ConfUtils.java:logGet(43)) - raft.server.snapshot.auto.trigger.enabled = true (custom)
2019-08-09 04:06:09,741 INFO  server.RaftServerConfigKeys (ConfUtils.java:logGet(43)) - raft.server.snapshot.auto.trigger.threshold = 10000 (custom)
2019-08-09 04:06:09,741 INFO  server.RaftServerConfigKeys (ConfUtils.java:logGet(43)) - raft.server.retrycache.expirytime = 600000ms (custom)
2019-08-09 04:06:09,741 INFO  impl.RaftServerImpl (RaftServerImpl.java:start(180)) - 9ef1ccf9-27b0-4d20-ae16-b8d1ec02e178: start group-75438A6E4499
2019-08-09 04:06:09,742 INFO  impl.RaftServerImpl (RaftServerImpl.java:setRole(171)) - 9ef1ccf9-27b0-4d20-ae16-b8d1ec02e178:group-75438A6E4499 changes role from null to FOLLOWER at term 0 for startAsFollower
2019-08-09 04:06:09,742 INFO  impl.RoleInfo (RoleInfo.java:updateAndGet(143)) - 9ef1ccf9-27b0-4d20-ae16-b8d1ec02e178: start FollowerState
2019-08-09 04:06:09,742 INFO  util.JmxRegister (JmxRegister.java:tryRegister(44)) - Successfully registered JMX Bean with object name Ratis:service=RaftServer,group=group-75438A6E4499,id=9ef1ccf9-27b0-4d20-ae16-b8d1ec02e178
2019-08-09 04:06:09,763 INFO  pipeline.PipelineStateManager (PipelineStateManager.java:addPipeline(56)) - Created pipeline Pipeline[ Id: d11872ee-a61b-482c-8702-75438a6e4499, Nodes: 9ef1ccf9-27b0-4d20-ae16-b8d1ec02e178{ip: 192.168.157.225, host: byscane-nightly-vbjp7-3883395574, networkLocation: /default-rack, certSerialId: null}, Type:RATIS, Factor:ONE, State:OPEN]
2019-08-09 04:06:09,792 INFO  impl.RaftServerProxy (RaftServerProxy.java:addNew(89)) - 38f913d1-9530-429d-b1f4-4288c213caa0: addNew group-E9E3C909E6AC:[38f913d1-9530-429d-b1f4-4288c213caa0:192.168.157.225:39873] returns group-E9E3C909E6AC:java.util.concurrent.CompletableFuture@9c8b246[Not completed]
2019-08-09 04:06:09,796 INFO  impl.RaftServerImpl (RaftServerImpl.java:<init>(93)) - 38f913d1-9530-429d-b1f4-4288c213caa0: new RaftServerImpl for group-E9E3C909E6AC:[38f913d1-9530-429d-b1f4-4288c213caa0:192.168.157.225:39873] with ContainerStateMachine:uninitialized
2019-08-09 04:06:09,796 INFO  server.RaftServerConfigKeys (ConfUtils.java:logGet(43)) - raft.server.rpc.timeout.min = 5s (custom)
2019-08-09 04:06:09,796 INFO  server.RaftServerConfigKeys (ConfUtils.java:logGet(43)) - raft.server.rpc.timeout.max = 5200ms (custom)
2019-08-09 04:06:09,797 INFO  server.RaftServerConfigKeys (ConfUtils.java:logGet(43)) - raft.server.rpcslowness.timeout = 120s (custom)
2019-08-09 04:06:09,797 INFO  server.RaftServerConfigKeys (ConfUtils.java:logGet(43)) - raft.server.sleep.deviation.threshold = 300 (default)
2019-08-09 04:06:09,797 INFO  server.RaftServerConfigKeys (ConfUtils.java:logGet(43)) - raft.server.log.appender.install.snapshot.enabled = false (custom)
2019-08-09 04:06:09,797 INFO  impl.RaftServerImpl (ServerState.java:<init>(105)) - 38f913d1-9530-429d-b1f4-4288c213caa0:group-E9E3C909E6AC ConfigurationManager, init=-1: [38f913d1-9530-429d-b1f4-4288c213caa0:192.168.157.225:39873], old=null, confs=<EMPTY_MAP>
2019-08-09 04:06:09,797 INFO  server.RaftServerConfigKeys (ConfUtils.java:logGet(43)) - raft.server.storage.dir = [/workdir/hadoop-ozone/integration-test/target/test-dir/MiniOzoneClusterImpl-ec6279a4-115b-4ea2-96cc-fb2f3d2234fd/datanode-2/data/ratis] (custom)
2019-08-09 04:06:09,798 INFO  storage.RaftStorageDirectory (RaftStorageDirectory.java:analyzeStorage(246)) - The storage directory /workdir/hadoop-ozone/integration-test/target/test-dir/MiniOzoneClusterImpl-ec6279a4-115b-4ea2-96cc-fb2f3d2234fd/datanode-2/data/ratis/87642ea6-00b7-4a26-81a9-e9e3c909e6ac does not exist. Creating ...
2019-08-09 04:06:09,811 INFO  storage.RaftStorageDirectory (RaftStorageDirectory.java:tryLock(328)) - Lock on /workdir/hadoop-ozone/integration-test/target/test-dir/MiniOzoneClusterImpl-ec6279a4-115b-4ea2-96cc-fb2f3d2234fd/datanode-2/data/ratis/87642ea6-00b7-4a26-81a9-e9e3c909e6ac/in_use.lock acquired by nodename 2140@byscane-nightly-vbjp7-3883395574
2019-08-09 04:06:09,824 INFO  storage.RaftStorage (RaftStorage.java:format(72)) - Storage directory /workdir/hadoop-ozone/integration-test/target/test-dir/MiniOzoneClusterImpl-ec6279a4-115b-4ea2-96cc-fb2f3d2234fd/datanode-2/data/ratis/87642ea6-00b7-4a26-81a9-e9e3c909e6ac has been successfully formatted.
2019-08-09 04:06:09,825 INFO  ratis.ContainerStateMachine (ContainerStateMachine.java:loadSnapshot(213)) - group-E9E3C909E6AC: The snapshot info is null. Setting the last applied indexto:(t:0, i:~)
2019-08-09 04:06:09,825 INFO  server.RaftServerConfigKeys (ConfUtils.java:logGet(43)) - raft.server.leader.election.timeout = 120s (custom)
2019-08-09 04:06:09,825 INFO  server.RaftServerConfigKeys (ConfUtils.java:logGet(43)) - raft.server.log.use.memory = false (default)
2019-08-09 04:06:09,825 INFO  server.RaftServerConfigKeys (ConfUtils.java:logGet(43)) - raft.server.log.purge.gap = 1000000000 (custom)
2019-08-09 04:06:09,825 INFO  server.RaftServerConfigKeys (ConfUtils.java:logGet(43)) - raft.server.log.appender.buffer.byte-limit = 33554432 (custom)
2019-08-09 04:06:09,826 INFO  server.RaftServerConfigKeys (ConfUtils.java:logGet(43)) - raft.server.log.segment.size.max = 1048576 (custom)
2019-08-09 04:06:09,826 INFO  server.RaftServerConfigKeys (ConfUtils.java:logGet(43)) - raft.server.log.segment.cache.num.max = 2 (custom)
2019-08-09 04:06:09,826 INFO  segmented.SegmentedRaftLogWorker (SegmentedRaftLogWorker.java:<init>(172)) - new 38f913d1-9530-429d-b1f4-4288c213caa0-SegmentedRaftLogWorker:Storage Directory /workdir/hadoop-ozone/integration-test/target/test-dir/MiniOzoneClusterImpl-ec6279a4-115b-4ea2-96cc-fb2f3d2234fd/datanode-2/data/ratis/87642ea6-00b7-4a26-81a9-e9e3c909e6ac for RaftStorage:Storage Directory /workdir/hadoop-ozone/integration-test/target/test-dir/MiniOzoneClusterImpl-ec6279a4-115b-4ea2-96cc-fb2f3d2234fd/datanode-2/data/ratis/87642ea6-00b7-4a26-81a9-e9e3c909e6ac
2019-08-09 04:06:09,826 INFO  server.RaftServerConfigKeys (ConfUtils.java:logGet(43)) - raft.server.log.queue.byte-limit = 2147483647 (custom)
2019-08-09 04:06:09,826 INFO  server.RaftServerConfigKeys (ConfUtils.java:logGet(43)) - raft.server.log.queue.element-limit = 1024 (custom)
2019-08-09 04:06:09,827 INFO  server.RaftServerConfigKeys (ConfUtils.java:logGet(43)) - raft.server.log.segment.size.max = 1048576 (custom)
2019-08-09 04:06:09,827 INFO  server.RaftServerConfigKeys (ConfUtils.java:logGet(43)) - raft.server.log.preallocated.size = 16384 (custom)
2019-08-09 04:06:09,827 INFO  server.RaftServerConfigKeys (ConfUtils.java:logGet(43)) - raft.server.log.write.buffer.size = 33554432 (custom)
2019-08-09 04:06:09,827 INFO  server.RaftServerConfigKeys (ConfUtils.java:logGet(43)) - raft.server.log.force.sync.num = 128 (default)
2019-08-09 04:06:09,827 INFO  server.RaftServerConfigKeys (ConfUtils.java:logGet(43)) - raft.server.log.statemachine.data.sync = true (default)
2019-08-09 04:06:09,827 INFO  server.RaftServerConfigKeys (ConfUtils.java:logGet(43)) - raft.server.log.statemachine.data.sync.timeout = 10s (default)
2019-08-09 04:06:09,828 INFO  server.RaftServerConfigKeys (ConfUtils.java:logGet(43)) - raft.server.log.statemachine.data.sync.timeout.retry = -1 (default)
2019-08-09 04:06:09,828 INFO  server.RaftServerConfigKeys (ConfUtils.java:logGet(43)) - raft.server.log.statemachine.data.caching.enabled = true (custom)
2019-08-09 04:06:09,828 INFO  segmented.SegmentedRaftLogWorker (SegmentedRaftLogWorker.java:lambda$new$0(132)) - 38f913d1-9530-429d-b1f4-4288c213caa0-SegmentedRaftLogWorker:Storage Directory /workdir/hadoop-ozone/integration-test/target/test-dir/MiniOzoneClusterImpl-ec6279a4-115b-4ea2-96cc-fb2f3d2234fd/datanode-2/data/ratis/87642ea6-00b7-4a26-81a9-e9e3c909e6ac: flushIndex: setUnconditionally 0 -> -1
2019-08-09 04:06:09,829 INFO  server.RaftServerConfigKeys (ConfUtils.java:logGet(43)) - raft.server.snapshot.auto.trigger.enabled = true (custom)
2019-08-09 04:06:09,829 INFO  server.RaftServerConfigKeys (ConfUtils.java:logGet(43)) - raft.server.snapshot.auto.trigger.threshold = 10000 (custom)
2019-08-09 04:06:09,829 INFO  server.RaftServerConfigKeys (ConfUtils.java:logGet(43)) - raft.server.retrycache.expirytime = 600000ms (custom)
2019-08-09 04:06:09,830 INFO  impl.RaftServerImpl (RaftServerImpl.java:start(180)) - 38f913d1-9530-429d-b1f4-4288c213caa0: start group-E9E3C909E6AC
2019-08-09 04:06:09,830 INFO  impl.RaftServerImpl (RaftServerImpl.java:setRole(171)) - 38f913d1-9530-429d-b1f4-4288c213caa0:group-E9E3C909E6AC changes role from null to FOLLOWER at term 0 for startAsFollower
2019-08-09 04:06:09,830 INFO  impl.RoleInfo (RoleInfo.java:updateAndGet(143)) - 38f913d1-9530-429d-b1f4-4288c213caa0: start FollowerState
2019-08-09 04:06:09,830 INFO  util.JmxRegister (JmxRegister.java:tryRegister(44)) - Successfully registered JMX Bean with object name Ratis:service=RaftServer,group=group-E9E3C909E6AC,id=38f913d1-9530-429d-b1f4-4288c213caa0
2019-08-09 04:06:09,841 INFO  pipeline.PipelineStateManager (PipelineStateManager.java:addPipeline(56)) - Created pipeline Pipeline[ Id: 87642ea6-00b7-4a26-81a9-e9e3c909e6ac, Nodes: 38f913d1-9530-429d-b1f4-4288c213caa0{ip: 192.168.157.225, host: byscane-nightly-vbjp7-3883395574, networkLocation: /default-rack, certSerialId: null}, Type:RATIS, Factor:ONE, State:OPEN]
2019-08-09 04:06:09,863 INFO  impl.RaftServerProxy (RaftServerProxy.java:addNew(89)) - 0ce5e6cd-8de3-45b3-81ac-211d253ac858: addNew group-593EFE2C8980:[0ce5e6cd-8de3-45b3-81ac-211d253ac858:192.168.157.225:34617] returns group-593EFE2C8980:java.util.concurrent.CompletableFuture@349e68f7[Not completed]
2019-08-09 04:06:09,867 INFO  impl.RaftServerImpl (RaftServerImpl.java:<init>(93)) - 0ce5e6cd-8de3-45b3-81ac-211d253ac858: new RaftServerImpl for group-593EFE2C8980:[0ce5e6cd-8de3-45b3-81ac-211d253ac858:192.168.157.225:34617] with ContainerStateMachine:uninitialized
2019-08-09 04:06:09,867 INFO  server.RaftServerConfigKeys (ConfUtils.java:logGet(43)) - raft.server.rpc.timeout.min = 5s (custom)
2019-08-09 04:06:09,867 INFO  server.RaftServerConfigKeys (ConfUtils.java:logGet(43)) - raft.server.rpc.timeout.max = 5200ms (custom)
2019-08-09 04:06:09,867 INFO  server.RaftServerConfigKeys (ConfUtils.java:logGet(43)) - raft.server.rpcslowness.timeout = 120s (custom)
2019-08-09 04:06:09,868 INFO  server.RaftServerConfigKeys (ConfUtils.java:logGet(43)) - raft.server.sleep.deviation.threshold = 300 (default)
2019-08-09 04:06:09,868 INFO  server.RaftServerConfigKeys (ConfUtils.java:logGet(43)) - raft.server.log.appender.install.snapshot.enabled = false (custom)
2019-08-09 04:06:09,868 INFO  impl.RaftServerImpl (ServerState.java:<init>(105)) - 0ce5e6cd-8de3-45b3-81ac-211d253ac858:group-593EFE2C8980 ConfigurationManager, init=-1: [0ce5e6cd-8de3-45b3-81ac-211d253ac858:192.168.157.225:34617], old=null, confs=<EMPTY_MAP>
2019-08-09 04:06:09,868 INFO  server.RaftServerConfigKeys (ConfUtils.java:logGet(43)) - raft.server.storage.dir = [/workdir/hadoop-ozone/integration-test/target/test-dir/MiniOzoneClusterImpl-ec6279a4-115b-4ea2-96cc-fb2f3d2234fd/datanode-5/data/ratis] (custom)
2019-08-09 04:06:09,869 INFO  storage.RaftStorageDirectory (RaftStorageDirectory.java:analyzeStorage(246)) - The storage directory /workdir/hadoop-ozone/integration-test/target/test-dir/MiniOzoneClusterImpl-ec6279a4-115b-4ea2-96cc-fb2f3d2234fd/datanode-5/data/ratis/fd094217-0dba-4c05-8c54-593efe2c8980 does not exist. Creating ...
2019-08-09 04:06:09,882 INFO  storage.RaftStorageDirectory (RaftStorageDirectory.java:tryLock(328)) - Lock on /workdir/hadoop-ozone/integration-test/target/test-dir/MiniOzoneClusterImpl-ec6279a4-115b-4ea2-96cc-fb2f3d2234fd/datanode-5/data/ratis/fd094217-0dba-4c05-8c54-593efe2c8980/in_use.lock acquired by nodename 2140@byscane-nightly-vbjp7-3883395574
2019-08-09 04:06:09,895 INFO  storage.RaftStorage (RaftStorage.java:format(72)) - Storage directory /workdir/hadoop-ozone/integration-test/target/test-dir/MiniOzoneClusterImpl-ec6279a4-115b-4ea2-96cc-fb2f3d2234fd/datanode-5/data/ratis/fd094217-0dba-4c05-8c54-593efe2c8980 has been successfully formatted.
2019-08-09 04:06:09,896 INFO  ratis.ContainerStateMachine (ContainerStateMachine.java:loadSnapshot(213)) - group-593EFE2C8980: The snapshot info is null. Setting the last applied indexto:(t:0, i:~)
2019-08-09 04:06:09,896 INFO  server.RaftServerConfigKeys (ConfUtils.java:logGet(43)) - raft.server.leader.election.timeout = 120s (custom)
2019-08-09 04:06:09,896 INFO  server.RaftServerConfigKeys (ConfUtils.java:logGet(43)) - raft.server.log.use.memory = false (default)
2019-08-09 04:06:09,896 INFO  server.RaftServerConfigKeys (ConfUtils.java:logGet(43)) - raft.server.log.purge.gap = 1000000000 (custom)
2019-08-09 04:06:09,897 INFO  server.RaftServerConfigKeys (ConfUtils.java:logGet(43)) - raft.server.log.appender.buffer.byte-limit = 33554432 (custom)
2019-08-09 04:06:09,897 INFO  server.RaftServerConfigKeys (ConfUtils.java:logGet(43)) - raft.server.log.segment.size.max = 1048576 (custom)
2019-08-09 04:06:09,897 INFO  server.RaftServerConfigKeys (ConfUtils.java:logGet(43)) - raft.server.log.segment.cache.num.max = 2 (custom)
2019-08-09 04:06:09,897 INFO  segmented.SegmentedRaftLogWorker (SegmentedRaftLogWorker.java:<init>(172)) - new 0ce5e6cd-8de3-45b3-81ac-211d253ac858-SegmentedRaftLogWorker:Storage Directory /workdir/hadoop-ozone/integration-test/target/test-dir/MiniOzoneClusterImpl-ec6279a4-115b-4ea2-96cc-fb2f3d2234fd/datanode-5/data/ratis/fd094217-0dba-4c05-8c54-593efe2c8980 for RaftStorage:Storage Directory /workdir/hadoop-ozone/integration-test/target/test-dir/MiniOzoneClusterImpl-ec6279a4-115b-4ea2-96cc-fb2f3d2234fd/datanode-5/data/ratis/fd094217-0dba-4c05-8c54-593efe2c8980
2019-08-09 04:06:09,897 INFO  server.RaftServerConfigKeys (ConfUtils.java:logGet(43)) - raft.server.log.queue.byte-limit = 2147483647 (custom)
2019-08-09 04:06:09,898 INFO  server.RaftServerConfigKeys (ConfUtils.java:logGet(43)) - raft.server.log.queue.element-limit = 1024 (custom)
2019-08-09 04:06:09,898 INFO  server.RaftServerConfigKeys (ConfUtils.java:logGet(43)) - raft.server.log.segment.size.max = 1048576 (custom)
2019-08-09 04:06:09,898 INFO  server.RaftServerConfigKeys (ConfUtils.java:logGet(43)) - raft.server.log.preallocated.size = 16384 (custom)
2019-08-09 04:06:09,898 INFO  server.RaftServerConfigKeys (ConfUtils.java:logGet(43)) - raft.server.log.write.buffer.size = 33554432 (custom)
2019-08-09 04:06:09,898 INFO  server.RaftServerConfigKeys (ConfUtils.java:logGet(43)) - raft.server.log.force.sync.num = 128 (default)
2019-08-09 04:06:09,899 INFO  server.RaftServerConfigKeys (ConfUtils.java:logGet(43)) - raft.server.log.statemachine.data.sync = true (default)
2019-08-09 04:06:09,899 INFO  server.RaftServerConfigKeys (ConfUtils.java:logGet(43)) - raft.server.log.statemachine.data.sync.timeout = 10s (default)
2019-08-09 04:06:09,899 INFO  server.RaftServerConfigKeys (ConfUtils.java:logGet(43)) - raft.server.log.statemachine.data.sync.timeout.retry = -1 (default)
2019-08-09 04:06:09,899 INFO  server.RaftServerConfigKeys (ConfUtils.java:logGet(43)) - raft.server.log.statemachine.data.caching.enabled = true (custom)
2019-08-09 04:06:09,900 INFO  segmented.SegmentedRaftLogWorker (SegmentedRaftLogWorker.java:lambda$new$0(132)) - 0ce5e6cd-8de3-45b3-81ac-211d253ac858-SegmentedRaftLogWorker:Storage Directory /workdir/hadoop-ozone/integration-test/target/test-dir/MiniOzoneClusterImpl-ec6279a4-115b-4ea2-96cc-fb2f3d2234fd/datanode-5/data/ratis/fd094217-0dba-4c05-8c54-593efe2c8980: flushIndex: setUnconditionally 0 -> -1
2019-08-09 04:06:09,900 INFO  server.RaftServerConfigKeys (ConfUtils.java:logGet(43)) - raft.server.snapshot.auto.trigger.enabled = true (custom)
2019-08-09 04:06:09,900 INFO  server.RaftServerConfigKeys (ConfUtils.java:logGet(43)) - raft.server.snapshot.auto.trigger.threshold = 10000 (custom)
2019-08-09 04:06:09,900 INFO  server.RaftServerConfigKeys (ConfUtils.java:logGet(43)) - raft.server.retrycache.expirytime = 600000ms (custom)
2019-08-09 04:06:09,901 INFO  impl.RaftServerImpl (RaftServerImpl.java:start(180)) - 0ce5e6cd-8de3-45b3-81ac-211d253ac858: start group-593EFE2C8980
2019-08-09 04:06:09,901 INFO  impl.RaftServerImpl (RaftServerImpl.java:setRole(171)) - 0ce5e6cd-8de3-45b3-81ac-211d253ac858:group-593EFE2C8980 changes role from null to FOLLOWER at term 0 for startAsFollower
2019-08-09 04:06:09,901 INFO  impl.RoleInfo (RoleInfo.java:updateAndGet(143)) - 0ce5e6cd-8de3-45b3-81ac-211d253ac858: start FollowerState
2019-08-09 04:06:09,902 INFO  util.JmxRegister (JmxRegister.java:tryRegister(44)) - Successfully registered JMX Bean with object name Ratis:service=RaftServer,group=group-593EFE2C8980,id=0ce5e6cd-8de3-45b3-81ac-211d253ac858
2019-08-09 04:06:09,911 INFO  pipeline.PipelineStateManager (PipelineStateManager.java:addPipeline(56)) - Created pipeline Pipeline[ Id: fd094217-0dba-4c05-8c54-593efe2c8980, Nodes: 0ce5e6cd-8de3-45b3-81ac-211d253ac858{ip: 192.168.157.225, host: byscane-nightly-vbjp7-3883395574, networkLocation: /default-rack, certSerialId: null}, Type:RATIS, Factor:ONE, State:OPEN]
2019-08-09 04:06:09,927 INFO  impl.RaftServerProxy (RaftServerProxy.java:addNew(89)) - b5d56376-e826-428b-9b7e-6c1b10865261: addNew group-8E93204D98D2:[b5d56376-e826-428b-9b7e-6c1b10865261:192.168.157.225:40329] returns group-8E93204D98D2:java.util.concurrent.CompletableFuture@710b0e0b[Not completed]
2019-08-09 04:06:09,932 INFO  impl.RaftServerImpl (RaftServerImpl.java:<init>(93)) - b5d56376-e826-428b-9b7e-6c1b10865261: new RaftServerImpl for group-8E93204D98D2:[b5d56376-e826-428b-9b7e-6c1b10865261:192.168.157.225:40329] with ContainerStateMachine:uninitialized
2019-08-09 04:06:09,932 INFO  server.RaftServerConfigKeys (ConfUtils.java:logGet(43)) - raft.server.rpc.timeout.min = 5s (custom)
2019-08-09 04:06:09,933 INFO  server.RaftServerConfigKeys (ConfUtils.java:logGet(43)) - raft.server.rpc.timeout.max = 5200ms (custom)
2019-08-09 04:06:09,933 INFO  server.RaftServerConfigKeys (ConfUtils.java:logGet(43)) - raft.server.rpcslowness.timeout = 120s (custom)
2019-08-09 04:06:09,933 INFO  server.RaftServerConfigKeys (ConfUtils.java:logGet(43)) - raft.server.sleep.deviation.threshold = 300 (default)
2019-08-09 04:06:09,933 INFO  server.RaftServerConfigKeys (ConfUtils.java:logGet(43)) - raft.server.log.appender.install.snapshot.enabled = false (custom)
2019-08-09 04:06:09,933 INFO  impl.RaftServerImpl (ServerState.java:<init>(105)) - b5d56376-e826-428b-9b7e-6c1b10865261:group-8E93204D98D2 ConfigurationManager, init=-1: [b5d56376-e826-428b-9b7e-6c1b10865261:192.168.157.225:40329], old=null, confs=<EMPTY_MAP>
2019-08-09 04:06:09,934 INFO  server.RaftServerConfigKeys (ConfUtils.java:logGet(43)) - raft.server.storage.dir = [/workdir/hadoop-ozone/integration-test/target/test-dir/MiniOzoneClusterImpl-ec6279a4-115b-4ea2-96cc-fb2f3d2234fd/datanode-4/data/ratis] (custom)
2019-08-09 04:06:09,934 INFO  storage.RaftStorageDirectory (RaftStorageDirectory.java:analyzeStorage(246)) - The storage directory /workdir/hadoop-ozone/integration-test/target/test-dir/MiniOzoneClusterImpl-ec6279a4-115b-4ea2-96cc-fb2f3d2234fd/datanode-4/data/ratis/5d4280e4-c02e-445b-9245-8e93204d98d2 does not exist. Creating ...
2019-08-09 04:06:09,947 INFO  storage.RaftStorageDirectory (RaftStorageDirectory.java:tryLock(328)) - Lock on /workdir/hadoop-ozone/integration-test/target/test-dir/MiniOzoneClusterImpl-ec6279a4-115b-4ea2-96cc-fb2f3d2234fd/datanode-4/data/ratis/5d4280e4-c02e-445b-9245-8e93204d98d2/in_use.lock acquired by nodename 2140@byscane-nightly-vbjp7-3883395574
2019-08-09 04:06:09,959 INFO  storage.RaftStorage (RaftStorage.java:format(72)) - Storage directory /workdir/hadoop-ozone/integration-test/target/test-dir/MiniOzoneClusterImpl-ec6279a4-115b-4ea2-96cc-fb2f3d2234fd/datanode-4/data/ratis/5d4280e4-c02e-445b-9245-8e93204d98d2 has been successfully formatted.
2019-08-09 04:06:09,960 INFO  ratis.ContainerStateMachine (ContainerStateMachine.java:loadSnapshot(213)) - group-8E93204D98D2: The snapshot info is null. Setting the last applied indexto:(t:0, i:~)
2019-08-09 04:06:09,960 INFO  server.RaftServerConfigKeys (ConfUtils.java:logGet(43)) - raft.server.leader.election.timeout = 120s (custom)
2019-08-09 04:06:09,960 INFO  server.RaftServerConfigKeys (ConfUtils.java:logGet(43)) - raft.server.log.use.memory = false (default)
2019-08-09 04:06:09,960 INFO  server.RaftServerConfigKeys (ConfUtils.java:logGet(43)) - raft.server.log.purge.gap = 1000000000 (custom)
2019-08-09 04:06:09,961 INFO  server.RaftServerConfigKeys (ConfUtils.java:logGet(43)) - raft.server.log.appender.buffer.byte-limit = 33554432 (custom)
2019-08-09 04:06:09,961 INFO  server.RaftServerConfigKeys (ConfUtils.java:logGet(43)) - raft.server.log.segment.size.max = 1048576 (custom)
2019-08-09 04:06:09,961 INFO  server.RaftServerConfigKeys (ConfUtils.java:logGet(43)) - raft.server.log.segment.cache.num.max = 2 (custom)
2019-08-09 04:06:09,961 INFO  segmented.SegmentedRaftLogWorker (SegmentedRaftLogWorker.java:<init>(172)) - new b5d56376-e826-428b-9b7e-6c1b10865261-SegmentedRaftLogWorker:Storage Directory /workdir/hadoop-ozone/integration-test/target/test-dir/MiniOzoneClusterImpl-ec6279a4-115b-4ea2-96cc-fb2f3d2234fd/datanode-4/data/ratis/5d4280e4-c02e-445b-9245-8e93204d98d2 for RaftStorage:Storage Directory /workdir/hadoop-ozone/integration-test/target/test-dir/MiniOzoneClusterImpl-ec6279a4-115b-4ea2-96cc-fb2f3d2234fd/datanode-4/data/ratis/5d4280e4-c02e-445b-9245-8e93204d98d2
2019-08-09 04:06:09,961 INFO  server.RaftServerConfigKeys (ConfUtils.java:logGet(43)) - raft.server.log.queue.byte-limit = 2147483647 (custom)
2019-08-09 04:06:09,961 INFO  server.RaftServerConfigKeys (ConfUtils.java:logGet(43)) - raft.server.log.queue.element-limit = 1024 (custom)
2019-08-09 04:06:09,962 INFO  server.RaftServerConfigKeys (ConfUtils.java:logGet(43)) - raft.server.log.segment.size.max = 1048576 (custom)
2019-08-09 04:06:09,962 INFO  server.RaftServerConfigKeys (ConfUtils.java:logGet(43)) - raft.server.log.preallocated.size = 16384 (custom)
2019-08-09 04:06:09,962 INFO  server.RaftServerConfigKeys (ConfUtils.java:logGet(43)) - raft.server.log.write.buffer.size = 33554432 (custom)
2019-08-09 04:06:09,962 INFO  server.RaftServerConfigKeys (ConfUtils.java:logGet(43)) - raft.server.log.force.sync.num = 128 (default)
2019-08-09 04:06:09,962 INFO  server.RaftServerConfigKeys (ConfUtils.java:logGet(43)) - raft.server.log.statemachine.data.sync = true (default)
2019-08-09 04:06:09,963 INFO  server.RaftServerConfigKeys (ConfUtils.java:logGet(43)) - raft.server.log.statemachine.data.sync.timeout = 10s (default)
2019-08-09 04:06:09,963 INFO  server.RaftServerConfigKeys (ConfUtils.java:logGet(43)) - raft.server.log.statemachine.data.sync.timeout.retry = -1 (default)
2019-08-09 04:06:09,963 INFO  server.RaftServerConfigKeys (ConfUtils.java:logGet(43)) - raft.server.log.statemachine.data.caching.enabled = true (custom)
2019-08-09 04:06:09,963 INFO  segmented.SegmentedRaftLogWorker (SegmentedRaftLogWorker.java:lambda$new$0(132)) - b5d56376-e826-428b-9b7e-6c1b10865261-SegmentedRaftLogWorker:Storage Directory /workdir/hadoop-ozone/integration-test/target/test-dir/MiniOzoneClusterImpl-ec6279a4-115b-4ea2-96cc-fb2f3d2234fd/datanode-4/data/ratis/5d4280e4-c02e-445b-9245-8e93204d98d2: flushIndex: setUnconditionally 0 -> -1
2019-08-09 04:06:09,964 INFO  server.RaftServerConfigKeys (ConfUtils.java:logGet(43)) - raft.server.snapshot.auto.trigger.enabled = true (custom)
2019-08-09 04:06:09,964 INFO  server.RaftServerConfigKeys (ConfUtils.java:logGet(43)) - raft.server.snapshot.auto.trigger.threshold = 10000 (custom)
2019-08-09 04:06:09,964 INFO  server.RaftServerConfigKeys (ConfUtils.java:logGet(43)) - raft.server.retrycache.expirytime = 600000ms (custom)
2019-08-09 04:06:09,965 INFO  impl.RaftServerImpl (RaftServerImpl.java:start(180)) - b5d56376-e826-428b-9b7e-6c1b10865261: start group-8E93204D98D2
2019-08-09 04:06:09,965 INFO  impl.RaftServerImpl (RaftServerImpl.java:setRole(171)) - b5d56376-e826-428b-9b7e-6c1b10865261:group-8E93204D98D2 changes role from null to FOLLOWER at term 0 for startAsFollower
2019-08-09 04:06:09,965 INFO  impl.RoleInfo (RoleInfo.java:updateAndGet(143)) - b5d56376-e826-428b-9b7e-6c1b10865261: start FollowerState
2019-08-09 04:06:09,965 INFO  util.JmxRegister (JmxRegister.java:tryRegister(44)) - Successfully registered JMX Bean with object name Ratis:service=RaftServer,group=group-8E93204D98D2,id=b5d56376-e826-428b-9b7e-6c1b10865261
2019-08-09 04:06:09,986 INFO  pipeline.PipelineStateManager (PipelineStateManager.java:addPipeline(56)) - Created pipeline Pipeline[ Id: 5d4280e4-c02e-445b-9245-8e93204d98d2, Nodes: b5d56376-e826-428b-9b7e-6c1b10865261{ip: 192.168.157.225, host: byscane-nightly-vbjp7-3883395574, networkLocation: /default-rack, certSerialId: null}, Type:RATIS, Factor:ONE, State:OPEN]
2019-08-09 04:06:10,026 INFO  impl.RaftServerProxy (RaftServerProxy.java:addNew(89)) - c2523a8d-fb10-4a6c-9103-7ce8cd297fa3: addNew group-4F6DA14AFD69:[273743e4-f594-495f-8d4d-0ec9e58aa536:192.168.157.225:42943, ee6f2503-878b-43f1-960a-6bf65f2ea515:192.168.157.225:35407, c2523a8d-fb10-4a6c-9103-7ce8cd297fa3:192.168.157.225:37055] returns group-4F6DA14AFD69:java.util.concurrent.CompletableFuture@4b917b1c[Not completed]
2019-08-09 04:06:10,029 INFO  impl.RaftServerImpl (RaftServerImpl.java:<init>(93)) - c2523a8d-fb10-4a6c-9103-7ce8cd297fa3: new RaftServerImpl for group-4F6DA14AFD69:[273743e4-f594-495f-8d4d-0ec9e58aa536:192.168.157.225:42943, ee6f2503-878b-43f1-960a-6bf65f2ea515:192.168.157.225:35407, c2523a8d-fb10-4a6c-9103-7ce8cd297fa3:192.168.157.225:37055] with ContainerStateMachine:uninitialized
2019-08-09 04:06:10,029 INFO  impl.RaftServerProxy (RaftServerProxy.java:addNew(89)) - 273743e4-f594-495f-8d4d-0ec9e58aa536: addNew group-4F6DA14AFD69:[273743e4-f594-495f-8d4d-0ec9e58aa536:192.168.157.225:42943, ee6f2503-878b-43f1-960a-6bf65f2ea515:192.168.157.225:35407, c2523a8d-fb10-4a6c-9103-7ce8cd297fa3:192.168.157.225:37055] returns group-4F6DA14AFD69:java.util.concurrent.CompletableFuture@e93fc0a[Not completed]
2019-08-09 04:06:10,030 INFO  impl.RaftServerProxy (RaftServerProxy.java:addNew(89)) - ee6f2503-878b-43f1-960a-6bf65f2ea515: addNew group-4F6DA14AFD69:[273743e4-f594-495f-8d4d-0ec9e58aa536:192.168.157.225:42943, ee6f2503-878b-43f1-960a-6bf65f2ea515:192.168.157.225:35407, c2523a8d-fb10-4a6c-9103-7ce8cd297fa3:192.168.157.225:37055] returns group-4F6DA14AFD69:java.util.concurrent.CompletableFuture@301e789e[Not completed]
2019-08-09 04:06:10,030 INFO  server.RaftServerConfigKeys (ConfUtils.java:logGet(43)) - raft.server.rpc.timeout.min = 5s (custom)
2019-08-09 04:06:10,030 INFO  server.RaftServerConfigKeys (ConfUtils.java:logGet(43)) - raft.server.rpc.timeout.max = 5200ms (custom)
2019-08-09 04:06:10,031 INFO  server.RaftServerConfigKeys (ConfUtils.java:logGet(43)) - raft.server.rpcslowness.timeout = 120s (custom)
2019-08-09 04:06:10,031 INFO  server.RaftServerConfigKeys (ConfUtils.java:logGet(43)) - raft.server.sleep.deviation.threshold = 300 (default)
2019-08-09 04:06:10,031 INFO  impl.RaftServerImpl (RaftServerImpl.java:<init>(93)) - 273743e4-f594-495f-8d4d-0ec9e58aa536: new RaftServerImpl for group-4F6DA14AFD69:[273743e4-f594-495f-8d4d-0ec9e58aa536:192.168.157.225:42943, ee6f2503-878b-43f1-960a-6bf65f2ea515:192.168.157.225:35407, c2523a8d-fb10-4a6c-9103-7ce8cd297fa3:192.168.157.225:37055] with ContainerStateMachine:uninitialized
2019-08-09 04:06:10,031 INFO  server.RaftServerConfigKeys (ConfUtils.java:logGet(43)) - raft.server.log.appender.install.snapshot.enabled = false (custom)
2019-08-09 04:06:10,031 INFO  server.RaftServerConfigKeys (ConfUtils.java:logGet(43)) - raft.server.rpc.timeout.min = 5s (custom)
2019-08-09 04:06:10,031 INFO  impl.RaftServerImpl (ServerState.java:<init>(105)) - c2523a8d-fb10-4a6c-9103-7ce8cd297fa3:group-4F6DA14AFD69 ConfigurationManager, init=-1: [273743e4-f594-495f-8d4d-0ec9e58aa536:192.168.157.225:42943, ee6f2503-878b-43f1-960a-6bf65f2ea515:192.168.157.225:35407, c2523a8d-fb10-4a6c-9103-7ce8cd297fa3:192.168.157.225:37055], old=null, confs=<EMPTY_MAP>
2019-08-09 04:06:10,032 INFO  impl.RaftServerImpl (RaftServerImpl.java:<init>(93)) - ee6f2503-878b-43f1-960a-6bf65f2ea515: new RaftServerImpl for group-4F6DA14AFD69:[273743e4-f594-495f-8d4d-0ec9e58aa536:192.168.157.225:42943, ee6f2503-878b-43f1-960a-6bf65f2ea515:192.168.157.225:35407, c2523a8d-fb10-4a6c-9103-7ce8cd297fa3:192.168.157.225:37055] with ContainerStateMachine:uninitialized
2019-08-09 04:06:10,032 INFO  server.RaftServerConfigKeys (ConfUtils.java:logGet(43)) - raft.server.rpc.timeout.max = 5200ms (custom)
2019-08-09 04:06:10,032 INFO  server.RaftServerConfigKeys (ConfUtils.java:logGet(43)) - raft.server.storage.dir = [/workdir/hadoop-ozone/integration-test/target/test-dir/MiniOzoneClusterImpl-ec6279a4-115b-4ea2-96cc-fb2f3d2234fd/datanode-3/data/ratis] (custom)
2019-08-09 04:06:10,032 INFO  server.RaftServerConfigKeys (ConfUtils.java:logGet(43)) - raft.server.rpc.timeout.min = 5s (custom)
2019-08-09 04:06:10,032 INFO  server.RaftServerConfigKeys (ConfUtils.java:logGet(43)) - raft.server.rpcslowness.timeout = 120s (custom)
2019-08-09 04:06:10,032 INFO  server.RaftServerConfigKeys (ConfUtils.java:logGet(43)) - raft.server.rpc.timeout.max = 5200ms (custom)
2019-08-09 04:06:10,032 INFO  storage.RaftStorageDirectory (RaftStorageDirectory.java:analyzeStorage(246)) - The storage directory /workdir/hadoop-ozone/integration-test/target/test-dir/MiniOzoneClusterImpl-ec6279a4-115b-4ea2-96cc-fb2f3d2234fd/datanode-3/data/ratis/d5e552a7-1e56-48d4-9d0b-4f6da14afd69 does not exist. Creating ...
2019-08-09 04:06:10,032 INFO  server.RaftServerConfigKeys (ConfUtils.java:logGet(43)) - raft.server.rpcslowness.timeout = 120s (custom)
2019-08-09 04:06:10,032 INFO  server.RaftServerConfigKeys (ConfUtils.java:logGet(43)) - raft.server.sleep.deviation.threshold = 300 (default)
2019-08-09 04:06:10,033 INFO  server.RaftServerConfigKeys (ConfUtils.java:logGet(43)) - raft.server.sleep.deviation.threshold = 300 (default)
2019-08-09 04:06:10,033 INFO  server.RaftServerConfigKeys (ConfUtils.java:logGet(43)) - raft.server.log.appender.install.snapshot.enabled = false (custom)
2019-08-09 04:06:10,033 INFO  server.RaftServerConfigKeys (ConfUtils.java:logGet(43)) - raft.server.log.appender.install.snapshot.enabled = false (custom)
2019-08-09 04:06:10,033 INFO  impl.RaftServerImpl (ServerState.java:<init>(105)) - 273743e4-f594-495f-8d4d-0ec9e58aa536:group-4F6DA14AFD69 ConfigurationManager, init=-1: [273743e4-f594-495f-8d4d-0ec9e58aa536:192.168.157.225:42943, ee6f2503-878b-43f1-960a-6bf65f2ea515:192.168.157.225:35407, c2523a8d-fb10-4a6c-9103-7ce8cd297fa3:192.168.157.225:37055], old=null, confs=<EMPTY_MAP>
2019-08-09 04:06:10,033 INFO  impl.RaftServerImpl (ServerState.java:<init>(105)) - ee6f2503-878b-43f1-960a-6bf65f2ea515:group-4F6DA14AFD69 ConfigurationManager, init=-1: [273743e4-f594-495f-8d4d-0ec9e58aa536:192.168.157.225:42943, ee6f2503-878b-43f1-960a-6bf65f2ea515:192.168.157.225:35407, c2523a8d-fb10-4a6c-9103-7ce8cd297fa3:192.168.157.225:37055], old=null, confs=<EMPTY_MAP>
2019-08-09 04:06:10,033 INFO  server.RaftServerConfigKeys (ConfUtils.java:logGet(43)) - raft.server.storage.dir = [/workdir/hadoop-ozone/integration-test/target/test-dir/MiniOzoneClusterImpl-ec6279a4-115b-4ea2-96cc-fb2f3d2234fd/datanode-0/data/ratis] (custom)
2019-08-09 04:06:10,034 INFO  server.RaftServerConfigKeys (ConfUtils.java:logGet(43)) - raft.server.storage.dir = [/workdir/hadoop-ozone/integration-test/target/test-dir/MiniOzoneClusterImpl-ec6279a4-115b-4ea2-96cc-fb2f3d2234fd/datanode-1/data/ratis] (custom)
2019-08-09 04:06:10,034 INFO  storage.RaftStorageDirectory (RaftStorageDirectory.java:analyzeStorage(246)) - The storage directory /workdir/hadoop-ozone/integration-test/target/test-dir/MiniOzoneClusterImpl-ec6279a4-115b-4ea2-96cc-fb2f3d2234fd/datanode-0/data/ratis/d5e552a7-1e56-48d4-9d0b-4f6da14afd69 does not exist. Creating ...
2019-08-09 04:06:10,034 INFO  storage.RaftStorageDirectory (RaftStorageDirectory.java:analyzeStorage(246)) - The storage directory /workdir/hadoop-ozone/integration-test/target/test-dir/MiniOzoneClusterImpl-ec6279a4-115b-4ea2-96cc-fb2f3d2234fd/datanode-1/data/ratis/d5e552a7-1e56-48d4-9d0b-4f6da14afd69 does not exist. Creating ...
2019-08-09 04:06:10,058 INFO  storage.RaftStorageDirectory (RaftStorageDirectory.java:tryLock(328)) - Lock on /workdir/hadoop-ozone/integration-test/target/test-dir/MiniOzoneClusterImpl-ec6279a4-115b-4ea2-96cc-fb2f3d2234fd/datanode-3/data/ratis/d5e552a7-1e56-48d4-9d0b-4f6da14afd69/in_use.lock acquired by nodename 2140@byscane-nightly-vbjp7-3883395574
2019-08-09 04:06:10,058 INFO  storage.RaftStorageDirectory (RaftStorageDirectory.java:tryLock(328)) - Lock on /workdir/hadoop-ozone/integration-test/target/test-dir/MiniOzoneClusterImpl-ec6279a4-115b-4ea2-96cc-fb2f3d2234fd/datanode-0/data/ratis/d5e552a7-1e56-48d4-9d0b-4f6da14afd69/in_use.lock acquired by nodename 2140@byscane-nightly-vbjp7-3883395574
2019-08-09 04:06:10,058 INFO  storage.RaftStorageDirectory (RaftStorageDirectory.java:tryLock(328)) - Lock on /workdir/hadoop-ozone/integration-test/target/test-dir/MiniOzoneClusterImpl-ec6279a4-115b-4ea2-96cc-fb2f3d2234fd/datanode-1/data/ratis/d5e552a7-1e56-48d4-9d0b-4f6da14afd69/in_use.lock acquired by nodename 2140@byscane-nightly-vbjp7-3883395574
2019-08-09 04:06:10,072 INFO  storage.RaftStorage (RaftStorage.java:format(72)) - Storage directory /workdir/hadoop-ozone/integration-test/target/test-dir/MiniOzoneClusterImpl-ec6279a4-115b-4ea2-96cc-fb2f3d2234fd/datanode-1/data/ratis/d5e552a7-1e56-48d4-9d0b-4f6da14afd69 has been successfully formatted.
2019-08-09 04:06:10,072 INFO  storage.RaftStorage (RaftStorage.java:format(72)) - Storage directory /workdir/hadoop-ozone/integration-test/target/test-dir/MiniOzoneClusterImpl-ec6279a4-115b-4ea2-96cc-fb2f3d2234fd/datanode-0/data/ratis/d5e552a7-1e56-48d4-9d0b-4f6da14afd69 has been successfully formatted.
2019-08-09 04:06:10,072 INFO  storage.RaftStorage (RaftStorage.java:format(72)) - Storage directory /workdir/hadoop-ozone/integration-test/target/test-dir/MiniOzoneClusterImpl-ec6279a4-115b-4ea2-96cc-fb2f3d2234fd/datanode-3/data/ratis/d5e552a7-1e56-48d4-9d0b-4f6da14afd69 has been successfully formatted.
2019-08-09 04:06:10,073 INFO  ratis.ContainerStateMachine (ContainerStateMachine.java:loadSnapshot(213)) - group-4F6DA14AFD69: The snapshot info is null. Setting the last applied indexto:(t:0, i:~)
2019-08-09 04:06:10,073 INFO  ratis.ContainerStateMachine (ContainerStateMachine.java:loadSnapshot(213)) - group-4F6DA14AFD69: The snapshot info is null. Setting the last applied indexto:(t:0, i:~)
2019-08-09 04:06:10,073 INFO  ratis.ContainerStateMachine (ContainerStateMachine.java:loadSnapshot(213)) - group-4F6DA14AFD69: The snapshot info is null. Setting the last applied indexto:(t:0, i:~)
2019-08-09 04:06:10,073 INFO  server.RaftServerConfigKeys (ConfUtils.java:logGet(43)) - raft.server.leader.election.timeout = 120s (custom)
2019-08-09 04:06:10,073 INFO  server.RaftServerConfigKeys (ConfUtils.java:logGet(43)) - raft.server.leader.election.timeout = 120s (custom)
2019-08-09 04:06:10,073 INFO  server.RaftServerConfigKeys (ConfUtils.java:logGet(43)) - raft.server.log.use.memory = false (default)
2019-08-09 04:06:10,073 INFO  server.RaftServerConfigKeys (ConfUtils.java:logGet(43)) - raft.server.leader.election.timeout = 120s (custom)
2019-08-09 04:06:10,074 INFO  server.RaftServerConfigKeys (ConfUtils.java:logGet(43)) - raft.server.log.purge.gap = 1000000000 (custom)
2019-08-09 04:06:10,074 INFO  server.RaftServerConfigKeys (ConfUtils.java:logGet(43)) - raft.server.log.use.memory = false (default)
2019-08-09 04:06:10,074 INFO  server.RaftServerConfigKeys (ConfUtils.java:logGet(43)) - raft.server.log.appender.buffer.byte-limit = 33554432 (custom)
2019-08-09 04:06:10,074 INFO  server.RaftServerConfigKeys (ConfUtils.java:logGet(43)) - raft.server.log.use.memory = false (default)
2019-08-09 04:06:10,074 INFO  server.RaftServerConfigKeys (ConfUtils.java:logGet(43)) - raft.server.log.segment.size.max = 1048576 (custom)
2019-08-09 04:06:10,074 INFO  server.RaftServerConfigKeys (ConfUtils.java:logGet(43)) - raft.server.log.purge.gap = 1000000000 (custom)
2019-08-09 04:06:10,075 INFO  server.RaftServerConfigKeys (ConfUtils.java:logGet(43)) - raft.server.log.segment.cache.num.max = 2 (custom)
2019-08-09 04:06:10,074 INFO  server.RaftServerConfigKeys (ConfUtils.java:logGet(43)) - raft.server.log.purge.gap = 1000000000 (custom)
2019-08-09 04:06:10,075 INFO  segmented.SegmentedRaftLogWorker (SegmentedRaftLogWorker.java:<init>(172)) - new c2523a8d-fb10-4a6c-9103-7ce8cd297fa3-SegmentedRaftLogWorker:Storage Directory /workdir/hadoop-ozone/integration-test/target/test-dir/MiniOzoneClusterImpl-ec6279a4-115b-4ea2-96cc-fb2f3d2234fd/datanode-3/data/ratis/d5e552a7-1e56-48d4-9d0b-4f6da14afd69 for RaftStorage:Storage Directory /workdir/hadoop-ozone/integration-test/target/test-dir/MiniOzoneClusterImpl-ec6279a4-115b-4ea2-96cc-fb2f3d2234fd/datanode-3/data/ratis/d5e552a7-1e56-48d4-9d0b-4f6da14afd69
2019-08-09 04:06:10,075 INFO  server.RaftServerConfigKeys (ConfUtils.java:logGet(43)) - raft.server.log.appender.buffer.byte-limit = 33554432 (custom)
2019-08-09 04:06:10,075 INFO  server.RaftServerConfigKeys (ConfUtils.java:logGet(43)) - raft.server.log.queue.byte-limit = 2147483647 (custom)
2019-08-09 04:06:10,075 INFO  server.RaftServerConfigKeys (ConfUtils.java:logGet(43)) - raft.server.log.appender.buffer.byte-limit = 33554432 (custom)
2019-08-09 04:06:10,077 INFO  server.RaftServerConfigKeys (ConfUtils.java:logGet(43)) - raft.server.log.queue.element-limit = 1024 (custom)
2019-08-09 04:06:10,075 INFO  server.RaftServerConfigKeys (ConfUtils.java:logGet(43)) - raft.server.log.segment.size.max = 1048576 (custom)
2019-08-09 04:06:10,078 INFO  server.RaftServerConfigKeys (ConfUtils.java:logGet(43)) - raft.server.log.segment.size.max = 1048576 (custom)
2019-08-09 04:06:10,078 INFO  server.RaftServerConfigKeys (ConfUtils.java:logGet(43)) - raft.server.log.segment.size.max = 1048576 (custom)
2019-08-09 04:06:10,078 INFO  server.RaftServerConfigKeys (ConfUtils.java:logGet(43)) - raft.server.log.preallocated.size = 16384 (custom)
2019-08-09 04:06:10,078 INFO  server.RaftServerConfigKeys (ConfUtils.java:logGet(43)) - raft.server.log.segment.cache.num.max = 2 (custom)
2019-08-09 04:06:10,078 INFO  server.RaftServerConfigKeys (ConfUtils.java:logGet(43)) - raft.server.log.write.buffer.size = 33554432 (custom)
2019-08-09 04:06:10,078 INFO  server.RaftServerConfigKeys (ConfUtils.java:logGet(43)) - raft.server.log.segment.cache.num.max = 2 (custom)
2019-08-09 04:06:10,079 INFO  server.RaftServerConfigKeys (ConfUtils.java:logGet(43)) - raft.server.log.force.sync.num = 128 (default)
2019-08-09 04:06:10,079 INFO  segmented.SegmentedRaftLogWorker (SegmentedRaftLogWorker.java:<init>(172)) - new ee6f2503-878b-43f1-960a-6bf65f2ea515-SegmentedRaftLogWorker:Storage Directory /workdir/hadoop-ozone/integration-test/target/test-dir/MiniOzoneClusterImpl-ec6279a4-115b-4ea2-96cc-fb2f3d2234fd/datanode-1/data/ratis/d5e552a7-1e56-48d4-9d0b-4f6da14afd69 for RaftStorage:Storage Directory /workdir/hadoop-ozone/integration-test/target/test-dir/MiniOzoneClusterImpl-ec6279a4-115b-4ea2-96cc-fb2f3d2234fd/datanode-1/data/ratis/d5e552a7-1e56-48d4-9d0b-4f6da14afd69
2019-08-09 04:06:10,079 INFO  server.RaftServerConfigKeys (ConfUtils.java:logGet(43)) - raft.server.log.statemachine.data.sync = true (default)
2019-08-09 04:06:10,079 INFO  segmented.SegmentedRaftLogWorker (SegmentedRaftLogWorker.java:<init>(172)) - new 273743e4-f594-495f-8d4d-0ec9e58aa536-SegmentedRaftLogWorker:Storage Directory /workdir/hadoop-ozone/integration-test/target/test-dir/MiniOzoneClusterImpl-ec6279a4-115b-4ea2-96cc-fb2f3d2234fd/datanode-0/data/ratis/d5e552a7-1e56-48d4-9d0b-4f6da14afd69 for RaftStorage:Storage Directory /workdir/hadoop-ozone/integration-test/target/test-dir/MiniOzoneClusterImpl-ec6279a4-115b-4ea2-96cc-fb2f3d2234fd/datanode-0/data/ratis/d5e552a7-1e56-48d4-9d0b-4f6da14afd69
2019-08-09 04:06:10,079 INFO  server.RaftServerConfigKeys (ConfUtils.java:logGet(43)) - raft.server.log.statemachine.data.sync.timeout = 10s (default)
2019-08-09 04:06:10,079 INFO  server.RaftServerConfigKeys (ConfUtils.java:logGet(43)) - raft.server.log.queue.byte-limit = 2147483647 (custom)
2019-08-09 04:06:10,081 INFO  server.RaftServerConfigKeys (ConfUtils.java:logGet(43)) - raft.server.log.statemachine.data.sync.timeout.retry = -1 (default)
2019-08-09 04:06:10,081 INFO  server.RaftServerConfigKeys (ConfUtils.java:logGet(43)) - raft.server.log.queue.byte-limit = 2147483647 (custom)
2019-08-09 04:06:10,083 INFO  server.RaftServerConfigKeys (ConfUtils.java:logGet(43)) - raft.server.log.statemachine.data.caching.enabled = true (custom)
2019-08-09 04:06:10,083 INFO  server.RaftServerConfigKeys (ConfUtils.java:logGet(43)) - raft.server.log.queue.element-limit = 1024 (custom)
2019-08-09 04:06:10,083 INFO  server.RaftServerConfigKeys (ConfUtils.java:logGet(43)) - raft.server.log.queue.element-limit = 1024 (custom)
2019-08-09 04:06:10,084 INFO  server.RaftServerConfigKeys (ConfUtils.java:logGet(43)) - raft.server.log.segment.size.max = 1048576 (custom)
2019-08-09 04:06:10,084 INFO  segmented.SegmentedRaftLogWorker (SegmentedRaftLogWorker.java:lambda$new$0(132)) - c2523a8d-fb10-4a6c-9103-7ce8cd297fa3-SegmentedRaftLogWorker:Storage Directory /workdir/hadoop-ozone/integration-test/target/test-dir/MiniOzoneClusterImpl-ec6279a4-115b-4ea2-96cc-fb2f3d2234fd/datanode-3/data/ratis/d5e552a7-1e56-48d4-9d0b-4f6da14afd69: flushIndex: setUnconditionally 0 -> -1
2019-08-09 04:06:10,084 INFO  server.RaftServerConfigKeys (ConfUtils.java:logGet(43)) - raft.server.log.preallocated.size = 16384 (custom)
2019-08-09 04:06:10,084 INFO  server.RaftServerConfigKeys (ConfUtils.java:logGet(43)) - raft.server.log.segment.size.max = 1048576 (custom)
2019-08-09 04:06:10,084 INFO  server.RaftServerConfigKeys (ConfUtils.java:logGet(43)) - raft.server.snapshot.auto.trigger.enabled = true (custom)
2019-08-09 04:06:10,084 INFO  server.RaftServerConfigKeys (ConfUtils.java:logGet(43)) - raft.server.log.write.buffer.size = 33554432 (custom)
2019-08-09 04:06:10,085 INFO  server.RaftServerConfigKeys (ConfUtils.java:logGet(43)) - raft.server.snapshot.auto.trigger.threshold = 10000 (custom)
2019-08-09 04:06:10,085 INFO  server.RaftServerConfigKeys (ConfUtils.java:logGet(43)) - raft.server.log.preallocated.size = 16384 (custom)
2019-08-09 04:06:10,085 INFO  server.RaftServerConfigKeys (ConfUtils.java:logGet(43)) - raft.server.retrycache.expirytime = 600000ms (custom)
2019-08-09 04:06:10,085 INFO  server.RaftServerConfigKeys (ConfUtils.java:logGet(43)) - raft.server.log.force.sync.num = 128 (default)
2019-08-09 04:06:10,085 INFO  impl.RaftServerImpl (RaftServerImpl.java:start(180)) - c2523a8d-fb10-4a6c-9103-7ce8cd297fa3: start group-4F6DA14AFD69
2019-08-09 04:06:10,085 INFO  server.RaftServerConfigKeys (ConfUtils.java:logGet(43)) - raft.server.log.write.buffer.size = 33554432 (custom)
2019-08-09 04:06:10,086 INFO  impl.RaftServerImpl (RaftServerImpl.java:setRole(171)) - c2523a8d-fb10-4a6c-9103-7ce8cd297fa3:group-4F6DA14AFD69 changes role from null to FOLLOWER at term 0 for startAsFollower
2019-08-09 04:06:10,086 INFO  server.RaftServerConfigKeys (ConfUtils.java:logGet(43)) - raft.server.log.statemachine.data.sync = true (default)
2019-08-09 04:06:10,086 INFO  impl.RoleInfo (RoleInfo.java:updateAndGet(143)) - c2523a8d-fb10-4a6c-9103-7ce8cd297fa3: start FollowerState
2019-08-09 04:06:10,086 INFO  server.RaftServerConfigKeys (ConfUtils.java:logGet(43)) - raft.server.log.force.sync.num = 128 (default)
2019-08-09 04:06:10,086 INFO  server.RaftServerConfigKeys (ConfUtils.java:logGet(43)) - raft.server.log.statemachine.data.sync.timeout = 10s (default)
2019-08-09 04:06:10,086 INFO  server.RaftServerConfigKeys (ConfUtils.java:logGet(43)) - raft.server.log.statemachine.data.sync = true (default)
2019-08-09 04:06:10,087 INFO  server.RaftServerConfigKeys (ConfUtils.java:logGet(43)) - raft.server.log.statemachine.data.sync.timeout.retry = -1 (default)
2019-08-09 04:06:10,087 INFO  util.JmxRegister (JmxRegister.java:tryRegister(44)) - Successfully registered JMX Bean with object name Ratis:service=RaftServer,group=group-4F6DA14AFD69,id=c2523a8d-fb10-4a6c-9103-7ce8cd297fa3
2019-08-09 04:06:10,087 INFO  server.RaftServerConfigKeys (ConfUtils.java:logGet(43)) - raft.server.log.statemachine.data.caching.enabled = true (custom)
2019-08-09 04:06:10,087 INFO  server.RaftServerConfigKeys (ConfUtils.java:logGet(43)) - raft.server.log.statemachine.data.sync.timeout = 10s (default)
2019-08-09 04:06:10,087 INFO  server.RaftServerConfigKeys (ConfUtils.java:logGet(43)) - raft.server.log.statemachine.data.sync.timeout.retry = -1 (default)
2019-08-09 04:06:10,087 INFO  segmented.SegmentedRaftLogWorker (SegmentedRaftLogWorker.java:lambda$new$0(132)) - ee6f2503-878b-43f1-960a-6bf65f2ea515-SegmentedRaftLogWorker:Storage Directory /workdir/hadoop-ozone/integration-test/target/test-dir/MiniOzoneClusterImpl-ec6279a4-115b-4ea2-96cc-fb2f3d2234fd/datanode-1/data/ratis/d5e552a7-1e56-48d4-9d0b-4f6da14afd69: flushIndex: setUnconditionally 0 -> -1
2019-08-09 04:06:10,088 INFO  server.RaftServerConfigKeys (ConfUtils.java:logGet(43)) - raft.server.log.statemachine.data.caching.enabled = true (custom)
2019-08-09 04:06:10,088 INFO  server.RaftServerConfigKeys (ConfUtils.java:logGet(43)) - raft.server.snapshot.auto.trigger.enabled = true (custom)
2019-08-09 04:06:10,088 INFO  segmented.SegmentedRaftLogWorker (SegmentedRaftLogWorker.java:lambda$new$0(132)) - 273743e4-f594-495f-8d4d-0ec9e58aa536-SegmentedRaftLogWorker:Storage Directory /workdir/hadoop-ozone/integration-test/target/test-dir/MiniOzoneClusterImpl-ec6279a4-115b-4ea2-96cc-fb2f3d2234fd/datanode-0/data/ratis/d5e552a7-1e56-48d4-9d0b-4f6da14afd69: flushIndex: setUnconditionally 0 -> -1
2019-08-09 04:06:10,088 INFO  server.RaftServerConfigKeys (ConfUtils.java:logGet(43)) - raft.server.snapshot.auto.trigger.threshold = 10000 (custom)
2019-08-09 04:06:10,089 INFO  server.RaftServerConfigKeys (ConfUtils.java:logGet(43)) - raft.server.snapshot.auto.trigger.enabled = true (custom)
2019-08-09 04:06:10,089 INFO  server.RaftServerConfigKeys (ConfUtils.java:logGet(43)) - raft.server.retrycache.expirytime = 600000ms (custom)
2019-08-09 04:06:10,089 INFO  server.RaftServerConfigKeys (ConfUtils.java:logGet(43)) - raft.server.snapshot.auto.trigger.threshold = 10000 (custom)
2019-08-09 04:06:10,089 INFO  impl.RaftServerImpl (RaftServerImpl.java:start(180)) - ee6f2503-878b-43f1-960a-6bf65f2ea515: start group-4F6DA14AFD69
2019-08-09 04:06:10,089 INFO  server.RaftServerConfigKeys (ConfUtils.java:logGet(43)) - raft.server.retrycache.expirytime = 600000ms (custom)
2019-08-09 04:06:10,089 INFO  impl.RaftServerImpl (RaftServerImpl.java:setRole(171)) - ee6f2503-878b-43f1-960a-6bf65f2ea515:group-4F6DA14AFD69 changes role from null to FOLLOWER at term 0 for startAsFollower
2019-08-09 04:06:10,089 INFO  impl.RaftServerImpl (RaftServerImpl.java:start(180)) - 273743e4-f594-495f-8d4d-0ec9e58aa536: start group-4F6DA14AFD69
2019-08-09 04:06:10,091 INFO  impl.RaftServerImpl (RaftServerImpl.java:setRole(171)) - 273743e4-f594-495f-8d4d-0ec9e58aa536:group-4F6DA14AFD69 changes role from null to FOLLOWER at term 0 for startAsFollower
2019-08-09 04:06:10,091 INFO  impl.RoleInfo (RoleInfo.java:updateAndGet(143)) - ee6f2503-878b-43f1-960a-6bf65f2ea515: start FollowerState
2019-08-09 04:06:10,091 INFO  impl.RoleInfo (RoleInfo.java:updateAndGet(143)) - 273743e4-f594-495f-8d4d-0ec9e58aa536: start FollowerState
2019-08-09 04:06:10,094 INFO  util.JmxRegister (JmxRegister.java:tryRegister(44)) - Successfully registered JMX Bean with object name Ratis:service=RaftServer,group=group-4F6DA14AFD69,id=ee6f2503-878b-43f1-960a-6bf65f2ea515
2019-08-09 04:06:10,094 INFO  util.JmxRegister (JmxRegister.java:tryRegister(44)) - Successfully registered JMX Bean with object name Ratis:service=RaftServer,group=group-4F6DA14AFD69,id=273743e4-f594-495f-8d4d-0ec9e58aa536
2019-08-09 04:06:10,115 INFO  pipeline.PipelineStateManager (PipelineStateManager.java:addPipeline(56)) - Created pipeline Pipeline[ Id: d5e552a7-1e56-48d4-9d0b-4f6da14afd69, Nodes: 273743e4-f594-495f-8d4d-0ec9e58aa536{ip: 192.168.157.225, host: byscane-nightly-vbjp7-3883395574, networkLocation: /default-rack, certSerialId: null}ee6f2503-878b-43f1-960a-6bf65f2ea515{ip: 192.168.157.225, host: byscane-nightly-vbjp7-3883395574, networkLocation: /default-rack, certSerialId: null}c2523a8d-fb10-4a6c-9103-7ce8cd297fa3{ip: 192.168.157.225, host: byscane-nightly-vbjp7-3883395574, networkLocation: /default-rack, certSerialId: null}, Type:RATIS, Factor:THREE, State:OPEN]
2019-08-09 04:06:10,153 INFO  impl.RaftServerProxy (RaftServerProxy.java:addNew(89)) - 38f913d1-9530-429d-b1f4-4288c213caa0: addNew group-0E8E625CCD0D:[0ce5e6cd-8de3-45b3-81ac-211d253ac858:192.168.157.225:34617, 38f913d1-9530-429d-b1f4-4288c213caa0:192.168.157.225:39873, 9ef1ccf9-27b0-4d20-ae16-b8d1ec02e178:192.168.157.225:35653] returns group-0E8E625CCD0D:java.util.concurrent.CompletableFuture@48a52f8d[Not completed]
2019-08-09 04:06:10,155 INFO  impl.RaftServerProxy (RaftServerProxy.java:addNew(89)) - 0ce5e6cd-8de3-45b3-81ac-211d253ac858: addNew group-0E8E625CCD0D:[0ce5e6cd-8de3-45b3-81ac-211d253ac858:192.168.157.225:34617, 38f913d1-9530-429d-b1f4-4288c213caa0:192.168.157.225:39873, 9ef1ccf9-27b0-4d20-ae16-b8d1ec02e178:192.168.157.225:35653] returns group-0E8E625CCD0D:java.util.concurrent.CompletableFuture@301959d[Not completed]
2019-08-09 04:06:10,157 INFO  impl.RaftServerProxy (RaftServerProxy.java:addNew(89)) - 9ef1ccf9-27b0-4d20-ae16-b8d1ec02e178: addNew group-0E8E625CCD0D:[0ce5e6cd-8de3-45b3-81ac-211d253ac858:192.168.157.225:34617, 38f913d1-9530-429d-b1f4-4288c213caa0:192.168.157.225:39873, 9ef1ccf9-27b0-4d20-ae16-b8d1ec02e178:192.168.157.225:35653] returns group-0E8E625CCD0D:java.util.concurrent.CompletableFuture@61f71bc4[Not completed]
2019-08-09 04:06:10,157 INFO  impl.RaftServerImpl (RaftServerImpl.java:<init>(93)) - 38f913d1-9530-429d-b1f4-4288c213caa0: new RaftServerImpl for group-0E8E625CCD0D:[0ce5e6cd-8de3-45b3-81ac-211d253ac858:192.168.157.225:34617, 38f913d1-9530-429d-b1f4-4288c213caa0:192.168.157.225:39873, 9ef1ccf9-27b0-4d20-ae16-b8d1ec02e178:192.168.157.225:35653] with ContainerStateMachine:uninitialized
2019-08-09 04:06:10,158 INFO  server.RaftServerConfigKeys (ConfUtils.java:logGet(43)) - raft.server.rpc.timeout.min = 5s (custom)
2019-08-09 04:06:10,158 INFO  server.RaftServerConfigKeys (ConfUtils.java:logGet(43)) - raft.server.rpc.timeout.max = 5200ms (custom)
2019-08-09 04:06:10,158 INFO  server.RaftServerConfigKeys (ConfUtils.java:logGet(43)) - raft.server.rpcslowness.timeout = 120s (custom)
2019-08-09 04:06:10,158 INFO  server.RaftServerConfigKeys (ConfUtils.java:logGet(43)) - raft.server.sleep.deviation.threshold = 300 (default)
2019-08-09 04:06:10,158 INFO  server.RaftServerConfigKeys (ConfUtils.java:logGet(43)) - raft.server.log.appender.install.snapshot.enabled = false (custom)
2019-08-09 04:06:10,158 INFO  impl.RaftServerImpl (ServerState.java:<init>(105)) - 38f913d1-9530-429d-b1f4-4288c213caa0:group-0E8E625CCD0D ConfigurationManager, init=-1: [0ce5e6cd-8de3-45b3-81ac-211d253ac858:192.168.157.225:34617, 38f913d1-9530-429d-b1f4-4288c213caa0:192.168.157.225:39873, 9ef1ccf9-27b0-4d20-ae16-b8d1ec02e178:192.168.157.225:35653], old=null, confs=<EMPTY_MAP>
2019-08-09 04:06:10,159 INFO  impl.RaftServerImpl (RaftServerImpl.java:<init>(93)) - 0ce5e6cd-8de3-45b3-81ac-211d253ac858: new RaftServerImpl for group-0E8E625CCD0D:[0ce5e6cd-8de3-45b3-81ac-211d253ac858:192.168.157.225:34617, 38f913d1-9530-429d-b1f4-4288c213caa0:192.168.157.225:39873, 9ef1ccf9-27b0-4d20-ae16-b8d1ec02e178:192.168.157.225:35653] with ContainerStateMachine:uninitialized
2019-08-09 04:06:10,159 INFO  server.RaftServerConfigKeys (ConfUtils.java:logGet(43)) - raft.server.storage.dir = [/workdir/hadoop-ozone/integration-test/target/test-dir/MiniOzoneClusterImpl-ec6279a4-115b-4ea2-96cc-fb2f3d2234fd/datanode-2/data/ratis] (custom)
2019-08-09 04:06:10,159 INFO  server.RaftServerConfigKeys (ConfUtils.java:logGet(43)) - raft.server.rpc.timeout.min = 5s (custom)
2019-08-09 04:06:10,159 INFO  server.RaftServerConfigKeys (ConfUtils.java:logGet(43)) - raft.server.rpc.timeout.max = 5200ms (custom)
2019-08-09 04:06:10,159 INFO  storage.RaftStorageDirectory (RaftStorageDirectory.java:analyzeStorage(246)) - The storage directory /workdir/hadoop-ozone/integration-test/target/test-dir/MiniOzoneClusterImpl-ec6279a4-115b-4ea2-96cc-fb2f3d2234fd/datanode-2/data/ratis/2d48d9d3-2aaa-4a3d-a81e-0e8e625ccd0d does not exist. Creating ...
2019-08-09 04:06:10,159 INFO  impl.RaftServerImpl (RaftServerImpl.java:<init>(93)) - 9ef1ccf9-27b0-4d20-ae16-b8d1ec02e178: new RaftServerImpl for group-0E8E625CCD0D:[0ce5e6cd-8de3-45b3-81ac-211d253ac858:192.168.157.225:34617, 38f913d1-9530-429d-b1f4-4288c213caa0:192.168.157.225:39873, 9ef1ccf9-27b0-4d20-ae16-b8d1ec02e178:192.168.157.225:35653] with ContainerStateMachine:uninitialized
2019-08-09 04:06:10,159 INFO  server.RaftServerConfigKeys (ConfUtils.java:logGet(43)) - raft.server.rpcslowness.timeout = 120s (custom)
2019-08-09 04:06:10,159 INFO  server.RaftServerConfigKeys (ConfUtils.java:logGet(43)) - raft.server.rpc.timeout.min = 5s (custom)
2019-08-09 04:06:10,160 INFO  server.RaftServerConfigKeys (ConfUtils.java:logGet(43)) - raft.server.sleep.deviation.threshold = 300 (default)
2019-08-09 04:06:10,160 INFO  server.RaftServerConfigKeys (ConfUtils.java:logGet(43)) - raft.server.rpc.timeout.max = 5200ms (custom)
2019-08-09 04:06:10,160 INFO  server.RaftServerConfigKeys (ConfUtils.java:logGet(43)) - raft.server.log.appender.install.snapshot.enabled = false (custom)
2019-08-09 04:06:10,160 INFO  server.RaftServerConfigKeys (ConfUtils.java:logGet(43)) - raft.server.rpcslowness.timeout = 120s (custom)
2019-08-09 04:06:10,160 INFO  server.RaftServerConfigKeys (ConfUtils.java:logGet(43)) - raft.server.sleep.deviation.threshold = 300 (default)
2019-08-09 04:06:10,160 INFO  impl.RaftServerImpl (ServerState.java:<init>(105)) - 0ce5e6cd-8de3-45b3-81ac-211d253ac858:group-0E8E625CCD0D ConfigurationManager, init=-1: [0ce5e6cd-8de3-45b3-81ac-211d253ac858:192.168.157.225:34617, 38f913d1-9530-429d-b1f4-4288c213caa0:192.168.157.225:39873, 9ef1ccf9-27b0-4d20-ae16-b8d1ec02e178:192.168.157.225:35653], old=null, confs=<EMPTY_MAP>
2019-08-09 04:06:10,160 INFO  server.RaftServerConfigKeys (ConfUtils.java:logGet(43)) - raft.server.log.appender.install.snapshot.enabled = false (custom)
2019-08-09 04:06:10,161 INFO  server.RaftServerConfigKeys (ConfUtils.java:logGet(43)) - raft.server.storage.dir = [/workdir/hadoop-ozone/integration-test/target/test-dir/MiniOzoneClusterImpl-ec6279a4-115b-4ea2-96cc-fb2f3d2234fd/datanode-5/data/ratis] (custom)
2019-08-09 04:06:10,161 INFO  impl.RaftServerImpl (ServerState.java:<init>(105)) - 9ef1ccf9-27b0-4d20-ae16-b8d1ec02e178:group-0E8E625CCD0D ConfigurationManager, init=-1: [0ce5e6cd-8de3-45b3-81ac-211d253ac858:192.168.157.225:34617, 38f913d1-9530-429d-b1f4-4288c213caa0:192.168.157.225:39873, 9ef1ccf9-27b0-4d20-ae16-b8d1ec02e178:192.168.157.225:35653], old=null, confs=<EMPTY_MAP>
2019-08-09 04:06:10,161 INFO  server.RaftServerConfigKeys (ConfUtils.java:logGet(43)) - raft.server.storage.dir = [/workdir/hadoop-ozone/integration-test/target/test-dir/MiniOzoneClusterImpl-ec6279a4-115b-4ea2-96cc-fb2f3d2234fd/datanode-6/data/ratis] (custom)
2019-08-09 04:06:10,161 INFO  storage.RaftStorageDirectory (RaftStorageDirectory.java:analyzeStorage(246)) - The storage directory /workdir/hadoop-ozone/integration-test/target/test-dir/MiniOzoneClusterImpl-ec6279a4-115b-4ea2-96cc-fb2f3d2234fd/datanode-5/data/ratis/2d48d9d3-2aaa-4a3d-a81e-0e8e625ccd0d does not exist. Creating ...
2019-08-09 04:06:10,161 INFO  storage.RaftStorageDirectory (RaftStorageDirectory.java:analyzeStorage(246)) - The storage directory /workdir/hadoop-ozone/integration-test/target/test-dir/MiniOzoneClusterImpl-ec6279a4-115b-4ea2-96cc-fb2f3d2234fd/datanode-6/data/ratis/2d48d9d3-2aaa-4a3d-a81e-0e8e625ccd0d does not exist. Creating ...
2019-08-09 04:06:10,183 INFO  storage.RaftStorageDirectory (RaftStorageDirectory.java:tryLock(328)) - Lock on /workdir/hadoop-ozone/integration-test/target/test-dir/MiniOzoneClusterImpl-ec6279a4-115b-4ea2-96cc-fb2f3d2234fd/datanode-5/data/ratis/2d48d9d3-2aaa-4a3d-a81e-0e8e625ccd0d/in_use.lock acquired by nodename 2140@byscane-nightly-vbjp7-3883395574
2019-08-09 04:06:10,183 INFO  storage.RaftStorageDirectory (RaftStorageDirectory.java:tryLock(328)) - Lock on /workdir/hadoop-ozone/integration-test/target/test-dir/MiniOzoneClusterImpl-ec6279a4-115b-4ea2-96cc-fb2f3d2234fd/datanode-2/data/ratis/2d48d9d3-2aaa-4a3d-a81e-0e8e625ccd0d/in_use.lock acquired by nodename 2140@byscane-nightly-vbjp7-3883395574
2019-08-09 04:06:10,183 INFO  storage.RaftStorageDirectory (RaftStorageDirectory.java:tryLock(328)) - Lock on /workdir/hadoop-ozone/integration-test/target/test-dir/MiniOzoneClusterImpl-ec6279a4-115b-4ea2-96cc-fb2f3d2234fd/datanode-6/data/ratis/2d48d9d3-2aaa-4a3d-a81e-0e8e625ccd0d/in_use.lock acquired by nodename 2140@byscane-nightly-vbjp7-3883395574
2019-08-09 04:06:10,197 INFO  storage.RaftStorage (RaftStorage.java:format(72)) - Storage directory /workdir/hadoop-ozone/integration-test/target/test-dir/MiniOzoneClusterImpl-ec6279a4-115b-4ea2-96cc-fb2f3d2234fd/datanode-5/data/ratis/2d48d9d3-2aaa-4a3d-a81e-0e8e625ccd0d has been successfully formatted.
2019-08-09 04:06:10,197 INFO  storage.RaftStorage (RaftStorage.java:format(72)) - Storage directory /workdir/hadoop-ozone/integration-test/target/test-dir/MiniOzoneClusterImpl-ec6279a4-115b-4ea2-96cc-fb2f3d2234fd/datanode-2/data/ratis/2d48d9d3-2aaa-4a3d-a81e-0e8e625ccd0d has been successfully formatted.
2019-08-09 04:06:10,197 INFO  storage.RaftStorage (RaftStorage.java:format(72)) - Storage directory /workdir/hadoop-ozone/integration-test/target/test-dir/MiniOzoneClusterImpl-ec6279a4-115b-4ea2-96cc-fb2f3d2234fd/datanode-6/data/ratis/2d48d9d3-2aaa-4a3d-a81e-0e8e625ccd0d has been successfully formatted.
2019-08-09 04:06:10,198 INFO  ratis.ContainerStateMachine (ContainerStateMachine.java:loadSnapshot(213)) - group-0E8E625CCD0D: The snapshot info is null. Setting the last applied indexto:(t:0, i:~)
2019-08-09 04:06:10,198 INFO  ratis.ContainerStateMachine (ContainerStateMachine.java:loadSnapshot(213)) - group-0E8E625CCD0D: The snapshot info is null. Setting the last applied indexto:(t:0, i:~)
2019-08-09 04:06:10,198 INFO  server.RaftServerConfigKeys (ConfUtils.java:logGet(43)) - raft.server.leader.election.timeout = 120s (custom)
2019-08-09 04:06:10,198 INFO  ratis.ContainerStateMachine (ContainerStateMachine.java:loadSnapshot(213)) - group-0E8E625CCD0D: The snapshot info is null. Setting the last applied indexto:(t:0, i:~)
2019-08-09 04:06:10,199 INFO  server.RaftServerConfigKeys (ConfUtils.java:logGet(43)) - raft.server.log.use.memory = false (default)
2019-08-09 04:06:10,198 INFO  server.RaftServerConfigKeys (ConfUtils.java:logGet(43)) - raft.server.leader.election.timeout = 120s (custom)
2019-08-09 04:06:10,199 INFO  server.RaftServerConfigKeys (ConfUtils.java:logGet(43)) - raft.server.log.purge.gap = 1000000000 (custom)
2019-08-09 04:06:10,199 INFO  server.RaftServerConfigKeys (ConfUtils.java:logGet(43)) - raft.server.leader.election.timeout = 120s (custom)
2019-08-09 04:06:10,199 INFO  server.RaftServerConfigKeys (ConfUtils.java:logGet(43)) - raft.server.log.appender.buffer.byte-limit = 33554432 (custom)
2019-08-09 04:06:10,199 INFO  server.RaftServerConfigKeys (ConfUtils.java:logGet(43)) - raft.server.log.use.memory = false (default)
2019-08-09 04:06:10,200 INFO  server.RaftServerConfigKeys (ConfUtils.java:logGet(43)) - raft.server.log.segment.size.max = 1048576 (custom)
2019-08-09 04:06:10,200 INFO  server.RaftServerConfigKeys (ConfUtils.java:logGet(43)) - raft.server.log.use.memory = false (default)
2019-08-09 04:06:10,200 INFO  server.RaftServerConfigKeys (ConfUtils.java:logGet(43)) - raft.server.log.segment.cache.num.max = 2 (custom)
2019-08-09 04:06:10,200 INFO  server.RaftServerConfigKeys (ConfUtils.java:logGet(43)) - raft.server.log.purge.gap = 1000000000 (custom)
2019-08-09 04:06:10,200 INFO  segmented.SegmentedRaftLogWorker (SegmentedRaftLogWorker.java:<init>(172)) - new 38f913d1-9530-429d-b1f4-4288c213caa0-SegmentedRaftLogWorker:Storage Directory /workdir/hadoop-ozone/integration-test/target/test-dir/MiniOzoneClusterImpl-ec6279a4-115b-4ea2-96cc-fb2f3d2234fd/datanode-2/data/ratis/2d48d9d3-2aaa-4a3d-a81e-0e8e625ccd0d for RaftStorage:Storage Directory /workdir/hadoop-ozone/integration-test/target/test-dir/MiniOzoneClusterImpl-ec6279a4-115b-4ea2-96cc-fb2f3d2234fd/datanode-2/data/ratis/2d48d9d3-2aaa-4a3d-a81e-0e8e625ccd0d
2019-08-09 04:06:10,200 INFO  server.RaftServerConfigKeys (ConfUtils.java:logGet(43)) - raft.server.log.purge.gap = 1000000000 (custom)
2019-08-09 04:06:10,201 INFO  server.RaftServerConfigKeys (ConfUtils.java:logGet(43)) - raft.server.log.queue.byte-limit = 2147483647 (custom)
2019-08-09 04:06:10,201 INFO  server.RaftServerConfigKeys (ConfUtils.java:logGet(43)) - raft.server.log.appender.buffer.byte-limit = 33554432 (custom)
2019-08-09 04:06:10,203 INFO  server.RaftServerConfigKeys (ConfUtils.java:logGet(43)) - raft.server.log.queue.element-limit = 1024 (custom)
2019-08-09 04:06:10,201 INFO  server.RaftServerConfigKeys (ConfUtils.java:logGet(43)) - raft.server.log.appender.buffer.byte-limit = 33554432 (custom)
2019-08-09 04:06:10,203 INFO  server.RaftServerConfigKeys (ConfUtils.java:logGet(43)) - raft.server.log.segment.size.max = 1048576 (custom)
2019-08-09 04:06:10,203 INFO  server.RaftServerConfigKeys (ConfUtils.java:logGet(43)) - raft.server.log.segment.size.max = 1048576 (custom)
2019-08-09 04:06:10,204 INFO  server.RaftServerConfigKeys (ConfUtils.java:logGet(43)) - raft.server.log.preallocated.size = 16384 (custom)
2019-08-09 04:06:10,204 INFO  server.RaftServerConfigKeys (ConfUtils.java:logGet(43)) - raft.server.log.segment.size.max = 1048576 (custom)
2019-08-09 04:06:10,204 INFO  server.RaftServerConfigKeys (ConfUtils.java:logGet(43)) - raft.server.log.write.buffer.size = 33554432 (custom)
2019-08-09 04:06:10,204 INFO  server.RaftServerConfigKeys (ConfUtils.java:logGet(43)) - raft.server.log.segment.cache.num.max = 2 (custom)
2019-08-09 04:06:10,204 INFO  server.RaftServerConfigKeys (ConfUtils.java:logGet(43)) - raft.server.log.force.sync.num = 128 (default)
2019-08-09 04:06:10,204 INFO  server.RaftServerConfigKeys (ConfUtils.java:logGet(43)) - raft.server.log.segment.cache.num.max = 2 (custom)
2019-08-09 04:06:10,205 INFO  server.RaftServerConfigKeys (ConfUtils.java:logGet(43)) - raft.server.log.statemachine.data.sync = true (default)
2019-08-09 04:06:10,205 INFO  segmented.SegmentedRaftLogWorker (SegmentedRaftLogWorker.java:<init>(172)) - new 0ce5e6cd-8de3-45b3-81ac-211d253ac858-SegmentedRaftLogWorker:Storage Directory /workdir/hadoop-ozone/integration-test/target/test-dir/MiniOzoneClusterImpl-ec6279a4-115b-4ea2-96cc-fb2f3d2234fd/datanode-5/data/ratis/2d48d9d3-2aaa-4a3d-a81e-0e8e625ccd0d for RaftStorage:Storage Directory /workdir/hadoop-ozone/integration-test/target/test-dir/MiniOzoneClusterImpl-ec6279a4-115b-4ea2-96cc-fb2f3d2234fd/datanode-5/data/ratis/2d48d9d3-2aaa-4a3d-a81e-0e8e625ccd0d
2019-08-09 04:06:10,205 INFO  server.RaftServerConfigKeys (ConfUtils.java:logGet(43)) - raft.server.log.statemachine.data.sync.timeout = 10s (default)
2019-08-09 04:06:10,205 INFO  segmented.SegmentedRaftLogWorker (SegmentedRaftLogWorker.java:<init>(172)) - new 9ef1ccf9-27b0-4d20-ae16-b8d1ec02e178-SegmentedRaftLogWorker:Storage Directory /workdir/hadoop-ozone/integration-test/target/test-dir/MiniOzoneClusterImpl-ec6279a4-115b-4ea2-96cc-fb2f3d2234fd/datanode-6/data/ratis/2d48d9d3-2aaa-4a3d-a81e-0e8e625ccd0d for RaftStorage:Storage Directory /workdir/hadoop-ozone/integration-test/target/test-dir/MiniOzoneClusterImpl-ec6279a4-115b-4ea2-96cc-fb2f3d2234fd/datanode-6/data/ratis/2d48d9d3-2aaa-4a3d-a81e-0e8e625ccd0d
2019-08-09 04:06:10,205 INFO  server.RaftServerConfigKeys (ConfUtils.java:logGet(43)) - raft.server.log.statemachine.data.sync.timeout.retry = -1 (default)
2019-08-09 04:06:10,205 INFO  server.RaftServerConfigKeys (ConfUtils.java:logGet(43)) - raft.server.log.queue.byte-limit = 2147483647 (custom)
2019-08-09 04:06:10,209 INFO  server.RaftServerConfigKeys (ConfUtils.java:logGet(43)) - raft.server.log.statemachine.data.caching.enabled = true (custom)
2019-08-09 04:06:10,207 INFO  server.RaftServerConfigKeys (ConfUtils.java:logGet(43)) - raft.server.log.queue.byte-limit = 2147483647 (custom)
2019-08-09 04:06:10,210 INFO  server.RaftServerConfigKeys (ConfUtils.java:logGet(43)) - raft.server.log.queue.element-limit = 1024 (custom)
2019-08-09 04:06:10,210 INFO  server.RaftServerConfigKeys (ConfUtils.java:logGet(43)) - raft.server.log.queue.element-limit = 1024 (custom)
2019-08-09 04:06:10,210 INFO  segmented.SegmentedRaftLogWorker (SegmentedRaftLogWorker.java:lambda$new$0(132)) - 38f913d1-9530-429d-b1f4-4288c213caa0-SegmentedRaftLogWorker:Storage Directory /workdir/hadoop-ozone/integration-test/target/test-dir/MiniOzoneClusterImpl-ec6279a4-115b-4ea2-96cc-fb2f3d2234fd/datanode-2/data/ratis/2d48d9d3-2aaa-4a3d-a81e-0e8e625ccd0d: flushIndex: setUnconditionally 0 -> -1
2019-08-09 04:06:10,210 INFO  server.RaftServerConfigKeys (ConfUtils.java:logGet(43)) - raft.server.log.segment.size.max = 1048576 (custom)
2019-08-09 04:06:10,210 INFO  server.RaftServerConfigKeys (ConfUtils.java:logGet(43)) - raft.server.log.segment.size.max = 1048576 (custom)
2019-08-09 04:06:10,211 INFO  server.RaftServerConfigKeys (ConfUtils.java:logGet(43)) - raft.server.snapshot.auto.trigger.enabled = true (custom)
2019-08-09 04:06:10,211 INFO  server.RaftServerConfigKeys (ConfUtils.java:logGet(43)) - raft.server.log.preallocated.size = 16384 (custom)
2019-08-09 04:06:10,211 INFO  server.RaftServerConfigKeys (ConfUtils.java:logGet(43)) - raft.server.snapshot.auto.trigger.threshold = 10000 (custom)
2019-08-09 04:06:10,211 INFO  server.RaftServerConfigKeys (ConfUtils.java:logGet(43)) - raft.server.log.preallocated.size = 16384 (custom)
2019-08-09 04:06:10,211 INFO  server.RaftServerConfigKeys (ConfUtils.java:logGet(43)) - raft.server.retrycache.expirytime = 600000ms (custom)
2019-08-09 04:06:10,211 INFO  server.RaftServerConfigKeys (ConfUtils.java:logGet(43)) - raft.server.log.write.buffer.size = 33554432 (custom)
2019-08-09 04:06:10,212 INFO  impl.RaftServerImpl (RaftServerImpl.java:start(180)) - 38f913d1-9530-429d-b1f4-4288c213caa0: start group-0E8E625CCD0D
2019-08-09 04:06:10,211 INFO  server.RaftServerConfigKeys (ConfUtils.java:logGet(43)) - raft.server.log.write.buffer.size = 33554432 (custom)
2019-08-09 04:06:10,212 INFO  impl.RaftServerImpl (RaftServerImpl.java:setRole(171)) - 38f913d1-9530-429d-b1f4-4288c213caa0:group-0E8E625CCD0D changes role from null to FOLLOWER at term 0 for startAsFollower
2019-08-09 04:06:10,212 INFO  server.RaftServerConfigKeys (ConfUtils.java:logGet(43)) - raft.server.log.force.sync.num = 128 (default)
2019-08-09 04:06:10,212 INFO  impl.RoleInfo (RoleInfo.java:updateAndGet(143)) - 38f913d1-9530-429d-b1f4-4288c213caa0: start FollowerState
2019-08-09 04:06:10,212 INFO  server.RaftServerConfigKeys (ConfUtils.java:logGet(43)) - raft.server.log.force.sync.num = 128 (default)
2019-08-09 04:06:10,213 INFO  server.RaftServerConfigKeys (ConfUtils.java:logGet(43)) - raft.server.log.statemachine.data.sync = true (default)
2019-08-09 04:06:10,213 INFO  server.RaftServerConfigKeys (ConfUtils.java:logGet(43)) - raft.server.log.statemachine.data.sync = true (default)
2019-08-09 04:06:10,213 INFO  util.JmxRegister (JmxRegister.java:tryRegister(44)) - Successfully registered JMX Bean with object name Ratis:service=RaftServer,group=group-0E8E625CCD0D,id=38f913d1-9530-429d-b1f4-4288c213caa0
2019-08-09 04:06:10,213 INFO  server.RaftServerConfigKeys (ConfUtils.java:logGet(43)) - raft.server.log.statemachine.data.sync.timeout = 10s (default)
2019-08-09 04:06:10,213 INFO  server.RaftServerConfigKeys (ConfUtils.java:logGet(43)) - raft.server.log.statemachine.data.sync.timeout = 10s (default)
2019-08-09 04:06:10,214 INFO  server.RaftServerConfigKeys (ConfUtils.java:logGet(43)) - raft.server.log.statemachine.data.sync.timeout.retry = -1 (default)
2019-08-09 04:06:10,214 INFO  server.RaftServerConfigKeys (ConfUtils.java:logGet(43)) - raft.server.log.statemachine.data.sync.timeout.retry = -1 (default)
2019-08-09 04:06:10,214 INFO  server.RaftServerConfigKeys (ConfUtils.java:logGet(43)) - raft.server.log.statemachine.data.caching.enabled = true (custom)
2019-08-09 04:06:10,214 INFO  server.RaftServerConfigKeys (ConfUtils.java:logGet(43)) - raft.server.log.statemachine.data.caching.enabled = true (custom)
2019-08-09 04:06:10,214 INFO  segmented.SegmentedRaftLogWorker (SegmentedRaftLogWorker.java:lambda$new$0(132)) - 9ef1ccf9-27b0-4d20-ae16-b8d1ec02e178-SegmentedRaftLogWorker:Storage Directory /workdir/hadoop-ozone/integration-test/target/test-dir/MiniOzoneClusterImpl-ec6279a4-115b-4ea2-96cc-fb2f3d2234fd/datanode-6/data/ratis/2d48d9d3-2aaa-4a3d-a81e-0e8e625ccd0d: flushIndex: setUnconditionally 0 -> -1
2019-08-09 04:06:10,215 INFO  segmented.SegmentedRaftLogWorker (SegmentedRaftLogWorker.java:lambda$new$0(132)) - 0ce5e6cd-8de3-45b3-81ac-211d253ac858-SegmentedRaftLogWorker:Storage Directory /workdir/hadoop-ozone/integration-test/target/test-dir/MiniOzoneClusterImpl-ec6279a4-115b-4ea2-96cc-fb2f3d2234fd/datanode-5/data/ratis/2d48d9d3-2aaa-4a3d-a81e-0e8e625ccd0d: flushIndex: setUnconditionally 0 -> -1
2019-08-09 04:06:10,215 INFO  server.RaftServerConfigKeys (ConfUtils.java:logGet(43)) - raft.server.snapshot.auto.trigger.enabled = true (custom)
2019-08-09 04:06:10,215 INFO  server.RaftServerConfigKeys (ConfUtils.java:logGet(43)) - raft.server.snapshot.auto.trigger.enabled = true (custom)
2019-08-09 04:06:10,215 INFO  server.RaftServerConfigKeys (ConfUtils.java:logGet(43)) - raft.server.snapshot.auto.trigger.threshold = 10000 (custom)
2019-08-09 04:06:10,215 INFO  server.RaftServerConfigKeys (ConfUtils.java:logGet(43)) - raft.server.snapshot.auto.trigger.threshold = 10000 (custom)
2019-08-09 04:06:10,216 INFO  server.RaftServerConfigKeys (ConfUtils.java:logGet(43)) - raft.server.retrycache.expirytime = 600000ms (custom)
2019-08-09 04:06:10,216 INFO  server.RaftServerConfigKeys (ConfUtils.java:logGet(43)) - raft.server.retrycache.expirytime = 600000ms (custom)
2019-08-09 04:06:10,218 INFO  impl.RaftServerImpl (RaftServerImpl.java:start(180)) - 0ce5e6cd-8de3-45b3-81ac-211d253ac858: start group-0E8E625CCD0D
2019-08-09 04:06:10,218 INFO  impl.RaftServerImpl (RaftServerImpl.java:start(180)) - 9ef1ccf9-27b0-4d20-ae16-b8d1ec02e178: start group-0E8E625CCD0D
2019-08-09 04:06:10,218 INFO  impl.RaftServerImpl (RaftServerImpl.java:setRole(171)) - 0ce5e6cd-8de3-45b3-81ac-211d253ac858:group-0E8E625CCD0D changes role from null to FOLLOWER at term 0 for startAsFollower
2019-08-09 04:06:10,220 INFO  impl.RaftServerImpl (RaftServerImpl.java:setRole(171)) - 9ef1ccf9-27b0-4d20-ae16-b8d1ec02e178:group-0E8E625CCD0D changes role from null to FOLLOWER at term 0 for startAsFollower
2019-08-09 04:06:10,220 INFO  impl.RoleInfo (RoleInfo.java:updateAndGet(143)) - 0ce5e6cd-8de3-45b3-81ac-211d253ac858: start FollowerState
2019-08-09 04:06:10,220 INFO  impl.RoleInfo (RoleInfo.java:updateAndGet(143)) - 9ef1ccf9-27b0-4d20-ae16-b8d1ec02e178: start FollowerState
2019-08-09 04:06:10,222 INFO  util.JmxRegister (JmxRegister.java:tryRegister(44)) - Successfully registered JMX Bean with object name Ratis:service=RaftServer,group=group-0E8E625CCD0D,id=0ce5e6cd-8de3-45b3-81ac-211d253ac858
2019-08-09 04:06:10,224 INFO  util.JmxRegister (JmxRegister.java:tryRegister(44)) - Successfully registered JMX Bean with object name Ratis:service=RaftServer,group=group-0E8E625CCD0D,id=9ef1ccf9-27b0-4d20-ae16-b8d1ec02e178
2019-08-09 04:06:10,242 INFO  pipeline.PipelineStateManager (PipelineStateManager.java:addPipeline(56)) - Created pipeline Pipeline[ Id: 2d48d9d3-2aaa-4a3d-a81e-0e8e625ccd0d, Nodes: 9ef1ccf9-27b0-4d20-ae16-b8d1ec02e178{ip: 192.168.157.225, host: byscane-nightly-vbjp7-3883395574, networkLocation: /default-rack, certSerialId: null}38f913d1-9530-429d-b1f4-4288c213caa0{ip: 192.168.157.225, host: byscane-nightly-vbjp7-3883395574, networkLocation: /default-rack, certSerialId: null}0ce5e6cd-8de3-45b3-81ac-211d253ac858{ip: 192.168.157.225, host: byscane-nightly-vbjp7-3883395574, networkLocation: /default-rack, certSerialId: null}, Type:RATIS, Factor:THREE, State:OPEN]
2019-08-09 04:06:10,581 INFO  ozone.MiniOzoneClusterImpl (MiniOzoneClusterImpl.java:lambda$waitForClusterToBeReady$0(142)) - Cluster is ready. Got 7 of 7 DN Heartbeats.
2019-08-09 04:06:10,938 INFO  rpc.RpcClient (RpcClient.java:createVolume(288)) - Creating Volume: testblockoutputstream, with jenkins1000 as owner.
2019-08-09 04:06:10,995 INFO  rpc.RpcClient (RpcClient.java:createBucket(425)) - Creating Bucket: testblockoutputstream/testblockoutputstream, with Versioning false and Storage Type set to DISK and Encryption set to false 
2019-08-09 04:06:11,021 INFO  impl.MetricsSystemImpl (MetricsSystemImpl.java:init(158)) - XceiverClientMetrics metrics system started (again)
2019-08-09 04:06:11,179 INFO  container.ReplicationManager (ReplicationManager.java:start(155)) - Starting Replication Monitor Thread.
2019-08-09 04:06:11,186 INFO  container.ReplicationManager (ReplicationManager.java:run(207)) - Replication Monitor Thread took 3 milliseconds for processing 1 containers.
2019-08-09 04:06:11,268 INFO  client.GrpcClientProtocolClient (GrpcClientProtocolClient.java:onNext(255)) - client-F39E1B87B77B->9ef1ccf9-27b0-4d20-ae16-b8d1ec02e178: receive RaftClientReply:client-F39E1B87B77B->9ef1ccf9-27b0-4d20-ae16-b8d1ec02e178@group-0E8E625CCD0D, cid=13, FAILED org.apache.ratis.protocol.NotLeaderException: Server 9ef1ccf9-27b0-4d20-ae16-b8d1ec02e178 is not the leader (null). Request must be sent to leader., logIndex=0, commits[9ef1ccf9-27b0-4d20-ae16-b8d1ec02e178:c-1]
2019-08-09 04:06:12,315 INFO  client.GrpcClientProtocolClient (GrpcClientProtocolClient.java:onNext(255)) - client-F39E1B87B77B->38f913d1-9530-429d-b1f4-4288c213caa0: receive RaftClientReply:client-F39E1B87B77B->38f913d1-9530-429d-b1f4-4288c213caa0@group-0E8E625CCD0D, cid=13, FAILED org.apache.ratis.protocol.NotLeaderException: Server 38f913d1-9530-429d-b1f4-4288c213caa0 is not the leader (null). Request must be sent to leader., logIndex=0, commits[38f913d1-9530-429d-b1f4-4288c213caa0:c-1]
2019-08-09 04:06:13,343 INFO  client.GrpcClientProtocolClient (GrpcClientProtocolClient.java:onNext(255)) - client-F39E1B87B77B->9ef1ccf9-27b0-4d20-ae16-b8d1ec02e178: receive RaftClientReply:client-F39E1B87B77B->9ef1ccf9-27b0-4d20-ae16-b8d1ec02e178@group-0E8E625CCD0D, cid=13, FAILED org.apache.ratis.protocol.NotLeaderException: Server 9ef1ccf9-27b0-4d20-ae16-b8d1ec02e178 is not the leader (null). Request must be sent to leader., logIndex=0, commits[9ef1ccf9-27b0-4d20-ae16-b8d1ec02e178:c-1]
2019-08-09 04:06:14,329 INFO  impl.FollowerState (FollowerState.java:run(106)) - 273743e4-f594-495f-8d4d-0ec9e58aa536:group-24B075154885 changes to CANDIDATE, lastRpcTime:5007, electionTimeout:5006ms
2019-08-09 04:06:14,330 INFO  impl.RoleInfo (RoleInfo.java:shutdownFollowerState(121)) - 273743e4-f594-495f-8d4d-0ec9e58aa536: shutdown FollowerState
2019-08-09 04:06:14,330 INFO  impl.RaftServerImpl (RaftServerImpl.java:setRole(171)) - 273743e4-f594-495f-8d4d-0ec9e58aa536:group-24B075154885 changes role from FOLLOWER to CANDIDATE at term 0 for changeToCandidate
2019-08-09 04:06:14,338 INFO  impl.RoleInfo (RoleInfo.java:updateAndGet(143)) - 273743e4-f594-495f-8d4d-0ec9e58aa536: start LeaderElection
2019-08-09 04:06:14,368 INFO  client.GrpcClientProtocolClient (GrpcClientProtocolClient.java:onNext(255)) - client-F39E1B87B77B->38f913d1-9530-429d-b1f4-4288c213caa0: receive RaftClientReply:client-F39E1B87B77B->38f913d1-9530-429d-b1f4-4288c213caa0@group-0E8E625CCD0D, cid=13, FAILED org.apache.ratis.protocol.NotLeaderException: Server 38f913d1-9530-429d-b1f4-4288c213caa0 is not the leader (null). Request must be sent to leader., logIndex=0, commits[38f913d1-9530-429d-b1f4-4288c213caa0:c-1]
2019-08-09 04:06:14,374 INFO  impl.LeaderElection (LeaderElection.java:askForVotes(181)) - 273743e4-f594-495f-8d4d-0ec9e58aa536:group-24B075154885:LeaderElection1: begin an election at term 1 for -1: [273743e4-f594-495f-8d4d-0ec9e58aa536:192.168.157.225:42943], old=null
2019-08-09 04:06:14,379 INFO  impl.RoleInfo (RoleInfo.java:shutdownLeaderElection(134)) - 273743e4-f594-495f-8d4d-0ec9e58aa536: shutdown LeaderElection
2019-08-09 04:06:14,380 INFO  impl.RaftServerImpl (RaftServerImpl.java:setRole(171)) - 273743e4-f594-495f-8d4d-0ec9e58aa536:group-24B075154885 changes role from CANDIDATE to LEADER at term 1 for changeToLeader
2019-08-09 04:06:14,380 INFO  impl.RaftServerImpl (ServerState.java:setLeader(263)) - 273743e4-f594-495f-8d4d-0ec9e58aa536:group-24B075154885 change Leader from null to 273743e4-f594-495f-8d4d-0ec9e58aa536 at term 1 for becomeLeader, leader elected after 5158ms
2019-08-09 04:06:14,390 INFO  server.RaftServerConfigKeys (ConfUtils.java:logGet(43)) - raft.server.staging.catchup.gap = 1000 (default)
2019-08-09 04:06:14,390 INFO  server.RaftServerConfigKeys (ConfUtils.java:logGet(43)) - raft.server.rpc.sleep.time = 25ms (default)
2019-08-09 04:06:14,394 INFO  server.RaftServerConfigKeys (ConfUtils.java:logGet(43)) - raft.server.write.element-limit = 4096 (default)
2019-08-09 04:06:14,397 INFO  server.RaftServerConfigKeys (ConfUtils.java:logGet(43)) - raft.server.watch.timeout = 10s (default)
2019-08-09 04:06:14,398 INFO  server.RaftServerConfigKeys (ConfUtils.java:logGet(43)) - raft.server.watch.timeout.denomination = 1s (default)
2019-08-09 04:06:14,399 INFO  server.RaftServerConfigKeys (ConfUtils.java:logGet(43)) - raft.server.watch.element-limit = 65536 (default)
2019-08-09 04:06:14,409 INFO  impl.RoleInfo (RoleInfo.java:updateAndGet(143)) - 273743e4-f594-495f-8d4d-0ec9e58aa536: start LeaderState
2019-08-09 04:06:14,448 INFO  segmented.SegmentedRaftLogWorker (SegmentedRaftLogWorker.java:startLogSegment(380)) - 273743e4-f594-495f-8d4d-0ec9e58aa536-SegmentedRaftLogWorker:Storage Directory /workdir/hadoop-ozone/integration-test/target/test-dir/MiniOzoneClusterImpl-ec6279a4-115b-4ea2-96cc-fb2f3d2234fd/datanode-0/data/ratis/5d8379cf-8c5a-4d4f-b362-24b075154885: Starting segment from index:0
2019-08-09 04:06:14,471 INFO  impl.RaftServerImpl (ServerState.java:setRaftConf(361)) - 273743e4-f594-495f-8d4d-0ec9e58aa536:group-24B075154885 set configuration 0: [273743e4-f594-495f-8d4d-0ec9e58aa536:192.168.157.225:42943], old=null at 0
2019-08-09 04:06:14,615 INFO  impl.FollowerState (FollowerState.java:run(106)) - ee6f2503-878b-43f1-960a-6bf65f2ea515:group-47EACD4AC894 changes to CANDIDATE, lastRpcTime:5092, electionTimeout:5090ms
2019-08-09 04:06:14,617 INFO  impl.RoleInfo (RoleInfo.java:shutdownFollowerState(121)) - ee6f2503-878b-43f1-960a-6bf65f2ea515: shutdown FollowerState
2019-08-09 04:06:14,617 INFO  impl.RaftServerImpl (RaftServerImpl.java:setRole(171)) - ee6f2503-878b-43f1-960a-6bf65f2ea515:group-47EACD4AC894 changes role from FOLLOWER to CANDIDATE at term 0 for changeToCandidate
2019-08-09 04:06:14,618 INFO  impl.RoleInfo (RoleInfo.java:updateAndGet(143)) - ee6f2503-878b-43f1-960a-6bf65f2ea515: start LeaderElection
2019-08-09 04:06:14,635 INFO  impl.LeaderElection (LeaderElection.java:askForVotes(181)) - ee6f2503-878b-43f1-960a-6bf65f2ea515:group-47EACD4AC894:LeaderElection2: begin an election at term 1 for -1: [ee6f2503-878b-43f1-960a-6bf65f2ea515:192.168.157.225:35407], old=null
2019-08-09 04:06:14,637 INFO  impl.RoleInfo (RoleInfo.java:shutdownLeaderElection(134)) - ee6f2503-878b-43f1-960a-6bf65f2ea515: shutdown LeaderElection
2019-08-09 04:06:14,637 INFO  impl.RaftServerImpl (RaftServerImpl.java:setRole(171)) - ee6f2503-878b-43f1-960a-6bf65f2ea515:group-47EACD4AC894 changes role from CANDIDATE to LEADER at term 1 for changeToLeader
2019-08-09 04:06:14,638 INFO  impl.RaftServerImpl (ServerState.java:setLeader(263)) - ee6f2503-878b-43f1-960a-6bf65f2ea515:group-47EACD4AC894 change Leader from null to ee6f2503-878b-43f1-960a-6bf65f2ea515 at term 1 for becomeLeader, leader elected after 5122ms
2019-08-09 04:06:14,640 INFO  server.RaftServerConfigKeys (ConfUtils.java:logGet(43)) - raft.server.staging.catchup.gap = 1000 (default)
2019-08-09 04:06:14,640 INFO  server.RaftServerConfigKeys (ConfUtils.java:logGet(43)) - raft.server.rpc.sleep.time = 25ms (default)
2019-08-09 04:06:14,640 INFO  server.RaftServerConfigKeys (ConfUtils.java:logGet(43)) - raft.server.write.element-limit = 4096 (default)
2019-08-09 04:06:14,640 INFO  server.RaftServerConfigKeys (ConfUtils.java:logGet(43)) - raft.server.watch.timeout = 10s (default)
2019-08-09 04:06:14,641 INFO  server.RaftServerConfigKeys (ConfUtils.java:logGet(43)) - raft.server.watch.timeout.denomination = 1s (default)
2019-08-09 04:06:14,641 INFO  server.RaftServerConfigKeys (ConfUtils.java:logGet(43)) - raft.server.watch.element-limit = 65536 (default)
2019-08-09 04:06:14,641 INFO  impl.RoleInfo (RoleInfo.java:updateAndGet(143)) - ee6f2503-878b-43f1-960a-6bf65f2ea515: start LeaderState
2019-08-09 04:06:14,642 INFO  segmented.SegmentedRaftLogWorker (SegmentedRaftLogWorker.java:startLogSegment(380)) - ee6f2503-878b-43f1-960a-6bf65f2ea515-SegmentedRaftLogWorker:Storage Directory /workdir/hadoop-ozone/integration-test/target/test-dir/MiniOzoneClusterImpl-ec6279a4-115b-4ea2-96cc-fb2f3d2234fd/datanode-1/data/ratis/2bb0fe26-4db2-4ef9-a636-47eacd4ac894: Starting segment from index:0
2019-08-09 04:06:14,642 INFO  impl.RaftServerImpl (ServerState.java:setRaftConf(361)) - ee6f2503-878b-43f1-960a-6bf65f2ea515:group-47EACD4AC894 set configuration 0: [ee6f2503-878b-43f1-960a-6bf65f2ea515:192.168.157.225:35407], old=null at 0
2019-08-09 04:06:14,698 INFO  segmented.SegmentedRaftLogWorker (SegmentedRaftLogWorker.java:execute(569)) - 273743e4-f594-495f-8d4d-0ec9e58aa536-SegmentedRaftLogWorker:Storage Directory /workdir/hadoop-ozone/integration-test/target/test-dir/MiniOzoneClusterImpl-ec6279a4-115b-4ea2-96cc-fb2f3d2234fd/datanode-0/data/ratis/5d8379cf-8c5a-4d4f-b362-24b075154885: created new log segment /workdir/hadoop-ozone/integration-test/target/test-dir/MiniOzoneClusterImpl-ec6279a4-115b-4ea2-96cc-fb2f3d2234fd/datanode-0/data/ratis/5d8379cf-8c5a-4d4f-b362-24b075154885/current/log_inprogress_0
2019-08-09 04:06:14,698 INFO  segmented.SegmentedRaftLogWorker (SegmentedRaftLogWorker.java:execute(569)) - ee6f2503-878b-43f1-960a-6bf65f2ea515-SegmentedRaftLogWorker:Storage Directory /workdir/hadoop-ozone/integration-test/target/test-dir/MiniOzoneClusterImpl-ec6279a4-115b-4ea2-96cc-fb2f3d2234fd/datanode-1/data/ratis/2bb0fe26-4db2-4ef9-a636-47eacd4ac894: created new log segment /workdir/hadoop-ozone/integration-test/target/test-dir/MiniOzoneClusterImpl-ec6279a4-115b-4ea2-96cc-fb2f3d2234fd/datanode-1/data/ratis/2bb0fe26-4db2-4ef9-a636-47eacd4ac894/current/log_inprogress_0
2019-08-09 04:06:14,776 INFO  impl.FollowerState (FollowerState.java:run(106)) - c2523a8d-fb10-4a6c-9103-7ce8cd297fa3:group-15FE0FFE2832 changes to CANDIDATE, lastRpcTime:5116, electionTimeout:5116ms
2019-08-09 04:06:14,778 INFO  impl.RoleInfo (RoleInfo.java:shutdownFollowerState(121)) - c2523a8d-fb10-4a6c-9103-7ce8cd297fa3: shutdown FollowerState
2019-08-09 04:06:14,779 INFO  impl.RaftServerImpl (RaftServerImpl.java:setRole(171)) - c2523a8d-fb10-4a6c-9103-7ce8cd297fa3:group-15FE0FFE2832 changes role from FOLLOWER to CANDIDATE at term 0 for changeToCandidate
2019-08-09 04:06:14,779 INFO  impl.RoleInfo (RoleInfo.java:updateAndGet(143)) - c2523a8d-fb10-4a6c-9103-7ce8cd297fa3: start LeaderElection
2019-08-09 04:06:14,796 INFO  impl.LeaderElection (LeaderElection.java:askForVotes(181)) - c2523a8d-fb10-4a6c-9103-7ce8cd297fa3:group-15FE0FFE2832:LeaderElection3: begin an election at term 1 for -1: [c2523a8d-fb10-4a6c-9103-7ce8cd297fa3:192.168.157.225:37055], old=null
2019-08-09 04:06:14,798 INFO  impl.RoleInfo (RoleInfo.java:shutdownLeaderElection(134)) - c2523a8d-fb10-4a6c-9103-7ce8cd297fa3: shutdown LeaderElection
2019-08-09 04:06:14,799 INFO  impl.RaftServerImpl (RaftServerImpl.java:setRole(171)) - c2523a8d-fb10-4a6c-9103-7ce8cd297fa3:group-15FE0FFE2832 changes role from CANDIDATE to LEADER at term 1 for changeToLeader
2019-08-09 04:06:14,799 INFO  impl.RaftServerImpl (ServerState.java:setLeader(263)) - c2523a8d-fb10-4a6c-9103-7ce8cd297fa3:group-15FE0FFE2832 change Leader from null to c2523a8d-fb10-4a6c-9103-7ce8cd297fa3 at term 1 for becomeLeader, leader elected after 5144ms
2019-08-09 04:06:14,801 INFO  server.RaftServerConfigKeys (ConfUtils.java:logGet(43)) - raft.server.staging.catchup.gap = 1000 (default)
2019-08-09 04:06:14,801 INFO  server.RaftServerConfigKeys (ConfUtils.java:logGet(43)) - raft.server.rpc.sleep.time = 25ms (default)
2019-08-09 04:06:14,801 INFO  server.RaftServerConfigKeys (ConfUtils.java:logGet(43)) - raft.server.write.element-limit = 4096 (default)
2019-08-09 04:06:14,801 INFO  server.RaftServerConfigKeys (ConfUtils.java:logGet(43)) - raft.server.watch.timeout = 10s (default)
2019-08-09 04:06:14,801 INFO  server.RaftServerConfigKeys (ConfUtils.java:logGet(43)) - raft.server.watch.timeout.denomination = 1s (default)
2019-08-09 04:06:14,801 INFO  server.RaftServerConfigKeys (ConfUtils.java:logGet(43)) - raft.server.watch.element-limit = 65536 (default)
2019-08-09 04:06:14,802 INFO  impl.RoleInfo (RoleInfo.java:updateAndGet(143)) - c2523a8d-fb10-4a6c-9103-7ce8cd297fa3: start LeaderState
2019-08-09 04:06:14,802 INFO  segmented.SegmentedRaftLogWorker (SegmentedRaftLogWorker.java:startLogSegment(380)) - c2523a8d-fb10-4a6c-9103-7ce8cd297fa3-SegmentedRaftLogWorker:Storage Directory /workdir/hadoop-ozone/integration-test/target/test-dir/MiniOzoneClusterImpl-ec6279a4-115b-4ea2-96cc-fb2f3d2234fd/datanode-3/data/ratis/a4495ff7-07fd-44b7-bf4a-15fe0ffe2832: Starting segment from index:0
2019-08-09 04:06:14,803 INFO  impl.RaftServerImpl (ServerState.java:setRaftConf(361)) - c2523a8d-fb10-4a6c-9103-7ce8cd297fa3:group-15FE0FFE2832 set configuration 0: [c2523a8d-fb10-4a6c-9103-7ce8cd297fa3:192.168.157.225:37055], old=null at 0
2019-08-09 04:06:14,836 INFO  segmented.SegmentedRaftLogWorker (SegmentedRaftLogWorker.java:execute(569)) - c2523a8d-fb10-4a6c-9103-7ce8cd297fa3-SegmentedRaftLogWorker:Storage Directory /workdir/hadoop-ozone/integration-test/target/test-dir/MiniOzoneClusterImpl-ec6279a4-115b-4ea2-96cc-fb2f3d2234fd/datanode-3/data/ratis/a4495ff7-07fd-44b7-bf4a-15fe0ffe2832: created new log segment /workdir/hadoop-ozone/integration-test/target/test-dir/MiniOzoneClusterImpl-ec6279a4-115b-4ea2-96cc-fb2f3d2234fd/datanode-3/data/ratis/a4495ff7-07fd-44b7-bf4a-15fe0ffe2832/current/log_inprogress_0
2019-08-09 04:06:14,919 INFO  impl.FollowerState (FollowerState.java:run(106)) - 9ef1ccf9-27b0-4d20-ae16-b8d1ec02e178:group-75438A6E4499 changes to CANDIDATE, lastRpcTime:5177, electionTimeout:5177ms
2019-08-09 04:06:14,920 INFO  impl.RoleInfo (RoleInfo.java:shutdownFollowerState(121)) - 9ef1ccf9-27b0-4d20-ae16-b8d1ec02e178: shutdown FollowerState
2019-08-09 04:06:14,920 INFO  impl.RaftServerImpl (RaftServerImpl.java:setRole(171)) - 9ef1ccf9-27b0-4d20-ae16-b8d1ec02e178:group-75438A6E4499 changes role from FOLLOWER to CANDIDATE at term 0 for changeToCandidate
2019-08-09 04:06:14,920 INFO  impl.RoleInfo (RoleInfo.java:updateAndGet(143)) - 9ef1ccf9-27b0-4d20-ae16-b8d1ec02e178: start LeaderElection
2019-08-09 04:06:14,939 INFO  impl.LeaderElection (LeaderElection.java:askForVotes(181)) - 9ef1ccf9-27b0-4d20-ae16-b8d1ec02e178:group-75438A6E4499:LeaderElection4: begin an election at term 1 for -1: [9ef1ccf9-27b0-4d20-ae16-b8d1ec02e178:192.168.157.225:35653], old=null
2019-08-09 04:06:14,941 INFO  impl.RoleInfo (RoleInfo.java:shutdownLeaderElection(134)) - 9ef1ccf9-27b0-4d20-ae16-b8d1ec02e178: shutdown LeaderElection
2019-08-09 04:06:14,941 INFO  impl.RaftServerImpl (RaftServerImpl.java:setRole(171)) - 9ef1ccf9-27b0-4d20-ae16-b8d1ec02e178:group-75438A6E4499 changes role from CANDIDATE to LEADER at term 1 for changeToLeader
2019-08-09 04:06:14,942 INFO  impl.RaftServerImpl (ServerState.java:setLeader(263)) - 9ef1ccf9-27b0-4d20-ae16-b8d1ec02e178:group-75438A6E4499 change Leader from null to 9ef1ccf9-27b0-4d20-ae16-b8d1ec02e178 at term 1 for becomeLeader, leader elected after 5205ms
2019-08-09 04:06:14,943 INFO  server.RaftServerConfigKeys (ConfUtils.java:logGet(43)) - raft.server.staging.catchup.gap = 1000 (default)
2019-08-09 04:06:14,944 INFO  server.RaftServerConfigKeys (ConfUtils.java:logGet(43)) - raft.server.rpc.sleep.time = 25ms (default)
2019-08-09 04:06:14,944 INFO  server.RaftServerConfigKeys (ConfUtils.java:logGet(43)) - raft.server.write.element-limit = 4096 (default)
2019-08-09 04:06:14,944 INFO  server.RaftServerConfigKeys (ConfUtils.java:logGet(43)) - raft.server.watch.timeout = 10s (default)
2019-08-09 04:06:14,944 INFO  server.RaftServerConfigKeys (ConfUtils.java:logGet(43)) - raft.server.watch.timeout.denomination = 1s (default)
2019-08-09 04:06:14,944 INFO  server.RaftServerConfigKeys (ConfUtils.java:logGet(43)) - raft.server.watch.element-limit = 65536 (default)
2019-08-09 04:06:14,945 INFO  impl.RoleInfo (RoleInfo.java:updateAndGet(143)) - 9ef1ccf9-27b0-4d20-ae16-b8d1ec02e178: start LeaderState
2019-08-09 04:06:14,945 INFO  segmented.SegmentedRaftLogWorker (SegmentedRaftLogWorker.java:startLogSegment(380)) - 9ef1ccf9-27b0-4d20-ae16-b8d1ec02e178-SegmentedRaftLogWorker:Storage Directory /workdir/hadoop-ozone/integration-test/target/test-dir/MiniOzoneClusterImpl-ec6279a4-115b-4ea2-96cc-fb2f3d2234fd/datanode-6/data/ratis/d11872ee-a61b-482c-8702-75438a6e4499: Starting segment from index:0
2019-08-09 04:06:14,946 INFO  impl.RaftServerImpl (ServerState.java:setRaftConf(361)) - 9ef1ccf9-27b0-4d20-ae16-b8d1ec02e178:group-75438A6E4499 set configuration 0: [9ef1ccf9-27b0-4d20-ae16-b8d1ec02e178:192.168.157.225:35653], old=null at 0
2019-08-09 04:06:14,966 INFO  impl.FollowerState (FollowerState.java:run(106)) - 38f913d1-9530-429d-b1f4-4288c213caa0:group-E9E3C909E6AC changes to CANDIDATE, lastRpcTime:5136, electionTimeout:5126ms
2019-08-09 04:06:14,967 INFO  impl.RoleInfo (RoleInfo.java:shutdownFollowerState(121)) - 38f913d1-9530-429d-b1f4-4288c213caa0: shutdown FollowerState
2019-08-09 04:06:14,967 INFO  impl.RaftServerImpl (RaftServerImpl.java:setRole(171)) - 38f913d1-9530-429d-b1f4-4288c213caa0:group-E9E3C909E6AC changes role from FOLLOWER to CANDIDATE at term 0 for changeToCandidate
2019-08-09 04:06:14,967 INFO  impl.RoleInfo (RoleInfo.java:updateAndGet(143)) - 38f913d1-9530-429d-b1f4-4288c213caa0: start LeaderElection
2019-08-09 04:06:14,973 INFO  impl.FollowerState (FollowerState.java:run(106)) - b5d56376-e826-428b-9b7e-6c1b10865261:group-8E93204D98D2 changes to CANDIDATE, lastRpcTime:5008, electionTimeout:5002ms
2019-08-09 04:06:14,973 INFO  impl.RoleInfo (RoleInfo.java:shutdownFollowerState(121)) - b5d56376-e826-428b-9b7e-6c1b10865261: shutdown FollowerState
2019-08-09 04:06:14,973 INFO  impl.RaftServerImpl (RaftServerImpl.java:setRole(171)) - b5d56376-e826-428b-9b7e-6c1b10865261:group-8E93204D98D2 changes role from FOLLOWER to CANDIDATE at term 0 for changeToCandidate
2019-08-09 04:06:14,974 INFO  impl.RoleInfo (RoleInfo.java:updateAndGet(143)) - b5d56376-e826-428b-9b7e-6c1b10865261: start LeaderElection
2019-08-09 04:06:14,982 INFO  segmented.SegmentedRaftLogWorker (SegmentedRaftLogWorker.java:execute(569)) - 9ef1ccf9-27b0-4d20-ae16-b8d1ec02e178-SegmentedRaftLogWorker:Storage Directory /workdir/hadoop-ozone/integration-test/target/test-dir/MiniOzoneClusterImpl-ec6279a4-115b-4ea2-96cc-fb2f3d2234fd/datanode-6/data/ratis/d11872ee-a61b-482c-8702-75438a6e4499: created new log segment /workdir/hadoop-ozone/integration-test/target/test-dir/MiniOzoneClusterImpl-ec6279a4-115b-4ea2-96cc-fb2f3d2234fd/datanode-6/data/ratis/d11872ee-a61b-482c-8702-75438a6e4499/current/log_inprogress_0
2019-08-09 04:06:14,983 INFO  impl.LeaderElection (LeaderElection.java:askForVotes(181)) - b5d56376-e826-428b-9b7e-6c1b10865261:group-8E93204D98D2:LeaderElection6: begin an election at term 1 for -1: [b5d56376-e826-428b-9b7e-6c1b10865261:192.168.157.225:40329], old=null
2019-08-09 04:06:14,983 INFO  impl.LeaderElection (LeaderElection.java:askForVotes(181)) - 38f913d1-9530-429d-b1f4-4288c213caa0:group-E9E3C909E6AC:LeaderElection5: begin an election at term 1 for -1: [38f913d1-9530-429d-b1f4-4288c213caa0:192.168.157.225:39873], old=null
2019-08-09 04:06:14,985 INFO  impl.RoleInfo (RoleInfo.java:shutdownLeaderElection(134)) - b5d56376-e826-428b-9b7e-6c1b10865261: shutdown LeaderElection
2019-08-09 04:06:14,985 INFO  impl.RoleInfo (RoleInfo.java:shutdownLeaderElection(134)) - 38f913d1-9530-429d-b1f4-4288c213caa0: shutdown LeaderElection
2019-08-09 04:06:14,985 INFO  impl.RaftServerImpl (RaftServerImpl.java:setRole(171)) - b5d56376-e826-428b-9b7e-6c1b10865261:group-8E93204D98D2 changes role from CANDIDATE to LEADER at term 1 for changeToLeader
2019-08-09 04:06:14,985 INFO  impl.RaftServerImpl (RaftServerImpl.java:setRole(171)) - 38f913d1-9530-429d-b1f4-4288c213caa0:group-E9E3C909E6AC changes role from CANDIDATE to LEADER at term 1 for changeToLeader
2019-08-09 04:06:14,985 INFO  impl.RaftServerImpl (ServerState.java:setLeader(263)) - b5d56376-e826-428b-9b7e-6c1b10865261:group-8E93204D98D2 change Leader from null to b5d56376-e826-428b-9b7e-6c1b10865261 at term 1 for becomeLeader, leader elected after 5025ms
2019-08-09 04:06:14,985 INFO  impl.RaftServerImpl (ServerState.java:setLeader(263)) - 38f913d1-9530-429d-b1f4-4288c213caa0:group-E9E3C909E6AC change Leader from null to 38f913d1-9530-429d-b1f4-4288c213caa0 at term 1 for becomeLeader, leader elected after 5160ms
2019-08-09 04:06:14,987 INFO  server.RaftServerConfigKeys (ConfUtils.java:logGet(43)) - raft.server.staging.catchup.gap = 1000 (default)
2019-08-09 04:06:14,989 INFO  server.RaftServerConfigKeys (ConfUtils.java:logGet(43)) - raft.server.staging.catchup.gap = 1000 (default)
2019-08-09 04:06:14,989 INFO  server.RaftServerConfigKeys (ConfUtils.java:logGet(43)) - raft.server.rpc.sleep.time = 25ms (default)
2019-08-09 04:06:14,989 INFO  server.RaftServerConfigKeys (ConfUtils.java:logGet(43)) - raft.server.rpc.sleep.time = 25ms (default)
2019-08-09 04:06:14,989 INFO  server.RaftServerConfigKeys (ConfUtils.java:logGet(43)) - raft.server.write.element-limit = 4096 (default)
2019-08-09 04:06:14,989 INFO  server.RaftServerConfigKeys (ConfUtils.java:logGet(43)) - raft.server.write.element-limit = 4096 (default)
2019-08-09 04:06:14,990 INFO  server.RaftServerConfigKeys (ConfUtils.java:logGet(43)) - raft.server.watch.timeout = 10s (default)
2019-08-09 04:06:14,990 INFO  server.RaftServerConfigKeys (ConfUtils.java:logGet(43)) - raft.server.watch.timeout = 10s (default)
2019-08-09 04:06:14,990 INFO  server.RaftServerConfigKeys (ConfUtils.java:logGet(43)) - raft.server.watch.timeout.denomination = 1s (default)
2019-08-09 04:06:14,990 INFO  server.RaftServerConfigKeys (ConfUtils.java:logGet(43)) - raft.server.watch.timeout.denomination = 1s (default)
2019-08-09 04:06:14,990 INFO  server.RaftServerConfigKeys (ConfUtils.java:logGet(43)) - raft.server.watch.element-limit = 65536 (default)
2019-08-09 04:06:14,990 INFO  server.RaftServerConfigKeys (ConfUtils.java:logGet(43)) - raft.server.watch.element-limit = 65536 (default)
2019-08-09 04:06:14,991 INFO  impl.RoleInfo (RoleInfo.java:updateAndGet(143)) - b5d56376-e826-428b-9b7e-6c1b10865261: start LeaderState
2019-08-09 04:06:14,991 INFO  impl.RoleInfo (RoleInfo.java:updateAndGet(143)) - 38f913d1-9530-429d-b1f4-4288c213caa0: start LeaderState
2019-08-09 04:06:14,991 INFO  segmented.SegmentedRaftLogWorker (SegmentedRaftLogWorker.java:startLogSegment(380)) - 38f913d1-9530-429d-b1f4-4288c213caa0-SegmentedRaftLogWorker:Storage Directory /workdir/hadoop-ozone/integration-test/target/test-dir/MiniOzoneClusterImpl-ec6279a4-115b-4ea2-96cc-fb2f3d2234fd/datanode-2/data/ratis/87642ea6-00b7-4a26-81a9-e9e3c909e6ac: Starting segment from index:0
2019-08-09 04:06:14,991 INFO  segmented.SegmentedRaftLogWorker (SegmentedRaftLogWorker.java:startLogSegment(380)) - b5d56376-e826-428b-9b7e-6c1b10865261-SegmentedRaftLogWorker:Storage Directory /workdir/hadoop-ozone/integration-test/target/test-dir/MiniOzoneClusterImpl-ec6279a4-115b-4ea2-96cc-fb2f3d2234fd/datanode-4/data/ratis/5d4280e4-c02e-445b-9245-8e93204d98d2: Starting segment from index:0
2019-08-09 04:06:14,992 INFO  impl.RaftServerImpl (ServerState.java:setRaftConf(361)) - 38f913d1-9530-429d-b1f4-4288c213caa0:group-E9E3C909E6AC set configuration 0: [38f913d1-9530-429d-b1f4-4288c213caa0:192.168.157.225:39873], old=null at 0
2019-08-09 04:06:15,012 INFO  impl.RaftServerImpl (ServerState.java:setRaftConf(361)) - b5d56376-e826-428b-9b7e-6c1b10865261:group-8E93204D98D2 set configuration 0: [b5d56376-e826-428b-9b7e-6c1b10865261:192.168.157.225:40329], old=null at 0
2019-08-09 04:06:15,012 INFO  impl.FollowerState (FollowerState.java:run(106)) - 0ce5e6cd-8de3-45b3-81ac-211d253ac858:group-593EFE2C8980 changes to CANDIDATE, lastRpcTime:5110, electionTimeout:5108ms
2019-08-09 04:06:15,012 INFO  impl.RoleInfo (RoleInfo.java:shutdownFollowerState(121)) - 0ce5e6cd-8de3-45b3-81ac-211d253ac858: shutdown FollowerState
2019-08-09 04:06:15,033 INFO  impl.RaftServerImpl (RaftServerImpl.java:setRole(171)) - 0ce5e6cd-8de3-45b3-81ac-211d253ac858:group-593EFE2C8980 changes role from FOLLOWER to CANDIDATE at term 0 for changeToCandidate
2019-08-09 04:06:15,034 INFO  impl.RoleInfo (RoleInfo.java:updateAndGet(143)) - 0ce5e6cd-8de3-45b3-81ac-211d253ac858: start LeaderElection
2019-08-09 04:06:15,036 INFO  segmented.SegmentedRaftLogWorker (SegmentedRaftLogWorker.java:execute(569)) - 38f913d1-9530-429d-b1f4-4288c213caa0-SegmentedRaftLogWorker:Storage Directory /workdir/hadoop-ozone/integration-test/target/test-dir/MiniOzoneClusterImpl-ec6279a4-115b-4ea2-96cc-fb2f3d2234fd/datanode-2/data/ratis/87642ea6-00b7-4a26-81a9-e9e3c909e6ac: created new log segment /workdir/hadoop-ozone/integration-test/target/test-dir/MiniOzoneClusterImpl-ec6279a4-115b-4ea2-96cc-fb2f3d2234fd/datanode-2/data/ratis/87642ea6-00b7-4a26-81a9-e9e3c909e6ac/current/log_inprogress_0
2019-08-09 04:06:15,039 INFO  segmented.SegmentedRaftLogWorker (SegmentedRaftLogWorker.java:execute(569)) - b5d56376-e826-428b-9b7e-6c1b10865261-SegmentedRaftLogWorker:Storage Directory /workdir/hadoop-ozone/integration-test/target/test-dir/MiniOzoneClusterImpl-ec6279a4-115b-4ea2-96cc-fb2f3d2234fd/datanode-4/data/ratis/5d4280e4-c02e-445b-9245-8e93204d98d2: created new log segment /workdir/hadoop-ozone/integration-test/target/test-dir/MiniOzoneClusterImpl-ec6279a4-115b-4ea2-96cc-fb2f3d2234fd/datanode-4/data/ratis/5d4280e4-c02e-445b-9245-8e93204d98d2/current/log_inprogress_0
2019-08-09 04:06:15,052 INFO  impl.LeaderElection (LeaderElection.java:askForVotes(181)) - 0ce5e6cd-8de3-45b3-81ac-211d253ac858:group-593EFE2C8980:LeaderElection7: begin an election at term 1 for -1: [0ce5e6cd-8de3-45b3-81ac-211d253ac858:192.168.157.225:34617], old=null
2019-08-09 04:06:15,064 INFO  impl.RoleInfo (RoleInfo.java:shutdownLeaderElection(134)) - 0ce5e6cd-8de3-45b3-81ac-211d253ac858: shutdown LeaderElection
2019-08-09 04:06:15,064 INFO  impl.RaftServerImpl (RaftServerImpl.java:setRole(171)) - 0ce5e6cd-8de3-45b3-81ac-211d253ac858:group-593EFE2C8980 changes role from CANDIDATE to LEADER at term 1 for changeToLeader
2019-08-09 04:06:15,064 INFO  impl.RaftServerImpl (ServerState.java:setLeader(263)) - 0ce5e6cd-8de3-45b3-81ac-211d253ac858:group-593EFE2C8980 change Leader from null to 0ce5e6cd-8de3-45b3-81ac-211d253ac858 at term 1 for becomeLeader, leader elected after 5168ms
2019-08-09 04:06:15,066 INFO  server.RaftServerConfigKeys (ConfUtils.java:logGet(43)) - raft.server.staging.catchup.gap = 1000 (default)
2019-08-09 04:06:15,066 INFO  server.RaftServerConfigKeys (ConfUtils.java:logGet(43)) - raft.server.rpc.sleep.time = 25ms (default)
2019-08-09 04:06:15,066 INFO  server.RaftServerConfigKeys (ConfUtils.java:logGet(43)) - raft.server.write.element-limit = 4096 (default)
2019-08-09 04:06:15,066 INFO  server.RaftServerConfigKeys (ConfUtils.java:logGet(43)) - raft.server.watch.timeout = 10s (default)
2019-08-09 04:06:15,067 INFO  server.RaftServerConfigKeys (ConfUtils.java:logGet(43)) - raft.server.watch.timeout.denomination = 1s (default)
2019-08-09 04:06:15,067 INFO  server.RaftServerConfigKeys (ConfUtils.java:logGet(43)) - raft.server.watch.element-limit = 65536 (default)
2019-08-09 04:06:15,067 INFO  impl.RoleInfo (RoleInfo.java:updateAndGet(143)) - 0ce5e6cd-8de3-45b3-81ac-211d253ac858: start LeaderState
2019-08-09 04:06:15,068 INFO  segmented.SegmentedRaftLogWorker (SegmentedRaftLogWorker.java:startLogSegment(380)) - 0ce5e6cd-8de3-45b3-81ac-211d253ac858-SegmentedRaftLogWorker:Storage Directory /workdir/hadoop-ozone/integration-test/target/test-dir/MiniOzoneClusterImpl-ec6279a4-115b-4ea2-96cc-fb2f3d2234fd/datanode-5/data/ratis/fd094217-0dba-4c05-8c54-593efe2c8980: Starting segment from index:0
2019-08-09 04:06:15,068 INFO  impl.RaftServerImpl (ServerState.java:setRaftConf(361)) - 0ce5e6cd-8de3-45b3-81ac-211d253ac858:group-593EFE2C8980 set configuration 0: [0ce5e6cd-8de3-45b3-81ac-211d253ac858:192.168.157.225:34617], old=null at 0
2019-08-09 04:06:15,101 INFO  segmented.SegmentedRaftLogWorker (SegmentedRaftLogWorker.java:execute(569)) - 0ce5e6cd-8de3-45b3-81ac-211d253ac858-SegmentedRaftLogWorker:Storage Directory /workdir/hadoop-ozone/integration-test/target/test-dir/MiniOzoneClusterImpl-ec6279a4-115b-4ea2-96cc-fb2f3d2234fd/datanode-5/data/ratis/fd094217-0dba-4c05-8c54-593efe2c8980: created new log segment /workdir/hadoop-ozone/integration-test/target/test-dir/MiniOzoneClusterImpl-ec6279a4-115b-4ea2-96cc-fb2f3d2234fd/datanode-5/data/ratis/fd094217-0dba-4c05-8c54-593efe2c8980/current/log_inprogress_0
2019-08-09 04:06:15,209 INFO  impl.FollowerState (FollowerState.java:run(106)) - ee6f2503-878b-43f1-960a-6bf65f2ea515:group-4F6DA14AFD69 changes to CANDIDATE, lastRpcTime:5117, electionTimeout:5115ms
2019-08-09 04:06:15,209 INFO  impl.RoleInfo (RoleInfo.java:shutdownFollowerState(121)) - ee6f2503-878b-43f1-960a-6bf65f2ea515: shutdown FollowerState
2019-08-09 04:06:15,209 INFO  impl.RaftServerImpl (RaftServerImpl.java:setRole(171)) - ee6f2503-878b-43f1-960a-6bf65f2ea515:group-4F6DA14AFD69 changes role from FOLLOWER to CANDIDATE at term 0 for changeToCandidate
2019-08-09 04:06:15,209 INFO  impl.RoleInfo (RoleInfo.java:updateAndGet(143)) - ee6f2503-878b-43f1-960a-6bf65f2ea515: start LeaderElection
2019-08-09 04:06:15,230 INFO  impl.LeaderElection (LeaderElection.java:askForVotes(181)) - ee6f2503-878b-43f1-960a-6bf65f2ea515:group-4F6DA14AFD69:LeaderElection8: begin an election at term 1 for -1: [273743e4-f594-495f-8d4d-0ec9e58aa536:192.168.157.225:42943, ee6f2503-878b-43f1-960a-6bf65f2ea515:192.168.157.225:35407, c2523a8d-fb10-4a6c-9103-7ce8cd297fa3:192.168.157.225:37055], old=null
2019-08-09 04:06:15,262 INFO  impl.FollowerState (FollowerState.java:run(106)) - c2523a8d-fb10-4a6c-9103-7ce8cd297fa3:group-4F6DA14AFD69 changes to CANDIDATE, lastRpcTime:5176, electionTimeout:5173ms
2019-08-09 04:06:15,262 INFO  impl.RoleInfo (RoleInfo.java:shutdownFollowerState(121)) - c2523a8d-fb10-4a6c-9103-7ce8cd297fa3: shutdown FollowerState
2019-08-09 04:06:15,262 INFO  impl.RaftServerImpl (RaftServerImpl.java:setRole(171)) - c2523a8d-fb10-4a6c-9103-7ce8cd297fa3:group-4F6DA14AFD69 changes role from FOLLOWER to CANDIDATE at term 0 for changeToCandidate
2019-08-09 04:06:15,263 INFO  impl.RoleInfo (RoleInfo.java:updateAndGet(143)) - c2523a8d-fb10-4a6c-9103-7ce8cd297fa3: start LeaderElection
2019-08-09 04:06:15,269 INFO  impl.FollowerState (FollowerState.java:run(106)) - 273743e4-f594-495f-8d4d-0ec9e58aa536:group-4F6DA14AFD69 changes to CANDIDATE, lastRpcTime:5177, electionTimeout:5172ms
2019-08-09 04:06:15,269 INFO  impl.RoleInfo (RoleInfo.java:shutdownFollowerState(121)) - 273743e4-f594-495f-8d4d-0ec9e58aa536: shutdown FollowerState
2019-08-09 04:06:15,269 INFO  impl.RaftServerImpl (RaftServerImpl.java:setRole(171)) - 273743e4-f594-495f-8d4d-0ec9e58aa536:group-4F6DA14AFD69 changes role from FOLLOWER to CANDIDATE at term 0 for changeToCandidate
2019-08-09 04:06:15,269 INFO  impl.RoleInfo (RoleInfo.java:updateAndGet(143)) - 273743e4-f594-495f-8d4d-0ec9e58aa536: start LeaderElection
2019-08-09 04:06:15,289 INFO  impl.LeaderElection (LeaderElection.java:askForVotes(181)) - c2523a8d-fb10-4a6c-9103-7ce8cd297fa3:group-4F6DA14AFD69:LeaderElection9: begin an election at term 1 for -1: [273743e4-f594-495f-8d4d-0ec9e58aa536:192.168.157.225:42943, ee6f2503-878b-43f1-960a-6bf65f2ea515:192.168.157.225:35407, c2523a8d-fb10-4a6c-9103-7ce8cd297fa3:192.168.157.225:37055], old=null
2019-08-09 04:06:15,289 INFO  impl.LeaderElection (LeaderElection.java:askForVotes(181)) - 273743e4-f594-495f-8d4d-0ec9e58aa536:group-4F6DA14AFD69:LeaderElection10: begin an election at term 1 for -1: [273743e4-f594-495f-8d4d-0ec9e58aa536:192.168.157.225:42943, ee6f2503-878b-43f1-960a-6bf65f2ea515:192.168.157.225:35407, c2523a8d-fb10-4a6c-9103-7ce8cd297fa3:192.168.157.225:37055], old=null
2019-08-09 04:06:15,319 INFO  impl.LeaderElection (LeaderElection.java:logAndReturn(56)) - ee6f2503-878b-43f1-960a-6bf65f2ea515:group-4F6DA14AFD69:LeaderElection8: Election REJECTED; received 2 response(s) [ee6f2503-878b-43f1-960a-6bf65f2ea515<-273743e4-f594-495f-8d4d-0ec9e58aa536#0:FAIL-t1, ee6f2503-878b-43f1-960a-6bf65f2ea515<-c2523a8d-fb10-4a6c-9103-7ce8cd297fa3#0:FAIL-t1] and 0 exception(s); ee6f2503-878b-43f1-960a-6bf65f2ea515:t1, leader=null, voted=ee6f2503-878b-43f1-960a-6bf65f2ea515, raftlog=ee6f2503-878b-43f1-960a-6bf65f2ea515-SegmentedRaftLog:OPENED:c-1,f-1,i0, conf=-1: [273743e4-f594-495f-8d4d-0ec9e58aa536:192.168.157.225:42943, ee6f2503-878b-43f1-960a-6bf65f2ea515:192.168.157.225:35407, c2523a8d-fb10-4a6c-9103-7ce8cd297fa3:192.168.157.225:37055], old=null
2019-08-09 04:06:15,321 INFO  impl.RaftServerImpl (RaftServerImpl.java:setRole(171)) - ee6f2503-878b-43f1-960a-6bf65f2ea515:group-4F6DA14AFD69 changes role from CANDIDATE to FOLLOWER at term 1 for DISCOVERED_A_NEW_TERM
2019-08-09 04:06:15,323 INFO  impl.RoleInfo (RoleInfo.java:shutdownLeaderElection(134)) - ee6f2503-878b-43f1-960a-6bf65f2ea515: shutdown LeaderElection
2019-08-09 04:06:15,323 INFO  impl.FollowerState (FollowerState.java:run(106)) - 38f913d1-9530-429d-b1f4-4288c213caa0:group-0E8E625CCD0D changes to CANDIDATE, lastRpcTime:5108, electionTimeout:5108ms
2019-08-09 04:06:15,325 INFO  impl.RoleInfo (RoleInfo.java:updateAndGet(143)) - ee6f2503-878b-43f1-960a-6bf65f2ea515: start FollowerState
2019-08-09 04:06:15,325 INFO  impl.RoleInfo (RoleInfo.java:shutdownFollowerState(121)) - 38f913d1-9530-429d-b1f4-4288c213caa0: shutdown FollowerState
2019-08-09 04:06:15,325 INFO  impl.RaftServerImpl (RaftServerImpl.java:setRole(171)) - 38f913d1-9530-429d-b1f4-4288c213caa0:group-0E8E625CCD0D changes role from FOLLOWER to CANDIDATE at term 0 for changeToCandidate
2019-08-09 04:06:15,327 INFO  impl.RoleInfo (RoleInfo.java:updateAndGet(143)) - 38f913d1-9530-429d-b1f4-4288c213caa0: start LeaderElection
2019-08-09 04:06:15,352 INFO  impl.LeaderElection (LeaderElection.java:logAndReturn(56)) - c2523a8d-fb10-4a6c-9103-7ce8cd297fa3:group-4F6DA14AFD69:LeaderElection9: Election REJECTED; received 2 response(s) [c2523a8d-fb10-4a6c-9103-7ce8cd297fa3<-273743e4-f594-495f-8d4d-0ec9e58aa536#0:FAIL-t1, c2523a8d-fb10-4a6c-9103-7ce8cd297fa3<-ee6f2503-878b-43f1-960a-6bf65f2ea515#0:FAIL-t1] and 0 exception(s); c2523a8d-fb10-4a6c-9103-7ce8cd297fa3:t1, leader=null, voted=c2523a8d-fb10-4a6c-9103-7ce8cd297fa3, raftlog=c2523a8d-fb10-4a6c-9103-7ce8cd297fa3-SegmentedRaftLog:OPENED:c-1,f-1,i0, conf=-1: [273743e4-f594-495f-8d4d-0ec9e58aa536:192.168.157.225:42943, ee6f2503-878b-43f1-960a-6bf65f2ea515:192.168.157.225:35407, c2523a8d-fb10-4a6c-9103-7ce8cd297fa3:192.168.157.225:37055], old=null
2019-08-09 04:06:15,353 INFO  impl.RaftServerImpl (RaftServerImpl.java:setRole(171)) - c2523a8d-fb10-4a6c-9103-7ce8cd297fa3:group-4F6DA14AFD69 changes role from CANDIDATE to FOLLOWER at term 1 for DISCOVERED_A_NEW_TERM
2019-08-09 04:06:15,356 INFO  impl.RoleInfo (RoleInfo.java:shutdownLeaderElection(134)) - c2523a8d-fb10-4a6c-9103-7ce8cd297fa3: shutdown LeaderElection
2019-08-09 04:06:15,356 INFO  impl.LeaderElection (LeaderElection.java:askForVotes(181)) - 38f913d1-9530-429d-b1f4-4288c213caa0:group-0E8E625CCD0D:LeaderElection11: begin an election at term 1 for -1: [0ce5e6cd-8de3-45b3-81ac-211d253ac858:192.168.157.225:34617, 38f913d1-9530-429d-b1f4-4288c213caa0:192.168.157.225:39873, 9ef1ccf9-27b0-4d20-ae16-b8d1ec02e178:192.168.157.225:35653], old=null
2019-08-09 04:06:15,357 INFO  impl.FollowerState (FollowerState.java:run(106)) - 9ef1ccf9-27b0-4d20-ae16-b8d1ec02e178:group-0E8E625CCD0D changes to CANDIDATE, lastRpcTime:5137, electionTimeout:5132ms
2019-08-09 04:06:15,356 INFO  impl.RoleInfo (RoleInfo.java:updateAndGet(143)) - c2523a8d-fb10-4a6c-9103-7ce8cd297fa3: start FollowerState
2019-08-09 04:06:15,358 INFO  impl.RoleInfo (RoleInfo.java:shutdownFollowerState(121)) - 9ef1ccf9-27b0-4d20-ae16-b8d1ec02e178: shutdown FollowerState
2019-08-09 04:06:15,358 INFO  impl.RaftServerImpl (RaftServerImpl.java:setRole(171)) - 9ef1ccf9-27b0-4d20-ae16-b8d1ec02e178:group-0E8E625CCD0D changes role from FOLLOWER to CANDIDATE at term 0 for changeToCandidate
2019-08-09 04:06:15,360 INFO  impl.RoleInfo (RoleInfo.java:updateAndGet(143)) - 9ef1ccf9-27b0-4d20-ae16-b8d1ec02e178: start LeaderElection
2019-08-09 04:06:15,363 INFO  impl.LeaderElection (LeaderElection.java:logAndReturn(56)) - 273743e4-f594-495f-8d4d-0ec9e58aa536:group-4F6DA14AFD69:LeaderElection10: Election REJECTED; received 2 response(s) [273743e4-f594-495f-8d4d-0ec9e58aa536<-c2523a8d-fb10-4a6c-9103-7ce8cd297fa3#0:FAIL-t1, 273743e4-f594-495f-8d4d-0ec9e58aa536<-ee6f2503-878b-43f1-960a-6bf65f2ea515#0:FAIL-t1] and 0 exception(s); 273743e4-f594-495f-8d4d-0ec9e58aa536:t1, leader=null, voted=273743e4-f594-495f-8d4d-0ec9e58aa536, raftlog=273743e4-f594-495f-8d4d-0ec9e58aa536-SegmentedRaftLog:OPENED:c-1,f-1,i0, conf=-1: [273743e4-f594-495f-8d4d-0ec9e58aa536:192.168.157.225:42943, ee6f2503-878b-43f1-960a-6bf65f2ea515:192.168.157.225:35407, c2523a8d-fb10-4a6c-9103-7ce8cd297fa3:192.168.157.225:37055], old=null
2019-08-09 04:06:15,364 INFO  impl.RaftServerImpl (RaftServerImpl.java:setRole(171)) - 273743e4-f594-495f-8d4d-0ec9e58aa536:group-4F6DA14AFD69 changes role from CANDIDATE to FOLLOWER at term 1 for DISCOVERED_A_NEW_TERM
2019-08-09 04:06:15,365 INFO  impl.RoleInfo (RoleInfo.java:shutdownLeaderElection(134)) - 273743e4-f594-495f-8d4d-0ec9e58aa536: shutdown LeaderElection
2019-08-09 04:06:15,367 INFO  impl.RoleInfo (RoleInfo.java:updateAndGet(143)) - 273743e4-f594-495f-8d4d-0ec9e58aa536: start FollowerState
2019-08-09 04:06:15,377 INFO  impl.RaftServerImpl (RaftServerImpl.java:setRole(171)) - 0ce5e6cd-8de3-45b3-81ac-211d253ac858:group-0E8E625CCD0D changes role from FOLLOWER to FOLLOWER at term 1 for recognizeCandidate:38f913d1-9530-429d-b1f4-4288c213caa0
2019-08-09 04:06:15,379 INFO  impl.LeaderElection (LeaderElection.java:askForVotes(181)) - 9ef1ccf9-27b0-4d20-ae16-b8d1ec02e178:group-0E8E625CCD0D:LeaderElection12: begin an election at term 1 for -1: [0ce5e6cd-8de3-45b3-81ac-211d253ac858:192.168.157.225:34617, 38f913d1-9530-429d-b1f4-4288c213caa0:192.168.157.225:39873, 9ef1ccf9-27b0-4d20-ae16-b8d1ec02e178:192.168.157.225:35653], old=null
2019-08-09 04:06:15,380 INFO  impl.RoleInfo (RoleInfo.java:shutdownFollowerState(121)) - 0ce5e6cd-8de3-45b3-81ac-211d253ac858: shutdown FollowerState
2019-08-09 04:06:15,382 INFO  impl.RoleInfo (RoleInfo.java:updateAndGet(143)) - 0ce5e6cd-8de3-45b3-81ac-211d253ac858: start FollowerState
2019-08-09 04:06:15,389 INFO  impl.FollowerState (FollowerState.java:run(114)) - 0ce5e6cd-8de3-45b3-81ac-211d253ac858: FollowerState was interrupted: java.lang.InterruptedException: sleep interrupted
2019-08-09 04:06:15,414 INFO  client.GrpcClientProtocolClient (GrpcClientProtocolClient.java:onNext(255)) - client-F39E1B87B77B->0ce5e6cd-8de3-45b3-81ac-211d253ac858: receive RaftClientReply:client-F39E1B87B77B->0ce5e6cd-8de3-45b3-81ac-211d253ac858@group-0E8E625CCD0D, cid=13, FAILED org.apache.ratis.protocol.NotLeaderException: Server 0ce5e6cd-8de3-45b3-81ac-211d253ac858 is not the leader (null). Request must be sent to leader., logIndex=0, commits[0ce5e6cd-8de3-45b3-81ac-211d253ac858:c-1]
2019-08-09 04:06:15,419 INFO  impl.LeaderElection (LeaderElection.java:logAndReturn(56)) - 38f913d1-9530-429d-b1f4-4288c213caa0:group-0E8E625CCD0D:LeaderElection11: Election PASSED; received 2 response(s) [38f913d1-9530-429d-b1f4-4288c213caa0<-0ce5e6cd-8de3-45b3-81ac-211d253ac858#0:OK-t1, 38f913d1-9530-429d-b1f4-4288c213caa0<-9ef1ccf9-27b0-4d20-ae16-b8d1ec02e178#0:FAIL-t1] and 0 exception(s); 38f913d1-9530-429d-b1f4-4288c213caa0:t1, leader=null, voted=38f913d1-9530-429d-b1f4-4288c213caa0, raftlog=38f913d1-9530-429d-b1f4-4288c213caa0-SegmentedRaftLog:OPENED:c-1,f-1,i0, conf=-1: [0ce5e6cd-8de3-45b3-81ac-211d253ac858:192.168.157.225:34617, 38f913d1-9530-429d-b1f4-4288c213caa0:192.168.157.225:39873, 9ef1ccf9-27b0-4d20-ae16-b8d1ec02e178:192.168.157.225:35653], old=null
2019-08-09 04:06:15,421 INFO  impl.RoleInfo (RoleInfo.java:shutdownLeaderElection(134)) - 38f913d1-9530-429d-b1f4-4288c213caa0: shutdown LeaderElection
2019-08-09 04:06:15,421 INFO  impl.RaftServerImpl (RaftServerImpl.java:setRole(171)) - 38f913d1-9530-429d-b1f4-4288c213caa0:group-0E8E625CCD0D changes role from CANDIDATE to LEADER at term 1 for changeToLeader
2019-08-09 04:06:15,421 INFO  impl.RaftServerImpl (ServerState.java:setLeader(263)) - 38f913d1-9530-429d-b1f4-4288c213caa0:group-0E8E625CCD0D change Leader from null to 38f913d1-9530-429d-b1f4-4288c213caa0 at term 1 for becomeLeader, leader elected after 5223ms
2019-08-09 04:06:15,424 INFO  server.RaftServerConfigKeys (ConfUtils.java:logGet(43)) - raft.server.staging.catchup.gap = 1000 (default)
2019-08-09 04:06:15,426 INFO  server.RaftServerConfigKeys (ConfUtils.java:logGet(43)) - raft.server.rpc.sleep.time = 25ms (default)
2019-08-09 04:06:15,426 INFO  impl.LeaderElection (LeaderElection.java:logAndReturn(56)) - 9ef1ccf9-27b0-4d20-ae16-b8d1ec02e178:group-0E8E625CCD0D:LeaderElection12: Election REJECTED; received 2 response(s) [9ef1ccf9-27b0-4d20-ae16-b8d1ec02e178<-0ce5e6cd-8de3-45b3-81ac-211d253ac858#0:FAIL-t1, 9ef1ccf9-27b0-4d20-ae16-b8d1ec02e178<-38f913d1-9530-429d-b1f4-4288c213caa0#0:FAIL-t1] and 0 exception(s); 9ef1ccf9-27b0-4d20-ae16-b8d1ec02e178:t1, leader=null, voted=9ef1ccf9-27b0-4d20-ae16-b8d1ec02e178, raftlog=9ef1ccf9-27b0-4d20-ae16-b8d1ec02e178-SegmentedRaftLog:OPENED:c-1,f-1,i0, conf=-1: [0ce5e6cd-8de3-45b3-81ac-211d253ac858:192.168.157.225:34617, 38f913d1-9530-429d-b1f4-4288c213caa0:192.168.157.225:39873, 9ef1ccf9-27b0-4d20-ae16-b8d1ec02e178:192.168.157.225:35653], old=null
2019-08-09 04:06:15,428 INFO  server.RaftServerConfigKeys (ConfUtils.java:logGet(43)) - raft.server.write.element-limit = 4096 (default)
2019-08-09 04:06:15,428 INFO  impl.RaftServerImpl (RaftServerImpl.java:setRole(171)) - 9ef1ccf9-27b0-4d20-ae16-b8d1ec02e178:group-0E8E625CCD0D changes role from CANDIDATE to FOLLOWER at term 1 for DISCOVERED_A_NEW_TERM
2019-08-09 04:06:15,434 INFO  server.RaftServerConfigKeys (ConfUtils.java:logGet(43)) - raft.server.watch.timeout = 10s (default)
2019-08-09 04:06:15,442 INFO  impl.RoleInfo (RoleInfo.java:shutdownLeaderElection(134)) - 9ef1ccf9-27b0-4d20-ae16-b8d1ec02e178: shutdown LeaderElection
2019-08-09 04:06:15,442 INFO  server.RaftServerConfigKeys (ConfUtils.java:logGet(43)) - raft.server.watch.timeout.denomination = 1s (default)
2019-08-09 04:06:15,443 INFO  impl.RoleInfo (RoleInfo.java:updateAndGet(143)) - 9ef1ccf9-27b0-4d20-ae16-b8d1ec02e178: start FollowerState
2019-08-09 04:06:15,445 INFO  server.RaftServerConfigKeys (ConfUtils.java:logGet(43)) - raft.server.watch.element-limit = 65536 (default)
2019-08-09 04:06:15,448 INFO  server.RaftServerConfigKeys (ConfUtils.java:logGet(43)) - raft.server.log.appender.snapshot.chunk.size.max = 16MB (=16777216) (default)
2019-08-09 04:06:15,448 INFO  server.RaftServerConfigKeys (ConfUtils.java:logGet(43)) - raft.server.log.appender.buffer.byte-limit = 33554432 (custom)
2019-08-09 04:06:15,449 INFO  server.RaftServerConfigKeys (ConfUtils.java:logGet(43)) - raft.server.log.appender.buffer.element-limit = 1 (custom)
2019-08-09 04:06:15,453 INFO  grpc.GrpcConfigKeys$Server (ConfUtils.java:logGet(43)) - raft.grpc.server.leader.outstanding.appends.max = 128 (default)
2019-08-09 04:06:15,455 INFO  server.RaftServerConfigKeys (ConfUtils.java:logGet(43)) - raft.server.rpc.request.timeout = 3000ms (default)
2019-08-09 04:06:15,456 INFO  server.RaftServerConfigKeys (ConfUtils.java:logGet(43)) - raft.server.log.appender.install.snapshot.enabled = false (custom)
2019-08-09 04:06:15,456 INFO  server.RaftServerConfigKeys (ConfUtils.java:logGet(43)) - raft.server.log.appender.snapshot.chunk.size.max = 16MB (=16777216) (default)
2019-08-09 04:06:15,456 INFO  server.RaftServerConfigKeys (ConfUtils.java:logGet(43)) - raft.server.log.appender.buffer.byte-limit = 33554432 (custom)
2019-08-09 04:06:15,456 INFO  server.RaftServerConfigKeys (ConfUtils.java:logGet(43)) - raft.server.log.appender.buffer.element-limit = 1 (custom)
2019-08-09 04:06:15,457 INFO  grpc.GrpcConfigKeys$Server (ConfUtils.java:logGet(43)) - raft.grpc.server.leader.outstanding.appends.max = 128 (default)
2019-08-09 04:06:15,457 INFO  server.RaftServerConfigKeys (ConfUtils.java:logGet(43)) - raft.server.rpc.request.timeout = 3000ms (default)
2019-08-09 04:06:15,457 INFO  server.RaftServerConfigKeys (ConfUtils.java:logGet(43)) - raft.server.log.appender.install.snapshot.enabled = false (custom)
2019-08-09 04:06:15,459 INFO  impl.RoleInfo (RoleInfo.java:updateAndGet(143)) - 38f913d1-9530-429d-b1f4-4288c213caa0: start LeaderState
2019-08-09 04:06:15,459 INFO  segmented.SegmentedRaftLogWorker (SegmentedRaftLogWorker.java:startLogSegment(380)) - 38f913d1-9530-429d-b1f4-4288c213caa0-SegmentedRaftLogWorker:Storage Directory /workdir/hadoop-ozone/integration-test/target/test-dir/MiniOzoneClusterImpl-ec6279a4-115b-4ea2-96cc-fb2f3d2234fd/datanode-2/data/ratis/2d48d9d3-2aaa-4a3d-a81e-0e8e625ccd0d: Starting segment from index:0
2019-08-09 04:06:15,460 INFO  impl.RaftServerImpl (ServerState.java:setRaftConf(361)) - 38f913d1-9530-429d-b1f4-4288c213caa0:group-0E8E625CCD0D set configuration 0: [0ce5e6cd-8de3-45b3-81ac-211d253ac858:192.168.157.225:34617, 38f913d1-9530-429d-b1f4-4288c213caa0:192.168.157.225:39873, 9ef1ccf9-27b0-4d20-ae16-b8d1ec02e178:192.168.157.225:35653], old=null at 0
2019-08-09 04:06:15,491 INFO  impl.RaftServerImpl (ServerState.java:setLeader(263)) - 0ce5e6cd-8de3-45b3-81ac-211d253ac858:group-0E8E625CCD0D change Leader from null to 38f913d1-9530-429d-b1f4-4288c213caa0 at term 1 for appendEntries, leader elected after 5292ms
2019-08-09 04:06:15,491 INFO  impl.RaftServerImpl (ServerState.java:setLeader(263)) - 9ef1ccf9-27b0-4d20-ae16-b8d1ec02e178:group-0E8E625CCD0D change Leader from null to 38f913d1-9530-429d-b1f4-4288c213caa0 at term 1 for appendEntries, leader elected after 5291ms
2019-08-09 04:06:15,494 INFO  segmented.SegmentedRaftLogWorker (SegmentedRaftLogWorker.java:execute(569)) - 38f913d1-9530-429d-b1f4-4288c213caa0-SegmentedRaftLogWorker:Storage Directory /workdir/hadoop-ozone/integration-test/target/test-dir/MiniOzoneClusterImpl-ec6279a4-115b-4ea2-96cc-fb2f3d2234fd/datanode-2/data/ratis/2d48d9d3-2aaa-4a3d-a81e-0e8e625ccd0d: created new log segment /workdir/hadoop-ozone/integration-test/target/test-dir/MiniOzoneClusterImpl-ec6279a4-115b-4ea2-96cc-fb2f3d2234fd/datanode-2/data/ratis/2d48d9d3-2aaa-4a3d-a81e-0e8e625ccd0d/current/log_inprogress_0
2019-08-09 04:06:15,528 INFO  impl.RaftServerImpl (ServerState.java:setRaftConf(361)) - 0ce5e6cd-8de3-45b3-81ac-211d253ac858:group-0E8E625CCD0D set configuration 0: [0ce5e6cd-8de3-45b3-81ac-211d253ac858:192.168.157.225:34617, 38f913d1-9530-429d-b1f4-4288c213caa0:192.168.157.225:39873, 9ef1ccf9-27b0-4d20-ae16-b8d1ec02e178:192.168.157.225:35653], old=null at 0
2019-08-09 04:06:15,528 INFO  impl.RaftServerImpl (ServerState.java:setRaftConf(361)) - 9ef1ccf9-27b0-4d20-ae16-b8d1ec02e178:group-0E8E625CCD0D set configuration 0: [0ce5e6cd-8de3-45b3-81ac-211d253ac858:192.168.157.225:34617, 38f913d1-9530-429d-b1f4-4288c213caa0:192.168.157.225:39873, 9ef1ccf9-27b0-4d20-ae16-b8d1ec02e178:192.168.157.225:35653], old=null at 0
2019-08-09 04:06:15,530 INFO  segmented.SegmentedRaftLogWorker (SegmentedRaftLogWorker.java:startLogSegment(380)) - 0ce5e6cd-8de3-45b3-81ac-211d253ac858-SegmentedRaftLogWorker:Storage Directory /workdir/hadoop-ozone/integration-test/target/test-dir/MiniOzoneClusterImpl-ec6279a4-115b-4ea2-96cc-fb2f3d2234fd/datanode-5/data/ratis/2d48d9d3-2aaa-4a3d-a81e-0e8e625ccd0d: Starting segment from index:0
2019-08-09 04:06:15,530 INFO  segmented.SegmentedRaftLogWorker (SegmentedRaftLogWorker.java:startLogSegment(380)) - 9ef1ccf9-27b0-4d20-ae16-b8d1ec02e178-SegmentedRaftLogWorker:Storage Directory /workdir/hadoop-ozone/integration-test/target/test-dir/MiniOzoneClusterImpl-ec6279a4-115b-4ea2-96cc-fb2f3d2234fd/datanode-6/data/ratis/2d48d9d3-2aaa-4a3d-a81e-0e8e625ccd0d: Starting segment from index:0
2019-08-09 04:06:15,561 INFO  segmented.SegmentedRaftLogWorker (SegmentedRaftLogWorker.java:execute(569)) - 0ce5e6cd-8de3-45b3-81ac-211d253ac858-SegmentedRaftLogWorker:Storage Directory /workdir/hadoop-ozone/integration-test/target/test-dir/MiniOzoneClusterImpl-ec6279a4-115b-4ea2-96cc-fb2f3d2234fd/datanode-5/data/ratis/2d48d9d3-2aaa-4a3d-a81e-0e8e625ccd0d: created new log segment /workdir/hadoop-ozone/integration-test/target/test-dir/MiniOzoneClusterImpl-ec6279a4-115b-4ea2-96cc-fb2f3d2234fd/datanode-5/data/ratis/2d48d9d3-2aaa-4a3d-a81e-0e8e625ccd0d/current/log_inprogress_0
2019-08-09 04:06:15,561 INFO  segmented.SegmentedRaftLogWorker (SegmentedRaftLogWorker.java:execute(569)) - 9ef1ccf9-27b0-4d20-ae16-b8d1ec02e178-SegmentedRaftLogWorker:Storage Directory /workdir/hadoop-ozone/integration-test/target/test-dir/MiniOzoneClusterImpl-ec6279a4-115b-4ea2-96cc-fb2f3d2234fd/datanode-6/data/ratis/2d48d9d3-2aaa-4a3d-a81e-0e8e625ccd0d: created new log segment /workdir/hadoop-ozone/integration-test/target/test-dir/MiniOzoneClusterImpl-ec6279a4-115b-4ea2-96cc-fb2f3d2234fd/datanode-6/data/ratis/2d48d9d3-2aaa-4a3d-a81e-0e8e625ccd0d/current/log_inprogress_0
2019-08-09 04:06:16,437 INFO  client.GrpcClientProtocolClient (GrpcClientProtocolClient.java:onNext(255)) - client-F39E1B87B77B->9ef1ccf9-27b0-4d20-ae16-b8d1ec02e178: receive RaftClientReply:client-F39E1B87B77B->9ef1ccf9-27b0-4d20-ae16-b8d1ec02e178@group-0E8E625CCD0D, cid=13, FAILED org.apache.ratis.protocol.NotLeaderException: Server 9ef1ccf9-27b0-4d20-ae16-b8d1ec02e178 is not the leader (38f913d1-9530-429d-b1f4-4288c213caa0:192.168.157.225:39873). Request must be sent to leader., logIndex=0, commits[9ef1ccf9-27b0-4d20-ae16-b8d1ec02e178:c0, 0ce5e6cd-8de3-45b3-81ac-211d253ac858:c-1, 38f913d1-9530-429d-b1f4-4288c213caa0:c0]
2019-08-09 04:06:16,766 INFO  client.GrpcClientProtocolClient (GrpcClientProtocolClient.java:onNext(255)) - client-F39E1B87B77B->38f913d1-9530-429d-b1f4-4288c213caa0: receive RaftClientReply:client-F39E1B87B77B->38f913d1-9530-429d-b1f4-4288c213caa0@group-0E8E625CCD0D, cid=13, SUCCESS, logIndex=1, commits[38f913d1-9530-429d-b1f4-4288c213caa0:c1, 0ce5e6cd-8de3-45b3-81ac-211d253ac858:c0, 9ef1ccf9-27b0-4d20-ae16-b8d1ec02e178:c0]
2019-08-09 04:06:16,807 INFO  client.GrpcClientProtocolClient (GrpcClientProtocolClient.java:onNext(255)) - client-F39E1B87B77B->38f913d1-9530-429d-b1f4-4288c213caa0: receive RaftClientReply:client-F39E1B87B77B->38f913d1-9530-429d-b1f4-4288c213caa0@group-0E8E625CCD0D, cid=14, SUCCESS, logIndex=3, commits[38f913d1-9530-429d-b1f4-4288c213caa0:c3, 0ce5e6cd-8de3-45b3-81ac-211d253ac858:c2, 9ef1ccf9-27b0-4d20-ae16-b8d1ec02e178:c2]
2019-08-09 04:06:16,906 INFO  client.GrpcClientProtocolClient (GrpcClientProtocolClient.java:onNext(255)) - client-F39E1B87B77B->38f913d1-9530-429d-b1f4-4288c213caa0: receive RaftClientReply:client-F39E1B87B77B->38f913d1-9530-429d-b1f4-4288c213caa0@group-0E8E625CCD0D, cid=15, SUCCESS, logIndex=4, commits[38f913d1-9530-429d-b1f4-4288c213caa0:c12, 0ce5e6cd-8de3-45b3-81ac-211d253ac858:c10, 9ef1ccf9-27b0-4d20-ae16-b8d1ec02e178:c10]
2019-08-09 04:06:16,918 INFO  client.GrpcClientProtocolClient (GrpcClientProtocolClient.java:onNext(255)) - client-F39E1B87B77B->38f913d1-9530-429d-b1f4-4288c213caa0: receive RaftClientReply:client-F39E1B87B77B->38f913d1-9530-429d-b1f4-4288c213caa0@group-0E8E625CCD0D, cid=16, SUCCESS, logIndex=5, commits[38f913d1-9530-429d-b1f4-4288c213caa0:c12, 0ce5e6cd-8de3-45b3-81ac-211d253ac858:c10, 9ef1ccf9-27b0-4d20-ae16-b8d1ec02e178:c10]
2019-08-09 04:06:16,919 INFO  client.GrpcClientProtocolClient (GrpcClientProtocolClient.java:onNext(255)) - client-F39E1B87B77B->38f913d1-9530-429d-b1f4-4288c213caa0: receive RaftClientReply:client-F39E1B87B77B->38f913d1-9530-429d-b1f4-4288c213caa0@group-0E8E625CCD0D, cid=17, SUCCESS, logIndex=6, commits[38f913d1-9530-429d-b1f4-4288c213caa0:c12, 0ce5e6cd-8de3-45b3-81ac-211d253ac858:c10, 9ef1ccf9-27b0-4d20-ae16-b8d1ec02e178:c10]
2019-08-09 04:06:17,020 INFO  client.GrpcClientProtocolClient (GrpcClientProtocolClient.java:onNext(255)) - client-F39E1B87B77B->38f913d1-9530-429d-b1f4-4288c213caa0: receive RaftClientReply:client-F39E1B87B77B->38f913d1-9530-429d-b1f4-4288c213caa0@group-0E8E625CCD0D, cid=18, SUCCESS, logIndex=9, commits[38f913d1-9530-429d-b1f4-4288c213caa0:c12, 0ce5e6cd-8de3-45b3-81ac-211d253ac858:c10, 9ef1ccf9-27b0-4d20-ae16-b8d1ec02e178:c10]
2019-08-09 04:06:17,060 INFO  client.GrpcClientProtocolClient (GrpcClientProtocolClient.java:onNext(255)) - client-F39E1B87B77B->38f913d1-9530-429d-b1f4-4288c213caa0: receive RaftClientReply:client-F39E1B87B77B->38f913d1-9530-429d-b1f4-4288c213caa0@group-0E8E625CCD0D, cid=19, SUCCESS, logIndex=13, commits[38f913d1-9530-429d-b1f4-4288c213caa0:c13, 0ce5e6cd-8de3-45b3-81ac-211d253ac858:c12, 9ef1ccf9-27b0-4d20-ae16-b8d1ec02e178:c12]
2019-08-09 04:06:17,074 INFO  client.GrpcClientProtocolClient (GrpcClientProtocolClient.java:onNext(255)) - client-F39E1B87B77B->38f913d1-9530-429d-b1f4-4288c213caa0: receive RaftClientReply:client-F39E1B87B77B->38f913d1-9530-429d-b1f4-4288c213caa0@group-0E8E625CCD0D, cid=20, SUCCESS, logIndex=14, commits[38f913d1-9530-429d-b1f4-4288c213caa0:c14, 0ce5e6cd-8de3-45b3-81ac-211d253ac858:c12, 9ef1ccf9-27b0-4d20-ae16-b8d1ec02e178:c12]
2019-08-09 04:06:18,091 WARN  scm.XceiverClientRatis (XceiverClientRatis.java:watchForCommit(262)) - 3 way commit failed on pipeline Pipeline[ Id: 2d48d9d3-2aaa-4a3d-a81e-0e8e625ccd0d, Nodes: 9ef1ccf9-27b0-4d20-ae16-b8d1ec02e178{ip: 192.168.157.225, host: byscane-nightly-vbjp7-3883395574, networkLocation: /default-rack, certSerialId: null}38f913d1-9530-429d-b1f4-4288c213caa0{ip: 192.168.157.225, host: byscane-nightly-vbjp7-3883395574, networkLocation: /default-rack, certSerialId: null}0ce5e6cd-8de3-45b3-81ac-211d253ac858{ip: 192.168.157.225, host: byscane-nightly-vbjp7-3883395574, networkLocation: /default-rack, certSerialId: null}, Type:RATIS, Factor:THREE, State:OPEN]
java.util.concurrent.TimeoutException
	at java.util.concurrent.CompletableFuture.timedGet(CompletableFuture.java:1771)
	at java.util.concurrent.CompletableFuture.get(CompletableFuture.java:1915)
	at org.apache.hadoop.hdds.scm.XceiverClientRatis.watchForCommit(XceiverClientRatis.java:259)
	at org.apache.hadoop.hdds.scm.storage.CommitWatcher.watchForCommit(CommitWatcher.java:194)
	at org.apache.hadoop.hdds.scm.storage.CommitWatcher.watchOnLastIndex(CommitWatcher.java:157)
	at org.apache.hadoop.hdds.scm.storage.BlockOutputStream.watchForCommit(BlockOutputStream.java:347)
	at org.apache.hadoop.hdds.scm.storage.BlockOutputStream.handleFlush(BlockOutputStream.java:479)
	at org.apache.hadoop.hdds.scm.storage.BlockOutputStream.flush(BlockOutputStream.java:428)
	at org.apache.hadoop.ozone.client.io.BlockOutputStreamEntry.flush(BlockOutputStreamEntry.java:136)
	at org.apache.hadoop.ozone.client.io.KeyOutputStream.handleFlushOrClose(KeyOutputStream.java:442)
	at org.apache.hadoop.ozone.client.io.KeyOutputStream.flush(KeyOutputStream.java:396)
	at org.apache.hadoop.ozone.client.io.OzoneOutputStream.flush(OzoneOutputStream.java:54)
	at org.apache.hadoop.ozone.client.rpc.TestBlockOutputStreamWithFailures.test2DatanodesFailure(TestBlockOutputStreamWithFailures.java:461)
	at sun.reflect.NativeMethodAccessorImpl.invoke0(Native Method)
	at sun.reflect.NativeMethodAccessorImpl.invoke(NativeMethodAccessorImpl.java:62)
	at sun.reflect.DelegatingMethodAccessorImpl.invoke(DelegatingMethodAccessorImpl.java:43)
	at java.lang.reflect.Method.invoke(Method.java:498)
	at org.junit.runners.model.FrameworkMethod$1.runReflectiveCall(FrameworkMethod.java:47)
	at org.junit.internal.runners.model.ReflectiveCallable.run(ReflectiveCallable.java:12)
	at org.junit.runners.model.FrameworkMethod.invokeExplosively(FrameworkMethod.java:44)
	at org.junit.internal.runners.statements.InvokeMethod.evaluate(InvokeMethod.java:17)
	at org.junit.internal.runners.statements.RunBefores.evaluate(RunBefores.java:26)
	at org.junit.internal.runners.statements.RunAfters.evaluate(RunAfters.java:27)
	at org.junit.runners.ParentRunner.runLeaf(ParentRunner.java:271)
	at org.junit.runners.BlockJUnit4ClassRunner.runChild(BlockJUnit4ClassRunner.java:70)
	at org.junit.runners.BlockJUnit4ClassRunner.runChild(BlockJUnit4ClassRunner.java:50)
	at org.junit.runners.ParentRunner$3.run(ParentRunner.java:238)
	at org.junit.runners.ParentRunner$1.schedule(ParentRunner.java:63)
	at org.junit.runners.ParentRunner.runChildren(ParentRunner.java:236)
	at org.junit.runners.ParentRunner.access$000(ParentRunner.java:53)
	at org.junit.runners.ParentRunner$2.evaluate(ParentRunner.java:229)
	at org.junit.runners.ParentRunner.run(ParentRunner.java:309)
	at org.apache.maven.surefire.junit4.JUnit4Provider.execute(JUnit4Provider.java:365)
	at org.apache.maven.surefire.junit4.JUnit4Provider.executeWithRerun(JUnit4Provider.java:273)
	at org.apache.maven.surefire.junit4.JUnit4Provider.executeTestSet(JUnit4Provider.java:238)
	at org.apache.maven.surefire.junit4.JUnit4Provider.invoke(JUnit4Provider.java:159)
	at org.apache.maven.surefire.booter.ForkedBooter.invokeProviderInSameClassLoader(ForkedBooter.java:384)
	at org.apache.maven.surefire.booter.ForkedBooter.runSuitesInProcess(ForkedBooter.java:345)
	at org.apache.maven.surefire.booter.ForkedBooter.execute(ForkedBooter.java:126)
	at org.apache.maven.surefire.booter.ForkedBooter.main(ForkedBooter.java:418)
2019-08-09 04:06:19,095 WARN  storage.CommitWatcher (CommitWatcher.java:watchForCommit(203)) - watchForCommit failed for index 14
java.util.concurrent.TimeoutException
	at java.util.concurrent.CompletableFuture.timedGet(CompletableFuture.java:1771)
	at java.util.concurrent.CompletableFuture.get(CompletableFuture.java:1915)
	at org.apache.hadoop.hdds.scm.XceiverClientRatis.watchForCommit(XceiverClientRatis.java:268)
	at org.apache.hadoop.hdds.scm.storage.CommitWatcher.watchForCommit(CommitWatcher.java:194)
	at org.apache.hadoop.hdds.scm.storage.CommitWatcher.watchOnLastIndex(CommitWatcher.java:157)
	at org.apache.hadoop.hdds.scm.storage.BlockOutputStream.watchForCommit(BlockOutputStream.java:347)
	at org.apache.hadoop.hdds.scm.storage.BlockOutputStream.handleFlush(BlockOutputStream.java:479)
	at org.apache.hadoop.hdds.scm.storage.BlockOutputStream.flush(BlockOutputStream.java:428)
	at org.apache.hadoop.ozone.client.io.BlockOutputStreamEntry.flush(BlockOutputStreamEntry.java:136)
	at org.apache.hadoop.ozone.client.io.KeyOutputStream.handleFlushOrClose(KeyOutputStream.java:442)
	at org.apache.hadoop.ozone.client.io.KeyOutputStream.flush(KeyOutputStream.java:396)
	at org.apache.hadoop.ozone.client.io.OzoneOutputStream.flush(OzoneOutputStream.java:54)
	at org.apache.hadoop.ozone.client.rpc.TestBlockOutputStreamWithFailures.test2DatanodesFailure(TestBlockOutputStreamWithFailures.java:461)
	at sun.reflect.NativeMethodAccessorImpl.invoke0(Native Method)
	at sun.reflect.NativeMethodAccessorImpl.invoke(NativeMethodAccessorImpl.java:62)
	at sun.reflect.DelegatingMethodAccessorImpl.invoke(DelegatingMethodAccessorImpl.java:43)
	at java.lang.reflect.Method.invoke(Method.java:498)
	at org.junit.runners.model.FrameworkMethod$1.runReflectiveCall(FrameworkMethod.java:47)
	at org.junit.internal.runners.model.ReflectiveCallable.run(ReflectiveCallable.java:12)
	at org.junit.runners.model.FrameworkMethod.invokeExplosively(FrameworkMethod.java:44)
	at org.junit.internal.runners.statements.InvokeMethod.evaluate(InvokeMethod.java:17)
	at org.junit.internal.runners.statements.RunBefores.evaluate(RunBefores.java:26)
	at org.junit.internal.runners.statements.RunAfters.evaluate(RunAfters.java:27)
	at org.junit.runners.ParentRunner.runLeaf(ParentRunner.java:271)
	at org.junit.runners.BlockJUnit4ClassRunner.runChild(BlockJUnit4ClassRunner.java:70)
	at org.junit.runners.BlockJUnit4ClassRunner.runChild(BlockJUnit4ClassRunner.java:50)
	at org.junit.runners.ParentRunner$3.run(ParentRunner.java:238)
	at org.junit.runners.ParentRunner$1.schedule(ParentRunner.java:63)
	at org.junit.runners.ParentRunner.runChildren(ParentRunner.java:236)
	at org.junit.runners.ParentRunner.access$000(ParentRunner.java:53)
	at org.junit.runners.ParentRunner$2.evaluate(ParentRunner.java:229)
	at org.junit.runners.ParentRunner.run(ParentRunner.java:309)
	at org.apache.maven.surefire.junit4.JUnit4Provider.execute(JUnit4Provider.java:365)
	at org.apache.maven.surefire.junit4.JUnit4Provider.executeWithRerun(JUnit4Provider.java:273)
	at org.apache.maven.surefire.junit4.JUnit4Provider.executeTestSet(JUnit4Provider.java:238)
	at org.apache.maven.surefire.junit4.JUnit4Provider.invoke(JUnit4Provider.java:159)
	at org.apache.maven.surefire.booter.ForkedBooter.invokeProviderInSameClassLoader(ForkedBooter.java:384)
	at org.apache.maven.surefire.booter.ForkedBooter.runSuitesInProcess(ForkedBooter.java:345)
	at org.apache.maven.surefire.booter.ForkedBooter.execute(ForkedBooter.java:126)
	at org.apache.maven.surefire.booter.ForkedBooter.main(ForkedBooter.java:418)
2019-08-09 04:06:19,099 WARN  io.KeyOutputStream (KeyOutputStream.java:handleException(276)) - Encountered exception java.io.IOException: Unexpected Storage Container Exception: java.io.IOException: Unexpected Storage Container Exception: java.util.concurrent.TimeoutException on the pipeline Pipeline[ Id: 2d48d9d3-2aaa-4a3d-a81e-0e8e625ccd0d, Nodes: 9ef1ccf9-27b0-4d20-ae16-b8d1ec02e178{ip: 192.168.157.225, host: byscane-nightly-vbjp7-3883395574, networkLocation: /default-rack, certSerialId: null}38f913d1-9530-429d-b1f4-4288c213caa0{ip: 192.168.157.225, host: byscane-nightly-vbjp7-3883395574, networkLocation: /default-rack, certSerialId: null}0ce5e6cd-8de3-45b3-81ac-211d253ac858{ip: 192.168.157.225, host: byscane-nightly-vbjp7-3883395574, networkLocation: /default-rack, certSerialId: null}, Type:RATIS, Factor:THREE, State:OPEN]. The last committed block length is 400, uncommitted data length is 50 retry count 0
2019-08-09 04:06:19,152 INFO  client.GrpcClientProtocolClient (GrpcClientProtocolClient.java:onNext(255)) - client-86734C761F63->273743e4-f594-495f-8d4d-0ec9e58aa536: receive RaftClientReply:client-86734C761F63->273743e4-f594-495f-8d4d-0ec9e58aa536@group-4F6DA14AFD69, cid=23, FAILED org.apache.ratis.protocol.NotLeaderException: Server 273743e4-f594-495f-8d4d-0ec9e58aa536 is not the leader (null). Request must be sent to leader., logIndex=0, commits[273743e4-f594-495f-8d4d-0ec9e58aa536:c-1]
2019-08-09 04:06:19,585 INFO  client.GrpcClientProtocolClient (GrpcClientProtocolClient.java:onNext(255)) - client-F39E1B87B77B->38f913d1-9530-429d-b1f4-4288c213caa0: receive RaftClientReply:client-F39E1B87B77B->38f913d1-9530-429d-b1f4-4288c213caa0@group-0E8E625CCD0D, cid=22, SUCCESS, logIndex=0, commits[38f913d1-9530-429d-b1f4-4288c213caa0:c16, 0ce5e6cd-8de3-45b3-81ac-211d253ac858:c16, 9ef1ccf9-27b0-4d20-ae16-b8d1ec02e178:c16]
2019-08-09 04:06:19,586 INFO  client.GrpcClientProtocolClient (GrpcClientProtocolClient.java:onNext(255)) - client-F39E1B87B77B->38f913d1-9530-429d-b1f4-4288c213caa0: receive RaftClientReply:client-F39E1B87B77B->38f913d1-9530-429d-b1f4-4288c213caa0@group-0E8E625CCD0D, cid=21, SUCCESS, logIndex=0, commits[38f913d1-9530-429d-b1f4-4288c213caa0:c16, 0ce5e6cd-8de3-45b3-81ac-211d253ac858:c16, 9ef1ccf9-27b0-4d20-ae16-b8d1ec02e178:c16]
2019-08-09 04:06:20,187 INFO  client.GrpcClientProtocolClient (GrpcClientProtocolClient.java:onNext(255)) - client-86734C761F63->ee6f2503-878b-43f1-960a-6bf65f2ea515: receive RaftClientReply:client-86734C761F63->ee6f2503-878b-43f1-960a-6bf65f2ea515@group-4F6DA14AFD69, cid=23, FAILED org.apache.ratis.protocol.NotLeaderException: Server ee6f2503-878b-43f1-960a-6bf65f2ea515 is not the leader (null). Request must be sent to leader., logIndex=0, commits[ee6f2503-878b-43f1-960a-6bf65f2ea515:c-1]
2019-08-09 04:06:20,356 INFO  impl.FollowerState (FollowerState.java:run(106)) - ee6f2503-878b-43f1-960a-6bf65f2ea515:group-4F6DA14AFD69 changes to CANDIDATE, lastRpcTime:5031, electionTimeout:5029ms
2019-08-09 04:06:20,360 INFO  impl.RoleInfo (RoleInfo.java:shutdownFollowerState(121)) - ee6f2503-878b-43f1-960a-6bf65f2ea515: shutdown FollowerState
2019-08-09 04:06:20,360 INFO  impl.RaftServerImpl (RaftServerImpl.java:setRole(171)) - ee6f2503-878b-43f1-960a-6bf65f2ea515:group-4F6DA14AFD69 changes role from FOLLOWER to CANDIDATE at term 1 for changeToCandidate
2019-08-09 04:06:20,360 INFO  impl.RoleInfo (RoleInfo.java:updateAndGet(143)) - ee6f2503-878b-43f1-960a-6bf65f2ea515: start LeaderElection
2019-08-09 04:06:20,377 INFO  impl.LeaderElection (LeaderElection.java:askForVotes(181)) - ee6f2503-878b-43f1-960a-6bf65f2ea515:group-4F6DA14AFD69:LeaderElection13: begin an election at term 2 for -1: [273743e4-f594-495f-8d4d-0ec9e58aa536:192.168.157.225:42943, ee6f2503-878b-43f1-960a-6bf65f2ea515:192.168.157.225:35407, c2523a8d-fb10-4a6c-9103-7ce8cd297fa3:192.168.157.225:37055], old=null
2019-08-09 04:06:20,386 INFO  impl.RaftServerImpl (RaftServerImpl.java:setRole(171)) - 273743e4-f594-495f-8d4d-0ec9e58aa536:group-4F6DA14AFD69 changes role from FOLLOWER to FOLLOWER at term 2 for recognizeCandidate:ee6f2503-878b-43f1-960a-6bf65f2ea515
2019-08-09 04:06:20,386 INFO  impl.RoleInfo (RoleInfo.java:shutdownFollowerState(121)) - 273743e4-f594-495f-8d4d-0ec9e58aa536: shutdown FollowerState
2019-08-09 04:06:20,386 INFO  impl.RaftServerImpl (RaftServerImpl.java:setRole(171)) - c2523a8d-fb10-4a6c-9103-7ce8cd297fa3:group-4F6DA14AFD69 changes role from FOLLOWER to FOLLOWER at term 2 for recognizeCandidate:ee6f2503-878b-43f1-960a-6bf65f2ea515
2019-08-09 04:06:20,386 INFO  impl.FollowerState (FollowerState.java:run(114)) - 273743e4-f594-495f-8d4d-0ec9e58aa536: FollowerState was interrupted: java.lang.InterruptedException: sleep interrupted
2019-08-09 04:06:20,386 INFO  impl.RoleInfo (RoleInfo.java:shutdownFollowerState(121)) - c2523a8d-fb10-4a6c-9103-7ce8cd297fa3: shutdown FollowerState
2019-08-09 04:06:20,386 INFO  impl.RoleInfo (RoleInfo.java:updateAndGet(143)) - 273743e4-f594-495f-8d4d-0ec9e58aa536: start FollowerState
2019-08-09 04:06:20,389 INFO  impl.RoleInfo (RoleInfo.java:updateAndGet(143)) - c2523a8d-fb10-4a6c-9103-7ce8cd297fa3: start FollowerState
2019-08-09 04:06:20,389 INFO  impl.FollowerState (FollowerState.java:run(114)) - c2523a8d-fb10-4a6c-9103-7ce8cd297fa3: FollowerState was interrupted: java.lang.InterruptedException: sleep interrupted
2019-08-09 04:06:20,407 INFO  impl.LeaderElection (LeaderElection.java:logAndReturn(56)) - ee6f2503-878b-43f1-960a-6bf65f2ea515:group-4F6DA14AFD69:LeaderElection13: Election PASSED; received 1 response(s) [ee6f2503-878b-43f1-960a-6bf65f2ea515<-273743e4-f594-495f-8d4d-0ec9e58aa536#0:OK-t2] and 0 exception(s); ee6f2503-878b-43f1-960a-6bf65f2ea515:t2, leader=null, voted=ee6f2503-878b-43f1-960a-6bf65f2ea515, raftlog=ee6f2503-878b-43f1-960a-6bf65f2ea515-SegmentedRaftLog:OPENED:c-1,f-1,i0, conf=-1: [273743e4-f594-495f-8d4d-0ec9e58aa536:192.168.157.225:42943, ee6f2503-878b-43f1-960a-6bf65f2ea515:192.168.157.225:35407, c2523a8d-fb10-4a6c-9103-7ce8cd297fa3:192.168.157.225:37055], old=null
2019-08-09 04:06:20,408 INFO  impl.RoleInfo (RoleInfo.java:shutdownLeaderElection(134)) - ee6f2503-878b-43f1-960a-6bf65f2ea515: shutdown LeaderElection
2019-08-09 04:06:20,410 INFO  impl.RaftServerImpl (RaftServerImpl.java:setRole(171)) - ee6f2503-878b-43f1-960a-6bf65f2ea515:group-4F6DA14AFD69 changes role from CANDIDATE to LEADER at term 2 for changeToLeader
2019-08-09 04:06:20,410 INFO  impl.RaftServerImpl (ServerState.java:setLeader(263)) - ee6f2503-878b-43f1-960a-6bf65f2ea515:group-4F6DA14AFD69 change Leader from null to ee6f2503-878b-43f1-960a-6bf65f2ea515 at term 2 for becomeLeader, leader elected after 10337ms
2019-08-09 04:06:20,410 INFO  server.RaftServerConfigKeys (ConfUtils.java:logGet(43)) - raft.server.staging.catchup.gap = 1000 (default)
2019-08-09 04:06:20,410 INFO  server.RaftServerConfigKeys (ConfUtils.java:logGet(43)) - raft.server.rpc.sleep.time = 25ms (default)
2019-08-09 04:06:20,411 INFO  server.RaftServerConfigKeys (ConfUtils.java:logGet(43)) - raft.server.write.element-limit = 4096 (default)
2019-08-09 04:06:20,411 INFO  server.RaftServerConfigKeys (ConfUtils.java:logGet(43)) - raft.server.watch.timeout = 10s (default)
2019-08-09 04:06:20,411 INFO  server.RaftServerConfigKeys (ConfUtils.java:logGet(43)) - raft.server.watch.timeout.denomination = 1s (default)
2019-08-09 04:06:20,411 INFO  server.RaftServerConfigKeys (ConfUtils.java:logGet(43)) - raft.server.watch.element-limit = 65536 (default)
2019-08-09 04:06:20,412 INFO  server.RaftServerConfigKeys (ConfUtils.java:logGet(43)) - raft.server.log.appender.snapshot.chunk.size.max = 16MB (=16777216) (default)
2019-08-09 04:06:20,412 INFO  server.RaftServerConfigKeys (ConfUtils.java:logGet(43)) - raft.server.log.appender.buffer.byte-limit = 33554432 (custom)
2019-08-09 04:06:20,412 INFO  server.RaftServerConfigKeys (ConfUtils.java:logGet(43)) - raft.server.log.appender.buffer.element-limit = 1 (custom)
2019-08-09 04:06:20,413 INFO  grpc.GrpcConfigKeys$Server (ConfUtils.java:logGet(43)) - raft.grpc.server.leader.outstanding.appends.max = 128 (default)
2019-08-09 04:06:20,413 INFO  server.RaftServerConfigKeys (ConfUtils.java:logGet(43)) - raft.server.rpc.request.timeout = 3000ms (default)
2019-08-09 04:06:20,413 INFO  server.RaftServerConfigKeys (ConfUtils.java:logGet(43)) - raft.server.log.appender.install.snapshot.enabled = false (custom)
2019-08-09 04:06:20,413 INFO  server.RaftServerConfigKeys (ConfUtils.java:logGet(43)) - raft.server.log.appender.snapshot.chunk.size.max = 16MB (=16777216) (default)
2019-08-09 04:06:20,413 INFO  server.RaftServerConfigKeys (ConfUtils.java:logGet(43)) - raft.server.log.appender.buffer.byte-limit = 33554432 (custom)
2019-08-09 04:06:20,414 INFO  server.RaftServerConfigKeys (ConfUtils.java:logGet(43)) - raft.server.log.appender.buffer.element-limit = 1 (custom)
2019-08-09 04:06:20,414 INFO  grpc.GrpcConfigKeys$Server (ConfUtils.java:logGet(43)) - raft.grpc.server.leader.outstanding.appends.max = 128 (default)
2019-08-09 04:06:20,414 INFO  server.RaftServerConfigKeys (ConfUtils.java:logGet(43)) - raft.server.rpc.request.timeout = 3000ms (default)
2019-08-09 04:06:20,414 INFO  server.RaftServerConfigKeys (ConfUtils.java:logGet(43)) - raft.server.log.appender.install.snapshot.enabled = false (custom)
2019-08-09 04:06:20,415 INFO  impl.RoleInfo (RoleInfo.java:updateAndGet(143)) - ee6f2503-878b-43f1-960a-6bf65f2ea515: start LeaderState
2019-08-09 04:06:20,415 INFO  segmented.SegmentedRaftLogWorker (SegmentedRaftLogWorker.java:startLogSegment(380)) - ee6f2503-878b-43f1-960a-6bf65f2ea515-SegmentedRaftLogWorker:Storage Directory /workdir/hadoop-ozone/integration-test/target/test-dir/MiniOzoneClusterImpl-ec6279a4-115b-4ea2-96cc-fb2f3d2234fd/datanode-1/data/ratis/d5e552a7-1e56-48d4-9d0b-4f6da14afd69: Starting segment from index:0
2019-08-09 04:06:20,416 INFO  impl.RaftServerImpl (ServerState.java:setRaftConf(361)) - ee6f2503-878b-43f1-960a-6bf65f2ea515:group-4F6DA14AFD69 set configuration 0: [273743e4-f594-495f-8d4d-0ec9e58aa536:192.168.157.225:42943, ee6f2503-878b-43f1-960a-6bf65f2ea515:192.168.157.225:35407, c2523a8d-fb10-4a6c-9103-7ce8cd297fa3:192.168.157.225:37055], old=null at 0
2019-08-09 04:06:20,440 INFO  impl.RaftServerImpl (ServerState.java:setLeader(263)) - c2523a8d-fb10-4a6c-9103-7ce8cd297fa3:group-4F6DA14AFD69 change Leader from null to ee6f2503-878b-43f1-960a-6bf65f2ea515 at term 2 for appendEntries, leader elected after 10366ms
2019-08-09 04:06:20,442 INFO  impl.RaftServerImpl (ServerState.java:setLeader(263)) - 273743e4-f594-495f-8d4d-0ec9e58aa536:group-4F6DA14AFD69 change Leader from null to ee6f2503-878b-43f1-960a-6bf65f2ea515 at term 2 for appendEntries, leader elected after 10369ms
2019-08-09 04:06:20,446 INFO  impl.RaftServerImpl (ServerState.java:setRaftConf(361)) - c2523a8d-fb10-4a6c-9103-7ce8cd297fa3:group-4F6DA14AFD69 set configuration 0: [273743e4-f594-495f-8d4d-0ec9e58aa536:192.168.157.225:42943, ee6f2503-878b-43f1-960a-6bf65f2ea515:192.168.157.225:35407, c2523a8d-fb10-4a6c-9103-7ce8cd297fa3:192.168.157.225:37055], old=null at 0
2019-08-09 04:06:20,446 INFO  impl.RaftServerImpl (ServerState.java:setRaftConf(361)) - 273743e4-f594-495f-8d4d-0ec9e58aa536:group-4F6DA14AFD69 set configuration 0: [273743e4-f594-495f-8d4d-0ec9e58aa536:192.168.157.225:42943, ee6f2503-878b-43f1-960a-6bf65f2ea515:192.168.157.225:35407, c2523a8d-fb10-4a6c-9103-7ce8cd297fa3:192.168.157.225:37055], old=null at 0
2019-08-09 04:06:20,447 INFO  segmented.SegmentedRaftLogWorker (SegmentedRaftLogWorker.java:startLogSegment(380)) - c2523a8d-fb10-4a6c-9103-7ce8cd297fa3-SegmentedRaftLogWorker:Storage Directory /workdir/hadoop-ozone/integration-test/target/test-dir/MiniOzoneClusterImpl-ec6279a4-115b-4ea2-96cc-fb2f3d2234fd/datanode-3/data/ratis/d5e552a7-1e56-48d4-9d0b-4f6da14afd69: Starting segment from index:0
2019-08-09 04:06:20,447 INFO  segmented.SegmentedRaftLogWorker (SegmentedRaftLogWorker.java:startLogSegment(380)) - 273743e4-f594-495f-8d4d-0ec9e58aa536-SegmentedRaftLogWorker:Storage Directory /workdir/hadoop-ozone/integration-test/target/test-dir/MiniOzoneClusterImpl-ec6279a4-115b-4ea2-96cc-fb2f3d2234fd/datanode-0/data/ratis/d5e552a7-1e56-48d4-9d0b-4f6da14afd69: Starting segment from index:0
2019-08-09 04:06:20,450 INFO  segmented.SegmentedRaftLogWorker (SegmentedRaftLogWorker.java:execute(569)) - ee6f2503-878b-43f1-960a-6bf65f2ea515-SegmentedRaftLogWorker:Storage Directory /workdir/hadoop-ozone/integration-test/target/test-dir/MiniOzoneClusterImpl-ec6279a4-115b-4ea2-96cc-fb2f3d2234fd/datanode-1/data/ratis/d5e552a7-1e56-48d4-9d0b-4f6da14afd69: created new log segment /workdir/hadoop-ozone/integration-test/target/test-dir/MiniOzoneClusterImpl-ec6279a4-115b-4ea2-96cc-fb2f3d2234fd/datanode-1/data/ratis/d5e552a7-1e56-48d4-9d0b-4f6da14afd69/current/log_inprogress_0
2019-08-09 04:06:20,477 INFO  segmented.SegmentedRaftLogWorker (SegmentedRaftLogWorker.java:execute(569)) - c2523a8d-fb10-4a6c-9103-7ce8cd297fa3-SegmentedRaftLogWorker:Storage Directory /workdir/hadoop-ozone/integration-test/target/test-dir/MiniOzoneClusterImpl-ec6279a4-115b-4ea2-96cc-fb2f3d2234fd/datanode-3/data/ratis/d5e552a7-1e56-48d4-9d0b-4f6da14afd69: created new log segment /workdir/hadoop-ozone/integration-test/target/test-dir/MiniOzoneClusterImpl-ec6279a4-115b-4ea2-96cc-fb2f3d2234fd/datanode-3/data/ratis/d5e552a7-1e56-48d4-9d0b-4f6da14afd69/current/log_inprogress_0
2019-08-09 04:06:20,477 INFO  segmented.SegmentedRaftLogWorker (SegmentedRaftLogWorker.java:execute(569)) - 273743e4-f594-495f-8d4d-0ec9e58aa536-SegmentedRaftLogWorker:Storage Directory /workdir/hadoop-ozone/integration-test/target/test-dir/MiniOzoneClusterImpl-ec6279a4-115b-4ea2-96cc-fb2f3d2234fd/datanode-0/data/ratis/d5e552a7-1e56-48d4-9d0b-4f6da14afd69: created new log segment /workdir/hadoop-ozone/integration-test/target/test-dir/MiniOzoneClusterImpl-ec6279a4-115b-4ea2-96cc-fb2f3d2234fd/datanode-0/data/ratis/d5e552a7-1e56-48d4-9d0b-4f6da14afd69/current/log_inprogress_0
2019-08-09 04:06:21,213 INFO  client.GrpcClientProtocolClient (GrpcClientProtocolClient.java:onNext(255)) - client-86734C761F63->c2523a8d-fb10-4a6c-9103-7ce8cd297fa3: receive RaftClientReply:client-86734C761F63->c2523a8d-fb10-4a6c-9103-7ce8cd297fa3@group-4F6DA14AFD69, cid=23, FAILED org.apache.ratis.protocol.NotLeaderException: Server c2523a8d-fb10-4a6c-9103-7ce8cd297fa3 is not the leader (ee6f2503-878b-43f1-960a-6bf65f2ea515:192.168.157.225:35407). Request must be sent to leader., logIndex=0, commits[c2523a8d-fb10-4a6c-9103-7ce8cd297fa3:c-1, 273743e4-f594-495f-8d4d-0ec9e58aa536:c-1, ee6f2503-878b-43f1-960a-6bf65f2ea515:c-1]
2019-08-09 04:06:21,422 INFO  client.GrpcClientProtocolClient (GrpcClientProtocolClient.java:onNext(255)) - client-86734C761F63->ee6f2503-878b-43f1-960a-6bf65f2ea515: receive RaftClientReply:client-86734C761F63->ee6f2503-878b-43f1-960a-6bf65f2ea515@group-4F6DA14AFD69, cid=23, SUCCESS, logIndex=1, commits[ee6f2503-878b-43f1-960a-6bf65f2ea515:c1, 273743e4-f594-495f-8d4d-0ec9e58aa536:c0, c2523a8d-fb10-4a6c-9103-7ce8cd297fa3:c0]
2019-08-09 04:06:21,533 INFO  client.GrpcClientProtocolClient (GrpcClientProtocolClient.java:onNext(255)) - client-86734C761F63->ee6f2503-878b-43f1-960a-6bf65f2ea515: receive RaftClientReply:client-86734C761F63->ee6f2503-878b-43f1-960a-6bf65f2ea515@group-4F6DA14AFD69, cid=24, SUCCESS, logIndex=3, commits[ee6f2503-878b-43f1-960a-6bf65f2ea515:c4, 273743e4-f594-495f-8d4d-0ec9e58aa536:c3, c2523a8d-fb10-4a6c-9103-7ce8cd297fa3:c3]
2019-08-09 04:06:21,537 INFO  ozone.MiniOzoneClusterImpl (MiniOzoneClusterImpl.java:shutdown(321)) - Shutting down the Mini Ozone Cluster
2019-08-09 04:06:21,538 INFO  ozone.MiniOzoneClusterImpl (MiniOzoneClusterImpl.java:stop(336)) - Stopping the Mini Ozone Cluster
2019-08-09 04:06:21,538 INFO  ozone.MiniOzoneClusterImpl (MiniOzoneClusterImpl.java:stop(338)) - Stopping the OzoneManager
2019-08-09 04:06:21,538 INFO  ipc.Server (Server.java:stop(3082)) - Stopping server on 33725
2019-08-09 04:06:21,559 INFO  ipc.Server (Server.java:run(1185)) - Stopping IPC Server listener on 33725
2019-08-09 04:06:21,563 INFO  utils.BackgroundService (BackgroundService.java:shutdown(148)) - Shutting down service KeyDeletingService
2019-08-09 04:06:21,563 INFO  ipc.Server (Server.java:run(1319)) - Stopping IPC Server Responder
2019-08-09 04:06:21,588 INFO  handler.ContextHandler (ContextHandler.java:doStop(910)) - Stopped o.e.j.w.WebAppContext@61d01788{/,null,UNAVAILABLE}{/ozoneManager}
2019-08-09 04:06:21,595 INFO  server.AbstractConnector (AbstractConnector.java:doStop(318)) - Stopped ServerConnector@2b9b7f1f{HTTP/1.1,[http/1.1]}{0.0.0.0:0}
2019-08-09 04:06:21,595 INFO  handler.ContextHandler (ContextHandler.java:doStop(910)) - Stopped o.e.j.s.ServletContextHandler@6ce90bc5{/static,file:///workdir/hadoop-ozone/integration-test/target/test-classes/webapps/static,UNAVAILABLE}
2019-08-09 04:06:21,596 INFO  handler.ContextHandler (ContextHandler.java:doStop(910)) - Stopped o.e.j.s.ServletContextHandler@6e6fce47{/logs,file:///workdir/hadoop-ozone/integration-test/target/log,UNAVAILABLE}
2019-08-09 04:06:21,602 INFO  ozone.MiniOzoneClusterImpl (MiniOzoneClusterImpl.java:stop(344)) - Shutting the HddsDatanodes
2019-08-09 04:06:21,603 INFO  datanode.ObjectStoreHandler (ObjectStoreHandler.java:close(155)) - Closing ObjectStoreHandler.
2019-08-09 04:06:21,603 INFO  datanode.ObjectStoreHandler (ObjectStoreHandler.java:close(155)) - Closing ObjectStoreHandler.
2019-08-09 04:06:21,606 INFO  ozone.HddsDatanodeService (HddsDatanodeService.java:stop(451)) - Stopped plug-in org.apache.hadoop.ozone.web.OzoneHddsDatanodeService@1c3b6963
2019-08-09 04:06:21,606 INFO  ozone.HddsDatanodeService (HddsDatanodeService.java:stop(451)) - Stopped plug-in org.apache.hadoop.ozone.web.OzoneHddsDatanodeService@20d19f2c
2019-08-09 04:06:22,103 INFO  statemachine.DatanodeStateMachine (DatanodeStateMachine.java:lambda$startDaemon$0(350)) - Ozone container server started.
2019-08-09 04:06:22,396 INFO  statemachine.DatanodeStateMachine (DatanodeStateMachine.java:lambda$startDaemon$0(350)) - Ozone container server started.
2019-08-09 04:06:26,170 INFO  node.StaleNodeHandler (StaleNodeHandler.java:onMessage(58)) - Datanode b5d56376-e826-428b-9b7e-6c1b10865261{ip: 192.168.157.225, host: byscane-nightly-vbjp7-3883395574, networkLocation: /default-rack, certSerialId: null} moved to stale state. Finalizing its pipelines [PipelineID=5d4280e4-c02e-445b-9245-8e93204d98d2]
2019-08-09 04:06:26,171 INFO  pipeline.SCMPipelineManager (SCMPipelineManager.java:finalizeAndDestroyPipeline(309)) - destroying pipeline:Pipeline[ Id: 5d4280e4-c02e-445b-9245-8e93204d98d2, Nodes: b5d56376-e826-428b-9b7e-6c1b10865261{ip: 192.168.157.225, host: byscane-nightly-vbjp7-3883395574, networkLocation: /default-rack, certSerialId: null}, Type:RATIS, Factor:ONE, State:OPEN]
2019-08-09 04:06:26,172 INFO  pipeline.PipelineStateManager (PipelineStateManager.java:finalizePipeline(123)) - Pipeline Pipeline[ Id: 5d4280e4-c02e-445b-9245-8e93204d98d2, Nodes: b5d56376-e826-428b-9b7e-6c1b10865261{ip: 192.168.157.225, host: byscane-nightly-vbjp7-3883395574, networkLocation: /default-rack, certSerialId: null}, Type:RATIS, Factor:ONE, State:CLOSED] moved to CLOSED state
2019-08-09 04:06:26,470 INFO  node.StaleNodeHandler (StaleNodeHandler.java:onMessage(58)) - Datanode ee6f2503-878b-43f1-960a-6bf65f2ea515{ip: 192.168.157.225, host: byscane-nightly-vbjp7-3883395574, networkLocation: /default-rack, certSerialId: null} moved to stale state. Finalizing its pipelines [PipelineID=d5e552a7-1e56-48d4-9d0b-4f6da14afd69, PipelineID=2bb0fe26-4db2-4ef9-a636-47eacd4ac894]
2019-08-09 04:06:26,471 INFO  pipeline.SCMPipelineManager (SCMPipelineManager.java:finalizeAndDestroyPipeline(309)) - destroying pipeline:Pipeline[ Id: d5e552a7-1e56-48d4-9d0b-4f6da14afd69, Nodes: 273743e4-f594-495f-8d4d-0ec9e58aa536{ip: 192.168.157.225, host: byscane-nightly-vbjp7-3883395574, networkLocation: /default-rack, certSerialId: null}ee6f2503-878b-43f1-960a-6bf65f2ea515{ip: 192.168.157.225, host: byscane-nightly-vbjp7-3883395574, networkLocation: /default-rack, certSerialId: null}c2523a8d-fb10-4a6c-9103-7ce8cd297fa3{ip: 192.168.157.225, host: byscane-nightly-vbjp7-3883395574, networkLocation: /default-rack, certSerialId: null}, Type:RATIS, Factor:THREE, State:OPEN]
2019-08-09 04:06:26,471 INFO  pipeline.PipelineStateManager (PipelineStateManager.java:finalizePipeline(123)) - Pipeline Pipeline[ Id: d5e552a7-1e56-48d4-9d0b-4f6da14afd69, Nodes: 273743e4-f594-495f-8d4d-0ec9e58aa536{ip: 192.168.157.225, host: byscane-nightly-vbjp7-3883395574, networkLocation: /default-rack, certSerialId: null}ee6f2503-878b-43f1-960a-6bf65f2ea515{ip: 192.168.157.225, host: byscane-nightly-vbjp7-3883395574, networkLocation: /default-rack, certSerialId: null}c2523a8d-fb10-4a6c-9103-7ce8cd297fa3{ip: 192.168.157.225, host: byscane-nightly-vbjp7-3883395574, networkLocation: /default-rack, certSerialId: null}, Type:RATIS, Factor:THREE, State:CLOSED] moved to CLOSED state
2019-08-09 04:06:26,472 INFO  pipeline.SCMPipelineManager (SCMPipelineManager.java:finalizeAndDestroyPipeline(309)) - destroying pipeline:Pipeline[ Id: 2bb0fe26-4db2-4ef9-a636-47eacd4ac894, Nodes: ee6f2503-878b-43f1-960a-6bf65f2ea515{ip: 192.168.157.225, host: byscane-nightly-vbjp7-3883395574, networkLocation: /default-rack, certSerialId: null}, Type:RATIS, Factor:ONE, State:OPEN]
2019-08-09 04:06:26,472 INFO  container.CloseContainerEventHandler (CloseContainerEventHandler.java:onMessage(61)) - Close container Event triggered for container : #2
2019-08-09 04:06:26,472 INFO  pipeline.PipelineStateManager (PipelineStateManager.java:finalizePipeline(123)) - Pipeline Pipeline[ Id: 2bb0fe26-4db2-4ef9-a636-47eacd4ac894, Nodes: ee6f2503-878b-43f1-960a-6bf65f2ea515{ip: 192.168.157.225, host: byscane-nightly-vbjp7-3883395574, networkLocation: /default-rack, certSerialId: null}, Type:RATIS, Factor:ONE, State:CLOSED] moved to CLOSED state
2019-08-09 04:06:26,615 INFO  ozoneimpl.OzoneContainer (OzoneContainer.java:stop(199)) - Attempting to stop container services.
2019-08-09 04:06:26,615 INFO  ozoneimpl.OzoneContainer (OzoneContainer.java:stop(199)) - Attempting to stop container services.
2019-08-09 04:06:26,616 INFO  impl.RaftServerProxy (RaftServerProxy.java:lambda$close$4(314)) - ee6f2503-878b-43f1-960a-6bf65f2ea515: close
2019-08-09 04:06:26,616 INFO  impl.RaftServerProxy (RaftServerProxy.java:lambda$close$4(314)) - b5d56376-e826-428b-9b7e-6c1b10865261: close
2019-08-09 04:06:26,618 INFO  impl.RaftServerImpl (RaftServerImpl.java:lambda$shutdown$3(245)) - ee6f2503-878b-43f1-960a-6bf65f2ea515: shutdown group-4F6DA14AFD69
2019-08-09 04:06:26,618 INFO  impl.RaftServerImpl (RaftServerImpl.java:lambda$shutdown$3(245)) - b5d56376-e826-428b-9b7e-6c1b10865261: shutdown group-8E93204D98D2
2019-08-09 04:06:26,618 INFO  util.JmxRegister (JmxRegister.java:unregister(73)) - Successfully un-registered JMX Bean with object name Ratis:service=RaftServer,group=group-4F6DA14AFD69,id=ee6f2503-878b-43f1-960a-6bf65f2ea515
2019-08-09 04:06:26,619 INFO  util.JmxRegister (JmxRegister.java:unregister(73)) - Successfully un-registered JMX Bean with object name Ratis:service=RaftServer,group=group-8E93204D98D2,id=b5d56376-e826-428b-9b7e-6c1b10865261
2019-08-09 04:06:26,619 INFO  impl.RoleInfo (RoleInfo.java:shutdownLeaderState(104)) - ee6f2503-878b-43f1-960a-6bf65f2ea515: shutdown LeaderState
2019-08-09 04:06:26,620 INFO  impl.RoleInfo (RoleInfo.java:shutdownLeaderState(104)) - b5d56376-e826-428b-9b7e-6c1b10865261: shutdown LeaderState
2019-08-09 04:06:26,627 INFO  impl.PendingRequests (PendingRequests.java:sendNotLeaderResponses(202)) - ee6f2503-878b-43f1-960a-6bf65f2ea515-PendingRequests: sendNotLeaderResponses
2019-08-09 04:06:26,630 WARN  server.GrpcLogAppender (GrpcLogAppender.java:mayWait(143)) - GrpcLogAppender(ee6f2503-878b-43f1-960a-6bf65f2ea515->c2523a8d-fb10-4a6c-9103-7ce8cd297fa3): Wait interrupted by java.lang.InterruptedException
2019-08-09 04:06:26,630 WARN  server.GrpcLogAppender (GrpcLogAppender.java:mayWait(143)) - GrpcLogAppender(ee6f2503-878b-43f1-960a-6bf65f2ea515->273743e4-f594-495f-8d4d-0ec9e58aa536): Wait interrupted by java.lang.InterruptedException
2019-08-09 04:06:26,627 INFO  impl.PendingRequests (PendingRequests.java:sendNotLeaderResponses(202)) - b5d56376-e826-428b-9b7e-6c1b10865261-PendingRequests: sendNotLeaderResponses
2019-08-09 04:06:26,637 INFO  server.GrpcServerProtocolService (GrpcServerProtocolService.java:onCompleted(104)) - c2523a8d-fb10-4a6c-9103-7ce8cd297fa3: appendEntries completed
2019-08-09 04:06:26,637 INFO  server.GrpcServerProtocolService (GrpcServerProtocolService.java:onCompleted(104)) - 273743e4-f594-495f-8d4d-0ec9e58aa536: appendEntries completed
2019-08-09 04:06:26,646 INFO  server.GrpcLogAppender (GrpcLogAppender.java:onCompleted(292)) - ee6f2503-878b-43f1-960a-6bf65f2ea515->c2523a8d-fb10-4a6c-9103-7ce8cd297fa3: follower responses appendEntries COMPLETED
2019-08-09 04:06:26,646 INFO  server.GrpcLogAppender (GrpcLogAppender.java:onCompleted(292)) - ee6f2503-878b-43f1-960a-6bf65f2ea515->273743e4-f594-495f-8d4d-0ec9e58aa536: follower responses appendEntries COMPLETED
2019-08-09 04:06:26,647 INFO  impl.StateMachineUpdater (StateMachineUpdater.java:stopAndJoin(115)) - StateMachineUpdater:b5d56376-e826-428b-9b7e-6c1b10865261:group-8E93204D98D2: set stopIndex = 0
2019-08-09 04:06:26,653 INFO  impl.RaftServerImpl (ServerState.java:close(394)) - b5d56376-e826-428b-9b7e-6c1b10865261:group-8E93204D98D2 closes. The last applied log index is 0
2019-08-09 04:06:26,658 INFO  impl.StateMachineUpdater (StateMachineUpdater.java:stopAndJoin(115)) - StateMachineUpdater:ee6f2503-878b-43f1-960a-6bf65f2ea515:group-4F6DA14AFD69: set stopIndex = 4
2019-08-09 04:06:26,666 INFO  impl.FollowerInfo (FollowerInfo.java:lambda$new$0(50)) - ee6f2503-878b-43f1-960a-6bf65f2ea515->273743e4-f594-495f-8d4d-0ec9e58aa536: nextIndex: updateUnconditionally 5 -> 4
2019-08-09 04:06:26,666 INFO  ratis.ContainerStateMachine (ContainerStateMachine.java:takeSnapshot(262)) - group-4F6DA14AFD69: Taking a snapshot at:(t:2, i:4) file /workdir/hadoop-ozone/integration-test/target/test-dir/MiniOzoneClusterImpl-ec6279a4-115b-4ea2-96cc-fb2f3d2234fd/datanode-1/data/ratis/d5e552a7-1e56-48d4-9d0b-4f6da14afd69/sm/snapshot.2_4
2019-08-09 04:06:26,667 INFO  impl.FollowerInfo (FollowerInfo.java:lambda$new$0(50)) - ee6f2503-878b-43f1-960a-6bf65f2ea515->c2523a8d-fb10-4a6c-9103-7ce8cd297fa3: nextIndex: updateUnconditionally 5 -> 4
2019-08-09 04:06:26,671 INFO  segmented.SegmentedRaftLogWorker (SegmentedRaftLogWorker.java:run(313)) - b5d56376-e826-428b-9b7e-6c1b10865261-SegmentedRaftLogWorker:Storage Directory /workdir/hadoop-ozone/integration-test/target/test-dir/MiniOzoneClusterImpl-ec6279a4-115b-4ea2-96cc-fb2f3d2234fd/datanode-4/data/ratis/5d4280e4-c02e-445b-9245-8e93204d98d2 was interrupted, exiting. There are 0 tasks remaining in the queue.
2019-08-09 04:06:26,679 INFO  segmented.SegmentedRaftLogWorker (SegmentedRaftLogWorker.java:close(228)) - b5d56376-e826-428b-9b7e-6c1b10865261-SegmentedRaftLogWorker:Storage Directory /workdir/hadoop-ozone/integration-test/target/test-dir/MiniOzoneClusterImpl-ec6279a4-115b-4ea2-96cc-fb2f3d2234fd/datanode-4/data/ratis/5d4280e4-c02e-445b-9245-8e93204d98d2 close()
2019-08-09 04:06:26,685 INFO  server.GrpcService (GrpcService.java:closeImpl(155)) - b5d56376-e826-428b-9b7e-6c1b10865261: shutdown server with port 40329 now
2019-08-09 04:06:26,688 INFO  server.GrpcService (GrpcService.java:closeImpl(163)) - b5d56376-e826-428b-9b7e-6c1b10865261: shutdown server with port 40329 successfully
2019-08-09 04:06:26,690 INFO  utils.BackgroundService (BackgroundService.java:shutdown(148)) - Shutting down service BlockDeletingService
2019-08-09 04:06:26,691 WARN  fs.CachingGetSpaceUsed (CachingGetSpaceUsed.java:run(183)) - Thread Interrupted waiting to refresh disk information: sleep interrupted
2019-08-09 04:06:26,702 INFO  ratis.ContainerStateMachine (ContainerStateMachine.java:takeSnapshot(273)) - group-4F6DA14AFD69: Finished taking a snapshot at:(t:2, i:4) file:/workdir/hadoop-ozone/integration-test/target/test-dir/MiniOzoneClusterImpl-ec6279a4-115b-4ea2-96cc-fb2f3d2234fd/datanode-1/data/ratis/d5e552a7-1e56-48d4-9d0b-4f6da14afd69/sm/snapshot.2_4 time:42
2019-08-09 04:06:26,703 INFO  impl.StateMachineUpdater (StateMachineUpdater.java:takeSnapshot(242)) - StateMachineUpdater:ee6f2503-878b-43f1-960a-6bf65f2ea515:group-4F6DA14AFD69: Took a snapshot at index 4
2019-08-09 04:06:26,703 INFO  impl.StateMachineUpdater (StateMachineUpdater.java:lambda$new$0(80)) - StateMachineUpdater:ee6f2503-878b-43f1-960a-6bf65f2ea515:group-4F6DA14AFD69: snapshotIndex: updateIncreasingly -1 -> 4
2019-08-09 04:06:26,708 INFO  impl.RaftServerImpl (ServerState.java:close(394)) - ee6f2503-878b-43f1-960a-6bf65f2ea515:group-4F6DA14AFD69 closes. The last applied log index is 4
2019-08-09 04:06:26,708 INFO  segmented.SegmentedRaftLogWorker (SegmentedRaftLogWorker.java:run(313)) - ee6f2503-878b-43f1-960a-6bf65f2ea515-SegmentedRaftLogWorker:Storage Directory /workdir/hadoop-ozone/integration-test/target/test-dir/MiniOzoneClusterImpl-ec6279a4-115b-4ea2-96cc-fb2f3d2234fd/datanode-1/data/ratis/d5e552a7-1e56-48d4-9d0b-4f6da14afd69 was interrupted, exiting. There are 0 tasks remaining in the queue.
2019-08-09 04:06:26,710 INFO  segmented.SegmentedRaftLogWorker (SegmentedRaftLogWorker.java:close(228)) - ee6f2503-878b-43f1-960a-6bf65f2ea515-SegmentedRaftLogWorker:Storage Directory /workdir/hadoop-ozone/integration-test/target/test-dir/MiniOzoneClusterImpl-ec6279a4-115b-4ea2-96cc-fb2f3d2234fd/datanode-1/data/ratis/d5e552a7-1e56-48d4-9d0b-4f6da14afd69 close()
2019-08-09 04:06:26,714 INFO  impl.RaftServerImpl (RaftServerImpl.java:lambda$shutdown$3(245)) - ee6f2503-878b-43f1-960a-6bf65f2ea515: shutdown group-47EACD4AC894
2019-08-09 04:06:26,714 INFO  util.JmxRegister (JmxRegister.java:unregister(73)) - Successfully un-registered JMX Bean with object name Ratis:service=RaftServer,group=group-47EACD4AC894,id=ee6f2503-878b-43f1-960a-6bf65f2ea515
2019-08-09 04:06:26,715 INFO  impl.RoleInfo (RoleInfo.java:shutdownLeaderState(104)) - ee6f2503-878b-43f1-960a-6bf65f2ea515: shutdown LeaderState
2019-08-09 04:06:26,715 INFO  impl.PendingRequests (PendingRequests.java:sendNotLeaderResponses(202)) - ee6f2503-878b-43f1-960a-6bf65f2ea515-PendingRequests: sendNotLeaderResponses
2019-08-09 04:06:26,715 INFO  impl.StateMachineUpdater (StateMachineUpdater.java:stopAndJoin(115)) - StateMachineUpdater:ee6f2503-878b-43f1-960a-6bf65f2ea515:group-47EACD4AC894: set stopIndex = 0
2019-08-09 04:06:26,715 INFO  impl.RaftServerImpl (ServerState.java:close(394)) - ee6f2503-878b-43f1-960a-6bf65f2ea515:group-47EACD4AC894 closes. The last applied log index is 0
2019-08-09 04:06:26,716 INFO  segmented.SegmentedRaftLogWorker (SegmentedRaftLogWorker.java:run(313)) - ee6f2503-878b-43f1-960a-6bf65f2ea515-SegmentedRaftLogWorker:Storage Directory /workdir/hadoop-ozone/integration-test/target/test-dir/MiniOzoneClusterImpl-ec6279a4-115b-4ea2-96cc-fb2f3d2234fd/datanode-1/data/ratis/2bb0fe26-4db2-4ef9-a636-47eacd4ac894 was interrupted, exiting. There are 0 tasks remaining in the queue.
2019-08-09 04:06:26,718 INFO  segmented.SegmentedRaftLogWorker (SegmentedRaftLogWorker.java:close(228)) - ee6f2503-878b-43f1-960a-6bf65f2ea515-SegmentedRaftLogWorker:Storage Directory /workdir/hadoop-ozone/integration-test/target/test-dir/MiniOzoneClusterImpl-ec6279a4-115b-4ea2-96cc-fb2f3d2234fd/datanode-1/data/ratis/2bb0fe26-4db2-4ef9-a636-47eacd4ac894 close()
2019-08-09 04:06:26,721 INFO  server.GrpcService (GrpcService.java:closeImpl(155)) - ee6f2503-878b-43f1-960a-6bf65f2ea515: shutdown server with port 35407 now
2019-08-09 04:06:26,727 INFO  statemachine.DatanodeStateMachine (DatanodeStateMachine.java:stopDaemon(395)) - Ozone container server stopped.
2019-08-09 04:06:26,728 INFO  handler.ContextHandler (ContextHandler.java:doStop(910)) - Stopped o.e.j.w.WebAppContext@251c90f{/,null,UNAVAILABLE}{/hddsDatanode}
2019-08-09 04:06:26,728 INFO  server.GrpcService (GrpcService.java:closeImpl(163)) - ee6f2503-878b-43f1-960a-6bf65f2ea515: shutdown server with port 35407 successfully
2019-08-09 04:06:26,728 INFO  server.AbstractConnector (AbstractConnector.java:doStop(318)) - Stopped ServerConnector@6629643d{HTTP/1.1,[http/1.1]}{0.0.0.0:0}
2019-08-09 04:06:26,729 INFO  handler.ContextHandler (ContextHandler.java:doStop(910)) - Stopped o.e.j.s.ServletContextHandler@46f73ffa{/static,jar:file:/home/user/.m2/repository/org/apache/hadoop/hadoop-hdds-container-service/0.4.1-SNAPSHOT/hadoop-hdds-container-service-0.4.1-SNAPSHOT.jar!/webapps/static,UNAVAILABLE}
2019-08-09 04:06:26,730 INFO  handler.ContextHandler (ContextHandler.java:doStop(910)) - Stopped o.e.j.s.ServletContextHandler@42c12b3e{/logs,file:///workdir/hadoop-ozone/integration-test/target/log,UNAVAILABLE}
2019-08-09 04:06:26,732 INFO  datanode.ObjectStoreHandler (ObjectStoreHandler.java:close(155)) - Closing ObjectStoreHandler.
2019-08-09 04:06:26,733 INFO  ozone.HddsDatanodeService (HddsDatanodeService.java:stop(451)) - Stopped plug-in org.apache.hadoop.ozone.web.OzoneHddsDatanodeService@285a4fe3
2019-08-09 04:06:26,741 INFO  utils.BackgroundService (BackgroundService.java:shutdown(148)) - Shutting down service BlockDeletingService
2019-08-09 04:06:26,744 WARN  fs.CachingGetSpaceUsed (CachingGetSpaceUsed.java:run(183)) - Thread Interrupted waiting to refresh disk information: sleep interrupted
2019-08-09 04:06:26,766 INFO  statemachine.DatanodeStateMachine (DatanodeStateMachine.java:stopDaemon(395)) - Ozone container server stopped.
2019-08-09 04:06:26,771 INFO  handler.ContextHandler (ContextHandler.java:doStop(910)) - Stopped o.e.j.w.WebAppContext@747835f5{/,null,UNAVAILABLE}{/hddsDatanode}
2019-08-09 04:06:26,772 INFO  server.AbstractConnector (AbstractConnector.java:doStop(318)) - Stopped ServerConnector@594131f2{HTTP/1.1,[http/1.1]}{0.0.0.0:0}
2019-08-09 04:06:26,774 INFO  handler.ContextHandler (ContextHandler.java:doStop(910)) - Stopped o.e.j.s.ServletContextHandler@32a4ecbe{/static,jar:file:/home/user/.m2/repository/org/apache/hadoop/hadoop-hdds-container-service/0.4.1-SNAPSHOT/hadoop-hdds-container-service-0.4.1-SNAPSHOT.jar!/webapps/static,UNAVAILABLE}
2019-08-09 04:06:26,775 INFO  handler.ContextHandler (ContextHandler.java:doStop(910)) - Stopped o.e.j.s.ServletContextHandler@515b9d4a{/logs,file:///workdir/hadoop-ozone/integration-test/target/log,UNAVAILABLE}
2019-08-09 04:06:26,777 INFO  datanode.ObjectStoreHandler (ObjectStoreHandler.java:close(155)) - Closing ObjectStoreHandler.
2019-08-09 04:06:26,777 INFO  ozone.HddsDatanodeService (HddsDatanodeService.java:stop(451)) - Stopped plug-in org.apache.hadoop.ozone.web.OzoneHddsDatanodeService@1e00bfe2
2019-08-09 04:06:27,396 INFO  statemachine.DatanodeStateMachine (DatanodeStateMachine.java:lambda$startDaemon$0(350)) - Ozone container server started.
2019-08-09 04:06:27,660 INFO  statemachine.DatanodeStateMachine (DatanodeStateMachine.java:lambda$startDaemon$0(350)) - Ozone container server started.
2019-08-09 04:06:31,481 INFO  node.StaleNodeHandler (StaleNodeHandler.java:onMessage(58)) - Datanode c2523a8d-fb10-4a6c-9103-7ce8cd297fa3{ip: 192.168.157.225, host: byscane-nightly-vbjp7-3883395574, networkLocation: /default-rack, certSerialId: null} moved to stale state. Finalizing its pipelines [PipelineID=d5e552a7-1e56-48d4-9d0b-4f6da14afd69, PipelineID=a4495ff7-07fd-44b7-bf4a-15fe0ffe2832]
2019-08-09 04:06:31,481 INFO  pipeline.SCMPipelineManager (SCMPipelineManager.java:finalizeAndDestroyPipeline(309)) - destroying pipeline:Pipeline[ Id: d5e552a7-1e56-48d4-9d0b-4f6da14afd69, Nodes: 273743e4-f594-495f-8d4d-0ec9e58aa536{ip: 192.168.157.225, host: byscane-nightly-vbjp7-3883395574, networkLocation: /default-rack, certSerialId: null}ee6f2503-878b-43f1-960a-6bf65f2ea515{ip: 192.168.157.225, host: byscane-nightly-vbjp7-3883395574, networkLocation: /default-rack, certSerialId: null}c2523a8d-fb10-4a6c-9103-7ce8cd297fa3{ip: 192.168.157.225, host: byscane-nightly-vbjp7-3883395574, networkLocation: /default-rack, certSerialId: null}, Type:RATIS, Factor:THREE, State:CLOSED]
2019-08-09 04:06:31,482 INFO  pipeline.SCMPipelineManager (SCMPipelineManager.java:finalizeAndDestroyPipeline(309)) - destroying pipeline:Pipeline[ Id: a4495ff7-07fd-44b7-bf4a-15fe0ffe2832, Nodes: c2523a8d-fb10-4a6c-9103-7ce8cd297fa3{ip: 192.168.157.225, host: byscane-nightly-vbjp7-3883395574, networkLocation: /default-rack, certSerialId: null}, Type:RATIS, Factor:ONE, State:OPEN]
2019-08-09 04:06:31,482 INFO  pipeline.PipelineStateManager (PipelineStateManager.java:finalizePipeline(123)) - Pipeline Pipeline[ Id: a4495ff7-07fd-44b7-bf4a-15fe0ffe2832, Nodes: c2523a8d-fb10-4a6c-9103-7ce8cd297fa3{ip: 192.168.157.225, host: byscane-nightly-vbjp7-3883395574, networkLocation: /default-rack, certSerialId: null}, Type:RATIS, Factor:ONE, State:CLOSED] moved to CLOSED state
2019-08-09 04:06:31,681 INFO  node.StaleNodeHandler (StaleNodeHandler.java:onMessage(58)) - Datanode 38f913d1-9530-429d-b1f4-4288c213caa0{ip: 192.168.157.225, host: byscane-nightly-vbjp7-3883395574, networkLocation: /default-rack, certSerialId: null} moved to stale state. Finalizing its pipelines [PipelineID=87642ea6-00b7-4a26-81a9-e9e3c909e6ac, PipelineID=2d48d9d3-2aaa-4a3d-a81e-0e8e625ccd0d]
2019-08-09 04:06:31,681 INFO  pipeline.SCMPipelineManager (SCMPipelineManager.java:finalizeAndDestroyPipeline(309)) - destroying pipeline:Pipeline[ Id: 87642ea6-00b7-4a26-81a9-e9e3c909e6ac, Nodes: 38f913d1-9530-429d-b1f4-4288c213caa0{ip: 192.168.157.225, host: byscane-nightly-vbjp7-3883395574, networkLocation: /default-rack, certSerialId: null}, Type:RATIS, Factor:ONE, State:OPEN]
2019-08-09 04:06:31,682 INFO  pipeline.PipelineStateManager (PipelineStateManager.java:finalizePipeline(123)) - Pipeline Pipeline[ Id: 87642ea6-00b7-4a26-81a9-e9e3c909e6ac, Nodes: 38f913d1-9530-429d-b1f4-4288c213caa0{ip: 192.168.157.225, host: byscane-nightly-vbjp7-3883395574, networkLocation: /default-rack, certSerialId: null}, Type:RATIS, Factor:ONE, State:CLOSED] moved to CLOSED state
2019-08-09 04:06:31,682 INFO  pipeline.SCMPipelineManager (SCMPipelineManager.java:finalizeAndDestroyPipeline(309)) - destroying pipeline:Pipeline[ Id: 2d48d9d3-2aaa-4a3d-a81e-0e8e625ccd0d, Nodes: 9ef1ccf9-27b0-4d20-ae16-b8d1ec02e178{ip: 192.168.157.225, host: byscane-nightly-vbjp7-3883395574, networkLocation: /default-rack, certSerialId: null}38f913d1-9530-429d-b1f4-4288c213caa0{ip: 192.168.157.225, host: byscane-nightly-vbjp7-3883395574, networkLocation: /default-rack, certSerialId: null}0ce5e6cd-8de3-45b3-81ac-211d253ac858{ip: 192.168.157.225, host: byscane-nightly-vbjp7-3883395574, networkLocation: /default-rack, certSerialId: null}, Type:RATIS, Factor:THREE, State:OPEN]
2019-08-09 04:06:31,682 INFO  pipeline.PipelineStateManager (PipelineStateManager.java:finalizePipeline(123)) - Pipeline Pipeline[ Id: 2d48d9d3-2aaa-4a3d-a81e-0e8e625ccd0d, Nodes: 9ef1ccf9-27b0-4d20-ae16-b8d1ec02e178{ip: 192.168.157.225, host: byscane-nightly-vbjp7-3883395574, networkLocation: /default-rack, certSerialId: null}38f913d1-9530-429d-b1f4-4288c213caa0{ip: 192.168.157.225, host: byscane-nightly-vbjp7-3883395574, networkLocation: /default-rack, certSerialId: null}0ce5e6cd-8de3-45b3-81ac-211d253ac858{ip: 192.168.157.225, host: byscane-nightly-vbjp7-3883395574, networkLocation: /default-rack, certSerialId: null}, Type:RATIS, Factor:THREE, State:CLOSED] moved to CLOSED state
2019-08-09 04:06:31,682 INFO  container.CloseContainerEventHandler (CloseContainerEventHandler.java:onMessage(61)) - Close container Event triggered for container : #1
2019-08-09 04:06:31,736 INFO  ozoneimpl.OzoneContainer (OzoneContainer.java:stop(199)) - Attempting to stop container services.
2019-08-09 04:06:31,746 INFO  impl.RaftServerProxy (RaftServerProxy.java:lambda$close$4(314)) - c2523a8d-fb10-4a6c-9103-7ce8cd297fa3: close
2019-08-09 04:06:31,747 INFO  impl.RaftServerImpl (RaftServerImpl.java:lambda$shutdown$3(245)) - c2523a8d-fb10-4a6c-9103-7ce8cd297fa3: shutdown group-4F6DA14AFD69
2019-08-09 04:06:31,747 INFO  util.JmxRegister (JmxRegister.java:unregister(73)) - Successfully un-registered JMX Bean with object name Ratis:service=RaftServer,group=group-4F6DA14AFD69,id=c2523a8d-fb10-4a6c-9103-7ce8cd297fa3
2019-08-09 04:06:31,748 INFO  impl.RoleInfo (RoleInfo.java:shutdownFollowerState(121)) - c2523a8d-fb10-4a6c-9103-7ce8cd297fa3: shutdown FollowerState
2019-08-09 04:06:31,748 INFO  impl.StateMachineUpdater (StateMachineUpdater.java:stopAndJoin(115)) - StateMachineUpdater:c2523a8d-fb10-4a6c-9103-7ce8cd297fa3:group-4F6DA14AFD69: set stopIndex = 4
2019-08-09 04:06:31,748 INFO  ratis.ContainerStateMachine (ContainerStateMachine.java:takeSnapshot(262)) - group-4F6DA14AFD69: Taking a snapshot at:(t:2, i:3) file /workdir/hadoop-ozone/integration-test/target/test-dir/MiniOzoneClusterImpl-ec6279a4-115b-4ea2-96cc-fb2f3d2234fd/datanode-3/data/ratis/d5e552a7-1e56-48d4-9d0b-4f6da14afd69/sm/snapshot.2_3
2019-08-09 04:06:31,748 INFO  impl.FollowerState (FollowerState.java:run(114)) - c2523a8d-fb10-4a6c-9103-7ce8cd297fa3: FollowerState was interrupted: java.lang.InterruptedException: sleep interrupted
2019-08-09 04:06:31,775 INFO  ratis.ContainerStateMachine (ContainerStateMachine.java:takeSnapshot(273)) - group-4F6DA14AFD69: Finished taking a snapshot at:(t:2, i:3) file:/workdir/hadoop-ozone/integration-test/target/test-dir/MiniOzoneClusterImpl-ec6279a4-115b-4ea2-96cc-fb2f3d2234fd/datanode-3/data/ratis/d5e552a7-1e56-48d4-9d0b-4f6da14afd69/sm/snapshot.2_3 time:26
2019-08-09 04:06:31,775 INFO  impl.StateMachineUpdater (StateMachineUpdater.java:takeSnapshot(242)) - StateMachineUpdater:c2523a8d-fb10-4a6c-9103-7ce8cd297fa3:group-4F6DA14AFD69: Took a snapshot at index 3
2019-08-09 04:06:31,775 INFO  impl.StateMachineUpdater (StateMachineUpdater.java:lambda$new$0(80)) - StateMachineUpdater:c2523a8d-fb10-4a6c-9103-7ce8cd297fa3:group-4F6DA14AFD69: snapshotIndex: updateIncreasingly -1 -> 3
2019-08-09 04:06:31,776 INFO  impl.RaftServerImpl (ServerState.java:close(394)) - c2523a8d-fb10-4a6c-9103-7ce8cd297fa3:group-4F6DA14AFD69 closes. The last applied log index is 4
2019-08-09 04:06:31,776 INFO  segmented.SegmentedRaftLogWorker (SegmentedRaftLogWorker.java:run(313)) - c2523a8d-fb10-4a6c-9103-7ce8cd297fa3-SegmentedRaftLogWorker:Storage Directory /workdir/hadoop-ozone/integration-test/target/test-dir/MiniOzoneClusterImpl-ec6279a4-115b-4ea2-96cc-fb2f3d2234fd/datanode-3/data/ratis/d5e552a7-1e56-48d4-9d0b-4f6da14afd69 was interrupted, exiting. There are 0 tasks remaining in the queue.
2019-08-09 04:06:31,778 INFO  segmented.SegmentedRaftLogWorker (SegmentedRaftLogWorker.java:close(228)) - c2523a8d-fb10-4a6c-9103-7ce8cd297fa3-SegmentedRaftLogWorker:Storage Directory /workdir/hadoop-ozone/integration-test/target/test-dir/MiniOzoneClusterImpl-ec6279a4-115b-4ea2-96cc-fb2f3d2234fd/datanode-3/data/ratis/d5e552a7-1e56-48d4-9d0b-4f6da14afd69 close()
2019-08-09 04:06:31,779 INFO  ozoneimpl.OzoneContainer (OzoneContainer.java:stop(199)) - Attempting to stop container services.
2019-08-09 04:06:31,782 INFO  impl.RaftServerImpl (RaftServerImpl.java:lambda$shutdown$3(245)) - c2523a8d-fb10-4a6c-9103-7ce8cd297fa3: shutdown group-15FE0FFE2832
2019-08-09 04:06:31,783 INFO  impl.RaftServerProxy (RaftServerProxy.java:lambda$close$4(314)) - 38f913d1-9530-429d-b1f4-4288c213caa0: close
2019-08-09 04:06:31,783 INFO  util.JmxRegister (JmxRegister.java:unregister(73)) - Successfully un-registered JMX Bean with object name Ratis:service=RaftServer,group=group-15FE0FFE2832,id=c2523a8d-fb10-4a6c-9103-7ce8cd297fa3
2019-08-09 04:06:31,783 INFO  impl.RaftServerImpl (RaftServerImpl.java:lambda$shutdown$3(245)) - 38f913d1-9530-429d-b1f4-4288c213caa0: shutdown group-E9E3C909E6AC
2019-08-09 04:06:31,784 INFO  impl.RoleInfo (RoleInfo.java:shutdownLeaderState(104)) - c2523a8d-fb10-4a6c-9103-7ce8cd297fa3: shutdown LeaderState
2019-08-09 04:06:31,784 INFO  util.JmxRegister (JmxRegister.java:unregister(73)) - Successfully un-registered JMX Bean with object name Ratis:service=RaftServer,group=group-E9E3C909E6AC,id=38f913d1-9530-429d-b1f4-4288c213caa0
2019-08-09 04:06:31,785 INFO  impl.PendingRequests (PendingRequests.java:sendNotLeaderResponses(202)) - c2523a8d-fb10-4a6c-9103-7ce8cd297fa3-PendingRequests: sendNotLeaderResponses
2019-08-09 04:06:31,785 INFO  impl.RoleInfo (RoleInfo.java:shutdownLeaderState(104)) - 38f913d1-9530-429d-b1f4-4288c213caa0: shutdown LeaderState
2019-08-09 04:06:31,785 INFO  impl.StateMachineUpdater (StateMachineUpdater.java:stopAndJoin(115)) - StateMachineUpdater:c2523a8d-fb10-4a6c-9103-7ce8cd297fa3:group-15FE0FFE2832: set stopIndex = 0
2019-08-09 04:06:31,786 INFO  impl.PendingRequests (PendingRequests.java:sendNotLeaderResponses(202)) - 38f913d1-9530-429d-b1f4-4288c213caa0-PendingRequests: sendNotLeaderResponses
2019-08-09 04:06:31,786 INFO  impl.RaftServerImpl (ServerState.java:close(394)) - c2523a8d-fb10-4a6c-9103-7ce8cd297fa3:group-15FE0FFE2832 closes. The last applied log index is 0
2019-08-09 04:06:31,787 INFO  impl.StateMachineUpdater (StateMachineUpdater.java:stopAndJoin(115)) - StateMachineUpdater:38f913d1-9530-429d-b1f4-4288c213caa0:group-E9E3C909E6AC: set stopIndex = 0
2019-08-09 04:06:31,787 INFO  segmented.SegmentedRaftLogWorker (SegmentedRaftLogWorker.java:run(313)) - c2523a8d-fb10-4a6c-9103-7ce8cd297fa3-SegmentedRaftLogWorker:Storage Directory /workdir/hadoop-ozone/integration-test/target/test-dir/MiniOzoneClusterImpl-ec6279a4-115b-4ea2-96cc-fb2f3d2234fd/datanode-3/data/ratis/a4495ff7-07fd-44b7-bf4a-15fe0ffe2832 was interrupted, exiting. There are 0 tasks remaining in the queue.
2019-08-09 04:06:31,787 INFO  impl.RaftServerImpl (ServerState.java:close(394)) - 38f913d1-9530-429d-b1f4-4288c213caa0:group-E9E3C909E6AC closes. The last applied log index is 0
2019-08-09 04:06:31,789 INFO  segmented.SegmentedRaftLogWorker (SegmentedRaftLogWorker.java:close(228)) - c2523a8d-fb10-4a6c-9103-7ce8cd297fa3-SegmentedRaftLogWorker:Storage Directory /workdir/hadoop-ozone/integration-test/target/test-dir/MiniOzoneClusterImpl-ec6279a4-115b-4ea2-96cc-fb2f3d2234fd/datanode-3/data/ratis/a4495ff7-07fd-44b7-bf4a-15fe0ffe2832 close()
2019-08-09 04:06:31,790 INFO  segmented.SegmentedRaftLogWorker (SegmentedRaftLogWorker.java:run(313)) - 38f913d1-9530-429d-b1f4-4288c213caa0-SegmentedRaftLogWorker:Storage Directory /workdir/hadoop-ozone/integration-test/target/test-dir/MiniOzoneClusterImpl-ec6279a4-115b-4ea2-96cc-fb2f3d2234fd/datanode-2/data/ratis/87642ea6-00b7-4a26-81a9-e9e3c909e6ac was interrupted, exiting. There are 0 tasks remaining in the queue.
2019-08-09 04:06:31,793 INFO  server.GrpcService (GrpcService.java:closeImpl(155)) - c2523a8d-fb10-4a6c-9103-7ce8cd297fa3: shutdown server with port 37055 now
2019-08-09 04:06:31,795 INFO  segmented.SegmentedRaftLogWorker (SegmentedRaftLogWorker.java:close(228)) - 38f913d1-9530-429d-b1f4-4288c213caa0-SegmentedRaftLogWorker:Storage Directory /workdir/hadoop-ozone/integration-test/target/test-dir/MiniOzoneClusterImpl-ec6279a4-115b-4ea2-96cc-fb2f3d2234fd/datanode-2/data/ratis/87642ea6-00b7-4a26-81a9-e9e3c909e6ac close()
2019-08-09 04:06:31,802 INFO  impl.RaftServerImpl (RaftServerImpl.java:lambda$shutdown$3(245)) - 38f913d1-9530-429d-b1f4-4288c213caa0: shutdown group-0E8E625CCD0D
2019-08-09 04:06:31,802 INFO  server.GrpcService (GrpcService.java:closeImpl(163)) - c2523a8d-fb10-4a6c-9103-7ce8cd297fa3: shutdown server with port 37055 successfully
2019-08-09 04:06:31,802 INFO  util.JmxRegister (JmxRegister.java:unregister(73)) - Successfully un-registered JMX Bean with object name Ratis:service=RaftServer,group=group-0E8E625CCD0D,id=38f913d1-9530-429d-b1f4-4288c213caa0
2019-08-09 04:06:31,803 INFO  impl.RoleInfo (RoleInfo.java:shutdownLeaderState(104)) - 38f913d1-9530-429d-b1f4-4288c213caa0: shutdown LeaderState
2019-08-09 04:06:31,807 INFO  impl.PendingRequests (PendingRequests.java:sendNotLeaderResponses(202)) - 38f913d1-9530-429d-b1f4-4288c213caa0-PendingRequests: sendNotLeaderResponses
2019-08-09 04:06:31,807 WARN  server.GrpcLogAppender (GrpcLogAppender.java:mayWait(143)) - GrpcLogAppender(38f913d1-9530-429d-b1f4-4288c213caa0->0ce5e6cd-8de3-45b3-81ac-211d253ac858): Wait interrupted by java.lang.InterruptedException
2019-08-09 04:06:31,807 WARN  server.GrpcLogAppender (GrpcLogAppender.java:mayWait(143)) - GrpcLogAppender(38f913d1-9530-429d-b1f4-4288c213caa0->9ef1ccf9-27b0-4d20-ae16-b8d1ec02e178): Wait interrupted by java.lang.InterruptedException
2019-08-09 04:06:31,811 INFO  impl.StateMachineUpdater (StateMachineUpdater.java:stopAndJoin(115)) - StateMachineUpdater:38f913d1-9530-429d-b1f4-4288c213caa0:group-0E8E625CCD0D: set stopIndex = 16
2019-08-09 04:06:31,808 INFO  utils.BackgroundService (BackgroundService.java:shutdown(148)) - Shutting down service BlockDeletingService
2019-08-09 04:06:31,816 INFO  server.GrpcServerProtocolService (GrpcServerProtocolService.java:onCompleted(104)) - 9ef1ccf9-27b0-4d20-ae16-b8d1ec02e178: appendEntries completed
2019-08-09 04:06:31,816 INFO  server.GrpcServerProtocolService (GrpcServerProtocolService.java:onCompleted(104)) - 0ce5e6cd-8de3-45b3-81ac-211d253ac858: appendEntries completed
2019-08-09 04:06:31,815 INFO  ratis.ContainerStateMachine (ContainerStateMachine.java:takeSnapshot(262)) - group-0E8E625CCD0D: Taking a snapshot at:(t:1, i:14) file /workdir/hadoop-ozone/integration-test/target/test-dir/MiniOzoneClusterImpl-ec6279a4-115b-4ea2-96cc-fb2f3d2234fd/datanode-2/data/ratis/2d48d9d3-2aaa-4a3d-a81e-0e8e625ccd0d/sm/snapshot.1_14
2019-08-09 04:06:31,817 WARN  fs.CachingGetSpaceUsed (CachingGetSpaceUsed.java:run(183)) - Thread Interrupted waiting to refresh disk information: sleep interrupted
2019-08-09 04:06:31,820 INFO  server.GrpcLogAppender (GrpcLogAppender.java:onCompleted(292)) - 38f913d1-9530-429d-b1f4-4288c213caa0->0ce5e6cd-8de3-45b3-81ac-211d253ac858: follower responses appendEntries COMPLETED
2019-08-09 04:06:31,820 INFO  server.GrpcLogAppender (GrpcLogAppender.java:onCompleted(292)) - 38f913d1-9530-429d-b1f4-4288c213caa0->9ef1ccf9-27b0-4d20-ae16-b8d1ec02e178: follower responses appendEntries COMPLETED
2019-08-09 04:06:31,824 INFO  impl.FollowerInfo (FollowerInfo.java:lambda$new$0(50)) - 38f913d1-9530-429d-b1f4-4288c213caa0->0ce5e6cd-8de3-45b3-81ac-211d253ac858: nextIndex: updateUnconditionally 17 -> 16
2019-08-09 04:06:31,824 INFO  impl.FollowerInfo (FollowerInfo.java:lambda$new$0(50)) - 38f913d1-9530-429d-b1f4-4288c213caa0->9ef1ccf9-27b0-4d20-ae16-b8d1ec02e178: nextIndex: updateUnconditionally 17 -> 16
2019-08-09 04:06:31,829 INFO  ratis.ContainerStateMachine (ContainerStateMachine.java:takeSnapshot(273)) - group-0E8E625CCD0D: Finished taking a snapshot at:(t:1, i:14) file:/workdir/hadoop-ozone/integration-test/target/test-dir/MiniOzoneClusterImpl-ec6279a4-115b-4ea2-96cc-fb2f3d2234fd/datanode-2/data/ratis/2d48d9d3-2aaa-4a3d-a81e-0e8e625ccd0d/sm/snapshot.1_14 time:18
2019-08-09 04:06:31,829 INFO  impl.StateMachineUpdater (StateMachineUpdater.java:takeSnapshot(242)) - StateMachineUpdater:38f913d1-9530-429d-b1f4-4288c213caa0:group-0E8E625CCD0D: Took a snapshot at index 14
2019-08-09 04:06:31,829 INFO  impl.StateMachineUpdater (StateMachineUpdater.java:lambda$new$0(80)) - StateMachineUpdater:38f913d1-9530-429d-b1f4-4288c213caa0:group-0E8E625CCD0D: snapshotIndex: updateIncreasingly -1 -> 14
2019-08-09 04:06:31,830 INFO  impl.RaftServerImpl (ServerState.java:close(394)) - 38f913d1-9530-429d-b1f4-4288c213caa0:group-0E8E625CCD0D closes. The last applied log index is 16
2019-08-09 04:06:31,830 INFO  segmented.SegmentedRaftLogWorker (SegmentedRaftLogWorker.java:run(313)) - 38f913d1-9530-429d-b1f4-4288c213caa0-SegmentedRaftLogWorker:Storage Directory /workdir/hadoop-ozone/integration-test/target/test-dir/MiniOzoneClusterImpl-ec6279a4-115b-4ea2-96cc-fb2f3d2234fd/datanode-2/data/ratis/2d48d9d3-2aaa-4a3d-a81e-0e8e625ccd0d was interrupted, exiting. There are 0 tasks remaining in the queue.
2019-08-09 04:06:31,832 INFO  segmented.SegmentedRaftLogWorker (SegmentedRaftLogWorker.java:close(228)) - 38f913d1-9530-429d-b1f4-4288c213caa0-SegmentedRaftLogWorker:Storage Directory /workdir/hadoop-ozone/integration-test/target/test-dir/MiniOzoneClusterImpl-ec6279a4-115b-4ea2-96cc-fb2f3d2234fd/datanode-2/data/ratis/2d48d9d3-2aaa-4a3d-a81e-0e8e625ccd0d close()
2019-08-09 04:06:31,836 INFO  server.GrpcService (GrpcService.java:closeImpl(155)) - 38f913d1-9530-429d-b1f4-4288c213caa0: shutdown server with port 39873 now
2019-08-09 04:06:31,841 INFO  server.GrpcService (GrpcService.java:closeImpl(163)) - 38f913d1-9530-429d-b1f4-4288c213caa0: shutdown server with port 39873 successfully
2019-08-09 04:06:31,843 WARN  client.GrpcClientProtocolService (LogUtils.java:warn(134)) - 3-UnorderedRequestStreamObserver3: onError: org.apache.ratis.thirdparty.io.grpc.StatusRuntimeException: CANCELLED: cancelled before receiving half close
2019-08-09 04:06:31,844 INFO  utils.BackgroundService (BackgroundService.java:shutdown(148)) - Shutting down service BlockDeletingService
2019-08-09 04:06:31,845 WARN  fs.CachingGetSpaceUsed (CachingGetSpaceUsed.java:run(183)) - Thread Interrupted waiting to refresh disk information: sleep interrupted
2019-08-09 04:06:31,856 INFO  statemachine.DatanodeStateMachine (DatanodeStateMachine.java:stopDaemon(395)) - Ozone container server stopped.
2019-08-09 04:06:31,857 INFO  handler.ContextHandler (ContextHandler.java:doStop(910)) - Stopped o.e.j.w.WebAppContext@33d7765a{/,null,UNAVAILABLE}{/hddsDatanode}
2019-08-09 04:06:31,858 INFO  server.AbstractConnector (AbstractConnector.java:doStop(318)) - Stopped ServerConnector@69ed5ea2{HTTP/1.1,[http/1.1]}{0.0.0.0:0}
2019-08-09 04:06:31,859 INFO  handler.ContextHandler (ContextHandler.java:doStop(910)) - Stopped o.e.j.s.ServletContextHandler@1e1e837d{/static,jar:file:/home/user/.m2/repository/org/apache/hadoop/hadoop-hdds-container-service/0.4.1-SNAPSHOT/hadoop-hdds-container-service-0.4.1-SNAPSHOT.jar!/webapps/static,UNAVAILABLE}
2019-08-09 04:06:31,860 INFO  handler.ContextHandler (ContextHandler.java:doStop(910)) - Stopped o.e.j.s.ServletContextHandler@5b29ab61{/logs,file:///workdir/hadoop-ozone/integration-test/target/log,UNAVAILABLE}
2019-08-09 04:06:31,863 INFO  datanode.ObjectStoreHandler (ObjectStoreHandler.java:close(155)) - Closing ObjectStoreHandler.
2019-08-09 04:06:31,864 INFO  ozone.HddsDatanodeService (HddsDatanodeService.java:stop(451)) - Stopped plug-in org.apache.hadoop.ozone.web.OzoneHddsDatanodeService@27bc1d44
2019-08-09 04:06:31,871 INFO  statemachine.DatanodeStateMachine (DatanodeStateMachine.java:stopDaemon(395)) - Ozone container server stopped.
2019-08-09 04:06:31,876 INFO  handler.ContextHandler (ContextHandler.java:doStop(910)) - Stopped o.e.j.w.WebAppContext@27976390{/,null,UNAVAILABLE}{/hddsDatanode}
2019-08-09 04:06:31,877 INFO  server.AbstractConnector (AbstractConnector.java:doStop(318)) - Stopped ServerConnector@37e0056e{HTTP/1.1,[http/1.1]}{0.0.0.0:0}
2019-08-09 04:06:31,879 INFO  handler.ContextHandler (ContextHandler.java:doStop(910)) - Stopped o.e.j.s.ServletContextHandler@5f08fe00{/static,jar:file:/home/user/.m2/repository/org/apache/hadoop/hadoop-hdds-container-service/0.4.1-SNAPSHOT/hadoop-hdds-container-service-0.4.1-SNAPSHOT.jar!/webapps/static,UNAVAILABLE}
2019-08-09 04:06:31,880 INFO  handler.ContextHandler (ContextHandler.java:doStop(910)) - Stopped o.e.j.s.ServletContextHandler@6b63abdc{/logs,file:///workdir/hadoop-ozone/integration-test/target/log,UNAVAILABLE}
2019-08-09 04:06:31,882 INFO  datanode.ObjectStoreHandler (ObjectStoreHandler.java:close(155)) - Closing ObjectStoreHandler.
2019-08-09 04:06:31,882 INFO  ozone.HddsDatanodeService (HddsDatanodeService.java:stop(451)) - Stopped plug-in org.apache.hadoop.ozone.web.OzoneHddsDatanodeService@364fd4ae
2019-08-09 04:06:32,428 INFO  statemachine.DatanodeStateMachine (DatanodeStateMachine.java:lambda$startDaemon$0(350)) - Ozone container server started.
2019-08-09 04:06:32,729 INFO  statemachine.DatanodeStateMachine (DatanodeStateMachine.java:lambda$startDaemon$0(350)) - Ozone container server started.
2019-08-09 04:06:35,642 INFO  impl.FollowerState (FollowerState.java:run(106)) - 273743e4-f594-495f-8d4d-0ec9e58aa536:group-4F6DA14AFD69 changes to CANDIDATE, lastRpcTime:9173, electionTimeout:5001ms
2019-08-09 04:06:35,642 INFO  impl.RoleInfo (RoleInfo.java:shutdownFollowerState(121)) - 273743e4-f594-495f-8d4d-0ec9e58aa536: shutdown FollowerState
2019-08-09 04:06:35,642 INFO  impl.RaftServerImpl (RaftServerImpl.java:setRole(171)) - 273743e4-f594-495f-8d4d-0ec9e58aa536:group-4F6DA14AFD69 changes role from FOLLOWER to CANDIDATE at term 2 for changeToCandidate
2019-08-09 04:06:35,642 INFO  impl.RoleInfo (RoleInfo.java:updateAndGet(143)) - 273743e4-f594-495f-8d4d-0ec9e58aa536: start LeaderElection
2019-08-09 04:06:35,645 INFO  impl.RaftServerImpl (ServerState.java:setLeader(263)) - 273743e4-f594-495f-8d4d-0ec9e58aa536:group-4F6DA14AFD69 change Leader from ee6f2503-878b-43f1-960a-6bf65f2ea515 to null at term 2 for initElection
2019-08-09 04:06:35,659 INFO  impl.LeaderElection (LeaderElection.java:askForVotes(181)) - 273743e4-f594-495f-8d4d-0ec9e58aa536:group-4F6DA14AFD69:LeaderElection14: begin an election at term 3 for 0: [273743e4-f594-495f-8d4d-0ec9e58aa536:192.168.157.225:42943, ee6f2503-878b-43f1-960a-6bf65f2ea515:192.168.157.225:35407, c2523a8d-fb10-4a6c-9103-7ce8cd297fa3:192.168.157.225:37055], old=null
2019-08-09 04:06:35,675 INFO  impl.LeaderElection (LogUtils.java:infoOrTrace(149)) - 273743e4-f594-495f-8d4d-0ec9e58aa536:group-4F6DA14AFD69:LeaderElection14 got exception when requesting votes: {}
java.util.concurrent.ExecutionException: org.apache.ratis.thirdparty.io.grpc.StatusRuntimeException: UNAVAILABLE: io exception
	at java.util.concurrent.FutureTask.report(FutureTask.java:122)
	at java.util.concurrent.FutureTask.get(FutureTask.java:192)
	at org.apache.ratis.server.impl.LeaderElection.waitForResults(LeaderElection.java:262)
	at org.apache.ratis.server.impl.LeaderElection.askForVotes(LeaderElection.java:200)
	at org.apache.ratis.server.impl.LeaderElection.run(LeaderElection.java:130)
	at java.lang.Thread.run(Thread.java:748)
Caused by: org.apache.ratis.thirdparty.io.grpc.StatusRuntimeException: UNAVAILABLE: io exception
	at org.apache.ratis.thirdparty.io.grpc.stub.ClientCalls.toStatusRuntimeException(ClientCalls.java:233)
	at org.apache.ratis.thirdparty.io.grpc.stub.ClientCalls.getUnchecked(ClientCalls.java:214)
	at org.apache.ratis.thirdparty.io.grpc.stub.ClientCalls.blockingUnaryCall(ClientCalls.java:139)
	at org.apache.ratis.proto.grpc.RaftServerProtocolServiceGrpc$RaftServerProtocolServiceBlockingStub.requestVote(RaftServerProtocolServiceGrpc.java:265)
	at org.apache.ratis.grpc.server.GrpcServerProtocolClient.requestVote(GrpcServerProtocolClient.java:83)
	at org.apache.ratis.grpc.server.GrpcService.requestVote(GrpcService.java:195)
	at org.apache.ratis.server.impl.LeaderElection.lambda$submitRequests$1(LeaderElection.java:237)
	at java.util.concurrent.FutureTask.run(FutureTask.java:266)
	at java.util.concurrent.Executors$RunnableAdapter.call(Executors.java:511)
	at java.util.concurrent.FutureTask.run(FutureTask.java:266)
	at java.util.concurrent.ThreadPoolExecutor.runWorker(ThreadPoolExecutor.java:1149)
	at java.util.concurrent.ThreadPoolExecutor$Worker.run(ThreadPoolExecutor.java:624)
	... 1 more
Caused by: org.apache.ratis.thirdparty.io.netty.channel.AbstractChannel$AnnotatedConnectException: Connection refused: /192.168.157.225:35407
	at sun.nio.ch.SocketChannelImpl.checkConnect(Native Method)
	at sun.nio.ch.SocketChannelImpl.finishConnect(SocketChannelImpl.java:717)
	at org.apache.ratis.thirdparty.io.netty.channel.socket.nio.NioSocketChannel.doFinishConnect(NioSocketChannel.java:327)
	at org.apache.ratis.thirdparty.io.netty.channel.nio.AbstractNioChannel$AbstractNioUnsafe.finishConnect(AbstractNioChannel.java:340)
	at org.apache.ratis.thirdparty.io.netty.channel.nio.NioEventLoop.processSelectedKey(NioEventLoop.java:632)
	at org.apache.ratis.thirdparty.io.netty.channel.nio.NioEventLoop.processSelectedKeysOptimized(NioEventLoop.java:579)
	at org.apache.ratis.thirdparty.io.netty.channel.nio.NioEventLoop.processSelectedKeys(NioEventLoop.java:496)
	at org.apache.ratis.thirdparty.io.netty.channel.nio.NioEventLoop.run(NioEventLoop.java:458)
	at org.apache.ratis.thirdparty.io.netty.util.concurrent.SingleThreadEventExecutor$5.run(SingleThreadEventExecutor.java:897)
	at org.apache.ratis.thirdparty.io.netty.util.concurrent.FastThreadLocalRunnable.run(FastThreadLocalRunnable.java:30)
	... 1 more
Caused by: java.net.ConnectException: Connection refused
	... 11 more
2019-08-09 04:06:35,677 INFO  impl.LeaderElection (LogUtils.java:infoOrTrace(149)) - 273743e4-f594-495f-8d4d-0ec9e58aa536:group-4F6DA14AFD69:LeaderElection14 got exception when requesting votes: {}
java.util.concurrent.ExecutionException: org.apache.ratis.thirdparty.io.grpc.StatusRuntimeException: UNAVAILABLE: io exception
	at java.util.concurrent.FutureTask.report(FutureTask.java:122)
	at java.util.concurrent.FutureTask.get(FutureTask.java:192)
	at org.apache.ratis.server.impl.LeaderElection.waitForResults(LeaderElection.java:262)
	at org.apache.ratis.server.impl.LeaderElection.askForVotes(LeaderElection.java:200)
	at org.apache.ratis.server.impl.LeaderElection.run(LeaderElection.java:130)
	at java.lang.Thread.run(Thread.java:748)
Caused by: org.apache.ratis.thirdparty.io.grpc.StatusRuntimeException: UNAVAILABLE: io exception
	at org.apache.ratis.thirdparty.io.grpc.stub.ClientCalls.toStatusRuntimeException(ClientCalls.java:233)
	at org.apache.ratis.thirdparty.io.grpc.stub.ClientCalls.getUnchecked(ClientCalls.java:214)
	at org.apache.ratis.thirdparty.io.grpc.stub.ClientCalls.blockingUnaryCall(ClientCalls.java:139)
	at org.apache.ratis.proto.grpc.RaftServerProtocolServiceGrpc$RaftServerProtocolServiceBlockingStub.requestVote(RaftServerProtocolServiceGrpc.java:265)
	at org.apache.ratis.grpc.server.GrpcServerProtocolClient.requestVote(GrpcServerProtocolClient.java:83)
	at org.apache.ratis.grpc.server.GrpcService.requestVote(GrpcService.java:195)
	at org.apache.ratis.server.impl.LeaderElection.lambda$submitRequests$1(LeaderElection.java:237)
	at java.util.concurrent.FutureTask.run(FutureTask.java:266)
	at java.util.concurrent.Executors$RunnableAdapter.call(Executors.java:511)
	at java.util.concurrent.FutureTask.run(FutureTask.java:266)
	at java.util.concurrent.ThreadPoolExecutor.runWorker(ThreadPoolExecutor.java:1149)
	at java.util.concurrent.ThreadPoolExecutor$Worker.run(ThreadPoolExecutor.java:624)
	... 1 more
Caused by: org.apache.ratis.thirdparty.io.netty.channel.AbstractChannel$AnnotatedConnectException: Connection refused: /192.168.157.225:37055
	at sun.nio.ch.SocketChannelImpl.checkConnect(Native Method)
	at sun.nio.ch.SocketChannelImpl.finishConnect(SocketChannelImpl.java:717)
	at org.apache.ratis.thirdparty.io.netty.channel.socket.nio.NioSocketChannel.doFinishConnect(NioSocketChannel.java:327)
	at org.apache.ratis.thirdparty.io.netty.channel.nio.AbstractNioChannel$AbstractNioUnsafe.finishConnect(AbstractNioChannel.java:340)
	at org.apache.ratis.thirdparty.io.netty.channel.nio.NioEventLoop.processSelectedKey(NioEventLoop.java:632)
	at org.apache.ratis.thirdparty.io.netty.channel.nio.NioEventLoop.processSelectedKeysOptimized(NioEventLoop.java:579)
	at org.apache.ratis.thirdparty.io.netty.channel.nio.NioEventLoop.processSelectedKeys(NioEventLoop.java:496)
	at org.apache.ratis.thirdparty.io.netty.channel.nio.NioEventLoop.run(NioEventLoop.java:458)
	at org.apache.ratis.thirdparty.io.netty.util.concurrent.SingleThreadEventExecutor$5.run(SingleThreadEventExecutor.java:897)
	at org.apache.ratis.thirdparty.io.netty.util.concurrent.FastThreadLocalRunnable.run(FastThreadLocalRunnable.java:30)
	... 1 more
Caused by: java.net.ConnectException: Connection refused
	... 11 more
2019-08-09 04:06:35,679 INFO  impl.LeaderElection (LeaderElection.java:logAndReturn(56)) - 273743e4-f594-495f-8d4d-0ec9e58aa536:group-4F6DA14AFD69:LeaderElection14: Election REJECTED; received 0 response(s) [] and 2 exception(s); 273743e4-f594-495f-8d4d-0ec9e58aa536:t3, leader=null, voted=273743e4-f594-495f-8d4d-0ec9e58aa536, raftlog=273743e4-f594-495f-8d4d-0ec9e58aa536-SegmentedRaftLog:OPENED:c4,f4,i4, conf=0: [273743e4-f594-495f-8d4d-0ec9e58aa536:192.168.157.225:42943, ee6f2503-878b-43f1-960a-6bf65f2ea515:192.168.157.225:35407, c2523a8d-fb10-4a6c-9103-7ce8cd297fa3:192.168.157.225:37055], old=null
2019-08-09 04:06:35,680 INFO  impl.LeaderElection (LogUtils.java:infoOrTrace(149)) -   Exception 0: {}
java.util.concurrent.ExecutionException: org.apache.ratis.thirdparty.io.grpc.StatusRuntimeException: UNAVAILABLE: io exception
	at java.util.concurrent.FutureTask.report(FutureTask.java:122)
	at java.util.concurrent.FutureTask.get(FutureTask.java:192)
	at org.apache.ratis.server.impl.LeaderElection.waitForResults(LeaderElection.java:262)
	at org.apache.ratis.server.impl.LeaderElection.askForVotes(LeaderElection.java:200)
	at org.apache.ratis.server.impl.LeaderElection.run(LeaderElection.java:130)
	at java.lang.Thread.run(Thread.java:748)
Caused by: org.apache.ratis.thirdparty.io.grpc.StatusRuntimeException: UNAVAILABLE: io exception
	at org.apache.ratis.thirdparty.io.grpc.stub.ClientCalls.toStatusRuntimeException(ClientCalls.java:233)
	at org.apache.ratis.thirdparty.io.grpc.stub.ClientCalls.getUnchecked(ClientCalls.java:214)
	at org.apache.ratis.thirdparty.io.grpc.stub.ClientCalls.blockingUnaryCall(ClientCalls.java:139)
	at org.apache.ratis.proto.grpc.RaftServerProtocolServiceGrpc$RaftServerProtocolServiceBlockingStub.requestVote(RaftServerProtocolServiceGrpc.java:265)
	at org.apache.ratis.grpc.server.GrpcServerProtocolClient.requestVote(GrpcServerProtocolClient.java:83)
	at org.apache.ratis.grpc.server.GrpcService.requestVote(GrpcService.java:195)
	at org.apache.ratis.server.impl.LeaderElection.lambda$submitRequests$1(LeaderElection.java:237)
	at java.util.concurrent.FutureTask.run(FutureTask.java:266)
	at java.util.concurrent.Executors$RunnableAdapter.call(Executors.java:511)
	at java.util.concurrent.FutureTask.run(FutureTask.java:266)
	at java.util.concurrent.ThreadPoolExecutor.runWorker(ThreadPoolExecutor.java:1149)
	at java.util.concurrent.ThreadPoolExecutor$Worker.run(ThreadPoolExecutor.java:624)
	... 1 more
Caused by: org.apache.ratis.thirdparty.io.netty.channel.AbstractChannel$AnnotatedConnectException: Connection refused: /192.168.157.225:35407
	at sun.nio.ch.SocketChannelImpl.checkConnect(Native Method)
	at sun.nio.ch.SocketChannelImpl.finishConnect(SocketChannelImpl.java:717)
	at org.apache.ratis.thirdparty.io.netty.channel.socket.nio.NioSocketChannel.doFinishConnect(NioSocketChannel.java:327)
	at org.apache.ratis.thirdparty.io.netty.channel.nio.AbstractNioChannel$AbstractNioUnsafe.finishConnect(AbstractNioChannel.java:340)
	at org.apache.ratis.thirdparty.io.netty.channel.nio.NioEventLoop.processSelectedKey(NioEventLoop.java:632)
	at org.apache.ratis.thirdparty.io.netty.channel.nio.NioEventLoop.processSelectedKeysOptimized(NioEventLoop.java:579)
	at org.apache.ratis.thirdparty.io.netty.channel.nio.NioEventLoop.processSelectedKeys(NioEventLoop.java:496)
	at org.apache.ratis.thirdparty.io.netty.channel.nio.NioEventLoop.run(NioEventLoop.java:458)
	at org.apache.ratis.thirdparty.io.netty.util.concurrent.SingleThreadEventExecutor$5.run(SingleThreadEventExecutor.java:897)
	at org.apache.ratis.thirdparty.io.netty.util.concurrent.FastThreadLocalRunnable.run(FastThreadLocalRunnable.java:30)
	... 1 more
Caused by: java.net.ConnectException: Connection refused
	... 11 more
2019-08-09 04:06:35,682 INFO  impl.LeaderElection (LogUtils.java:infoOrTrace(149)) -   Exception 1: {}
java.util.concurrent.ExecutionException: org.apache.ratis.thirdparty.io.grpc.StatusRuntimeException: UNAVAILABLE: io exception
	at java.util.concurrent.FutureTask.report(FutureTask.java:122)
	at java.util.concurrent.FutureTask.get(FutureTask.java:192)
	at org.apache.ratis.server.impl.LeaderElection.waitForResults(LeaderElection.java:262)
	at org.apache.ratis.server.impl.LeaderElection.askForVotes(LeaderElection.java:200)
	at org.apache.ratis.server.impl.LeaderElection.run(LeaderElection.java:130)
	at java.lang.Thread.run(Thread.java:748)
Caused by: org.apache.ratis.thirdparty.io.grpc.StatusRuntimeException: UNAVAILABLE: io exception
	at org.apache.ratis.thirdparty.io.grpc.stub.ClientCalls.toStatusRuntimeException(ClientCalls.java:233)
	at org.apache.ratis.thirdparty.io.grpc.stub.ClientCalls.getUnchecked(ClientCalls.java:214)
	at org.apache.ratis.thirdparty.io.grpc.stub.ClientCalls.blockingUnaryCall(ClientCalls.java:139)
	at org.apache.ratis.proto.grpc.RaftServerProtocolServiceGrpc$RaftServerProtocolServiceBlockingStub.requestVote(RaftServerProtocolServiceGrpc.java:265)
	at org.apache.ratis.grpc.server.GrpcServerProtocolClient.requestVote(GrpcServerProtocolClient.java:83)
	at org.apache.ratis.grpc.server.GrpcService.requestVote(GrpcService.java:195)
	at org.apache.ratis.server.impl.LeaderElection.lambda$submitRequests$1(LeaderElection.java:237)
	at java.util.concurrent.FutureTask.run(FutureTask.java:266)
	at java.util.concurrent.Executors$RunnableAdapter.call(Executors.java:511)
	at java.util.concurrent.FutureTask.run(FutureTask.java:266)
	at java.util.concurrent.ThreadPoolExecutor.runWorker(ThreadPoolExecutor.java:1149)
	at java.util.concurrent.ThreadPoolExecutor$Worker.run(ThreadPoolExecutor.java:624)
	... 1 more
Caused by: org.apache.ratis.thirdparty.io.netty.channel.AbstractChannel$AnnotatedConnectException: Connection refused: /192.168.157.225:37055
	at sun.nio.ch.SocketChannelImpl.checkConnect(Native Method)
	at sun.nio.ch.SocketChannelImpl.finishConnect(SocketChannelImpl.java:717)
	at org.apache.ratis.thirdparty.io.netty.channel.socket.nio.NioSocketChannel.doFinishConnect(NioSocketChannel.java:327)
	at org.apache.ratis.thirdparty.io.netty.channel.nio.AbstractNioChannel$AbstractNioUnsafe.finishConnect(AbstractNioChannel.java:340)
	at org.apache.ratis.thirdparty.io.netty.channel.nio.NioEventLoop.processSelectedKey(NioEventLoop.java:632)
	at org.apache.ratis.thirdparty.io.netty.channel.nio.NioEventLoop.processSelectedKeysOptimized(NioEventLoop.java:579)
	at org.apache.ratis.thirdparty.io.netty.channel.nio.NioEventLoop.processSelectedKeys(NioEventLoop.java:496)
	at org.apache.ratis.thirdparty.io.netty.channel.nio.NioEventLoop.run(NioEventLoop.java:458)
	at org.apache.ratis.thirdparty.io.netty.util.concurrent.SingleThreadEventExecutor$5.run(SingleThreadEventExecutor.java:897)
	at org.apache.ratis.thirdparty.io.netty.util.concurrent.FastThreadLocalRunnable.run(FastThreadLocalRunnable.java:30)
	... 1 more
Caused by: java.net.ConnectException: Connection refused
	... 11 more
2019-08-09 04:06:35,682 INFO  impl.RaftServerImpl (RaftServerImpl.java:setRole(171)) - 273743e4-f594-495f-8d4d-0ec9e58aa536:group-4F6DA14AFD69 changes role from CANDIDATE to FOLLOWER at term 3 for DISCOVERED_A_NEW_TERM
2019-08-09 04:06:35,682 INFO  impl.RoleInfo (RoleInfo.java:shutdownLeaderElection(134)) - 273743e4-f594-495f-8d4d-0ec9e58aa536: shutdown LeaderElection
2019-08-09 04:06:35,684 INFO  impl.RoleInfo (RoleInfo.java:updateAndGet(143)) - 273743e4-f594-495f-8d4d-0ec9e58aa536: start FollowerState
2019-08-09 04:06:35,913 INFO  impl.FollowerState (FollowerState.java:run(106)) - 0ce5e6cd-8de3-45b3-81ac-211d253ac858:group-0E8E625CCD0D changes to CANDIDATE, lastRpcTime:6315, electionTimeout:5091ms
2019-08-09 04:06:35,913 INFO  impl.RoleInfo (RoleInfo.java:shutdownFollowerState(121)) - 0ce5e6cd-8de3-45b3-81ac-211d253ac858: shutdown FollowerState
2019-08-09 04:06:35,913 INFO  impl.RaftServerImpl (RaftServerImpl.java:setRole(171)) - 0ce5e6cd-8de3-45b3-81ac-211d253ac858:group-0E8E625CCD0D changes role from FOLLOWER to CANDIDATE at term 1 for changeToCandidate
2019-08-09 04:06:35,913 INFO  impl.RoleInfo (RoleInfo.java:updateAndGet(143)) - 0ce5e6cd-8de3-45b3-81ac-211d253ac858: start LeaderElection
2019-08-09 04:06:35,915 INFO  impl.RaftServerImpl (ServerState.java:setLeader(263)) - 0ce5e6cd-8de3-45b3-81ac-211d253ac858:group-0E8E625CCD0D change Leader from 38f913d1-9530-429d-b1f4-4288c213caa0 to null at term 1 for initElection
2019-08-09 04:06:35,929 INFO  impl.LeaderElection (LeaderElection.java:askForVotes(181)) - 0ce5e6cd-8de3-45b3-81ac-211d253ac858:group-0E8E625CCD0D:LeaderElection15: begin an election at term 2 for 0: [0ce5e6cd-8de3-45b3-81ac-211d253ac858:192.168.157.225:34617, 38f913d1-9530-429d-b1f4-4288c213caa0:192.168.157.225:39873, 9ef1ccf9-27b0-4d20-ae16-b8d1ec02e178:192.168.157.225:35653], old=null
2019-08-09 04:06:35,936 INFO  impl.LeaderElection (LogUtils.java:infoOrTrace(149)) - 0ce5e6cd-8de3-45b3-81ac-211d253ac858:group-0E8E625CCD0D:LeaderElection15 got exception when requesting votes: {}
java.util.concurrent.ExecutionException: org.apache.ratis.thirdparty.io.grpc.StatusRuntimeException: UNAVAILABLE: io exception
	at java.util.concurrent.FutureTask.report(FutureTask.java:122)
	at java.util.concurrent.FutureTask.get(FutureTask.java:192)
	at org.apache.ratis.server.impl.LeaderElection.waitForResults(LeaderElection.java:262)
	at org.apache.ratis.server.impl.LeaderElection.askForVotes(LeaderElection.java:200)
	at org.apache.ratis.server.impl.LeaderElection.run(LeaderElection.java:130)
	at java.lang.Thread.run(Thread.java:748)
Caused by: org.apache.ratis.thirdparty.io.grpc.StatusRuntimeException: UNAVAILABLE: io exception
	at org.apache.ratis.thirdparty.io.grpc.stub.ClientCalls.toStatusRuntimeException(ClientCalls.java:233)
	at org.apache.ratis.thirdparty.io.grpc.stub.ClientCalls.getUnchecked(ClientCalls.java:214)
	at org.apache.ratis.thirdparty.io.grpc.stub.ClientCalls.blockingUnaryCall(ClientCalls.java:139)
	at org.apache.ratis.proto.grpc.RaftServerProtocolServiceGrpc$RaftServerProtocolServiceBlockingStub.requestVote(RaftServerProtocolServiceGrpc.java:265)
	at org.apache.ratis.grpc.server.GrpcServerProtocolClient.requestVote(GrpcServerProtocolClient.java:83)
	at org.apache.ratis.grpc.server.GrpcService.requestVote(GrpcService.java:195)
	at org.apache.ratis.server.impl.LeaderElection.lambda$submitRequests$1(LeaderElection.java:237)
	at java.util.concurrent.FutureTask.run(FutureTask.java:266)
	at java.util.concurrent.Executors$RunnableAdapter.call(Executors.java:511)
	at java.util.concurrent.FutureTask.run(FutureTask.java:266)
	at java.util.concurrent.ThreadPoolExecutor.runWorker(ThreadPoolExecutor.java:1149)
	at java.util.concurrent.ThreadPoolExecutor$Worker.run(ThreadPoolExecutor.java:624)
	... 1 more
Caused by: org.apache.ratis.thirdparty.io.netty.channel.AbstractChannel$AnnotatedConnectException: Connection refused: /192.168.157.225:39873
	at sun.nio.ch.SocketChannelImpl.checkConnect(Native Method)
	at sun.nio.ch.SocketChannelImpl.finishConnect(SocketChannelImpl.java:717)
	at org.apache.ratis.thirdparty.io.netty.channel.socket.nio.NioSocketChannel.doFinishConnect(NioSocketChannel.java:327)
	at org.apache.ratis.thirdparty.io.netty.channel.nio.AbstractNioChannel$AbstractNioUnsafe.finishConnect(AbstractNioChannel.java:340)
	at org.apache.ratis.thirdparty.io.netty.channel.nio.NioEventLoop.processSelectedKey(NioEventLoop.java:632)
	at org.apache.ratis.thirdparty.io.netty.channel.nio.NioEventLoop.processSelectedKeysOptimized(NioEventLoop.java:579)
	at org.apache.ratis.thirdparty.io.netty.channel.nio.NioEventLoop.processSelectedKeys(NioEventLoop.java:496)
	at org.apache.ratis.thirdparty.io.netty.channel.nio.NioEventLoop.run(NioEventLoop.java:458)
	at org.apache.ratis.thirdparty.io.netty.util.concurrent.SingleThreadEventExecutor$5.run(SingleThreadEventExecutor.java:897)
	at org.apache.ratis.thirdparty.io.netty.util.concurrent.FastThreadLocalRunnable.run(FastThreadLocalRunnable.java:30)
	... 1 more
Caused by: java.net.ConnectException: Connection refused
	... 11 more
2019-08-09 04:06:35,943 INFO  impl.RaftServerImpl (ServerState.java:setLeader(263)) - 9ef1ccf9-27b0-4d20-ae16-b8d1ec02e178:group-0E8E625CCD0D change Leader from 38f913d1-9530-429d-b1f4-4288c213caa0 to null at term 2 for updateCurrentTerm
2019-08-09 04:06:35,943 INFO  impl.RaftServerImpl (RaftServerImpl.java:setRole(171)) - 9ef1ccf9-27b0-4d20-ae16-b8d1ec02e178:group-0E8E625CCD0D changes role from FOLLOWER to FOLLOWER at term 2 for recognizeCandidate:0ce5e6cd-8de3-45b3-81ac-211d253ac858
2019-08-09 04:06:35,943 INFO  impl.RoleInfo (RoleInfo.java:shutdownFollowerState(121)) - 9ef1ccf9-27b0-4d20-ae16-b8d1ec02e178: shutdown FollowerState
2019-08-09 04:06:35,944 INFO  impl.RoleInfo (RoleInfo.java:updateAndGet(143)) - 9ef1ccf9-27b0-4d20-ae16-b8d1ec02e178: start FollowerState
2019-08-09 04:06:35,944 INFO  impl.FollowerState (FollowerState.java:run(114)) - 9ef1ccf9-27b0-4d20-ae16-b8d1ec02e178: FollowerState was interrupted: java.lang.InterruptedException: sleep interrupted
2019-08-09 04:06:35,967 INFO  impl.LeaderElection (LeaderElection.java:logAndReturn(56)) - 0ce5e6cd-8de3-45b3-81ac-211d253ac858:group-0E8E625CCD0D:LeaderElection15: Election PASSED; received 1 response(s) [0ce5e6cd-8de3-45b3-81ac-211d253ac858<-9ef1ccf9-27b0-4d20-ae16-b8d1ec02e178#0:OK-t2] and 1 exception(s); 0ce5e6cd-8de3-45b3-81ac-211d253ac858:t2, leader=null, voted=0ce5e6cd-8de3-45b3-81ac-211d253ac858, raftlog=0ce5e6cd-8de3-45b3-81ac-211d253ac858-SegmentedRaftLog:OPENED:c16,f16,i16, conf=0: [0ce5e6cd-8de3-45b3-81ac-211d253ac858:192.168.157.225:34617, 38f913d1-9530-429d-b1f4-4288c213caa0:192.168.157.225:39873, 9ef1ccf9-27b0-4d20-ae16-b8d1ec02e178:192.168.157.225:35653], old=null
2019-08-09 04:06:35,967 INFO  impl.LeaderElection (LogUtils.java:infoOrTrace(149)) -   Exception 0: {}
java.util.concurrent.ExecutionException: org.apache.ratis.thirdparty.io.grpc.StatusRuntimeException: UNAVAILABLE: io exception
	at java.util.concurrent.FutureTask.report(FutureTask.java:122)
	at java.util.concurrent.FutureTask.get(FutureTask.java:192)
	at org.apache.ratis.server.impl.LeaderElection.waitForResults(LeaderElection.java:262)
	at org.apache.ratis.server.impl.LeaderElection.askForVotes(LeaderElection.java:200)
	at org.apache.ratis.server.impl.LeaderElection.run(LeaderElection.java:130)
	at java.lang.Thread.run(Thread.java:748)
Caused by: org.apache.ratis.thirdparty.io.grpc.StatusRuntimeException: UNAVAILABLE: io exception
	at org.apache.ratis.thirdparty.io.grpc.stub.ClientCalls.toStatusRuntimeException(ClientCalls.java:233)
	at org.apache.ratis.thirdparty.io.grpc.stub.ClientCalls.getUnchecked(ClientCalls.java:214)
	at org.apache.ratis.thirdparty.io.grpc.stub.ClientCalls.blockingUnaryCall(ClientCalls.java:139)
	at org.apache.ratis.proto.grpc.RaftServerProtocolServiceGrpc$RaftServerProtocolServiceBlockingStub.requestVote(RaftServerProtocolServiceGrpc.java:265)
	at org.apache.ratis.grpc.server.GrpcServerProtocolClient.requestVote(GrpcServerProtocolClient.java:83)
	at org.apache.ratis.grpc.server.GrpcService.requestVote(GrpcService.java:195)
	at org.apache.ratis.server.impl.LeaderElection.lambda$submitRequests$1(LeaderElection.java:237)
	at java.util.concurrent.FutureTask.run(FutureTask.java:266)
	at java.util.concurrent.Executors$RunnableAdapter.call(Executors.java:511)
	at java.util.concurrent.FutureTask.run(FutureTask.java:266)
	at java.util.concurrent.ThreadPoolExecutor.runWorker(ThreadPoolExecutor.java:1149)
	at java.util.concurrent.ThreadPoolExecutor$Worker.run(ThreadPoolExecutor.java:624)
	... 1 more
Caused by: org.apache.ratis.thirdparty.io.netty.channel.AbstractChannel$AnnotatedConnectException: Connection refused: /192.168.157.225:39873
	at sun.nio.ch.SocketChannelImpl.checkConnect(Native Method)
	at sun.nio.ch.SocketChannelImpl.finishConnect(SocketChannelImpl.java:717)
	at org.apache.ratis.thirdparty.io.netty.channel.socket.nio.NioSocketChannel.doFinishConnect(NioSocketChannel.java:327)
	at org.apache.ratis.thirdparty.io.netty.channel.nio.AbstractNioChannel$AbstractNioUnsafe.finishConnect(AbstractNioChannel.java:340)
	at org.apache.ratis.thirdparty.io.netty.channel.nio.NioEventLoop.processSelectedKey(NioEventLoop.java:632)
	at org.apache.ratis.thirdparty.io.netty.channel.nio.NioEventLoop.processSelectedKeysOptimized(NioEventLoop.java:579)
	at org.apache.ratis.thirdparty.io.netty.channel.nio.NioEventLoop.processSelectedKeys(NioEventLoop.java:496)
	at org.apache.ratis.thirdparty.io.netty.channel.nio.NioEventLoop.run(NioEventLoop.java:458)
	at org.apache.ratis.thirdparty.io.netty.util.concurrent.SingleThreadEventExecutor$5.run(SingleThreadEventExecutor.java:897)
	at org.apache.ratis.thirdparty.io.netty.util.concurrent.FastThreadLocalRunnable.run(FastThreadLocalRunnable.java:30)
	... 1 more
Caused by: java.net.ConnectException: Connection refused
	... 11 more
2019-08-09 04:06:35,967 INFO  impl.RoleInfo (RoleInfo.java:shutdownLeaderElection(134)) - 0ce5e6cd-8de3-45b3-81ac-211d253ac858: shutdown LeaderElection
2019-08-09 04:06:35,970 INFO  impl.RaftServerImpl (RaftServerImpl.java:setRole(171)) - 0ce5e6cd-8de3-45b3-81ac-211d253ac858:group-0E8E625CCD0D changes role from CANDIDATE to LEADER at term 2 for changeToLeader
2019-08-09 04:06:35,970 INFO  impl.RaftServerImpl (ServerState.java:setLeader(263)) - 0ce5e6cd-8de3-45b3-81ac-211d253ac858:group-0E8E625CCD0D change Leader from null to 0ce5e6cd-8de3-45b3-81ac-211d253ac858 at term 2 for becomeLeader, leader elected after 55ms
2019-08-09 04:06:35,970 INFO  server.RaftServerConfigKeys (ConfUtils.java:logGet(43)) - raft.server.staging.catchup.gap = 1000 (default)
2019-08-09 04:06:35,971 INFO  server.RaftServerConfigKeys (ConfUtils.java:logGet(43)) - raft.server.rpc.sleep.time = 25ms (default)
2019-08-09 04:06:35,971 INFO  server.RaftServerConfigKeys (ConfUtils.java:logGet(43)) - raft.server.write.element-limit = 4096 (default)
2019-08-09 04:06:35,971 INFO  server.RaftServerConfigKeys (ConfUtils.java:logGet(43)) - raft.server.watch.timeout = 10s (default)
2019-08-09 04:06:35,971 INFO  server.RaftServerConfigKeys (ConfUtils.java:logGet(43)) - raft.server.watch.timeout.denomination = 1s (default)
2019-08-09 04:06:35,971 INFO  server.RaftServerConfigKeys (ConfUtils.java:logGet(43)) - raft.server.watch.element-limit = 65536 (default)
2019-08-09 04:06:35,972 INFO  server.RaftServerConfigKeys (ConfUtils.java:logGet(43)) - raft.server.log.appender.snapshot.chunk.size.max = 16MB (=16777216) (default)
2019-08-09 04:06:35,972 INFO  server.RaftServerConfigKeys (ConfUtils.java:logGet(43)) - raft.server.log.appender.buffer.byte-limit = 33554432 (custom)
2019-08-09 04:06:35,972 INFO  server.RaftServerConfigKeys (ConfUtils.java:logGet(43)) - raft.server.log.appender.buffer.element-limit = 1 (custom)
2019-08-09 04:06:35,973 INFO  grpc.GrpcConfigKeys$Server (ConfUtils.java:logGet(43)) - raft.grpc.server.leader.outstanding.appends.max = 128 (default)
2019-08-09 04:06:35,973 INFO  server.RaftServerConfigKeys (ConfUtils.java:logGet(43)) - raft.server.rpc.request.timeout = 3000ms (default)
2019-08-09 04:06:35,973 INFO  server.RaftServerConfigKeys (ConfUtils.java:logGet(43)) - raft.server.log.appender.install.snapshot.enabled = false (custom)
2019-08-09 04:06:35,973 INFO  server.RaftServerConfigKeys (ConfUtils.java:logGet(43)) - raft.server.log.appender.snapshot.chunk.size.max = 16MB (=16777216) (default)
2019-08-09 04:06:35,973 INFO  server.RaftServerConfigKeys (ConfUtils.java:logGet(43)) - raft.server.log.appender.buffer.byte-limit = 33554432 (custom)
2019-08-09 04:06:35,974 INFO  server.RaftServerConfigKeys (ConfUtils.java:logGet(43)) - raft.server.log.appender.buffer.element-limit = 1 (custom)
2019-08-09 04:06:35,974 INFO  grpc.GrpcConfigKeys$Server (ConfUtils.java:logGet(43)) - raft.grpc.server.leader.outstanding.appends.max = 128 (default)
2019-08-09 04:06:35,974 INFO  server.RaftServerConfigKeys (ConfUtils.java:logGet(43)) - raft.server.rpc.request.timeout = 3000ms (default)
2019-08-09 04:06:35,974 INFO  server.RaftServerConfigKeys (ConfUtils.java:logGet(43)) - raft.server.log.appender.install.snapshot.enabled = false (custom)
2019-08-09 04:06:35,975 INFO  impl.RoleInfo (RoleInfo.java:updateAndGet(143)) - 0ce5e6cd-8de3-45b3-81ac-211d253ac858: start LeaderState
2019-08-09 04:06:35,975 INFO  segmented.SegmentedRaftLogWorker (SegmentedRaftLogWorker.java:rollLogSegment(385)) - 0ce5e6cd-8de3-45b3-81ac-211d253ac858-SegmentedRaftLogWorker:Storage Directory /workdir/hadoop-ozone/integration-test/target/test-dir/MiniOzoneClusterImpl-ec6279a4-115b-4ea2-96cc-fb2f3d2234fd/datanode-5/data/ratis/2d48d9d3-2aaa-4a3d-a81e-0e8e625ccd0d: Rolling segment log-0_16 to index:16
2019-08-09 04:06:35,978 INFO  impl.RaftServerImpl (ServerState.java:setRaftConf(361)) - 0ce5e6cd-8de3-45b3-81ac-211d253ac858:group-0E8E625CCD0D set configuration 17: [0ce5e6cd-8de3-45b3-81ac-211d253ac858:192.168.157.225:34617, 38f913d1-9530-429d-b1f4-4288c213caa0:192.168.157.225:39873, 9ef1ccf9-27b0-4d20-ae16-b8d1ec02e178:192.168.157.225:35653], old=null at 17
2019-08-09 04:06:35,978 INFO  segmented.SegmentedRaftLogWorker (SegmentedRaftLogWorker.java:execute(526)) - 0ce5e6cd-8de3-45b3-81ac-211d253ac858-SegmentedRaftLogWorker:Storage Directory /workdir/hadoop-ozone/integration-test/target/test-dir/MiniOzoneClusterImpl-ec6279a4-115b-4ea2-96cc-fb2f3d2234fd/datanode-5/data/ratis/2d48d9d3-2aaa-4a3d-a81e-0e8e625ccd0d: Rolled log segment from /workdir/hadoop-ozone/integration-test/target/test-dir/MiniOzoneClusterImpl-ec6279a4-115b-4ea2-96cc-fb2f3d2234fd/datanode-5/data/ratis/2d48d9d3-2aaa-4a3d-a81e-0e8e625ccd0d/current/log_inprogress_0 to /workdir/hadoop-ozone/integration-test/target/test-dir/MiniOzoneClusterImpl-ec6279a4-115b-4ea2-96cc-fb2f3d2234fd/datanode-5/data/ratis/2d48d9d3-2aaa-4a3d-a81e-0e8e625ccd0d/current/log_0-16
2019-08-09 04:06:35,980 WARN  server.GrpcLogAppender (LogUtils.java:warn(134)) - 0ce5e6cd-8de3-45b3-81ac-211d253ac858->38f913d1-9530-429d-b1f4-4288c213caa0: Failed appendEntries: org.apache.ratis.thirdparty.io.grpc.StatusRuntimeException: UNAVAILABLE: io exception
2019-08-09 04:06:35,999 INFO  impl.FollowerInfo (FollowerInfo.java:lambda$new$0(50)) - 0ce5e6cd-8de3-45b3-81ac-211d253ac858->38f913d1-9530-429d-b1f4-4288c213caa0: nextIndex: updateUnconditionally 17 -> 1
2019-08-09 04:06:35,999 INFO  impl.RaftServerImpl (ServerState.java:setLeader(263)) - 9ef1ccf9-27b0-4d20-ae16-b8d1ec02e178:group-0E8E625CCD0D change Leader from null to 0ce5e6cd-8de3-45b3-81ac-211d253ac858 at term 2 for appendEntries, leader elected after 56ms
2019-08-09 04:06:36,004 INFO  impl.RaftServerImpl (ServerState.java:setRaftConf(361)) - 9ef1ccf9-27b0-4d20-ae16-b8d1ec02e178:group-0E8E625CCD0D set configuration 17: [0ce5e6cd-8de3-45b3-81ac-211d253ac858:192.168.157.225:34617, 38f913d1-9530-429d-b1f4-4288c213caa0:192.168.157.225:39873, 9ef1ccf9-27b0-4d20-ae16-b8d1ec02e178:192.168.157.225:35653], old=null at 17
2019-08-09 04:06:36,004 INFO  segmented.SegmentedRaftLogWorker (SegmentedRaftLogWorker.java:rollLogSegment(385)) - 9ef1ccf9-27b0-4d20-ae16-b8d1ec02e178-SegmentedRaftLogWorker:Storage Directory /workdir/hadoop-ozone/integration-test/target/test-dir/MiniOzoneClusterImpl-ec6279a4-115b-4ea2-96cc-fb2f3d2234fd/datanode-6/data/ratis/2d48d9d3-2aaa-4a3d-a81e-0e8e625ccd0d: Rolling segment log-0_16 to index:16
2019-08-09 04:06:36,005 INFO  segmented.SegmentedRaftLogWorker (SegmentedRaftLogWorker.java:execute(526)) - 9ef1ccf9-27b0-4d20-ae16-b8d1ec02e178-SegmentedRaftLogWorker:Storage Directory /workdir/hadoop-ozone/integration-test/target/test-dir/MiniOzoneClusterImpl-ec6279a4-115b-4ea2-96cc-fb2f3d2234fd/datanode-6/data/ratis/2d48d9d3-2aaa-4a3d-a81e-0e8e625ccd0d: Rolled log segment from /workdir/hadoop-ozone/integration-test/target/test-dir/MiniOzoneClusterImpl-ec6279a4-115b-4ea2-96cc-fb2f3d2234fd/datanode-6/data/ratis/2d48d9d3-2aaa-4a3d-a81e-0e8e625ccd0d/current/log_inprogress_0 to /workdir/hadoop-ozone/integration-test/target/test-dir/MiniOzoneClusterImpl-ec6279a4-115b-4ea2-96cc-fb2f3d2234fd/datanode-6/data/ratis/2d48d9d3-2aaa-4a3d-a81e-0e8e625ccd0d/current/log_0-16
2019-08-09 04:06:36,012 INFO  segmented.SegmentedRaftLogWorker (SegmentedRaftLogWorker.java:execute(569)) - 0ce5e6cd-8de3-45b3-81ac-211d253ac858-SegmentedRaftLogWorker:Storage Directory /workdir/hadoop-ozone/integration-test/target/test-dir/MiniOzoneClusterImpl-ec6279a4-115b-4ea2-96cc-fb2f3d2234fd/datanode-5/data/ratis/2d48d9d3-2aaa-4a3d-a81e-0e8e625ccd0d: created new log segment /workdir/hadoop-ozone/integration-test/target/test-dir/MiniOzoneClusterImpl-ec6279a4-115b-4ea2-96cc-fb2f3d2234fd/datanode-5/data/ratis/2d48d9d3-2aaa-4a3d-a81e-0e8e625ccd0d/current/log_inprogress_17
2019-08-09 04:06:36,036 INFO  segmented.SegmentedRaftLogWorker (SegmentedRaftLogWorker.java:execute(569)) - 9ef1ccf9-27b0-4d20-ae16-b8d1ec02e178-SegmentedRaftLogWorker:Storage Directory /workdir/hadoop-ozone/integration-test/target/test-dir/MiniOzoneClusterImpl-ec6279a4-115b-4ea2-96cc-fb2f3d2234fd/datanode-6/data/ratis/2d48d9d3-2aaa-4a3d-a81e-0e8e625ccd0d: created new log segment /workdir/hadoop-ozone/integration-test/target/test-dir/MiniOzoneClusterImpl-ec6279a4-115b-4ea2-96cc-fb2f3d2234fd/datanode-6/data/ratis/2d48d9d3-2aaa-4a3d-a81e-0e8e625ccd0d/current/log_inprogress_17
2019-08-09 04:06:36,084 WARN  server.GrpcLogAppender (LogUtils.java:warn(134)) - 0ce5e6cd-8de3-45b3-81ac-211d253ac858->38f913d1-9530-429d-b1f4-4288c213caa0: Failed appendEntries: org.apache.ratis.thirdparty.io.grpc.StatusRuntimeException: UNAVAILABLE: io exception
2019-08-09 04:06:36,086 INFO  impl.FollowerInfo (FollowerInfo.java:lambda$new$0(50)) - 0ce5e6cd-8de3-45b3-81ac-211d253ac858->38f913d1-9530-429d-b1f4-4288c213caa0: nextIndex: updateUnconditionally 2 -> 1
2019-08-09 04:06:36,500 INFO  node.StaleNodeHandler (StaleNodeHandler.java:onMessage(58)) - Datanode 273743e4-f594-495f-8d4d-0ec9e58aa536{ip: 192.168.157.225, host: byscane-nightly-vbjp7-3883395574, networkLocation: /default-rack, certSerialId: null} moved to stale state. Finalizing its pipelines [PipelineID=d5e552a7-1e56-48d4-9d0b-4f6da14afd69, PipelineID=5d8379cf-8c5a-4d4f-b362-24b075154885]
2019-08-09 04:06:36,500 INFO  pipeline.SCMPipelineManager (SCMPipelineManager.java:finalizeAndDestroyPipeline(309)) - destroying pipeline:Pipeline[ Id: d5e552a7-1e56-48d4-9d0b-4f6da14afd69, Nodes: 273743e4-f594-495f-8d4d-0ec9e58aa536{ip: 192.168.157.225, host: byscane-nightly-vbjp7-3883395574, networkLocation: /default-rack, certSerialId: null}ee6f2503-878b-43f1-960a-6bf65f2ea515{ip: 192.168.157.225, host: byscane-nightly-vbjp7-3883395574, networkLocation: /default-rack, certSerialId: null}c2523a8d-fb10-4a6c-9103-7ce8cd297fa3{ip: 192.168.157.225, host: byscane-nightly-vbjp7-3883395574, networkLocation: /default-rack, certSerialId: null}, Type:RATIS, Factor:THREE, State:CLOSED]
2019-08-09 04:06:36,500 INFO  pipeline.SCMPipelineManager (SCMPipelineManager.java:finalizeAndDestroyPipeline(309)) - destroying pipeline:Pipeline[ Id: 5d8379cf-8c5a-4d4f-b362-24b075154885, Nodes: 273743e4-f594-495f-8d4d-0ec9e58aa536{ip: 192.168.157.225, host: byscane-nightly-vbjp7-3883395574, networkLocation: /default-rack, certSerialId: null}, Type:RATIS, Factor:ONE, State:OPEN]
2019-08-09 04:06:36,501 INFO  pipeline.PipelineStateManager (PipelineStateManager.java:finalizePipeline(123)) - Pipeline Pipeline[ Id: 5d8379cf-8c5a-4d4f-b362-24b075154885, Nodes: 273743e4-f594-495f-8d4d-0ec9e58aa536{ip: 192.168.157.225, host: byscane-nightly-vbjp7-3883395574, networkLocation: /default-rack, certSerialId: null}, Type:RATIS, Factor:ONE, State:CLOSED] moved to CLOSED state
2019-08-09 04:06:36,800 INFO  node.StaleNodeHandler (StaleNodeHandler.java:onMessage(58)) - Datanode 9ef1ccf9-27b0-4d20-ae16-b8d1ec02e178{ip: 192.168.157.225, host: byscane-nightly-vbjp7-3883395574, networkLocation: /default-rack, certSerialId: null} moved to stale state. Finalizing its pipelines [PipelineID=d11872ee-a61b-482c-8702-75438a6e4499, PipelineID=2d48d9d3-2aaa-4a3d-a81e-0e8e625ccd0d]
2019-08-09 04:06:36,800 INFO  pipeline.SCMPipelineManager (SCMPipelineManager.java:finalizeAndDestroyPipeline(309)) - destroying pipeline:Pipeline[ Id: d11872ee-a61b-482c-8702-75438a6e4499, Nodes: 9ef1ccf9-27b0-4d20-ae16-b8d1ec02e178{ip: 192.168.157.225, host: byscane-nightly-vbjp7-3883395574, networkLocation: /default-rack, certSerialId: null}, Type:RATIS, Factor:ONE, State:OPEN]
2019-08-09 04:06:36,801 INFO  pipeline.PipelineStateManager (PipelineStateManager.java:finalizePipeline(123)) - Pipeline Pipeline[ Id: d11872ee-a61b-482c-8702-75438a6e4499, Nodes: 9ef1ccf9-27b0-4d20-ae16-b8d1ec02e178{ip: 192.168.157.225, host: byscane-nightly-vbjp7-3883395574, networkLocation: /default-rack, certSerialId: null}, Type:RATIS, Factor:ONE, State:CLOSED] moved to CLOSED state
2019-08-09 04:06:36,801 INFO  pipeline.SCMPipelineManager (SCMPipelineManager.java:finalizeAndDestroyPipeline(309)) - destroying pipeline:Pipeline[ Id: 2d48d9d3-2aaa-4a3d-a81e-0e8e625ccd0d, Nodes: 9ef1ccf9-27b0-4d20-ae16-b8d1ec02e178{ip: 192.168.157.225, host: byscane-nightly-vbjp7-3883395574, networkLocation: /default-rack, certSerialId: null}38f913d1-9530-429d-b1f4-4288c213caa0{ip: 192.168.157.225, host: byscane-nightly-vbjp7-3883395574, networkLocation: /default-rack, certSerialId: null}0ce5e6cd-8de3-45b3-81ac-211d253ac858{ip: 192.168.157.225, host: byscane-nightly-vbjp7-3883395574, networkLocation: /default-rack, certSerialId: null}, Type:RATIS, Factor:THREE, State:CLOSED]
2019-08-09 04:06:36,865 INFO  ozoneimpl.OzoneContainer (OzoneContainer.java:stop(199)) - Attempting to stop container services.
2019-08-09 04:06:36,865 INFO  impl.RaftServerProxy (RaftServerProxy.java:lambda$close$4(314)) - 9ef1ccf9-27b0-4d20-ae16-b8d1ec02e178: close
2019-08-09 04:06:36,866 INFO  impl.RaftServerImpl (RaftServerImpl.java:lambda$shutdown$3(245)) - 9ef1ccf9-27b0-4d20-ae16-b8d1ec02e178: shutdown group-75438A6E4499
2019-08-09 04:06:36,866 INFO  util.JmxRegister (JmxRegister.java:unregister(73)) - Successfully un-registered JMX Bean with object name Ratis:service=RaftServer,group=group-75438A6E4499,id=9ef1ccf9-27b0-4d20-ae16-b8d1ec02e178
2019-08-09 04:06:36,867 INFO  impl.RoleInfo (RoleInfo.java:shutdownLeaderState(104)) - 9ef1ccf9-27b0-4d20-ae16-b8d1ec02e178: shutdown LeaderState
2019-08-09 04:06:36,867 INFO  impl.PendingRequests (PendingRequests.java:sendNotLeaderResponses(202)) - 9ef1ccf9-27b0-4d20-ae16-b8d1ec02e178-PendingRequests: sendNotLeaderResponses
2019-08-09 04:06:36,868 INFO  impl.StateMachineUpdater (StateMachineUpdater.java:stopAndJoin(115)) - StateMachineUpdater:9ef1ccf9-27b0-4d20-ae16-b8d1ec02e178:group-75438A6E4499: set stopIndex = 0
2019-08-09 04:06:36,868 INFO  impl.RaftServerImpl (ServerState.java:close(394)) - 9ef1ccf9-27b0-4d20-ae16-b8d1ec02e178:group-75438A6E4499 closes. The last applied log index is 0
2019-08-09 04:06:36,869 INFO  segmented.SegmentedRaftLogWorker (SegmentedRaftLogWorker.java:run(313)) - 9ef1ccf9-27b0-4d20-ae16-b8d1ec02e178-SegmentedRaftLogWorker:Storage Directory /workdir/hadoop-ozone/integration-test/target/test-dir/MiniOzoneClusterImpl-ec6279a4-115b-4ea2-96cc-fb2f3d2234fd/datanode-6/data/ratis/d11872ee-a61b-482c-8702-75438a6e4499 was interrupted, exiting. There are 0 tasks remaining in the queue.
2019-08-09 04:06:36,872 INFO  segmented.SegmentedRaftLogWorker (SegmentedRaftLogWorker.java:close(228)) - 9ef1ccf9-27b0-4d20-ae16-b8d1ec02e178-SegmentedRaftLogWorker:Storage Directory /workdir/hadoop-ozone/integration-test/target/test-dir/MiniOzoneClusterImpl-ec6279a4-115b-4ea2-96cc-fb2f3d2234fd/datanode-6/data/ratis/d11872ee-a61b-482c-8702-75438a6e4499 close()
2019-08-09 04:06:36,875 INFO  impl.RaftServerImpl (RaftServerImpl.java:lambda$shutdown$3(245)) - 9ef1ccf9-27b0-4d20-ae16-b8d1ec02e178: shutdown group-0E8E625CCD0D
2019-08-09 04:06:36,875 INFO  util.JmxRegister (JmxRegister.java:unregister(73)) - Successfully un-registered JMX Bean with object name Ratis:service=RaftServer,group=group-0E8E625CCD0D,id=9ef1ccf9-27b0-4d20-ae16-b8d1ec02e178
2019-08-09 04:06:36,876 INFO  impl.RoleInfo (RoleInfo.java:shutdownFollowerState(121)) - 9ef1ccf9-27b0-4d20-ae16-b8d1ec02e178: shutdown FollowerState
2019-08-09 04:06:36,876 INFO  impl.StateMachineUpdater (StateMachineUpdater.java:stopAndJoin(115)) - StateMachineUpdater:9ef1ccf9-27b0-4d20-ae16-b8d1ec02e178:group-0E8E625CCD0D: set stopIndex = 17
2019-08-09 04:06:36,876 INFO  ratis.ContainerStateMachine (ContainerStateMachine.java:takeSnapshot(262)) - group-0E8E625CCD0D: Taking a snapshot at:(t:1, i:16) file /workdir/hadoop-ozone/integration-test/target/test-dir/MiniOzoneClusterImpl-ec6279a4-115b-4ea2-96cc-fb2f3d2234fd/datanode-6/data/ratis/2d48d9d3-2aaa-4a3d-a81e-0e8e625ccd0d/sm/snapshot.1_16
2019-08-09 04:06:36,876 INFO  impl.FollowerState (FollowerState.java:run(114)) - 9ef1ccf9-27b0-4d20-ae16-b8d1ec02e178: FollowerState was interrupted: java.lang.InterruptedException: sleep interrupted
2019-08-09 04:06:36,883 INFO  ozoneimpl.OzoneContainer (OzoneContainer.java:stop(199)) - Attempting to stop container services.
2019-08-09 04:06:36,884 INFO  impl.RaftServerProxy (RaftServerProxy.java:lambda$close$4(314)) - 273743e4-f594-495f-8d4d-0ec9e58aa536: close
2019-08-09 04:06:36,884 INFO  impl.RaftServerImpl (RaftServerImpl.java:lambda$shutdown$3(245)) - 273743e4-f594-495f-8d4d-0ec9e58aa536: shutdown group-4F6DA14AFD69
2019-08-09 04:06:36,884 INFO  util.JmxRegister (JmxRegister.java:unregister(73)) - Successfully un-registered JMX Bean with object name Ratis:service=RaftServer,group=group-4F6DA14AFD69,id=273743e4-f594-495f-8d4d-0ec9e58aa536
2019-08-09 04:06:36,885 INFO  impl.RoleInfo (RoleInfo.java:shutdownFollowerState(121)) - 273743e4-f594-495f-8d4d-0ec9e58aa536: shutdown FollowerState
2019-08-09 04:06:36,885 INFO  impl.StateMachineUpdater (StateMachineUpdater.java:stopAndJoin(115)) - StateMachineUpdater:273743e4-f594-495f-8d4d-0ec9e58aa536:group-4F6DA14AFD69: set stopIndex = 4
2019-08-09 04:06:36,885 INFO  impl.FollowerState (FollowerState.java:run(114)) - 273743e4-f594-495f-8d4d-0ec9e58aa536: FollowerState was interrupted: java.lang.InterruptedException: sleep interrupted
2019-08-09 04:06:36,885 INFO  ratis.ContainerStateMachine (ContainerStateMachine.java:takeSnapshot(262)) - group-4F6DA14AFD69: Taking a snapshot at:(t:2, i:3) file /workdir/hadoop-ozone/integration-test/target/test-dir/MiniOzoneClusterImpl-ec6279a4-115b-4ea2-96cc-fb2f3d2234fd/datanode-0/data/ratis/d5e552a7-1e56-48d4-9d0b-4f6da14afd69/sm/snapshot.2_3
2019-08-09 04:06:36,891 INFO  ratis.ContainerStateMachine (ContainerStateMachine.java:takeSnapshot(273)) - group-4F6DA14AFD69: Finished taking a snapshot at:(t:2, i:3) file:/workdir/hadoop-ozone/integration-test/target/test-dir/MiniOzoneClusterImpl-ec6279a4-115b-4ea2-96cc-fb2f3d2234fd/datanode-0/data/ratis/d5e552a7-1e56-48d4-9d0b-4f6da14afd69/sm/snapshot.2_3 time:6
2019-08-09 04:06:36,891 INFO  ratis.ContainerStateMachine (ContainerStateMachine.java:takeSnapshot(273)) - group-0E8E625CCD0D: Finished taking a snapshot at:(t:1, i:16) file:/workdir/hadoop-ozone/integration-test/target/test-dir/MiniOzoneClusterImpl-ec6279a4-115b-4ea2-96cc-fb2f3d2234fd/datanode-6/data/ratis/2d48d9d3-2aaa-4a3d-a81e-0e8e625ccd0d/sm/snapshot.1_16 time:15
2019-08-09 04:06:36,891 INFO  impl.StateMachineUpdater (StateMachineUpdater.java:takeSnapshot(242)) - StateMachineUpdater:273743e4-f594-495f-8d4d-0ec9e58aa536:group-4F6DA14AFD69: Took a snapshot at index 3
2019-08-09 04:06:36,892 INFO  impl.StateMachineUpdater (StateMachineUpdater.java:takeSnapshot(242)) - StateMachineUpdater:9ef1ccf9-27b0-4d20-ae16-b8d1ec02e178:group-0E8E625CCD0D: Took a snapshot at index 16
2019-08-09 04:06:36,892 INFO  impl.StateMachineUpdater (StateMachineUpdater.java:lambda$new$0(80)) - StateMachineUpdater:273743e4-f594-495f-8d4d-0ec9e58aa536:group-4F6DA14AFD69: snapshotIndex: updateIncreasingly -1 -> 3
2019-08-09 04:06:36,892 INFO  impl.StateMachineUpdater (StateMachineUpdater.java:lambda$new$0(80)) - StateMachineUpdater:9ef1ccf9-27b0-4d20-ae16-b8d1ec02e178:group-0E8E625CCD0D: snapshotIndex: updateIncreasingly -1 -> 16
2019-08-09 04:06:36,892 INFO  impl.RaftServerImpl (ServerState.java:close(394)) - 273743e4-f594-495f-8d4d-0ec9e58aa536:group-4F6DA14AFD69 closes. The last applied log index is 4
2019-08-09 04:06:36,893 INFO  impl.RaftServerImpl (ServerState.java:close(394)) - 9ef1ccf9-27b0-4d20-ae16-b8d1ec02e178:group-0E8E625CCD0D closes. The last applied log index is 17
2019-08-09 04:06:36,893 INFO  segmented.SegmentedRaftLogWorker (SegmentedRaftLogWorker.java:run(313)) - 273743e4-f594-495f-8d4d-0ec9e58aa536-SegmentedRaftLogWorker:Storage Directory /workdir/hadoop-ozone/integration-test/target/test-dir/MiniOzoneClusterImpl-ec6279a4-115b-4ea2-96cc-fb2f3d2234fd/datanode-0/data/ratis/d5e552a7-1e56-48d4-9d0b-4f6da14afd69 was interrupted, exiting. There are 0 tasks remaining in the queue.
2019-08-09 04:06:36,893 INFO  segmented.SegmentedRaftLogWorker (SegmentedRaftLogWorker.java:run(313)) - 9ef1ccf9-27b0-4d20-ae16-b8d1ec02e178-SegmentedRaftLogWorker:Storage Directory /workdir/hadoop-ozone/integration-test/target/test-dir/MiniOzoneClusterImpl-ec6279a4-115b-4ea2-96cc-fb2f3d2234fd/datanode-6/data/ratis/2d48d9d3-2aaa-4a3d-a81e-0e8e625ccd0d was interrupted, exiting. There are 0 tasks remaining in the queue.
2019-08-09 04:06:36,895 INFO  segmented.SegmentedRaftLogWorker (SegmentedRaftLogWorker.java:close(228)) - 273743e4-f594-495f-8d4d-0ec9e58aa536-SegmentedRaftLogWorker:Storage Directory /workdir/hadoop-ozone/integration-test/target/test-dir/MiniOzoneClusterImpl-ec6279a4-115b-4ea2-96cc-fb2f3d2234fd/datanode-0/data/ratis/d5e552a7-1e56-48d4-9d0b-4f6da14afd69 close()
2019-08-09 04:06:36,896 INFO  segmented.SegmentedRaftLogWorker (SegmentedRaftLogWorker.java:close(228)) - 9ef1ccf9-27b0-4d20-ae16-b8d1ec02e178-SegmentedRaftLogWorker:Storage Directory /workdir/hadoop-ozone/integration-test/target/test-dir/MiniOzoneClusterImpl-ec6279a4-115b-4ea2-96cc-fb2f3d2234fd/datanode-6/data/ratis/2d48d9d3-2aaa-4a3d-a81e-0e8e625ccd0d close()
2019-08-09 04:06:36,903 INFO  impl.RaftServerImpl (RaftServerImpl.java:lambda$shutdown$3(245)) - 273743e4-f594-495f-8d4d-0ec9e58aa536: shutdown group-24B075154885
2019-08-09 04:06:36,905 INFO  server.GrpcService (GrpcService.java:closeImpl(155)) - 9ef1ccf9-27b0-4d20-ae16-b8d1ec02e178: shutdown server with port 35653 now
2019-08-09 04:06:36,905 INFO  util.JmxRegister (JmxRegister.java:unregister(73)) - Successfully un-registered JMX Bean with object name Ratis:service=RaftServer,group=group-24B075154885,id=273743e4-f594-495f-8d4d-0ec9e58aa536
2019-08-09 04:06:36,908 INFO  impl.RoleInfo (RoleInfo.java:shutdownLeaderState(104)) - 273743e4-f594-495f-8d4d-0ec9e58aa536: shutdown LeaderState
2019-08-09 04:06:36,908 INFO  impl.PendingRequests (PendingRequests.java:sendNotLeaderResponses(202)) - 273743e4-f594-495f-8d4d-0ec9e58aa536-PendingRequests: sendNotLeaderResponses
2019-08-09 04:06:36,910 INFO  impl.StateMachineUpdater (StateMachineUpdater.java:stopAndJoin(115)) - StateMachineUpdater:273743e4-f594-495f-8d4d-0ec9e58aa536:group-24B075154885: set stopIndex = 0
2019-08-09 04:06:36,910 WARN  server.GrpcLogAppender (LogUtils.java:warn(134)) - 0ce5e6cd-8de3-45b3-81ac-211d253ac858->9ef1ccf9-27b0-4d20-ae16-b8d1ec02e178: Failed appendEntries: org.apache.ratis.thirdparty.io.grpc.StatusRuntimeException: CANCELLED: HTTP/2 error code: CANCEL
Received Rst Stream
2019-08-09 04:06:36,910 INFO  impl.RaftServerImpl (ServerState.java:close(394)) - 273743e4-f594-495f-8d4d-0ec9e58aa536:group-24B075154885 closes. The last applied log index is 0
2019-08-09 04:06:36,910 INFO  server.GrpcService (GrpcService.java:closeImpl(163)) - 9ef1ccf9-27b0-4d20-ae16-b8d1ec02e178: shutdown server with port 35653 successfully
2019-08-09 04:06:36,915 INFO  segmented.SegmentedRaftLogWorker (SegmentedRaftLogWorker.java:run(313)) - 273743e4-f594-495f-8d4d-0ec9e58aa536-SegmentedRaftLogWorker:Storage Directory /workdir/hadoop-ozone/integration-test/target/test-dir/MiniOzoneClusterImpl-ec6279a4-115b-4ea2-96cc-fb2f3d2234fd/datanode-0/data/ratis/5d8379cf-8c5a-4d4f-b362-24b075154885 was interrupted, exiting. There are 0 tasks remaining in the queue.
2019-08-09 04:06:36,915 INFO  impl.FollowerInfo (FollowerInfo.java:lambda$new$0(50)) - 0ce5e6cd-8de3-45b3-81ac-211d253ac858->9ef1ccf9-27b0-4d20-ae16-b8d1ec02e178: nextIndex: updateUnconditionally 19 -> 18
2019-08-09 04:06:36,915 WARN  server.GrpcServerProtocolService (LogUtils.java:warn(134)) - 9ef1ccf9-27b0-4d20-ae16-b8d1ec02e178: appendEntries onError: org.apache.ratis.thirdparty.io.grpc.StatusRuntimeException: CANCELLED: cancelled before receiving half close
2019-08-09 04:06:36,916 INFO  segmented.SegmentedRaftLogWorker (SegmentedRaftLogWorker.java:close(228)) - 273743e4-f594-495f-8d4d-0ec9e58aa536-SegmentedRaftLogWorker:Storage Directory /workdir/hadoop-ozone/integration-test/target/test-dir/MiniOzoneClusterImpl-ec6279a4-115b-4ea2-96cc-fb2f3d2234fd/datanode-0/data/ratis/5d8379cf-8c5a-4d4f-b362-24b075154885 close()
2019-08-09 04:06:36,918 INFO  server.GrpcService (GrpcService.java:closeImpl(155)) - 273743e4-f594-495f-8d4d-0ec9e58aa536: shutdown server with port 42943 now
2019-08-09 04:06:36,919 INFO  utils.BackgroundService (BackgroundService.java:shutdown(148)) - Shutting down service BlockDeletingService
2019-08-09 04:06:36,919 INFO  server.GrpcService (GrpcService.java:closeImpl(163)) - 273743e4-f594-495f-8d4d-0ec9e58aa536: shutdown server with port 42943 successfully
2019-08-09 04:06:36,921 WARN  fs.CachingGetSpaceUsed (CachingGetSpaceUsed.java:run(183)) - Thread Interrupted waiting to refresh disk information: sleep interrupted
2019-08-09 04:06:36,936 INFO  utils.BackgroundService (BackgroundService.java:shutdown(148)) - Shutting down service BlockDeletingService
2019-08-09 04:06:36,940 WARN  fs.CachingGetSpaceUsed (CachingGetSpaceUsed.java:run(183)) - Thread Interrupted waiting to refresh disk information: sleep interrupted
2019-08-09 04:06:36,945 INFO  statemachine.DatanodeStateMachine (DatanodeStateMachine.java:stopDaemon(395)) - Ozone container server stopped.
2019-08-09 04:06:36,946 INFO  handler.ContextHandler (ContextHandler.java:doStop(910)) - Stopped o.e.j.w.WebAppContext@3c33fcf8{/,null,UNAVAILABLE}{/hddsDatanode}
2019-08-09 04:06:36,947 INFO  server.AbstractConnector (AbstractConnector.java:doStop(318)) - Stopped ServerConnector@dada335{HTTP/1.1,[http/1.1]}{0.0.0.0:0}
2019-08-09 04:06:36,948 INFO  handler.ContextHandler (ContextHandler.java:doStop(910)) - Stopped o.e.j.s.ServletContextHandler@59918c8f{/static,jar:file:/home/user/.m2/repository/org/apache/hadoop/hadoop-hdds-container-service/0.4.1-SNAPSHOT/hadoop-hdds-container-service-0.4.1-SNAPSHOT.jar!/webapps/static,UNAVAILABLE}
2019-08-09 04:06:36,948 INFO  handler.ContextHandler (ContextHandler.java:doStop(910)) - Stopped o.e.j.s.ServletContextHandler@2c60ce47{/logs,file:///workdir/hadoop-ozone/integration-test/target/log,UNAVAILABLE}
2019-08-09 04:06:36,950 INFO  datanode.ObjectStoreHandler (ObjectStoreHandler.java:close(155)) - Closing ObjectStoreHandler.
2019-08-09 04:06:36,950 INFO  ozone.HddsDatanodeService (HddsDatanodeService.java:stop(451)) - Stopped plug-in org.apache.hadoop.ozone.web.OzoneHddsDatanodeService@69d103f0
2019-08-09 04:06:36,956 INFO  statemachine.DatanodeStateMachine (DatanodeStateMachine.java:stopDaemon(395)) - Ozone container server stopped.
2019-08-09 04:06:36,959 INFO  handler.ContextHandler (ContextHandler.java:doStop(910)) - Stopped o.e.j.w.WebAppContext@dc79225{/,null,UNAVAILABLE}{/hddsDatanode}
2019-08-09 04:06:36,960 INFO  server.AbstractConnector (AbstractConnector.java:doStop(318)) - Stopped ServerConnector@30e9ca13{HTTP/1.1,[http/1.1]}{0.0.0.0:0}
2019-08-09 04:06:36,961 INFO  handler.ContextHandler (ContextHandler.java:doStop(910)) - Stopped o.e.j.s.ServletContextHandler@1f0b3cfe{/static,jar:file:/home/user/.m2/repository/org/apache/hadoop/hadoop-hdds-container-service/0.4.1-SNAPSHOT/hadoop-hdds-container-service-0.4.1-SNAPSHOT.jar!/webapps/static,UNAVAILABLE}
2019-08-09 04:06:36,962 INFO  handler.ContextHandler (ContextHandler.java:doStop(910)) - Stopped o.e.j.s.ServletContextHandler@42ea287{/logs,file:///workdir/hadoop-ozone/integration-test/target/log,UNAVAILABLE}
2019-08-09 04:06:37,750 INFO  statemachine.DatanodeStateMachine (DatanodeStateMachine.java:lambda$startDaemon$0(350)) - Ozone container server started.
2019-08-09 04:06:38,574 WARN  server.GrpcLogAppender (LogUtils.java:warn(134)) - 0ce5e6cd-8de3-45b3-81ac-211d253ac858->9ef1ccf9-27b0-4d20-ae16-b8d1ec02e178: Failed appendEntries: org.apache.ratis.thirdparty.io.grpc.StatusRuntimeException: UNAVAILABLE: io exception
2019-08-09 04:06:38,576 INFO  impl.FollowerInfo (FollowerInfo.java:lambda$new$0(50)) - 0ce5e6cd-8de3-45b3-81ac-211d253ac858->9ef1ccf9-27b0-4d20-ae16-b8d1ec02e178: nextIndex: updateUnconditionally 18 -> 17
2019-08-09 04:06:38,589 WARN  server.GrpcLogAppender (LogUtils.java:warn(134)) - 0ce5e6cd-8de3-45b3-81ac-211d253ac858->38f913d1-9530-429d-b1f4-4288c213caa0: Failed appendEntries: org.apache.ratis.thirdparty.io.grpc.StatusRuntimeException: UNAVAILABLE: io exception
2019-08-09 04:06:38,590 INFO  impl.FollowerInfo (FollowerInfo.java:lambda$new$0(50)) - 0ce5e6cd-8de3-45b3-81ac-211d253ac858->38f913d1-9530-429d-b1f4-4288c213caa0: nextIndex: updateUnconditionally 1 -> 0
2019-08-09 04:06:41,076 WARN  server.GrpcLogAppender (LogUtils.java:warn(134)) - 0ce5e6cd-8de3-45b3-81ac-211d253ac858->9ef1ccf9-27b0-4d20-ae16-b8d1ec02e178: Failed appendEntries: org.apache.ratis.thirdparty.io.grpc.StatusRuntimeException: UNAVAILABLE: io exception
2019-08-09 04:06:41,078 INFO  impl.FollowerInfo (FollowerInfo.java:lambda$new$0(50)) - 0ce5e6cd-8de3-45b3-81ac-211d253ac858->9ef1ccf9-27b0-4d20-ae16-b8d1ec02e178: nextIndex: updateUnconditionally 17 -> 16
2019-08-09 04:06:41,090 WARN  server.GrpcLogAppender (LogUtils.java:warn(134)) - 0ce5e6cd-8de3-45b3-81ac-211d253ac858->38f913d1-9530-429d-b1f4-4288c213caa0: Failed appendEntries: org.apache.ratis.thirdparty.io.grpc.StatusRuntimeException: UNAVAILABLE: io exception
2019-08-09 04:06:41,091 INFO  impl.FollowerInfo (FollowerInfo.java:lambda$new$0(50)) - 0ce5e6cd-8de3-45b3-81ac-211d253ac858->38f913d1-9530-429d-b1f4-4288c213caa0: nextIndex: updateUnconditionally 0 -> 0
2019-08-09 04:06:41,811 INFO  node.StaleNodeHandler (StaleNodeHandler.java:onMessage(58)) - Datanode 0ce5e6cd-8de3-45b3-81ac-211d253ac858{ip: 192.168.157.225, host: byscane-nightly-vbjp7-3883395574, networkLocation: /default-rack, certSerialId: null} moved to stale state. Finalizing its pipelines [PipelineID=fd094217-0dba-4c05-8c54-593efe2c8980, PipelineID=2d48d9d3-2aaa-4a3d-a81e-0e8e625ccd0d]
2019-08-09 04:06:41,812 INFO  pipeline.SCMPipelineManager (SCMPipelineManager.java:finalizeAndDestroyPipeline(309)) - destroying pipeline:Pipeline[ Id: fd094217-0dba-4c05-8c54-593efe2c8980, Nodes: 0ce5e6cd-8de3-45b3-81ac-211d253ac858{ip: 192.168.157.225, host: byscane-nightly-vbjp7-3883395574, networkLocation: /default-rack, certSerialId: null}, Type:RATIS, Factor:ONE, State:OPEN]
2019-08-09 04:06:41,812 INFO  pipeline.PipelineStateManager (PipelineStateManager.java:finalizePipeline(123)) - Pipeline Pipeline[ Id: fd094217-0dba-4c05-8c54-593efe2c8980, Nodes: 0ce5e6cd-8de3-45b3-81ac-211d253ac858{ip: 192.168.157.225, host: byscane-nightly-vbjp7-3883395574, networkLocation: /default-rack, certSerialId: null}, Type:RATIS, Factor:ONE, State:CLOSED] moved to CLOSED state
2019-08-09 04:06:41,812 INFO  pipeline.SCMPipelineManager (SCMPipelineManager.java:finalizeAndDestroyPipeline(309)) - destroying pipeline:Pipeline[ Id: 2d48d9d3-2aaa-4a3d-a81e-0e8e625ccd0d, Nodes: 9ef1ccf9-27b0-4d20-ae16-b8d1ec02e178{ip: 192.168.157.225, host: byscane-nightly-vbjp7-3883395574, networkLocation: /default-rack, certSerialId: null}38f913d1-9530-429d-b1f4-4288c213caa0{ip: 192.168.157.225, host: byscane-nightly-vbjp7-3883395574, networkLocation: /default-rack, certSerialId: null}0ce5e6cd-8de3-45b3-81ac-211d253ac858{ip: 192.168.157.225, host: byscane-nightly-vbjp7-3883395574, networkLocation: /default-rack, certSerialId: null}, Type:RATIS, Factor:THREE, State:CLOSED]
2019-08-09 04:06:41,951 INFO  ozoneimpl.OzoneContainer (OzoneContainer.java:stop(199)) - Attempting to stop container services.
2019-08-09 04:06:41,952 INFO  impl.RaftServerProxy (RaftServerProxy.java:lambda$close$4(314)) - 0ce5e6cd-8de3-45b3-81ac-211d253ac858: close
2019-08-09 04:06:41,953 INFO  impl.RaftServerImpl (RaftServerImpl.java:lambda$shutdown$3(245)) - 0ce5e6cd-8de3-45b3-81ac-211d253ac858: shutdown group-593EFE2C8980
2019-08-09 04:06:41,953 INFO  impl.RaftServerImpl (RaftServerImpl.java:lambda$shutdown$3(245)) - 0ce5e6cd-8de3-45b3-81ac-211d253ac858: shutdown group-0E8E625CCD0D
2019-08-09 04:06:41,953 INFO  util.JmxRegister (JmxRegister.java:unregister(73)) - Successfully un-registered JMX Bean with object name Ratis:service=RaftServer,group=group-593EFE2C8980,id=0ce5e6cd-8de3-45b3-81ac-211d253ac858
2019-08-09 04:06:41,954 INFO  util.JmxRegister (JmxRegister.java:unregister(73)) - Successfully un-registered JMX Bean with object name Ratis:service=RaftServer,group=group-0E8E625CCD0D,id=0ce5e6cd-8de3-45b3-81ac-211d253ac858
2019-08-09 04:06:41,954 INFO  impl.RoleInfo (RoleInfo.java:shutdownLeaderState(104)) - 0ce5e6cd-8de3-45b3-81ac-211d253ac858: shutdown LeaderState
2019-08-09 04:06:41,954 INFO  impl.RoleInfo (RoleInfo.java:shutdownLeaderState(104)) - 0ce5e6cd-8de3-45b3-81ac-211d253ac858: shutdown LeaderState
2019-08-09 04:06:41,955 INFO  impl.PendingRequests (PendingRequests.java:sendNotLeaderResponses(202)) - 0ce5e6cd-8de3-45b3-81ac-211d253ac858-PendingRequests: sendNotLeaderResponses
2019-08-09 04:06:41,957 WARN  server.GrpcLogAppender (GrpcLogAppender.java:mayWait(143)) - GrpcLogAppender(0ce5e6cd-8de3-45b3-81ac-211d253ac858->9ef1ccf9-27b0-4d20-ae16-b8d1ec02e178): Wait interrupted by java.lang.InterruptedException
2019-08-09 04:06:41,957 INFO  impl.StateMachineUpdater (StateMachineUpdater.java:stopAndJoin(115)) - StateMachineUpdater:0ce5e6cd-8de3-45b3-81ac-211d253ac858:group-593EFE2C8980: set stopIndex = 0
2019-08-09 04:06:41,957 INFO  impl.PendingRequests (PendingRequests.java:sendNotLeaderResponses(202)) - 0ce5e6cd-8de3-45b3-81ac-211d253ac858-PendingRequests: sendNotLeaderResponses
2019-08-09 04:06:41,957 WARN  server.GrpcLogAppender (GrpcLogAppender.java:mayWait(143)) - GrpcLogAppender(0ce5e6cd-8de3-45b3-81ac-211d253ac858->38f913d1-9530-429d-b1f4-4288c213caa0): Wait interrupted by java.lang.InterruptedException
2019-08-09 04:06:41,959 INFO  impl.RaftServerImpl (ServerState.java:close(394)) - 0ce5e6cd-8de3-45b3-81ac-211d253ac858:group-593EFE2C8980 closes. The last applied log index is 0
2019-08-09 04:06:41,961 INFO  ratis.ContainerStateMachine (ContainerStateMachine.java:takeSnapshot(262)) - group-0E8E625CCD0D: Taking a snapshot at:(t:1, i:16) file /workdir/hadoop-ozone/integration-test/target/test-dir/MiniOzoneClusterImpl-ec6279a4-115b-4ea2-96cc-fb2f3d2234fd/datanode-5/data/ratis/2d48d9d3-2aaa-4a3d-a81e-0e8e625ccd0d/sm/snapshot.1_16
2019-08-09 04:06:41,962 INFO  segmented.SegmentedRaftLogWorker (SegmentedRaftLogWorker.java:run(313)) - 0ce5e6cd-8de3-45b3-81ac-211d253ac858-SegmentedRaftLogWorker:Storage Directory /workdir/hadoop-ozone/integration-test/target/test-dir/MiniOzoneClusterImpl-ec6279a4-115b-4ea2-96cc-fb2f3d2234fd/datanode-5/data/ratis/fd094217-0dba-4c05-8c54-593efe2c8980 was interrupted, exiting. There are 0 tasks remaining in the queue.
2019-08-09 04:06:41,961 INFO  impl.StateMachineUpdater (StateMachineUpdater.java:stopAndJoin(115)) - StateMachineUpdater:0ce5e6cd-8de3-45b3-81ac-211d253ac858:group-0E8E625CCD0D: set stopIndex = 18
2019-08-09 04:06:41,962 INFO  segmented.SegmentedRaftLogWorker (SegmentedRaftLogWorker.java:close(228)) - 0ce5e6cd-8de3-45b3-81ac-211d253ac858-SegmentedRaftLogWorker:Storage Directory /workdir/hadoop-ozone/integration-test/target/test-dir/MiniOzoneClusterImpl-ec6279a4-115b-4ea2-96cc-fb2f3d2234fd/datanode-5/data/ratis/fd094217-0dba-4c05-8c54-593efe2c8980 close()
2019-08-09 04:06:41,989 INFO  ratis.ContainerStateMachine (ContainerStateMachine.java:takeSnapshot(273)) - group-0E8E625CCD0D: Finished taking a snapshot at:(t:1, i:16) file:/workdir/hadoop-ozone/integration-test/target/test-dir/MiniOzoneClusterImpl-ec6279a4-115b-4ea2-96cc-fb2f3d2234fd/datanode-5/data/ratis/2d48d9d3-2aaa-4a3d-a81e-0e8e625ccd0d/sm/snapshot.1_16 time:27
2019-08-09 04:06:41,989 INFO  impl.StateMachineUpdater (StateMachineUpdater.java:takeSnapshot(242)) - StateMachineUpdater:0ce5e6cd-8de3-45b3-81ac-211d253ac858:group-0E8E625CCD0D: Took a snapshot at index 16
2019-08-09 04:06:41,989 INFO  impl.StateMachineUpdater (StateMachineUpdater.java:lambda$new$0(80)) - StateMachineUpdater:0ce5e6cd-8de3-45b3-81ac-211d253ac858:group-0E8E625CCD0D: snapshotIndex: updateIncreasingly -1 -> 16
2019-08-09 04:06:41,990 INFO  impl.RaftServerImpl (ServerState.java:close(394)) - 0ce5e6cd-8de3-45b3-81ac-211d253ac858:group-0E8E625CCD0D closes. The last applied log index is 18
2019-08-09 04:06:41,990 INFO  segmented.SegmentedRaftLogWorker (SegmentedRaftLogWorker.java:run(313)) - 0ce5e6cd-8de3-45b3-81ac-211d253ac858-SegmentedRaftLogWorker:Storage Directory /workdir/hadoop-ozone/integration-test/target/test-dir/MiniOzoneClusterImpl-ec6279a4-115b-4ea2-96cc-fb2f3d2234fd/datanode-5/data/ratis/2d48d9d3-2aaa-4a3d-a81e-0e8e625ccd0d was interrupted, exiting. There are 0 tasks remaining in the queue.
2019-08-09 04:06:41,990 INFO  segmented.SegmentedRaftLogWorker (SegmentedRaftLogWorker.java:close(228)) - 0ce5e6cd-8de3-45b3-81ac-211d253ac858-SegmentedRaftLogWorker:Storage Directory /workdir/hadoop-ozone/integration-test/target/test-dir/MiniOzoneClusterImpl-ec6279a4-115b-4ea2-96cc-fb2f3d2234fd/datanode-5/data/ratis/2d48d9d3-2aaa-4a3d-a81e-0e8e625ccd0d close()
2019-08-09 04:06:41,992 INFO  server.GrpcService (GrpcService.java:closeImpl(155)) - 0ce5e6cd-8de3-45b3-81ac-211d253ac858: shutdown server with port 34617 now
2019-08-09 04:06:41,992 INFO  server.GrpcService (GrpcService.java:closeImpl(163)) - 0ce5e6cd-8de3-45b3-81ac-211d253ac858: shutdown server with port 34617 successfully
2019-08-09 04:06:41,994 INFO  utils.BackgroundService (BackgroundService.java:shutdown(148)) - Shutting down service BlockDeletingService
2019-08-09 04:06:41,996 WARN  fs.CachingGetSpaceUsed (CachingGetSpaceUsed.java:run(183)) - Thread Interrupted waiting to refresh disk information: sleep interrupted
2019-08-09 04:06:42,016 INFO  statemachine.DatanodeStateMachine (DatanodeStateMachine.java:stopDaemon(395)) - Ozone container server stopped.
2019-08-09 04:06:42,028 INFO  handler.ContextHandler (ContextHandler.java:doStop(910)) - Stopped o.e.j.w.WebAppContext@256589a1{/,null,UNAVAILABLE}{/hddsDatanode}
2019-08-09 04:06:42,029 INFO  server.AbstractConnector (AbstractConnector.java:doStop(318)) - Stopped ServerConnector@935493d{HTTP/1.1,[http/1.1]}{0.0.0.0:0}
2019-08-09 04:06:42,030 INFO  handler.ContextHandler (ContextHandler.java:doStop(910)) - Stopped o.e.j.s.ServletContextHandler@1de13f34{/static,jar:file:/home/user/.m2/repository/org/apache/hadoop/hadoop-hdds-container-service/0.4.1-SNAPSHOT/hadoop-hdds-container-service-0.4.1-SNAPSHOT.jar!/webapps/static,UNAVAILABLE}
2019-08-09 04:06:42,030 INFO  handler.ContextHandler (ContextHandler.java:doStop(910)) - Stopped o.e.j.s.ServletContextHandler@3f048c86{/logs,file:///workdir/hadoop-ozone/integration-test/target/log,UNAVAILABLE}
2019-08-09 04:06:42,032 INFO  ozone.MiniOzoneClusterImpl (MiniOzoneClusterImpl.java:stop(353)) - Stopping the StorageContainerManager
2019-08-09 04:06:42,033 INFO  server.StorageContainerManager (StorageContainerManager.java:stop(797)) - Stopping Replication Manager Service.
2019-08-09 04:06:42,033 INFO  container.ReplicationManager (ReplicationManager.java:stop(187)) - Stopping Replication Monitor Thread.
2019-08-09 04:06:42,033 INFO  server.StorageContainerManager (StorageContainerManager.java:stop(804)) - Stopping Lease Manager of the command watchers
2019-08-09 04:06:42,033 INFO  server.StorageContainerManager (StorageContainerManager.java:stop(811)) - Stopping datanode service RPC server
2019-08-09 04:06:42,034 INFO  server.SCMDatanodeProtocolServer (SCMDatanodeProtocolServer.java:stop(367)) - Stopping the RPC server for DataNodes
2019-08-09 04:06:42,034 INFO  ipc.Server (Server.java:stop(3082)) - Stopping server on 37234
2019-08-09 04:06:42,036 INFO  ipc.Server (Server.java:run(1185)) - Stopping IPC Server listener on 37234
2019-08-09 04:06:42,036 INFO  ipc.Server (Server.java:run(1319)) - Stopping IPC Server Responder
2019-08-09 04:06:42,112 WARN  node.NodeStateManager (NodeStateManager.java:scheduleNextHealthCheck(646)) - Current Thread is interrupted, shutting down HB processing thread for Node Manager.
2019-08-09 04:06:42,112 INFO  server.StorageContainerManager (StorageContainerManager.java:stop(819)) - Stopping block service RPC server
2019-08-09 04:06:42,112 INFO  server.SCMBlockProtocolServer (SCMBlockProtocolServer.java:stop(148)) - Stopping the RPC server for Block Protocol
2019-08-09 04:06:42,112 INFO  ipc.Server (Server.java:stop(3082)) - Stopping server on 42674
2019-08-09 04:06:42,114 INFO  server.StorageContainerManager (StorageContainerManager.java:stop(826)) - Stopping the StorageContainerLocationProtocol RPC server
2019-08-09 04:06:42,114 INFO  server.SCMClientProtocolServer (SCMClientProtocolServer.java:stop(159)) - Stopping the RPC server for Client Protocol
2019-08-09 04:06:42,114 INFO  ipc.Server (Server.java:stop(3082)) - Stopping server on 37760
2019-08-09 04:06:42,116 INFO  server.StorageContainerManager (StorageContainerManager.java:stop(833)) - Stopping Storage Container Manager HTTP server.
2019-08-09 04:06:42,116 INFO  ipc.Server (Server.java:run(1185)) - Stopping IPC Server listener on 42674
2019-08-09 04:06:42,116 INFO  ipc.Server (Server.java:run(1185)) - Stopping IPC Server listener on 37760
2019-08-09 04:06:42,117 INFO  ipc.Server (Server.java:run(1319)) - Stopping IPC Server Responder
2019-08-09 04:06:42,117 INFO  handler.ContextHandler (ContextHandler.java:doStop(910)) - Stopped o.e.j.w.WebAppContext@15a902e7{/,null,UNAVAILABLE}{/scm}
2019-08-09 04:06:42,118 INFO  ipc.Server (Server.java:run(1319)) - Stopping IPC Server Responder
2019-08-09 04:06:42,119 INFO  server.AbstractConnector (AbstractConnector.java:doStop(318)) - Stopped ServerConnector@2416a51{HTTP/1.1,[http/1.1]}{0.0.0.0:0}
2019-08-09 04:06:42,119 INFO  handler.ContextHandler (ContextHandler.java:doStop(910)) - Stopped o.e.j.s.ServletContextHandler@79d94571{/static,file:///workdir/hadoop-ozone/integration-test/target/test-classes/webapps/static,UNAVAILABLE}
2019-08-09 04:06:42,120 INFO  handler.ContextHandler (ContextHandler.java:doStop(910)) - Stopped o.e.j.s.ServletContextHandler@76012793{/logs,file:///workdir/hadoop-ozone/integration-test/target/log,UNAVAILABLE}
2019-08-09 04:06:42,121 INFO  server.StorageContainerManager (StorageContainerManager.java:stop(844)) - Stopping Block Manager Service.
2019-08-09 04:06:42,121 INFO  utils.BackgroundService (BackgroundService.java:shutdown(148)) - Shutting down service SCMBlockDeletingService
2019-08-09 04:06:42,122 INFO  utils.BackgroundService (BackgroundService.java:shutdown(148)) - Shutting down service SCMBlockDeletingService
2019-08-09 04:06:42,123 INFO  server.StorageContainerManager (StorageContainerManager.java:stop(866)) - Stopping SCM Event Queue.
2019-08-09 04:06:42,130 INFO  impl.MetricsSystemImpl (MetricsSystemImpl.java:stop(210)) - Stopping XceiverClientMetrics metrics system...
2019-08-09 04:06:42,136 INFO  impl.MetricsSystemImpl (MetricsSystemImpl.java:stop(216)) - XceiverClientMetrics metrics system stopped.
]]></system-out>
    <system-err><![CDATA[ERROR StatusLogger No Log4j 2 configuration file found. Using default configuration (logging only errors to the console), or user programmatically provided configurations. Set system property 'log4j2.debug' to show Log4j 2 internal initialization logging. See https://logging.apache.org/log4j/2.x/manual/configuration.html for instructions on how to configure Log4j 2
Aug 09, 2019 4:06:03 AM com.sun.jersey.server.impl.application.WebApplicationImpl _initiate
INFO: Initiating Jersey application, version 'Jersey: 1.19 02/11/2015 03:25 AM'
Aug 09, 2019 4:06:04 AM com.sun.jersey.server.impl.application.WebApplicationImpl _initiate
INFO: Initiating Jersey application, version 'Jersey: 1.19 02/11/2015 03:25 AM'
Aug 09, 2019 4:06:04 AM com.sun.jersey.server.impl.application.WebApplicationImpl _initiate
INFO: Initiating Jersey application, version 'Jersey: 1.19 02/11/2015 03:25 AM'
Aug 09, 2019 4:06:04 AM com.sun.jersey.server.impl.application.WebApplicationImpl _initiate
INFO: Initiating Jersey application, version 'Jersey: 1.19 02/11/2015 03:25 AM'
Aug 09, 2019 4:06:04 AM com.sun.jersey.server.impl.application.WebApplicationImpl _initiate
INFO: Initiating Jersey application, version 'Jersey: 1.19 02/11/2015 03:25 AM'
Aug 09, 2019 4:06:05 AM com.sun.jersey.server.impl.application.WebApplicationImpl _initiate
INFO: Initiating Jersey application, version 'Jersey: 1.19 02/11/2015 03:25 AM'
Aug 09, 2019 4:06:05 AM com.sun.jersey.server.impl.application.WebApplicationImpl _initiate
INFO: Initiating Jersey application, version 'Jersey: 1.19 02/11/2015 03:25 AM'
]]></system-err>
  </testcase>
  <testcase name="testDatanodeFailureWithPreAllocation" classname="org.apache.hadoop.ozone.client.rpc.TestBlockOutputStreamWithFailures" time="225.531"/>
  <testcase name="testDatanodeFailureWithSingleNodeRatis" classname="org.apache.hadoop.ozone.client.rpc.TestBlockOutputStreamWithFailures" time="224.736"/>
  <testcase name="testWatchForCommitWithSingleNodeRatis" classname="org.apache.hadoop.ozone.client.rpc.TestBlockOutputStreamWithFailures" time="34.535"/>
  <testcase name="testWatchForCommitDatanodeFailure" classname="org.apache.hadoop.ozone.client.rpc.TestBlockOutputStreamWithFailures" time="33.737"/>
  <testcase name="testFailureWithPrimeSizedData" classname="org.apache.hadoop.ozone.client.rpc.TestBlockOutputStreamWithFailures" time="34.841"/>
  <testcase name="testWatchForCommitWithCloseContainerException" classname="org.apache.hadoop.ozone.client.rpc.TestBlockOutputStreamWithFailures" time="34.134"/>
  <testcase name="testExceptionDuringClose" classname="org.apache.hadoop.ozone.client.rpc.TestBlockOutputStreamWithFailures" time="34.718"/>
</testsuite>