<?xml version="1.0" encoding="UTF-8"?>
<testsuite xmlns:xsi="http://www.w3.org/2001/XMLSchema-instance" xsi:noNamespaceSchemaLocation="https://maven.apache.org/surefire/maven-surefire-plugin/xsd/surefire-test-report.xsd" name="org.apache.hadoop.ozone.client.rpc.TestMultiBlockWritesWithDnFailures" time="31.982" tests="1" errors="1" skipped="0" failures="0">
  <properties>
    <property name="awt.toolkit" value="sun.awt.X11.XToolkit"/>
    <property name="file.encoding.pkg" value="sun.io"/>
    <property name="java.specification.version" value="1.8"/>
    <property name="sun.cpu.isalist" value=""/>
    <property name="sun.jnu.encoding" value="UTF-8"/>
    <property name="java.class.path" value="/workdir/hadoop-ozone/integration-test/target/test-classes:/workdir/hadoop-ozone/integration-test/target/classes:/home/user/.m2/repository/org/apache/hadoop/hadoop-ozone-common/0.4.1-SNAPSHOT/hadoop-ozone-common-0.4.1-SNAPSHOT.jar:/home/user/.m2/repository/org/apache/commons/commons-compress/1.4.1/commons-compress-1.4.1.jar:/home/user/.m2/repository/org/tukaani/xz/1.0/xz-1.0.jar:/home/user/.m2/repository/org/apache/hadoop/hadoop-common/3.2.0/hadoop-common-3.2.0.jar:/home/user/.m2/repository/org/apache/hadoop/hadoop-hdfs/3.2.0/hadoop-hdfs-3.2.0.jar:/home/user/.m2/repository/org/apache/hadoop/hadoop-hdfs-client/3.2.0/hadoop-hdfs-client-3.2.0.jar:/home/user/.m2/repository/com/fasterxml/jackson/core/jackson-annotations/2.9.5/jackson-annotations-2.9.5.jar:/home/user/.m2/repository/org/apache/hadoop/hadoop-hdds-common/0.4.1-SNAPSHOT/hadoop-hdds-common-0.4.1-SNAPSHOT.jar:/home/user/.m2/repository/javax/annotation/javax.annotation-api/1.2/javax.annotation-api-1.2.jar:/home/user/.m2/repository/org/apache/ratis/ratis-server/0.4.0-2337318-SNAPSHOT/ratis-server-0.4.0-2337318-SNAPSHOT.jar:/home/user/.m2/repository/org/apache/ratis/ratis-thirdparty-misc/0.2.0/ratis-thirdparty-misc-0.2.0.jar:/home/user/.m2/repository/org/apache/ratis/ratis-proto/0.4.0-2337318-SNAPSHOT/ratis-proto-0.4.0-2337318-SNAPSHOT.jar:/home/user/.m2/repository/org/apache/ratis/ratis-common/0.4.0-2337318-SNAPSHOT/ratis-common-0.4.0-2337318-SNAPSHOT.jar:/home/user/.m2/repository/org/apache/ratis/ratis-client/0.4.0-2337318-SNAPSHOT/ratis-client-0.4.0-2337318-SNAPSHOT.jar:/home/user/.m2/repository/org/apache/ratis/ratis-metrics/0.4.0-2337318-SNAPSHOT/ratis-metrics-0.4.0-2337318-SNAPSHOT.jar:/home/user/.m2/repository/org/apache/ratis/ratis-netty/0.4.0-2337318-SNAPSHOT/ratis-netty-0.4.0-2337318-SNAPSHOT.jar:/home/user/.m2/repository/org/apache/ratis/ratis-grpc/0.4.0-2337318-SNAPSHOT/ratis-grpc-0.4.0-2337318-SNAPSHOT.jar:/home/user/.m2/repository/org/rocksdb/rocksdbjni/6.0.1/rocksdbjni-6.0.1.jar:/home/user/.m2/repository/org/apache/logging/log4j/log4j-api/2.11.0/log4j-api-2.11.0.jar:/home/user/.m2/repository/org/apache/logging/log4j/log4j-core/2.11.0/log4j-core-2.11.0.jar:/home/user/.m2/repository/com/lmax/disruptor/3.4.2/disruptor-3.4.2.jar:/home/user/.m2/repository/org/apache/commons/commons-pool2/2.6.0/commons-pool2-2.6.0.jar:/home/user/.m2/repository/org/bouncycastle/bcpkix-jdk15on/1.60/bcpkix-jdk15on-1.60.jar:/home/user/.m2/repository/commons-validator/commons-validator/1.6/commons-validator-1.6.jar:/home/user/.m2/repository/commons-digester/commons-digester/1.8.1/commons-digester-1.8.1.jar:/home/user/.m2/repository/io/jaegertracing/jaeger-client/0.33.1/jaeger-client-0.33.1.jar:/home/user/.m2/repository/io/jaegertracing/jaeger-thrift/0.33.1/jaeger-thrift-0.33.1.jar:/home/user/.m2/repository/org/apache/thrift/libthrift/0.11.0/libthrift-0.11.0.jar:/home/user/.m2/repository/com/squareup/okhttp3/okhttp/3.9.0/okhttp-3.9.0.jar:/home/user/.m2/repository/com/squareup/okio/okio/1.13.0/okio-1.13.0.jar:/home/user/.m2/repository/io/jaegertracing/jaeger-core/0.33.1/jaeger-core-0.33.1.jar:/home/user/.m2/repository/io/jaegertracing/jaeger-tracerresolver/0.33.1/jaeger-tracerresolver-0.33.1.jar:/home/user/.m2/repository/io/opentracing/contrib/opentracing-tracerresolver/0.1.5/opentracing-tracerresolver-0.1.5.jar:/home/user/.m2/repository/io/opentracing/opentracing-util/0.31.0/opentracing-util-0.31.0.jar:/home/user/.m2/repository/io/opentracing/opentracing-api/0.31.0/opentracing-api-0.31.0.jar:/home/user/.m2/repository/io/opentracing/opentracing-noop/0.31.0/opentracing-noop-0.31.0.jar:/home/user/.m2/repository/org/apache/hadoop/hadoop-hdds-server-framework/0.4.1-SNAPSHOT/hadoop-hdds-server-framework-0.4.1-SNAPSHOT.jar:/home/user/.m2/repository/org/apache/hadoop/hadoop-hdds-container-service/0.4.1-SNAPSHOT/hadoop-hdds-container-service-0.4.1-SNAPSHOT.jar:/home/user/.m2/repository/org/apache/hadoop/hadoop-hdds-client/0.4.1-SNAPSHOT/hadoop-hdds-client-0.4.1-SNAPSHOT.jar:/home/user/.m2/repository/org/apache/hadoop/hadoop-hdds-tools/0.4.1-SNAPSHOT/hadoop-hdds-tools-0.4.1-SNAPSHOT.jar:/home/user/.m2/repository/org/apache/hadoop/hadoop-hdds-server-scm/0.4.1-SNAPSHOT/hadoop-hdds-server-scm-0.4.1-SNAPSHOT.jar:/home/user/.m2/repository/org/apache/hadoop/hadoop-hdds-docs/0.4.1-SNAPSHOT/hadoop-hdds-docs-0.4.1-SNAPSHOT.jar:/home/user/.m2/repository/io/dropwizard/metrics/metrics-core/3.2.4/metrics-core-3.2.4.jar:/home/user/.m2/repository/org/hamcrest/hamcrest-all/1.3/hamcrest-all-1.3.jar:/home/user/.m2/repository/org/bouncycastle/bcprov-jdk15on/1.60/bcprov-jdk15on-1.60.jar:/home/user/.m2/repository/info/picocli/picocli/3.9.6/picocli-3.9.6.jar:/home/user/.m2/repository/com/google/protobuf/protobuf-java/2.5.0/protobuf-java-2.5.0.jar:/home/user/.m2/repository/com/google/guava/guava/11.0.2/guava-11.0.2.jar:/home/user/.m2/repository/org/apache/hadoop/hadoop-ozone-ozone-manager/0.4.1-SNAPSHOT/hadoop-ozone-ozone-manager-0.4.1-SNAPSHOT.jar:/home/user/.m2/repository/org/apache/hadoop/hadoop-minikdc/3.2.0/hadoop-minikdc-3.2.0.jar:/home/user/.m2/repository/commons-io/commons-io/2.5/commons-io-2.5.jar:/home/user/.m2/repository/org/apache/kerby/kerb-simplekdc/1.0.1/kerb-simplekdc-1.0.1.jar:/home/user/.m2/repository/org/apache/kerby/kerb-client/1.0.1/kerb-client-1.0.1.jar:/home/user/.m2/repository/org/apache/kerby/kerby-config/1.0.1/kerby-config-1.0.1.jar:/home/user/.m2/repository/org/apache/kerby/kerb-core/1.0.1/kerb-core-1.0.1.jar:/home/user/.m2/repository/org/apache/kerby/kerby-pkix/1.0.1/kerby-pkix-1.0.1.jar:/home/user/.m2/repository/org/apache/kerby/kerby-asn1/1.0.1/kerby-asn1-1.0.1.jar:/home/user/.m2/repository/org/apache/kerby/kerby-util/1.0.1/kerby-util-1.0.1.jar:/home/user/.m2/repository/org/apache/kerby/kerb-common/1.0.1/kerb-common-1.0.1.jar:/home/user/.m2/repository/org/apache/kerby/kerb-crypto/1.0.1/kerb-crypto-1.0.1.jar:/home/user/.m2/repository/org/apache/kerby/kerb-util/1.0.1/kerb-util-1.0.1.jar:/home/user/.m2/repository/org/apache/kerby/token-provider/1.0.1/token-provider-1.0.1.jar:/home/user/.m2/repository/org/apache/kerby/kerb-admin/1.0.1/kerb-admin-1.0.1.jar:/home/user/.m2/repository/org/apache/kerby/kerb-server/1.0.1/kerb-server-1.0.1.jar:/home/user/.m2/repository/org/apache/kerby/kerb-identity/1.0.1/kerb-identity-1.0.1.jar:/home/user/.m2/repository/org/apache/kerby/kerby-xdr/1.0.1/kerby-xdr-1.0.1.jar:/home/user/.m2/repository/org/slf4j/slf4j-log4j12/1.7.25/slf4j-log4j12-1.7.25.jar:/home/user/.m2/repository/org/apache/hadoop/hadoop-ozone-objectstore-service/0.4.1-SNAPSHOT/hadoop-ozone-objectstore-service-0.4.1-SNAPSHOT.jar:/home/user/.m2/repository/org/apache/hadoop/hadoop-ozone-s3gateway/0.4.1-SNAPSHOT/hadoop-ozone-s3gateway-0.4.1-SNAPSHOT.jar:/home/user/.m2/repository/org/jboss/weld/servlet/weld-servlet/2.4.7.Final/weld-servlet-2.4.7.Final.jar:/home/user/.m2/repository/org/glassfish/jersey/containers/jersey-container-servlet-core/2.27/jersey-container-servlet-core-2.27.jar:/home/user/.m2/repository/org/glassfish/hk2/external/javax.inject/2.5.0-b42/javax.inject-2.5.0-b42.jar:/home/user/.m2/repository/org/glassfish/jersey/core/jersey-common/2.27/jersey-common-2.27.jar:/home/user/.m2/repository/org/glassfish/hk2/osgi-resource-locator/1.0.1/osgi-resource-locator-1.0.1.jar:/home/user/.m2/repository/javax/ws/rs/javax.ws.rs-api/2.1/javax.ws.rs-api-2.1.jar:/home/user/.m2/repository/org/glassfish/jersey/ext/cdi/jersey-cdi1x/2.27/jersey-cdi1x-2.27.jar:/home/user/.m2/repository/org/glassfish/jersey/inject/jersey-hk2/2.27/jersey-hk2-2.27.jar:/home/user/.m2/repository/org/glassfish/hk2/hk2-locator/2.5.0-b42/hk2-locator-2.5.0-b42.jar:/home/user/.m2/repository/org/javassist/javassist/3.22.0-CR2/javassist-3.22.0-CR2.jar:/home/user/.m2/repository/org/glassfish/hk2/hk2-api/2.5.0/hk2-api-2.5.0.jar:/home/user/.m2/repository/org/glassfish/hk2/external/jakarta.inject/2.5.0/jakarta.inject-2.5.0.jar:/home/user/.m2/repository/org/glassfish/hk2/hk2-utils/2.5.0/hk2-utils-2.5.0.jar:/home/user/.m2/repository/jakarta/annotation/jakarta.annotation-api/1.3.4/jakarta.annotation-api-1.3.4.jar:/home/user/.m2/repository/org/glassfish/hk2/external/aopalliance-repackaged/2.5.0/aopalliance-repackaged-2.5.0.jar:/home/user/.m2/repository/com/fasterxml/jackson/dataformat/jackson-dataformat-xml/2.9.0/jackson-dataformat-xml-2.9.0.jar:/home/user/.m2/repository/com/fasterxml/jackson/core/jackson-core/2.9.5/jackson-core-2.9.5.jar:/home/user/.m2/repository/com/fasterxml/jackson/module/jackson-module-jaxb-annotations/2.9.5/jackson-module-jaxb-annotations-2.9.5.jar:/home/user/.m2/repository/javax/enterprise/cdi-api/1.2/cdi-api-1.2.jar:/home/user/.m2/repository/javax/el/javax.el-api/3.0.0/javax.el-api-3.0.0.jar:/home/user/.m2/repository/javax/interceptor/javax.interceptor-api/1.2/javax.interceptor-api-1.2.jar:/home/user/.m2/repository/javax/inject/javax.inject/1/javax.inject-1.jar:/home/user/.m2/repository/com/sun/xml/bind/jaxb-impl/2.3.0.1/jaxb-impl-2.3.0.1.jar:/home/user/.m2/repository/com/sun/xml/bind/jaxb-core/2.3.0.1/jaxb-core-2.3.0.1.jar:/home/user/.m2/repository/javax/xml/bind/jaxb-api/2.3.0/jaxb-api-2.3.0.jar:/home/user/.m2/repository/javax/activation/activation/1.1.1/activation-1.1.1.jar:/home/user/.m2/repository/org/apache/hadoop/hadoop-ozone-csi/0.4.1-SNAPSHOT/hadoop-ozone-csi-0.4.1-SNAPSHOT.jar:/home/user/.m2/repository/com/google/protobuf/protobuf-java-util/3.5.1/protobuf-java-util-3.5.1.jar:/home/user/.m2/repository/org/apache/hadoop/hadoop-hdds-config/0.4.1-SNAPSHOT/hadoop-hdds-config-0.4.1-SNAPSHOT.jar:/home/user/.m2/repository/io/grpc/grpc-netty/1.17.1/grpc-netty-1.17.1.jar:/home/user/.m2/repository/io/grpc/grpc-core/1.17.1/grpc-core-1.17.1.jar:/home/user/.m2/repository/io/grpc/grpc-context/1.17.1/grpc-context-1.17.1.jar:/home/user/.m2/repository/com/google/errorprone/error_prone_annotations/2.2.0/error_prone_annotations-2.2.0.jar:/home/user/.m2/repository/org/codehaus/mojo/animal-sniffer-annotations/1.17/animal-sniffer-annotations-1.17.jar:/home/user/.m2/repository/io/opencensus/opencensus-api/0.17.0/opencensus-api-0.17.0.jar:/home/user/.m2/repository/io/opencensus/opencensus-contrib-grpc-metrics/0.17.0/opencensus-contrib-grpc-metrics-0.17.0.jar:/home/user/.m2/repository/io/netty/netty-codec-http2/4.1.30.Final/netty-codec-http2-4.1.30.Final.jar:/home/user/.m2/repository/io/netty/netty-codec-http/4.1.30.Final/netty-codec-http-4.1.30.Final.jar:/home/user/.m2/repository/io/netty/netty-codec/4.1.30.Final/netty-codec-4.1.30.Final.jar:/home/user/.m2/repository/io/netty/netty-handler/4.1.30.Final/netty-handler-4.1.30.Final.jar:/home/user/.m2/repository/io/netty/netty-handler-proxy/4.1.30.Final/netty-handler-proxy-4.1.30.Final.jar:/home/user/.m2/repository/io/netty/netty-codec-socks/4.1.30.Final/netty-codec-socks-4.1.30.Final.jar:/home/user/.m2/repository/io/netty/netty-transport-native-epoll/4.1.30.Final/netty-transport-native-epoll-4.1.30.Final.jar:/home/user/.m2/repository/io/netty/netty-common/4.1.30.Final/netty-common-4.1.30.Final.jar:/home/user/.m2/repository/io/netty/netty-buffer/4.1.30.Final/netty-buffer-4.1.30.Final.jar:/home/user/.m2/repository/io/netty/netty-transport/4.1.30.Final/netty-transport-4.1.30.Final.jar:/home/user/.m2/repository/io/netty/netty-resolver/4.1.30.Final/netty-resolver-4.1.30.Final.jar:/home/user/.m2/repository/io/netty/netty-transport-native-unix-common/4.1.30.Final/netty-transport-native-unix-common-4.1.30.Final.jar:/home/user/.m2/repository/io/grpc/grpc-protobuf/1.17.1/grpc-protobuf-1.17.1.jar:/home/user/.m2/repository/com/google/api/grpc/proto-google-common-protos/1.0.0/proto-google-common-protos-1.0.0.jar:/home/user/.m2/repository/io/grpc/grpc-protobuf-lite/1.17.1/grpc-protobuf-lite-1.17.1.jar:/home/user/.m2/repository/io/grpc/grpc-stub/1.17.1/grpc-stub-1.17.1.jar:/home/user/.m2/repository/org/apache/hadoop/hadoop-ozone-recon/0.4.1-SNAPSHOT/hadoop-ozone-recon-0.4.1-SNAPSHOT.jar:/home/user/.m2/repository/org/apache/hadoop/hadoop-ozone-reconcodegen/0.4.1-SNAPSHOT/hadoop-ozone-reconcodegen-0.4.1-SNAPSHOT.jar:/home/user/.m2/repository/com/google/inject/extensions/guice-multibindings/4.0/guice-multibindings-4.0.jar:/home/user/.m2/repository/com/google/inject/guice/4.0/guice-4.0.jar:/home/user/.m2/repository/aopalliance/aopalliance/1.0/aopalliance-1.0.jar:/home/user/.m2/repository/com/google/inject/extensions/guice-servlet/4.0/guice-servlet-4.0.jar:/home/user/.m2/repository/org/glassfish/jersey/containers/jersey-container-servlet/2.27/jersey-container-servlet-2.27.jar:/home/user/.m2/repository/org/glassfish/hk2/guice-bridge/2.5.0/guice-bridge-2.5.0.jar:/home/user/.m2/repository/org/glassfish/jersey/core/jersey-server/2.27/jersey-server-2.27.jar:/home/user/.m2/repository/org/glassfish/jersey/core/jersey-client/2.27/jersey-client-2.27.jar:/home/user/.m2/repository/org/glassfish/jersey/media/jersey-media-jaxb/2.27/jersey-media-jaxb-2.27.jar:/home/user/.m2/repository/javax/validation/validation-api/1.1.0.Final/validation-api-1.1.0.Final.jar:/home/user/.m2/repository/org/glassfish/jersey/media/jersey-media-json-jackson/2.27/jersey-media-json-jackson-2.27.jar:/home/user/.m2/repository/org/glassfish/jersey/ext/jersey-entity-filtering/2.27/jersey-entity-filtering-2.27.jar:/home/user/.m2/repository/com/google/inject/extensions/guice-assistedinject/4.0/guice-assistedinject-4.0.jar:/home/user/.m2/repository/org/jooq/jooq/3.11.10/jooq-3.11.10.jar:/home/user/.m2/repository/org/jooq/jooq-meta/3.11.10/jooq-meta-3.11.10.jar:/home/user/.m2/repository/org/jooq/jooq-codegen/3.11.10/jooq-codegen-3.11.10.jar:/home/user/.m2/repository/com/jolbox/bonecp/0.8.0.RELEASE/bonecp-0.8.0.RELEASE.jar:/home/user/.m2/repository/org/xerial/sqlite-jdbc/3.25.2/sqlite-jdbc-3.25.2.jar:/home/user/.m2/repository/org/springframework/spring-jdbc/5.1.3.RELEASE/spring-jdbc-5.1.3.RELEASE.jar:/home/user/.m2/repository/org/springframework/spring-beans/5.1.3.RELEASE/spring-beans-5.1.3.RELEASE.jar:/home/user/.m2/repository/org/springframework/spring-core/5.1.3.RELEASE/spring-core-5.1.3.RELEASE.jar:/home/user/.m2/repository/org/springframework/spring-jcl/5.1.3.RELEASE/spring-jcl-5.1.3.RELEASE.jar:/home/user/.m2/repository/org/springframework/spring-tx/5.1.3.RELEASE/spring-tx-5.1.3.RELEASE.jar:/home/user/.m2/repository/org/apache/hadoop/hadoop-ozone-client/0.4.1-SNAPSHOT/hadoop-ozone-client-0.4.1-SNAPSHOT.jar:/home/user/.m2/repository/commons-lang/commons-lang/2.6/commons-lang-2.6.jar:/home/user/.m2/repository/org/apache/hadoop/hadoop-ozone-ozone-manager/0.4.1-SNAPSHOT/hadoop-ozone-ozone-manager-0.4.1-SNAPSHOT-tests.jar:/home/user/.m2/repository/junit/junit/4.11/junit-4.11.jar:/home/user/.m2/repository/org/hamcrest/hamcrest-core/1.3/hamcrest-core-1.3.jar:/home/user/.m2/repository/org/openjdk/jmh/jmh-core/1.19/jmh-core-1.19.jar:/home/user/.m2/repository/net/sf/jopt-simple/jopt-simple/4.6/jopt-simple-4.6.jar:/home/user/.m2/repository/org/apache/commons/commons-math3/3.1.1/commons-math3-3.1.1.jar:/home/user/.m2/repository/org/openjdk/jmh/jmh-generator-annprocess/1.19/jmh-generator-annprocess-1.19.jar:/home/user/.m2/repository/org/mockito/mockito-all/1.8.5/mockito-all-1.8.5.jar:/home/user/.m2/repository/org/apache/hadoop/hadoop-kms/3.2.0/hadoop-kms-3.2.0.jar:/home/user/.m2/repository/org/apache/hadoop/hadoop-auth/3.2.0/hadoop-auth-3.2.0.jar:/home/user/.m2/repository/com/nimbusds/nimbus-jose-jwt/4.41.1/nimbus-jose-jwt-4.41.1.jar:/home/user/.m2/repository/com/github/stephenc/jcip/jcip-annotations/1.0-1/jcip-annotations-1.0-1.jar:/home/user/.m2/repository/net/minidev/json-smart/2.3/json-smart-2.3.jar:/home/user/.m2/repository/net/minidev/accessors-smart/1.2/accessors-smart-1.2.jar:/home/user/.m2/repository/org/ow2/asm/asm/5.0.4/asm-5.0.4.jar:/home/user/.m2/repository/org/apache/curator/curator-framework/2.12.0/curator-framework-2.12.0.jar:/home/user/.m2/repository/com/sun/jersey/jersey-core/1.19/jersey-core-1.19.jar:/home/user/.m2/repository/javax/ws/rs/jsr311-api/1.1.1/jsr311-api-1.1.1.jar:/home/user/.m2/repository/com/sun/jersey/jersey-server/1.19/jersey-server-1.19.jar:/home/user/.m2/repository/javax/servlet/javax.servlet-api/3.1.0/javax.servlet-api-3.1.0.jar:/home/user/.m2/repository/org/eclipse/jetty/jetty-server/9.3.24.v20180605/jetty-server-9.3.24.v20180605.jar:/home/user/.m2/repository/org/eclipse/jetty/jetty-http/9.3.24.v20180605/jetty-http-9.3.24.v20180605.jar:/home/user/.m2/repository/org/eclipse/jetty/jetty-io/9.3.24.v20180605/jetty-io-9.3.24.v20180605.jar:/home/user/.m2/repository/org/eclipse/jetty/jetty-webapp/9.3.24.v20180605/jetty-webapp-9.3.24.v20180605.jar:/home/user/.m2/repository/org/eclipse/jetty/jetty-xml/9.3.24.v20180605/jetty-xml-9.3.24.v20180605.jar:/home/user/.m2/repository/log4j/log4j/1.2.17/log4j-1.2.17.jar:/home/user/.m2/repository/org/slf4j/slf4j-api/1.7.25/slf4j-api-1.7.25.jar:/home/user/.m2/repository/org/slf4j/jul-to-slf4j/1.7.25/jul-to-slf4j-1.7.25.jar:/home/user/.m2/repository/org/eclipse/jetty/jetty-util/9.3.24.v20180605/jetty-util-9.3.24.v20180605.jar:/home/user/.m2/repository/com/fasterxml/jackson/core/jackson-databind/2.9.5/jackson-databind-2.9.5.jar:/home/user/.m2/repository/org/apache/hadoop/hadoop-kms/3.2.0/hadoop-kms-3.2.0-tests.jar:/home/user/.m2/repository/org/apache/hadoop/hadoop-hdds-server-scm/0.4.1-SNAPSHOT/hadoop-hdds-server-scm-0.4.1-SNAPSHOT-tests.jar:/home/user/.m2/repository/org/apache/hadoop/hadoop-hdds-container-service/0.4.1-SNAPSHOT/hadoop-hdds-container-service-0.4.1-SNAPSHOT-tests.jar:/home/user/.m2/repository/org/yaml/snakeyaml/1.16/snakeyaml-1.16.jar:/home/user/.m2/repository/org/apache/hadoop/hadoop-common/3.2.0/hadoop-common-3.2.0-tests.jar:/home/user/.m2/repository/org/apache/hadoop/hadoop-annotations/3.2.0/hadoop-annotations-3.2.0.jar:/usr/lib/jvm/java-1.8-openjdk/jre/../lib/tools.jar:/home/user/.m2/repository/commons-cli/commons-cli/1.2/commons-cli-1.2.jar:/home/user/.m2/repository/org/apache/httpcomponents/httpclient/4.5.2/httpclient-4.5.2.jar:/home/user/.m2/repository/org/apache/httpcomponents/httpcore/4.4.4/httpcore-4.4.4.jar:/home/user/.m2/repository/commons-codec/commons-codec/1.11/commons-codec-1.11.jar:/home/user/.m2/repository/commons-net/commons-net/3.6/commons-net-3.6.jar:/home/user/.m2/repository/commons-collections/commons-collections/3.2.2/commons-collections-3.2.2.jar:/home/user/.m2/repository/org/eclipse/jetty/jetty-servlet/9.3.24.v20180605/jetty-servlet-9.3.24.v20180605.jar:/home/user/.m2/repository/org/eclipse/jetty/jetty-security/9.3.24.v20180605/jetty-security-9.3.24.v20180605.jar:/home/user/.m2/repository/javax/servlet/jsp/jsp-api/2.1/jsp-api-2.1.jar:/home/user/.m2/repository/com/sun/jersey/jersey-servlet/1.19/jersey-servlet-1.19.jar:/home/user/.m2/repository/com/sun/jersey/jersey-json/1.19/jersey-json-1.19.jar:/home/user/.m2/repository/org/codehaus/jettison/jettison/1.1/jettison-1.1.jar:/home/user/.m2/repository/org/codehaus/jackson/jackson-core-asl/1.9.13/jackson-core-asl-1.9.13.jar:/home/user/.m2/repository/org/codehaus/jackson/jackson-mapper-asl/1.9.13/jackson-mapper-asl-1.9.13.jar:/home/user/.m2/repository/org/codehaus/jackson/jackson-jaxrs/1.9.13/jackson-jaxrs-1.9.13.jar:/home/user/.m2/repository/org/codehaus/jackson/jackson-xc/1.9.13/jackson-xc-1.9.13.jar:/home/user/.m2/repository/commons-logging/commons-logging/1.1.3/commons-logging-1.1.3.jar:/home/user/.m2/repository/commons-beanutils/commons-beanutils/1.9.3/commons-beanutils-1.9.3.jar:/home/user/.m2/repository/org/apache/commons/commons-configuration2/2.1.1/commons-configuration2-2.1.1.jar:/home/user/.m2/repository/org/apache/commons/commons-lang3/3.7/commons-lang3-3.7.jar:/home/user/.m2/repository/org/apache/commons/commons-text/1.4/commons-text-1.4.jar:/home/user/.m2/repository/org/apache/avro/avro/1.7.7/avro-1.7.7.jar:/home/user/.m2/repository/com/thoughtworks/paranamer/paranamer/2.3/paranamer-2.3.jar:/home/user/.m2/repository/org/xerial/snappy/snappy-java/1.0.5/snappy-java-1.0.5.jar:/home/user/.m2/repository/com/google/re2j/re2j/1.1/re2j-1.1.jar:/home/user/.m2/repository/com/google/code/gson/gson/2.2.4/gson-2.2.4.jar:/home/user/.m2/repository/com/jcraft/jsch/0.1.54/jsch-0.1.54.jar:/home/user/.m2/repository/org/apache/curator/curator-client/2.12.0/curator-client-2.12.0.jar:/home/user/.m2/repository/org/apache/curator/curator-recipes/2.12.0/curator-recipes-2.12.0.jar:/home/user/.m2/repository/com/google/code/findbugs/jsr305/3.0.0/jsr305-3.0.0.jar:/home/user/.m2/repository/org/apache/htrace/htrace-core4/4.1.0-incubating/htrace-core4-4.1.0-incubating.jar:/home/user/.m2/repository/org/apache/zookeeper/zookeeper/3.4.13/zookeeper-3.4.13.jar:/home/user/.m2/repository/org/apache/yetus/audience-annotations/0.5.0/audience-annotations-0.5.0.jar:/home/user/.m2/repository/org/codehaus/woodstox/stax2-api/3.1.4/stax2-api-3.1.4.jar:/home/user/.m2/repository/com/fasterxml/woodstox/woodstox-core/5.0.3/woodstox-core-5.0.3.jar:/home/user/.m2/repository/dnsjava/dnsjava/2.1.7/dnsjava-2.1.7.jar:/home/user/.m2/repository/org/apache/hadoop/hadoop-hdfs/3.2.0/hadoop-hdfs-3.2.0-tests.jar:/home/user/.m2/repository/org/eclipse/jetty/jetty-util-ajax/9.3.24.v20180605/jetty-util-ajax-9.3.24.v20180605.jar:/home/user/.m2/repository/commons-daemon/commons-daemon/1.0.13/commons-daemon-1.0.13.jar:/home/user/.m2/repository/io/netty/netty/3.10.5.Final/netty-3.10.5.Final.jar:/home/user/.m2/repository/io/netty/netty-all/4.0.52.Final/netty-all-4.0.52.Final.jar:/home/user/.m2/repository/org/fusesource/leveldbjni/leveldbjni-all/1.8/leveldbjni-all-1.8.jar:"/>
    <property name="java.vm.vendor" value="IcedTea"/>
    <property name="sun.arch.data.model" value="64"/>
    <property name="test.build.dir" value="/workdir/hadoop-ozone/integration-test/target/test-dir"/>
    <property name="test.cache.data" value=""/>
    <property name="java.vendor.url" value="https://icedtea.classpath.org"/>
    <property name="user.timezone" value=""/>
    <property name="java.vm.specification.version" value="1.8"/>
    <property name="os.name" value="Linux"/>
    <property name="test.build.data" value="/workdir/hadoop-ozone/integration-test/target/test-dir"/>
    <property name="user.country" value="US"/>
    <property name="sun.java.launcher" value="SUN_STANDARD"/>
    <property name="sun.boot.library.path" value="/usr/lib/jvm/java-1.8-openjdk/jre/lib/amd64"/>
    <property name="sun.java.command" value="/workdir/hadoop-ozone/integration-test/target/surefire/surefirebooter7625581118343270312.jar /workdir/hadoop-ozone/integration-test/target/surefire 2019-08-09T03-12-57_620-jvmRun1 surefire1178053052653848518tmp surefire_463860719381563104908tmp"/>
    <property name="surefire.test.class.path" value="/workdir/hadoop-ozone/integration-test/target/test-classes:/workdir/hadoop-ozone/integration-test/target/classes:/home/user/.m2/repository/org/apache/hadoop/hadoop-ozone-common/0.4.1-SNAPSHOT/hadoop-ozone-common-0.4.1-SNAPSHOT.jar:/home/user/.m2/repository/org/apache/commons/commons-compress/1.4.1/commons-compress-1.4.1.jar:/home/user/.m2/repository/org/tukaani/xz/1.0/xz-1.0.jar:/home/user/.m2/repository/org/apache/hadoop/hadoop-common/3.2.0/hadoop-common-3.2.0.jar:/home/user/.m2/repository/org/apache/hadoop/hadoop-hdfs/3.2.0/hadoop-hdfs-3.2.0.jar:/home/user/.m2/repository/org/apache/hadoop/hadoop-hdfs-client/3.2.0/hadoop-hdfs-client-3.2.0.jar:/home/user/.m2/repository/com/fasterxml/jackson/core/jackson-annotations/2.9.5/jackson-annotations-2.9.5.jar:/home/user/.m2/repository/org/apache/hadoop/hadoop-hdds-common/0.4.1-SNAPSHOT/hadoop-hdds-common-0.4.1-SNAPSHOT.jar:/home/user/.m2/repository/javax/annotation/javax.annotation-api/1.2/javax.annotation-api-1.2.jar:/home/user/.m2/repository/org/apache/ratis/ratis-server/0.4.0-2337318-SNAPSHOT/ratis-server-0.4.0-2337318-SNAPSHOT.jar:/home/user/.m2/repository/org/apache/ratis/ratis-thirdparty-misc/0.2.0/ratis-thirdparty-misc-0.2.0.jar:/home/user/.m2/repository/org/apache/ratis/ratis-proto/0.4.0-2337318-SNAPSHOT/ratis-proto-0.4.0-2337318-SNAPSHOT.jar:/home/user/.m2/repository/org/apache/ratis/ratis-common/0.4.0-2337318-SNAPSHOT/ratis-common-0.4.0-2337318-SNAPSHOT.jar:/home/user/.m2/repository/org/apache/ratis/ratis-client/0.4.0-2337318-SNAPSHOT/ratis-client-0.4.0-2337318-SNAPSHOT.jar:/home/user/.m2/repository/org/apache/ratis/ratis-metrics/0.4.0-2337318-SNAPSHOT/ratis-metrics-0.4.0-2337318-SNAPSHOT.jar:/home/user/.m2/repository/org/apache/ratis/ratis-netty/0.4.0-2337318-SNAPSHOT/ratis-netty-0.4.0-2337318-SNAPSHOT.jar:/home/user/.m2/repository/org/apache/ratis/ratis-grpc/0.4.0-2337318-SNAPSHOT/ratis-grpc-0.4.0-2337318-SNAPSHOT.jar:/home/user/.m2/repository/org/rocksdb/rocksdbjni/6.0.1/rocksdbjni-6.0.1.jar:/home/user/.m2/repository/org/apache/logging/log4j/log4j-api/2.11.0/log4j-api-2.11.0.jar:/home/user/.m2/repository/org/apache/logging/log4j/log4j-core/2.11.0/log4j-core-2.11.0.jar:/home/user/.m2/repository/com/lmax/disruptor/3.4.2/disruptor-3.4.2.jar:/home/user/.m2/repository/org/apache/commons/commons-pool2/2.6.0/commons-pool2-2.6.0.jar:/home/user/.m2/repository/org/bouncycastle/bcpkix-jdk15on/1.60/bcpkix-jdk15on-1.60.jar:/home/user/.m2/repository/commons-validator/commons-validator/1.6/commons-validator-1.6.jar:/home/user/.m2/repository/commons-digester/commons-digester/1.8.1/commons-digester-1.8.1.jar:/home/user/.m2/repository/io/jaegertracing/jaeger-client/0.33.1/jaeger-client-0.33.1.jar:/home/user/.m2/repository/io/jaegertracing/jaeger-thrift/0.33.1/jaeger-thrift-0.33.1.jar:/home/user/.m2/repository/org/apache/thrift/libthrift/0.11.0/libthrift-0.11.0.jar:/home/user/.m2/repository/com/squareup/okhttp3/okhttp/3.9.0/okhttp-3.9.0.jar:/home/user/.m2/repository/com/squareup/okio/okio/1.13.0/okio-1.13.0.jar:/home/user/.m2/repository/io/jaegertracing/jaeger-core/0.33.1/jaeger-core-0.33.1.jar:/home/user/.m2/repository/io/jaegertracing/jaeger-tracerresolver/0.33.1/jaeger-tracerresolver-0.33.1.jar:/home/user/.m2/repository/io/opentracing/contrib/opentracing-tracerresolver/0.1.5/opentracing-tracerresolver-0.1.5.jar:/home/user/.m2/repository/io/opentracing/opentracing-util/0.31.0/opentracing-util-0.31.0.jar:/home/user/.m2/repository/io/opentracing/opentracing-api/0.31.0/opentracing-api-0.31.0.jar:/home/user/.m2/repository/io/opentracing/opentracing-noop/0.31.0/opentracing-noop-0.31.0.jar:/home/user/.m2/repository/org/apache/hadoop/hadoop-hdds-server-framework/0.4.1-SNAPSHOT/hadoop-hdds-server-framework-0.4.1-SNAPSHOT.jar:/home/user/.m2/repository/org/apache/hadoop/hadoop-hdds-container-service/0.4.1-SNAPSHOT/hadoop-hdds-container-service-0.4.1-SNAPSHOT.jar:/home/user/.m2/repository/org/apache/hadoop/hadoop-hdds-client/0.4.1-SNAPSHOT/hadoop-hdds-client-0.4.1-SNAPSHOT.jar:/home/user/.m2/repository/org/apache/hadoop/hadoop-hdds-tools/0.4.1-SNAPSHOT/hadoop-hdds-tools-0.4.1-SNAPSHOT.jar:/home/user/.m2/repository/org/apache/hadoop/hadoop-hdds-server-scm/0.4.1-SNAPSHOT/hadoop-hdds-server-scm-0.4.1-SNAPSHOT.jar:/home/user/.m2/repository/org/apache/hadoop/hadoop-hdds-docs/0.4.1-SNAPSHOT/hadoop-hdds-docs-0.4.1-SNAPSHOT.jar:/home/user/.m2/repository/io/dropwizard/metrics/metrics-core/3.2.4/metrics-core-3.2.4.jar:/home/user/.m2/repository/org/hamcrest/hamcrest-all/1.3/hamcrest-all-1.3.jar:/home/user/.m2/repository/org/bouncycastle/bcprov-jdk15on/1.60/bcprov-jdk15on-1.60.jar:/home/user/.m2/repository/info/picocli/picocli/3.9.6/picocli-3.9.6.jar:/home/user/.m2/repository/com/google/protobuf/protobuf-java/2.5.0/protobuf-java-2.5.0.jar:/home/user/.m2/repository/com/google/guava/guava/11.0.2/guava-11.0.2.jar:/home/user/.m2/repository/org/apache/hadoop/hadoop-ozone-ozone-manager/0.4.1-SNAPSHOT/hadoop-ozone-ozone-manager-0.4.1-SNAPSHOT.jar:/home/user/.m2/repository/org/apache/hadoop/hadoop-minikdc/3.2.0/hadoop-minikdc-3.2.0.jar:/home/user/.m2/repository/commons-io/commons-io/2.5/commons-io-2.5.jar:/home/user/.m2/repository/org/apache/kerby/kerb-simplekdc/1.0.1/kerb-simplekdc-1.0.1.jar:/home/user/.m2/repository/org/apache/kerby/kerb-client/1.0.1/kerb-client-1.0.1.jar:/home/user/.m2/repository/org/apache/kerby/kerby-config/1.0.1/kerby-config-1.0.1.jar:/home/user/.m2/repository/org/apache/kerby/kerb-core/1.0.1/kerb-core-1.0.1.jar:/home/user/.m2/repository/org/apache/kerby/kerby-pkix/1.0.1/kerby-pkix-1.0.1.jar:/home/user/.m2/repository/org/apache/kerby/kerby-asn1/1.0.1/kerby-asn1-1.0.1.jar:/home/user/.m2/repository/org/apache/kerby/kerby-util/1.0.1/kerby-util-1.0.1.jar:/home/user/.m2/repository/org/apache/kerby/kerb-common/1.0.1/kerb-common-1.0.1.jar:/home/user/.m2/repository/org/apache/kerby/kerb-crypto/1.0.1/kerb-crypto-1.0.1.jar:/home/user/.m2/repository/org/apache/kerby/kerb-util/1.0.1/kerb-util-1.0.1.jar:/home/user/.m2/repository/org/apache/kerby/token-provider/1.0.1/token-provider-1.0.1.jar:/home/user/.m2/repository/org/apache/kerby/kerb-admin/1.0.1/kerb-admin-1.0.1.jar:/home/user/.m2/repository/org/apache/kerby/kerb-server/1.0.1/kerb-server-1.0.1.jar:/home/user/.m2/repository/org/apache/kerby/kerb-identity/1.0.1/kerb-identity-1.0.1.jar:/home/user/.m2/repository/org/apache/kerby/kerby-xdr/1.0.1/kerby-xdr-1.0.1.jar:/home/user/.m2/repository/org/slf4j/slf4j-log4j12/1.7.25/slf4j-log4j12-1.7.25.jar:/home/user/.m2/repository/org/apache/hadoop/hadoop-ozone-objectstore-service/0.4.1-SNAPSHOT/hadoop-ozone-objectstore-service-0.4.1-SNAPSHOT.jar:/home/user/.m2/repository/org/apache/hadoop/hadoop-ozone-s3gateway/0.4.1-SNAPSHOT/hadoop-ozone-s3gateway-0.4.1-SNAPSHOT.jar:/home/user/.m2/repository/org/jboss/weld/servlet/weld-servlet/2.4.7.Final/weld-servlet-2.4.7.Final.jar:/home/user/.m2/repository/org/glassfish/jersey/containers/jersey-container-servlet-core/2.27/jersey-container-servlet-core-2.27.jar:/home/user/.m2/repository/org/glassfish/hk2/external/javax.inject/2.5.0-b42/javax.inject-2.5.0-b42.jar:/home/user/.m2/repository/org/glassfish/jersey/core/jersey-common/2.27/jersey-common-2.27.jar:/home/user/.m2/repository/org/glassfish/hk2/osgi-resource-locator/1.0.1/osgi-resource-locator-1.0.1.jar:/home/user/.m2/repository/javax/ws/rs/javax.ws.rs-api/2.1/javax.ws.rs-api-2.1.jar:/home/user/.m2/repository/org/glassfish/jersey/ext/cdi/jersey-cdi1x/2.27/jersey-cdi1x-2.27.jar:/home/user/.m2/repository/org/glassfish/jersey/inject/jersey-hk2/2.27/jersey-hk2-2.27.jar:/home/user/.m2/repository/org/glassfish/hk2/hk2-locator/2.5.0-b42/hk2-locator-2.5.0-b42.jar:/home/user/.m2/repository/org/javassist/javassist/3.22.0-CR2/javassist-3.22.0-CR2.jar:/home/user/.m2/repository/org/glassfish/hk2/hk2-api/2.5.0/hk2-api-2.5.0.jar:/home/user/.m2/repository/org/glassfish/hk2/external/jakarta.inject/2.5.0/jakarta.inject-2.5.0.jar:/home/user/.m2/repository/org/glassfish/hk2/hk2-utils/2.5.0/hk2-utils-2.5.0.jar:/home/user/.m2/repository/jakarta/annotation/jakarta.annotation-api/1.3.4/jakarta.annotation-api-1.3.4.jar:/home/user/.m2/repository/org/glassfish/hk2/external/aopalliance-repackaged/2.5.0/aopalliance-repackaged-2.5.0.jar:/home/user/.m2/repository/com/fasterxml/jackson/dataformat/jackson-dataformat-xml/2.9.0/jackson-dataformat-xml-2.9.0.jar:/home/user/.m2/repository/com/fasterxml/jackson/core/jackson-core/2.9.5/jackson-core-2.9.5.jar:/home/user/.m2/repository/com/fasterxml/jackson/module/jackson-module-jaxb-annotations/2.9.5/jackson-module-jaxb-annotations-2.9.5.jar:/home/user/.m2/repository/javax/enterprise/cdi-api/1.2/cdi-api-1.2.jar:/home/user/.m2/repository/javax/el/javax.el-api/3.0.0/javax.el-api-3.0.0.jar:/home/user/.m2/repository/javax/interceptor/javax.interceptor-api/1.2/javax.interceptor-api-1.2.jar:/home/user/.m2/repository/javax/inject/javax.inject/1/javax.inject-1.jar:/home/user/.m2/repository/com/sun/xml/bind/jaxb-impl/2.3.0.1/jaxb-impl-2.3.0.1.jar:/home/user/.m2/repository/com/sun/xml/bind/jaxb-core/2.3.0.1/jaxb-core-2.3.0.1.jar:/home/user/.m2/repository/javax/xml/bind/jaxb-api/2.3.0/jaxb-api-2.3.0.jar:/home/user/.m2/repository/javax/activation/activation/1.1.1/activation-1.1.1.jar:/home/user/.m2/repository/org/apache/hadoop/hadoop-ozone-csi/0.4.1-SNAPSHOT/hadoop-ozone-csi-0.4.1-SNAPSHOT.jar:/home/user/.m2/repository/com/google/protobuf/protobuf-java-util/3.5.1/protobuf-java-util-3.5.1.jar:/home/user/.m2/repository/org/apache/hadoop/hadoop-hdds-config/0.4.1-SNAPSHOT/hadoop-hdds-config-0.4.1-SNAPSHOT.jar:/home/user/.m2/repository/io/grpc/grpc-netty/1.17.1/grpc-netty-1.17.1.jar:/home/user/.m2/repository/io/grpc/grpc-core/1.17.1/grpc-core-1.17.1.jar:/home/user/.m2/repository/io/grpc/grpc-context/1.17.1/grpc-context-1.17.1.jar:/home/user/.m2/repository/com/google/errorprone/error_prone_annotations/2.2.0/error_prone_annotations-2.2.0.jar:/home/user/.m2/repository/org/codehaus/mojo/animal-sniffer-annotations/1.17/animal-sniffer-annotations-1.17.jar:/home/user/.m2/repository/io/opencensus/opencensus-api/0.17.0/opencensus-api-0.17.0.jar:/home/user/.m2/repository/io/opencensus/opencensus-contrib-grpc-metrics/0.17.0/opencensus-contrib-grpc-metrics-0.17.0.jar:/home/user/.m2/repository/io/netty/netty-codec-http2/4.1.30.Final/netty-codec-http2-4.1.30.Final.jar:/home/user/.m2/repository/io/netty/netty-codec-http/4.1.30.Final/netty-codec-http-4.1.30.Final.jar:/home/user/.m2/repository/io/netty/netty-codec/4.1.30.Final/netty-codec-4.1.30.Final.jar:/home/user/.m2/repository/io/netty/netty-handler/4.1.30.Final/netty-handler-4.1.30.Final.jar:/home/user/.m2/repository/io/netty/netty-handler-proxy/4.1.30.Final/netty-handler-proxy-4.1.30.Final.jar:/home/user/.m2/repository/io/netty/netty-codec-socks/4.1.30.Final/netty-codec-socks-4.1.30.Final.jar:/home/user/.m2/repository/io/netty/netty-transport-native-epoll/4.1.30.Final/netty-transport-native-epoll-4.1.30.Final.jar:/home/user/.m2/repository/io/netty/netty-common/4.1.30.Final/netty-common-4.1.30.Final.jar:/home/user/.m2/repository/io/netty/netty-buffer/4.1.30.Final/netty-buffer-4.1.30.Final.jar:/home/user/.m2/repository/io/netty/netty-transport/4.1.30.Final/netty-transport-4.1.30.Final.jar:/home/user/.m2/repository/io/netty/netty-resolver/4.1.30.Final/netty-resolver-4.1.30.Final.jar:/home/user/.m2/repository/io/netty/netty-transport-native-unix-common/4.1.30.Final/netty-transport-native-unix-common-4.1.30.Final.jar:/home/user/.m2/repository/io/grpc/grpc-protobuf/1.17.1/grpc-protobuf-1.17.1.jar:/home/user/.m2/repository/com/google/api/grpc/proto-google-common-protos/1.0.0/proto-google-common-protos-1.0.0.jar:/home/user/.m2/repository/io/grpc/grpc-protobuf-lite/1.17.1/grpc-protobuf-lite-1.17.1.jar:/home/user/.m2/repository/io/grpc/grpc-stub/1.17.1/grpc-stub-1.17.1.jar:/home/user/.m2/repository/org/apache/hadoop/hadoop-ozone-recon/0.4.1-SNAPSHOT/hadoop-ozone-recon-0.4.1-SNAPSHOT.jar:/home/user/.m2/repository/org/apache/hadoop/hadoop-ozone-reconcodegen/0.4.1-SNAPSHOT/hadoop-ozone-reconcodegen-0.4.1-SNAPSHOT.jar:/home/user/.m2/repository/com/google/inject/extensions/guice-multibindings/4.0/guice-multibindings-4.0.jar:/home/user/.m2/repository/com/google/inject/guice/4.0/guice-4.0.jar:/home/user/.m2/repository/aopalliance/aopalliance/1.0/aopalliance-1.0.jar:/home/user/.m2/repository/com/google/inject/extensions/guice-servlet/4.0/guice-servlet-4.0.jar:/home/user/.m2/repository/org/glassfish/jersey/containers/jersey-container-servlet/2.27/jersey-container-servlet-2.27.jar:/home/user/.m2/repository/org/glassfish/hk2/guice-bridge/2.5.0/guice-bridge-2.5.0.jar:/home/user/.m2/repository/org/glassfish/jersey/core/jersey-server/2.27/jersey-server-2.27.jar:/home/user/.m2/repository/org/glassfish/jersey/core/jersey-client/2.27/jersey-client-2.27.jar:/home/user/.m2/repository/org/glassfish/jersey/media/jersey-media-jaxb/2.27/jersey-media-jaxb-2.27.jar:/home/user/.m2/repository/javax/validation/validation-api/1.1.0.Final/validation-api-1.1.0.Final.jar:/home/user/.m2/repository/org/glassfish/jersey/media/jersey-media-json-jackson/2.27/jersey-media-json-jackson-2.27.jar:/home/user/.m2/repository/org/glassfish/jersey/ext/jersey-entity-filtering/2.27/jersey-entity-filtering-2.27.jar:/home/user/.m2/repository/com/google/inject/extensions/guice-assistedinject/4.0/guice-assistedinject-4.0.jar:/home/user/.m2/repository/org/jooq/jooq/3.11.10/jooq-3.11.10.jar:/home/user/.m2/repository/org/jooq/jooq-meta/3.11.10/jooq-meta-3.11.10.jar:/home/user/.m2/repository/org/jooq/jooq-codegen/3.11.10/jooq-codegen-3.11.10.jar:/home/user/.m2/repository/com/jolbox/bonecp/0.8.0.RELEASE/bonecp-0.8.0.RELEASE.jar:/home/user/.m2/repository/org/xerial/sqlite-jdbc/3.25.2/sqlite-jdbc-3.25.2.jar:/home/user/.m2/repository/org/springframework/spring-jdbc/5.1.3.RELEASE/spring-jdbc-5.1.3.RELEASE.jar:/home/user/.m2/repository/org/springframework/spring-beans/5.1.3.RELEASE/spring-beans-5.1.3.RELEASE.jar:/home/user/.m2/repository/org/springframework/spring-core/5.1.3.RELEASE/spring-core-5.1.3.RELEASE.jar:/home/user/.m2/repository/org/springframework/spring-jcl/5.1.3.RELEASE/spring-jcl-5.1.3.RELEASE.jar:/home/user/.m2/repository/org/springframework/spring-tx/5.1.3.RELEASE/spring-tx-5.1.3.RELEASE.jar:/home/user/.m2/repository/org/apache/hadoop/hadoop-ozone-client/0.4.1-SNAPSHOT/hadoop-ozone-client-0.4.1-SNAPSHOT.jar:/home/user/.m2/repository/commons-lang/commons-lang/2.6/commons-lang-2.6.jar:/home/user/.m2/repository/org/apache/hadoop/hadoop-ozone-ozone-manager/0.4.1-SNAPSHOT/hadoop-ozone-ozone-manager-0.4.1-SNAPSHOT-tests.jar:/home/user/.m2/repository/junit/junit/4.11/junit-4.11.jar:/home/user/.m2/repository/org/hamcrest/hamcrest-core/1.3/hamcrest-core-1.3.jar:/home/user/.m2/repository/org/openjdk/jmh/jmh-core/1.19/jmh-core-1.19.jar:/home/user/.m2/repository/net/sf/jopt-simple/jopt-simple/4.6/jopt-simple-4.6.jar:/home/user/.m2/repository/org/apache/commons/commons-math3/3.1.1/commons-math3-3.1.1.jar:/home/user/.m2/repository/org/openjdk/jmh/jmh-generator-annprocess/1.19/jmh-generator-annprocess-1.19.jar:/home/user/.m2/repository/org/mockito/mockito-all/1.8.5/mockito-all-1.8.5.jar:/home/user/.m2/repository/org/apache/hadoop/hadoop-kms/3.2.0/hadoop-kms-3.2.0.jar:/home/user/.m2/repository/org/apache/hadoop/hadoop-auth/3.2.0/hadoop-auth-3.2.0.jar:/home/user/.m2/repository/com/nimbusds/nimbus-jose-jwt/4.41.1/nimbus-jose-jwt-4.41.1.jar:/home/user/.m2/repository/com/github/stephenc/jcip/jcip-annotations/1.0-1/jcip-annotations-1.0-1.jar:/home/user/.m2/repository/net/minidev/json-smart/2.3/json-smart-2.3.jar:/home/user/.m2/repository/net/minidev/accessors-smart/1.2/accessors-smart-1.2.jar:/home/user/.m2/repository/org/ow2/asm/asm/5.0.4/asm-5.0.4.jar:/home/user/.m2/repository/org/apache/curator/curator-framework/2.12.0/curator-framework-2.12.0.jar:/home/user/.m2/repository/com/sun/jersey/jersey-core/1.19/jersey-core-1.19.jar:/home/user/.m2/repository/javax/ws/rs/jsr311-api/1.1.1/jsr311-api-1.1.1.jar:/home/user/.m2/repository/com/sun/jersey/jersey-server/1.19/jersey-server-1.19.jar:/home/user/.m2/repository/javax/servlet/javax.servlet-api/3.1.0/javax.servlet-api-3.1.0.jar:/home/user/.m2/repository/org/eclipse/jetty/jetty-server/9.3.24.v20180605/jetty-server-9.3.24.v20180605.jar:/home/user/.m2/repository/org/eclipse/jetty/jetty-http/9.3.24.v20180605/jetty-http-9.3.24.v20180605.jar:/home/user/.m2/repository/org/eclipse/jetty/jetty-io/9.3.24.v20180605/jetty-io-9.3.24.v20180605.jar:/home/user/.m2/repository/org/eclipse/jetty/jetty-webapp/9.3.24.v20180605/jetty-webapp-9.3.24.v20180605.jar:/home/user/.m2/repository/org/eclipse/jetty/jetty-xml/9.3.24.v20180605/jetty-xml-9.3.24.v20180605.jar:/home/user/.m2/repository/log4j/log4j/1.2.17/log4j-1.2.17.jar:/home/user/.m2/repository/org/slf4j/slf4j-api/1.7.25/slf4j-api-1.7.25.jar:/home/user/.m2/repository/org/slf4j/jul-to-slf4j/1.7.25/jul-to-slf4j-1.7.25.jar:/home/user/.m2/repository/org/eclipse/jetty/jetty-util/9.3.24.v20180605/jetty-util-9.3.24.v20180605.jar:/home/user/.m2/repository/com/fasterxml/jackson/core/jackson-databind/2.9.5/jackson-databind-2.9.5.jar:/home/user/.m2/repository/org/apache/hadoop/hadoop-kms/3.2.0/hadoop-kms-3.2.0-tests.jar:/home/user/.m2/repository/org/apache/hadoop/hadoop-hdds-server-scm/0.4.1-SNAPSHOT/hadoop-hdds-server-scm-0.4.1-SNAPSHOT-tests.jar:/home/user/.m2/repository/org/apache/hadoop/hadoop-hdds-container-service/0.4.1-SNAPSHOT/hadoop-hdds-container-service-0.4.1-SNAPSHOT-tests.jar:/home/user/.m2/repository/org/yaml/snakeyaml/1.16/snakeyaml-1.16.jar:/home/user/.m2/repository/org/apache/hadoop/hadoop-common/3.2.0/hadoop-common-3.2.0-tests.jar:/home/user/.m2/repository/org/apache/hadoop/hadoop-annotations/3.2.0/hadoop-annotations-3.2.0.jar:/usr/lib/jvm/java-1.8-openjdk/jre/../lib/tools.jar:/home/user/.m2/repository/commons-cli/commons-cli/1.2/commons-cli-1.2.jar:/home/user/.m2/repository/org/apache/httpcomponents/httpclient/4.5.2/httpclient-4.5.2.jar:/home/user/.m2/repository/org/apache/httpcomponents/httpcore/4.4.4/httpcore-4.4.4.jar:/home/user/.m2/repository/commons-codec/commons-codec/1.11/commons-codec-1.11.jar:/home/user/.m2/repository/commons-net/commons-net/3.6/commons-net-3.6.jar:/home/user/.m2/repository/commons-collections/commons-collections/3.2.2/commons-collections-3.2.2.jar:/home/user/.m2/repository/org/eclipse/jetty/jetty-servlet/9.3.24.v20180605/jetty-servlet-9.3.24.v20180605.jar:/home/user/.m2/repository/org/eclipse/jetty/jetty-security/9.3.24.v20180605/jetty-security-9.3.24.v20180605.jar:/home/user/.m2/repository/javax/servlet/jsp/jsp-api/2.1/jsp-api-2.1.jar:/home/user/.m2/repository/com/sun/jersey/jersey-servlet/1.19/jersey-servlet-1.19.jar:/home/user/.m2/repository/com/sun/jersey/jersey-json/1.19/jersey-json-1.19.jar:/home/user/.m2/repository/org/codehaus/jettison/jettison/1.1/jettison-1.1.jar:/home/user/.m2/repository/org/codehaus/jackson/jackson-core-asl/1.9.13/jackson-core-asl-1.9.13.jar:/home/user/.m2/repository/org/codehaus/jackson/jackson-mapper-asl/1.9.13/jackson-mapper-asl-1.9.13.jar:/home/user/.m2/repository/org/codehaus/jackson/jackson-jaxrs/1.9.13/jackson-jaxrs-1.9.13.jar:/home/user/.m2/repository/org/codehaus/jackson/jackson-xc/1.9.13/jackson-xc-1.9.13.jar:/home/user/.m2/repository/commons-logging/commons-logging/1.1.3/commons-logging-1.1.3.jar:/home/user/.m2/repository/commons-beanutils/commons-beanutils/1.9.3/commons-beanutils-1.9.3.jar:/home/user/.m2/repository/org/apache/commons/commons-configuration2/2.1.1/commons-configuration2-2.1.1.jar:/home/user/.m2/repository/org/apache/commons/commons-lang3/3.7/commons-lang3-3.7.jar:/home/user/.m2/repository/org/apache/commons/commons-text/1.4/commons-text-1.4.jar:/home/user/.m2/repository/org/apache/avro/avro/1.7.7/avro-1.7.7.jar:/home/user/.m2/repository/com/thoughtworks/paranamer/paranamer/2.3/paranamer-2.3.jar:/home/user/.m2/repository/org/xerial/snappy/snappy-java/1.0.5/snappy-java-1.0.5.jar:/home/user/.m2/repository/com/google/re2j/re2j/1.1/re2j-1.1.jar:/home/user/.m2/repository/com/google/code/gson/gson/2.2.4/gson-2.2.4.jar:/home/user/.m2/repository/com/jcraft/jsch/0.1.54/jsch-0.1.54.jar:/home/user/.m2/repository/org/apache/curator/curator-client/2.12.0/curator-client-2.12.0.jar:/home/user/.m2/repository/org/apache/curator/curator-recipes/2.12.0/curator-recipes-2.12.0.jar:/home/user/.m2/repository/com/google/code/findbugs/jsr305/3.0.0/jsr305-3.0.0.jar:/home/user/.m2/repository/org/apache/htrace/htrace-core4/4.1.0-incubating/htrace-core4-4.1.0-incubating.jar:/home/user/.m2/repository/org/apache/zookeeper/zookeeper/3.4.13/zookeeper-3.4.13.jar:/home/user/.m2/repository/org/apache/yetus/audience-annotations/0.5.0/audience-annotations-0.5.0.jar:/home/user/.m2/repository/org/codehaus/woodstox/stax2-api/3.1.4/stax2-api-3.1.4.jar:/home/user/.m2/repository/com/fasterxml/woodstox/woodstox-core/5.0.3/woodstox-core-5.0.3.jar:/home/user/.m2/repository/dnsjava/dnsjava/2.1.7/dnsjava-2.1.7.jar:/home/user/.m2/repository/org/apache/hadoop/hadoop-hdfs/3.2.0/hadoop-hdfs-3.2.0-tests.jar:/home/user/.m2/repository/org/eclipse/jetty/jetty-util-ajax/9.3.24.v20180605/jetty-util-ajax-9.3.24.v20180605.jar:/home/user/.m2/repository/commons-daemon/commons-daemon/1.0.13/commons-daemon-1.0.13.jar:/home/user/.m2/repository/io/netty/netty/3.10.5.Final/netty-3.10.5.Final.jar:/home/user/.m2/repository/io/netty/netty-all/4.0.52.Final/netty-all-4.0.52.Final.jar:/home/user/.m2/repository/org/fusesource/leveldbjni/leveldbjni-all/1.8/leveldbjni-all-1.8.jar:"/>
    <property name="sun.cpu.endian" value="little"/>
    <property name="user.home" value="/home/user"/>
    <property name="user.language" value="en"/>
    <property name="java.specification.vendor" value="Oracle Corporation"/>
    <property name="java.home" value="/usr/lib/jvm/java-1.8-openjdk/jre"/>
    <property name="java.security.krb5.conf" value="/workdir/hadoop-ozone/integration-test/target/test-classes/krb5.conf"/>
    <property name="basedir" value="/workdir/hadoop-ozone/integration-test"/>
    <property name="file.separator" value="/"/>
    <property name="line.separator" value="&#10;"/>
    <property name="java.vm.specification.vendor" value="Oracle Corporation"/>
    <property name="java.specification.name" value="Java Platform API Specification"/>
    <property name="java.awt.graphicsenv" value="sun.awt.X11GraphicsEnvironment"/>
    <property name="surefire.real.class.path" value="/workdir/hadoop-ozone/integration-test/target/surefire/surefirebooter7625581118343270312.jar"/>
    <property name="hadoop.log.dir" value="/workdir/hadoop-ozone/integration-test/target/log"/>
    <property name="sun.boot.class.path" value="/usr/lib/jvm/java-1.8-openjdk/jre/lib/resources.jar:/usr/lib/jvm/java-1.8-openjdk/jre/lib/rt.jar:/usr/lib/jvm/java-1.8-openjdk/jre/lib/sunrsasign.jar:/usr/lib/jvm/java-1.8-openjdk/jre/lib/jsse.jar:/usr/lib/jvm/java-1.8-openjdk/jre/lib/jce.jar:/usr/lib/jvm/java-1.8-openjdk/jre/lib/charsets.jar:/usr/lib/jvm/java-1.8-openjdk/jre/lib/jfr.jar:/usr/lib/jvm/java-1.8-openjdk/jre/classes"/>
    <property name="sun.management.compiler" value="HotSpot 64-Bit Tiered Compilers"/>
    <property name="java.runtime.version" value="1.8.0_212-b04"/>
    <property name="java.net.preferIPv4Stack" value="true"/>
    <property name="user.name" value="jenkins1000"/>
    <property name="path.separator" value=":"/>
    <property name="java.security.egd" value="file:///dev/urandom"/>
    <property name="os.version" value="3.10.0-957.12.2.el7.x86_64"/>
    <property name="java.endorsed.dirs" value="/usr/lib/jvm/java-1.8-openjdk/jre/lib/endorsed"/>
    <property name="java.runtime.name" value="OpenJDK Runtime Environment"/>
    <property name="file.encoding" value="UTF-8"/>
    <property name="java.vm.name" value="OpenJDK 64-Bit Server VM"/>
    <property name="test.build.webapps" value=""/>
    <property name="localRepository" value="/home/user/.m2/repository"/>
    <property name="java.vendor.url.bug" value="https://icedtea.classpath.org/bugzilla"/>
    <property name="java.io.tmpdir" value="/tmp"/>
    <property name="require.test.libhadoop" value=""/>
    <property name="java.version" value="1.8.0_212"/>
    <property name="user.dir" value="/workdir/hadoop-ozone/integration-test"/>
    <property name="os.arch" value="amd64"/>
    <property name="java.vm.specification.name" value="Java Virtual Machine Specification"/>
    <property name="test.build.classes" value="/workdir/hadoop-ozone/integration-test/target/test-classes"/>
    <property name="java.awt.printerjob" value="sun.print.PSPrinterJob"/>
    <property name="sun.os.patch.level" value="unknown"/>
    <property name="hadoop.tmp.dir" value="/workdir/hadoop-ozone/integration-test/target/tmp"/>
    <property name="java.library.path" value="/usr/lib/jvm/java-1.8-openjdk/jre/lib/amd64/server:/usr/lib/jvm/java-1.8-openjdk/jre/lib/amd64:/usr/lib/jvm/java-1.8-openjdk/jre/../lib/amd64:/workdir/hadoop-ozone/integration-test/target/native/target/usr/local/lib:/workdir/hadoop-ozone/integration-test/../../hadoop-common-project/hadoop-common/target/native/target/usr/local/lib:/usr/java/packages/lib/amd64:/usr/lib64:/lib64:/lib:/usr/lib"/>
    <property name="java.vm.info" value="mixed mode"/>
    <property name="java.vendor" value="IcedTea"/>
    <property name="java.vm.version" value="25.212-b04"/>
    <property name="java.ext.dirs" value="/usr/lib/jvm/java-1.8-openjdk/jre/lib/ext:/usr/java/packages/lib/ext"/>
    <property name="sun.io.unicode.encoding" value="UnicodeLittle"/>
    <property name="java.class.version" value="52.0"/>
  </properties>
  <testcase name="testMultiBlockWritesWithDnFailures" classname="org.apache.hadoop.ozone.client.rpc.TestMultiBlockWritesWithDnFailures" time="31.921">
    <error message="Allocated 0 blocks. Requested 1 blocks" type="INTERNAL_ERROR org.apache.hadoop.ozone.om.exceptions.OMException">INTERNAL_ERROR org.apache.hadoop.ozone.om.exceptions.OMException: Allocated 0 blocks. Requested 1 blocks
	at org.apache.hadoop.ozone.om.protocolPB.OzoneManagerProtocolClientSideTranslatorPB.handleError(OzoneManagerProtocolClientSideTranslatorPB.java:720)
	at org.apache.hadoop.ozone.om.protocolPB.OzoneManagerProtocolClientSideTranslatorPB.allocateBlock(OzoneManagerProtocolClientSideTranslatorPB.java:752)
	at org.apache.hadoop.ozone.client.io.BlockOutputStreamEntryPool.allocateNewBlock(BlockOutputStreamEntryPool.java:248)
	at org.apache.hadoop.ozone.client.io.BlockOutputStreamEntryPool.allocateBlockIfNeeded(BlockOutputStreamEntryPool.java:296)
	at org.apache.hadoop.ozone.client.io.KeyOutputStream.handleWrite(KeyOutputStream.java:201)
	at org.apache.hadoop.ozone.client.io.KeyOutputStream.handleRetry(KeyOutputStream.java:376)
	at org.apache.hadoop.ozone.client.io.KeyOutputStream.handleException(KeyOutputStream.java:325)
	at org.apache.hadoop.ozone.client.io.KeyOutputStream.handleWrite(KeyOutputStream.java:231)
	at org.apache.hadoop.ozone.client.io.KeyOutputStream.write(KeyOutputStream.java:193)
	at org.apache.hadoop.ozone.client.io.OzoneOutputStream.write(OzoneOutputStream.java:49)
	at java.io.OutputStream.write(OutputStream.java:75)
	at org.apache.hadoop.ozone.client.rpc.TestMultiBlockWritesWithDnFailures.testMultiBlockWritesWithDnFailures(TestMultiBlockWritesWithDnFailures.java:144)
	at sun.reflect.NativeMethodAccessorImpl.invoke0(Native Method)
	at sun.reflect.NativeMethodAccessorImpl.invoke(NativeMethodAccessorImpl.java:62)
	at sun.reflect.DelegatingMethodAccessorImpl.invoke(DelegatingMethodAccessorImpl.java:43)
	at java.lang.reflect.Method.invoke(Method.java:498)
	at org.junit.runners.model.FrameworkMethod$1.runReflectiveCall(FrameworkMethod.java:47)
	at org.junit.internal.runners.model.ReflectiveCallable.run(ReflectiveCallable.java:12)
	at org.junit.runners.model.FrameworkMethod.invokeExplosively(FrameworkMethod.java:44)
	at org.junit.internal.runners.statements.InvokeMethod.evaluate(InvokeMethod.java:17)
	at org.junit.runners.ParentRunner.runLeaf(ParentRunner.java:271)
	at org.junit.runners.BlockJUnit4ClassRunner.runChild(BlockJUnit4ClassRunner.java:70)
	at org.junit.runners.BlockJUnit4ClassRunner.runChild(BlockJUnit4ClassRunner.java:50)
	at org.junit.runners.ParentRunner$3.run(ParentRunner.java:238)
	at org.junit.runners.ParentRunner$1.schedule(ParentRunner.java:63)
	at org.junit.runners.ParentRunner.runChildren(ParentRunner.java:236)
	at org.junit.runners.ParentRunner.access$000(ParentRunner.java:53)
	at org.junit.runners.ParentRunner$2.evaluate(ParentRunner.java:229)
	at org.junit.runners.ParentRunner.run(ParentRunner.java:309)
	at org.apache.maven.surefire.junit4.JUnit4Provider.execute(JUnit4Provider.java:365)
	at org.apache.maven.surefire.junit4.JUnit4Provider.executeWithRerun(JUnit4Provider.java:273)
	at org.apache.maven.surefire.junit4.JUnit4Provider.executeTestSet(JUnit4Provider.java:238)
	at org.apache.maven.surefire.junit4.JUnit4Provider.invoke(JUnit4Provider.java:159)
	at org.apache.maven.surefire.booter.ForkedBooter.invokeProviderInSameClassLoader(ForkedBooter.java:384)
	at org.apache.maven.surefire.booter.ForkedBooter.runSuitesInProcess(ForkedBooter.java:345)
	at org.apache.maven.surefire.booter.ForkedBooter.execute(ForkedBooter.java:126)
	at org.apache.maven.surefire.booter.ForkedBooter.main(ForkedBooter.java:418)
</error>
    <system-out><![CDATA[2019-08-09 03:51:21,274 WARN  server.ServerUtils (ServerUtils.java:getScmDbDir(145)) - ozone.scm.db.dirs is not configured. We recommend adding this setting. Falling back to ozone.metadata.dirs instead.
2019-08-09 03:51:21,381 WARN  server.ServerUtils (ServerUtils.java:getScmDbDir(145)) - ozone.scm.db.dirs is not configured. We recommend adding this setting. Falling back to ozone.metadata.dirs instead.
2019-08-09 03:51:21,384 WARN  server.ServerUtils (ServerUtils.java:getScmDbDir(145)) - ozone.scm.db.dirs is not configured. We recommend adding this setting. Falling back to ozone.metadata.dirs instead.
2019-08-09 03:51:21,400 INFO  util.log (Log.java:initialized(192)) - Logging initialized @851ms
2019-08-09 03:51:21,500 INFO  db.DBStoreBuilder (DBStoreBuilder.java:addTable(110)) - using custom profile for table: deletedBlocks
2019-08-09 03:51:21,500 INFO  db.DBStoreBuilder (DBStoreBuilder.java:processTables(161)) - Using default column profile:DBProfile.DISK for Table:deletedBlocks
2019-08-09 03:51:21,501 INFO  db.DBStoreBuilder (DBStoreBuilder.java:addTable(110)) - using custom profile for table: validCerts
2019-08-09 03:51:21,501 INFO  db.DBStoreBuilder (DBStoreBuilder.java:processTables(161)) - Using default column profile:DBProfile.DISK for Table:validCerts
2019-08-09 03:51:21,501 INFO  db.DBStoreBuilder (DBStoreBuilder.java:addTable(110)) - using custom profile for table: revokedCerts
2019-08-09 03:51:21,501 INFO  db.DBStoreBuilder (DBStoreBuilder.java:processTables(161)) - Using default column profile:DBProfile.DISK for Table:revokedCerts
2019-08-09 03:51:21,510 INFO  db.DBStoreBuilder (DBStoreBuilder.java:addTable(110)) - using custom profile for table: default
2019-08-09 03:51:21,511 INFO  db.DBStoreBuilder (DBStoreBuilder.java:processTables(167)) - Using default column profile:DBProfile.DISK for Table:default
2019-08-09 03:51:21,511 INFO  db.DBStoreBuilder (DBStoreBuilder.java:getDbProfile(198)) - Using default options. DBProfile.DISK
2019-08-09 03:51:21,719 INFO  net.NodeSchemaLoader (NodeSchemaLoader.java:loadSchemaFromFile(125)) - Loading file from sun.misc.CompoundEnumeration@7193666c
2019-08-09 03:51:21,722 INFO  net.NodeSchemaLoader (NodeSchemaLoader.java:loadSchema(171)) - Loading network topology layer schema file
2019-08-09 03:51:21,827 INFO  node.SCMNodeManager (SCMNodeManager.java:<init>(121)) - Entering startup safe mode.
2019-08-09 03:51:21,915 WARN  server.ServerUtils (ServerUtils.java:getScmDbDir(145)) - ozone.scm.db.dirs is not configured. We recommend adding this setting. Falling back to ozone.metadata.dirs instead.
2019-08-09 03:51:22,017 INFO  pipeline.SCMPipelineManager (SCMPipelineManager.java:initializePipelineState(126)) - No pipeline exists in current db
2019-08-09 03:51:22,022 WARN  server.ServerUtils (ServerUtils.java:getScmDbDir(145)) - ozone.scm.db.dirs is not configured. We recommend adding this setting. Falling back to ozone.metadata.dirs instead.
2019-08-09 03:51:22,161 WARN  events.EventQueue (EventQueue.java:fireEvent(175)) - No event handler registered for event TypedEvent{payloadType=SafeModeStatus, name='SafeModeStatus'}
2019-08-09 03:51:22,535 INFO  ipc.CallQueueManager (CallQueueManager.java:<init>(84)) - Using callQueue: class java.util.concurrent.LinkedBlockingQueue, queueCapacity: 2000, scheduler: class org.apache.hadoop.ipc.DefaultRpcScheduler, ipcBackoff: false.
2019-08-09 03:51:22,562 INFO  ipc.Server (Server.java:run(1074)) - Starting Socket Reader #1 for port 36695
2019-08-09 03:51:22,584 INFO  ipc.CallQueueManager (CallQueueManager.java:<init>(84)) - Using callQueue: class java.util.concurrent.LinkedBlockingQueue, queueCapacity: 2000, scheduler: class org.apache.hadoop.ipc.DefaultRpcScheduler, ipcBackoff: false.
2019-08-09 03:51:22,586 INFO  ipc.Server (Server.java:run(1074)) - Starting Socket Reader #1 for port 44436
2019-08-09 03:51:22,592 INFO  ipc.CallQueueManager (CallQueueManager.java:<init>(84)) - Using callQueue: class java.util.concurrent.LinkedBlockingQueue, queueCapacity: 2000, scheduler: class org.apache.hadoop.ipc.DefaultRpcScheduler, ipcBackoff: false.
2019-08-09 03:51:22,593 INFO  ipc.Server (Server.java:run(1074)) - Starting Socket Reader #1 for port 34881
2019-08-09 03:51:22,720 INFO  hdfs.DFSUtil (DFSUtil.java:httpServerTemplateForNNAndJN(1641)) - Starting Web-server for scm at: http://0.0.0.0:0
2019-08-09 03:51:22,910 INFO  server.AuthenticationFilter (AuthenticationFilter.java:constructSecretProvider(240)) - Unable to initialize FileSignerSecretProvider, falling back to use random secrets.
2019-08-09 03:51:22,923 WARN  http.HttpRequestLog (HttpRequestLog.java:getRequestLog(97)) - Jetty request log can only be enabled using Log4j
2019-08-09 03:51:22,936 INFO  http.HttpServer2 (HttpServer2.java:addGlobalFilter(975)) - Added global filter 'safety' (class=org.apache.hadoop.http.HttpServer2$QuotingInputFilter)
2019-08-09 03:51:22,940 INFO  http.HttpServer2 (HttpServer2.java:addFilter(948)) - Added filter static_user_filter (class=org.apache.hadoop.http.lib.StaticUserWebFilter$StaticUserFilter) to context scm
2019-08-09 03:51:22,940 INFO  http.HttpServer2 (HttpServer2.java:addFilter(958)) - Added filter static_user_filter (class=org.apache.hadoop.http.lib.StaticUserWebFilter$StaticUserFilter) to context logs
2019-08-09 03:51:22,940 INFO  http.HttpServer2 (HttpServer2.java:addFilter(958)) - Added filter static_user_filter (class=org.apache.hadoop.http.lib.StaticUserWebFilter$StaticUserFilter) to context static
2019-08-09 03:51:22,976 INFO  server.StorageContainerManager (StorageContainerManager.java:start(759)) - StorageContainerLocationProtocol RPC server is listening at /0.0.0.0:34881
2019-08-09 03:51:23,061 WARN  impl.MetricsConfig (MetricsConfig.java:loadFirst(134)) - Cannot locate configuration: tried hadoop-metrics2-storagecontainermanager.properties,hadoop-metrics2.properties
2019-08-09 03:51:23,077 INFO  impl.MetricsSystemImpl (MetricsSystemImpl.java:startTimer(374)) - Scheduled Metric snapshot period at 10 second(s).
2019-08-09 03:51:23,078 INFO  impl.MetricsSystemImpl (MetricsSystemImpl.java:start(191)) - StorageContainerManager metrics system started
2019-08-09 03:51:23,301 INFO  server.SCMClientProtocolServer (SCMClientProtocolServer.java:start(151)) - RPC server for Client  is listening at /0.0.0.0:34881
2019-08-09 03:51:23,303 INFO  ipc.Server (Server.java:run(1314)) - IPC Server Responder: starting
2019-08-09 03:51:23,303 INFO  ipc.Server (Server.java:run(1153)) - IPC Server listener on 34881: starting
2019-08-09 03:51:23,307 INFO  server.StorageContainerManager (StorageContainerManager.java:start(769)) - ScmBlockLocationProtocol RPC server is listening at /0.0.0.0:44436
2019-08-09 03:51:23,307 INFO  server.SCMBlockProtocolServer (SCMBlockProtocolServer.java:start(140)) - RPC server for Block Protocol is listening at /0.0.0.0:44436
2019-08-09 03:51:23,308 INFO  ipc.Server (Server.java:run(1314)) - IPC Server Responder: starting
2019-08-09 03:51:23,308 INFO  ipc.Server (Server.java:run(1153)) - IPC Server listener on 44436: starting
2019-08-09 03:51:23,316 INFO  server.StorageContainerManager (StorageContainerManager.java:start(773)) - ScmDatanodeProtocl RPC server is listening at /0.0.0.0:36695
2019-08-09 03:51:23,317 INFO  server.SCMDatanodeProtocolServer (SCMDatanodeProtocolServer.java:start(191)) - RPC server for DataNodes is listening at /0.0.0.0:36695
2019-08-09 03:51:23,318 INFO  ipc.Server (Server.java:run(1314)) - IPC Server Responder: starting
2019-08-09 03:51:23,319 INFO  ipc.Server (Server.java:run(1153)) - IPC Server listener on 36695: starting
2019-08-09 03:51:23,332 INFO  http.HttpServer2 (HttpServer2.java:bindListener(1191)) - Jetty bound to port 36433
2019-08-09 03:51:23,334 INFO  server.Server (Server.java:doStart(351)) - jetty-9.3.24.v20180605, build timestamp: 2018-06-05T17:11:56Z, git hash: 84205aa28f11a4f31f2a3b86d1bba2cc8ab69827
2019-08-09 03:51:23,373 INFO  handler.ContextHandler (ContextHandler.java:doStart(781)) - Started o.e.j.s.ServletContextHandler@75f95314{/logs,file:///workdir/hadoop-ozone/integration-test/target/log,AVAILABLE}
2019-08-09 03:51:23,374 INFO  handler.ContextHandler (ContextHandler.java:doStart(781)) - Started o.e.j.s.ServletContextHandler@6bbe2511{/static,file:///workdir/hadoop-ozone/integration-test/target/test-classes/webapps/static,AVAILABLE}
2019-08-09 03:51:23,406 INFO  handler.ContextHandler (ContextHandler.java:doStart(781)) - Started o.e.j.w.WebAppContext@285d851a{/,file:///workdir/hadoop-ozone/integration-test/target/test-classes/webapps/scm/,AVAILABLE}{/scm}
2019-08-09 03:51:23,411 INFO  server.AbstractConnector (AbstractConnector.java:doStart(278)) - Started ServerConnector@32232e55{HTTP/1.1,[http/1.1]}{0.0.0.0:36433}
2019-08-09 03:51:23,412 INFO  server.Server (Server.java:doStart(419)) - Started @2863ms
2019-08-09 03:51:23,414 INFO  server.BaseHttpServer (BaseHttpServer.java:updateConnectorAddress(207)) - HTTP server of SCM is listening at http://0.0.0.0:36433
2019-08-09 03:51:23,422 INFO  util.JvmPauseMonitor (JvmPauseMonitor.java:run(188)) - Starting JVM pause monitor
2019-08-09 03:51:23,427 WARN  server.ServerUtils (ServerUtils.java:getDBPath(222)) - ozone.om.db.dirs is not configured. We recommend adding this setting. Falling back to ozone.metadata.dirs instead.
2019-08-09 03:51:23,553 WARN  server.ServerUtils (ServerUtils.java:getDBPath(222)) - ozone.om.db.dirs is not configured. We recommend adding this setting. Falling back to ozone.metadata.dirs instead.
2019-08-09 03:51:23,553 WARN  server.ServerUtils (ServerUtils.java:getDBPath(222)) - ozone.om.db.dirs is not configured. We recommend adding this setting. Falling back to ozone.metadata.dirs instead.
2019-08-09 03:51:23,555 INFO  om.OzoneManager (OzoneManager.java:setOMNodeDetails(644)) - OM Service ID is not set. Setting it to the default ID: omServiceIdDefault
2019-08-09 03:51:23,555 INFO  om.OzoneManager (OzoneManager.java:setOMNodeDetails(650)) - OM Node ID is not set. Setting it to the OmStorage's OmID: 80714d68-33e1-4959-8490-137fda58710b
2019-08-09 03:51:23,556 INFO  om.OzoneManager (OzoneManager.java:loadOMHAConfigs(601)) - Found matching OM address with OMServiceId: null, OMNodeId: null, RPC Address: localhost:0 and Ratis port: 9872
2019-08-09 03:51:24,267 WARN  server.ServerUtils (ServerUtils.java:getDBPath(222)) - ozone.om.db.dirs is not configured. We recommend adding this setting. Falling back to ozone.metadata.dirs instead.
2019-08-09 03:51:24,274 INFO  db.DBStoreBuilder (DBStoreBuilder.java:addTable(110)) - using custom profile for table: userTable
2019-08-09 03:51:24,274 INFO  db.DBStoreBuilder (DBStoreBuilder.java:processTables(161)) - Using default column profile:DBProfile.DISK for Table:userTable
2019-08-09 03:51:24,275 INFO  db.DBStoreBuilder (DBStoreBuilder.java:addTable(110)) - using custom profile for table: volumeTable
2019-08-09 03:51:24,275 INFO  db.DBStoreBuilder (DBStoreBuilder.java:processTables(161)) - Using default column profile:DBProfile.DISK for Table:volumeTable
2019-08-09 03:51:24,275 INFO  db.DBStoreBuilder (DBStoreBuilder.java:addTable(110)) - using custom profile for table: bucketTable
2019-08-09 03:51:24,275 INFO  db.DBStoreBuilder (DBStoreBuilder.java:processTables(161)) - Using default column profile:DBProfile.DISK for Table:bucketTable
2019-08-09 03:51:24,276 INFO  db.DBStoreBuilder (DBStoreBuilder.java:addTable(110)) - using custom profile for table: keyTable
2019-08-09 03:51:24,276 INFO  db.DBStoreBuilder (DBStoreBuilder.java:processTables(161)) - Using default column profile:DBProfile.DISK for Table:keyTable
2019-08-09 03:51:24,276 INFO  db.DBStoreBuilder (DBStoreBuilder.java:addTable(110)) - using custom profile for table: deletedTable
2019-08-09 03:51:24,276 INFO  db.DBStoreBuilder (DBStoreBuilder.java:processTables(161)) - Using default column profile:DBProfile.DISK for Table:deletedTable
2019-08-09 03:51:24,277 INFO  db.DBStoreBuilder (DBStoreBuilder.java:addTable(110)) - using custom profile for table: openKeyTable
2019-08-09 03:51:24,277 INFO  db.DBStoreBuilder (DBStoreBuilder.java:processTables(161)) - Using default column profile:DBProfile.DISK for Table:openKeyTable
2019-08-09 03:51:24,277 INFO  db.DBStoreBuilder (DBStoreBuilder.java:addTable(110)) - using custom profile for table: s3Table
2019-08-09 03:51:24,277 INFO  db.DBStoreBuilder (DBStoreBuilder.java:processTables(161)) - Using default column profile:DBProfile.DISK for Table:s3Table
2019-08-09 03:51:24,278 INFO  db.DBStoreBuilder (DBStoreBuilder.java:addTable(110)) - using custom profile for table: multipartInfoTable
2019-08-09 03:51:24,278 INFO  db.DBStoreBuilder (DBStoreBuilder.java:processTables(161)) - Using default column profile:DBProfile.DISK for Table:multipartInfoTable
2019-08-09 03:51:24,278 INFO  db.DBStoreBuilder (DBStoreBuilder.java:addTable(110)) - using custom profile for table: dTokenTable
2019-08-09 03:51:24,279 INFO  db.DBStoreBuilder (DBStoreBuilder.java:processTables(161)) - Using default column profile:DBProfile.DISK for Table:dTokenTable
2019-08-09 03:51:24,279 INFO  db.DBStoreBuilder (DBStoreBuilder.java:addTable(110)) - using custom profile for table: s3SecretTable
2019-08-09 03:51:24,279 INFO  db.DBStoreBuilder (DBStoreBuilder.java:processTables(161)) - Using default column profile:DBProfile.DISK for Table:s3SecretTable
2019-08-09 03:51:24,279 INFO  db.DBStoreBuilder (DBStoreBuilder.java:addTable(110)) - using custom profile for table: prefixTable
2019-08-09 03:51:24,280 INFO  db.DBStoreBuilder (DBStoreBuilder.java:processTables(161)) - Using default column profile:DBProfile.DISK for Table:prefixTable
2019-08-09 03:51:24,280 INFO  db.DBStoreBuilder (DBStoreBuilder.java:addTable(110)) - using custom profile for table: default
2019-08-09 03:51:24,280 INFO  db.DBStoreBuilder (DBStoreBuilder.java:processTables(167)) - Using default column profile:DBProfile.DISK for Table:default
2019-08-09 03:51:24,280 INFO  db.DBStoreBuilder (DBStoreBuilder.java:getDbProfile(198)) - Using default options. DBProfile.DISK
2019-08-09 03:51:24,786 INFO  ipc.CallQueueManager (CallQueueManager.java:<init>(84)) - Using callQueue: class java.util.concurrent.LinkedBlockingQueue, queueCapacity: 2000, scheduler: class org.apache.hadoop.ipc.DefaultRpcScheduler, ipcBackoff: false.
2019-08-09 03:51:24,787 INFO  ipc.Server (Server.java:run(1074)) - Starting Socket Reader #1 for port 34902
2019-08-09 03:51:24,807 INFO  om.OzoneManager (OzoneManager.java:start(1255)) - OzoneManager RPC server is listening at localhost/127.0.0.1:34902
2019-08-09 03:51:24,807 INFO  impl.MetricsSystemImpl (MetricsSystemImpl.java:init(158)) - OzoneManager metrics system started (again)
2019-08-09 03:51:24,809 INFO  ipc.Server (Server.java:run(1314)) - IPC Server Responder: starting
2019-08-09 03:51:24,810 INFO  ipc.Server (Server.java:run(1153)) - IPC Server listener on 34902: starting
2019-08-09 03:51:24,825 INFO  hdfs.DFSUtil (DFSUtil.java:httpServerTemplateForNNAndJN(1641)) - Starting Web-server for ozoneManager at: http://0.0.0.0:0
2019-08-09 03:51:24,828 INFO  server.AuthenticationFilter (AuthenticationFilter.java:constructSecretProvider(240)) - Unable to initialize FileSignerSecretProvider, falling back to use random secrets.
2019-08-09 03:51:24,828 WARN  http.HttpRequestLog (HttpRequestLog.java:getRequestLog(97)) - Jetty request log can only be enabled using Log4j
2019-08-09 03:51:24,832 INFO  http.HttpServer2 (HttpServer2.java:addGlobalFilter(975)) - Added global filter 'safety' (class=org.apache.hadoop.http.HttpServer2$QuotingInputFilter)
2019-08-09 03:51:24,833 INFO  http.HttpServer2 (HttpServer2.java:addFilter(948)) - Added filter static_user_filter (class=org.apache.hadoop.http.lib.StaticUserWebFilter$StaticUserFilter) to context ozoneManager
2019-08-09 03:51:24,833 INFO  http.HttpServer2 (HttpServer2.java:addFilter(958)) - Added filter static_user_filter (class=org.apache.hadoop.http.lib.StaticUserWebFilter$StaticUserFilter) to context static
2019-08-09 03:51:24,834 INFO  http.HttpServer2 (HttpServer2.java:addFilter(958)) - Added filter static_user_filter (class=org.apache.hadoop.http.lib.StaticUserWebFilter$StaticUserFilter) to context logs
2019-08-09 03:51:24,837 INFO  http.HttpServer2 (HttpServer2.java:bindListener(1191)) - Jetty bound to port 40949
2019-08-09 03:51:24,837 INFO  server.Server (Server.java:doStart(351)) - jetty-9.3.24.v20180605, build timestamp: 2018-06-05T17:11:56Z, git hash: 84205aa28f11a4f31f2a3b86d1bba2cc8ab69827
2019-08-09 03:51:24,840 INFO  handler.ContextHandler (ContextHandler.java:doStart(781)) - Started o.e.j.s.ServletContextHandler@7808fb9{/logs,file:///workdir/hadoop-ozone/integration-test/target/log,AVAILABLE}
2019-08-09 03:51:24,841 INFO  handler.ContextHandler (ContextHandler.java:doStart(781)) - Started o.e.j.s.ServletContextHandler@6b580b88{/static,file:///workdir/hadoop-ozone/integration-test/target/test-classes/webapps/static,AVAILABLE}
2019-08-09 03:51:24,849 INFO  handler.ContextHandler (ContextHandler.java:doStart(781)) - Started o.e.j.w.WebAppContext@4a1c0752{/,file:///workdir/hadoop-ozone/integration-test/target/test-classes/webapps/ozoneManager/,AVAILABLE}{/ozoneManager}
2019-08-09 03:51:24,850 INFO  server.AbstractConnector (AbstractConnector.java:doStart(278)) - Started ServerConnector@332f25c8{HTTP/1.1,[http/1.1]}{0.0.0.0:40949}
2019-08-09 03:51:24,851 INFO  server.Server (Server.java:doStart(419)) - Started @4302ms
2019-08-09 03:51:24,852 INFO  server.BaseHttpServer (BaseHttpServer.java:updateConnectorAddress(207)) - HTTP server of OZONEMANAGER is listening at http://0.0.0.0:40949
2019-08-09 03:51:25,197 INFO  impl.MetricsSystemImpl (MetricsSystemImpl.java:init(158)) - HddsDatanode metrics system started (again)
2019-08-09 03:51:25,283 INFO  ozone.HddsDatanodeService (HddsDatanodeService.java:start(184)) - HddsDatanodeService host:byscane-nightly-vbjp7-3883395574 ip:192.168.157.225
2019-08-09 03:51:25,316 INFO  volume.HddsVolume (HddsVolume.java:<init>(176)) - Creating Volume: /workdir/hadoop-ozone/integration-test/target/test-dir/MiniOzoneClusterImpl-ff1f4075-c7da-4dd0-bc05-b1286c81d2a0/datanode-0/data/containers/hdds of  storage type : DISK and capacity : 52710309888
2019-08-09 03:51:25,317 INFO  volume.VolumeSet (VolumeSet.java:initializeVolumeSet(170)) - Added Volume : /workdir/hadoop-ozone/integration-test/target/test-dir/MiniOzoneClusterImpl-ff1f4075-c7da-4dd0-bc05-b1286c81d2a0/datanode-0/data/containers/hdds to VolumeSet
2019-08-09 03:51:25,320 INFO  volume.ThrottledAsyncChecker (ThrottledAsyncChecker.java:schedule(140)) - Scheduling a check for org.apache.hadoop.ozone.container.common.volume.HddsVolume@29a69a35
2019-08-09 03:51:25,338 INFO  volume.HddsVolumeChecker (HddsVolumeChecker.java:checkAllVolumes(203)) - Scheduled health check for volume org.apache.hadoop.ozone.container.common.volume.HddsVolume@29a69a35
2019-08-09 03:51:25,468 INFO  impl.RaftServerProxy (ConfUtils.java:logGet(43)) - raft.rpc.type = GRPC (default)
2019-08-09 03:51:25,532 INFO  grpc.GrpcFactory (GrpcFactory.java:checkPooledByteBufAllocatorUseCacheForAllThreads(45)) - PERFORMANCE WARNING: useCacheForAllThreads is true that may cause Netty to create a lot garbage objects and, as a result, trigger GC.
	It is recommended to disable useCacheForAllThreads by setting -Dorg.apache.ratis.thirdparty.io.netty.allocator.useCacheForAllThreads=false in command line.
2019-08-09 03:51:25,536 INFO  grpc.GrpcConfigKeys$Server (ConfUtils.java:logGet(43)) - raft.grpc.server.port = 0 (default)
2019-08-09 03:51:25,537 INFO  server.GrpcService (ConfUtils.java:logGet(43)) - raft.grpc.message.size.max = 33570816 (custom)
2019-08-09 03:51:25,539 INFO  server.RaftServerConfigKeys (ConfUtils.java:logGet(43)) - raft.server.log.appender.buffer.byte-limit = 33554432 (custom)
2019-08-09 03:51:25,540 INFO  server.GrpcService (ConfUtils.java:logGet(43)) - raft.grpc.flow.control.window = 1MB (=1048576) (default)
2019-08-09 03:51:25,540 INFO  server.RaftServerConfigKeys (ConfUtils.java:logGet(43)) - raft.server.rpc.request.timeout = 3000ms (default)
2019-08-09 03:51:25,718 INFO  server.RaftServerConfigKeys (ConfUtils.java:logGet(43)) - raft.server.storage.dir = [/workdir/hadoop-ozone/integration-test/target/test-dir/MiniOzoneClusterImpl-ff1f4075-c7da-4dd0-bc05-b1286c81d2a0/datanode-0/data/ratis] (custom)
2019-08-09 03:51:25,756 INFO  replication.SimpleContainerDownloader (SimpleContainerDownloader.java:<init>(72)) - Starting container downloader service to copy containers to replicate.
2019-08-09 03:51:25,771 INFO  hdfs.DFSUtil (DFSUtil.java:httpServerTemplateForNNAndJN(1641)) - Starting Web-server for hddsDatanode at: http://0.0.0.0:0
2019-08-09 03:51:25,774 INFO  server.AuthenticationFilter (AuthenticationFilter.java:constructSecretProvider(240)) - Unable to initialize FileSignerSecretProvider, falling back to use random secrets.
2019-08-09 03:51:25,775 WARN  http.HttpRequestLog (HttpRequestLog.java:getRequestLog(97)) - Jetty request log can only be enabled using Log4j
2019-08-09 03:51:25,779 INFO  http.HttpServer2 (HttpServer2.java:addGlobalFilter(975)) - Added global filter 'safety' (class=org.apache.hadoop.http.HttpServer2$QuotingInputFilter)
2019-08-09 03:51:25,780 INFO  http.HttpServer2 (HttpServer2.java:addFilter(948)) - Added filter static_user_filter (class=org.apache.hadoop.http.lib.StaticUserWebFilter$StaticUserFilter) to context hddsDatanode
2019-08-09 03:51:25,780 INFO  http.HttpServer2 (HttpServer2.java:addFilter(958)) - Added filter static_user_filter (class=org.apache.hadoop.http.lib.StaticUserWebFilter$StaticUserFilter) to context logs
2019-08-09 03:51:25,781 INFO  http.HttpServer2 (HttpServer2.java:addFilter(958)) - Added filter static_user_filter (class=org.apache.hadoop.http.lib.StaticUserWebFilter$StaticUserFilter) to context static
2019-08-09 03:51:25,783 INFO  http.HttpServer2 (HttpServer2.java:bindListener(1191)) - Jetty bound to port 44242
2019-08-09 03:51:25,784 INFO  server.Server (Server.java:doStart(351)) - jetty-9.3.24.v20180605, build timestamp: 2018-06-05T17:11:56Z, git hash: 84205aa28f11a4f31f2a3b86d1bba2cc8ab69827
2019-08-09 03:51:25,787 INFO  handler.ContextHandler (ContextHandler.java:doStart(781)) - Started o.e.j.s.ServletContextHandler@65c33b92{/logs,file:///workdir/hadoop-ozone/integration-test/target/log,AVAILABLE}
2019-08-09 03:51:25,788 INFO  handler.ContextHandler (ContextHandler.java:doStart(781)) - Started o.e.j.s.ServletContextHandler@4e08acf9{/static,jar:file:/home/user/.m2/repository/org/apache/hadoop/hadoop-hdds-container-service/0.4.1-SNAPSHOT/hadoop-hdds-container-service-0.4.1-SNAPSHOT.jar!/webapps/static,AVAILABLE}
2019-08-09 03:51:25,843 INFO  handler.ContextHandler (ContextHandler.java:doStart(781)) - Started o.e.j.w.WebAppContext@36417a54{/,file:///tmp/jetty-0.0.0.0-44242-hddsDatanode-_-any-4826871492476005873.dir/webapp/,AVAILABLE}{/hddsDatanode}
2019-08-09 03:51:25,845 INFO  server.AbstractConnector (AbstractConnector.java:doStart(278)) - Started ServerConnector@2b8bb184{HTTP/1.1,[http/1.1]}{0.0.0.0:44242}
2019-08-09 03:51:25,846 INFO  server.Server (Server.java:doStart(419)) - Started @5297ms
2019-08-09 03:51:25,847 INFO  server.BaseHttpServer (BaseHttpServer.java:updateConnectorAddress(207)) - HTTP server of HDDSDATANODE is listening at http://0.0.0.0:44242
2019-08-09 03:51:27,092 INFO  ozone.HddsDatanodeService (HddsDatanodeService.java:startPlugins(395)) - Started plug-in org.apache.hadoop.ozone.web.OzoneHddsDatanodeService@623e0631
2019-08-09 03:51:27,094 INFO  impl.MetricsSystemImpl (MetricsSystemImpl.java:init(158)) - HddsDatanode metrics system started (again)
2019-08-09 03:51:27,099 INFO  ozone.HddsDatanodeService (HddsDatanodeService.java:start(184)) - HddsDatanodeService host:byscane-nightly-vbjp7-3883395574 ip:192.168.157.225
2019-08-09 03:51:27,103 INFO  util.JvmPauseMonitor (JvmPauseMonitor.java:run(188)) - Starting JVM pause monitor
2019-08-09 03:51:27,110 INFO  volume.HddsVolume (HddsVolume.java:<init>(176)) - Creating Volume: /workdir/hadoop-ozone/integration-test/target/test-dir/MiniOzoneClusterImpl-ff1f4075-c7da-4dd0-bc05-b1286c81d2a0/datanode-1/data/containers/hdds of  storage type : DISK and capacity : 52710309888
2019-08-09 03:51:27,112 INFO  volume.VolumeSet (VolumeSet.java:initializeVolumeSet(170)) - Added Volume : /workdir/hadoop-ozone/integration-test/target/test-dir/MiniOzoneClusterImpl-ff1f4075-c7da-4dd0-bc05-b1286c81d2a0/datanode-1/data/containers/hdds to VolumeSet
2019-08-09 03:51:27,112 INFO  volume.ThrottledAsyncChecker (ThrottledAsyncChecker.java:schedule(140)) - Scheduling a check for org.apache.hadoop.ozone.container.common.volume.HddsVolume@902fdbe
2019-08-09 03:51:27,113 INFO  volume.HddsVolumeChecker (HddsVolumeChecker.java:checkAllVolumes(203)) - Scheduled health check for volume org.apache.hadoop.ozone.container.common.volume.HddsVolume@902fdbe
2019-08-09 03:51:27,132 INFO  impl.RaftServerProxy (ConfUtils.java:logGet(43)) - raft.rpc.type = GRPC (default)
2019-08-09 03:51:27,133 INFO  grpc.GrpcFactory (GrpcFactory.java:checkPooledByteBufAllocatorUseCacheForAllThreads(45)) - PERFORMANCE WARNING: useCacheForAllThreads is true that may cause Netty to create a lot garbage objects and, as a result, trigger GC.
	It is recommended to disable useCacheForAllThreads by setting -Dorg.apache.ratis.thirdparty.io.netty.allocator.useCacheForAllThreads=false in command line.
2019-08-09 03:51:27,133 INFO  grpc.GrpcConfigKeys$Server (ConfUtils.java:logGet(43)) - raft.grpc.server.port = 0 (default)
2019-08-09 03:51:27,133 INFO  server.GrpcService (ConfUtils.java:logGet(43)) - raft.grpc.message.size.max = 33570816 (custom)
2019-08-09 03:51:27,133 INFO  server.RaftServerConfigKeys (ConfUtils.java:logGet(43)) - raft.server.log.appender.buffer.byte-limit = 33554432 (custom)
2019-08-09 03:51:27,134 INFO  server.GrpcService (ConfUtils.java:logGet(43)) - raft.grpc.flow.control.window = 1MB (=1048576) (default)
2019-08-09 03:51:27,134 INFO  server.RaftServerConfigKeys (ConfUtils.java:logGet(43)) - raft.server.rpc.request.timeout = 3000ms (default)
2019-08-09 03:51:27,135 INFO  server.RaftServerConfigKeys (ConfUtils.java:logGet(43)) - raft.server.storage.dir = [/workdir/hadoop-ozone/integration-test/target/test-dir/MiniOzoneClusterImpl-ff1f4075-c7da-4dd0-bc05-b1286c81d2a0/datanode-1/data/ratis] (custom)
2019-08-09 03:51:27,135 INFO  replication.SimpleContainerDownloader (SimpleContainerDownloader.java:<init>(72)) - Starting container downloader service to copy containers to replicate.
2019-08-09 03:51:27,137 INFO  hdfs.DFSUtil (DFSUtil.java:httpServerTemplateForNNAndJN(1641)) - Starting Web-server for hddsDatanode at: http://0.0.0.0:0
2019-08-09 03:51:27,139 INFO  server.AuthenticationFilter (AuthenticationFilter.java:constructSecretProvider(240)) - Unable to initialize FileSignerSecretProvider, falling back to use random secrets.
2019-08-09 03:51:27,140 WARN  http.HttpRequestLog (HttpRequestLog.java:getRequestLog(97)) - Jetty request log can only be enabled using Log4j
2019-08-09 03:51:27,143 INFO  http.HttpServer2 (HttpServer2.java:addGlobalFilter(975)) - Added global filter 'safety' (class=org.apache.hadoop.http.HttpServer2$QuotingInputFilter)
2019-08-09 03:51:27,144 INFO  http.HttpServer2 (HttpServer2.java:addFilter(948)) - Added filter static_user_filter (class=org.apache.hadoop.http.lib.StaticUserWebFilter$StaticUserFilter) to context hddsDatanode
2019-08-09 03:51:27,144 INFO  http.HttpServer2 (HttpServer2.java:addFilter(958)) - Added filter static_user_filter (class=org.apache.hadoop.http.lib.StaticUserWebFilter$StaticUserFilter) to context logs
2019-08-09 03:51:27,145 INFO  http.HttpServer2 (HttpServer2.java:addFilter(958)) - Added filter static_user_filter (class=org.apache.hadoop.http.lib.StaticUserWebFilter$StaticUserFilter) to context static
2019-08-09 03:51:27,146 INFO  http.HttpServer2 (HttpServer2.java:bindListener(1191)) - Jetty bound to port 39294
2019-08-09 03:51:27,146 INFO  server.Server (Server.java:doStart(351)) - jetty-9.3.24.v20180605, build timestamp: 2018-06-05T17:11:56Z, git hash: 84205aa28f11a4f31f2a3b86d1bba2cc8ab69827
2019-08-09 03:51:27,150 INFO  handler.ContextHandler (ContextHandler.java:doStart(781)) - Started o.e.j.s.ServletContextHandler@4bf80c29{/logs,file:///workdir/hadoop-ozone/integration-test/target/log,AVAILABLE}
2019-08-09 03:51:27,151 INFO  handler.ContextHandler (ContextHandler.java:doStart(781)) - Started o.e.j.s.ServletContextHandler@515b9d4a{/static,jar:file:/home/user/.m2/repository/org/apache/hadoop/hadoop-hdds-container-service/0.4.1-SNAPSHOT/hadoop-hdds-container-service-0.4.1-SNAPSHOT.jar!/webapps/static,AVAILABLE}
2019-08-09 03:51:27,190 INFO  handler.ContextHandler (ContextHandler.java:doStart(781)) - Started o.e.j.w.WebAppContext@1c628f6a{/,file:///tmp/jetty-0.0.0.0-39294-hddsDatanode-_-any-8199402993157372256.dir/webapp/,AVAILABLE}{/hddsDatanode}
2019-08-09 03:51:27,191 INFO  server.AbstractConnector (AbstractConnector.java:doStart(278)) - Started ServerConnector@9b47400{HTTP/1.1,[http/1.1]}{0.0.0.0:39294}
2019-08-09 03:51:27,192 INFO  server.Server (Server.java:doStart(419)) - Started @6643ms
2019-08-09 03:51:27,194 INFO  server.BaseHttpServer (BaseHttpServer.java:updateConnectorAddress(207)) - HTTP server of HDDSDATANODE is listening at http://0.0.0.0:39294
2019-08-09 03:51:27,233 INFO  datanode.InitDatanodeState (InitDatanodeState.java:persistContainerDatanodeDetails(140)) - DatanodeDetails is persisted to /workdir/hadoop-ozone/integration-test/target/test-dir/MiniOzoneClusterImpl-ff1f4075-c7da-4dd0-bc05-b1286c81d2a0/datanode-0/meta/datanode.id
2019-08-09 03:51:27,336 INFO  ozone.HddsDatanodeService (HddsDatanodeService.java:startPlugins(395)) - Started plug-in org.apache.hadoop.ozone.web.OzoneHddsDatanodeService@4f1fb828
2019-08-09 03:51:27,336 INFO  impl.MetricsSystemImpl (MetricsSystemImpl.java:init(158)) - HddsDatanode metrics system started (again)
2019-08-09 03:51:27,339 INFO  ozone.HddsDatanodeService (HddsDatanodeService.java:start(184)) - HddsDatanodeService host:byscane-nightly-vbjp7-3883395574 ip:192.168.157.225
2019-08-09 03:51:27,339 INFO  util.JvmPauseMonitor (JvmPauseMonitor.java:run(188)) - Starting JVM pause monitor
2019-08-09 03:51:27,349 INFO  volume.HddsVolume (HddsVolume.java:<init>(176)) - Creating Volume: /workdir/hadoop-ozone/integration-test/target/test-dir/MiniOzoneClusterImpl-ff1f4075-c7da-4dd0-bc05-b1286c81d2a0/datanode-2/data/containers/hdds of  storage type : DISK and capacity : 52710309888
2019-08-09 03:51:27,349 INFO  volume.VolumeSet (VolumeSet.java:initializeVolumeSet(170)) - Added Volume : /workdir/hadoop-ozone/integration-test/target/test-dir/MiniOzoneClusterImpl-ff1f4075-c7da-4dd0-bc05-b1286c81d2a0/datanode-2/data/containers/hdds to VolumeSet
2019-08-09 03:51:27,349 INFO  volume.ThrottledAsyncChecker (ThrottledAsyncChecker.java:schedule(140)) - Scheduling a check for org.apache.hadoop.ozone.container.common.volume.HddsVolume@1f10fec6
2019-08-09 03:51:27,350 INFO  volume.HddsVolumeChecker (HddsVolumeChecker.java:checkAllVolumes(203)) - Scheduled health check for volume org.apache.hadoop.ozone.container.common.volume.HddsVolume@1f10fec6
2019-08-09 03:51:27,350 INFO  datanode.InitDatanodeState (InitDatanodeState.java:persistContainerDatanodeDetails(140)) - DatanodeDetails is persisted to /workdir/hadoop-ozone/integration-test/target/test-dir/MiniOzoneClusterImpl-ff1f4075-c7da-4dd0-bc05-b1286c81d2a0/datanode-1/meta/datanode.id
2019-08-09 03:51:27,366 INFO  impl.RaftServerProxy (ConfUtils.java:logGet(43)) - raft.rpc.type = GRPC (default)
2019-08-09 03:51:27,366 INFO  grpc.GrpcFactory (GrpcFactory.java:checkPooledByteBufAllocatorUseCacheForAllThreads(45)) - PERFORMANCE WARNING: useCacheForAllThreads is true that may cause Netty to create a lot garbage objects and, as a result, trigger GC.
	It is recommended to disable useCacheForAllThreads by setting -Dorg.apache.ratis.thirdparty.io.netty.allocator.useCacheForAllThreads=false in command line.
2019-08-09 03:51:27,366 INFO  grpc.GrpcConfigKeys$Server (ConfUtils.java:logGet(43)) - raft.grpc.server.port = 0 (default)
2019-08-09 03:51:27,366 INFO  server.GrpcService (ConfUtils.java:logGet(43)) - raft.grpc.message.size.max = 33570816 (custom)
2019-08-09 03:51:27,367 INFO  server.RaftServerConfigKeys (ConfUtils.java:logGet(43)) - raft.server.log.appender.buffer.byte-limit = 33554432 (custom)
2019-08-09 03:51:27,367 INFO  server.GrpcService (ConfUtils.java:logGet(43)) - raft.grpc.flow.control.window = 1MB (=1048576) (default)
2019-08-09 03:51:27,367 INFO  server.RaftServerConfigKeys (ConfUtils.java:logGet(43)) - raft.server.rpc.request.timeout = 3000ms (default)
2019-08-09 03:51:27,368 INFO  server.RaftServerConfigKeys (ConfUtils.java:logGet(43)) - raft.server.storage.dir = [/workdir/hadoop-ozone/integration-test/target/test-dir/MiniOzoneClusterImpl-ff1f4075-c7da-4dd0-bc05-b1286c81d2a0/datanode-2/data/ratis] (custom)
2019-08-09 03:51:27,369 INFO  replication.SimpleContainerDownloader (SimpleContainerDownloader.java:<init>(72)) - Starting container downloader service to copy containers to replicate.
2019-08-09 03:51:27,370 INFO  hdfs.DFSUtil (DFSUtil.java:httpServerTemplateForNNAndJN(1641)) - Starting Web-server for hddsDatanode at: http://0.0.0.0:0
2019-08-09 03:51:27,371 INFO  server.AuthenticationFilter (AuthenticationFilter.java:constructSecretProvider(240)) - Unable to initialize FileSignerSecretProvider, falling back to use random secrets.
2019-08-09 03:51:27,372 WARN  http.HttpRequestLog (HttpRequestLog.java:getRequestLog(97)) - Jetty request log can only be enabled using Log4j
2019-08-09 03:51:27,373 INFO  http.HttpServer2 (HttpServer2.java:addGlobalFilter(975)) - Added global filter 'safety' (class=org.apache.hadoop.http.HttpServer2$QuotingInputFilter)
2019-08-09 03:51:27,373 INFO  http.HttpServer2 (HttpServer2.java:addFilter(948)) - Added filter static_user_filter (class=org.apache.hadoop.http.lib.StaticUserWebFilter$StaticUserFilter) to context hddsDatanode
2019-08-09 03:51:27,374 INFO  http.HttpServer2 (HttpServer2.java:addFilter(958)) - Added filter static_user_filter (class=org.apache.hadoop.http.lib.StaticUserWebFilter$StaticUserFilter) to context logs
2019-08-09 03:51:27,374 INFO  http.HttpServer2 (HttpServer2.java:addFilter(958)) - Added filter static_user_filter (class=org.apache.hadoop.http.lib.StaticUserWebFilter$StaticUserFilter) to context static
2019-08-09 03:51:27,375 INFO  http.HttpServer2 (HttpServer2.java:bindListener(1191)) - Jetty bound to port 44692
2019-08-09 03:51:27,375 INFO  server.Server (Server.java:doStart(351)) - jetty-9.3.24.v20180605, build timestamp: 2018-06-05T17:11:56Z, git hash: 84205aa28f11a4f31f2a3b86d1bba2cc8ab69827
2019-08-09 03:51:27,377 INFO  handler.ContextHandler (ContextHandler.java:doStart(781)) - Started o.e.j.s.ServletContextHandler@7cfb0c4c{/logs,file:///workdir/hadoop-ozone/integration-test/target/log,AVAILABLE}
2019-08-09 03:51:27,377 INFO  handler.ContextHandler (ContextHandler.java:doStart(781)) - Started o.e.j.s.ServletContextHandler@6b63abdc{/static,jar:file:/home/user/.m2/repository/org/apache/hadoop/hadoop-hdds-container-service/0.4.1-SNAPSHOT/hadoop-hdds-container-service-0.4.1-SNAPSHOT.jar!/webapps/static,AVAILABLE}
2019-08-09 03:51:27,405 INFO  handler.ContextHandler (ContextHandler.java:doStart(781)) - Started o.e.j.w.WebAppContext@35787726{/,file:///tmp/jetty-0.0.0.0-44692-hddsDatanode-_-any-4982994873025741091.dir/webapp/,AVAILABLE}{/hddsDatanode}
2019-08-09 03:51:27,405 INFO  server.AbstractConnector (AbstractConnector.java:doStart(278)) - Started ServerConnector@2199e845{HTTP/1.1,[http/1.1]}{0.0.0.0:44692}
2019-08-09 03:51:27,406 INFO  server.Server (Server.java:doStart(419)) - Started @6858ms
2019-08-09 03:51:27,408 INFO  server.BaseHttpServer (BaseHttpServer.java:updateConnectorAddress(207)) - HTTP server of HDDSDATANODE is listening at http://0.0.0.0:44692
2019-08-09 03:51:27,538 INFO  ozone.HddsDatanodeService (HddsDatanodeService.java:startPlugins(395)) - Started plug-in org.apache.hadoop.ozone.web.OzoneHddsDatanodeService@6a98f353
2019-08-09 03:51:27,539 INFO  impl.MetricsSystemImpl (MetricsSystemImpl.java:init(158)) - HddsDatanode metrics system started (again)
2019-08-09 03:51:27,542 INFO  ozone.HddsDatanodeService (HddsDatanodeService.java:start(184)) - HddsDatanodeService host:byscane-nightly-vbjp7-3883395574 ip:192.168.157.225
2019-08-09 03:51:27,543 INFO  util.JvmPauseMonitor (JvmPauseMonitor.java:run(188)) - Starting JVM pause monitor
2019-08-09 03:51:27,545 INFO  datanode.InitDatanodeState (InitDatanodeState.java:persistContainerDatanodeDetails(140)) - DatanodeDetails is persisted to /workdir/hadoop-ozone/integration-test/target/test-dir/MiniOzoneClusterImpl-ff1f4075-c7da-4dd0-bc05-b1286c81d2a0/datanode-2/meta/datanode.id
2019-08-09 03:51:27,551 INFO  volume.HddsVolume (HddsVolume.java:<init>(176)) - Creating Volume: /workdir/hadoop-ozone/integration-test/target/test-dir/MiniOzoneClusterImpl-ff1f4075-c7da-4dd0-bc05-b1286c81d2a0/datanode-3/data/containers/hdds of  storage type : DISK and capacity : 52710309888
2019-08-09 03:51:27,551 INFO  volume.VolumeSet (VolumeSet.java:initializeVolumeSet(170)) - Added Volume : /workdir/hadoop-ozone/integration-test/target/test-dir/MiniOzoneClusterImpl-ff1f4075-c7da-4dd0-bc05-b1286c81d2a0/datanode-3/data/containers/hdds to VolumeSet
2019-08-09 03:51:27,551 INFO  volume.ThrottledAsyncChecker (ThrottledAsyncChecker.java:schedule(140)) - Scheduling a check for org.apache.hadoop.ozone.container.common.volume.HddsVolume@3a3b10f4
2019-08-09 03:51:27,552 INFO  volume.HddsVolumeChecker (HddsVolumeChecker.java:checkAllVolumes(203)) - Scheduled health check for volume org.apache.hadoop.ozone.container.common.volume.HddsVolume@3a3b10f4
2019-08-09 03:51:27,565 INFO  impl.RaftServerProxy (ConfUtils.java:logGet(43)) - raft.rpc.type = GRPC (default)
2019-08-09 03:51:27,565 INFO  grpc.GrpcFactory (GrpcFactory.java:checkPooledByteBufAllocatorUseCacheForAllThreads(45)) - PERFORMANCE WARNING: useCacheForAllThreads is true that may cause Netty to create a lot garbage objects and, as a result, trigger GC.
	It is recommended to disable useCacheForAllThreads by setting -Dorg.apache.ratis.thirdparty.io.netty.allocator.useCacheForAllThreads=false in command line.
2019-08-09 03:51:27,566 INFO  grpc.GrpcConfigKeys$Server (ConfUtils.java:logGet(43)) - raft.grpc.server.port = 0 (default)
2019-08-09 03:51:27,566 INFO  server.GrpcService (ConfUtils.java:logGet(43)) - raft.grpc.message.size.max = 33570816 (custom)
2019-08-09 03:51:27,566 INFO  server.RaftServerConfigKeys (ConfUtils.java:logGet(43)) - raft.server.log.appender.buffer.byte-limit = 33554432 (custom)
2019-08-09 03:51:27,566 INFO  server.GrpcService (ConfUtils.java:logGet(43)) - raft.grpc.flow.control.window = 1MB (=1048576) (default)
2019-08-09 03:51:27,567 INFO  server.RaftServerConfigKeys (ConfUtils.java:logGet(43)) - raft.server.rpc.request.timeout = 3000ms (default)
2019-08-09 03:51:27,567 INFO  server.RaftServerConfigKeys (ConfUtils.java:logGet(43)) - raft.server.storage.dir = [/workdir/hadoop-ozone/integration-test/target/test-dir/MiniOzoneClusterImpl-ff1f4075-c7da-4dd0-bc05-b1286c81d2a0/datanode-3/data/ratis] (custom)
2019-08-09 03:51:27,568 INFO  replication.SimpleContainerDownloader (SimpleContainerDownloader.java:<init>(72)) - Starting container downloader service to copy containers to replicate.
2019-08-09 03:51:27,569 INFO  hdfs.DFSUtil (DFSUtil.java:httpServerTemplateForNNAndJN(1641)) - Starting Web-server for hddsDatanode at: http://0.0.0.0:0
2019-08-09 03:51:27,570 INFO  server.AuthenticationFilter (AuthenticationFilter.java:constructSecretProvider(240)) - Unable to initialize FileSignerSecretProvider, falling back to use random secrets.
2019-08-09 03:51:27,571 WARN  http.HttpRequestLog (HttpRequestLog.java:getRequestLog(97)) - Jetty request log can only be enabled using Log4j
2019-08-09 03:51:27,572 INFO  http.HttpServer2 (HttpServer2.java:addGlobalFilter(975)) - Added global filter 'safety' (class=org.apache.hadoop.http.HttpServer2$QuotingInputFilter)
2019-08-09 03:51:27,573 INFO  http.HttpServer2 (HttpServer2.java:addFilter(948)) - Added filter static_user_filter (class=org.apache.hadoop.http.lib.StaticUserWebFilter$StaticUserFilter) to context hddsDatanode
2019-08-09 03:51:27,573 INFO  http.HttpServer2 (HttpServer2.java:addFilter(958)) - Added filter static_user_filter (class=org.apache.hadoop.http.lib.StaticUserWebFilter$StaticUserFilter) to context static
2019-08-09 03:51:27,573 INFO  http.HttpServer2 (HttpServer2.java:addFilter(958)) - Added filter static_user_filter (class=org.apache.hadoop.http.lib.StaticUserWebFilter$StaticUserFilter) to context logs
2019-08-09 03:51:27,574 INFO  http.HttpServer2 (HttpServer2.java:bindListener(1191)) - Jetty bound to port 33562
2019-08-09 03:51:27,574 INFO  server.Server (Server.java:doStart(351)) - jetty-9.3.24.v20180605, build timestamp: 2018-06-05T17:11:56Z, git hash: 84205aa28f11a4f31f2a3b86d1bba2cc8ab69827
2019-08-09 03:51:27,578 INFO  handler.ContextHandler (ContextHandler.java:doStart(781)) - Started o.e.j.s.ServletContextHandler@4b03cbad{/logs,file:///workdir/hadoop-ozone/integration-test/target/log,AVAILABLE}
2019-08-09 03:51:27,579 INFO  handler.ContextHandler (ContextHandler.java:doStart(781)) - Started o.e.j.s.ServletContextHandler@5c313224{/static,jar:file:/home/user/.m2/repository/org/apache/hadoop/hadoop-hdds-container-service/0.4.1-SNAPSHOT/hadoop-hdds-container-service-0.4.1-SNAPSHOT.jar!/webapps/static,AVAILABLE}
2019-08-09 03:51:27,606 INFO  handler.ContextHandler (ContextHandler.java:doStart(781)) - Started o.e.j.w.WebAppContext@58aa1d72{/,file:///tmp/jetty-0.0.0.0-33562-hddsDatanode-_-any-7715320650428777729.dir/webapp/,AVAILABLE}{/hddsDatanode}
2019-08-09 03:51:27,607 INFO  server.AbstractConnector (AbstractConnector.java:doStart(278)) - Started ServerConnector@33d7765a{HTTP/1.1,[http/1.1]}{0.0.0.0:33562}
2019-08-09 03:51:27,608 INFO  server.Server (Server.java:doStart(419)) - Started @7059ms
2019-08-09 03:51:27,608 INFO  server.BaseHttpServer (BaseHttpServer.java:updateConnectorAddress(207)) - HTTP server of HDDSDATANODE is listening at http://0.0.0.0:33562
2019-08-09 03:51:27,737 INFO  ozone.HddsDatanodeService (HddsDatanodeService.java:startPlugins(395)) - Started plug-in org.apache.hadoop.ozone.web.OzoneHddsDatanodeService@8b13d91
2019-08-09 03:51:27,738 INFO  impl.MetricsSystemImpl (MetricsSystemImpl.java:init(158)) - HddsDatanode metrics system started (again)
2019-08-09 03:51:27,742 INFO  ozone.HddsDatanodeService (HddsDatanodeService.java:start(184)) - HddsDatanodeService host:byscane-nightly-vbjp7-3883395574 ip:192.168.157.225
2019-08-09 03:51:27,742 INFO  util.JvmPauseMonitor (JvmPauseMonitor.java:run(188)) - Starting JVM pause monitor
2019-08-09 03:51:27,745 INFO  datanode.InitDatanodeState (InitDatanodeState.java:persistContainerDatanodeDetails(140)) - DatanodeDetails is persisted to /workdir/hadoop-ozone/integration-test/target/test-dir/MiniOzoneClusterImpl-ff1f4075-c7da-4dd0-bc05-b1286c81d2a0/datanode-3/meta/datanode.id
2019-08-09 03:51:27,752 INFO  volume.HddsVolume (HddsVolume.java:<init>(176)) - Creating Volume: /workdir/hadoop-ozone/integration-test/target/test-dir/MiniOzoneClusterImpl-ff1f4075-c7da-4dd0-bc05-b1286c81d2a0/datanode-4/data/containers/hdds of  storage type : DISK and capacity : 52710309888
2019-08-09 03:51:27,752 INFO  volume.VolumeSet (VolumeSet.java:initializeVolumeSet(170)) - Added Volume : /workdir/hadoop-ozone/integration-test/target/test-dir/MiniOzoneClusterImpl-ff1f4075-c7da-4dd0-bc05-b1286c81d2a0/datanode-4/data/containers/hdds to VolumeSet
2019-08-09 03:51:27,753 INFO  volume.ThrottledAsyncChecker (ThrottledAsyncChecker.java:schedule(140)) - Scheduling a check for org.apache.hadoop.ozone.container.common.volume.HddsVolume@61359e87
2019-08-09 03:51:27,753 INFO  volume.HddsVolumeChecker (HddsVolumeChecker.java:checkAllVolumes(203)) - Scheduled health check for volume org.apache.hadoop.ozone.container.common.volume.HddsVolume@61359e87
2019-08-09 03:51:27,767 INFO  impl.RaftServerProxy (ConfUtils.java:logGet(43)) - raft.rpc.type = GRPC (default)
2019-08-09 03:51:27,767 INFO  grpc.GrpcFactory (GrpcFactory.java:checkPooledByteBufAllocatorUseCacheForAllThreads(45)) - PERFORMANCE WARNING: useCacheForAllThreads is true that may cause Netty to create a lot garbage objects and, as a result, trigger GC.
	It is recommended to disable useCacheForAllThreads by setting -Dorg.apache.ratis.thirdparty.io.netty.allocator.useCacheForAllThreads=false in command line.
2019-08-09 03:51:27,768 INFO  grpc.GrpcConfigKeys$Server (ConfUtils.java:logGet(43)) - raft.grpc.server.port = 0 (default)
2019-08-09 03:51:27,768 INFO  server.GrpcService (ConfUtils.java:logGet(43)) - raft.grpc.message.size.max = 33570816 (custom)
2019-08-09 03:51:27,768 INFO  server.RaftServerConfigKeys (ConfUtils.java:logGet(43)) - raft.server.log.appender.buffer.byte-limit = 33554432 (custom)
2019-08-09 03:51:27,768 INFO  server.GrpcService (ConfUtils.java:logGet(43)) - raft.grpc.flow.control.window = 1MB (=1048576) (default)
2019-08-09 03:51:27,769 INFO  server.RaftServerConfigKeys (ConfUtils.java:logGet(43)) - raft.server.rpc.request.timeout = 3000ms (default)
2019-08-09 03:51:27,769 INFO  server.RaftServerConfigKeys (ConfUtils.java:logGet(43)) - raft.server.storage.dir = [/workdir/hadoop-ozone/integration-test/target/test-dir/MiniOzoneClusterImpl-ff1f4075-c7da-4dd0-bc05-b1286c81d2a0/datanode-4/data/ratis] (custom)
2019-08-09 03:51:27,770 INFO  replication.SimpleContainerDownloader (SimpleContainerDownloader.java:<init>(72)) - Starting container downloader service to copy containers to replicate.
2019-08-09 03:51:27,771 INFO  hdfs.DFSUtil (DFSUtil.java:httpServerTemplateForNNAndJN(1641)) - Starting Web-server for hddsDatanode at: http://0.0.0.0:0
2019-08-09 03:51:27,772 INFO  server.AuthenticationFilter (AuthenticationFilter.java:constructSecretProvider(240)) - Unable to initialize FileSignerSecretProvider, falling back to use random secrets.
2019-08-09 03:51:27,773 WARN  http.HttpRequestLog (HttpRequestLog.java:getRequestLog(97)) - Jetty request log can only be enabled using Log4j
2019-08-09 03:51:27,774 INFO  http.HttpServer2 (HttpServer2.java:addGlobalFilter(975)) - Added global filter 'safety' (class=org.apache.hadoop.http.HttpServer2$QuotingInputFilter)
2019-08-09 03:51:27,774 INFO  http.HttpServer2 (HttpServer2.java:addFilter(948)) - Added filter static_user_filter (class=org.apache.hadoop.http.lib.StaticUserWebFilter$StaticUserFilter) to context hddsDatanode
2019-08-09 03:51:27,775 INFO  http.HttpServer2 (HttpServer2.java:addFilter(958)) - Added filter static_user_filter (class=org.apache.hadoop.http.lib.StaticUserWebFilter$StaticUserFilter) to context static
2019-08-09 03:51:27,775 INFO  http.HttpServer2 (HttpServer2.java:addFilter(958)) - Added filter static_user_filter (class=org.apache.hadoop.http.lib.StaticUserWebFilter$StaticUserFilter) to context logs
2019-08-09 03:51:27,775 INFO  http.HttpServer2 (HttpServer2.java:bindListener(1191)) - Jetty bound to port 40604
2019-08-09 03:51:27,776 INFO  server.Server (Server.java:doStart(351)) - jetty-9.3.24.v20180605, build timestamp: 2018-06-05T17:11:56Z, git hash: 84205aa28f11a4f31f2a3b86d1bba2cc8ab69827
2019-08-09 03:51:27,778 INFO  handler.ContextHandler (ContextHandler.java:doStart(781)) - Started o.e.j.s.ServletContextHandler@65cc5252{/logs,file:///workdir/hadoop-ozone/integration-test/target/log,AVAILABLE}
2019-08-09 03:51:27,779 INFO  handler.ContextHandler (ContextHandler.java:doStart(781)) - Started o.e.j.s.ServletContextHandler@2dbfa972{/static,jar:file:/home/user/.m2/repository/org/apache/hadoop/hadoop-hdds-container-service/0.4.1-SNAPSHOT/hadoop-hdds-container-service-0.4.1-SNAPSHOT.jar!/webapps/static,AVAILABLE}
2019-08-09 03:51:27,807 INFO  handler.ContextHandler (ContextHandler.java:doStart(781)) - Started o.e.j.w.WebAppContext@69a40b3c{/,file:///tmp/jetty-0.0.0.0-40604-hddsDatanode-_-any-3247515212730125997.dir/webapp/,AVAILABLE}{/hddsDatanode}
2019-08-09 03:51:27,808 INFO  server.AbstractConnector (AbstractConnector.java:doStart(278)) - Started ServerConnector@251c90f{HTTP/1.1,[http/1.1]}{0.0.0.0:40604}
2019-08-09 03:51:27,809 INFO  server.Server (Server.java:doStart(419)) - Started @7260ms
2019-08-09 03:51:27,809 INFO  server.BaseHttpServer (BaseHttpServer.java:updateConnectorAddress(207)) - HTTP server of HDDSDATANODE is listening at http://0.0.0.0:40604
2019-08-09 03:51:27,937 INFO  ozone.HddsDatanodeService (HddsDatanodeService.java:startPlugins(395)) - Started plug-in org.apache.hadoop.ozone.web.OzoneHddsDatanodeService@27e199ce
2019-08-09 03:51:27,937 INFO  impl.MetricsSystemImpl (MetricsSystemImpl.java:init(158)) - HddsDatanode metrics system started (again)
2019-08-09 03:51:27,941 INFO  ozone.HddsDatanodeService (HddsDatanodeService.java:start(184)) - HddsDatanodeService host:byscane-nightly-vbjp7-3883395574 ip:192.168.157.225
2019-08-09 03:51:27,941 INFO  util.JvmPauseMonitor (JvmPauseMonitor.java:run(188)) - Starting JVM pause monitor
2019-08-09 03:51:27,944 INFO  datanode.InitDatanodeState (InitDatanodeState.java:persistContainerDatanodeDetails(140)) - DatanodeDetails is persisted to /workdir/hadoop-ozone/integration-test/target/test-dir/MiniOzoneClusterImpl-ff1f4075-c7da-4dd0-bc05-b1286c81d2a0/datanode-4/meta/datanode.id
2019-08-09 03:51:27,950 INFO  volume.HddsVolume (HddsVolume.java:<init>(176)) - Creating Volume: /workdir/hadoop-ozone/integration-test/target/test-dir/MiniOzoneClusterImpl-ff1f4075-c7da-4dd0-bc05-b1286c81d2a0/datanode-5/data/containers/hdds of  storage type : DISK and capacity : 52710309888
2019-08-09 03:51:27,950 INFO  volume.VolumeSet (VolumeSet.java:initializeVolumeSet(170)) - Added Volume : /workdir/hadoop-ozone/integration-test/target/test-dir/MiniOzoneClusterImpl-ff1f4075-c7da-4dd0-bc05-b1286c81d2a0/datanode-5/data/containers/hdds to VolumeSet
2019-08-09 03:51:27,950 INFO  volume.ThrottledAsyncChecker (ThrottledAsyncChecker.java:schedule(140)) - Scheduling a check for org.apache.hadoop.ozone.container.common.volume.HddsVolume@4bc9ca97
2019-08-09 03:51:27,951 INFO  volume.HddsVolumeChecker (HddsVolumeChecker.java:checkAllVolumes(203)) - Scheduled health check for volume org.apache.hadoop.ozone.container.common.volume.HddsVolume@4bc9ca97
2019-08-09 03:51:27,965 INFO  impl.RaftServerProxy (ConfUtils.java:logGet(43)) - raft.rpc.type = GRPC (default)
2019-08-09 03:51:27,965 INFO  grpc.GrpcFactory (GrpcFactory.java:checkPooledByteBufAllocatorUseCacheForAllThreads(45)) - PERFORMANCE WARNING: useCacheForAllThreads is true that may cause Netty to create a lot garbage objects and, as a result, trigger GC.
	It is recommended to disable useCacheForAllThreads by setting -Dorg.apache.ratis.thirdparty.io.netty.allocator.useCacheForAllThreads=false in command line.
2019-08-09 03:51:27,965 INFO  grpc.GrpcConfigKeys$Server (ConfUtils.java:logGet(43)) - raft.grpc.server.port = 0 (default)
2019-08-09 03:51:27,966 INFO  server.GrpcService (ConfUtils.java:logGet(43)) - raft.grpc.message.size.max = 33570816 (custom)
2019-08-09 03:51:27,966 INFO  server.RaftServerConfigKeys (ConfUtils.java:logGet(43)) - raft.server.log.appender.buffer.byte-limit = 33554432 (custom)
2019-08-09 03:51:27,966 INFO  server.GrpcService (ConfUtils.java:logGet(43)) - raft.grpc.flow.control.window = 1MB (=1048576) (default)
2019-08-09 03:51:27,966 INFO  server.RaftServerConfigKeys (ConfUtils.java:logGet(43)) - raft.server.rpc.request.timeout = 3000ms (default)
2019-08-09 03:51:27,967 INFO  server.RaftServerConfigKeys (ConfUtils.java:logGet(43)) - raft.server.storage.dir = [/workdir/hadoop-ozone/integration-test/target/test-dir/MiniOzoneClusterImpl-ff1f4075-c7da-4dd0-bc05-b1286c81d2a0/datanode-5/data/ratis] (custom)
2019-08-09 03:51:27,968 INFO  replication.SimpleContainerDownloader (SimpleContainerDownloader.java:<init>(72)) - Starting container downloader service to copy containers to replicate.
2019-08-09 03:51:27,969 INFO  hdfs.DFSUtil (DFSUtil.java:httpServerTemplateForNNAndJN(1641)) - Starting Web-server for hddsDatanode at: http://0.0.0.0:0
2019-08-09 03:51:27,970 INFO  server.AuthenticationFilter (AuthenticationFilter.java:constructSecretProvider(240)) - Unable to initialize FileSignerSecretProvider, falling back to use random secrets.
2019-08-09 03:51:27,970 WARN  http.HttpRequestLog (HttpRequestLog.java:getRequestLog(97)) - Jetty request log can only be enabled using Log4j
2019-08-09 03:51:27,972 INFO  http.HttpServer2 (HttpServer2.java:addGlobalFilter(975)) - Added global filter 'safety' (class=org.apache.hadoop.http.HttpServer2$QuotingInputFilter)
2019-08-09 03:51:27,972 INFO  http.HttpServer2 (HttpServer2.java:addFilter(948)) - Added filter static_user_filter (class=org.apache.hadoop.http.lib.StaticUserWebFilter$StaticUserFilter) to context hddsDatanode
2019-08-09 03:51:27,972 INFO  http.HttpServer2 (HttpServer2.java:addFilter(958)) - Added filter static_user_filter (class=org.apache.hadoop.http.lib.StaticUserWebFilter$StaticUserFilter) to context logs
2019-08-09 03:51:27,972 INFO  http.HttpServer2 (HttpServer2.java:addFilter(958)) - Added filter static_user_filter (class=org.apache.hadoop.http.lib.StaticUserWebFilter$StaticUserFilter) to context static
2019-08-09 03:51:27,973 INFO  http.HttpServer2 (HttpServer2.java:bindListener(1191)) - Jetty bound to port 40318
2019-08-09 03:51:27,973 INFO  server.Server (Server.java:doStart(351)) - jetty-9.3.24.v20180605, build timestamp: 2018-06-05T17:11:56Z, git hash: 84205aa28f11a4f31f2a3b86d1bba2cc8ab69827
2019-08-09 03:51:27,976 INFO  handler.ContextHandler (ContextHandler.java:doStart(781)) - Started o.e.j.s.ServletContextHandler@3f048c86{/logs,file:///workdir/hadoop-ozone/integration-test/target/log,AVAILABLE}
2019-08-09 03:51:27,976 INFO  handler.ContextHandler (ContextHandler.java:doStart(781)) - Started o.e.j.s.ServletContextHandler@1de13f34{/static,jar:file:/home/user/.m2/repository/org/apache/hadoop/hadoop-hdds-container-service/0.4.1-SNAPSHOT/hadoop-hdds-container-service-0.4.1-SNAPSHOT.jar!/webapps/static,AVAILABLE}
2019-08-09 03:51:28,020 INFO  handler.ContextHandler (ContextHandler.java:doStart(781)) - Started o.e.j.w.WebAppContext@256589a1{/,file:///tmp/jetty-0.0.0.0-40318-hddsDatanode-_-any-1506022237868626565.dir/webapp/,AVAILABLE}{/hddsDatanode}
2019-08-09 03:51:28,021 INFO  server.AbstractConnector (AbstractConnector.java:doStart(278)) - Started ServerConnector@935493d{HTTP/1.1,[http/1.1]}{0.0.0.0:40318}
2019-08-09 03:51:28,022 INFO  server.Server (Server.java:doStart(419)) - Started @7474ms
2019-08-09 03:51:28,023 INFO  server.BaseHttpServer (BaseHttpServer.java:updateConnectorAddress(207)) - HTTP server of HDDSDATANODE is listening at http://0.0.0.0:40318
2019-08-09 03:51:28,203 INFO  ozone.HddsDatanodeService (HddsDatanodeService.java:startPlugins(395)) - Started plug-in org.apache.hadoop.ozone.web.OzoneHddsDatanodeService@69d103f0
2019-08-09 03:51:28,207 INFO  ozone.MiniOzoneClusterImpl (MiniOzoneClusterImpl.java:lambda$waitForClusterToBeReady$0(142)) - Waiting for cluster to be ready. Got 0 of 6 DN Heartbeats.
2019-08-09 03:51:28,207 INFO  util.JvmPauseMonitor (JvmPauseMonitor.java:run(188)) - Starting JVM pause monitor
2019-08-09 03:51:28,210 INFO  datanode.InitDatanodeState (InitDatanodeState.java:persistContainerDatanodeDetails(140)) - DatanodeDetails is persisted to /workdir/hadoop-ozone/integration-test/target/test-dir/MiniOzoneClusterImpl-ff1f4075-c7da-4dd0-bc05-b1286c81d2a0/datanode-5/meta/datanode.id
2019-08-09 03:51:29,207 INFO  ozone.MiniOzoneClusterImpl (MiniOzoneClusterImpl.java:lambda$waitForClusterToBeReady$0(142)) - Waiting for cluster to be ready. Got 0 of 6 DN Heartbeats.
2019-08-09 03:51:29,256 INFO  ozoneimpl.OzoneContainer (OzoneContainer.java:start(186)) - Attempting to start container services.
2019-08-09 03:51:29,258 INFO  ozoneimpl.OzoneContainer (OzoneContainer.java:startContainerScrub(160)) - Background container scrubber has been disabled by hdds.containerscrub.enabled
2019-08-09 03:51:29,258 INFO  ratis.XceiverServerRatis (XceiverServerRatis.java:start(404)) - Starting XceiverServerRatis cdc970ab-04ee-4ca0-b014-4e9041fd2342 at port 0
2019-08-09 03:51:29,282 INFO  impl.RaftServerProxy (RaftServerProxy.java:lambda$start$3(299)) - cdc970ab-04ee-4ca0-b014-4e9041fd2342: start RPC server
2019-08-09 03:51:29,356 INFO  ozoneimpl.OzoneContainer (OzoneContainer.java:start(186)) - Attempting to start container services.
2019-08-09 03:51:29,358 INFO  ozoneimpl.OzoneContainer (OzoneContainer.java:startContainerScrub(160)) - Background container scrubber has been disabled by hdds.containerscrub.enabled
2019-08-09 03:51:29,358 INFO  ratis.XceiverServerRatis (XceiverServerRatis.java:start(404)) - Starting XceiverServerRatis 39361c49-ee90-41a6-a65b-5fabdda3eeb1 at port 0
2019-08-09 03:51:29,368 INFO  impl.RaftServerProxy (RaftServerProxy.java:lambda$start$3(299)) - 39361c49-ee90-41a6-a65b-5fabdda3eeb1: start RPC server
2019-08-09 03:51:29,434 INFO  server.GrpcService (GrpcService.java:startImpl(149)) - cdc970ab-04ee-4ca0-b014-4e9041fd2342: GrpcService started, listening on 0.0.0.0/0.0.0.0:43673
2019-08-09 03:51:29,434 INFO  server.GrpcService (GrpcService.java:startImpl(149)) - 39361c49-ee90-41a6-a65b-5fabdda3eeb1: GrpcService started, listening on 0.0.0.0/0.0.0.0:35252
2019-08-09 03:51:29,435 INFO  ratis.XceiverServerRatis (XceiverServerRatis.java:start(414)) - XceiverServerRatis cdc970ab-04ee-4ca0-b014-4e9041fd2342 is started using port 43673
2019-08-09 03:51:29,436 INFO  ratis.XceiverServerRatis (XceiverServerRatis.java:start(414)) - XceiverServerRatis 39361c49-ee90-41a6-a65b-5fabdda3eeb1 is started using port 35252
2019-08-09 03:51:29,440 INFO  server.XceiverServerGrpc (XceiverServerGrpc.java:start(161)) - XceiverServerGrpc cdc970ab-04ee-4ca0-b014-4e9041fd2342 is started using port 34258
2019-08-09 03:51:29,440 INFO  server.XceiverServerGrpc (XceiverServerGrpc.java:start(161)) - XceiverServerGrpc 39361c49-ee90-41a6-a65b-5fabdda3eeb1 is started using port 40157
2019-08-09 03:51:29,573 INFO  ozoneimpl.OzoneContainer (OzoneContainer.java:start(186)) - Attempting to start container services.
2019-08-09 03:51:29,575 INFO  ozoneimpl.OzoneContainer (OzoneContainer.java:startContainerScrub(160)) - Background container scrubber has been disabled by hdds.containerscrub.enabled
2019-08-09 03:51:29,575 INFO  ratis.XceiverServerRatis (XceiverServerRatis.java:start(404)) - Starting XceiverServerRatis c81431eb-8d32-47c2-a051-d9692899a5ea at port 0
2019-08-09 03:51:29,584 INFO  impl.RaftServerProxy (RaftServerProxy.java:lambda$start$3(299)) - c81431eb-8d32-47c2-a051-d9692899a5ea: start RPC server
2019-08-09 03:51:29,588 INFO  server.GrpcService (GrpcService.java:startImpl(149)) - c81431eb-8d32-47c2-a051-d9692899a5ea: GrpcService started, listening on 0.0.0.0/0.0.0.0:39327
2019-08-09 03:51:29,588 INFO  ratis.XceiverServerRatis (XceiverServerRatis.java:start(414)) - XceiverServerRatis c81431eb-8d32-47c2-a051-d9692899a5ea is started using port 39327
2019-08-09 03:51:29,591 INFO  server.XceiverServerGrpc (XceiverServerGrpc.java:start(161)) - XceiverServerGrpc c81431eb-8d32-47c2-a051-d9692899a5ea is started using port 33624
2019-08-09 03:51:29,772 INFO  ozoneimpl.OzoneContainer (OzoneContainer.java:start(186)) - Attempting to start container services.
2019-08-09 03:51:29,778 INFO  ozoneimpl.OzoneContainer (OzoneContainer.java:startContainerScrub(160)) - Background container scrubber has been disabled by hdds.containerscrub.enabled
2019-08-09 03:51:29,778 INFO  ratis.XceiverServerRatis (XceiverServerRatis.java:start(404)) - Starting XceiverServerRatis 924573be-81f6-4d51-b1e7-163290a7619b at port 0
2019-08-09 03:51:29,785 INFO  impl.RaftServerProxy (RaftServerProxy.java:lambda$start$3(299)) - 924573be-81f6-4d51-b1e7-163290a7619b: start RPC server
2019-08-09 03:51:29,788 INFO  server.GrpcService (GrpcService.java:startImpl(149)) - 924573be-81f6-4d51-b1e7-163290a7619b: GrpcService started, listening on 0.0.0.0/0.0.0.0:45162
2019-08-09 03:51:29,788 INFO  ratis.XceiverServerRatis (XceiverServerRatis.java:start(414)) - XceiverServerRatis 924573be-81f6-4d51-b1e7-163290a7619b is started using port 45162
2019-08-09 03:51:29,791 INFO  server.XceiverServerGrpc (XceiverServerGrpc.java:start(161)) - XceiverServerGrpc 924573be-81f6-4d51-b1e7-163290a7619b is started using port 45985
2019-08-09 03:51:29,970 INFO  ozoneimpl.OzoneContainer (OzoneContainer.java:start(186)) - Attempting to start container services.
2019-08-09 03:51:29,971 INFO  ozoneimpl.OzoneContainer (OzoneContainer.java:startContainerScrub(160)) - Background container scrubber has been disabled by hdds.containerscrub.enabled
2019-08-09 03:51:29,971 INFO  ratis.XceiverServerRatis (XceiverServerRatis.java:start(404)) - Starting XceiverServerRatis 96d88727-a26b-4013-b168-529a658d9256 at port 0
2019-08-09 03:51:29,982 INFO  impl.RaftServerProxy (RaftServerProxy.java:lambda$start$3(299)) - 96d88727-a26b-4013-b168-529a658d9256: start RPC server
2019-08-09 03:51:29,987 INFO  server.GrpcService (GrpcService.java:startImpl(149)) - 96d88727-a26b-4013-b168-529a658d9256: GrpcService started, listening on 0.0.0.0/0.0.0.0:39994
2019-08-09 03:51:29,987 INFO  ratis.XceiverServerRatis (XceiverServerRatis.java:start(414)) - XceiverServerRatis 96d88727-a26b-4013-b168-529a658d9256 is started using port 39994
2019-08-09 03:51:29,991 INFO  server.XceiverServerGrpc (XceiverServerGrpc.java:start(161)) - XceiverServerGrpc 96d88727-a26b-4013-b168-529a658d9256 is started using port 33779
2019-08-09 03:51:30,215 INFO  ozone.MiniOzoneClusterImpl (MiniOzoneClusterImpl.java:lambda$waitForClusterToBeReady$0(142)) - Waiting for cluster to be ready. Got 0 of 6 DN Heartbeats.
2019-08-09 03:51:30,232 INFO  ozoneimpl.OzoneContainer (OzoneContainer.java:start(186)) - Attempting to start container services.
2019-08-09 03:51:30,232 INFO  ozoneimpl.OzoneContainer (OzoneContainer.java:startContainerScrub(160)) - Background container scrubber has been disabled by hdds.containerscrub.enabled
2019-08-09 03:51:30,232 INFO  ratis.XceiverServerRatis (XceiverServerRatis.java:start(404)) - Starting XceiverServerRatis 386cb1e4-3366-4d3a-9c87-536bd0e99de2 at port 0
2019-08-09 03:51:30,240 INFO  impl.RaftServerProxy (RaftServerProxy.java:lambda$start$3(299)) - 386cb1e4-3366-4d3a-9c87-536bd0e99de2: start RPC server
2019-08-09 03:51:30,246 INFO  server.GrpcService (GrpcService.java:startImpl(149)) - 386cb1e4-3366-4d3a-9c87-536bd0e99de2: GrpcService started, listening on 0.0.0.0/0.0.0.0:39808
2019-08-09 03:51:30,246 INFO  ratis.XceiverServerRatis (XceiverServerRatis.java:start(414)) - XceiverServerRatis 386cb1e4-3366-4d3a-9c87-536bd0e99de2 is started using port 39808
2019-08-09 03:51:30,250 INFO  server.XceiverServerGrpc (XceiverServerGrpc.java:start(161)) - XceiverServerGrpc 386cb1e4-3366-4d3a-9c87-536bd0e99de2 is started using port 40952
2019-08-09 03:51:31,153 INFO  net.NetworkTopology (NetworkTopologyImpl.java:add(110)) - Added a new node: /default-rack/cdc970ab-04ee-4ca0-b014-4e9041fd2342
2019-08-09 03:51:31,153 INFO  node.SCMNodeManager (SCMNodeManager.java:register(273)) - Registered Data node : cdc970ab-04ee-4ca0-b014-4e9041fd2342{ip: 192.168.157.225, host: byscane-nightly-vbjp7-3883395574, networkLocation: /default-rack, certSerialId: null}
2019-08-09 03:51:31,164 INFO  safemode.SCMSafeModeManager (DataNodeSafeModeRule.java:process(71)) - SCM in safe mode. 1 DataNodes registered, 1 required.
2019-08-09 03:51:31,166 INFO  safemode.SCMSafeModeManager (SCMSafeModeManager.java:validateSafeModeExitRules(177)) - ScmSafeModeManager, all rules are successfully validated
2019-08-09 03:51:31,166 INFO  safemode.SCMSafeModeManager (SCMSafeModeManager.java:exitSafeMode(193)) - SCM exiting safe mode.
2019-08-09 03:51:31,217 INFO  ozone.MiniOzoneClusterImpl (MiniOzoneClusterImpl.java:lambda$waitForClusterToBeReady$0(142)) - Waiting for cluster to be ready. Got 1 of 6 DN Heartbeats.
2019-08-09 03:51:31,343 INFO  net.NetworkTopology (NetworkTopologyImpl.java:add(110)) - Added a new node: /default-rack/39361c49-ee90-41a6-a65b-5fabdda3eeb1
2019-08-09 03:51:31,344 INFO  node.SCMNodeManager (SCMNodeManager.java:register(273)) - Registered Data node : 39361c49-ee90-41a6-a65b-5fabdda3eeb1{ip: 192.168.157.225, host: byscane-nightly-vbjp7-3883395574, networkLocation: /default-rack, certSerialId: null}
2019-08-09 03:51:31,546 INFO  net.NetworkTopology (NetworkTopologyImpl.java:add(110)) - Added a new node: /default-rack/c81431eb-8d32-47c2-a051-d9692899a5ea
2019-08-09 03:51:31,547 INFO  node.SCMNodeManager (SCMNodeManager.java:register(273)) - Registered Data node : c81431eb-8d32-47c2-a051-d9692899a5ea{ip: 192.168.157.225, host: byscane-nightly-vbjp7-3883395574, networkLocation: /default-rack, certSerialId: null}
2019-08-09 03:51:31,746 INFO  impl.RaftServerProxy (RaftServerProxy.java:addNew(89)) - cdc970ab-04ee-4ca0-b014-4e9041fd2342: addNew group-D25A91E2A871:[cdc970ab-04ee-4ca0-b014-4e9041fd2342:192.168.157.225:43673] returns group-D25A91E2A871:java.util.concurrent.CompletableFuture@15c44604[Not completed]
2019-08-09 03:51:31,746 INFO  net.NetworkTopology (NetworkTopologyImpl.java:add(110)) - Added a new node: /default-rack/924573be-81f6-4d51-b1e7-163290a7619b
2019-08-09 03:51:31,746 INFO  node.SCMNodeManager (SCMNodeManager.java:register(273)) - Registered Data node : 924573be-81f6-4d51-b1e7-163290a7619b{ip: 192.168.157.225, host: byscane-nightly-vbjp7-3883395574, networkLocation: /default-rack, certSerialId: null}
2019-08-09 03:51:32,089 INFO  net.NetworkTopology (NetworkTopologyImpl.java:add(110)) - Added a new node: /default-rack/96d88727-a26b-4013-b168-529a658d9256
2019-08-09 03:51:32,089 INFO  node.SCMNodeManager (SCMNodeManager.java:register(273)) - Registered Data node : 96d88727-a26b-4013-b168-529a658d9256{ip: 192.168.157.225, host: byscane-nightly-vbjp7-3883395574, networkLocation: /default-rack, certSerialId: null}
2019-08-09 03:51:32,096 INFO  impl.RaftServerImpl (RaftServerImpl.java:<init>(93)) - cdc970ab-04ee-4ca0-b014-4e9041fd2342: new RaftServerImpl for group-D25A91E2A871:[cdc970ab-04ee-4ca0-b014-4e9041fd2342:192.168.157.225:43673] with ContainerStateMachine:uninitialized
2019-08-09 03:51:32,098 INFO  server.RaftServerConfigKeys (ConfUtils.java:logGet(43)) - raft.server.rpc.timeout.min = 5s (custom)
2019-08-09 03:51:32,100 INFO  server.RaftServerConfigKeys (ConfUtils.java:logGet(43)) - raft.server.rpc.timeout.max = 5200ms (custom)
2019-08-09 03:51:32,100 INFO  server.RaftServerConfigKeys (ConfUtils.java:logGet(43)) - raft.server.rpcslowness.timeout = 120s (custom)
2019-08-09 03:51:32,102 INFO  server.RaftServerConfigKeys (ConfUtils.java:logGet(43)) - raft.server.sleep.deviation.threshold = 300 (default)
2019-08-09 03:51:32,102 INFO  server.RaftServerConfigKeys (ConfUtils.java:logGet(43)) - raft.server.log.appender.install.snapshot.enabled = false (custom)
2019-08-09 03:51:32,112 INFO  impl.RaftServerImpl (ServerState.java:<init>(105)) - cdc970ab-04ee-4ca0-b014-4e9041fd2342:group-D25A91E2A871 ConfigurationManager, init=-1: [cdc970ab-04ee-4ca0-b014-4e9041fd2342:192.168.157.225:43673], old=null, confs=<EMPTY_MAP>
2019-08-09 03:51:32,112 INFO  server.RaftServerConfigKeys (ConfUtils.java:logGet(43)) - raft.server.storage.dir = [/workdir/hadoop-ozone/integration-test/target/test-dir/MiniOzoneClusterImpl-ff1f4075-c7da-4dd0-bc05-b1286c81d2a0/datanode-0/data/ratis] (custom)
2019-08-09 03:51:32,121 INFO  storage.RaftStorageDirectory (RaftStorageDirectory.java:analyzeStorage(246)) - The storage directory /workdir/hadoop-ozone/integration-test/target/test-dir/MiniOzoneClusterImpl-ff1f4075-c7da-4dd0-bc05-b1286c81d2a0/datanode-0/data/ratis/b5b6cff1-c0af-4616-bdf0-d25a91e2a871 does not exist. Creating ...
2019-08-09 03:51:32,150 INFO  storage.RaftStorageDirectory (RaftStorageDirectory.java:tryLock(328)) - Lock on /workdir/hadoop-ozone/integration-test/target/test-dir/MiniOzoneClusterImpl-ff1f4075-c7da-4dd0-bc05-b1286c81d2a0/datanode-0/data/ratis/b5b6cff1-c0af-4616-bdf0-d25a91e2a871/in_use.lock acquired by nodename 4845@byscane-nightly-vbjp7-3883395574
2019-08-09 03:51:32,165 INFO  storage.RaftStorage (RaftStorage.java:format(72)) - Storage directory /workdir/hadoop-ozone/integration-test/target/test-dir/MiniOzoneClusterImpl-ff1f4075-c7da-4dd0-bc05-b1286c81d2a0/datanode-0/data/ratis/b5b6cff1-c0af-4616-bdf0-d25a91e2a871 has been successfully formatted.
2019-08-09 03:51:32,168 INFO  ratis.ContainerStateMachine (ContainerStateMachine.java:loadSnapshot(213)) - group-D25A91E2A871: The snapshot info is null. Setting the last applied indexto:(t:0, i:~)
2019-08-09 03:51:32,168 INFO  server.RaftServerConfigKeys (ConfUtils.java:logGet(43)) - raft.server.leader.election.timeout = 120s (custom)
2019-08-09 03:51:32,170 INFO  server.RaftServerConfigKeys (ConfUtils.java:logGet(43)) - raft.server.log.use.memory = false (default)
2019-08-09 03:51:32,176 INFO  server.RaftServerConfigKeys (ConfUtils.java:logGet(43)) - raft.server.log.purge.gap = 1000000000 (custom)
2019-08-09 03:51:32,176 INFO  server.RaftServerConfigKeys (ConfUtils.java:logGet(43)) - raft.server.log.appender.buffer.byte-limit = 33554432 (custom)
2019-08-09 03:51:32,178 INFO  server.RaftServerConfigKeys (ConfUtils.java:logGet(43)) - raft.server.log.segment.size.max = 1048576 (custom)
2019-08-09 03:51:32,183 INFO  server.RaftServerConfigKeys (ConfUtils.java:logGet(43)) - raft.server.log.segment.cache.num.max = 2 (custom)
2019-08-09 03:51:32,189 INFO  segmented.SegmentedRaftLogWorker (SegmentedRaftLogWorker.java:<init>(172)) - new cdc970ab-04ee-4ca0-b014-4e9041fd2342-SegmentedRaftLogWorker:Storage Directory /workdir/hadoop-ozone/integration-test/target/test-dir/MiniOzoneClusterImpl-ff1f4075-c7da-4dd0-bc05-b1286c81d2a0/datanode-0/data/ratis/b5b6cff1-c0af-4616-bdf0-d25a91e2a871 for RaftStorage:Storage Directory /workdir/hadoop-ozone/integration-test/target/test-dir/MiniOzoneClusterImpl-ff1f4075-c7da-4dd0-bc05-b1286c81d2a0/datanode-0/data/ratis/b5b6cff1-c0af-4616-bdf0-d25a91e2a871
2019-08-09 03:51:32,201 INFO  server.RaftServerConfigKeys (ConfUtils.java:logGet(43)) - raft.server.log.queue.byte-limit = 2147483647 (custom)
2019-08-09 03:51:32,201 INFO  server.RaftServerConfigKeys (ConfUtils.java:logGet(43)) - raft.server.log.queue.element-limit = 1024 (custom)
2019-08-09 03:51:32,206 INFO  server.RaftServerConfigKeys (ConfUtils.java:logGet(43)) - raft.server.log.segment.size.max = 1048576 (custom)
2019-08-09 03:51:32,207 INFO  server.RaftServerConfigKeys (ConfUtils.java:logGet(43)) - raft.server.log.preallocated.size = 16384 (custom)
2019-08-09 03:51:32,207 INFO  server.RaftServerConfigKeys (ConfUtils.java:logGet(43)) - raft.server.log.write.buffer.size = 33554432 (custom)
2019-08-09 03:51:32,209 INFO  server.RaftServerConfigKeys (ConfUtils.java:logGet(43)) - raft.server.log.force.sync.num = 128 (default)
2019-08-09 03:51:32,210 INFO  net.NetworkTopology (NetworkTopologyImpl.java:add(110)) - Added a new node: /default-rack/386cb1e4-3366-4d3a-9c87-536bd0e99de2
2019-08-09 03:51:32,212 INFO  server.RaftServerConfigKeys (ConfUtils.java:logGet(43)) - raft.server.log.statemachine.data.sync = true (default)
2019-08-09 03:51:32,212 INFO  node.SCMNodeManager (SCMNodeManager.java:register(273)) - Registered Data node : 386cb1e4-3366-4d3a-9c87-536bd0e99de2{ip: 192.168.157.225, host: byscane-nightly-vbjp7-3883395574, networkLocation: /default-rack, certSerialId: null}
2019-08-09 03:51:32,212 INFO  server.RaftServerConfigKeys (ConfUtils.java:logGet(43)) - raft.server.log.statemachine.data.sync.timeout = 10s (default)
2019-08-09 03:51:32,213 INFO  server.RaftServerConfigKeys (ConfUtils.java:logGet(43)) - raft.server.log.statemachine.data.sync.timeout.retry = -1 (default)
2019-08-09 03:51:32,217 INFO  ozone.MiniOzoneClusterImpl (MiniOzoneClusterImpl.java:lambda$waitForClusterToBeReady$0(142)) - Cluster is ready. Got 6 of 6 DN Heartbeats.
2019-08-09 03:51:32,222 INFO  server.RaftServerConfigKeys (ConfUtils.java:logGet(43)) - raft.server.log.statemachine.data.caching.enabled = true (custom)
2019-08-09 03:51:32,226 INFO  segmented.SegmentedRaftLogWorker (SegmentedRaftLogWorker.java:lambda$new$0(132)) - cdc970ab-04ee-4ca0-b014-4e9041fd2342-SegmentedRaftLogWorker:Storage Directory /workdir/hadoop-ozone/integration-test/target/test-dir/MiniOzoneClusterImpl-ff1f4075-c7da-4dd0-bc05-b1286c81d2a0/datanode-0/data/ratis/b5b6cff1-c0af-4616-bdf0-d25a91e2a871: flushIndex: setUnconditionally 0 -> -1
2019-08-09 03:51:32,230 INFO  server.RaftServerConfigKeys (ConfUtils.java:logGet(43)) - raft.server.snapshot.auto.trigger.enabled = true (custom)
2019-08-09 03:51:32,231 INFO  server.RaftServerConfigKeys (ConfUtils.java:logGet(43)) - raft.server.snapshot.auto.trigger.threshold = 10000 (custom)
2019-08-09 03:51:32,231 INFO  server.RaftServerConfigKeys (ConfUtils.java:logGet(43)) - raft.server.retrycache.expirytime = 600000ms (custom)
2019-08-09 03:51:32,262 INFO  impl.RaftServerImpl (RaftServerImpl.java:start(180)) - cdc970ab-04ee-4ca0-b014-4e9041fd2342: start group-D25A91E2A871
2019-08-09 03:51:32,263 INFO  impl.RaftServerImpl (RaftServerImpl.java:setRole(171)) - cdc970ab-04ee-4ca0-b014-4e9041fd2342:group-D25A91E2A871 changes role from null to FOLLOWER at term 0 for startAsFollower
2019-08-09 03:51:32,264 INFO  impl.RoleInfo (RoleInfo.java:updateAndGet(143)) - cdc970ab-04ee-4ca0-b014-4e9041fd2342: start FollowerState
2019-08-09 03:51:32,266 INFO  util.JmxRegister (JmxRegister.java:tryRegister(44)) - Successfully registered JMX Bean with object name Ratis:service=RaftServer,group=group-D25A91E2A871,id=cdc970ab-04ee-4ca0-b014-4e9041fd2342
2019-08-09 03:51:32,338 INFO  pipeline.PipelineStateManager (PipelineStateManager.java:addPipeline(56)) - Created pipeline Pipeline[ Id: b5b6cff1-c0af-4616-bdf0-d25a91e2a871, Nodes: cdc970ab-04ee-4ca0-b014-4e9041fd2342{ip: 192.168.157.225, host: byscane-nightly-vbjp7-3883395574, networkLocation: /default-rack, certSerialId: null}, Type:RATIS, Factor:ONE, State:OPEN]
2019-08-09 03:51:32,370 INFO  impl.RaftServerProxy (RaftServerProxy.java:addNew(89)) - 386cb1e4-3366-4d3a-9c87-536bd0e99de2: addNew group-123128EF879C:[386cb1e4-3366-4d3a-9c87-536bd0e99de2:192.168.157.225:39808] returns group-123128EF879C:java.util.concurrent.CompletableFuture@7c7d9285[Not completed]
2019-08-09 03:51:32,422 INFO  impl.RaftServerImpl (RaftServerImpl.java:<init>(93)) - 386cb1e4-3366-4d3a-9c87-536bd0e99de2: new RaftServerImpl for group-123128EF879C:[386cb1e4-3366-4d3a-9c87-536bd0e99de2:192.168.157.225:39808] with ContainerStateMachine:uninitialized
2019-08-09 03:51:32,423 INFO  server.RaftServerConfigKeys (ConfUtils.java:logGet(43)) - raft.server.rpc.timeout.min = 5s (custom)
2019-08-09 03:51:32,424 INFO  server.RaftServerConfigKeys (ConfUtils.java:logGet(43)) - raft.server.rpc.timeout.max = 5200ms (custom)
2019-08-09 03:51:32,424 INFO  server.RaftServerConfigKeys (ConfUtils.java:logGet(43)) - raft.server.rpcslowness.timeout = 120s (custom)
2019-08-09 03:51:32,424 INFO  server.RaftServerConfigKeys (ConfUtils.java:logGet(43)) - raft.server.sleep.deviation.threshold = 300 (default)
2019-08-09 03:51:32,424 INFO  server.RaftServerConfigKeys (ConfUtils.java:logGet(43)) - raft.server.log.appender.install.snapshot.enabled = false (custom)
2019-08-09 03:51:32,425 INFO  impl.RaftServerImpl (ServerState.java:<init>(105)) - 386cb1e4-3366-4d3a-9c87-536bd0e99de2:group-123128EF879C ConfigurationManager, init=-1: [386cb1e4-3366-4d3a-9c87-536bd0e99de2:192.168.157.225:39808], old=null, confs=<EMPTY_MAP>
2019-08-09 03:51:32,425 INFO  server.RaftServerConfigKeys (ConfUtils.java:logGet(43)) - raft.server.storage.dir = [/workdir/hadoop-ozone/integration-test/target/test-dir/MiniOzoneClusterImpl-ff1f4075-c7da-4dd0-bc05-b1286c81d2a0/datanode-5/data/ratis] (custom)
2019-08-09 03:51:32,426 INFO  storage.RaftStorageDirectory (RaftStorageDirectory.java:analyzeStorage(246)) - The storage directory /workdir/hadoop-ozone/integration-test/target/test-dir/MiniOzoneClusterImpl-ff1f4075-c7da-4dd0-bc05-b1286c81d2a0/datanode-5/data/ratis/8343d5c8-9390-409d-8d9a-123128ef879c does not exist. Creating ...
2019-08-09 03:51:32,441 INFO  storage.RaftStorageDirectory (RaftStorageDirectory.java:tryLock(328)) - Lock on /workdir/hadoop-ozone/integration-test/target/test-dir/MiniOzoneClusterImpl-ff1f4075-c7da-4dd0-bc05-b1286c81d2a0/datanode-5/data/ratis/8343d5c8-9390-409d-8d9a-123128ef879c/in_use.lock acquired by nodename 4845@byscane-nightly-vbjp7-3883395574
2019-08-09 03:51:32,454 INFO  storage.RaftStorage (RaftStorage.java:format(72)) - Storage directory /workdir/hadoop-ozone/integration-test/target/test-dir/MiniOzoneClusterImpl-ff1f4075-c7da-4dd0-bc05-b1286c81d2a0/datanode-5/data/ratis/8343d5c8-9390-409d-8d9a-123128ef879c has been successfully formatted.
2019-08-09 03:51:32,456 INFO  ratis.ContainerStateMachine (ContainerStateMachine.java:loadSnapshot(213)) - group-123128EF879C: The snapshot info is null. Setting the last applied indexto:(t:0, i:~)
2019-08-09 03:51:32,458 INFO  server.RaftServerConfigKeys (ConfUtils.java:logGet(43)) - raft.server.leader.election.timeout = 120s (custom)
2019-08-09 03:51:32,458 INFO  server.RaftServerConfigKeys (ConfUtils.java:logGet(43)) - raft.server.log.use.memory = false (default)
2019-08-09 03:51:32,458 INFO  server.RaftServerConfigKeys (ConfUtils.java:logGet(43)) - raft.server.log.purge.gap = 1000000000 (custom)
2019-08-09 03:51:32,458 INFO  server.RaftServerConfigKeys (ConfUtils.java:logGet(43)) - raft.server.log.appender.buffer.byte-limit = 33554432 (custom)
2019-08-09 03:51:32,459 INFO  server.RaftServerConfigKeys (ConfUtils.java:logGet(43)) - raft.server.log.segment.size.max = 1048576 (custom)
2019-08-09 03:51:32,459 INFO  server.RaftServerConfigKeys (ConfUtils.java:logGet(43)) - raft.server.log.segment.cache.num.max = 2 (custom)
2019-08-09 03:51:32,459 INFO  segmented.SegmentedRaftLogWorker (SegmentedRaftLogWorker.java:<init>(172)) - new 386cb1e4-3366-4d3a-9c87-536bd0e99de2-SegmentedRaftLogWorker:Storage Directory /workdir/hadoop-ozone/integration-test/target/test-dir/MiniOzoneClusterImpl-ff1f4075-c7da-4dd0-bc05-b1286c81d2a0/datanode-5/data/ratis/8343d5c8-9390-409d-8d9a-123128ef879c for RaftStorage:Storage Directory /workdir/hadoop-ozone/integration-test/target/test-dir/MiniOzoneClusterImpl-ff1f4075-c7da-4dd0-bc05-b1286c81d2a0/datanode-5/data/ratis/8343d5c8-9390-409d-8d9a-123128ef879c
2019-08-09 03:51:32,461 INFO  server.RaftServerConfigKeys (ConfUtils.java:logGet(43)) - raft.server.log.queue.byte-limit = 2147483647 (custom)
2019-08-09 03:51:32,462 INFO  server.RaftServerConfigKeys (ConfUtils.java:logGet(43)) - raft.server.log.queue.element-limit = 1024 (custom)
2019-08-09 03:51:32,462 INFO  server.RaftServerConfigKeys (ConfUtils.java:logGet(43)) - raft.server.log.segment.size.max = 1048576 (custom)
2019-08-09 03:51:32,462 INFO  server.RaftServerConfigKeys (ConfUtils.java:logGet(43)) - raft.server.log.preallocated.size = 16384 (custom)
2019-08-09 03:51:32,462 INFO  server.RaftServerConfigKeys (ConfUtils.java:logGet(43)) - raft.server.log.write.buffer.size = 33554432 (custom)
2019-08-09 03:51:32,462 INFO  server.RaftServerConfigKeys (ConfUtils.java:logGet(43)) - raft.server.log.force.sync.num = 128 (default)
2019-08-09 03:51:32,463 INFO  server.RaftServerConfigKeys (ConfUtils.java:logGet(43)) - raft.server.log.statemachine.data.sync = true (default)
2019-08-09 03:51:32,463 INFO  server.RaftServerConfigKeys (ConfUtils.java:logGet(43)) - raft.server.log.statemachine.data.sync.timeout = 10s (default)
2019-08-09 03:51:32,463 INFO  server.RaftServerConfigKeys (ConfUtils.java:logGet(43)) - raft.server.log.statemachine.data.sync.timeout.retry = -1 (default)
2019-08-09 03:51:32,463 INFO  server.RaftServerConfigKeys (ConfUtils.java:logGet(43)) - raft.server.log.statemachine.data.caching.enabled = true (custom)
2019-08-09 03:51:32,464 INFO  segmented.SegmentedRaftLogWorker (SegmentedRaftLogWorker.java:lambda$new$0(132)) - 386cb1e4-3366-4d3a-9c87-536bd0e99de2-SegmentedRaftLogWorker:Storage Directory /workdir/hadoop-ozone/integration-test/target/test-dir/MiniOzoneClusterImpl-ff1f4075-c7da-4dd0-bc05-b1286c81d2a0/datanode-5/data/ratis/8343d5c8-9390-409d-8d9a-123128ef879c: flushIndex: setUnconditionally 0 -> -1
2019-08-09 03:51:32,464 INFO  server.RaftServerConfigKeys (ConfUtils.java:logGet(43)) - raft.server.snapshot.auto.trigger.enabled = true (custom)
2019-08-09 03:51:32,465 INFO  server.RaftServerConfigKeys (ConfUtils.java:logGet(43)) - raft.server.snapshot.auto.trigger.threshold = 10000 (custom)
2019-08-09 03:51:32,465 INFO  server.RaftServerConfigKeys (ConfUtils.java:logGet(43)) - raft.server.retrycache.expirytime = 600000ms (custom)
2019-08-09 03:51:32,465 INFO  impl.RaftServerImpl (RaftServerImpl.java:start(180)) - 386cb1e4-3366-4d3a-9c87-536bd0e99de2: start group-123128EF879C
2019-08-09 03:51:32,465 INFO  impl.RaftServerImpl (RaftServerImpl.java:setRole(171)) - 386cb1e4-3366-4d3a-9c87-536bd0e99de2:group-123128EF879C changes role from null to FOLLOWER at term 0 for startAsFollower
2019-08-09 03:51:32,465 INFO  impl.RoleInfo (RoleInfo.java:updateAndGet(143)) - 386cb1e4-3366-4d3a-9c87-536bd0e99de2: start FollowerState
2019-08-09 03:51:32,468 INFO  util.JmxRegister (JmxRegister.java:tryRegister(44)) - Successfully registered JMX Bean with object name Ratis:service=RaftServer,group=group-123128EF879C,id=386cb1e4-3366-4d3a-9c87-536bd0e99de2
2019-08-09 03:51:32,484 INFO  pipeline.PipelineStateManager (PipelineStateManager.java:addPipeline(56)) - Created pipeline Pipeline[ Id: 8343d5c8-9390-409d-8d9a-123128ef879c, Nodes: 386cb1e4-3366-4d3a-9c87-536bd0e99de2{ip: 192.168.157.225, host: byscane-nightly-vbjp7-3883395574, networkLocation: /default-rack, certSerialId: null}, Type:RATIS, Factor:ONE, State:OPEN]
2019-08-09 03:51:32,509 INFO  impl.RaftServerProxy (RaftServerProxy.java:addNew(89)) - c81431eb-8d32-47c2-a051-d9692899a5ea: addNew group-5E006625C6D0:[c81431eb-8d32-47c2-a051-d9692899a5ea:192.168.157.225:39327] returns group-5E006625C6D0:java.util.concurrent.CompletableFuture@59850f5e[Not completed]
2019-08-09 03:51:32,519 INFO  impl.RaftServerImpl (RaftServerImpl.java:<init>(93)) - c81431eb-8d32-47c2-a051-d9692899a5ea: new RaftServerImpl for group-5E006625C6D0:[c81431eb-8d32-47c2-a051-d9692899a5ea:192.168.157.225:39327] with ContainerStateMachine:uninitialized
2019-08-09 03:51:32,520 INFO  server.RaftServerConfigKeys (ConfUtils.java:logGet(43)) - raft.server.rpc.timeout.min = 5s (custom)
2019-08-09 03:51:32,520 INFO  server.RaftServerConfigKeys (ConfUtils.java:logGet(43)) - raft.server.rpc.timeout.max = 5200ms (custom)
2019-08-09 03:51:32,520 INFO  server.RaftServerConfigKeys (ConfUtils.java:logGet(43)) - raft.server.rpcslowness.timeout = 120s (custom)
2019-08-09 03:51:32,520 INFO  server.RaftServerConfigKeys (ConfUtils.java:logGet(43)) - raft.server.sleep.deviation.threshold = 300 (default)
2019-08-09 03:51:32,520 INFO  server.RaftServerConfigKeys (ConfUtils.java:logGet(43)) - raft.server.log.appender.install.snapshot.enabled = false (custom)
2019-08-09 03:51:32,521 INFO  impl.RaftServerImpl (ServerState.java:<init>(105)) - c81431eb-8d32-47c2-a051-d9692899a5ea:group-5E006625C6D0 ConfigurationManager, init=-1: [c81431eb-8d32-47c2-a051-d9692899a5ea:192.168.157.225:39327], old=null, confs=<EMPTY_MAP>
2019-08-09 03:51:32,521 INFO  server.RaftServerConfigKeys (ConfUtils.java:logGet(43)) - raft.server.storage.dir = [/workdir/hadoop-ozone/integration-test/target/test-dir/MiniOzoneClusterImpl-ff1f4075-c7da-4dd0-bc05-b1286c81d2a0/datanode-2/data/ratis] (custom)
2019-08-09 03:51:32,521 INFO  storage.RaftStorageDirectory (RaftStorageDirectory.java:analyzeStorage(246)) - The storage directory /workdir/hadoop-ozone/integration-test/target/test-dir/MiniOzoneClusterImpl-ff1f4075-c7da-4dd0-bc05-b1286c81d2a0/datanode-2/data/ratis/ce3f2342-41ef-4261-9efb-5e006625c6d0 does not exist. Creating ...
2019-08-09 03:51:32,534 INFO  storage.RaftStorageDirectory (RaftStorageDirectory.java:tryLock(328)) - Lock on /workdir/hadoop-ozone/integration-test/target/test-dir/MiniOzoneClusterImpl-ff1f4075-c7da-4dd0-bc05-b1286c81d2a0/datanode-2/data/ratis/ce3f2342-41ef-4261-9efb-5e006625c6d0/in_use.lock acquired by nodename 4845@byscane-nightly-vbjp7-3883395574
2019-08-09 03:51:32,547 INFO  storage.RaftStorage (RaftStorage.java:format(72)) - Storage directory /workdir/hadoop-ozone/integration-test/target/test-dir/MiniOzoneClusterImpl-ff1f4075-c7da-4dd0-bc05-b1286c81d2a0/datanode-2/data/ratis/ce3f2342-41ef-4261-9efb-5e006625c6d0 has been successfully formatted.
2019-08-09 03:51:32,547 INFO  ratis.ContainerStateMachine (ContainerStateMachine.java:loadSnapshot(213)) - group-5E006625C6D0: The snapshot info is null. Setting the last applied indexto:(t:0, i:~)
2019-08-09 03:51:32,547 INFO  server.RaftServerConfigKeys (ConfUtils.java:logGet(43)) - raft.server.leader.election.timeout = 120s (custom)
2019-08-09 03:51:32,548 INFO  server.RaftServerConfigKeys (ConfUtils.java:logGet(43)) - raft.server.log.use.memory = false (default)
2019-08-09 03:51:32,548 INFO  server.RaftServerConfigKeys (ConfUtils.java:logGet(43)) - raft.server.log.purge.gap = 1000000000 (custom)
2019-08-09 03:51:32,548 INFO  server.RaftServerConfigKeys (ConfUtils.java:logGet(43)) - raft.server.log.appender.buffer.byte-limit = 33554432 (custom)
2019-08-09 03:51:32,548 INFO  server.RaftServerConfigKeys (ConfUtils.java:logGet(43)) - raft.server.log.segment.size.max = 1048576 (custom)
2019-08-09 03:51:32,548 INFO  server.RaftServerConfigKeys (ConfUtils.java:logGet(43)) - raft.server.log.segment.cache.num.max = 2 (custom)
2019-08-09 03:51:32,548 INFO  segmented.SegmentedRaftLogWorker (SegmentedRaftLogWorker.java:<init>(172)) - new c81431eb-8d32-47c2-a051-d9692899a5ea-SegmentedRaftLogWorker:Storage Directory /workdir/hadoop-ozone/integration-test/target/test-dir/MiniOzoneClusterImpl-ff1f4075-c7da-4dd0-bc05-b1286c81d2a0/datanode-2/data/ratis/ce3f2342-41ef-4261-9efb-5e006625c6d0 for RaftStorage:Storage Directory /workdir/hadoop-ozone/integration-test/target/test-dir/MiniOzoneClusterImpl-ff1f4075-c7da-4dd0-bc05-b1286c81d2a0/datanode-2/data/ratis/ce3f2342-41ef-4261-9efb-5e006625c6d0
2019-08-09 03:51:32,549 INFO  server.RaftServerConfigKeys (ConfUtils.java:logGet(43)) - raft.server.log.queue.byte-limit = 2147483647 (custom)
2019-08-09 03:51:32,549 INFO  server.RaftServerConfigKeys (ConfUtils.java:logGet(43)) - raft.server.log.queue.element-limit = 1024 (custom)
2019-08-09 03:51:32,549 INFO  server.RaftServerConfigKeys (ConfUtils.java:logGet(43)) - raft.server.log.segment.size.max = 1048576 (custom)
2019-08-09 03:51:32,549 INFO  server.RaftServerConfigKeys (ConfUtils.java:logGet(43)) - raft.server.log.preallocated.size = 16384 (custom)
2019-08-09 03:51:32,550 INFO  server.RaftServerConfigKeys (ConfUtils.java:logGet(43)) - raft.server.log.write.buffer.size = 33554432 (custom)
2019-08-09 03:51:32,550 INFO  server.RaftServerConfigKeys (ConfUtils.java:logGet(43)) - raft.server.log.force.sync.num = 128 (default)
2019-08-09 03:51:32,550 INFO  server.RaftServerConfigKeys (ConfUtils.java:logGet(43)) - raft.server.log.statemachine.data.sync = true (default)
2019-08-09 03:51:32,550 INFO  server.RaftServerConfigKeys (ConfUtils.java:logGet(43)) - raft.server.log.statemachine.data.sync.timeout = 10s (default)
2019-08-09 03:51:32,550 INFO  server.RaftServerConfigKeys (ConfUtils.java:logGet(43)) - raft.server.log.statemachine.data.sync.timeout.retry = -1 (default)
2019-08-09 03:51:32,551 INFO  server.RaftServerConfigKeys (ConfUtils.java:logGet(43)) - raft.server.log.statemachine.data.caching.enabled = true (custom)
2019-08-09 03:51:32,551 INFO  segmented.SegmentedRaftLogWorker (SegmentedRaftLogWorker.java:lambda$new$0(132)) - c81431eb-8d32-47c2-a051-d9692899a5ea-SegmentedRaftLogWorker:Storage Directory /workdir/hadoop-ozone/integration-test/target/test-dir/MiniOzoneClusterImpl-ff1f4075-c7da-4dd0-bc05-b1286c81d2a0/datanode-2/data/ratis/ce3f2342-41ef-4261-9efb-5e006625c6d0: flushIndex: setUnconditionally 0 -> -1
2019-08-09 03:51:32,551 INFO  server.RaftServerConfigKeys (ConfUtils.java:logGet(43)) - raft.server.snapshot.auto.trigger.enabled = true (custom)
2019-08-09 03:51:32,552 INFO  server.RaftServerConfigKeys (ConfUtils.java:logGet(43)) - raft.server.snapshot.auto.trigger.threshold = 10000 (custom)
2019-08-09 03:51:32,552 INFO  server.RaftServerConfigKeys (ConfUtils.java:logGet(43)) - raft.server.retrycache.expirytime = 600000ms (custom)
2019-08-09 03:51:32,552 INFO  impl.RaftServerImpl (RaftServerImpl.java:start(180)) - c81431eb-8d32-47c2-a051-d9692899a5ea: start group-5E006625C6D0
2019-08-09 03:51:32,552 INFO  impl.RaftServerImpl (RaftServerImpl.java:setRole(171)) - c81431eb-8d32-47c2-a051-d9692899a5ea:group-5E006625C6D0 changes role from null to FOLLOWER at term 0 for startAsFollower
2019-08-09 03:51:32,552 INFO  impl.RoleInfo (RoleInfo.java:updateAndGet(143)) - c81431eb-8d32-47c2-a051-d9692899a5ea: start FollowerState
2019-08-09 03:51:32,553 INFO  util.JmxRegister (JmxRegister.java:tryRegister(44)) - Successfully registered JMX Bean with object name Ratis:service=RaftServer,group=group-5E006625C6D0,id=c81431eb-8d32-47c2-a051-d9692899a5ea
2019-08-09 03:51:32,569 INFO  pipeline.PipelineStateManager (PipelineStateManager.java:addPipeline(56)) - Created pipeline Pipeline[ Id: ce3f2342-41ef-4261-9efb-5e006625c6d0, Nodes: c81431eb-8d32-47c2-a051-d9692899a5ea{ip: 192.168.157.225, host: byscane-nightly-vbjp7-3883395574, networkLocation: /default-rack, certSerialId: null}, Type:RATIS, Factor:ONE, State:OPEN]
2019-08-09 03:51:32,599 INFO  impl.RaftServerProxy (RaftServerProxy.java:addNew(89)) - 924573be-81f6-4d51-b1e7-163290a7619b: addNew group-AEABD14753BD:[924573be-81f6-4d51-b1e7-163290a7619b:192.168.157.225:45162] returns group-AEABD14753BD:java.util.concurrent.CompletableFuture@541111b3[Not completed]
2019-08-09 03:51:32,603 INFO  impl.RaftServerImpl (RaftServerImpl.java:<init>(93)) - 924573be-81f6-4d51-b1e7-163290a7619b: new RaftServerImpl for group-AEABD14753BD:[924573be-81f6-4d51-b1e7-163290a7619b:192.168.157.225:45162] with ContainerStateMachine:uninitialized
2019-08-09 03:51:32,603 INFO  server.RaftServerConfigKeys (ConfUtils.java:logGet(43)) - raft.server.rpc.timeout.min = 5s (custom)
2019-08-09 03:51:32,603 INFO  server.RaftServerConfigKeys (ConfUtils.java:logGet(43)) - raft.server.rpc.timeout.max = 5200ms (custom)
2019-08-09 03:51:32,603 INFO  server.RaftServerConfigKeys (ConfUtils.java:logGet(43)) - raft.server.rpcslowness.timeout = 120s (custom)
2019-08-09 03:51:32,603 INFO  server.RaftServerConfigKeys (ConfUtils.java:logGet(43)) - raft.server.sleep.deviation.threshold = 300 (default)
2019-08-09 03:51:32,603 INFO  server.RaftServerConfigKeys (ConfUtils.java:logGet(43)) - raft.server.log.appender.install.snapshot.enabled = false (custom)
2019-08-09 03:51:32,604 INFO  impl.RaftServerImpl (ServerState.java:<init>(105)) - 924573be-81f6-4d51-b1e7-163290a7619b:group-AEABD14753BD ConfigurationManager, init=-1: [924573be-81f6-4d51-b1e7-163290a7619b:192.168.157.225:45162], old=null, confs=<EMPTY_MAP>
2019-08-09 03:51:32,604 INFO  server.RaftServerConfigKeys (ConfUtils.java:logGet(43)) - raft.server.storage.dir = [/workdir/hadoop-ozone/integration-test/target/test-dir/MiniOzoneClusterImpl-ff1f4075-c7da-4dd0-bc05-b1286c81d2a0/datanode-3/data/ratis] (custom)
2019-08-09 03:51:32,604 INFO  storage.RaftStorageDirectory (RaftStorageDirectory.java:analyzeStorage(246)) - The storage directory /workdir/hadoop-ozone/integration-test/target/test-dir/MiniOzoneClusterImpl-ff1f4075-c7da-4dd0-bc05-b1286c81d2a0/datanode-3/data/ratis/d56c930f-62cf-486b-9275-aeabd14753bd does not exist. Creating ...
2019-08-09 03:51:32,617 INFO  storage.RaftStorageDirectory (RaftStorageDirectory.java:tryLock(328)) - Lock on /workdir/hadoop-ozone/integration-test/target/test-dir/MiniOzoneClusterImpl-ff1f4075-c7da-4dd0-bc05-b1286c81d2a0/datanode-3/data/ratis/d56c930f-62cf-486b-9275-aeabd14753bd/in_use.lock acquired by nodename 4845@byscane-nightly-vbjp7-3883395574
2019-08-09 03:51:32,632 INFO  storage.RaftStorage (RaftStorage.java:format(72)) - Storage directory /workdir/hadoop-ozone/integration-test/target/test-dir/MiniOzoneClusterImpl-ff1f4075-c7da-4dd0-bc05-b1286c81d2a0/datanode-3/data/ratis/d56c930f-62cf-486b-9275-aeabd14753bd has been successfully formatted.
2019-08-09 03:51:32,632 INFO  ratis.ContainerStateMachine (ContainerStateMachine.java:loadSnapshot(213)) - group-AEABD14753BD: The snapshot info is null. Setting the last applied indexto:(t:0, i:~)
2019-08-09 03:51:32,632 INFO  server.RaftServerConfigKeys (ConfUtils.java:logGet(43)) - raft.server.leader.election.timeout = 120s (custom)
2019-08-09 03:51:32,632 INFO  server.RaftServerConfigKeys (ConfUtils.java:logGet(43)) - raft.server.log.use.memory = false (default)
2019-08-09 03:51:32,633 INFO  server.RaftServerConfigKeys (ConfUtils.java:logGet(43)) - raft.server.log.purge.gap = 1000000000 (custom)
2019-08-09 03:51:32,633 INFO  server.RaftServerConfigKeys (ConfUtils.java:logGet(43)) - raft.server.log.appender.buffer.byte-limit = 33554432 (custom)
2019-08-09 03:51:32,633 INFO  server.RaftServerConfigKeys (ConfUtils.java:logGet(43)) - raft.server.log.segment.size.max = 1048576 (custom)
2019-08-09 03:51:32,633 INFO  server.RaftServerConfigKeys (ConfUtils.java:logGet(43)) - raft.server.log.segment.cache.num.max = 2 (custom)
2019-08-09 03:51:32,633 INFO  segmented.SegmentedRaftLogWorker (SegmentedRaftLogWorker.java:<init>(172)) - new 924573be-81f6-4d51-b1e7-163290a7619b-SegmentedRaftLogWorker:Storage Directory /workdir/hadoop-ozone/integration-test/target/test-dir/MiniOzoneClusterImpl-ff1f4075-c7da-4dd0-bc05-b1286c81d2a0/datanode-3/data/ratis/d56c930f-62cf-486b-9275-aeabd14753bd for RaftStorage:Storage Directory /workdir/hadoop-ozone/integration-test/target/test-dir/MiniOzoneClusterImpl-ff1f4075-c7da-4dd0-bc05-b1286c81d2a0/datanode-3/data/ratis/d56c930f-62cf-486b-9275-aeabd14753bd
2019-08-09 03:51:32,633 INFO  server.RaftServerConfigKeys (ConfUtils.java:logGet(43)) - raft.server.log.queue.byte-limit = 2147483647 (custom)
2019-08-09 03:51:32,634 INFO  server.RaftServerConfigKeys (ConfUtils.java:logGet(43)) - raft.server.log.queue.element-limit = 1024 (custom)
2019-08-09 03:51:32,634 INFO  server.RaftServerConfigKeys (ConfUtils.java:logGet(43)) - raft.server.log.segment.size.max = 1048576 (custom)
2019-08-09 03:51:32,634 INFO  server.RaftServerConfigKeys (ConfUtils.java:logGet(43)) - raft.server.log.preallocated.size = 16384 (custom)
2019-08-09 03:51:32,634 INFO  server.RaftServerConfigKeys (ConfUtils.java:logGet(43)) - raft.server.log.write.buffer.size = 33554432 (custom)
2019-08-09 03:51:32,635 INFO  server.RaftServerConfigKeys (ConfUtils.java:logGet(43)) - raft.server.log.force.sync.num = 128 (default)
2019-08-09 03:51:32,635 INFO  server.RaftServerConfigKeys (ConfUtils.java:logGet(43)) - raft.server.log.statemachine.data.sync = true (default)
2019-08-09 03:51:32,635 INFO  server.RaftServerConfigKeys (ConfUtils.java:logGet(43)) - raft.server.log.statemachine.data.sync.timeout = 10s (default)
2019-08-09 03:51:32,635 INFO  server.RaftServerConfigKeys (ConfUtils.java:logGet(43)) - raft.server.log.statemachine.data.sync.timeout.retry = -1 (default)
2019-08-09 03:51:32,635 INFO  server.RaftServerConfigKeys (ConfUtils.java:logGet(43)) - raft.server.log.statemachine.data.caching.enabled = true (custom)
2019-08-09 03:51:32,636 INFO  segmented.SegmentedRaftLogWorker (SegmentedRaftLogWorker.java:lambda$new$0(132)) - 924573be-81f6-4d51-b1e7-163290a7619b-SegmentedRaftLogWorker:Storage Directory /workdir/hadoop-ozone/integration-test/target/test-dir/MiniOzoneClusterImpl-ff1f4075-c7da-4dd0-bc05-b1286c81d2a0/datanode-3/data/ratis/d56c930f-62cf-486b-9275-aeabd14753bd: flushIndex: setUnconditionally 0 -> -1
2019-08-09 03:51:32,636 INFO  server.RaftServerConfigKeys (ConfUtils.java:logGet(43)) - raft.server.snapshot.auto.trigger.enabled = true (custom)
2019-08-09 03:51:32,636 INFO  server.RaftServerConfigKeys (ConfUtils.java:logGet(43)) - raft.server.snapshot.auto.trigger.threshold = 10000 (custom)
2019-08-09 03:51:32,636 INFO  server.RaftServerConfigKeys (ConfUtils.java:logGet(43)) - raft.server.retrycache.expirytime = 600000ms (custom)
2019-08-09 03:51:32,637 INFO  impl.RaftServerImpl (RaftServerImpl.java:start(180)) - 924573be-81f6-4d51-b1e7-163290a7619b: start group-AEABD14753BD
2019-08-09 03:51:32,637 INFO  impl.RaftServerImpl (RaftServerImpl.java:setRole(171)) - 924573be-81f6-4d51-b1e7-163290a7619b:group-AEABD14753BD changes role from null to FOLLOWER at term 0 for startAsFollower
2019-08-09 03:51:32,637 INFO  impl.RoleInfo (RoleInfo.java:updateAndGet(143)) - 924573be-81f6-4d51-b1e7-163290a7619b: start FollowerState
2019-08-09 03:51:32,637 INFO  util.JmxRegister (JmxRegister.java:tryRegister(44)) - Successfully registered JMX Bean with object name Ratis:service=RaftServer,group=group-AEABD14753BD,id=924573be-81f6-4d51-b1e7-163290a7619b
2019-08-09 03:51:32,649 INFO  pipeline.PipelineStateManager (PipelineStateManager.java:addPipeline(56)) - Created pipeline Pipeline[ Id: d56c930f-62cf-486b-9275-aeabd14753bd, Nodes: 924573be-81f6-4d51-b1e7-163290a7619b{ip: 192.168.157.225, host: byscane-nightly-vbjp7-3883395574, networkLocation: /default-rack, certSerialId: null}, Type:RATIS, Factor:ONE, State:OPEN]
2019-08-09 03:51:32,674 INFO  impl.RaftServerProxy (RaftServerProxy.java:addNew(89)) - 39361c49-ee90-41a6-a65b-5fabdda3eeb1: addNew group-B2F5B1987CA4:[39361c49-ee90-41a6-a65b-5fabdda3eeb1:192.168.157.225:35252] returns group-B2F5B1987CA4:java.util.concurrent.CompletableFuture@6e24f5a6[Not completed]
2019-08-09 03:51:32,676 INFO  impl.RaftServerImpl (RaftServerImpl.java:<init>(93)) - 39361c49-ee90-41a6-a65b-5fabdda3eeb1: new RaftServerImpl for group-B2F5B1987CA4:[39361c49-ee90-41a6-a65b-5fabdda3eeb1:192.168.157.225:35252] with ContainerStateMachine:uninitialized
2019-08-09 03:51:32,676 INFO  server.RaftServerConfigKeys (ConfUtils.java:logGet(43)) - raft.server.rpc.timeout.min = 5s (custom)
2019-08-09 03:51:32,677 INFO  server.RaftServerConfigKeys (ConfUtils.java:logGet(43)) - raft.server.rpc.timeout.max = 5200ms (custom)
2019-08-09 03:51:32,677 INFO  server.RaftServerConfigKeys (ConfUtils.java:logGet(43)) - raft.server.rpcslowness.timeout = 120s (custom)
2019-08-09 03:51:32,677 INFO  server.RaftServerConfigKeys (ConfUtils.java:logGet(43)) - raft.server.sleep.deviation.threshold = 300 (default)
2019-08-09 03:51:32,677 INFO  server.RaftServerConfigKeys (ConfUtils.java:logGet(43)) - raft.server.log.appender.install.snapshot.enabled = false (custom)
2019-08-09 03:51:32,677 INFO  impl.RaftServerImpl (ServerState.java:<init>(105)) - 39361c49-ee90-41a6-a65b-5fabdda3eeb1:group-B2F5B1987CA4 ConfigurationManager, init=-1: [39361c49-ee90-41a6-a65b-5fabdda3eeb1:192.168.157.225:35252], old=null, confs=<EMPTY_MAP>
2019-08-09 03:51:32,678 INFO  server.RaftServerConfigKeys (ConfUtils.java:logGet(43)) - raft.server.storage.dir = [/workdir/hadoop-ozone/integration-test/target/test-dir/MiniOzoneClusterImpl-ff1f4075-c7da-4dd0-bc05-b1286c81d2a0/datanode-1/data/ratis] (custom)
2019-08-09 03:51:32,678 INFO  storage.RaftStorageDirectory (RaftStorageDirectory.java:analyzeStorage(246)) - The storage directory /workdir/hadoop-ozone/integration-test/target/test-dir/MiniOzoneClusterImpl-ff1f4075-c7da-4dd0-bc05-b1286c81d2a0/datanode-1/data/ratis/14fdd587-b39c-4332-9faa-b2f5b1987ca4 does not exist. Creating ...
2019-08-09 03:51:32,691 INFO  storage.RaftStorageDirectory (RaftStorageDirectory.java:tryLock(328)) - Lock on /workdir/hadoop-ozone/integration-test/target/test-dir/MiniOzoneClusterImpl-ff1f4075-c7da-4dd0-bc05-b1286c81d2a0/datanode-1/data/ratis/14fdd587-b39c-4332-9faa-b2f5b1987ca4/in_use.lock acquired by nodename 4845@byscane-nightly-vbjp7-3883395574
2019-08-09 03:51:32,704 INFO  storage.RaftStorage (RaftStorage.java:format(72)) - Storage directory /workdir/hadoop-ozone/integration-test/target/test-dir/MiniOzoneClusterImpl-ff1f4075-c7da-4dd0-bc05-b1286c81d2a0/datanode-1/data/ratis/14fdd587-b39c-4332-9faa-b2f5b1987ca4 has been successfully formatted.
2019-08-09 03:51:32,704 INFO  ratis.ContainerStateMachine (ContainerStateMachine.java:loadSnapshot(213)) - group-B2F5B1987CA4: The snapshot info is null. Setting the last applied indexto:(t:0, i:~)
2019-08-09 03:51:32,704 INFO  server.RaftServerConfigKeys (ConfUtils.java:logGet(43)) - raft.server.leader.election.timeout = 120s (custom)
2019-08-09 03:51:32,705 INFO  server.RaftServerConfigKeys (ConfUtils.java:logGet(43)) - raft.server.log.use.memory = false (default)
2019-08-09 03:51:32,705 INFO  server.RaftServerConfigKeys (ConfUtils.java:logGet(43)) - raft.server.log.purge.gap = 1000000000 (custom)
2019-08-09 03:51:32,705 INFO  server.RaftServerConfigKeys (ConfUtils.java:logGet(43)) - raft.server.log.appender.buffer.byte-limit = 33554432 (custom)
2019-08-09 03:51:32,705 INFO  server.RaftServerConfigKeys (ConfUtils.java:logGet(43)) - raft.server.log.segment.size.max = 1048576 (custom)
2019-08-09 03:51:32,705 INFO  server.RaftServerConfigKeys (ConfUtils.java:logGet(43)) - raft.server.log.segment.cache.num.max = 2 (custom)
2019-08-09 03:51:32,705 INFO  segmented.SegmentedRaftLogWorker (SegmentedRaftLogWorker.java:<init>(172)) - new 39361c49-ee90-41a6-a65b-5fabdda3eeb1-SegmentedRaftLogWorker:Storage Directory /workdir/hadoop-ozone/integration-test/target/test-dir/MiniOzoneClusterImpl-ff1f4075-c7da-4dd0-bc05-b1286c81d2a0/datanode-1/data/ratis/14fdd587-b39c-4332-9faa-b2f5b1987ca4 for RaftStorage:Storage Directory /workdir/hadoop-ozone/integration-test/target/test-dir/MiniOzoneClusterImpl-ff1f4075-c7da-4dd0-bc05-b1286c81d2a0/datanode-1/data/ratis/14fdd587-b39c-4332-9faa-b2f5b1987ca4
2019-08-09 03:51:32,706 INFO  server.RaftServerConfigKeys (ConfUtils.java:logGet(43)) - raft.server.log.queue.byte-limit = 2147483647 (custom)
2019-08-09 03:51:32,706 INFO  server.RaftServerConfigKeys (ConfUtils.java:logGet(43)) - raft.server.log.queue.element-limit = 1024 (custom)
2019-08-09 03:51:32,706 INFO  server.RaftServerConfigKeys (ConfUtils.java:logGet(43)) - raft.server.log.segment.size.max = 1048576 (custom)
2019-08-09 03:51:32,706 INFO  server.RaftServerConfigKeys (ConfUtils.java:logGet(43)) - raft.server.log.preallocated.size = 16384 (custom)
2019-08-09 03:51:32,706 INFO  server.RaftServerConfigKeys (ConfUtils.java:logGet(43)) - raft.server.log.write.buffer.size = 33554432 (custom)
2019-08-09 03:51:32,707 INFO  server.RaftServerConfigKeys (ConfUtils.java:logGet(43)) - raft.server.log.force.sync.num = 128 (default)
2019-08-09 03:51:32,707 INFO  server.RaftServerConfigKeys (ConfUtils.java:logGet(43)) - raft.server.log.statemachine.data.sync = true (default)
2019-08-09 03:51:32,707 INFO  server.RaftServerConfigKeys (ConfUtils.java:logGet(43)) - raft.server.log.statemachine.data.sync.timeout = 10s (default)
2019-08-09 03:51:32,707 INFO  server.RaftServerConfigKeys (ConfUtils.java:logGet(43)) - raft.server.log.statemachine.data.sync.timeout.retry = -1 (default)
2019-08-09 03:51:32,708 INFO  server.RaftServerConfigKeys (ConfUtils.java:logGet(43)) - raft.server.log.statemachine.data.caching.enabled = true (custom)
2019-08-09 03:51:32,708 INFO  segmented.SegmentedRaftLogWorker (SegmentedRaftLogWorker.java:lambda$new$0(132)) - 39361c49-ee90-41a6-a65b-5fabdda3eeb1-SegmentedRaftLogWorker:Storage Directory /workdir/hadoop-ozone/integration-test/target/test-dir/MiniOzoneClusterImpl-ff1f4075-c7da-4dd0-bc05-b1286c81d2a0/datanode-1/data/ratis/14fdd587-b39c-4332-9faa-b2f5b1987ca4: flushIndex: setUnconditionally 0 -> -1
2019-08-09 03:51:32,708 INFO  server.RaftServerConfigKeys (ConfUtils.java:logGet(43)) - raft.server.snapshot.auto.trigger.enabled = true (custom)
2019-08-09 03:51:32,708 INFO  server.RaftServerConfigKeys (ConfUtils.java:logGet(43)) - raft.server.snapshot.auto.trigger.threshold = 10000 (custom)
2019-08-09 03:51:32,709 INFO  server.RaftServerConfigKeys (ConfUtils.java:logGet(43)) - raft.server.retrycache.expirytime = 600000ms (custom)
2019-08-09 03:51:32,709 INFO  impl.RaftServerImpl (RaftServerImpl.java:start(180)) - 39361c49-ee90-41a6-a65b-5fabdda3eeb1: start group-B2F5B1987CA4
2019-08-09 03:51:32,709 INFO  impl.RaftServerImpl (RaftServerImpl.java:setRole(171)) - 39361c49-ee90-41a6-a65b-5fabdda3eeb1:group-B2F5B1987CA4 changes role from null to FOLLOWER at term 0 for startAsFollower
2019-08-09 03:51:32,709 INFO  impl.RoleInfo (RoleInfo.java:updateAndGet(143)) - 39361c49-ee90-41a6-a65b-5fabdda3eeb1: start FollowerState
2019-08-09 03:51:32,710 INFO  util.JmxRegister (JmxRegister.java:tryRegister(44)) - Successfully registered JMX Bean with object name Ratis:service=RaftServer,group=group-B2F5B1987CA4,id=39361c49-ee90-41a6-a65b-5fabdda3eeb1
2019-08-09 03:51:32,724 INFO  pipeline.PipelineStateManager (PipelineStateManager.java:addPipeline(56)) - Created pipeline Pipeline[ Id: 14fdd587-b39c-4332-9faa-b2f5b1987ca4, Nodes: 39361c49-ee90-41a6-a65b-5fabdda3eeb1{ip: 192.168.157.225, host: byscane-nightly-vbjp7-3883395574, networkLocation: /default-rack, certSerialId: null}, Type:RATIS, Factor:ONE, State:OPEN]
2019-08-09 03:51:32,753 INFO  rpc.RpcClient (RpcClient.java:createVolume(288)) - Creating Volume: datanodefailurehandlingtest, with jenkins1000 as owner.
2019-08-09 03:51:32,770 INFO  impl.RaftServerProxy (RaftServerProxy.java:addNew(89)) - 96d88727-a26b-4013-b168-529a658d9256: addNew group-810C4C902720:[96d88727-a26b-4013-b168-529a658d9256:192.168.157.225:39994] returns group-810C4C902720:java.util.concurrent.CompletableFuture@71230733[Not completed]
2019-08-09 03:51:32,776 INFO  impl.RaftServerImpl (RaftServerImpl.java:<init>(93)) - 96d88727-a26b-4013-b168-529a658d9256: new RaftServerImpl for group-810C4C902720:[96d88727-a26b-4013-b168-529a658d9256:192.168.157.225:39994] with ContainerStateMachine:uninitialized
2019-08-09 03:51:32,776 INFO  server.RaftServerConfigKeys (ConfUtils.java:logGet(43)) - raft.server.rpc.timeout.min = 5s (custom)
2019-08-09 03:51:32,776 INFO  server.RaftServerConfigKeys (ConfUtils.java:logGet(43)) - raft.server.rpc.timeout.max = 5200ms (custom)
2019-08-09 03:51:32,776 INFO  server.RaftServerConfigKeys (ConfUtils.java:logGet(43)) - raft.server.rpcslowness.timeout = 120s (custom)
2019-08-09 03:51:32,777 INFO  server.RaftServerConfigKeys (ConfUtils.java:logGet(43)) - raft.server.sleep.deviation.threshold = 300 (default)
2019-08-09 03:51:32,777 INFO  server.RaftServerConfigKeys (ConfUtils.java:logGet(43)) - raft.server.log.appender.install.snapshot.enabled = false (custom)
2019-08-09 03:51:32,777 INFO  impl.RaftServerImpl (ServerState.java:<init>(105)) - 96d88727-a26b-4013-b168-529a658d9256:group-810C4C902720 ConfigurationManager, init=-1: [96d88727-a26b-4013-b168-529a658d9256:192.168.157.225:39994], old=null, confs=<EMPTY_MAP>
2019-08-09 03:51:32,777 INFO  server.RaftServerConfigKeys (ConfUtils.java:logGet(43)) - raft.server.storage.dir = [/workdir/hadoop-ozone/integration-test/target/test-dir/MiniOzoneClusterImpl-ff1f4075-c7da-4dd0-bc05-b1286c81d2a0/datanode-4/data/ratis] (custom)
2019-08-09 03:51:32,778 INFO  storage.RaftStorageDirectory (RaftStorageDirectory.java:analyzeStorage(246)) - The storage directory /workdir/hadoop-ozone/integration-test/target/test-dir/MiniOzoneClusterImpl-ff1f4075-c7da-4dd0-bc05-b1286c81d2a0/datanode-4/data/ratis/d520bb94-4501-4416-9f5c-810c4c902720 does not exist. Creating ...
2019-08-09 03:51:32,791 INFO  storage.RaftStorageDirectory (RaftStorageDirectory.java:tryLock(328)) - Lock on /workdir/hadoop-ozone/integration-test/target/test-dir/MiniOzoneClusterImpl-ff1f4075-c7da-4dd0-bc05-b1286c81d2a0/datanode-4/data/ratis/d520bb94-4501-4416-9f5c-810c4c902720/in_use.lock acquired by nodename 4845@byscane-nightly-vbjp7-3883395574
2019-08-09 03:51:32,804 INFO  storage.RaftStorage (RaftStorage.java:format(72)) - Storage directory /workdir/hadoop-ozone/integration-test/target/test-dir/MiniOzoneClusterImpl-ff1f4075-c7da-4dd0-bc05-b1286c81d2a0/datanode-4/data/ratis/d520bb94-4501-4416-9f5c-810c4c902720 has been successfully formatted.
2019-08-09 03:51:32,804 INFO  ratis.ContainerStateMachine (ContainerStateMachine.java:loadSnapshot(213)) - group-810C4C902720: The snapshot info is null. Setting the last applied indexto:(t:0, i:~)
2019-08-09 03:51:32,804 INFO  server.RaftServerConfigKeys (ConfUtils.java:logGet(43)) - raft.server.leader.election.timeout = 120s (custom)
2019-08-09 03:51:32,805 INFO  server.RaftServerConfigKeys (ConfUtils.java:logGet(43)) - raft.server.log.use.memory = false (default)
2019-08-09 03:51:32,805 INFO  server.RaftServerConfigKeys (ConfUtils.java:logGet(43)) - raft.server.log.purge.gap = 1000000000 (custom)
2019-08-09 03:51:32,806 INFO  server.RaftServerConfigKeys (ConfUtils.java:logGet(43)) - raft.server.log.appender.buffer.byte-limit = 33554432 (custom)
2019-08-09 03:51:32,806 INFO  server.RaftServerConfigKeys (ConfUtils.java:logGet(43)) - raft.server.log.segment.size.max = 1048576 (custom)
2019-08-09 03:51:32,807 INFO  server.RaftServerConfigKeys (ConfUtils.java:logGet(43)) - raft.server.log.segment.cache.num.max = 2 (custom)
2019-08-09 03:51:32,807 INFO  segmented.SegmentedRaftLogWorker (SegmentedRaftLogWorker.java:<init>(172)) - new 96d88727-a26b-4013-b168-529a658d9256-SegmentedRaftLogWorker:Storage Directory /workdir/hadoop-ozone/integration-test/target/test-dir/MiniOzoneClusterImpl-ff1f4075-c7da-4dd0-bc05-b1286c81d2a0/datanode-4/data/ratis/d520bb94-4501-4416-9f5c-810c4c902720 for RaftStorage:Storage Directory /workdir/hadoop-ozone/integration-test/target/test-dir/MiniOzoneClusterImpl-ff1f4075-c7da-4dd0-bc05-b1286c81d2a0/datanode-4/data/ratis/d520bb94-4501-4416-9f5c-810c4c902720
2019-08-09 03:51:32,807 INFO  server.RaftServerConfigKeys (ConfUtils.java:logGet(43)) - raft.server.log.queue.byte-limit = 2147483647 (custom)
2019-08-09 03:51:32,807 INFO  server.RaftServerConfigKeys (ConfUtils.java:logGet(43)) - raft.server.log.queue.element-limit = 1024 (custom)
2019-08-09 03:51:32,807 INFO  server.RaftServerConfigKeys (ConfUtils.java:logGet(43)) - raft.server.log.segment.size.max = 1048576 (custom)
2019-08-09 03:51:32,808 INFO  server.RaftServerConfigKeys (ConfUtils.java:logGet(43)) - raft.server.log.preallocated.size = 16384 (custom)
2019-08-09 03:51:32,808 INFO  server.RaftServerConfigKeys (ConfUtils.java:logGet(43)) - raft.server.log.write.buffer.size = 33554432 (custom)
2019-08-09 03:51:32,808 INFO  server.RaftServerConfigKeys (ConfUtils.java:logGet(43)) - raft.server.log.force.sync.num = 128 (default)
2019-08-09 03:51:32,808 INFO  server.RaftServerConfigKeys (ConfUtils.java:logGet(43)) - raft.server.log.statemachine.data.sync = true (default)
2019-08-09 03:51:32,808 INFO  server.RaftServerConfigKeys (ConfUtils.java:logGet(43)) - raft.server.log.statemachine.data.sync.timeout = 10s (default)
2019-08-09 03:51:32,808 INFO  server.RaftServerConfigKeys (ConfUtils.java:logGet(43)) - raft.server.log.statemachine.data.sync.timeout.retry = -1 (default)
2019-08-09 03:51:32,809 INFO  server.RaftServerConfigKeys (ConfUtils.java:logGet(43)) - raft.server.log.statemachine.data.caching.enabled = true (custom)
2019-08-09 03:51:32,809 INFO  segmented.SegmentedRaftLogWorker (SegmentedRaftLogWorker.java:lambda$new$0(132)) - 96d88727-a26b-4013-b168-529a658d9256-SegmentedRaftLogWorker:Storage Directory /workdir/hadoop-ozone/integration-test/target/test-dir/MiniOzoneClusterImpl-ff1f4075-c7da-4dd0-bc05-b1286c81d2a0/datanode-4/data/ratis/d520bb94-4501-4416-9f5c-810c4c902720: flushIndex: setUnconditionally 0 -> -1
2019-08-09 03:51:32,809 INFO  server.RaftServerConfigKeys (ConfUtils.java:logGet(43)) - raft.server.snapshot.auto.trigger.enabled = true (custom)
2019-08-09 03:51:32,809 INFO  server.RaftServerConfigKeys (ConfUtils.java:logGet(43)) - raft.server.snapshot.auto.trigger.threshold = 10000 (custom)
2019-08-09 03:51:32,810 INFO  server.RaftServerConfigKeys (ConfUtils.java:logGet(43)) - raft.server.retrycache.expirytime = 600000ms (custom)
2019-08-09 03:51:32,810 INFO  impl.RaftServerImpl (RaftServerImpl.java:start(180)) - 96d88727-a26b-4013-b168-529a658d9256: start group-810C4C902720
2019-08-09 03:51:32,810 INFO  impl.RaftServerImpl (RaftServerImpl.java:setRole(171)) - 96d88727-a26b-4013-b168-529a658d9256:group-810C4C902720 changes role from null to FOLLOWER at term 0 for startAsFollower
2019-08-09 03:51:32,810 INFO  impl.RoleInfo (RoleInfo.java:updateAndGet(143)) - 96d88727-a26b-4013-b168-529a658d9256: start FollowerState
2019-08-09 03:51:32,811 INFO  util.JmxRegister (JmxRegister.java:tryRegister(44)) - Successfully registered JMX Bean with object name Ratis:service=RaftServer,group=group-810C4C902720,id=96d88727-a26b-4013-b168-529a658d9256
2019-08-09 03:51:32,815 INFO  rpc.RpcClient (RpcClient.java:createBucket(425)) - Creating Bucket: datanodefailurehandlingtest/datanodefailurehandlingtest, with Versioning false and Storage Type set to DISK and Encryption set to false 
2019-08-09 03:51:32,823 INFO  pipeline.PipelineStateManager (PipelineStateManager.java:addPipeline(56)) - Created pipeline Pipeline[ Id: d520bb94-4501-4416-9f5c-810c4c902720, Nodes: 96d88727-a26b-4013-b168-529a658d9256{ip: 192.168.157.225, host: byscane-nightly-vbjp7-3883395574, networkLocation: /default-rack, certSerialId: null}, Type:RATIS, Factor:ONE, State:OPEN]
2019-08-09 03:51:32,872 INFO  impl.RaftServerProxy (RaftServerProxy.java:addNew(89)) - c81431eb-8d32-47c2-a051-d9692899a5ea: addNew group-1FBFDE7F0AC9:[924573be-81f6-4d51-b1e7-163290a7619b:192.168.157.225:45162, 386cb1e4-3366-4d3a-9c87-536bd0e99de2:192.168.157.225:39808, c81431eb-8d32-47c2-a051-d9692899a5ea:192.168.157.225:39327] returns group-1FBFDE7F0AC9:java.util.concurrent.CompletableFuture@2d066432[Not completed]
2019-08-09 03:51:32,873 INFO  impl.RaftServerProxy (RaftServerProxy.java:addNew(89)) - 924573be-81f6-4d51-b1e7-163290a7619b: addNew group-1FBFDE7F0AC9:[924573be-81f6-4d51-b1e7-163290a7619b:192.168.157.225:45162, 386cb1e4-3366-4d3a-9c87-536bd0e99de2:192.168.157.225:39808, c81431eb-8d32-47c2-a051-d9692899a5ea:192.168.157.225:39327] returns group-1FBFDE7F0AC9:java.util.concurrent.CompletableFuture@2df8611d[Not completed]
2019-08-09 03:51:32,873 INFO  impl.RaftServerProxy (RaftServerProxy.java:addNew(89)) - 386cb1e4-3366-4d3a-9c87-536bd0e99de2: addNew group-1FBFDE7F0AC9:[924573be-81f6-4d51-b1e7-163290a7619b:192.168.157.225:45162, 386cb1e4-3366-4d3a-9c87-536bd0e99de2:192.168.157.225:39808, c81431eb-8d32-47c2-a051-d9692899a5ea:192.168.157.225:39327] returns group-1FBFDE7F0AC9:java.util.concurrent.CompletableFuture@4cfd94e4[Not completed]
2019-08-09 03:51:32,875 INFO  impl.RaftServerImpl (RaftServerImpl.java:<init>(93)) - c81431eb-8d32-47c2-a051-d9692899a5ea: new RaftServerImpl for group-1FBFDE7F0AC9:[924573be-81f6-4d51-b1e7-163290a7619b:192.168.157.225:45162, 386cb1e4-3366-4d3a-9c87-536bd0e99de2:192.168.157.225:39808, c81431eb-8d32-47c2-a051-d9692899a5ea:192.168.157.225:39327] with ContainerStateMachine:uninitialized
2019-08-09 03:51:32,876 INFO  server.RaftServerConfigKeys (ConfUtils.java:logGet(43)) - raft.server.rpc.timeout.min = 5s (custom)
2019-08-09 03:51:32,876 INFO  server.RaftServerConfigKeys (ConfUtils.java:logGet(43)) - raft.server.rpc.timeout.max = 5200ms (custom)
2019-08-09 03:51:32,876 INFO  server.RaftServerConfigKeys (ConfUtils.java:logGet(43)) - raft.server.rpcslowness.timeout = 120s (custom)
2019-08-09 03:51:32,876 INFO  server.RaftServerConfigKeys (ConfUtils.java:logGet(43)) - raft.server.sleep.deviation.threshold = 300 (default)
2019-08-09 03:51:32,877 INFO  server.RaftServerConfigKeys (ConfUtils.java:logGet(43)) - raft.server.log.appender.install.snapshot.enabled = false (custom)
2019-08-09 03:51:32,877 INFO  impl.RaftServerImpl (RaftServerImpl.java:<init>(93)) - 386cb1e4-3366-4d3a-9c87-536bd0e99de2: new RaftServerImpl for group-1FBFDE7F0AC9:[924573be-81f6-4d51-b1e7-163290a7619b:192.168.157.225:45162, 386cb1e4-3366-4d3a-9c87-536bd0e99de2:192.168.157.225:39808, c81431eb-8d32-47c2-a051-d9692899a5ea:192.168.157.225:39327] with ContainerStateMachine:uninitialized
2019-08-09 03:51:32,877 INFO  impl.RaftServerImpl (ServerState.java:<init>(105)) - c81431eb-8d32-47c2-a051-d9692899a5ea:group-1FBFDE7F0AC9 ConfigurationManager, init=-1: [924573be-81f6-4d51-b1e7-163290a7619b:192.168.157.225:45162, 386cb1e4-3366-4d3a-9c87-536bd0e99de2:192.168.157.225:39808, c81431eb-8d32-47c2-a051-d9692899a5ea:192.168.157.225:39327], old=null, confs=<EMPTY_MAP>
2019-08-09 03:51:32,877 INFO  server.RaftServerConfigKeys (ConfUtils.java:logGet(43)) - raft.server.rpc.timeout.min = 5s (custom)
2019-08-09 03:51:32,877 INFO  server.RaftServerConfigKeys (ConfUtils.java:logGet(43)) - raft.server.rpc.timeout.max = 5200ms (custom)
2019-08-09 03:51:32,877 INFO  server.RaftServerConfigKeys (ConfUtils.java:logGet(43)) - raft.server.storage.dir = [/workdir/hadoop-ozone/integration-test/target/test-dir/MiniOzoneClusterImpl-ff1f4075-c7da-4dd0-bc05-b1286c81d2a0/datanode-2/data/ratis] (custom)
2019-08-09 03:51:32,877 INFO  impl.RaftServerImpl (RaftServerImpl.java:<init>(93)) - 924573be-81f6-4d51-b1e7-163290a7619b: new RaftServerImpl for group-1FBFDE7F0AC9:[924573be-81f6-4d51-b1e7-163290a7619b:192.168.157.225:45162, 386cb1e4-3366-4d3a-9c87-536bd0e99de2:192.168.157.225:39808, c81431eb-8d32-47c2-a051-d9692899a5ea:192.168.157.225:39327] with ContainerStateMachine:uninitialized
2019-08-09 03:51:32,877 INFO  server.RaftServerConfigKeys (ConfUtils.java:logGet(43)) - raft.server.rpcslowness.timeout = 120s (custom)
2019-08-09 03:51:32,878 INFO  server.RaftServerConfigKeys (ConfUtils.java:logGet(43)) - raft.server.rpc.timeout.min = 5s (custom)
2019-08-09 03:51:32,878 INFO  server.RaftServerConfigKeys (ConfUtils.java:logGet(43)) - raft.server.sleep.deviation.threshold = 300 (default)
2019-08-09 03:51:32,878 INFO  storage.RaftStorageDirectory (RaftStorageDirectory.java:analyzeStorage(246)) - The storage directory /workdir/hadoop-ozone/integration-test/target/test-dir/MiniOzoneClusterImpl-ff1f4075-c7da-4dd0-bc05-b1286c81d2a0/datanode-2/data/ratis/cf2fc001-b053-4e3c-bedb-1fbfde7f0ac9 does not exist. Creating ...
2019-08-09 03:51:32,878 INFO  server.RaftServerConfigKeys (ConfUtils.java:logGet(43)) - raft.server.rpc.timeout.max = 5200ms (custom)
2019-08-09 03:51:32,878 INFO  server.RaftServerConfigKeys (ConfUtils.java:logGet(43)) - raft.server.log.appender.install.snapshot.enabled = false (custom)
2019-08-09 03:51:32,879 INFO  server.RaftServerConfigKeys (ConfUtils.java:logGet(43)) - raft.server.rpcslowness.timeout = 120s (custom)
2019-08-09 03:51:32,879 INFO  impl.RaftServerImpl (ServerState.java:<init>(105)) - 386cb1e4-3366-4d3a-9c87-536bd0e99de2:group-1FBFDE7F0AC9 ConfigurationManager, init=-1: [924573be-81f6-4d51-b1e7-163290a7619b:192.168.157.225:45162, 386cb1e4-3366-4d3a-9c87-536bd0e99de2:192.168.157.225:39808, c81431eb-8d32-47c2-a051-d9692899a5ea:192.168.157.225:39327], old=null, confs=<EMPTY_MAP>
2019-08-09 03:51:32,879 INFO  server.RaftServerConfigKeys (ConfUtils.java:logGet(43)) - raft.server.sleep.deviation.threshold = 300 (default)
2019-08-09 03:51:32,879 INFO  server.RaftServerConfigKeys (ConfUtils.java:logGet(43)) - raft.server.storage.dir = [/workdir/hadoop-ozone/integration-test/target/test-dir/MiniOzoneClusterImpl-ff1f4075-c7da-4dd0-bc05-b1286c81d2a0/datanode-5/data/ratis] (custom)
2019-08-09 03:51:32,879 INFO  server.RaftServerConfigKeys (ConfUtils.java:logGet(43)) - raft.server.log.appender.install.snapshot.enabled = false (custom)
2019-08-09 03:51:32,879 INFO  impl.RaftServerImpl (ServerState.java:<init>(105)) - 924573be-81f6-4d51-b1e7-163290a7619b:group-1FBFDE7F0AC9 ConfigurationManager, init=-1: [924573be-81f6-4d51-b1e7-163290a7619b:192.168.157.225:45162, 386cb1e4-3366-4d3a-9c87-536bd0e99de2:192.168.157.225:39808, c81431eb-8d32-47c2-a051-d9692899a5ea:192.168.157.225:39327], old=null, confs=<EMPTY_MAP>
2019-08-09 03:51:32,879 INFO  storage.RaftStorageDirectory (RaftStorageDirectory.java:analyzeStorage(246)) - The storage directory /workdir/hadoop-ozone/integration-test/target/test-dir/MiniOzoneClusterImpl-ff1f4075-c7da-4dd0-bc05-b1286c81d2a0/datanode-5/data/ratis/cf2fc001-b053-4e3c-bedb-1fbfde7f0ac9 does not exist. Creating ...
2019-08-09 03:51:32,880 INFO  server.RaftServerConfigKeys (ConfUtils.java:logGet(43)) - raft.server.storage.dir = [/workdir/hadoop-ozone/integration-test/target/test-dir/MiniOzoneClusterImpl-ff1f4075-c7da-4dd0-bc05-b1286c81d2a0/datanode-3/data/ratis] (custom)
2019-08-09 03:51:32,881 INFO  storage.RaftStorageDirectory (RaftStorageDirectory.java:analyzeStorage(246)) - The storage directory /workdir/hadoop-ozone/integration-test/target/test-dir/MiniOzoneClusterImpl-ff1f4075-c7da-4dd0-bc05-b1286c81d2a0/datanode-3/data/ratis/cf2fc001-b053-4e3c-bedb-1fbfde7f0ac9 does not exist. Creating ...
2019-08-09 03:51:32,905 INFO  storage.RaftStorageDirectory (RaftStorageDirectory.java:tryLock(328)) - Lock on /workdir/hadoop-ozone/integration-test/target/test-dir/MiniOzoneClusterImpl-ff1f4075-c7da-4dd0-bc05-b1286c81d2a0/datanode-3/data/ratis/cf2fc001-b053-4e3c-bedb-1fbfde7f0ac9/in_use.lock acquired by nodename 4845@byscane-nightly-vbjp7-3883395574
2019-08-09 03:51:32,905 INFO  storage.RaftStorageDirectory (RaftStorageDirectory.java:tryLock(328)) - Lock on /workdir/hadoop-ozone/integration-test/target/test-dir/MiniOzoneClusterImpl-ff1f4075-c7da-4dd0-bc05-b1286c81d2a0/datanode-2/data/ratis/cf2fc001-b053-4e3c-bedb-1fbfde7f0ac9/in_use.lock acquired by nodename 4845@byscane-nightly-vbjp7-3883395574
2019-08-09 03:51:32,905 INFO  storage.RaftStorageDirectory (RaftStorageDirectory.java:tryLock(328)) - Lock on /workdir/hadoop-ozone/integration-test/target/test-dir/MiniOzoneClusterImpl-ff1f4075-c7da-4dd0-bc05-b1286c81d2a0/datanode-5/data/ratis/cf2fc001-b053-4e3c-bedb-1fbfde7f0ac9/in_use.lock acquired by nodename 4845@byscane-nightly-vbjp7-3883395574
2019-08-09 03:51:32,935 INFO  storage.RaftStorage (RaftStorage.java:format(72)) - Storage directory /workdir/hadoop-ozone/integration-test/target/test-dir/MiniOzoneClusterImpl-ff1f4075-c7da-4dd0-bc05-b1286c81d2a0/datanode-5/data/ratis/cf2fc001-b053-4e3c-bedb-1fbfde7f0ac9 has been successfully formatted.
2019-08-09 03:51:32,935 INFO  storage.RaftStorage (RaftStorage.java:format(72)) - Storage directory /workdir/hadoop-ozone/integration-test/target/test-dir/MiniOzoneClusterImpl-ff1f4075-c7da-4dd0-bc05-b1286c81d2a0/datanode-3/data/ratis/cf2fc001-b053-4e3c-bedb-1fbfde7f0ac9 has been successfully formatted.
2019-08-09 03:51:32,935 INFO  storage.RaftStorage (RaftStorage.java:format(72)) - Storage directory /workdir/hadoop-ozone/integration-test/target/test-dir/MiniOzoneClusterImpl-ff1f4075-c7da-4dd0-bc05-b1286c81d2a0/datanode-2/data/ratis/cf2fc001-b053-4e3c-bedb-1fbfde7f0ac9 has been successfully formatted.
2019-08-09 03:51:32,935 INFO  ratis.ContainerStateMachine (ContainerStateMachine.java:loadSnapshot(213)) - group-1FBFDE7F0AC9: The snapshot info is null. Setting the last applied indexto:(t:0, i:~)
2019-08-09 03:51:32,936 INFO  ratis.ContainerStateMachine (ContainerStateMachine.java:loadSnapshot(213)) - group-1FBFDE7F0AC9: The snapshot info is null. Setting the last applied indexto:(t:0, i:~)
2019-08-09 03:51:32,936 INFO  server.RaftServerConfigKeys (ConfUtils.java:logGet(43)) - raft.server.leader.election.timeout = 120s (custom)
2019-08-09 03:51:32,936 INFO  ratis.ContainerStateMachine (ContainerStateMachine.java:loadSnapshot(213)) - group-1FBFDE7F0AC9: The snapshot info is null. Setting the last applied indexto:(t:0, i:~)
2019-08-09 03:51:32,936 INFO  server.RaftServerConfigKeys (ConfUtils.java:logGet(43)) - raft.server.log.use.memory = false (default)
2019-08-09 03:51:32,936 INFO  server.RaftServerConfigKeys (ConfUtils.java:logGet(43)) - raft.server.leader.election.timeout = 120s (custom)
2019-08-09 03:51:32,936 INFO  server.RaftServerConfigKeys (ConfUtils.java:logGet(43)) - raft.server.log.purge.gap = 1000000000 (custom)
2019-08-09 03:51:32,936 INFO  server.RaftServerConfigKeys (ConfUtils.java:logGet(43)) - raft.server.leader.election.timeout = 120s (custom)
2019-08-09 03:51:32,937 INFO  server.RaftServerConfigKeys (ConfUtils.java:logGet(43)) - raft.server.log.appender.buffer.byte-limit = 33554432 (custom)
2019-08-09 03:51:32,937 INFO  server.RaftServerConfigKeys (ConfUtils.java:logGet(43)) - raft.server.log.use.memory = false (default)
2019-08-09 03:51:32,937 INFO  server.RaftServerConfigKeys (ConfUtils.java:logGet(43)) - raft.server.log.segment.size.max = 1048576 (custom)
2019-08-09 03:51:32,937 INFO  server.RaftServerConfigKeys (ConfUtils.java:logGet(43)) - raft.server.log.use.memory = false (default)
2019-08-09 03:51:32,937 INFO  server.RaftServerConfigKeys (ConfUtils.java:logGet(43)) - raft.server.log.segment.cache.num.max = 2 (custom)
2019-08-09 03:51:32,937 INFO  server.RaftServerConfigKeys (ConfUtils.java:logGet(43)) - raft.server.log.purge.gap = 1000000000 (custom)
2019-08-09 03:51:32,938 INFO  segmented.SegmentedRaftLogWorker (SegmentedRaftLogWorker.java:<init>(172)) - new 386cb1e4-3366-4d3a-9c87-536bd0e99de2-SegmentedRaftLogWorker:Storage Directory /workdir/hadoop-ozone/integration-test/target/test-dir/MiniOzoneClusterImpl-ff1f4075-c7da-4dd0-bc05-b1286c81d2a0/datanode-5/data/ratis/cf2fc001-b053-4e3c-bedb-1fbfde7f0ac9 for RaftStorage:Storage Directory /workdir/hadoop-ozone/integration-test/target/test-dir/MiniOzoneClusterImpl-ff1f4075-c7da-4dd0-bc05-b1286c81d2a0/datanode-5/data/ratis/cf2fc001-b053-4e3c-bedb-1fbfde7f0ac9
2019-08-09 03:51:32,938 INFO  server.RaftServerConfigKeys (ConfUtils.java:logGet(43)) - raft.server.log.purge.gap = 1000000000 (custom)
2019-08-09 03:51:32,938 INFO  server.RaftServerConfigKeys (ConfUtils.java:logGet(43)) - raft.server.log.queue.byte-limit = 2147483647 (custom)
2019-08-09 03:51:32,938 INFO  server.RaftServerConfigKeys (ConfUtils.java:logGet(43)) - raft.server.log.appender.buffer.byte-limit = 33554432 (custom)
2019-08-09 03:51:32,940 INFO  server.RaftServerConfigKeys (ConfUtils.java:logGet(43)) - raft.server.log.queue.element-limit = 1024 (custom)
2019-08-09 03:51:32,938 INFO  server.RaftServerConfigKeys (ConfUtils.java:logGet(43)) - raft.server.log.appender.buffer.byte-limit = 33554432 (custom)
2019-08-09 03:51:32,940 INFO  server.RaftServerConfigKeys (ConfUtils.java:logGet(43)) - raft.server.log.segment.size.max = 1048576 (custom)
2019-08-09 03:51:32,940 INFO  server.RaftServerConfigKeys (ConfUtils.java:logGet(43)) - raft.server.log.segment.size.max = 1048576 (custom)
2019-08-09 03:51:32,940 INFO  server.RaftServerConfigKeys (ConfUtils.java:logGet(43)) - raft.server.log.preallocated.size = 16384 (custom)
2019-08-09 03:51:32,941 INFO  server.RaftServerConfigKeys (ConfUtils.java:logGet(43)) - raft.server.log.segment.cache.num.max = 2 (custom)
2019-08-09 03:51:32,940 INFO  server.RaftServerConfigKeys (ConfUtils.java:logGet(43)) - raft.server.log.segment.size.max = 1048576 (custom)
2019-08-09 03:51:32,941 INFO  segmented.SegmentedRaftLogWorker (SegmentedRaftLogWorker.java:<init>(172)) - new 924573be-81f6-4d51-b1e7-163290a7619b-SegmentedRaftLogWorker:Storage Directory /workdir/hadoop-ozone/integration-test/target/test-dir/MiniOzoneClusterImpl-ff1f4075-c7da-4dd0-bc05-b1286c81d2a0/datanode-3/data/ratis/cf2fc001-b053-4e3c-bedb-1fbfde7f0ac9 for RaftStorage:Storage Directory /workdir/hadoop-ozone/integration-test/target/test-dir/MiniOzoneClusterImpl-ff1f4075-c7da-4dd0-bc05-b1286c81d2a0/datanode-3/data/ratis/cf2fc001-b053-4e3c-bedb-1fbfde7f0ac9
2019-08-09 03:51:32,941 INFO  server.RaftServerConfigKeys (ConfUtils.java:logGet(43)) - raft.server.log.write.buffer.size = 33554432 (custom)
2019-08-09 03:51:32,941 INFO  server.RaftServerConfigKeys (ConfUtils.java:logGet(43)) - raft.server.log.queue.byte-limit = 2147483647 (custom)
2019-08-09 03:51:32,941 INFO  server.RaftServerConfigKeys (ConfUtils.java:logGet(43)) - raft.server.log.segment.cache.num.max = 2 (custom)
2019-08-09 03:51:32,943 INFO  server.RaftServerConfigKeys (ConfUtils.java:logGet(43)) - raft.server.log.queue.element-limit = 1024 (custom)
2019-08-09 03:51:32,942 INFO  server.RaftServerConfigKeys (ConfUtils.java:logGet(43)) - raft.server.log.force.sync.num = 128 (default)
2019-08-09 03:51:32,943 INFO  server.RaftServerConfigKeys (ConfUtils.java:logGet(43)) - raft.server.log.segment.size.max = 1048576 (custom)
2019-08-09 03:51:32,943 INFO  segmented.SegmentedRaftLogWorker (SegmentedRaftLogWorker.java:<init>(172)) - new c81431eb-8d32-47c2-a051-d9692899a5ea-SegmentedRaftLogWorker:Storage Directory /workdir/hadoop-ozone/integration-test/target/test-dir/MiniOzoneClusterImpl-ff1f4075-c7da-4dd0-bc05-b1286c81d2a0/datanode-2/data/ratis/cf2fc001-b053-4e3c-bedb-1fbfde7f0ac9 for RaftStorage:Storage Directory /workdir/hadoop-ozone/integration-test/target/test-dir/MiniOzoneClusterImpl-ff1f4075-c7da-4dd0-bc05-b1286c81d2a0/datanode-2/data/ratis/cf2fc001-b053-4e3c-bedb-1fbfde7f0ac9
2019-08-09 03:51:32,943 INFO  server.RaftServerConfigKeys (ConfUtils.java:logGet(43)) - raft.server.log.preallocated.size = 16384 (custom)
2019-08-09 03:51:32,944 INFO  server.RaftServerConfigKeys (ConfUtils.java:logGet(43)) - raft.server.log.write.buffer.size = 33554432 (custom)
2019-08-09 03:51:32,943 INFO  server.RaftServerConfigKeys (ConfUtils.java:logGet(43)) - raft.server.log.statemachine.data.sync = true (default)
2019-08-09 03:51:32,944 INFO  server.RaftServerConfigKeys (ConfUtils.java:logGet(43)) - raft.server.log.force.sync.num = 128 (default)
2019-08-09 03:51:32,943 INFO  server.RaftServerConfigKeys (ConfUtils.java:logGet(43)) - raft.server.log.queue.byte-limit = 2147483647 (custom)
2019-08-09 03:51:32,945 INFO  server.RaftServerConfigKeys (ConfUtils.java:logGet(43)) - raft.server.log.statemachine.data.sync = true (default)
2019-08-09 03:51:32,945 INFO  server.RaftServerConfigKeys (ConfUtils.java:logGet(43)) - raft.server.log.statemachine.data.sync.timeout = 10s (default)
2019-08-09 03:51:32,946 INFO  server.RaftServerConfigKeys (ConfUtils.java:logGet(43)) - raft.server.log.statemachine.data.sync.timeout = 10s (default)
2019-08-09 03:51:32,945 INFO  server.RaftServerConfigKeys (ConfUtils.java:logGet(43)) - raft.server.log.queue.element-limit = 1024 (custom)
2019-08-09 03:51:32,946 INFO  server.RaftServerConfigKeys (ConfUtils.java:logGet(43)) - raft.server.log.statemachine.data.sync.timeout.retry = -1 (default)
2019-08-09 03:51:32,946 INFO  server.RaftServerConfigKeys (ConfUtils.java:logGet(43)) - raft.server.log.statemachine.data.sync.timeout.retry = -1 (default)
2019-08-09 03:51:32,946 INFO  server.RaftServerConfigKeys (ConfUtils.java:logGet(43)) - raft.server.log.statemachine.data.caching.enabled = true (custom)
2019-08-09 03:51:32,946 INFO  server.RaftServerConfigKeys (ConfUtils.java:logGet(43)) - raft.server.log.statemachine.data.caching.enabled = true (custom)
2019-08-09 03:51:32,946 INFO  server.RaftServerConfigKeys (ConfUtils.java:logGet(43)) - raft.server.log.segment.size.max = 1048576 (custom)
2019-08-09 03:51:32,947 INFO  segmented.SegmentedRaftLogWorker (SegmentedRaftLogWorker.java:lambda$new$0(132)) - 924573be-81f6-4d51-b1e7-163290a7619b-SegmentedRaftLogWorker:Storage Directory /workdir/hadoop-ozone/integration-test/target/test-dir/MiniOzoneClusterImpl-ff1f4075-c7da-4dd0-bc05-b1286c81d2a0/datanode-3/data/ratis/cf2fc001-b053-4e3c-bedb-1fbfde7f0ac9: flushIndex: setUnconditionally 0 -> -1
2019-08-09 03:51:32,947 INFO  segmented.SegmentedRaftLogWorker (SegmentedRaftLogWorker.java:lambda$new$0(132)) - 386cb1e4-3366-4d3a-9c87-536bd0e99de2-SegmentedRaftLogWorker:Storage Directory /workdir/hadoop-ozone/integration-test/target/test-dir/MiniOzoneClusterImpl-ff1f4075-c7da-4dd0-bc05-b1286c81d2a0/datanode-5/data/ratis/cf2fc001-b053-4e3c-bedb-1fbfde7f0ac9: flushIndex: setUnconditionally 0 -> -1
2019-08-09 03:51:32,947 INFO  server.RaftServerConfigKeys (ConfUtils.java:logGet(43)) - raft.server.log.preallocated.size = 16384 (custom)
2019-08-09 03:51:32,947 INFO  server.RaftServerConfigKeys (ConfUtils.java:logGet(43)) - raft.server.snapshot.auto.trigger.enabled = true (custom)
2019-08-09 03:51:32,947 INFO  server.RaftServerConfigKeys (ConfUtils.java:logGet(43)) - raft.server.snapshot.auto.trigger.enabled = true (custom)
2019-08-09 03:51:32,947 INFO  server.RaftServerConfigKeys (ConfUtils.java:logGet(43)) - raft.server.log.write.buffer.size = 33554432 (custom)
2019-08-09 03:51:32,948 INFO  server.RaftServerConfigKeys (ConfUtils.java:logGet(43)) - raft.server.snapshot.auto.trigger.threshold = 10000 (custom)
2019-08-09 03:51:32,948 INFO  server.RaftServerConfigKeys (ConfUtils.java:logGet(43)) - raft.server.snapshot.auto.trigger.threshold = 10000 (custom)
2019-08-09 03:51:32,948 INFO  server.RaftServerConfigKeys (ConfUtils.java:logGet(43)) - raft.server.retrycache.expirytime = 600000ms (custom)
2019-08-09 03:51:32,948 INFO  server.RaftServerConfigKeys (ConfUtils.java:logGet(43)) - raft.server.retrycache.expirytime = 600000ms (custom)
2019-08-09 03:51:32,948 INFO  impl.RaftServerImpl (RaftServerImpl.java:start(180)) - 386cb1e4-3366-4d3a-9c87-536bd0e99de2: start group-1FBFDE7F0AC9
2019-08-09 03:51:32,948 INFO  server.RaftServerConfigKeys (ConfUtils.java:logGet(43)) - raft.server.log.force.sync.num = 128 (default)
2019-08-09 03:51:32,949 INFO  impl.RaftServerImpl (RaftServerImpl.java:start(180)) - 924573be-81f6-4d51-b1e7-163290a7619b: start group-1FBFDE7F0AC9
2019-08-09 03:51:32,949 INFO  impl.RaftServerImpl (RaftServerImpl.java:setRole(171)) - 386cb1e4-3366-4d3a-9c87-536bd0e99de2:group-1FBFDE7F0AC9 changes role from null to FOLLOWER at term 0 for startAsFollower
2019-08-09 03:51:32,949 INFO  impl.RaftServerImpl (RaftServerImpl.java:setRole(171)) - 924573be-81f6-4d51-b1e7-163290a7619b:group-1FBFDE7F0AC9 changes role from null to FOLLOWER at term 0 for startAsFollower
2019-08-09 03:51:32,949 INFO  server.RaftServerConfigKeys (ConfUtils.java:logGet(43)) - raft.server.log.statemachine.data.sync = true (default)
2019-08-09 03:51:32,949 INFO  impl.RoleInfo (RoleInfo.java:updateAndGet(143)) - 924573be-81f6-4d51-b1e7-163290a7619b: start FollowerState
2019-08-09 03:51:32,949 INFO  impl.RoleInfo (RoleInfo.java:updateAndGet(143)) - 386cb1e4-3366-4d3a-9c87-536bd0e99de2: start FollowerState
2019-08-09 03:51:32,949 INFO  server.RaftServerConfigKeys (ConfUtils.java:logGet(43)) - raft.server.log.statemachine.data.sync.timeout = 10s (default)
2019-08-09 03:51:32,950 INFO  server.RaftServerConfigKeys (ConfUtils.java:logGet(43)) - raft.server.log.statemachine.data.sync.timeout.retry = -1 (default)
2019-08-09 03:51:32,950 INFO  util.JmxRegister (JmxRegister.java:tryRegister(44)) - Successfully registered JMX Bean with object name Ratis:service=RaftServer,group=group-1FBFDE7F0AC9,id=924573be-81f6-4d51-b1e7-163290a7619b
2019-08-09 03:51:32,950 INFO  util.JmxRegister (JmxRegister.java:tryRegister(44)) - Successfully registered JMX Bean with object name Ratis:service=RaftServer,group=group-1FBFDE7F0AC9,id=386cb1e4-3366-4d3a-9c87-536bd0e99de2
2019-08-09 03:51:32,950 INFO  server.RaftServerConfigKeys (ConfUtils.java:logGet(43)) - raft.server.log.statemachine.data.caching.enabled = true (custom)
2019-08-09 03:51:32,951 INFO  segmented.SegmentedRaftLogWorker (SegmentedRaftLogWorker.java:lambda$new$0(132)) - c81431eb-8d32-47c2-a051-d9692899a5ea-SegmentedRaftLogWorker:Storage Directory /workdir/hadoop-ozone/integration-test/target/test-dir/MiniOzoneClusterImpl-ff1f4075-c7da-4dd0-bc05-b1286c81d2a0/datanode-2/data/ratis/cf2fc001-b053-4e3c-bedb-1fbfde7f0ac9: flushIndex: setUnconditionally 0 -> -1
2019-08-09 03:51:32,951 INFO  server.RaftServerConfigKeys (ConfUtils.java:logGet(43)) - raft.server.snapshot.auto.trigger.enabled = true (custom)
2019-08-09 03:51:32,951 INFO  server.RaftServerConfigKeys (ConfUtils.java:logGet(43)) - raft.server.snapshot.auto.trigger.threshold = 10000 (custom)
2019-08-09 03:51:32,953 INFO  server.RaftServerConfigKeys (ConfUtils.java:logGet(43)) - raft.server.retrycache.expirytime = 600000ms (custom)
2019-08-09 03:51:32,953 INFO  impl.RaftServerImpl (RaftServerImpl.java:start(180)) - c81431eb-8d32-47c2-a051-d9692899a5ea: start group-1FBFDE7F0AC9
2019-08-09 03:51:32,953 INFO  impl.RaftServerImpl (RaftServerImpl.java:setRole(171)) - c81431eb-8d32-47c2-a051-d9692899a5ea:group-1FBFDE7F0AC9 changes role from null to FOLLOWER at term 0 for startAsFollower
2019-08-09 03:51:32,953 INFO  impl.RoleInfo (RoleInfo.java:updateAndGet(143)) - c81431eb-8d32-47c2-a051-d9692899a5ea: start FollowerState
2019-08-09 03:51:32,954 INFO  util.JmxRegister (JmxRegister.java:tryRegister(44)) - Successfully registered JMX Bean with object name Ratis:service=RaftServer,group=group-1FBFDE7F0AC9,id=c81431eb-8d32-47c2-a051-d9692899a5ea
2019-08-09 03:51:32,976 INFO  pipeline.PipelineStateManager (PipelineStateManager.java:addPipeline(56)) - Created pipeline Pipeline[ Id: cf2fc001-b053-4e3c-bedb-1fbfde7f0ac9, Nodes: 386cb1e4-3366-4d3a-9c87-536bd0e99de2{ip: 192.168.157.225, host: byscane-nightly-vbjp7-3883395574, networkLocation: /default-rack, certSerialId: null}c81431eb-8d32-47c2-a051-d9692899a5ea{ip: 192.168.157.225, host: byscane-nightly-vbjp7-3883395574, networkLocation: /default-rack, certSerialId: null}924573be-81f6-4d51-b1e7-163290a7619b{ip: 192.168.157.225, host: byscane-nightly-vbjp7-3883395574, networkLocation: /default-rack, certSerialId: null}, Type:RATIS, Factor:THREE, State:OPEN]
2019-08-09 03:51:33,010 INFO  impl.RaftServerProxy (RaftServerProxy.java:addNew(89)) - 96d88727-a26b-4013-b168-529a658d9256: addNew group-34EB73124AEB:[39361c49-ee90-41a6-a65b-5fabdda3eeb1:192.168.157.225:35252, cdc970ab-04ee-4ca0-b014-4e9041fd2342:192.168.157.225:43673, 96d88727-a26b-4013-b168-529a658d9256:192.168.157.225:39994] returns group-34EB73124AEB:java.util.concurrent.CompletableFuture@3fd779ab[Not completed]
2019-08-09 03:51:33,010 INFO  impl.RaftServerProxy (RaftServerProxy.java:addNew(89)) - cdc970ab-04ee-4ca0-b014-4e9041fd2342: addNew group-34EB73124AEB:[39361c49-ee90-41a6-a65b-5fabdda3eeb1:192.168.157.225:35252, cdc970ab-04ee-4ca0-b014-4e9041fd2342:192.168.157.225:43673, 96d88727-a26b-4013-b168-529a658d9256:192.168.157.225:39994] returns group-34EB73124AEB:java.util.concurrent.CompletableFuture@60efb4eb[Not completed]
2019-08-09 03:51:33,014 INFO  impl.RaftServerProxy (RaftServerProxy.java:addNew(89)) - 39361c49-ee90-41a6-a65b-5fabdda3eeb1: addNew group-34EB73124AEB:[39361c49-ee90-41a6-a65b-5fabdda3eeb1:192.168.157.225:35252, cdc970ab-04ee-4ca0-b014-4e9041fd2342:192.168.157.225:43673, 96d88727-a26b-4013-b168-529a658d9256:192.168.157.225:39994] returns group-34EB73124AEB:java.util.concurrent.CompletableFuture@7a574aae[Not completed]
2019-08-09 03:51:33,015 INFO  impl.RaftServerImpl (RaftServerImpl.java:<init>(93)) - 96d88727-a26b-4013-b168-529a658d9256: new RaftServerImpl for group-34EB73124AEB:[39361c49-ee90-41a6-a65b-5fabdda3eeb1:192.168.157.225:35252, cdc970ab-04ee-4ca0-b014-4e9041fd2342:192.168.157.225:43673, 96d88727-a26b-4013-b168-529a658d9256:192.168.157.225:39994] with ContainerStateMachine:uninitialized
2019-08-09 03:51:33,015 INFO  server.RaftServerConfigKeys (ConfUtils.java:logGet(43)) - raft.server.rpc.timeout.min = 5s (custom)
2019-08-09 03:51:33,015 INFO  server.RaftServerConfigKeys (ConfUtils.java:logGet(43)) - raft.server.rpc.timeout.max = 5200ms (custom)
2019-08-09 03:51:33,015 INFO  server.RaftServerConfigKeys (ConfUtils.java:logGet(43)) - raft.server.rpcslowness.timeout = 120s (custom)
2019-08-09 03:51:33,015 INFO  server.RaftServerConfigKeys (ConfUtils.java:logGet(43)) - raft.server.sleep.deviation.threshold = 300 (default)
2019-08-09 03:51:33,015 INFO  server.RaftServerConfigKeys (ConfUtils.java:logGet(43)) - raft.server.log.appender.install.snapshot.enabled = false (custom)
2019-08-09 03:51:33,016 INFO  impl.RaftServerImpl (ServerState.java:<init>(105)) - 96d88727-a26b-4013-b168-529a658d9256:group-34EB73124AEB ConfigurationManager, init=-1: [39361c49-ee90-41a6-a65b-5fabdda3eeb1:192.168.157.225:35252, cdc970ab-04ee-4ca0-b014-4e9041fd2342:192.168.157.225:43673, 96d88727-a26b-4013-b168-529a658d9256:192.168.157.225:39994], old=null, confs=<EMPTY_MAP>
2019-08-09 03:51:33,016 INFO  server.RaftServerConfigKeys (ConfUtils.java:logGet(43)) - raft.server.storage.dir = [/workdir/hadoop-ozone/integration-test/target/test-dir/MiniOzoneClusterImpl-ff1f4075-c7da-4dd0-bc05-b1286c81d2a0/datanode-4/data/ratis] (custom)
2019-08-09 03:51:33,016 INFO  impl.RaftServerImpl (RaftServerImpl.java:<init>(93)) - 39361c49-ee90-41a6-a65b-5fabdda3eeb1: new RaftServerImpl for group-34EB73124AEB:[39361c49-ee90-41a6-a65b-5fabdda3eeb1:192.168.157.225:35252, cdc970ab-04ee-4ca0-b014-4e9041fd2342:192.168.157.225:43673, 96d88727-a26b-4013-b168-529a658d9256:192.168.157.225:39994] with ContainerStateMachine:uninitialized
2019-08-09 03:51:33,016 INFO  storage.RaftStorageDirectory (RaftStorageDirectory.java:analyzeStorage(246)) - The storage directory /workdir/hadoop-ozone/integration-test/target/test-dir/MiniOzoneClusterImpl-ff1f4075-c7da-4dd0-bc05-b1286c81d2a0/datanode-4/data/ratis/c4c1c836-6224-4145-97bd-34eb73124aeb does not exist. Creating ...
2019-08-09 03:51:33,016 INFO  server.RaftServerConfigKeys (ConfUtils.java:logGet(43)) - raft.server.rpc.timeout.min = 5s (custom)
2019-08-09 03:51:33,017 INFO  server.RaftServerConfigKeys (ConfUtils.java:logGet(43)) - raft.server.rpc.timeout.max = 5200ms (custom)
2019-08-09 03:51:33,017 INFO  server.RaftServerConfigKeys (ConfUtils.java:logGet(43)) - raft.server.rpcslowness.timeout = 120s (custom)
2019-08-09 03:51:33,017 INFO  server.RaftServerConfigKeys (ConfUtils.java:logGet(43)) - raft.server.sleep.deviation.threshold = 300 (default)
2019-08-09 03:51:33,017 INFO  impl.RaftServerImpl (RaftServerImpl.java:<init>(93)) - cdc970ab-04ee-4ca0-b014-4e9041fd2342: new RaftServerImpl for group-34EB73124AEB:[39361c49-ee90-41a6-a65b-5fabdda3eeb1:192.168.157.225:35252, cdc970ab-04ee-4ca0-b014-4e9041fd2342:192.168.157.225:43673, 96d88727-a26b-4013-b168-529a658d9256:192.168.157.225:39994] with ContainerStateMachine:uninitialized
2019-08-09 03:51:33,017 INFO  server.RaftServerConfigKeys (ConfUtils.java:logGet(43)) - raft.server.log.appender.install.snapshot.enabled = false (custom)
2019-08-09 03:51:33,017 INFO  server.RaftServerConfigKeys (ConfUtils.java:logGet(43)) - raft.server.rpc.timeout.min = 5s (custom)
2019-08-09 03:51:33,017 INFO  impl.RaftServerImpl (ServerState.java:<init>(105)) - 39361c49-ee90-41a6-a65b-5fabdda3eeb1:group-34EB73124AEB ConfigurationManager, init=-1: [39361c49-ee90-41a6-a65b-5fabdda3eeb1:192.168.157.225:35252, cdc970ab-04ee-4ca0-b014-4e9041fd2342:192.168.157.225:43673, 96d88727-a26b-4013-b168-529a658d9256:192.168.157.225:39994], old=null, confs=<EMPTY_MAP>
2019-08-09 03:51:33,018 INFO  server.RaftServerConfigKeys (ConfUtils.java:logGet(43)) - raft.server.rpc.timeout.max = 5200ms (custom)
2019-08-09 03:51:33,018 INFO  server.RaftServerConfigKeys (ConfUtils.java:logGet(43)) - raft.server.storage.dir = [/workdir/hadoop-ozone/integration-test/target/test-dir/MiniOzoneClusterImpl-ff1f4075-c7da-4dd0-bc05-b1286c81d2a0/datanode-1/data/ratis] (custom)
2019-08-09 03:51:33,018 INFO  server.RaftServerConfigKeys (ConfUtils.java:logGet(43)) - raft.server.rpcslowness.timeout = 120s (custom)
2019-08-09 03:51:33,018 INFO  server.RaftServerConfigKeys (ConfUtils.java:logGet(43)) - raft.server.sleep.deviation.threshold = 300 (default)
2019-08-09 03:51:33,018 INFO  storage.RaftStorageDirectory (RaftStorageDirectory.java:analyzeStorage(246)) - The storage directory /workdir/hadoop-ozone/integration-test/target/test-dir/MiniOzoneClusterImpl-ff1f4075-c7da-4dd0-bc05-b1286c81d2a0/datanode-1/data/ratis/c4c1c836-6224-4145-97bd-34eb73124aeb does not exist. Creating ...
2019-08-09 03:51:33,019 INFO  server.RaftServerConfigKeys (ConfUtils.java:logGet(43)) - raft.server.log.appender.install.snapshot.enabled = false (custom)
2019-08-09 03:51:33,019 INFO  impl.RaftServerImpl (ServerState.java:<init>(105)) - cdc970ab-04ee-4ca0-b014-4e9041fd2342:group-34EB73124AEB ConfigurationManager, init=-1: [39361c49-ee90-41a6-a65b-5fabdda3eeb1:192.168.157.225:35252, cdc970ab-04ee-4ca0-b014-4e9041fd2342:192.168.157.225:43673, 96d88727-a26b-4013-b168-529a658d9256:192.168.157.225:39994], old=null, confs=<EMPTY_MAP>
2019-08-09 03:51:33,019 INFO  server.RaftServerConfigKeys (ConfUtils.java:logGet(43)) - raft.server.storage.dir = [/workdir/hadoop-ozone/integration-test/target/test-dir/MiniOzoneClusterImpl-ff1f4075-c7da-4dd0-bc05-b1286c81d2a0/datanode-0/data/ratis] (custom)
2019-08-09 03:51:33,019 INFO  storage.RaftStorageDirectory (RaftStorageDirectory.java:analyzeStorage(246)) - The storage directory /workdir/hadoop-ozone/integration-test/target/test-dir/MiniOzoneClusterImpl-ff1f4075-c7da-4dd0-bc05-b1286c81d2a0/datanode-0/data/ratis/c4c1c836-6224-4145-97bd-34eb73124aeb does not exist. Creating ...
2019-08-09 03:51:33,042 INFO  storage.RaftStorageDirectory (RaftStorageDirectory.java:tryLock(328)) - Lock on /workdir/hadoop-ozone/integration-test/target/test-dir/MiniOzoneClusterImpl-ff1f4075-c7da-4dd0-bc05-b1286c81d2a0/datanode-0/data/ratis/c4c1c836-6224-4145-97bd-34eb73124aeb/in_use.lock acquired by nodename 4845@byscane-nightly-vbjp7-3883395574
2019-08-09 03:51:33,042 INFO  storage.RaftStorageDirectory (RaftStorageDirectory.java:tryLock(328)) - Lock on /workdir/hadoop-ozone/integration-test/target/test-dir/MiniOzoneClusterImpl-ff1f4075-c7da-4dd0-bc05-b1286c81d2a0/datanode-1/data/ratis/c4c1c836-6224-4145-97bd-34eb73124aeb/in_use.lock acquired by nodename 4845@byscane-nightly-vbjp7-3883395574
2019-08-09 03:51:33,042 INFO  storage.RaftStorageDirectory (RaftStorageDirectory.java:tryLock(328)) - Lock on /workdir/hadoop-ozone/integration-test/target/test-dir/MiniOzoneClusterImpl-ff1f4075-c7da-4dd0-bc05-b1286c81d2a0/datanode-4/data/ratis/c4c1c836-6224-4145-97bd-34eb73124aeb/in_use.lock acquired by nodename 4845@byscane-nightly-vbjp7-3883395574
2019-08-09 03:51:33,068 INFO  storage.RaftStorage (RaftStorage.java:format(72)) - Storage directory /workdir/hadoop-ozone/integration-test/target/test-dir/MiniOzoneClusterImpl-ff1f4075-c7da-4dd0-bc05-b1286c81d2a0/datanode-4/data/ratis/c4c1c836-6224-4145-97bd-34eb73124aeb has been successfully formatted.
2019-08-09 03:51:33,068 INFO  storage.RaftStorage (RaftStorage.java:format(72)) - Storage directory /workdir/hadoop-ozone/integration-test/target/test-dir/MiniOzoneClusterImpl-ff1f4075-c7da-4dd0-bc05-b1286c81d2a0/datanode-0/data/ratis/c4c1c836-6224-4145-97bd-34eb73124aeb has been successfully formatted.
2019-08-09 03:51:33,068 INFO  ratis.ContainerStateMachine (ContainerStateMachine.java:loadSnapshot(213)) - group-34EB73124AEB: The snapshot info is null. Setting the last applied indexto:(t:0, i:~)
2019-08-09 03:51:33,068 INFO  storage.RaftStorage (RaftStorage.java:format(72)) - Storage directory /workdir/hadoop-ozone/integration-test/target/test-dir/MiniOzoneClusterImpl-ff1f4075-c7da-4dd0-bc05-b1286c81d2a0/datanode-1/data/ratis/c4c1c836-6224-4145-97bd-34eb73124aeb has been successfully formatted.
2019-08-09 03:51:33,069 INFO  server.RaftServerConfigKeys (ConfUtils.java:logGet(43)) - raft.server.leader.election.timeout = 120s (custom)
2019-08-09 03:51:33,069 INFO  ratis.ContainerStateMachine (ContainerStateMachine.java:loadSnapshot(213)) - group-34EB73124AEB: The snapshot info is null. Setting the last applied indexto:(t:0, i:~)
2019-08-09 03:51:33,069 INFO  ratis.ContainerStateMachine (ContainerStateMachine.java:loadSnapshot(213)) - group-34EB73124AEB: The snapshot info is null. Setting the last applied indexto:(t:0, i:~)
2019-08-09 03:51:33,069 INFO  server.RaftServerConfigKeys (ConfUtils.java:logGet(43)) - raft.server.log.use.memory = false (default)
2019-08-09 03:51:33,069 INFO  server.RaftServerConfigKeys (ConfUtils.java:logGet(43)) - raft.server.leader.election.timeout = 120s (custom)
2019-08-09 03:51:33,069 INFO  server.RaftServerConfigKeys (ConfUtils.java:logGet(43)) - raft.server.leader.election.timeout = 120s (custom)
2019-08-09 03:51:33,070 INFO  server.RaftServerConfigKeys (ConfUtils.java:logGet(43)) - raft.server.log.use.memory = false (default)
2019-08-09 03:51:33,070 INFO  server.RaftServerConfigKeys (ConfUtils.java:logGet(43)) - raft.server.log.purge.gap = 1000000000 (custom)
2019-08-09 03:51:33,070 INFO  server.RaftServerConfigKeys (ConfUtils.java:logGet(43)) - raft.server.log.purge.gap = 1000000000 (custom)
2019-08-09 03:51:33,070 INFO  server.RaftServerConfigKeys (ConfUtils.java:logGet(43)) - raft.server.log.use.memory = false (default)
2019-08-09 03:51:33,070 INFO  server.RaftServerConfigKeys (ConfUtils.java:logGet(43)) - raft.server.log.appender.buffer.byte-limit = 33554432 (custom)
2019-08-09 03:51:33,070 INFO  server.RaftServerConfigKeys (ConfUtils.java:logGet(43)) - raft.server.log.appender.buffer.byte-limit = 33554432 (custom)
2019-08-09 03:51:33,071 INFO  server.RaftServerConfigKeys (ConfUtils.java:logGet(43)) - raft.server.log.segment.size.max = 1048576 (custom)
2019-08-09 03:51:33,071 INFO  server.RaftServerConfigKeys (ConfUtils.java:logGet(43)) - raft.server.log.purge.gap = 1000000000 (custom)
2019-08-09 03:51:33,071 INFO  server.RaftServerConfigKeys (ConfUtils.java:logGet(43)) - raft.server.log.segment.cache.num.max = 2 (custom)
2019-08-09 03:51:33,071 INFO  server.RaftServerConfigKeys (ConfUtils.java:logGet(43)) - raft.server.log.segment.size.max = 1048576 (custom)
2019-08-09 03:51:33,072 INFO  segmented.SegmentedRaftLogWorker (SegmentedRaftLogWorker.java:<init>(172)) - new 39361c49-ee90-41a6-a65b-5fabdda3eeb1-SegmentedRaftLogWorker:Storage Directory /workdir/hadoop-ozone/integration-test/target/test-dir/MiniOzoneClusterImpl-ff1f4075-c7da-4dd0-bc05-b1286c81d2a0/datanode-1/data/ratis/c4c1c836-6224-4145-97bd-34eb73124aeb for RaftStorage:Storage Directory /workdir/hadoop-ozone/integration-test/target/test-dir/MiniOzoneClusterImpl-ff1f4075-c7da-4dd0-bc05-b1286c81d2a0/datanode-1/data/ratis/c4c1c836-6224-4145-97bd-34eb73124aeb
2019-08-09 03:51:33,071 INFO  server.RaftServerConfigKeys (ConfUtils.java:logGet(43)) - raft.server.log.appender.buffer.byte-limit = 33554432 (custom)
2019-08-09 03:51:33,072 INFO  server.RaftServerConfigKeys (ConfUtils.java:logGet(43)) - raft.server.log.queue.byte-limit = 2147483647 (custom)
2019-08-09 03:51:33,072 INFO  server.RaftServerConfigKeys (ConfUtils.java:logGet(43)) - raft.server.log.segment.cache.num.max = 2 (custom)
2019-08-09 03:51:33,074 INFO  server.RaftServerConfigKeys (ConfUtils.java:logGet(43)) - raft.server.log.queue.element-limit = 1024 (custom)
2019-08-09 03:51:33,074 INFO  server.RaftServerConfigKeys (ConfUtils.java:logGet(43)) - raft.server.log.segment.size.max = 1048576 (custom)
2019-08-09 03:51:33,074 INFO  server.RaftServerConfigKeys (ConfUtils.java:logGet(43)) - raft.server.log.segment.size.max = 1048576 (custom)
2019-08-09 03:51:33,074 INFO  segmented.SegmentedRaftLogWorker (SegmentedRaftLogWorker.java:<init>(172)) - new 96d88727-a26b-4013-b168-529a658d9256-SegmentedRaftLogWorker:Storage Directory /workdir/hadoop-ozone/integration-test/target/test-dir/MiniOzoneClusterImpl-ff1f4075-c7da-4dd0-bc05-b1286c81d2a0/datanode-4/data/ratis/c4c1c836-6224-4145-97bd-34eb73124aeb for RaftStorage:Storage Directory /workdir/hadoop-ozone/integration-test/target/test-dir/MiniOzoneClusterImpl-ff1f4075-c7da-4dd0-bc05-b1286c81d2a0/datanode-4/data/ratis/c4c1c836-6224-4145-97bd-34eb73124aeb
2019-08-09 03:51:33,075 INFO  server.RaftServerConfigKeys (ConfUtils.java:logGet(43)) - raft.server.log.preallocated.size = 16384 (custom)
2019-08-09 03:51:33,075 INFO  server.RaftServerConfigKeys (ConfUtils.java:logGet(43)) - raft.server.log.segment.cache.num.max = 2 (custom)
2019-08-09 03:51:33,075 INFO  server.RaftServerConfigKeys (ConfUtils.java:logGet(43)) - raft.server.log.write.buffer.size = 33554432 (custom)
2019-08-09 03:51:33,075 INFO  server.RaftServerConfigKeys (ConfUtils.java:logGet(43)) - raft.server.log.queue.byte-limit = 2147483647 (custom)
2019-08-09 03:51:33,077 INFO  server.RaftServerConfigKeys (ConfUtils.java:logGet(43)) - raft.server.log.force.sync.num = 128 (default)
2019-08-09 03:51:33,077 INFO  segmented.SegmentedRaftLogWorker (SegmentedRaftLogWorker.java:<init>(172)) - new cdc970ab-04ee-4ca0-b014-4e9041fd2342-SegmentedRaftLogWorker:Storage Directory /workdir/hadoop-ozone/integration-test/target/test-dir/MiniOzoneClusterImpl-ff1f4075-c7da-4dd0-bc05-b1286c81d2a0/datanode-0/data/ratis/c4c1c836-6224-4145-97bd-34eb73124aeb for RaftStorage:Storage Directory /workdir/hadoop-ozone/integration-test/target/test-dir/MiniOzoneClusterImpl-ff1f4075-c7da-4dd0-bc05-b1286c81d2a0/datanode-0/data/ratis/c4c1c836-6224-4145-97bd-34eb73124aeb
2019-08-09 03:51:33,078 INFO  server.RaftServerConfigKeys (ConfUtils.java:logGet(43)) - raft.server.log.statemachine.data.sync = true (default)
2019-08-09 03:51:33,077 INFO  server.RaftServerConfigKeys (ConfUtils.java:logGet(43)) - raft.server.log.queue.element-limit = 1024 (custom)
2019-08-09 03:51:33,078 INFO  server.RaftServerConfigKeys (ConfUtils.java:logGet(43)) - raft.server.log.statemachine.data.sync.timeout = 10s (default)
2019-08-09 03:51:33,078 INFO  server.RaftServerConfigKeys (ConfUtils.java:logGet(43)) - raft.server.log.queue.byte-limit = 2147483647 (custom)
2019-08-09 03:51:33,080 INFO  server.RaftServerConfigKeys (ConfUtils.java:logGet(43)) - raft.server.log.statemachine.data.sync.timeout.retry = -1 (default)
2019-08-09 03:51:33,080 INFO  server.RaftServerConfigKeys (ConfUtils.java:logGet(43)) - raft.server.log.segment.size.max = 1048576 (custom)
2019-08-09 03:51:33,081 INFO  server.RaftServerConfigKeys (ConfUtils.java:logGet(43)) - raft.server.log.statemachine.data.caching.enabled = true (custom)
2019-08-09 03:51:33,081 INFO  server.RaftServerConfigKeys (ConfUtils.java:logGet(43)) - raft.server.log.preallocated.size = 16384 (custom)
2019-08-09 03:51:33,080 INFO  server.RaftServerConfigKeys (ConfUtils.java:logGet(43)) - raft.server.log.queue.element-limit = 1024 (custom)
2019-08-09 03:51:33,081 INFO  segmented.SegmentedRaftLogWorker (SegmentedRaftLogWorker.java:lambda$new$0(132)) - 39361c49-ee90-41a6-a65b-5fabdda3eeb1-SegmentedRaftLogWorker:Storage Directory /workdir/hadoop-ozone/integration-test/target/test-dir/MiniOzoneClusterImpl-ff1f4075-c7da-4dd0-bc05-b1286c81d2a0/datanode-1/data/ratis/c4c1c836-6224-4145-97bd-34eb73124aeb: flushIndex: setUnconditionally 0 -> -1
2019-08-09 03:51:33,081 INFO  server.RaftServerConfigKeys (ConfUtils.java:logGet(43)) - raft.server.log.write.buffer.size = 33554432 (custom)
2019-08-09 03:51:33,081 INFO  server.RaftServerConfigKeys (ConfUtils.java:logGet(43)) - raft.server.log.segment.size.max = 1048576 (custom)
2019-08-09 03:51:33,082 INFO  server.RaftServerConfigKeys (ConfUtils.java:logGet(43)) - raft.server.snapshot.auto.trigger.enabled = true (custom)
2019-08-09 03:51:33,082 INFO  server.RaftServerConfigKeys (ConfUtils.java:logGet(43)) - raft.server.log.force.sync.num = 128 (default)
2019-08-09 03:51:33,082 INFO  server.RaftServerConfigKeys (ConfUtils.java:logGet(43)) - raft.server.snapshot.auto.trigger.threshold = 10000 (custom)
2019-08-09 03:51:33,082 INFO  server.RaftServerConfigKeys (ConfUtils.java:logGet(43)) - raft.server.log.preallocated.size = 16384 (custom)
2019-08-09 03:51:33,082 INFO  server.RaftServerConfigKeys (ConfUtils.java:logGet(43)) - raft.server.retrycache.expirytime = 600000ms (custom)
2019-08-09 03:51:33,082 INFO  server.RaftServerConfigKeys (ConfUtils.java:logGet(43)) - raft.server.log.statemachine.data.sync = true (default)
2019-08-09 03:51:33,083 INFO  impl.RaftServerImpl (RaftServerImpl.java:start(180)) - 39361c49-ee90-41a6-a65b-5fabdda3eeb1: start group-34EB73124AEB
2019-08-09 03:51:33,083 INFO  server.RaftServerConfigKeys (ConfUtils.java:logGet(43)) - raft.server.log.statemachine.data.sync.timeout = 10s (default)
2019-08-09 03:51:33,083 INFO  server.RaftServerConfigKeys (ConfUtils.java:logGet(43)) - raft.server.log.statemachine.data.sync.timeout.retry = -1 (default)
2019-08-09 03:51:33,083 INFO  server.RaftServerConfigKeys (ConfUtils.java:logGet(43)) - raft.server.log.write.buffer.size = 33554432 (custom)
2019-08-09 03:51:33,083 INFO  server.RaftServerConfigKeys (ConfUtils.java:logGet(43)) - raft.server.log.statemachine.data.caching.enabled = true (custom)
2019-08-09 03:51:33,083 INFO  impl.RaftServerImpl (RaftServerImpl.java:setRole(171)) - 39361c49-ee90-41a6-a65b-5fabdda3eeb1:group-34EB73124AEB changes role from null to FOLLOWER at term 0 for startAsFollower
2019-08-09 03:51:33,083 INFO  server.RaftServerConfigKeys (ConfUtils.java:logGet(43)) - raft.server.log.force.sync.num = 128 (default)
2019-08-09 03:51:33,084 INFO  impl.RoleInfo (RoleInfo.java:updateAndGet(143)) - 39361c49-ee90-41a6-a65b-5fabdda3eeb1: start FollowerState
2019-08-09 03:51:33,084 INFO  segmented.SegmentedRaftLogWorker (SegmentedRaftLogWorker.java:lambda$new$0(132)) - 96d88727-a26b-4013-b168-529a658d9256-SegmentedRaftLogWorker:Storage Directory /workdir/hadoop-ozone/integration-test/target/test-dir/MiniOzoneClusterImpl-ff1f4075-c7da-4dd0-bc05-b1286c81d2a0/datanode-4/data/ratis/c4c1c836-6224-4145-97bd-34eb73124aeb: flushIndex: setUnconditionally 0 -> -1
2019-08-09 03:51:33,084 INFO  server.RaftServerConfigKeys (ConfUtils.java:logGet(43)) - raft.server.log.statemachine.data.sync = true (default)
2019-08-09 03:51:33,085 INFO  server.RaftServerConfigKeys (ConfUtils.java:logGet(43)) - raft.server.snapshot.auto.trigger.enabled = true (custom)
2019-08-09 03:51:33,085 INFO  util.JmxRegister (JmxRegister.java:tryRegister(44)) - Successfully registered JMX Bean with object name Ratis:service=RaftServer,group=group-34EB73124AEB,id=39361c49-ee90-41a6-a65b-5fabdda3eeb1
2019-08-09 03:51:33,085 INFO  server.RaftServerConfigKeys (ConfUtils.java:logGet(43)) - raft.server.log.statemachine.data.sync.timeout = 10s (default)
2019-08-09 03:51:33,085 INFO  server.RaftServerConfigKeys (ConfUtils.java:logGet(43)) - raft.server.snapshot.auto.trigger.threshold = 10000 (custom)
2019-08-09 03:51:33,085 INFO  server.RaftServerConfigKeys (ConfUtils.java:logGet(43)) - raft.server.log.statemachine.data.sync.timeout.retry = -1 (default)
2019-08-09 03:51:33,086 INFO  server.RaftServerConfigKeys (ConfUtils.java:logGet(43)) - raft.server.retrycache.expirytime = 600000ms (custom)
2019-08-09 03:51:33,086 INFO  server.RaftServerConfigKeys (ConfUtils.java:logGet(43)) - raft.server.log.statemachine.data.caching.enabled = true (custom)
2019-08-09 03:51:33,086 INFO  impl.RaftServerImpl (RaftServerImpl.java:start(180)) - 96d88727-a26b-4013-b168-529a658d9256: start group-34EB73124AEB
2019-08-09 03:51:33,086 INFO  impl.RaftServerImpl (RaftServerImpl.java:setRole(171)) - 96d88727-a26b-4013-b168-529a658d9256:group-34EB73124AEB changes role from null to FOLLOWER at term 0 for startAsFollower
2019-08-09 03:51:33,086 INFO  segmented.SegmentedRaftLogWorker (SegmentedRaftLogWorker.java:lambda$new$0(132)) - cdc970ab-04ee-4ca0-b014-4e9041fd2342-SegmentedRaftLogWorker:Storage Directory /workdir/hadoop-ozone/integration-test/target/test-dir/MiniOzoneClusterImpl-ff1f4075-c7da-4dd0-bc05-b1286c81d2a0/datanode-0/data/ratis/c4c1c836-6224-4145-97bd-34eb73124aeb: flushIndex: setUnconditionally 0 -> -1
2019-08-09 03:51:33,086 INFO  impl.RoleInfo (RoleInfo.java:updateAndGet(143)) - 96d88727-a26b-4013-b168-529a658d9256: start FollowerState
2019-08-09 03:51:33,087 INFO  server.RaftServerConfigKeys (ConfUtils.java:logGet(43)) - raft.server.snapshot.auto.trigger.enabled = true (custom)
2019-08-09 03:51:33,087 INFO  server.RaftServerConfigKeys (ConfUtils.java:logGet(43)) - raft.server.snapshot.auto.trigger.threshold = 10000 (custom)
2019-08-09 03:51:33,087 INFO  util.JmxRegister (JmxRegister.java:tryRegister(44)) - Successfully registered JMX Bean with object name Ratis:service=RaftServer,group=group-34EB73124AEB,id=96d88727-a26b-4013-b168-529a658d9256
2019-08-09 03:51:33,087 INFO  server.RaftServerConfigKeys (ConfUtils.java:logGet(43)) - raft.server.retrycache.expirytime = 600000ms (custom)
2019-08-09 03:51:33,088 INFO  impl.RaftServerImpl (RaftServerImpl.java:start(180)) - cdc970ab-04ee-4ca0-b014-4e9041fd2342: start group-34EB73124AEB
2019-08-09 03:51:33,088 INFO  impl.RaftServerImpl (RaftServerImpl.java:setRole(171)) - cdc970ab-04ee-4ca0-b014-4e9041fd2342:group-34EB73124AEB changes role from null to FOLLOWER at term 0 for startAsFollower
2019-08-09 03:51:33,088 INFO  impl.RoleInfo (RoleInfo.java:updateAndGet(143)) - cdc970ab-04ee-4ca0-b014-4e9041fd2342: start FollowerState
2019-08-09 03:51:33,091 INFO  util.JmxRegister (JmxRegister.java:tryRegister(44)) - Successfully registered JMX Bean with object name Ratis:service=RaftServer,group=group-34EB73124AEB,id=cdc970ab-04ee-4ca0-b014-4e9041fd2342
2019-08-09 03:51:33,113 INFO  pipeline.PipelineStateManager (PipelineStateManager.java:addPipeline(56)) - Created pipeline Pipeline[ Id: c4c1c836-6224-4145-97bd-34eb73124aeb, Nodes: cdc970ab-04ee-4ca0-b014-4e9041fd2342{ip: 192.168.157.225, host: byscane-nightly-vbjp7-3883395574, networkLocation: /default-rack, certSerialId: null}39361c49-ee90-41a6-a65b-5fabdda3eeb1{ip: 192.168.157.225, host: byscane-nightly-vbjp7-3883395574, networkLocation: /default-rack, certSerialId: null}96d88727-a26b-4013-b168-529a658d9256{ip: 192.168.157.225, host: byscane-nightly-vbjp7-3883395574, networkLocation: /default-rack, certSerialId: null}, Type:RATIS, Factor:THREE, State:OPEN]
2019-08-09 03:51:33,297 INFO  impl.MetricsSystemImpl (MetricsSystemImpl.java:init(158)) - XceiverClientMetrics metrics system started (again)
2019-08-09 03:51:33,422 INFO  client.GrpcClientProtocolClient (GrpcClientProtocolClient.java:onNext(255)) - client-1F3D626B88FF->cdc970ab-04ee-4ca0-b014-4e9041fd2342: receive RaftClientReply:client-1F3D626B88FF->cdc970ab-04ee-4ca0-b014-4e9041fd2342@group-34EB73124AEB, cid=12, FAILED org.apache.ratis.protocol.NotLeaderException: Server cdc970ab-04ee-4ca0-b014-4e9041fd2342 is not the leader (null). Request must be sent to leader., logIndex=0, commits[cdc970ab-04ee-4ca0-b014-4e9041fd2342:c-1]
2019-08-09 03:51:34,168 INFO  container.ReplicationManager (ReplicationManager.java:start(155)) - Starting Replication Monitor Thread.
2019-08-09 03:51:34,173 INFO  container.ReplicationManager (ReplicationManager.java:run(207)) - Replication Monitor Thread took 4 milliseconds for processing 1 containers.
2019-08-09 03:51:34,487 INFO  client.GrpcClientProtocolClient (GrpcClientProtocolClient.java:onNext(255)) - client-1F3D626B88FF->39361c49-ee90-41a6-a65b-5fabdda3eeb1: receive RaftClientReply:client-1F3D626B88FF->39361c49-ee90-41a6-a65b-5fabdda3eeb1@group-34EB73124AEB, cid=12, FAILED org.apache.ratis.protocol.NotLeaderException: Server 39361c49-ee90-41a6-a65b-5fabdda3eeb1 is not the leader (null). Request must be sent to leader., logIndex=0, commits[39361c49-ee90-41a6-a65b-5fabdda3eeb1:c-1]
2019-08-09 03:51:35,531 INFO  client.GrpcClientProtocolClient (GrpcClientProtocolClient.java:onNext(255)) - client-1F3D626B88FF->96d88727-a26b-4013-b168-529a658d9256: receive RaftClientReply:client-1F3D626B88FF->96d88727-a26b-4013-b168-529a658d9256@group-34EB73124AEB, cid=12, FAILED org.apache.ratis.protocol.NotLeaderException: Server 96d88727-a26b-4013-b168-529a658d9256 is not the leader (null). Request must be sent to leader., logIndex=0, commits[96d88727-a26b-4013-b168-529a658d9256:c-1]
2019-08-09 03:51:36,567 INFO  client.GrpcClientProtocolClient (GrpcClientProtocolClient.java:onNext(255)) - client-1F3D626B88FF->39361c49-ee90-41a6-a65b-5fabdda3eeb1: receive RaftClientReply:client-1F3D626B88FF->39361c49-ee90-41a6-a65b-5fabdda3eeb1@group-34EB73124AEB, cid=12, FAILED org.apache.ratis.protocol.NotLeaderException: Server 39361c49-ee90-41a6-a65b-5fabdda3eeb1 is not the leader (null). Request must be sent to leader., logIndex=0, commits[39361c49-ee90-41a6-a65b-5fabdda3eeb1:c-1]
2019-08-09 03:51:37,409 INFO  impl.FollowerState (FollowerState.java:run(106)) - cdc970ab-04ee-4ca0-b014-4e9041fd2342:group-D25A91E2A871 changes to CANDIDATE, lastRpcTime:5145, electionTimeout:5144ms
2019-08-09 03:51:37,410 INFO  impl.RoleInfo (RoleInfo.java:shutdownFollowerState(121)) - cdc970ab-04ee-4ca0-b014-4e9041fd2342: shutdown FollowerState
2019-08-09 03:51:37,410 INFO  impl.RaftServerImpl (RaftServerImpl.java:setRole(171)) - cdc970ab-04ee-4ca0-b014-4e9041fd2342:group-D25A91E2A871 changes role from FOLLOWER to CANDIDATE at term 0 for changeToCandidate
2019-08-09 03:51:37,417 INFO  impl.RoleInfo (RoleInfo.java:updateAndGet(143)) - cdc970ab-04ee-4ca0-b014-4e9041fd2342: start LeaderElection
2019-08-09 03:51:37,450 INFO  impl.LeaderElection (LeaderElection.java:askForVotes(181)) - cdc970ab-04ee-4ca0-b014-4e9041fd2342:group-D25A91E2A871:LeaderElection1: begin an election at term 1 for -1: [cdc970ab-04ee-4ca0-b014-4e9041fd2342:192.168.157.225:43673], old=null
2019-08-09 03:51:37,452 INFO  impl.RoleInfo (RoleInfo.java:shutdownLeaderElection(134)) - cdc970ab-04ee-4ca0-b014-4e9041fd2342: shutdown LeaderElection
2019-08-09 03:51:37,452 INFO  impl.RaftServerImpl (RaftServerImpl.java:setRole(171)) - cdc970ab-04ee-4ca0-b014-4e9041fd2342:group-D25A91E2A871 changes role from CANDIDATE to LEADER at term 1 for changeToLeader
2019-08-09 03:51:37,453 INFO  impl.RaftServerImpl (ServerState.java:setLeader(263)) - cdc970ab-04ee-4ca0-b014-4e9041fd2342:group-D25A91E2A871 change Leader from null to cdc970ab-04ee-4ca0-b014-4e9041fd2342 at term 1 for becomeLeader, leader elected after 5284ms
2019-08-09 03:51:37,462 INFO  server.RaftServerConfigKeys (ConfUtils.java:logGet(43)) - raft.server.staging.catchup.gap = 1000 (default)
2019-08-09 03:51:37,463 INFO  server.RaftServerConfigKeys (ConfUtils.java:logGet(43)) - raft.server.rpc.sleep.time = 25ms (default)
2019-08-09 03:51:37,466 INFO  server.RaftServerConfigKeys (ConfUtils.java:logGet(43)) - raft.server.write.element-limit = 4096 (default)
2019-08-09 03:51:37,469 INFO  server.RaftServerConfigKeys (ConfUtils.java:logGet(43)) - raft.server.watch.timeout = 10s (default)
2019-08-09 03:51:37,470 INFO  server.RaftServerConfigKeys (ConfUtils.java:logGet(43)) - raft.server.watch.timeout.denomination = 1s (default)
2019-08-09 03:51:37,471 INFO  server.RaftServerConfigKeys (ConfUtils.java:logGet(43)) - raft.server.watch.element-limit = 65536 (default)
2019-08-09 03:51:37,482 INFO  impl.RoleInfo (RoleInfo.java:updateAndGet(143)) - cdc970ab-04ee-4ca0-b014-4e9041fd2342: start LeaderState
2019-08-09 03:51:37,510 INFO  segmented.SegmentedRaftLogWorker (SegmentedRaftLogWorker.java:startLogSegment(380)) - cdc970ab-04ee-4ca0-b014-4e9041fd2342-SegmentedRaftLogWorker:Storage Directory /workdir/hadoop-ozone/integration-test/target/test-dir/MiniOzoneClusterImpl-ff1f4075-c7da-4dd0-bc05-b1286c81d2a0/datanode-0/data/ratis/b5b6cff1-c0af-4616-bdf0-d25a91e2a871: Starting segment from index:0
2019-08-09 03:51:37,520 INFO  impl.RaftServerImpl (ServerState.java:setRaftConf(361)) - cdc970ab-04ee-4ca0-b014-4e9041fd2342:group-D25A91E2A871 set configuration 0: [cdc970ab-04ee-4ca0-b014-4e9041fd2342:192.168.157.225:43673], old=null at 0
2019-08-09 03:51:37,599 INFO  client.GrpcClientProtocolClient (GrpcClientProtocolClient.java:onNext(255)) - client-1F3D626B88FF->cdc970ab-04ee-4ca0-b014-4e9041fd2342: receive RaftClientReply:client-1F3D626B88FF->cdc970ab-04ee-4ca0-b014-4e9041fd2342@group-34EB73124AEB, cid=12, FAILED org.apache.ratis.protocol.NotLeaderException: Server cdc970ab-04ee-4ca0-b014-4e9041fd2342 is not the leader (null). Request must be sent to leader., logIndex=0, commits[cdc970ab-04ee-4ca0-b014-4e9041fd2342:c-1]
2019-08-09 03:51:37,621 WARN  io.KeyOutputStream (KeyOutputStream.java:handleException(276)) - Encountered exception java.io.IOException: Unexpected Storage Container Exception: java.util.concurrent.CompletionException: java.util.concurrent.CompletionException: org.apache.ratis.protocol.RaftRetryFailureException: Failed RaftClientRequest:client-1F3D626B88FF->cdc970ab-04ee-4ca0-b014-4e9041fd2342@group-34EB73124AEB, cid=12, seq=1*, RW, org.apache.hadoop.hdds.scm.XceiverClientRatis$$Lambda$314/1147888819@602ff517 for 5 attempts with RetryLimited(maxAttempts=5, sleepTime=1000ms) on the pipeline Pipeline[ Id: c4c1c836-6224-4145-97bd-34eb73124aeb, Nodes: cdc970ab-04ee-4ca0-b014-4e9041fd2342{ip: 192.168.157.225, host: byscane-nightly-vbjp7-3883395574, networkLocation: /default-rack, certSerialId: null}39361c49-ee90-41a6-a65b-5fabdda3eeb1{ip: 192.168.157.225, host: byscane-nightly-vbjp7-3883395574, networkLocation: /default-rack, certSerialId: null}96d88727-a26b-4013-b168-529a658d9256{ip: 192.168.157.225, host: byscane-nightly-vbjp7-3883395574, networkLocation: /default-rack, certSerialId: null}, Type:RATIS, Factor:THREE, State:OPEN]. The last committed block length is 0, uncommitted data length is 2097152 retry count 0
2019-08-09 03:51:37,661 INFO  impl.FollowerState (FollowerState.java:run(106)) - 386cb1e4-3366-4d3a-9c87-536bd0e99de2:group-123128EF879C changes to CANDIDATE, lastRpcTime:5195, electionTimeout:5193ms
2019-08-09 03:51:37,662 INFO  impl.RoleInfo (RoleInfo.java:shutdownFollowerState(121)) - 386cb1e4-3366-4d3a-9c87-536bd0e99de2: shutdown FollowerState
2019-08-09 03:51:37,662 INFO  impl.RaftServerImpl (RaftServerImpl.java:setRole(171)) - 386cb1e4-3366-4d3a-9c87-536bd0e99de2:group-123128EF879C changes role from FOLLOWER to CANDIDATE at term 0 for changeToCandidate
2019-08-09 03:51:37,663 INFO  impl.RoleInfo (RoleInfo.java:updateAndGet(143)) - 386cb1e4-3366-4d3a-9c87-536bd0e99de2: start LeaderElection
2019-08-09 03:51:37,689 INFO  impl.LeaderElection (LeaderElection.java:askForVotes(181)) - 386cb1e4-3366-4d3a-9c87-536bd0e99de2:group-123128EF879C:LeaderElection2: begin an election at term 1 for -1: [386cb1e4-3366-4d3a-9c87-536bd0e99de2:192.168.157.225:39808], old=null
2019-08-09 03:51:37,691 INFO  impl.RoleInfo (RoleInfo.java:shutdownLeaderElection(134)) - 386cb1e4-3366-4d3a-9c87-536bd0e99de2: shutdown LeaderElection
2019-08-09 03:51:37,692 INFO  impl.RaftServerImpl (RaftServerImpl.java:setRole(171)) - 386cb1e4-3366-4d3a-9c87-536bd0e99de2:group-123128EF879C changes role from CANDIDATE to LEADER at term 1 for changeToLeader
2019-08-09 03:51:37,692 INFO  impl.RaftServerImpl (ServerState.java:setLeader(263)) - 386cb1e4-3366-4d3a-9c87-536bd0e99de2:group-123128EF879C change Leader from null to 386cb1e4-3366-4d3a-9c87-536bd0e99de2 at term 1 for becomeLeader, leader elected after 5234ms
2019-08-09 03:51:37,693 INFO  server.RaftServerConfigKeys (ConfUtils.java:logGet(43)) - raft.server.staging.catchup.gap = 1000 (default)
2019-08-09 03:51:37,693 INFO  server.RaftServerConfigKeys (ConfUtils.java:logGet(43)) - raft.server.rpc.sleep.time = 25ms (default)
2019-08-09 03:51:37,694 INFO  server.RaftServerConfigKeys (ConfUtils.java:logGet(43)) - raft.server.write.element-limit = 4096 (default)
2019-08-09 03:51:37,695 INFO  server.RaftServerConfigKeys (ConfUtils.java:logGet(43)) - raft.server.watch.timeout = 10s (default)
2019-08-09 03:51:37,696 INFO  server.RaftServerConfigKeys (ConfUtils.java:logGet(43)) - raft.server.watch.timeout.denomination = 1s (default)
2019-08-09 03:51:37,697 INFO  server.RaftServerConfigKeys (ConfUtils.java:logGet(43)) - raft.server.watch.element-limit = 65536 (default)
2019-08-09 03:51:37,697 INFO  impl.RoleInfo (RoleInfo.java:updateAndGet(143)) - 386cb1e4-3366-4d3a-9c87-536bd0e99de2: start LeaderState
2019-08-09 03:51:37,697 INFO  segmented.SegmentedRaftLogWorker (SegmentedRaftLogWorker.java:startLogSegment(380)) - 386cb1e4-3366-4d3a-9c87-536bd0e99de2-SegmentedRaftLogWorker:Storage Directory /workdir/hadoop-ozone/integration-test/target/test-dir/MiniOzoneClusterImpl-ff1f4075-c7da-4dd0-bc05-b1286c81d2a0/datanode-5/data/ratis/8343d5c8-9390-409d-8d9a-123128ef879c: Starting segment from index:0
2019-08-09 03:51:37,697 INFO  client.GrpcClientProtocolClient (GrpcClientProtocolClient.java:onNext(255)) - client-96CB8F72F404->386cb1e4-3366-4d3a-9c87-536bd0e99de2: receive RaftClientReply:client-96CB8F72F404->386cb1e4-3366-4d3a-9c87-536bd0e99de2@group-1FBFDE7F0AC9, cid=16, FAILED org.apache.ratis.protocol.NotLeaderException: Server 386cb1e4-3366-4d3a-9c87-536bd0e99de2 is not the leader (null). Request must be sent to leader., logIndex=0, commits[386cb1e4-3366-4d3a-9c87-536bd0e99de2:c-1]
2019-08-09 03:51:37,699 INFO  impl.RaftServerImpl (ServerState.java:setRaftConf(361)) - 386cb1e4-3366-4d3a-9c87-536bd0e99de2:group-123128EF879C set configuration 0: [386cb1e4-3366-4d3a-9c87-536bd0e99de2:192.168.157.225:39808], old=null at 0
2019-08-09 03:51:37,720 INFO  impl.FollowerState (FollowerState.java:run(106)) - c81431eb-8d32-47c2-a051-d9692899a5ea:group-5E006625C6D0 changes to CANDIDATE, lastRpcTime:5167, electionTimeout:5167ms
2019-08-09 03:51:37,720 INFO  impl.RoleInfo (RoleInfo.java:shutdownFollowerState(121)) - c81431eb-8d32-47c2-a051-d9692899a5ea: shutdown FollowerState
2019-08-09 03:51:37,720 INFO  impl.RaftServerImpl (RaftServerImpl.java:setRole(171)) - c81431eb-8d32-47c2-a051-d9692899a5ea:group-5E006625C6D0 changes role from FOLLOWER to CANDIDATE at term 0 for changeToCandidate
2019-08-09 03:51:37,720 INFO  impl.RoleInfo (RoleInfo.java:updateAndGet(143)) - c81431eb-8d32-47c2-a051-d9692899a5ea: start LeaderElection
2019-08-09 03:51:37,739 INFO  impl.LeaderElection (LeaderElection.java:askForVotes(181)) - c81431eb-8d32-47c2-a051-d9692899a5ea:group-5E006625C6D0:LeaderElection3: begin an election at term 1 for -1: [c81431eb-8d32-47c2-a051-d9692899a5ea:192.168.157.225:39327], old=null
2019-08-09 03:51:37,739 INFO  impl.RoleInfo (RoleInfo.java:shutdownLeaderElection(134)) - c81431eb-8d32-47c2-a051-d9692899a5ea: shutdown LeaderElection
2019-08-09 03:51:37,739 INFO  impl.RaftServerImpl (RaftServerImpl.java:setRole(171)) - c81431eb-8d32-47c2-a051-d9692899a5ea:group-5E006625C6D0 changes role from CANDIDATE to LEADER at term 1 for changeToLeader
2019-08-09 03:51:37,739 INFO  impl.RaftServerImpl (ServerState.java:setLeader(263)) - c81431eb-8d32-47c2-a051-d9692899a5ea:group-5E006625C6D0 change Leader from null to c81431eb-8d32-47c2-a051-d9692899a5ea at term 1 for becomeLeader, leader elected after 5192ms
2019-08-09 03:51:37,741 INFO  server.RaftServerConfigKeys (ConfUtils.java:logGet(43)) - raft.server.staging.catchup.gap = 1000 (default)
2019-08-09 03:51:37,741 INFO  server.RaftServerConfigKeys (ConfUtils.java:logGet(43)) - raft.server.rpc.sleep.time = 25ms (default)
2019-08-09 03:51:37,741 INFO  server.RaftServerConfigKeys (ConfUtils.java:logGet(43)) - raft.server.write.element-limit = 4096 (default)
2019-08-09 03:51:37,741 INFO  server.RaftServerConfigKeys (ConfUtils.java:logGet(43)) - raft.server.watch.timeout = 10s (default)
2019-08-09 03:51:37,741 INFO  server.RaftServerConfigKeys (ConfUtils.java:logGet(43)) - raft.server.watch.timeout.denomination = 1s (default)
2019-08-09 03:51:37,741 INFO  server.RaftServerConfigKeys (ConfUtils.java:logGet(43)) - raft.server.watch.element-limit = 65536 (default)
2019-08-09 03:51:37,742 INFO  impl.RoleInfo (RoleInfo.java:updateAndGet(143)) - c81431eb-8d32-47c2-a051-d9692899a5ea: start LeaderState
2019-08-09 03:51:37,742 INFO  segmented.SegmentedRaftLogWorker (SegmentedRaftLogWorker.java:startLogSegment(380)) - c81431eb-8d32-47c2-a051-d9692899a5ea-SegmentedRaftLogWorker:Storage Directory /workdir/hadoop-ozone/integration-test/target/test-dir/MiniOzoneClusterImpl-ff1f4075-c7da-4dd0-bc05-b1286c81d2a0/datanode-2/data/ratis/ce3f2342-41ef-4261-9efb-5e006625c6d0: Starting segment from index:0
2019-08-09 03:51:37,742 INFO  impl.RaftServerImpl (ServerState.java:setRaftConf(361)) - c81431eb-8d32-47c2-a051-d9692899a5ea:group-5E006625C6D0 set configuration 0: [c81431eb-8d32-47c2-a051-d9692899a5ea:192.168.157.225:39327], old=null at 0
2019-08-09 03:51:37,774 INFO  impl.FollowerState (FollowerState.java:run(106)) - 924573be-81f6-4d51-b1e7-163290a7619b:group-AEABD14753BD changes to CANDIDATE, lastRpcTime:5137, electionTimeout:5137ms
2019-08-09 03:51:37,775 INFO  impl.RoleInfo (RoleInfo.java:shutdownFollowerState(121)) - 924573be-81f6-4d51-b1e7-163290a7619b: shutdown FollowerState
2019-08-09 03:51:37,775 INFO  impl.RaftServerImpl (RaftServerImpl.java:setRole(171)) - 924573be-81f6-4d51-b1e7-163290a7619b:group-AEABD14753BD changes role from FOLLOWER to CANDIDATE at term 0 for changeToCandidate
2019-08-09 03:51:37,775 INFO  impl.RoleInfo (RoleInfo.java:updateAndGet(143)) - 924573be-81f6-4d51-b1e7-163290a7619b: start LeaderElection
2019-08-09 03:51:37,781 INFO  segmented.SegmentedRaftLogWorker (SegmentedRaftLogWorker.java:execute(569)) - cdc970ab-04ee-4ca0-b014-4e9041fd2342-SegmentedRaftLogWorker:Storage Directory /workdir/hadoop-ozone/integration-test/target/test-dir/MiniOzoneClusterImpl-ff1f4075-c7da-4dd0-bc05-b1286c81d2a0/datanode-0/data/ratis/b5b6cff1-c0af-4616-bdf0-d25a91e2a871: created new log segment /workdir/hadoop-ozone/integration-test/target/test-dir/MiniOzoneClusterImpl-ff1f4075-c7da-4dd0-bc05-b1286c81d2a0/datanode-0/data/ratis/b5b6cff1-c0af-4616-bdf0-d25a91e2a871/current/log_inprogress_0
2019-08-09 03:51:37,781 INFO  segmented.SegmentedRaftLogWorker (SegmentedRaftLogWorker.java:execute(569)) - 386cb1e4-3366-4d3a-9c87-536bd0e99de2-SegmentedRaftLogWorker:Storage Directory /workdir/hadoop-ozone/integration-test/target/test-dir/MiniOzoneClusterImpl-ff1f4075-c7da-4dd0-bc05-b1286c81d2a0/datanode-5/data/ratis/8343d5c8-9390-409d-8d9a-123128ef879c: created new log segment /workdir/hadoop-ozone/integration-test/target/test-dir/MiniOzoneClusterImpl-ff1f4075-c7da-4dd0-bc05-b1286c81d2a0/datanode-5/data/ratis/8343d5c8-9390-409d-8d9a-123128ef879c/current/log_inprogress_0
2019-08-09 03:51:37,781 INFO  impl.LeaderElection (LeaderElection.java:askForVotes(181)) - 924573be-81f6-4d51-b1e7-163290a7619b:group-AEABD14753BD:LeaderElection4: begin an election at term 1 for -1: [924573be-81f6-4d51-b1e7-163290a7619b:192.168.157.225:45162], old=null
2019-08-09 03:51:37,781 INFO  segmented.SegmentedRaftLogWorker (SegmentedRaftLogWorker.java:execute(569)) - c81431eb-8d32-47c2-a051-d9692899a5ea-SegmentedRaftLogWorker:Storage Directory /workdir/hadoop-ozone/integration-test/target/test-dir/MiniOzoneClusterImpl-ff1f4075-c7da-4dd0-bc05-b1286c81d2a0/datanode-2/data/ratis/ce3f2342-41ef-4261-9efb-5e006625c6d0: created new log segment /workdir/hadoop-ozone/integration-test/target/test-dir/MiniOzoneClusterImpl-ff1f4075-c7da-4dd0-bc05-b1286c81d2a0/datanode-2/data/ratis/ce3f2342-41ef-4261-9efb-5e006625c6d0/current/log_inprogress_0
2019-08-09 03:51:37,784 INFO  impl.RoleInfo (RoleInfo.java:shutdownLeaderElection(134)) - 924573be-81f6-4d51-b1e7-163290a7619b: shutdown LeaderElection
2019-08-09 03:51:37,784 INFO  impl.RaftServerImpl (RaftServerImpl.java:setRole(171)) - 924573be-81f6-4d51-b1e7-163290a7619b:group-AEABD14753BD changes role from CANDIDATE to LEADER at term 1 for changeToLeader
2019-08-09 03:51:37,784 INFO  impl.RaftServerImpl (ServerState.java:setLeader(263)) - 924573be-81f6-4d51-b1e7-163290a7619b:group-AEABD14753BD change Leader from null to 924573be-81f6-4d51-b1e7-163290a7619b at term 1 for becomeLeader, leader elected after 5152ms
2019-08-09 03:51:37,787 INFO  server.RaftServerConfigKeys (ConfUtils.java:logGet(43)) - raft.server.staging.catchup.gap = 1000 (default)
2019-08-09 03:51:37,787 INFO  server.RaftServerConfigKeys (ConfUtils.java:logGet(43)) - raft.server.rpc.sleep.time = 25ms (default)
2019-08-09 03:51:37,788 INFO  server.RaftServerConfigKeys (ConfUtils.java:logGet(43)) - raft.server.write.element-limit = 4096 (default)
2019-08-09 03:51:37,788 INFO  server.RaftServerConfigKeys (ConfUtils.java:logGet(43)) - raft.server.watch.timeout = 10s (default)
2019-08-09 03:51:37,788 INFO  server.RaftServerConfigKeys (ConfUtils.java:logGet(43)) - raft.server.watch.timeout.denomination = 1s (default)
2019-08-09 03:51:37,788 INFO  server.RaftServerConfigKeys (ConfUtils.java:logGet(43)) - raft.server.watch.element-limit = 65536 (default)
2019-08-09 03:51:37,789 INFO  impl.RoleInfo (RoleInfo.java:updateAndGet(143)) - 924573be-81f6-4d51-b1e7-163290a7619b: start LeaderState
2019-08-09 03:51:37,789 INFO  impl.FollowerState (FollowerState.java:run(106)) - 39361c49-ee90-41a6-a65b-5fabdda3eeb1:group-B2F5B1987CA4 changes to CANDIDATE, lastRpcTime:5079, electionTimeout:5079ms
2019-08-09 03:51:37,790 INFO  impl.RoleInfo (RoleInfo.java:shutdownFollowerState(121)) - 39361c49-ee90-41a6-a65b-5fabdda3eeb1: shutdown FollowerState
2019-08-09 03:51:37,790 INFO  impl.RaftServerImpl (RaftServerImpl.java:setRole(171)) - 39361c49-ee90-41a6-a65b-5fabdda3eeb1:group-B2F5B1987CA4 changes role from FOLLOWER to CANDIDATE at term 0 for changeToCandidate
2019-08-09 03:51:37,790 INFO  segmented.SegmentedRaftLogWorker (SegmentedRaftLogWorker.java:startLogSegment(380)) - 924573be-81f6-4d51-b1e7-163290a7619b-SegmentedRaftLogWorker:Storage Directory /workdir/hadoop-ozone/integration-test/target/test-dir/MiniOzoneClusterImpl-ff1f4075-c7da-4dd0-bc05-b1286c81d2a0/datanode-3/data/ratis/d56c930f-62cf-486b-9275-aeabd14753bd: Starting segment from index:0
2019-08-09 03:51:37,791 INFO  impl.RoleInfo (RoleInfo.java:updateAndGet(143)) - 39361c49-ee90-41a6-a65b-5fabdda3eeb1: start LeaderElection
2019-08-09 03:51:37,809 INFO  impl.RaftServerImpl (ServerState.java:setRaftConf(361)) - 924573be-81f6-4d51-b1e7-163290a7619b:group-AEABD14753BD set configuration 0: [924573be-81f6-4d51-b1e7-163290a7619b:192.168.157.225:45162], old=null at 0
2019-08-09 03:51:37,825 INFO  impl.FollowerState (FollowerState.java:run(106)) - 96d88727-a26b-4013-b168-529a658d9256:group-810C4C902720 changes to CANDIDATE, lastRpcTime:5014, electionTimeout:5014ms
2019-08-09 03:51:37,825 INFO  impl.RoleInfo (RoleInfo.java:shutdownFollowerState(121)) - 96d88727-a26b-4013-b168-529a658d9256: shutdown FollowerState
2019-08-09 03:51:37,825 INFO  impl.RaftServerImpl (RaftServerImpl.java:setRole(171)) - 96d88727-a26b-4013-b168-529a658d9256:group-810C4C902720 changes role from FOLLOWER to CANDIDATE at term 0 for changeToCandidate
2019-08-09 03:51:37,825 INFO  impl.RoleInfo (RoleInfo.java:updateAndGet(143)) - 96d88727-a26b-4013-b168-529a658d9256: start LeaderElection
2019-08-09 03:51:37,834 INFO  segmented.SegmentedRaftLogWorker (SegmentedRaftLogWorker.java:execute(569)) - 924573be-81f6-4d51-b1e7-163290a7619b-SegmentedRaftLogWorker:Storage Directory /workdir/hadoop-ozone/integration-test/target/test-dir/MiniOzoneClusterImpl-ff1f4075-c7da-4dd0-bc05-b1286c81d2a0/datanode-3/data/ratis/d56c930f-62cf-486b-9275-aeabd14753bd: created new log segment /workdir/hadoop-ozone/integration-test/target/test-dir/MiniOzoneClusterImpl-ff1f4075-c7da-4dd0-bc05-b1286c81d2a0/datanode-3/data/ratis/d56c930f-62cf-486b-9275-aeabd14753bd/current/log_inprogress_0
2019-08-09 03:51:37,834 INFO  impl.LeaderElection (LeaderElection.java:askForVotes(181)) - 39361c49-ee90-41a6-a65b-5fabdda3eeb1:group-B2F5B1987CA4:LeaderElection5: begin an election at term 1 for -1: [39361c49-ee90-41a6-a65b-5fabdda3eeb1:192.168.157.225:35252], old=null
2019-08-09 03:51:37,834 INFO  impl.RoleInfo (RoleInfo.java:shutdownLeaderElection(134)) - 39361c49-ee90-41a6-a65b-5fabdda3eeb1: shutdown LeaderElection
2019-08-09 03:51:37,834 INFO  impl.RaftServerImpl (RaftServerImpl.java:setRole(171)) - 39361c49-ee90-41a6-a65b-5fabdda3eeb1:group-B2F5B1987CA4 changes role from CANDIDATE to LEADER at term 1 for changeToLeader
2019-08-09 03:51:37,834 INFO  impl.RaftServerImpl (ServerState.java:setLeader(263)) - 39361c49-ee90-41a6-a65b-5fabdda3eeb1:group-B2F5B1987CA4 change Leader from null to 39361c49-ee90-41a6-a65b-5fabdda3eeb1 at term 1 for becomeLeader, leader elected after 5129ms
2019-08-09 03:51:37,835 INFO  server.RaftServerConfigKeys (ConfUtils.java:logGet(43)) - raft.server.staging.catchup.gap = 1000 (default)
2019-08-09 03:51:37,835 INFO  server.RaftServerConfigKeys (ConfUtils.java:logGet(43)) - raft.server.rpc.sleep.time = 25ms (default)
2019-08-09 03:51:37,836 INFO  server.RaftServerConfigKeys (ConfUtils.java:logGet(43)) - raft.server.write.element-limit = 4096 (default)
2019-08-09 03:51:37,836 INFO  server.RaftServerConfigKeys (ConfUtils.java:logGet(43)) - raft.server.watch.timeout = 10s (default)
2019-08-09 03:51:37,836 INFO  server.RaftServerConfigKeys (ConfUtils.java:logGet(43)) - raft.server.watch.timeout.denomination = 1s (default)
2019-08-09 03:51:37,836 INFO  impl.LeaderElection (LeaderElection.java:askForVotes(181)) - 96d88727-a26b-4013-b168-529a658d9256:group-810C4C902720:LeaderElection6: begin an election at term 1 for -1: [96d88727-a26b-4013-b168-529a658d9256:192.168.157.225:39994], old=null
2019-08-09 03:51:37,836 INFO  server.RaftServerConfigKeys (ConfUtils.java:logGet(43)) - raft.server.watch.element-limit = 65536 (default)
2019-08-09 03:51:37,837 INFO  impl.RoleInfo (RoleInfo.java:shutdownLeaderElection(134)) - 96d88727-a26b-4013-b168-529a658d9256: shutdown LeaderElection
2019-08-09 03:51:37,838 INFO  impl.RoleInfo (RoleInfo.java:updateAndGet(143)) - 39361c49-ee90-41a6-a65b-5fabdda3eeb1: start LeaderState
2019-08-09 03:51:37,838 INFO  impl.RaftServerImpl (RaftServerImpl.java:setRole(171)) - 96d88727-a26b-4013-b168-529a658d9256:group-810C4C902720 changes role from CANDIDATE to LEADER at term 1 for changeToLeader
2019-08-09 03:51:37,838 INFO  impl.RaftServerImpl (ServerState.java:setLeader(263)) - 96d88727-a26b-4013-b168-529a658d9256:group-810C4C902720 change Leader from null to 96d88727-a26b-4013-b168-529a658d9256 at term 1 for becomeLeader, leader elected after 5033ms
2019-08-09 03:51:37,838 INFO  segmented.SegmentedRaftLogWorker (SegmentedRaftLogWorker.java:startLogSegment(380)) - 39361c49-ee90-41a6-a65b-5fabdda3eeb1-SegmentedRaftLogWorker:Storage Directory /workdir/hadoop-ozone/integration-test/target/test-dir/MiniOzoneClusterImpl-ff1f4075-c7da-4dd0-bc05-b1286c81d2a0/datanode-1/data/ratis/14fdd587-b39c-4332-9faa-b2f5b1987ca4: Starting segment from index:0
2019-08-09 03:51:37,839 INFO  server.RaftServerConfigKeys (ConfUtils.java:logGet(43)) - raft.server.staging.catchup.gap = 1000 (default)
2019-08-09 03:51:37,839 INFO  server.RaftServerConfigKeys (ConfUtils.java:logGet(43)) - raft.server.rpc.sleep.time = 25ms (default)
2019-08-09 03:51:37,840 INFO  impl.RaftServerImpl (ServerState.java:setRaftConf(361)) - 39361c49-ee90-41a6-a65b-5fabdda3eeb1:group-B2F5B1987CA4 set configuration 0: [39361c49-ee90-41a6-a65b-5fabdda3eeb1:192.168.157.225:35252], old=null at 0
2019-08-09 03:51:37,840 INFO  server.RaftServerConfigKeys (ConfUtils.java:logGet(43)) - raft.server.write.element-limit = 4096 (default)
2019-08-09 03:51:37,855 INFO  server.RaftServerConfigKeys (ConfUtils.java:logGet(43)) - raft.server.watch.timeout = 10s (default)
2019-08-09 03:51:37,855 INFO  server.RaftServerConfigKeys (ConfUtils.java:logGet(43)) - raft.server.watch.timeout.denomination = 1s (default)
2019-08-09 03:51:37,856 INFO  server.RaftServerConfigKeys (ConfUtils.java:logGet(43)) - raft.server.watch.element-limit = 65536 (default)
2019-08-09 03:51:37,856 INFO  impl.RoleInfo (RoleInfo.java:updateAndGet(143)) - 96d88727-a26b-4013-b168-529a658d9256: start LeaderState
2019-08-09 03:51:37,856 INFO  segmented.SegmentedRaftLogWorker (SegmentedRaftLogWorker.java:startLogSegment(380)) - 96d88727-a26b-4013-b168-529a658d9256-SegmentedRaftLogWorker:Storage Directory /workdir/hadoop-ozone/integration-test/target/test-dir/MiniOzoneClusterImpl-ff1f4075-c7da-4dd0-bc05-b1286c81d2a0/datanode-4/data/ratis/d520bb94-4501-4416-9f5c-810c4c902720: Starting segment from index:0
2019-08-09 03:51:37,857 INFO  impl.RaftServerImpl (ServerState.java:setRaftConf(361)) - 96d88727-a26b-4013-b168-529a658d9256:group-810C4C902720 set configuration 0: [96d88727-a26b-4013-b168-529a658d9256:192.168.157.225:39994], old=null at 0
2019-08-09 03:51:37,879 INFO  segmented.SegmentedRaftLogWorker (SegmentedRaftLogWorker.java:execute(569)) - 39361c49-ee90-41a6-a65b-5fabdda3eeb1-SegmentedRaftLogWorker:Storage Directory /workdir/hadoop-ozone/integration-test/target/test-dir/MiniOzoneClusterImpl-ff1f4075-c7da-4dd0-bc05-b1286c81d2a0/datanode-1/data/ratis/14fdd587-b39c-4332-9faa-b2f5b1987ca4: created new log segment /workdir/hadoop-ozone/integration-test/target/test-dir/MiniOzoneClusterImpl-ff1f4075-c7da-4dd0-bc05-b1286c81d2a0/datanode-1/data/ratis/14fdd587-b39c-4332-9faa-b2f5b1987ca4/current/log_inprogress_0
2019-08-09 03:51:37,881 INFO  segmented.SegmentedRaftLogWorker (SegmentedRaftLogWorker.java:execute(569)) - 96d88727-a26b-4013-b168-529a658d9256-SegmentedRaftLogWorker:Storage Directory /workdir/hadoop-ozone/integration-test/target/test-dir/MiniOzoneClusterImpl-ff1f4075-c7da-4dd0-bc05-b1286c81d2a0/datanode-4/data/ratis/d520bb94-4501-4416-9f5c-810c4c902720: created new log segment /workdir/hadoop-ozone/integration-test/target/test-dir/MiniOzoneClusterImpl-ff1f4075-c7da-4dd0-bc05-b1286c81d2a0/datanode-4/data/ratis/d520bb94-4501-4416-9f5c-810c4c902720/current/log_inprogress_0
2019-08-09 03:51:38,000 INFO  impl.FollowerState (FollowerState.java:run(106)) - 386cb1e4-3366-4d3a-9c87-536bd0e99de2:group-1FBFDE7F0AC9 changes to CANDIDATE, lastRpcTime:5050, electionTimeout:5050ms
2019-08-09 03:51:38,009 INFO  impl.RoleInfo (RoleInfo.java:shutdownFollowerState(121)) - 386cb1e4-3366-4d3a-9c87-536bd0e99de2: shutdown FollowerState
2019-08-09 03:51:38,009 INFO  impl.RaftServerImpl (RaftServerImpl.java:setRole(171)) - 386cb1e4-3366-4d3a-9c87-536bd0e99de2:group-1FBFDE7F0AC9 changes role from FOLLOWER to CANDIDATE at term 0 for changeToCandidate
2019-08-09 03:51:38,009 INFO  impl.RoleInfo (RoleInfo.java:updateAndGet(143)) - 386cb1e4-3366-4d3a-9c87-536bd0e99de2: start LeaderElection
2019-08-09 03:51:38,026 INFO  impl.LeaderElection (LeaderElection.java:askForVotes(181)) - 386cb1e4-3366-4d3a-9c87-536bd0e99de2:group-1FBFDE7F0AC9:LeaderElection7: begin an election at term 1 for -1: [924573be-81f6-4d51-b1e7-163290a7619b:192.168.157.225:45162, 386cb1e4-3366-4d3a-9c87-536bd0e99de2:192.168.157.225:39808, c81431eb-8d32-47c2-a051-d9692899a5ea:192.168.157.225:39327], old=null
2019-08-09 03:51:38,059 INFO  impl.RaftServerImpl (RaftServerImpl.java:setRole(171)) - c81431eb-8d32-47c2-a051-d9692899a5ea:group-1FBFDE7F0AC9 changes role from FOLLOWER to FOLLOWER at term 1 for recognizeCandidate:386cb1e4-3366-4d3a-9c87-536bd0e99de2
2019-08-09 03:51:38,059 INFO  impl.RaftServerImpl (RaftServerImpl.java:setRole(171)) - 924573be-81f6-4d51-b1e7-163290a7619b:group-1FBFDE7F0AC9 changes role from FOLLOWER to FOLLOWER at term 1 for recognizeCandidate:386cb1e4-3366-4d3a-9c87-536bd0e99de2
2019-08-09 03:51:38,059 INFO  impl.RoleInfo (RoleInfo.java:shutdownFollowerState(121)) - c81431eb-8d32-47c2-a051-d9692899a5ea: shutdown FollowerState
2019-08-09 03:51:38,060 INFO  impl.RoleInfo (RoleInfo.java:shutdownFollowerState(121)) - 924573be-81f6-4d51-b1e7-163290a7619b: shutdown FollowerState
2019-08-09 03:51:38,060 INFO  impl.RoleInfo (RoleInfo.java:updateAndGet(143)) - c81431eb-8d32-47c2-a051-d9692899a5ea: start FollowerState
2019-08-09 03:51:38,060 INFO  impl.FollowerState (FollowerState.java:run(114)) - 924573be-81f6-4d51-b1e7-163290a7619b: FollowerState was interrupted: java.lang.InterruptedException: sleep interrupted
2019-08-09 03:51:38,060 INFO  impl.RoleInfo (RoleInfo.java:updateAndGet(143)) - 924573be-81f6-4d51-b1e7-163290a7619b: start FollowerState
2019-08-09 03:51:38,060 INFO  impl.FollowerState (FollowerState.java:run(114)) - c81431eb-8d32-47c2-a051-d9692899a5ea: FollowerState was interrupted: java.lang.InterruptedException: sleep interrupted
2019-08-09 03:51:38,094 INFO  impl.LeaderElection (LeaderElection.java:logAndReturn(56)) - 386cb1e4-3366-4d3a-9c87-536bd0e99de2:group-1FBFDE7F0AC9:LeaderElection7: Election PASSED; received 1 response(s) [386cb1e4-3366-4d3a-9c87-536bd0e99de2<-924573be-81f6-4d51-b1e7-163290a7619b#0:OK-t1] and 0 exception(s); 386cb1e4-3366-4d3a-9c87-536bd0e99de2:t1, leader=null, voted=386cb1e4-3366-4d3a-9c87-536bd0e99de2, raftlog=386cb1e4-3366-4d3a-9c87-536bd0e99de2-SegmentedRaftLog:OPENED:c-1,f-1,i0, conf=-1: [924573be-81f6-4d51-b1e7-163290a7619b:192.168.157.225:45162, 386cb1e4-3366-4d3a-9c87-536bd0e99de2:192.168.157.225:39808, c81431eb-8d32-47c2-a051-d9692899a5ea:192.168.157.225:39327], old=null
2019-08-09 03:51:38,094 INFO  impl.RoleInfo (RoleInfo.java:shutdownLeaderElection(134)) - 386cb1e4-3366-4d3a-9c87-536bd0e99de2: shutdown LeaderElection
2019-08-09 03:51:38,094 INFO  impl.RaftServerImpl (RaftServerImpl.java:setRole(171)) - 386cb1e4-3366-4d3a-9c87-536bd0e99de2:group-1FBFDE7F0AC9 changes role from CANDIDATE to LEADER at term 1 for changeToLeader
2019-08-09 03:51:38,097 INFO  impl.RaftServerImpl (ServerState.java:setLeader(263)) - 386cb1e4-3366-4d3a-9c87-536bd0e99de2:group-1FBFDE7F0AC9 change Leader from null to 386cb1e4-3366-4d3a-9c87-536bd0e99de2 at term 1 for becomeLeader, leader elected after 5158ms
2019-08-09 03:51:38,097 INFO  server.RaftServerConfigKeys (ConfUtils.java:logGet(43)) - raft.server.staging.catchup.gap = 1000 (default)
2019-08-09 03:51:38,097 INFO  server.RaftServerConfigKeys (ConfUtils.java:logGet(43)) - raft.server.rpc.sleep.time = 25ms (default)
2019-08-09 03:51:38,097 INFO  server.RaftServerConfigKeys (ConfUtils.java:logGet(43)) - raft.server.write.element-limit = 4096 (default)
2019-08-09 03:51:38,098 INFO  server.RaftServerConfigKeys (ConfUtils.java:logGet(43)) - raft.server.watch.timeout = 10s (default)
2019-08-09 03:51:38,098 INFO  server.RaftServerConfigKeys (ConfUtils.java:logGet(43)) - raft.server.watch.timeout.denomination = 1s (default)
2019-08-09 03:51:38,098 INFO  server.RaftServerConfigKeys (ConfUtils.java:logGet(43)) - raft.server.watch.element-limit = 65536 (default)
2019-08-09 03:51:38,101 INFO  server.RaftServerConfigKeys (ConfUtils.java:logGet(43)) - raft.server.log.appender.snapshot.chunk.size.max = 16MB (=16777216) (default)
2019-08-09 03:51:38,101 INFO  server.RaftServerConfigKeys (ConfUtils.java:logGet(43)) - raft.server.log.appender.buffer.byte-limit = 33554432 (custom)
2019-08-09 03:51:38,102 INFO  server.RaftServerConfigKeys (ConfUtils.java:logGet(43)) - raft.server.log.appender.buffer.element-limit = 1 (custom)
2019-08-09 03:51:38,105 INFO  grpc.GrpcConfigKeys$Server (ConfUtils.java:logGet(43)) - raft.grpc.server.leader.outstanding.appends.max = 128 (default)
2019-08-09 03:51:38,107 INFO  server.RaftServerConfigKeys (ConfUtils.java:logGet(43)) - raft.server.rpc.request.timeout = 3000ms (default)
2019-08-09 03:51:38,107 INFO  server.RaftServerConfigKeys (ConfUtils.java:logGet(43)) - raft.server.log.appender.install.snapshot.enabled = false (custom)
2019-08-09 03:51:38,108 INFO  server.RaftServerConfigKeys (ConfUtils.java:logGet(43)) - raft.server.log.appender.snapshot.chunk.size.max = 16MB (=16777216) (default)
2019-08-09 03:51:38,108 INFO  server.RaftServerConfigKeys (ConfUtils.java:logGet(43)) - raft.server.log.appender.buffer.byte-limit = 33554432 (custom)
2019-08-09 03:51:38,108 INFO  server.RaftServerConfigKeys (ConfUtils.java:logGet(43)) - raft.server.log.appender.buffer.element-limit = 1 (custom)
2019-08-09 03:51:38,108 INFO  grpc.GrpcConfigKeys$Server (ConfUtils.java:logGet(43)) - raft.grpc.server.leader.outstanding.appends.max = 128 (default)
2019-08-09 03:51:38,108 INFO  server.RaftServerConfigKeys (ConfUtils.java:logGet(43)) - raft.server.rpc.request.timeout = 3000ms (default)
2019-08-09 03:51:38,109 INFO  server.RaftServerConfigKeys (ConfUtils.java:logGet(43)) - raft.server.log.appender.install.snapshot.enabled = false (custom)
2019-08-09 03:51:38,110 INFO  impl.RoleInfo (RoleInfo.java:updateAndGet(143)) - 386cb1e4-3366-4d3a-9c87-536bd0e99de2: start LeaderState
2019-08-09 03:51:38,110 INFO  segmented.SegmentedRaftLogWorker (SegmentedRaftLogWorker.java:startLogSegment(380)) - 386cb1e4-3366-4d3a-9c87-536bd0e99de2-SegmentedRaftLogWorker:Storage Directory /workdir/hadoop-ozone/integration-test/target/test-dir/MiniOzoneClusterImpl-ff1f4075-c7da-4dd0-bc05-b1286c81d2a0/datanode-5/data/ratis/cf2fc001-b053-4e3c-bedb-1fbfde7f0ac9: Starting segment from index:0
2019-08-09 03:51:38,111 INFO  impl.RaftServerImpl (ServerState.java:setRaftConf(361)) - 386cb1e4-3366-4d3a-9c87-536bd0e99de2:group-1FBFDE7F0AC9 set configuration 0: [924573be-81f6-4d51-b1e7-163290a7619b:192.168.157.225:45162, 386cb1e4-3366-4d3a-9c87-536bd0e99de2:192.168.157.225:39808, c81431eb-8d32-47c2-a051-d9692899a5ea:192.168.157.225:39327], old=null at 0
2019-08-09 03:51:38,144 INFO  segmented.SegmentedRaftLogWorker (SegmentedRaftLogWorker.java:execute(569)) - 386cb1e4-3366-4d3a-9c87-536bd0e99de2-SegmentedRaftLogWorker:Storage Directory /workdir/hadoop-ozone/integration-test/target/test-dir/MiniOzoneClusterImpl-ff1f4075-c7da-4dd0-bc05-b1286c81d2a0/datanode-5/data/ratis/cf2fc001-b053-4e3c-bedb-1fbfde7f0ac9: created new log segment /workdir/hadoop-ozone/integration-test/target/test-dir/MiniOzoneClusterImpl-ff1f4075-c7da-4dd0-bc05-b1286c81d2a0/datanode-5/data/ratis/cf2fc001-b053-4e3c-bedb-1fbfde7f0ac9/current/log_inprogress_0
2019-08-09 03:51:38,155 INFO  impl.FollowerState (FollowerState.java:run(106)) - 39361c49-ee90-41a6-a65b-5fabdda3eeb1:group-34EB73124AEB changes to CANDIDATE, lastRpcTime:5070, electionTimeout:5068ms
2019-08-09 03:51:38,158 INFO  impl.RoleInfo (RoleInfo.java:shutdownFollowerState(121)) - 39361c49-ee90-41a6-a65b-5fabdda3eeb1: shutdown FollowerState
2019-08-09 03:51:38,156 INFO  impl.RaftServerImpl (ServerState.java:setLeader(263)) - c81431eb-8d32-47c2-a051-d9692899a5ea:group-1FBFDE7F0AC9 change Leader from null to 386cb1e4-3366-4d3a-9c87-536bd0e99de2 at term 1 for appendEntries, leader elected after 5219ms
2019-08-09 03:51:38,158 INFO  impl.RaftServerImpl (ServerState.java:setLeader(263)) - 924573be-81f6-4d51-b1e7-163290a7619b:group-1FBFDE7F0AC9 change Leader from null to 386cb1e4-3366-4d3a-9c87-536bd0e99de2 at term 1 for appendEntries, leader elected after 5221ms
2019-08-09 03:51:38,158 INFO  impl.RaftServerImpl (RaftServerImpl.java:setRole(171)) - 39361c49-ee90-41a6-a65b-5fabdda3eeb1:group-34EB73124AEB changes role from FOLLOWER to CANDIDATE at term 0 for changeToCandidate
2019-08-09 03:51:38,160 INFO  impl.RoleInfo (RoleInfo.java:updateAndGet(143)) - 39361c49-ee90-41a6-a65b-5fabdda3eeb1: start LeaderElection
2019-08-09 03:51:38,176 INFO  impl.LeaderElection (LeaderElection.java:askForVotes(181)) - 39361c49-ee90-41a6-a65b-5fabdda3eeb1:group-34EB73124AEB:LeaderElection8: begin an election at term 1 for -1: [39361c49-ee90-41a6-a65b-5fabdda3eeb1:192.168.157.225:35252, cdc970ab-04ee-4ca0-b014-4e9041fd2342:192.168.157.225:43673, 96d88727-a26b-4013-b168-529a658d9256:192.168.157.225:39994], old=null
2019-08-09 03:51:38,190 INFO  impl.RaftServerImpl (RaftServerImpl.java:setRole(171)) - cdc970ab-04ee-4ca0-b014-4e9041fd2342:group-34EB73124AEB changes role from FOLLOWER to FOLLOWER at term 1 for recognizeCandidate:39361c49-ee90-41a6-a65b-5fabdda3eeb1
2019-08-09 03:51:38,190 INFO  impl.RoleInfo (RoleInfo.java:shutdownFollowerState(121)) - cdc970ab-04ee-4ca0-b014-4e9041fd2342: shutdown FollowerState
2019-08-09 03:51:38,193 INFO  impl.RoleInfo (RoleInfo.java:updateAndGet(143)) - cdc970ab-04ee-4ca0-b014-4e9041fd2342: start FollowerState
2019-08-09 03:51:38,194 INFO  impl.FollowerState (FollowerState.java:run(114)) - cdc970ab-04ee-4ca0-b014-4e9041fd2342: FollowerState was interrupted: java.lang.InterruptedException: sleep interrupted
2019-08-09 03:51:38,194 INFO  impl.RaftServerImpl (RaftServerImpl.java:setRole(171)) - 96d88727-a26b-4013-b168-529a658d9256:group-34EB73124AEB changes role from FOLLOWER to FOLLOWER at term 1 for recognizeCandidate:39361c49-ee90-41a6-a65b-5fabdda3eeb1
2019-08-09 03:51:38,196 INFO  impl.RoleInfo (RoleInfo.java:shutdownFollowerState(121)) - 96d88727-a26b-4013-b168-529a658d9256: shutdown FollowerState
2019-08-09 03:51:38,199 INFO  impl.FollowerState (FollowerState.java:run(114)) - 96d88727-a26b-4013-b168-529a658d9256: FollowerState was interrupted: java.lang.InterruptedException: sleep interrupted
2019-08-09 03:51:38,199 INFO  impl.RoleInfo (RoleInfo.java:updateAndGet(143)) - 96d88727-a26b-4013-b168-529a658d9256: start FollowerState
2019-08-09 03:51:38,211 INFO  impl.RaftServerImpl (ServerState.java:setRaftConf(361)) - c81431eb-8d32-47c2-a051-d9692899a5ea:group-1FBFDE7F0AC9 set configuration 0: [924573be-81f6-4d51-b1e7-163290a7619b:192.168.157.225:45162, 386cb1e4-3366-4d3a-9c87-536bd0e99de2:192.168.157.225:39808, c81431eb-8d32-47c2-a051-d9692899a5ea:192.168.157.225:39327], old=null at 0
2019-08-09 03:51:38,211 INFO  impl.RaftServerImpl (ServerState.java:setRaftConf(361)) - 924573be-81f6-4d51-b1e7-163290a7619b:group-1FBFDE7F0AC9 set configuration 0: [924573be-81f6-4d51-b1e7-163290a7619b:192.168.157.225:45162, 386cb1e4-3366-4d3a-9c87-536bd0e99de2:192.168.157.225:39808, c81431eb-8d32-47c2-a051-d9692899a5ea:192.168.157.225:39327], old=null at 0
2019-08-09 03:51:38,211 INFO  segmented.SegmentedRaftLogWorker (SegmentedRaftLogWorker.java:startLogSegment(380)) - c81431eb-8d32-47c2-a051-d9692899a5ea-SegmentedRaftLogWorker:Storage Directory /workdir/hadoop-ozone/integration-test/target/test-dir/MiniOzoneClusterImpl-ff1f4075-c7da-4dd0-bc05-b1286c81d2a0/datanode-2/data/ratis/cf2fc001-b053-4e3c-bedb-1fbfde7f0ac9: Starting segment from index:0
2019-08-09 03:51:38,211 INFO  segmented.SegmentedRaftLogWorker (SegmentedRaftLogWorker.java:startLogSegment(380)) - 924573be-81f6-4d51-b1e7-163290a7619b-SegmentedRaftLogWorker:Storage Directory /workdir/hadoop-ozone/integration-test/target/test-dir/MiniOzoneClusterImpl-ff1f4075-c7da-4dd0-bc05-b1286c81d2a0/datanode-3/data/ratis/cf2fc001-b053-4e3c-bedb-1fbfde7f0ac9: Starting segment from index:0
2019-08-09 03:51:38,233 INFO  impl.LeaderElection (LeaderElection.java:logAndReturn(56)) - 39361c49-ee90-41a6-a65b-5fabdda3eeb1:group-34EB73124AEB:LeaderElection8: Election PASSED; received 1 response(s) [39361c49-ee90-41a6-a65b-5fabdda3eeb1<-cdc970ab-04ee-4ca0-b014-4e9041fd2342#0:OK-t1] and 0 exception(s); 39361c49-ee90-41a6-a65b-5fabdda3eeb1:t1, leader=null, voted=39361c49-ee90-41a6-a65b-5fabdda3eeb1, raftlog=39361c49-ee90-41a6-a65b-5fabdda3eeb1-SegmentedRaftLog:OPENED:c-1,f-1,i0, conf=-1: [39361c49-ee90-41a6-a65b-5fabdda3eeb1:192.168.157.225:35252, cdc970ab-04ee-4ca0-b014-4e9041fd2342:192.168.157.225:43673, 96d88727-a26b-4013-b168-529a658d9256:192.168.157.225:39994], old=null
2019-08-09 03:51:38,234 INFO  impl.RoleInfo (RoleInfo.java:shutdownLeaderElection(134)) - 39361c49-ee90-41a6-a65b-5fabdda3eeb1: shutdown LeaderElection
2019-08-09 03:51:38,237 INFO  impl.RaftServerImpl (RaftServerImpl.java:setRole(171)) - 39361c49-ee90-41a6-a65b-5fabdda3eeb1:group-34EB73124AEB changes role from CANDIDATE to LEADER at term 1 for changeToLeader
2019-08-09 03:51:38,237 INFO  impl.RaftServerImpl (ServerState.java:setLeader(263)) - 39361c49-ee90-41a6-a65b-5fabdda3eeb1:group-34EB73124AEB change Leader from null to 39361c49-ee90-41a6-a65b-5fabdda3eeb1 at term 1 for becomeLeader, leader elected after 5167ms
2019-08-09 03:51:38,237 INFO  server.RaftServerConfigKeys (ConfUtils.java:logGet(43)) - raft.server.staging.catchup.gap = 1000 (default)
2019-08-09 03:51:38,237 INFO  server.RaftServerConfigKeys (ConfUtils.java:logGet(43)) - raft.server.rpc.sleep.time = 25ms (default)
2019-08-09 03:51:38,237 INFO  server.RaftServerConfigKeys (ConfUtils.java:logGet(43)) - raft.server.write.element-limit = 4096 (default)
2019-08-09 03:51:38,238 INFO  server.RaftServerConfigKeys (ConfUtils.java:logGet(43)) - raft.server.watch.timeout = 10s (default)
2019-08-09 03:51:38,238 INFO  server.RaftServerConfigKeys (ConfUtils.java:logGet(43)) - raft.server.watch.timeout.denomination = 1s (default)
2019-08-09 03:51:38,238 INFO  server.RaftServerConfigKeys (ConfUtils.java:logGet(43)) - raft.server.watch.element-limit = 65536 (default)
2019-08-09 03:51:38,238 INFO  server.RaftServerConfigKeys (ConfUtils.java:logGet(43)) - raft.server.log.appender.snapshot.chunk.size.max = 16MB (=16777216) (default)
2019-08-09 03:51:38,238 INFO  server.RaftServerConfigKeys (ConfUtils.java:logGet(43)) - raft.server.log.appender.buffer.byte-limit = 33554432 (custom)
2019-08-09 03:51:38,238 INFO  server.RaftServerConfigKeys (ConfUtils.java:logGet(43)) - raft.server.log.appender.buffer.element-limit = 1 (custom)
2019-08-09 03:51:38,239 INFO  grpc.GrpcConfigKeys$Server (ConfUtils.java:logGet(43)) - raft.grpc.server.leader.outstanding.appends.max = 128 (default)
2019-08-09 03:51:38,239 INFO  server.RaftServerConfigKeys (ConfUtils.java:logGet(43)) - raft.server.rpc.request.timeout = 3000ms (default)
2019-08-09 03:51:38,239 INFO  server.RaftServerConfigKeys (ConfUtils.java:logGet(43)) - raft.server.log.appender.install.snapshot.enabled = false (custom)
2019-08-09 03:51:38,239 INFO  server.RaftServerConfigKeys (ConfUtils.java:logGet(43)) - raft.server.log.appender.snapshot.chunk.size.max = 16MB (=16777216) (default)
2019-08-09 03:51:38,239 INFO  server.RaftServerConfigKeys (ConfUtils.java:logGet(43)) - raft.server.log.appender.buffer.byte-limit = 33554432 (custom)
2019-08-09 03:51:38,240 INFO  server.RaftServerConfigKeys (ConfUtils.java:logGet(43)) - raft.server.log.appender.buffer.element-limit = 1 (custom)
2019-08-09 03:51:38,240 INFO  grpc.GrpcConfigKeys$Server (ConfUtils.java:logGet(43)) - raft.grpc.server.leader.outstanding.appends.max = 128 (default)
2019-08-09 03:51:38,240 INFO  server.RaftServerConfigKeys (ConfUtils.java:logGet(43)) - raft.server.rpc.request.timeout = 3000ms (default)
2019-08-09 03:51:38,240 INFO  server.RaftServerConfigKeys (ConfUtils.java:logGet(43)) - raft.server.log.appender.install.snapshot.enabled = false (custom)
2019-08-09 03:51:38,240 INFO  impl.RoleInfo (RoleInfo.java:updateAndGet(143)) - 39361c49-ee90-41a6-a65b-5fabdda3eeb1: start LeaderState
2019-08-09 03:51:38,241 INFO  segmented.SegmentedRaftLogWorker (SegmentedRaftLogWorker.java:startLogSegment(380)) - 39361c49-ee90-41a6-a65b-5fabdda3eeb1-SegmentedRaftLogWorker:Storage Directory /workdir/hadoop-ozone/integration-test/target/test-dir/MiniOzoneClusterImpl-ff1f4075-c7da-4dd0-bc05-b1286c81d2a0/datanode-1/data/ratis/c4c1c836-6224-4145-97bd-34eb73124aeb: Starting segment from index:0
2019-08-09 03:51:38,242 INFO  impl.RaftServerImpl (ServerState.java:setRaftConf(361)) - 39361c49-ee90-41a6-a65b-5fabdda3eeb1:group-34EB73124AEB set configuration 0: [39361c49-ee90-41a6-a65b-5fabdda3eeb1:192.168.157.225:35252, cdc970ab-04ee-4ca0-b014-4e9041fd2342:192.168.157.225:43673, 96d88727-a26b-4013-b168-529a658d9256:192.168.157.225:39994], old=null at 0
2019-08-09 03:51:38,256 INFO  segmented.SegmentedRaftLogWorker (SegmentedRaftLogWorker.java:execute(569)) - 924573be-81f6-4d51-b1e7-163290a7619b-SegmentedRaftLogWorker:Storage Directory /workdir/hadoop-ozone/integration-test/target/test-dir/MiniOzoneClusterImpl-ff1f4075-c7da-4dd0-bc05-b1286c81d2a0/datanode-3/data/ratis/cf2fc001-b053-4e3c-bedb-1fbfde7f0ac9: created new log segment /workdir/hadoop-ozone/integration-test/target/test-dir/MiniOzoneClusterImpl-ff1f4075-c7da-4dd0-bc05-b1286c81d2a0/datanode-3/data/ratis/cf2fc001-b053-4e3c-bedb-1fbfde7f0ac9/current/log_inprogress_0
2019-08-09 03:51:38,256 INFO  segmented.SegmentedRaftLogWorker (SegmentedRaftLogWorker.java:execute(569)) - c81431eb-8d32-47c2-a051-d9692899a5ea-SegmentedRaftLogWorker:Storage Directory /workdir/hadoop-ozone/integration-test/target/test-dir/MiniOzoneClusterImpl-ff1f4075-c7da-4dd0-bc05-b1286c81d2a0/datanode-2/data/ratis/cf2fc001-b053-4e3c-bedb-1fbfde7f0ac9: created new log segment /workdir/hadoop-ozone/integration-test/target/test-dir/MiniOzoneClusterImpl-ff1f4075-c7da-4dd0-bc05-b1286c81d2a0/datanode-2/data/ratis/cf2fc001-b053-4e3c-bedb-1fbfde7f0ac9/current/log_inprogress_0
2019-08-09 03:51:38,261 INFO  impl.RaftServerImpl (ServerState.java:setLeader(263)) - 96d88727-a26b-4013-b168-529a658d9256:group-34EB73124AEB change Leader from null to 39361c49-ee90-41a6-a65b-5fabdda3eeb1 at term 1 for appendEntries, leader elected after 5192ms
2019-08-09 03:51:38,261 INFO  impl.RaftServerImpl (ServerState.java:setLeader(263)) - cdc970ab-04ee-4ca0-b014-4e9041fd2342:group-34EB73124AEB change Leader from null to 39361c49-ee90-41a6-a65b-5fabdda3eeb1 at term 1 for appendEntries, leader elected after 5191ms
2019-08-09 03:51:38,269 INFO  segmented.SegmentedRaftLogWorker (SegmentedRaftLogWorker.java:execute(569)) - 39361c49-ee90-41a6-a65b-5fabdda3eeb1-SegmentedRaftLogWorker:Storage Directory /workdir/hadoop-ozone/integration-test/target/test-dir/MiniOzoneClusterImpl-ff1f4075-c7da-4dd0-bc05-b1286c81d2a0/datanode-1/data/ratis/c4c1c836-6224-4145-97bd-34eb73124aeb: created new log segment /workdir/hadoop-ozone/integration-test/target/test-dir/MiniOzoneClusterImpl-ff1f4075-c7da-4dd0-bc05-b1286c81d2a0/datanode-1/data/ratis/c4c1c836-6224-4145-97bd-34eb73124aeb/current/log_inprogress_0
2019-08-09 03:51:38,271 INFO  impl.RaftServerImpl (ServerState.java:setRaftConf(361)) - cdc970ab-04ee-4ca0-b014-4e9041fd2342:group-34EB73124AEB set configuration 0: [39361c49-ee90-41a6-a65b-5fabdda3eeb1:192.168.157.225:35252, cdc970ab-04ee-4ca0-b014-4e9041fd2342:192.168.157.225:43673, 96d88727-a26b-4013-b168-529a658d9256:192.168.157.225:39994], old=null at 0
2019-08-09 03:51:38,271 INFO  segmented.SegmentedRaftLogWorker (SegmentedRaftLogWorker.java:startLogSegment(380)) - cdc970ab-04ee-4ca0-b014-4e9041fd2342-SegmentedRaftLogWorker:Storage Directory /workdir/hadoop-ozone/integration-test/target/test-dir/MiniOzoneClusterImpl-ff1f4075-c7da-4dd0-bc05-b1286c81d2a0/datanode-0/data/ratis/c4c1c836-6224-4145-97bd-34eb73124aeb: Starting segment from index:0
2019-08-09 03:51:38,271 INFO  impl.RaftServerImpl (ServerState.java:setRaftConf(361)) - 96d88727-a26b-4013-b168-529a658d9256:group-34EB73124AEB set configuration 0: [39361c49-ee90-41a6-a65b-5fabdda3eeb1:192.168.157.225:35252, cdc970ab-04ee-4ca0-b014-4e9041fd2342:192.168.157.225:43673, 96d88727-a26b-4013-b168-529a658d9256:192.168.157.225:39994], old=null at 0
2019-08-09 03:51:38,290 INFO  segmented.SegmentedRaftLogWorker (SegmentedRaftLogWorker.java:startLogSegment(380)) - 96d88727-a26b-4013-b168-529a658d9256-SegmentedRaftLogWorker:Storage Directory /workdir/hadoop-ozone/integration-test/target/test-dir/MiniOzoneClusterImpl-ff1f4075-c7da-4dd0-bc05-b1286c81d2a0/datanode-4/data/ratis/c4c1c836-6224-4145-97bd-34eb73124aeb: Starting segment from index:0
2019-08-09 03:51:38,303 INFO  segmented.SegmentedRaftLogWorker (SegmentedRaftLogWorker.java:execute(569)) - cdc970ab-04ee-4ca0-b014-4e9041fd2342-SegmentedRaftLogWorker:Storage Directory /workdir/hadoop-ozone/integration-test/target/test-dir/MiniOzoneClusterImpl-ff1f4075-c7da-4dd0-bc05-b1286c81d2a0/datanode-0/data/ratis/c4c1c836-6224-4145-97bd-34eb73124aeb: created new log segment /workdir/hadoop-ozone/integration-test/target/test-dir/MiniOzoneClusterImpl-ff1f4075-c7da-4dd0-bc05-b1286c81d2a0/datanode-0/data/ratis/c4c1c836-6224-4145-97bd-34eb73124aeb/current/log_inprogress_0
2019-08-09 03:51:38,317 INFO  segmented.SegmentedRaftLogWorker (SegmentedRaftLogWorker.java:execute(569)) - 96d88727-a26b-4013-b168-529a658d9256-SegmentedRaftLogWorker:Storage Directory /workdir/hadoop-ozone/integration-test/target/test-dir/MiniOzoneClusterImpl-ff1f4075-c7da-4dd0-bc05-b1286c81d2a0/datanode-4/data/ratis/c4c1c836-6224-4145-97bd-34eb73124aeb: created new log segment /workdir/hadoop-ozone/integration-test/target/test-dir/MiniOzoneClusterImpl-ff1f4075-c7da-4dd0-bc05-b1286c81d2a0/datanode-4/data/ratis/c4c1c836-6224-4145-97bd-34eb73124aeb/current/log_inprogress_0
2019-08-09 03:51:38,734 INFO  client.GrpcClientProtocolClient (GrpcClientProtocolClient.java:onNext(255)) - client-96CB8F72F404->c81431eb-8d32-47c2-a051-d9692899a5ea: receive RaftClientReply:client-96CB8F72F404->c81431eb-8d32-47c2-a051-d9692899a5ea@group-1FBFDE7F0AC9, cid=16, FAILED org.apache.ratis.protocol.NotLeaderException: Server c81431eb-8d32-47c2-a051-d9692899a5ea is not the leader (386cb1e4-3366-4d3a-9c87-536bd0e99de2:192.168.157.225:39808). Request must be sent to leader., logIndex=0, commits[c81431eb-8d32-47c2-a051-d9692899a5ea:c0, 924573be-81f6-4d51-b1e7-163290a7619b:c-1, 386cb1e4-3366-4d3a-9c87-536bd0e99de2:c0]
2019-08-09 03:51:39,091 INFO  client.GrpcClientProtocolClient (GrpcClientProtocolClient.java:onNext(255)) - client-96CB8F72F404->386cb1e4-3366-4d3a-9c87-536bd0e99de2: receive RaftClientReply:client-96CB8F72F404->386cb1e4-3366-4d3a-9c87-536bd0e99de2@group-1FBFDE7F0AC9, cid=16, SUCCESS, logIndex=1, commits[386cb1e4-3366-4d3a-9c87-536bd0e99de2:c1, 924573be-81f6-4d51-b1e7-163290a7619b:c0, c81431eb-8d32-47c2-a051-d9692899a5ea:c0]
2019-08-09 03:51:39,226 INFO  client.GrpcClientProtocolClient (GrpcClientProtocolClient.java:onNext(255)) - client-96CB8F72F404->386cb1e4-3366-4d3a-9c87-536bd0e99de2: receive RaftClientReply:client-96CB8F72F404->386cb1e4-3366-4d3a-9c87-536bd0e99de2@group-1FBFDE7F0AC9, cid=17, SUCCESS, logIndex=3, commits[386cb1e4-3366-4d3a-9c87-536bd0e99de2:c8, 924573be-81f6-4d51-b1e7-163290a7619b:c6, c81431eb-8d32-47c2-a051-d9692899a5ea:c6]
2019-08-09 03:51:39,231 INFO  client.GrpcClientProtocolClient (GrpcClientProtocolClient.java:onNext(255)) - client-96CB8F72F404->386cb1e4-3366-4d3a-9c87-536bd0e99de2: receive RaftClientReply:client-96CB8F72F404->386cb1e4-3366-4d3a-9c87-536bd0e99de2@group-1FBFDE7F0AC9, cid=18, SUCCESS, logIndex=4, commits[386cb1e4-3366-4d3a-9c87-536bd0e99de2:c8, 924573be-81f6-4d51-b1e7-163290a7619b:c6, c81431eb-8d32-47c2-a051-d9692899a5ea:c6]
2019-08-09 03:51:39,306 INFO  client.GrpcClientProtocolClient (GrpcClientProtocolClient.java:onNext(255)) - client-96CB8F72F404->386cb1e4-3366-4d3a-9c87-536bd0e99de2: receive RaftClientReply:client-96CB8F72F404->386cb1e4-3366-4d3a-9c87-536bd0e99de2@group-1FBFDE7F0AC9, cid=19, SUCCESS, logIndex=5, commits[386cb1e4-3366-4d3a-9c87-536bd0e99de2:c8, 924573be-81f6-4d51-b1e7-163290a7619b:c6, c81431eb-8d32-47c2-a051-d9692899a5ea:c6]
2019-08-09 03:51:39,387 INFO  client.GrpcClientProtocolClient (GrpcClientProtocolClient.java:onNext(255)) - client-96CB8F72F404->386cb1e4-3366-4d3a-9c87-536bd0e99de2: receive RaftClientReply:client-96CB8F72F404->386cb1e4-3366-4d3a-9c87-536bd0e99de2@group-1FBFDE7F0AC9, cid=20, SUCCESS, logIndex=9, commits[386cb1e4-3366-4d3a-9c87-536bd0e99de2:c11, 924573be-81f6-4d51-b1e7-163290a7619b:c8, c81431eb-8d32-47c2-a051-d9692899a5ea:c8]
2019-08-09 03:51:39,392 INFO  client.GrpcClientProtocolClient (GrpcClientProtocolClient.java:onNext(255)) - client-96CB8F72F404->386cb1e4-3366-4d3a-9c87-536bd0e99de2: receive RaftClientReply:client-96CB8F72F404->386cb1e4-3366-4d3a-9c87-536bd0e99de2@group-1FBFDE7F0AC9, cid=21, SUCCESS, logIndex=10, commits[386cb1e4-3366-4d3a-9c87-536bd0e99de2:c12, 924573be-81f6-4d51-b1e7-163290a7619b:c8, c81431eb-8d32-47c2-a051-d9692899a5ea:c8]
2019-08-09 03:51:39,393 INFO  client.GrpcClientProtocolClient (GrpcClientProtocolClient.java:onNext(255)) - client-96CB8F72F404->386cb1e4-3366-4d3a-9c87-536bd0e99de2: receive RaftClientReply:client-96CB8F72F404->386cb1e4-3366-4d3a-9c87-536bd0e99de2@group-1FBFDE7F0AC9, cid=22, SUCCESS, logIndex=11, commits[386cb1e4-3366-4d3a-9c87-536bd0e99de2:c13, 924573be-81f6-4d51-b1e7-163290a7619b:c10, c81431eb-8d32-47c2-a051-d9692899a5ea:c10]
2019-08-09 03:51:39,394 INFO  client.GrpcClientProtocolClient (GrpcClientProtocolClient.java:onNext(255)) - client-96CB8F72F404->386cb1e4-3366-4d3a-9c87-536bd0e99de2: receive RaftClientReply:client-96CB8F72F404->386cb1e4-3366-4d3a-9c87-536bd0e99de2@group-1FBFDE7F0AC9, cid=23, SUCCESS, logIndex=12, commits[386cb1e4-3366-4d3a-9c87-536bd0e99de2:c13, 924573be-81f6-4d51-b1e7-163290a7619b:c10, c81431eb-8d32-47c2-a051-d9692899a5ea:c10]
2019-08-09 03:51:39,425 INFO  client.GrpcClientProtocolClient (GrpcClientProtocolClient.java:onNext(255)) - client-96CB8F72F404->386cb1e4-3366-4d3a-9c87-536bd0e99de2: receive RaftClientReply:client-96CB8F72F404->386cb1e4-3366-4d3a-9c87-536bd0e99de2@group-1FBFDE7F0AC9, cid=24, SUCCESS, logIndex=0, commits[386cb1e4-3366-4d3a-9c87-536bd0e99de2:c16, 924573be-81f6-4d51-b1e7-163290a7619b:c12, c81431eb-8d32-47c2-a051-d9692899a5ea:c12]
2019-08-09 03:51:39,440 INFO  datanode.ObjectStoreHandler (ObjectStoreHandler.java:close(155)) - Closing ObjectStoreHandler.
2019-08-09 03:51:39,441 INFO  ozone.HddsDatanodeService (HddsDatanodeService.java:stop(451)) - Stopped plug-in org.apache.hadoop.ozone.web.OzoneHddsDatanodeService@69d103f0
2019-08-09 03:51:39,574 INFO  statemachine.DatanodeStateMachine (DatanodeStateMachine.java:lambda$startDaemon$0(350)) - Ozone container server started.
2019-08-09 03:51:39,593 INFO  client.GrpcClientProtocolClient (GrpcClientProtocolClient.java:onNext(255)) - client-96CB8F72F404->386cb1e4-3366-4d3a-9c87-536bd0e99de2: receive RaftClientReply:client-96CB8F72F404->386cb1e4-3366-4d3a-9c87-536bd0e99de2@group-1FBFDE7F0AC9, cid=25, SUCCESS, logIndex=17, commits[386cb1e4-3366-4d3a-9c87-536bd0e99de2:c18, 924573be-81f6-4d51-b1e7-163290a7619b:c12, c81431eb-8d32-47c2-a051-d9692899a5ea:c16]
2019-08-09 03:51:39,638 INFO  client.GrpcClientProtocolClient (GrpcClientProtocolClient.java:onNext(255)) - client-96CB8F72F404->386cb1e4-3366-4d3a-9c87-536bd0e99de2: receive RaftClientReply:client-96CB8F72F404->386cb1e4-3366-4d3a-9c87-536bd0e99de2@group-1FBFDE7F0AC9, cid=26, SUCCESS, logIndex=18, commits[386cb1e4-3366-4d3a-9c87-536bd0e99de2:c19, 924573be-81f6-4d51-b1e7-163290a7619b:c18, c81431eb-8d32-47c2-a051-d9692899a5ea:c18]
2019-08-09 03:51:44,446 INFO  ozoneimpl.OzoneContainer (OzoneContainer.java:stop(199)) - Attempting to stop container services.
2019-08-09 03:51:44,448 INFO  impl.RaftServerProxy (RaftServerProxy.java:lambda$close$4(314)) - 386cb1e4-3366-4d3a-9c87-536bd0e99de2: close
2019-08-09 03:51:44,450 INFO  impl.RaftServerImpl (RaftServerImpl.java:lambda$shutdown$3(245)) - 386cb1e4-3366-4d3a-9c87-536bd0e99de2: shutdown group-1FBFDE7F0AC9
2019-08-09 03:51:44,454 INFO  impl.RaftServerImpl (RaftServerImpl.java:lambda$shutdown$3(245)) - 386cb1e4-3366-4d3a-9c87-536bd0e99de2: shutdown group-123128EF879C
2019-08-09 03:51:44,454 INFO  util.JmxRegister (JmxRegister.java:unregister(73)) - Successfully un-registered JMX Bean with object name Ratis:service=RaftServer,group=group-1FBFDE7F0AC9,id=386cb1e4-3366-4d3a-9c87-536bd0e99de2
2019-08-09 03:51:44,454 INFO  util.JmxRegister (JmxRegister.java:unregister(73)) - Successfully un-registered JMX Bean with object name Ratis:service=RaftServer,group=group-123128EF879C,id=386cb1e4-3366-4d3a-9c87-536bd0e99de2
2019-08-09 03:51:44,455 INFO  impl.RoleInfo (RoleInfo.java:shutdownLeaderState(104)) - 386cb1e4-3366-4d3a-9c87-536bd0e99de2: shutdown LeaderState
2019-08-09 03:51:44,455 INFO  impl.RoleInfo (RoleInfo.java:shutdownLeaderState(104)) - 386cb1e4-3366-4d3a-9c87-536bd0e99de2: shutdown LeaderState
2019-08-09 03:51:44,459 INFO  impl.PendingRequests (PendingRequests.java:sendNotLeaderResponses(202)) - 386cb1e4-3366-4d3a-9c87-536bd0e99de2-PendingRequests: sendNotLeaderResponses
2019-08-09 03:51:44,459 INFO  impl.PendingRequests (PendingRequests.java:sendNotLeaderResponses(202)) - 386cb1e4-3366-4d3a-9c87-536bd0e99de2-PendingRequests: sendNotLeaderResponses
2019-08-09 03:51:44,471 WARN  server.GrpcLogAppender (GrpcLogAppender.java:mayWait(143)) - GrpcLogAppender(386cb1e4-3366-4d3a-9c87-536bd0e99de2->c81431eb-8d32-47c2-a051-d9692899a5ea): Wait interrupted by java.lang.InterruptedException
2019-08-09 03:51:44,471 WARN  server.GrpcLogAppender (GrpcLogAppender.java:mayWait(143)) - GrpcLogAppender(386cb1e4-3366-4d3a-9c87-536bd0e99de2->924573be-81f6-4d51-b1e7-163290a7619b): Wait interrupted by java.lang.InterruptedException
2019-08-09 03:51:44,480 INFO  impl.StateMachineUpdater (StateMachineUpdater.java:stopAndJoin(115)) - StateMachineUpdater:386cb1e4-3366-4d3a-9c87-536bd0e99de2:group-123128EF879C: set stopIndex = 0
2019-08-09 03:51:44,481 INFO  impl.StateMachineUpdater (StateMachineUpdater.java:stopAndJoin(115)) - StateMachineUpdater:386cb1e4-3366-4d3a-9c87-536bd0e99de2:group-1FBFDE7F0AC9: set stopIndex = 19
2019-08-09 03:51:44,485 INFO  ratis.ContainerStateMachine (ContainerStateMachine.java:takeSnapshot(262)) - group-1FBFDE7F0AC9: Taking a snapshot at:(t:1, i:19) file /workdir/hadoop-ozone/integration-test/target/test-dir/MiniOzoneClusterImpl-ff1f4075-c7da-4dd0-bc05-b1286c81d2a0/datanode-5/data/ratis/cf2fc001-b053-4e3c-bedb-1fbfde7f0ac9/sm/snapshot.1_19
2019-08-09 03:51:44,483 INFO  server.GrpcServerProtocolService (GrpcServerProtocolService.java:onCompleted(104)) - 924573be-81f6-4d51-b1e7-163290a7619b: appendEntries completed
2019-08-09 03:51:44,483 INFO  server.GrpcServerProtocolService (GrpcServerProtocolService.java:onCompleted(104)) - c81431eb-8d32-47c2-a051-d9692899a5ea: appendEntries completed
2019-08-09 03:51:44,493 INFO  impl.RaftServerImpl (ServerState.java:close(394)) - 386cb1e4-3366-4d3a-9c87-536bd0e99de2:group-123128EF879C closes. The last applied log index is 0
2019-08-09 03:51:44,502 INFO  server.GrpcLogAppender (GrpcLogAppender.java:onCompleted(292)) - 386cb1e4-3366-4d3a-9c87-536bd0e99de2->924573be-81f6-4d51-b1e7-163290a7619b: follower responses appendEntries COMPLETED
2019-08-09 03:51:44,506 INFO  server.GrpcLogAppender (GrpcLogAppender.java:onCompleted(292)) - 386cb1e4-3366-4d3a-9c87-536bd0e99de2->c81431eb-8d32-47c2-a051-d9692899a5ea: follower responses appendEntries COMPLETED
2019-08-09 03:51:44,509 INFO  segmented.SegmentedRaftLogWorker (SegmentedRaftLogWorker.java:run(313)) - 386cb1e4-3366-4d3a-9c87-536bd0e99de2-SegmentedRaftLogWorker:Storage Directory /workdir/hadoop-ozone/integration-test/target/test-dir/MiniOzoneClusterImpl-ff1f4075-c7da-4dd0-bc05-b1286c81d2a0/datanode-5/data/ratis/8343d5c8-9390-409d-8d9a-123128ef879c was interrupted, exiting. There are 0 tasks remaining in the queue.
2019-08-09 03:51:44,512 INFO  impl.FollowerInfo (FollowerInfo.java:lambda$new$0(50)) - 386cb1e4-3366-4d3a-9c87-536bd0e99de2->924573be-81f6-4d51-b1e7-163290a7619b: nextIndex: updateUnconditionally 20 -> 19
2019-08-09 03:51:44,512 INFO  impl.FollowerInfo (FollowerInfo.java:lambda$new$0(50)) - 386cb1e4-3366-4d3a-9c87-536bd0e99de2->c81431eb-8d32-47c2-a051-d9692899a5ea: nextIndex: updateUnconditionally 20 -> 19
2019-08-09 03:51:44,512 INFO  segmented.SegmentedRaftLogWorker (SegmentedRaftLogWorker.java:close(228)) - 386cb1e4-3366-4d3a-9c87-536bd0e99de2-SegmentedRaftLogWorker:Storage Directory /workdir/hadoop-ozone/integration-test/target/test-dir/MiniOzoneClusterImpl-ff1f4075-c7da-4dd0-bc05-b1286c81d2a0/datanode-5/data/ratis/8343d5c8-9390-409d-8d9a-123128ef879c close()
2019-08-09 03:51:44,549 INFO  ratis.ContainerStateMachine (ContainerStateMachine.java:takeSnapshot(273)) - group-1FBFDE7F0AC9: Finished taking a snapshot at:(t:1, i:19) file:/workdir/hadoop-ozone/integration-test/target/test-dir/MiniOzoneClusterImpl-ff1f4075-c7da-4dd0-bc05-b1286c81d2a0/datanode-5/data/ratis/cf2fc001-b053-4e3c-bedb-1fbfde7f0ac9/sm/snapshot.1_19 time:64
2019-08-09 03:51:44,549 INFO  impl.StateMachineUpdater (StateMachineUpdater.java:takeSnapshot(242)) - StateMachineUpdater:386cb1e4-3366-4d3a-9c87-536bd0e99de2:group-1FBFDE7F0AC9: Took a snapshot at index 19
2019-08-09 03:51:44,549 INFO  impl.StateMachineUpdater (StateMachineUpdater.java:lambda$new$0(80)) - StateMachineUpdater:386cb1e4-3366-4d3a-9c87-536bd0e99de2:group-1FBFDE7F0AC9: snapshotIndex: updateIncreasingly -1 -> 19
2019-08-09 03:51:44,554 INFO  impl.RaftServerImpl (ServerState.java:close(394)) - 386cb1e4-3366-4d3a-9c87-536bd0e99de2:group-1FBFDE7F0AC9 closes. The last applied log index is 19
2019-08-09 03:51:44,554 INFO  segmented.SegmentedRaftLogWorker (SegmentedRaftLogWorker.java:run(313)) - 386cb1e4-3366-4d3a-9c87-536bd0e99de2-SegmentedRaftLogWorker:Storage Directory /workdir/hadoop-ozone/integration-test/target/test-dir/MiniOzoneClusterImpl-ff1f4075-c7da-4dd0-bc05-b1286c81d2a0/datanode-5/data/ratis/cf2fc001-b053-4e3c-bedb-1fbfde7f0ac9 was interrupted, exiting. There are 0 tasks remaining in the queue.
2019-08-09 03:51:44,557 INFO  segmented.SegmentedRaftLogWorker (SegmentedRaftLogWorker.java:close(228)) - 386cb1e4-3366-4d3a-9c87-536bd0e99de2-SegmentedRaftLogWorker:Storage Directory /workdir/hadoop-ozone/integration-test/target/test-dir/MiniOzoneClusterImpl-ff1f4075-c7da-4dd0-bc05-b1286c81d2a0/datanode-5/data/ratis/cf2fc001-b053-4e3c-bedb-1fbfde7f0ac9 close()
2019-08-09 03:51:44,561 INFO  server.GrpcService (GrpcService.java:closeImpl(155)) - 386cb1e4-3366-4d3a-9c87-536bd0e99de2: shutdown server with port 39808 now
2019-08-09 03:51:44,567 INFO  server.GrpcService (GrpcService.java:closeImpl(163)) - 386cb1e4-3366-4d3a-9c87-536bd0e99de2: shutdown server with port 39808 successfully
2019-08-09 03:51:44,567 WARN  client.GrpcClientProtocolService (LogUtils.java:warn(134)) - 2-UnorderedRequestStreamObserver2: onError: org.apache.ratis.thirdparty.io.grpc.StatusRuntimeException: CANCELLED: cancelled before receiving half close
2019-08-09 03:51:44,574 INFO  utils.BackgroundService (BackgroundService.java:shutdown(148)) - Shutting down service BlockDeletingService
2019-08-09 03:51:44,577 WARN  fs.CachingGetSpaceUsed (CachingGetSpaceUsed.java:run(183)) - Thread Interrupted waiting to refresh disk information: sleep interrupted
2019-08-09 03:51:44,601 INFO  statemachine.DatanodeStateMachine (DatanodeStateMachine.java:stopDaemon(395)) - Ozone container server stopped.
2019-08-09 03:51:44,605 INFO  handler.ContextHandler (ContextHandler.java:doStop(910)) - Stopped o.e.j.w.WebAppContext@256589a1{/,null,UNAVAILABLE}{/hddsDatanode}
2019-08-09 03:51:44,611 INFO  server.AbstractConnector (AbstractConnector.java:doStop(318)) - Stopped ServerConnector@935493d{HTTP/1.1,[http/1.1]}{0.0.0.0:0}
2019-08-09 03:51:44,612 INFO  handler.ContextHandler (ContextHandler.java:doStop(910)) - Stopped o.e.j.s.ServletContextHandler@1de13f34{/static,jar:file:/home/user/.m2/repository/org/apache/hadoop/hadoop-hdds-container-service/0.4.1-SNAPSHOT/hadoop-hdds-container-service-0.4.1-SNAPSHOT.jar!/webapps/static,UNAVAILABLE}
2019-08-09 03:51:44,612 INFO  handler.ContextHandler (ContextHandler.java:doStop(910)) - Stopped o.e.j.s.ServletContextHandler@3f048c86{/logs,file:///workdir/hadoop-ozone/integration-test/target/log,UNAVAILABLE}
2019-08-09 03:51:44,615 INFO  datanode.ObjectStoreHandler (ObjectStoreHandler.java:close(155)) - Closing ObjectStoreHandler.
2019-08-09 03:51:44,616 INFO  ozone.HddsDatanodeService (HddsDatanodeService.java:stop(451)) - Stopped plug-in org.apache.hadoop.ozone.web.OzoneHddsDatanodeService@6a98f353
2019-08-09 03:51:45,558 INFO  statemachine.DatanodeStateMachine (DatanodeStateMachine.java:lambda$startDaemon$0(350)) - Ozone container server started.
2019-08-09 03:51:48,127 INFO  impl.FollowerState (FollowerState.java:run(106)) - c81431eb-8d32-47c2-a051-d9692899a5ea:group-1FBFDE7F0AC9 changes to CANDIDATE, lastRpcTime:6018, electionTimeout:5031ms
2019-08-09 03:51:48,127 INFO  impl.RoleInfo (RoleInfo.java:shutdownFollowerState(121)) - c81431eb-8d32-47c2-a051-d9692899a5ea: shutdown FollowerState
2019-08-09 03:51:48,127 INFO  impl.RaftServerImpl (RaftServerImpl.java:setRole(171)) - c81431eb-8d32-47c2-a051-d9692899a5ea:group-1FBFDE7F0AC9 changes role from FOLLOWER to CANDIDATE at term 1 for changeToCandidate
2019-08-09 03:51:48,127 INFO  impl.RoleInfo (RoleInfo.java:updateAndGet(143)) - c81431eb-8d32-47c2-a051-d9692899a5ea: start LeaderElection
2019-08-09 03:51:48,130 INFO  impl.RaftServerImpl (ServerState.java:setLeader(263)) - c81431eb-8d32-47c2-a051-d9692899a5ea:group-1FBFDE7F0AC9 change Leader from 386cb1e4-3366-4d3a-9c87-536bd0e99de2 to null at term 1 for initElection
2019-08-09 03:51:48,144 INFO  impl.LeaderElection (LeaderElection.java:askForVotes(181)) - c81431eb-8d32-47c2-a051-d9692899a5ea:group-1FBFDE7F0AC9:LeaderElection9: begin an election at term 2 for 0: [924573be-81f6-4d51-b1e7-163290a7619b:192.168.157.225:45162, 386cb1e4-3366-4d3a-9c87-536bd0e99de2:192.168.157.225:39808, c81431eb-8d32-47c2-a051-d9692899a5ea:192.168.157.225:39327], old=null
2019-08-09 03:51:48,159 INFO  impl.RaftServerImpl (ServerState.java:setLeader(263)) - 924573be-81f6-4d51-b1e7-163290a7619b:group-1FBFDE7F0AC9 change Leader from 386cb1e4-3366-4d3a-9c87-536bd0e99de2 to null at term 2 for updateCurrentTerm
2019-08-09 03:51:48,159 INFO  impl.RaftServerImpl (RaftServerImpl.java:setRole(171)) - 924573be-81f6-4d51-b1e7-163290a7619b:group-1FBFDE7F0AC9 changes role from FOLLOWER to FOLLOWER at term 2 for recognizeCandidate:c81431eb-8d32-47c2-a051-d9692899a5ea
2019-08-09 03:51:48,160 INFO  impl.RoleInfo (RoleInfo.java:shutdownFollowerState(121)) - 924573be-81f6-4d51-b1e7-163290a7619b: shutdown FollowerState
2019-08-09 03:51:48,160 INFO  impl.RoleInfo (RoleInfo.java:updateAndGet(143)) - 924573be-81f6-4d51-b1e7-163290a7619b: start FollowerState
2019-08-09 03:51:48,160 INFO  impl.FollowerState (FollowerState.java:run(114)) - 924573be-81f6-4d51-b1e7-163290a7619b: FollowerState was interrupted: java.lang.InterruptedException: sleep interrupted
2019-08-09 03:51:48,169 INFO  impl.LeaderElection (LogUtils.java:infoOrTrace(149)) - c81431eb-8d32-47c2-a051-d9692899a5ea:group-1FBFDE7F0AC9:LeaderElection9 got exception when requesting votes: {}
java.util.concurrent.ExecutionException: org.apache.ratis.thirdparty.io.grpc.StatusRuntimeException: UNAVAILABLE: io exception
	at java.util.concurrent.FutureTask.report(FutureTask.java:122)
	at java.util.concurrent.FutureTask.get(FutureTask.java:192)
	at org.apache.ratis.server.impl.LeaderElection.waitForResults(LeaderElection.java:262)
	at org.apache.ratis.server.impl.LeaderElection.askForVotes(LeaderElection.java:200)
	at org.apache.ratis.server.impl.LeaderElection.run(LeaderElection.java:130)
	at java.lang.Thread.run(Thread.java:748)
Caused by: org.apache.ratis.thirdparty.io.grpc.StatusRuntimeException: UNAVAILABLE: io exception
	at org.apache.ratis.thirdparty.io.grpc.stub.ClientCalls.toStatusRuntimeException(ClientCalls.java:233)
	at org.apache.ratis.thirdparty.io.grpc.stub.ClientCalls.getUnchecked(ClientCalls.java:214)
	at org.apache.ratis.thirdparty.io.grpc.stub.ClientCalls.blockingUnaryCall(ClientCalls.java:139)
	at org.apache.ratis.proto.grpc.RaftServerProtocolServiceGrpc$RaftServerProtocolServiceBlockingStub.requestVote(RaftServerProtocolServiceGrpc.java:265)
	at org.apache.ratis.grpc.server.GrpcServerProtocolClient.requestVote(GrpcServerProtocolClient.java:83)
	at org.apache.ratis.grpc.server.GrpcService.requestVote(GrpcService.java:195)
	at org.apache.ratis.server.impl.LeaderElection.lambda$submitRequests$1(LeaderElection.java:237)
	at java.util.concurrent.FutureTask.run(FutureTask.java:266)
	at java.util.concurrent.Executors$RunnableAdapter.call(Executors.java:511)
	at java.util.concurrent.FutureTask.run(FutureTask.java:266)
	at java.util.concurrent.ThreadPoolExecutor.runWorker(ThreadPoolExecutor.java:1149)
	at java.util.concurrent.ThreadPoolExecutor$Worker.run(ThreadPoolExecutor.java:624)
	... 1 more
Caused by: org.apache.ratis.thirdparty.io.netty.channel.AbstractChannel$AnnotatedConnectException: Connection refused: /192.168.157.225:39808
	at sun.nio.ch.SocketChannelImpl.checkConnect(Native Method)
	at sun.nio.ch.SocketChannelImpl.finishConnect(SocketChannelImpl.java:717)
	at org.apache.ratis.thirdparty.io.netty.channel.socket.nio.NioSocketChannel.doFinishConnect(NioSocketChannel.java:327)
	at org.apache.ratis.thirdparty.io.netty.channel.nio.AbstractNioChannel$AbstractNioUnsafe.finishConnect(AbstractNioChannel.java:340)
	at org.apache.ratis.thirdparty.io.netty.channel.nio.NioEventLoop.processSelectedKey(NioEventLoop.java:632)
	at org.apache.ratis.thirdparty.io.netty.channel.nio.NioEventLoop.processSelectedKeysOptimized(NioEventLoop.java:579)
	at org.apache.ratis.thirdparty.io.netty.channel.nio.NioEventLoop.processSelectedKeys(NioEventLoop.java:496)
	at org.apache.ratis.thirdparty.io.netty.channel.nio.NioEventLoop.run(NioEventLoop.java:458)
	at org.apache.ratis.thirdparty.io.netty.util.concurrent.SingleThreadEventExecutor$5.run(SingleThreadEventExecutor.java:897)
	at org.apache.ratis.thirdparty.io.netty.util.concurrent.FastThreadLocalRunnable.run(FastThreadLocalRunnable.java:30)
	... 1 more
Caused by: java.net.ConnectException: Connection refused
	... 11 more
2019-08-09 03:51:48,182 INFO  impl.LeaderElection (LeaderElection.java:logAndReturn(56)) - c81431eb-8d32-47c2-a051-d9692899a5ea:group-1FBFDE7F0AC9:LeaderElection9: Election PASSED; received 1 response(s) [c81431eb-8d32-47c2-a051-d9692899a5ea<-924573be-81f6-4d51-b1e7-163290a7619b#0:OK-t2] and 1 exception(s); c81431eb-8d32-47c2-a051-d9692899a5ea:t2, leader=null, voted=c81431eb-8d32-47c2-a051-d9692899a5ea, raftlog=c81431eb-8d32-47c2-a051-d9692899a5ea-SegmentedRaftLog:OPENED:c19,f19,i19, conf=0: [924573be-81f6-4d51-b1e7-163290a7619b:192.168.157.225:45162, 386cb1e4-3366-4d3a-9c87-536bd0e99de2:192.168.157.225:39808, c81431eb-8d32-47c2-a051-d9692899a5ea:192.168.157.225:39327], old=null
2019-08-09 03:51:48,183 INFO  impl.LeaderElection (LogUtils.java:infoOrTrace(149)) -   Exception 0: {}
java.util.concurrent.ExecutionException: org.apache.ratis.thirdparty.io.grpc.StatusRuntimeException: UNAVAILABLE: io exception
	at java.util.concurrent.FutureTask.report(FutureTask.java:122)
	at java.util.concurrent.FutureTask.get(FutureTask.java:192)
	at org.apache.ratis.server.impl.LeaderElection.waitForResults(LeaderElection.java:262)
	at org.apache.ratis.server.impl.LeaderElection.askForVotes(LeaderElection.java:200)
	at org.apache.ratis.server.impl.LeaderElection.run(LeaderElection.java:130)
	at java.lang.Thread.run(Thread.java:748)
Caused by: org.apache.ratis.thirdparty.io.grpc.StatusRuntimeException: UNAVAILABLE: io exception
	at org.apache.ratis.thirdparty.io.grpc.stub.ClientCalls.toStatusRuntimeException(ClientCalls.java:233)
	at org.apache.ratis.thirdparty.io.grpc.stub.ClientCalls.getUnchecked(ClientCalls.java:214)
	at org.apache.ratis.thirdparty.io.grpc.stub.ClientCalls.blockingUnaryCall(ClientCalls.java:139)
	at org.apache.ratis.proto.grpc.RaftServerProtocolServiceGrpc$RaftServerProtocolServiceBlockingStub.requestVote(RaftServerProtocolServiceGrpc.java:265)
	at org.apache.ratis.grpc.server.GrpcServerProtocolClient.requestVote(GrpcServerProtocolClient.java:83)
	at org.apache.ratis.grpc.server.GrpcService.requestVote(GrpcService.java:195)
	at org.apache.ratis.server.impl.LeaderElection.lambda$submitRequests$1(LeaderElection.java:237)
	at java.util.concurrent.FutureTask.run(FutureTask.java:266)
	at java.util.concurrent.Executors$RunnableAdapter.call(Executors.java:511)
	at java.util.concurrent.FutureTask.run(FutureTask.java:266)
	at java.util.concurrent.ThreadPoolExecutor.runWorker(ThreadPoolExecutor.java:1149)
	at java.util.concurrent.ThreadPoolExecutor$Worker.run(ThreadPoolExecutor.java:624)
	... 1 more
Caused by: org.apache.ratis.thirdparty.io.netty.channel.AbstractChannel$AnnotatedConnectException: Connection refused: /192.168.157.225:39808
	at sun.nio.ch.SocketChannelImpl.checkConnect(Native Method)
	at sun.nio.ch.SocketChannelImpl.finishConnect(SocketChannelImpl.java:717)
	at org.apache.ratis.thirdparty.io.netty.channel.socket.nio.NioSocketChannel.doFinishConnect(NioSocketChannel.java:327)
	at org.apache.ratis.thirdparty.io.netty.channel.nio.AbstractNioChannel$AbstractNioUnsafe.finishConnect(AbstractNioChannel.java:340)
	at org.apache.ratis.thirdparty.io.netty.channel.nio.NioEventLoop.processSelectedKey(NioEventLoop.java:632)
	at org.apache.ratis.thirdparty.io.netty.channel.nio.NioEventLoop.processSelectedKeysOptimized(NioEventLoop.java:579)
	at org.apache.ratis.thirdparty.io.netty.channel.nio.NioEventLoop.processSelectedKeys(NioEventLoop.java:496)
	at org.apache.ratis.thirdparty.io.netty.channel.nio.NioEventLoop.run(NioEventLoop.java:458)
	at org.apache.ratis.thirdparty.io.netty.util.concurrent.SingleThreadEventExecutor$5.run(SingleThreadEventExecutor.java:897)
	at org.apache.ratis.thirdparty.io.netty.util.concurrent.FastThreadLocalRunnable.run(FastThreadLocalRunnable.java:30)
	... 1 more
Caused by: java.net.ConnectException: Connection refused
	... 11 more
2019-08-09 03:51:48,183 INFO  impl.RoleInfo (RoleInfo.java:shutdownLeaderElection(134)) - c81431eb-8d32-47c2-a051-d9692899a5ea: shutdown LeaderElection
2019-08-09 03:51:48,184 INFO  impl.RaftServerImpl (RaftServerImpl.java:setRole(171)) - c81431eb-8d32-47c2-a051-d9692899a5ea:group-1FBFDE7F0AC9 changes role from CANDIDATE to LEADER at term 2 for changeToLeader
2019-08-09 03:51:48,185 INFO  impl.RaftServerImpl (ServerState.java:setLeader(263)) - c81431eb-8d32-47c2-a051-d9692899a5ea:group-1FBFDE7F0AC9 change Leader from null to c81431eb-8d32-47c2-a051-d9692899a5ea at term 2 for becomeLeader, leader elected after 55ms
2019-08-09 03:51:48,186 INFO  server.RaftServerConfigKeys (ConfUtils.java:logGet(43)) - raft.server.staging.catchup.gap = 1000 (default)
2019-08-09 03:51:48,186 INFO  server.RaftServerConfigKeys (ConfUtils.java:logGet(43)) - raft.server.rpc.sleep.time = 25ms (default)
2019-08-09 03:51:48,186 INFO  server.RaftServerConfigKeys (ConfUtils.java:logGet(43)) - raft.server.write.element-limit = 4096 (default)
2019-08-09 03:51:48,186 INFO  server.RaftServerConfigKeys (ConfUtils.java:logGet(43)) - raft.server.watch.timeout = 10s (default)
2019-08-09 03:51:48,186 INFO  server.RaftServerConfigKeys (ConfUtils.java:logGet(43)) - raft.server.watch.timeout.denomination = 1s (default)
2019-08-09 03:51:48,187 INFO  server.RaftServerConfigKeys (ConfUtils.java:logGet(43)) - raft.server.watch.element-limit = 65536 (default)
2019-08-09 03:51:48,187 INFO  server.RaftServerConfigKeys (ConfUtils.java:logGet(43)) - raft.server.log.appender.snapshot.chunk.size.max = 16MB (=16777216) (default)
2019-08-09 03:51:48,187 INFO  server.RaftServerConfigKeys (ConfUtils.java:logGet(43)) - raft.server.log.appender.buffer.byte-limit = 33554432 (custom)
2019-08-09 03:51:48,187 INFO  server.RaftServerConfigKeys (ConfUtils.java:logGet(43)) - raft.server.log.appender.buffer.element-limit = 1 (custom)
2019-08-09 03:51:48,188 INFO  grpc.GrpcConfigKeys$Server (ConfUtils.java:logGet(43)) - raft.grpc.server.leader.outstanding.appends.max = 128 (default)
2019-08-09 03:51:48,188 INFO  server.RaftServerConfigKeys (ConfUtils.java:logGet(43)) - raft.server.rpc.request.timeout = 3000ms (default)
2019-08-09 03:51:48,188 INFO  server.RaftServerConfigKeys (ConfUtils.java:logGet(43)) - raft.server.log.appender.install.snapshot.enabled = false (custom)
2019-08-09 03:51:48,188 INFO  server.RaftServerConfigKeys (ConfUtils.java:logGet(43)) - raft.server.log.appender.snapshot.chunk.size.max = 16MB (=16777216) (default)
2019-08-09 03:51:48,189 INFO  server.RaftServerConfigKeys (ConfUtils.java:logGet(43)) - raft.server.log.appender.buffer.byte-limit = 33554432 (custom)
2019-08-09 03:51:48,189 INFO  server.RaftServerConfigKeys (ConfUtils.java:logGet(43)) - raft.server.log.appender.buffer.element-limit = 1 (custom)
2019-08-09 03:51:48,189 INFO  grpc.GrpcConfigKeys$Server (ConfUtils.java:logGet(43)) - raft.grpc.server.leader.outstanding.appends.max = 128 (default)
2019-08-09 03:51:48,189 INFO  server.RaftServerConfigKeys (ConfUtils.java:logGet(43)) - raft.server.rpc.request.timeout = 3000ms (default)
2019-08-09 03:51:48,189 INFO  server.RaftServerConfigKeys (ConfUtils.java:logGet(43)) - raft.server.log.appender.install.snapshot.enabled = false (custom)
2019-08-09 03:51:48,190 INFO  impl.RoleInfo (RoleInfo.java:updateAndGet(143)) - c81431eb-8d32-47c2-a051-d9692899a5ea: start LeaderState
2019-08-09 03:51:48,190 INFO  segmented.SegmentedRaftLogWorker (SegmentedRaftLogWorker.java:rollLogSegment(385)) - c81431eb-8d32-47c2-a051-d9692899a5ea-SegmentedRaftLogWorker:Storage Directory /workdir/hadoop-ozone/integration-test/target/test-dir/MiniOzoneClusterImpl-ff1f4075-c7da-4dd0-bc05-b1286c81d2a0/datanode-2/data/ratis/cf2fc001-b053-4e3c-bedb-1fbfde7f0ac9: Rolling segment log-0_19 to index:19
2019-08-09 03:51:48,193 INFO  impl.RaftServerImpl (ServerState.java:setRaftConf(361)) - c81431eb-8d32-47c2-a051-d9692899a5ea:group-1FBFDE7F0AC9 set configuration 20: [924573be-81f6-4d51-b1e7-163290a7619b:192.168.157.225:45162, 386cb1e4-3366-4d3a-9c87-536bd0e99de2:192.168.157.225:39808, c81431eb-8d32-47c2-a051-d9692899a5ea:192.168.157.225:39327], old=null at 20
2019-08-09 03:51:48,196 INFO  segmented.SegmentedRaftLogWorker (SegmentedRaftLogWorker.java:execute(526)) - c81431eb-8d32-47c2-a051-d9692899a5ea-SegmentedRaftLogWorker:Storage Directory /workdir/hadoop-ozone/integration-test/target/test-dir/MiniOzoneClusterImpl-ff1f4075-c7da-4dd0-bc05-b1286c81d2a0/datanode-2/data/ratis/cf2fc001-b053-4e3c-bedb-1fbfde7f0ac9: Rolled log segment from /workdir/hadoop-ozone/integration-test/target/test-dir/MiniOzoneClusterImpl-ff1f4075-c7da-4dd0-bc05-b1286c81d2a0/datanode-2/data/ratis/cf2fc001-b053-4e3c-bedb-1fbfde7f0ac9/current/log_inprogress_0 to /workdir/hadoop-ozone/integration-test/target/test-dir/MiniOzoneClusterImpl-ff1f4075-c7da-4dd0-bc05-b1286c81d2a0/datanode-2/data/ratis/cf2fc001-b053-4e3c-bedb-1fbfde7f0ac9/current/log_0-19
2019-08-09 03:51:48,198 WARN  server.GrpcLogAppender (LogUtils.java:warn(134)) - c81431eb-8d32-47c2-a051-d9692899a5ea->386cb1e4-3366-4d3a-9c87-536bd0e99de2: Failed appendEntries: org.apache.ratis.thirdparty.io.grpc.StatusRuntimeException: UNAVAILABLE: io exception
2019-08-09 03:51:48,217 INFO  impl.FollowerInfo (FollowerInfo.java:lambda$new$0(50)) - c81431eb-8d32-47c2-a051-d9692899a5ea->386cb1e4-3366-4d3a-9c87-536bd0e99de2: nextIndex: updateUnconditionally 20 -> 1
2019-08-09 03:51:48,217 INFO  impl.RaftServerImpl (ServerState.java:setLeader(263)) - 924573be-81f6-4d51-b1e7-163290a7619b:group-1FBFDE7F0AC9 change Leader from null to c81431eb-8d32-47c2-a051-d9692899a5ea at term 2 for appendEntries, leader elected after 58ms
2019-08-09 03:51:48,225 INFO  impl.RaftServerImpl (ServerState.java:setRaftConf(361)) - 924573be-81f6-4d51-b1e7-163290a7619b:group-1FBFDE7F0AC9 set configuration 20: [924573be-81f6-4d51-b1e7-163290a7619b:192.168.157.225:45162, 386cb1e4-3366-4d3a-9c87-536bd0e99de2:192.168.157.225:39808, c81431eb-8d32-47c2-a051-d9692899a5ea:192.168.157.225:39327], old=null at 20
2019-08-09 03:51:48,226 INFO  segmented.SegmentedRaftLogWorker (SegmentedRaftLogWorker.java:rollLogSegment(385)) - 924573be-81f6-4d51-b1e7-163290a7619b-SegmentedRaftLogWorker:Storage Directory /workdir/hadoop-ozone/integration-test/target/test-dir/MiniOzoneClusterImpl-ff1f4075-c7da-4dd0-bc05-b1286c81d2a0/datanode-3/data/ratis/cf2fc001-b053-4e3c-bedb-1fbfde7f0ac9: Rolling segment log-0_19 to index:19
2019-08-09 03:51:48,227 INFO  segmented.SegmentedRaftLogWorker (SegmentedRaftLogWorker.java:execute(526)) - 924573be-81f6-4d51-b1e7-163290a7619b-SegmentedRaftLogWorker:Storage Directory /workdir/hadoop-ozone/integration-test/target/test-dir/MiniOzoneClusterImpl-ff1f4075-c7da-4dd0-bc05-b1286c81d2a0/datanode-3/data/ratis/cf2fc001-b053-4e3c-bedb-1fbfde7f0ac9: Rolled log segment from /workdir/hadoop-ozone/integration-test/target/test-dir/MiniOzoneClusterImpl-ff1f4075-c7da-4dd0-bc05-b1286c81d2a0/datanode-3/data/ratis/cf2fc001-b053-4e3c-bedb-1fbfde7f0ac9/current/log_inprogress_0 to /workdir/hadoop-ozone/integration-test/target/test-dir/MiniOzoneClusterImpl-ff1f4075-c7da-4dd0-bc05-b1286c81d2a0/datanode-3/data/ratis/cf2fc001-b053-4e3c-bedb-1fbfde7f0ac9/current/log_0-19
2019-08-09 03:51:48,243 INFO  segmented.SegmentedRaftLogWorker (SegmentedRaftLogWorker.java:execute(569)) - c81431eb-8d32-47c2-a051-d9692899a5ea-SegmentedRaftLogWorker:Storage Directory /workdir/hadoop-ozone/integration-test/target/test-dir/MiniOzoneClusterImpl-ff1f4075-c7da-4dd0-bc05-b1286c81d2a0/datanode-2/data/ratis/cf2fc001-b053-4e3c-bedb-1fbfde7f0ac9: created new log segment /workdir/hadoop-ozone/integration-test/target/test-dir/MiniOzoneClusterImpl-ff1f4075-c7da-4dd0-bc05-b1286c81d2a0/datanode-2/data/ratis/cf2fc001-b053-4e3c-bedb-1fbfde7f0ac9/current/log_inprogress_20
2019-08-09 03:51:48,246 INFO  segmented.SegmentedRaftLogWorker (SegmentedRaftLogWorker.java:execute(569)) - 924573be-81f6-4d51-b1e7-163290a7619b-SegmentedRaftLogWorker:Storage Directory /workdir/hadoop-ozone/integration-test/target/test-dir/MiniOzoneClusterImpl-ff1f4075-c7da-4dd0-bc05-b1286c81d2a0/datanode-3/data/ratis/cf2fc001-b053-4e3c-bedb-1fbfde7f0ac9: created new log segment /workdir/hadoop-ozone/integration-test/target/test-dir/MiniOzoneClusterImpl-ff1f4075-c7da-4dd0-bc05-b1286c81d2a0/datanode-3/data/ratis/cf2fc001-b053-4e3c-bedb-1fbfde7f0ac9/current/log_inprogress_20
2019-08-09 03:51:48,308 WARN  server.GrpcLogAppender (LogUtils.java:warn(134)) - c81431eb-8d32-47c2-a051-d9692899a5ea->386cb1e4-3366-4d3a-9c87-536bd0e99de2: Failed appendEntries: org.apache.ratis.thirdparty.io.grpc.StatusRuntimeException: UNAVAILABLE: io exception
2019-08-09 03:51:48,312 INFO  impl.FollowerInfo (FollowerInfo.java:lambda$new$0(50)) - c81431eb-8d32-47c2-a051-d9692899a5ea->386cb1e4-3366-4d3a-9c87-536bd0e99de2: nextIndex: updateUnconditionally 2 -> 1
2019-08-09 03:51:49,618 INFO  ozoneimpl.OzoneContainer (OzoneContainer.java:stop(199)) - Attempting to stop container services.
2019-08-09 03:51:49,621 INFO  impl.RaftServerProxy (RaftServerProxy.java:lambda$close$4(314)) - c81431eb-8d32-47c2-a051-d9692899a5ea: close
2019-08-09 03:51:49,622 INFO  impl.RaftServerImpl (RaftServerImpl.java:lambda$shutdown$3(245)) - c81431eb-8d32-47c2-a051-d9692899a5ea: shutdown group-1FBFDE7F0AC9
2019-08-09 03:51:49,622 INFO  impl.RaftServerImpl (RaftServerImpl.java:lambda$shutdown$3(245)) - c81431eb-8d32-47c2-a051-d9692899a5ea: shutdown group-5E006625C6D0
2019-08-09 03:51:49,622 INFO  util.JmxRegister (JmxRegister.java:unregister(73)) - Successfully un-registered JMX Bean with object name Ratis:service=RaftServer,group=group-1FBFDE7F0AC9,id=c81431eb-8d32-47c2-a051-d9692899a5ea
2019-08-09 03:51:49,623 INFO  util.JmxRegister (JmxRegister.java:unregister(73)) - Successfully un-registered JMX Bean with object name Ratis:service=RaftServer,group=group-5E006625C6D0,id=c81431eb-8d32-47c2-a051-d9692899a5ea
2019-08-09 03:51:49,623 INFO  impl.RoleInfo (RoleInfo.java:shutdownLeaderState(104)) - c81431eb-8d32-47c2-a051-d9692899a5ea: shutdown LeaderState
2019-08-09 03:51:49,623 INFO  impl.RoleInfo (RoleInfo.java:shutdownLeaderState(104)) - c81431eb-8d32-47c2-a051-d9692899a5ea: shutdown LeaderState
2019-08-09 03:51:49,627 WARN  server.GrpcLogAppender (GrpcLogAppender.java:mayWait(143)) - GrpcLogAppender(c81431eb-8d32-47c2-a051-d9692899a5ea->924573be-81f6-4d51-b1e7-163290a7619b): Wait interrupted by java.lang.InterruptedException
2019-08-09 03:51:49,628 WARN  server.GrpcLogAppender (GrpcLogAppender.java:mayWait(143)) - GrpcLogAppender(c81431eb-8d32-47c2-a051-d9692899a5ea->386cb1e4-3366-4d3a-9c87-536bd0e99de2): Wait interrupted by java.lang.InterruptedException
2019-08-09 03:51:49,628 INFO  impl.PendingRequests (PendingRequests.java:sendNotLeaderResponses(202)) - c81431eb-8d32-47c2-a051-d9692899a5ea-PendingRequests: sendNotLeaderResponses
2019-08-09 03:51:49,628 INFO  impl.PendingRequests (PendingRequests.java:sendNotLeaderResponses(202)) - c81431eb-8d32-47c2-a051-d9692899a5ea-PendingRequests: sendNotLeaderResponses
2019-08-09 03:51:49,644 INFO  impl.StateMachineUpdater (StateMachineUpdater.java:stopAndJoin(115)) - StateMachineUpdater:c81431eb-8d32-47c2-a051-d9692899a5ea:group-5E006625C6D0: set stopIndex = 0
2019-08-09 03:51:49,644 INFO  ratis.ContainerStateMachine (ContainerStateMachine.java:takeSnapshot(262)) - group-1FBFDE7F0AC9: Taking a snapshot at:(t:1, i:18) file /workdir/hadoop-ozone/integration-test/target/test-dir/MiniOzoneClusterImpl-ff1f4075-c7da-4dd0-bc05-b1286c81d2a0/datanode-2/data/ratis/cf2fc001-b053-4e3c-bedb-1fbfde7f0ac9/sm/snapshot.1_18
2019-08-09 03:51:49,644 INFO  impl.StateMachineUpdater (StateMachineUpdater.java:stopAndJoin(115)) - StateMachineUpdater:c81431eb-8d32-47c2-a051-d9692899a5ea:group-1FBFDE7F0AC9: set stopIndex = 21
2019-08-09 03:51:49,645 INFO  impl.RaftServerImpl (ServerState.java:close(394)) - c81431eb-8d32-47c2-a051-d9692899a5ea:group-5E006625C6D0 closes. The last applied log index is 0
2019-08-09 03:51:49,645 INFO  segmented.SegmentedRaftLogWorker (SegmentedRaftLogWorker.java:run(313)) - c81431eb-8d32-47c2-a051-d9692899a5ea-SegmentedRaftLogWorker:Storage Directory /workdir/hadoop-ozone/integration-test/target/test-dir/MiniOzoneClusterImpl-ff1f4075-c7da-4dd0-bc05-b1286c81d2a0/datanode-2/data/ratis/ce3f2342-41ef-4261-9efb-5e006625c6d0 was interrupted, exiting. There are 0 tasks remaining in the queue.
2019-08-09 03:51:49,648 INFO  server.GrpcServerProtocolService (GrpcServerProtocolService.java:onCompleted(104)) - 924573be-81f6-4d51-b1e7-163290a7619b: appendEntries completed
2019-08-09 03:51:49,648 INFO  segmented.SegmentedRaftLogWorker (SegmentedRaftLogWorker.java:close(228)) - c81431eb-8d32-47c2-a051-d9692899a5ea-SegmentedRaftLogWorker:Storage Directory /workdir/hadoop-ozone/integration-test/target/test-dir/MiniOzoneClusterImpl-ff1f4075-c7da-4dd0-bc05-b1286c81d2a0/datanode-2/data/ratis/ce3f2342-41ef-4261-9efb-5e006625c6d0 close()
2019-08-09 03:51:49,654 INFO  server.GrpcLogAppender (GrpcLogAppender.java:onCompleted(292)) - c81431eb-8d32-47c2-a051-d9692899a5ea->924573be-81f6-4d51-b1e7-163290a7619b: follower responses appendEntries COMPLETED
2019-08-09 03:51:49,656 INFO  impl.FollowerInfo (FollowerInfo.java:lambda$new$0(50)) - c81431eb-8d32-47c2-a051-d9692899a5ea->924573be-81f6-4d51-b1e7-163290a7619b: nextIndex: updateUnconditionally 22 -> 21
2019-08-09 03:51:49,670 INFO  ratis.ContainerStateMachine (ContainerStateMachine.java:takeSnapshot(273)) - group-1FBFDE7F0AC9: Finished taking a snapshot at:(t:1, i:18) file:/workdir/hadoop-ozone/integration-test/target/test-dir/MiniOzoneClusterImpl-ff1f4075-c7da-4dd0-bc05-b1286c81d2a0/datanode-2/data/ratis/cf2fc001-b053-4e3c-bedb-1fbfde7f0ac9/sm/snapshot.1_18 time:25
2019-08-09 03:51:49,670 INFO  impl.StateMachineUpdater (StateMachineUpdater.java:takeSnapshot(242)) - StateMachineUpdater:c81431eb-8d32-47c2-a051-d9692899a5ea:group-1FBFDE7F0AC9: Took a snapshot at index 18
2019-08-09 03:51:49,670 INFO  impl.StateMachineUpdater (StateMachineUpdater.java:lambda$new$0(80)) - StateMachineUpdater:c81431eb-8d32-47c2-a051-d9692899a5ea:group-1FBFDE7F0AC9: snapshotIndex: updateIncreasingly -1 -> 18
2019-08-09 03:51:49,670 INFO  impl.RaftServerImpl (ServerState.java:close(394)) - c81431eb-8d32-47c2-a051-d9692899a5ea:group-1FBFDE7F0AC9 closes. The last applied log index is 21
2019-08-09 03:51:49,671 INFO  segmented.SegmentedRaftLogWorker (SegmentedRaftLogWorker.java:run(313)) - c81431eb-8d32-47c2-a051-d9692899a5ea-SegmentedRaftLogWorker:Storage Directory /workdir/hadoop-ozone/integration-test/target/test-dir/MiniOzoneClusterImpl-ff1f4075-c7da-4dd0-bc05-b1286c81d2a0/datanode-2/data/ratis/cf2fc001-b053-4e3c-bedb-1fbfde7f0ac9 was interrupted, exiting. There are 0 tasks remaining in the queue.
2019-08-09 03:51:49,673 INFO  segmented.SegmentedRaftLogWorker (SegmentedRaftLogWorker.java:close(228)) - c81431eb-8d32-47c2-a051-d9692899a5ea-SegmentedRaftLogWorker:Storage Directory /workdir/hadoop-ozone/integration-test/target/test-dir/MiniOzoneClusterImpl-ff1f4075-c7da-4dd0-bc05-b1286c81d2a0/datanode-2/data/ratis/cf2fc001-b053-4e3c-bedb-1fbfde7f0ac9 close()
2019-08-09 03:51:49,676 INFO  server.GrpcService (GrpcService.java:closeImpl(155)) - c81431eb-8d32-47c2-a051-d9692899a5ea: shutdown server with port 39327 now
2019-08-09 03:51:49,677 INFO  server.GrpcService (GrpcService.java:closeImpl(163)) - c81431eb-8d32-47c2-a051-d9692899a5ea: shutdown server with port 39327 successfully
2019-08-09 03:51:49,683 INFO  utils.BackgroundService (BackgroundService.java:shutdown(148)) - Shutting down service BlockDeletingService
2019-08-09 03:51:49,687 WARN  fs.CachingGetSpaceUsed (CachingGetSpaceUsed.java:run(183)) - Thread Interrupted waiting to refresh disk information: sleep interrupted
2019-08-09 03:51:49,708 INFO  statemachine.DatanodeStateMachine (DatanodeStateMachine.java:stopDaemon(395)) - Ozone container server stopped.
2019-08-09 03:51:49,710 INFO  handler.ContextHandler (ContextHandler.java:doStop(910)) - Stopped o.e.j.w.WebAppContext@35787726{/,null,UNAVAILABLE}{/hddsDatanode}
2019-08-09 03:51:49,711 INFO  server.AbstractConnector (AbstractConnector.java:doStop(318)) - Stopped ServerConnector@2199e845{HTTP/1.1,[http/1.1]}{0.0.0.0:0}
2019-08-09 03:51:49,711 INFO  handler.ContextHandler (ContextHandler.java:doStop(910)) - Stopped o.e.j.s.ServletContextHandler@6b63abdc{/static,jar:file:/home/user/.m2/repository/org/apache/hadoop/hadoop-hdds-container-service/0.4.1-SNAPSHOT/hadoop-hdds-container-service-0.4.1-SNAPSHOT.jar!/webapps/static,UNAVAILABLE}
2019-08-09 03:51:49,712 INFO  handler.ContextHandler (ContextHandler.java:doStop(910)) - Stopped o.e.j.s.ServletContextHandler@7cfb0c4c{/logs,file:///workdir/hadoop-ozone/integration-test/target/log,UNAVAILABLE}
2019-08-09 03:51:51,765 INFO  client.GrpcClientProtocolClient (GrpcClientProtocolClient.java:onNext(255)) - client-96CB8F72F404->924573be-81f6-4d51-b1e7-163290a7619b: receive RaftClientReply:client-96CB8F72F404->924573be-81f6-4d51-b1e7-163290a7619b@group-1FBFDE7F0AC9, cid=27, FAILED org.apache.ratis.protocol.NotLeaderException: Server 924573be-81f6-4d51-b1e7-163290a7619b is not the leader (c81431eb-8d32-47c2-a051-d9692899a5ea:192.168.157.225:39327). Request must be sent to leader., logIndex=0, commits[924573be-81f6-4d51-b1e7-163290a7619b:c20, 386cb1e4-3366-4d3a-9c87-536bd0e99de2:c19, c81431eb-8d32-47c2-a051-d9692899a5ea:c20]
2019-08-09 03:51:52,798 WARN  io.KeyOutputStream (KeyOutputStream.java:handleException(276)) - Encountered exception java.io.IOException: Unexpected Storage Container Exception: java.util.concurrent.CompletionException: java.util.concurrent.CompletionException: org.apache.ratis.protocol.RaftRetryFailureException: Failed RaftClientRequest:client-96CB8F72F404->386cb1e4-3366-4d3a-9c87-536bd0e99de2@group-1FBFDE7F0AC9, cid=27, seq=11*, RW, org.apache.hadoop.hdds.scm.XceiverClientRatis$$Lambda$314/1147888819@6f947843 for 5 attempts with RetryLimited(maxAttempts=5, sleepTime=1000ms) on the pipeline Pipeline[ Id: cf2fc001-b053-4e3c-bedb-1fbfde7f0ac9, Nodes: 386cb1e4-3366-4d3a-9c87-536bd0e99de2{ip: 192.168.157.225, host: byscane-nightly-vbjp7-3883395574, networkLocation: /default-rack, certSerialId: null}c81431eb-8d32-47c2-a051-d9692899a5ea{ip: 192.168.157.225, host: byscane-nightly-vbjp7-3883395574, networkLocation: /default-rack, certSerialId: null}924573be-81f6-4d51-b1e7-163290a7619b{ip: 192.168.157.225, host: byscane-nightly-vbjp7-3883395574, networkLocation: /default-rack, certSerialId: null}, Type:RATIS, Factor:THREE, State:OPEN]. The last committed block length is 1048576, uncommitted data length is 1048576 retry count 0
2019-08-09 03:51:52,827 WARN  block.BlockManagerImpl (BlockManagerImpl.java:allocateBlock(192)) - Pipeline creation failed for type:RATIS factor:THREE. Retrying get pipelines call once.
org.apache.hadoop.hdds.scm.pipeline.InsufficientDatanodesException: Cannot create pipeline of factor 3 using 0 nodes.
	at org.apache.hadoop.hdds.scm.pipeline.RatisPipelineProvider.create(RatisPipelineProvider.java:151)
	at org.apache.hadoop.hdds.scm.pipeline.PipelineFactory.create(PipelineFactory.java:57)
	at org.apache.hadoop.hdds.scm.pipeline.SCMPipelineManager.createPipeline(SCMPipelineManager.java:149)
	at org.apache.hadoop.hdds.scm.block.BlockManagerImpl.allocateBlock(BlockManagerImpl.java:190)
	at org.apache.hadoop.hdds.scm.server.SCMBlockProtocolServer.allocateBlock(SCMBlockProtocolServer.java:175)
	at org.apache.hadoop.ozone.protocolPB.ScmBlockLocationProtocolServerSideTranslatorPB.allocateScmBlock(ScmBlockLocationProtocolServerSideTranslatorPB.java:153)
	at org.apache.hadoop.ozone.protocolPB.ScmBlockLocationProtocolServerSideTranslatorPB.send(ScmBlockLocationProtocolServerSideTranslatorPB.java:112)
	at org.apache.hadoop.hdds.protocol.proto.ScmBlockLocationProtocolProtos$ScmBlockLocationProtocolService$2.callBlockingMethod(ScmBlockLocationProtocolProtos.java:13157)
	at org.apache.hadoop.ipc.ProtobufRpcEngine$Server$ProtoBufRpcInvoker.call(ProtobufRpcEngine.java:524)
	at org.apache.hadoop.ipc.RPC$Server.call(RPC.java:1025)
	at org.apache.hadoop.ipc.Server$RpcCall.run(Server.java:876)
	at org.apache.hadoop.ipc.Server$RpcCall.run(Server.java:822)
	at java.security.AccessController.doPrivileged(Native Method)
	at javax.security.auth.Subject.doAs(Subject.java:422)
	at org.apache.hadoop.security.UserGroupInformation.doAs(UserGroupInformation.java:1730)
	at org.apache.hadoop.ipc.Server$Handler.run(Server.java:2682)
2019-08-09 03:51:52,831 INFO  block.BlockManagerImpl (BlockManagerImpl.java:allocateBlock(198)) - Could not find available pipeline of type:RATIS and factor:THREE even after retrying
2019-08-09 03:51:52,831 ERROR block.BlockManagerImpl (BlockManagerImpl.java:allocateBlock(222)) - Unable to allocate a block for the size: 4194304, type: RATIS, factor: THREE
03:51:52.837 [IPC Server handler 17 on 34902] ERROR OMAudit - user=jenkins1000 | ip=127.0.0.1 | op=ALLOCATE_BLOCK {volume=datanodefailurehandlingtest, bucket=datanodefailurehandlingtest, key=ratis3, dataSize=0, replicationType=null, replicationFactor=null, keyLocationInfo=null, clientID=102584988002811904} | ret=FAILURE
org.apache.hadoop.hdds.scm.exceptions.SCMException: Allocated 0 blocks. Requested 1 blocks
	at org.apache.hadoop.hdds.scm.protocolPB.ScmBlockLocationProtocolClientSideTranslatorPB.handleError(ScmBlockLocationProtocolClientSideTranslatorPB.java:118) ~[hadoop-hdds-common-0.4.1-SNAPSHOT.jar:?]
	at org.apache.hadoop.hdds.scm.protocolPB.ScmBlockLocationProtocolClientSideTranslatorPB.allocateBlock(ScmBlockLocationProtocolClientSideTranslatorPB.java:156) ~[hadoop-hdds-common-0.4.1-SNAPSHOT.jar:?]
	at sun.reflect.NativeMethodAccessorImpl.invoke0(Native Method) ~[?:1.8.0_212]
	at sun.reflect.NativeMethodAccessorImpl.invoke(NativeMethodAccessorImpl.java:62) ~[?:1.8.0_212]
	at sun.reflect.DelegatingMethodAccessorImpl.invoke(DelegatingMethodAccessorImpl.java:43) ~[?:1.8.0_212]
	at java.lang.reflect.Method.invoke(Method.java:498) ~[?:1.8.0_212]
	at org.apache.hadoop.hdds.tracing.TraceAllMethod.invoke(TraceAllMethod.java:66) ~[hadoop-hdds-common-0.4.1-SNAPSHOT.jar:?]
	at com.sun.proxy.$Proxy25.allocateBlock(Unknown Source) ~[?:?]
	at org.apache.hadoop.ozone.om.KeyManagerImpl.allocateBlock(KeyManagerImpl.java:333) ~[hadoop-ozone-ozone-manager-0.4.1-SNAPSHOT.jar:?]
	at org.apache.hadoop.ozone.om.KeyManagerImpl.allocateBlock(KeyManagerImpl.java:304) ~[hadoop-ozone-ozone-manager-0.4.1-SNAPSHOT.jar:?]
	at org.apache.hadoop.ozone.om.OzoneManager.allocateBlock(OzoneManager.java:2291) [hadoop-ozone-ozone-manager-0.4.1-SNAPSHOT.jar:?]
	at org.apache.hadoop.ozone.protocolPB.OzoneManagerRequestHandler.allocateBlock(OzoneManagerRequestHandler.java:717) [hadoop-ozone-ozone-manager-0.4.1-SNAPSHOT.jar:?]
	at org.apache.hadoop.ozone.protocolPB.OzoneManagerRequestHandler.handle(OzoneManagerRequestHandler.java:240) [hadoop-ozone-ozone-manager-0.4.1-SNAPSHOT.jar:?]
	at org.apache.hadoop.ozone.protocolPB.OzoneManagerProtocolServerSideTranslatorPB.submitRequestDirectlyToOM(OzoneManagerProtocolServerSideTranslatorPB.java:192) [hadoop-ozone-ozone-manager-0.4.1-SNAPSHOT.jar:?]
	at org.apache.hadoop.ozone.protocolPB.OzoneManagerProtocolServerSideTranslatorPB.submitRequest(OzoneManagerProtocolServerSideTranslatorPB.java:110) [hadoop-ozone-ozone-manager-0.4.1-SNAPSHOT.jar:?]
	at org.apache.hadoop.ozone.protocol.proto.OzoneManagerProtocolProtos$OzoneManagerService$2.callBlockingMethod(OzoneManagerProtocolProtos.java) [hadoop-ozone-common-0.4.1-SNAPSHOT.jar:?]
	at org.apache.hadoop.ipc.ProtobufRpcEngine$Server$ProtoBufRpcInvoker.call(ProtobufRpcEngine.java:524) [hadoop-common-3.2.0.jar:?]
	at org.apache.hadoop.ipc.RPC$Server.call(RPC.java:1025) [hadoop-common-3.2.0.jar:?]
	at org.apache.hadoop.ipc.Server$RpcCall.run(Server.java:876) [hadoop-common-3.2.0.jar:?]
	at org.apache.hadoop.ipc.Server$RpcCall.run(Server.java:822) [hadoop-common-3.2.0.jar:?]
	at java.security.AccessController.doPrivileged(Native Method) [?:1.8.0_212]
	at javax.security.auth.Subject.doAs(Subject.java:422) [?:1.8.0_212]
	at org.apache.hadoop.security.UserGroupInformation.doAs(UserGroupInformation.java:1730) [hadoop-common-3.2.0.jar:?]
	at org.apache.hadoop.ipc.Server$Handler.run(Server.java:2682) [hadoop-common-3.2.0.jar:?]
2019-08-09 03:51:52,857 ERROR io.BlockOutputStreamEntryPool (BlockOutputStreamEntryPool.java:allocateBlockIfNeeded(299)) - Try to allocate more blocks for write failed, already allocated 0 blocks for this write.
INTERNAL_ERROR org.apache.hadoop.ozone.om.exceptions.OMException: Allocated 0 blocks. Requested 1 blocks
	at org.apache.hadoop.ozone.om.protocolPB.OzoneManagerProtocolClientSideTranslatorPB.handleError(OzoneManagerProtocolClientSideTranslatorPB.java:720)
	at org.apache.hadoop.ozone.om.protocolPB.OzoneManagerProtocolClientSideTranslatorPB.allocateBlock(OzoneManagerProtocolClientSideTranslatorPB.java:752)
	at org.apache.hadoop.ozone.client.io.BlockOutputStreamEntryPool.allocateNewBlock(BlockOutputStreamEntryPool.java:248)
	at org.apache.hadoop.ozone.client.io.BlockOutputStreamEntryPool.allocateBlockIfNeeded(BlockOutputStreamEntryPool.java:296)
	at org.apache.hadoop.ozone.client.io.KeyOutputStream.handleWrite(KeyOutputStream.java:201)
	at org.apache.hadoop.ozone.client.io.KeyOutputStream.handleRetry(KeyOutputStream.java:376)
	at org.apache.hadoop.ozone.client.io.KeyOutputStream.handleException(KeyOutputStream.java:325)
	at org.apache.hadoop.ozone.client.io.KeyOutputStream.handleWrite(KeyOutputStream.java:231)
	at org.apache.hadoop.ozone.client.io.KeyOutputStream.write(KeyOutputStream.java:193)
	at org.apache.hadoop.ozone.client.io.OzoneOutputStream.write(OzoneOutputStream.java:49)
	at java.io.OutputStream.write(OutputStream.java:75)
	at org.apache.hadoop.ozone.client.rpc.TestMultiBlockWritesWithDnFailures.testMultiBlockWritesWithDnFailures(TestMultiBlockWritesWithDnFailures.java:144)
	at sun.reflect.NativeMethodAccessorImpl.invoke0(Native Method)
	at sun.reflect.NativeMethodAccessorImpl.invoke(NativeMethodAccessorImpl.java:62)
	at sun.reflect.DelegatingMethodAccessorImpl.invoke(DelegatingMethodAccessorImpl.java:43)
	at java.lang.reflect.Method.invoke(Method.java:498)
	at org.junit.runners.model.FrameworkMethod$1.runReflectiveCall(FrameworkMethod.java:47)
	at org.junit.internal.runners.model.ReflectiveCallable.run(ReflectiveCallable.java:12)
	at org.junit.runners.model.FrameworkMethod.invokeExplosively(FrameworkMethod.java:44)
	at org.junit.internal.runners.statements.InvokeMethod.evaluate(InvokeMethod.java:17)
	at org.junit.runners.ParentRunner.runLeaf(ParentRunner.java:271)
	at org.junit.runners.BlockJUnit4ClassRunner.runChild(BlockJUnit4ClassRunner.java:70)
	at org.junit.runners.BlockJUnit4ClassRunner.runChild(BlockJUnit4ClassRunner.java:50)
	at org.junit.runners.ParentRunner$3.run(ParentRunner.java:238)
	at org.junit.runners.ParentRunner$1.schedule(ParentRunner.java:63)
	at org.junit.runners.ParentRunner.runChildren(ParentRunner.java:236)
	at org.junit.runners.ParentRunner.access$000(ParentRunner.java:53)
	at org.junit.runners.ParentRunner$2.evaluate(ParentRunner.java:229)
	at org.junit.runners.ParentRunner.run(ParentRunner.java:309)
	at org.apache.maven.surefire.junit4.JUnit4Provider.execute(JUnit4Provider.java:365)
	at org.apache.maven.surefire.junit4.JUnit4Provider.executeWithRerun(JUnit4Provider.java:273)
	at org.apache.maven.surefire.junit4.JUnit4Provider.executeTestSet(JUnit4Provider.java:238)
	at org.apache.maven.surefire.junit4.JUnit4Provider.invoke(JUnit4Provider.java:159)
	at org.apache.maven.surefire.booter.ForkedBooter.invokeProviderInSameClassLoader(ForkedBooter.java:384)
	at org.apache.maven.surefire.booter.ForkedBooter.runSuitesInProcess(ForkedBooter.java:345)
	at org.apache.maven.surefire.booter.ForkedBooter.execute(ForkedBooter.java:126)
	at org.apache.maven.surefire.booter.ForkedBooter.main(ForkedBooter.java:418)
]]></system-out>
    <system-err><![CDATA[ERROR StatusLogger No Log4j 2 configuration file found. Using default configuration (logging only errors to the console), or user programmatically provided configurations. Set system property 'log4j2.debug' to show Log4j 2 internal initialization logging. See https://logging.apache.org/log4j/2.x/manual/configuration.html for instructions on how to configure Log4j 2
Aug 09, 2019 3:51:26 AM com.sun.jersey.server.impl.application.WebApplicationImpl _initiate
INFO: Initiating Jersey application, version 'Jersey: 1.19 02/11/2015 03:25 AM'
Aug 09, 2019 3:51:27 AM com.sun.jersey.server.impl.application.WebApplicationImpl _initiate
INFO: Initiating Jersey application, version 'Jersey: 1.19 02/11/2015 03:25 AM'
Aug 09, 2019 3:51:27 AM com.sun.jersey.server.impl.application.WebApplicationImpl _initiate
INFO: Initiating Jersey application, version 'Jersey: 1.19 02/11/2015 03:25 AM'
Aug 09, 2019 3:51:27 AM com.sun.jersey.server.impl.application.WebApplicationImpl _initiate
INFO: Initiating Jersey application, version 'Jersey: 1.19 02/11/2015 03:25 AM'
Aug 09, 2019 3:51:27 AM com.sun.jersey.server.impl.application.WebApplicationImpl _initiate
INFO: Initiating Jersey application, version 'Jersey: 1.19 02/11/2015 03:25 AM'
Aug 09, 2019 3:51:28 AM com.sun.jersey.server.impl.application.WebApplicationImpl _initiate
INFO: Initiating Jersey application, version 'Jersey: 1.19 02/11/2015 03:25 AM'
]]></system-err>
  </testcase>
</testsuite>