<?xml version="1.0" encoding="UTF-8"?>
<testsuite xmlns:xsi="http://www.w3.org/2001/XMLSchema-instance" xsi:noNamespaceSchemaLocation="https://maven.apache.org/surefire/maven-surefire-plugin/xsd/surefire-test-report.xsd" name="org.apache.hadoop.ozone.container.common.statemachine.commandhandler.TestBlockDeletion" time="85.837" tests="1" errors="0" skipped="0" failures="1">
  <properties>
    <property name="awt.toolkit" value="sun.awt.X11.XToolkit"/>
    <property name="file.encoding.pkg" value="sun.io"/>
    <property name="java.specification.version" value="1.8"/>
    <property name="sun.cpu.isalist" value=""/>
    <property name="sun.jnu.encoding" value="UTF-8"/>
    <property name="java.class.path" value="/workdir/hadoop-ozone/integration-test/target/test-classes:/workdir/hadoop-ozone/integration-test/target/classes:/home/user/.m2/repository/org/apache/hadoop/hadoop-ozone-common/0.5.0-SNAPSHOT/hadoop-ozone-common-0.5.0-SNAPSHOT.jar:/home/user/.m2/repository/org/apache/commons/commons-compress/1.4.1/commons-compress-1.4.1.jar:/home/user/.m2/repository/org/tukaani/xz/1.0/xz-1.0.jar:/home/user/.m2/repository/org/apache/hadoop/hadoop-common/3.2.0/hadoop-common-3.2.0.jar:/home/user/.m2/repository/org/apache/hadoop/hadoop-hdfs/3.2.0/hadoop-hdfs-3.2.0.jar:/home/user/.m2/repository/org/apache/hadoop/hadoop-hdfs-client/3.2.0/hadoop-hdfs-client-3.2.0.jar:/home/user/.m2/repository/com/fasterxml/jackson/core/jackson-annotations/2.9.5/jackson-annotations-2.9.5.jar:/home/user/.m2/repository/org/apache/hadoop/hadoop-hdds-common/0.5.0-SNAPSHOT/hadoop-hdds-common-0.5.0-SNAPSHOT.jar:/home/user/.m2/repository/javax/annotation/javax.annotation-api/1.2/javax.annotation-api-1.2.jar:/home/user/.m2/repository/org/apache/ratis/ratis-server/0.4.0-2337318-SNAPSHOT/ratis-server-0.4.0-2337318-SNAPSHOT.jar:/home/user/.m2/repository/org/apache/ratis/ratis-thirdparty-misc/0.2.0/ratis-thirdparty-misc-0.2.0.jar:/home/user/.m2/repository/org/apache/ratis/ratis-proto/0.4.0-2337318-SNAPSHOT/ratis-proto-0.4.0-2337318-SNAPSHOT.jar:/home/user/.m2/repository/org/apache/ratis/ratis-common/0.4.0-2337318-SNAPSHOT/ratis-common-0.4.0-2337318-SNAPSHOT.jar:/home/user/.m2/repository/org/apache/ratis/ratis-client/0.4.0-2337318-SNAPSHOT/ratis-client-0.4.0-2337318-SNAPSHOT.jar:/home/user/.m2/repository/org/apache/ratis/ratis-metrics/0.4.0-2337318-SNAPSHOT/ratis-metrics-0.4.0-2337318-SNAPSHOT.jar:/home/user/.m2/repository/org/apache/ratis/ratis-netty/0.4.0-2337318-SNAPSHOT/ratis-netty-0.4.0-2337318-SNAPSHOT.jar:/home/user/.m2/repository/org/apache/ratis/ratis-grpc/0.4.0-2337318-SNAPSHOT/ratis-grpc-0.4.0-2337318-SNAPSHOT.jar:/home/user/.m2/repository/org/rocksdb/rocksdbjni/6.0.1/rocksdbjni-6.0.1.jar:/home/user/.m2/repository/org/apache/logging/log4j/log4j-api/2.11.0/log4j-api-2.11.0.jar:/home/user/.m2/repository/org/apache/logging/log4j/log4j-core/2.11.0/log4j-core-2.11.0.jar:/home/user/.m2/repository/com/lmax/disruptor/3.4.2/disruptor-3.4.2.jar:/home/user/.m2/repository/org/apache/commons/commons-pool2/2.6.0/commons-pool2-2.6.0.jar:/home/user/.m2/repository/org/bouncycastle/bcpkix-jdk15on/1.60/bcpkix-jdk15on-1.60.jar:/home/user/.m2/repository/commons-validator/commons-validator/1.6/commons-validator-1.6.jar:/home/user/.m2/repository/commons-digester/commons-digester/1.8.1/commons-digester-1.8.1.jar:/home/user/.m2/repository/io/jaegertracing/jaeger-client/0.33.1/jaeger-client-0.33.1.jar:/home/user/.m2/repository/io/jaegertracing/jaeger-thrift/0.33.1/jaeger-thrift-0.33.1.jar:/home/user/.m2/repository/org/apache/thrift/libthrift/0.11.0/libthrift-0.11.0.jar:/home/user/.m2/repository/com/squareup/okhttp3/okhttp/3.9.0/okhttp-3.9.0.jar:/home/user/.m2/repository/com/squareup/okio/okio/1.13.0/okio-1.13.0.jar:/home/user/.m2/repository/io/jaegertracing/jaeger-core/0.33.1/jaeger-core-0.33.1.jar:/home/user/.m2/repository/io/jaegertracing/jaeger-tracerresolver/0.33.1/jaeger-tracerresolver-0.33.1.jar:/home/user/.m2/repository/io/opentracing/contrib/opentracing-tracerresolver/0.1.5/opentracing-tracerresolver-0.1.5.jar:/home/user/.m2/repository/io/opentracing/opentracing-util/0.31.0/opentracing-util-0.31.0.jar:/home/user/.m2/repository/io/opentracing/opentracing-api/0.31.0/opentracing-api-0.31.0.jar:/home/user/.m2/repository/io/opentracing/opentracing-noop/0.31.0/opentracing-noop-0.31.0.jar:/home/user/.m2/repository/org/apache/hadoop/hadoop-hdds-server-framework/0.5.0-SNAPSHOT/hadoop-hdds-server-framework-0.5.0-SNAPSHOT.jar:/home/user/.m2/repository/org/apache/hadoop/hadoop-hdds-container-service/0.5.0-SNAPSHOT/hadoop-hdds-container-service-0.5.0-SNAPSHOT.jar:/home/user/.m2/repository/org/apache/hadoop/hadoop-hdds-client/0.5.0-SNAPSHOT/hadoop-hdds-client-0.5.0-SNAPSHOT.jar:/home/user/.m2/repository/org/apache/hadoop/hadoop-hdds-tools/0.5.0-SNAPSHOT/hadoop-hdds-tools-0.5.0-SNAPSHOT.jar:/home/user/.m2/repository/org/apache/hadoop/hadoop-hdds-server-scm/0.5.0-SNAPSHOT/hadoop-hdds-server-scm-0.5.0-SNAPSHOT.jar:/home/user/.m2/repository/org/apache/hadoop/hadoop-hdds-docs/0.5.0-SNAPSHOT/hadoop-hdds-docs-0.5.0-SNAPSHOT.jar:/home/user/.m2/repository/io/dropwizard/metrics/metrics-core/3.2.4/metrics-core-3.2.4.jar:/home/user/.m2/repository/org/hamcrest/hamcrest-all/1.3/hamcrest-all-1.3.jar:/home/user/.m2/repository/org/bouncycastle/bcprov-jdk15on/1.60/bcprov-jdk15on-1.60.jar:/home/user/.m2/repository/info/picocli/picocli/3.9.6/picocli-3.9.6.jar:/home/user/.m2/repository/com/google/protobuf/protobuf-java/2.5.0/protobuf-java-2.5.0.jar:/home/user/.m2/repository/com/google/guava/guava/11.0.2/guava-11.0.2.jar:/home/user/.m2/repository/org/apache/hadoop/hadoop-ozone-ozone-manager/0.5.0-SNAPSHOT/hadoop-ozone-ozone-manager-0.5.0-SNAPSHOT.jar:/home/user/.m2/repository/org/apache/hadoop/hadoop-minikdc/3.2.0/hadoop-minikdc-3.2.0.jar:/home/user/.m2/repository/commons-io/commons-io/2.5/commons-io-2.5.jar:/home/user/.m2/repository/org/apache/kerby/kerb-simplekdc/1.0.1/kerb-simplekdc-1.0.1.jar:/home/user/.m2/repository/org/apache/kerby/kerb-client/1.0.1/kerb-client-1.0.1.jar:/home/user/.m2/repository/org/apache/kerby/kerby-config/1.0.1/kerby-config-1.0.1.jar:/home/user/.m2/repository/org/apache/kerby/kerb-core/1.0.1/kerb-core-1.0.1.jar:/home/user/.m2/repository/org/apache/kerby/kerby-pkix/1.0.1/kerby-pkix-1.0.1.jar:/home/user/.m2/repository/org/apache/kerby/kerby-asn1/1.0.1/kerby-asn1-1.0.1.jar:/home/user/.m2/repository/org/apache/kerby/kerby-util/1.0.1/kerby-util-1.0.1.jar:/home/user/.m2/repository/org/apache/kerby/kerb-common/1.0.1/kerb-common-1.0.1.jar:/home/user/.m2/repository/org/apache/kerby/kerb-crypto/1.0.1/kerb-crypto-1.0.1.jar:/home/user/.m2/repository/org/apache/kerby/kerb-util/1.0.1/kerb-util-1.0.1.jar:/home/user/.m2/repository/org/apache/kerby/token-provider/1.0.1/token-provider-1.0.1.jar:/home/user/.m2/repository/org/apache/kerby/kerb-admin/1.0.1/kerb-admin-1.0.1.jar:/home/user/.m2/repository/org/apache/kerby/kerb-server/1.0.1/kerb-server-1.0.1.jar:/home/user/.m2/repository/org/apache/kerby/kerb-identity/1.0.1/kerb-identity-1.0.1.jar:/home/user/.m2/repository/org/apache/kerby/kerby-xdr/1.0.1/kerby-xdr-1.0.1.jar:/home/user/.m2/repository/org/slf4j/slf4j-log4j12/1.7.25/slf4j-log4j12-1.7.25.jar:/home/user/.m2/repository/org/apache/hadoop/hadoop-ozone-s3gateway/0.5.0-SNAPSHOT/hadoop-ozone-s3gateway-0.5.0-SNAPSHOT.jar:/home/user/.m2/repository/org/jboss/weld/servlet/weld-servlet/2.4.7.Final/weld-servlet-2.4.7.Final.jar:/home/user/.m2/repository/org/glassfish/jersey/containers/jersey-container-servlet-core/2.27/jersey-container-servlet-core-2.27.jar:/home/user/.m2/repository/org/glassfish/hk2/external/javax.inject/2.5.0-b42/javax.inject-2.5.0-b42.jar:/home/user/.m2/repository/org/glassfish/jersey/core/jersey-common/2.27/jersey-common-2.27.jar:/home/user/.m2/repository/org/glassfish/hk2/osgi-resource-locator/1.0.1/osgi-resource-locator-1.0.1.jar:/home/user/.m2/repository/javax/ws/rs/javax.ws.rs-api/2.1/javax.ws.rs-api-2.1.jar:/home/user/.m2/repository/org/glassfish/jersey/ext/cdi/jersey-cdi1x/2.27/jersey-cdi1x-2.27.jar:/home/user/.m2/repository/org/glassfish/jersey/inject/jersey-hk2/2.27/jersey-hk2-2.27.jar:/home/user/.m2/repository/org/glassfish/hk2/hk2-locator/2.5.0-b42/hk2-locator-2.5.0-b42.jar:/home/user/.m2/repository/org/javassist/javassist/3.22.0-CR2/javassist-3.22.0-CR2.jar:/home/user/.m2/repository/org/glassfish/hk2/hk2-api/2.5.0/hk2-api-2.5.0.jar:/home/user/.m2/repository/org/glassfish/hk2/external/jakarta.inject/2.5.0/jakarta.inject-2.5.0.jar:/home/user/.m2/repository/org/glassfish/hk2/hk2-utils/2.5.0/hk2-utils-2.5.0.jar:/home/user/.m2/repository/jakarta/annotation/jakarta.annotation-api/1.3.4/jakarta.annotation-api-1.3.4.jar:/home/user/.m2/repository/org/glassfish/hk2/external/aopalliance-repackaged/2.5.0/aopalliance-repackaged-2.5.0.jar:/home/user/.m2/repository/com/fasterxml/jackson/dataformat/jackson-dataformat-xml/2.9.0/jackson-dataformat-xml-2.9.0.jar:/home/user/.m2/repository/com/fasterxml/jackson/core/jackson-core/2.9.5/jackson-core-2.9.5.jar:/home/user/.m2/repository/com/fasterxml/jackson/module/jackson-module-jaxb-annotations/2.9.5/jackson-module-jaxb-annotations-2.9.5.jar:/home/user/.m2/repository/javax/enterprise/cdi-api/1.2/cdi-api-1.2.jar:/home/user/.m2/repository/javax/el/javax.el-api/3.0.0/javax.el-api-3.0.0.jar:/home/user/.m2/repository/javax/interceptor/javax.interceptor-api/1.2/javax.interceptor-api-1.2.jar:/home/user/.m2/repository/javax/inject/javax.inject/1/javax.inject-1.jar:/home/user/.m2/repository/com/sun/xml/bind/jaxb-impl/2.3.0.1/jaxb-impl-2.3.0.1.jar:/home/user/.m2/repository/com/sun/xml/bind/jaxb-core/2.3.0.1/jaxb-core-2.3.0.1.jar:/home/user/.m2/repository/javax/xml/bind/jaxb-api/2.3.0/jaxb-api-2.3.0.jar:/home/user/.m2/repository/javax/activation/activation/1.1.1/activation-1.1.1.jar:/home/user/.m2/repository/org/apache/hadoop/hadoop-ozone-csi/0.5.0-SNAPSHOT/hadoop-ozone-csi-0.5.0-SNAPSHOT.jar:/home/user/.m2/repository/com/google/protobuf/protobuf-java-util/3.5.1/protobuf-java-util-3.5.1.jar:/home/user/.m2/repository/org/apache/hadoop/hadoop-hdds-config/0.5.0-SNAPSHOT/hadoop-hdds-config-0.5.0-SNAPSHOT.jar:/home/user/.m2/repository/io/grpc/grpc-netty/1.17.1/grpc-netty-1.17.1.jar:/home/user/.m2/repository/io/grpc/grpc-core/1.17.1/grpc-core-1.17.1.jar:/home/user/.m2/repository/io/grpc/grpc-context/1.17.1/grpc-context-1.17.1.jar:/home/user/.m2/repository/com/google/errorprone/error_prone_annotations/2.2.0/error_prone_annotations-2.2.0.jar:/home/user/.m2/repository/org/codehaus/mojo/animal-sniffer-annotations/1.17/animal-sniffer-annotations-1.17.jar:/home/user/.m2/repository/io/opencensus/opencensus-api/0.17.0/opencensus-api-0.17.0.jar:/home/user/.m2/repository/io/opencensus/opencensus-contrib-grpc-metrics/0.17.0/opencensus-contrib-grpc-metrics-0.17.0.jar:/home/user/.m2/repository/io/netty/netty-codec-http2/4.1.30.Final/netty-codec-http2-4.1.30.Final.jar:/home/user/.m2/repository/io/netty/netty-codec-http/4.1.30.Final/netty-codec-http-4.1.30.Final.jar:/home/user/.m2/repository/io/netty/netty-codec/4.1.30.Final/netty-codec-4.1.30.Final.jar:/home/user/.m2/repository/io/netty/netty-handler/4.1.30.Final/netty-handler-4.1.30.Final.jar:/home/user/.m2/repository/io/netty/netty-handler-proxy/4.1.30.Final/netty-handler-proxy-4.1.30.Final.jar:/home/user/.m2/repository/io/netty/netty-codec-socks/4.1.30.Final/netty-codec-socks-4.1.30.Final.jar:/home/user/.m2/repository/io/netty/netty-transport-native-epoll/4.1.30.Final/netty-transport-native-epoll-4.1.30.Final.jar:/home/user/.m2/repository/io/netty/netty-common/4.1.30.Final/netty-common-4.1.30.Final.jar:/home/user/.m2/repository/io/netty/netty-buffer/4.1.30.Final/netty-buffer-4.1.30.Final.jar:/home/user/.m2/repository/io/netty/netty-transport/4.1.30.Final/netty-transport-4.1.30.Final.jar:/home/user/.m2/repository/io/netty/netty-resolver/4.1.30.Final/netty-resolver-4.1.30.Final.jar:/home/user/.m2/repository/io/netty/netty-transport-native-unix-common/4.1.30.Final/netty-transport-native-unix-common-4.1.30.Final.jar:/home/user/.m2/repository/io/grpc/grpc-protobuf/1.17.1/grpc-protobuf-1.17.1.jar:/home/user/.m2/repository/com/google/api/grpc/proto-google-common-protos/1.0.0/proto-google-common-protos-1.0.0.jar:/home/user/.m2/repository/io/grpc/grpc-protobuf-lite/1.17.1/grpc-protobuf-lite-1.17.1.jar:/home/user/.m2/repository/io/grpc/grpc-stub/1.17.1/grpc-stub-1.17.1.jar:/home/user/.m2/repository/org/apache/hadoop/hadoop-ozone-recon/0.5.0-SNAPSHOT/hadoop-ozone-recon-0.5.0-SNAPSHOT.jar:/home/user/.m2/repository/org/apache/hadoop/hadoop-ozone-reconcodegen/0.5.0-SNAPSHOT/hadoop-ozone-reconcodegen-0.5.0-SNAPSHOT.jar:/home/user/.m2/repository/com/google/inject/extensions/guice-multibindings/4.0/guice-multibindings-4.0.jar:/home/user/.m2/repository/com/google/inject/guice/4.0/guice-4.0.jar:/home/user/.m2/repository/aopalliance/aopalliance/1.0/aopalliance-1.0.jar:/home/user/.m2/repository/com/google/inject/extensions/guice-servlet/4.0/guice-servlet-4.0.jar:/home/user/.m2/repository/org/glassfish/jersey/containers/jersey-container-servlet/2.27/jersey-container-servlet-2.27.jar:/home/user/.m2/repository/org/glassfish/hk2/guice-bridge/2.5.0/guice-bridge-2.5.0.jar:/home/user/.m2/repository/org/glassfish/jersey/core/jersey-server/2.27/jersey-server-2.27.jar:/home/user/.m2/repository/org/glassfish/jersey/core/jersey-client/2.27/jersey-client-2.27.jar:/home/user/.m2/repository/org/glassfish/jersey/media/jersey-media-jaxb/2.27/jersey-media-jaxb-2.27.jar:/home/user/.m2/repository/javax/validation/validation-api/1.1.0.Final/validation-api-1.1.0.Final.jar:/home/user/.m2/repository/org/glassfish/jersey/media/jersey-media-json-jackson/2.27/jersey-media-json-jackson-2.27.jar:/home/user/.m2/repository/org/glassfish/jersey/ext/jersey-entity-filtering/2.27/jersey-entity-filtering-2.27.jar:/home/user/.m2/repository/com/google/inject/extensions/guice-assistedinject/4.0/guice-assistedinject-4.0.jar:/home/user/.m2/repository/org/jooq/jooq/3.11.10/jooq-3.11.10.jar:/home/user/.m2/repository/org/jooq/jooq-meta/3.11.10/jooq-meta-3.11.10.jar:/home/user/.m2/repository/org/jooq/jooq-codegen/3.11.10/jooq-codegen-3.11.10.jar:/home/user/.m2/repository/com/jolbox/bonecp/0.8.0.RELEASE/bonecp-0.8.0.RELEASE.jar:/home/user/.m2/repository/org/xerial/sqlite-jdbc/3.25.2/sqlite-jdbc-3.25.2.jar:/home/user/.m2/repository/org/springframework/spring-jdbc/5.1.3.RELEASE/spring-jdbc-5.1.3.RELEASE.jar:/home/user/.m2/repository/org/springframework/spring-beans/5.1.3.RELEASE/spring-beans-5.1.3.RELEASE.jar:/home/user/.m2/repository/org/springframework/spring-core/5.1.3.RELEASE/spring-core-5.1.3.RELEASE.jar:/home/user/.m2/repository/org/springframework/spring-jcl/5.1.3.RELEASE/spring-jcl-5.1.3.RELEASE.jar:/home/user/.m2/repository/org/springframework/spring-tx/5.1.3.RELEASE/spring-tx-5.1.3.RELEASE.jar:/home/user/.m2/repository/org/apache/hadoop/hadoop-ozone-client/0.5.0-SNAPSHOT/hadoop-ozone-client-0.5.0-SNAPSHOT.jar:/home/user/.m2/repository/commons-lang/commons-lang/2.6/commons-lang-2.6.jar:/home/user/.m2/repository/org/apache/hadoop/hadoop-ozone-ozone-manager/0.5.0-SNAPSHOT/hadoop-ozone-ozone-manager-0.5.0-SNAPSHOT-tests.jar:/home/user/.m2/repository/junit/junit/4.11/junit-4.11.jar:/home/user/.m2/repository/org/hamcrest/hamcrest-core/1.3/hamcrest-core-1.3.jar:/home/user/.m2/repository/org/openjdk/jmh/jmh-core/1.19/jmh-core-1.19.jar:/home/user/.m2/repository/net/sf/jopt-simple/jopt-simple/4.6/jopt-simple-4.6.jar:/home/user/.m2/repository/org/apache/commons/commons-math3/3.1.1/commons-math3-3.1.1.jar:/home/user/.m2/repository/org/openjdk/jmh/jmh-generator-annprocess/1.19/jmh-generator-annprocess-1.19.jar:/home/user/.m2/repository/org/mockito/mockito-all/1.8.5/mockito-all-1.8.5.jar:/home/user/.m2/repository/org/apache/hadoop/hadoop-kms/3.2.0/hadoop-kms-3.2.0.jar:/home/user/.m2/repository/org/apache/hadoop/hadoop-auth/3.2.0/hadoop-auth-3.2.0.jar:/home/user/.m2/repository/com/nimbusds/nimbus-jose-jwt/4.41.1/nimbus-jose-jwt-4.41.1.jar:/home/user/.m2/repository/com/github/stephenc/jcip/jcip-annotations/1.0-1/jcip-annotations-1.0-1.jar:/home/user/.m2/repository/net/minidev/json-smart/2.3/json-smart-2.3.jar:/home/user/.m2/repository/net/minidev/accessors-smart/1.2/accessors-smart-1.2.jar:/home/user/.m2/repository/org/ow2/asm/asm/5.0.4/asm-5.0.4.jar:/home/user/.m2/repository/org/apache/curator/curator-framework/2.12.0/curator-framework-2.12.0.jar:/home/user/.m2/repository/com/sun/jersey/jersey-core/1.19/jersey-core-1.19.jar:/home/user/.m2/repository/javax/ws/rs/jsr311-api/1.1.1/jsr311-api-1.1.1.jar:/home/user/.m2/repository/com/sun/jersey/jersey-server/1.19/jersey-server-1.19.jar:/home/user/.m2/repository/javax/servlet/javax.servlet-api/3.1.0/javax.servlet-api-3.1.0.jar:/home/user/.m2/repository/org/eclipse/jetty/jetty-server/9.3.24.v20180605/jetty-server-9.3.24.v20180605.jar:/home/user/.m2/repository/org/eclipse/jetty/jetty-http/9.3.24.v20180605/jetty-http-9.3.24.v20180605.jar:/home/user/.m2/repository/org/eclipse/jetty/jetty-io/9.3.24.v20180605/jetty-io-9.3.24.v20180605.jar:/home/user/.m2/repository/org/eclipse/jetty/jetty-webapp/9.3.24.v20180605/jetty-webapp-9.3.24.v20180605.jar:/home/user/.m2/repository/org/eclipse/jetty/jetty-xml/9.3.24.v20180605/jetty-xml-9.3.24.v20180605.jar:/home/user/.m2/repository/log4j/log4j/1.2.17/log4j-1.2.17.jar:/home/user/.m2/repository/org/slf4j/slf4j-api/1.7.25/slf4j-api-1.7.25.jar:/home/user/.m2/repository/org/slf4j/jul-to-slf4j/1.7.25/jul-to-slf4j-1.7.25.jar:/home/user/.m2/repository/org/eclipse/jetty/jetty-util/9.3.24.v20180605/jetty-util-9.3.24.v20180605.jar:/home/user/.m2/repository/com/fasterxml/jackson/core/jackson-databind/2.9.5/jackson-databind-2.9.5.jar:/home/user/.m2/repository/org/apache/hadoop/hadoop-kms/3.2.0/hadoop-kms-3.2.0-tests.jar:/home/user/.m2/repository/org/apache/hadoop/hadoop-hdds-server-scm/0.5.0-SNAPSHOT/hadoop-hdds-server-scm-0.5.0-SNAPSHOT-tests.jar:/home/user/.m2/repository/org/apache/hadoop/hadoop-hdds-container-service/0.5.0-SNAPSHOT/hadoop-hdds-container-service-0.5.0-SNAPSHOT-tests.jar:/home/user/.m2/repository/org/yaml/snakeyaml/1.16/snakeyaml-1.16.jar:/home/user/.m2/repository/org/apache/hadoop/hadoop-common/3.2.0/hadoop-common-3.2.0-tests.jar:/home/user/.m2/repository/org/apache/hadoop/hadoop-annotations/3.2.0/hadoop-annotations-3.2.0.jar:/usr/lib/jvm/java-1.8-openjdk/jre/../lib/tools.jar:/home/user/.m2/repository/commons-cli/commons-cli/1.2/commons-cli-1.2.jar:/home/user/.m2/repository/org/apache/httpcomponents/httpclient/4.5.2/httpclient-4.5.2.jar:/home/user/.m2/repository/org/apache/httpcomponents/httpcore/4.4.4/httpcore-4.4.4.jar:/home/user/.m2/repository/commons-codec/commons-codec/1.11/commons-codec-1.11.jar:/home/user/.m2/repository/commons-net/commons-net/3.6/commons-net-3.6.jar:/home/user/.m2/repository/commons-collections/commons-collections/3.2.2/commons-collections-3.2.2.jar:/home/user/.m2/repository/org/eclipse/jetty/jetty-servlet/9.3.24.v20180605/jetty-servlet-9.3.24.v20180605.jar:/home/user/.m2/repository/org/eclipse/jetty/jetty-security/9.3.24.v20180605/jetty-security-9.3.24.v20180605.jar:/home/user/.m2/repository/javax/servlet/jsp/jsp-api/2.1/jsp-api-2.1.jar:/home/user/.m2/repository/com/sun/jersey/jersey-servlet/1.19/jersey-servlet-1.19.jar:/home/user/.m2/repository/com/sun/jersey/jersey-json/1.19/jersey-json-1.19.jar:/home/user/.m2/repository/org/codehaus/jettison/jettison/1.1/jettison-1.1.jar:/home/user/.m2/repository/org/codehaus/jackson/jackson-core-asl/1.9.13/jackson-core-asl-1.9.13.jar:/home/user/.m2/repository/org/codehaus/jackson/jackson-mapper-asl/1.9.13/jackson-mapper-asl-1.9.13.jar:/home/user/.m2/repository/org/codehaus/jackson/jackson-jaxrs/1.9.13/jackson-jaxrs-1.9.13.jar:/home/user/.m2/repository/org/codehaus/jackson/jackson-xc/1.9.13/jackson-xc-1.9.13.jar:/home/user/.m2/repository/commons-logging/commons-logging/1.1.3/commons-logging-1.1.3.jar:/home/user/.m2/repository/commons-beanutils/commons-beanutils/1.9.3/commons-beanutils-1.9.3.jar:/home/user/.m2/repository/org/apache/commons/commons-configuration2/2.1.1/commons-configuration2-2.1.1.jar:/home/user/.m2/repository/org/apache/commons/commons-lang3/3.7/commons-lang3-3.7.jar:/home/user/.m2/repository/org/apache/commons/commons-text/1.4/commons-text-1.4.jar:/home/user/.m2/repository/org/apache/avro/avro/1.7.7/avro-1.7.7.jar:/home/user/.m2/repository/com/thoughtworks/paranamer/paranamer/2.3/paranamer-2.3.jar:/home/user/.m2/repository/org/xerial/snappy/snappy-java/1.0.5/snappy-java-1.0.5.jar:/home/user/.m2/repository/com/google/re2j/re2j/1.1/re2j-1.1.jar:/home/user/.m2/repository/com/google/code/gson/gson/2.2.4/gson-2.2.4.jar:/home/user/.m2/repository/com/jcraft/jsch/0.1.54/jsch-0.1.54.jar:/home/user/.m2/repository/org/apache/curator/curator-client/2.12.0/curator-client-2.12.0.jar:/home/user/.m2/repository/org/apache/curator/curator-recipes/2.12.0/curator-recipes-2.12.0.jar:/home/user/.m2/repository/com/google/code/findbugs/jsr305/3.0.0/jsr305-3.0.0.jar:/home/user/.m2/repository/org/apache/htrace/htrace-core4/4.1.0-incubating/htrace-core4-4.1.0-incubating.jar:/home/user/.m2/repository/org/apache/zookeeper/zookeeper/3.4.13/zookeeper-3.4.13.jar:/home/user/.m2/repository/org/apache/yetus/audience-annotations/0.5.0/audience-annotations-0.5.0.jar:/home/user/.m2/repository/org/codehaus/woodstox/stax2-api/3.1.4/stax2-api-3.1.4.jar:/home/user/.m2/repository/com/fasterxml/woodstox/woodstox-core/5.0.3/woodstox-core-5.0.3.jar:/home/user/.m2/repository/dnsjava/dnsjava/2.1.7/dnsjava-2.1.7.jar:/home/user/.m2/repository/org/apache/hadoop/hadoop-hdfs/3.2.0/hadoop-hdfs-3.2.0-tests.jar:/home/user/.m2/repository/org/eclipse/jetty/jetty-util-ajax/9.3.24.v20180605/jetty-util-ajax-9.3.24.v20180605.jar:/home/user/.m2/repository/commons-daemon/commons-daemon/1.0.13/commons-daemon-1.0.13.jar:/home/user/.m2/repository/io/netty/netty/3.10.5.Final/netty-3.10.5.Final.jar:/home/user/.m2/repository/io/netty/netty-all/4.0.52.Final/netty-all-4.0.52.Final.jar:/home/user/.m2/repository/org/fusesource/leveldbjni/leveldbjni-all/1.8/leveldbjni-all-1.8.jar:"/>
    <property name="java.vm.vendor" value="IcedTea"/>
    <property name="sun.arch.data.model" value="64"/>
    <property name="test.build.dir" value="/workdir/hadoop-ozone/integration-test/target/test-dir"/>
    <property name="test.cache.data" value=""/>
    <property name="java.vendor.url" value="https://icedtea.classpath.org"/>
    <property name="user.timezone" value=""/>
    <property name="java.vm.specification.version" value="1.8"/>
    <property name="os.name" value="Linux"/>
    <property name="test.build.data" value="/workdir/hadoop-ozone/integration-test/target/test-dir"/>
    <property name="user.country" value="US"/>
    <property name="sun.java.launcher" value="SUN_STANDARD"/>
    <property name="sun.boot.library.path" value="/usr/lib/jvm/java-1.8-openjdk/jre/lib/amd64"/>
    <property name="sun.java.command" value="/workdir/hadoop-ozone/integration-test/target/surefire/surefirebooter2437174791127990631.jar /workdir/hadoop-ozone/integration-test/target/surefire 2019-09-10T21-12-40_943-jvmRun1 surefire3159298588460159412tmp surefire_627926802555262099124tmp"/>
    <property name="test" value="!TestMiniChaosOzoneCluster"/>
    <property name="surefire.test.class.path" value="/workdir/hadoop-ozone/integration-test/target/test-classes:/workdir/hadoop-ozone/integration-test/target/classes:/home/user/.m2/repository/org/apache/hadoop/hadoop-ozone-common/0.5.0-SNAPSHOT/hadoop-ozone-common-0.5.0-SNAPSHOT.jar:/home/user/.m2/repository/org/apache/commons/commons-compress/1.4.1/commons-compress-1.4.1.jar:/home/user/.m2/repository/org/tukaani/xz/1.0/xz-1.0.jar:/home/user/.m2/repository/org/apache/hadoop/hadoop-common/3.2.0/hadoop-common-3.2.0.jar:/home/user/.m2/repository/org/apache/hadoop/hadoop-hdfs/3.2.0/hadoop-hdfs-3.2.0.jar:/home/user/.m2/repository/org/apache/hadoop/hadoop-hdfs-client/3.2.0/hadoop-hdfs-client-3.2.0.jar:/home/user/.m2/repository/com/fasterxml/jackson/core/jackson-annotations/2.9.5/jackson-annotations-2.9.5.jar:/home/user/.m2/repository/org/apache/hadoop/hadoop-hdds-common/0.5.0-SNAPSHOT/hadoop-hdds-common-0.5.0-SNAPSHOT.jar:/home/user/.m2/repository/javax/annotation/javax.annotation-api/1.2/javax.annotation-api-1.2.jar:/home/user/.m2/repository/org/apache/ratis/ratis-server/0.4.0-2337318-SNAPSHOT/ratis-server-0.4.0-2337318-SNAPSHOT.jar:/home/user/.m2/repository/org/apache/ratis/ratis-thirdparty-misc/0.2.0/ratis-thirdparty-misc-0.2.0.jar:/home/user/.m2/repository/org/apache/ratis/ratis-proto/0.4.0-2337318-SNAPSHOT/ratis-proto-0.4.0-2337318-SNAPSHOT.jar:/home/user/.m2/repository/org/apache/ratis/ratis-common/0.4.0-2337318-SNAPSHOT/ratis-common-0.4.0-2337318-SNAPSHOT.jar:/home/user/.m2/repository/org/apache/ratis/ratis-client/0.4.0-2337318-SNAPSHOT/ratis-client-0.4.0-2337318-SNAPSHOT.jar:/home/user/.m2/repository/org/apache/ratis/ratis-metrics/0.4.0-2337318-SNAPSHOT/ratis-metrics-0.4.0-2337318-SNAPSHOT.jar:/home/user/.m2/repository/org/apache/ratis/ratis-netty/0.4.0-2337318-SNAPSHOT/ratis-netty-0.4.0-2337318-SNAPSHOT.jar:/home/user/.m2/repository/org/apache/ratis/ratis-grpc/0.4.0-2337318-SNAPSHOT/ratis-grpc-0.4.0-2337318-SNAPSHOT.jar:/home/user/.m2/repository/org/rocksdb/rocksdbjni/6.0.1/rocksdbjni-6.0.1.jar:/home/user/.m2/repository/org/apache/logging/log4j/log4j-api/2.11.0/log4j-api-2.11.0.jar:/home/user/.m2/repository/org/apache/logging/log4j/log4j-core/2.11.0/log4j-core-2.11.0.jar:/home/user/.m2/repository/com/lmax/disruptor/3.4.2/disruptor-3.4.2.jar:/home/user/.m2/repository/org/apache/commons/commons-pool2/2.6.0/commons-pool2-2.6.0.jar:/home/user/.m2/repository/org/bouncycastle/bcpkix-jdk15on/1.60/bcpkix-jdk15on-1.60.jar:/home/user/.m2/repository/commons-validator/commons-validator/1.6/commons-validator-1.6.jar:/home/user/.m2/repository/commons-digester/commons-digester/1.8.1/commons-digester-1.8.1.jar:/home/user/.m2/repository/io/jaegertracing/jaeger-client/0.33.1/jaeger-client-0.33.1.jar:/home/user/.m2/repository/io/jaegertracing/jaeger-thrift/0.33.1/jaeger-thrift-0.33.1.jar:/home/user/.m2/repository/org/apache/thrift/libthrift/0.11.0/libthrift-0.11.0.jar:/home/user/.m2/repository/com/squareup/okhttp3/okhttp/3.9.0/okhttp-3.9.0.jar:/home/user/.m2/repository/com/squareup/okio/okio/1.13.0/okio-1.13.0.jar:/home/user/.m2/repository/io/jaegertracing/jaeger-core/0.33.1/jaeger-core-0.33.1.jar:/home/user/.m2/repository/io/jaegertracing/jaeger-tracerresolver/0.33.1/jaeger-tracerresolver-0.33.1.jar:/home/user/.m2/repository/io/opentracing/contrib/opentracing-tracerresolver/0.1.5/opentracing-tracerresolver-0.1.5.jar:/home/user/.m2/repository/io/opentracing/opentracing-util/0.31.0/opentracing-util-0.31.0.jar:/home/user/.m2/repository/io/opentracing/opentracing-api/0.31.0/opentracing-api-0.31.0.jar:/home/user/.m2/repository/io/opentracing/opentracing-noop/0.31.0/opentracing-noop-0.31.0.jar:/home/user/.m2/repository/org/apache/hadoop/hadoop-hdds-server-framework/0.5.0-SNAPSHOT/hadoop-hdds-server-framework-0.5.0-SNAPSHOT.jar:/home/user/.m2/repository/org/apache/hadoop/hadoop-hdds-container-service/0.5.0-SNAPSHOT/hadoop-hdds-container-service-0.5.0-SNAPSHOT.jar:/home/user/.m2/repository/org/apache/hadoop/hadoop-hdds-client/0.5.0-SNAPSHOT/hadoop-hdds-client-0.5.0-SNAPSHOT.jar:/home/user/.m2/repository/org/apache/hadoop/hadoop-hdds-tools/0.5.0-SNAPSHOT/hadoop-hdds-tools-0.5.0-SNAPSHOT.jar:/home/user/.m2/repository/org/apache/hadoop/hadoop-hdds-server-scm/0.5.0-SNAPSHOT/hadoop-hdds-server-scm-0.5.0-SNAPSHOT.jar:/home/user/.m2/repository/org/apache/hadoop/hadoop-hdds-docs/0.5.0-SNAPSHOT/hadoop-hdds-docs-0.5.0-SNAPSHOT.jar:/home/user/.m2/repository/io/dropwizard/metrics/metrics-core/3.2.4/metrics-core-3.2.4.jar:/home/user/.m2/repository/org/hamcrest/hamcrest-all/1.3/hamcrest-all-1.3.jar:/home/user/.m2/repository/org/bouncycastle/bcprov-jdk15on/1.60/bcprov-jdk15on-1.60.jar:/home/user/.m2/repository/info/picocli/picocli/3.9.6/picocli-3.9.6.jar:/home/user/.m2/repository/com/google/protobuf/protobuf-java/2.5.0/protobuf-java-2.5.0.jar:/home/user/.m2/repository/com/google/guava/guava/11.0.2/guava-11.0.2.jar:/home/user/.m2/repository/org/apache/hadoop/hadoop-ozone-ozone-manager/0.5.0-SNAPSHOT/hadoop-ozone-ozone-manager-0.5.0-SNAPSHOT.jar:/home/user/.m2/repository/org/apache/hadoop/hadoop-minikdc/3.2.0/hadoop-minikdc-3.2.0.jar:/home/user/.m2/repository/commons-io/commons-io/2.5/commons-io-2.5.jar:/home/user/.m2/repository/org/apache/kerby/kerb-simplekdc/1.0.1/kerb-simplekdc-1.0.1.jar:/home/user/.m2/repository/org/apache/kerby/kerb-client/1.0.1/kerb-client-1.0.1.jar:/home/user/.m2/repository/org/apache/kerby/kerby-config/1.0.1/kerby-config-1.0.1.jar:/home/user/.m2/repository/org/apache/kerby/kerb-core/1.0.1/kerb-core-1.0.1.jar:/home/user/.m2/repository/org/apache/kerby/kerby-pkix/1.0.1/kerby-pkix-1.0.1.jar:/home/user/.m2/repository/org/apache/kerby/kerby-asn1/1.0.1/kerby-asn1-1.0.1.jar:/home/user/.m2/repository/org/apache/kerby/kerby-util/1.0.1/kerby-util-1.0.1.jar:/home/user/.m2/repository/org/apache/kerby/kerb-common/1.0.1/kerb-common-1.0.1.jar:/home/user/.m2/repository/org/apache/kerby/kerb-crypto/1.0.1/kerb-crypto-1.0.1.jar:/home/user/.m2/repository/org/apache/kerby/kerb-util/1.0.1/kerb-util-1.0.1.jar:/home/user/.m2/repository/org/apache/kerby/token-provider/1.0.1/token-provider-1.0.1.jar:/home/user/.m2/repository/org/apache/kerby/kerb-admin/1.0.1/kerb-admin-1.0.1.jar:/home/user/.m2/repository/org/apache/kerby/kerb-server/1.0.1/kerb-server-1.0.1.jar:/home/user/.m2/repository/org/apache/kerby/kerb-identity/1.0.1/kerb-identity-1.0.1.jar:/home/user/.m2/repository/org/apache/kerby/kerby-xdr/1.0.1/kerby-xdr-1.0.1.jar:/home/user/.m2/repository/org/slf4j/slf4j-log4j12/1.7.25/slf4j-log4j12-1.7.25.jar:/home/user/.m2/repository/org/apache/hadoop/hadoop-ozone-s3gateway/0.5.0-SNAPSHOT/hadoop-ozone-s3gateway-0.5.0-SNAPSHOT.jar:/home/user/.m2/repository/org/jboss/weld/servlet/weld-servlet/2.4.7.Final/weld-servlet-2.4.7.Final.jar:/home/user/.m2/repository/org/glassfish/jersey/containers/jersey-container-servlet-core/2.27/jersey-container-servlet-core-2.27.jar:/home/user/.m2/repository/org/glassfish/hk2/external/javax.inject/2.5.0-b42/javax.inject-2.5.0-b42.jar:/home/user/.m2/repository/org/glassfish/jersey/core/jersey-common/2.27/jersey-common-2.27.jar:/home/user/.m2/repository/org/glassfish/hk2/osgi-resource-locator/1.0.1/osgi-resource-locator-1.0.1.jar:/home/user/.m2/repository/javax/ws/rs/javax.ws.rs-api/2.1/javax.ws.rs-api-2.1.jar:/home/user/.m2/repository/org/glassfish/jersey/ext/cdi/jersey-cdi1x/2.27/jersey-cdi1x-2.27.jar:/home/user/.m2/repository/org/glassfish/jersey/inject/jersey-hk2/2.27/jersey-hk2-2.27.jar:/home/user/.m2/repository/org/glassfish/hk2/hk2-locator/2.5.0-b42/hk2-locator-2.5.0-b42.jar:/home/user/.m2/repository/org/javassist/javassist/3.22.0-CR2/javassist-3.22.0-CR2.jar:/home/user/.m2/repository/org/glassfish/hk2/hk2-api/2.5.0/hk2-api-2.5.0.jar:/home/user/.m2/repository/org/glassfish/hk2/external/jakarta.inject/2.5.0/jakarta.inject-2.5.0.jar:/home/user/.m2/repository/org/glassfish/hk2/hk2-utils/2.5.0/hk2-utils-2.5.0.jar:/home/user/.m2/repository/jakarta/annotation/jakarta.annotation-api/1.3.4/jakarta.annotation-api-1.3.4.jar:/home/user/.m2/repository/org/glassfish/hk2/external/aopalliance-repackaged/2.5.0/aopalliance-repackaged-2.5.0.jar:/home/user/.m2/repository/com/fasterxml/jackson/dataformat/jackson-dataformat-xml/2.9.0/jackson-dataformat-xml-2.9.0.jar:/home/user/.m2/repository/com/fasterxml/jackson/core/jackson-core/2.9.5/jackson-core-2.9.5.jar:/home/user/.m2/repository/com/fasterxml/jackson/module/jackson-module-jaxb-annotations/2.9.5/jackson-module-jaxb-annotations-2.9.5.jar:/home/user/.m2/repository/javax/enterprise/cdi-api/1.2/cdi-api-1.2.jar:/home/user/.m2/repository/javax/el/javax.el-api/3.0.0/javax.el-api-3.0.0.jar:/home/user/.m2/repository/javax/interceptor/javax.interceptor-api/1.2/javax.interceptor-api-1.2.jar:/home/user/.m2/repository/javax/inject/javax.inject/1/javax.inject-1.jar:/home/user/.m2/repository/com/sun/xml/bind/jaxb-impl/2.3.0.1/jaxb-impl-2.3.0.1.jar:/home/user/.m2/repository/com/sun/xml/bind/jaxb-core/2.3.0.1/jaxb-core-2.3.0.1.jar:/home/user/.m2/repository/javax/xml/bind/jaxb-api/2.3.0/jaxb-api-2.3.0.jar:/home/user/.m2/repository/javax/activation/activation/1.1.1/activation-1.1.1.jar:/home/user/.m2/repository/org/apache/hadoop/hadoop-ozone-csi/0.5.0-SNAPSHOT/hadoop-ozone-csi-0.5.0-SNAPSHOT.jar:/home/user/.m2/repository/com/google/protobuf/protobuf-java-util/3.5.1/protobuf-java-util-3.5.1.jar:/home/user/.m2/repository/org/apache/hadoop/hadoop-hdds-config/0.5.0-SNAPSHOT/hadoop-hdds-config-0.5.0-SNAPSHOT.jar:/home/user/.m2/repository/io/grpc/grpc-netty/1.17.1/grpc-netty-1.17.1.jar:/home/user/.m2/repository/io/grpc/grpc-core/1.17.1/grpc-core-1.17.1.jar:/home/user/.m2/repository/io/grpc/grpc-context/1.17.1/grpc-context-1.17.1.jar:/home/user/.m2/repository/com/google/errorprone/error_prone_annotations/2.2.0/error_prone_annotations-2.2.0.jar:/home/user/.m2/repository/org/codehaus/mojo/animal-sniffer-annotations/1.17/animal-sniffer-annotations-1.17.jar:/home/user/.m2/repository/io/opencensus/opencensus-api/0.17.0/opencensus-api-0.17.0.jar:/home/user/.m2/repository/io/opencensus/opencensus-contrib-grpc-metrics/0.17.0/opencensus-contrib-grpc-metrics-0.17.0.jar:/home/user/.m2/repository/io/netty/netty-codec-http2/4.1.30.Final/netty-codec-http2-4.1.30.Final.jar:/home/user/.m2/repository/io/netty/netty-codec-http/4.1.30.Final/netty-codec-http-4.1.30.Final.jar:/home/user/.m2/repository/io/netty/netty-codec/4.1.30.Final/netty-codec-4.1.30.Final.jar:/home/user/.m2/repository/io/netty/netty-handler/4.1.30.Final/netty-handler-4.1.30.Final.jar:/home/user/.m2/repository/io/netty/netty-handler-proxy/4.1.30.Final/netty-handler-proxy-4.1.30.Final.jar:/home/user/.m2/repository/io/netty/netty-codec-socks/4.1.30.Final/netty-codec-socks-4.1.30.Final.jar:/home/user/.m2/repository/io/netty/netty-transport-native-epoll/4.1.30.Final/netty-transport-native-epoll-4.1.30.Final.jar:/home/user/.m2/repository/io/netty/netty-common/4.1.30.Final/netty-common-4.1.30.Final.jar:/home/user/.m2/repository/io/netty/netty-buffer/4.1.30.Final/netty-buffer-4.1.30.Final.jar:/home/user/.m2/repository/io/netty/netty-transport/4.1.30.Final/netty-transport-4.1.30.Final.jar:/home/user/.m2/repository/io/netty/netty-resolver/4.1.30.Final/netty-resolver-4.1.30.Final.jar:/home/user/.m2/repository/io/netty/netty-transport-native-unix-common/4.1.30.Final/netty-transport-native-unix-common-4.1.30.Final.jar:/home/user/.m2/repository/io/grpc/grpc-protobuf/1.17.1/grpc-protobuf-1.17.1.jar:/home/user/.m2/repository/com/google/api/grpc/proto-google-common-protos/1.0.0/proto-google-common-protos-1.0.0.jar:/home/user/.m2/repository/io/grpc/grpc-protobuf-lite/1.17.1/grpc-protobuf-lite-1.17.1.jar:/home/user/.m2/repository/io/grpc/grpc-stub/1.17.1/grpc-stub-1.17.1.jar:/home/user/.m2/repository/org/apache/hadoop/hadoop-ozone-recon/0.5.0-SNAPSHOT/hadoop-ozone-recon-0.5.0-SNAPSHOT.jar:/home/user/.m2/repository/org/apache/hadoop/hadoop-ozone-reconcodegen/0.5.0-SNAPSHOT/hadoop-ozone-reconcodegen-0.5.0-SNAPSHOT.jar:/home/user/.m2/repository/com/google/inject/extensions/guice-multibindings/4.0/guice-multibindings-4.0.jar:/home/user/.m2/repository/com/google/inject/guice/4.0/guice-4.0.jar:/home/user/.m2/repository/aopalliance/aopalliance/1.0/aopalliance-1.0.jar:/home/user/.m2/repository/com/google/inject/extensions/guice-servlet/4.0/guice-servlet-4.0.jar:/home/user/.m2/repository/org/glassfish/jersey/containers/jersey-container-servlet/2.27/jersey-container-servlet-2.27.jar:/home/user/.m2/repository/org/glassfish/hk2/guice-bridge/2.5.0/guice-bridge-2.5.0.jar:/home/user/.m2/repository/org/glassfish/jersey/core/jersey-server/2.27/jersey-server-2.27.jar:/home/user/.m2/repository/org/glassfish/jersey/core/jersey-client/2.27/jersey-client-2.27.jar:/home/user/.m2/repository/org/glassfish/jersey/media/jersey-media-jaxb/2.27/jersey-media-jaxb-2.27.jar:/home/user/.m2/repository/javax/validation/validation-api/1.1.0.Final/validation-api-1.1.0.Final.jar:/home/user/.m2/repository/org/glassfish/jersey/media/jersey-media-json-jackson/2.27/jersey-media-json-jackson-2.27.jar:/home/user/.m2/repository/org/glassfish/jersey/ext/jersey-entity-filtering/2.27/jersey-entity-filtering-2.27.jar:/home/user/.m2/repository/com/google/inject/extensions/guice-assistedinject/4.0/guice-assistedinject-4.0.jar:/home/user/.m2/repository/org/jooq/jooq/3.11.10/jooq-3.11.10.jar:/home/user/.m2/repository/org/jooq/jooq-meta/3.11.10/jooq-meta-3.11.10.jar:/home/user/.m2/repository/org/jooq/jooq-codegen/3.11.10/jooq-codegen-3.11.10.jar:/home/user/.m2/repository/com/jolbox/bonecp/0.8.0.RELEASE/bonecp-0.8.0.RELEASE.jar:/home/user/.m2/repository/org/xerial/sqlite-jdbc/3.25.2/sqlite-jdbc-3.25.2.jar:/home/user/.m2/repository/org/springframework/spring-jdbc/5.1.3.RELEASE/spring-jdbc-5.1.3.RELEASE.jar:/home/user/.m2/repository/org/springframework/spring-beans/5.1.3.RELEASE/spring-beans-5.1.3.RELEASE.jar:/home/user/.m2/repository/org/springframework/spring-core/5.1.3.RELEASE/spring-core-5.1.3.RELEASE.jar:/home/user/.m2/repository/org/springframework/spring-jcl/5.1.3.RELEASE/spring-jcl-5.1.3.RELEASE.jar:/home/user/.m2/repository/org/springframework/spring-tx/5.1.3.RELEASE/spring-tx-5.1.3.RELEASE.jar:/home/user/.m2/repository/org/apache/hadoop/hadoop-ozone-client/0.5.0-SNAPSHOT/hadoop-ozone-client-0.5.0-SNAPSHOT.jar:/home/user/.m2/repository/commons-lang/commons-lang/2.6/commons-lang-2.6.jar:/home/user/.m2/repository/org/apache/hadoop/hadoop-ozone-ozone-manager/0.5.0-SNAPSHOT/hadoop-ozone-ozone-manager-0.5.0-SNAPSHOT-tests.jar:/home/user/.m2/repository/junit/junit/4.11/junit-4.11.jar:/home/user/.m2/repository/org/hamcrest/hamcrest-core/1.3/hamcrest-core-1.3.jar:/home/user/.m2/repository/org/openjdk/jmh/jmh-core/1.19/jmh-core-1.19.jar:/home/user/.m2/repository/net/sf/jopt-simple/jopt-simple/4.6/jopt-simple-4.6.jar:/home/user/.m2/repository/org/apache/commons/commons-math3/3.1.1/commons-math3-3.1.1.jar:/home/user/.m2/repository/org/openjdk/jmh/jmh-generator-annprocess/1.19/jmh-generator-annprocess-1.19.jar:/home/user/.m2/repository/org/mockito/mockito-all/1.8.5/mockito-all-1.8.5.jar:/home/user/.m2/repository/org/apache/hadoop/hadoop-kms/3.2.0/hadoop-kms-3.2.0.jar:/home/user/.m2/repository/org/apache/hadoop/hadoop-auth/3.2.0/hadoop-auth-3.2.0.jar:/home/user/.m2/repository/com/nimbusds/nimbus-jose-jwt/4.41.1/nimbus-jose-jwt-4.41.1.jar:/home/user/.m2/repository/com/github/stephenc/jcip/jcip-annotations/1.0-1/jcip-annotations-1.0-1.jar:/home/user/.m2/repository/net/minidev/json-smart/2.3/json-smart-2.3.jar:/home/user/.m2/repository/net/minidev/accessors-smart/1.2/accessors-smart-1.2.jar:/home/user/.m2/repository/org/ow2/asm/asm/5.0.4/asm-5.0.4.jar:/home/user/.m2/repository/org/apache/curator/curator-framework/2.12.0/curator-framework-2.12.0.jar:/home/user/.m2/repository/com/sun/jersey/jersey-core/1.19/jersey-core-1.19.jar:/home/user/.m2/repository/javax/ws/rs/jsr311-api/1.1.1/jsr311-api-1.1.1.jar:/home/user/.m2/repository/com/sun/jersey/jersey-server/1.19/jersey-server-1.19.jar:/home/user/.m2/repository/javax/servlet/javax.servlet-api/3.1.0/javax.servlet-api-3.1.0.jar:/home/user/.m2/repository/org/eclipse/jetty/jetty-server/9.3.24.v20180605/jetty-server-9.3.24.v20180605.jar:/home/user/.m2/repository/org/eclipse/jetty/jetty-http/9.3.24.v20180605/jetty-http-9.3.24.v20180605.jar:/home/user/.m2/repository/org/eclipse/jetty/jetty-io/9.3.24.v20180605/jetty-io-9.3.24.v20180605.jar:/home/user/.m2/repository/org/eclipse/jetty/jetty-webapp/9.3.24.v20180605/jetty-webapp-9.3.24.v20180605.jar:/home/user/.m2/repository/org/eclipse/jetty/jetty-xml/9.3.24.v20180605/jetty-xml-9.3.24.v20180605.jar:/home/user/.m2/repository/log4j/log4j/1.2.17/log4j-1.2.17.jar:/home/user/.m2/repository/org/slf4j/slf4j-api/1.7.25/slf4j-api-1.7.25.jar:/home/user/.m2/repository/org/slf4j/jul-to-slf4j/1.7.25/jul-to-slf4j-1.7.25.jar:/home/user/.m2/repository/org/eclipse/jetty/jetty-util/9.3.24.v20180605/jetty-util-9.3.24.v20180605.jar:/home/user/.m2/repository/com/fasterxml/jackson/core/jackson-databind/2.9.5/jackson-databind-2.9.5.jar:/home/user/.m2/repository/org/apache/hadoop/hadoop-kms/3.2.0/hadoop-kms-3.2.0-tests.jar:/home/user/.m2/repository/org/apache/hadoop/hadoop-hdds-server-scm/0.5.0-SNAPSHOT/hadoop-hdds-server-scm-0.5.0-SNAPSHOT-tests.jar:/home/user/.m2/repository/org/apache/hadoop/hadoop-hdds-container-service/0.5.0-SNAPSHOT/hadoop-hdds-container-service-0.5.0-SNAPSHOT-tests.jar:/home/user/.m2/repository/org/yaml/snakeyaml/1.16/snakeyaml-1.16.jar:/home/user/.m2/repository/org/apache/hadoop/hadoop-common/3.2.0/hadoop-common-3.2.0-tests.jar:/home/user/.m2/repository/org/apache/hadoop/hadoop-annotations/3.2.0/hadoop-annotations-3.2.0.jar:/usr/lib/jvm/java-1.8-openjdk/jre/../lib/tools.jar:/home/user/.m2/repository/commons-cli/commons-cli/1.2/commons-cli-1.2.jar:/home/user/.m2/repository/org/apache/httpcomponents/httpclient/4.5.2/httpclient-4.5.2.jar:/home/user/.m2/repository/org/apache/httpcomponents/httpcore/4.4.4/httpcore-4.4.4.jar:/home/user/.m2/repository/commons-codec/commons-codec/1.11/commons-codec-1.11.jar:/home/user/.m2/repository/commons-net/commons-net/3.6/commons-net-3.6.jar:/home/user/.m2/repository/commons-collections/commons-collections/3.2.2/commons-collections-3.2.2.jar:/home/user/.m2/repository/org/eclipse/jetty/jetty-servlet/9.3.24.v20180605/jetty-servlet-9.3.24.v20180605.jar:/home/user/.m2/repository/org/eclipse/jetty/jetty-security/9.3.24.v20180605/jetty-security-9.3.24.v20180605.jar:/home/user/.m2/repository/javax/servlet/jsp/jsp-api/2.1/jsp-api-2.1.jar:/home/user/.m2/repository/com/sun/jersey/jersey-servlet/1.19/jersey-servlet-1.19.jar:/home/user/.m2/repository/com/sun/jersey/jersey-json/1.19/jersey-json-1.19.jar:/home/user/.m2/repository/org/codehaus/jettison/jettison/1.1/jettison-1.1.jar:/home/user/.m2/repository/org/codehaus/jackson/jackson-core-asl/1.9.13/jackson-core-asl-1.9.13.jar:/home/user/.m2/repository/org/codehaus/jackson/jackson-mapper-asl/1.9.13/jackson-mapper-asl-1.9.13.jar:/home/user/.m2/repository/org/codehaus/jackson/jackson-jaxrs/1.9.13/jackson-jaxrs-1.9.13.jar:/home/user/.m2/repository/org/codehaus/jackson/jackson-xc/1.9.13/jackson-xc-1.9.13.jar:/home/user/.m2/repository/commons-logging/commons-logging/1.1.3/commons-logging-1.1.3.jar:/home/user/.m2/repository/commons-beanutils/commons-beanutils/1.9.3/commons-beanutils-1.9.3.jar:/home/user/.m2/repository/org/apache/commons/commons-configuration2/2.1.1/commons-configuration2-2.1.1.jar:/home/user/.m2/repository/org/apache/commons/commons-lang3/3.7/commons-lang3-3.7.jar:/home/user/.m2/repository/org/apache/commons/commons-text/1.4/commons-text-1.4.jar:/home/user/.m2/repository/org/apache/avro/avro/1.7.7/avro-1.7.7.jar:/home/user/.m2/repository/com/thoughtworks/paranamer/paranamer/2.3/paranamer-2.3.jar:/home/user/.m2/repository/org/xerial/snappy/snappy-java/1.0.5/snappy-java-1.0.5.jar:/home/user/.m2/repository/com/google/re2j/re2j/1.1/re2j-1.1.jar:/home/user/.m2/repository/com/google/code/gson/gson/2.2.4/gson-2.2.4.jar:/home/user/.m2/repository/com/jcraft/jsch/0.1.54/jsch-0.1.54.jar:/home/user/.m2/repository/org/apache/curator/curator-client/2.12.0/curator-client-2.12.0.jar:/home/user/.m2/repository/org/apache/curator/curator-recipes/2.12.0/curator-recipes-2.12.0.jar:/home/user/.m2/repository/com/google/code/findbugs/jsr305/3.0.0/jsr305-3.0.0.jar:/home/user/.m2/repository/org/apache/htrace/htrace-core4/4.1.0-incubating/htrace-core4-4.1.0-incubating.jar:/home/user/.m2/repository/org/apache/zookeeper/zookeeper/3.4.13/zookeeper-3.4.13.jar:/home/user/.m2/repository/org/apache/yetus/audience-annotations/0.5.0/audience-annotations-0.5.0.jar:/home/user/.m2/repository/org/codehaus/woodstox/stax2-api/3.1.4/stax2-api-3.1.4.jar:/home/user/.m2/repository/com/fasterxml/woodstox/woodstox-core/5.0.3/woodstox-core-5.0.3.jar:/home/user/.m2/repository/dnsjava/dnsjava/2.1.7/dnsjava-2.1.7.jar:/home/user/.m2/repository/org/apache/hadoop/hadoop-hdfs/3.2.0/hadoop-hdfs-3.2.0-tests.jar:/home/user/.m2/repository/org/eclipse/jetty/jetty-util-ajax/9.3.24.v20180605/jetty-util-ajax-9.3.24.v20180605.jar:/home/user/.m2/repository/commons-daemon/commons-daemon/1.0.13/commons-daemon-1.0.13.jar:/home/user/.m2/repository/io/netty/netty/3.10.5.Final/netty-3.10.5.Final.jar:/home/user/.m2/repository/io/netty/netty-all/4.0.52.Final/netty-all-4.0.52.Final.jar:/home/user/.m2/repository/org/fusesource/leveldbjni/leveldbjni-all/1.8/leveldbjni-all-1.8.jar:"/>
    <property name="sun.cpu.endian" value="little"/>
    <property name="user.home" value="/home/user"/>
    <property name="user.language" value="en"/>
    <property name="java.specification.vendor" value="Oracle Corporation"/>
    <property name="java.home" value="/usr/lib/jvm/java-1.8-openjdk/jre"/>
    <property name="java.security.krb5.conf" value="/workdir/hadoop-ozone/integration-test/target/test-classes/krb5.conf"/>
    <property name="basedir" value="/workdir/hadoop-ozone/integration-test"/>
    <property name="file.separator" value="/"/>
    <property name="line.separator" value="&#10;"/>
    <property name="java.vm.specification.vendor" value="Oracle Corporation"/>
    <property name="java.specification.name" value="Java Platform API Specification"/>
    <property name="java.awt.graphicsenv" value="sun.awt.X11GraphicsEnvironment"/>
    <property name="surefire.real.class.path" value="/workdir/hadoop-ozone/integration-test/target/surefire/surefirebooter2437174791127990631.jar"/>
    <property name="hadoop.log.dir" value="/workdir/hadoop-ozone/integration-test/target/log"/>
    <property name="sun.boot.class.path" value="/usr/lib/jvm/java-1.8-openjdk/jre/lib/resources.jar:/usr/lib/jvm/java-1.8-openjdk/jre/lib/rt.jar:/usr/lib/jvm/java-1.8-openjdk/jre/lib/sunrsasign.jar:/usr/lib/jvm/java-1.8-openjdk/jre/lib/jsse.jar:/usr/lib/jvm/java-1.8-openjdk/jre/lib/jce.jar:/usr/lib/jvm/java-1.8-openjdk/jre/lib/charsets.jar:/usr/lib/jvm/java-1.8-openjdk/jre/lib/jfr.jar:/usr/lib/jvm/java-1.8-openjdk/jre/classes"/>
    <property name="sun.management.compiler" value="HotSpot 64-Bit Tiered Compilers"/>
    <property name="java.runtime.version" value="1.8.0_212-b04"/>
    <property name="java.net.preferIPv4Stack" value="true"/>
    <property name="user.name" value="jenkins1000"/>
    <property name="path.separator" value=":"/>
    <property name="java.security.egd" value="file:///dev/urandom"/>
    <property name="os.version" value="3.10.0-957.12.2.el7.x86_64"/>
    <property name="java.endorsed.dirs" value="/usr/lib/jvm/java-1.8-openjdk/jre/lib/endorsed"/>
    <property name="java.runtime.name" value="OpenJDK Runtime Environment"/>
    <property name="file.encoding" value="UTF-8"/>
    <property name="java.vm.name" value="OpenJDK 64-Bit Server VM"/>
    <property name="test.build.webapps" value=""/>
    <property name="localRepository" value="/home/user/.m2/repository"/>
    <property name="java.vendor.url.bug" value="https://icedtea.classpath.org/bugzilla"/>
    <property name="java.io.tmpdir" value="/tmp"/>
    <property name="require.test.libhadoop" value=""/>
    <property name="java.version" value="1.8.0_212"/>
    <property name="user.dir" value="/workdir/hadoop-ozone/integration-test"/>
    <property name="os.arch" value="amd64"/>
    <property name="java.vm.specification.name" value="Java Virtual Machine Specification"/>
    <property name="test.build.classes" value="/workdir/hadoop-ozone/integration-test/target/test-classes"/>
    <property name="java.awt.printerjob" value="sun.print.PSPrinterJob"/>
    <property name="sun.os.patch.level" value="unknown"/>
    <property name="hadoop.tmp.dir" value="/workdir/hadoop-ozone/integration-test/target/tmp"/>
    <property name="java.library.path" value="/usr/lib/jvm/java-1.8-openjdk/jre/lib/amd64/server:/usr/lib/jvm/java-1.8-openjdk/jre/lib/amd64:/usr/lib/jvm/java-1.8-openjdk/jre/../lib/amd64:/workdir/hadoop-ozone/integration-test/target/native/target/usr/local/lib:/workdir/hadoop-ozone/integration-test/../../hadoop-common-project/hadoop-common/target/native/target/usr/local/lib:/usr/java/packages/lib/amd64:/usr/lib64:/lib64:/lib:/usr/lib"/>
    <property name="java.vm.info" value="mixed mode"/>
    <property name="java.vendor" value="IcedTea"/>
    <property name="java.vm.version" value="25.212-b04"/>
    <property name="java.ext.dirs" value="/usr/lib/jvm/java-1.8-openjdk/jre/lib/ext:/usr/java/packages/lib/ext"/>
    <property name="sun.io.unicode.encoding" value="UnicodeLittle"/>
    <property name="java.class.version" value="52.0"/>
  </properties>
  <testcase name="testBlockDeletion" classname="org.apache.hadoop.ozone.container.common.statemachine.commandhandler.TestBlockDeletion" time="75.687">
    <failure message="expected null, but was:&lt;[B@332bcab0&gt;" type="java.lang.AssertionError"><![CDATA[java.lang.AssertionError: expected null, but was:<[B@332bcab0>
	at org.junit.Assert.fail(Assert.java:88)
	at org.junit.Assert.failNotNull(Assert.java:664)
	at org.junit.Assert.assertNull(Assert.java:646)
	at org.junit.Assert.assertNull(Assert.java:656)
	at org.apache.hadoop.ozone.container.common.statemachine.commandhandler.TestBlockDeletion.lambda$verifyBlocksDeleted$5(TestBlockDeletion.java:334)
	at org.apache.hadoop.ozone.OzoneTestUtils.performOperationOnKeyContainers(OzoneTestUtils.java:96)
	at org.apache.hadoop.ozone.container.common.statemachine.commandhandler.TestBlockDeletion.verifyBlocksDeleted(TestBlockDeletion.java:328)
	at org.apache.hadoop.ozone.container.common.statemachine.commandhandler.TestBlockDeletion.testBlockDeletion(TestBlockDeletion.java:188)
	at sun.reflect.NativeMethodAccessorImpl.invoke0(Native Method)
	at sun.reflect.NativeMethodAccessorImpl.invoke(NativeMethodAccessorImpl.java:62)
	at sun.reflect.DelegatingMethodAccessorImpl.invoke(DelegatingMethodAccessorImpl.java:43)
	at java.lang.reflect.Method.invoke(Method.java:498)
	at org.junit.runners.model.FrameworkMethod$1.runReflectiveCall(FrameworkMethod.java:47)
	at org.junit.internal.runners.model.ReflectiveCallable.run(ReflectiveCallable.java:12)
	at org.junit.runners.model.FrameworkMethod.invokeExplosively(FrameworkMethod.java:44)
	at org.junit.internal.runners.statements.InvokeMethod.evaluate(InvokeMethod.java:17)
	at org.junit.runners.ParentRunner.runLeaf(ParentRunner.java:271)
	at org.junit.runners.BlockJUnit4ClassRunner.runChild(BlockJUnit4ClassRunner.java:70)
	at org.junit.runners.BlockJUnit4ClassRunner.runChild(BlockJUnit4ClassRunner.java:50)
	at org.junit.runners.ParentRunner$3.run(ParentRunner.java:238)
	at org.junit.runners.ParentRunner$1.schedule(ParentRunner.java:63)
	at org.junit.runners.ParentRunner.runChildren(ParentRunner.java:236)
	at org.junit.runners.ParentRunner.access$000(ParentRunner.java:53)
	at org.junit.runners.ParentRunner$2.evaluate(ParentRunner.java:229)
	at org.junit.internal.runners.statements.RunBefores.evaluate(RunBefores.java:26)
	at org.junit.runners.ParentRunner.run(ParentRunner.java:309)
	at org.apache.maven.surefire.junit4.JUnit4Provider.execute(JUnit4Provider.java:365)
	at org.apache.maven.surefire.junit4.JUnit4Provider.executeWithRerun(JUnit4Provider.java:273)
	at org.apache.maven.surefire.junit4.JUnit4Provider.executeTestSet(JUnit4Provider.java:238)
	at org.apache.maven.surefire.junit4.JUnit4Provider.invoke(JUnit4Provider.java:159)
	at org.apache.maven.surefire.booter.ForkedBooter.invokeProviderInSameClassLoader(ForkedBooter.java:384)
	at org.apache.maven.surefire.booter.ForkedBooter.runSuitesInProcess(ForkedBooter.java:345)
	at org.apache.maven.surefire.booter.ForkedBooter.execute(ForkedBooter.java:126)
	at org.apache.maven.surefire.booter.ForkedBooter.main(ForkedBooter.java:418)
]]></failure>
    <system-out><![CDATA[2019-09-10 22:11:29,106 [main] WARN  server.ServerUtils (ServerUtils.java:getScmDbDir(145)) - ozone.scm.db.dirs is not configured. We recommend adding this setting. Falling back to ozone.metadata.dirs instead.
2019-09-10 22:11:29,199 [main] WARN  server.ServerUtils (ServerUtils.java:getScmDbDir(145)) - ozone.scm.db.dirs is not configured. We recommend adding this setting. Falling back to ozone.metadata.dirs instead.
2019-09-10 22:11:29,202 [main] WARN  server.ServerUtils (ServerUtils.java:getScmDbDir(145)) - ozone.scm.db.dirs is not configured. We recommend adding this setting. Falling back to ozone.metadata.dirs instead.
2019-09-10 22:11:29,218 [main] INFO  util.log (Log.java:initialized(192)) - Logging initialized @920ms
2019-09-10 22:11:29,322 [main] INFO  db.DBStoreBuilder (DBStoreBuilder.java:addTable(110)) - using custom profile for table: deletedBlocks
2019-09-10 22:11:29,322 [main] INFO  db.DBStoreBuilder (DBStoreBuilder.java:processTables(161)) - Using default column profile:DBProfile.DISK for Table:deletedBlocks
2019-09-10 22:11:29,323 [main] INFO  db.DBStoreBuilder (DBStoreBuilder.java:addTable(110)) - using custom profile for table: validCerts
2019-09-10 22:11:29,323 [main] INFO  db.DBStoreBuilder (DBStoreBuilder.java:processTables(161)) - Using default column profile:DBProfile.DISK for Table:validCerts
2019-09-10 22:11:29,323 [main] INFO  db.DBStoreBuilder (DBStoreBuilder.java:addTable(110)) - using custom profile for table: revokedCerts
2019-09-10 22:11:29,323 [main] INFO  db.DBStoreBuilder (DBStoreBuilder.java:processTables(161)) - Using default column profile:DBProfile.DISK for Table:revokedCerts
2019-09-10 22:11:29,335 [main] INFO  db.DBStoreBuilder (DBStoreBuilder.java:addTable(110)) - using custom profile for table: default
2019-09-10 22:11:29,335 [main] INFO  db.DBStoreBuilder (DBStoreBuilder.java:processTables(167)) - Using default column profile:DBProfile.DISK for Table:default
2019-09-10 22:11:29,336 [main] INFO  db.DBStoreBuilder (DBStoreBuilder.java:getDbProfile(198)) - Using default options. DBProfile.DISK
2019-09-10 22:11:29,551 [main] INFO  net.NodeSchemaLoader (NodeSchemaLoader.java:loadSchemaFromFile(125)) - Loading file from sun.misc.CompoundEnumeration@3e694b3f
2019-09-10 22:11:29,553 [main] INFO  net.NodeSchemaLoader (NodeSchemaLoader.java:loadSchema(171)) - Loading network topology layer schema file
2019-09-10 22:11:29,630 [main] INFO  node.SCMNodeManager (SCMNodeManager.java:<init>(114)) - Entering startup safe mode.
2019-09-10 22:11:29,703 [main] INFO  algorithms.ContainerPlacementPolicyFactory (ContainerPlacementPolicyFactory.java:getPolicy(55)) - Create container placement policy of type org.apache.hadoop.hdds.scm.container.placement.algorithms.SCMContainerPlacementRandom
2019-09-10 22:11:29,717 [main] WARN  server.ServerUtils (ServerUtils.java:getScmDbDir(145)) - ozone.scm.db.dirs is not configured. We recommend adding this setting. Falling back to ozone.metadata.dirs instead.
2019-09-10 22:11:29,795 [main] INFO  pipeline.SCMPipelineManager (SCMPipelineManager.java:initializePipelineState(128)) - No pipeline exists in current db
2019-09-10 22:11:29,797 [main] WARN  server.ServerUtils (ServerUtils.java:getScmDbDir(145)) - ozone.scm.db.dirs is not configured. We recommend adding this setting. Falling back to ozone.metadata.dirs instead.
2019-09-10 22:11:29,889 [main] WARN  events.EventQueue (EventQueue.java:fireEvent(183)) - No event handler registered for event TypedEvent{payloadType=SafeModeStatus, name='SafeModeStatus'}
2019-09-10 22:11:30,220 [main] INFO  ipc.CallQueueManager (CallQueueManager.java:<init>(84)) - Using callQueue: class java.util.concurrent.LinkedBlockingQueue, queueCapacity: 2000, scheduler: class org.apache.hadoop.ipc.DefaultRpcScheduler, ipcBackoff: false.
2019-09-10 22:11:30,247 [Socket Reader #1 for port 46662] INFO  ipc.Server (Server.java:run(1074)) - Starting Socket Reader #1 for port 46662
2019-09-10 22:11:30,383 [main] INFO  ipc.CallQueueManager (CallQueueManager.java:<init>(84)) - Using callQueue: class java.util.concurrent.LinkedBlockingQueue, queueCapacity: 2000, scheduler: class org.apache.hadoop.ipc.DefaultRpcScheduler, ipcBackoff: false.
2019-09-10 22:11:30,384 [Socket Reader #1 for port 41799] INFO  ipc.Server (Server.java:run(1074)) - Starting Socket Reader #1 for port 41799
2019-09-10 22:11:30,396 [main] INFO  ipc.CallQueueManager (CallQueueManager.java:<init>(84)) - Using callQueue: class java.util.concurrent.LinkedBlockingQueue, queueCapacity: 2000, scheduler: class org.apache.hadoop.ipc.DefaultRpcScheduler, ipcBackoff: false.
2019-09-10 22:11:30,397 [Socket Reader #1 for port 37355] INFO  ipc.Server (Server.java:run(1074)) - Starting Socket Reader #1 for port 37355
2019-09-10 22:11:30,422 [main] INFO  hdfs.DFSUtil (DFSUtil.java:httpServerTemplateForNNAndJN(1641)) - Starting Web-server for scm at: http://0.0.0.0:0
2019-09-10 22:11:30,577 [main] INFO  server.AuthenticationFilter (AuthenticationFilter.java:constructSecretProvider(240)) - Unable to initialize FileSignerSecretProvider, falling back to use random secrets.
2019-09-10 22:11:30,585 [main] WARN  http.HttpRequestLog (HttpRequestLog.java:getRequestLog(97)) - Jetty request log can only be enabled using Log4j
2019-09-10 22:11:30,593 [main] INFO  http.HttpServer2 (HttpServer2.java:addGlobalFilter(975)) - Added global filter 'safety' (class=org.apache.hadoop.http.HttpServer2$QuotingInputFilter)
2019-09-10 22:11:30,596 [main] INFO  http.HttpServer2 (HttpServer2.java:addFilter(948)) - Added filter static_user_filter (class=org.apache.hadoop.http.lib.StaticUserWebFilter$StaticUserFilter) to context scm
2019-09-10 22:11:30,596 [main] INFO  http.HttpServer2 (HttpServer2.java:addFilter(958)) - Added filter static_user_filter (class=org.apache.hadoop.http.lib.StaticUserWebFilter$StaticUserFilter) to context static
2019-09-10 22:11:30,596 [main] INFO  http.HttpServer2 (HttpServer2.java:addFilter(958)) - Added filter static_user_filter (class=org.apache.hadoop.http.lib.StaticUserWebFilter$StaticUserFilter) to context logs
2019-09-10 22:11:30,626 [main] INFO  server.StorageContainerManager (StorageContainerManager.java:start(759)) - StorageContainerLocationProtocol RPC server is listening at /0.0.0.0:37355
2019-09-10 22:11:30,699 [main] WARN  impl.MetricsConfig (MetricsConfig.java:loadFirst(134)) - Cannot locate configuration: tried hadoop-metrics2-storagecontainermanager.properties,hadoop-metrics2.properties
2019-09-10 22:11:30,717 [main] INFO  impl.MetricsSystemImpl (MetricsSystemImpl.java:startTimer(374)) - Scheduled Metric snapshot period at 10 second(s).
2019-09-10 22:11:30,718 [main] INFO  impl.MetricsSystemImpl (MetricsSystemImpl.java:start(191)) - StorageContainerManager metrics system started
2019-09-10 22:11:30,947 [main] INFO  server.SCMClientProtocolServer (SCMClientProtocolServer.java:start(151)) - RPC server for Client  is listening at /0.0.0.0:37355
2019-09-10 22:11:30,947 [IPC Server Responder] INFO  ipc.Server (Server.java:run(1314)) - IPC Server Responder: starting
2019-09-10 22:11:30,948 [IPC Server listener on 37355] INFO  ipc.Server (Server.java:run(1153)) - IPC Server listener on 37355: starting
2019-09-10 22:11:30,950 [main] INFO  server.StorageContainerManager (StorageContainerManager.java:start(769)) - ScmBlockLocationProtocol RPC server is listening at /0.0.0.0:41799
2019-09-10 22:11:30,951 [main] INFO  server.SCMBlockProtocolServer (SCMBlockProtocolServer.java:start(146)) - RPC server for Block Protocol is listening at /0.0.0.0:41799
2019-09-10 22:11:30,952 [IPC Server Responder] INFO  ipc.Server (Server.java:run(1314)) - IPC Server Responder: starting
2019-09-10 22:11:30,953 [IPC Server listener on 41799] INFO  ipc.Server (Server.java:run(1153)) - IPC Server listener on 41799: starting
2019-09-10 22:11:30,962 [main] INFO  server.StorageContainerManager (StorageContainerManager.java:start(773)) - ScmDatanodeProtocl RPC server is listening at /0.0.0.0:46662
2019-09-10 22:11:30,962 [main] INFO  server.SCMDatanodeProtocolServer (SCMDatanodeProtocolServer.java:start(191)) - RPC server for DataNodes is listening at /0.0.0.0:46662
2019-09-10 22:11:30,964 [IPC Server Responder] INFO  ipc.Server (Server.java:run(1314)) - IPC Server Responder: starting
2019-09-10 22:11:30,964 [IPC Server listener on 46662] INFO  ipc.Server (Server.java:run(1153)) - IPC Server listener on 46662: starting
2019-09-10 22:11:30,976 [main] INFO  http.HttpServer2 (HttpServer2.java:bindListener(1191)) - Jetty bound to port 36768
2019-09-10 22:11:30,979 [main] INFO  server.Server (Server.java:doStart(351)) - jetty-9.3.24.v20180605, build timestamp: 2018-06-05T17:11:56Z, git hash: 84205aa28f11a4f31f2a3b86d1bba2cc8ab69827
2019-09-10 22:11:31,032 [main] INFO  handler.ContextHandler (ContextHandler.java:doStart(781)) - Started o.e.j.s.ServletContextHandler@45815ffc{/logs,file:///workdir/hadoop-ozone/integration-test/target/log,AVAILABLE}
2019-09-10 22:11:31,034 [main] INFO  handler.ContextHandler (ContextHandler.java:doStart(781)) - Started o.e.j.s.ServletContextHandler@d3957fe{/static,file:///workdir/hadoop-ozone/integration-test/target/test-classes/webapps/static,AVAILABLE}
2019-09-10 22:11:31,084 [main] INFO  handler.ContextHandler (ContextHandler.java:doStart(781)) - Started o.e.j.w.WebAppContext@4cc547a{/,file:///workdir/hadoop-ozone/integration-test/target/test-classes/webapps/scm/,AVAILABLE}{/scm}
2019-09-10 22:11:31,092 [main] INFO  server.AbstractConnector (AbstractConnector.java:doStart(278)) - Started ServerConnector@3574e198{HTTP/1.1,[http/1.1]}{0.0.0.0:36768}
2019-09-10 22:11:31,092 [main] INFO  server.Server (Server.java:doStart(419)) - Started @2795ms
2019-09-10 22:11:31,095 [main] INFO  impl.MetricsSinkAdapter (MetricsSinkAdapter.java:start(204)) - Sink prometheus started
2019-09-10 22:11:31,095 [main] INFO  impl.MetricsSystemImpl (MetricsSystemImpl.java:registerSink(301)) - Registered sink prometheus
2019-09-10 22:11:31,098 [main] INFO  server.BaseHttpServer (BaseHttpServer.java:updateConnectorAddress(215)) - HTTP server of SCM is listening at http://0.0.0.0:36768
2019-09-10 22:11:31,104 [org.apache.hadoop.util.JvmPauseMonitor$Monitor@67427b69] INFO  util.JvmPauseMonitor (JvmPauseMonitor.java:run(188)) - Starting JVM pause monitor
2019-09-10 22:11:31,104 [SCMBlockDeletingService#1] DEBUG block.SCMBlockDeletingService (SCMBlockDeletingService.java:call(138)) - Running DeletedBlockTransactionScanner
2019-09-10 22:11:31,106 [main] WARN  server.ServerUtils (ServerUtils.java:getDBPath(222)) - ozone.om.db.dirs is not configured. We recommend adding this setting. Falling back to ozone.metadata.dirs instead.
2019-09-10 22:11:31,113 [SCMBlockDeletingService#1] DEBUG block.SCMBlockDeletingService (SCMBlockDeletingService.java:call(155)) - Scanned deleted blocks log and got 0 delTX to process.
2019-09-10 22:11:31,208 [main] WARN  server.ServerUtils (ServerUtils.java:getDBPath(222)) - ozone.om.db.dirs is not configured. We recommend adding this setting. Falling back to ozone.metadata.dirs instead.
2019-09-10 22:11:31,209 [main] WARN  server.ServerUtils (ServerUtils.java:getDBPath(222)) - ozone.om.db.dirs is not configured. We recommend adding this setting. Falling back to ozone.metadata.dirs instead.
2019-09-10 22:11:31,210 [main] INFO  om.OzoneManager (OzoneManager.java:setOMNodeDetails(649)) - OM Service ID is not set. Setting it to the default ID: omServiceIdDefault
2019-09-10 22:11:31,210 [main] INFO  om.OzoneManager (OzoneManager.java:setOMNodeDetails(655)) - OM Node ID is not set. Setting it to the OmStorage's OmID: 02370dce-1e70-44d6-8d1b-3dc9df55fa5e
2019-09-10 22:11:31,211 [main] INFO  om.OzoneManager (OzoneManager.java:loadOMHAConfigs(606)) - Found matching OM address with OMServiceId: null, OMNodeId: null, RPC Address: localhost:0 and Ratis port: 9872
2019-09-10 22:11:31,215 [SCMBlockDeletingService#1] DEBUG block.SCMBlockDeletingService (SCMBlockDeletingService.java:call(138)) - Running DeletedBlockTransactionScanner
2019-09-10 22:11:31,215 [SCMBlockDeletingService#1] DEBUG block.SCMBlockDeletingService (SCMBlockDeletingService.java:call(155)) - Scanned deleted blocks log and got 0 delTX to process.
2019-09-10 22:11:31,316 [SCMBlockDeletingService#0] DEBUG block.SCMBlockDeletingService (SCMBlockDeletingService.java:call(138)) - Running DeletedBlockTransactionScanner
2019-09-10 22:11:31,317 [SCMBlockDeletingService#0] DEBUG block.SCMBlockDeletingService (SCMBlockDeletingService.java:call(155)) - Scanned deleted blocks log and got 0 delTX to process.
2019-09-10 22:11:31,417 [SCMBlockDeletingService#0] DEBUG block.SCMBlockDeletingService (SCMBlockDeletingService.java:call(138)) - Running DeletedBlockTransactionScanner
2019-09-10 22:11:31,418 [SCMBlockDeletingService#0] DEBUG block.SCMBlockDeletingService (SCMBlockDeletingService.java:call(155)) - Scanned deleted blocks log and got 0 delTX to process.
2019-09-10 22:11:31,519 [SCMBlockDeletingService#0] DEBUG block.SCMBlockDeletingService (SCMBlockDeletingService.java:call(138)) - Running DeletedBlockTransactionScanner
2019-09-10 22:11:31,519 [SCMBlockDeletingService#0] DEBUG block.SCMBlockDeletingService (SCMBlockDeletingService.java:call(155)) - Scanned deleted blocks log and got 0 delTX to process.
2019-09-10 22:11:31,620 [SCMBlockDeletingService#0] DEBUG block.SCMBlockDeletingService (SCMBlockDeletingService.java:call(138)) - Running DeletedBlockTransactionScanner
2019-09-10 22:11:31,620 [SCMBlockDeletingService#0] DEBUG block.SCMBlockDeletingService (SCMBlockDeletingService.java:call(155)) - Scanned deleted blocks log and got 0 delTX to process.
2019-09-10 22:11:31,721 [SCMBlockDeletingService#0] DEBUG block.SCMBlockDeletingService (SCMBlockDeletingService.java:call(138)) - Running DeletedBlockTransactionScanner
2019-09-10 22:11:31,721 [SCMBlockDeletingService#0] DEBUG block.SCMBlockDeletingService (SCMBlockDeletingService.java:call(155)) - Scanned deleted blocks log and got 0 delTX to process.
2019-09-10 22:11:31,822 [SCMBlockDeletingService#0] DEBUG block.SCMBlockDeletingService (SCMBlockDeletingService.java:call(138)) - Running DeletedBlockTransactionScanner
2019-09-10 22:11:31,822 [SCMBlockDeletingService#0] DEBUG block.SCMBlockDeletingService (SCMBlockDeletingService.java:call(155)) - Scanned deleted blocks log and got 0 delTX to process.
2019-09-10 22:11:31,906 [main] WARN  server.ServerUtils (ServerUtils.java:getDBPath(222)) - ozone.om.db.dirs is not configured. We recommend adding this setting. Falling back to ozone.metadata.dirs instead.
2019-09-10 22:11:31,913 [main] INFO  db.DBStoreBuilder (DBStoreBuilder.java:addTable(110)) - using custom profile for table: userTable
2019-09-10 22:11:31,913 [main] INFO  db.DBStoreBuilder (DBStoreBuilder.java:processTables(161)) - Using default column profile:DBProfile.DISK for Table:userTable
2019-09-10 22:11:31,914 [main] INFO  db.DBStoreBuilder (DBStoreBuilder.java:addTable(110)) - using custom profile for table: volumeTable
2019-09-10 22:11:31,914 [main] INFO  db.DBStoreBuilder (DBStoreBuilder.java:processTables(161)) - Using default column profile:DBProfile.DISK for Table:volumeTable
2019-09-10 22:11:31,914 [main] INFO  db.DBStoreBuilder (DBStoreBuilder.java:addTable(110)) - using custom profile for table: bucketTable
2019-09-10 22:11:31,914 [main] INFO  db.DBStoreBuilder (DBStoreBuilder.java:processTables(161)) - Using default column profile:DBProfile.DISK for Table:bucketTable
2019-09-10 22:11:31,914 [main] INFO  db.DBStoreBuilder (DBStoreBuilder.java:addTable(110)) - using custom profile for table: keyTable
2019-09-10 22:11:31,915 [main] INFO  db.DBStoreBuilder (DBStoreBuilder.java:processTables(161)) - Using default column profile:DBProfile.DISK for Table:keyTable
2019-09-10 22:11:31,915 [main] INFO  db.DBStoreBuilder (DBStoreBuilder.java:addTable(110)) - using custom profile for table: deletedTable
2019-09-10 22:11:31,915 [main] INFO  db.DBStoreBuilder (DBStoreBuilder.java:processTables(161)) - Using default column profile:DBProfile.DISK for Table:deletedTable
2019-09-10 22:11:31,915 [main] INFO  db.DBStoreBuilder (DBStoreBuilder.java:addTable(110)) - using custom profile for table: openKeyTable
2019-09-10 22:11:31,915 [main] INFO  db.DBStoreBuilder (DBStoreBuilder.java:processTables(161)) - Using default column profile:DBProfile.DISK for Table:openKeyTable
2019-09-10 22:11:31,916 [main] INFO  db.DBStoreBuilder (DBStoreBuilder.java:addTable(110)) - using custom profile for table: s3Table
2019-09-10 22:11:31,916 [main] INFO  db.DBStoreBuilder (DBStoreBuilder.java:processTables(161)) - Using default column profile:DBProfile.DISK for Table:s3Table
2019-09-10 22:11:31,916 [main] INFO  db.DBStoreBuilder (DBStoreBuilder.java:addTable(110)) - using custom profile for table: multipartInfoTable
2019-09-10 22:11:31,916 [main] INFO  db.DBStoreBuilder (DBStoreBuilder.java:processTables(161)) - Using default column profile:DBProfile.DISK for Table:multipartInfoTable
2019-09-10 22:11:31,917 [main] INFO  db.DBStoreBuilder (DBStoreBuilder.java:addTable(110)) - using custom profile for table: dTokenTable
2019-09-10 22:11:31,917 [main] INFO  db.DBStoreBuilder (DBStoreBuilder.java:processTables(161)) - Using default column profile:DBProfile.DISK for Table:dTokenTable
2019-09-10 22:11:31,917 [main] INFO  db.DBStoreBuilder (DBStoreBuilder.java:addTable(110)) - using custom profile for table: s3SecretTable
2019-09-10 22:11:31,917 [main] INFO  db.DBStoreBuilder (DBStoreBuilder.java:processTables(161)) - Using default column profile:DBProfile.DISK for Table:s3SecretTable
2019-09-10 22:11:31,918 [main] INFO  db.DBStoreBuilder (DBStoreBuilder.java:addTable(110)) - using custom profile for table: prefixTable
2019-09-10 22:11:31,918 [main] INFO  db.DBStoreBuilder (DBStoreBuilder.java:processTables(161)) - Using default column profile:DBProfile.DISK for Table:prefixTable
2019-09-10 22:11:31,918 [main] INFO  db.DBStoreBuilder (DBStoreBuilder.java:addTable(110)) - using custom profile for table: default
2019-09-10 22:11:31,918 [main] INFO  db.DBStoreBuilder (DBStoreBuilder.java:processTables(167)) - Using default column profile:DBProfile.DISK for Table:default
2019-09-10 22:11:31,918 [main] INFO  db.DBStoreBuilder (DBStoreBuilder.java:getDbProfile(198)) - Using default options. DBProfile.DISK
2019-09-10 22:11:31,923 [SCMBlockDeletingService#0] DEBUG block.SCMBlockDeletingService (SCMBlockDeletingService.java:call(138)) - Running DeletedBlockTransactionScanner
2019-09-10 22:11:31,923 [SCMBlockDeletingService#0] DEBUG block.SCMBlockDeletingService (SCMBlockDeletingService.java:call(155)) - Scanned deleted blocks log and got 0 delTX to process.
2019-09-10 22:11:32,024 [SCMBlockDeletingService#0] DEBUG block.SCMBlockDeletingService (SCMBlockDeletingService.java:call(138)) - Running DeletedBlockTransactionScanner
2019-09-10 22:11:32,024 [SCMBlockDeletingService#0] DEBUG block.SCMBlockDeletingService (SCMBlockDeletingService.java:call(155)) - Scanned deleted blocks log and got 0 delTX to process.
2019-09-10 22:11:32,125 [SCMBlockDeletingService#0] DEBUG block.SCMBlockDeletingService (SCMBlockDeletingService.java:call(138)) - Running DeletedBlockTransactionScanner
2019-09-10 22:11:32,125 [SCMBlockDeletingService#0] DEBUG block.SCMBlockDeletingService (SCMBlockDeletingService.java:call(155)) - Scanned deleted blocks log and got 0 delTX to process.
2019-09-10 22:11:32,226 [SCMBlockDeletingService#1] DEBUG block.SCMBlockDeletingService (SCMBlockDeletingService.java:call(138)) - Running DeletedBlockTransactionScanner
2019-09-10 22:11:32,226 [SCMBlockDeletingService#1] DEBUG block.SCMBlockDeletingService (SCMBlockDeletingService.java:call(155)) - Scanned deleted blocks log and got 0 delTX to process.
2019-09-10 22:11:32,327 [SCMBlockDeletingService#1] DEBUG block.SCMBlockDeletingService (SCMBlockDeletingService.java:call(138)) - Running DeletedBlockTransactionScanner
2019-09-10 22:11:32,327 [SCMBlockDeletingService#1] DEBUG block.SCMBlockDeletingService (SCMBlockDeletingService.java:call(155)) - Scanned deleted blocks log and got 0 delTX to process.
2019-09-10 22:11:32,377 [main] INFO  ipc.CallQueueManager (CallQueueManager.java:<init>(84)) - Using callQueue: class java.util.concurrent.LinkedBlockingQueue, queueCapacity: 2000, scheduler: class org.apache.hadoop.ipc.DefaultRpcScheduler, ipcBackoff: false.
2019-09-10 22:11:32,378 [Socket Reader #1 for port 33202] INFO  ipc.Server (Server.java:run(1074)) - Starting Socket Reader #1 for port 33202
2019-09-10 22:11:32,400 [main] INFO  om.OzoneManager (OzoneManager.java:start(1240)) - OzoneManager RPC server is listening at localhost/127.0.0.1:33202
2019-09-10 22:11:32,400 [main] INFO  impl.MetricsSystemImpl (MetricsSystemImpl.java:init(158)) - OzoneManager metrics system started (again)
2019-09-10 22:11:32,401 [IPC Server Responder] INFO  ipc.Server (Server.java:run(1314)) - IPC Server Responder: starting
2019-09-10 22:11:32,401 [IPC Server listener on 33202] INFO  ipc.Server (Server.java:run(1153)) - IPC Server listener on 33202: starting
2019-09-10 22:11:32,405 [main] INFO  hdfs.DFSUtil (DFSUtil.java:httpServerTemplateForNNAndJN(1641)) - Starting Web-server for ozoneManager at: http://0.0.0.0:0
2019-09-10 22:11:32,407 [main] INFO  server.AuthenticationFilter (AuthenticationFilter.java:constructSecretProvider(240)) - Unable to initialize FileSignerSecretProvider, falling back to use random secrets.
2019-09-10 22:11:32,408 [main] WARN  http.HttpRequestLog (HttpRequestLog.java:getRequestLog(97)) - Jetty request log can only be enabled using Log4j
2019-09-10 22:11:32,412 [main] INFO  http.HttpServer2 (HttpServer2.java:addGlobalFilter(975)) - Added global filter 'safety' (class=org.apache.hadoop.http.HttpServer2$QuotingInputFilter)
2019-09-10 22:11:32,414 [main] INFO  http.HttpServer2 (HttpServer2.java:addFilter(948)) - Added filter static_user_filter (class=org.apache.hadoop.http.lib.StaticUserWebFilter$StaticUserFilter) to context ozoneManager
2019-09-10 22:11:32,414 [main] INFO  http.HttpServer2 (HttpServer2.java:addFilter(958)) - Added filter static_user_filter (class=org.apache.hadoop.http.lib.StaticUserWebFilter$StaticUserFilter) to context static
2019-09-10 22:11:32,414 [main] INFO  http.HttpServer2 (HttpServer2.java:addFilter(958)) - Added filter static_user_filter (class=org.apache.hadoop.http.lib.StaticUserWebFilter$StaticUserFilter) to context logs
2019-09-10 22:11:32,418 [main] INFO  http.HttpServer2 (HttpServer2.java:bindListener(1191)) - Jetty bound to port 35811
2019-09-10 22:11:32,418 [main] INFO  server.Server (Server.java:doStart(351)) - jetty-9.3.24.v20180605, build timestamp: 2018-06-05T17:11:56Z, git hash: 84205aa28f11a4f31f2a3b86d1bba2cc8ab69827
2019-09-10 22:11:32,422 [main] INFO  handler.ContextHandler (ContextHandler.java:doStart(781)) - Started o.e.j.s.ServletContextHandler@5f404594{/logs,file:///workdir/hadoop-ozone/integration-test/target/log,AVAILABLE}
2019-09-10 22:11:32,423 [main] INFO  handler.ContextHandler (ContextHandler.java:doStart(781)) - Started o.e.j.s.ServletContextHandler@7b2a3ff8{/static,file:///workdir/hadoop-ozone/integration-test/target/test-classes/webapps/static,AVAILABLE}
2019-09-10 22:11:32,428 [SCMBlockDeletingService#1] DEBUG block.SCMBlockDeletingService (SCMBlockDeletingService.java:call(138)) - Running DeletedBlockTransactionScanner
2019-09-10 22:11:32,428 [SCMBlockDeletingService#1] DEBUG block.SCMBlockDeletingService (SCMBlockDeletingService.java:call(155)) - Scanned deleted blocks log and got 0 delTX to process.
2019-09-10 22:11:32,430 [main] INFO  handler.ContextHandler (ContextHandler.java:doStart(781)) - Started o.e.j.w.WebAppContext@3adbe50f{/,file:///workdir/hadoop-ozone/integration-test/target/test-classes/webapps/ozoneManager/,AVAILABLE}{/ozoneManager}
2019-09-10 22:11:32,431 [main] INFO  server.AbstractConnector (AbstractConnector.java:doStart(278)) - Started ServerConnector@3a627c80{HTTP/1.1,[http/1.1]}{0.0.0.0:35811}
2019-09-10 22:11:32,432 [main] INFO  server.Server (Server.java:doStart(419)) - Started @4134ms
2019-09-10 22:11:32,432 [main] WARN  impl.MetricsSystemImpl (MetricsSystemImpl.java:register(276)) - Sink prometheus already exists!
2019-09-10 22:11:32,433 [main] INFO  server.BaseHttpServer (BaseHttpServer.java:updateConnectorAddress(215)) - HTTP server of OZONEMANAGER is listening at http://0.0.0.0:35811
2019-09-10 22:11:32,625 [SCMBlockDeletingService#1] DEBUG block.SCMBlockDeletingService (SCMBlockDeletingService.java:call(138)) - Running DeletedBlockTransactionScanner
2019-09-10 22:11:32,625 [SCMBlockDeletingService#1] DEBUG block.SCMBlockDeletingService (SCMBlockDeletingService.java:call(155)) - Scanned deleted blocks log and got 0 delTX to process.
2019-09-10 22:11:32,726 [SCMBlockDeletingService#1] DEBUG block.SCMBlockDeletingService (SCMBlockDeletingService.java:call(138)) - Running DeletedBlockTransactionScanner
2019-09-10 22:11:32,726 [SCMBlockDeletingService#1] DEBUG block.SCMBlockDeletingService (SCMBlockDeletingService.java:call(155)) - Scanned deleted blocks log and got 0 delTX to process.
2019-09-10 22:11:32,735 [main] INFO  impl.MetricsSystemImpl (MetricsSystemImpl.java:init(158)) - HddsDatanode metrics system started (again)
2019-09-10 22:11:32,805 [main] INFO  ozone.HddsDatanodeService (HddsDatanodeService.java:start(184)) - HddsDatanodeService host:pr-hdds-2007-wqvw6-2944049611 ip:192.168.157.245
2019-09-10 22:11:32,827 [SCMBlockDeletingService#1] DEBUG block.SCMBlockDeletingService (SCMBlockDeletingService.java:call(138)) - Running DeletedBlockTransactionScanner
2019-09-10 22:11:32,828 [SCMBlockDeletingService#1] DEBUG block.SCMBlockDeletingService (SCMBlockDeletingService.java:call(155)) - Scanned deleted blocks log and got 0 delTX to process.
2019-09-10 22:11:32,844 [main] INFO  volume.HddsVolume (HddsVolume.java:<init>(176)) - Creating Volume: /workdir/hadoop-ozone/integration-test/target/test-dir/MiniOzoneClusterImpl-60bdcf22-3eb0-4011-b7cb-43d16866ba5a/datanode-0/data/containers/hdds of  storage type : DISK and capacity : 1482555576320
2019-09-10 22:11:32,846 [main] INFO  volume.VolumeSet (VolumeSet.java:initializeVolumeSet(170)) - Added Volume : /workdir/hadoop-ozone/integration-test/target/test-dir/MiniOzoneClusterImpl-60bdcf22-3eb0-4011-b7cb-43d16866ba5a/datanode-0/data/containers/hdds to VolumeSet
2019-09-10 22:11:32,849 [main] INFO  volume.ThrottledAsyncChecker (ThrottledAsyncChecker.java:schedule(140)) - Scheduling a check for org.apache.hadoop.ozone.container.common.volume.HddsVolume@33b082c5
2019-09-10 22:11:32,867 [main] INFO  volume.HddsVolumeChecker (HddsVolumeChecker.java:checkAllVolumes(203)) - Scheduled health check for volume org.apache.hadoop.ozone.container.common.volume.HddsVolume@33b082c5
2019-09-10 22:11:32,929 [SCMBlockDeletingService#1] DEBUG block.SCMBlockDeletingService (SCMBlockDeletingService.java:call(138)) - Running DeletedBlockTransactionScanner
2019-09-10 22:11:32,929 [SCMBlockDeletingService#1] DEBUG block.SCMBlockDeletingService (SCMBlockDeletingService.java:call(155)) - Scanned deleted blocks log and got 0 delTX to process.
2019-09-10 22:11:32,979 [main] INFO  impl.RaftServerProxy (ConfUtils.java:logGet(43)) - raft.rpc.type = GRPC (default)
2019-09-10 22:11:33,030 [SCMBlockDeletingService#1] DEBUG block.SCMBlockDeletingService (SCMBlockDeletingService.java:call(138)) - Running DeletedBlockTransactionScanner
2019-09-10 22:11:33,030 [SCMBlockDeletingService#1] DEBUG block.SCMBlockDeletingService (SCMBlockDeletingService.java:call(155)) - Scanned deleted blocks log and got 0 delTX to process.
2019-09-10 22:11:33,057 [main] INFO  grpc.GrpcFactory (GrpcFactory.java:checkPooledByteBufAllocatorUseCacheForAllThreads(45)) - PERFORMANCE WARNING: useCacheForAllThreads is true that may cause Netty to create a lot garbage objects and, as a result, trigger GC.
	It is recommended to disable useCacheForAllThreads by setting -Dorg.apache.ratis.thirdparty.io.netty.allocator.useCacheForAllThreads=false in command line.
2019-09-10 22:11:33,065 [main] INFO  grpc.GrpcConfigKeys$Server (ConfUtils.java:logGet(43)) - raft.grpc.server.port = 0 (default)
2019-09-10 22:11:33,066 [main] INFO  server.GrpcService (ConfUtils.java:logGet(43)) - raft.grpc.message.size.max = 33570816 (custom)
2019-09-10 22:11:33,068 [main] INFO  server.RaftServerConfigKeys (ConfUtils.java:logGet(43)) - raft.server.log.appender.buffer.byte-limit = 33554432 (custom)
2019-09-10 22:11:33,069 [main] INFO  server.GrpcService (ConfUtils.java:logGet(43)) - raft.grpc.flow.control.window = 1MB (=1048576) (default)
2019-09-10 22:11:33,071 [main] INFO  server.RaftServerConfigKeys (ConfUtils.java:logGet(43)) - raft.server.rpc.request.timeout = 3000ms (default)
2019-09-10 22:11:33,131 [SCMBlockDeletingService#0] DEBUG block.SCMBlockDeletingService (SCMBlockDeletingService.java:call(138)) - Running DeletedBlockTransactionScanner
2019-09-10 22:11:33,131 [SCMBlockDeletingService#0] DEBUG block.SCMBlockDeletingService (SCMBlockDeletingService.java:call(155)) - Scanned deleted blocks log and got 0 delTX to process.
2019-09-10 22:11:33,232 [SCMBlockDeletingService#0] DEBUG block.SCMBlockDeletingService (SCMBlockDeletingService.java:call(138)) - Running DeletedBlockTransactionScanner
2019-09-10 22:11:33,232 [SCMBlockDeletingService#0] DEBUG block.SCMBlockDeletingService (SCMBlockDeletingService.java:call(155)) - Scanned deleted blocks log and got 0 delTX to process.
2019-09-10 22:11:33,263 [main] INFO  server.RaftServerConfigKeys (ConfUtils.java:logGet(43)) - raft.server.storage.dir = [/workdir/hadoop-ozone/integration-test/target/test-dir/MiniOzoneClusterImpl-60bdcf22-3eb0-4011-b7cb-43d16866ba5a/datanode-0/data/ratis] (custom)
2019-09-10 22:11:33,315 [main] INFO  hdfs.DFSUtil (DFSUtil.java:httpServerTemplateForNNAndJN(1641)) - Starting Web-server for hddsDatanode at: http://0.0.0.0:0
2019-09-10 22:11:33,318 [main] INFO  server.AuthenticationFilter (AuthenticationFilter.java:constructSecretProvider(240)) - Unable to initialize FileSignerSecretProvider, falling back to use random secrets.
2019-09-10 22:11:33,319 [main] WARN  http.HttpRequestLog (HttpRequestLog.java:getRequestLog(97)) - Jetty request log can only be enabled using Log4j
2019-09-10 22:11:33,323 [main] INFO  http.HttpServer2 (HttpServer2.java:addGlobalFilter(975)) - Added global filter 'safety' (class=org.apache.hadoop.http.HttpServer2$QuotingInputFilter)
2019-09-10 22:11:33,324 [main] INFO  http.HttpServer2 (HttpServer2.java:addFilter(948)) - Added filter static_user_filter (class=org.apache.hadoop.http.lib.StaticUserWebFilter$StaticUserFilter) to context hddsDatanode
2019-09-10 22:11:33,324 [main] INFO  http.HttpServer2 (HttpServer2.java:addFilter(958)) - Added filter static_user_filter (class=org.apache.hadoop.http.lib.StaticUserWebFilter$StaticUserFilter) to context logs
2019-09-10 22:11:33,325 [main] INFO  http.HttpServer2 (HttpServer2.java:addFilter(958)) - Added filter static_user_filter (class=org.apache.hadoop.http.lib.StaticUserWebFilter$StaticUserFilter) to context static
2019-09-10 22:11:33,327 [main] INFO  http.HttpServer2 (HttpServer2.java:bindListener(1191)) - Jetty bound to port 40441
2019-09-10 22:11:33,327 [main] INFO  server.Server (Server.java:doStart(351)) - jetty-9.3.24.v20180605, build timestamp: 2018-06-05T17:11:56Z, git hash: 84205aa28f11a4f31f2a3b86d1bba2cc8ab69827
2019-09-10 22:11:33,330 [main] INFO  handler.ContextHandler (ContextHandler.java:doStart(781)) - Started o.e.j.s.ServletContextHandler@48d293ee{/logs,file:///workdir/hadoop-ozone/integration-test/target/log,AVAILABLE}
2019-09-10 22:11:33,331 [main] INFO  handler.ContextHandler (ContextHandler.java:doStart(781)) - Started o.e.j.s.ServletContextHandler@22587507{/static,jar:file:/home/user/.m2/repository/org/apache/hadoop/hadoop-hdds-container-service/0.5.0-SNAPSHOT/hadoop-hdds-container-service-0.5.0-SNAPSHOT.jar!/webapps/static,AVAILABLE}
2019-09-10 22:11:33,333 [SCMBlockDeletingService#0] DEBUG block.SCMBlockDeletingService (SCMBlockDeletingService.java:call(138)) - Running DeletedBlockTransactionScanner
2019-09-10 22:11:33,333 [SCMBlockDeletingService#0] DEBUG block.SCMBlockDeletingService (SCMBlockDeletingService.java:call(155)) - Scanned deleted blocks log and got 0 delTX to process.
2019-09-10 22:11:33,379 [main] INFO  handler.ContextHandler (ContextHandler.java:doStart(781)) - Started o.e.j.w.WebAppContext@4fc3c165{/,file:///tmp/jetty-0.0.0.0-40441-hddsDatanode-_-any-2044947022840787219.dir/webapp/,AVAILABLE}{/hddsDatanode}
2019-09-10 22:11:33,380 [main] INFO  server.AbstractConnector (AbstractConnector.java:doStart(278)) - Started ServerConnector@10a0fe30{HTTP/1.1,[http/1.1]}{0.0.0.0:40441}
2019-09-10 22:11:33,381 [main] INFO  server.Server (Server.java:doStart(419)) - Started @5083ms
2019-09-10 22:11:33,381 [main] WARN  impl.MetricsSystemImpl (MetricsSystemImpl.java:register(276)) - Sink prometheus already exists!
2019-09-10 22:11:33,383 [main] INFO  server.BaseHttpServer (BaseHttpServer.java:updateConnectorAddress(215)) - HTTP server of HDDSDATANODE is listening at http://0.0.0.0:40441
2019-09-10 22:11:33,386 [main] INFO  ozone.MiniOzoneClusterImpl (MiniOzoneClusterImpl.java:lambda$waitForClusterToBeReady$0(140)) - Waiting for cluster to be ready. Got 0 of 1 DN Heartbeats.
2019-09-10 22:11:33,391 [org.apache.hadoop.util.JvmPauseMonitor$Monitor@4b22bf08] INFO  util.JvmPauseMonitor (JvmPauseMonitor.java:run(188)) - Starting JVM pause monitor
2019-09-10 22:11:33,434 [SCMBlockDeletingService#0] DEBUG block.SCMBlockDeletingService (SCMBlockDeletingService.java:call(138)) - Running DeletedBlockTransactionScanner
2019-09-10 22:11:33,434 [SCMBlockDeletingService#0] DEBUG block.SCMBlockDeletingService (SCMBlockDeletingService.java:call(155)) - Scanned deleted blocks log and got 0 delTX to process.
2019-09-10 22:11:33,516 [Datanode State Machine Thread - 0] INFO  datanode.InitDatanodeState (InitDatanodeState.java:persistContainerDatanodeDetails(140)) - DatanodeDetails is persisted to /workdir/hadoop-ozone/integration-test/target/test-dir/MiniOzoneClusterImpl-60bdcf22-3eb0-4011-b7cb-43d16866ba5a/datanode-0/meta/datanode.id
2019-09-10 22:11:33,535 [SCMBlockDeletingService#0] DEBUG block.SCMBlockDeletingService (SCMBlockDeletingService.java:call(138)) - Running DeletedBlockTransactionScanner
2019-09-10 22:11:33,536 [SCMBlockDeletingService#0] DEBUG block.SCMBlockDeletingService (SCMBlockDeletingService.java:call(155)) - Scanned deleted blocks log and got 0 delTX to process.
2019-09-10 22:11:33,636 [SCMBlockDeletingService#0] DEBUG block.SCMBlockDeletingService (SCMBlockDeletingService.java:call(138)) - Running DeletedBlockTransactionScanner
2019-09-10 22:11:33,637 [SCMBlockDeletingService#0] DEBUG block.SCMBlockDeletingService (SCMBlockDeletingService.java:call(155)) - Scanned deleted blocks log and got 0 delTX to process.
2019-09-10 22:11:33,737 [SCMBlockDeletingService#0] DEBUG block.SCMBlockDeletingService (SCMBlockDeletingService.java:call(138)) - Running DeletedBlockTransactionScanner
2019-09-10 22:11:33,738 [SCMBlockDeletingService#0] DEBUG block.SCMBlockDeletingService (SCMBlockDeletingService.java:call(155)) - Scanned deleted blocks log and got 0 delTX to process.
2019-09-10 22:11:33,839 [SCMBlockDeletingService#0] DEBUG block.SCMBlockDeletingService (SCMBlockDeletingService.java:call(138)) - Running DeletedBlockTransactionScanner
2019-09-10 22:11:33,839 [SCMBlockDeletingService#0] DEBUG block.SCMBlockDeletingService (SCMBlockDeletingService.java:call(155)) - Scanned deleted blocks log and got 0 delTX to process.
2019-09-10 22:11:33,940 [SCMBlockDeletingService#0] DEBUG block.SCMBlockDeletingService (SCMBlockDeletingService.java:call(138)) - Running DeletedBlockTransactionScanner
2019-09-10 22:11:33,940 [SCMBlockDeletingService#0] DEBUG block.SCMBlockDeletingService (SCMBlockDeletingService.java:call(155)) - Scanned deleted blocks log and got 0 delTX to process.
2019-09-10 22:11:34,041 [SCMBlockDeletingService#0] DEBUG block.SCMBlockDeletingService (SCMBlockDeletingService.java:call(138)) - Running DeletedBlockTransactionScanner
2019-09-10 22:11:34,041 [SCMBlockDeletingService#0] DEBUG block.SCMBlockDeletingService (SCMBlockDeletingService.java:call(155)) - Scanned deleted blocks log and got 0 delTX to process.
2019-09-10 22:11:34,142 [SCMBlockDeletingService#0] DEBUG block.SCMBlockDeletingService (SCMBlockDeletingService.java:call(138)) - Running DeletedBlockTransactionScanner
2019-09-10 22:11:34,142 [SCMBlockDeletingService#0] DEBUG block.SCMBlockDeletingService (SCMBlockDeletingService.java:call(155)) - Scanned deleted blocks log and got 0 delTX to process.
2019-09-10 22:11:34,243 [SCMBlockDeletingService#0] DEBUG block.SCMBlockDeletingService (SCMBlockDeletingService.java:call(138)) - Running DeletedBlockTransactionScanner
2019-09-10 22:11:34,246 [SCMBlockDeletingService#0] DEBUG block.SCMBlockDeletingService (SCMBlockDeletingService.java:call(155)) - Scanned deleted blocks log and got 0 delTX to process.
2019-09-10 22:11:34,346 [SCMBlockDeletingService#0] DEBUG block.SCMBlockDeletingService (SCMBlockDeletingService.java:call(138)) - Running DeletedBlockTransactionScanner
2019-09-10 22:11:34,347 [SCMBlockDeletingService#0] DEBUG block.SCMBlockDeletingService (SCMBlockDeletingService.java:call(155)) - Scanned deleted blocks log and got 0 delTX to process.
2019-09-10 22:11:34,386 [main] INFO  ozone.MiniOzoneClusterImpl (MiniOzoneClusterImpl.java:lambda$waitForClusterToBeReady$0(140)) - Waiting for cluster to be ready. Got 0 of 1 DN Heartbeats.
2019-09-10 22:11:34,447 [SCMBlockDeletingService#1] DEBUG block.SCMBlockDeletingService (SCMBlockDeletingService.java:call(138)) - Running DeletedBlockTransactionScanner
2019-09-10 22:11:34,448 [SCMBlockDeletingService#1] DEBUG block.SCMBlockDeletingService (SCMBlockDeletingService.java:call(155)) - Scanned deleted blocks log and got 0 delTX to process.
2019-09-10 22:11:34,548 [SCMBlockDeletingService#1] DEBUG block.SCMBlockDeletingService (SCMBlockDeletingService.java:call(138)) - Running DeletedBlockTransactionScanner
2019-09-10 22:11:34,548 [SCMBlockDeletingService#1] DEBUG block.SCMBlockDeletingService (SCMBlockDeletingService.java:call(155)) - Scanned deleted blocks log and got 0 delTX to process.
2019-09-10 22:11:34,649 [SCMBlockDeletingService#1] DEBUG block.SCMBlockDeletingService (SCMBlockDeletingService.java:call(138)) - Running DeletedBlockTransactionScanner
2019-09-10 22:11:34,649 [SCMBlockDeletingService#1] DEBUG block.SCMBlockDeletingService (SCMBlockDeletingService.java:call(155)) - Scanned deleted blocks log and got 0 delTX to process.
2019-09-10 22:11:34,750 [SCMBlockDeletingService#1] DEBUG block.SCMBlockDeletingService (SCMBlockDeletingService.java:call(138)) - Running DeletedBlockTransactionScanner
2019-09-10 22:11:34,750 [SCMBlockDeletingService#1] DEBUG block.SCMBlockDeletingService (SCMBlockDeletingService.java:call(155)) - Scanned deleted blocks log and got 0 delTX to process.
2019-09-10 22:11:34,851 [SCMBlockDeletingService#1] DEBUG block.SCMBlockDeletingService (SCMBlockDeletingService.java:call(138)) - Running DeletedBlockTransactionScanner
2019-09-10 22:11:34,851 [SCMBlockDeletingService#1] DEBUG block.SCMBlockDeletingService (SCMBlockDeletingService.java:call(155)) - Scanned deleted blocks log and got 0 delTX to process.
2019-09-10 22:11:34,952 [SCMBlockDeletingService#1] DEBUG block.SCMBlockDeletingService (SCMBlockDeletingService.java:call(138)) - Running DeletedBlockTransactionScanner
2019-09-10 22:11:34,952 [SCMBlockDeletingService#1] DEBUG block.SCMBlockDeletingService (SCMBlockDeletingService.java:call(155)) - Scanned deleted blocks log and got 0 delTX to process.
2019-09-10 22:11:35,053 [SCMBlockDeletingService#1] DEBUG block.SCMBlockDeletingService (SCMBlockDeletingService.java:call(138)) - Running DeletedBlockTransactionScanner
2019-09-10 22:11:35,054 [SCMBlockDeletingService#1] DEBUG block.SCMBlockDeletingService (SCMBlockDeletingService.java:call(155)) - Scanned deleted blocks log and got 0 delTX to process.
2019-09-10 22:11:35,154 [SCMBlockDeletingService#1] DEBUG block.SCMBlockDeletingService (SCMBlockDeletingService.java:call(138)) - Running DeletedBlockTransactionScanner
2019-09-10 22:11:35,154 [SCMBlockDeletingService#1] DEBUG block.SCMBlockDeletingService (SCMBlockDeletingService.java:call(155)) - Scanned deleted blocks log and got 0 delTX to process.
2019-09-10 22:11:35,255 [SCMBlockDeletingService#0] DEBUG block.SCMBlockDeletingService (SCMBlockDeletingService.java:call(138)) - Running DeletedBlockTransactionScanner
2019-09-10 22:11:35,255 [SCMBlockDeletingService#0] DEBUG block.SCMBlockDeletingService (SCMBlockDeletingService.java:call(155)) - Scanned deleted blocks log and got 0 delTX to process.
2019-09-10 22:11:35,356 [SCMBlockDeletingService#0] DEBUG block.SCMBlockDeletingService (SCMBlockDeletingService.java:call(138)) - Running DeletedBlockTransactionScanner
2019-09-10 22:11:35,356 [SCMBlockDeletingService#0] DEBUG block.SCMBlockDeletingService (SCMBlockDeletingService.java:call(155)) - Scanned deleted blocks log and got 0 delTX to process.
2019-09-10 22:11:35,387 [main] INFO  ozone.MiniOzoneClusterImpl (MiniOzoneClusterImpl.java:lambda$waitForClusterToBeReady$0(140)) - Waiting for cluster to be ready. Got 0 of 1 DN Heartbeats.
2019-09-10 22:11:35,457 [SCMBlockDeletingService#0] DEBUG block.SCMBlockDeletingService (SCMBlockDeletingService.java:call(138)) - Running DeletedBlockTransactionScanner
2019-09-10 22:11:35,457 [SCMBlockDeletingService#0] DEBUG block.SCMBlockDeletingService (SCMBlockDeletingService.java:call(155)) - Scanned deleted blocks log and got 0 delTX to process.
2019-09-10 22:11:35,463 [Datanode State Machine Thread - 0] INFO  ozoneimpl.OzoneContainer (OzoneContainer.java:start(201)) - Attempting to start container services.
2019-09-10 22:11:35,464 [Datanode State Machine Thread - 0] INFO  ozoneimpl.OzoneContainer (OzoneContainer.java:startContainerScrub(175)) - Background container scrubber has been disabled by hdds.containerscrub.enabled
2019-09-10 22:11:35,464 [Datanode State Machine Thread - 0] INFO  ratis.XceiverServerRatis (XceiverServerRatis.java:start(393)) - Starting XceiverServerRatis ed5d81fa-aaf0-49db-aa57-acca1dd387bd at port 0
2019-09-10 22:11:35,487 [Datanode State Machine Thread - 0] INFO  impl.RaftServerProxy (RaftServerProxy.java:lambda$start$3(299)) - ed5d81fa-aaf0-49db-aa57-acca1dd387bd: start RPC server
2019-09-10 22:11:35,558 [SCMBlockDeletingService#0] DEBUG block.SCMBlockDeletingService (SCMBlockDeletingService.java:call(138)) - Running DeletedBlockTransactionScanner
2019-09-10 22:11:35,558 [SCMBlockDeletingService#0] DEBUG block.SCMBlockDeletingService (SCMBlockDeletingService.java:call(155)) - Scanned deleted blocks log and got 0 delTX to process.
2019-09-10 22:11:35,615 [Datanode State Machine Thread - 0] INFO  server.GrpcService (GrpcService.java:startImpl(149)) - ed5d81fa-aaf0-49db-aa57-acca1dd387bd: GrpcService started, listening on 0.0.0.0/0.0.0.0:39028
2019-09-10 22:11:35,616 [Datanode State Machine Thread - 0] INFO  ratis.XceiverServerRatis (XceiverServerRatis.java:start(403)) - XceiverServerRatis ed5d81fa-aaf0-49db-aa57-acca1dd387bd is started using port 39028
2019-09-10 22:11:35,620 [Datanode State Machine Thread - 0] INFO  server.XceiverServerGrpc (XceiverServerGrpc.java:start(163)) - XceiverServerGrpc ed5d81fa-aaf0-49db-aa57-acca1dd387bd is started using port 37089
2019-09-10 22:11:35,658 [SCMBlockDeletingService#0] DEBUG block.SCMBlockDeletingService (SCMBlockDeletingService.java:call(138)) - Running DeletedBlockTransactionScanner
2019-09-10 22:11:35,659 [SCMBlockDeletingService#0] DEBUG block.SCMBlockDeletingService (SCMBlockDeletingService.java:call(155)) - Scanned deleted blocks log and got 0 delTX to process.
2019-09-10 22:11:35,759 [SCMBlockDeletingService#0] DEBUG block.SCMBlockDeletingService (SCMBlockDeletingService.java:call(138)) - Running DeletedBlockTransactionScanner
2019-09-10 22:11:35,760 [SCMBlockDeletingService#0] DEBUG block.SCMBlockDeletingService (SCMBlockDeletingService.java:call(155)) - Scanned deleted blocks log and got 0 delTX to process.
2019-09-10 22:11:35,860 [SCMBlockDeletingService#0] DEBUG block.SCMBlockDeletingService (SCMBlockDeletingService.java:call(138)) - Running DeletedBlockTransactionScanner
2019-09-10 22:11:35,861 [SCMBlockDeletingService#0] DEBUG block.SCMBlockDeletingService (SCMBlockDeletingService.java:call(155)) - Scanned deleted blocks log and got 0 delTX to process.
2019-09-10 22:11:35,961 [SCMBlockDeletingService#0] DEBUG block.SCMBlockDeletingService (SCMBlockDeletingService.java:call(138)) - Running DeletedBlockTransactionScanner
2019-09-10 22:11:35,961 [SCMBlockDeletingService#0] DEBUG block.SCMBlockDeletingService (SCMBlockDeletingService.java:call(155)) - Scanned deleted blocks log and got 0 delTX to process.
2019-09-10 22:11:36,062 [SCMBlockDeletingService#0] DEBUG block.SCMBlockDeletingService (SCMBlockDeletingService.java:call(138)) - Running DeletedBlockTransactionScanner
2019-09-10 22:11:36,062 [SCMBlockDeletingService#0] DEBUG block.SCMBlockDeletingService (SCMBlockDeletingService.java:call(155)) - Scanned deleted blocks log and got 0 delTX to process.
2019-09-10 22:11:36,163 [SCMBlockDeletingService#0] DEBUG block.SCMBlockDeletingService (SCMBlockDeletingService.java:call(138)) - Running DeletedBlockTransactionScanner
2019-09-10 22:11:36,163 [SCMBlockDeletingService#0] DEBUG block.SCMBlockDeletingService (SCMBlockDeletingService.java:call(155)) - Scanned deleted blocks log and got 0 delTX to process.
2019-09-10 22:11:36,264 [SCMBlockDeletingService#0] DEBUG block.SCMBlockDeletingService (SCMBlockDeletingService.java:call(138)) - Running DeletedBlockTransactionScanner
2019-09-10 22:11:36,264 [SCMBlockDeletingService#0] DEBUG block.SCMBlockDeletingService (SCMBlockDeletingService.java:call(155)) - Scanned deleted blocks log and got 0 delTX to process.
2019-09-10 22:11:36,365 [SCMBlockDeletingService#0] DEBUG block.SCMBlockDeletingService (SCMBlockDeletingService.java:call(138)) - Running DeletedBlockTransactionScanner
2019-09-10 22:11:36,365 [SCMBlockDeletingService#0] DEBUG block.SCMBlockDeletingService (SCMBlockDeletingService.java:call(155)) - Scanned deleted blocks log and got 0 delTX to process.
2019-09-10 22:11:36,388 [main] INFO  ozone.MiniOzoneClusterImpl (MiniOzoneClusterImpl.java:lambda$waitForClusterToBeReady$0(140)) - Waiting for cluster to be ready. Got 0 of 1 DN Heartbeats.
2019-09-10 22:11:36,465 [SCMBlockDeletingService#0] DEBUG block.SCMBlockDeletingService (SCMBlockDeletingService.java:call(138)) - Running DeletedBlockTransactionScanner
2019-09-10 22:11:36,466 [SCMBlockDeletingService#0] DEBUG block.SCMBlockDeletingService (SCMBlockDeletingService.java:call(155)) - Scanned deleted blocks log and got 0 delTX to process.
2019-09-10 22:11:36,566 [SCMBlockDeletingService#0] DEBUG block.SCMBlockDeletingService (SCMBlockDeletingService.java:call(138)) - Running DeletedBlockTransactionScanner
2019-09-10 22:11:36,567 [SCMBlockDeletingService#0] DEBUG block.SCMBlockDeletingService (SCMBlockDeletingService.java:call(155)) - Scanned deleted blocks log and got 0 delTX to process.
2019-09-10 22:11:36,667 [SCMBlockDeletingService#0] DEBUG block.SCMBlockDeletingService (SCMBlockDeletingService.java:call(138)) - Running DeletedBlockTransactionScanner
2019-09-10 22:11:36,667 [SCMBlockDeletingService#0] DEBUG block.SCMBlockDeletingService (SCMBlockDeletingService.java:call(155)) - Scanned deleted blocks log and got 0 delTX to process.
2019-09-10 22:11:36,768 [SCMBlockDeletingService#0] DEBUG block.SCMBlockDeletingService (SCMBlockDeletingService.java:call(138)) - Running DeletedBlockTransactionScanner
2019-09-10 22:11:36,768 [SCMBlockDeletingService#0] DEBUG block.SCMBlockDeletingService (SCMBlockDeletingService.java:call(155)) - Scanned deleted blocks log and got 0 delTX to process.
2019-09-10 22:11:36,869 [SCMBlockDeletingService#0] DEBUG block.SCMBlockDeletingService (SCMBlockDeletingService.java:call(138)) - Running DeletedBlockTransactionScanner
2019-09-10 22:11:36,869 [SCMBlockDeletingService#0] DEBUG block.SCMBlockDeletingService (SCMBlockDeletingService.java:call(155)) - Scanned deleted blocks log and got 0 delTX to process.
2019-09-10 22:11:36,969 [SCMBlockDeletingService#0] DEBUG block.SCMBlockDeletingService (SCMBlockDeletingService.java:call(138)) - Running DeletedBlockTransactionScanner
2019-09-10 22:11:36,970 [SCMBlockDeletingService#0] DEBUG block.SCMBlockDeletingService (SCMBlockDeletingService.java:call(155)) - Scanned deleted blocks log and got 0 delTX to process.
2019-09-10 22:11:37,070 [SCMBlockDeletingService#0] DEBUG block.SCMBlockDeletingService (SCMBlockDeletingService.java:call(138)) - Running DeletedBlockTransactionScanner
2019-09-10 22:11:37,071 [SCMBlockDeletingService#0] DEBUG block.SCMBlockDeletingService (SCMBlockDeletingService.java:call(155)) - Scanned deleted blocks log and got 0 delTX to process.
2019-09-10 22:11:37,171 [SCMBlockDeletingService#0] DEBUG block.SCMBlockDeletingService (SCMBlockDeletingService.java:call(138)) - Running DeletedBlockTransactionScanner
2019-09-10 22:11:37,172 [SCMBlockDeletingService#0] DEBUG block.SCMBlockDeletingService (SCMBlockDeletingService.java:call(155)) - Scanned deleted blocks log and got 0 delTX to process.
2019-09-10 22:11:37,272 [SCMBlockDeletingService#0] DEBUG block.SCMBlockDeletingService (SCMBlockDeletingService.java:call(138)) - Running DeletedBlockTransactionScanner
2019-09-10 22:11:37,273 [SCMBlockDeletingService#0] DEBUG block.SCMBlockDeletingService (SCMBlockDeletingService.java:call(155)) - Scanned deleted blocks log and got 0 delTX to process.
2019-09-10 22:11:37,373 [SCMBlockDeletingService#0] DEBUG block.SCMBlockDeletingService (SCMBlockDeletingService.java:call(138)) - Running DeletedBlockTransactionScanner
2019-09-10 22:11:37,373 [SCMBlockDeletingService#0] DEBUG block.SCMBlockDeletingService (SCMBlockDeletingService.java:call(155)) - Scanned deleted blocks log and got 0 delTX to process.
2019-09-10 22:11:37,388 [main] INFO  ozone.MiniOzoneClusterImpl (MiniOzoneClusterImpl.java:lambda$waitForClusterToBeReady$0(140)) - Waiting for cluster to be ready. Got 0 of 1 DN Heartbeats.
2019-09-10 22:11:37,428 [IPC Server handler 0 on 46662] INFO  net.NetworkTopology (NetworkTopologyImpl.java:add(110)) - Added a new node: /default-rack/ed5d81fa-aaf0-49db-aa57-acca1dd387bd
2019-09-10 22:11:37,428 [IPC Server handler 0 on 46662] INFO  node.SCMNodeManager (SCMNodeManager.java:register(266)) - Registered Data node : ed5d81fa-aaf0-49db-aa57-acca1dd387bd{ip: 192.168.157.245, host: pr-hdds-2007-wqvw6-2944049611, networkLocation: /default-rack, certSerialId: null}
2019-09-10 22:11:37,432 [EventQueue-NodeRegistrationContainerReportForDataNodeSafeModeRule] INFO  safemode.SCMSafeModeManager (DataNodeSafeModeRule.java:process(71)) - SCM in safe mode. 1 DataNodes registered, 1 required.
2019-09-10 22:11:37,432 [EventQueue-NodeRegistrationContainerReportForDataNodeSafeModeRule] INFO  safemode.SCMSafeModeManager (SCMSafeModeManager.java:validateSafeModeExitRules(177)) - ScmSafeModeManager, all rules are successfully validated
2019-09-10 22:11:37,432 [EventQueue-NodeRegistrationContainerReportForDataNodeSafeModeRule] INFO  safemode.SCMSafeModeManager (SCMSafeModeManager.java:exitSafeMode(193)) - SCM exiting safe mode.
2019-09-10 22:11:37,474 [SCMBlockDeletingService#0] DEBUG block.SCMBlockDeletingService (SCMBlockDeletingService.java:call(138)) - Running DeletedBlockTransactionScanner
2019-09-10 22:11:37,474 [SCMBlockDeletingService#0] DEBUG block.SCMBlockDeletingService (SCMBlockDeletingService.java:call(155)) - Scanned deleted blocks log and got 0 delTX to process.
2019-09-10 22:11:37,575 [SCMBlockDeletingService#0] DEBUG block.SCMBlockDeletingService (SCMBlockDeletingService.java:call(138)) - Running DeletedBlockTransactionScanner
2019-09-10 22:11:37,575 [SCMBlockDeletingService#0] DEBUG block.SCMBlockDeletingService (SCMBlockDeletingService.java:call(155)) - Scanned deleted blocks log and got 0 delTX to process.
2019-09-10 22:11:37,676 [SCMBlockDeletingService#0] DEBUG block.SCMBlockDeletingService (SCMBlockDeletingService.java:call(138)) - Running DeletedBlockTransactionScanner
2019-09-10 22:11:37,676 [SCMBlockDeletingService#0] DEBUG block.SCMBlockDeletingService (SCMBlockDeletingService.java:call(155)) - Scanned deleted blocks log and got 0 delTX to process.
2019-09-10 22:11:37,777 [SCMBlockDeletingService#0] DEBUG block.SCMBlockDeletingService (SCMBlockDeletingService.java:call(138)) - Running DeletedBlockTransactionScanner
2019-09-10 22:11:37,778 [SCMBlockDeletingService#0] DEBUG block.SCMBlockDeletingService (SCMBlockDeletingService.java:call(155)) - Scanned deleted blocks log and got 0 delTX to process.
2019-09-10 22:11:37,878 [SCMBlockDeletingService#0] DEBUG block.SCMBlockDeletingService (SCMBlockDeletingService.java:call(138)) - Running DeletedBlockTransactionScanner
2019-09-10 22:11:37,879 [SCMBlockDeletingService#0] DEBUG block.SCMBlockDeletingService (SCMBlockDeletingService.java:call(155)) - Scanned deleted blocks log and got 0 delTX to process.
2019-09-10 22:11:37,946 [grpc-default-executor-0] INFO  impl.RaftServerProxy (RaftServerProxy.java:addNew(89)) - ed5d81fa-aaf0-49db-aa57-acca1dd387bd: addNew group-729F0664FEA8:[ed5d81fa-aaf0-49db-aa57-acca1dd387bd:192.168.157.245:39028] returns group-729F0664FEA8:java.util.concurrent.CompletableFuture@1c33d282[Not completed]
2019-09-10 22:11:37,962 [pool-27-thread-1] INFO  impl.RaftServerImpl (RaftServerImpl.java:<init>(93)) - ed5d81fa-aaf0-49db-aa57-acca1dd387bd: new RaftServerImpl for group-729F0664FEA8:[ed5d81fa-aaf0-49db-aa57-acca1dd387bd:192.168.157.245:39028] with ContainerStateMachine:uninitialized
2019-09-10 22:11:37,964 [pool-27-thread-1] INFO  server.RaftServerConfigKeys (ConfUtils.java:logGet(43)) - raft.server.rpc.timeout.min = 5s (custom)
2019-09-10 22:11:37,965 [pool-27-thread-1] INFO  server.RaftServerConfigKeys (ConfUtils.java:logGet(43)) - raft.server.rpc.timeout.max = 5200ms (custom)
2019-09-10 22:11:37,965 [pool-27-thread-1] INFO  server.RaftServerConfigKeys (ConfUtils.java:logGet(43)) - raft.server.rpcslowness.timeout = 120s (custom)
2019-09-10 22:11:37,966 [pool-27-thread-1] INFO  server.RaftServerConfigKeys (ConfUtils.java:logGet(43)) - raft.server.sleep.deviation.threshold = 300 (default)
2019-09-10 22:11:37,967 [pool-27-thread-1] INFO  server.RaftServerConfigKeys (ConfUtils.java:logGet(43)) - raft.server.log.appender.install.snapshot.enabled = false (custom)
2019-09-10 22:11:37,975 [pool-27-thread-1] INFO  impl.RaftServerImpl (ServerState.java:<init>(105)) - ed5d81fa-aaf0-49db-aa57-acca1dd387bd:group-729F0664FEA8 ConfigurationManager, init=-1: [ed5d81fa-aaf0-49db-aa57-acca1dd387bd:192.168.157.245:39028], old=null, confs=<EMPTY_MAP>
2019-09-10 22:11:37,975 [pool-27-thread-1] INFO  server.RaftServerConfigKeys (ConfUtils.java:logGet(43)) - raft.server.storage.dir = [/workdir/hadoop-ozone/integration-test/target/test-dir/MiniOzoneClusterImpl-60bdcf22-3eb0-4011-b7cb-43d16866ba5a/datanode-0/data/ratis] (custom)
2019-09-10 22:11:37,979 [SCMBlockDeletingService#0] DEBUG block.SCMBlockDeletingService (SCMBlockDeletingService.java:call(138)) - Running DeletedBlockTransactionScanner
2019-09-10 22:11:37,979 [SCMBlockDeletingService#0] DEBUG block.SCMBlockDeletingService (SCMBlockDeletingService.java:call(155)) - Scanned deleted blocks log and got 0 delTX to process.
2019-09-10 22:11:37,985 [pool-27-thread-1] INFO  storage.RaftStorageDirectory (RaftStorageDirectory.java:analyzeStorage(246)) - The storage directory /workdir/hadoop-ozone/integration-test/target/test-dir/MiniOzoneClusterImpl-60bdcf22-3eb0-4011-b7cb-43d16866ba5a/datanode-0/data/ratis/a92760da-343f-4e6a-a8dc-729f0664fea8 does not exist. Creating ...
2019-09-10 22:11:38,003 [pool-27-thread-1] INFO  storage.RaftStorageDirectory (RaftStorageDirectory.java:tryLock(328)) - Lock on /workdir/hadoop-ozone/integration-test/target/test-dir/MiniOzoneClusterImpl-60bdcf22-3eb0-4011-b7cb-43d16866ba5a/datanode-0/data/ratis/a92760da-343f-4e6a-a8dc-729f0664fea8/in_use.lock acquired by nodename 29515@pr-hdds-2007-wqvw6-2944049611
2019-09-10 22:11:38,019 [pool-27-thread-1] INFO  storage.RaftStorage (RaftStorage.java:format(72)) - Storage directory /workdir/hadoop-ozone/integration-test/target/test-dir/MiniOzoneClusterImpl-60bdcf22-3eb0-4011-b7cb-43d16866ba5a/datanode-0/data/ratis/a92760da-343f-4e6a-a8dc-729f0664fea8 has been successfully formatted.
2019-09-10 22:11:38,021 [pool-27-thread-1] INFO  ratis.ContainerStateMachine (ContainerStateMachine.java:loadSnapshot(227)) - group-729F0664FEA8: The snapshot info is null. Setting the last applied indexto:(t:0, i:~)
2019-09-10 22:11:38,021 [pool-27-thread-1] INFO  server.RaftServerConfigKeys (ConfUtils.java:logGet(43)) - raft.server.leader.election.timeout = 120s (custom)
2019-09-10 22:11:38,023 [pool-27-thread-1] INFO  server.RaftServerConfigKeys (ConfUtils.java:logGet(43)) - raft.server.log.use.memory = false (default)
2019-09-10 22:11:38,028 [pool-27-thread-1] INFO  server.RaftServerConfigKeys (ConfUtils.java:logGet(43)) - raft.server.log.purge.gap = 1000000 (custom)
2019-09-10 22:11:38,028 [pool-27-thread-1] INFO  server.RaftServerConfigKeys (ConfUtils.java:logGet(43)) - raft.server.log.appender.buffer.byte-limit = 33554432 (custom)
2019-09-10 22:11:38,029 [pool-27-thread-1] INFO  server.RaftServerConfigKeys (ConfUtils.java:logGet(43)) - raft.server.log.segment.size.max = 1048576 (custom)
2019-09-10 22:11:38,033 [pool-27-thread-1] INFO  server.RaftServerConfigKeys (ConfUtils.java:logGet(43)) - raft.server.log.segment.cache.num.max = 2 (custom)
2019-09-10 22:11:38,038 [pool-27-thread-1] INFO  segmented.SegmentedRaftLogWorker (SegmentedRaftLogWorker.java:<init>(172)) - new ed5d81fa-aaf0-49db-aa57-acca1dd387bd-SegmentedRaftLogWorker:Storage Directory /workdir/hadoop-ozone/integration-test/target/test-dir/MiniOzoneClusterImpl-60bdcf22-3eb0-4011-b7cb-43d16866ba5a/datanode-0/data/ratis/a92760da-343f-4e6a-a8dc-729f0664fea8 for RaftStorage:Storage Directory /workdir/hadoop-ozone/integration-test/target/test-dir/MiniOzoneClusterImpl-60bdcf22-3eb0-4011-b7cb-43d16866ba5a/datanode-0/data/ratis/a92760da-343f-4e6a-a8dc-729f0664fea8
2019-09-10 22:11:38,048 [pool-27-thread-1] INFO  server.RaftServerConfigKeys (ConfUtils.java:logGet(43)) - raft.server.log.queue.byte-limit = 2147483647 (custom)
2019-09-10 22:11:38,048 [pool-27-thread-1] INFO  server.RaftServerConfigKeys (ConfUtils.java:logGet(43)) - raft.server.log.queue.element-limit = 1024 (custom)
2019-09-10 22:11:38,052 [pool-27-thread-1] INFO  server.RaftServerConfigKeys (ConfUtils.java:logGet(43)) - raft.server.log.segment.size.max = 1048576 (custom)
2019-09-10 22:11:38,053 [pool-27-thread-1] INFO  server.RaftServerConfigKeys (ConfUtils.java:logGet(43)) - raft.server.log.preallocated.size = 16384 (custom)
2019-09-10 22:11:38,053 [pool-27-thread-1] INFO  server.RaftServerConfigKeys (ConfUtils.java:logGet(43)) - raft.server.log.write.buffer.size = 33554432 (custom)
2019-09-10 22:11:38,054 [pool-27-thread-1] INFO  server.RaftServerConfigKeys (ConfUtils.java:logGet(43)) - raft.server.log.force.sync.num = 128 (default)
2019-09-10 22:11:38,054 [pool-27-thread-1] INFO  server.RaftServerConfigKeys (ConfUtils.java:logGet(43)) - raft.server.log.statemachine.data.sync = true (default)
2019-09-10 22:11:38,055 [pool-27-thread-1] INFO  server.RaftServerConfigKeys (ConfUtils.java:logGet(43)) - raft.server.log.statemachine.data.sync.timeout = 10s (default)
2019-09-10 22:11:38,055 [pool-27-thread-1] INFO  server.RaftServerConfigKeys (ConfUtils.java:logGet(43)) - raft.server.log.statemachine.data.sync.timeout.retry = -1 (default)
2019-09-10 22:11:38,063 [pool-27-thread-1] INFO  server.RaftServerConfigKeys (ConfUtils.java:logGet(43)) - raft.server.log.statemachine.data.caching.enabled = true (custom)
2019-09-10 22:11:38,067 [pool-27-thread-1] INFO  segmented.SegmentedRaftLogWorker (SegmentedRaftLogWorker.java:lambda$new$0(132)) - ed5d81fa-aaf0-49db-aa57-acca1dd387bd-SegmentedRaftLogWorker:Storage Directory /workdir/hadoop-ozone/integration-test/target/test-dir/MiniOzoneClusterImpl-60bdcf22-3eb0-4011-b7cb-43d16866ba5a/datanode-0/data/ratis/a92760da-343f-4e6a-a8dc-729f0664fea8: flushIndex: setUnconditionally 0 -> -1
2019-09-10 22:11:38,071 [pool-27-thread-1] INFO  server.RaftServerConfigKeys (ConfUtils.java:logGet(43)) - raft.server.snapshot.auto.trigger.enabled = true (custom)
2019-09-10 22:11:38,072 [pool-27-thread-1] INFO  server.RaftServerConfigKeys (ConfUtils.java:logGet(43)) - raft.server.snapshot.auto.trigger.threshold = 10000 (custom)
2019-09-10 22:11:38,072 [pool-27-thread-1] INFO  server.RaftServerConfigKeys (ConfUtils.java:logGet(43)) - raft.server.retrycache.expirytime = 600000ms (custom)
2019-09-10 22:11:38,080 [SCMBlockDeletingService#0] DEBUG block.SCMBlockDeletingService (SCMBlockDeletingService.java:call(138)) - Running DeletedBlockTransactionScanner
2019-09-10 22:11:38,081 [SCMBlockDeletingService#0] DEBUG block.SCMBlockDeletingService (SCMBlockDeletingService.java:call(155)) - Scanned deleted blocks log and got 0 delTX to process.
2019-09-10 22:11:38,094 [pool-27-thread-1] INFO  impl.RaftServerImpl (RaftServerImpl.java:start(180)) - ed5d81fa-aaf0-49db-aa57-acca1dd387bd: start group-729F0664FEA8
2019-09-10 22:11:38,095 [pool-27-thread-1] INFO  impl.RaftServerImpl (RaftServerImpl.java:setRole(171)) - ed5d81fa-aaf0-49db-aa57-acca1dd387bd:group-729F0664FEA8 changes role from null to FOLLOWER at term 0 for startAsFollower
2019-09-10 22:11:38,096 [pool-27-thread-1] INFO  impl.RoleInfo (RoleInfo.java:updateAndGet(143)) - ed5d81fa-aaf0-49db-aa57-acca1dd387bd: start FollowerState
2019-09-10 22:11:38,098 [pool-27-thread-1] INFO  util.JmxRegister (JmxRegister.java:tryRegister(44)) - Successfully registered JMX Bean with object name Ratis:service=RaftServer,group=group-729F0664FEA8,id=ed5d81fa-aaf0-49db-aa57-acca1dd387bd
2019-09-10 22:11:38,148 [RatisPipelineUtilsThread] INFO  pipeline.PipelineStateManager (PipelineStateManager.java:addPipeline(56)) - Created pipeline Pipeline[ Id: a92760da-343f-4e6a-a8dc-729f0664fea8, Nodes: ed5d81fa-aaf0-49db-aa57-acca1dd387bd{ip: 192.168.157.245, host: pr-hdds-2007-wqvw6-2944049611, networkLocation: /default-rack, certSerialId: null}, Type:RATIS, Factor:ONE, State:OPEN]
2019-09-10 22:11:38,181 [SCMBlockDeletingService#0] DEBUG block.SCMBlockDeletingService (SCMBlockDeletingService.java:call(138)) - Running DeletedBlockTransactionScanner
2019-09-10 22:11:38,182 [SCMBlockDeletingService#0] DEBUG block.SCMBlockDeletingService (SCMBlockDeletingService.java:call(155)) - Scanned deleted blocks log and got 0 delTX to process.
2019-09-10 22:11:38,282 [SCMBlockDeletingService#0] DEBUG block.SCMBlockDeletingService (SCMBlockDeletingService.java:call(138)) - Running DeletedBlockTransactionScanner
2019-09-10 22:11:38,283 [SCMBlockDeletingService#0] DEBUG block.SCMBlockDeletingService (SCMBlockDeletingService.java:call(155)) - Scanned deleted blocks log and got 0 delTX to process.
2019-09-10 22:11:38,383 [SCMBlockDeletingService#0] DEBUG block.SCMBlockDeletingService (SCMBlockDeletingService.java:call(138)) - Running DeletedBlockTransactionScanner
2019-09-10 22:11:38,384 [SCMBlockDeletingService#0] DEBUG block.SCMBlockDeletingService (SCMBlockDeletingService.java:call(155)) - Scanned deleted blocks log and got 0 delTX to process.
2019-09-10 22:11:38,389 [main] INFO  ozone.MiniOzoneClusterImpl (MiniOzoneClusterImpl.java:lambda$waitForClusterToBeReady$0(140)) - Cluster is ready. Got 1 of 1 DN Heartbeats.
2019-09-10 22:11:38,484 [SCMBlockDeletingService#0] DEBUG block.SCMBlockDeletingService (SCMBlockDeletingService.java:call(138)) - Running DeletedBlockTransactionScanner
2019-09-10 22:11:38,485 [SCMBlockDeletingService#0] DEBUG block.SCMBlockDeletingService (SCMBlockDeletingService.java:call(155)) - Scanned deleted blocks log and got 0 delTX to process.
2019-09-10 22:11:38,585 [SCMBlockDeletingService#0] DEBUG block.SCMBlockDeletingService (SCMBlockDeletingService.java:call(138)) - Running DeletedBlockTransactionScanner
2019-09-10 22:11:38,585 [SCMBlockDeletingService#0] DEBUG block.SCMBlockDeletingService (SCMBlockDeletingService.java:call(155)) - Scanned deleted blocks log and got 0 delTX to process.
2019-09-10 22:11:38,686 [SCMBlockDeletingService#0] DEBUG block.SCMBlockDeletingService (SCMBlockDeletingService.java:call(138)) - Running DeletedBlockTransactionScanner
2019-09-10 22:11:38,686 [SCMBlockDeletingService#0] DEBUG block.SCMBlockDeletingService (SCMBlockDeletingService.java:call(155)) - Scanned deleted blocks log and got 0 delTX to process.
2019-09-10 22:11:38,787 [SCMBlockDeletingService#0] DEBUG block.SCMBlockDeletingService (SCMBlockDeletingService.java:call(138)) - Running DeletedBlockTransactionScanner
2019-09-10 22:11:38,787 [SCMBlockDeletingService#0] DEBUG block.SCMBlockDeletingService (SCMBlockDeletingService.java:call(155)) - Scanned deleted blocks log and got 0 delTX to process.
2019-09-10 22:11:38,888 [SCMBlockDeletingService#0] DEBUG block.SCMBlockDeletingService (SCMBlockDeletingService.java:call(138)) - Running DeletedBlockTransactionScanner
2019-09-10 22:11:38,888 [SCMBlockDeletingService#0] DEBUG block.SCMBlockDeletingService (SCMBlockDeletingService.java:call(155)) - Scanned deleted blocks log and got 0 delTX to process.
2019-09-10 22:11:38,989 [SCMBlockDeletingService#0] DEBUG block.SCMBlockDeletingService (SCMBlockDeletingService.java:call(138)) - Running DeletedBlockTransactionScanner
2019-09-10 22:11:38,989 [SCMBlockDeletingService#0] DEBUG block.SCMBlockDeletingService (SCMBlockDeletingService.java:call(155)) - Scanned deleted blocks log and got 0 delTX to process.
2019-09-10 22:11:39,090 [SCMBlockDeletingService#0] DEBUG block.SCMBlockDeletingService (SCMBlockDeletingService.java:call(138)) - Running DeletedBlockTransactionScanner
2019-09-10 22:11:39,090 [SCMBlockDeletingService#0] DEBUG block.SCMBlockDeletingService (SCMBlockDeletingService.java:call(155)) - Scanned deleted blocks log and got 0 delTX to process.
2019-09-10 22:11:39,190 [SCMBlockDeletingService#0] DEBUG block.SCMBlockDeletingService (SCMBlockDeletingService.java:call(138)) - Running DeletedBlockTransactionScanner
2019-09-10 22:11:39,191 [SCMBlockDeletingService#0] DEBUG block.SCMBlockDeletingService (SCMBlockDeletingService.java:call(155)) - Scanned deleted blocks log and got 0 delTX to process.
2019-09-10 22:11:39,291 [SCMBlockDeletingService#0] DEBUG block.SCMBlockDeletingService (SCMBlockDeletingService.java:call(138)) - Running DeletedBlockTransactionScanner
2019-09-10 22:11:39,292 [SCMBlockDeletingService#0] DEBUG block.SCMBlockDeletingService (SCMBlockDeletingService.java:call(155)) - Scanned deleted blocks log and got 0 delTX to process.
2019-09-10 22:11:39,392 [SCMBlockDeletingService#0] DEBUG block.SCMBlockDeletingService (SCMBlockDeletingService.java:call(138)) - Running DeletedBlockTransactionScanner
2019-09-10 22:11:39,392 [SCMBlockDeletingService#0] DEBUG block.SCMBlockDeletingService (SCMBlockDeletingService.java:call(155)) - Scanned deleted blocks log and got 0 delTX to process.
2019-09-10 22:11:39,493 [SCMBlockDeletingService#0] DEBUG block.SCMBlockDeletingService (SCMBlockDeletingService.java:call(138)) - Running DeletedBlockTransactionScanner
2019-09-10 22:11:39,493 [SCMBlockDeletingService#0] DEBUG block.SCMBlockDeletingService (SCMBlockDeletingService.java:call(155)) - Scanned deleted blocks log and got 0 delTX to process.
2019-09-10 22:11:39,594 [SCMBlockDeletingService#0] DEBUG block.SCMBlockDeletingService (SCMBlockDeletingService.java:call(138)) - Running DeletedBlockTransactionScanner
2019-09-10 22:11:39,595 [SCMBlockDeletingService#0] DEBUG block.SCMBlockDeletingService (SCMBlockDeletingService.java:call(155)) - Scanned deleted blocks log and got 0 delTX to process.
2019-09-10 22:11:39,695 [SCMBlockDeletingService#0] DEBUG block.SCMBlockDeletingService (SCMBlockDeletingService.java:call(138)) - Running DeletedBlockTransactionScanner
2019-09-10 22:11:39,695 [SCMBlockDeletingService#0] DEBUG block.SCMBlockDeletingService (SCMBlockDeletingService.java:call(155)) - Scanned deleted blocks log and got 0 delTX to process.
2019-09-10 22:11:39,796 [SCMBlockDeletingService#0] DEBUG block.SCMBlockDeletingService (SCMBlockDeletingService.java:call(138)) - Running DeletedBlockTransactionScanner
2019-09-10 22:11:39,796 [SCMBlockDeletingService#0] DEBUG block.SCMBlockDeletingService (SCMBlockDeletingService.java:call(155)) - Scanned deleted blocks log and got 0 delTX to process.
2019-09-10 22:11:39,897 [SCMBlockDeletingService#0] DEBUG block.SCMBlockDeletingService (SCMBlockDeletingService.java:call(138)) - Running DeletedBlockTransactionScanner
2019-09-10 22:11:39,897 [SCMBlockDeletingService#0] DEBUG block.SCMBlockDeletingService (SCMBlockDeletingService.java:call(155)) - Scanned deleted blocks log and got 0 delTX to process.
2019-09-10 22:11:39,997 [SCMBlockDeletingService#0] DEBUG block.SCMBlockDeletingService (SCMBlockDeletingService.java:call(138)) - Running DeletedBlockTransactionScanner
2019-09-10 22:11:39,998 [SCMBlockDeletingService#0] DEBUG block.SCMBlockDeletingService (SCMBlockDeletingService.java:call(155)) - Scanned deleted blocks log and got 0 delTX to process.
2019-09-10 22:11:40,098 [SCMBlockDeletingService#0] DEBUG block.SCMBlockDeletingService (SCMBlockDeletingService.java:call(138)) - Running DeletedBlockTransactionScanner
2019-09-10 22:11:40,098 [SCMBlockDeletingService#0] DEBUG block.SCMBlockDeletingService (SCMBlockDeletingService.java:call(155)) - Scanned deleted blocks log and got 0 delTX to process.
2019-09-10 22:11:40,199 [SCMBlockDeletingService#0] DEBUG block.SCMBlockDeletingService (SCMBlockDeletingService.java:call(138)) - Running DeletedBlockTransactionScanner
2019-09-10 22:11:40,199 [SCMBlockDeletingService#0] DEBUG block.SCMBlockDeletingService (SCMBlockDeletingService.java:call(155)) - Scanned deleted blocks log and got 0 delTX to process.
2019-09-10 22:11:40,300 [SCMBlockDeletingService#0] DEBUG block.SCMBlockDeletingService (SCMBlockDeletingService.java:call(138)) - Running DeletedBlockTransactionScanner
2019-09-10 22:11:40,300 [SCMBlockDeletingService#0] DEBUG block.SCMBlockDeletingService (SCMBlockDeletingService.java:call(155)) - Scanned deleted blocks log and got 0 delTX to process.
2019-09-10 22:11:40,401 [SCMBlockDeletingService#0] DEBUG block.SCMBlockDeletingService (SCMBlockDeletingService.java:call(138)) - Running DeletedBlockTransactionScanner
2019-09-10 22:11:40,401 [SCMBlockDeletingService#0] DEBUG block.SCMBlockDeletingService (SCMBlockDeletingService.java:call(155)) - Scanned deleted blocks log and got 0 delTX to process.
2019-09-10 22:11:40,437 [Thread-156] INFO  container.ReplicationManager (ReplicationManager.java:start(162)) - Starting Replication Monitor Thread.
2019-09-10 22:11:40,439 [ReplicationMonitor] INFO  container.ReplicationManager (ReplicationManager.java:run(225)) - Replication Monitor Thread took 2 milliseconds for processing 0 containers.
2019-09-10 22:11:40,502 [SCMBlockDeletingService#0] DEBUG block.SCMBlockDeletingService (SCMBlockDeletingService.java:call(138)) - Running DeletedBlockTransactionScanner
2019-09-10 22:11:40,502 [SCMBlockDeletingService#0] DEBUG block.SCMBlockDeletingService (SCMBlockDeletingService.java:call(155)) - Scanned deleted blocks log and got 0 delTX to process.
2019-09-10 22:11:40,603 [SCMBlockDeletingService#0] DEBUG block.SCMBlockDeletingService (SCMBlockDeletingService.java:call(138)) - Running DeletedBlockTransactionScanner
2019-09-10 22:11:40,603 [SCMBlockDeletingService#0] DEBUG block.SCMBlockDeletingService (SCMBlockDeletingService.java:call(155)) - Scanned deleted blocks log and got 0 delTX to process.
2019-09-10 22:11:40,703 [SCMBlockDeletingService#0] DEBUG block.SCMBlockDeletingService (SCMBlockDeletingService.java:call(138)) - Running DeletedBlockTransactionScanner
2019-09-10 22:11:40,704 [SCMBlockDeletingService#0] DEBUG block.SCMBlockDeletingService (SCMBlockDeletingService.java:call(155)) - Scanned deleted blocks log and got 0 delTX to process.
2019-09-10 22:11:40,802 [main] INFO  rpc.RpcClient (RpcClient.java:createVolume(294)) - Creating Volume: d11b731d-d80a-4ea5-8dc8-ead035833ef1, with jenkins1000 as owner.
2019-09-10 22:11:40,804 [SCMBlockDeletingService#0] DEBUG block.SCMBlockDeletingService (SCMBlockDeletingService.java:call(138)) - Running DeletedBlockTransactionScanner
2019-09-10 22:11:40,804 [SCMBlockDeletingService#0] DEBUG block.SCMBlockDeletingService (SCMBlockDeletingService.java:call(155)) - Scanned deleted blocks log and got 0 delTX to process.
2019-09-10 22:11:40,889 [IPC Server handler 5 on 33202] INFO  volume.OMVolumeCreateRequest (OMVolumeCreateRequest.java:validateAndUpdateCache(189)) - created volume:d11b731d-d80a-4ea5-8dc8-ead035833ef1 for user:jenkins1000
2019-09-10 22:11:40,905 [SCMBlockDeletingService#0] DEBUG block.SCMBlockDeletingService (SCMBlockDeletingService.java:call(138)) - Running DeletedBlockTransactionScanner
2019-09-10 22:11:40,905 [SCMBlockDeletingService#0] DEBUG block.SCMBlockDeletingService (SCMBlockDeletingService.java:call(155)) - Scanned deleted blocks log and got 0 delTX to process.
2019-09-10 22:11:40,914 [main] INFO  rpc.RpcClient (RpcClient.java:createBucket(433)) - Creating Bucket: d11b731d-d80a-4ea5-8dc8-ead035833ef1/632f9056-daf6-4dbe-8a28-d4416ac18e83, with Versioning false and Storage Type set to DISK and Encryption set to false 
2019-09-10 22:11:41,006 [SCMBlockDeletingService#0] DEBUG block.SCMBlockDeletingService (SCMBlockDeletingService.java:call(138)) - Running DeletedBlockTransactionScanner
2019-09-10 22:11:41,007 [SCMBlockDeletingService#0] DEBUG block.SCMBlockDeletingService (SCMBlockDeletingService.java:call(155)) - Scanned deleted blocks log and got 0 delTX to process.
2019-09-10 22:11:41,107 [SCMBlockDeletingService#0] DEBUG block.SCMBlockDeletingService (SCMBlockDeletingService.java:call(138)) - Running DeletedBlockTransactionScanner
2019-09-10 22:11:41,108 [SCMBlockDeletingService#0] DEBUG block.SCMBlockDeletingService (SCMBlockDeletingService.java:call(155)) - Scanned deleted blocks log and got 0 delTX to process.
2019-09-10 22:11:41,208 [SCMBlockDeletingService#0] DEBUG block.SCMBlockDeletingService (SCMBlockDeletingService.java:call(138)) - Running DeletedBlockTransactionScanner
2019-09-10 22:11:41,209 [SCMBlockDeletingService#0] DEBUG block.SCMBlockDeletingService (SCMBlockDeletingService.java:call(155)) - Scanned deleted blocks log and got 0 delTX to process.
2019-09-10 22:11:41,563 [SCMBlockDeletingService#0] DEBUG block.SCMBlockDeletingService (SCMBlockDeletingService.java:call(138)) - Running DeletedBlockTransactionScanner
2019-09-10 22:11:41,564 [SCMBlockDeletingService#0] DEBUG block.SCMBlockDeletingService (SCMBlockDeletingService.java:call(155)) - Scanned deleted blocks log and got 0 delTX to process.
2019-09-10 22:11:41,665 [SCMBlockDeletingService#0] DEBUG block.SCMBlockDeletingService (SCMBlockDeletingService.java:call(138)) - Running DeletedBlockTransactionScanner
2019-09-10 22:11:41,666 [SCMBlockDeletingService#0] DEBUG block.SCMBlockDeletingService (SCMBlockDeletingService.java:call(155)) - Scanned deleted blocks log and got 0 delTX to process.
2019-09-10 22:11:41,727 [main] INFO  impl.MetricsSystemImpl (MetricsSystemImpl.java:init(158)) - XceiverClientMetrics metrics system started (again)
2019-09-10 22:11:41,766 [SCMBlockDeletingService#0] DEBUG block.SCMBlockDeletingService (SCMBlockDeletingService.java:call(138)) - Running DeletedBlockTransactionScanner
2019-09-10 22:11:41,766 [SCMBlockDeletingService#0] DEBUG block.SCMBlockDeletingService (SCMBlockDeletingService.java:call(155)) - Scanned deleted blocks log and got 0 delTX to process.
2019-09-10 22:11:41,867 [SCMBlockDeletingService#0] DEBUG block.SCMBlockDeletingService (SCMBlockDeletingService.java:call(138)) - Running DeletedBlockTransactionScanner
2019-09-10 22:11:41,867 [SCMBlockDeletingService#0] DEBUG block.SCMBlockDeletingService (SCMBlockDeletingService.java:call(155)) - Scanned deleted blocks log and got 0 delTX to process.
2019-09-10 22:11:41,876 [grpc-default-executor-0] INFO  client.GrpcClientProtocolClient (GrpcClientProtocolClient.java:onNext(255)) - client-0C76110B8A2B->ed5d81fa-aaf0-49db-aa57-acca1dd387bd: receive RaftClientReply:client-0C76110B8A2B->ed5d81fa-aaf0-49db-aa57-acca1dd387bd@group-729F0664FEA8, cid=1, FAILED org.apache.ratis.protocol.NotLeaderException: Server ed5d81fa-aaf0-49db-aa57-acca1dd387bd is not the leader (null). Request must be sent to leader., logIndex=0, commits[ed5d81fa-aaf0-49db-aa57-acca1dd387bd:c-1]
2019-09-10 22:11:41,967 [SCMBlockDeletingService#0] DEBUG block.SCMBlockDeletingService (SCMBlockDeletingService.java:call(138)) - Running DeletedBlockTransactionScanner
2019-09-10 22:11:41,968 [SCMBlockDeletingService#0] DEBUG block.SCMBlockDeletingService (SCMBlockDeletingService.java:call(155)) - Scanned deleted blocks log and got 0 delTX to process.
2019-09-10 22:11:42,068 [SCMBlockDeletingService#0] DEBUG block.SCMBlockDeletingService (SCMBlockDeletingService.java:call(138)) - Running DeletedBlockTransactionScanner
2019-09-10 22:11:42,068 [SCMBlockDeletingService#0] DEBUG block.SCMBlockDeletingService (SCMBlockDeletingService.java:call(155)) - Scanned deleted blocks log and got 0 delTX to process.
2019-09-10 22:11:42,169 [SCMBlockDeletingService#0] DEBUG block.SCMBlockDeletingService (SCMBlockDeletingService.java:call(138)) - Running DeletedBlockTransactionScanner
2019-09-10 22:11:42,169 [SCMBlockDeletingService#0] DEBUG block.SCMBlockDeletingService (SCMBlockDeletingService.java:call(155)) - Scanned deleted blocks log and got 0 delTX to process.
2019-09-10 22:11:42,269 [SCMBlockDeletingService#0] DEBUG block.SCMBlockDeletingService (SCMBlockDeletingService.java:call(138)) - Running DeletedBlockTransactionScanner
2019-09-10 22:11:42,270 [SCMBlockDeletingService#0] DEBUG block.SCMBlockDeletingService (SCMBlockDeletingService.java:call(155)) - Scanned deleted blocks log and got 0 delTX to process.
2019-09-10 22:11:42,370 [SCMBlockDeletingService#0] DEBUG block.SCMBlockDeletingService (SCMBlockDeletingService.java:call(138)) - Running DeletedBlockTransactionScanner
2019-09-10 22:11:42,371 [SCMBlockDeletingService#0] DEBUG block.SCMBlockDeletingService (SCMBlockDeletingService.java:call(155)) - Scanned deleted blocks log and got 0 delTX to process.
2019-09-10 22:11:42,471 [SCMBlockDeletingService#0] DEBUG block.SCMBlockDeletingService (SCMBlockDeletingService.java:call(138)) - Running DeletedBlockTransactionScanner
2019-09-10 22:11:42,471 [SCMBlockDeletingService#0] DEBUG block.SCMBlockDeletingService (SCMBlockDeletingService.java:call(155)) - Scanned deleted blocks log and got 0 delTX to process.
2019-09-10 22:11:42,572 [SCMBlockDeletingService#0] DEBUG block.SCMBlockDeletingService (SCMBlockDeletingService.java:call(138)) - Running DeletedBlockTransactionScanner
2019-09-10 22:11:42,572 [SCMBlockDeletingService#0] DEBUG block.SCMBlockDeletingService (SCMBlockDeletingService.java:call(155)) - Scanned deleted blocks log and got 0 delTX to process.
2019-09-10 22:11:42,672 [SCMBlockDeletingService#0] DEBUG block.SCMBlockDeletingService (SCMBlockDeletingService.java:call(138)) - Running DeletedBlockTransactionScanner
2019-09-10 22:11:42,673 [SCMBlockDeletingService#0] DEBUG block.SCMBlockDeletingService (SCMBlockDeletingService.java:call(155)) - Scanned deleted blocks log and got 0 delTX to process.
2019-09-10 22:11:42,773 [SCMBlockDeletingService#1] DEBUG block.SCMBlockDeletingService (SCMBlockDeletingService.java:call(138)) - Running DeletedBlockTransactionScanner
2019-09-10 22:11:42,774 [SCMBlockDeletingService#1] DEBUG block.SCMBlockDeletingService (SCMBlockDeletingService.java:call(155)) - Scanned deleted blocks log and got 0 delTX to process.
2019-09-10 22:11:42,874 [SCMBlockDeletingService#1] DEBUG block.SCMBlockDeletingService (SCMBlockDeletingService.java:call(138)) - Running DeletedBlockTransactionScanner
2019-09-10 22:11:42,875 [SCMBlockDeletingService#1] DEBUG block.SCMBlockDeletingService (SCMBlockDeletingService.java:call(155)) - Scanned deleted blocks log and got 0 delTX to process.
2019-09-10 22:11:42,975 [SCMBlockDeletingService#1] DEBUG block.SCMBlockDeletingService (SCMBlockDeletingService.java:call(138)) - Running DeletedBlockTransactionScanner
2019-09-10 22:11:42,975 [SCMBlockDeletingService#1] DEBUG block.SCMBlockDeletingService (SCMBlockDeletingService.java:call(155)) - Scanned deleted blocks log and got 0 delTX to process.
2019-09-10 22:11:43,076 [SCMBlockDeletingService#1] DEBUG block.SCMBlockDeletingService (SCMBlockDeletingService.java:call(138)) - Running DeletedBlockTransactionScanner
2019-09-10 22:11:43,076 [SCMBlockDeletingService#1] DEBUG block.SCMBlockDeletingService (SCMBlockDeletingService.java:call(155)) - Scanned deleted blocks log and got 0 delTX to process.
2019-09-10 22:11:43,125 [Thread-158] INFO  impl.FollowerState (FollowerState.java:run(106)) - ed5d81fa-aaf0-49db-aa57-acca1dd387bd:group-729F0664FEA8 changes to CANDIDATE, lastRpcTime:5029, electionTimeout:5028ms
2019-09-10 22:11:43,125 [Thread-158] INFO  impl.RoleInfo (RoleInfo.java:shutdownFollowerState(121)) - ed5d81fa-aaf0-49db-aa57-acca1dd387bd: shutdown FollowerState
2019-09-10 22:11:43,126 [Thread-158] INFO  impl.RaftServerImpl (RaftServerImpl.java:setRole(171)) - ed5d81fa-aaf0-49db-aa57-acca1dd387bd:group-729F0664FEA8 changes role from FOLLOWER to CANDIDATE at term 0 for changeToCandidate
2019-09-10 22:11:43,130 [Thread-158] INFO  impl.RoleInfo (RoleInfo.java:updateAndGet(143)) - ed5d81fa-aaf0-49db-aa57-acca1dd387bd: start LeaderElection
2019-09-10 22:11:43,141 [ed5d81fa-aaf0-49db-aa57-acca1dd387bd:group-729F0664FEA8:LeaderElection1] INFO  impl.LeaderElection (LeaderElection.java:askForVotes(181)) - ed5d81fa-aaf0-49db-aa57-acca1dd387bd:group-729F0664FEA8:LeaderElection1: begin an election at term 1 for -1: [ed5d81fa-aaf0-49db-aa57-acca1dd387bd:192.168.157.245:39028], old=null
2019-09-10 22:11:43,143 [ed5d81fa-aaf0-49db-aa57-acca1dd387bd:group-729F0664FEA8:LeaderElection1] INFO  impl.RoleInfo (RoleInfo.java:shutdownLeaderElection(134)) - ed5d81fa-aaf0-49db-aa57-acca1dd387bd: shutdown LeaderElection
2019-09-10 22:11:43,144 [ed5d81fa-aaf0-49db-aa57-acca1dd387bd:group-729F0664FEA8:LeaderElection1] INFO  impl.RaftServerImpl (RaftServerImpl.java:setRole(171)) - ed5d81fa-aaf0-49db-aa57-acca1dd387bd:group-729F0664FEA8 changes role from CANDIDATE to LEADER at term 1 for changeToLeader
2019-09-10 22:11:43,144 [ed5d81fa-aaf0-49db-aa57-acca1dd387bd:group-729F0664FEA8:LeaderElection1] INFO  impl.RaftServerImpl (ServerState.java:setLeader(263)) - ed5d81fa-aaf0-49db-aa57-acca1dd387bd:group-729F0664FEA8 change Leader from null to ed5d81fa-aaf0-49db-aa57-acca1dd387bd at term 1 for becomeLeader, leader elected after 5122ms
2019-09-10 22:11:43,151 [ed5d81fa-aaf0-49db-aa57-acca1dd387bd:group-729F0664FEA8:LeaderElection1] INFO  server.RaftServerConfigKeys (ConfUtils.java:logGet(43)) - raft.server.staging.catchup.gap = 1000 (default)
2019-09-10 22:11:43,151 [ed5d81fa-aaf0-49db-aa57-acca1dd387bd:group-729F0664FEA8:LeaderElection1] INFO  server.RaftServerConfigKeys (ConfUtils.java:logGet(43)) - raft.server.rpc.sleep.time = 25ms (default)
2019-09-10 22:11:43,155 [ed5d81fa-aaf0-49db-aa57-acca1dd387bd:group-729F0664FEA8:LeaderElection1] INFO  server.RaftServerConfigKeys (ConfUtils.java:logGet(43)) - raft.server.write.element-limit = 4096 (default)
2019-09-10 22:11:43,158 [ed5d81fa-aaf0-49db-aa57-acca1dd387bd:group-729F0664FEA8:LeaderElection1] INFO  server.RaftServerConfigKeys (ConfUtils.java:logGet(43)) - raft.server.watch.timeout = 10s (default)
2019-09-10 22:11:43,158 [ed5d81fa-aaf0-49db-aa57-acca1dd387bd:group-729F0664FEA8:LeaderElection1] INFO  server.RaftServerConfigKeys (ConfUtils.java:logGet(43)) - raft.server.watch.timeout.denomination = 1s (default)
2019-09-10 22:11:43,159 [ed5d81fa-aaf0-49db-aa57-acca1dd387bd:group-729F0664FEA8:LeaderElection1] INFO  server.RaftServerConfigKeys (ConfUtils.java:logGet(43)) - raft.server.watch.element-limit = 65536 (default)
2019-09-10 22:11:43,169 [ed5d81fa-aaf0-49db-aa57-acca1dd387bd:group-729F0664FEA8:LeaderElection1] INFO  impl.RoleInfo (RoleInfo.java:updateAndGet(143)) - ed5d81fa-aaf0-49db-aa57-acca1dd387bd: start LeaderState
2019-09-10 22:11:43,177 [SCMBlockDeletingService#1] DEBUG block.SCMBlockDeletingService (SCMBlockDeletingService.java:call(138)) - Running DeletedBlockTransactionScanner
2019-09-10 22:11:43,177 [SCMBlockDeletingService#1] DEBUG block.SCMBlockDeletingService (SCMBlockDeletingService.java:call(155)) - Scanned deleted blocks log and got 0 delTX to process.
2019-09-10 22:11:43,191 [ed5d81fa-aaf0-49db-aa57-acca1dd387bd:group-729F0664FEA8:LeaderElection1] INFO  segmented.SegmentedRaftLogWorker (SegmentedRaftLogWorker.java:startLogSegment(380)) - ed5d81fa-aaf0-49db-aa57-acca1dd387bd-SegmentedRaftLogWorker:Storage Directory /workdir/hadoop-ozone/integration-test/target/test-dir/MiniOzoneClusterImpl-60bdcf22-3eb0-4011-b7cb-43d16866ba5a/datanode-0/data/ratis/a92760da-343f-4e6a-a8dc-729f0664fea8: Starting segment from index:0
2019-09-10 22:11:43,201 [ed5d81fa-aaf0-49db-aa57-acca1dd387bd:group-729F0664FEA8:LeaderElection1] INFO  impl.RaftServerImpl (ServerState.java:setRaftConf(361)) - ed5d81fa-aaf0-49db-aa57-acca1dd387bd:group-729F0664FEA8 set configuration 0: [ed5d81fa-aaf0-49db-aa57-acca1dd387bd:192.168.157.245:39028], old=null at 0
2019-09-10 22:11:43,277 [SCMBlockDeletingService#1] DEBUG block.SCMBlockDeletingService (SCMBlockDeletingService.java:call(138)) - Running DeletedBlockTransactionScanner
2019-09-10 22:11:43,278 [SCMBlockDeletingService#1] DEBUG block.SCMBlockDeletingService (SCMBlockDeletingService.java:call(155)) - Scanned deleted blocks log and got 0 delTX to process.
2019-09-10 22:11:43,378 [SCMBlockDeletingService#1] DEBUG block.SCMBlockDeletingService (SCMBlockDeletingService.java:call(138)) - Running DeletedBlockTransactionScanner
2019-09-10 22:11:43,379 [SCMBlockDeletingService#1] DEBUG block.SCMBlockDeletingService (SCMBlockDeletingService.java:call(155)) - Scanned deleted blocks log and got 0 delTX to process.
2019-09-10 22:11:43,387 [ed5d81fa-aaf0-49db-aa57-acca1dd387bd-SegmentedRaftLogWorker:Storage Directory /workdir/hadoop-ozone/integration-test/target/test-dir/MiniOzoneClusterImpl-60bdcf22-3eb0-4011-b7cb-43d16866ba5a/datanode-0/data/ratis/a92760da-343f-4e6a-a8dc-729f0664fea8] INFO  segmented.SegmentedRaftLogWorker (SegmentedRaftLogWorker.java:execute(569)) - ed5d81fa-aaf0-49db-aa57-acca1dd387bd-SegmentedRaftLogWorker:Storage Directory /workdir/hadoop-ozone/integration-test/target/test-dir/MiniOzoneClusterImpl-60bdcf22-3eb0-4011-b7cb-43d16866ba5a/datanode-0/data/ratis/a92760da-343f-4e6a-a8dc-729f0664fea8: created new log segment /workdir/hadoop-ozone/integration-test/target/test-dir/MiniOzoneClusterImpl-60bdcf22-3eb0-4011-b7cb-43d16866ba5a/datanode-0/data/ratis/a92760da-343f-4e6a-a8dc-729f0664fea8/current/log_inprogress_0
2019-09-10 22:11:43,479 [SCMBlockDeletingService#1] DEBUG block.SCMBlockDeletingService (SCMBlockDeletingService.java:call(138)) - Running DeletedBlockTransactionScanner
2019-09-10 22:11:43,479 [SCMBlockDeletingService#1] DEBUG block.SCMBlockDeletingService (SCMBlockDeletingService.java:call(155)) - Scanned deleted blocks log and got 0 delTX to process.
2019-09-10 22:11:43,580 [SCMBlockDeletingService#1] DEBUG block.SCMBlockDeletingService (SCMBlockDeletingService.java:call(138)) - Running DeletedBlockTransactionScanner
2019-09-10 22:11:43,580 [SCMBlockDeletingService#1] DEBUG block.SCMBlockDeletingService (SCMBlockDeletingService.java:call(155)) - Scanned deleted blocks log and got 0 delTX to process.
2019-09-10 22:11:43,680 [SCMBlockDeletingService#1] DEBUG block.SCMBlockDeletingService (SCMBlockDeletingService.java:call(138)) - Running DeletedBlockTransactionScanner
2019-09-10 22:11:43,681 [SCMBlockDeletingService#1] DEBUG block.SCMBlockDeletingService (SCMBlockDeletingService.java:call(155)) - Scanned deleted blocks log and got 0 delTX to process.
2019-09-10 22:11:43,781 [SCMBlockDeletingService#1] DEBUG block.SCMBlockDeletingService (SCMBlockDeletingService.java:call(138)) - Running DeletedBlockTransactionScanner
2019-09-10 22:11:43,781 [SCMBlockDeletingService#1] DEBUG block.SCMBlockDeletingService (SCMBlockDeletingService.java:call(155)) - Scanned deleted blocks log and got 0 delTX to process.
2019-09-10 22:11:43,882 [SCMBlockDeletingService#1] DEBUG block.SCMBlockDeletingService (SCMBlockDeletingService.java:call(138)) - Running DeletedBlockTransactionScanner
2019-09-10 22:11:43,882 [SCMBlockDeletingService#1] DEBUG block.SCMBlockDeletingService (SCMBlockDeletingService.java:call(155)) - Scanned deleted blocks log and got 0 delTX to process.
2019-09-10 22:11:43,983 [SCMBlockDeletingService#1] DEBUG block.SCMBlockDeletingService (SCMBlockDeletingService.java:call(138)) - Running DeletedBlockTransactionScanner
2019-09-10 22:11:43,983 [SCMBlockDeletingService#1] DEBUG block.SCMBlockDeletingService (SCMBlockDeletingService.java:call(155)) - Scanned deleted blocks log and got 0 delTX to process.
2019-09-10 22:11:44,083 [SCMBlockDeletingService#1] DEBUG block.SCMBlockDeletingService (SCMBlockDeletingService.java:call(138)) - Running DeletedBlockTransactionScanner
2019-09-10 22:11:44,084 [SCMBlockDeletingService#1] DEBUG block.SCMBlockDeletingService (SCMBlockDeletingService.java:call(155)) - Scanned deleted blocks log and got 0 delTX to process.
2019-09-10 22:11:44,102 [grpc-default-executor-1] INFO  client.GrpcClientProtocolClient (GrpcClientProtocolClient.java:onNext(255)) - client-0C76110B8A2B->ed5d81fa-aaf0-49db-aa57-acca1dd387bd: receive RaftClientReply:client-0C76110B8A2B->ed5d81fa-aaf0-49db-aa57-acca1dd387bd@group-729F0664FEA8, cid=1, SUCCESS, logIndex=1, commits[ed5d81fa-aaf0-49db-aa57-acca1dd387bd:c1]
2019-09-10 22:11:44,184 [SCMBlockDeletingService#1] DEBUG block.SCMBlockDeletingService (SCMBlockDeletingService.java:call(138)) - Running DeletedBlockTransactionScanner
2019-09-10 22:11:44,185 [SCMBlockDeletingService#1] DEBUG block.SCMBlockDeletingService (SCMBlockDeletingService.java:call(155)) - Scanned deleted blocks log and got 0 delTX to process.
2019-09-10 22:11:44,192 [grpc-default-executor-0] INFO  client.GrpcClientProtocolClient (GrpcClientProtocolClient.java:onNext(255)) - client-0C76110B8A2B->ed5d81fa-aaf0-49db-aa57-acca1dd387bd: receive RaftClientReply:client-0C76110B8A2B->ed5d81fa-aaf0-49db-aa57-acca1dd387bd@group-729F0664FEA8, cid=2, SUCCESS, logIndex=3, commits[ed5d81fa-aaf0-49db-aa57-acca1dd387bd:c7]
2019-09-10 22:11:44,195 [grpc-default-executor-0] INFO  client.GrpcClientProtocolClient (GrpcClientProtocolClient.java:onNext(255)) - client-0C76110B8A2B->ed5d81fa-aaf0-49db-aa57-acca1dd387bd: receive RaftClientReply:client-0C76110B8A2B->ed5d81fa-aaf0-49db-aa57-acca1dd387bd@group-729F0664FEA8, cid=3, SUCCESS, logIndex=5, commits[ed5d81fa-aaf0-49db-aa57-acca1dd387bd:c7]
2019-09-10 22:11:44,196 [grpc-default-executor-0] INFO  client.GrpcClientProtocolClient (GrpcClientProtocolClient.java:onNext(255)) - client-0C76110B8A2B->ed5d81fa-aaf0-49db-aa57-acca1dd387bd: receive RaftClientReply:client-0C76110B8A2B->ed5d81fa-aaf0-49db-aa57-acca1dd387bd@group-729F0664FEA8, cid=4, SUCCESS, logIndex=6, commits[ed5d81fa-aaf0-49db-aa57-acca1dd387bd:c7]
2019-09-10 22:11:44,234 [grpc-default-executor-0] INFO  client.GrpcClientProtocolClient (GrpcClientProtocolClient.java:onNext(255)) - client-0C76110B8A2B->ed5d81fa-aaf0-49db-aa57-acca1dd387bd: receive RaftClientReply:client-0C76110B8A2B->ed5d81fa-aaf0-49db-aa57-acca1dd387bd@group-729F0664FEA8, cid=5, SUCCESS, logIndex=8, commits[ed5d81fa-aaf0-49db-aa57-acca1dd387bd:c11]
2019-09-10 22:11:44,237 [grpc-default-executor-0] INFO  client.GrpcClientProtocolClient (GrpcClientProtocolClient.java:onNext(255)) - client-0C76110B8A2B->ed5d81fa-aaf0-49db-aa57-acca1dd387bd: receive RaftClientReply:client-0C76110B8A2B->ed5d81fa-aaf0-49db-aa57-acca1dd387bd@group-729F0664FEA8, cid=6, SUCCESS, logIndex=9, commits[ed5d81fa-aaf0-49db-aa57-acca1dd387bd:c12]
2019-09-10 22:11:44,241 [grpc-default-executor-0] INFO  client.GrpcClientProtocolClient (GrpcClientProtocolClient.java:onNext(255)) - client-0C76110B8A2B->ed5d81fa-aaf0-49db-aa57-acca1dd387bd: receive RaftClientReply:client-0C76110B8A2B->ed5d81fa-aaf0-49db-aa57-acca1dd387bd@group-729F0664FEA8, cid=7, SUCCESS, logIndex=10, commits[ed5d81fa-aaf0-49db-aa57-acca1dd387bd:c13]
2019-09-10 22:11:44,242 [grpc-default-executor-0] INFO  client.GrpcClientProtocolClient (GrpcClientProtocolClient.java:onNext(255)) - client-0C76110B8A2B->ed5d81fa-aaf0-49db-aa57-acca1dd387bd: receive RaftClientReply:client-0C76110B8A2B->ed5d81fa-aaf0-49db-aa57-acca1dd387bd@group-729F0664FEA8, cid=8, SUCCESS, logIndex=11, commits[ed5d81fa-aaf0-49db-aa57-acca1dd387bd:c13]
2019-09-10 22:11:44,286 [SCMBlockDeletingService#1] DEBUG block.SCMBlockDeletingService (SCMBlockDeletingService.java:call(138)) - Running DeletedBlockTransactionScanner
2019-09-10 22:11:44,287 [SCMBlockDeletingService#1] DEBUG block.SCMBlockDeletingService (SCMBlockDeletingService.java:call(155)) - Scanned deleted blocks log and got 0 delTX to process.
2019-09-10 22:11:44,354 [grpc-default-executor-0] INFO  client.GrpcClientProtocolClient (GrpcClientProtocolClient.java:onNext(255)) - client-0C76110B8A2B->ed5d81fa-aaf0-49db-aa57-acca1dd387bd: receive RaftClientReply:client-0C76110B8A2B->ed5d81fa-aaf0-49db-aa57-acca1dd387bd@group-729F0664FEA8, cid=9, SUCCESS, logIndex=14, commits[ed5d81fa-aaf0-49db-aa57-acca1dd387bd:c17]
2019-09-10 22:11:44,387 [SCMBlockDeletingService#1] DEBUG block.SCMBlockDeletingService (SCMBlockDeletingService.java:call(138)) - Running DeletedBlockTransactionScanner
2019-09-10 22:11:44,388 [SCMBlockDeletingService#1] DEBUG block.SCMBlockDeletingService (SCMBlockDeletingService.java:call(155)) - Scanned deleted blocks log and got 0 delTX to process.
2019-09-10 22:11:44,398 [grpc-default-executor-0] INFO  client.GrpcClientProtocolClient (GrpcClientProtocolClient.java:onNext(255)) - client-0C76110B8A2B->ed5d81fa-aaf0-49db-aa57-acca1dd387bd: receive RaftClientReply:client-0C76110B8A2B->ed5d81fa-aaf0-49db-aa57-acca1dd387bd@group-729F0664FEA8, cid=10, SUCCESS, logIndex=15, commits[ed5d81fa-aaf0-49db-aa57-acca1dd387bd:c18]
2019-09-10 22:11:44,399 [grpc-default-executor-0] INFO  client.GrpcClientProtocolClient (GrpcClientProtocolClient.java:onNext(255)) - client-0C76110B8A2B->ed5d81fa-aaf0-49db-aa57-acca1dd387bd: receive RaftClientReply:client-0C76110B8A2B->ed5d81fa-aaf0-49db-aa57-acca1dd387bd@group-729F0664FEA8, cid=11, SUCCESS, logIndex=16, commits[ed5d81fa-aaf0-49db-aa57-acca1dd387bd:c18]
2019-09-10 22:11:44,401 [grpc-default-executor-0] INFO  client.GrpcClientProtocolClient (GrpcClientProtocolClient.java:onNext(255)) - client-0C76110B8A2B->ed5d81fa-aaf0-49db-aa57-acca1dd387bd: receive RaftClientReply:client-0C76110B8A2B->ed5d81fa-aaf0-49db-aa57-acca1dd387bd@group-729F0664FEA8, cid=12, SUCCESS, logIndex=17, commits[ed5d81fa-aaf0-49db-aa57-acca1dd387bd:c18]
2019-09-10 22:11:44,438 [grpc-default-executor-0] INFO  client.GrpcClientProtocolClient (GrpcClientProtocolClient.java:onNext(255)) - client-0C76110B8A2B->ed5d81fa-aaf0-49db-aa57-acca1dd387bd: receive RaftClientReply:client-0C76110B8A2B->ed5d81fa-aaf0-49db-aa57-acca1dd387bd@group-729F0664FEA8, cid=13, SUCCESS, logIndex=19, commits[ed5d81fa-aaf0-49db-aa57-acca1dd387bd:c20]
2019-09-10 22:11:44,439 [grpc-default-executor-0] INFO  client.GrpcClientProtocolClient (GrpcClientProtocolClient.java:onNext(255)) - client-0C76110B8A2B->ed5d81fa-aaf0-49db-aa57-acca1dd387bd: receive RaftClientReply:client-0C76110B8A2B->ed5d81fa-aaf0-49db-aa57-acca1dd387bd@group-729F0664FEA8, cid=14, SUCCESS, logIndex=20, commits[ed5d81fa-aaf0-49db-aa57-acca1dd387bd:c20]
2019-09-10 22:11:44,448 [grpc-default-executor-0] INFO  client.GrpcClientProtocolClient (GrpcClientProtocolClient.java:onNext(255)) - client-0C76110B8A2B->ed5d81fa-aaf0-49db-aa57-acca1dd387bd: receive RaftClientReply:client-0C76110B8A2B->ed5d81fa-aaf0-49db-aa57-acca1dd387bd@group-729F0664FEA8, cid=15, SUCCESS, logIndex=21, commits[ed5d81fa-aaf0-49db-aa57-acca1dd387bd:c23]
2019-09-10 22:11:44,449 [grpc-default-executor-0] INFO  client.GrpcClientProtocolClient (GrpcClientProtocolClient.java:onNext(255)) - client-0C76110B8A2B->ed5d81fa-aaf0-49db-aa57-acca1dd387bd: receive RaftClientReply:client-0C76110B8A2B->ed5d81fa-aaf0-49db-aa57-acca1dd387bd@group-729F0664FEA8, cid=16, SUCCESS, logIndex=22, commits[ed5d81fa-aaf0-49db-aa57-acca1dd387bd:c23]
2019-09-10 22:11:44,488 [SCMBlockDeletingService#1] DEBUG block.SCMBlockDeletingService (SCMBlockDeletingService.java:call(138)) - Running DeletedBlockTransactionScanner
2019-09-10 22:11:44,488 [SCMBlockDeletingService#1] DEBUG block.SCMBlockDeletingService (SCMBlockDeletingService.java:call(155)) - Scanned deleted blocks log and got 0 delTX to process.
2019-09-10 22:11:44,572 [grpc-default-executor-0] INFO  client.GrpcClientProtocolClient (GrpcClientProtocolClient.java:onNext(255)) - client-0C76110B8A2B->ed5d81fa-aaf0-49db-aa57-acca1dd387bd: receive RaftClientReply:client-0C76110B8A2B->ed5d81fa-aaf0-49db-aa57-acca1dd387bd@group-729F0664FEA8, cid=17, SUCCESS, logIndex=24, commits[ed5d81fa-aaf0-49db-aa57-acca1dd387bd:c27]
2019-09-10 22:11:44,589 [SCMBlockDeletingService#1] DEBUG block.SCMBlockDeletingService (SCMBlockDeletingService.java:call(138)) - Running DeletedBlockTransactionScanner
2019-09-10 22:11:44,589 [SCMBlockDeletingService#1] DEBUG block.SCMBlockDeletingService (SCMBlockDeletingService.java:call(155)) - Scanned deleted blocks log and got 0 delTX to process.
2019-09-10 22:11:44,617 [grpc-default-executor-0] INFO  client.GrpcClientProtocolClient (GrpcClientProtocolClient.java:onNext(255)) - client-0C76110B8A2B->ed5d81fa-aaf0-49db-aa57-acca1dd387bd: receive RaftClientReply:client-0C76110B8A2B->ed5d81fa-aaf0-49db-aa57-acca1dd387bd@group-729F0664FEA8, cid=18, SUCCESS, logIndex=25, commits[ed5d81fa-aaf0-49db-aa57-acca1dd387bd:c28]
2019-09-10 22:11:44,619 [grpc-default-executor-0] INFO  client.GrpcClientProtocolClient (GrpcClientProtocolClient.java:onNext(255)) - client-0C76110B8A2B->ed5d81fa-aaf0-49db-aa57-acca1dd387bd: receive RaftClientReply:client-0C76110B8A2B->ed5d81fa-aaf0-49db-aa57-acca1dd387bd@group-729F0664FEA8, cid=19, SUCCESS, logIndex=26, commits[ed5d81fa-aaf0-49db-aa57-acca1dd387bd:c28]
2019-09-10 22:11:44,620 [grpc-default-executor-0] INFO  client.GrpcClientProtocolClient (GrpcClientProtocolClient.java:onNext(255)) - client-0C76110B8A2B->ed5d81fa-aaf0-49db-aa57-acca1dd387bd: receive RaftClientReply:client-0C76110B8A2B->ed5d81fa-aaf0-49db-aa57-acca1dd387bd@group-729F0664FEA8, cid=20, SUCCESS, logIndex=27, commits[ed5d81fa-aaf0-49db-aa57-acca1dd387bd:c28]
2019-09-10 22:11:44,655 [grpc-default-executor-0] INFO  client.GrpcClientProtocolClient (GrpcClientProtocolClient.java:onNext(255)) - client-0C76110B8A2B->ed5d81fa-aaf0-49db-aa57-acca1dd387bd: receive RaftClientReply:client-0C76110B8A2B->ed5d81fa-aaf0-49db-aa57-acca1dd387bd@group-729F0664FEA8, cid=21, SUCCESS, logIndex=29, commits[ed5d81fa-aaf0-49db-aa57-acca1dd387bd:c30]
2019-09-10 22:11:44,661 [grpc-default-executor-0] INFO  client.GrpcClientProtocolClient (GrpcClientProtocolClient.java:onNext(255)) - client-0C76110B8A2B->ed5d81fa-aaf0-49db-aa57-acca1dd387bd: receive RaftClientReply:client-0C76110B8A2B->ed5d81fa-aaf0-49db-aa57-acca1dd387bd@group-729F0664FEA8, cid=22, SUCCESS, logIndex=30, commits[ed5d81fa-aaf0-49db-aa57-acca1dd387bd:c34]
2019-09-10 22:11:44,662 [grpc-default-executor-0] INFO  client.GrpcClientProtocolClient (GrpcClientProtocolClient.java:onNext(255)) - client-0C76110B8A2B->ed5d81fa-aaf0-49db-aa57-acca1dd387bd: receive RaftClientReply:client-0C76110B8A2B->ed5d81fa-aaf0-49db-aa57-acca1dd387bd@group-729F0664FEA8, cid=23, SUCCESS, logIndex=31, commits[ed5d81fa-aaf0-49db-aa57-acca1dd387bd:c34]
2019-09-10 22:11:44,663 [grpc-default-executor-0] INFO  client.GrpcClientProtocolClient (GrpcClientProtocolClient.java:onNext(255)) - client-0C76110B8A2B->ed5d81fa-aaf0-49db-aa57-acca1dd387bd: receive RaftClientReply:client-0C76110B8A2B->ed5d81fa-aaf0-49db-aa57-acca1dd387bd@group-729F0664FEA8, cid=24, SUCCESS, logIndex=32, commits[ed5d81fa-aaf0-49db-aa57-acca1dd387bd:c34]
2019-09-10 22:11:44,690 [SCMBlockDeletingService#1] DEBUG block.SCMBlockDeletingService (SCMBlockDeletingService.java:call(138)) - Running DeletedBlockTransactionScanner
2019-09-10 22:11:44,690 [SCMBlockDeletingService#1] DEBUG block.SCMBlockDeletingService (SCMBlockDeletingService.java:call(155)) - Scanned deleted blocks log and got 0 delTX to process.
2019-09-10 22:11:44,695 [grpc-default-executor-0] INFO  client.GrpcClientProtocolClient (GrpcClientProtocolClient.java:onNext(255)) - client-0C76110B8A2B->ed5d81fa-aaf0-49db-aa57-acca1dd387bd: receive RaftClientReply:client-0C76110B8A2B->ed5d81fa-aaf0-49db-aa57-acca1dd387bd@group-729F0664FEA8, cid=25, SUCCESS, logIndex=35, commits[ed5d81fa-aaf0-49db-aa57-acca1dd387bd:c38]
2019-09-10 22:11:44,698 [grpc-default-executor-0] INFO  client.GrpcClientProtocolClient (GrpcClientProtocolClient.java:onNext(255)) - client-0C76110B8A2B->ed5d81fa-aaf0-49db-aa57-acca1dd387bd: receive RaftClientReply:client-0C76110B8A2B->ed5d81fa-aaf0-49db-aa57-acca1dd387bd@group-729F0664FEA8, cid=26, SUCCESS, logIndex=36, commits[ed5d81fa-aaf0-49db-aa57-acca1dd387bd:c39]
2019-09-10 22:11:44,699 [grpc-default-executor-0] INFO  client.GrpcClientProtocolClient (GrpcClientProtocolClient.java:onNext(255)) - client-0C76110B8A2B->ed5d81fa-aaf0-49db-aa57-acca1dd387bd: receive RaftClientReply:client-0C76110B8A2B->ed5d81fa-aaf0-49db-aa57-acca1dd387bd@group-729F0664FEA8, cid=27, SUCCESS, logIndex=37, commits[ed5d81fa-aaf0-49db-aa57-acca1dd387bd:c40]
2019-09-10 22:11:44,700 [grpc-default-executor-0] INFO  client.GrpcClientProtocolClient (GrpcClientProtocolClient.java:onNext(255)) - client-0C76110B8A2B->ed5d81fa-aaf0-49db-aa57-acca1dd387bd: receive RaftClientReply:client-0C76110B8A2B->ed5d81fa-aaf0-49db-aa57-acca1dd387bd@group-729F0664FEA8, cid=28, SUCCESS, logIndex=38, commits[ed5d81fa-aaf0-49db-aa57-acca1dd387bd:c40]
2019-09-10 22:11:44,728 [grpc-default-executor-0] INFO  client.GrpcClientProtocolClient (GrpcClientProtocolClient.java:onNext(255)) - client-0C76110B8A2B->ed5d81fa-aaf0-49db-aa57-acca1dd387bd: receive RaftClientReply:client-0C76110B8A2B->ed5d81fa-aaf0-49db-aa57-acca1dd387bd@group-729F0664FEA8, cid=29, SUCCESS, logIndex=41, commits[ed5d81fa-aaf0-49db-aa57-acca1dd387bd:c42]
2019-09-10 22:11:44,729 [grpc-default-executor-0] INFO  client.GrpcClientProtocolClient (GrpcClientProtocolClient.java:onNext(255)) - client-0C76110B8A2B->ed5d81fa-aaf0-49db-aa57-acca1dd387bd: receive RaftClientReply:client-0C76110B8A2B->ed5d81fa-aaf0-49db-aa57-acca1dd387bd@group-729F0664FEA8, cid=30, SUCCESS, logIndex=42, commits[ed5d81fa-aaf0-49db-aa57-acca1dd387bd:c42]
2019-09-10 22:11:44,738 [grpc-default-executor-0] INFO  client.GrpcClientProtocolClient (GrpcClientProtocolClient.java:onNext(255)) - client-0C76110B8A2B->ed5d81fa-aaf0-49db-aa57-acca1dd387bd: receive RaftClientReply:client-0C76110B8A2B->ed5d81fa-aaf0-49db-aa57-acca1dd387bd@group-729F0664FEA8, cid=31, SUCCESS, logIndex=43, commits[ed5d81fa-aaf0-49db-aa57-acca1dd387bd:c44]
2019-09-10 22:11:44,738 [grpc-default-executor-0] INFO  client.GrpcClientProtocolClient (GrpcClientProtocolClient.java:onNext(255)) - client-0C76110B8A2B->ed5d81fa-aaf0-49db-aa57-acca1dd387bd: receive RaftClientReply:client-0C76110B8A2B->ed5d81fa-aaf0-49db-aa57-acca1dd387bd@group-729F0664FEA8, cid=32, SUCCESS, logIndex=44, commits[ed5d81fa-aaf0-49db-aa57-acca1dd387bd:c46]
2019-09-10 22:11:44,764 [grpc-default-executor-0] INFO  client.GrpcClientProtocolClient (GrpcClientProtocolClient.java:onNext(255)) - client-0C76110B8A2B->ed5d81fa-aaf0-49db-aa57-acca1dd387bd: receive RaftClientReply:client-0C76110B8A2B->ed5d81fa-aaf0-49db-aa57-acca1dd387bd@group-729F0664FEA8, cid=33, SUCCESS, logIndex=47, commits[ed5d81fa-aaf0-49db-aa57-acca1dd387bd:c48]
2019-09-10 22:11:44,764 [grpc-default-executor-0] INFO  client.GrpcClientProtocolClient (GrpcClientProtocolClient.java:onNext(255)) - client-0C76110B8A2B->ed5d81fa-aaf0-49db-aa57-acca1dd387bd: receive RaftClientReply:client-0C76110B8A2B->ed5d81fa-aaf0-49db-aa57-acca1dd387bd@group-729F0664FEA8, cid=34, SUCCESS, logIndex=48, commits[ed5d81fa-aaf0-49db-aa57-acca1dd387bd:c48]
2019-09-10 22:11:44,774 [grpc-default-executor-0] INFO  client.GrpcClientProtocolClient (GrpcClientProtocolClient.java:onNext(255)) - client-0C76110B8A2B->ed5d81fa-aaf0-49db-aa57-acca1dd387bd: receive RaftClientReply:client-0C76110B8A2B->ed5d81fa-aaf0-49db-aa57-acca1dd387bd@group-729F0664FEA8, cid=35, SUCCESS, logIndex=49, commits[ed5d81fa-aaf0-49db-aa57-acca1dd387bd:c51]
2019-09-10 22:11:44,775 [grpc-default-executor-0] INFO  client.GrpcClientProtocolClient (GrpcClientProtocolClient.java:onNext(255)) - client-0C76110B8A2B->ed5d81fa-aaf0-49db-aa57-acca1dd387bd: receive RaftClientReply:client-0C76110B8A2B->ed5d81fa-aaf0-49db-aa57-acca1dd387bd@group-729F0664FEA8, cid=36, SUCCESS, logIndex=50, commits[ed5d81fa-aaf0-49db-aa57-acca1dd387bd:c51]
2019-09-10 22:11:44,791 [SCMBlockDeletingService#1] DEBUG block.SCMBlockDeletingService (SCMBlockDeletingService.java:call(138)) - Running DeletedBlockTransactionScanner
2019-09-10 22:11:44,791 [SCMBlockDeletingService#1] DEBUG block.SCMBlockDeletingService (SCMBlockDeletingService.java:call(155)) - Scanned deleted blocks log and got 0 delTX to process.
2019-09-10 22:11:44,793 [grpc-default-executor-1] INFO  client.GrpcClientProtocolClient (GrpcClientProtocolClient.java:onNext(255)) - client-0C76110B8A2B->ed5d81fa-aaf0-49db-aa57-acca1dd387bd: receive RaftClientReply:client-0C76110B8A2B->ed5d81fa-aaf0-49db-aa57-acca1dd387bd@group-729F0664FEA8, cid=37, SUCCESS, logIndex=52, commits[ed5d81fa-aaf0-49db-aa57-acca1dd387bd:c53]
2019-09-10 22:11:44,794 [grpc-default-executor-1] INFO  client.GrpcClientProtocolClient (GrpcClientProtocolClient.java:onNext(255)) - client-0C76110B8A2B->ed5d81fa-aaf0-49db-aa57-acca1dd387bd: receive RaftClientReply:client-0C76110B8A2B->ed5d81fa-aaf0-49db-aa57-acca1dd387bd@group-729F0664FEA8, cid=38, SUCCESS, logIndex=53, commits[ed5d81fa-aaf0-49db-aa57-acca1dd387bd:c53]
2019-09-10 22:11:44,806 [grpc-default-executor-1] INFO  client.GrpcClientProtocolClient (GrpcClientProtocolClient.java:onNext(255)) - client-0C76110B8A2B->ed5d81fa-aaf0-49db-aa57-acca1dd387bd: receive RaftClientReply:client-0C76110B8A2B->ed5d81fa-aaf0-49db-aa57-acca1dd387bd@group-729F0664FEA8, cid=39, SUCCESS, logIndex=54, commits[ed5d81fa-aaf0-49db-aa57-acca1dd387bd:c56]
2019-09-10 22:11:44,807 [grpc-default-executor-1] INFO  client.GrpcClientProtocolClient (GrpcClientProtocolClient.java:onNext(255)) - client-0C76110B8A2B->ed5d81fa-aaf0-49db-aa57-acca1dd387bd: receive RaftClientReply:client-0C76110B8A2B->ed5d81fa-aaf0-49db-aa57-acca1dd387bd@group-729F0664FEA8, cid=40, SUCCESS, logIndex=56, commits[ed5d81fa-aaf0-49db-aa57-acca1dd387bd:c56]
2019-09-10 22:11:44,832 [grpc-default-executor-1] INFO  client.GrpcClientProtocolClient (GrpcClientProtocolClient.java:onNext(255)) - client-0C76110B8A2B->ed5d81fa-aaf0-49db-aa57-acca1dd387bd: receive RaftClientReply:client-0C76110B8A2B->ed5d81fa-aaf0-49db-aa57-acca1dd387bd@group-729F0664FEA8, cid=41, SUCCESS, logIndex=58, commits[ed5d81fa-aaf0-49db-aa57-acca1dd387bd:c59]
2019-09-10 22:11:44,834 [grpc-default-executor-1] INFO  client.GrpcClientProtocolClient (GrpcClientProtocolClient.java:onNext(255)) - client-0C76110B8A2B->ed5d81fa-aaf0-49db-aa57-acca1dd387bd: receive RaftClientReply:client-0C76110B8A2B->ed5d81fa-aaf0-49db-aa57-acca1dd387bd@group-729F0664FEA8, cid=42, SUCCESS, logIndex=59, commits[ed5d81fa-aaf0-49db-aa57-acca1dd387bd:c62]
2019-09-10 22:11:44,834 [grpc-default-executor-1] INFO  client.GrpcClientProtocolClient (GrpcClientProtocolClient.java:onNext(255)) - client-0C76110B8A2B->ed5d81fa-aaf0-49db-aa57-acca1dd387bd: receive RaftClientReply:client-0C76110B8A2B->ed5d81fa-aaf0-49db-aa57-acca1dd387bd@group-729F0664FEA8, cid=43, SUCCESS, logIndex=60, commits[ed5d81fa-aaf0-49db-aa57-acca1dd387bd:c63]
2019-09-10 22:11:44,835 [grpc-default-executor-1] INFO  client.GrpcClientProtocolClient (GrpcClientProtocolClient.java:onNext(255)) - client-0C76110B8A2B->ed5d81fa-aaf0-49db-aa57-acca1dd387bd: receive RaftClientReply:client-0C76110B8A2B->ed5d81fa-aaf0-49db-aa57-acca1dd387bd@group-729F0664FEA8, cid=44, SUCCESS, logIndex=61, commits[ed5d81fa-aaf0-49db-aa57-acca1dd387bd:c63]
2019-09-10 22:11:44,892 [SCMBlockDeletingService#1] DEBUG block.SCMBlockDeletingService (SCMBlockDeletingService.java:call(138)) - Running DeletedBlockTransactionScanner
2019-09-10 22:11:44,892 [SCMBlockDeletingService#1] DEBUG block.SCMBlockDeletingService (SCMBlockDeletingService.java:call(155)) - Scanned deleted blocks log and got 0 delTX to process.
2019-09-10 22:11:44,959 [grpc-default-executor-0] INFO  client.GrpcClientProtocolClient (GrpcClientProtocolClient.java:onNext(255)) - client-0C76110B8A2B->ed5d81fa-aaf0-49db-aa57-acca1dd387bd: receive RaftClientReply:client-0C76110B8A2B->ed5d81fa-aaf0-49db-aa57-acca1dd387bd@group-729F0664FEA8, cid=45, SUCCESS, logIndex=64, commits[ed5d81fa-aaf0-49db-aa57-acca1dd387bd:c67]
2019-09-10 22:11:44,960 [grpc-default-executor-0] INFO  client.GrpcClientProtocolClient (GrpcClientProtocolClient.java:onNext(255)) - client-0C76110B8A2B->ed5d81fa-aaf0-49db-aa57-acca1dd387bd: receive RaftClientReply:client-0C76110B8A2B->ed5d81fa-aaf0-49db-aa57-acca1dd387bd@group-729F0664FEA8, cid=46, SUCCESS, logIndex=65, commits[ed5d81fa-aaf0-49db-aa57-acca1dd387bd:c67]
2019-09-10 22:11:44,961 [grpc-default-executor-0] INFO  client.GrpcClientProtocolClient (GrpcClientProtocolClient.java:onNext(255)) - client-0C76110B8A2B->ed5d81fa-aaf0-49db-aa57-acca1dd387bd: receive RaftClientReply:client-0C76110B8A2B->ed5d81fa-aaf0-49db-aa57-acca1dd387bd@group-729F0664FEA8, cid=47, SUCCESS, logIndex=66, commits[ed5d81fa-aaf0-49db-aa57-acca1dd387bd:c67]
2019-09-10 22:11:44,962 [grpc-default-executor-0] INFO  client.GrpcClientProtocolClient (GrpcClientProtocolClient.java:onNext(255)) - client-0C76110B8A2B->ed5d81fa-aaf0-49db-aa57-acca1dd387bd: receive RaftClientReply:client-0C76110B8A2B->ed5d81fa-aaf0-49db-aa57-acca1dd387bd@group-729F0664FEA8, cid=48, SUCCESS, logIndex=67, commits[ed5d81fa-aaf0-49db-aa57-acca1dd387bd:c67]
2019-09-10 22:11:44,993 [SCMBlockDeletingService#1] DEBUG block.SCMBlockDeletingService (SCMBlockDeletingService.java:call(138)) - Running DeletedBlockTransactionScanner
2019-09-10 22:11:44,993 [SCMBlockDeletingService#1] DEBUG block.SCMBlockDeletingService (SCMBlockDeletingService.java:call(155)) - Scanned deleted blocks log and got 0 delTX to process.
2019-09-10 22:11:45,001 [grpc-default-executor-0] INFO  client.GrpcClientProtocolClient (GrpcClientProtocolClient.java:onNext(255)) - client-0C76110B8A2B->ed5d81fa-aaf0-49db-aa57-acca1dd387bd: receive RaftClientReply:client-0C76110B8A2B->ed5d81fa-aaf0-49db-aa57-acca1dd387bd@group-729F0664FEA8, cid=49, SUCCESS, logIndex=70, commits[ed5d81fa-aaf0-49db-aa57-acca1dd387bd:c71]
2019-09-10 22:11:45,002 [grpc-default-executor-0] INFO  client.GrpcClientProtocolClient (GrpcClientProtocolClient.java:onNext(255)) - client-0C76110B8A2B->ed5d81fa-aaf0-49db-aa57-acca1dd387bd: receive RaftClientReply:client-0C76110B8A2B->ed5d81fa-aaf0-49db-aa57-acca1dd387bd@group-729F0664FEA8, cid=50, SUCCESS, logIndex=71, commits[ed5d81fa-aaf0-49db-aa57-acca1dd387bd:c74]
2019-09-10 22:11:45,003 [grpc-default-executor-0] INFO  client.GrpcClientProtocolClient (GrpcClientProtocolClient.java:onNext(255)) - client-0C76110B8A2B->ed5d81fa-aaf0-49db-aa57-acca1dd387bd: receive RaftClientReply:client-0C76110B8A2B->ed5d81fa-aaf0-49db-aa57-acca1dd387bd@group-729F0664FEA8, cid=51, SUCCESS, logIndex=72, commits[ed5d81fa-aaf0-49db-aa57-acca1dd387bd:c74]
2019-09-10 22:11:45,003 [grpc-default-executor-0] INFO  client.GrpcClientProtocolClient (GrpcClientProtocolClient.java:onNext(255)) - client-0C76110B8A2B->ed5d81fa-aaf0-49db-aa57-acca1dd387bd: receive RaftClientReply:client-0C76110B8A2B->ed5d81fa-aaf0-49db-aa57-acca1dd387bd@group-729F0664FEA8, cid=52, SUCCESS, logIndex=73, commits[ed5d81fa-aaf0-49db-aa57-acca1dd387bd:c75]
2019-09-10 22:11:45,024 [grpc-default-executor-0] INFO  client.GrpcClientProtocolClient (GrpcClientProtocolClient.java:onNext(255)) - client-0C76110B8A2B->ed5d81fa-aaf0-49db-aa57-acca1dd387bd: receive RaftClientReply:client-0C76110B8A2B->ed5d81fa-aaf0-49db-aa57-acca1dd387bd@group-729F0664FEA8, cid=53, SUCCESS, logIndex=76, commits[ed5d81fa-aaf0-49db-aa57-acca1dd387bd:c77]
2019-09-10 22:11:45,027 [grpc-default-executor-0] INFO  client.GrpcClientProtocolClient (GrpcClientProtocolClient.java:onNext(255)) - client-0C76110B8A2B->ed5d81fa-aaf0-49db-aa57-acca1dd387bd: receive RaftClientReply:client-0C76110B8A2B->ed5d81fa-aaf0-49db-aa57-acca1dd387bd@group-729F0664FEA8, cid=54, SUCCESS, logIndex=77, commits[ed5d81fa-aaf0-49db-aa57-acca1dd387bd:c79]
2019-09-10 22:11:45,028 [grpc-default-executor-0] INFO  client.GrpcClientProtocolClient (GrpcClientProtocolClient.java:onNext(255)) - client-0C76110B8A2B->ed5d81fa-aaf0-49db-aa57-acca1dd387bd: receive RaftClientReply:client-0C76110B8A2B->ed5d81fa-aaf0-49db-aa57-acca1dd387bd@group-729F0664FEA8, cid=55, SUCCESS, logIndex=78, commits[ed5d81fa-aaf0-49db-aa57-acca1dd387bd:c80]
2019-09-10 22:11:45,029 [grpc-default-executor-0] INFO  client.GrpcClientProtocolClient (GrpcClientProtocolClient.java:onNext(255)) - client-0C76110B8A2B->ed5d81fa-aaf0-49db-aa57-acca1dd387bd: receive RaftClientReply:client-0C76110B8A2B->ed5d81fa-aaf0-49db-aa57-acca1dd387bd@group-729F0664FEA8, cid=56, SUCCESS, logIndex=79, commits[ed5d81fa-aaf0-49db-aa57-acca1dd387bd:c81]
2019-09-10 22:11:45,064 [grpc-default-executor-0] INFO  client.GrpcClientProtocolClient (GrpcClientProtocolClient.java:onNext(255)) - client-0C76110B8A2B->ed5d81fa-aaf0-49db-aa57-acca1dd387bd: receive RaftClientReply:client-0C76110B8A2B->ed5d81fa-aaf0-49db-aa57-acca1dd387bd@group-729F0664FEA8, cid=57, SUCCESS, logIndex=82, commits[ed5d81fa-aaf0-49db-aa57-acca1dd387bd:c83]
2019-09-10 22:11:45,065 [grpc-default-executor-0] INFO  client.GrpcClientProtocolClient (GrpcClientProtocolClient.java:onNext(255)) - client-0C76110B8A2B->ed5d81fa-aaf0-49db-aa57-acca1dd387bd: receive RaftClientReply:client-0C76110B8A2B->ed5d81fa-aaf0-49db-aa57-acca1dd387bd@group-729F0664FEA8, cid=58, SUCCESS, logIndex=83, commits[ed5d81fa-aaf0-49db-aa57-acca1dd387bd:c86]
2019-09-10 22:11:45,065 [grpc-default-executor-0] INFO  client.GrpcClientProtocolClient (GrpcClientProtocolClient.java:onNext(255)) - client-0C76110B8A2B->ed5d81fa-aaf0-49db-aa57-acca1dd387bd: receive RaftClientReply:client-0C76110B8A2B->ed5d81fa-aaf0-49db-aa57-acca1dd387bd@group-729F0664FEA8, cid=59, SUCCESS, logIndex=84, commits[ed5d81fa-aaf0-49db-aa57-acca1dd387bd:c87]
2019-09-10 22:11:45,066 [grpc-default-executor-0] INFO  client.GrpcClientProtocolClient (GrpcClientProtocolClient.java:onNext(255)) - client-0C76110B8A2B->ed5d81fa-aaf0-49db-aa57-acca1dd387bd: receive RaftClientReply:client-0C76110B8A2B->ed5d81fa-aaf0-49db-aa57-acca1dd387bd@group-729F0664FEA8, cid=60, SUCCESS, logIndex=85, commits[ed5d81fa-aaf0-49db-aa57-acca1dd387bd:c87]
2019-09-10 22:11:45,094 [SCMBlockDeletingService#1] DEBUG block.SCMBlockDeletingService (SCMBlockDeletingService.java:call(138)) - Running DeletedBlockTransactionScanner
2019-09-10 22:11:45,094 [SCMBlockDeletingService#1] DEBUG block.SCMBlockDeletingService (SCMBlockDeletingService.java:call(155)) - Scanned deleted blocks log and got 0 delTX to process.
2019-09-10 22:11:45,102 [grpc-default-executor-0] INFO  client.GrpcClientProtocolClient (GrpcClientProtocolClient.java:onNext(255)) - client-0C76110B8A2B->ed5d81fa-aaf0-49db-aa57-acca1dd387bd: receive RaftClientReply:client-0C76110B8A2B->ed5d81fa-aaf0-49db-aa57-acca1dd387bd@group-729F0664FEA8, cid=61, SUCCESS, logIndex=88, commits[ed5d81fa-aaf0-49db-aa57-acca1dd387bd:c89]
2019-09-10 22:11:45,102 [grpc-default-executor-0] INFO  client.GrpcClientProtocolClient (GrpcClientProtocolClient.java:onNext(255)) - client-0C76110B8A2B->ed5d81fa-aaf0-49db-aa57-acca1dd387bd: receive RaftClientReply:client-0C76110B8A2B->ed5d81fa-aaf0-49db-aa57-acca1dd387bd@group-729F0664FEA8, cid=62, SUCCESS, logIndex=89, commits[ed5d81fa-aaf0-49db-aa57-acca1dd387bd:c92]
2019-09-10 22:11:45,103 [grpc-default-executor-0] INFO  client.GrpcClientProtocolClient (GrpcClientProtocolClient.java:onNext(255)) - client-0C76110B8A2B->ed5d81fa-aaf0-49db-aa57-acca1dd387bd: receive RaftClientReply:client-0C76110B8A2B->ed5d81fa-aaf0-49db-aa57-acca1dd387bd@group-729F0664FEA8, cid=63, SUCCESS, logIndex=90, commits[ed5d81fa-aaf0-49db-aa57-acca1dd387bd:c93]
2019-09-10 22:11:45,104 [grpc-default-executor-0] INFO  client.GrpcClientProtocolClient (GrpcClientProtocolClient.java:onNext(255)) - client-0C76110B8A2B->ed5d81fa-aaf0-49db-aa57-acca1dd387bd: receive RaftClientReply:client-0C76110B8A2B->ed5d81fa-aaf0-49db-aa57-acca1dd387bd@group-729F0664FEA8, cid=64, SUCCESS, logIndex=91, commits[ed5d81fa-aaf0-49db-aa57-acca1dd387bd:c93]
2019-09-10 22:11:45,135 [grpc-default-executor-0] INFO  client.GrpcClientProtocolClient (GrpcClientProtocolClient.java:onNext(255)) - client-0C76110B8A2B->ed5d81fa-aaf0-49db-aa57-acca1dd387bd: receive RaftClientReply:client-0C76110B8A2B->ed5d81fa-aaf0-49db-aa57-acca1dd387bd@group-729F0664FEA8, cid=65, SUCCESS, logIndex=94, commits[ed5d81fa-aaf0-49db-aa57-acca1dd387bd:c97]
2019-09-10 22:11:45,136 [grpc-default-executor-0] INFO  client.GrpcClientProtocolClient (GrpcClientProtocolClient.java:onNext(255)) - client-0C76110B8A2B->ed5d81fa-aaf0-49db-aa57-acca1dd387bd: receive RaftClientReply:client-0C76110B8A2B->ed5d81fa-aaf0-49db-aa57-acca1dd387bd@group-729F0664FEA8, cid=66, SUCCESS, logIndex=95, commits[ed5d81fa-aaf0-49db-aa57-acca1dd387bd:c98]
2019-09-10 22:11:45,137 [grpc-default-executor-0] INFO  client.GrpcClientProtocolClient (GrpcClientProtocolClient.java:onNext(255)) - client-0C76110B8A2B->ed5d81fa-aaf0-49db-aa57-acca1dd387bd: receive RaftClientReply:client-0C76110B8A2B->ed5d81fa-aaf0-49db-aa57-acca1dd387bd@group-729F0664FEA8, cid=67, SUCCESS, logIndex=96, commits[ed5d81fa-aaf0-49db-aa57-acca1dd387bd:c99]
2019-09-10 22:11:45,138 [grpc-default-executor-0] INFO  client.GrpcClientProtocolClient (GrpcClientProtocolClient.java:onNext(255)) - client-0C76110B8A2B->ed5d81fa-aaf0-49db-aa57-acca1dd387bd: receive RaftClientReply:client-0C76110B8A2B->ed5d81fa-aaf0-49db-aa57-acca1dd387bd@group-729F0664FEA8, cid=68, SUCCESS, logIndex=97, commits[ed5d81fa-aaf0-49db-aa57-acca1dd387bd:c99]
2019-09-10 22:11:45,162 [grpc-default-executor-0] INFO  client.GrpcClientProtocolClient (GrpcClientProtocolClient.java:onNext(255)) - client-0C76110B8A2B->ed5d81fa-aaf0-49db-aa57-acca1dd387bd: receive RaftClientReply:client-0C76110B8A2B->ed5d81fa-aaf0-49db-aa57-acca1dd387bd@group-729F0664FEA8, cid=69, SUCCESS, logIndex=100, commits[ed5d81fa-aaf0-49db-aa57-acca1dd387bd:c101]
2019-09-10 22:11:45,163 [grpc-default-executor-0] INFO  client.GrpcClientProtocolClient (GrpcClientProtocolClient.java:onNext(255)) - client-0C76110B8A2B->ed5d81fa-aaf0-49db-aa57-acca1dd387bd: receive RaftClientReply:client-0C76110B8A2B->ed5d81fa-aaf0-49db-aa57-acca1dd387bd@group-729F0664FEA8, cid=70, SUCCESS, logIndex=101, commits[ed5d81fa-aaf0-49db-aa57-acca1dd387bd:c101]
2019-09-10 22:11:45,173 [grpc-default-executor-0] INFO  client.GrpcClientProtocolClient (GrpcClientProtocolClient.java:onNext(255)) - client-0C76110B8A2B->ed5d81fa-aaf0-49db-aa57-acca1dd387bd: receive RaftClientReply:client-0C76110B8A2B->ed5d81fa-aaf0-49db-aa57-acca1dd387bd@group-729F0664FEA8, cid=71, SUCCESS, logIndex=102, commits[ed5d81fa-aaf0-49db-aa57-acca1dd387bd:c103]
2019-09-10 22:11:45,174 [grpc-default-executor-0] INFO  client.GrpcClientProtocolClient (GrpcClientProtocolClient.java:onNext(255)) - client-0C76110B8A2B->ed5d81fa-aaf0-49db-aa57-acca1dd387bd: receive RaftClientReply:client-0C76110B8A2B->ed5d81fa-aaf0-49db-aa57-acca1dd387bd@group-729F0664FEA8, cid=72, SUCCESS, logIndex=103, commits[ed5d81fa-aaf0-49db-aa57-acca1dd387bd:c104]
2019-09-10 22:11:45,194 [SCMBlockDeletingService#1] DEBUG block.SCMBlockDeletingService (SCMBlockDeletingService.java:call(138)) - Running DeletedBlockTransactionScanner
2019-09-10 22:11:45,195 [SCMBlockDeletingService#1] DEBUG block.SCMBlockDeletingService (SCMBlockDeletingService.java:call(155)) - Scanned deleted blocks log and got 0 delTX to process.
2019-09-10 22:11:45,204 [grpc-default-executor-0] INFO  client.GrpcClientProtocolClient (GrpcClientProtocolClient.java:onNext(255)) - client-0C76110B8A2B->ed5d81fa-aaf0-49db-aa57-acca1dd387bd: receive RaftClientReply:client-0C76110B8A2B->ed5d81fa-aaf0-49db-aa57-acca1dd387bd@group-729F0664FEA8, cid=73, SUCCESS, logIndex=106, commits[ed5d81fa-aaf0-49db-aa57-acca1dd387bd:c107]
2019-09-10 22:11:45,205 [grpc-default-executor-0] INFO  client.GrpcClientProtocolClient (GrpcClientProtocolClient.java:onNext(255)) - client-0C76110B8A2B->ed5d81fa-aaf0-49db-aa57-acca1dd387bd: receive RaftClientReply:client-0C76110B8A2B->ed5d81fa-aaf0-49db-aa57-acca1dd387bd@group-729F0664FEA8, cid=74, SUCCESS, logIndex=107, commits[ed5d81fa-aaf0-49db-aa57-acca1dd387bd:c110]
2019-09-10 22:11:45,206 [grpc-default-executor-0] INFO  client.GrpcClientProtocolClient (GrpcClientProtocolClient.java:onNext(255)) - client-0C76110B8A2B->ed5d81fa-aaf0-49db-aa57-acca1dd387bd: receive RaftClientReply:client-0C76110B8A2B->ed5d81fa-aaf0-49db-aa57-acca1dd387bd@group-729F0664FEA8, cid=75, SUCCESS, logIndex=108, commits[ed5d81fa-aaf0-49db-aa57-acca1dd387bd:c111]
2019-09-10 22:11:45,206 [grpc-default-executor-0] INFO  client.GrpcClientProtocolClient (GrpcClientProtocolClient.java:onNext(255)) - client-0C76110B8A2B->ed5d81fa-aaf0-49db-aa57-acca1dd387bd: receive RaftClientReply:client-0C76110B8A2B->ed5d81fa-aaf0-49db-aa57-acca1dd387bd@group-729F0664FEA8, cid=76, SUCCESS, logIndex=109, commits[ed5d81fa-aaf0-49db-aa57-acca1dd387bd:c111]
2019-09-10 22:11:45,231 [grpc-default-executor-0] INFO  client.GrpcClientProtocolClient (GrpcClientProtocolClient.java:onNext(255)) - client-0C76110B8A2B->ed5d81fa-aaf0-49db-aa57-acca1dd387bd: receive RaftClientReply:client-0C76110B8A2B->ed5d81fa-aaf0-49db-aa57-acca1dd387bd@group-729F0664FEA8, cid=77, SUCCESS, logIndex=112, commits[ed5d81fa-aaf0-49db-aa57-acca1dd387bd:c115]
2019-09-10 22:11:45,232 [grpc-default-executor-0] INFO  client.GrpcClientProtocolClient (GrpcClientProtocolClient.java:onNext(255)) - client-0C76110B8A2B->ed5d81fa-aaf0-49db-aa57-acca1dd387bd: receive RaftClientReply:client-0C76110B8A2B->ed5d81fa-aaf0-49db-aa57-acca1dd387bd@group-729F0664FEA8, cid=78, SUCCESS, logIndex=113, commits[ed5d81fa-aaf0-49db-aa57-acca1dd387bd:c116]
2019-09-10 22:11:45,232 [grpc-default-executor-0] INFO  client.GrpcClientProtocolClient (GrpcClientProtocolClient.java:onNext(255)) - client-0C76110B8A2B->ed5d81fa-aaf0-49db-aa57-acca1dd387bd: receive RaftClientReply:client-0C76110B8A2B->ed5d81fa-aaf0-49db-aa57-acca1dd387bd@group-729F0664FEA8, cid=79, SUCCESS, logIndex=114, commits[ed5d81fa-aaf0-49db-aa57-acca1dd387bd:c117]
2019-09-10 22:11:45,233 [grpc-default-executor-0] INFO  client.GrpcClientProtocolClient (GrpcClientProtocolClient.java:onNext(255)) - client-0C76110B8A2B->ed5d81fa-aaf0-49db-aa57-acca1dd387bd: receive RaftClientReply:client-0C76110B8A2B->ed5d81fa-aaf0-49db-aa57-acca1dd387bd@group-729F0664FEA8, cid=80, SUCCESS, logIndex=115, commits[ed5d81fa-aaf0-49db-aa57-acca1dd387bd:c117]
2019-09-10 22:11:45,266 [grpc-default-executor-1] INFO  client.GrpcClientProtocolClient (GrpcClientProtocolClient.java:onNext(255)) - client-0C76110B8A2B->ed5d81fa-aaf0-49db-aa57-acca1dd387bd: receive RaftClientReply:client-0C76110B8A2B->ed5d81fa-aaf0-49db-aa57-acca1dd387bd@group-729F0664FEA8, cid=81, SUCCESS, logIndex=118, commits[ed5d81fa-aaf0-49db-aa57-acca1dd387bd:c121]
2019-09-10 22:11:45,267 [grpc-default-executor-1] INFO  client.GrpcClientProtocolClient (GrpcClientProtocolClient.java:onNext(255)) - client-0C76110B8A2B->ed5d81fa-aaf0-49db-aa57-acca1dd387bd: receive RaftClientReply:client-0C76110B8A2B->ed5d81fa-aaf0-49db-aa57-acca1dd387bd@group-729F0664FEA8, cid=82, SUCCESS, logIndex=119, commits[ed5d81fa-aaf0-49db-aa57-acca1dd387bd:c122]
2019-09-10 22:11:45,267 [grpc-default-executor-1] INFO  client.GrpcClientProtocolClient (GrpcClientProtocolClient.java:onNext(255)) - client-0C76110B8A2B->ed5d81fa-aaf0-49db-aa57-acca1dd387bd: receive RaftClientReply:client-0C76110B8A2B->ed5d81fa-aaf0-49db-aa57-acca1dd387bd@group-729F0664FEA8, cid=83, SUCCESS, logIndex=120, commits[ed5d81fa-aaf0-49db-aa57-acca1dd387bd:c123]
2019-09-10 22:11:45,268 [grpc-default-executor-1] INFO  client.GrpcClientProtocolClient (GrpcClientProtocolClient.java:onNext(255)) - client-0C76110B8A2B->ed5d81fa-aaf0-49db-aa57-acca1dd387bd: receive RaftClientReply:client-0C76110B8A2B->ed5d81fa-aaf0-49db-aa57-acca1dd387bd@group-729F0664FEA8, cid=84, SUCCESS, logIndex=121, commits[ed5d81fa-aaf0-49db-aa57-acca1dd387bd:c123]
2019-09-10 22:11:45,295 [SCMBlockDeletingService#1] DEBUG block.SCMBlockDeletingService (SCMBlockDeletingService.java:call(138)) - Running DeletedBlockTransactionScanner
2019-09-10 22:11:45,295 [SCMBlockDeletingService#1] DEBUG block.SCMBlockDeletingService (SCMBlockDeletingService.java:call(155)) - Scanned deleted blocks log and got 0 delTX to process.
2019-09-10 22:11:45,299 [grpc-default-executor-1] INFO  client.GrpcClientProtocolClient (GrpcClientProtocolClient.java:onNext(255)) - client-0C76110B8A2B->ed5d81fa-aaf0-49db-aa57-acca1dd387bd: receive RaftClientReply:client-0C76110B8A2B->ed5d81fa-aaf0-49db-aa57-acca1dd387bd@group-729F0664FEA8, cid=85, SUCCESS, logIndex=124, commits[ed5d81fa-aaf0-49db-aa57-acca1dd387bd:c125]
2019-09-10 22:11:45,300 [grpc-default-executor-1] INFO  client.GrpcClientProtocolClient (GrpcClientProtocolClient.java:onNext(255)) - client-0C76110B8A2B->ed5d81fa-aaf0-49db-aa57-acca1dd387bd: receive RaftClientReply:client-0C76110B8A2B->ed5d81fa-aaf0-49db-aa57-acca1dd387bd@group-729F0664FEA8, cid=86, SUCCESS, logIndex=125, commits[ed5d81fa-aaf0-49db-aa57-acca1dd387bd:c127]
2019-09-10 22:11:45,301 [grpc-default-executor-1] INFO  client.GrpcClientProtocolClient (GrpcClientProtocolClient.java:onNext(255)) - client-0C76110B8A2B->ed5d81fa-aaf0-49db-aa57-acca1dd387bd: receive RaftClientReply:client-0C76110B8A2B->ed5d81fa-aaf0-49db-aa57-acca1dd387bd@group-729F0664FEA8, cid=87, SUCCESS, logIndex=126, commits[ed5d81fa-aaf0-49db-aa57-acca1dd387bd:c128]
2019-09-10 22:11:45,301 [grpc-default-executor-1] INFO  client.GrpcClientProtocolClient (GrpcClientProtocolClient.java:onNext(255)) - client-0C76110B8A2B->ed5d81fa-aaf0-49db-aa57-acca1dd387bd: receive RaftClientReply:client-0C76110B8A2B->ed5d81fa-aaf0-49db-aa57-acca1dd387bd@group-729F0664FEA8, cid=88, SUCCESS, logIndex=127, commits[ed5d81fa-aaf0-49db-aa57-acca1dd387bd:c129]
2019-09-10 22:11:45,396 [SCMBlockDeletingService#1] DEBUG block.SCMBlockDeletingService (SCMBlockDeletingService.java:call(138)) - Running DeletedBlockTransactionScanner
2019-09-10 22:11:45,396 [SCMBlockDeletingService#1] DEBUG block.SCMBlockDeletingService (SCMBlockDeletingService.java:call(155)) - Scanned deleted blocks log and got 0 delTX to process.
2019-09-10 22:11:45,456 [grpc-default-executor-0] INFO  client.GrpcClientProtocolClient (GrpcClientProtocolClient.java:onNext(255)) - client-0C76110B8A2B->ed5d81fa-aaf0-49db-aa57-acca1dd387bd: receive RaftClientReply:client-0C76110B8A2B->ed5d81fa-aaf0-49db-aa57-acca1dd387bd@group-729F0664FEA8, cid=89, SUCCESS, logIndex=130, commits[ed5d81fa-aaf0-49db-aa57-acca1dd387bd:c131]
2019-09-10 22:11:45,457 [grpc-default-executor-0] INFO  client.GrpcClientProtocolClient (GrpcClientProtocolClient.java:onNext(255)) - client-0C76110B8A2B->ed5d81fa-aaf0-49db-aa57-acca1dd387bd: receive RaftClientReply:client-0C76110B8A2B->ed5d81fa-aaf0-49db-aa57-acca1dd387bd@group-729F0664FEA8, cid=90, SUCCESS, logIndex=131, commits[ed5d81fa-aaf0-49db-aa57-acca1dd387bd:c133]
2019-09-10 22:11:45,457 [grpc-default-executor-0] INFO  client.GrpcClientProtocolClient (GrpcClientProtocolClient.java:onNext(255)) - client-0C76110B8A2B->ed5d81fa-aaf0-49db-aa57-acca1dd387bd: receive RaftClientReply:client-0C76110B8A2B->ed5d81fa-aaf0-49db-aa57-acca1dd387bd@group-729F0664FEA8, cid=91, SUCCESS, logIndex=132, commits[ed5d81fa-aaf0-49db-aa57-acca1dd387bd:c134]
2019-09-10 22:11:45,458 [grpc-default-executor-0] INFO  client.GrpcClientProtocolClient (GrpcClientProtocolClient.java:onNext(255)) - client-0C76110B8A2B->ed5d81fa-aaf0-49db-aa57-acca1dd387bd: receive RaftClientReply:client-0C76110B8A2B->ed5d81fa-aaf0-49db-aa57-acca1dd387bd@group-729F0664FEA8, cid=92, SUCCESS, logIndex=133, commits[ed5d81fa-aaf0-49db-aa57-acca1dd387bd:c135]
2019-09-10 22:11:45,488 [grpc-default-executor-0] INFO  client.GrpcClientProtocolClient (GrpcClientProtocolClient.java:onNext(255)) - client-0C76110B8A2B->ed5d81fa-aaf0-49db-aa57-acca1dd387bd: receive RaftClientReply:client-0C76110B8A2B->ed5d81fa-aaf0-49db-aa57-acca1dd387bd@group-729F0664FEA8, cid=93, SUCCESS, logIndex=136, commits[ed5d81fa-aaf0-49db-aa57-acca1dd387bd:c137]
2019-09-10 22:11:45,489 [grpc-default-executor-0] INFO  client.GrpcClientProtocolClient (GrpcClientProtocolClient.java:onNext(255)) - client-0C76110B8A2B->ed5d81fa-aaf0-49db-aa57-acca1dd387bd: receive RaftClientReply:client-0C76110B8A2B->ed5d81fa-aaf0-49db-aa57-acca1dd387bd@group-729F0664FEA8, cid=94, SUCCESS, logIndex=137, commits[ed5d81fa-aaf0-49db-aa57-acca1dd387bd:c139]
2019-09-10 22:11:45,489 [grpc-default-executor-0] INFO  client.GrpcClientProtocolClient (GrpcClientProtocolClient.java:onNext(255)) - client-0C76110B8A2B->ed5d81fa-aaf0-49db-aa57-acca1dd387bd: receive RaftClientReply:client-0C76110B8A2B->ed5d81fa-aaf0-49db-aa57-acca1dd387bd@group-729F0664FEA8, cid=95, SUCCESS, logIndex=138, commits[ed5d81fa-aaf0-49db-aa57-acca1dd387bd:c139]
2019-09-10 22:11:45,490 [grpc-default-executor-0] INFO  client.GrpcClientProtocolClient (GrpcClientProtocolClient.java:onNext(255)) - client-0C76110B8A2B->ed5d81fa-aaf0-49db-aa57-acca1dd387bd: receive RaftClientReply:client-0C76110B8A2B->ed5d81fa-aaf0-49db-aa57-acca1dd387bd@group-729F0664FEA8, cid=96, SUCCESS, logIndex=139, commits[ed5d81fa-aaf0-49db-aa57-acca1dd387bd:c140]
2019-09-10 22:11:45,496 [SCMBlockDeletingService#1] DEBUG block.SCMBlockDeletingService (SCMBlockDeletingService.java:call(138)) - Running DeletedBlockTransactionScanner
2019-09-10 22:11:45,497 [SCMBlockDeletingService#1] DEBUG block.SCMBlockDeletingService (SCMBlockDeletingService.java:call(155)) - Scanned deleted blocks log and got 0 delTX to process.
2019-09-10 22:11:45,523 [grpc-default-executor-1] INFO  client.GrpcClientProtocolClient (GrpcClientProtocolClient.java:onNext(255)) - client-0C76110B8A2B->ed5d81fa-aaf0-49db-aa57-acca1dd387bd: receive RaftClientReply:client-0C76110B8A2B->ed5d81fa-aaf0-49db-aa57-acca1dd387bd@group-729F0664FEA8, cid=97, SUCCESS, logIndex=142, commits[ed5d81fa-aaf0-49db-aa57-acca1dd387bd:c145]
2019-09-10 22:11:45,524 [grpc-default-executor-1] INFO  client.GrpcClientProtocolClient (GrpcClientProtocolClient.java:onNext(255)) - client-0C76110B8A2B->ed5d81fa-aaf0-49db-aa57-acca1dd387bd: receive RaftClientReply:client-0C76110B8A2B->ed5d81fa-aaf0-49db-aa57-acca1dd387bd@group-729F0664FEA8, cid=98, SUCCESS, logIndex=143, commits[ed5d81fa-aaf0-49db-aa57-acca1dd387bd:c146]
2019-09-10 22:11:45,525 [grpc-default-executor-1] INFO  client.GrpcClientProtocolClient (GrpcClientProtocolClient.java:onNext(255)) - client-0C76110B8A2B->ed5d81fa-aaf0-49db-aa57-acca1dd387bd: receive RaftClientReply:client-0C76110B8A2B->ed5d81fa-aaf0-49db-aa57-acca1dd387bd@group-729F0664FEA8, cid=99, SUCCESS, logIndex=144, commits[ed5d81fa-aaf0-49db-aa57-acca1dd387bd:c146]
2019-09-10 22:11:45,526 [grpc-default-executor-1] INFO  client.GrpcClientProtocolClient (GrpcClientProtocolClient.java:onNext(255)) - client-0C76110B8A2B->ed5d81fa-aaf0-49db-aa57-acca1dd387bd: receive RaftClientReply:client-0C76110B8A2B->ed5d81fa-aaf0-49db-aa57-acca1dd387bd@group-729F0664FEA8, cid=100, SUCCESS, logIndex=145, commits[ed5d81fa-aaf0-49db-aa57-acca1dd387bd:c147]
2019-09-10 22:11:45,551 [grpc-default-executor-1] INFO  client.GrpcClientProtocolClient (GrpcClientProtocolClient.java:onNext(255)) - client-0C76110B8A2B->ed5d81fa-aaf0-49db-aa57-acca1dd387bd: receive RaftClientReply:client-0C76110B8A2B->ed5d81fa-aaf0-49db-aa57-acca1dd387bd@group-729F0664FEA8, cid=101, SUCCESS, logIndex=148, commits[ed5d81fa-aaf0-49db-aa57-acca1dd387bd:c151]
2019-09-10 22:11:45,552 [grpc-default-executor-1] INFO  client.GrpcClientProtocolClient (GrpcClientProtocolClient.java:onNext(255)) - client-0C76110B8A2B->ed5d81fa-aaf0-49db-aa57-acca1dd387bd: receive RaftClientReply:client-0C76110B8A2B->ed5d81fa-aaf0-49db-aa57-acca1dd387bd@group-729F0664FEA8, cid=102, SUCCESS, logIndex=149, commits[ed5d81fa-aaf0-49db-aa57-acca1dd387bd:c153]
2019-09-10 22:11:45,552 [grpc-default-executor-1] INFO  client.GrpcClientProtocolClient (GrpcClientProtocolClient.java:onNext(255)) - client-0C76110B8A2B->ed5d81fa-aaf0-49db-aa57-acca1dd387bd: receive RaftClientReply:client-0C76110B8A2B->ed5d81fa-aaf0-49db-aa57-acca1dd387bd@group-729F0664FEA8, cid=103, SUCCESS, logIndex=150, commits[ed5d81fa-aaf0-49db-aa57-acca1dd387bd:c153]
2019-09-10 22:11:45,553 [grpc-default-executor-1] INFO  client.GrpcClientProtocolClient (GrpcClientProtocolClient.java:onNext(255)) - client-0C76110B8A2B->ed5d81fa-aaf0-49db-aa57-acca1dd387bd: receive RaftClientReply:client-0C76110B8A2B->ed5d81fa-aaf0-49db-aa57-acca1dd387bd@group-729F0664FEA8, cid=104, SUCCESS, logIndex=151, commits[ed5d81fa-aaf0-49db-aa57-acca1dd387bd:c153]
2019-09-10 22:11:45,586 [grpc-default-executor-0] INFO  client.GrpcClientProtocolClient (GrpcClientProtocolClient.java:onNext(255)) - client-0C76110B8A2B->ed5d81fa-aaf0-49db-aa57-acca1dd387bd: receive RaftClientReply:client-0C76110B8A2B->ed5d81fa-aaf0-49db-aa57-acca1dd387bd@group-729F0664FEA8, cid=105, SUCCESS, logIndex=154, commits[ed5d81fa-aaf0-49db-aa57-acca1dd387bd:c155]
2019-09-10 22:11:45,587 [grpc-default-executor-0] INFO  client.GrpcClientProtocolClient (GrpcClientProtocolClient.java:onNext(255)) - client-0C76110B8A2B->ed5d81fa-aaf0-49db-aa57-acca1dd387bd: receive RaftClientReply:client-0C76110B8A2B->ed5d81fa-aaf0-49db-aa57-acca1dd387bd@group-729F0664FEA8, cid=106, SUCCESS, logIndex=155, commits[ed5d81fa-aaf0-49db-aa57-acca1dd387bd:c157]
2019-09-10 22:11:45,587 [grpc-default-executor-0] INFO  client.GrpcClientProtocolClient (GrpcClientProtocolClient.java:onNext(255)) - client-0C76110B8A2B->ed5d81fa-aaf0-49db-aa57-acca1dd387bd: receive RaftClientReply:client-0C76110B8A2B->ed5d81fa-aaf0-49db-aa57-acca1dd387bd@group-729F0664FEA8, cid=107, SUCCESS, logIndex=156, commits[ed5d81fa-aaf0-49db-aa57-acca1dd387bd:c158]
2019-09-10 22:11:45,588 [grpc-default-executor-0] INFO  client.GrpcClientProtocolClient (GrpcClientProtocolClient.java:onNext(255)) - client-0C76110B8A2B->ed5d81fa-aaf0-49db-aa57-acca1dd387bd: receive RaftClientReply:client-0C76110B8A2B->ed5d81fa-aaf0-49db-aa57-acca1dd387bd@group-729F0664FEA8, cid=108, SUCCESS, logIndex=157, commits[ed5d81fa-aaf0-49db-aa57-acca1dd387bd:c159]
2019-09-10 22:11:45,597 [SCMBlockDeletingService#0] DEBUG block.SCMBlockDeletingService (SCMBlockDeletingService.java:call(138)) - Running DeletedBlockTransactionScanner
2019-09-10 22:11:45,597 [SCMBlockDeletingService#0] DEBUG block.SCMBlockDeletingService (SCMBlockDeletingService.java:call(155)) - Scanned deleted blocks log and got 0 delTX to process.
2019-09-10 22:11:45,613 [grpc-default-executor-1] INFO  client.GrpcClientProtocolClient (GrpcClientProtocolClient.java:onNext(255)) - client-0C76110B8A2B->ed5d81fa-aaf0-49db-aa57-acca1dd387bd: receive RaftClientReply:client-0C76110B8A2B->ed5d81fa-aaf0-49db-aa57-acca1dd387bd@group-729F0664FEA8, cid=109, SUCCESS, logIndex=160, commits[ed5d81fa-aaf0-49db-aa57-acca1dd387bd:c163]
2019-09-10 22:11:45,614 [grpc-default-executor-1] INFO  client.GrpcClientProtocolClient (GrpcClientProtocolClient.java:onNext(255)) - client-0C76110B8A2B->ed5d81fa-aaf0-49db-aa57-acca1dd387bd: receive RaftClientReply:client-0C76110B8A2B->ed5d81fa-aaf0-49db-aa57-acca1dd387bd@group-729F0664FEA8, cid=110, SUCCESS, logIndex=161, commits[ed5d81fa-aaf0-49db-aa57-acca1dd387bd:c164]
2019-09-10 22:11:45,614 [grpc-default-executor-1] INFO  client.GrpcClientProtocolClient (GrpcClientProtocolClient.java:onNext(255)) - client-0C76110B8A2B->ed5d81fa-aaf0-49db-aa57-acca1dd387bd: receive RaftClientReply:client-0C76110B8A2B->ed5d81fa-aaf0-49db-aa57-acca1dd387bd@group-729F0664FEA8, cid=111, SUCCESS, logIndex=162, commits[ed5d81fa-aaf0-49db-aa57-acca1dd387bd:c165]
2019-09-10 22:11:45,614 [grpc-default-executor-1] INFO  client.GrpcClientProtocolClient (GrpcClientProtocolClient.java:onNext(255)) - client-0C76110B8A2B->ed5d81fa-aaf0-49db-aa57-acca1dd387bd: receive RaftClientReply:client-0C76110B8A2B->ed5d81fa-aaf0-49db-aa57-acca1dd387bd@group-729F0664FEA8, cid=112, SUCCESS, logIndex=163, commits[ed5d81fa-aaf0-49db-aa57-acca1dd387bd:c165]
2019-09-10 22:11:45,756 [SCMBlockDeletingService#0] DEBUG block.SCMBlockDeletingService (SCMBlockDeletingService.java:call(138)) - Running DeletedBlockTransactionScanner
2019-09-10 22:11:45,762 [SCMBlockDeletingService#0] DEBUG block.SCMBlockDeletingService (SCMBlockDeletingService.java:call(155)) - Scanned deleted blocks log and got 0 delTX to process.
2019-09-10 22:11:45,775 [grpc-default-executor-0] INFO  client.GrpcClientProtocolClient (GrpcClientProtocolClient.java:onNext(255)) - client-0C76110B8A2B->ed5d81fa-aaf0-49db-aa57-acca1dd387bd: receive RaftClientReply:client-0C76110B8A2B->ed5d81fa-aaf0-49db-aa57-acca1dd387bd@group-729F0664FEA8, cid=113, SUCCESS, logIndex=166, commits[ed5d81fa-aaf0-49db-aa57-acca1dd387bd:c167]
2019-09-10 22:11:45,776 [grpc-default-executor-0] INFO  client.GrpcClientProtocolClient (GrpcClientProtocolClient.java:onNext(255)) - client-0C76110B8A2B->ed5d81fa-aaf0-49db-aa57-acca1dd387bd: receive RaftClientReply:client-0C76110B8A2B->ed5d81fa-aaf0-49db-aa57-acca1dd387bd@group-729F0664FEA8, cid=114, SUCCESS, logIndex=167, commits[ed5d81fa-aaf0-49db-aa57-acca1dd387bd:c169]
2019-09-10 22:11:45,777 [grpc-default-executor-0] INFO  client.GrpcClientProtocolClient (GrpcClientProtocolClient.java:onNext(255)) - client-0C76110B8A2B->ed5d81fa-aaf0-49db-aa57-acca1dd387bd: receive RaftClientReply:client-0C76110B8A2B->ed5d81fa-aaf0-49db-aa57-acca1dd387bd@group-729F0664FEA8, cid=115, SUCCESS, logIndex=168, commits[ed5d81fa-aaf0-49db-aa57-acca1dd387bd:c170]
2019-09-10 22:11:45,777 [grpc-default-executor-0] INFO  client.GrpcClientProtocolClient (GrpcClientProtocolClient.java:onNext(255)) - client-0C76110B8A2B->ed5d81fa-aaf0-49db-aa57-acca1dd387bd: receive RaftClientReply:client-0C76110B8A2B->ed5d81fa-aaf0-49db-aa57-acca1dd387bd@group-729F0664FEA8, cid=116, SUCCESS, logIndex=169, commits[ed5d81fa-aaf0-49db-aa57-acca1dd387bd:c170]
2019-09-10 22:11:45,825 [grpc-default-executor-1] INFO  client.GrpcClientProtocolClient (GrpcClientProtocolClient.java:onNext(255)) - client-0C76110B8A2B->ed5d81fa-aaf0-49db-aa57-acca1dd387bd: receive RaftClientReply:client-0C76110B8A2B->ed5d81fa-aaf0-49db-aa57-acca1dd387bd@group-729F0664FEA8, cid=117, SUCCESS, logIndex=172, commits[ed5d81fa-aaf0-49db-aa57-acca1dd387bd:c173]
2019-09-10 22:11:45,826 [grpc-default-executor-1] INFO  client.GrpcClientProtocolClient (GrpcClientProtocolClient.java:onNext(255)) - client-0C76110B8A2B->ed5d81fa-aaf0-49db-aa57-acca1dd387bd: receive RaftClientReply:client-0C76110B8A2B->ed5d81fa-aaf0-49db-aa57-acca1dd387bd@group-729F0664FEA8, cid=118, SUCCESS, logIndex=173, commits[ed5d81fa-aaf0-49db-aa57-acca1dd387bd:c175]
2019-09-10 22:11:45,827 [grpc-default-executor-1] INFO  client.GrpcClientProtocolClient (GrpcClientProtocolClient.java:onNext(255)) - client-0C76110B8A2B->ed5d81fa-aaf0-49db-aa57-acca1dd387bd: receive RaftClientReply:client-0C76110B8A2B->ed5d81fa-aaf0-49db-aa57-acca1dd387bd@group-729F0664FEA8, cid=119, SUCCESS, logIndex=174, commits[ed5d81fa-aaf0-49db-aa57-acca1dd387bd:c176]
2019-09-10 22:11:45,827 [grpc-default-executor-1] INFO  client.GrpcClientProtocolClient (GrpcClientProtocolClient.java:onNext(255)) - client-0C76110B8A2B->ed5d81fa-aaf0-49db-aa57-acca1dd387bd: receive RaftClientReply:client-0C76110B8A2B->ed5d81fa-aaf0-49db-aa57-acca1dd387bd@group-729F0664FEA8, cid=120, SUCCESS, logIndex=175, commits[ed5d81fa-aaf0-49db-aa57-acca1dd387bd:c177]
2019-09-10 22:11:45,862 [SCMBlockDeletingService#0] DEBUG block.SCMBlockDeletingService (SCMBlockDeletingService.java:call(138)) - Running DeletedBlockTransactionScanner
2019-09-10 22:11:45,863 [SCMBlockDeletingService#0] DEBUG block.SCMBlockDeletingService (SCMBlockDeletingService.java:call(155)) - Scanned deleted blocks log and got 0 delTX to process.
2019-09-10 22:11:45,863 [grpc-default-executor-1] INFO  client.GrpcClientProtocolClient (GrpcClientProtocolClient.java:onNext(255)) - client-0C76110B8A2B->ed5d81fa-aaf0-49db-aa57-acca1dd387bd: receive RaftClientReply:client-0C76110B8A2B->ed5d81fa-aaf0-49db-aa57-acca1dd387bd@group-729F0664FEA8, cid=121, SUCCESS, logIndex=178, commits[ed5d81fa-aaf0-49db-aa57-acca1dd387bd:c179]
2019-09-10 22:11:45,864 [grpc-default-executor-1] INFO  client.GrpcClientProtocolClient (GrpcClientProtocolClient.java:onNext(255)) - client-0C76110B8A2B->ed5d81fa-aaf0-49db-aa57-acca1dd387bd: receive RaftClientReply:client-0C76110B8A2B->ed5d81fa-aaf0-49db-aa57-acca1dd387bd@group-729F0664FEA8, cid=122, SUCCESS, logIndex=179, commits[ed5d81fa-aaf0-49db-aa57-acca1dd387bd:c179]
2019-09-10 22:11:45,865 [grpc-default-executor-1] INFO  client.GrpcClientProtocolClient (GrpcClientProtocolClient.java:onNext(255)) - client-0C76110B8A2B->ed5d81fa-aaf0-49db-aa57-acca1dd387bd: receive RaftClientReply:client-0C76110B8A2B->ed5d81fa-aaf0-49db-aa57-acca1dd387bd@group-729F0664FEA8, cid=123, SUCCESS, logIndex=180, commits[ed5d81fa-aaf0-49db-aa57-acca1dd387bd:c182]
2019-09-10 22:11:45,866 [grpc-default-executor-1] INFO  client.GrpcClientProtocolClient (GrpcClientProtocolClient.java:onNext(255)) - client-0C76110B8A2B->ed5d81fa-aaf0-49db-aa57-acca1dd387bd: receive RaftClientReply:client-0C76110B8A2B->ed5d81fa-aaf0-49db-aa57-acca1dd387bd@group-729F0664FEA8, cid=124, SUCCESS, logIndex=181, commits[ed5d81fa-aaf0-49db-aa57-acca1dd387bd:c183]
2019-09-10 22:11:45,892 [grpc-default-executor-1] INFO  client.GrpcClientProtocolClient (GrpcClientProtocolClient.java:onNext(255)) - client-0C76110B8A2B->ed5d81fa-aaf0-49db-aa57-acca1dd387bd: receive RaftClientReply:client-0C76110B8A2B->ed5d81fa-aaf0-49db-aa57-acca1dd387bd@group-729F0664FEA8, cid=125, SUCCESS, logIndex=184, commits[ed5d81fa-aaf0-49db-aa57-acca1dd387bd:c185]
2019-09-10 22:11:45,892 [grpc-default-executor-1] INFO  client.GrpcClientProtocolClient (GrpcClientProtocolClient.java:onNext(255)) - client-0C76110B8A2B->ed5d81fa-aaf0-49db-aa57-acca1dd387bd: receive RaftClientReply:client-0C76110B8A2B->ed5d81fa-aaf0-49db-aa57-acca1dd387bd@group-729F0664FEA8, cid=126, SUCCESS, logIndex=185, commits[ed5d81fa-aaf0-49db-aa57-acca1dd387bd:c187]
2019-09-10 22:11:45,893 [grpc-default-executor-1] INFO  client.GrpcClientProtocolClient (GrpcClientProtocolClient.java:onNext(255)) - client-0C76110B8A2B->ed5d81fa-aaf0-49db-aa57-acca1dd387bd: receive RaftClientReply:client-0C76110B8A2B->ed5d81fa-aaf0-49db-aa57-acca1dd387bd@group-729F0664FEA8, cid=127, SUCCESS, logIndex=186, commits[ed5d81fa-aaf0-49db-aa57-acca1dd387bd:c188]
2019-09-10 22:11:45,894 [grpc-default-executor-1] INFO  client.GrpcClientProtocolClient (GrpcClientProtocolClient.java:onNext(255)) - client-0C76110B8A2B->ed5d81fa-aaf0-49db-aa57-acca1dd387bd: receive RaftClientReply:client-0C76110B8A2B->ed5d81fa-aaf0-49db-aa57-acca1dd387bd@group-729F0664FEA8, cid=128, SUCCESS, logIndex=187, commits[ed5d81fa-aaf0-49db-aa57-acca1dd387bd:c189]
2019-09-10 22:11:45,924 [grpc-default-executor-1] INFO  client.GrpcClientProtocolClient (GrpcClientProtocolClient.java:onNext(255)) - client-0C76110B8A2B->ed5d81fa-aaf0-49db-aa57-acca1dd387bd: receive RaftClientReply:client-0C76110B8A2B->ed5d81fa-aaf0-49db-aa57-acca1dd387bd@group-729F0664FEA8, cid=129, SUCCESS, logIndex=190, commits[ed5d81fa-aaf0-49db-aa57-acca1dd387bd:c193]
2019-09-10 22:11:45,928 [grpc-default-executor-1] INFO  client.GrpcClientProtocolClient (GrpcClientProtocolClient.java:onNext(255)) - client-0C76110B8A2B->ed5d81fa-aaf0-49db-aa57-acca1dd387bd: receive RaftClientReply:client-0C76110B8A2B->ed5d81fa-aaf0-49db-aa57-acca1dd387bd@group-729F0664FEA8, cid=130, SUCCESS, logIndex=191, commits[ed5d81fa-aaf0-49db-aa57-acca1dd387bd:c193]
2019-09-10 22:11:45,929 [grpc-default-executor-1] INFO  client.GrpcClientProtocolClient (GrpcClientProtocolClient.java:onNext(255)) - client-0C76110B8A2B->ed5d81fa-aaf0-49db-aa57-acca1dd387bd: receive RaftClientReply:client-0C76110B8A2B->ed5d81fa-aaf0-49db-aa57-acca1dd387bd@group-729F0664FEA8, cid=131, SUCCESS, logIndex=192, commits[ed5d81fa-aaf0-49db-aa57-acca1dd387bd:c195]
2019-09-10 22:11:45,930 [grpc-default-executor-1] INFO  client.GrpcClientProtocolClient (GrpcClientProtocolClient.java:onNext(255)) - client-0C76110B8A2B->ed5d81fa-aaf0-49db-aa57-acca1dd387bd: receive RaftClientReply:client-0C76110B8A2B->ed5d81fa-aaf0-49db-aa57-acca1dd387bd@group-729F0664FEA8, cid=132, SUCCESS, logIndex=193, commits[ed5d81fa-aaf0-49db-aa57-acca1dd387bd:c195]
2019-09-10 22:11:45,963 [SCMBlockDeletingService#0] DEBUG block.SCMBlockDeletingService (SCMBlockDeletingService.java:call(138)) - Running DeletedBlockTransactionScanner
2019-09-10 22:11:45,963 [SCMBlockDeletingService#0] DEBUG block.SCMBlockDeletingService (SCMBlockDeletingService.java:call(155)) - Scanned deleted blocks log and got 0 delTX to process.
2019-09-10 22:11:46,064 [SCMBlockDeletingService#0] DEBUG block.SCMBlockDeletingService (SCMBlockDeletingService.java:call(138)) - Running DeletedBlockTransactionScanner
2019-09-10 22:11:46,064 [SCMBlockDeletingService#0] DEBUG block.SCMBlockDeletingService (SCMBlockDeletingService.java:call(155)) - Scanned deleted blocks log and got 0 delTX to process.
2019-09-10 22:11:46,069 [grpc-default-executor-1] INFO  client.GrpcClientProtocolClient (GrpcClientProtocolClient.java:onNext(255)) - client-0C76110B8A2B->ed5d81fa-aaf0-49db-aa57-acca1dd387bd: receive RaftClientReply:client-0C76110B8A2B->ed5d81fa-aaf0-49db-aa57-acca1dd387bd@group-729F0664FEA8, cid=133, SUCCESS, logIndex=196, commits[ed5d81fa-aaf0-49db-aa57-acca1dd387bd:c197]
2019-09-10 22:11:46,070 [grpc-default-executor-1] INFO  client.GrpcClientProtocolClient (GrpcClientProtocolClient.java:onNext(255)) - client-0C76110B8A2B->ed5d81fa-aaf0-49db-aa57-acca1dd387bd: receive RaftClientReply:client-0C76110B8A2B->ed5d81fa-aaf0-49db-aa57-acca1dd387bd@group-729F0664FEA8, cid=134, SUCCESS, logIndex=197, commits[ed5d81fa-aaf0-49db-aa57-acca1dd387bd:c199]
2019-09-10 22:11:46,070 [grpc-default-executor-1] INFO  client.GrpcClientProtocolClient (GrpcClientProtocolClient.java:onNext(255)) - client-0C76110B8A2B->ed5d81fa-aaf0-49db-aa57-acca1dd387bd: receive RaftClientReply:client-0C76110B8A2B->ed5d81fa-aaf0-49db-aa57-acca1dd387bd@group-729F0664FEA8, cid=135, SUCCESS, logIndex=198, commits[ed5d81fa-aaf0-49db-aa57-acca1dd387bd:c200]
2019-09-10 22:11:46,071 [grpc-default-executor-1] INFO  client.GrpcClientProtocolClient (GrpcClientProtocolClient.java:onNext(255)) - client-0C76110B8A2B->ed5d81fa-aaf0-49db-aa57-acca1dd387bd: receive RaftClientReply:client-0C76110B8A2B->ed5d81fa-aaf0-49db-aa57-acca1dd387bd@group-729F0664FEA8, cid=136, SUCCESS, logIndex=199, commits[ed5d81fa-aaf0-49db-aa57-acca1dd387bd:c201]
2019-09-10 22:11:46,103 [grpc-default-executor-0] INFO  client.GrpcClientProtocolClient (GrpcClientProtocolClient.java:onNext(255)) - client-0C76110B8A2B->ed5d81fa-aaf0-49db-aa57-acca1dd387bd: receive RaftClientReply:client-0C76110B8A2B->ed5d81fa-aaf0-49db-aa57-acca1dd387bd@group-729F0664FEA8, cid=137, SUCCESS, logIndex=202, commits[ed5d81fa-aaf0-49db-aa57-acca1dd387bd:c205]
2019-09-10 22:11:46,104 [grpc-default-executor-0] INFO  client.GrpcClientProtocolClient (GrpcClientProtocolClient.java:onNext(255)) - client-0C76110B8A2B->ed5d81fa-aaf0-49db-aa57-acca1dd387bd: receive RaftClientReply:client-0C76110B8A2B->ed5d81fa-aaf0-49db-aa57-acca1dd387bd@group-729F0664FEA8, cid=138, SUCCESS, logIndex=203, commits[ed5d81fa-aaf0-49db-aa57-acca1dd387bd:c205]
2019-09-10 22:11:46,104 [grpc-default-executor-0] INFO  client.GrpcClientProtocolClient (GrpcClientProtocolClient.java:onNext(255)) - client-0C76110B8A2B->ed5d81fa-aaf0-49db-aa57-acca1dd387bd: receive RaftClientReply:client-0C76110B8A2B->ed5d81fa-aaf0-49db-aa57-acca1dd387bd@group-729F0664FEA8, cid=139, SUCCESS, logIndex=204, commits[ed5d81fa-aaf0-49db-aa57-acca1dd387bd:c206]
2019-09-10 22:11:46,105 [grpc-default-executor-0] INFO  client.GrpcClientProtocolClient (GrpcClientProtocolClient.java:onNext(255)) - client-0C76110B8A2B->ed5d81fa-aaf0-49db-aa57-acca1dd387bd: receive RaftClientReply:client-0C76110B8A2B->ed5d81fa-aaf0-49db-aa57-acca1dd387bd@group-729F0664FEA8, cid=140, SUCCESS, logIndex=205, commits[ed5d81fa-aaf0-49db-aa57-acca1dd387bd:c207]
2019-09-10 22:11:46,127 [grpc-default-executor-0] INFO  client.GrpcClientProtocolClient (GrpcClientProtocolClient.java:onNext(255)) - client-0C76110B8A2B->ed5d81fa-aaf0-49db-aa57-acca1dd387bd: receive RaftClientReply:client-0C76110B8A2B->ed5d81fa-aaf0-49db-aa57-acca1dd387bd@group-729F0664FEA8, cid=141, SUCCESS, logIndex=208, commits[ed5d81fa-aaf0-49db-aa57-acca1dd387bd:c209]
2019-09-10 22:11:46,128 [grpc-default-executor-0] INFO  client.GrpcClientProtocolClient (GrpcClientProtocolClient.java:onNext(255)) - client-0C76110B8A2B->ed5d81fa-aaf0-49db-aa57-acca1dd387bd: receive RaftClientReply:client-0C76110B8A2B->ed5d81fa-aaf0-49db-aa57-acca1dd387bd@group-729F0664FEA8, cid=142, SUCCESS, logIndex=209, commits[ed5d81fa-aaf0-49db-aa57-acca1dd387bd:c212]
2019-09-10 22:11:46,129 [grpc-default-executor-0] INFO  client.GrpcClientProtocolClient (GrpcClientProtocolClient.java:onNext(255)) - client-0C76110B8A2B->ed5d81fa-aaf0-49db-aa57-acca1dd387bd: receive RaftClientReply:client-0C76110B8A2B->ed5d81fa-aaf0-49db-aa57-acca1dd387bd@group-729F0664FEA8, cid=143, SUCCESS, logIndex=210, commits[ed5d81fa-aaf0-49db-aa57-acca1dd387bd:c213]
2019-09-10 22:11:46,130 [grpc-default-executor-0] INFO  client.GrpcClientProtocolClient (GrpcClientProtocolClient.java:onNext(255)) - client-0C76110B8A2B->ed5d81fa-aaf0-49db-aa57-acca1dd387bd: receive RaftClientReply:client-0C76110B8A2B->ed5d81fa-aaf0-49db-aa57-acca1dd387bd@group-729F0664FEA8, cid=144, SUCCESS, logIndex=211, commits[ed5d81fa-aaf0-49db-aa57-acca1dd387bd:c213]
2019-09-10 22:11:46,165 [SCMBlockDeletingService#0] DEBUG block.SCMBlockDeletingService (SCMBlockDeletingService.java:call(138)) - Running DeletedBlockTransactionScanner
2019-09-10 22:11:46,165 [SCMBlockDeletingService#0] DEBUG block.SCMBlockDeletingService (SCMBlockDeletingService.java:call(155)) - Scanned deleted blocks log and got 0 delTX to process.
2019-09-10 22:11:46,174 [grpc-default-executor-0] INFO  client.GrpcClientProtocolClient (GrpcClientProtocolClient.java:onNext(255)) - client-0C76110B8A2B->ed5d81fa-aaf0-49db-aa57-acca1dd387bd: receive RaftClientReply:client-0C76110B8A2B->ed5d81fa-aaf0-49db-aa57-acca1dd387bd@group-729F0664FEA8, cid=145, SUCCESS, logIndex=214, commits[ed5d81fa-aaf0-49db-aa57-acca1dd387bd:c215]
2019-09-10 22:11:46,175 [grpc-default-executor-0] INFO  client.GrpcClientProtocolClient (GrpcClientProtocolClient.java:onNext(255)) - client-0C76110B8A2B->ed5d81fa-aaf0-49db-aa57-acca1dd387bd: receive RaftClientReply:client-0C76110B8A2B->ed5d81fa-aaf0-49db-aa57-acca1dd387bd@group-729F0664FEA8, cid=146, SUCCESS, logIndex=215, commits[ed5d81fa-aaf0-49db-aa57-acca1dd387bd:c218]
2019-09-10 22:11:46,176 [grpc-default-executor-0] INFO  client.GrpcClientProtocolClient (GrpcClientProtocolClient.java:onNext(255)) - client-0C76110B8A2B->ed5d81fa-aaf0-49db-aa57-acca1dd387bd: receive RaftClientReply:client-0C76110B8A2B->ed5d81fa-aaf0-49db-aa57-acca1dd387bd@group-729F0664FEA8, cid=147, SUCCESS, logIndex=216, commits[ed5d81fa-aaf0-49db-aa57-acca1dd387bd:c219]
2019-09-10 22:11:46,176 [grpc-default-executor-0] INFO  client.GrpcClientProtocolClient (GrpcClientProtocolClient.java:onNext(255)) - client-0C76110B8A2B->ed5d81fa-aaf0-49db-aa57-acca1dd387bd: receive RaftClientReply:client-0C76110B8A2B->ed5d81fa-aaf0-49db-aa57-acca1dd387bd@group-729F0664FEA8, cid=148, SUCCESS, logIndex=217, commits[ed5d81fa-aaf0-49db-aa57-acca1dd387bd:c219]
2019-09-10 22:11:46,200 [grpc-default-executor-0] INFO  client.GrpcClientProtocolClient (GrpcClientProtocolClient.java:onNext(255)) - client-0C76110B8A2B->ed5d81fa-aaf0-49db-aa57-acca1dd387bd: receive RaftClientReply:client-0C76110B8A2B->ed5d81fa-aaf0-49db-aa57-acca1dd387bd@group-729F0664FEA8, cid=149, SUCCESS, logIndex=220, commits[ed5d81fa-aaf0-49db-aa57-acca1dd387bd:c221]
2019-09-10 22:11:46,200 [grpc-default-executor-0] INFO  client.GrpcClientProtocolClient (GrpcClientProtocolClient.java:onNext(255)) - client-0C76110B8A2B->ed5d81fa-aaf0-49db-aa57-acca1dd387bd: receive RaftClientReply:client-0C76110B8A2B->ed5d81fa-aaf0-49db-aa57-acca1dd387bd@group-729F0664FEA8, cid=150, SUCCESS, logIndex=221, commits[ed5d81fa-aaf0-49db-aa57-acca1dd387bd:c224]
2019-09-10 22:11:46,201 [grpc-default-executor-0] INFO  client.GrpcClientProtocolClient (GrpcClientProtocolClient.java:onNext(255)) - client-0C76110B8A2B->ed5d81fa-aaf0-49db-aa57-acca1dd387bd: receive RaftClientReply:client-0C76110B8A2B->ed5d81fa-aaf0-49db-aa57-acca1dd387bd@group-729F0664FEA8, cid=151, SUCCESS, logIndex=222, commits[ed5d81fa-aaf0-49db-aa57-acca1dd387bd:c224]
2019-09-10 22:11:46,201 [grpc-default-executor-0] INFO  client.GrpcClientProtocolClient (GrpcClientProtocolClient.java:onNext(255)) - client-0C76110B8A2B->ed5d81fa-aaf0-49db-aa57-acca1dd387bd: receive RaftClientReply:client-0C76110B8A2B->ed5d81fa-aaf0-49db-aa57-acca1dd387bd@group-729F0664FEA8, cid=152, SUCCESS, logIndex=223, commits[ed5d81fa-aaf0-49db-aa57-acca1dd387bd:c225]
2019-09-10 22:11:46,231 [grpc-default-executor-0] INFO  client.GrpcClientProtocolClient (GrpcClientProtocolClient.java:onNext(255)) - client-0C76110B8A2B->ed5d81fa-aaf0-49db-aa57-acca1dd387bd: receive RaftClientReply:client-0C76110B8A2B->ed5d81fa-aaf0-49db-aa57-acca1dd387bd@group-729F0664FEA8, cid=153, SUCCESS, logIndex=226, commits[ed5d81fa-aaf0-49db-aa57-acca1dd387bd:c227]
2019-09-10 22:11:46,231 [grpc-default-executor-0] INFO  client.GrpcClientProtocolClient (GrpcClientProtocolClient.java:onNext(255)) - client-0C76110B8A2B->ed5d81fa-aaf0-49db-aa57-acca1dd387bd: receive RaftClientReply:client-0C76110B8A2B->ed5d81fa-aaf0-49db-aa57-acca1dd387bd@group-729F0664FEA8, cid=154, SUCCESS, logIndex=227, commits[ed5d81fa-aaf0-49db-aa57-acca1dd387bd:c229]
2019-09-10 22:11:46,232 [grpc-default-executor-0] INFO  client.GrpcClientProtocolClient (GrpcClientProtocolClient.java:onNext(255)) - client-0C76110B8A2B->ed5d81fa-aaf0-49db-aa57-acca1dd387bd: receive RaftClientReply:client-0C76110B8A2B->ed5d81fa-aaf0-49db-aa57-acca1dd387bd@group-729F0664FEA8, cid=155, SUCCESS, logIndex=228, commits[ed5d81fa-aaf0-49db-aa57-acca1dd387bd:c229]
2019-09-10 22:11:46,232 [grpc-default-executor-0] INFO  client.GrpcClientProtocolClient (GrpcClientProtocolClient.java:onNext(255)) - client-0C76110B8A2B->ed5d81fa-aaf0-49db-aa57-acca1dd387bd: receive RaftClientReply:client-0C76110B8A2B->ed5d81fa-aaf0-49db-aa57-acca1dd387bd@group-729F0664FEA8, cid=156, SUCCESS, logIndex=229, commits[ed5d81fa-aaf0-49db-aa57-acca1dd387bd:c230]
2019-09-10 22:11:46,253 [grpc-default-executor-1] INFO  client.GrpcClientProtocolClient (GrpcClientProtocolClient.java:onNext(255)) - client-0C76110B8A2B->ed5d81fa-aaf0-49db-aa57-acca1dd387bd: receive RaftClientReply:client-0C76110B8A2B->ed5d81fa-aaf0-49db-aa57-acca1dd387bd@group-729F0664FEA8, cid=157, SUCCESS, logIndex=232, commits[ed5d81fa-aaf0-49db-aa57-acca1dd387bd:c233]
2019-09-10 22:11:46,254 [grpc-default-executor-1] INFO  client.GrpcClientProtocolClient (GrpcClientProtocolClient.java:onNext(255)) - client-0C76110B8A2B->ed5d81fa-aaf0-49db-aa57-acca1dd387bd: receive RaftClientReply:client-0C76110B8A2B->ed5d81fa-aaf0-49db-aa57-acca1dd387bd@group-729F0664FEA8, cid=158, SUCCESS, logIndex=233, commits[ed5d81fa-aaf0-49db-aa57-acca1dd387bd:c236]
2019-09-10 22:11:46,255 [grpc-default-executor-1] INFO  client.GrpcClientProtocolClient (GrpcClientProtocolClient.java:onNext(255)) - client-0C76110B8A2B->ed5d81fa-aaf0-49db-aa57-acca1dd387bd: receive RaftClientReply:client-0C76110B8A2B->ed5d81fa-aaf0-49db-aa57-acca1dd387bd@group-729F0664FEA8, cid=159, SUCCESS, logIndex=234, commits[ed5d81fa-aaf0-49db-aa57-acca1dd387bd:c236]
2019-09-10 22:11:46,255 [grpc-default-executor-1] INFO  client.GrpcClientProtocolClient (GrpcClientProtocolClient.java:onNext(255)) - client-0C76110B8A2B->ed5d81fa-aaf0-49db-aa57-acca1dd387bd: receive RaftClientReply:client-0C76110B8A2B->ed5d81fa-aaf0-49db-aa57-acca1dd387bd@group-729F0664FEA8, cid=160, SUCCESS, logIndex=235, commits[ed5d81fa-aaf0-49db-aa57-acca1dd387bd:c237]
2019-09-10 22:11:46,265 [SCMBlockDeletingService#0] DEBUG block.SCMBlockDeletingService (SCMBlockDeletingService.java:call(138)) - Running DeletedBlockTransactionScanner
2019-09-10 22:11:46,266 [SCMBlockDeletingService#0] DEBUG block.SCMBlockDeletingService (SCMBlockDeletingService.java:call(155)) - Scanned deleted blocks log and got 0 delTX to process.
2019-09-10 22:11:46,288 [grpc-default-executor-1] INFO  client.GrpcClientProtocolClient (GrpcClientProtocolClient.java:onNext(255)) - client-0C76110B8A2B->ed5d81fa-aaf0-49db-aa57-acca1dd387bd: receive RaftClientReply:client-0C76110B8A2B->ed5d81fa-aaf0-49db-aa57-acca1dd387bd@group-729F0664FEA8, cid=161, SUCCESS, logIndex=238, commits[ed5d81fa-aaf0-49db-aa57-acca1dd387bd:c239]
2019-09-10 22:11:46,289 [grpc-default-executor-1] INFO  client.GrpcClientProtocolClient (GrpcClientProtocolClient.java:onNext(255)) - client-0C76110B8A2B->ed5d81fa-aaf0-49db-aa57-acca1dd387bd: receive RaftClientReply:client-0C76110B8A2B->ed5d81fa-aaf0-49db-aa57-acca1dd387bd@group-729F0664FEA8, cid=162, SUCCESS, logIndex=239, commits[ed5d81fa-aaf0-49db-aa57-acca1dd387bd:c242]
2019-09-10 22:11:46,289 [grpc-default-executor-1] INFO  client.GrpcClientProtocolClient (GrpcClientProtocolClient.java:onNext(255)) - client-0C76110B8A2B->ed5d81fa-aaf0-49db-aa57-acca1dd387bd: receive RaftClientReply:client-0C76110B8A2B->ed5d81fa-aaf0-49db-aa57-acca1dd387bd@group-729F0664FEA8, cid=163, SUCCESS, logIndex=240, commits[ed5d81fa-aaf0-49db-aa57-acca1dd387bd:c243]
2019-09-10 22:11:46,289 [grpc-default-executor-1] INFO  client.GrpcClientProtocolClient (GrpcClientProtocolClient.java:onNext(255)) - client-0C76110B8A2B->ed5d81fa-aaf0-49db-aa57-acca1dd387bd: receive RaftClientReply:client-0C76110B8A2B->ed5d81fa-aaf0-49db-aa57-acca1dd387bd@group-729F0664FEA8, cid=164, SUCCESS, logIndex=241, commits[ed5d81fa-aaf0-49db-aa57-acca1dd387bd:c243]
2019-09-10 22:11:46,321 [grpc-default-executor-1] INFO  client.GrpcClientProtocolClient (GrpcClientProtocolClient.java:onNext(255)) - client-0C76110B8A2B->ed5d81fa-aaf0-49db-aa57-acca1dd387bd: receive RaftClientReply:client-0C76110B8A2B->ed5d81fa-aaf0-49db-aa57-acca1dd387bd@group-729F0664FEA8, cid=165, SUCCESS, logIndex=244, commits[ed5d81fa-aaf0-49db-aa57-acca1dd387bd:c245]
2019-09-10 22:11:46,322 [grpc-default-executor-1] INFO  client.GrpcClientProtocolClient (GrpcClientProtocolClient.java:onNext(255)) - client-0C76110B8A2B->ed5d81fa-aaf0-49db-aa57-acca1dd387bd: receive RaftClientReply:client-0C76110B8A2B->ed5d81fa-aaf0-49db-aa57-acca1dd387bd@group-729F0664FEA8, cid=166, SUCCESS, logIndex=245, commits[ed5d81fa-aaf0-49db-aa57-acca1dd387bd:c248]
2019-09-10 22:11:46,322 [grpc-default-executor-1] INFO  client.GrpcClientProtocolClient (GrpcClientProtocolClient.java:onNext(255)) - client-0C76110B8A2B->ed5d81fa-aaf0-49db-aa57-acca1dd387bd: receive RaftClientReply:client-0C76110B8A2B->ed5d81fa-aaf0-49db-aa57-acca1dd387bd@group-729F0664FEA8, cid=167, SUCCESS, logIndex=246, commits[ed5d81fa-aaf0-49db-aa57-acca1dd387bd:c249]
2019-09-10 22:11:46,323 [grpc-default-executor-1] INFO  client.GrpcClientProtocolClient (GrpcClientProtocolClient.java:onNext(255)) - client-0C76110B8A2B->ed5d81fa-aaf0-49db-aa57-acca1dd387bd: receive RaftClientReply:client-0C76110B8A2B->ed5d81fa-aaf0-49db-aa57-acca1dd387bd@group-729F0664FEA8, cid=168, SUCCESS, logIndex=247, commits[ed5d81fa-aaf0-49db-aa57-acca1dd387bd:c249]
2019-09-10 22:11:46,361 [grpc-default-executor-1] INFO  client.GrpcClientProtocolClient (GrpcClientProtocolClient.java:onNext(255)) - client-0C76110B8A2B->ed5d81fa-aaf0-49db-aa57-acca1dd387bd: receive RaftClientReply:client-0C76110B8A2B->ed5d81fa-aaf0-49db-aa57-acca1dd387bd@group-729F0664FEA8, cid=169, SUCCESS, logIndex=250, commits[ed5d81fa-aaf0-49db-aa57-acca1dd387bd:c251]
2019-09-10 22:11:46,361 [grpc-default-executor-1] INFO  client.GrpcClientProtocolClient (GrpcClientProtocolClient.java:onNext(255)) - client-0C76110B8A2B->ed5d81fa-aaf0-49db-aa57-acca1dd387bd: receive RaftClientReply:client-0C76110B8A2B->ed5d81fa-aaf0-49db-aa57-acca1dd387bd@group-729F0664FEA8, cid=170, SUCCESS, logIndex=251, commits[ed5d81fa-aaf0-49db-aa57-acca1dd387bd:c253]
2019-09-10 22:11:46,362 [grpc-default-executor-1] INFO  client.GrpcClientProtocolClient (GrpcClientProtocolClient.java:onNext(255)) - client-0C76110B8A2B->ed5d81fa-aaf0-49db-aa57-acca1dd387bd: receive RaftClientReply:client-0C76110B8A2B->ed5d81fa-aaf0-49db-aa57-acca1dd387bd@group-729F0664FEA8, cid=171, SUCCESS, logIndex=252, commits[ed5d81fa-aaf0-49db-aa57-acca1dd387bd:c254]
2019-09-10 22:11:46,362 [grpc-default-executor-1] INFO  client.GrpcClientProtocolClient (GrpcClientProtocolClient.java:onNext(255)) - client-0C76110B8A2B->ed5d81fa-aaf0-49db-aa57-acca1dd387bd: receive RaftClientReply:client-0C76110B8A2B->ed5d81fa-aaf0-49db-aa57-acca1dd387bd@group-729F0664FEA8, cid=172, SUCCESS, logIndex=253, commits[ed5d81fa-aaf0-49db-aa57-acca1dd387bd:c255]
2019-09-10 22:11:46,366 [SCMBlockDeletingService#0] DEBUG block.SCMBlockDeletingService (SCMBlockDeletingService.java:call(138)) - Running DeletedBlockTransactionScanner
2019-09-10 22:11:46,366 [SCMBlockDeletingService#0] DEBUG block.SCMBlockDeletingService (SCMBlockDeletingService.java:call(155)) - Scanned deleted blocks log and got 0 delTX to process.
2019-09-10 22:11:46,385 [grpc-default-executor-1] INFO  client.GrpcClientProtocolClient (GrpcClientProtocolClient.java:onNext(255)) - client-0C76110B8A2B->ed5d81fa-aaf0-49db-aa57-acca1dd387bd: receive RaftClientReply:client-0C76110B8A2B->ed5d81fa-aaf0-49db-aa57-acca1dd387bd@group-729F0664FEA8, cid=173, SUCCESS, logIndex=256, commits[ed5d81fa-aaf0-49db-aa57-acca1dd387bd:c259]
2019-09-10 22:11:46,386 [grpc-default-executor-1] INFO  client.GrpcClientProtocolClient (GrpcClientProtocolClient.java:onNext(255)) - client-0C76110B8A2B->ed5d81fa-aaf0-49db-aa57-acca1dd387bd: receive RaftClientReply:client-0C76110B8A2B->ed5d81fa-aaf0-49db-aa57-acca1dd387bd@group-729F0664FEA8, cid=174, SUCCESS, logIndex=257, commits[ed5d81fa-aaf0-49db-aa57-acca1dd387bd:c260]
2019-09-10 22:11:46,386 [grpc-default-executor-1] INFO  client.GrpcClientProtocolClient (GrpcClientProtocolClient.java:onNext(255)) - client-0C76110B8A2B->ed5d81fa-aaf0-49db-aa57-acca1dd387bd: receive RaftClientReply:client-0C76110B8A2B->ed5d81fa-aaf0-49db-aa57-acca1dd387bd@group-729F0664FEA8, cid=175, SUCCESS, logIndex=258, commits[ed5d81fa-aaf0-49db-aa57-acca1dd387bd:c261]
2019-09-10 22:11:46,387 [grpc-default-executor-1] INFO  client.GrpcClientProtocolClient (GrpcClientProtocolClient.java:onNext(255)) - client-0C76110B8A2B->ed5d81fa-aaf0-49db-aa57-acca1dd387bd: receive RaftClientReply:client-0C76110B8A2B->ed5d81fa-aaf0-49db-aa57-acca1dd387bd@group-729F0664FEA8, cid=176, SUCCESS, logIndex=259, commits[ed5d81fa-aaf0-49db-aa57-acca1dd387bd:c261]
2019-09-10 22:11:46,467 [SCMBlockDeletingService#0] DEBUG block.SCMBlockDeletingService (SCMBlockDeletingService.java:call(138)) - Running DeletedBlockTransactionScanner
2019-09-10 22:11:46,467 [SCMBlockDeletingService#0] DEBUG block.SCMBlockDeletingService (SCMBlockDeletingService.java:call(155)) - Scanned deleted blocks log and got 0 delTX to process.
2019-09-10 22:11:46,520 [grpc-default-executor-1] INFO  client.GrpcClientProtocolClient (GrpcClientProtocolClient.java:onNext(255)) - client-0C76110B8A2B->ed5d81fa-aaf0-49db-aa57-acca1dd387bd: receive RaftClientReply:client-0C76110B8A2B->ed5d81fa-aaf0-49db-aa57-acca1dd387bd@group-729F0664FEA8, cid=177, SUCCESS, logIndex=262, commits[ed5d81fa-aaf0-49db-aa57-acca1dd387bd:c263]
2019-09-10 22:11:46,521 [grpc-default-executor-1] INFO  client.GrpcClientProtocolClient (GrpcClientProtocolClient.java:onNext(255)) - client-0C76110B8A2B->ed5d81fa-aaf0-49db-aa57-acca1dd387bd: receive RaftClientReply:client-0C76110B8A2B->ed5d81fa-aaf0-49db-aa57-acca1dd387bd@group-729F0664FEA8, cid=178, SUCCESS, logIndex=263, commits[ed5d81fa-aaf0-49db-aa57-acca1dd387bd:c266]
2019-09-10 22:11:46,521 [grpc-default-executor-1] INFO  client.GrpcClientProtocolClient (GrpcClientProtocolClient.java:onNext(255)) - client-0C76110B8A2B->ed5d81fa-aaf0-49db-aa57-acca1dd387bd: receive RaftClientReply:client-0C76110B8A2B->ed5d81fa-aaf0-49db-aa57-acca1dd387bd@group-729F0664FEA8, cid=179, SUCCESS, logIndex=264, commits[ed5d81fa-aaf0-49db-aa57-acca1dd387bd:c266]
2019-09-10 22:11:46,522 [grpc-default-executor-1] INFO  client.GrpcClientProtocolClient (GrpcClientProtocolClient.java:onNext(255)) - client-0C76110B8A2B->ed5d81fa-aaf0-49db-aa57-acca1dd387bd: receive RaftClientReply:client-0C76110B8A2B->ed5d81fa-aaf0-49db-aa57-acca1dd387bd@group-729F0664FEA8, cid=180, SUCCESS, logIndex=265, commits[ed5d81fa-aaf0-49db-aa57-acca1dd387bd:c267]
2019-09-10 22:11:46,549 [grpc-default-executor-1] INFO  client.GrpcClientProtocolClient (GrpcClientProtocolClient.java:onNext(255)) - client-0C76110B8A2B->ed5d81fa-aaf0-49db-aa57-acca1dd387bd: receive RaftClientReply:client-0C76110B8A2B->ed5d81fa-aaf0-49db-aa57-acca1dd387bd@group-729F0664FEA8, cid=181, SUCCESS, logIndex=268, commits[ed5d81fa-aaf0-49db-aa57-acca1dd387bd:c269]
2019-09-10 22:11:46,550 [grpc-default-executor-1] INFO  client.GrpcClientProtocolClient (GrpcClientProtocolClient.java:onNext(255)) - client-0C76110B8A2B->ed5d81fa-aaf0-49db-aa57-acca1dd387bd: receive RaftClientReply:client-0C76110B8A2B->ed5d81fa-aaf0-49db-aa57-acca1dd387bd@group-729F0664FEA8, cid=182, SUCCESS, logIndex=269, commits[ed5d81fa-aaf0-49db-aa57-acca1dd387bd:c269]
2019-09-10 22:11:46,552 [grpc-default-executor-1] INFO  client.GrpcClientProtocolClient (GrpcClientProtocolClient.java:onNext(255)) - client-0C76110B8A2B->ed5d81fa-aaf0-49db-aa57-acca1dd387bd: receive RaftClientReply:client-0C76110B8A2B->ed5d81fa-aaf0-49db-aa57-acca1dd387bd@group-729F0664FEA8, cid=183, SUCCESS, logIndex=270, commits[ed5d81fa-aaf0-49db-aa57-acca1dd387bd:c271]
2019-09-10 22:11:46,553 [grpc-default-executor-1] INFO  client.GrpcClientProtocolClient (GrpcClientProtocolClient.java:onNext(255)) - client-0C76110B8A2B->ed5d81fa-aaf0-49db-aa57-acca1dd387bd: receive RaftClientReply:client-0C76110B8A2B->ed5d81fa-aaf0-49db-aa57-acca1dd387bd@group-729F0664FEA8, cid=184, SUCCESS, logIndex=271, commits[ed5d81fa-aaf0-49db-aa57-acca1dd387bd:c272]
2019-09-10 22:11:46,568 [SCMBlockDeletingService#0] DEBUG block.SCMBlockDeletingService (SCMBlockDeletingService.java:call(138)) - Running DeletedBlockTransactionScanner
2019-09-10 22:11:46,568 [SCMBlockDeletingService#0] DEBUG block.SCMBlockDeletingService (SCMBlockDeletingService.java:call(155)) - Scanned deleted blocks log and got 0 delTX to process.
2019-09-10 22:11:46,593 [grpc-default-executor-0] INFO  client.GrpcClientProtocolClient (GrpcClientProtocolClient.java:onNext(255)) - client-0C76110B8A2B->ed5d81fa-aaf0-49db-aa57-acca1dd387bd: receive RaftClientReply:client-0C76110B8A2B->ed5d81fa-aaf0-49db-aa57-acca1dd387bd@group-729F0664FEA8, cid=185, SUCCESS, logIndex=274, commits[ed5d81fa-aaf0-49db-aa57-acca1dd387bd:c275]
2019-09-10 22:11:46,594 [grpc-default-executor-0] INFO  client.GrpcClientProtocolClient (GrpcClientProtocolClient.java:onNext(255)) - client-0C76110B8A2B->ed5d81fa-aaf0-49db-aa57-acca1dd387bd: receive RaftClientReply:client-0C76110B8A2B->ed5d81fa-aaf0-49db-aa57-acca1dd387bd@group-729F0664FEA8, cid=186, SUCCESS, logIndex=275, commits[ed5d81fa-aaf0-49db-aa57-acca1dd387bd:c275]
2019-09-10 22:11:46,606 [grpc-default-executor-0] INFO  client.GrpcClientProtocolClient (GrpcClientProtocolClient.java:onNext(255)) - client-0C76110B8A2B->ed5d81fa-aaf0-49db-aa57-acca1dd387bd: receive RaftClientReply:client-0C76110B8A2B->ed5d81fa-aaf0-49db-aa57-acca1dd387bd@group-729F0664FEA8, cid=187, SUCCESS, logIndex=276, commits[ed5d81fa-aaf0-49db-aa57-acca1dd387bd:c278]
2019-09-10 22:11:46,607 [grpc-default-executor-0] INFO  client.GrpcClientProtocolClient (GrpcClientProtocolClient.java:onNext(255)) - client-0C76110B8A2B->ed5d81fa-aaf0-49db-aa57-acca1dd387bd: receive RaftClientReply:client-0C76110B8A2B->ed5d81fa-aaf0-49db-aa57-acca1dd387bd@group-729F0664FEA8, cid=188, SUCCESS, logIndex=278, commits[ed5d81fa-aaf0-49db-aa57-acca1dd387bd:c278]
2019-09-10 22:11:46,639 [grpc-default-executor-0] INFO  client.GrpcClientProtocolClient (GrpcClientProtocolClient.java:onNext(255)) - client-0C76110B8A2B->ed5d81fa-aaf0-49db-aa57-acca1dd387bd: receive RaftClientReply:client-0C76110B8A2B->ed5d81fa-aaf0-49db-aa57-acca1dd387bd@group-729F0664FEA8, cid=189, SUCCESS, logIndex=280, commits[ed5d81fa-aaf0-49db-aa57-acca1dd387bd:c281]
2019-09-10 22:11:46,640 [grpc-default-executor-0] INFO  client.GrpcClientProtocolClient (GrpcClientProtocolClient.java:onNext(255)) - client-0C76110B8A2B->ed5d81fa-aaf0-49db-aa57-acca1dd387bd: receive RaftClientReply:client-0C76110B8A2B->ed5d81fa-aaf0-49db-aa57-acca1dd387bd@group-729F0664FEA8, cid=190, SUCCESS, logIndex=281, commits[ed5d81fa-aaf0-49db-aa57-acca1dd387bd:c284]
2019-09-10 22:11:46,641 [grpc-default-executor-0] INFO  client.GrpcClientProtocolClient (GrpcClientProtocolClient.java:onNext(255)) - client-0C76110B8A2B->ed5d81fa-aaf0-49db-aa57-acca1dd387bd: receive RaftClientReply:client-0C76110B8A2B->ed5d81fa-aaf0-49db-aa57-acca1dd387bd@group-729F0664FEA8, cid=191, SUCCESS, logIndex=282, commits[ed5d81fa-aaf0-49db-aa57-acca1dd387bd:c285]
2019-09-10 22:11:46,641 [grpc-default-executor-0] INFO  client.GrpcClientProtocolClient (GrpcClientProtocolClient.java:onNext(255)) - client-0C76110B8A2B->ed5d81fa-aaf0-49db-aa57-acca1dd387bd: receive RaftClientReply:client-0C76110B8A2B->ed5d81fa-aaf0-49db-aa57-acca1dd387bd@group-729F0664FEA8, cid=192, SUCCESS, logIndex=283, commits[ed5d81fa-aaf0-49db-aa57-acca1dd387bd:c285]
2019-09-10 22:11:46,669 [SCMBlockDeletingService#0] DEBUG block.SCMBlockDeletingService (SCMBlockDeletingService.java:call(138)) - Running DeletedBlockTransactionScanner
2019-09-10 22:11:46,669 [SCMBlockDeletingService#0] DEBUG block.SCMBlockDeletingService (SCMBlockDeletingService.java:call(155)) - Scanned deleted blocks log and got 0 delTX to process.
2019-09-10 22:11:46,676 [grpc-default-executor-0] INFO  client.GrpcClientProtocolClient (GrpcClientProtocolClient.java:onNext(255)) - client-0C76110B8A2B->ed5d81fa-aaf0-49db-aa57-acca1dd387bd: receive RaftClientReply:client-0C76110B8A2B->ed5d81fa-aaf0-49db-aa57-acca1dd387bd@group-729F0664FEA8, cid=193, SUCCESS, logIndex=286, commits[ed5d81fa-aaf0-49db-aa57-acca1dd387bd:c287]
2019-09-10 22:11:46,677 [grpc-default-executor-0] INFO  client.GrpcClientProtocolClient (GrpcClientProtocolClient.java:onNext(255)) - client-0C76110B8A2B->ed5d81fa-aaf0-49db-aa57-acca1dd387bd: receive RaftClientReply:client-0C76110B8A2B->ed5d81fa-aaf0-49db-aa57-acca1dd387bd@group-729F0664FEA8, cid=194, SUCCESS, logIndex=287, commits[ed5d81fa-aaf0-49db-aa57-acca1dd387bd:c290]
2019-09-10 22:11:46,677 [grpc-default-executor-0] INFO  client.GrpcClientProtocolClient (GrpcClientProtocolClient.java:onNext(255)) - client-0C76110B8A2B->ed5d81fa-aaf0-49db-aa57-acca1dd387bd: receive RaftClientReply:client-0C76110B8A2B->ed5d81fa-aaf0-49db-aa57-acca1dd387bd@group-729F0664FEA8, cid=195, SUCCESS, logIndex=288, commits[ed5d81fa-aaf0-49db-aa57-acca1dd387bd:c291]
2019-09-10 22:11:46,678 [grpc-default-executor-0] INFO  client.GrpcClientProtocolClient (GrpcClientProtocolClient.java:onNext(255)) - client-0C76110B8A2B->ed5d81fa-aaf0-49db-aa57-acca1dd387bd: receive RaftClientReply:client-0C76110B8A2B->ed5d81fa-aaf0-49db-aa57-acca1dd387bd@group-729F0664FEA8, cid=196, SUCCESS, logIndex=289, commits[ed5d81fa-aaf0-49db-aa57-acca1dd387bd:c291]
2019-09-10 22:11:46,700 [grpc-default-executor-0] INFO  client.GrpcClientProtocolClient (GrpcClientProtocolClient.java:onNext(255)) - client-0C76110B8A2B->ed5d81fa-aaf0-49db-aa57-acca1dd387bd: receive RaftClientReply:client-0C76110B8A2B->ed5d81fa-aaf0-49db-aa57-acca1dd387bd@group-729F0664FEA8, cid=197, SUCCESS, logIndex=292, commits[ed5d81fa-aaf0-49db-aa57-acca1dd387bd:c293]
2019-09-10 22:11:46,701 [grpc-default-executor-0] INFO  client.GrpcClientProtocolClient (GrpcClientProtocolClient.java:onNext(255)) - client-0C76110B8A2B->ed5d81fa-aaf0-49db-aa57-acca1dd387bd: receive RaftClientReply:client-0C76110B8A2B->ed5d81fa-aaf0-49db-aa57-acca1dd387bd@group-729F0664FEA8, cid=198, SUCCESS, logIndex=293, commits[ed5d81fa-aaf0-49db-aa57-acca1dd387bd:c296]
2019-09-10 22:11:46,701 [grpc-default-executor-0] INFO  client.GrpcClientProtocolClient (GrpcClientProtocolClient.java:onNext(255)) - client-0C76110B8A2B->ed5d81fa-aaf0-49db-aa57-acca1dd387bd: receive RaftClientReply:client-0C76110B8A2B->ed5d81fa-aaf0-49db-aa57-acca1dd387bd@group-729F0664FEA8, cid=199, SUCCESS, logIndex=294, commits[ed5d81fa-aaf0-49db-aa57-acca1dd387bd:c297]
2019-09-10 22:11:46,702 [grpc-default-executor-0] INFO  client.GrpcClientProtocolClient (GrpcClientProtocolClient.java:onNext(255)) - client-0C76110B8A2B->ed5d81fa-aaf0-49db-aa57-acca1dd387bd: receive RaftClientReply:client-0C76110B8A2B->ed5d81fa-aaf0-49db-aa57-acca1dd387bd@group-729F0664FEA8, cid=200, SUCCESS, logIndex=295, commits[ed5d81fa-aaf0-49db-aa57-acca1dd387bd:c297]
2019-09-10 22:11:46,732 [grpc-default-executor-0] INFO  client.GrpcClientProtocolClient (GrpcClientProtocolClient.java:onNext(255)) - client-0C76110B8A2B->ed5d81fa-aaf0-49db-aa57-acca1dd387bd: receive RaftClientReply:client-0C76110B8A2B->ed5d81fa-aaf0-49db-aa57-acca1dd387bd@group-729F0664FEA8, cid=201, SUCCESS, logIndex=298, commits[ed5d81fa-aaf0-49db-aa57-acca1dd387bd:c301]
2019-09-10 22:11:46,733 [grpc-default-executor-0] INFO  client.GrpcClientProtocolClient (GrpcClientProtocolClient.java:onNext(255)) - client-0C76110B8A2B->ed5d81fa-aaf0-49db-aa57-acca1dd387bd: receive RaftClientReply:client-0C76110B8A2B->ed5d81fa-aaf0-49db-aa57-acca1dd387bd@group-729F0664FEA8, cid=202, SUCCESS, logIndex=299, commits[ed5d81fa-aaf0-49db-aa57-acca1dd387bd:c301]
2019-09-10 22:11:46,733 [grpc-default-executor-0] INFO  client.GrpcClientProtocolClient (GrpcClientProtocolClient.java:onNext(255)) - client-0C76110B8A2B->ed5d81fa-aaf0-49db-aa57-acca1dd387bd: receive RaftClientReply:client-0C76110B8A2B->ed5d81fa-aaf0-49db-aa57-acca1dd387bd@group-729F0664FEA8, cid=203, SUCCESS, logIndex=300, commits[ed5d81fa-aaf0-49db-aa57-acca1dd387bd:c302]
2019-09-10 22:11:46,734 [grpc-default-executor-0] INFO  client.GrpcClientProtocolClient (GrpcClientProtocolClient.java:onNext(255)) - client-0C76110B8A2B->ed5d81fa-aaf0-49db-aa57-acca1dd387bd: receive RaftClientReply:client-0C76110B8A2B->ed5d81fa-aaf0-49db-aa57-acca1dd387bd@group-729F0664FEA8, cid=204, SUCCESS, logIndex=301, commits[ed5d81fa-aaf0-49db-aa57-acca1dd387bd:c302]
2019-09-10 22:11:46,757 [grpc-default-executor-0] INFO  client.GrpcClientProtocolClient (GrpcClientProtocolClient.java:onNext(255)) - client-0C76110B8A2B->ed5d81fa-aaf0-49db-aa57-acca1dd387bd: receive RaftClientReply:client-0C76110B8A2B->ed5d81fa-aaf0-49db-aa57-acca1dd387bd@group-729F0664FEA8, cid=205, SUCCESS, logIndex=304, commits[ed5d81fa-aaf0-49db-aa57-acca1dd387bd:c305]
2019-09-10 22:11:46,758 [grpc-default-executor-0] INFO  client.GrpcClientProtocolClient (GrpcClientProtocolClient.java:onNext(255)) - client-0C76110B8A2B->ed5d81fa-aaf0-49db-aa57-acca1dd387bd: receive RaftClientReply:client-0C76110B8A2B->ed5d81fa-aaf0-49db-aa57-acca1dd387bd@group-729F0664FEA8, cid=206, SUCCESS, logIndex=305, commits[ed5d81fa-aaf0-49db-aa57-acca1dd387bd:c307]
2019-09-10 22:11:46,759 [grpc-default-executor-0] INFO  client.GrpcClientProtocolClient (GrpcClientProtocolClient.java:onNext(255)) - client-0C76110B8A2B->ed5d81fa-aaf0-49db-aa57-acca1dd387bd: receive RaftClientReply:client-0C76110B8A2B->ed5d81fa-aaf0-49db-aa57-acca1dd387bd@group-729F0664FEA8, cid=207, SUCCESS, logIndex=306, commits[ed5d81fa-aaf0-49db-aa57-acca1dd387bd:c308]
2019-09-10 22:11:46,759 [grpc-default-executor-0] INFO  client.GrpcClientProtocolClient (GrpcClientProtocolClient.java:onNext(255)) - client-0C76110B8A2B->ed5d81fa-aaf0-49db-aa57-acca1dd387bd: receive RaftClientReply:client-0C76110B8A2B->ed5d81fa-aaf0-49db-aa57-acca1dd387bd@group-729F0664FEA8, cid=208, SUCCESS, logIndex=307, commits[ed5d81fa-aaf0-49db-aa57-acca1dd387bd:c309]
2019-09-10 22:11:46,769 [SCMBlockDeletingService#0] DEBUG block.SCMBlockDeletingService (SCMBlockDeletingService.java:call(138)) - Running DeletedBlockTransactionScanner
2019-09-10 22:11:46,770 [SCMBlockDeletingService#0] DEBUG block.SCMBlockDeletingService (SCMBlockDeletingService.java:call(155)) - Scanned deleted blocks log and got 0 delTX to process.
2019-09-10 22:11:46,789 [grpc-default-executor-0] INFO  client.GrpcClientProtocolClient (GrpcClientProtocolClient.java:onNext(255)) - client-0C76110B8A2B->ed5d81fa-aaf0-49db-aa57-acca1dd387bd: receive RaftClientReply:client-0C76110B8A2B->ed5d81fa-aaf0-49db-aa57-acca1dd387bd@group-729F0664FEA8, cid=209, SUCCESS, logIndex=310, commits[ed5d81fa-aaf0-49db-aa57-acca1dd387bd:c311]
2019-09-10 22:11:46,790 [grpc-default-executor-0] INFO  client.GrpcClientProtocolClient (GrpcClientProtocolClient.java:onNext(255)) - client-0C76110B8A2B->ed5d81fa-aaf0-49db-aa57-acca1dd387bd: receive RaftClientReply:client-0C76110B8A2B->ed5d81fa-aaf0-49db-aa57-acca1dd387bd@group-729F0664FEA8, cid=210, SUCCESS, logIndex=311, commits[ed5d81fa-aaf0-49db-aa57-acca1dd387bd:c313]
2019-09-10 22:11:46,791 [grpc-default-executor-0] INFO  client.GrpcClientProtocolClient (GrpcClientProtocolClient.java:onNext(255)) - client-0C76110B8A2B->ed5d81fa-aaf0-49db-aa57-acca1dd387bd: receive RaftClientReply:client-0C76110B8A2B->ed5d81fa-aaf0-49db-aa57-acca1dd387bd@group-729F0664FEA8, cid=211, SUCCESS, logIndex=312, commits[ed5d81fa-aaf0-49db-aa57-acca1dd387bd:c314]
2019-09-10 22:11:46,791 [grpc-default-executor-0] INFO  client.GrpcClientProtocolClient (GrpcClientProtocolClient.java:onNext(255)) - client-0C76110B8A2B->ed5d81fa-aaf0-49db-aa57-acca1dd387bd: receive RaftClientReply:client-0C76110B8A2B->ed5d81fa-aaf0-49db-aa57-acca1dd387bd@group-729F0664FEA8, cid=212, SUCCESS, logIndex=313, commits[ed5d81fa-aaf0-49db-aa57-acca1dd387bd:c315]
2019-09-10 22:11:46,816 [grpc-default-executor-0] INFO  client.GrpcClientProtocolClient (GrpcClientProtocolClient.java:onNext(255)) - client-0C76110B8A2B->ed5d81fa-aaf0-49db-aa57-acca1dd387bd: receive RaftClientReply:client-0C76110B8A2B->ed5d81fa-aaf0-49db-aa57-acca1dd387bd@group-729F0664FEA8, cid=213, SUCCESS, logIndex=316, commits[ed5d81fa-aaf0-49db-aa57-acca1dd387bd:c319]
2019-09-10 22:11:46,817 [grpc-default-executor-0] INFO  client.GrpcClientProtocolClient (GrpcClientProtocolClient.java:onNext(255)) - client-0C76110B8A2B->ed5d81fa-aaf0-49db-aa57-acca1dd387bd: receive RaftClientReply:client-0C76110B8A2B->ed5d81fa-aaf0-49db-aa57-acca1dd387bd@group-729F0664FEA8, cid=214, SUCCESS, logIndex=317, commits[ed5d81fa-aaf0-49db-aa57-acca1dd387bd:c320]
2019-09-10 22:11:46,818 [grpc-default-executor-0] INFO  client.GrpcClientProtocolClient (GrpcClientProtocolClient.java:onNext(255)) - client-0C76110B8A2B->ed5d81fa-aaf0-49db-aa57-acca1dd387bd: receive RaftClientReply:client-0C76110B8A2B->ed5d81fa-aaf0-49db-aa57-acca1dd387bd@group-729F0664FEA8, cid=215, SUCCESS, logIndex=318, commits[ed5d81fa-aaf0-49db-aa57-acca1dd387bd:c320]
2019-09-10 22:11:46,818 [grpc-default-executor-0] INFO  client.GrpcClientProtocolClient (GrpcClientProtocolClient.java:onNext(255)) - client-0C76110B8A2B->ed5d81fa-aaf0-49db-aa57-acca1dd387bd: receive RaftClientReply:client-0C76110B8A2B->ed5d81fa-aaf0-49db-aa57-acca1dd387bd@group-729F0664FEA8, cid=216, SUCCESS, logIndex=319, commits[ed5d81fa-aaf0-49db-aa57-acca1dd387bd:c320]
2019-09-10 22:11:46,868 [grpc-default-executor-1] INFO  client.GrpcClientProtocolClient (GrpcClientProtocolClient.java:onNext(255)) - client-0C76110B8A2B->ed5d81fa-aaf0-49db-aa57-acca1dd387bd: receive RaftClientReply:client-0C76110B8A2B->ed5d81fa-aaf0-49db-aa57-acca1dd387bd@group-729F0664FEA8, cid=217, SUCCESS, logIndex=321, commits[ed5d81fa-aaf0-49db-aa57-acca1dd387bd:c324]
2019-09-10 22:11:46,869 [grpc-default-executor-1] INFO  client.GrpcClientProtocolClient (GrpcClientProtocolClient.java:onNext(255)) - client-0C76110B8A2B->ed5d81fa-aaf0-49db-aa57-acca1dd387bd: receive RaftClientReply:client-0C76110B8A2B->ed5d81fa-aaf0-49db-aa57-acca1dd387bd@group-729F0664FEA8, cid=218, SUCCESS, logIndex=322, commits[ed5d81fa-aaf0-49db-aa57-acca1dd387bd:c324]
2019-09-10 22:11:46,869 [grpc-default-executor-1] INFO  client.GrpcClientProtocolClient (GrpcClientProtocolClient.java:onNext(255)) - client-0C76110B8A2B->ed5d81fa-aaf0-49db-aa57-acca1dd387bd: receive RaftClientReply:client-0C76110B8A2B->ed5d81fa-aaf0-49db-aa57-acca1dd387bd@group-729F0664FEA8, cid=219, SUCCESS, logIndex=323, commits[ed5d81fa-aaf0-49db-aa57-acca1dd387bd:c324]
2019-09-10 22:11:46,870 [grpc-default-executor-1] INFO  client.GrpcClientProtocolClient (GrpcClientProtocolClient.java:onNext(255)) - client-0C76110B8A2B->ed5d81fa-aaf0-49db-aa57-acca1dd387bd: receive RaftClientReply:client-0C76110B8A2B->ed5d81fa-aaf0-49db-aa57-acca1dd387bd@group-729F0664FEA8, cid=220, SUCCESS, logIndex=324, commits[ed5d81fa-aaf0-49db-aa57-acca1dd387bd:c324]
2019-09-10 22:11:46,870 [SCMBlockDeletingService#0] DEBUG block.SCMBlockDeletingService (SCMBlockDeletingService.java:call(138)) - Running DeletedBlockTransactionScanner
2019-09-10 22:11:46,871 [SCMBlockDeletingService#0] DEBUG block.SCMBlockDeletingService (SCMBlockDeletingService.java:call(155)) - Scanned deleted blocks log and got 0 delTX to process.
2019-09-10 22:11:46,971 [SCMBlockDeletingService#0] DEBUG block.SCMBlockDeletingService (SCMBlockDeletingService.java:call(138)) - Running DeletedBlockTransactionScanner
2019-09-10 22:11:46,972 [SCMBlockDeletingService#0] DEBUG block.SCMBlockDeletingService (SCMBlockDeletingService.java:call(155)) - Scanned deleted blocks log and got 0 delTX to process.
2019-09-10 22:11:46,987 [grpc-default-executor-0] INFO  client.GrpcClientProtocolClient (GrpcClientProtocolClient.java:onNext(255)) - client-0C76110B8A2B->ed5d81fa-aaf0-49db-aa57-acca1dd387bd: receive RaftClientReply:client-0C76110B8A2B->ed5d81fa-aaf0-49db-aa57-acca1dd387bd@group-729F0664FEA8, cid=221, SUCCESS, logIndex=326, commits[ed5d81fa-aaf0-49db-aa57-acca1dd387bd:c329]
2019-09-10 22:11:46,988 [grpc-default-executor-0] INFO  client.GrpcClientProtocolClient (GrpcClientProtocolClient.java:onNext(255)) - client-0C76110B8A2B->ed5d81fa-aaf0-49db-aa57-acca1dd387bd: receive RaftClientReply:client-0C76110B8A2B->ed5d81fa-aaf0-49db-aa57-acca1dd387bd@group-729F0664FEA8, cid=222, SUCCESS, logIndex=327, commits[ed5d81fa-aaf0-49db-aa57-acca1dd387bd:c331]
2019-09-10 22:11:46,988 [grpc-default-executor-0] INFO  client.GrpcClientProtocolClient (GrpcClientProtocolClient.java:onNext(255)) - client-0C76110B8A2B->ed5d81fa-aaf0-49db-aa57-acca1dd387bd: receive RaftClientReply:client-0C76110B8A2B->ed5d81fa-aaf0-49db-aa57-acca1dd387bd@group-729F0664FEA8, cid=223, SUCCESS, logIndex=328, commits[ed5d81fa-aaf0-49db-aa57-acca1dd387bd:c331]
2019-09-10 22:11:46,989 [grpc-default-executor-0] INFO  client.GrpcClientProtocolClient (GrpcClientProtocolClient.java:onNext(255)) - client-0C76110B8A2B->ed5d81fa-aaf0-49db-aa57-acca1dd387bd: receive RaftClientReply:client-0C76110B8A2B->ed5d81fa-aaf0-49db-aa57-acca1dd387bd@group-729F0664FEA8, cid=224, SUCCESS, logIndex=329, commits[ed5d81fa-aaf0-49db-aa57-acca1dd387bd:c331]
2019-09-10 22:11:47,021 [grpc-default-executor-1] INFO  client.GrpcClientProtocolClient (GrpcClientProtocolClient.java:onNext(255)) - client-0C76110B8A2B->ed5d81fa-aaf0-49db-aa57-acca1dd387bd: receive RaftClientReply:client-0C76110B8A2B->ed5d81fa-aaf0-49db-aa57-acca1dd387bd@group-729F0664FEA8, cid=225, SUCCESS, logIndex=332, commits[ed5d81fa-aaf0-49db-aa57-acca1dd387bd:c333]
2019-09-10 22:11:47,022 [grpc-default-executor-1] INFO  client.GrpcClientProtocolClient (GrpcClientProtocolClient.java:onNext(255)) - client-0C76110B8A2B->ed5d81fa-aaf0-49db-aa57-acca1dd387bd: receive RaftClientReply:client-0C76110B8A2B->ed5d81fa-aaf0-49db-aa57-acca1dd387bd@group-729F0664FEA8, cid=226, SUCCESS, logIndex=333, commits[ed5d81fa-aaf0-49db-aa57-acca1dd387bd:c336]
2019-09-10 22:11:47,023 [grpc-default-executor-1] INFO  client.GrpcClientProtocolClient (GrpcClientProtocolClient.java:onNext(255)) - client-0C76110B8A2B->ed5d81fa-aaf0-49db-aa57-acca1dd387bd: receive RaftClientReply:client-0C76110B8A2B->ed5d81fa-aaf0-49db-aa57-acca1dd387bd@group-729F0664FEA8, cid=227, SUCCESS, logIndex=334, commits[ed5d81fa-aaf0-49db-aa57-acca1dd387bd:c337]
2019-09-10 22:11:47,023 [grpc-default-executor-1] INFO  client.GrpcClientProtocolClient (GrpcClientProtocolClient.java:onNext(255)) - client-0C76110B8A2B->ed5d81fa-aaf0-49db-aa57-acca1dd387bd: receive RaftClientReply:client-0C76110B8A2B->ed5d81fa-aaf0-49db-aa57-acca1dd387bd@group-729F0664FEA8, cid=228, SUCCESS, logIndex=335, commits[ed5d81fa-aaf0-49db-aa57-acca1dd387bd:c337]
2019-09-10 22:11:47,047 [grpc-default-executor-1] INFO  client.GrpcClientProtocolClient (GrpcClientProtocolClient.java:onNext(255)) - client-0C76110B8A2B->ed5d81fa-aaf0-49db-aa57-acca1dd387bd: receive RaftClientReply:client-0C76110B8A2B->ed5d81fa-aaf0-49db-aa57-acca1dd387bd@group-729F0664FEA8, cid=229, SUCCESS, logIndex=338, commits[ed5d81fa-aaf0-49db-aa57-acca1dd387bd:c341]
2019-09-10 22:11:47,047 [grpc-default-executor-1] INFO  client.GrpcClientProtocolClient (GrpcClientProtocolClient.java:onNext(255)) - client-0C76110B8A2B->ed5d81fa-aaf0-49db-aa57-acca1dd387bd: receive RaftClientReply:client-0C76110B8A2B->ed5d81fa-aaf0-49db-aa57-acca1dd387bd@group-729F0664FEA8, cid=230, SUCCESS, logIndex=339, commits[ed5d81fa-aaf0-49db-aa57-acca1dd387bd:c342]
2019-09-10 22:11:47,048 [grpc-default-executor-1] INFO  client.GrpcClientProtocolClient (GrpcClientProtocolClient.java:onNext(255)) - client-0C76110B8A2B->ed5d81fa-aaf0-49db-aa57-acca1dd387bd: receive RaftClientReply:client-0C76110B8A2B->ed5d81fa-aaf0-49db-aa57-acca1dd387bd@group-729F0664FEA8, cid=231, SUCCESS, logIndex=340, commits[ed5d81fa-aaf0-49db-aa57-acca1dd387bd:c343]
2019-09-10 22:11:47,049 [grpc-default-executor-1] INFO  client.GrpcClientProtocolClient (GrpcClientProtocolClient.java:onNext(255)) - client-0C76110B8A2B->ed5d81fa-aaf0-49db-aa57-acca1dd387bd: receive RaftClientReply:client-0C76110B8A2B->ed5d81fa-aaf0-49db-aa57-acca1dd387bd@group-729F0664FEA8, cid=232, SUCCESS, logIndex=341, commits[ed5d81fa-aaf0-49db-aa57-acca1dd387bd:c343]
2019-09-10 22:11:47,072 [SCMBlockDeletingService#0] DEBUG block.SCMBlockDeletingService (SCMBlockDeletingService.java:call(138)) - Running DeletedBlockTransactionScanner
2019-09-10 22:11:47,073 [SCMBlockDeletingService#0] DEBUG block.SCMBlockDeletingService (SCMBlockDeletingService.java:call(155)) - Scanned deleted blocks log and got 0 delTX to process.
2019-09-10 22:11:47,081 [grpc-default-executor-0] INFO  client.GrpcClientProtocolClient (GrpcClientProtocolClient.java:onNext(255)) - client-0C76110B8A2B->ed5d81fa-aaf0-49db-aa57-acca1dd387bd: receive RaftClientReply:client-0C76110B8A2B->ed5d81fa-aaf0-49db-aa57-acca1dd387bd@group-729F0664FEA8, cid=233, SUCCESS, logIndex=344, commits[ed5d81fa-aaf0-49db-aa57-acca1dd387bd:c345]
2019-09-10 22:11:47,082 [grpc-default-executor-0] INFO  client.GrpcClientProtocolClient (GrpcClientProtocolClient.java:onNext(255)) - client-0C76110B8A2B->ed5d81fa-aaf0-49db-aa57-acca1dd387bd: receive RaftClientReply:client-0C76110B8A2B->ed5d81fa-aaf0-49db-aa57-acca1dd387bd@group-729F0664FEA8, cid=234, SUCCESS, logIndex=345, commits[ed5d81fa-aaf0-49db-aa57-acca1dd387bd:c345]
2019-09-10 22:11:47,093 [grpc-default-executor-0] INFO  client.GrpcClientProtocolClient (GrpcClientProtocolClient.java:onNext(255)) - client-0C76110B8A2B->ed5d81fa-aaf0-49db-aa57-acca1dd387bd: receive RaftClientReply:client-0C76110B8A2B->ed5d81fa-aaf0-49db-aa57-acca1dd387bd@group-729F0664FEA8, cid=235, SUCCESS, logIndex=346, commits[ed5d81fa-aaf0-49db-aa57-acca1dd387bd:c347]
2019-09-10 22:11:47,095 [grpc-default-executor-0] INFO  client.GrpcClientProtocolClient (GrpcClientProtocolClient.java:onNext(255)) - client-0C76110B8A2B->ed5d81fa-aaf0-49db-aa57-acca1dd387bd: receive RaftClientReply:client-0C76110B8A2B->ed5d81fa-aaf0-49db-aa57-acca1dd387bd@group-729F0664FEA8, cid=236, SUCCESS, logIndex=347, commits[ed5d81fa-aaf0-49db-aa57-acca1dd387bd:c348]
2019-09-10 22:11:47,114 [grpc-default-executor-0] INFO  client.GrpcClientProtocolClient (GrpcClientProtocolClient.java:onNext(255)) - client-0C76110B8A2B->ed5d81fa-aaf0-49db-aa57-acca1dd387bd: receive RaftClientReply:client-0C76110B8A2B->ed5d81fa-aaf0-49db-aa57-acca1dd387bd@group-729F0664FEA8, cid=237, SUCCESS, logIndex=350, commits[ed5d81fa-aaf0-49db-aa57-acca1dd387bd:c351]
2019-09-10 22:11:47,115 [grpc-default-executor-0] INFO  client.GrpcClientProtocolClient (GrpcClientProtocolClient.java:onNext(255)) - client-0C76110B8A2B->ed5d81fa-aaf0-49db-aa57-acca1dd387bd: receive RaftClientReply:client-0C76110B8A2B->ed5d81fa-aaf0-49db-aa57-acca1dd387bd@group-729F0664FEA8, cid=238, SUCCESS, logIndex=351, commits[ed5d81fa-aaf0-49db-aa57-acca1dd387bd:c354]
2019-09-10 22:11:47,115 [grpc-default-executor-0] INFO  client.GrpcClientProtocolClient (GrpcClientProtocolClient.java:onNext(255)) - client-0C76110B8A2B->ed5d81fa-aaf0-49db-aa57-acca1dd387bd: receive RaftClientReply:client-0C76110B8A2B->ed5d81fa-aaf0-49db-aa57-acca1dd387bd@group-729F0664FEA8, cid=239, SUCCESS, logIndex=352, commits[ed5d81fa-aaf0-49db-aa57-acca1dd387bd:c354]
2019-09-10 22:11:47,116 [grpc-default-executor-0] INFO  client.GrpcClientProtocolClient (GrpcClientProtocolClient.java:onNext(255)) - client-0C76110B8A2B->ed5d81fa-aaf0-49db-aa57-acca1dd387bd: receive RaftClientReply:client-0C76110B8A2B->ed5d81fa-aaf0-49db-aa57-acca1dd387bd@group-729F0664FEA8, cid=240, SUCCESS, logIndex=353, commits[ed5d81fa-aaf0-49db-aa57-acca1dd387bd:c355]
2019-09-10 22:11:47,145 [grpc-default-executor-0] INFO  client.GrpcClientProtocolClient (GrpcClientProtocolClient.java:onNext(255)) - client-0C76110B8A2B->ed5d81fa-aaf0-49db-aa57-acca1dd387bd: receive RaftClientReply:client-0C76110B8A2B->ed5d81fa-aaf0-49db-aa57-acca1dd387bd@group-729F0664FEA8, cid=241, SUCCESS, logIndex=356, commits[ed5d81fa-aaf0-49db-aa57-acca1dd387bd:c357]
2019-09-10 22:11:47,145 [grpc-default-executor-0] INFO  client.GrpcClientProtocolClient (GrpcClientProtocolClient.java:onNext(255)) - client-0C76110B8A2B->ed5d81fa-aaf0-49db-aa57-acca1dd387bd: receive RaftClientReply:client-0C76110B8A2B->ed5d81fa-aaf0-49db-aa57-acca1dd387bd@group-729F0664FEA8, cid=242, SUCCESS, logIndex=357, commits[ed5d81fa-aaf0-49db-aa57-acca1dd387bd:c357]
2019-09-10 22:11:47,155 [grpc-default-executor-0] INFO  client.GrpcClientProtocolClient (GrpcClientProtocolClient.java:onNext(255)) - client-0C76110B8A2B->ed5d81fa-aaf0-49db-aa57-acca1dd387bd: receive RaftClientReply:client-0C76110B8A2B->ed5d81fa-aaf0-49db-aa57-acca1dd387bd@group-729F0664FEA8, cid=243, SUCCESS, logIndex=358, commits[ed5d81fa-aaf0-49db-aa57-acca1dd387bd:c359]
2019-09-10 22:11:47,156 [grpc-default-executor-0] INFO  client.GrpcClientProtocolClient (GrpcClientProtocolClient.java:onNext(255)) - client-0C76110B8A2B->ed5d81fa-aaf0-49db-aa57-acca1dd387bd: receive RaftClientReply:client-0C76110B8A2B->ed5d81fa-aaf0-49db-aa57-acca1dd387bd@group-729F0664FEA8, cid=244, SUCCESS, logIndex=359, commits[ed5d81fa-aaf0-49db-aa57-acca1dd387bd:c361]
2019-09-10 22:11:47,173 [SCMBlockDeletingService#0] DEBUG block.SCMBlockDeletingService (SCMBlockDeletingService.java:call(138)) - Running DeletedBlockTransactionScanner
2019-09-10 22:11:47,173 [SCMBlockDeletingService#0] DEBUG block.SCMBlockDeletingService (SCMBlockDeletingService.java:call(155)) - Scanned deleted blocks log and got 0 delTX to process.
2019-09-10 22:11:47,181 [grpc-default-executor-1] INFO  client.GrpcClientProtocolClient (GrpcClientProtocolClient.java:onNext(255)) - client-0C76110B8A2B->ed5d81fa-aaf0-49db-aa57-acca1dd387bd: receive RaftClientReply:client-0C76110B8A2B->ed5d81fa-aaf0-49db-aa57-acca1dd387bd@group-729F0664FEA8, cid=245, SUCCESS, logIndex=362, commits[ed5d81fa-aaf0-49db-aa57-acca1dd387bd:c363]
2019-09-10 22:11:47,181 [grpc-default-executor-1] INFO  client.GrpcClientProtocolClient (GrpcClientProtocolClient.java:onNext(255)) - client-0C76110B8A2B->ed5d81fa-aaf0-49db-aa57-acca1dd387bd: receive RaftClientReply:client-0C76110B8A2B->ed5d81fa-aaf0-49db-aa57-acca1dd387bd@group-729F0664FEA8, cid=246, SUCCESS, logIndex=363, commits[ed5d81fa-aaf0-49db-aa57-acca1dd387bd:c366]
2019-09-10 22:11:47,182 [grpc-default-executor-1] INFO  client.GrpcClientProtocolClient (GrpcClientProtocolClient.java:onNext(255)) - client-0C76110B8A2B->ed5d81fa-aaf0-49db-aa57-acca1dd387bd: receive RaftClientReply:client-0C76110B8A2B->ed5d81fa-aaf0-49db-aa57-acca1dd387bd@group-729F0664FEA8, cid=247, SUCCESS, logIndex=364, commits[ed5d81fa-aaf0-49db-aa57-acca1dd387bd:c366]
2019-09-10 22:11:47,182 [grpc-default-executor-1] INFO  client.GrpcClientProtocolClient (GrpcClientProtocolClient.java:onNext(255)) - client-0C76110B8A2B->ed5d81fa-aaf0-49db-aa57-acca1dd387bd: receive RaftClientReply:client-0C76110B8A2B->ed5d81fa-aaf0-49db-aa57-acca1dd387bd@group-729F0664FEA8, cid=248, SUCCESS, logIndex=365, commits[ed5d81fa-aaf0-49db-aa57-acca1dd387bd:c367]
2019-09-10 22:11:47,210 [grpc-default-executor-1] INFO  client.GrpcClientProtocolClient (GrpcClientProtocolClient.java:onNext(255)) - client-0C76110B8A2B->ed5d81fa-aaf0-49db-aa57-acca1dd387bd: receive RaftClientReply:client-0C76110B8A2B->ed5d81fa-aaf0-49db-aa57-acca1dd387bd@group-729F0664FEA8, cid=249, SUCCESS, logIndex=368, commits[ed5d81fa-aaf0-49db-aa57-acca1dd387bd:c369]
2019-09-10 22:11:47,211 [grpc-default-executor-1] INFO  client.GrpcClientProtocolClient (GrpcClientProtocolClient.java:onNext(255)) - client-0C76110B8A2B->ed5d81fa-aaf0-49db-aa57-acca1dd387bd: receive RaftClientReply:client-0C76110B8A2B->ed5d81fa-aaf0-49db-aa57-acca1dd387bd@group-729F0664FEA8, cid=250, SUCCESS, logIndex=369, commits[ed5d81fa-aaf0-49db-aa57-acca1dd387bd:c369]
2019-09-10 22:11:47,221 [grpc-default-executor-1] INFO  client.GrpcClientProtocolClient (GrpcClientProtocolClient.java:onNext(255)) - client-0C76110B8A2B->ed5d81fa-aaf0-49db-aa57-acca1dd387bd: receive RaftClientReply:client-0C76110B8A2B->ed5d81fa-aaf0-49db-aa57-acca1dd387bd@group-729F0664FEA8, cid=251, SUCCESS, logIndex=370, commits[ed5d81fa-aaf0-49db-aa57-acca1dd387bd:c371]
2019-09-10 22:11:47,222 [grpc-default-executor-1] INFO  client.GrpcClientProtocolClient (GrpcClientProtocolClient.java:onNext(255)) - client-0C76110B8A2B->ed5d81fa-aaf0-49db-aa57-acca1dd387bd: receive RaftClientReply:client-0C76110B8A2B->ed5d81fa-aaf0-49db-aa57-acca1dd387bd@group-729F0664FEA8, cid=252, SUCCESS, logIndex=371, commits[ed5d81fa-aaf0-49db-aa57-acca1dd387bd:c372]
2019-09-10 22:11:47,243 [grpc-default-executor-1] INFO  client.GrpcClientProtocolClient (GrpcClientProtocolClient.java:onNext(255)) - client-0C76110B8A2B->ed5d81fa-aaf0-49db-aa57-acca1dd387bd: receive RaftClientReply:client-0C76110B8A2B->ed5d81fa-aaf0-49db-aa57-acca1dd387bd@group-729F0664FEA8, cid=253, SUCCESS, logIndex=374, commits[ed5d81fa-aaf0-49db-aa57-acca1dd387bd:c377]
2019-09-10 22:11:47,244 [grpc-default-executor-1] INFO  client.GrpcClientProtocolClient (GrpcClientProtocolClient.java:onNext(255)) - client-0C76110B8A2B->ed5d81fa-aaf0-49db-aa57-acca1dd387bd: receive RaftClientReply:client-0C76110B8A2B->ed5d81fa-aaf0-49db-aa57-acca1dd387bd@group-729F0664FEA8, cid=254, SUCCESS, logIndex=375, commits[ed5d81fa-aaf0-49db-aa57-acca1dd387bd:c378]
2019-09-10 22:11:47,245 [grpc-default-executor-1] INFO  client.GrpcClientProtocolClient (GrpcClientProtocolClient.java:onNext(255)) - client-0C76110B8A2B->ed5d81fa-aaf0-49db-aa57-acca1dd387bd: receive RaftClientReply:client-0C76110B8A2B->ed5d81fa-aaf0-49db-aa57-acca1dd387bd@group-729F0664FEA8, cid=255, SUCCESS, logIndex=376, commits[ed5d81fa-aaf0-49db-aa57-acca1dd387bd:c379]
2019-09-10 22:11:47,245 [grpc-default-executor-1] INFO  client.GrpcClientProtocolClient (GrpcClientProtocolClient.java:onNext(255)) - client-0C76110B8A2B->ed5d81fa-aaf0-49db-aa57-acca1dd387bd: receive RaftClientReply:client-0C76110B8A2B->ed5d81fa-aaf0-49db-aa57-acca1dd387bd@group-729F0664FEA8, cid=256, SUCCESS, logIndex=377, commits[ed5d81fa-aaf0-49db-aa57-acca1dd387bd:c379]
2019-09-10 22:11:47,274 [SCMBlockDeletingService#0] DEBUG block.SCMBlockDeletingService (SCMBlockDeletingService.java:call(138)) - Running DeletedBlockTransactionScanner
2019-09-10 22:11:47,274 [SCMBlockDeletingService#0] DEBUG block.SCMBlockDeletingService (SCMBlockDeletingService.java:call(155)) - Scanned deleted blocks log and got 0 delTX to process.
2019-09-10 22:11:47,276 [grpc-default-executor-1] INFO  client.GrpcClientProtocolClient (GrpcClientProtocolClient.java:onNext(255)) - client-0C76110B8A2B->ed5d81fa-aaf0-49db-aa57-acca1dd387bd: receive RaftClientReply:client-0C76110B8A2B->ed5d81fa-aaf0-49db-aa57-acca1dd387bd@group-729F0664FEA8, cid=257, SUCCESS, logIndex=380, commits[ed5d81fa-aaf0-49db-aa57-acca1dd387bd:c383]
2019-09-10 22:11:47,277 [grpc-default-executor-1] INFO  client.GrpcClientProtocolClient (GrpcClientProtocolClient.java:onNext(255)) - client-0C76110B8A2B->ed5d81fa-aaf0-49db-aa57-acca1dd387bd: receive RaftClientReply:client-0C76110B8A2B->ed5d81fa-aaf0-49db-aa57-acca1dd387bd@group-729F0664FEA8, cid=258, SUCCESS, logIndex=381, commits[ed5d81fa-aaf0-49db-aa57-acca1dd387bd:c384]
2019-09-10 22:11:47,278 [grpc-default-executor-1] INFO  client.GrpcClientProtocolClient (GrpcClientProtocolClient.java:onNext(255)) - client-0C76110B8A2B->ed5d81fa-aaf0-49db-aa57-acca1dd387bd: receive RaftClientReply:client-0C76110B8A2B->ed5d81fa-aaf0-49db-aa57-acca1dd387bd@group-729F0664FEA8, cid=259, SUCCESS, logIndex=382, commits[ed5d81fa-aaf0-49db-aa57-acca1dd387bd:c384]
2019-09-10 22:11:47,278 [grpc-default-executor-1] INFO  client.GrpcClientProtocolClient (GrpcClientProtocolClient.java:onNext(255)) - client-0C76110B8A2B->ed5d81fa-aaf0-49db-aa57-acca1dd387bd: receive RaftClientReply:client-0C76110B8A2B->ed5d81fa-aaf0-49db-aa57-acca1dd387bd@group-729F0664FEA8, cid=260, SUCCESS, logIndex=383, commits[ed5d81fa-aaf0-49db-aa57-acca1dd387bd:c384]
2019-09-10 22:11:47,298 [grpc-default-executor-0] INFO  client.GrpcClientProtocolClient (GrpcClientProtocolClient.java:onNext(255)) - client-0C76110B8A2B->ed5d81fa-aaf0-49db-aa57-acca1dd387bd: receive RaftClientReply:client-0C76110B8A2B->ed5d81fa-aaf0-49db-aa57-acca1dd387bd@group-729F0664FEA8, cid=261, SUCCESS, logIndex=385, commits[ed5d81fa-aaf0-49db-aa57-acca1dd387bd:c388]
2019-09-10 22:11:47,299 [grpc-default-executor-0] INFO  client.GrpcClientProtocolClient (GrpcClientProtocolClient.java:onNext(255)) - client-0C76110B8A2B->ed5d81fa-aaf0-49db-aa57-acca1dd387bd: receive RaftClientReply:client-0C76110B8A2B->ed5d81fa-aaf0-49db-aa57-acca1dd387bd@group-729F0664FEA8, cid=262, SUCCESS, logIndex=386, commits[ed5d81fa-aaf0-49db-aa57-acca1dd387bd:c389]
2019-09-10 22:11:47,299 [grpc-default-executor-0] INFO  client.GrpcClientProtocolClient (GrpcClientProtocolClient.java:onNext(255)) - client-0C76110B8A2B->ed5d81fa-aaf0-49db-aa57-acca1dd387bd: receive RaftClientReply:client-0C76110B8A2B->ed5d81fa-aaf0-49db-aa57-acca1dd387bd@group-729F0664FEA8, cid=263, SUCCESS, logIndex=387, commits[ed5d81fa-aaf0-49db-aa57-acca1dd387bd:c389]
2019-09-10 22:11:47,300 [grpc-default-executor-0] INFO  client.GrpcClientProtocolClient (GrpcClientProtocolClient.java:onNext(255)) - client-0C76110B8A2B->ed5d81fa-aaf0-49db-aa57-acca1dd387bd: receive RaftClientReply:client-0C76110B8A2B->ed5d81fa-aaf0-49db-aa57-acca1dd387bd@group-729F0664FEA8, cid=264, SUCCESS, logIndex=388, commits[ed5d81fa-aaf0-49db-aa57-acca1dd387bd:c390]
2019-09-10 22:11:47,496 [SCMBlockDeletingService#1] DEBUG block.SCMBlockDeletingService (SCMBlockDeletingService.java:call(138)) - Running DeletedBlockTransactionScanner
2019-09-10 22:11:47,496 [SCMBlockDeletingService#1] DEBUG block.SCMBlockDeletingService (SCMBlockDeletingService.java:call(155)) - Scanned deleted blocks log and got 0 delTX to process.
2019-09-10 22:11:47,596 [SCMBlockDeletingService#0] DEBUG block.SCMBlockDeletingService (SCMBlockDeletingService.java:call(138)) - Running DeletedBlockTransactionScanner
2019-09-10 22:11:47,597 [SCMBlockDeletingService#0] DEBUG block.SCMBlockDeletingService (SCMBlockDeletingService.java:call(155)) - Scanned deleted blocks log and got 0 delTX to process.
2019-09-10 22:11:47,599 [grpc-default-executor-0] INFO  client.GrpcClientProtocolClient (GrpcClientProtocolClient.java:onNext(255)) - client-0C76110B8A2B->ed5d81fa-aaf0-49db-aa57-acca1dd387bd: receive RaftClientReply:client-0C76110B8A2B->ed5d81fa-aaf0-49db-aa57-acca1dd387bd@group-729F0664FEA8, cid=265, SUCCESS, logIndex=391, commits[ed5d81fa-aaf0-49db-aa57-acca1dd387bd:c392]
2019-09-10 22:11:47,600 [grpc-default-executor-0] INFO  client.GrpcClientProtocolClient (GrpcClientProtocolClient.java:onNext(255)) - client-0C76110B8A2B->ed5d81fa-aaf0-49db-aa57-acca1dd387bd: receive RaftClientReply:client-0C76110B8A2B->ed5d81fa-aaf0-49db-aa57-acca1dd387bd@group-729F0664FEA8, cid=266, SUCCESS, logIndex=392, commits[ed5d81fa-aaf0-49db-aa57-acca1dd387bd:c395]
2019-09-10 22:11:47,601 [grpc-default-executor-0] INFO  client.GrpcClientProtocolClient (GrpcClientProtocolClient.java:onNext(255)) - client-0C76110B8A2B->ed5d81fa-aaf0-49db-aa57-acca1dd387bd: receive RaftClientReply:client-0C76110B8A2B->ed5d81fa-aaf0-49db-aa57-acca1dd387bd@group-729F0664FEA8, cid=267, SUCCESS, logIndex=393, commits[ed5d81fa-aaf0-49db-aa57-acca1dd387bd:c395]
2019-09-10 22:11:47,601 [grpc-default-executor-0] INFO  client.GrpcClientProtocolClient (GrpcClientProtocolClient.java:onNext(255)) - client-0C76110B8A2B->ed5d81fa-aaf0-49db-aa57-acca1dd387bd: receive RaftClientReply:client-0C76110B8A2B->ed5d81fa-aaf0-49db-aa57-acca1dd387bd@group-729F0664FEA8, cid=268, SUCCESS, logIndex=394, commits[ed5d81fa-aaf0-49db-aa57-acca1dd387bd:c396]
2019-09-10 22:11:47,621 [grpc-default-executor-1] INFO  client.GrpcClientProtocolClient (GrpcClientProtocolClient.java:onNext(255)) - client-0C76110B8A2B->ed5d81fa-aaf0-49db-aa57-acca1dd387bd: receive RaftClientReply:client-0C76110B8A2B->ed5d81fa-aaf0-49db-aa57-acca1dd387bd@group-729F0664FEA8, cid=269, SUCCESS, logIndex=397, commits[ed5d81fa-aaf0-49db-aa57-acca1dd387bd:c398]
2019-09-10 22:11:47,622 [grpc-default-executor-1] INFO  client.GrpcClientProtocolClient (GrpcClientProtocolClient.java:onNext(255)) - client-0C76110B8A2B->ed5d81fa-aaf0-49db-aa57-acca1dd387bd: receive RaftClientReply:client-0C76110B8A2B->ed5d81fa-aaf0-49db-aa57-acca1dd387bd@group-729F0664FEA8, cid=270, SUCCESS, logIndex=398, commits[ed5d81fa-aaf0-49db-aa57-acca1dd387bd:c401]
2019-09-10 22:11:47,622 [grpc-default-executor-1] INFO  client.GrpcClientProtocolClient (GrpcClientProtocolClient.java:onNext(255)) - client-0C76110B8A2B->ed5d81fa-aaf0-49db-aa57-acca1dd387bd: receive RaftClientReply:client-0C76110B8A2B->ed5d81fa-aaf0-49db-aa57-acca1dd387bd@group-729F0664FEA8, cid=271, SUCCESS, logIndex=399, commits[ed5d81fa-aaf0-49db-aa57-acca1dd387bd:c402]
2019-09-10 22:11:47,623 [grpc-default-executor-1] INFO  client.GrpcClientProtocolClient (GrpcClientProtocolClient.java:onNext(255)) - client-0C76110B8A2B->ed5d81fa-aaf0-49db-aa57-acca1dd387bd: receive RaftClientReply:client-0C76110B8A2B->ed5d81fa-aaf0-49db-aa57-acca1dd387bd@group-729F0664FEA8, cid=272, SUCCESS, logIndex=400, commits[ed5d81fa-aaf0-49db-aa57-acca1dd387bd:c402]
2019-09-10 22:11:47,651 [grpc-default-executor-0] INFO  client.GrpcClientProtocolClient (GrpcClientProtocolClient.java:onNext(255)) - client-0C76110B8A2B->ed5d81fa-aaf0-49db-aa57-acca1dd387bd: receive RaftClientReply:client-0C76110B8A2B->ed5d81fa-aaf0-49db-aa57-acca1dd387bd@group-729F0664FEA8, cid=273, SUCCESS, logIndex=403, commits[ed5d81fa-aaf0-49db-aa57-acca1dd387bd:c406]
2019-09-10 22:11:47,652 [grpc-default-executor-0] INFO  client.GrpcClientProtocolClient (GrpcClientProtocolClient.java:onNext(255)) - client-0C76110B8A2B->ed5d81fa-aaf0-49db-aa57-acca1dd387bd: receive RaftClientReply:client-0C76110B8A2B->ed5d81fa-aaf0-49db-aa57-acca1dd387bd@group-729F0664FEA8, cid=274, SUCCESS, logIndex=404, commits[ed5d81fa-aaf0-49db-aa57-acca1dd387bd:c407]
2019-09-10 22:11:47,652 [grpc-default-executor-0] INFO  client.GrpcClientProtocolClient (GrpcClientProtocolClient.java:onNext(255)) - client-0C76110B8A2B->ed5d81fa-aaf0-49db-aa57-acca1dd387bd: receive RaftClientReply:client-0C76110B8A2B->ed5d81fa-aaf0-49db-aa57-acca1dd387bd@group-729F0664FEA8, cid=275, SUCCESS, logIndex=405, commits[ed5d81fa-aaf0-49db-aa57-acca1dd387bd:c407]
2019-09-10 22:11:47,652 [grpc-default-executor-0] INFO  client.GrpcClientProtocolClient (GrpcClientProtocolClient.java:onNext(255)) - client-0C76110B8A2B->ed5d81fa-aaf0-49db-aa57-acca1dd387bd: receive RaftClientReply:client-0C76110B8A2B->ed5d81fa-aaf0-49db-aa57-acca1dd387bd@group-729F0664FEA8, cid=276, SUCCESS, logIndex=406, commits[ed5d81fa-aaf0-49db-aa57-acca1dd387bd:c408]
2019-09-10 22:11:47,674 [grpc-default-executor-1] INFO  client.GrpcClientProtocolClient (GrpcClientProtocolClient.java:onNext(255)) - client-0C76110B8A2B->ed5d81fa-aaf0-49db-aa57-acca1dd387bd: receive RaftClientReply:client-0C76110B8A2B->ed5d81fa-aaf0-49db-aa57-acca1dd387bd@group-729F0664FEA8, cid=277, SUCCESS, logIndex=409, commits[ed5d81fa-aaf0-49db-aa57-acca1dd387bd:c412]
2019-09-10 22:11:47,675 [grpc-default-executor-1] INFO  client.GrpcClientProtocolClient (GrpcClientProtocolClient.java:onNext(255)) - client-0C76110B8A2B->ed5d81fa-aaf0-49db-aa57-acca1dd387bd: receive RaftClientReply:client-0C76110B8A2B->ed5d81fa-aaf0-49db-aa57-acca1dd387bd@group-729F0664FEA8, cid=278, SUCCESS, logIndex=410, commits[ed5d81fa-aaf0-49db-aa57-acca1dd387bd:c413]
2019-09-10 22:11:47,675 [grpc-default-executor-1] INFO  client.GrpcClientProtocolClient (GrpcClientProtocolClient.java:onNext(255)) - client-0C76110B8A2B->ed5d81fa-aaf0-49db-aa57-acca1dd387bd: receive RaftClientReply:client-0C76110B8A2B->ed5d81fa-aaf0-49db-aa57-acca1dd387bd@group-729F0664FEA8, cid=279, SUCCESS, logIndex=411, commits[ed5d81fa-aaf0-49db-aa57-acca1dd387bd:c413]
2019-09-10 22:11:47,675 [grpc-default-executor-1] INFO  client.GrpcClientProtocolClient (GrpcClientProtocolClient.java:onNext(255)) - client-0C76110B8A2B->ed5d81fa-aaf0-49db-aa57-acca1dd387bd: receive RaftClientReply:client-0C76110B8A2B->ed5d81fa-aaf0-49db-aa57-acca1dd387bd@group-729F0664FEA8, cid=280, SUCCESS, logIndex=412, commits[ed5d81fa-aaf0-49db-aa57-acca1dd387bd:c413]
2019-09-10 22:11:47,697 [SCMBlockDeletingService#0] DEBUG block.SCMBlockDeletingService (SCMBlockDeletingService.java:call(138)) - Running DeletedBlockTransactionScanner
2019-09-10 22:11:47,697 [SCMBlockDeletingService#0] DEBUG block.SCMBlockDeletingService (SCMBlockDeletingService.java:call(155)) - Scanned deleted blocks log and got 0 delTX to process.
2019-09-10 22:11:47,702 [grpc-default-executor-1] INFO  client.GrpcClientProtocolClient (GrpcClientProtocolClient.java:onNext(255)) - client-0C76110B8A2B->ed5d81fa-aaf0-49db-aa57-acca1dd387bd: receive RaftClientReply:client-0C76110B8A2B->ed5d81fa-aaf0-49db-aa57-acca1dd387bd@group-729F0664FEA8, cid=281, SUCCESS, logIndex=414, commits[ed5d81fa-aaf0-49db-aa57-acca1dd387bd:c417]
2019-09-10 22:11:47,702 [grpc-default-executor-1] INFO  client.GrpcClientProtocolClient (GrpcClientProtocolClient.java:onNext(255)) - client-0C76110B8A2B->ed5d81fa-aaf0-49db-aa57-acca1dd387bd: receive RaftClientReply:client-0C76110B8A2B->ed5d81fa-aaf0-49db-aa57-acca1dd387bd@group-729F0664FEA8, cid=282, SUCCESS, logIndex=415, commits[ed5d81fa-aaf0-49db-aa57-acca1dd387bd:c418]
2019-09-10 22:11:47,703 [grpc-default-executor-1] INFO  client.GrpcClientProtocolClient (GrpcClientProtocolClient.java:onNext(255)) - client-0C76110B8A2B->ed5d81fa-aaf0-49db-aa57-acca1dd387bd: receive RaftClientReply:client-0C76110B8A2B->ed5d81fa-aaf0-49db-aa57-acca1dd387bd@group-729F0664FEA8, cid=283, SUCCESS, logIndex=416, commits[ed5d81fa-aaf0-49db-aa57-acca1dd387bd:c418]
2019-09-10 22:11:47,703 [grpc-default-executor-1] INFO  client.GrpcClientProtocolClient (GrpcClientProtocolClient.java:onNext(255)) - client-0C76110B8A2B->ed5d81fa-aaf0-49db-aa57-acca1dd387bd: receive RaftClientReply:client-0C76110B8A2B->ed5d81fa-aaf0-49db-aa57-acca1dd387bd@group-729F0664FEA8, cid=284, SUCCESS, logIndex=417, commits[ed5d81fa-aaf0-49db-aa57-acca1dd387bd:c418]
2019-09-10 22:11:47,724 [grpc-default-executor-1] INFO  client.GrpcClientProtocolClient (GrpcClientProtocolClient.java:onNext(255)) - client-0C76110B8A2B->ed5d81fa-aaf0-49db-aa57-acca1dd387bd: receive RaftClientReply:client-0C76110B8A2B->ed5d81fa-aaf0-49db-aa57-acca1dd387bd@group-729F0664FEA8, cid=285, SUCCESS, logIndex=419, commits[ed5d81fa-aaf0-49db-aa57-acca1dd387bd:c420]
2019-09-10 22:11:47,725 [grpc-default-executor-1] INFO  client.GrpcClientProtocolClient (GrpcClientProtocolClient.java:onNext(255)) - client-0C76110B8A2B->ed5d81fa-aaf0-49db-aa57-acca1dd387bd: receive RaftClientReply:client-0C76110B8A2B->ed5d81fa-aaf0-49db-aa57-acca1dd387bd@group-729F0664FEA8, cid=286, SUCCESS, logIndex=420, commits[ed5d81fa-aaf0-49db-aa57-acca1dd387bd:c423]
2019-09-10 22:11:47,725 [grpc-default-executor-1] INFO  client.GrpcClientProtocolClient (GrpcClientProtocolClient.java:onNext(255)) - client-0C76110B8A2B->ed5d81fa-aaf0-49db-aa57-acca1dd387bd: receive RaftClientReply:client-0C76110B8A2B->ed5d81fa-aaf0-49db-aa57-acca1dd387bd@group-729F0664FEA8, cid=287, SUCCESS, logIndex=421, commits[ed5d81fa-aaf0-49db-aa57-acca1dd387bd:c423]
2019-09-10 22:11:47,726 [grpc-default-executor-1] INFO  client.GrpcClientProtocolClient (GrpcClientProtocolClient.java:onNext(255)) - client-0C76110B8A2B->ed5d81fa-aaf0-49db-aa57-acca1dd387bd: receive RaftClientReply:client-0C76110B8A2B->ed5d81fa-aaf0-49db-aa57-acca1dd387bd@group-729F0664FEA8, cid=288, SUCCESS, logIndex=422, commits[ed5d81fa-aaf0-49db-aa57-acca1dd387bd:c424]
2019-09-10 22:11:47,753 [grpc-default-executor-1] INFO  client.GrpcClientProtocolClient (GrpcClientProtocolClient.java:onNext(255)) - client-0C76110B8A2B->ed5d81fa-aaf0-49db-aa57-acca1dd387bd: receive RaftClientReply:client-0C76110B8A2B->ed5d81fa-aaf0-49db-aa57-acca1dd387bd@group-729F0664FEA8, cid=289, SUCCESS, logIndex=425, commits[ed5d81fa-aaf0-49db-aa57-acca1dd387bd:c428]
2019-09-10 22:11:47,754 [grpc-default-executor-1] INFO  client.GrpcClientProtocolClient (GrpcClientProtocolClient.java:onNext(255)) - client-0C76110B8A2B->ed5d81fa-aaf0-49db-aa57-acca1dd387bd: receive RaftClientReply:client-0C76110B8A2B->ed5d81fa-aaf0-49db-aa57-acca1dd387bd@group-729F0664FEA8, cid=290, SUCCESS, logIndex=426, commits[ed5d81fa-aaf0-49db-aa57-acca1dd387bd:c429]
2019-09-10 22:11:47,754 [grpc-default-executor-1] INFO  client.GrpcClientProtocolClient (GrpcClientProtocolClient.java:onNext(255)) - client-0C76110B8A2B->ed5d81fa-aaf0-49db-aa57-acca1dd387bd: receive RaftClientReply:client-0C76110B8A2B->ed5d81fa-aaf0-49db-aa57-acca1dd387bd@group-729F0664FEA8, cid=291, SUCCESS, logIndex=427, commits[ed5d81fa-aaf0-49db-aa57-acca1dd387bd:c429]
2019-09-10 22:11:47,755 [grpc-default-executor-1] INFO  client.GrpcClientProtocolClient (GrpcClientProtocolClient.java:onNext(255)) - client-0C76110B8A2B->ed5d81fa-aaf0-49db-aa57-acca1dd387bd: receive RaftClientReply:client-0C76110B8A2B->ed5d81fa-aaf0-49db-aa57-acca1dd387bd@group-729F0664FEA8, cid=292, SUCCESS, logIndex=428, commits[ed5d81fa-aaf0-49db-aa57-acca1dd387bd:c429]
2019-09-10 22:11:47,775 [grpc-default-executor-1] INFO  client.GrpcClientProtocolClient (GrpcClientProtocolClient.java:onNext(255)) - client-0C76110B8A2B->ed5d81fa-aaf0-49db-aa57-acca1dd387bd: receive RaftClientReply:client-0C76110B8A2B->ed5d81fa-aaf0-49db-aa57-acca1dd387bd@group-729F0664FEA8, cid=293, SUCCESS, logIndex=430, commits[ed5d81fa-aaf0-49db-aa57-acca1dd387bd:c433]
2019-09-10 22:11:47,776 [grpc-default-executor-1] INFO  client.GrpcClientProtocolClient (GrpcClientProtocolClient.java:onNext(255)) - client-0C76110B8A2B->ed5d81fa-aaf0-49db-aa57-acca1dd387bd: receive RaftClientReply:client-0C76110B8A2B->ed5d81fa-aaf0-49db-aa57-acca1dd387bd@group-729F0664FEA8, cid=294, SUCCESS, logIndex=431, commits[ed5d81fa-aaf0-49db-aa57-acca1dd387bd:c434]
2019-09-10 22:11:47,776 [grpc-default-executor-1] INFO  client.GrpcClientProtocolClient (GrpcClientProtocolClient.java:onNext(255)) - client-0C76110B8A2B->ed5d81fa-aaf0-49db-aa57-acca1dd387bd: receive RaftClientReply:client-0C76110B8A2B->ed5d81fa-aaf0-49db-aa57-acca1dd387bd@group-729F0664FEA8, cid=295, SUCCESS, logIndex=432, commits[ed5d81fa-aaf0-49db-aa57-acca1dd387bd:c434]
2019-09-10 22:11:47,777 [grpc-default-executor-1] INFO  client.GrpcClientProtocolClient (GrpcClientProtocolClient.java:onNext(255)) - client-0C76110B8A2B->ed5d81fa-aaf0-49db-aa57-acca1dd387bd: receive RaftClientReply:client-0C76110B8A2B->ed5d81fa-aaf0-49db-aa57-acca1dd387bd@group-729F0664FEA8, cid=296, SUCCESS, logIndex=433, commits[ed5d81fa-aaf0-49db-aa57-acca1dd387bd:c435]
2019-09-10 22:11:47,797 [SCMBlockDeletingService#0] DEBUG block.SCMBlockDeletingService (SCMBlockDeletingService.java:call(138)) - Running DeletedBlockTransactionScanner
2019-09-10 22:11:47,797 [SCMBlockDeletingService#0] DEBUG block.SCMBlockDeletingService (SCMBlockDeletingService.java:call(155)) - Scanned deleted blocks log and got 0 delTX to process.
2019-09-10 22:11:47,804 [grpc-default-executor-1] INFO  client.GrpcClientProtocolClient (GrpcClientProtocolClient.java:onNext(255)) - client-0C76110B8A2B->ed5d81fa-aaf0-49db-aa57-acca1dd387bd: receive RaftClientReply:client-0C76110B8A2B->ed5d81fa-aaf0-49db-aa57-acca1dd387bd@group-729F0664FEA8, cid=297, SUCCESS, logIndex=436, commits[ed5d81fa-aaf0-49db-aa57-acca1dd387bd:c439]
2019-09-10 22:11:47,804 [grpc-default-executor-1] INFO  client.GrpcClientProtocolClient (GrpcClientProtocolClient.java:onNext(255)) - client-0C76110B8A2B->ed5d81fa-aaf0-49db-aa57-acca1dd387bd: receive RaftClientReply:client-0C76110B8A2B->ed5d81fa-aaf0-49db-aa57-acca1dd387bd@group-729F0664FEA8, cid=298, SUCCESS, logIndex=437, commits[ed5d81fa-aaf0-49db-aa57-acca1dd387bd:c440]
2019-09-10 22:11:47,804 [grpc-default-executor-1] INFO  client.GrpcClientProtocolClient (GrpcClientProtocolClient.java:onNext(255)) - client-0C76110B8A2B->ed5d81fa-aaf0-49db-aa57-acca1dd387bd: receive RaftClientReply:client-0C76110B8A2B->ed5d81fa-aaf0-49db-aa57-acca1dd387bd@group-729F0664FEA8, cid=299, SUCCESS, logIndex=438, commits[ed5d81fa-aaf0-49db-aa57-acca1dd387bd:c440]
2019-09-10 22:11:47,805 [grpc-default-executor-1] INFO  client.GrpcClientProtocolClient (GrpcClientProtocolClient.java:onNext(255)) - client-0C76110B8A2B->ed5d81fa-aaf0-49db-aa57-acca1dd387bd: receive RaftClientReply:client-0C76110B8A2B->ed5d81fa-aaf0-49db-aa57-acca1dd387bd@group-729F0664FEA8, cid=300, SUCCESS, logIndex=439, commits[ed5d81fa-aaf0-49db-aa57-acca1dd387bd:c441]
2019-09-10 22:11:47,825 [grpc-default-executor-0] INFO  client.GrpcClientProtocolClient (GrpcClientProtocolClient.java:onNext(255)) - client-0C76110B8A2B->ed5d81fa-aaf0-49db-aa57-acca1dd387bd: receive RaftClientReply:client-0C76110B8A2B->ed5d81fa-aaf0-49db-aa57-acca1dd387bd@group-729F0664FEA8, cid=301, SUCCESS, logIndex=442, commits[ed5d81fa-aaf0-49db-aa57-acca1dd387bd:c443]
2019-09-10 22:11:47,826 [grpc-default-executor-0] INFO  client.GrpcClientProtocolClient (GrpcClientProtocolClient.java:onNext(255)) - client-0C76110B8A2B->ed5d81fa-aaf0-49db-aa57-acca1dd387bd: receive RaftClientReply:client-0C76110B8A2B->ed5d81fa-aaf0-49db-aa57-acca1dd387bd@group-729F0664FEA8, cid=302, SUCCESS, logIndex=443, commits[ed5d81fa-aaf0-49db-aa57-acca1dd387bd:c445]
2019-09-10 22:11:47,826 [grpc-default-executor-0] INFO  client.GrpcClientProtocolClient (GrpcClientProtocolClient.java:onNext(255)) - client-0C76110B8A2B->ed5d81fa-aaf0-49db-aa57-acca1dd387bd: receive RaftClientReply:client-0C76110B8A2B->ed5d81fa-aaf0-49db-aa57-acca1dd387bd@group-729F0664FEA8, cid=303, SUCCESS, logIndex=444, commits[ed5d81fa-aaf0-49db-aa57-acca1dd387bd:c446]
2019-09-10 22:11:47,827 [grpc-default-executor-0] INFO  client.GrpcClientProtocolClient (GrpcClientProtocolClient.java:onNext(255)) - client-0C76110B8A2B->ed5d81fa-aaf0-49db-aa57-acca1dd387bd: receive RaftClientReply:client-0C76110B8A2B->ed5d81fa-aaf0-49db-aa57-acca1dd387bd@group-729F0664FEA8, cid=304, SUCCESS, logIndex=445, commits[ed5d81fa-aaf0-49db-aa57-acca1dd387bd:c447]
2019-09-10 22:11:47,856 [grpc-default-executor-1] INFO  client.GrpcClientProtocolClient (GrpcClientProtocolClient.java:onNext(255)) - client-0C76110B8A2B->ed5d81fa-aaf0-49db-aa57-acca1dd387bd: receive RaftClientReply:client-0C76110B8A2B->ed5d81fa-aaf0-49db-aa57-acca1dd387bd@group-729F0664FEA8, cid=305, SUCCESS, logIndex=448, commits[ed5d81fa-aaf0-49db-aa57-acca1dd387bd:c451]
2019-09-10 22:11:47,857 [grpc-default-executor-1] INFO  client.GrpcClientProtocolClient (GrpcClientProtocolClient.java:onNext(255)) - client-0C76110B8A2B->ed5d81fa-aaf0-49db-aa57-acca1dd387bd: receive RaftClientReply:client-0C76110B8A2B->ed5d81fa-aaf0-49db-aa57-acca1dd387bd@group-729F0664FEA8, cid=306, SUCCESS, logIndex=449, commits[ed5d81fa-aaf0-49db-aa57-acca1dd387bd:c452]
2019-09-10 22:11:47,857 [grpc-default-executor-1] INFO  client.GrpcClientProtocolClient (GrpcClientProtocolClient.java:onNext(255)) - client-0C76110B8A2B->ed5d81fa-aaf0-49db-aa57-acca1dd387bd: receive RaftClientReply:client-0C76110B8A2B->ed5d81fa-aaf0-49db-aa57-acca1dd387bd@group-729F0664FEA8, cid=307, SUCCESS, logIndex=450, commits[ed5d81fa-aaf0-49db-aa57-acca1dd387bd:c453]
2019-09-10 22:11:47,857 [grpc-default-executor-1] INFO  client.GrpcClientProtocolClient (GrpcClientProtocolClient.java:onNext(255)) - client-0C76110B8A2B->ed5d81fa-aaf0-49db-aa57-acca1dd387bd: receive RaftClientReply:client-0C76110B8A2B->ed5d81fa-aaf0-49db-aa57-acca1dd387bd@group-729F0664FEA8, cid=308, SUCCESS, logIndex=451, commits[ed5d81fa-aaf0-49db-aa57-acca1dd387bd:c453]
2019-09-10 22:11:47,898 [SCMBlockDeletingService#1] DEBUG block.SCMBlockDeletingService (SCMBlockDeletingService.java:call(138)) - Running DeletedBlockTransactionScanner
2019-09-10 22:11:47,898 [SCMBlockDeletingService#1] DEBUG block.SCMBlockDeletingService (SCMBlockDeletingService.java:call(155)) - Scanned deleted blocks log and got 0 delTX to process.
2019-09-10 22:11:47,969 [grpc-default-executor-0] INFO  client.GrpcClientProtocolClient (GrpcClientProtocolClient.java:onNext(255)) - client-0C76110B8A2B->ed5d81fa-aaf0-49db-aa57-acca1dd387bd: receive RaftClientReply:client-0C76110B8A2B->ed5d81fa-aaf0-49db-aa57-acca1dd387bd@group-729F0664FEA8, cid=309, SUCCESS, logIndex=454, commits[ed5d81fa-aaf0-49db-aa57-acca1dd387bd:c455]
2019-09-10 22:11:47,970 [grpc-default-executor-0] INFO  client.GrpcClientProtocolClient (GrpcClientProtocolClient.java:onNext(255)) - client-0C76110B8A2B->ed5d81fa-aaf0-49db-aa57-acca1dd387bd: receive RaftClientReply:client-0C76110B8A2B->ed5d81fa-aaf0-49db-aa57-acca1dd387bd@group-729F0664FEA8, cid=310, SUCCESS, logIndex=455, commits[ed5d81fa-aaf0-49db-aa57-acca1dd387bd:c458]
2019-09-10 22:11:47,970 [grpc-default-executor-0] INFO  client.GrpcClientProtocolClient (GrpcClientProtocolClient.java:onNext(255)) - client-0C76110B8A2B->ed5d81fa-aaf0-49db-aa57-acca1dd387bd: receive RaftClientReply:client-0C76110B8A2B->ed5d81fa-aaf0-49db-aa57-acca1dd387bd@group-729F0664FEA8, cid=311, SUCCESS, logIndex=456, commits[ed5d81fa-aaf0-49db-aa57-acca1dd387bd:c459]
2019-09-10 22:11:47,971 [grpc-default-executor-0] INFO  client.GrpcClientProtocolClient (GrpcClientProtocolClient.java:onNext(255)) - client-0C76110B8A2B->ed5d81fa-aaf0-49db-aa57-acca1dd387bd: receive RaftClientReply:client-0C76110B8A2B->ed5d81fa-aaf0-49db-aa57-acca1dd387bd@group-729F0664FEA8, cid=312, SUCCESS, logIndex=457, commits[ed5d81fa-aaf0-49db-aa57-acca1dd387bd:c459]
2019-09-10 22:11:47,996 [grpc-default-executor-1] INFO  client.GrpcClientProtocolClient (GrpcClientProtocolClient.java:onNext(255)) - client-0C76110B8A2B->ed5d81fa-aaf0-49db-aa57-acca1dd387bd: receive RaftClientReply:client-0C76110B8A2B->ed5d81fa-aaf0-49db-aa57-acca1dd387bd@group-729F0664FEA8, cid=313, SUCCESS, logIndex=460, commits[ed5d81fa-aaf0-49db-aa57-acca1dd387bd:c461]
2019-09-10 22:11:47,997 [grpc-default-executor-1] INFO  client.GrpcClientProtocolClient (GrpcClientProtocolClient.java:onNext(255)) - client-0C76110B8A2B->ed5d81fa-aaf0-49db-aa57-acca1dd387bd: receive RaftClientReply:client-0C76110B8A2B->ed5d81fa-aaf0-49db-aa57-acca1dd387bd@group-729F0664FEA8, cid=314, SUCCESS, logIndex=461, commits[ed5d81fa-aaf0-49db-aa57-acca1dd387bd:c461]
2019-09-10 22:11:47,997 [grpc-default-executor-1] INFO  client.GrpcClientProtocolClient (GrpcClientProtocolClient.java:onNext(255)) - client-0C76110B8A2B->ed5d81fa-aaf0-49db-aa57-acca1dd387bd: receive RaftClientReply:client-0C76110B8A2B->ed5d81fa-aaf0-49db-aa57-acca1dd387bd@group-729F0664FEA8, cid=315, SUCCESS, logIndex=462, commits[ed5d81fa-aaf0-49db-aa57-acca1dd387bd:c464]
2019-09-10 22:11:47,998 [grpc-default-executor-1] INFO  client.GrpcClientProtocolClient (GrpcClientProtocolClient.java:onNext(255)) - client-0C76110B8A2B->ed5d81fa-aaf0-49db-aa57-acca1dd387bd: receive RaftClientReply:client-0C76110B8A2B->ed5d81fa-aaf0-49db-aa57-acca1dd387bd@group-729F0664FEA8, cid=316, SUCCESS, logIndex=463, commits[ed5d81fa-aaf0-49db-aa57-acca1dd387bd:c465]
2019-09-10 22:11:47,999 [SCMBlockDeletingService#1] DEBUG block.SCMBlockDeletingService (SCMBlockDeletingService.java:call(138)) - Running DeletedBlockTransactionScanner
2019-09-10 22:11:47,999 [SCMBlockDeletingService#1] DEBUG block.SCMBlockDeletingService (SCMBlockDeletingService.java:call(155)) - Scanned deleted blocks log and got 0 delTX to process.
2019-09-10 22:11:48,019 [grpc-default-executor-1] INFO  client.GrpcClientProtocolClient (GrpcClientProtocolClient.java:onNext(255)) - client-0C76110B8A2B->ed5d81fa-aaf0-49db-aa57-acca1dd387bd: receive RaftClientReply:client-0C76110B8A2B->ed5d81fa-aaf0-49db-aa57-acca1dd387bd@group-729F0664FEA8, cid=317, SUCCESS, logIndex=466, commits[ed5d81fa-aaf0-49db-aa57-acca1dd387bd:c467]
2019-09-10 22:11:48,020 [grpc-default-executor-1] INFO  client.GrpcClientProtocolClient (GrpcClientProtocolClient.java:onNext(255)) - client-0C76110B8A2B->ed5d81fa-aaf0-49db-aa57-acca1dd387bd: receive RaftClientReply:client-0C76110B8A2B->ed5d81fa-aaf0-49db-aa57-acca1dd387bd@group-729F0664FEA8, cid=318, SUCCESS, logIndex=467, commits[ed5d81fa-aaf0-49db-aa57-acca1dd387bd:c469]
2019-09-10 22:11:48,020 [grpc-default-executor-1] INFO  client.GrpcClientProtocolClient (GrpcClientProtocolClient.java:onNext(255)) - client-0C76110B8A2B->ed5d81fa-aaf0-49db-aa57-acca1dd387bd: receive RaftClientReply:client-0C76110B8A2B->ed5d81fa-aaf0-49db-aa57-acca1dd387bd@group-729F0664FEA8, cid=319, SUCCESS, logIndex=468, commits[ed5d81fa-aaf0-49db-aa57-acca1dd387bd:c470]
2019-09-10 22:11:48,020 [grpc-default-executor-1] INFO  client.GrpcClientProtocolClient (GrpcClientProtocolClient.java:onNext(255)) - client-0C76110B8A2B->ed5d81fa-aaf0-49db-aa57-acca1dd387bd: receive RaftClientReply:client-0C76110B8A2B->ed5d81fa-aaf0-49db-aa57-acca1dd387bd@group-729F0664FEA8, cid=320, SUCCESS, logIndex=469, commits[ed5d81fa-aaf0-49db-aa57-acca1dd387bd:c471]
2019-09-10 22:11:48,047 [grpc-default-executor-1] INFO  client.GrpcClientProtocolClient (GrpcClientProtocolClient.java:onNext(255)) - client-0C76110B8A2B->ed5d81fa-aaf0-49db-aa57-acca1dd387bd: receive RaftClientReply:client-0C76110B8A2B->ed5d81fa-aaf0-49db-aa57-acca1dd387bd@group-729F0664FEA8, cid=321, SUCCESS, logIndex=472, commits[ed5d81fa-aaf0-49db-aa57-acca1dd387bd:c473]
2019-09-10 22:11:48,048 [grpc-default-executor-1] INFO  client.GrpcClientProtocolClient (GrpcClientProtocolClient.java:onNext(255)) - client-0C76110B8A2B->ed5d81fa-aaf0-49db-aa57-acca1dd387bd: receive RaftClientReply:client-0C76110B8A2B->ed5d81fa-aaf0-49db-aa57-acca1dd387bd@group-729F0664FEA8, cid=322, SUCCESS, logIndex=473, commits[ed5d81fa-aaf0-49db-aa57-acca1dd387bd:c475]
2019-09-10 22:11:48,048 [grpc-default-executor-1] INFO  client.GrpcClientProtocolClient (GrpcClientProtocolClient.java:onNext(255)) - client-0C76110B8A2B->ed5d81fa-aaf0-49db-aa57-acca1dd387bd: receive RaftClientReply:client-0C76110B8A2B->ed5d81fa-aaf0-49db-aa57-acca1dd387bd@group-729F0664FEA8, cid=323, SUCCESS, logIndex=474, commits[ed5d81fa-aaf0-49db-aa57-acca1dd387bd:c476]
2019-09-10 22:11:48,048 [grpc-default-executor-1] INFO  client.GrpcClientProtocolClient (GrpcClientProtocolClient.java:onNext(255)) - client-0C76110B8A2B->ed5d81fa-aaf0-49db-aa57-acca1dd387bd: receive RaftClientReply:client-0C76110B8A2B->ed5d81fa-aaf0-49db-aa57-acca1dd387bd@group-729F0664FEA8, cid=324, SUCCESS, logIndex=475, commits[ed5d81fa-aaf0-49db-aa57-acca1dd387bd:c476]
2019-09-10 22:11:48,068 [grpc-default-executor-0] INFO  client.GrpcClientProtocolClient (GrpcClientProtocolClient.java:onNext(255)) - client-0C76110B8A2B->ed5d81fa-aaf0-49db-aa57-acca1dd387bd: receive RaftClientReply:client-0C76110B8A2B->ed5d81fa-aaf0-49db-aa57-acca1dd387bd@group-729F0664FEA8, cid=325, SUCCESS, logIndex=478, commits[ed5d81fa-aaf0-49db-aa57-acca1dd387bd:c479]
2019-09-10 22:11:48,069 [grpc-default-executor-0] INFO  client.GrpcClientProtocolClient (GrpcClientProtocolClient.java:onNext(255)) - client-0C76110B8A2B->ed5d81fa-aaf0-49db-aa57-acca1dd387bd: receive RaftClientReply:client-0C76110B8A2B->ed5d81fa-aaf0-49db-aa57-acca1dd387bd@group-729F0664FEA8, cid=326, SUCCESS, logIndex=479, commits[ed5d81fa-aaf0-49db-aa57-acca1dd387bd:c482]
2019-09-10 22:11:48,069 [grpc-default-executor-0] INFO  client.GrpcClientProtocolClient (GrpcClientProtocolClient.java:onNext(255)) - client-0C76110B8A2B->ed5d81fa-aaf0-49db-aa57-acca1dd387bd: receive RaftClientReply:client-0C76110B8A2B->ed5d81fa-aaf0-49db-aa57-acca1dd387bd@group-729F0664FEA8, cid=327, SUCCESS, logIndex=480, commits[ed5d81fa-aaf0-49db-aa57-acca1dd387bd:c482]
2019-09-10 22:11:48,070 [grpc-default-executor-0] INFO  client.GrpcClientProtocolClient (GrpcClientProtocolClient.java:onNext(255)) - client-0C76110B8A2B->ed5d81fa-aaf0-49db-aa57-acca1dd387bd: receive RaftClientReply:client-0C76110B8A2B->ed5d81fa-aaf0-49db-aa57-acca1dd387bd@group-729F0664FEA8, cid=328, SUCCESS, logIndex=481, commits[ed5d81fa-aaf0-49db-aa57-acca1dd387bd:c483]
2019-09-10 22:11:48,095 [grpc-default-executor-1] INFO  client.GrpcClientProtocolClient (GrpcClientProtocolClient.java:onNext(255)) - client-0C76110B8A2B->ed5d81fa-aaf0-49db-aa57-acca1dd387bd: receive RaftClientReply:client-0C76110B8A2B->ed5d81fa-aaf0-49db-aa57-acca1dd387bd@group-729F0664FEA8, cid=329, SUCCESS, logIndex=484, commits[ed5d81fa-aaf0-49db-aa57-acca1dd387bd:c487]
2019-09-10 22:11:48,096 [grpc-default-executor-1] INFO  client.GrpcClientProtocolClient (GrpcClientProtocolClient.java:onNext(255)) - client-0C76110B8A2B->ed5d81fa-aaf0-49db-aa57-acca1dd387bd: receive RaftClientReply:client-0C76110B8A2B->ed5d81fa-aaf0-49db-aa57-acca1dd387bd@group-729F0664FEA8, cid=330, SUCCESS, logIndex=485, commits[ed5d81fa-aaf0-49db-aa57-acca1dd387bd:c488]
2019-09-10 22:11:48,097 [grpc-default-executor-1] INFO  client.GrpcClientProtocolClient (GrpcClientProtocolClient.java:onNext(255)) - client-0C76110B8A2B->ed5d81fa-aaf0-49db-aa57-acca1dd387bd: receive RaftClientReply:client-0C76110B8A2B->ed5d81fa-aaf0-49db-aa57-acca1dd387bd@group-729F0664FEA8, cid=331, SUCCESS, logIndex=486, commits[ed5d81fa-aaf0-49db-aa57-acca1dd387bd:c489]
2019-09-10 22:11:48,098 [grpc-default-executor-1] INFO  client.GrpcClientProtocolClient (GrpcClientProtocolClient.java:onNext(255)) - client-0C76110B8A2B->ed5d81fa-aaf0-49db-aa57-acca1dd387bd: receive RaftClientReply:client-0C76110B8A2B->ed5d81fa-aaf0-49db-aa57-acca1dd387bd@group-729F0664FEA8, cid=332, SUCCESS, logIndex=487, commits[ed5d81fa-aaf0-49db-aa57-acca1dd387bd:c489]
2019-09-10 22:11:48,099 [SCMBlockDeletingService#1] DEBUG block.SCMBlockDeletingService (SCMBlockDeletingService.java:call(138)) - Running DeletedBlockTransactionScanner
2019-09-10 22:11:48,099 [SCMBlockDeletingService#1] DEBUG block.SCMBlockDeletingService (SCMBlockDeletingService.java:call(155)) - Scanned deleted blocks log and got 0 delTX to process.
2019-09-10 22:11:48,117 [grpc-default-executor-0] INFO  client.GrpcClientProtocolClient (GrpcClientProtocolClient.java:onNext(255)) - client-0C76110B8A2B->ed5d81fa-aaf0-49db-aa57-acca1dd387bd: receive RaftClientReply:client-0C76110B8A2B->ed5d81fa-aaf0-49db-aa57-acca1dd387bd@group-729F0664FEA8, cid=333, SUCCESS, logIndex=490, commits[ed5d81fa-aaf0-49db-aa57-acca1dd387bd:c491]
2019-09-10 22:11:48,118 [grpc-default-executor-0] INFO  client.GrpcClientProtocolClient (GrpcClientProtocolClient.java:onNext(255)) - client-0C76110B8A2B->ed5d81fa-aaf0-49db-aa57-acca1dd387bd: receive RaftClientReply:client-0C76110B8A2B->ed5d81fa-aaf0-49db-aa57-acca1dd387bd@group-729F0664FEA8, cid=334, SUCCESS, logIndex=491, commits[ed5d81fa-aaf0-49db-aa57-acca1dd387bd:c494]
2019-09-10 22:11:48,118 [grpc-default-executor-0] INFO  client.GrpcClientProtocolClient (GrpcClientProtocolClient.java:onNext(255)) - client-0C76110B8A2B->ed5d81fa-aaf0-49db-aa57-acca1dd387bd: receive RaftClientReply:client-0C76110B8A2B->ed5d81fa-aaf0-49db-aa57-acca1dd387bd@group-729F0664FEA8, cid=335, SUCCESS, logIndex=492, commits[ed5d81fa-aaf0-49db-aa57-acca1dd387bd:c495]
2019-09-10 22:11:48,119 [grpc-default-executor-0] INFO  client.GrpcClientProtocolClient (GrpcClientProtocolClient.java:onNext(255)) - client-0C76110B8A2B->ed5d81fa-aaf0-49db-aa57-acca1dd387bd: receive RaftClientReply:client-0C76110B8A2B->ed5d81fa-aaf0-49db-aa57-acca1dd387bd@group-729F0664FEA8, cid=336, SUCCESS, logIndex=493, commits[ed5d81fa-aaf0-49db-aa57-acca1dd387bd:c495]
2019-09-10 22:11:48,144 [grpc-default-executor-0] INFO  client.GrpcClientProtocolClient (GrpcClientProtocolClient.java:onNext(255)) - client-0C76110B8A2B->ed5d81fa-aaf0-49db-aa57-acca1dd387bd: receive RaftClientReply:client-0C76110B8A2B->ed5d81fa-aaf0-49db-aa57-acca1dd387bd@group-729F0664FEA8, cid=337, SUCCESS, logIndex=496, commits[ed5d81fa-aaf0-49db-aa57-acca1dd387bd:c497]
2019-09-10 22:11:48,145 [grpc-default-executor-0] INFO  client.GrpcClientProtocolClient (GrpcClientProtocolClient.java:onNext(255)) - client-0C76110B8A2B->ed5d81fa-aaf0-49db-aa57-acca1dd387bd: receive RaftClientReply:client-0C76110B8A2B->ed5d81fa-aaf0-49db-aa57-acca1dd387bd@group-729F0664FEA8, cid=338, SUCCESS, logIndex=497, commits[ed5d81fa-aaf0-49db-aa57-acca1dd387bd:c500]
2019-09-10 22:11:48,145 [grpc-default-executor-0] INFO  client.GrpcClientProtocolClient (GrpcClientProtocolClient.java:onNext(255)) - client-0C76110B8A2B->ed5d81fa-aaf0-49db-aa57-acca1dd387bd: receive RaftClientReply:client-0C76110B8A2B->ed5d81fa-aaf0-49db-aa57-acca1dd387bd@group-729F0664FEA8, cid=339, SUCCESS, logIndex=498, commits[ed5d81fa-aaf0-49db-aa57-acca1dd387bd:c500]
2019-09-10 22:11:48,145 [grpc-default-executor-0] INFO  client.GrpcClientProtocolClient (GrpcClientProtocolClient.java:onNext(255)) - client-0C76110B8A2B->ed5d81fa-aaf0-49db-aa57-acca1dd387bd: receive RaftClientReply:client-0C76110B8A2B->ed5d81fa-aaf0-49db-aa57-acca1dd387bd@group-729F0664FEA8, cid=340, SUCCESS, logIndex=499, commits[ed5d81fa-aaf0-49db-aa57-acca1dd387bd:c501]
2019-09-10 22:11:48,167 [grpc-default-executor-0] INFO  client.GrpcClientProtocolClient (GrpcClientProtocolClient.java:onNext(255)) - client-0C76110B8A2B->ed5d81fa-aaf0-49db-aa57-acca1dd387bd: receive RaftClientReply:client-0C76110B8A2B->ed5d81fa-aaf0-49db-aa57-acca1dd387bd@group-729F0664FEA8, cid=341, SUCCESS, logIndex=502, commits[ed5d81fa-aaf0-49db-aa57-acca1dd387bd:c503]
2019-09-10 22:11:48,168 [grpc-default-executor-0] INFO  client.GrpcClientProtocolClient (GrpcClientProtocolClient.java:onNext(255)) - client-0C76110B8A2B->ed5d81fa-aaf0-49db-aa57-acca1dd387bd: receive RaftClientReply:client-0C76110B8A2B->ed5d81fa-aaf0-49db-aa57-acca1dd387bd@group-729F0664FEA8, cid=342, SUCCESS, logIndex=503, commits[ed5d81fa-aaf0-49db-aa57-acca1dd387bd:c505]
2019-09-10 22:11:48,168 [grpc-default-executor-0] INFO  client.GrpcClientProtocolClient (GrpcClientProtocolClient.java:onNext(255)) - client-0C76110B8A2B->ed5d81fa-aaf0-49db-aa57-acca1dd387bd: receive RaftClientReply:client-0C76110B8A2B->ed5d81fa-aaf0-49db-aa57-acca1dd387bd@group-729F0664FEA8, cid=343, SUCCESS, logIndex=504, commits[ed5d81fa-aaf0-49db-aa57-acca1dd387bd:c505]
2019-09-10 22:11:48,168 [grpc-default-executor-0] INFO  client.GrpcClientProtocolClient (GrpcClientProtocolClient.java:onNext(255)) - client-0C76110B8A2B->ed5d81fa-aaf0-49db-aa57-acca1dd387bd: receive RaftClientReply:client-0C76110B8A2B->ed5d81fa-aaf0-49db-aa57-acca1dd387bd@group-729F0664FEA8, cid=344, SUCCESS, logIndex=505, commits[ed5d81fa-aaf0-49db-aa57-acca1dd387bd:c506]
2019-09-10 22:11:48,195 [grpc-default-executor-0] INFO  client.GrpcClientProtocolClient (GrpcClientProtocolClient.java:onNext(255)) - client-0C76110B8A2B->ed5d81fa-aaf0-49db-aa57-acca1dd387bd: receive RaftClientReply:client-0C76110B8A2B->ed5d81fa-aaf0-49db-aa57-acca1dd387bd@group-729F0664FEA8, cid=345, SUCCESS, logIndex=508, commits[ed5d81fa-aaf0-49db-aa57-acca1dd387bd:c509]
2019-09-10 22:11:48,196 [grpc-default-executor-0] INFO  client.GrpcClientProtocolClient (GrpcClientProtocolClient.java:onNext(255)) - client-0C76110B8A2B->ed5d81fa-aaf0-49db-aa57-acca1dd387bd: receive RaftClientReply:client-0C76110B8A2B->ed5d81fa-aaf0-49db-aa57-acca1dd387bd@group-729F0664FEA8, cid=346, SUCCESS, logIndex=509, commits[ed5d81fa-aaf0-49db-aa57-acca1dd387bd:c512]
2019-09-10 22:11:48,197 [grpc-default-executor-0] INFO  client.GrpcClientProtocolClient (GrpcClientProtocolClient.java:onNext(255)) - client-0C76110B8A2B->ed5d81fa-aaf0-49db-aa57-acca1dd387bd: receive RaftClientReply:client-0C76110B8A2B->ed5d81fa-aaf0-49db-aa57-acca1dd387bd@group-729F0664FEA8, cid=347, SUCCESS, logIndex=510, commits[ed5d81fa-aaf0-49db-aa57-acca1dd387bd:c512]
2019-09-10 22:11:48,197 [grpc-default-executor-0] INFO  client.GrpcClientProtocolClient (GrpcClientProtocolClient.java:onNext(255)) - client-0C76110B8A2B->ed5d81fa-aaf0-49db-aa57-acca1dd387bd: receive RaftClientReply:client-0C76110B8A2B->ed5d81fa-aaf0-49db-aa57-acca1dd387bd@group-729F0664FEA8, cid=348, SUCCESS, logIndex=511, commits[ed5d81fa-aaf0-49db-aa57-acca1dd387bd:c512]
2019-09-10 22:11:48,200 [SCMBlockDeletingService#1] DEBUG block.SCMBlockDeletingService (SCMBlockDeletingService.java:call(138)) - Running DeletedBlockTransactionScanner
2019-09-10 22:11:48,200 [SCMBlockDeletingService#1] DEBUG block.SCMBlockDeletingService (SCMBlockDeletingService.java:call(155)) - Scanned deleted blocks log and got 0 delTX to process.
2019-09-10 22:11:48,217 [grpc-default-executor-0] INFO  client.GrpcClientProtocolClient (GrpcClientProtocolClient.java:onNext(255)) - client-0C76110B8A2B->ed5d81fa-aaf0-49db-aa57-acca1dd387bd: receive RaftClientReply:client-0C76110B8A2B->ed5d81fa-aaf0-49db-aa57-acca1dd387bd@group-729F0664FEA8, cid=349, SUCCESS, logIndex=513, commits[ed5d81fa-aaf0-49db-aa57-acca1dd387bd:c514]
2019-09-10 22:11:48,218 [grpc-default-executor-0] INFO  client.GrpcClientProtocolClient (GrpcClientProtocolClient.java:onNext(255)) - client-0C76110B8A2B->ed5d81fa-aaf0-49db-aa57-acca1dd387bd: receive RaftClientReply:client-0C76110B8A2B->ed5d81fa-aaf0-49db-aa57-acca1dd387bd@group-729F0664FEA8, cid=350, SUCCESS, logIndex=514, commits[ed5d81fa-aaf0-49db-aa57-acca1dd387bd:c517]
2019-09-10 22:11:48,218 [grpc-default-executor-0] INFO  client.GrpcClientProtocolClient (GrpcClientProtocolClient.java:onNext(255)) - client-0C76110B8A2B->ed5d81fa-aaf0-49db-aa57-acca1dd387bd: receive RaftClientReply:client-0C76110B8A2B->ed5d81fa-aaf0-49db-aa57-acca1dd387bd@group-729F0664FEA8, cid=351, SUCCESS, logIndex=515, commits[ed5d81fa-aaf0-49db-aa57-acca1dd387bd:c517]
2019-09-10 22:11:48,218 [grpc-default-executor-0] INFO  client.GrpcClientProtocolClient (GrpcClientProtocolClient.java:onNext(255)) - client-0C76110B8A2B->ed5d81fa-aaf0-49db-aa57-acca1dd387bd: receive RaftClientReply:client-0C76110B8A2B->ed5d81fa-aaf0-49db-aa57-acca1dd387bd@group-729F0664FEA8, cid=352, SUCCESS, logIndex=516, commits[ed5d81fa-aaf0-49db-aa57-acca1dd387bd:c518]
2019-09-10 22:11:48,300 [SCMBlockDeletingService#1] DEBUG block.SCMBlockDeletingService (SCMBlockDeletingService.java:call(138)) - Running DeletedBlockTransactionScanner
2019-09-10 22:11:48,301 [SCMBlockDeletingService#1] DEBUG block.SCMBlockDeletingService (SCMBlockDeletingService.java:call(155)) - Scanned deleted blocks log and got 0 delTX to process.
2019-09-10 22:11:48,333 [grpc-default-executor-1] INFO  client.GrpcClientProtocolClient (GrpcClientProtocolClient.java:onNext(255)) - client-0C76110B8A2B->ed5d81fa-aaf0-49db-aa57-acca1dd387bd: receive RaftClientReply:client-0C76110B8A2B->ed5d81fa-aaf0-49db-aa57-acca1dd387bd@group-729F0664FEA8, cid=353, SUCCESS, logIndex=519, commits[ed5d81fa-aaf0-49db-aa57-acca1dd387bd:c520]
2019-09-10 22:11:48,333 [grpc-default-executor-1] INFO  client.GrpcClientProtocolClient (GrpcClientProtocolClient.java:onNext(255)) - client-0C76110B8A2B->ed5d81fa-aaf0-49db-aa57-acca1dd387bd: receive RaftClientReply:client-0C76110B8A2B->ed5d81fa-aaf0-49db-aa57-acca1dd387bd@group-729F0664FEA8, cid=354, SUCCESS, logIndex=520, commits[ed5d81fa-aaf0-49db-aa57-acca1dd387bd:c522]
2019-09-10 22:11:48,334 [grpc-default-executor-1] INFO  client.GrpcClientProtocolClient (GrpcClientProtocolClient.java:onNext(255)) - client-0C76110B8A2B->ed5d81fa-aaf0-49db-aa57-acca1dd387bd: receive RaftClientReply:client-0C76110B8A2B->ed5d81fa-aaf0-49db-aa57-acca1dd387bd@group-729F0664FEA8, cid=355, SUCCESS, logIndex=521, commits[ed5d81fa-aaf0-49db-aa57-acca1dd387bd:c523]
2019-09-10 22:11:48,334 [grpc-default-executor-1] INFO  client.GrpcClientProtocolClient (GrpcClientProtocolClient.java:onNext(255)) - client-0C76110B8A2B->ed5d81fa-aaf0-49db-aa57-acca1dd387bd: receive RaftClientReply:client-0C76110B8A2B->ed5d81fa-aaf0-49db-aa57-acca1dd387bd@group-729F0664FEA8, cid=356, SUCCESS, logIndex=522, commits[ed5d81fa-aaf0-49db-aa57-acca1dd387bd:c523]
2019-09-10 22:11:48,355 [grpc-default-executor-1] INFO  client.GrpcClientProtocolClient (GrpcClientProtocolClient.java:onNext(255)) - client-0C76110B8A2B->ed5d81fa-aaf0-49db-aa57-acca1dd387bd: receive RaftClientReply:client-0C76110B8A2B->ed5d81fa-aaf0-49db-aa57-acca1dd387bd@group-729F0664FEA8, cid=357, SUCCESS, logIndex=525, commits[ed5d81fa-aaf0-49db-aa57-acca1dd387bd:c526]
2019-09-10 22:11:48,355 [grpc-default-executor-1] INFO  client.GrpcClientProtocolClient (GrpcClientProtocolClient.java:onNext(255)) - client-0C76110B8A2B->ed5d81fa-aaf0-49db-aa57-acca1dd387bd: receive RaftClientReply:client-0C76110B8A2B->ed5d81fa-aaf0-49db-aa57-acca1dd387bd@group-729F0664FEA8, cid=358, SUCCESS, logIndex=526, commits[ed5d81fa-aaf0-49db-aa57-acca1dd387bd:c528]
2019-09-10 22:11:48,356 [grpc-default-executor-1] INFO  client.GrpcClientProtocolClient (GrpcClientProtocolClient.java:onNext(255)) - client-0C76110B8A2B->ed5d81fa-aaf0-49db-aa57-acca1dd387bd: receive RaftClientReply:client-0C76110B8A2B->ed5d81fa-aaf0-49db-aa57-acca1dd387bd@group-729F0664FEA8, cid=359, SUCCESS, logIndex=527, commits[ed5d81fa-aaf0-49db-aa57-acca1dd387bd:c529]
2019-09-10 22:11:48,356 [grpc-default-executor-1] INFO  client.GrpcClientProtocolClient (GrpcClientProtocolClient.java:onNext(255)) - client-0C76110B8A2B->ed5d81fa-aaf0-49db-aa57-acca1dd387bd: receive RaftClientReply:client-0C76110B8A2B->ed5d81fa-aaf0-49db-aa57-acca1dd387bd@group-729F0664FEA8, cid=360, SUCCESS, logIndex=528, commits[ed5d81fa-aaf0-49db-aa57-acca1dd387bd:c529]
2019-09-10 22:11:48,383 [grpc-default-executor-1] INFO  client.GrpcClientProtocolClient (GrpcClientProtocolClient.java:onNext(255)) - client-0C76110B8A2B->ed5d81fa-aaf0-49db-aa57-acca1dd387bd: receive RaftClientReply:client-0C76110B8A2B->ed5d81fa-aaf0-49db-aa57-acca1dd387bd@group-729F0664FEA8, cid=361, SUCCESS, logIndex=531, commits[ed5d81fa-aaf0-49db-aa57-acca1dd387bd:c532]
2019-09-10 22:11:48,384 [grpc-default-executor-1] INFO  client.GrpcClientProtocolClient (GrpcClientProtocolClient.java:onNext(255)) - client-0C76110B8A2B->ed5d81fa-aaf0-49db-aa57-acca1dd387bd: receive RaftClientReply:client-0C76110B8A2B->ed5d81fa-aaf0-49db-aa57-acca1dd387bd@group-729F0664FEA8, cid=362, SUCCESS, logIndex=532, commits[ed5d81fa-aaf0-49db-aa57-acca1dd387bd:c535]
2019-09-10 22:11:48,385 [grpc-default-executor-1] INFO  client.GrpcClientProtocolClient (GrpcClientProtocolClient.java:onNext(255)) - client-0C76110B8A2B->ed5d81fa-aaf0-49db-aa57-acca1dd387bd: receive RaftClientReply:client-0C76110B8A2B->ed5d81fa-aaf0-49db-aa57-acca1dd387bd@group-729F0664FEA8, cid=363, SUCCESS, logIndex=533, commits[ed5d81fa-aaf0-49db-aa57-acca1dd387bd:c536]
2019-09-10 22:11:48,385 [grpc-default-executor-1] INFO  client.GrpcClientProtocolClient (GrpcClientProtocolClient.java:onNext(255)) - client-0C76110B8A2B->ed5d81fa-aaf0-49db-aa57-acca1dd387bd: receive RaftClientReply:client-0C76110B8A2B->ed5d81fa-aaf0-49db-aa57-acca1dd387bd@group-729F0664FEA8, cid=364, SUCCESS, logIndex=534, commits[ed5d81fa-aaf0-49db-aa57-acca1dd387bd:c536]
2019-09-10 22:11:48,401 [SCMBlockDeletingService#1] DEBUG block.SCMBlockDeletingService (SCMBlockDeletingService.java:call(138)) - Running DeletedBlockTransactionScanner
2019-09-10 22:11:48,401 [SCMBlockDeletingService#1] DEBUG block.SCMBlockDeletingService (SCMBlockDeletingService.java:call(155)) - Scanned deleted blocks log and got 0 delTX to process.
2019-09-10 22:11:48,405 [grpc-default-executor-1] INFO  client.GrpcClientProtocolClient (GrpcClientProtocolClient.java:onNext(255)) - client-0C76110B8A2B->ed5d81fa-aaf0-49db-aa57-acca1dd387bd: receive RaftClientReply:client-0C76110B8A2B->ed5d81fa-aaf0-49db-aa57-acca1dd387bd@group-729F0664FEA8, cid=365, SUCCESS, logIndex=537, commits[ed5d81fa-aaf0-49db-aa57-acca1dd387bd:c538]
2019-09-10 22:11:48,406 [grpc-default-executor-1] INFO  client.GrpcClientProtocolClient (GrpcClientProtocolClient.java:onNext(255)) - client-0C76110B8A2B->ed5d81fa-aaf0-49db-aa57-acca1dd387bd: receive RaftClientReply:client-0C76110B8A2B->ed5d81fa-aaf0-49db-aa57-acca1dd387bd@group-729F0664FEA8, cid=366, SUCCESS, logIndex=538, commits[ed5d81fa-aaf0-49db-aa57-acca1dd387bd:c538]
2019-09-10 22:11:48,407 [grpc-default-executor-1] INFO  client.GrpcClientProtocolClient (GrpcClientProtocolClient.java:onNext(255)) - client-0C76110B8A2B->ed5d81fa-aaf0-49db-aa57-acca1dd387bd: receive RaftClientReply:client-0C76110B8A2B->ed5d81fa-aaf0-49db-aa57-acca1dd387bd@group-729F0664FEA8, cid=367, SUCCESS, logIndex=539, commits[ed5d81fa-aaf0-49db-aa57-acca1dd387bd:c541]
2019-09-10 22:11:48,408 [grpc-default-executor-1] INFO  client.GrpcClientProtocolClient (GrpcClientProtocolClient.java:onNext(255)) - client-0C76110B8A2B->ed5d81fa-aaf0-49db-aa57-acca1dd387bd: receive RaftClientReply:client-0C76110B8A2B->ed5d81fa-aaf0-49db-aa57-acca1dd387bd@group-729F0664FEA8, cid=368, SUCCESS, logIndex=540, commits[ed5d81fa-aaf0-49db-aa57-acca1dd387bd:c542]
2019-09-10 22:11:48,435 [grpc-default-executor-1] INFO  client.GrpcClientProtocolClient (GrpcClientProtocolClient.java:onNext(255)) - client-0C76110B8A2B->ed5d81fa-aaf0-49db-aa57-acca1dd387bd: receive RaftClientReply:client-0C76110B8A2B->ed5d81fa-aaf0-49db-aa57-acca1dd387bd@group-729F0664FEA8, cid=369, SUCCESS, logIndex=543, commits[ed5d81fa-aaf0-49db-aa57-acca1dd387bd:c546]
2019-09-10 22:11:48,436 [grpc-default-executor-1] INFO  client.GrpcClientProtocolClient (GrpcClientProtocolClient.java:onNext(255)) - client-0C76110B8A2B->ed5d81fa-aaf0-49db-aa57-acca1dd387bd: receive RaftClientReply:client-0C76110B8A2B->ed5d81fa-aaf0-49db-aa57-acca1dd387bd@group-729F0664FEA8, cid=370, SUCCESS, logIndex=544, commits[ed5d81fa-aaf0-49db-aa57-acca1dd387bd:c547]
2019-09-10 22:11:48,436 [grpc-default-executor-1] INFO  client.GrpcClientProtocolClient (GrpcClientProtocolClient.java:onNext(255)) - client-0C76110B8A2B->ed5d81fa-aaf0-49db-aa57-acca1dd387bd: receive RaftClientReply:client-0C76110B8A2B->ed5d81fa-aaf0-49db-aa57-acca1dd387bd@group-729F0664FEA8, cid=371, SUCCESS, logIndex=545, commits[ed5d81fa-aaf0-49db-aa57-acca1dd387bd:c548]
2019-09-10 22:11:48,437 [grpc-default-executor-1] INFO  client.GrpcClientProtocolClient (GrpcClientProtocolClient.java:onNext(255)) - client-0C76110B8A2B->ed5d81fa-aaf0-49db-aa57-acca1dd387bd: receive RaftClientReply:client-0C76110B8A2B->ed5d81fa-aaf0-49db-aa57-acca1dd387bd@group-729F0664FEA8, cid=372, SUCCESS, logIndex=546, commits[ed5d81fa-aaf0-49db-aa57-acca1dd387bd:c548]
2019-09-10 22:11:48,457 [grpc-default-executor-1] INFO  client.GrpcClientProtocolClient (GrpcClientProtocolClient.java:onNext(255)) - client-0C76110B8A2B->ed5d81fa-aaf0-49db-aa57-acca1dd387bd: receive RaftClientReply:client-0C76110B8A2B->ed5d81fa-aaf0-49db-aa57-acca1dd387bd@group-729F0664FEA8, cid=373, SUCCESS, logIndex=549, commits[ed5d81fa-aaf0-49db-aa57-acca1dd387bd:c552]
2019-09-10 22:11:48,458 [grpc-default-executor-1] INFO  client.GrpcClientProtocolClient (GrpcClientProtocolClient.java:onNext(255)) - client-0C76110B8A2B->ed5d81fa-aaf0-49db-aa57-acca1dd387bd: receive RaftClientReply:client-0C76110B8A2B->ed5d81fa-aaf0-49db-aa57-acca1dd387bd@group-729F0664FEA8, cid=374, SUCCESS, logIndex=550, commits[ed5d81fa-aaf0-49db-aa57-acca1dd387bd:c553]
2019-09-10 22:11:48,458 [grpc-default-executor-1] INFO  client.GrpcClientProtocolClient (GrpcClientProtocolClient.java:onNext(255)) - client-0C76110B8A2B->ed5d81fa-aaf0-49db-aa57-acca1dd387bd: receive RaftClientReply:client-0C76110B8A2B->ed5d81fa-aaf0-49db-aa57-acca1dd387bd@group-729F0664FEA8, cid=375, SUCCESS, logIndex=551, commits[ed5d81fa-aaf0-49db-aa57-acca1dd387bd:c554]
2019-09-10 22:11:48,459 [grpc-default-executor-1] INFO  client.GrpcClientProtocolClient (GrpcClientProtocolClient.java:onNext(255)) - client-0C76110B8A2B->ed5d81fa-aaf0-49db-aa57-acca1dd387bd: receive RaftClientReply:client-0C76110B8A2B->ed5d81fa-aaf0-49db-aa57-acca1dd387bd@group-729F0664FEA8, cid=376, SUCCESS, logIndex=552, commits[ed5d81fa-aaf0-49db-aa57-acca1dd387bd:c554]
2019-09-10 22:11:48,488 [grpc-default-executor-1] INFO  client.GrpcClientProtocolClient (GrpcClientProtocolClient.java:onNext(255)) - client-0C76110B8A2B->ed5d81fa-aaf0-49db-aa57-acca1dd387bd: receive RaftClientReply:client-0C76110B8A2B->ed5d81fa-aaf0-49db-aa57-acca1dd387bd@group-729F0664FEA8, cid=377, SUCCESS, logIndex=555, commits[ed5d81fa-aaf0-49db-aa57-acca1dd387bd:c558]
2019-09-10 22:11:48,489 [grpc-default-executor-1] INFO  client.GrpcClientProtocolClient (GrpcClientProtocolClient.java:onNext(255)) - client-0C76110B8A2B->ed5d81fa-aaf0-49db-aa57-acca1dd387bd: receive RaftClientReply:client-0C76110B8A2B->ed5d81fa-aaf0-49db-aa57-acca1dd387bd@group-729F0664FEA8, cid=378, SUCCESS, logIndex=556, commits[ed5d81fa-aaf0-49db-aa57-acca1dd387bd:c559]
2019-09-10 22:11:48,489 [grpc-default-executor-1] INFO  client.GrpcClientProtocolClient (GrpcClientProtocolClient.java:onNext(255)) - client-0C76110B8A2B->ed5d81fa-aaf0-49db-aa57-acca1dd387bd: receive RaftClientReply:client-0C76110B8A2B->ed5d81fa-aaf0-49db-aa57-acca1dd387bd@group-729F0664FEA8, cid=379, SUCCESS, logIndex=557, commits[ed5d81fa-aaf0-49db-aa57-acca1dd387bd:c559]
2019-09-10 22:11:48,489 [grpc-default-executor-1] INFO  client.GrpcClientProtocolClient (GrpcClientProtocolClient.java:onNext(255)) - client-0C76110B8A2B->ed5d81fa-aaf0-49db-aa57-acca1dd387bd: receive RaftClientReply:client-0C76110B8A2B->ed5d81fa-aaf0-49db-aa57-acca1dd387bd@group-729F0664FEA8, cid=380, SUCCESS, logIndex=558, commits[ed5d81fa-aaf0-49db-aa57-acca1dd387bd:c559]
2019-09-10 22:11:48,502 [SCMBlockDeletingService#1] DEBUG block.SCMBlockDeletingService (SCMBlockDeletingService.java:call(138)) - Running DeletedBlockTransactionScanner
2019-09-10 22:11:48,502 [SCMBlockDeletingService#1] DEBUG block.SCMBlockDeletingService (SCMBlockDeletingService.java:call(155)) - Scanned deleted blocks log and got 0 delTX to process.
2019-09-10 22:11:48,509 [grpc-default-executor-0] INFO  client.GrpcClientProtocolClient (GrpcClientProtocolClient.java:onNext(255)) - client-0C76110B8A2B->ed5d81fa-aaf0-49db-aa57-acca1dd387bd: receive RaftClientReply:client-0C76110B8A2B->ed5d81fa-aaf0-49db-aa57-acca1dd387bd@group-729F0664FEA8, cid=381, SUCCESS, logIndex=560, commits[ed5d81fa-aaf0-49db-aa57-acca1dd387bd:c561]
2019-09-10 22:11:48,510 [grpc-default-executor-0] INFO  client.GrpcClientProtocolClient (GrpcClientProtocolClient.java:onNext(255)) - client-0C76110B8A2B->ed5d81fa-aaf0-49db-aa57-acca1dd387bd: receive RaftClientReply:client-0C76110B8A2B->ed5d81fa-aaf0-49db-aa57-acca1dd387bd@group-729F0664FEA8, cid=382, SUCCESS, logIndex=561, commits[ed5d81fa-aaf0-49db-aa57-acca1dd387bd:c563]
2019-09-10 22:11:48,510 [grpc-default-executor-0] INFO  client.GrpcClientProtocolClient (GrpcClientProtocolClient.java:onNext(255)) - client-0C76110B8A2B->ed5d81fa-aaf0-49db-aa57-acca1dd387bd: receive RaftClientReply:client-0C76110B8A2B->ed5d81fa-aaf0-49db-aa57-acca1dd387bd@group-729F0664FEA8, cid=383, SUCCESS, logIndex=562, commits[ed5d81fa-aaf0-49db-aa57-acca1dd387bd:c564]
2019-09-10 22:11:48,510 [grpc-default-executor-0] INFO  client.GrpcClientProtocolClient (GrpcClientProtocolClient.java:onNext(255)) - client-0C76110B8A2B->ed5d81fa-aaf0-49db-aa57-acca1dd387bd: receive RaftClientReply:client-0C76110B8A2B->ed5d81fa-aaf0-49db-aa57-acca1dd387bd@group-729F0664FEA8, cid=384, SUCCESS, logIndex=563, commits[ed5d81fa-aaf0-49db-aa57-acca1dd387bd:c565]
2019-09-10 22:11:48,536 [grpc-default-executor-1] INFO  client.GrpcClientProtocolClient (GrpcClientProtocolClient.java:onNext(255)) - client-0C76110B8A2B->ed5d81fa-aaf0-49db-aa57-acca1dd387bd: receive RaftClientReply:client-0C76110B8A2B->ed5d81fa-aaf0-49db-aa57-acca1dd387bd@group-729F0664FEA8, cid=385, SUCCESS, logIndex=566, commits[ed5d81fa-aaf0-49db-aa57-acca1dd387bd:c567]
2019-09-10 22:11:48,537 [grpc-default-executor-1] INFO  client.GrpcClientProtocolClient (GrpcClientProtocolClient.java:onNext(255)) - client-0C76110B8A2B->ed5d81fa-aaf0-49db-aa57-acca1dd387bd: receive RaftClientReply:client-0C76110B8A2B->ed5d81fa-aaf0-49db-aa57-acca1dd387bd@group-729F0664FEA8, cid=386, SUCCESS, logIndex=567, commits[ed5d81fa-aaf0-49db-aa57-acca1dd387bd:c569]
2019-09-10 22:11:48,538 [grpc-default-executor-1] INFO  client.GrpcClientProtocolClient (GrpcClientProtocolClient.java:onNext(255)) - client-0C76110B8A2B->ed5d81fa-aaf0-49db-aa57-acca1dd387bd: receive RaftClientReply:client-0C76110B8A2B->ed5d81fa-aaf0-49db-aa57-acca1dd387bd@group-729F0664FEA8, cid=387, SUCCESS, logIndex=568, commits[ed5d81fa-aaf0-49db-aa57-acca1dd387bd:c570]
2019-09-10 22:11:48,538 [grpc-default-executor-1] INFO  client.GrpcClientProtocolClient (GrpcClientProtocolClient.java:onNext(255)) - client-0C76110B8A2B->ed5d81fa-aaf0-49db-aa57-acca1dd387bd: receive RaftClientReply:client-0C76110B8A2B->ed5d81fa-aaf0-49db-aa57-acca1dd387bd@group-729F0664FEA8, cid=388, SUCCESS, logIndex=569, commits[ed5d81fa-aaf0-49db-aa57-acca1dd387bd:c571]
2019-09-10 22:11:48,557 [grpc-default-executor-1] INFO  client.GrpcClientProtocolClient (GrpcClientProtocolClient.java:onNext(255)) - client-0C76110B8A2B->ed5d81fa-aaf0-49db-aa57-acca1dd387bd: receive RaftClientReply:client-0C76110B8A2B->ed5d81fa-aaf0-49db-aa57-acca1dd387bd@group-729F0664FEA8, cid=389, SUCCESS, logIndex=572, commits[ed5d81fa-aaf0-49db-aa57-acca1dd387bd:c575]
2019-09-10 22:11:48,558 [grpc-default-executor-1] INFO  client.GrpcClientProtocolClient (GrpcClientProtocolClient.java:onNext(255)) - client-0C76110B8A2B->ed5d81fa-aaf0-49db-aa57-acca1dd387bd: receive RaftClientReply:client-0C76110B8A2B->ed5d81fa-aaf0-49db-aa57-acca1dd387bd@group-729F0664FEA8, cid=390, SUCCESS, logIndex=573, commits[ed5d81fa-aaf0-49db-aa57-acca1dd387bd:c576]
2019-09-10 22:11:48,558 [grpc-default-executor-1] INFO  client.GrpcClientProtocolClient (GrpcClientProtocolClient.java:onNext(255)) - client-0C76110B8A2B->ed5d81fa-aaf0-49db-aa57-acca1dd387bd: receive RaftClientReply:client-0C76110B8A2B->ed5d81fa-aaf0-49db-aa57-acca1dd387bd@group-729F0664FEA8, cid=391, SUCCESS, logIndex=574, commits[ed5d81fa-aaf0-49db-aa57-acca1dd387bd:c576]
2019-09-10 22:11:48,559 [grpc-default-executor-1] INFO  client.GrpcClientProtocolClient (GrpcClientProtocolClient.java:onNext(255)) - client-0C76110B8A2B->ed5d81fa-aaf0-49db-aa57-acca1dd387bd: receive RaftClientReply:client-0C76110B8A2B->ed5d81fa-aaf0-49db-aa57-acca1dd387bd@group-729F0664FEA8, cid=392, SUCCESS, logIndex=575, commits[ed5d81fa-aaf0-49db-aa57-acca1dd387bd:c577]
2019-09-10 22:11:48,584 [grpc-default-executor-0] INFO  client.GrpcClientProtocolClient (GrpcClientProtocolClient.java:onNext(255)) - client-0C76110B8A2B->ed5d81fa-aaf0-49db-aa57-acca1dd387bd: receive RaftClientReply:client-0C76110B8A2B->ed5d81fa-aaf0-49db-aa57-acca1dd387bd@group-729F0664FEA8, cid=393, SUCCESS, logIndex=578, commits[ed5d81fa-aaf0-49db-aa57-acca1dd387bd:c579]
2019-09-10 22:11:48,585 [grpc-default-executor-0] INFO  client.GrpcClientProtocolClient (GrpcClientProtocolClient.java:onNext(255)) - client-0C76110B8A2B->ed5d81fa-aaf0-49db-aa57-acca1dd387bd: receive RaftClientReply:client-0C76110B8A2B->ed5d81fa-aaf0-49db-aa57-acca1dd387bd@group-729F0664FEA8, cid=394, SUCCESS, logIndex=579, commits[ed5d81fa-aaf0-49db-aa57-acca1dd387bd:c581]
2019-09-10 22:11:48,586 [grpc-default-executor-0] INFO  client.GrpcClientProtocolClient (GrpcClientProtocolClient.java:onNext(255)) - client-0C76110B8A2B->ed5d81fa-aaf0-49db-aa57-acca1dd387bd: receive RaftClientReply:client-0C76110B8A2B->ed5d81fa-aaf0-49db-aa57-acca1dd387bd@group-729F0664FEA8, cid=395, SUCCESS, logIndex=580, commits[ed5d81fa-aaf0-49db-aa57-acca1dd387bd:c581]
2019-09-10 22:11:48,586 [grpc-default-executor-0] INFO  client.GrpcClientProtocolClient (GrpcClientProtocolClient.java:onNext(255)) - client-0C76110B8A2B->ed5d81fa-aaf0-49db-aa57-acca1dd387bd: receive RaftClientReply:client-0C76110B8A2B->ed5d81fa-aaf0-49db-aa57-acca1dd387bd@group-729F0664FEA8, cid=396, SUCCESS, logIndex=581, commits[ed5d81fa-aaf0-49db-aa57-acca1dd387bd:c582]
2019-09-10 22:11:48,603 [SCMBlockDeletingService#1] DEBUG block.SCMBlockDeletingService (SCMBlockDeletingService.java:call(138)) - Running DeletedBlockTransactionScanner
2019-09-10 22:11:48,603 [SCMBlockDeletingService#1] DEBUG block.SCMBlockDeletingService (SCMBlockDeletingService.java:call(155)) - Scanned deleted blocks log and got 0 delTX to process.
2019-09-10 22:11:48,692 [grpc-default-executor-1] INFO  client.GrpcClientProtocolClient (GrpcClientProtocolClient.java:onNext(255)) - client-0C76110B8A2B->ed5d81fa-aaf0-49db-aa57-acca1dd387bd: receive RaftClientReply:client-0C76110B8A2B->ed5d81fa-aaf0-49db-aa57-acca1dd387bd@group-729F0664FEA8, cid=397, SUCCESS, logIndex=584, commits[ed5d81fa-aaf0-49db-aa57-acca1dd387bd:c585]
2019-09-10 22:11:48,692 [grpc-default-executor-1] INFO  client.GrpcClientProtocolClient (GrpcClientProtocolClient.java:onNext(255)) - client-0C76110B8A2B->ed5d81fa-aaf0-49db-aa57-acca1dd387bd: receive RaftClientReply:client-0C76110B8A2B->ed5d81fa-aaf0-49db-aa57-acca1dd387bd@group-729F0664FEA8, cid=398, SUCCESS, logIndex=585, commits[ed5d81fa-aaf0-49db-aa57-acca1dd387bd:c587]
2019-09-10 22:11:48,693 [grpc-default-executor-1] INFO  client.GrpcClientProtocolClient (GrpcClientProtocolClient.java:onNext(255)) - client-0C76110B8A2B->ed5d81fa-aaf0-49db-aa57-acca1dd387bd: receive RaftClientReply:client-0C76110B8A2B->ed5d81fa-aaf0-49db-aa57-acca1dd387bd@group-729F0664FEA8, cid=399, SUCCESS, logIndex=586, commits[ed5d81fa-aaf0-49db-aa57-acca1dd387bd:c588]
2019-09-10 22:11:48,693 [grpc-default-executor-1] INFO  client.GrpcClientProtocolClient (GrpcClientProtocolClient.java:onNext(255)) - client-0C76110B8A2B->ed5d81fa-aaf0-49db-aa57-acca1dd387bd: receive RaftClientReply:client-0C76110B8A2B->ed5d81fa-aaf0-49db-aa57-acca1dd387bd@group-729F0664FEA8, cid=400, SUCCESS, logIndex=587, commits[ed5d81fa-aaf0-49db-aa57-acca1dd387bd:c588]
2019-09-10 22:11:48,703 [SCMBlockDeletingService#1] DEBUG block.SCMBlockDeletingService (SCMBlockDeletingService.java:call(138)) - Running DeletedBlockTransactionScanner
2019-09-10 22:11:48,704 [SCMBlockDeletingService#1] DEBUG block.SCMBlockDeletingService (SCMBlockDeletingService.java:call(155)) - Scanned deleted blocks log and got 0 delTX to process.
2019-09-10 22:11:48,721 [grpc-default-executor-0] INFO  client.GrpcClientProtocolClient (GrpcClientProtocolClient.java:onNext(255)) - client-0C76110B8A2B->ed5d81fa-aaf0-49db-aa57-acca1dd387bd: receive RaftClientReply:client-0C76110B8A2B->ed5d81fa-aaf0-49db-aa57-acca1dd387bd@group-729F0664FEA8, cid=401, SUCCESS, logIndex=590, commits[ed5d81fa-aaf0-49db-aa57-acca1dd387bd:c591]
2019-09-10 22:11:48,721 [grpc-default-executor-0] INFO  client.GrpcClientProtocolClient (GrpcClientProtocolClient.java:onNext(255)) - client-0C76110B8A2B->ed5d81fa-aaf0-49db-aa57-acca1dd387bd: receive RaftClientReply:client-0C76110B8A2B->ed5d81fa-aaf0-49db-aa57-acca1dd387bd@group-729F0664FEA8, cid=402, SUCCESS, logIndex=591, commits[ed5d81fa-aaf0-49db-aa57-acca1dd387bd:c594]
2019-09-10 22:11:48,722 [grpc-default-executor-0] INFO  client.GrpcClientProtocolClient (GrpcClientProtocolClient.java:onNext(255)) - client-0C76110B8A2B->ed5d81fa-aaf0-49db-aa57-acca1dd387bd: receive RaftClientReply:client-0C76110B8A2B->ed5d81fa-aaf0-49db-aa57-acca1dd387bd@group-729F0664FEA8, cid=403, SUCCESS, logIndex=592, commits[ed5d81fa-aaf0-49db-aa57-acca1dd387bd:c594]
2019-09-10 22:11:48,722 [grpc-default-executor-0] INFO  client.GrpcClientProtocolClient (GrpcClientProtocolClient.java:onNext(255)) - client-0C76110B8A2B->ed5d81fa-aaf0-49db-aa57-acca1dd387bd: receive RaftClientReply:client-0C76110B8A2B->ed5d81fa-aaf0-49db-aa57-acca1dd387bd@group-729F0664FEA8, cid=404, SUCCESS, logIndex=593, commits[ed5d81fa-aaf0-49db-aa57-acca1dd387bd:c595]
2019-09-10 22:11:48,905 [SCMBlockDeletingService#1] DEBUG block.SCMBlockDeletingService (SCMBlockDeletingService.java:call(138)) - Running DeletedBlockTransactionScanner
2019-09-10 22:11:48,905 [SCMBlockDeletingService#1] DEBUG block.SCMBlockDeletingService (SCMBlockDeletingService.java:call(155)) - Scanned deleted blocks log and got 0 delTX to process.
2019-09-10 22:11:48,917 [grpc-default-executor-1] INFO  client.GrpcClientProtocolClient (GrpcClientProtocolClient.java:onNext(255)) - client-0C76110B8A2B->ed5d81fa-aaf0-49db-aa57-acca1dd387bd: receive RaftClientReply:client-0C76110B8A2B->ed5d81fa-aaf0-49db-aa57-acca1dd387bd@group-729F0664FEA8, cid=405, SUCCESS, logIndex=596, commits[ed5d81fa-aaf0-49db-aa57-acca1dd387bd:c599]
2019-09-10 22:11:48,918 [grpc-default-executor-1] INFO  client.GrpcClientProtocolClient (GrpcClientProtocolClient.java:onNext(255)) - client-0C76110B8A2B->ed5d81fa-aaf0-49db-aa57-acca1dd387bd: receive RaftClientReply:client-0C76110B8A2B->ed5d81fa-aaf0-49db-aa57-acca1dd387bd@group-729F0664FEA8, cid=406, SUCCESS, logIndex=597, commits[ed5d81fa-aaf0-49db-aa57-acca1dd387bd:c600]
2019-09-10 22:11:48,919 [grpc-default-executor-1] INFO  client.GrpcClientProtocolClient (GrpcClientProtocolClient.java:onNext(255)) - client-0C76110B8A2B->ed5d81fa-aaf0-49db-aa57-acca1dd387bd: receive RaftClientReply:client-0C76110B8A2B->ed5d81fa-aaf0-49db-aa57-acca1dd387bd@group-729F0664FEA8, cid=407, SUCCESS, logIndex=598, commits[ed5d81fa-aaf0-49db-aa57-acca1dd387bd:c600]
2019-09-10 22:11:48,919 [grpc-default-executor-1] INFO  client.GrpcClientProtocolClient (GrpcClientProtocolClient.java:onNext(255)) - client-0C76110B8A2B->ed5d81fa-aaf0-49db-aa57-acca1dd387bd: receive RaftClientReply:client-0C76110B8A2B->ed5d81fa-aaf0-49db-aa57-acca1dd387bd@group-729F0664FEA8, cid=408, SUCCESS, logIndex=599, commits[ed5d81fa-aaf0-49db-aa57-acca1dd387bd:c601]
2019-09-10 22:11:48,948 [grpc-default-executor-0] INFO  client.GrpcClientProtocolClient (GrpcClientProtocolClient.java:onNext(255)) - client-0C76110B8A2B->ed5d81fa-aaf0-49db-aa57-acca1dd387bd: receive RaftClientReply:client-0C76110B8A2B->ed5d81fa-aaf0-49db-aa57-acca1dd387bd@group-729F0664FEA8, cid=409, SUCCESS, logIndex=602, commits[ed5d81fa-aaf0-49db-aa57-acca1dd387bd:c603]
2019-09-10 22:11:48,949 [grpc-default-executor-0] INFO  client.GrpcClientProtocolClient (GrpcClientProtocolClient.java:onNext(255)) - client-0C76110B8A2B->ed5d81fa-aaf0-49db-aa57-acca1dd387bd: receive RaftClientReply:client-0C76110B8A2B->ed5d81fa-aaf0-49db-aa57-acca1dd387bd@group-729F0664FEA8, cid=410, SUCCESS, logIndex=603, commits[ed5d81fa-aaf0-49db-aa57-acca1dd387bd:c605]
2019-09-10 22:11:48,949 [grpc-default-executor-0] INFO  client.GrpcClientProtocolClient (GrpcClientProtocolClient.java:onNext(255)) - client-0C76110B8A2B->ed5d81fa-aaf0-49db-aa57-acca1dd387bd: receive RaftClientReply:client-0C76110B8A2B->ed5d81fa-aaf0-49db-aa57-acca1dd387bd@group-729F0664FEA8, cid=411, SUCCESS, logIndex=604, commits[ed5d81fa-aaf0-49db-aa57-acca1dd387bd:c606]
2019-09-10 22:11:48,950 [grpc-default-executor-0] INFO  client.GrpcClientProtocolClient (GrpcClientProtocolClient.java:onNext(255)) - client-0C76110B8A2B->ed5d81fa-aaf0-49db-aa57-acca1dd387bd: receive RaftClientReply:client-0C76110B8A2B->ed5d81fa-aaf0-49db-aa57-acca1dd387bd@group-729F0664FEA8, cid=412, SUCCESS, logIndex=605, commits[ed5d81fa-aaf0-49db-aa57-acca1dd387bd:c607]
2019-09-10 22:11:48,975 [grpc-default-executor-1] INFO  client.GrpcClientProtocolClient (GrpcClientProtocolClient.java:onNext(255)) - client-0C76110B8A2B->ed5d81fa-aaf0-49db-aa57-acca1dd387bd: receive RaftClientReply:client-0C76110B8A2B->ed5d81fa-aaf0-49db-aa57-acca1dd387bd@group-729F0664FEA8, cid=413, SUCCESS, logIndex=608, commits[ed5d81fa-aaf0-49db-aa57-acca1dd387bd:c609]
2019-09-10 22:11:48,976 [grpc-default-executor-1] INFO  client.GrpcClientProtocolClient (GrpcClientProtocolClient.java:onNext(255)) - client-0C76110B8A2B->ed5d81fa-aaf0-49db-aa57-acca1dd387bd: receive RaftClientReply:client-0C76110B8A2B->ed5d81fa-aaf0-49db-aa57-acca1dd387bd@group-729F0664FEA8, cid=414, SUCCESS, logIndex=609, commits[ed5d81fa-aaf0-49db-aa57-acca1dd387bd:c611]
2019-09-10 22:11:48,976 [grpc-default-executor-1] INFO  client.GrpcClientProtocolClient (GrpcClientProtocolClient.java:onNext(255)) - client-0C76110B8A2B->ed5d81fa-aaf0-49db-aa57-acca1dd387bd: receive RaftClientReply:client-0C76110B8A2B->ed5d81fa-aaf0-49db-aa57-acca1dd387bd@group-729F0664FEA8, cid=415, SUCCESS, logIndex=610, commits[ed5d81fa-aaf0-49db-aa57-acca1dd387bd:c612]
2019-09-10 22:11:48,977 [grpc-default-executor-1] INFO  client.GrpcClientProtocolClient (GrpcClientProtocolClient.java:onNext(255)) - client-0C76110B8A2B->ed5d81fa-aaf0-49db-aa57-acca1dd387bd: receive RaftClientReply:client-0C76110B8A2B->ed5d81fa-aaf0-49db-aa57-acca1dd387bd@group-729F0664FEA8, cid=416, SUCCESS, logIndex=611, commits[ed5d81fa-aaf0-49db-aa57-acca1dd387bd:c612]
2019-09-10 22:11:49,003 [grpc-default-executor-1] INFO  client.GrpcClientProtocolClient (GrpcClientProtocolClient.java:onNext(255)) - client-0C76110B8A2B->ed5d81fa-aaf0-49db-aa57-acca1dd387bd: receive RaftClientReply:client-0C76110B8A2B->ed5d81fa-aaf0-49db-aa57-acca1dd387bd@group-729F0664FEA8, cid=417, SUCCESS, logIndex=614, commits[ed5d81fa-aaf0-49db-aa57-acca1dd387bd:c615]
2019-09-10 22:11:49,004 [grpc-default-executor-1] INFO  client.GrpcClientProtocolClient (GrpcClientProtocolClient.java:onNext(255)) - client-0C76110B8A2B->ed5d81fa-aaf0-49db-aa57-acca1dd387bd: receive RaftClientReply:client-0C76110B8A2B->ed5d81fa-aaf0-49db-aa57-acca1dd387bd@group-729F0664FEA8, cid=418, SUCCESS, logIndex=615, commits[ed5d81fa-aaf0-49db-aa57-acca1dd387bd:c617]
2019-09-10 22:11:49,004 [grpc-default-executor-1] INFO  client.GrpcClientProtocolClient (GrpcClientProtocolClient.java:onNext(255)) - client-0C76110B8A2B->ed5d81fa-aaf0-49db-aa57-acca1dd387bd: receive RaftClientReply:client-0C76110B8A2B->ed5d81fa-aaf0-49db-aa57-acca1dd387bd@group-729F0664FEA8, cid=419, SUCCESS, logIndex=616, commits[ed5d81fa-aaf0-49db-aa57-acca1dd387bd:c618]
2019-09-10 22:11:49,004 [grpc-default-executor-1] INFO  client.GrpcClientProtocolClient (GrpcClientProtocolClient.java:onNext(255)) - client-0C76110B8A2B->ed5d81fa-aaf0-49db-aa57-acca1dd387bd: receive RaftClientReply:client-0C76110B8A2B->ed5d81fa-aaf0-49db-aa57-acca1dd387bd@group-729F0664FEA8, cid=420, SUCCESS, logIndex=617, commits[ed5d81fa-aaf0-49db-aa57-acca1dd387bd:c619]
2019-09-10 22:11:49,005 [SCMBlockDeletingService#1] DEBUG block.SCMBlockDeletingService (SCMBlockDeletingService.java:call(138)) - Running DeletedBlockTransactionScanner
2019-09-10 22:11:49,006 [SCMBlockDeletingService#1] DEBUG block.SCMBlockDeletingService (SCMBlockDeletingService.java:call(155)) - Scanned deleted blocks log and got 0 delTX to process.
2019-09-10 22:11:49,023 [grpc-default-executor-0] INFO  client.GrpcClientProtocolClient (GrpcClientProtocolClient.java:onNext(255)) - client-0C76110B8A2B->ed5d81fa-aaf0-49db-aa57-acca1dd387bd: receive RaftClientReply:client-0C76110B8A2B->ed5d81fa-aaf0-49db-aa57-acca1dd387bd@group-729F0664FEA8, cid=421, SUCCESS, logIndex=620, commits[ed5d81fa-aaf0-49db-aa57-acca1dd387bd:c621]
2019-09-10 22:11:49,024 [grpc-default-executor-0] INFO  client.GrpcClientProtocolClient (GrpcClientProtocolClient.java:onNext(255)) - client-0C76110B8A2B->ed5d81fa-aaf0-49db-aa57-acca1dd387bd: receive RaftClientReply:client-0C76110B8A2B->ed5d81fa-aaf0-49db-aa57-acca1dd387bd@group-729F0664FEA8, cid=422, SUCCESS, logIndex=621, commits[ed5d81fa-aaf0-49db-aa57-acca1dd387bd:c623]
2019-09-10 22:11:49,024 [grpc-default-executor-0] INFO  client.GrpcClientProtocolClient (GrpcClientProtocolClient.java:onNext(255)) - client-0C76110B8A2B->ed5d81fa-aaf0-49db-aa57-acca1dd387bd: receive RaftClientReply:client-0C76110B8A2B->ed5d81fa-aaf0-49db-aa57-acca1dd387bd@group-729F0664FEA8, cid=423, SUCCESS, logIndex=622, commits[ed5d81fa-aaf0-49db-aa57-acca1dd387bd:c624]
2019-09-10 22:11:49,025 [grpc-default-executor-0] INFO  client.GrpcClientProtocolClient (GrpcClientProtocolClient.java:onNext(255)) - client-0C76110B8A2B->ed5d81fa-aaf0-49db-aa57-acca1dd387bd: receive RaftClientReply:client-0C76110B8A2B->ed5d81fa-aaf0-49db-aa57-acca1dd387bd@group-729F0664FEA8, cid=424, SUCCESS, logIndex=623, commits[ed5d81fa-aaf0-49db-aa57-acca1dd387bd:c625]
2019-09-10 22:11:49,052 [grpc-default-executor-1] INFO  client.GrpcClientProtocolClient (GrpcClientProtocolClient.java:onNext(255)) - client-0C76110B8A2B->ed5d81fa-aaf0-49db-aa57-acca1dd387bd: receive RaftClientReply:client-0C76110B8A2B->ed5d81fa-aaf0-49db-aa57-acca1dd387bd@group-729F0664FEA8, cid=425, SUCCESS, logIndex=626, commits[ed5d81fa-aaf0-49db-aa57-acca1dd387bd:c627]
2019-09-10 22:11:49,053 [grpc-default-executor-1] INFO  client.GrpcClientProtocolClient (GrpcClientProtocolClient.java:onNext(255)) - client-0C76110B8A2B->ed5d81fa-aaf0-49db-aa57-acca1dd387bd: receive RaftClientReply:client-0C76110B8A2B->ed5d81fa-aaf0-49db-aa57-acca1dd387bd@group-729F0664FEA8, cid=426, SUCCESS, logIndex=627, commits[ed5d81fa-aaf0-49db-aa57-acca1dd387bd:c629]
2019-09-10 22:11:49,053 [grpc-default-executor-1] INFO  client.GrpcClientProtocolClient (GrpcClientProtocolClient.java:onNext(255)) - client-0C76110B8A2B->ed5d81fa-aaf0-49db-aa57-acca1dd387bd: receive RaftClientReply:client-0C76110B8A2B->ed5d81fa-aaf0-49db-aa57-acca1dd387bd@group-729F0664FEA8, cid=427, SUCCESS, logIndex=628, commits[ed5d81fa-aaf0-49db-aa57-acca1dd387bd:c630]
2019-09-10 22:11:49,054 [grpc-default-executor-1] INFO  client.GrpcClientProtocolClient (GrpcClientProtocolClient.java:onNext(255)) - client-0C76110B8A2B->ed5d81fa-aaf0-49db-aa57-acca1dd387bd: receive RaftClientReply:client-0C76110B8A2B->ed5d81fa-aaf0-49db-aa57-acca1dd387bd@group-729F0664FEA8, cid=428, SUCCESS, logIndex=629, commits[ed5d81fa-aaf0-49db-aa57-acca1dd387bd:c631]
2019-09-10 22:11:49,073 [grpc-default-executor-0] INFO  client.GrpcClientProtocolClient (GrpcClientProtocolClient.java:onNext(255)) - client-0C76110B8A2B->ed5d81fa-aaf0-49db-aa57-acca1dd387bd: receive RaftClientReply:client-0C76110B8A2B->ed5d81fa-aaf0-49db-aa57-acca1dd387bd@group-729F0664FEA8, cid=429, SUCCESS, logIndex=632, commits[ed5d81fa-aaf0-49db-aa57-acca1dd387bd:c633]
2019-09-10 22:11:49,074 [grpc-default-executor-0] INFO  client.GrpcClientProtocolClient (GrpcClientProtocolClient.java:onNext(255)) - client-0C76110B8A2B->ed5d81fa-aaf0-49db-aa57-acca1dd387bd: receive RaftClientReply:client-0C76110B8A2B->ed5d81fa-aaf0-49db-aa57-acca1dd387bd@group-729F0664FEA8, cid=430, SUCCESS, logIndex=633, commits[ed5d81fa-aaf0-49db-aa57-acca1dd387bd:c635]
2019-09-10 22:11:49,074 [grpc-default-executor-0] INFO  client.GrpcClientProtocolClient (GrpcClientProtocolClient.java:onNext(255)) - client-0C76110B8A2B->ed5d81fa-aaf0-49db-aa57-acca1dd387bd: receive RaftClientReply:client-0C76110B8A2B->ed5d81fa-aaf0-49db-aa57-acca1dd387bd@group-729F0664FEA8, cid=431, SUCCESS, logIndex=634, commits[ed5d81fa-aaf0-49db-aa57-acca1dd387bd:c636]
2019-09-10 22:11:49,075 [grpc-default-executor-0] INFO  client.GrpcClientProtocolClient (GrpcClientProtocolClient.java:onNext(255)) - client-0C76110B8A2B->ed5d81fa-aaf0-49db-aa57-acca1dd387bd: receive RaftClientReply:client-0C76110B8A2B->ed5d81fa-aaf0-49db-aa57-acca1dd387bd@group-729F0664FEA8, cid=432, SUCCESS, logIndex=635, commits[ed5d81fa-aaf0-49db-aa57-acca1dd387bd:c637]
2019-09-10 22:11:49,100 [grpc-default-executor-0] INFO  client.GrpcClientProtocolClient (GrpcClientProtocolClient.java:onNext(255)) - client-0C76110B8A2B->ed5d81fa-aaf0-49db-aa57-acca1dd387bd: receive RaftClientReply:client-0C76110B8A2B->ed5d81fa-aaf0-49db-aa57-acca1dd387bd@group-729F0664FEA8, cid=433, SUCCESS, logIndex=638, commits[ed5d81fa-aaf0-49db-aa57-acca1dd387bd:c639]
2019-09-10 22:11:49,100 [grpc-default-executor-0] INFO  client.GrpcClientProtocolClient (GrpcClientProtocolClient.java:onNext(255)) - client-0C76110B8A2B->ed5d81fa-aaf0-49db-aa57-acca1dd387bd: receive RaftClientReply:client-0C76110B8A2B->ed5d81fa-aaf0-49db-aa57-acca1dd387bd@group-729F0664FEA8, cid=434, SUCCESS, logIndex=639, commits[ed5d81fa-aaf0-49db-aa57-acca1dd387bd:c642]
2019-09-10 22:11:49,101 [grpc-default-executor-0] INFO  client.GrpcClientProtocolClient (GrpcClientProtocolClient.java:onNext(255)) - client-0C76110B8A2B->ed5d81fa-aaf0-49db-aa57-acca1dd387bd: receive RaftClientReply:client-0C76110B8A2B->ed5d81fa-aaf0-49db-aa57-acca1dd387bd@group-729F0664FEA8, cid=435, SUCCESS, logIndex=640, commits[ed5d81fa-aaf0-49db-aa57-acca1dd387bd:c643]
2019-09-10 22:11:49,101 [grpc-default-executor-0] INFO  client.GrpcClientProtocolClient (GrpcClientProtocolClient.java:onNext(255)) - client-0C76110B8A2B->ed5d81fa-aaf0-49db-aa57-acca1dd387bd: receive RaftClientReply:client-0C76110B8A2B->ed5d81fa-aaf0-49db-aa57-acca1dd387bd@group-729F0664FEA8, cid=436, SUCCESS, logIndex=641, commits[ed5d81fa-aaf0-49db-aa57-acca1dd387bd:c643]
2019-09-10 22:11:49,106 [SCMBlockDeletingService#1] DEBUG block.SCMBlockDeletingService (SCMBlockDeletingService.java:call(138)) - Running DeletedBlockTransactionScanner
2019-09-10 22:11:49,106 [SCMBlockDeletingService#1] DEBUG block.SCMBlockDeletingService (SCMBlockDeletingService.java:call(155)) - Scanned deleted blocks log and got 0 delTX to process.
2019-09-10 22:11:49,120 [grpc-default-executor-0] INFO  client.GrpcClientProtocolClient (GrpcClientProtocolClient.java:onNext(255)) - client-0C76110B8A2B->ed5d81fa-aaf0-49db-aa57-acca1dd387bd: receive RaftClientReply:client-0C76110B8A2B->ed5d81fa-aaf0-49db-aa57-acca1dd387bd@group-729F0664FEA8, cid=437, SUCCESS, logIndex=644, commits[ed5d81fa-aaf0-49db-aa57-acca1dd387bd:c645]
2019-09-10 22:11:49,121 [grpc-default-executor-0] INFO  client.GrpcClientProtocolClient (GrpcClientProtocolClient.java:onNext(255)) - client-0C76110B8A2B->ed5d81fa-aaf0-49db-aa57-acca1dd387bd: receive RaftClientReply:client-0C76110B8A2B->ed5d81fa-aaf0-49db-aa57-acca1dd387bd@group-729F0664FEA8, cid=438, SUCCESS, logIndex=645, commits[ed5d81fa-aaf0-49db-aa57-acca1dd387bd:c647]
2019-09-10 22:11:49,121 [grpc-default-executor-0] INFO  client.GrpcClientProtocolClient (GrpcClientProtocolClient.java:onNext(255)) - client-0C76110B8A2B->ed5d81fa-aaf0-49db-aa57-acca1dd387bd: receive RaftClientReply:client-0C76110B8A2B->ed5d81fa-aaf0-49db-aa57-acca1dd387bd@group-729F0664FEA8, cid=439, SUCCESS, logIndex=646, commits[ed5d81fa-aaf0-49db-aa57-acca1dd387bd:c648]
2019-09-10 22:11:49,122 [grpc-default-executor-0] INFO  client.GrpcClientProtocolClient (GrpcClientProtocolClient.java:onNext(255)) - client-0C76110B8A2B->ed5d81fa-aaf0-49db-aa57-acca1dd387bd: receive RaftClientReply:client-0C76110B8A2B->ed5d81fa-aaf0-49db-aa57-acca1dd387bd@group-729F0664FEA8, cid=440, SUCCESS, logIndex=647, commits[ed5d81fa-aaf0-49db-aa57-acca1dd387bd:c649]
2019-09-10 22:11:49,145 [grpc-default-executor-0] INFO  client.GrpcClientProtocolClient (GrpcClientProtocolClient.java:onNext(255)) - client-0C76110B8A2B->ed5d81fa-aaf0-49db-aa57-acca1dd387bd: receive RaftClientReply:client-0C76110B8A2B->ed5d81fa-aaf0-49db-aa57-acca1dd387bd@group-729F0664FEA8, cid=441, SUCCESS, logIndex=650, commits[ed5d81fa-aaf0-49db-aa57-acca1dd387bd:c651]
2019-09-10 22:11:49,146 [grpc-default-executor-0] INFO  client.GrpcClientProtocolClient (GrpcClientProtocolClient.java:onNext(255)) - client-0C76110B8A2B->ed5d81fa-aaf0-49db-aa57-acca1dd387bd: receive RaftClientReply:client-0C76110B8A2B->ed5d81fa-aaf0-49db-aa57-acca1dd387bd@group-729F0664FEA8, cid=442, SUCCESS, logIndex=651, commits[ed5d81fa-aaf0-49db-aa57-acca1dd387bd:c652]
2019-09-10 22:11:49,207 [SCMBlockDeletingService#1] DEBUG block.SCMBlockDeletingService (SCMBlockDeletingService.java:call(138)) - Running DeletedBlockTransactionScanner
2019-09-10 22:11:49,208 [SCMBlockDeletingService#1] DEBUG block.SCMBlockDeletingService (SCMBlockDeletingService.java:call(155)) - Scanned deleted blocks log and got 0 delTX to process.
2019-09-10 22:11:49,240 [grpc-default-executor-1] INFO  client.GrpcClientProtocolClient (GrpcClientProtocolClient.java:onNext(255)) - client-0C76110B8A2B->ed5d81fa-aaf0-49db-aa57-acca1dd387bd: receive RaftClientReply:client-0C76110B8A2B->ed5d81fa-aaf0-49db-aa57-acca1dd387bd@group-729F0664FEA8, cid=443, SUCCESS, logIndex=653, commits[ed5d81fa-aaf0-49db-aa57-acca1dd387bd:c654]
2019-09-10 22:11:49,241 [grpc-default-executor-1] INFO  client.GrpcClientProtocolClient (GrpcClientProtocolClient.java:onNext(255)) - client-0C76110B8A2B->ed5d81fa-aaf0-49db-aa57-acca1dd387bd: receive RaftClientReply:client-0C76110B8A2B->ed5d81fa-aaf0-49db-aa57-acca1dd387bd@group-729F0664FEA8, cid=444, SUCCESS, logIndex=654, commits[ed5d81fa-aaf0-49db-aa57-acca1dd387bd:c654]
2019-09-10 22:11:49,270 [grpc-default-executor-0] INFO  client.GrpcClientProtocolClient (GrpcClientProtocolClient.java:onNext(255)) - client-0C76110B8A2B->ed5d81fa-aaf0-49db-aa57-acca1dd387bd: receive RaftClientReply:client-0C76110B8A2B->ed5d81fa-aaf0-49db-aa57-acca1dd387bd@group-729F0664FEA8, cid=445, SUCCESS, logIndex=656, commits[ed5d81fa-aaf0-49db-aa57-acca1dd387bd:c657]
2019-09-10 22:11:49,271 [grpc-default-executor-0] INFO  client.GrpcClientProtocolClient (GrpcClientProtocolClient.java:onNext(255)) - client-0C76110B8A2B->ed5d81fa-aaf0-49db-aa57-acca1dd387bd: receive RaftClientReply:client-0C76110B8A2B->ed5d81fa-aaf0-49db-aa57-acca1dd387bd@group-729F0664FEA8, cid=446, SUCCESS, logIndex=657, commits[ed5d81fa-aaf0-49db-aa57-acca1dd387bd:c659]
2019-09-10 22:11:49,271 [grpc-default-executor-0] INFO  client.GrpcClientProtocolClient (GrpcClientProtocolClient.java:onNext(255)) - client-0C76110B8A2B->ed5d81fa-aaf0-49db-aa57-acca1dd387bd: receive RaftClientReply:client-0C76110B8A2B->ed5d81fa-aaf0-49db-aa57-acca1dd387bd@group-729F0664FEA8, cid=447, SUCCESS, logIndex=658, commits[ed5d81fa-aaf0-49db-aa57-acca1dd387bd:c661]
2019-09-10 22:11:49,272 [grpc-default-executor-0] INFO  client.GrpcClientProtocolClient (GrpcClientProtocolClient.java:onNext(255)) - client-0C76110B8A2B->ed5d81fa-aaf0-49db-aa57-acca1dd387bd: receive RaftClientReply:client-0C76110B8A2B->ed5d81fa-aaf0-49db-aa57-acca1dd387bd@group-729F0664FEA8, cid=448, SUCCESS, logIndex=659, commits[ed5d81fa-aaf0-49db-aa57-acca1dd387bd:c661]
2019-09-10 22:11:49,304 [grpc-default-executor-0] INFO  client.GrpcClientProtocolClient (GrpcClientProtocolClient.java:onNext(255)) - client-0C76110B8A2B->ed5d81fa-aaf0-49db-aa57-acca1dd387bd: receive RaftClientReply:client-0C76110B8A2B->ed5d81fa-aaf0-49db-aa57-acca1dd387bd@group-729F0664FEA8, cid=449, SUCCESS, logIndex=662, commits[ed5d81fa-aaf0-49db-aa57-acca1dd387bd:c663]
2019-09-10 22:11:49,305 [grpc-default-executor-0] INFO  client.GrpcClientProtocolClient (GrpcClientProtocolClient.java:onNext(255)) - client-0C76110B8A2B->ed5d81fa-aaf0-49db-aa57-acca1dd387bd: receive RaftClientReply:client-0C76110B8A2B->ed5d81fa-aaf0-49db-aa57-acca1dd387bd@group-729F0664FEA8, cid=450, SUCCESS, logIndex=663, commits[ed5d81fa-aaf0-49db-aa57-acca1dd387bd:c665]
2019-09-10 22:11:49,305 [grpc-default-executor-0] INFO  client.GrpcClientProtocolClient (GrpcClientProtocolClient.java:onNext(255)) - client-0C76110B8A2B->ed5d81fa-aaf0-49db-aa57-acca1dd387bd: receive RaftClientReply:client-0C76110B8A2B->ed5d81fa-aaf0-49db-aa57-acca1dd387bd@group-729F0664FEA8, cid=451, SUCCESS, logIndex=664, commits[ed5d81fa-aaf0-49db-aa57-acca1dd387bd:c665]
2019-09-10 22:11:49,305 [grpc-default-executor-0] INFO  client.GrpcClientProtocolClient (GrpcClientProtocolClient.java:onNext(255)) - client-0C76110B8A2B->ed5d81fa-aaf0-49db-aa57-acca1dd387bd: receive RaftClientReply:client-0C76110B8A2B->ed5d81fa-aaf0-49db-aa57-acca1dd387bd@group-729F0664FEA8, cid=452, SUCCESS, logIndex=665, commits[ed5d81fa-aaf0-49db-aa57-acca1dd387bd:c666]
2019-09-10 22:11:49,308 [SCMBlockDeletingService#1] DEBUG block.SCMBlockDeletingService (SCMBlockDeletingService.java:call(138)) - Running DeletedBlockTransactionScanner
2019-09-10 22:11:49,308 [SCMBlockDeletingService#1] DEBUG block.SCMBlockDeletingService (SCMBlockDeletingService.java:call(155)) - Scanned deleted blocks log and got 0 delTX to process.
2019-09-10 22:11:49,327 [grpc-default-executor-0] INFO  client.GrpcClientProtocolClient (GrpcClientProtocolClient.java:onNext(255)) - client-0C76110B8A2B->ed5d81fa-aaf0-49db-aa57-acca1dd387bd: receive RaftClientReply:client-0C76110B8A2B->ed5d81fa-aaf0-49db-aa57-acca1dd387bd@group-729F0664FEA8, cid=453, SUCCESS, logIndex=668, commits[ed5d81fa-aaf0-49db-aa57-acca1dd387bd:c669]
2019-09-10 22:11:49,328 [grpc-default-executor-0] INFO  client.GrpcClientProtocolClient (GrpcClientProtocolClient.java:onNext(255)) - client-0C76110B8A2B->ed5d81fa-aaf0-49db-aa57-acca1dd387bd: receive RaftClientReply:client-0C76110B8A2B->ed5d81fa-aaf0-49db-aa57-acca1dd387bd@group-729F0664FEA8, cid=454, SUCCESS, logIndex=669, commits[ed5d81fa-aaf0-49db-aa57-acca1dd387bd:c669]
2019-09-10 22:11:49,328 [grpc-default-executor-0] INFO  client.GrpcClientProtocolClient (GrpcClientProtocolClient.java:onNext(255)) - client-0C76110B8A2B->ed5d81fa-aaf0-49db-aa57-acca1dd387bd: receive RaftClientReply:client-0C76110B8A2B->ed5d81fa-aaf0-49db-aa57-acca1dd387bd@group-729F0664FEA8, cid=455, SUCCESS, logIndex=670, commits[ed5d81fa-aaf0-49db-aa57-acca1dd387bd:c671]
2019-09-10 22:11:49,328 [grpc-default-executor-0] INFO  client.GrpcClientProtocolClient (GrpcClientProtocolClient.java:onNext(255)) - client-0C76110B8A2B->ed5d81fa-aaf0-49db-aa57-acca1dd387bd: receive RaftClientReply:client-0C76110B8A2B->ed5d81fa-aaf0-49db-aa57-acca1dd387bd@group-729F0664FEA8, cid=456, SUCCESS, logIndex=671, commits[ed5d81fa-aaf0-49db-aa57-acca1dd387bd:c672]
2019-09-10 22:11:49,355 [grpc-default-executor-1] INFO  client.GrpcClientProtocolClient (GrpcClientProtocolClient.java:onNext(255)) - client-0C76110B8A2B->ed5d81fa-aaf0-49db-aa57-acca1dd387bd: receive RaftClientReply:client-0C76110B8A2B->ed5d81fa-aaf0-49db-aa57-acca1dd387bd@group-729F0664FEA8, cid=457, SUCCESS, logIndex=674, commits[ed5d81fa-aaf0-49db-aa57-acca1dd387bd:c675]
2019-09-10 22:11:49,356 [grpc-default-executor-1] INFO  client.GrpcClientProtocolClient (GrpcClientProtocolClient.java:onNext(255)) - client-0C76110B8A2B->ed5d81fa-aaf0-49db-aa57-acca1dd387bd: receive RaftClientReply:client-0C76110B8A2B->ed5d81fa-aaf0-49db-aa57-acca1dd387bd@group-729F0664FEA8, cid=458, SUCCESS, logIndex=675, commits[ed5d81fa-aaf0-49db-aa57-acca1dd387bd:c677]
2019-09-10 22:11:49,356 [grpc-default-executor-1] INFO  client.GrpcClientProtocolClient (GrpcClientProtocolClient.java:onNext(255)) - client-0C76110B8A2B->ed5d81fa-aaf0-49db-aa57-acca1dd387bd: receive RaftClientReply:client-0C76110B8A2B->ed5d81fa-aaf0-49db-aa57-acca1dd387bd@group-729F0664FEA8, cid=459, SUCCESS, logIndex=676, commits[ed5d81fa-aaf0-49db-aa57-acca1dd387bd:c677]
2019-09-10 22:11:49,357 [grpc-default-executor-1] INFO  client.GrpcClientProtocolClient (GrpcClientProtocolClient.java:onNext(255)) - client-0C76110B8A2B->ed5d81fa-aaf0-49db-aa57-acca1dd387bd: receive RaftClientReply:client-0C76110B8A2B->ed5d81fa-aaf0-49db-aa57-acca1dd387bd@group-729F0664FEA8, cid=460, SUCCESS, logIndex=677, commits[ed5d81fa-aaf0-49db-aa57-acca1dd387bd:c677]
2019-09-10 22:11:49,377 [grpc-default-executor-1] INFO  client.GrpcClientProtocolClient (GrpcClientProtocolClient.java:onNext(255)) - client-0C76110B8A2B->ed5d81fa-aaf0-49db-aa57-acca1dd387bd: receive RaftClientReply:client-0C76110B8A2B->ed5d81fa-aaf0-49db-aa57-acca1dd387bd@group-729F0664FEA8, cid=461, SUCCESS, logIndex=680, commits[ed5d81fa-aaf0-49db-aa57-acca1dd387bd:c681]
2019-09-10 22:11:49,377 [grpc-default-executor-1] INFO  client.GrpcClientProtocolClient (GrpcClientProtocolClient.java:onNext(255)) - client-0C76110B8A2B->ed5d81fa-aaf0-49db-aa57-acca1dd387bd: receive RaftClientReply:client-0C76110B8A2B->ed5d81fa-aaf0-49db-aa57-acca1dd387bd@group-729F0664FEA8, cid=462, SUCCESS, logIndex=681, commits[ed5d81fa-aaf0-49db-aa57-acca1dd387bd:c683]
2019-09-10 22:11:49,378 [grpc-default-executor-1] INFO  client.GrpcClientProtocolClient (GrpcClientProtocolClient.java:onNext(255)) - client-0C76110B8A2B->ed5d81fa-aaf0-49db-aa57-acca1dd387bd: receive RaftClientReply:client-0C76110B8A2B->ed5d81fa-aaf0-49db-aa57-acca1dd387bd@group-729F0664FEA8, cid=463, SUCCESS, logIndex=682, commits[ed5d81fa-aaf0-49db-aa57-acca1dd387bd:c684]
2019-09-10 22:11:49,379 [grpc-default-executor-1] INFO  client.GrpcClientProtocolClient (GrpcClientProtocolClient.java:onNext(255)) - client-0C76110B8A2B->ed5d81fa-aaf0-49db-aa57-acca1dd387bd: receive RaftClientReply:client-0C76110B8A2B->ed5d81fa-aaf0-49db-aa57-acca1dd387bd@group-729F0664FEA8, cid=464, SUCCESS, logIndex=683, commits[ed5d81fa-aaf0-49db-aa57-acca1dd387bd:c685]
2019-09-10 22:11:49,405 [grpc-default-executor-0] INFO  client.GrpcClientProtocolClient (GrpcClientProtocolClient.java:onNext(255)) - client-0C76110B8A2B->ed5d81fa-aaf0-49db-aa57-acca1dd387bd: receive RaftClientReply:client-0C76110B8A2B->ed5d81fa-aaf0-49db-aa57-acca1dd387bd@group-729F0664FEA8, cid=465, SUCCESS, logIndex=686, commits[ed5d81fa-aaf0-49db-aa57-acca1dd387bd:c687]
2019-09-10 22:11:49,405 [grpc-default-executor-0] INFO  client.GrpcClientProtocolClient (GrpcClientProtocolClient.java:onNext(255)) - client-0C76110B8A2B->ed5d81fa-aaf0-49db-aa57-acca1dd387bd: receive RaftClientReply:client-0C76110B8A2B->ed5d81fa-aaf0-49db-aa57-acca1dd387bd@group-729F0664FEA8, cid=466, SUCCESS, logIndex=687, commits[ed5d81fa-aaf0-49db-aa57-acca1dd387bd:c689]
2019-09-10 22:11:49,406 [grpc-default-executor-0] INFO  client.GrpcClientProtocolClient (GrpcClientProtocolClient.java:onNext(255)) - client-0C76110B8A2B->ed5d81fa-aaf0-49db-aa57-acca1dd387bd: receive RaftClientReply:client-0C76110B8A2B->ed5d81fa-aaf0-49db-aa57-acca1dd387bd@group-729F0664FEA8, cid=467, SUCCESS, logIndex=688, commits[ed5d81fa-aaf0-49db-aa57-acca1dd387bd:c689]
2019-09-10 22:11:49,406 [grpc-default-executor-0] INFO  client.GrpcClientProtocolClient (GrpcClientProtocolClient.java:onNext(255)) - client-0C76110B8A2B->ed5d81fa-aaf0-49db-aa57-acca1dd387bd: receive RaftClientReply:client-0C76110B8A2B->ed5d81fa-aaf0-49db-aa57-acca1dd387bd@group-729F0664FEA8, cid=468, SUCCESS, logIndex=689, commits[ed5d81fa-aaf0-49db-aa57-acca1dd387bd:c690]
2019-09-10 22:11:49,409 [SCMBlockDeletingService#1] DEBUG block.SCMBlockDeletingService (SCMBlockDeletingService.java:call(138)) - Running DeletedBlockTransactionScanner
2019-09-10 22:11:49,409 [SCMBlockDeletingService#1] DEBUG block.SCMBlockDeletingService (SCMBlockDeletingService.java:call(155)) - Scanned deleted blocks log and got 0 delTX to process.
2019-09-10 22:11:49,426 [grpc-default-executor-0] INFO  client.GrpcClientProtocolClient (GrpcClientProtocolClient.java:onNext(255)) - client-0C76110B8A2B->ed5d81fa-aaf0-49db-aa57-acca1dd387bd: receive RaftClientReply:client-0C76110B8A2B->ed5d81fa-aaf0-49db-aa57-acca1dd387bd@group-729F0664FEA8, cid=469, SUCCESS, logIndex=692, commits[ed5d81fa-aaf0-49db-aa57-acca1dd387bd:c693]
2019-09-10 22:11:49,427 [grpc-default-executor-0] INFO  client.GrpcClientProtocolClient (GrpcClientProtocolClient.java:onNext(255)) - client-0C76110B8A2B->ed5d81fa-aaf0-49db-aa57-acca1dd387bd: receive RaftClientReply:client-0C76110B8A2B->ed5d81fa-aaf0-49db-aa57-acca1dd387bd@group-729F0664FEA8, cid=470, SUCCESS, logIndex=693, commits[ed5d81fa-aaf0-49db-aa57-acca1dd387bd:c695]
2019-09-10 22:11:49,427 [grpc-default-executor-0] INFO  client.GrpcClientProtocolClient (GrpcClientProtocolClient.java:onNext(255)) - client-0C76110B8A2B->ed5d81fa-aaf0-49db-aa57-acca1dd387bd: receive RaftClientReply:client-0C76110B8A2B->ed5d81fa-aaf0-49db-aa57-acca1dd387bd@group-729F0664FEA8, cid=471, SUCCESS, logIndex=694, commits[ed5d81fa-aaf0-49db-aa57-acca1dd387bd:c696]
2019-09-10 22:11:49,427 [grpc-default-executor-0] INFO  client.GrpcClientProtocolClient (GrpcClientProtocolClient.java:onNext(255)) - client-0C76110B8A2B->ed5d81fa-aaf0-49db-aa57-acca1dd387bd: receive RaftClientReply:client-0C76110B8A2B->ed5d81fa-aaf0-49db-aa57-acca1dd387bd@group-729F0664FEA8, cid=472, SUCCESS, logIndex=695, commits[ed5d81fa-aaf0-49db-aa57-acca1dd387bd:c697]
2019-09-10 22:11:49,454 [grpc-default-executor-0] INFO  client.GrpcClientProtocolClient (GrpcClientProtocolClient.java:onNext(255)) - client-0C76110B8A2B->ed5d81fa-aaf0-49db-aa57-acca1dd387bd: receive RaftClientReply:client-0C76110B8A2B->ed5d81fa-aaf0-49db-aa57-acca1dd387bd@group-729F0664FEA8, cid=473, SUCCESS, logIndex=698, commits[ed5d81fa-aaf0-49db-aa57-acca1dd387bd:c699]
2019-09-10 22:11:49,455 [grpc-default-executor-0] INFO  client.GrpcClientProtocolClient (GrpcClientProtocolClient.java:onNext(255)) - client-0C76110B8A2B->ed5d81fa-aaf0-49db-aa57-acca1dd387bd: receive RaftClientReply:client-0C76110B8A2B->ed5d81fa-aaf0-49db-aa57-acca1dd387bd@group-729F0664FEA8, cid=474, SUCCESS, logIndex=699, commits[ed5d81fa-aaf0-49db-aa57-acca1dd387bd:c701]
2019-09-10 22:11:49,455 [grpc-default-executor-0] INFO  client.GrpcClientProtocolClient (GrpcClientProtocolClient.java:onNext(255)) - client-0C76110B8A2B->ed5d81fa-aaf0-49db-aa57-acca1dd387bd: receive RaftClientReply:client-0C76110B8A2B->ed5d81fa-aaf0-49db-aa57-acca1dd387bd@group-729F0664FEA8, cid=475, SUCCESS, logIndex=700, commits[ed5d81fa-aaf0-49db-aa57-acca1dd387bd:c702]
2019-09-10 22:11:49,456 [grpc-default-executor-0] INFO  client.GrpcClientProtocolClient (GrpcClientProtocolClient.java:onNext(255)) - client-0C76110B8A2B->ed5d81fa-aaf0-49db-aa57-acca1dd387bd: receive RaftClientReply:client-0C76110B8A2B->ed5d81fa-aaf0-49db-aa57-acca1dd387bd@group-729F0664FEA8, cid=476, SUCCESS, logIndex=701, commits[ed5d81fa-aaf0-49db-aa57-acca1dd387bd:c703]
2019-09-10 22:11:49,474 [grpc-default-executor-1] INFO  client.GrpcClientProtocolClient (GrpcClientProtocolClient.java:onNext(255)) - client-0C76110B8A2B->ed5d81fa-aaf0-49db-aa57-acca1dd387bd: receive RaftClientReply:client-0C76110B8A2B->ed5d81fa-aaf0-49db-aa57-acca1dd387bd@group-729F0664FEA8, cid=477, SUCCESS, logIndex=704, commits[ed5d81fa-aaf0-49db-aa57-acca1dd387bd:c705]
2019-09-10 22:11:49,475 [grpc-default-executor-1] INFO  client.GrpcClientProtocolClient (GrpcClientProtocolClient.java:onNext(255)) - client-0C76110B8A2B->ed5d81fa-aaf0-49db-aa57-acca1dd387bd: receive RaftClientReply:client-0C76110B8A2B->ed5d81fa-aaf0-49db-aa57-acca1dd387bd@group-729F0664FEA8, cid=478, SUCCESS, logIndex=705, commits[ed5d81fa-aaf0-49db-aa57-acca1dd387bd:c707]
2019-09-10 22:11:49,475 [grpc-default-executor-1] INFO  client.GrpcClientProtocolClient (GrpcClientProtocolClient.java:onNext(255)) - client-0C76110B8A2B->ed5d81fa-aaf0-49db-aa57-acca1dd387bd: receive RaftClientReply:client-0C76110B8A2B->ed5d81fa-aaf0-49db-aa57-acca1dd387bd@group-729F0664FEA8, cid=479, SUCCESS, logIndex=706, commits[ed5d81fa-aaf0-49db-aa57-acca1dd387bd:c707]
2019-09-10 22:11:49,476 [grpc-default-executor-1] INFO  client.GrpcClientProtocolClient (GrpcClientProtocolClient.java:onNext(255)) - client-0C76110B8A2B->ed5d81fa-aaf0-49db-aa57-acca1dd387bd: receive RaftClientReply:client-0C76110B8A2B->ed5d81fa-aaf0-49db-aa57-acca1dd387bd@group-729F0664FEA8, cid=480, SUCCESS, logIndex=707, commits[ed5d81fa-aaf0-49db-aa57-acca1dd387bd:c708]
2019-09-10 22:11:49,501 [grpc-default-executor-1] INFO  client.GrpcClientProtocolClient (GrpcClientProtocolClient.java:onNext(255)) - client-0C76110B8A2B->ed5d81fa-aaf0-49db-aa57-acca1dd387bd: receive RaftClientReply:client-0C76110B8A2B->ed5d81fa-aaf0-49db-aa57-acca1dd387bd@group-729F0664FEA8, cid=481, SUCCESS, logIndex=710, commits[ed5d81fa-aaf0-49db-aa57-acca1dd387bd:c711]
2019-09-10 22:11:49,502 [grpc-default-executor-1] INFO  client.GrpcClientProtocolClient (GrpcClientProtocolClient.java:onNext(255)) - client-0C76110B8A2B->ed5d81fa-aaf0-49db-aa57-acca1dd387bd: receive RaftClientReply:client-0C76110B8A2B->ed5d81fa-aaf0-49db-aa57-acca1dd387bd@group-729F0664FEA8, cid=482, SUCCESS, logIndex=711, commits[ed5d81fa-aaf0-49db-aa57-acca1dd387bd:c713]
2019-09-10 22:11:49,502 [grpc-default-executor-1] INFO  client.GrpcClientProtocolClient (GrpcClientProtocolClient.java:onNext(255)) - client-0C76110B8A2B->ed5d81fa-aaf0-49db-aa57-acca1dd387bd: receive RaftClientReply:client-0C76110B8A2B->ed5d81fa-aaf0-49db-aa57-acca1dd387bd@group-729F0664FEA8, cid=483, SUCCESS, logIndex=712, commits[ed5d81fa-aaf0-49db-aa57-acca1dd387bd:c713]
2019-09-10 22:11:49,503 [grpc-default-executor-1] INFO  client.GrpcClientProtocolClient (GrpcClientProtocolClient.java:onNext(255)) - client-0C76110B8A2B->ed5d81fa-aaf0-49db-aa57-acca1dd387bd: receive RaftClientReply:client-0C76110B8A2B->ed5d81fa-aaf0-49db-aa57-acca1dd387bd@group-729F0664FEA8, cid=484, SUCCESS, logIndex=713, commits[ed5d81fa-aaf0-49db-aa57-acca1dd387bd:c714]
2019-09-10 22:11:49,551 [SCMBlockDeletingService#1] DEBUG block.SCMBlockDeletingService (SCMBlockDeletingService.java:call(138)) - Running DeletedBlockTransactionScanner
2019-09-10 22:11:49,551 [SCMBlockDeletingService#1] DEBUG block.SCMBlockDeletingService (SCMBlockDeletingService.java:call(155)) - Scanned deleted blocks log and got 0 delTX to process.
2019-09-10 22:11:49,568 [grpc-default-executor-0] INFO  client.GrpcClientProtocolClient (GrpcClientProtocolClient.java:onNext(255)) - client-0C76110B8A2B->ed5d81fa-aaf0-49db-aa57-acca1dd387bd: receive RaftClientReply:client-0C76110B8A2B->ed5d81fa-aaf0-49db-aa57-acca1dd387bd@group-729F0664FEA8, cid=485, SUCCESS, logIndex=716, commits[ed5d81fa-aaf0-49db-aa57-acca1dd387bd:c718]
2019-09-10 22:11:49,568 [grpc-default-executor-0] INFO  client.GrpcClientProtocolClient (GrpcClientProtocolClient.java:onNext(255)) - client-0C76110B8A2B->ed5d81fa-aaf0-49db-aa57-acca1dd387bd: receive RaftClientReply:client-0C76110B8A2B->ed5d81fa-aaf0-49db-aa57-acca1dd387bd@group-729F0664FEA8, cid=486, SUCCESS, logIndex=717, commits[ed5d81fa-aaf0-49db-aa57-acca1dd387bd:c718]
2019-09-10 22:11:49,651 [SCMBlockDeletingService#1] DEBUG block.SCMBlockDeletingService (SCMBlockDeletingService.java:call(138)) - Running DeletedBlockTransactionScanner
2019-09-10 22:11:49,652 [SCMBlockDeletingService#1] DEBUG block.SCMBlockDeletingService (SCMBlockDeletingService.java:call(155)) - Scanned deleted blocks log and got 0 delTX to process.
2019-09-10 22:11:49,659 [grpc-default-executor-0] INFO  client.GrpcClientProtocolClient (GrpcClientProtocolClient.java:onNext(255)) - client-0C76110B8A2B->ed5d81fa-aaf0-49db-aa57-acca1dd387bd: receive RaftClientReply:client-0C76110B8A2B->ed5d81fa-aaf0-49db-aa57-acca1dd387bd@group-729F0664FEA8, cid=487, SUCCESS, logIndex=719, commits[ed5d81fa-aaf0-49db-aa57-acca1dd387bd:c720]
2019-09-10 22:11:49,659 [grpc-default-executor-0] INFO  client.GrpcClientProtocolClient (GrpcClientProtocolClient.java:onNext(255)) - client-0C76110B8A2B->ed5d81fa-aaf0-49db-aa57-acca1dd387bd: receive RaftClientReply:client-0C76110B8A2B->ed5d81fa-aaf0-49db-aa57-acca1dd387bd@group-729F0664FEA8, cid=488, SUCCESS, logIndex=720, commits[ed5d81fa-aaf0-49db-aa57-acca1dd387bd:c721]
2019-09-10 22:11:49,685 [grpc-default-executor-0] INFO  client.GrpcClientProtocolClient (GrpcClientProtocolClient.java:onNext(255)) - client-0C76110B8A2B->ed5d81fa-aaf0-49db-aa57-acca1dd387bd: receive RaftClientReply:client-0C76110B8A2B->ed5d81fa-aaf0-49db-aa57-acca1dd387bd@group-729F0664FEA8, cid=489, SUCCESS, logIndex=722, commits[ed5d81fa-aaf0-49db-aa57-acca1dd387bd:c723]
2019-09-10 22:11:49,685 [grpc-default-executor-0] INFO  client.GrpcClientProtocolClient (GrpcClientProtocolClient.java:onNext(255)) - client-0C76110B8A2B->ed5d81fa-aaf0-49db-aa57-acca1dd387bd: receive RaftClientReply:client-0C76110B8A2B->ed5d81fa-aaf0-49db-aa57-acca1dd387bd@group-729F0664FEA8, cid=490, SUCCESS, logIndex=723, commits[ed5d81fa-aaf0-49db-aa57-acca1dd387bd:c725]
2019-09-10 22:11:49,686 [grpc-default-executor-0] INFO  client.GrpcClientProtocolClient (GrpcClientProtocolClient.java:onNext(255)) - client-0C76110B8A2B->ed5d81fa-aaf0-49db-aa57-acca1dd387bd: receive RaftClientReply:client-0C76110B8A2B->ed5d81fa-aaf0-49db-aa57-acca1dd387bd@group-729F0664FEA8, cid=491, SUCCESS, logIndex=724, commits[ed5d81fa-aaf0-49db-aa57-acca1dd387bd:c725]
2019-09-10 22:11:49,686 [grpc-default-executor-0] INFO  client.GrpcClientProtocolClient (GrpcClientProtocolClient.java:onNext(255)) - client-0C76110B8A2B->ed5d81fa-aaf0-49db-aa57-acca1dd387bd: receive RaftClientReply:client-0C76110B8A2B->ed5d81fa-aaf0-49db-aa57-acca1dd387bd@group-729F0664FEA8, cid=492, SUCCESS, logIndex=725, commits[ed5d81fa-aaf0-49db-aa57-acca1dd387bd:c726]
2019-09-10 22:11:49,703 [grpc-default-executor-1] INFO  client.GrpcClientProtocolClient (GrpcClientProtocolClient.java:onNext(255)) - client-0C76110B8A2B->ed5d81fa-aaf0-49db-aa57-acca1dd387bd: receive RaftClientReply:client-0C76110B8A2B->ed5d81fa-aaf0-49db-aa57-acca1dd387bd@group-729F0664FEA8, cid=493, SUCCESS, logIndex=728, commits[ed5d81fa-aaf0-49db-aa57-acca1dd387bd:c729]
2019-09-10 22:11:49,704 [grpc-default-executor-1] INFO  client.GrpcClientProtocolClient (GrpcClientProtocolClient.java:onNext(255)) - client-0C76110B8A2B->ed5d81fa-aaf0-49db-aa57-acca1dd387bd: receive RaftClientReply:client-0C76110B8A2B->ed5d81fa-aaf0-49db-aa57-acca1dd387bd@group-729F0664FEA8, cid=494, SUCCESS, logIndex=729, commits[ed5d81fa-aaf0-49db-aa57-acca1dd387bd:c731]
2019-09-10 22:11:49,704 [grpc-default-executor-1] INFO  client.GrpcClientProtocolClient (GrpcClientProtocolClient.java:onNext(255)) - client-0C76110B8A2B->ed5d81fa-aaf0-49db-aa57-acca1dd387bd: receive RaftClientReply:client-0C76110B8A2B->ed5d81fa-aaf0-49db-aa57-acca1dd387bd@group-729F0664FEA8, cid=495, SUCCESS, logIndex=730, commits[ed5d81fa-aaf0-49db-aa57-acca1dd387bd:c731]
2019-09-10 22:11:49,705 [grpc-default-executor-1] INFO  client.GrpcClientProtocolClient (GrpcClientProtocolClient.java:onNext(255)) - client-0C76110B8A2B->ed5d81fa-aaf0-49db-aa57-acca1dd387bd: receive RaftClientReply:client-0C76110B8A2B->ed5d81fa-aaf0-49db-aa57-acca1dd387bd@group-729F0664FEA8, cid=496, SUCCESS, logIndex=731, commits[ed5d81fa-aaf0-49db-aa57-acca1dd387bd:c732]
2019-09-10 22:11:49,729 [grpc-default-executor-0] INFO  client.GrpcClientProtocolClient (GrpcClientProtocolClient.java:onNext(255)) - client-0C76110B8A2B->ed5d81fa-aaf0-49db-aa57-acca1dd387bd: receive RaftClientReply:client-0C76110B8A2B->ed5d81fa-aaf0-49db-aa57-acca1dd387bd@group-729F0664FEA8, cid=497, SUCCESS, logIndex=734, commits[ed5d81fa-aaf0-49db-aa57-acca1dd387bd:c735]
2019-09-10 22:11:49,730 [grpc-default-executor-0] INFO  client.GrpcClientProtocolClient (GrpcClientProtocolClient.java:onNext(255)) - client-0C76110B8A2B->ed5d81fa-aaf0-49db-aa57-acca1dd387bd: receive RaftClientReply:client-0C76110B8A2B->ed5d81fa-aaf0-49db-aa57-acca1dd387bd@group-729F0664FEA8, cid=498, SUCCESS, logIndex=735, commits[ed5d81fa-aaf0-49db-aa57-acca1dd387bd:c737]
2019-09-10 22:11:49,730 [grpc-default-executor-0] INFO  client.GrpcClientProtocolClient (GrpcClientProtocolClient.java:onNext(255)) - client-0C76110B8A2B->ed5d81fa-aaf0-49db-aa57-acca1dd387bd: receive RaftClientReply:client-0C76110B8A2B->ed5d81fa-aaf0-49db-aa57-acca1dd387bd@group-729F0664FEA8, cid=499, SUCCESS, logIndex=736, commits[ed5d81fa-aaf0-49db-aa57-acca1dd387bd:c737]
2019-09-10 22:11:49,730 [grpc-default-executor-0] INFO  client.GrpcClientProtocolClient (GrpcClientProtocolClient.java:onNext(255)) - client-0C76110B8A2B->ed5d81fa-aaf0-49db-aa57-acca1dd387bd: receive RaftClientReply:client-0C76110B8A2B->ed5d81fa-aaf0-49db-aa57-acca1dd387bd@group-729F0664FEA8, cid=500, SUCCESS, logIndex=737, commits[ed5d81fa-aaf0-49db-aa57-acca1dd387bd:c738]
2019-09-10 22:11:49,751 [grpc-default-executor-0] INFO  client.GrpcClientProtocolClient (GrpcClientProtocolClient.java:onNext(255)) - client-0C76110B8A2B->ed5d81fa-aaf0-49db-aa57-acca1dd387bd: receive RaftClientReply:client-0C76110B8A2B->ed5d81fa-aaf0-49db-aa57-acca1dd387bd@group-729F0664FEA8, cid=501, SUCCESS, logIndex=740, commits[ed5d81fa-aaf0-49db-aa57-acca1dd387bd:c741]
2019-09-10 22:11:49,751 [grpc-default-executor-0] INFO  client.GrpcClientProtocolClient (GrpcClientProtocolClient.java:onNext(255)) - client-0C76110B8A2B->ed5d81fa-aaf0-49db-aa57-acca1dd387bd: receive RaftClientReply:client-0C76110B8A2B->ed5d81fa-aaf0-49db-aa57-acca1dd387bd@group-729F0664FEA8, cid=502, SUCCESS, logIndex=741, commits[ed5d81fa-aaf0-49db-aa57-acca1dd387bd:c743]
2019-09-10 22:11:49,751 [grpc-default-executor-0] INFO  client.GrpcClientProtocolClient (GrpcClientProtocolClient.java:onNext(255)) - client-0C76110B8A2B->ed5d81fa-aaf0-49db-aa57-acca1dd387bd: receive RaftClientReply:client-0C76110B8A2B->ed5d81fa-aaf0-49db-aa57-acca1dd387bd@group-729F0664FEA8, cid=503, SUCCESS, logIndex=742, commits[ed5d81fa-aaf0-49db-aa57-acca1dd387bd:c743]
2019-09-10 22:11:49,752 [grpc-default-executor-0] INFO  client.GrpcClientProtocolClient (GrpcClientProtocolClient.java:onNext(255)) - client-0C76110B8A2B->ed5d81fa-aaf0-49db-aa57-acca1dd387bd: receive RaftClientReply:client-0C76110B8A2B->ed5d81fa-aaf0-49db-aa57-acca1dd387bd@group-729F0664FEA8, cid=504, SUCCESS, logIndex=743, commits[ed5d81fa-aaf0-49db-aa57-acca1dd387bd:c744]
2019-09-10 22:11:49,752 [SCMBlockDeletingService#1] DEBUG block.SCMBlockDeletingService (SCMBlockDeletingService.java:call(138)) - Running DeletedBlockTransactionScanner
2019-09-10 22:11:49,752 [SCMBlockDeletingService#1] DEBUG block.SCMBlockDeletingService (SCMBlockDeletingService.java:call(155)) - Scanned deleted blocks log and got 0 delTX to process.
2019-09-10 22:11:49,776 [grpc-default-executor-1] INFO  client.GrpcClientProtocolClient (GrpcClientProtocolClient.java:onNext(255)) - client-0C76110B8A2B->ed5d81fa-aaf0-49db-aa57-acca1dd387bd: receive RaftClientReply:client-0C76110B8A2B->ed5d81fa-aaf0-49db-aa57-acca1dd387bd@group-729F0664FEA8, cid=505, SUCCESS, logIndex=746, commits[ed5d81fa-aaf0-49db-aa57-acca1dd387bd:c747]
2019-09-10 22:11:49,777 [grpc-default-executor-1] INFO  client.GrpcClientProtocolClient (GrpcClientProtocolClient.java:onNext(255)) - client-0C76110B8A2B->ed5d81fa-aaf0-49db-aa57-acca1dd387bd: receive RaftClientReply:client-0C76110B8A2B->ed5d81fa-aaf0-49db-aa57-acca1dd387bd@group-729F0664FEA8, cid=506, SUCCESS, logIndex=747, commits[ed5d81fa-aaf0-49db-aa57-acca1dd387bd:c749]
2019-09-10 22:11:49,777 [grpc-default-executor-1] INFO  client.GrpcClientProtocolClient (GrpcClientProtocolClient.java:onNext(255)) - client-0C76110B8A2B->ed5d81fa-aaf0-49db-aa57-acca1dd387bd: receive RaftClientReply:client-0C76110B8A2B->ed5d81fa-aaf0-49db-aa57-acca1dd387bd@group-729F0664FEA8, cid=507, SUCCESS, logIndex=748, commits[ed5d81fa-aaf0-49db-aa57-acca1dd387bd:c749]
2019-09-10 22:11:49,778 [grpc-default-executor-1] INFO  client.GrpcClientProtocolClient (GrpcClientProtocolClient.java:onNext(255)) - client-0C76110B8A2B->ed5d81fa-aaf0-49db-aa57-acca1dd387bd: receive RaftClientReply:client-0C76110B8A2B->ed5d81fa-aaf0-49db-aa57-acca1dd387bd@group-729F0664FEA8, cid=508, SUCCESS, logIndex=749, commits[ed5d81fa-aaf0-49db-aa57-acca1dd387bd:c750]
2019-09-10 22:11:49,796 [grpc-default-executor-0] INFO  client.GrpcClientProtocolClient (GrpcClientProtocolClient.java:onNext(255)) - client-0C76110B8A2B->ed5d81fa-aaf0-49db-aa57-acca1dd387bd: receive RaftClientReply:client-0C76110B8A2B->ed5d81fa-aaf0-49db-aa57-acca1dd387bd@group-729F0664FEA8, cid=509, SUCCESS, logIndex=752, commits[ed5d81fa-aaf0-49db-aa57-acca1dd387bd:c753]
2019-09-10 22:11:49,798 [grpc-default-executor-0] INFO  client.GrpcClientProtocolClient (GrpcClientProtocolClient.java:onNext(255)) - client-0C76110B8A2B->ed5d81fa-aaf0-49db-aa57-acca1dd387bd: receive RaftClientReply:client-0C76110B8A2B->ed5d81fa-aaf0-49db-aa57-acca1dd387bd@group-729F0664FEA8, cid=510, SUCCESS, logIndex=753, commits[ed5d81fa-aaf0-49db-aa57-acca1dd387bd:c755]
2019-09-10 22:11:49,799 [grpc-default-executor-0] INFO  client.GrpcClientProtocolClient (GrpcClientProtocolClient.java:onNext(255)) - client-0C76110B8A2B->ed5d81fa-aaf0-49db-aa57-acca1dd387bd: receive RaftClientReply:client-0C76110B8A2B->ed5d81fa-aaf0-49db-aa57-acca1dd387bd@group-729F0664FEA8, cid=511, SUCCESS, logIndex=754, commits[ed5d81fa-aaf0-49db-aa57-acca1dd387bd:c756]
2019-09-10 22:11:49,799 [grpc-default-executor-0] INFO  client.GrpcClientProtocolClient (GrpcClientProtocolClient.java:onNext(255)) - client-0C76110B8A2B->ed5d81fa-aaf0-49db-aa57-acca1dd387bd: receive RaftClientReply:client-0C76110B8A2B->ed5d81fa-aaf0-49db-aa57-acca1dd387bd@group-729F0664FEA8, cid=512, SUCCESS, logIndex=755, commits[ed5d81fa-aaf0-49db-aa57-acca1dd387bd:c757]
2019-09-10 22:11:49,823 [grpc-default-executor-0] INFO  client.GrpcClientProtocolClient (GrpcClientProtocolClient.java:onNext(255)) - client-0C76110B8A2B->ed5d81fa-aaf0-49db-aa57-acca1dd387bd: receive RaftClientReply:client-0C76110B8A2B->ed5d81fa-aaf0-49db-aa57-acca1dd387bd@group-729F0664FEA8, cid=513, SUCCESS, logIndex=758, commits[ed5d81fa-aaf0-49db-aa57-acca1dd387bd:c759]
2019-09-10 22:11:49,824 [grpc-default-executor-0] INFO  client.GrpcClientProtocolClient (GrpcClientProtocolClient.java:onNext(255)) - client-0C76110B8A2B->ed5d81fa-aaf0-49db-aa57-acca1dd387bd: receive RaftClientReply:client-0C76110B8A2B->ed5d81fa-aaf0-49db-aa57-acca1dd387bd@group-729F0664FEA8, cid=514, SUCCESS, logIndex=759, commits[ed5d81fa-aaf0-49db-aa57-acca1dd387bd:c759]
2019-09-10 22:11:49,824 [grpc-default-executor-0] INFO  client.GrpcClientProtocolClient (GrpcClientProtocolClient.java:onNext(255)) - client-0C76110B8A2B->ed5d81fa-aaf0-49db-aa57-acca1dd387bd: receive RaftClientReply:client-0C76110B8A2B->ed5d81fa-aaf0-49db-aa57-acca1dd387bd@group-729F0664FEA8, cid=515, SUCCESS, logIndex=760, commits[ed5d81fa-aaf0-49db-aa57-acca1dd387bd:c761]
2019-09-10 22:11:49,824 [grpc-default-executor-0] INFO  client.GrpcClientProtocolClient (GrpcClientProtocolClient.java:onNext(255)) - client-0C76110B8A2B->ed5d81fa-aaf0-49db-aa57-acca1dd387bd: receive RaftClientReply:client-0C76110B8A2B->ed5d81fa-aaf0-49db-aa57-acca1dd387bd@group-729F0664FEA8, cid=516, SUCCESS, logIndex=761, commits[ed5d81fa-aaf0-49db-aa57-acca1dd387bd:c762]
2019-09-10 22:11:49,852 [SCMBlockDeletingService#1] DEBUG block.SCMBlockDeletingService (SCMBlockDeletingService.java:call(138)) - Running DeletedBlockTransactionScanner
2019-09-10 22:11:49,853 [SCMBlockDeletingService#1] DEBUG block.SCMBlockDeletingService (SCMBlockDeletingService.java:call(155)) - Scanned deleted blocks log and got 0 delTX to process.
2019-09-10 22:11:49,853 [grpc-default-executor-0] INFO  client.GrpcClientProtocolClient (GrpcClientProtocolClient.java:onNext(255)) - client-0C76110B8A2B->ed5d81fa-aaf0-49db-aa57-acca1dd387bd: receive RaftClientReply:client-0C76110B8A2B->ed5d81fa-aaf0-49db-aa57-acca1dd387bd@group-729F0664FEA8, cid=517, SUCCESS, logIndex=764, commits[ed5d81fa-aaf0-49db-aa57-acca1dd387bd:c767]
2019-09-10 22:11:49,854 [grpc-default-executor-0] INFO  client.GrpcClientProtocolClient (GrpcClientProtocolClient.java:onNext(255)) - client-0C76110B8A2B->ed5d81fa-aaf0-49db-aa57-acca1dd387bd: receive RaftClientReply:client-0C76110B8A2B->ed5d81fa-aaf0-49db-aa57-acca1dd387bd@group-729F0664FEA8, cid=518, SUCCESS, logIndex=765, commits[ed5d81fa-aaf0-49db-aa57-acca1dd387bd:c767]
2019-09-10 22:11:49,854 [grpc-default-executor-0] INFO  client.GrpcClientProtocolClient (GrpcClientProtocolClient.java:onNext(255)) - client-0C76110B8A2B->ed5d81fa-aaf0-49db-aa57-acca1dd387bd: receive RaftClientReply:client-0C76110B8A2B->ed5d81fa-aaf0-49db-aa57-acca1dd387bd@group-729F0664FEA8, cid=519, SUCCESS, logIndex=766, commits[ed5d81fa-aaf0-49db-aa57-acca1dd387bd:c767]
2019-09-10 22:11:49,854 [grpc-default-executor-0] INFO  client.GrpcClientProtocolClient (GrpcClientProtocolClient.java:onNext(255)) - client-0C76110B8A2B->ed5d81fa-aaf0-49db-aa57-acca1dd387bd: receive RaftClientReply:client-0C76110B8A2B->ed5d81fa-aaf0-49db-aa57-acca1dd387bd@group-729F0664FEA8, cid=520, SUCCESS, logIndex=767, commits[ed5d81fa-aaf0-49db-aa57-acca1dd387bd:c767]
2019-09-10 22:11:49,879 [grpc-default-executor-0] INFO  client.GrpcClientProtocolClient (GrpcClientProtocolClient.java:onNext(255)) - client-0C76110B8A2B->ed5d81fa-aaf0-49db-aa57-acca1dd387bd: receive RaftClientReply:client-0C76110B8A2B->ed5d81fa-aaf0-49db-aa57-acca1dd387bd@group-729F0664FEA8, cid=521, SUCCESS, logIndex=769, commits[ed5d81fa-aaf0-49db-aa57-acca1dd387bd:c772]
2019-09-10 22:11:49,879 [grpc-default-executor-0] INFO  client.GrpcClientProtocolClient (GrpcClientProtocolClient.java:onNext(255)) - client-0C76110B8A2B->ed5d81fa-aaf0-49db-aa57-acca1dd387bd: receive RaftClientReply:client-0C76110B8A2B->ed5d81fa-aaf0-49db-aa57-acca1dd387bd@group-729F0664FEA8, cid=522, SUCCESS, logIndex=770, commits[ed5d81fa-aaf0-49db-aa57-acca1dd387bd:c773]
2019-09-10 22:11:49,880 [grpc-default-executor-0] INFO  client.GrpcClientProtocolClient (GrpcClientProtocolClient.java:onNext(255)) - client-0C76110B8A2B->ed5d81fa-aaf0-49db-aa57-acca1dd387bd: receive RaftClientReply:client-0C76110B8A2B->ed5d81fa-aaf0-49db-aa57-acca1dd387bd@group-729F0664FEA8, cid=523, SUCCESS, logIndex=771, commits[ed5d81fa-aaf0-49db-aa57-acca1dd387bd:c773]
2019-09-10 22:11:49,880 [grpc-default-executor-0] INFO  client.GrpcClientProtocolClient (GrpcClientProtocolClient.java:onNext(255)) - client-0C76110B8A2B->ed5d81fa-aaf0-49db-aa57-acca1dd387bd: receive RaftClientReply:client-0C76110B8A2B->ed5d81fa-aaf0-49db-aa57-acca1dd387bd@group-729F0664FEA8, cid=524, SUCCESS, logIndex=772, commits[ed5d81fa-aaf0-49db-aa57-acca1dd387bd:c774]
2019-09-10 22:11:49,899 [grpc-default-executor-0] INFO  client.GrpcClientProtocolClient (GrpcClientProtocolClient.java:onNext(255)) - client-0C76110B8A2B->ed5d81fa-aaf0-49db-aa57-acca1dd387bd: receive RaftClientReply:client-0C76110B8A2B->ed5d81fa-aaf0-49db-aa57-acca1dd387bd@group-729F0664FEA8, cid=525, SUCCESS, logIndex=775, commits[ed5d81fa-aaf0-49db-aa57-acca1dd387bd:c776]
2019-09-10 22:11:49,899 [grpc-default-executor-0] INFO  client.GrpcClientProtocolClient (GrpcClientProtocolClient.java:onNext(255)) - client-0C76110B8A2B->ed5d81fa-aaf0-49db-aa57-acca1dd387bd: receive RaftClientReply:client-0C76110B8A2B->ed5d81fa-aaf0-49db-aa57-acca1dd387bd@group-729F0664FEA8, cid=526, SUCCESS, logIndex=776, commits[ed5d81fa-aaf0-49db-aa57-acca1dd387bd:c778]
2019-09-10 22:11:49,900 [grpc-default-executor-0] INFO  client.GrpcClientProtocolClient (GrpcClientProtocolClient.java:onNext(255)) - client-0C76110B8A2B->ed5d81fa-aaf0-49db-aa57-acca1dd387bd: receive RaftClientReply:client-0C76110B8A2B->ed5d81fa-aaf0-49db-aa57-acca1dd387bd@group-729F0664FEA8, cid=527, SUCCESS, logIndex=777, commits[ed5d81fa-aaf0-49db-aa57-acca1dd387bd:c778]
2019-09-10 22:11:49,900 [grpc-default-executor-0] INFO  client.GrpcClientProtocolClient (GrpcClientProtocolClient.java:onNext(255)) - client-0C76110B8A2B->ed5d81fa-aaf0-49db-aa57-acca1dd387bd: receive RaftClientReply:client-0C76110B8A2B->ed5d81fa-aaf0-49db-aa57-acca1dd387bd@group-729F0664FEA8, cid=528, SUCCESS, logIndex=778, commits[ed5d81fa-aaf0-49db-aa57-acca1dd387bd:c779]
2019-09-10 22:11:49,926 [grpc-default-executor-1] INFO  client.GrpcClientProtocolClient (GrpcClientProtocolClient.java:onNext(255)) - client-0C76110B8A2B->ed5d81fa-aaf0-49db-aa57-acca1dd387bd: receive RaftClientReply:client-0C76110B8A2B->ed5d81fa-aaf0-49db-aa57-acca1dd387bd@group-729F0664FEA8, cid=529, SUCCESS, logIndex=781, commits[ed5d81fa-aaf0-49db-aa57-acca1dd387bd:c782]
2019-09-10 22:11:49,927 [grpc-default-executor-1] INFO  client.GrpcClientProtocolClient (GrpcClientProtocolClient.java:onNext(255)) - client-0C76110B8A2B->ed5d81fa-aaf0-49db-aa57-acca1dd387bd: receive RaftClientReply:client-0C76110B8A2B->ed5d81fa-aaf0-49db-aa57-acca1dd387bd@group-729F0664FEA8, cid=530, SUCCESS, logIndex=782, commits[ed5d81fa-aaf0-49db-aa57-acca1dd387bd:c782]
2019-09-10 22:11:49,953 [SCMBlockDeletingService#0] DEBUG block.SCMBlockDeletingService (SCMBlockDeletingService.java:call(138)) - Running DeletedBlockTransactionScanner
2019-09-10 22:11:49,953 [SCMBlockDeletingService#0] DEBUG block.SCMBlockDeletingService (SCMBlockDeletingService.java:call(155)) - Scanned deleted blocks log and got 0 delTX to process.
2019-09-10 22:11:50,024 [grpc-default-executor-0] INFO  client.GrpcClientProtocolClient (GrpcClientProtocolClient.java:onNext(255)) - client-0C76110B8A2B->ed5d81fa-aaf0-49db-aa57-acca1dd387bd: receive RaftClientReply:client-0C76110B8A2B->ed5d81fa-aaf0-49db-aa57-acca1dd387bd@group-729F0664FEA8, cid=531, SUCCESS, logIndex=784, commits[ed5d81fa-aaf0-49db-aa57-acca1dd387bd:c785]
2019-09-10 22:11:50,025 [grpc-default-executor-0] INFO  client.GrpcClientProtocolClient (GrpcClientProtocolClient.java:onNext(255)) - client-0C76110B8A2B->ed5d81fa-aaf0-49db-aa57-acca1dd387bd: receive RaftClientReply:client-0C76110B8A2B->ed5d81fa-aaf0-49db-aa57-acca1dd387bd@group-729F0664FEA8, cid=532, SUCCESS, logIndex=785, commits[ed5d81fa-aaf0-49db-aa57-acca1dd387bd:c786]
2019-09-10 22:11:50,043 [grpc-default-executor-0] INFO  client.GrpcClientProtocolClient (GrpcClientProtocolClient.java:onNext(255)) - client-0C76110B8A2B->ed5d81fa-aaf0-49db-aa57-acca1dd387bd: receive RaftClientReply:client-0C76110B8A2B->ed5d81fa-aaf0-49db-aa57-acca1dd387bd@group-729F0664FEA8, cid=533, SUCCESS, logIndex=787, commits[ed5d81fa-aaf0-49db-aa57-acca1dd387bd:c788]
2019-09-10 22:11:50,044 [grpc-default-executor-0] INFO  client.GrpcClientProtocolClient (GrpcClientProtocolClient.java:onNext(255)) - client-0C76110B8A2B->ed5d81fa-aaf0-49db-aa57-acca1dd387bd: receive RaftClientReply:client-0C76110B8A2B->ed5d81fa-aaf0-49db-aa57-acca1dd387bd@group-729F0664FEA8, cid=534, SUCCESS, logIndex=788, commits[ed5d81fa-aaf0-49db-aa57-acca1dd387bd:c791]
2019-09-10 22:11:50,044 [grpc-default-executor-0] INFO  client.GrpcClientProtocolClient (GrpcClientProtocolClient.java:onNext(255)) - client-0C76110B8A2B->ed5d81fa-aaf0-49db-aa57-acca1dd387bd: receive RaftClientReply:client-0C76110B8A2B->ed5d81fa-aaf0-49db-aa57-acca1dd387bd@group-729F0664FEA8, cid=535, SUCCESS, logIndex=789, commits[ed5d81fa-aaf0-49db-aa57-acca1dd387bd:c791]
2019-09-10 22:11:50,045 [grpc-default-executor-0] INFO  client.GrpcClientProtocolClient (GrpcClientProtocolClient.java:onNext(255)) - client-0C76110B8A2B->ed5d81fa-aaf0-49db-aa57-acca1dd387bd: receive RaftClientReply:client-0C76110B8A2B->ed5d81fa-aaf0-49db-aa57-acca1dd387bd@group-729F0664FEA8, cid=536, SUCCESS, logIndex=790, commits[ed5d81fa-aaf0-49db-aa57-acca1dd387bd:c792]
2019-09-10 22:11:50,053 [SCMBlockDeletingService#0] DEBUG block.SCMBlockDeletingService (SCMBlockDeletingService.java:call(138)) - Running DeletedBlockTransactionScanner
2019-09-10 22:11:50,054 [SCMBlockDeletingService#0] DEBUG block.SCMBlockDeletingService (SCMBlockDeletingService.java:call(155)) - Scanned deleted blocks log and got 0 delTX to process.
2019-09-10 22:11:50,074 [grpc-default-executor-0] INFO  client.GrpcClientProtocolClient (GrpcClientProtocolClient.java:onNext(255)) - client-0C76110B8A2B->ed5d81fa-aaf0-49db-aa57-acca1dd387bd: receive RaftClientReply:client-0C76110B8A2B->ed5d81fa-aaf0-49db-aa57-acca1dd387bd@group-729F0664FEA8, cid=537, SUCCESS, logIndex=793, commits[ed5d81fa-aaf0-49db-aa57-acca1dd387bd:c796]
2019-09-10 22:11:50,075 [grpc-default-executor-1] INFO  client.GrpcClientProtocolClient (GrpcClientProtocolClient.java:onNext(255)) - client-0C76110B8A2B->ed5d81fa-aaf0-49db-aa57-acca1dd387bd: receive RaftClientReply:client-0C76110B8A2B->ed5d81fa-aaf0-49db-aa57-acca1dd387bd@group-729F0664FEA8, cid=538, SUCCESS, logIndex=794, commits[ed5d81fa-aaf0-49db-aa57-acca1dd387bd:c797]
2019-09-10 22:11:50,075 [grpc-default-executor-1] INFO  client.GrpcClientProtocolClient (GrpcClientProtocolClient.java:onNext(255)) - client-0C76110B8A2B->ed5d81fa-aaf0-49db-aa57-acca1dd387bd: receive RaftClientReply:client-0C76110B8A2B->ed5d81fa-aaf0-49db-aa57-acca1dd387bd@group-729F0664FEA8, cid=539, SUCCESS, logIndex=795, commits[ed5d81fa-aaf0-49db-aa57-acca1dd387bd:c797]
2019-09-10 22:11:50,076 [grpc-default-executor-1] INFO  client.GrpcClientProtocolClient (GrpcClientProtocolClient.java:onNext(255)) - client-0C76110B8A2B->ed5d81fa-aaf0-49db-aa57-acca1dd387bd: receive RaftClientReply:client-0C76110B8A2B->ed5d81fa-aaf0-49db-aa57-acca1dd387bd@group-729F0664FEA8, cid=540, SUCCESS, logIndex=796, commits[ed5d81fa-aaf0-49db-aa57-acca1dd387bd:c797]
2019-09-10 22:11:50,096 [grpc-default-executor-1] INFO  client.GrpcClientProtocolClient (GrpcClientProtocolClient.java:onNext(255)) - client-0C76110B8A2B->ed5d81fa-aaf0-49db-aa57-acca1dd387bd: receive RaftClientReply:client-0C76110B8A2B->ed5d81fa-aaf0-49db-aa57-acca1dd387bd@group-729F0664FEA8, cid=541, SUCCESS, logIndex=799, commits[ed5d81fa-aaf0-49db-aa57-acca1dd387bd:c800]
2019-09-10 22:11:50,096 [grpc-default-executor-1] INFO  client.GrpcClientProtocolClient (GrpcClientProtocolClient.java:onNext(255)) - client-0C76110B8A2B->ed5d81fa-aaf0-49db-aa57-acca1dd387bd: receive RaftClientReply:client-0C76110B8A2B->ed5d81fa-aaf0-49db-aa57-acca1dd387bd@group-729F0664FEA8, cid=542, SUCCESS, logIndex=800, commits[ed5d81fa-aaf0-49db-aa57-acca1dd387bd:c802]
2019-09-10 22:11:50,096 [grpc-default-executor-1] INFO  client.GrpcClientProtocolClient (GrpcClientProtocolClient.java:onNext(255)) - client-0C76110B8A2B->ed5d81fa-aaf0-49db-aa57-acca1dd387bd: receive RaftClientReply:client-0C76110B8A2B->ed5d81fa-aaf0-49db-aa57-acca1dd387bd@group-729F0664FEA8, cid=543, SUCCESS, logIndex=801, commits[ed5d81fa-aaf0-49db-aa57-acca1dd387bd:c802]
2019-09-10 22:11:50,097 [grpc-default-executor-1] INFO  client.GrpcClientProtocolClient (GrpcClientProtocolClient.java:onNext(255)) - client-0C76110B8A2B->ed5d81fa-aaf0-49db-aa57-acca1dd387bd: receive RaftClientReply:client-0C76110B8A2B->ed5d81fa-aaf0-49db-aa57-acca1dd387bd@group-729F0664FEA8, cid=544, SUCCESS, logIndex=802, commits[ed5d81fa-aaf0-49db-aa57-acca1dd387bd:c803]
2019-09-10 22:11:50,162 [SCMBlockDeletingService#0] DEBUG block.SCMBlockDeletingService (SCMBlockDeletingService.java:call(138)) - Running DeletedBlockTransactionScanner
2019-09-10 22:11:50,162 [SCMBlockDeletingService#0] DEBUG block.SCMBlockDeletingService (SCMBlockDeletingService.java:call(155)) - Scanned deleted blocks log and got 0 delTX to process.
2019-09-10 22:11:50,177 [grpc-default-executor-0] INFO  client.GrpcClientProtocolClient (GrpcClientProtocolClient.java:onNext(255)) - client-0C76110B8A2B->ed5d81fa-aaf0-49db-aa57-acca1dd387bd: receive RaftClientReply:client-0C76110B8A2B->ed5d81fa-aaf0-49db-aa57-acca1dd387bd@group-729F0664FEA8, cid=545, SUCCESS, logIndex=805, commits[ed5d81fa-aaf0-49db-aa57-acca1dd387bd:c806]
2019-09-10 22:11:50,178 [grpc-default-executor-0] INFO  client.GrpcClientProtocolClient (GrpcClientProtocolClient.java:onNext(255)) - client-0C76110B8A2B->ed5d81fa-aaf0-49db-aa57-acca1dd387bd: receive RaftClientReply:client-0C76110B8A2B->ed5d81fa-aaf0-49db-aa57-acca1dd387bd@group-729F0664FEA8, cid=546, SUCCESS, logIndex=806, commits[ed5d81fa-aaf0-49db-aa57-acca1dd387bd:c809]
2019-09-10 22:11:50,179 [grpc-default-executor-0] INFO  client.GrpcClientProtocolClient (GrpcClientProtocolClient.java:onNext(255)) - client-0C76110B8A2B->ed5d81fa-aaf0-49db-aa57-acca1dd387bd: receive RaftClientReply:client-0C76110B8A2B->ed5d81fa-aaf0-49db-aa57-acca1dd387bd@group-729F0664FEA8, cid=547, SUCCESS, logIndex=807, commits[ed5d81fa-aaf0-49db-aa57-acca1dd387bd:c809]
2019-09-10 22:11:50,179 [grpc-default-executor-0] INFO  client.GrpcClientProtocolClient (GrpcClientProtocolClient.java:onNext(255)) - client-0C76110B8A2B->ed5d81fa-aaf0-49db-aa57-acca1dd387bd: receive RaftClientReply:client-0C76110B8A2B->ed5d81fa-aaf0-49db-aa57-acca1dd387bd@group-729F0664FEA8, cid=548, SUCCESS, logIndex=808, commits[ed5d81fa-aaf0-49db-aa57-acca1dd387bd:c810]
2019-09-10 22:11:50,200 [grpc-default-executor-1] INFO  client.GrpcClientProtocolClient (GrpcClientProtocolClient.java:onNext(255)) - client-0C76110B8A2B->ed5d81fa-aaf0-49db-aa57-acca1dd387bd: receive RaftClientReply:client-0C76110B8A2B->ed5d81fa-aaf0-49db-aa57-acca1dd387bd@group-729F0664FEA8, cid=549, SUCCESS, logIndex=811, commits[ed5d81fa-aaf0-49db-aa57-acca1dd387bd:c814]
2019-09-10 22:11:50,200 [grpc-default-executor-1] INFO  client.GrpcClientProtocolClient (GrpcClientProtocolClient.java:onNext(255)) - client-0C76110B8A2B->ed5d81fa-aaf0-49db-aa57-acca1dd387bd: receive RaftClientReply:client-0C76110B8A2B->ed5d81fa-aaf0-49db-aa57-acca1dd387bd@group-729F0664FEA8, cid=550, SUCCESS, logIndex=812, commits[ed5d81fa-aaf0-49db-aa57-acca1dd387bd:c814]
2019-09-10 22:11:50,201 [grpc-default-executor-1] INFO  client.GrpcClientProtocolClient (GrpcClientProtocolClient.java:onNext(255)) - client-0C76110B8A2B->ed5d81fa-aaf0-49db-aa57-acca1dd387bd: receive RaftClientReply:client-0C76110B8A2B->ed5d81fa-aaf0-49db-aa57-acca1dd387bd@group-729F0664FEA8, cid=551, SUCCESS, logIndex=813, commits[ed5d81fa-aaf0-49db-aa57-acca1dd387bd:c815]
2019-09-10 22:11:50,201 [grpc-default-executor-1] INFO  client.GrpcClientProtocolClient (GrpcClientProtocolClient.java:onNext(255)) - client-0C76110B8A2B->ed5d81fa-aaf0-49db-aa57-acca1dd387bd: receive RaftClientReply:client-0C76110B8A2B->ed5d81fa-aaf0-49db-aa57-acca1dd387bd@group-729F0664FEA8, cid=552, SUCCESS, logIndex=814, commits[ed5d81fa-aaf0-49db-aa57-acca1dd387bd:c816]
2019-09-10 22:11:50,226 [grpc-default-executor-1] INFO  client.GrpcClientProtocolClient (GrpcClientProtocolClient.java:onNext(255)) - client-0C76110B8A2B->ed5d81fa-aaf0-49db-aa57-acca1dd387bd: receive RaftClientReply:client-0C76110B8A2B->ed5d81fa-aaf0-49db-aa57-acca1dd387bd@group-729F0664FEA8, cid=553, SUCCESS, logIndex=817, commits[ed5d81fa-aaf0-49db-aa57-acca1dd387bd:c818]
2019-09-10 22:11:50,227 [grpc-default-executor-1] INFO  client.GrpcClientProtocolClient (GrpcClientProtocolClient.java:onNext(255)) - client-0C76110B8A2B->ed5d81fa-aaf0-49db-aa57-acca1dd387bd: receive RaftClientReply:client-0C76110B8A2B->ed5d81fa-aaf0-49db-aa57-acca1dd387bd@group-729F0664FEA8, cid=554, SUCCESS, logIndex=818, commits[ed5d81fa-aaf0-49db-aa57-acca1dd387bd:c820]
2019-09-10 22:11:50,227 [grpc-default-executor-1] INFO  client.GrpcClientProtocolClient (GrpcClientProtocolClient.java:onNext(255)) - client-0C76110B8A2B->ed5d81fa-aaf0-49db-aa57-acca1dd387bd: receive RaftClientReply:client-0C76110B8A2B->ed5d81fa-aaf0-49db-aa57-acca1dd387bd@group-729F0664FEA8, cid=555, SUCCESS, logIndex=819, commits[ed5d81fa-aaf0-49db-aa57-acca1dd387bd:c820]
2019-09-10 22:11:50,228 [grpc-default-executor-1] INFO  client.GrpcClientProtocolClient (GrpcClientProtocolClient.java:onNext(255)) - client-0C76110B8A2B->ed5d81fa-aaf0-49db-aa57-acca1dd387bd: receive RaftClientReply:client-0C76110B8A2B->ed5d81fa-aaf0-49db-aa57-acca1dd387bd@group-729F0664FEA8, cid=556, SUCCESS, logIndex=820, commits[ed5d81fa-aaf0-49db-aa57-acca1dd387bd:c821]
2019-09-10 22:11:50,246 [grpc-default-executor-1] INFO  client.GrpcClientProtocolClient (GrpcClientProtocolClient.java:onNext(255)) - client-0C76110B8A2B->ed5d81fa-aaf0-49db-aa57-acca1dd387bd: receive RaftClientReply:client-0C76110B8A2B->ed5d81fa-aaf0-49db-aa57-acca1dd387bd@group-729F0664FEA8, cid=557, SUCCESS, logIndex=823, commits[ed5d81fa-aaf0-49db-aa57-acca1dd387bd:c824]
2019-09-10 22:11:50,246 [grpc-default-executor-1] INFO  client.GrpcClientProtocolClient (GrpcClientProtocolClient.java:onNext(255)) - client-0C76110B8A2B->ed5d81fa-aaf0-49db-aa57-acca1dd387bd: receive RaftClientReply:client-0C76110B8A2B->ed5d81fa-aaf0-49db-aa57-acca1dd387bd@group-729F0664FEA8, cid=558, SUCCESS, logIndex=824, commits[ed5d81fa-aaf0-49db-aa57-acca1dd387bd:c826]
2019-09-10 22:11:50,247 [grpc-default-executor-1] INFO  client.GrpcClientProtocolClient (GrpcClientProtocolClient.java:onNext(255)) - client-0C76110B8A2B->ed5d81fa-aaf0-49db-aa57-acca1dd387bd: receive RaftClientReply:client-0C76110B8A2B->ed5d81fa-aaf0-49db-aa57-acca1dd387bd@group-729F0664FEA8, cid=559, SUCCESS, logIndex=825, commits[ed5d81fa-aaf0-49db-aa57-acca1dd387bd:c827]
2019-09-10 22:11:50,247 [grpc-default-executor-1] INFO  client.GrpcClientProtocolClient (GrpcClientProtocolClient.java:onNext(255)) - client-0C76110B8A2B->ed5d81fa-aaf0-49db-aa57-acca1dd387bd: receive RaftClientReply:client-0C76110B8A2B->ed5d81fa-aaf0-49db-aa57-acca1dd387bd@group-729F0664FEA8, cid=560, SUCCESS, logIndex=826, commits[ed5d81fa-aaf0-49db-aa57-acca1dd387bd:c827]
2019-09-10 22:11:50,263 [SCMBlockDeletingService#0] DEBUG block.SCMBlockDeletingService (SCMBlockDeletingService.java:call(138)) - Running DeletedBlockTransactionScanner
2019-09-10 22:11:50,263 [SCMBlockDeletingService#0] DEBUG block.SCMBlockDeletingService (SCMBlockDeletingService.java:call(155)) - Scanned deleted blocks log and got 0 delTX to process.
2019-09-10 22:11:50,270 [grpc-default-executor-0] INFO  client.GrpcClientProtocolClient (GrpcClientProtocolClient.java:onNext(255)) - client-0C76110B8A2B->ed5d81fa-aaf0-49db-aa57-acca1dd387bd: receive RaftClientReply:client-0C76110B8A2B->ed5d81fa-aaf0-49db-aa57-acca1dd387bd@group-729F0664FEA8, cid=561, SUCCESS, logIndex=829, commits[ed5d81fa-aaf0-49db-aa57-acca1dd387bd:c830]
2019-09-10 22:11:50,271 [grpc-default-executor-0] INFO  client.GrpcClientProtocolClient (GrpcClientProtocolClient.java:onNext(255)) - client-0C76110B8A2B->ed5d81fa-aaf0-49db-aa57-acca1dd387bd: receive RaftClientReply:client-0C76110B8A2B->ed5d81fa-aaf0-49db-aa57-acca1dd387bd@group-729F0664FEA8, cid=562, SUCCESS, logIndex=830, commits[ed5d81fa-aaf0-49db-aa57-acca1dd387bd:c832]
2019-09-10 22:11:50,271 [grpc-default-executor-0] INFO  client.GrpcClientProtocolClient (GrpcClientProtocolClient.java:onNext(255)) - client-0C76110B8A2B->ed5d81fa-aaf0-49db-aa57-acca1dd387bd: receive RaftClientReply:client-0C76110B8A2B->ed5d81fa-aaf0-49db-aa57-acca1dd387bd@group-729F0664FEA8, cid=563, SUCCESS, logIndex=831, commits[ed5d81fa-aaf0-49db-aa57-acca1dd387bd:c832]
2019-09-10 22:11:50,272 [grpc-default-executor-0] INFO  client.GrpcClientProtocolClient (GrpcClientProtocolClient.java:onNext(255)) - client-0C76110B8A2B->ed5d81fa-aaf0-49db-aa57-acca1dd387bd: receive RaftClientReply:client-0C76110B8A2B->ed5d81fa-aaf0-49db-aa57-acca1dd387bd@group-729F0664FEA8, cid=564, SUCCESS, logIndex=832, commits[ed5d81fa-aaf0-49db-aa57-acca1dd387bd:c832]
2019-09-10 22:11:50,290 [grpc-default-executor-1] INFO  client.GrpcClientProtocolClient (GrpcClientProtocolClient.java:onNext(255)) - client-0C76110B8A2B->ed5d81fa-aaf0-49db-aa57-acca1dd387bd: receive RaftClientReply:client-0C76110B8A2B->ed5d81fa-aaf0-49db-aa57-acca1dd387bd@group-729F0664FEA8, cid=565, SUCCESS, logIndex=835, commits[ed5d81fa-aaf0-49db-aa57-acca1dd387bd:c836]
2019-09-10 22:11:50,290 [grpc-default-executor-1] INFO  client.GrpcClientProtocolClient (GrpcClientProtocolClient.java:onNext(255)) - client-0C76110B8A2B->ed5d81fa-aaf0-49db-aa57-acca1dd387bd: receive RaftClientReply:client-0C76110B8A2B->ed5d81fa-aaf0-49db-aa57-acca1dd387bd@group-729F0664FEA8, cid=566, SUCCESS, logIndex=836, commits[ed5d81fa-aaf0-49db-aa57-acca1dd387bd:c838]
2019-09-10 22:11:50,291 [grpc-default-executor-1] INFO  client.GrpcClientProtocolClient (GrpcClientProtocolClient.java:onNext(255)) - client-0C76110B8A2B->ed5d81fa-aaf0-49db-aa57-acca1dd387bd: receive RaftClientReply:client-0C76110B8A2B->ed5d81fa-aaf0-49db-aa57-acca1dd387bd@group-729F0664FEA8, cid=567, SUCCESS, logIndex=837, commits[ed5d81fa-aaf0-49db-aa57-acca1dd387bd:c838]
2019-09-10 22:11:50,291 [grpc-default-executor-1] INFO  client.GrpcClientProtocolClient (GrpcClientProtocolClient.java:onNext(255)) - client-0C76110B8A2B->ed5d81fa-aaf0-49db-aa57-acca1dd387bd: receive RaftClientReply:client-0C76110B8A2B->ed5d81fa-aaf0-49db-aa57-acca1dd387bd@group-729F0664FEA8, cid=568, SUCCESS, logIndex=838, commits[ed5d81fa-aaf0-49db-aa57-acca1dd387bd:c839]
2019-09-10 22:11:50,316 [grpc-default-executor-1] INFO  client.GrpcClientProtocolClient (GrpcClientProtocolClient.java:onNext(255)) - client-0C76110B8A2B->ed5d81fa-aaf0-49db-aa57-acca1dd387bd: receive RaftClientReply:client-0C76110B8A2B->ed5d81fa-aaf0-49db-aa57-acca1dd387bd@group-729F0664FEA8, cid=569, SUCCESS, logIndex=841, commits[ed5d81fa-aaf0-49db-aa57-acca1dd387bd:c842]
2019-09-10 22:11:50,317 [grpc-default-executor-1] INFO  client.GrpcClientProtocolClient (GrpcClientProtocolClient.java:onNext(255)) - client-0C76110B8A2B->ed5d81fa-aaf0-49db-aa57-acca1dd387bd: receive RaftClientReply:client-0C76110B8A2B->ed5d81fa-aaf0-49db-aa57-acca1dd387bd@group-729F0664FEA8, cid=570, SUCCESS, logIndex=842, commits[ed5d81fa-aaf0-49db-aa57-acca1dd387bd:c844]
2019-09-10 22:11:50,318 [grpc-default-executor-1] INFO  client.GrpcClientProtocolClient (GrpcClientProtocolClient.java:onNext(255)) - client-0C76110B8A2B->ed5d81fa-aaf0-49db-aa57-acca1dd387bd: receive RaftClientReply:client-0C76110B8A2B->ed5d81fa-aaf0-49db-aa57-acca1dd387bd@group-729F0664FEA8, cid=571, SUCCESS, logIndex=843, commits[ed5d81fa-aaf0-49db-aa57-acca1dd387bd:c845]
2019-09-10 22:11:50,318 [grpc-default-executor-1] INFO  client.GrpcClientProtocolClient (GrpcClientProtocolClient.java:onNext(255)) - client-0C76110B8A2B->ed5d81fa-aaf0-49db-aa57-acca1dd387bd: receive RaftClientReply:client-0C76110B8A2B->ed5d81fa-aaf0-49db-aa57-acca1dd387bd@group-729F0664FEA8, cid=572, SUCCESS, logIndex=844, commits[ed5d81fa-aaf0-49db-aa57-acca1dd387bd:c846]
2019-09-10 22:11:50,337 [grpc-default-executor-1] INFO  client.GrpcClientProtocolClient (GrpcClientProtocolClient.java:onNext(255)) - client-0C76110B8A2B->ed5d81fa-aaf0-49db-aa57-acca1dd387bd: receive RaftClientReply:client-0C76110B8A2B->ed5d81fa-aaf0-49db-aa57-acca1dd387bd@group-729F0664FEA8, cid=573, SUCCESS, logIndex=847, commits[ed5d81fa-aaf0-49db-aa57-acca1dd387bd:c848]
2019-09-10 22:11:50,337 [grpc-default-executor-1] INFO  client.GrpcClientProtocolClient (GrpcClientProtocolClient.java:onNext(255)) - client-0C76110B8A2B->ed5d81fa-aaf0-49db-aa57-acca1dd387bd: receive RaftClientReply:client-0C76110B8A2B->ed5d81fa-aaf0-49db-aa57-acca1dd387bd@group-729F0664FEA8, cid=574, SUCCESS, logIndex=848, commits[ed5d81fa-aaf0-49db-aa57-acca1dd387bd:c849]
2019-09-10 22:11:50,364 [SCMBlockDeletingService#0] DEBUG block.SCMBlockDeletingService (SCMBlockDeletingService.java:call(138)) - Running DeletedBlockTransactionScanner
2019-09-10 22:11:50,364 [SCMBlockDeletingService#0] DEBUG block.SCMBlockDeletingService (SCMBlockDeletingService.java:call(155)) - Scanned deleted blocks log and got 0 delTX to process.
2019-09-10 22:11:50,445 [grpc-default-executor-1] INFO  client.GrpcClientProtocolClient (GrpcClientProtocolClient.java:onNext(255)) - client-0C76110B8A2B->ed5d81fa-aaf0-49db-aa57-acca1dd387bd: receive RaftClientReply:client-0C76110B8A2B->ed5d81fa-aaf0-49db-aa57-acca1dd387bd@group-729F0664FEA8, cid=575, SUCCESS, logIndex=850, commits[ed5d81fa-aaf0-49db-aa57-acca1dd387bd:c851]
2019-09-10 22:11:50,446 [grpc-default-executor-1] INFO  client.GrpcClientProtocolClient (GrpcClientProtocolClient.java:onNext(255)) - client-0C76110B8A2B->ed5d81fa-aaf0-49db-aa57-acca1dd387bd: receive RaftClientReply:client-0C76110B8A2B->ed5d81fa-aaf0-49db-aa57-acca1dd387bd@group-729F0664FEA8, cid=576, SUCCESS, logIndex=851, commits[ed5d81fa-aaf0-49db-aa57-acca1dd387bd:c852]
2019-09-10 22:11:50,464 [SCMBlockDeletingService#0] DEBUG block.SCMBlockDeletingService (SCMBlockDeletingService.java:call(138)) - Running DeletedBlockTransactionScanner
2019-09-10 22:11:50,464 [SCMBlockDeletingService#0] DEBUG block.SCMBlockDeletingService (SCMBlockDeletingService.java:call(155)) - Scanned deleted blocks log and got 0 delTX to process.
2019-09-10 22:11:50,473 [grpc-default-executor-1] INFO  client.GrpcClientProtocolClient (GrpcClientProtocolClient.java:onNext(255)) - client-0C76110B8A2B->ed5d81fa-aaf0-49db-aa57-acca1dd387bd: receive RaftClientReply:client-0C76110B8A2B->ed5d81fa-aaf0-49db-aa57-acca1dd387bd@group-729F0664FEA8, cid=577, SUCCESS, logIndex=853, commits[ed5d81fa-aaf0-49db-aa57-acca1dd387bd:c854]
2019-09-10 22:11:50,473 [grpc-default-executor-1] INFO  client.GrpcClientProtocolClient (GrpcClientProtocolClient.java:onNext(255)) - client-0C76110B8A2B->ed5d81fa-aaf0-49db-aa57-acca1dd387bd: receive RaftClientReply:client-0C76110B8A2B->ed5d81fa-aaf0-49db-aa57-acca1dd387bd@group-729F0664FEA8, cid=578, SUCCESS, logIndex=854, commits[ed5d81fa-aaf0-49db-aa57-acca1dd387bd:c854]
2019-09-10 22:11:50,474 [grpc-default-executor-1] INFO  client.GrpcClientProtocolClient (GrpcClientProtocolClient.java:onNext(255)) - client-0C76110B8A2B->ed5d81fa-aaf0-49db-aa57-acca1dd387bd: receive RaftClientReply:client-0C76110B8A2B->ed5d81fa-aaf0-49db-aa57-acca1dd387bd@group-729F0664FEA8, cid=579, SUCCESS, logIndex=855, commits[ed5d81fa-aaf0-49db-aa57-acca1dd387bd:c856]
2019-09-10 22:11:50,474 [grpc-default-executor-1] INFO  client.GrpcClientProtocolClient (GrpcClientProtocolClient.java:onNext(255)) - client-0C76110B8A2B->ed5d81fa-aaf0-49db-aa57-acca1dd387bd: receive RaftClientReply:client-0C76110B8A2B->ed5d81fa-aaf0-49db-aa57-acca1dd387bd@group-729F0664FEA8, cid=580, SUCCESS, logIndex=856, commits[ed5d81fa-aaf0-49db-aa57-acca1dd387bd:c856]
2019-09-10 22:11:50,495 [grpc-default-executor-1] INFO  client.GrpcClientProtocolClient (GrpcClientProtocolClient.java:onNext(255)) - client-0C76110B8A2B->ed5d81fa-aaf0-49db-aa57-acca1dd387bd: receive RaftClientReply:client-0C76110B8A2B->ed5d81fa-aaf0-49db-aa57-acca1dd387bd@group-729F0664FEA8, cid=581, SUCCESS, logIndex=859, commits[ed5d81fa-aaf0-49db-aa57-acca1dd387bd:c860]
2019-09-10 22:11:50,495 [grpc-default-executor-1] INFO  client.GrpcClientProtocolClient (GrpcClientProtocolClient.java:onNext(255)) - client-0C76110B8A2B->ed5d81fa-aaf0-49db-aa57-acca1dd387bd: receive RaftClientReply:client-0C76110B8A2B->ed5d81fa-aaf0-49db-aa57-acca1dd387bd@group-729F0664FEA8, cid=582, SUCCESS, logIndex=860, commits[ed5d81fa-aaf0-49db-aa57-acca1dd387bd:c862]
2019-09-10 22:11:50,496 [grpc-default-executor-1] INFO  client.GrpcClientProtocolClient (GrpcClientProtocolClient.java:onNext(255)) - client-0C76110B8A2B->ed5d81fa-aaf0-49db-aa57-acca1dd387bd: receive RaftClientReply:client-0C76110B8A2B->ed5d81fa-aaf0-49db-aa57-acca1dd387bd@group-729F0664FEA8, cid=583, SUCCESS, logIndex=861, commits[ed5d81fa-aaf0-49db-aa57-acca1dd387bd:c863]
2019-09-10 22:11:50,496 [grpc-default-executor-1] INFO  client.GrpcClientProtocolClient (GrpcClientProtocolClient.java:onNext(255)) - client-0C76110B8A2B->ed5d81fa-aaf0-49db-aa57-acca1dd387bd: receive RaftClientReply:client-0C76110B8A2B->ed5d81fa-aaf0-49db-aa57-acca1dd387bd@group-729F0664FEA8, cid=584, SUCCESS, logIndex=862, commits[ed5d81fa-aaf0-49db-aa57-acca1dd387bd:c863]
2019-09-10 22:11:50,524 [grpc-default-executor-0] INFO  client.GrpcClientProtocolClient (GrpcClientProtocolClient.java:onNext(255)) - client-0C76110B8A2B->ed5d81fa-aaf0-49db-aa57-acca1dd387bd: receive RaftClientReply:client-0C76110B8A2B->ed5d81fa-aaf0-49db-aa57-acca1dd387bd@group-729F0664FEA8, cid=585, SUCCESS, logIndex=865, commits[ed5d81fa-aaf0-49db-aa57-acca1dd387bd:c866]
2019-09-10 22:11:50,525 [grpc-default-executor-0] INFO  client.GrpcClientProtocolClient (GrpcClientProtocolClient.java:onNext(255)) - client-0C76110B8A2B->ed5d81fa-aaf0-49db-aa57-acca1dd387bd: receive RaftClientReply:client-0C76110B8A2B->ed5d81fa-aaf0-49db-aa57-acca1dd387bd@group-729F0664FEA8, cid=586, SUCCESS, logIndex=866, commits[ed5d81fa-aaf0-49db-aa57-acca1dd387bd:c868]
2019-09-10 22:11:50,525 [grpc-default-executor-0] INFO  client.GrpcClientProtocolClient (GrpcClientProtocolClient.java:onNext(255)) - client-0C76110B8A2B->ed5d81fa-aaf0-49db-aa57-acca1dd387bd: receive RaftClientReply:client-0C76110B8A2B->ed5d81fa-aaf0-49db-aa57-acca1dd387bd@group-729F0664FEA8, cid=587, SUCCESS, logIndex=867, commits[ed5d81fa-aaf0-49db-aa57-acca1dd387bd:c869]
2019-09-10 22:11:50,525 [grpc-default-executor-0] INFO  client.GrpcClientProtocolClient (GrpcClientProtocolClient.java:onNext(255)) - client-0C76110B8A2B->ed5d81fa-aaf0-49db-aa57-acca1dd387bd: receive RaftClientReply:client-0C76110B8A2B->ed5d81fa-aaf0-49db-aa57-acca1dd387bd@group-729F0664FEA8, cid=588, SUCCESS, logIndex=868, commits[ed5d81fa-aaf0-49db-aa57-acca1dd387bd:c870]
2019-09-10 22:11:50,558 [grpc-default-executor-1] INFO  client.GrpcClientProtocolClient (GrpcClientProtocolClient.java:onNext(255)) - client-0C76110B8A2B->ed5d81fa-aaf0-49db-aa57-acca1dd387bd: receive RaftClientReply:client-0C76110B8A2B->ed5d81fa-aaf0-49db-aa57-acca1dd387bd@group-729F0664FEA8, cid=589, SUCCESS, logIndex=871, commits[ed5d81fa-aaf0-49db-aa57-acca1dd387bd:c872]
2019-09-10 22:11:50,559 [grpc-default-executor-1] INFO  client.GrpcClientProtocolClient (GrpcClientProtocolClient.java:onNext(255)) - client-0C76110B8A2B->ed5d81fa-aaf0-49db-aa57-acca1dd387bd: receive RaftClientReply:client-0C76110B8A2B->ed5d81fa-aaf0-49db-aa57-acca1dd387bd@group-729F0664FEA8, cid=590, SUCCESS, logIndex=872, commits[ed5d81fa-aaf0-49db-aa57-acca1dd387bd:c874]
2019-09-10 22:11:50,559 [grpc-default-executor-1] INFO  client.GrpcClientProtocolClient (GrpcClientProtocolClient.java:onNext(255)) - client-0C76110B8A2B->ed5d81fa-aaf0-49db-aa57-acca1dd387bd: receive RaftClientReply:client-0C76110B8A2B->ed5d81fa-aaf0-49db-aa57-acca1dd387bd@group-729F0664FEA8, cid=591, SUCCESS, logIndex=873, commits[ed5d81fa-aaf0-49db-aa57-acca1dd387bd:c875]
2019-09-10 22:11:50,560 [grpc-default-executor-1] INFO  client.GrpcClientProtocolClient (GrpcClientProtocolClient.java:onNext(255)) - client-0C76110B8A2B->ed5d81fa-aaf0-49db-aa57-acca1dd387bd: receive RaftClientReply:client-0C76110B8A2B->ed5d81fa-aaf0-49db-aa57-acca1dd387bd@group-729F0664FEA8, cid=592, SUCCESS, logIndex=874, commits[ed5d81fa-aaf0-49db-aa57-acca1dd387bd:c876]
2019-09-10 22:11:50,565 [SCMBlockDeletingService#0] DEBUG block.SCMBlockDeletingService (SCMBlockDeletingService.java:call(138)) - Running DeletedBlockTransactionScanner
2019-09-10 22:11:50,565 [SCMBlockDeletingService#0] DEBUG block.SCMBlockDeletingService (SCMBlockDeletingService.java:call(155)) - Scanned deleted blocks log and got 0 delTX to process.
2019-09-10 22:11:50,589 [grpc-default-executor-1] INFO  client.GrpcClientProtocolClient (GrpcClientProtocolClient.java:onNext(255)) - client-0C76110B8A2B->ed5d81fa-aaf0-49db-aa57-acca1dd387bd: receive RaftClientReply:client-0C76110B8A2B->ed5d81fa-aaf0-49db-aa57-acca1dd387bd@group-729F0664FEA8, cid=593, SUCCESS, logIndex=877, commits[ed5d81fa-aaf0-49db-aa57-acca1dd387bd:c880]
2019-09-10 22:11:50,589 [grpc-default-executor-1] INFO  client.GrpcClientProtocolClient (GrpcClientProtocolClient.java:onNext(255)) - client-0C76110B8A2B->ed5d81fa-aaf0-49db-aa57-acca1dd387bd: receive RaftClientReply:client-0C76110B8A2B->ed5d81fa-aaf0-49db-aa57-acca1dd387bd@group-729F0664FEA8, cid=594, SUCCESS, logIndex=878, commits[ed5d81fa-aaf0-49db-aa57-acca1dd387bd:c881]
2019-09-10 22:11:50,590 [grpc-default-executor-1] INFO  client.GrpcClientProtocolClient (GrpcClientProtocolClient.java:onNext(255)) - client-0C76110B8A2B->ed5d81fa-aaf0-49db-aa57-acca1dd387bd: receive RaftClientReply:client-0C76110B8A2B->ed5d81fa-aaf0-49db-aa57-acca1dd387bd@group-729F0664FEA8, cid=595, SUCCESS, logIndex=879, commits[ed5d81fa-aaf0-49db-aa57-acca1dd387bd:c882]
2019-09-10 22:11:50,590 [grpc-default-executor-1] INFO  client.GrpcClientProtocolClient (GrpcClientProtocolClient.java:onNext(255)) - client-0C76110B8A2B->ed5d81fa-aaf0-49db-aa57-acca1dd387bd: receive RaftClientReply:client-0C76110B8A2B->ed5d81fa-aaf0-49db-aa57-acca1dd387bd@group-729F0664FEA8, cid=596, SUCCESS, logIndex=880, commits[ed5d81fa-aaf0-49db-aa57-acca1dd387bd:c882]
2019-09-10 22:11:50,610 [grpc-default-executor-0] INFO  client.GrpcClientProtocolClient (GrpcClientProtocolClient.java:onNext(255)) - client-0C76110B8A2B->ed5d81fa-aaf0-49db-aa57-acca1dd387bd: receive RaftClientReply:client-0C76110B8A2B->ed5d81fa-aaf0-49db-aa57-acca1dd387bd@group-729F0664FEA8, cid=597, SUCCESS, logIndex=883, commits[ed5d81fa-aaf0-49db-aa57-acca1dd387bd:c884]
2019-09-10 22:11:50,611 [grpc-default-executor-0] INFO  client.GrpcClientProtocolClient (GrpcClientProtocolClient.java:onNext(255)) - client-0C76110B8A2B->ed5d81fa-aaf0-49db-aa57-acca1dd387bd: receive RaftClientReply:client-0C76110B8A2B->ed5d81fa-aaf0-49db-aa57-acca1dd387bd@group-729F0664FEA8, cid=598, SUCCESS, logIndex=884, commits[ed5d81fa-aaf0-49db-aa57-acca1dd387bd:c886]
2019-09-10 22:11:50,611 [grpc-default-executor-0] INFO  client.GrpcClientProtocolClient (GrpcClientProtocolClient.java:onNext(255)) - client-0C76110B8A2B->ed5d81fa-aaf0-49db-aa57-acca1dd387bd: receive RaftClientReply:client-0C76110B8A2B->ed5d81fa-aaf0-49db-aa57-acca1dd387bd@group-729F0664FEA8, cid=599, SUCCESS, logIndex=885, commits[ed5d81fa-aaf0-49db-aa57-acca1dd387bd:c887]
2019-09-10 22:11:50,612 [grpc-default-executor-0] INFO  client.GrpcClientProtocolClient (GrpcClientProtocolClient.java:onNext(255)) - client-0C76110B8A2B->ed5d81fa-aaf0-49db-aa57-acca1dd387bd: receive RaftClientReply:client-0C76110B8A2B->ed5d81fa-aaf0-49db-aa57-acca1dd387bd@group-729F0664FEA8, cid=600, SUCCESS, logIndex=886, commits[ed5d81fa-aaf0-49db-aa57-acca1dd387bd:c888]
2019-09-10 22:11:50,638 [grpc-default-executor-1] INFO  client.GrpcClientProtocolClient (GrpcClientProtocolClient.java:onNext(255)) - client-0C76110B8A2B->ed5d81fa-aaf0-49db-aa57-acca1dd387bd: receive RaftClientReply:client-0C76110B8A2B->ed5d81fa-aaf0-49db-aa57-acca1dd387bd@group-729F0664FEA8, cid=601, SUCCESS, logIndex=889, commits[ed5d81fa-aaf0-49db-aa57-acca1dd387bd:c890]
2019-09-10 22:11:50,638 [grpc-default-executor-1] INFO  client.GrpcClientProtocolClient (GrpcClientProtocolClient.java:onNext(255)) - client-0C76110B8A2B->ed5d81fa-aaf0-49db-aa57-acca1dd387bd: receive RaftClientReply:client-0C76110B8A2B->ed5d81fa-aaf0-49db-aa57-acca1dd387bd@group-729F0664FEA8, cid=602, SUCCESS, logIndex=890, commits[ed5d81fa-aaf0-49db-aa57-acca1dd387bd:c892]
2019-09-10 22:11:50,639 [grpc-default-executor-1] INFO  client.GrpcClientProtocolClient (GrpcClientProtocolClient.java:onNext(255)) - client-0C76110B8A2B->ed5d81fa-aaf0-49db-aa57-acca1dd387bd: receive RaftClientReply:client-0C76110B8A2B->ed5d81fa-aaf0-49db-aa57-acca1dd387bd@group-729F0664FEA8, cid=603, SUCCESS, logIndex=891, commits[ed5d81fa-aaf0-49db-aa57-acca1dd387bd:c892]
2019-09-10 22:11:50,639 [grpc-default-executor-1] INFO  client.GrpcClientProtocolClient (GrpcClientProtocolClient.java:onNext(255)) - client-0C76110B8A2B->ed5d81fa-aaf0-49db-aa57-acca1dd387bd: receive RaftClientReply:client-0C76110B8A2B->ed5d81fa-aaf0-49db-aa57-acca1dd387bd@group-729F0664FEA8, cid=604, SUCCESS, logIndex=892, commits[ed5d81fa-aaf0-49db-aa57-acca1dd387bd:c893]
2019-09-10 22:11:50,660 [grpc-default-executor-0] INFO  client.GrpcClientProtocolClient (GrpcClientProtocolClient.java:onNext(255)) - client-0C76110B8A2B->ed5d81fa-aaf0-49db-aa57-acca1dd387bd: receive RaftClientReply:client-0C76110B8A2B->ed5d81fa-aaf0-49db-aa57-acca1dd387bd@group-729F0664FEA8, cid=605, SUCCESS, logIndex=895, commits[ed5d81fa-aaf0-49db-aa57-acca1dd387bd:c896]
2019-09-10 22:11:50,661 [grpc-default-executor-0] INFO  client.GrpcClientProtocolClient (GrpcClientProtocolClient.java:onNext(255)) - client-0C76110B8A2B->ed5d81fa-aaf0-49db-aa57-acca1dd387bd: receive RaftClientReply:client-0C76110B8A2B->ed5d81fa-aaf0-49db-aa57-acca1dd387bd@group-729F0664FEA8, cid=606, SUCCESS, logIndex=896, commits[ed5d81fa-aaf0-49db-aa57-acca1dd387bd:c898]
2019-09-10 22:11:50,661 [grpc-default-executor-0] INFO  client.GrpcClientProtocolClient (GrpcClientProtocolClient.java:onNext(255)) - client-0C76110B8A2B->ed5d81fa-aaf0-49db-aa57-acca1dd387bd: receive RaftClientReply:client-0C76110B8A2B->ed5d81fa-aaf0-49db-aa57-acca1dd387bd@group-729F0664FEA8, cid=607, SUCCESS, logIndex=897, commits[ed5d81fa-aaf0-49db-aa57-acca1dd387bd:c899]
2019-09-10 22:11:50,661 [grpc-default-executor-0] INFO  client.GrpcClientProtocolClient (GrpcClientProtocolClient.java:onNext(255)) - client-0C76110B8A2B->ed5d81fa-aaf0-49db-aa57-acca1dd387bd: receive RaftClientReply:client-0C76110B8A2B->ed5d81fa-aaf0-49db-aa57-acca1dd387bd@group-729F0664FEA8, cid=608, SUCCESS, logIndex=898, commits[ed5d81fa-aaf0-49db-aa57-acca1dd387bd:c900]
2019-09-10 22:11:50,665 [SCMBlockDeletingService#1] DEBUG block.SCMBlockDeletingService (SCMBlockDeletingService.java:call(138)) - Running DeletedBlockTransactionScanner
2019-09-10 22:11:50,665 [SCMBlockDeletingService#1] DEBUG block.SCMBlockDeletingService (SCMBlockDeletingService.java:call(155)) - Scanned deleted blocks log and got 0 delTX to process.
2019-09-10 22:11:50,690 [grpc-default-executor-1] INFO  client.GrpcClientProtocolClient (GrpcClientProtocolClient.java:onNext(255)) - client-0C76110B8A2B->ed5d81fa-aaf0-49db-aa57-acca1dd387bd: receive RaftClientReply:client-0C76110B8A2B->ed5d81fa-aaf0-49db-aa57-acca1dd387bd@group-729F0664FEA8, cid=609, SUCCESS, logIndex=901, commits[ed5d81fa-aaf0-49db-aa57-acca1dd387bd:c902]
2019-09-10 22:11:50,691 [grpc-default-executor-1] INFO  client.GrpcClientProtocolClient (GrpcClientProtocolClient.java:onNext(255)) - client-0C76110B8A2B->ed5d81fa-aaf0-49db-aa57-acca1dd387bd: receive RaftClientReply:client-0C76110B8A2B->ed5d81fa-aaf0-49db-aa57-acca1dd387bd@group-729F0664FEA8, cid=610, SUCCESS, logIndex=902, commits[ed5d81fa-aaf0-49db-aa57-acca1dd387bd:c904]
2019-09-10 22:11:50,692 [grpc-default-executor-1] INFO  client.GrpcClientProtocolClient (GrpcClientProtocolClient.java:onNext(255)) - client-0C76110B8A2B->ed5d81fa-aaf0-49db-aa57-acca1dd387bd: receive RaftClientReply:client-0C76110B8A2B->ed5d81fa-aaf0-49db-aa57-acca1dd387bd@group-729F0664FEA8, cid=611, SUCCESS, logIndex=903, commits[ed5d81fa-aaf0-49db-aa57-acca1dd387bd:c905]
2019-09-10 22:11:50,692 [grpc-default-executor-1] INFO  client.GrpcClientProtocolClient (GrpcClientProtocolClient.java:onNext(255)) - client-0C76110B8A2B->ed5d81fa-aaf0-49db-aa57-acca1dd387bd: receive RaftClientReply:client-0C76110B8A2B->ed5d81fa-aaf0-49db-aa57-acca1dd387bd@group-729F0664FEA8, cid=612, SUCCESS, logIndex=904, commits[ed5d81fa-aaf0-49db-aa57-acca1dd387bd:c906]
2019-09-10 22:11:50,713 [grpc-default-executor-0] INFO  client.GrpcClientProtocolClient (GrpcClientProtocolClient.java:onNext(255)) - client-0C76110B8A2B->ed5d81fa-aaf0-49db-aa57-acca1dd387bd: receive RaftClientReply:client-0C76110B8A2B->ed5d81fa-aaf0-49db-aa57-acca1dd387bd@group-729F0664FEA8, cid=613, SUCCESS, logIndex=907, commits[ed5d81fa-aaf0-49db-aa57-acca1dd387bd:c908]
2019-09-10 22:11:50,713 [grpc-default-executor-0] INFO  client.GrpcClientProtocolClient (GrpcClientProtocolClient.java:onNext(255)) - client-0C76110B8A2B->ed5d81fa-aaf0-49db-aa57-acca1dd387bd: receive RaftClientReply:client-0C76110B8A2B->ed5d81fa-aaf0-49db-aa57-acca1dd387bd@group-729F0664FEA8, cid=614, SUCCESS, logIndex=908, commits[ed5d81fa-aaf0-49db-aa57-acca1dd387bd:c910]
2019-09-10 22:11:50,713 [grpc-default-executor-0] INFO  client.GrpcClientProtocolClient (GrpcClientProtocolClient.java:onNext(255)) - client-0C76110B8A2B->ed5d81fa-aaf0-49db-aa57-acca1dd387bd: receive RaftClientReply:client-0C76110B8A2B->ed5d81fa-aaf0-49db-aa57-acca1dd387bd@group-729F0664FEA8, cid=615, SUCCESS, logIndex=909, commits[ed5d81fa-aaf0-49db-aa57-acca1dd387bd:c911]
2019-09-10 22:11:50,714 [grpc-default-executor-0] INFO  client.GrpcClientProtocolClient (GrpcClientProtocolClient.java:onNext(255)) - client-0C76110B8A2B->ed5d81fa-aaf0-49db-aa57-acca1dd387bd: receive RaftClientReply:client-0C76110B8A2B->ed5d81fa-aaf0-49db-aa57-acca1dd387bd@group-729F0664FEA8, cid=616, SUCCESS, logIndex=910, commits[ed5d81fa-aaf0-49db-aa57-acca1dd387bd:c912]
2019-09-10 22:11:50,834 [SCMBlockDeletingService#1] DEBUG block.SCMBlockDeletingService (SCMBlockDeletingService.java:call(138)) - Running DeletedBlockTransactionScanner
2019-09-10 22:11:50,835 [SCMBlockDeletingService#1] DEBUG block.SCMBlockDeletingService (SCMBlockDeletingService.java:call(155)) - Scanned deleted blocks log and got 0 delTX to process.
2019-09-10 22:11:50,836 [grpc-default-executor-0] INFO  client.GrpcClientProtocolClient (GrpcClientProtocolClient.java:onNext(255)) - client-0C76110B8A2B->ed5d81fa-aaf0-49db-aa57-acca1dd387bd: receive RaftClientReply:client-0C76110B8A2B->ed5d81fa-aaf0-49db-aa57-acca1dd387bd@group-729F0664FEA8, cid=617, SUCCESS, logIndex=913, commits[ed5d81fa-aaf0-49db-aa57-acca1dd387bd:c914]
2019-09-10 22:11:50,846 [grpc-default-executor-0] INFO  client.GrpcClientProtocolClient (GrpcClientProtocolClient.java:onNext(255)) - client-0C76110B8A2B->ed5d81fa-aaf0-49db-aa57-acca1dd387bd: receive RaftClientReply:client-0C76110B8A2B->ed5d81fa-aaf0-49db-aa57-acca1dd387bd@group-729F0664FEA8, cid=618, SUCCESS, logIndex=914, commits[ed5d81fa-aaf0-49db-aa57-acca1dd387bd:c914]
2019-09-10 22:11:50,935 [SCMBlockDeletingService#1] DEBUG block.SCMBlockDeletingService (SCMBlockDeletingService.java:call(138)) - Running DeletedBlockTransactionScanner
2019-09-10 22:11:50,935 [SCMBlockDeletingService#1] DEBUG block.SCMBlockDeletingService (SCMBlockDeletingService.java:call(155)) - Scanned deleted blocks log and got 0 delTX to process.
2019-09-10 22:11:50,942 [grpc-default-executor-1] INFO  client.GrpcClientProtocolClient (GrpcClientProtocolClient.java:onNext(255)) - client-0C76110B8A2B->ed5d81fa-aaf0-49db-aa57-acca1dd387bd: receive RaftClientReply:client-0C76110B8A2B->ed5d81fa-aaf0-49db-aa57-acca1dd387bd@group-729F0664FEA8, cid=619, SUCCESS, logIndex=916, commits[ed5d81fa-aaf0-49db-aa57-acca1dd387bd:c917]
2019-09-10 22:11:50,943 [grpc-default-executor-1] INFO  client.GrpcClientProtocolClient (GrpcClientProtocolClient.java:onNext(255)) - client-0C76110B8A2B->ed5d81fa-aaf0-49db-aa57-acca1dd387bd: receive RaftClientReply:client-0C76110B8A2B->ed5d81fa-aaf0-49db-aa57-acca1dd387bd@group-729F0664FEA8, cid=620, SUCCESS, logIndex=917, commits[ed5d81fa-aaf0-49db-aa57-acca1dd387bd:c918]
2019-09-10 22:11:50,963 [grpc-default-executor-1] INFO  client.GrpcClientProtocolClient (GrpcClientProtocolClient.java:onNext(255)) - client-0C76110B8A2B->ed5d81fa-aaf0-49db-aa57-acca1dd387bd: receive RaftClientReply:client-0C76110B8A2B->ed5d81fa-aaf0-49db-aa57-acca1dd387bd@group-729F0664FEA8, cid=621, SUCCESS, logIndex=919, commits[ed5d81fa-aaf0-49db-aa57-acca1dd387bd:c922]
2019-09-10 22:11:50,964 [grpc-default-executor-1] INFO  client.GrpcClientProtocolClient (GrpcClientProtocolClient.java:onNext(255)) - client-0C76110B8A2B->ed5d81fa-aaf0-49db-aa57-acca1dd387bd: receive RaftClientReply:client-0C76110B8A2B->ed5d81fa-aaf0-49db-aa57-acca1dd387bd@group-729F0664FEA8, cid=622, SUCCESS, logIndex=920, commits[ed5d81fa-aaf0-49db-aa57-acca1dd387bd:c923]
2019-09-10 22:11:50,964 [grpc-default-executor-1] INFO  client.GrpcClientProtocolClient (GrpcClientProtocolClient.java:onNext(255)) - client-0C76110B8A2B->ed5d81fa-aaf0-49db-aa57-acca1dd387bd: receive RaftClientReply:client-0C76110B8A2B->ed5d81fa-aaf0-49db-aa57-acca1dd387bd@group-729F0664FEA8, cid=623, SUCCESS, logIndex=921, commits[ed5d81fa-aaf0-49db-aa57-acca1dd387bd:c923]
2019-09-10 22:11:50,965 [grpc-default-executor-1] INFO  client.GrpcClientProtocolClient (GrpcClientProtocolClient.java:onNext(255)) - client-0C76110B8A2B->ed5d81fa-aaf0-49db-aa57-acca1dd387bd: receive RaftClientReply:client-0C76110B8A2B->ed5d81fa-aaf0-49db-aa57-acca1dd387bd@group-729F0664FEA8, cid=624, SUCCESS, logIndex=922, commits[ed5d81fa-aaf0-49db-aa57-acca1dd387bd:c923]
2019-09-10 22:11:50,992 [grpc-default-executor-1] INFO  client.GrpcClientProtocolClient (GrpcClientProtocolClient.java:onNext(255)) - client-0C76110B8A2B->ed5d81fa-aaf0-49db-aa57-acca1dd387bd: receive RaftClientReply:client-0C76110B8A2B->ed5d81fa-aaf0-49db-aa57-acca1dd387bd@group-729F0664FEA8, cid=625, SUCCESS, logIndex=924, commits[ed5d81fa-aaf0-49db-aa57-acca1dd387bd:c927]
2019-09-10 22:11:50,992 [grpc-default-executor-1] INFO  client.GrpcClientProtocolClient (GrpcClientProtocolClient.java:onNext(255)) - client-0C76110B8A2B->ed5d81fa-aaf0-49db-aa57-acca1dd387bd: receive RaftClientReply:client-0C76110B8A2B->ed5d81fa-aaf0-49db-aa57-acca1dd387bd@group-729F0664FEA8, cid=626, SUCCESS, logIndex=925, commits[ed5d81fa-aaf0-49db-aa57-acca1dd387bd:c928]
2019-09-10 22:11:50,993 [grpc-default-executor-1] INFO  client.GrpcClientProtocolClient (GrpcClientProtocolClient.java:onNext(255)) - client-0C76110B8A2B->ed5d81fa-aaf0-49db-aa57-acca1dd387bd: receive RaftClientReply:client-0C76110B8A2B->ed5d81fa-aaf0-49db-aa57-acca1dd387bd@group-729F0664FEA8, cid=627, SUCCESS, logIndex=926, commits[ed5d81fa-aaf0-49db-aa57-acca1dd387bd:c928]
2019-09-10 22:11:50,993 [grpc-default-executor-1] INFO  client.GrpcClientProtocolClient (GrpcClientProtocolClient.java:onNext(255)) - client-0C76110B8A2B->ed5d81fa-aaf0-49db-aa57-acca1dd387bd: receive RaftClientReply:client-0C76110B8A2B->ed5d81fa-aaf0-49db-aa57-acca1dd387bd@group-729F0664FEA8, cid=628, SUCCESS, logIndex=927, commits[ed5d81fa-aaf0-49db-aa57-acca1dd387bd:c928]
2019-09-10 22:11:51,012 [grpc-default-executor-1] INFO  client.GrpcClientProtocolClient (GrpcClientProtocolClient.java:onNext(255)) - client-0C76110B8A2B->ed5d81fa-aaf0-49db-aa57-acca1dd387bd: receive RaftClientReply:client-0C76110B8A2B->ed5d81fa-aaf0-49db-aa57-acca1dd387bd@group-729F0664FEA8, cid=629, SUCCESS, logIndex=929, commits[ed5d81fa-aaf0-49db-aa57-acca1dd387bd:c930]
2019-09-10 22:11:51,012 [grpc-default-executor-1] INFO  client.GrpcClientProtocolClient (GrpcClientProtocolClient.java:onNext(255)) - client-0C76110B8A2B->ed5d81fa-aaf0-49db-aa57-acca1dd387bd: receive RaftClientReply:client-0C76110B8A2B->ed5d81fa-aaf0-49db-aa57-acca1dd387bd@group-729F0664FEA8, cid=630, SUCCESS, logIndex=930, commits[ed5d81fa-aaf0-49db-aa57-acca1dd387bd:c932]
2019-09-10 22:11:51,013 [grpc-default-executor-1] INFO  client.GrpcClientProtocolClient (GrpcClientProtocolClient.java:onNext(255)) - client-0C76110B8A2B->ed5d81fa-aaf0-49db-aa57-acca1dd387bd: receive RaftClientReply:client-0C76110B8A2B->ed5d81fa-aaf0-49db-aa57-acca1dd387bd@group-729F0664FEA8, cid=631, SUCCESS, logIndex=931, commits[ed5d81fa-aaf0-49db-aa57-acca1dd387bd:c933]
2019-09-10 22:11:51,013 [grpc-default-executor-1] INFO  client.GrpcClientProtocolClient (GrpcClientProtocolClient.java:onNext(255)) - client-0C76110B8A2B->ed5d81fa-aaf0-49db-aa57-acca1dd387bd: receive RaftClientReply:client-0C76110B8A2B->ed5d81fa-aaf0-49db-aa57-acca1dd387bd@group-729F0664FEA8, cid=632, SUCCESS, logIndex=932, commits[ed5d81fa-aaf0-49db-aa57-acca1dd387bd:c933]
2019-09-10 22:11:51,036 [SCMBlockDeletingService#1] DEBUG block.SCMBlockDeletingService (SCMBlockDeletingService.java:call(138)) - Running DeletedBlockTransactionScanner
2019-09-10 22:11:51,036 [SCMBlockDeletingService#1] DEBUG block.SCMBlockDeletingService (SCMBlockDeletingService.java:call(155)) - Scanned deleted blocks log and got 0 delTX to process.
2019-09-10 22:11:51,040 [grpc-default-executor-1] INFO  client.GrpcClientProtocolClient (GrpcClientProtocolClient.java:onNext(255)) - client-0C76110B8A2B->ed5d81fa-aaf0-49db-aa57-acca1dd387bd: receive RaftClientReply:client-0C76110B8A2B->ed5d81fa-aaf0-49db-aa57-acca1dd387bd@group-729F0664FEA8, cid=633, SUCCESS, logIndex=935, commits[ed5d81fa-aaf0-49db-aa57-acca1dd387bd:c938]
2019-09-10 22:11:51,040 [grpc-default-executor-1] INFO  client.GrpcClientProtocolClient (GrpcClientProtocolClient.java:onNext(255)) - client-0C76110B8A2B->ed5d81fa-aaf0-49db-aa57-acca1dd387bd: receive RaftClientReply:client-0C76110B8A2B->ed5d81fa-aaf0-49db-aa57-acca1dd387bd@group-729F0664FEA8, cid=634, SUCCESS, logIndex=936, commits[ed5d81fa-aaf0-49db-aa57-acca1dd387bd:c939]
2019-09-10 22:11:51,041 [grpc-default-executor-1] INFO  client.GrpcClientProtocolClient (GrpcClientProtocolClient.java:onNext(255)) - client-0C76110B8A2B->ed5d81fa-aaf0-49db-aa57-acca1dd387bd: receive RaftClientReply:client-0C76110B8A2B->ed5d81fa-aaf0-49db-aa57-acca1dd387bd@group-729F0664FEA8, cid=635, SUCCESS, logIndex=937, commits[ed5d81fa-aaf0-49db-aa57-acca1dd387bd:c939]
2019-09-10 22:11:51,041 [grpc-default-executor-1] INFO  client.GrpcClientProtocolClient (GrpcClientProtocolClient.java:onNext(255)) - client-0C76110B8A2B->ed5d81fa-aaf0-49db-aa57-acca1dd387bd: receive RaftClientReply:client-0C76110B8A2B->ed5d81fa-aaf0-49db-aa57-acca1dd387bd@group-729F0664FEA8, cid=636, SUCCESS, logIndex=938, commits[ed5d81fa-aaf0-49db-aa57-acca1dd387bd:c939]
2019-09-10 22:11:51,060 [grpc-default-executor-1] INFO  client.GrpcClientProtocolClient (GrpcClientProtocolClient.java:onNext(255)) - client-0C76110B8A2B->ed5d81fa-aaf0-49db-aa57-acca1dd387bd: receive RaftClientReply:client-0C76110B8A2B->ed5d81fa-aaf0-49db-aa57-acca1dd387bd@group-729F0664FEA8, cid=637, SUCCESS, logIndex=940, commits[ed5d81fa-aaf0-49db-aa57-acca1dd387bd:c941]
2019-09-10 22:11:51,061 [grpc-default-executor-1] INFO  client.GrpcClientProtocolClient (GrpcClientProtocolClient.java:onNext(255)) - client-0C76110B8A2B->ed5d81fa-aaf0-49db-aa57-acca1dd387bd: receive RaftClientReply:client-0C76110B8A2B->ed5d81fa-aaf0-49db-aa57-acca1dd387bd@group-729F0664FEA8, cid=638, SUCCESS, logIndex=941, commits[ed5d81fa-aaf0-49db-aa57-acca1dd387bd:c943]
2019-09-10 22:11:51,061 [grpc-default-executor-1] INFO  client.GrpcClientProtocolClient (GrpcClientProtocolClient.java:onNext(255)) - client-0C76110B8A2B->ed5d81fa-aaf0-49db-aa57-acca1dd387bd: receive RaftClientReply:client-0C76110B8A2B->ed5d81fa-aaf0-49db-aa57-acca1dd387bd@group-729F0664FEA8, cid=639, SUCCESS, logIndex=942, commits[ed5d81fa-aaf0-49db-aa57-acca1dd387bd:c943]
2019-09-10 22:11:51,062 [grpc-default-executor-1] INFO  client.GrpcClientProtocolClient (GrpcClientProtocolClient.java:onNext(255)) - client-0C76110B8A2B->ed5d81fa-aaf0-49db-aa57-acca1dd387bd: receive RaftClientReply:client-0C76110B8A2B->ed5d81fa-aaf0-49db-aa57-acca1dd387bd@group-729F0664FEA8, cid=640, SUCCESS, logIndex=943, commits[ed5d81fa-aaf0-49db-aa57-acca1dd387bd:c944]
2019-09-10 22:11:51,087 [grpc-default-executor-1] INFO  client.GrpcClientProtocolClient (GrpcClientProtocolClient.java:onNext(255)) - client-0C76110B8A2B->ed5d81fa-aaf0-49db-aa57-acca1dd387bd: receive RaftClientReply:client-0C76110B8A2B->ed5d81fa-aaf0-49db-aa57-acca1dd387bd@group-729F0664FEA8, cid=641, SUCCESS, logIndex=946, commits[ed5d81fa-aaf0-49db-aa57-acca1dd387bd:c947]
2019-09-10 22:11:51,088 [grpc-default-executor-1] INFO  client.GrpcClientProtocolClient (GrpcClientProtocolClient.java:onNext(255)) - client-0C76110B8A2B->ed5d81fa-aaf0-49db-aa57-acca1dd387bd: receive RaftClientReply:client-0C76110B8A2B->ed5d81fa-aaf0-49db-aa57-acca1dd387bd@group-729F0664FEA8, cid=642, SUCCESS, logIndex=947, commits[ed5d81fa-aaf0-49db-aa57-acca1dd387bd:c949]
2019-09-10 22:11:51,088 [grpc-default-executor-1] INFO  client.GrpcClientProtocolClient (GrpcClientProtocolClient.java:onNext(255)) - client-0C76110B8A2B->ed5d81fa-aaf0-49db-aa57-acca1dd387bd: receive RaftClientReply:client-0C76110B8A2B->ed5d81fa-aaf0-49db-aa57-acca1dd387bd@group-729F0664FEA8, cid=643, SUCCESS, logIndex=948, commits[ed5d81fa-aaf0-49db-aa57-acca1dd387bd:c950]
2019-09-10 22:11:51,088 [grpc-default-executor-1] INFO  client.GrpcClientProtocolClient (GrpcClientProtocolClient.java:onNext(255)) - client-0C76110B8A2B->ed5d81fa-aaf0-49db-aa57-acca1dd387bd: receive RaftClientReply:client-0C76110B8A2B->ed5d81fa-aaf0-49db-aa57-acca1dd387bd@group-729F0664FEA8, cid=644, SUCCESS, logIndex=949, commits[ed5d81fa-aaf0-49db-aa57-acca1dd387bd:c951]
2019-09-10 22:11:51,107 [grpc-default-executor-0] INFO  client.GrpcClientProtocolClient (GrpcClientProtocolClient.java:onNext(255)) - client-0C76110B8A2B->ed5d81fa-aaf0-49db-aa57-acca1dd387bd: receive RaftClientReply:client-0C76110B8A2B->ed5d81fa-aaf0-49db-aa57-acca1dd387bd@group-729F0664FEA8, cid=645, SUCCESS, logIndex=952, commits[ed5d81fa-aaf0-49db-aa57-acca1dd387bd:c953]
2019-09-10 22:11:51,108 [grpc-default-executor-0] INFO  client.GrpcClientProtocolClient (GrpcClientProtocolClient.java:onNext(255)) - client-0C76110B8A2B->ed5d81fa-aaf0-49db-aa57-acca1dd387bd: receive RaftClientReply:client-0C76110B8A2B->ed5d81fa-aaf0-49db-aa57-acca1dd387bd@group-729F0664FEA8, cid=646, SUCCESS, logIndex=953, commits[ed5d81fa-aaf0-49db-aa57-acca1dd387bd:c956]
2019-09-10 22:11:51,108 [grpc-default-executor-0] INFO  client.GrpcClientProtocolClient (GrpcClientProtocolClient.java:onNext(255)) - client-0C76110B8A2B->ed5d81fa-aaf0-49db-aa57-acca1dd387bd: receive RaftClientReply:client-0C76110B8A2B->ed5d81fa-aaf0-49db-aa57-acca1dd387bd@group-729F0664FEA8, cid=647, SUCCESS, logIndex=954, commits[ed5d81fa-aaf0-49db-aa57-acca1dd387bd:c956]
2019-09-10 22:11:51,108 [grpc-default-executor-0] INFO  client.GrpcClientProtocolClient (GrpcClientProtocolClient.java:onNext(255)) - client-0C76110B8A2B->ed5d81fa-aaf0-49db-aa57-acca1dd387bd: receive RaftClientReply:client-0C76110B8A2B->ed5d81fa-aaf0-49db-aa57-acca1dd387bd@group-729F0664FEA8, cid=648, SUCCESS, logIndex=955, commits[ed5d81fa-aaf0-49db-aa57-acca1dd387bd:c957]
2019-09-10 22:11:51,133 [grpc-default-executor-1] INFO  client.GrpcClientProtocolClient (GrpcClientProtocolClient.java:onNext(255)) - client-0C76110B8A2B->ed5d81fa-aaf0-49db-aa57-acca1dd387bd: receive RaftClientReply:client-0C76110B8A2B->ed5d81fa-aaf0-49db-aa57-acca1dd387bd@group-729F0664FEA8, cid=649, SUCCESS, logIndex=958, commits[ed5d81fa-aaf0-49db-aa57-acca1dd387bd:c959]
2019-09-10 22:11:51,134 [grpc-default-executor-1] INFO  client.GrpcClientProtocolClient (GrpcClientProtocolClient.java:onNext(255)) - client-0C76110B8A2B->ed5d81fa-aaf0-49db-aa57-acca1dd387bd: receive RaftClientReply:client-0C76110B8A2B->ed5d81fa-aaf0-49db-aa57-acca1dd387bd@group-729F0664FEA8, cid=650, SUCCESS, logIndex=959, commits[ed5d81fa-aaf0-49db-aa57-acca1dd387bd:c961]
2019-09-10 22:11:51,134 [grpc-default-executor-1] INFO  client.GrpcClientProtocolClient (GrpcClientProtocolClient.java:onNext(255)) - client-0C76110B8A2B->ed5d81fa-aaf0-49db-aa57-acca1dd387bd: receive RaftClientReply:client-0C76110B8A2B->ed5d81fa-aaf0-49db-aa57-acca1dd387bd@group-729F0664FEA8, cid=651, SUCCESS, logIndex=960, commits[ed5d81fa-aaf0-49db-aa57-acca1dd387bd:c961]
2019-09-10 22:11:51,134 [grpc-default-executor-1] INFO  client.GrpcClientProtocolClient (GrpcClientProtocolClient.java:onNext(255)) - client-0C76110B8A2B->ed5d81fa-aaf0-49db-aa57-acca1dd387bd: receive RaftClientReply:client-0C76110B8A2B->ed5d81fa-aaf0-49db-aa57-acca1dd387bd@group-729F0664FEA8, cid=652, SUCCESS, logIndex=961, commits[ed5d81fa-aaf0-49db-aa57-acca1dd387bd:c962]
2019-09-10 22:11:51,136 [SCMBlockDeletingService#1] DEBUG block.SCMBlockDeletingService (SCMBlockDeletingService.java:call(138)) - Running DeletedBlockTransactionScanner
2019-09-10 22:11:51,137 [SCMBlockDeletingService#1] DEBUG block.SCMBlockDeletingService (SCMBlockDeletingService.java:call(155)) - Scanned deleted blocks log and got 0 delTX to process.
2019-09-10 22:11:51,167 [grpc-default-executor-0] INFO  client.GrpcClientProtocolClient (GrpcClientProtocolClient.java:onNext(255)) - client-0C76110B8A2B->ed5d81fa-aaf0-49db-aa57-acca1dd387bd: receive RaftClientReply:client-0C76110B8A2B->ed5d81fa-aaf0-49db-aa57-acca1dd387bd@group-729F0664FEA8, cid=653, SUCCESS, logIndex=964, commits[ed5d81fa-aaf0-49db-aa57-acca1dd387bd:c967]
2019-09-10 22:11:51,168 [grpc-default-executor-0] INFO  client.GrpcClientProtocolClient (GrpcClientProtocolClient.java:onNext(255)) - client-0C76110B8A2B->ed5d81fa-aaf0-49db-aa57-acca1dd387bd: receive RaftClientReply:client-0C76110B8A2B->ed5d81fa-aaf0-49db-aa57-acca1dd387bd@group-729F0664FEA8, cid=654, SUCCESS, logIndex=965, commits[ed5d81fa-aaf0-49db-aa57-acca1dd387bd:c968]
2019-09-10 22:11:51,168 [grpc-default-executor-0] INFO  client.GrpcClientProtocolClient (GrpcClientProtocolClient.java:onNext(255)) - client-0C76110B8A2B->ed5d81fa-aaf0-49db-aa57-acca1dd387bd: receive RaftClientReply:client-0C76110B8A2B->ed5d81fa-aaf0-49db-aa57-acca1dd387bd@group-729F0664FEA8, cid=655, SUCCESS, logIndex=966, commits[ed5d81fa-aaf0-49db-aa57-acca1dd387bd:c968]
2019-09-10 22:11:51,168 [grpc-default-executor-0] INFO  client.GrpcClientProtocolClient (GrpcClientProtocolClient.java:onNext(255)) - client-0C76110B8A2B->ed5d81fa-aaf0-49db-aa57-acca1dd387bd: receive RaftClientReply:client-0C76110B8A2B->ed5d81fa-aaf0-49db-aa57-acca1dd387bd@group-729F0664FEA8, cid=656, SUCCESS, logIndex=967, commits[ed5d81fa-aaf0-49db-aa57-acca1dd387bd:c968]
2019-09-10 22:11:51,197 [grpc-default-executor-1] INFO  client.GrpcClientProtocolClient (GrpcClientProtocolClient.java:onNext(255)) - client-0C76110B8A2B->ed5d81fa-aaf0-49db-aa57-acca1dd387bd: receive RaftClientReply:client-0C76110B8A2B->ed5d81fa-aaf0-49db-aa57-acca1dd387bd@group-729F0664FEA8, cid=657, SUCCESS, logIndex=969, commits[ed5d81fa-aaf0-49db-aa57-acca1dd387bd:c970]
2019-09-10 22:11:51,197 [grpc-default-executor-1] INFO  client.GrpcClientProtocolClient (GrpcClientProtocolClient.java:onNext(255)) - client-0C76110B8A2B->ed5d81fa-aaf0-49db-aa57-acca1dd387bd: receive RaftClientReply:client-0C76110B8A2B->ed5d81fa-aaf0-49db-aa57-acca1dd387bd@group-729F0664FEA8, cid=658, SUCCESS, logIndex=970, commits[ed5d81fa-aaf0-49db-aa57-acca1dd387bd:c970]
2019-09-10 22:11:51,198 [grpc-default-executor-1] INFO  client.GrpcClientProtocolClient (GrpcClientProtocolClient.java:onNext(255)) - client-0C76110B8A2B->ed5d81fa-aaf0-49db-aa57-acca1dd387bd: receive RaftClientReply:client-0C76110B8A2B->ed5d81fa-aaf0-49db-aa57-acca1dd387bd@group-729F0664FEA8, cid=659, SUCCESS, logIndex=971, commits[ed5d81fa-aaf0-49db-aa57-acca1dd387bd:c972]
2019-09-10 22:11:51,198 [grpc-default-executor-1] INFO  client.GrpcClientProtocolClient (GrpcClientProtocolClient.java:onNext(255)) - client-0C76110B8A2B->ed5d81fa-aaf0-49db-aa57-acca1dd387bd: receive RaftClientReply:client-0C76110B8A2B->ed5d81fa-aaf0-49db-aa57-acca1dd387bd@group-729F0664FEA8, cid=660, SUCCESS, logIndex=972, commits[ed5d81fa-aaf0-49db-aa57-acca1dd387bd:c973]
2019-09-10 22:11:51,218 [grpc-default-executor-0] INFO  client.GrpcClientProtocolClient (GrpcClientProtocolClient.java:onNext(255)) - client-0C76110B8A2B->ed5d81fa-aaf0-49db-aa57-acca1dd387bd: receive RaftClientReply:client-0C76110B8A2B->ed5d81fa-aaf0-49db-aa57-acca1dd387bd@group-729F0664FEA8, cid=661, SUCCESS, logIndex=975, commits[ed5d81fa-aaf0-49db-aa57-acca1dd387bd:c976]
2019-09-10 22:11:51,219 [grpc-default-executor-0] INFO  client.GrpcClientProtocolClient (GrpcClientProtocolClient.java:onNext(255)) - client-0C76110B8A2B->ed5d81fa-aaf0-49db-aa57-acca1dd387bd: receive RaftClientReply:client-0C76110B8A2B->ed5d81fa-aaf0-49db-aa57-acca1dd387bd@group-729F0664FEA8, cid=662, SUCCESS, logIndex=976, commits[ed5d81fa-aaf0-49db-aa57-acca1dd387bd:c977]
2019-09-10 22:11:51,237 [SCMBlockDeletingService#1] DEBUG block.SCMBlockDeletingService (SCMBlockDeletingService.java:call(138)) - Running DeletedBlockTransactionScanner
2019-09-10 22:11:51,237 [SCMBlockDeletingService#1] DEBUG block.SCMBlockDeletingService (SCMBlockDeletingService.java:call(155)) - Scanned deleted blocks log and got 0 delTX to process.
2019-09-10 22:11:51,310 [grpc-default-executor-1] INFO  client.GrpcClientProtocolClient (GrpcClientProtocolClient.java:onNext(255)) - client-0C76110B8A2B->ed5d81fa-aaf0-49db-aa57-acca1dd387bd: receive RaftClientReply:client-0C76110B8A2B->ed5d81fa-aaf0-49db-aa57-acca1dd387bd@group-729F0664FEA8, cid=663, SUCCESS, logIndex=978, commits[ed5d81fa-aaf0-49db-aa57-acca1dd387bd:c979]
2019-09-10 22:11:51,311 [grpc-default-executor-1] INFO  client.GrpcClientProtocolClient (GrpcClientProtocolClient.java:onNext(255)) - client-0C76110B8A2B->ed5d81fa-aaf0-49db-aa57-acca1dd387bd: receive RaftClientReply:client-0C76110B8A2B->ed5d81fa-aaf0-49db-aa57-acca1dd387bd@group-729F0664FEA8, cid=664, SUCCESS, logIndex=979, commits[ed5d81fa-aaf0-49db-aa57-acca1dd387bd:c980]
2019-09-10 22:11:51,337 [SCMBlockDeletingService#1] DEBUG block.SCMBlockDeletingService (SCMBlockDeletingService.java:call(138)) - Running DeletedBlockTransactionScanner
2019-09-10 22:11:51,338 [SCMBlockDeletingService#1] DEBUG block.SCMBlockDeletingService (SCMBlockDeletingService.java:call(155)) - Scanned deleted blocks log and got 0 delTX to process.
2019-09-10 22:11:51,339 [grpc-default-executor-1] INFO  client.GrpcClientProtocolClient (GrpcClientProtocolClient.java:onNext(255)) - client-0C76110B8A2B->ed5d81fa-aaf0-49db-aa57-acca1dd387bd: receive RaftClientReply:client-0C76110B8A2B->ed5d81fa-aaf0-49db-aa57-acca1dd387bd@group-729F0664FEA8, cid=665, SUCCESS, logIndex=981, commits[ed5d81fa-aaf0-49db-aa57-acca1dd387bd:c984]
2019-09-10 22:11:51,340 [grpc-default-executor-1] INFO  client.GrpcClientProtocolClient (GrpcClientProtocolClient.java:onNext(255)) - client-0C76110B8A2B->ed5d81fa-aaf0-49db-aa57-acca1dd387bd: receive RaftClientReply:client-0C76110B8A2B->ed5d81fa-aaf0-49db-aa57-acca1dd387bd@group-729F0664FEA8, cid=666, SUCCESS, logIndex=982, commits[ed5d81fa-aaf0-49db-aa57-acca1dd387bd:c985]
2019-09-10 22:11:51,340 [grpc-default-executor-1] INFO  client.GrpcClientProtocolClient (GrpcClientProtocolClient.java:onNext(255)) - client-0C76110B8A2B->ed5d81fa-aaf0-49db-aa57-acca1dd387bd: receive RaftClientReply:client-0C76110B8A2B->ed5d81fa-aaf0-49db-aa57-acca1dd387bd@group-729F0664FEA8, cid=667, SUCCESS, logIndex=983, commits[ed5d81fa-aaf0-49db-aa57-acca1dd387bd:c985]
2019-09-10 22:11:51,341 [grpc-default-executor-1] INFO  client.GrpcClientProtocolClient (GrpcClientProtocolClient.java:onNext(255)) - client-0C76110B8A2B->ed5d81fa-aaf0-49db-aa57-acca1dd387bd: receive RaftClientReply:client-0C76110B8A2B->ed5d81fa-aaf0-49db-aa57-acca1dd387bd@group-729F0664FEA8, cid=668, SUCCESS, logIndex=984, commits[ed5d81fa-aaf0-49db-aa57-acca1dd387bd:c986]
2019-09-10 22:11:51,361 [grpc-default-executor-0] INFO  client.GrpcClientProtocolClient (GrpcClientProtocolClient.java:onNext(255)) - client-0C76110B8A2B->ed5d81fa-aaf0-49db-aa57-acca1dd387bd: receive RaftClientReply:client-0C76110B8A2B->ed5d81fa-aaf0-49db-aa57-acca1dd387bd@group-729F0664FEA8, cid=669, SUCCESS, logIndex=987, commits[ed5d81fa-aaf0-49db-aa57-acca1dd387bd:c988]
2019-09-10 22:11:51,363 [grpc-default-executor-0] INFO  client.GrpcClientProtocolClient (GrpcClientProtocolClient.java:onNext(255)) - client-0C76110B8A2B->ed5d81fa-aaf0-49db-aa57-acca1dd387bd: receive RaftClientReply:client-0C76110B8A2B->ed5d81fa-aaf0-49db-aa57-acca1dd387bd@group-729F0664FEA8, cid=670, SUCCESS, logIndex=988, commits[ed5d81fa-aaf0-49db-aa57-acca1dd387bd:c988]
2019-09-10 22:11:51,364 [grpc-default-executor-0] INFO  client.GrpcClientProtocolClient (GrpcClientProtocolClient.java:onNext(255)) - client-0C76110B8A2B->ed5d81fa-aaf0-49db-aa57-acca1dd387bd: receive RaftClientReply:client-0C76110B8A2B->ed5d81fa-aaf0-49db-aa57-acca1dd387bd@group-729F0664FEA8, cid=671, SUCCESS, logIndex=989, commits[ed5d81fa-aaf0-49db-aa57-acca1dd387bd:c990]
2019-09-10 22:11:51,364 [grpc-default-executor-0] INFO  client.GrpcClientProtocolClient (GrpcClientProtocolClient.java:onNext(255)) - client-0C76110B8A2B->ed5d81fa-aaf0-49db-aa57-acca1dd387bd: receive RaftClientReply:client-0C76110B8A2B->ed5d81fa-aaf0-49db-aa57-acca1dd387bd@group-729F0664FEA8, cid=672, SUCCESS, logIndex=990, commits[ed5d81fa-aaf0-49db-aa57-acca1dd387bd:c990]
2019-09-10 22:11:51,391 [grpc-default-executor-0] INFO  client.GrpcClientProtocolClient (GrpcClientProtocolClient.java:onNext(255)) - client-0C76110B8A2B->ed5d81fa-aaf0-49db-aa57-acca1dd387bd: receive RaftClientReply:client-0C76110B8A2B->ed5d81fa-aaf0-49db-aa57-acca1dd387bd@group-729F0664FEA8, cid=673, SUCCESS, logIndex=993, commits[ed5d81fa-aaf0-49db-aa57-acca1dd387bd:c994]
2019-09-10 22:11:51,391 [grpc-default-executor-0] INFO  client.GrpcClientProtocolClient (GrpcClientProtocolClient.java:onNext(255)) - client-0C76110B8A2B->ed5d81fa-aaf0-49db-aa57-acca1dd387bd: receive RaftClientReply:client-0C76110B8A2B->ed5d81fa-aaf0-49db-aa57-acca1dd387bd@group-729F0664FEA8, cid=674, SUCCESS, logIndex=994, commits[ed5d81fa-aaf0-49db-aa57-acca1dd387bd:c996]
2019-09-10 22:11:51,392 [grpc-default-executor-0] INFO  client.GrpcClientProtocolClient (GrpcClientProtocolClient.java:onNext(255)) - client-0C76110B8A2B->ed5d81fa-aaf0-49db-aa57-acca1dd387bd: receive RaftClientReply:client-0C76110B8A2B->ed5d81fa-aaf0-49db-aa57-acca1dd387bd@group-729F0664FEA8, cid=675, SUCCESS, logIndex=995, commits[ed5d81fa-aaf0-49db-aa57-acca1dd387bd:c996]
2019-09-10 22:11:51,392 [grpc-default-executor-0] INFO  client.GrpcClientProtocolClient (GrpcClientProtocolClient.java:onNext(255)) - client-0C76110B8A2B->ed5d81fa-aaf0-49db-aa57-acca1dd387bd: receive RaftClientReply:client-0C76110B8A2B->ed5d81fa-aaf0-49db-aa57-acca1dd387bd@group-729F0664FEA8, cid=676, SUCCESS, logIndex=996, commits[ed5d81fa-aaf0-49db-aa57-acca1dd387bd:c997]
2019-09-10 22:11:51,413 [grpc-default-executor-0] INFO  client.GrpcClientProtocolClient (GrpcClientProtocolClient.java:onNext(255)) - client-0C76110B8A2B->ed5d81fa-aaf0-49db-aa57-acca1dd387bd: receive RaftClientReply:client-0C76110B8A2B->ed5d81fa-aaf0-49db-aa57-acca1dd387bd@group-729F0664FEA8, cid=677, SUCCESS, logIndex=999, commits[ed5d81fa-aaf0-49db-aa57-acca1dd387bd:c1000]
2019-09-10 22:11:51,413 [grpc-default-executor-0] INFO  client.GrpcClientProtocolClient (GrpcClientProtocolClient.java:onNext(255)) - client-0C76110B8A2B->ed5d81fa-aaf0-49db-aa57-acca1dd387bd: receive RaftClientReply:client-0C76110B8A2B->ed5d81fa-aaf0-49db-aa57-acca1dd387bd@group-729F0664FEA8, cid=678, SUCCESS, logIndex=1000, commits[ed5d81fa-aaf0-49db-aa57-acca1dd387bd:c1003]
2019-09-10 22:11:51,414 [grpc-default-executor-0] INFO  client.GrpcClientProtocolClient (GrpcClientProtocolClient.java:onNext(255)) - client-0C76110B8A2B->ed5d81fa-aaf0-49db-aa57-acca1dd387bd: receive RaftClientReply:client-0C76110B8A2B->ed5d81fa-aaf0-49db-aa57-acca1dd387bd@group-729F0664FEA8, cid=679, SUCCESS, logIndex=1001, commits[ed5d81fa-aaf0-49db-aa57-acca1dd387bd:c1003]
2019-09-10 22:11:51,414 [grpc-default-executor-0] INFO  client.GrpcClientProtocolClient (GrpcClientProtocolClient.java:onNext(255)) - client-0C76110B8A2B->ed5d81fa-aaf0-49db-aa57-acca1dd387bd: receive RaftClientReply:client-0C76110B8A2B->ed5d81fa-aaf0-49db-aa57-acca1dd387bd@group-729F0664FEA8, cid=680, SUCCESS, logIndex=1002, commits[ed5d81fa-aaf0-49db-aa57-acca1dd387bd:c1004]
2019-09-10 22:11:51,438 [SCMBlockDeletingService#1] DEBUG block.SCMBlockDeletingService (SCMBlockDeletingService.java:call(138)) - Running DeletedBlockTransactionScanner
2019-09-10 22:11:51,440 [grpc-default-executor-1] INFO  client.GrpcClientProtocolClient (GrpcClientProtocolClient.java:onNext(255)) - client-0C76110B8A2B->ed5d81fa-aaf0-49db-aa57-acca1dd387bd: receive RaftClientReply:client-0C76110B8A2B->ed5d81fa-aaf0-49db-aa57-acca1dd387bd@group-729F0664FEA8, cid=681, SUCCESS, logIndex=1005, commits[ed5d81fa-aaf0-49db-aa57-acca1dd387bd:c1006]
2019-09-10 22:11:51,441 [grpc-default-executor-1] INFO  client.GrpcClientProtocolClient (GrpcClientProtocolClient.java:onNext(255)) - client-0C76110B8A2B->ed5d81fa-aaf0-49db-aa57-acca1dd387bd: receive RaftClientReply:client-0C76110B8A2B->ed5d81fa-aaf0-49db-aa57-acca1dd387bd@group-729F0664FEA8, cid=682, SUCCESS, logIndex=1006, commits[ed5d81fa-aaf0-49db-aa57-acca1dd387bd:c1008]
2019-09-10 22:11:51,441 [grpc-default-executor-1] INFO  client.GrpcClientProtocolClient (GrpcClientProtocolClient.java:onNext(255)) - client-0C76110B8A2B->ed5d81fa-aaf0-49db-aa57-acca1dd387bd: receive RaftClientReply:client-0C76110B8A2B->ed5d81fa-aaf0-49db-aa57-acca1dd387bd@group-729F0664FEA8, cid=683, SUCCESS, logIndex=1007, commits[ed5d81fa-aaf0-49db-aa57-acca1dd387bd:c1009]
2019-09-10 22:11:51,441 [grpc-default-executor-1] INFO  client.GrpcClientProtocolClient (GrpcClientProtocolClient.java:onNext(255)) - client-0C76110B8A2B->ed5d81fa-aaf0-49db-aa57-acca1dd387bd: receive RaftClientReply:client-0C76110B8A2B->ed5d81fa-aaf0-49db-aa57-acca1dd387bd@group-729F0664FEA8, cid=684, SUCCESS, logIndex=1008, commits[ed5d81fa-aaf0-49db-aa57-acca1dd387bd:c1009]
2019-09-10 22:11:51,449 [SCMBlockDeletingService#1] DEBUG block.SCMBlockDeletingService (SCMBlockDeletingService.java:call(155)) - Scanned deleted blocks log and got 0 delTX to process.
2019-09-10 22:11:51,464 [grpc-default-executor-1] INFO  client.GrpcClientProtocolClient (GrpcClientProtocolClient.java:onNext(255)) - client-0C76110B8A2B->ed5d81fa-aaf0-49db-aa57-acca1dd387bd: receive RaftClientReply:client-0C76110B8A2B->ed5d81fa-aaf0-49db-aa57-acca1dd387bd@group-729F0664FEA8, cid=685, SUCCESS, logIndex=1011, commits[ed5d81fa-aaf0-49db-aa57-acca1dd387bd:c1014]
2019-09-10 22:11:51,465 [grpc-default-executor-1] INFO  client.GrpcClientProtocolClient (GrpcClientProtocolClient.java:onNext(255)) - client-0C76110B8A2B->ed5d81fa-aaf0-49db-aa57-acca1dd387bd: receive RaftClientReply:client-0C76110B8A2B->ed5d81fa-aaf0-49db-aa57-acca1dd387bd@group-729F0664FEA8, cid=686, SUCCESS, logIndex=1012, commits[ed5d81fa-aaf0-49db-aa57-acca1dd387bd:c1014]
2019-09-10 22:11:51,465 [grpc-default-executor-1] INFO  client.GrpcClientProtocolClient (GrpcClientProtocolClient.java:onNext(255)) - client-0C76110B8A2B->ed5d81fa-aaf0-49db-aa57-acca1dd387bd: receive RaftClientReply:client-0C76110B8A2B->ed5d81fa-aaf0-49db-aa57-acca1dd387bd@group-729F0664FEA8, cid=687, SUCCESS, logIndex=1013, commits[ed5d81fa-aaf0-49db-aa57-acca1dd387bd:c1015]
2019-09-10 22:11:51,465 [grpc-default-executor-1] INFO  client.GrpcClientProtocolClient (GrpcClientProtocolClient.java:onNext(255)) - client-0C76110B8A2B->ed5d81fa-aaf0-49db-aa57-acca1dd387bd: receive RaftClientReply:client-0C76110B8A2B->ed5d81fa-aaf0-49db-aa57-acca1dd387bd@group-729F0664FEA8, cid=688, SUCCESS, logIndex=1014, commits[ed5d81fa-aaf0-49db-aa57-acca1dd387bd:c1015]
2019-09-10 22:11:51,493 [grpc-default-executor-1] INFO  client.GrpcClientProtocolClient (GrpcClientProtocolClient.java:onNext(255)) - client-0C76110B8A2B->ed5d81fa-aaf0-49db-aa57-acca1dd387bd: receive RaftClientReply:client-0C76110B8A2B->ed5d81fa-aaf0-49db-aa57-acca1dd387bd@group-729F0664FEA8, cid=689, SUCCESS, logIndex=1016, commits[ed5d81fa-aaf0-49db-aa57-acca1dd387bd:c1019]
2019-09-10 22:11:51,493 [grpc-default-executor-1] INFO  client.GrpcClientProtocolClient (GrpcClientProtocolClient.java:onNext(255)) - client-0C76110B8A2B->ed5d81fa-aaf0-49db-aa57-acca1dd387bd: receive RaftClientReply:client-0C76110B8A2B->ed5d81fa-aaf0-49db-aa57-acca1dd387bd@group-729F0664FEA8, cid=690, SUCCESS, logIndex=1017, commits[ed5d81fa-aaf0-49db-aa57-acca1dd387bd:c1020]
2019-09-10 22:11:51,494 [grpc-default-executor-1] INFO  client.GrpcClientProtocolClient (GrpcClientProtocolClient.java:onNext(255)) - client-0C76110B8A2B->ed5d81fa-aaf0-49db-aa57-acca1dd387bd: receive RaftClientReply:client-0C76110B8A2B->ed5d81fa-aaf0-49db-aa57-acca1dd387bd@group-729F0664FEA8, cid=691, SUCCESS, logIndex=1018, commits[ed5d81fa-aaf0-49db-aa57-acca1dd387bd:c1020]
2019-09-10 22:11:51,494 [grpc-default-executor-1] INFO  client.GrpcClientProtocolClient (GrpcClientProtocolClient.java:onNext(255)) - client-0C76110B8A2B->ed5d81fa-aaf0-49db-aa57-acca1dd387bd: receive RaftClientReply:client-0C76110B8A2B->ed5d81fa-aaf0-49db-aa57-acca1dd387bd@group-729F0664FEA8, cid=692, SUCCESS, logIndex=1019, commits[ed5d81fa-aaf0-49db-aa57-acca1dd387bd:c1020]
2019-09-10 22:11:51,583 [SCMBlockDeletingService#1] DEBUG block.SCMBlockDeletingService (SCMBlockDeletingService.java:call(138)) - Running DeletedBlockTransactionScanner
2019-09-10 22:11:51,583 [SCMBlockDeletingService#1] DEBUG block.SCMBlockDeletingService (SCMBlockDeletingService.java:call(155)) - Scanned deleted blocks log and got 0 delTX to process.
2019-09-10 22:11:51,597 [grpc-default-executor-0] INFO  client.GrpcClientProtocolClient (GrpcClientProtocolClient.java:onNext(255)) - client-0C76110B8A2B->ed5d81fa-aaf0-49db-aa57-acca1dd387bd: receive RaftClientReply:client-0C76110B8A2B->ed5d81fa-aaf0-49db-aa57-acca1dd387bd@group-729F0664FEA8, cid=693, SUCCESS, logIndex=1021, commits[ed5d81fa-aaf0-49db-aa57-acca1dd387bd:c1022]
2019-09-10 22:11:51,597 [grpc-default-executor-0] INFO  client.GrpcClientProtocolClient (GrpcClientProtocolClient.java:onNext(255)) - client-0C76110B8A2B->ed5d81fa-aaf0-49db-aa57-acca1dd387bd: receive RaftClientReply:client-0C76110B8A2B->ed5d81fa-aaf0-49db-aa57-acca1dd387bd@group-729F0664FEA8, cid=694, SUCCESS, logIndex=1022, commits[ed5d81fa-aaf0-49db-aa57-acca1dd387bd:c1024]
2019-09-10 22:11:51,598 [grpc-default-executor-0] INFO  client.GrpcClientProtocolClient (GrpcClientProtocolClient.java:onNext(255)) - client-0C76110B8A2B->ed5d81fa-aaf0-49db-aa57-acca1dd387bd: receive RaftClientReply:client-0C76110B8A2B->ed5d81fa-aaf0-49db-aa57-acca1dd387bd@group-729F0664FEA8, cid=695, SUCCESS, logIndex=1023, commits[ed5d81fa-aaf0-49db-aa57-acca1dd387bd:c1025]
2019-09-10 22:11:51,598 [grpc-default-executor-0] INFO  client.GrpcClientProtocolClient (GrpcClientProtocolClient.java:onNext(255)) - client-0C76110B8A2B->ed5d81fa-aaf0-49db-aa57-acca1dd387bd: receive RaftClientReply:client-0C76110B8A2B->ed5d81fa-aaf0-49db-aa57-acca1dd387bd@group-729F0664FEA8, cid=696, SUCCESS, logIndex=1024, commits[ed5d81fa-aaf0-49db-aa57-acca1dd387bd:c1026]
2019-09-10 22:11:51,626 [grpc-default-executor-1] INFO  client.GrpcClientProtocolClient (GrpcClientProtocolClient.java:onNext(255)) - client-0C76110B8A2B->ed5d81fa-aaf0-49db-aa57-acca1dd387bd: receive RaftClientReply:client-0C76110B8A2B->ed5d81fa-aaf0-49db-aa57-acca1dd387bd@group-729F0664FEA8, cid=697, SUCCESS, logIndex=1027, commits[ed5d81fa-aaf0-49db-aa57-acca1dd387bd:c1028]
2019-09-10 22:11:51,627 [grpc-default-executor-1] INFO  client.GrpcClientProtocolClient (GrpcClientProtocolClient.java:onNext(255)) - client-0C76110B8A2B->ed5d81fa-aaf0-49db-aa57-acca1dd387bd: receive RaftClientReply:client-0C76110B8A2B->ed5d81fa-aaf0-49db-aa57-acca1dd387bd@group-729F0664FEA8, cid=698, SUCCESS, logIndex=1028, commits[ed5d81fa-aaf0-49db-aa57-acca1dd387bd:c1028]
2019-09-10 22:11:51,627 [grpc-default-executor-1] INFO  client.GrpcClientProtocolClient (GrpcClientProtocolClient.java:onNext(255)) - client-0C76110B8A2B->ed5d81fa-aaf0-49db-aa57-acca1dd387bd: receive RaftClientReply:client-0C76110B8A2B->ed5d81fa-aaf0-49db-aa57-acca1dd387bd@group-729F0664FEA8, cid=699, SUCCESS, logIndex=1029, commits[ed5d81fa-aaf0-49db-aa57-acca1dd387bd:c1030]
2019-09-10 22:11:51,627 [grpc-default-executor-1] INFO  client.GrpcClientProtocolClient (GrpcClientProtocolClient.java:onNext(255)) - client-0C76110B8A2B->ed5d81fa-aaf0-49db-aa57-acca1dd387bd: receive RaftClientReply:client-0C76110B8A2B->ed5d81fa-aaf0-49db-aa57-acca1dd387bd@group-729F0664FEA8, cid=700, SUCCESS, logIndex=1030, commits[ed5d81fa-aaf0-49db-aa57-acca1dd387bd:c1031]
2019-09-10 22:11:51,647 [grpc-default-executor-1] INFO  client.GrpcClientProtocolClient (GrpcClientProtocolClient.java:onNext(255)) - client-0C76110B8A2B->ed5d81fa-aaf0-49db-aa57-acca1dd387bd: receive RaftClientReply:client-0C76110B8A2B->ed5d81fa-aaf0-49db-aa57-acca1dd387bd@group-729F0664FEA8, cid=701, SUCCESS, logIndex=1033, commits[ed5d81fa-aaf0-49db-aa57-acca1dd387bd:c1034]
2019-09-10 22:11:51,647 [grpc-default-executor-1] INFO  client.GrpcClientProtocolClient (GrpcClientProtocolClient.java:onNext(255)) - client-0C76110B8A2B->ed5d81fa-aaf0-49db-aa57-acca1dd387bd: receive RaftClientReply:client-0C76110B8A2B->ed5d81fa-aaf0-49db-aa57-acca1dd387bd@group-729F0664FEA8, cid=702, SUCCESS, logIndex=1034, commits[ed5d81fa-aaf0-49db-aa57-acca1dd387bd:c1036]
2019-09-10 22:11:51,648 [grpc-default-executor-1] INFO  client.GrpcClientProtocolClient (GrpcClientProtocolClient.java:onNext(255)) - client-0C76110B8A2B->ed5d81fa-aaf0-49db-aa57-acca1dd387bd: receive RaftClientReply:client-0C76110B8A2B->ed5d81fa-aaf0-49db-aa57-acca1dd387bd@group-729F0664FEA8, cid=703, SUCCESS, logIndex=1035, commits[ed5d81fa-aaf0-49db-aa57-acca1dd387bd:c1036]
2019-09-10 22:11:51,648 [grpc-default-executor-1] INFO  client.GrpcClientProtocolClient (GrpcClientProtocolClient.java:onNext(255)) - client-0C76110B8A2B->ed5d81fa-aaf0-49db-aa57-acca1dd387bd: receive RaftClientReply:client-0C76110B8A2B->ed5d81fa-aaf0-49db-aa57-acca1dd387bd@group-729F0664FEA8, cid=704, SUCCESS, logIndex=1036, commits[ed5d81fa-aaf0-49db-aa57-acca1dd387bd:c1037]
2019-09-10 22:11:51,677 [grpc-default-executor-1] INFO  client.GrpcClientProtocolClient (GrpcClientProtocolClient.java:onNext(255)) - client-0C76110B8A2B->ed5d81fa-aaf0-49db-aa57-acca1dd387bd: receive RaftClientReply:client-0C76110B8A2B->ed5d81fa-aaf0-49db-aa57-acca1dd387bd@group-729F0664FEA8, cid=705, SUCCESS, logIndex=1039, commits[ed5d81fa-aaf0-49db-aa57-acca1dd387bd:c1040]
2019-09-10 22:11:51,677 [grpc-default-executor-1] INFO  client.GrpcClientProtocolClient (GrpcClientProtocolClient.java:onNext(255)) - client-0C76110B8A2B->ed5d81fa-aaf0-49db-aa57-acca1dd387bd: receive RaftClientReply:client-0C76110B8A2B->ed5d81fa-aaf0-49db-aa57-acca1dd387bd@group-729F0664FEA8, cid=706, SUCCESS, logIndex=1040, commits[ed5d81fa-aaf0-49db-aa57-acca1dd387bd:c1041]
2019-09-10 22:11:51,684 [SCMBlockDeletingService#0] DEBUG block.SCMBlockDeletingService (SCMBlockDeletingService.java:call(138)) - Running DeletedBlockTransactionScanner
2019-09-10 22:11:51,684 [SCMBlockDeletingService#0] DEBUG block.SCMBlockDeletingService (SCMBlockDeletingService.java:call(155)) - Scanned deleted blocks log and got 0 delTX to process.
2019-09-10 22:11:51,784 [SCMBlockDeletingService#0] DEBUG block.SCMBlockDeletingService (SCMBlockDeletingService.java:call(138)) - Running DeletedBlockTransactionScanner
2019-09-10 22:11:51,784 [SCMBlockDeletingService#0] DEBUG block.SCMBlockDeletingService (SCMBlockDeletingService.java:call(155)) - Scanned deleted blocks log and got 0 delTX to process.
2019-09-10 22:11:51,785 [grpc-default-executor-0] INFO  client.GrpcClientProtocolClient (GrpcClientProtocolClient.java:onNext(255)) - client-0C76110B8A2B->ed5d81fa-aaf0-49db-aa57-acca1dd387bd: receive RaftClientReply:client-0C76110B8A2B->ed5d81fa-aaf0-49db-aa57-acca1dd387bd@group-729F0664FEA8, cid=707, SUCCESS, logIndex=1042, commits[ed5d81fa-aaf0-49db-aa57-acca1dd387bd:c1043]
2019-09-10 22:11:51,785 [grpc-default-executor-0] INFO  client.GrpcClientProtocolClient (GrpcClientProtocolClient.java:onNext(255)) - client-0C76110B8A2B->ed5d81fa-aaf0-49db-aa57-acca1dd387bd: receive RaftClientReply:client-0C76110B8A2B->ed5d81fa-aaf0-49db-aa57-acca1dd387bd@group-729F0664FEA8, cid=708, SUCCESS, logIndex=1043, commits[ed5d81fa-aaf0-49db-aa57-acca1dd387bd:c1044]
2019-09-10 22:11:51,816 [grpc-default-executor-0] INFO  client.GrpcClientProtocolClient (GrpcClientProtocolClient.java:onNext(255)) - client-0C76110B8A2B->ed5d81fa-aaf0-49db-aa57-acca1dd387bd: receive RaftClientReply:client-0C76110B8A2B->ed5d81fa-aaf0-49db-aa57-acca1dd387bd@group-729F0664FEA8, cid=709, SUCCESS, logIndex=1045, commits[ed5d81fa-aaf0-49db-aa57-acca1dd387bd:c1046]
2019-09-10 22:11:51,817 [grpc-default-executor-0] INFO  client.GrpcClientProtocolClient (GrpcClientProtocolClient.java:onNext(255)) - client-0C76110B8A2B->ed5d81fa-aaf0-49db-aa57-acca1dd387bd: receive RaftClientReply:client-0C76110B8A2B->ed5d81fa-aaf0-49db-aa57-acca1dd387bd@group-729F0664FEA8, cid=710, SUCCESS, logIndex=1046, commits[ed5d81fa-aaf0-49db-aa57-acca1dd387bd:c1048]
2019-09-10 22:11:51,817 [grpc-default-executor-0] INFO  client.GrpcClientProtocolClient (GrpcClientProtocolClient.java:onNext(255)) - client-0C76110B8A2B->ed5d81fa-aaf0-49db-aa57-acca1dd387bd: receive RaftClientReply:client-0C76110B8A2B->ed5d81fa-aaf0-49db-aa57-acca1dd387bd@group-729F0664FEA8, cid=711, SUCCESS, logIndex=1047, commits[ed5d81fa-aaf0-49db-aa57-acca1dd387bd:c1048]
2019-09-10 22:11:51,817 [grpc-default-executor-0] INFO  client.GrpcClientProtocolClient (GrpcClientProtocolClient.java:onNext(255)) - client-0C76110B8A2B->ed5d81fa-aaf0-49db-aa57-acca1dd387bd: receive RaftClientReply:client-0C76110B8A2B->ed5d81fa-aaf0-49db-aa57-acca1dd387bd@group-729F0664FEA8, cid=712, SUCCESS, logIndex=1048, commits[ed5d81fa-aaf0-49db-aa57-acca1dd387bd:c1049]
2019-09-10 22:11:51,844 [grpc-default-executor-1] INFO  client.GrpcClientProtocolClient (GrpcClientProtocolClient.java:onNext(255)) - client-0C76110B8A2B->ed5d81fa-aaf0-49db-aa57-acca1dd387bd: receive RaftClientReply:client-0C76110B8A2B->ed5d81fa-aaf0-49db-aa57-acca1dd387bd@group-729F0664FEA8, cid=713, SUCCESS, logIndex=1051, commits[ed5d81fa-aaf0-49db-aa57-acca1dd387bd:c1054]
2019-09-10 22:11:51,845 [grpc-default-executor-1] INFO  client.GrpcClientProtocolClient (GrpcClientProtocolClient.java:onNext(255)) - client-0C76110B8A2B->ed5d81fa-aaf0-49db-aa57-acca1dd387bd: receive RaftClientReply:client-0C76110B8A2B->ed5d81fa-aaf0-49db-aa57-acca1dd387bd@group-729F0664FEA8, cid=714, SUCCESS, logIndex=1052, commits[ed5d81fa-aaf0-49db-aa57-acca1dd387bd:c1055]
2019-09-10 22:11:51,845 [grpc-default-executor-1] INFO  client.GrpcClientProtocolClient (GrpcClientProtocolClient.java:onNext(255)) - client-0C76110B8A2B->ed5d81fa-aaf0-49db-aa57-acca1dd387bd: receive RaftClientReply:client-0C76110B8A2B->ed5d81fa-aaf0-49db-aa57-acca1dd387bd@group-729F0664FEA8, cid=715, SUCCESS, logIndex=1053, commits[ed5d81fa-aaf0-49db-aa57-acca1dd387bd:c1055]
2019-09-10 22:11:51,846 [grpc-default-executor-1] INFO  client.GrpcClientProtocolClient (GrpcClientProtocolClient.java:onNext(255)) - client-0C76110B8A2B->ed5d81fa-aaf0-49db-aa57-acca1dd387bd: receive RaftClientReply:client-0C76110B8A2B->ed5d81fa-aaf0-49db-aa57-acca1dd387bd@group-729F0664FEA8, cid=716, SUCCESS, logIndex=1054, commits[ed5d81fa-aaf0-49db-aa57-acca1dd387bd:c1055]
2019-09-10 22:11:51,866 [grpc-default-executor-1] INFO  client.GrpcClientProtocolClient (GrpcClientProtocolClient.java:onNext(255)) - client-0C76110B8A2B->ed5d81fa-aaf0-49db-aa57-acca1dd387bd: receive RaftClientReply:client-0C76110B8A2B->ed5d81fa-aaf0-49db-aa57-acca1dd387bd@group-729F0664FEA8, cid=717, SUCCESS, logIndex=1056, commits[ed5d81fa-aaf0-49db-aa57-acca1dd387bd:c1059]
2019-09-10 22:11:51,866 [grpc-default-executor-1] INFO  client.GrpcClientProtocolClient (GrpcClientProtocolClient.java:onNext(255)) - client-0C76110B8A2B->ed5d81fa-aaf0-49db-aa57-acca1dd387bd: receive RaftClientReply:client-0C76110B8A2B->ed5d81fa-aaf0-49db-aa57-acca1dd387bd@group-729F0664FEA8, cid=718, SUCCESS, logIndex=1057, commits[ed5d81fa-aaf0-49db-aa57-acca1dd387bd:c1060]
2019-09-10 22:11:51,867 [grpc-default-executor-1] INFO  client.GrpcClientProtocolClient (GrpcClientProtocolClient.java:onNext(255)) - client-0C76110B8A2B->ed5d81fa-aaf0-49db-aa57-acca1dd387bd: receive RaftClientReply:client-0C76110B8A2B->ed5d81fa-aaf0-49db-aa57-acca1dd387bd@group-729F0664FEA8, cid=719, SUCCESS, logIndex=1058, commits[ed5d81fa-aaf0-49db-aa57-acca1dd387bd:c1060]
2019-09-10 22:11:51,867 [grpc-default-executor-1] INFO  client.GrpcClientProtocolClient (GrpcClientProtocolClient.java:onNext(255)) - client-0C76110B8A2B->ed5d81fa-aaf0-49db-aa57-acca1dd387bd: receive RaftClientReply:client-0C76110B8A2B->ed5d81fa-aaf0-49db-aa57-acca1dd387bd@group-729F0664FEA8, cid=720, SUCCESS, logIndex=1059, commits[ed5d81fa-aaf0-49db-aa57-acca1dd387bd:c1060]
2019-09-10 22:11:51,885 [SCMBlockDeletingService#0] DEBUG block.SCMBlockDeletingService (SCMBlockDeletingService.java:call(138)) - Running DeletedBlockTransactionScanner
2019-09-10 22:11:51,885 [SCMBlockDeletingService#0] DEBUG block.SCMBlockDeletingService (SCMBlockDeletingService.java:call(155)) - Scanned deleted blocks log and got 0 delTX to process.
2019-09-10 22:11:51,893 [grpc-default-executor-0] INFO  client.GrpcClientProtocolClient (GrpcClientProtocolClient.java:onNext(255)) - client-0C76110B8A2B->ed5d81fa-aaf0-49db-aa57-acca1dd387bd: receive RaftClientReply:client-0C76110B8A2B->ed5d81fa-aaf0-49db-aa57-acca1dd387bd@group-729F0664FEA8, cid=721, SUCCESS, logIndex=1061, commits[ed5d81fa-aaf0-49db-aa57-acca1dd387bd:c1062]
2019-09-10 22:11:51,893 [grpc-default-executor-0] INFO  client.GrpcClientProtocolClient (GrpcClientProtocolClient.java:onNext(255)) - client-0C76110B8A2B->ed5d81fa-aaf0-49db-aa57-acca1dd387bd: receive RaftClientReply:client-0C76110B8A2B->ed5d81fa-aaf0-49db-aa57-acca1dd387bd@group-729F0664FEA8, cid=722, SUCCESS, logIndex=1062, commits[ed5d81fa-aaf0-49db-aa57-acca1dd387bd:c1064]
2019-09-10 22:11:51,894 [grpc-default-executor-0] INFO  client.GrpcClientProtocolClient (GrpcClientProtocolClient.java:onNext(255)) - client-0C76110B8A2B->ed5d81fa-aaf0-49db-aa57-acca1dd387bd: receive RaftClientReply:client-0C76110B8A2B->ed5d81fa-aaf0-49db-aa57-acca1dd387bd@group-729F0664FEA8, cid=723, SUCCESS, logIndex=1063, commits[ed5d81fa-aaf0-49db-aa57-acca1dd387bd:c1065]
2019-09-10 22:11:51,894 [grpc-default-executor-0] INFO  client.GrpcClientProtocolClient (GrpcClientProtocolClient.java:onNext(255)) - client-0C76110B8A2B->ed5d81fa-aaf0-49db-aa57-acca1dd387bd: receive RaftClientReply:client-0C76110B8A2B->ed5d81fa-aaf0-49db-aa57-acca1dd387bd@group-729F0664FEA8, cid=724, SUCCESS, logIndex=1064, commits[ed5d81fa-aaf0-49db-aa57-acca1dd387bd:c1065]
2019-09-10 22:11:51,912 [grpc-default-executor-1] INFO  client.GrpcClientProtocolClient (GrpcClientProtocolClient.java:onNext(255)) - client-0C76110B8A2B->ed5d81fa-aaf0-49db-aa57-acca1dd387bd: receive RaftClientReply:client-0C76110B8A2B->ed5d81fa-aaf0-49db-aa57-acca1dd387bd@group-729F0664FEA8, cid=725, SUCCESS, logIndex=1067, commits[ed5d81fa-aaf0-49db-aa57-acca1dd387bd:c1068]
2019-09-10 22:11:51,913 [grpc-default-executor-1] INFO  client.GrpcClientProtocolClient (GrpcClientProtocolClient.java:onNext(255)) - client-0C76110B8A2B->ed5d81fa-aaf0-49db-aa57-acca1dd387bd: receive RaftClientReply:client-0C76110B8A2B->ed5d81fa-aaf0-49db-aa57-acca1dd387bd@group-729F0664FEA8, cid=726, SUCCESS, logIndex=1068, commits[ed5d81fa-aaf0-49db-aa57-acca1dd387bd:c1070]
2019-09-10 22:11:51,913 [grpc-default-executor-1] INFO  client.GrpcClientProtocolClient (GrpcClientProtocolClient.java:onNext(255)) - client-0C76110B8A2B->ed5d81fa-aaf0-49db-aa57-acca1dd387bd: receive RaftClientReply:client-0C76110B8A2B->ed5d81fa-aaf0-49db-aa57-acca1dd387bd@group-729F0664FEA8, cid=727, SUCCESS, logIndex=1069, commits[ed5d81fa-aaf0-49db-aa57-acca1dd387bd:c1070]
2019-09-10 22:11:51,913 [grpc-default-executor-1] INFO  client.GrpcClientProtocolClient (GrpcClientProtocolClient.java:onNext(255)) - client-0C76110B8A2B->ed5d81fa-aaf0-49db-aa57-acca1dd387bd: receive RaftClientReply:client-0C76110B8A2B->ed5d81fa-aaf0-49db-aa57-acca1dd387bd@group-729F0664FEA8, cid=728, SUCCESS, logIndex=1070, commits[ed5d81fa-aaf0-49db-aa57-acca1dd387bd:c1071]
2019-09-10 22:11:51,943 [grpc-default-executor-0] INFO  client.GrpcClientProtocolClient (GrpcClientProtocolClient.java:onNext(255)) - client-0C76110B8A2B->ed5d81fa-aaf0-49db-aa57-acca1dd387bd: receive RaftClientReply:client-0C76110B8A2B->ed5d81fa-aaf0-49db-aa57-acca1dd387bd@group-729F0664FEA8, cid=729, SUCCESS, logIndex=1073, commits[ed5d81fa-aaf0-49db-aa57-acca1dd387bd:c1076]
2019-09-10 22:11:51,944 [grpc-default-executor-0] INFO  client.GrpcClientProtocolClient (GrpcClientProtocolClient.java:onNext(255)) - client-0C76110B8A2B->ed5d81fa-aaf0-49db-aa57-acca1dd387bd: receive RaftClientReply:client-0C76110B8A2B->ed5d81fa-aaf0-49db-aa57-acca1dd387bd@group-729F0664FEA8, cid=730, SUCCESS, logIndex=1074, commits[ed5d81fa-aaf0-49db-aa57-acca1dd387bd:c1076]
2019-09-10 22:11:51,944 [grpc-default-executor-0] INFO  client.GrpcClientProtocolClient (GrpcClientProtocolClient.java:onNext(255)) - client-0C76110B8A2B->ed5d81fa-aaf0-49db-aa57-acca1dd387bd: receive RaftClientReply:client-0C76110B8A2B->ed5d81fa-aaf0-49db-aa57-acca1dd387bd@group-729F0664FEA8, cid=731, SUCCESS, logIndex=1075, commits[ed5d81fa-aaf0-49db-aa57-acca1dd387bd:c1076]
2019-09-10 22:11:51,944 [grpc-default-executor-0] INFO  client.GrpcClientProtocolClient (GrpcClientProtocolClient.java:onNext(255)) - client-0C76110B8A2B->ed5d81fa-aaf0-49db-aa57-acca1dd387bd: receive RaftClientReply:client-0C76110B8A2B->ed5d81fa-aaf0-49db-aa57-acca1dd387bd@group-729F0664FEA8, cid=732, SUCCESS, logIndex=1076, commits[ed5d81fa-aaf0-49db-aa57-acca1dd387bd:c1076]
2019-09-10 22:11:51,954 [grpc-default-executor-1] INFO  client.GrpcClientProtocolClient (GrpcClientProtocolClient.java:onNext(255)) - client-0C76110B8A2B->ed5d81fa-aaf0-49db-aa57-acca1dd387bd: receive RaftClientReply:client-0C76110B8A2B->ed5d81fa-aaf0-49db-aa57-acca1dd387bd@group-729F0664FEA8, cid=733, SUCCESS, logIndex=1078, commits[ed5d81fa-aaf0-49db-aa57-acca1dd387bd:c1081]
2019-09-10 22:11:51,955 [grpc-default-executor-1] INFO  client.GrpcClientProtocolClient (GrpcClientProtocolClient.java:onNext(255)) - client-0C76110B8A2B->ed5d81fa-aaf0-49db-aa57-acca1dd387bd: receive RaftClientReply:client-0C76110B8A2B->ed5d81fa-aaf0-49db-aa57-acca1dd387bd@group-729F0664FEA8, cid=734, SUCCESS, logIndex=1079, commits[ed5d81fa-aaf0-49db-aa57-acca1dd387bd:c1081]
2019-09-10 22:11:51,955 [grpc-default-executor-1] INFO  client.GrpcClientProtocolClient (GrpcClientProtocolClient.java:onNext(255)) - client-0C76110B8A2B->ed5d81fa-aaf0-49db-aa57-acca1dd387bd: receive RaftClientReply:client-0C76110B8A2B->ed5d81fa-aaf0-49db-aa57-acca1dd387bd@group-729F0664FEA8, cid=735, SUCCESS, logIndex=1080, commits[ed5d81fa-aaf0-49db-aa57-acca1dd387bd:c1082]
2019-09-10 22:11:51,955 [grpc-default-executor-1] INFO  client.GrpcClientProtocolClient (GrpcClientProtocolClient.java:onNext(255)) - client-0C76110B8A2B->ed5d81fa-aaf0-49db-aa57-acca1dd387bd: receive RaftClientReply:client-0C76110B8A2B->ed5d81fa-aaf0-49db-aa57-acca1dd387bd@group-729F0664FEA8, cid=736, SUCCESS, logIndex=1081, commits[ed5d81fa-aaf0-49db-aa57-acca1dd387bd:c1082]
2019-09-10 22:11:51,980 [grpc-default-executor-1] INFO  client.GrpcClientProtocolClient (GrpcClientProtocolClient.java:onNext(255)) - client-0C76110B8A2B->ed5d81fa-aaf0-49db-aa57-acca1dd387bd: receive RaftClientReply:client-0C76110B8A2B->ed5d81fa-aaf0-49db-aa57-acca1dd387bd@group-729F0664FEA8, cid=737, SUCCESS, logIndex=1083, commits[ed5d81fa-aaf0-49db-aa57-acca1dd387bd:c1084]
2019-09-10 22:11:51,981 [grpc-default-executor-1] INFO  client.GrpcClientProtocolClient (GrpcClientProtocolClient.java:onNext(255)) - client-0C76110B8A2B->ed5d81fa-aaf0-49db-aa57-acca1dd387bd: receive RaftClientReply:client-0C76110B8A2B->ed5d81fa-aaf0-49db-aa57-acca1dd387bd@group-729F0664FEA8, cid=738, SUCCESS, logIndex=1084, commits[ed5d81fa-aaf0-49db-aa57-acca1dd387bd:c1086]
2019-09-10 22:11:51,981 [grpc-default-executor-1] INFO  client.GrpcClientProtocolClient (GrpcClientProtocolClient.java:onNext(255)) - client-0C76110B8A2B->ed5d81fa-aaf0-49db-aa57-acca1dd387bd: receive RaftClientReply:client-0C76110B8A2B->ed5d81fa-aaf0-49db-aa57-acca1dd387bd@group-729F0664FEA8, cid=739, SUCCESS, logIndex=1085, commits[ed5d81fa-aaf0-49db-aa57-acca1dd387bd:c1087]
2019-09-10 22:11:51,981 [grpc-default-executor-1] INFO  client.GrpcClientProtocolClient (GrpcClientProtocolClient.java:onNext(255)) - client-0C76110B8A2B->ed5d81fa-aaf0-49db-aa57-acca1dd387bd: receive RaftClientReply:client-0C76110B8A2B->ed5d81fa-aaf0-49db-aa57-acca1dd387bd@group-729F0664FEA8, cid=740, SUCCESS, logIndex=1086, commits[ed5d81fa-aaf0-49db-aa57-acca1dd387bd:c1087]
2019-09-10 22:11:51,985 [SCMBlockDeletingService#0] DEBUG block.SCMBlockDeletingService (SCMBlockDeletingService.java:call(138)) - Running DeletedBlockTransactionScanner
2019-09-10 22:11:51,985 [SCMBlockDeletingService#0] DEBUG block.SCMBlockDeletingService (SCMBlockDeletingService.java:call(155)) - Scanned deleted blocks log and got 0 delTX to process.
2019-09-10 22:11:52,001 [grpc-default-executor-1] INFO  client.GrpcClientProtocolClient (GrpcClientProtocolClient.java:onNext(255)) - client-0C76110B8A2B->ed5d81fa-aaf0-49db-aa57-acca1dd387bd: receive RaftClientReply:client-0C76110B8A2B->ed5d81fa-aaf0-49db-aa57-acca1dd387bd@group-729F0664FEA8, cid=741, SUCCESS, logIndex=1089, commits[ed5d81fa-aaf0-49db-aa57-acca1dd387bd:c1092]
2019-09-10 22:11:52,002 [grpc-default-executor-1] INFO  client.GrpcClientProtocolClient (GrpcClientProtocolClient.java:onNext(255)) - client-0C76110B8A2B->ed5d81fa-aaf0-49db-aa57-acca1dd387bd: receive RaftClientReply:client-0C76110B8A2B->ed5d81fa-aaf0-49db-aa57-acca1dd387bd@group-729F0664FEA8, cid=742, SUCCESS, logIndex=1090, commits[ed5d81fa-aaf0-49db-aa57-acca1dd387bd:c1093]
2019-09-10 22:11:52,003 [grpc-default-executor-1] INFO  client.GrpcClientProtocolClient (GrpcClientProtocolClient.java:onNext(255)) - client-0C76110B8A2B->ed5d81fa-aaf0-49db-aa57-acca1dd387bd: receive RaftClientReply:client-0C76110B8A2B->ed5d81fa-aaf0-49db-aa57-acca1dd387bd@group-729F0664FEA8, cid=743, SUCCESS, logIndex=1091, commits[ed5d81fa-aaf0-49db-aa57-acca1dd387bd:c1093]
2019-09-10 22:11:52,003 [grpc-default-executor-1] INFO  client.GrpcClientProtocolClient (GrpcClientProtocolClient.java:onNext(255)) - client-0C76110B8A2B->ed5d81fa-aaf0-49db-aa57-acca1dd387bd: receive RaftClientReply:client-0C76110B8A2B->ed5d81fa-aaf0-49db-aa57-acca1dd387bd@group-729F0664FEA8, cid=744, SUCCESS, logIndex=1092, commits[ed5d81fa-aaf0-49db-aa57-acca1dd387bd:c1093]
2019-09-10 22:11:52,027 [grpc-default-executor-0] INFO  client.GrpcClientProtocolClient (GrpcClientProtocolClient.java:onNext(255)) - client-0C76110B8A2B->ed5d81fa-aaf0-49db-aa57-acca1dd387bd: receive RaftClientReply:client-0C76110B8A2B->ed5d81fa-aaf0-49db-aa57-acca1dd387bd@group-729F0664FEA8, cid=745, SUCCESS, logIndex=1094, commits[ed5d81fa-aaf0-49db-aa57-acca1dd387bd:c1095]
2019-09-10 22:11:52,028 [grpc-default-executor-0] INFO  client.GrpcClientProtocolClient (GrpcClientProtocolClient.java:onNext(255)) - client-0C76110B8A2B->ed5d81fa-aaf0-49db-aa57-acca1dd387bd: receive RaftClientReply:client-0C76110B8A2B->ed5d81fa-aaf0-49db-aa57-acca1dd387bd@group-729F0664FEA8, cid=746, SUCCESS, logIndex=1095, commits[ed5d81fa-aaf0-49db-aa57-acca1dd387bd:c1097]
2019-09-10 22:11:52,029 [grpc-default-executor-0] INFO  client.GrpcClientProtocolClient (GrpcClientProtocolClient.java:onNext(255)) - client-0C76110B8A2B->ed5d81fa-aaf0-49db-aa57-acca1dd387bd: receive RaftClientReply:client-0C76110B8A2B->ed5d81fa-aaf0-49db-aa57-acca1dd387bd@group-729F0664FEA8, cid=747, SUCCESS, logIndex=1096, commits[ed5d81fa-aaf0-49db-aa57-acca1dd387bd:c1098]
2019-09-10 22:11:52,029 [grpc-default-executor-0] INFO  client.GrpcClientProtocolClient (GrpcClientProtocolClient.java:onNext(255)) - client-0C76110B8A2B->ed5d81fa-aaf0-49db-aa57-acca1dd387bd: receive RaftClientReply:client-0C76110B8A2B->ed5d81fa-aaf0-49db-aa57-acca1dd387bd@group-729F0664FEA8, cid=748, SUCCESS, logIndex=1097, commits[ed5d81fa-aaf0-49db-aa57-acca1dd387bd:c1099]
2019-09-10 22:11:52,045 [grpc-default-executor-1] INFO  client.GrpcClientProtocolClient (GrpcClientProtocolClient.java:onNext(255)) - client-0C76110B8A2B->ed5d81fa-aaf0-49db-aa57-acca1dd387bd: receive RaftClientReply:client-0C76110B8A2B->ed5d81fa-aaf0-49db-aa57-acca1dd387bd@group-729F0664FEA8, cid=749, SUCCESS, logIndex=1100, commits[ed5d81fa-aaf0-49db-aa57-acca1dd387bd:c1101]
2019-09-10 22:11:52,045 [grpc-default-executor-1] INFO  client.GrpcClientProtocolClient (GrpcClientProtocolClient.java:onNext(255)) - client-0C76110B8A2B->ed5d81fa-aaf0-49db-aa57-acca1dd387bd: receive RaftClientReply:client-0C76110B8A2B->ed5d81fa-aaf0-49db-aa57-acca1dd387bd@group-729F0664FEA8, cid=750, SUCCESS, logIndex=1101, commits[ed5d81fa-aaf0-49db-aa57-acca1dd387bd:c1102]
2019-09-10 22:11:52,086 [SCMBlockDeletingService#0] DEBUG block.SCMBlockDeletingService (SCMBlockDeletingService.java:call(138)) - Running DeletedBlockTransactionScanner
2019-09-10 22:11:52,086 [SCMBlockDeletingService#0] DEBUG block.SCMBlockDeletingService (SCMBlockDeletingService.java:call(155)) - Scanned deleted blocks log and got 0 delTX to process.
2019-09-10 22:11:52,137 [grpc-default-executor-1] INFO  client.GrpcClientProtocolClient (GrpcClientProtocolClient.java:onNext(255)) - client-0C76110B8A2B->ed5d81fa-aaf0-49db-aa57-acca1dd387bd: receive RaftClientReply:client-0C76110B8A2B->ed5d81fa-aaf0-49db-aa57-acca1dd387bd@group-729F0664FEA8, cid=751, SUCCESS, logIndex=1103, commits[ed5d81fa-aaf0-49db-aa57-acca1dd387bd:c1104]
2019-09-10 22:11:52,138 [grpc-default-executor-1] INFO  client.GrpcClientProtocolClient (GrpcClientProtocolClient.java:onNext(255)) - client-0C76110B8A2B->ed5d81fa-aaf0-49db-aa57-acca1dd387bd: receive RaftClientReply:client-0C76110B8A2B->ed5d81fa-aaf0-49db-aa57-acca1dd387bd@group-729F0664FEA8, cid=752, SUCCESS, logIndex=1104, commits[ed5d81fa-aaf0-49db-aa57-acca1dd387bd:c1105]
2019-09-10 22:11:52,164 [grpc-default-executor-1] INFO  client.GrpcClientProtocolClient (GrpcClientProtocolClient.java:onNext(255)) - client-0C76110B8A2B->ed5d81fa-aaf0-49db-aa57-acca1dd387bd: receive RaftClientReply:client-0C76110B8A2B->ed5d81fa-aaf0-49db-aa57-acca1dd387bd@group-729F0664FEA8, cid=753, SUCCESS, logIndex=1106, commits[ed5d81fa-aaf0-49db-aa57-acca1dd387bd:c1107]
2019-09-10 22:11:52,165 [grpc-default-executor-1] INFO  client.GrpcClientProtocolClient (GrpcClientProtocolClient.java:onNext(255)) - client-0C76110B8A2B->ed5d81fa-aaf0-49db-aa57-acca1dd387bd: receive RaftClientReply:client-0C76110B8A2B->ed5d81fa-aaf0-49db-aa57-acca1dd387bd@group-729F0664FEA8, cid=754, SUCCESS, logIndex=1107, commits[ed5d81fa-aaf0-49db-aa57-acca1dd387bd:c1110]
2019-09-10 22:11:52,165 [grpc-default-executor-1] INFO  client.GrpcClientProtocolClient (GrpcClientProtocolClient.java:onNext(255)) - client-0C76110B8A2B->ed5d81fa-aaf0-49db-aa57-acca1dd387bd: receive RaftClientReply:client-0C76110B8A2B->ed5d81fa-aaf0-49db-aa57-acca1dd387bd@group-729F0664FEA8, cid=755, SUCCESS, logIndex=1108, commits[ed5d81fa-aaf0-49db-aa57-acca1dd387bd:c1110]
2019-09-10 22:11:52,165 [grpc-default-executor-1] INFO  client.GrpcClientProtocolClient (GrpcClientProtocolClient.java:onNext(255)) - client-0C76110B8A2B->ed5d81fa-aaf0-49db-aa57-acca1dd387bd: receive RaftClientReply:client-0C76110B8A2B->ed5d81fa-aaf0-49db-aa57-acca1dd387bd@group-729F0664FEA8, cid=756, SUCCESS, logIndex=1109, commits[ed5d81fa-aaf0-49db-aa57-acca1dd387bd:c1111]
2019-09-10 22:11:52,245 [SCMBlockDeletingService#0] DEBUG block.SCMBlockDeletingService (SCMBlockDeletingService.java:call(138)) - Running DeletedBlockTransactionScanner
2019-09-10 22:11:52,246 [SCMBlockDeletingService#0] DEBUG block.SCMBlockDeletingService (SCMBlockDeletingService.java:call(155)) - Scanned deleted blocks log and got 0 delTX to process.
2019-09-10 22:11:52,260 [grpc-default-executor-0] INFO  client.GrpcClientProtocolClient (GrpcClientProtocolClient.java:onNext(255)) - client-0C76110B8A2B->ed5d81fa-aaf0-49db-aa57-acca1dd387bd: receive RaftClientReply:client-0C76110B8A2B->ed5d81fa-aaf0-49db-aa57-acca1dd387bd@group-729F0664FEA8, cid=757, SUCCESS, logIndex=1112, commits[ed5d81fa-aaf0-49db-aa57-acca1dd387bd:c1113]
2019-09-10 22:11:52,261 [grpc-default-executor-0] INFO  client.GrpcClientProtocolClient (GrpcClientProtocolClient.java:onNext(255)) - client-0C76110B8A2B->ed5d81fa-aaf0-49db-aa57-acca1dd387bd: receive RaftClientReply:client-0C76110B8A2B->ed5d81fa-aaf0-49db-aa57-acca1dd387bd@group-729F0664FEA8, cid=758, SUCCESS, logIndex=1113, commits[ed5d81fa-aaf0-49db-aa57-acca1dd387bd:c1115]
2019-09-10 22:11:52,261 [grpc-default-executor-0] INFO  client.GrpcClientProtocolClient (GrpcClientProtocolClient.java:onNext(255)) - client-0C76110B8A2B->ed5d81fa-aaf0-49db-aa57-acca1dd387bd: receive RaftClientReply:client-0C76110B8A2B->ed5d81fa-aaf0-49db-aa57-acca1dd387bd@group-729F0664FEA8, cid=759, SUCCESS, logIndex=1114, commits[ed5d81fa-aaf0-49db-aa57-acca1dd387bd:c1116]
2019-09-10 22:11:52,262 [grpc-default-executor-0] INFO  client.GrpcClientProtocolClient (GrpcClientProtocolClient.java:onNext(255)) - client-0C76110B8A2B->ed5d81fa-aaf0-49db-aa57-acca1dd387bd: receive RaftClientReply:client-0C76110B8A2B->ed5d81fa-aaf0-49db-aa57-acca1dd387bd@group-729F0664FEA8, cid=760, SUCCESS, logIndex=1115, commits[ed5d81fa-aaf0-49db-aa57-acca1dd387bd:c1116]
2019-09-10 22:11:52,285 [grpc-default-executor-0] INFO  client.GrpcClientProtocolClient (GrpcClientProtocolClient.java:onNext(255)) - client-0C76110B8A2B->ed5d81fa-aaf0-49db-aa57-acca1dd387bd: receive RaftClientReply:client-0C76110B8A2B->ed5d81fa-aaf0-49db-aa57-acca1dd387bd@group-729F0664FEA8, cid=761, SUCCESS, logIndex=1118, commits[ed5d81fa-aaf0-49db-aa57-acca1dd387bd:c1119]
2019-09-10 22:11:52,286 [grpc-default-executor-0] INFO  client.GrpcClientProtocolClient (GrpcClientProtocolClient.java:onNext(255)) - client-0C76110B8A2B->ed5d81fa-aaf0-49db-aa57-acca1dd387bd: receive RaftClientReply:client-0C76110B8A2B->ed5d81fa-aaf0-49db-aa57-acca1dd387bd@group-729F0664FEA8, cid=762, SUCCESS, logIndex=1119, commits[ed5d81fa-aaf0-49db-aa57-acca1dd387bd:c1121]
2019-09-10 22:11:52,287 [grpc-default-executor-0] INFO  client.GrpcClientProtocolClient (GrpcClientProtocolClient.java:onNext(255)) - client-0C76110B8A2B->ed5d81fa-aaf0-49db-aa57-acca1dd387bd: receive RaftClientReply:client-0C76110B8A2B->ed5d81fa-aaf0-49db-aa57-acca1dd387bd@group-729F0664FEA8, cid=763, SUCCESS, logIndex=1120, commits[ed5d81fa-aaf0-49db-aa57-acca1dd387bd:c1122]
2019-09-10 22:11:52,287 [grpc-default-executor-0] INFO  client.GrpcClientProtocolClient (GrpcClientProtocolClient.java:onNext(255)) - client-0C76110B8A2B->ed5d81fa-aaf0-49db-aa57-acca1dd387bd: receive RaftClientReply:client-0C76110B8A2B->ed5d81fa-aaf0-49db-aa57-acca1dd387bd@group-729F0664FEA8, cid=764, SUCCESS, logIndex=1121, commits[ed5d81fa-aaf0-49db-aa57-acca1dd387bd:c1122]
2019-09-10 22:11:52,306 [grpc-default-executor-1] INFO  client.GrpcClientProtocolClient (GrpcClientProtocolClient.java:onNext(255)) - client-0C76110B8A2B->ed5d81fa-aaf0-49db-aa57-acca1dd387bd: receive RaftClientReply:client-0C76110B8A2B->ed5d81fa-aaf0-49db-aa57-acca1dd387bd@group-729F0664FEA8, cid=765, SUCCESS, logIndex=1124, commits[ed5d81fa-aaf0-49db-aa57-acca1dd387bd:c1125]
2019-09-10 22:11:52,306 [grpc-default-executor-1] INFO  client.GrpcClientProtocolClient (GrpcClientProtocolClient.java:onNext(255)) - client-0C76110B8A2B->ed5d81fa-aaf0-49db-aa57-acca1dd387bd: receive RaftClientReply:client-0C76110B8A2B->ed5d81fa-aaf0-49db-aa57-acca1dd387bd@group-729F0664FEA8, cid=766, SUCCESS, logIndex=1125, commits[ed5d81fa-aaf0-49db-aa57-acca1dd387bd:c1127]
2019-09-10 22:11:52,306 [grpc-default-executor-1] INFO  client.GrpcClientProtocolClient (GrpcClientProtocolClient.java:onNext(255)) - client-0C76110B8A2B->ed5d81fa-aaf0-49db-aa57-acca1dd387bd: receive RaftClientReply:client-0C76110B8A2B->ed5d81fa-aaf0-49db-aa57-acca1dd387bd@group-729F0664FEA8, cid=767, SUCCESS, logIndex=1126, commits[ed5d81fa-aaf0-49db-aa57-acca1dd387bd:c1127]
2019-09-10 22:11:52,307 [grpc-default-executor-1] INFO  client.GrpcClientProtocolClient (GrpcClientProtocolClient.java:onNext(255)) - client-0C76110B8A2B->ed5d81fa-aaf0-49db-aa57-acca1dd387bd: receive RaftClientReply:client-0C76110B8A2B->ed5d81fa-aaf0-49db-aa57-acca1dd387bd@group-729F0664FEA8, cid=768, SUCCESS, logIndex=1127, commits[ed5d81fa-aaf0-49db-aa57-acca1dd387bd:c1128]
2019-09-10 22:11:52,332 [grpc-default-executor-0] INFO  client.GrpcClientProtocolClient (GrpcClientProtocolClient.java:onNext(255)) - client-0C76110B8A2B->ed5d81fa-aaf0-49db-aa57-acca1dd387bd: receive RaftClientReply:client-0C76110B8A2B->ed5d81fa-aaf0-49db-aa57-acca1dd387bd@group-729F0664FEA8, cid=769, SUCCESS, logIndex=1130, commits[ed5d81fa-aaf0-49db-aa57-acca1dd387bd:c1131]
2019-09-10 22:11:52,333 [grpc-default-executor-0] INFO  client.GrpcClientProtocolClient (GrpcClientProtocolClient.java:onNext(255)) - client-0C76110B8A2B->ed5d81fa-aaf0-49db-aa57-acca1dd387bd: receive RaftClientReply:client-0C76110B8A2B->ed5d81fa-aaf0-49db-aa57-acca1dd387bd@group-729F0664FEA8, cid=770, SUCCESS, logIndex=1131, commits[ed5d81fa-aaf0-49db-aa57-acca1dd387bd:c1133]
2019-09-10 22:11:52,333 [grpc-default-executor-0] INFO  client.GrpcClientProtocolClient (GrpcClientProtocolClient.java:onNext(255)) - client-0C76110B8A2B->ed5d81fa-aaf0-49db-aa57-acca1dd387bd: receive RaftClientReply:client-0C76110B8A2B->ed5d81fa-aaf0-49db-aa57-acca1dd387bd@group-729F0664FEA8, cid=771, SUCCESS, logIndex=1132, commits[ed5d81fa-aaf0-49db-aa57-acca1dd387bd:c1134]
2019-09-10 22:11:52,333 [grpc-default-executor-0] INFO  client.GrpcClientProtocolClient (GrpcClientProtocolClient.java:onNext(255)) - client-0C76110B8A2B->ed5d81fa-aaf0-49db-aa57-acca1dd387bd: receive RaftClientReply:client-0C76110B8A2B->ed5d81fa-aaf0-49db-aa57-acca1dd387bd@group-729F0664FEA8, cid=772, SUCCESS, logIndex=1133, commits[ed5d81fa-aaf0-49db-aa57-acca1dd387bd:c1134]
2019-09-10 22:11:52,346 [SCMBlockDeletingService#0] DEBUG block.SCMBlockDeletingService (SCMBlockDeletingService.java:call(138)) - Running DeletedBlockTransactionScanner
2019-09-10 22:11:52,346 [SCMBlockDeletingService#0] DEBUG block.SCMBlockDeletingService (SCMBlockDeletingService.java:call(155)) - Scanned deleted blocks log and got 0 delTX to process.
2019-09-10 22:11:52,357 [grpc-default-executor-0] INFO  client.GrpcClientProtocolClient (GrpcClientProtocolClient.java:onNext(255)) - client-0C76110B8A2B->ed5d81fa-aaf0-49db-aa57-acca1dd387bd: receive RaftClientReply:client-0C76110B8A2B->ed5d81fa-aaf0-49db-aa57-acca1dd387bd@group-729F0664FEA8, cid=773, SUCCESS, logIndex=1136, commits[ed5d81fa-aaf0-49db-aa57-acca1dd387bd:c1137]
2019-09-10 22:11:52,357 [grpc-default-executor-0] INFO  client.GrpcClientProtocolClient (GrpcClientProtocolClient.java:onNext(255)) - client-0C76110B8A2B->ed5d81fa-aaf0-49db-aa57-acca1dd387bd: receive RaftClientReply:client-0C76110B8A2B->ed5d81fa-aaf0-49db-aa57-acca1dd387bd@group-729F0664FEA8, cid=774, SUCCESS, logIndex=1137, commits[ed5d81fa-aaf0-49db-aa57-acca1dd387bd:c1139]
2019-09-10 22:11:52,357 [grpc-default-executor-0] INFO  client.GrpcClientProtocolClient (GrpcClientProtocolClient.java:onNext(255)) - client-0C76110B8A2B->ed5d81fa-aaf0-49db-aa57-acca1dd387bd: receive RaftClientReply:client-0C76110B8A2B->ed5d81fa-aaf0-49db-aa57-acca1dd387bd@group-729F0664FEA8, cid=775, SUCCESS, logIndex=1138, commits[ed5d81fa-aaf0-49db-aa57-acca1dd387bd:c1140]
2019-09-10 22:11:52,358 [grpc-default-executor-0] INFO  client.GrpcClientProtocolClient (GrpcClientProtocolClient.java:onNext(255)) - client-0C76110B8A2B->ed5d81fa-aaf0-49db-aa57-acca1dd387bd: receive RaftClientReply:client-0C76110B8A2B->ed5d81fa-aaf0-49db-aa57-acca1dd387bd@group-729F0664FEA8, cid=776, SUCCESS, logIndex=1139, commits[ed5d81fa-aaf0-49db-aa57-acca1dd387bd:c1141]
2019-09-10 22:11:52,381 [grpc-default-executor-0] INFO  client.GrpcClientProtocolClient (GrpcClientProtocolClient.java:onNext(255)) - client-0C76110B8A2B->ed5d81fa-aaf0-49db-aa57-acca1dd387bd: receive RaftClientReply:client-0C76110B8A2B->ed5d81fa-aaf0-49db-aa57-acca1dd387bd@group-729F0664FEA8, cid=777, SUCCESS, logIndex=1142, commits[ed5d81fa-aaf0-49db-aa57-acca1dd387bd:c1143]
2019-09-10 22:11:52,381 [grpc-default-executor-0] INFO  client.GrpcClientProtocolClient (GrpcClientProtocolClient.java:onNext(255)) - client-0C76110B8A2B->ed5d81fa-aaf0-49db-aa57-acca1dd387bd: receive RaftClientReply:client-0C76110B8A2B->ed5d81fa-aaf0-49db-aa57-acca1dd387bd@group-729F0664FEA8, cid=778, SUCCESS, logIndex=1143, commits[ed5d81fa-aaf0-49db-aa57-acca1dd387bd:c1145]
2019-09-10 22:11:52,382 [grpc-default-executor-0] INFO  client.GrpcClientProtocolClient (GrpcClientProtocolClient.java:onNext(255)) - client-0C76110B8A2B->ed5d81fa-aaf0-49db-aa57-acca1dd387bd: receive RaftClientReply:client-0C76110B8A2B->ed5d81fa-aaf0-49db-aa57-acca1dd387bd@group-729F0664FEA8, cid=779, SUCCESS, logIndex=1144, commits[ed5d81fa-aaf0-49db-aa57-acca1dd387bd:c1146]
2019-09-10 22:11:52,382 [grpc-default-executor-0] INFO  client.GrpcClientProtocolClient (GrpcClientProtocolClient.java:onNext(255)) - client-0C76110B8A2B->ed5d81fa-aaf0-49db-aa57-acca1dd387bd: receive RaftClientReply:client-0C76110B8A2B->ed5d81fa-aaf0-49db-aa57-acca1dd387bd@group-729F0664FEA8, cid=780, SUCCESS, logIndex=1145, commits[ed5d81fa-aaf0-49db-aa57-acca1dd387bd:c1146]
2019-09-10 22:11:52,400 [grpc-default-executor-0] INFO  client.GrpcClientProtocolClient (GrpcClientProtocolClient.java:onNext(255)) - client-0C76110B8A2B->ed5d81fa-aaf0-49db-aa57-acca1dd387bd: receive RaftClientReply:client-0C76110B8A2B->ed5d81fa-aaf0-49db-aa57-acca1dd387bd@group-729F0664FEA8, cid=781, SUCCESS, logIndex=1148, commits[ed5d81fa-aaf0-49db-aa57-acca1dd387bd:c1149]
2019-09-10 22:11:52,400 [grpc-default-executor-0] INFO  client.GrpcClientProtocolClient (GrpcClientProtocolClient.java:onNext(255)) - client-0C76110B8A2B->ed5d81fa-aaf0-49db-aa57-acca1dd387bd: receive RaftClientReply:client-0C76110B8A2B->ed5d81fa-aaf0-49db-aa57-acca1dd387bd@group-729F0664FEA8, cid=782, SUCCESS, logIndex=1149, commits[ed5d81fa-aaf0-49db-aa57-acca1dd387bd:c1151]
2019-09-10 22:11:52,401 [grpc-default-executor-0] INFO  client.GrpcClientProtocolClient (GrpcClientProtocolClient.java:onNext(255)) - client-0C76110B8A2B->ed5d81fa-aaf0-49db-aa57-acca1dd387bd: receive RaftClientReply:client-0C76110B8A2B->ed5d81fa-aaf0-49db-aa57-acca1dd387bd@group-729F0664FEA8, cid=783, SUCCESS, logIndex=1150, commits[ed5d81fa-aaf0-49db-aa57-acca1dd387bd:c1151]
2019-09-10 22:11:52,401 [grpc-default-executor-0] INFO  client.GrpcClientProtocolClient (GrpcClientProtocolClient.java:onNext(255)) - client-0C76110B8A2B->ed5d81fa-aaf0-49db-aa57-acca1dd387bd: receive RaftClientReply:client-0C76110B8A2B->ed5d81fa-aaf0-49db-aa57-acca1dd387bd@group-729F0664FEA8, cid=784, SUCCESS, logIndex=1151, commits[ed5d81fa-aaf0-49db-aa57-acca1dd387bd:c1152]
2019-09-10 22:11:52,425 [grpc-default-executor-1] INFO  client.GrpcClientProtocolClient (GrpcClientProtocolClient.java:onNext(255)) - client-0C76110B8A2B->ed5d81fa-aaf0-49db-aa57-acca1dd387bd: receive RaftClientReply:client-0C76110B8A2B->ed5d81fa-aaf0-49db-aa57-acca1dd387bd@group-729F0664FEA8, cid=785, SUCCESS, logIndex=1154, commits[ed5d81fa-aaf0-49db-aa57-acca1dd387bd:c1157]
2019-09-10 22:11:52,426 [grpc-default-executor-1] INFO  client.GrpcClientProtocolClient (GrpcClientProtocolClient.java:onNext(255)) - client-0C76110B8A2B->ed5d81fa-aaf0-49db-aa57-acca1dd387bd: receive RaftClientReply:client-0C76110B8A2B->ed5d81fa-aaf0-49db-aa57-acca1dd387bd@group-729F0664FEA8, cid=786, SUCCESS, logIndex=1155, commits[ed5d81fa-aaf0-49db-aa57-acca1dd387bd:c1158]
2019-09-10 22:11:52,426 [grpc-default-executor-1] INFO  client.GrpcClientProtocolClient (GrpcClientProtocolClient.java:onNext(255)) - client-0C76110B8A2B->ed5d81fa-aaf0-49db-aa57-acca1dd387bd: receive RaftClientReply:client-0C76110B8A2B->ed5d81fa-aaf0-49db-aa57-acca1dd387bd@group-729F0664FEA8, cid=787, SUCCESS, logIndex=1156, commits[ed5d81fa-aaf0-49db-aa57-acca1dd387bd:c1158]
2019-09-10 22:11:52,426 [grpc-default-executor-1] INFO  client.GrpcClientProtocolClient (GrpcClientProtocolClient.java:onNext(255)) - client-0C76110B8A2B->ed5d81fa-aaf0-49db-aa57-acca1dd387bd: receive RaftClientReply:client-0C76110B8A2B->ed5d81fa-aaf0-49db-aa57-acca1dd387bd@group-729F0664FEA8, cid=788, SUCCESS, logIndex=1157, commits[ed5d81fa-aaf0-49db-aa57-acca1dd387bd:c1158]
2019-09-10 22:11:52,444 [grpc-default-executor-1] INFO  client.GrpcClientProtocolClient (GrpcClientProtocolClient.java:onNext(255)) - client-0C76110B8A2B->ed5d81fa-aaf0-49db-aa57-acca1dd387bd: receive RaftClientReply:client-0C76110B8A2B->ed5d81fa-aaf0-49db-aa57-acca1dd387bd@group-729F0664FEA8, cid=789, SUCCESS, logIndex=1159, commits[ed5d81fa-aaf0-49db-aa57-acca1dd387bd:c1160]
2019-09-10 22:11:52,445 [grpc-default-executor-1] INFO  client.GrpcClientProtocolClient (GrpcClientProtocolClient.java:onNext(255)) - client-0C76110B8A2B->ed5d81fa-aaf0-49db-aa57-acca1dd387bd: receive RaftClientReply:client-0C76110B8A2B->ed5d81fa-aaf0-49db-aa57-acca1dd387bd@group-729F0664FEA8, cid=790, SUCCESS, logIndex=1160, commits[ed5d81fa-aaf0-49db-aa57-acca1dd387bd:c1160]
2019-09-10 22:11:52,446 [grpc-default-executor-1] INFO  client.GrpcClientProtocolClient (GrpcClientProtocolClient.java:onNext(255)) - client-0C76110B8A2B->ed5d81fa-aaf0-49db-aa57-acca1dd387bd: receive RaftClientReply:client-0C76110B8A2B->ed5d81fa-aaf0-49db-aa57-acca1dd387bd@group-729F0664FEA8, cid=791, SUCCESS, logIndex=1161, commits[ed5d81fa-aaf0-49db-aa57-acca1dd387bd:c1162]
2019-09-10 22:11:52,446 [SCMBlockDeletingService#0] DEBUG block.SCMBlockDeletingService (SCMBlockDeletingService.java:call(138)) - Running DeletedBlockTransactionScanner
2019-09-10 22:11:52,446 [SCMBlockDeletingService#0] DEBUG block.SCMBlockDeletingService (SCMBlockDeletingService.java:call(155)) - Scanned deleted blocks log and got 0 delTX to process.
2019-09-10 22:11:52,447 [grpc-default-executor-1] INFO  client.GrpcClientProtocolClient (GrpcClientProtocolClient.java:onNext(255)) - client-0C76110B8A2B->ed5d81fa-aaf0-49db-aa57-acca1dd387bd: receive RaftClientReply:client-0C76110B8A2B->ed5d81fa-aaf0-49db-aa57-acca1dd387bd@group-729F0664FEA8, cid=792, SUCCESS, logIndex=1162, commits[ed5d81fa-aaf0-49db-aa57-acca1dd387bd:c1163]
2019-09-10 22:11:52,472 [grpc-default-executor-0] INFO  client.GrpcClientProtocolClient (GrpcClientProtocolClient.java:onNext(255)) - client-0C76110B8A2B->ed5d81fa-aaf0-49db-aa57-acca1dd387bd: receive RaftClientReply:client-0C76110B8A2B->ed5d81fa-aaf0-49db-aa57-acca1dd387bd@group-729F0664FEA8, cid=793, SUCCESS, logIndex=1165, commits[ed5d81fa-aaf0-49db-aa57-acca1dd387bd:c1166]
2019-09-10 22:11:52,472 [grpc-default-executor-0] INFO  client.GrpcClientProtocolClient (GrpcClientProtocolClient.java:onNext(255)) - client-0C76110B8A2B->ed5d81fa-aaf0-49db-aa57-acca1dd387bd: receive RaftClientReply:client-0C76110B8A2B->ed5d81fa-aaf0-49db-aa57-acca1dd387bd@group-729F0664FEA8, cid=794, SUCCESS, logIndex=1166, commits[ed5d81fa-aaf0-49db-aa57-acca1dd387bd:c1167]
2019-09-10 22:11:52,547 [SCMBlockDeletingService#1] DEBUG block.SCMBlockDeletingService (SCMBlockDeletingService.java:call(138)) - Running DeletedBlockTransactionScanner
2019-09-10 22:11:52,547 [SCMBlockDeletingService#1] DEBUG block.SCMBlockDeletingService (SCMBlockDeletingService.java:call(155)) - Scanned deleted blocks log and got 0 delTX to process.
2019-09-10 22:11:52,549 [grpc-default-executor-1] INFO  client.GrpcClientProtocolClient (GrpcClientProtocolClient.java:onNext(255)) - client-0C76110B8A2B->ed5d81fa-aaf0-49db-aa57-acca1dd387bd: receive RaftClientReply:client-0C76110B8A2B->ed5d81fa-aaf0-49db-aa57-acca1dd387bd@group-729F0664FEA8, cid=795, SUCCESS, logIndex=1168, commits[ed5d81fa-aaf0-49db-aa57-acca1dd387bd:c1169]
2019-09-10 22:11:52,549 [grpc-default-executor-1] INFO  client.GrpcClientProtocolClient (GrpcClientProtocolClient.java:onNext(255)) - client-0C76110B8A2B->ed5d81fa-aaf0-49db-aa57-acca1dd387bd: receive RaftClientReply:client-0C76110B8A2B->ed5d81fa-aaf0-49db-aa57-acca1dd387bd@group-729F0664FEA8, cid=796, SUCCESS, logIndex=1169, commits[ed5d81fa-aaf0-49db-aa57-acca1dd387bd:c1170]
2019-09-10 22:11:52,571 [grpc-default-executor-0] INFO  client.GrpcClientProtocolClient (GrpcClientProtocolClient.java:onNext(255)) - client-0C76110B8A2B->ed5d81fa-aaf0-49db-aa57-acca1dd387bd: receive RaftClientReply:client-0C76110B8A2B->ed5d81fa-aaf0-49db-aa57-acca1dd387bd@group-729F0664FEA8, cid=797, SUCCESS, logIndex=1171, commits[ed5d81fa-aaf0-49db-aa57-acca1dd387bd:c1174]
2019-09-10 22:11:52,571 [grpc-default-executor-0] INFO  client.GrpcClientProtocolClient (GrpcClientProtocolClient.java:onNext(255)) - client-0C76110B8A2B->ed5d81fa-aaf0-49db-aa57-acca1dd387bd: receive RaftClientReply:client-0C76110B8A2B->ed5d81fa-aaf0-49db-aa57-acca1dd387bd@group-729F0664FEA8, cid=798, SUCCESS, logIndex=1172, commits[ed5d81fa-aaf0-49db-aa57-acca1dd387bd:c1175]
2019-09-10 22:11:52,572 [grpc-default-executor-0] INFO  client.GrpcClientProtocolClient (GrpcClientProtocolClient.java:onNext(255)) - client-0C76110B8A2B->ed5d81fa-aaf0-49db-aa57-acca1dd387bd: receive RaftClientReply:client-0C76110B8A2B->ed5d81fa-aaf0-49db-aa57-acca1dd387bd@group-729F0664FEA8, cid=799, SUCCESS, logIndex=1173, commits[ed5d81fa-aaf0-49db-aa57-acca1dd387bd:c1175]
2019-09-10 22:11:52,572 [grpc-default-executor-0] INFO  client.GrpcClientProtocolClient (GrpcClientProtocolClient.java:onNext(255)) - client-0C76110B8A2B->ed5d81fa-aaf0-49db-aa57-acca1dd387bd: receive RaftClientReply:client-0C76110B8A2B->ed5d81fa-aaf0-49db-aa57-acca1dd387bd@group-729F0664FEA8, cid=800, SUCCESS, logIndex=1174, commits[ed5d81fa-aaf0-49db-aa57-acca1dd387bd:c1175]
2019-09-10 22:11:52,600 [grpc-default-executor-0] INFO  client.GrpcClientProtocolClient (GrpcClientProtocolClient.java:onNext(255)) - client-0C76110B8A2B->ed5d81fa-aaf0-49db-aa57-acca1dd387bd: receive RaftClientReply:client-0C76110B8A2B->ed5d81fa-aaf0-49db-aa57-acca1dd387bd@group-729F0664FEA8, cid=801, SUCCESS, logIndex=1176, commits[ed5d81fa-aaf0-49db-aa57-acca1dd387bd:c1179]
2019-09-10 22:11:52,601 [grpc-default-executor-0] INFO  client.GrpcClientProtocolClient (GrpcClientProtocolClient.java:onNext(255)) - client-0C76110B8A2B->ed5d81fa-aaf0-49db-aa57-acca1dd387bd: receive RaftClientReply:client-0C76110B8A2B->ed5d81fa-aaf0-49db-aa57-acca1dd387bd@group-729F0664FEA8, cid=802, SUCCESS, logIndex=1177, commits[ed5d81fa-aaf0-49db-aa57-acca1dd387bd:c1180]
2019-09-10 22:11:52,601 [grpc-default-executor-0] INFO  client.GrpcClientProtocolClient (GrpcClientProtocolClient.java:onNext(255)) - client-0C76110B8A2B->ed5d81fa-aaf0-49db-aa57-acca1dd387bd: receive RaftClientReply:client-0C76110B8A2B->ed5d81fa-aaf0-49db-aa57-acca1dd387bd@group-729F0664FEA8, cid=803, SUCCESS, logIndex=1178, commits[ed5d81fa-aaf0-49db-aa57-acca1dd387bd:c1180]
2019-09-10 22:11:52,601 [grpc-default-executor-0] INFO  client.GrpcClientProtocolClient (GrpcClientProtocolClient.java:onNext(255)) - client-0C76110B8A2B->ed5d81fa-aaf0-49db-aa57-acca1dd387bd: receive RaftClientReply:client-0C76110B8A2B->ed5d81fa-aaf0-49db-aa57-acca1dd387bd@group-729F0664FEA8, cid=804, SUCCESS, logIndex=1179, commits[ed5d81fa-aaf0-49db-aa57-acca1dd387bd:c1180]
2019-09-10 22:11:52,623 [grpc-default-executor-0] INFO  client.GrpcClientProtocolClient (GrpcClientProtocolClient.java:onNext(255)) - client-0C76110B8A2B->ed5d81fa-aaf0-49db-aa57-acca1dd387bd: receive RaftClientReply:client-0C76110B8A2B->ed5d81fa-aaf0-49db-aa57-acca1dd387bd@group-729F0664FEA8, cid=805, SUCCESS, logIndex=1181, commits[ed5d81fa-aaf0-49db-aa57-acca1dd387bd:c1184]
2019-09-10 22:11:52,623 [grpc-default-executor-0] INFO  client.GrpcClientProtocolClient (GrpcClientProtocolClient.java:onNext(255)) - client-0C76110B8A2B->ed5d81fa-aaf0-49db-aa57-acca1dd387bd: receive RaftClientReply:client-0C76110B8A2B->ed5d81fa-aaf0-49db-aa57-acca1dd387bd@group-729F0664FEA8, cid=806, SUCCESS, logIndex=1182, commits[ed5d81fa-aaf0-49db-aa57-acca1dd387bd:c1184]
2019-09-10 22:11:52,623 [grpc-default-executor-0] INFO  client.GrpcClientProtocolClient (GrpcClientProtocolClient.java:onNext(255)) - client-0C76110B8A2B->ed5d81fa-aaf0-49db-aa57-acca1dd387bd: receive RaftClientReply:client-0C76110B8A2B->ed5d81fa-aaf0-49db-aa57-acca1dd387bd@group-729F0664FEA8, cid=807, SUCCESS, logIndex=1183, commits[ed5d81fa-aaf0-49db-aa57-acca1dd387bd:c1185]
2019-09-10 22:11:52,624 [grpc-default-executor-0] INFO  client.GrpcClientProtocolClient (GrpcClientProtocolClient.java:onNext(255)) - client-0C76110B8A2B->ed5d81fa-aaf0-49db-aa57-acca1dd387bd: receive RaftClientReply:client-0C76110B8A2B->ed5d81fa-aaf0-49db-aa57-acca1dd387bd@group-729F0664FEA8, cid=808, SUCCESS, logIndex=1184, commits[ed5d81fa-aaf0-49db-aa57-acca1dd387bd:c1185]
2019-09-10 22:11:52,647 [SCMBlockDeletingService#1] DEBUG block.SCMBlockDeletingService (SCMBlockDeletingService.java:call(138)) - Running DeletedBlockTransactionScanner
2019-09-10 22:11:52,648 [SCMBlockDeletingService#1] DEBUG block.SCMBlockDeletingService (SCMBlockDeletingService.java:call(155)) - Scanned deleted blocks log and got 0 delTX to process.
2019-09-10 22:11:52,649 [grpc-default-executor-0] INFO  client.GrpcClientProtocolClient (GrpcClientProtocolClient.java:onNext(255)) - client-0C76110B8A2B->ed5d81fa-aaf0-49db-aa57-acca1dd387bd: receive RaftClientReply:client-0C76110B8A2B->ed5d81fa-aaf0-49db-aa57-acca1dd387bd@group-729F0664FEA8, cid=809, SUCCESS, logIndex=1186, commits[ed5d81fa-aaf0-49db-aa57-acca1dd387bd:c1187]
2019-09-10 22:11:52,649 [grpc-default-executor-0] INFO  client.GrpcClientProtocolClient (GrpcClientProtocolClient.java:onNext(255)) - client-0C76110B8A2B->ed5d81fa-aaf0-49db-aa57-acca1dd387bd: receive RaftClientReply:client-0C76110B8A2B->ed5d81fa-aaf0-49db-aa57-acca1dd387bd@group-729F0664FEA8, cid=810, SUCCESS, logIndex=1187, commits[ed5d81fa-aaf0-49db-aa57-acca1dd387bd:c1189]
2019-09-10 22:11:52,649 [grpc-default-executor-0] INFO  client.GrpcClientProtocolClient (GrpcClientProtocolClient.java:onNext(255)) - client-0C76110B8A2B->ed5d81fa-aaf0-49db-aa57-acca1dd387bd: receive RaftClientReply:client-0C76110B8A2B->ed5d81fa-aaf0-49db-aa57-acca1dd387bd@group-729F0664FEA8, cid=811, SUCCESS, logIndex=1188, commits[ed5d81fa-aaf0-49db-aa57-acca1dd387bd:c1189]
2019-09-10 22:11:52,650 [grpc-default-executor-0] INFO  client.GrpcClientProtocolClient (GrpcClientProtocolClient.java:onNext(255)) - client-0C76110B8A2B->ed5d81fa-aaf0-49db-aa57-acca1dd387bd: receive RaftClientReply:client-0C76110B8A2B->ed5d81fa-aaf0-49db-aa57-acca1dd387bd@group-729F0664FEA8, cid=812, SUCCESS, logIndex=1189, commits[ed5d81fa-aaf0-49db-aa57-acca1dd387bd:c1190]
2019-09-10 22:11:52,668 [grpc-default-executor-1] INFO  client.GrpcClientProtocolClient (GrpcClientProtocolClient.java:onNext(255)) - client-0C76110B8A2B->ed5d81fa-aaf0-49db-aa57-acca1dd387bd: receive RaftClientReply:client-0C76110B8A2B->ed5d81fa-aaf0-49db-aa57-acca1dd387bd@group-729F0664FEA8, cid=813, SUCCESS, logIndex=1192, commits[ed5d81fa-aaf0-49db-aa57-acca1dd387bd:c1193]
2019-09-10 22:11:52,668 [grpc-default-executor-1] INFO  client.GrpcClientProtocolClient (GrpcClientProtocolClient.java:onNext(255)) - client-0C76110B8A2B->ed5d81fa-aaf0-49db-aa57-acca1dd387bd: receive RaftClientReply:client-0C76110B8A2B->ed5d81fa-aaf0-49db-aa57-acca1dd387bd@group-729F0664FEA8, cid=814, SUCCESS, logIndex=1193, commits[ed5d81fa-aaf0-49db-aa57-acca1dd387bd:c1195]
2019-09-10 22:11:52,669 [grpc-default-executor-1] INFO  client.GrpcClientProtocolClient (GrpcClientProtocolClient.java:onNext(255)) - client-0C76110B8A2B->ed5d81fa-aaf0-49db-aa57-acca1dd387bd: receive RaftClientReply:client-0C76110B8A2B->ed5d81fa-aaf0-49db-aa57-acca1dd387bd@group-729F0664FEA8, cid=815, SUCCESS, logIndex=1194, commits[ed5d81fa-aaf0-49db-aa57-acca1dd387bd:c1196]
2019-09-10 22:11:52,669 [grpc-default-executor-1] INFO  client.GrpcClientProtocolClient (GrpcClientProtocolClient.java:onNext(255)) - client-0C76110B8A2B->ed5d81fa-aaf0-49db-aa57-acca1dd387bd: receive RaftClientReply:client-0C76110B8A2B->ed5d81fa-aaf0-49db-aa57-acca1dd387bd@group-729F0664FEA8, cid=816, SUCCESS, logIndex=1195, commits[ed5d81fa-aaf0-49db-aa57-acca1dd387bd:c1196]
2019-09-10 22:11:52,694 [grpc-default-executor-1] INFO  client.GrpcClientProtocolClient (GrpcClientProtocolClient.java:onNext(255)) - client-0C76110B8A2B->ed5d81fa-aaf0-49db-aa57-acca1dd387bd: receive RaftClientReply:client-0C76110B8A2B->ed5d81fa-aaf0-49db-aa57-acca1dd387bd@group-729F0664FEA8, cid=817, SUCCESS, logIndex=1198, commits[ed5d81fa-aaf0-49db-aa57-acca1dd387bd:c1199]
2019-09-10 22:11:52,696 [grpc-default-executor-1] INFO  client.GrpcClientProtocolClient (GrpcClientProtocolClient.java:onNext(255)) - client-0C76110B8A2B->ed5d81fa-aaf0-49db-aa57-acca1dd387bd: receive RaftClientReply:client-0C76110B8A2B->ed5d81fa-aaf0-49db-aa57-acca1dd387bd@group-729F0664FEA8, cid=818, SUCCESS, logIndex=1199, commits[ed5d81fa-aaf0-49db-aa57-acca1dd387bd:c1202]
2019-09-10 22:11:52,696 [grpc-default-executor-1] INFO  client.GrpcClientProtocolClient (GrpcClientProtocolClient.java:onNext(255)) - client-0C76110B8A2B->ed5d81fa-aaf0-49db-aa57-acca1dd387bd: receive RaftClientReply:client-0C76110B8A2B->ed5d81fa-aaf0-49db-aa57-acca1dd387bd@group-729F0664FEA8, cid=819, SUCCESS, logIndex=1200, commits[ed5d81fa-aaf0-49db-aa57-acca1dd387bd:c1202]
2019-09-10 22:11:52,696 [grpc-default-executor-1] INFO  client.GrpcClientProtocolClient (GrpcClientProtocolClient.java:onNext(255)) - client-0C76110B8A2B->ed5d81fa-aaf0-49db-aa57-acca1dd387bd: receive RaftClientReply:client-0C76110B8A2B->ed5d81fa-aaf0-49db-aa57-acca1dd387bd@group-729F0664FEA8, cid=820, SUCCESS, logIndex=1201, commits[ed5d81fa-aaf0-49db-aa57-acca1dd387bd:c1203]
2019-09-10 22:11:52,717 [grpc-default-executor-1] INFO  client.GrpcClientProtocolClient (GrpcClientProtocolClient.java:onNext(255)) - client-0C76110B8A2B->ed5d81fa-aaf0-49db-aa57-acca1dd387bd: receive RaftClientReply:client-0C76110B8A2B->ed5d81fa-aaf0-49db-aa57-acca1dd387bd@group-729F0664FEA8, cid=821, SUCCESS, logIndex=1204, commits[ed5d81fa-aaf0-49db-aa57-acca1dd387bd:c1205]
2019-09-10 22:11:52,718 [grpc-default-executor-1] INFO  client.GrpcClientProtocolClient (GrpcClientProtocolClient.java:onNext(255)) - client-0C76110B8A2B->ed5d81fa-aaf0-49db-aa57-acca1dd387bd: receive RaftClientReply:client-0C76110B8A2B->ed5d81fa-aaf0-49db-aa57-acca1dd387bd@group-729F0664FEA8, cid=822, SUCCESS, logIndex=1205, commits[ed5d81fa-aaf0-49db-aa57-acca1dd387bd:c1207]
2019-09-10 22:11:52,718 [grpc-default-executor-1] INFO  client.GrpcClientProtocolClient (GrpcClientProtocolClient.java:onNext(255)) - client-0C76110B8A2B->ed5d81fa-aaf0-49db-aa57-acca1dd387bd: receive RaftClientReply:client-0C76110B8A2B->ed5d81fa-aaf0-49db-aa57-acca1dd387bd@group-729F0664FEA8, cid=823, SUCCESS, logIndex=1206, commits[ed5d81fa-aaf0-49db-aa57-acca1dd387bd:c1208]
2019-09-10 22:11:52,718 [grpc-default-executor-1] INFO  client.GrpcClientProtocolClient (GrpcClientProtocolClient.java:onNext(255)) - client-0C76110B8A2B->ed5d81fa-aaf0-49db-aa57-acca1dd387bd: receive RaftClientReply:client-0C76110B8A2B->ed5d81fa-aaf0-49db-aa57-acca1dd387bd@group-729F0664FEA8, cid=824, SUCCESS, logIndex=1207, commits[ed5d81fa-aaf0-49db-aa57-acca1dd387bd:c1209]
2019-09-10 22:11:52,744 [grpc-default-executor-0] INFO  client.GrpcClientProtocolClient (GrpcClientProtocolClient.java:onNext(255)) - client-0C76110B8A2B->ed5d81fa-aaf0-49db-aa57-acca1dd387bd: receive RaftClientReply:client-0C76110B8A2B->ed5d81fa-aaf0-49db-aa57-acca1dd387bd@group-729F0664FEA8, cid=825, SUCCESS, logIndex=1210, commits[ed5d81fa-aaf0-49db-aa57-acca1dd387bd:c1211]
2019-09-10 22:11:52,745 [grpc-default-executor-0] INFO  client.GrpcClientProtocolClient (GrpcClientProtocolClient.java:onNext(255)) - client-0C76110B8A2B->ed5d81fa-aaf0-49db-aa57-acca1dd387bd: receive RaftClientReply:client-0C76110B8A2B->ed5d81fa-aaf0-49db-aa57-acca1dd387bd@group-729F0664FEA8, cid=826, SUCCESS, logIndex=1211, commits[ed5d81fa-aaf0-49db-aa57-acca1dd387bd:c1213]
2019-09-10 22:11:52,746 [grpc-default-executor-0] INFO  client.GrpcClientProtocolClient (GrpcClientProtocolClient.java:onNext(255)) - client-0C76110B8A2B->ed5d81fa-aaf0-49db-aa57-acca1dd387bd: receive RaftClientReply:client-0C76110B8A2B->ed5d81fa-aaf0-49db-aa57-acca1dd387bd@group-729F0664FEA8, cid=827, SUCCESS, logIndex=1212, commits[ed5d81fa-aaf0-49db-aa57-acca1dd387bd:c1214]
2019-09-10 22:11:52,747 [grpc-default-executor-0] INFO  client.GrpcClientProtocolClient (GrpcClientProtocolClient.java:onNext(255)) - client-0C76110B8A2B->ed5d81fa-aaf0-49db-aa57-acca1dd387bd: receive RaftClientReply:client-0C76110B8A2B->ed5d81fa-aaf0-49db-aa57-acca1dd387bd@group-729F0664FEA8, cid=828, SUCCESS, logIndex=1213, commits[ed5d81fa-aaf0-49db-aa57-acca1dd387bd:c1215]
2019-09-10 22:11:52,748 [SCMBlockDeletingService#1] DEBUG block.SCMBlockDeletingService (SCMBlockDeletingService.java:call(138)) - Running DeletedBlockTransactionScanner
2019-09-10 22:11:52,748 [SCMBlockDeletingService#1] DEBUG block.SCMBlockDeletingService (SCMBlockDeletingService.java:call(155)) - Scanned deleted blocks log and got 0 delTX to process.
2019-09-10 22:11:52,769 [grpc-default-executor-0] INFO  client.GrpcClientProtocolClient (GrpcClientProtocolClient.java:onNext(255)) - client-0C76110B8A2B->ed5d81fa-aaf0-49db-aa57-acca1dd387bd: receive RaftClientReply:client-0C76110B8A2B->ed5d81fa-aaf0-49db-aa57-acca1dd387bd@group-729F0664FEA8, cid=829, SUCCESS, logIndex=1216, commits[ed5d81fa-aaf0-49db-aa57-acca1dd387bd:c1217]
2019-09-10 22:11:52,770 [grpc-default-executor-0] INFO  client.GrpcClientProtocolClient (GrpcClientProtocolClient.java:onNext(255)) - client-0C76110B8A2B->ed5d81fa-aaf0-49db-aa57-acca1dd387bd: receive RaftClientReply:client-0C76110B8A2B->ed5d81fa-aaf0-49db-aa57-acca1dd387bd@group-729F0664FEA8, cid=830, SUCCESS, logIndex=1217, commits[ed5d81fa-aaf0-49db-aa57-acca1dd387bd:c1219]
2019-09-10 22:11:52,770 [grpc-default-executor-0] INFO  client.GrpcClientProtocolClient (GrpcClientProtocolClient.java:onNext(255)) - client-0C76110B8A2B->ed5d81fa-aaf0-49db-aa57-acca1dd387bd: receive RaftClientReply:client-0C76110B8A2B->ed5d81fa-aaf0-49db-aa57-acca1dd387bd@group-729F0664FEA8, cid=831, SUCCESS, logIndex=1218, commits[ed5d81fa-aaf0-49db-aa57-acca1dd387bd:c1220]
2019-09-10 22:11:52,771 [grpc-default-executor-0] INFO  client.GrpcClientProtocolClient (GrpcClientProtocolClient.java:onNext(255)) - client-0C76110B8A2B->ed5d81fa-aaf0-49db-aa57-acca1dd387bd: receive RaftClientReply:client-0C76110B8A2B->ed5d81fa-aaf0-49db-aa57-acca1dd387bd@group-729F0664FEA8, cid=832, SUCCESS, logIndex=1219, commits[ed5d81fa-aaf0-49db-aa57-acca1dd387bd:c1220]
2019-09-10 22:11:52,795 [grpc-default-executor-1] INFO  client.GrpcClientProtocolClient (GrpcClientProtocolClient.java:onNext(255)) - client-0C76110B8A2B->ed5d81fa-aaf0-49db-aa57-acca1dd387bd: receive RaftClientReply:client-0C76110B8A2B->ed5d81fa-aaf0-49db-aa57-acca1dd387bd@group-729F0664FEA8, cid=833, SUCCESS, logIndex=1222, commits[ed5d81fa-aaf0-49db-aa57-acca1dd387bd:c1223]
2019-09-10 22:11:52,795 [grpc-default-executor-1] INFO  client.GrpcClientProtocolClient (GrpcClientProtocolClient.java:onNext(255)) - client-0C76110B8A2B->ed5d81fa-aaf0-49db-aa57-acca1dd387bd: receive RaftClientReply:client-0C76110B8A2B->ed5d81fa-aaf0-49db-aa57-acca1dd387bd@group-729F0664FEA8, cid=834, SUCCESS, logIndex=1223, commits[ed5d81fa-aaf0-49db-aa57-acca1dd387bd:c1225]
2019-09-10 22:11:52,796 [grpc-default-executor-1] INFO  client.GrpcClientProtocolClient (GrpcClientProtocolClient.java:onNext(255)) - client-0C76110B8A2B->ed5d81fa-aaf0-49db-aa57-acca1dd387bd: receive RaftClientReply:client-0C76110B8A2B->ed5d81fa-aaf0-49db-aa57-acca1dd387bd@group-729F0664FEA8, cid=835, SUCCESS, logIndex=1224, commits[ed5d81fa-aaf0-49db-aa57-acca1dd387bd:c1225]
2019-09-10 22:11:52,796 [grpc-default-executor-1] INFO  client.GrpcClientProtocolClient (GrpcClientProtocolClient.java:onNext(255)) - client-0C76110B8A2B->ed5d81fa-aaf0-49db-aa57-acca1dd387bd: receive RaftClientReply:client-0C76110B8A2B->ed5d81fa-aaf0-49db-aa57-acca1dd387bd@group-729F0664FEA8, cid=836, SUCCESS, logIndex=1225, commits[ed5d81fa-aaf0-49db-aa57-acca1dd387bd:c1226]
2019-09-10 22:11:52,856 [SCMBlockDeletingService#1] DEBUG block.SCMBlockDeletingService (SCMBlockDeletingService.java:call(138)) - Running DeletedBlockTransactionScanner
2019-09-10 22:11:52,856 [SCMBlockDeletingService#1] DEBUG block.SCMBlockDeletingService (SCMBlockDeletingService.java:call(155)) - Scanned deleted blocks log and got 0 delTX to process.
2019-09-10 22:11:52,875 [grpc-default-executor-0] INFO  client.GrpcClientProtocolClient (GrpcClientProtocolClient.java:onNext(255)) - client-0C76110B8A2B->ed5d81fa-aaf0-49db-aa57-acca1dd387bd: receive RaftClientReply:client-0C76110B8A2B->ed5d81fa-aaf0-49db-aa57-acca1dd387bd@group-729F0664FEA8, cid=837, SUCCESS, logIndex=1228, commits[ed5d81fa-aaf0-49db-aa57-acca1dd387bd:c1229]
2019-09-10 22:11:52,876 [grpc-default-executor-0] INFO  client.GrpcClientProtocolClient (GrpcClientProtocolClient.java:onNext(255)) - client-0C76110B8A2B->ed5d81fa-aaf0-49db-aa57-acca1dd387bd: receive RaftClientReply:client-0C76110B8A2B->ed5d81fa-aaf0-49db-aa57-acca1dd387bd@group-729F0664FEA8, cid=838, SUCCESS, logIndex=1229, commits[ed5d81fa-aaf0-49db-aa57-acca1dd387bd:c1230]
2019-09-10 22:11:52,957 [SCMBlockDeletingService#1] DEBUG block.SCMBlockDeletingService (SCMBlockDeletingService.java:call(138)) - Running DeletedBlockTransactionScanner
2019-09-10 22:11:52,957 [SCMBlockDeletingService#1] DEBUG block.SCMBlockDeletingService (SCMBlockDeletingService.java:call(155)) - Scanned deleted blocks log and got 0 delTX to process.
2019-09-10 22:11:52,990 [grpc-default-executor-1] INFO  client.GrpcClientProtocolClient (GrpcClientProtocolClient.java:onNext(255)) - client-0C76110B8A2B->ed5d81fa-aaf0-49db-aa57-acca1dd387bd: receive RaftClientReply:client-0C76110B8A2B->ed5d81fa-aaf0-49db-aa57-acca1dd387bd@group-729F0664FEA8, cid=839, SUCCESS, logIndex=1231, commits[ed5d81fa-aaf0-49db-aa57-acca1dd387bd:c1232]
2019-09-10 22:11:52,991 [grpc-default-executor-1] INFO  client.GrpcClientProtocolClient (GrpcClientProtocolClient.java:onNext(255)) - client-0C76110B8A2B->ed5d81fa-aaf0-49db-aa57-acca1dd387bd: receive RaftClientReply:client-0C76110B8A2B->ed5d81fa-aaf0-49db-aa57-acca1dd387bd@group-729F0664FEA8, cid=840, SUCCESS, logIndex=1232, commits[ed5d81fa-aaf0-49db-aa57-acca1dd387bd:c1233]
2019-09-10 22:11:53,017 [grpc-default-executor-1] INFO  client.GrpcClientProtocolClient (GrpcClientProtocolClient.java:onNext(255)) - client-0C76110B8A2B->ed5d81fa-aaf0-49db-aa57-acca1dd387bd: receive RaftClientReply:client-0C76110B8A2B->ed5d81fa-aaf0-49db-aa57-acca1dd387bd@group-729F0664FEA8, cid=841, SUCCESS, logIndex=1234, commits[ed5d81fa-aaf0-49db-aa57-acca1dd387bd:c1237]
2019-09-10 22:11:53,018 [grpc-default-executor-1] INFO  client.GrpcClientProtocolClient (GrpcClientProtocolClient.java:onNext(255)) - client-0C76110B8A2B->ed5d81fa-aaf0-49db-aa57-acca1dd387bd: receive RaftClientReply:client-0C76110B8A2B->ed5d81fa-aaf0-49db-aa57-acca1dd387bd@group-729F0664FEA8, cid=842, SUCCESS, logIndex=1235, commits[ed5d81fa-aaf0-49db-aa57-acca1dd387bd:c1238]
2019-09-10 22:11:53,018 [grpc-default-executor-1] INFO  client.GrpcClientProtocolClient (GrpcClientProtocolClient.java:onNext(255)) - client-0C76110B8A2B->ed5d81fa-aaf0-49db-aa57-acca1dd387bd: receive RaftClientReply:client-0C76110B8A2B->ed5d81fa-aaf0-49db-aa57-acca1dd387bd@group-729F0664FEA8, cid=843, SUCCESS, logIndex=1236, commits[ed5d81fa-aaf0-49db-aa57-acca1dd387bd:c1238]
2019-09-10 22:11:53,018 [grpc-default-executor-1] INFO  client.GrpcClientProtocolClient (GrpcClientProtocolClient.java:onNext(255)) - client-0C76110B8A2B->ed5d81fa-aaf0-49db-aa57-acca1dd387bd: receive RaftClientReply:client-0C76110B8A2B->ed5d81fa-aaf0-49db-aa57-acca1dd387bd@group-729F0664FEA8, cid=844, SUCCESS, logIndex=1237, commits[ed5d81fa-aaf0-49db-aa57-acca1dd387bd:c1238]
2019-09-10 22:11:53,039 [grpc-default-executor-1] INFO  client.GrpcClientProtocolClient (GrpcClientProtocolClient.java:onNext(255)) - client-0C76110B8A2B->ed5d81fa-aaf0-49db-aa57-acca1dd387bd: receive RaftClientReply:client-0C76110B8A2B->ed5d81fa-aaf0-49db-aa57-acca1dd387bd@group-729F0664FEA8, cid=845, SUCCESS, logIndex=1239, commits[ed5d81fa-aaf0-49db-aa57-acca1dd387bd:c1242]
2019-09-10 22:11:53,040 [grpc-default-executor-1] INFO  client.GrpcClientProtocolClient (GrpcClientProtocolClient.java:onNext(255)) - client-0C76110B8A2B->ed5d81fa-aaf0-49db-aa57-acca1dd387bd: receive RaftClientReply:client-0C76110B8A2B->ed5d81fa-aaf0-49db-aa57-acca1dd387bd@group-729F0664FEA8, cid=846, SUCCESS, logIndex=1240, commits[ed5d81fa-aaf0-49db-aa57-acca1dd387bd:c1243]
2019-09-10 22:11:53,040 [grpc-default-executor-1] INFO  client.GrpcClientProtocolClient (GrpcClientProtocolClient.java:onNext(255)) - client-0C76110B8A2B->ed5d81fa-aaf0-49db-aa57-acca1dd387bd: receive RaftClientReply:client-0C76110B8A2B->ed5d81fa-aaf0-49db-aa57-acca1dd387bd@group-729F0664FEA8, cid=847, SUCCESS, logIndex=1241, commits[ed5d81fa-aaf0-49db-aa57-acca1dd387bd:c1243]
2019-09-10 22:11:53,040 [grpc-default-executor-1] INFO  client.GrpcClientProtocolClient (GrpcClientProtocolClient.java:onNext(255)) - client-0C76110B8A2B->ed5d81fa-aaf0-49db-aa57-acca1dd387bd: receive RaftClientReply:client-0C76110B8A2B->ed5d81fa-aaf0-49db-aa57-acca1dd387bd@group-729F0664FEA8, cid=848, SUCCESS, logIndex=1242, commits[ed5d81fa-aaf0-49db-aa57-acca1dd387bd:c1243]
2019-09-10 22:11:53,057 [SCMBlockDeletingService#0] DEBUG block.SCMBlockDeletingService (SCMBlockDeletingService.java:call(138)) - Running DeletedBlockTransactionScanner
2019-09-10 22:11:53,058 [SCMBlockDeletingService#0] DEBUG block.SCMBlockDeletingService (SCMBlockDeletingService.java:call(155)) - Scanned deleted blocks log and got 0 delTX to process.
2019-09-10 22:11:53,066 [grpc-default-executor-0] INFO  client.GrpcClientProtocolClient (GrpcClientProtocolClient.java:onNext(255)) - client-0C76110B8A2B->ed5d81fa-aaf0-49db-aa57-acca1dd387bd: receive RaftClientReply:client-0C76110B8A2B->ed5d81fa-aaf0-49db-aa57-acca1dd387bd@group-729F0664FEA8, cid=849, SUCCESS, logIndex=1244, commits[ed5d81fa-aaf0-49db-aa57-acca1dd387bd:c1245]
2019-09-10 22:11:53,067 [grpc-default-executor-0] INFO  client.GrpcClientProtocolClient (GrpcClientProtocolClient.java:onNext(255)) - client-0C76110B8A2B->ed5d81fa-aaf0-49db-aa57-acca1dd387bd: receive RaftClientReply:client-0C76110B8A2B->ed5d81fa-aaf0-49db-aa57-acca1dd387bd@group-729F0664FEA8, cid=850, SUCCESS, logIndex=1245, commits[ed5d81fa-aaf0-49db-aa57-acca1dd387bd:c1247]
2019-09-10 22:11:53,067 [grpc-default-executor-0] INFO  client.GrpcClientProtocolClient (GrpcClientProtocolClient.java:onNext(255)) - client-0C76110B8A2B->ed5d81fa-aaf0-49db-aa57-acca1dd387bd: receive RaftClientReply:client-0C76110B8A2B->ed5d81fa-aaf0-49db-aa57-acca1dd387bd@group-729F0664FEA8, cid=851, SUCCESS, logIndex=1246, commits[ed5d81fa-aaf0-49db-aa57-acca1dd387bd:c1248]
2019-09-10 22:11:53,067 [grpc-default-executor-0] INFO  client.GrpcClientProtocolClient (GrpcClientProtocolClient.java:onNext(255)) - client-0C76110B8A2B->ed5d81fa-aaf0-49db-aa57-acca1dd387bd: receive RaftClientReply:client-0C76110B8A2B->ed5d81fa-aaf0-49db-aa57-acca1dd387bd@group-729F0664FEA8, cid=852, SUCCESS, logIndex=1247, commits[ed5d81fa-aaf0-49db-aa57-acca1dd387bd:c1249]
2019-09-10 22:11:53,087 [grpc-default-executor-0] INFO  client.GrpcClientProtocolClient (GrpcClientProtocolClient.java:onNext(255)) - client-0C76110B8A2B->ed5d81fa-aaf0-49db-aa57-acca1dd387bd: receive RaftClientReply:client-0C76110B8A2B->ed5d81fa-aaf0-49db-aa57-acca1dd387bd@group-729F0664FEA8, cid=853, SUCCESS, logIndex=1250, commits[ed5d81fa-aaf0-49db-aa57-acca1dd387bd:c1251]
2019-09-10 22:11:53,087 [grpc-default-executor-0] INFO  client.GrpcClientProtocolClient (GrpcClientProtocolClient.java:onNext(255)) - client-0C76110B8A2B->ed5d81fa-aaf0-49db-aa57-acca1dd387bd: receive RaftClientReply:client-0C76110B8A2B->ed5d81fa-aaf0-49db-aa57-acca1dd387bd@group-729F0664FEA8, cid=854, SUCCESS, logIndex=1251, commits[ed5d81fa-aaf0-49db-aa57-acca1dd387bd:c1253]
2019-09-10 22:11:53,088 [grpc-default-executor-0] INFO  client.GrpcClientProtocolClient (GrpcClientProtocolClient.java:onNext(255)) - client-0C76110B8A2B->ed5d81fa-aaf0-49db-aa57-acca1dd387bd: receive RaftClientReply:client-0C76110B8A2B->ed5d81fa-aaf0-49db-aa57-acca1dd387bd@group-729F0664FEA8, cid=855, SUCCESS, logIndex=1252, commits[ed5d81fa-aaf0-49db-aa57-acca1dd387bd:c1254]
2019-09-10 22:11:53,088 [grpc-default-executor-0] INFO  client.GrpcClientProtocolClient (GrpcClientProtocolClient.java:onNext(255)) - client-0C76110B8A2B->ed5d81fa-aaf0-49db-aa57-acca1dd387bd: receive RaftClientReply:client-0C76110B8A2B->ed5d81fa-aaf0-49db-aa57-acca1dd387bd@group-729F0664FEA8, cid=856, SUCCESS, logIndex=1253, commits[ed5d81fa-aaf0-49db-aa57-acca1dd387bd:c1255]
2019-09-10 22:11:53,110 [grpc-default-executor-0] INFO  client.GrpcClientProtocolClient (GrpcClientProtocolClient.java:onNext(255)) - client-0C76110B8A2B->ed5d81fa-aaf0-49db-aa57-acca1dd387bd: receive RaftClientReply:client-0C76110B8A2B->ed5d81fa-aaf0-49db-aa57-acca1dd387bd@group-729F0664FEA8, cid=857, SUCCESS, logIndex=1256, commits[ed5d81fa-aaf0-49db-aa57-acca1dd387bd:c1257]
2019-09-10 22:11:53,111 [grpc-default-executor-0] INFO  client.GrpcClientProtocolClient (GrpcClientProtocolClient.java:onNext(255)) - client-0C76110B8A2B->ed5d81fa-aaf0-49db-aa57-acca1dd387bd: receive RaftClientReply:client-0C76110B8A2B->ed5d81fa-aaf0-49db-aa57-acca1dd387bd@group-729F0664FEA8, cid=858, SUCCESS, logIndex=1257, commits[ed5d81fa-aaf0-49db-aa57-acca1dd387bd:c1259]
2019-09-10 22:11:53,111 [grpc-default-executor-0] INFO  client.GrpcClientProtocolClient (GrpcClientProtocolClient.java:onNext(255)) - client-0C76110B8A2B->ed5d81fa-aaf0-49db-aa57-acca1dd387bd: receive RaftClientReply:client-0C76110B8A2B->ed5d81fa-aaf0-49db-aa57-acca1dd387bd@group-729F0664FEA8, cid=859, SUCCESS, logIndex=1258, commits[ed5d81fa-aaf0-49db-aa57-acca1dd387bd:c1259]
2019-09-10 22:11:53,111 [grpc-default-executor-0] INFO  client.GrpcClientProtocolClient (GrpcClientProtocolClient.java:onNext(255)) - client-0C76110B8A2B->ed5d81fa-aaf0-49db-aa57-acca1dd387bd: receive RaftClientReply:client-0C76110B8A2B->ed5d81fa-aaf0-49db-aa57-acca1dd387bd@group-729F0664FEA8, cid=860, SUCCESS, logIndex=1259, commits[ed5d81fa-aaf0-49db-aa57-acca1dd387bd:c1260]
2019-09-10 22:11:53,129 [grpc-default-executor-0] INFO  client.GrpcClientProtocolClient (GrpcClientProtocolClient.java:onNext(255)) - client-0C76110B8A2B->ed5d81fa-aaf0-49db-aa57-acca1dd387bd: receive RaftClientReply:client-0C76110B8A2B->ed5d81fa-aaf0-49db-aa57-acca1dd387bd@group-729F0664FEA8, cid=861, SUCCESS, logIndex=1262, commits[ed5d81fa-aaf0-49db-aa57-acca1dd387bd:c1263]
2019-09-10 22:11:53,130 [grpc-default-executor-0] INFO  client.GrpcClientProtocolClient (GrpcClientProtocolClient.java:onNext(255)) - client-0C76110B8A2B->ed5d81fa-aaf0-49db-aa57-acca1dd387bd: receive RaftClientReply:client-0C76110B8A2B->ed5d81fa-aaf0-49db-aa57-acca1dd387bd@group-729F0664FEA8, cid=862, SUCCESS, logIndex=1263, commits[ed5d81fa-aaf0-49db-aa57-acca1dd387bd:c1265]
2019-09-10 22:11:53,130 [grpc-default-executor-0] INFO  client.GrpcClientProtocolClient (GrpcClientProtocolClient.java:onNext(255)) - client-0C76110B8A2B->ed5d81fa-aaf0-49db-aa57-acca1dd387bd: receive RaftClientReply:client-0C76110B8A2B->ed5d81fa-aaf0-49db-aa57-acca1dd387bd@group-729F0664FEA8, cid=863, SUCCESS, logIndex=1264, commits[ed5d81fa-aaf0-49db-aa57-acca1dd387bd:c1266]
2019-09-10 22:11:53,130 [grpc-default-executor-0] INFO  client.GrpcClientProtocolClient (GrpcClientProtocolClient.java:onNext(255)) - client-0C76110B8A2B->ed5d81fa-aaf0-49db-aa57-acca1dd387bd: receive RaftClientReply:client-0C76110B8A2B->ed5d81fa-aaf0-49db-aa57-acca1dd387bd@group-729F0664FEA8, cid=864, SUCCESS, logIndex=1265, commits[ed5d81fa-aaf0-49db-aa57-acca1dd387bd:c1267]
2019-09-10 22:11:53,150 [grpc-default-executor-0] INFO  client.GrpcClientProtocolClient (GrpcClientProtocolClient.java:onNext(255)) - client-0C76110B8A2B->ed5d81fa-aaf0-49db-aa57-acca1dd387bd: receive RaftClientReply:client-0C76110B8A2B->ed5d81fa-aaf0-49db-aa57-acca1dd387bd@group-729F0664FEA8, cid=865, SUCCESS, logIndex=1268, commits[ed5d81fa-aaf0-49db-aa57-acca1dd387bd:c1269]
2019-09-10 22:11:53,150 [grpc-default-executor-0] INFO  client.GrpcClientProtocolClient (GrpcClientProtocolClient.java:onNext(255)) - client-0C76110B8A2B->ed5d81fa-aaf0-49db-aa57-acca1dd387bd: receive RaftClientReply:client-0C76110B8A2B->ed5d81fa-aaf0-49db-aa57-acca1dd387bd@group-729F0664FEA8, cid=866, SUCCESS, logIndex=1269, commits[ed5d81fa-aaf0-49db-aa57-acca1dd387bd:c1271]
2019-09-10 22:11:53,150 [grpc-default-executor-0] INFO  client.GrpcClientProtocolClient (GrpcClientProtocolClient.java:onNext(255)) - client-0C76110B8A2B->ed5d81fa-aaf0-49db-aa57-acca1dd387bd: receive RaftClientReply:client-0C76110B8A2B->ed5d81fa-aaf0-49db-aa57-acca1dd387bd@group-729F0664FEA8, cid=867, SUCCESS, logIndex=1270, commits[ed5d81fa-aaf0-49db-aa57-acca1dd387bd:c1271]
2019-09-10 22:11:53,151 [grpc-default-executor-0] INFO  client.GrpcClientProtocolClient (GrpcClientProtocolClient.java:onNext(255)) - client-0C76110B8A2B->ed5d81fa-aaf0-49db-aa57-acca1dd387bd: receive RaftClientReply:client-0C76110B8A2B->ed5d81fa-aaf0-49db-aa57-acca1dd387bd@group-729F0664FEA8, cid=868, SUCCESS, logIndex=1271, commits[ed5d81fa-aaf0-49db-aa57-acca1dd387bd:c1272]
2019-09-10 22:11:53,158 [SCMBlockDeletingService#0] DEBUG block.SCMBlockDeletingService (SCMBlockDeletingService.java:call(138)) - Running DeletedBlockTransactionScanner
2019-09-10 22:11:53,158 [SCMBlockDeletingService#0] DEBUG block.SCMBlockDeletingService (SCMBlockDeletingService.java:call(155)) - Scanned deleted blocks log and got 0 delTX to process.
2019-09-10 22:11:53,162 [grpc-default-executor-0] INFO  client.GrpcClientProtocolClient (GrpcClientProtocolClient.java:onNext(255)) - client-0C76110B8A2B->ed5d81fa-aaf0-49db-aa57-acca1dd387bd: receive RaftClientReply:client-0C76110B8A2B->ed5d81fa-aaf0-49db-aa57-acca1dd387bd@group-729F0664FEA8, cid=869, SUCCESS, logIndex=1274, commits[ed5d81fa-aaf0-49db-aa57-acca1dd387bd:c1277]
2019-09-10 22:11:53,162 [grpc-default-executor-0] INFO  client.GrpcClientProtocolClient (GrpcClientProtocolClient.java:onNext(255)) - client-0C76110B8A2B->ed5d81fa-aaf0-49db-aa57-acca1dd387bd: receive RaftClientReply:client-0C76110B8A2B->ed5d81fa-aaf0-49db-aa57-acca1dd387bd@group-729F0664FEA8, cid=870, SUCCESS, logIndex=1275, commits[ed5d81fa-aaf0-49db-aa57-acca1dd387bd:c1278]
2019-09-10 22:11:53,163 [grpc-default-executor-0] INFO  client.GrpcClientProtocolClient (GrpcClientProtocolClient.java:onNext(255)) - client-0C76110B8A2B->ed5d81fa-aaf0-49db-aa57-acca1dd387bd: receive RaftClientReply:client-0C76110B8A2B->ed5d81fa-aaf0-49db-aa57-acca1dd387bd@group-729F0664FEA8, cid=871, SUCCESS, logIndex=1276, commits[ed5d81fa-aaf0-49db-aa57-acca1dd387bd:c1278]
2019-09-10 22:11:53,163 [grpc-default-executor-0] INFO  client.GrpcClientProtocolClient (GrpcClientProtocolClient.java:onNext(255)) - client-0C76110B8A2B->ed5d81fa-aaf0-49db-aa57-acca1dd387bd: receive RaftClientReply:client-0C76110B8A2B->ed5d81fa-aaf0-49db-aa57-acca1dd387bd@group-729F0664FEA8, cid=872, SUCCESS, logIndex=1277, commits[ed5d81fa-aaf0-49db-aa57-acca1dd387bd:c1278]
2019-09-10 22:11:53,185 [grpc-default-executor-1] INFO  client.GrpcClientProtocolClient (GrpcClientProtocolClient.java:onNext(255)) - client-0C76110B8A2B->ed5d81fa-aaf0-49db-aa57-acca1dd387bd: receive RaftClientReply:client-0C76110B8A2B->ed5d81fa-aaf0-49db-aa57-acca1dd387bd@group-729F0664FEA8, cid=873, SUCCESS, logIndex=1279, commits[ed5d81fa-aaf0-49db-aa57-acca1dd387bd:c1280]
2019-09-10 22:11:53,186 [grpc-default-executor-1] INFO  client.GrpcClientProtocolClient (GrpcClientProtocolClient.java:onNext(255)) - client-0C76110B8A2B->ed5d81fa-aaf0-49db-aa57-acca1dd387bd: receive RaftClientReply:client-0C76110B8A2B->ed5d81fa-aaf0-49db-aa57-acca1dd387bd@group-729F0664FEA8, cid=874, SUCCESS, logIndex=1280, commits[ed5d81fa-aaf0-49db-aa57-acca1dd387bd:c1282]
2019-09-10 22:11:53,186 [grpc-default-executor-1] INFO  client.GrpcClientProtocolClient (GrpcClientProtocolClient.java:onNext(255)) - client-0C76110B8A2B->ed5d81fa-aaf0-49db-aa57-acca1dd387bd: receive RaftClientReply:client-0C76110B8A2B->ed5d81fa-aaf0-49db-aa57-acca1dd387bd@group-729F0664FEA8, cid=875, SUCCESS, logIndex=1281, commits[ed5d81fa-aaf0-49db-aa57-acca1dd387bd:c1282]
2019-09-10 22:11:53,186 [grpc-default-executor-1] INFO  client.GrpcClientProtocolClient (GrpcClientProtocolClient.java:onNext(255)) - client-0C76110B8A2B->ed5d81fa-aaf0-49db-aa57-acca1dd387bd: receive RaftClientReply:client-0C76110B8A2B->ed5d81fa-aaf0-49db-aa57-acca1dd387bd@group-729F0664FEA8, cid=876, SUCCESS, logIndex=1282, commits[ed5d81fa-aaf0-49db-aa57-acca1dd387bd:c1283]
2019-09-10 22:11:53,204 [grpc-default-executor-1] INFO  client.GrpcClientProtocolClient (GrpcClientProtocolClient.java:onNext(255)) - client-0C76110B8A2B->ed5d81fa-aaf0-49db-aa57-acca1dd387bd: receive RaftClientReply:client-0C76110B8A2B->ed5d81fa-aaf0-49db-aa57-acca1dd387bd@group-729F0664FEA8, cid=877, SUCCESS, logIndex=1285, commits[ed5d81fa-aaf0-49db-aa57-acca1dd387bd:c1286]
2019-09-10 22:11:53,204 [grpc-default-executor-1] INFO  client.GrpcClientProtocolClient (GrpcClientProtocolClient.java:onNext(255)) - client-0C76110B8A2B->ed5d81fa-aaf0-49db-aa57-acca1dd387bd: receive RaftClientReply:client-0C76110B8A2B->ed5d81fa-aaf0-49db-aa57-acca1dd387bd@group-729F0664FEA8, cid=878, SUCCESS, logIndex=1286, commits[ed5d81fa-aaf0-49db-aa57-acca1dd387bd:c1288]
2019-09-10 22:11:53,204 [grpc-default-executor-1] INFO  client.GrpcClientProtocolClient (GrpcClientProtocolClient.java:onNext(255)) - client-0C76110B8A2B->ed5d81fa-aaf0-49db-aa57-acca1dd387bd: receive RaftClientReply:client-0C76110B8A2B->ed5d81fa-aaf0-49db-aa57-acca1dd387bd@group-729F0664FEA8, cid=879, SUCCESS, logIndex=1287, commits[ed5d81fa-aaf0-49db-aa57-acca1dd387bd:c1289]
2019-09-10 22:11:53,205 [grpc-default-executor-1] INFO  client.GrpcClientProtocolClient (GrpcClientProtocolClient.java:onNext(255)) - client-0C76110B8A2B->ed5d81fa-aaf0-49db-aa57-acca1dd387bd: receive RaftClientReply:client-0C76110B8A2B->ed5d81fa-aaf0-49db-aa57-acca1dd387bd@group-729F0664FEA8, cid=880, SUCCESS, logIndex=1288, commits[ed5d81fa-aaf0-49db-aa57-acca1dd387bd:c1289]
2019-09-10 22:11:53,227 [grpc-default-executor-1] INFO  client.GrpcClientProtocolClient (GrpcClientProtocolClient.java:onNext(255)) - client-0C76110B8A2B->ed5d81fa-aaf0-49db-aa57-acca1dd387bd: receive RaftClientReply:client-0C76110B8A2B->ed5d81fa-aaf0-49db-aa57-acca1dd387bd@group-729F0664FEA8, cid=881, SUCCESS, logIndex=1291, commits[ed5d81fa-aaf0-49db-aa57-acca1dd387bd:c1292]
2019-09-10 22:11:53,228 [grpc-default-executor-1] INFO  client.GrpcClientProtocolClient (GrpcClientProtocolClient.java:onNext(255)) - client-0C76110B8A2B->ed5d81fa-aaf0-49db-aa57-acca1dd387bd: receive RaftClientReply:client-0C76110B8A2B->ed5d81fa-aaf0-49db-aa57-acca1dd387bd@group-729F0664FEA8, cid=882, SUCCESS, logIndex=1292, commits[ed5d81fa-aaf0-49db-aa57-acca1dd387bd:c1294]
2019-09-10 22:11:53,228 [grpc-default-executor-1] INFO  client.GrpcClientProtocolClient (GrpcClientProtocolClient.java:onNext(255)) - client-0C76110B8A2B->ed5d81fa-aaf0-49db-aa57-acca1dd387bd: receive RaftClientReply:client-0C76110B8A2B->ed5d81fa-aaf0-49db-aa57-acca1dd387bd@group-729F0664FEA8, cid=883, SUCCESS, logIndex=1293, commits[ed5d81fa-aaf0-49db-aa57-acca1dd387bd:c1294]
2019-09-10 22:11:53,228 [grpc-default-executor-1] INFO  client.GrpcClientProtocolClient (GrpcClientProtocolClient.java:onNext(255)) - client-0C76110B8A2B->ed5d81fa-aaf0-49db-aa57-acca1dd387bd: receive RaftClientReply:client-0C76110B8A2B->ed5d81fa-aaf0-49db-aa57-acca1dd387bd@group-729F0664FEA8, cid=884, SUCCESS, logIndex=1294, commits[ed5d81fa-aaf0-49db-aa57-acca1dd387bd:c1295]
2019-09-10 22:11:53,258 [SCMBlockDeletingService#0] DEBUG block.SCMBlockDeletingService (SCMBlockDeletingService.java:call(138)) - Running DeletedBlockTransactionScanner
2019-09-10 22:11:53,259 [SCMBlockDeletingService#0] DEBUG block.SCMBlockDeletingService (SCMBlockDeletingService.java:call(155)) - Scanned deleted blocks log and got 0 delTX to process.
2019-09-10 22:11:53,331 [grpc-default-executor-1] INFO  client.GrpcClientProtocolClient (GrpcClientProtocolClient.java:onNext(255)) - client-0C76110B8A2B->ed5d81fa-aaf0-49db-aa57-acca1dd387bd: receive RaftClientReply:client-0C76110B8A2B->ed5d81fa-aaf0-49db-aa57-acca1dd387bd@group-729F0664FEA8, cid=885, SUCCESS, logIndex=1297, commits[ed5d81fa-aaf0-49db-aa57-acca1dd387bd:c1298]
2019-09-10 22:11:53,331 [grpc-default-executor-1] INFO  client.GrpcClientProtocolClient (GrpcClientProtocolClient.java:onNext(255)) - client-0C76110B8A2B->ed5d81fa-aaf0-49db-aa57-acca1dd387bd: receive RaftClientReply:client-0C76110B8A2B->ed5d81fa-aaf0-49db-aa57-acca1dd387bd@group-729F0664FEA8, cid=886, SUCCESS, logIndex=1298, commits[ed5d81fa-aaf0-49db-aa57-acca1dd387bd:c1300]
2019-09-10 22:11:53,332 [grpc-default-executor-1] INFO  client.GrpcClientProtocolClient (GrpcClientProtocolClient.java:onNext(255)) - client-0C76110B8A2B->ed5d81fa-aaf0-49db-aa57-acca1dd387bd: receive RaftClientReply:client-0C76110B8A2B->ed5d81fa-aaf0-49db-aa57-acca1dd387bd@group-729F0664FEA8, cid=887, SUCCESS, logIndex=1299, commits[ed5d81fa-aaf0-49db-aa57-acca1dd387bd:c1300]
2019-09-10 22:11:53,332 [grpc-default-executor-1] INFO  client.GrpcClientProtocolClient (GrpcClientProtocolClient.java:onNext(255)) - client-0C76110B8A2B->ed5d81fa-aaf0-49db-aa57-acca1dd387bd: receive RaftClientReply:client-0C76110B8A2B->ed5d81fa-aaf0-49db-aa57-acca1dd387bd@group-729F0664FEA8, cid=888, SUCCESS, logIndex=1300, commits[ed5d81fa-aaf0-49db-aa57-acca1dd387bd:c1300]
2019-09-10 22:11:53,359 [grpc-default-executor-0] INFO  client.GrpcClientProtocolClient (GrpcClientProtocolClient.java:onNext(255)) - client-0C76110B8A2B->ed5d81fa-aaf0-49db-aa57-acca1dd387bd: receive RaftClientReply:client-0C76110B8A2B->ed5d81fa-aaf0-49db-aa57-acca1dd387bd@group-729F0664FEA8, cid=889, SUCCESS, logIndex=1303, commits[ed5d81fa-aaf0-49db-aa57-acca1dd387bd:c1304]
2019-09-10 22:11:53,359 [SCMBlockDeletingService#0] DEBUG block.SCMBlockDeletingService (SCMBlockDeletingService.java:call(138)) - Running DeletedBlockTransactionScanner
2019-09-10 22:11:53,359 [grpc-default-executor-0] INFO  client.GrpcClientProtocolClient (GrpcClientProtocolClient.java:onNext(255)) - client-0C76110B8A2B->ed5d81fa-aaf0-49db-aa57-acca1dd387bd: receive RaftClientReply:client-0C76110B8A2B->ed5d81fa-aaf0-49db-aa57-acca1dd387bd@group-729F0664FEA8, cid=890, SUCCESS, logIndex=1304, commits[ed5d81fa-aaf0-49db-aa57-acca1dd387bd:c1306]
2019-09-10 22:11:53,359 [SCMBlockDeletingService#0] DEBUG block.SCMBlockDeletingService (SCMBlockDeletingService.java:call(155)) - Scanned deleted blocks log and got 0 delTX to process.
2019-09-10 22:11:53,360 [grpc-default-executor-0] INFO  client.GrpcClientProtocolClient (GrpcClientProtocolClient.java:onNext(255)) - client-0C76110B8A2B->ed5d81fa-aaf0-49db-aa57-acca1dd387bd: receive RaftClientReply:client-0C76110B8A2B->ed5d81fa-aaf0-49db-aa57-acca1dd387bd@group-729F0664FEA8, cid=891, SUCCESS, logIndex=1305, commits[ed5d81fa-aaf0-49db-aa57-acca1dd387bd:c1306]
2019-09-10 22:11:53,360 [grpc-default-executor-0] INFO  client.GrpcClientProtocolClient (GrpcClientProtocolClient.java:onNext(255)) - client-0C76110B8A2B->ed5d81fa-aaf0-49db-aa57-acca1dd387bd: receive RaftClientReply:client-0C76110B8A2B->ed5d81fa-aaf0-49db-aa57-acca1dd387bd@group-729F0664FEA8, cid=892, SUCCESS, logIndex=1306, commits[ed5d81fa-aaf0-49db-aa57-acca1dd387bd:c1307]
2019-09-10 22:11:53,379 [grpc-default-executor-1] INFO  client.GrpcClientProtocolClient (GrpcClientProtocolClient.java:onNext(255)) - client-0C76110B8A2B->ed5d81fa-aaf0-49db-aa57-acca1dd387bd: receive RaftClientReply:client-0C76110B8A2B->ed5d81fa-aaf0-49db-aa57-acca1dd387bd@group-729F0664FEA8, cid=893, SUCCESS, logIndex=1309, commits[ed5d81fa-aaf0-49db-aa57-acca1dd387bd:c1310]
2019-09-10 22:11:53,379 [grpc-default-executor-1] INFO  client.GrpcClientProtocolClient (GrpcClientProtocolClient.java:onNext(255)) - client-0C76110B8A2B->ed5d81fa-aaf0-49db-aa57-acca1dd387bd: receive RaftClientReply:client-0C76110B8A2B->ed5d81fa-aaf0-49db-aa57-acca1dd387bd@group-729F0664FEA8, cid=894, SUCCESS, logIndex=1310, commits[ed5d81fa-aaf0-49db-aa57-acca1dd387bd:c1312]
2019-09-10 22:11:53,380 [grpc-default-executor-1] INFO  client.GrpcClientProtocolClient (GrpcClientProtocolClient.java:onNext(255)) - client-0C76110B8A2B->ed5d81fa-aaf0-49db-aa57-acca1dd387bd: receive RaftClientReply:client-0C76110B8A2B->ed5d81fa-aaf0-49db-aa57-acca1dd387bd@group-729F0664FEA8, cid=895, SUCCESS, logIndex=1311, commits[ed5d81fa-aaf0-49db-aa57-acca1dd387bd:c1313]
2019-09-10 22:11:53,380 [grpc-default-executor-1] INFO  client.GrpcClientProtocolClient (GrpcClientProtocolClient.java:onNext(255)) - client-0C76110B8A2B->ed5d81fa-aaf0-49db-aa57-acca1dd387bd: receive RaftClientReply:client-0C76110B8A2B->ed5d81fa-aaf0-49db-aa57-acca1dd387bd@group-729F0664FEA8, cid=896, SUCCESS, logIndex=1312, commits[ed5d81fa-aaf0-49db-aa57-acca1dd387bd:c1313]
2019-09-10 22:11:53,466 [SCMBlockDeletingService#0] DEBUG block.SCMBlockDeletingService (SCMBlockDeletingService.java:call(138)) - Running DeletedBlockTransactionScanner
2019-09-10 22:11:53,466 [SCMBlockDeletingService#0] DEBUG block.SCMBlockDeletingService (SCMBlockDeletingService.java:call(155)) - Scanned deleted blocks log and got 0 delTX to process.
2019-09-10 22:11:53,468 [grpc-default-executor-1] INFO  client.GrpcClientProtocolClient (GrpcClientProtocolClient.java:onNext(255)) - client-0C76110B8A2B->ed5d81fa-aaf0-49db-aa57-acca1dd387bd: receive RaftClientReply:client-0C76110B8A2B->ed5d81fa-aaf0-49db-aa57-acca1dd387bd@group-729F0664FEA8, cid=897, SUCCESS, logIndex=1315, commits[ed5d81fa-aaf0-49db-aa57-acca1dd387bd:c1316]
2019-09-10 22:11:53,469 [grpc-default-executor-1] INFO  client.GrpcClientProtocolClient (GrpcClientProtocolClient.java:onNext(255)) - client-0C76110B8A2B->ed5d81fa-aaf0-49db-aa57-acca1dd387bd: receive RaftClientReply:client-0C76110B8A2B->ed5d81fa-aaf0-49db-aa57-acca1dd387bd@group-729F0664FEA8, cid=898, SUCCESS, logIndex=1316, commits[ed5d81fa-aaf0-49db-aa57-acca1dd387bd:c1316]
2019-09-10 22:11:53,480 [grpc-default-executor-1] INFO  client.GrpcClientProtocolClient (GrpcClientProtocolClient.java:onNext(255)) - client-0C76110B8A2B->ed5d81fa-aaf0-49db-aa57-acca1dd387bd: receive RaftClientReply:client-0C76110B8A2B->ed5d81fa-aaf0-49db-aa57-acca1dd387bd@group-729F0664FEA8, cid=899, SUCCESS, logIndex=1318, commits[ed5d81fa-aaf0-49db-aa57-acca1dd387bd:c1319]
2019-09-10 22:11:53,481 [grpc-default-executor-1] INFO  client.GrpcClientProtocolClient (GrpcClientProtocolClient.java:onNext(255)) - client-0C76110B8A2B->ed5d81fa-aaf0-49db-aa57-acca1dd387bd: receive RaftClientReply:client-0C76110B8A2B->ed5d81fa-aaf0-49db-aa57-acca1dd387bd@group-729F0664FEA8, cid=900, SUCCESS, logIndex=1319, commits[ed5d81fa-aaf0-49db-aa57-acca1dd387bd:c1320]
2019-09-10 22:11:53,500 [grpc-default-executor-1] INFO  client.GrpcClientProtocolClient (GrpcClientProtocolClient.java:onNext(255)) - client-0C76110B8A2B->ed5d81fa-aaf0-49db-aa57-acca1dd387bd: receive RaftClientReply:client-0C76110B8A2B->ed5d81fa-aaf0-49db-aa57-acca1dd387bd@group-729F0664FEA8, cid=901, SUCCESS, logIndex=1321, commits[ed5d81fa-aaf0-49db-aa57-acca1dd387bd:c1322]
2019-09-10 22:11:53,501 [grpc-default-executor-1] INFO  client.GrpcClientProtocolClient (GrpcClientProtocolClient.java:onNext(255)) - client-0C76110B8A2B->ed5d81fa-aaf0-49db-aa57-acca1dd387bd: receive RaftClientReply:client-0C76110B8A2B->ed5d81fa-aaf0-49db-aa57-acca1dd387bd@group-729F0664FEA8, cid=902, SUCCESS, logIndex=1322, commits[ed5d81fa-aaf0-49db-aa57-acca1dd387bd:c1324]
2019-09-10 22:11:53,501 [grpc-default-executor-1] INFO  client.GrpcClientProtocolClient (GrpcClientProtocolClient.java:onNext(255)) - client-0C76110B8A2B->ed5d81fa-aaf0-49db-aa57-acca1dd387bd: receive RaftClientReply:client-0C76110B8A2B->ed5d81fa-aaf0-49db-aa57-acca1dd387bd@group-729F0664FEA8, cid=903, SUCCESS, logIndex=1323, commits[ed5d81fa-aaf0-49db-aa57-acca1dd387bd:c1325]
2019-09-10 22:11:53,502 [grpc-default-executor-1] INFO  client.GrpcClientProtocolClient (GrpcClientProtocolClient.java:onNext(255)) - client-0C76110B8A2B->ed5d81fa-aaf0-49db-aa57-acca1dd387bd: receive RaftClientReply:client-0C76110B8A2B->ed5d81fa-aaf0-49db-aa57-acca1dd387bd@group-729F0664FEA8, cid=904, SUCCESS, logIndex=1324, commits[ed5d81fa-aaf0-49db-aa57-acca1dd387bd:c1325]
2019-09-10 22:11:53,530 [grpc-default-executor-1] INFO  client.GrpcClientProtocolClient (GrpcClientProtocolClient.java:onNext(255)) - client-0C76110B8A2B->ed5d81fa-aaf0-49db-aa57-acca1dd387bd: receive RaftClientReply:client-0C76110B8A2B->ed5d81fa-aaf0-49db-aa57-acca1dd387bd@group-729F0664FEA8, cid=905, SUCCESS, logIndex=1327, commits[ed5d81fa-aaf0-49db-aa57-acca1dd387bd:c1328]
2019-09-10 22:11:53,530 [grpc-default-executor-1] INFO  client.GrpcClientProtocolClient (GrpcClientProtocolClient.java:onNext(255)) - client-0C76110B8A2B->ed5d81fa-aaf0-49db-aa57-acca1dd387bd: receive RaftClientReply:client-0C76110B8A2B->ed5d81fa-aaf0-49db-aa57-acca1dd387bd@group-729F0664FEA8, cid=906, SUCCESS, logIndex=1328, commits[ed5d81fa-aaf0-49db-aa57-acca1dd387bd:c1330]
2019-09-10 22:11:53,531 [grpc-default-executor-1] INFO  client.GrpcClientProtocolClient (GrpcClientProtocolClient.java:onNext(255)) - client-0C76110B8A2B->ed5d81fa-aaf0-49db-aa57-acca1dd387bd: receive RaftClientReply:client-0C76110B8A2B->ed5d81fa-aaf0-49db-aa57-acca1dd387bd@group-729F0664FEA8, cid=907, SUCCESS, logIndex=1329, commits[ed5d81fa-aaf0-49db-aa57-acca1dd387bd:c1331]
2019-09-10 22:11:53,531 [grpc-default-executor-1] INFO  client.GrpcClientProtocolClient (GrpcClientProtocolClient.java:onNext(255)) - client-0C76110B8A2B->ed5d81fa-aaf0-49db-aa57-acca1dd387bd: receive RaftClientReply:client-0C76110B8A2B->ed5d81fa-aaf0-49db-aa57-acca1dd387bd@group-729F0664FEA8, cid=908, SUCCESS, logIndex=1330, commits[ed5d81fa-aaf0-49db-aa57-acca1dd387bd:c1331]
2019-09-10 22:11:53,551 [grpc-default-executor-0] INFO  client.GrpcClientProtocolClient (GrpcClientProtocolClient.java:onNext(255)) - client-0C76110B8A2B->ed5d81fa-aaf0-49db-aa57-acca1dd387bd: receive RaftClientReply:client-0C76110B8A2B->ed5d81fa-aaf0-49db-aa57-acca1dd387bd@group-729F0664FEA8, cid=909, SUCCESS, logIndex=1333, commits[ed5d81fa-aaf0-49db-aa57-acca1dd387bd:c1334]
2019-09-10 22:11:53,551 [grpc-default-executor-0] INFO  client.GrpcClientProtocolClient (GrpcClientProtocolClient.java:onNext(255)) - client-0C76110B8A2B->ed5d81fa-aaf0-49db-aa57-acca1dd387bd: receive RaftClientReply:client-0C76110B8A2B->ed5d81fa-aaf0-49db-aa57-acca1dd387bd@group-729F0664FEA8, cid=910, SUCCESS, logIndex=1334, commits[ed5d81fa-aaf0-49db-aa57-acca1dd387bd:c1336]
2019-09-10 22:11:53,552 [grpc-default-executor-0] INFO  client.GrpcClientProtocolClient (GrpcClientProtocolClient.java:onNext(255)) - client-0C76110B8A2B->ed5d81fa-aaf0-49db-aa57-acca1dd387bd: receive RaftClientReply:client-0C76110B8A2B->ed5d81fa-aaf0-49db-aa57-acca1dd387bd@group-729F0664FEA8, cid=911, SUCCESS, logIndex=1335, commits[ed5d81fa-aaf0-49db-aa57-acca1dd387bd:c1336]
2019-09-10 22:11:53,552 [grpc-default-executor-0] INFO  client.GrpcClientProtocolClient (GrpcClientProtocolClient.java:onNext(255)) - client-0C76110B8A2B->ed5d81fa-aaf0-49db-aa57-acca1dd387bd: receive RaftClientReply:client-0C76110B8A2B->ed5d81fa-aaf0-49db-aa57-acca1dd387bd@group-729F0664FEA8, cid=912, SUCCESS, logIndex=1336, commits[ed5d81fa-aaf0-49db-aa57-acca1dd387bd:c1337]
2019-09-10 22:11:53,567 [SCMBlockDeletingService#0] DEBUG block.SCMBlockDeletingService (SCMBlockDeletingService.java:call(138)) - Running DeletedBlockTransactionScanner
2019-09-10 22:11:53,567 [SCMBlockDeletingService#0] DEBUG block.SCMBlockDeletingService (SCMBlockDeletingService.java:call(155)) - Scanned deleted blocks log and got 0 delTX to process.
2019-09-10 22:11:53,579 [grpc-default-executor-0] INFO  client.GrpcClientProtocolClient (GrpcClientProtocolClient.java:onNext(255)) - client-0C76110B8A2B->ed5d81fa-aaf0-49db-aa57-acca1dd387bd: receive RaftClientReply:client-0C76110B8A2B->ed5d81fa-aaf0-49db-aa57-acca1dd387bd@group-729F0664FEA8, cid=913, SUCCESS, logIndex=1339, commits[ed5d81fa-aaf0-49db-aa57-acca1dd387bd:c1340]
2019-09-10 22:11:53,580 [grpc-default-executor-0] INFO  client.GrpcClientProtocolClient (GrpcClientProtocolClient.java:onNext(255)) - client-0C76110B8A2B->ed5d81fa-aaf0-49db-aa57-acca1dd387bd: receive RaftClientReply:client-0C76110B8A2B->ed5d81fa-aaf0-49db-aa57-acca1dd387bd@group-729F0664FEA8, cid=914, SUCCESS, logIndex=1340, commits[ed5d81fa-aaf0-49db-aa57-acca1dd387bd:c1342]
2019-09-10 22:11:53,580 [grpc-default-executor-0] INFO  client.GrpcClientProtocolClient (GrpcClientProtocolClient.java:onNext(255)) - client-0C76110B8A2B->ed5d81fa-aaf0-49db-aa57-acca1dd387bd: receive RaftClientReply:client-0C76110B8A2B->ed5d81fa-aaf0-49db-aa57-acca1dd387bd@group-729F0664FEA8, cid=915, SUCCESS, logIndex=1341, commits[ed5d81fa-aaf0-49db-aa57-acca1dd387bd:c1343]
2019-09-10 22:11:53,580 [grpc-default-executor-0] INFO  client.GrpcClientProtocolClient (GrpcClientProtocolClient.java:onNext(255)) - client-0C76110B8A2B->ed5d81fa-aaf0-49db-aa57-acca1dd387bd: receive RaftClientReply:client-0C76110B8A2B->ed5d81fa-aaf0-49db-aa57-acca1dd387bd@group-729F0664FEA8, cid=916, SUCCESS, logIndex=1342, commits[ed5d81fa-aaf0-49db-aa57-acca1dd387bd:c1344]
2019-09-10 22:11:53,601 [grpc-default-executor-0] INFO  client.GrpcClientProtocolClient (GrpcClientProtocolClient.java:onNext(255)) - client-0C76110B8A2B->ed5d81fa-aaf0-49db-aa57-acca1dd387bd: receive RaftClientReply:client-0C76110B8A2B->ed5d81fa-aaf0-49db-aa57-acca1dd387bd@group-729F0664FEA8, cid=917, SUCCESS, logIndex=1345, commits[ed5d81fa-aaf0-49db-aa57-acca1dd387bd:c1348]
2019-09-10 22:11:53,601 [grpc-default-executor-0] INFO  client.GrpcClientProtocolClient (GrpcClientProtocolClient.java:onNext(255)) - client-0C76110B8A2B->ed5d81fa-aaf0-49db-aa57-acca1dd387bd: receive RaftClientReply:client-0C76110B8A2B->ed5d81fa-aaf0-49db-aa57-acca1dd387bd@group-729F0664FEA8, cid=918, SUCCESS, logIndex=1346, commits[ed5d81fa-aaf0-49db-aa57-acca1dd387bd:c1349]
2019-09-10 22:11:53,601 [grpc-default-executor-0] INFO  client.GrpcClientProtocolClient (GrpcClientProtocolClient.java:onNext(255)) - client-0C76110B8A2B->ed5d81fa-aaf0-49db-aa57-acca1dd387bd: receive RaftClientReply:client-0C76110B8A2B->ed5d81fa-aaf0-49db-aa57-acca1dd387bd@group-729F0664FEA8, cid=919, SUCCESS, logIndex=1347, commits[ed5d81fa-aaf0-49db-aa57-acca1dd387bd:c1349]
2019-09-10 22:11:53,602 [grpc-default-executor-0] INFO  client.GrpcClientProtocolClient (GrpcClientProtocolClient.java:onNext(255)) - client-0C76110B8A2B->ed5d81fa-aaf0-49db-aa57-acca1dd387bd: receive RaftClientReply:client-0C76110B8A2B->ed5d81fa-aaf0-49db-aa57-acca1dd387bd@group-729F0664FEA8, cid=920, SUCCESS, logIndex=1348, commits[ed5d81fa-aaf0-49db-aa57-acca1dd387bd:c1349]
2019-09-10 22:11:53,626 [grpc-default-executor-0] INFO  client.GrpcClientProtocolClient (GrpcClientProtocolClient.java:onNext(255)) - client-0C76110B8A2B->ed5d81fa-aaf0-49db-aa57-acca1dd387bd: receive RaftClientReply:client-0C76110B8A2B->ed5d81fa-aaf0-49db-aa57-acca1dd387bd@group-729F0664FEA8, cid=921, SUCCESS, logIndex=1350, commits[ed5d81fa-aaf0-49db-aa57-acca1dd387bd:c1351]
2019-09-10 22:11:53,627 [grpc-default-executor-0] INFO  client.GrpcClientProtocolClient (GrpcClientProtocolClient.java:onNext(255)) - client-0C76110B8A2B->ed5d81fa-aaf0-49db-aa57-acca1dd387bd: receive RaftClientReply:client-0C76110B8A2B->ed5d81fa-aaf0-49db-aa57-acca1dd387bd@group-729F0664FEA8, cid=922, SUCCESS, logIndex=1351, commits[ed5d81fa-aaf0-49db-aa57-acca1dd387bd:c1353]
2019-09-10 22:11:53,627 [grpc-default-executor-0] INFO  client.GrpcClientProtocolClient (GrpcClientProtocolClient.java:onNext(255)) - client-0C76110B8A2B->ed5d81fa-aaf0-49db-aa57-acca1dd387bd: receive RaftClientReply:client-0C76110B8A2B->ed5d81fa-aaf0-49db-aa57-acca1dd387bd@group-729F0664FEA8, cid=923, SUCCESS, logIndex=1352, commits[ed5d81fa-aaf0-49db-aa57-acca1dd387bd:c1353]
2019-09-10 22:11:53,627 [grpc-default-executor-0] INFO  client.GrpcClientProtocolClient (GrpcClientProtocolClient.java:onNext(255)) - client-0C76110B8A2B->ed5d81fa-aaf0-49db-aa57-acca1dd387bd: receive RaftClientReply:client-0C76110B8A2B->ed5d81fa-aaf0-49db-aa57-acca1dd387bd@group-729F0664FEA8, cid=924, SUCCESS, logIndex=1353, commits[ed5d81fa-aaf0-49db-aa57-acca1dd387bd:c1354]
2019-09-10 22:11:53,647 [grpc-default-executor-1] INFO  client.GrpcClientProtocolClient (GrpcClientProtocolClient.java:onNext(255)) - client-0C76110B8A2B->ed5d81fa-aaf0-49db-aa57-acca1dd387bd: receive RaftClientReply:client-0C76110B8A2B->ed5d81fa-aaf0-49db-aa57-acca1dd387bd@group-729F0664FEA8, cid=925, SUCCESS, logIndex=1356, commits[ed5d81fa-aaf0-49db-aa57-acca1dd387bd:c1357]
2019-09-10 22:11:53,647 [grpc-default-executor-1] INFO  client.GrpcClientProtocolClient (GrpcClientProtocolClient.java:onNext(255)) - client-0C76110B8A2B->ed5d81fa-aaf0-49db-aa57-acca1dd387bd: receive RaftClientReply:client-0C76110B8A2B->ed5d81fa-aaf0-49db-aa57-acca1dd387bd@group-729F0664FEA8, cid=926, SUCCESS, logIndex=1357, commits[ed5d81fa-aaf0-49db-aa57-acca1dd387bd:c1359]
2019-09-10 22:11:53,647 [grpc-default-executor-1] INFO  client.GrpcClientProtocolClient (GrpcClientProtocolClient.java:onNext(255)) - client-0C76110B8A2B->ed5d81fa-aaf0-49db-aa57-acca1dd387bd: receive RaftClientReply:client-0C76110B8A2B->ed5d81fa-aaf0-49db-aa57-acca1dd387bd@group-729F0664FEA8, cid=927, SUCCESS, logIndex=1358, commits[ed5d81fa-aaf0-49db-aa57-acca1dd387bd:c1359]
2019-09-10 22:11:53,648 [grpc-default-executor-1] INFO  client.GrpcClientProtocolClient (GrpcClientProtocolClient.java:onNext(255)) - client-0C76110B8A2B->ed5d81fa-aaf0-49db-aa57-acca1dd387bd: receive RaftClientReply:client-0C76110B8A2B->ed5d81fa-aaf0-49db-aa57-acca1dd387bd@group-729F0664FEA8, cid=928, SUCCESS, logIndex=1359, commits[ed5d81fa-aaf0-49db-aa57-acca1dd387bd:c1360]
2019-09-10 22:11:53,667 [SCMBlockDeletingService#1] DEBUG block.SCMBlockDeletingService (SCMBlockDeletingService.java:call(138)) - Running DeletedBlockTransactionScanner
2019-09-10 22:11:53,667 [SCMBlockDeletingService#1] DEBUG block.SCMBlockDeletingService (SCMBlockDeletingService.java:call(155)) - Scanned deleted blocks log and got 0 delTX to process.
2019-09-10 22:11:53,752 [grpc-default-executor-1] INFO  client.GrpcClientProtocolClient (GrpcClientProtocolClient.java:onNext(255)) - client-0C76110B8A2B->ed5d81fa-aaf0-49db-aa57-acca1dd387bd: receive RaftClientReply:client-0C76110B8A2B->ed5d81fa-aaf0-49db-aa57-acca1dd387bd@group-729F0664FEA8, cid=929, SUCCESS, logIndex=1362, commits[ed5d81fa-aaf0-49db-aa57-acca1dd387bd:c1365]
2019-09-10 22:11:53,753 [grpc-default-executor-1] INFO  client.GrpcClientProtocolClient (GrpcClientProtocolClient.java:onNext(255)) - client-0C76110B8A2B->ed5d81fa-aaf0-49db-aa57-acca1dd387bd: receive RaftClientReply:client-0C76110B8A2B->ed5d81fa-aaf0-49db-aa57-acca1dd387bd@group-729F0664FEA8, cid=930, SUCCESS, logIndex=1363, commits[ed5d81fa-aaf0-49db-aa57-acca1dd387bd:c1366]
2019-09-10 22:11:53,753 [grpc-default-executor-1] INFO  client.GrpcClientProtocolClient (GrpcClientProtocolClient.java:onNext(255)) - client-0C76110B8A2B->ed5d81fa-aaf0-49db-aa57-acca1dd387bd: receive RaftClientReply:client-0C76110B8A2B->ed5d81fa-aaf0-49db-aa57-acca1dd387bd@group-729F0664FEA8, cid=931, SUCCESS, logIndex=1364, commits[ed5d81fa-aaf0-49db-aa57-acca1dd387bd:c1366]
2019-09-10 22:11:53,754 [grpc-default-executor-1] INFO  client.GrpcClientProtocolClient (GrpcClientProtocolClient.java:onNext(255)) - client-0C76110B8A2B->ed5d81fa-aaf0-49db-aa57-acca1dd387bd: receive RaftClientReply:client-0C76110B8A2B->ed5d81fa-aaf0-49db-aa57-acca1dd387bd@group-729F0664FEA8, cid=932, SUCCESS, logIndex=1365, commits[ed5d81fa-aaf0-49db-aa57-acca1dd387bd:c1366]
2019-09-10 22:11:53,768 [SCMBlockDeletingService#1] DEBUG block.SCMBlockDeletingService (SCMBlockDeletingService.java:call(138)) - Running DeletedBlockTransactionScanner
2019-09-10 22:11:53,768 [SCMBlockDeletingService#1] DEBUG block.SCMBlockDeletingService (SCMBlockDeletingService.java:call(155)) - Scanned deleted blocks log and got 0 delTX to process.
2019-09-10 22:11:53,773 [grpc-default-executor-1] INFO  client.GrpcClientProtocolClient (GrpcClientProtocolClient.java:onNext(255)) - client-0C76110B8A2B->ed5d81fa-aaf0-49db-aa57-acca1dd387bd: receive RaftClientReply:client-0C76110B8A2B->ed5d81fa-aaf0-49db-aa57-acca1dd387bd@group-729F0664FEA8, cid=933, SUCCESS, logIndex=1367, commits[ed5d81fa-aaf0-49db-aa57-acca1dd387bd:c1368]
2019-09-10 22:11:53,773 [grpc-default-executor-1] INFO  client.GrpcClientProtocolClient (GrpcClientProtocolClient.java:onNext(255)) - client-0C76110B8A2B->ed5d81fa-aaf0-49db-aa57-acca1dd387bd: receive RaftClientReply:client-0C76110B8A2B->ed5d81fa-aaf0-49db-aa57-acca1dd387bd@group-729F0664FEA8, cid=934, SUCCESS, logIndex=1368, commits[ed5d81fa-aaf0-49db-aa57-acca1dd387bd:c1370]
2019-09-10 22:11:53,774 [grpc-default-executor-1] INFO  client.GrpcClientProtocolClient (GrpcClientProtocolClient.java:onNext(255)) - client-0C76110B8A2B->ed5d81fa-aaf0-49db-aa57-acca1dd387bd: receive RaftClientReply:client-0C76110B8A2B->ed5d81fa-aaf0-49db-aa57-acca1dd387bd@group-729F0664FEA8, cid=935, SUCCESS, logIndex=1369, commits[ed5d81fa-aaf0-49db-aa57-acca1dd387bd:c1370]
2019-09-10 22:11:53,774 [grpc-default-executor-1] INFO  client.GrpcClientProtocolClient (GrpcClientProtocolClient.java:onNext(255)) - client-0C76110B8A2B->ed5d81fa-aaf0-49db-aa57-acca1dd387bd: receive RaftClientReply:client-0C76110B8A2B->ed5d81fa-aaf0-49db-aa57-acca1dd387bd@group-729F0664FEA8, cid=936, SUCCESS, logIndex=1370, commits[ed5d81fa-aaf0-49db-aa57-acca1dd387bd:c1371]
2019-09-10 22:11:53,800 [grpc-default-executor-1] INFO  client.GrpcClientProtocolClient (GrpcClientProtocolClient.java:onNext(255)) - client-0C76110B8A2B->ed5d81fa-aaf0-49db-aa57-acca1dd387bd: receive RaftClientReply:client-0C76110B8A2B->ed5d81fa-aaf0-49db-aa57-acca1dd387bd@group-729F0664FEA8, cid=937, SUCCESS, logIndex=1373, commits[ed5d81fa-aaf0-49db-aa57-acca1dd387bd:c1374]
2019-09-10 22:11:53,800 [grpc-default-executor-1] INFO  client.GrpcClientProtocolClient (GrpcClientProtocolClient.java:onNext(255)) - client-0C76110B8A2B->ed5d81fa-aaf0-49db-aa57-acca1dd387bd: receive RaftClientReply:client-0C76110B8A2B->ed5d81fa-aaf0-49db-aa57-acca1dd387bd@group-729F0664FEA8, cid=938, SUCCESS, logIndex=1374, commits[ed5d81fa-aaf0-49db-aa57-acca1dd387bd:c1374]
2019-09-10 22:11:53,801 [grpc-default-executor-1] INFO  client.GrpcClientProtocolClient (GrpcClientProtocolClient.java:onNext(255)) - client-0C76110B8A2B->ed5d81fa-aaf0-49db-aa57-acca1dd387bd: receive RaftClientReply:client-0C76110B8A2B->ed5d81fa-aaf0-49db-aa57-acca1dd387bd@group-729F0664FEA8, cid=939, SUCCESS, logIndex=1375, commits[ed5d81fa-aaf0-49db-aa57-acca1dd387bd:c1376]
2019-09-10 22:11:53,802 [grpc-default-executor-1] INFO  client.GrpcClientProtocolClient (GrpcClientProtocolClient.java:onNext(255)) - client-0C76110B8A2B->ed5d81fa-aaf0-49db-aa57-acca1dd387bd: receive RaftClientReply:client-0C76110B8A2B->ed5d81fa-aaf0-49db-aa57-acca1dd387bd@group-729F0664FEA8, cid=940, SUCCESS, logIndex=1376, commits[ed5d81fa-aaf0-49db-aa57-acca1dd387bd:c1377]
2019-09-10 22:11:53,822 [grpc-default-executor-0] INFO  client.GrpcClientProtocolClient (GrpcClientProtocolClient.java:onNext(255)) - client-0C76110B8A2B->ed5d81fa-aaf0-49db-aa57-acca1dd387bd: receive RaftClientReply:client-0C76110B8A2B->ed5d81fa-aaf0-49db-aa57-acca1dd387bd@group-729F0664FEA8, cid=941, SUCCESS, logIndex=1379, commits[ed5d81fa-aaf0-49db-aa57-acca1dd387bd:c1382]
2019-09-10 22:11:53,822 [grpc-default-executor-0] INFO  client.GrpcClientProtocolClient (GrpcClientProtocolClient.java:onNext(255)) - client-0C76110B8A2B->ed5d81fa-aaf0-49db-aa57-acca1dd387bd: receive RaftClientReply:client-0C76110B8A2B->ed5d81fa-aaf0-49db-aa57-acca1dd387bd@group-729F0664FEA8, cid=942, SUCCESS, logIndex=1380, commits[ed5d81fa-aaf0-49db-aa57-acca1dd387bd:c1383]
2019-09-10 22:11:53,823 [grpc-default-executor-0] INFO  client.GrpcClientProtocolClient (GrpcClientProtocolClient.java:onNext(255)) - client-0C76110B8A2B->ed5d81fa-aaf0-49db-aa57-acca1dd387bd: receive RaftClientReply:client-0C76110B8A2B->ed5d81fa-aaf0-49db-aa57-acca1dd387bd@group-729F0664FEA8, cid=943, SUCCESS, logIndex=1381, commits[ed5d81fa-aaf0-49db-aa57-acca1dd387bd:c1383]
2019-09-10 22:11:53,823 [grpc-default-executor-0] INFO  client.GrpcClientProtocolClient (GrpcClientProtocolClient.java:onNext(255)) - client-0C76110B8A2B->ed5d81fa-aaf0-49db-aa57-acca1dd387bd: receive RaftClientReply:client-0C76110B8A2B->ed5d81fa-aaf0-49db-aa57-acca1dd387bd@group-729F0664FEA8, cid=944, SUCCESS, logIndex=1382, commits[ed5d81fa-aaf0-49db-aa57-acca1dd387bd:c1383]
2019-09-10 22:11:53,847 [grpc-default-executor-0] INFO  client.GrpcClientProtocolClient (GrpcClientProtocolClient.java:onNext(255)) - client-0C76110B8A2B->ed5d81fa-aaf0-49db-aa57-acca1dd387bd: receive RaftClientReply:client-0C76110B8A2B->ed5d81fa-aaf0-49db-aa57-acca1dd387bd@group-729F0664FEA8, cid=945, SUCCESS, logIndex=1384, commits[ed5d81fa-aaf0-49db-aa57-acca1dd387bd:c1385]
2019-09-10 22:11:53,847 [grpc-default-executor-0] INFO  client.GrpcClientProtocolClient (GrpcClientProtocolClient.java:onNext(255)) - client-0C76110B8A2B->ed5d81fa-aaf0-49db-aa57-acca1dd387bd: receive RaftClientReply:client-0C76110B8A2B->ed5d81fa-aaf0-49db-aa57-acca1dd387bd@group-729F0664FEA8, cid=946, SUCCESS, logIndex=1385, commits[ed5d81fa-aaf0-49db-aa57-acca1dd387bd:c1387]
2019-09-10 22:11:53,848 [grpc-default-executor-0] INFO  client.GrpcClientProtocolClient (GrpcClientProtocolClient.java:onNext(255)) - client-0C76110B8A2B->ed5d81fa-aaf0-49db-aa57-acca1dd387bd: receive RaftClientReply:client-0C76110B8A2B->ed5d81fa-aaf0-49db-aa57-acca1dd387bd@group-729F0664FEA8, cid=947, SUCCESS, logIndex=1386, commits[ed5d81fa-aaf0-49db-aa57-acca1dd387bd:c1387]
2019-09-10 22:11:53,848 [grpc-default-executor-0] INFO  client.GrpcClientProtocolClient (GrpcClientProtocolClient.java:onNext(255)) - client-0C76110B8A2B->ed5d81fa-aaf0-49db-aa57-acca1dd387bd: receive RaftClientReply:client-0C76110B8A2B->ed5d81fa-aaf0-49db-aa57-acca1dd387bd@group-729F0664FEA8, cid=948, SUCCESS, logIndex=1387, commits[ed5d81fa-aaf0-49db-aa57-acca1dd387bd:c1387]
2019-09-10 22:11:53,867 [grpc-default-executor-1] INFO  client.GrpcClientProtocolClient (GrpcClientProtocolClient.java:onNext(255)) - client-0C76110B8A2B->ed5d81fa-aaf0-49db-aa57-acca1dd387bd: receive RaftClientReply:client-0C76110B8A2B->ed5d81fa-aaf0-49db-aa57-acca1dd387bd@group-729F0664FEA8, cid=949, SUCCESS, logIndex=1390, commits[ed5d81fa-aaf0-49db-aa57-acca1dd387bd:c1391]
2019-09-10 22:11:53,867 [grpc-default-executor-1] INFO  client.GrpcClientProtocolClient (GrpcClientProtocolClient.java:onNext(255)) - client-0C76110B8A2B->ed5d81fa-aaf0-49db-aa57-acca1dd387bd: receive RaftClientReply:client-0C76110B8A2B->ed5d81fa-aaf0-49db-aa57-acca1dd387bd@group-729F0664FEA8, cid=950, SUCCESS, logIndex=1391, commits[ed5d81fa-aaf0-49db-aa57-acca1dd387bd:c1393]
2019-09-10 22:11:53,868 [grpc-default-executor-1] INFO  client.GrpcClientProtocolClient (GrpcClientProtocolClient.java:onNext(255)) - client-0C76110B8A2B->ed5d81fa-aaf0-49db-aa57-acca1dd387bd: receive RaftClientReply:client-0C76110B8A2B->ed5d81fa-aaf0-49db-aa57-acca1dd387bd@group-729F0664FEA8, cid=951, SUCCESS, logIndex=1392, commits[ed5d81fa-aaf0-49db-aa57-acca1dd387bd:c1393]
2019-09-10 22:11:53,868 [grpc-default-executor-1] INFO  client.GrpcClientProtocolClient (GrpcClientProtocolClient.java:onNext(255)) - client-0C76110B8A2B->ed5d81fa-aaf0-49db-aa57-acca1dd387bd: receive RaftClientReply:client-0C76110B8A2B->ed5d81fa-aaf0-49db-aa57-acca1dd387bd@group-729F0664FEA8, cid=952, SUCCESS, logIndex=1393, commits[ed5d81fa-aaf0-49db-aa57-acca1dd387bd:c1394]
2019-09-10 22:11:53,868 [SCMBlockDeletingService#1] DEBUG block.SCMBlockDeletingService (SCMBlockDeletingService.java:call(138)) - Running DeletedBlockTransactionScanner
2019-09-10 22:11:53,868 [SCMBlockDeletingService#1] DEBUG block.SCMBlockDeletingService (SCMBlockDeletingService.java:call(155)) - Scanned deleted blocks log and got 0 delTX to process.
2019-09-10 22:11:53,893 [grpc-default-executor-1] INFO  client.GrpcClientProtocolClient (GrpcClientProtocolClient.java:onNext(255)) - client-0C76110B8A2B->ed5d81fa-aaf0-49db-aa57-acca1dd387bd: receive RaftClientReply:client-0C76110B8A2B->ed5d81fa-aaf0-49db-aa57-acca1dd387bd@group-729F0664FEA8, cid=953, SUCCESS, logIndex=1396, commits[ed5d81fa-aaf0-49db-aa57-acca1dd387bd:c1399]
2019-09-10 22:11:53,894 [grpc-default-executor-1] INFO  client.GrpcClientProtocolClient (GrpcClientProtocolClient.java:onNext(255)) - client-0C76110B8A2B->ed5d81fa-aaf0-49db-aa57-acca1dd387bd: receive RaftClientReply:client-0C76110B8A2B->ed5d81fa-aaf0-49db-aa57-acca1dd387bd@group-729F0664FEA8, cid=954, SUCCESS, logIndex=1397, commits[ed5d81fa-aaf0-49db-aa57-acca1dd387bd:c1400]
2019-09-10 22:11:53,894 [grpc-default-executor-1] INFO  client.GrpcClientProtocolClient (GrpcClientProtocolClient.java:onNext(255)) - client-0C76110B8A2B->ed5d81fa-aaf0-49db-aa57-acca1dd387bd: receive RaftClientReply:client-0C76110B8A2B->ed5d81fa-aaf0-49db-aa57-acca1dd387bd@group-729F0664FEA8, cid=955, SUCCESS, logIndex=1398, commits[ed5d81fa-aaf0-49db-aa57-acca1dd387bd:c1400]
2019-09-10 22:11:53,894 [grpc-default-executor-1] INFO  client.GrpcClientProtocolClient (GrpcClientProtocolClient.java:onNext(255)) - client-0C76110B8A2B->ed5d81fa-aaf0-49db-aa57-acca1dd387bd: receive RaftClientReply:client-0C76110B8A2B->ed5d81fa-aaf0-49db-aa57-acca1dd387bd@group-729F0664FEA8, cid=956, SUCCESS, logIndex=1399, commits[ed5d81fa-aaf0-49db-aa57-acca1dd387bd:c1400]
2019-09-10 22:11:53,914 [grpc-default-executor-0] INFO  client.GrpcClientProtocolClient (GrpcClientProtocolClient.java:onNext(255)) - client-0C76110B8A2B->ed5d81fa-aaf0-49db-aa57-acca1dd387bd: receive RaftClientReply:client-0C76110B8A2B->ed5d81fa-aaf0-49db-aa57-acca1dd387bd@group-729F0664FEA8, cid=957, SUCCESS, logIndex=1401, commits[ed5d81fa-aaf0-49db-aa57-acca1dd387bd:c1404]
2019-09-10 22:11:53,914 [grpc-default-executor-0] INFO  client.GrpcClientProtocolClient (GrpcClientProtocolClient.java:onNext(255)) - client-0C76110B8A2B->ed5d81fa-aaf0-49db-aa57-acca1dd387bd: receive RaftClientReply:client-0C76110B8A2B->ed5d81fa-aaf0-49db-aa57-acca1dd387bd@group-729F0664FEA8, cid=958, SUCCESS, logIndex=1402, commits[ed5d81fa-aaf0-49db-aa57-acca1dd387bd:c1405]
2019-09-10 22:11:53,915 [grpc-default-executor-0] INFO  client.GrpcClientProtocolClient (GrpcClientProtocolClient.java:onNext(255)) - client-0C76110B8A2B->ed5d81fa-aaf0-49db-aa57-acca1dd387bd: receive RaftClientReply:client-0C76110B8A2B->ed5d81fa-aaf0-49db-aa57-acca1dd387bd@group-729F0664FEA8, cid=959, SUCCESS, logIndex=1403, commits[ed5d81fa-aaf0-49db-aa57-acca1dd387bd:c1405]
2019-09-10 22:11:53,915 [grpc-default-executor-0] INFO  client.GrpcClientProtocolClient (GrpcClientProtocolClient.java:onNext(255)) - client-0C76110B8A2B->ed5d81fa-aaf0-49db-aa57-acca1dd387bd: receive RaftClientReply:client-0C76110B8A2B->ed5d81fa-aaf0-49db-aa57-acca1dd387bd@group-729F0664FEA8, cid=960, SUCCESS, logIndex=1404, commits[ed5d81fa-aaf0-49db-aa57-acca1dd387bd:c1405]
2019-09-10 22:11:53,940 [grpc-default-executor-0] INFO  client.GrpcClientProtocolClient (GrpcClientProtocolClient.java:onNext(255)) - client-0C76110B8A2B->ed5d81fa-aaf0-49db-aa57-acca1dd387bd: receive RaftClientReply:client-0C76110B8A2B->ed5d81fa-aaf0-49db-aa57-acca1dd387bd@group-729F0664FEA8, cid=961, SUCCESS, logIndex=1406, commits[ed5d81fa-aaf0-49db-aa57-acca1dd387bd:c1407]
2019-09-10 22:11:53,940 [grpc-default-executor-0] INFO  client.GrpcClientProtocolClient (GrpcClientProtocolClient.java:onNext(255)) - client-0C76110B8A2B->ed5d81fa-aaf0-49db-aa57-acca1dd387bd: receive RaftClientReply:client-0C76110B8A2B->ed5d81fa-aaf0-49db-aa57-acca1dd387bd@group-729F0664FEA8, cid=962, SUCCESS, logIndex=1407, commits[ed5d81fa-aaf0-49db-aa57-acca1dd387bd:c1409]
2019-09-10 22:11:53,941 [grpc-default-executor-0] INFO  client.GrpcClientProtocolClient (GrpcClientProtocolClient.java:onNext(255)) - client-0C76110B8A2B->ed5d81fa-aaf0-49db-aa57-acca1dd387bd: receive RaftClientReply:client-0C76110B8A2B->ed5d81fa-aaf0-49db-aa57-acca1dd387bd@group-729F0664FEA8, cid=963, SUCCESS, logIndex=1408, commits[ed5d81fa-aaf0-49db-aa57-acca1dd387bd:c1409]
2019-09-10 22:11:53,941 [grpc-default-executor-0] INFO  client.GrpcClientProtocolClient (GrpcClientProtocolClient.java:onNext(255)) - client-0C76110B8A2B->ed5d81fa-aaf0-49db-aa57-acca1dd387bd: receive RaftClientReply:client-0C76110B8A2B->ed5d81fa-aaf0-49db-aa57-acca1dd387bd@group-729F0664FEA8, cid=964, SUCCESS, logIndex=1409, commits[ed5d81fa-aaf0-49db-aa57-acca1dd387bd:c1410]
2019-09-10 22:11:53,964 [grpc-default-executor-0] INFO  client.GrpcClientProtocolClient (GrpcClientProtocolClient.java:onNext(255)) - client-0C76110B8A2B->ed5d81fa-aaf0-49db-aa57-acca1dd387bd: receive RaftClientReply:client-0C76110B8A2B->ed5d81fa-aaf0-49db-aa57-acca1dd387bd@group-729F0664FEA8, cid=965, SUCCESS, logIndex=1412, commits[ed5d81fa-aaf0-49db-aa57-acca1dd387bd:c1413]
2019-09-10 22:11:53,965 [grpc-default-executor-0] INFO  client.GrpcClientProtocolClient (GrpcClientProtocolClient.java:onNext(255)) - client-0C76110B8A2B->ed5d81fa-aaf0-49db-aa57-acca1dd387bd: receive RaftClientReply:client-0C76110B8A2B->ed5d81fa-aaf0-49db-aa57-acca1dd387bd@group-729F0664FEA8, cid=966, SUCCESS, logIndex=1413, commits[ed5d81fa-aaf0-49db-aa57-acca1dd387bd:c1413]
2019-09-10 22:11:53,965 [grpc-default-executor-0] INFO  client.GrpcClientProtocolClient (GrpcClientProtocolClient.java:onNext(255)) - client-0C76110B8A2B->ed5d81fa-aaf0-49db-aa57-acca1dd387bd: receive RaftClientReply:client-0C76110B8A2B->ed5d81fa-aaf0-49db-aa57-acca1dd387bd@group-729F0664FEA8, cid=967, SUCCESS, logIndex=1414, commits[ed5d81fa-aaf0-49db-aa57-acca1dd387bd:c1415]
2019-09-10 22:11:53,965 [grpc-default-executor-0] INFO  client.GrpcClientProtocolClient (GrpcClientProtocolClient.java:onNext(255)) - client-0C76110B8A2B->ed5d81fa-aaf0-49db-aa57-acca1dd387bd: receive RaftClientReply:client-0C76110B8A2B->ed5d81fa-aaf0-49db-aa57-acca1dd387bd@group-729F0664FEA8, cid=968, SUCCESS, logIndex=1415, commits[ed5d81fa-aaf0-49db-aa57-acca1dd387bd:c1416]
2019-09-10 22:11:53,969 [SCMBlockDeletingService#1] DEBUG block.SCMBlockDeletingService (SCMBlockDeletingService.java:call(138)) - Running DeletedBlockTransactionScanner
2019-09-10 22:11:53,969 [SCMBlockDeletingService#1] DEBUG block.SCMBlockDeletingService (SCMBlockDeletingService.java:call(155)) - Scanned deleted blocks log and got 0 delTX to process.
2019-09-10 22:11:53,988 [grpc-default-executor-0] INFO  client.GrpcClientProtocolClient (GrpcClientProtocolClient.java:onNext(255)) - client-0C76110B8A2B->ed5d81fa-aaf0-49db-aa57-acca1dd387bd: receive RaftClientReply:client-0C76110B8A2B->ed5d81fa-aaf0-49db-aa57-acca1dd387bd@group-729F0664FEA8, cid=969, SUCCESS, logIndex=1418, commits[ed5d81fa-aaf0-49db-aa57-acca1dd387bd:c1419]
2019-09-10 22:11:53,989 [grpc-default-executor-0] INFO  client.GrpcClientProtocolClient (GrpcClientProtocolClient.java:onNext(255)) - client-0C76110B8A2B->ed5d81fa-aaf0-49db-aa57-acca1dd387bd: receive RaftClientReply:client-0C76110B8A2B->ed5d81fa-aaf0-49db-aa57-acca1dd387bd@group-729F0664FEA8, cid=970, SUCCESS, logIndex=1419, commits[ed5d81fa-aaf0-49db-aa57-acca1dd387bd:c1421]
2019-09-10 22:11:53,989 [grpc-default-executor-0] INFO  client.GrpcClientProtocolClient (GrpcClientProtocolClient.java:onNext(255)) - client-0C76110B8A2B->ed5d81fa-aaf0-49db-aa57-acca1dd387bd: receive RaftClientReply:client-0C76110B8A2B->ed5d81fa-aaf0-49db-aa57-acca1dd387bd@group-729F0664FEA8, cid=971, SUCCESS, logIndex=1420, commits[ed5d81fa-aaf0-49db-aa57-acca1dd387bd:c1422]
2019-09-10 22:11:53,990 [grpc-default-executor-0] INFO  client.GrpcClientProtocolClient (GrpcClientProtocolClient.java:onNext(255)) - client-0C76110B8A2B->ed5d81fa-aaf0-49db-aa57-acca1dd387bd: receive RaftClientReply:client-0C76110B8A2B->ed5d81fa-aaf0-49db-aa57-acca1dd387bd@group-729F0664FEA8, cid=972, SUCCESS, logIndex=1421, commits[ed5d81fa-aaf0-49db-aa57-acca1dd387bd:c1422]
2019-09-10 22:11:54,128 [SCMBlockDeletingService#1] DEBUG block.SCMBlockDeletingService (SCMBlockDeletingService.java:call(138)) - Running DeletedBlockTransactionScanner
2019-09-10 22:11:54,128 [SCMBlockDeletingService#1] DEBUG block.SCMBlockDeletingService (SCMBlockDeletingService.java:call(155)) - Scanned deleted blocks log and got 0 delTX to process.
2019-09-10 22:11:54,154 [grpc-default-executor-1] INFO  client.GrpcClientProtocolClient (GrpcClientProtocolClient.java:onNext(255)) - client-0C76110B8A2B->ed5d81fa-aaf0-49db-aa57-acca1dd387bd: receive RaftClientReply:client-0C76110B8A2B->ed5d81fa-aaf0-49db-aa57-acca1dd387bd@group-729F0664FEA8, cid=973, SUCCESS, logIndex=1424, commits[ed5d81fa-aaf0-49db-aa57-acca1dd387bd:c1425]
2019-09-10 22:11:54,156 [grpc-default-executor-1] INFO  client.GrpcClientProtocolClient (GrpcClientProtocolClient.java:onNext(255)) - client-0C76110B8A2B->ed5d81fa-aaf0-49db-aa57-acca1dd387bd: receive RaftClientReply:client-0C76110B8A2B->ed5d81fa-aaf0-49db-aa57-acca1dd387bd@group-729F0664FEA8, cid=974, SUCCESS, logIndex=1425, commits[ed5d81fa-aaf0-49db-aa57-acca1dd387bd:c1425]
2019-09-10 22:11:54,157 [grpc-default-executor-1] INFO  client.GrpcClientProtocolClient (GrpcClientProtocolClient.java:onNext(255)) - client-0C76110B8A2B->ed5d81fa-aaf0-49db-aa57-acca1dd387bd: receive RaftClientReply:client-0C76110B8A2B->ed5d81fa-aaf0-49db-aa57-acca1dd387bd@group-729F0664FEA8, cid=975, SUCCESS, logIndex=1426, commits[ed5d81fa-aaf0-49db-aa57-acca1dd387bd:c1427]
2019-09-10 22:11:54,158 [grpc-default-executor-1] INFO  client.GrpcClientProtocolClient (GrpcClientProtocolClient.java:onNext(255)) - client-0C76110B8A2B->ed5d81fa-aaf0-49db-aa57-acca1dd387bd: receive RaftClientReply:client-0C76110B8A2B->ed5d81fa-aaf0-49db-aa57-acca1dd387bd@group-729F0664FEA8, cid=976, SUCCESS, logIndex=1427, commits[ed5d81fa-aaf0-49db-aa57-acca1dd387bd:c1429]
2019-09-10 22:11:54,184 [grpc-default-executor-1] INFO  client.GrpcClientProtocolClient (GrpcClientProtocolClient.java:onNext(255)) - client-0C76110B8A2B->ed5d81fa-aaf0-49db-aa57-acca1dd387bd: receive RaftClientReply:client-0C76110B8A2B->ed5d81fa-aaf0-49db-aa57-acca1dd387bd@group-729F0664FEA8, cid=977, SUCCESS, logIndex=1430, commits[ed5d81fa-aaf0-49db-aa57-acca1dd387bd:c1431]
2019-09-10 22:11:54,185 [grpc-default-executor-1] INFO  client.GrpcClientProtocolClient (GrpcClientProtocolClient.java:onNext(255)) - client-0C76110B8A2B->ed5d81fa-aaf0-49db-aa57-acca1dd387bd: receive RaftClientReply:client-0C76110B8A2B->ed5d81fa-aaf0-49db-aa57-acca1dd387bd@group-729F0664FEA8, cid=978, SUCCESS, logIndex=1431, commits[ed5d81fa-aaf0-49db-aa57-acca1dd387bd:c1433]
2019-09-10 22:11:54,185 [grpc-default-executor-1] INFO  client.GrpcClientProtocolClient (GrpcClientProtocolClient.java:onNext(255)) - client-0C76110B8A2B->ed5d81fa-aaf0-49db-aa57-acca1dd387bd: receive RaftClientReply:client-0C76110B8A2B->ed5d81fa-aaf0-49db-aa57-acca1dd387bd@group-729F0664FEA8, cid=979, SUCCESS, logIndex=1432, commits[ed5d81fa-aaf0-49db-aa57-acca1dd387bd:c1434]
2019-09-10 22:11:54,186 [grpc-default-executor-1] INFO  client.GrpcClientProtocolClient (GrpcClientProtocolClient.java:onNext(255)) - client-0C76110B8A2B->ed5d81fa-aaf0-49db-aa57-acca1dd387bd: receive RaftClientReply:client-0C76110B8A2B->ed5d81fa-aaf0-49db-aa57-acca1dd387bd@group-729F0664FEA8, cid=980, SUCCESS, logIndex=1433, commits[ed5d81fa-aaf0-49db-aa57-acca1dd387bd:c1434]
2019-09-10 22:11:54,206 [grpc-default-executor-1] INFO  client.GrpcClientProtocolClient (GrpcClientProtocolClient.java:onNext(255)) - client-0C76110B8A2B->ed5d81fa-aaf0-49db-aa57-acca1dd387bd: receive RaftClientReply:client-0C76110B8A2B->ed5d81fa-aaf0-49db-aa57-acca1dd387bd@group-729F0664FEA8, cid=981, SUCCESS, logIndex=1436, commits[ed5d81fa-aaf0-49db-aa57-acca1dd387bd:c1439]
2019-09-10 22:11:54,207 [grpc-default-executor-1] INFO  client.GrpcClientProtocolClient (GrpcClientProtocolClient.java:onNext(255)) - client-0C76110B8A2B->ed5d81fa-aaf0-49db-aa57-acca1dd387bd: receive RaftClientReply:client-0C76110B8A2B->ed5d81fa-aaf0-49db-aa57-acca1dd387bd@group-729F0664FEA8, cid=982, SUCCESS, logIndex=1437, commits[ed5d81fa-aaf0-49db-aa57-acca1dd387bd:c1440]
2019-09-10 22:11:54,207 [grpc-default-executor-1] INFO  client.GrpcClientProtocolClient (GrpcClientProtocolClient.java:onNext(255)) - client-0C76110B8A2B->ed5d81fa-aaf0-49db-aa57-acca1dd387bd: receive RaftClientReply:client-0C76110B8A2B->ed5d81fa-aaf0-49db-aa57-acca1dd387bd@group-729F0664FEA8, cid=983, SUCCESS, logIndex=1438, commits[ed5d81fa-aaf0-49db-aa57-acca1dd387bd:c1440]
2019-09-10 22:11:54,208 [grpc-default-executor-1] INFO  client.GrpcClientProtocolClient (GrpcClientProtocolClient.java:onNext(255)) - client-0C76110B8A2B->ed5d81fa-aaf0-49db-aa57-acca1dd387bd: receive RaftClientReply:client-0C76110B8A2B->ed5d81fa-aaf0-49db-aa57-acca1dd387bd@group-729F0664FEA8, cid=984, SUCCESS, logIndex=1439, commits[ed5d81fa-aaf0-49db-aa57-acca1dd387bd:c1440]
2019-09-10 22:11:54,229 [SCMBlockDeletingService#1] DEBUG block.SCMBlockDeletingService (SCMBlockDeletingService.java:call(138)) - Running DeletedBlockTransactionScanner
2019-09-10 22:11:54,229 [SCMBlockDeletingService#1] DEBUG block.SCMBlockDeletingService (SCMBlockDeletingService.java:call(155)) - Scanned deleted blocks log and got 0 delTX to process.
2019-09-10 22:11:54,234 [grpc-default-executor-1] INFO  client.GrpcClientProtocolClient (GrpcClientProtocolClient.java:onNext(255)) - client-0C76110B8A2B->ed5d81fa-aaf0-49db-aa57-acca1dd387bd: receive RaftClientReply:client-0C76110B8A2B->ed5d81fa-aaf0-49db-aa57-acca1dd387bd@group-729F0664FEA8, cid=985, SUCCESS, logIndex=1441, commits[ed5d81fa-aaf0-49db-aa57-acca1dd387bd:c1442]
2019-09-10 22:11:54,234 [grpc-default-executor-1] INFO  client.GrpcClientProtocolClient (GrpcClientProtocolClient.java:onNext(255)) - client-0C76110B8A2B->ed5d81fa-aaf0-49db-aa57-acca1dd387bd: receive RaftClientReply:client-0C76110B8A2B->ed5d81fa-aaf0-49db-aa57-acca1dd387bd@group-729F0664FEA8, cid=986, SUCCESS, logIndex=1442, commits[ed5d81fa-aaf0-49db-aa57-acca1dd387bd:c1444]
2019-09-10 22:11:54,235 [grpc-default-executor-1] INFO  client.GrpcClientProtocolClient (GrpcClientProtocolClient.java:onNext(255)) - client-0C76110B8A2B->ed5d81fa-aaf0-49db-aa57-acca1dd387bd: receive RaftClientReply:client-0C76110B8A2B->ed5d81fa-aaf0-49db-aa57-acca1dd387bd@group-729F0664FEA8, cid=987, SUCCESS, logIndex=1443, commits[ed5d81fa-aaf0-49db-aa57-acca1dd387bd:c1445]
2019-09-10 22:11:54,235 [grpc-default-executor-1] INFO  client.GrpcClientProtocolClient (GrpcClientProtocolClient.java:onNext(255)) - client-0C76110B8A2B->ed5d81fa-aaf0-49db-aa57-acca1dd387bd: receive RaftClientReply:client-0C76110B8A2B->ed5d81fa-aaf0-49db-aa57-acca1dd387bd@group-729F0664FEA8, cid=988, SUCCESS, logIndex=1444, commits[ed5d81fa-aaf0-49db-aa57-acca1dd387bd:c1445]
2019-09-10 22:11:54,256 [grpc-default-executor-1] INFO  client.GrpcClientProtocolClient (GrpcClientProtocolClient.java:onNext(255)) - client-0C76110B8A2B->ed5d81fa-aaf0-49db-aa57-acca1dd387bd: receive RaftClientReply:client-0C76110B8A2B->ed5d81fa-aaf0-49db-aa57-acca1dd387bd@group-729F0664FEA8, cid=989, SUCCESS, logIndex=1447, commits[ed5d81fa-aaf0-49db-aa57-acca1dd387bd:c1450]
2019-09-10 22:11:54,256 [grpc-default-executor-1] INFO  client.GrpcClientProtocolClient (GrpcClientProtocolClient.java:onNext(255)) - client-0C76110B8A2B->ed5d81fa-aaf0-49db-aa57-acca1dd387bd: receive RaftClientReply:client-0C76110B8A2B->ed5d81fa-aaf0-49db-aa57-acca1dd387bd@group-729F0664FEA8, cid=990, SUCCESS, logIndex=1448, commits[ed5d81fa-aaf0-49db-aa57-acca1dd387bd:c1451]
2019-09-10 22:11:54,257 [grpc-default-executor-1] INFO  client.GrpcClientProtocolClient (GrpcClientProtocolClient.java:onNext(255)) - client-0C76110B8A2B->ed5d81fa-aaf0-49db-aa57-acca1dd387bd: receive RaftClientReply:client-0C76110B8A2B->ed5d81fa-aaf0-49db-aa57-acca1dd387bd@group-729F0664FEA8, cid=991, SUCCESS, logIndex=1449, commits[ed5d81fa-aaf0-49db-aa57-acca1dd387bd:c1451]
2019-09-10 22:11:54,257 [grpc-default-executor-1] INFO  client.GrpcClientProtocolClient (GrpcClientProtocolClient.java:onNext(255)) - client-0C76110B8A2B->ed5d81fa-aaf0-49db-aa57-acca1dd387bd: receive RaftClientReply:client-0C76110B8A2B->ed5d81fa-aaf0-49db-aa57-acca1dd387bd@group-729F0664FEA8, cid=992, SUCCESS, logIndex=1450, commits[ed5d81fa-aaf0-49db-aa57-acca1dd387bd:c1451]
2019-09-10 22:11:54,285 [grpc-default-executor-0] INFO  client.GrpcClientProtocolClient (GrpcClientProtocolClient.java:onNext(255)) - client-0C76110B8A2B->ed5d81fa-aaf0-49db-aa57-acca1dd387bd: receive RaftClientReply:client-0C76110B8A2B->ed5d81fa-aaf0-49db-aa57-acca1dd387bd@group-729F0664FEA8, cid=993, SUCCESS, logIndex=1452, commits[ed5d81fa-aaf0-49db-aa57-acca1dd387bd:c1455]
2019-09-10 22:11:54,285 [grpc-default-executor-0] INFO  client.GrpcClientProtocolClient (GrpcClientProtocolClient.java:onNext(255)) - client-0C76110B8A2B->ed5d81fa-aaf0-49db-aa57-acca1dd387bd: receive RaftClientReply:client-0C76110B8A2B->ed5d81fa-aaf0-49db-aa57-acca1dd387bd@group-729F0664FEA8, cid=994, SUCCESS, logIndex=1453, commits[ed5d81fa-aaf0-49db-aa57-acca1dd387bd:c1456]
2019-09-10 22:11:54,285 [grpc-default-executor-0] INFO  client.GrpcClientProtocolClient (GrpcClientProtocolClient.java:onNext(255)) - client-0C76110B8A2B->ed5d81fa-aaf0-49db-aa57-acca1dd387bd: receive RaftClientReply:client-0C76110B8A2B->ed5d81fa-aaf0-49db-aa57-acca1dd387bd@group-729F0664FEA8, cid=995, SUCCESS, logIndex=1454, commits[ed5d81fa-aaf0-49db-aa57-acca1dd387bd:c1456]
2019-09-10 22:11:54,286 [grpc-default-executor-0] INFO  client.GrpcClientProtocolClient (GrpcClientProtocolClient.java:onNext(255)) - client-0C76110B8A2B->ed5d81fa-aaf0-49db-aa57-acca1dd387bd: receive RaftClientReply:client-0C76110B8A2B->ed5d81fa-aaf0-49db-aa57-acca1dd387bd@group-729F0664FEA8, cid=996, SUCCESS, logIndex=1455, commits[ed5d81fa-aaf0-49db-aa57-acca1dd387bd:c1456]
2019-09-10 22:11:54,305 [grpc-default-executor-1] INFO  client.GrpcClientProtocolClient (GrpcClientProtocolClient.java:onNext(255)) - client-0C76110B8A2B->ed5d81fa-aaf0-49db-aa57-acca1dd387bd: receive RaftClientReply:client-0C76110B8A2B->ed5d81fa-aaf0-49db-aa57-acca1dd387bd@group-729F0664FEA8, cid=997, SUCCESS, logIndex=1457, commits[ed5d81fa-aaf0-49db-aa57-acca1dd387bd:c1458]
2019-09-10 22:11:54,305 [grpc-default-executor-1] INFO  client.GrpcClientProtocolClient (GrpcClientProtocolClient.java:onNext(255)) - client-0C76110B8A2B->ed5d81fa-aaf0-49db-aa57-acca1dd387bd: receive RaftClientReply:client-0C76110B8A2B->ed5d81fa-aaf0-49db-aa57-acca1dd387bd@group-729F0664FEA8, cid=998, SUCCESS, logIndex=1458, commits[ed5d81fa-aaf0-49db-aa57-acca1dd387bd:c1460]
2019-09-10 22:11:54,306 [grpc-default-executor-1] INFO  client.GrpcClientProtocolClient (GrpcClientProtocolClient.java:onNext(255)) - client-0C76110B8A2B->ed5d81fa-aaf0-49db-aa57-acca1dd387bd: receive RaftClientReply:client-0C76110B8A2B->ed5d81fa-aaf0-49db-aa57-acca1dd387bd@group-729F0664FEA8, cid=999, SUCCESS, logIndex=1459, commits[ed5d81fa-aaf0-49db-aa57-acca1dd387bd:c1460]
2019-09-10 22:11:54,306 [grpc-default-executor-1] INFO  client.GrpcClientProtocolClient (GrpcClientProtocolClient.java:onNext(255)) - client-0C76110B8A2B->ed5d81fa-aaf0-49db-aa57-acca1dd387bd: receive RaftClientReply:client-0C76110B8A2B->ed5d81fa-aaf0-49db-aa57-acca1dd387bd@group-729F0664FEA8, cid=1000, SUCCESS, logIndex=1460, commits[ed5d81fa-aaf0-49db-aa57-acca1dd387bd:c1461]
2019-09-10 22:11:54,329 [SCMBlockDeletingService#1] DEBUG block.SCMBlockDeletingService (SCMBlockDeletingService.java:call(138)) - Running DeletedBlockTransactionScanner
2019-09-10 22:11:54,330 [SCMBlockDeletingService#1] DEBUG block.SCMBlockDeletingService (SCMBlockDeletingService.java:call(155)) - Scanned deleted blocks log and got 0 delTX to process.
2019-09-10 22:11:54,330 [grpc-default-executor-0] INFO  client.GrpcClientProtocolClient (GrpcClientProtocolClient.java:onNext(255)) - client-0C76110B8A2B->ed5d81fa-aaf0-49db-aa57-acca1dd387bd: receive RaftClientReply:client-0C76110B8A2B->ed5d81fa-aaf0-49db-aa57-acca1dd387bd@group-729F0664FEA8, cid=1001, SUCCESS, logIndex=1463, commits[ed5d81fa-aaf0-49db-aa57-acca1dd387bd:c1466]
2019-09-10 22:11:54,330 [grpc-default-executor-0] INFO  client.GrpcClientProtocolClient (GrpcClientProtocolClient.java:onNext(255)) - client-0C76110B8A2B->ed5d81fa-aaf0-49db-aa57-acca1dd387bd: receive RaftClientReply:client-0C76110B8A2B->ed5d81fa-aaf0-49db-aa57-acca1dd387bd@group-729F0664FEA8, cid=1002, SUCCESS, logIndex=1464, commits[ed5d81fa-aaf0-49db-aa57-acca1dd387bd:c1467]
2019-09-10 22:11:54,331 [grpc-default-executor-0] INFO  client.GrpcClientProtocolClient (GrpcClientProtocolClient.java:onNext(255)) - client-0C76110B8A2B->ed5d81fa-aaf0-49db-aa57-acca1dd387bd: receive RaftClientReply:client-0C76110B8A2B->ed5d81fa-aaf0-49db-aa57-acca1dd387bd@group-729F0664FEA8, cid=1003, SUCCESS, logIndex=1465, commits[ed5d81fa-aaf0-49db-aa57-acca1dd387bd:c1467]
2019-09-10 22:11:54,332 [grpc-default-executor-0] INFO  client.GrpcClientProtocolClient (GrpcClientProtocolClient.java:onNext(255)) - client-0C76110B8A2B->ed5d81fa-aaf0-49db-aa57-acca1dd387bd: receive RaftClientReply:client-0C76110B8A2B->ed5d81fa-aaf0-49db-aa57-acca1dd387bd@group-729F0664FEA8, cid=1004, SUCCESS, logIndex=1466, commits[ed5d81fa-aaf0-49db-aa57-acca1dd387bd:c1468]
2019-09-10 22:11:54,352 [grpc-default-executor-0] INFO  client.GrpcClientProtocolClient (GrpcClientProtocolClient.java:onNext(255)) - client-0C76110B8A2B->ed5d81fa-aaf0-49db-aa57-acca1dd387bd: receive RaftClientReply:client-0C76110B8A2B->ed5d81fa-aaf0-49db-aa57-acca1dd387bd@group-729F0664FEA8, cid=1005, SUCCESS, logIndex=1469, commits[ed5d81fa-aaf0-49db-aa57-acca1dd387bd:c1472]
2019-09-10 22:11:54,353 [grpc-default-executor-0] INFO  client.GrpcClientProtocolClient (GrpcClientProtocolClient.java:onNext(255)) - client-0C76110B8A2B->ed5d81fa-aaf0-49db-aa57-acca1dd387bd: receive RaftClientReply:client-0C76110B8A2B->ed5d81fa-aaf0-49db-aa57-acca1dd387bd@group-729F0664FEA8, cid=1006, SUCCESS, logIndex=1470, commits[ed5d81fa-aaf0-49db-aa57-acca1dd387bd:c1473]
2019-09-10 22:11:54,353 [grpc-default-executor-0] INFO  client.GrpcClientProtocolClient (GrpcClientProtocolClient.java:onNext(255)) - client-0C76110B8A2B->ed5d81fa-aaf0-49db-aa57-acca1dd387bd: receive RaftClientReply:client-0C76110B8A2B->ed5d81fa-aaf0-49db-aa57-acca1dd387bd@group-729F0664FEA8, cid=1007, SUCCESS, logIndex=1471, commits[ed5d81fa-aaf0-49db-aa57-acca1dd387bd:c1473]
2019-09-10 22:11:54,354 [grpc-default-executor-0] INFO  client.GrpcClientProtocolClient (GrpcClientProtocolClient.java:onNext(255)) - client-0C76110B8A2B->ed5d81fa-aaf0-49db-aa57-acca1dd387bd: receive RaftClientReply:client-0C76110B8A2B->ed5d81fa-aaf0-49db-aa57-acca1dd387bd@group-729F0664FEA8, cid=1008, SUCCESS, logIndex=1472, commits[ed5d81fa-aaf0-49db-aa57-acca1dd387bd:c1473]
2019-09-10 22:11:54,377 [grpc-default-executor-0] INFO  client.GrpcClientProtocolClient (GrpcClientProtocolClient.java:onNext(255)) - client-0C76110B8A2B->ed5d81fa-aaf0-49db-aa57-acca1dd387bd: receive RaftClientReply:client-0C76110B8A2B->ed5d81fa-aaf0-49db-aa57-acca1dd387bd@group-729F0664FEA8, cid=1009, SUCCESS, logIndex=1474, commits[ed5d81fa-aaf0-49db-aa57-acca1dd387bd:c1477]
2019-09-10 22:11:54,378 [grpc-default-executor-0] INFO  client.GrpcClientProtocolClient (GrpcClientProtocolClient.java:onNext(255)) - client-0C76110B8A2B->ed5d81fa-aaf0-49db-aa57-acca1dd387bd: receive RaftClientReply:client-0C76110B8A2B->ed5d81fa-aaf0-49db-aa57-acca1dd387bd@group-729F0664FEA8, cid=1010, SUCCESS, logIndex=1475, commits[ed5d81fa-aaf0-49db-aa57-acca1dd387bd:c1478]
2019-09-10 22:11:54,378 [grpc-default-executor-0] INFO  client.GrpcClientProtocolClient (GrpcClientProtocolClient.java:onNext(255)) - client-0C76110B8A2B->ed5d81fa-aaf0-49db-aa57-acca1dd387bd: receive RaftClientReply:client-0C76110B8A2B->ed5d81fa-aaf0-49db-aa57-acca1dd387bd@group-729F0664FEA8, cid=1011, SUCCESS, logIndex=1476, commits[ed5d81fa-aaf0-49db-aa57-acca1dd387bd:c1478]
2019-09-10 22:11:54,379 [grpc-default-executor-0] INFO  client.GrpcClientProtocolClient (GrpcClientProtocolClient.java:onNext(255)) - client-0C76110B8A2B->ed5d81fa-aaf0-49db-aa57-acca1dd387bd: receive RaftClientReply:client-0C76110B8A2B->ed5d81fa-aaf0-49db-aa57-acca1dd387bd@group-729F0664FEA8, cid=1012, SUCCESS, logIndex=1477, commits[ed5d81fa-aaf0-49db-aa57-acca1dd387bd:c1479]
2019-09-10 22:11:54,387 [grpc-default-executor-0] INFO  client.GrpcClientProtocolClient (GrpcClientProtocolClient.java:onNext(255)) - client-0C76110B8A2B->ed5d81fa-aaf0-49db-aa57-acca1dd387bd: receive RaftClientReply:client-0C76110B8A2B->ed5d81fa-aaf0-49db-aa57-acca1dd387bd@group-729F0664FEA8, cid=1013, SUCCESS, logIndex=1480, commits[ed5d81fa-aaf0-49db-aa57-acca1dd387bd:c1481]
2019-09-10 22:11:54,387 [grpc-default-executor-0] INFO  client.GrpcClientProtocolClient (GrpcClientProtocolClient.java:onNext(255)) - client-0C76110B8A2B->ed5d81fa-aaf0-49db-aa57-acca1dd387bd: receive RaftClientReply:client-0C76110B8A2B->ed5d81fa-aaf0-49db-aa57-acca1dd387bd@group-729F0664FEA8, cid=1014, SUCCESS, logIndex=1481, commits[ed5d81fa-aaf0-49db-aa57-acca1dd387bd:c1481]
2019-09-10 22:11:54,388 [grpc-default-executor-0] INFO  client.GrpcClientProtocolClient (GrpcClientProtocolClient.java:onNext(255)) - client-0C76110B8A2B->ed5d81fa-aaf0-49db-aa57-acca1dd387bd: receive RaftClientReply:client-0C76110B8A2B->ed5d81fa-aaf0-49db-aa57-acca1dd387bd@group-729F0664FEA8, cid=1015, SUCCESS, logIndex=1482, commits[ed5d81fa-aaf0-49db-aa57-acca1dd387bd:c1484]
2019-09-10 22:11:54,389 [grpc-default-executor-0] INFO  client.GrpcClientProtocolClient (GrpcClientProtocolClient.java:onNext(255)) - client-0C76110B8A2B->ed5d81fa-aaf0-49db-aa57-acca1dd387bd: receive RaftClientReply:client-0C76110B8A2B->ed5d81fa-aaf0-49db-aa57-acca1dd387bd@group-729F0664FEA8, cid=1016, SUCCESS, logIndex=1483, commits[ed5d81fa-aaf0-49db-aa57-acca1dd387bd:c1484]
2019-09-10 22:11:54,430 [SCMBlockDeletingService#1] DEBUG block.SCMBlockDeletingService (SCMBlockDeletingService.java:call(138)) - Running DeletedBlockTransactionScanner
2019-09-10 22:11:54,430 [SCMBlockDeletingService#1] DEBUG block.SCMBlockDeletingService (SCMBlockDeletingService.java:call(155)) - Scanned deleted blocks log and got 0 delTX to process.
2019-09-10 22:11:54,530 [SCMBlockDeletingService#1] DEBUG block.SCMBlockDeletingService (SCMBlockDeletingService.java:call(138)) - Running DeletedBlockTransactionScanner
2019-09-10 22:11:54,531 [SCMBlockDeletingService#1] DEBUG block.SCMBlockDeletingService (SCMBlockDeletingService.java:call(155)) - Scanned deleted blocks log and got 0 delTX to process.
2019-09-10 22:11:54,532 [grpc-default-executor-1] INFO  client.GrpcClientProtocolClient (GrpcClientProtocolClient.java:onNext(255)) - client-0C76110B8A2B->ed5d81fa-aaf0-49db-aa57-acca1dd387bd: receive RaftClientReply:client-0C76110B8A2B->ed5d81fa-aaf0-49db-aa57-acca1dd387bd@group-729F0664FEA8, cid=1017, SUCCESS, logIndex=1485, commits[ed5d81fa-aaf0-49db-aa57-acca1dd387bd:c1488]
2019-09-10 22:11:54,533 [grpc-default-executor-1] INFO  client.GrpcClientProtocolClient (GrpcClientProtocolClient.java:onNext(255)) - client-0C76110B8A2B->ed5d81fa-aaf0-49db-aa57-acca1dd387bd: receive RaftClientReply:client-0C76110B8A2B->ed5d81fa-aaf0-49db-aa57-acca1dd387bd@group-729F0664FEA8, cid=1018, SUCCESS, logIndex=1486, commits[ed5d81fa-aaf0-49db-aa57-acca1dd387bd:c1489]
2019-09-10 22:11:54,533 [grpc-default-executor-1] INFO  client.GrpcClientProtocolClient (GrpcClientProtocolClient.java:onNext(255)) - client-0C76110B8A2B->ed5d81fa-aaf0-49db-aa57-acca1dd387bd: receive RaftClientReply:client-0C76110B8A2B->ed5d81fa-aaf0-49db-aa57-acca1dd387bd@group-729F0664FEA8, cid=1019, SUCCESS, logIndex=1487, commits[ed5d81fa-aaf0-49db-aa57-acca1dd387bd:c1489]
2019-09-10 22:11:54,533 [grpc-default-executor-1] INFO  client.GrpcClientProtocolClient (GrpcClientProtocolClient.java:onNext(255)) - client-0C76110B8A2B->ed5d81fa-aaf0-49db-aa57-acca1dd387bd: receive RaftClientReply:client-0C76110B8A2B->ed5d81fa-aaf0-49db-aa57-acca1dd387bd@group-729F0664FEA8, cid=1020, SUCCESS, logIndex=1488, commits[ed5d81fa-aaf0-49db-aa57-acca1dd387bd:c1489]
2019-09-10 22:11:54,556 [grpc-default-executor-0] INFO  client.GrpcClientProtocolClient (GrpcClientProtocolClient.java:onNext(255)) - client-0C76110B8A2B->ed5d81fa-aaf0-49db-aa57-acca1dd387bd: receive RaftClientReply:client-0C76110B8A2B->ed5d81fa-aaf0-49db-aa57-acca1dd387bd@group-729F0664FEA8, cid=1021, SUCCESS, logIndex=1490, commits[ed5d81fa-aaf0-49db-aa57-acca1dd387bd:c1493]
2019-09-10 22:11:54,556 [grpc-default-executor-0] INFO  client.GrpcClientProtocolClient (GrpcClientProtocolClient.java:onNext(255)) - client-0C76110B8A2B->ed5d81fa-aaf0-49db-aa57-acca1dd387bd: receive RaftClientReply:client-0C76110B8A2B->ed5d81fa-aaf0-49db-aa57-acca1dd387bd@group-729F0664FEA8, cid=1022, SUCCESS, logIndex=1491, commits[ed5d81fa-aaf0-49db-aa57-acca1dd387bd:c1494]
2019-09-10 22:11:54,557 [grpc-default-executor-0] INFO  client.GrpcClientProtocolClient (GrpcClientProtocolClient.java:onNext(255)) - client-0C76110B8A2B->ed5d81fa-aaf0-49db-aa57-acca1dd387bd: receive RaftClientReply:client-0C76110B8A2B->ed5d81fa-aaf0-49db-aa57-acca1dd387bd@group-729F0664FEA8, cid=1023, SUCCESS, logIndex=1492, commits[ed5d81fa-aaf0-49db-aa57-acca1dd387bd:c1494]
2019-09-10 22:11:54,557 [grpc-default-executor-0] INFO  client.GrpcClientProtocolClient (GrpcClientProtocolClient.java:onNext(255)) - client-0C76110B8A2B->ed5d81fa-aaf0-49db-aa57-acca1dd387bd: receive RaftClientReply:client-0C76110B8A2B->ed5d81fa-aaf0-49db-aa57-acca1dd387bd@group-729F0664FEA8, cid=1024, SUCCESS, logIndex=1493, commits[ed5d81fa-aaf0-49db-aa57-acca1dd387bd:c1494]
2019-09-10 22:11:54,585 [grpc-default-executor-0] INFO  client.GrpcClientProtocolClient (GrpcClientProtocolClient.java:onNext(255)) - client-0C76110B8A2B->ed5d81fa-aaf0-49db-aa57-acca1dd387bd: receive RaftClientReply:client-0C76110B8A2B->ed5d81fa-aaf0-49db-aa57-acca1dd387bd@group-729F0664FEA8, cid=1025, SUCCESS, logIndex=1495, commits[ed5d81fa-aaf0-49db-aa57-acca1dd387bd:c1498]
2019-09-10 22:11:54,586 [grpc-default-executor-0] INFO  client.GrpcClientProtocolClient (GrpcClientProtocolClient.java:onNext(255)) - client-0C76110B8A2B->ed5d81fa-aaf0-49db-aa57-acca1dd387bd: receive RaftClientReply:client-0C76110B8A2B->ed5d81fa-aaf0-49db-aa57-acca1dd387bd@group-729F0664FEA8, cid=1026, SUCCESS, logIndex=1496, commits[ed5d81fa-aaf0-49db-aa57-acca1dd387bd:c1499]
2019-09-10 22:11:54,586 [grpc-default-executor-0] INFO  client.GrpcClientProtocolClient (GrpcClientProtocolClient.java:onNext(255)) - client-0C76110B8A2B->ed5d81fa-aaf0-49db-aa57-acca1dd387bd: receive RaftClientReply:client-0C76110B8A2B->ed5d81fa-aaf0-49db-aa57-acca1dd387bd@group-729F0664FEA8, cid=1027, SUCCESS, logIndex=1497, commits[ed5d81fa-aaf0-49db-aa57-acca1dd387bd:c1499]
2019-09-10 22:11:54,586 [grpc-default-executor-0] INFO  client.GrpcClientProtocolClient (GrpcClientProtocolClient.java:onNext(255)) - client-0C76110B8A2B->ed5d81fa-aaf0-49db-aa57-acca1dd387bd: receive RaftClientReply:client-0C76110B8A2B->ed5d81fa-aaf0-49db-aa57-acca1dd387bd@group-729F0664FEA8, cid=1028, SUCCESS, logIndex=1498, commits[ed5d81fa-aaf0-49db-aa57-acca1dd387bd:c1499]
2019-09-10 22:11:54,606 [grpc-default-executor-0] INFO  client.GrpcClientProtocolClient (GrpcClientProtocolClient.java:onNext(255)) - client-0C76110B8A2B->ed5d81fa-aaf0-49db-aa57-acca1dd387bd: receive RaftClientReply:client-0C76110B8A2B->ed5d81fa-aaf0-49db-aa57-acca1dd387bd@group-729F0664FEA8, cid=1029, SUCCESS, logIndex=1500, commits[ed5d81fa-aaf0-49db-aa57-acca1dd387bd:c1503]
2019-09-10 22:11:54,607 [grpc-default-executor-0] INFO  client.GrpcClientProtocolClient (GrpcClientProtocolClient.java:onNext(255)) - client-0C76110B8A2B->ed5d81fa-aaf0-49db-aa57-acca1dd387bd: receive RaftClientReply:client-0C76110B8A2B->ed5d81fa-aaf0-49db-aa57-acca1dd387bd@group-729F0664FEA8, cid=1030, SUCCESS, logIndex=1501, commits[ed5d81fa-aaf0-49db-aa57-acca1dd387bd:c1504]
2019-09-10 22:11:54,607 [grpc-default-executor-0] INFO  client.GrpcClientProtocolClient (GrpcClientProtocolClient.java:onNext(255)) - client-0C76110B8A2B->ed5d81fa-aaf0-49db-aa57-acca1dd387bd: receive RaftClientReply:client-0C76110B8A2B->ed5d81fa-aaf0-49db-aa57-acca1dd387bd@group-729F0664FEA8, cid=1031, SUCCESS, logIndex=1502, commits[ed5d81fa-aaf0-49db-aa57-acca1dd387bd:c1504]
2019-09-10 22:11:54,607 [grpc-default-executor-0] INFO  client.GrpcClientProtocolClient (GrpcClientProtocolClient.java:onNext(255)) - client-0C76110B8A2B->ed5d81fa-aaf0-49db-aa57-acca1dd387bd: receive RaftClientReply:client-0C76110B8A2B->ed5d81fa-aaf0-49db-aa57-acca1dd387bd@group-729F0664FEA8, cid=1032, SUCCESS, logIndex=1503, commits[ed5d81fa-aaf0-49db-aa57-acca1dd387bd:c1504]
2019-09-10 22:11:54,631 [SCMBlockDeletingService#1] DEBUG block.SCMBlockDeletingService (SCMBlockDeletingService.java:call(138)) - Running DeletedBlockTransactionScanner
2019-09-10 22:11:54,631 [SCMBlockDeletingService#1] DEBUG block.SCMBlockDeletingService (SCMBlockDeletingService.java:call(155)) - Scanned deleted blocks log and got 0 delTX to process.
2019-09-10 22:11:54,633 [grpc-default-executor-0] INFO  client.GrpcClientProtocolClient (GrpcClientProtocolClient.java:onNext(255)) - client-0C76110B8A2B->ed5d81fa-aaf0-49db-aa57-acca1dd387bd: receive RaftClientReply:client-0C76110B8A2B->ed5d81fa-aaf0-49db-aa57-acca1dd387bd@group-729F0664FEA8, cid=1033, SUCCESS, logIndex=1505, commits[ed5d81fa-aaf0-49db-aa57-acca1dd387bd:c1506]
2019-09-10 22:11:54,635 [grpc-default-executor-0] INFO  client.GrpcClientProtocolClient (GrpcClientProtocolClient.java:onNext(255)) - client-0C76110B8A2B->ed5d81fa-aaf0-49db-aa57-acca1dd387bd: receive RaftClientReply:client-0C76110B8A2B->ed5d81fa-aaf0-49db-aa57-acca1dd387bd@group-729F0664FEA8, cid=1034, SUCCESS, logIndex=1506, commits[ed5d81fa-aaf0-49db-aa57-acca1dd387bd:c1508]
2019-09-10 22:11:54,635 [grpc-default-executor-0] INFO  client.GrpcClientProtocolClient (GrpcClientProtocolClient.java:onNext(255)) - client-0C76110B8A2B->ed5d81fa-aaf0-49db-aa57-acca1dd387bd: receive RaftClientReply:client-0C76110B8A2B->ed5d81fa-aaf0-49db-aa57-acca1dd387bd@group-729F0664FEA8, cid=1035, SUCCESS, logIndex=1507, commits[ed5d81fa-aaf0-49db-aa57-acca1dd387bd:c1508]
2019-09-10 22:11:54,636 [grpc-default-executor-0] INFO  client.GrpcClientProtocolClient (GrpcClientProtocolClient.java:onNext(255)) - client-0C76110B8A2B->ed5d81fa-aaf0-49db-aa57-acca1dd387bd: receive RaftClientReply:client-0C76110B8A2B->ed5d81fa-aaf0-49db-aa57-acca1dd387bd@group-729F0664FEA8, cid=1036, SUCCESS, logIndex=1508, commits[ed5d81fa-aaf0-49db-aa57-acca1dd387bd:c1508]
2019-09-10 22:11:54,657 [grpc-default-executor-1] INFO  client.GrpcClientProtocolClient (GrpcClientProtocolClient.java:onNext(255)) - client-0C76110B8A2B->ed5d81fa-aaf0-49db-aa57-acca1dd387bd: receive RaftClientReply:client-0C76110B8A2B->ed5d81fa-aaf0-49db-aa57-acca1dd387bd@group-729F0664FEA8, cid=1037, SUCCESS, logIndex=1511, commits[ed5d81fa-aaf0-49db-aa57-acca1dd387bd:c1514]
2019-09-10 22:11:54,657 [grpc-default-executor-1] INFO  client.GrpcClientProtocolClient (GrpcClientProtocolClient.java:onNext(255)) - client-0C76110B8A2B->ed5d81fa-aaf0-49db-aa57-acca1dd387bd: receive RaftClientReply:client-0C76110B8A2B->ed5d81fa-aaf0-49db-aa57-acca1dd387bd@group-729F0664FEA8, cid=1038, SUCCESS, logIndex=1512, commits[ed5d81fa-aaf0-49db-aa57-acca1dd387bd:c1515]
2019-09-10 22:11:54,658 [grpc-default-executor-1] INFO  client.GrpcClientProtocolClient (GrpcClientProtocolClient.java:onNext(255)) - client-0C76110B8A2B->ed5d81fa-aaf0-49db-aa57-acca1dd387bd: receive RaftClientReply:client-0C76110B8A2B->ed5d81fa-aaf0-49db-aa57-acca1dd387bd@group-729F0664FEA8, cid=1039, SUCCESS, logIndex=1513, commits[ed5d81fa-aaf0-49db-aa57-acca1dd387bd:c1515]
2019-09-10 22:11:54,658 [grpc-default-executor-1] INFO  client.GrpcClientProtocolClient (GrpcClientProtocolClient.java:onNext(255)) - client-0C76110B8A2B->ed5d81fa-aaf0-49db-aa57-acca1dd387bd: receive RaftClientReply:client-0C76110B8A2B->ed5d81fa-aaf0-49db-aa57-acca1dd387bd@group-729F0664FEA8, cid=1040, SUCCESS, logIndex=1514, commits[ed5d81fa-aaf0-49db-aa57-acca1dd387bd:c1515]
2019-09-10 22:11:54,684 [grpc-default-executor-0] INFO  client.GrpcClientProtocolClient (GrpcClientProtocolClient.java:onNext(255)) - client-0C76110B8A2B->ed5d81fa-aaf0-49db-aa57-acca1dd387bd: receive RaftClientReply:client-0C76110B8A2B->ed5d81fa-aaf0-49db-aa57-acca1dd387bd@group-729F0664FEA8, cid=1041, SUCCESS, logIndex=1516, commits[ed5d81fa-aaf0-49db-aa57-acca1dd387bd:c1519]
2019-09-10 22:11:54,685 [grpc-default-executor-0] INFO  client.GrpcClientProtocolClient (GrpcClientProtocolClient.java:onNext(255)) - client-0C76110B8A2B->ed5d81fa-aaf0-49db-aa57-acca1dd387bd: receive RaftClientReply:client-0C76110B8A2B->ed5d81fa-aaf0-49db-aa57-acca1dd387bd@group-729F0664FEA8, cid=1042, SUCCESS, logIndex=1517, commits[ed5d81fa-aaf0-49db-aa57-acca1dd387bd:c1520]
2019-09-10 22:11:54,685 [grpc-default-executor-0] INFO  client.GrpcClientProtocolClient (GrpcClientProtocolClient.java:onNext(255)) - client-0C76110B8A2B->ed5d81fa-aaf0-49db-aa57-acca1dd387bd: receive RaftClientReply:client-0C76110B8A2B->ed5d81fa-aaf0-49db-aa57-acca1dd387bd@group-729F0664FEA8, cid=1043, SUCCESS, logIndex=1518, commits[ed5d81fa-aaf0-49db-aa57-acca1dd387bd:c1521]
2019-09-10 22:11:54,686 [grpc-default-executor-0] INFO  client.GrpcClientProtocolClient (GrpcClientProtocolClient.java:onNext(255)) - client-0C76110B8A2B->ed5d81fa-aaf0-49db-aa57-acca1dd387bd: receive RaftClientReply:client-0C76110B8A2B->ed5d81fa-aaf0-49db-aa57-acca1dd387bd@group-729F0664FEA8, cid=1044, SUCCESS, logIndex=1519, commits[ed5d81fa-aaf0-49db-aa57-acca1dd387bd:c1521]
2019-09-10 22:11:54,706 [grpc-default-executor-0] INFO  client.GrpcClientProtocolClient (GrpcClientProtocolClient.java:onNext(255)) - client-0C76110B8A2B->ed5d81fa-aaf0-49db-aa57-acca1dd387bd: receive RaftClientReply:client-0C76110B8A2B->ed5d81fa-aaf0-49db-aa57-acca1dd387bd@group-729F0664FEA8, cid=1045, SUCCESS, logIndex=1522, commits[ed5d81fa-aaf0-49db-aa57-acca1dd387bd:c1523]
2019-09-10 22:11:54,707 [grpc-default-executor-0] INFO  client.GrpcClientProtocolClient (GrpcClientProtocolClient.java:onNext(255)) - client-0C76110B8A2B->ed5d81fa-aaf0-49db-aa57-acca1dd387bd: receive RaftClientReply:client-0C76110B8A2B->ed5d81fa-aaf0-49db-aa57-acca1dd387bd@group-729F0664FEA8, cid=1046, SUCCESS, logIndex=1523, commits[ed5d81fa-aaf0-49db-aa57-acca1dd387bd:c1525]
2019-09-10 22:11:54,707 [grpc-default-executor-0] INFO  client.GrpcClientProtocolClient (GrpcClientProtocolClient.java:onNext(255)) - client-0C76110B8A2B->ed5d81fa-aaf0-49db-aa57-acca1dd387bd: receive RaftClientReply:client-0C76110B8A2B->ed5d81fa-aaf0-49db-aa57-acca1dd387bd@group-729F0664FEA8, cid=1047, SUCCESS, logIndex=1524, commits[ed5d81fa-aaf0-49db-aa57-acca1dd387bd:c1526]
2019-09-10 22:11:54,708 [grpc-default-executor-0] INFO  client.GrpcClientProtocolClient (GrpcClientProtocolClient.java:onNext(255)) - client-0C76110B8A2B->ed5d81fa-aaf0-49db-aa57-acca1dd387bd: receive RaftClientReply:client-0C76110B8A2B->ed5d81fa-aaf0-49db-aa57-acca1dd387bd@group-729F0664FEA8, cid=1048, SUCCESS, logIndex=1525, commits[ed5d81fa-aaf0-49db-aa57-acca1dd387bd:c1527]
2019-09-10 22:11:54,793 [SCMBlockDeletingService#1] DEBUG block.SCMBlockDeletingService (SCMBlockDeletingService.java:call(138)) - Running DeletedBlockTransactionScanner
2019-09-10 22:11:54,793 [SCMBlockDeletingService#1] DEBUG block.SCMBlockDeletingService (SCMBlockDeletingService.java:call(155)) - Scanned deleted blocks log and got 0 delTX to process.
2019-09-10 22:11:54,812 [grpc-default-executor-0] INFO  client.GrpcClientProtocolClient (GrpcClientProtocolClient.java:onNext(255)) - client-0C76110B8A2B->ed5d81fa-aaf0-49db-aa57-acca1dd387bd: receive RaftClientReply:client-0C76110B8A2B->ed5d81fa-aaf0-49db-aa57-acca1dd387bd@group-729F0664FEA8, cid=1049, SUCCESS, logIndex=1528, commits[ed5d81fa-aaf0-49db-aa57-acca1dd387bd:c1529]
2019-09-10 22:11:54,813 [grpc-default-executor-0] INFO  client.GrpcClientProtocolClient (GrpcClientProtocolClient.java:onNext(255)) - client-0C76110B8A2B->ed5d81fa-aaf0-49db-aa57-acca1dd387bd: receive RaftClientReply:client-0C76110B8A2B->ed5d81fa-aaf0-49db-aa57-acca1dd387bd@group-729F0664FEA8, cid=1050, SUCCESS, logIndex=1529, commits[ed5d81fa-aaf0-49db-aa57-acca1dd387bd:c1531]
2019-09-10 22:11:54,814 [grpc-default-executor-0] INFO  client.GrpcClientProtocolClient (GrpcClientProtocolClient.java:onNext(255)) - client-0C76110B8A2B->ed5d81fa-aaf0-49db-aa57-acca1dd387bd: receive RaftClientReply:client-0C76110B8A2B->ed5d81fa-aaf0-49db-aa57-acca1dd387bd@group-729F0664FEA8, cid=1051, SUCCESS, logIndex=1530, commits[ed5d81fa-aaf0-49db-aa57-acca1dd387bd:c1532]
2019-09-10 22:11:54,814 [grpc-default-executor-0] INFO  client.GrpcClientProtocolClient (GrpcClientProtocolClient.java:onNext(255)) - client-0C76110B8A2B->ed5d81fa-aaf0-49db-aa57-acca1dd387bd: receive RaftClientReply:client-0C76110B8A2B->ed5d81fa-aaf0-49db-aa57-acca1dd387bd@group-729F0664FEA8, cid=1052, SUCCESS, logIndex=1531, commits[ed5d81fa-aaf0-49db-aa57-acca1dd387bd:c1533]
2019-09-10 22:11:54,854 [grpc-default-executor-1] INFO  client.GrpcClientProtocolClient (GrpcClientProtocolClient.java:onNext(255)) - client-0C76110B8A2B->ed5d81fa-aaf0-49db-aa57-acca1dd387bd: receive RaftClientReply:client-0C76110B8A2B->ed5d81fa-aaf0-49db-aa57-acca1dd387bd@group-729F0664FEA8, cid=1053, SUCCESS, logIndex=1534, commits[ed5d81fa-aaf0-49db-aa57-acca1dd387bd:c1535]
2019-09-10 22:11:54,855 [grpc-default-executor-1] INFO  client.GrpcClientProtocolClient (GrpcClientProtocolClient.java:onNext(255)) - client-0C76110B8A2B->ed5d81fa-aaf0-49db-aa57-acca1dd387bd: receive RaftClientReply:client-0C76110B8A2B->ed5d81fa-aaf0-49db-aa57-acca1dd387bd@group-729F0664FEA8, cid=1054, SUCCESS, logIndex=1535, commits[ed5d81fa-aaf0-49db-aa57-acca1dd387bd:c1538]
2019-09-10 22:11:54,855 [grpc-default-executor-1] INFO  client.GrpcClientProtocolClient (GrpcClientProtocolClient.java:onNext(255)) - client-0C76110B8A2B->ed5d81fa-aaf0-49db-aa57-acca1dd387bd: receive RaftClientReply:client-0C76110B8A2B->ed5d81fa-aaf0-49db-aa57-acca1dd387bd@group-729F0664FEA8, cid=1055, SUCCESS, logIndex=1536, commits[ed5d81fa-aaf0-49db-aa57-acca1dd387bd:c1539]
2019-09-10 22:11:54,856 [grpc-default-executor-1] INFO  client.GrpcClientProtocolClient (GrpcClientProtocolClient.java:onNext(255)) - client-0C76110B8A2B->ed5d81fa-aaf0-49db-aa57-acca1dd387bd: receive RaftClientReply:client-0C76110B8A2B->ed5d81fa-aaf0-49db-aa57-acca1dd387bd@group-729F0664FEA8, cid=1056, SUCCESS, logIndex=1537, commits[ed5d81fa-aaf0-49db-aa57-acca1dd387bd:c1539]
2019-09-10 22:11:54,888 [grpc-default-executor-0] INFO  client.GrpcClientProtocolClient (GrpcClientProtocolClient.java:onNext(255)) - client-0C76110B8A2B->ed5d81fa-aaf0-49db-aa57-acca1dd387bd: receive RaftClientReply:client-0C76110B8A2B->ed5d81fa-aaf0-49db-aa57-acca1dd387bd@group-729F0664FEA8, cid=1057, SUCCESS, logIndex=1540, commits[ed5d81fa-aaf0-49db-aa57-acca1dd387bd:c1541]
2019-09-10 22:11:54,888 [grpc-default-executor-0] INFO  client.GrpcClientProtocolClient (GrpcClientProtocolClient.java:onNext(255)) - client-0C76110B8A2B->ed5d81fa-aaf0-49db-aa57-acca1dd387bd: receive RaftClientReply:client-0C76110B8A2B->ed5d81fa-aaf0-49db-aa57-acca1dd387bd@group-729F0664FEA8, cid=1058, SUCCESS, logIndex=1541, commits[ed5d81fa-aaf0-49db-aa57-acca1dd387bd:c1543]
2019-09-10 22:11:54,889 [grpc-default-executor-0] INFO  client.GrpcClientProtocolClient (GrpcClientProtocolClient.java:onNext(255)) - client-0C76110B8A2B->ed5d81fa-aaf0-49db-aa57-acca1dd387bd: receive RaftClientReply:client-0C76110B8A2B->ed5d81fa-aaf0-49db-aa57-acca1dd387bd@group-729F0664FEA8, cid=1059, SUCCESS, logIndex=1542, commits[ed5d81fa-aaf0-49db-aa57-acca1dd387bd:c1544]
2019-09-10 22:11:54,889 [grpc-default-executor-0] INFO  client.GrpcClientProtocolClient (GrpcClientProtocolClient.java:onNext(255)) - client-0C76110B8A2B->ed5d81fa-aaf0-49db-aa57-acca1dd387bd: receive RaftClientReply:client-0C76110B8A2B->ed5d81fa-aaf0-49db-aa57-acca1dd387bd@group-729F0664FEA8, cid=1060, SUCCESS, logIndex=1543, commits[ed5d81fa-aaf0-49db-aa57-acca1dd387bd:c1545]
2019-09-10 22:11:54,894 [SCMBlockDeletingService#1] DEBUG block.SCMBlockDeletingService (SCMBlockDeletingService.java:call(138)) - Running DeletedBlockTransactionScanner
2019-09-10 22:11:54,894 [SCMBlockDeletingService#1] DEBUG block.SCMBlockDeletingService (SCMBlockDeletingService.java:call(155)) - Scanned deleted blocks log and got 0 delTX to process.
2019-09-10 22:11:54,995 [SCMBlockDeletingService#1] DEBUG block.SCMBlockDeletingService (SCMBlockDeletingService.java:call(138)) - Running DeletedBlockTransactionScanner
2019-09-10 22:11:54,995 [SCMBlockDeletingService#1] DEBUG block.SCMBlockDeletingService (SCMBlockDeletingService.java:call(155)) - Scanned deleted blocks log and got 0 delTX to process.
2019-09-10 22:11:55,051 [grpc-default-executor-0] INFO  client.GrpcClientProtocolClient (GrpcClientProtocolClient.java:onNext(255)) - client-0C76110B8A2B->ed5d81fa-aaf0-49db-aa57-acca1dd387bd: receive RaftClientReply:client-0C76110B8A2B->ed5d81fa-aaf0-49db-aa57-acca1dd387bd@group-729F0664FEA8, cid=1061, SUCCESS, logIndex=1546, commits[ed5d81fa-aaf0-49db-aa57-acca1dd387bd:c1547]
2019-09-10 22:11:55,051 [grpc-default-executor-0] INFO  client.GrpcClientProtocolClient (GrpcClientProtocolClient.java:onNext(255)) - client-0C76110B8A2B->ed5d81fa-aaf0-49db-aa57-acca1dd387bd: receive RaftClientReply:client-0C76110B8A2B->ed5d81fa-aaf0-49db-aa57-acca1dd387bd@group-729F0664FEA8, cid=1062, SUCCESS, logIndex=1547, commits[ed5d81fa-aaf0-49db-aa57-acca1dd387bd:c1550]
2019-09-10 22:11:55,053 [grpc-default-executor-0] INFO  client.GrpcClientProtocolClient (GrpcClientProtocolClient.java:onNext(255)) - client-0C76110B8A2B->ed5d81fa-aaf0-49db-aa57-acca1dd387bd: receive RaftClientReply:client-0C76110B8A2B->ed5d81fa-aaf0-49db-aa57-acca1dd387bd@group-729F0664FEA8, cid=1063, SUCCESS, logIndex=1548, commits[ed5d81fa-aaf0-49db-aa57-acca1dd387bd:c1551]
2019-09-10 22:11:55,053 [grpc-default-executor-0] INFO  client.GrpcClientProtocolClient (GrpcClientProtocolClient.java:onNext(255)) - client-0C76110B8A2B->ed5d81fa-aaf0-49db-aa57-acca1dd387bd: receive RaftClientReply:client-0C76110B8A2B->ed5d81fa-aaf0-49db-aa57-acca1dd387bd@group-729F0664FEA8, cid=1064, SUCCESS, logIndex=1549, commits[ed5d81fa-aaf0-49db-aa57-acca1dd387bd:c1551]
2019-09-10 22:11:55,085 [grpc-default-executor-0] INFO  client.GrpcClientProtocolClient (GrpcClientProtocolClient.java:onNext(255)) - client-0C76110B8A2B->ed5d81fa-aaf0-49db-aa57-acca1dd387bd: receive RaftClientReply:client-0C76110B8A2B->ed5d81fa-aaf0-49db-aa57-acca1dd387bd@group-729F0664FEA8, cid=1065, SUCCESS, logIndex=1552, commits[ed5d81fa-aaf0-49db-aa57-acca1dd387bd:c1553]
2019-09-10 22:11:55,086 [grpc-default-executor-0] INFO  client.GrpcClientProtocolClient (GrpcClientProtocolClient.java:onNext(255)) - client-0C76110B8A2B->ed5d81fa-aaf0-49db-aa57-acca1dd387bd: receive RaftClientReply:client-0C76110B8A2B->ed5d81fa-aaf0-49db-aa57-acca1dd387bd@group-729F0664FEA8, cid=1066, SUCCESS, logIndex=1553, commits[ed5d81fa-aaf0-49db-aa57-acca1dd387bd:c1555]
2019-09-10 22:11:55,086 [grpc-default-executor-0] INFO  client.GrpcClientProtocolClient (GrpcClientProtocolClient.java:onNext(255)) - client-0C76110B8A2B->ed5d81fa-aaf0-49db-aa57-acca1dd387bd: receive RaftClientReply:client-0C76110B8A2B->ed5d81fa-aaf0-49db-aa57-acca1dd387bd@group-729F0664FEA8, cid=1067, SUCCESS, logIndex=1554, commits[ed5d81fa-aaf0-49db-aa57-acca1dd387bd:c1555]
2019-09-10 22:11:55,086 [grpc-default-executor-0] INFO  client.GrpcClientProtocolClient (GrpcClientProtocolClient.java:onNext(255)) - client-0C76110B8A2B->ed5d81fa-aaf0-49db-aa57-acca1dd387bd: receive RaftClientReply:client-0C76110B8A2B->ed5d81fa-aaf0-49db-aa57-acca1dd387bd@group-729F0664FEA8, cid=1068, SUCCESS, logIndex=1555, commits[ed5d81fa-aaf0-49db-aa57-acca1dd387bd:c1556]
2019-09-10 22:11:55,095 [SCMBlockDeletingService#1] DEBUG block.SCMBlockDeletingService (SCMBlockDeletingService.java:call(138)) - Running DeletedBlockTransactionScanner
2019-09-10 22:11:55,095 [SCMBlockDeletingService#1] DEBUG block.SCMBlockDeletingService (SCMBlockDeletingService.java:call(155)) - Scanned deleted blocks log and got 0 delTX to process.
2019-09-10 22:11:55,106 [grpc-default-executor-1] INFO  client.GrpcClientProtocolClient (GrpcClientProtocolClient.java:onNext(255)) - client-0C76110B8A2B->ed5d81fa-aaf0-49db-aa57-acca1dd387bd: receive RaftClientReply:client-0C76110B8A2B->ed5d81fa-aaf0-49db-aa57-acca1dd387bd@group-729F0664FEA8, cid=1069, SUCCESS, logIndex=1558, commits[ed5d81fa-aaf0-49db-aa57-acca1dd387bd:c1559]
2019-09-10 22:11:55,107 [grpc-default-executor-1] INFO  client.GrpcClientProtocolClient (GrpcClientProtocolClient.java:onNext(255)) - client-0C76110B8A2B->ed5d81fa-aaf0-49db-aa57-acca1dd387bd: receive RaftClientReply:client-0C76110B8A2B->ed5d81fa-aaf0-49db-aa57-acca1dd387bd@group-729F0664FEA8, cid=1070, SUCCESS, logIndex=1559, commits[ed5d81fa-aaf0-49db-aa57-acca1dd387bd:c1561]
2019-09-10 22:11:55,107 [grpc-default-executor-1] INFO  client.GrpcClientProtocolClient (GrpcClientProtocolClient.java:onNext(255)) - client-0C76110B8A2B->ed5d81fa-aaf0-49db-aa57-acca1dd387bd: receive RaftClientReply:client-0C76110B8A2B->ed5d81fa-aaf0-49db-aa57-acca1dd387bd@group-729F0664FEA8, cid=1071, SUCCESS, logIndex=1560, commits[ed5d81fa-aaf0-49db-aa57-acca1dd387bd:c1562]
2019-09-10 22:11:55,108 [grpc-default-executor-1] INFO  client.GrpcClientProtocolClient (GrpcClientProtocolClient.java:onNext(255)) - client-0C76110B8A2B->ed5d81fa-aaf0-49db-aa57-acca1dd387bd: receive RaftClientReply:client-0C76110B8A2B->ed5d81fa-aaf0-49db-aa57-acca1dd387bd@group-729F0664FEA8, cid=1072, SUCCESS, logIndex=1561, commits[ed5d81fa-aaf0-49db-aa57-acca1dd387bd:c1562]
2019-09-10 22:11:55,134 [grpc-default-executor-1] INFO  client.GrpcClientProtocolClient (GrpcClientProtocolClient.java:onNext(255)) - client-0C76110B8A2B->ed5d81fa-aaf0-49db-aa57-acca1dd387bd: receive RaftClientReply:client-0C76110B8A2B->ed5d81fa-aaf0-49db-aa57-acca1dd387bd@group-729F0664FEA8, cid=1073, SUCCESS, logIndex=1564, commits[ed5d81fa-aaf0-49db-aa57-acca1dd387bd:c1565]
2019-09-10 22:11:55,135 [grpc-default-executor-1] INFO  client.GrpcClientProtocolClient (GrpcClientProtocolClient.java:onNext(255)) - client-0C76110B8A2B->ed5d81fa-aaf0-49db-aa57-acca1dd387bd: receive RaftClientReply:client-0C76110B8A2B->ed5d81fa-aaf0-49db-aa57-acca1dd387bd@group-729F0664FEA8, cid=1074, SUCCESS, logIndex=1565, commits[ed5d81fa-aaf0-49db-aa57-acca1dd387bd:c1567]
2019-09-10 22:11:55,135 [grpc-default-executor-1] INFO  client.GrpcClientProtocolClient (GrpcClientProtocolClient.java:onNext(255)) - client-0C76110B8A2B->ed5d81fa-aaf0-49db-aa57-acca1dd387bd: receive RaftClientReply:client-0C76110B8A2B->ed5d81fa-aaf0-49db-aa57-acca1dd387bd@group-729F0664FEA8, cid=1075, SUCCESS, logIndex=1566, commits[ed5d81fa-aaf0-49db-aa57-acca1dd387bd:c1567]
2019-09-10 22:11:55,135 [grpc-default-executor-1] INFO  client.GrpcClientProtocolClient (GrpcClientProtocolClient.java:onNext(255)) - client-0C76110B8A2B->ed5d81fa-aaf0-49db-aa57-acca1dd387bd: receive RaftClientReply:client-0C76110B8A2B->ed5d81fa-aaf0-49db-aa57-acca1dd387bd@group-729F0664FEA8, cid=1076, SUCCESS, logIndex=1567, commits[ed5d81fa-aaf0-49db-aa57-acca1dd387bd:c1568]
2019-09-10 22:11:55,156 [grpc-default-executor-1] INFO  client.GrpcClientProtocolClient (GrpcClientProtocolClient.java:onNext(255)) - client-0C76110B8A2B->ed5d81fa-aaf0-49db-aa57-acca1dd387bd: receive RaftClientReply:client-0C76110B8A2B->ed5d81fa-aaf0-49db-aa57-acca1dd387bd@group-729F0664FEA8, cid=1077, SUCCESS, logIndex=1570, commits[ed5d81fa-aaf0-49db-aa57-acca1dd387bd:c1571]
2019-09-10 22:11:55,156 [grpc-default-executor-1] INFO  client.GrpcClientProtocolClient (GrpcClientProtocolClient.java:onNext(255)) - client-0C76110B8A2B->ed5d81fa-aaf0-49db-aa57-acca1dd387bd: receive RaftClientReply:client-0C76110B8A2B->ed5d81fa-aaf0-49db-aa57-acca1dd387bd@group-729F0664FEA8, cid=1078, SUCCESS, logIndex=1571, commits[ed5d81fa-aaf0-49db-aa57-acca1dd387bd:c1573]
2019-09-10 22:11:55,157 [grpc-default-executor-1] INFO  client.GrpcClientProtocolClient (GrpcClientProtocolClient.java:onNext(255)) - client-0C76110B8A2B->ed5d81fa-aaf0-49db-aa57-acca1dd387bd: receive RaftClientReply:client-0C76110B8A2B->ed5d81fa-aaf0-49db-aa57-acca1dd387bd@group-729F0664FEA8, cid=1079, SUCCESS, logIndex=1572, commits[ed5d81fa-aaf0-49db-aa57-acca1dd387bd:c1574]
2019-09-10 22:11:55,157 [grpc-default-executor-1] INFO  client.GrpcClientProtocolClient (GrpcClientProtocolClient.java:onNext(255)) - client-0C76110B8A2B->ed5d81fa-aaf0-49db-aa57-acca1dd387bd: receive RaftClientReply:client-0C76110B8A2B->ed5d81fa-aaf0-49db-aa57-acca1dd387bd@group-729F0664FEA8, cid=1080, SUCCESS, logIndex=1573, commits[ed5d81fa-aaf0-49db-aa57-acca1dd387bd:c1574]
2019-09-10 22:11:55,184 [grpc-default-executor-0] INFO  client.GrpcClientProtocolClient (GrpcClientProtocolClient.java:onNext(255)) - client-0C76110B8A2B->ed5d81fa-aaf0-49db-aa57-acca1dd387bd: receive RaftClientReply:client-0C76110B8A2B->ed5d81fa-aaf0-49db-aa57-acca1dd387bd@group-729F0664FEA8, cid=1081, SUCCESS, logIndex=1576, commits[ed5d81fa-aaf0-49db-aa57-acca1dd387bd:c1577]
2019-09-10 22:11:55,185 [grpc-default-executor-0] INFO  client.GrpcClientProtocolClient (GrpcClientProtocolClient.java:onNext(255)) - client-0C76110B8A2B->ed5d81fa-aaf0-49db-aa57-acca1dd387bd: receive RaftClientReply:client-0C76110B8A2B->ed5d81fa-aaf0-49db-aa57-acca1dd387bd@group-729F0664FEA8, cid=1082, SUCCESS, logIndex=1577, commits[ed5d81fa-aaf0-49db-aa57-acca1dd387bd:c1579]
2019-09-10 22:11:55,185 [grpc-default-executor-0] INFO  client.GrpcClientProtocolClient (GrpcClientProtocolClient.java:onNext(255)) - client-0C76110B8A2B->ed5d81fa-aaf0-49db-aa57-acca1dd387bd: receive RaftClientReply:client-0C76110B8A2B->ed5d81fa-aaf0-49db-aa57-acca1dd387bd@group-729F0664FEA8, cid=1083, SUCCESS, logIndex=1578, commits[ed5d81fa-aaf0-49db-aa57-acca1dd387bd:c1579]
2019-09-10 22:11:55,185 [grpc-default-executor-0] INFO  client.GrpcClientProtocolClient (GrpcClientProtocolClient.java:onNext(255)) - client-0C76110B8A2B->ed5d81fa-aaf0-49db-aa57-acca1dd387bd: receive RaftClientReply:client-0C76110B8A2B->ed5d81fa-aaf0-49db-aa57-acca1dd387bd@group-729F0664FEA8, cid=1084, SUCCESS, logIndex=1579, commits[ed5d81fa-aaf0-49db-aa57-acca1dd387bd:c1580]
2019-09-10 22:11:55,196 [SCMBlockDeletingService#1] DEBUG block.SCMBlockDeletingService (SCMBlockDeletingService.java:call(138)) - Running DeletedBlockTransactionScanner
2019-09-10 22:11:55,196 [SCMBlockDeletingService#1] DEBUG block.SCMBlockDeletingService (SCMBlockDeletingService.java:call(155)) - Scanned deleted blocks log and got 0 delTX to process.
2019-09-10 22:11:55,204 [grpc-default-executor-1] INFO  client.GrpcClientProtocolClient (GrpcClientProtocolClient.java:onNext(255)) - client-0C76110B8A2B->ed5d81fa-aaf0-49db-aa57-acca1dd387bd: receive RaftClientReply:client-0C76110B8A2B->ed5d81fa-aaf0-49db-aa57-acca1dd387bd@group-729F0664FEA8, cid=1085, SUCCESS, logIndex=1582, commits[ed5d81fa-aaf0-49db-aa57-acca1dd387bd:c1583]
2019-09-10 22:11:55,205 [grpc-default-executor-1] INFO  client.GrpcClientProtocolClient (GrpcClientProtocolClient.java:onNext(255)) - client-0C76110B8A2B->ed5d81fa-aaf0-49db-aa57-acca1dd387bd: receive RaftClientReply:client-0C76110B8A2B->ed5d81fa-aaf0-49db-aa57-acca1dd387bd@group-729F0664FEA8, cid=1086, SUCCESS, logIndex=1583, commits[ed5d81fa-aaf0-49db-aa57-acca1dd387bd:c1583]
2019-09-10 22:11:55,205 [grpc-default-executor-1] INFO  client.GrpcClientProtocolClient (GrpcClientProtocolClient.java:onNext(255)) - client-0C76110B8A2B->ed5d81fa-aaf0-49db-aa57-acca1dd387bd: receive RaftClientReply:client-0C76110B8A2B->ed5d81fa-aaf0-49db-aa57-acca1dd387bd@group-729F0664FEA8, cid=1087, SUCCESS, logIndex=1584, commits[ed5d81fa-aaf0-49db-aa57-acca1dd387bd:c1585]
2019-09-10 22:11:55,206 [grpc-default-executor-1] INFO  client.GrpcClientProtocolClient (GrpcClientProtocolClient.java:onNext(255)) - client-0C76110B8A2B->ed5d81fa-aaf0-49db-aa57-acca1dd387bd: receive RaftClientReply:client-0C76110B8A2B->ed5d81fa-aaf0-49db-aa57-acca1dd387bd@group-729F0664FEA8, cid=1088, SUCCESS, logIndex=1585, commits[ed5d81fa-aaf0-49db-aa57-acca1dd387bd:c1586]
2019-09-10 22:11:55,231 [grpc-default-executor-0] INFO  client.GrpcClientProtocolClient (GrpcClientProtocolClient.java:onNext(255)) - client-0C76110B8A2B->ed5d81fa-aaf0-49db-aa57-acca1dd387bd: receive RaftClientReply:client-0C76110B8A2B->ed5d81fa-aaf0-49db-aa57-acca1dd387bd@group-729F0664FEA8, cid=1089, SUCCESS, logIndex=1588, commits[ed5d81fa-aaf0-49db-aa57-acca1dd387bd:c1589]
2019-09-10 22:11:55,232 [grpc-default-executor-0] INFO  client.GrpcClientProtocolClient (GrpcClientProtocolClient.java:onNext(255)) - client-0C76110B8A2B->ed5d81fa-aaf0-49db-aa57-acca1dd387bd: receive RaftClientReply:client-0C76110B8A2B->ed5d81fa-aaf0-49db-aa57-acca1dd387bd@group-729F0664FEA8, cid=1090, SUCCESS, logIndex=1589, commits[ed5d81fa-aaf0-49db-aa57-acca1dd387bd:c1591]
2019-09-10 22:11:55,233 [grpc-default-executor-0] INFO  client.GrpcClientProtocolClient (GrpcClientProtocolClient.java:onNext(255)) - client-0C76110B8A2B->ed5d81fa-aaf0-49db-aa57-acca1dd387bd: receive RaftClientReply:client-0C76110B8A2B->ed5d81fa-aaf0-49db-aa57-acca1dd387bd@group-729F0664FEA8, cid=1091, SUCCESS, logIndex=1590, commits[ed5d81fa-aaf0-49db-aa57-acca1dd387bd:c1591]
2019-09-10 22:11:55,233 [grpc-default-executor-0] INFO  client.GrpcClientProtocolClient (GrpcClientProtocolClient.java:onNext(255)) - client-0C76110B8A2B->ed5d81fa-aaf0-49db-aa57-acca1dd387bd: receive RaftClientReply:client-0C76110B8A2B->ed5d81fa-aaf0-49db-aa57-acca1dd387bd@group-729F0664FEA8, cid=1092, SUCCESS, logIndex=1591, commits[ed5d81fa-aaf0-49db-aa57-acca1dd387bd:c1592]
2019-09-10 22:11:55,254 [grpc-default-executor-1] INFO  client.GrpcClientProtocolClient (GrpcClientProtocolClient.java:onNext(255)) - client-0C76110B8A2B->ed5d81fa-aaf0-49db-aa57-acca1dd387bd: receive RaftClientReply:client-0C76110B8A2B->ed5d81fa-aaf0-49db-aa57-acca1dd387bd@group-729F0664FEA8, cid=1093, SUCCESS, logIndex=1594, commits[ed5d81fa-aaf0-49db-aa57-acca1dd387bd:c1595]
2019-09-10 22:11:55,254 [grpc-default-executor-1] INFO  client.GrpcClientProtocolClient (GrpcClientProtocolClient.java:onNext(255)) - client-0C76110B8A2B->ed5d81fa-aaf0-49db-aa57-acca1dd387bd: receive RaftClientReply:client-0C76110B8A2B->ed5d81fa-aaf0-49db-aa57-acca1dd387bd@group-729F0664FEA8, cid=1094, SUCCESS, logIndex=1595, commits[ed5d81fa-aaf0-49db-aa57-acca1dd387bd:c1597]
2019-09-10 22:11:55,255 [grpc-default-executor-1] INFO  client.GrpcClientProtocolClient (GrpcClientProtocolClient.java:onNext(255)) - client-0C76110B8A2B->ed5d81fa-aaf0-49db-aa57-acca1dd387bd: receive RaftClientReply:client-0C76110B8A2B->ed5d81fa-aaf0-49db-aa57-acca1dd387bd@group-729F0664FEA8, cid=1095, SUCCESS, logIndex=1596, commits[ed5d81fa-aaf0-49db-aa57-acca1dd387bd:c1598]
2019-09-10 22:11:55,255 [grpc-default-executor-1] INFO  client.GrpcClientProtocolClient (GrpcClientProtocolClient.java:onNext(255)) - client-0C76110B8A2B->ed5d81fa-aaf0-49db-aa57-acca1dd387bd: receive RaftClientReply:client-0C76110B8A2B->ed5d81fa-aaf0-49db-aa57-acca1dd387bd@group-729F0664FEA8, cid=1096, SUCCESS, logIndex=1597, commits[ed5d81fa-aaf0-49db-aa57-acca1dd387bd:c1598]
2019-09-10 22:11:55,281 [grpc-default-executor-1] INFO  client.GrpcClientProtocolClient (GrpcClientProtocolClient.java:onNext(255)) - client-0C76110B8A2B->ed5d81fa-aaf0-49db-aa57-acca1dd387bd: receive RaftClientReply:client-0C76110B8A2B->ed5d81fa-aaf0-49db-aa57-acca1dd387bd@group-729F0664FEA8, cid=1097, SUCCESS, logIndex=1600, commits[ed5d81fa-aaf0-49db-aa57-acca1dd387bd:c1601]
2019-09-10 22:11:55,282 [grpc-default-executor-1] INFO  client.GrpcClientProtocolClient (GrpcClientProtocolClient.java:onNext(255)) - client-0C76110B8A2B->ed5d81fa-aaf0-49db-aa57-acca1dd387bd: receive RaftClientReply:client-0C76110B8A2B->ed5d81fa-aaf0-49db-aa57-acca1dd387bd@group-729F0664FEA8, cid=1098, SUCCESS, logIndex=1601, commits[ed5d81fa-aaf0-49db-aa57-acca1dd387bd:c1604]
2019-09-10 22:11:55,282 [grpc-default-executor-1] INFO  client.GrpcClientProtocolClient (GrpcClientProtocolClient.java:onNext(255)) - client-0C76110B8A2B->ed5d81fa-aaf0-49db-aa57-acca1dd387bd: receive RaftClientReply:client-0C76110B8A2B->ed5d81fa-aaf0-49db-aa57-acca1dd387bd@group-729F0664FEA8, cid=1099, SUCCESS, logIndex=1602, commits[ed5d81fa-aaf0-49db-aa57-acca1dd387bd:c1604]
2019-09-10 22:11:55,283 [grpc-default-executor-1] INFO  client.GrpcClientProtocolClient (GrpcClientProtocolClient.java:onNext(255)) - client-0C76110B8A2B->ed5d81fa-aaf0-49db-aa57-acca1dd387bd: receive RaftClientReply:client-0C76110B8A2B->ed5d81fa-aaf0-49db-aa57-acca1dd387bd@group-729F0664FEA8, cid=1100, SUCCESS, logIndex=1603, commits[ed5d81fa-aaf0-49db-aa57-acca1dd387bd:c1605]
2019-09-10 22:11:55,296 [SCMBlockDeletingService#1] DEBUG block.SCMBlockDeletingService (SCMBlockDeletingService.java:call(138)) - Running DeletedBlockTransactionScanner
2019-09-10 22:11:55,296 [SCMBlockDeletingService#1] DEBUG block.SCMBlockDeletingService (SCMBlockDeletingService.java:call(155)) - Scanned deleted blocks log and got 0 delTX to process.
2019-09-10 22:11:55,302 [grpc-default-executor-0] INFO  client.GrpcClientProtocolClient (GrpcClientProtocolClient.java:onNext(255)) - client-0C76110B8A2B->ed5d81fa-aaf0-49db-aa57-acca1dd387bd: receive RaftClientReply:client-0C76110B8A2B->ed5d81fa-aaf0-49db-aa57-acca1dd387bd@group-729F0664FEA8, cid=1101, SUCCESS, logIndex=1606, commits[ed5d81fa-aaf0-49db-aa57-acca1dd387bd:c1607]
2019-09-10 22:11:55,302 [grpc-default-executor-0] INFO  client.GrpcClientProtocolClient (GrpcClientProtocolClient.java:onNext(255)) - client-0C76110B8A2B->ed5d81fa-aaf0-49db-aa57-acca1dd387bd: receive RaftClientReply:client-0C76110B8A2B->ed5d81fa-aaf0-49db-aa57-acca1dd387bd@group-729F0664FEA8, cid=1102, SUCCESS, logIndex=1607, commits[ed5d81fa-aaf0-49db-aa57-acca1dd387bd:c1609]
2019-09-10 22:11:55,302 [grpc-default-executor-0] INFO  client.GrpcClientProtocolClient (GrpcClientProtocolClient.java:onNext(255)) - client-0C76110B8A2B->ed5d81fa-aaf0-49db-aa57-acca1dd387bd: receive RaftClientReply:client-0C76110B8A2B->ed5d81fa-aaf0-49db-aa57-acca1dd387bd@group-729F0664FEA8, cid=1103, SUCCESS, logIndex=1608, commits[ed5d81fa-aaf0-49db-aa57-acca1dd387bd:c1609]
2019-09-10 22:11:55,303 [grpc-default-executor-0] INFO  client.GrpcClientProtocolClient (GrpcClientProtocolClient.java:onNext(255)) - client-0C76110B8A2B->ed5d81fa-aaf0-49db-aa57-acca1dd387bd: receive RaftClientReply:client-0C76110B8A2B->ed5d81fa-aaf0-49db-aa57-acca1dd387bd@group-729F0664FEA8, cid=1104, SUCCESS, logIndex=1609, commits[ed5d81fa-aaf0-49db-aa57-acca1dd387bd:c1610]
2019-09-10 22:11:55,397 [SCMBlockDeletingService#1] DEBUG block.SCMBlockDeletingService (SCMBlockDeletingService.java:call(138)) - Running DeletedBlockTransactionScanner
2019-09-10 22:11:55,397 [SCMBlockDeletingService#1] DEBUG block.SCMBlockDeletingService (SCMBlockDeletingService.java:call(155)) - Scanned deleted blocks log and got 0 delTX to process.
2019-09-10 22:11:55,414 [grpc-default-executor-0] INFO  client.GrpcClientProtocolClient (GrpcClientProtocolClient.java:onNext(255)) - client-0C76110B8A2B->ed5d81fa-aaf0-49db-aa57-acca1dd387bd: receive RaftClientReply:client-0C76110B8A2B->ed5d81fa-aaf0-49db-aa57-acca1dd387bd@group-729F0664FEA8, cid=1105, SUCCESS, logIndex=1612, commits[ed5d81fa-aaf0-49db-aa57-acca1dd387bd:c1613]
2019-09-10 22:11:55,415 [grpc-default-executor-0] INFO  client.GrpcClientProtocolClient (GrpcClientProtocolClient.java:onNext(255)) - client-0C76110B8A2B->ed5d81fa-aaf0-49db-aa57-acca1dd387bd: receive RaftClientReply:client-0C76110B8A2B->ed5d81fa-aaf0-49db-aa57-acca1dd387bd@group-729F0664FEA8, cid=1106, SUCCESS, logIndex=1613, commits[ed5d81fa-aaf0-49db-aa57-acca1dd387bd:c1615]
2019-09-10 22:11:55,416 [grpc-default-executor-0] INFO  client.GrpcClientProtocolClient (GrpcClientProtocolClient.java:onNext(255)) - client-0C76110B8A2B->ed5d81fa-aaf0-49db-aa57-acca1dd387bd: receive RaftClientReply:client-0C76110B8A2B->ed5d81fa-aaf0-49db-aa57-acca1dd387bd@group-729F0664FEA8, cid=1107, SUCCESS, logIndex=1614, commits[ed5d81fa-aaf0-49db-aa57-acca1dd387bd:c1616]
2019-09-10 22:11:55,416 [grpc-default-executor-0] INFO  client.GrpcClientProtocolClient (GrpcClientProtocolClient.java:onNext(255)) - client-0C76110B8A2B->ed5d81fa-aaf0-49db-aa57-acca1dd387bd: receive RaftClientReply:client-0C76110B8A2B->ed5d81fa-aaf0-49db-aa57-acca1dd387bd@group-729F0664FEA8, cid=1108, SUCCESS, logIndex=1615, commits[ed5d81fa-aaf0-49db-aa57-acca1dd387bd:c1617]
2019-09-10 22:11:55,504 [SCMBlockDeletingService#1] DEBUG block.SCMBlockDeletingService (SCMBlockDeletingService.java:call(138)) - Running DeletedBlockTransactionScanner
2019-09-10 22:11:55,504 [SCMBlockDeletingService#1] DEBUG block.SCMBlockDeletingService (SCMBlockDeletingService.java:call(155)) - Scanned deleted blocks log and got 0 delTX to process.
2019-09-10 22:11:55,517 [grpc-default-executor-0] INFO  client.GrpcClientProtocolClient (GrpcClientProtocolClient.java:onNext(255)) - client-0C76110B8A2B->ed5d81fa-aaf0-49db-aa57-acca1dd387bd: receive RaftClientReply:client-0C76110B8A2B->ed5d81fa-aaf0-49db-aa57-acca1dd387bd@group-729F0664FEA8, cid=1109, SUCCESS, logIndex=1618, commits[ed5d81fa-aaf0-49db-aa57-acca1dd387bd:c1619]
2019-09-10 22:11:55,518 [grpc-default-executor-0] INFO  client.GrpcClientProtocolClient (GrpcClientProtocolClient.java:onNext(255)) - client-0C76110B8A2B->ed5d81fa-aaf0-49db-aa57-acca1dd387bd: receive RaftClientReply:client-0C76110B8A2B->ed5d81fa-aaf0-49db-aa57-acca1dd387bd@group-729F0664FEA8, cid=1110, SUCCESS, logIndex=1619, commits[ed5d81fa-aaf0-49db-aa57-acca1dd387bd:c1621]
2019-09-10 22:11:55,518 [grpc-default-executor-0] INFO  client.GrpcClientProtocolClient (GrpcClientProtocolClient.java:onNext(255)) - client-0C76110B8A2B->ed5d81fa-aaf0-49db-aa57-acca1dd387bd: receive RaftClientReply:client-0C76110B8A2B->ed5d81fa-aaf0-49db-aa57-acca1dd387bd@group-729F0664FEA8, cid=1111, SUCCESS, logIndex=1620, commits[ed5d81fa-aaf0-49db-aa57-acca1dd387bd:c1622]
2019-09-10 22:11:55,518 [grpc-default-executor-0] INFO  client.GrpcClientProtocolClient (GrpcClientProtocolClient.java:onNext(255)) - client-0C76110B8A2B->ed5d81fa-aaf0-49db-aa57-acca1dd387bd: receive RaftClientReply:client-0C76110B8A2B->ed5d81fa-aaf0-49db-aa57-acca1dd387bd@group-729F0664FEA8, cid=1112, SUCCESS, logIndex=1621, commits[ed5d81fa-aaf0-49db-aa57-acca1dd387bd:c1623]
2019-09-10 22:11:55,546 [grpc-default-executor-1] INFO  client.GrpcClientProtocolClient (GrpcClientProtocolClient.java:onNext(255)) - client-0C76110B8A2B->ed5d81fa-aaf0-49db-aa57-acca1dd387bd: receive RaftClientReply:client-0C76110B8A2B->ed5d81fa-aaf0-49db-aa57-acca1dd387bd@group-729F0664FEA8, cid=1113, SUCCESS, logIndex=1624, commits[ed5d81fa-aaf0-49db-aa57-acca1dd387bd:c1625]
2019-09-10 22:11:55,547 [grpc-default-executor-1] INFO  client.GrpcClientProtocolClient (GrpcClientProtocolClient.java:onNext(255)) - client-0C76110B8A2B->ed5d81fa-aaf0-49db-aa57-acca1dd387bd: receive RaftClientReply:client-0C76110B8A2B->ed5d81fa-aaf0-49db-aa57-acca1dd387bd@group-729F0664FEA8, cid=1114, SUCCESS, logIndex=1625, commits[ed5d81fa-aaf0-49db-aa57-acca1dd387bd:c1627]
2019-09-10 22:11:55,548 [grpc-default-executor-1] INFO  client.GrpcClientProtocolClient (GrpcClientProtocolClient.java:onNext(255)) - client-0C76110B8A2B->ed5d81fa-aaf0-49db-aa57-acca1dd387bd: receive RaftClientReply:client-0C76110B8A2B->ed5d81fa-aaf0-49db-aa57-acca1dd387bd@group-729F0664FEA8, cid=1115, SUCCESS, logIndex=1626, commits[ed5d81fa-aaf0-49db-aa57-acca1dd387bd:c1628]
2019-09-10 22:11:55,548 [grpc-default-executor-1] INFO  client.GrpcClientProtocolClient (GrpcClientProtocolClient.java:onNext(255)) - client-0C76110B8A2B->ed5d81fa-aaf0-49db-aa57-acca1dd387bd: receive RaftClientReply:client-0C76110B8A2B->ed5d81fa-aaf0-49db-aa57-acca1dd387bd@group-729F0664FEA8, cid=1116, SUCCESS, logIndex=1627, commits[ed5d81fa-aaf0-49db-aa57-acca1dd387bd:c1629]
2019-09-10 22:11:55,569 [grpc-default-executor-0] INFO  client.GrpcClientProtocolClient (GrpcClientProtocolClient.java:onNext(255)) - client-0C76110B8A2B->ed5d81fa-aaf0-49db-aa57-acca1dd387bd: receive RaftClientReply:client-0C76110B8A2B->ed5d81fa-aaf0-49db-aa57-acca1dd387bd@group-729F0664FEA8, cid=1117, SUCCESS, logIndex=1630, commits[ed5d81fa-aaf0-49db-aa57-acca1dd387bd:c1631]
2019-09-10 22:11:55,570 [grpc-default-executor-0] INFO  client.GrpcClientProtocolClient (GrpcClientProtocolClient.java:onNext(255)) - client-0C76110B8A2B->ed5d81fa-aaf0-49db-aa57-acca1dd387bd: receive RaftClientReply:client-0C76110B8A2B->ed5d81fa-aaf0-49db-aa57-acca1dd387bd@group-729F0664FEA8, cid=1118, SUCCESS, logIndex=1631, commits[ed5d81fa-aaf0-49db-aa57-acca1dd387bd:c1633]
2019-09-10 22:11:55,570 [grpc-default-executor-0] INFO  client.GrpcClientProtocolClient (GrpcClientProtocolClient.java:onNext(255)) - client-0C76110B8A2B->ed5d81fa-aaf0-49db-aa57-acca1dd387bd: receive RaftClientReply:client-0C76110B8A2B->ed5d81fa-aaf0-49db-aa57-acca1dd387bd@group-729F0664FEA8, cid=1119, SUCCESS, logIndex=1632, commits[ed5d81fa-aaf0-49db-aa57-acca1dd387bd:c1634]
2019-09-10 22:11:55,570 [grpc-default-executor-0] INFO  client.GrpcClientProtocolClient (GrpcClientProtocolClient.java:onNext(255)) - client-0C76110B8A2B->ed5d81fa-aaf0-49db-aa57-acca1dd387bd: receive RaftClientReply:client-0C76110B8A2B->ed5d81fa-aaf0-49db-aa57-acca1dd387bd@group-729F0664FEA8, cid=1120, SUCCESS, logIndex=1633, commits[ed5d81fa-aaf0-49db-aa57-acca1dd387bd:c1634]
2019-09-10 22:11:55,597 [grpc-default-executor-1] INFO  client.GrpcClientProtocolClient (GrpcClientProtocolClient.java:onNext(255)) - client-0C76110B8A2B->ed5d81fa-aaf0-49db-aa57-acca1dd387bd: receive RaftClientReply:client-0C76110B8A2B->ed5d81fa-aaf0-49db-aa57-acca1dd387bd@group-729F0664FEA8, cid=1121, SUCCESS, logIndex=1636, commits[ed5d81fa-aaf0-49db-aa57-acca1dd387bd:c1637]
2019-09-10 22:11:55,597 [grpc-default-executor-1] INFO  client.GrpcClientProtocolClient (GrpcClientProtocolClient.java:onNext(255)) - client-0C76110B8A2B->ed5d81fa-aaf0-49db-aa57-acca1dd387bd: receive RaftClientReply:client-0C76110B8A2B->ed5d81fa-aaf0-49db-aa57-acca1dd387bd@group-729F0664FEA8, cid=1122, SUCCESS, logIndex=1637, commits[ed5d81fa-aaf0-49db-aa57-acca1dd387bd:c1639]
2019-09-10 22:11:55,598 [grpc-default-executor-1] INFO  client.GrpcClientProtocolClient (GrpcClientProtocolClient.java:onNext(255)) - client-0C76110B8A2B->ed5d81fa-aaf0-49db-aa57-acca1dd387bd: receive RaftClientReply:client-0C76110B8A2B->ed5d81fa-aaf0-49db-aa57-acca1dd387bd@group-729F0664FEA8, cid=1123, SUCCESS, logIndex=1638, commits[ed5d81fa-aaf0-49db-aa57-acca1dd387bd:c1640]
2019-09-10 22:11:55,598 [grpc-default-executor-1] INFO  client.GrpcClientProtocolClient (GrpcClientProtocolClient.java:onNext(255)) - client-0C76110B8A2B->ed5d81fa-aaf0-49db-aa57-acca1dd387bd: receive RaftClientReply:client-0C76110B8A2B->ed5d81fa-aaf0-49db-aa57-acca1dd387bd@group-729F0664FEA8, cid=1124, SUCCESS, logIndex=1639, commits[ed5d81fa-aaf0-49db-aa57-acca1dd387bd:c1641]
2019-09-10 22:11:55,605 [SCMBlockDeletingService#1] DEBUG block.SCMBlockDeletingService (SCMBlockDeletingService.java:call(138)) - Running DeletedBlockTransactionScanner
2019-09-10 22:11:55,605 [SCMBlockDeletingService#1] DEBUG block.SCMBlockDeletingService (SCMBlockDeletingService.java:call(155)) - Scanned deleted blocks log and got 0 delTX to process.
2019-09-10 22:11:55,618 [grpc-default-executor-1] INFO  client.GrpcClientProtocolClient (GrpcClientProtocolClient.java:onNext(255)) - client-0C76110B8A2B->ed5d81fa-aaf0-49db-aa57-acca1dd387bd: receive RaftClientReply:client-0C76110B8A2B->ed5d81fa-aaf0-49db-aa57-acca1dd387bd@group-729F0664FEA8, cid=1125, SUCCESS, logIndex=1642, commits[ed5d81fa-aaf0-49db-aa57-acca1dd387bd:c1643]
2019-09-10 22:11:55,619 [grpc-default-executor-1] INFO  client.GrpcClientProtocolClient (GrpcClientProtocolClient.java:onNext(255)) - client-0C76110B8A2B->ed5d81fa-aaf0-49db-aa57-acca1dd387bd: receive RaftClientReply:client-0C76110B8A2B->ed5d81fa-aaf0-49db-aa57-acca1dd387bd@group-729F0664FEA8, cid=1126, SUCCESS, logIndex=1643, commits[ed5d81fa-aaf0-49db-aa57-acca1dd387bd:c1645]
2019-09-10 22:11:55,619 [grpc-default-executor-1] INFO  client.GrpcClientProtocolClient (GrpcClientProtocolClient.java:onNext(255)) - client-0C76110B8A2B->ed5d81fa-aaf0-49db-aa57-acca1dd387bd: receive RaftClientReply:client-0C76110B8A2B->ed5d81fa-aaf0-49db-aa57-acca1dd387bd@group-729F0664FEA8, cid=1127, SUCCESS, logIndex=1644, commits[ed5d81fa-aaf0-49db-aa57-acca1dd387bd:c1646]
2019-09-10 22:11:55,620 [grpc-default-executor-1] INFO  client.GrpcClientProtocolClient (GrpcClientProtocolClient.java:onNext(255)) - client-0C76110B8A2B->ed5d81fa-aaf0-49db-aa57-acca1dd387bd: receive RaftClientReply:client-0C76110B8A2B->ed5d81fa-aaf0-49db-aa57-acca1dd387bd@group-729F0664FEA8, cid=1128, SUCCESS, logIndex=1645, commits[ed5d81fa-aaf0-49db-aa57-acca1dd387bd:c1647]
2019-09-10 22:11:55,646 [grpc-default-executor-0] INFO  client.GrpcClientProtocolClient (GrpcClientProtocolClient.java:onNext(255)) - client-0C76110B8A2B->ed5d81fa-aaf0-49db-aa57-acca1dd387bd: receive RaftClientReply:client-0C76110B8A2B->ed5d81fa-aaf0-49db-aa57-acca1dd387bd@group-729F0664FEA8, cid=1129, SUCCESS, logIndex=1648, commits[ed5d81fa-aaf0-49db-aa57-acca1dd387bd:c1649]
2019-09-10 22:11:55,646 [grpc-default-executor-0] INFO  client.GrpcClientProtocolClient (GrpcClientProtocolClient.java:onNext(255)) - client-0C76110B8A2B->ed5d81fa-aaf0-49db-aa57-acca1dd387bd: receive RaftClientReply:client-0C76110B8A2B->ed5d81fa-aaf0-49db-aa57-acca1dd387bd@group-729F0664FEA8, cid=1130, SUCCESS, logIndex=1649, commits[ed5d81fa-aaf0-49db-aa57-acca1dd387bd:c1651]
2019-09-10 22:11:55,647 [grpc-default-executor-0] INFO  client.GrpcClientProtocolClient (GrpcClientProtocolClient.java:onNext(255)) - client-0C76110B8A2B->ed5d81fa-aaf0-49db-aa57-acca1dd387bd: receive RaftClientReply:client-0C76110B8A2B->ed5d81fa-aaf0-49db-aa57-acca1dd387bd@group-729F0664FEA8, cid=1131, SUCCESS, logIndex=1650, commits[ed5d81fa-aaf0-49db-aa57-acca1dd387bd:c1651]
2019-09-10 22:11:55,647 [grpc-default-executor-0] INFO  client.GrpcClientProtocolClient (GrpcClientProtocolClient.java:onNext(255)) - client-0C76110B8A2B->ed5d81fa-aaf0-49db-aa57-acca1dd387bd: receive RaftClientReply:client-0C76110B8A2B->ed5d81fa-aaf0-49db-aa57-acca1dd387bd@group-729F0664FEA8, cid=1132, SUCCESS, logIndex=1651, commits[ed5d81fa-aaf0-49db-aa57-acca1dd387bd:c1652]
2019-09-10 22:11:55,667 [grpc-default-executor-1] INFO  client.GrpcClientProtocolClient (GrpcClientProtocolClient.java:onNext(255)) - client-0C76110B8A2B->ed5d81fa-aaf0-49db-aa57-acca1dd387bd: receive RaftClientReply:client-0C76110B8A2B->ed5d81fa-aaf0-49db-aa57-acca1dd387bd@group-729F0664FEA8, cid=1133, SUCCESS, logIndex=1654, commits[ed5d81fa-aaf0-49db-aa57-acca1dd387bd:c1655]
2019-09-10 22:11:55,667 [grpc-default-executor-1] INFO  client.GrpcClientProtocolClient (GrpcClientProtocolClient.java:onNext(255)) - client-0C76110B8A2B->ed5d81fa-aaf0-49db-aa57-acca1dd387bd: receive RaftClientReply:client-0C76110B8A2B->ed5d81fa-aaf0-49db-aa57-acca1dd387bd@group-729F0664FEA8, cid=1134, SUCCESS, logIndex=1655, commits[ed5d81fa-aaf0-49db-aa57-acca1dd387bd:c1657]
2019-09-10 22:11:55,667 [grpc-default-executor-1] INFO  client.GrpcClientProtocolClient (GrpcClientProtocolClient.java:onNext(255)) - client-0C76110B8A2B->ed5d81fa-aaf0-49db-aa57-acca1dd387bd: receive RaftClientReply:client-0C76110B8A2B->ed5d81fa-aaf0-49db-aa57-acca1dd387bd@group-729F0664FEA8, cid=1135, SUCCESS, logIndex=1656, commits[ed5d81fa-aaf0-49db-aa57-acca1dd387bd:c1657]
2019-09-10 22:11:55,668 [grpc-default-executor-1] INFO  client.GrpcClientProtocolClient (GrpcClientProtocolClient.java:onNext(255)) - client-0C76110B8A2B->ed5d81fa-aaf0-49db-aa57-acca1dd387bd: receive RaftClientReply:client-0C76110B8A2B->ed5d81fa-aaf0-49db-aa57-acca1dd387bd@group-729F0664FEA8, cid=1136, SUCCESS, logIndex=1657, commits[ed5d81fa-aaf0-49db-aa57-acca1dd387bd:c1658]
2019-09-10 22:11:55,692 [grpc-default-executor-1] INFO  client.GrpcClientProtocolClient (GrpcClientProtocolClient.java:onNext(255)) - client-0C76110B8A2B->ed5d81fa-aaf0-49db-aa57-acca1dd387bd: receive RaftClientReply:client-0C76110B8A2B->ed5d81fa-aaf0-49db-aa57-acca1dd387bd@group-729F0664FEA8, cid=1137, SUCCESS, logIndex=1660, commits[ed5d81fa-aaf0-49db-aa57-acca1dd387bd:c1661]
2019-09-10 22:11:55,692 [grpc-default-executor-1] INFO  client.GrpcClientProtocolClient (GrpcClientProtocolClient.java:onNext(255)) - client-0C76110B8A2B->ed5d81fa-aaf0-49db-aa57-acca1dd387bd: receive RaftClientReply:client-0C76110B8A2B->ed5d81fa-aaf0-49db-aa57-acca1dd387bd@group-729F0664FEA8, cid=1138, SUCCESS, logIndex=1661, commits[ed5d81fa-aaf0-49db-aa57-acca1dd387bd:c1663]
2019-09-10 22:11:55,693 [grpc-default-executor-1] INFO  client.GrpcClientProtocolClient (GrpcClientProtocolClient.java:onNext(255)) - client-0C76110B8A2B->ed5d81fa-aaf0-49db-aa57-acca1dd387bd: receive RaftClientReply:client-0C76110B8A2B->ed5d81fa-aaf0-49db-aa57-acca1dd387bd@group-729F0664FEA8, cid=1139, SUCCESS, logIndex=1662, commits[ed5d81fa-aaf0-49db-aa57-acca1dd387bd:c1663]
2019-09-10 22:11:55,693 [grpc-default-executor-1] INFO  client.GrpcClientProtocolClient (GrpcClientProtocolClient.java:onNext(255)) - client-0C76110B8A2B->ed5d81fa-aaf0-49db-aa57-acca1dd387bd: receive RaftClientReply:client-0C76110B8A2B->ed5d81fa-aaf0-49db-aa57-acca1dd387bd@group-729F0664FEA8, cid=1140, SUCCESS, logIndex=1663, commits[ed5d81fa-aaf0-49db-aa57-acca1dd387bd:c1664]
2019-09-10 22:11:55,705 [SCMBlockDeletingService#1] DEBUG block.SCMBlockDeletingService (SCMBlockDeletingService.java:call(138)) - Running DeletedBlockTransactionScanner
2019-09-10 22:11:55,706 [SCMBlockDeletingService#1] DEBUG block.SCMBlockDeletingService (SCMBlockDeletingService.java:call(155)) - Scanned deleted blocks log and got 0 delTX to process.
2019-09-10 22:11:55,712 [grpc-default-executor-0] INFO  client.GrpcClientProtocolClient (GrpcClientProtocolClient.java:onNext(255)) - client-0C76110B8A2B->ed5d81fa-aaf0-49db-aa57-acca1dd387bd: receive RaftClientReply:client-0C76110B8A2B->ed5d81fa-aaf0-49db-aa57-acca1dd387bd@group-729F0664FEA8, cid=1141, SUCCESS, logIndex=1666, commits[ed5d81fa-aaf0-49db-aa57-acca1dd387bd:c1667]
2019-09-10 22:11:55,712 [grpc-default-executor-0] INFO  client.GrpcClientProtocolClient (GrpcClientProtocolClient.java:onNext(255)) - client-0C76110B8A2B->ed5d81fa-aaf0-49db-aa57-acca1dd387bd: receive RaftClientReply:client-0C76110B8A2B->ed5d81fa-aaf0-49db-aa57-acca1dd387bd@group-729F0664FEA8, cid=1142, SUCCESS, logIndex=1667, commits[ed5d81fa-aaf0-49db-aa57-acca1dd387bd:c1669]
2019-09-10 22:11:55,712 [grpc-default-executor-0] INFO  client.GrpcClientProtocolClient (GrpcClientProtocolClient.java:onNext(255)) - client-0C76110B8A2B->ed5d81fa-aaf0-49db-aa57-acca1dd387bd: receive RaftClientReply:client-0C76110B8A2B->ed5d81fa-aaf0-49db-aa57-acca1dd387bd@group-729F0664FEA8, cid=1143, SUCCESS, logIndex=1668, commits[ed5d81fa-aaf0-49db-aa57-acca1dd387bd:c1670]
2019-09-10 22:11:55,713 [grpc-default-executor-0] INFO  client.GrpcClientProtocolClient (GrpcClientProtocolClient.java:onNext(255)) - client-0C76110B8A2B->ed5d81fa-aaf0-49db-aa57-acca1dd387bd: receive RaftClientReply:client-0C76110B8A2B->ed5d81fa-aaf0-49db-aa57-acca1dd387bd@group-729F0664FEA8, cid=1144, SUCCESS, logIndex=1669, commits[ed5d81fa-aaf0-49db-aa57-acca1dd387bd:c1671]
2019-09-10 22:11:55,738 [grpc-default-executor-0] INFO  client.GrpcClientProtocolClient (GrpcClientProtocolClient.java:onNext(255)) - client-0C76110B8A2B->ed5d81fa-aaf0-49db-aa57-acca1dd387bd: receive RaftClientReply:client-0C76110B8A2B->ed5d81fa-aaf0-49db-aa57-acca1dd387bd@group-729F0664FEA8, cid=1145, SUCCESS, logIndex=1672, commits[ed5d81fa-aaf0-49db-aa57-acca1dd387bd:c1673]
2019-09-10 22:11:55,739 [grpc-default-executor-0] INFO  client.GrpcClientProtocolClient (GrpcClientProtocolClient.java:onNext(255)) - client-0C76110B8A2B->ed5d81fa-aaf0-49db-aa57-acca1dd387bd: receive RaftClientReply:client-0C76110B8A2B->ed5d81fa-aaf0-49db-aa57-acca1dd387bd@group-729F0664FEA8, cid=1146, SUCCESS, logIndex=1673, commits[ed5d81fa-aaf0-49db-aa57-acca1dd387bd:c1675]
2019-09-10 22:11:55,739 [grpc-default-executor-0] INFO  client.GrpcClientProtocolClient (GrpcClientProtocolClient.java:onNext(255)) - client-0C76110B8A2B->ed5d81fa-aaf0-49db-aa57-acca1dd387bd: receive RaftClientReply:client-0C76110B8A2B->ed5d81fa-aaf0-49db-aa57-acca1dd387bd@group-729F0664FEA8, cid=1147, SUCCESS, logIndex=1674, commits[ed5d81fa-aaf0-49db-aa57-acca1dd387bd:c1676]
2019-09-10 22:11:55,739 [grpc-default-executor-0] INFO  client.GrpcClientProtocolClient (GrpcClientProtocolClient.java:onNext(255)) - client-0C76110B8A2B->ed5d81fa-aaf0-49db-aa57-acca1dd387bd: receive RaftClientReply:client-0C76110B8A2B->ed5d81fa-aaf0-49db-aa57-acca1dd387bd@group-729F0664FEA8, cid=1148, SUCCESS, logIndex=1675, commits[ed5d81fa-aaf0-49db-aa57-acca1dd387bd:c1677]
2019-09-10 22:11:55,806 [SCMBlockDeletingService#1] DEBUG block.SCMBlockDeletingService (SCMBlockDeletingService.java:call(138)) - Running DeletedBlockTransactionScanner
2019-09-10 22:11:55,807 [SCMBlockDeletingService#1] DEBUG block.SCMBlockDeletingService (SCMBlockDeletingService.java:call(155)) - Scanned deleted blocks log and got 0 delTX to process.
2019-09-10 22:11:55,860 [grpc-default-executor-1] INFO  client.GrpcClientProtocolClient (GrpcClientProtocolClient.java:onNext(255)) - client-0C76110B8A2B->ed5d81fa-aaf0-49db-aa57-acca1dd387bd: receive RaftClientReply:client-0C76110B8A2B->ed5d81fa-aaf0-49db-aa57-acca1dd387bd@group-729F0664FEA8, cid=1149, SUCCESS, logIndex=1678, commits[ed5d81fa-aaf0-49db-aa57-acca1dd387bd:c1679]
2019-09-10 22:11:55,861 [grpc-default-executor-1] INFO  client.GrpcClientProtocolClient (GrpcClientProtocolClient.java:onNext(255)) - client-0C76110B8A2B->ed5d81fa-aaf0-49db-aa57-acca1dd387bd: receive RaftClientReply:client-0C76110B8A2B->ed5d81fa-aaf0-49db-aa57-acca1dd387bd@group-729F0664FEA8, cid=1150, SUCCESS, logIndex=1679, commits[ed5d81fa-aaf0-49db-aa57-acca1dd387bd:c1681]
2019-09-10 22:11:55,861 [grpc-default-executor-1] INFO  client.GrpcClientProtocolClient (GrpcClientProtocolClient.java:onNext(255)) - client-0C76110B8A2B->ed5d81fa-aaf0-49db-aa57-acca1dd387bd: receive RaftClientReply:client-0C76110B8A2B->ed5d81fa-aaf0-49db-aa57-acca1dd387bd@group-729F0664FEA8, cid=1151, SUCCESS, logIndex=1680, commits[ed5d81fa-aaf0-49db-aa57-acca1dd387bd:c1682]
2019-09-10 22:11:55,862 [grpc-default-executor-1] INFO  client.GrpcClientProtocolClient (GrpcClientProtocolClient.java:onNext(255)) - client-0C76110B8A2B->ed5d81fa-aaf0-49db-aa57-acca1dd387bd: receive RaftClientReply:client-0C76110B8A2B->ed5d81fa-aaf0-49db-aa57-acca1dd387bd@group-729F0664FEA8, cid=1152, SUCCESS, logIndex=1681, commits[ed5d81fa-aaf0-49db-aa57-acca1dd387bd:c1683]
2019-09-10 22:11:55,889 [grpc-default-executor-1] INFO  client.GrpcClientProtocolClient (GrpcClientProtocolClient.java:onNext(255)) - client-0C76110B8A2B->ed5d81fa-aaf0-49db-aa57-acca1dd387bd: receive RaftClientReply:client-0C76110B8A2B->ed5d81fa-aaf0-49db-aa57-acca1dd387bd@group-729F0664FEA8, cid=1153, SUCCESS, logIndex=1684, commits[ed5d81fa-aaf0-49db-aa57-acca1dd387bd:c1685]
2019-09-10 22:11:55,890 [grpc-default-executor-1] INFO  client.GrpcClientProtocolClient (GrpcClientProtocolClient.java:onNext(255)) - client-0C76110B8A2B->ed5d81fa-aaf0-49db-aa57-acca1dd387bd: receive RaftClientReply:client-0C76110B8A2B->ed5d81fa-aaf0-49db-aa57-acca1dd387bd@group-729F0664FEA8, cid=1154, SUCCESS, logIndex=1685, commits[ed5d81fa-aaf0-49db-aa57-acca1dd387bd:c1687]
2019-09-10 22:11:55,890 [grpc-default-executor-1] INFO  client.GrpcClientProtocolClient (GrpcClientProtocolClient.java:onNext(255)) - client-0C76110B8A2B->ed5d81fa-aaf0-49db-aa57-acca1dd387bd: receive RaftClientReply:client-0C76110B8A2B->ed5d81fa-aaf0-49db-aa57-acca1dd387bd@group-729F0664FEA8, cid=1155, SUCCESS, logIndex=1686, commits[ed5d81fa-aaf0-49db-aa57-acca1dd387bd:c1688]
2019-09-10 22:11:55,890 [grpc-default-executor-1] INFO  client.GrpcClientProtocolClient (GrpcClientProtocolClient.java:onNext(255)) - client-0C76110B8A2B->ed5d81fa-aaf0-49db-aa57-acca1dd387bd: receive RaftClientReply:client-0C76110B8A2B->ed5d81fa-aaf0-49db-aa57-acca1dd387bd@group-729F0664FEA8, cid=1156, SUCCESS, logIndex=1687, commits[ed5d81fa-aaf0-49db-aa57-acca1dd387bd:c1688]
2019-09-10 22:11:55,907 [SCMBlockDeletingService#1] DEBUG block.SCMBlockDeletingService (SCMBlockDeletingService.java:call(138)) - Running DeletedBlockTransactionScanner
2019-09-10 22:11:55,907 [SCMBlockDeletingService#1] DEBUG block.SCMBlockDeletingService (SCMBlockDeletingService.java:call(155)) - Scanned deleted blocks log and got 0 delTX to process.
2019-09-10 22:11:55,912 [grpc-default-executor-1] INFO  client.GrpcClientProtocolClient (GrpcClientProtocolClient.java:onNext(255)) - client-0C76110B8A2B->ed5d81fa-aaf0-49db-aa57-acca1dd387bd: receive RaftClientReply:client-0C76110B8A2B->ed5d81fa-aaf0-49db-aa57-acca1dd387bd@group-729F0664FEA8, cid=1157, SUCCESS, logIndex=1690, commits[ed5d81fa-aaf0-49db-aa57-acca1dd387bd:c1691]
2019-09-10 22:11:55,913 [grpc-default-executor-1] INFO  client.GrpcClientProtocolClient (GrpcClientProtocolClient.java:onNext(255)) - client-0C76110B8A2B->ed5d81fa-aaf0-49db-aa57-acca1dd387bd: receive RaftClientReply:client-0C76110B8A2B->ed5d81fa-aaf0-49db-aa57-acca1dd387bd@group-729F0664FEA8, cid=1158, SUCCESS, logIndex=1691, commits[ed5d81fa-aaf0-49db-aa57-acca1dd387bd:c1694]
2019-09-10 22:11:55,913 [grpc-default-executor-1] INFO  client.GrpcClientProtocolClient (GrpcClientProtocolClient.java:onNext(255)) - client-0C76110B8A2B->ed5d81fa-aaf0-49db-aa57-acca1dd387bd: receive RaftClientReply:client-0C76110B8A2B->ed5d81fa-aaf0-49db-aa57-acca1dd387bd@group-729F0664FEA8, cid=1159, SUCCESS, logIndex=1692, commits[ed5d81fa-aaf0-49db-aa57-acca1dd387bd:c1694]
2019-09-10 22:11:55,914 [grpc-default-executor-1] INFO  client.GrpcClientProtocolClient (GrpcClientProtocolClient.java:onNext(255)) - client-0C76110B8A2B->ed5d81fa-aaf0-49db-aa57-acca1dd387bd: receive RaftClientReply:client-0C76110B8A2B->ed5d81fa-aaf0-49db-aa57-acca1dd387bd@group-729F0664FEA8, cid=1160, SUCCESS, logIndex=1693, commits[ed5d81fa-aaf0-49db-aa57-acca1dd387bd:c1695]
2019-09-10 22:11:55,940 [grpc-default-executor-1] INFO  client.GrpcClientProtocolClient (GrpcClientProtocolClient.java:onNext(255)) - client-0C76110B8A2B->ed5d81fa-aaf0-49db-aa57-acca1dd387bd: receive RaftClientReply:client-0C76110B8A2B->ed5d81fa-aaf0-49db-aa57-acca1dd387bd@group-729F0664FEA8, cid=1161, SUCCESS, logIndex=1696, commits[ed5d81fa-aaf0-49db-aa57-acca1dd387bd:c1697]
2019-09-10 22:11:55,940 [grpc-default-executor-1] INFO  client.GrpcClientProtocolClient (GrpcClientProtocolClient.java:onNext(255)) - client-0C76110B8A2B->ed5d81fa-aaf0-49db-aa57-acca1dd387bd: receive RaftClientReply:client-0C76110B8A2B->ed5d81fa-aaf0-49db-aa57-acca1dd387bd@group-729F0664FEA8, cid=1162, SUCCESS, logIndex=1697, commits[ed5d81fa-aaf0-49db-aa57-acca1dd387bd:c1699]
2019-09-10 22:11:55,941 [grpc-default-executor-1] INFO  client.GrpcClientProtocolClient (GrpcClientProtocolClient.java:onNext(255)) - client-0C76110B8A2B->ed5d81fa-aaf0-49db-aa57-acca1dd387bd: receive RaftClientReply:client-0C76110B8A2B->ed5d81fa-aaf0-49db-aa57-acca1dd387bd@group-729F0664FEA8, cid=1163, SUCCESS, logIndex=1698, commits[ed5d81fa-aaf0-49db-aa57-acca1dd387bd:c1700]
2019-09-10 22:11:55,941 [grpc-default-executor-1] INFO  client.GrpcClientProtocolClient (GrpcClientProtocolClient.java:onNext(255)) - client-0C76110B8A2B->ed5d81fa-aaf0-49db-aa57-acca1dd387bd: receive RaftClientReply:client-0C76110B8A2B->ed5d81fa-aaf0-49db-aa57-acca1dd387bd@group-729F0664FEA8, cid=1164, SUCCESS, logIndex=1699, commits[ed5d81fa-aaf0-49db-aa57-acca1dd387bd:c1700]
2019-09-10 22:11:55,961 [grpc-default-executor-1] INFO  client.GrpcClientProtocolClient (GrpcClientProtocolClient.java:onNext(255)) - client-0C76110B8A2B->ed5d81fa-aaf0-49db-aa57-acca1dd387bd: receive RaftClientReply:client-0C76110B8A2B->ed5d81fa-aaf0-49db-aa57-acca1dd387bd@group-729F0664FEA8, cid=1165, SUCCESS, logIndex=1702, commits[ed5d81fa-aaf0-49db-aa57-acca1dd387bd:c1703]
2019-09-10 22:11:55,961 [grpc-default-executor-1] INFO  client.GrpcClientProtocolClient (GrpcClientProtocolClient.java:onNext(255)) - client-0C76110B8A2B->ed5d81fa-aaf0-49db-aa57-acca1dd387bd: receive RaftClientReply:client-0C76110B8A2B->ed5d81fa-aaf0-49db-aa57-acca1dd387bd@group-729F0664FEA8, cid=1166, SUCCESS, logIndex=1703, commits[ed5d81fa-aaf0-49db-aa57-acca1dd387bd:c1705]
2019-09-10 22:11:55,962 [grpc-default-executor-1] INFO  client.GrpcClientProtocolClient (GrpcClientProtocolClient.java:onNext(255)) - client-0C76110B8A2B->ed5d81fa-aaf0-49db-aa57-acca1dd387bd: receive RaftClientReply:client-0C76110B8A2B->ed5d81fa-aaf0-49db-aa57-acca1dd387bd@group-729F0664FEA8, cid=1167, SUCCESS, logIndex=1704, commits[ed5d81fa-aaf0-49db-aa57-acca1dd387bd:c1706]
2019-09-10 22:11:55,962 [grpc-default-executor-1] INFO  client.GrpcClientProtocolClient (GrpcClientProtocolClient.java:onNext(255)) - client-0C76110B8A2B->ed5d81fa-aaf0-49db-aa57-acca1dd387bd: receive RaftClientReply:client-0C76110B8A2B->ed5d81fa-aaf0-49db-aa57-acca1dd387bd@group-729F0664FEA8, cid=1168, SUCCESS, logIndex=1705, commits[ed5d81fa-aaf0-49db-aa57-acca1dd387bd:c1706]
2019-09-10 22:11:55,990 [grpc-default-executor-1] INFO  client.GrpcClientProtocolClient (GrpcClientProtocolClient.java:onNext(255)) - client-0C76110B8A2B->ed5d81fa-aaf0-49db-aa57-acca1dd387bd: receive RaftClientReply:client-0C76110B8A2B->ed5d81fa-aaf0-49db-aa57-acca1dd387bd@group-729F0664FEA8, cid=1169, SUCCESS, logIndex=1708, commits[ed5d81fa-aaf0-49db-aa57-acca1dd387bd:c1709]
2019-09-10 22:11:55,991 [grpc-default-executor-1] INFO  client.GrpcClientProtocolClient (GrpcClientProtocolClient.java:onNext(255)) - client-0C76110B8A2B->ed5d81fa-aaf0-49db-aa57-acca1dd387bd: receive RaftClientReply:client-0C76110B8A2B->ed5d81fa-aaf0-49db-aa57-acca1dd387bd@group-729F0664FEA8, cid=1170, SUCCESS, logIndex=1709, commits[ed5d81fa-aaf0-49db-aa57-acca1dd387bd:c1711]
2019-09-10 22:11:55,991 [grpc-default-executor-1] INFO  client.GrpcClientProtocolClient (GrpcClientProtocolClient.java:onNext(255)) - client-0C76110B8A2B->ed5d81fa-aaf0-49db-aa57-acca1dd387bd: receive RaftClientReply:client-0C76110B8A2B->ed5d81fa-aaf0-49db-aa57-acca1dd387bd@group-729F0664FEA8, cid=1171, SUCCESS, logIndex=1710, commits[ed5d81fa-aaf0-49db-aa57-acca1dd387bd:c1711]
2019-09-10 22:11:55,992 [grpc-default-executor-1] INFO  client.GrpcClientProtocolClient (GrpcClientProtocolClient.java:onNext(255)) - client-0C76110B8A2B->ed5d81fa-aaf0-49db-aa57-acca1dd387bd: receive RaftClientReply:client-0C76110B8A2B->ed5d81fa-aaf0-49db-aa57-acca1dd387bd@group-729F0664FEA8, cid=1172, SUCCESS, logIndex=1711, commits[ed5d81fa-aaf0-49db-aa57-acca1dd387bd:c1712]
2019-09-10 22:11:56,008 [SCMBlockDeletingService#1] DEBUG block.SCMBlockDeletingService (SCMBlockDeletingService.java:call(138)) - Running DeletedBlockTransactionScanner
2019-09-10 22:11:56,008 [SCMBlockDeletingService#1] DEBUG block.SCMBlockDeletingService (SCMBlockDeletingService.java:call(155)) - Scanned deleted blocks log and got 0 delTX to process.
2019-09-10 22:11:56,012 [grpc-default-executor-1] INFO  client.GrpcClientProtocolClient (GrpcClientProtocolClient.java:onNext(255)) - client-0C76110B8A2B->ed5d81fa-aaf0-49db-aa57-acca1dd387bd: receive RaftClientReply:client-0C76110B8A2B->ed5d81fa-aaf0-49db-aa57-acca1dd387bd@group-729F0664FEA8, cid=1173, SUCCESS, logIndex=1714, commits[ed5d81fa-aaf0-49db-aa57-acca1dd387bd:c1715]
2019-09-10 22:11:56,012 [grpc-default-executor-1] INFO  client.GrpcClientProtocolClient (GrpcClientProtocolClient.java:onNext(255)) - client-0C76110B8A2B->ed5d81fa-aaf0-49db-aa57-acca1dd387bd: receive RaftClientReply:client-0C76110B8A2B->ed5d81fa-aaf0-49db-aa57-acca1dd387bd@group-729F0664FEA8, cid=1174, SUCCESS, logIndex=1715, commits[ed5d81fa-aaf0-49db-aa57-acca1dd387bd:c1715]
2019-09-10 22:11:56,013 [grpc-default-executor-1] INFO  client.GrpcClientProtocolClient (GrpcClientProtocolClient.java:onNext(255)) - client-0C76110B8A2B->ed5d81fa-aaf0-49db-aa57-acca1dd387bd: receive RaftClientReply:client-0C76110B8A2B->ed5d81fa-aaf0-49db-aa57-acca1dd387bd@group-729F0664FEA8, cid=1175, SUCCESS, logIndex=1716, commits[ed5d81fa-aaf0-49db-aa57-acca1dd387bd:c1717]
2019-09-10 22:11:56,013 [grpc-default-executor-1] INFO  client.GrpcClientProtocolClient (GrpcClientProtocolClient.java:onNext(255)) - client-0C76110B8A2B->ed5d81fa-aaf0-49db-aa57-acca1dd387bd: receive RaftClientReply:client-0C76110B8A2B->ed5d81fa-aaf0-49db-aa57-acca1dd387bd@group-729F0664FEA8, cid=1176, SUCCESS, logIndex=1717, commits[ed5d81fa-aaf0-49db-aa57-acca1dd387bd:c1718]
2019-09-10 22:11:56,043 [grpc-default-executor-1] INFO  client.GrpcClientProtocolClient (GrpcClientProtocolClient.java:onNext(255)) - client-0C76110B8A2B->ed5d81fa-aaf0-49db-aa57-acca1dd387bd: receive RaftClientReply:client-0C76110B8A2B->ed5d81fa-aaf0-49db-aa57-acca1dd387bd@group-729F0664FEA8, cid=1177, SUCCESS, logIndex=1720, commits[ed5d81fa-aaf0-49db-aa57-acca1dd387bd:c1721]
2019-09-10 22:11:56,044 [grpc-default-executor-1] INFO  client.GrpcClientProtocolClient (GrpcClientProtocolClient.java:onNext(255)) - client-0C76110B8A2B->ed5d81fa-aaf0-49db-aa57-acca1dd387bd: receive RaftClientReply:client-0C76110B8A2B->ed5d81fa-aaf0-49db-aa57-acca1dd387bd@group-729F0664FEA8, cid=1178, SUCCESS, logIndex=1721, commits[ed5d81fa-aaf0-49db-aa57-acca1dd387bd:c1721]
2019-09-10 22:11:56,044 [grpc-default-executor-1] INFO  client.GrpcClientProtocolClient (GrpcClientProtocolClient.java:onNext(255)) - client-0C76110B8A2B->ed5d81fa-aaf0-49db-aa57-acca1dd387bd: receive RaftClientReply:client-0C76110B8A2B->ed5d81fa-aaf0-49db-aa57-acca1dd387bd@group-729F0664FEA8, cid=1179, SUCCESS, logIndex=1722, commits[ed5d81fa-aaf0-49db-aa57-acca1dd387bd:c1723]
2019-09-10 22:11:56,044 [grpc-default-executor-1] INFO  client.GrpcClientProtocolClient (GrpcClientProtocolClient.java:onNext(255)) - client-0C76110B8A2B->ed5d81fa-aaf0-49db-aa57-acca1dd387bd: receive RaftClientReply:client-0C76110B8A2B->ed5d81fa-aaf0-49db-aa57-acca1dd387bd@group-729F0664FEA8, cid=1180, SUCCESS, logIndex=1723, commits[ed5d81fa-aaf0-49db-aa57-acca1dd387bd:c1724]
2019-09-10 22:11:56,064 [grpc-default-executor-1] INFO  client.GrpcClientProtocolClient (GrpcClientProtocolClient.java:onNext(255)) - client-0C76110B8A2B->ed5d81fa-aaf0-49db-aa57-acca1dd387bd: receive RaftClientReply:client-0C76110B8A2B->ed5d81fa-aaf0-49db-aa57-acca1dd387bd@group-729F0664FEA8, cid=1181, SUCCESS, logIndex=1726, commits[ed5d81fa-aaf0-49db-aa57-acca1dd387bd:c1727]
2019-09-10 22:11:56,065 [grpc-default-executor-1] INFO  client.GrpcClientProtocolClient (GrpcClientProtocolClient.java:onNext(255)) - client-0C76110B8A2B->ed5d81fa-aaf0-49db-aa57-acca1dd387bd: receive RaftClientReply:client-0C76110B8A2B->ed5d81fa-aaf0-49db-aa57-acca1dd387bd@group-729F0664FEA8, cid=1182, SUCCESS, logIndex=1727, commits[ed5d81fa-aaf0-49db-aa57-acca1dd387bd:c1727]
2019-09-10 22:11:56,065 [grpc-default-executor-1] INFO  client.GrpcClientProtocolClient (GrpcClientProtocolClient.java:onNext(255)) - client-0C76110B8A2B->ed5d81fa-aaf0-49db-aa57-acca1dd387bd: receive RaftClientReply:client-0C76110B8A2B->ed5d81fa-aaf0-49db-aa57-acca1dd387bd@group-729F0664FEA8, cid=1183, SUCCESS, logIndex=1728, commits[ed5d81fa-aaf0-49db-aa57-acca1dd387bd:c1729]
2019-09-10 22:11:56,065 [grpc-default-executor-1] INFO  client.GrpcClientProtocolClient (GrpcClientProtocolClient.java:onNext(255)) - client-0C76110B8A2B->ed5d81fa-aaf0-49db-aa57-acca1dd387bd: receive RaftClientReply:client-0C76110B8A2B->ed5d81fa-aaf0-49db-aa57-acca1dd387bd@group-729F0664FEA8, cid=1184, SUCCESS, logIndex=1729, commits[ed5d81fa-aaf0-49db-aa57-acca1dd387bd:c1730]
2019-09-10 22:11:56,092 [grpc-default-executor-0] INFO  client.GrpcClientProtocolClient (GrpcClientProtocolClient.java:onNext(255)) - client-0C76110B8A2B->ed5d81fa-aaf0-49db-aa57-acca1dd387bd: receive RaftClientReply:client-0C76110B8A2B->ed5d81fa-aaf0-49db-aa57-acca1dd387bd@group-729F0664FEA8, cid=1185, SUCCESS, logIndex=1732, commits[ed5d81fa-aaf0-49db-aa57-acca1dd387bd:c1733]
2019-09-10 22:11:56,092 [grpc-default-executor-0] INFO  client.GrpcClientProtocolClient (GrpcClientProtocolClient.java:onNext(255)) - client-0C76110B8A2B->ed5d81fa-aaf0-49db-aa57-acca1dd387bd: receive RaftClientReply:client-0C76110B8A2B->ed5d81fa-aaf0-49db-aa57-acca1dd387bd@group-729F0664FEA8, cid=1186, SUCCESS, logIndex=1733, commits[ed5d81fa-aaf0-49db-aa57-acca1dd387bd:c1735]
2019-09-10 22:11:56,093 [grpc-default-executor-0] INFO  client.GrpcClientProtocolClient (GrpcClientProtocolClient.java:onNext(255)) - client-0C76110B8A2B->ed5d81fa-aaf0-49db-aa57-acca1dd387bd: receive RaftClientReply:client-0C76110B8A2B->ed5d81fa-aaf0-49db-aa57-acca1dd387bd@group-729F0664FEA8, cid=1187, SUCCESS, logIndex=1734, commits[ed5d81fa-aaf0-49db-aa57-acca1dd387bd:c1735]
2019-09-10 22:11:56,093 [grpc-default-executor-0] INFO  client.GrpcClientProtocolClient (GrpcClientProtocolClient.java:onNext(255)) - client-0C76110B8A2B->ed5d81fa-aaf0-49db-aa57-acca1dd387bd: receive RaftClientReply:client-0C76110B8A2B->ed5d81fa-aaf0-49db-aa57-acca1dd387bd@group-729F0664FEA8, cid=1188, SUCCESS, logIndex=1735, commits[ed5d81fa-aaf0-49db-aa57-acca1dd387bd:c1735]
2019-09-10 22:11:56,103 [grpc-default-executor-0] INFO  client.GrpcClientProtocolClient (GrpcClientProtocolClient.java:onNext(255)) - client-0C76110B8A2B->ed5d81fa-aaf0-49db-aa57-acca1dd387bd: receive RaftClientReply:client-0C76110B8A2B->ed5d81fa-aaf0-49db-aa57-acca1dd387bd@group-729F0664FEA8, cid=1189, SUCCESS, logIndex=1738, commits[ed5d81fa-aaf0-49db-aa57-acca1dd387bd:c1739]
2019-09-10 22:11:56,104 [grpc-default-executor-0] INFO  client.GrpcClientProtocolClient (GrpcClientProtocolClient.java:onNext(255)) - client-0C76110B8A2B->ed5d81fa-aaf0-49db-aa57-acca1dd387bd: receive RaftClientReply:client-0C76110B8A2B->ed5d81fa-aaf0-49db-aa57-acca1dd387bd@group-729F0664FEA8, cid=1190, SUCCESS, logIndex=1739, commits[ed5d81fa-aaf0-49db-aa57-acca1dd387bd:c1739]
2019-09-10 22:11:56,109 [SCMBlockDeletingService#1] DEBUG block.SCMBlockDeletingService (SCMBlockDeletingService.java:call(138)) - Running DeletedBlockTransactionScanner
2019-09-10 22:11:56,109 [SCMBlockDeletingService#1] DEBUG block.SCMBlockDeletingService (SCMBlockDeletingService.java:call(155)) - Scanned deleted blocks log and got 0 delTX to process.
2019-09-10 22:11:56,114 [grpc-default-executor-0] INFO  client.GrpcClientProtocolClient (GrpcClientProtocolClient.java:onNext(255)) - client-0C76110B8A2B->ed5d81fa-aaf0-49db-aa57-acca1dd387bd: receive RaftClientReply:client-0C76110B8A2B->ed5d81fa-aaf0-49db-aa57-acca1dd387bd@group-729F0664FEA8, cid=1191, SUCCESS, logIndex=1740, commits[ed5d81fa-aaf0-49db-aa57-acca1dd387bd:c1742]
2019-09-10 22:11:56,114 [grpc-default-executor-0] INFO  client.GrpcClientProtocolClient (GrpcClientProtocolClient.java:onNext(255)) - client-0C76110B8A2B->ed5d81fa-aaf0-49db-aa57-acca1dd387bd: receive RaftClientReply:client-0C76110B8A2B->ed5d81fa-aaf0-49db-aa57-acca1dd387bd@group-729F0664FEA8, cid=1192, SUCCESS, logIndex=1742, commits[ed5d81fa-aaf0-49db-aa57-acca1dd387bd:c1743]
2019-09-10 22:11:56,209 [SCMBlockDeletingService#1] DEBUG block.SCMBlockDeletingService (SCMBlockDeletingService.java:call(138)) - Running DeletedBlockTransactionScanner
2019-09-10 22:11:56,210 [SCMBlockDeletingService#1] DEBUG block.SCMBlockDeletingService (SCMBlockDeletingService.java:call(155)) - Scanned deleted blocks log and got 0 delTX to process.
2019-09-10 22:11:56,310 [SCMBlockDeletingService#1] DEBUG block.SCMBlockDeletingService (SCMBlockDeletingService.java:call(138)) - Running DeletedBlockTransactionScanner
2019-09-10 22:11:56,311 [SCMBlockDeletingService#1] DEBUG block.SCMBlockDeletingService (SCMBlockDeletingService.java:call(155)) - Scanned deleted blocks log and got 0 delTX to process.
2019-09-10 22:11:56,344 [grpc-default-executor-1] INFO  client.GrpcClientProtocolClient (GrpcClientProtocolClient.java:onNext(255)) - client-0C76110B8A2B->ed5d81fa-aaf0-49db-aa57-acca1dd387bd: receive RaftClientReply:client-0C76110B8A2B->ed5d81fa-aaf0-49db-aa57-acca1dd387bd@group-729F0664FEA8, cid=1193, SUCCESS, logIndex=1744, commits[ed5d81fa-aaf0-49db-aa57-acca1dd387bd:c1747]
2019-09-10 22:11:56,345 [grpc-default-executor-1] INFO  client.GrpcClientProtocolClient (GrpcClientProtocolClient.java:onNext(255)) - client-0C76110B8A2B->ed5d81fa-aaf0-49db-aa57-acca1dd387bd: receive RaftClientReply:client-0C76110B8A2B->ed5d81fa-aaf0-49db-aa57-acca1dd387bd@group-729F0664FEA8, cid=1194, SUCCESS, logIndex=1745, commits[ed5d81fa-aaf0-49db-aa57-acca1dd387bd:c1748]
2019-09-10 22:11:56,346 [grpc-default-executor-1] INFO  client.GrpcClientProtocolClient (GrpcClientProtocolClient.java:onNext(255)) - client-0C76110B8A2B->ed5d81fa-aaf0-49db-aa57-acca1dd387bd: receive RaftClientReply:client-0C76110B8A2B->ed5d81fa-aaf0-49db-aa57-acca1dd387bd@group-729F0664FEA8, cid=1195, SUCCESS, logIndex=1746, commits[ed5d81fa-aaf0-49db-aa57-acca1dd387bd:c1748]
2019-09-10 22:11:56,346 [grpc-default-executor-1] INFO  client.GrpcClientProtocolClient (GrpcClientProtocolClient.java:onNext(255)) - client-0C76110B8A2B->ed5d81fa-aaf0-49db-aa57-acca1dd387bd: receive RaftClientReply:client-0C76110B8A2B->ed5d81fa-aaf0-49db-aa57-acca1dd387bd@group-729F0664FEA8, cid=1196, SUCCESS, logIndex=1747, commits[ed5d81fa-aaf0-49db-aa57-acca1dd387bd:c1748]
2019-09-10 22:11:56,367 [grpc-default-executor-0] INFO  client.GrpcClientProtocolClient (GrpcClientProtocolClient.java:onNext(255)) - client-0C76110B8A2B->ed5d81fa-aaf0-49db-aa57-acca1dd387bd: receive RaftClientReply:client-0C76110B8A2B->ed5d81fa-aaf0-49db-aa57-acca1dd387bd@group-729F0664FEA8, cid=1197, SUCCESS, logIndex=1749, commits[ed5d81fa-aaf0-49db-aa57-acca1dd387bd:c1750]
2019-09-10 22:11:56,367 [grpc-default-executor-0] INFO  client.GrpcClientProtocolClient (GrpcClientProtocolClient.java:onNext(255)) - client-0C76110B8A2B->ed5d81fa-aaf0-49db-aa57-acca1dd387bd: receive RaftClientReply:client-0C76110B8A2B->ed5d81fa-aaf0-49db-aa57-acca1dd387bd@group-729F0664FEA8, cid=1198, SUCCESS, logIndex=1750, commits[ed5d81fa-aaf0-49db-aa57-acca1dd387bd:c1750]
2019-09-10 22:11:56,368 [grpc-default-executor-0] INFO  client.GrpcClientProtocolClient (GrpcClientProtocolClient.java:onNext(255)) - client-0C76110B8A2B->ed5d81fa-aaf0-49db-aa57-acca1dd387bd: receive RaftClientReply:client-0C76110B8A2B->ed5d81fa-aaf0-49db-aa57-acca1dd387bd@group-729F0664FEA8, cid=1199, SUCCESS, logIndex=1751, commits[ed5d81fa-aaf0-49db-aa57-acca1dd387bd:c1752]
2019-09-10 22:11:56,368 [grpc-default-executor-0] INFO  client.GrpcClientProtocolClient (GrpcClientProtocolClient.java:onNext(255)) - client-0C76110B8A2B->ed5d81fa-aaf0-49db-aa57-acca1dd387bd: receive RaftClientReply:client-0C76110B8A2B->ed5d81fa-aaf0-49db-aa57-acca1dd387bd@group-729F0664FEA8, cid=1200, SUCCESS, logIndex=1752, commits[ed5d81fa-aaf0-49db-aa57-acca1dd387bd:c1753]
2019-09-10 22:11:56,398 [grpc-default-executor-1] INFO  client.GrpcClientProtocolClient (GrpcClientProtocolClient.java:onNext(255)) - client-0C76110B8A2B->ed5d81fa-aaf0-49db-aa57-acca1dd387bd: receive RaftClientReply:client-0C76110B8A2B->ed5d81fa-aaf0-49db-aa57-acca1dd387bd@group-729F0664FEA8, cid=1201, SUCCESS, logIndex=1755, commits[ed5d81fa-aaf0-49db-aa57-acca1dd387bd:c1756]
2019-09-10 22:11:56,398 [grpc-default-executor-1] INFO  client.GrpcClientProtocolClient (GrpcClientProtocolClient.java:onNext(255)) - client-0C76110B8A2B->ed5d81fa-aaf0-49db-aa57-acca1dd387bd: receive RaftClientReply:client-0C76110B8A2B->ed5d81fa-aaf0-49db-aa57-acca1dd387bd@group-729F0664FEA8, cid=1202, SUCCESS, logIndex=1756, commits[ed5d81fa-aaf0-49db-aa57-acca1dd387bd:c1758]
2019-09-10 22:11:56,399 [grpc-default-executor-1] INFO  client.GrpcClientProtocolClient (GrpcClientProtocolClient.java:onNext(255)) - client-0C76110B8A2B->ed5d81fa-aaf0-49db-aa57-acca1dd387bd: receive RaftClientReply:client-0C76110B8A2B->ed5d81fa-aaf0-49db-aa57-acca1dd387bd@group-729F0664FEA8, cid=1203, SUCCESS, logIndex=1757, commits[ed5d81fa-aaf0-49db-aa57-acca1dd387bd:c1759]
2019-09-10 22:11:56,399 [grpc-default-executor-1] INFO  client.GrpcClientProtocolClient (GrpcClientProtocolClient.java:onNext(255)) - client-0C76110B8A2B->ed5d81fa-aaf0-49db-aa57-acca1dd387bd: receive RaftClientReply:client-0C76110B8A2B->ed5d81fa-aaf0-49db-aa57-acca1dd387bd@group-729F0664FEA8, cid=1204, SUCCESS, logIndex=1758, commits[ed5d81fa-aaf0-49db-aa57-acca1dd387bd:c1759]
2019-09-10 22:11:56,412 [SCMBlockDeletingService#1] DEBUG block.SCMBlockDeletingService (SCMBlockDeletingService.java:call(138)) - Running DeletedBlockTransactionScanner
2019-09-10 22:11:56,412 [SCMBlockDeletingService#1] DEBUG block.SCMBlockDeletingService (SCMBlockDeletingService.java:call(155)) - Scanned deleted blocks log and got 0 delTX to process.
2019-09-10 22:11:56,418 [grpc-default-executor-0] INFO  client.GrpcClientProtocolClient (GrpcClientProtocolClient.java:onNext(255)) - client-0C76110B8A2B->ed5d81fa-aaf0-49db-aa57-acca1dd387bd: receive RaftClientReply:client-0C76110B8A2B->ed5d81fa-aaf0-49db-aa57-acca1dd387bd@group-729F0664FEA8, cid=1205, SUCCESS, logIndex=1761, commits[ed5d81fa-aaf0-49db-aa57-acca1dd387bd:c1762]
2019-09-10 22:11:56,418 [grpc-default-executor-0] INFO  client.GrpcClientProtocolClient (GrpcClientProtocolClient.java:onNext(255)) - client-0C76110B8A2B->ed5d81fa-aaf0-49db-aa57-acca1dd387bd: receive RaftClientReply:client-0C76110B8A2B->ed5d81fa-aaf0-49db-aa57-acca1dd387bd@group-729F0664FEA8, cid=1206, SUCCESS, logIndex=1762, commits[ed5d81fa-aaf0-49db-aa57-acca1dd387bd:c1764]
2019-09-10 22:11:56,419 [grpc-default-executor-0] INFO  client.GrpcClientProtocolClient (GrpcClientProtocolClient.java:onNext(255)) - client-0C76110B8A2B->ed5d81fa-aaf0-49db-aa57-acca1dd387bd: receive RaftClientReply:client-0C76110B8A2B->ed5d81fa-aaf0-49db-aa57-acca1dd387bd@group-729F0664FEA8, cid=1207, SUCCESS, logIndex=1763, commits[ed5d81fa-aaf0-49db-aa57-acca1dd387bd:c1764]
2019-09-10 22:11:56,419 [grpc-default-executor-0] INFO  client.GrpcClientProtocolClient (GrpcClientProtocolClient.java:onNext(255)) - client-0C76110B8A2B->ed5d81fa-aaf0-49db-aa57-acca1dd387bd: receive RaftClientReply:client-0C76110B8A2B->ed5d81fa-aaf0-49db-aa57-acca1dd387bd@group-729F0664FEA8, cid=1208, SUCCESS, logIndex=1764, commits[ed5d81fa-aaf0-49db-aa57-acca1dd387bd:c1765]
2019-09-10 22:11:56,445 [grpc-default-executor-1] INFO  client.GrpcClientProtocolClient (GrpcClientProtocolClient.java:onNext(255)) - client-0C76110B8A2B->ed5d81fa-aaf0-49db-aa57-acca1dd387bd: receive RaftClientReply:client-0C76110B8A2B->ed5d81fa-aaf0-49db-aa57-acca1dd387bd@group-729F0664FEA8, cid=1209, SUCCESS, logIndex=1767, commits[ed5d81fa-aaf0-49db-aa57-acca1dd387bd:c1770]
2019-09-10 22:11:56,446 [grpc-default-executor-1] INFO  client.GrpcClientProtocolClient (GrpcClientProtocolClient.java:onNext(255)) - client-0C76110B8A2B->ed5d81fa-aaf0-49db-aa57-acca1dd387bd: receive RaftClientReply:client-0C76110B8A2B->ed5d81fa-aaf0-49db-aa57-acca1dd387bd@group-729F0664FEA8, cid=1210, SUCCESS, logIndex=1768, commits[ed5d81fa-aaf0-49db-aa57-acca1dd387bd:c1771]
2019-09-10 22:11:56,446 [grpc-default-executor-1] INFO  client.GrpcClientProtocolClient (GrpcClientProtocolClient.java:onNext(255)) - client-0C76110B8A2B->ed5d81fa-aaf0-49db-aa57-acca1dd387bd: receive RaftClientReply:client-0C76110B8A2B->ed5d81fa-aaf0-49db-aa57-acca1dd387bd@group-729F0664FEA8, cid=1211, SUCCESS, logIndex=1769, commits[ed5d81fa-aaf0-49db-aa57-acca1dd387bd:c1771]
2019-09-10 22:11:56,446 [grpc-default-executor-1] INFO  client.GrpcClientProtocolClient (GrpcClientProtocolClient.java:onNext(255)) - client-0C76110B8A2B->ed5d81fa-aaf0-49db-aa57-acca1dd387bd: receive RaftClientReply:client-0C76110B8A2B->ed5d81fa-aaf0-49db-aa57-acca1dd387bd@group-729F0664FEA8, cid=1212, SUCCESS, logIndex=1770, commits[ed5d81fa-aaf0-49db-aa57-acca1dd387bd:c1771]
2019-09-10 22:11:56,466 [grpc-default-executor-0] INFO  client.GrpcClientProtocolClient (GrpcClientProtocolClient.java:onNext(255)) - client-0C76110B8A2B->ed5d81fa-aaf0-49db-aa57-acca1dd387bd: receive RaftClientReply:client-0C76110B8A2B->ed5d81fa-aaf0-49db-aa57-acca1dd387bd@group-729F0664FEA8, cid=1213, SUCCESS, logIndex=1772, commits[ed5d81fa-aaf0-49db-aa57-acca1dd387bd:c1775]
2019-09-10 22:11:56,466 [grpc-default-executor-0] INFO  client.GrpcClientProtocolClient (GrpcClientProtocolClient.java:onNext(255)) - client-0C76110B8A2B->ed5d81fa-aaf0-49db-aa57-acca1dd387bd: receive RaftClientReply:client-0C76110B8A2B->ed5d81fa-aaf0-49db-aa57-acca1dd387bd@group-729F0664FEA8, cid=1214, SUCCESS, logIndex=1773, commits[ed5d81fa-aaf0-49db-aa57-acca1dd387bd:c1776]
2019-09-10 22:11:56,467 [grpc-default-executor-0] INFO  client.GrpcClientProtocolClient (GrpcClientProtocolClient.java:onNext(255)) - client-0C76110B8A2B->ed5d81fa-aaf0-49db-aa57-acca1dd387bd: receive RaftClientReply:client-0C76110B8A2B->ed5d81fa-aaf0-49db-aa57-acca1dd387bd@group-729F0664FEA8, cid=1215, SUCCESS, logIndex=1774, commits[ed5d81fa-aaf0-49db-aa57-acca1dd387bd:c1776]
2019-09-10 22:11:56,468 [grpc-default-executor-0] INFO  client.GrpcClientProtocolClient (GrpcClientProtocolClient.java:onNext(255)) - client-0C76110B8A2B->ed5d81fa-aaf0-49db-aa57-acca1dd387bd: receive RaftClientReply:client-0C76110B8A2B->ed5d81fa-aaf0-49db-aa57-acca1dd387bd@group-729F0664FEA8, cid=1216, SUCCESS, logIndex=1775, commits[ed5d81fa-aaf0-49db-aa57-acca1dd387bd:c1776]
2019-09-10 22:11:56,487 [grpc-default-executor-0] INFO  client.GrpcClientProtocolClient (GrpcClientProtocolClient.java:onNext(255)) - client-0C76110B8A2B->ed5d81fa-aaf0-49db-aa57-acca1dd387bd: receive RaftClientReply:client-0C76110B8A2B->ed5d81fa-aaf0-49db-aa57-acca1dd387bd@group-729F0664FEA8, cid=1217, SUCCESS, logIndex=1777, commits[ed5d81fa-aaf0-49db-aa57-acca1dd387bd:c1780]
2019-09-10 22:11:56,488 [grpc-default-executor-0] INFO  client.GrpcClientProtocolClient (GrpcClientProtocolClient.java:onNext(255)) - client-0C76110B8A2B->ed5d81fa-aaf0-49db-aa57-acca1dd387bd: receive RaftClientReply:client-0C76110B8A2B->ed5d81fa-aaf0-49db-aa57-acca1dd387bd@group-729F0664FEA8, cid=1218, SUCCESS, logIndex=1778, commits[ed5d81fa-aaf0-49db-aa57-acca1dd387bd:c1781]
2019-09-10 22:11:56,488 [grpc-default-executor-0] INFO  client.GrpcClientProtocolClient (GrpcClientProtocolClient.java:onNext(255)) - client-0C76110B8A2B->ed5d81fa-aaf0-49db-aa57-acca1dd387bd: receive RaftClientReply:client-0C76110B8A2B->ed5d81fa-aaf0-49db-aa57-acca1dd387bd@group-729F0664FEA8, cid=1219, SUCCESS, logIndex=1779, commits[ed5d81fa-aaf0-49db-aa57-acca1dd387bd:c1781]
2019-09-10 22:11:56,489 [grpc-default-executor-0] INFO  client.GrpcClientProtocolClient (GrpcClientProtocolClient.java:onNext(255)) - client-0C76110B8A2B->ed5d81fa-aaf0-49db-aa57-acca1dd387bd: receive RaftClientReply:client-0C76110B8A2B->ed5d81fa-aaf0-49db-aa57-acca1dd387bd@group-729F0664FEA8, cid=1220, SUCCESS, logIndex=1780, commits[ed5d81fa-aaf0-49db-aa57-acca1dd387bd:c1781]
2019-09-10 22:11:56,508 [grpc-default-executor-1] INFO  client.GrpcClientProtocolClient (GrpcClientProtocolClient.java:onNext(255)) - client-0C76110B8A2B->ed5d81fa-aaf0-49db-aa57-acca1dd387bd: receive RaftClientReply:client-0C76110B8A2B->ed5d81fa-aaf0-49db-aa57-acca1dd387bd@group-729F0664FEA8, cid=1221, SUCCESS, logIndex=1782, commits[ed5d81fa-aaf0-49db-aa57-acca1dd387bd:c1785]
2019-09-10 22:11:56,508 [grpc-default-executor-1] INFO  client.GrpcClientProtocolClient (GrpcClientProtocolClient.java:onNext(255)) - client-0C76110B8A2B->ed5d81fa-aaf0-49db-aa57-acca1dd387bd: receive RaftClientReply:client-0C76110B8A2B->ed5d81fa-aaf0-49db-aa57-acca1dd387bd@group-729F0664FEA8, cid=1222, SUCCESS, logIndex=1783, commits[ed5d81fa-aaf0-49db-aa57-acca1dd387bd:c1786]
2019-09-10 22:11:56,508 [grpc-default-executor-1] INFO  client.GrpcClientProtocolClient (GrpcClientProtocolClient.java:onNext(255)) - client-0C76110B8A2B->ed5d81fa-aaf0-49db-aa57-acca1dd387bd: receive RaftClientReply:client-0C76110B8A2B->ed5d81fa-aaf0-49db-aa57-acca1dd387bd@group-729F0664FEA8, cid=1223, SUCCESS, logIndex=1784, commits[ed5d81fa-aaf0-49db-aa57-acca1dd387bd:c1786]
2019-09-10 22:11:56,509 [grpc-default-executor-1] INFO  client.GrpcClientProtocolClient (GrpcClientProtocolClient.java:onNext(255)) - client-0C76110B8A2B->ed5d81fa-aaf0-49db-aa57-acca1dd387bd: receive RaftClientReply:client-0C76110B8A2B->ed5d81fa-aaf0-49db-aa57-acca1dd387bd@group-729F0664FEA8, cid=1224, SUCCESS, logIndex=1785, commits[ed5d81fa-aaf0-49db-aa57-acca1dd387bd:c1786]
2019-09-10 22:11:56,512 [SCMBlockDeletingService#1] DEBUG block.SCMBlockDeletingService (SCMBlockDeletingService.java:call(138)) - Running DeletedBlockTransactionScanner
2019-09-10 22:11:56,513 [SCMBlockDeletingService#1] DEBUG block.SCMBlockDeletingService (SCMBlockDeletingService.java:call(155)) - Scanned deleted blocks log and got 0 delTX to process.
2019-09-10 22:11:56,533 [grpc-default-executor-1] INFO  client.GrpcClientProtocolClient (GrpcClientProtocolClient.java:onNext(255)) - client-0C76110B8A2B->ed5d81fa-aaf0-49db-aa57-acca1dd387bd: receive RaftClientReply:client-0C76110B8A2B->ed5d81fa-aaf0-49db-aa57-acca1dd387bd@group-729F0664FEA8, cid=1225, SUCCESS, logIndex=1787, commits[ed5d81fa-aaf0-49db-aa57-acca1dd387bd:c1790]
2019-09-10 22:11:56,534 [grpc-default-executor-1] INFO  client.GrpcClientProtocolClient (GrpcClientProtocolClient.java:onNext(255)) - client-0C76110B8A2B->ed5d81fa-aaf0-49db-aa57-acca1dd387bd: receive RaftClientReply:client-0C76110B8A2B->ed5d81fa-aaf0-49db-aa57-acca1dd387bd@group-729F0664FEA8, cid=1226, SUCCESS, logIndex=1788, commits[ed5d81fa-aaf0-49db-aa57-acca1dd387bd:c1790]
2019-09-10 22:11:56,534 [grpc-default-executor-1] INFO  client.GrpcClientProtocolClient (GrpcClientProtocolClient.java:onNext(255)) - client-0C76110B8A2B->ed5d81fa-aaf0-49db-aa57-acca1dd387bd: receive RaftClientReply:client-0C76110B8A2B->ed5d81fa-aaf0-49db-aa57-acca1dd387bd@group-729F0664FEA8, cid=1227, SUCCESS, logIndex=1789, commits[ed5d81fa-aaf0-49db-aa57-acca1dd387bd:c1790]
2019-09-10 22:11:56,535 [grpc-default-executor-1] INFO  client.GrpcClientProtocolClient (GrpcClientProtocolClient.java:onNext(255)) - client-0C76110B8A2B->ed5d81fa-aaf0-49db-aa57-acca1dd387bd: receive RaftClientReply:client-0C76110B8A2B->ed5d81fa-aaf0-49db-aa57-acca1dd387bd@group-729F0664FEA8, cid=1228, SUCCESS, logIndex=1790, commits[ed5d81fa-aaf0-49db-aa57-acca1dd387bd:c1791]
2019-09-10 22:11:56,545 [grpc-default-executor-1] INFO  client.GrpcClientProtocolClient (GrpcClientProtocolClient.java:onNext(255)) - client-0C76110B8A2B->ed5d81fa-aaf0-49db-aa57-acca1dd387bd: receive RaftClientReply:client-0C76110B8A2B->ed5d81fa-aaf0-49db-aa57-acca1dd387bd@group-729F0664FEA8, cid=1229, SUCCESS, logIndex=1792, commits[ed5d81fa-aaf0-49db-aa57-acca1dd387bd:c1795]
2019-09-10 22:11:56,546 [grpc-default-executor-1] INFO  client.GrpcClientProtocolClient (GrpcClientProtocolClient.java:onNext(255)) - client-0C76110B8A2B->ed5d81fa-aaf0-49db-aa57-acca1dd387bd: receive RaftClientReply:client-0C76110B8A2B->ed5d81fa-aaf0-49db-aa57-acca1dd387bd@group-729F0664FEA8, cid=1230, SUCCESS, logIndex=1793, commits[ed5d81fa-aaf0-49db-aa57-acca1dd387bd:c1795]
2019-09-10 22:11:56,546 [grpc-default-executor-1] INFO  client.GrpcClientProtocolClient (GrpcClientProtocolClient.java:onNext(255)) - client-0C76110B8A2B->ed5d81fa-aaf0-49db-aa57-acca1dd387bd: receive RaftClientReply:client-0C76110B8A2B->ed5d81fa-aaf0-49db-aa57-acca1dd387bd@group-729F0664FEA8, cid=1231, SUCCESS, logIndex=1794, commits[ed5d81fa-aaf0-49db-aa57-acca1dd387bd:c1796]
2019-09-10 22:11:56,546 [grpc-default-executor-1] INFO  client.GrpcClientProtocolClient (GrpcClientProtocolClient.java:onNext(255)) - client-0C76110B8A2B->ed5d81fa-aaf0-49db-aa57-acca1dd387bd: receive RaftClientReply:client-0C76110B8A2B->ed5d81fa-aaf0-49db-aa57-acca1dd387bd@group-729F0664FEA8, cid=1232, SUCCESS, logIndex=1795, commits[ed5d81fa-aaf0-49db-aa57-acca1dd387bd:c1796]
2019-09-10 22:11:56,563 [grpc-default-executor-1] INFO  client.GrpcClientProtocolClient (GrpcClientProtocolClient.java:onNext(255)) - client-0C76110B8A2B->ed5d81fa-aaf0-49db-aa57-acca1dd387bd: receive RaftClientReply:client-0C76110B8A2B->ed5d81fa-aaf0-49db-aa57-acca1dd387bd@group-729F0664FEA8, cid=1233, SUCCESS, logIndex=1797, commits[ed5d81fa-aaf0-49db-aa57-acca1dd387bd:c1800]
2019-09-10 22:11:56,564 [grpc-default-executor-1] INFO  client.GrpcClientProtocolClient (GrpcClientProtocolClient.java:onNext(255)) - client-0C76110B8A2B->ed5d81fa-aaf0-49db-aa57-acca1dd387bd: receive RaftClientReply:client-0C76110B8A2B->ed5d81fa-aaf0-49db-aa57-acca1dd387bd@group-729F0664FEA8, cid=1234, SUCCESS, logIndex=1798, commits[ed5d81fa-aaf0-49db-aa57-acca1dd387bd:c1801]
2019-09-10 22:11:56,564 [grpc-default-executor-1] INFO  client.GrpcClientProtocolClient (GrpcClientProtocolClient.java:onNext(255)) - client-0C76110B8A2B->ed5d81fa-aaf0-49db-aa57-acca1dd387bd: receive RaftClientReply:client-0C76110B8A2B->ed5d81fa-aaf0-49db-aa57-acca1dd387bd@group-729F0664FEA8, cid=1235, SUCCESS, logIndex=1799, commits[ed5d81fa-aaf0-49db-aa57-acca1dd387bd:c1801]
2019-09-10 22:11:56,565 [grpc-default-executor-1] INFO  client.GrpcClientProtocolClient (GrpcClientProtocolClient.java:onNext(255)) - client-0C76110B8A2B->ed5d81fa-aaf0-49db-aa57-acca1dd387bd: receive RaftClientReply:client-0C76110B8A2B->ed5d81fa-aaf0-49db-aa57-acca1dd387bd@group-729F0664FEA8, cid=1236, SUCCESS, logIndex=1800, commits[ed5d81fa-aaf0-49db-aa57-acca1dd387bd:c1801]
2019-09-10 22:11:56,613 [SCMBlockDeletingService#1] DEBUG block.SCMBlockDeletingService (SCMBlockDeletingService.java:call(138)) - Running DeletedBlockTransactionScanner
2019-09-10 22:11:56,614 [SCMBlockDeletingService#1] DEBUG block.SCMBlockDeletingService (SCMBlockDeletingService.java:call(155)) - Scanned deleted blocks log and got 0 delTX to process.
2019-09-10 22:11:56,670 [grpc-default-executor-1] INFO  client.GrpcClientProtocolClient (GrpcClientProtocolClient.java:onNext(255)) - client-0C76110B8A2B->ed5d81fa-aaf0-49db-aa57-acca1dd387bd: receive RaftClientReply:client-0C76110B8A2B->ed5d81fa-aaf0-49db-aa57-acca1dd387bd@group-729F0664FEA8, cid=1237, SUCCESS, logIndex=1802, commits[ed5d81fa-aaf0-49db-aa57-acca1dd387bd:c1805]
2019-09-10 22:11:56,671 [grpc-default-executor-1] INFO  client.GrpcClientProtocolClient (GrpcClientProtocolClient.java:onNext(255)) - client-0C76110B8A2B->ed5d81fa-aaf0-49db-aa57-acca1dd387bd: receive RaftClientReply:client-0C76110B8A2B->ed5d81fa-aaf0-49db-aa57-acca1dd387bd@group-729F0664FEA8, cid=1238, SUCCESS, logIndex=1803, commits[ed5d81fa-aaf0-49db-aa57-acca1dd387bd:c1806]
2019-09-10 22:11:56,671 [grpc-default-executor-1] INFO  client.GrpcClientProtocolClient (GrpcClientProtocolClient.java:onNext(255)) - client-0C76110B8A2B->ed5d81fa-aaf0-49db-aa57-acca1dd387bd: receive RaftClientReply:client-0C76110B8A2B->ed5d81fa-aaf0-49db-aa57-acca1dd387bd@group-729F0664FEA8, cid=1239, SUCCESS, logIndex=1804, commits[ed5d81fa-aaf0-49db-aa57-acca1dd387bd:c1806]
2019-09-10 22:11:56,672 [grpc-default-executor-1] INFO  client.GrpcClientProtocolClient (GrpcClientProtocolClient.java:onNext(255)) - client-0C76110B8A2B->ed5d81fa-aaf0-49db-aa57-acca1dd387bd: receive RaftClientReply:client-0C76110B8A2B->ed5d81fa-aaf0-49db-aa57-acca1dd387bd@group-729F0664FEA8, cid=1240, SUCCESS, logIndex=1805, commits[ed5d81fa-aaf0-49db-aa57-acca1dd387bd:c1806]
2019-09-10 22:11:56,699 [grpc-default-executor-1] INFO  client.GrpcClientProtocolClient (GrpcClientProtocolClient.java:onNext(255)) - client-0C76110B8A2B->ed5d81fa-aaf0-49db-aa57-acca1dd387bd: receive RaftClientReply:client-0C76110B8A2B->ed5d81fa-aaf0-49db-aa57-acca1dd387bd@group-729F0664FEA8, cid=1241, SUCCESS, logIndex=1807, commits[ed5d81fa-aaf0-49db-aa57-acca1dd387bd:c1810]
2019-09-10 22:11:56,700 [grpc-default-executor-1] INFO  client.GrpcClientProtocolClient (GrpcClientProtocolClient.java:onNext(255)) - client-0C76110B8A2B->ed5d81fa-aaf0-49db-aa57-acca1dd387bd: receive RaftClientReply:client-0C76110B8A2B->ed5d81fa-aaf0-49db-aa57-acca1dd387bd@group-729F0664FEA8, cid=1242, SUCCESS, logIndex=1808, commits[ed5d81fa-aaf0-49db-aa57-acca1dd387bd:c1811]
2019-09-10 22:11:56,700 [grpc-default-executor-1] INFO  client.GrpcClientProtocolClient (GrpcClientProtocolClient.java:onNext(255)) - client-0C76110B8A2B->ed5d81fa-aaf0-49db-aa57-acca1dd387bd: receive RaftClientReply:client-0C76110B8A2B->ed5d81fa-aaf0-49db-aa57-acca1dd387bd@group-729F0664FEA8, cid=1243, SUCCESS, logIndex=1809, commits[ed5d81fa-aaf0-49db-aa57-acca1dd387bd:c1811]
2019-09-10 22:11:56,700 [grpc-default-executor-1] INFO  client.GrpcClientProtocolClient (GrpcClientProtocolClient.java:onNext(255)) - client-0C76110B8A2B->ed5d81fa-aaf0-49db-aa57-acca1dd387bd: receive RaftClientReply:client-0C76110B8A2B->ed5d81fa-aaf0-49db-aa57-acca1dd387bd@group-729F0664FEA8, cid=1244, SUCCESS, logIndex=1810, commits[ed5d81fa-aaf0-49db-aa57-acca1dd387bd:c1811]
2019-09-10 22:11:56,714 [SCMBlockDeletingService#1] DEBUG block.SCMBlockDeletingService (SCMBlockDeletingService.java:call(138)) - Running DeletedBlockTransactionScanner
2019-09-10 22:11:56,714 [SCMBlockDeletingService#1] DEBUG block.SCMBlockDeletingService (SCMBlockDeletingService.java:call(155)) - Scanned deleted blocks log and got 0 delTX to process.
2019-09-10 22:11:56,721 [grpc-default-executor-1] INFO  client.GrpcClientProtocolClient (GrpcClientProtocolClient.java:onNext(255)) - client-0C76110B8A2B->ed5d81fa-aaf0-49db-aa57-acca1dd387bd: receive RaftClientReply:client-0C76110B8A2B->ed5d81fa-aaf0-49db-aa57-acca1dd387bd@group-729F0664FEA8, cid=1245, SUCCESS, logIndex=1812, commits[ed5d81fa-aaf0-49db-aa57-acca1dd387bd:c1815]
2019-09-10 22:11:56,722 [grpc-default-executor-1] INFO  client.GrpcClientProtocolClient (GrpcClientProtocolClient.java:onNext(255)) - client-0C76110B8A2B->ed5d81fa-aaf0-49db-aa57-acca1dd387bd: receive RaftClientReply:client-0C76110B8A2B->ed5d81fa-aaf0-49db-aa57-acca1dd387bd@group-729F0664FEA8, cid=1246, SUCCESS, logIndex=1813, commits[ed5d81fa-aaf0-49db-aa57-acca1dd387bd:c1816]
2019-09-10 22:11:56,722 [grpc-default-executor-1] INFO  client.GrpcClientProtocolClient (GrpcClientProtocolClient.java:onNext(255)) - client-0C76110B8A2B->ed5d81fa-aaf0-49db-aa57-acca1dd387bd: receive RaftClientReply:client-0C76110B8A2B->ed5d81fa-aaf0-49db-aa57-acca1dd387bd@group-729F0664FEA8, cid=1247, SUCCESS, logIndex=1814, commits[ed5d81fa-aaf0-49db-aa57-acca1dd387bd:c1816]
2019-09-10 22:11:56,723 [grpc-default-executor-1] INFO  client.GrpcClientProtocolClient (GrpcClientProtocolClient.java:onNext(255)) - client-0C76110B8A2B->ed5d81fa-aaf0-49db-aa57-acca1dd387bd: receive RaftClientReply:client-0C76110B8A2B->ed5d81fa-aaf0-49db-aa57-acca1dd387bd@group-729F0664FEA8, cid=1248, SUCCESS, logIndex=1815, commits[ed5d81fa-aaf0-49db-aa57-acca1dd387bd:c1816]
2019-09-10 22:11:56,751 [grpc-default-executor-0] INFO  client.GrpcClientProtocolClient (GrpcClientProtocolClient.java:onNext(255)) - client-0C76110B8A2B->ed5d81fa-aaf0-49db-aa57-acca1dd387bd: receive RaftClientReply:client-0C76110B8A2B->ed5d81fa-aaf0-49db-aa57-acca1dd387bd@group-729F0664FEA8, cid=1249, SUCCESS, logIndex=1817, commits[ed5d81fa-aaf0-49db-aa57-acca1dd387bd:c1820]
2019-09-10 22:11:56,751 [grpc-default-executor-0] INFO  client.GrpcClientProtocolClient (GrpcClientProtocolClient.java:onNext(255)) - client-0C76110B8A2B->ed5d81fa-aaf0-49db-aa57-acca1dd387bd: receive RaftClientReply:client-0C76110B8A2B->ed5d81fa-aaf0-49db-aa57-acca1dd387bd@group-729F0664FEA8, cid=1250, SUCCESS, logIndex=1818, commits[ed5d81fa-aaf0-49db-aa57-acca1dd387bd:c1821]
2019-09-10 22:11:56,752 [grpc-default-executor-0] INFO  client.GrpcClientProtocolClient (GrpcClientProtocolClient.java:onNext(255)) - client-0C76110B8A2B->ed5d81fa-aaf0-49db-aa57-acca1dd387bd: receive RaftClientReply:client-0C76110B8A2B->ed5d81fa-aaf0-49db-aa57-acca1dd387bd@group-729F0664FEA8, cid=1251, SUCCESS, logIndex=1819, commits[ed5d81fa-aaf0-49db-aa57-acca1dd387bd:c1821]
2019-09-10 22:11:56,752 [grpc-default-executor-0] INFO  client.GrpcClientProtocolClient (GrpcClientProtocolClient.java:onNext(255)) - client-0C76110B8A2B->ed5d81fa-aaf0-49db-aa57-acca1dd387bd: receive RaftClientReply:client-0C76110B8A2B->ed5d81fa-aaf0-49db-aa57-acca1dd387bd@group-729F0664FEA8, cid=1252, SUCCESS, logIndex=1820, commits[ed5d81fa-aaf0-49db-aa57-acca1dd387bd:c1821]
2019-09-10 22:11:56,856 [SCMBlockDeletingService#1] DEBUG block.SCMBlockDeletingService (SCMBlockDeletingService.java:call(138)) - Running DeletedBlockTransactionScanner
2019-09-10 22:11:56,856 [SCMBlockDeletingService#1] DEBUG block.SCMBlockDeletingService (SCMBlockDeletingService.java:call(155)) - Scanned deleted blocks log and got 0 delTX to process.
2019-09-10 22:11:56,874 [grpc-default-executor-1] INFO  client.GrpcClientProtocolClient (GrpcClientProtocolClient.java:onNext(255)) - client-0C76110B8A2B->ed5d81fa-aaf0-49db-aa57-acca1dd387bd: receive RaftClientReply:client-0C76110B8A2B->ed5d81fa-aaf0-49db-aa57-acca1dd387bd@group-729F0664FEA8, cid=1253, SUCCESS, logIndex=1822, commits[ed5d81fa-aaf0-49db-aa57-acca1dd387bd:c1823]
2019-09-10 22:11:56,874 [grpc-default-executor-1] INFO  client.GrpcClientProtocolClient (GrpcClientProtocolClient.java:onNext(255)) - client-0C76110B8A2B->ed5d81fa-aaf0-49db-aa57-acca1dd387bd: receive RaftClientReply:client-0C76110B8A2B->ed5d81fa-aaf0-49db-aa57-acca1dd387bd@group-729F0664FEA8, cid=1254, SUCCESS, logIndex=1823, commits[ed5d81fa-aaf0-49db-aa57-acca1dd387bd:c1823]
2019-09-10 22:11:56,877 [grpc-default-executor-1] INFO  client.GrpcClientProtocolClient (GrpcClientProtocolClient.java:onNext(255)) - client-0C76110B8A2B->ed5d81fa-aaf0-49db-aa57-acca1dd387bd: receive RaftClientReply:client-0C76110B8A2B->ed5d81fa-aaf0-49db-aa57-acca1dd387bd@group-729F0664FEA8, cid=1255, SUCCESS, logIndex=1824, commits[ed5d81fa-aaf0-49db-aa57-acca1dd387bd:c1825]
2019-09-10 22:11:56,878 [grpc-default-executor-1] INFO  client.GrpcClientProtocolClient (GrpcClientProtocolClient.java:onNext(255)) - client-0C76110B8A2B->ed5d81fa-aaf0-49db-aa57-acca1dd387bd: receive RaftClientReply:client-0C76110B8A2B->ed5d81fa-aaf0-49db-aa57-acca1dd387bd@group-729F0664FEA8, cid=1256, SUCCESS, logIndex=1825, commits[ed5d81fa-aaf0-49db-aa57-acca1dd387bd:c1825]
2019-09-10 22:11:56,957 [SCMBlockDeletingService#1] DEBUG block.SCMBlockDeletingService (SCMBlockDeletingService.java:call(138)) - Running DeletedBlockTransactionScanner
2019-09-10 22:11:56,957 [SCMBlockDeletingService#1] DEBUG block.SCMBlockDeletingService (SCMBlockDeletingService.java:call(155)) - Scanned deleted blocks log and got 0 delTX to process.
2019-09-10 22:11:57,057 [SCMBlockDeletingService#1] DEBUG block.SCMBlockDeletingService (SCMBlockDeletingService.java:call(138)) - Running DeletedBlockTransactionScanner
2019-09-10 22:11:57,058 [SCMBlockDeletingService#1] DEBUG block.SCMBlockDeletingService (SCMBlockDeletingService.java:call(155)) - Scanned deleted blocks log and got 0 delTX to process.
2019-09-10 22:11:57,158 [SCMBlockDeletingService#1] DEBUG block.SCMBlockDeletingService (SCMBlockDeletingService.java:call(138)) - Running DeletedBlockTransactionScanner
2019-09-10 22:11:57,158 [SCMBlockDeletingService#1] DEBUG block.SCMBlockDeletingService (SCMBlockDeletingService.java:call(155)) - Scanned deleted blocks log and got 0 delTX to process.
2019-09-10 22:11:57,232 [grpc-default-executor-0] INFO  client.GrpcClientProtocolClient (GrpcClientProtocolClient.java:onNext(255)) - client-0C76110B8A2B->ed5d81fa-aaf0-49db-aa57-acca1dd387bd: receive RaftClientReply:client-0C76110B8A2B->ed5d81fa-aaf0-49db-aa57-acca1dd387bd@group-729F0664FEA8, cid=1257, SUCCESS, logIndex=1828, commits[ed5d81fa-aaf0-49db-aa57-acca1dd387bd:c1831]
2019-09-10 22:11:57,233 [grpc-default-executor-0] INFO  client.GrpcClientProtocolClient (GrpcClientProtocolClient.java:onNext(255)) - client-0C76110B8A2B->ed5d81fa-aaf0-49db-aa57-acca1dd387bd: receive RaftClientReply:client-0C76110B8A2B->ed5d81fa-aaf0-49db-aa57-acca1dd387bd@group-729F0664FEA8, cid=1258, SUCCESS, logIndex=1829, commits[ed5d81fa-aaf0-49db-aa57-acca1dd387bd:c1832]
2019-09-10 22:11:57,233 [grpc-default-executor-0] INFO  client.GrpcClientProtocolClient (GrpcClientProtocolClient.java:onNext(255)) - client-0C76110B8A2B->ed5d81fa-aaf0-49db-aa57-acca1dd387bd: receive RaftClientReply:client-0C76110B8A2B->ed5d81fa-aaf0-49db-aa57-acca1dd387bd@group-729F0664FEA8, cid=1259, SUCCESS, logIndex=1830, commits[ed5d81fa-aaf0-49db-aa57-acca1dd387bd:c1832]
2019-09-10 22:11:57,233 [grpc-default-executor-0] INFO  client.GrpcClientProtocolClient (GrpcClientProtocolClient.java:onNext(255)) - client-0C76110B8A2B->ed5d81fa-aaf0-49db-aa57-acca1dd387bd: receive RaftClientReply:client-0C76110B8A2B->ed5d81fa-aaf0-49db-aa57-acca1dd387bd@group-729F0664FEA8, cid=1260, SUCCESS, logIndex=1831, commits[ed5d81fa-aaf0-49db-aa57-acca1dd387bd:c1832]
2019-09-10 22:11:57,248 [grpc-default-executor-0] INFO  client.GrpcClientProtocolClient (GrpcClientProtocolClient.java:onNext(255)) - client-0C76110B8A2B->ed5d81fa-aaf0-49db-aa57-acca1dd387bd: receive RaftClientReply:client-0C76110B8A2B->ed5d81fa-aaf0-49db-aa57-acca1dd387bd@group-729F0664FEA8, cid=1261, SUCCESS, logIndex=1833, commits[ed5d81fa-aaf0-49db-aa57-acca1dd387bd:c1834]
2019-09-10 22:11:57,248 [grpc-default-executor-0] INFO  client.GrpcClientProtocolClient (GrpcClientProtocolClient.java:onNext(255)) - client-0C76110B8A2B->ed5d81fa-aaf0-49db-aa57-acca1dd387bd: receive RaftClientReply:client-0C76110B8A2B->ed5d81fa-aaf0-49db-aa57-acca1dd387bd@group-729F0664FEA8, cid=1262, SUCCESS, logIndex=1834, commits[ed5d81fa-aaf0-49db-aa57-acca1dd387bd:c1836]
2019-09-10 22:11:57,249 [grpc-default-executor-0] INFO  client.GrpcClientProtocolClient (GrpcClientProtocolClient.java:onNext(255)) - client-0C76110B8A2B->ed5d81fa-aaf0-49db-aa57-acca1dd387bd: receive RaftClientReply:client-0C76110B8A2B->ed5d81fa-aaf0-49db-aa57-acca1dd387bd@group-729F0664FEA8, cid=1263, SUCCESS, logIndex=1835, commits[ed5d81fa-aaf0-49db-aa57-acca1dd387bd:c1837]
2019-09-10 22:11:57,249 [grpc-default-executor-0] INFO  client.GrpcClientProtocolClient (GrpcClientProtocolClient.java:onNext(255)) - client-0C76110B8A2B->ed5d81fa-aaf0-49db-aa57-acca1dd387bd: receive RaftClientReply:client-0C76110B8A2B->ed5d81fa-aaf0-49db-aa57-acca1dd387bd@group-729F0664FEA8, cid=1264, SUCCESS, logIndex=1836, commits[ed5d81fa-aaf0-49db-aa57-acca1dd387bd:c1838]
2019-09-10 22:11:57,259 [SCMBlockDeletingService#1] DEBUG block.SCMBlockDeletingService (SCMBlockDeletingService.java:call(138)) - Running DeletedBlockTransactionScanner
2019-09-10 22:11:57,259 [SCMBlockDeletingService#1] DEBUG block.SCMBlockDeletingService (SCMBlockDeletingService.java:call(155)) - Scanned deleted blocks log and got 0 delTX to process.
2019-09-10 22:11:57,271 [grpc-default-executor-0] INFO  client.GrpcClientProtocolClient (GrpcClientProtocolClient.java:onNext(255)) - client-0C76110B8A2B->ed5d81fa-aaf0-49db-aa57-acca1dd387bd: receive RaftClientReply:client-0C76110B8A2B->ed5d81fa-aaf0-49db-aa57-acca1dd387bd@group-729F0664FEA8, cid=1265, SUCCESS, logIndex=1839, commits[ed5d81fa-aaf0-49db-aa57-acca1dd387bd:c1840]
2019-09-10 22:11:57,271 [grpc-default-executor-0] INFO  client.GrpcClientProtocolClient (GrpcClientProtocolClient.java:onNext(255)) - client-0C76110B8A2B->ed5d81fa-aaf0-49db-aa57-acca1dd387bd: receive RaftClientReply:client-0C76110B8A2B->ed5d81fa-aaf0-49db-aa57-acca1dd387bd@group-729F0664FEA8, cid=1266, SUCCESS, logIndex=1840, commits[ed5d81fa-aaf0-49db-aa57-acca1dd387bd:c1842]
2019-09-10 22:11:57,272 [grpc-default-executor-0] INFO  client.GrpcClientProtocolClient (GrpcClientProtocolClient.java:onNext(255)) - client-0C76110B8A2B->ed5d81fa-aaf0-49db-aa57-acca1dd387bd: receive RaftClientReply:client-0C76110B8A2B->ed5d81fa-aaf0-49db-aa57-acca1dd387bd@group-729F0664FEA8, cid=1267, SUCCESS, logIndex=1841, commits[ed5d81fa-aaf0-49db-aa57-acca1dd387bd:c1842]
2019-09-10 22:11:57,272 [grpc-default-executor-0] INFO  client.GrpcClientProtocolClient (GrpcClientProtocolClient.java:onNext(255)) - client-0C76110B8A2B->ed5d81fa-aaf0-49db-aa57-acca1dd387bd: receive RaftClientReply:client-0C76110B8A2B->ed5d81fa-aaf0-49db-aa57-acca1dd387bd@group-729F0664FEA8, cid=1268, SUCCESS, logIndex=1842, commits[ed5d81fa-aaf0-49db-aa57-acca1dd387bd:c1843]
2019-09-10 22:11:57,287 [grpc-default-executor-0] INFO  client.GrpcClientProtocolClient (GrpcClientProtocolClient.java:onNext(255)) - client-0C76110B8A2B->ed5d81fa-aaf0-49db-aa57-acca1dd387bd: receive RaftClientReply:client-0C76110B8A2B->ed5d81fa-aaf0-49db-aa57-acca1dd387bd@group-729F0664FEA8, cid=1269, SUCCESS, logIndex=1845, commits[ed5d81fa-aaf0-49db-aa57-acca1dd387bd:c1848]
2019-09-10 22:11:57,288 [grpc-default-executor-0] INFO  client.GrpcClientProtocolClient (GrpcClientProtocolClient.java:onNext(255)) - client-0C76110B8A2B->ed5d81fa-aaf0-49db-aa57-acca1dd387bd: receive RaftClientReply:client-0C76110B8A2B->ed5d81fa-aaf0-49db-aa57-acca1dd387bd@group-729F0664FEA8, cid=1270, SUCCESS, logIndex=1846, commits[ed5d81fa-aaf0-49db-aa57-acca1dd387bd:c1849]
2019-09-10 22:11:57,288 [grpc-default-executor-0] INFO  client.GrpcClientProtocolClient (GrpcClientProtocolClient.java:onNext(255)) - client-0C76110B8A2B->ed5d81fa-aaf0-49db-aa57-acca1dd387bd: receive RaftClientReply:client-0C76110B8A2B->ed5d81fa-aaf0-49db-aa57-acca1dd387bd@group-729F0664FEA8, cid=1271, SUCCESS, logIndex=1847, commits[ed5d81fa-aaf0-49db-aa57-acca1dd387bd:c1849]
2019-09-10 22:11:57,289 [grpc-default-executor-0] INFO  client.GrpcClientProtocolClient (GrpcClientProtocolClient.java:onNext(255)) - client-0C76110B8A2B->ed5d81fa-aaf0-49db-aa57-acca1dd387bd: receive RaftClientReply:client-0C76110B8A2B->ed5d81fa-aaf0-49db-aa57-acca1dd387bd@group-729F0664FEA8, cid=1272, SUCCESS, logIndex=1848, commits[ed5d81fa-aaf0-49db-aa57-acca1dd387bd:c1849]
2019-09-10 22:11:57,315 [grpc-default-executor-0] INFO  client.GrpcClientProtocolClient (GrpcClientProtocolClient.java:onNext(255)) - client-0C76110B8A2B->ed5d81fa-aaf0-49db-aa57-acca1dd387bd: receive RaftClientReply:client-0C76110B8A2B->ed5d81fa-aaf0-49db-aa57-acca1dd387bd@group-729F0664FEA8, cid=1273, SUCCESS, logIndex=1850, commits[ed5d81fa-aaf0-49db-aa57-acca1dd387bd:c1853]
2019-09-10 22:11:57,316 [grpc-default-executor-0] INFO  client.GrpcClientProtocolClient (GrpcClientProtocolClient.java:onNext(255)) - client-0C76110B8A2B->ed5d81fa-aaf0-49db-aa57-acca1dd387bd: receive RaftClientReply:client-0C76110B8A2B->ed5d81fa-aaf0-49db-aa57-acca1dd387bd@group-729F0664FEA8, cid=1274, SUCCESS, logIndex=1851, commits[ed5d81fa-aaf0-49db-aa57-acca1dd387bd:c1854]
2019-09-10 22:11:57,316 [grpc-default-executor-0] INFO  client.GrpcClientProtocolClient (GrpcClientProtocolClient.java:onNext(255)) - client-0C76110B8A2B->ed5d81fa-aaf0-49db-aa57-acca1dd387bd: receive RaftClientReply:client-0C76110B8A2B->ed5d81fa-aaf0-49db-aa57-acca1dd387bd@group-729F0664FEA8, cid=1275, SUCCESS, logIndex=1852, commits[ed5d81fa-aaf0-49db-aa57-acca1dd387bd:c1854]
2019-09-10 22:11:57,317 [grpc-default-executor-0] INFO  client.GrpcClientProtocolClient (GrpcClientProtocolClient.java:onNext(255)) - client-0C76110B8A2B->ed5d81fa-aaf0-49db-aa57-acca1dd387bd: receive RaftClientReply:client-0C76110B8A2B->ed5d81fa-aaf0-49db-aa57-acca1dd387bd@group-729F0664FEA8, cid=1276, SUCCESS, logIndex=1853, commits[ed5d81fa-aaf0-49db-aa57-acca1dd387bd:c1854]
2019-09-10 22:11:57,331 [grpc-default-executor-0] INFO  client.GrpcClientProtocolClient (GrpcClientProtocolClient.java:onNext(255)) - client-0C76110B8A2B->ed5d81fa-aaf0-49db-aa57-acca1dd387bd: receive RaftClientReply:client-0C76110B8A2B->ed5d81fa-aaf0-49db-aa57-acca1dd387bd@group-729F0664FEA8, cid=1277, SUCCESS, logIndex=1855, commits[ed5d81fa-aaf0-49db-aa57-acca1dd387bd:c1856]
2019-09-10 22:11:57,334 [grpc-default-executor-0] INFO  client.GrpcClientProtocolClient (GrpcClientProtocolClient.java:onNext(255)) - client-0C76110B8A2B->ed5d81fa-aaf0-49db-aa57-acca1dd387bd: receive RaftClientReply:client-0C76110B8A2B->ed5d81fa-aaf0-49db-aa57-acca1dd387bd@group-729F0664FEA8, cid=1278, SUCCESS, logIndex=1856, commits[ed5d81fa-aaf0-49db-aa57-acca1dd387bd:c1856]
2019-09-10 22:11:57,335 [grpc-default-executor-0] INFO  client.GrpcClientProtocolClient (GrpcClientProtocolClient.java:onNext(255)) - client-0C76110B8A2B->ed5d81fa-aaf0-49db-aa57-acca1dd387bd: receive RaftClientReply:client-0C76110B8A2B->ed5d81fa-aaf0-49db-aa57-acca1dd387bd@group-729F0664FEA8, cid=1279, SUCCESS, logIndex=1857, commits[ed5d81fa-aaf0-49db-aa57-acca1dd387bd:c1859]
2019-09-10 22:11:57,335 [grpc-default-executor-0] INFO  client.GrpcClientProtocolClient (GrpcClientProtocolClient.java:onNext(255)) - client-0C76110B8A2B->ed5d81fa-aaf0-49db-aa57-acca1dd387bd: receive RaftClientReply:client-0C76110B8A2B->ed5d81fa-aaf0-49db-aa57-acca1dd387bd@group-729F0664FEA8, cid=1280, SUCCESS, logIndex=1858, commits[ed5d81fa-aaf0-49db-aa57-acca1dd387bd:c1859]
2019-09-10 22:11:57,359 [SCMBlockDeletingService#1] DEBUG block.SCMBlockDeletingService (SCMBlockDeletingService.java:call(138)) - Running DeletedBlockTransactionScanner
2019-09-10 22:11:57,360 [SCMBlockDeletingService#1] DEBUG block.SCMBlockDeletingService (SCMBlockDeletingService.java:call(155)) - Scanned deleted blocks log and got 0 delTX to process.
2019-09-10 22:11:57,457 [grpc-default-executor-0] INFO  client.GrpcClientProtocolClient (GrpcClientProtocolClient.java:onNext(255)) - client-0C76110B8A2B->ed5d81fa-aaf0-49db-aa57-acca1dd387bd: receive RaftClientReply:client-0C76110B8A2B->ed5d81fa-aaf0-49db-aa57-acca1dd387bd@group-729F0664FEA8, cid=1281, SUCCESS, logIndex=1860, commits[ed5d81fa-aaf0-49db-aa57-acca1dd387bd:c1861]
2019-09-10 22:11:57,458 [grpc-default-executor-0] INFO  client.GrpcClientProtocolClient (GrpcClientProtocolClient.java:onNext(255)) - client-0C76110B8A2B->ed5d81fa-aaf0-49db-aa57-acca1dd387bd: receive RaftClientReply:client-0C76110B8A2B->ed5d81fa-aaf0-49db-aa57-acca1dd387bd@group-729F0664FEA8, cid=1282, SUCCESS, logIndex=1861, commits[ed5d81fa-aaf0-49db-aa57-acca1dd387bd:c1863]
2019-09-10 22:11:57,458 [grpc-default-executor-0] INFO  client.GrpcClientProtocolClient (GrpcClientProtocolClient.java:onNext(255)) - client-0C76110B8A2B->ed5d81fa-aaf0-49db-aa57-acca1dd387bd: receive RaftClientReply:client-0C76110B8A2B->ed5d81fa-aaf0-49db-aa57-acca1dd387bd@group-729F0664FEA8, cid=1283, SUCCESS, logIndex=1862, commits[ed5d81fa-aaf0-49db-aa57-acca1dd387bd:c1864]
2019-09-10 22:11:57,459 [grpc-default-executor-0] INFO  client.GrpcClientProtocolClient (GrpcClientProtocolClient.java:onNext(255)) - client-0C76110B8A2B->ed5d81fa-aaf0-49db-aa57-acca1dd387bd: receive RaftClientReply:client-0C76110B8A2B->ed5d81fa-aaf0-49db-aa57-acca1dd387bd@group-729F0664FEA8, cid=1284, SUCCESS, logIndex=1863, commits[ed5d81fa-aaf0-49db-aa57-acca1dd387bd:c1865]
2019-09-10 22:11:57,460 [SCMBlockDeletingService#1] DEBUG block.SCMBlockDeletingService (SCMBlockDeletingService.java:call(138)) - Running DeletedBlockTransactionScanner
2019-09-10 22:11:57,460 [SCMBlockDeletingService#1] DEBUG block.SCMBlockDeletingService (SCMBlockDeletingService.java:call(155)) - Scanned deleted blocks log and got 0 delTX to process.
2019-09-10 22:11:57,479 [grpc-default-executor-1] INFO  client.GrpcClientProtocolClient (GrpcClientProtocolClient.java:onNext(255)) - client-0C76110B8A2B->ed5d81fa-aaf0-49db-aa57-acca1dd387bd: receive RaftClientReply:client-0C76110B8A2B->ed5d81fa-aaf0-49db-aa57-acca1dd387bd@group-729F0664FEA8, cid=1285, SUCCESS, logIndex=1866, commits[ed5d81fa-aaf0-49db-aa57-acca1dd387bd:c1869]
2019-09-10 22:11:57,479 [grpc-default-executor-1] INFO  client.GrpcClientProtocolClient (GrpcClientProtocolClient.java:onNext(255)) - client-0C76110B8A2B->ed5d81fa-aaf0-49db-aa57-acca1dd387bd: receive RaftClientReply:client-0C76110B8A2B->ed5d81fa-aaf0-49db-aa57-acca1dd387bd@group-729F0664FEA8, cid=1286, SUCCESS, logIndex=1867, commits[ed5d81fa-aaf0-49db-aa57-acca1dd387bd:c1870]
2019-09-10 22:11:57,480 [grpc-default-executor-1] INFO  client.GrpcClientProtocolClient (GrpcClientProtocolClient.java:onNext(255)) - client-0C76110B8A2B->ed5d81fa-aaf0-49db-aa57-acca1dd387bd: receive RaftClientReply:client-0C76110B8A2B->ed5d81fa-aaf0-49db-aa57-acca1dd387bd@group-729F0664FEA8, cid=1287, SUCCESS, logIndex=1868, commits[ed5d81fa-aaf0-49db-aa57-acca1dd387bd:c1870]
2019-09-10 22:11:57,480 [grpc-default-executor-1] INFO  client.GrpcClientProtocolClient (GrpcClientProtocolClient.java:onNext(255)) - client-0C76110B8A2B->ed5d81fa-aaf0-49db-aa57-acca1dd387bd: receive RaftClientReply:client-0C76110B8A2B->ed5d81fa-aaf0-49db-aa57-acca1dd387bd@group-729F0664FEA8, cid=1288, SUCCESS, logIndex=1869, commits[ed5d81fa-aaf0-49db-aa57-acca1dd387bd:c1870]
2019-09-10 22:11:57,507 [grpc-default-executor-1] INFO  client.GrpcClientProtocolClient (GrpcClientProtocolClient.java:onNext(255)) - client-0C76110B8A2B->ed5d81fa-aaf0-49db-aa57-acca1dd387bd: receive RaftClientReply:client-0C76110B8A2B->ed5d81fa-aaf0-49db-aa57-acca1dd387bd@group-729F0664FEA8, cid=1289, SUCCESS, logIndex=1871, commits[ed5d81fa-aaf0-49db-aa57-acca1dd387bd:c1874]
2019-09-10 22:11:57,508 [grpc-default-executor-1] INFO  client.GrpcClientProtocolClient (GrpcClientProtocolClient.java:onNext(255)) - client-0C76110B8A2B->ed5d81fa-aaf0-49db-aa57-acca1dd387bd: receive RaftClientReply:client-0C76110B8A2B->ed5d81fa-aaf0-49db-aa57-acca1dd387bd@group-729F0664FEA8, cid=1290, SUCCESS, logIndex=1872, commits[ed5d81fa-aaf0-49db-aa57-acca1dd387bd:c1875]
2019-09-10 22:11:57,508 [grpc-default-executor-1] INFO  client.GrpcClientProtocolClient (GrpcClientProtocolClient.java:onNext(255)) - client-0C76110B8A2B->ed5d81fa-aaf0-49db-aa57-acca1dd387bd: receive RaftClientReply:client-0C76110B8A2B->ed5d81fa-aaf0-49db-aa57-acca1dd387bd@group-729F0664FEA8, cid=1291, SUCCESS, logIndex=1873, commits[ed5d81fa-aaf0-49db-aa57-acca1dd387bd:c1875]
2019-09-10 22:11:57,509 [grpc-default-executor-1] INFO  client.GrpcClientProtocolClient (GrpcClientProtocolClient.java:onNext(255)) - client-0C76110B8A2B->ed5d81fa-aaf0-49db-aa57-acca1dd387bd: receive RaftClientReply:client-0C76110B8A2B->ed5d81fa-aaf0-49db-aa57-acca1dd387bd@group-729F0664FEA8, cid=1292, SUCCESS, logIndex=1874, commits[ed5d81fa-aaf0-49db-aa57-acca1dd387bd:c1875]
2019-09-10 22:11:57,530 [grpc-default-executor-1] INFO  client.GrpcClientProtocolClient (GrpcClientProtocolClient.java:onNext(255)) - client-0C76110B8A2B->ed5d81fa-aaf0-49db-aa57-acca1dd387bd: receive RaftClientReply:client-0C76110B8A2B->ed5d81fa-aaf0-49db-aa57-acca1dd387bd@group-729F0664FEA8, cid=1293, SUCCESS, logIndex=1876, commits[ed5d81fa-aaf0-49db-aa57-acca1dd387bd:c1879]
2019-09-10 22:11:57,530 [grpc-default-executor-1] INFO  client.GrpcClientProtocolClient (GrpcClientProtocolClient.java:onNext(255)) - client-0C76110B8A2B->ed5d81fa-aaf0-49db-aa57-acca1dd387bd: receive RaftClientReply:client-0C76110B8A2B->ed5d81fa-aaf0-49db-aa57-acca1dd387bd@group-729F0664FEA8, cid=1294, SUCCESS, logIndex=1877, commits[ed5d81fa-aaf0-49db-aa57-acca1dd387bd:c1880]
2019-09-10 22:11:57,531 [grpc-default-executor-1] INFO  client.GrpcClientProtocolClient (GrpcClientProtocolClient.java:onNext(255)) - client-0C76110B8A2B->ed5d81fa-aaf0-49db-aa57-acca1dd387bd: receive RaftClientReply:client-0C76110B8A2B->ed5d81fa-aaf0-49db-aa57-acca1dd387bd@group-729F0664FEA8, cid=1295, SUCCESS, logIndex=1878, commits[ed5d81fa-aaf0-49db-aa57-acca1dd387bd:c1880]
2019-09-10 22:11:57,531 [grpc-default-executor-1] INFO  client.GrpcClientProtocolClient (GrpcClientProtocolClient.java:onNext(255)) - client-0C76110B8A2B->ed5d81fa-aaf0-49db-aa57-acca1dd387bd: receive RaftClientReply:client-0C76110B8A2B->ed5d81fa-aaf0-49db-aa57-acca1dd387bd@group-729F0664FEA8, cid=1296, SUCCESS, logIndex=1879, commits[ed5d81fa-aaf0-49db-aa57-acca1dd387bd:c1880]
2019-09-10 22:11:57,558 [grpc-default-executor-1] INFO  client.GrpcClientProtocolClient (GrpcClientProtocolClient.java:onNext(255)) - client-0C76110B8A2B->ed5d81fa-aaf0-49db-aa57-acca1dd387bd: receive RaftClientReply:client-0C76110B8A2B->ed5d81fa-aaf0-49db-aa57-acca1dd387bd@group-729F0664FEA8, cid=1297, SUCCESS, logIndex=1881, commits[ed5d81fa-aaf0-49db-aa57-acca1dd387bd:c1884]
2019-09-10 22:11:57,558 [grpc-default-executor-1] INFO  client.GrpcClientProtocolClient (GrpcClientProtocolClient.java:onNext(255)) - client-0C76110B8A2B->ed5d81fa-aaf0-49db-aa57-acca1dd387bd: receive RaftClientReply:client-0C76110B8A2B->ed5d81fa-aaf0-49db-aa57-acca1dd387bd@group-729F0664FEA8, cid=1298, SUCCESS, logIndex=1882, commits[ed5d81fa-aaf0-49db-aa57-acca1dd387bd:c1885]
2019-09-10 22:11:57,559 [grpc-default-executor-1] INFO  client.GrpcClientProtocolClient (GrpcClientProtocolClient.java:onNext(255)) - client-0C76110B8A2B->ed5d81fa-aaf0-49db-aa57-acca1dd387bd: receive RaftClientReply:client-0C76110B8A2B->ed5d81fa-aaf0-49db-aa57-acca1dd387bd@group-729F0664FEA8, cid=1299, SUCCESS, logIndex=1883, commits[ed5d81fa-aaf0-49db-aa57-acca1dd387bd:c1885]
2019-09-10 22:11:57,559 [grpc-default-executor-1] INFO  client.GrpcClientProtocolClient (GrpcClientProtocolClient.java:onNext(255)) - client-0C76110B8A2B->ed5d81fa-aaf0-49db-aa57-acca1dd387bd: receive RaftClientReply:client-0C76110B8A2B->ed5d81fa-aaf0-49db-aa57-acca1dd387bd@group-729F0664FEA8, cid=1300, SUCCESS, logIndex=1884, commits[ed5d81fa-aaf0-49db-aa57-acca1dd387bd:c1885]
2019-09-10 22:11:57,561 [SCMBlockDeletingService#1] DEBUG block.SCMBlockDeletingService (SCMBlockDeletingService.java:call(138)) - Running DeletedBlockTransactionScanner
2019-09-10 22:11:57,561 [SCMBlockDeletingService#1] DEBUG block.SCMBlockDeletingService (SCMBlockDeletingService.java:call(155)) - Scanned deleted blocks log and got 0 delTX to process.
2019-09-10 22:11:57,579 [grpc-default-executor-0] INFO  client.GrpcClientProtocolClient (GrpcClientProtocolClient.java:onNext(255)) - client-0C76110B8A2B->ed5d81fa-aaf0-49db-aa57-acca1dd387bd: receive RaftClientReply:client-0C76110B8A2B->ed5d81fa-aaf0-49db-aa57-acca1dd387bd@group-729F0664FEA8, cid=1301, SUCCESS, logIndex=1886, commits[ed5d81fa-aaf0-49db-aa57-acca1dd387bd:c1889]
2019-09-10 22:11:57,580 [grpc-default-executor-0] INFO  client.GrpcClientProtocolClient (GrpcClientProtocolClient.java:onNext(255)) - client-0C76110B8A2B->ed5d81fa-aaf0-49db-aa57-acca1dd387bd: receive RaftClientReply:client-0C76110B8A2B->ed5d81fa-aaf0-49db-aa57-acca1dd387bd@group-729F0664FEA8, cid=1302, SUCCESS, logIndex=1887, commits[ed5d81fa-aaf0-49db-aa57-acca1dd387bd:c1890]
2019-09-10 22:11:57,580 [grpc-default-executor-0] INFO  client.GrpcClientProtocolClient (GrpcClientProtocolClient.java:onNext(255)) - client-0C76110B8A2B->ed5d81fa-aaf0-49db-aa57-acca1dd387bd: receive RaftClientReply:client-0C76110B8A2B->ed5d81fa-aaf0-49db-aa57-acca1dd387bd@group-729F0664FEA8, cid=1303, SUCCESS, logIndex=1888, commits[ed5d81fa-aaf0-49db-aa57-acca1dd387bd:c1890]
2019-09-10 22:11:57,581 [grpc-default-executor-0] INFO  client.GrpcClientProtocolClient (GrpcClientProtocolClient.java:onNext(255)) - client-0C76110B8A2B->ed5d81fa-aaf0-49db-aa57-acca1dd387bd: receive RaftClientReply:client-0C76110B8A2B->ed5d81fa-aaf0-49db-aa57-acca1dd387bd@group-729F0664FEA8, cid=1304, SUCCESS, logIndex=1889, commits[ed5d81fa-aaf0-49db-aa57-acca1dd387bd:c1890]
2019-09-10 22:11:57,611 [grpc-default-executor-1] INFO  client.GrpcClientProtocolClient (GrpcClientProtocolClient.java:onNext(255)) - client-0C76110B8A2B->ed5d81fa-aaf0-49db-aa57-acca1dd387bd: receive RaftClientReply:client-0C76110B8A2B->ed5d81fa-aaf0-49db-aa57-acca1dd387bd@group-729F0664FEA8, cid=1305, SUCCESS, logIndex=1891, commits[ed5d81fa-aaf0-49db-aa57-acca1dd387bd:c1892]
2019-09-10 22:11:57,612 [grpc-default-executor-1] INFO  client.GrpcClientProtocolClient (GrpcClientProtocolClient.java:onNext(255)) - client-0C76110B8A2B->ed5d81fa-aaf0-49db-aa57-acca1dd387bd: receive RaftClientReply:client-0C76110B8A2B->ed5d81fa-aaf0-49db-aa57-acca1dd387bd@group-729F0664FEA8, cid=1306, SUCCESS, logIndex=1892, commits[ed5d81fa-aaf0-49db-aa57-acca1dd387bd:c1894]
2019-09-10 22:11:57,612 [grpc-default-executor-1] INFO  client.GrpcClientProtocolClient (GrpcClientProtocolClient.java:onNext(255)) - client-0C76110B8A2B->ed5d81fa-aaf0-49db-aa57-acca1dd387bd: receive RaftClientReply:client-0C76110B8A2B->ed5d81fa-aaf0-49db-aa57-acca1dd387bd@group-729F0664FEA8, cid=1307, SUCCESS, logIndex=1893, commits[ed5d81fa-aaf0-49db-aa57-acca1dd387bd:c1895]
2019-09-10 22:11:57,613 [grpc-default-executor-1] INFO  client.GrpcClientProtocolClient (GrpcClientProtocolClient.java:onNext(255)) - client-0C76110B8A2B->ed5d81fa-aaf0-49db-aa57-acca1dd387bd: receive RaftClientReply:client-0C76110B8A2B->ed5d81fa-aaf0-49db-aa57-acca1dd387bd@group-729F0664FEA8, cid=1308, SUCCESS, logIndex=1894, commits[ed5d81fa-aaf0-49db-aa57-acca1dd387bd:c1896]
2019-09-10 22:11:57,631 [grpc-default-executor-0] INFO  client.GrpcClientProtocolClient (GrpcClientProtocolClient.java:onNext(255)) - client-0C76110B8A2B->ed5d81fa-aaf0-49db-aa57-acca1dd387bd: receive RaftClientReply:client-0C76110B8A2B->ed5d81fa-aaf0-49db-aa57-acca1dd387bd@group-729F0664FEA8, cid=1309, SUCCESS, logIndex=1897, commits[ed5d81fa-aaf0-49db-aa57-acca1dd387bd:c1898]
2019-09-10 22:11:57,631 [grpc-default-executor-0] INFO  client.GrpcClientProtocolClient (GrpcClientProtocolClient.java:onNext(255)) - client-0C76110B8A2B->ed5d81fa-aaf0-49db-aa57-acca1dd387bd: receive RaftClientReply:client-0C76110B8A2B->ed5d81fa-aaf0-49db-aa57-acca1dd387bd@group-729F0664FEA8, cid=1310, SUCCESS, logIndex=1898, commits[ed5d81fa-aaf0-49db-aa57-acca1dd387bd:c1900]
2019-09-10 22:11:57,632 [grpc-default-executor-0] INFO  client.GrpcClientProtocolClient (GrpcClientProtocolClient.java:onNext(255)) - client-0C76110B8A2B->ed5d81fa-aaf0-49db-aa57-acca1dd387bd: receive RaftClientReply:client-0C76110B8A2B->ed5d81fa-aaf0-49db-aa57-acca1dd387bd@group-729F0664FEA8, cid=1311, SUCCESS, logIndex=1899, commits[ed5d81fa-aaf0-49db-aa57-acca1dd387bd:c1901]
2019-09-10 22:11:57,632 [grpc-default-executor-0] INFO  client.GrpcClientProtocolClient (GrpcClientProtocolClient.java:onNext(255)) - client-0C76110B8A2B->ed5d81fa-aaf0-49db-aa57-acca1dd387bd: receive RaftClientReply:client-0C76110B8A2B->ed5d81fa-aaf0-49db-aa57-acca1dd387bd@group-729F0664FEA8, cid=1312, SUCCESS, logIndex=1900, commits[ed5d81fa-aaf0-49db-aa57-acca1dd387bd:c1901]
2019-09-10 22:11:57,657 [grpc-default-executor-0] INFO  client.GrpcClientProtocolClient (GrpcClientProtocolClient.java:onNext(255)) - client-0C76110B8A2B->ed5d81fa-aaf0-49db-aa57-acca1dd387bd: receive RaftClientReply:client-0C76110B8A2B->ed5d81fa-aaf0-49db-aa57-acca1dd387bd@group-729F0664FEA8, cid=1313, SUCCESS, logIndex=1903, commits[ed5d81fa-aaf0-49db-aa57-acca1dd387bd:c1904]
2019-09-10 22:11:57,657 [grpc-default-executor-0] INFO  client.GrpcClientProtocolClient (GrpcClientProtocolClient.java:onNext(255)) - client-0C76110B8A2B->ed5d81fa-aaf0-49db-aa57-acca1dd387bd: receive RaftClientReply:client-0C76110B8A2B->ed5d81fa-aaf0-49db-aa57-acca1dd387bd@group-729F0664FEA8, cid=1314, SUCCESS, logIndex=1904, commits[ed5d81fa-aaf0-49db-aa57-acca1dd387bd:c1906]
2019-09-10 22:11:57,657 [grpc-default-executor-0] INFO  client.GrpcClientProtocolClient (GrpcClientProtocolClient.java:onNext(255)) - client-0C76110B8A2B->ed5d81fa-aaf0-49db-aa57-acca1dd387bd: receive RaftClientReply:client-0C76110B8A2B->ed5d81fa-aaf0-49db-aa57-acca1dd387bd@group-729F0664FEA8, cid=1315, SUCCESS, logIndex=1905, commits[ed5d81fa-aaf0-49db-aa57-acca1dd387bd:c1906]
2019-09-10 22:11:57,658 [grpc-default-executor-0] INFO  client.GrpcClientProtocolClient (GrpcClientProtocolClient.java:onNext(255)) - client-0C76110B8A2B->ed5d81fa-aaf0-49db-aa57-acca1dd387bd: receive RaftClientReply:client-0C76110B8A2B->ed5d81fa-aaf0-49db-aa57-acca1dd387bd@group-729F0664FEA8, cid=1316, SUCCESS, logIndex=1906, commits[ed5d81fa-aaf0-49db-aa57-acca1dd387bd:c1907]
2019-09-10 22:11:57,661 [SCMBlockDeletingService#1] DEBUG block.SCMBlockDeletingService (SCMBlockDeletingService.java:call(138)) - Running DeletedBlockTransactionScanner
2019-09-10 22:11:57,662 [SCMBlockDeletingService#1] DEBUG block.SCMBlockDeletingService (SCMBlockDeletingService.java:call(155)) - Scanned deleted blocks log and got 0 delTX to process.
2019-09-10 22:11:57,678 [grpc-default-executor-1] INFO  client.GrpcClientProtocolClient (GrpcClientProtocolClient.java:onNext(255)) - client-0C76110B8A2B->ed5d81fa-aaf0-49db-aa57-acca1dd387bd: receive RaftClientReply:client-0C76110B8A2B->ed5d81fa-aaf0-49db-aa57-acca1dd387bd@group-729F0664FEA8, cid=1317, SUCCESS, logIndex=1909, commits[ed5d81fa-aaf0-49db-aa57-acca1dd387bd:c1912]
2019-09-10 22:11:57,678 [grpc-default-executor-1] INFO  client.GrpcClientProtocolClient (GrpcClientProtocolClient.java:onNext(255)) - client-0C76110B8A2B->ed5d81fa-aaf0-49db-aa57-acca1dd387bd: receive RaftClientReply:client-0C76110B8A2B->ed5d81fa-aaf0-49db-aa57-acca1dd387bd@group-729F0664FEA8, cid=1318, SUCCESS, logIndex=1910, commits[ed5d81fa-aaf0-49db-aa57-acca1dd387bd:c1913]
2019-09-10 22:11:57,679 [grpc-default-executor-1] INFO  client.GrpcClientProtocolClient (GrpcClientProtocolClient.java:onNext(255)) - client-0C76110B8A2B->ed5d81fa-aaf0-49db-aa57-acca1dd387bd: receive RaftClientReply:client-0C76110B8A2B->ed5d81fa-aaf0-49db-aa57-acca1dd387bd@group-729F0664FEA8, cid=1319, SUCCESS, logIndex=1911, commits[ed5d81fa-aaf0-49db-aa57-acca1dd387bd:c1913]
2019-09-10 22:11:57,679 [grpc-default-executor-1] INFO  client.GrpcClientProtocolClient (GrpcClientProtocolClient.java:onNext(255)) - client-0C76110B8A2B->ed5d81fa-aaf0-49db-aa57-acca1dd387bd: receive RaftClientReply:client-0C76110B8A2B->ed5d81fa-aaf0-49db-aa57-acca1dd387bd@group-729F0664FEA8, cid=1320, SUCCESS, logIndex=1912, commits[ed5d81fa-aaf0-49db-aa57-acca1dd387bd:c1913]
2019-09-10 22:11:57,705 [grpc-default-executor-1] INFO  client.GrpcClientProtocolClient (GrpcClientProtocolClient.java:onNext(255)) - client-0C76110B8A2B->ed5d81fa-aaf0-49db-aa57-acca1dd387bd: receive RaftClientReply:client-0C76110B8A2B->ed5d81fa-aaf0-49db-aa57-acca1dd387bd@group-729F0664FEA8, cid=1321, SUCCESS, logIndex=1914, commits[ed5d81fa-aaf0-49db-aa57-acca1dd387bd:c1917]
2019-09-10 22:11:57,705 [grpc-default-executor-1] INFO  client.GrpcClientProtocolClient (GrpcClientProtocolClient.java:onNext(255)) - client-0C76110B8A2B->ed5d81fa-aaf0-49db-aa57-acca1dd387bd: receive RaftClientReply:client-0C76110B8A2B->ed5d81fa-aaf0-49db-aa57-acca1dd387bd@group-729F0664FEA8, cid=1322, SUCCESS, logIndex=1915, commits[ed5d81fa-aaf0-49db-aa57-acca1dd387bd:c1918]
2019-09-10 22:11:57,706 [grpc-default-executor-1] INFO  client.GrpcClientProtocolClient (GrpcClientProtocolClient.java:onNext(255)) - client-0C76110B8A2B->ed5d81fa-aaf0-49db-aa57-acca1dd387bd: receive RaftClientReply:client-0C76110B8A2B->ed5d81fa-aaf0-49db-aa57-acca1dd387bd@group-729F0664FEA8, cid=1323, SUCCESS, logIndex=1916, commits[ed5d81fa-aaf0-49db-aa57-acca1dd387bd:c1918]
2019-09-10 22:11:57,706 [grpc-default-executor-1] INFO  client.GrpcClientProtocolClient (GrpcClientProtocolClient.java:onNext(255)) - client-0C76110B8A2B->ed5d81fa-aaf0-49db-aa57-acca1dd387bd: receive RaftClientReply:client-0C76110B8A2B->ed5d81fa-aaf0-49db-aa57-acca1dd387bd@group-729F0664FEA8, cid=1324, SUCCESS, logIndex=1917, commits[ed5d81fa-aaf0-49db-aa57-acca1dd387bd:c1918]
2019-09-10 22:11:57,726 [grpc-default-executor-1] INFO  client.GrpcClientProtocolClient (GrpcClientProtocolClient.java:onNext(255)) - client-0C76110B8A2B->ed5d81fa-aaf0-49db-aa57-acca1dd387bd: receive RaftClientReply:client-0C76110B8A2B->ed5d81fa-aaf0-49db-aa57-acca1dd387bd@group-729F0664FEA8, cid=1325, SUCCESS, logIndex=1919, commits[ed5d81fa-aaf0-49db-aa57-acca1dd387bd:c1920]
2019-09-10 22:11:57,727 [grpc-default-executor-1] INFO  client.GrpcClientProtocolClient (GrpcClientProtocolClient.java:onNext(255)) - client-0C76110B8A2B->ed5d81fa-aaf0-49db-aa57-acca1dd387bd: receive RaftClientReply:client-0C76110B8A2B->ed5d81fa-aaf0-49db-aa57-acca1dd387bd@group-729F0664FEA8, cid=1326, SUCCESS, logIndex=1920, commits[ed5d81fa-aaf0-49db-aa57-acca1dd387bd:c1921]
2019-09-10 22:11:57,762 [SCMBlockDeletingService#1] DEBUG block.SCMBlockDeletingService (SCMBlockDeletingService.java:call(138)) - Running DeletedBlockTransactionScanner
2019-09-10 22:11:57,762 [SCMBlockDeletingService#1] DEBUG block.SCMBlockDeletingService (SCMBlockDeletingService.java:call(155)) - Scanned deleted blocks log and got 0 delTX to process.
2019-09-10 22:11:57,866 [SCMBlockDeletingService#1] DEBUG block.SCMBlockDeletingService (SCMBlockDeletingService.java:call(138)) - Running DeletedBlockTransactionScanner
2019-09-10 22:11:57,867 [SCMBlockDeletingService#1] DEBUG block.SCMBlockDeletingService (SCMBlockDeletingService.java:call(155)) - Scanned deleted blocks log and got 0 delTX to process.
2019-09-10 22:11:57,890 [grpc-default-executor-1] INFO  client.GrpcClientProtocolClient (GrpcClientProtocolClient.java:onNext(255)) - client-0C76110B8A2B->ed5d81fa-aaf0-49db-aa57-acca1dd387bd: receive RaftClientReply:client-0C76110B8A2B->ed5d81fa-aaf0-49db-aa57-acca1dd387bd@group-729F0664FEA8, cid=1327, SUCCESS, logIndex=1922, commits[ed5d81fa-aaf0-49db-aa57-acca1dd387bd:c1923]
2019-09-10 22:11:57,890 [grpc-default-executor-1] INFO  client.GrpcClientProtocolClient (GrpcClientProtocolClient.java:onNext(255)) - client-0C76110B8A2B->ed5d81fa-aaf0-49db-aa57-acca1dd387bd: receive RaftClientReply:client-0C76110B8A2B->ed5d81fa-aaf0-49db-aa57-acca1dd387bd@group-729F0664FEA8, cid=1328, SUCCESS, logIndex=1923, commits[ed5d81fa-aaf0-49db-aa57-acca1dd387bd:c1924]
2019-09-10 22:11:57,915 [grpc-default-executor-1] INFO  client.GrpcClientProtocolClient (GrpcClientProtocolClient.java:onNext(255)) - client-0C76110B8A2B->ed5d81fa-aaf0-49db-aa57-acca1dd387bd: receive RaftClientReply:client-0C76110B8A2B->ed5d81fa-aaf0-49db-aa57-acca1dd387bd@group-729F0664FEA8, cid=1329, SUCCESS, logIndex=1925, commits[ed5d81fa-aaf0-49db-aa57-acca1dd387bd:c1926]
2019-09-10 22:11:57,916 [grpc-default-executor-1] INFO  client.GrpcClientProtocolClient (GrpcClientProtocolClient.java:onNext(255)) - client-0C76110B8A2B->ed5d81fa-aaf0-49db-aa57-acca1dd387bd: receive RaftClientReply:client-0C76110B8A2B->ed5d81fa-aaf0-49db-aa57-acca1dd387bd@group-729F0664FEA8, cid=1330, SUCCESS, logIndex=1926, commits[ed5d81fa-aaf0-49db-aa57-acca1dd387bd:c1928]
2019-09-10 22:11:57,916 [grpc-default-executor-1] INFO  client.GrpcClientProtocolClient (GrpcClientProtocolClient.java:onNext(255)) - client-0C76110B8A2B->ed5d81fa-aaf0-49db-aa57-acca1dd387bd: receive RaftClientReply:client-0C76110B8A2B->ed5d81fa-aaf0-49db-aa57-acca1dd387bd@group-729F0664FEA8, cid=1331, SUCCESS, logIndex=1927, commits[ed5d81fa-aaf0-49db-aa57-acca1dd387bd:c1928]
2019-09-10 22:11:57,916 [grpc-default-executor-1] INFO  client.GrpcClientProtocolClient (GrpcClientProtocolClient.java:onNext(255)) - client-0C76110B8A2B->ed5d81fa-aaf0-49db-aa57-acca1dd387bd: receive RaftClientReply:client-0C76110B8A2B->ed5d81fa-aaf0-49db-aa57-acca1dd387bd@group-729F0664FEA8, cid=1332, SUCCESS, logIndex=1928, commits[ed5d81fa-aaf0-49db-aa57-acca1dd387bd:c1929]
2019-09-10 22:11:57,934 [grpc-default-executor-1] INFO  client.GrpcClientProtocolClient (GrpcClientProtocolClient.java:onNext(255)) - client-0C76110B8A2B->ed5d81fa-aaf0-49db-aa57-acca1dd387bd: receive RaftClientReply:client-0C76110B8A2B->ed5d81fa-aaf0-49db-aa57-acca1dd387bd@group-729F0664FEA8, cid=1333, SUCCESS, logIndex=1931, commits[ed5d81fa-aaf0-49db-aa57-acca1dd387bd:c1932]
2019-09-10 22:11:57,935 [grpc-default-executor-1] INFO  client.GrpcClientProtocolClient (GrpcClientProtocolClient.java:onNext(255)) - client-0C76110B8A2B->ed5d81fa-aaf0-49db-aa57-acca1dd387bd: receive RaftClientReply:client-0C76110B8A2B->ed5d81fa-aaf0-49db-aa57-acca1dd387bd@group-729F0664FEA8, cid=1334, SUCCESS, logIndex=1932, commits[ed5d81fa-aaf0-49db-aa57-acca1dd387bd:c1934]
2019-09-10 22:11:57,935 [grpc-default-executor-1] INFO  client.GrpcClientProtocolClient (GrpcClientProtocolClient.java:onNext(255)) - client-0C76110B8A2B->ed5d81fa-aaf0-49db-aa57-acca1dd387bd: receive RaftClientReply:client-0C76110B8A2B->ed5d81fa-aaf0-49db-aa57-acca1dd387bd@group-729F0664FEA8, cid=1335, SUCCESS, logIndex=1933, commits[ed5d81fa-aaf0-49db-aa57-acca1dd387bd:c1935]
2019-09-10 22:11:57,935 [grpc-default-executor-1] INFO  client.GrpcClientProtocolClient (GrpcClientProtocolClient.java:onNext(255)) - client-0C76110B8A2B->ed5d81fa-aaf0-49db-aa57-acca1dd387bd: receive RaftClientReply:client-0C76110B8A2B->ed5d81fa-aaf0-49db-aa57-acca1dd387bd@group-729F0664FEA8, cid=1336, SUCCESS, logIndex=1934, commits[ed5d81fa-aaf0-49db-aa57-acca1dd387bd:c1935]
2019-09-10 22:11:57,962 [grpc-default-executor-1] INFO  client.GrpcClientProtocolClient (GrpcClientProtocolClient.java:onNext(255)) - client-0C76110B8A2B->ed5d81fa-aaf0-49db-aa57-acca1dd387bd: receive RaftClientReply:client-0C76110B8A2B->ed5d81fa-aaf0-49db-aa57-acca1dd387bd@group-729F0664FEA8, cid=1337, SUCCESS, logIndex=1937, commits[ed5d81fa-aaf0-49db-aa57-acca1dd387bd:c1940]
2019-09-10 22:11:57,962 [grpc-default-executor-1] INFO  client.GrpcClientProtocolClient (GrpcClientProtocolClient.java:onNext(255)) - client-0C76110B8A2B->ed5d81fa-aaf0-49db-aa57-acca1dd387bd: receive RaftClientReply:client-0C76110B8A2B->ed5d81fa-aaf0-49db-aa57-acca1dd387bd@group-729F0664FEA8, cid=1338, SUCCESS, logIndex=1938, commits[ed5d81fa-aaf0-49db-aa57-acca1dd387bd:c1941]
2019-09-10 22:11:57,963 [grpc-default-executor-1] INFO  client.GrpcClientProtocolClient (GrpcClientProtocolClient.java:onNext(255)) - client-0C76110B8A2B->ed5d81fa-aaf0-49db-aa57-acca1dd387bd: receive RaftClientReply:client-0C76110B8A2B->ed5d81fa-aaf0-49db-aa57-acca1dd387bd@group-729F0664FEA8, cid=1339, SUCCESS, logIndex=1939, commits[ed5d81fa-aaf0-49db-aa57-acca1dd387bd:c1941]
2019-09-10 22:11:57,963 [grpc-default-executor-1] INFO  client.GrpcClientProtocolClient (GrpcClientProtocolClient.java:onNext(255)) - client-0C76110B8A2B->ed5d81fa-aaf0-49db-aa57-acca1dd387bd: receive RaftClientReply:client-0C76110B8A2B->ed5d81fa-aaf0-49db-aa57-acca1dd387bd@group-729F0664FEA8, cid=1340, SUCCESS, logIndex=1940, commits[ed5d81fa-aaf0-49db-aa57-acca1dd387bd:c1941]
2019-09-10 22:11:57,967 [SCMBlockDeletingService#1] DEBUG block.SCMBlockDeletingService (SCMBlockDeletingService.java:call(138)) - Running DeletedBlockTransactionScanner
2019-09-10 22:11:57,967 [SCMBlockDeletingService#1] DEBUG block.SCMBlockDeletingService (SCMBlockDeletingService.java:call(155)) - Scanned deleted blocks log and got 0 delTX to process.
2019-09-10 22:11:57,985 [grpc-default-executor-1] INFO  client.GrpcClientProtocolClient (GrpcClientProtocolClient.java:onNext(255)) - client-0C76110B8A2B->ed5d81fa-aaf0-49db-aa57-acca1dd387bd: receive RaftClientReply:client-0C76110B8A2B->ed5d81fa-aaf0-49db-aa57-acca1dd387bd@group-729F0664FEA8, cid=1341, SUCCESS, logIndex=1942, commits[ed5d81fa-aaf0-49db-aa57-acca1dd387bd:c1945]
2019-09-10 22:11:57,985 [grpc-default-executor-1] INFO  client.GrpcClientProtocolClient (GrpcClientProtocolClient.java:onNext(255)) - client-0C76110B8A2B->ed5d81fa-aaf0-49db-aa57-acca1dd387bd: receive RaftClientReply:client-0C76110B8A2B->ed5d81fa-aaf0-49db-aa57-acca1dd387bd@group-729F0664FEA8, cid=1342, SUCCESS, logIndex=1943, commits[ed5d81fa-aaf0-49db-aa57-acca1dd387bd:c1946]
2019-09-10 22:11:57,986 [grpc-default-executor-1] INFO  client.GrpcClientProtocolClient (GrpcClientProtocolClient.java:onNext(255)) - client-0C76110B8A2B->ed5d81fa-aaf0-49db-aa57-acca1dd387bd: receive RaftClientReply:client-0C76110B8A2B->ed5d81fa-aaf0-49db-aa57-acca1dd387bd@group-729F0664FEA8, cid=1343, SUCCESS, logIndex=1944, commits[ed5d81fa-aaf0-49db-aa57-acca1dd387bd:c1946]
2019-09-10 22:11:57,986 [grpc-default-executor-1] INFO  client.GrpcClientProtocolClient (GrpcClientProtocolClient.java:onNext(255)) - client-0C76110B8A2B->ed5d81fa-aaf0-49db-aa57-acca1dd387bd: receive RaftClientReply:client-0C76110B8A2B->ed5d81fa-aaf0-49db-aa57-acca1dd387bd@group-729F0664FEA8, cid=1344, SUCCESS, logIndex=1945, commits[ed5d81fa-aaf0-49db-aa57-acca1dd387bd:c1946]
2019-09-10 22:11:58,016 [grpc-default-executor-1] INFO  client.GrpcClientProtocolClient (GrpcClientProtocolClient.java:onNext(255)) - client-0C76110B8A2B->ed5d81fa-aaf0-49db-aa57-acca1dd387bd: receive RaftClientReply:client-0C76110B8A2B->ed5d81fa-aaf0-49db-aa57-acca1dd387bd@group-729F0664FEA8, cid=1345, SUCCESS, logIndex=1947, commits[ed5d81fa-aaf0-49db-aa57-acca1dd387bd:c1950]
2019-09-10 22:11:58,016 [grpc-default-executor-1] INFO  client.GrpcClientProtocolClient (GrpcClientProtocolClient.java:onNext(255)) - client-0C76110B8A2B->ed5d81fa-aaf0-49db-aa57-acca1dd387bd: receive RaftClientReply:client-0C76110B8A2B->ed5d81fa-aaf0-49db-aa57-acca1dd387bd@group-729F0664FEA8, cid=1346, SUCCESS, logIndex=1948, commits[ed5d81fa-aaf0-49db-aa57-acca1dd387bd:c1950]
2019-09-10 22:11:58,016 [grpc-default-executor-1] INFO  client.GrpcClientProtocolClient (GrpcClientProtocolClient.java:onNext(255)) - client-0C76110B8A2B->ed5d81fa-aaf0-49db-aa57-acca1dd387bd: receive RaftClientReply:client-0C76110B8A2B->ed5d81fa-aaf0-49db-aa57-acca1dd387bd@group-729F0664FEA8, cid=1347, SUCCESS, logIndex=1949, commits[ed5d81fa-aaf0-49db-aa57-acca1dd387bd:c1951]
2019-09-10 22:11:58,017 [grpc-default-executor-1] INFO  client.GrpcClientProtocolClient (GrpcClientProtocolClient.java:onNext(255)) - client-0C76110B8A2B->ed5d81fa-aaf0-49db-aa57-acca1dd387bd: receive RaftClientReply:client-0C76110B8A2B->ed5d81fa-aaf0-49db-aa57-acca1dd387bd@group-729F0664FEA8, cid=1348, SUCCESS, logIndex=1950, commits[ed5d81fa-aaf0-49db-aa57-acca1dd387bd:c1951]
2019-09-10 22:11:58,036 [grpc-default-executor-0] INFO  client.GrpcClientProtocolClient (GrpcClientProtocolClient.java:onNext(255)) - client-0C76110B8A2B->ed5d81fa-aaf0-49db-aa57-acca1dd387bd: receive RaftClientReply:client-0C76110B8A2B->ed5d81fa-aaf0-49db-aa57-acca1dd387bd@group-729F0664FEA8, cid=1349, SUCCESS, logIndex=1952, commits[ed5d81fa-aaf0-49db-aa57-acca1dd387bd:c1955]
2019-09-10 22:11:58,037 [grpc-default-executor-0] INFO  client.GrpcClientProtocolClient (GrpcClientProtocolClient.java:onNext(255)) - client-0C76110B8A2B->ed5d81fa-aaf0-49db-aa57-acca1dd387bd: receive RaftClientReply:client-0C76110B8A2B->ed5d81fa-aaf0-49db-aa57-acca1dd387bd@group-729F0664FEA8, cid=1350, SUCCESS, logIndex=1953, commits[ed5d81fa-aaf0-49db-aa57-acca1dd387bd:c1956]
2019-09-10 22:11:58,037 [grpc-default-executor-0] INFO  client.GrpcClientProtocolClient (GrpcClientProtocolClient.java:onNext(255)) - client-0C76110B8A2B->ed5d81fa-aaf0-49db-aa57-acca1dd387bd: receive RaftClientReply:client-0C76110B8A2B->ed5d81fa-aaf0-49db-aa57-acca1dd387bd@group-729F0664FEA8, cid=1351, SUCCESS, logIndex=1954, commits[ed5d81fa-aaf0-49db-aa57-acca1dd387bd:c1956]
2019-09-10 22:11:58,037 [grpc-default-executor-0] INFO  client.GrpcClientProtocolClient (GrpcClientProtocolClient.java:onNext(255)) - client-0C76110B8A2B->ed5d81fa-aaf0-49db-aa57-acca1dd387bd: receive RaftClientReply:client-0C76110B8A2B->ed5d81fa-aaf0-49db-aa57-acca1dd387bd@group-729F0664FEA8, cid=1352, SUCCESS, logIndex=1955, commits[ed5d81fa-aaf0-49db-aa57-acca1dd387bd:c1956]
2019-09-10 22:11:58,062 [grpc-default-executor-1] INFO  client.GrpcClientProtocolClient (GrpcClientProtocolClient.java:onNext(255)) - client-0C76110B8A2B->ed5d81fa-aaf0-49db-aa57-acca1dd387bd: receive RaftClientReply:client-0C76110B8A2B->ed5d81fa-aaf0-49db-aa57-acca1dd387bd@group-729F0664FEA8, cid=1353, SUCCESS, logIndex=1957, commits[ed5d81fa-aaf0-49db-aa57-acca1dd387bd:c1960]
2019-09-10 22:11:58,062 [grpc-default-executor-1] INFO  client.GrpcClientProtocolClient (GrpcClientProtocolClient.java:onNext(255)) - client-0C76110B8A2B->ed5d81fa-aaf0-49db-aa57-acca1dd387bd: receive RaftClientReply:client-0C76110B8A2B->ed5d81fa-aaf0-49db-aa57-acca1dd387bd@group-729F0664FEA8, cid=1354, SUCCESS, logIndex=1958, commits[ed5d81fa-aaf0-49db-aa57-acca1dd387bd:c1961]
2019-09-10 22:11:58,063 [grpc-default-executor-1] INFO  client.GrpcClientProtocolClient (GrpcClientProtocolClient.java:onNext(255)) - client-0C76110B8A2B->ed5d81fa-aaf0-49db-aa57-acca1dd387bd: receive RaftClientReply:client-0C76110B8A2B->ed5d81fa-aaf0-49db-aa57-acca1dd387bd@group-729F0664FEA8, cid=1355, SUCCESS, logIndex=1959, commits[ed5d81fa-aaf0-49db-aa57-acca1dd387bd:c1961]
2019-09-10 22:11:58,063 [grpc-default-executor-1] INFO  client.GrpcClientProtocolClient (GrpcClientProtocolClient.java:onNext(255)) - client-0C76110B8A2B->ed5d81fa-aaf0-49db-aa57-acca1dd387bd: receive RaftClientReply:client-0C76110B8A2B->ed5d81fa-aaf0-49db-aa57-acca1dd387bd@group-729F0664FEA8, cid=1356, SUCCESS, logIndex=1960, commits[ed5d81fa-aaf0-49db-aa57-acca1dd387bd:c1961]
2019-09-10 22:11:58,068 [SCMBlockDeletingService#0] DEBUG block.SCMBlockDeletingService (SCMBlockDeletingService.java:call(138)) - Running DeletedBlockTransactionScanner
2019-09-10 22:11:58,068 [SCMBlockDeletingService#0] DEBUG block.SCMBlockDeletingService (SCMBlockDeletingService.java:call(155)) - Scanned deleted blocks log and got 0 delTX to process.
2019-09-10 22:11:58,082 [grpc-default-executor-1] INFO  client.GrpcClientProtocolClient (GrpcClientProtocolClient.java:onNext(255)) - client-0C76110B8A2B->ed5d81fa-aaf0-49db-aa57-acca1dd387bd: receive RaftClientReply:client-0C76110B8A2B->ed5d81fa-aaf0-49db-aa57-acca1dd387bd@group-729F0664FEA8, cid=1357, SUCCESS, logIndex=1962, commits[ed5d81fa-aaf0-49db-aa57-acca1dd387bd:c1965]
2019-09-10 22:11:58,083 [grpc-default-executor-1] INFO  client.GrpcClientProtocolClient (GrpcClientProtocolClient.java:onNext(255)) - client-0C76110B8A2B->ed5d81fa-aaf0-49db-aa57-acca1dd387bd: receive RaftClientReply:client-0C76110B8A2B->ed5d81fa-aaf0-49db-aa57-acca1dd387bd@group-729F0664FEA8, cid=1358, SUCCESS, logIndex=1963, commits[ed5d81fa-aaf0-49db-aa57-acca1dd387bd:c1966]
2019-09-10 22:11:58,083 [grpc-default-executor-1] INFO  client.GrpcClientProtocolClient (GrpcClientProtocolClient.java:onNext(255)) - client-0C76110B8A2B->ed5d81fa-aaf0-49db-aa57-acca1dd387bd: receive RaftClientReply:client-0C76110B8A2B->ed5d81fa-aaf0-49db-aa57-acca1dd387bd@group-729F0664FEA8, cid=1359, SUCCESS, logIndex=1964, commits[ed5d81fa-aaf0-49db-aa57-acca1dd387bd:c1966]
2019-09-10 22:11:58,083 [grpc-default-executor-1] INFO  client.GrpcClientProtocolClient (GrpcClientProtocolClient.java:onNext(255)) - client-0C76110B8A2B->ed5d81fa-aaf0-49db-aa57-acca1dd387bd: receive RaftClientReply:client-0C76110B8A2B->ed5d81fa-aaf0-49db-aa57-acca1dd387bd@group-729F0664FEA8, cid=1360, SUCCESS, logIndex=1965, commits[ed5d81fa-aaf0-49db-aa57-acca1dd387bd:c1966]
2019-09-10 22:11:58,102 [grpc-default-executor-0] INFO  client.GrpcClientProtocolClient (GrpcClientProtocolClient.java:onNext(255)) - client-0C76110B8A2B->ed5d81fa-aaf0-49db-aa57-acca1dd387bd: receive RaftClientReply:client-0C76110B8A2B->ed5d81fa-aaf0-49db-aa57-acca1dd387bd@group-729F0664FEA8, cid=1361, SUCCESS, logIndex=1967, commits[ed5d81fa-aaf0-49db-aa57-acca1dd387bd:c1968]
2019-09-10 22:11:58,102 [grpc-default-executor-0] INFO  client.GrpcClientProtocolClient (GrpcClientProtocolClient.java:onNext(255)) - client-0C76110B8A2B->ed5d81fa-aaf0-49db-aa57-acca1dd387bd: receive RaftClientReply:client-0C76110B8A2B->ed5d81fa-aaf0-49db-aa57-acca1dd387bd@group-729F0664FEA8, cid=1362, SUCCESS, logIndex=1968, commits[ed5d81fa-aaf0-49db-aa57-acca1dd387bd:c1970]
2019-09-10 22:11:58,103 [grpc-default-executor-0] INFO  client.GrpcClientProtocolClient (GrpcClientProtocolClient.java:onNext(255)) - client-0C76110B8A2B->ed5d81fa-aaf0-49db-aa57-acca1dd387bd: receive RaftClientReply:client-0C76110B8A2B->ed5d81fa-aaf0-49db-aa57-acca1dd387bd@group-729F0664FEA8, cid=1363, SUCCESS, logIndex=1969, commits[ed5d81fa-aaf0-49db-aa57-acca1dd387bd:c1970]
2019-09-10 22:11:58,103 [grpc-default-executor-0] INFO  client.GrpcClientProtocolClient (GrpcClientProtocolClient.java:onNext(255)) - client-0C76110B8A2B->ed5d81fa-aaf0-49db-aa57-acca1dd387bd: receive RaftClientReply:client-0C76110B8A2B->ed5d81fa-aaf0-49db-aa57-acca1dd387bd@group-729F0664FEA8, cid=1364, SUCCESS, logIndex=1970, commits[ed5d81fa-aaf0-49db-aa57-acca1dd387bd:c1971]
2019-09-10 22:11:58,115 [grpc-default-executor-1] INFO  client.GrpcClientProtocolClient (GrpcClientProtocolClient.java:onNext(255)) - client-0C76110B8A2B->ed5d81fa-aaf0-49db-aa57-acca1dd387bd: receive RaftClientReply:client-0C76110B8A2B->ed5d81fa-aaf0-49db-aa57-acca1dd387bd@group-729F0664FEA8, cid=1365, SUCCESS, logIndex=1973, commits[ed5d81fa-aaf0-49db-aa57-acca1dd387bd:c1974]
2019-09-10 22:11:58,115 [grpc-default-executor-1] INFO  client.GrpcClientProtocolClient (GrpcClientProtocolClient.java:onNext(255)) - client-0C76110B8A2B->ed5d81fa-aaf0-49db-aa57-acca1dd387bd: receive RaftClientReply:client-0C76110B8A2B->ed5d81fa-aaf0-49db-aa57-acca1dd387bd@group-729F0664FEA8, cid=1366, SUCCESS, logIndex=1974, commits[ed5d81fa-aaf0-49db-aa57-acca1dd387bd:c1976]
2019-09-10 22:11:58,115 [grpc-default-executor-1] INFO  client.GrpcClientProtocolClient (GrpcClientProtocolClient.java:onNext(255)) - client-0C76110B8A2B->ed5d81fa-aaf0-49db-aa57-acca1dd387bd: receive RaftClientReply:client-0C76110B8A2B->ed5d81fa-aaf0-49db-aa57-acca1dd387bd@group-729F0664FEA8, cid=1367, SUCCESS, logIndex=1975, commits[ed5d81fa-aaf0-49db-aa57-acca1dd387bd:c1976]
2019-09-10 22:11:58,116 [grpc-default-executor-1] INFO  client.GrpcClientProtocolClient (GrpcClientProtocolClient.java:onNext(255)) - client-0C76110B8A2B->ed5d81fa-aaf0-49db-aa57-acca1dd387bd: receive RaftClientReply:client-0C76110B8A2B->ed5d81fa-aaf0-49db-aa57-acca1dd387bd@group-729F0664FEA8, cid=1368, SUCCESS, logIndex=1976, commits[ed5d81fa-aaf0-49db-aa57-acca1dd387bd:c1977]
2019-09-10 22:11:58,141 [grpc-default-executor-1] INFO  client.GrpcClientProtocolClient (GrpcClientProtocolClient.java:onNext(255)) - client-0C76110B8A2B->ed5d81fa-aaf0-49db-aa57-acca1dd387bd: receive RaftClientReply:client-0C76110B8A2B->ed5d81fa-aaf0-49db-aa57-acca1dd387bd@group-729F0664FEA8, cid=1369, SUCCESS, logIndex=1979, commits[ed5d81fa-aaf0-49db-aa57-acca1dd387bd:c1980]
2019-09-10 22:11:58,142 [grpc-default-executor-1] INFO  client.GrpcClientProtocolClient (GrpcClientProtocolClient.java:onNext(255)) - client-0C76110B8A2B->ed5d81fa-aaf0-49db-aa57-acca1dd387bd: receive RaftClientReply:client-0C76110B8A2B->ed5d81fa-aaf0-49db-aa57-acca1dd387bd@group-729F0664FEA8, cid=1370, SUCCESS, logIndex=1980, commits[ed5d81fa-aaf0-49db-aa57-acca1dd387bd:c1981]
2019-09-10 22:11:58,168 [SCMBlockDeletingService#1] DEBUG block.SCMBlockDeletingService (SCMBlockDeletingService.java:call(138)) - Running DeletedBlockTransactionScanner
2019-09-10 22:11:58,169 [SCMBlockDeletingService#1] DEBUG block.SCMBlockDeletingService (SCMBlockDeletingService.java:call(155)) - Scanned deleted blocks log and got 0 delTX to process.
2019-09-10 22:11:58,227 [grpc-default-executor-0] INFO  client.GrpcClientProtocolClient (GrpcClientProtocolClient.java:onNext(255)) - client-0C76110B8A2B->ed5d81fa-aaf0-49db-aa57-acca1dd387bd: receive RaftClientReply:client-0C76110B8A2B->ed5d81fa-aaf0-49db-aa57-acca1dd387bd@group-729F0664FEA8, cid=1371, SUCCESS, logIndex=1982, commits[ed5d81fa-aaf0-49db-aa57-acca1dd387bd:c1983]
2019-09-10 22:11:58,228 [grpc-default-executor-0] INFO  client.GrpcClientProtocolClient (GrpcClientProtocolClient.java:onNext(255)) - client-0C76110B8A2B->ed5d81fa-aaf0-49db-aa57-acca1dd387bd: receive RaftClientReply:client-0C76110B8A2B->ed5d81fa-aaf0-49db-aa57-acca1dd387bd@group-729F0664FEA8, cid=1372, SUCCESS, logIndex=1983, commits[ed5d81fa-aaf0-49db-aa57-acca1dd387bd:c1984]
2019-09-10 22:11:58,248 [grpc-default-executor-1] INFO  client.GrpcClientProtocolClient (GrpcClientProtocolClient.java:onNext(255)) - client-0C76110B8A2B->ed5d81fa-aaf0-49db-aa57-acca1dd387bd: receive RaftClientReply:client-0C76110B8A2B->ed5d81fa-aaf0-49db-aa57-acca1dd387bd@group-729F0664FEA8, cid=1373, SUCCESS, logIndex=1985, commits[ed5d81fa-aaf0-49db-aa57-acca1dd387bd:c1988]
2019-09-10 22:11:58,249 [grpc-default-executor-1] INFO  client.GrpcClientProtocolClient (GrpcClientProtocolClient.java:onNext(255)) - client-0C76110B8A2B->ed5d81fa-aaf0-49db-aa57-acca1dd387bd: receive RaftClientReply:client-0C76110B8A2B->ed5d81fa-aaf0-49db-aa57-acca1dd387bd@group-729F0664FEA8, cid=1374, SUCCESS, logIndex=1986, commits[ed5d81fa-aaf0-49db-aa57-acca1dd387bd:c1989]
2019-09-10 22:11:58,249 [grpc-default-executor-1] INFO  client.GrpcClientProtocolClient (GrpcClientProtocolClient.java:onNext(255)) - client-0C76110B8A2B->ed5d81fa-aaf0-49db-aa57-acca1dd387bd: receive RaftClientReply:client-0C76110B8A2B->ed5d81fa-aaf0-49db-aa57-acca1dd387bd@group-729F0664FEA8, cid=1375, SUCCESS, logIndex=1987, commits[ed5d81fa-aaf0-49db-aa57-acca1dd387bd:c1989]
2019-09-10 22:11:58,249 [grpc-default-executor-1] INFO  client.GrpcClientProtocolClient (GrpcClientProtocolClient.java:onNext(255)) - client-0C76110B8A2B->ed5d81fa-aaf0-49db-aa57-acca1dd387bd: receive RaftClientReply:client-0C76110B8A2B->ed5d81fa-aaf0-49db-aa57-acca1dd387bd@group-729F0664FEA8, cid=1376, SUCCESS, logIndex=1988, commits[ed5d81fa-aaf0-49db-aa57-acca1dd387bd:c1989]
2019-09-10 22:11:58,269 [SCMBlockDeletingService#1] DEBUG block.SCMBlockDeletingService (SCMBlockDeletingService.java:call(138)) - Running DeletedBlockTransactionScanner
2019-09-10 22:11:58,269 [SCMBlockDeletingService#1] DEBUG block.SCMBlockDeletingService (SCMBlockDeletingService.java:call(155)) - Scanned deleted blocks log and got 0 delTX to process.
2019-09-10 22:11:58,275 [grpc-default-executor-1] INFO  client.GrpcClientProtocolClient (GrpcClientProtocolClient.java:onNext(255)) - client-0C76110B8A2B->ed5d81fa-aaf0-49db-aa57-acca1dd387bd: receive RaftClientReply:client-0C76110B8A2B->ed5d81fa-aaf0-49db-aa57-acca1dd387bd@group-729F0664FEA8, cid=1377, SUCCESS, logIndex=1990, commits[ed5d81fa-aaf0-49db-aa57-acca1dd387bd:c1993]
2019-09-10 22:11:58,276 [grpc-default-executor-1] INFO  client.GrpcClientProtocolClient (GrpcClientProtocolClient.java:onNext(255)) - client-0C76110B8A2B->ed5d81fa-aaf0-49db-aa57-acca1dd387bd: receive RaftClientReply:client-0C76110B8A2B->ed5d81fa-aaf0-49db-aa57-acca1dd387bd@group-729F0664FEA8, cid=1378, SUCCESS, logIndex=1991, commits[ed5d81fa-aaf0-49db-aa57-acca1dd387bd:c1994]
2019-09-10 22:11:58,276 [grpc-default-executor-1] INFO  client.GrpcClientProtocolClient (GrpcClientProtocolClient.java:onNext(255)) - client-0C76110B8A2B->ed5d81fa-aaf0-49db-aa57-acca1dd387bd: receive RaftClientReply:client-0C76110B8A2B->ed5d81fa-aaf0-49db-aa57-acca1dd387bd@group-729F0664FEA8, cid=1379, SUCCESS, logIndex=1992, commits[ed5d81fa-aaf0-49db-aa57-acca1dd387bd:c1994]
2019-09-10 22:11:58,276 [grpc-default-executor-1] INFO  client.GrpcClientProtocolClient (GrpcClientProtocolClient.java:onNext(255)) - client-0C76110B8A2B->ed5d81fa-aaf0-49db-aa57-acca1dd387bd: receive RaftClientReply:client-0C76110B8A2B->ed5d81fa-aaf0-49db-aa57-acca1dd387bd@group-729F0664FEA8, cid=1380, SUCCESS, logIndex=1993, commits[ed5d81fa-aaf0-49db-aa57-acca1dd387bd:c1994]
2019-09-10 22:11:58,294 [grpc-default-executor-1] INFO  client.GrpcClientProtocolClient (GrpcClientProtocolClient.java:onNext(255)) - client-0C76110B8A2B->ed5d81fa-aaf0-49db-aa57-acca1dd387bd: receive RaftClientReply:client-0C76110B8A2B->ed5d81fa-aaf0-49db-aa57-acca1dd387bd@group-729F0664FEA8, cid=1381, SUCCESS, logIndex=1995, commits[ed5d81fa-aaf0-49db-aa57-acca1dd387bd:c1996]
2019-09-10 22:11:58,294 [grpc-default-executor-1] INFO  client.GrpcClientProtocolClient (GrpcClientProtocolClient.java:onNext(255)) - client-0C76110B8A2B->ed5d81fa-aaf0-49db-aa57-acca1dd387bd: receive RaftClientReply:client-0C76110B8A2B->ed5d81fa-aaf0-49db-aa57-acca1dd387bd@group-729F0664FEA8, cid=1382, SUCCESS, logIndex=1996, commits[ed5d81fa-aaf0-49db-aa57-acca1dd387bd:c1998]
2019-09-10 22:11:58,294 [grpc-default-executor-1] INFO  client.GrpcClientProtocolClient (GrpcClientProtocolClient.java:onNext(255)) - client-0C76110B8A2B->ed5d81fa-aaf0-49db-aa57-acca1dd387bd: receive RaftClientReply:client-0C76110B8A2B->ed5d81fa-aaf0-49db-aa57-acca1dd387bd@group-729F0664FEA8, cid=1383, SUCCESS, logIndex=1997, commits[ed5d81fa-aaf0-49db-aa57-acca1dd387bd:c1999]
2019-09-10 22:11:58,295 [grpc-default-executor-1] INFO  client.GrpcClientProtocolClient (GrpcClientProtocolClient.java:onNext(255)) - client-0C76110B8A2B->ed5d81fa-aaf0-49db-aa57-acca1dd387bd: receive RaftClientReply:client-0C76110B8A2B->ed5d81fa-aaf0-49db-aa57-acca1dd387bd@group-729F0664FEA8, cid=1384, SUCCESS, logIndex=1998, commits[ed5d81fa-aaf0-49db-aa57-acca1dd387bd:c1999]
2019-09-10 22:11:58,319 [grpc-default-executor-0] INFO  client.GrpcClientProtocolClient (GrpcClientProtocolClient.java:onNext(255)) - client-0C76110B8A2B->ed5d81fa-aaf0-49db-aa57-acca1dd387bd: receive RaftClientReply:client-0C76110B8A2B->ed5d81fa-aaf0-49db-aa57-acca1dd387bd@group-729F0664FEA8, cid=1385, SUCCESS, logIndex=2001, commits[ed5d81fa-aaf0-49db-aa57-acca1dd387bd:c2002]
2019-09-10 22:11:58,320 [grpc-default-executor-0] INFO  client.GrpcClientProtocolClient (GrpcClientProtocolClient.java:onNext(255)) - client-0C76110B8A2B->ed5d81fa-aaf0-49db-aa57-acca1dd387bd: receive RaftClientReply:client-0C76110B8A2B->ed5d81fa-aaf0-49db-aa57-acca1dd387bd@group-729F0664FEA8, cid=1386, SUCCESS, logIndex=2002, commits[ed5d81fa-aaf0-49db-aa57-acca1dd387bd:c2002]
2019-09-10 22:11:58,320 [grpc-default-executor-0] INFO  client.GrpcClientProtocolClient (GrpcClientProtocolClient.java:onNext(255)) - client-0C76110B8A2B->ed5d81fa-aaf0-49db-aa57-acca1dd387bd: receive RaftClientReply:client-0C76110B8A2B->ed5d81fa-aaf0-49db-aa57-acca1dd387bd@group-729F0664FEA8, cid=1387, SUCCESS, logIndex=2003, commits[ed5d81fa-aaf0-49db-aa57-acca1dd387bd:c2004]
2019-09-10 22:11:58,320 [grpc-default-executor-0] INFO  client.GrpcClientProtocolClient (GrpcClientProtocolClient.java:onNext(255)) - client-0C76110B8A2B->ed5d81fa-aaf0-49db-aa57-acca1dd387bd: receive RaftClientReply:client-0C76110B8A2B->ed5d81fa-aaf0-49db-aa57-acca1dd387bd@group-729F0664FEA8, cid=1388, SUCCESS, logIndex=2004, commits[ed5d81fa-aaf0-49db-aa57-acca1dd387bd:c2005]
2019-09-10 22:11:58,339 [grpc-default-executor-1] INFO  client.GrpcClientProtocolClient (GrpcClientProtocolClient.java:onNext(255)) - client-0C76110B8A2B->ed5d81fa-aaf0-49db-aa57-acca1dd387bd: receive RaftClientReply:client-0C76110B8A2B->ed5d81fa-aaf0-49db-aa57-acca1dd387bd@group-729F0664FEA8, cid=1389, SUCCESS, logIndex=2007, commits[ed5d81fa-aaf0-49db-aa57-acca1dd387bd:c2008]
2019-09-10 22:11:58,339 [grpc-default-executor-1] INFO  client.GrpcClientProtocolClient (GrpcClientProtocolClient.java:onNext(255)) - client-0C76110B8A2B->ed5d81fa-aaf0-49db-aa57-acca1dd387bd: receive RaftClientReply:client-0C76110B8A2B->ed5d81fa-aaf0-49db-aa57-acca1dd387bd@group-729F0664FEA8, cid=1390, SUCCESS, logIndex=2008, commits[ed5d81fa-aaf0-49db-aa57-acca1dd387bd:c2010]
2019-09-10 22:11:58,340 [grpc-default-executor-1] INFO  client.GrpcClientProtocolClient (GrpcClientProtocolClient.java:onNext(255)) - client-0C76110B8A2B->ed5d81fa-aaf0-49db-aa57-acca1dd387bd: receive RaftClientReply:client-0C76110B8A2B->ed5d81fa-aaf0-49db-aa57-acca1dd387bd@group-729F0664FEA8, cid=1391, SUCCESS, logIndex=2009, commits[ed5d81fa-aaf0-49db-aa57-acca1dd387bd:c2010]
2019-09-10 22:11:58,340 [grpc-default-executor-1] INFO  client.GrpcClientProtocolClient (GrpcClientProtocolClient.java:onNext(255)) - client-0C76110B8A2B->ed5d81fa-aaf0-49db-aa57-acca1dd387bd: receive RaftClientReply:client-0C76110B8A2B->ed5d81fa-aaf0-49db-aa57-acca1dd387bd@group-729F0664FEA8, cid=1392, SUCCESS, logIndex=2010, commits[ed5d81fa-aaf0-49db-aa57-acca1dd387bd:c2011]
2019-09-10 22:11:58,362 [grpc-default-executor-0] INFO  client.GrpcClientProtocolClient (GrpcClientProtocolClient.java:onNext(255)) - client-0C76110B8A2B->ed5d81fa-aaf0-49db-aa57-acca1dd387bd: receive RaftClientReply:client-0C76110B8A2B->ed5d81fa-aaf0-49db-aa57-acca1dd387bd@group-729F0664FEA8, cid=1393, SUCCESS, logIndex=2013, commits[ed5d81fa-aaf0-49db-aa57-acca1dd387bd:c2016]
2019-09-10 22:11:58,362 [grpc-default-executor-0] INFO  client.GrpcClientProtocolClient (GrpcClientProtocolClient.java:onNext(255)) - client-0C76110B8A2B->ed5d81fa-aaf0-49db-aa57-acca1dd387bd: receive RaftClientReply:client-0C76110B8A2B->ed5d81fa-aaf0-49db-aa57-acca1dd387bd@group-729F0664FEA8, cid=1394, SUCCESS, logIndex=2014, commits[ed5d81fa-aaf0-49db-aa57-acca1dd387bd:c2016]
2019-09-10 22:11:58,363 [grpc-default-executor-0] INFO  client.GrpcClientProtocolClient (GrpcClientProtocolClient.java:onNext(255)) - client-0C76110B8A2B->ed5d81fa-aaf0-49db-aa57-acca1dd387bd: receive RaftClientReply:client-0C76110B8A2B->ed5d81fa-aaf0-49db-aa57-acca1dd387bd@group-729F0664FEA8, cid=1395, SUCCESS, logIndex=2015, commits[ed5d81fa-aaf0-49db-aa57-acca1dd387bd:c2017]
2019-09-10 22:11:58,363 [grpc-default-executor-0] INFO  client.GrpcClientProtocolClient (GrpcClientProtocolClient.java:onNext(255)) - client-0C76110B8A2B->ed5d81fa-aaf0-49db-aa57-acca1dd387bd: receive RaftClientReply:client-0C76110B8A2B->ed5d81fa-aaf0-49db-aa57-acca1dd387bd@group-729F0664FEA8, cid=1396, SUCCESS, logIndex=2016, commits[ed5d81fa-aaf0-49db-aa57-acca1dd387bd:c2017]
2019-09-10 22:11:58,370 [SCMBlockDeletingService#1] DEBUG block.SCMBlockDeletingService (SCMBlockDeletingService.java:call(138)) - Running DeletedBlockTransactionScanner
2019-09-10 22:11:58,370 [SCMBlockDeletingService#1] DEBUG block.SCMBlockDeletingService (SCMBlockDeletingService.java:call(155)) - Scanned deleted blocks log and got 0 delTX to process.
2019-09-10 22:11:58,374 [grpc-default-executor-0] INFO  client.GrpcClientProtocolClient (GrpcClientProtocolClient.java:onNext(255)) - client-0C76110B8A2B->ed5d81fa-aaf0-49db-aa57-acca1dd387bd: receive RaftClientReply:client-0C76110B8A2B->ed5d81fa-aaf0-49db-aa57-acca1dd387bd@group-729F0664FEA8, cid=1397, SUCCESS, logIndex=2018, commits[ed5d81fa-aaf0-49db-aa57-acca1dd387bd:c2019]
2019-09-10 22:11:58,467 [grpc-default-executor-0] INFO  client.GrpcClientProtocolClient (GrpcClientProtocolClient.java:onNext(255)) - client-0C76110B8A2B->ed5d81fa-aaf0-49db-aa57-acca1dd387bd: receive RaftClientReply:client-0C76110B8A2B->ed5d81fa-aaf0-49db-aa57-acca1dd387bd@group-729F0664FEA8, cid=1398, SUCCESS, logIndex=2019, commits[ed5d81fa-aaf0-49db-aa57-acca1dd387bd:c2019]
2019-09-10 22:11:58,468 [grpc-default-executor-0] INFO  client.GrpcClientProtocolClient (GrpcClientProtocolClient.java:onNext(255)) - client-0C76110B8A2B->ed5d81fa-aaf0-49db-aa57-acca1dd387bd: receive RaftClientReply:client-0C76110B8A2B->ed5d81fa-aaf0-49db-aa57-acca1dd387bd@group-729F0664FEA8, cid=1399, SUCCESS, logIndex=2020, commits[ed5d81fa-aaf0-49db-aa57-acca1dd387bd:c2021]
2019-09-10 22:11:58,468 [grpc-default-executor-0] INFO  client.GrpcClientProtocolClient (GrpcClientProtocolClient.java:onNext(255)) - client-0C76110B8A2B->ed5d81fa-aaf0-49db-aa57-acca1dd387bd: receive RaftClientReply:client-0C76110B8A2B->ed5d81fa-aaf0-49db-aa57-acca1dd387bd@group-729F0664FEA8, cid=1400, SUCCESS, logIndex=2021, commits[ed5d81fa-aaf0-49db-aa57-acca1dd387bd:c2022]
2019-09-10 22:11:58,471 [SCMBlockDeletingService#1] DEBUG block.SCMBlockDeletingService (SCMBlockDeletingService.java:call(138)) - Running DeletedBlockTransactionScanner
2019-09-10 22:11:58,471 [SCMBlockDeletingService#1] DEBUG block.SCMBlockDeletingService (SCMBlockDeletingService.java:call(155)) - Scanned deleted blocks log and got 0 delTX to process.
2019-09-10 22:11:58,499 [grpc-default-executor-0] INFO  client.GrpcClientProtocolClient (GrpcClientProtocolClient.java:onNext(255)) - client-0C76110B8A2B->ed5d81fa-aaf0-49db-aa57-acca1dd387bd: receive RaftClientReply:client-0C76110B8A2B->ed5d81fa-aaf0-49db-aa57-acca1dd387bd@group-729F0664FEA8, cid=1401, SUCCESS, logIndex=2024, commits[ed5d81fa-aaf0-49db-aa57-acca1dd387bd:c2025]
2019-09-10 22:11:58,499 [grpc-default-executor-0] INFO  client.GrpcClientProtocolClient (GrpcClientProtocolClient.java:onNext(255)) - client-0C76110B8A2B->ed5d81fa-aaf0-49db-aa57-acca1dd387bd: receive RaftClientReply:client-0C76110B8A2B->ed5d81fa-aaf0-49db-aa57-acca1dd387bd@group-729F0664FEA8, cid=1402, SUCCESS, logIndex=2025, commits[ed5d81fa-aaf0-49db-aa57-acca1dd387bd:c2027]
2019-09-10 22:11:58,499 [grpc-default-executor-0] INFO  client.GrpcClientProtocolClient (GrpcClientProtocolClient.java:onNext(255)) - client-0C76110B8A2B->ed5d81fa-aaf0-49db-aa57-acca1dd387bd: receive RaftClientReply:client-0C76110B8A2B->ed5d81fa-aaf0-49db-aa57-acca1dd387bd@group-729F0664FEA8, cid=1403, SUCCESS, logIndex=2026, commits[ed5d81fa-aaf0-49db-aa57-acca1dd387bd:c2028]
2019-09-10 22:11:58,500 [grpc-default-executor-0] INFO  client.GrpcClientProtocolClient (GrpcClientProtocolClient.java:onNext(255)) - client-0C76110B8A2B->ed5d81fa-aaf0-49db-aa57-acca1dd387bd: receive RaftClientReply:client-0C76110B8A2B->ed5d81fa-aaf0-49db-aa57-acca1dd387bd@group-729F0664FEA8, cid=1404, SUCCESS, logIndex=2027, commits[ed5d81fa-aaf0-49db-aa57-acca1dd387bd:c2029]
2019-09-10 22:11:58,520 [grpc-default-executor-0] INFO  client.GrpcClientProtocolClient (GrpcClientProtocolClient.java:onNext(255)) - client-0C76110B8A2B->ed5d81fa-aaf0-49db-aa57-acca1dd387bd: receive RaftClientReply:client-0C76110B8A2B->ed5d81fa-aaf0-49db-aa57-acca1dd387bd@group-729F0664FEA8, cid=1405, SUCCESS, logIndex=2030, commits[ed5d81fa-aaf0-49db-aa57-acca1dd387bd:c2031]
2019-09-10 22:11:58,520 [grpc-default-executor-0] INFO  client.GrpcClientProtocolClient (GrpcClientProtocolClient.java:onNext(255)) - client-0C76110B8A2B->ed5d81fa-aaf0-49db-aa57-acca1dd387bd: receive RaftClientReply:client-0C76110B8A2B->ed5d81fa-aaf0-49db-aa57-acca1dd387bd@group-729F0664FEA8, cid=1406, SUCCESS, logIndex=2031, commits[ed5d81fa-aaf0-49db-aa57-acca1dd387bd:c2033]
2019-09-10 22:11:58,521 [grpc-default-executor-0] INFO  client.GrpcClientProtocolClient (GrpcClientProtocolClient.java:onNext(255)) - client-0C76110B8A2B->ed5d81fa-aaf0-49db-aa57-acca1dd387bd: receive RaftClientReply:client-0C76110B8A2B->ed5d81fa-aaf0-49db-aa57-acca1dd387bd@group-729F0664FEA8, cid=1407, SUCCESS, logIndex=2032, commits[ed5d81fa-aaf0-49db-aa57-acca1dd387bd:c2034]
2019-09-10 22:11:58,521 [grpc-default-executor-0] INFO  client.GrpcClientProtocolClient (GrpcClientProtocolClient.java:onNext(255)) - client-0C76110B8A2B->ed5d81fa-aaf0-49db-aa57-acca1dd387bd: receive RaftClientReply:client-0C76110B8A2B->ed5d81fa-aaf0-49db-aa57-acca1dd387bd@group-729F0664FEA8, cid=1408, SUCCESS, logIndex=2033, commits[ed5d81fa-aaf0-49db-aa57-acca1dd387bd:c2035]
2019-09-10 22:11:58,548 [grpc-default-executor-0] INFO  client.GrpcClientProtocolClient (GrpcClientProtocolClient.java:onNext(255)) - client-0C76110B8A2B->ed5d81fa-aaf0-49db-aa57-acca1dd387bd: receive RaftClientReply:client-0C76110B8A2B->ed5d81fa-aaf0-49db-aa57-acca1dd387bd@group-729F0664FEA8, cid=1409, SUCCESS, logIndex=2036, commits[ed5d81fa-aaf0-49db-aa57-acca1dd387bd:c2037]
2019-09-10 22:11:58,549 [grpc-default-executor-0] INFO  client.GrpcClientProtocolClient (GrpcClientProtocolClient.java:onNext(255)) - client-0C76110B8A2B->ed5d81fa-aaf0-49db-aa57-acca1dd387bd: receive RaftClientReply:client-0C76110B8A2B->ed5d81fa-aaf0-49db-aa57-acca1dd387bd@group-729F0664FEA8, cid=1410, SUCCESS, logIndex=2037, commits[ed5d81fa-aaf0-49db-aa57-acca1dd387bd:c2039]
2019-09-10 22:11:58,549 [grpc-default-executor-0] INFO  client.GrpcClientProtocolClient (GrpcClientProtocolClient.java:onNext(255)) - client-0C76110B8A2B->ed5d81fa-aaf0-49db-aa57-acca1dd387bd: receive RaftClientReply:client-0C76110B8A2B->ed5d81fa-aaf0-49db-aa57-acca1dd387bd@group-729F0664FEA8, cid=1411, SUCCESS, logIndex=2038, commits[ed5d81fa-aaf0-49db-aa57-acca1dd387bd:c2039]
2019-09-10 22:11:58,549 [grpc-default-executor-0] INFO  client.GrpcClientProtocolClient (GrpcClientProtocolClient.java:onNext(255)) - client-0C76110B8A2B->ed5d81fa-aaf0-49db-aa57-acca1dd387bd: receive RaftClientReply:client-0C76110B8A2B->ed5d81fa-aaf0-49db-aa57-acca1dd387bd@group-729F0664FEA8, cid=1412, SUCCESS, logIndex=2039, commits[ed5d81fa-aaf0-49db-aa57-acca1dd387bd:c2040]
2019-09-10 22:11:58,569 [grpc-default-executor-1] INFO  client.GrpcClientProtocolClient (GrpcClientProtocolClient.java:onNext(255)) - client-0C76110B8A2B->ed5d81fa-aaf0-49db-aa57-acca1dd387bd: receive RaftClientReply:client-0C76110B8A2B->ed5d81fa-aaf0-49db-aa57-acca1dd387bd@group-729F0664FEA8, cid=1413, SUCCESS, logIndex=2042, commits[ed5d81fa-aaf0-49db-aa57-acca1dd387bd:c2043]
2019-09-10 22:11:58,569 [grpc-default-executor-1] INFO  client.GrpcClientProtocolClient (GrpcClientProtocolClient.java:onNext(255)) - client-0C76110B8A2B->ed5d81fa-aaf0-49db-aa57-acca1dd387bd: receive RaftClientReply:client-0C76110B8A2B->ed5d81fa-aaf0-49db-aa57-acca1dd387bd@group-729F0664FEA8, cid=1414, SUCCESS, logIndex=2043, commits[ed5d81fa-aaf0-49db-aa57-acca1dd387bd:c2044]
2019-09-10 22:11:58,571 [SCMBlockDeletingService#1] DEBUG block.SCMBlockDeletingService (SCMBlockDeletingService.java:call(138)) - Running DeletedBlockTransactionScanner
2019-09-10 22:11:58,571 [SCMBlockDeletingService#1] DEBUG block.SCMBlockDeletingService (SCMBlockDeletingService.java:call(155)) - Scanned deleted blocks log and got 0 delTX to process.
2019-09-10 22:11:58,666 [grpc-default-executor-0] INFO  client.GrpcClientProtocolClient (GrpcClientProtocolClient.java:onNext(255)) - client-0C76110B8A2B->ed5d81fa-aaf0-49db-aa57-acca1dd387bd: receive RaftClientReply:client-0C76110B8A2B->ed5d81fa-aaf0-49db-aa57-acca1dd387bd@group-729F0664FEA8, cid=1415, SUCCESS, logIndex=2045, commits[ed5d81fa-aaf0-49db-aa57-acca1dd387bd:c2046]
2019-09-10 22:11:58,667 [grpc-default-executor-0] INFO  client.GrpcClientProtocolClient (GrpcClientProtocolClient.java:onNext(255)) - client-0C76110B8A2B->ed5d81fa-aaf0-49db-aa57-acca1dd387bd: receive RaftClientReply:client-0C76110B8A2B->ed5d81fa-aaf0-49db-aa57-acca1dd387bd@group-729F0664FEA8, cid=1416, SUCCESS, logIndex=2046, commits[ed5d81fa-aaf0-49db-aa57-acca1dd387bd:c2047]
2019-09-10 22:11:58,672 [SCMBlockDeletingService#1] DEBUG block.SCMBlockDeletingService (SCMBlockDeletingService.java:call(138)) - Running DeletedBlockTransactionScanner
2019-09-10 22:11:58,672 [SCMBlockDeletingService#1] DEBUG block.SCMBlockDeletingService (SCMBlockDeletingService.java:call(155)) - Scanned deleted blocks log and got 0 delTX to process.
2019-09-10 22:11:58,696 [grpc-default-executor-0] INFO  client.GrpcClientProtocolClient (GrpcClientProtocolClient.java:onNext(255)) - client-0C76110B8A2B->ed5d81fa-aaf0-49db-aa57-acca1dd387bd: receive RaftClientReply:client-0C76110B8A2B->ed5d81fa-aaf0-49db-aa57-acca1dd387bd@group-729F0664FEA8, cid=1417, SUCCESS, logIndex=2048, commits[ed5d81fa-aaf0-49db-aa57-acca1dd387bd:c2049]
2019-09-10 22:11:58,696 [grpc-default-executor-0] INFO  client.GrpcClientProtocolClient (GrpcClientProtocolClient.java:onNext(255)) - client-0C76110B8A2B->ed5d81fa-aaf0-49db-aa57-acca1dd387bd: receive RaftClientReply:client-0C76110B8A2B->ed5d81fa-aaf0-49db-aa57-acca1dd387bd@group-729F0664FEA8, cid=1418, SUCCESS, logIndex=2049, commits[ed5d81fa-aaf0-49db-aa57-acca1dd387bd:c2051]
2019-09-10 22:11:58,697 [grpc-default-executor-0] INFO  client.GrpcClientProtocolClient (GrpcClientProtocolClient.java:onNext(255)) - client-0C76110B8A2B->ed5d81fa-aaf0-49db-aa57-acca1dd387bd: receive RaftClientReply:client-0C76110B8A2B->ed5d81fa-aaf0-49db-aa57-acca1dd387bd@group-729F0664FEA8, cid=1419, SUCCESS, logIndex=2050, commits[ed5d81fa-aaf0-49db-aa57-acca1dd387bd:c2052]
2019-09-10 22:11:58,697 [grpc-default-executor-0] INFO  client.GrpcClientProtocolClient (GrpcClientProtocolClient.java:onNext(255)) - client-0C76110B8A2B->ed5d81fa-aaf0-49db-aa57-acca1dd387bd: receive RaftClientReply:client-0C76110B8A2B->ed5d81fa-aaf0-49db-aa57-acca1dd387bd@group-729F0664FEA8, cid=1420, SUCCESS, logIndex=2051, commits[ed5d81fa-aaf0-49db-aa57-acca1dd387bd:c2053]
2019-09-10 22:11:58,718 [grpc-default-executor-1] INFO  client.GrpcClientProtocolClient (GrpcClientProtocolClient.java:onNext(255)) - client-0C76110B8A2B->ed5d81fa-aaf0-49db-aa57-acca1dd387bd: receive RaftClientReply:client-0C76110B8A2B->ed5d81fa-aaf0-49db-aa57-acca1dd387bd@group-729F0664FEA8, cid=1421, SUCCESS, logIndex=2054, commits[ed5d81fa-aaf0-49db-aa57-acca1dd387bd:c2055]
2019-09-10 22:11:58,718 [grpc-default-executor-1] INFO  client.GrpcClientProtocolClient (GrpcClientProtocolClient.java:onNext(255)) - client-0C76110B8A2B->ed5d81fa-aaf0-49db-aa57-acca1dd387bd: receive RaftClientReply:client-0C76110B8A2B->ed5d81fa-aaf0-49db-aa57-acca1dd387bd@group-729F0664FEA8, cid=1422, SUCCESS, logIndex=2055, commits[ed5d81fa-aaf0-49db-aa57-acca1dd387bd:c2057]
2019-09-10 22:11:58,718 [grpc-default-executor-1] INFO  client.GrpcClientProtocolClient (GrpcClientProtocolClient.java:onNext(255)) - client-0C76110B8A2B->ed5d81fa-aaf0-49db-aa57-acca1dd387bd: receive RaftClientReply:client-0C76110B8A2B->ed5d81fa-aaf0-49db-aa57-acca1dd387bd@group-729F0664FEA8, cid=1423, SUCCESS, logIndex=2056, commits[ed5d81fa-aaf0-49db-aa57-acca1dd387bd:c2057]
2019-09-10 22:11:58,719 [grpc-default-executor-1] INFO  client.GrpcClientProtocolClient (GrpcClientProtocolClient.java:onNext(255)) - client-0C76110B8A2B->ed5d81fa-aaf0-49db-aa57-acca1dd387bd: receive RaftClientReply:client-0C76110B8A2B->ed5d81fa-aaf0-49db-aa57-acca1dd387bd@group-729F0664FEA8, cid=1424, SUCCESS, logIndex=2057, commits[ed5d81fa-aaf0-49db-aa57-acca1dd387bd:c2058]
2019-09-10 22:11:58,745 [grpc-default-executor-1] INFO  client.GrpcClientProtocolClient (GrpcClientProtocolClient.java:onNext(255)) - client-0C76110B8A2B->ed5d81fa-aaf0-49db-aa57-acca1dd387bd: receive RaftClientReply:client-0C76110B8A2B->ed5d81fa-aaf0-49db-aa57-acca1dd387bd@group-729F0664FEA8, cid=1425, SUCCESS, logIndex=2060, commits[ed5d81fa-aaf0-49db-aa57-acca1dd387bd:c2061]
2019-09-10 22:11:58,746 [grpc-default-executor-1] INFO  client.GrpcClientProtocolClient (GrpcClientProtocolClient.java:onNext(255)) - client-0C76110B8A2B->ed5d81fa-aaf0-49db-aa57-acca1dd387bd: receive RaftClientReply:client-0C76110B8A2B->ed5d81fa-aaf0-49db-aa57-acca1dd387bd@group-729F0664FEA8, cid=1426, SUCCESS, logIndex=2061, commits[ed5d81fa-aaf0-49db-aa57-acca1dd387bd:c2063]
2019-09-10 22:11:58,746 [grpc-default-executor-1] INFO  client.GrpcClientProtocolClient (GrpcClientProtocolClient.java:onNext(255)) - client-0C76110B8A2B->ed5d81fa-aaf0-49db-aa57-acca1dd387bd: receive RaftClientReply:client-0C76110B8A2B->ed5d81fa-aaf0-49db-aa57-acca1dd387bd@group-729F0664FEA8, cid=1427, SUCCESS, logIndex=2062, commits[ed5d81fa-aaf0-49db-aa57-acca1dd387bd:c2064]
2019-09-10 22:11:58,747 [grpc-default-executor-1] INFO  client.GrpcClientProtocolClient (GrpcClientProtocolClient.java:onNext(255)) - client-0C76110B8A2B->ed5d81fa-aaf0-49db-aa57-acca1dd387bd: receive RaftClientReply:client-0C76110B8A2B->ed5d81fa-aaf0-49db-aa57-acca1dd387bd@group-729F0664FEA8, cid=1428, SUCCESS, logIndex=2063, commits[ed5d81fa-aaf0-49db-aa57-acca1dd387bd:c2065]
2019-09-10 22:11:58,766 [grpc-default-executor-0] INFO  client.GrpcClientProtocolClient (GrpcClientProtocolClient.java:onNext(255)) - client-0C76110B8A2B->ed5d81fa-aaf0-49db-aa57-acca1dd387bd: receive RaftClientReply:client-0C76110B8A2B->ed5d81fa-aaf0-49db-aa57-acca1dd387bd@group-729F0664FEA8, cid=1429, SUCCESS, logIndex=2066, commits[ed5d81fa-aaf0-49db-aa57-acca1dd387bd:c2067]
2019-09-10 22:11:58,767 [grpc-default-executor-0] INFO  client.GrpcClientProtocolClient (GrpcClientProtocolClient.java:onNext(255)) - client-0C76110B8A2B->ed5d81fa-aaf0-49db-aa57-acca1dd387bd: receive RaftClientReply:client-0C76110B8A2B->ed5d81fa-aaf0-49db-aa57-acca1dd387bd@group-729F0664FEA8, cid=1430, SUCCESS, logIndex=2067, commits[ed5d81fa-aaf0-49db-aa57-acca1dd387bd:c2069]
2019-09-10 22:11:58,767 [grpc-default-executor-0] INFO  client.GrpcClientProtocolClient (GrpcClientProtocolClient.java:onNext(255)) - client-0C76110B8A2B->ed5d81fa-aaf0-49db-aa57-acca1dd387bd: receive RaftClientReply:client-0C76110B8A2B->ed5d81fa-aaf0-49db-aa57-acca1dd387bd@group-729F0664FEA8, cid=1431, SUCCESS, logIndex=2068, commits[ed5d81fa-aaf0-49db-aa57-acca1dd387bd:c2070]
2019-09-10 22:11:58,768 [grpc-default-executor-0] INFO  client.GrpcClientProtocolClient (GrpcClientProtocolClient.java:onNext(255)) - client-0C76110B8A2B->ed5d81fa-aaf0-49db-aa57-acca1dd387bd: receive RaftClientReply:client-0C76110B8A2B->ed5d81fa-aaf0-49db-aa57-acca1dd387bd@group-729F0664FEA8, cid=1432, SUCCESS, logIndex=2069, commits[ed5d81fa-aaf0-49db-aa57-acca1dd387bd:c2070]
2019-09-10 22:11:58,772 [SCMBlockDeletingService#1] DEBUG block.SCMBlockDeletingService (SCMBlockDeletingService.java:call(138)) - Running DeletedBlockTransactionScanner
2019-09-10 22:11:58,773 [SCMBlockDeletingService#1] DEBUG block.SCMBlockDeletingService (SCMBlockDeletingService.java:call(155)) - Scanned deleted blocks log and got 0 delTX to process.
2019-09-10 22:11:58,794 [grpc-default-executor-0] INFO  client.GrpcClientProtocolClient (GrpcClientProtocolClient.java:onNext(255)) - client-0C76110B8A2B->ed5d81fa-aaf0-49db-aa57-acca1dd387bd: receive RaftClientReply:client-0C76110B8A2B->ed5d81fa-aaf0-49db-aa57-acca1dd387bd@group-729F0664FEA8, cid=1433, SUCCESS, logIndex=2072, commits[ed5d81fa-aaf0-49db-aa57-acca1dd387bd:c2073]
2019-09-10 22:11:58,795 [grpc-default-executor-0] INFO  client.GrpcClientProtocolClient (GrpcClientProtocolClient.java:onNext(255)) - client-0C76110B8A2B->ed5d81fa-aaf0-49db-aa57-acca1dd387bd: receive RaftClientReply:client-0C76110B8A2B->ed5d81fa-aaf0-49db-aa57-acca1dd387bd@group-729F0664FEA8, cid=1434, SUCCESS, logIndex=2073, commits[ed5d81fa-aaf0-49db-aa57-acca1dd387bd:c2075]
2019-09-10 22:11:58,795 [grpc-default-executor-0] INFO  client.GrpcClientProtocolClient (GrpcClientProtocolClient.java:onNext(255)) - client-0C76110B8A2B->ed5d81fa-aaf0-49db-aa57-acca1dd387bd: receive RaftClientReply:client-0C76110B8A2B->ed5d81fa-aaf0-49db-aa57-acca1dd387bd@group-729F0664FEA8, cid=1435, SUCCESS, logIndex=2074, commits[ed5d81fa-aaf0-49db-aa57-acca1dd387bd:c2076]
2019-09-10 22:11:58,796 [grpc-default-executor-0] INFO  client.GrpcClientProtocolClient (GrpcClientProtocolClient.java:onNext(255)) - client-0C76110B8A2B->ed5d81fa-aaf0-49db-aa57-acca1dd387bd: receive RaftClientReply:client-0C76110B8A2B->ed5d81fa-aaf0-49db-aa57-acca1dd387bd@group-729F0664FEA8, cid=1436, SUCCESS, logIndex=2075, commits[ed5d81fa-aaf0-49db-aa57-acca1dd387bd:c2076]
2019-09-10 22:11:58,816 [grpc-default-executor-0] INFO  client.GrpcClientProtocolClient (GrpcClientProtocolClient.java:onNext(255)) - client-0C76110B8A2B->ed5d81fa-aaf0-49db-aa57-acca1dd387bd: receive RaftClientReply:client-0C76110B8A2B->ed5d81fa-aaf0-49db-aa57-acca1dd387bd@group-729F0664FEA8, cid=1437, SUCCESS, logIndex=2078, commits[ed5d81fa-aaf0-49db-aa57-acca1dd387bd:c2079]
2019-09-10 22:11:58,816 [grpc-default-executor-0] INFO  client.GrpcClientProtocolClient (GrpcClientProtocolClient.java:onNext(255)) - client-0C76110B8A2B->ed5d81fa-aaf0-49db-aa57-acca1dd387bd: receive RaftClientReply:client-0C76110B8A2B->ed5d81fa-aaf0-49db-aa57-acca1dd387bd@group-729F0664FEA8, cid=1438, SUCCESS, logIndex=2079, commits[ed5d81fa-aaf0-49db-aa57-acca1dd387bd:c2081]
2019-09-10 22:11:58,817 [grpc-default-executor-0] INFO  client.GrpcClientProtocolClient (GrpcClientProtocolClient.java:onNext(255)) - client-0C76110B8A2B->ed5d81fa-aaf0-49db-aa57-acca1dd387bd: receive RaftClientReply:client-0C76110B8A2B->ed5d81fa-aaf0-49db-aa57-acca1dd387bd@group-729F0664FEA8, cid=1439, SUCCESS, logIndex=2080, commits[ed5d81fa-aaf0-49db-aa57-acca1dd387bd:c2082]
2019-09-10 22:11:58,817 [grpc-default-executor-0] INFO  client.GrpcClientProtocolClient (GrpcClientProtocolClient.java:onNext(255)) - client-0C76110B8A2B->ed5d81fa-aaf0-49db-aa57-acca1dd387bd: receive RaftClientReply:client-0C76110B8A2B->ed5d81fa-aaf0-49db-aa57-acca1dd387bd@group-729F0664FEA8, cid=1440, SUCCESS, logIndex=2081, commits[ed5d81fa-aaf0-49db-aa57-acca1dd387bd:c2082]
2019-09-10 22:11:58,843 [grpc-default-executor-0] INFO  client.GrpcClientProtocolClient (GrpcClientProtocolClient.java:onNext(255)) - client-0C76110B8A2B->ed5d81fa-aaf0-49db-aa57-acca1dd387bd: receive RaftClientReply:client-0C76110B8A2B->ed5d81fa-aaf0-49db-aa57-acca1dd387bd@group-729F0664FEA8, cid=1441, SUCCESS, logIndex=2084, commits[ed5d81fa-aaf0-49db-aa57-acca1dd387bd:c2085]
2019-09-10 22:11:58,843 [grpc-default-executor-0] INFO  client.GrpcClientProtocolClient (GrpcClientProtocolClient.java:onNext(255)) - client-0C76110B8A2B->ed5d81fa-aaf0-49db-aa57-acca1dd387bd: receive RaftClientReply:client-0C76110B8A2B->ed5d81fa-aaf0-49db-aa57-acca1dd387bd@group-729F0664FEA8, cid=1442, SUCCESS, logIndex=2085, commits[ed5d81fa-aaf0-49db-aa57-acca1dd387bd:c2087]
2019-09-10 22:11:58,844 [grpc-default-executor-0] INFO  client.GrpcClientProtocolClient (GrpcClientProtocolClient.java:onNext(255)) - client-0C76110B8A2B->ed5d81fa-aaf0-49db-aa57-acca1dd387bd: receive RaftClientReply:client-0C76110B8A2B->ed5d81fa-aaf0-49db-aa57-acca1dd387bd@group-729F0664FEA8, cid=1443, SUCCESS, logIndex=2086, commits[ed5d81fa-aaf0-49db-aa57-acca1dd387bd:c2088]
2019-09-10 22:11:58,844 [grpc-default-executor-0] INFO  client.GrpcClientProtocolClient (GrpcClientProtocolClient.java:onNext(255)) - client-0C76110B8A2B->ed5d81fa-aaf0-49db-aa57-acca1dd387bd: receive RaftClientReply:client-0C76110B8A2B->ed5d81fa-aaf0-49db-aa57-acca1dd387bd@group-729F0664FEA8, cid=1444, SUCCESS, logIndex=2087, commits[ed5d81fa-aaf0-49db-aa57-acca1dd387bd:c2088]
2019-09-10 22:11:58,863 [grpc-default-executor-1] INFO  client.GrpcClientProtocolClient (GrpcClientProtocolClient.java:onNext(255)) - client-0C76110B8A2B->ed5d81fa-aaf0-49db-aa57-acca1dd387bd: receive RaftClientReply:client-0C76110B8A2B->ed5d81fa-aaf0-49db-aa57-acca1dd387bd@group-729F0664FEA8, cid=1445, SUCCESS, logIndex=2090, commits[ed5d81fa-aaf0-49db-aa57-acca1dd387bd:c2091]
2019-09-10 22:11:58,864 [grpc-default-executor-1] INFO  client.GrpcClientProtocolClient (GrpcClientProtocolClient.java:onNext(255)) - client-0C76110B8A2B->ed5d81fa-aaf0-49db-aa57-acca1dd387bd: receive RaftClientReply:client-0C76110B8A2B->ed5d81fa-aaf0-49db-aa57-acca1dd387bd@group-729F0664FEA8, cid=1446, SUCCESS, logIndex=2091, commits[ed5d81fa-aaf0-49db-aa57-acca1dd387bd:c2093]
2019-09-10 22:11:58,864 [grpc-default-executor-1] INFO  client.GrpcClientProtocolClient (GrpcClientProtocolClient.java:onNext(255)) - client-0C76110B8A2B->ed5d81fa-aaf0-49db-aa57-acca1dd387bd: receive RaftClientReply:client-0C76110B8A2B->ed5d81fa-aaf0-49db-aa57-acca1dd387bd@group-729F0664FEA8, cid=1447, SUCCESS, logIndex=2092, commits[ed5d81fa-aaf0-49db-aa57-acca1dd387bd:c2094]
2019-09-10 22:11:58,864 [grpc-default-executor-1] INFO  client.GrpcClientProtocolClient (GrpcClientProtocolClient.java:onNext(255)) - client-0C76110B8A2B->ed5d81fa-aaf0-49db-aa57-acca1dd387bd: receive RaftClientReply:client-0C76110B8A2B->ed5d81fa-aaf0-49db-aa57-acca1dd387bd@group-729F0664FEA8, cid=1448, SUCCESS, logIndex=2093, commits[ed5d81fa-aaf0-49db-aa57-acca1dd387bd:c2094]
2019-09-10 22:11:58,873 [SCMBlockDeletingService#1] DEBUG block.SCMBlockDeletingService (SCMBlockDeletingService.java:call(138)) - Running DeletedBlockTransactionScanner
2019-09-10 22:11:58,873 [SCMBlockDeletingService#1] DEBUG block.SCMBlockDeletingService (SCMBlockDeletingService.java:call(155)) - Scanned deleted blocks log and got 0 delTX to process.
2019-09-10 22:11:58,881 [grpc-default-executor-1] INFO  client.GrpcClientProtocolClient (GrpcClientProtocolClient.java:onNext(255)) - client-0C76110B8A2B->ed5d81fa-aaf0-49db-aa57-acca1dd387bd: receive RaftClientReply:client-0C76110B8A2B->ed5d81fa-aaf0-49db-aa57-acca1dd387bd@group-729F0664FEA8, cid=1449, SUCCESS, logIndex=2096, commits[ed5d81fa-aaf0-49db-aa57-acca1dd387bd:c2097]
2019-09-10 22:11:58,882 [grpc-default-executor-1] INFO  client.GrpcClientProtocolClient (GrpcClientProtocolClient.java:onNext(255)) - client-0C76110B8A2B->ed5d81fa-aaf0-49db-aa57-acca1dd387bd: receive RaftClientReply:client-0C76110B8A2B->ed5d81fa-aaf0-49db-aa57-acca1dd387bd@group-729F0664FEA8, cid=1450, SUCCESS, logIndex=2097, commits[ed5d81fa-aaf0-49db-aa57-acca1dd387bd:c2097]
2019-09-10 22:11:58,901 [grpc-default-executor-1] INFO  client.GrpcClientProtocolClient (GrpcClientProtocolClient.java:onNext(255)) - client-0C76110B8A2B->ed5d81fa-aaf0-49db-aa57-acca1dd387bd: receive RaftClientReply:client-0C76110B8A2B->ed5d81fa-aaf0-49db-aa57-acca1dd387bd@group-729F0664FEA8, cid=1451, SUCCESS, logIndex=2098, commits[ed5d81fa-aaf0-49db-aa57-acca1dd387bd:c2100]
2019-09-10 22:11:58,902 [grpc-default-executor-1] INFO  client.GrpcClientProtocolClient (GrpcClientProtocolClient.java:onNext(255)) - client-0C76110B8A2B->ed5d81fa-aaf0-49db-aa57-acca1dd387bd: receive RaftClientReply:client-0C76110B8A2B->ed5d81fa-aaf0-49db-aa57-acca1dd387bd@group-729F0664FEA8, cid=1452, SUCCESS, logIndex=2099, commits[ed5d81fa-aaf0-49db-aa57-acca1dd387bd:c2100]
2019-09-10 22:11:58,921 [grpc-default-executor-1] INFO  client.GrpcClientProtocolClient (GrpcClientProtocolClient.java:onNext(255)) - client-0C76110B8A2B->ed5d81fa-aaf0-49db-aa57-acca1dd387bd: receive RaftClientReply:client-0C76110B8A2B->ed5d81fa-aaf0-49db-aa57-acca1dd387bd@group-729F0664FEA8, cid=1453, SUCCESS, logIndex=2101, commits[ed5d81fa-aaf0-49db-aa57-acca1dd387bd:c2102]
2019-09-10 22:11:58,921 [grpc-default-executor-1] INFO  client.GrpcClientProtocolClient (GrpcClientProtocolClient.java:onNext(255)) - client-0C76110B8A2B->ed5d81fa-aaf0-49db-aa57-acca1dd387bd: receive RaftClientReply:client-0C76110B8A2B->ed5d81fa-aaf0-49db-aa57-acca1dd387bd@group-729F0664FEA8, cid=1454, SUCCESS, logIndex=2102, commits[ed5d81fa-aaf0-49db-aa57-acca1dd387bd:c2104]
2019-09-10 22:11:58,922 [grpc-default-executor-1] INFO  client.GrpcClientProtocolClient (GrpcClientProtocolClient.java:onNext(255)) - client-0C76110B8A2B->ed5d81fa-aaf0-49db-aa57-acca1dd387bd: receive RaftClientReply:client-0C76110B8A2B->ed5d81fa-aaf0-49db-aa57-acca1dd387bd@group-729F0664FEA8, cid=1455, SUCCESS, logIndex=2103, commits[ed5d81fa-aaf0-49db-aa57-acca1dd387bd:c2104]
2019-09-10 22:11:58,922 [grpc-default-executor-1] INFO  client.GrpcClientProtocolClient (GrpcClientProtocolClient.java:onNext(255)) - client-0C76110B8A2B->ed5d81fa-aaf0-49db-aa57-acca1dd387bd: receive RaftClientReply:client-0C76110B8A2B->ed5d81fa-aaf0-49db-aa57-acca1dd387bd@group-729F0664FEA8, cid=1456, SUCCESS, logIndex=2104, commits[ed5d81fa-aaf0-49db-aa57-acca1dd387bd:c2105]
2019-09-10 22:11:58,949 [grpc-default-executor-0] INFO  client.GrpcClientProtocolClient (GrpcClientProtocolClient.java:onNext(255)) - client-0C76110B8A2B->ed5d81fa-aaf0-49db-aa57-acca1dd387bd: receive RaftClientReply:client-0C76110B8A2B->ed5d81fa-aaf0-49db-aa57-acca1dd387bd@group-729F0664FEA8, cid=1457, SUCCESS, logIndex=2107, commits[ed5d81fa-aaf0-49db-aa57-acca1dd387bd:c2108]
2019-09-10 22:11:58,952 [grpc-default-executor-0] INFO  client.GrpcClientProtocolClient (GrpcClientProtocolClient.java:onNext(255)) - client-0C76110B8A2B->ed5d81fa-aaf0-49db-aa57-acca1dd387bd: receive RaftClientReply:client-0C76110B8A2B->ed5d81fa-aaf0-49db-aa57-acca1dd387bd@group-729F0664FEA8, cid=1458, SUCCESS, logIndex=2108, commits[ed5d81fa-aaf0-49db-aa57-acca1dd387bd:c2109]
2019-09-10 22:11:58,974 [SCMBlockDeletingService#1] DEBUG block.SCMBlockDeletingService (SCMBlockDeletingService.java:call(138)) - Running DeletedBlockTransactionScanner
2019-09-10 22:11:58,974 [SCMBlockDeletingService#1] DEBUG block.SCMBlockDeletingService (SCMBlockDeletingService.java:call(155)) - Scanned deleted blocks log and got 0 delTX to process.
2019-09-10 22:11:59,040 [grpc-default-executor-1] INFO  client.GrpcClientProtocolClient (GrpcClientProtocolClient.java:onNext(255)) - client-0C76110B8A2B->ed5d81fa-aaf0-49db-aa57-acca1dd387bd: receive RaftClientReply:client-0C76110B8A2B->ed5d81fa-aaf0-49db-aa57-acca1dd387bd@group-729F0664FEA8, cid=1459, SUCCESS, logIndex=2110, commits[ed5d81fa-aaf0-49db-aa57-acca1dd387bd:c2111]
2019-09-10 22:11:59,109 [SCMBlockDeletingService#1] DEBUG block.SCMBlockDeletingService (SCMBlockDeletingService.java:call(138)) - Running DeletedBlockTransactionScanner
2019-09-10 22:11:59,110 [SCMBlockDeletingService#1] DEBUG block.SCMBlockDeletingService (SCMBlockDeletingService.java:call(155)) - Scanned deleted blocks log and got 0 delTX to process.
2019-09-10 22:11:59,110 [grpc-default-executor-1] INFO  client.GrpcClientProtocolClient (GrpcClientProtocolClient.java:onNext(255)) - client-0C76110B8A2B->ed5d81fa-aaf0-49db-aa57-acca1dd387bd: receive RaftClientReply:client-0C76110B8A2B->ed5d81fa-aaf0-49db-aa57-acca1dd387bd@group-729F0664FEA8, cid=1460, SUCCESS, logIndex=2111, commits[ed5d81fa-aaf0-49db-aa57-acca1dd387bd:c2111]
2019-09-10 22:11:59,133 [grpc-default-executor-1] INFO  client.GrpcClientProtocolClient (GrpcClientProtocolClient.java:onNext(255)) - client-0C76110B8A2B->ed5d81fa-aaf0-49db-aa57-acca1dd387bd: receive RaftClientReply:client-0C76110B8A2B->ed5d81fa-aaf0-49db-aa57-acca1dd387bd@group-729F0664FEA8, cid=1461, SUCCESS, logIndex=2113, commits[ed5d81fa-aaf0-49db-aa57-acca1dd387bd:c2116]
2019-09-10 22:11:59,134 [grpc-default-executor-1] INFO  client.GrpcClientProtocolClient (GrpcClientProtocolClient.java:onNext(255)) - client-0C76110B8A2B->ed5d81fa-aaf0-49db-aa57-acca1dd387bd: receive RaftClientReply:client-0C76110B8A2B->ed5d81fa-aaf0-49db-aa57-acca1dd387bd@group-729F0664FEA8, cid=1462, SUCCESS, logIndex=2114, commits[ed5d81fa-aaf0-49db-aa57-acca1dd387bd:c2117]
2019-09-10 22:11:59,134 [grpc-default-executor-1] INFO  client.GrpcClientProtocolClient (GrpcClientProtocolClient.java:onNext(255)) - client-0C76110B8A2B->ed5d81fa-aaf0-49db-aa57-acca1dd387bd: receive RaftClientReply:client-0C76110B8A2B->ed5d81fa-aaf0-49db-aa57-acca1dd387bd@group-729F0664FEA8, cid=1463, SUCCESS, logIndex=2115, commits[ed5d81fa-aaf0-49db-aa57-acca1dd387bd:c2117]
2019-09-10 22:11:59,134 [grpc-default-executor-1] INFO  client.GrpcClientProtocolClient (GrpcClientProtocolClient.java:onNext(255)) - client-0C76110B8A2B->ed5d81fa-aaf0-49db-aa57-acca1dd387bd: receive RaftClientReply:client-0C76110B8A2B->ed5d81fa-aaf0-49db-aa57-acca1dd387bd@group-729F0664FEA8, cid=1464, SUCCESS, logIndex=2116, commits[ed5d81fa-aaf0-49db-aa57-acca1dd387bd:c2117]
2019-09-10 22:11:59,162 [grpc-default-executor-0] INFO  client.GrpcClientProtocolClient (GrpcClientProtocolClient.java:onNext(255)) - client-0C76110B8A2B->ed5d81fa-aaf0-49db-aa57-acca1dd387bd: receive RaftClientReply:client-0C76110B8A2B->ed5d81fa-aaf0-49db-aa57-acca1dd387bd@group-729F0664FEA8, cid=1465, SUCCESS, logIndex=2118, commits[ed5d81fa-aaf0-49db-aa57-acca1dd387bd:c2121]
2019-09-10 22:11:59,163 [grpc-default-executor-0] INFO  client.GrpcClientProtocolClient (GrpcClientProtocolClient.java:onNext(255)) - client-0C76110B8A2B->ed5d81fa-aaf0-49db-aa57-acca1dd387bd: receive RaftClientReply:client-0C76110B8A2B->ed5d81fa-aaf0-49db-aa57-acca1dd387bd@group-729F0664FEA8, cid=1466, SUCCESS, logIndex=2119, commits[ed5d81fa-aaf0-49db-aa57-acca1dd387bd:c2121]
2019-09-10 22:11:59,163 [grpc-default-executor-0] INFO  client.GrpcClientProtocolClient (GrpcClientProtocolClient.java:onNext(255)) - client-0C76110B8A2B->ed5d81fa-aaf0-49db-aa57-acca1dd387bd: receive RaftClientReply:client-0C76110B8A2B->ed5d81fa-aaf0-49db-aa57-acca1dd387bd@group-729F0664FEA8, cid=1467, SUCCESS, logIndex=2120, commits[ed5d81fa-aaf0-49db-aa57-acca1dd387bd:c2121]
2019-09-10 22:11:59,164 [grpc-default-executor-0] INFO  client.GrpcClientProtocolClient (GrpcClientProtocolClient.java:onNext(255)) - client-0C76110B8A2B->ed5d81fa-aaf0-49db-aa57-acca1dd387bd: receive RaftClientReply:client-0C76110B8A2B->ed5d81fa-aaf0-49db-aa57-acca1dd387bd@group-729F0664FEA8, cid=1468, SUCCESS, logIndex=2121, commits[ed5d81fa-aaf0-49db-aa57-acca1dd387bd:c2121]
2019-09-10 22:11:59,210 [SCMBlockDeletingService#1] DEBUG block.SCMBlockDeletingService (SCMBlockDeletingService.java:call(138)) - Running DeletedBlockTransactionScanner
2019-09-10 22:11:59,211 [SCMBlockDeletingService#1] DEBUG block.SCMBlockDeletingService (SCMBlockDeletingService.java:call(155)) - Scanned deleted blocks log and got 0 delTX to process.
2019-09-10 22:11:59,213 [grpc-default-executor-1] INFO  client.GrpcClientProtocolClient (GrpcClientProtocolClient.java:onNext(255)) - client-0C76110B8A2B->ed5d81fa-aaf0-49db-aa57-acca1dd387bd: receive RaftClientReply:client-0C76110B8A2B->ed5d81fa-aaf0-49db-aa57-acca1dd387bd@group-729F0664FEA8, cid=1469, SUCCESS, logIndex=2123, commits[ed5d81fa-aaf0-49db-aa57-acca1dd387bd:c2124]
2019-09-10 22:11:59,214 [grpc-default-executor-1] INFO  client.GrpcClientProtocolClient (GrpcClientProtocolClient.java:onNext(255)) - client-0C76110B8A2B->ed5d81fa-aaf0-49db-aa57-acca1dd387bd: receive RaftClientReply:client-0C76110B8A2B->ed5d81fa-aaf0-49db-aa57-acca1dd387bd@group-729F0664FEA8, cid=1470, SUCCESS, logIndex=2124, commits[ed5d81fa-aaf0-49db-aa57-acca1dd387bd:c2124]
2019-09-10 22:11:59,257 [grpc-default-executor-1] INFO  client.GrpcClientProtocolClient (GrpcClientProtocolClient.java:onNext(255)) - client-0C76110B8A2B->ed5d81fa-aaf0-49db-aa57-acca1dd387bd: receive RaftClientReply:client-0C76110B8A2B->ed5d81fa-aaf0-49db-aa57-acca1dd387bd@group-729F0664FEA8, cid=1471, SUCCESS, logIndex=2125, commits[ed5d81fa-aaf0-49db-aa57-acca1dd387bd:c2126]
2019-09-10 22:11:59,258 [grpc-default-executor-1] INFO  client.GrpcClientProtocolClient (GrpcClientProtocolClient.java:onNext(255)) - client-0C76110B8A2B->ed5d81fa-aaf0-49db-aa57-acca1dd387bd: receive RaftClientReply:client-0C76110B8A2B->ed5d81fa-aaf0-49db-aa57-acca1dd387bd@group-729F0664FEA8, cid=1472, SUCCESS, logIndex=2126, commits[ed5d81fa-aaf0-49db-aa57-acca1dd387bd:c2127]
2019-09-10 22:11:59,290 [grpc-default-executor-0] INFO  client.GrpcClientProtocolClient (GrpcClientProtocolClient.java:onNext(255)) - client-0C76110B8A2B->ed5d81fa-aaf0-49db-aa57-acca1dd387bd: receive RaftClientReply:client-0C76110B8A2B->ed5d81fa-aaf0-49db-aa57-acca1dd387bd@group-729F0664FEA8, cid=1473, SUCCESS, logIndex=2129, commits[ed5d81fa-aaf0-49db-aa57-acca1dd387bd:c2130]
2019-09-10 22:11:59,290 [grpc-default-executor-0] INFO  client.GrpcClientProtocolClient (GrpcClientProtocolClient.java:onNext(255)) - client-0C76110B8A2B->ed5d81fa-aaf0-49db-aa57-acca1dd387bd: receive RaftClientReply:client-0C76110B8A2B->ed5d81fa-aaf0-49db-aa57-acca1dd387bd@group-729F0664FEA8, cid=1474, SUCCESS, logIndex=2130, commits[ed5d81fa-aaf0-49db-aa57-acca1dd387bd:c2132]
2019-09-10 22:11:59,291 [grpc-default-executor-0] INFO  client.GrpcClientProtocolClient (GrpcClientProtocolClient.java:onNext(255)) - client-0C76110B8A2B->ed5d81fa-aaf0-49db-aa57-acca1dd387bd: receive RaftClientReply:client-0C76110B8A2B->ed5d81fa-aaf0-49db-aa57-acca1dd387bd@group-729F0664FEA8, cid=1475, SUCCESS, logIndex=2131, commits[ed5d81fa-aaf0-49db-aa57-acca1dd387bd:c2133]
2019-09-10 22:11:59,291 [grpc-default-executor-0] INFO  client.GrpcClientProtocolClient (GrpcClientProtocolClient.java:onNext(255)) - client-0C76110B8A2B->ed5d81fa-aaf0-49db-aa57-acca1dd387bd: receive RaftClientReply:client-0C76110B8A2B->ed5d81fa-aaf0-49db-aa57-acca1dd387bd@group-729F0664FEA8, cid=1476, SUCCESS, logIndex=2132, commits[ed5d81fa-aaf0-49db-aa57-acca1dd387bd:c2134]
2019-09-10 22:11:59,312 [SCMBlockDeletingService#1] DEBUG block.SCMBlockDeletingService (SCMBlockDeletingService.java:call(138)) - Running DeletedBlockTransactionScanner
2019-09-10 22:11:59,312 [SCMBlockDeletingService#1] DEBUG block.SCMBlockDeletingService (SCMBlockDeletingService.java:call(155)) - Scanned deleted blocks log and got 0 delTX to process.
2019-09-10 22:11:59,315 [grpc-default-executor-1] INFO  client.GrpcClientProtocolClient (GrpcClientProtocolClient.java:onNext(255)) - client-0C76110B8A2B->ed5d81fa-aaf0-49db-aa57-acca1dd387bd: receive RaftClientReply:client-0C76110B8A2B->ed5d81fa-aaf0-49db-aa57-acca1dd387bd@group-729F0664FEA8, cid=1477, SUCCESS, logIndex=2135, commits[ed5d81fa-aaf0-49db-aa57-acca1dd387bd:c2136]
2019-09-10 22:11:59,316 [grpc-default-executor-1] INFO  client.GrpcClientProtocolClient (GrpcClientProtocolClient.java:onNext(255)) - client-0C76110B8A2B->ed5d81fa-aaf0-49db-aa57-acca1dd387bd: receive RaftClientReply:client-0C76110B8A2B->ed5d81fa-aaf0-49db-aa57-acca1dd387bd@group-729F0664FEA8, cid=1478, SUCCESS, logIndex=2136, commits[ed5d81fa-aaf0-49db-aa57-acca1dd387bd:c2138]
2019-09-10 22:11:59,316 [grpc-default-executor-1] INFO  client.GrpcClientProtocolClient (GrpcClientProtocolClient.java:onNext(255)) - client-0C76110B8A2B->ed5d81fa-aaf0-49db-aa57-acca1dd387bd: receive RaftClientReply:client-0C76110B8A2B->ed5d81fa-aaf0-49db-aa57-acca1dd387bd@group-729F0664FEA8, cid=1479, SUCCESS, logIndex=2137, commits[ed5d81fa-aaf0-49db-aa57-acca1dd387bd:c2139]
2019-09-10 22:11:59,316 [grpc-default-executor-1] INFO  client.GrpcClientProtocolClient (GrpcClientProtocolClient.java:onNext(255)) - client-0C76110B8A2B->ed5d81fa-aaf0-49db-aa57-acca1dd387bd: receive RaftClientReply:client-0C76110B8A2B->ed5d81fa-aaf0-49db-aa57-acca1dd387bd@group-729F0664FEA8, cid=1480, SUCCESS, logIndex=2138, commits[ed5d81fa-aaf0-49db-aa57-acca1dd387bd:c2140]
2019-09-10 22:11:59,346 [grpc-default-executor-0] INFO  client.GrpcClientProtocolClient (GrpcClientProtocolClient.java:onNext(255)) - client-0C76110B8A2B->ed5d81fa-aaf0-49db-aa57-acca1dd387bd: receive RaftClientReply:client-0C76110B8A2B->ed5d81fa-aaf0-49db-aa57-acca1dd387bd@group-729F0664FEA8, cid=1481, SUCCESS, logIndex=2141, commits[ed5d81fa-aaf0-49db-aa57-acca1dd387bd:c2142]
2019-09-10 22:11:59,346 [grpc-default-executor-0] INFO  client.GrpcClientProtocolClient (GrpcClientProtocolClient.java:onNext(255)) - client-0C76110B8A2B->ed5d81fa-aaf0-49db-aa57-acca1dd387bd: receive RaftClientReply:client-0C76110B8A2B->ed5d81fa-aaf0-49db-aa57-acca1dd387bd@group-729F0664FEA8, cid=1482, SUCCESS, logIndex=2142, commits[ed5d81fa-aaf0-49db-aa57-acca1dd387bd:c2142]
2019-09-10 22:11:59,347 [grpc-default-executor-0] INFO  client.GrpcClientProtocolClient (GrpcClientProtocolClient.java:onNext(255)) - client-0C76110B8A2B->ed5d81fa-aaf0-49db-aa57-acca1dd387bd: receive RaftClientReply:client-0C76110B8A2B->ed5d81fa-aaf0-49db-aa57-acca1dd387bd@group-729F0664FEA8, cid=1483, SUCCESS, logIndex=2143, commits[ed5d81fa-aaf0-49db-aa57-acca1dd387bd:c2144]
2019-09-10 22:11:59,347 [grpc-default-executor-0] INFO  client.GrpcClientProtocolClient (GrpcClientProtocolClient.java:onNext(255)) - client-0C76110B8A2B->ed5d81fa-aaf0-49db-aa57-acca1dd387bd: receive RaftClientReply:client-0C76110B8A2B->ed5d81fa-aaf0-49db-aa57-acca1dd387bd@group-729F0664FEA8, cid=1484, SUCCESS, logIndex=2144, commits[ed5d81fa-aaf0-49db-aa57-acca1dd387bd:c2145]
2019-09-10 22:11:59,363 [grpc-default-executor-0] INFO  client.GrpcClientProtocolClient (GrpcClientProtocolClient.java:onNext(255)) - client-0C76110B8A2B->ed5d81fa-aaf0-49db-aa57-acca1dd387bd: receive RaftClientReply:client-0C76110B8A2B->ed5d81fa-aaf0-49db-aa57-acca1dd387bd@group-729F0664FEA8, cid=1485, SUCCESS, logIndex=2147, commits[ed5d81fa-aaf0-49db-aa57-acca1dd387bd:c2148]
2019-09-10 22:11:59,363 [grpc-default-executor-0] INFO  client.GrpcClientProtocolClient (GrpcClientProtocolClient.java:onNext(255)) - client-0C76110B8A2B->ed5d81fa-aaf0-49db-aa57-acca1dd387bd: receive RaftClientReply:client-0C76110B8A2B->ed5d81fa-aaf0-49db-aa57-acca1dd387bd@group-729F0664FEA8, cid=1486, SUCCESS, logIndex=2148, commits[ed5d81fa-aaf0-49db-aa57-acca1dd387bd:c2150]
2019-09-10 22:11:59,363 [grpc-default-executor-0] INFO  client.GrpcClientProtocolClient (GrpcClientProtocolClient.java:onNext(255)) - client-0C76110B8A2B->ed5d81fa-aaf0-49db-aa57-acca1dd387bd: receive RaftClientReply:client-0C76110B8A2B->ed5d81fa-aaf0-49db-aa57-acca1dd387bd@group-729F0664FEA8, cid=1487, SUCCESS, logIndex=2149, commits[ed5d81fa-aaf0-49db-aa57-acca1dd387bd:c2150]
2019-09-10 22:11:59,364 [grpc-default-executor-0] INFO  client.GrpcClientProtocolClient (GrpcClientProtocolClient.java:onNext(255)) - client-0C76110B8A2B->ed5d81fa-aaf0-49db-aa57-acca1dd387bd: receive RaftClientReply:client-0C76110B8A2B->ed5d81fa-aaf0-49db-aa57-acca1dd387bd@group-729F0664FEA8, cid=1488, SUCCESS, logIndex=2150, commits[ed5d81fa-aaf0-49db-aa57-acca1dd387bd:c2151]
2019-09-10 22:11:59,382 [grpc-default-executor-0] INFO  client.GrpcClientProtocolClient (GrpcClientProtocolClient.java:onNext(255)) - client-0C76110B8A2B->ed5d81fa-aaf0-49db-aa57-acca1dd387bd: receive RaftClientReply:client-0C76110B8A2B->ed5d81fa-aaf0-49db-aa57-acca1dd387bd@group-729F0664FEA8, cid=1489, SUCCESS, logIndex=2153, commits[ed5d81fa-aaf0-49db-aa57-acca1dd387bd:c2156]
2019-09-10 22:11:59,382 [grpc-default-executor-0] INFO  client.GrpcClientProtocolClient (GrpcClientProtocolClient.java:onNext(255)) - client-0C76110B8A2B->ed5d81fa-aaf0-49db-aa57-acca1dd387bd: receive RaftClientReply:client-0C76110B8A2B->ed5d81fa-aaf0-49db-aa57-acca1dd387bd@group-729F0664FEA8, cid=1490, SUCCESS, logIndex=2154, commits[ed5d81fa-aaf0-49db-aa57-acca1dd387bd:c2157]
2019-09-10 22:11:59,383 [grpc-default-executor-0] INFO  client.GrpcClientProtocolClient (GrpcClientProtocolClient.java:onNext(255)) - client-0C76110B8A2B->ed5d81fa-aaf0-49db-aa57-acca1dd387bd: receive RaftClientReply:client-0C76110B8A2B->ed5d81fa-aaf0-49db-aa57-acca1dd387bd@group-729F0664FEA8, cid=1491, SUCCESS, logIndex=2155, commits[ed5d81fa-aaf0-49db-aa57-acca1dd387bd:c2157]
2019-09-10 22:11:59,383 [grpc-default-executor-0] INFO  client.GrpcClientProtocolClient (GrpcClientProtocolClient.java:onNext(255)) - client-0C76110B8A2B->ed5d81fa-aaf0-49db-aa57-acca1dd387bd: receive RaftClientReply:client-0C76110B8A2B->ed5d81fa-aaf0-49db-aa57-acca1dd387bd@group-729F0664FEA8, cid=1492, SUCCESS, logIndex=2156, commits[ed5d81fa-aaf0-49db-aa57-acca1dd387bd:c2157]
2019-09-10 22:11:59,400 [grpc-default-executor-0] INFO  client.GrpcClientProtocolClient (GrpcClientProtocolClient.java:onNext(255)) - client-0C76110B8A2B->ed5d81fa-aaf0-49db-aa57-acca1dd387bd: receive RaftClientReply:client-0C76110B8A2B->ed5d81fa-aaf0-49db-aa57-acca1dd387bd@group-729F0664FEA8, cid=1493, SUCCESS, logIndex=2158, commits[ed5d81fa-aaf0-49db-aa57-acca1dd387bd:c2159]
2019-09-10 22:11:59,401 [grpc-default-executor-0] INFO  client.GrpcClientProtocolClient (GrpcClientProtocolClient.java:onNext(255)) - client-0C76110B8A2B->ed5d81fa-aaf0-49db-aa57-acca1dd387bd: receive RaftClientReply:client-0C76110B8A2B->ed5d81fa-aaf0-49db-aa57-acca1dd387bd@group-729F0664FEA8, cid=1494, SUCCESS, logIndex=2159, commits[ed5d81fa-aaf0-49db-aa57-acca1dd387bd:c2161]
2019-09-10 22:11:59,401 [grpc-default-executor-0] INFO  client.GrpcClientProtocolClient (GrpcClientProtocolClient.java:onNext(255)) - client-0C76110B8A2B->ed5d81fa-aaf0-49db-aa57-acca1dd387bd: receive RaftClientReply:client-0C76110B8A2B->ed5d81fa-aaf0-49db-aa57-acca1dd387bd@group-729F0664FEA8, cid=1495, SUCCESS, logIndex=2160, commits[ed5d81fa-aaf0-49db-aa57-acca1dd387bd:c2162]
2019-09-10 22:11:59,402 [grpc-default-executor-0] INFO  client.GrpcClientProtocolClient (GrpcClientProtocolClient.java:onNext(255)) - client-0C76110B8A2B->ed5d81fa-aaf0-49db-aa57-acca1dd387bd: receive RaftClientReply:client-0C76110B8A2B->ed5d81fa-aaf0-49db-aa57-acca1dd387bd@group-729F0664FEA8, cid=1496, SUCCESS, logIndex=2161, commits[ed5d81fa-aaf0-49db-aa57-acca1dd387bd:c2162]
2019-09-10 22:11:59,412 [SCMBlockDeletingService#1] DEBUG block.SCMBlockDeletingService (SCMBlockDeletingService.java:call(138)) - Running DeletedBlockTransactionScanner
2019-09-10 22:11:59,413 [SCMBlockDeletingService#1] DEBUG block.SCMBlockDeletingService (SCMBlockDeletingService.java:call(155)) - Scanned deleted blocks log and got 0 delTX to process.
2019-09-10 22:11:59,427 [grpc-default-executor-0] INFO  client.GrpcClientProtocolClient (GrpcClientProtocolClient.java:onNext(255)) - client-0C76110B8A2B->ed5d81fa-aaf0-49db-aa57-acca1dd387bd: receive RaftClientReply:client-0C76110B8A2B->ed5d81fa-aaf0-49db-aa57-acca1dd387bd@group-729F0664FEA8, cid=1497, SUCCESS, logIndex=2164, commits[ed5d81fa-aaf0-49db-aa57-acca1dd387bd:c2167]
2019-09-10 22:11:59,427 [grpc-default-executor-0] INFO  client.GrpcClientProtocolClient (GrpcClientProtocolClient.java:onNext(255)) - client-0C76110B8A2B->ed5d81fa-aaf0-49db-aa57-acca1dd387bd: receive RaftClientReply:client-0C76110B8A2B->ed5d81fa-aaf0-49db-aa57-acca1dd387bd@group-729F0664FEA8, cid=1498, SUCCESS, logIndex=2165, commits[ed5d81fa-aaf0-49db-aa57-acca1dd387bd:c2168]
2019-09-10 22:11:59,428 [grpc-default-executor-0] INFO  client.GrpcClientProtocolClient (GrpcClientProtocolClient.java:onNext(255)) - client-0C76110B8A2B->ed5d81fa-aaf0-49db-aa57-acca1dd387bd: receive RaftClientReply:client-0C76110B8A2B->ed5d81fa-aaf0-49db-aa57-acca1dd387bd@group-729F0664FEA8, cid=1499, SUCCESS, logIndex=2166, commits[ed5d81fa-aaf0-49db-aa57-acca1dd387bd:c2168]
2019-09-10 22:11:59,428 [grpc-default-executor-0] INFO  client.GrpcClientProtocolClient (GrpcClientProtocolClient.java:onNext(255)) - client-0C76110B8A2B->ed5d81fa-aaf0-49db-aa57-acca1dd387bd: receive RaftClientReply:client-0C76110B8A2B->ed5d81fa-aaf0-49db-aa57-acca1dd387bd@group-729F0664FEA8, cid=1500, SUCCESS, logIndex=2167, commits[ed5d81fa-aaf0-49db-aa57-acca1dd387bd:c2168]
2019-09-10 22:11:59,447 [grpc-default-executor-1] INFO  client.GrpcClientProtocolClient (GrpcClientProtocolClient.java:onNext(255)) - client-0C76110B8A2B->ed5d81fa-aaf0-49db-aa57-acca1dd387bd: receive RaftClientReply:client-0C76110B8A2B->ed5d81fa-aaf0-49db-aa57-acca1dd387bd@group-729F0664FEA8, cid=1501, SUCCESS, logIndex=2169, commits[ed5d81fa-aaf0-49db-aa57-acca1dd387bd:c2170]
2019-09-10 22:11:59,447 [grpc-default-executor-1] INFO  client.GrpcClientProtocolClient (GrpcClientProtocolClient.java:onNext(255)) - client-0C76110B8A2B->ed5d81fa-aaf0-49db-aa57-acca1dd387bd: receive RaftClientReply:client-0C76110B8A2B->ed5d81fa-aaf0-49db-aa57-acca1dd387bd@group-729F0664FEA8, cid=1502, SUCCESS, logIndex=2170, commits[ed5d81fa-aaf0-49db-aa57-acca1dd387bd:c2171]
2019-09-10 22:11:59,513 [SCMBlockDeletingService#1] DEBUG block.SCMBlockDeletingService (SCMBlockDeletingService.java:call(138)) - Running DeletedBlockTransactionScanner
2019-09-10 22:11:59,513 [SCMBlockDeletingService#1] DEBUG block.SCMBlockDeletingService (SCMBlockDeletingService.java:call(155)) - Scanned deleted blocks log and got 0 delTX to process.
2019-09-10 22:11:59,560 [grpc-default-executor-0] INFO  client.GrpcClientProtocolClient (GrpcClientProtocolClient.java:onNext(255)) - client-0C76110B8A2B->ed5d81fa-aaf0-49db-aa57-acca1dd387bd: receive RaftClientReply:client-0C76110B8A2B->ed5d81fa-aaf0-49db-aa57-acca1dd387bd@group-729F0664FEA8, cid=1503, SUCCESS, logIndex=2172, commits[ed5d81fa-aaf0-49db-aa57-acca1dd387bd:c2173]
2019-09-10 22:11:59,561 [grpc-default-executor-0] INFO  client.GrpcClientProtocolClient (GrpcClientProtocolClient.java:onNext(255)) - client-0C76110B8A2B->ed5d81fa-aaf0-49db-aa57-acca1dd387bd: receive RaftClientReply:client-0C76110B8A2B->ed5d81fa-aaf0-49db-aa57-acca1dd387bd@group-729F0664FEA8, cid=1504, SUCCESS, logIndex=2173, commits[ed5d81fa-aaf0-49db-aa57-acca1dd387bd:c2174]
2019-09-10 22:11:59,588 [grpc-default-executor-0] INFO  client.GrpcClientProtocolClient (GrpcClientProtocolClient.java:onNext(255)) - client-0C76110B8A2B->ed5d81fa-aaf0-49db-aa57-acca1dd387bd: receive RaftClientReply:client-0C76110B8A2B->ed5d81fa-aaf0-49db-aa57-acca1dd387bd@group-729F0664FEA8, cid=1505, SUCCESS, logIndex=2175, commits[ed5d81fa-aaf0-49db-aa57-acca1dd387bd:c2178]
2019-09-10 22:11:59,588 [grpc-default-executor-0] INFO  client.GrpcClientProtocolClient (GrpcClientProtocolClient.java:onNext(255)) - client-0C76110B8A2B->ed5d81fa-aaf0-49db-aa57-acca1dd387bd: receive RaftClientReply:client-0C76110B8A2B->ed5d81fa-aaf0-49db-aa57-acca1dd387bd@group-729F0664FEA8, cid=1506, SUCCESS, logIndex=2176, commits[ed5d81fa-aaf0-49db-aa57-acca1dd387bd:c2179]
2019-09-10 22:11:59,589 [grpc-default-executor-0] INFO  client.GrpcClientProtocolClient (GrpcClientProtocolClient.java:onNext(255)) - client-0C76110B8A2B->ed5d81fa-aaf0-49db-aa57-acca1dd387bd: receive RaftClientReply:client-0C76110B8A2B->ed5d81fa-aaf0-49db-aa57-acca1dd387bd@group-729F0664FEA8, cid=1507, SUCCESS, logIndex=2177, commits[ed5d81fa-aaf0-49db-aa57-acca1dd387bd:c2179]
2019-09-10 22:11:59,589 [grpc-default-executor-0] INFO  client.GrpcClientProtocolClient (GrpcClientProtocolClient.java:onNext(255)) - client-0C76110B8A2B->ed5d81fa-aaf0-49db-aa57-acca1dd387bd: receive RaftClientReply:client-0C76110B8A2B->ed5d81fa-aaf0-49db-aa57-acca1dd387bd@group-729F0664FEA8, cid=1508, SUCCESS, logIndex=2178, commits[ed5d81fa-aaf0-49db-aa57-acca1dd387bd:c2179]
2019-09-10 22:11:59,607 [grpc-default-executor-0] INFO  client.GrpcClientProtocolClient (GrpcClientProtocolClient.java:onNext(255)) - client-0C76110B8A2B->ed5d81fa-aaf0-49db-aa57-acca1dd387bd: receive RaftClientReply:client-0C76110B8A2B->ed5d81fa-aaf0-49db-aa57-acca1dd387bd@group-729F0664FEA8, cid=1509, SUCCESS, logIndex=2180, commits[ed5d81fa-aaf0-49db-aa57-acca1dd387bd:c2181]
2019-09-10 22:11:59,607 [grpc-default-executor-0] INFO  client.GrpcClientProtocolClient (GrpcClientProtocolClient.java:onNext(255)) - client-0C76110B8A2B->ed5d81fa-aaf0-49db-aa57-acca1dd387bd: receive RaftClientReply:client-0C76110B8A2B->ed5d81fa-aaf0-49db-aa57-acca1dd387bd@group-729F0664FEA8, cid=1510, SUCCESS, logIndex=2181, commits[ed5d81fa-aaf0-49db-aa57-acca1dd387bd:c2183]
2019-09-10 22:11:59,608 [grpc-default-executor-0] INFO  client.GrpcClientProtocolClient (GrpcClientProtocolClient.java:onNext(255)) - client-0C76110B8A2B->ed5d81fa-aaf0-49db-aa57-acca1dd387bd: receive RaftClientReply:client-0C76110B8A2B->ed5d81fa-aaf0-49db-aa57-acca1dd387bd@group-729F0664FEA8, cid=1511, SUCCESS, logIndex=2182, commits[ed5d81fa-aaf0-49db-aa57-acca1dd387bd:c2183]
2019-09-10 22:11:59,608 [grpc-default-executor-0] INFO  client.GrpcClientProtocolClient (GrpcClientProtocolClient.java:onNext(255)) - client-0C76110B8A2B->ed5d81fa-aaf0-49db-aa57-acca1dd387bd: receive RaftClientReply:client-0C76110B8A2B->ed5d81fa-aaf0-49db-aa57-acca1dd387bd@group-729F0664FEA8, cid=1512, SUCCESS, logIndex=2183, commits[ed5d81fa-aaf0-49db-aa57-acca1dd387bd:c2184]
2019-09-10 22:11:59,614 [SCMBlockDeletingService#1] DEBUG block.SCMBlockDeletingService (SCMBlockDeletingService.java:call(138)) - Running DeletedBlockTransactionScanner
2019-09-10 22:11:59,614 [SCMBlockDeletingService#1] DEBUG block.SCMBlockDeletingService (SCMBlockDeletingService.java:call(155)) - Scanned deleted blocks log and got 0 delTX to process.
2019-09-10 22:11:59,634 [grpc-default-executor-0] INFO  client.GrpcClientProtocolClient (GrpcClientProtocolClient.java:onNext(255)) - client-0C76110B8A2B->ed5d81fa-aaf0-49db-aa57-acca1dd387bd: receive RaftClientReply:client-0C76110B8A2B->ed5d81fa-aaf0-49db-aa57-acca1dd387bd@group-729F0664FEA8, cid=1513, SUCCESS, logIndex=2186, commits[ed5d81fa-aaf0-49db-aa57-acca1dd387bd:c2187]
2019-09-10 22:11:59,634 [grpc-default-executor-0] INFO  client.GrpcClientProtocolClient (GrpcClientProtocolClient.java:onNext(255)) - client-0C76110B8A2B->ed5d81fa-aaf0-49db-aa57-acca1dd387bd: receive RaftClientReply:client-0C76110B8A2B->ed5d81fa-aaf0-49db-aa57-acca1dd387bd@group-729F0664FEA8, cid=1514, SUCCESS, logIndex=2187, commits[ed5d81fa-aaf0-49db-aa57-acca1dd387bd:c2189]
2019-09-10 22:11:59,635 [grpc-default-executor-0] INFO  client.GrpcClientProtocolClient (GrpcClientProtocolClient.java:onNext(255)) - client-0C76110B8A2B->ed5d81fa-aaf0-49db-aa57-acca1dd387bd: receive RaftClientReply:client-0C76110B8A2B->ed5d81fa-aaf0-49db-aa57-acca1dd387bd@group-729F0664FEA8, cid=1515, SUCCESS, logIndex=2188, commits[ed5d81fa-aaf0-49db-aa57-acca1dd387bd:c2190]
2019-09-10 22:11:59,635 [grpc-default-executor-0] INFO  client.GrpcClientProtocolClient (GrpcClientProtocolClient.java:onNext(255)) - client-0C76110B8A2B->ed5d81fa-aaf0-49db-aa57-acca1dd387bd: receive RaftClientReply:client-0C76110B8A2B->ed5d81fa-aaf0-49db-aa57-acca1dd387bd@group-729F0664FEA8, cid=1516, SUCCESS, logIndex=2189, commits[ed5d81fa-aaf0-49db-aa57-acca1dd387bd:c2190]
2019-09-10 22:11:59,646 [grpc-default-executor-1] INFO  client.GrpcClientProtocolClient (GrpcClientProtocolClient.java:onNext(255)) - client-0C76110B8A2B->ed5d81fa-aaf0-49db-aa57-acca1dd387bd: receive RaftClientReply:client-0C76110B8A2B->ed5d81fa-aaf0-49db-aa57-acca1dd387bd@group-729F0664FEA8, cid=1517, SUCCESS, logIndex=2192, commits[ed5d81fa-aaf0-49db-aa57-acca1dd387bd:c2195]
2019-09-10 22:11:59,647 [grpc-default-executor-1] INFO  client.GrpcClientProtocolClient (GrpcClientProtocolClient.java:onNext(255)) - client-0C76110B8A2B->ed5d81fa-aaf0-49db-aa57-acca1dd387bd: receive RaftClientReply:client-0C76110B8A2B->ed5d81fa-aaf0-49db-aa57-acca1dd387bd@group-729F0664FEA8, cid=1518, SUCCESS, logIndex=2193, commits[ed5d81fa-aaf0-49db-aa57-acca1dd387bd:c2196]
2019-09-10 22:11:59,647 [grpc-default-executor-1] INFO  client.GrpcClientProtocolClient (GrpcClientProtocolClient.java:onNext(255)) - client-0C76110B8A2B->ed5d81fa-aaf0-49db-aa57-acca1dd387bd: receive RaftClientReply:client-0C76110B8A2B->ed5d81fa-aaf0-49db-aa57-acca1dd387bd@group-729F0664FEA8, cid=1519, SUCCESS, logIndex=2194, commits[ed5d81fa-aaf0-49db-aa57-acca1dd387bd:c2196]
2019-09-10 22:11:59,648 [grpc-default-executor-1] INFO  client.GrpcClientProtocolClient (GrpcClientProtocolClient.java:onNext(255)) - client-0C76110B8A2B->ed5d81fa-aaf0-49db-aa57-acca1dd387bd: receive RaftClientReply:client-0C76110B8A2B->ed5d81fa-aaf0-49db-aa57-acca1dd387bd@group-729F0664FEA8, cid=1520, SUCCESS, logIndex=2195, commits[ed5d81fa-aaf0-49db-aa57-acca1dd387bd:c2196]
2019-09-10 22:11:59,672 [grpc-default-executor-1] INFO  client.GrpcClientProtocolClient (GrpcClientProtocolClient.java:onNext(255)) - client-0C76110B8A2B->ed5d81fa-aaf0-49db-aa57-acca1dd387bd: receive RaftClientReply:client-0C76110B8A2B->ed5d81fa-aaf0-49db-aa57-acca1dd387bd@group-729F0664FEA8, cid=1521, SUCCESS, logIndex=2197, commits[ed5d81fa-aaf0-49db-aa57-acca1dd387bd:c2198]
2019-09-10 22:11:59,672 [grpc-default-executor-1] INFO  client.GrpcClientProtocolClient (GrpcClientProtocolClient.java:onNext(255)) - client-0C76110B8A2B->ed5d81fa-aaf0-49db-aa57-acca1dd387bd: receive RaftClientReply:client-0C76110B8A2B->ed5d81fa-aaf0-49db-aa57-acca1dd387bd@group-729F0664FEA8, cid=1522, SUCCESS, logIndex=2198, commits[ed5d81fa-aaf0-49db-aa57-acca1dd387bd:c2198]
2019-09-10 22:11:59,674 [grpc-default-executor-1] INFO  client.GrpcClientProtocolClient (GrpcClientProtocolClient.java:onNext(255)) - client-0C76110B8A2B->ed5d81fa-aaf0-49db-aa57-acca1dd387bd: receive RaftClientReply:client-0C76110B8A2B->ed5d81fa-aaf0-49db-aa57-acca1dd387bd@group-729F0664FEA8, cid=1523, SUCCESS, logIndex=2199, commits[ed5d81fa-aaf0-49db-aa57-acca1dd387bd:c2201]
2019-09-10 22:11:59,674 [grpc-default-executor-1] INFO  client.GrpcClientProtocolClient (GrpcClientProtocolClient.java:onNext(255)) - client-0C76110B8A2B->ed5d81fa-aaf0-49db-aa57-acca1dd387bd: receive RaftClientReply:client-0C76110B8A2B->ed5d81fa-aaf0-49db-aa57-acca1dd387bd@group-729F0664FEA8, cid=1524, SUCCESS, logIndex=2200, commits[ed5d81fa-aaf0-49db-aa57-acca1dd387bd:c2201]
2019-09-10 22:11:59,692 [grpc-default-executor-0] INFO  client.GrpcClientProtocolClient (GrpcClientProtocolClient.java:onNext(255)) - client-0C76110B8A2B->ed5d81fa-aaf0-49db-aa57-acca1dd387bd: receive RaftClientReply:client-0C76110B8A2B->ed5d81fa-aaf0-49db-aa57-acca1dd387bd@group-729F0664FEA8, cid=1525, SUCCESS, logIndex=2202, commits[ed5d81fa-aaf0-49db-aa57-acca1dd387bd:c2203]
2019-09-10 22:11:59,692 [grpc-default-executor-0] INFO  client.GrpcClientProtocolClient (GrpcClientProtocolClient.java:onNext(255)) - client-0C76110B8A2B->ed5d81fa-aaf0-49db-aa57-acca1dd387bd: receive RaftClientReply:client-0C76110B8A2B->ed5d81fa-aaf0-49db-aa57-acca1dd387bd@group-729F0664FEA8, cid=1526, SUCCESS, logIndex=2203, commits[ed5d81fa-aaf0-49db-aa57-acca1dd387bd:c2205]
2019-09-10 22:11:59,693 [grpc-default-executor-0] INFO  client.GrpcClientProtocolClient (GrpcClientProtocolClient.java:onNext(255)) - client-0C76110B8A2B->ed5d81fa-aaf0-49db-aa57-acca1dd387bd: receive RaftClientReply:client-0C76110B8A2B->ed5d81fa-aaf0-49db-aa57-acca1dd387bd@group-729F0664FEA8, cid=1527, SUCCESS, logIndex=2204, commits[ed5d81fa-aaf0-49db-aa57-acca1dd387bd:c2206]
2019-09-10 22:11:59,693 [grpc-default-executor-0] INFO  client.GrpcClientProtocolClient (GrpcClientProtocolClient.java:onNext(255)) - client-0C76110B8A2B->ed5d81fa-aaf0-49db-aa57-acca1dd387bd: receive RaftClientReply:client-0C76110B8A2B->ed5d81fa-aaf0-49db-aa57-acca1dd387bd@group-729F0664FEA8, cid=1528, SUCCESS, logIndex=2205, commits[ed5d81fa-aaf0-49db-aa57-acca1dd387bd:c2207]
2019-09-10 22:11:59,714 [SCMBlockDeletingService#1] DEBUG block.SCMBlockDeletingService (SCMBlockDeletingService.java:call(138)) - Running DeletedBlockTransactionScanner
2019-09-10 22:11:59,714 [SCMBlockDeletingService#1] DEBUG block.SCMBlockDeletingService (SCMBlockDeletingService.java:call(155)) - Scanned deleted blocks log and got 0 delTX to process.
2019-09-10 22:11:59,717 [grpc-default-executor-1] INFO  client.GrpcClientProtocolClient (GrpcClientProtocolClient.java:onNext(255)) - client-0C76110B8A2B->ed5d81fa-aaf0-49db-aa57-acca1dd387bd: receive RaftClientReply:client-0C76110B8A2B->ed5d81fa-aaf0-49db-aa57-acca1dd387bd@group-729F0664FEA8, cid=1529, SUCCESS, logIndex=2208, commits[ed5d81fa-aaf0-49db-aa57-acca1dd387bd:c2209]
2019-09-10 22:11:59,717 [grpc-default-executor-1] INFO  client.GrpcClientProtocolClient (GrpcClientProtocolClient.java:onNext(255)) - client-0C76110B8A2B->ed5d81fa-aaf0-49db-aa57-acca1dd387bd: receive RaftClientReply:client-0C76110B8A2B->ed5d81fa-aaf0-49db-aa57-acca1dd387bd@group-729F0664FEA8, cid=1530, SUCCESS, logIndex=2209, commits[ed5d81fa-aaf0-49db-aa57-acca1dd387bd:c2209]
2019-09-10 22:11:59,718 [grpc-default-executor-1] INFO  client.GrpcClientProtocolClient (GrpcClientProtocolClient.java:onNext(255)) - client-0C76110B8A2B->ed5d81fa-aaf0-49db-aa57-acca1dd387bd: receive RaftClientReply:client-0C76110B8A2B->ed5d81fa-aaf0-49db-aa57-acca1dd387bd@group-729F0664FEA8, cid=1531, SUCCESS, logIndex=2210, commits[ed5d81fa-aaf0-49db-aa57-acca1dd387bd:c2211]
2019-09-10 22:11:59,718 [grpc-default-executor-1] INFO  client.GrpcClientProtocolClient (GrpcClientProtocolClient.java:onNext(255)) - client-0C76110B8A2B->ed5d81fa-aaf0-49db-aa57-acca1dd387bd: receive RaftClientReply:client-0C76110B8A2B->ed5d81fa-aaf0-49db-aa57-acca1dd387bd@group-729F0664FEA8, cid=1532, SUCCESS, logIndex=2211, commits[ed5d81fa-aaf0-49db-aa57-acca1dd387bd:c2212]
2019-09-10 22:11:59,736 [grpc-default-executor-0] INFO  client.GrpcClientProtocolClient (GrpcClientProtocolClient.java:onNext(255)) - client-0C76110B8A2B->ed5d81fa-aaf0-49db-aa57-acca1dd387bd: receive RaftClientReply:client-0C76110B8A2B->ed5d81fa-aaf0-49db-aa57-acca1dd387bd@group-729F0664FEA8, cid=1533, SUCCESS, logIndex=2214, commits[ed5d81fa-aaf0-49db-aa57-acca1dd387bd:c2215]
2019-09-10 22:11:59,736 [grpc-default-executor-0] INFO  client.GrpcClientProtocolClient (GrpcClientProtocolClient.java:onNext(255)) - client-0C76110B8A2B->ed5d81fa-aaf0-49db-aa57-acca1dd387bd: receive RaftClientReply:client-0C76110B8A2B->ed5d81fa-aaf0-49db-aa57-acca1dd387bd@group-729F0664FEA8, cid=1534, SUCCESS, logIndex=2215, commits[ed5d81fa-aaf0-49db-aa57-acca1dd387bd:c2217]
2019-09-10 22:11:59,737 [grpc-default-executor-0] INFO  client.GrpcClientProtocolClient (GrpcClientProtocolClient.java:onNext(255)) - client-0C76110B8A2B->ed5d81fa-aaf0-49db-aa57-acca1dd387bd: receive RaftClientReply:client-0C76110B8A2B->ed5d81fa-aaf0-49db-aa57-acca1dd387bd@group-729F0664FEA8, cid=1535, SUCCESS, logIndex=2216, commits[ed5d81fa-aaf0-49db-aa57-acca1dd387bd:c2218]
2019-09-10 22:11:59,737 [grpc-default-executor-0] INFO  client.GrpcClientProtocolClient (GrpcClientProtocolClient.java:onNext(255)) - client-0C76110B8A2B->ed5d81fa-aaf0-49db-aa57-acca1dd387bd: receive RaftClientReply:client-0C76110B8A2B->ed5d81fa-aaf0-49db-aa57-acca1dd387bd@group-729F0664FEA8, cid=1536, SUCCESS, logIndex=2217, commits[ed5d81fa-aaf0-49db-aa57-acca1dd387bd:c2218]
2019-09-10 22:11:59,760 [grpc-default-executor-0] INFO  client.GrpcClientProtocolClient (GrpcClientProtocolClient.java:onNext(255)) - client-0C76110B8A2B->ed5d81fa-aaf0-49db-aa57-acca1dd387bd: receive RaftClientReply:client-0C76110B8A2B->ed5d81fa-aaf0-49db-aa57-acca1dd387bd@group-729F0664FEA8, cid=1537, SUCCESS, logIndex=2220, commits[ed5d81fa-aaf0-49db-aa57-acca1dd387bd:c2221]
2019-09-10 22:11:59,761 [grpc-default-executor-0] INFO  client.GrpcClientProtocolClient (GrpcClientProtocolClient.java:onNext(255)) - client-0C76110B8A2B->ed5d81fa-aaf0-49db-aa57-acca1dd387bd: receive RaftClientReply:client-0C76110B8A2B->ed5d81fa-aaf0-49db-aa57-acca1dd387bd@group-729F0664FEA8, cid=1538, SUCCESS, logIndex=2221, commits[ed5d81fa-aaf0-49db-aa57-acca1dd387bd:c2223]
2019-09-10 22:11:59,761 [grpc-default-executor-0] INFO  client.GrpcClientProtocolClient (GrpcClientProtocolClient.java:onNext(255)) - client-0C76110B8A2B->ed5d81fa-aaf0-49db-aa57-acca1dd387bd: receive RaftClientReply:client-0C76110B8A2B->ed5d81fa-aaf0-49db-aa57-acca1dd387bd@group-729F0664FEA8, cid=1539, SUCCESS, logIndex=2222, commits[ed5d81fa-aaf0-49db-aa57-acca1dd387bd:c2224]
2019-09-10 22:11:59,761 [grpc-default-executor-0] INFO  client.GrpcClientProtocolClient (GrpcClientProtocolClient.java:onNext(255)) - client-0C76110B8A2B->ed5d81fa-aaf0-49db-aa57-acca1dd387bd: receive RaftClientReply:client-0C76110B8A2B->ed5d81fa-aaf0-49db-aa57-acca1dd387bd@group-729F0664FEA8, cid=1540, SUCCESS, logIndex=2223, commits[ed5d81fa-aaf0-49db-aa57-acca1dd387bd:c2225]
2019-09-10 22:11:59,785 [grpc-default-executor-0] INFO  client.GrpcClientProtocolClient (GrpcClientProtocolClient.java:onNext(255)) - client-0C76110B8A2B->ed5d81fa-aaf0-49db-aa57-acca1dd387bd: receive RaftClientReply:client-0C76110B8A2B->ed5d81fa-aaf0-49db-aa57-acca1dd387bd@group-729F0664FEA8, cid=1541, SUCCESS, logIndex=2226, commits[ed5d81fa-aaf0-49db-aa57-acca1dd387bd:c2227]
2019-09-10 22:11:59,789 [grpc-default-executor-0] INFO  client.GrpcClientProtocolClient (GrpcClientProtocolClient.java:onNext(255)) - client-0C76110B8A2B->ed5d81fa-aaf0-49db-aa57-acca1dd387bd: receive RaftClientReply:client-0C76110B8A2B->ed5d81fa-aaf0-49db-aa57-acca1dd387bd@group-729F0664FEA8, cid=1542, SUCCESS, logIndex=2227, commits[ed5d81fa-aaf0-49db-aa57-acca1dd387bd:c2229]
2019-09-10 22:11:59,790 [grpc-default-executor-0] INFO  client.GrpcClientProtocolClient (GrpcClientProtocolClient.java:onNext(255)) - client-0C76110B8A2B->ed5d81fa-aaf0-49db-aa57-acca1dd387bd: receive RaftClientReply:client-0C76110B8A2B->ed5d81fa-aaf0-49db-aa57-acca1dd387bd@group-729F0664FEA8, cid=1543, SUCCESS, logIndex=2228, commits[ed5d81fa-aaf0-49db-aa57-acca1dd387bd:c2229]
2019-09-10 22:11:59,790 [grpc-default-executor-0] INFO  client.GrpcClientProtocolClient (GrpcClientProtocolClient.java:onNext(255)) - client-0C76110B8A2B->ed5d81fa-aaf0-49db-aa57-acca1dd387bd: receive RaftClientReply:client-0C76110B8A2B->ed5d81fa-aaf0-49db-aa57-acca1dd387bd@group-729F0664FEA8, cid=1544, SUCCESS, logIndex=2229, commits[ed5d81fa-aaf0-49db-aa57-acca1dd387bd:c2230]
2019-09-10 22:12:00,127 [SCMBlockDeletingService#1] DEBUG block.SCMBlockDeletingService (SCMBlockDeletingService.java:call(138)) - Running DeletedBlockTransactionScanner
2019-09-10 22:12:00,128 [SCMBlockDeletingService#1] DEBUG block.SCMBlockDeletingService (SCMBlockDeletingService.java:call(155)) - Scanned deleted blocks log and got 0 delTX to process.
2019-09-10 22:12:00,145 [grpc-default-executor-1] INFO  client.GrpcClientProtocolClient (GrpcClientProtocolClient.java:onNext(255)) - client-0C76110B8A2B->ed5d81fa-aaf0-49db-aa57-acca1dd387bd: receive RaftClientReply:client-0C76110B8A2B->ed5d81fa-aaf0-49db-aa57-acca1dd387bd@group-729F0664FEA8, cid=1545, SUCCESS, logIndex=2232, commits[ed5d81fa-aaf0-49db-aa57-acca1dd387bd:c2233]
2019-09-10 22:12:00,145 [grpc-default-executor-1] INFO  client.GrpcClientProtocolClient (GrpcClientProtocolClient.java:onNext(255)) - client-0C76110B8A2B->ed5d81fa-aaf0-49db-aa57-acca1dd387bd: receive RaftClientReply:client-0C76110B8A2B->ed5d81fa-aaf0-49db-aa57-acca1dd387bd@group-729F0664FEA8, cid=1546, SUCCESS, logIndex=2233, commits[ed5d81fa-aaf0-49db-aa57-acca1dd387bd:c2234]
2019-09-10 22:12:00,228 [SCMBlockDeletingService#1] DEBUG block.SCMBlockDeletingService (SCMBlockDeletingService.java:call(138)) - Running DeletedBlockTransactionScanner
2019-09-10 22:12:00,228 [SCMBlockDeletingService#1] DEBUG block.SCMBlockDeletingService (SCMBlockDeletingService.java:call(155)) - Scanned deleted blocks log and got 0 delTX to process.
2019-09-10 22:12:00,258 [grpc-default-executor-0] INFO  client.GrpcClientProtocolClient (GrpcClientProtocolClient.java:onNext(255)) - client-0C76110B8A2B->ed5d81fa-aaf0-49db-aa57-acca1dd387bd: receive RaftClientReply:client-0C76110B8A2B->ed5d81fa-aaf0-49db-aa57-acca1dd387bd@group-729F0664FEA8, cid=1547, SUCCESS, logIndex=2235, commits[ed5d81fa-aaf0-49db-aa57-acca1dd387bd:c2236]
2019-09-10 22:12:00,259 [grpc-default-executor-0] INFO  client.GrpcClientProtocolClient (GrpcClientProtocolClient.java:onNext(255)) - client-0C76110B8A2B->ed5d81fa-aaf0-49db-aa57-acca1dd387bd: receive RaftClientReply:client-0C76110B8A2B->ed5d81fa-aaf0-49db-aa57-acca1dd387bd@group-729F0664FEA8, cid=1548, SUCCESS, logIndex=2236, commits[ed5d81fa-aaf0-49db-aa57-acca1dd387bd:c2237]
2019-09-10 22:12:00,279 [grpc-default-executor-0] INFO  client.GrpcClientProtocolClient (GrpcClientProtocolClient.java:onNext(255)) - client-0C76110B8A2B->ed5d81fa-aaf0-49db-aa57-acca1dd387bd: receive RaftClientReply:client-0C76110B8A2B->ed5d81fa-aaf0-49db-aa57-acca1dd387bd@group-729F0664FEA8, cid=1549, SUCCESS, logIndex=2238, commits[ed5d81fa-aaf0-49db-aa57-acca1dd387bd:c2241]
2019-09-10 22:12:00,280 [grpc-default-executor-0] INFO  client.GrpcClientProtocolClient (GrpcClientProtocolClient.java:onNext(255)) - client-0C76110B8A2B->ed5d81fa-aaf0-49db-aa57-acca1dd387bd: receive RaftClientReply:client-0C76110B8A2B->ed5d81fa-aaf0-49db-aa57-acca1dd387bd@group-729F0664FEA8, cid=1550, SUCCESS, logIndex=2239, commits[ed5d81fa-aaf0-49db-aa57-acca1dd387bd:c2242]
2019-09-10 22:12:00,280 [grpc-default-executor-0] INFO  client.GrpcClientProtocolClient (GrpcClientProtocolClient.java:onNext(255)) - client-0C76110B8A2B->ed5d81fa-aaf0-49db-aa57-acca1dd387bd: receive RaftClientReply:client-0C76110B8A2B->ed5d81fa-aaf0-49db-aa57-acca1dd387bd@group-729F0664FEA8, cid=1551, SUCCESS, logIndex=2240, commits[ed5d81fa-aaf0-49db-aa57-acca1dd387bd:c2242]
2019-09-10 22:12:00,280 [grpc-default-executor-0] INFO  client.GrpcClientProtocolClient (GrpcClientProtocolClient.java:onNext(255)) - client-0C76110B8A2B->ed5d81fa-aaf0-49db-aa57-acca1dd387bd: receive RaftClientReply:client-0C76110B8A2B->ed5d81fa-aaf0-49db-aa57-acca1dd387bd@group-729F0664FEA8, cid=1552, SUCCESS, logIndex=2241, commits[ed5d81fa-aaf0-49db-aa57-acca1dd387bd:c2242]
2019-09-10 22:12:00,308 [grpc-default-executor-0] INFO  client.GrpcClientProtocolClient (GrpcClientProtocolClient.java:onNext(255)) - client-0C76110B8A2B->ed5d81fa-aaf0-49db-aa57-acca1dd387bd: receive RaftClientReply:client-0C76110B8A2B->ed5d81fa-aaf0-49db-aa57-acca1dd387bd@group-729F0664FEA8, cid=1553, SUCCESS, logIndex=2243, commits[ed5d81fa-aaf0-49db-aa57-acca1dd387bd:c2246]
2019-09-10 22:12:00,309 [grpc-default-executor-0] INFO  client.GrpcClientProtocolClient (GrpcClientProtocolClient.java:onNext(255)) - client-0C76110B8A2B->ed5d81fa-aaf0-49db-aa57-acca1dd387bd: receive RaftClientReply:client-0C76110B8A2B->ed5d81fa-aaf0-49db-aa57-acca1dd387bd@group-729F0664FEA8, cid=1554, SUCCESS, logIndex=2244, commits[ed5d81fa-aaf0-49db-aa57-acca1dd387bd:c2247]
2019-09-10 22:12:00,309 [grpc-default-executor-0] INFO  client.GrpcClientProtocolClient (GrpcClientProtocolClient.java:onNext(255)) - client-0C76110B8A2B->ed5d81fa-aaf0-49db-aa57-acca1dd387bd: receive RaftClientReply:client-0C76110B8A2B->ed5d81fa-aaf0-49db-aa57-acca1dd387bd@group-729F0664FEA8, cid=1555, SUCCESS, logIndex=2245, commits[ed5d81fa-aaf0-49db-aa57-acca1dd387bd:c2247]
2019-09-10 22:12:00,310 [grpc-default-executor-0] INFO  client.GrpcClientProtocolClient (GrpcClientProtocolClient.java:onNext(255)) - client-0C76110B8A2B->ed5d81fa-aaf0-49db-aa57-acca1dd387bd: receive RaftClientReply:client-0C76110B8A2B->ed5d81fa-aaf0-49db-aa57-acca1dd387bd@group-729F0664FEA8, cid=1556, SUCCESS, logIndex=2246, commits[ed5d81fa-aaf0-49db-aa57-acca1dd387bd:c2247]
2019-09-10 22:12:00,329 [SCMBlockDeletingService#1] DEBUG block.SCMBlockDeletingService (SCMBlockDeletingService.java:call(138)) - Running DeletedBlockTransactionScanner
2019-09-10 22:12:00,329 [grpc-default-executor-0] INFO  client.GrpcClientProtocolClient (GrpcClientProtocolClient.java:onNext(255)) - client-0C76110B8A2B->ed5d81fa-aaf0-49db-aa57-acca1dd387bd: receive RaftClientReply:client-0C76110B8A2B->ed5d81fa-aaf0-49db-aa57-acca1dd387bd@group-729F0664FEA8, cid=1557, SUCCESS, logIndex=2248, commits[ed5d81fa-aaf0-49db-aa57-acca1dd387bd:c2249]
2019-09-10 22:12:00,329 [SCMBlockDeletingService#1] DEBUG block.SCMBlockDeletingService (SCMBlockDeletingService.java:call(155)) - Scanned deleted blocks log and got 0 delTX to process.
2019-09-10 22:12:00,330 [grpc-default-executor-0] INFO  client.GrpcClientProtocolClient (GrpcClientProtocolClient.java:onNext(255)) - client-0C76110B8A2B->ed5d81fa-aaf0-49db-aa57-acca1dd387bd: receive RaftClientReply:client-0C76110B8A2B->ed5d81fa-aaf0-49db-aa57-acca1dd387bd@group-729F0664FEA8, cid=1558, SUCCESS, logIndex=2249, commits[ed5d81fa-aaf0-49db-aa57-acca1dd387bd:c2251]
2019-09-10 22:12:00,330 [grpc-default-executor-0] INFO  client.GrpcClientProtocolClient (GrpcClientProtocolClient.java:onNext(255)) - client-0C76110B8A2B->ed5d81fa-aaf0-49db-aa57-acca1dd387bd: receive RaftClientReply:client-0C76110B8A2B->ed5d81fa-aaf0-49db-aa57-acca1dd387bd@group-729F0664FEA8, cid=1559, SUCCESS, logIndex=2250, commits[ed5d81fa-aaf0-49db-aa57-acca1dd387bd:c2252]
2019-09-10 22:12:00,330 [grpc-default-executor-0] INFO  client.GrpcClientProtocolClient (GrpcClientProtocolClient.java:onNext(255)) - client-0C76110B8A2B->ed5d81fa-aaf0-49db-aa57-acca1dd387bd: receive RaftClientReply:client-0C76110B8A2B->ed5d81fa-aaf0-49db-aa57-acca1dd387bd@group-729F0664FEA8, cid=1560, SUCCESS, logIndex=2251, commits[ed5d81fa-aaf0-49db-aa57-acca1dd387bd:c2252]
2019-09-10 22:12:00,355 [grpc-default-executor-1] INFO  client.GrpcClientProtocolClient (GrpcClientProtocolClient.java:onNext(255)) - client-0C76110B8A2B->ed5d81fa-aaf0-49db-aa57-acca1dd387bd: receive RaftClientReply:client-0C76110B8A2B->ed5d81fa-aaf0-49db-aa57-acca1dd387bd@group-729F0664FEA8, cid=1561, SUCCESS, logIndex=2254, commits[ed5d81fa-aaf0-49db-aa57-acca1dd387bd:c2255]
2019-09-10 22:12:00,355 [grpc-default-executor-1] INFO  client.GrpcClientProtocolClient (GrpcClientProtocolClient.java:onNext(255)) - client-0C76110B8A2B->ed5d81fa-aaf0-49db-aa57-acca1dd387bd: receive RaftClientReply:client-0C76110B8A2B->ed5d81fa-aaf0-49db-aa57-acca1dd387bd@group-729F0664FEA8, cid=1562, SUCCESS, logIndex=2255, commits[ed5d81fa-aaf0-49db-aa57-acca1dd387bd:c2257]
2019-09-10 22:12:00,356 [grpc-default-executor-1] INFO  client.GrpcClientProtocolClient (GrpcClientProtocolClient.java:onNext(255)) - client-0C76110B8A2B->ed5d81fa-aaf0-49db-aa57-acca1dd387bd: receive RaftClientReply:client-0C76110B8A2B->ed5d81fa-aaf0-49db-aa57-acca1dd387bd@group-729F0664FEA8, cid=1563, SUCCESS, logIndex=2256, commits[ed5d81fa-aaf0-49db-aa57-acca1dd387bd:c2258]
2019-09-10 22:12:00,356 [grpc-default-executor-1] INFO  client.GrpcClientProtocolClient (GrpcClientProtocolClient.java:onNext(255)) - client-0C76110B8A2B->ed5d81fa-aaf0-49db-aa57-acca1dd387bd: receive RaftClientReply:client-0C76110B8A2B->ed5d81fa-aaf0-49db-aa57-acca1dd387bd@group-729F0664FEA8, cid=1564, SUCCESS, logIndex=2257, commits[ed5d81fa-aaf0-49db-aa57-acca1dd387bd:c2258]
2019-09-10 22:12:00,373 [grpc-default-executor-1] INFO  client.GrpcClientProtocolClient (GrpcClientProtocolClient.java:onNext(255)) - client-0C76110B8A2B->ed5d81fa-aaf0-49db-aa57-acca1dd387bd: receive RaftClientReply:client-0C76110B8A2B->ed5d81fa-aaf0-49db-aa57-acca1dd387bd@group-729F0664FEA8, cid=1565, SUCCESS, logIndex=2260, commits[ed5d81fa-aaf0-49db-aa57-acca1dd387bd:c2261]
2019-09-10 22:12:00,374 [grpc-default-executor-1] INFO  client.GrpcClientProtocolClient (GrpcClientProtocolClient.java:onNext(255)) - client-0C76110B8A2B->ed5d81fa-aaf0-49db-aa57-acca1dd387bd: receive RaftClientReply:client-0C76110B8A2B->ed5d81fa-aaf0-49db-aa57-acca1dd387bd@group-729F0664FEA8, cid=1566, SUCCESS, logIndex=2261, commits[ed5d81fa-aaf0-49db-aa57-acca1dd387bd:c2261]
2019-09-10 22:12:00,374 [grpc-default-executor-1] INFO  client.GrpcClientProtocolClient (GrpcClientProtocolClient.java:onNext(255)) - client-0C76110B8A2B->ed5d81fa-aaf0-49db-aa57-acca1dd387bd: receive RaftClientReply:client-0C76110B8A2B->ed5d81fa-aaf0-49db-aa57-acca1dd387bd@group-729F0664FEA8, cid=1567, SUCCESS, logIndex=2262, commits[ed5d81fa-aaf0-49db-aa57-acca1dd387bd:c2263]
2019-09-10 22:12:00,374 [grpc-default-executor-1] INFO  client.GrpcClientProtocolClient (GrpcClientProtocolClient.java:onNext(255)) - client-0C76110B8A2B->ed5d81fa-aaf0-49db-aa57-acca1dd387bd: receive RaftClientReply:client-0C76110B8A2B->ed5d81fa-aaf0-49db-aa57-acca1dd387bd@group-729F0664FEA8, cid=1568, SUCCESS, logIndex=2263, commits[ed5d81fa-aaf0-49db-aa57-acca1dd387bd:c2264]
2019-09-10 22:12:00,397 [grpc-default-executor-0] INFO  client.GrpcClientProtocolClient (GrpcClientProtocolClient.java:onNext(255)) - client-0C76110B8A2B->ed5d81fa-aaf0-49db-aa57-acca1dd387bd: receive RaftClientReply:client-0C76110B8A2B->ed5d81fa-aaf0-49db-aa57-acca1dd387bd@group-729F0664FEA8, cid=1569, SUCCESS, logIndex=2266, commits[ed5d81fa-aaf0-49db-aa57-acca1dd387bd:c2267]
2019-09-10 22:12:00,397 [grpc-default-executor-0] INFO  client.GrpcClientProtocolClient (GrpcClientProtocolClient.java:onNext(255)) - client-0C76110B8A2B->ed5d81fa-aaf0-49db-aa57-acca1dd387bd: receive RaftClientReply:client-0C76110B8A2B->ed5d81fa-aaf0-49db-aa57-acca1dd387bd@group-729F0664FEA8, cid=1570, SUCCESS, logIndex=2267, commits[ed5d81fa-aaf0-49db-aa57-acca1dd387bd:c2269]
2019-09-10 22:12:00,398 [grpc-default-executor-0] INFO  client.GrpcClientProtocolClient (GrpcClientProtocolClient.java:onNext(255)) - client-0C76110B8A2B->ed5d81fa-aaf0-49db-aa57-acca1dd387bd: receive RaftClientReply:client-0C76110B8A2B->ed5d81fa-aaf0-49db-aa57-acca1dd387bd@group-729F0664FEA8, cid=1571, SUCCESS, logIndex=2268, commits[ed5d81fa-aaf0-49db-aa57-acca1dd387bd:c2269]
2019-09-10 22:12:00,398 [grpc-default-executor-0] INFO  client.GrpcClientProtocolClient (GrpcClientProtocolClient.java:onNext(255)) - client-0C76110B8A2B->ed5d81fa-aaf0-49db-aa57-acca1dd387bd: receive RaftClientReply:client-0C76110B8A2B->ed5d81fa-aaf0-49db-aa57-acca1dd387bd@group-729F0664FEA8, cid=1572, SUCCESS, logIndex=2269, commits[ed5d81fa-aaf0-49db-aa57-acca1dd387bd:c2270]
2019-09-10 22:12:00,415 [grpc-default-executor-1] INFO  client.GrpcClientProtocolClient (GrpcClientProtocolClient.java:onNext(255)) - client-0C76110B8A2B->ed5d81fa-aaf0-49db-aa57-acca1dd387bd: receive RaftClientReply:client-0C76110B8A2B->ed5d81fa-aaf0-49db-aa57-acca1dd387bd@group-729F0664FEA8, cid=1573, SUCCESS, logIndex=2272, commits[ed5d81fa-aaf0-49db-aa57-acca1dd387bd:c2273]
2019-09-10 22:12:00,416 [grpc-default-executor-1] INFO  client.GrpcClientProtocolClient (GrpcClientProtocolClient.java:onNext(255)) - client-0C76110B8A2B->ed5d81fa-aaf0-49db-aa57-acca1dd387bd: receive RaftClientReply:client-0C76110B8A2B->ed5d81fa-aaf0-49db-aa57-acca1dd387bd@group-729F0664FEA8, cid=1574, SUCCESS, logIndex=2273, commits[ed5d81fa-aaf0-49db-aa57-acca1dd387bd:c2275]
2019-09-10 22:12:00,416 [grpc-default-executor-1] INFO  client.GrpcClientProtocolClient (GrpcClientProtocolClient.java:onNext(255)) - client-0C76110B8A2B->ed5d81fa-aaf0-49db-aa57-acca1dd387bd: receive RaftClientReply:client-0C76110B8A2B->ed5d81fa-aaf0-49db-aa57-acca1dd387bd@group-729F0664FEA8, cid=1575, SUCCESS, logIndex=2274, commits[ed5d81fa-aaf0-49db-aa57-acca1dd387bd:c2275]
2019-09-10 22:12:00,416 [grpc-default-executor-1] INFO  client.GrpcClientProtocolClient (GrpcClientProtocolClient.java:onNext(255)) - client-0C76110B8A2B->ed5d81fa-aaf0-49db-aa57-acca1dd387bd: receive RaftClientReply:client-0C76110B8A2B->ed5d81fa-aaf0-49db-aa57-acca1dd387bd@group-729F0664FEA8, cid=1576, SUCCESS, logIndex=2275, commits[ed5d81fa-aaf0-49db-aa57-acca1dd387bd:c2276]
2019-09-10 22:12:00,430 [SCMBlockDeletingService#1] DEBUG block.SCMBlockDeletingService (SCMBlockDeletingService.java:call(138)) - Running DeletedBlockTransactionScanner
2019-09-10 22:12:00,430 [SCMBlockDeletingService#1] DEBUG block.SCMBlockDeletingService (SCMBlockDeletingService.java:call(155)) - Scanned deleted blocks log and got 0 delTX to process.
2019-09-10 22:12:00,440 [grpc-default-executor-1] INFO  client.GrpcClientProtocolClient (GrpcClientProtocolClient.java:onNext(255)) - client-0C76110B8A2B->ed5d81fa-aaf0-49db-aa57-acca1dd387bd: receive RaftClientReply:client-0C76110B8A2B->ed5d81fa-aaf0-49db-aa57-acca1dd387bd@group-729F0664FEA8, cid=1577, SUCCESS, logIndex=2278, commits[ed5d81fa-aaf0-49db-aa57-acca1dd387bd:c2279]
2019-09-10 22:12:00,440 [grpc-default-executor-1] INFO  client.GrpcClientProtocolClient (GrpcClientProtocolClient.java:onNext(255)) - client-0C76110B8A2B->ed5d81fa-aaf0-49db-aa57-acca1dd387bd: receive RaftClientReply:client-0C76110B8A2B->ed5d81fa-aaf0-49db-aa57-acca1dd387bd@group-729F0664FEA8, cid=1578, SUCCESS, logIndex=2279, commits[ed5d81fa-aaf0-49db-aa57-acca1dd387bd:c2281]
2019-09-10 22:12:00,440 [grpc-default-executor-1] INFO  client.GrpcClientProtocolClient (GrpcClientProtocolClient.java:onNext(255)) - client-0C76110B8A2B->ed5d81fa-aaf0-49db-aa57-acca1dd387bd: receive RaftClientReply:client-0C76110B8A2B->ed5d81fa-aaf0-49db-aa57-acca1dd387bd@group-729F0664FEA8, cid=1579, SUCCESS, logIndex=2280, commits[ed5d81fa-aaf0-49db-aa57-acca1dd387bd:c2282]
2019-09-10 22:12:00,441 [grpc-default-executor-1] INFO  client.GrpcClientProtocolClient (GrpcClientProtocolClient.java:onNext(255)) - client-0C76110B8A2B->ed5d81fa-aaf0-49db-aa57-acca1dd387bd: receive RaftClientReply:client-0C76110B8A2B->ed5d81fa-aaf0-49db-aa57-acca1dd387bd@group-729F0664FEA8, cid=1580, SUCCESS, logIndex=2281, commits[ed5d81fa-aaf0-49db-aa57-acca1dd387bd:c2282]
2019-09-10 22:12:00,458 [grpc-default-executor-0] INFO  client.GrpcClientProtocolClient (GrpcClientProtocolClient.java:onNext(255)) - client-0C76110B8A2B->ed5d81fa-aaf0-49db-aa57-acca1dd387bd: receive RaftClientReply:client-0C76110B8A2B->ed5d81fa-aaf0-49db-aa57-acca1dd387bd@group-729F0664FEA8, cid=1581, SUCCESS, logIndex=2284, commits[ed5d81fa-aaf0-49db-aa57-acca1dd387bd:c2287]
2019-09-10 22:12:00,459 [grpc-default-executor-0] INFO  client.GrpcClientProtocolClient (GrpcClientProtocolClient.java:onNext(255)) - client-0C76110B8A2B->ed5d81fa-aaf0-49db-aa57-acca1dd387bd: receive RaftClientReply:client-0C76110B8A2B->ed5d81fa-aaf0-49db-aa57-acca1dd387bd@group-729F0664FEA8, cid=1582, SUCCESS, logIndex=2285, commits[ed5d81fa-aaf0-49db-aa57-acca1dd387bd:c2287]
2019-09-10 22:12:00,459 [grpc-default-executor-0] INFO  client.GrpcClientProtocolClient (GrpcClientProtocolClient.java:onNext(255)) - client-0C76110B8A2B->ed5d81fa-aaf0-49db-aa57-acca1dd387bd: receive RaftClientReply:client-0C76110B8A2B->ed5d81fa-aaf0-49db-aa57-acca1dd387bd@group-729F0664FEA8, cid=1583, SUCCESS, logIndex=2286, commits[ed5d81fa-aaf0-49db-aa57-acca1dd387bd:c2288]
2019-09-10 22:12:00,459 [grpc-default-executor-0] INFO  client.GrpcClientProtocolClient (GrpcClientProtocolClient.java:onNext(255)) - client-0C76110B8A2B->ed5d81fa-aaf0-49db-aa57-acca1dd387bd: receive RaftClientReply:client-0C76110B8A2B->ed5d81fa-aaf0-49db-aa57-acca1dd387bd@group-729F0664FEA8, cid=1584, SUCCESS, logIndex=2287, commits[ed5d81fa-aaf0-49db-aa57-acca1dd387bd:c2289]
2019-09-10 22:12:00,476 [grpc-default-executor-0] INFO  client.GrpcClientProtocolClient (GrpcClientProtocolClient.java:onNext(255)) - client-0C76110B8A2B->ed5d81fa-aaf0-49db-aa57-acca1dd387bd: receive RaftClientReply:client-0C76110B8A2B->ed5d81fa-aaf0-49db-aa57-acca1dd387bd@group-729F0664FEA8, cid=1585, SUCCESS, logIndex=2290, commits[ed5d81fa-aaf0-49db-aa57-acca1dd387bd:c2291]
2019-09-10 22:12:00,476 [grpc-default-executor-0] INFO  client.GrpcClientProtocolClient (GrpcClientProtocolClient.java:onNext(255)) - client-0C76110B8A2B->ed5d81fa-aaf0-49db-aa57-acca1dd387bd: receive RaftClientReply:client-0C76110B8A2B->ed5d81fa-aaf0-49db-aa57-acca1dd387bd@group-729F0664FEA8, cid=1586, SUCCESS, logIndex=2291, commits[ed5d81fa-aaf0-49db-aa57-acca1dd387bd:c2293]
2019-09-10 22:12:00,477 [grpc-default-executor-0] INFO  client.GrpcClientProtocolClient (GrpcClientProtocolClient.java:onNext(255)) - client-0C76110B8A2B->ed5d81fa-aaf0-49db-aa57-acca1dd387bd: receive RaftClientReply:client-0C76110B8A2B->ed5d81fa-aaf0-49db-aa57-acca1dd387bd@group-729F0664FEA8, cid=1587, SUCCESS, logIndex=2292, commits[ed5d81fa-aaf0-49db-aa57-acca1dd387bd:c2293]
2019-09-10 22:12:00,477 [grpc-default-executor-0] INFO  client.GrpcClientProtocolClient (GrpcClientProtocolClient.java:onNext(255)) - client-0C76110B8A2B->ed5d81fa-aaf0-49db-aa57-acca1dd387bd: receive RaftClientReply:client-0C76110B8A2B->ed5d81fa-aaf0-49db-aa57-acca1dd387bd@group-729F0664FEA8, cid=1588, SUCCESS, logIndex=2293, commits[ed5d81fa-aaf0-49db-aa57-acca1dd387bd:c2294]
2019-09-10 22:12:00,494 [grpc-default-executor-1] INFO  client.GrpcClientProtocolClient (GrpcClientProtocolClient.java:onNext(255)) - client-0C76110B8A2B->ed5d81fa-aaf0-49db-aa57-acca1dd387bd: receive RaftClientReply:client-0C76110B8A2B->ed5d81fa-aaf0-49db-aa57-acca1dd387bd@group-729F0664FEA8, cid=1589, SUCCESS, logIndex=2296, commits[ed5d81fa-aaf0-49db-aa57-acca1dd387bd:c2297]
2019-09-10 22:12:00,495 [grpc-default-executor-1] INFO  client.GrpcClientProtocolClient (GrpcClientProtocolClient.java:onNext(255)) - client-0C76110B8A2B->ed5d81fa-aaf0-49db-aa57-acca1dd387bd: receive RaftClientReply:client-0C76110B8A2B->ed5d81fa-aaf0-49db-aa57-acca1dd387bd@group-729F0664FEA8, cid=1590, SUCCESS, logIndex=2297, commits[ed5d81fa-aaf0-49db-aa57-acca1dd387bd:c2298]
2019-09-10 22:12:00,530 [SCMBlockDeletingService#1] DEBUG block.SCMBlockDeletingService (SCMBlockDeletingService.java:call(138)) - Running DeletedBlockTransactionScanner
2019-09-10 22:12:00,530 [SCMBlockDeletingService#1] DEBUG block.SCMBlockDeletingService (SCMBlockDeletingService.java:call(155)) - Scanned deleted blocks log and got 0 delTX to process.
2019-09-10 22:12:00,596 [grpc-default-executor-0] INFO  client.GrpcClientProtocolClient (GrpcClientProtocolClient.java:onNext(255)) - client-0C76110B8A2B->ed5d81fa-aaf0-49db-aa57-acca1dd387bd: receive RaftClientReply:client-0C76110B8A2B->ed5d81fa-aaf0-49db-aa57-acca1dd387bd@group-729F0664FEA8, cid=1591, SUCCESS, logIndex=2299, commits[ed5d81fa-aaf0-49db-aa57-acca1dd387bd:c2300]
2019-09-10 22:12:00,597 [grpc-default-executor-0] INFO  client.GrpcClientProtocolClient (GrpcClientProtocolClient.java:onNext(255)) - client-0C76110B8A2B->ed5d81fa-aaf0-49db-aa57-acca1dd387bd: receive RaftClientReply:client-0C76110B8A2B->ed5d81fa-aaf0-49db-aa57-acca1dd387bd@group-729F0664FEA8, cid=1592, SUCCESS, logIndex=2300, commits[ed5d81fa-aaf0-49db-aa57-acca1dd387bd:c2301]
2019-09-10 22:12:00,622 [grpc-default-executor-0] INFO  client.GrpcClientProtocolClient (GrpcClientProtocolClient.java:onNext(255)) - client-0C76110B8A2B->ed5d81fa-aaf0-49db-aa57-acca1dd387bd: receive RaftClientReply:client-0C76110B8A2B->ed5d81fa-aaf0-49db-aa57-acca1dd387bd@group-729F0664FEA8, cid=1593, SUCCESS, logIndex=2302, commits[ed5d81fa-aaf0-49db-aa57-acca1dd387bd:c2303]
2019-09-10 22:12:00,622 [grpc-default-executor-0] INFO  client.GrpcClientProtocolClient (GrpcClientProtocolClient.java:onNext(255)) - client-0C76110B8A2B->ed5d81fa-aaf0-49db-aa57-acca1dd387bd: receive RaftClientReply:client-0C76110B8A2B->ed5d81fa-aaf0-49db-aa57-acca1dd387bd@group-729F0664FEA8, cid=1594, SUCCESS, logIndex=2303, commits[ed5d81fa-aaf0-49db-aa57-acca1dd387bd:c2305]
2019-09-10 22:12:00,623 [grpc-default-executor-0] INFO  client.GrpcClientProtocolClient (GrpcClientProtocolClient.java:onNext(255)) - client-0C76110B8A2B->ed5d81fa-aaf0-49db-aa57-acca1dd387bd: receive RaftClientReply:client-0C76110B8A2B->ed5d81fa-aaf0-49db-aa57-acca1dd387bd@group-729F0664FEA8, cid=1595, SUCCESS, logIndex=2304, commits[ed5d81fa-aaf0-49db-aa57-acca1dd387bd:c2306]
2019-09-10 22:12:00,623 [grpc-default-executor-0] INFO  client.GrpcClientProtocolClient (GrpcClientProtocolClient.java:onNext(255)) - client-0C76110B8A2B->ed5d81fa-aaf0-49db-aa57-acca1dd387bd: receive RaftClientReply:client-0C76110B8A2B->ed5d81fa-aaf0-49db-aa57-acca1dd387bd@group-729F0664FEA8, cid=1596, SUCCESS, logIndex=2305, commits[ed5d81fa-aaf0-49db-aa57-acca1dd387bd:c2307]
2019-09-10 22:12:00,631 [SCMBlockDeletingService#1] DEBUG block.SCMBlockDeletingService (SCMBlockDeletingService.java:call(138)) - Running DeletedBlockTransactionScanner
2019-09-10 22:12:00,631 [SCMBlockDeletingService#1] DEBUG block.SCMBlockDeletingService (SCMBlockDeletingService.java:call(155)) - Scanned deleted blocks log and got 0 delTX to process.
2019-09-10 22:12:00,644 [grpc-default-executor-1] INFO  client.GrpcClientProtocolClient (GrpcClientProtocolClient.java:onNext(255)) - client-0C76110B8A2B->ed5d81fa-aaf0-49db-aa57-acca1dd387bd: receive RaftClientReply:client-0C76110B8A2B->ed5d81fa-aaf0-49db-aa57-acca1dd387bd@group-729F0664FEA8, cid=1597, SUCCESS, logIndex=2308, commits[ed5d81fa-aaf0-49db-aa57-acca1dd387bd:c2311]
2019-09-10 22:12:00,644 [grpc-default-executor-1] INFO  client.GrpcClientProtocolClient (GrpcClientProtocolClient.java:onNext(255)) - client-0C76110B8A2B->ed5d81fa-aaf0-49db-aa57-acca1dd387bd: receive RaftClientReply:client-0C76110B8A2B->ed5d81fa-aaf0-49db-aa57-acca1dd387bd@group-729F0664FEA8, cid=1598, SUCCESS, logIndex=2309, commits[ed5d81fa-aaf0-49db-aa57-acca1dd387bd:c2312]
2019-09-10 22:12:00,644 [grpc-default-executor-1] INFO  client.GrpcClientProtocolClient (GrpcClientProtocolClient.java:onNext(255)) - client-0C76110B8A2B->ed5d81fa-aaf0-49db-aa57-acca1dd387bd: receive RaftClientReply:client-0C76110B8A2B->ed5d81fa-aaf0-49db-aa57-acca1dd387bd@group-729F0664FEA8, cid=1599, SUCCESS, logIndex=2310, commits[ed5d81fa-aaf0-49db-aa57-acca1dd387bd:c2312]
2019-09-10 22:12:00,645 [grpc-default-executor-1] INFO  client.GrpcClientProtocolClient (GrpcClientProtocolClient.java:onNext(255)) - client-0C76110B8A2B->ed5d81fa-aaf0-49db-aa57-acca1dd387bd: receive RaftClientReply:client-0C76110B8A2B->ed5d81fa-aaf0-49db-aa57-acca1dd387bd@group-729F0664FEA8, cid=1600, SUCCESS, logIndex=2311, commits[ed5d81fa-aaf0-49db-aa57-acca1dd387bd:c2312]
2019-09-10 22:12:00,671 [grpc-default-executor-0] INFO  client.GrpcClientProtocolClient (GrpcClientProtocolClient.java:onNext(255)) - client-0C76110B8A2B->ed5d81fa-aaf0-49db-aa57-acca1dd387bd: receive RaftClientReply:client-0C76110B8A2B->ed5d81fa-aaf0-49db-aa57-acca1dd387bd@group-729F0664FEA8, cid=1601, SUCCESS, logIndex=2313, commits[ed5d81fa-aaf0-49db-aa57-acca1dd387bd:c2314]
2019-09-10 22:12:00,672 [grpc-default-executor-0] INFO  client.GrpcClientProtocolClient (GrpcClientProtocolClient.java:onNext(255)) - client-0C76110B8A2B->ed5d81fa-aaf0-49db-aa57-acca1dd387bd: receive RaftClientReply:client-0C76110B8A2B->ed5d81fa-aaf0-49db-aa57-acca1dd387bd@group-729F0664FEA8, cid=1602, SUCCESS, logIndex=2314, commits[ed5d81fa-aaf0-49db-aa57-acca1dd387bd:c2316]
2019-09-10 22:12:00,672 [grpc-default-executor-0] INFO  client.GrpcClientProtocolClient (GrpcClientProtocolClient.java:onNext(255)) - client-0C76110B8A2B->ed5d81fa-aaf0-49db-aa57-acca1dd387bd: receive RaftClientReply:client-0C76110B8A2B->ed5d81fa-aaf0-49db-aa57-acca1dd387bd@group-729F0664FEA8, cid=1603, SUCCESS, logIndex=2315, commits[ed5d81fa-aaf0-49db-aa57-acca1dd387bd:c2316]
2019-09-10 22:12:00,672 [grpc-default-executor-0] INFO  client.GrpcClientProtocolClient (GrpcClientProtocolClient.java:onNext(255)) - client-0C76110B8A2B->ed5d81fa-aaf0-49db-aa57-acca1dd387bd: receive RaftClientReply:client-0C76110B8A2B->ed5d81fa-aaf0-49db-aa57-acca1dd387bd@group-729F0664FEA8, cid=1604, SUCCESS, logIndex=2316, commits[ed5d81fa-aaf0-49db-aa57-acca1dd387bd:c2317]
2019-09-10 22:12:00,692 [grpc-default-executor-1] INFO  client.GrpcClientProtocolClient (GrpcClientProtocolClient.java:onNext(255)) - client-0C76110B8A2B->ed5d81fa-aaf0-49db-aa57-acca1dd387bd: receive RaftClientReply:client-0C76110B8A2B->ed5d81fa-aaf0-49db-aa57-acca1dd387bd@group-729F0664FEA8, cid=1605, SUCCESS, logIndex=2319, commits[ed5d81fa-aaf0-49db-aa57-acca1dd387bd:c2322]
2019-09-10 22:12:00,693 [grpc-default-executor-1] INFO  client.GrpcClientProtocolClient (GrpcClientProtocolClient.java:onNext(255)) - client-0C76110B8A2B->ed5d81fa-aaf0-49db-aa57-acca1dd387bd: receive RaftClientReply:client-0C76110B8A2B->ed5d81fa-aaf0-49db-aa57-acca1dd387bd@group-729F0664FEA8, cid=1606, SUCCESS, logIndex=2320, commits[ed5d81fa-aaf0-49db-aa57-acca1dd387bd:c2323]
2019-09-10 22:12:00,693 [grpc-default-executor-1] INFO  client.GrpcClientProtocolClient (GrpcClientProtocolClient.java:onNext(255)) - client-0C76110B8A2B->ed5d81fa-aaf0-49db-aa57-acca1dd387bd: receive RaftClientReply:client-0C76110B8A2B->ed5d81fa-aaf0-49db-aa57-acca1dd387bd@group-729F0664FEA8, cid=1607, SUCCESS, logIndex=2321, commits[ed5d81fa-aaf0-49db-aa57-acca1dd387bd:c2323]
2019-09-10 22:12:00,693 [grpc-default-executor-1] INFO  client.GrpcClientProtocolClient (GrpcClientProtocolClient.java:onNext(255)) - client-0C76110B8A2B->ed5d81fa-aaf0-49db-aa57-acca1dd387bd: receive RaftClientReply:client-0C76110B8A2B->ed5d81fa-aaf0-49db-aa57-acca1dd387bd@group-729F0664FEA8, cid=1608, SUCCESS, logIndex=2322, commits[ed5d81fa-aaf0-49db-aa57-acca1dd387bd:c2323]
2019-09-10 22:12:00,738 [SCMBlockDeletingService#1] DEBUG block.SCMBlockDeletingService (SCMBlockDeletingService.java:call(138)) - Running DeletedBlockTransactionScanner
2019-09-10 22:12:00,739 [SCMBlockDeletingService#1] DEBUG block.SCMBlockDeletingService (SCMBlockDeletingService.java:call(155)) - Scanned deleted blocks log and got 0 delTX to process.
2019-09-10 22:12:00,752 [grpc-default-executor-1] INFO  client.GrpcClientProtocolClient (GrpcClientProtocolClient.java:onNext(255)) - client-0C76110B8A2B->ed5d81fa-aaf0-49db-aa57-acca1dd387bd: receive RaftClientReply:client-0C76110B8A2B->ed5d81fa-aaf0-49db-aa57-acca1dd387bd@group-729F0664FEA8, cid=1609, SUCCESS, logIndex=2324, commits[ed5d81fa-aaf0-49db-aa57-acca1dd387bd:c2325]
2019-09-10 22:12:00,752 [grpc-default-executor-1] INFO  client.GrpcClientProtocolClient (GrpcClientProtocolClient.java:onNext(255)) - client-0C76110B8A2B->ed5d81fa-aaf0-49db-aa57-acca1dd387bd: receive RaftClientReply:client-0C76110B8A2B->ed5d81fa-aaf0-49db-aa57-acca1dd387bd@group-729F0664FEA8, cid=1610, SUCCESS, logIndex=2325, commits[ed5d81fa-aaf0-49db-aa57-acca1dd387bd:c2327]
2019-09-10 22:12:00,753 [grpc-default-executor-1] INFO  client.GrpcClientProtocolClient (GrpcClientProtocolClient.java:onNext(255)) - client-0C76110B8A2B->ed5d81fa-aaf0-49db-aa57-acca1dd387bd: receive RaftClientReply:client-0C76110B8A2B->ed5d81fa-aaf0-49db-aa57-acca1dd387bd@group-729F0664FEA8, cid=1611, SUCCESS, logIndex=2326, commits[ed5d81fa-aaf0-49db-aa57-acca1dd387bd:c2327]
2019-09-10 22:12:00,753 [grpc-default-executor-1] INFO  client.GrpcClientProtocolClient (GrpcClientProtocolClient.java:onNext(255)) - client-0C76110B8A2B->ed5d81fa-aaf0-49db-aa57-acca1dd387bd: receive RaftClientReply:client-0C76110B8A2B->ed5d81fa-aaf0-49db-aa57-acca1dd387bd@group-729F0664FEA8, cid=1612, SUCCESS, logIndex=2327, commits[ed5d81fa-aaf0-49db-aa57-acca1dd387bd:c2328]
2019-09-10 22:12:00,772 [grpc-default-executor-1] INFO  client.GrpcClientProtocolClient (GrpcClientProtocolClient.java:onNext(255)) - client-0C76110B8A2B->ed5d81fa-aaf0-49db-aa57-acca1dd387bd: receive RaftClientReply:client-0C76110B8A2B->ed5d81fa-aaf0-49db-aa57-acca1dd387bd@group-729F0664FEA8, cid=1613, SUCCESS, logIndex=2330, commits[ed5d81fa-aaf0-49db-aa57-acca1dd387bd:c2333]
2019-09-10 22:12:00,773 [grpc-default-executor-1] INFO  client.GrpcClientProtocolClient (GrpcClientProtocolClient.java:onNext(255)) - client-0C76110B8A2B->ed5d81fa-aaf0-49db-aa57-acca1dd387bd: receive RaftClientReply:client-0C76110B8A2B->ed5d81fa-aaf0-49db-aa57-acca1dd387bd@group-729F0664FEA8, cid=1614, SUCCESS, logIndex=2331, commits[ed5d81fa-aaf0-49db-aa57-acca1dd387bd:c2334]
2019-09-10 22:12:00,773 [grpc-default-executor-1] INFO  client.GrpcClientProtocolClient (GrpcClientProtocolClient.java:onNext(255)) - client-0C76110B8A2B->ed5d81fa-aaf0-49db-aa57-acca1dd387bd: receive RaftClientReply:client-0C76110B8A2B->ed5d81fa-aaf0-49db-aa57-acca1dd387bd@group-729F0664FEA8, cid=1615, SUCCESS, logIndex=2332, commits[ed5d81fa-aaf0-49db-aa57-acca1dd387bd:c2334]
2019-09-10 22:12:00,774 [grpc-default-executor-1] INFO  client.GrpcClientProtocolClient (GrpcClientProtocolClient.java:onNext(255)) - client-0C76110B8A2B->ed5d81fa-aaf0-49db-aa57-acca1dd387bd: receive RaftClientReply:client-0C76110B8A2B->ed5d81fa-aaf0-49db-aa57-acca1dd387bd@group-729F0664FEA8, cid=1616, SUCCESS, logIndex=2333, commits[ed5d81fa-aaf0-49db-aa57-acca1dd387bd:c2334]
2019-09-10 22:12:00,799 [grpc-default-executor-0] INFO  client.GrpcClientProtocolClient (GrpcClientProtocolClient.java:onNext(255)) - client-0C76110B8A2B->ed5d81fa-aaf0-49db-aa57-acca1dd387bd: receive RaftClientReply:client-0C76110B8A2B->ed5d81fa-aaf0-49db-aa57-acca1dd387bd@group-729F0664FEA8, cid=1617, SUCCESS, logIndex=2335, commits[ed5d81fa-aaf0-49db-aa57-acca1dd387bd:c2338]
2019-09-10 22:12:00,800 [grpc-default-executor-0] INFO  client.GrpcClientProtocolClient (GrpcClientProtocolClient.java:onNext(255)) - client-0C76110B8A2B->ed5d81fa-aaf0-49db-aa57-acca1dd387bd: receive RaftClientReply:client-0C76110B8A2B->ed5d81fa-aaf0-49db-aa57-acca1dd387bd@group-729F0664FEA8, cid=1618, SUCCESS, logIndex=2336, commits[ed5d81fa-aaf0-49db-aa57-acca1dd387bd:c2339]
2019-09-10 22:12:00,800 [grpc-default-executor-0] INFO  client.GrpcClientProtocolClient (GrpcClientProtocolClient.java:onNext(255)) - client-0C76110B8A2B->ed5d81fa-aaf0-49db-aa57-acca1dd387bd: receive RaftClientReply:client-0C76110B8A2B->ed5d81fa-aaf0-49db-aa57-acca1dd387bd@group-729F0664FEA8, cid=1619, SUCCESS, logIndex=2337, commits[ed5d81fa-aaf0-49db-aa57-acca1dd387bd:c2339]
2019-09-10 22:12:00,800 [grpc-default-executor-0] INFO  client.GrpcClientProtocolClient (GrpcClientProtocolClient.java:onNext(255)) - client-0C76110B8A2B->ed5d81fa-aaf0-49db-aa57-acca1dd387bd: receive RaftClientReply:client-0C76110B8A2B->ed5d81fa-aaf0-49db-aa57-acca1dd387bd@group-729F0664FEA8, cid=1620, SUCCESS, logIndex=2338, commits[ed5d81fa-aaf0-49db-aa57-acca1dd387bd:c2339]
2019-09-10 22:12:00,811 [grpc-default-executor-0] INFO  client.GrpcClientProtocolClient (GrpcClientProtocolClient.java:onNext(255)) - client-0C76110B8A2B->ed5d81fa-aaf0-49db-aa57-acca1dd387bd: receive RaftClientReply:client-0C76110B8A2B->ed5d81fa-aaf0-49db-aa57-acca1dd387bd@group-729F0664FEA8, cid=1621, SUCCESS, logIndex=2340, commits[ed5d81fa-aaf0-49db-aa57-acca1dd387bd:c2343]
2019-09-10 22:12:00,811 [grpc-default-executor-0] INFO  client.GrpcClientProtocolClient (GrpcClientProtocolClient.java:onNext(255)) - client-0C76110B8A2B->ed5d81fa-aaf0-49db-aa57-acca1dd387bd: receive RaftClientReply:client-0C76110B8A2B->ed5d81fa-aaf0-49db-aa57-acca1dd387bd@group-729F0664FEA8, cid=1622, SUCCESS, logIndex=2341, commits[ed5d81fa-aaf0-49db-aa57-acca1dd387bd:c2344]
2019-09-10 22:12:00,812 [grpc-default-executor-0] INFO  client.GrpcClientProtocolClient (GrpcClientProtocolClient.java:onNext(255)) - client-0C76110B8A2B->ed5d81fa-aaf0-49db-aa57-acca1dd387bd: receive RaftClientReply:client-0C76110B8A2B->ed5d81fa-aaf0-49db-aa57-acca1dd387bd@group-729F0664FEA8, cid=1623, SUCCESS, logIndex=2342, commits[ed5d81fa-aaf0-49db-aa57-acca1dd387bd:c2344]
2019-09-10 22:12:00,812 [grpc-default-executor-0] INFO  client.GrpcClientProtocolClient (GrpcClientProtocolClient.java:onNext(255)) - client-0C76110B8A2B->ed5d81fa-aaf0-49db-aa57-acca1dd387bd: receive RaftClientReply:client-0C76110B8A2B->ed5d81fa-aaf0-49db-aa57-acca1dd387bd@group-729F0664FEA8, cid=1624, SUCCESS, logIndex=2343, commits[ed5d81fa-aaf0-49db-aa57-acca1dd387bd:c2344]
2019-09-10 22:12:00,839 [grpc-default-executor-1] INFO  client.GrpcClientProtocolClient (GrpcClientProtocolClient.java:onNext(255)) - client-0C76110B8A2B->ed5d81fa-aaf0-49db-aa57-acca1dd387bd: receive RaftClientReply:client-0C76110B8A2B->ed5d81fa-aaf0-49db-aa57-acca1dd387bd@group-729F0664FEA8, cid=1625, SUCCESS, logIndex=2345, commits[ed5d81fa-aaf0-49db-aa57-acca1dd387bd:c2348]
2019-09-10 22:12:00,839 [SCMBlockDeletingService#1] DEBUG block.SCMBlockDeletingService (SCMBlockDeletingService.java:call(138)) - Running DeletedBlockTransactionScanner
2019-09-10 22:12:00,839 [SCMBlockDeletingService#1] DEBUG block.SCMBlockDeletingService (SCMBlockDeletingService.java:call(155)) - Scanned deleted blocks log and got 0 delTX to process.
2019-09-10 22:12:00,840 [grpc-default-executor-1] INFO  client.GrpcClientProtocolClient (GrpcClientProtocolClient.java:onNext(255)) - client-0C76110B8A2B->ed5d81fa-aaf0-49db-aa57-acca1dd387bd: receive RaftClientReply:client-0C76110B8A2B->ed5d81fa-aaf0-49db-aa57-acca1dd387bd@group-729F0664FEA8, cid=1626, SUCCESS, logIndex=2346, commits[ed5d81fa-aaf0-49db-aa57-acca1dd387bd:c2349]
2019-09-10 22:12:00,840 [grpc-default-executor-1] INFO  client.GrpcClientProtocolClient (GrpcClientProtocolClient.java:onNext(255)) - client-0C76110B8A2B->ed5d81fa-aaf0-49db-aa57-acca1dd387bd: receive RaftClientReply:client-0C76110B8A2B->ed5d81fa-aaf0-49db-aa57-acca1dd387bd@group-729F0664FEA8, cid=1627, SUCCESS, logIndex=2347, commits[ed5d81fa-aaf0-49db-aa57-acca1dd387bd:c2349]
2019-09-10 22:12:00,840 [grpc-default-executor-1] INFO  client.GrpcClientProtocolClient (GrpcClientProtocolClient.java:onNext(255)) - client-0C76110B8A2B->ed5d81fa-aaf0-49db-aa57-acca1dd387bd: receive RaftClientReply:client-0C76110B8A2B->ed5d81fa-aaf0-49db-aa57-acca1dd387bd@group-729F0664FEA8, cid=1628, SUCCESS, logIndex=2348, commits[ed5d81fa-aaf0-49db-aa57-acca1dd387bd:c2349]
2019-09-10 22:12:00,857 [grpc-default-executor-1] INFO  client.GrpcClientProtocolClient (GrpcClientProtocolClient.java:onNext(255)) - client-0C76110B8A2B->ed5d81fa-aaf0-49db-aa57-acca1dd387bd: receive RaftClientReply:client-0C76110B8A2B->ed5d81fa-aaf0-49db-aa57-acca1dd387bd@group-729F0664FEA8, cid=1629, SUCCESS, logIndex=2350, commits[ed5d81fa-aaf0-49db-aa57-acca1dd387bd:c2353]
2019-09-10 22:12:00,857 [grpc-default-executor-1] INFO  client.GrpcClientProtocolClient (GrpcClientProtocolClient.java:onNext(255)) - client-0C76110B8A2B->ed5d81fa-aaf0-49db-aa57-acca1dd387bd: receive RaftClientReply:client-0C76110B8A2B->ed5d81fa-aaf0-49db-aa57-acca1dd387bd@group-729F0664FEA8, cid=1630, SUCCESS, logIndex=2351, commits[ed5d81fa-aaf0-49db-aa57-acca1dd387bd:c2354]
2019-09-10 22:12:00,858 [grpc-default-executor-1] INFO  client.GrpcClientProtocolClient (GrpcClientProtocolClient.java:onNext(255)) - client-0C76110B8A2B->ed5d81fa-aaf0-49db-aa57-acca1dd387bd: receive RaftClientReply:client-0C76110B8A2B->ed5d81fa-aaf0-49db-aa57-acca1dd387bd@group-729F0664FEA8, cid=1631, SUCCESS, logIndex=2352, commits[ed5d81fa-aaf0-49db-aa57-acca1dd387bd:c2354]
2019-09-10 22:12:00,858 [grpc-default-executor-1] INFO  client.GrpcClientProtocolClient (GrpcClientProtocolClient.java:onNext(255)) - client-0C76110B8A2B->ed5d81fa-aaf0-49db-aa57-acca1dd387bd: receive RaftClientReply:client-0C76110B8A2B->ed5d81fa-aaf0-49db-aa57-acca1dd387bd@group-729F0664FEA8, cid=1632, SUCCESS, logIndex=2353, commits[ed5d81fa-aaf0-49db-aa57-acca1dd387bd:c2354]
2019-09-10 22:12:00,884 [grpc-default-executor-0] INFO  client.GrpcClientProtocolClient (GrpcClientProtocolClient.java:onNext(255)) - client-0C76110B8A2B->ed5d81fa-aaf0-49db-aa57-acca1dd387bd: receive RaftClientReply:client-0C76110B8A2B->ed5d81fa-aaf0-49db-aa57-acca1dd387bd@group-729F0664FEA8, cid=1633, SUCCESS, logIndex=2355, commits[ed5d81fa-aaf0-49db-aa57-acca1dd387bd:c2356]
2019-09-10 22:12:00,884 [grpc-default-executor-0] INFO  client.GrpcClientProtocolClient (GrpcClientProtocolClient.java:onNext(255)) - client-0C76110B8A2B->ed5d81fa-aaf0-49db-aa57-acca1dd387bd: receive RaftClientReply:client-0C76110B8A2B->ed5d81fa-aaf0-49db-aa57-acca1dd387bd@group-729F0664FEA8, cid=1634, SUCCESS, logIndex=2356, commits[ed5d81fa-aaf0-49db-aa57-acca1dd387bd:c2357]
2019-09-10 22:12:00,940 [SCMBlockDeletingService#1] DEBUG block.SCMBlockDeletingService (SCMBlockDeletingService.java:call(138)) - Running DeletedBlockTransactionScanner
2019-09-10 22:12:00,940 [SCMBlockDeletingService#1] DEBUG block.SCMBlockDeletingService (SCMBlockDeletingService.java:call(155)) - Scanned deleted blocks log and got 0 delTX to process.
2019-09-10 22:12:00,970 [grpc-default-executor-1] INFO  client.GrpcClientProtocolClient (GrpcClientProtocolClient.java:onNext(255)) - client-0C76110B8A2B->ed5d81fa-aaf0-49db-aa57-acca1dd387bd: receive RaftClientReply:client-0C76110B8A2B->ed5d81fa-aaf0-49db-aa57-acca1dd387bd@group-729F0664FEA8, cid=1635, SUCCESS, logIndex=2358, commits[ed5d81fa-aaf0-49db-aa57-acca1dd387bd:c2359]
2019-09-10 22:12:00,970 [grpc-default-executor-1] INFO  client.GrpcClientProtocolClient (GrpcClientProtocolClient.java:onNext(255)) - client-0C76110B8A2B->ed5d81fa-aaf0-49db-aa57-acca1dd387bd: receive RaftClientReply:client-0C76110B8A2B->ed5d81fa-aaf0-49db-aa57-acca1dd387bd@group-729F0664FEA8, cid=1636, SUCCESS, logIndex=2359, commits[ed5d81fa-aaf0-49db-aa57-acca1dd387bd:c2360]
2019-09-10 22:12:00,991 [grpc-default-executor-1] INFO  client.GrpcClientProtocolClient (GrpcClientProtocolClient.java:onNext(255)) - client-0C76110B8A2B->ed5d81fa-aaf0-49db-aa57-acca1dd387bd: receive RaftClientReply:client-0C76110B8A2B->ed5d81fa-aaf0-49db-aa57-acca1dd387bd@group-729F0664FEA8, cid=1637, SUCCESS, logIndex=2361, commits[ed5d81fa-aaf0-49db-aa57-acca1dd387bd:c2364]
2019-09-10 22:12:00,991 [grpc-default-executor-1] INFO  client.GrpcClientProtocolClient (GrpcClientProtocolClient.java:onNext(255)) - client-0C76110B8A2B->ed5d81fa-aaf0-49db-aa57-acca1dd387bd: receive RaftClientReply:client-0C76110B8A2B->ed5d81fa-aaf0-49db-aa57-acca1dd387bd@group-729F0664FEA8, cid=1638, SUCCESS, logIndex=2362, commits[ed5d81fa-aaf0-49db-aa57-acca1dd387bd:c2365]
2019-09-10 22:12:00,991 [grpc-default-executor-1] INFO  client.GrpcClientProtocolClient (GrpcClientProtocolClient.java:onNext(255)) - client-0C76110B8A2B->ed5d81fa-aaf0-49db-aa57-acca1dd387bd: receive RaftClientReply:client-0C76110B8A2B->ed5d81fa-aaf0-49db-aa57-acca1dd387bd@group-729F0664FEA8, cid=1639, SUCCESS, logIndex=2363, commits[ed5d81fa-aaf0-49db-aa57-acca1dd387bd:c2365]
2019-09-10 22:12:00,992 [grpc-default-executor-1] INFO  client.GrpcClientProtocolClient (GrpcClientProtocolClient.java:onNext(255)) - client-0C76110B8A2B->ed5d81fa-aaf0-49db-aa57-acca1dd387bd: receive RaftClientReply:client-0C76110B8A2B->ed5d81fa-aaf0-49db-aa57-acca1dd387bd@group-729F0664FEA8, cid=1640, SUCCESS, logIndex=2364, commits[ed5d81fa-aaf0-49db-aa57-acca1dd387bd:c2365]
2019-09-10 22:12:01,017 [grpc-default-executor-1] INFO  client.GrpcClientProtocolClient (GrpcClientProtocolClient.java:onNext(255)) - client-0C76110B8A2B->ed5d81fa-aaf0-49db-aa57-acca1dd387bd: receive RaftClientReply:client-0C76110B8A2B->ed5d81fa-aaf0-49db-aa57-acca1dd387bd@group-729F0664FEA8, cid=1641, SUCCESS, logIndex=2366, commits[ed5d81fa-aaf0-49db-aa57-acca1dd387bd:c2367]
2019-09-10 22:12:01,018 [grpc-default-executor-1] INFO  client.GrpcClientProtocolClient (GrpcClientProtocolClient.java:onNext(255)) - client-0C76110B8A2B->ed5d81fa-aaf0-49db-aa57-acca1dd387bd: receive RaftClientReply:client-0C76110B8A2B->ed5d81fa-aaf0-49db-aa57-acca1dd387bd@group-729F0664FEA8, cid=1642, SUCCESS, logIndex=2367, commits[ed5d81fa-aaf0-49db-aa57-acca1dd387bd:c2369]
2019-09-10 22:12:01,018 [grpc-default-executor-1] INFO  client.GrpcClientProtocolClient (GrpcClientProtocolClient.java:onNext(255)) - client-0C76110B8A2B->ed5d81fa-aaf0-49db-aa57-acca1dd387bd: receive RaftClientReply:client-0C76110B8A2B->ed5d81fa-aaf0-49db-aa57-acca1dd387bd@group-729F0664FEA8, cid=1643, SUCCESS, logIndex=2368, commits[ed5d81fa-aaf0-49db-aa57-acca1dd387bd:c2370]
2019-09-10 22:12:01,018 [grpc-default-executor-1] INFO  client.GrpcClientProtocolClient (GrpcClientProtocolClient.java:onNext(255)) - client-0C76110B8A2B->ed5d81fa-aaf0-49db-aa57-acca1dd387bd: receive RaftClientReply:client-0C76110B8A2B->ed5d81fa-aaf0-49db-aa57-acca1dd387bd@group-729F0664FEA8, cid=1644, SUCCESS, logIndex=2369, commits[ed5d81fa-aaf0-49db-aa57-acca1dd387bd:c2370]
2019-09-10 22:12:01,039 [grpc-default-executor-1] INFO  client.GrpcClientProtocolClient (GrpcClientProtocolClient.java:onNext(255)) - client-0C76110B8A2B->ed5d81fa-aaf0-49db-aa57-acca1dd387bd: receive RaftClientReply:client-0C76110B8A2B->ed5d81fa-aaf0-49db-aa57-acca1dd387bd@group-729F0664FEA8, cid=1645, SUCCESS, logIndex=2372, commits[ed5d81fa-aaf0-49db-aa57-acca1dd387bd:c2373]
2019-09-10 22:12:01,039 [grpc-default-executor-1] INFO  client.GrpcClientProtocolClient (GrpcClientProtocolClient.java:onNext(255)) - client-0C76110B8A2B->ed5d81fa-aaf0-49db-aa57-acca1dd387bd: receive RaftClientReply:client-0C76110B8A2B->ed5d81fa-aaf0-49db-aa57-acca1dd387bd@group-729F0664FEA8, cid=1646, SUCCESS, logIndex=2373, commits[ed5d81fa-aaf0-49db-aa57-acca1dd387bd:c2375]
2019-09-10 22:12:01,040 [grpc-default-executor-1] INFO  client.GrpcClientProtocolClient (GrpcClientProtocolClient.java:onNext(255)) - client-0C76110B8A2B->ed5d81fa-aaf0-49db-aa57-acca1dd387bd: receive RaftClientReply:client-0C76110B8A2B->ed5d81fa-aaf0-49db-aa57-acca1dd387bd@group-729F0664FEA8, cid=1647, SUCCESS, logIndex=2374, commits[ed5d81fa-aaf0-49db-aa57-acca1dd387bd:c2375]
2019-09-10 22:12:01,040 [grpc-default-executor-1] INFO  client.GrpcClientProtocolClient (GrpcClientProtocolClient.java:onNext(255)) - client-0C76110B8A2B->ed5d81fa-aaf0-49db-aa57-acca1dd387bd: receive RaftClientReply:client-0C76110B8A2B->ed5d81fa-aaf0-49db-aa57-acca1dd387bd@group-729F0664FEA8, cid=1648, SUCCESS, logIndex=2375, commits[ed5d81fa-aaf0-49db-aa57-acca1dd387bd:c2376]
2019-09-10 22:12:01,040 [SCMBlockDeletingService#1] DEBUG block.SCMBlockDeletingService (SCMBlockDeletingService.java:call(138)) - Running DeletedBlockTransactionScanner
2019-09-10 22:12:01,041 [SCMBlockDeletingService#1] DEBUG block.SCMBlockDeletingService (SCMBlockDeletingService.java:call(155)) - Scanned deleted blocks log and got 0 delTX to process.
2019-09-10 22:12:01,069 [grpc-default-executor-0] INFO  client.GrpcClientProtocolClient (GrpcClientProtocolClient.java:onNext(255)) - client-0C76110B8A2B->ed5d81fa-aaf0-49db-aa57-acca1dd387bd: receive RaftClientReply:client-0C76110B8A2B->ed5d81fa-aaf0-49db-aa57-acca1dd387bd@group-729F0664FEA8, cid=1649, SUCCESS, logIndex=2378, commits[ed5d81fa-aaf0-49db-aa57-acca1dd387bd:c2381]
2019-09-10 22:12:01,069 [grpc-default-executor-0] INFO  client.GrpcClientProtocolClient (GrpcClientProtocolClient.java:onNext(255)) - client-0C76110B8A2B->ed5d81fa-aaf0-49db-aa57-acca1dd387bd: receive RaftClientReply:client-0C76110B8A2B->ed5d81fa-aaf0-49db-aa57-acca1dd387bd@group-729F0664FEA8, cid=1650, SUCCESS, logIndex=2379, commits[ed5d81fa-aaf0-49db-aa57-acca1dd387bd:c2382]
2019-09-10 22:12:01,070 [grpc-default-executor-0] INFO  client.GrpcClientProtocolClient (GrpcClientProtocolClient.java:onNext(255)) - client-0C76110B8A2B->ed5d81fa-aaf0-49db-aa57-acca1dd387bd: receive RaftClientReply:client-0C76110B8A2B->ed5d81fa-aaf0-49db-aa57-acca1dd387bd@group-729F0664FEA8, cid=1651, SUCCESS, logIndex=2380, commits[ed5d81fa-aaf0-49db-aa57-acca1dd387bd:c2382]
2019-09-10 22:12:01,070 [grpc-default-executor-0] INFO  client.GrpcClientProtocolClient (GrpcClientProtocolClient.java:onNext(255)) - client-0C76110B8A2B->ed5d81fa-aaf0-49db-aa57-acca1dd387bd: receive RaftClientReply:client-0C76110B8A2B->ed5d81fa-aaf0-49db-aa57-acca1dd387bd@group-729F0664FEA8, cid=1652, SUCCESS, logIndex=2381, commits[ed5d81fa-aaf0-49db-aa57-acca1dd387bd:c2382]
2019-09-10 22:12:01,087 [grpc-default-executor-0] INFO  client.GrpcClientProtocolClient (GrpcClientProtocolClient.java:onNext(255)) - client-0C76110B8A2B->ed5d81fa-aaf0-49db-aa57-acca1dd387bd: receive RaftClientReply:client-0C76110B8A2B->ed5d81fa-aaf0-49db-aa57-acca1dd387bd@group-729F0664FEA8, cid=1653, SUCCESS, logIndex=2383, commits[ed5d81fa-aaf0-49db-aa57-acca1dd387bd:c2384]
2019-09-10 22:12:01,087 [grpc-default-executor-0] INFO  client.GrpcClientProtocolClient (GrpcClientProtocolClient.java:onNext(255)) - client-0C76110B8A2B->ed5d81fa-aaf0-49db-aa57-acca1dd387bd: receive RaftClientReply:client-0C76110B8A2B->ed5d81fa-aaf0-49db-aa57-acca1dd387bd@group-729F0664FEA8, cid=1654, SUCCESS, logIndex=2384, commits[ed5d81fa-aaf0-49db-aa57-acca1dd387bd:c2384]
2019-09-10 22:12:01,088 [grpc-default-executor-0] INFO  client.GrpcClientProtocolClient (GrpcClientProtocolClient.java:onNext(255)) - client-0C76110B8A2B->ed5d81fa-aaf0-49db-aa57-acca1dd387bd: receive RaftClientReply:client-0C76110B8A2B->ed5d81fa-aaf0-49db-aa57-acca1dd387bd@group-729F0664FEA8, cid=1655, SUCCESS, logIndex=2385, commits[ed5d81fa-aaf0-49db-aa57-acca1dd387bd:c2386]
2019-09-10 22:12:01,088 [grpc-default-executor-0] INFO  client.GrpcClientProtocolClient (GrpcClientProtocolClient.java:onNext(255)) - client-0C76110B8A2B->ed5d81fa-aaf0-49db-aa57-acca1dd387bd: receive RaftClientReply:client-0C76110B8A2B->ed5d81fa-aaf0-49db-aa57-acca1dd387bd@group-729F0664FEA8, cid=1656, SUCCESS, logIndex=2386, commits[ed5d81fa-aaf0-49db-aa57-acca1dd387bd:c2387]
2019-09-10 22:12:01,114 [grpc-default-executor-1] INFO  client.GrpcClientProtocolClient (GrpcClientProtocolClient.java:onNext(255)) - client-0C76110B8A2B->ed5d81fa-aaf0-49db-aa57-acca1dd387bd: receive RaftClientReply:client-0C76110B8A2B->ed5d81fa-aaf0-49db-aa57-acca1dd387bd@group-729F0664FEA8, cid=1657, SUCCESS, logIndex=2389, commits[ed5d81fa-aaf0-49db-aa57-acca1dd387bd:c2390]
2019-09-10 22:12:01,115 [grpc-default-executor-1] INFO  client.GrpcClientProtocolClient (GrpcClientProtocolClient.java:onNext(255)) - client-0C76110B8A2B->ed5d81fa-aaf0-49db-aa57-acca1dd387bd: receive RaftClientReply:client-0C76110B8A2B->ed5d81fa-aaf0-49db-aa57-acca1dd387bd@group-729F0664FEA8, cid=1658, SUCCESS, logIndex=2390, commits[ed5d81fa-aaf0-49db-aa57-acca1dd387bd:c2392]
2019-09-10 22:12:01,115 [grpc-default-executor-1] INFO  client.GrpcClientProtocolClient (GrpcClientProtocolClient.java:onNext(255)) - client-0C76110B8A2B->ed5d81fa-aaf0-49db-aa57-acca1dd387bd: receive RaftClientReply:client-0C76110B8A2B->ed5d81fa-aaf0-49db-aa57-acca1dd387bd@group-729F0664FEA8, cid=1659, SUCCESS, logIndex=2391, commits[ed5d81fa-aaf0-49db-aa57-acca1dd387bd:c2392]
2019-09-10 22:12:01,116 [grpc-default-executor-1] INFO  client.GrpcClientProtocolClient (GrpcClientProtocolClient.java:onNext(255)) - client-0C76110B8A2B->ed5d81fa-aaf0-49db-aa57-acca1dd387bd: receive RaftClientReply:client-0C76110B8A2B->ed5d81fa-aaf0-49db-aa57-acca1dd387bd@group-729F0664FEA8, cid=1660, SUCCESS, logIndex=2392, commits[ed5d81fa-aaf0-49db-aa57-acca1dd387bd:c2393]
2019-09-10 22:12:01,135 [grpc-default-executor-1] INFO  client.GrpcClientProtocolClient (GrpcClientProtocolClient.java:onNext(255)) - client-0C76110B8A2B->ed5d81fa-aaf0-49db-aa57-acca1dd387bd: receive RaftClientReply:client-0C76110B8A2B->ed5d81fa-aaf0-49db-aa57-acca1dd387bd@group-729F0664FEA8, cid=1661, SUCCESS, logIndex=2395, commits[ed5d81fa-aaf0-49db-aa57-acca1dd387bd:c2398]
2019-09-10 22:12:01,135 [grpc-default-executor-1] INFO  client.GrpcClientProtocolClient (GrpcClientProtocolClient.java:onNext(255)) - client-0C76110B8A2B->ed5d81fa-aaf0-49db-aa57-acca1dd387bd: receive RaftClientReply:client-0C76110B8A2B->ed5d81fa-aaf0-49db-aa57-acca1dd387bd@group-729F0664FEA8, cid=1662, SUCCESS, logIndex=2396, commits[ed5d81fa-aaf0-49db-aa57-acca1dd387bd:c2399]
2019-09-10 22:12:01,135 [grpc-default-executor-1] INFO  client.GrpcClientProtocolClient (GrpcClientProtocolClient.java:onNext(255)) - client-0C76110B8A2B->ed5d81fa-aaf0-49db-aa57-acca1dd387bd: receive RaftClientReply:client-0C76110B8A2B->ed5d81fa-aaf0-49db-aa57-acca1dd387bd@group-729F0664FEA8, cid=1663, SUCCESS, logIndex=2397, commits[ed5d81fa-aaf0-49db-aa57-acca1dd387bd:c2399]
2019-09-10 22:12:01,136 [grpc-default-executor-1] INFO  client.GrpcClientProtocolClient (GrpcClientProtocolClient.java:onNext(255)) - client-0C76110B8A2B->ed5d81fa-aaf0-49db-aa57-acca1dd387bd: receive RaftClientReply:client-0C76110B8A2B->ed5d81fa-aaf0-49db-aa57-acca1dd387bd@group-729F0664FEA8, cid=1664, SUCCESS, logIndex=2398, commits[ed5d81fa-aaf0-49db-aa57-acca1dd387bd:c2399]
2019-09-10 22:12:01,141 [SCMBlockDeletingService#0] DEBUG block.SCMBlockDeletingService (SCMBlockDeletingService.java:call(138)) - Running DeletedBlockTransactionScanner
2019-09-10 22:12:01,141 [SCMBlockDeletingService#0] DEBUG block.SCMBlockDeletingService (SCMBlockDeletingService.java:call(155)) - Scanned deleted blocks log and got 0 delTX to process.
2019-09-10 22:12:01,162 [grpc-default-executor-0] INFO  client.GrpcClientProtocolClient (GrpcClientProtocolClient.java:onNext(255)) - client-0C76110B8A2B->ed5d81fa-aaf0-49db-aa57-acca1dd387bd: receive RaftClientReply:client-0C76110B8A2B->ed5d81fa-aaf0-49db-aa57-acca1dd387bd@group-729F0664FEA8, cid=1665, SUCCESS, logIndex=2400, commits[ed5d81fa-aaf0-49db-aa57-acca1dd387bd:c2401]
2019-09-10 22:12:01,163 [grpc-default-executor-0] INFO  client.GrpcClientProtocolClient (GrpcClientProtocolClient.java:onNext(255)) - client-0C76110B8A2B->ed5d81fa-aaf0-49db-aa57-acca1dd387bd: receive RaftClientReply:client-0C76110B8A2B->ed5d81fa-aaf0-49db-aa57-acca1dd387bd@group-729F0664FEA8, cid=1666, SUCCESS, logIndex=2401, commits[ed5d81fa-aaf0-49db-aa57-acca1dd387bd:c2401]
2019-09-10 22:12:01,163 [grpc-default-executor-0] INFO  client.GrpcClientProtocolClient (GrpcClientProtocolClient.java:onNext(255)) - client-0C76110B8A2B->ed5d81fa-aaf0-49db-aa57-acca1dd387bd: receive RaftClientReply:client-0C76110B8A2B->ed5d81fa-aaf0-49db-aa57-acca1dd387bd@group-729F0664FEA8, cid=1667, SUCCESS, logIndex=2402, commits[ed5d81fa-aaf0-49db-aa57-acca1dd387bd:c2403]
2019-09-10 22:12:01,163 [grpc-default-executor-0] INFO  client.GrpcClientProtocolClient (GrpcClientProtocolClient.java:onNext(255)) - client-0C76110B8A2B->ed5d81fa-aaf0-49db-aa57-acca1dd387bd: receive RaftClientReply:client-0C76110B8A2B->ed5d81fa-aaf0-49db-aa57-acca1dd387bd@group-729F0664FEA8, cid=1668, SUCCESS, logIndex=2403, commits[ed5d81fa-aaf0-49db-aa57-acca1dd387bd:c2404]
2019-09-10 22:12:01,181 [grpc-default-executor-1] INFO  client.GrpcClientProtocolClient (GrpcClientProtocolClient.java:onNext(255)) - client-0C76110B8A2B->ed5d81fa-aaf0-49db-aa57-acca1dd387bd: receive RaftClientReply:client-0C76110B8A2B->ed5d81fa-aaf0-49db-aa57-acca1dd387bd@group-729F0664FEA8, cid=1669, SUCCESS, logIndex=2406, commits[ed5d81fa-aaf0-49db-aa57-acca1dd387bd:c2407]
2019-09-10 22:12:01,182 [grpc-default-executor-1] INFO  client.GrpcClientProtocolClient (GrpcClientProtocolClient.java:onNext(255)) - client-0C76110B8A2B->ed5d81fa-aaf0-49db-aa57-acca1dd387bd: receive RaftClientReply:client-0C76110B8A2B->ed5d81fa-aaf0-49db-aa57-acca1dd387bd@group-729F0664FEA8, cid=1670, SUCCESS, logIndex=2407, commits[ed5d81fa-aaf0-49db-aa57-acca1dd387bd:c2409]
2019-09-10 22:12:01,182 [grpc-default-executor-1] INFO  client.GrpcClientProtocolClient (GrpcClientProtocolClient.java:onNext(255)) - client-0C76110B8A2B->ed5d81fa-aaf0-49db-aa57-acca1dd387bd: receive RaftClientReply:client-0C76110B8A2B->ed5d81fa-aaf0-49db-aa57-acca1dd387bd@group-729F0664FEA8, cid=1671, SUCCESS, logIndex=2408, commits[ed5d81fa-aaf0-49db-aa57-acca1dd387bd:c2410]
2019-09-10 22:12:01,182 [grpc-default-executor-1] INFO  client.GrpcClientProtocolClient (GrpcClientProtocolClient.java:onNext(255)) - client-0C76110B8A2B->ed5d81fa-aaf0-49db-aa57-acca1dd387bd: receive RaftClientReply:client-0C76110B8A2B->ed5d81fa-aaf0-49db-aa57-acca1dd387bd@group-729F0664FEA8, cid=1672, SUCCESS, logIndex=2409, commits[ed5d81fa-aaf0-49db-aa57-acca1dd387bd:c2410]
2019-09-10 22:12:01,203 [grpc-default-executor-1] INFO  client.GrpcClientProtocolClient (GrpcClientProtocolClient.java:onNext(255)) - client-0C76110B8A2B->ed5d81fa-aaf0-49db-aa57-acca1dd387bd: receive RaftClientReply:client-0C76110B8A2B->ed5d81fa-aaf0-49db-aa57-acca1dd387bd@group-729F0664FEA8, cid=1673, SUCCESS, logIndex=2412, commits[ed5d81fa-aaf0-49db-aa57-acca1dd387bd:c2413]
2019-09-10 22:12:01,204 [grpc-default-executor-1] INFO  client.GrpcClientProtocolClient (GrpcClientProtocolClient.java:onNext(255)) - client-0C76110B8A2B->ed5d81fa-aaf0-49db-aa57-acca1dd387bd: receive RaftClientReply:client-0C76110B8A2B->ed5d81fa-aaf0-49db-aa57-acca1dd387bd@group-729F0664FEA8, cid=1674, SUCCESS, logIndex=2413, commits[ed5d81fa-aaf0-49db-aa57-acca1dd387bd:c2415]
2019-09-10 22:12:01,204 [grpc-default-executor-1] INFO  client.GrpcClientProtocolClient (GrpcClientProtocolClient.java:onNext(255)) - client-0C76110B8A2B->ed5d81fa-aaf0-49db-aa57-acca1dd387bd: receive RaftClientReply:client-0C76110B8A2B->ed5d81fa-aaf0-49db-aa57-acca1dd387bd@group-729F0664FEA8, cid=1675, SUCCESS, logIndex=2414, commits[ed5d81fa-aaf0-49db-aa57-acca1dd387bd:c2416]
2019-09-10 22:12:01,205 [grpc-default-executor-1] INFO  client.GrpcClientProtocolClient (GrpcClientProtocolClient.java:onNext(255)) - client-0C76110B8A2B->ed5d81fa-aaf0-49db-aa57-acca1dd387bd: receive RaftClientReply:client-0C76110B8A2B->ed5d81fa-aaf0-49db-aa57-acca1dd387bd@group-729F0664FEA8, cid=1676, SUCCESS, logIndex=2415, commits[ed5d81fa-aaf0-49db-aa57-acca1dd387bd:c2417]
2019-09-10 22:12:01,222 [grpc-default-executor-0] INFO  client.GrpcClientProtocolClient (GrpcClientProtocolClient.java:onNext(255)) - client-0C76110B8A2B->ed5d81fa-aaf0-49db-aa57-acca1dd387bd: receive RaftClientReply:client-0C76110B8A2B->ed5d81fa-aaf0-49db-aa57-acca1dd387bd@group-729F0664FEA8, cid=1677, SUCCESS, logIndex=2418, commits[ed5d81fa-aaf0-49db-aa57-acca1dd387bd:c2419]
2019-09-10 22:12:01,222 [grpc-default-executor-0] INFO  client.GrpcClientProtocolClient (GrpcClientProtocolClient.java:onNext(255)) - client-0C76110B8A2B->ed5d81fa-aaf0-49db-aa57-acca1dd387bd: receive RaftClientReply:client-0C76110B8A2B->ed5d81fa-aaf0-49db-aa57-acca1dd387bd@group-729F0664FEA8, cid=1678, SUCCESS, logIndex=2419, commits[ed5d81fa-aaf0-49db-aa57-acca1dd387bd:c2420]
2019-09-10 22:12:01,241 [SCMBlockDeletingService#0] DEBUG block.SCMBlockDeletingService (SCMBlockDeletingService.java:call(138)) - Running DeletedBlockTransactionScanner
2019-09-10 22:12:01,242 [SCMBlockDeletingService#0] DEBUG block.SCMBlockDeletingService (SCMBlockDeletingService.java:call(155)) - Scanned deleted blocks log and got 0 delTX to process.
2019-09-10 22:12:01,363 [SCMBlockDeletingService#0] DEBUG block.SCMBlockDeletingService (SCMBlockDeletingService.java:call(138)) - Running DeletedBlockTransactionScanner
2019-09-10 22:12:01,364 [SCMBlockDeletingService#0] DEBUG block.SCMBlockDeletingService (SCMBlockDeletingService.java:call(155)) - Scanned deleted blocks log and got 0 delTX to process.
2019-09-10 22:12:01,388 [grpc-default-executor-1] INFO  client.GrpcClientProtocolClient (GrpcClientProtocolClient.java:onNext(255)) - client-0C76110B8A2B->ed5d81fa-aaf0-49db-aa57-acca1dd387bd: receive RaftClientReply:client-0C76110B8A2B->ed5d81fa-aaf0-49db-aa57-acca1dd387bd@group-729F0664FEA8, cid=1679, SUCCESS, logIndex=2421, commits[ed5d81fa-aaf0-49db-aa57-acca1dd387bd:c2422]
2019-09-10 22:12:01,389 [grpc-default-executor-1] INFO  client.GrpcClientProtocolClient (GrpcClientProtocolClient.java:onNext(255)) - client-0C76110B8A2B->ed5d81fa-aaf0-49db-aa57-acca1dd387bd: receive RaftClientReply:client-0C76110B8A2B->ed5d81fa-aaf0-49db-aa57-acca1dd387bd@group-729F0664FEA8, cid=1680, SUCCESS, logIndex=2422, commits[ed5d81fa-aaf0-49db-aa57-acca1dd387bd:c2423]
2019-09-10 22:12:01,414 [grpc-default-executor-0] INFO  client.GrpcClientProtocolClient (GrpcClientProtocolClient.java:onNext(255)) - client-0C76110B8A2B->ed5d81fa-aaf0-49db-aa57-acca1dd387bd: receive RaftClientReply:client-0C76110B8A2B->ed5d81fa-aaf0-49db-aa57-acca1dd387bd@group-729F0664FEA8, cid=1681, SUCCESS, logIndex=2424, commits[ed5d81fa-aaf0-49db-aa57-acca1dd387bd:c2425]
2019-09-10 22:12:01,415 [grpc-default-executor-0] INFO  client.GrpcClientProtocolClient (GrpcClientProtocolClient.java:onNext(255)) - client-0C76110B8A2B->ed5d81fa-aaf0-49db-aa57-acca1dd387bd: receive RaftClientReply:client-0C76110B8A2B->ed5d81fa-aaf0-49db-aa57-acca1dd387bd@group-729F0664FEA8, cid=1682, SUCCESS, logIndex=2425, commits[ed5d81fa-aaf0-49db-aa57-acca1dd387bd:c2427]
2019-09-10 22:12:01,415 [grpc-default-executor-0] INFO  client.GrpcClientProtocolClient (GrpcClientProtocolClient.java:onNext(255)) - client-0C76110B8A2B->ed5d81fa-aaf0-49db-aa57-acca1dd387bd: receive RaftClientReply:client-0C76110B8A2B->ed5d81fa-aaf0-49db-aa57-acca1dd387bd@group-729F0664FEA8, cid=1683, SUCCESS, logIndex=2426, commits[ed5d81fa-aaf0-49db-aa57-acca1dd387bd:c2428]
2019-09-10 22:12:01,416 [grpc-default-executor-0] INFO  client.GrpcClientProtocolClient (GrpcClientProtocolClient.java:onNext(255)) - client-0C76110B8A2B->ed5d81fa-aaf0-49db-aa57-acca1dd387bd: receive RaftClientReply:client-0C76110B8A2B->ed5d81fa-aaf0-49db-aa57-acca1dd387bd@group-729F0664FEA8, cid=1684, SUCCESS, logIndex=2427, commits[ed5d81fa-aaf0-49db-aa57-acca1dd387bd:c2429]
2019-09-10 22:12:01,435 [grpc-default-executor-0] INFO  client.GrpcClientProtocolClient (GrpcClientProtocolClient.java:onNext(255)) - client-0C76110B8A2B->ed5d81fa-aaf0-49db-aa57-acca1dd387bd: receive RaftClientReply:client-0C76110B8A2B->ed5d81fa-aaf0-49db-aa57-acca1dd387bd@group-729F0664FEA8, cid=1685, SUCCESS, logIndex=2430, commits[ed5d81fa-aaf0-49db-aa57-acca1dd387bd:c2431]
2019-09-10 22:12:01,435 [grpc-default-executor-0] INFO  client.GrpcClientProtocolClient (GrpcClientProtocolClient.java:onNext(255)) - client-0C76110B8A2B->ed5d81fa-aaf0-49db-aa57-acca1dd387bd: receive RaftClientReply:client-0C76110B8A2B->ed5d81fa-aaf0-49db-aa57-acca1dd387bd@group-729F0664FEA8, cid=1686, SUCCESS, logIndex=2431, commits[ed5d81fa-aaf0-49db-aa57-acca1dd387bd:c2433]
2019-09-10 22:12:01,435 [grpc-default-executor-0] INFO  client.GrpcClientProtocolClient (GrpcClientProtocolClient.java:onNext(255)) - client-0C76110B8A2B->ed5d81fa-aaf0-49db-aa57-acca1dd387bd: receive RaftClientReply:client-0C76110B8A2B->ed5d81fa-aaf0-49db-aa57-acca1dd387bd@group-729F0664FEA8, cid=1687, SUCCESS, logIndex=2432, commits[ed5d81fa-aaf0-49db-aa57-acca1dd387bd:c2434]
2019-09-10 22:12:01,436 [grpc-default-executor-0] INFO  client.GrpcClientProtocolClient (GrpcClientProtocolClient.java:onNext(255)) - client-0C76110B8A2B->ed5d81fa-aaf0-49db-aa57-acca1dd387bd: receive RaftClientReply:client-0C76110B8A2B->ed5d81fa-aaf0-49db-aa57-acca1dd387bd@group-729F0664FEA8, cid=1688, SUCCESS, logIndex=2433, commits[ed5d81fa-aaf0-49db-aa57-acca1dd387bd:c2434]
2019-09-10 22:12:01,460 [grpc-default-executor-0] INFO  client.GrpcClientProtocolClient (GrpcClientProtocolClient.java:onNext(255)) - client-0C76110B8A2B->ed5d81fa-aaf0-49db-aa57-acca1dd387bd: receive RaftClientReply:client-0C76110B8A2B->ed5d81fa-aaf0-49db-aa57-acca1dd387bd@group-729F0664FEA8, cid=1689, SUCCESS, logIndex=2436, commits[ed5d81fa-aaf0-49db-aa57-acca1dd387bd:c2437]
2019-09-10 22:12:01,461 [grpc-default-executor-0] INFO  client.GrpcClientProtocolClient (GrpcClientProtocolClient.java:onNext(255)) - client-0C76110B8A2B->ed5d81fa-aaf0-49db-aa57-acca1dd387bd: receive RaftClientReply:client-0C76110B8A2B->ed5d81fa-aaf0-49db-aa57-acca1dd387bd@group-729F0664FEA8, cid=1690, SUCCESS, logIndex=2437, commits[ed5d81fa-aaf0-49db-aa57-acca1dd387bd:c2439]
2019-09-10 22:12:01,461 [grpc-default-executor-0] INFO  client.GrpcClientProtocolClient (GrpcClientProtocolClient.java:onNext(255)) - client-0C76110B8A2B->ed5d81fa-aaf0-49db-aa57-acca1dd387bd: receive RaftClientReply:client-0C76110B8A2B->ed5d81fa-aaf0-49db-aa57-acca1dd387bd@group-729F0664FEA8, cid=1691, SUCCESS, logIndex=2438, commits[ed5d81fa-aaf0-49db-aa57-acca1dd387bd:c2440]
2019-09-10 22:12:01,461 [grpc-default-executor-0] INFO  client.GrpcClientProtocolClient (GrpcClientProtocolClient.java:onNext(255)) - client-0C76110B8A2B->ed5d81fa-aaf0-49db-aa57-acca1dd387bd: receive RaftClientReply:client-0C76110B8A2B->ed5d81fa-aaf0-49db-aa57-acca1dd387bd@group-729F0664FEA8, cid=1692, SUCCESS, logIndex=2439, commits[ed5d81fa-aaf0-49db-aa57-acca1dd387bd:c2440]
2019-09-10 22:12:01,464 [SCMBlockDeletingService#0] DEBUG block.SCMBlockDeletingService (SCMBlockDeletingService.java:call(138)) - Running DeletedBlockTransactionScanner
2019-09-10 22:12:01,464 [SCMBlockDeletingService#0] DEBUG block.SCMBlockDeletingService (SCMBlockDeletingService.java:call(155)) - Scanned deleted blocks log and got 0 delTX to process.
2019-09-10 22:12:01,478 [grpc-default-executor-0] INFO  client.GrpcClientProtocolClient (GrpcClientProtocolClient.java:onNext(255)) - client-0C76110B8A2B->ed5d81fa-aaf0-49db-aa57-acca1dd387bd: receive RaftClientReply:client-0C76110B8A2B->ed5d81fa-aaf0-49db-aa57-acca1dd387bd@group-729F0664FEA8, cid=1693, SUCCESS, logIndex=2442, commits[ed5d81fa-aaf0-49db-aa57-acca1dd387bd:c2443]
2019-09-10 22:12:01,478 [grpc-default-executor-0] INFO  client.GrpcClientProtocolClient (GrpcClientProtocolClient.java:onNext(255)) - client-0C76110B8A2B->ed5d81fa-aaf0-49db-aa57-acca1dd387bd: receive RaftClientReply:client-0C76110B8A2B->ed5d81fa-aaf0-49db-aa57-acca1dd387bd@group-729F0664FEA8, cid=1694, SUCCESS, logIndex=2443, commits[ed5d81fa-aaf0-49db-aa57-acca1dd387bd:c2445]
2019-09-10 22:12:01,479 [grpc-default-executor-0] INFO  client.GrpcClientProtocolClient (GrpcClientProtocolClient.java:onNext(255)) - client-0C76110B8A2B->ed5d81fa-aaf0-49db-aa57-acca1dd387bd: receive RaftClientReply:client-0C76110B8A2B->ed5d81fa-aaf0-49db-aa57-acca1dd387bd@group-729F0664FEA8, cid=1695, SUCCESS, logIndex=2444, commits[ed5d81fa-aaf0-49db-aa57-acca1dd387bd:c2445]
2019-09-10 22:12:01,479 [grpc-default-executor-0] INFO  client.GrpcClientProtocolClient (GrpcClientProtocolClient.java:onNext(255)) - client-0C76110B8A2B->ed5d81fa-aaf0-49db-aa57-acca1dd387bd: receive RaftClientReply:client-0C76110B8A2B->ed5d81fa-aaf0-49db-aa57-acca1dd387bd@group-729F0664FEA8, cid=1696, SUCCESS, logIndex=2445, commits[ed5d81fa-aaf0-49db-aa57-acca1dd387bd:c2445]
2019-09-10 22:12:01,502 [grpc-default-executor-0] INFO  client.GrpcClientProtocolClient (GrpcClientProtocolClient.java:onNext(255)) - client-0C76110B8A2B->ed5d81fa-aaf0-49db-aa57-acca1dd387bd: receive RaftClientReply:client-0C76110B8A2B->ed5d81fa-aaf0-49db-aa57-acca1dd387bd@group-729F0664FEA8, cid=1697, SUCCESS, logIndex=2448, commits[ed5d81fa-aaf0-49db-aa57-acca1dd387bd:c2451]
2019-09-10 22:12:01,502 [grpc-default-executor-0] INFO  client.GrpcClientProtocolClient (GrpcClientProtocolClient.java:onNext(255)) - client-0C76110B8A2B->ed5d81fa-aaf0-49db-aa57-acca1dd387bd: receive RaftClientReply:client-0C76110B8A2B->ed5d81fa-aaf0-49db-aa57-acca1dd387bd@group-729F0664FEA8, cid=1698, SUCCESS, logIndex=2449, commits[ed5d81fa-aaf0-49db-aa57-acca1dd387bd:c2451]
2019-09-10 22:12:01,503 [grpc-default-executor-0] INFO  client.GrpcClientProtocolClient (GrpcClientProtocolClient.java:onNext(255)) - client-0C76110B8A2B->ed5d81fa-aaf0-49db-aa57-acca1dd387bd: receive RaftClientReply:client-0C76110B8A2B->ed5d81fa-aaf0-49db-aa57-acca1dd387bd@group-729F0664FEA8, cid=1699, SUCCESS, logIndex=2450, commits[ed5d81fa-aaf0-49db-aa57-acca1dd387bd:c2452]
2019-09-10 22:12:01,503 [grpc-default-executor-0] INFO  client.GrpcClientProtocolClient (GrpcClientProtocolClient.java:onNext(255)) - client-0C76110B8A2B->ed5d81fa-aaf0-49db-aa57-acca1dd387bd: receive RaftClientReply:client-0C76110B8A2B->ed5d81fa-aaf0-49db-aa57-acca1dd387bd@group-729F0664FEA8, cid=1700, SUCCESS, logIndex=2451, commits[ed5d81fa-aaf0-49db-aa57-acca1dd387bd:c2452]
2019-09-10 22:12:01,512 [grpc-default-executor-0] INFO  client.GrpcClientProtocolClient (GrpcClientProtocolClient.java:onNext(255)) - client-0C76110B8A2B->ed5d81fa-aaf0-49db-aa57-acca1dd387bd: receive RaftClientReply:client-0C76110B8A2B->ed5d81fa-aaf0-49db-aa57-acca1dd387bd@group-729F0664FEA8, cid=1701, SUCCESS, logIndex=2454, commits[ed5d81fa-aaf0-49db-aa57-acca1dd387bd:c2455]
2019-09-10 22:12:01,513 [grpc-default-executor-0] INFO  client.GrpcClientProtocolClient (GrpcClientProtocolClient.java:onNext(255)) - client-0C76110B8A2B->ed5d81fa-aaf0-49db-aa57-acca1dd387bd: receive RaftClientReply:client-0C76110B8A2B->ed5d81fa-aaf0-49db-aa57-acca1dd387bd@group-729F0664FEA8, cid=1702, SUCCESS, logIndex=2455, commits[ed5d81fa-aaf0-49db-aa57-acca1dd387bd:c2455]
2019-09-10 22:12:01,514 [grpc-default-executor-0] INFO  client.GrpcClientProtocolClient (GrpcClientProtocolClient.java:onNext(255)) - client-0C76110B8A2B->ed5d81fa-aaf0-49db-aa57-acca1dd387bd: receive RaftClientReply:client-0C76110B8A2B->ed5d81fa-aaf0-49db-aa57-acca1dd387bd@group-729F0664FEA8, cid=1703, SUCCESS, logIndex=2456, commits[ed5d81fa-aaf0-49db-aa57-acca1dd387bd:c2458]
2019-09-10 22:12:01,514 [grpc-default-executor-0] INFO  client.GrpcClientProtocolClient (GrpcClientProtocolClient.java:onNext(255)) - client-0C76110B8A2B->ed5d81fa-aaf0-49db-aa57-acca1dd387bd: receive RaftClientReply:client-0C76110B8A2B->ed5d81fa-aaf0-49db-aa57-acca1dd387bd@group-729F0664FEA8, cid=1704, SUCCESS, logIndex=2457, commits[ed5d81fa-aaf0-49db-aa57-acca1dd387bd:c2458]
2019-09-10 22:12:01,536 [grpc-default-executor-0] INFO  client.GrpcClientProtocolClient (GrpcClientProtocolClient.java:onNext(255)) - client-0C76110B8A2B->ed5d81fa-aaf0-49db-aa57-acca1dd387bd: receive RaftClientReply:client-0C76110B8A2B->ed5d81fa-aaf0-49db-aa57-acca1dd387bd@group-729F0664FEA8, cid=1705, SUCCESS, logIndex=2459, commits[ed5d81fa-aaf0-49db-aa57-acca1dd387bd:c2460]
2019-09-10 22:12:01,536 [grpc-default-executor-0] INFO  client.GrpcClientProtocolClient (GrpcClientProtocolClient.java:onNext(255)) - client-0C76110B8A2B->ed5d81fa-aaf0-49db-aa57-acca1dd387bd: receive RaftClientReply:client-0C76110B8A2B->ed5d81fa-aaf0-49db-aa57-acca1dd387bd@group-729F0664FEA8, cid=1706, SUCCESS, logIndex=2460, commits[ed5d81fa-aaf0-49db-aa57-acca1dd387bd:c2460]
2019-09-10 22:12:01,539 [grpc-default-executor-0] INFO  client.GrpcClientProtocolClient (GrpcClientProtocolClient.java:onNext(255)) - client-0C76110B8A2B->ed5d81fa-aaf0-49db-aa57-acca1dd387bd: receive RaftClientReply:client-0C76110B8A2B->ed5d81fa-aaf0-49db-aa57-acca1dd387bd@group-729F0664FEA8, cid=1707, SUCCESS, logIndex=2461, commits[ed5d81fa-aaf0-49db-aa57-acca1dd387bd:c2463]
2019-09-10 22:12:01,540 [grpc-default-executor-0] INFO  client.GrpcClientProtocolClient (GrpcClientProtocolClient.java:onNext(255)) - client-0C76110B8A2B->ed5d81fa-aaf0-49db-aa57-acca1dd387bd: receive RaftClientReply:client-0C76110B8A2B->ed5d81fa-aaf0-49db-aa57-acca1dd387bd@group-729F0664FEA8, cid=1708, SUCCESS, logIndex=2462, commits[ed5d81fa-aaf0-49db-aa57-acca1dd387bd:c2463]
2019-09-10 22:12:01,548 [grpc-default-executor-1] INFO  client.GrpcClientProtocolClient (GrpcClientProtocolClient.java:onNext(255)) - client-0C76110B8A2B->ed5d81fa-aaf0-49db-aa57-acca1dd387bd: receive RaftClientReply:client-0C76110B8A2B->ed5d81fa-aaf0-49db-aa57-acca1dd387bd@group-729F0664FEA8, cid=1709, SUCCESS, logIndex=2464, commits[ed5d81fa-aaf0-49db-aa57-acca1dd387bd:c2465]
2019-09-10 22:12:01,549 [grpc-default-executor-1] INFO  client.GrpcClientProtocolClient (GrpcClientProtocolClient.java:onNext(255)) - client-0C76110B8A2B->ed5d81fa-aaf0-49db-aa57-acca1dd387bd: receive RaftClientReply:client-0C76110B8A2B->ed5d81fa-aaf0-49db-aa57-acca1dd387bd@group-729F0664FEA8, cid=1710, SUCCESS, logIndex=2465, commits[ed5d81fa-aaf0-49db-aa57-acca1dd387bd:c2467]
2019-09-10 22:12:01,549 [grpc-default-executor-1] INFO  client.GrpcClientProtocolClient (GrpcClientProtocolClient.java:onNext(255)) - client-0C76110B8A2B->ed5d81fa-aaf0-49db-aa57-acca1dd387bd: receive RaftClientReply:client-0C76110B8A2B->ed5d81fa-aaf0-49db-aa57-acca1dd387bd@group-729F0664FEA8, cid=1711, SUCCESS, logIndex=2466, commits[ed5d81fa-aaf0-49db-aa57-acca1dd387bd:c2467]
2019-09-10 22:12:01,549 [grpc-default-executor-1] INFO  client.GrpcClientProtocolClient (GrpcClientProtocolClient.java:onNext(255)) - client-0C76110B8A2B->ed5d81fa-aaf0-49db-aa57-acca1dd387bd: receive RaftClientReply:client-0C76110B8A2B->ed5d81fa-aaf0-49db-aa57-acca1dd387bd@group-729F0664FEA8, cid=1712, SUCCESS, logIndex=2467, commits[ed5d81fa-aaf0-49db-aa57-acca1dd387bd:c2467]
2019-09-10 22:12:01,564 [SCMBlockDeletingService#0] DEBUG block.SCMBlockDeletingService (SCMBlockDeletingService.java:call(138)) - Running DeletedBlockTransactionScanner
2019-09-10 22:12:01,564 [grpc-default-executor-1] INFO  client.GrpcClientProtocolClient (GrpcClientProtocolClient.java:onNext(255)) - client-0C76110B8A2B->ed5d81fa-aaf0-49db-aa57-acca1dd387bd: receive RaftClientReply:client-0C76110B8A2B->ed5d81fa-aaf0-49db-aa57-acca1dd387bd@group-729F0664FEA8, cid=1713, SUCCESS, logIndex=2470, commits[ed5d81fa-aaf0-49db-aa57-acca1dd387bd:c2473]
2019-09-10 22:12:01,565 [SCMBlockDeletingService#0] DEBUG block.SCMBlockDeletingService (SCMBlockDeletingService.java:call(155)) - Scanned deleted blocks log and got 0 delTX to process.
2019-09-10 22:12:01,565 [grpc-default-executor-1] INFO  client.GrpcClientProtocolClient (GrpcClientProtocolClient.java:onNext(255)) - client-0C76110B8A2B->ed5d81fa-aaf0-49db-aa57-acca1dd387bd: receive RaftClientReply:client-0C76110B8A2B->ed5d81fa-aaf0-49db-aa57-acca1dd387bd@group-729F0664FEA8, cid=1714, SUCCESS, logIndex=2471, commits[ed5d81fa-aaf0-49db-aa57-acca1dd387bd:c2474]
2019-09-10 22:12:01,565 [grpc-default-executor-1] INFO  client.GrpcClientProtocolClient (GrpcClientProtocolClient.java:onNext(255)) - client-0C76110B8A2B->ed5d81fa-aaf0-49db-aa57-acca1dd387bd: receive RaftClientReply:client-0C76110B8A2B->ed5d81fa-aaf0-49db-aa57-acca1dd387bd@group-729F0664FEA8, cid=1715, SUCCESS, logIndex=2472, commits[ed5d81fa-aaf0-49db-aa57-acca1dd387bd:c2474]
2019-09-10 22:12:01,565 [grpc-default-executor-1] INFO  client.GrpcClientProtocolClient (GrpcClientProtocolClient.java:onNext(255)) - client-0C76110B8A2B->ed5d81fa-aaf0-49db-aa57-acca1dd387bd: receive RaftClientReply:client-0C76110B8A2B->ed5d81fa-aaf0-49db-aa57-acca1dd387bd@group-729F0664FEA8, cid=1716, SUCCESS, logIndex=2473, commits[ed5d81fa-aaf0-49db-aa57-acca1dd387bd:c2474]
2019-09-10 22:12:01,574 [grpc-default-executor-0] INFO  client.GrpcClientProtocolClient (GrpcClientProtocolClient.java:onNext(255)) - client-0C76110B8A2B->ed5d81fa-aaf0-49db-aa57-acca1dd387bd: receive RaftClientReply:client-0C76110B8A2B->ed5d81fa-aaf0-49db-aa57-acca1dd387bd@group-729F0664FEA8, cid=1717, SUCCESS, logIndex=2475, commits[ed5d81fa-aaf0-49db-aa57-acca1dd387bd:c2478]
2019-09-10 22:12:01,575 [grpc-default-executor-0] INFO  client.GrpcClientProtocolClient (GrpcClientProtocolClient.java:onNext(255)) - client-0C76110B8A2B->ed5d81fa-aaf0-49db-aa57-acca1dd387bd: receive RaftClientReply:client-0C76110B8A2B->ed5d81fa-aaf0-49db-aa57-acca1dd387bd@group-729F0664FEA8, cid=1718, SUCCESS, logIndex=2476, commits[ed5d81fa-aaf0-49db-aa57-acca1dd387bd:c2479]
2019-09-10 22:12:01,575 [grpc-default-executor-0] INFO  client.GrpcClientProtocolClient (GrpcClientProtocolClient.java:onNext(255)) - client-0C76110B8A2B->ed5d81fa-aaf0-49db-aa57-acca1dd387bd: receive RaftClientReply:client-0C76110B8A2B->ed5d81fa-aaf0-49db-aa57-acca1dd387bd@group-729F0664FEA8, cid=1719, SUCCESS, logIndex=2477, commits[ed5d81fa-aaf0-49db-aa57-acca1dd387bd:c2479]
2019-09-10 22:12:01,575 [grpc-default-executor-0] INFO  client.GrpcClientProtocolClient (GrpcClientProtocolClient.java:onNext(255)) - client-0C76110B8A2B->ed5d81fa-aaf0-49db-aa57-acca1dd387bd: receive RaftClientReply:client-0C76110B8A2B->ed5d81fa-aaf0-49db-aa57-acca1dd387bd@group-729F0664FEA8, cid=1720, SUCCESS, logIndex=2478, commits[ed5d81fa-aaf0-49db-aa57-acca1dd387bd:c2479]
2019-09-10 22:12:01,598 [grpc-default-executor-1] INFO  client.GrpcClientProtocolClient (GrpcClientProtocolClient.java:onNext(255)) - client-0C76110B8A2B->ed5d81fa-aaf0-49db-aa57-acca1dd387bd: receive RaftClientReply:client-0C76110B8A2B->ed5d81fa-aaf0-49db-aa57-acca1dd387bd@group-729F0664FEA8, cid=1721, SUCCESS, logIndex=2480, commits[ed5d81fa-aaf0-49db-aa57-acca1dd387bd:c2481]
2019-09-10 22:12:01,599 [grpc-default-executor-1] INFO  client.GrpcClientProtocolClient (GrpcClientProtocolClient.java:onNext(255)) - client-0C76110B8A2B->ed5d81fa-aaf0-49db-aa57-acca1dd387bd: receive RaftClientReply:client-0C76110B8A2B->ed5d81fa-aaf0-49db-aa57-acca1dd387bd@group-729F0664FEA8, cid=1722, SUCCESS, logIndex=2481, commits[ed5d81fa-aaf0-49db-aa57-acca1dd387bd:c2482]
2019-09-10 22:12:01,665 [SCMBlockDeletingService#0] DEBUG block.SCMBlockDeletingService (SCMBlockDeletingService.java:call(138)) - Running DeletedBlockTransactionScanner
2019-09-10 22:12:01,665 [SCMBlockDeletingService#0] DEBUG block.SCMBlockDeletingService (SCMBlockDeletingService.java:call(155)) - Scanned deleted blocks log and got 0 delTX to process.
2019-09-10 22:12:01,686 [grpc-default-executor-1] INFO  client.GrpcClientProtocolClient (GrpcClientProtocolClient.java:onNext(255)) - client-0C76110B8A2B->ed5d81fa-aaf0-49db-aa57-acca1dd387bd: receive RaftClientReply:client-0C76110B8A2B->ed5d81fa-aaf0-49db-aa57-acca1dd387bd@group-729F0664FEA8, cid=1723, SUCCESS, logIndex=2483, commits[ed5d81fa-aaf0-49db-aa57-acca1dd387bd:c2484]
2019-09-10 22:12:01,687 [grpc-default-executor-1] INFO  client.GrpcClientProtocolClient (GrpcClientProtocolClient.java:onNext(255)) - client-0C76110B8A2B->ed5d81fa-aaf0-49db-aa57-acca1dd387bd: receive RaftClientReply:client-0C76110B8A2B->ed5d81fa-aaf0-49db-aa57-acca1dd387bd@group-729F0664FEA8, cid=1724, SUCCESS, logIndex=2484, commits[ed5d81fa-aaf0-49db-aa57-acca1dd387bd:c2485]
2019-09-10 22:12:01,705 [grpc-default-executor-1] INFO  client.GrpcClientProtocolClient (GrpcClientProtocolClient.java:onNext(255)) - client-0C76110B8A2B->ed5d81fa-aaf0-49db-aa57-acca1dd387bd: receive RaftClientReply:client-0C76110B8A2B->ed5d81fa-aaf0-49db-aa57-acca1dd387bd@group-729F0664FEA8, cid=1725, SUCCESS, logIndex=2486, commits[ed5d81fa-aaf0-49db-aa57-acca1dd387bd:c2487]
2019-09-10 22:12:01,706 [grpc-default-executor-1] INFO  client.GrpcClientProtocolClient (GrpcClientProtocolClient.java:onNext(255)) - client-0C76110B8A2B->ed5d81fa-aaf0-49db-aa57-acca1dd387bd: receive RaftClientReply:client-0C76110B8A2B->ed5d81fa-aaf0-49db-aa57-acca1dd387bd@group-729F0664FEA8, cid=1726, SUCCESS, logIndex=2487, commits[ed5d81fa-aaf0-49db-aa57-acca1dd387bd:c2489]
2019-09-10 22:12:01,706 [grpc-default-executor-1] INFO  client.GrpcClientProtocolClient (GrpcClientProtocolClient.java:onNext(255)) - client-0C76110B8A2B->ed5d81fa-aaf0-49db-aa57-acca1dd387bd: receive RaftClientReply:client-0C76110B8A2B->ed5d81fa-aaf0-49db-aa57-acca1dd387bd@group-729F0664FEA8, cid=1727, SUCCESS, logIndex=2488, commits[ed5d81fa-aaf0-49db-aa57-acca1dd387bd:c2490]
2019-09-10 22:12:01,706 [grpc-default-executor-1] INFO  client.GrpcClientProtocolClient (GrpcClientProtocolClient.java:onNext(255)) - client-0C76110B8A2B->ed5d81fa-aaf0-49db-aa57-acca1dd387bd: receive RaftClientReply:client-0C76110B8A2B->ed5d81fa-aaf0-49db-aa57-acca1dd387bd@group-729F0664FEA8, cid=1728, SUCCESS, logIndex=2489, commits[ed5d81fa-aaf0-49db-aa57-acca1dd387bd:c2490]
2019-09-10 22:12:01,734 [grpc-default-executor-1] INFO  client.GrpcClientProtocolClient (GrpcClientProtocolClient.java:onNext(255)) - client-0C76110B8A2B->ed5d81fa-aaf0-49db-aa57-acca1dd387bd: receive RaftClientReply:client-0C76110B8A2B->ed5d81fa-aaf0-49db-aa57-acca1dd387bd@group-729F0664FEA8, cid=1729, SUCCESS, logIndex=2492, commits[ed5d81fa-aaf0-49db-aa57-acca1dd387bd:c2495]
2019-09-10 22:12:01,734 [grpc-default-executor-1] INFO  client.GrpcClientProtocolClient (GrpcClientProtocolClient.java:onNext(255)) - client-0C76110B8A2B->ed5d81fa-aaf0-49db-aa57-acca1dd387bd: receive RaftClientReply:client-0C76110B8A2B->ed5d81fa-aaf0-49db-aa57-acca1dd387bd@group-729F0664FEA8, cid=1730, SUCCESS, logIndex=2493, commits[ed5d81fa-aaf0-49db-aa57-acca1dd387bd:c2496]
2019-09-10 22:12:01,735 [grpc-default-executor-1] INFO  client.GrpcClientProtocolClient (GrpcClientProtocolClient.java:onNext(255)) - client-0C76110B8A2B->ed5d81fa-aaf0-49db-aa57-acca1dd387bd: receive RaftClientReply:client-0C76110B8A2B->ed5d81fa-aaf0-49db-aa57-acca1dd387bd@group-729F0664FEA8, cid=1731, SUCCESS, logIndex=2494, commits[ed5d81fa-aaf0-49db-aa57-acca1dd387bd:c2496]
2019-09-10 22:12:01,735 [grpc-default-executor-1] INFO  client.GrpcClientProtocolClient (GrpcClientProtocolClient.java:onNext(255)) - client-0C76110B8A2B->ed5d81fa-aaf0-49db-aa57-acca1dd387bd: receive RaftClientReply:client-0C76110B8A2B->ed5d81fa-aaf0-49db-aa57-acca1dd387bd@group-729F0664FEA8, cid=1732, SUCCESS, logIndex=2495, commits[ed5d81fa-aaf0-49db-aa57-acca1dd387bd:c2496]
2019-09-10 22:12:01,754 [grpc-default-executor-1] INFO  client.GrpcClientProtocolClient (GrpcClientProtocolClient.java:onNext(255)) - client-0C76110B8A2B->ed5d81fa-aaf0-49db-aa57-acca1dd387bd: receive RaftClientReply:client-0C76110B8A2B->ed5d81fa-aaf0-49db-aa57-acca1dd387bd@group-729F0664FEA8, cid=1733, SUCCESS, logIndex=2497, commits[ed5d81fa-aaf0-49db-aa57-acca1dd387bd:c2498]
2019-09-10 22:12:01,754 [grpc-default-executor-1] INFO  client.GrpcClientProtocolClient (GrpcClientProtocolClient.java:onNext(255)) - client-0C76110B8A2B->ed5d81fa-aaf0-49db-aa57-acca1dd387bd: receive RaftClientReply:client-0C76110B8A2B->ed5d81fa-aaf0-49db-aa57-acca1dd387bd@group-729F0664FEA8, cid=1734, SUCCESS, logIndex=2498, commits[ed5d81fa-aaf0-49db-aa57-acca1dd387bd:c2500]
2019-09-10 22:12:01,755 [grpc-default-executor-1] INFO  client.GrpcClientProtocolClient (GrpcClientProtocolClient.java:onNext(255)) - client-0C76110B8A2B->ed5d81fa-aaf0-49db-aa57-acca1dd387bd: receive RaftClientReply:client-0C76110B8A2B->ed5d81fa-aaf0-49db-aa57-acca1dd387bd@group-729F0664FEA8, cid=1735, SUCCESS, logIndex=2499, commits[ed5d81fa-aaf0-49db-aa57-acca1dd387bd:c2500]
2019-09-10 22:12:01,755 [grpc-default-executor-1] INFO  client.GrpcClientProtocolClient (GrpcClientProtocolClient.java:onNext(255)) - client-0C76110B8A2B->ed5d81fa-aaf0-49db-aa57-acca1dd387bd: receive RaftClientReply:client-0C76110B8A2B->ed5d81fa-aaf0-49db-aa57-acca1dd387bd@group-729F0664FEA8, cid=1736, SUCCESS, logIndex=2500, commits[ed5d81fa-aaf0-49db-aa57-acca1dd387bd:c2501]
2019-09-10 22:12:01,766 [SCMBlockDeletingService#0] DEBUG block.SCMBlockDeletingService (SCMBlockDeletingService.java:call(138)) - Running DeletedBlockTransactionScanner
2019-09-10 22:12:01,766 [SCMBlockDeletingService#0] DEBUG block.SCMBlockDeletingService (SCMBlockDeletingService.java:call(155)) - Scanned deleted blocks log and got 0 delTX to process.
2019-09-10 22:12:01,782 [grpc-default-executor-1] INFO  client.GrpcClientProtocolClient (GrpcClientProtocolClient.java:onNext(255)) - client-0C76110B8A2B->ed5d81fa-aaf0-49db-aa57-acca1dd387bd: receive RaftClientReply:client-0C76110B8A2B->ed5d81fa-aaf0-49db-aa57-acca1dd387bd@group-729F0664FEA8, cid=1737, SUCCESS, logIndex=2503, commits[ed5d81fa-aaf0-49db-aa57-acca1dd387bd:c2506]
2019-09-10 22:12:01,783 [grpc-default-executor-1] INFO  client.GrpcClientProtocolClient (GrpcClientProtocolClient.java:onNext(255)) - client-0C76110B8A2B->ed5d81fa-aaf0-49db-aa57-acca1dd387bd: receive RaftClientReply:client-0C76110B8A2B->ed5d81fa-aaf0-49db-aa57-acca1dd387bd@group-729F0664FEA8, cid=1738, SUCCESS, logIndex=2504, commits[ed5d81fa-aaf0-49db-aa57-acca1dd387bd:c2507]
2019-09-10 22:12:01,783 [grpc-default-executor-1] INFO  client.GrpcClientProtocolClient (GrpcClientProtocolClient.java:onNext(255)) - client-0C76110B8A2B->ed5d81fa-aaf0-49db-aa57-acca1dd387bd: receive RaftClientReply:client-0C76110B8A2B->ed5d81fa-aaf0-49db-aa57-acca1dd387bd@group-729F0664FEA8, cid=1739, SUCCESS, logIndex=2505, commits[ed5d81fa-aaf0-49db-aa57-acca1dd387bd:c2507]
2019-09-10 22:12:01,784 [grpc-default-executor-1] INFO  client.GrpcClientProtocolClient (GrpcClientProtocolClient.java:onNext(255)) - client-0C76110B8A2B->ed5d81fa-aaf0-49db-aa57-acca1dd387bd: receive RaftClientReply:client-0C76110B8A2B->ed5d81fa-aaf0-49db-aa57-acca1dd387bd@group-729F0664FEA8, cid=1740, SUCCESS, logIndex=2506, commits[ed5d81fa-aaf0-49db-aa57-acca1dd387bd:c2507]
2019-09-10 22:12:01,802 [grpc-default-executor-0] INFO  client.GrpcClientProtocolClient (GrpcClientProtocolClient.java:onNext(255)) - client-0C76110B8A2B->ed5d81fa-aaf0-49db-aa57-acca1dd387bd: receive RaftClientReply:client-0C76110B8A2B->ed5d81fa-aaf0-49db-aa57-acca1dd387bd@group-729F0664FEA8, cid=1741, SUCCESS, logIndex=2508, commits[ed5d81fa-aaf0-49db-aa57-acca1dd387bd:c2509]
2019-09-10 22:12:01,802 [grpc-default-executor-0] INFO  client.GrpcClientProtocolClient (GrpcClientProtocolClient.java:onNext(255)) - client-0C76110B8A2B->ed5d81fa-aaf0-49db-aa57-acca1dd387bd: receive RaftClientReply:client-0C76110B8A2B->ed5d81fa-aaf0-49db-aa57-acca1dd387bd@group-729F0664FEA8, cid=1742, SUCCESS, logIndex=2509, commits[ed5d81fa-aaf0-49db-aa57-acca1dd387bd:c2511]
2019-09-10 22:12:01,803 [grpc-default-executor-0] INFO  client.GrpcClientProtocolClient (GrpcClientProtocolClient.java:onNext(255)) - client-0C76110B8A2B->ed5d81fa-aaf0-49db-aa57-acca1dd387bd: receive RaftClientReply:client-0C76110B8A2B->ed5d81fa-aaf0-49db-aa57-acca1dd387bd@group-729F0664FEA8, cid=1743, SUCCESS, logIndex=2510, commits[ed5d81fa-aaf0-49db-aa57-acca1dd387bd:c2512]
2019-09-10 22:12:01,803 [grpc-default-executor-0] INFO  client.GrpcClientProtocolClient (GrpcClientProtocolClient.java:onNext(255)) - client-0C76110B8A2B->ed5d81fa-aaf0-49db-aa57-acca1dd387bd: receive RaftClientReply:client-0C76110B8A2B->ed5d81fa-aaf0-49db-aa57-acca1dd387bd@group-729F0664FEA8, cid=1744, SUCCESS, logIndex=2511, commits[ed5d81fa-aaf0-49db-aa57-acca1dd387bd:c2512]
2019-09-10 22:12:01,829 [grpc-default-executor-0] INFO  client.GrpcClientProtocolClient (GrpcClientProtocolClient.java:onNext(255)) - client-0C76110B8A2B->ed5d81fa-aaf0-49db-aa57-acca1dd387bd: receive RaftClientReply:client-0C76110B8A2B->ed5d81fa-aaf0-49db-aa57-acca1dd387bd@group-729F0664FEA8, cid=1745, SUCCESS, logIndex=2514, commits[ed5d81fa-aaf0-49db-aa57-acca1dd387bd:c2517]
2019-09-10 22:12:01,830 [grpc-default-executor-0] INFO  client.GrpcClientProtocolClient (GrpcClientProtocolClient.java:onNext(255)) - client-0C76110B8A2B->ed5d81fa-aaf0-49db-aa57-acca1dd387bd: receive RaftClientReply:client-0C76110B8A2B->ed5d81fa-aaf0-49db-aa57-acca1dd387bd@group-729F0664FEA8, cid=1746, SUCCESS, logIndex=2515, commits[ed5d81fa-aaf0-49db-aa57-acca1dd387bd:c2518]
2019-09-10 22:12:01,830 [grpc-default-executor-0] INFO  client.GrpcClientProtocolClient (GrpcClientProtocolClient.java:onNext(255)) - client-0C76110B8A2B->ed5d81fa-aaf0-49db-aa57-acca1dd387bd: receive RaftClientReply:client-0C76110B8A2B->ed5d81fa-aaf0-49db-aa57-acca1dd387bd@group-729F0664FEA8, cid=1747, SUCCESS, logIndex=2516, commits[ed5d81fa-aaf0-49db-aa57-acca1dd387bd:c2518]
2019-09-10 22:12:01,830 [grpc-default-executor-0] INFO  client.GrpcClientProtocolClient (GrpcClientProtocolClient.java:onNext(255)) - client-0C76110B8A2B->ed5d81fa-aaf0-49db-aa57-acca1dd387bd: receive RaftClientReply:client-0C76110B8A2B->ed5d81fa-aaf0-49db-aa57-acca1dd387bd@group-729F0664FEA8, cid=1748, SUCCESS, logIndex=2517, commits[ed5d81fa-aaf0-49db-aa57-acca1dd387bd:c2518]
2019-09-10 22:12:01,847 [grpc-default-executor-0] INFO  client.GrpcClientProtocolClient (GrpcClientProtocolClient.java:onNext(255)) - client-0C76110B8A2B->ed5d81fa-aaf0-49db-aa57-acca1dd387bd: receive RaftClientReply:client-0C76110B8A2B->ed5d81fa-aaf0-49db-aa57-acca1dd387bd@group-729F0664FEA8, cid=1749, SUCCESS, logIndex=2519, commits[ed5d81fa-aaf0-49db-aa57-acca1dd387bd:c2520]
2019-09-10 22:12:01,848 [grpc-default-executor-0] INFO  client.GrpcClientProtocolClient (GrpcClientProtocolClient.java:onNext(255)) - client-0C76110B8A2B->ed5d81fa-aaf0-49db-aa57-acca1dd387bd: receive RaftClientReply:client-0C76110B8A2B->ed5d81fa-aaf0-49db-aa57-acca1dd387bd@group-729F0664FEA8, cid=1750, SUCCESS, logIndex=2520, commits[ed5d81fa-aaf0-49db-aa57-acca1dd387bd:c2522]
2019-09-10 22:12:01,848 [grpc-default-executor-0] INFO  client.GrpcClientProtocolClient (GrpcClientProtocolClient.java:onNext(255)) - client-0C76110B8A2B->ed5d81fa-aaf0-49db-aa57-acca1dd387bd: receive RaftClientReply:client-0C76110B8A2B->ed5d81fa-aaf0-49db-aa57-acca1dd387bd@group-729F0664FEA8, cid=1751, SUCCESS, logIndex=2521, commits[ed5d81fa-aaf0-49db-aa57-acca1dd387bd:c2522]
2019-09-10 22:12:01,849 [grpc-default-executor-0] INFO  client.GrpcClientProtocolClient (GrpcClientProtocolClient.java:onNext(255)) - client-0C76110B8A2B->ed5d81fa-aaf0-49db-aa57-acca1dd387bd: receive RaftClientReply:client-0C76110B8A2B->ed5d81fa-aaf0-49db-aa57-acca1dd387bd@group-729F0664FEA8, cid=1752, SUCCESS, logIndex=2522, commits[ed5d81fa-aaf0-49db-aa57-acca1dd387bd:c2523]
2019-09-10 22:12:01,866 [SCMBlockDeletingService#0] DEBUG block.SCMBlockDeletingService (SCMBlockDeletingService.java:call(138)) - Running DeletedBlockTransactionScanner
2019-09-10 22:12:01,867 [SCMBlockDeletingService#0] DEBUG block.SCMBlockDeletingService (SCMBlockDeletingService.java:call(155)) - Scanned deleted blocks log and got 0 delTX to process.
2019-09-10 22:12:01,872 [grpc-default-executor-0] INFO  client.GrpcClientProtocolClient (GrpcClientProtocolClient.java:onNext(255)) - client-0C76110B8A2B->ed5d81fa-aaf0-49db-aa57-acca1dd387bd: receive RaftClientReply:client-0C76110B8A2B->ed5d81fa-aaf0-49db-aa57-acca1dd387bd@group-729F0664FEA8, cid=1753, SUCCESS, logIndex=2525, commits[ed5d81fa-aaf0-49db-aa57-acca1dd387bd:c2526]
2019-09-10 22:12:01,872 [grpc-default-executor-0] INFO  client.GrpcClientProtocolClient (GrpcClientProtocolClient.java:onNext(255)) - client-0C76110B8A2B->ed5d81fa-aaf0-49db-aa57-acca1dd387bd: receive RaftClientReply:client-0C76110B8A2B->ed5d81fa-aaf0-49db-aa57-acca1dd387bd@group-729F0664FEA8, cid=1754, SUCCESS, logIndex=2526, commits[ed5d81fa-aaf0-49db-aa57-acca1dd387bd:c2526]
2019-09-10 22:12:01,873 [grpc-default-executor-0] INFO  client.GrpcClientProtocolClient (GrpcClientProtocolClient.java:onNext(255)) - client-0C76110B8A2B->ed5d81fa-aaf0-49db-aa57-acca1dd387bd: receive RaftClientReply:client-0C76110B8A2B->ed5d81fa-aaf0-49db-aa57-acca1dd387bd@group-729F0664FEA8, cid=1755, SUCCESS, logIndex=2527, commits[ed5d81fa-aaf0-49db-aa57-acca1dd387bd:c2528]
2019-09-10 22:12:01,873 [grpc-default-executor-0] INFO  client.GrpcClientProtocolClient (GrpcClientProtocolClient.java:onNext(255)) - client-0C76110B8A2B->ed5d81fa-aaf0-49db-aa57-acca1dd387bd: receive RaftClientReply:client-0C76110B8A2B->ed5d81fa-aaf0-49db-aa57-acca1dd387bd@group-729F0664FEA8, cid=1756, SUCCESS, logIndex=2528, commits[ed5d81fa-aaf0-49db-aa57-acca1dd387bd:c2529]
2019-09-10 22:12:01,882 [grpc-default-executor-0] INFO  client.GrpcClientProtocolClient (GrpcClientProtocolClient.java:onNext(255)) - client-0C76110B8A2B->ed5d81fa-aaf0-49db-aa57-acca1dd387bd: receive RaftClientReply:client-0C76110B8A2B->ed5d81fa-aaf0-49db-aa57-acca1dd387bd@group-729F0664FEA8, cid=1757, SUCCESS, logIndex=2531, commits[ed5d81fa-aaf0-49db-aa57-acca1dd387bd:c2532]
2019-09-10 22:12:01,882 [grpc-default-executor-0] INFO  client.GrpcClientProtocolClient (GrpcClientProtocolClient.java:onNext(255)) - client-0C76110B8A2B->ed5d81fa-aaf0-49db-aa57-acca1dd387bd: receive RaftClientReply:client-0C76110B8A2B->ed5d81fa-aaf0-49db-aa57-acca1dd387bd@group-729F0664FEA8, cid=1758, SUCCESS, logIndex=2532, commits[ed5d81fa-aaf0-49db-aa57-acca1dd387bd:c2532]
2019-09-10 22:12:01,896 [grpc-default-executor-0] INFO  client.GrpcClientProtocolClient (GrpcClientProtocolClient.java:onNext(255)) - client-0C76110B8A2B->ed5d81fa-aaf0-49db-aa57-acca1dd387bd: receive RaftClientReply:client-0C76110B8A2B->ed5d81fa-aaf0-49db-aa57-acca1dd387bd@group-729F0664FEA8, cid=1759, SUCCESS, logIndex=2533, commits[ed5d81fa-aaf0-49db-aa57-acca1dd387bd:c2535]
2019-09-10 22:12:01,896 [grpc-default-executor-0] INFO  client.GrpcClientProtocolClient (GrpcClientProtocolClient.java:onNext(255)) - client-0C76110B8A2B->ed5d81fa-aaf0-49db-aa57-acca1dd387bd: receive RaftClientReply:client-0C76110B8A2B->ed5d81fa-aaf0-49db-aa57-acca1dd387bd@group-729F0664FEA8, cid=1760, SUCCESS, logIndex=2534, commits[ed5d81fa-aaf0-49db-aa57-acca1dd387bd:c2535]
2019-09-10 22:12:01,923 [grpc-default-executor-1] INFO  client.GrpcClientProtocolClient (GrpcClientProtocolClient.java:onNext(255)) - client-0C76110B8A2B->ed5d81fa-aaf0-49db-aa57-acca1dd387bd: receive RaftClientReply:client-0C76110B8A2B->ed5d81fa-aaf0-49db-aa57-acca1dd387bd@group-729F0664FEA8, cid=1761, SUCCESS, logIndex=2536, commits[ed5d81fa-aaf0-49db-aa57-acca1dd387bd:c2537]
2019-09-10 22:12:01,923 [grpc-default-executor-1] INFO  client.GrpcClientProtocolClient (GrpcClientProtocolClient.java:onNext(255)) - client-0C76110B8A2B->ed5d81fa-aaf0-49db-aa57-acca1dd387bd: receive RaftClientReply:client-0C76110B8A2B->ed5d81fa-aaf0-49db-aa57-acca1dd387bd@group-729F0664FEA8, cid=1762, SUCCESS, logIndex=2537, commits[ed5d81fa-aaf0-49db-aa57-acca1dd387bd:c2539]
2019-09-10 22:12:01,924 [grpc-default-executor-1] INFO  client.GrpcClientProtocolClient (GrpcClientProtocolClient.java:onNext(255)) - client-0C76110B8A2B->ed5d81fa-aaf0-49db-aa57-acca1dd387bd: receive RaftClientReply:client-0C76110B8A2B->ed5d81fa-aaf0-49db-aa57-acca1dd387bd@group-729F0664FEA8, cid=1763, SUCCESS, logIndex=2538, commits[ed5d81fa-aaf0-49db-aa57-acca1dd387bd:c2540]
2019-09-10 22:12:01,924 [grpc-default-executor-1] INFO  client.GrpcClientProtocolClient (GrpcClientProtocolClient.java:onNext(255)) - client-0C76110B8A2B->ed5d81fa-aaf0-49db-aa57-acca1dd387bd: receive RaftClientReply:client-0C76110B8A2B->ed5d81fa-aaf0-49db-aa57-acca1dd387bd@group-729F0664FEA8, cid=1764, SUCCESS, logIndex=2539, commits[ed5d81fa-aaf0-49db-aa57-acca1dd387bd:c2540]
2019-09-10 22:12:01,943 [grpc-default-executor-1] INFO  client.GrpcClientProtocolClient (GrpcClientProtocolClient.java:onNext(255)) - client-0C76110B8A2B->ed5d81fa-aaf0-49db-aa57-acca1dd387bd: receive RaftClientReply:client-0C76110B8A2B->ed5d81fa-aaf0-49db-aa57-acca1dd387bd@group-729F0664FEA8, cid=1765, SUCCESS, logIndex=2542, commits[ed5d81fa-aaf0-49db-aa57-acca1dd387bd:c2543]
2019-09-10 22:12:01,943 [grpc-default-executor-1] INFO  client.GrpcClientProtocolClient (GrpcClientProtocolClient.java:onNext(255)) - client-0C76110B8A2B->ed5d81fa-aaf0-49db-aa57-acca1dd387bd: receive RaftClientReply:client-0C76110B8A2B->ed5d81fa-aaf0-49db-aa57-acca1dd387bd@group-729F0664FEA8, cid=1766, SUCCESS, logIndex=2543, commits[ed5d81fa-aaf0-49db-aa57-acca1dd387bd:c2543]
2019-09-10 22:12:01,945 [grpc-default-executor-1] INFO  client.GrpcClientProtocolClient (GrpcClientProtocolClient.java:onNext(255)) - client-0C76110B8A2B->ed5d81fa-aaf0-49db-aa57-acca1dd387bd: receive RaftClientReply:client-0C76110B8A2B->ed5d81fa-aaf0-49db-aa57-acca1dd387bd@group-729F0664FEA8, cid=1767, SUCCESS, logIndex=2544, commits[ed5d81fa-aaf0-49db-aa57-acca1dd387bd:c2546]
2019-09-10 22:12:01,945 [grpc-default-executor-1] INFO  client.GrpcClientProtocolClient (GrpcClientProtocolClient.java:onNext(255)) - client-0C76110B8A2B->ed5d81fa-aaf0-49db-aa57-acca1dd387bd: receive RaftClientReply:client-0C76110B8A2B->ed5d81fa-aaf0-49db-aa57-acca1dd387bd@group-729F0664FEA8, cid=1768, SUCCESS, logIndex=2545, commits[ed5d81fa-aaf0-49db-aa57-acca1dd387bd:c2546]
2019-09-10 22:12:02,042 [SCMBlockDeletingService#0] DEBUG block.SCMBlockDeletingService (SCMBlockDeletingService.java:call(138)) - Running DeletedBlockTransactionScanner
2019-09-10 22:12:02,043 [SCMBlockDeletingService#0] DEBUG block.SCMBlockDeletingService (SCMBlockDeletingService.java:call(155)) - Scanned deleted blocks log and got 0 delTX to process.
2019-09-10 22:12:02,143 [SCMBlockDeletingService#0] DEBUG block.SCMBlockDeletingService (SCMBlockDeletingService.java:call(138)) - Running DeletedBlockTransactionScanner
2019-09-10 22:12:02,143 [SCMBlockDeletingService#0] DEBUG block.SCMBlockDeletingService (SCMBlockDeletingService.java:call(155)) - Scanned deleted blocks log and got 0 delTX to process.
2019-09-10 22:12:02,244 [SCMBlockDeletingService#0] DEBUG block.SCMBlockDeletingService (SCMBlockDeletingService.java:call(138)) - Running DeletedBlockTransactionScanner
2019-09-10 22:12:02,244 [SCMBlockDeletingService#0] DEBUG block.SCMBlockDeletingService (SCMBlockDeletingService.java:call(155)) - Scanned deleted blocks log and got 0 delTX to process.
2019-09-10 22:12:02,344 [SCMBlockDeletingService#0] DEBUG block.SCMBlockDeletingService (SCMBlockDeletingService.java:call(138)) - Running DeletedBlockTransactionScanner
2019-09-10 22:12:02,345 [SCMBlockDeletingService#0] DEBUG block.SCMBlockDeletingService (SCMBlockDeletingService.java:call(155)) - Scanned deleted blocks log and got 0 delTX to process.
2019-09-10 22:12:02,445 [SCMBlockDeletingService#0] DEBUG block.SCMBlockDeletingService (SCMBlockDeletingService.java:call(138)) - Running DeletedBlockTransactionScanner
2019-09-10 22:12:02,445 [SCMBlockDeletingService#0] DEBUG block.SCMBlockDeletingService (SCMBlockDeletingService.java:call(155)) - Scanned deleted blocks log and got 0 delTX to process.
2019-09-10 22:12:02,545 [SCMBlockDeletingService#0] DEBUG block.SCMBlockDeletingService (SCMBlockDeletingService.java:call(138)) - Running DeletedBlockTransactionScanner
2019-09-10 22:12:02,546 [SCMBlockDeletingService#0] DEBUG block.SCMBlockDeletingService (SCMBlockDeletingService.java:call(155)) - Scanned deleted blocks log and got 0 delTX to process.
2019-09-10 22:12:02,646 [SCMBlockDeletingService#0] DEBUG block.SCMBlockDeletingService (SCMBlockDeletingService.java:call(138)) - Running DeletedBlockTransactionScanner
2019-09-10 22:12:02,646 [SCMBlockDeletingService#0] DEBUG block.SCMBlockDeletingService (SCMBlockDeletingService.java:call(155)) - Scanned deleted blocks log and got 0 delTX to process.
2019-09-10 22:12:02,747 [SCMBlockDeletingService#0] DEBUG block.SCMBlockDeletingService (SCMBlockDeletingService.java:call(138)) - Running DeletedBlockTransactionScanner
2019-09-10 22:12:02,747 [SCMBlockDeletingService#0] DEBUG block.SCMBlockDeletingService (SCMBlockDeletingService.java:call(155)) - Scanned deleted blocks log and got 0 delTX to process.
2019-09-10 22:12:02,847 [SCMBlockDeletingService#0] DEBUG block.SCMBlockDeletingService (SCMBlockDeletingService.java:call(138)) - Running DeletedBlockTransactionScanner
2019-09-10 22:12:02,848 [SCMBlockDeletingService#0] DEBUG block.SCMBlockDeletingService (SCMBlockDeletingService.java:call(155)) - Scanned deleted blocks log and got 0 delTX to process.
2019-09-10 22:12:02,948 [SCMBlockDeletingService#0] DEBUG block.SCMBlockDeletingService (SCMBlockDeletingService.java:call(138)) - Running DeletedBlockTransactionScanner
2019-09-10 22:12:02,948 [SCMBlockDeletingService#0] DEBUG block.SCMBlockDeletingService (SCMBlockDeletingService.java:call(155)) - Scanned deleted blocks log and got 0 delTX to process.
2019-09-10 22:12:03,049 [SCMBlockDeletingService#0] DEBUG block.SCMBlockDeletingService (SCMBlockDeletingService.java:call(138)) - Running DeletedBlockTransactionScanner
2019-09-10 22:12:03,049 [SCMBlockDeletingService#0] DEBUG block.SCMBlockDeletingService (SCMBlockDeletingService.java:call(155)) - Scanned deleted blocks log and got 0 delTX to process.
2019-09-10 22:12:03,149 [SCMBlockDeletingService#0] DEBUG block.SCMBlockDeletingService (SCMBlockDeletingService.java:call(138)) - Running DeletedBlockTransactionScanner
2019-09-10 22:12:03,150 [SCMBlockDeletingService#0] DEBUG block.SCMBlockDeletingService (SCMBlockDeletingService.java:call(155)) - Scanned deleted blocks log and got 0 delTX to process.
2019-09-10 22:12:03,250 [SCMBlockDeletingService#0] DEBUG block.SCMBlockDeletingService (SCMBlockDeletingService.java:call(138)) - Running DeletedBlockTransactionScanner
2019-09-10 22:12:03,250 [SCMBlockDeletingService#0] DEBUG block.SCMBlockDeletingService (SCMBlockDeletingService.java:call(155)) - Scanned deleted blocks log and got 0 delTX to process.
2019-09-10 22:12:03,336 [grpc-default-executor-1] INFO  client.GrpcClientProtocolClient (GrpcClientProtocolClient.java:onNext(255)) - client-0C76110B8A2B->ed5d81fa-aaf0-49db-aa57-acca1dd387bd: receive RaftClientReply:client-0C76110B8A2B->ed5d81fa-aaf0-49db-aa57-acca1dd387bd@group-729F0664FEA8, cid=1769, SUCCESS, logIndex=2547, commits[ed5d81fa-aaf0-49db-aa57-acca1dd387bd:c2548]
2019-09-10 22:12:03,336 [grpc-default-executor-1] INFO  client.GrpcClientProtocolClient (GrpcClientProtocolClient.java:onNext(255)) - client-0C76110B8A2B->ed5d81fa-aaf0-49db-aa57-acca1dd387bd: receive RaftClientReply:client-0C76110B8A2B->ed5d81fa-aaf0-49db-aa57-acca1dd387bd@group-729F0664FEA8, cid=1770, SUCCESS, logIndex=2548, commits[ed5d81fa-aaf0-49db-aa57-acca1dd387bd:c2548]
2019-09-10 22:12:03,350 [SCMBlockDeletingService#0] DEBUG block.SCMBlockDeletingService (SCMBlockDeletingService.java:call(138)) - Running DeletedBlockTransactionScanner
2019-09-10 22:12:03,351 [SCMBlockDeletingService#0] DEBUG block.SCMBlockDeletingService (SCMBlockDeletingService.java:call(155)) - Scanned deleted blocks log and got 0 delTX to process.
2019-09-10 22:12:03,451 [SCMBlockDeletingService#0] DEBUG block.SCMBlockDeletingService (SCMBlockDeletingService.java:call(138)) - Running DeletedBlockTransactionScanner
2019-09-10 22:12:03,451 [SCMBlockDeletingService#0] DEBUG block.SCMBlockDeletingService (SCMBlockDeletingService.java:call(155)) - Scanned deleted blocks log and got 0 delTX to process.
2019-09-10 22:12:03,552 [SCMBlockDeletingService#0] DEBUG block.SCMBlockDeletingService (SCMBlockDeletingService.java:call(138)) - Running DeletedBlockTransactionScanner
2019-09-10 22:12:03,552 [SCMBlockDeletingService#0] DEBUG block.SCMBlockDeletingService (SCMBlockDeletingService.java:call(155)) - Scanned deleted blocks log and got 0 delTX to process.
2019-09-10 22:12:03,652 [SCMBlockDeletingService#0] DEBUG block.SCMBlockDeletingService (SCMBlockDeletingService.java:call(138)) - Running DeletedBlockTransactionScanner
2019-09-10 22:12:03,653 [SCMBlockDeletingService#0] DEBUG block.SCMBlockDeletingService (SCMBlockDeletingService.java:call(155)) - Scanned deleted blocks log and got 0 delTX to process.
2019-09-10 22:12:03,753 [SCMBlockDeletingService#0] DEBUG block.SCMBlockDeletingService (SCMBlockDeletingService.java:call(138)) - Running DeletedBlockTransactionScanner
2019-09-10 22:12:03,753 [SCMBlockDeletingService#0] DEBUG block.SCMBlockDeletingService (SCMBlockDeletingService.java:call(155)) - Scanned deleted blocks log and got 0 delTX to process.
2019-09-10 22:12:03,854 [SCMBlockDeletingService#0] DEBUG block.SCMBlockDeletingService (SCMBlockDeletingService.java:call(138)) - Running DeletedBlockTransactionScanner
2019-09-10 22:12:03,854 [SCMBlockDeletingService#0] DEBUG block.SCMBlockDeletingService (SCMBlockDeletingService.java:call(155)) - Scanned deleted blocks log and got 0 delTX to process.
2019-09-10 22:12:03,954 [SCMBlockDeletingService#0] DEBUG block.SCMBlockDeletingService (SCMBlockDeletingService.java:call(138)) - Running DeletedBlockTransactionScanner
2019-09-10 22:12:03,955 [SCMBlockDeletingService#0] DEBUG block.SCMBlockDeletingService (SCMBlockDeletingService.java:call(155)) - Scanned deleted blocks log and got 0 delTX to process.
2019-09-10 22:12:04,055 [SCMBlockDeletingService#0] DEBUG block.SCMBlockDeletingService (SCMBlockDeletingService.java:call(138)) - Running DeletedBlockTransactionScanner
2019-09-10 22:12:04,055 [SCMBlockDeletingService#0] DEBUG block.SCMBlockDeletingService (SCMBlockDeletingService.java:call(155)) - Scanned deleted blocks log and got 0 delTX to process.
2019-09-10 22:12:04,156 [SCMBlockDeletingService#0] DEBUG block.SCMBlockDeletingService (SCMBlockDeletingService.java:call(138)) - Running DeletedBlockTransactionScanner
2019-09-10 22:12:04,156 [SCMBlockDeletingService#0] DEBUG block.SCMBlockDeletingService (SCMBlockDeletingService.java:call(155)) - Scanned deleted blocks log and got 0 delTX to process.
2019-09-10 22:12:04,256 [SCMBlockDeletingService#1] DEBUG block.SCMBlockDeletingService (SCMBlockDeletingService.java:call(138)) - Running DeletedBlockTransactionScanner
2019-09-10 22:12:04,257 [SCMBlockDeletingService#1] DEBUG block.SCMBlockDeletingService (SCMBlockDeletingService.java:call(155)) - Scanned deleted blocks log and got 0 delTX to process.
2019-09-10 22:12:04,344 [grpc-default-executor-1] INFO  client.GrpcClientProtocolClient (GrpcClientProtocolClient.java:onNext(255)) - client-0C76110B8A2B->ed5d81fa-aaf0-49db-aa57-acca1dd387bd: receive RaftClientReply:client-0C76110B8A2B->ed5d81fa-aaf0-49db-aa57-acca1dd387bd@group-729F0664FEA8, cid=1771, SUCCESS, logIndex=2549, commits[ed5d81fa-aaf0-49db-aa57-acca1dd387bd:c2550]
2019-09-10 22:12:04,345 [grpc-default-executor-1] INFO  client.GrpcClientProtocolClient (GrpcClientProtocolClient.java:onNext(255)) - client-0C76110B8A2B->ed5d81fa-aaf0-49db-aa57-acca1dd387bd: receive RaftClientReply:client-0C76110B8A2B->ed5d81fa-aaf0-49db-aa57-acca1dd387bd@group-729F0664FEA8, cid=1772, SUCCESS, logIndex=2550, commits[ed5d81fa-aaf0-49db-aa57-acca1dd387bd:c2550]
2019-09-10 22:12:04,357 [SCMBlockDeletingService#1] DEBUG block.SCMBlockDeletingService (SCMBlockDeletingService.java:call(138)) - Running DeletedBlockTransactionScanner
2019-09-10 22:12:04,357 [SCMBlockDeletingService#1] DEBUG block.SCMBlockDeletingService (SCMBlockDeletingService.java:call(155)) - Scanned deleted blocks log and got 0 delTX to process.
2019-09-10 22:12:04,458 [SCMBlockDeletingService#1] DEBUG block.SCMBlockDeletingService (SCMBlockDeletingService.java:call(138)) - Running DeletedBlockTransactionScanner
2019-09-10 22:12:04,458 [SCMBlockDeletingService#1] DEBUG block.SCMBlockDeletingService (SCMBlockDeletingService.java:call(155)) - Scanned deleted blocks log and got 0 delTX to process.
2019-09-10 22:12:04,558 [SCMBlockDeletingService#0] DEBUG block.SCMBlockDeletingService (SCMBlockDeletingService.java:call(138)) - Running DeletedBlockTransactionScanner
2019-09-10 22:12:04,559 [SCMBlockDeletingService#0] DEBUG block.SCMBlockDeletingService (SCMBlockDeletingService.java:call(155)) - Scanned deleted blocks log and got 0 delTX to process.
2019-09-10 22:12:04,659 [SCMBlockDeletingService#0] DEBUG block.SCMBlockDeletingService (SCMBlockDeletingService.java:call(138)) - Running DeletedBlockTransactionScanner
2019-09-10 22:12:04,659 [SCMBlockDeletingService#0] DEBUG block.SCMBlockDeletingService (SCMBlockDeletingService.java:call(155)) - Scanned deleted blocks log and got 0 delTX to process.
2019-09-10 22:12:04,759 [SCMBlockDeletingService#0] DEBUG block.SCMBlockDeletingService (SCMBlockDeletingService.java:call(138)) - Running DeletedBlockTransactionScanner
2019-09-10 22:12:04,760 [SCMBlockDeletingService#0] DEBUG block.SCMBlockDeletingService (SCMBlockDeletingService.java:call(155)) - Scanned deleted blocks log and got 0 delTX to process.
2019-09-10 22:12:04,860 [SCMBlockDeletingService#0] DEBUG block.SCMBlockDeletingService (SCMBlockDeletingService.java:call(138)) - Running DeletedBlockTransactionScanner
2019-09-10 22:12:04,860 [SCMBlockDeletingService#0] DEBUG block.SCMBlockDeletingService (SCMBlockDeletingService.java:call(155)) - Scanned deleted blocks log and got 0 delTX to process.
2019-09-10 22:12:04,961 [SCMBlockDeletingService#0] DEBUG block.SCMBlockDeletingService (SCMBlockDeletingService.java:call(138)) - Running DeletedBlockTransactionScanner
2019-09-10 22:12:04,961 [SCMBlockDeletingService#0] DEBUG block.SCMBlockDeletingService (SCMBlockDeletingService.java:call(155)) - Scanned deleted blocks log and got 0 delTX to process.
2019-09-10 22:12:05,061 [SCMBlockDeletingService#0] DEBUG block.SCMBlockDeletingService (SCMBlockDeletingService.java:call(138)) - Running DeletedBlockTransactionScanner
2019-09-10 22:12:05,062 [SCMBlockDeletingService#0] DEBUG block.SCMBlockDeletingService (SCMBlockDeletingService.java:call(155)) - Scanned deleted blocks log and got 0 delTX to process.
2019-09-10 22:12:05,162 [SCMBlockDeletingService#0] DEBUG block.SCMBlockDeletingService (SCMBlockDeletingService.java:call(138)) - Running DeletedBlockTransactionScanner
2019-09-10 22:12:05,162 [SCMBlockDeletingService#0] DEBUG block.SCMBlockDeletingService (SCMBlockDeletingService.java:call(155)) - Scanned deleted blocks log and got 0 delTX to process.
2019-09-10 22:12:05,263 [SCMBlockDeletingService#0] DEBUG block.SCMBlockDeletingService (SCMBlockDeletingService.java:call(138)) - Running DeletedBlockTransactionScanner
2019-09-10 22:12:05,263 [SCMBlockDeletingService#0] DEBUG block.SCMBlockDeletingService (SCMBlockDeletingService.java:call(155)) - Scanned deleted blocks log and got 0 delTX to process.
2019-09-10 22:12:05,363 [SCMBlockDeletingService#0] DEBUG block.SCMBlockDeletingService (SCMBlockDeletingService.java:call(138)) - Running DeletedBlockTransactionScanner
2019-09-10 22:12:05,364 [SCMBlockDeletingService#0] DEBUG block.SCMBlockDeletingService (SCMBlockDeletingService.java:call(155)) - Scanned deleted blocks log and got 0 delTX to process.
2019-09-10 22:12:05,464 [SCMBlockDeletingService#0] DEBUG block.SCMBlockDeletingService (SCMBlockDeletingService.java:call(138)) - Running DeletedBlockTransactionScanner
2019-09-10 22:12:05,464 [SCMBlockDeletingService#0] DEBUG block.SCMBlockDeletingService (SCMBlockDeletingService.java:call(155)) - Scanned deleted blocks log and got 0 delTX to process.
2019-09-10 22:12:05,565 [SCMBlockDeletingService#0] DEBUG block.SCMBlockDeletingService (SCMBlockDeletingService.java:call(138)) - Running DeletedBlockTransactionScanner
2019-09-10 22:12:05,565 [SCMBlockDeletingService#0] DEBUG block.SCMBlockDeletingService (SCMBlockDeletingService.java:call(155)) - Scanned deleted blocks log and got 0 delTX to process.
2019-09-10 22:12:05,665 [SCMBlockDeletingService#0] DEBUG block.SCMBlockDeletingService (SCMBlockDeletingService.java:call(138)) - Running DeletedBlockTransactionScanner
2019-09-10 22:12:05,666 [SCMBlockDeletingService#0] DEBUG block.SCMBlockDeletingService (SCMBlockDeletingService.java:call(155)) - Scanned deleted blocks log and got 0 delTX to process.
2019-09-10 22:12:05,766 [SCMBlockDeletingService#0] DEBUG block.SCMBlockDeletingService (SCMBlockDeletingService.java:call(138)) - Running DeletedBlockTransactionScanner
2019-09-10 22:12:05,766 [SCMBlockDeletingService#0] DEBUG block.SCMBlockDeletingService (SCMBlockDeletingService.java:call(155)) - Scanned deleted blocks log and got 0 delTX to process.
2019-09-10 22:12:05,867 [SCMBlockDeletingService#0] DEBUG block.SCMBlockDeletingService (SCMBlockDeletingService.java:call(138)) - Running DeletedBlockTransactionScanner
2019-09-10 22:12:05,867 [SCMBlockDeletingService#0] DEBUG block.SCMBlockDeletingService (SCMBlockDeletingService.java:call(155)) - Scanned deleted blocks log and got 0 delTX to process.
2019-09-10 22:12:05,967 [SCMBlockDeletingService#0] DEBUG block.SCMBlockDeletingService (SCMBlockDeletingService.java:call(138)) - Running DeletedBlockTransactionScanner
2019-09-10 22:12:05,967 [SCMBlockDeletingService#0] DEBUG block.SCMBlockDeletingService (SCMBlockDeletingService.java:call(155)) - Scanned deleted blocks log and got 0 delTX to process.
2019-09-10 22:12:06,068 [SCMBlockDeletingService#0] DEBUG block.SCMBlockDeletingService (SCMBlockDeletingService.java:call(138)) - Running DeletedBlockTransactionScanner
2019-09-10 22:12:06,068 [SCMBlockDeletingService#0] DEBUG block.SCMBlockDeletingService (SCMBlockDeletingService.java:call(155)) - Scanned deleted blocks log and got 0 delTX to process.
2019-09-10 22:12:06,168 [SCMBlockDeletingService#0] DEBUG block.SCMBlockDeletingService (SCMBlockDeletingService.java:call(138)) - Running DeletedBlockTransactionScanner
2019-09-10 22:12:06,169 [SCMBlockDeletingService#0] DEBUG block.SCMBlockDeletingService (SCMBlockDeletingService.java:call(155)) - Scanned deleted blocks log and got 0 delTX to process.
2019-09-10 22:12:06,269 [SCMBlockDeletingService#0] DEBUG block.SCMBlockDeletingService (SCMBlockDeletingService.java:call(138)) - Running DeletedBlockTransactionScanner
2019-09-10 22:12:06,269 [SCMBlockDeletingService#0] DEBUG block.SCMBlockDeletingService (SCMBlockDeletingService.java:call(155)) - Scanned deleted blocks log and got 0 delTX to process.
2019-09-10 22:12:06,370 [SCMBlockDeletingService#0] DEBUG block.SCMBlockDeletingService (SCMBlockDeletingService.java:call(138)) - Running DeletedBlockTransactionScanner
2019-09-10 22:12:06,370 [SCMBlockDeletingService#0] DEBUG block.SCMBlockDeletingService (SCMBlockDeletingService.java:call(155)) - Scanned deleted blocks log and got 0 delTX to process.
2019-09-10 22:12:06,405 [grpc-default-executor-1] INFO  client.GrpcClientProtocolClient (GrpcClientProtocolClient.java:onNext(255)) - client-0C76110B8A2B->ed5d81fa-aaf0-49db-aa57-acca1dd387bd: receive RaftClientReply:client-0C76110B8A2B->ed5d81fa-aaf0-49db-aa57-acca1dd387bd@group-729F0664FEA8, cid=1773, SUCCESS, logIndex=2553, commits[ed5d81fa-aaf0-49db-aa57-acca1dd387bd:c2556]
2019-09-10 22:12:06,406 [grpc-default-executor-1] INFO  client.GrpcClientProtocolClient (GrpcClientProtocolClient.java:onNext(255)) - client-0C76110B8A2B->ed5d81fa-aaf0-49db-aa57-acca1dd387bd: receive RaftClientReply:client-0C76110B8A2B->ed5d81fa-aaf0-49db-aa57-acca1dd387bd@group-729F0664FEA8, cid=1774, SUCCESS, logIndex=2554, commits[ed5d81fa-aaf0-49db-aa57-acca1dd387bd:c2556]
2019-09-10 22:12:06,406 [grpc-default-executor-1] INFO  client.GrpcClientProtocolClient (GrpcClientProtocolClient.java:onNext(255)) - client-0C76110B8A2B->ed5d81fa-aaf0-49db-aa57-acca1dd387bd: receive RaftClientReply:client-0C76110B8A2B->ed5d81fa-aaf0-49db-aa57-acca1dd387bd@group-729F0664FEA8, cid=1775, SUCCESS, logIndex=2555, commits[ed5d81fa-aaf0-49db-aa57-acca1dd387bd:c2556]
2019-09-10 22:12:06,407 [grpc-default-executor-1] INFO  client.GrpcClientProtocolClient (GrpcClientProtocolClient.java:onNext(255)) - client-0C76110B8A2B->ed5d81fa-aaf0-49db-aa57-acca1dd387bd: receive RaftClientReply:client-0C76110B8A2B->ed5d81fa-aaf0-49db-aa57-acca1dd387bd@group-729F0664FEA8, cid=1776, SUCCESS, logIndex=2556, commits[ed5d81fa-aaf0-49db-aa57-acca1dd387bd:c2556]
2019-09-10 22:12:06,470 [SCMBlockDeletingService#0] DEBUG block.SCMBlockDeletingService (SCMBlockDeletingService.java:call(138)) - Running DeletedBlockTransactionScanner
2019-09-10 22:12:06,471 [SCMBlockDeletingService#0] DEBUG block.SCMBlockDeletingService (SCMBlockDeletingService.java:call(155)) - Scanned deleted blocks log and got 0 delTX to process.
2019-09-10 22:12:06,571 [SCMBlockDeletingService#0] DEBUG block.SCMBlockDeletingService (SCMBlockDeletingService.java:call(138)) - Running DeletedBlockTransactionScanner
2019-09-10 22:12:06,571 [SCMBlockDeletingService#0] DEBUG block.SCMBlockDeletingService (SCMBlockDeletingService.java:call(155)) - Scanned deleted blocks log and got 0 delTX to process.
2019-09-10 22:12:06,672 [SCMBlockDeletingService#0] DEBUG block.SCMBlockDeletingService (SCMBlockDeletingService.java:call(138)) - Running DeletedBlockTransactionScanner
2019-09-10 22:12:06,672 [SCMBlockDeletingService#0] DEBUG block.SCMBlockDeletingService (SCMBlockDeletingService.java:call(155)) - Scanned deleted blocks log and got 0 delTX to process.
2019-09-10 22:12:06,772 [SCMBlockDeletingService#0] DEBUG block.SCMBlockDeletingService (SCMBlockDeletingService.java:call(138)) - Running DeletedBlockTransactionScanner
2019-09-10 22:12:06,772 [SCMBlockDeletingService#0] DEBUG block.SCMBlockDeletingService (SCMBlockDeletingService.java:call(155)) - Scanned deleted blocks log and got 0 delTX to process.
2019-09-10 22:12:06,793 [grpc-default-executor-1] INFO  client.GrpcClientProtocolClient (GrpcClientProtocolClient.java:onNext(255)) - client-0C76110B8A2B->ed5d81fa-aaf0-49db-aa57-acca1dd387bd: receive RaftClientReply:client-0C76110B8A2B->ed5d81fa-aaf0-49db-aa57-acca1dd387bd@group-729F0664FEA8, cid=1777, SUCCESS, logIndex=2558, commits[ed5d81fa-aaf0-49db-aa57-acca1dd387bd:c2562]
2019-09-10 22:12:06,794 [grpc-default-executor-1] INFO  client.GrpcClientProtocolClient (GrpcClientProtocolClient.java:onNext(255)) - client-0C76110B8A2B->ed5d81fa-aaf0-49db-aa57-acca1dd387bd: receive RaftClientReply:client-0C76110B8A2B->ed5d81fa-aaf0-49db-aa57-acca1dd387bd@group-729F0664FEA8, cid=1778, SUCCESS, logIndex=2559, commits[ed5d81fa-aaf0-49db-aa57-acca1dd387bd:c2562]
2019-09-10 22:12:06,794 [grpc-default-executor-1] INFO  client.GrpcClientProtocolClient (GrpcClientProtocolClient.java:onNext(255)) - client-0C76110B8A2B->ed5d81fa-aaf0-49db-aa57-acca1dd387bd: receive RaftClientReply:client-0C76110B8A2B->ed5d81fa-aaf0-49db-aa57-acca1dd387bd@group-729F0664FEA8, cid=1779, SUCCESS, logIndex=2560, commits[ed5d81fa-aaf0-49db-aa57-acca1dd387bd:c2562]
2019-09-10 22:12:06,795 [grpc-default-executor-1] INFO  client.GrpcClientProtocolClient (GrpcClientProtocolClient.java:onNext(255)) - client-0C76110B8A2B->ed5d81fa-aaf0-49db-aa57-acca1dd387bd: receive RaftClientReply:client-0C76110B8A2B->ed5d81fa-aaf0-49db-aa57-acca1dd387bd@group-729F0664FEA8, cid=1780, SUCCESS, logIndex=2561, commits[ed5d81fa-aaf0-49db-aa57-acca1dd387bd:c2562]
2019-09-10 22:12:06,810 [grpc-default-executor-0] INFO  client.GrpcClientProtocolClient (GrpcClientProtocolClient.java:onNext(255)) - client-0C76110B8A2B->ed5d81fa-aaf0-49db-aa57-acca1dd387bd: receive RaftClientReply:client-0C76110B8A2B->ed5d81fa-aaf0-49db-aa57-acca1dd387bd@group-729F0664FEA8, cid=1781, SUCCESS, logIndex=2563, commits[ed5d81fa-aaf0-49db-aa57-acca1dd387bd:c2564]
2019-09-10 22:12:06,811 [grpc-default-executor-0] INFO  client.GrpcClientProtocolClient (GrpcClientProtocolClient.java:onNext(255)) - client-0C76110B8A2B->ed5d81fa-aaf0-49db-aa57-acca1dd387bd: receive RaftClientReply:client-0C76110B8A2B->ed5d81fa-aaf0-49db-aa57-acca1dd387bd@group-729F0664FEA8, cid=1782, SUCCESS, logIndex=2564, commits[ed5d81fa-aaf0-49db-aa57-acca1dd387bd:c2564]
2019-09-10 22:12:06,825 [grpc-default-executor-0] INFO  client.GrpcClientProtocolClient (GrpcClientProtocolClient.java:onNext(255)) - client-0C76110B8A2B->ed5d81fa-aaf0-49db-aa57-acca1dd387bd: receive RaftClientReply:client-0C76110B8A2B->ed5d81fa-aaf0-49db-aa57-acca1dd387bd@group-729F0664FEA8, cid=1783, SUCCESS, logIndex=2565, commits[ed5d81fa-aaf0-49db-aa57-acca1dd387bd:c2567]
2019-09-10 22:12:06,825 [grpc-default-executor-0] INFO  client.GrpcClientProtocolClient (GrpcClientProtocolClient.java:onNext(255)) - client-0C76110B8A2B->ed5d81fa-aaf0-49db-aa57-acca1dd387bd: receive RaftClientReply:client-0C76110B8A2B->ed5d81fa-aaf0-49db-aa57-acca1dd387bd@group-729F0664FEA8, cid=1784, SUCCESS, logIndex=2567, commits[ed5d81fa-aaf0-49db-aa57-acca1dd387bd:c2568]
2019-09-10 22:12:06,856 [grpc-default-executor-0] INFO  client.GrpcClientProtocolClient (GrpcClientProtocolClient.java:onNext(255)) - client-0C76110B8A2B->ed5d81fa-aaf0-49db-aa57-acca1dd387bd: receive RaftClientReply:client-0C76110B8A2B->ed5d81fa-aaf0-49db-aa57-acca1dd387bd@group-729F0664FEA8, cid=1785, SUCCESS, logIndex=2569, commits[ed5d81fa-aaf0-49db-aa57-acca1dd387bd:c2570]
2019-09-10 22:12:06,857 [grpc-default-executor-0] INFO  client.GrpcClientProtocolClient (GrpcClientProtocolClient.java:onNext(255)) - client-0C76110B8A2B->ed5d81fa-aaf0-49db-aa57-acca1dd387bd: receive RaftClientReply:client-0C76110B8A2B->ed5d81fa-aaf0-49db-aa57-acca1dd387bd@group-729F0664FEA8, cid=1786, SUCCESS, logIndex=2570, commits[ed5d81fa-aaf0-49db-aa57-acca1dd387bd:c2572]
2019-09-10 22:12:06,857 [grpc-default-executor-0] INFO  client.GrpcClientProtocolClient (GrpcClientProtocolClient.java:onNext(255)) - client-0C76110B8A2B->ed5d81fa-aaf0-49db-aa57-acca1dd387bd: receive RaftClientReply:client-0C76110B8A2B->ed5d81fa-aaf0-49db-aa57-acca1dd387bd@group-729F0664FEA8, cid=1787, SUCCESS, logIndex=2571, commits[ed5d81fa-aaf0-49db-aa57-acca1dd387bd:c2573]
2019-09-10 22:12:06,858 [grpc-default-executor-0] INFO  client.GrpcClientProtocolClient (GrpcClientProtocolClient.java:onNext(255)) - client-0C76110B8A2B->ed5d81fa-aaf0-49db-aa57-acca1dd387bd: receive RaftClientReply:client-0C76110B8A2B->ed5d81fa-aaf0-49db-aa57-acca1dd387bd@group-729F0664FEA8, cid=1788, SUCCESS, logIndex=2572, commits[ed5d81fa-aaf0-49db-aa57-acca1dd387bd:c2573]
2019-09-10 22:12:06,873 [SCMBlockDeletingService#0] DEBUG block.SCMBlockDeletingService (SCMBlockDeletingService.java:call(138)) - Running DeletedBlockTransactionScanner
2019-09-10 22:12:06,873 [SCMBlockDeletingService#0] DEBUG block.SCMBlockDeletingService (SCMBlockDeletingService.java:call(155)) - Scanned deleted blocks log and got 0 delTX to process.
2019-09-10 22:12:06,873 [grpc-default-executor-1] INFO  client.GrpcClientProtocolClient (GrpcClientProtocolClient.java:onNext(255)) - client-0C76110B8A2B->ed5d81fa-aaf0-49db-aa57-acca1dd387bd: receive RaftClientReply:client-0C76110B8A2B->ed5d81fa-aaf0-49db-aa57-acca1dd387bd@group-729F0664FEA8, cid=1789, SUCCESS, logIndex=2575, commits[ed5d81fa-aaf0-49db-aa57-acca1dd387bd:c2578]
2019-09-10 22:12:06,874 [grpc-default-executor-1] INFO  client.GrpcClientProtocolClient (GrpcClientProtocolClient.java:onNext(255)) - client-0C76110B8A2B->ed5d81fa-aaf0-49db-aa57-acca1dd387bd: receive RaftClientReply:client-0C76110B8A2B->ed5d81fa-aaf0-49db-aa57-acca1dd387bd@group-729F0664FEA8, cid=1790, SUCCESS, logIndex=2576, commits[ed5d81fa-aaf0-49db-aa57-acca1dd387bd:c2579]
2019-09-10 22:12:06,874 [grpc-default-executor-1] INFO  client.GrpcClientProtocolClient (GrpcClientProtocolClient.java:onNext(255)) - client-0C76110B8A2B->ed5d81fa-aaf0-49db-aa57-acca1dd387bd: receive RaftClientReply:client-0C76110B8A2B->ed5d81fa-aaf0-49db-aa57-acca1dd387bd@group-729F0664FEA8, cid=1791, SUCCESS, logIndex=2577, commits[ed5d81fa-aaf0-49db-aa57-acca1dd387bd:c2579]
2019-09-10 22:12:06,874 [grpc-default-executor-1] INFO  client.GrpcClientProtocolClient (GrpcClientProtocolClient.java:onNext(255)) - client-0C76110B8A2B->ed5d81fa-aaf0-49db-aa57-acca1dd387bd: receive RaftClientReply:client-0C76110B8A2B->ed5d81fa-aaf0-49db-aa57-acca1dd387bd@group-729F0664FEA8, cid=1792, SUCCESS, logIndex=2578, commits[ed5d81fa-aaf0-49db-aa57-acca1dd387bd:c2579]
2019-09-10 22:12:06,901 [grpc-default-executor-0] INFO  client.GrpcClientProtocolClient (GrpcClientProtocolClient.java:onNext(255)) - client-0C76110B8A2B->ed5d81fa-aaf0-49db-aa57-acca1dd387bd: receive RaftClientReply:client-0C76110B8A2B->ed5d81fa-aaf0-49db-aa57-acca1dd387bd@group-729F0664FEA8, cid=1793, SUCCESS, logIndex=2580, commits[ed5d81fa-aaf0-49db-aa57-acca1dd387bd:c2583]
2019-09-10 22:12:06,901 [grpc-default-executor-0] INFO  client.GrpcClientProtocolClient (GrpcClientProtocolClient.java:onNext(255)) - client-0C76110B8A2B->ed5d81fa-aaf0-49db-aa57-acca1dd387bd: receive RaftClientReply:client-0C76110B8A2B->ed5d81fa-aaf0-49db-aa57-acca1dd387bd@group-729F0664FEA8, cid=1794, SUCCESS, logIndex=2581, commits[ed5d81fa-aaf0-49db-aa57-acca1dd387bd:c2584]
2019-09-10 22:12:06,902 [grpc-default-executor-0] INFO  client.GrpcClientProtocolClient (GrpcClientProtocolClient.java:onNext(255)) - client-0C76110B8A2B->ed5d81fa-aaf0-49db-aa57-acca1dd387bd: receive RaftClientReply:client-0C76110B8A2B->ed5d81fa-aaf0-49db-aa57-acca1dd387bd@group-729F0664FEA8, cid=1795, SUCCESS, logIndex=2582, commits[ed5d81fa-aaf0-49db-aa57-acca1dd387bd:c2584]
2019-09-10 22:12:06,902 [grpc-default-executor-0] INFO  client.GrpcClientProtocolClient (GrpcClientProtocolClient.java:onNext(255)) - client-0C76110B8A2B->ed5d81fa-aaf0-49db-aa57-acca1dd387bd: receive RaftClientReply:client-0C76110B8A2B->ed5d81fa-aaf0-49db-aa57-acca1dd387bd@group-729F0664FEA8, cid=1796, SUCCESS, logIndex=2583, commits[ed5d81fa-aaf0-49db-aa57-acca1dd387bd:c2584]
2019-09-10 22:12:06,920 [grpc-default-executor-0] INFO  client.GrpcClientProtocolClient (GrpcClientProtocolClient.java:onNext(255)) - client-0C76110B8A2B->ed5d81fa-aaf0-49db-aa57-acca1dd387bd: receive RaftClientReply:client-0C76110B8A2B->ed5d81fa-aaf0-49db-aa57-acca1dd387bd@group-729F0664FEA8, cid=1797, SUCCESS, logIndex=2585, commits[ed5d81fa-aaf0-49db-aa57-acca1dd387bd:c2586]
2019-09-10 22:12:06,920 [grpc-default-executor-0] INFO  client.GrpcClientProtocolClient (GrpcClientProtocolClient.java:onNext(255)) - client-0C76110B8A2B->ed5d81fa-aaf0-49db-aa57-acca1dd387bd: receive RaftClientReply:client-0C76110B8A2B->ed5d81fa-aaf0-49db-aa57-acca1dd387bd@group-729F0664FEA8, cid=1798, SUCCESS, logIndex=2586, commits[ed5d81fa-aaf0-49db-aa57-acca1dd387bd:c2588]
2019-09-10 22:12:06,921 [grpc-default-executor-0] INFO  client.GrpcClientProtocolClient (GrpcClientProtocolClient.java:onNext(255)) - client-0C76110B8A2B->ed5d81fa-aaf0-49db-aa57-acca1dd387bd: receive RaftClientReply:client-0C76110B8A2B->ed5d81fa-aaf0-49db-aa57-acca1dd387bd@group-729F0664FEA8, cid=1799, SUCCESS, logIndex=2587, commits[ed5d81fa-aaf0-49db-aa57-acca1dd387bd:c2589]
2019-09-10 22:12:06,921 [grpc-default-executor-0] INFO  client.GrpcClientProtocolClient (GrpcClientProtocolClient.java:onNext(255)) - client-0C76110B8A2B->ed5d81fa-aaf0-49db-aa57-acca1dd387bd: receive RaftClientReply:client-0C76110B8A2B->ed5d81fa-aaf0-49db-aa57-acca1dd387bd@group-729F0664FEA8, cid=1800, SUCCESS, logIndex=2588, commits[ed5d81fa-aaf0-49db-aa57-acca1dd387bd:c2589]
2019-09-10 22:12:06,951 [grpc-default-executor-0] INFO  client.GrpcClientProtocolClient (GrpcClientProtocolClient.java:onNext(255)) - client-0C76110B8A2B->ed5d81fa-aaf0-49db-aa57-acca1dd387bd: receive RaftClientReply:client-0C76110B8A2B->ed5d81fa-aaf0-49db-aa57-acca1dd387bd@group-729F0664FEA8, cid=1801, SUCCESS, logIndex=2591, commits[ed5d81fa-aaf0-49db-aa57-acca1dd387bd:c2594]
2019-09-10 22:12:06,955 [grpc-default-executor-0] INFO  client.GrpcClientProtocolClient (GrpcClientProtocolClient.java:onNext(255)) - client-0C76110B8A2B->ed5d81fa-aaf0-49db-aa57-acca1dd387bd: receive RaftClientReply:client-0C76110B8A2B->ed5d81fa-aaf0-49db-aa57-acca1dd387bd@group-729F0664FEA8, cid=1802, SUCCESS, logIndex=2592, commits[ed5d81fa-aaf0-49db-aa57-acca1dd387bd:c2595]
2019-09-10 22:12:06,955 [grpc-default-executor-0] INFO  client.GrpcClientProtocolClient (GrpcClientProtocolClient.java:onNext(255)) - client-0C76110B8A2B->ed5d81fa-aaf0-49db-aa57-acca1dd387bd: receive RaftClientReply:client-0C76110B8A2B->ed5d81fa-aaf0-49db-aa57-acca1dd387bd@group-729F0664FEA8, cid=1803, SUCCESS, logIndex=2593, commits[ed5d81fa-aaf0-49db-aa57-acca1dd387bd:c2595]
2019-09-10 22:12:06,955 [grpc-default-executor-0] INFO  client.GrpcClientProtocolClient (GrpcClientProtocolClient.java:onNext(255)) - client-0C76110B8A2B->ed5d81fa-aaf0-49db-aa57-acca1dd387bd: receive RaftClientReply:client-0C76110B8A2B->ed5d81fa-aaf0-49db-aa57-acca1dd387bd@group-729F0664FEA8, cid=1804, SUCCESS, logIndex=2594, commits[ed5d81fa-aaf0-49db-aa57-acca1dd387bd:c2595]
2019-09-10 22:12:06,973 [SCMBlockDeletingService#1] DEBUG block.SCMBlockDeletingService (SCMBlockDeletingService.java:call(138)) - Running DeletedBlockTransactionScanner
2019-09-10 22:12:06,974 [SCMBlockDeletingService#1] DEBUG block.SCMBlockDeletingService (SCMBlockDeletingService.java:call(155)) - Scanned deleted blocks log and got 0 delTX to process.
2019-09-10 22:12:06,977 [grpc-default-executor-0] INFO  client.GrpcClientProtocolClient (GrpcClientProtocolClient.java:onNext(255)) - client-0C76110B8A2B->ed5d81fa-aaf0-49db-aa57-acca1dd387bd: receive RaftClientReply:client-0C76110B8A2B->ed5d81fa-aaf0-49db-aa57-acca1dd387bd@group-729F0664FEA8, cid=1805, SUCCESS, logIndex=2596, commits[ed5d81fa-aaf0-49db-aa57-acca1dd387bd:c2599]
2019-09-10 22:12:06,977 [grpc-default-executor-0] INFO  client.GrpcClientProtocolClient (GrpcClientProtocolClient.java:onNext(255)) - client-0C76110B8A2B->ed5d81fa-aaf0-49db-aa57-acca1dd387bd: receive RaftClientReply:client-0C76110B8A2B->ed5d81fa-aaf0-49db-aa57-acca1dd387bd@group-729F0664FEA8, cid=1806, SUCCESS, logIndex=2597, commits[ed5d81fa-aaf0-49db-aa57-acca1dd387bd:c2599]
2019-09-10 22:12:06,977 [grpc-default-executor-0] INFO  client.GrpcClientProtocolClient (GrpcClientProtocolClient.java:onNext(255)) - client-0C76110B8A2B->ed5d81fa-aaf0-49db-aa57-acca1dd387bd: receive RaftClientReply:client-0C76110B8A2B->ed5d81fa-aaf0-49db-aa57-acca1dd387bd@group-729F0664FEA8, cid=1807, SUCCESS, logIndex=2598, commits[ed5d81fa-aaf0-49db-aa57-acca1dd387bd:c2600]
2019-09-10 22:12:06,978 [grpc-default-executor-0] INFO  client.GrpcClientProtocolClient (GrpcClientProtocolClient.java:onNext(255)) - client-0C76110B8A2B->ed5d81fa-aaf0-49db-aa57-acca1dd387bd: receive RaftClientReply:client-0C76110B8A2B->ed5d81fa-aaf0-49db-aa57-acca1dd387bd@group-729F0664FEA8, cid=1808, SUCCESS, logIndex=2599, commits[ed5d81fa-aaf0-49db-aa57-acca1dd387bd:c2600]
2019-09-10 22:12:07,002 [grpc-default-executor-1] INFO  client.GrpcClientProtocolClient (GrpcClientProtocolClient.java:onNext(255)) - client-0C76110B8A2B->ed5d81fa-aaf0-49db-aa57-acca1dd387bd: receive RaftClientReply:client-0C76110B8A2B->ed5d81fa-aaf0-49db-aa57-acca1dd387bd@group-729F0664FEA8, cid=1809, SUCCESS, logIndex=2601, commits[ed5d81fa-aaf0-49db-aa57-acca1dd387bd:c2602]
2019-09-10 22:12:07,002 [grpc-default-executor-1] INFO  client.GrpcClientProtocolClient (GrpcClientProtocolClient.java:onNext(255)) - client-0C76110B8A2B->ed5d81fa-aaf0-49db-aa57-acca1dd387bd: receive RaftClientReply:client-0C76110B8A2B->ed5d81fa-aaf0-49db-aa57-acca1dd387bd@group-729F0664FEA8, cid=1810, SUCCESS, logIndex=2602, commits[ed5d81fa-aaf0-49db-aa57-acca1dd387bd:c2604]
2019-09-10 22:12:07,003 [grpc-default-executor-1] INFO  client.GrpcClientProtocolClient (GrpcClientProtocolClient.java:onNext(255)) - client-0C76110B8A2B->ed5d81fa-aaf0-49db-aa57-acca1dd387bd: receive RaftClientReply:client-0C76110B8A2B->ed5d81fa-aaf0-49db-aa57-acca1dd387bd@group-729F0664FEA8, cid=1811, SUCCESS, logIndex=2603, commits[ed5d81fa-aaf0-49db-aa57-acca1dd387bd:c2604]
2019-09-10 22:12:07,003 [grpc-default-executor-1] INFO  client.GrpcClientProtocolClient (GrpcClientProtocolClient.java:onNext(255)) - client-0C76110B8A2B->ed5d81fa-aaf0-49db-aa57-acca1dd387bd: receive RaftClientReply:client-0C76110B8A2B->ed5d81fa-aaf0-49db-aa57-acca1dd387bd@group-729F0664FEA8, cid=1812, SUCCESS, logIndex=2604, commits[ed5d81fa-aaf0-49db-aa57-acca1dd387bd:c2605]
2019-09-10 22:12:07,074 [SCMBlockDeletingService#1] DEBUG block.SCMBlockDeletingService (SCMBlockDeletingService.java:call(138)) - Running DeletedBlockTransactionScanner
2019-09-10 22:12:07,074 [SCMBlockDeletingService#1] DEBUG block.SCMBlockDeletingService (SCMBlockDeletingService.java:call(155)) - Scanned deleted blocks log and got 0 delTX to process.
2019-09-10 22:12:07,118 [grpc-default-executor-1] INFO  client.GrpcClientProtocolClient (GrpcClientProtocolClient.java:onNext(255)) - client-0C76110B8A2B->ed5d81fa-aaf0-49db-aa57-acca1dd387bd: receive RaftClientReply:client-0C76110B8A2B->ed5d81fa-aaf0-49db-aa57-acca1dd387bd@group-729F0664FEA8, cid=1813, SUCCESS, logIndex=2607, commits[ed5d81fa-aaf0-49db-aa57-acca1dd387bd:c2610]
2019-09-10 22:12:07,118 [grpc-default-executor-1] INFO  client.GrpcClientProtocolClient (GrpcClientProtocolClient.java:onNext(255)) - client-0C76110B8A2B->ed5d81fa-aaf0-49db-aa57-acca1dd387bd: receive RaftClientReply:client-0C76110B8A2B->ed5d81fa-aaf0-49db-aa57-acca1dd387bd@group-729F0664FEA8, cid=1814, SUCCESS, logIndex=2608, commits[ed5d81fa-aaf0-49db-aa57-acca1dd387bd:c2611]
2019-09-10 22:12:07,118 [grpc-default-executor-1] INFO  client.GrpcClientProtocolClient (GrpcClientProtocolClient.java:onNext(255)) - client-0C76110B8A2B->ed5d81fa-aaf0-49db-aa57-acca1dd387bd: receive RaftClientReply:client-0C76110B8A2B->ed5d81fa-aaf0-49db-aa57-acca1dd387bd@group-729F0664FEA8, cid=1815, SUCCESS, logIndex=2609, commits[ed5d81fa-aaf0-49db-aa57-acca1dd387bd:c2611]
2019-09-10 22:12:07,119 [grpc-default-executor-1] INFO  client.GrpcClientProtocolClient (GrpcClientProtocolClient.java:onNext(255)) - client-0C76110B8A2B->ed5d81fa-aaf0-49db-aa57-acca1dd387bd: receive RaftClientReply:client-0C76110B8A2B->ed5d81fa-aaf0-49db-aa57-acca1dd387bd@group-729F0664FEA8, cid=1816, SUCCESS, logIndex=2610, commits[ed5d81fa-aaf0-49db-aa57-acca1dd387bd:c2611]
2019-09-10 22:12:07,149 [grpc-default-executor-0] INFO  client.GrpcClientProtocolClient (GrpcClientProtocolClient.java:onNext(255)) - client-0C76110B8A2B->ed5d81fa-aaf0-49db-aa57-acca1dd387bd: receive RaftClientReply:client-0C76110B8A2B->ed5d81fa-aaf0-49db-aa57-acca1dd387bd@group-729F0664FEA8, cid=1817, SUCCESS, logIndex=2612, commits[ed5d81fa-aaf0-49db-aa57-acca1dd387bd:c2615]
2019-09-10 22:12:07,150 [grpc-default-executor-0] INFO  client.GrpcClientProtocolClient (GrpcClientProtocolClient.java:onNext(255)) - client-0C76110B8A2B->ed5d81fa-aaf0-49db-aa57-acca1dd387bd: receive RaftClientReply:client-0C76110B8A2B->ed5d81fa-aaf0-49db-aa57-acca1dd387bd@group-729F0664FEA8, cid=1818, SUCCESS, logIndex=2613, commits[ed5d81fa-aaf0-49db-aa57-acca1dd387bd:c2616]
2019-09-10 22:12:07,150 [grpc-default-executor-0] INFO  client.GrpcClientProtocolClient (GrpcClientProtocolClient.java:onNext(255)) - client-0C76110B8A2B->ed5d81fa-aaf0-49db-aa57-acca1dd387bd: receive RaftClientReply:client-0C76110B8A2B->ed5d81fa-aaf0-49db-aa57-acca1dd387bd@group-729F0664FEA8, cid=1819, SUCCESS, logIndex=2614, commits[ed5d81fa-aaf0-49db-aa57-acca1dd387bd:c2616]
2019-09-10 22:12:07,150 [grpc-default-executor-0] INFO  client.GrpcClientProtocolClient (GrpcClientProtocolClient.java:onNext(255)) - client-0C76110B8A2B->ed5d81fa-aaf0-49db-aa57-acca1dd387bd: receive RaftClientReply:client-0C76110B8A2B->ed5d81fa-aaf0-49db-aa57-acca1dd387bd@group-729F0664FEA8, cid=1820, SUCCESS, logIndex=2615, commits[ed5d81fa-aaf0-49db-aa57-acca1dd387bd:c2616]
2019-09-10 22:12:07,168 [grpc-default-executor-1] INFO  client.GrpcClientProtocolClient (GrpcClientProtocolClient.java:onNext(255)) - client-0C76110B8A2B->ed5d81fa-aaf0-49db-aa57-acca1dd387bd: receive RaftClientReply:client-0C76110B8A2B->ed5d81fa-aaf0-49db-aa57-acca1dd387bd@group-729F0664FEA8, cid=1821, SUCCESS, logIndex=2617, commits[ed5d81fa-aaf0-49db-aa57-acca1dd387bd:c2618]
2019-09-10 22:12:07,169 [grpc-default-executor-1] INFO  client.GrpcClientProtocolClient (GrpcClientProtocolClient.java:onNext(255)) - client-0C76110B8A2B->ed5d81fa-aaf0-49db-aa57-acca1dd387bd: receive RaftClientReply:client-0C76110B8A2B->ed5d81fa-aaf0-49db-aa57-acca1dd387bd@group-729F0664FEA8, cid=1822, SUCCESS, logIndex=2618, commits[ed5d81fa-aaf0-49db-aa57-acca1dd387bd:c2620]
2019-09-10 22:12:07,169 [grpc-default-executor-1] INFO  client.GrpcClientProtocolClient (GrpcClientProtocolClient.java:onNext(255)) - client-0C76110B8A2B->ed5d81fa-aaf0-49db-aa57-acca1dd387bd: receive RaftClientReply:client-0C76110B8A2B->ed5d81fa-aaf0-49db-aa57-acca1dd387bd@group-729F0664FEA8, cid=1823, SUCCESS, logIndex=2619, commits[ed5d81fa-aaf0-49db-aa57-acca1dd387bd:c2620]
2019-09-10 22:12:07,169 [grpc-default-executor-1] INFO  client.GrpcClientProtocolClient (GrpcClientProtocolClient.java:onNext(255)) - client-0C76110B8A2B->ed5d81fa-aaf0-49db-aa57-acca1dd387bd: receive RaftClientReply:client-0C76110B8A2B->ed5d81fa-aaf0-49db-aa57-acca1dd387bd@group-729F0664FEA8, cid=1824, SUCCESS, logIndex=2620, commits[ed5d81fa-aaf0-49db-aa57-acca1dd387bd:c2621]
2019-09-10 22:12:07,175 [SCMBlockDeletingService#1] DEBUG block.SCMBlockDeletingService (SCMBlockDeletingService.java:call(138)) - Running DeletedBlockTransactionScanner
2019-09-10 22:12:07,175 [SCMBlockDeletingService#1] DEBUG block.SCMBlockDeletingService (SCMBlockDeletingService.java:call(155)) - Scanned deleted blocks log and got 0 delTX to process.
2019-09-10 22:12:07,194 [grpc-default-executor-0] INFO  client.GrpcClientProtocolClient (GrpcClientProtocolClient.java:onNext(255)) - client-0C76110B8A2B->ed5d81fa-aaf0-49db-aa57-acca1dd387bd: receive RaftClientReply:client-0C76110B8A2B->ed5d81fa-aaf0-49db-aa57-acca1dd387bd@group-729F0664FEA8, cid=1825, SUCCESS, logIndex=2623, commits[ed5d81fa-aaf0-49db-aa57-acca1dd387bd:c2624]
2019-09-10 22:12:07,196 [grpc-default-executor-0] INFO  client.GrpcClientProtocolClient (GrpcClientProtocolClient.java:onNext(255)) - client-0C76110B8A2B->ed5d81fa-aaf0-49db-aa57-acca1dd387bd: receive RaftClientReply:client-0C76110B8A2B->ed5d81fa-aaf0-49db-aa57-acca1dd387bd@group-729F0664FEA8, cid=1826, SUCCESS, logIndex=2624, commits[ed5d81fa-aaf0-49db-aa57-acca1dd387bd:c2626]
2019-09-10 22:12:07,196 [grpc-default-executor-0] INFO  client.GrpcClientProtocolClient (GrpcClientProtocolClient.java:onNext(255)) - client-0C76110B8A2B->ed5d81fa-aaf0-49db-aa57-acca1dd387bd: receive RaftClientReply:client-0C76110B8A2B->ed5d81fa-aaf0-49db-aa57-acca1dd387bd@group-729F0664FEA8, cid=1827, SUCCESS, logIndex=2625, commits[ed5d81fa-aaf0-49db-aa57-acca1dd387bd:c2628]
2019-09-10 22:12:07,196 [grpc-default-executor-0] INFO  client.GrpcClientProtocolClient (GrpcClientProtocolClient.java:onNext(255)) - client-0C76110B8A2B->ed5d81fa-aaf0-49db-aa57-acca1dd387bd: receive RaftClientReply:client-0C76110B8A2B->ed5d81fa-aaf0-49db-aa57-acca1dd387bd@group-729F0664FEA8, cid=1828, SUCCESS, logIndex=2626, commits[ed5d81fa-aaf0-49db-aa57-acca1dd387bd:c2628]
2019-09-10 22:12:07,216 [grpc-default-executor-0] INFO  client.GrpcClientProtocolClient (GrpcClientProtocolClient.java:onNext(255)) - client-0C76110B8A2B->ed5d81fa-aaf0-49db-aa57-acca1dd387bd: receive RaftClientReply:client-0C76110B8A2B->ed5d81fa-aaf0-49db-aa57-acca1dd387bd@group-729F0664FEA8, cid=1829, SUCCESS, logIndex=2629, commits[ed5d81fa-aaf0-49db-aa57-acca1dd387bd:c2630]
2019-09-10 22:12:07,216 [grpc-default-executor-0] INFO  client.GrpcClientProtocolClient (GrpcClientProtocolClient.java:onNext(255)) - client-0C76110B8A2B->ed5d81fa-aaf0-49db-aa57-acca1dd387bd: receive RaftClientReply:client-0C76110B8A2B->ed5d81fa-aaf0-49db-aa57-acca1dd387bd@group-729F0664FEA8, cid=1830, SUCCESS, logIndex=2630, commits[ed5d81fa-aaf0-49db-aa57-acca1dd387bd:c2632]
2019-09-10 22:12:07,217 [grpc-default-executor-0] INFO  client.GrpcClientProtocolClient (GrpcClientProtocolClient.java:onNext(255)) - client-0C76110B8A2B->ed5d81fa-aaf0-49db-aa57-acca1dd387bd: receive RaftClientReply:client-0C76110B8A2B->ed5d81fa-aaf0-49db-aa57-acca1dd387bd@group-729F0664FEA8, cid=1831, SUCCESS, logIndex=2631, commits[ed5d81fa-aaf0-49db-aa57-acca1dd387bd:c2633]
2019-09-10 22:12:07,217 [grpc-default-executor-0] INFO  client.GrpcClientProtocolClient (GrpcClientProtocolClient.java:onNext(255)) - client-0C76110B8A2B->ed5d81fa-aaf0-49db-aa57-acca1dd387bd: receive RaftClientReply:client-0C76110B8A2B->ed5d81fa-aaf0-49db-aa57-acca1dd387bd@group-729F0664FEA8, cid=1832, SUCCESS, logIndex=2632, commits[ed5d81fa-aaf0-49db-aa57-acca1dd387bd:c2633]
2019-09-10 22:12:07,250 [grpc-default-executor-0] INFO  client.GrpcClientProtocolClient (GrpcClientProtocolClient.java:onNext(255)) - client-0C76110B8A2B->ed5d81fa-aaf0-49db-aa57-acca1dd387bd: receive RaftClientReply:client-0C76110B8A2B->ed5d81fa-aaf0-49db-aa57-acca1dd387bd@group-729F0664FEA8, cid=1833, SUCCESS, logIndex=2635, commits[ed5d81fa-aaf0-49db-aa57-acca1dd387bd:c2636]
2019-09-10 22:12:07,251 [grpc-default-executor-0] INFO  client.GrpcClientProtocolClient (GrpcClientProtocolClient.java:onNext(255)) - client-0C76110B8A2B->ed5d81fa-aaf0-49db-aa57-acca1dd387bd: receive RaftClientReply:client-0C76110B8A2B->ed5d81fa-aaf0-49db-aa57-acca1dd387bd@group-729F0664FEA8, cid=1834, SUCCESS, logIndex=2636, commits[ed5d81fa-aaf0-49db-aa57-acca1dd387bd:c2638]
2019-09-10 22:12:07,251 [grpc-default-executor-0] INFO  client.GrpcClientProtocolClient (GrpcClientProtocolClient.java:onNext(255)) - client-0C76110B8A2B->ed5d81fa-aaf0-49db-aa57-acca1dd387bd: receive RaftClientReply:client-0C76110B8A2B->ed5d81fa-aaf0-49db-aa57-acca1dd387bd@group-729F0664FEA8, cid=1835, SUCCESS, logIndex=2637, commits[ed5d81fa-aaf0-49db-aa57-acca1dd387bd:c2639]
2019-09-10 22:12:07,251 [grpc-default-executor-0] INFO  client.GrpcClientProtocolClient (GrpcClientProtocolClient.java:onNext(255)) - client-0C76110B8A2B->ed5d81fa-aaf0-49db-aa57-acca1dd387bd: receive RaftClientReply:client-0C76110B8A2B->ed5d81fa-aaf0-49db-aa57-acca1dd387bd@group-729F0664FEA8, cid=1836, SUCCESS, logIndex=2638, commits[ed5d81fa-aaf0-49db-aa57-acca1dd387bd:c2639]
2019-09-10 22:12:07,270 [grpc-default-executor-0] INFO  client.GrpcClientProtocolClient (GrpcClientProtocolClient.java:onNext(255)) - client-0C76110B8A2B->ed5d81fa-aaf0-49db-aa57-acca1dd387bd: receive RaftClientReply:client-0C76110B8A2B->ed5d81fa-aaf0-49db-aa57-acca1dd387bd@group-729F0664FEA8, cid=1837, SUCCESS, logIndex=2641, commits[ed5d81fa-aaf0-49db-aa57-acca1dd387bd:c2644]
2019-09-10 22:12:07,271 [grpc-default-executor-0] INFO  client.GrpcClientProtocolClient (GrpcClientProtocolClient.java:onNext(255)) - client-0C76110B8A2B->ed5d81fa-aaf0-49db-aa57-acca1dd387bd: receive RaftClientReply:client-0C76110B8A2B->ed5d81fa-aaf0-49db-aa57-acca1dd387bd@group-729F0664FEA8, cid=1838, SUCCESS, logIndex=2642, commits[ed5d81fa-aaf0-49db-aa57-acca1dd387bd:c2645]
2019-09-10 22:12:07,271 [grpc-default-executor-0] INFO  client.GrpcClientProtocolClient (GrpcClientProtocolClient.java:onNext(255)) - client-0C76110B8A2B->ed5d81fa-aaf0-49db-aa57-acca1dd387bd: receive RaftClientReply:client-0C76110B8A2B->ed5d81fa-aaf0-49db-aa57-acca1dd387bd@group-729F0664FEA8, cid=1839, SUCCESS, logIndex=2643, commits[ed5d81fa-aaf0-49db-aa57-acca1dd387bd:c2645]
2019-09-10 22:12:07,272 [grpc-default-executor-0] INFO  client.GrpcClientProtocolClient (GrpcClientProtocolClient.java:onNext(255)) - client-0C76110B8A2B->ed5d81fa-aaf0-49db-aa57-acca1dd387bd: receive RaftClientReply:client-0C76110B8A2B->ed5d81fa-aaf0-49db-aa57-acca1dd387bd@group-729F0664FEA8, cid=1840, SUCCESS, logIndex=2644, commits[ed5d81fa-aaf0-49db-aa57-acca1dd387bd:c2645]
2019-09-10 22:12:07,275 [SCMBlockDeletingService#0] DEBUG block.SCMBlockDeletingService (SCMBlockDeletingService.java:call(138)) - Running DeletedBlockTransactionScanner
2019-09-10 22:12:07,275 [SCMBlockDeletingService#0] DEBUG block.SCMBlockDeletingService (SCMBlockDeletingService.java:call(155)) - Scanned deleted blocks log and got 0 delTX to process.
2019-09-10 22:12:07,359 [grpc-default-executor-0] INFO  client.GrpcClientProtocolClient (GrpcClientProtocolClient.java:onNext(255)) - client-0C76110B8A2B->ed5d81fa-aaf0-49db-aa57-acca1dd387bd: receive RaftClientReply:client-0C76110B8A2B->ed5d81fa-aaf0-49db-aa57-acca1dd387bd@group-729F0664FEA8, cid=1841, SUCCESS, logIndex=2646, commits[ed5d81fa-aaf0-49db-aa57-acca1dd387bd:c2647]
2019-09-10 22:12:07,360 [grpc-default-executor-0] INFO  client.GrpcClientProtocolClient (GrpcClientProtocolClient.java:onNext(255)) - client-0C76110B8A2B->ed5d81fa-aaf0-49db-aa57-acca1dd387bd: receive RaftClientReply:client-0C76110B8A2B->ed5d81fa-aaf0-49db-aa57-acca1dd387bd@group-729F0664FEA8, cid=1842, SUCCESS, logIndex=2647, commits[ed5d81fa-aaf0-49db-aa57-acca1dd387bd:c2649]
2019-09-10 22:12:07,360 [grpc-default-executor-0] INFO  client.GrpcClientProtocolClient (GrpcClientProtocolClient.java:onNext(255)) - client-0C76110B8A2B->ed5d81fa-aaf0-49db-aa57-acca1dd387bd: receive RaftClientReply:client-0C76110B8A2B->ed5d81fa-aaf0-49db-aa57-acca1dd387bd@group-729F0664FEA8, cid=1843, SUCCESS, logIndex=2648, commits[ed5d81fa-aaf0-49db-aa57-acca1dd387bd:c2650]
2019-09-10 22:12:07,360 [grpc-default-executor-0] INFO  client.GrpcClientProtocolClient (GrpcClientProtocolClient.java:onNext(255)) - client-0C76110B8A2B->ed5d81fa-aaf0-49db-aa57-acca1dd387bd: receive RaftClientReply:client-0C76110B8A2B->ed5d81fa-aaf0-49db-aa57-acca1dd387bd@group-729F0664FEA8, cid=1844, SUCCESS, logIndex=2649, commits[ed5d81fa-aaf0-49db-aa57-acca1dd387bd:c2650]
2019-09-10 22:12:07,375 [SCMBlockDeletingService#0] DEBUG block.SCMBlockDeletingService (SCMBlockDeletingService.java:call(138)) - Running DeletedBlockTransactionScanner
2019-09-10 22:12:07,376 [SCMBlockDeletingService#0] DEBUG block.SCMBlockDeletingService (SCMBlockDeletingService.java:call(155)) - Scanned deleted blocks log and got 0 delTX to process.
2019-09-10 22:12:07,380 [grpc-default-executor-0] INFO  client.GrpcClientProtocolClient (GrpcClientProtocolClient.java:onNext(255)) - client-0C76110B8A2B->ed5d81fa-aaf0-49db-aa57-acca1dd387bd: receive RaftClientReply:client-0C76110B8A2B->ed5d81fa-aaf0-49db-aa57-acca1dd387bd@group-729F0664FEA8, cid=1845, SUCCESS, logIndex=2652, commits[ed5d81fa-aaf0-49db-aa57-acca1dd387bd:c2653]
2019-09-10 22:12:07,380 [grpc-default-executor-0] INFO  client.GrpcClientProtocolClient (GrpcClientProtocolClient.java:onNext(255)) - client-0C76110B8A2B->ed5d81fa-aaf0-49db-aa57-acca1dd387bd: receive RaftClientReply:client-0C76110B8A2B->ed5d81fa-aaf0-49db-aa57-acca1dd387bd@group-729F0664FEA8, cid=1846, SUCCESS, logIndex=2653, commits[ed5d81fa-aaf0-49db-aa57-acca1dd387bd:c2655]
2019-09-10 22:12:07,381 [grpc-default-executor-0] INFO  client.GrpcClientProtocolClient (GrpcClientProtocolClient.java:onNext(255)) - client-0C76110B8A2B->ed5d81fa-aaf0-49db-aa57-acca1dd387bd: receive RaftClientReply:client-0C76110B8A2B->ed5d81fa-aaf0-49db-aa57-acca1dd387bd@group-729F0664FEA8, cid=1847, SUCCESS, logIndex=2654, commits[ed5d81fa-aaf0-49db-aa57-acca1dd387bd:c2655]
2019-09-10 22:12:07,381 [grpc-default-executor-0] INFO  client.GrpcClientProtocolClient (GrpcClientProtocolClient.java:onNext(255)) - client-0C76110B8A2B->ed5d81fa-aaf0-49db-aa57-acca1dd387bd: receive RaftClientReply:client-0C76110B8A2B->ed5d81fa-aaf0-49db-aa57-acca1dd387bd@group-729F0664FEA8, cid=1848, SUCCESS, logIndex=2655, commits[ed5d81fa-aaf0-49db-aa57-acca1dd387bd:c2656]
2019-09-10 22:12:07,407 [grpc-default-executor-0] INFO  client.GrpcClientProtocolClient (GrpcClientProtocolClient.java:onNext(255)) - client-0C76110B8A2B->ed5d81fa-aaf0-49db-aa57-acca1dd387bd: receive RaftClientReply:client-0C76110B8A2B->ed5d81fa-aaf0-49db-aa57-acca1dd387bd@group-729F0664FEA8, cid=1849, SUCCESS, logIndex=2658, commits[ed5d81fa-aaf0-49db-aa57-acca1dd387bd:c2659]
2019-09-10 22:12:07,408 [grpc-default-executor-0] INFO  client.GrpcClientProtocolClient (GrpcClientProtocolClient.java:onNext(255)) - client-0C76110B8A2B->ed5d81fa-aaf0-49db-aa57-acca1dd387bd: receive RaftClientReply:client-0C76110B8A2B->ed5d81fa-aaf0-49db-aa57-acca1dd387bd@group-729F0664FEA8, cid=1850, SUCCESS, logIndex=2659, commits[ed5d81fa-aaf0-49db-aa57-acca1dd387bd:c2661]
2019-09-10 22:12:07,408 [grpc-default-executor-0] INFO  client.GrpcClientProtocolClient (GrpcClientProtocolClient.java:onNext(255)) - client-0C76110B8A2B->ed5d81fa-aaf0-49db-aa57-acca1dd387bd: receive RaftClientReply:client-0C76110B8A2B->ed5d81fa-aaf0-49db-aa57-acca1dd387bd@group-729F0664FEA8, cid=1851, SUCCESS, logIndex=2660, commits[ed5d81fa-aaf0-49db-aa57-acca1dd387bd:c2661]
2019-09-10 22:12:07,408 [grpc-default-executor-0] INFO  client.GrpcClientProtocolClient (GrpcClientProtocolClient.java:onNext(255)) - client-0C76110B8A2B->ed5d81fa-aaf0-49db-aa57-acca1dd387bd: receive RaftClientReply:client-0C76110B8A2B->ed5d81fa-aaf0-49db-aa57-acca1dd387bd@group-729F0664FEA8, cid=1852, SUCCESS, logIndex=2661, commits[ed5d81fa-aaf0-49db-aa57-acca1dd387bd:c2661]
2019-09-10 22:12:07,427 [grpc-default-executor-0] INFO  client.GrpcClientProtocolClient (GrpcClientProtocolClient.java:onNext(255)) - client-0C76110B8A2B->ed5d81fa-aaf0-49db-aa57-acca1dd387bd: receive RaftClientReply:client-0C76110B8A2B->ed5d81fa-aaf0-49db-aa57-acca1dd387bd@group-729F0664FEA8, cid=1853, SUCCESS, logIndex=2664, commits[ed5d81fa-aaf0-49db-aa57-acca1dd387bd:c2665]
2019-09-10 22:12:07,428 [grpc-default-executor-0] INFO  client.GrpcClientProtocolClient (GrpcClientProtocolClient.java:onNext(255)) - client-0C76110B8A2B->ed5d81fa-aaf0-49db-aa57-acca1dd387bd: receive RaftClientReply:client-0C76110B8A2B->ed5d81fa-aaf0-49db-aa57-acca1dd387bd@group-729F0664FEA8, cid=1854, SUCCESS, logIndex=2665, commits[ed5d81fa-aaf0-49db-aa57-acca1dd387bd:c2665]
2019-09-10 22:12:07,428 [grpc-default-executor-0] INFO  client.GrpcClientProtocolClient (GrpcClientProtocolClient.java:onNext(255)) - client-0C76110B8A2B->ed5d81fa-aaf0-49db-aa57-acca1dd387bd: receive RaftClientReply:client-0C76110B8A2B->ed5d81fa-aaf0-49db-aa57-acca1dd387bd@group-729F0664FEA8, cid=1855, SUCCESS, logIndex=2666, commits[ed5d81fa-aaf0-49db-aa57-acca1dd387bd:c2667]
2019-09-10 22:12:07,428 [grpc-default-executor-0] INFO  client.GrpcClientProtocolClient (GrpcClientProtocolClient.java:onNext(255)) - client-0C76110B8A2B->ed5d81fa-aaf0-49db-aa57-acca1dd387bd: receive RaftClientReply:client-0C76110B8A2B->ed5d81fa-aaf0-49db-aa57-acca1dd387bd@group-729F0664FEA8, cid=1856, SUCCESS, logIndex=2667, commits[ed5d81fa-aaf0-49db-aa57-acca1dd387bd:c2667]
2019-09-10 22:12:07,476 [SCMBlockDeletingService#1] DEBUG block.SCMBlockDeletingService (SCMBlockDeletingService.java:call(138)) - Running DeletedBlockTransactionScanner
2019-09-10 22:12:07,476 [SCMBlockDeletingService#1] DEBUG block.SCMBlockDeletingService (SCMBlockDeletingService.java:call(155)) - Scanned deleted blocks log and got 0 delTX to process.
2019-09-10 22:12:07,560 [grpc-default-executor-0] INFO  client.GrpcClientProtocolClient (GrpcClientProtocolClient.java:onNext(255)) - client-0C76110B8A2B->ed5d81fa-aaf0-49db-aa57-acca1dd387bd: receive RaftClientReply:client-0C76110B8A2B->ed5d81fa-aaf0-49db-aa57-acca1dd387bd@group-729F0664FEA8, cid=1857, SUCCESS, logIndex=2670, commits[ed5d81fa-aaf0-49db-aa57-acca1dd387bd:c2673]
2019-09-10 22:12:07,561 [grpc-default-executor-0] INFO  client.GrpcClientProtocolClient (GrpcClientProtocolClient.java:onNext(255)) - client-0C76110B8A2B->ed5d81fa-aaf0-49db-aa57-acca1dd387bd: receive RaftClientReply:client-0C76110B8A2B->ed5d81fa-aaf0-49db-aa57-acca1dd387bd@group-729F0664FEA8, cid=1858, SUCCESS, logIndex=2671, commits[ed5d81fa-aaf0-49db-aa57-acca1dd387bd:c2674]
2019-09-10 22:12:07,561 [grpc-default-executor-0] INFO  client.GrpcClientProtocolClient (GrpcClientProtocolClient.java:onNext(255)) - client-0C76110B8A2B->ed5d81fa-aaf0-49db-aa57-acca1dd387bd: receive RaftClientReply:client-0C76110B8A2B->ed5d81fa-aaf0-49db-aa57-acca1dd387bd@group-729F0664FEA8, cid=1859, SUCCESS, logIndex=2672, commits[ed5d81fa-aaf0-49db-aa57-acca1dd387bd:c2674]
2019-09-10 22:12:07,562 [grpc-default-executor-0] INFO  client.GrpcClientProtocolClient (GrpcClientProtocolClient.java:onNext(255)) - client-0C76110B8A2B->ed5d81fa-aaf0-49db-aa57-acca1dd387bd: receive RaftClientReply:client-0C76110B8A2B->ed5d81fa-aaf0-49db-aa57-acca1dd387bd@group-729F0664FEA8, cid=1860, SUCCESS, logIndex=2673, commits[ed5d81fa-aaf0-49db-aa57-acca1dd387bd:c2674]
2019-09-10 22:12:07,577 [SCMBlockDeletingService#1] DEBUG block.SCMBlockDeletingService (SCMBlockDeletingService.java:call(138)) - Running DeletedBlockTransactionScanner
2019-09-10 22:12:07,577 [SCMBlockDeletingService#1] DEBUG block.SCMBlockDeletingService (SCMBlockDeletingService.java:call(155)) - Scanned deleted blocks log and got 0 delTX to process.
2019-09-10 22:12:07,580 [grpc-default-executor-0] INFO  client.GrpcClientProtocolClient (GrpcClientProtocolClient.java:onNext(255)) - client-0C76110B8A2B->ed5d81fa-aaf0-49db-aa57-acca1dd387bd: receive RaftClientReply:client-0C76110B8A2B->ed5d81fa-aaf0-49db-aa57-acca1dd387bd@group-729F0664FEA8, cid=1861, SUCCESS, logIndex=2675, commits[ed5d81fa-aaf0-49db-aa57-acca1dd387bd:c2676]
2019-09-10 22:12:07,581 [grpc-default-executor-0] INFO  client.GrpcClientProtocolClient (GrpcClientProtocolClient.java:onNext(255)) - client-0C76110B8A2B->ed5d81fa-aaf0-49db-aa57-acca1dd387bd: receive RaftClientReply:client-0C76110B8A2B->ed5d81fa-aaf0-49db-aa57-acca1dd387bd@group-729F0664FEA8, cid=1862, SUCCESS, logIndex=2676, commits[ed5d81fa-aaf0-49db-aa57-acca1dd387bd:c2676]
2019-09-10 22:12:07,581 [grpc-default-executor-0] INFO  client.GrpcClientProtocolClient (GrpcClientProtocolClient.java:onNext(255)) - client-0C76110B8A2B->ed5d81fa-aaf0-49db-aa57-acca1dd387bd: receive RaftClientReply:client-0C76110B8A2B->ed5d81fa-aaf0-49db-aa57-acca1dd387bd@group-729F0664FEA8, cid=1863, SUCCESS, logIndex=2677, commits[ed5d81fa-aaf0-49db-aa57-acca1dd387bd:c2678]
2019-09-10 22:12:07,581 [grpc-default-executor-0] INFO  client.GrpcClientProtocolClient (GrpcClientProtocolClient.java:onNext(255)) - client-0C76110B8A2B->ed5d81fa-aaf0-49db-aa57-acca1dd387bd: receive RaftClientReply:client-0C76110B8A2B->ed5d81fa-aaf0-49db-aa57-acca1dd387bd@group-729F0664FEA8, cid=1864, SUCCESS, logIndex=2678, commits[ed5d81fa-aaf0-49db-aa57-acca1dd387bd:c2679]
2019-09-10 22:12:07,609 [grpc-default-executor-1] INFO  client.GrpcClientProtocolClient (GrpcClientProtocolClient.java:onNext(255)) - client-0C76110B8A2B->ed5d81fa-aaf0-49db-aa57-acca1dd387bd: receive RaftClientReply:client-0C76110B8A2B->ed5d81fa-aaf0-49db-aa57-acca1dd387bd@group-729F0664FEA8, cid=1865, SUCCESS, logIndex=2681, commits[ed5d81fa-aaf0-49db-aa57-acca1dd387bd:c2684]
2019-09-10 22:12:07,609 [grpc-default-executor-1] INFO  client.GrpcClientProtocolClient (GrpcClientProtocolClient.java:onNext(255)) - client-0C76110B8A2B->ed5d81fa-aaf0-49db-aa57-acca1dd387bd: receive RaftClientReply:client-0C76110B8A2B->ed5d81fa-aaf0-49db-aa57-acca1dd387bd@group-729F0664FEA8, cid=1866, SUCCESS, logIndex=2682, commits[ed5d81fa-aaf0-49db-aa57-acca1dd387bd:c2685]
2019-09-10 22:12:07,610 [grpc-default-executor-1] INFO  client.GrpcClientProtocolClient (GrpcClientProtocolClient.java:onNext(255)) - client-0C76110B8A2B->ed5d81fa-aaf0-49db-aa57-acca1dd387bd: receive RaftClientReply:client-0C76110B8A2B->ed5d81fa-aaf0-49db-aa57-acca1dd387bd@group-729F0664FEA8, cid=1867, SUCCESS, logIndex=2683, commits[ed5d81fa-aaf0-49db-aa57-acca1dd387bd:c2685]
2019-09-10 22:12:07,610 [grpc-default-executor-1] INFO  client.GrpcClientProtocolClient (GrpcClientProtocolClient.java:onNext(255)) - client-0C76110B8A2B->ed5d81fa-aaf0-49db-aa57-acca1dd387bd: receive RaftClientReply:client-0C76110B8A2B->ed5d81fa-aaf0-49db-aa57-acca1dd387bd@group-729F0664FEA8, cid=1868, SUCCESS, logIndex=2684, commits[ed5d81fa-aaf0-49db-aa57-acca1dd387bd:c2685]
2019-09-10 22:12:07,630 [grpc-default-executor-1] INFO  client.GrpcClientProtocolClient (GrpcClientProtocolClient.java:onNext(255)) - client-0C76110B8A2B->ed5d81fa-aaf0-49db-aa57-acca1dd387bd: receive RaftClientReply:client-0C76110B8A2B->ed5d81fa-aaf0-49db-aa57-acca1dd387bd@group-729F0664FEA8, cid=1869, SUCCESS, logIndex=2686, commits[ed5d81fa-aaf0-49db-aa57-acca1dd387bd:c2689]
2019-09-10 22:12:07,631 [grpc-default-executor-1] INFO  client.GrpcClientProtocolClient (GrpcClientProtocolClient.java:onNext(255)) - client-0C76110B8A2B->ed5d81fa-aaf0-49db-aa57-acca1dd387bd: receive RaftClientReply:client-0C76110B8A2B->ed5d81fa-aaf0-49db-aa57-acca1dd387bd@group-729F0664FEA8, cid=1870, SUCCESS, logIndex=2687, commits[ed5d81fa-aaf0-49db-aa57-acca1dd387bd:c2690]
2019-09-10 22:12:07,631 [grpc-default-executor-1] INFO  client.GrpcClientProtocolClient (GrpcClientProtocolClient.java:onNext(255)) - client-0C76110B8A2B->ed5d81fa-aaf0-49db-aa57-acca1dd387bd: receive RaftClientReply:client-0C76110B8A2B->ed5d81fa-aaf0-49db-aa57-acca1dd387bd@group-729F0664FEA8, cid=1871, SUCCESS, logIndex=2688, commits[ed5d81fa-aaf0-49db-aa57-acca1dd387bd:c2690]
2019-09-10 22:12:07,631 [grpc-default-executor-1] INFO  client.GrpcClientProtocolClient (GrpcClientProtocolClient.java:onNext(255)) - client-0C76110B8A2B->ed5d81fa-aaf0-49db-aa57-acca1dd387bd: receive RaftClientReply:client-0C76110B8A2B->ed5d81fa-aaf0-49db-aa57-acca1dd387bd@group-729F0664FEA8, cid=1872, SUCCESS, logIndex=2689, commits[ed5d81fa-aaf0-49db-aa57-acca1dd387bd:c2690]
2019-09-10 22:12:07,656 [grpc-default-executor-0] INFO  client.GrpcClientProtocolClient (GrpcClientProtocolClient.java:onNext(255)) - client-0C76110B8A2B->ed5d81fa-aaf0-49db-aa57-acca1dd387bd: receive RaftClientReply:client-0C76110B8A2B->ed5d81fa-aaf0-49db-aa57-acca1dd387bd@group-729F0664FEA8, cid=1873, SUCCESS, logIndex=2691, commits[ed5d81fa-aaf0-49db-aa57-acca1dd387bd:c2692]
2019-09-10 22:12:07,657 [grpc-default-executor-0] INFO  client.GrpcClientProtocolClient (GrpcClientProtocolClient.java:onNext(255)) - client-0C76110B8A2B->ed5d81fa-aaf0-49db-aa57-acca1dd387bd: receive RaftClientReply:client-0C76110B8A2B->ed5d81fa-aaf0-49db-aa57-acca1dd387bd@group-729F0664FEA8, cid=1874, SUCCESS, logIndex=2692, commits[ed5d81fa-aaf0-49db-aa57-acca1dd387bd:c2695]
2019-09-10 22:12:07,657 [grpc-default-executor-0] INFO  client.GrpcClientProtocolClient (GrpcClientProtocolClient.java:onNext(255)) - client-0C76110B8A2B->ed5d81fa-aaf0-49db-aa57-acca1dd387bd: receive RaftClientReply:client-0C76110B8A2B->ed5d81fa-aaf0-49db-aa57-acca1dd387bd@group-729F0664FEA8, cid=1875, SUCCESS, logIndex=2693, commits[ed5d81fa-aaf0-49db-aa57-acca1dd387bd:c2695]
2019-09-10 22:12:07,657 [grpc-default-executor-0] INFO  client.GrpcClientProtocolClient (GrpcClientProtocolClient.java:onNext(255)) - client-0C76110B8A2B->ed5d81fa-aaf0-49db-aa57-acca1dd387bd: receive RaftClientReply:client-0C76110B8A2B->ed5d81fa-aaf0-49db-aa57-acca1dd387bd@group-729F0664FEA8, cid=1876, SUCCESS, logIndex=2694, commits[ed5d81fa-aaf0-49db-aa57-acca1dd387bd:c2695]
2019-09-10 22:12:07,677 [SCMBlockDeletingService#1] DEBUG block.SCMBlockDeletingService (SCMBlockDeletingService.java:call(138)) - Running DeletedBlockTransactionScanner
2019-09-10 22:12:07,677 [grpc-default-executor-0] INFO  client.GrpcClientProtocolClient (GrpcClientProtocolClient.java:onNext(255)) - client-0C76110B8A2B->ed5d81fa-aaf0-49db-aa57-acca1dd387bd: receive RaftClientReply:client-0C76110B8A2B->ed5d81fa-aaf0-49db-aa57-acca1dd387bd@group-729F0664FEA8, cid=1877, SUCCESS, logIndex=2696, commits[ed5d81fa-aaf0-49db-aa57-acca1dd387bd:c2699]
2019-09-10 22:12:07,678 [SCMBlockDeletingService#1] DEBUG block.SCMBlockDeletingService (SCMBlockDeletingService.java:call(155)) - Scanned deleted blocks log and got 0 delTX to process.
2019-09-10 22:12:07,678 [grpc-default-executor-0] INFO  client.GrpcClientProtocolClient (GrpcClientProtocolClient.java:onNext(255)) - client-0C76110B8A2B->ed5d81fa-aaf0-49db-aa57-acca1dd387bd: receive RaftClientReply:client-0C76110B8A2B->ed5d81fa-aaf0-49db-aa57-acca1dd387bd@group-729F0664FEA8, cid=1878, SUCCESS, logIndex=2697, commits[ed5d81fa-aaf0-49db-aa57-acca1dd387bd:c2700]
2019-09-10 22:12:07,683 [grpc-default-executor-0] INFO  client.GrpcClientProtocolClient (GrpcClientProtocolClient.java:onNext(255)) - client-0C76110B8A2B->ed5d81fa-aaf0-49db-aa57-acca1dd387bd: receive RaftClientReply:client-0C76110B8A2B->ed5d81fa-aaf0-49db-aa57-acca1dd387bd@group-729F0664FEA8, cid=1879, SUCCESS, logIndex=2698, commits[ed5d81fa-aaf0-49db-aa57-acca1dd387bd:c2700]
2019-09-10 22:12:07,683 [grpc-default-executor-0] INFO  client.GrpcClientProtocolClient (GrpcClientProtocolClient.java:onNext(255)) - client-0C76110B8A2B->ed5d81fa-aaf0-49db-aa57-acca1dd387bd: receive RaftClientReply:client-0C76110B8A2B->ed5d81fa-aaf0-49db-aa57-acca1dd387bd@group-729F0664FEA8, cid=1880, SUCCESS, logIndex=2699, commits[ed5d81fa-aaf0-49db-aa57-acca1dd387bd:c2700]
2019-09-10 22:12:07,708 [grpc-default-executor-1] INFO  client.GrpcClientProtocolClient (GrpcClientProtocolClient.java:onNext(255)) - client-0C76110B8A2B->ed5d81fa-aaf0-49db-aa57-acca1dd387bd: receive RaftClientReply:client-0C76110B8A2B->ed5d81fa-aaf0-49db-aa57-acca1dd387bd@group-729F0664FEA8, cid=1881, SUCCESS, logIndex=2701, commits[ed5d81fa-aaf0-49db-aa57-acca1dd387bd:c2702]
2019-09-10 22:12:07,709 [grpc-default-executor-1] INFO  client.GrpcClientProtocolClient (GrpcClientProtocolClient.java:onNext(255)) - client-0C76110B8A2B->ed5d81fa-aaf0-49db-aa57-acca1dd387bd: receive RaftClientReply:client-0C76110B8A2B->ed5d81fa-aaf0-49db-aa57-acca1dd387bd@group-729F0664FEA8, cid=1882, SUCCESS, logIndex=2702, commits[ed5d81fa-aaf0-49db-aa57-acca1dd387bd:c2704]
2019-09-10 22:12:07,709 [grpc-default-executor-1] INFO  client.GrpcClientProtocolClient (GrpcClientProtocolClient.java:onNext(255)) - client-0C76110B8A2B->ed5d81fa-aaf0-49db-aa57-acca1dd387bd: receive RaftClientReply:client-0C76110B8A2B->ed5d81fa-aaf0-49db-aa57-acca1dd387bd@group-729F0664FEA8, cid=1883, SUCCESS, logIndex=2703, commits[ed5d81fa-aaf0-49db-aa57-acca1dd387bd:c2704]
2019-09-10 22:12:07,710 [grpc-default-executor-1] INFO  client.GrpcClientProtocolClient (GrpcClientProtocolClient.java:onNext(255)) - client-0C76110B8A2B->ed5d81fa-aaf0-49db-aa57-acca1dd387bd: receive RaftClientReply:client-0C76110B8A2B->ed5d81fa-aaf0-49db-aa57-acca1dd387bd@group-729F0664FEA8, cid=1884, SUCCESS, logIndex=2704, commits[ed5d81fa-aaf0-49db-aa57-acca1dd387bd:c2705]
2019-09-10 22:12:07,727 [grpc-default-executor-0] INFO  client.GrpcClientProtocolClient (GrpcClientProtocolClient.java:onNext(255)) - client-0C76110B8A2B->ed5d81fa-aaf0-49db-aa57-acca1dd387bd: receive RaftClientReply:client-0C76110B8A2B->ed5d81fa-aaf0-49db-aa57-acca1dd387bd@group-729F0664FEA8, cid=1885, SUCCESS, logIndex=2707, commits[ed5d81fa-aaf0-49db-aa57-acca1dd387bd:c2708]
2019-09-10 22:12:07,728 [grpc-default-executor-0] INFO  client.GrpcClientProtocolClient (GrpcClientProtocolClient.java:onNext(255)) - client-0C76110B8A2B->ed5d81fa-aaf0-49db-aa57-acca1dd387bd: receive RaftClientReply:client-0C76110B8A2B->ed5d81fa-aaf0-49db-aa57-acca1dd387bd@group-729F0664FEA8, cid=1886, SUCCESS, logIndex=2708, commits[ed5d81fa-aaf0-49db-aa57-acca1dd387bd:c2708]
2019-09-10 22:12:07,728 [grpc-default-executor-0] INFO  client.GrpcClientProtocolClient (GrpcClientProtocolClient.java:onNext(255)) - client-0C76110B8A2B->ed5d81fa-aaf0-49db-aa57-acca1dd387bd: receive RaftClientReply:client-0C76110B8A2B->ed5d81fa-aaf0-49db-aa57-acca1dd387bd@group-729F0664FEA8, cid=1887, SUCCESS, logIndex=2709, commits[ed5d81fa-aaf0-49db-aa57-acca1dd387bd:c2710]
2019-09-10 22:12:07,728 [grpc-default-executor-0] INFO  client.GrpcClientProtocolClient (GrpcClientProtocolClient.java:onNext(255)) - client-0C76110B8A2B->ed5d81fa-aaf0-49db-aa57-acca1dd387bd: receive RaftClientReply:client-0C76110B8A2B->ed5d81fa-aaf0-49db-aa57-acca1dd387bd@group-729F0664FEA8, cid=1888, SUCCESS, logIndex=2710, commits[ed5d81fa-aaf0-49db-aa57-acca1dd387bd:c2710]
2019-09-10 22:12:07,756 [grpc-default-executor-1] INFO  client.GrpcClientProtocolClient (GrpcClientProtocolClient.java:onNext(255)) - client-0C76110B8A2B->ed5d81fa-aaf0-49db-aa57-acca1dd387bd: receive RaftClientReply:client-0C76110B8A2B->ed5d81fa-aaf0-49db-aa57-acca1dd387bd@group-729F0664FEA8, cid=1889, SUCCESS, logIndex=2713, commits[ed5d81fa-aaf0-49db-aa57-acca1dd387bd:c2714]
2019-09-10 22:12:07,756 [grpc-default-executor-1] INFO  client.GrpcClientProtocolClient (GrpcClientProtocolClient.java:onNext(255)) - client-0C76110B8A2B->ed5d81fa-aaf0-49db-aa57-acca1dd387bd: receive RaftClientReply:client-0C76110B8A2B->ed5d81fa-aaf0-49db-aa57-acca1dd387bd@group-729F0664FEA8, cid=1890, SUCCESS, logIndex=2714, commits[ed5d81fa-aaf0-49db-aa57-acca1dd387bd:c2716]
2019-09-10 22:12:07,756 [grpc-default-executor-1] INFO  client.GrpcClientProtocolClient (GrpcClientProtocolClient.java:onNext(255)) - client-0C76110B8A2B->ed5d81fa-aaf0-49db-aa57-acca1dd387bd: receive RaftClientReply:client-0C76110B8A2B->ed5d81fa-aaf0-49db-aa57-acca1dd387bd@group-729F0664FEA8, cid=1891, SUCCESS, logIndex=2715, commits[ed5d81fa-aaf0-49db-aa57-acca1dd387bd:c2717]
2019-09-10 22:12:07,757 [grpc-default-executor-1] INFO  client.GrpcClientProtocolClient (GrpcClientProtocolClient.java:onNext(255)) - client-0C76110B8A2B->ed5d81fa-aaf0-49db-aa57-acca1dd387bd: receive RaftClientReply:client-0C76110B8A2B->ed5d81fa-aaf0-49db-aa57-acca1dd387bd@group-729F0664FEA8, cid=1892, SUCCESS, logIndex=2716, commits[ed5d81fa-aaf0-49db-aa57-acca1dd387bd:c2717]
2019-09-10 22:12:07,774 [grpc-default-executor-1] INFO  client.GrpcClientProtocolClient (GrpcClientProtocolClient.java:onNext(255)) - client-0C76110B8A2B->ed5d81fa-aaf0-49db-aa57-acca1dd387bd: receive RaftClientReply:client-0C76110B8A2B->ed5d81fa-aaf0-49db-aa57-acca1dd387bd@group-729F0664FEA8, cid=1893, SUCCESS, logIndex=2719, commits[ed5d81fa-aaf0-49db-aa57-acca1dd387bd:c2722]
2019-09-10 22:12:07,774 [grpc-default-executor-1] INFO  client.GrpcClientProtocolClient (GrpcClientProtocolClient.java:onNext(255)) - client-0C76110B8A2B->ed5d81fa-aaf0-49db-aa57-acca1dd387bd: receive RaftClientReply:client-0C76110B8A2B->ed5d81fa-aaf0-49db-aa57-acca1dd387bd@group-729F0664FEA8, cid=1894, SUCCESS, logIndex=2720, commits[ed5d81fa-aaf0-49db-aa57-acca1dd387bd:c2722]
2019-09-10 22:12:07,774 [grpc-default-executor-1] INFO  client.GrpcClientProtocolClient (GrpcClientProtocolClient.java:onNext(255)) - client-0C76110B8A2B->ed5d81fa-aaf0-49db-aa57-acca1dd387bd: receive RaftClientReply:client-0C76110B8A2B->ed5d81fa-aaf0-49db-aa57-acca1dd387bd@group-729F0664FEA8, cid=1895, SUCCESS, logIndex=2721, commits[ed5d81fa-aaf0-49db-aa57-acca1dd387bd:c2723]
2019-09-10 22:12:07,775 [grpc-default-executor-1] INFO  client.GrpcClientProtocolClient (GrpcClientProtocolClient.java:onNext(255)) - client-0C76110B8A2B->ed5d81fa-aaf0-49db-aa57-acca1dd387bd: receive RaftClientReply:client-0C76110B8A2B->ed5d81fa-aaf0-49db-aa57-acca1dd387bd@group-729F0664FEA8, cid=1896, SUCCESS, logIndex=2722, commits[ed5d81fa-aaf0-49db-aa57-acca1dd387bd:c2724]
2019-09-10 22:12:07,778 [SCMBlockDeletingService#1] DEBUG block.SCMBlockDeletingService (SCMBlockDeletingService.java:call(138)) - Running DeletedBlockTransactionScanner
2019-09-10 22:12:07,778 [SCMBlockDeletingService#1] DEBUG block.SCMBlockDeletingService (SCMBlockDeletingService.java:call(155)) - Scanned deleted blocks log and got 0 delTX to process.
2019-09-10 22:12:07,797 [grpc-default-executor-1] INFO  client.GrpcClientProtocolClient (GrpcClientProtocolClient.java:onNext(255)) - client-0C76110B8A2B->ed5d81fa-aaf0-49db-aa57-acca1dd387bd: receive RaftClientReply:client-0C76110B8A2B->ed5d81fa-aaf0-49db-aa57-acca1dd387bd@group-729F0664FEA8, cid=1897, SUCCESS, logIndex=2725, commits[ed5d81fa-aaf0-49db-aa57-acca1dd387bd:c2728]
2019-09-10 22:12:07,797 [grpc-default-executor-1] INFO  client.GrpcClientProtocolClient (GrpcClientProtocolClient.java:onNext(255)) - client-0C76110B8A2B->ed5d81fa-aaf0-49db-aa57-acca1dd387bd: receive RaftClientReply:client-0C76110B8A2B->ed5d81fa-aaf0-49db-aa57-acca1dd387bd@group-729F0664FEA8, cid=1898, SUCCESS, logIndex=2726, commits[ed5d81fa-aaf0-49db-aa57-acca1dd387bd:c2728]
2019-09-10 22:12:07,798 [grpc-default-executor-1] INFO  client.GrpcClientProtocolClient (GrpcClientProtocolClient.java:onNext(255)) - client-0C76110B8A2B->ed5d81fa-aaf0-49db-aa57-acca1dd387bd: receive RaftClientReply:client-0C76110B8A2B->ed5d81fa-aaf0-49db-aa57-acca1dd387bd@group-729F0664FEA8, cid=1899, SUCCESS, logIndex=2727, commits[ed5d81fa-aaf0-49db-aa57-acca1dd387bd:c2729]
2019-09-10 22:12:07,798 [grpc-default-executor-1] INFO  client.GrpcClientProtocolClient (GrpcClientProtocolClient.java:onNext(255)) - client-0C76110B8A2B->ed5d81fa-aaf0-49db-aa57-acca1dd387bd: receive RaftClientReply:client-0C76110B8A2B->ed5d81fa-aaf0-49db-aa57-acca1dd387bd@group-729F0664FEA8, cid=1900, SUCCESS, logIndex=2728, commits[ed5d81fa-aaf0-49db-aa57-acca1dd387bd:c2729]
2019-09-10 22:12:07,879 [SCMBlockDeletingService#1] DEBUG block.SCMBlockDeletingService (SCMBlockDeletingService.java:call(138)) - Running DeletedBlockTransactionScanner
2019-09-10 22:12:07,879 [SCMBlockDeletingService#1] DEBUG block.SCMBlockDeletingService (SCMBlockDeletingService.java:call(155)) - Scanned deleted blocks log and got 0 delTX to process.
2019-09-10 22:12:07,906 [grpc-default-executor-1] INFO  client.GrpcClientProtocolClient (GrpcClientProtocolClient.java:onNext(255)) - client-0C76110B8A2B->ed5d81fa-aaf0-49db-aa57-acca1dd387bd: receive RaftClientReply:client-0C76110B8A2B->ed5d81fa-aaf0-49db-aa57-acca1dd387bd@group-729F0664FEA8, cid=1901, SUCCESS, logIndex=2731, commits[ed5d81fa-aaf0-49db-aa57-acca1dd387bd:c2732]
2019-09-10 22:12:07,906 [grpc-default-executor-1] INFO  client.GrpcClientProtocolClient (GrpcClientProtocolClient.java:onNext(255)) - client-0C76110B8A2B->ed5d81fa-aaf0-49db-aa57-acca1dd387bd: receive RaftClientReply:client-0C76110B8A2B->ed5d81fa-aaf0-49db-aa57-acca1dd387bd@group-729F0664FEA8, cid=1902, SUCCESS, logIndex=2732, commits[ed5d81fa-aaf0-49db-aa57-acca1dd387bd:c2734]
2019-09-10 22:12:07,907 [grpc-default-executor-1] INFO  client.GrpcClientProtocolClient (GrpcClientProtocolClient.java:onNext(255)) - client-0C76110B8A2B->ed5d81fa-aaf0-49db-aa57-acca1dd387bd: receive RaftClientReply:client-0C76110B8A2B->ed5d81fa-aaf0-49db-aa57-acca1dd387bd@group-729F0664FEA8, cid=1903, SUCCESS, logIndex=2733, commits[ed5d81fa-aaf0-49db-aa57-acca1dd387bd:c2735]
2019-09-10 22:12:07,907 [grpc-default-executor-1] INFO  client.GrpcClientProtocolClient (GrpcClientProtocolClient.java:onNext(255)) - client-0C76110B8A2B->ed5d81fa-aaf0-49db-aa57-acca1dd387bd: receive RaftClientReply:client-0C76110B8A2B->ed5d81fa-aaf0-49db-aa57-acca1dd387bd@group-729F0664FEA8, cid=1904, SUCCESS, logIndex=2734, commits[ed5d81fa-aaf0-49db-aa57-acca1dd387bd:c2736]
2019-09-10 22:12:07,933 [grpc-default-executor-1] INFO  client.GrpcClientProtocolClient (GrpcClientProtocolClient.java:onNext(255)) - client-0C76110B8A2B->ed5d81fa-aaf0-49db-aa57-acca1dd387bd: receive RaftClientReply:client-0C76110B8A2B->ed5d81fa-aaf0-49db-aa57-acca1dd387bd@group-729F0664FEA8, cid=1905, SUCCESS, logIndex=2737, commits[ed5d81fa-aaf0-49db-aa57-acca1dd387bd:c2738]
2019-09-10 22:12:07,934 [grpc-default-executor-1] INFO  client.GrpcClientProtocolClient (GrpcClientProtocolClient.java:onNext(255)) - client-0C76110B8A2B->ed5d81fa-aaf0-49db-aa57-acca1dd387bd: receive RaftClientReply:client-0C76110B8A2B->ed5d81fa-aaf0-49db-aa57-acca1dd387bd@group-729F0664FEA8, cid=1906, SUCCESS, logIndex=2738, commits[ed5d81fa-aaf0-49db-aa57-acca1dd387bd:c2740]
2019-09-10 22:12:07,934 [grpc-default-executor-1] INFO  client.GrpcClientProtocolClient (GrpcClientProtocolClient.java:onNext(255)) - client-0C76110B8A2B->ed5d81fa-aaf0-49db-aa57-acca1dd387bd: receive RaftClientReply:client-0C76110B8A2B->ed5d81fa-aaf0-49db-aa57-acca1dd387bd@group-729F0664FEA8, cid=1907, SUCCESS, logIndex=2739, commits[ed5d81fa-aaf0-49db-aa57-acca1dd387bd:c2740]
2019-09-10 22:12:07,934 [grpc-default-executor-1] INFO  client.GrpcClientProtocolClient (GrpcClientProtocolClient.java:onNext(255)) - client-0C76110B8A2B->ed5d81fa-aaf0-49db-aa57-acca1dd387bd: receive RaftClientReply:client-0C76110B8A2B->ed5d81fa-aaf0-49db-aa57-acca1dd387bd@group-729F0664FEA8, cid=1908, SUCCESS, logIndex=2740, commits[ed5d81fa-aaf0-49db-aa57-acca1dd387bd:c2741]
2019-09-10 22:12:07,954 [grpc-default-executor-1] INFO  client.GrpcClientProtocolClient (GrpcClientProtocolClient.java:onNext(255)) - client-0C76110B8A2B->ed5d81fa-aaf0-49db-aa57-acca1dd387bd: receive RaftClientReply:client-0C76110B8A2B->ed5d81fa-aaf0-49db-aa57-acca1dd387bd@group-729F0664FEA8, cid=1909, SUCCESS, logIndex=2743, commits[ed5d81fa-aaf0-49db-aa57-acca1dd387bd:c2746]
2019-09-10 22:12:07,954 [grpc-default-executor-1] INFO  client.GrpcClientProtocolClient (GrpcClientProtocolClient.java:onNext(255)) - client-0C76110B8A2B->ed5d81fa-aaf0-49db-aa57-acca1dd387bd: receive RaftClientReply:client-0C76110B8A2B->ed5d81fa-aaf0-49db-aa57-acca1dd387bd@group-729F0664FEA8, cid=1910, SUCCESS, logIndex=2744, commits[ed5d81fa-aaf0-49db-aa57-acca1dd387bd:c2747]
2019-09-10 22:12:07,954 [grpc-default-executor-1] INFO  client.GrpcClientProtocolClient (GrpcClientProtocolClient.java:onNext(255)) - client-0C76110B8A2B->ed5d81fa-aaf0-49db-aa57-acca1dd387bd: receive RaftClientReply:client-0C76110B8A2B->ed5d81fa-aaf0-49db-aa57-acca1dd387bd@group-729F0664FEA8, cid=1911, SUCCESS, logIndex=2745, commits[ed5d81fa-aaf0-49db-aa57-acca1dd387bd:c2747]
2019-09-10 22:12:07,955 [grpc-default-executor-1] INFO  client.GrpcClientProtocolClient (GrpcClientProtocolClient.java:onNext(255)) - client-0C76110B8A2B->ed5d81fa-aaf0-49db-aa57-acca1dd387bd: receive RaftClientReply:client-0C76110B8A2B->ed5d81fa-aaf0-49db-aa57-acca1dd387bd@group-729F0664FEA8, cid=1912, SUCCESS, logIndex=2746, commits[ed5d81fa-aaf0-49db-aa57-acca1dd387bd:c2747]
2019-09-10 22:12:07,979 [SCMBlockDeletingService#1] DEBUG block.SCMBlockDeletingService (SCMBlockDeletingService.java:call(138)) - Running DeletedBlockTransactionScanner
2019-09-10 22:12:07,980 [SCMBlockDeletingService#1] DEBUG block.SCMBlockDeletingService (SCMBlockDeletingService.java:call(155)) - Scanned deleted blocks log and got 0 delTX to process.
2019-09-10 22:12:07,981 [grpc-default-executor-0] INFO  client.GrpcClientProtocolClient (GrpcClientProtocolClient.java:onNext(255)) - client-0C76110B8A2B->ed5d81fa-aaf0-49db-aa57-acca1dd387bd: receive RaftClientReply:client-0C76110B8A2B->ed5d81fa-aaf0-49db-aa57-acca1dd387bd@group-729F0664FEA8, cid=1913, SUCCESS, logIndex=2748, commits[ed5d81fa-aaf0-49db-aa57-acca1dd387bd:c2751]
2019-09-10 22:12:07,983 [grpc-default-executor-0] INFO  client.GrpcClientProtocolClient (GrpcClientProtocolClient.java:onNext(255)) - client-0C76110B8A2B->ed5d81fa-aaf0-49db-aa57-acca1dd387bd: receive RaftClientReply:client-0C76110B8A2B->ed5d81fa-aaf0-49db-aa57-acca1dd387bd@group-729F0664FEA8, cid=1914, SUCCESS, logIndex=2749, commits[ed5d81fa-aaf0-49db-aa57-acca1dd387bd:c2752]
2019-09-10 22:12:07,984 [grpc-default-executor-0] INFO  client.GrpcClientProtocolClient (GrpcClientProtocolClient.java:onNext(255)) - client-0C76110B8A2B->ed5d81fa-aaf0-49db-aa57-acca1dd387bd: receive RaftClientReply:client-0C76110B8A2B->ed5d81fa-aaf0-49db-aa57-acca1dd387bd@group-729F0664FEA8, cid=1915, SUCCESS, logIndex=2750, commits[ed5d81fa-aaf0-49db-aa57-acca1dd387bd:c2752]
2019-09-10 22:12:07,984 [grpc-default-executor-0] INFO  client.GrpcClientProtocolClient (GrpcClientProtocolClient.java:onNext(255)) - client-0C76110B8A2B->ed5d81fa-aaf0-49db-aa57-acca1dd387bd: receive RaftClientReply:client-0C76110B8A2B->ed5d81fa-aaf0-49db-aa57-acca1dd387bd@group-729F0664FEA8, cid=1916, SUCCESS, logIndex=2751, commits[ed5d81fa-aaf0-49db-aa57-acca1dd387bd:c2752]
2019-09-10 22:12:08,005 [grpc-default-executor-0] INFO  client.GrpcClientProtocolClient (GrpcClientProtocolClient.java:onNext(255)) - client-0C76110B8A2B->ed5d81fa-aaf0-49db-aa57-acca1dd387bd: receive RaftClientReply:client-0C76110B8A2B->ed5d81fa-aaf0-49db-aa57-acca1dd387bd@group-729F0664FEA8, cid=1917, SUCCESS, logIndex=2753, commits[ed5d81fa-aaf0-49db-aa57-acca1dd387bd:c2756]
2019-09-10 22:12:08,005 [grpc-default-executor-0] INFO  client.GrpcClientProtocolClient (GrpcClientProtocolClient.java:onNext(255)) - client-0C76110B8A2B->ed5d81fa-aaf0-49db-aa57-acca1dd387bd: receive RaftClientReply:client-0C76110B8A2B->ed5d81fa-aaf0-49db-aa57-acca1dd387bd@group-729F0664FEA8, cid=1918, SUCCESS, logIndex=2754, commits[ed5d81fa-aaf0-49db-aa57-acca1dd387bd:c2757]
2019-09-10 22:12:08,006 [grpc-default-executor-0] INFO  client.GrpcClientProtocolClient (GrpcClientProtocolClient.java:onNext(255)) - client-0C76110B8A2B->ed5d81fa-aaf0-49db-aa57-acca1dd387bd: receive RaftClientReply:client-0C76110B8A2B->ed5d81fa-aaf0-49db-aa57-acca1dd387bd@group-729F0664FEA8, cid=1919, SUCCESS, logIndex=2755, commits[ed5d81fa-aaf0-49db-aa57-acca1dd387bd:c2757]
2019-09-10 22:12:08,006 [grpc-default-executor-0] INFO  client.GrpcClientProtocolClient (GrpcClientProtocolClient.java:onNext(255)) - client-0C76110B8A2B->ed5d81fa-aaf0-49db-aa57-acca1dd387bd: receive RaftClientReply:client-0C76110B8A2B->ed5d81fa-aaf0-49db-aa57-acca1dd387bd@group-729F0664FEA8, cid=1920, SUCCESS, logIndex=2756, commits[ed5d81fa-aaf0-49db-aa57-acca1dd387bd:c2757]
2019-09-10 22:12:08,034 [grpc-default-executor-1] INFO  client.GrpcClientProtocolClient (GrpcClientProtocolClient.java:onNext(255)) - client-0C76110B8A2B->ed5d81fa-aaf0-49db-aa57-acca1dd387bd: receive RaftClientReply:client-0C76110B8A2B->ed5d81fa-aaf0-49db-aa57-acca1dd387bd@group-729F0664FEA8, cid=1921, SUCCESS, logIndex=2758, commits[ed5d81fa-aaf0-49db-aa57-acca1dd387bd:c2761]
2019-09-10 22:12:08,035 [grpc-default-executor-1] INFO  client.GrpcClientProtocolClient (GrpcClientProtocolClient.java:onNext(255)) - client-0C76110B8A2B->ed5d81fa-aaf0-49db-aa57-acca1dd387bd: receive RaftClientReply:client-0C76110B8A2B->ed5d81fa-aaf0-49db-aa57-acca1dd387bd@group-729F0664FEA8, cid=1922, SUCCESS, logIndex=2759, commits[ed5d81fa-aaf0-49db-aa57-acca1dd387bd:c2762]
2019-09-10 22:12:08,035 [grpc-default-executor-1] INFO  client.GrpcClientProtocolClient (GrpcClientProtocolClient.java:onNext(255)) - client-0C76110B8A2B->ed5d81fa-aaf0-49db-aa57-acca1dd387bd: receive RaftClientReply:client-0C76110B8A2B->ed5d81fa-aaf0-49db-aa57-acca1dd387bd@group-729F0664FEA8, cid=1923, SUCCESS, logIndex=2760, commits[ed5d81fa-aaf0-49db-aa57-acca1dd387bd:c2762]
2019-09-10 22:12:08,036 [grpc-default-executor-1] INFO  client.GrpcClientProtocolClient (GrpcClientProtocolClient.java:onNext(255)) - client-0C76110B8A2B->ed5d81fa-aaf0-49db-aa57-acca1dd387bd: receive RaftClientReply:client-0C76110B8A2B->ed5d81fa-aaf0-49db-aa57-acca1dd387bd@group-729F0664FEA8, cid=1924, SUCCESS, logIndex=2761, commits[ed5d81fa-aaf0-49db-aa57-acca1dd387bd:c2762]
2019-09-10 22:12:08,053 [grpc-default-executor-0] INFO  client.GrpcClientProtocolClient (GrpcClientProtocolClient.java:onNext(255)) - client-0C76110B8A2B->ed5d81fa-aaf0-49db-aa57-acca1dd387bd: receive RaftClientReply:client-0C76110B8A2B->ed5d81fa-aaf0-49db-aa57-acca1dd387bd@group-729F0664FEA8, cid=1925, SUCCESS, logIndex=2763, commits[ed5d81fa-aaf0-49db-aa57-acca1dd387bd:c2764]
2019-09-10 22:12:08,054 [grpc-default-executor-0] INFO  client.GrpcClientProtocolClient (GrpcClientProtocolClient.java:onNext(255)) - client-0C76110B8A2B->ed5d81fa-aaf0-49db-aa57-acca1dd387bd: receive RaftClientReply:client-0C76110B8A2B->ed5d81fa-aaf0-49db-aa57-acca1dd387bd@group-729F0664FEA8, cid=1926, SUCCESS, logIndex=2764, commits[ed5d81fa-aaf0-49db-aa57-acca1dd387bd:c2766]
2019-09-10 22:12:08,054 [grpc-default-executor-0] INFO  client.GrpcClientProtocolClient (GrpcClientProtocolClient.java:onNext(255)) - client-0C76110B8A2B->ed5d81fa-aaf0-49db-aa57-acca1dd387bd: receive RaftClientReply:client-0C76110B8A2B->ed5d81fa-aaf0-49db-aa57-acca1dd387bd@group-729F0664FEA8, cid=1927, SUCCESS, logIndex=2765, commits[ed5d81fa-aaf0-49db-aa57-acca1dd387bd:c2767]
2019-09-10 22:12:08,054 [grpc-default-executor-0] INFO  client.GrpcClientProtocolClient (GrpcClientProtocolClient.java:onNext(255)) - client-0C76110B8A2B->ed5d81fa-aaf0-49db-aa57-acca1dd387bd: receive RaftClientReply:client-0C76110B8A2B->ed5d81fa-aaf0-49db-aa57-acca1dd387bd@group-729F0664FEA8, cid=1928, SUCCESS, logIndex=2766, commits[ed5d81fa-aaf0-49db-aa57-acca1dd387bd:c2768]
2019-09-10 22:12:08,079 [grpc-default-executor-0] INFO  client.GrpcClientProtocolClient (GrpcClientProtocolClient.java:onNext(255)) - client-0C76110B8A2B->ed5d81fa-aaf0-49db-aa57-acca1dd387bd: receive RaftClientReply:client-0C76110B8A2B->ed5d81fa-aaf0-49db-aa57-acca1dd387bd@group-729F0664FEA8, cid=1929, SUCCESS, logIndex=2769, commits[ed5d81fa-aaf0-49db-aa57-acca1dd387bd:c2772]
2019-09-10 22:12:08,080 [grpc-default-executor-0] INFO  client.GrpcClientProtocolClient (GrpcClientProtocolClient.java:onNext(255)) - client-0C76110B8A2B->ed5d81fa-aaf0-49db-aa57-acca1dd387bd: receive RaftClientReply:client-0C76110B8A2B->ed5d81fa-aaf0-49db-aa57-acca1dd387bd@group-729F0664FEA8, cid=1930, SUCCESS, logIndex=2770, commits[ed5d81fa-aaf0-49db-aa57-acca1dd387bd:c2772]
2019-09-10 22:12:08,080 [grpc-default-executor-0] INFO  client.GrpcClientProtocolClient (GrpcClientProtocolClient.java:onNext(255)) - client-0C76110B8A2B->ed5d81fa-aaf0-49db-aa57-acca1dd387bd: receive RaftClientReply:client-0C76110B8A2B->ed5d81fa-aaf0-49db-aa57-acca1dd387bd@group-729F0664FEA8, cid=1931, SUCCESS, logIndex=2771, commits[ed5d81fa-aaf0-49db-aa57-acca1dd387bd:c2772]
2019-09-10 22:12:08,080 [grpc-default-executor-0] INFO  client.GrpcClientProtocolClient (GrpcClientProtocolClient.java:onNext(255)) - client-0C76110B8A2B->ed5d81fa-aaf0-49db-aa57-acca1dd387bd: receive RaftClientReply:client-0C76110B8A2B->ed5d81fa-aaf0-49db-aa57-acca1dd387bd@group-729F0664FEA8, cid=1932, SUCCESS, logIndex=2772, commits[ed5d81fa-aaf0-49db-aa57-acca1dd387bd:c2773]
2019-09-10 22:12:08,080 [SCMBlockDeletingService#1] DEBUG block.SCMBlockDeletingService (SCMBlockDeletingService.java:call(138)) - Running DeletedBlockTransactionScanner
2019-09-10 22:12:08,081 [SCMBlockDeletingService#1] DEBUG block.SCMBlockDeletingService (SCMBlockDeletingService.java:call(155)) - Scanned deleted blocks log and got 0 delTX to process.
2019-09-10 22:12:08,181 [SCMBlockDeletingService#1] DEBUG block.SCMBlockDeletingService (SCMBlockDeletingService.java:call(138)) - Running DeletedBlockTransactionScanner
2019-09-10 22:12:08,181 [SCMBlockDeletingService#1] DEBUG block.SCMBlockDeletingService (SCMBlockDeletingService.java:call(155)) - Scanned deleted blocks log and got 0 delTX to process.
2019-09-10 22:12:08,211 [grpc-default-executor-0] INFO  client.GrpcClientProtocolClient (GrpcClientProtocolClient.java:onNext(255)) - client-0C76110B8A2B->ed5d81fa-aaf0-49db-aa57-acca1dd387bd: receive RaftClientReply:client-0C76110B8A2B->ed5d81fa-aaf0-49db-aa57-acca1dd387bd@group-729F0664FEA8, cid=1933, SUCCESS, logIndex=2775, commits[ed5d81fa-aaf0-49db-aa57-acca1dd387bd:c2776]
2019-09-10 22:12:08,211 [grpc-default-executor-0] INFO  client.GrpcClientProtocolClient (GrpcClientProtocolClient.java:onNext(255)) - client-0C76110B8A2B->ed5d81fa-aaf0-49db-aa57-acca1dd387bd: receive RaftClientReply:client-0C76110B8A2B->ed5d81fa-aaf0-49db-aa57-acca1dd387bd@group-729F0664FEA8, cid=1934, SUCCESS, logIndex=2776, commits[ed5d81fa-aaf0-49db-aa57-acca1dd387bd:c2778]
2019-09-10 22:12:08,212 [grpc-default-executor-0] INFO  client.GrpcClientProtocolClient (GrpcClientProtocolClient.java:onNext(255)) - client-0C76110B8A2B->ed5d81fa-aaf0-49db-aa57-acca1dd387bd: receive RaftClientReply:client-0C76110B8A2B->ed5d81fa-aaf0-49db-aa57-acca1dd387bd@group-729F0664FEA8, cid=1935, SUCCESS, logIndex=2777, commits[ed5d81fa-aaf0-49db-aa57-acca1dd387bd:c2779]
2019-09-10 22:12:08,212 [grpc-default-executor-0] INFO  client.GrpcClientProtocolClient (GrpcClientProtocolClient.java:onNext(255)) - client-0C76110B8A2B->ed5d81fa-aaf0-49db-aa57-acca1dd387bd: receive RaftClientReply:client-0C76110B8A2B->ed5d81fa-aaf0-49db-aa57-acca1dd387bd@group-729F0664FEA8, cid=1936, SUCCESS, logIndex=2778, commits[ed5d81fa-aaf0-49db-aa57-acca1dd387bd:c2779]
2019-09-10 22:12:08,244 [grpc-default-executor-0] INFO  client.GrpcClientProtocolClient (GrpcClientProtocolClient.java:onNext(255)) - client-0C76110B8A2B->ed5d81fa-aaf0-49db-aa57-acca1dd387bd: receive RaftClientReply:client-0C76110B8A2B->ed5d81fa-aaf0-49db-aa57-acca1dd387bd@group-729F0664FEA8, cid=1937, SUCCESS, logIndex=2781, commits[ed5d81fa-aaf0-49db-aa57-acca1dd387bd:c2782]
2019-09-10 22:12:08,244 [grpc-default-executor-0] INFO  client.GrpcClientProtocolClient (GrpcClientProtocolClient.java:onNext(255)) - client-0C76110B8A2B->ed5d81fa-aaf0-49db-aa57-acca1dd387bd: receive RaftClientReply:client-0C76110B8A2B->ed5d81fa-aaf0-49db-aa57-acca1dd387bd@group-729F0664FEA8, cid=1938, SUCCESS, logIndex=2782, commits[ed5d81fa-aaf0-49db-aa57-acca1dd387bd:c2784]
2019-09-10 22:12:08,245 [grpc-default-executor-0] INFO  client.GrpcClientProtocolClient (GrpcClientProtocolClient.java:onNext(255)) - client-0C76110B8A2B->ed5d81fa-aaf0-49db-aa57-acca1dd387bd: receive RaftClientReply:client-0C76110B8A2B->ed5d81fa-aaf0-49db-aa57-acca1dd387bd@group-729F0664FEA8, cid=1939, SUCCESS, logIndex=2783, commits[ed5d81fa-aaf0-49db-aa57-acca1dd387bd:c2785]
2019-09-10 22:12:08,245 [grpc-default-executor-0] INFO  client.GrpcClientProtocolClient (GrpcClientProtocolClient.java:onNext(255)) - client-0C76110B8A2B->ed5d81fa-aaf0-49db-aa57-acca1dd387bd: receive RaftClientReply:client-0C76110B8A2B->ed5d81fa-aaf0-49db-aa57-acca1dd387bd@group-729F0664FEA8, cid=1940, SUCCESS, logIndex=2784, commits[ed5d81fa-aaf0-49db-aa57-acca1dd387bd:c2786]
2019-09-10 22:12:08,264 [grpc-default-executor-0] INFO  client.GrpcClientProtocolClient (GrpcClientProtocolClient.java:onNext(255)) - client-0C76110B8A2B->ed5d81fa-aaf0-49db-aa57-acca1dd387bd: receive RaftClientReply:client-0C76110B8A2B->ed5d81fa-aaf0-49db-aa57-acca1dd387bd@group-729F0664FEA8, cid=1941, SUCCESS, logIndex=2787, commits[ed5d81fa-aaf0-49db-aa57-acca1dd387bd:c2790]
2019-09-10 22:12:08,264 [grpc-default-executor-0] INFO  client.GrpcClientProtocolClient (GrpcClientProtocolClient.java:onNext(255)) - client-0C76110B8A2B->ed5d81fa-aaf0-49db-aa57-acca1dd387bd: receive RaftClientReply:client-0C76110B8A2B->ed5d81fa-aaf0-49db-aa57-acca1dd387bd@group-729F0664FEA8, cid=1942, SUCCESS, logIndex=2788, commits[ed5d81fa-aaf0-49db-aa57-acca1dd387bd:c2790]
2019-09-10 22:12:08,265 [grpc-default-executor-0] INFO  client.GrpcClientProtocolClient (GrpcClientProtocolClient.java:onNext(255)) - client-0C76110B8A2B->ed5d81fa-aaf0-49db-aa57-acca1dd387bd: receive RaftClientReply:client-0C76110B8A2B->ed5d81fa-aaf0-49db-aa57-acca1dd387bd@group-729F0664FEA8, cid=1943, SUCCESS, logIndex=2789, commits[ed5d81fa-aaf0-49db-aa57-acca1dd387bd:c2791]
2019-09-10 22:12:08,265 [grpc-default-executor-0] INFO  client.GrpcClientProtocolClient (GrpcClientProtocolClient.java:onNext(255)) - client-0C76110B8A2B->ed5d81fa-aaf0-49db-aa57-acca1dd387bd: receive RaftClientReply:client-0C76110B8A2B->ed5d81fa-aaf0-49db-aa57-acca1dd387bd@group-729F0664FEA8, cid=1944, SUCCESS, logIndex=2790, commits[ed5d81fa-aaf0-49db-aa57-acca1dd387bd:c2792]
2019-09-10 22:12:08,282 [SCMBlockDeletingService#1] DEBUG block.SCMBlockDeletingService (SCMBlockDeletingService.java:call(138)) - Running DeletedBlockTransactionScanner
2019-09-10 22:12:08,282 [SCMBlockDeletingService#1] DEBUG block.SCMBlockDeletingService (SCMBlockDeletingService.java:call(155)) - Scanned deleted blocks log and got 0 delTX to process.
2019-09-10 22:12:08,382 [SCMBlockDeletingService#1] DEBUG block.SCMBlockDeletingService (SCMBlockDeletingService.java:call(138)) - Running DeletedBlockTransactionScanner
2019-09-10 22:12:08,383 [SCMBlockDeletingService#1] DEBUG block.SCMBlockDeletingService (SCMBlockDeletingService.java:call(155)) - Scanned deleted blocks log and got 0 delTX to process.
2019-09-10 22:12:08,413 [grpc-default-executor-0] INFO  client.GrpcClientProtocolClient (GrpcClientProtocolClient.java:onNext(255)) - client-0C76110B8A2B->ed5d81fa-aaf0-49db-aa57-acca1dd387bd: receive RaftClientReply:client-0C76110B8A2B->ed5d81fa-aaf0-49db-aa57-acca1dd387bd@group-729F0664FEA8, cid=1945, SUCCESS, logIndex=2793, commits[ed5d81fa-aaf0-49db-aa57-acca1dd387bd:c2794]
2019-09-10 22:12:08,414 [grpc-default-executor-0] INFO  client.GrpcClientProtocolClient (GrpcClientProtocolClient.java:onNext(255)) - client-0C76110B8A2B->ed5d81fa-aaf0-49db-aa57-acca1dd387bd: receive RaftClientReply:client-0C76110B8A2B->ed5d81fa-aaf0-49db-aa57-acca1dd387bd@group-729F0664FEA8, cid=1946, SUCCESS, logIndex=2794, commits[ed5d81fa-aaf0-49db-aa57-acca1dd387bd:c2796]
2019-09-10 22:12:08,415 [grpc-default-executor-0] INFO  client.GrpcClientProtocolClient (GrpcClientProtocolClient.java:onNext(255)) - client-0C76110B8A2B->ed5d81fa-aaf0-49db-aa57-acca1dd387bd: receive RaftClientReply:client-0C76110B8A2B->ed5d81fa-aaf0-49db-aa57-acca1dd387bd@group-729F0664FEA8, cid=1947, SUCCESS, logIndex=2795, commits[ed5d81fa-aaf0-49db-aa57-acca1dd387bd:c2797]
2019-09-10 22:12:08,415 [grpc-default-executor-0] INFO  client.GrpcClientProtocolClient (GrpcClientProtocolClient.java:onNext(255)) - client-0C76110B8A2B->ed5d81fa-aaf0-49db-aa57-acca1dd387bd: receive RaftClientReply:client-0C76110B8A2B->ed5d81fa-aaf0-49db-aa57-acca1dd387bd@group-729F0664FEA8, cid=1948, SUCCESS, logIndex=2796, commits[ed5d81fa-aaf0-49db-aa57-acca1dd387bd:c2798]
2019-09-10 22:12:08,436 [grpc-default-executor-1] INFO  client.GrpcClientProtocolClient (GrpcClientProtocolClient.java:onNext(255)) - client-0C76110B8A2B->ed5d81fa-aaf0-49db-aa57-acca1dd387bd: receive RaftClientReply:client-0C76110B8A2B->ed5d81fa-aaf0-49db-aa57-acca1dd387bd@group-729F0664FEA8, cid=1949, SUCCESS, logIndex=2799, commits[ed5d81fa-aaf0-49db-aa57-acca1dd387bd:c2800]
2019-09-10 22:12:08,437 [grpc-default-executor-1] INFO  client.GrpcClientProtocolClient (GrpcClientProtocolClient.java:onNext(255)) - client-0C76110B8A2B->ed5d81fa-aaf0-49db-aa57-acca1dd387bd: receive RaftClientReply:client-0C76110B8A2B->ed5d81fa-aaf0-49db-aa57-acca1dd387bd@group-729F0664FEA8, cid=1950, SUCCESS, logIndex=2800, commits[ed5d81fa-aaf0-49db-aa57-acca1dd387bd:c2800]
2019-09-10 22:12:08,438 [grpc-default-executor-1] INFO  client.GrpcClientProtocolClient (GrpcClientProtocolClient.java:onNext(255)) - client-0C76110B8A2B->ed5d81fa-aaf0-49db-aa57-acca1dd387bd: receive RaftClientReply:client-0C76110B8A2B->ed5d81fa-aaf0-49db-aa57-acca1dd387bd@group-729F0664FEA8, cid=1951, SUCCESS, logIndex=2801, commits[ed5d81fa-aaf0-49db-aa57-acca1dd387bd:c2802]
2019-09-10 22:12:08,438 [grpc-default-executor-1] INFO  client.GrpcClientProtocolClient (GrpcClientProtocolClient.java:onNext(255)) - client-0C76110B8A2B->ed5d81fa-aaf0-49db-aa57-acca1dd387bd: receive RaftClientReply:client-0C76110B8A2B->ed5d81fa-aaf0-49db-aa57-acca1dd387bd@group-729F0664FEA8, cid=1952, SUCCESS, logIndex=2802, commits[ed5d81fa-aaf0-49db-aa57-acca1dd387bd:c2803]
2019-09-10 22:12:08,467 [grpc-default-executor-1] INFO  client.GrpcClientProtocolClient (GrpcClientProtocolClient.java:onNext(255)) - client-0C76110B8A2B->ed5d81fa-aaf0-49db-aa57-acca1dd387bd: receive RaftClientReply:client-0C76110B8A2B->ed5d81fa-aaf0-49db-aa57-acca1dd387bd@group-729F0664FEA8, cid=1953, SUCCESS, logIndex=2805, commits[ed5d81fa-aaf0-49db-aa57-acca1dd387bd:c2808]
2019-09-10 22:12:08,468 [grpc-default-executor-1] INFO  client.GrpcClientProtocolClient (GrpcClientProtocolClient.java:onNext(255)) - client-0C76110B8A2B->ed5d81fa-aaf0-49db-aa57-acca1dd387bd: receive RaftClientReply:client-0C76110B8A2B->ed5d81fa-aaf0-49db-aa57-acca1dd387bd@group-729F0664FEA8, cid=1954, SUCCESS, logIndex=2806, commits[ed5d81fa-aaf0-49db-aa57-acca1dd387bd:c2809]
2019-09-10 22:12:08,468 [grpc-default-executor-1] INFO  client.GrpcClientProtocolClient (GrpcClientProtocolClient.java:onNext(255)) - client-0C76110B8A2B->ed5d81fa-aaf0-49db-aa57-acca1dd387bd: receive RaftClientReply:client-0C76110B8A2B->ed5d81fa-aaf0-49db-aa57-acca1dd387bd@group-729F0664FEA8, cid=1955, SUCCESS, logIndex=2807, commits[ed5d81fa-aaf0-49db-aa57-acca1dd387bd:c2809]
2019-09-10 22:12:08,468 [grpc-default-executor-1] INFO  client.GrpcClientProtocolClient (GrpcClientProtocolClient.java:onNext(255)) - client-0C76110B8A2B->ed5d81fa-aaf0-49db-aa57-acca1dd387bd: receive RaftClientReply:client-0C76110B8A2B->ed5d81fa-aaf0-49db-aa57-acca1dd387bd@group-729F0664FEA8, cid=1956, SUCCESS, logIndex=2808, commits[ed5d81fa-aaf0-49db-aa57-acca1dd387bd:c2809]
2019-09-10 22:12:08,483 [SCMBlockDeletingService#1] DEBUG block.SCMBlockDeletingService (SCMBlockDeletingService.java:call(138)) - Running DeletedBlockTransactionScanner
2019-09-10 22:12:08,484 [SCMBlockDeletingService#1] DEBUG block.SCMBlockDeletingService (SCMBlockDeletingService.java:call(155)) - Scanned deleted blocks log and got 0 delTX to process.
2019-09-10 22:12:08,486 [grpc-default-executor-0] INFO  client.GrpcClientProtocolClient (GrpcClientProtocolClient.java:onNext(255)) - client-0C76110B8A2B->ed5d81fa-aaf0-49db-aa57-acca1dd387bd: receive RaftClientReply:client-0C76110B8A2B->ed5d81fa-aaf0-49db-aa57-acca1dd387bd@group-729F0664FEA8, cid=1957, SUCCESS, logIndex=2810, commits[ed5d81fa-aaf0-49db-aa57-acca1dd387bd:c2813]
2019-09-10 22:12:08,486 [grpc-default-executor-0] INFO  client.GrpcClientProtocolClient (GrpcClientProtocolClient.java:onNext(255)) - client-0C76110B8A2B->ed5d81fa-aaf0-49db-aa57-acca1dd387bd: receive RaftClientReply:client-0C76110B8A2B->ed5d81fa-aaf0-49db-aa57-acca1dd387bd@group-729F0664FEA8, cid=1958, SUCCESS, logIndex=2811, commits[ed5d81fa-aaf0-49db-aa57-acca1dd387bd:c2813]
2019-09-10 22:12:08,487 [grpc-default-executor-0] INFO  client.GrpcClientProtocolClient (GrpcClientProtocolClient.java:onNext(255)) - client-0C76110B8A2B->ed5d81fa-aaf0-49db-aa57-acca1dd387bd: receive RaftClientReply:client-0C76110B8A2B->ed5d81fa-aaf0-49db-aa57-acca1dd387bd@group-729F0664FEA8, cid=1959, SUCCESS, logIndex=2812, commits[ed5d81fa-aaf0-49db-aa57-acca1dd387bd:c2814]
2019-09-10 22:12:08,487 [grpc-default-executor-0] INFO  client.GrpcClientProtocolClient (GrpcClientProtocolClient.java:onNext(255)) - client-0C76110B8A2B->ed5d81fa-aaf0-49db-aa57-acca1dd387bd: receive RaftClientReply:client-0C76110B8A2B->ed5d81fa-aaf0-49db-aa57-acca1dd387bd@group-729F0664FEA8, cid=1960, SUCCESS, logIndex=2813, commits[ed5d81fa-aaf0-49db-aa57-acca1dd387bd:c2814]
2019-09-10 22:12:08,513 [grpc-default-executor-0] INFO  client.GrpcClientProtocolClient (GrpcClientProtocolClient.java:onNext(255)) - client-0C76110B8A2B->ed5d81fa-aaf0-49db-aa57-acca1dd387bd: receive RaftClientReply:client-0C76110B8A2B->ed5d81fa-aaf0-49db-aa57-acca1dd387bd@group-729F0664FEA8, cid=1961, SUCCESS, logIndex=2815, commits[ed5d81fa-aaf0-49db-aa57-acca1dd387bd:c2816]
2019-09-10 22:12:08,514 [grpc-default-executor-0] INFO  client.GrpcClientProtocolClient (GrpcClientProtocolClient.java:onNext(255)) - client-0C76110B8A2B->ed5d81fa-aaf0-49db-aa57-acca1dd387bd: receive RaftClientReply:client-0C76110B8A2B->ed5d81fa-aaf0-49db-aa57-acca1dd387bd@group-729F0664FEA8, cid=1962, SUCCESS, logIndex=2816, commits[ed5d81fa-aaf0-49db-aa57-acca1dd387bd:c2818]
2019-09-10 22:12:08,514 [grpc-default-executor-0] INFO  client.GrpcClientProtocolClient (GrpcClientProtocolClient.java:onNext(255)) - client-0C76110B8A2B->ed5d81fa-aaf0-49db-aa57-acca1dd387bd: receive RaftClientReply:client-0C76110B8A2B->ed5d81fa-aaf0-49db-aa57-acca1dd387bd@group-729F0664FEA8, cid=1963, SUCCESS, logIndex=2817, commits[ed5d81fa-aaf0-49db-aa57-acca1dd387bd:c2819]
2019-09-10 22:12:08,514 [grpc-default-executor-0] INFO  client.GrpcClientProtocolClient (GrpcClientProtocolClient.java:onNext(255)) - client-0C76110B8A2B->ed5d81fa-aaf0-49db-aa57-acca1dd387bd: receive RaftClientReply:client-0C76110B8A2B->ed5d81fa-aaf0-49db-aa57-acca1dd387bd@group-729F0664FEA8, cid=1964, SUCCESS, logIndex=2818, commits[ed5d81fa-aaf0-49db-aa57-acca1dd387bd:c2820]
2019-09-10 22:12:08,532 [grpc-default-executor-0] INFO  client.GrpcClientProtocolClient (GrpcClientProtocolClient.java:onNext(255)) - client-0C76110B8A2B->ed5d81fa-aaf0-49db-aa57-acca1dd387bd: receive RaftClientReply:client-0C76110B8A2B->ed5d81fa-aaf0-49db-aa57-acca1dd387bd@group-729F0664FEA8, cid=1965, SUCCESS, logIndex=2821, commits[ed5d81fa-aaf0-49db-aa57-acca1dd387bd:c2822]
2019-09-10 22:12:08,533 [grpc-default-executor-0] INFO  client.GrpcClientProtocolClient (GrpcClientProtocolClient.java:onNext(255)) - client-0C76110B8A2B->ed5d81fa-aaf0-49db-aa57-acca1dd387bd: receive RaftClientReply:client-0C76110B8A2B->ed5d81fa-aaf0-49db-aa57-acca1dd387bd@group-729F0664FEA8, cid=1966, SUCCESS, logIndex=2822, commits[ed5d81fa-aaf0-49db-aa57-acca1dd387bd:c2824]
2019-09-10 22:12:08,533 [grpc-default-executor-0] INFO  client.GrpcClientProtocolClient (GrpcClientProtocolClient.java:onNext(255)) - client-0C76110B8A2B->ed5d81fa-aaf0-49db-aa57-acca1dd387bd: receive RaftClientReply:client-0C76110B8A2B->ed5d81fa-aaf0-49db-aa57-acca1dd387bd@group-729F0664FEA8, cid=1967, SUCCESS, logIndex=2823, commits[ed5d81fa-aaf0-49db-aa57-acca1dd387bd:c2825]
2019-09-10 22:12:08,533 [grpc-default-executor-0] INFO  client.GrpcClientProtocolClient (GrpcClientProtocolClient.java:onNext(255)) - client-0C76110B8A2B->ed5d81fa-aaf0-49db-aa57-acca1dd387bd: receive RaftClientReply:client-0C76110B8A2B->ed5d81fa-aaf0-49db-aa57-acca1dd387bd@group-729F0664FEA8, cid=1968, SUCCESS, logIndex=2824, commits[ed5d81fa-aaf0-49db-aa57-acca1dd387bd:c2825]
2019-09-10 22:12:08,559 [grpc-default-executor-0] INFO  client.GrpcClientProtocolClient (GrpcClientProtocolClient.java:onNext(255)) - client-0C76110B8A2B->ed5d81fa-aaf0-49db-aa57-acca1dd387bd: receive RaftClientReply:client-0C76110B8A2B->ed5d81fa-aaf0-49db-aa57-acca1dd387bd@group-729F0664FEA8, cid=1969, SUCCESS, logIndex=2827, commits[ed5d81fa-aaf0-49db-aa57-acca1dd387bd:c2828]
2019-09-10 22:12:08,560 [grpc-default-executor-0] INFO  client.GrpcClientProtocolClient (GrpcClientProtocolClient.java:onNext(255)) - client-0C76110B8A2B->ed5d81fa-aaf0-49db-aa57-acca1dd387bd: receive RaftClientReply:client-0C76110B8A2B->ed5d81fa-aaf0-49db-aa57-acca1dd387bd@group-729F0664FEA8, cid=1970, SUCCESS, logIndex=2828, commits[ed5d81fa-aaf0-49db-aa57-acca1dd387bd:c2830]
2019-09-10 22:12:08,560 [grpc-default-executor-0] INFO  client.GrpcClientProtocolClient (GrpcClientProtocolClient.java:onNext(255)) - client-0C76110B8A2B->ed5d81fa-aaf0-49db-aa57-acca1dd387bd: receive RaftClientReply:client-0C76110B8A2B->ed5d81fa-aaf0-49db-aa57-acca1dd387bd@group-729F0664FEA8, cid=1971, SUCCESS, logIndex=2829, commits[ed5d81fa-aaf0-49db-aa57-acca1dd387bd:c2830]
2019-09-10 22:12:08,560 [grpc-default-executor-0] INFO  client.GrpcClientProtocolClient (GrpcClientProtocolClient.java:onNext(255)) - client-0C76110B8A2B->ed5d81fa-aaf0-49db-aa57-acca1dd387bd: receive RaftClientReply:client-0C76110B8A2B->ed5d81fa-aaf0-49db-aa57-acca1dd387bd@group-729F0664FEA8, cid=1972, SUCCESS, logIndex=2830, commits[ed5d81fa-aaf0-49db-aa57-acca1dd387bd:c2831]
2019-09-10 22:12:08,578 [grpc-default-executor-0] INFO  client.GrpcClientProtocolClient (GrpcClientProtocolClient.java:onNext(255)) - client-0C76110B8A2B->ed5d81fa-aaf0-49db-aa57-acca1dd387bd: receive RaftClientReply:client-0C76110B8A2B->ed5d81fa-aaf0-49db-aa57-acca1dd387bd@group-729F0664FEA8, cid=1973, SUCCESS, logIndex=2833, commits[ed5d81fa-aaf0-49db-aa57-acca1dd387bd:c2834]
2019-09-10 22:12:08,579 [grpc-default-executor-0] INFO  client.GrpcClientProtocolClient (GrpcClientProtocolClient.java:onNext(255)) - client-0C76110B8A2B->ed5d81fa-aaf0-49db-aa57-acca1dd387bd: receive RaftClientReply:client-0C76110B8A2B->ed5d81fa-aaf0-49db-aa57-acca1dd387bd@group-729F0664FEA8, cid=1974, SUCCESS, logIndex=2834, commits[ed5d81fa-aaf0-49db-aa57-acca1dd387bd:c2836]
2019-09-10 22:12:08,579 [grpc-default-executor-0] INFO  client.GrpcClientProtocolClient (GrpcClientProtocolClient.java:onNext(255)) - client-0C76110B8A2B->ed5d81fa-aaf0-49db-aa57-acca1dd387bd: receive RaftClientReply:client-0C76110B8A2B->ed5d81fa-aaf0-49db-aa57-acca1dd387bd@group-729F0664FEA8, cid=1975, SUCCESS, logIndex=2835, commits[ed5d81fa-aaf0-49db-aa57-acca1dd387bd:c2837]
2019-09-10 22:12:08,580 [grpc-default-executor-0] INFO  client.GrpcClientProtocolClient (GrpcClientProtocolClient.java:onNext(255)) - client-0C76110B8A2B->ed5d81fa-aaf0-49db-aa57-acca1dd387bd: receive RaftClientReply:client-0C76110B8A2B->ed5d81fa-aaf0-49db-aa57-acca1dd387bd@group-729F0664FEA8, cid=1976, SUCCESS, logIndex=2836, commits[ed5d81fa-aaf0-49db-aa57-acca1dd387bd:c2837]
2019-09-10 22:12:08,584 [SCMBlockDeletingService#1] DEBUG block.SCMBlockDeletingService (SCMBlockDeletingService.java:call(138)) - Running DeletedBlockTransactionScanner
2019-09-10 22:12:08,584 [SCMBlockDeletingService#1] DEBUG block.SCMBlockDeletingService (SCMBlockDeletingService.java:call(155)) - Scanned deleted blocks log and got 0 delTX to process.
2019-09-10 22:12:08,605 [grpc-default-executor-0] INFO  client.GrpcClientProtocolClient (GrpcClientProtocolClient.java:onNext(255)) - client-0C76110B8A2B->ed5d81fa-aaf0-49db-aa57-acca1dd387bd: receive RaftClientReply:client-0C76110B8A2B->ed5d81fa-aaf0-49db-aa57-acca1dd387bd@group-729F0664FEA8, cid=1977, SUCCESS, logIndex=2839, commits[ed5d81fa-aaf0-49db-aa57-acca1dd387bd:c2842]
2019-09-10 22:12:08,605 [grpc-default-executor-0] INFO  client.GrpcClientProtocolClient (GrpcClientProtocolClient.java:onNext(255)) - client-0C76110B8A2B->ed5d81fa-aaf0-49db-aa57-acca1dd387bd: receive RaftClientReply:client-0C76110B8A2B->ed5d81fa-aaf0-49db-aa57-acca1dd387bd@group-729F0664FEA8, cid=1978, SUCCESS, logIndex=2840, commits[ed5d81fa-aaf0-49db-aa57-acca1dd387bd:c2842]
2019-09-10 22:12:08,605 [grpc-default-executor-0] INFO  client.GrpcClientProtocolClient (GrpcClientProtocolClient.java:onNext(255)) - client-0C76110B8A2B->ed5d81fa-aaf0-49db-aa57-acca1dd387bd: receive RaftClientReply:client-0C76110B8A2B->ed5d81fa-aaf0-49db-aa57-acca1dd387bd@group-729F0664FEA8, cid=1979, SUCCESS, logIndex=2841, commits[ed5d81fa-aaf0-49db-aa57-acca1dd387bd:c2843]
2019-09-10 22:12:08,605 [grpc-default-executor-0] INFO  client.GrpcClientProtocolClient (GrpcClientProtocolClient.java:onNext(255)) - client-0C76110B8A2B->ed5d81fa-aaf0-49db-aa57-acca1dd387bd: receive RaftClientReply:client-0C76110B8A2B->ed5d81fa-aaf0-49db-aa57-acca1dd387bd@group-729F0664FEA8, cid=1980, SUCCESS, logIndex=2842, commits[ed5d81fa-aaf0-49db-aa57-acca1dd387bd:c2843]
2019-09-10 22:12:08,624 [grpc-default-executor-0] INFO  client.GrpcClientProtocolClient (GrpcClientProtocolClient.java:onNext(255)) - client-0C76110B8A2B->ed5d81fa-aaf0-49db-aa57-acca1dd387bd: receive RaftClientReply:client-0C76110B8A2B->ed5d81fa-aaf0-49db-aa57-acca1dd387bd@group-729F0664FEA8, cid=1981, SUCCESS, logIndex=2844, commits[ed5d81fa-aaf0-49db-aa57-acca1dd387bd:c2847]
2019-09-10 22:12:08,625 [grpc-default-executor-0] INFO  client.GrpcClientProtocolClient (GrpcClientProtocolClient.java:onNext(255)) - client-0C76110B8A2B->ed5d81fa-aaf0-49db-aa57-acca1dd387bd: receive RaftClientReply:client-0C76110B8A2B->ed5d81fa-aaf0-49db-aa57-acca1dd387bd@group-729F0664FEA8, cid=1982, SUCCESS, logIndex=2845, commits[ed5d81fa-aaf0-49db-aa57-acca1dd387bd:c2847]
2019-09-10 22:12:08,625 [grpc-default-executor-0] INFO  client.GrpcClientProtocolClient (GrpcClientProtocolClient.java:onNext(255)) - client-0C76110B8A2B->ed5d81fa-aaf0-49db-aa57-acca1dd387bd: receive RaftClientReply:client-0C76110B8A2B->ed5d81fa-aaf0-49db-aa57-acca1dd387bd@group-729F0664FEA8, cid=1983, SUCCESS, logIndex=2846, commits[ed5d81fa-aaf0-49db-aa57-acca1dd387bd:c2848]
2019-09-10 22:12:08,625 [grpc-default-executor-0] INFO  client.GrpcClientProtocolClient (GrpcClientProtocolClient.java:onNext(255)) - client-0C76110B8A2B->ed5d81fa-aaf0-49db-aa57-acca1dd387bd: receive RaftClientReply:client-0C76110B8A2B->ed5d81fa-aaf0-49db-aa57-acca1dd387bd@group-729F0664FEA8, cid=1984, SUCCESS, logIndex=2847, commits[ed5d81fa-aaf0-49db-aa57-acca1dd387bd:c2848]
2019-09-10 22:12:08,651 [grpc-default-executor-1] INFO  client.GrpcClientProtocolClient (GrpcClientProtocolClient.java:onNext(255)) - client-0C76110B8A2B->ed5d81fa-aaf0-49db-aa57-acca1dd387bd: receive RaftClientReply:client-0C76110B8A2B->ed5d81fa-aaf0-49db-aa57-acca1dd387bd@group-729F0664FEA8, cid=1985, SUCCESS, logIndex=2849, commits[ed5d81fa-aaf0-49db-aa57-acca1dd387bd:c2850]
2019-09-10 22:12:08,651 [grpc-default-executor-1] INFO  client.GrpcClientProtocolClient (GrpcClientProtocolClient.java:onNext(255)) - client-0C76110B8A2B->ed5d81fa-aaf0-49db-aa57-acca1dd387bd: receive RaftClientReply:client-0C76110B8A2B->ed5d81fa-aaf0-49db-aa57-acca1dd387bd@group-729F0664FEA8, cid=1986, SUCCESS, logIndex=2850, commits[ed5d81fa-aaf0-49db-aa57-acca1dd387bd:c2852]
2019-09-10 22:12:08,652 [grpc-default-executor-1] INFO  client.GrpcClientProtocolClient (GrpcClientProtocolClient.java:onNext(255)) - client-0C76110B8A2B->ed5d81fa-aaf0-49db-aa57-acca1dd387bd: receive RaftClientReply:client-0C76110B8A2B->ed5d81fa-aaf0-49db-aa57-acca1dd387bd@group-729F0664FEA8, cid=1987, SUCCESS, logIndex=2851, commits[ed5d81fa-aaf0-49db-aa57-acca1dd387bd:c2853]
2019-09-10 22:12:08,652 [grpc-default-executor-1] INFO  client.GrpcClientProtocolClient (GrpcClientProtocolClient.java:onNext(255)) - client-0C76110B8A2B->ed5d81fa-aaf0-49db-aa57-acca1dd387bd: receive RaftClientReply:client-0C76110B8A2B->ed5d81fa-aaf0-49db-aa57-acca1dd387bd@group-729F0664FEA8, cid=1988, SUCCESS, logIndex=2852, commits[ed5d81fa-aaf0-49db-aa57-acca1dd387bd:c2854]
2019-09-10 22:12:08,685 [SCMBlockDeletingService#1] DEBUG block.SCMBlockDeletingService (SCMBlockDeletingService.java:call(138)) - Running DeletedBlockTransactionScanner
2019-09-10 22:12:08,685 [SCMBlockDeletingService#1] DEBUG block.SCMBlockDeletingService (SCMBlockDeletingService.java:call(155)) - Scanned deleted blocks log and got 0 delTX to process.
2019-09-10 22:12:08,781 [grpc-default-executor-1] INFO  client.GrpcClientProtocolClient (GrpcClientProtocolClient.java:onNext(255)) - client-0C76110B8A2B->ed5d81fa-aaf0-49db-aa57-acca1dd387bd: receive RaftClientReply:client-0C76110B8A2B->ed5d81fa-aaf0-49db-aa57-acca1dd387bd@group-729F0664FEA8, cid=1989, SUCCESS, logIndex=2855, commits[ed5d81fa-aaf0-49db-aa57-acca1dd387bd:c2856]
2019-09-10 22:12:08,782 [grpc-default-executor-1] INFO  client.GrpcClientProtocolClient (GrpcClientProtocolClient.java:onNext(255)) - client-0C76110B8A2B->ed5d81fa-aaf0-49db-aa57-acca1dd387bd: receive RaftClientReply:client-0C76110B8A2B->ed5d81fa-aaf0-49db-aa57-acca1dd387bd@group-729F0664FEA8, cid=1990, SUCCESS, logIndex=2856, commits[ed5d81fa-aaf0-49db-aa57-acca1dd387bd:c2858]
2019-09-10 22:12:08,782 [grpc-default-executor-1] INFO  client.GrpcClientProtocolClient (GrpcClientProtocolClient.java:onNext(255)) - client-0C76110B8A2B->ed5d81fa-aaf0-49db-aa57-acca1dd387bd: receive RaftClientReply:client-0C76110B8A2B->ed5d81fa-aaf0-49db-aa57-acca1dd387bd@group-729F0664FEA8, cid=1991, SUCCESS, logIndex=2857, commits[ed5d81fa-aaf0-49db-aa57-acca1dd387bd:c2859]
2019-09-10 22:12:08,782 [grpc-default-executor-1] INFO  client.GrpcClientProtocolClient (GrpcClientProtocolClient.java:onNext(255)) - client-0C76110B8A2B->ed5d81fa-aaf0-49db-aa57-acca1dd387bd: receive RaftClientReply:client-0C76110B8A2B->ed5d81fa-aaf0-49db-aa57-acca1dd387bd@group-729F0664FEA8, cid=1992, SUCCESS, logIndex=2858, commits[ed5d81fa-aaf0-49db-aa57-acca1dd387bd:c2860]
2019-09-10 22:12:08,785 [SCMBlockDeletingService#1] DEBUG block.SCMBlockDeletingService (SCMBlockDeletingService.java:call(138)) - Running DeletedBlockTransactionScanner
2019-09-10 22:12:08,785 [SCMBlockDeletingService#1] DEBUG block.SCMBlockDeletingService (SCMBlockDeletingService.java:call(155)) - Scanned deleted blocks log and got 0 delTX to process.
2019-09-10 22:12:08,814 [grpc-default-executor-0] INFO  client.GrpcClientProtocolClient (GrpcClientProtocolClient.java:onNext(255)) - client-0C76110B8A2B->ed5d81fa-aaf0-49db-aa57-acca1dd387bd: receive RaftClientReply:client-0C76110B8A2B->ed5d81fa-aaf0-49db-aa57-acca1dd387bd@group-729F0664FEA8, cid=1993, SUCCESS, logIndex=2861, commits[ed5d81fa-aaf0-49db-aa57-acca1dd387bd:c2864]
2019-09-10 22:12:08,814 [grpc-default-executor-0] INFO  client.GrpcClientProtocolClient (GrpcClientProtocolClient.java:onNext(255)) - client-0C76110B8A2B->ed5d81fa-aaf0-49db-aa57-acca1dd387bd: receive RaftClientReply:client-0C76110B8A2B->ed5d81fa-aaf0-49db-aa57-acca1dd387bd@group-729F0664FEA8, cid=1994, SUCCESS, logIndex=2862, commits[ed5d81fa-aaf0-49db-aa57-acca1dd387bd:c2865]
2019-09-10 22:12:08,815 [grpc-default-executor-0] INFO  client.GrpcClientProtocolClient (GrpcClientProtocolClient.java:onNext(255)) - client-0C76110B8A2B->ed5d81fa-aaf0-49db-aa57-acca1dd387bd: receive RaftClientReply:client-0C76110B8A2B->ed5d81fa-aaf0-49db-aa57-acca1dd387bd@group-729F0664FEA8, cid=1995, SUCCESS, logIndex=2863, commits[ed5d81fa-aaf0-49db-aa57-acca1dd387bd:c2865]
2019-09-10 22:12:08,815 [grpc-default-executor-0] INFO  client.GrpcClientProtocolClient (GrpcClientProtocolClient.java:onNext(255)) - client-0C76110B8A2B->ed5d81fa-aaf0-49db-aa57-acca1dd387bd: receive RaftClientReply:client-0C76110B8A2B->ed5d81fa-aaf0-49db-aa57-acca1dd387bd@group-729F0664FEA8, cid=1996, SUCCESS, logIndex=2864, commits[ed5d81fa-aaf0-49db-aa57-acca1dd387bd:c2865]
2019-09-10 22:12:08,834 [grpc-default-executor-0] INFO  client.GrpcClientProtocolClient (GrpcClientProtocolClient.java:onNext(255)) - client-0C76110B8A2B->ed5d81fa-aaf0-49db-aa57-acca1dd387bd: receive RaftClientReply:client-0C76110B8A2B->ed5d81fa-aaf0-49db-aa57-acca1dd387bd@group-729F0664FEA8, cid=1997, SUCCESS, logIndex=2866, commits[ed5d81fa-aaf0-49db-aa57-acca1dd387bd:c2867]
2019-09-10 22:12:08,834 [grpc-default-executor-0] INFO  client.GrpcClientProtocolClient (GrpcClientProtocolClient.java:onNext(255)) - client-0C76110B8A2B->ed5d81fa-aaf0-49db-aa57-acca1dd387bd: receive RaftClientReply:client-0C76110B8A2B->ed5d81fa-aaf0-49db-aa57-acca1dd387bd@group-729F0664FEA8, cid=1998, SUCCESS, logIndex=2867, commits[ed5d81fa-aaf0-49db-aa57-acca1dd387bd:c2869]
2019-09-10 22:12:08,834 [grpc-default-executor-0] INFO  client.GrpcClientProtocolClient (GrpcClientProtocolClient.java:onNext(255)) - client-0C76110B8A2B->ed5d81fa-aaf0-49db-aa57-acca1dd387bd: receive RaftClientReply:client-0C76110B8A2B->ed5d81fa-aaf0-49db-aa57-acca1dd387bd@group-729F0664FEA8, cid=1999, SUCCESS, logIndex=2868, commits[ed5d81fa-aaf0-49db-aa57-acca1dd387bd:c2869]
2019-09-10 22:12:08,834 [grpc-default-executor-0] INFO  client.GrpcClientProtocolClient (GrpcClientProtocolClient.java:onNext(255)) - client-0C76110B8A2B->ed5d81fa-aaf0-49db-aa57-acca1dd387bd: receive RaftClientReply:client-0C76110B8A2B->ed5d81fa-aaf0-49db-aa57-acca1dd387bd@group-729F0664FEA8, cid=2000, SUCCESS, logIndex=2869, commits[ed5d81fa-aaf0-49db-aa57-acca1dd387bd:c2870]
2019-09-10 22:12:08,859 [grpc-default-executor-0] INFO  client.GrpcClientProtocolClient (GrpcClientProtocolClient.java:onNext(255)) - client-0C76110B8A2B->ed5d81fa-aaf0-49db-aa57-acca1dd387bd: receive RaftClientReply:client-0C76110B8A2B->ed5d81fa-aaf0-49db-aa57-acca1dd387bd@group-729F0664FEA8, cid=2001, SUCCESS, logIndex=2872, commits[ed5d81fa-aaf0-49db-aa57-acca1dd387bd:c2873]
2019-09-10 22:12:08,860 [grpc-default-executor-0] INFO  client.GrpcClientProtocolClient (GrpcClientProtocolClient.java:onNext(255)) - client-0C76110B8A2B->ed5d81fa-aaf0-49db-aa57-acca1dd387bd: receive RaftClientReply:client-0C76110B8A2B->ed5d81fa-aaf0-49db-aa57-acca1dd387bd@group-729F0664FEA8, cid=2002, SUCCESS, logIndex=2873, commits[ed5d81fa-aaf0-49db-aa57-acca1dd387bd:c2875]
2019-09-10 22:12:08,860 [grpc-default-executor-0] INFO  client.GrpcClientProtocolClient (GrpcClientProtocolClient.java:onNext(255)) - client-0C76110B8A2B->ed5d81fa-aaf0-49db-aa57-acca1dd387bd: receive RaftClientReply:client-0C76110B8A2B->ed5d81fa-aaf0-49db-aa57-acca1dd387bd@group-729F0664FEA8, cid=2003, SUCCESS, logIndex=2874, commits[ed5d81fa-aaf0-49db-aa57-acca1dd387bd:c2876]
2019-09-10 22:12:08,860 [grpc-default-executor-0] INFO  client.GrpcClientProtocolClient (GrpcClientProtocolClient.java:onNext(255)) - client-0C76110B8A2B->ed5d81fa-aaf0-49db-aa57-acca1dd387bd: receive RaftClientReply:client-0C76110B8A2B->ed5d81fa-aaf0-49db-aa57-acca1dd387bd@group-729F0664FEA8, cid=2004, SUCCESS, logIndex=2875, commits[ed5d81fa-aaf0-49db-aa57-acca1dd387bd:c2876]
2019-09-10 22:12:08,879 [grpc-default-executor-0] INFO  client.GrpcClientProtocolClient (GrpcClientProtocolClient.java:onNext(255)) - client-0C76110B8A2B->ed5d81fa-aaf0-49db-aa57-acca1dd387bd: receive RaftClientReply:client-0C76110B8A2B->ed5d81fa-aaf0-49db-aa57-acca1dd387bd@group-729F0664FEA8, cid=2005, SUCCESS, logIndex=2878, commits[ed5d81fa-aaf0-49db-aa57-acca1dd387bd:c2879]
2019-09-10 22:12:08,880 [grpc-default-executor-0] INFO  client.GrpcClientProtocolClient (GrpcClientProtocolClient.java:onNext(255)) - client-0C76110B8A2B->ed5d81fa-aaf0-49db-aa57-acca1dd387bd: receive RaftClientReply:client-0C76110B8A2B->ed5d81fa-aaf0-49db-aa57-acca1dd387bd@group-729F0664FEA8, cid=2006, SUCCESS, logIndex=2879, commits[ed5d81fa-aaf0-49db-aa57-acca1dd387bd:c2881]
2019-09-10 22:12:08,880 [grpc-default-executor-0] INFO  client.GrpcClientProtocolClient (GrpcClientProtocolClient.java:onNext(255)) - client-0C76110B8A2B->ed5d81fa-aaf0-49db-aa57-acca1dd387bd: receive RaftClientReply:client-0C76110B8A2B->ed5d81fa-aaf0-49db-aa57-acca1dd387bd@group-729F0664FEA8, cid=2007, SUCCESS, logIndex=2880, commits[ed5d81fa-aaf0-49db-aa57-acca1dd387bd:c2882]
2019-09-10 22:12:08,880 [grpc-default-executor-0] INFO  client.GrpcClientProtocolClient (GrpcClientProtocolClient.java:onNext(255)) - client-0C76110B8A2B->ed5d81fa-aaf0-49db-aa57-acca1dd387bd: receive RaftClientReply:client-0C76110B8A2B->ed5d81fa-aaf0-49db-aa57-acca1dd387bd@group-729F0664FEA8, cid=2008, SUCCESS, logIndex=2881, commits[ed5d81fa-aaf0-49db-aa57-acca1dd387bd:c2882]
2019-09-10 22:12:08,886 [SCMBlockDeletingService#1] DEBUG block.SCMBlockDeletingService (SCMBlockDeletingService.java:call(138)) - Running DeletedBlockTransactionScanner
2019-09-10 22:12:08,886 [SCMBlockDeletingService#1] DEBUG block.SCMBlockDeletingService (SCMBlockDeletingService.java:call(155)) - Scanned deleted blocks log and got 0 delTX to process.
2019-09-10 22:12:08,907 [grpc-default-executor-1] INFO  client.GrpcClientProtocolClient (GrpcClientProtocolClient.java:onNext(255)) - client-0C76110B8A2B->ed5d81fa-aaf0-49db-aa57-acca1dd387bd: receive RaftClientReply:client-0C76110B8A2B->ed5d81fa-aaf0-49db-aa57-acca1dd387bd@group-729F0664FEA8, cid=2009, SUCCESS, logIndex=2884, commits[ed5d81fa-aaf0-49db-aa57-acca1dd387bd:c2887]
2019-09-10 22:12:08,908 [grpc-default-executor-1] INFO  client.GrpcClientProtocolClient (GrpcClientProtocolClient.java:onNext(255)) - client-0C76110B8A2B->ed5d81fa-aaf0-49db-aa57-acca1dd387bd: receive RaftClientReply:client-0C76110B8A2B->ed5d81fa-aaf0-49db-aa57-acca1dd387bd@group-729F0664FEA8, cid=2010, SUCCESS, logIndex=2885, commits[ed5d81fa-aaf0-49db-aa57-acca1dd387bd:c2887]
2019-09-10 22:12:08,908 [grpc-default-executor-1] INFO  client.GrpcClientProtocolClient (GrpcClientProtocolClient.java:onNext(255)) - client-0C76110B8A2B->ed5d81fa-aaf0-49db-aa57-acca1dd387bd: receive RaftClientReply:client-0C76110B8A2B->ed5d81fa-aaf0-49db-aa57-acca1dd387bd@group-729F0664FEA8, cid=2011, SUCCESS, logIndex=2886, commits[ed5d81fa-aaf0-49db-aa57-acca1dd387bd:c2887]
2019-09-10 22:12:08,909 [grpc-default-executor-1] INFO  client.GrpcClientProtocolClient (GrpcClientProtocolClient.java:onNext(255)) - client-0C76110B8A2B->ed5d81fa-aaf0-49db-aa57-acca1dd387bd: receive RaftClientReply:client-0C76110B8A2B->ed5d81fa-aaf0-49db-aa57-acca1dd387bd@group-729F0664FEA8, cid=2012, SUCCESS, logIndex=2887, commits[ed5d81fa-aaf0-49db-aa57-acca1dd387bd:c2887]
2019-09-10 22:12:08,929 [grpc-default-executor-1] INFO  client.GrpcClientProtocolClient (GrpcClientProtocolClient.java:onNext(255)) - client-0C76110B8A2B->ed5d81fa-aaf0-49db-aa57-acca1dd387bd: receive RaftClientReply:client-0C76110B8A2B->ed5d81fa-aaf0-49db-aa57-acca1dd387bd@group-729F0664FEA8, cid=2013, SUCCESS, logIndex=2890, commits[ed5d81fa-aaf0-49db-aa57-acca1dd387bd:c2891]
2019-09-10 22:12:08,930 [grpc-default-executor-1] INFO  client.GrpcClientProtocolClient (GrpcClientProtocolClient.java:onNext(255)) - client-0C76110B8A2B->ed5d81fa-aaf0-49db-aa57-acca1dd387bd: receive RaftClientReply:client-0C76110B8A2B->ed5d81fa-aaf0-49db-aa57-acca1dd387bd@group-729F0664FEA8, cid=2014, SUCCESS, logIndex=2891, commits[ed5d81fa-aaf0-49db-aa57-acca1dd387bd:c2893]
2019-09-10 22:12:08,930 [grpc-default-executor-1] INFO  client.GrpcClientProtocolClient (GrpcClientProtocolClient.java:onNext(255)) - client-0C76110B8A2B->ed5d81fa-aaf0-49db-aa57-acca1dd387bd: receive RaftClientReply:client-0C76110B8A2B->ed5d81fa-aaf0-49db-aa57-acca1dd387bd@group-729F0664FEA8, cid=2015, SUCCESS, logIndex=2892, commits[ed5d81fa-aaf0-49db-aa57-acca1dd387bd:c2894]
2019-09-10 22:12:08,930 [grpc-default-executor-1] INFO  client.GrpcClientProtocolClient (GrpcClientProtocolClient.java:onNext(255)) - client-0C76110B8A2B->ed5d81fa-aaf0-49db-aa57-acca1dd387bd: receive RaftClientReply:client-0C76110B8A2B->ed5d81fa-aaf0-49db-aa57-acca1dd387bd@group-729F0664FEA8, cid=2016, SUCCESS, logIndex=2893, commits[ed5d81fa-aaf0-49db-aa57-acca1dd387bd:c2894]
2019-09-10 22:12:08,959 [grpc-default-executor-1] INFO  client.GrpcClientProtocolClient (GrpcClientProtocolClient.java:onNext(255)) - client-0C76110B8A2B->ed5d81fa-aaf0-49db-aa57-acca1dd387bd: receive RaftClientReply:client-0C76110B8A2B->ed5d81fa-aaf0-49db-aa57-acca1dd387bd@group-729F0664FEA8, cid=2017, SUCCESS, logIndex=2896, commits[ed5d81fa-aaf0-49db-aa57-acca1dd387bd:c2897]
2019-09-10 22:12:08,960 [grpc-default-executor-1] INFO  client.GrpcClientProtocolClient (GrpcClientProtocolClient.java:onNext(255)) - client-0C76110B8A2B->ed5d81fa-aaf0-49db-aa57-acca1dd387bd: receive RaftClientReply:client-0C76110B8A2B->ed5d81fa-aaf0-49db-aa57-acca1dd387bd@group-729F0664FEA8, cid=2018, SUCCESS, logIndex=2897, commits[ed5d81fa-aaf0-49db-aa57-acca1dd387bd:c2899]
2019-09-10 22:12:08,960 [grpc-default-executor-1] INFO  client.GrpcClientProtocolClient (GrpcClientProtocolClient.java:onNext(255)) - client-0C76110B8A2B->ed5d81fa-aaf0-49db-aa57-acca1dd387bd: receive RaftClientReply:client-0C76110B8A2B->ed5d81fa-aaf0-49db-aa57-acca1dd387bd@group-729F0664FEA8, cid=2019, SUCCESS, logIndex=2898, commits[ed5d81fa-aaf0-49db-aa57-acca1dd387bd:c2900]
2019-09-10 22:12:08,960 [grpc-default-executor-1] INFO  client.GrpcClientProtocolClient (GrpcClientProtocolClient.java:onNext(255)) - client-0C76110B8A2B->ed5d81fa-aaf0-49db-aa57-acca1dd387bd: receive RaftClientReply:client-0C76110B8A2B->ed5d81fa-aaf0-49db-aa57-acca1dd387bd@group-729F0664FEA8, cid=2020, SUCCESS, logIndex=2899, commits[ed5d81fa-aaf0-49db-aa57-acca1dd387bd:c2900]
2019-09-10 22:12:08,983 [grpc-default-executor-1] INFO  client.GrpcClientProtocolClient (GrpcClientProtocolClient.java:onNext(255)) - client-0C76110B8A2B->ed5d81fa-aaf0-49db-aa57-acca1dd387bd: receive RaftClientReply:client-0C76110B8A2B->ed5d81fa-aaf0-49db-aa57-acca1dd387bd@group-729F0664FEA8, cid=2021, SUCCESS, logIndex=2902, commits[ed5d81fa-aaf0-49db-aa57-acca1dd387bd:c2903]
2019-09-10 22:12:08,983 [grpc-default-executor-1] INFO  client.GrpcClientProtocolClient (GrpcClientProtocolClient.java:onNext(255)) - client-0C76110B8A2B->ed5d81fa-aaf0-49db-aa57-acca1dd387bd: receive RaftClientReply:client-0C76110B8A2B->ed5d81fa-aaf0-49db-aa57-acca1dd387bd@group-729F0664FEA8, cid=2022, SUCCESS, logIndex=2903, commits[ed5d81fa-aaf0-49db-aa57-acca1dd387bd:c2905]
2019-09-10 22:12:08,984 [grpc-default-executor-1] INFO  client.GrpcClientProtocolClient (GrpcClientProtocolClient.java:onNext(255)) - client-0C76110B8A2B->ed5d81fa-aaf0-49db-aa57-acca1dd387bd: receive RaftClientReply:client-0C76110B8A2B->ed5d81fa-aaf0-49db-aa57-acca1dd387bd@group-729F0664FEA8, cid=2023, SUCCESS, logIndex=2904, commits[ed5d81fa-aaf0-49db-aa57-acca1dd387bd:c2905]
2019-09-10 22:12:08,984 [grpc-default-executor-1] INFO  client.GrpcClientProtocolClient (GrpcClientProtocolClient.java:onNext(255)) - client-0C76110B8A2B->ed5d81fa-aaf0-49db-aa57-acca1dd387bd: receive RaftClientReply:client-0C76110B8A2B->ed5d81fa-aaf0-49db-aa57-acca1dd387bd@group-729F0664FEA8, cid=2024, SUCCESS, logIndex=2905, commits[ed5d81fa-aaf0-49db-aa57-acca1dd387bd:c2906]
2019-09-10 22:12:08,986 [SCMBlockDeletingService#1] DEBUG block.SCMBlockDeletingService (SCMBlockDeletingService.java:call(138)) - Running DeletedBlockTransactionScanner
2019-09-10 22:12:08,987 [SCMBlockDeletingService#1] DEBUG block.SCMBlockDeletingService (SCMBlockDeletingService.java:call(155)) - Scanned deleted blocks log and got 0 delTX to process.
2019-09-10 22:12:09,130 [SCMBlockDeletingService#1] DEBUG block.SCMBlockDeletingService (SCMBlockDeletingService.java:call(138)) - Running DeletedBlockTransactionScanner
2019-09-10 22:12:09,130 [SCMBlockDeletingService#1] DEBUG block.SCMBlockDeletingService (SCMBlockDeletingService.java:call(155)) - Scanned deleted blocks log and got 0 delTX to process.
2019-09-10 22:12:09,144 [grpc-default-executor-1] INFO  client.GrpcClientProtocolClient (GrpcClientProtocolClient.java:onNext(255)) - client-0C76110B8A2B->ed5d81fa-aaf0-49db-aa57-acca1dd387bd: receive RaftClientReply:client-0C76110B8A2B->ed5d81fa-aaf0-49db-aa57-acca1dd387bd@group-729F0664FEA8, cid=2025, SUCCESS, logIndex=2908, commits[ed5d81fa-aaf0-49db-aa57-acca1dd387bd:c2909]
2019-09-10 22:12:09,145 [grpc-default-executor-1] INFO  client.GrpcClientProtocolClient (GrpcClientProtocolClient.java:onNext(255)) - client-0C76110B8A2B->ed5d81fa-aaf0-49db-aa57-acca1dd387bd: receive RaftClientReply:client-0C76110B8A2B->ed5d81fa-aaf0-49db-aa57-acca1dd387bd@group-729F0664FEA8, cid=2026, SUCCESS, logIndex=2909, commits[ed5d81fa-aaf0-49db-aa57-acca1dd387bd:c2911]
2019-09-10 22:12:09,145 [grpc-default-executor-1] INFO  client.GrpcClientProtocolClient (GrpcClientProtocolClient.java:onNext(255)) - client-0C76110B8A2B->ed5d81fa-aaf0-49db-aa57-acca1dd387bd: receive RaftClientReply:client-0C76110B8A2B->ed5d81fa-aaf0-49db-aa57-acca1dd387bd@group-729F0664FEA8, cid=2027, SUCCESS, logIndex=2910, commits[ed5d81fa-aaf0-49db-aa57-acca1dd387bd:c2911]
2019-09-10 22:12:09,145 [grpc-default-executor-1] INFO  client.GrpcClientProtocolClient (GrpcClientProtocolClient.java:onNext(255)) - client-0C76110B8A2B->ed5d81fa-aaf0-49db-aa57-acca1dd387bd: receive RaftClientReply:client-0C76110B8A2B->ed5d81fa-aaf0-49db-aa57-acca1dd387bd@group-729F0664FEA8, cid=2028, SUCCESS, logIndex=2911, commits[ed5d81fa-aaf0-49db-aa57-acca1dd387bd:c2912]
2019-09-10 22:12:09,165 [grpc-default-executor-1] INFO  client.GrpcClientProtocolClient (GrpcClientProtocolClient.java:onNext(255)) - client-0C76110B8A2B->ed5d81fa-aaf0-49db-aa57-acca1dd387bd: receive RaftClientReply:client-0C76110B8A2B->ed5d81fa-aaf0-49db-aa57-acca1dd387bd@group-729F0664FEA8, cid=2029, SUCCESS, logIndex=2914, commits[ed5d81fa-aaf0-49db-aa57-acca1dd387bd:c2915]
2019-09-10 22:12:09,166 [grpc-default-executor-1] INFO  client.GrpcClientProtocolClient (GrpcClientProtocolClient.java:onNext(255)) - client-0C76110B8A2B->ed5d81fa-aaf0-49db-aa57-acca1dd387bd: receive RaftClientReply:client-0C76110B8A2B->ed5d81fa-aaf0-49db-aa57-acca1dd387bd@group-729F0664FEA8, cid=2030, SUCCESS, logIndex=2915, commits[ed5d81fa-aaf0-49db-aa57-acca1dd387bd:c2917]
2019-09-10 22:12:09,166 [grpc-default-executor-1] INFO  client.GrpcClientProtocolClient (GrpcClientProtocolClient.java:onNext(255)) - client-0C76110B8A2B->ed5d81fa-aaf0-49db-aa57-acca1dd387bd: receive RaftClientReply:client-0C76110B8A2B->ed5d81fa-aaf0-49db-aa57-acca1dd387bd@group-729F0664FEA8, cid=2031, SUCCESS, logIndex=2916, commits[ed5d81fa-aaf0-49db-aa57-acca1dd387bd:c2917]
2019-09-10 22:12:09,167 [grpc-default-executor-1] INFO  client.GrpcClientProtocolClient (GrpcClientProtocolClient.java:onNext(255)) - client-0C76110B8A2B->ed5d81fa-aaf0-49db-aa57-acca1dd387bd: receive RaftClientReply:client-0C76110B8A2B->ed5d81fa-aaf0-49db-aa57-acca1dd387bd@group-729F0664FEA8, cid=2032, SUCCESS, logIndex=2917, commits[ed5d81fa-aaf0-49db-aa57-acca1dd387bd:c2918]
2019-09-10 22:12:09,231 [SCMBlockDeletingService#1] DEBUG block.SCMBlockDeletingService (SCMBlockDeletingService.java:call(138)) - Running DeletedBlockTransactionScanner
2019-09-10 22:12:09,231 [SCMBlockDeletingService#1] DEBUG block.SCMBlockDeletingService (SCMBlockDeletingService.java:call(155)) - Scanned deleted blocks log and got 0 delTX to process.
2019-09-10 22:12:09,307 [grpc-default-executor-0] INFO  client.GrpcClientProtocolClient (GrpcClientProtocolClient.java:onNext(255)) - client-0C76110B8A2B->ed5d81fa-aaf0-49db-aa57-acca1dd387bd: receive RaftClientReply:client-0C76110B8A2B->ed5d81fa-aaf0-49db-aa57-acca1dd387bd@group-729F0664FEA8, cid=2033, SUCCESS, logIndex=2920, commits[ed5d81fa-aaf0-49db-aa57-acca1dd387bd:c2923]
2019-09-10 22:12:09,308 [grpc-default-executor-0] INFO  client.GrpcClientProtocolClient (GrpcClientProtocolClient.java:onNext(255)) - client-0C76110B8A2B->ed5d81fa-aaf0-49db-aa57-acca1dd387bd: receive RaftClientReply:client-0C76110B8A2B->ed5d81fa-aaf0-49db-aa57-acca1dd387bd@group-729F0664FEA8, cid=2034, SUCCESS, logIndex=2921, commits[ed5d81fa-aaf0-49db-aa57-acca1dd387bd:c2924]
2019-09-10 22:12:09,308 [grpc-default-executor-0] INFO  client.GrpcClientProtocolClient (GrpcClientProtocolClient.java:onNext(255)) - client-0C76110B8A2B->ed5d81fa-aaf0-49db-aa57-acca1dd387bd: receive RaftClientReply:client-0C76110B8A2B->ed5d81fa-aaf0-49db-aa57-acca1dd387bd@group-729F0664FEA8, cid=2035, SUCCESS, logIndex=2922, commits[ed5d81fa-aaf0-49db-aa57-acca1dd387bd:c2924]
2019-09-10 22:12:09,308 [grpc-default-executor-0] INFO  client.GrpcClientProtocolClient (GrpcClientProtocolClient.java:onNext(255)) - client-0C76110B8A2B->ed5d81fa-aaf0-49db-aa57-acca1dd387bd: receive RaftClientReply:client-0C76110B8A2B->ed5d81fa-aaf0-49db-aa57-acca1dd387bd@group-729F0664FEA8, cid=2036, SUCCESS, logIndex=2923, commits[ed5d81fa-aaf0-49db-aa57-acca1dd387bd:c2924]
2019-09-10 22:12:09,328 [grpc-default-executor-1] INFO  client.GrpcClientProtocolClient (GrpcClientProtocolClient.java:onNext(255)) - client-0C76110B8A2B->ed5d81fa-aaf0-49db-aa57-acca1dd387bd: receive RaftClientReply:client-0C76110B8A2B->ed5d81fa-aaf0-49db-aa57-acca1dd387bd@group-729F0664FEA8, cid=2037, SUCCESS, logIndex=2925, commits[ed5d81fa-aaf0-49db-aa57-acca1dd387bd:c2928]
2019-09-10 22:12:09,329 [grpc-default-executor-1] INFO  client.GrpcClientProtocolClient (GrpcClientProtocolClient.java:onNext(255)) - client-0C76110B8A2B->ed5d81fa-aaf0-49db-aa57-acca1dd387bd: receive RaftClientReply:client-0C76110B8A2B->ed5d81fa-aaf0-49db-aa57-acca1dd387bd@group-729F0664FEA8, cid=2038, SUCCESS, logIndex=2926, commits[ed5d81fa-aaf0-49db-aa57-acca1dd387bd:c2929]
2019-09-10 22:12:09,329 [grpc-default-executor-1] INFO  client.GrpcClientProtocolClient (GrpcClientProtocolClient.java:onNext(255)) - client-0C76110B8A2B->ed5d81fa-aaf0-49db-aa57-acca1dd387bd: receive RaftClientReply:client-0C76110B8A2B->ed5d81fa-aaf0-49db-aa57-acca1dd387bd@group-729F0664FEA8, cid=2039, SUCCESS, logIndex=2927, commits[ed5d81fa-aaf0-49db-aa57-acca1dd387bd:c2929]
2019-09-10 22:12:09,330 [grpc-default-executor-1] INFO  client.GrpcClientProtocolClient (GrpcClientProtocolClient.java:onNext(255)) - client-0C76110B8A2B->ed5d81fa-aaf0-49db-aa57-acca1dd387bd: receive RaftClientReply:client-0C76110B8A2B->ed5d81fa-aaf0-49db-aa57-acca1dd387bd@group-729F0664FEA8, cid=2040, SUCCESS, logIndex=2928, commits[ed5d81fa-aaf0-49db-aa57-acca1dd387bd:c2929]
2019-09-10 22:12:09,331 [SCMBlockDeletingService#1] DEBUG block.SCMBlockDeletingService (SCMBlockDeletingService.java:call(138)) - Running DeletedBlockTransactionScanner
2019-09-10 22:12:09,331 [SCMBlockDeletingService#1] DEBUG block.SCMBlockDeletingService (SCMBlockDeletingService.java:call(155)) - Scanned deleted blocks log and got 0 delTX to process.
2019-09-10 22:12:09,362 [grpc-default-executor-0] INFO  client.GrpcClientProtocolClient (GrpcClientProtocolClient.java:onNext(255)) - client-0C76110B8A2B->ed5d81fa-aaf0-49db-aa57-acca1dd387bd: receive RaftClientReply:client-0C76110B8A2B->ed5d81fa-aaf0-49db-aa57-acca1dd387bd@group-729F0664FEA8, cid=2041, SUCCESS, logIndex=2930, commits[ed5d81fa-aaf0-49db-aa57-acca1dd387bd:c2933]
2019-09-10 22:12:09,363 [grpc-default-executor-0] INFO  client.GrpcClientProtocolClient (GrpcClientProtocolClient.java:onNext(255)) - client-0C76110B8A2B->ed5d81fa-aaf0-49db-aa57-acca1dd387bd: receive RaftClientReply:client-0C76110B8A2B->ed5d81fa-aaf0-49db-aa57-acca1dd387bd@group-729F0664FEA8, cid=2042, SUCCESS, logIndex=2931, commits[ed5d81fa-aaf0-49db-aa57-acca1dd387bd:c2934]
2019-09-10 22:12:09,363 [grpc-default-executor-0] INFO  client.GrpcClientProtocolClient (GrpcClientProtocolClient.java:onNext(255)) - client-0C76110B8A2B->ed5d81fa-aaf0-49db-aa57-acca1dd387bd: receive RaftClientReply:client-0C76110B8A2B->ed5d81fa-aaf0-49db-aa57-acca1dd387bd@group-729F0664FEA8, cid=2043, SUCCESS, logIndex=2932, commits[ed5d81fa-aaf0-49db-aa57-acca1dd387bd:c2934]
2019-09-10 22:12:09,364 [grpc-default-executor-0] INFO  client.GrpcClientProtocolClient (GrpcClientProtocolClient.java:onNext(255)) - client-0C76110B8A2B->ed5d81fa-aaf0-49db-aa57-acca1dd387bd: receive RaftClientReply:client-0C76110B8A2B->ed5d81fa-aaf0-49db-aa57-acca1dd387bd@group-729F0664FEA8, cid=2044, SUCCESS, logIndex=2933, commits[ed5d81fa-aaf0-49db-aa57-acca1dd387bd:c2934]
2019-09-10 22:12:09,386 [grpc-default-executor-0] INFO  client.GrpcClientProtocolClient (GrpcClientProtocolClient.java:onNext(255)) - client-0C76110B8A2B->ed5d81fa-aaf0-49db-aa57-acca1dd387bd: receive RaftClientReply:client-0C76110B8A2B->ed5d81fa-aaf0-49db-aa57-acca1dd387bd@group-729F0664FEA8, cid=2045, SUCCESS, logIndex=2935, commits[ed5d81fa-aaf0-49db-aa57-acca1dd387bd:c2939]
2019-09-10 22:12:09,387 [grpc-default-executor-0] INFO  client.GrpcClientProtocolClient (GrpcClientProtocolClient.java:onNext(255)) - client-0C76110B8A2B->ed5d81fa-aaf0-49db-aa57-acca1dd387bd: receive RaftClientReply:client-0C76110B8A2B->ed5d81fa-aaf0-49db-aa57-acca1dd387bd@group-729F0664FEA8, cid=2046, SUCCESS, logIndex=2936, commits[ed5d81fa-aaf0-49db-aa57-acca1dd387bd:c2939]
2019-09-10 22:12:09,387 [grpc-default-executor-0] INFO  client.GrpcClientProtocolClient (GrpcClientProtocolClient.java:onNext(255)) - client-0C76110B8A2B->ed5d81fa-aaf0-49db-aa57-acca1dd387bd: receive RaftClientReply:client-0C76110B8A2B->ed5d81fa-aaf0-49db-aa57-acca1dd387bd@group-729F0664FEA8, cid=2047, SUCCESS, logIndex=2937, commits[ed5d81fa-aaf0-49db-aa57-acca1dd387bd:c2939]
2019-09-10 22:12:09,388 [grpc-default-executor-0] INFO  client.GrpcClientProtocolClient (GrpcClientProtocolClient.java:onNext(255)) - client-0C76110B8A2B->ed5d81fa-aaf0-49db-aa57-acca1dd387bd: receive RaftClientReply:client-0C76110B8A2B->ed5d81fa-aaf0-49db-aa57-acca1dd387bd@group-729F0664FEA8, cid=2048, SUCCESS, logIndex=2938, commits[ed5d81fa-aaf0-49db-aa57-acca1dd387bd:c2939]
2019-09-10 22:12:09,416 [grpc-default-executor-0] INFO  client.GrpcClientProtocolClient (GrpcClientProtocolClient.java:onNext(255)) - client-0C76110B8A2B->ed5d81fa-aaf0-49db-aa57-acca1dd387bd: receive RaftClientReply:client-0C76110B8A2B->ed5d81fa-aaf0-49db-aa57-acca1dd387bd@group-729F0664FEA8, cid=2049, SUCCESS, logIndex=2940, commits[ed5d81fa-aaf0-49db-aa57-acca1dd387bd:c2943]
2019-09-10 22:12:09,416 [grpc-default-executor-1] INFO  client.GrpcClientProtocolClient (GrpcClientProtocolClient.java:onNext(255)) - client-0C76110B8A2B->ed5d81fa-aaf0-49db-aa57-acca1dd387bd: receive RaftClientReply:client-0C76110B8A2B->ed5d81fa-aaf0-49db-aa57-acca1dd387bd@group-729F0664FEA8, cid=2050, SUCCESS, logIndex=2941, commits[ed5d81fa-aaf0-49db-aa57-acca1dd387bd:c2944]
2019-09-10 22:12:09,417 [grpc-default-executor-1] INFO  client.GrpcClientProtocolClient (GrpcClientProtocolClient.java:onNext(255)) - client-0C76110B8A2B->ed5d81fa-aaf0-49db-aa57-acca1dd387bd: receive RaftClientReply:client-0C76110B8A2B->ed5d81fa-aaf0-49db-aa57-acca1dd387bd@group-729F0664FEA8, cid=2051, SUCCESS, logIndex=2942, commits[ed5d81fa-aaf0-49db-aa57-acca1dd387bd:c2944]
2019-09-10 22:12:09,417 [grpc-default-executor-1] INFO  client.GrpcClientProtocolClient (GrpcClientProtocolClient.java:onNext(255)) - client-0C76110B8A2B->ed5d81fa-aaf0-49db-aa57-acca1dd387bd: receive RaftClientReply:client-0C76110B8A2B->ed5d81fa-aaf0-49db-aa57-acca1dd387bd@group-729F0664FEA8, cid=2052, SUCCESS, logIndex=2943, commits[ed5d81fa-aaf0-49db-aa57-acca1dd387bd:c2944]
2019-09-10 22:12:09,432 [SCMBlockDeletingService#1] DEBUG block.SCMBlockDeletingService (SCMBlockDeletingService.java:call(138)) - Running DeletedBlockTransactionScanner
2019-09-10 22:12:09,432 [SCMBlockDeletingService#1] DEBUG block.SCMBlockDeletingService (SCMBlockDeletingService.java:call(155)) - Scanned deleted blocks log and got 0 delTX to process.
2019-09-10 22:12:09,445 [grpc-default-executor-0] INFO  client.GrpcClientProtocolClient (GrpcClientProtocolClient.java:onNext(255)) - client-0C76110B8A2B->ed5d81fa-aaf0-49db-aa57-acca1dd387bd: receive RaftClientReply:client-0C76110B8A2B->ed5d81fa-aaf0-49db-aa57-acca1dd387bd@group-729F0664FEA8, cid=2053, SUCCESS, logIndex=2945, commits[ed5d81fa-aaf0-49db-aa57-acca1dd387bd:c2948]
2019-09-10 22:12:09,445 [grpc-default-executor-0] INFO  client.GrpcClientProtocolClient (GrpcClientProtocolClient.java:onNext(255)) - client-0C76110B8A2B->ed5d81fa-aaf0-49db-aa57-acca1dd387bd: receive RaftClientReply:client-0C76110B8A2B->ed5d81fa-aaf0-49db-aa57-acca1dd387bd@group-729F0664FEA8, cid=2054, SUCCESS, logIndex=2946, commits[ed5d81fa-aaf0-49db-aa57-acca1dd387bd:c2948]
2019-09-10 22:12:09,445 [grpc-default-executor-0] INFO  client.GrpcClientProtocolClient (GrpcClientProtocolClient.java:onNext(255)) - client-0C76110B8A2B->ed5d81fa-aaf0-49db-aa57-acca1dd387bd: receive RaftClientReply:client-0C76110B8A2B->ed5d81fa-aaf0-49db-aa57-acca1dd387bd@group-729F0664FEA8, cid=2055, SUCCESS, logIndex=2947, commits[ed5d81fa-aaf0-49db-aa57-acca1dd387bd:c2949]
2019-09-10 22:12:09,446 [grpc-default-executor-0] INFO  client.GrpcClientProtocolClient (GrpcClientProtocolClient.java:onNext(255)) - client-0C76110B8A2B->ed5d81fa-aaf0-49db-aa57-acca1dd387bd: receive RaftClientReply:client-0C76110B8A2B->ed5d81fa-aaf0-49db-aa57-acca1dd387bd@group-729F0664FEA8, cid=2056, SUCCESS, logIndex=2948, commits[ed5d81fa-aaf0-49db-aa57-acca1dd387bd:c2949]
2019-09-10 22:12:09,473 [grpc-default-executor-1] INFO  client.GrpcClientProtocolClient (GrpcClientProtocolClient.java:onNext(255)) - client-0C76110B8A2B->ed5d81fa-aaf0-49db-aa57-acca1dd387bd: receive RaftClientReply:client-0C76110B8A2B->ed5d81fa-aaf0-49db-aa57-acca1dd387bd@group-729F0664FEA8, cid=2057, SUCCESS, logIndex=2950, commits[ed5d81fa-aaf0-49db-aa57-acca1dd387bd:c2951]
2019-09-10 22:12:09,474 [grpc-default-executor-1] INFO  client.GrpcClientProtocolClient (GrpcClientProtocolClient.java:onNext(255)) - client-0C76110B8A2B->ed5d81fa-aaf0-49db-aa57-acca1dd387bd: receive RaftClientReply:client-0C76110B8A2B->ed5d81fa-aaf0-49db-aa57-acca1dd387bd@group-729F0664FEA8, cid=2058, SUCCESS, logIndex=2951, commits[ed5d81fa-aaf0-49db-aa57-acca1dd387bd:c2953]
2019-09-10 22:12:09,474 [grpc-default-executor-1] INFO  client.GrpcClientProtocolClient (GrpcClientProtocolClient.java:onNext(255)) - client-0C76110B8A2B->ed5d81fa-aaf0-49db-aa57-acca1dd387bd: receive RaftClientReply:client-0C76110B8A2B->ed5d81fa-aaf0-49db-aa57-acca1dd387bd@group-729F0664FEA8, cid=2059, SUCCESS, logIndex=2952, commits[ed5d81fa-aaf0-49db-aa57-acca1dd387bd:c2953]
2019-09-10 22:12:09,475 [grpc-default-executor-1] INFO  client.GrpcClientProtocolClient (GrpcClientProtocolClient.java:onNext(255)) - client-0C76110B8A2B->ed5d81fa-aaf0-49db-aa57-acca1dd387bd: receive RaftClientReply:client-0C76110B8A2B->ed5d81fa-aaf0-49db-aa57-acca1dd387bd@group-729F0664FEA8, cid=2060, SUCCESS, logIndex=2953, commits[ed5d81fa-aaf0-49db-aa57-acca1dd387bd:c2954]
2019-09-10 22:12:09,492 [grpc-default-executor-0] INFO  client.GrpcClientProtocolClient (GrpcClientProtocolClient.java:onNext(255)) - client-0C76110B8A2B->ed5d81fa-aaf0-49db-aa57-acca1dd387bd: receive RaftClientReply:client-0C76110B8A2B->ed5d81fa-aaf0-49db-aa57-acca1dd387bd@group-729F0664FEA8, cid=2061, SUCCESS, logIndex=2956, commits[ed5d81fa-aaf0-49db-aa57-acca1dd387bd:c2957]
2019-09-10 22:12:09,492 [grpc-default-executor-0] INFO  client.GrpcClientProtocolClient (GrpcClientProtocolClient.java:onNext(255)) - client-0C76110B8A2B->ed5d81fa-aaf0-49db-aa57-acca1dd387bd: receive RaftClientReply:client-0C76110B8A2B->ed5d81fa-aaf0-49db-aa57-acca1dd387bd@group-729F0664FEA8, cid=2062, SUCCESS, logIndex=2957, commits[ed5d81fa-aaf0-49db-aa57-acca1dd387bd:c2959]
2019-09-10 22:12:09,493 [grpc-default-executor-0] INFO  client.GrpcClientProtocolClient (GrpcClientProtocolClient.java:onNext(255)) - client-0C76110B8A2B->ed5d81fa-aaf0-49db-aa57-acca1dd387bd: receive RaftClientReply:client-0C76110B8A2B->ed5d81fa-aaf0-49db-aa57-acca1dd387bd@group-729F0664FEA8, cid=2063, SUCCESS, logIndex=2958, commits[ed5d81fa-aaf0-49db-aa57-acca1dd387bd:c2959]
2019-09-10 22:12:09,493 [grpc-default-executor-0] INFO  client.GrpcClientProtocolClient (GrpcClientProtocolClient.java:onNext(255)) - client-0C76110B8A2B->ed5d81fa-aaf0-49db-aa57-acca1dd387bd: receive RaftClientReply:client-0C76110B8A2B->ed5d81fa-aaf0-49db-aa57-acca1dd387bd@group-729F0664FEA8, cid=2064, SUCCESS, logIndex=2959, commits[ed5d81fa-aaf0-49db-aa57-acca1dd387bd:c2960]
2019-09-10 22:12:09,518 [grpc-default-executor-1] INFO  client.GrpcClientProtocolClient (GrpcClientProtocolClient.java:onNext(255)) - client-0C76110B8A2B->ed5d81fa-aaf0-49db-aa57-acca1dd387bd: receive RaftClientReply:client-0C76110B8A2B->ed5d81fa-aaf0-49db-aa57-acca1dd387bd@group-729F0664FEA8, cid=2065, SUCCESS, logIndex=2962, commits[ed5d81fa-aaf0-49db-aa57-acca1dd387bd:c2965]
2019-09-10 22:12:09,519 [grpc-default-executor-1] INFO  client.GrpcClientProtocolClient (GrpcClientProtocolClient.java:onNext(255)) - client-0C76110B8A2B->ed5d81fa-aaf0-49db-aa57-acca1dd387bd: receive RaftClientReply:client-0C76110B8A2B->ed5d81fa-aaf0-49db-aa57-acca1dd387bd@group-729F0664FEA8, cid=2066, SUCCESS, logIndex=2963, commits[ed5d81fa-aaf0-49db-aa57-acca1dd387bd:c2965]
2019-09-10 22:12:09,519 [grpc-default-executor-1] INFO  client.GrpcClientProtocolClient (GrpcClientProtocolClient.java:onNext(255)) - client-0C76110B8A2B->ed5d81fa-aaf0-49db-aa57-acca1dd387bd: receive RaftClientReply:client-0C76110B8A2B->ed5d81fa-aaf0-49db-aa57-acca1dd387bd@group-729F0664FEA8, cid=2067, SUCCESS, logIndex=2964, commits[ed5d81fa-aaf0-49db-aa57-acca1dd387bd:c2966]
2019-09-10 22:12:09,519 [grpc-default-executor-1] INFO  client.GrpcClientProtocolClient (GrpcClientProtocolClient.java:onNext(255)) - client-0C76110B8A2B->ed5d81fa-aaf0-49db-aa57-acca1dd387bd: receive RaftClientReply:client-0C76110B8A2B->ed5d81fa-aaf0-49db-aa57-acca1dd387bd@group-729F0664FEA8, cid=2068, SUCCESS, logIndex=2965, commits[ed5d81fa-aaf0-49db-aa57-acca1dd387bd:c2967]
2019-09-10 22:12:09,532 [SCMBlockDeletingService#1] DEBUG block.SCMBlockDeletingService (SCMBlockDeletingService.java:call(138)) - Running DeletedBlockTransactionScanner
2019-09-10 22:12:09,532 [SCMBlockDeletingService#1] DEBUG block.SCMBlockDeletingService (SCMBlockDeletingService.java:call(155)) - Scanned deleted blocks log and got 0 delTX to process.
2019-09-10 22:12:09,538 [grpc-default-executor-1] INFO  client.GrpcClientProtocolClient (GrpcClientProtocolClient.java:onNext(255)) - client-0C76110B8A2B->ed5d81fa-aaf0-49db-aa57-acca1dd387bd: receive RaftClientReply:client-0C76110B8A2B->ed5d81fa-aaf0-49db-aa57-acca1dd387bd@group-729F0664FEA8, cid=2069, SUCCESS, logIndex=2968, commits[ed5d81fa-aaf0-49db-aa57-acca1dd387bd:c2969]
2019-09-10 22:12:09,538 [grpc-default-executor-1] INFO  client.GrpcClientProtocolClient (GrpcClientProtocolClient.java:onNext(255)) - client-0C76110B8A2B->ed5d81fa-aaf0-49db-aa57-acca1dd387bd: receive RaftClientReply:client-0C76110B8A2B->ed5d81fa-aaf0-49db-aa57-acca1dd387bd@group-729F0664FEA8, cid=2070, SUCCESS, logIndex=2969, commits[ed5d81fa-aaf0-49db-aa57-acca1dd387bd:c2971]
2019-09-10 22:12:09,539 [grpc-default-executor-1] INFO  client.GrpcClientProtocolClient (GrpcClientProtocolClient.java:onNext(255)) - client-0C76110B8A2B->ed5d81fa-aaf0-49db-aa57-acca1dd387bd: receive RaftClientReply:client-0C76110B8A2B->ed5d81fa-aaf0-49db-aa57-acca1dd387bd@group-729F0664FEA8, cid=2071, SUCCESS, logIndex=2970, commits[ed5d81fa-aaf0-49db-aa57-acca1dd387bd:c2971]
2019-09-10 22:12:09,539 [grpc-default-executor-1] INFO  client.GrpcClientProtocolClient (GrpcClientProtocolClient.java:onNext(255)) - client-0C76110B8A2B->ed5d81fa-aaf0-49db-aa57-acca1dd387bd: receive RaftClientReply:client-0C76110B8A2B->ed5d81fa-aaf0-49db-aa57-acca1dd387bd@group-729F0664FEA8, cid=2072, SUCCESS, logIndex=2971, commits[ed5d81fa-aaf0-49db-aa57-acca1dd387bd:c2972]
2019-09-10 22:12:09,578 [grpc-default-executor-0] INFO  client.GrpcClientProtocolClient (GrpcClientProtocolClient.java:onNext(255)) - client-0C76110B8A2B->ed5d81fa-aaf0-49db-aa57-acca1dd387bd: receive RaftClientReply:client-0C76110B8A2B->ed5d81fa-aaf0-49db-aa57-acca1dd387bd@group-729F0664FEA8, cid=2073, SUCCESS, logIndex=2974, commits[ed5d81fa-aaf0-49db-aa57-acca1dd387bd:c2977]
2019-09-10 22:12:09,579 [grpc-default-executor-0] INFO  client.GrpcClientProtocolClient (GrpcClientProtocolClient.java:onNext(255)) - client-0C76110B8A2B->ed5d81fa-aaf0-49db-aa57-acca1dd387bd: receive RaftClientReply:client-0C76110B8A2B->ed5d81fa-aaf0-49db-aa57-acca1dd387bd@group-729F0664FEA8, cid=2074, SUCCESS, logIndex=2975, commits[ed5d81fa-aaf0-49db-aa57-acca1dd387bd:c2977]
2019-09-10 22:12:09,579 [grpc-default-executor-0] INFO  client.GrpcClientProtocolClient (GrpcClientProtocolClient.java:onNext(255)) - client-0C76110B8A2B->ed5d81fa-aaf0-49db-aa57-acca1dd387bd: receive RaftClientReply:client-0C76110B8A2B->ed5d81fa-aaf0-49db-aa57-acca1dd387bd@group-729F0664FEA8, cid=2075, SUCCESS, logIndex=2976, commits[ed5d81fa-aaf0-49db-aa57-acca1dd387bd:c2977]
2019-09-10 22:12:09,579 [grpc-default-executor-0] INFO  client.GrpcClientProtocolClient (GrpcClientProtocolClient.java:onNext(255)) - client-0C76110B8A2B->ed5d81fa-aaf0-49db-aa57-acca1dd387bd: receive RaftClientReply:client-0C76110B8A2B->ed5d81fa-aaf0-49db-aa57-acca1dd387bd@group-729F0664FEA8, cid=2076, SUCCESS, logIndex=2977, commits[ed5d81fa-aaf0-49db-aa57-acca1dd387bd:c2978]
2019-09-10 22:12:09,633 [SCMBlockDeletingService#1] DEBUG block.SCMBlockDeletingService (SCMBlockDeletingService.java:call(138)) - Running DeletedBlockTransactionScanner
2019-09-10 22:12:09,633 [SCMBlockDeletingService#1] DEBUG block.SCMBlockDeletingService (SCMBlockDeletingService.java:call(155)) - Scanned deleted blocks log and got 0 delTX to process.
2019-09-10 22:12:09,681 [grpc-default-executor-0] INFO  client.GrpcClientProtocolClient (GrpcClientProtocolClient.java:onNext(255)) - client-0C76110B8A2B->ed5d81fa-aaf0-49db-aa57-acca1dd387bd: receive RaftClientReply:client-0C76110B8A2B->ed5d81fa-aaf0-49db-aa57-acca1dd387bd@group-729F0664FEA8, cid=2077, SUCCESS, logIndex=2979, commits[ed5d81fa-aaf0-49db-aa57-acca1dd387bd:c2980]
2019-09-10 22:12:09,682 [grpc-default-executor-0] INFO  client.GrpcClientProtocolClient (GrpcClientProtocolClient.java:onNext(255)) - client-0C76110B8A2B->ed5d81fa-aaf0-49db-aa57-acca1dd387bd: receive RaftClientReply:client-0C76110B8A2B->ed5d81fa-aaf0-49db-aa57-acca1dd387bd@group-729F0664FEA8, cid=2078, SUCCESS, logIndex=2980, commits[ed5d81fa-aaf0-49db-aa57-acca1dd387bd:c2982]
2019-09-10 22:12:09,682 [grpc-default-executor-0] INFO  client.GrpcClientProtocolClient (GrpcClientProtocolClient.java:onNext(255)) - client-0C76110B8A2B->ed5d81fa-aaf0-49db-aa57-acca1dd387bd: receive RaftClientReply:client-0C76110B8A2B->ed5d81fa-aaf0-49db-aa57-acca1dd387bd@group-729F0664FEA8, cid=2079, SUCCESS, logIndex=2981, commits[ed5d81fa-aaf0-49db-aa57-acca1dd387bd:c2983]
2019-09-10 22:12:09,682 [grpc-default-executor-0] INFO  client.GrpcClientProtocolClient (GrpcClientProtocolClient.java:onNext(255)) - client-0C76110B8A2B->ed5d81fa-aaf0-49db-aa57-acca1dd387bd: receive RaftClientReply:client-0C76110B8A2B->ed5d81fa-aaf0-49db-aa57-acca1dd387bd@group-729F0664FEA8, cid=2080, SUCCESS, logIndex=2982, commits[ed5d81fa-aaf0-49db-aa57-acca1dd387bd:c2984]
2019-09-10 22:12:09,717 [grpc-default-executor-1] INFO  client.GrpcClientProtocolClient (GrpcClientProtocolClient.java:onNext(255)) - client-0C76110B8A2B->ed5d81fa-aaf0-49db-aa57-acca1dd387bd: receive RaftClientReply:client-0C76110B8A2B->ed5d81fa-aaf0-49db-aa57-acca1dd387bd@group-729F0664FEA8, cid=2081, SUCCESS, logIndex=2985, commits[ed5d81fa-aaf0-49db-aa57-acca1dd387bd:c2988]
2019-09-10 22:12:09,718 [grpc-default-executor-1] INFO  client.GrpcClientProtocolClient (GrpcClientProtocolClient.java:onNext(255)) - client-0C76110B8A2B->ed5d81fa-aaf0-49db-aa57-acca1dd387bd: receive RaftClientReply:client-0C76110B8A2B->ed5d81fa-aaf0-49db-aa57-acca1dd387bd@group-729F0664FEA8, cid=2082, SUCCESS, logIndex=2986, commits[ed5d81fa-aaf0-49db-aa57-acca1dd387bd:c2989]
2019-09-10 22:12:09,718 [grpc-default-executor-1] INFO  client.GrpcClientProtocolClient (GrpcClientProtocolClient.java:onNext(255)) - client-0C76110B8A2B->ed5d81fa-aaf0-49db-aa57-acca1dd387bd: receive RaftClientReply:client-0C76110B8A2B->ed5d81fa-aaf0-49db-aa57-acca1dd387bd@group-729F0664FEA8, cid=2083, SUCCESS, logIndex=2987, commits[ed5d81fa-aaf0-49db-aa57-acca1dd387bd:c2989]
2019-09-10 22:12:09,718 [grpc-default-executor-1] INFO  client.GrpcClientProtocolClient (GrpcClientProtocolClient.java:onNext(255)) - client-0C76110B8A2B->ed5d81fa-aaf0-49db-aa57-acca1dd387bd: receive RaftClientReply:client-0C76110B8A2B->ed5d81fa-aaf0-49db-aa57-acca1dd387bd@group-729F0664FEA8, cid=2084, SUCCESS, logIndex=2988, commits[ed5d81fa-aaf0-49db-aa57-acca1dd387bd:c2989]
2019-09-10 22:12:09,733 [SCMBlockDeletingService#1] DEBUG block.SCMBlockDeletingService (SCMBlockDeletingService.java:call(138)) - Running DeletedBlockTransactionScanner
2019-09-10 22:12:09,734 [SCMBlockDeletingService#1] DEBUG block.SCMBlockDeletingService (SCMBlockDeletingService.java:call(155)) - Scanned deleted blocks log and got 0 delTX to process.
2019-09-10 22:12:09,747 [grpc-default-executor-1] INFO  client.GrpcClientProtocolClient (GrpcClientProtocolClient.java:onNext(255)) - client-0C76110B8A2B->ed5d81fa-aaf0-49db-aa57-acca1dd387bd: receive RaftClientReply:client-0C76110B8A2B->ed5d81fa-aaf0-49db-aa57-acca1dd387bd@group-729F0664FEA8, cid=2085, SUCCESS, logIndex=2990, commits[ed5d81fa-aaf0-49db-aa57-acca1dd387bd:c2991]
2019-09-10 22:12:09,748 [grpc-default-executor-1] INFO  client.GrpcClientProtocolClient (GrpcClientProtocolClient.java:onNext(255)) - client-0C76110B8A2B->ed5d81fa-aaf0-49db-aa57-acca1dd387bd: receive RaftClientReply:client-0C76110B8A2B->ed5d81fa-aaf0-49db-aa57-acca1dd387bd@group-729F0664FEA8, cid=2086, SUCCESS, logIndex=2991, commits[ed5d81fa-aaf0-49db-aa57-acca1dd387bd:c2993]
2019-09-10 22:12:09,748 [grpc-default-executor-1] INFO  client.GrpcClientProtocolClient (GrpcClientProtocolClient.java:onNext(255)) - client-0C76110B8A2B->ed5d81fa-aaf0-49db-aa57-acca1dd387bd: receive RaftClientReply:client-0C76110B8A2B->ed5d81fa-aaf0-49db-aa57-acca1dd387bd@group-729F0664FEA8, cid=2087, SUCCESS, logIndex=2992, commits[ed5d81fa-aaf0-49db-aa57-acca1dd387bd:c2993]
2019-09-10 22:12:09,749 [grpc-default-executor-1] INFO  client.GrpcClientProtocolClient (GrpcClientProtocolClient.java:onNext(255)) - client-0C76110B8A2B->ed5d81fa-aaf0-49db-aa57-acca1dd387bd: receive RaftClientReply:client-0C76110B8A2B->ed5d81fa-aaf0-49db-aa57-acca1dd387bd@group-729F0664FEA8, cid=2088, SUCCESS, logIndex=2993, commits[ed5d81fa-aaf0-49db-aa57-acca1dd387bd:c2994]
2019-09-10 22:12:09,781 [grpc-default-executor-0] INFO  client.GrpcClientProtocolClient (GrpcClientProtocolClient.java:onNext(255)) - client-0C76110B8A2B->ed5d81fa-aaf0-49db-aa57-acca1dd387bd: receive RaftClientReply:client-0C76110B8A2B->ed5d81fa-aaf0-49db-aa57-acca1dd387bd@group-729F0664FEA8, cid=2089, SUCCESS, logIndex=2996, commits[ed5d81fa-aaf0-49db-aa57-acca1dd387bd:c2999]
2019-09-10 22:12:09,782 [grpc-default-executor-0] INFO  client.GrpcClientProtocolClient (GrpcClientProtocolClient.java:onNext(255)) - client-0C76110B8A2B->ed5d81fa-aaf0-49db-aa57-acca1dd387bd: receive RaftClientReply:client-0C76110B8A2B->ed5d81fa-aaf0-49db-aa57-acca1dd387bd@group-729F0664FEA8, cid=2090, SUCCESS, logIndex=2997, commits[ed5d81fa-aaf0-49db-aa57-acca1dd387bd:c3000]
2019-09-10 22:12:09,782 [grpc-default-executor-0] INFO  client.GrpcClientProtocolClient (GrpcClientProtocolClient.java:onNext(255)) - client-0C76110B8A2B->ed5d81fa-aaf0-49db-aa57-acca1dd387bd: receive RaftClientReply:client-0C76110B8A2B->ed5d81fa-aaf0-49db-aa57-acca1dd387bd@group-729F0664FEA8, cid=2091, SUCCESS, logIndex=2998, commits[ed5d81fa-aaf0-49db-aa57-acca1dd387bd:c3000]
2019-09-10 22:12:09,782 [grpc-default-executor-0] INFO  client.GrpcClientProtocolClient (GrpcClientProtocolClient.java:onNext(255)) - client-0C76110B8A2B->ed5d81fa-aaf0-49db-aa57-acca1dd387bd: receive RaftClientReply:client-0C76110B8A2B->ed5d81fa-aaf0-49db-aa57-acca1dd387bd@group-729F0664FEA8, cid=2092, SUCCESS, logIndex=2999, commits[ed5d81fa-aaf0-49db-aa57-acca1dd387bd:c3000]
2019-09-10 22:12:09,802 [grpc-default-executor-0] INFO  client.GrpcClientProtocolClient (GrpcClientProtocolClient.java:onNext(255)) - client-0C76110B8A2B->ed5d81fa-aaf0-49db-aa57-acca1dd387bd: receive RaftClientReply:client-0C76110B8A2B->ed5d81fa-aaf0-49db-aa57-acca1dd387bd@group-729F0664FEA8, cid=2093, SUCCESS, logIndex=3001, commits[ed5d81fa-aaf0-49db-aa57-acca1dd387bd:c3004]
2019-09-10 22:12:09,802 [grpc-default-executor-0] INFO  client.GrpcClientProtocolClient (GrpcClientProtocolClient.java:onNext(255)) - client-0C76110B8A2B->ed5d81fa-aaf0-49db-aa57-acca1dd387bd: receive RaftClientReply:client-0C76110B8A2B->ed5d81fa-aaf0-49db-aa57-acca1dd387bd@group-729F0664FEA8, cid=2094, SUCCESS, logIndex=3002, commits[ed5d81fa-aaf0-49db-aa57-acca1dd387bd:c3005]
2019-09-10 22:12:09,803 [grpc-default-executor-0] INFO  client.GrpcClientProtocolClient (GrpcClientProtocolClient.java:onNext(255)) - client-0C76110B8A2B->ed5d81fa-aaf0-49db-aa57-acca1dd387bd: receive RaftClientReply:client-0C76110B8A2B->ed5d81fa-aaf0-49db-aa57-acca1dd387bd@group-729F0664FEA8, cid=2095, SUCCESS, logIndex=3003, commits[ed5d81fa-aaf0-49db-aa57-acca1dd387bd:c3005]
2019-09-10 22:12:09,803 [grpc-default-executor-0] INFO  client.GrpcClientProtocolClient (GrpcClientProtocolClient.java:onNext(255)) - client-0C76110B8A2B->ed5d81fa-aaf0-49db-aa57-acca1dd387bd: receive RaftClientReply:client-0C76110B8A2B->ed5d81fa-aaf0-49db-aa57-acca1dd387bd@group-729F0664FEA8, cid=2096, SUCCESS, logIndex=3004, commits[ed5d81fa-aaf0-49db-aa57-acca1dd387bd:c3005]
2019-09-10 22:12:09,827 [grpc-default-executor-0] INFO  client.GrpcClientProtocolClient (GrpcClientProtocolClient.java:onNext(255)) - client-0C76110B8A2B->ed5d81fa-aaf0-49db-aa57-acca1dd387bd: receive RaftClientReply:client-0C76110B8A2B->ed5d81fa-aaf0-49db-aa57-acca1dd387bd@group-729F0664FEA8, cid=2097, SUCCESS, logIndex=3006, commits[ed5d81fa-aaf0-49db-aa57-acca1dd387bd:c3009]
2019-09-10 22:12:09,828 [grpc-default-executor-0] INFO  client.GrpcClientProtocolClient (GrpcClientProtocolClient.java:onNext(255)) - client-0C76110B8A2B->ed5d81fa-aaf0-49db-aa57-acca1dd387bd: receive RaftClientReply:client-0C76110B8A2B->ed5d81fa-aaf0-49db-aa57-acca1dd387bd@group-729F0664FEA8, cid=2098, SUCCESS, logIndex=3007, commits[ed5d81fa-aaf0-49db-aa57-acca1dd387bd:c3010]
2019-09-10 22:12:09,828 [grpc-default-executor-0] INFO  client.GrpcClientProtocolClient (GrpcClientProtocolClient.java:onNext(255)) - client-0C76110B8A2B->ed5d81fa-aaf0-49db-aa57-acca1dd387bd: receive RaftClientReply:client-0C76110B8A2B->ed5d81fa-aaf0-49db-aa57-acca1dd387bd@group-729F0664FEA8, cid=2099, SUCCESS, logIndex=3008, commits[ed5d81fa-aaf0-49db-aa57-acca1dd387bd:c3010]
2019-09-10 22:12:09,828 [grpc-default-executor-0] INFO  client.GrpcClientProtocolClient (GrpcClientProtocolClient.java:onNext(255)) - client-0C76110B8A2B->ed5d81fa-aaf0-49db-aa57-acca1dd387bd: receive RaftClientReply:client-0C76110B8A2B->ed5d81fa-aaf0-49db-aa57-acca1dd387bd@group-729F0664FEA8, cid=2100, SUCCESS, logIndex=3009, commits[ed5d81fa-aaf0-49db-aa57-acca1dd387bd:c3010]
2019-09-10 22:12:09,834 [SCMBlockDeletingService#0] DEBUG block.SCMBlockDeletingService (SCMBlockDeletingService.java:call(138)) - Running DeletedBlockTransactionScanner
2019-09-10 22:12:09,834 [SCMBlockDeletingService#0] DEBUG block.SCMBlockDeletingService (SCMBlockDeletingService.java:call(155)) - Scanned deleted blocks log and got 0 delTX to process.
2019-09-10 22:12:09,846 [grpc-default-executor-1] INFO  client.GrpcClientProtocolClient (GrpcClientProtocolClient.java:onNext(255)) - client-0C76110B8A2B->ed5d81fa-aaf0-49db-aa57-acca1dd387bd: receive RaftClientReply:client-0C76110B8A2B->ed5d81fa-aaf0-49db-aa57-acca1dd387bd@group-729F0664FEA8, cid=2101, SUCCESS, logIndex=3011, commits[ed5d81fa-aaf0-49db-aa57-acca1dd387bd:c3012]
2019-09-10 22:12:09,846 [grpc-default-executor-1] INFO  client.GrpcClientProtocolClient (GrpcClientProtocolClient.java:onNext(255)) - client-0C76110B8A2B->ed5d81fa-aaf0-49db-aa57-acca1dd387bd: receive RaftClientReply:client-0C76110B8A2B->ed5d81fa-aaf0-49db-aa57-acca1dd387bd@group-729F0664FEA8, cid=2102, SUCCESS, logIndex=3012, commits[ed5d81fa-aaf0-49db-aa57-acca1dd387bd:c3014]
2019-09-10 22:12:09,847 [grpc-default-executor-1] INFO  client.GrpcClientProtocolClient (GrpcClientProtocolClient.java:onNext(255)) - client-0C76110B8A2B->ed5d81fa-aaf0-49db-aa57-acca1dd387bd: receive RaftClientReply:client-0C76110B8A2B->ed5d81fa-aaf0-49db-aa57-acca1dd387bd@group-729F0664FEA8, cid=2103, SUCCESS, logIndex=3013, commits[ed5d81fa-aaf0-49db-aa57-acca1dd387bd:c3014]
2019-09-10 22:12:09,847 [grpc-default-executor-1] INFO  client.GrpcClientProtocolClient (GrpcClientProtocolClient.java:onNext(255)) - client-0C76110B8A2B->ed5d81fa-aaf0-49db-aa57-acca1dd387bd: receive RaftClientReply:client-0C76110B8A2B->ed5d81fa-aaf0-49db-aa57-acca1dd387bd@group-729F0664FEA8, cid=2104, SUCCESS, logIndex=3014, commits[ed5d81fa-aaf0-49db-aa57-acca1dd387bd:c3015]
2019-09-10 22:12:09,872 [grpc-default-executor-1] INFO  client.GrpcClientProtocolClient (GrpcClientProtocolClient.java:onNext(255)) - client-0C76110B8A2B->ed5d81fa-aaf0-49db-aa57-acca1dd387bd: receive RaftClientReply:client-0C76110B8A2B->ed5d81fa-aaf0-49db-aa57-acca1dd387bd@group-729F0664FEA8, cid=2105, SUCCESS, logIndex=3017, commits[ed5d81fa-aaf0-49db-aa57-acca1dd387bd:c3018]
2019-09-10 22:12:09,872 [grpc-default-executor-1] INFO  client.GrpcClientProtocolClient (GrpcClientProtocolClient.java:onNext(255)) - client-0C76110B8A2B->ed5d81fa-aaf0-49db-aa57-acca1dd387bd: receive RaftClientReply:client-0C76110B8A2B->ed5d81fa-aaf0-49db-aa57-acca1dd387bd@group-729F0664FEA8, cid=2106, SUCCESS, logIndex=3018, commits[ed5d81fa-aaf0-49db-aa57-acca1dd387bd:c3020]
2019-09-10 22:12:09,872 [grpc-default-executor-1] INFO  client.GrpcClientProtocolClient (GrpcClientProtocolClient.java:onNext(255)) - client-0C76110B8A2B->ed5d81fa-aaf0-49db-aa57-acca1dd387bd: receive RaftClientReply:client-0C76110B8A2B->ed5d81fa-aaf0-49db-aa57-acca1dd387bd@group-729F0664FEA8, cid=2107, SUCCESS, logIndex=3019, commits[ed5d81fa-aaf0-49db-aa57-acca1dd387bd:c3021]
2019-09-10 22:12:09,873 [grpc-default-executor-1] INFO  client.GrpcClientProtocolClient (GrpcClientProtocolClient.java:onNext(255)) - client-0C76110B8A2B->ed5d81fa-aaf0-49db-aa57-acca1dd387bd: receive RaftClientReply:client-0C76110B8A2B->ed5d81fa-aaf0-49db-aa57-acca1dd387bd@group-729F0664FEA8, cid=2108, SUCCESS, logIndex=3020, commits[ed5d81fa-aaf0-49db-aa57-acca1dd387bd:c3021]
2019-09-10 22:12:09,899 [grpc-default-executor-1] INFO  client.GrpcClientProtocolClient (GrpcClientProtocolClient.java:onNext(255)) - client-0C76110B8A2B->ed5d81fa-aaf0-49db-aa57-acca1dd387bd: receive RaftClientReply:client-0C76110B8A2B->ed5d81fa-aaf0-49db-aa57-acca1dd387bd@group-729F0664FEA8, cid=2109, SUCCESS, logIndex=3023, commits[ed5d81fa-aaf0-49db-aa57-acca1dd387bd:c3024]
2019-09-10 22:12:09,900 [grpc-default-executor-1] INFO  client.GrpcClientProtocolClient (GrpcClientProtocolClient.java:onNext(255)) - client-0C76110B8A2B->ed5d81fa-aaf0-49db-aa57-acca1dd387bd: receive RaftClientReply:client-0C76110B8A2B->ed5d81fa-aaf0-49db-aa57-acca1dd387bd@group-729F0664FEA8, cid=2110, SUCCESS, logIndex=3024, commits[ed5d81fa-aaf0-49db-aa57-acca1dd387bd:c3026]
2019-09-10 22:12:09,900 [grpc-default-executor-1] INFO  client.GrpcClientProtocolClient (GrpcClientProtocolClient.java:onNext(255)) - client-0C76110B8A2B->ed5d81fa-aaf0-49db-aa57-acca1dd387bd: receive RaftClientReply:client-0C76110B8A2B->ed5d81fa-aaf0-49db-aa57-acca1dd387bd@group-729F0664FEA8, cid=2111, SUCCESS, logIndex=3025, commits[ed5d81fa-aaf0-49db-aa57-acca1dd387bd:c3027]
2019-09-10 22:12:09,900 [grpc-default-executor-1] INFO  client.GrpcClientProtocolClient (GrpcClientProtocolClient.java:onNext(255)) - client-0C76110B8A2B->ed5d81fa-aaf0-49db-aa57-acca1dd387bd: receive RaftClientReply:client-0C76110B8A2B->ed5d81fa-aaf0-49db-aa57-acca1dd387bd@group-729F0664FEA8, cid=2112, SUCCESS, logIndex=3026, commits[ed5d81fa-aaf0-49db-aa57-acca1dd387bd:c3027]
2019-09-10 22:12:09,926 [grpc-default-executor-1] INFO  client.GrpcClientProtocolClient (GrpcClientProtocolClient.java:onNext(255)) - client-0C76110B8A2B->ed5d81fa-aaf0-49db-aa57-acca1dd387bd: receive RaftClientReply:client-0C76110B8A2B->ed5d81fa-aaf0-49db-aa57-acca1dd387bd@group-729F0664FEA8, cid=2113, SUCCESS, logIndex=3029, commits[ed5d81fa-aaf0-49db-aa57-acca1dd387bd:c3032]
2019-09-10 22:12:09,927 [grpc-default-executor-1] INFO  client.GrpcClientProtocolClient (GrpcClientProtocolClient.java:onNext(255)) - client-0C76110B8A2B->ed5d81fa-aaf0-49db-aa57-acca1dd387bd: receive RaftClientReply:client-0C76110B8A2B->ed5d81fa-aaf0-49db-aa57-acca1dd387bd@group-729F0664FEA8, cid=2114, SUCCESS, logIndex=3030, commits[ed5d81fa-aaf0-49db-aa57-acca1dd387bd:c3033]
2019-09-10 22:12:09,927 [grpc-default-executor-1] INFO  client.GrpcClientProtocolClient (GrpcClientProtocolClient.java:onNext(255)) - client-0C76110B8A2B->ed5d81fa-aaf0-49db-aa57-acca1dd387bd: receive RaftClientReply:client-0C76110B8A2B->ed5d81fa-aaf0-49db-aa57-acca1dd387bd@group-729F0664FEA8, cid=2115, SUCCESS, logIndex=3031, commits[ed5d81fa-aaf0-49db-aa57-acca1dd387bd:c3033]
2019-09-10 22:12:09,927 [grpc-default-executor-1] INFO  client.GrpcClientProtocolClient (GrpcClientProtocolClient.java:onNext(255)) - client-0C76110B8A2B->ed5d81fa-aaf0-49db-aa57-acca1dd387bd: receive RaftClientReply:client-0C76110B8A2B->ed5d81fa-aaf0-49db-aa57-acca1dd387bd@group-729F0664FEA8, cid=2116, SUCCESS, logIndex=3032, commits[ed5d81fa-aaf0-49db-aa57-acca1dd387bd:c3033]
2019-09-10 22:12:09,935 [SCMBlockDeletingService#0] DEBUG block.SCMBlockDeletingService (SCMBlockDeletingService.java:call(138)) - Running DeletedBlockTransactionScanner
2019-09-10 22:12:09,935 [SCMBlockDeletingService#0] DEBUG block.SCMBlockDeletingService (SCMBlockDeletingService.java:call(155)) - Scanned deleted blocks log and got 0 delTX to process.
2019-09-10 22:12:09,948 [grpc-default-executor-1] INFO  client.GrpcClientProtocolClient (GrpcClientProtocolClient.java:onNext(255)) - client-0C76110B8A2B->ed5d81fa-aaf0-49db-aa57-acca1dd387bd: receive RaftClientReply:client-0C76110B8A2B->ed5d81fa-aaf0-49db-aa57-acca1dd387bd@group-729F0664FEA8, cid=2117, SUCCESS, logIndex=3034, commits[ed5d81fa-aaf0-49db-aa57-acca1dd387bd:c3037]
2019-09-10 22:12:09,948 [grpc-default-executor-1] INFO  client.GrpcClientProtocolClient (GrpcClientProtocolClient.java:onNext(255)) - client-0C76110B8A2B->ed5d81fa-aaf0-49db-aa57-acca1dd387bd: receive RaftClientReply:client-0C76110B8A2B->ed5d81fa-aaf0-49db-aa57-acca1dd387bd@group-729F0664FEA8, cid=2118, SUCCESS, logIndex=3035, commits[ed5d81fa-aaf0-49db-aa57-acca1dd387bd:c3038]
2019-09-10 22:12:09,949 [grpc-default-executor-1] INFO  client.GrpcClientProtocolClient (GrpcClientProtocolClient.java:onNext(255)) - client-0C76110B8A2B->ed5d81fa-aaf0-49db-aa57-acca1dd387bd: receive RaftClientReply:client-0C76110B8A2B->ed5d81fa-aaf0-49db-aa57-acca1dd387bd@group-729F0664FEA8, cid=2119, SUCCESS, logIndex=3036, commits[ed5d81fa-aaf0-49db-aa57-acca1dd387bd:c3038]
2019-09-10 22:12:09,949 [grpc-default-executor-1] INFO  client.GrpcClientProtocolClient (GrpcClientProtocolClient.java:onNext(255)) - client-0C76110B8A2B->ed5d81fa-aaf0-49db-aa57-acca1dd387bd: receive RaftClientReply:client-0C76110B8A2B->ed5d81fa-aaf0-49db-aa57-acca1dd387bd@group-729F0664FEA8, cid=2120, SUCCESS, logIndex=3037, commits[ed5d81fa-aaf0-49db-aa57-acca1dd387bd:c3038]
2019-09-10 22:12:10,035 [SCMBlockDeletingService#1] DEBUG block.SCMBlockDeletingService (SCMBlockDeletingService.java:call(138)) - Running DeletedBlockTransactionScanner
2019-09-10 22:12:10,036 [SCMBlockDeletingService#1] DEBUG block.SCMBlockDeletingService (SCMBlockDeletingService.java:call(155)) - Scanned deleted blocks log and got 0 delTX to process.
2019-09-10 22:12:10,136 [SCMBlockDeletingService#1] DEBUG block.SCMBlockDeletingService (SCMBlockDeletingService.java:call(138)) - Running DeletedBlockTransactionScanner
2019-09-10 22:12:10,136 [SCMBlockDeletingService#1] DEBUG block.SCMBlockDeletingService (SCMBlockDeletingService.java:call(155)) - Scanned deleted blocks log and got 0 delTX to process.
2019-09-10 22:12:10,174 [grpc-default-executor-0] INFO  client.GrpcClientProtocolClient (GrpcClientProtocolClient.java:onNext(255)) - client-0C76110B8A2B->ed5d81fa-aaf0-49db-aa57-acca1dd387bd: receive RaftClientReply:client-0C76110B8A2B->ed5d81fa-aaf0-49db-aa57-acca1dd387bd@group-729F0664FEA8, cid=2121, SUCCESS, logIndex=3039, commits[ed5d81fa-aaf0-49db-aa57-acca1dd387bd:c3042]
2019-09-10 22:12:10,175 [grpc-default-executor-0] INFO  client.GrpcClientProtocolClient (GrpcClientProtocolClient.java:onNext(255)) - client-0C76110B8A2B->ed5d81fa-aaf0-49db-aa57-acca1dd387bd: receive RaftClientReply:client-0C76110B8A2B->ed5d81fa-aaf0-49db-aa57-acca1dd387bd@group-729F0664FEA8, cid=2122, SUCCESS, logIndex=3040, commits[ed5d81fa-aaf0-49db-aa57-acca1dd387bd:c3042]
2019-09-10 22:12:10,176 [grpc-default-executor-0] INFO  client.GrpcClientProtocolClient (GrpcClientProtocolClient.java:onNext(255)) - client-0C76110B8A2B->ed5d81fa-aaf0-49db-aa57-acca1dd387bd: receive RaftClientReply:client-0C76110B8A2B->ed5d81fa-aaf0-49db-aa57-acca1dd387bd@group-729F0664FEA8, cid=2123, SUCCESS, logIndex=3041, commits[ed5d81fa-aaf0-49db-aa57-acca1dd387bd:c3042]
2019-09-10 22:12:10,176 [grpc-default-executor-0] INFO  client.GrpcClientProtocolClient (GrpcClientProtocolClient.java:onNext(255)) - client-0C76110B8A2B->ed5d81fa-aaf0-49db-aa57-acca1dd387bd: receive RaftClientReply:client-0C76110B8A2B->ed5d81fa-aaf0-49db-aa57-acca1dd387bd@group-729F0664FEA8, cid=2124, SUCCESS, logIndex=3042, commits[ed5d81fa-aaf0-49db-aa57-acca1dd387bd:c3042]
2019-09-10 22:12:10,196 [grpc-default-executor-1] INFO  client.GrpcClientProtocolClient (GrpcClientProtocolClient.java:onNext(255)) - client-0C76110B8A2B->ed5d81fa-aaf0-49db-aa57-acca1dd387bd: receive RaftClientReply:client-0C76110B8A2B->ed5d81fa-aaf0-49db-aa57-acca1dd387bd@group-729F0664FEA8, cid=2125, SUCCESS, logIndex=3044, commits[ed5d81fa-aaf0-49db-aa57-acca1dd387bd:c3047]
2019-09-10 22:12:10,197 [grpc-default-executor-1] INFO  client.GrpcClientProtocolClient (GrpcClientProtocolClient.java:onNext(255)) - client-0C76110B8A2B->ed5d81fa-aaf0-49db-aa57-acca1dd387bd: receive RaftClientReply:client-0C76110B8A2B->ed5d81fa-aaf0-49db-aa57-acca1dd387bd@group-729F0664FEA8, cid=2126, SUCCESS, logIndex=3045, commits[ed5d81fa-aaf0-49db-aa57-acca1dd387bd:c3047]
2019-09-10 22:12:10,197 [grpc-default-executor-1] INFO  client.GrpcClientProtocolClient (GrpcClientProtocolClient.java:onNext(255)) - client-0C76110B8A2B->ed5d81fa-aaf0-49db-aa57-acca1dd387bd: receive RaftClientReply:client-0C76110B8A2B->ed5d81fa-aaf0-49db-aa57-acca1dd387bd@group-729F0664FEA8, cid=2127, SUCCESS, logIndex=3046, commits[ed5d81fa-aaf0-49db-aa57-acca1dd387bd:c3047]
2019-09-10 22:12:10,197 [grpc-default-executor-1] INFO  client.GrpcClientProtocolClient (GrpcClientProtocolClient.java:onNext(255)) - client-0C76110B8A2B->ed5d81fa-aaf0-49db-aa57-acca1dd387bd: receive RaftClientReply:client-0C76110B8A2B->ed5d81fa-aaf0-49db-aa57-acca1dd387bd@group-729F0664FEA8, cid=2128, SUCCESS, logIndex=3047, commits[ed5d81fa-aaf0-49db-aa57-acca1dd387bd:c3048]
2019-09-10 22:12:10,228 [grpc-default-executor-1] INFO  client.GrpcClientProtocolClient (GrpcClientProtocolClient.java:onNext(255)) - client-0C76110B8A2B->ed5d81fa-aaf0-49db-aa57-acca1dd387bd: receive RaftClientReply:client-0C76110B8A2B->ed5d81fa-aaf0-49db-aa57-acca1dd387bd@group-729F0664FEA8, cid=2129, SUCCESS, logIndex=3049, commits[ed5d81fa-aaf0-49db-aa57-acca1dd387bd:c3052]
2019-09-10 22:12:10,229 [grpc-default-executor-1] INFO  client.GrpcClientProtocolClient (GrpcClientProtocolClient.java:onNext(255)) - client-0C76110B8A2B->ed5d81fa-aaf0-49db-aa57-acca1dd387bd: receive RaftClientReply:client-0C76110B8A2B->ed5d81fa-aaf0-49db-aa57-acca1dd387bd@group-729F0664FEA8, cid=2130, SUCCESS, logIndex=3050, commits[ed5d81fa-aaf0-49db-aa57-acca1dd387bd:c3052]
2019-09-10 22:12:10,229 [grpc-default-executor-1] INFO  client.GrpcClientProtocolClient (GrpcClientProtocolClient.java:onNext(255)) - client-0C76110B8A2B->ed5d81fa-aaf0-49db-aa57-acca1dd387bd: receive RaftClientReply:client-0C76110B8A2B->ed5d81fa-aaf0-49db-aa57-acca1dd387bd@group-729F0664FEA8, cid=2131, SUCCESS, logIndex=3051, commits[ed5d81fa-aaf0-49db-aa57-acca1dd387bd:c3052]
2019-09-10 22:12:10,229 [grpc-default-executor-1] INFO  client.GrpcClientProtocolClient (GrpcClientProtocolClient.java:onNext(255)) - client-0C76110B8A2B->ed5d81fa-aaf0-49db-aa57-acca1dd387bd: receive RaftClientReply:client-0C76110B8A2B->ed5d81fa-aaf0-49db-aa57-acca1dd387bd@group-729F0664FEA8, cid=2132, SUCCESS, logIndex=3052, commits[ed5d81fa-aaf0-49db-aa57-acca1dd387bd:c3052]
2019-09-10 22:12:10,237 [SCMBlockDeletingService#1] DEBUG block.SCMBlockDeletingService (SCMBlockDeletingService.java:call(138)) - Running DeletedBlockTransactionScanner
2019-09-10 22:12:10,237 [SCMBlockDeletingService#1] DEBUG block.SCMBlockDeletingService (SCMBlockDeletingService.java:call(155)) - Scanned deleted blocks log and got 0 delTX to process.
2019-09-10 22:12:10,242 [grpc-default-executor-0] INFO  client.GrpcClientProtocolClient (GrpcClientProtocolClient.java:onNext(255)) - client-0C76110B8A2B->ed5d81fa-aaf0-49db-aa57-acca1dd387bd: receive RaftClientReply:client-0C76110B8A2B->ed5d81fa-aaf0-49db-aa57-acca1dd387bd@group-729F0664FEA8, cid=2133, SUCCESS, logIndex=3054, commits[ed5d81fa-aaf0-49db-aa57-acca1dd387bd:c3057]
2019-09-10 22:12:10,242 [grpc-default-executor-0] INFO  client.GrpcClientProtocolClient (GrpcClientProtocolClient.java:onNext(255)) - client-0C76110B8A2B->ed5d81fa-aaf0-49db-aa57-acca1dd387bd: receive RaftClientReply:client-0C76110B8A2B->ed5d81fa-aaf0-49db-aa57-acca1dd387bd@group-729F0664FEA8, cid=2134, SUCCESS, logIndex=3055, commits[ed5d81fa-aaf0-49db-aa57-acca1dd387bd:c3058]
2019-09-10 22:12:10,242 [grpc-default-executor-0] INFO  client.GrpcClientProtocolClient (GrpcClientProtocolClient.java:onNext(255)) - client-0C76110B8A2B->ed5d81fa-aaf0-49db-aa57-acca1dd387bd: receive RaftClientReply:client-0C76110B8A2B->ed5d81fa-aaf0-49db-aa57-acca1dd387bd@group-729F0664FEA8, cid=2135, SUCCESS, logIndex=3056, commits[ed5d81fa-aaf0-49db-aa57-acca1dd387bd:c3058]
2019-09-10 22:12:10,243 [grpc-default-executor-0] INFO  client.GrpcClientProtocolClient (GrpcClientProtocolClient.java:onNext(255)) - client-0C76110B8A2B->ed5d81fa-aaf0-49db-aa57-acca1dd387bd: receive RaftClientReply:client-0C76110B8A2B->ed5d81fa-aaf0-49db-aa57-acca1dd387bd@group-729F0664FEA8, cid=2136, SUCCESS, logIndex=3057, commits[ed5d81fa-aaf0-49db-aa57-acca1dd387bd:c3058]
2019-09-10 22:12:10,269 [grpc-default-executor-1] INFO  client.GrpcClientProtocolClient (GrpcClientProtocolClient.java:onNext(255)) - client-0C76110B8A2B->ed5d81fa-aaf0-49db-aa57-acca1dd387bd: receive RaftClientReply:client-0C76110B8A2B->ed5d81fa-aaf0-49db-aa57-acca1dd387bd@group-729F0664FEA8, cid=2137, SUCCESS, logIndex=3059, commits[ed5d81fa-aaf0-49db-aa57-acca1dd387bd:c3060]
2019-09-10 22:12:10,270 [grpc-default-executor-1] INFO  client.GrpcClientProtocolClient (GrpcClientProtocolClient.java:onNext(255)) - client-0C76110B8A2B->ed5d81fa-aaf0-49db-aa57-acca1dd387bd: receive RaftClientReply:client-0C76110B8A2B->ed5d81fa-aaf0-49db-aa57-acca1dd387bd@group-729F0664FEA8, cid=2138, SUCCESS, logIndex=3060, commits[ed5d81fa-aaf0-49db-aa57-acca1dd387bd:c3062]
2019-09-10 22:12:10,270 [grpc-default-executor-1] INFO  client.GrpcClientProtocolClient (GrpcClientProtocolClient.java:onNext(255)) - client-0C76110B8A2B->ed5d81fa-aaf0-49db-aa57-acca1dd387bd: receive RaftClientReply:client-0C76110B8A2B->ed5d81fa-aaf0-49db-aa57-acca1dd387bd@group-729F0664FEA8, cid=2139, SUCCESS, logIndex=3061, commits[ed5d81fa-aaf0-49db-aa57-acca1dd387bd:c3062]
2019-09-10 22:12:10,271 [grpc-default-executor-1] INFO  client.GrpcClientProtocolClient (GrpcClientProtocolClient.java:onNext(255)) - client-0C76110B8A2B->ed5d81fa-aaf0-49db-aa57-acca1dd387bd: receive RaftClientReply:client-0C76110B8A2B->ed5d81fa-aaf0-49db-aa57-acca1dd387bd@group-729F0664FEA8, cid=2140, SUCCESS, logIndex=3062, commits[ed5d81fa-aaf0-49db-aa57-acca1dd387bd:c3063]
2019-09-10 22:12:10,291 [grpc-default-executor-1] INFO  client.GrpcClientProtocolClient (GrpcClientProtocolClient.java:onNext(255)) - client-0C76110B8A2B->ed5d81fa-aaf0-49db-aa57-acca1dd387bd: receive RaftClientReply:client-0C76110B8A2B->ed5d81fa-aaf0-49db-aa57-acca1dd387bd@group-729F0664FEA8, cid=2141, SUCCESS, logIndex=3065, commits[ed5d81fa-aaf0-49db-aa57-acca1dd387bd:c3068]
2019-09-10 22:12:10,292 [grpc-default-executor-1] INFO  client.GrpcClientProtocolClient (GrpcClientProtocolClient.java:onNext(255)) - client-0C76110B8A2B->ed5d81fa-aaf0-49db-aa57-acca1dd387bd: receive RaftClientReply:client-0C76110B8A2B->ed5d81fa-aaf0-49db-aa57-acca1dd387bd@group-729F0664FEA8, cid=2142, SUCCESS, logIndex=3066, commits[ed5d81fa-aaf0-49db-aa57-acca1dd387bd:c3069]
2019-09-10 22:12:10,292 [grpc-default-executor-1] INFO  client.GrpcClientProtocolClient (GrpcClientProtocolClient.java:onNext(255)) - client-0C76110B8A2B->ed5d81fa-aaf0-49db-aa57-acca1dd387bd: receive RaftClientReply:client-0C76110B8A2B->ed5d81fa-aaf0-49db-aa57-acca1dd387bd@group-729F0664FEA8, cid=2143, SUCCESS, logIndex=3067, commits[ed5d81fa-aaf0-49db-aa57-acca1dd387bd:c3069]
2019-09-10 22:12:10,293 [grpc-default-executor-1] INFO  client.GrpcClientProtocolClient (GrpcClientProtocolClient.java:onNext(255)) - client-0C76110B8A2B->ed5d81fa-aaf0-49db-aa57-acca1dd387bd: receive RaftClientReply:client-0C76110B8A2B->ed5d81fa-aaf0-49db-aa57-acca1dd387bd@group-729F0664FEA8, cid=2144, SUCCESS, logIndex=3068, commits[ed5d81fa-aaf0-49db-aa57-acca1dd387bd:c3069]
2019-09-10 22:12:10,319 [grpc-default-executor-1] INFO  client.GrpcClientProtocolClient (GrpcClientProtocolClient.java:onNext(255)) - client-0C76110B8A2B->ed5d81fa-aaf0-49db-aa57-acca1dd387bd: receive RaftClientReply:client-0C76110B8A2B->ed5d81fa-aaf0-49db-aa57-acca1dd387bd@group-729F0664FEA8, cid=2145, SUCCESS, logIndex=3070, commits[ed5d81fa-aaf0-49db-aa57-acca1dd387bd:c3071]
2019-09-10 22:12:10,320 [grpc-default-executor-1] INFO  client.GrpcClientProtocolClient (GrpcClientProtocolClient.java:onNext(255)) - client-0C76110B8A2B->ed5d81fa-aaf0-49db-aa57-acca1dd387bd: receive RaftClientReply:client-0C76110B8A2B->ed5d81fa-aaf0-49db-aa57-acca1dd387bd@group-729F0664FEA8, cid=2146, SUCCESS, logIndex=3071, commits[ed5d81fa-aaf0-49db-aa57-acca1dd387bd:c3073]
2019-09-10 22:12:10,320 [grpc-default-executor-1] INFO  client.GrpcClientProtocolClient (GrpcClientProtocolClient.java:onNext(255)) - client-0C76110B8A2B->ed5d81fa-aaf0-49db-aa57-acca1dd387bd: receive RaftClientReply:client-0C76110B8A2B->ed5d81fa-aaf0-49db-aa57-acca1dd387bd@group-729F0664FEA8, cid=2147, SUCCESS, logIndex=3072, commits[ed5d81fa-aaf0-49db-aa57-acca1dd387bd:c3073]
2019-09-10 22:12:10,320 [grpc-default-executor-1] INFO  client.GrpcClientProtocolClient (GrpcClientProtocolClient.java:onNext(255)) - client-0C76110B8A2B->ed5d81fa-aaf0-49db-aa57-acca1dd387bd: receive RaftClientReply:client-0C76110B8A2B->ed5d81fa-aaf0-49db-aa57-acca1dd387bd@group-729F0664FEA8, cid=2148, SUCCESS, logIndex=3073, commits[ed5d81fa-aaf0-49db-aa57-acca1dd387bd:c3074]
2019-09-10 22:12:10,337 [SCMBlockDeletingService#1] DEBUG block.SCMBlockDeletingService (SCMBlockDeletingService.java:call(138)) - Running DeletedBlockTransactionScanner
2019-09-10 22:12:10,338 [SCMBlockDeletingService#1] DEBUG block.SCMBlockDeletingService (SCMBlockDeletingService.java:call(155)) - Scanned deleted blocks log and got 0 delTX to process.
2019-09-10 22:12:10,341 [grpc-default-executor-1] INFO  client.GrpcClientProtocolClient (GrpcClientProtocolClient.java:onNext(255)) - client-0C76110B8A2B->ed5d81fa-aaf0-49db-aa57-acca1dd387bd: receive RaftClientReply:client-0C76110B8A2B->ed5d81fa-aaf0-49db-aa57-acca1dd387bd@group-729F0664FEA8, cid=2149, SUCCESS, logIndex=3076, commits[ed5d81fa-aaf0-49db-aa57-acca1dd387bd:c3079]
2019-09-10 22:12:10,341 [grpc-default-executor-1] INFO  client.GrpcClientProtocolClient (GrpcClientProtocolClient.java:onNext(255)) - client-0C76110B8A2B->ed5d81fa-aaf0-49db-aa57-acca1dd387bd: receive RaftClientReply:client-0C76110B8A2B->ed5d81fa-aaf0-49db-aa57-acca1dd387bd@group-729F0664FEA8, cid=2150, SUCCESS, logIndex=3077, commits[ed5d81fa-aaf0-49db-aa57-acca1dd387bd:c3079]
2019-09-10 22:12:10,341 [grpc-default-executor-1] INFO  client.GrpcClientProtocolClient (GrpcClientProtocolClient.java:onNext(255)) - client-0C76110B8A2B->ed5d81fa-aaf0-49db-aa57-acca1dd387bd: receive RaftClientReply:client-0C76110B8A2B->ed5d81fa-aaf0-49db-aa57-acca1dd387bd@group-729F0664FEA8, cid=2151, SUCCESS, logIndex=3078, commits[ed5d81fa-aaf0-49db-aa57-acca1dd387bd:c3080]
2019-09-10 22:12:10,342 [grpc-default-executor-1] INFO  client.GrpcClientProtocolClient (GrpcClientProtocolClient.java:onNext(255)) - client-0C76110B8A2B->ed5d81fa-aaf0-49db-aa57-acca1dd387bd: receive RaftClientReply:client-0C76110B8A2B->ed5d81fa-aaf0-49db-aa57-acca1dd387bd@group-729F0664FEA8, cid=2152, SUCCESS, logIndex=3079, commits[ed5d81fa-aaf0-49db-aa57-acca1dd387bd:c3080]
2019-09-10 22:12:10,369 [grpc-default-executor-1] INFO  client.GrpcClientProtocolClient (GrpcClientProtocolClient.java:onNext(255)) - client-0C76110B8A2B->ed5d81fa-aaf0-49db-aa57-acca1dd387bd: receive RaftClientReply:client-0C76110B8A2B->ed5d81fa-aaf0-49db-aa57-acca1dd387bd@group-729F0664FEA8, cid=2153, SUCCESS, logIndex=3081, commits[ed5d81fa-aaf0-49db-aa57-acca1dd387bd:c3084]
2019-09-10 22:12:10,370 [grpc-default-executor-1] INFO  client.GrpcClientProtocolClient (GrpcClientProtocolClient.java:onNext(255)) - client-0C76110B8A2B->ed5d81fa-aaf0-49db-aa57-acca1dd387bd: receive RaftClientReply:client-0C76110B8A2B->ed5d81fa-aaf0-49db-aa57-acca1dd387bd@group-729F0664FEA8, cid=2154, SUCCESS, logIndex=3082, commits[ed5d81fa-aaf0-49db-aa57-acca1dd387bd:c3085]
2019-09-10 22:12:10,370 [grpc-default-executor-1] INFO  client.GrpcClientProtocolClient (GrpcClientProtocolClient.java:onNext(255)) - client-0C76110B8A2B->ed5d81fa-aaf0-49db-aa57-acca1dd387bd: receive RaftClientReply:client-0C76110B8A2B->ed5d81fa-aaf0-49db-aa57-acca1dd387bd@group-729F0664FEA8, cid=2155, SUCCESS, logIndex=3083, commits[ed5d81fa-aaf0-49db-aa57-acca1dd387bd:c3085]
2019-09-10 22:12:10,370 [grpc-default-executor-1] INFO  client.GrpcClientProtocolClient (GrpcClientProtocolClient.java:onNext(255)) - client-0C76110B8A2B->ed5d81fa-aaf0-49db-aa57-acca1dd387bd: receive RaftClientReply:client-0C76110B8A2B->ed5d81fa-aaf0-49db-aa57-acca1dd387bd@group-729F0664FEA8, cid=2156, SUCCESS, logIndex=3084, commits[ed5d81fa-aaf0-49db-aa57-acca1dd387bd:c3085]
2019-09-10 22:12:10,389 [grpc-default-executor-0] INFO  client.GrpcClientProtocolClient (GrpcClientProtocolClient.java:onNext(255)) - client-0C76110B8A2B->ed5d81fa-aaf0-49db-aa57-acca1dd387bd: receive RaftClientReply:client-0C76110B8A2B->ed5d81fa-aaf0-49db-aa57-acca1dd387bd@group-729F0664FEA8, cid=2157, SUCCESS, logIndex=3086, commits[ed5d81fa-aaf0-49db-aa57-acca1dd387bd:c3089]
2019-09-10 22:12:10,389 [grpc-default-executor-0] INFO  client.GrpcClientProtocolClient (GrpcClientProtocolClient.java:onNext(255)) - client-0C76110B8A2B->ed5d81fa-aaf0-49db-aa57-acca1dd387bd: receive RaftClientReply:client-0C76110B8A2B->ed5d81fa-aaf0-49db-aa57-acca1dd387bd@group-729F0664FEA8, cid=2158, SUCCESS, logIndex=3087, commits[ed5d81fa-aaf0-49db-aa57-acca1dd387bd:c3090]
2019-09-10 22:12:10,389 [grpc-default-executor-0] INFO  client.GrpcClientProtocolClient (GrpcClientProtocolClient.java:onNext(255)) - client-0C76110B8A2B->ed5d81fa-aaf0-49db-aa57-acca1dd387bd: receive RaftClientReply:client-0C76110B8A2B->ed5d81fa-aaf0-49db-aa57-acca1dd387bd@group-729F0664FEA8, cid=2159, SUCCESS, logIndex=3088, commits[ed5d81fa-aaf0-49db-aa57-acca1dd387bd:c3090]
2019-09-10 22:12:10,390 [grpc-default-executor-0] INFO  client.GrpcClientProtocolClient (GrpcClientProtocolClient.java:onNext(255)) - client-0C76110B8A2B->ed5d81fa-aaf0-49db-aa57-acca1dd387bd: receive RaftClientReply:client-0C76110B8A2B->ed5d81fa-aaf0-49db-aa57-acca1dd387bd@group-729F0664FEA8, cid=2160, SUCCESS, logIndex=3089, commits[ed5d81fa-aaf0-49db-aa57-acca1dd387bd:c3090]
2019-09-10 22:12:10,415 [grpc-default-executor-1] INFO  client.GrpcClientProtocolClient (GrpcClientProtocolClient.java:onNext(255)) - client-0C76110B8A2B->ed5d81fa-aaf0-49db-aa57-acca1dd387bd: receive RaftClientReply:client-0C76110B8A2B->ed5d81fa-aaf0-49db-aa57-acca1dd387bd@group-729F0664FEA8, cid=2161, SUCCESS, logIndex=3091, commits[ed5d81fa-aaf0-49db-aa57-acca1dd387bd:c3094]
2019-09-10 22:12:10,415 [grpc-default-executor-1] INFO  client.GrpcClientProtocolClient (GrpcClientProtocolClient.java:onNext(255)) - client-0C76110B8A2B->ed5d81fa-aaf0-49db-aa57-acca1dd387bd: receive RaftClientReply:client-0C76110B8A2B->ed5d81fa-aaf0-49db-aa57-acca1dd387bd@group-729F0664FEA8, cid=2162, SUCCESS, logIndex=3092, commits[ed5d81fa-aaf0-49db-aa57-acca1dd387bd:c3095]
2019-09-10 22:12:10,416 [grpc-default-executor-1] INFO  client.GrpcClientProtocolClient (GrpcClientProtocolClient.java:onNext(255)) - client-0C76110B8A2B->ed5d81fa-aaf0-49db-aa57-acca1dd387bd: receive RaftClientReply:client-0C76110B8A2B->ed5d81fa-aaf0-49db-aa57-acca1dd387bd@group-729F0664FEA8, cid=2163, SUCCESS, logIndex=3093, commits[ed5d81fa-aaf0-49db-aa57-acca1dd387bd:c3095]
2019-09-10 22:12:10,416 [grpc-default-executor-1] INFO  client.GrpcClientProtocolClient (GrpcClientProtocolClient.java:onNext(255)) - client-0C76110B8A2B->ed5d81fa-aaf0-49db-aa57-acca1dd387bd: receive RaftClientReply:client-0C76110B8A2B->ed5d81fa-aaf0-49db-aa57-acca1dd387bd@group-729F0664FEA8, cid=2164, SUCCESS, logIndex=3094, commits[ed5d81fa-aaf0-49db-aa57-acca1dd387bd:c3095]
2019-09-10 22:12:10,438 [SCMBlockDeletingService#1] DEBUG block.SCMBlockDeletingService (SCMBlockDeletingService.java:call(138)) - Running DeletedBlockTransactionScanner
2019-09-10 22:12:10,438 [SCMBlockDeletingService#1] DEBUG block.SCMBlockDeletingService (SCMBlockDeletingService.java:call(155)) - Scanned deleted blocks log and got 0 delTX to process.
2019-09-10 22:12:10,529 [grpc-default-executor-1] INFO  client.GrpcClientProtocolClient (GrpcClientProtocolClient.java:onNext(255)) - client-0C76110B8A2B->ed5d81fa-aaf0-49db-aa57-acca1dd387bd: receive RaftClientReply:client-0C76110B8A2B->ed5d81fa-aaf0-49db-aa57-acca1dd387bd@group-729F0664FEA8, cid=2165, SUCCESS, logIndex=3096, commits[ed5d81fa-aaf0-49db-aa57-acca1dd387bd:c3099]
2019-09-10 22:12:10,529 [grpc-default-executor-1] INFO  client.GrpcClientProtocolClient (GrpcClientProtocolClient.java:onNext(255)) - client-0C76110B8A2B->ed5d81fa-aaf0-49db-aa57-acca1dd387bd: receive RaftClientReply:client-0C76110B8A2B->ed5d81fa-aaf0-49db-aa57-acca1dd387bd@group-729F0664FEA8, cid=2166, SUCCESS, logIndex=3097, commits[ed5d81fa-aaf0-49db-aa57-acca1dd387bd:c3100]
2019-09-10 22:12:10,529 [grpc-default-executor-1] INFO  client.GrpcClientProtocolClient (GrpcClientProtocolClient.java:onNext(255)) - client-0C76110B8A2B->ed5d81fa-aaf0-49db-aa57-acca1dd387bd: receive RaftClientReply:client-0C76110B8A2B->ed5d81fa-aaf0-49db-aa57-acca1dd387bd@group-729F0664FEA8, cid=2167, SUCCESS, logIndex=3098, commits[ed5d81fa-aaf0-49db-aa57-acca1dd387bd:c3100]
2019-09-10 22:12:10,530 [grpc-default-executor-1] INFO  client.GrpcClientProtocolClient (GrpcClientProtocolClient.java:onNext(255)) - client-0C76110B8A2B->ed5d81fa-aaf0-49db-aa57-acca1dd387bd: receive RaftClientReply:client-0C76110B8A2B->ed5d81fa-aaf0-49db-aa57-acca1dd387bd@group-729F0664FEA8, cid=2168, SUCCESS, logIndex=3099, commits[ed5d81fa-aaf0-49db-aa57-acca1dd387bd:c3100]
2019-09-10 22:12:10,539 [SCMBlockDeletingService#1] DEBUG block.SCMBlockDeletingService (SCMBlockDeletingService.java:call(138)) - Running DeletedBlockTransactionScanner
2019-09-10 22:12:10,539 [SCMBlockDeletingService#1] DEBUG block.SCMBlockDeletingService (SCMBlockDeletingService.java:call(155)) - Scanned deleted blocks log and got 0 delTX to process.
2019-09-10 22:12:10,558 [grpc-default-executor-0] INFO  client.GrpcClientProtocolClient (GrpcClientProtocolClient.java:onNext(255)) - client-0C76110B8A2B->ed5d81fa-aaf0-49db-aa57-acca1dd387bd: receive RaftClientReply:client-0C76110B8A2B->ed5d81fa-aaf0-49db-aa57-acca1dd387bd@group-729F0664FEA8, cid=2169, SUCCESS, logIndex=3101, commits[ed5d81fa-aaf0-49db-aa57-acca1dd387bd:c3102]
2019-09-10 22:12:10,558 [grpc-default-executor-0] INFO  client.GrpcClientProtocolClient (GrpcClientProtocolClient.java:onNext(255)) - client-0C76110B8A2B->ed5d81fa-aaf0-49db-aa57-acca1dd387bd: receive RaftClientReply:client-0C76110B8A2B->ed5d81fa-aaf0-49db-aa57-acca1dd387bd@group-729F0664FEA8, cid=2170, SUCCESS, logIndex=3102, commits[ed5d81fa-aaf0-49db-aa57-acca1dd387bd:c3102]
2019-09-10 22:12:10,559 [grpc-default-executor-0] INFO  client.GrpcClientProtocolClient (GrpcClientProtocolClient.java:onNext(255)) - client-0C76110B8A2B->ed5d81fa-aaf0-49db-aa57-acca1dd387bd: receive RaftClientReply:client-0C76110B8A2B->ed5d81fa-aaf0-49db-aa57-acca1dd387bd@group-729F0664FEA8, cid=2171, SUCCESS, logIndex=3103, commits[ed5d81fa-aaf0-49db-aa57-acca1dd387bd:c3104]
2019-09-10 22:12:10,559 [grpc-default-executor-0] INFO  client.GrpcClientProtocolClient (GrpcClientProtocolClient.java:onNext(255)) - client-0C76110B8A2B->ed5d81fa-aaf0-49db-aa57-acca1dd387bd: receive RaftClientReply:client-0C76110B8A2B->ed5d81fa-aaf0-49db-aa57-acca1dd387bd@group-729F0664FEA8, cid=2172, SUCCESS, logIndex=3104, commits[ed5d81fa-aaf0-49db-aa57-acca1dd387bd:c3104]
2019-09-10 22:12:10,579 [grpc-default-executor-0] INFO  client.GrpcClientProtocolClient (GrpcClientProtocolClient.java:onNext(255)) - client-0C76110B8A2B->ed5d81fa-aaf0-49db-aa57-acca1dd387bd: receive RaftClientReply:client-0C76110B8A2B->ed5d81fa-aaf0-49db-aa57-acca1dd387bd@group-729F0664FEA8, cid=2173, SUCCESS, logIndex=3107, commits[ed5d81fa-aaf0-49db-aa57-acca1dd387bd:c3108]
2019-09-10 22:12:10,579 [grpc-default-executor-0] INFO  client.GrpcClientProtocolClient (GrpcClientProtocolClient.java:onNext(255)) - client-0C76110B8A2B->ed5d81fa-aaf0-49db-aa57-acca1dd387bd: receive RaftClientReply:client-0C76110B8A2B->ed5d81fa-aaf0-49db-aa57-acca1dd387bd@group-729F0664FEA8, cid=2174, SUCCESS, logIndex=3108, commits[ed5d81fa-aaf0-49db-aa57-acca1dd387bd:c3110]
2019-09-10 22:12:10,579 [grpc-default-executor-0] INFO  client.GrpcClientProtocolClient (GrpcClientProtocolClient.java:onNext(255)) - client-0C76110B8A2B->ed5d81fa-aaf0-49db-aa57-acca1dd387bd: receive RaftClientReply:client-0C76110B8A2B->ed5d81fa-aaf0-49db-aa57-acca1dd387bd@group-729F0664FEA8, cid=2175, SUCCESS, logIndex=3109, commits[ed5d81fa-aaf0-49db-aa57-acca1dd387bd:c3110]
2019-09-10 22:12:10,580 [grpc-default-executor-0] INFO  client.GrpcClientProtocolClient (GrpcClientProtocolClient.java:onNext(255)) - client-0C76110B8A2B->ed5d81fa-aaf0-49db-aa57-acca1dd387bd: receive RaftClientReply:client-0C76110B8A2B->ed5d81fa-aaf0-49db-aa57-acca1dd387bd@group-729F0664FEA8, cid=2176, SUCCESS, logIndex=3110, commits[ed5d81fa-aaf0-49db-aa57-acca1dd387bd:c3111]
2019-09-10 22:12:10,609 [grpc-default-executor-0] INFO  client.GrpcClientProtocolClient (GrpcClientProtocolClient.java:onNext(255)) - client-0C76110B8A2B->ed5d81fa-aaf0-49db-aa57-acca1dd387bd: receive RaftClientReply:client-0C76110B8A2B->ed5d81fa-aaf0-49db-aa57-acca1dd387bd@group-729F0664FEA8, cid=2177, SUCCESS, logIndex=3113, commits[ed5d81fa-aaf0-49db-aa57-acca1dd387bd:c3116]
2019-09-10 22:12:10,610 [grpc-default-executor-0] INFO  client.GrpcClientProtocolClient (GrpcClientProtocolClient.java:onNext(255)) - client-0C76110B8A2B->ed5d81fa-aaf0-49db-aa57-acca1dd387bd: receive RaftClientReply:client-0C76110B8A2B->ed5d81fa-aaf0-49db-aa57-acca1dd387bd@group-729F0664FEA8, cid=2178, SUCCESS, logIndex=3114, commits[ed5d81fa-aaf0-49db-aa57-acca1dd387bd:c3116]
2019-09-10 22:12:10,610 [grpc-default-executor-0] INFO  client.GrpcClientProtocolClient (GrpcClientProtocolClient.java:onNext(255)) - client-0C76110B8A2B->ed5d81fa-aaf0-49db-aa57-acca1dd387bd: receive RaftClientReply:client-0C76110B8A2B->ed5d81fa-aaf0-49db-aa57-acca1dd387bd@group-729F0664FEA8, cid=2179, SUCCESS, logIndex=3115, commits[ed5d81fa-aaf0-49db-aa57-acca1dd387bd:c3117]
2019-09-10 22:12:10,610 [grpc-default-executor-0] INFO  client.GrpcClientProtocolClient (GrpcClientProtocolClient.java:onNext(255)) - client-0C76110B8A2B->ed5d81fa-aaf0-49db-aa57-acca1dd387bd: receive RaftClientReply:client-0C76110B8A2B->ed5d81fa-aaf0-49db-aa57-acca1dd387bd@group-729F0664FEA8, cid=2180, SUCCESS, logIndex=3116, commits[ed5d81fa-aaf0-49db-aa57-acca1dd387bd:c3117]
2019-09-10 22:12:10,630 [grpc-default-executor-0] INFO  client.GrpcClientProtocolClient (GrpcClientProtocolClient.java:onNext(255)) - client-0C76110B8A2B->ed5d81fa-aaf0-49db-aa57-acca1dd387bd: receive RaftClientReply:client-0C76110B8A2B->ed5d81fa-aaf0-49db-aa57-acca1dd387bd@group-729F0664FEA8, cid=2181, SUCCESS, logIndex=3118, commits[ed5d81fa-aaf0-49db-aa57-acca1dd387bd:c3119]
2019-09-10 22:12:10,630 [grpc-default-executor-0] INFO  client.GrpcClientProtocolClient (GrpcClientProtocolClient.java:onNext(255)) - client-0C76110B8A2B->ed5d81fa-aaf0-49db-aa57-acca1dd387bd: receive RaftClientReply:client-0C76110B8A2B->ed5d81fa-aaf0-49db-aa57-acca1dd387bd@group-729F0664FEA8, cid=2182, SUCCESS, logIndex=3119, commits[ed5d81fa-aaf0-49db-aa57-acca1dd387bd:c3119]
2019-09-10 22:12:10,631 [grpc-default-executor-0] INFO  client.GrpcClientProtocolClient (GrpcClientProtocolClient.java:onNext(255)) - client-0C76110B8A2B->ed5d81fa-aaf0-49db-aa57-acca1dd387bd: receive RaftClientReply:client-0C76110B8A2B->ed5d81fa-aaf0-49db-aa57-acca1dd387bd@group-729F0664FEA8, cid=2183, SUCCESS, logIndex=3120, commits[ed5d81fa-aaf0-49db-aa57-acca1dd387bd:c3121]
2019-09-10 22:12:10,631 [grpc-default-executor-0] INFO  client.GrpcClientProtocolClient (GrpcClientProtocolClient.java:onNext(255)) - client-0C76110B8A2B->ed5d81fa-aaf0-49db-aa57-acca1dd387bd: receive RaftClientReply:client-0C76110B8A2B->ed5d81fa-aaf0-49db-aa57-acca1dd387bd@group-729F0664FEA8, cid=2184, SUCCESS, logIndex=3121, commits[ed5d81fa-aaf0-49db-aa57-acca1dd387bd:c3122]
2019-09-10 22:12:10,639 [SCMBlockDeletingService#1] DEBUG block.SCMBlockDeletingService (SCMBlockDeletingService.java:call(138)) - Running DeletedBlockTransactionScanner
2019-09-10 22:12:10,639 [SCMBlockDeletingService#1] DEBUG block.SCMBlockDeletingService (SCMBlockDeletingService.java:call(155)) - Scanned deleted blocks log and got 0 delTX to process.
2019-09-10 22:12:10,658 [grpc-default-executor-1] INFO  client.GrpcClientProtocolClient (GrpcClientProtocolClient.java:onNext(255)) - client-0C76110B8A2B->ed5d81fa-aaf0-49db-aa57-acca1dd387bd: receive RaftClientReply:client-0C76110B8A2B->ed5d81fa-aaf0-49db-aa57-acca1dd387bd@group-729F0664FEA8, cid=2185, SUCCESS, logIndex=3124, commits[ed5d81fa-aaf0-49db-aa57-acca1dd387bd:c3125]
2019-09-10 22:12:10,658 [grpc-default-executor-1] INFO  client.GrpcClientProtocolClient (GrpcClientProtocolClient.java:onNext(255)) - client-0C76110B8A2B->ed5d81fa-aaf0-49db-aa57-acca1dd387bd: receive RaftClientReply:client-0C76110B8A2B->ed5d81fa-aaf0-49db-aa57-acca1dd387bd@group-729F0664FEA8, cid=2186, SUCCESS, logIndex=3125, commits[ed5d81fa-aaf0-49db-aa57-acca1dd387bd:c3127]
2019-09-10 22:12:10,659 [grpc-default-executor-1] INFO  client.GrpcClientProtocolClient (GrpcClientProtocolClient.java:onNext(255)) - client-0C76110B8A2B->ed5d81fa-aaf0-49db-aa57-acca1dd387bd: receive RaftClientReply:client-0C76110B8A2B->ed5d81fa-aaf0-49db-aa57-acca1dd387bd@group-729F0664FEA8, cid=2187, SUCCESS, logIndex=3126, commits[ed5d81fa-aaf0-49db-aa57-acca1dd387bd:c3128]
2019-09-10 22:12:10,659 [grpc-default-executor-1] INFO  client.GrpcClientProtocolClient (GrpcClientProtocolClient.java:onNext(255)) - client-0C76110B8A2B->ed5d81fa-aaf0-49db-aa57-acca1dd387bd: receive RaftClientReply:client-0C76110B8A2B->ed5d81fa-aaf0-49db-aa57-acca1dd387bd@group-729F0664FEA8, cid=2188, SUCCESS, logIndex=3127, commits[ed5d81fa-aaf0-49db-aa57-acca1dd387bd:c3128]
2019-09-10 22:12:10,680 [grpc-default-executor-0] INFO  client.GrpcClientProtocolClient (GrpcClientProtocolClient.java:onNext(255)) - client-0C76110B8A2B->ed5d81fa-aaf0-49db-aa57-acca1dd387bd: receive RaftClientReply:client-0C76110B8A2B->ed5d81fa-aaf0-49db-aa57-acca1dd387bd@group-729F0664FEA8, cid=2189, SUCCESS, logIndex=3130, commits[ed5d81fa-aaf0-49db-aa57-acca1dd387bd:c3133]
2019-09-10 22:12:10,680 [grpc-default-executor-0] INFO  client.GrpcClientProtocolClient (GrpcClientProtocolClient.java:onNext(255)) - client-0C76110B8A2B->ed5d81fa-aaf0-49db-aa57-acca1dd387bd: receive RaftClientReply:client-0C76110B8A2B->ed5d81fa-aaf0-49db-aa57-acca1dd387bd@group-729F0664FEA8, cid=2190, SUCCESS, logIndex=3131, commits[ed5d81fa-aaf0-49db-aa57-acca1dd387bd:c3134]
2019-09-10 22:12:10,680 [grpc-default-executor-0] INFO  client.GrpcClientProtocolClient (GrpcClientProtocolClient.java:onNext(255)) - client-0C76110B8A2B->ed5d81fa-aaf0-49db-aa57-acca1dd387bd: receive RaftClientReply:client-0C76110B8A2B->ed5d81fa-aaf0-49db-aa57-acca1dd387bd@group-729F0664FEA8, cid=2191, SUCCESS, logIndex=3132, commits[ed5d81fa-aaf0-49db-aa57-acca1dd387bd:c3134]
2019-09-10 22:12:10,681 [grpc-default-executor-0] INFO  client.GrpcClientProtocolClient (GrpcClientProtocolClient.java:onNext(255)) - client-0C76110B8A2B->ed5d81fa-aaf0-49db-aa57-acca1dd387bd: receive RaftClientReply:client-0C76110B8A2B->ed5d81fa-aaf0-49db-aa57-acca1dd387bd@group-729F0664FEA8, cid=2192, SUCCESS, logIndex=3133, commits[ed5d81fa-aaf0-49db-aa57-acca1dd387bd:c3134]
2019-09-10 22:12:10,711 [grpc-default-executor-0] INFO  client.GrpcClientProtocolClient (GrpcClientProtocolClient.java:onNext(255)) - client-0C76110B8A2B->ed5d81fa-aaf0-49db-aa57-acca1dd387bd: receive RaftClientReply:client-0C76110B8A2B->ed5d81fa-aaf0-49db-aa57-acca1dd387bd@group-729F0664FEA8, cid=2193, SUCCESS, logIndex=3135, commits[ed5d81fa-aaf0-49db-aa57-acca1dd387bd:c3138]
2019-09-10 22:12:10,712 [grpc-default-executor-0] INFO  client.GrpcClientProtocolClient (GrpcClientProtocolClient.java:onNext(255)) - client-0C76110B8A2B->ed5d81fa-aaf0-49db-aa57-acca1dd387bd: receive RaftClientReply:client-0C76110B8A2B->ed5d81fa-aaf0-49db-aa57-acca1dd387bd@group-729F0664FEA8, cid=2194, SUCCESS, logIndex=3136, commits[ed5d81fa-aaf0-49db-aa57-acca1dd387bd:c3138]
2019-09-10 22:12:10,712 [grpc-default-executor-0] INFO  client.GrpcClientProtocolClient (GrpcClientProtocolClient.java:onNext(255)) - client-0C76110B8A2B->ed5d81fa-aaf0-49db-aa57-acca1dd387bd: receive RaftClientReply:client-0C76110B8A2B->ed5d81fa-aaf0-49db-aa57-acca1dd387bd@group-729F0664FEA8, cid=2195, SUCCESS, logIndex=3137, commits[ed5d81fa-aaf0-49db-aa57-acca1dd387bd:c3139]
2019-09-10 22:12:10,712 [grpc-default-executor-0] INFO  client.GrpcClientProtocolClient (GrpcClientProtocolClient.java:onNext(255)) - client-0C76110B8A2B->ed5d81fa-aaf0-49db-aa57-acca1dd387bd: receive RaftClientReply:client-0C76110B8A2B->ed5d81fa-aaf0-49db-aa57-acca1dd387bd@group-729F0664FEA8, cid=2196, SUCCESS, logIndex=3138, commits[ed5d81fa-aaf0-49db-aa57-acca1dd387bd:c3139]
2019-09-10 22:12:10,732 [grpc-default-executor-0] INFO  client.GrpcClientProtocolClient (GrpcClientProtocolClient.java:onNext(255)) - client-0C76110B8A2B->ed5d81fa-aaf0-49db-aa57-acca1dd387bd: receive RaftClientReply:client-0C76110B8A2B->ed5d81fa-aaf0-49db-aa57-acca1dd387bd@group-729F0664FEA8, cid=2197, SUCCESS, logIndex=3140, commits[ed5d81fa-aaf0-49db-aa57-acca1dd387bd:c3141]
2019-09-10 22:12:10,732 [grpc-default-executor-0] INFO  client.GrpcClientProtocolClient (GrpcClientProtocolClient.java:onNext(255)) - client-0C76110B8A2B->ed5d81fa-aaf0-49db-aa57-acca1dd387bd: receive RaftClientReply:client-0C76110B8A2B->ed5d81fa-aaf0-49db-aa57-acca1dd387bd@group-729F0664FEA8, cid=2198, SUCCESS, logIndex=3141, commits[ed5d81fa-aaf0-49db-aa57-acca1dd387bd:c3143]
2019-09-10 22:12:10,732 [grpc-default-executor-0] INFO  client.GrpcClientProtocolClient (GrpcClientProtocolClient.java:onNext(255)) - client-0C76110B8A2B->ed5d81fa-aaf0-49db-aa57-acca1dd387bd: receive RaftClientReply:client-0C76110B8A2B->ed5d81fa-aaf0-49db-aa57-acca1dd387bd@group-729F0664FEA8, cid=2199, SUCCESS, logIndex=3142, commits[ed5d81fa-aaf0-49db-aa57-acca1dd387bd:c3143]
2019-09-10 22:12:10,733 [grpc-default-executor-0] INFO  client.GrpcClientProtocolClient (GrpcClientProtocolClient.java:onNext(255)) - client-0C76110B8A2B->ed5d81fa-aaf0-49db-aa57-acca1dd387bd: receive RaftClientReply:client-0C76110B8A2B->ed5d81fa-aaf0-49db-aa57-acca1dd387bd@group-729F0664FEA8, cid=2200, SUCCESS, logIndex=3143, commits[ed5d81fa-aaf0-49db-aa57-acca1dd387bd:c3144]
2019-09-10 22:12:10,740 [SCMBlockDeletingService#1] DEBUG block.SCMBlockDeletingService (SCMBlockDeletingService.java:call(138)) - Running DeletedBlockTransactionScanner
2019-09-10 22:12:10,740 [SCMBlockDeletingService#1] DEBUG block.SCMBlockDeletingService (SCMBlockDeletingService.java:call(155)) - Scanned deleted blocks log and got 0 delTX to process.
2019-09-10 22:12:10,760 [grpc-default-executor-1] INFO  client.GrpcClientProtocolClient (GrpcClientProtocolClient.java:onNext(255)) - client-0C76110B8A2B->ed5d81fa-aaf0-49db-aa57-acca1dd387bd: receive RaftClientReply:client-0C76110B8A2B->ed5d81fa-aaf0-49db-aa57-acca1dd387bd@group-729F0664FEA8, cid=2201, SUCCESS, logIndex=3146, commits[ed5d81fa-aaf0-49db-aa57-acca1dd387bd:c3147]
2019-09-10 22:12:10,760 [grpc-default-executor-1] INFO  client.GrpcClientProtocolClient (GrpcClientProtocolClient.java:onNext(255)) - client-0C76110B8A2B->ed5d81fa-aaf0-49db-aa57-acca1dd387bd: receive RaftClientReply:client-0C76110B8A2B->ed5d81fa-aaf0-49db-aa57-acca1dd387bd@group-729F0664FEA8, cid=2202, SUCCESS, logIndex=3147, commits[ed5d81fa-aaf0-49db-aa57-acca1dd387bd:c3149]
2019-09-10 22:12:10,761 [grpc-default-executor-1] INFO  client.GrpcClientProtocolClient (GrpcClientProtocolClient.java:onNext(255)) - client-0C76110B8A2B->ed5d81fa-aaf0-49db-aa57-acca1dd387bd: receive RaftClientReply:client-0C76110B8A2B->ed5d81fa-aaf0-49db-aa57-acca1dd387bd@group-729F0664FEA8, cid=2203, SUCCESS, logIndex=3148, commits[ed5d81fa-aaf0-49db-aa57-acca1dd387bd:c3149]
2019-09-10 22:12:10,761 [grpc-default-executor-1] INFO  client.GrpcClientProtocolClient (GrpcClientProtocolClient.java:onNext(255)) - client-0C76110B8A2B->ed5d81fa-aaf0-49db-aa57-acca1dd387bd: receive RaftClientReply:client-0C76110B8A2B->ed5d81fa-aaf0-49db-aa57-acca1dd387bd@group-729F0664FEA8, cid=2204, SUCCESS, logIndex=3149, commits[ed5d81fa-aaf0-49db-aa57-acca1dd387bd:c3150]
2019-09-10 22:12:10,779 [grpc-default-executor-0] INFO  client.GrpcClientProtocolClient (GrpcClientProtocolClient.java:onNext(255)) - client-0C76110B8A2B->ed5d81fa-aaf0-49db-aa57-acca1dd387bd: receive RaftClientReply:client-0C76110B8A2B->ed5d81fa-aaf0-49db-aa57-acca1dd387bd@group-729F0664FEA8, cid=2205, SUCCESS, logIndex=3152, commits[ed5d81fa-aaf0-49db-aa57-acca1dd387bd:c3153]
2019-09-10 22:12:10,780 [grpc-default-executor-0] INFO  client.GrpcClientProtocolClient (GrpcClientProtocolClient.java:onNext(255)) - client-0C76110B8A2B->ed5d81fa-aaf0-49db-aa57-acca1dd387bd: receive RaftClientReply:client-0C76110B8A2B->ed5d81fa-aaf0-49db-aa57-acca1dd387bd@group-729F0664FEA8, cid=2206, SUCCESS, logIndex=3153, commits[ed5d81fa-aaf0-49db-aa57-acca1dd387bd:c3155]
2019-09-10 22:12:10,780 [grpc-default-executor-0] INFO  client.GrpcClientProtocolClient (GrpcClientProtocolClient.java:onNext(255)) - client-0C76110B8A2B->ed5d81fa-aaf0-49db-aa57-acca1dd387bd: receive RaftClientReply:client-0C76110B8A2B->ed5d81fa-aaf0-49db-aa57-acca1dd387bd@group-729F0664FEA8, cid=2207, SUCCESS, logIndex=3154, commits[ed5d81fa-aaf0-49db-aa57-acca1dd387bd:c3155]
2019-09-10 22:12:10,780 [grpc-default-executor-0] INFO  client.GrpcClientProtocolClient (GrpcClientProtocolClient.java:onNext(255)) - client-0C76110B8A2B->ed5d81fa-aaf0-49db-aa57-acca1dd387bd: receive RaftClientReply:client-0C76110B8A2B->ed5d81fa-aaf0-49db-aa57-acca1dd387bd@group-729F0664FEA8, cid=2208, SUCCESS, logIndex=3155, commits[ed5d81fa-aaf0-49db-aa57-acca1dd387bd:c3156]
2019-09-10 22:12:10,861 [SCMBlockDeletingService#1] DEBUG block.SCMBlockDeletingService (SCMBlockDeletingService.java:call(138)) - Running DeletedBlockTransactionScanner
2019-09-10 22:12:10,861 [SCMBlockDeletingService#1] DEBUG block.SCMBlockDeletingService (SCMBlockDeletingService.java:call(155)) - Scanned deleted blocks log and got 0 delTX to process.
2019-09-10 22:12:10,878 [grpc-default-executor-1] INFO  client.GrpcClientProtocolClient (GrpcClientProtocolClient.java:onNext(255)) - client-0C76110B8A2B->ed5d81fa-aaf0-49db-aa57-acca1dd387bd: receive RaftClientReply:client-0C76110B8A2B->ed5d81fa-aaf0-49db-aa57-acca1dd387bd@group-729F0664FEA8, cid=2209, SUCCESS, logIndex=3158, commits[ed5d81fa-aaf0-49db-aa57-acca1dd387bd:c3159]
2019-09-10 22:12:10,879 [grpc-default-executor-1] INFO  client.GrpcClientProtocolClient (GrpcClientProtocolClient.java:onNext(255)) - client-0C76110B8A2B->ed5d81fa-aaf0-49db-aa57-acca1dd387bd: receive RaftClientReply:client-0C76110B8A2B->ed5d81fa-aaf0-49db-aa57-acca1dd387bd@group-729F0664FEA8, cid=2210, SUCCESS, logIndex=3159, commits[ed5d81fa-aaf0-49db-aa57-acca1dd387bd:c3160]
2019-09-10 22:12:10,961 [SCMBlockDeletingService#1] DEBUG block.SCMBlockDeletingService (SCMBlockDeletingService.java:call(138)) - Running DeletedBlockTransactionScanner
2019-09-10 22:12:10,962 [SCMBlockDeletingService#1] DEBUG block.SCMBlockDeletingService (SCMBlockDeletingService.java:call(155)) - Scanned deleted blocks log and got 0 delTX to process.
2019-09-10 22:12:10,991 [grpc-default-executor-0] INFO  client.GrpcClientProtocolClient (GrpcClientProtocolClient.java:onNext(255)) - client-0C76110B8A2B->ed5d81fa-aaf0-49db-aa57-acca1dd387bd: receive RaftClientReply:client-0C76110B8A2B->ed5d81fa-aaf0-49db-aa57-acca1dd387bd@group-729F0664FEA8, cid=2211, SUCCESS, logIndex=3161, commits[ed5d81fa-aaf0-49db-aa57-acca1dd387bd:c3162]
2019-09-10 22:12:10,991 [grpc-default-executor-0] INFO  client.GrpcClientProtocolClient (GrpcClientProtocolClient.java:onNext(255)) - client-0C76110B8A2B->ed5d81fa-aaf0-49db-aa57-acca1dd387bd: receive RaftClientReply:client-0C76110B8A2B->ed5d81fa-aaf0-49db-aa57-acca1dd387bd@group-729F0664FEA8, cid=2212, SUCCESS, logIndex=3162, commits[ed5d81fa-aaf0-49db-aa57-acca1dd387bd:c3163]
2019-09-10 22:12:11,013 [grpc-default-executor-0] INFO  client.GrpcClientProtocolClient (GrpcClientProtocolClient.java:onNext(255)) - client-0C76110B8A2B->ed5d81fa-aaf0-49db-aa57-acca1dd387bd: receive RaftClientReply:client-0C76110B8A2B->ed5d81fa-aaf0-49db-aa57-acca1dd387bd@group-729F0664FEA8, cid=2213, SUCCESS, logIndex=3164, commits[ed5d81fa-aaf0-49db-aa57-acca1dd387bd:c3167]
2019-09-10 22:12:11,013 [grpc-default-executor-0] INFO  client.GrpcClientProtocolClient (GrpcClientProtocolClient.java:onNext(255)) - client-0C76110B8A2B->ed5d81fa-aaf0-49db-aa57-acca1dd387bd: receive RaftClientReply:client-0C76110B8A2B->ed5d81fa-aaf0-49db-aa57-acca1dd387bd@group-729F0664FEA8, cid=2214, SUCCESS, logIndex=3165, commits[ed5d81fa-aaf0-49db-aa57-acca1dd387bd:c3168]
2019-09-10 22:12:11,013 [grpc-default-executor-0] INFO  client.GrpcClientProtocolClient (GrpcClientProtocolClient.java:onNext(255)) - client-0C76110B8A2B->ed5d81fa-aaf0-49db-aa57-acca1dd387bd: receive RaftClientReply:client-0C76110B8A2B->ed5d81fa-aaf0-49db-aa57-acca1dd387bd@group-729F0664FEA8, cid=2215, SUCCESS, logIndex=3166, commits[ed5d81fa-aaf0-49db-aa57-acca1dd387bd:c3168]
2019-09-10 22:12:11,014 [grpc-default-executor-0] INFO  client.GrpcClientProtocolClient (GrpcClientProtocolClient.java:onNext(255)) - client-0C76110B8A2B->ed5d81fa-aaf0-49db-aa57-acca1dd387bd: receive RaftClientReply:client-0C76110B8A2B->ed5d81fa-aaf0-49db-aa57-acca1dd387bd@group-729F0664FEA8, cid=2216, SUCCESS, logIndex=3167, commits[ed5d81fa-aaf0-49db-aa57-acca1dd387bd:c3168]
2019-09-10 22:12:11,041 [grpc-default-executor-1] INFO  client.GrpcClientProtocolClient (GrpcClientProtocolClient.java:onNext(255)) - client-0C76110B8A2B->ed5d81fa-aaf0-49db-aa57-acca1dd387bd: receive RaftClientReply:client-0C76110B8A2B->ed5d81fa-aaf0-49db-aa57-acca1dd387bd@group-729F0664FEA8, cid=2217, SUCCESS, logIndex=3169, commits[ed5d81fa-aaf0-49db-aa57-acca1dd387bd:c3172]
2019-09-10 22:12:11,042 [grpc-default-executor-1] INFO  client.GrpcClientProtocolClient (GrpcClientProtocolClient.java:onNext(255)) - client-0C76110B8A2B->ed5d81fa-aaf0-49db-aa57-acca1dd387bd: receive RaftClientReply:client-0C76110B8A2B->ed5d81fa-aaf0-49db-aa57-acca1dd387bd@group-729F0664FEA8, cid=2218, SUCCESS, logIndex=3170, commits[ed5d81fa-aaf0-49db-aa57-acca1dd387bd:c3173]
2019-09-10 22:12:11,042 [grpc-default-executor-1] INFO  client.GrpcClientProtocolClient (GrpcClientProtocolClient.java:onNext(255)) - client-0C76110B8A2B->ed5d81fa-aaf0-49db-aa57-acca1dd387bd: receive RaftClientReply:client-0C76110B8A2B->ed5d81fa-aaf0-49db-aa57-acca1dd387bd@group-729F0664FEA8, cid=2219, SUCCESS, logIndex=3171, commits[ed5d81fa-aaf0-49db-aa57-acca1dd387bd:c3173]
2019-09-10 22:12:11,042 [grpc-default-executor-1] INFO  client.GrpcClientProtocolClient (GrpcClientProtocolClient.java:onNext(255)) - client-0C76110B8A2B->ed5d81fa-aaf0-49db-aa57-acca1dd387bd: receive RaftClientReply:client-0C76110B8A2B->ed5d81fa-aaf0-49db-aa57-acca1dd387bd@group-729F0664FEA8, cid=2220, SUCCESS, logIndex=3172, commits[ed5d81fa-aaf0-49db-aa57-acca1dd387bd:c3173]
2019-09-10 22:12:11,062 [SCMBlockDeletingService#1] DEBUG block.SCMBlockDeletingService (SCMBlockDeletingService.java:call(138)) - Running DeletedBlockTransactionScanner
2019-09-10 22:12:11,062 [grpc-default-executor-0] INFO  client.GrpcClientProtocolClient (GrpcClientProtocolClient.java:onNext(255)) - client-0C76110B8A2B->ed5d81fa-aaf0-49db-aa57-acca1dd387bd: receive RaftClientReply:client-0C76110B8A2B->ed5d81fa-aaf0-49db-aa57-acca1dd387bd@group-729F0664FEA8, cid=2221, SUCCESS, logIndex=3174, commits[ed5d81fa-aaf0-49db-aa57-acca1dd387bd:c3177]
2019-09-10 22:12:11,062 [SCMBlockDeletingService#1] DEBUG block.SCMBlockDeletingService (SCMBlockDeletingService.java:call(155)) - Scanned deleted blocks log and got 0 delTX to process.
2019-09-10 22:12:11,063 [grpc-default-executor-0] INFO  client.GrpcClientProtocolClient (GrpcClientProtocolClient.java:onNext(255)) - client-0C76110B8A2B->ed5d81fa-aaf0-49db-aa57-acca1dd387bd: receive RaftClientReply:client-0C76110B8A2B->ed5d81fa-aaf0-49db-aa57-acca1dd387bd@group-729F0664FEA8, cid=2222, SUCCESS, logIndex=3175, commits[ed5d81fa-aaf0-49db-aa57-acca1dd387bd:c3177]
2019-09-10 22:12:11,063 [grpc-default-executor-0] INFO  client.GrpcClientProtocolClient (GrpcClientProtocolClient.java:onNext(255)) - client-0C76110B8A2B->ed5d81fa-aaf0-49db-aa57-acca1dd387bd: receive RaftClientReply:client-0C76110B8A2B->ed5d81fa-aaf0-49db-aa57-acca1dd387bd@group-729F0664FEA8, cid=2223, SUCCESS, logIndex=3176, commits[ed5d81fa-aaf0-49db-aa57-acca1dd387bd:c3178]
2019-09-10 22:12:11,063 [grpc-default-executor-0] INFO  client.GrpcClientProtocolClient (GrpcClientProtocolClient.java:onNext(255)) - client-0C76110B8A2B->ed5d81fa-aaf0-49db-aa57-acca1dd387bd: receive RaftClientReply:client-0C76110B8A2B->ed5d81fa-aaf0-49db-aa57-acca1dd387bd@group-729F0664FEA8, cid=2224, SUCCESS, logIndex=3177, commits[ed5d81fa-aaf0-49db-aa57-acca1dd387bd:c3178]
2019-09-10 22:12:11,091 [grpc-default-executor-0] INFO  client.GrpcClientProtocolClient (GrpcClientProtocolClient.java:onNext(255)) - client-0C76110B8A2B->ed5d81fa-aaf0-49db-aa57-acca1dd387bd: receive RaftClientReply:client-0C76110B8A2B->ed5d81fa-aaf0-49db-aa57-acca1dd387bd@group-729F0664FEA8, cid=2225, SUCCESS, logIndex=3179, commits[ed5d81fa-aaf0-49db-aa57-acca1dd387bd:c3180]
2019-09-10 22:12:11,091 [grpc-default-executor-0] INFO  client.GrpcClientProtocolClient (GrpcClientProtocolClient.java:onNext(255)) - client-0C76110B8A2B->ed5d81fa-aaf0-49db-aa57-acca1dd387bd: receive RaftClientReply:client-0C76110B8A2B->ed5d81fa-aaf0-49db-aa57-acca1dd387bd@group-729F0664FEA8, cid=2226, SUCCESS, logIndex=3180, commits[ed5d81fa-aaf0-49db-aa57-acca1dd387bd:c3182]
2019-09-10 22:12:11,091 [grpc-default-executor-0] INFO  client.GrpcClientProtocolClient (GrpcClientProtocolClient.java:onNext(255)) - client-0C76110B8A2B->ed5d81fa-aaf0-49db-aa57-acca1dd387bd: receive RaftClientReply:client-0C76110B8A2B->ed5d81fa-aaf0-49db-aa57-acca1dd387bd@group-729F0664FEA8, cid=2227, SUCCESS, logIndex=3181, commits[ed5d81fa-aaf0-49db-aa57-acca1dd387bd:c3182]
2019-09-10 22:12:11,092 [grpc-default-executor-0] INFO  client.GrpcClientProtocolClient (GrpcClientProtocolClient.java:onNext(255)) - client-0C76110B8A2B->ed5d81fa-aaf0-49db-aa57-acca1dd387bd: receive RaftClientReply:client-0C76110B8A2B->ed5d81fa-aaf0-49db-aa57-acca1dd387bd@group-729F0664FEA8, cid=2228, SUCCESS, logIndex=3182, commits[ed5d81fa-aaf0-49db-aa57-acca1dd387bd:c3183]
2019-09-10 22:12:11,111 [grpc-default-executor-0] INFO  client.GrpcClientProtocolClient (GrpcClientProtocolClient.java:onNext(255)) - client-0C76110B8A2B->ed5d81fa-aaf0-49db-aa57-acca1dd387bd: receive RaftClientReply:client-0C76110B8A2B->ed5d81fa-aaf0-49db-aa57-acca1dd387bd@group-729F0664FEA8, cid=2229, SUCCESS, logIndex=3185, commits[ed5d81fa-aaf0-49db-aa57-acca1dd387bd:c3186]
2019-09-10 22:12:11,111 [grpc-default-executor-0] INFO  client.GrpcClientProtocolClient (GrpcClientProtocolClient.java:onNext(255)) - client-0C76110B8A2B->ed5d81fa-aaf0-49db-aa57-acca1dd387bd: receive RaftClientReply:client-0C76110B8A2B->ed5d81fa-aaf0-49db-aa57-acca1dd387bd@group-729F0664FEA8, cid=2230, SUCCESS, logIndex=3186, commits[ed5d81fa-aaf0-49db-aa57-acca1dd387bd:c3188]
2019-09-10 22:12:11,111 [grpc-default-executor-0] INFO  client.GrpcClientProtocolClient (GrpcClientProtocolClient.java:onNext(255)) - client-0C76110B8A2B->ed5d81fa-aaf0-49db-aa57-acca1dd387bd: receive RaftClientReply:client-0C76110B8A2B->ed5d81fa-aaf0-49db-aa57-acca1dd387bd@group-729F0664FEA8, cid=2231, SUCCESS, logIndex=3187, commits[ed5d81fa-aaf0-49db-aa57-acca1dd387bd:c3189]
2019-09-10 22:12:11,111 [grpc-default-executor-0] INFO  client.GrpcClientProtocolClient (GrpcClientProtocolClient.java:onNext(255)) - client-0C76110B8A2B->ed5d81fa-aaf0-49db-aa57-acca1dd387bd: receive RaftClientReply:client-0C76110B8A2B->ed5d81fa-aaf0-49db-aa57-acca1dd387bd@group-729F0664FEA8, cid=2232, SUCCESS, logIndex=3188, commits[ed5d81fa-aaf0-49db-aa57-acca1dd387bd:c3189]
2019-09-10 22:12:11,137 [grpc-default-executor-1] INFO  client.GrpcClientProtocolClient (GrpcClientProtocolClient.java:onNext(255)) - client-0C76110B8A2B->ed5d81fa-aaf0-49db-aa57-acca1dd387bd: receive RaftClientReply:client-0C76110B8A2B->ed5d81fa-aaf0-49db-aa57-acca1dd387bd@group-729F0664FEA8, cid=2233, SUCCESS, logIndex=3191, commits[ed5d81fa-aaf0-49db-aa57-acca1dd387bd:c3192]
2019-09-10 22:12:11,137 [grpc-default-executor-1] INFO  client.GrpcClientProtocolClient (GrpcClientProtocolClient.java:onNext(255)) - client-0C76110B8A2B->ed5d81fa-aaf0-49db-aa57-acca1dd387bd: receive RaftClientReply:client-0C76110B8A2B->ed5d81fa-aaf0-49db-aa57-acca1dd387bd@group-729F0664FEA8, cid=2234, SUCCESS, logIndex=3192, commits[ed5d81fa-aaf0-49db-aa57-acca1dd387bd:c3194]
2019-09-10 22:12:11,138 [grpc-default-executor-1] INFO  client.GrpcClientProtocolClient (GrpcClientProtocolClient.java:onNext(255)) - client-0C76110B8A2B->ed5d81fa-aaf0-49db-aa57-acca1dd387bd: receive RaftClientReply:client-0C76110B8A2B->ed5d81fa-aaf0-49db-aa57-acca1dd387bd@group-729F0664FEA8, cid=2235, SUCCESS, logIndex=3193, commits[ed5d81fa-aaf0-49db-aa57-acca1dd387bd:c3195]
2019-09-10 22:12:11,138 [grpc-default-executor-1] INFO  client.GrpcClientProtocolClient (GrpcClientProtocolClient.java:onNext(255)) - client-0C76110B8A2B->ed5d81fa-aaf0-49db-aa57-acca1dd387bd: receive RaftClientReply:client-0C76110B8A2B->ed5d81fa-aaf0-49db-aa57-acca1dd387bd@group-729F0664FEA8, cid=2236, SUCCESS, logIndex=3194, commits[ed5d81fa-aaf0-49db-aa57-acca1dd387bd:c3196]
2019-09-10 22:12:11,163 [SCMBlockDeletingService#1] DEBUG block.SCMBlockDeletingService (SCMBlockDeletingService.java:call(138)) - Running DeletedBlockTransactionScanner
2019-09-10 22:12:11,163 [SCMBlockDeletingService#1] DEBUG block.SCMBlockDeletingService (SCMBlockDeletingService.java:call(155)) - Scanned deleted blocks log and got 0 delTX to process.
2019-09-10 22:12:11,170 [grpc-default-executor-1] INFO  client.GrpcClientProtocolClient (GrpcClientProtocolClient.java:onNext(255)) - client-0C76110B8A2B->ed5d81fa-aaf0-49db-aa57-acca1dd387bd: receive RaftClientReply:client-0C76110B8A2B->ed5d81fa-aaf0-49db-aa57-acca1dd387bd@group-729F0664FEA8, cid=2237, SUCCESS, logIndex=3197, commits[ed5d81fa-aaf0-49db-aa57-acca1dd387bd:c3198]
2019-09-10 22:12:11,171 [grpc-default-executor-1] INFO  client.GrpcClientProtocolClient (GrpcClientProtocolClient.java:onNext(255)) - client-0C76110B8A2B->ed5d81fa-aaf0-49db-aa57-acca1dd387bd: receive RaftClientReply:client-0C76110B8A2B->ed5d81fa-aaf0-49db-aa57-acca1dd387bd@group-729F0664FEA8, cid=2238, SUCCESS, logIndex=3198, commits[ed5d81fa-aaf0-49db-aa57-acca1dd387bd:c3200]
2019-09-10 22:12:11,171 [grpc-default-executor-1] INFO  client.GrpcClientProtocolClient (GrpcClientProtocolClient.java:onNext(255)) - client-0C76110B8A2B->ed5d81fa-aaf0-49db-aa57-acca1dd387bd: receive RaftClientReply:client-0C76110B8A2B->ed5d81fa-aaf0-49db-aa57-acca1dd387bd@group-729F0664FEA8, cid=2239, SUCCESS, logIndex=3199, commits[ed5d81fa-aaf0-49db-aa57-acca1dd387bd:c3200]
2019-09-10 22:12:11,171 [grpc-default-executor-1] INFO  client.GrpcClientProtocolClient (GrpcClientProtocolClient.java:onNext(255)) - client-0C76110B8A2B->ed5d81fa-aaf0-49db-aa57-acca1dd387bd: receive RaftClientReply:client-0C76110B8A2B->ed5d81fa-aaf0-49db-aa57-acca1dd387bd@group-729F0664FEA8, cid=2240, SUCCESS, logIndex=3200, commits[ed5d81fa-aaf0-49db-aa57-acca1dd387bd:c3201]
2019-09-10 22:12:11,196 [grpc-default-executor-1] INFO  client.GrpcClientProtocolClient (GrpcClientProtocolClient.java:onNext(255)) - client-0C76110B8A2B->ed5d81fa-aaf0-49db-aa57-acca1dd387bd: receive RaftClientReply:client-0C76110B8A2B->ed5d81fa-aaf0-49db-aa57-acca1dd387bd@group-729F0664FEA8, cid=2241, SUCCESS, logIndex=3203, commits[ed5d81fa-aaf0-49db-aa57-acca1dd387bd:c3204]
2019-09-10 22:12:11,196 [grpc-default-executor-1] INFO  client.GrpcClientProtocolClient (GrpcClientProtocolClient.java:onNext(255)) - client-0C76110B8A2B->ed5d81fa-aaf0-49db-aa57-acca1dd387bd: receive RaftClientReply:client-0C76110B8A2B->ed5d81fa-aaf0-49db-aa57-acca1dd387bd@group-729F0664FEA8, cid=2242, SUCCESS, logIndex=3204, commits[ed5d81fa-aaf0-49db-aa57-acca1dd387bd:c3206]
2019-09-10 22:12:11,196 [grpc-default-executor-1] INFO  client.GrpcClientProtocolClient (GrpcClientProtocolClient.java:onNext(255)) - client-0C76110B8A2B->ed5d81fa-aaf0-49db-aa57-acca1dd387bd: receive RaftClientReply:client-0C76110B8A2B->ed5d81fa-aaf0-49db-aa57-acca1dd387bd@group-729F0664FEA8, cid=2243, SUCCESS, logIndex=3205, commits[ed5d81fa-aaf0-49db-aa57-acca1dd387bd:c3206]
2019-09-10 22:12:11,197 [grpc-default-executor-1] INFO  client.GrpcClientProtocolClient (GrpcClientProtocolClient.java:onNext(255)) - client-0C76110B8A2B->ed5d81fa-aaf0-49db-aa57-acca1dd387bd: receive RaftClientReply:client-0C76110B8A2B->ed5d81fa-aaf0-49db-aa57-acca1dd387bd@group-729F0664FEA8, cid=2244, SUCCESS, logIndex=3206, commits[ed5d81fa-aaf0-49db-aa57-acca1dd387bd:c3207]
2019-09-10 22:12:11,214 [grpc-default-executor-1] INFO  client.GrpcClientProtocolClient (GrpcClientProtocolClient.java:onNext(255)) - client-0C76110B8A2B->ed5d81fa-aaf0-49db-aa57-acca1dd387bd: receive RaftClientReply:client-0C76110B8A2B->ed5d81fa-aaf0-49db-aa57-acca1dd387bd@group-729F0664FEA8, cid=2245, SUCCESS, logIndex=3209, commits[ed5d81fa-aaf0-49db-aa57-acca1dd387bd:c3210]
2019-09-10 22:12:11,214 [grpc-default-executor-1] INFO  client.GrpcClientProtocolClient (GrpcClientProtocolClient.java:onNext(255)) - client-0C76110B8A2B->ed5d81fa-aaf0-49db-aa57-acca1dd387bd: receive RaftClientReply:client-0C76110B8A2B->ed5d81fa-aaf0-49db-aa57-acca1dd387bd@group-729F0664FEA8, cid=2246, SUCCESS, logIndex=3210, commits[ed5d81fa-aaf0-49db-aa57-acca1dd387bd:c3212]
2019-09-10 22:12:11,214 [grpc-default-executor-1] INFO  client.GrpcClientProtocolClient (GrpcClientProtocolClient.java:onNext(255)) - client-0C76110B8A2B->ed5d81fa-aaf0-49db-aa57-acca1dd387bd: receive RaftClientReply:client-0C76110B8A2B->ed5d81fa-aaf0-49db-aa57-acca1dd387bd@group-729F0664FEA8, cid=2247, SUCCESS, logIndex=3211, commits[ed5d81fa-aaf0-49db-aa57-acca1dd387bd:c3213]
2019-09-10 22:12:11,214 [grpc-default-executor-1] INFO  client.GrpcClientProtocolClient (GrpcClientProtocolClient.java:onNext(255)) - client-0C76110B8A2B->ed5d81fa-aaf0-49db-aa57-acca1dd387bd: receive RaftClientReply:client-0C76110B8A2B->ed5d81fa-aaf0-49db-aa57-acca1dd387bd@group-729F0664FEA8, cid=2248, SUCCESS, logIndex=3212, commits[ed5d81fa-aaf0-49db-aa57-acca1dd387bd:c3213]
2019-09-10 22:12:11,238 [grpc-default-executor-0] INFO  client.GrpcClientProtocolClient (GrpcClientProtocolClient.java:onNext(255)) - client-0C76110B8A2B->ed5d81fa-aaf0-49db-aa57-acca1dd387bd: receive RaftClientReply:client-0C76110B8A2B->ed5d81fa-aaf0-49db-aa57-acca1dd387bd@group-729F0664FEA8, cid=2249, SUCCESS, logIndex=3215, commits[ed5d81fa-aaf0-49db-aa57-acca1dd387bd:c3216]
2019-09-10 22:12:11,238 [grpc-default-executor-0] INFO  client.GrpcClientProtocolClient (GrpcClientProtocolClient.java:onNext(255)) - client-0C76110B8A2B->ed5d81fa-aaf0-49db-aa57-acca1dd387bd: receive RaftClientReply:client-0C76110B8A2B->ed5d81fa-aaf0-49db-aa57-acca1dd387bd@group-729F0664FEA8, cid=2250, SUCCESS, logIndex=3216, commits[ed5d81fa-aaf0-49db-aa57-acca1dd387bd:c3218]
2019-09-10 22:12:11,238 [grpc-default-executor-0] INFO  client.GrpcClientProtocolClient (GrpcClientProtocolClient.java:onNext(255)) - client-0C76110B8A2B->ed5d81fa-aaf0-49db-aa57-acca1dd387bd: receive RaftClientReply:client-0C76110B8A2B->ed5d81fa-aaf0-49db-aa57-acca1dd387bd@group-729F0664FEA8, cid=2251, SUCCESS, logIndex=3217, commits[ed5d81fa-aaf0-49db-aa57-acca1dd387bd:c3218]
2019-09-10 22:12:11,238 [grpc-default-executor-0] INFO  client.GrpcClientProtocolClient (GrpcClientProtocolClient.java:onNext(255)) - client-0C76110B8A2B->ed5d81fa-aaf0-49db-aa57-acca1dd387bd: receive RaftClientReply:client-0C76110B8A2B->ed5d81fa-aaf0-49db-aa57-acca1dd387bd@group-729F0664FEA8, cid=2252, SUCCESS, logIndex=3218, commits[ed5d81fa-aaf0-49db-aa57-acca1dd387bd:c3219]
2019-09-10 22:12:11,257 [grpc-default-executor-1] INFO  client.GrpcClientProtocolClient (GrpcClientProtocolClient.java:onNext(255)) - client-0C76110B8A2B->ed5d81fa-aaf0-49db-aa57-acca1dd387bd: receive RaftClientReply:client-0C76110B8A2B->ed5d81fa-aaf0-49db-aa57-acca1dd387bd@group-729F0664FEA8, cid=2253, SUCCESS, logIndex=3221, commits[ed5d81fa-aaf0-49db-aa57-acca1dd387bd:c3222]
2019-09-10 22:12:11,257 [grpc-default-executor-1] INFO  client.GrpcClientProtocolClient (GrpcClientProtocolClient.java:onNext(255)) - client-0C76110B8A2B->ed5d81fa-aaf0-49db-aa57-acca1dd387bd: receive RaftClientReply:client-0C76110B8A2B->ed5d81fa-aaf0-49db-aa57-acca1dd387bd@group-729F0664FEA8, cid=2254, SUCCESS, logIndex=3222, commits[ed5d81fa-aaf0-49db-aa57-acca1dd387bd:c3223]
2019-09-10 22:12:11,263 [SCMBlockDeletingService#1] DEBUG block.SCMBlockDeletingService (SCMBlockDeletingService.java:call(138)) - Running DeletedBlockTransactionScanner
2019-09-10 22:12:11,264 [SCMBlockDeletingService#1] DEBUG block.SCMBlockDeletingService (SCMBlockDeletingService.java:call(155)) - Scanned deleted blocks log and got 0 delTX to process.
2019-09-10 22:12:11,342 [grpc-default-executor-0] INFO  client.GrpcClientProtocolClient (GrpcClientProtocolClient.java:onNext(255)) - client-0C76110B8A2B->ed5d81fa-aaf0-49db-aa57-acca1dd387bd: receive RaftClientReply:client-0C76110B8A2B->ed5d81fa-aaf0-49db-aa57-acca1dd387bd@group-729F0664FEA8, cid=2255, SUCCESS, logIndex=3224, commits[ed5d81fa-aaf0-49db-aa57-acca1dd387bd:c3225]
2019-09-10 22:12:11,352 [grpc-default-executor-0] INFO  client.GrpcClientProtocolClient (GrpcClientProtocolClient.java:onNext(255)) - client-0C76110B8A2B->ed5d81fa-aaf0-49db-aa57-acca1dd387bd: receive RaftClientReply:client-0C76110B8A2B->ed5d81fa-aaf0-49db-aa57-acca1dd387bd@group-729F0664FEA8, cid=2256, SUCCESS, logIndex=3225, commits[ed5d81fa-aaf0-49db-aa57-acca1dd387bd:c3225]
2019-09-10 22:12:11,364 [SCMBlockDeletingService#1] DEBUG block.SCMBlockDeletingService (SCMBlockDeletingService.java:call(138)) - Running DeletedBlockTransactionScanner
2019-09-10 22:12:11,364 [SCMBlockDeletingService#1] DEBUG block.SCMBlockDeletingService (SCMBlockDeletingService.java:call(155)) - Scanned deleted blocks log and got 0 delTX to process.
2019-09-10 22:12:11,377 [grpc-default-executor-0] INFO  client.GrpcClientProtocolClient (GrpcClientProtocolClient.java:onNext(255)) - client-0C76110B8A2B->ed5d81fa-aaf0-49db-aa57-acca1dd387bd: receive RaftClientReply:client-0C76110B8A2B->ed5d81fa-aaf0-49db-aa57-acca1dd387bd@group-729F0664FEA8, cid=2257, SUCCESS, logIndex=3227, commits[ed5d81fa-aaf0-49db-aa57-acca1dd387bd:c3228]
2019-09-10 22:12:11,377 [grpc-default-executor-0] INFO  client.GrpcClientProtocolClient (GrpcClientProtocolClient.java:onNext(255)) - client-0C76110B8A2B->ed5d81fa-aaf0-49db-aa57-acca1dd387bd: receive RaftClientReply:client-0C76110B8A2B->ed5d81fa-aaf0-49db-aa57-acca1dd387bd@group-729F0664FEA8, cid=2258, SUCCESS, logIndex=3228, commits[ed5d81fa-aaf0-49db-aa57-acca1dd387bd:c3230]
2019-09-10 22:12:11,378 [grpc-default-executor-0] INFO  client.GrpcClientProtocolClient (GrpcClientProtocolClient.java:onNext(255)) - client-0C76110B8A2B->ed5d81fa-aaf0-49db-aa57-acca1dd387bd: receive RaftClientReply:client-0C76110B8A2B->ed5d81fa-aaf0-49db-aa57-acca1dd387bd@group-729F0664FEA8, cid=2259, SUCCESS, logIndex=3229, commits[ed5d81fa-aaf0-49db-aa57-acca1dd387bd:c3230]
2019-09-10 22:12:11,378 [grpc-default-executor-0] INFO  client.GrpcClientProtocolClient (GrpcClientProtocolClient.java:onNext(255)) - client-0C76110B8A2B->ed5d81fa-aaf0-49db-aa57-acca1dd387bd: receive RaftClientReply:client-0C76110B8A2B->ed5d81fa-aaf0-49db-aa57-acca1dd387bd@group-729F0664FEA8, cid=2260, SUCCESS, logIndex=3230, commits[ed5d81fa-aaf0-49db-aa57-acca1dd387bd:c3231]
2019-09-10 22:12:11,396 [grpc-default-executor-0] INFO  client.GrpcClientProtocolClient (GrpcClientProtocolClient.java:onNext(255)) - client-0C76110B8A2B->ed5d81fa-aaf0-49db-aa57-acca1dd387bd: receive RaftClientReply:client-0C76110B8A2B->ed5d81fa-aaf0-49db-aa57-acca1dd387bd@group-729F0664FEA8, cid=2261, SUCCESS, logIndex=3233, commits[ed5d81fa-aaf0-49db-aa57-acca1dd387bd:c3234]
2019-09-10 22:12:11,396 [grpc-default-executor-0] INFO  client.GrpcClientProtocolClient (GrpcClientProtocolClient.java:onNext(255)) - client-0C76110B8A2B->ed5d81fa-aaf0-49db-aa57-acca1dd387bd: receive RaftClientReply:client-0C76110B8A2B->ed5d81fa-aaf0-49db-aa57-acca1dd387bd@group-729F0664FEA8, cid=2262, SUCCESS, logIndex=3234, commits[ed5d81fa-aaf0-49db-aa57-acca1dd387bd:c3236]
2019-09-10 22:12:11,397 [grpc-default-executor-0] INFO  client.GrpcClientProtocolClient (GrpcClientProtocolClient.java:onNext(255)) - client-0C76110B8A2B->ed5d81fa-aaf0-49db-aa57-acca1dd387bd: receive RaftClientReply:client-0C76110B8A2B->ed5d81fa-aaf0-49db-aa57-acca1dd387bd@group-729F0664FEA8, cid=2263, SUCCESS, logIndex=3235, commits[ed5d81fa-aaf0-49db-aa57-acca1dd387bd:c3237]
2019-09-10 22:12:11,397 [grpc-default-executor-0] INFO  client.GrpcClientProtocolClient (GrpcClientProtocolClient.java:onNext(255)) - client-0C76110B8A2B->ed5d81fa-aaf0-49db-aa57-acca1dd387bd: receive RaftClientReply:client-0C76110B8A2B->ed5d81fa-aaf0-49db-aa57-acca1dd387bd@group-729F0664FEA8, cid=2264, SUCCESS, logIndex=3236, commits[ed5d81fa-aaf0-49db-aa57-acca1dd387bd:c3237]
2019-09-10 22:12:11,422 [grpc-default-executor-1] INFO  client.GrpcClientProtocolClient (GrpcClientProtocolClient.java:onNext(255)) - client-0C76110B8A2B->ed5d81fa-aaf0-49db-aa57-acca1dd387bd: receive RaftClientReply:client-0C76110B8A2B->ed5d81fa-aaf0-49db-aa57-acca1dd387bd@group-729F0664FEA8, cid=2265, SUCCESS, logIndex=3239, commits[ed5d81fa-aaf0-49db-aa57-acca1dd387bd:c3242]
2019-09-10 22:12:11,423 [grpc-default-executor-1] INFO  client.GrpcClientProtocolClient (GrpcClientProtocolClient.java:onNext(255)) - client-0C76110B8A2B->ed5d81fa-aaf0-49db-aa57-acca1dd387bd: receive RaftClientReply:client-0C76110B8A2B->ed5d81fa-aaf0-49db-aa57-acca1dd387bd@group-729F0664FEA8, cid=2266, SUCCESS, logIndex=3240, commits[ed5d81fa-aaf0-49db-aa57-acca1dd387bd:c3243]
2019-09-10 22:12:11,423 [grpc-default-executor-1] INFO  client.GrpcClientProtocolClient (GrpcClientProtocolClient.java:onNext(255)) - client-0C76110B8A2B->ed5d81fa-aaf0-49db-aa57-acca1dd387bd: receive RaftClientReply:client-0C76110B8A2B->ed5d81fa-aaf0-49db-aa57-acca1dd387bd@group-729F0664FEA8, cid=2267, SUCCESS, logIndex=3241, commits[ed5d81fa-aaf0-49db-aa57-acca1dd387bd:c3243]
2019-09-10 22:12:11,423 [grpc-default-executor-1] INFO  client.GrpcClientProtocolClient (GrpcClientProtocolClient.java:onNext(255)) - client-0C76110B8A2B->ed5d81fa-aaf0-49db-aa57-acca1dd387bd: receive RaftClientReply:client-0C76110B8A2B->ed5d81fa-aaf0-49db-aa57-acca1dd387bd@group-729F0664FEA8, cid=2268, SUCCESS, logIndex=3242, commits[ed5d81fa-aaf0-49db-aa57-acca1dd387bd:c3243]
2019-09-10 22:12:11,449 [grpc-default-executor-0] INFO  client.GrpcClientProtocolClient (GrpcClientProtocolClient.java:onNext(255)) - client-0C76110B8A2B->ed5d81fa-aaf0-49db-aa57-acca1dd387bd: receive RaftClientReply:client-0C76110B8A2B->ed5d81fa-aaf0-49db-aa57-acca1dd387bd@group-729F0664FEA8, cid=2269, SUCCESS, logIndex=3244, commits[ed5d81fa-aaf0-49db-aa57-acca1dd387bd:c3245]
2019-09-10 22:12:11,450 [grpc-default-executor-0] INFO  client.GrpcClientProtocolClient (GrpcClientProtocolClient.java:onNext(255)) - client-0C76110B8A2B->ed5d81fa-aaf0-49db-aa57-acca1dd387bd: receive RaftClientReply:client-0C76110B8A2B->ed5d81fa-aaf0-49db-aa57-acca1dd387bd@group-729F0664FEA8, cid=2270, SUCCESS, logIndex=3245, commits[ed5d81fa-aaf0-49db-aa57-acca1dd387bd:c3247]
2019-09-10 22:12:11,450 [grpc-default-executor-0] INFO  client.GrpcClientProtocolClient (GrpcClientProtocolClient.java:onNext(255)) - client-0C76110B8A2B->ed5d81fa-aaf0-49db-aa57-acca1dd387bd: receive RaftClientReply:client-0C76110B8A2B->ed5d81fa-aaf0-49db-aa57-acca1dd387bd@group-729F0664FEA8, cid=2271, SUCCESS, logIndex=3246, commits[ed5d81fa-aaf0-49db-aa57-acca1dd387bd:c3247]
2019-09-10 22:12:11,450 [grpc-default-executor-0] INFO  client.GrpcClientProtocolClient (GrpcClientProtocolClient.java:onNext(255)) - client-0C76110B8A2B->ed5d81fa-aaf0-49db-aa57-acca1dd387bd: receive RaftClientReply:client-0C76110B8A2B->ed5d81fa-aaf0-49db-aa57-acca1dd387bd@group-729F0664FEA8, cid=2272, SUCCESS, logIndex=3247, commits[ed5d81fa-aaf0-49db-aa57-acca1dd387bd:c3248]
2019-09-10 22:12:11,464 [SCMBlockDeletingService#0] DEBUG block.SCMBlockDeletingService (SCMBlockDeletingService.java:call(138)) - Running DeletedBlockTransactionScanner
2019-09-10 22:12:11,465 [SCMBlockDeletingService#0] DEBUG block.SCMBlockDeletingService (SCMBlockDeletingService.java:call(155)) - Scanned deleted blocks log and got 0 delTX to process.
2019-09-10 22:12:11,476 [grpc-default-executor-1] INFO  client.GrpcClientProtocolClient (GrpcClientProtocolClient.java:onNext(255)) - client-0C76110B8A2B->ed5d81fa-aaf0-49db-aa57-acca1dd387bd: receive RaftClientReply:client-0C76110B8A2B->ed5d81fa-aaf0-49db-aa57-acca1dd387bd@group-729F0664FEA8, cid=2273, SUCCESS, logIndex=3250, commits[ed5d81fa-aaf0-49db-aa57-acca1dd387bd:c3253]
2019-09-10 22:12:11,477 [grpc-default-executor-1] INFO  client.GrpcClientProtocolClient (GrpcClientProtocolClient.java:onNext(255)) - client-0C76110B8A2B->ed5d81fa-aaf0-49db-aa57-acca1dd387bd: receive RaftClientReply:client-0C76110B8A2B->ed5d81fa-aaf0-49db-aa57-acca1dd387bd@group-729F0664FEA8, cid=2274, SUCCESS, logIndex=3251, commits[ed5d81fa-aaf0-49db-aa57-acca1dd387bd:c3254]
2019-09-10 22:12:11,477 [grpc-default-executor-1] INFO  client.GrpcClientProtocolClient (GrpcClientProtocolClient.java:onNext(255)) - client-0C76110B8A2B->ed5d81fa-aaf0-49db-aa57-acca1dd387bd: receive RaftClientReply:client-0C76110B8A2B->ed5d81fa-aaf0-49db-aa57-acca1dd387bd@group-729F0664FEA8, cid=2275, SUCCESS, logIndex=3252, commits[ed5d81fa-aaf0-49db-aa57-acca1dd387bd:c3254]
2019-09-10 22:12:11,478 [grpc-default-executor-1] INFO  client.GrpcClientProtocolClient (GrpcClientProtocolClient.java:onNext(255)) - client-0C76110B8A2B->ed5d81fa-aaf0-49db-aa57-acca1dd387bd: receive RaftClientReply:client-0C76110B8A2B->ed5d81fa-aaf0-49db-aa57-acca1dd387bd@group-729F0664FEA8, cid=2276, SUCCESS, logIndex=3253, commits[ed5d81fa-aaf0-49db-aa57-acca1dd387bd:c3254]
2019-09-10 22:12:11,495 [grpc-default-executor-1] INFO  client.GrpcClientProtocolClient (GrpcClientProtocolClient.java:onNext(255)) - client-0C76110B8A2B->ed5d81fa-aaf0-49db-aa57-acca1dd387bd: receive RaftClientReply:client-0C76110B8A2B->ed5d81fa-aaf0-49db-aa57-acca1dd387bd@group-729F0664FEA8, cid=2277, SUCCESS, logIndex=3255, commits[ed5d81fa-aaf0-49db-aa57-acca1dd387bd:c3256]
2019-09-10 22:12:11,496 [grpc-default-executor-1] INFO  client.GrpcClientProtocolClient (GrpcClientProtocolClient.java:onNext(255)) - client-0C76110B8A2B->ed5d81fa-aaf0-49db-aa57-acca1dd387bd: receive RaftClientReply:client-0C76110B8A2B->ed5d81fa-aaf0-49db-aa57-acca1dd387bd@group-729F0664FEA8, cid=2278, SUCCESS, logIndex=3256, commits[ed5d81fa-aaf0-49db-aa57-acca1dd387bd:c3258]
2019-09-10 22:12:11,496 [grpc-default-executor-1] INFO  client.GrpcClientProtocolClient (GrpcClientProtocolClient.java:onNext(255)) - client-0C76110B8A2B->ed5d81fa-aaf0-49db-aa57-acca1dd387bd: receive RaftClientReply:client-0C76110B8A2B->ed5d81fa-aaf0-49db-aa57-acca1dd387bd@group-729F0664FEA8, cid=2279, SUCCESS, logIndex=3257, commits[ed5d81fa-aaf0-49db-aa57-acca1dd387bd:c3259]
2019-09-10 22:12:11,497 [grpc-default-executor-1] INFO  client.GrpcClientProtocolClient (GrpcClientProtocolClient.java:onNext(255)) - client-0C76110B8A2B->ed5d81fa-aaf0-49db-aa57-acca1dd387bd: receive RaftClientReply:client-0C76110B8A2B->ed5d81fa-aaf0-49db-aa57-acca1dd387bd@group-729F0664FEA8, cid=2280, SUCCESS, logIndex=3258, commits[ed5d81fa-aaf0-49db-aa57-acca1dd387bd:c3259]
2019-09-10 22:12:11,522 [grpc-default-executor-1] INFO  client.GrpcClientProtocolClient (GrpcClientProtocolClient.java:onNext(255)) - client-0C76110B8A2B->ed5d81fa-aaf0-49db-aa57-acca1dd387bd: receive RaftClientReply:client-0C76110B8A2B->ed5d81fa-aaf0-49db-aa57-acca1dd387bd@group-729F0664FEA8, cid=2281, SUCCESS, logIndex=3261, commits[ed5d81fa-aaf0-49db-aa57-acca1dd387bd:c3264]
2019-09-10 22:12:11,522 [grpc-default-executor-1] INFO  client.GrpcClientProtocolClient (GrpcClientProtocolClient.java:onNext(255)) - client-0C76110B8A2B->ed5d81fa-aaf0-49db-aa57-acca1dd387bd: receive RaftClientReply:client-0C76110B8A2B->ed5d81fa-aaf0-49db-aa57-acca1dd387bd@group-729F0664FEA8, cid=2282, SUCCESS, logIndex=3262, commits[ed5d81fa-aaf0-49db-aa57-acca1dd387bd:c3264]
2019-09-10 22:12:11,522 [grpc-default-executor-1] INFO  client.GrpcClientProtocolClient (GrpcClientProtocolClient.java:onNext(255)) - client-0C76110B8A2B->ed5d81fa-aaf0-49db-aa57-acca1dd387bd: receive RaftClientReply:client-0C76110B8A2B->ed5d81fa-aaf0-49db-aa57-acca1dd387bd@group-729F0664FEA8, cid=2283, SUCCESS, logIndex=3263, commits[ed5d81fa-aaf0-49db-aa57-acca1dd387bd:c3264]
2019-09-10 22:12:11,522 [grpc-default-executor-1] INFO  client.GrpcClientProtocolClient (GrpcClientProtocolClient.java:onNext(255)) - client-0C76110B8A2B->ed5d81fa-aaf0-49db-aa57-acca1dd387bd: receive RaftClientReply:client-0C76110B8A2B->ed5d81fa-aaf0-49db-aa57-acca1dd387bd@group-729F0664FEA8, cid=2284, SUCCESS, logIndex=3264, commits[ed5d81fa-aaf0-49db-aa57-acca1dd387bd:c3265]
2019-09-10 22:12:11,541 [grpc-default-executor-0] INFO  client.GrpcClientProtocolClient (GrpcClientProtocolClient.java:onNext(255)) - client-0C76110B8A2B->ed5d81fa-aaf0-49db-aa57-acca1dd387bd: receive RaftClientReply:client-0C76110B8A2B->ed5d81fa-aaf0-49db-aa57-acca1dd387bd@group-729F0664FEA8, cid=2285, SUCCESS, logIndex=3266, commits[ed5d81fa-aaf0-49db-aa57-acca1dd387bd:c3269]
2019-09-10 22:12:11,541 [grpc-default-executor-0] INFO  client.GrpcClientProtocolClient (GrpcClientProtocolClient.java:onNext(255)) - client-0C76110B8A2B->ed5d81fa-aaf0-49db-aa57-acca1dd387bd: receive RaftClientReply:client-0C76110B8A2B->ed5d81fa-aaf0-49db-aa57-acca1dd387bd@group-729F0664FEA8, cid=2286, SUCCESS, logIndex=3267, commits[ed5d81fa-aaf0-49db-aa57-acca1dd387bd:c3269]
2019-09-10 22:12:11,541 [grpc-default-executor-0] INFO  client.GrpcClientProtocolClient (GrpcClientProtocolClient.java:onNext(255)) - client-0C76110B8A2B->ed5d81fa-aaf0-49db-aa57-acca1dd387bd: receive RaftClientReply:client-0C76110B8A2B->ed5d81fa-aaf0-49db-aa57-acca1dd387bd@group-729F0664FEA8, cid=2287, SUCCESS, logIndex=3268, commits[ed5d81fa-aaf0-49db-aa57-acca1dd387bd:c3269]
2019-09-10 22:12:11,542 [grpc-default-executor-0] INFO  client.GrpcClientProtocolClient (GrpcClientProtocolClient.java:onNext(255)) - client-0C76110B8A2B->ed5d81fa-aaf0-49db-aa57-acca1dd387bd: receive RaftClientReply:client-0C76110B8A2B->ed5d81fa-aaf0-49db-aa57-acca1dd387bd@group-729F0664FEA8, cid=2288, SUCCESS, logIndex=3269, commits[ed5d81fa-aaf0-49db-aa57-acca1dd387bd:c3269]
2019-09-10 22:12:11,565 [SCMBlockDeletingService#0] DEBUG block.SCMBlockDeletingService (SCMBlockDeletingService.java:call(138)) - Running DeletedBlockTransactionScanner
2019-09-10 22:12:11,565 [SCMBlockDeletingService#0] DEBUG block.SCMBlockDeletingService (SCMBlockDeletingService.java:call(155)) - Scanned deleted blocks log and got 0 delTX to process.
2019-09-10 22:12:11,566 [grpc-default-executor-1] INFO  client.GrpcClientProtocolClient (GrpcClientProtocolClient.java:onNext(255)) - client-0C76110B8A2B->ed5d81fa-aaf0-49db-aa57-acca1dd387bd: receive RaftClientReply:client-0C76110B8A2B->ed5d81fa-aaf0-49db-aa57-acca1dd387bd@group-729F0664FEA8, cid=2289, SUCCESS, logIndex=3271, commits[ed5d81fa-aaf0-49db-aa57-acca1dd387bd:c3274]
2019-09-10 22:12:11,567 [grpc-default-executor-1] INFO  client.GrpcClientProtocolClient (GrpcClientProtocolClient.java:onNext(255)) - client-0C76110B8A2B->ed5d81fa-aaf0-49db-aa57-acca1dd387bd: receive RaftClientReply:client-0C76110B8A2B->ed5d81fa-aaf0-49db-aa57-acca1dd387bd@group-729F0664FEA8, cid=2290, SUCCESS, logIndex=3272, commits[ed5d81fa-aaf0-49db-aa57-acca1dd387bd:c3275]
2019-09-10 22:12:11,567 [grpc-default-executor-1] INFO  client.GrpcClientProtocolClient (GrpcClientProtocolClient.java:onNext(255)) - client-0C76110B8A2B->ed5d81fa-aaf0-49db-aa57-acca1dd387bd: receive RaftClientReply:client-0C76110B8A2B->ed5d81fa-aaf0-49db-aa57-acca1dd387bd@group-729F0664FEA8, cid=2291, SUCCESS, logIndex=3273, commits[ed5d81fa-aaf0-49db-aa57-acca1dd387bd:c3275]
2019-09-10 22:12:11,567 [grpc-default-executor-1] INFO  client.GrpcClientProtocolClient (GrpcClientProtocolClient.java:onNext(255)) - client-0C76110B8A2B->ed5d81fa-aaf0-49db-aa57-acca1dd387bd: receive RaftClientReply:client-0C76110B8A2B->ed5d81fa-aaf0-49db-aa57-acca1dd387bd@group-729F0664FEA8, cid=2292, SUCCESS, logIndex=3274, commits[ed5d81fa-aaf0-49db-aa57-acca1dd387bd:c3275]
2019-09-10 22:12:11,586 [grpc-default-executor-0] INFO  client.GrpcClientProtocolClient (GrpcClientProtocolClient.java:onNext(255)) - client-0C76110B8A2B->ed5d81fa-aaf0-49db-aa57-acca1dd387bd: receive RaftClientReply:client-0C76110B8A2B->ed5d81fa-aaf0-49db-aa57-acca1dd387bd@group-729F0664FEA8, cid=2293, SUCCESS, logIndex=3276, commits[ed5d81fa-aaf0-49db-aa57-acca1dd387bd:c3279]
2019-09-10 22:12:11,587 [grpc-default-executor-0] INFO  client.GrpcClientProtocolClient (GrpcClientProtocolClient.java:onNext(255)) - client-0C76110B8A2B->ed5d81fa-aaf0-49db-aa57-acca1dd387bd: receive RaftClientReply:client-0C76110B8A2B->ed5d81fa-aaf0-49db-aa57-acca1dd387bd@group-729F0664FEA8, cid=2294, SUCCESS, logIndex=3277, commits[ed5d81fa-aaf0-49db-aa57-acca1dd387bd:c3280]
2019-09-10 22:12:11,587 [grpc-default-executor-0] INFO  client.GrpcClientProtocolClient (GrpcClientProtocolClient.java:onNext(255)) - client-0C76110B8A2B->ed5d81fa-aaf0-49db-aa57-acca1dd387bd: receive RaftClientReply:client-0C76110B8A2B->ed5d81fa-aaf0-49db-aa57-acca1dd387bd@group-729F0664FEA8, cid=2295, SUCCESS, logIndex=3278, commits[ed5d81fa-aaf0-49db-aa57-acca1dd387bd:c3280]
2019-09-10 22:12:11,587 [grpc-default-executor-0] INFO  client.GrpcClientProtocolClient (GrpcClientProtocolClient.java:onNext(255)) - client-0C76110B8A2B->ed5d81fa-aaf0-49db-aa57-acca1dd387bd: receive RaftClientReply:client-0C76110B8A2B->ed5d81fa-aaf0-49db-aa57-acca1dd387bd@group-729F0664FEA8, cid=2296, SUCCESS, logIndex=3279, commits[ed5d81fa-aaf0-49db-aa57-acca1dd387bd:c3280]
2019-09-10 22:12:11,672 [SCMBlockDeletingService#0] DEBUG block.SCMBlockDeletingService (SCMBlockDeletingService.java:call(138)) - Running DeletedBlockTransactionScanner
2019-09-10 22:12:11,672 [SCMBlockDeletingService#0] DEBUG block.SCMBlockDeletingService (SCMBlockDeletingService.java:call(155)) - Scanned deleted blocks log and got 0 delTX to process.
2019-09-10 22:12:11,686 [grpc-default-executor-0] INFO  client.GrpcClientProtocolClient (GrpcClientProtocolClient.java:onNext(255)) - client-0C76110B8A2B->ed5d81fa-aaf0-49db-aa57-acca1dd387bd: receive RaftClientReply:client-0C76110B8A2B->ed5d81fa-aaf0-49db-aa57-acca1dd387bd@group-729F0664FEA8, cid=2297, SUCCESS, logIndex=3281, commits[ed5d81fa-aaf0-49db-aa57-acca1dd387bd:c3282]
2019-09-10 22:12:11,687 [grpc-default-executor-0] INFO  client.GrpcClientProtocolClient (GrpcClientProtocolClient.java:onNext(255)) - client-0C76110B8A2B->ed5d81fa-aaf0-49db-aa57-acca1dd387bd: receive RaftClientReply:client-0C76110B8A2B->ed5d81fa-aaf0-49db-aa57-acca1dd387bd@group-729F0664FEA8, cid=2298, SUCCESS, logIndex=3282, commits[ed5d81fa-aaf0-49db-aa57-acca1dd387bd:c3283]
2019-09-10 22:12:11,773 [SCMBlockDeletingService#0] DEBUG block.SCMBlockDeletingService (SCMBlockDeletingService.java:call(138)) - Running DeletedBlockTransactionScanner
2019-09-10 22:12:11,773 [SCMBlockDeletingService#0] DEBUG block.SCMBlockDeletingService (SCMBlockDeletingService.java:call(155)) - Scanned deleted blocks log and got 0 delTX to process.
2019-09-10 22:12:11,775 [grpc-default-executor-1] INFO  client.GrpcClientProtocolClient (GrpcClientProtocolClient.java:onNext(255)) - client-0C76110B8A2B->ed5d81fa-aaf0-49db-aa57-acca1dd387bd: receive RaftClientReply:client-0C76110B8A2B->ed5d81fa-aaf0-49db-aa57-acca1dd387bd@group-729F0664FEA8, cid=2299, SUCCESS, logIndex=3284, commits[ed5d81fa-aaf0-49db-aa57-acca1dd387bd:c3285]
2019-09-10 22:12:11,775 [grpc-default-executor-1] INFO  client.GrpcClientProtocolClient (GrpcClientProtocolClient.java:onNext(255)) - client-0C76110B8A2B->ed5d81fa-aaf0-49db-aa57-acca1dd387bd: receive RaftClientReply:client-0C76110B8A2B->ed5d81fa-aaf0-49db-aa57-acca1dd387bd@group-729F0664FEA8, cid=2300, SUCCESS, logIndex=3285, commits[ed5d81fa-aaf0-49db-aa57-acca1dd387bd:c3285]
2019-09-10 22:12:11,793 [grpc-default-executor-0] INFO  client.GrpcClientProtocolClient (GrpcClientProtocolClient.java:onNext(255)) - client-0C76110B8A2B->ed5d81fa-aaf0-49db-aa57-acca1dd387bd: receive RaftClientReply:client-0C76110B8A2B->ed5d81fa-aaf0-49db-aa57-acca1dd387bd@group-729F0664FEA8, cid=2301, SUCCESS, logIndex=3287, commits[ed5d81fa-aaf0-49db-aa57-acca1dd387bd:c3288]
2019-09-10 22:12:11,794 [grpc-default-executor-0] INFO  client.GrpcClientProtocolClient (GrpcClientProtocolClient.java:onNext(255)) - client-0C76110B8A2B->ed5d81fa-aaf0-49db-aa57-acca1dd387bd: receive RaftClientReply:client-0C76110B8A2B->ed5d81fa-aaf0-49db-aa57-acca1dd387bd@group-729F0664FEA8, cid=2302, SUCCESS, logIndex=3288, commits[ed5d81fa-aaf0-49db-aa57-acca1dd387bd:c3290]
2019-09-10 22:12:11,794 [grpc-default-executor-0] INFO  client.GrpcClientProtocolClient (GrpcClientProtocolClient.java:onNext(255)) - client-0C76110B8A2B->ed5d81fa-aaf0-49db-aa57-acca1dd387bd: receive RaftClientReply:client-0C76110B8A2B->ed5d81fa-aaf0-49db-aa57-acca1dd387bd@group-729F0664FEA8, cid=2303, SUCCESS, logIndex=3289, commits[ed5d81fa-aaf0-49db-aa57-acca1dd387bd:c3291]
2019-09-10 22:12:11,794 [grpc-default-executor-0] INFO  client.GrpcClientProtocolClient (GrpcClientProtocolClient.java:onNext(255)) - client-0C76110B8A2B->ed5d81fa-aaf0-49db-aa57-acca1dd387bd: receive RaftClientReply:client-0C76110B8A2B->ed5d81fa-aaf0-49db-aa57-acca1dd387bd@group-729F0664FEA8, cid=2304, SUCCESS, logIndex=3290, commits[ed5d81fa-aaf0-49db-aa57-acca1dd387bd:c3291]
2019-09-10 22:12:11,822 [grpc-default-executor-0] INFO  client.GrpcClientProtocolClient (GrpcClientProtocolClient.java:onNext(255)) - client-0C76110B8A2B->ed5d81fa-aaf0-49db-aa57-acca1dd387bd: receive RaftClientReply:client-0C76110B8A2B->ed5d81fa-aaf0-49db-aa57-acca1dd387bd@group-729F0664FEA8, cid=2305, SUCCESS, logIndex=3293, commits[ed5d81fa-aaf0-49db-aa57-acca1dd387bd:c3296]
2019-09-10 22:12:11,822 [grpc-default-executor-0] INFO  client.GrpcClientProtocolClient (GrpcClientProtocolClient.java:onNext(255)) - client-0C76110B8A2B->ed5d81fa-aaf0-49db-aa57-acca1dd387bd: receive RaftClientReply:client-0C76110B8A2B->ed5d81fa-aaf0-49db-aa57-acca1dd387bd@group-729F0664FEA8, cid=2306, SUCCESS, logIndex=3294, commits[ed5d81fa-aaf0-49db-aa57-acca1dd387bd:c3297]
2019-09-10 22:12:11,823 [grpc-default-executor-0] INFO  client.GrpcClientProtocolClient (GrpcClientProtocolClient.java:onNext(255)) - client-0C76110B8A2B->ed5d81fa-aaf0-49db-aa57-acca1dd387bd: receive RaftClientReply:client-0C76110B8A2B->ed5d81fa-aaf0-49db-aa57-acca1dd387bd@group-729F0664FEA8, cid=2307, SUCCESS, logIndex=3295, commits[ed5d81fa-aaf0-49db-aa57-acca1dd387bd:c3297]
2019-09-10 22:12:11,823 [grpc-default-executor-0] INFO  client.GrpcClientProtocolClient (GrpcClientProtocolClient.java:onNext(255)) - client-0C76110B8A2B->ed5d81fa-aaf0-49db-aa57-acca1dd387bd: receive RaftClientReply:client-0C76110B8A2B->ed5d81fa-aaf0-49db-aa57-acca1dd387bd@group-729F0664FEA8, cid=2308, SUCCESS, logIndex=3296, commits[ed5d81fa-aaf0-49db-aa57-acca1dd387bd:c3297]
2019-09-10 22:12:11,840 [grpc-default-executor-1] INFO  client.GrpcClientProtocolClient (GrpcClientProtocolClient.java:onNext(255)) - client-0C76110B8A2B->ed5d81fa-aaf0-49db-aa57-acca1dd387bd: receive RaftClientReply:client-0C76110B8A2B->ed5d81fa-aaf0-49db-aa57-acca1dd387bd@group-729F0664FEA8, cid=2309, SUCCESS, logIndex=3298, commits[ed5d81fa-aaf0-49db-aa57-acca1dd387bd:c3299]
2019-09-10 22:12:11,841 [grpc-default-executor-1] INFO  client.GrpcClientProtocolClient (GrpcClientProtocolClient.java:onNext(255)) - client-0C76110B8A2B->ed5d81fa-aaf0-49db-aa57-acca1dd387bd: receive RaftClientReply:client-0C76110B8A2B->ed5d81fa-aaf0-49db-aa57-acca1dd387bd@group-729F0664FEA8, cid=2310, SUCCESS, logIndex=3299, commits[ed5d81fa-aaf0-49db-aa57-acca1dd387bd:c3301]
2019-09-10 22:12:11,841 [grpc-default-executor-1] INFO  client.GrpcClientProtocolClient (GrpcClientProtocolClient.java:onNext(255)) - client-0C76110B8A2B->ed5d81fa-aaf0-49db-aa57-acca1dd387bd: receive RaftClientReply:client-0C76110B8A2B->ed5d81fa-aaf0-49db-aa57-acca1dd387bd@group-729F0664FEA8, cid=2311, SUCCESS, logIndex=3300, commits[ed5d81fa-aaf0-49db-aa57-acca1dd387bd:c3301]
2019-09-10 22:12:11,841 [grpc-default-executor-1] INFO  client.GrpcClientProtocolClient (GrpcClientProtocolClient.java:onNext(255)) - client-0C76110B8A2B->ed5d81fa-aaf0-49db-aa57-acca1dd387bd: receive RaftClientReply:client-0C76110B8A2B->ed5d81fa-aaf0-49db-aa57-acca1dd387bd@group-729F0664FEA8, cid=2312, SUCCESS, logIndex=3301, commits[ed5d81fa-aaf0-49db-aa57-acca1dd387bd:c3302]
2019-09-10 22:12:11,869 [grpc-default-executor-0] INFO  client.GrpcClientProtocolClient (GrpcClientProtocolClient.java:onNext(255)) - client-0C76110B8A2B->ed5d81fa-aaf0-49db-aa57-acca1dd387bd: receive RaftClientReply:client-0C76110B8A2B->ed5d81fa-aaf0-49db-aa57-acca1dd387bd@group-729F0664FEA8, cid=2313, SUCCESS, logIndex=3304, commits[ed5d81fa-aaf0-49db-aa57-acca1dd387bd:c3307]
2019-09-10 22:12:11,870 [grpc-default-executor-0] INFO  client.GrpcClientProtocolClient (GrpcClientProtocolClient.java:onNext(255)) - client-0C76110B8A2B->ed5d81fa-aaf0-49db-aa57-acca1dd387bd: receive RaftClientReply:client-0C76110B8A2B->ed5d81fa-aaf0-49db-aa57-acca1dd387bd@group-729F0664FEA8, cid=2314, SUCCESS, logIndex=3305, commits[ed5d81fa-aaf0-49db-aa57-acca1dd387bd:c3308]
2019-09-10 22:12:11,870 [grpc-default-executor-0] INFO  client.GrpcClientProtocolClient (GrpcClientProtocolClient.java:onNext(255)) - client-0C76110B8A2B->ed5d81fa-aaf0-49db-aa57-acca1dd387bd: receive RaftClientReply:client-0C76110B8A2B->ed5d81fa-aaf0-49db-aa57-acca1dd387bd@group-729F0664FEA8, cid=2315, SUCCESS, logIndex=3306, commits[ed5d81fa-aaf0-49db-aa57-acca1dd387bd:c3308]
2019-09-10 22:12:11,870 [grpc-default-executor-0] INFO  client.GrpcClientProtocolClient (GrpcClientProtocolClient.java:onNext(255)) - client-0C76110B8A2B->ed5d81fa-aaf0-49db-aa57-acca1dd387bd: receive RaftClientReply:client-0C76110B8A2B->ed5d81fa-aaf0-49db-aa57-acca1dd387bd@group-729F0664FEA8, cid=2316, SUCCESS, logIndex=3307, commits[ed5d81fa-aaf0-49db-aa57-acca1dd387bd:c3308]
2019-09-10 22:12:11,873 [SCMBlockDeletingService#0] DEBUG block.SCMBlockDeletingService (SCMBlockDeletingService.java:call(138)) - Running DeletedBlockTransactionScanner
2019-09-10 22:12:11,873 [SCMBlockDeletingService#0] DEBUG block.SCMBlockDeletingService (SCMBlockDeletingService.java:call(155)) - Scanned deleted blocks log and got 0 delTX to process.
2019-09-10 22:12:11,892 [grpc-default-executor-0] INFO  client.GrpcClientProtocolClient (GrpcClientProtocolClient.java:onNext(255)) - client-0C76110B8A2B->ed5d81fa-aaf0-49db-aa57-acca1dd387bd: receive RaftClientReply:client-0C76110B8A2B->ed5d81fa-aaf0-49db-aa57-acca1dd387bd@group-729F0664FEA8, cid=2317, SUCCESS, logIndex=3309, commits[ed5d81fa-aaf0-49db-aa57-acca1dd387bd:c3312]
2019-09-10 22:12:11,893 [grpc-default-executor-0] INFO  client.GrpcClientProtocolClient (GrpcClientProtocolClient.java:onNext(255)) - client-0C76110B8A2B->ed5d81fa-aaf0-49db-aa57-acca1dd387bd: receive RaftClientReply:client-0C76110B8A2B->ed5d81fa-aaf0-49db-aa57-acca1dd387bd@group-729F0664FEA8, cid=2318, SUCCESS, logIndex=3310, commits[ed5d81fa-aaf0-49db-aa57-acca1dd387bd:c3313]
2019-09-10 22:12:11,893 [grpc-default-executor-0] INFO  client.GrpcClientProtocolClient (GrpcClientProtocolClient.java:onNext(255)) - client-0C76110B8A2B->ed5d81fa-aaf0-49db-aa57-acca1dd387bd: receive RaftClientReply:client-0C76110B8A2B->ed5d81fa-aaf0-49db-aa57-acca1dd387bd@group-729F0664FEA8, cid=2319, SUCCESS, logIndex=3311, commits[ed5d81fa-aaf0-49db-aa57-acca1dd387bd:c3313]
2019-09-10 22:12:11,893 [grpc-default-executor-0] INFO  client.GrpcClientProtocolClient (GrpcClientProtocolClient.java:onNext(255)) - client-0C76110B8A2B->ed5d81fa-aaf0-49db-aa57-acca1dd387bd: receive RaftClientReply:client-0C76110B8A2B->ed5d81fa-aaf0-49db-aa57-acca1dd387bd@group-729F0664FEA8, cid=2320, SUCCESS, logIndex=3312, commits[ed5d81fa-aaf0-49db-aa57-acca1dd387bd:c3313]
2019-09-10 22:12:11,919 [grpc-default-executor-0] INFO  client.GrpcClientProtocolClient (GrpcClientProtocolClient.java:onNext(255)) - client-0C76110B8A2B->ed5d81fa-aaf0-49db-aa57-acca1dd387bd: receive RaftClientReply:client-0C76110B8A2B->ed5d81fa-aaf0-49db-aa57-acca1dd387bd@group-729F0664FEA8, cid=2321, SUCCESS, logIndex=3314, commits[ed5d81fa-aaf0-49db-aa57-acca1dd387bd:c3317]
2019-09-10 22:12:11,920 [grpc-default-executor-0] INFO  client.GrpcClientProtocolClient (GrpcClientProtocolClient.java:onNext(255)) - client-0C76110B8A2B->ed5d81fa-aaf0-49db-aa57-acca1dd387bd: receive RaftClientReply:client-0C76110B8A2B->ed5d81fa-aaf0-49db-aa57-acca1dd387bd@group-729F0664FEA8, cid=2322, SUCCESS, logIndex=3315, commits[ed5d81fa-aaf0-49db-aa57-acca1dd387bd:c3317]
2019-09-10 22:12:11,920 [grpc-default-executor-0] INFO  client.GrpcClientProtocolClient (GrpcClientProtocolClient.java:onNext(255)) - client-0C76110B8A2B->ed5d81fa-aaf0-49db-aa57-acca1dd387bd: receive RaftClientReply:client-0C76110B8A2B->ed5d81fa-aaf0-49db-aa57-acca1dd387bd@group-729F0664FEA8, cid=2323, SUCCESS, logIndex=3316, commits[ed5d81fa-aaf0-49db-aa57-acca1dd387bd:c3318]
2019-09-10 22:12:11,920 [grpc-default-executor-0] INFO  client.GrpcClientProtocolClient (GrpcClientProtocolClient.java:onNext(255)) - client-0C76110B8A2B->ed5d81fa-aaf0-49db-aa57-acca1dd387bd: receive RaftClientReply:client-0C76110B8A2B->ed5d81fa-aaf0-49db-aa57-acca1dd387bd@group-729F0664FEA8, cid=2324, SUCCESS, logIndex=3317, commits[ed5d81fa-aaf0-49db-aa57-acca1dd387bd:c3318]
2019-09-10 22:12:11,940 [grpc-default-executor-0] INFO  client.GrpcClientProtocolClient (GrpcClientProtocolClient.java:onNext(255)) - client-0C76110B8A2B->ed5d81fa-aaf0-49db-aa57-acca1dd387bd: receive RaftClientReply:client-0C76110B8A2B->ed5d81fa-aaf0-49db-aa57-acca1dd387bd@group-729F0664FEA8, cid=2325, SUCCESS, logIndex=3319, commits[ed5d81fa-aaf0-49db-aa57-acca1dd387bd:c3322]
2019-09-10 22:12:11,940 [grpc-default-executor-0] INFO  client.GrpcClientProtocolClient (GrpcClientProtocolClient.java:onNext(255)) - client-0C76110B8A2B->ed5d81fa-aaf0-49db-aa57-acca1dd387bd: receive RaftClientReply:client-0C76110B8A2B->ed5d81fa-aaf0-49db-aa57-acca1dd387bd@group-729F0664FEA8, cid=2326, SUCCESS, logIndex=3320, commits[ed5d81fa-aaf0-49db-aa57-acca1dd387bd:c3322]
2019-09-10 22:12:11,940 [grpc-default-executor-0] INFO  client.GrpcClientProtocolClient (GrpcClientProtocolClient.java:onNext(255)) - client-0C76110B8A2B->ed5d81fa-aaf0-49db-aa57-acca1dd387bd: receive RaftClientReply:client-0C76110B8A2B->ed5d81fa-aaf0-49db-aa57-acca1dd387bd@group-729F0664FEA8, cid=2327, SUCCESS, logIndex=3321, commits[ed5d81fa-aaf0-49db-aa57-acca1dd387bd:c3322]
2019-09-10 22:12:11,940 [grpc-default-executor-0] INFO  client.GrpcClientProtocolClient (GrpcClientProtocolClient.java:onNext(255)) - client-0C76110B8A2B->ed5d81fa-aaf0-49db-aa57-acca1dd387bd: receive RaftClientReply:client-0C76110B8A2B->ed5d81fa-aaf0-49db-aa57-acca1dd387bd@group-729F0664FEA8, cid=2328, SUCCESS, logIndex=3322, commits[ed5d81fa-aaf0-49db-aa57-acca1dd387bd:c3322]
2019-09-10 22:12:11,965 [grpc-default-executor-0] INFO  client.GrpcClientProtocolClient (GrpcClientProtocolClient.java:onNext(255)) - client-0C76110B8A2B->ed5d81fa-aaf0-49db-aa57-acca1dd387bd: receive RaftClientReply:client-0C76110B8A2B->ed5d81fa-aaf0-49db-aa57-acca1dd387bd@group-729F0664FEA8, cid=2329, SUCCESS, logIndex=3324, commits[ed5d81fa-aaf0-49db-aa57-acca1dd387bd:c3325]
2019-09-10 22:12:11,965 [grpc-default-executor-0] INFO  client.GrpcClientProtocolClient (GrpcClientProtocolClient.java:onNext(255)) - client-0C76110B8A2B->ed5d81fa-aaf0-49db-aa57-acca1dd387bd: receive RaftClientReply:client-0C76110B8A2B->ed5d81fa-aaf0-49db-aa57-acca1dd387bd@group-729F0664FEA8, cid=2330, SUCCESS, logIndex=3325, commits[ed5d81fa-aaf0-49db-aa57-acca1dd387bd:c3325]
2019-09-10 22:12:11,966 [grpc-default-executor-0] INFO  client.GrpcClientProtocolClient (GrpcClientProtocolClient.java:onNext(255)) - client-0C76110B8A2B->ed5d81fa-aaf0-49db-aa57-acca1dd387bd: receive RaftClientReply:client-0C76110B8A2B->ed5d81fa-aaf0-49db-aa57-acca1dd387bd@group-729F0664FEA8, cid=2331, SUCCESS, logIndex=3326, commits[ed5d81fa-aaf0-49db-aa57-acca1dd387bd:c3327]
2019-09-10 22:12:11,966 [grpc-default-executor-0] INFO  client.GrpcClientProtocolClient (GrpcClientProtocolClient.java:onNext(255)) - client-0C76110B8A2B->ed5d81fa-aaf0-49db-aa57-acca1dd387bd: receive RaftClientReply:client-0C76110B8A2B->ed5d81fa-aaf0-49db-aa57-acca1dd387bd@group-729F0664FEA8, cid=2332, SUCCESS, logIndex=3327, commits[ed5d81fa-aaf0-49db-aa57-acca1dd387bd:c3327]
2019-09-10 22:12:11,974 [SCMBlockDeletingService#0] DEBUG block.SCMBlockDeletingService (SCMBlockDeletingService.java:call(138)) - Running DeletedBlockTransactionScanner
2019-09-10 22:12:11,974 [SCMBlockDeletingService#0] DEBUG block.SCMBlockDeletingService (SCMBlockDeletingService.java:call(155)) - Scanned deleted blocks log and got 0 delTX to process.
2019-09-10 22:12:11,984 [grpc-default-executor-0] INFO  client.GrpcClientProtocolClient (GrpcClientProtocolClient.java:onNext(255)) - client-0C76110B8A2B->ed5d81fa-aaf0-49db-aa57-acca1dd387bd: receive RaftClientReply:client-0C76110B8A2B->ed5d81fa-aaf0-49db-aa57-acca1dd387bd@group-729F0664FEA8, cid=2333, SUCCESS, logIndex=3330, commits[ed5d81fa-aaf0-49db-aa57-acca1dd387bd:c3331]
2019-09-10 22:12:11,984 [grpc-default-executor-0] INFO  client.GrpcClientProtocolClient (GrpcClientProtocolClient.java:onNext(255)) - client-0C76110B8A2B->ed5d81fa-aaf0-49db-aa57-acca1dd387bd: receive RaftClientReply:client-0C76110B8A2B->ed5d81fa-aaf0-49db-aa57-acca1dd387bd@group-729F0664FEA8, cid=2334, SUCCESS, logIndex=3331, commits[ed5d81fa-aaf0-49db-aa57-acca1dd387bd:c3333]
2019-09-10 22:12:11,984 [grpc-default-executor-0] INFO  client.GrpcClientProtocolClient (GrpcClientProtocolClient.java:onNext(255)) - client-0C76110B8A2B->ed5d81fa-aaf0-49db-aa57-acca1dd387bd: receive RaftClientReply:client-0C76110B8A2B->ed5d81fa-aaf0-49db-aa57-acca1dd387bd@group-729F0664FEA8, cid=2335, SUCCESS, logIndex=3332, commits[ed5d81fa-aaf0-49db-aa57-acca1dd387bd:c3333]
2019-09-10 22:12:11,984 [grpc-default-executor-0] INFO  client.GrpcClientProtocolClient (GrpcClientProtocolClient.java:onNext(255)) - client-0C76110B8A2B->ed5d81fa-aaf0-49db-aa57-acca1dd387bd: receive RaftClientReply:client-0C76110B8A2B->ed5d81fa-aaf0-49db-aa57-acca1dd387bd@group-729F0664FEA8, cid=2336, SUCCESS, logIndex=3333, commits[ed5d81fa-aaf0-49db-aa57-acca1dd387bd:c3333]
2019-09-10 22:12:12,007 [grpc-default-executor-0] INFO  client.GrpcClientProtocolClient (GrpcClientProtocolClient.java:onNext(255)) - client-0C76110B8A2B->ed5d81fa-aaf0-49db-aa57-acca1dd387bd: receive RaftClientReply:client-0C76110B8A2B->ed5d81fa-aaf0-49db-aa57-acca1dd387bd@group-729F0664FEA8, cid=2337, SUCCESS, logIndex=3336, commits[ed5d81fa-aaf0-49db-aa57-acca1dd387bd:c3337]
2019-09-10 22:12:12,007 [grpc-default-executor-0] INFO  client.GrpcClientProtocolClient (GrpcClientProtocolClient.java:onNext(255)) - client-0C76110B8A2B->ed5d81fa-aaf0-49db-aa57-acca1dd387bd: receive RaftClientReply:client-0C76110B8A2B->ed5d81fa-aaf0-49db-aa57-acca1dd387bd@group-729F0664FEA8, cid=2338, SUCCESS, logIndex=3337, commits[ed5d81fa-aaf0-49db-aa57-acca1dd387bd:c3339]
2019-09-10 22:12:12,008 [grpc-default-executor-0] INFO  client.GrpcClientProtocolClient (GrpcClientProtocolClient.java:onNext(255)) - client-0C76110B8A2B->ed5d81fa-aaf0-49db-aa57-acca1dd387bd: receive RaftClientReply:client-0C76110B8A2B->ed5d81fa-aaf0-49db-aa57-acca1dd387bd@group-729F0664FEA8, cid=2339, SUCCESS, logIndex=3338, commits[ed5d81fa-aaf0-49db-aa57-acca1dd387bd:c3340]
2019-09-10 22:12:12,008 [grpc-default-executor-0] INFO  client.GrpcClientProtocolClient (GrpcClientProtocolClient.java:onNext(255)) - client-0C76110B8A2B->ed5d81fa-aaf0-49db-aa57-acca1dd387bd: receive RaftClientReply:client-0C76110B8A2B->ed5d81fa-aaf0-49db-aa57-acca1dd387bd@group-729F0664FEA8, cid=2340, SUCCESS, logIndex=3339, commits[ed5d81fa-aaf0-49db-aa57-acca1dd387bd:c3340]
2019-09-10 22:12:12,024 [grpc-default-executor-1] INFO  client.GrpcClientProtocolClient (GrpcClientProtocolClient.java:onNext(255)) - client-0C76110B8A2B->ed5d81fa-aaf0-49db-aa57-acca1dd387bd: receive RaftClientReply:client-0C76110B8A2B->ed5d81fa-aaf0-49db-aa57-acca1dd387bd@group-729F0664FEA8, cid=2341, SUCCESS, logIndex=3342, commits[ed5d81fa-aaf0-49db-aa57-acca1dd387bd:c3343]
2019-09-10 22:12:12,024 [grpc-default-executor-1] INFO  client.GrpcClientProtocolClient (GrpcClientProtocolClient.java:onNext(255)) - client-0C76110B8A2B->ed5d81fa-aaf0-49db-aa57-acca1dd387bd: receive RaftClientReply:client-0C76110B8A2B->ed5d81fa-aaf0-49db-aa57-acca1dd387bd@group-729F0664FEA8, cid=2342, SUCCESS, logIndex=3343, commits[ed5d81fa-aaf0-49db-aa57-acca1dd387bd:c3344]
2019-09-10 22:12:12,074 [SCMBlockDeletingService#1] DEBUG block.SCMBlockDeletingService (SCMBlockDeletingService.java:call(138)) - Running DeletedBlockTransactionScanner
2019-09-10 22:12:12,075 [SCMBlockDeletingService#1] DEBUG block.SCMBlockDeletingService (SCMBlockDeletingService.java:call(155)) - Scanned deleted blocks log and got 0 delTX to process.
2019-09-10 22:12:12,117 [grpc-default-executor-1] INFO  client.GrpcClientProtocolClient (GrpcClientProtocolClient.java:onNext(255)) - client-0C76110B8A2B->ed5d81fa-aaf0-49db-aa57-acca1dd387bd: receive RaftClientReply:client-0C76110B8A2B->ed5d81fa-aaf0-49db-aa57-acca1dd387bd@group-729F0664FEA8, cid=2343, SUCCESS, logIndex=3345, commits[ed5d81fa-aaf0-49db-aa57-acca1dd387bd:c3346]
2019-09-10 22:12:12,118 [grpc-default-executor-1] INFO  client.GrpcClientProtocolClient (GrpcClientProtocolClient.java:onNext(255)) - client-0C76110B8A2B->ed5d81fa-aaf0-49db-aa57-acca1dd387bd: receive RaftClientReply:client-0C76110B8A2B->ed5d81fa-aaf0-49db-aa57-acca1dd387bd@group-729F0664FEA8, cid=2344, SUCCESS, logIndex=3346, commits[ed5d81fa-aaf0-49db-aa57-acca1dd387bd:c3347]
2019-09-10 22:12:12,147 [grpc-default-executor-0] INFO  client.GrpcClientProtocolClient (GrpcClientProtocolClient.java:onNext(255)) - client-0C76110B8A2B->ed5d81fa-aaf0-49db-aa57-acca1dd387bd: receive RaftClientReply:client-0C76110B8A2B->ed5d81fa-aaf0-49db-aa57-acca1dd387bd@group-729F0664FEA8, cid=2345, SUCCESS, logIndex=3348, commits[ed5d81fa-aaf0-49db-aa57-acca1dd387bd:c3351]
2019-09-10 22:12:12,147 [grpc-default-executor-0] INFO  client.GrpcClientProtocolClient (GrpcClientProtocolClient.java:onNext(255)) - client-0C76110B8A2B->ed5d81fa-aaf0-49db-aa57-acca1dd387bd: receive RaftClientReply:client-0C76110B8A2B->ed5d81fa-aaf0-49db-aa57-acca1dd387bd@group-729F0664FEA8, cid=2346, SUCCESS, logIndex=3349, commits[ed5d81fa-aaf0-49db-aa57-acca1dd387bd:c3351]
2019-09-10 22:12:12,147 [grpc-default-executor-0] INFO  client.GrpcClientProtocolClient (GrpcClientProtocolClient.java:onNext(255)) - client-0C76110B8A2B->ed5d81fa-aaf0-49db-aa57-acca1dd387bd: receive RaftClientReply:client-0C76110B8A2B->ed5d81fa-aaf0-49db-aa57-acca1dd387bd@group-729F0664FEA8, cid=2347, SUCCESS, logIndex=3350, commits[ed5d81fa-aaf0-49db-aa57-acca1dd387bd:c3351]
2019-09-10 22:12:12,147 [grpc-default-executor-0] INFO  client.GrpcClientProtocolClient (GrpcClientProtocolClient.java:onNext(255)) - client-0C76110B8A2B->ed5d81fa-aaf0-49db-aa57-acca1dd387bd: receive RaftClientReply:client-0C76110B8A2B->ed5d81fa-aaf0-49db-aa57-acca1dd387bd@group-729F0664FEA8, cid=2348, SUCCESS, logIndex=3351, commits[ed5d81fa-aaf0-49db-aa57-acca1dd387bd:c3352]
2019-09-10 22:12:12,166 [grpc-default-executor-0] INFO  client.GrpcClientProtocolClient (GrpcClientProtocolClient.java:onNext(255)) - client-0C76110B8A2B->ed5d81fa-aaf0-49db-aa57-acca1dd387bd: receive RaftClientReply:client-0C76110B8A2B->ed5d81fa-aaf0-49db-aa57-acca1dd387bd@group-729F0664FEA8, cid=2349, SUCCESS, logIndex=3353, commits[ed5d81fa-aaf0-49db-aa57-acca1dd387bd:c3356]
2019-09-10 22:12:12,166 [grpc-default-executor-0] INFO  client.GrpcClientProtocolClient (GrpcClientProtocolClient.java:onNext(255)) - client-0C76110B8A2B->ed5d81fa-aaf0-49db-aa57-acca1dd387bd: receive RaftClientReply:client-0C76110B8A2B->ed5d81fa-aaf0-49db-aa57-acca1dd387bd@group-729F0664FEA8, cid=2350, SUCCESS, logIndex=3354, commits[ed5d81fa-aaf0-49db-aa57-acca1dd387bd:c3357]
2019-09-10 22:12:12,167 [grpc-default-executor-0] INFO  client.GrpcClientProtocolClient (GrpcClientProtocolClient.java:onNext(255)) - client-0C76110B8A2B->ed5d81fa-aaf0-49db-aa57-acca1dd387bd: receive RaftClientReply:client-0C76110B8A2B->ed5d81fa-aaf0-49db-aa57-acca1dd387bd@group-729F0664FEA8, cid=2351, SUCCESS, logIndex=3355, commits[ed5d81fa-aaf0-49db-aa57-acca1dd387bd:c3357]
2019-09-10 22:12:12,167 [grpc-default-executor-0] INFO  client.GrpcClientProtocolClient (GrpcClientProtocolClient.java:onNext(255)) - client-0C76110B8A2B->ed5d81fa-aaf0-49db-aa57-acca1dd387bd: receive RaftClientReply:client-0C76110B8A2B->ed5d81fa-aaf0-49db-aa57-acca1dd387bd@group-729F0664FEA8, cid=2352, SUCCESS, logIndex=3356, commits[ed5d81fa-aaf0-49db-aa57-acca1dd387bd:c3357]
2019-09-10 22:12:12,175 [SCMBlockDeletingService#1] DEBUG block.SCMBlockDeletingService (SCMBlockDeletingService.java:call(138)) - Running DeletedBlockTransactionScanner
2019-09-10 22:12:12,175 [SCMBlockDeletingService#1] DEBUG block.SCMBlockDeletingService (SCMBlockDeletingService.java:call(155)) - Scanned deleted blocks log and got 0 delTX to process.
2019-09-10 22:12:12,194 [grpc-default-executor-0] INFO  client.GrpcClientProtocolClient (GrpcClientProtocolClient.java:onNext(255)) - client-0C76110B8A2B->ed5d81fa-aaf0-49db-aa57-acca1dd387bd: receive RaftClientReply:client-0C76110B8A2B->ed5d81fa-aaf0-49db-aa57-acca1dd387bd@group-729F0664FEA8, cid=2353, SUCCESS, logIndex=3358, commits[ed5d81fa-aaf0-49db-aa57-acca1dd387bd:c3361]
2019-09-10 22:12:12,194 [grpc-default-executor-0] INFO  client.GrpcClientProtocolClient (GrpcClientProtocolClient.java:onNext(255)) - client-0C76110B8A2B->ed5d81fa-aaf0-49db-aa57-acca1dd387bd: receive RaftClientReply:client-0C76110B8A2B->ed5d81fa-aaf0-49db-aa57-acca1dd387bd@group-729F0664FEA8, cid=2354, SUCCESS, logIndex=3359, commits[ed5d81fa-aaf0-49db-aa57-acca1dd387bd:c3362]
2019-09-10 22:12:12,194 [grpc-default-executor-0] INFO  client.GrpcClientProtocolClient (GrpcClientProtocolClient.java:onNext(255)) - client-0C76110B8A2B->ed5d81fa-aaf0-49db-aa57-acca1dd387bd: receive RaftClientReply:client-0C76110B8A2B->ed5d81fa-aaf0-49db-aa57-acca1dd387bd@group-729F0664FEA8, cid=2355, SUCCESS, logIndex=3360, commits[ed5d81fa-aaf0-49db-aa57-acca1dd387bd:c3362]
2019-09-10 22:12:12,195 [grpc-default-executor-0] INFO  client.GrpcClientProtocolClient (GrpcClientProtocolClient.java:onNext(255)) - client-0C76110B8A2B->ed5d81fa-aaf0-49db-aa57-acca1dd387bd: receive RaftClientReply:client-0C76110B8A2B->ed5d81fa-aaf0-49db-aa57-acca1dd387bd@group-729F0664FEA8, cid=2356, SUCCESS, logIndex=3361, commits[ed5d81fa-aaf0-49db-aa57-acca1dd387bd:c3362]
2019-09-10 22:12:12,212 [grpc-default-executor-1] INFO  client.GrpcClientProtocolClient (GrpcClientProtocolClient.java:onNext(255)) - client-0C76110B8A2B->ed5d81fa-aaf0-49db-aa57-acca1dd387bd: receive RaftClientReply:client-0C76110B8A2B->ed5d81fa-aaf0-49db-aa57-acca1dd387bd@group-729F0664FEA8, cid=2357, SUCCESS, logIndex=3363, commits[ed5d81fa-aaf0-49db-aa57-acca1dd387bd:c3364]
2019-09-10 22:12:12,212 [grpc-default-executor-1] INFO  client.GrpcClientProtocolClient (GrpcClientProtocolClient.java:onNext(255)) - client-0C76110B8A2B->ed5d81fa-aaf0-49db-aa57-acca1dd387bd: receive RaftClientReply:client-0C76110B8A2B->ed5d81fa-aaf0-49db-aa57-acca1dd387bd@group-729F0664FEA8, cid=2358, SUCCESS, logIndex=3364, commits[ed5d81fa-aaf0-49db-aa57-acca1dd387bd:c3366]
2019-09-10 22:12:12,212 [grpc-default-executor-1] INFO  client.GrpcClientProtocolClient (GrpcClientProtocolClient.java:onNext(255)) - client-0C76110B8A2B->ed5d81fa-aaf0-49db-aa57-acca1dd387bd: receive RaftClientReply:client-0C76110B8A2B->ed5d81fa-aaf0-49db-aa57-acca1dd387bd@group-729F0664FEA8, cid=2359, SUCCESS, logIndex=3365, commits[ed5d81fa-aaf0-49db-aa57-acca1dd387bd:c3366]
2019-09-10 22:12:12,213 [grpc-default-executor-1] INFO  client.GrpcClientProtocolClient (GrpcClientProtocolClient.java:onNext(255)) - client-0C76110B8A2B->ed5d81fa-aaf0-49db-aa57-acca1dd387bd: receive RaftClientReply:client-0C76110B8A2B->ed5d81fa-aaf0-49db-aa57-acca1dd387bd@group-729F0664FEA8, cid=2360, SUCCESS, logIndex=3366, commits[ed5d81fa-aaf0-49db-aa57-acca1dd387bd:c3367]
2019-09-10 22:12:12,241 [grpc-default-executor-1] INFO  client.GrpcClientProtocolClient (GrpcClientProtocolClient.java:onNext(255)) - client-0C76110B8A2B->ed5d81fa-aaf0-49db-aa57-acca1dd387bd: receive RaftClientReply:client-0C76110B8A2B->ed5d81fa-aaf0-49db-aa57-acca1dd387bd@group-729F0664FEA8, cid=2361, SUCCESS, logIndex=3369, commits[ed5d81fa-aaf0-49db-aa57-acca1dd387bd:c3372]
2019-09-10 22:12:12,241 [grpc-default-executor-1] INFO  client.GrpcClientProtocolClient (GrpcClientProtocolClient.java:onNext(255)) - client-0C76110B8A2B->ed5d81fa-aaf0-49db-aa57-acca1dd387bd: receive RaftClientReply:client-0C76110B8A2B->ed5d81fa-aaf0-49db-aa57-acca1dd387bd@group-729F0664FEA8, cid=2362, SUCCESS, logIndex=3370, commits[ed5d81fa-aaf0-49db-aa57-acca1dd387bd:c3373]
2019-09-10 22:12:12,242 [grpc-default-executor-1] INFO  client.GrpcClientProtocolClient (GrpcClientProtocolClient.java:onNext(255)) - client-0C76110B8A2B->ed5d81fa-aaf0-49db-aa57-acca1dd387bd: receive RaftClientReply:client-0C76110B8A2B->ed5d81fa-aaf0-49db-aa57-acca1dd387bd@group-729F0664FEA8, cid=2363, SUCCESS, logIndex=3371, commits[ed5d81fa-aaf0-49db-aa57-acca1dd387bd:c3373]
2019-09-10 22:12:12,242 [grpc-default-executor-1] INFO  client.GrpcClientProtocolClient (GrpcClientProtocolClient.java:onNext(255)) - client-0C76110B8A2B->ed5d81fa-aaf0-49db-aa57-acca1dd387bd: receive RaftClientReply:client-0C76110B8A2B->ed5d81fa-aaf0-49db-aa57-acca1dd387bd@group-729F0664FEA8, cid=2364, SUCCESS, logIndex=3372, commits[ed5d81fa-aaf0-49db-aa57-acca1dd387bd:c3373]
2019-09-10 22:12:12,260 [grpc-default-executor-0] INFO  client.GrpcClientProtocolClient (GrpcClientProtocolClient.java:onNext(255)) - client-0C76110B8A2B->ed5d81fa-aaf0-49db-aa57-acca1dd387bd: receive RaftClientReply:client-0C76110B8A2B->ed5d81fa-aaf0-49db-aa57-acca1dd387bd@group-729F0664FEA8, cid=2365, SUCCESS, logIndex=3374, commits[ed5d81fa-aaf0-49db-aa57-acca1dd387bd:c3377]
2019-09-10 22:12:12,261 [grpc-default-executor-0] INFO  client.GrpcClientProtocolClient (GrpcClientProtocolClient.java:onNext(255)) - client-0C76110B8A2B->ed5d81fa-aaf0-49db-aa57-acca1dd387bd: receive RaftClientReply:client-0C76110B8A2B->ed5d81fa-aaf0-49db-aa57-acca1dd387bd@group-729F0664FEA8, cid=2366, SUCCESS, logIndex=3375, commits[ed5d81fa-aaf0-49db-aa57-acca1dd387bd:c3377]
2019-09-10 22:12:12,261 [grpc-default-executor-0] INFO  client.GrpcClientProtocolClient (GrpcClientProtocolClient.java:onNext(255)) - client-0C76110B8A2B->ed5d81fa-aaf0-49db-aa57-acca1dd387bd: receive RaftClientReply:client-0C76110B8A2B->ed5d81fa-aaf0-49db-aa57-acca1dd387bd@group-729F0664FEA8, cid=2367, SUCCESS, logIndex=3376, commits[ed5d81fa-aaf0-49db-aa57-acca1dd387bd:c3377]
2019-09-10 22:12:12,262 [grpc-default-executor-0] INFO  client.GrpcClientProtocolClient (GrpcClientProtocolClient.java:onNext(255)) - client-0C76110B8A2B->ed5d81fa-aaf0-49db-aa57-acca1dd387bd: receive RaftClientReply:client-0C76110B8A2B->ed5d81fa-aaf0-49db-aa57-acca1dd387bd@group-729F0664FEA8, cid=2368, SUCCESS, logIndex=3377, commits[ed5d81fa-aaf0-49db-aa57-acca1dd387bd:c3377]
2019-09-10 22:12:12,276 [SCMBlockDeletingService#1] DEBUG block.SCMBlockDeletingService (SCMBlockDeletingService.java:call(138)) - Running DeletedBlockTransactionScanner
2019-09-10 22:12:12,276 [SCMBlockDeletingService#1] DEBUG block.SCMBlockDeletingService (SCMBlockDeletingService.java:call(155)) - Scanned deleted blocks log and got 0 delTX to process.
2019-09-10 22:12:12,287 [grpc-default-executor-1] INFO  client.GrpcClientProtocolClient (GrpcClientProtocolClient.java:onNext(255)) - client-0C76110B8A2B->ed5d81fa-aaf0-49db-aa57-acca1dd387bd: receive RaftClientReply:client-0C76110B8A2B->ed5d81fa-aaf0-49db-aa57-acca1dd387bd@group-729F0664FEA8, cid=2369, SUCCESS, logIndex=3379, commits[ed5d81fa-aaf0-49db-aa57-acca1dd387bd:c3380]
2019-09-10 22:12:12,288 [grpc-default-executor-1] INFO  client.GrpcClientProtocolClient (GrpcClientProtocolClient.java:onNext(255)) - client-0C76110B8A2B->ed5d81fa-aaf0-49db-aa57-acca1dd387bd: receive RaftClientReply:client-0C76110B8A2B->ed5d81fa-aaf0-49db-aa57-acca1dd387bd@group-729F0664FEA8, cid=2370, SUCCESS, logIndex=3380, commits[ed5d81fa-aaf0-49db-aa57-acca1dd387bd:c3380]
2019-09-10 22:12:12,288 [grpc-default-executor-1] INFO  client.GrpcClientProtocolClient (GrpcClientProtocolClient.java:onNext(255)) - client-0C76110B8A2B->ed5d81fa-aaf0-49db-aa57-acca1dd387bd: receive RaftClientReply:client-0C76110B8A2B->ed5d81fa-aaf0-49db-aa57-acca1dd387bd@group-729F0664FEA8, cid=2371, SUCCESS, logIndex=3381, commits[ed5d81fa-aaf0-49db-aa57-acca1dd387bd:c3382]
2019-09-10 22:12:12,288 [grpc-default-executor-1] INFO  client.GrpcClientProtocolClient (GrpcClientProtocolClient.java:onNext(255)) - client-0C76110B8A2B->ed5d81fa-aaf0-49db-aa57-acca1dd387bd: receive RaftClientReply:client-0C76110B8A2B->ed5d81fa-aaf0-49db-aa57-acca1dd387bd@group-729F0664FEA8, cid=2372, SUCCESS, logIndex=3382, commits[ed5d81fa-aaf0-49db-aa57-acca1dd387bd:c3382]
2019-09-10 22:12:12,308 [grpc-default-executor-0] INFO  client.GrpcClientProtocolClient (GrpcClientProtocolClient.java:onNext(255)) - client-0C76110B8A2B->ed5d81fa-aaf0-49db-aa57-acca1dd387bd: receive RaftClientReply:client-0C76110B8A2B->ed5d81fa-aaf0-49db-aa57-acca1dd387bd@group-729F0664FEA8, cid=2373, SUCCESS, logIndex=3385, commits[ed5d81fa-aaf0-49db-aa57-acca1dd387bd:c3386]
2019-09-10 22:12:12,308 [grpc-default-executor-0] INFO  client.GrpcClientProtocolClient (GrpcClientProtocolClient.java:onNext(255)) - client-0C76110B8A2B->ed5d81fa-aaf0-49db-aa57-acca1dd387bd: receive RaftClientReply:client-0C76110B8A2B->ed5d81fa-aaf0-49db-aa57-acca1dd387bd@group-729F0664FEA8, cid=2374, SUCCESS, logIndex=3386, commits[ed5d81fa-aaf0-49db-aa57-acca1dd387bd:c3388]
2019-09-10 22:12:12,308 [grpc-default-executor-0] INFO  client.GrpcClientProtocolClient (GrpcClientProtocolClient.java:onNext(255)) - client-0C76110B8A2B->ed5d81fa-aaf0-49db-aa57-acca1dd387bd: receive RaftClientReply:client-0C76110B8A2B->ed5d81fa-aaf0-49db-aa57-acca1dd387bd@group-729F0664FEA8, cid=2375, SUCCESS, logIndex=3387, commits[ed5d81fa-aaf0-49db-aa57-acca1dd387bd:c3389]
2019-09-10 22:12:12,309 [grpc-default-executor-0] INFO  client.GrpcClientProtocolClient (GrpcClientProtocolClient.java:onNext(255)) - client-0C76110B8A2B->ed5d81fa-aaf0-49db-aa57-acca1dd387bd: receive RaftClientReply:client-0C76110B8A2B->ed5d81fa-aaf0-49db-aa57-acca1dd387bd@group-729F0664FEA8, cid=2376, SUCCESS, logIndex=3388, commits[ed5d81fa-aaf0-49db-aa57-acca1dd387bd:c3389]
2019-09-10 22:12:12,333 [grpc-default-executor-1] INFO  client.GrpcClientProtocolClient (GrpcClientProtocolClient.java:onNext(255)) - client-0C76110B8A2B->ed5d81fa-aaf0-49db-aa57-acca1dd387bd: receive RaftClientReply:client-0C76110B8A2B->ed5d81fa-aaf0-49db-aa57-acca1dd387bd@group-729F0664FEA8, cid=2377, SUCCESS, logIndex=3391, commits[ed5d81fa-aaf0-49db-aa57-acca1dd387bd:c3392]
2019-09-10 22:12:12,333 [grpc-default-executor-1] INFO  client.GrpcClientProtocolClient (GrpcClientProtocolClient.java:onNext(255)) - client-0C76110B8A2B->ed5d81fa-aaf0-49db-aa57-acca1dd387bd: receive RaftClientReply:client-0C76110B8A2B->ed5d81fa-aaf0-49db-aa57-acca1dd387bd@group-729F0664FEA8, cid=2378, SUCCESS, logIndex=3392, commits[ed5d81fa-aaf0-49db-aa57-acca1dd387bd:c3392]
2019-09-10 22:12:12,336 [grpc-default-executor-1] INFO  client.GrpcClientProtocolClient (GrpcClientProtocolClient.java:onNext(255)) - client-0C76110B8A2B->ed5d81fa-aaf0-49db-aa57-acca1dd387bd: receive RaftClientReply:client-0C76110B8A2B->ed5d81fa-aaf0-49db-aa57-acca1dd387bd@group-729F0664FEA8, cid=2379, SUCCESS, logIndex=3393, commits[ed5d81fa-aaf0-49db-aa57-acca1dd387bd:c3395]
2019-09-10 22:12:12,336 [grpc-default-executor-1] INFO  client.GrpcClientProtocolClient (GrpcClientProtocolClient.java:onNext(255)) - client-0C76110B8A2B->ed5d81fa-aaf0-49db-aa57-acca1dd387bd: receive RaftClientReply:client-0C76110B8A2B->ed5d81fa-aaf0-49db-aa57-acca1dd387bd@group-729F0664FEA8, cid=2380, SUCCESS, logIndex=3394, commits[ed5d81fa-aaf0-49db-aa57-acca1dd387bd:c3395]
2019-09-10 22:12:12,354 [grpc-default-executor-1] INFO  client.GrpcClientProtocolClient (GrpcClientProtocolClient.java:onNext(255)) - client-0C76110B8A2B->ed5d81fa-aaf0-49db-aa57-acca1dd387bd: receive RaftClientReply:client-0C76110B8A2B->ed5d81fa-aaf0-49db-aa57-acca1dd387bd@group-729F0664FEA8, cid=2381, SUCCESS, logIndex=3396, commits[ed5d81fa-aaf0-49db-aa57-acca1dd387bd:c3399]
2019-09-10 22:12:12,354 [grpc-default-executor-1] INFO  client.GrpcClientProtocolClient (GrpcClientProtocolClient.java:onNext(255)) - client-0C76110B8A2B->ed5d81fa-aaf0-49db-aa57-acca1dd387bd: receive RaftClientReply:client-0C76110B8A2B->ed5d81fa-aaf0-49db-aa57-acca1dd387bd@group-729F0664FEA8, cid=2382, SUCCESS, logIndex=3397, commits[ed5d81fa-aaf0-49db-aa57-acca1dd387bd:c3400]
2019-09-10 22:12:12,354 [grpc-default-executor-1] INFO  client.GrpcClientProtocolClient (GrpcClientProtocolClient.java:onNext(255)) - client-0C76110B8A2B->ed5d81fa-aaf0-49db-aa57-acca1dd387bd: receive RaftClientReply:client-0C76110B8A2B->ed5d81fa-aaf0-49db-aa57-acca1dd387bd@group-729F0664FEA8, cid=2383, SUCCESS, logIndex=3398, commits[ed5d81fa-aaf0-49db-aa57-acca1dd387bd:c3400]
2019-09-10 22:12:12,354 [grpc-default-executor-1] INFO  client.GrpcClientProtocolClient (GrpcClientProtocolClient.java:onNext(255)) - client-0C76110B8A2B->ed5d81fa-aaf0-49db-aa57-acca1dd387bd: receive RaftClientReply:client-0C76110B8A2B->ed5d81fa-aaf0-49db-aa57-acca1dd387bd@group-729F0664FEA8, cid=2384, SUCCESS, logIndex=3399, commits[ed5d81fa-aaf0-49db-aa57-acca1dd387bd:c3400]
2019-09-10 22:12:12,368 [grpc-default-executor-0] INFO  client.GrpcClientProtocolClient (GrpcClientProtocolClient.java:onNext(255)) - client-0C76110B8A2B->ed5d81fa-aaf0-49db-aa57-acca1dd387bd: receive RaftClientReply:client-0C76110B8A2B->ed5d81fa-aaf0-49db-aa57-acca1dd387bd@group-729F0664FEA8, cid=2385, SUCCESS, logIndex=3401, commits[ed5d81fa-aaf0-49db-aa57-acca1dd387bd:c3402]
2019-09-10 22:12:12,368 [grpc-default-executor-0] INFO  client.GrpcClientProtocolClient (GrpcClientProtocolClient.java:onNext(255)) - client-0C76110B8A2B->ed5d81fa-aaf0-49db-aa57-acca1dd387bd: receive RaftClientReply:client-0C76110B8A2B->ed5d81fa-aaf0-49db-aa57-acca1dd387bd@group-729F0664FEA8, cid=2386, SUCCESS, logIndex=3402, commits[ed5d81fa-aaf0-49db-aa57-acca1dd387bd:c3403]
2019-09-10 22:12:12,376 [SCMBlockDeletingService#1] DEBUG block.SCMBlockDeletingService (SCMBlockDeletingService.java:call(138)) - Running DeletedBlockTransactionScanner
2019-09-10 22:12:12,376 [SCMBlockDeletingService#1] DEBUG block.SCMBlockDeletingService (SCMBlockDeletingService.java:call(155)) - Scanned deleted blocks log and got 0 delTX to process.
2019-09-10 22:12:12,471 [grpc-default-executor-1] INFO  client.GrpcClientProtocolClient (GrpcClientProtocolClient.java:onNext(255)) - client-0C76110B8A2B->ed5d81fa-aaf0-49db-aa57-acca1dd387bd: receive RaftClientReply:client-0C76110B8A2B->ed5d81fa-aaf0-49db-aa57-acca1dd387bd@group-729F0664FEA8, cid=2387, SUCCESS, logIndex=3404, commits[ed5d81fa-aaf0-49db-aa57-acca1dd387bd:c3405]
2019-09-10 22:12:12,471 [grpc-default-executor-1] INFO  client.GrpcClientProtocolClient (GrpcClientProtocolClient.java:onNext(255)) - client-0C76110B8A2B->ed5d81fa-aaf0-49db-aa57-acca1dd387bd: receive RaftClientReply:client-0C76110B8A2B->ed5d81fa-aaf0-49db-aa57-acca1dd387bd@group-729F0664FEA8, cid=2388, SUCCESS, logIndex=3405, commits[ed5d81fa-aaf0-49db-aa57-acca1dd387bd:c3406]
2019-09-10 22:12:12,552 [SCMBlockDeletingService#1] DEBUG block.SCMBlockDeletingService (SCMBlockDeletingService.java:call(138)) - Running DeletedBlockTransactionScanner
2019-09-10 22:12:12,553 [SCMBlockDeletingService#1] DEBUG block.SCMBlockDeletingService (SCMBlockDeletingService.java:call(155)) - Scanned deleted blocks log and got 0 delTX to process.
2019-09-10 22:12:12,570 [grpc-default-executor-1] INFO  client.GrpcClientProtocolClient (GrpcClientProtocolClient.java:onNext(255)) - client-0C76110B8A2B->ed5d81fa-aaf0-49db-aa57-acca1dd387bd: receive RaftClientReply:client-0C76110B8A2B->ed5d81fa-aaf0-49db-aa57-acca1dd387bd@group-729F0664FEA8, cid=2389, SUCCESS, logIndex=3407, commits[ed5d81fa-aaf0-49db-aa57-acca1dd387bd:c3410]
2019-09-10 22:12:12,570 [grpc-default-executor-1] INFO  client.GrpcClientProtocolClient (GrpcClientProtocolClient.java:onNext(255)) - client-0C76110B8A2B->ed5d81fa-aaf0-49db-aa57-acca1dd387bd: receive RaftClientReply:client-0C76110B8A2B->ed5d81fa-aaf0-49db-aa57-acca1dd387bd@group-729F0664FEA8, cid=2390, SUCCESS, logIndex=3408, commits[ed5d81fa-aaf0-49db-aa57-acca1dd387bd:c3411]
2019-09-10 22:12:12,571 [grpc-default-executor-1] INFO  client.GrpcClientProtocolClient (GrpcClientProtocolClient.java:onNext(255)) - client-0C76110B8A2B->ed5d81fa-aaf0-49db-aa57-acca1dd387bd: receive RaftClientReply:client-0C76110B8A2B->ed5d81fa-aaf0-49db-aa57-acca1dd387bd@group-729F0664FEA8, cid=2391, SUCCESS, logIndex=3409, commits[ed5d81fa-aaf0-49db-aa57-acca1dd387bd:c3411]
2019-09-10 22:12:12,571 [grpc-default-executor-1] INFO  client.GrpcClientProtocolClient (GrpcClientProtocolClient.java:onNext(255)) - client-0C76110B8A2B->ed5d81fa-aaf0-49db-aa57-acca1dd387bd: receive RaftClientReply:client-0C76110B8A2B->ed5d81fa-aaf0-49db-aa57-acca1dd387bd@group-729F0664FEA8, cid=2392, SUCCESS, logIndex=3410, commits[ed5d81fa-aaf0-49db-aa57-acca1dd387bd:c3411]
2019-09-10 22:12:12,600 [grpc-default-executor-1] INFO  client.GrpcClientProtocolClient (GrpcClientProtocolClient.java:onNext(255)) - client-0C76110B8A2B->ed5d81fa-aaf0-49db-aa57-acca1dd387bd: receive RaftClientReply:client-0C76110B8A2B->ed5d81fa-aaf0-49db-aa57-acca1dd387bd@group-729F0664FEA8, cid=2393, SUCCESS, logIndex=3412, commits[ed5d81fa-aaf0-49db-aa57-acca1dd387bd:c3415]
2019-09-10 22:12:12,601 [grpc-default-executor-1] INFO  client.GrpcClientProtocolClient (GrpcClientProtocolClient.java:onNext(255)) - client-0C76110B8A2B->ed5d81fa-aaf0-49db-aa57-acca1dd387bd: receive RaftClientReply:client-0C76110B8A2B->ed5d81fa-aaf0-49db-aa57-acca1dd387bd@group-729F0664FEA8, cid=2394, SUCCESS, logIndex=3413, commits[ed5d81fa-aaf0-49db-aa57-acca1dd387bd:c3415]
2019-09-10 22:12:12,601 [grpc-default-executor-1] INFO  client.GrpcClientProtocolClient (GrpcClientProtocolClient.java:onNext(255)) - client-0C76110B8A2B->ed5d81fa-aaf0-49db-aa57-acca1dd387bd: receive RaftClientReply:client-0C76110B8A2B->ed5d81fa-aaf0-49db-aa57-acca1dd387bd@group-729F0664FEA8, cid=2395, SUCCESS, logIndex=3414, commits[ed5d81fa-aaf0-49db-aa57-acca1dd387bd:c3416]
2019-09-10 22:12:12,601 [grpc-default-executor-1] INFO  client.GrpcClientProtocolClient (GrpcClientProtocolClient.java:onNext(255)) - client-0C76110B8A2B->ed5d81fa-aaf0-49db-aa57-acca1dd387bd: receive RaftClientReply:client-0C76110B8A2B->ed5d81fa-aaf0-49db-aa57-acca1dd387bd@group-729F0664FEA8, cid=2396, SUCCESS, logIndex=3415, commits[ed5d81fa-aaf0-49db-aa57-acca1dd387bd:c3416]
2019-09-10 22:12:12,618 [grpc-default-executor-0] INFO  client.GrpcClientProtocolClient (GrpcClientProtocolClient.java:onNext(255)) - client-0C76110B8A2B->ed5d81fa-aaf0-49db-aa57-acca1dd387bd: receive RaftClientReply:client-0C76110B8A2B->ed5d81fa-aaf0-49db-aa57-acca1dd387bd@group-729F0664FEA8, cid=2397, SUCCESS, logIndex=3417, commits[ed5d81fa-aaf0-49db-aa57-acca1dd387bd:c3418]
2019-09-10 22:12:12,618 [grpc-default-executor-0] INFO  client.GrpcClientProtocolClient (GrpcClientProtocolClient.java:onNext(255)) - client-0C76110B8A2B->ed5d81fa-aaf0-49db-aa57-acca1dd387bd: receive RaftClientReply:client-0C76110B8A2B->ed5d81fa-aaf0-49db-aa57-acca1dd387bd@group-729F0664FEA8, cid=2398, SUCCESS, logIndex=3418, commits[ed5d81fa-aaf0-49db-aa57-acca1dd387bd:c3420]
2019-09-10 22:12:12,619 [grpc-default-executor-0] INFO  client.GrpcClientProtocolClient (GrpcClientProtocolClient.java:onNext(255)) - client-0C76110B8A2B->ed5d81fa-aaf0-49db-aa57-acca1dd387bd: receive RaftClientReply:client-0C76110B8A2B->ed5d81fa-aaf0-49db-aa57-acca1dd387bd@group-729F0664FEA8, cid=2399, SUCCESS, logIndex=3419, commits[ed5d81fa-aaf0-49db-aa57-acca1dd387bd:c3421]
2019-09-10 22:12:12,619 [grpc-default-executor-0] INFO  client.GrpcClientProtocolClient (GrpcClientProtocolClient.java:onNext(255)) - client-0C76110B8A2B->ed5d81fa-aaf0-49db-aa57-acca1dd387bd: receive RaftClientReply:client-0C76110B8A2B->ed5d81fa-aaf0-49db-aa57-acca1dd387bd@group-729F0664FEA8, cid=2400, SUCCESS, logIndex=3420, commits[ed5d81fa-aaf0-49db-aa57-acca1dd387bd:c3421]
2019-09-10 22:12:12,647 [grpc-default-executor-0] INFO  client.GrpcClientProtocolClient (GrpcClientProtocolClient.java:onNext(255)) - client-0C76110B8A2B->ed5d81fa-aaf0-49db-aa57-acca1dd387bd: receive RaftClientReply:client-0C76110B8A2B->ed5d81fa-aaf0-49db-aa57-acca1dd387bd@group-729F0664FEA8, cid=2401, SUCCESS, logIndex=3423, commits[ed5d81fa-aaf0-49db-aa57-acca1dd387bd:c3426]
2019-09-10 22:12:12,647 [grpc-default-executor-0] INFO  client.GrpcClientProtocolClient (GrpcClientProtocolClient.java:onNext(255)) - client-0C76110B8A2B->ed5d81fa-aaf0-49db-aa57-acca1dd387bd: receive RaftClientReply:client-0C76110B8A2B->ed5d81fa-aaf0-49db-aa57-acca1dd387bd@group-729F0664FEA8, cid=2402, SUCCESS, logIndex=3424, commits[ed5d81fa-aaf0-49db-aa57-acca1dd387bd:c3427]
2019-09-10 22:12:12,647 [grpc-default-executor-0] INFO  client.GrpcClientProtocolClient (GrpcClientProtocolClient.java:onNext(255)) - client-0C76110B8A2B->ed5d81fa-aaf0-49db-aa57-acca1dd387bd: receive RaftClientReply:client-0C76110B8A2B->ed5d81fa-aaf0-49db-aa57-acca1dd387bd@group-729F0664FEA8, cid=2403, SUCCESS, logIndex=3425, commits[ed5d81fa-aaf0-49db-aa57-acca1dd387bd:c3427]
2019-09-10 22:12:12,648 [grpc-default-executor-0] INFO  client.GrpcClientProtocolClient (GrpcClientProtocolClient.java:onNext(255)) - client-0C76110B8A2B->ed5d81fa-aaf0-49db-aa57-acca1dd387bd: receive RaftClientReply:client-0C76110B8A2B->ed5d81fa-aaf0-49db-aa57-acca1dd387bd@group-729F0664FEA8, cid=2404, SUCCESS, logIndex=3426, commits[ed5d81fa-aaf0-49db-aa57-acca1dd387bd:c3427]
2019-09-10 22:12:12,653 [SCMBlockDeletingService#1] DEBUG block.SCMBlockDeletingService (SCMBlockDeletingService.java:call(138)) - Running DeletedBlockTransactionScanner
2019-09-10 22:12:12,653 [SCMBlockDeletingService#1] DEBUG block.SCMBlockDeletingService (SCMBlockDeletingService.java:call(155)) - Scanned deleted blocks log and got 0 delTX to process.
2019-09-10 22:12:12,671 [grpc-default-executor-0] INFO  client.GrpcClientProtocolClient (GrpcClientProtocolClient.java:onNext(255)) - client-0C76110B8A2B->ed5d81fa-aaf0-49db-aa57-acca1dd387bd: receive RaftClientReply:client-0C76110B8A2B->ed5d81fa-aaf0-49db-aa57-acca1dd387bd@group-729F0664FEA8, cid=2405, SUCCESS, logIndex=3428, commits[ed5d81fa-aaf0-49db-aa57-acca1dd387bd:c3431]
2019-09-10 22:12:12,671 [grpc-default-executor-0] INFO  client.GrpcClientProtocolClient (GrpcClientProtocolClient.java:onNext(255)) - client-0C76110B8A2B->ed5d81fa-aaf0-49db-aa57-acca1dd387bd: receive RaftClientReply:client-0C76110B8A2B->ed5d81fa-aaf0-49db-aa57-acca1dd387bd@group-729F0664FEA8, cid=2406, SUCCESS, logIndex=3429, commits[ed5d81fa-aaf0-49db-aa57-acca1dd387bd:c3431]
2019-09-10 22:12:12,672 [grpc-default-executor-0] INFO  client.GrpcClientProtocolClient (GrpcClientProtocolClient.java:onNext(255)) - client-0C76110B8A2B->ed5d81fa-aaf0-49db-aa57-acca1dd387bd: receive RaftClientReply:client-0C76110B8A2B->ed5d81fa-aaf0-49db-aa57-acca1dd387bd@group-729F0664FEA8, cid=2407, SUCCESS, logIndex=3430, commits[ed5d81fa-aaf0-49db-aa57-acca1dd387bd:c3431]
2019-09-10 22:12:12,672 [grpc-default-executor-0] INFO  client.GrpcClientProtocolClient (GrpcClientProtocolClient.java:onNext(255)) - client-0C76110B8A2B->ed5d81fa-aaf0-49db-aa57-acca1dd387bd: receive RaftClientReply:client-0C76110B8A2B->ed5d81fa-aaf0-49db-aa57-acca1dd387bd@group-729F0664FEA8, cid=2408, SUCCESS, logIndex=3431, commits[ed5d81fa-aaf0-49db-aa57-acca1dd387bd:c3431]
2019-09-10 22:12:12,698 [grpc-default-executor-0] INFO  client.GrpcClientProtocolClient (GrpcClientProtocolClient.java:onNext(255)) - client-0C76110B8A2B->ed5d81fa-aaf0-49db-aa57-acca1dd387bd: receive RaftClientReply:client-0C76110B8A2B->ed5d81fa-aaf0-49db-aa57-acca1dd387bd@group-729F0664FEA8, cid=2409, SUCCESS, logIndex=3433, commits[ed5d81fa-aaf0-49db-aa57-acca1dd387bd:c3436]
2019-09-10 22:12:12,699 [grpc-default-executor-0] INFO  client.GrpcClientProtocolClient (GrpcClientProtocolClient.java:onNext(255)) - client-0C76110B8A2B->ed5d81fa-aaf0-49db-aa57-acca1dd387bd: receive RaftClientReply:client-0C76110B8A2B->ed5d81fa-aaf0-49db-aa57-acca1dd387bd@group-729F0664FEA8, cid=2410, SUCCESS, logIndex=3434, commits[ed5d81fa-aaf0-49db-aa57-acca1dd387bd:c3436]
2019-09-10 22:12:12,699 [grpc-default-executor-0] INFO  client.GrpcClientProtocolClient (GrpcClientProtocolClient.java:onNext(255)) - client-0C76110B8A2B->ed5d81fa-aaf0-49db-aa57-acca1dd387bd: receive RaftClientReply:client-0C76110B8A2B->ed5d81fa-aaf0-49db-aa57-acca1dd387bd@group-729F0664FEA8, cid=2411, SUCCESS, logIndex=3435, commits[ed5d81fa-aaf0-49db-aa57-acca1dd387bd:c3437]
2019-09-10 22:12:12,699 [grpc-default-executor-0] INFO  client.GrpcClientProtocolClient (GrpcClientProtocolClient.java:onNext(255)) - client-0C76110B8A2B->ed5d81fa-aaf0-49db-aa57-acca1dd387bd: receive RaftClientReply:client-0C76110B8A2B->ed5d81fa-aaf0-49db-aa57-acca1dd387bd@group-729F0664FEA8, cid=2412, SUCCESS, logIndex=3436, commits[ed5d81fa-aaf0-49db-aa57-acca1dd387bd:c3437]
2019-09-10 22:12:12,719 [grpc-default-executor-0] INFO  client.GrpcClientProtocolClient (GrpcClientProtocolClient.java:onNext(255)) - client-0C76110B8A2B->ed5d81fa-aaf0-49db-aa57-acca1dd387bd: receive RaftClientReply:client-0C76110B8A2B->ed5d81fa-aaf0-49db-aa57-acca1dd387bd@group-729F0664FEA8, cid=2413, SUCCESS, logIndex=3439, commits[ed5d81fa-aaf0-49db-aa57-acca1dd387bd:c3442]
2019-09-10 22:12:12,719 [grpc-default-executor-0] INFO  client.GrpcClientProtocolClient (GrpcClientProtocolClient.java:onNext(255)) - client-0C76110B8A2B->ed5d81fa-aaf0-49db-aa57-acca1dd387bd: receive RaftClientReply:client-0C76110B8A2B->ed5d81fa-aaf0-49db-aa57-acca1dd387bd@group-729F0664FEA8, cid=2414, SUCCESS, logIndex=3440, commits[ed5d81fa-aaf0-49db-aa57-acca1dd387bd:c3442]
2019-09-10 22:12:12,720 [grpc-default-executor-0] INFO  client.GrpcClientProtocolClient (GrpcClientProtocolClient.java:onNext(255)) - client-0C76110B8A2B->ed5d81fa-aaf0-49db-aa57-acca1dd387bd: receive RaftClientReply:client-0C76110B8A2B->ed5d81fa-aaf0-49db-aa57-acca1dd387bd@group-729F0664FEA8, cid=2415, SUCCESS, logIndex=3441, commits[ed5d81fa-aaf0-49db-aa57-acca1dd387bd:c3442]
2019-09-10 22:12:12,720 [grpc-default-executor-0] INFO  client.GrpcClientProtocolClient (GrpcClientProtocolClient.java:onNext(255)) - client-0C76110B8A2B->ed5d81fa-aaf0-49db-aa57-acca1dd387bd: receive RaftClientReply:client-0C76110B8A2B->ed5d81fa-aaf0-49db-aa57-acca1dd387bd@group-729F0664FEA8, cid=2416, SUCCESS, logIndex=3442, commits[ed5d81fa-aaf0-49db-aa57-acca1dd387bd:c3442]
2019-09-10 22:12:12,753 [SCMBlockDeletingService#1] DEBUG block.SCMBlockDeletingService (SCMBlockDeletingService.java:call(138)) - Running DeletedBlockTransactionScanner
2019-09-10 22:12:12,754 [SCMBlockDeletingService#1] DEBUG block.SCMBlockDeletingService (SCMBlockDeletingService.java:call(155)) - Scanned deleted blocks log and got 0 delTX to process.
2019-09-10 22:12:12,754 [grpc-default-executor-1] INFO  client.GrpcClientProtocolClient (GrpcClientProtocolClient.java:onNext(255)) - client-0C76110B8A2B->ed5d81fa-aaf0-49db-aa57-acca1dd387bd: receive RaftClientReply:client-0C76110B8A2B->ed5d81fa-aaf0-49db-aa57-acca1dd387bd@group-729F0664FEA8, cid=2417, SUCCESS, logIndex=3444, commits[ed5d81fa-aaf0-49db-aa57-acca1dd387bd:c3447]
2019-09-10 22:12:12,754 [grpc-default-executor-1] INFO  client.GrpcClientProtocolClient (GrpcClientProtocolClient.java:onNext(255)) - client-0C76110B8A2B->ed5d81fa-aaf0-49db-aa57-acca1dd387bd: receive RaftClientReply:client-0C76110B8A2B->ed5d81fa-aaf0-49db-aa57-acca1dd387bd@group-729F0664FEA8, cid=2418, SUCCESS, logIndex=3445, commits[ed5d81fa-aaf0-49db-aa57-acca1dd387bd:c3447]
2019-09-10 22:12:12,755 [grpc-default-executor-1] INFO  client.GrpcClientProtocolClient (GrpcClientProtocolClient.java:onNext(255)) - client-0C76110B8A2B->ed5d81fa-aaf0-49db-aa57-acca1dd387bd: receive RaftClientReply:client-0C76110B8A2B->ed5d81fa-aaf0-49db-aa57-acca1dd387bd@group-729F0664FEA8, cid=2419, SUCCESS, logIndex=3446, commits[ed5d81fa-aaf0-49db-aa57-acca1dd387bd:c3448]
2019-09-10 22:12:12,755 [grpc-default-executor-1] INFO  client.GrpcClientProtocolClient (GrpcClientProtocolClient.java:onNext(255)) - client-0C76110B8A2B->ed5d81fa-aaf0-49db-aa57-acca1dd387bd: receive RaftClientReply:client-0C76110B8A2B->ed5d81fa-aaf0-49db-aa57-acca1dd387bd@group-729F0664FEA8, cid=2420, SUCCESS, logIndex=3447, commits[ed5d81fa-aaf0-49db-aa57-acca1dd387bd:c3448]
2019-09-10 22:12:12,773 [grpc-default-executor-1] INFO  client.GrpcClientProtocolClient (GrpcClientProtocolClient.java:onNext(255)) - client-0C76110B8A2B->ed5d81fa-aaf0-49db-aa57-acca1dd387bd: receive RaftClientReply:client-0C76110B8A2B->ed5d81fa-aaf0-49db-aa57-acca1dd387bd@group-729F0664FEA8, cid=2421, SUCCESS, logIndex=3449, commits[ed5d81fa-aaf0-49db-aa57-acca1dd387bd:c3450]
2019-09-10 22:12:12,773 [grpc-default-executor-1] INFO  client.GrpcClientProtocolClient (GrpcClientProtocolClient.java:onNext(255)) - client-0C76110B8A2B->ed5d81fa-aaf0-49db-aa57-acca1dd387bd: receive RaftClientReply:client-0C76110B8A2B->ed5d81fa-aaf0-49db-aa57-acca1dd387bd@group-729F0664FEA8, cid=2422, SUCCESS, logIndex=3450, commits[ed5d81fa-aaf0-49db-aa57-acca1dd387bd:c3452]
2019-09-10 22:12:12,773 [grpc-default-executor-1] INFO  client.GrpcClientProtocolClient (GrpcClientProtocolClient.java:onNext(255)) - client-0C76110B8A2B->ed5d81fa-aaf0-49db-aa57-acca1dd387bd: receive RaftClientReply:client-0C76110B8A2B->ed5d81fa-aaf0-49db-aa57-acca1dd387bd@group-729F0664FEA8, cid=2423, SUCCESS, logIndex=3451, commits[ed5d81fa-aaf0-49db-aa57-acca1dd387bd:c3452]
2019-09-10 22:12:12,773 [grpc-default-executor-1] INFO  client.GrpcClientProtocolClient (GrpcClientProtocolClient.java:onNext(255)) - client-0C76110B8A2B->ed5d81fa-aaf0-49db-aa57-acca1dd387bd: receive RaftClientReply:client-0C76110B8A2B->ed5d81fa-aaf0-49db-aa57-acca1dd387bd@group-729F0664FEA8, cid=2424, SUCCESS, logIndex=3452, commits[ed5d81fa-aaf0-49db-aa57-acca1dd387bd:c3453]
2019-09-10 22:12:12,797 [grpc-default-executor-1] INFO  client.GrpcClientProtocolClient (GrpcClientProtocolClient.java:onNext(255)) - client-0C76110B8A2B->ed5d81fa-aaf0-49db-aa57-acca1dd387bd: receive RaftClientReply:client-0C76110B8A2B->ed5d81fa-aaf0-49db-aa57-acca1dd387bd@group-729F0664FEA8, cid=2425, SUCCESS, logIndex=3455, commits[ed5d81fa-aaf0-49db-aa57-acca1dd387bd:c3456]
2019-09-10 22:12:12,797 [grpc-default-executor-1] INFO  client.GrpcClientProtocolClient (GrpcClientProtocolClient.java:onNext(255)) - client-0C76110B8A2B->ed5d81fa-aaf0-49db-aa57-acca1dd387bd: receive RaftClientReply:client-0C76110B8A2B->ed5d81fa-aaf0-49db-aa57-acca1dd387bd@group-729F0664FEA8, cid=2426, SUCCESS, logIndex=3456, commits[ed5d81fa-aaf0-49db-aa57-acca1dd387bd:c3456]
2019-09-10 22:12:12,798 [grpc-default-executor-1] INFO  client.GrpcClientProtocolClient (GrpcClientProtocolClient.java:onNext(255)) - client-0C76110B8A2B->ed5d81fa-aaf0-49db-aa57-acca1dd387bd: receive RaftClientReply:client-0C76110B8A2B->ed5d81fa-aaf0-49db-aa57-acca1dd387bd@group-729F0664FEA8, cid=2427, SUCCESS, logIndex=3457, commits[ed5d81fa-aaf0-49db-aa57-acca1dd387bd:c3458]
2019-09-10 22:12:12,798 [grpc-default-executor-1] INFO  client.GrpcClientProtocolClient (GrpcClientProtocolClient.java:onNext(255)) - client-0C76110B8A2B->ed5d81fa-aaf0-49db-aa57-acca1dd387bd: receive RaftClientReply:client-0C76110B8A2B->ed5d81fa-aaf0-49db-aa57-acca1dd387bd@group-729F0664FEA8, cid=2428, SUCCESS, logIndex=3458, commits[ed5d81fa-aaf0-49db-aa57-acca1dd387bd:c3458]
2019-09-10 22:12:12,816 [grpc-default-executor-0] INFO  client.GrpcClientProtocolClient (GrpcClientProtocolClient.java:onNext(255)) - client-0C76110B8A2B->ed5d81fa-aaf0-49db-aa57-acca1dd387bd: receive RaftClientReply:client-0C76110B8A2B->ed5d81fa-aaf0-49db-aa57-acca1dd387bd@group-729F0664FEA8, cid=2429, SUCCESS, logIndex=3461, commits[ed5d81fa-aaf0-49db-aa57-acca1dd387bd:c3462]
2019-09-10 22:12:12,816 [grpc-default-executor-0] INFO  client.GrpcClientProtocolClient (GrpcClientProtocolClient.java:onNext(255)) - client-0C76110B8A2B->ed5d81fa-aaf0-49db-aa57-acca1dd387bd: receive RaftClientReply:client-0C76110B8A2B->ed5d81fa-aaf0-49db-aa57-acca1dd387bd@group-729F0664FEA8, cid=2430, SUCCESS, logIndex=3462, commits[ed5d81fa-aaf0-49db-aa57-acca1dd387bd:c3463]
2019-09-10 22:12:12,854 [SCMBlockDeletingService#1] DEBUG block.SCMBlockDeletingService (SCMBlockDeletingService.java:call(138)) - Running DeletedBlockTransactionScanner
2019-09-10 22:12:12,854 [SCMBlockDeletingService#1] DEBUG block.SCMBlockDeletingService (SCMBlockDeletingService.java:call(155)) - Scanned deleted blocks log and got 0 delTX to process.
2019-09-10 22:12:12,900 [grpc-default-executor-1] INFO  client.GrpcClientProtocolClient (GrpcClientProtocolClient.java:onNext(255)) - client-0C76110B8A2B->ed5d81fa-aaf0-49db-aa57-acca1dd387bd: receive RaftClientReply:client-0C76110B8A2B->ed5d81fa-aaf0-49db-aa57-acca1dd387bd@group-729F0664FEA8, cid=2431, SUCCESS, logIndex=3464, commits[ed5d81fa-aaf0-49db-aa57-acca1dd387bd:c3465]
2019-09-10 22:12:12,901 [grpc-default-executor-1] INFO  client.GrpcClientProtocolClient (GrpcClientProtocolClient.java:onNext(255)) - client-0C76110B8A2B->ed5d81fa-aaf0-49db-aa57-acca1dd387bd: receive RaftClientReply:client-0C76110B8A2B->ed5d81fa-aaf0-49db-aa57-acca1dd387bd@group-729F0664FEA8, cid=2432, SUCCESS, logIndex=3465, commits[ed5d81fa-aaf0-49db-aa57-acca1dd387bd:c3466]
2019-09-10 22:12:12,938 [grpc-default-executor-1] INFO  client.GrpcClientProtocolClient (GrpcClientProtocolClient.java:onNext(255)) - client-0C76110B8A2B->ed5d81fa-aaf0-49db-aa57-acca1dd387bd: receive RaftClientReply:client-0C76110B8A2B->ed5d81fa-aaf0-49db-aa57-acca1dd387bd@group-729F0664FEA8, cid=2433, SUCCESS, logIndex=3467, commits[ed5d81fa-aaf0-49db-aa57-acca1dd387bd:c3470]
2019-09-10 22:12:12,939 [grpc-default-executor-1] INFO  client.GrpcClientProtocolClient (GrpcClientProtocolClient.java:onNext(255)) - client-0C76110B8A2B->ed5d81fa-aaf0-49db-aa57-acca1dd387bd: receive RaftClientReply:client-0C76110B8A2B->ed5d81fa-aaf0-49db-aa57-acca1dd387bd@group-729F0664FEA8, cid=2434, SUCCESS, logIndex=3468, commits[ed5d81fa-aaf0-49db-aa57-acca1dd387bd:c3471]
2019-09-10 22:12:12,939 [grpc-default-executor-1] INFO  client.GrpcClientProtocolClient (GrpcClientProtocolClient.java:onNext(255)) - client-0C76110B8A2B->ed5d81fa-aaf0-49db-aa57-acca1dd387bd: receive RaftClientReply:client-0C76110B8A2B->ed5d81fa-aaf0-49db-aa57-acca1dd387bd@group-729F0664FEA8, cid=2435, SUCCESS, logIndex=3469, commits[ed5d81fa-aaf0-49db-aa57-acca1dd387bd:c3471]
2019-09-10 22:12:12,939 [grpc-default-executor-1] INFO  client.GrpcClientProtocolClient (GrpcClientProtocolClient.java:onNext(255)) - client-0C76110B8A2B->ed5d81fa-aaf0-49db-aa57-acca1dd387bd: receive RaftClientReply:client-0C76110B8A2B->ed5d81fa-aaf0-49db-aa57-acca1dd387bd@group-729F0664FEA8, cid=2436, SUCCESS, logIndex=3470, commits[ed5d81fa-aaf0-49db-aa57-acca1dd387bd:c3471]
2019-09-10 22:12:12,954 [SCMBlockDeletingService#0] DEBUG block.SCMBlockDeletingService (SCMBlockDeletingService.java:call(138)) - Running DeletedBlockTransactionScanner
2019-09-10 22:12:12,955 [SCMBlockDeletingService#0] DEBUG block.SCMBlockDeletingService (SCMBlockDeletingService.java:call(155)) - Scanned deleted blocks log and got 0 delTX to process.
2019-09-10 22:12:12,961 [grpc-default-executor-0] INFO  client.GrpcClientProtocolClient (GrpcClientProtocolClient.java:onNext(255)) - client-0C76110B8A2B->ed5d81fa-aaf0-49db-aa57-acca1dd387bd: receive RaftClientReply:client-0C76110B8A2B->ed5d81fa-aaf0-49db-aa57-acca1dd387bd@group-729F0664FEA8, cid=2437, SUCCESS, logIndex=3472, commits[ed5d81fa-aaf0-49db-aa57-acca1dd387bd:c3475]
2019-09-10 22:12:12,962 [grpc-default-executor-0] INFO  client.GrpcClientProtocolClient (GrpcClientProtocolClient.java:onNext(255)) - client-0C76110B8A2B->ed5d81fa-aaf0-49db-aa57-acca1dd387bd: receive RaftClientReply:client-0C76110B8A2B->ed5d81fa-aaf0-49db-aa57-acca1dd387bd@group-729F0664FEA8, cid=2438, SUCCESS, logIndex=3473, commits[ed5d81fa-aaf0-49db-aa57-acca1dd387bd:c3476]
2019-09-10 22:12:12,962 [grpc-default-executor-0] INFO  client.GrpcClientProtocolClient (GrpcClientProtocolClient.java:onNext(255)) - client-0C76110B8A2B->ed5d81fa-aaf0-49db-aa57-acca1dd387bd: receive RaftClientReply:client-0C76110B8A2B->ed5d81fa-aaf0-49db-aa57-acca1dd387bd@group-729F0664FEA8, cid=2439, SUCCESS, logIndex=3474, commits[ed5d81fa-aaf0-49db-aa57-acca1dd387bd:c3476]
2019-09-10 22:12:12,962 [grpc-default-executor-0] INFO  client.GrpcClientProtocolClient (GrpcClientProtocolClient.java:onNext(255)) - client-0C76110B8A2B->ed5d81fa-aaf0-49db-aa57-acca1dd387bd: receive RaftClientReply:client-0C76110B8A2B->ed5d81fa-aaf0-49db-aa57-acca1dd387bd@group-729F0664FEA8, cid=2440, SUCCESS, logIndex=3475, commits[ed5d81fa-aaf0-49db-aa57-acca1dd387bd:c3476]
2019-09-10 22:12:12,991 [grpc-default-executor-0] INFO  client.GrpcClientProtocolClient (GrpcClientProtocolClient.java:onNext(255)) - client-0C76110B8A2B->ed5d81fa-aaf0-49db-aa57-acca1dd387bd: receive RaftClientReply:client-0C76110B8A2B->ed5d81fa-aaf0-49db-aa57-acca1dd387bd@group-729F0664FEA8, cid=2441, SUCCESS, logIndex=3477, commits[ed5d81fa-aaf0-49db-aa57-acca1dd387bd:c3480]
2019-09-10 22:12:12,991 [grpc-default-executor-0] INFO  client.GrpcClientProtocolClient (GrpcClientProtocolClient.java:onNext(255)) - client-0C76110B8A2B->ed5d81fa-aaf0-49db-aa57-acca1dd387bd: receive RaftClientReply:client-0C76110B8A2B->ed5d81fa-aaf0-49db-aa57-acca1dd387bd@group-729F0664FEA8, cid=2442, SUCCESS, logIndex=3478, commits[ed5d81fa-aaf0-49db-aa57-acca1dd387bd:c3481]
2019-09-10 22:12:12,992 [grpc-default-executor-0] INFO  client.GrpcClientProtocolClient (GrpcClientProtocolClient.java:onNext(255)) - client-0C76110B8A2B->ed5d81fa-aaf0-49db-aa57-acca1dd387bd: receive RaftClientReply:client-0C76110B8A2B->ed5d81fa-aaf0-49db-aa57-acca1dd387bd@group-729F0664FEA8, cid=2443, SUCCESS, logIndex=3479, commits[ed5d81fa-aaf0-49db-aa57-acca1dd387bd:c3481]
2019-09-10 22:12:12,992 [grpc-default-executor-0] INFO  client.GrpcClientProtocolClient (GrpcClientProtocolClient.java:onNext(255)) - client-0C76110B8A2B->ed5d81fa-aaf0-49db-aa57-acca1dd387bd: receive RaftClientReply:client-0C76110B8A2B->ed5d81fa-aaf0-49db-aa57-acca1dd387bd@group-729F0664FEA8, cid=2444, SUCCESS, logIndex=3480, commits[ed5d81fa-aaf0-49db-aa57-acca1dd387bd:c3481]
2019-09-10 22:12:13,011 [grpc-default-executor-0] INFO  client.GrpcClientProtocolClient (GrpcClientProtocolClient.java:onNext(255)) - client-0C76110B8A2B->ed5d81fa-aaf0-49db-aa57-acca1dd387bd: receive RaftClientReply:client-0C76110B8A2B->ed5d81fa-aaf0-49db-aa57-acca1dd387bd@group-729F0664FEA8, cid=2445, SUCCESS, logIndex=3482, commits[ed5d81fa-aaf0-49db-aa57-acca1dd387bd:c3483]
2019-09-10 22:12:13,012 [grpc-default-executor-0] INFO  client.GrpcClientProtocolClient (GrpcClientProtocolClient.java:onNext(255)) - client-0C76110B8A2B->ed5d81fa-aaf0-49db-aa57-acca1dd387bd: receive RaftClientReply:client-0C76110B8A2B->ed5d81fa-aaf0-49db-aa57-acca1dd387bd@group-729F0664FEA8, cid=2446, SUCCESS, logIndex=3483, commits[ed5d81fa-aaf0-49db-aa57-acca1dd387bd:c3485]
2019-09-10 22:12:13,012 [grpc-default-executor-0] INFO  client.GrpcClientProtocolClient (GrpcClientProtocolClient.java:onNext(255)) - client-0C76110B8A2B->ed5d81fa-aaf0-49db-aa57-acca1dd387bd: receive RaftClientReply:client-0C76110B8A2B->ed5d81fa-aaf0-49db-aa57-acca1dd387bd@group-729F0664FEA8, cid=2447, SUCCESS, logIndex=3484, commits[ed5d81fa-aaf0-49db-aa57-acca1dd387bd:c3486]
2019-09-10 22:12:13,013 [grpc-default-executor-0] INFO  client.GrpcClientProtocolClient (GrpcClientProtocolClient.java:onNext(255)) - client-0C76110B8A2B->ed5d81fa-aaf0-49db-aa57-acca1dd387bd: receive RaftClientReply:client-0C76110B8A2B->ed5d81fa-aaf0-49db-aa57-acca1dd387bd@group-729F0664FEA8, cid=2448, SUCCESS, logIndex=3485, commits[ed5d81fa-aaf0-49db-aa57-acca1dd387bd:c3487]
2019-09-10 22:12:13,036 [grpc-default-executor-0] INFO  client.GrpcClientProtocolClient (GrpcClientProtocolClient.java:onNext(255)) - client-0C76110B8A2B->ed5d81fa-aaf0-49db-aa57-acca1dd387bd: receive RaftClientReply:client-0C76110B8A2B->ed5d81fa-aaf0-49db-aa57-acca1dd387bd@group-729F0664FEA8, cid=2449, SUCCESS, logIndex=3488, commits[ed5d81fa-aaf0-49db-aa57-acca1dd387bd:c3491]
2019-09-10 22:12:13,039 [grpc-default-executor-1] INFO  client.GrpcClientProtocolClient (GrpcClientProtocolClient.java:onNext(255)) - client-0C76110B8A2B->ed5d81fa-aaf0-49db-aa57-acca1dd387bd: receive RaftClientReply:client-0C76110B8A2B->ed5d81fa-aaf0-49db-aa57-acca1dd387bd@group-729F0664FEA8, cid=2450, SUCCESS, logIndex=3489, commits[ed5d81fa-aaf0-49db-aa57-acca1dd387bd:c3491]
2019-09-10 22:12:13,039 [grpc-default-executor-1] INFO  client.GrpcClientProtocolClient (GrpcClientProtocolClient.java:onNext(255)) - client-0C76110B8A2B->ed5d81fa-aaf0-49db-aa57-acca1dd387bd: receive RaftClientReply:client-0C76110B8A2B->ed5d81fa-aaf0-49db-aa57-acca1dd387bd@group-729F0664FEA8, cid=2451, SUCCESS, logIndex=3490, commits[ed5d81fa-aaf0-49db-aa57-acca1dd387bd:c3491]
2019-09-10 22:12:13,039 [grpc-default-executor-1] INFO  client.GrpcClientProtocolClient (GrpcClientProtocolClient.java:onNext(255)) - client-0C76110B8A2B->ed5d81fa-aaf0-49db-aa57-acca1dd387bd: receive RaftClientReply:client-0C76110B8A2B->ed5d81fa-aaf0-49db-aa57-acca1dd387bd@group-729F0664FEA8, cid=2452, SUCCESS, logIndex=3491, commits[ed5d81fa-aaf0-49db-aa57-acca1dd387bd:c3491]
2019-09-10 22:12:13,055 [SCMBlockDeletingService#0] DEBUG block.SCMBlockDeletingService (SCMBlockDeletingService.java:call(138)) - Running DeletedBlockTransactionScanner
2019-09-10 22:12:13,055 [SCMBlockDeletingService#0] DEBUG block.SCMBlockDeletingService (SCMBlockDeletingService.java:call(155)) - Scanned deleted blocks log and got 0 delTX to process.
2019-09-10 22:12:13,061 [grpc-default-executor-0] INFO  client.GrpcClientProtocolClient (GrpcClientProtocolClient.java:onNext(255)) - client-0C76110B8A2B->ed5d81fa-aaf0-49db-aa57-acca1dd387bd: receive RaftClientReply:client-0C76110B8A2B->ed5d81fa-aaf0-49db-aa57-acca1dd387bd@group-729F0664FEA8, cid=2453, SUCCESS, logIndex=3493, commits[ed5d81fa-aaf0-49db-aa57-acca1dd387bd:c3496]
2019-09-10 22:12:13,061 [grpc-default-executor-0] INFO  client.GrpcClientProtocolClient (GrpcClientProtocolClient.java:onNext(255)) - client-0C76110B8A2B->ed5d81fa-aaf0-49db-aa57-acca1dd387bd: receive RaftClientReply:client-0C76110B8A2B->ed5d81fa-aaf0-49db-aa57-acca1dd387bd@group-729F0664FEA8, cid=2454, SUCCESS, logIndex=3494, commits[ed5d81fa-aaf0-49db-aa57-acca1dd387bd:c3497]
2019-09-10 22:12:13,062 [grpc-default-executor-0] INFO  client.GrpcClientProtocolClient (GrpcClientProtocolClient.java:onNext(255)) - client-0C76110B8A2B->ed5d81fa-aaf0-49db-aa57-acca1dd387bd: receive RaftClientReply:client-0C76110B8A2B->ed5d81fa-aaf0-49db-aa57-acca1dd387bd@group-729F0664FEA8, cid=2455, SUCCESS, logIndex=3495, commits[ed5d81fa-aaf0-49db-aa57-acca1dd387bd:c3497]
2019-09-10 22:12:13,062 [grpc-default-executor-0] INFO  client.GrpcClientProtocolClient (GrpcClientProtocolClient.java:onNext(255)) - client-0C76110B8A2B->ed5d81fa-aaf0-49db-aa57-acca1dd387bd: receive RaftClientReply:client-0C76110B8A2B->ed5d81fa-aaf0-49db-aa57-acca1dd387bd@group-729F0664FEA8, cid=2456, SUCCESS, logIndex=3496, commits[ed5d81fa-aaf0-49db-aa57-acca1dd387bd:c3497]
2019-09-10 22:12:13,090 [grpc-default-executor-0] INFO  client.GrpcClientProtocolClient (GrpcClientProtocolClient.java:onNext(255)) - client-0C76110B8A2B->ed5d81fa-aaf0-49db-aa57-acca1dd387bd: receive RaftClientReply:client-0C76110B8A2B->ed5d81fa-aaf0-49db-aa57-acca1dd387bd@group-729F0664FEA8, cid=2457, SUCCESS, logIndex=3498, commits[ed5d81fa-aaf0-49db-aa57-acca1dd387bd:c3501]
2019-09-10 22:12:13,090 [grpc-default-executor-0] INFO  client.GrpcClientProtocolClient (GrpcClientProtocolClient.java:onNext(255)) - client-0C76110B8A2B->ed5d81fa-aaf0-49db-aa57-acca1dd387bd: receive RaftClientReply:client-0C76110B8A2B->ed5d81fa-aaf0-49db-aa57-acca1dd387bd@group-729F0664FEA8, cid=2458, SUCCESS, logIndex=3499, commits[ed5d81fa-aaf0-49db-aa57-acca1dd387bd:c3502]
2019-09-10 22:12:13,091 [grpc-default-executor-0] INFO  client.GrpcClientProtocolClient (GrpcClientProtocolClient.java:onNext(255)) - client-0C76110B8A2B->ed5d81fa-aaf0-49db-aa57-acca1dd387bd: receive RaftClientReply:client-0C76110B8A2B->ed5d81fa-aaf0-49db-aa57-acca1dd387bd@group-729F0664FEA8, cid=2459, SUCCESS, logIndex=3500, commits[ed5d81fa-aaf0-49db-aa57-acca1dd387bd:c3502]
2019-09-10 22:12:13,091 [grpc-default-executor-0] INFO  client.GrpcClientProtocolClient (GrpcClientProtocolClient.java:onNext(255)) - client-0C76110B8A2B->ed5d81fa-aaf0-49db-aa57-acca1dd387bd: receive RaftClientReply:client-0C76110B8A2B->ed5d81fa-aaf0-49db-aa57-acca1dd387bd@group-729F0664FEA8, cid=2460, SUCCESS, logIndex=3501, commits[ed5d81fa-aaf0-49db-aa57-acca1dd387bd:c3502]
2019-09-10 22:12:13,110 [grpc-default-executor-0] INFO  client.GrpcClientProtocolClient (GrpcClientProtocolClient.java:onNext(255)) - client-0C76110B8A2B->ed5d81fa-aaf0-49db-aa57-acca1dd387bd: receive RaftClientReply:client-0C76110B8A2B->ed5d81fa-aaf0-49db-aa57-acca1dd387bd@group-729F0664FEA8, cid=2461, SUCCESS, logIndex=3503, commits[ed5d81fa-aaf0-49db-aa57-acca1dd387bd:c3506]
2019-09-10 22:12:13,110 [grpc-default-executor-0] INFO  client.GrpcClientProtocolClient (GrpcClientProtocolClient.java:onNext(255)) - client-0C76110B8A2B->ed5d81fa-aaf0-49db-aa57-acca1dd387bd: receive RaftClientReply:client-0C76110B8A2B->ed5d81fa-aaf0-49db-aa57-acca1dd387bd@group-729F0664FEA8, cid=2462, SUCCESS, logIndex=3504, commits[ed5d81fa-aaf0-49db-aa57-acca1dd387bd:c3506]
2019-09-10 22:12:13,110 [grpc-default-executor-0] INFO  client.GrpcClientProtocolClient (GrpcClientProtocolClient.java:onNext(255)) - client-0C76110B8A2B->ed5d81fa-aaf0-49db-aa57-acca1dd387bd: receive RaftClientReply:client-0C76110B8A2B->ed5d81fa-aaf0-49db-aa57-acca1dd387bd@group-729F0664FEA8, cid=2463, SUCCESS, logIndex=3505, commits[ed5d81fa-aaf0-49db-aa57-acca1dd387bd:c3507]
2019-09-10 22:12:13,111 [grpc-default-executor-0] INFO  client.GrpcClientProtocolClient (GrpcClientProtocolClient.java:onNext(255)) - client-0C76110B8A2B->ed5d81fa-aaf0-49db-aa57-acca1dd387bd: receive RaftClientReply:client-0C76110B8A2B->ed5d81fa-aaf0-49db-aa57-acca1dd387bd@group-729F0664FEA8, cid=2464, SUCCESS, logIndex=3506, commits[ed5d81fa-aaf0-49db-aa57-acca1dd387bd:c3507]
2019-09-10 22:12:13,138 [grpc-default-executor-0] INFO  client.GrpcClientProtocolClient (GrpcClientProtocolClient.java:onNext(255)) - client-0C76110B8A2B->ed5d81fa-aaf0-49db-aa57-acca1dd387bd: receive RaftClientReply:client-0C76110B8A2B->ed5d81fa-aaf0-49db-aa57-acca1dd387bd@group-729F0664FEA8, cid=2465, SUCCESS, logIndex=3508, commits[ed5d81fa-aaf0-49db-aa57-acca1dd387bd:c3511]
2019-09-10 22:12:13,139 [grpc-default-executor-0] INFO  client.GrpcClientProtocolClient (GrpcClientProtocolClient.java:onNext(255)) - client-0C76110B8A2B->ed5d81fa-aaf0-49db-aa57-acca1dd387bd: receive RaftClientReply:client-0C76110B8A2B->ed5d81fa-aaf0-49db-aa57-acca1dd387bd@group-729F0664FEA8, cid=2466, SUCCESS, logIndex=3509, commits[ed5d81fa-aaf0-49db-aa57-acca1dd387bd:c3512]
2019-09-10 22:12:13,139 [grpc-default-executor-0] INFO  client.GrpcClientProtocolClient (GrpcClientProtocolClient.java:onNext(255)) - client-0C76110B8A2B->ed5d81fa-aaf0-49db-aa57-acca1dd387bd: receive RaftClientReply:client-0C76110B8A2B->ed5d81fa-aaf0-49db-aa57-acca1dd387bd@group-729F0664FEA8, cid=2467, SUCCESS, logIndex=3510, commits[ed5d81fa-aaf0-49db-aa57-acca1dd387bd:c3512]
2019-09-10 22:12:13,139 [grpc-default-executor-0] INFO  client.GrpcClientProtocolClient (GrpcClientProtocolClient.java:onNext(255)) - client-0C76110B8A2B->ed5d81fa-aaf0-49db-aa57-acca1dd387bd: receive RaftClientReply:client-0C76110B8A2B->ed5d81fa-aaf0-49db-aa57-acca1dd387bd@group-729F0664FEA8, cid=2468, SUCCESS, logIndex=3511, commits[ed5d81fa-aaf0-49db-aa57-acca1dd387bd:c3512]
2019-09-10 22:12:13,155 [SCMBlockDeletingService#0] DEBUG block.SCMBlockDeletingService (SCMBlockDeletingService.java:call(138)) - Running DeletedBlockTransactionScanner
2019-09-10 22:12:13,156 [SCMBlockDeletingService#0] DEBUG block.SCMBlockDeletingService (SCMBlockDeletingService.java:call(155)) - Scanned deleted blocks log and got 0 delTX to process.
2019-09-10 22:12:13,157 [grpc-default-executor-1] INFO  client.GrpcClientProtocolClient (GrpcClientProtocolClient.java:onNext(255)) - client-0C76110B8A2B->ed5d81fa-aaf0-49db-aa57-acca1dd387bd: receive RaftClientReply:client-0C76110B8A2B->ed5d81fa-aaf0-49db-aa57-acca1dd387bd@group-729F0664FEA8, cid=2469, SUCCESS, logIndex=3513, commits[ed5d81fa-aaf0-49db-aa57-acca1dd387bd:c3514]
2019-09-10 22:12:13,157 [grpc-default-executor-1] INFO  client.GrpcClientProtocolClient (GrpcClientProtocolClient.java:onNext(255)) - client-0C76110B8A2B->ed5d81fa-aaf0-49db-aa57-acca1dd387bd: receive RaftClientReply:client-0C76110B8A2B->ed5d81fa-aaf0-49db-aa57-acca1dd387bd@group-729F0664FEA8, cid=2470, SUCCESS, logIndex=3514, commits[ed5d81fa-aaf0-49db-aa57-acca1dd387bd:c3516]
2019-09-10 22:12:13,158 [grpc-default-executor-1] INFO  client.GrpcClientProtocolClient (GrpcClientProtocolClient.java:onNext(255)) - client-0C76110B8A2B->ed5d81fa-aaf0-49db-aa57-acca1dd387bd: receive RaftClientReply:client-0C76110B8A2B->ed5d81fa-aaf0-49db-aa57-acca1dd387bd@group-729F0664FEA8, cid=2471, SUCCESS, logIndex=3515, commits[ed5d81fa-aaf0-49db-aa57-acca1dd387bd:c3516]
2019-09-10 22:12:13,158 [grpc-default-executor-1] INFO  client.GrpcClientProtocolClient (GrpcClientProtocolClient.java:onNext(255)) - client-0C76110B8A2B->ed5d81fa-aaf0-49db-aa57-acca1dd387bd: receive RaftClientReply:client-0C76110B8A2B->ed5d81fa-aaf0-49db-aa57-acca1dd387bd@group-729F0664FEA8, cid=2472, SUCCESS, logIndex=3516, commits[ed5d81fa-aaf0-49db-aa57-acca1dd387bd:c3516]
2019-09-10 22:12:13,186 [grpc-default-executor-1] INFO  client.GrpcClientProtocolClient (GrpcClientProtocolClient.java:onNext(255)) - client-0C76110B8A2B->ed5d81fa-aaf0-49db-aa57-acca1dd387bd: receive RaftClientReply:client-0C76110B8A2B->ed5d81fa-aaf0-49db-aa57-acca1dd387bd@group-729F0664FEA8, cid=2473, SUCCESS, logIndex=3519, commits[ed5d81fa-aaf0-49db-aa57-acca1dd387bd:c3520]
2019-09-10 22:12:13,187 [grpc-default-executor-1] INFO  client.GrpcClientProtocolClient (GrpcClientProtocolClient.java:onNext(255)) - client-0C76110B8A2B->ed5d81fa-aaf0-49db-aa57-acca1dd387bd: receive RaftClientReply:client-0C76110B8A2B->ed5d81fa-aaf0-49db-aa57-acca1dd387bd@group-729F0664FEA8, cid=2474, SUCCESS, logIndex=3520, commits[ed5d81fa-aaf0-49db-aa57-acca1dd387bd:c3521]
2019-09-10 22:12:13,256 [SCMBlockDeletingService#0] DEBUG block.SCMBlockDeletingService (SCMBlockDeletingService.java:call(138)) - Running DeletedBlockTransactionScanner
2019-09-10 22:12:13,256 [SCMBlockDeletingService#0] DEBUG block.SCMBlockDeletingService (SCMBlockDeletingService.java:call(155)) - Scanned deleted blocks log and got 0 delTX to process.
2019-09-10 22:12:13,277 [grpc-default-executor-0] INFO  client.GrpcClientProtocolClient (GrpcClientProtocolClient.java:onNext(255)) - client-0C76110B8A2B->ed5d81fa-aaf0-49db-aa57-acca1dd387bd: receive RaftClientReply:client-0C76110B8A2B->ed5d81fa-aaf0-49db-aa57-acca1dd387bd@group-729F0664FEA8, cid=2475, SUCCESS, logIndex=3522, commits[ed5d81fa-aaf0-49db-aa57-acca1dd387bd:c3523]
2019-09-10 22:12:13,278 [grpc-default-executor-0] INFO  client.GrpcClientProtocolClient (GrpcClientProtocolClient.java:onNext(255)) - client-0C76110B8A2B->ed5d81fa-aaf0-49db-aa57-acca1dd387bd: receive RaftClientReply:client-0C76110B8A2B->ed5d81fa-aaf0-49db-aa57-acca1dd387bd@group-729F0664FEA8, cid=2476, SUCCESS, logIndex=3523, commits[ed5d81fa-aaf0-49db-aa57-acca1dd387bd:c3524]
2019-09-10 22:12:13,297 [grpc-default-executor-0] INFO  client.GrpcClientProtocolClient (GrpcClientProtocolClient.java:onNext(255)) - client-0C76110B8A2B->ed5d81fa-aaf0-49db-aa57-acca1dd387bd: receive RaftClientReply:client-0C76110B8A2B->ed5d81fa-aaf0-49db-aa57-acca1dd387bd@group-729F0664FEA8, cid=2477, SUCCESS, logIndex=3525, commits[ed5d81fa-aaf0-49db-aa57-acca1dd387bd:c3526]
2019-09-10 22:12:13,298 [grpc-default-executor-0] INFO  client.GrpcClientProtocolClient (GrpcClientProtocolClient.java:onNext(255)) - client-0C76110B8A2B->ed5d81fa-aaf0-49db-aa57-acca1dd387bd: receive RaftClientReply:client-0C76110B8A2B->ed5d81fa-aaf0-49db-aa57-acca1dd387bd@group-729F0664FEA8, cid=2478, SUCCESS, logIndex=3526, commits[ed5d81fa-aaf0-49db-aa57-acca1dd387bd:c3528]
2019-09-10 22:12:13,298 [grpc-default-executor-0] INFO  client.GrpcClientProtocolClient (GrpcClientProtocolClient.java:onNext(255)) - client-0C76110B8A2B->ed5d81fa-aaf0-49db-aa57-acca1dd387bd: receive RaftClientReply:client-0C76110B8A2B->ed5d81fa-aaf0-49db-aa57-acca1dd387bd@group-729F0664FEA8, cid=2479, SUCCESS, logIndex=3527, commits[ed5d81fa-aaf0-49db-aa57-acca1dd387bd:c3529]
2019-09-10 22:12:13,299 [grpc-default-executor-0] INFO  client.GrpcClientProtocolClient (GrpcClientProtocolClient.java:onNext(255)) - client-0C76110B8A2B->ed5d81fa-aaf0-49db-aa57-acca1dd387bd: receive RaftClientReply:client-0C76110B8A2B->ed5d81fa-aaf0-49db-aa57-acca1dd387bd@group-729F0664FEA8, cid=2480, SUCCESS, logIndex=3528, commits[ed5d81fa-aaf0-49db-aa57-acca1dd387bd:c3530]
2019-09-10 22:12:13,330 [grpc-default-executor-1] INFO  client.GrpcClientProtocolClient (GrpcClientProtocolClient.java:onNext(255)) - client-0C76110B8A2B->ed5d81fa-aaf0-49db-aa57-acca1dd387bd: receive RaftClientReply:client-0C76110B8A2B->ed5d81fa-aaf0-49db-aa57-acca1dd387bd@group-729F0664FEA8, cid=2481, SUCCESS, logIndex=3531, commits[ed5d81fa-aaf0-49db-aa57-acca1dd387bd:c3534]
2019-09-10 22:12:13,331 [grpc-default-executor-1] INFO  client.GrpcClientProtocolClient (GrpcClientProtocolClient.java:onNext(255)) - client-0C76110B8A2B->ed5d81fa-aaf0-49db-aa57-acca1dd387bd: receive RaftClientReply:client-0C76110B8A2B->ed5d81fa-aaf0-49db-aa57-acca1dd387bd@group-729F0664FEA8, cid=2482, SUCCESS, logIndex=3532, commits[ed5d81fa-aaf0-49db-aa57-acca1dd387bd:c3534]
2019-09-10 22:12:13,331 [grpc-default-executor-1] INFO  client.GrpcClientProtocolClient (GrpcClientProtocolClient.java:onNext(255)) - client-0C76110B8A2B->ed5d81fa-aaf0-49db-aa57-acca1dd387bd: receive RaftClientReply:client-0C76110B8A2B->ed5d81fa-aaf0-49db-aa57-acca1dd387bd@group-729F0664FEA8, cid=2483, SUCCESS, logIndex=3533, commits[ed5d81fa-aaf0-49db-aa57-acca1dd387bd:c3535]
2019-09-10 22:12:13,332 [grpc-default-executor-1] INFO  client.GrpcClientProtocolClient (GrpcClientProtocolClient.java:onNext(255)) - client-0C76110B8A2B->ed5d81fa-aaf0-49db-aa57-acca1dd387bd: receive RaftClientReply:client-0C76110B8A2B->ed5d81fa-aaf0-49db-aa57-acca1dd387bd@group-729F0664FEA8, cid=2484, SUCCESS, logIndex=3534, commits[ed5d81fa-aaf0-49db-aa57-acca1dd387bd:c3536]
2019-09-10 22:12:13,357 [SCMBlockDeletingService#0] DEBUG block.SCMBlockDeletingService (SCMBlockDeletingService.java:call(138)) - Running DeletedBlockTransactionScanner
2019-09-10 22:12:13,357 [SCMBlockDeletingService#0] DEBUG block.SCMBlockDeletingService (SCMBlockDeletingService.java:call(155)) - Scanned deleted blocks log and got 0 delTX to process.
2019-09-10 22:12:13,363 [grpc-default-executor-1] INFO  client.GrpcClientProtocolClient (GrpcClientProtocolClient.java:onNext(255)) - client-0C76110B8A2B->ed5d81fa-aaf0-49db-aa57-acca1dd387bd: receive RaftClientReply:client-0C76110B8A2B->ed5d81fa-aaf0-49db-aa57-acca1dd387bd@group-729F0664FEA8, cid=2485, SUCCESS, logIndex=3537, commits[ed5d81fa-aaf0-49db-aa57-acca1dd387bd:c3538]
2019-09-10 22:12:13,363 [grpc-default-executor-1] INFO  client.GrpcClientProtocolClient (GrpcClientProtocolClient.java:onNext(255)) - client-0C76110B8A2B->ed5d81fa-aaf0-49db-aa57-acca1dd387bd: receive RaftClientReply:client-0C76110B8A2B->ed5d81fa-aaf0-49db-aa57-acca1dd387bd@group-729F0664FEA8, cid=2486, SUCCESS, logIndex=3538, commits[ed5d81fa-aaf0-49db-aa57-acca1dd387bd:c3538]
2019-09-10 22:12:13,365 [grpc-default-executor-1] INFO  client.GrpcClientProtocolClient (GrpcClientProtocolClient.java:onNext(255)) - client-0C76110B8A2B->ed5d81fa-aaf0-49db-aa57-acca1dd387bd: receive RaftClientReply:client-0C76110B8A2B->ed5d81fa-aaf0-49db-aa57-acca1dd387bd@group-729F0664FEA8, cid=2487, SUCCESS, logIndex=3539, commits[ed5d81fa-aaf0-49db-aa57-acca1dd387bd:c3540]
2019-09-10 22:12:13,365 [grpc-default-executor-1] INFO  client.GrpcClientProtocolClient (GrpcClientProtocolClient.java:onNext(255)) - client-0C76110B8A2B->ed5d81fa-aaf0-49db-aa57-acca1dd387bd: receive RaftClientReply:client-0C76110B8A2B->ed5d81fa-aaf0-49db-aa57-acca1dd387bd@group-729F0664FEA8, cid=2488, SUCCESS, logIndex=3540, commits[ed5d81fa-aaf0-49db-aa57-acca1dd387bd:c3540]
2019-09-10 22:12:13,395 [grpc-default-executor-0] INFO  client.GrpcClientProtocolClient (GrpcClientProtocolClient.java:onNext(255)) - client-0C76110B8A2B->ed5d81fa-aaf0-49db-aa57-acca1dd387bd: receive RaftClientReply:client-0C76110B8A2B->ed5d81fa-aaf0-49db-aa57-acca1dd387bd@group-729F0664FEA8, cid=2489, SUCCESS, logIndex=3543, commits[ed5d81fa-aaf0-49db-aa57-acca1dd387bd:c3544]
2019-09-10 22:12:13,396 [grpc-default-executor-0] INFO  client.GrpcClientProtocolClient (GrpcClientProtocolClient.java:onNext(255)) - client-0C76110B8A2B->ed5d81fa-aaf0-49db-aa57-acca1dd387bd: receive RaftClientReply:client-0C76110B8A2B->ed5d81fa-aaf0-49db-aa57-acca1dd387bd@group-729F0664FEA8, cid=2490, SUCCESS, logIndex=3544, commits[ed5d81fa-aaf0-49db-aa57-acca1dd387bd:c3546]
2019-09-10 22:12:13,396 [grpc-default-executor-0] INFO  client.GrpcClientProtocolClient (GrpcClientProtocolClient.java:onNext(255)) - client-0C76110B8A2B->ed5d81fa-aaf0-49db-aa57-acca1dd387bd: receive RaftClientReply:client-0C76110B8A2B->ed5d81fa-aaf0-49db-aa57-acca1dd387bd@group-729F0664FEA8, cid=2491, SUCCESS, logIndex=3545, commits[ed5d81fa-aaf0-49db-aa57-acca1dd387bd:c3547]
2019-09-10 22:12:13,397 [grpc-default-executor-0] INFO  client.GrpcClientProtocolClient (GrpcClientProtocolClient.java:onNext(255)) - client-0C76110B8A2B->ed5d81fa-aaf0-49db-aa57-acca1dd387bd: receive RaftClientReply:client-0C76110B8A2B->ed5d81fa-aaf0-49db-aa57-acca1dd387bd@group-729F0664FEA8, cid=2492, SUCCESS, logIndex=3546, commits[ed5d81fa-aaf0-49db-aa57-acca1dd387bd:c3547]
2019-09-10 22:12:13,592 [SCMBlockDeletingService#0] DEBUG block.SCMBlockDeletingService (SCMBlockDeletingService.java:call(138)) - Running DeletedBlockTransactionScanner
2019-09-10 22:12:13,593 [SCMBlockDeletingService#0] DEBUG block.SCMBlockDeletingService (SCMBlockDeletingService.java:call(155)) - Scanned deleted blocks log and got 0 delTX to process.
2019-09-10 22:12:13,608 [grpc-default-executor-1] INFO  client.GrpcClientProtocolClient (GrpcClientProtocolClient.java:onNext(255)) - client-0C76110B8A2B->ed5d81fa-aaf0-49db-aa57-acca1dd387bd: receive RaftClientReply:client-0C76110B8A2B->ed5d81fa-aaf0-49db-aa57-acca1dd387bd@group-729F0664FEA8, cid=2493, SUCCESS, logIndex=3549, commits[ed5d81fa-aaf0-49db-aa57-acca1dd387bd:c3552]
2019-09-10 22:12:13,609 [grpc-default-executor-1] INFO  client.GrpcClientProtocolClient (GrpcClientProtocolClient.java:onNext(255)) - client-0C76110B8A2B->ed5d81fa-aaf0-49db-aa57-acca1dd387bd: receive RaftClientReply:client-0C76110B8A2B->ed5d81fa-aaf0-49db-aa57-acca1dd387bd@group-729F0664FEA8, cid=2494, SUCCESS, logIndex=3550, commits[ed5d81fa-aaf0-49db-aa57-acca1dd387bd:c3553]
2019-09-10 22:12:13,609 [grpc-default-executor-1] INFO  client.GrpcClientProtocolClient (GrpcClientProtocolClient.java:onNext(255)) - client-0C76110B8A2B->ed5d81fa-aaf0-49db-aa57-acca1dd387bd: receive RaftClientReply:client-0C76110B8A2B->ed5d81fa-aaf0-49db-aa57-acca1dd387bd@group-729F0664FEA8, cid=2495, SUCCESS, logIndex=3551, commits[ed5d81fa-aaf0-49db-aa57-acca1dd387bd:c3553]
2019-09-10 22:12:13,610 [grpc-default-executor-1] INFO  client.GrpcClientProtocolClient (GrpcClientProtocolClient.java:onNext(255)) - client-0C76110B8A2B->ed5d81fa-aaf0-49db-aa57-acca1dd387bd: receive RaftClientReply:client-0C76110B8A2B->ed5d81fa-aaf0-49db-aa57-acca1dd387bd@group-729F0664FEA8, cid=2496, SUCCESS, logIndex=3552, commits[ed5d81fa-aaf0-49db-aa57-acca1dd387bd:c3554]
2019-09-10 22:12:13,655 [grpc-default-executor-1] INFO  client.GrpcClientProtocolClient (GrpcClientProtocolClient.java:onNext(255)) - client-0C76110B8A2B->ed5d81fa-aaf0-49db-aa57-acca1dd387bd: receive RaftClientReply:client-0C76110B8A2B->ed5d81fa-aaf0-49db-aa57-acca1dd387bd@group-729F0664FEA8, cid=2497, SUCCESS, logIndex=3555, commits[ed5d81fa-aaf0-49db-aa57-acca1dd387bd:c3556]
2019-09-10 22:12:13,655 [grpc-default-executor-1] INFO  client.GrpcClientProtocolClient (GrpcClientProtocolClient.java:onNext(255)) - client-0C76110B8A2B->ed5d81fa-aaf0-49db-aa57-acca1dd387bd: receive RaftClientReply:client-0C76110B8A2B->ed5d81fa-aaf0-49db-aa57-acca1dd387bd@group-729F0664FEA8, cid=2498, SUCCESS, logIndex=3556, commits[ed5d81fa-aaf0-49db-aa57-acca1dd387bd:c3556]
2019-09-10 22:12:13,663 [grpc-default-executor-1] INFO  client.GrpcClientProtocolClient (GrpcClientProtocolClient.java:onNext(255)) - client-0C76110B8A2B->ed5d81fa-aaf0-49db-aa57-acca1dd387bd: receive RaftClientReply:client-0C76110B8A2B->ed5d81fa-aaf0-49db-aa57-acca1dd387bd@group-729F0664FEA8, cid=2499, SUCCESS, logIndex=3557, commits[ed5d81fa-aaf0-49db-aa57-acca1dd387bd:c3558]
2019-09-10 22:12:13,664 [grpc-default-executor-1] INFO  client.GrpcClientProtocolClient (GrpcClientProtocolClient.java:onNext(255)) - client-0C76110B8A2B->ed5d81fa-aaf0-49db-aa57-acca1dd387bd: receive RaftClientReply:client-0C76110B8A2B->ed5d81fa-aaf0-49db-aa57-acca1dd387bd@group-729F0664FEA8, cid=2500, SUCCESS, logIndex=3558, commits[ed5d81fa-aaf0-49db-aa57-acca1dd387bd:c3559]
2019-09-10 22:12:13,688 [grpc-default-executor-1] INFO  client.GrpcClientProtocolClient (GrpcClientProtocolClient.java:onNext(255)) - client-0C76110B8A2B->ed5d81fa-aaf0-49db-aa57-acca1dd387bd: receive RaftClientReply:client-0C76110B8A2B->ed5d81fa-aaf0-49db-aa57-acca1dd387bd@group-729F0664FEA8, cid=2501, SUCCESS, logIndex=3561, commits[ed5d81fa-aaf0-49db-aa57-acca1dd387bd:c3562]
2019-09-10 22:12:13,688 [grpc-default-executor-1] INFO  client.GrpcClientProtocolClient (GrpcClientProtocolClient.java:onNext(255)) - client-0C76110B8A2B->ed5d81fa-aaf0-49db-aa57-acca1dd387bd: receive RaftClientReply:client-0C76110B8A2B->ed5d81fa-aaf0-49db-aa57-acca1dd387bd@group-729F0664FEA8, cid=2502, SUCCESS, logIndex=3562, commits[ed5d81fa-aaf0-49db-aa57-acca1dd387bd:c3564]
2019-09-10 22:12:13,689 [grpc-default-executor-1] INFO  client.GrpcClientProtocolClient (GrpcClientProtocolClient.java:onNext(255)) - client-0C76110B8A2B->ed5d81fa-aaf0-49db-aa57-acca1dd387bd: receive RaftClientReply:client-0C76110B8A2B->ed5d81fa-aaf0-49db-aa57-acca1dd387bd@group-729F0664FEA8, cid=2503, SUCCESS, logIndex=3563, commits[ed5d81fa-aaf0-49db-aa57-acca1dd387bd:c3564]
2019-09-10 22:12:13,689 [grpc-default-executor-1] INFO  client.GrpcClientProtocolClient (GrpcClientProtocolClient.java:onNext(255)) - client-0C76110B8A2B->ed5d81fa-aaf0-49db-aa57-acca1dd387bd: receive RaftClientReply:client-0C76110B8A2B->ed5d81fa-aaf0-49db-aa57-acca1dd387bd@group-729F0664FEA8, cid=2504, SUCCESS, logIndex=3564, commits[ed5d81fa-aaf0-49db-aa57-acca1dd387bd:c3564]
2019-09-10 22:12:13,693 [SCMBlockDeletingService#1] DEBUG block.SCMBlockDeletingService (SCMBlockDeletingService.java:call(138)) - Running DeletedBlockTransactionScanner
2019-09-10 22:12:13,694 [SCMBlockDeletingService#1] DEBUG block.SCMBlockDeletingService (SCMBlockDeletingService.java:call(155)) - Scanned deleted blocks log and got 0 delTX to process.
2019-09-10 22:12:13,717 [grpc-default-executor-0] INFO  client.GrpcClientProtocolClient (GrpcClientProtocolClient.java:onNext(255)) - client-0C76110B8A2B->ed5d81fa-aaf0-49db-aa57-acca1dd387bd: receive RaftClientReply:client-0C76110B8A2B->ed5d81fa-aaf0-49db-aa57-acca1dd387bd@group-729F0664FEA8, cid=2505, SUCCESS, logIndex=3567, commits[ed5d81fa-aaf0-49db-aa57-acca1dd387bd:c3568]
2019-09-10 22:12:13,718 [grpc-default-executor-0] INFO  client.GrpcClientProtocolClient (GrpcClientProtocolClient.java:onNext(255)) - client-0C76110B8A2B->ed5d81fa-aaf0-49db-aa57-acca1dd387bd: receive RaftClientReply:client-0C76110B8A2B->ed5d81fa-aaf0-49db-aa57-acca1dd387bd@group-729F0664FEA8, cid=2506, SUCCESS, logIndex=3568, commits[ed5d81fa-aaf0-49db-aa57-acca1dd387bd:c3570]
2019-09-10 22:12:13,718 [grpc-default-executor-0] INFO  client.GrpcClientProtocolClient (GrpcClientProtocolClient.java:onNext(255)) - client-0C76110B8A2B->ed5d81fa-aaf0-49db-aa57-acca1dd387bd: receive RaftClientReply:client-0C76110B8A2B->ed5d81fa-aaf0-49db-aa57-acca1dd387bd@group-729F0664FEA8, cid=2507, SUCCESS, logIndex=3569, commits[ed5d81fa-aaf0-49db-aa57-acca1dd387bd:c3570]
2019-09-10 22:12:13,719 [grpc-default-executor-0] INFO  client.GrpcClientProtocolClient (GrpcClientProtocolClient.java:onNext(255)) - client-0C76110B8A2B->ed5d81fa-aaf0-49db-aa57-acca1dd387bd: receive RaftClientReply:client-0C76110B8A2B->ed5d81fa-aaf0-49db-aa57-acca1dd387bd@group-729F0664FEA8, cid=2508, SUCCESS, logIndex=3570, commits[ed5d81fa-aaf0-49db-aa57-acca1dd387bd:c3571]
2019-09-10 22:12:13,738 [grpc-default-executor-0] INFO  client.GrpcClientProtocolClient (GrpcClientProtocolClient.java:onNext(255)) - client-0C76110B8A2B->ed5d81fa-aaf0-49db-aa57-acca1dd387bd: receive RaftClientReply:client-0C76110B8A2B->ed5d81fa-aaf0-49db-aa57-acca1dd387bd@group-729F0664FEA8, cid=2509, SUCCESS, logIndex=3573, commits[ed5d81fa-aaf0-49db-aa57-acca1dd387bd:c3574]
2019-09-10 22:12:13,738 [grpc-default-executor-0] INFO  client.GrpcClientProtocolClient (GrpcClientProtocolClient.java:onNext(255)) - client-0C76110B8A2B->ed5d81fa-aaf0-49db-aa57-acca1dd387bd: receive RaftClientReply:client-0C76110B8A2B->ed5d81fa-aaf0-49db-aa57-acca1dd387bd@group-729F0664FEA8, cid=2510, SUCCESS, logIndex=3574, commits[ed5d81fa-aaf0-49db-aa57-acca1dd387bd:c3576]
2019-09-10 22:12:13,739 [grpc-default-executor-0] INFO  client.GrpcClientProtocolClient (GrpcClientProtocolClient.java:onNext(255)) - client-0C76110B8A2B->ed5d81fa-aaf0-49db-aa57-acca1dd387bd: receive RaftClientReply:client-0C76110B8A2B->ed5d81fa-aaf0-49db-aa57-acca1dd387bd@group-729F0664FEA8, cid=2511, SUCCESS, logIndex=3575, commits[ed5d81fa-aaf0-49db-aa57-acca1dd387bd:c3577]
2019-09-10 22:12:13,739 [grpc-default-executor-0] INFO  client.GrpcClientProtocolClient (GrpcClientProtocolClient.java:onNext(255)) - client-0C76110B8A2B->ed5d81fa-aaf0-49db-aa57-acca1dd387bd: receive RaftClientReply:client-0C76110B8A2B->ed5d81fa-aaf0-49db-aa57-acca1dd387bd@group-729F0664FEA8, cid=2512, SUCCESS, logIndex=3576, commits[ed5d81fa-aaf0-49db-aa57-acca1dd387bd:c3578]
2019-09-10 22:12:13,767 [grpc-default-executor-1] INFO  client.GrpcClientProtocolClient (GrpcClientProtocolClient.java:onNext(255)) - client-0C76110B8A2B->ed5d81fa-aaf0-49db-aa57-acca1dd387bd: receive RaftClientReply:client-0C76110B8A2B->ed5d81fa-aaf0-49db-aa57-acca1dd387bd@group-729F0664FEA8, cid=2513, SUCCESS, logIndex=3579, commits[ed5d81fa-aaf0-49db-aa57-acca1dd387bd:c3580]
2019-09-10 22:12:13,768 [grpc-default-executor-1] INFO  client.GrpcClientProtocolClient (GrpcClientProtocolClient.java:onNext(255)) - client-0C76110B8A2B->ed5d81fa-aaf0-49db-aa57-acca1dd387bd: receive RaftClientReply:client-0C76110B8A2B->ed5d81fa-aaf0-49db-aa57-acca1dd387bd@group-729F0664FEA8, cid=2514, SUCCESS, logIndex=3580, commits[ed5d81fa-aaf0-49db-aa57-acca1dd387bd:c3582]
2019-09-10 22:12:13,768 [grpc-default-executor-1] INFO  client.GrpcClientProtocolClient (GrpcClientProtocolClient.java:onNext(255)) - client-0C76110B8A2B->ed5d81fa-aaf0-49db-aa57-acca1dd387bd: receive RaftClientReply:client-0C76110B8A2B->ed5d81fa-aaf0-49db-aa57-acca1dd387bd@group-729F0664FEA8, cid=2515, SUCCESS, logIndex=3581, commits[ed5d81fa-aaf0-49db-aa57-acca1dd387bd:c3583]
2019-09-10 22:12:13,769 [grpc-default-executor-1] INFO  client.GrpcClientProtocolClient (GrpcClientProtocolClient.java:onNext(255)) - client-0C76110B8A2B->ed5d81fa-aaf0-49db-aa57-acca1dd387bd: receive RaftClientReply:client-0C76110B8A2B->ed5d81fa-aaf0-49db-aa57-acca1dd387bd@group-729F0664FEA8, cid=2516, SUCCESS, logIndex=3582, commits[ed5d81fa-aaf0-49db-aa57-acca1dd387bd:c3584]
2019-09-10 22:12:13,790 [grpc-default-executor-0] INFO  client.GrpcClientProtocolClient (GrpcClientProtocolClient.java:onNext(255)) - client-0C76110B8A2B->ed5d81fa-aaf0-49db-aa57-acca1dd387bd: receive RaftClientReply:client-0C76110B8A2B->ed5d81fa-aaf0-49db-aa57-acca1dd387bd@group-729F0664FEA8, cid=2517, SUCCESS, logIndex=3585, commits[ed5d81fa-aaf0-49db-aa57-acca1dd387bd:c3586]
2019-09-10 22:12:13,791 [grpc-default-executor-0] INFO  client.GrpcClientProtocolClient (GrpcClientProtocolClient.java:onNext(255)) - client-0C76110B8A2B->ed5d81fa-aaf0-49db-aa57-acca1dd387bd: receive RaftClientReply:client-0C76110B8A2B->ed5d81fa-aaf0-49db-aa57-acca1dd387bd@group-729F0664FEA8, cid=2518, SUCCESS, logIndex=3586, commits[ed5d81fa-aaf0-49db-aa57-acca1dd387bd:c3587]
2019-09-10 22:12:13,794 [SCMBlockDeletingService#1] DEBUG block.SCMBlockDeletingService (SCMBlockDeletingService.java:call(138)) - Running DeletedBlockTransactionScanner
2019-09-10 22:12:13,794 [SCMBlockDeletingService#1] DEBUG block.SCMBlockDeletingService (SCMBlockDeletingService.java:call(155)) - Scanned deleted blocks log and got 0 delTX to process.
2019-09-10 22:12:13,894 [SCMBlockDeletingService#1] DEBUG block.SCMBlockDeletingService (SCMBlockDeletingService.java:call(138)) - Running DeletedBlockTransactionScanner
2019-09-10 22:12:13,895 [SCMBlockDeletingService#1] DEBUG block.SCMBlockDeletingService (SCMBlockDeletingService.java:call(155)) - Scanned deleted blocks log and got 0 delTX to process.
2019-09-10 22:12:13,897 [grpc-default-executor-0] INFO  client.GrpcClientProtocolClient (GrpcClientProtocolClient.java:onNext(255)) - client-0C76110B8A2B->ed5d81fa-aaf0-49db-aa57-acca1dd387bd: receive RaftClientReply:client-0C76110B8A2B->ed5d81fa-aaf0-49db-aa57-acca1dd387bd@group-729F0664FEA8, cid=2519, SUCCESS, logIndex=3588, commits[ed5d81fa-aaf0-49db-aa57-acca1dd387bd:c3589]
2019-09-10 22:12:13,897 [grpc-default-executor-0] INFO  client.GrpcClientProtocolClient (GrpcClientProtocolClient.java:onNext(255)) - client-0C76110B8A2B->ed5d81fa-aaf0-49db-aa57-acca1dd387bd: receive RaftClientReply:client-0C76110B8A2B->ed5d81fa-aaf0-49db-aa57-acca1dd387bd@group-729F0664FEA8, cid=2520, SUCCESS, logIndex=3589, commits[ed5d81fa-aaf0-49db-aa57-acca1dd387bd:c3590]
2019-09-10 22:12:13,930 [grpc-default-executor-0] INFO  client.GrpcClientProtocolClient (GrpcClientProtocolClient.java:onNext(255)) - client-0C76110B8A2B->ed5d81fa-aaf0-49db-aa57-acca1dd387bd: receive RaftClientReply:client-0C76110B8A2B->ed5d81fa-aaf0-49db-aa57-acca1dd387bd@group-729F0664FEA8, cid=2521, SUCCESS, logIndex=3591, commits[ed5d81fa-aaf0-49db-aa57-acca1dd387bd:c3594]
2019-09-10 22:12:13,931 [grpc-default-executor-0] INFO  client.GrpcClientProtocolClient (GrpcClientProtocolClient.java:onNext(255)) - client-0C76110B8A2B->ed5d81fa-aaf0-49db-aa57-acca1dd387bd: receive RaftClientReply:client-0C76110B8A2B->ed5d81fa-aaf0-49db-aa57-acca1dd387bd@group-729F0664FEA8, cid=2522, SUCCESS, logIndex=3592, commits[ed5d81fa-aaf0-49db-aa57-acca1dd387bd:c3594]
2019-09-10 22:12:13,931 [grpc-default-executor-0] INFO  client.GrpcClientProtocolClient (GrpcClientProtocolClient.java:onNext(255)) - client-0C76110B8A2B->ed5d81fa-aaf0-49db-aa57-acca1dd387bd: receive RaftClientReply:client-0C76110B8A2B->ed5d81fa-aaf0-49db-aa57-acca1dd387bd@group-729F0664FEA8, cid=2523, SUCCESS, logIndex=3593, commits[ed5d81fa-aaf0-49db-aa57-acca1dd387bd:c3595]
2019-09-10 22:12:13,931 [grpc-default-executor-0] INFO  client.GrpcClientProtocolClient (GrpcClientProtocolClient.java:onNext(255)) - client-0C76110B8A2B->ed5d81fa-aaf0-49db-aa57-acca1dd387bd: receive RaftClientReply:client-0C76110B8A2B->ed5d81fa-aaf0-49db-aa57-acca1dd387bd@group-729F0664FEA8, cid=2524, SUCCESS, logIndex=3594, commits[ed5d81fa-aaf0-49db-aa57-acca1dd387bd:c3595]
2019-09-10 22:12:13,955 [grpc-default-executor-1] INFO  client.GrpcClientProtocolClient (GrpcClientProtocolClient.java:onNext(255)) - client-0C76110B8A2B->ed5d81fa-aaf0-49db-aa57-acca1dd387bd: receive RaftClientReply:client-0C76110B8A2B->ed5d81fa-aaf0-49db-aa57-acca1dd387bd@group-729F0664FEA8, cid=2525, SUCCESS, logIndex=3597, commits[ed5d81fa-aaf0-49db-aa57-acca1dd387bd:c3598]
2019-09-10 22:12:13,955 [grpc-default-executor-1] INFO  client.GrpcClientProtocolClient (GrpcClientProtocolClient.java:onNext(255)) - client-0C76110B8A2B->ed5d81fa-aaf0-49db-aa57-acca1dd387bd: receive RaftClientReply:client-0C76110B8A2B->ed5d81fa-aaf0-49db-aa57-acca1dd387bd@group-729F0664FEA8, cid=2526, SUCCESS, logIndex=3598, commits[ed5d81fa-aaf0-49db-aa57-acca1dd387bd:c3600]
2019-09-10 22:12:13,956 [grpc-default-executor-1] INFO  client.GrpcClientProtocolClient (GrpcClientProtocolClient.java:onNext(255)) - client-0C76110B8A2B->ed5d81fa-aaf0-49db-aa57-acca1dd387bd: receive RaftClientReply:client-0C76110B8A2B->ed5d81fa-aaf0-49db-aa57-acca1dd387bd@group-729F0664FEA8, cid=2527, SUCCESS, logIndex=3599, commits[ed5d81fa-aaf0-49db-aa57-acca1dd387bd:c3601]
2019-09-10 22:12:13,964 [grpc-default-executor-1] INFO  client.GrpcClientProtocolClient (GrpcClientProtocolClient.java:onNext(255)) - client-0C76110B8A2B->ed5d81fa-aaf0-49db-aa57-acca1dd387bd: receive RaftClientReply:client-0C76110B8A2B->ed5d81fa-aaf0-49db-aa57-acca1dd387bd@group-729F0664FEA8, cid=2528, SUCCESS, logIndex=3600, commits[ed5d81fa-aaf0-49db-aa57-acca1dd387bd:c3601]
2019-09-10 22:12:13,995 [grpc-default-executor-1] INFO  client.GrpcClientProtocolClient (GrpcClientProtocolClient.java:onNext(255)) - client-0C76110B8A2B->ed5d81fa-aaf0-49db-aa57-acca1dd387bd: receive RaftClientReply:client-0C76110B8A2B->ed5d81fa-aaf0-49db-aa57-acca1dd387bd@group-729F0664FEA8, cid=2529, SUCCESS, logIndex=3603, commits[ed5d81fa-aaf0-49db-aa57-acca1dd387bd:c3606]
2019-09-10 22:12:13,995 [SCMBlockDeletingService#1] DEBUG block.SCMBlockDeletingService (SCMBlockDeletingService.java:call(138)) - Running DeletedBlockTransactionScanner
2019-09-10 22:12:13,995 [grpc-default-executor-1] INFO  client.GrpcClientProtocolClient (GrpcClientProtocolClient.java:onNext(255)) - client-0C76110B8A2B->ed5d81fa-aaf0-49db-aa57-acca1dd387bd: receive RaftClientReply:client-0C76110B8A2B->ed5d81fa-aaf0-49db-aa57-acca1dd387bd@group-729F0664FEA8, cid=2530, SUCCESS, logIndex=3604, commits[ed5d81fa-aaf0-49db-aa57-acca1dd387bd:c3606]
2019-09-10 22:12:13,995 [SCMBlockDeletingService#1] DEBUG block.SCMBlockDeletingService (SCMBlockDeletingService.java:call(155)) - Scanned deleted blocks log and got 0 delTX to process.
2019-09-10 22:12:13,996 [grpc-default-executor-1] INFO  client.GrpcClientProtocolClient (GrpcClientProtocolClient.java:onNext(255)) - client-0C76110B8A2B->ed5d81fa-aaf0-49db-aa57-acca1dd387bd: receive RaftClientReply:client-0C76110B8A2B->ed5d81fa-aaf0-49db-aa57-acca1dd387bd@group-729F0664FEA8, cid=2531, SUCCESS, logIndex=3605, commits[ed5d81fa-aaf0-49db-aa57-acca1dd387bd:c3607]
2019-09-10 22:12:13,996 [grpc-default-executor-1] INFO  client.GrpcClientProtocolClient (GrpcClientProtocolClient.java:onNext(255)) - client-0C76110B8A2B->ed5d81fa-aaf0-49db-aa57-acca1dd387bd: receive RaftClientReply:client-0C76110B8A2B->ed5d81fa-aaf0-49db-aa57-acca1dd387bd@group-729F0664FEA8, cid=2532, SUCCESS, logIndex=3606, commits[ed5d81fa-aaf0-49db-aa57-acca1dd387bd:c3607]
2019-09-10 22:12:14,018 [grpc-default-executor-1] INFO  client.GrpcClientProtocolClient (GrpcClientProtocolClient.java:onNext(255)) - client-0C76110B8A2B->ed5d81fa-aaf0-49db-aa57-acca1dd387bd: receive RaftClientReply:client-0C76110B8A2B->ed5d81fa-aaf0-49db-aa57-acca1dd387bd@group-729F0664FEA8, cid=2533, SUCCESS, logIndex=3608, commits[ed5d81fa-aaf0-49db-aa57-acca1dd387bd:c3611]
2019-09-10 22:12:14,018 [grpc-default-executor-1] INFO  client.GrpcClientProtocolClient (GrpcClientProtocolClient.java:onNext(255)) - client-0C76110B8A2B->ed5d81fa-aaf0-49db-aa57-acca1dd387bd: receive RaftClientReply:client-0C76110B8A2B->ed5d81fa-aaf0-49db-aa57-acca1dd387bd@group-729F0664FEA8, cid=2534, SUCCESS, logIndex=3609, commits[ed5d81fa-aaf0-49db-aa57-acca1dd387bd:c3611]
2019-09-10 22:12:14,018 [grpc-default-executor-1] INFO  client.GrpcClientProtocolClient (GrpcClientProtocolClient.java:onNext(255)) - client-0C76110B8A2B->ed5d81fa-aaf0-49db-aa57-acca1dd387bd: receive RaftClientReply:client-0C76110B8A2B->ed5d81fa-aaf0-49db-aa57-acca1dd387bd@group-729F0664FEA8, cid=2535, SUCCESS, logIndex=3610, commits[ed5d81fa-aaf0-49db-aa57-acca1dd387bd:c3612]
2019-09-10 22:12:14,019 [grpc-default-executor-1] INFO  client.GrpcClientProtocolClient (GrpcClientProtocolClient.java:onNext(255)) - client-0C76110B8A2B->ed5d81fa-aaf0-49db-aa57-acca1dd387bd: receive RaftClientReply:client-0C76110B8A2B->ed5d81fa-aaf0-49db-aa57-acca1dd387bd@group-729F0664FEA8, cid=2536, SUCCESS, logIndex=3611, commits[ed5d81fa-aaf0-49db-aa57-acca1dd387bd:c3612]
2019-09-10 22:12:14,044 [grpc-default-executor-0] INFO  client.GrpcClientProtocolClient (GrpcClientProtocolClient.java:onNext(255)) - client-0C76110B8A2B->ed5d81fa-aaf0-49db-aa57-acca1dd387bd: receive RaftClientReply:client-0C76110B8A2B->ed5d81fa-aaf0-49db-aa57-acca1dd387bd@group-729F0664FEA8, cid=2537, SUCCESS, logIndex=3613, commits[ed5d81fa-aaf0-49db-aa57-acca1dd387bd:c3616]
2019-09-10 22:12:14,045 [grpc-default-executor-0] INFO  client.GrpcClientProtocolClient (GrpcClientProtocolClient.java:onNext(255)) - client-0C76110B8A2B->ed5d81fa-aaf0-49db-aa57-acca1dd387bd: receive RaftClientReply:client-0C76110B8A2B->ed5d81fa-aaf0-49db-aa57-acca1dd387bd@group-729F0664FEA8, cid=2538, SUCCESS, logIndex=3614, commits[ed5d81fa-aaf0-49db-aa57-acca1dd387bd:c3617]
2019-09-10 22:12:14,045 [grpc-default-executor-0] INFO  client.GrpcClientProtocolClient (GrpcClientProtocolClient.java:onNext(255)) - client-0C76110B8A2B->ed5d81fa-aaf0-49db-aa57-acca1dd387bd: receive RaftClientReply:client-0C76110B8A2B->ed5d81fa-aaf0-49db-aa57-acca1dd387bd@group-729F0664FEA8, cid=2539, SUCCESS, logIndex=3615, commits[ed5d81fa-aaf0-49db-aa57-acca1dd387bd:c3617]
2019-09-10 22:12:14,046 [grpc-default-executor-0] INFO  client.GrpcClientProtocolClient (GrpcClientProtocolClient.java:onNext(255)) - client-0C76110B8A2B->ed5d81fa-aaf0-49db-aa57-acca1dd387bd: receive RaftClientReply:client-0C76110B8A2B->ed5d81fa-aaf0-49db-aa57-acca1dd387bd@group-729F0664FEA8, cid=2540, SUCCESS, logIndex=3616, commits[ed5d81fa-aaf0-49db-aa57-acca1dd387bd:c3617]
2019-09-10 22:12:14,065 [grpc-default-executor-0] INFO  client.GrpcClientProtocolClient (GrpcClientProtocolClient.java:onNext(255)) - client-0C76110B8A2B->ed5d81fa-aaf0-49db-aa57-acca1dd387bd: receive RaftClientReply:client-0C76110B8A2B->ed5d81fa-aaf0-49db-aa57-acca1dd387bd@group-729F0664FEA8, cid=2541, SUCCESS, logIndex=3618, commits[ed5d81fa-aaf0-49db-aa57-acca1dd387bd:c3621]
2019-09-10 22:12:14,065 [grpc-default-executor-0] INFO  client.GrpcClientProtocolClient (GrpcClientProtocolClient.java:onNext(255)) - client-0C76110B8A2B->ed5d81fa-aaf0-49db-aa57-acca1dd387bd: receive RaftClientReply:client-0C76110B8A2B->ed5d81fa-aaf0-49db-aa57-acca1dd387bd@group-729F0664FEA8, cid=2542, SUCCESS, logIndex=3619, commits[ed5d81fa-aaf0-49db-aa57-acca1dd387bd:c3621]
2019-09-10 22:12:14,066 [grpc-default-executor-0] INFO  client.GrpcClientProtocolClient (GrpcClientProtocolClient.java:onNext(255)) - client-0C76110B8A2B->ed5d81fa-aaf0-49db-aa57-acca1dd387bd: receive RaftClientReply:client-0C76110B8A2B->ed5d81fa-aaf0-49db-aa57-acca1dd387bd@group-729F0664FEA8, cid=2543, SUCCESS, logIndex=3620, commits[ed5d81fa-aaf0-49db-aa57-acca1dd387bd:c3622]
2019-09-10 22:12:14,066 [grpc-default-executor-0] INFO  client.GrpcClientProtocolClient (GrpcClientProtocolClient.java:onNext(255)) - client-0C76110B8A2B->ed5d81fa-aaf0-49db-aa57-acca1dd387bd: receive RaftClientReply:client-0C76110B8A2B->ed5d81fa-aaf0-49db-aa57-acca1dd387bd@group-729F0664FEA8, cid=2544, SUCCESS, logIndex=3621, commits[ed5d81fa-aaf0-49db-aa57-acca1dd387bd:c3622]
2019-09-10 22:12:14,093 [grpc-default-executor-1] INFO  client.GrpcClientProtocolClient (GrpcClientProtocolClient.java:onNext(255)) - client-0C76110B8A2B->ed5d81fa-aaf0-49db-aa57-acca1dd387bd: receive RaftClientReply:client-0C76110B8A2B->ed5d81fa-aaf0-49db-aa57-acca1dd387bd@group-729F0664FEA8, cid=2545, SUCCESS, logIndex=3623, commits[ed5d81fa-aaf0-49db-aa57-acca1dd387bd:c3626]
2019-09-10 22:12:14,093 [grpc-default-executor-1] INFO  client.GrpcClientProtocolClient (GrpcClientProtocolClient.java:onNext(255)) - client-0C76110B8A2B->ed5d81fa-aaf0-49db-aa57-acca1dd387bd: receive RaftClientReply:client-0C76110B8A2B->ed5d81fa-aaf0-49db-aa57-acca1dd387bd@group-729F0664FEA8, cid=2546, SUCCESS, logIndex=3624, commits[ed5d81fa-aaf0-49db-aa57-acca1dd387bd:c3627]
2019-09-10 22:12:14,093 [grpc-default-executor-1] INFO  client.GrpcClientProtocolClient (GrpcClientProtocolClient.java:onNext(255)) - client-0C76110B8A2B->ed5d81fa-aaf0-49db-aa57-acca1dd387bd: receive RaftClientReply:client-0C76110B8A2B->ed5d81fa-aaf0-49db-aa57-acca1dd387bd@group-729F0664FEA8, cid=2547, SUCCESS, logIndex=3625, commits[ed5d81fa-aaf0-49db-aa57-acca1dd387bd:c3627]
2019-09-10 22:12:14,094 [grpc-default-executor-1] INFO  client.GrpcClientProtocolClient (GrpcClientProtocolClient.java:onNext(255)) - client-0C76110B8A2B->ed5d81fa-aaf0-49db-aa57-acca1dd387bd: receive RaftClientReply:client-0C76110B8A2B->ed5d81fa-aaf0-49db-aa57-acca1dd387bd@group-729F0664FEA8, cid=2548, SUCCESS, logIndex=3626, commits[ed5d81fa-aaf0-49db-aa57-acca1dd387bd:c3627]
2019-09-10 22:12:14,096 [SCMBlockDeletingService#1] DEBUG block.SCMBlockDeletingService (SCMBlockDeletingService.java:call(138)) - Running DeletedBlockTransactionScanner
2019-09-10 22:12:14,096 [SCMBlockDeletingService#1] DEBUG block.SCMBlockDeletingService (SCMBlockDeletingService.java:call(155)) - Scanned deleted blocks log and got 0 delTX to process.
2019-09-10 22:12:14,113 [grpc-default-executor-0] INFO  client.GrpcClientProtocolClient (GrpcClientProtocolClient.java:onNext(255)) - client-0C76110B8A2B->ed5d81fa-aaf0-49db-aa57-acca1dd387bd: receive RaftClientReply:client-0C76110B8A2B->ed5d81fa-aaf0-49db-aa57-acca1dd387bd@group-729F0664FEA8, cid=2549, SUCCESS, logIndex=3628, commits[ed5d81fa-aaf0-49db-aa57-acca1dd387bd:c3631]
2019-09-10 22:12:14,113 [grpc-default-executor-0] INFO  client.GrpcClientProtocolClient (GrpcClientProtocolClient.java:onNext(255)) - client-0C76110B8A2B->ed5d81fa-aaf0-49db-aa57-acca1dd387bd: receive RaftClientReply:client-0C76110B8A2B->ed5d81fa-aaf0-49db-aa57-acca1dd387bd@group-729F0664FEA8, cid=2550, SUCCESS, logIndex=3629, commits[ed5d81fa-aaf0-49db-aa57-acca1dd387bd:c3631]
2019-09-10 22:12:14,114 [grpc-default-executor-0] INFO  client.GrpcClientProtocolClient (GrpcClientProtocolClient.java:onNext(255)) - client-0C76110B8A2B->ed5d81fa-aaf0-49db-aa57-acca1dd387bd: receive RaftClientReply:client-0C76110B8A2B->ed5d81fa-aaf0-49db-aa57-acca1dd387bd@group-729F0664FEA8, cid=2551, SUCCESS, logIndex=3630, commits[ed5d81fa-aaf0-49db-aa57-acca1dd387bd:c3632]
2019-09-10 22:12:14,114 [grpc-default-executor-0] INFO  client.GrpcClientProtocolClient (GrpcClientProtocolClient.java:onNext(255)) - client-0C76110B8A2B->ed5d81fa-aaf0-49db-aa57-acca1dd387bd: receive RaftClientReply:client-0C76110B8A2B->ed5d81fa-aaf0-49db-aa57-acca1dd387bd@group-729F0664FEA8, cid=2552, SUCCESS, logIndex=3631, commits[ed5d81fa-aaf0-49db-aa57-acca1dd387bd:c3632]
2019-09-10 22:12:14,141 [grpc-default-executor-0] INFO  client.GrpcClientProtocolClient (GrpcClientProtocolClient.java:onNext(255)) - client-0C76110B8A2B->ed5d81fa-aaf0-49db-aa57-acca1dd387bd: receive RaftClientReply:client-0C76110B8A2B->ed5d81fa-aaf0-49db-aa57-acca1dd387bd@group-729F0664FEA8, cid=2553, SUCCESS, logIndex=3633, commits[ed5d81fa-aaf0-49db-aa57-acca1dd387bd:c3636]
2019-09-10 22:12:14,141 [grpc-default-executor-0] INFO  client.GrpcClientProtocolClient (GrpcClientProtocolClient.java:onNext(255)) - client-0C76110B8A2B->ed5d81fa-aaf0-49db-aa57-acca1dd387bd: receive RaftClientReply:client-0C76110B8A2B->ed5d81fa-aaf0-49db-aa57-acca1dd387bd@group-729F0664FEA8, cid=2554, SUCCESS, logIndex=3634, commits[ed5d81fa-aaf0-49db-aa57-acca1dd387bd:c3636]
2019-09-10 22:12:14,142 [grpc-default-executor-0] INFO  client.GrpcClientProtocolClient (GrpcClientProtocolClient.java:onNext(255)) - client-0C76110B8A2B->ed5d81fa-aaf0-49db-aa57-acca1dd387bd: receive RaftClientReply:client-0C76110B8A2B->ed5d81fa-aaf0-49db-aa57-acca1dd387bd@group-729F0664FEA8, cid=2555, SUCCESS, logIndex=3635, commits[ed5d81fa-aaf0-49db-aa57-acca1dd387bd:c3637]
2019-09-10 22:12:14,142 [grpc-default-executor-0] INFO  client.GrpcClientProtocolClient (GrpcClientProtocolClient.java:onNext(255)) - client-0C76110B8A2B->ed5d81fa-aaf0-49db-aa57-acca1dd387bd: receive RaftClientReply:client-0C76110B8A2B->ed5d81fa-aaf0-49db-aa57-acca1dd387bd@group-729F0664FEA8, cid=2556, SUCCESS, logIndex=3636, commits[ed5d81fa-aaf0-49db-aa57-acca1dd387bd:c3637]
2019-09-10 22:12:14,161 [grpc-default-executor-0] INFO  client.GrpcClientProtocolClient (GrpcClientProtocolClient.java:onNext(255)) - client-0C76110B8A2B->ed5d81fa-aaf0-49db-aa57-acca1dd387bd: receive RaftClientReply:client-0C76110B8A2B->ed5d81fa-aaf0-49db-aa57-acca1dd387bd@group-729F0664FEA8, cid=2557, SUCCESS, logIndex=3638, commits[ed5d81fa-aaf0-49db-aa57-acca1dd387bd:c3639]
2019-09-10 22:12:14,161 [grpc-default-executor-0] INFO  client.GrpcClientProtocolClient (GrpcClientProtocolClient.java:onNext(255)) - client-0C76110B8A2B->ed5d81fa-aaf0-49db-aa57-acca1dd387bd: receive RaftClientReply:client-0C76110B8A2B->ed5d81fa-aaf0-49db-aa57-acca1dd387bd@group-729F0664FEA8, cid=2558, SUCCESS, logIndex=3639, commits[ed5d81fa-aaf0-49db-aa57-acca1dd387bd:c3641]
2019-09-10 22:12:14,162 [grpc-default-executor-0] INFO  client.GrpcClientProtocolClient (GrpcClientProtocolClient.java:onNext(255)) - client-0C76110B8A2B->ed5d81fa-aaf0-49db-aa57-acca1dd387bd: receive RaftClientReply:client-0C76110B8A2B->ed5d81fa-aaf0-49db-aa57-acca1dd387bd@group-729F0664FEA8, cid=2559, SUCCESS, logIndex=3640, commits[ed5d81fa-aaf0-49db-aa57-acca1dd387bd:c3641]
2019-09-10 22:12:14,162 [grpc-default-executor-0] INFO  client.GrpcClientProtocolClient (GrpcClientProtocolClient.java:onNext(255)) - client-0C76110B8A2B->ed5d81fa-aaf0-49db-aa57-acca1dd387bd: receive RaftClientReply:client-0C76110B8A2B->ed5d81fa-aaf0-49db-aa57-acca1dd387bd@group-729F0664FEA8, cid=2560, SUCCESS, logIndex=3641, commits[ed5d81fa-aaf0-49db-aa57-acca1dd387bd:c3641]
2019-09-10 22:12:14,189 [grpc-default-executor-0] INFO  client.GrpcClientProtocolClient (GrpcClientProtocolClient.java:onNext(255)) - client-0C76110B8A2B->ed5d81fa-aaf0-49db-aa57-acca1dd387bd: receive RaftClientReply:client-0C76110B8A2B->ed5d81fa-aaf0-49db-aa57-acca1dd387bd@group-729F0664FEA8, cid=2561, SUCCESS, logIndex=3644, commits[ed5d81fa-aaf0-49db-aa57-acca1dd387bd:c3645]
2019-09-10 22:12:14,191 [grpc-default-executor-0] INFO  client.GrpcClientProtocolClient (GrpcClientProtocolClient.java:onNext(255)) - client-0C76110B8A2B->ed5d81fa-aaf0-49db-aa57-acca1dd387bd: receive RaftClientReply:client-0C76110B8A2B->ed5d81fa-aaf0-49db-aa57-acca1dd387bd@group-729F0664FEA8, cid=2562, SUCCESS, logIndex=3645, commits[ed5d81fa-aaf0-49db-aa57-acca1dd387bd:c3645]
2019-09-10 22:12:14,196 [SCMBlockDeletingService#1] DEBUG block.SCMBlockDeletingService (SCMBlockDeletingService.java:call(138)) - Running DeletedBlockTransactionScanner
2019-09-10 22:12:14,197 [SCMBlockDeletingService#1] DEBUG block.SCMBlockDeletingService (SCMBlockDeletingService.java:call(155)) - Scanned deleted blocks log and got 0 delTX to process.
2019-09-10 22:12:14,287 [grpc-default-executor-1] INFO  client.GrpcClientProtocolClient (GrpcClientProtocolClient.java:onNext(255)) - client-0C76110B8A2B->ed5d81fa-aaf0-49db-aa57-acca1dd387bd: receive RaftClientReply:client-0C76110B8A2B->ed5d81fa-aaf0-49db-aa57-acca1dd387bd@group-729F0664FEA8, cid=2563, SUCCESS, logIndex=3647, commits[ed5d81fa-aaf0-49db-aa57-acca1dd387bd:c3648]
2019-09-10 22:12:14,287 [grpc-default-executor-1] INFO  client.GrpcClientProtocolClient (GrpcClientProtocolClient.java:onNext(255)) - client-0C76110B8A2B->ed5d81fa-aaf0-49db-aa57-acca1dd387bd: receive RaftClientReply:client-0C76110B8A2B->ed5d81fa-aaf0-49db-aa57-acca1dd387bd@group-729F0664FEA8, cid=2564, SUCCESS, logIndex=3648, commits[ed5d81fa-aaf0-49db-aa57-acca1dd387bd:c3648]
2019-09-10 22:12:14,297 [SCMBlockDeletingService#1] DEBUG block.SCMBlockDeletingService (SCMBlockDeletingService.java:call(138)) - Running DeletedBlockTransactionScanner
2019-09-10 22:12:14,297 [SCMBlockDeletingService#1] DEBUG block.SCMBlockDeletingService (SCMBlockDeletingService.java:call(155)) - Scanned deleted blocks log and got 0 delTX to process.
2019-09-10 22:12:14,314 [grpc-default-executor-1] INFO  client.GrpcClientProtocolClient (GrpcClientProtocolClient.java:onNext(255)) - client-0C76110B8A2B->ed5d81fa-aaf0-49db-aa57-acca1dd387bd: receive RaftClientReply:client-0C76110B8A2B->ed5d81fa-aaf0-49db-aa57-acca1dd387bd@group-729F0664FEA8, cid=2565, SUCCESS, logIndex=3650, commits[ed5d81fa-aaf0-49db-aa57-acca1dd387bd:c3651]
2019-09-10 22:12:14,314 [grpc-default-executor-1] INFO  client.GrpcClientProtocolClient (GrpcClientProtocolClient.java:onNext(255)) - client-0C76110B8A2B->ed5d81fa-aaf0-49db-aa57-acca1dd387bd: receive RaftClientReply:client-0C76110B8A2B->ed5d81fa-aaf0-49db-aa57-acca1dd387bd@group-729F0664FEA8, cid=2566, SUCCESS, logIndex=3651, commits[ed5d81fa-aaf0-49db-aa57-acca1dd387bd:c3653]
2019-09-10 22:12:14,315 [grpc-default-executor-1] INFO  client.GrpcClientProtocolClient (GrpcClientProtocolClient.java:onNext(255)) - client-0C76110B8A2B->ed5d81fa-aaf0-49db-aa57-acca1dd387bd: receive RaftClientReply:client-0C76110B8A2B->ed5d81fa-aaf0-49db-aa57-acca1dd387bd@group-729F0664FEA8, cid=2567, SUCCESS, logIndex=3652, commits[ed5d81fa-aaf0-49db-aa57-acca1dd387bd:c3654]
2019-09-10 22:12:14,315 [grpc-default-executor-1] INFO  client.GrpcClientProtocolClient (GrpcClientProtocolClient.java:onNext(255)) - client-0C76110B8A2B->ed5d81fa-aaf0-49db-aa57-acca1dd387bd: receive RaftClientReply:client-0C76110B8A2B->ed5d81fa-aaf0-49db-aa57-acca1dd387bd@group-729F0664FEA8, cid=2568, SUCCESS, logIndex=3653, commits[ed5d81fa-aaf0-49db-aa57-acca1dd387bd:c3654]
2019-09-10 22:12:14,344 [grpc-default-executor-1] INFO  client.GrpcClientProtocolClient (GrpcClientProtocolClient.java:onNext(255)) - client-0C76110B8A2B->ed5d81fa-aaf0-49db-aa57-acca1dd387bd: receive RaftClientReply:client-0C76110B8A2B->ed5d81fa-aaf0-49db-aa57-acca1dd387bd@group-729F0664FEA8, cid=2569, SUCCESS, logIndex=3656, commits[ed5d81fa-aaf0-49db-aa57-acca1dd387bd:c3659]
2019-09-10 22:12:14,345 [grpc-default-executor-1] INFO  client.GrpcClientProtocolClient (GrpcClientProtocolClient.java:onNext(255)) - client-0C76110B8A2B->ed5d81fa-aaf0-49db-aa57-acca1dd387bd: receive RaftClientReply:client-0C76110B8A2B->ed5d81fa-aaf0-49db-aa57-acca1dd387bd@group-729F0664FEA8, cid=2570, SUCCESS, logIndex=3657, commits[ed5d81fa-aaf0-49db-aa57-acca1dd387bd:c3660]
2019-09-10 22:12:14,345 [grpc-default-executor-1] INFO  client.GrpcClientProtocolClient (GrpcClientProtocolClient.java:onNext(255)) - client-0C76110B8A2B->ed5d81fa-aaf0-49db-aa57-acca1dd387bd: receive RaftClientReply:client-0C76110B8A2B->ed5d81fa-aaf0-49db-aa57-acca1dd387bd@group-729F0664FEA8, cid=2571, SUCCESS, logIndex=3658, commits[ed5d81fa-aaf0-49db-aa57-acca1dd387bd:c3660]
2019-09-10 22:12:14,345 [grpc-default-executor-1] INFO  client.GrpcClientProtocolClient (GrpcClientProtocolClient.java:onNext(255)) - client-0C76110B8A2B->ed5d81fa-aaf0-49db-aa57-acca1dd387bd: receive RaftClientReply:client-0C76110B8A2B->ed5d81fa-aaf0-49db-aa57-acca1dd387bd@group-729F0664FEA8, cid=2572, SUCCESS, logIndex=3659, commits[ed5d81fa-aaf0-49db-aa57-acca1dd387bd:c3660]
2019-09-10 22:12:14,366 [grpc-default-executor-1] INFO  client.GrpcClientProtocolClient (GrpcClientProtocolClient.java:onNext(255)) - client-0C76110B8A2B->ed5d81fa-aaf0-49db-aa57-acca1dd387bd: receive RaftClientReply:client-0C76110B8A2B->ed5d81fa-aaf0-49db-aa57-acca1dd387bd@group-729F0664FEA8, cid=2573, SUCCESS, logIndex=3661, commits[ed5d81fa-aaf0-49db-aa57-acca1dd387bd:c3664]
2019-09-10 22:12:14,366 [grpc-default-executor-1] INFO  client.GrpcClientProtocolClient (GrpcClientProtocolClient.java:onNext(255)) - client-0C76110B8A2B->ed5d81fa-aaf0-49db-aa57-acca1dd387bd: receive RaftClientReply:client-0C76110B8A2B->ed5d81fa-aaf0-49db-aa57-acca1dd387bd@group-729F0664FEA8, cid=2574, SUCCESS, logIndex=3662, commits[ed5d81fa-aaf0-49db-aa57-acca1dd387bd:c3665]
2019-09-10 22:12:14,366 [grpc-default-executor-1] INFO  client.GrpcClientProtocolClient (GrpcClientProtocolClient.java:onNext(255)) - client-0C76110B8A2B->ed5d81fa-aaf0-49db-aa57-acca1dd387bd: receive RaftClientReply:client-0C76110B8A2B->ed5d81fa-aaf0-49db-aa57-acca1dd387bd@group-729F0664FEA8, cid=2575, SUCCESS, logIndex=3663, commits[ed5d81fa-aaf0-49db-aa57-acca1dd387bd:c3665]
2019-09-10 22:12:14,367 [grpc-default-executor-1] INFO  client.GrpcClientProtocolClient (GrpcClientProtocolClient.java:onNext(255)) - client-0C76110B8A2B->ed5d81fa-aaf0-49db-aa57-acca1dd387bd: receive RaftClientReply:client-0C76110B8A2B->ed5d81fa-aaf0-49db-aa57-acca1dd387bd@group-729F0664FEA8, cid=2576, SUCCESS, logIndex=3664, commits[ed5d81fa-aaf0-49db-aa57-acca1dd387bd:c3665]
2019-09-10 22:12:14,392 [grpc-default-executor-1] INFO  client.GrpcClientProtocolClient (GrpcClientProtocolClient.java:onNext(255)) - client-0C76110B8A2B->ed5d81fa-aaf0-49db-aa57-acca1dd387bd: receive RaftClientReply:client-0C76110B8A2B->ed5d81fa-aaf0-49db-aa57-acca1dd387bd@group-729F0664FEA8, cid=2577, SUCCESS, logIndex=3666, commits[ed5d81fa-aaf0-49db-aa57-acca1dd387bd:c3667]
2019-09-10 22:12:14,393 [grpc-default-executor-1] INFO  client.GrpcClientProtocolClient (GrpcClientProtocolClient.java:onNext(255)) - client-0C76110B8A2B->ed5d81fa-aaf0-49db-aa57-acca1dd387bd: receive RaftClientReply:client-0C76110B8A2B->ed5d81fa-aaf0-49db-aa57-acca1dd387bd@group-729F0664FEA8, cid=2578, SUCCESS, logIndex=3667, commits[ed5d81fa-aaf0-49db-aa57-acca1dd387bd:c3667]
2019-09-10 22:12:14,394 [grpc-default-executor-1] INFO  client.GrpcClientProtocolClient (GrpcClientProtocolClient.java:onNext(255)) - client-0C76110B8A2B->ed5d81fa-aaf0-49db-aa57-acca1dd387bd: receive RaftClientReply:client-0C76110B8A2B->ed5d81fa-aaf0-49db-aa57-acca1dd387bd@group-729F0664FEA8, cid=2579, SUCCESS, logIndex=3668, commits[ed5d81fa-aaf0-49db-aa57-acca1dd387bd:c3669]
2019-09-10 22:12:14,395 [grpc-default-executor-1] INFO  client.GrpcClientProtocolClient (GrpcClientProtocolClient.java:onNext(255)) - client-0C76110B8A2B->ed5d81fa-aaf0-49db-aa57-acca1dd387bd: receive RaftClientReply:client-0C76110B8A2B->ed5d81fa-aaf0-49db-aa57-acca1dd387bd@group-729F0664FEA8, cid=2580, SUCCESS, logIndex=3669, commits[ed5d81fa-aaf0-49db-aa57-acca1dd387bd:c3669]
2019-09-10 22:12:14,397 [SCMBlockDeletingService#0] DEBUG block.SCMBlockDeletingService (SCMBlockDeletingService.java:call(138)) - Running DeletedBlockTransactionScanner
2019-09-10 22:12:14,398 [SCMBlockDeletingService#0] DEBUG block.SCMBlockDeletingService (SCMBlockDeletingService.java:call(155)) - Scanned deleted blocks log and got 0 delTX to process.
2019-09-10 22:12:14,407 [grpc-default-executor-0] INFO  client.GrpcClientProtocolClient (GrpcClientProtocolClient.java:onNext(255)) - client-0C76110B8A2B->ed5d81fa-aaf0-49db-aa57-acca1dd387bd: receive RaftClientReply:client-0C76110B8A2B->ed5d81fa-aaf0-49db-aa57-acca1dd387bd@group-729F0664FEA8, cid=2581, SUCCESS, logIndex=3672, commits[ed5d81fa-aaf0-49db-aa57-acca1dd387bd:c3675]
2019-09-10 22:12:14,408 [grpc-default-executor-0] INFO  client.GrpcClientProtocolClient (GrpcClientProtocolClient.java:onNext(255)) - client-0C76110B8A2B->ed5d81fa-aaf0-49db-aa57-acca1dd387bd: receive RaftClientReply:client-0C76110B8A2B->ed5d81fa-aaf0-49db-aa57-acca1dd387bd@group-729F0664FEA8, cid=2582, SUCCESS, logIndex=3673, commits[ed5d81fa-aaf0-49db-aa57-acca1dd387bd:c3675]
2019-09-10 22:12:14,408 [grpc-default-executor-0] INFO  client.GrpcClientProtocolClient (GrpcClientProtocolClient.java:onNext(255)) - client-0C76110B8A2B->ed5d81fa-aaf0-49db-aa57-acca1dd387bd: receive RaftClientReply:client-0C76110B8A2B->ed5d81fa-aaf0-49db-aa57-acca1dd387bd@group-729F0664FEA8, cid=2583, SUCCESS, logIndex=3674, commits[ed5d81fa-aaf0-49db-aa57-acca1dd387bd:c3675]
2019-09-10 22:12:14,408 [grpc-default-executor-0] INFO  client.GrpcClientProtocolClient (GrpcClientProtocolClient.java:onNext(255)) - client-0C76110B8A2B->ed5d81fa-aaf0-49db-aa57-acca1dd387bd: receive RaftClientReply:client-0C76110B8A2B->ed5d81fa-aaf0-49db-aa57-acca1dd387bd@group-729F0664FEA8, cid=2584, SUCCESS, logIndex=3675, commits[ed5d81fa-aaf0-49db-aa57-acca1dd387bd:c3675]
2019-09-10 22:12:14,436 [grpc-default-executor-0] INFO  client.GrpcClientProtocolClient (GrpcClientProtocolClient.java:onNext(255)) - client-0C76110B8A2B->ed5d81fa-aaf0-49db-aa57-acca1dd387bd: receive RaftClientReply:client-0C76110B8A2B->ed5d81fa-aaf0-49db-aa57-acca1dd387bd@group-729F0664FEA8, cid=2585, SUCCESS, logIndex=3677, commits[ed5d81fa-aaf0-49db-aa57-acca1dd387bd:c3680]
2019-09-10 22:12:14,437 [grpc-default-executor-0] INFO  client.GrpcClientProtocolClient (GrpcClientProtocolClient.java:onNext(255)) - client-0C76110B8A2B->ed5d81fa-aaf0-49db-aa57-acca1dd387bd: receive RaftClientReply:client-0C76110B8A2B->ed5d81fa-aaf0-49db-aa57-acca1dd387bd@group-729F0664FEA8, cid=2586, SUCCESS, logIndex=3678, commits[ed5d81fa-aaf0-49db-aa57-acca1dd387bd:c3681]
2019-09-10 22:12:14,437 [grpc-default-executor-0] INFO  client.GrpcClientProtocolClient (GrpcClientProtocolClient.java:onNext(255)) - client-0C76110B8A2B->ed5d81fa-aaf0-49db-aa57-acca1dd387bd: receive RaftClientReply:client-0C76110B8A2B->ed5d81fa-aaf0-49db-aa57-acca1dd387bd@group-729F0664FEA8, cid=2587, SUCCESS, logIndex=3679, commits[ed5d81fa-aaf0-49db-aa57-acca1dd387bd:c3681]
2019-09-10 22:12:14,437 [grpc-default-executor-0] INFO  client.GrpcClientProtocolClient (GrpcClientProtocolClient.java:onNext(255)) - client-0C76110B8A2B->ed5d81fa-aaf0-49db-aa57-acca1dd387bd: receive RaftClientReply:client-0C76110B8A2B->ed5d81fa-aaf0-49db-aa57-acca1dd387bd@group-729F0664FEA8, cid=2588, SUCCESS, logIndex=3680, commits[ed5d81fa-aaf0-49db-aa57-acca1dd387bd:c3681]
2019-09-10 22:12:14,459 [grpc-default-executor-0] INFO  client.GrpcClientProtocolClient (GrpcClientProtocolClient.java:onNext(255)) - client-0C76110B8A2B->ed5d81fa-aaf0-49db-aa57-acca1dd387bd: receive RaftClientReply:client-0C76110B8A2B->ed5d81fa-aaf0-49db-aa57-acca1dd387bd@group-729F0664FEA8, cid=2589, SUCCESS, logIndex=3682, commits[ed5d81fa-aaf0-49db-aa57-acca1dd387bd:c3685]
2019-09-10 22:12:14,460 [grpc-default-executor-0] INFO  client.GrpcClientProtocolClient (GrpcClientProtocolClient.java:onNext(255)) - client-0C76110B8A2B->ed5d81fa-aaf0-49db-aa57-acca1dd387bd: receive RaftClientReply:client-0C76110B8A2B->ed5d81fa-aaf0-49db-aa57-acca1dd387bd@group-729F0664FEA8, cid=2590, SUCCESS, logIndex=3683, commits[ed5d81fa-aaf0-49db-aa57-acca1dd387bd:c3685]
2019-09-10 22:12:14,460 [grpc-default-executor-0] INFO  client.GrpcClientProtocolClient (GrpcClientProtocolClient.java:onNext(255)) - client-0C76110B8A2B->ed5d81fa-aaf0-49db-aa57-acca1dd387bd: receive RaftClientReply:client-0C76110B8A2B->ed5d81fa-aaf0-49db-aa57-acca1dd387bd@group-729F0664FEA8, cid=2591, SUCCESS, logIndex=3684, commits[ed5d81fa-aaf0-49db-aa57-acca1dd387bd:c3686]
2019-09-10 22:12:14,461 [grpc-default-executor-0] INFO  client.GrpcClientProtocolClient (GrpcClientProtocolClient.java:onNext(255)) - client-0C76110B8A2B->ed5d81fa-aaf0-49db-aa57-acca1dd387bd: receive RaftClientReply:client-0C76110B8A2B->ed5d81fa-aaf0-49db-aa57-acca1dd387bd@group-729F0664FEA8, cid=2592, SUCCESS, logIndex=3685, commits[ed5d81fa-aaf0-49db-aa57-acca1dd387bd:c3686]
2019-09-10 22:12:14,489 [grpc-default-executor-1] INFO  client.GrpcClientProtocolClient (GrpcClientProtocolClient.java:onNext(255)) - client-0C76110B8A2B->ed5d81fa-aaf0-49db-aa57-acca1dd387bd: receive RaftClientReply:client-0C76110B8A2B->ed5d81fa-aaf0-49db-aa57-acca1dd387bd@group-729F0664FEA8, cid=2593, SUCCESS, logIndex=3687, commits[ed5d81fa-aaf0-49db-aa57-acca1dd387bd:c3690]
2019-09-10 22:12:14,489 [grpc-default-executor-1] INFO  client.GrpcClientProtocolClient (GrpcClientProtocolClient.java:onNext(255)) - client-0C76110B8A2B->ed5d81fa-aaf0-49db-aa57-acca1dd387bd: receive RaftClientReply:client-0C76110B8A2B->ed5d81fa-aaf0-49db-aa57-acca1dd387bd@group-729F0664FEA8, cid=2594, SUCCESS, logIndex=3688, commits[ed5d81fa-aaf0-49db-aa57-acca1dd387bd:c3690]
2019-09-10 22:12:14,490 [grpc-default-executor-1] INFO  client.GrpcClientProtocolClient (GrpcClientProtocolClient.java:onNext(255)) - client-0C76110B8A2B->ed5d81fa-aaf0-49db-aa57-acca1dd387bd: receive RaftClientReply:client-0C76110B8A2B->ed5d81fa-aaf0-49db-aa57-acca1dd387bd@group-729F0664FEA8, cid=2595, SUCCESS, logIndex=3689, commits[ed5d81fa-aaf0-49db-aa57-acca1dd387bd:c3691]
2019-09-10 22:12:14,490 [grpc-default-executor-1] INFO  client.GrpcClientProtocolClient (GrpcClientProtocolClient.java:onNext(255)) - client-0C76110B8A2B->ed5d81fa-aaf0-49db-aa57-acca1dd387bd: receive RaftClientReply:client-0C76110B8A2B->ed5d81fa-aaf0-49db-aa57-acca1dd387bd@group-729F0664FEA8, cid=2596, SUCCESS, logIndex=3690, commits[ed5d81fa-aaf0-49db-aa57-acca1dd387bd:c3691]
2019-09-10 22:12:14,617 [SCMBlockDeletingService#1] DEBUG block.SCMBlockDeletingService (SCMBlockDeletingService.java:call(138)) - Running DeletedBlockTransactionScanner
2019-09-10 22:12:14,617 [SCMBlockDeletingService#1] DEBUG block.SCMBlockDeletingService (SCMBlockDeletingService.java:call(155)) - Scanned deleted blocks log and got 0 delTX to process.
2019-09-10 22:12:14,629 [grpc-default-executor-1] INFO  client.GrpcClientProtocolClient (GrpcClientProtocolClient.java:onNext(255)) - client-0C76110B8A2B->ed5d81fa-aaf0-49db-aa57-acca1dd387bd: receive RaftClientReply:client-0C76110B8A2B->ed5d81fa-aaf0-49db-aa57-acca1dd387bd@group-729F0664FEA8, cid=2597, SUCCESS, logIndex=3693, commits[ed5d81fa-aaf0-49db-aa57-acca1dd387bd:c3694]
2019-09-10 22:12:14,629 [grpc-default-executor-1] INFO  client.GrpcClientProtocolClient (GrpcClientProtocolClient.java:onNext(255)) - client-0C76110B8A2B->ed5d81fa-aaf0-49db-aa57-acca1dd387bd: receive RaftClientReply:client-0C76110B8A2B->ed5d81fa-aaf0-49db-aa57-acca1dd387bd@group-729F0664FEA8, cid=2598, SUCCESS, logIndex=3694, commits[ed5d81fa-aaf0-49db-aa57-acca1dd387bd:c3696]
2019-09-10 22:12:14,630 [grpc-default-executor-1] INFO  client.GrpcClientProtocolClient (GrpcClientProtocolClient.java:onNext(255)) - client-0C76110B8A2B->ed5d81fa-aaf0-49db-aa57-acca1dd387bd: receive RaftClientReply:client-0C76110B8A2B->ed5d81fa-aaf0-49db-aa57-acca1dd387bd@group-729F0664FEA8, cid=2599, SUCCESS, logIndex=3695, commits[ed5d81fa-aaf0-49db-aa57-acca1dd387bd:c3696]
2019-09-10 22:12:14,630 [grpc-default-executor-1] INFO  client.GrpcClientProtocolClient (GrpcClientProtocolClient.java:onNext(255)) - client-0C76110B8A2B->ed5d81fa-aaf0-49db-aa57-acca1dd387bd: receive RaftClientReply:client-0C76110B8A2B->ed5d81fa-aaf0-49db-aa57-acca1dd387bd@group-729F0664FEA8, cid=2600, SUCCESS, logIndex=3696, commits[ed5d81fa-aaf0-49db-aa57-acca1dd387bd:c3697]
2019-09-10 22:12:14,663 [grpc-default-executor-0] INFO  client.GrpcClientProtocolClient (GrpcClientProtocolClient.java:onNext(255)) - client-0C76110B8A2B->ed5d81fa-aaf0-49db-aa57-acca1dd387bd: receive RaftClientReply:client-0C76110B8A2B->ed5d81fa-aaf0-49db-aa57-acca1dd387bd@group-729F0664FEA8, cid=2601, SUCCESS, logIndex=3699, commits[ed5d81fa-aaf0-49db-aa57-acca1dd387bd:c3702]
2019-09-10 22:12:14,663 [grpc-default-executor-0] INFO  client.GrpcClientProtocolClient (GrpcClientProtocolClient.java:onNext(255)) - client-0C76110B8A2B->ed5d81fa-aaf0-49db-aa57-acca1dd387bd: receive RaftClientReply:client-0C76110B8A2B->ed5d81fa-aaf0-49db-aa57-acca1dd387bd@group-729F0664FEA8, cid=2602, SUCCESS, logIndex=3700, commits[ed5d81fa-aaf0-49db-aa57-acca1dd387bd:c3703]
2019-09-10 22:12:14,663 [grpc-default-executor-0] INFO  client.GrpcClientProtocolClient (GrpcClientProtocolClient.java:onNext(255)) - client-0C76110B8A2B->ed5d81fa-aaf0-49db-aa57-acca1dd387bd: receive RaftClientReply:client-0C76110B8A2B->ed5d81fa-aaf0-49db-aa57-acca1dd387bd@group-729F0664FEA8, cid=2603, SUCCESS, logIndex=3701, commits[ed5d81fa-aaf0-49db-aa57-acca1dd387bd:c3703]
2019-09-10 22:12:14,663 [grpc-default-executor-0] INFO  client.GrpcClientProtocolClient (GrpcClientProtocolClient.java:onNext(255)) - client-0C76110B8A2B->ed5d81fa-aaf0-49db-aa57-acca1dd387bd: receive RaftClientReply:client-0C76110B8A2B->ed5d81fa-aaf0-49db-aa57-acca1dd387bd@group-729F0664FEA8, cid=2604, SUCCESS, logIndex=3702, commits[ed5d81fa-aaf0-49db-aa57-acca1dd387bd:c3703]
2019-09-10 22:12:14,682 [grpc-default-executor-0] INFO  client.GrpcClientProtocolClient (GrpcClientProtocolClient.java:onNext(255)) - client-0C76110B8A2B->ed5d81fa-aaf0-49db-aa57-acca1dd387bd: receive RaftClientReply:client-0C76110B8A2B->ed5d81fa-aaf0-49db-aa57-acca1dd387bd@group-729F0664FEA8, cid=2605, SUCCESS, logIndex=3704, commits[ed5d81fa-aaf0-49db-aa57-acca1dd387bd:c3705]
2019-09-10 22:12:14,683 [grpc-default-executor-0] INFO  client.GrpcClientProtocolClient (GrpcClientProtocolClient.java:onNext(255)) - client-0C76110B8A2B->ed5d81fa-aaf0-49db-aa57-acca1dd387bd: receive RaftClientReply:client-0C76110B8A2B->ed5d81fa-aaf0-49db-aa57-acca1dd387bd@group-729F0664FEA8, cid=2606, SUCCESS, logIndex=3705, commits[ed5d81fa-aaf0-49db-aa57-acca1dd387bd:c3706]
2019-09-10 22:12:14,717 [SCMBlockDeletingService#1] DEBUG block.SCMBlockDeletingService (SCMBlockDeletingService.java:call(138)) - Running DeletedBlockTransactionScanner
2019-09-10 22:12:14,717 [SCMBlockDeletingService#1] DEBUG block.SCMBlockDeletingService (SCMBlockDeletingService.java:call(155)) - Scanned deleted blocks log and got 0 delTX to process.
2019-09-10 22:12:14,784 [grpc-default-executor-1] INFO  client.GrpcClientProtocolClient (GrpcClientProtocolClient.java:onNext(255)) - client-0C76110B8A2B->ed5d81fa-aaf0-49db-aa57-acca1dd387bd: receive RaftClientReply:client-0C76110B8A2B->ed5d81fa-aaf0-49db-aa57-acca1dd387bd@group-729F0664FEA8, cid=2607, SUCCESS, logIndex=3707, commits[ed5d81fa-aaf0-49db-aa57-acca1dd387bd:c3708]
2019-09-10 22:12:14,785 [grpc-default-executor-1] INFO  client.GrpcClientProtocolClient (GrpcClientProtocolClient.java:onNext(255)) - client-0C76110B8A2B->ed5d81fa-aaf0-49db-aa57-acca1dd387bd: receive RaftClientReply:client-0C76110B8A2B->ed5d81fa-aaf0-49db-aa57-acca1dd387bd@group-729F0664FEA8, cid=2608, SUCCESS, logIndex=3708, commits[ed5d81fa-aaf0-49db-aa57-acca1dd387bd:c3709]
2019-09-10 22:12:14,815 [grpc-default-executor-1] INFO  client.GrpcClientProtocolClient (GrpcClientProtocolClient.java:onNext(255)) - client-0C76110B8A2B->ed5d81fa-aaf0-49db-aa57-acca1dd387bd: receive RaftClientReply:client-0C76110B8A2B->ed5d81fa-aaf0-49db-aa57-acca1dd387bd@group-729F0664FEA8, cid=2609, SUCCESS, logIndex=3710, commits[ed5d81fa-aaf0-49db-aa57-acca1dd387bd:c3713]
2019-09-10 22:12:14,815 [grpc-default-executor-1] INFO  client.GrpcClientProtocolClient (GrpcClientProtocolClient.java:onNext(255)) - client-0C76110B8A2B->ed5d81fa-aaf0-49db-aa57-acca1dd387bd: receive RaftClientReply:client-0C76110B8A2B->ed5d81fa-aaf0-49db-aa57-acca1dd387bd@group-729F0664FEA8, cid=2610, SUCCESS, logIndex=3711, commits[ed5d81fa-aaf0-49db-aa57-acca1dd387bd:c3714]
2019-09-10 22:12:14,816 [grpc-default-executor-1] INFO  client.GrpcClientProtocolClient (GrpcClientProtocolClient.java:onNext(255)) - client-0C76110B8A2B->ed5d81fa-aaf0-49db-aa57-acca1dd387bd: receive RaftClientReply:client-0C76110B8A2B->ed5d81fa-aaf0-49db-aa57-acca1dd387bd@group-729F0664FEA8, cid=2611, SUCCESS, logIndex=3712, commits[ed5d81fa-aaf0-49db-aa57-acca1dd387bd:c3714]
2019-09-10 22:12:14,816 [grpc-default-executor-1] INFO  client.GrpcClientProtocolClient (GrpcClientProtocolClient.java:onNext(255)) - client-0C76110B8A2B->ed5d81fa-aaf0-49db-aa57-acca1dd387bd: receive RaftClientReply:client-0C76110B8A2B->ed5d81fa-aaf0-49db-aa57-acca1dd387bd@group-729F0664FEA8, cid=2612, SUCCESS, logIndex=3713, commits[ed5d81fa-aaf0-49db-aa57-acca1dd387bd:c3714]
2019-09-10 22:12:14,818 [SCMBlockDeletingService#1] DEBUG block.SCMBlockDeletingService (SCMBlockDeletingService.java:call(138)) - Running DeletedBlockTransactionScanner
2019-09-10 22:12:14,818 [SCMBlockDeletingService#1] DEBUG block.SCMBlockDeletingService (SCMBlockDeletingService.java:call(155)) - Scanned deleted blocks log and got 0 delTX to process.
2019-09-10 22:12:14,834 [grpc-default-executor-0] INFO  client.GrpcClientProtocolClient (GrpcClientProtocolClient.java:onNext(255)) - client-0C76110B8A2B->ed5d81fa-aaf0-49db-aa57-acca1dd387bd: receive RaftClientReply:client-0C76110B8A2B->ed5d81fa-aaf0-49db-aa57-acca1dd387bd@group-729F0664FEA8, cid=2613, SUCCESS, logIndex=3715, commits[ed5d81fa-aaf0-49db-aa57-acca1dd387bd:c3716]
2019-09-10 22:12:14,834 [grpc-default-executor-0] INFO  client.GrpcClientProtocolClient (GrpcClientProtocolClient.java:onNext(255)) - client-0C76110B8A2B->ed5d81fa-aaf0-49db-aa57-acca1dd387bd: receive RaftClientReply:client-0C76110B8A2B->ed5d81fa-aaf0-49db-aa57-acca1dd387bd@group-729F0664FEA8, cid=2614, SUCCESS, logIndex=3716, commits[ed5d81fa-aaf0-49db-aa57-acca1dd387bd:c3718]
2019-09-10 22:12:14,834 [grpc-default-executor-0] INFO  client.GrpcClientProtocolClient (GrpcClientProtocolClient.java:onNext(255)) - client-0C76110B8A2B->ed5d81fa-aaf0-49db-aa57-acca1dd387bd: receive RaftClientReply:client-0C76110B8A2B->ed5d81fa-aaf0-49db-aa57-acca1dd387bd@group-729F0664FEA8, cid=2615, SUCCESS, logIndex=3717, commits[ed5d81fa-aaf0-49db-aa57-acca1dd387bd:c3718]
2019-09-10 22:12:14,835 [grpc-default-executor-0] INFO  client.GrpcClientProtocolClient (GrpcClientProtocolClient.java:onNext(255)) - client-0C76110B8A2B->ed5d81fa-aaf0-49db-aa57-acca1dd387bd: receive RaftClientReply:client-0C76110B8A2B->ed5d81fa-aaf0-49db-aa57-acca1dd387bd@group-729F0664FEA8, cid=2616, SUCCESS, logIndex=3718, commits[ed5d81fa-aaf0-49db-aa57-acca1dd387bd:c3719]
2019-09-10 22:12:14,860 [grpc-default-executor-0] INFO  client.GrpcClientProtocolClient (GrpcClientProtocolClient.java:onNext(255)) - client-0C76110B8A2B->ed5d81fa-aaf0-49db-aa57-acca1dd387bd: receive RaftClientReply:client-0C76110B8A2B->ed5d81fa-aaf0-49db-aa57-acca1dd387bd@group-729F0664FEA8, cid=2617, SUCCESS, logIndex=3721, commits[ed5d81fa-aaf0-49db-aa57-acca1dd387bd:c3722]
2019-09-10 22:12:14,861 [grpc-default-executor-0] INFO  client.GrpcClientProtocolClient (GrpcClientProtocolClient.java:onNext(255)) - client-0C76110B8A2B->ed5d81fa-aaf0-49db-aa57-acca1dd387bd: receive RaftClientReply:client-0C76110B8A2B->ed5d81fa-aaf0-49db-aa57-acca1dd387bd@group-729F0664FEA8, cid=2618, SUCCESS, logIndex=3722, commits[ed5d81fa-aaf0-49db-aa57-acca1dd387bd:c3722]
2019-09-10 22:12:14,861 [grpc-default-executor-0] INFO  client.GrpcClientProtocolClient (GrpcClientProtocolClient.java:onNext(255)) - client-0C76110B8A2B->ed5d81fa-aaf0-49db-aa57-acca1dd387bd: receive RaftClientReply:client-0C76110B8A2B->ed5d81fa-aaf0-49db-aa57-acca1dd387bd@group-729F0664FEA8, cid=2619, SUCCESS, logIndex=3723, commits[ed5d81fa-aaf0-49db-aa57-acca1dd387bd:c3724]
2019-09-10 22:12:14,861 [grpc-default-executor-0] INFO  client.GrpcClientProtocolClient (GrpcClientProtocolClient.java:onNext(255)) - client-0C76110B8A2B->ed5d81fa-aaf0-49db-aa57-acca1dd387bd: receive RaftClientReply:client-0C76110B8A2B->ed5d81fa-aaf0-49db-aa57-acca1dd387bd@group-729F0664FEA8, cid=2620, SUCCESS, logIndex=3724, commits[ed5d81fa-aaf0-49db-aa57-acca1dd387bd:c3724]
2019-09-10 22:12:14,879 [grpc-default-executor-0] INFO  client.GrpcClientProtocolClient (GrpcClientProtocolClient.java:onNext(255)) - client-0C76110B8A2B->ed5d81fa-aaf0-49db-aa57-acca1dd387bd: receive RaftClientReply:client-0C76110B8A2B->ed5d81fa-aaf0-49db-aa57-acca1dd387bd@group-729F0664FEA8, cid=2621, SUCCESS, logIndex=3727, commits[ed5d81fa-aaf0-49db-aa57-acca1dd387bd:c3728]
2019-09-10 22:12:14,879 [grpc-default-executor-0] INFO  client.GrpcClientProtocolClient (GrpcClientProtocolClient.java:onNext(255)) - client-0C76110B8A2B->ed5d81fa-aaf0-49db-aa57-acca1dd387bd: receive RaftClientReply:client-0C76110B8A2B->ed5d81fa-aaf0-49db-aa57-acca1dd387bd@group-729F0664FEA8, cid=2622, SUCCESS, logIndex=3728, commits[ed5d81fa-aaf0-49db-aa57-acca1dd387bd:c3728]
2019-09-10 22:12:14,882 [grpc-default-executor-0] INFO  client.GrpcClientProtocolClient (GrpcClientProtocolClient.java:onNext(255)) - client-0C76110B8A2B->ed5d81fa-aaf0-49db-aa57-acca1dd387bd: receive RaftClientReply:client-0C76110B8A2B->ed5d81fa-aaf0-49db-aa57-acca1dd387bd@group-729F0664FEA8, cid=2623, SUCCESS, logIndex=3729, commits[ed5d81fa-aaf0-49db-aa57-acca1dd387bd:c3731]
2019-09-10 22:12:14,882 [grpc-default-executor-0] INFO  client.GrpcClientProtocolClient (GrpcClientProtocolClient.java:onNext(255)) - client-0C76110B8A2B->ed5d81fa-aaf0-49db-aa57-acca1dd387bd: receive RaftClientReply:client-0C76110B8A2B->ed5d81fa-aaf0-49db-aa57-acca1dd387bd@group-729F0664FEA8, cid=2624, SUCCESS, logIndex=3730, commits[ed5d81fa-aaf0-49db-aa57-acca1dd387bd:c3731]
2019-09-10 22:12:14,908 [grpc-default-executor-0] INFO  client.GrpcClientProtocolClient (GrpcClientProtocolClient.java:onNext(255)) - client-0C76110B8A2B->ed5d81fa-aaf0-49db-aa57-acca1dd387bd: receive RaftClientReply:client-0C76110B8A2B->ed5d81fa-aaf0-49db-aa57-acca1dd387bd@group-729F0664FEA8, cid=2625, SUCCESS, logIndex=3732, commits[ed5d81fa-aaf0-49db-aa57-acca1dd387bd:c3733]
2019-09-10 22:12:14,908 [grpc-default-executor-0] INFO  client.GrpcClientProtocolClient (GrpcClientProtocolClient.java:onNext(255)) - client-0C76110B8A2B->ed5d81fa-aaf0-49db-aa57-acca1dd387bd: receive RaftClientReply:client-0C76110B8A2B->ed5d81fa-aaf0-49db-aa57-acca1dd387bd@group-729F0664FEA8, cid=2626, SUCCESS, logIndex=3733, commits[ed5d81fa-aaf0-49db-aa57-acca1dd387bd:c3733]
2019-09-10 22:12:14,910 [grpc-default-executor-0] INFO  client.GrpcClientProtocolClient (GrpcClientProtocolClient.java:onNext(255)) - client-0C76110B8A2B->ed5d81fa-aaf0-49db-aa57-acca1dd387bd: receive RaftClientReply:client-0C76110B8A2B->ed5d81fa-aaf0-49db-aa57-acca1dd387bd@group-729F0664FEA8, cid=2627, SUCCESS, logIndex=3734, commits[ed5d81fa-aaf0-49db-aa57-acca1dd387bd:c3735]
2019-09-10 22:12:14,910 [grpc-default-executor-0] INFO  client.GrpcClientProtocolClient (GrpcClientProtocolClient.java:onNext(255)) - client-0C76110B8A2B->ed5d81fa-aaf0-49db-aa57-acca1dd387bd: receive RaftClientReply:client-0C76110B8A2B->ed5d81fa-aaf0-49db-aa57-acca1dd387bd@group-729F0664FEA8, cid=2628, SUCCESS, logIndex=3735, commits[ed5d81fa-aaf0-49db-aa57-acca1dd387bd:c3735]
2019-09-10 22:12:14,918 [SCMBlockDeletingService#1] DEBUG block.SCMBlockDeletingService (SCMBlockDeletingService.java:call(138)) - Running DeletedBlockTransactionScanner
2019-09-10 22:12:14,918 [SCMBlockDeletingService#1] DEBUG block.SCMBlockDeletingService (SCMBlockDeletingService.java:call(155)) - Scanned deleted blocks log and got 0 delTX to process.
2019-09-10 22:12:14,923 [grpc-default-executor-1] INFO  client.GrpcClientProtocolClient (GrpcClientProtocolClient.java:onNext(255)) - client-0C76110B8A2B->ed5d81fa-aaf0-49db-aa57-acca1dd387bd: receive RaftClientReply:client-0C76110B8A2B->ed5d81fa-aaf0-49db-aa57-acca1dd387bd@group-729F0664FEA8, cid=2629, SUCCESS, logIndex=3738, commits[ed5d81fa-aaf0-49db-aa57-acca1dd387bd:c3741]
2019-09-10 22:12:14,923 [grpc-default-executor-1] INFO  client.GrpcClientProtocolClient (GrpcClientProtocolClient.java:onNext(255)) - client-0C76110B8A2B->ed5d81fa-aaf0-49db-aa57-acca1dd387bd: receive RaftClientReply:client-0C76110B8A2B->ed5d81fa-aaf0-49db-aa57-acca1dd387bd@group-729F0664FEA8, cid=2630, SUCCESS, logIndex=3739, commits[ed5d81fa-aaf0-49db-aa57-acca1dd387bd:c3741]
2019-09-10 22:12:14,923 [grpc-default-executor-1] INFO  client.GrpcClientProtocolClient (GrpcClientProtocolClient.java:onNext(255)) - client-0C76110B8A2B->ed5d81fa-aaf0-49db-aa57-acca1dd387bd: receive RaftClientReply:client-0C76110B8A2B->ed5d81fa-aaf0-49db-aa57-acca1dd387bd@group-729F0664FEA8, cid=2631, SUCCESS, logIndex=3740, commits[ed5d81fa-aaf0-49db-aa57-acca1dd387bd:c3741]
2019-09-10 22:12:14,924 [grpc-default-executor-1] INFO  client.GrpcClientProtocolClient (GrpcClientProtocolClient.java:onNext(255)) - client-0C76110B8A2B->ed5d81fa-aaf0-49db-aa57-acca1dd387bd: receive RaftClientReply:client-0C76110B8A2B->ed5d81fa-aaf0-49db-aa57-acca1dd387bd@group-729F0664FEA8, cid=2632, SUCCESS, logIndex=3741, commits[ed5d81fa-aaf0-49db-aa57-acca1dd387bd:c3741]
2019-09-10 22:12:14,949 [grpc-default-executor-0] INFO  client.GrpcClientProtocolClient (GrpcClientProtocolClient.java:onNext(255)) - client-0C76110B8A2B->ed5d81fa-aaf0-49db-aa57-acca1dd387bd: receive RaftClientReply:client-0C76110B8A2B->ed5d81fa-aaf0-49db-aa57-acca1dd387bd@group-729F0664FEA8, cid=2633, SUCCESS, logIndex=3743, commits[ed5d81fa-aaf0-49db-aa57-acca1dd387bd:c3746]
2019-09-10 22:12:14,950 [grpc-default-executor-0] INFO  client.GrpcClientProtocolClient (GrpcClientProtocolClient.java:onNext(255)) - client-0C76110B8A2B->ed5d81fa-aaf0-49db-aa57-acca1dd387bd: receive RaftClientReply:client-0C76110B8A2B->ed5d81fa-aaf0-49db-aa57-acca1dd387bd@group-729F0664FEA8, cid=2634, SUCCESS, logIndex=3744, commits[ed5d81fa-aaf0-49db-aa57-acca1dd387bd:c3746]
2019-09-10 22:12:14,950 [grpc-default-executor-0] INFO  client.GrpcClientProtocolClient (GrpcClientProtocolClient.java:onNext(255)) - client-0C76110B8A2B->ed5d81fa-aaf0-49db-aa57-acca1dd387bd: receive RaftClientReply:client-0C76110B8A2B->ed5d81fa-aaf0-49db-aa57-acca1dd387bd@group-729F0664FEA8, cid=2635, SUCCESS, logIndex=3745, commits[ed5d81fa-aaf0-49db-aa57-acca1dd387bd:c3747]
2019-09-10 22:12:14,950 [grpc-default-executor-0] INFO  client.GrpcClientProtocolClient (GrpcClientProtocolClient.java:onNext(255)) - client-0C76110B8A2B->ed5d81fa-aaf0-49db-aa57-acca1dd387bd: receive RaftClientReply:client-0C76110B8A2B->ed5d81fa-aaf0-49db-aa57-acca1dd387bd@group-729F0664FEA8, cid=2636, SUCCESS, logIndex=3746, commits[ed5d81fa-aaf0-49db-aa57-acca1dd387bd:c3747]
2019-09-10 22:12:14,971 [grpc-default-executor-1] INFO  client.GrpcClientProtocolClient (GrpcClientProtocolClient.java:onNext(255)) - client-0C76110B8A2B->ed5d81fa-aaf0-49db-aa57-acca1dd387bd: receive RaftClientReply:client-0C76110B8A2B->ed5d81fa-aaf0-49db-aa57-acca1dd387bd@group-729F0664FEA8, cid=2637, SUCCESS, logIndex=3748, commits[ed5d81fa-aaf0-49db-aa57-acca1dd387bd:c3749]
2019-09-10 22:12:14,972 [grpc-default-executor-1] INFO  client.GrpcClientProtocolClient (GrpcClientProtocolClient.java:onNext(255)) - client-0C76110B8A2B->ed5d81fa-aaf0-49db-aa57-acca1dd387bd: receive RaftClientReply:client-0C76110B8A2B->ed5d81fa-aaf0-49db-aa57-acca1dd387bd@group-729F0664FEA8, cid=2638, SUCCESS, logIndex=3749, commits[ed5d81fa-aaf0-49db-aa57-acca1dd387bd:c3749]
2019-09-10 22:12:14,973 [grpc-default-executor-1] INFO  client.GrpcClientProtocolClient (GrpcClientProtocolClient.java:onNext(255)) - client-0C76110B8A2B->ed5d81fa-aaf0-49db-aa57-acca1dd387bd: receive RaftClientReply:client-0C76110B8A2B->ed5d81fa-aaf0-49db-aa57-acca1dd387bd@group-729F0664FEA8, cid=2639, SUCCESS, logIndex=3750, commits[ed5d81fa-aaf0-49db-aa57-acca1dd387bd:c3751]
2019-09-10 22:12:14,974 [grpc-default-executor-1] INFO  client.GrpcClientProtocolClient (GrpcClientProtocolClient.java:onNext(255)) - client-0C76110B8A2B->ed5d81fa-aaf0-49db-aa57-acca1dd387bd: receive RaftClientReply:client-0C76110B8A2B->ed5d81fa-aaf0-49db-aa57-acca1dd387bd@group-729F0664FEA8, cid=2640, SUCCESS, logIndex=3751, commits[ed5d81fa-aaf0-49db-aa57-acca1dd387bd:c3751]
2019-09-10 22:12:15,000 [grpc-default-executor-1] INFO  client.GrpcClientProtocolClient (GrpcClientProtocolClient.java:onNext(255)) - client-0C76110B8A2B->ed5d81fa-aaf0-49db-aa57-acca1dd387bd: receive RaftClientReply:client-0C76110B8A2B->ed5d81fa-aaf0-49db-aa57-acca1dd387bd@group-729F0664FEA8, cid=2641, SUCCESS, logIndex=3754, commits[ed5d81fa-aaf0-49db-aa57-acca1dd387bd:c3755]
2019-09-10 22:12:15,000 [grpc-default-executor-1] INFO  client.GrpcClientProtocolClient (GrpcClientProtocolClient.java:onNext(255)) - client-0C76110B8A2B->ed5d81fa-aaf0-49db-aa57-acca1dd387bd: receive RaftClientReply:client-0C76110B8A2B->ed5d81fa-aaf0-49db-aa57-acca1dd387bd@group-729F0664FEA8, cid=2642, SUCCESS, logIndex=3755, commits[ed5d81fa-aaf0-49db-aa57-acca1dd387bd:c3755]
2019-09-10 22:12:15,001 [grpc-default-executor-1] INFO  client.GrpcClientProtocolClient (GrpcClientProtocolClient.java:onNext(255)) - client-0C76110B8A2B->ed5d81fa-aaf0-49db-aa57-acca1dd387bd: receive RaftClientReply:client-0C76110B8A2B->ed5d81fa-aaf0-49db-aa57-acca1dd387bd@group-729F0664FEA8, cid=2643, SUCCESS, logIndex=3756, commits[ed5d81fa-aaf0-49db-aa57-acca1dd387bd:c3757]
2019-09-10 22:12:15,001 [grpc-default-executor-1] INFO  client.GrpcClientProtocolClient (GrpcClientProtocolClient.java:onNext(255)) - client-0C76110B8A2B->ed5d81fa-aaf0-49db-aa57-acca1dd387bd: receive RaftClientReply:client-0C76110B8A2B->ed5d81fa-aaf0-49db-aa57-acca1dd387bd@group-729F0664FEA8, cid=2644, SUCCESS, logIndex=3757, commits[ed5d81fa-aaf0-49db-aa57-acca1dd387bd:c3758]
2019-09-10 22:12:15,019 [SCMBlockDeletingService#1] DEBUG block.SCMBlockDeletingService (SCMBlockDeletingService.java:call(138)) - Running DeletedBlockTransactionScanner
2019-09-10 22:12:15,019 [SCMBlockDeletingService#1] DEBUG block.SCMBlockDeletingService (SCMBlockDeletingService.java:call(155)) - Scanned deleted blocks log and got 0 delTX to process.
2019-09-10 22:12:15,020 [grpc-default-executor-1] INFO  client.GrpcClientProtocolClient (GrpcClientProtocolClient.java:onNext(255)) - client-0C76110B8A2B->ed5d81fa-aaf0-49db-aa57-acca1dd387bd: receive RaftClientReply:client-0C76110B8A2B->ed5d81fa-aaf0-49db-aa57-acca1dd387bd@group-729F0664FEA8, cid=2645, SUCCESS, logIndex=3760, commits[ed5d81fa-aaf0-49db-aa57-acca1dd387bd:c3763]
2019-09-10 22:12:15,020 [grpc-default-executor-1] INFO  client.GrpcClientProtocolClient (GrpcClientProtocolClient.java:onNext(255)) - client-0C76110B8A2B->ed5d81fa-aaf0-49db-aa57-acca1dd387bd: receive RaftClientReply:client-0C76110B8A2B->ed5d81fa-aaf0-49db-aa57-acca1dd387bd@group-729F0664FEA8, cid=2646, SUCCESS, logIndex=3761, commits[ed5d81fa-aaf0-49db-aa57-acca1dd387bd:c3763]
2019-09-10 22:12:15,021 [grpc-default-executor-1] INFO  client.GrpcClientProtocolClient (GrpcClientProtocolClient.java:onNext(255)) - client-0C76110B8A2B->ed5d81fa-aaf0-49db-aa57-acca1dd387bd: receive RaftClientReply:client-0C76110B8A2B->ed5d81fa-aaf0-49db-aa57-acca1dd387bd@group-729F0664FEA8, cid=2647, SUCCESS, logIndex=3762, commits[ed5d81fa-aaf0-49db-aa57-acca1dd387bd:c3764]
2019-09-10 22:12:15,021 [grpc-default-executor-1] INFO  client.GrpcClientProtocolClient (GrpcClientProtocolClient.java:onNext(255)) - client-0C76110B8A2B->ed5d81fa-aaf0-49db-aa57-acca1dd387bd: receive RaftClientReply:client-0C76110B8A2B->ed5d81fa-aaf0-49db-aa57-acca1dd387bd@group-729F0664FEA8, cid=2648, SUCCESS, logIndex=3763, commits[ed5d81fa-aaf0-49db-aa57-acca1dd387bd:c3764]
2019-09-10 22:12:15,047 [grpc-default-executor-1] INFO  client.GrpcClientProtocolClient (GrpcClientProtocolClient.java:onNext(255)) - client-0C76110B8A2B->ed5d81fa-aaf0-49db-aa57-acca1dd387bd: receive RaftClientReply:client-0C76110B8A2B->ed5d81fa-aaf0-49db-aa57-acca1dd387bd@group-729F0664FEA8, cid=2649, SUCCESS, logIndex=3765, commits[ed5d81fa-aaf0-49db-aa57-acca1dd387bd:c3766]
2019-09-10 22:12:15,048 [grpc-default-executor-1] INFO  client.GrpcClientProtocolClient (GrpcClientProtocolClient.java:onNext(255)) - client-0C76110B8A2B->ed5d81fa-aaf0-49db-aa57-acca1dd387bd: receive RaftClientReply:client-0C76110B8A2B->ed5d81fa-aaf0-49db-aa57-acca1dd387bd@group-729F0664FEA8, cid=2650, SUCCESS, logIndex=3766, commits[ed5d81fa-aaf0-49db-aa57-acca1dd387bd:c3768]
2019-09-10 22:12:15,048 [grpc-default-executor-1] INFO  client.GrpcClientProtocolClient (GrpcClientProtocolClient.java:onNext(255)) - client-0C76110B8A2B->ed5d81fa-aaf0-49db-aa57-acca1dd387bd: receive RaftClientReply:client-0C76110B8A2B->ed5d81fa-aaf0-49db-aa57-acca1dd387bd@group-729F0664FEA8, cid=2651, SUCCESS, logIndex=3767, commits[ed5d81fa-aaf0-49db-aa57-acca1dd387bd:c3769]
2019-09-10 22:12:15,048 [grpc-default-executor-1] INFO  client.GrpcClientProtocolClient (GrpcClientProtocolClient.java:onNext(255)) - client-0C76110B8A2B->ed5d81fa-aaf0-49db-aa57-acca1dd387bd: receive RaftClientReply:client-0C76110B8A2B->ed5d81fa-aaf0-49db-aa57-acca1dd387bd@group-729F0664FEA8, cid=2652, SUCCESS, logIndex=3768, commits[ed5d81fa-aaf0-49db-aa57-acca1dd387bd:c3770]
2019-09-10 22:12:15,119 [SCMBlockDeletingService#1] DEBUG block.SCMBlockDeletingService (SCMBlockDeletingService.java:call(138)) - Running DeletedBlockTransactionScanner
2019-09-10 22:12:15,119 [SCMBlockDeletingService#1] DEBUG block.SCMBlockDeletingService (SCMBlockDeletingService.java:call(155)) - Scanned deleted blocks log and got 0 delTX to process.
2019-09-10 22:12:15,163 [grpc-default-executor-0] INFO  client.GrpcClientProtocolClient (GrpcClientProtocolClient.java:onNext(255)) - client-0C76110B8A2B->ed5d81fa-aaf0-49db-aa57-acca1dd387bd: receive RaftClientReply:client-0C76110B8A2B->ed5d81fa-aaf0-49db-aa57-acca1dd387bd@group-729F0664FEA8, cid=2653, SUCCESS, logIndex=3771, commits[ed5d81fa-aaf0-49db-aa57-acca1dd387bd:c3774]
2019-09-10 22:12:15,163 [grpc-default-executor-0] INFO  client.GrpcClientProtocolClient (GrpcClientProtocolClient.java:onNext(255)) - client-0C76110B8A2B->ed5d81fa-aaf0-49db-aa57-acca1dd387bd: receive RaftClientReply:client-0C76110B8A2B->ed5d81fa-aaf0-49db-aa57-acca1dd387bd@group-729F0664FEA8, cid=2654, SUCCESS, logIndex=3772, commits[ed5d81fa-aaf0-49db-aa57-acca1dd387bd:c3775]
2019-09-10 22:12:15,163 [grpc-default-executor-0] INFO  client.GrpcClientProtocolClient (GrpcClientProtocolClient.java:onNext(255)) - client-0C76110B8A2B->ed5d81fa-aaf0-49db-aa57-acca1dd387bd: receive RaftClientReply:client-0C76110B8A2B->ed5d81fa-aaf0-49db-aa57-acca1dd387bd@group-729F0664FEA8, cid=2655, SUCCESS, logIndex=3773, commits[ed5d81fa-aaf0-49db-aa57-acca1dd387bd:c3775]
2019-09-10 22:12:15,164 [grpc-default-executor-0] INFO  client.GrpcClientProtocolClient (GrpcClientProtocolClient.java:onNext(255)) - client-0C76110B8A2B->ed5d81fa-aaf0-49db-aa57-acca1dd387bd: receive RaftClientReply:client-0C76110B8A2B->ed5d81fa-aaf0-49db-aa57-acca1dd387bd@group-729F0664FEA8, cid=2656, SUCCESS, logIndex=3774, commits[ed5d81fa-aaf0-49db-aa57-acca1dd387bd:c3775]
2019-09-10 22:12:15,193 [grpc-default-executor-0] INFO  client.GrpcClientProtocolClient (GrpcClientProtocolClient.java:onNext(255)) - client-0C76110B8A2B->ed5d81fa-aaf0-49db-aa57-acca1dd387bd: receive RaftClientReply:client-0C76110B8A2B->ed5d81fa-aaf0-49db-aa57-acca1dd387bd@group-729F0664FEA8, cid=2657, SUCCESS, logIndex=3776, commits[ed5d81fa-aaf0-49db-aa57-acca1dd387bd:c3779]
2019-09-10 22:12:15,193 [grpc-default-executor-0] INFO  client.GrpcClientProtocolClient (GrpcClientProtocolClient.java:onNext(255)) - client-0C76110B8A2B->ed5d81fa-aaf0-49db-aa57-acca1dd387bd: receive RaftClientReply:client-0C76110B8A2B->ed5d81fa-aaf0-49db-aa57-acca1dd387bd@group-729F0664FEA8, cid=2658, SUCCESS, logIndex=3777, commits[ed5d81fa-aaf0-49db-aa57-acca1dd387bd:c3779]
2019-09-10 22:12:15,194 [grpc-default-executor-0] INFO  client.GrpcClientProtocolClient (GrpcClientProtocolClient.java:onNext(255)) - client-0C76110B8A2B->ed5d81fa-aaf0-49db-aa57-acca1dd387bd: receive RaftClientReply:client-0C76110B8A2B->ed5d81fa-aaf0-49db-aa57-acca1dd387bd@group-729F0664FEA8, cid=2659, SUCCESS, logIndex=3778, commits[ed5d81fa-aaf0-49db-aa57-acca1dd387bd:c3780]
2019-09-10 22:12:15,194 [grpc-default-executor-0] INFO  client.GrpcClientProtocolClient (GrpcClientProtocolClient.java:onNext(255)) - client-0C76110B8A2B->ed5d81fa-aaf0-49db-aa57-acca1dd387bd: receive RaftClientReply:client-0C76110B8A2B->ed5d81fa-aaf0-49db-aa57-acca1dd387bd@group-729F0664FEA8, cid=2660, SUCCESS, logIndex=3779, commits[ed5d81fa-aaf0-49db-aa57-acca1dd387bd:c3780]
2019-09-10 22:12:15,214 [grpc-default-executor-0] INFO  client.GrpcClientProtocolClient (GrpcClientProtocolClient.java:onNext(255)) - client-0C76110B8A2B->ed5d81fa-aaf0-49db-aa57-acca1dd387bd: receive RaftClientReply:client-0C76110B8A2B->ed5d81fa-aaf0-49db-aa57-acca1dd387bd@group-729F0664FEA8, cid=2661, SUCCESS, logIndex=3781, commits[ed5d81fa-aaf0-49db-aa57-acca1dd387bd:c3784]
2019-09-10 22:12:15,214 [grpc-default-executor-0] INFO  client.GrpcClientProtocolClient (GrpcClientProtocolClient.java:onNext(255)) - client-0C76110B8A2B->ed5d81fa-aaf0-49db-aa57-acca1dd387bd: receive RaftClientReply:client-0C76110B8A2B->ed5d81fa-aaf0-49db-aa57-acca1dd387bd@group-729F0664FEA8, cid=2662, SUCCESS, logIndex=3782, commits[ed5d81fa-aaf0-49db-aa57-acca1dd387bd:c3785]
2019-09-10 22:12:15,214 [grpc-default-executor-0] INFO  client.GrpcClientProtocolClient (GrpcClientProtocolClient.java:onNext(255)) - client-0C76110B8A2B->ed5d81fa-aaf0-49db-aa57-acca1dd387bd: receive RaftClientReply:client-0C76110B8A2B->ed5d81fa-aaf0-49db-aa57-acca1dd387bd@group-729F0664FEA8, cid=2663, SUCCESS, logIndex=3783, commits[ed5d81fa-aaf0-49db-aa57-acca1dd387bd:c3785]
2019-09-10 22:12:15,215 [grpc-default-executor-0] INFO  client.GrpcClientProtocolClient (GrpcClientProtocolClient.java:onNext(255)) - client-0C76110B8A2B->ed5d81fa-aaf0-49db-aa57-acca1dd387bd: receive RaftClientReply:client-0C76110B8A2B->ed5d81fa-aaf0-49db-aa57-acca1dd387bd@group-729F0664FEA8, cid=2664, SUCCESS, logIndex=3784, commits[ed5d81fa-aaf0-49db-aa57-acca1dd387bd:c3785]
2019-09-10 22:12:15,220 [SCMBlockDeletingService#1] DEBUG block.SCMBlockDeletingService (SCMBlockDeletingService.java:call(138)) - Running DeletedBlockTransactionScanner
2019-09-10 22:12:15,220 [SCMBlockDeletingService#1] DEBUG block.SCMBlockDeletingService (SCMBlockDeletingService.java:call(155)) - Scanned deleted blocks log and got 0 delTX to process.
2019-09-10 22:12:15,255 [grpc-default-executor-1] INFO  client.GrpcClientProtocolClient (GrpcClientProtocolClient.java:onNext(255)) - client-0C76110B8A2B->ed5d81fa-aaf0-49db-aa57-acca1dd387bd: receive RaftClientReply:client-0C76110B8A2B->ed5d81fa-aaf0-49db-aa57-acca1dd387bd@group-729F0664FEA8, cid=2665, SUCCESS, logIndex=3786, commits[ed5d81fa-aaf0-49db-aa57-acca1dd387bd:c3789]
2019-09-10 22:12:15,255 [grpc-default-executor-1] INFO  client.GrpcClientProtocolClient (GrpcClientProtocolClient.java:onNext(255)) - client-0C76110B8A2B->ed5d81fa-aaf0-49db-aa57-acca1dd387bd: receive RaftClientReply:client-0C76110B8A2B->ed5d81fa-aaf0-49db-aa57-acca1dd387bd@group-729F0664FEA8, cid=2666, SUCCESS, logIndex=3787, commits[ed5d81fa-aaf0-49db-aa57-acca1dd387bd:c3790]
2019-09-10 22:12:15,256 [grpc-default-executor-1] INFO  client.GrpcClientProtocolClient (GrpcClientProtocolClient.java:onNext(255)) - client-0C76110B8A2B->ed5d81fa-aaf0-49db-aa57-acca1dd387bd: receive RaftClientReply:client-0C76110B8A2B->ed5d81fa-aaf0-49db-aa57-acca1dd387bd@group-729F0664FEA8, cid=2667, SUCCESS, logIndex=3788, commits[ed5d81fa-aaf0-49db-aa57-acca1dd387bd:c3790]
2019-09-10 22:12:15,256 [grpc-default-executor-1] INFO  client.GrpcClientProtocolClient (GrpcClientProtocolClient.java:onNext(255)) - client-0C76110B8A2B->ed5d81fa-aaf0-49db-aa57-acca1dd387bd: receive RaftClientReply:client-0C76110B8A2B->ed5d81fa-aaf0-49db-aa57-acca1dd387bd@group-729F0664FEA8, cid=2668, SUCCESS, logIndex=3789, commits[ed5d81fa-aaf0-49db-aa57-acca1dd387bd:c3790]
2019-09-10 22:12:15,276 [grpc-default-executor-0] INFO  client.GrpcClientProtocolClient (GrpcClientProtocolClient.java:onNext(255)) - client-0C76110B8A2B->ed5d81fa-aaf0-49db-aa57-acca1dd387bd: receive RaftClientReply:client-0C76110B8A2B->ed5d81fa-aaf0-49db-aa57-acca1dd387bd@group-729F0664FEA8, cid=2669, SUCCESS, logIndex=3791, commits[ed5d81fa-aaf0-49db-aa57-acca1dd387bd:c3794]
2019-09-10 22:12:15,276 [grpc-default-executor-0] INFO  client.GrpcClientProtocolClient (GrpcClientProtocolClient.java:onNext(255)) - client-0C76110B8A2B->ed5d81fa-aaf0-49db-aa57-acca1dd387bd: receive RaftClientReply:client-0C76110B8A2B->ed5d81fa-aaf0-49db-aa57-acca1dd387bd@group-729F0664FEA8, cid=2670, SUCCESS, logIndex=3792, commits[ed5d81fa-aaf0-49db-aa57-acca1dd387bd:c3795]
2019-09-10 22:12:15,277 [grpc-default-executor-0] INFO  client.GrpcClientProtocolClient (GrpcClientProtocolClient.java:onNext(255)) - client-0C76110B8A2B->ed5d81fa-aaf0-49db-aa57-acca1dd387bd: receive RaftClientReply:client-0C76110B8A2B->ed5d81fa-aaf0-49db-aa57-acca1dd387bd@group-729F0664FEA8, cid=2671, SUCCESS, logIndex=3793, commits[ed5d81fa-aaf0-49db-aa57-acca1dd387bd:c3795]
2019-09-10 22:12:15,277 [grpc-default-executor-0] INFO  client.GrpcClientProtocolClient (GrpcClientProtocolClient.java:onNext(255)) - client-0C76110B8A2B->ed5d81fa-aaf0-49db-aa57-acca1dd387bd: receive RaftClientReply:client-0C76110B8A2B->ed5d81fa-aaf0-49db-aa57-acca1dd387bd@group-729F0664FEA8, cid=2672, SUCCESS, logIndex=3794, commits[ed5d81fa-aaf0-49db-aa57-acca1dd387bd:c3795]
2019-09-10 22:12:15,305 [grpc-default-executor-0] INFO  client.GrpcClientProtocolClient (GrpcClientProtocolClient.java:onNext(255)) - client-0C76110B8A2B->ed5d81fa-aaf0-49db-aa57-acca1dd387bd: receive RaftClientReply:client-0C76110B8A2B->ed5d81fa-aaf0-49db-aa57-acca1dd387bd@group-729F0664FEA8, cid=2673, SUCCESS, logIndex=3796, commits[ed5d81fa-aaf0-49db-aa57-acca1dd387bd:c3799]
2019-09-10 22:12:15,305 [grpc-default-executor-0] INFO  client.GrpcClientProtocolClient (GrpcClientProtocolClient.java:onNext(255)) - client-0C76110B8A2B->ed5d81fa-aaf0-49db-aa57-acca1dd387bd: receive RaftClientReply:client-0C76110B8A2B->ed5d81fa-aaf0-49db-aa57-acca1dd387bd@group-729F0664FEA8, cid=2674, SUCCESS, logIndex=3797, commits[ed5d81fa-aaf0-49db-aa57-acca1dd387bd:c3799]
2019-09-10 22:12:15,306 [grpc-default-executor-0] INFO  client.GrpcClientProtocolClient (GrpcClientProtocolClient.java:onNext(255)) - client-0C76110B8A2B->ed5d81fa-aaf0-49db-aa57-acca1dd387bd: receive RaftClientReply:client-0C76110B8A2B->ed5d81fa-aaf0-49db-aa57-acca1dd387bd@group-729F0664FEA8, cid=2675, SUCCESS, logIndex=3798, commits[ed5d81fa-aaf0-49db-aa57-acca1dd387bd:c3799]
2019-09-10 22:12:15,306 [grpc-default-executor-0] INFO  client.GrpcClientProtocolClient (GrpcClientProtocolClient.java:onNext(255)) - client-0C76110B8A2B->ed5d81fa-aaf0-49db-aa57-acca1dd387bd: receive RaftClientReply:client-0C76110B8A2B->ed5d81fa-aaf0-49db-aa57-acca1dd387bd@group-729F0664FEA8, cid=2676, SUCCESS, logIndex=3799, commits[ed5d81fa-aaf0-49db-aa57-acca1dd387bd:c3800]
2019-09-10 22:12:15,320 [SCMBlockDeletingService#0] DEBUG block.SCMBlockDeletingService (SCMBlockDeletingService.java:call(138)) - Running DeletedBlockTransactionScanner
2019-09-10 22:12:15,320 [SCMBlockDeletingService#0] DEBUG block.SCMBlockDeletingService (SCMBlockDeletingService.java:call(155)) - Scanned deleted blocks log and got 0 delTX to process.
2019-09-10 22:12:15,325 [grpc-default-executor-0] INFO  client.GrpcClientProtocolClient (GrpcClientProtocolClient.java:onNext(255)) - client-0C76110B8A2B->ed5d81fa-aaf0-49db-aa57-acca1dd387bd: receive RaftClientReply:client-0C76110B8A2B->ed5d81fa-aaf0-49db-aa57-acca1dd387bd@group-729F0664FEA8, cid=2677, SUCCESS, logIndex=3801, commits[ed5d81fa-aaf0-49db-aa57-acca1dd387bd:c3804]
2019-09-10 22:12:15,326 [grpc-default-executor-0] INFO  client.GrpcClientProtocolClient (GrpcClientProtocolClient.java:onNext(255)) - client-0C76110B8A2B->ed5d81fa-aaf0-49db-aa57-acca1dd387bd: receive RaftClientReply:client-0C76110B8A2B->ed5d81fa-aaf0-49db-aa57-acca1dd387bd@group-729F0664FEA8, cid=2678, SUCCESS, logIndex=3802, commits[ed5d81fa-aaf0-49db-aa57-acca1dd387bd:c3805]
2019-09-10 22:12:15,326 [grpc-default-executor-0] INFO  client.GrpcClientProtocolClient (GrpcClientProtocolClient.java:onNext(255)) - client-0C76110B8A2B->ed5d81fa-aaf0-49db-aa57-acca1dd387bd: receive RaftClientReply:client-0C76110B8A2B->ed5d81fa-aaf0-49db-aa57-acca1dd387bd@group-729F0664FEA8, cid=2679, SUCCESS, logIndex=3803, commits[ed5d81fa-aaf0-49db-aa57-acca1dd387bd:c3805]
2019-09-10 22:12:15,326 [grpc-default-executor-0] INFO  client.GrpcClientProtocolClient (GrpcClientProtocolClient.java:onNext(255)) - client-0C76110B8A2B->ed5d81fa-aaf0-49db-aa57-acca1dd387bd: receive RaftClientReply:client-0C76110B8A2B->ed5d81fa-aaf0-49db-aa57-acca1dd387bd@group-729F0664FEA8, cid=2680, SUCCESS, logIndex=3804, commits[ed5d81fa-aaf0-49db-aa57-acca1dd387bd:c3805]
2019-09-10 22:12:15,355 [grpc-default-executor-0] INFO  client.GrpcClientProtocolClient (GrpcClientProtocolClient.java:onNext(255)) - client-0C76110B8A2B->ed5d81fa-aaf0-49db-aa57-acca1dd387bd: receive RaftClientReply:client-0C76110B8A2B->ed5d81fa-aaf0-49db-aa57-acca1dd387bd@group-729F0664FEA8, cid=2681, SUCCESS, logIndex=3806, commits[ed5d81fa-aaf0-49db-aa57-acca1dd387bd:c3809]
2019-09-10 22:12:15,355 [grpc-default-executor-0] INFO  client.GrpcClientProtocolClient (GrpcClientProtocolClient.java:onNext(255)) - client-0C76110B8A2B->ed5d81fa-aaf0-49db-aa57-acca1dd387bd: receive RaftClientReply:client-0C76110B8A2B->ed5d81fa-aaf0-49db-aa57-acca1dd387bd@group-729F0664FEA8, cid=2682, SUCCESS, logIndex=3807, commits[ed5d81fa-aaf0-49db-aa57-acca1dd387bd:c3809]
2019-09-10 22:12:15,356 [grpc-default-executor-0] INFO  client.GrpcClientProtocolClient (GrpcClientProtocolClient.java:onNext(255)) - client-0C76110B8A2B->ed5d81fa-aaf0-49db-aa57-acca1dd387bd: receive RaftClientReply:client-0C76110B8A2B->ed5d81fa-aaf0-49db-aa57-acca1dd387bd@group-729F0664FEA8, cid=2683, SUCCESS, logIndex=3808, commits[ed5d81fa-aaf0-49db-aa57-acca1dd387bd:c3810]
2019-09-10 22:12:15,356 [grpc-default-executor-0] INFO  client.GrpcClientProtocolClient (GrpcClientProtocolClient.java:onNext(255)) - client-0C76110B8A2B->ed5d81fa-aaf0-49db-aa57-acca1dd387bd: receive RaftClientReply:client-0C76110B8A2B->ed5d81fa-aaf0-49db-aa57-acca1dd387bd@group-729F0664FEA8, cid=2684, SUCCESS, logIndex=3809, commits[ed5d81fa-aaf0-49db-aa57-acca1dd387bd:c3810]
2019-09-10 22:12:15,379 [grpc-default-executor-0] INFO  client.GrpcClientProtocolClient (GrpcClientProtocolClient.java:onNext(255)) - client-0C76110B8A2B->ed5d81fa-aaf0-49db-aa57-acca1dd387bd: receive RaftClientReply:client-0C76110B8A2B->ed5d81fa-aaf0-49db-aa57-acca1dd387bd@group-729F0664FEA8, cid=2685, SUCCESS, logIndex=3811, commits[ed5d81fa-aaf0-49db-aa57-acca1dd387bd:c3812]
2019-09-10 22:12:15,380 [grpc-default-executor-0] INFO  client.GrpcClientProtocolClient (GrpcClientProtocolClient.java:onNext(255)) - client-0C76110B8A2B->ed5d81fa-aaf0-49db-aa57-acca1dd387bd: receive RaftClientReply:client-0C76110B8A2B->ed5d81fa-aaf0-49db-aa57-acca1dd387bd@group-729F0664FEA8, cid=2686, SUCCESS, logIndex=3812, commits[ed5d81fa-aaf0-49db-aa57-acca1dd387bd:c3814]
2019-09-10 22:12:15,380 [grpc-default-executor-0] INFO  client.GrpcClientProtocolClient (GrpcClientProtocolClient.java:onNext(255)) - client-0C76110B8A2B->ed5d81fa-aaf0-49db-aa57-acca1dd387bd: receive RaftClientReply:client-0C76110B8A2B->ed5d81fa-aaf0-49db-aa57-acca1dd387bd@group-729F0664FEA8, cid=2687, SUCCESS, logIndex=3813, commits[ed5d81fa-aaf0-49db-aa57-acca1dd387bd:c3815]
2019-09-10 22:12:15,380 [grpc-default-executor-0] INFO  client.GrpcClientProtocolClient (GrpcClientProtocolClient.java:onNext(255)) - client-0C76110B8A2B->ed5d81fa-aaf0-49db-aa57-acca1dd387bd: receive RaftClientReply:client-0C76110B8A2B->ed5d81fa-aaf0-49db-aa57-acca1dd387bd@group-729F0664FEA8, cid=2688, SUCCESS, logIndex=3814, commits[ed5d81fa-aaf0-49db-aa57-acca1dd387bd:c3815]
2019-09-10 22:12:15,408 [grpc-default-executor-0] INFO  client.GrpcClientProtocolClient (GrpcClientProtocolClient.java:onNext(255)) - client-0C76110B8A2B->ed5d81fa-aaf0-49db-aa57-acca1dd387bd: receive RaftClientReply:client-0C76110B8A2B->ed5d81fa-aaf0-49db-aa57-acca1dd387bd@group-729F0664FEA8, cid=2689, SUCCESS, logIndex=3817, commits[ed5d81fa-aaf0-49db-aa57-acca1dd387bd:c3818]
2019-09-10 22:12:15,409 [grpc-default-executor-0] INFO  client.GrpcClientProtocolClient (GrpcClientProtocolClient.java:onNext(255)) - client-0C76110B8A2B->ed5d81fa-aaf0-49db-aa57-acca1dd387bd: receive RaftClientReply:client-0C76110B8A2B->ed5d81fa-aaf0-49db-aa57-acca1dd387bd@group-729F0664FEA8, cid=2690, SUCCESS, logIndex=3818, commits[ed5d81fa-aaf0-49db-aa57-acca1dd387bd:c3818]
2019-09-10 22:12:15,410 [grpc-default-executor-0] INFO  client.GrpcClientProtocolClient (GrpcClientProtocolClient.java:onNext(255)) - client-0C76110B8A2B->ed5d81fa-aaf0-49db-aa57-acca1dd387bd: receive RaftClientReply:client-0C76110B8A2B->ed5d81fa-aaf0-49db-aa57-acca1dd387bd@group-729F0664FEA8, cid=2691, SUCCESS, logIndex=3819, commits[ed5d81fa-aaf0-49db-aa57-acca1dd387bd:c3820]
2019-09-10 22:12:15,410 [grpc-default-executor-0] INFO  client.GrpcClientProtocolClient (GrpcClientProtocolClient.java:onNext(255)) - client-0C76110B8A2B->ed5d81fa-aaf0-49db-aa57-acca1dd387bd: receive RaftClientReply:client-0C76110B8A2B->ed5d81fa-aaf0-49db-aa57-acca1dd387bd@group-729F0664FEA8, cid=2692, SUCCESS, logIndex=3820, commits[ed5d81fa-aaf0-49db-aa57-acca1dd387bd:c3820]
2019-09-10 22:12:15,421 [SCMBlockDeletingService#0] DEBUG block.SCMBlockDeletingService (SCMBlockDeletingService.java:call(138)) - Running DeletedBlockTransactionScanner
2019-09-10 22:12:15,421 [SCMBlockDeletingService#0] DEBUG block.SCMBlockDeletingService (SCMBlockDeletingService.java:call(155)) - Scanned deleted blocks log and got 0 delTX to process.
2019-09-10 22:12:15,422 [grpc-default-executor-0] INFO  client.GrpcClientProtocolClient (GrpcClientProtocolClient.java:onNext(255)) - client-0C76110B8A2B->ed5d81fa-aaf0-49db-aa57-acca1dd387bd: receive RaftClientReply:client-0C76110B8A2B->ed5d81fa-aaf0-49db-aa57-acca1dd387bd@group-729F0664FEA8, cid=2693, SUCCESS, logIndex=3823, commits[ed5d81fa-aaf0-49db-aa57-acca1dd387bd:c3826]
2019-09-10 22:12:15,422 [grpc-default-executor-0] INFO  client.GrpcClientProtocolClient (GrpcClientProtocolClient.java:onNext(255)) - client-0C76110B8A2B->ed5d81fa-aaf0-49db-aa57-acca1dd387bd: receive RaftClientReply:client-0C76110B8A2B->ed5d81fa-aaf0-49db-aa57-acca1dd387bd@group-729F0664FEA8, cid=2694, SUCCESS, logIndex=3824, commits[ed5d81fa-aaf0-49db-aa57-acca1dd387bd:c3826]
2019-09-10 22:12:15,422 [grpc-default-executor-0] INFO  client.GrpcClientProtocolClient (GrpcClientProtocolClient.java:onNext(255)) - client-0C76110B8A2B->ed5d81fa-aaf0-49db-aa57-acca1dd387bd: receive RaftClientReply:client-0C76110B8A2B->ed5d81fa-aaf0-49db-aa57-acca1dd387bd@group-729F0664FEA8, cid=2695, SUCCESS, logIndex=3825, commits[ed5d81fa-aaf0-49db-aa57-acca1dd387bd:c3827]
2019-09-10 22:12:15,423 [grpc-default-executor-0] INFO  client.GrpcClientProtocolClient (GrpcClientProtocolClient.java:onNext(255)) - client-0C76110B8A2B->ed5d81fa-aaf0-49db-aa57-acca1dd387bd: receive RaftClientReply:client-0C76110B8A2B->ed5d81fa-aaf0-49db-aa57-acca1dd387bd@group-729F0664FEA8, cid=2696, SUCCESS, logIndex=3826, commits[ed5d81fa-aaf0-49db-aa57-acca1dd387bd:c3827]
2019-09-10 22:12:15,521 [SCMBlockDeletingService#0] DEBUG block.SCMBlockDeletingService (SCMBlockDeletingService.java:call(138)) - Running DeletedBlockTransactionScanner
2019-09-10 22:12:15,522 [SCMBlockDeletingService#0] DEBUG block.SCMBlockDeletingService (SCMBlockDeletingService.java:call(155)) - Scanned deleted blocks log and got 0 delTX to process.
2019-09-10 22:12:15,622 [SCMBlockDeletingService#0] DEBUG block.SCMBlockDeletingService (SCMBlockDeletingService.java:call(138)) - Running DeletedBlockTransactionScanner
2019-09-10 22:12:15,622 [SCMBlockDeletingService#0] DEBUG block.SCMBlockDeletingService (SCMBlockDeletingService.java:call(155)) - Scanned deleted blocks log and got 0 delTX to process.
2019-09-10 22:12:15,664 [grpc-default-executor-0] INFO  client.GrpcClientProtocolClient (GrpcClientProtocolClient.java:onNext(255)) - client-0C76110B8A2B->ed5d81fa-aaf0-49db-aa57-acca1dd387bd: receive RaftClientReply:client-0C76110B8A2B->ed5d81fa-aaf0-49db-aa57-acca1dd387bd@group-729F0664FEA8, cid=2697, SUCCESS, logIndex=3828, commits[ed5d81fa-aaf0-49db-aa57-acca1dd387bd:c3831]
2019-09-10 22:12:15,665 [grpc-default-executor-0] INFO  client.GrpcClientProtocolClient (GrpcClientProtocolClient.java:onNext(255)) - client-0C76110B8A2B->ed5d81fa-aaf0-49db-aa57-acca1dd387bd: receive RaftClientReply:client-0C76110B8A2B->ed5d81fa-aaf0-49db-aa57-acca1dd387bd@group-729F0664FEA8, cid=2698, SUCCESS, logIndex=3829, commits[ed5d81fa-aaf0-49db-aa57-acca1dd387bd:c3831]
2019-09-10 22:12:15,665 [grpc-default-executor-0] INFO  client.GrpcClientProtocolClient (GrpcClientProtocolClient.java:onNext(255)) - client-0C76110B8A2B->ed5d81fa-aaf0-49db-aa57-acca1dd387bd: receive RaftClientReply:client-0C76110B8A2B->ed5d81fa-aaf0-49db-aa57-acca1dd387bd@group-729F0664FEA8, cid=2699, SUCCESS, logIndex=3830, commits[ed5d81fa-aaf0-49db-aa57-acca1dd387bd:c3831]
2019-09-10 22:12:15,665 [grpc-default-executor-0] INFO  client.GrpcClientProtocolClient (GrpcClientProtocolClient.java:onNext(255)) - client-0C76110B8A2B->ed5d81fa-aaf0-49db-aa57-acca1dd387bd: receive RaftClientReply:client-0C76110B8A2B->ed5d81fa-aaf0-49db-aa57-acca1dd387bd@group-729F0664FEA8, cid=2700, SUCCESS, logIndex=3831, commits[ed5d81fa-aaf0-49db-aa57-acca1dd387bd:c3831]
2019-09-10 22:12:15,676 [grpc-default-executor-1] INFO  client.GrpcClientProtocolClient (GrpcClientProtocolClient.java:onNext(255)) - client-0C76110B8A2B->ed5d81fa-aaf0-49db-aa57-acca1dd387bd: receive RaftClientReply:client-0C76110B8A2B->ed5d81fa-aaf0-49db-aa57-acca1dd387bd@group-729F0664FEA8, cid=2701, SUCCESS, logIndex=3833, commits[ed5d81fa-aaf0-49db-aa57-acca1dd387bd:c3836]
2019-09-10 22:12:15,677 [grpc-default-executor-1] INFO  client.GrpcClientProtocolClient (GrpcClientProtocolClient.java:onNext(255)) - client-0C76110B8A2B->ed5d81fa-aaf0-49db-aa57-acca1dd387bd: receive RaftClientReply:client-0C76110B8A2B->ed5d81fa-aaf0-49db-aa57-acca1dd387bd@group-729F0664FEA8, cid=2702, SUCCESS, logIndex=3834, commits[ed5d81fa-aaf0-49db-aa57-acca1dd387bd:c3837]
2019-09-10 22:12:15,677 [grpc-default-executor-1] INFO  client.GrpcClientProtocolClient (GrpcClientProtocolClient.java:onNext(255)) - client-0C76110B8A2B->ed5d81fa-aaf0-49db-aa57-acca1dd387bd: receive RaftClientReply:client-0C76110B8A2B->ed5d81fa-aaf0-49db-aa57-acca1dd387bd@group-729F0664FEA8, cid=2703, SUCCESS, logIndex=3835, commits[ed5d81fa-aaf0-49db-aa57-acca1dd387bd:c3837]
2019-09-10 22:12:15,677 [grpc-default-executor-1] INFO  client.GrpcClientProtocolClient (GrpcClientProtocolClient.java:onNext(255)) - client-0C76110B8A2B->ed5d81fa-aaf0-49db-aa57-acca1dd387bd: receive RaftClientReply:client-0C76110B8A2B->ed5d81fa-aaf0-49db-aa57-acca1dd387bd@group-729F0664FEA8, cid=2704, SUCCESS, logIndex=3836, commits[ed5d81fa-aaf0-49db-aa57-acca1dd387bd:c3837]
2019-09-10 22:12:15,704 [grpc-default-executor-0] INFO  client.GrpcClientProtocolClient (GrpcClientProtocolClient.java:onNext(255)) - client-0C76110B8A2B->ed5d81fa-aaf0-49db-aa57-acca1dd387bd: receive RaftClientReply:client-0C76110B8A2B->ed5d81fa-aaf0-49db-aa57-acca1dd387bd@group-729F0664FEA8, cid=2705, SUCCESS, logIndex=3838, commits[ed5d81fa-aaf0-49db-aa57-acca1dd387bd:c3839]
2019-09-10 22:12:15,704 [grpc-default-executor-0] INFO  client.GrpcClientProtocolClient (GrpcClientProtocolClient.java:onNext(255)) - client-0C76110B8A2B->ed5d81fa-aaf0-49db-aa57-acca1dd387bd: receive RaftClientReply:client-0C76110B8A2B->ed5d81fa-aaf0-49db-aa57-acca1dd387bd@group-729F0664FEA8, cid=2706, SUCCESS, logIndex=3839, commits[ed5d81fa-aaf0-49db-aa57-acca1dd387bd:c3839]
2019-09-10 22:12:15,706 [grpc-default-executor-0] INFO  client.GrpcClientProtocolClient (GrpcClientProtocolClient.java:onNext(255)) - client-0C76110B8A2B->ed5d81fa-aaf0-49db-aa57-acca1dd387bd: receive RaftClientReply:client-0C76110B8A2B->ed5d81fa-aaf0-49db-aa57-acca1dd387bd@group-729F0664FEA8, cid=2707, SUCCESS, logIndex=3840, commits[ed5d81fa-aaf0-49db-aa57-acca1dd387bd:c3841]
2019-09-10 22:12:15,706 [grpc-default-executor-0] INFO  client.GrpcClientProtocolClient (GrpcClientProtocolClient.java:onNext(255)) - client-0C76110B8A2B->ed5d81fa-aaf0-49db-aa57-acca1dd387bd: receive RaftClientReply:client-0C76110B8A2B->ed5d81fa-aaf0-49db-aa57-acca1dd387bd@group-729F0664FEA8, cid=2708, SUCCESS, logIndex=3841, commits[ed5d81fa-aaf0-49db-aa57-acca1dd387bd:c3841]
2019-09-10 22:12:15,719 [grpc-default-executor-1] INFO  client.GrpcClientProtocolClient (GrpcClientProtocolClient.java:onNext(255)) - client-0C76110B8A2B->ed5d81fa-aaf0-49db-aa57-acca1dd387bd: receive RaftClientReply:client-0C76110B8A2B->ed5d81fa-aaf0-49db-aa57-acca1dd387bd@group-729F0664FEA8, cid=2709, SUCCESS, logIndex=3844, commits[ed5d81fa-aaf0-49db-aa57-acca1dd387bd:c3847]
2019-09-10 22:12:15,719 [grpc-default-executor-1] INFO  client.GrpcClientProtocolClient (GrpcClientProtocolClient.java:onNext(255)) - client-0C76110B8A2B->ed5d81fa-aaf0-49db-aa57-acca1dd387bd: receive RaftClientReply:client-0C76110B8A2B->ed5d81fa-aaf0-49db-aa57-acca1dd387bd@group-729F0664FEA8, cid=2710, SUCCESS, logIndex=3845, commits[ed5d81fa-aaf0-49db-aa57-acca1dd387bd:c3847]
2019-09-10 22:12:15,720 [grpc-default-executor-1] INFO  client.GrpcClientProtocolClient (GrpcClientProtocolClient.java:onNext(255)) - client-0C76110B8A2B->ed5d81fa-aaf0-49db-aa57-acca1dd387bd: receive RaftClientReply:client-0C76110B8A2B->ed5d81fa-aaf0-49db-aa57-acca1dd387bd@group-729F0664FEA8, cid=2711, SUCCESS, logIndex=3846, commits[ed5d81fa-aaf0-49db-aa57-acca1dd387bd:c3847]
2019-09-10 22:12:15,720 [grpc-default-executor-1] INFO  client.GrpcClientProtocolClient (GrpcClientProtocolClient.java:onNext(255)) - client-0C76110B8A2B->ed5d81fa-aaf0-49db-aa57-acca1dd387bd: receive RaftClientReply:client-0C76110B8A2B->ed5d81fa-aaf0-49db-aa57-acca1dd387bd@group-729F0664FEA8, cid=2712, SUCCESS, logIndex=3847, commits[ed5d81fa-aaf0-49db-aa57-acca1dd387bd:c3847]
2019-09-10 22:12:15,723 [SCMBlockDeletingService#0] DEBUG block.SCMBlockDeletingService (SCMBlockDeletingService.java:call(138)) - Running DeletedBlockTransactionScanner
2019-09-10 22:12:15,723 [SCMBlockDeletingService#0] DEBUG block.SCMBlockDeletingService (SCMBlockDeletingService.java:call(155)) - Scanned deleted blocks log and got 0 delTX to process.
2019-09-10 22:12:15,747 [grpc-default-executor-0] INFO  client.GrpcClientProtocolClient (GrpcClientProtocolClient.java:onNext(255)) - client-0C76110B8A2B->ed5d81fa-aaf0-49db-aa57-acca1dd387bd: receive RaftClientReply:client-0C76110B8A2B->ed5d81fa-aaf0-49db-aa57-acca1dd387bd@group-729F0664FEA8, cid=2713, SUCCESS, logIndex=3849, commits[ed5d81fa-aaf0-49db-aa57-acca1dd387bd:c3850]
2019-09-10 22:12:15,747 [grpc-default-executor-0] INFO  client.GrpcClientProtocolClient (GrpcClientProtocolClient.java:onNext(255)) - client-0C76110B8A2B->ed5d81fa-aaf0-49db-aa57-acca1dd387bd: receive RaftClientReply:client-0C76110B8A2B->ed5d81fa-aaf0-49db-aa57-acca1dd387bd@group-729F0664FEA8, cid=2714, SUCCESS, logIndex=3850, commits[ed5d81fa-aaf0-49db-aa57-acca1dd387bd:c3852]
2019-09-10 22:12:15,748 [grpc-default-executor-0] INFO  client.GrpcClientProtocolClient (GrpcClientProtocolClient.java:onNext(255)) - client-0C76110B8A2B->ed5d81fa-aaf0-49db-aa57-acca1dd387bd: receive RaftClientReply:client-0C76110B8A2B->ed5d81fa-aaf0-49db-aa57-acca1dd387bd@group-729F0664FEA8, cid=2715, SUCCESS, logIndex=3851, commits[ed5d81fa-aaf0-49db-aa57-acca1dd387bd:c3853]
2019-09-10 22:12:15,748 [grpc-default-executor-0] INFO  client.GrpcClientProtocolClient (GrpcClientProtocolClient.java:onNext(255)) - client-0C76110B8A2B->ed5d81fa-aaf0-49db-aa57-acca1dd387bd: receive RaftClientReply:client-0C76110B8A2B->ed5d81fa-aaf0-49db-aa57-acca1dd387bd@group-729F0664FEA8, cid=2716, SUCCESS, logIndex=3852, commits[ed5d81fa-aaf0-49db-aa57-acca1dd387bd:c3853]
2019-09-10 22:12:15,766 [grpc-default-executor-1] INFO  client.GrpcClientProtocolClient (GrpcClientProtocolClient.java:onNext(255)) - client-0C76110B8A2B->ed5d81fa-aaf0-49db-aa57-acca1dd387bd: receive RaftClientReply:client-0C76110B8A2B->ed5d81fa-aaf0-49db-aa57-acca1dd387bd@group-729F0664FEA8, cid=2717, SUCCESS, logIndex=3855, commits[ed5d81fa-aaf0-49db-aa57-acca1dd387bd:c3856]
2019-09-10 22:12:15,767 [grpc-default-executor-1] INFO  client.GrpcClientProtocolClient (GrpcClientProtocolClient.java:onNext(255)) - client-0C76110B8A2B->ed5d81fa-aaf0-49db-aa57-acca1dd387bd: receive RaftClientReply:client-0C76110B8A2B->ed5d81fa-aaf0-49db-aa57-acca1dd387bd@group-729F0664FEA8, cid=2718, SUCCESS, logIndex=3856, commits[ed5d81fa-aaf0-49db-aa57-acca1dd387bd:c3858]
2019-09-10 22:12:15,767 [grpc-default-executor-1] INFO  client.GrpcClientProtocolClient (GrpcClientProtocolClient.java:onNext(255)) - client-0C76110B8A2B->ed5d81fa-aaf0-49db-aa57-acca1dd387bd: receive RaftClientReply:client-0C76110B8A2B->ed5d81fa-aaf0-49db-aa57-acca1dd387bd@group-729F0664FEA8, cid=2719, SUCCESS, logIndex=3857, commits[ed5d81fa-aaf0-49db-aa57-acca1dd387bd:c3858]
2019-09-10 22:12:15,767 [grpc-default-executor-1] INFO  client.GrpcClientProtocolClient (GrpcClientProtocolClient.java:onNext(255)) - client-0C76110B8A2B->ed5d81fa-aaf0-49db-aa57-acca1dd387bd: receive RaftClientReply:client-0C76110B8A2B->ed5d81fa-aaf0-49db-aa57-acca1dd387bd@group-729F0664FEA8, cid=2720, SUCCESS, logIndex=3858, commits[ed5d81fa-aaf0-49db-aa57-acca1dd387bd:c3859]
2019-09-10 22:12:15,794 [grpc-default-executor-0] INFO  client.GrpcClientProtocolClient (GrpcClientProtocolClient.java:onNext(255)) - client-0C76110B8A2B->ed5d81fa-aaf0-49db-aa57-acca1dd387bd: receive RaftClientReply:client-0C76110B8A2B->ed5d81fa-aaf0-49db-aa57-acca1dd387bd@group-729F0664FEA8, cid=2721, SUCCESS, logIndex=3861, commits[ed5d81fa-aaf0-49db-aa57-acca1dd387bd:c3862]
2019-09-10 22:12:15,794 [grpc-default-executor-0] INFO  client.GrpcClientProtocolClient (GrpcClientProtocolClient.java:onNext(255)) - client-0C76110B8A2B->ed5d81fa-aaf0-49db-aa57-acca1dd387bd: receive RaftClientReply:client-0C76110B8A2B->ed5d81fa-aaf0-49db-aa57-acca1dd387bd@group-729F0664FEA8, cid=2722, SUCCESS, logIndex=3862, commits[ed5d81fa-aaf0-49db-aa57-acca1dd387bd:c3864]
2019-09-10 22:12:15,795 [grpc-default-executor-0] INFO  client.GrpcClientProtocolClient (GrpcClientProtocolClient.java:onNext(255)) - client-0C76110B8A2B->ed5d81fa-aaf0-49db-aa57-acca1dd387bd: receive RaftClientReply:client-0C76110B8A2B->ed5d81fa-aaf0-49db-aa57-acca1dd387bd@group-729F0664FEA8, cid=2723, SUCCESS, logIndex=3863, commits[ed5d81fa-aaf0-49db-aa57-acca1dd387bd:c3865]
2019-09-10 22:12:15,795 [grpc-default-executor-0] INFO  client.GrpcClientProtocolClient (GrpcClientProtocolClient.java:onNext(255)) - client-0C76110B8A2B->ed5d81fa-aaf0-49db-aa57-acca1dd387bd: receive RaftClientReply:client-0C76110B8A2B->ed5d81fa-aaf0-49db-aa57-acca1dd387bd@group-729F0664FEA8, cid=2724, SUCCESS, logIndex=3864, commits[ed5d81fa-aaf0-49db-aa57-acca1dd387bd:c3865]
2019-09-10 22:12:15,814 [grpc-default-executor-1] INFO  client.GrpcClientProtocolClient (GrpcClientProtocolClient.java:onNext(255)) - client-0C76110B8A2B->ed5d81fa-aaf0-49db-aa57-acca1dd387bd: receive RaftClientReply:client-0C76110B8A2B->ed5d81fa-aaf0-49db-aa57-acca1dd387bd@group-729F0664FEA8, cid=2725, SUCCESS, logIndex=3867, commits[ed5d81fa-aaf0-49db-aa57-acca1dd387bd:c3868]
2019-09-10 22:12:15,815 [grpc-default-executor-1] INFO  client.GrpcClientProtocolClient (GrpcClientProtocolClient.java:onNext(255)) - client-0C76110B8A2B->ed5d81fa-aaf0-49db-aa57-acca1dd387bd: receive RaftClientReply:client-0C76110B8A2B->ed5d81fa-aaf0-49db-aa57-acca1dd387bd@group-729F0664FEA8, cid=2726, SUCCESS, logIndex=3868, commits[ed5d81fa-aaf0-49db-aa57-acca1dd387bd:c3868]
2019-09-10 22:12:15,815 [grpc-default-executor-1] INFO  client.GrpcClientProtocolClient (GrpcClientProtocolClient.java:onNext(255)) - client-0C76110B8A2B->ed5d81fa-aaf0-49db-aa57-acca1dd387bd: receive RaftClientReply:client-0C76110B8A2B->ed5d81fa-aaf0-49db-aa57-acca1dd387bd@group-729F0664FEA8, cid=2727, SUCCESS, logIndex=3869, commits[ed5d81fa-aaf0-49db-aa57-acca1dd387bd:c3870]
2019-09-10 22:12:15,815 [grpc-default-executor-1] INFO  client.GrpcClientProtocolClient (GrpcClientProtocolClient.java:onNext(255)) - client-0C76110B8A2B->ed5d81fa-aaf0-49db-aa57-acca1dd387bd: receive RaftClientReply:client-0C76110B8A2B->ed5d81fa-aaf0-49db-aa57-acca1dd387bd@group-729F0664FEA8, cid=2728, SUCCESS, logIndex=3870, commits[ed5d81fa-aaf0-49db-aa57-acca1dd387bd:c3870]
2019-09-10 22:12:15,823 [SCMBlockDeletingService#0] DEBUG block.SCMBlockDeletingService (SCMBlockDeletingService.java:call(138)) - Running DeletedBlockTransactionScanner
2019-09-10 22:12:15,824 [SCMBlockDeletingService#0] DEBUG block.SCMBlockDeletingService (SCMBlockDeletingService.java:call(155)) - Scanned deleted blocks log and got 0 delTX to process.
2019-09-10 22:12:15,831 [grpc-default-executor-1] INFO  client.GrpcClientProtocolClient (GrpcClientProtocolClient.java:onNext(255)) - client-0C76110B8A2B->ed5d81fa-aaf0-49db-aa57-acca1dd387bd: receive RaftClientReply:client-0C76110B8A2B->ed5d81fa-aaf0-49db-aa57-acca1dd387bd@group-729F0664FEA8, cid=2729, SUCCESS, logIndex=3873, commits[ed5d81fa-aaf0-49db-aa57-acca1dd387bd:c3874]
2019-09-10 22:12:15,831 [grpc-default-executor-1] INFO  client.GrpcClientProtocolClient (GrpcClientProtocolClient.java:onNext(255)) - client-0C76110B8A2B->ed5d81fa-aaf0-49db-aa57-acca1dd387bd: receive RaftClientReply:client-0C76110B8A2B->ed5d81fa-aaf0-49db-aa57-acca1dd387bd@group-729F0664FEA8, cid=2730, SUCCESS, logIndex=3874, commits[ed5d81fa-aaf0-49db-aa57-acca1dd387bd:c3874]
2019-09-10 22:12:15,833 [grpc-default-executor-1] INFO  client.GrpcClientProtocolClient (GrpcClientProtocolClient.java:onNext(255)) - client-0C76110B8A2B->ed5d81fa-aaf0-49db-aa57-acca1dd387bd: receive RaftClientReply:client-0C76110B8A2B->ed5d81fa-aaf0-49db-aa57-acca1dd387bd@group-729F0664FEA8, cid=2731, SUCCESS, logIndex=3875, commits[ed5d81fa-aaf0-49db-aa57-acca1dd387bd:c3877]
2019-09-10 22:12:15,833 [grpc-default-executor-1] INFO  client.GrpcClientProtocolClient (GrpcClientProtocolClient.java:onNext(255)) - client-0C76110B8A2B->ed5d81fa-aaf0-49db-aa57-acca1dd387bd: receive RaftClientReply:client-0C76110B8A2B->ed5d81fa-aaf0-49db-aa57-acca1dd387bd@group-729F0664FEA8, cid=2732, SUCCESS, logIndex=3876, commits[ed5d81fa-aaf0-49db-aa57-acca1dd387bd:c3877]
2019-09-10 22:12:15,842 [grpc-default-executor-0] INFO  client.GrpcClientProtocolClient (GrpcClientProtocolClient.java:onNext(255)) - client-0C76110B8A2B->ed5d81fa-aaf0-49db-aa57-acca1dd387bd: receive RaftClientReply:client-0C76110B8A2B->ed5d81fa-aaf0-49db-aa57-acca1dd387bd@group-729F0664FEA8, cid=2733, SUCCESS, logIndex=3878, commits[ed5d81fa-aaf0-49db-aa57-acca1dd387bd:c3879]
2019-09-10 22:12:15,842 [grpc-default-executor-0] INFO  client.GrpcClientProtocolClient (GrpcClientProtocolClient.java:onNext(255)) - client-0C76110B8A2B->ed5d81fa-aaf0-49db-aa57-acca1dd387bd: receive RaftClientReply:client-0C76110B8A2B->ed5d81fa-aaf0-49db-aa57-acca1dd387bd@group-729F0664FEA8, cid=2734, SUCCESS, logIndex=3879, commits[ed5d81fa-aaf0-49db-aa57-acca1dd387bd:c3881]
2019-09-10 22:12:15,842 [grpc-default-executor-0] INFO  client.GrpcClientProtocolClient (GrpcClientProtocolClient.java:onNext(255)) - client-0C76110B8A2B->ed5d81fa-aaf0-49db-aa57-acca1dd387bd: receive RaftClientReply:client-0C76110B8A2B->ed5d81fa-aaf0-49db-aa57-acca1dd387bd@group-729F0664FEA8, cid=2735, SUCCESS, logIndex=3880, commits[ed5d81fa-aaf0-49db-aa57-acca1dd387bd:c3881]
2019-09-10 22:12:15,842 [grpc-default-executor-0] INFO  client.GrpcClientProtocolClient (GrpcClientProtocolClient.java:onNext(255)) - client-0C76110B8A2B->ed5d81fa-aaf0-49db-aa57-acca1dd387bd: receive RaftClientReply:client-0C76110B8A2B->ed5d81fa-aaf0-49db-aa57-acca1dd387bd@group-729F0664FEA8, cid=2736, SUCCESS, logIndex=3881, commits[ed5d81fa-aaf0-49db-aa57-acca1dd387bd:c3881]
2019-09-10 22:12:15,868 [grpc-default-executor-0] INFO  client.GrpcClientProtocolClient (GrpcClientProtocolClient.java:onNext(255)) - client-0C76110B8A2B->ed5d81fa-aaf0-49db-aa57-acca1dd387bd: receive RaftClientReply:client-0C76110B8A2B->ed5d81fa-aaf0-49db-aa57-acca1dd387bd@group-729F0664FEA8, cid=2737, SUCCESS, logIndex=3884, commits[ed5d81fa-aaf0-49db-aa57-acca1dd387bd:c3887]
2019-09-10 22:12:15,868 [grpc-default-executor-0] INFO  client.GrpcClientProtocolClient (GrpcClientProtocolClient.java:onNext(255)) - client-0C76110B8A2B->ed5d81fa-aaf0-49db-aa57-acca1dd387bd: receive RaftClientReply:client-0C76110B8A2B->ed5d81fa-aaf0-49db-aa57-acca1dd387bd@group-729F0664FEA8, cid=2738, SUCCESS, logIndex=3885, commits[ed5d81fa-aaf0-49db-aa57-acca1dd387bd:c3887]
2019-09-10 22:12:15,869 [grpc-default-executor-0] INFO  client.GrpcClientProtocolClient (GrpcClientProtocolClient.java:onNext(255)) - client-0C76110B8A2B->ed5d81fa-aaf0-49db-aa57-acca1dd387bd: receive RaftClientReply:client-0C76110B8A2B->ed5d81fa-aaf0-49db-aa57-acca1dd387bd@group-729F0664FEA8, cid=2739, SUCCESS, logIndex=3886, commits[ed5d81fa-aaf0-49db-aa57-acca1dd387bd:c3888]
2019-09-10 22:12:15,869 [grpc-default-executor-0] INFO  client.GrpcClientProtocolClient (GrpcClientProtocolClient.java:onNext(255)) - client-0C76110B8A2B->ed5d81fa-aaf0-49db-aa57-acca1dd387bd: receive RaftClientReply:client-0C76110B8A2B->ed5d81fa-aaf0-49db-aa57-acca1dd387bd@group-729F0664FEA8, cid=2740, SUCCESS, logIndex=3887, commits[ed5d81fa-aaf0-49db-aa57-acca1dd387bd:c3888]
2019-09-10 22:12:15,924 [SCMBlockDeletingService#0] DEBUG block.SCMBlockDeletingService (SCMBlockDeletingService.java:call(138)) - Running DeletedBlockTransactionScanner
2019-09-10 22:12:15,924 [SCMBlockDeletingService#0] DEBUG block.SCMBlockDeletingService (SCMBlockDeletingService.java:call(155)) - Scanned deleted blocks log and got 0 delTX to process.
2019-09-10 22:12:15,973 [grpc-default-executor-0] INFO  client.GrpcClientProtocolClient (GrpcClientProtocolClient.java:onNext(255)) - client-0C76110B8A2B->ed5d81fa-aaf0-49db-aa57-acca1dd387bd: receive RaftClientReply:client-0C76110B8A2B->ed5d81fa-aaf0-49db-aa57-acca1dd387bd@group-729F0664FEA8, cid=2741, SUCCESS, logIndex=3889, commits[ed5d81fa-aaf0-49db-aa57-acca1dd387bd:c3890]
2019-09-10 22:12:15,974 [grpc-default-executor-0] INFO  client.GrpcClientProtocolClient (GrpcClientProtocolClient.java:onNext(255)) - client-0C76110B8A2B->ed5d81fa-aaf0-49db-aa57-acca1dd387bd: receive RaftClientReply:client-0C76110B8A2B->ed5d81fa-aaf0-49db-aa57-acca1dd387bd@group-729F0664FEA8, cid=2742, SUCCESS, logIndex=3890, commits[ed5d81fa-aaf0-49db-aa57-acca1dd387bd:c3890]
2019-09-10 22:12:15,975 [grpc-default-executor-0] INFO  client.GrpcClientProtocolClient (GrpcClientProtocolClient.java:onNext(255)) - client-0C76110B8A2B->ed5d81fa-aaf0-49db-aa57-acca1dd387bd: receive RaftClientReply:client-0C76110B8A2B->ed5d81fa-aaf0-49db-aa57-acca1dd387bd@group-729F0664FEA8, cid=2743, SUCCESS, logIndex=3891, commits[ed5d81fa-aaf0-49db-aa57-acca1dd387bd:c3892]
2019-09-10 22:12:15,975 [grpc-default-executor-0] INFO  client.GrpcClientProtocolClient (GrpcClientProtocolClient.java:onNext(255)) - client-0C76110B8A2B->ed5d81fa-aaf0-49db-aa57-acca1dd387bd: receive RaftClientReply:client-0C76110B8A2B->ed5d81fa-aaf0-49db-aa57-acca1dd387bd@group-729F0664FEA8, cid=2744, SUCCESS, logIndex=3892, commits[ed5d81fa-aaf0-49db-aa57-acca1dd387bd:c3892]
2019-09-10 22:12:16,006 [grpc-default-executor-0] INFO  client.GrpcClientProtocolClient (GrpcClientProtocolClient.java:onNext(255)) - client-0C76110B8A2B->ed5d81fa-aaf0-49db-aa57-acca1dd387bd: receive RaftClientReply:client-0C76110B8A2B->ed5d81fa-aaf0-49db-aa57-acca1dd387bd@group-729F0664FEA8, cid=2745, SUCCESS, logIndex=3895, commits[ed5d81fa-aaf0-49db-aa57-acca1dd387bd:c3898]
2019-09-10 22:12:16,007 [grpc-default-executor-0] INFO  client.GrpcClientProtocolClient (GrpcClientProtocolClient.java:onNext(255)) - client-0C76110B8A2B->ed5d81fa-aaf0-49db-aa57-acca1dd387bd: receive RaftClientReply:client-0C76110B8A2B->ed5d81fa-aaf0-49db-aa57-acca1dd387bd@group-729F0664FEA8, cid=2746, SUCCESS, logIndex=3896, commits[ed5d81fa-aaf0-49db-aa57-acca1dd387bd:c3899]
2019-09-10 22:12:16,007 [grpc-default-executor-0] INFO  client.GrpcClientProtocolClient (GrpcClientProtocolClient.java:onNext(255)) - client-0C76110B8A2B->ed5d81fa-aaf0-49db-aa57-acca1dd387bd: receive RaftClientReply:client-0C76110B8A2B->ed5d81fa-aaf0-49db-aa57-acca1dd387bd@group-729F0664FEA8, cid=2747, SUCCESS, logIndex=3897, commits[ed5d81fa-aaf0-49db-aa57-acca1dd387bd:c3899]
2019-09-10 22:12:16,007 [grpc-default-executor-0] INFO  client.GrpcClientProtocolClient (GrpcClientProtocolClient.java:onNext(255)) - client-0C76110B8A2B->ed5d81fa-aaf0-49db-aa57-acca1dd387bd: receive RaftClientReply:client-0C76110B8A2B->ed5d81fa-aaf0-49db-aa57-acca1dd387bd@group-729F0664FEA8, cid=2748, SUCCESS, logIndex=3898, commits[ed5d81fa-aaf0-49db-aa57-acca1dd387bd:c3899]
2019-09-10 22:12:16,025 [SCMBlockDeletingService#0] DEBUG block.SCMBlockDeletingService (SCMBlockDeletingService.java:call(138)) - Running DeletedBlockTransactionScanner
2019-09-10 22:12:16,025 [SCMBlockDeletingService#0] DEBUG block.SCMBlockDeletingService (SCMBlockDeletingService.java:call(155)) - Scanned deleted blocks log and got 0 delTX to process.
2019-09-10 22:12:16,027 [grpc-default-executor-0] INFO  client.GrpcClientProtocolClient (GrpcClientProtocolClient.java:onNext(255)) - client-0C76110B8A2B->ed5d81fa-aaf0-49db-aa57-acca1dd387bd: receive RaftClientReply:client-0C76110B8A2B->ed5d81fa-aaf0-49db-aa57-acca1dd387bd@group-729F0664FEA8, cid=2749, SUCCESS, logIndex=3900, commits[ed5d81fa-aaf0-49db-aa57-acca1dd387bd:c3901]
2019-09-10 22:12:16,027 [grpc-default-executor-0] INFO  client.GrpcClientProtocolClient (GrpcClientProtocolClient.java:onNext(255)) - client-0C76110B8A2B->ed5d81fa-aaf0-49db-aa57-acca1dd387bd: receive RaftClientReply:client-0C76110B8A2B->ed5d81fa-aaf0-49db-aa57-acca1dd387bd@group-729F0664FEA8, cid=2750, SUCCESS, logIndex=3901, commits[ed5d81fa-aaf0-49db-aa57-acca1dd387bd:c3903]
2019-09-10 22:12:16,027 [grpc-default-executor-0] INFO  client.GrpcClientProtocolClient (GrpcClientProtocolClient.java:onNext(255)) - client-0C76110B8A2B->ed5d81fa-aaf0-49db-aa57-acca1dd387bd: receive RaftClientReply:client-0C76110B8A2B->ed5d81fa-aaf0-49db-aa57-acca1dd387bd@group-729F0664FEA8, cid=2751, SUCCESS, logIndex=3902, commits[ed5d81fa-aaf0-49db-aa57-acca1dd387bd:c3904]
2019-09-10 22:12:16,028 [grpc-default-executor-0] INFO  client.GrpcClientProtocolClient (GrpcClientProtocolClient.java:onNext(255)) - client-0C76110B8A2B->ed5d81fa-aaf0-49db-aa57-acca1dd387bd: receive RaftClientReply:client-0C76110B8A2B->ed5d81fa-aaf0-49db-aa57-acca1dd387bd@group-729F0664FEA8, cid=2752, SUCCESS, logIndex=3903, commits[ed5d81fa-aaf0-49db-aa57-acca1dd387bd:c3904]
2019-09-10 22:12:16,055 [grpc-default-executor-0] INFO  client.GrpcClientProtocolClient (GrpcClientProtocolClient.java:onNext(255)) - client-0C76110B8A2B->ed5d81fa-aaf0-49db-aa57-acca1dd387bd: receive RaftClientReply:client-0C76110B8A2B->ed5d81fa-aaf0-49db-aa57-acca1dd387bd@group-729F0664FEA8, cid=2753, SUCCESS, logIndex=3906, commits[ed5d81fa-aaf0-49db-aa57-acca1dd387bd:c3907]
2019-09-10 22:12:16,055 [grpc-default-executor-0] INFO  client.GrpcClientProtocolClient (GrpcClientProtocolClient.java:onNext(255)) - client-0C76110B8A2B->ed5d81fa-aaf0-49db-aa57-acca1dd387bd: receive RaftClientReply:client-0C76110B8A2B->ed5d81fa-aaf0-49db-aa57-acca1dd387bd@group-729F0664FEA8, cid=2754, SUCCESS, logIndex=3907, commits[ed5d81fa-aaf0-49db-aa57-acca1dd387bd:c3909]
2019-09-10 22:12:16,055 [grpc-default-executor-0] INFO  client.GrpcClientProtocolClient (GrpcClientProtocolClient.java:onNext(255)) - client-0C76110B8A2B->ed5d81fa-aaf0-49db-aa57-acca1dd387bd: receive RaftClientReply:client-0C76110B8A2B->ed5d81fa-aaf0-49db-aa57-acca1dd387bd@group-729F0664FEA8, cid=2755, SUCCESS, logIndex=3908, commits[ed5d81fa-aaf0-49db-aa57-acca1dd387bd:c3910]
2019-09-10 22:12:16,056 [grpc-default-executor-0] INFO  client.GrpcClientProtocolClient (GrpcClientProtocolClient.java:onNext(255)) - client-0C76110B8A2B->ed5d81fa-aaf0-49db-aa57-acca1dd387bd: receive RaftClientReply:client-0C76110B8A2B->ed5d81fa-aaf0-49db-aa57-acca1dd387bd@group-729F0664FEA8, cid=2756, SUCCESS, logIndex=3909, commits[ed5d81fa-aaf0-49db-aa57-acca1dd387bd:c3910]
2019-09-10 22:12:16,075 [grpc-default-executor-0] INFO  client.GrpcClientProtocolClient (GrpcClientProtocolClient.java:onNext(255)) - client-0C76110B8A2B->ed5d81fa-aaf0-49db-aa57-acca1dd387bd: receive RaftClientReply:client-0C76110B8A2B->ed5d81fa-aaf0-49db-aa57-acca1dd387bd@group-729F0664FEA8, cid=2757, SUCCESS, logIndex=3912, commits[ed5d81fa-aaf0-49db-aa57-acca1dd387bd:c3913]
2019-09-10 22:12:16,076 [grpc-default-executor-0] INFO  client.GrpcClientProtocolClient (GrpcClientProtocolClient.java:onNext(255)) - client-0C76110B8A2B->ed5d81fa-aaf0-49db-aa57-acca1dd387bd: receive RaftClientReply:client-0C76110B8A2B->ed5d81fa-aaf0-49db-aa57-acca1dd387bd@group-729F0664FEA8, cid=2758, SUCCESS, logIndex=3913, commits[ed5d81fa-aaf0-49db-aa57-acca1dd387bd:c3915]
2019-09-10 22:12:16,076 [grpc-default-executor-0] INFO  client.GrpcClientProtocolClient (GrpcClientProtocolClient.java:onNext(255)) - client-0C76110B8A2B->ed5d81fa-aaf0-49db-aa57-acca1dd387bd: receive RaftClientReply:client-0C76110B8A2B->ed5d81fa-aaf0-49db-aa57-acca1dd387bd@group-729F0664FEA8, cid=2759, SUCCESS, logIndex=3914, commits[ed5d81fa-aaf0-49db-aa57-acca1dd387bd:c3916]
2019-09-10 22:12:16,076 [grpc-default-executor-0] INFO  client.GrpcClientProtocolClient (GrpcClientProtocolClient.java:onNext(255)) - client-0C76110B8A2B->ed5d81fa-aaf0-49db-aa57-acca1dd387bd: receive RaftClientReply:client-0C76110B8A2B->ed5d81fa-aaf0-49db-aa57-acca1dd387bd@group-729F0664FEA8, cid=2760, SUCCESS, logIndex=3915, commits[ed5d81fa-aaf0-49db-aa57-acca1dd387bd:c3916]
2019-09-10 22:12:16,105 [grpc-default-executor-1] INFO  client.GrpcClientProtocolClient (GrpcClientProtocolClient.java:onNext(255)) - client-0C76110B8A2B->ed5d81fa-aaf0-49db-aa57-acca1dd387bd: receive RaftClientReply:client-0C76110B8A2B->ed5d81fa-aaf0-49db-aa57-acca1dd387bd@group-729F0664FEA8, cid=2761, SUCCESS, logIndex=3918, commits[ed5d81fa-aaf0-49db-aa57-acca1dd387bd:c3919]
2019-09-10 22:12:16,106 [grpc-default-executor-1] INFO  client.GrpcClientProtocolClient (GrpcClientProtocolClient.java:onNext(255)) - client-0C76110B8A2B->ed5d81fa-aaf0-49db-aa57-acca1dd387bd: receive RaftClientReply:client-0C76110B8A2B->ed5d81fa-aaf0-49db-aa57-acca1dd387bd@group-729F0664FEA8, cid=2762, SUCCESS, logIndex=3919, commits[ed5d81fa-aaf0-49db-aa57-acca1dd387bd:c3919]
2019-09-10 22:12:16,107 [grpc-default-executor-1] INFO  client.GrpcClientProtocolClient (GrpcClientProtocolClient.java:onNext(255)) - client-0C76110B8A2B->ed5d81fa-aaf0-49db-aa57-acca1dd387bd: receive RaftClientReply:client-0C76110B8A2B->ed5d81fa-aaf0-49db-aa57-acca1dd387bd@group-729F0664FEA8, cid=2763, SUCCESS, logIndex=3920, commits[ed5d81fa-aaf0-49db-aa57-acca1dd387bd:c3921]
2019-09-10 22:12:16,107 [grpc-default-executor-1] INFO  client.GrpcClientProtocolClient (GrpcClientProtocolClient.java:onNext(255)) - client-0C76110B8A2B->ed5d81fa-aaf0-49db-aa57-acca1dd387bd: receive RaftClientReply:client-0C76110B8A2B->ed5d81fa-aaf0-49db-aa57-acca1dd387bd@group-729F0664FEA8, cid=2764, SUCCESS, logIndex=3921, commits[ed5d81fa-aaf0-49db-aa57-acca1dd387bd:c3921]
2019-09-10 22:12:16,120 [grpc-default-executor-1] INFO  client.GrpcClientProtocolClient (GrpcClientProtocolClient.java:onNext(255)) - client-0C76110B8A2B->ed5d81fa-aaf0-49db-aa57-acca1dd387bd: receive RaftClientReply:client-0C76110B8A2B->ed5d81fa-aaf0-49db-aa57-acca1dd387bd@group-729F0664FEA8, cid=2765, SUCCESS, logIndex=3924, commits[ed5d81fa-aaf0-49db-aa57-acca1dd387bd:c3927]
2019-09-10 22:12:16,120 [grpc-default-executor-1] INFO  client.GrpcClientProtocolClient (GrpcClientProtocolClient.java:onNext(255)) - client-0C76110B8A2B->ed5d81fa-aaf0-49db-aa57-acca1dd387bd: receive RaftClientReply:client-0C76110B8A2B->ed5d81fa-aaf0-49db-aa57-acca1dd387bd@group-729F0664FEA8, cid=2766, SUCCESS, logIndex=3925, commits[ed5d81fa-aaf0-49db-aa57-acca1dd387bd:c3927]
2019-09-10 22:12:16,121 [grpc-default-executor-1] INFO  client.GrpcClientProtocolClient (GrpcClientProtocolClient.java:onNext(255)) - client-0C76110B8A2B->ed5d81fa-aaf0-49db-aa57-acca1dd387bd: receive RaftClientReply:client-0C76110B8A2B->ed5d81fa-aaf0-49db-aa57-acca1dd387bd@group-729F0664FEA8, cid=2767, SUCCESS, logIndex=3926, commits[ed5d81fa-aaf0-49db-aa57-acca1dd387bd:c3927]
2019-09-10 22:12:16,121 [grpc-default-executor-1] INFO  client.GrpcClientProtocolClient (GrpcClientProtocolClient.java:onNext(255)) - client-0C76110B8A2B->ed5d81fa-aaf0-49db-aa57-acca1dd387bd: receive RaftClientReply:client-0C76110B8A2B->ed5d81fa-aaf0-49db-aa57-acca1dd387bd@group-729F0664FEA8, cid=2768, SUCCESS, logIndex=3927, commits[ed5d81fa-aaf0-49db-aa57-acca1dd387bd:c3927]
2019-09-10 22:12:16,125 [SCMBlockDeletingService#0] DEBUG block.SCMBlockDeletingService (SCMBlockDeletingService.java:call(138)) - Running DeletedBlockTransactionScanner
2019-09-10 22:12:16,125 [SCMBlockDeletingService#0] DEBUG block.SCMBlockDeletingService (SCMBlockDeletingService.java:call(155)) - Scanned deleted blocks log and got 0 delTX to process.
2019-09-10 22:12:16,147 [grpc-default-executor-0] INFO  client.GrpcClientProtocolClient (GrpcClientProtocolClient.java:onNext(255)) - client-0C76110B8A2B->ed5d81fa-aaf0-49db-aa57-acca1dd387bd: receive RaftClientReply:client-0C76110B8A2B->ed5d81fa-aaf0-49db-aa57-acca1dd387bd@group-729F0664FEA8, cid=2769, SUCCESS, logIndex=3929, commits[ed5d81fa-aaf0-49db-aa57-acca1dd387bd:c3930]
2019-09-10 22:12:16,148 [grpc-default-executor-0] INFO  client.GrpcClientProtocolClient (GrpcClientProtocolClient.java:onNext(255)) - client-0C76110B8A2B->ed5d81fa-aaf0-49db-aa57-acca1dd387bd: receive RaftClientReply:client-0C76110B8A2B->ed5d81fa-aaf0-49db-aa57-acca1dd387bd@group-729F0664FEA8, cid=2770, SUCCESS, logIndex=3930, commits[ed5d81fa-aaf0-49db-aa57-acca1dd387bd:c3932]
2019-09-10 22:12:16,148 [grpc-default-executor-0] INFO  client.GrpcClientProtocolClient (GrpcClientProtocolClient.java:onNext(255)) - client-0C76110B8A2B->ed5d81fa-aaf0-49db-aa57-acca1dd387bd: receive RaftClientReply:client-0C76110B8A2B->ed5d81fa-aaf0-49db-aa57-acca1dd387bd@group-729F0664FEA8, cid=2771, SUCCESS, logIndex=3931, commits[ed5d81fa-aaf0-49db-aa57-acca1dd387bd:c3933]
2019-09-10 22:12:16,148 [grpc-default-executor-0] INFO  client.GrpcClientProtocolClient (GrpcClientProtocolClient.java:onNext(255)) - client-0C76110B8A2B->ed5d81fa-aaf0-49db-aa57-acca1dd387bd: receive RaftClientReply:client-0C76110B8A2B->ed5d81fa-aaf0-49db-aa57-acca1dd387bd@group-729F0664FEA8, cid=2772, SUCCESS, logIndex=3932, commits[ed5d81fa-aaf0-49db-aa57-acca1dd387bd:c3933]
2019-09-10 22:12:16,165 [grpc-default-executor-1] INFO  client.GrpcClientProtocolClient (GrpcClientProtocolClient.java:onNext(255)) - client-0C76110B8A2B->ed5d81fa-aaf0-49db-aa57-acca1dd387bd: receive RaftClientReply:client-0C76110B8A2B->ed5d81fa-aaf0-49db-aa57-acca1dd387bd@group-729F0664FEA8, cid=2773, SUCCESS, logIndex=3935, commits[ed5d81fa-aaf0-49db-aa57-acca1dd387bd:c3936]
2019-09-10 22:12:16,166 [grpc-default-executor-1] INFO  client.GrpcClientProtocolClient (GrpcClientProtocolClient.java:onNext(255)) - client-0C76110B8A2B->ed5d81fa-aaf0-49db-aa57-acca1dd387bd: receive RaftClientReply:client-0C76110B8A2B->ed5d81fa-aaf0-49db-aa57-acca1dd387bd@group-729F0664FEA8, cid=2774, SUCCESS, logIndex=3936, commits[ed5d81fa-aaf0-49db-aa57-acca1dd387bd:c3938]
2019-09-10 22:12:16,166 [grpc-default-executor-1] INFO  client.GrpcClientProtocolClient (GrpcClientProtocolClient.java:onNext(255)) - client-0C76110B8A2B->ed5d81fa-aaf0-49db-aa57-acca1dd387bd: receive RaftClientReply:client-0C76110B8A2B->ed5d81fa-aaf0-49db-aa57-acca1dd387bd@group-729F0664FEA8, cid=2775, SUCCESS, logIndex=3937, commits[ed5d81fa-aaf0-49db-aa57-acca1dd387bd:c3939]
2019-09-10 22:12:16,166 [grpc-default-executor-1] INFO  client.GrpcClientProtocolClient (GrpcClientProtocolClient.java:onNext(255)) - client-0C76110B8A2B->ed5d81fa-aaf0-49db-aa57-acca1dd387bd: receive RaftClientReply:client-0C76110B8A2B->ed5d81fa-aaf0-49db-aa57-acca1dd387bd@group-729F0664FEA8, cid=2776, SUCCESS, logIndex=3938, commits[ed5d81fa-aaf0-49db-aa57-acca1dd387bd:c3939]
2019-09-10 22:12:16,183 [grpc-default-executor-0] INFO  client.GrpcClientProtocolClient (GrpcClientProtocolClient.java:onNext(255)) - client-0C76110B8A2B->ed5d81fa-aaf0-49db-aa57-acca1dd387bd: receive RaftClientReply:client-0C76110B8A2B->ed5d81fa-aaf0-49db-aa57-acca1dd387bd@group-729F0664FEA8, cid=2777, SUCCESS, logIndex=3941, commits[ed5d81fa-aaf0-49db-aa57-acca1dd387bd:c3942]
2019-09-10 22:12:16,184 [grpc-default-executor-0] INFO  client.GrpcClientProtocolClient (GrpcClientProtocolClient.java:onNext(255)) - client-0C76110B8A2B->ed5d81fa-aaf0-49db-aa57-acca1dd387bd: receive RaftClientReply:client-0C76110B8A2B->ed5d81fa-aaf0-49db-aa57-acca1dd387bd@group-729F0664FEA8, cid=2778, SUCCESS, logIndex=3942, commits[ed5d81fa-aaf0-49db-aa57-acca1dd387bd:c3942]
2019-09-10 22:12:16,185 [grpc-default-executor-0] INFO  client.GrpcClientProtocolClient (GrpcClientProtocolClient.java:onNext(255)) - client-0C76110B8A2B->ed5d81fa-aaf0-49db-aa57-acca1dd387bd: receive RaftClientReply:client-0C76110B8A2B->ed5d81fa-aaf0-49db-aa57-acca1dd387bd@group-729F0664FEA8, cid=2779, SUCCESS, logIndex=3943, commits[ed5d81fa-aaf0-49db-aa57-acca1dd387bd:c3945]
2019-09-10 22:12:16,185 [grpc-default-executor-0] INFO  client.GrpcClientProtocolClient (GrpcClientProtocolClient.java:onNext(255)) - client-0C76110B8A2B->ed5d81fa-aaf0-49db-aa57-acca1dd387bd: receive RaftClientReply:client-0C76110B8A2B->ed5d81fa-aaf0-49db-aa57-acca1dd387bd@group-729F0664FEA8, cid=2780, SUCCESS, logIndex=3944, commits[ed5d81fa-aaf0-49db-aa57-acca1dd387bd:c3945]
2019-09-10 22:12:16,194 [grpc-default-executor-1] INFO  client.GrpcClientProtocolClient (GrpcClientProtocolClient.java:onNext(255)) - client-0C76110B8A2B->ed5d81fa-aaf0-49db-aa57-acca1dd387bd: receive RaftClientReply:client-0C76110B8A2B->ed5d81fa-aaf0-49db-aa57-acca1dd387bd@group-729F0664FEA8, cid=2781, SUCCESS, logIndex=3946, commits[ed5d81fa-aaf0-49db-aa57-acca1dd387bd:c3947]
2019-09-10 22:12:16,194 [grpc-default-executor-1] INFO  client.GrpcClientProtocolClient (GrpcClientProtocolClient.java:onNext(255)) - client-0C76110B8A2B->ed5d81fa-aaf0-49db-aa57-acca1dd387bd: receive RaftClientReply:client-0C76110B8A2B->ed5d81fa-aaf0-49db-aa57-acca1dd387bd@group-729F0664FEA8, cid=2782, SUCCESS, logIndex=3947, commits[ed5d81fa-aaf0-49db-aa57-acca1dd387bd:c3947]
2019-09-10 22:12:16,196 [grpc-default-executor-1] INFO  client.GrpcClientProtocolClient (GrpcClientProtocolClient.java:onNext(255)) - client-0C76110B8A2B->ed5d81fa-aaf0-49db-aa57-acca1dd387bd: receive RaftClientReply:client-0C76110B8A2B->ed5d81fa-aaf0-49db-aa57-acca1dd387bd@group-729F0664FEA8, cid=2783, SUCCESS, logIndex=3948, commits[ed5d81fa-aaf0-49db-aa57-acca1dd387bd:c3950]
2019-09-10 22:12:16,196 [grpc-default-executor-1] INFO  client.GrpcClientProtocolClient (GrpcClientProtocolClient.java:onNext(255)) - client-0C76110B8A2B->ed5d81fa-aaf0-49db-aa57-acca1dd387bd: receive RaftClientReply:client-0C76110B8A2B->ed5d81fa-aaf0-49db-aa57-acca1dd387bd@group-729F0664FEA8, cid=2784, SUCCESS, logIndex=3949, commits[ed5d81fa-aaf0-49db-aa57-acca1dd387bd:c3950]
2019-09-10 22:12:16,279 [SCMBlockDeletingService#0] DEBUG block.SCMBlockDeletingService (SCMBlockDeletingService.java:call(138)) - Running DeletedBlockTransactionScanner
2019-09-10 22:12:16,279 [SCMBlockDeletingService#0] DEBUG block.SCMBlockDeletingService (SCMBlockDeletingService.java:call(155)) - Scanned deleted blocks log and got 0 delTX to process.
2019-09-10 22:12:16,379 [SCMBlockDeletingService#0] DEBUG block.SCMBlockDeletingService (SCMBlockDeletingService.java:call(138)) - Running DeletedBlockTransactionScanner
2019-09-10 22:12:16,380 [SCMBlockDeletingService#0] DEBUG block.SCMBlockDeletingService (SCMBlockDeletingService.java:call(155)) - Scanned deleted blocks log and got 0 delTX to process.
2019-09-10 22:12:16,414 [grpc-default-executor-0] INFO  client.GrpcClientProtocolClient (GrpcClientProtocolClient.java:onNext(255)) - client-0C76110B8A2B->ed5d81fa-aaf0-49db-aa57-acca1dd387bd: receive RaftClientReply:client-0C76110B8A2B->ed5d81fa-aaf0-49db-aa57-acca1dd387bd@group-729F0664FEA8, cid=2785, SUCCESS, logIndex=3951, commits[ed5d81fa-aaf0-49db-aa57-acca1dd387bd:c3954]
2019-09-10 22:12:16,415 [grpc-default-executor-0] INFO  client.GrpcClientProtocolClient (GrpcClientProtocolClient.java:onNext(255)) - client-0C76110B8A2B->ed5d81fa-aaf0-49db-aa57-acca1dd387bd: receive RaftClientReply:client-0C76110B8A2B->ed5d81fa-aaf0-49db-aa57-acca1dd387bd@group-729F0664FEA8, cid=2786, SUCCESS, logIndex=3952, commits[ed5d81fa-aaf0-49db-aa57-acca1dd387bd:c3955]
2019-09-10 22:12:16,415 [grpc-default-executor-0] INFO  client.GrpcClientProtocolClient (GrpcClientProtocolClient.java:onNext(255)) - client-0C76110B8A2B->ed5d81fa-aaf0-49db-aa57-acca1dd387bd: receive RaftClientReply:client-0C76110B8A2B->ed5d81fa-aaf0-49db-aa57-acca1dd387bd@group-729F0664FEA8, cid=2787, SUCCESS, logIndex=3953, commits[ed5d81fa-aaf0-49db-aa57-acca1dd387bd:c3955]
2019-09-10 22:12:16,415 [grpc-default-executor-0] INFO  client.GrpcClientProtocolClient (GrpcClientProtocolClient.java:onNext(255)) - client-0C76110B8A2B->ed5d81fa-aaf0-49db-aa57-acca1dd387bd: receive RaftClientReply:client-0C76110B8A2B->ed5d81fa-aaf0-49db-aa57-acca1dd387bd@group-729F0664FEA8, cid=2788, SUCCESS, logIndex=3954, commits[ed5d81fa-aaf0-49db-aa57-acca1dd387bd:c3955]
2019-09-10 22:12:16,436 [grpc-default-executor-1] INFO  client.GrpcClientProtocolClient (GrpcClientProtocolClient.java:onNext(255)) - client-0C76110B8A2B->ed5d81fa-aaf0-49db-aa57-acca1dd387bd: receive RaftClientReply:client-0C76110B8A2B->ed5d81fa-aaf0-49db-aa57-acca1dd387bd@group-729F0664FEA8, cid=2789, SUCCESS, logIndex=3956, commits[ed5d81fa-aaf0-49db-aa57-acca1dd387bd:c3959]
2019-09-10 22:12:16,436 [grpc-default-executor-1] INFO  client.GrpcClientProtocolClient (GrpcClientProtocolClient.java:onNext(255)) - client-0C76110B8A2B->ed5d81fa-aaf0-49db-aa57-acca1dd387bd: receive RaftClientReply:client-0C76110B8A2B->ed5d81fa-aaf0-49db-aa57-acca1dd387bd@group-729F0664FEA8, cid=2790, SUCCESS, logIndex=3957, commits[ed5d81fa-aaf0-49db-aa57-acca1dd387bd:c3960]
2019-09-10 22:12:16,436 [grpc-default-executor-1] INFO  client.GrpcClientProtocolClient (GrpcClientProtocolClient.java:onNext(255)) - client-0C76110B8A2B->ed5d81fa-aaf0-49db-aa57-acca1dd387bd: receive RaftClientReply:client-0C76110B8A2B->ed5d81fa-aaf0-49db-aa57-acca1dd387bd@group-729F0664FEA8, cid=2791, SUCCESS, logIndex=3958, commits[ed5d81fa-aaf0-49db-aa57-acca1dd387bd:c3960]
2019-09-10 22:12:16,437 [grpc-default-executor-1] INFO  client.GrpcClientProtocolClient (GrpcClientProtocolClient.java:onNext(255)) - client-0C76110B8A2B->ed5d81fa-aaf0-49db-aa57-acca1dd387bd: receive RaftClientReply:client-0C76110B8A2B->ed5d81fa-aaf0-49db-aa57-acca1dd387bd@group-729F0664FEA8, cid=2792, SUCCESS, logIndex=3959, commits[ed5d81fa-aaf0-49db-aa57-acca1dd387bd:c3960]
2019-09-10 22:12:16,466 [grpc-default-executor-0] INFO  client.GrpcClientProtocolClient (GrpcClientProtocolClient.java:onNext(255)) - client-0C76110B8A2B->ed5d81fa-aaf0-49db-aa57-acca1dd387bd: receive RaftClientReply:client-0C76110B8A2B->ed5d81fa-aaf0-49db-aa57-acca1dd387bd@group-729F0664FEA8, cid=2793, SUCCESS, logIndex=3961, commits[ed5d81fa-aaf0-49db-aa57-acca1dd387bd:c3964]
2019-09-10 22:12:16,466 [grpc-default-executor-0] INFO  client.GrpcClientProtocolClient (GrpcClientProtocolClient.java:onNext(255)) - client-0C76110B8A2B->ed5d81fa-aaf0-49db-aa57-acca1dd387bd: receive RaftClientReply:client-0C76110B8A2B->ed5d81fa-aaf0-49db-aa57-acca1dd387bd@group-729F0664FEA8, cid=2794, SUCCESS, logIndex=3962, commits[ed5d81fa-aaf0-49db-aa57-acca1dd387bd:c3965]
2019-09-10 22:12:16,466 [grpc-default-executor-0] INFO  client.GrpcClientProtocolClient (GrpcClientProtocolClient.java:onNext(255)) - client-0C76110B8A2B->ed5d81fa-aaf0-49db-aa57-acca1dd387bd: receive RaftClientReply:client-0C76110B8A2B->ed5d81fa-aaf0-49db-aa57-acca1dd387bd@group-729F0664FEA8, cid=2795, SUCCESS, logIndex=3963, commits[ed5d81fa-aaf0-49db-aa57-acca1dd387bd:c3965]
2019-09-10 22:12:16,467 [grpc-default-executor-0] INFO  client.GrpcClientProtocolClient (GrpcClientProtocolClient.java:onNext(255)) - client-0C76110B8A2B->ed5d81fa-aaf0-49db-aa57-acca1dd387bd: receive RaftClientReply:client-0C76110B8A2B->ed5d81fa-aaf0-49db-aa57-acca1dd387bd@group-729F0664FEA8, cid=2796, SUCCESS, logIndex=3964, commits[ed5d81fa-aaf0-49db-aa57-acca1dd387bd:c3965]
2019-09-10 22:12:16,480 [SCMBlockDeletingService#0] DEBUG block.SCMBlockDeletingService (SCMBlockDeletingService.java:call(138)) - Running DeletedBlockTransactionScanner
2019-09-10 22:12:16,480 [SCMBlockDeletingService#0] DEBUG block.SCMBlockDeletingService (SCMBlockDeletingService.java:call(155)) - Scanned deleted blocks log and got 0 delTX to process.
2019-09-10 22:12:16,486 [grpc-default-executor-0] INFO  client.GrpcClientProtocolClient (GrpcClientProtocolClient.java:onNext(255)) - client-0C76110B8A2B->ed5d81fa-aaf0-49db-aa57-acca1dd387bd: receive RaftClientReply:client-0C76110B8A2B->ed5d81fa-aaf0-49db-aa57-acca1dd387bd@group-729F0664FEA8, cid=2797, SUCCESS, logIndex=3966, commits[ed5d81fa-aaf0-49db-aa57-acca1dd387bd:c3969]
2019-09-10 22:12:16,487 [grpc-default-executor-0] INFO  client.GrpcClientProtocolClient (GrpcClientProtocolClient.java:onNext(255)) - client-0C76110B8A2B->ed5d81fa-aaf0-49db-aa57-acca1dd387bd: receive RaftClientReply:client-0C76110B8A2B->ed5d81fa-aaf0-49db-aa57-acca1dd387bd@group-729F0664FEA8, cid=2798, SUCCESS, logIndex=3967, commits[ed5d81fa-aaf0-49db-aa57-acca1dd387bd:c3970]
2019-09-10 22:12:16,487 [grpc-default-executor-0] INFO  client.GrpcClientProtocolClient (GrpcClientProtocolClient.java:onNext(255)) - client-0C76110B8A2B->ed5d81fa-aaf0-49db-aa57-acca1dd387bd: receive RaftClientReply:client-0C76110B8A2B->ed5d81fa-aaf0-49db-aa57-acca1dd387bd@group-729F0664FEA8, cid=2799, SUCCESS, logIndex=3968, commits[ed5d81fa-aaf0-49db-aa57-acca1dd387bd:c3970]
2019-09-10 22:12:16,488 [grpc-default-executor-0] INFO  client.GrpcClientProtocolClient (GrpcClientProtocolClient.java:onNext(255)) - client-0C76110B8A2B->ed5d81fa-aaf0-49db-aa57-acca1dd387bd: receive RaftClientReply:client-0C76110B8A2B->ed5d81fa-aaf0-49db-aa57-acca1dd387bd@group-729F0664FEA8, cid=2800, SUCCESS, logIndex=3969, commits[ed5d81fa-aaf0-49db-aa57-acca1dd387bd:c3970]
2019-09-10 22:12:16,516 [grpc-default-executor-0] INFO  client.GrpcClientProtocolClient (GrpcClientProtocolClient.java:onNext(255)) - client-0C76110B8A2B->ed5d81fa-aaf0-49db-aa57-acca1dd387bd: receive RaftClientReply:client-0C76110B8A2B->ed5d81fa-aaf0-49db-aa57-acca1dd387bd@group-729F0664FEA8, cid=2801, SUCCESS, logIndex=3971, commits[ed5d81fa-aaf0-49db-aa57-acca1dd387bd:c3972]
2019-09-10 22:12:16,517 [grpc-default-executor-0] INFO  client.GrpcClientProtocolClient (GrpcClientProtocolClient.java:onNext(255)) - client-0C76110B8A2B->ed5d81fa-aaf0-49db-aa57-acca1dd387bd: receive RaftClientReply:client-0C76110B8A2B->ed5d81fa-aaf0-49db-aa57-acca1dd387bd@group-729F0664FEA8, cid=2802, SUCCESS, logIndex=3972, commits[ed5d81fa-aaf0-49db-aa57-acca1dd387bd:c3974]
2019-09-10 22:12:16,517 [grpc-default-executor-0] INFO  client.GrpcClientProtocolClient (GrpcClientProtocolClient.java:onNext(255)) - client-0C76110B8A2B->ed5d81fa-aaf0-49db-aa57-acca1dd387bd: receive RaftClientReply:client-0C76110B8A2B->ed5d81fa-aaf0-49db-aa57-acca1dd387bd@group-729F0664FEA8, cid=2803, SUCCESS, logIndex=3973, commits[ed5d81fa-aaf0-49db-aa57-acca1dd387bd:c3975]
2019-09-10 22:12:16,517 [grpc-default-executor-0] INFO  client.GrpcClientProtocolClient (GrpcClientProtocolClient.java:onNext(255)) - client-0C76110B8A2B->ed5d81fa-aaf0-49db-aa57-acca1dd387bd: receive RaftClientReply:client-0C76110B8A2B->ed5d81fa-aaf0-49db-aa57-acca1dd387bd@group-729F0664FEA8, cid=2804, SUCCESS, logIndex=3974, commits[ed5d81fa-aaf0-49db-aa57-acca1dd387bd:c3975]
2019-09-10 22:12:16,536 [grpc-default-executor-0] INFO  client.GrpcClientProtocolClient (GrpcClientProtocolClient.java:onNext(255)) - client-0C76110B8A2B->ed5d81fa-aaf0-49db-aa57-acca1dd387bd: receive RaftClientReply:client-0C76110B8A2B->ed5d81fa-aaf0-49db-aa57-acca1dd387bd@group-729F0664FEA8, cid=2805, SUCCESS, logIndex=3977, commits[ed5d81fa-aaf0-49db-aa57-acca1dd387bd:c3978]
2019-09-10 22:12:16,538 [grpc-default-executor-0] INFO  client.GrpcClientProtocolClient (GrpcClientProtocolClient.java:onNext(255)) - client-0C76110B8A2B->ed5d81fa-aaf0-49db-aa57-acca1dd387bd: receive RaftClientReply:client-0C76110B8A2B->ed5d81fa-aaf0-49db-aa57-acca1dd387bd@group-729F0664FEA8, cid=2806, SUCCESS, logIndex=3978, commits[ed5d81fa-aaf0-49db-aa57-acca1dd387bd:c3978]
2019-09-10 22:12:16,538 [grpc-default-executor-0] INFO  client.GrpcClientProtocolClient (GrpcClientProtocolClient.java:onNext(255)) - client-0C76110B8A2B->ed5d81fa-aaf0-49db-aa57-acca1dd387bd: receive RaftClientReply:client-0C76110B8A2B->ed5d81fa-aaf0-49db-aa57-acca1dd387bd@group-729F0664FEA8, cid=2807, SUCCESS, logIndex=3979, commits[ed5d81fa-aaf0-49db-aa57-acca1dd387bd:c3980]
2019-09-10 22:12:16,539 [grpc-default-executor-0] INFO  client.GrpcClientProtocolClient (GrpcClientProtocolClient.java:onNext(255)) - client-0C76110B8A2B->ed5d81fa-aaf0-49db-aa57-acca1dd387bd: receive RaftClientReply:client-0C76110B8A2B->ed5d81fa-aaf0-49db-aa57-acca1dd387bd@group-729F0664FEA8, cid=2808, SUCCESS, logIndex=3980, commits[ed5d81fa-aaf0-49db-aa57-acca1dd387bd:c3980]
2019-09-10 22:12:16,566 [grpc-default-executor-0] INFO  client.GrpcClientProtocolClient (GrpcClientProtocolClient.java:onNext(255)) - client-0C76110B8A2B->ed5d81fa-aaf0-49db-aa57-acca1dd387bd: receive RaftClientReply:client-0C76110B8A2B->ed5d81fa-aaf0-49db-aa57-acca1dd387bd@group-729F0664FEA8, cid=2809, SUCCESS, logIndex=3983, commits[ed5d81fa-aaf0-49db-aa57-acca1dd387bd:c3984]
2019-09-10 22:12:16,566 [grpc-default-executor-0] INFO  client.GrpcClientProtocolClient (GrpcClientProtocolClient.java:onNext(255)) - client-0C76110B8A2B->ed5d81fa-aaf0-49db-aa57-acca1dd387bd: receive RaftClientReply:client-0C76110B8A2B->ed5d81fa-aaf0-49db-aa57-acca1dd387bd@group-729F0664FEA8, cid=2810, SUCCESS, logIndex=3984, commits[ed5d81fa-aaf0-49db-aa57-acca1dd387bd:c3986]
2019-09-10 22:12:16,567 [grpc-default-executor-0] INFO  client.GrpcClientProtocolClient (GrpcClientProtocolClient.java:onNext(255)) - client-0C76110B8A2B->ed5d81fa-aaf0-49db-aa57-acca1dd387bd: receive RaftClientReply:client-0C76110B8A2B->ed5d81fa-aaf0-49db-aa57-acca1dd387bd@group-729F0664FEA8, cid=2811, SUCCESS, logIndex=3985, commits[ed5d81fa-aaf0-49db-aa57-acca1dd387bd:c3987]
2019-09-10 22:12:16,567 [grpc-default-executor-0] INFO  client.GrpcClientProtocolClient (GrpcClientProtocolClient.java:onNext(255)) - client-0C76110B8A2B->ed5d81fa-aaf0-49db-aa57-acca1dd387bd: receive RaftClientReply:client-0C76110B8A2B->ed5d81fa-aaf0-49db-aa57-acca1dd387bd@group-729F0664FEA8, cid=2812, SUCCESS, logIndex=3986, commits[ed5d81fa-aaf0-49db-aa57-acca1dd387bd:c3987]
2019-09-10 22:12:16,580 [SCMBlockDeletingService#0] DEBUG block.SCMBlockDeletingService (SCMBlockDeletingService.java:call(138)) - Running DeletedBlockTransactionScanner
2019-09-10 22:12:16,581 [SCMBlockDeletingService#0] DEBUG block.SCMBlockDeletingService (SCMBlockDeletingService.java:call(155)) - Scanned deleted blocks log and got 0 delTX to process.
2019-09-10 22:12:16,585 [grpc-default-executor-1] INFO  client.GrpcClientProtocolClient (GrpcClientProtocolClient.java:onNext(255)) - client-0C76110B8A2B->ed5d81fa-aaf0-49db-aa57-acca1dd387bd: receive RaftClientReply:client-0C76110B8A2B->ed5d81fa-aaf0-49db-aa57-acca1dd387bd@group-729F0664FEA8, cid=2813, SUCCESS, logIndex=3989, commits[ed5d81fa-aaf0-49db-aa57-acca1dd387bd:c3990]
2019-09-10 22:12:16,586 [grpc-default-executor-1] INFO  client.GrpcClientProtocolClient (GrpcClientProtocolClient.java:onNext(255)) - client-0C76110B8A2B->ed5d81fa-aaf0-49db-aa57-acca1dd387bd: receive RaftClientReply:client-0C76110B8A2B->ed5d81fa-aaf0-49db-aa57-acca1dd387bd@group-729F0664FEA8, cid=2814, SUCCESS, logIndex=3990, commits[ed5d81fa-aaf0-49db-aa57-acca1dd387bd:c3992]
2019-09-10 22:12:16,586 [grpc-default-executor-1] INFO  client.GrpcClientProtocolClient (GrpcClientProtocolClient.java:onNext(255)) - client-0C76110B8A2B->ed5d81fa-aaf0-49db-aa57-acca1dd387bd: receive RaftClientReply:client-0C76110B8A2B->ed5d81fa-aaf0-49db-aa57-acca1dd387bd@group-729F0664FEA8, cid=2815, SUCCESS, logIndex=3991, commits[ed5d81fa-aaf0-49db-aa57-acca1dd387bd:c3992]
2019-09-10 22:12:16,586 [grpc-default-executor-1] INFO  client.GrpcClientProtocolClient (GrpcClientProtocolClient.java:onNext(255)) - client-0C76110B8A2B->ed5d81fa-aaf0-49db-aa57-acca1dd387bd: receive RaftClientReply:client-0C76110B8A2B->ed5d81fa-aaf0-49db-aa57-acca1dd387bd@group-729F0664FEA8, cid=2816, SUCCESS, logIndex=3992, commits[ed5d81fa-aaf0-49db-aa57-acca1dd387bd:c3993]
2019-09-10 22:12:16,612 [grpc-default-executor-1] INFO  client.GrpcClientProtocolClient (GrpcClientProtocolClient.java:onNext(255)) - client-0C76110B8A2B->ed5d81fa-aaf0-49db-aa57-acca1dd387bd: receive RaftClientReply:client-0C76110B8A2B->ed5d81fa-aaf0-49db-aa57-acca1dd387bd@group-729F0664FEA8, cid=2817, SUCCESS, logIndex=3995, commits[ed5d81fa-aaf0-49db-aa57-acca1dd387bd:c3996]
2019-09-10 22:12:16,613 [grpc-default-executor-1] INFO  client.GrpcClientProtocolClient (GrpcClientProtocolClient.java:onNext(255)) - client-0C76110B8A2B->ed5d81fa-aaf0-49db-aa57-acca1dd387bd: receive RaftClientReply:client-0C76110B8A2B->ed5d81fa-aaf0-49db-aa57-acca1dd387bd@group-729F0664FEA8, cid=2818, SUCCESS, logIndex=3996, commits[ed5d81fa-aaf0-49db-aa57-acca1dd387bd:c3998]
2019-09-10 22:12:16,613 [grpc-default-executor-1] INFO  client.GrpcClientProtocolClient (GrpcClientProtocolClient.java:onNext(255)) - client-0C76110B8A2B->ed5d81fa-aaf0-49db-aa57-acca1dd387bd: receive RaftClientReply:client-0C76110B8A2B->ed5d81fa-aaf0-49db-aa57-acca1dd387bd@group-729F0664FEA8, cid=2819, SUCCESS, logIndex=3997, commits[ed5d81fa-aaf0-49db-aa57-acca1dd387bd:c3998]
2019-09-10 22:12:16,613 [grpc-default-executor-1] INFO  client.GrpcClientProtocolClient (GrpcClientProtocolClient.java:onNext(255)) - client-0C76110B8A2B->ed5d81fa-aaf0-49db-aa57-acca1dd387bd: receive RaftClientReply:client-0C76110B8A2B->ed5d81fa-aaf0-49db-aa57-acca1dd387bd@group-729F0664FEA8, cid=2820, SUCCESS, logIndex=3998, commits[ed5d81fa-aaf0-49db-aa57-acca1dd387bd:c3999]
2019-09-10 22:12:16,631 [grpc-default-executor-1] INFO  client.GrpcClientProtocolClient (GrpcClientProtocolClient.java:onNext(255)) - client-0C76110B8A2B->ed5d81fa-aaf0-49db-aa57-acca1dd387bd: receive RaftClientReply:client-0C76110B8A2B->ed5d81fa-aaf0-49db-aa57-acca1dd387bd@group-729F0664FEA8, cid=2821, SUCCESS, logIndex=4001, commits[ed5d81fa-aaf0-49db-aa57-acca1dd387bd:c4002]
2019-09-10 22:12:16,632 [grpc-default-executor-1] INFO  client.GrpcClientProtocolClient (GrpcClientProtocolClient.java:onNext(255)) - client-0C76110B8A2B->ed5d81fa-aaf0-49db-aa57-acca1dd387bd: receive RaftClientReply:client-0C76110B8A2B->ed5d81fa-aaf0-49db-aa57-acca1dd387bd@group-729F0664FEA8, cid=2822, SUCCESS, logIndex=4002, commits[ed5d81fa-aaf0-49db-aa57-acca1dd387bd:c4002]
2019-09-10 22:12:16,632 [grpc-default-executor-1] INFO  client.GrpcClientProtocolClient (GrpcClientProtocolClient.java:onNext(255)) - client-0C76110B8A2B->ed5d81fa-aaf0-49db-aa57-acca1dd387bd: receive RaftClientReply:client-0C76110B8A2B->ed5d81fa-aaf0-49db-aa57-acca1dd387bd@group-729F0664FEA8, cid=2823, SUCCESS, logIndex=4003, commits[ed5d81fa-aaf0-49db-aa57-acca1dd387bd:c4004]
2019-09-10 22:12:16,632 [grpc-default-executor-1] INFO  client.GrpcClientProtocolClient (GrpcClientProtocolClient.java:onNext(255)) - client-0C76110B8A2B->ed5d81fa-aaf0-49db-aa57-acca1dd387bd: receive RaftClientReply:client-0C76110B8A2B->ed5d81fa-aaf0-49db-aa57-acca1dd387bd@group-729F0664FEA8, cid=2824, SUCCESS, logIndex=4004, commits[ed5d81fa-aaf0-49db-aa57-acca1dd387bd:c4004]
2019-09-10 22:12:16,658 [grpc-default-executor-0] INFO  client.GrpcClientProtocolClient (GrpcClientProtocolClient.java:onNext(255)) - client-0C76110B8A2B->ed5d81fa-aaf0-49db-aa57-acca1dd387bd: receive RaftClientReply:client-0C76110B8A2B->ed5d81fa-aaf0-49db-aa57-acca1dd387bd@group-729F0664FEA8, cid=2825, SUCCESS, logIndex=4007, commits[ed5d81fa-aaf0-49db-aa57-acca1dd387bd:c4008]
2019-09-10 22:12:16,659 [grpc-default-executor-0] INFO  client.GrpcClientProtocolClient (GrpcClientProtocolClient.java:onNext(255)) - client-0C76110B8A2B->ed5d81fa-aaf0-49db-aa57-acca1dd387bd: receive RaftClientReply:client-0C76110B8A2B->ed5d81fa-aaf0-49db-aa57-acca1dd387bd@group-729F0664FEA8, cid=2826, SUCCESS, logIndex=4008, commits[ed5d81fa-aaf0-49db-aa57-acca1dd387bd:c4010]
2019-09-10 22:12:16,659 [grpc-default-executor-0] INFO  client.GrpcClientProtocolClient (GrpcClientProtocolClient.java:onNext(255)) - client-0C76110B8A2B->ed5d81fa-aaf0-49db-aa57-acca1dd387bd: receive RaftClientReply:client-0C76110B8A2B->ed5d81fa-aaf0-49db-aa57-acca1dd387bd@group-729F0664FEA8, cid=2827, SUCCESS, logIndex=4009, commits[ed5d81fa-aaf0-49db-aa57-acca1dd387bd:c4011]
2019-09-10 22:12:16,659 [grpc-default-executor-0] INFO  client.GrpcClientProtocolClient (GrpcClientProtocolClient.java:onNext(255)) - client-0C76110B8A2B->ed5d81fa-aaf0-49db-aa57-acca1dd387bd: receive RaftClientReply:client-0C76110B8A2B->ed5d81fa-aaf0-49db-aa57-acca1dd387bd@group-729F0664FEA8, cid=2828, SUCCESS, logIndex=4010, commits[ed5d81fa-aaf0-49db-aa57-acca1dd387bd:c4011]
2019-09-10 22:12:16,681 [SCMBlockDeletingService#0] DEBUG block.SCMBlockDeletingService (SCMBlockDeletingService.java:call(138)) - Running DeletedBlockTransactionScanner
2019-09-10 22:12:16,681 [SCMBlockDeletingService#0] DEBUG block.SCMBlockDeletingService (SCMBlockDeletingService.java:call(155)) - Scanned deleted blocks log and got 0 delTX to process.
2019-09-10 22:12:16,782 [SCMBlockDeletingService#0] DEBUG block.SCMBlockDeletingService (SCMBlockDeletingService.java:call(138)) - Running DeletedBlockTransactionScanner
2019-09-10 22:12:16,782 [SCMBlockDeletingService#0] DEBUG block.SCMBlockDeletingService (SCMBlockDeletingService.java:call(155)) - Scanned deleted blocks log and got 0 delTX to process.
2019-09-10 22:12:16,783 [grpc-default-executor-0] INFO  client.GrpcClientProtocolClient (GrpcClientProtocolClient.java:onNext(255)) - client-0C76110B8A2B->ed5d81fa-aaf0-49db-aa57-acca1dd387bd: receive RaftClientReply:client-0C76110B8A2B->ed5d81fa-aaf0-49db-aa57-acca1dd387bd@group-729F0664FEA8, cid=2829, SUCCESS, logIndex=4013, commits[ed5d81fa-aaf0-49db-aa57-acca1dd387bd:c4016]
2019-09-10 22:12:16,783 [grpc-default-executor-0] INFO  client.GrpcClientProtocolClient (GrpcClientProtocolClient.java:onNext(255)) - client-0C76110B8A2B->ed5d81fa-aaf0-49db-aa57-acca1dd387bd: receive RaftClientReply:client-0C76110B8A2B->ed5d81fa-aaf0-49db-aa57-acca1dd387bd@group-729F0664FEA8, cid=2830, SUCCESS, logIndex=4014, commits[ed5d81fa-aaf0-49db-aa57-acca1dd387bd:c4017]
2019-09-10 22:12:16,783 [grpc-default-executor-0] INFO  client.GrpcClientProtocolClient (GrpcClientProtocolClient.java:onNext(255)) - client-0C76110B8A2B->ed5d81fa-aaf0-49db-aa57-acca1dd387bd: receive RaftClientReply:client-0C76110B8A2B->ed5d81fa-aaf0-49db-aa57-acca1dd387bd@group-729F0664FEA8, cid=2831, SUCCESS, logIndex=4015, commits[ed5d81fa-aaf0-49db-aa57-acca1dd387bd:c4017]
2019-09-10 22:12:16,784 [grpc-default-executor-0] INFO  client.GrpcClientProtocolClient (GrpcClientProtocolClient.java:onNext(255)) - client-0C76110B8A2B->ed5d81fa-aaf0-49db-aa57-acca1dd387bd: receive RaftClientReply:client-0C76110B8A2B->ed5d81fa-aaf0-49db-aa57-acca1dd387bd@group-729F0664FEA8, cid=2832, SUCCESS, logIndex=4016, commits[ed5d81fa-aaf0-49db-aa57-acca1dd387bd:c4017]
2019-09-10 22:12:16,812 [grpc-default-executor-0] INFO  client.GrpcClientProtocolClient (GrpcClientProtocolClient.java:onNext(255)) - client-0C76110B8A2B->ed5d81fa-aaf0-49db-aa57-acca1dd387bd: receive RaftClientReply:client-0C76110B8A2B->ed5d81fa-aaf0-49db-aa57-acca1dd387bd@group-729F0664FEA8, cid=2833, SUCCESS, logIndex=4018, commits[ed5d81fa-aaf0-49db-aa57-acca1dd387bd:c4021]
2019-09-10 22:12:16,813 [grpc-default-executor-0] INFO  client.GrpcClientProtocolClient (GrpcClientProtocolClient.java:onNext(255)) - client-0C76110B8A2B->ed5d81fa-aaf0-49db-aa57-acca1dd387bd: receive RaftClientReply:client-0C76110B8A2B->ed5d81fa-aaf0-49db-aa57-acca1dd387bd@group-729F0664FEA8, cid=2834, SUCCESS, logIndex=4019, commits[ed5d81fa-aaf0-49db-aa57-acca1dd387bd:c4022]
2019-09-10 22:12:16,813 [grpc-default-executor-0] INFO  client.GrpcClientProtocolClient (GrpcClientProtocolClient.java:onNext(255)) - client-0C76110B8A2B->ed5d81fa-aaf0-49db-aa57-acca1dd387bd: receive RaftClientReply:client-0C76110B8A2B->ed5d81fa-aaf0-49db-aa57-acca1dd387bd@group-729F0664FEA8, cid=2835, SUCCESS, logIndex=4020, commits[ed5d81fa-aaf0-49db-aa57-acca1dd387bd:c4022]
2019-09-10 22:12:16,813 [grpc-default-executor-0] INFO  client.GrpcClientProtocolClient (GrpcClientProtocolClient.java:onNext(255)) - client-0C76110B8A2B->ed5d81fa-aaf0-49db-aa57-acca1dd387bd: receive RaftClientReply:client-0C76110B8A2B->ed5d81fa-aaf0-49db-aa57-acca1dd387bd@group-729F0664FEA8, cid=2836, SUCCESS, logIndex=4021, commits[ed5d81fa-aaf0-49db-aa57-acca1dd387bd:c4022]
2019-09-10 22:12:16,831 [grpc-default-executor-1] INFO  client.GrpcClientProtocolClient (GrpcClientProtocolClient.java:onNext(255)) - client-0C76110B8A2B->ed5d81fa-aaf0-49db-aa57-acca1dd387bd: receive RaftClientReply:client-0C76110B8A2B->ed5d81fa-aaf0-49db-aa57-acca1dd387bd@group-729F0664FEA8, cid=2837, SUCCESS, logIndex=4023, commits[ed5d81fa-aaf0-49db-aa57-acca1dd387bd:c4024]
2019-09-10 22:12:16,831 [grpc-default-executor-1] INFO  client.GrpcClientProtocolClient (GrpcClientProtocolClient.java:onNext(255)) - client-0C76110B8A2B->ed5d81fa-aaf0-49db-aa57-acca1dd387bd: receive RaftClientReply:client-0C76110B8A2B->ed5d81fa-aaf0-49db-aa57-acca1dd387bd@group-729F0664FEA8, cid=2838, SUCCESS, logIndex=4024, commits[ed5d81fa-aaf0-49db-aa57-acca1dd387bd:c4024]
2019-09-10 22:12:16,832 [grpc-default-executor-1] INFO  client.GrpcClientProtocolClient (GrpcClientProtocolClient.java:onNext(255)) - client-0C76110B8A2B->ed5d81fa-aaf0-49db-aa57-acca1dd387bd: receive RaftClientReply:client-0C76110B8A2B->ed5d81fa-aaf0-49db-aa57-acca1dd387bd@group-729F0664FEA8, cid=2839, SUCCESS, logIndex=4025, commits[ed5d81fa-aaf0-49db-aa57-acca1dd387bd:c4026]
2019-09-10 22:12:16,832 [grpc-default-executor-1] INFO  client.GrpcClientProtocolClient (GrpcClientProtocolClient.java:onNext(255)) - client-0C76110B8A2B->ed5d81fa-aaf0-49db-aa57-acca1dd387bd: receive RaftClientReply:client-0C76110B8A2B->ed5d81fa-aaf0-49db-aa57-acca1dd387bd@group-729F0664FEA8, cid=2840, SUCCESS, logIndex=4026, commits[ed5d81fa-aaf0-49db-aa57-acca1dd387bd:c4026]
2019-09-10 22:12:16,858 [grpc-default-executor-1] INFO  client.GrpcClientProtocolClient (GrpcClientProtocolClient.java:onNext(255)) - client-0C76110B8A2B->ed5d81fa-aaf0-49db-aa57-acca1dd387bd: receive RaftClientReply:client-0C76110B8A2B->ed5d81fa-aaf0-49db-aa57-acca1dd387bd@group-729F0664FEA8, cid=2841, SUCCESS, logIndex=4029, commits[ed5d81fa-aaf0-49db-aa57-acca1dd387bd:c4030]
2019-09-10 22:12:16,859 [grpc-default-executor-1] INFO  client.GrpcClientProtocolClient (GrpcClientProtocolClient.java:onNext(255)) - client-0C76110B8A2B->ed5d81fa-aaf0-49db-aa57-acca1dd387bd: receive RaftClientReply:client-0C76110B8A2B->ed5d81fa-aaf0-49db-aa57-acca1dd387bd@group-729F0664FEA8, cid=2842, SUCCESS, logIndex=4030, commits[ed5d81fa-aaf0-49db-aa57-acca1dd387bd:c4032]
2019-09-10 22:12:16,859 [grpc-default-executor-1] INFO  client.GrpcClientProtocolClient (GrpcClientProtocolClient.java:onNext(255)) - client-0C76110B8A2B->ed5d81fa-aaf0-49db-aa57-acca1dd387bd: receive RaftClientReply:client-0C76110B8A2B->ed5d81fa-aaf0-49db-aa57-acca1dd387bd@group-729F0664FEA8, cid=2843, SUCCESS, logIndex=4031, commits[ed5d81fa-aaf0-49db-aa57-acca1dd387bd:c4033]
2019-09-10 22:12:16,859 [grpc-default-executor-1] INFO  client.GrpcClientProtocolClient (GrpcClientProtocolClient.java:onNext(255)) - client-0C76110B8A2B->ed5d81fa-aaf0-49db-aa57-acca1dd387bd: receive RaftClientReply:client-0C76110B8A2B->ed5d81fa-aaf0-49db-aa57-acca1dd387bd@group-729F0664FEA8, cid=2844, SUCCESS, logIndex=4032, commits[ed5d81fa-aaf0-49db-aa57-acca1dd387bd:c4033]
2019-09-10 22:12:16,878 [grpc-default-executor-0] INFO  client.GrpcClientProtocolClient (GrpcClientProtocolClient.java:onNext(255)) - client-0C76110B8A2B->ed5d81fa-aaf0-49db-aa57-acca1dd387bd: receive RaftClientReply:client-0C76110B8A2B->ed5d81fa-aaf0-49db-aa57-acca1dd387bd@group-729F0664FEA8, cid=2845, SUCCESS, logIndex=4035, commits[ed5d81fa-aaf0-49db-aa57-acca1dd387bd:c4036]
2019-09-10 22:12:16,879 [grpc-default-executor-0] INFO  client.GrpcClientProtocolClient (GrpcClientProtocolClient.java:onNext(255)) - client-0C76110B8A2B->ed5d81fa-aaf0-49db-aa57-acca1dd387bd: receive RaftClientReply:client-0C76110B8A2B->ed5d81fa-aaf0-49db-aa57-acca1dd387bd@group-729F0664FEA8, cid=2846, SUCCESS, logIndex=4036, commits[ed5d81fa-aaf0-49db-aa57-acca1dd387bd:c4038]
2019-09-10 22:12:16,879 [grpc-default-executor-0] INFO  client.GrpcClientProtocolClient (GrpcClientProtocolClient.java:onNext(255)) - client-0C76110B8A2B->ed5d81fa-aaf0-49db-aa57-acca1dd387bd: receive RaftClientReply:client-0C76110B8A2B->ed5d81fa-aaf0-49db-aa57-acca1dd387bd@group-729F0664FEA8, cid=2847, SUCCESS, logIndex=4037, commits[ed5d81fa-aaf0-49db-aa57-acca1dd387bd:c4039]
2019-09-10 22:12:16,879 [grpc-default-executor-0] INFO  client.GrpcClientProtocolClient (GrpcClientProtocolClient.java:onNext(255)) - client-0C76110B8A2B->ed5d81fa-aaf0-49db-aa57-acca1dd387bd: receive RaftClientReply:client-0C76110B8A2B->ed5d81fa-aaf0-49db-aa57-acca1dd387bd@group-729F0664FEA8, cid=2848, SUCCESS, logIndex=4038, commits[ed5d81fa-aaf0-49db-aa57-acca1dd387bd:c4039]
2019-09-10 22:12:16,882 [SCMBlockDeletingService#0] DEBUG block.SCMBlockDeletingService (SCMBlockDeletingService.java:call(138)) - Running DeletedBlockTransactionScanner
2019-09-10 22:12:16,882 [SCMBlockDeletingService#0] DEBUG block.SCMBlockDeletingService (SCMBlockDeletingService.java:call(155)) - Scanned deleted blocks log and got 0 delTX to process.
2019-09-10 22:12:16,911 [grpc-default-executor-1] INFO  client.GrpcClientProtocolClient (GrpcClientProtocolClient.java:onNext(255)) - client-0C76110B8A2B->ed5d81fa-aaf0-49db-aa57-acca1dd387bd: receive RaftClientReply:client-0C76110B8A2B->ed5d81fa-aaf0-49db-aa57-acca1dd387bd@group-729F0664FEA8, cid=2849, SUCCESS, logIndex=4041, commits[ed5d81fa-aaf0-49db-aa57-acca1dd387bd:c4042]
2019-09-10 22:12:16,911 [grpc-default-executor-1] INFO  client.GrpcClientProtocolClient (GrpcClientProtocolClient.java:onNext(255)) - client-0C76110B8A2B->ed5d81fa-aaf0-49db-aa57-acca1dd387bd: receive RaftClientReply:client-0C76110B8A2B->ed5d81fa-aaf0-49db-aa57-acca1dd387bd@group-729F0664FEA8, cid=2850, SUCCESS, logIndex=4042, commits[ed5d81fa-aaf0-49db-aa57-acca1dd387bd:c4044]
2019-09-10 22:12:16,912 [grpc-default-executor-1] INFO  client.GrpcClientProtocolClient (GrpcClientProtocolClient.java:onNext(255)) - client-0C76110B8A2B->ed5d81fa-aaf0-49db-aa57-acca1dd387bd: receive RaftClientReply:client-0C76110B8A2B->ed5d81fa-aaf0-49db-aa57-acca1dd387bd@group-729F0664FEA8, cid=2851, SUCCESS, logIndex=4043, commits[ed5d81fa-aaf0-49db-aa57-acca1dd387bd:c4045]
2019-09-10 22:12:16,912 [grpc-default-executor-1] INFO  client.GrpcClientProtocolClient (GrpcClientProtocolClient.java:onNext(255)) - client-0C76110B8A2B->ed5d81fa-aaf0-49db-aa57-acca1dd387bd: receive RaftClientReply:client-0C76110B8A2B->ed5d81fa-aaf0-49db-aa57-acca1dd387bd@group-729F0664FEA8, cid=2852, SUCCESS, logIndex=4044, commits[ed5d81fa-aaf0-49db-aa57-acca1dd387bd:c4045]
2019-09-10 22:12:16,923 [grpc-default-executor-0] INFO  client.GrpcClientProtocolClient (GrpcClientProtocolClient.java:onNext(255)) - client-0C76110B8A2B->ed5d81fa-aaf0-49db-aa57-acca1dd387bd: receive RaftClientReply:client-0C76110B8A2B->ed5d81fa-aaf0-49db-aa57-acca1dd387bd@group-729F0664FEA8, cid=2853, SUCCESS, logIndex=4047, commits[ed5d81fa-aaf0-49db-aa57-acca1dd387bd:c4050]
2019-09-10 22:12:16,923 [grpc-default-executor-0] INFO  client.GrpcClientProtocolClient (GrpcClientProtocolClient.java:onNext(255)) - client-0C76110B8A2B->ed5d81fa-aaf0-49db-aa57-acca1dd387bd: receive RaftClientReply:client-0C76110B8A2B->ed5d81fa-aaf0-49db-aa57-acca1dd387bd@group-729F0664FEA8, cid=2854, SUCCESS, logIndex=4048, commits[ed5d81fa-aaf0-49db-aa57-acca1dd387bd:c4051]
2019-09-10 22:12:16,923 [grpc-default-executor-0] INFO  client.GrpcClientProtocolClient (GrpcClientProtocolClient.java:onNext(255)) - client-0C76110B8A2B->ed5d81fa-aaf0-49db-aa57-acca1dd387bd: receive RaftClientReply:client-0C76110B8A2B->ed5d81fa-aaf0-49db-aa57-acca1dd387bd@group-729F0664FEA8, cid=2855, SUCCESS, logIndex=4049, commits[ed5d81fa-aaf0-49db-aa57-acca1dd387bd:c4051]
2019-09-10 22:12:16,924 [grpc-default-executor-0] INFO  client.GrpcClientProtocolClient (GrpcClientProtocolClient.java:onNext(255)) - client-0C76110B8A2B->ed5d81fa-aaf0-49db-aa57-acca1dd387bd: receive RaftClientReply:client-0C76110B8A2B->ed5d81fa-aaf0-49db-aa57-acca1dd387bd@group-729F0664FEA8, cid=2856, SUCCESS, logIndex=4050, commits[ed5d81fa-aaf0-49db-aa57-acca1dd387bd:c4051]
2019-09-10 22:12:16,951 [grpc-default-executor-0] INFO  client.GrpcClientProtocolClient (GrpcClientProtocolClient.java:onNext(255)) - client-0C76110B8A2B->ed5d81fa-aaf0-49db-aa57-acca1dd387bd: receive RaftClientReply:client-0C76110B8A2B->ed5d81fa-aaf0-49db-aa57-acca1dd387bd@group-729F0664FEA8, cid=2857, SUCCESS, logIndex=4052, commits[ed5d81fa-aaf0-49db-aa57-acca1dd387bd:c4053]
2019-09-10 22:12:16,951 [grpc-default-executor-0] INFO  client.GrpcClientProtocolClient (GrpcClientProtocolClient.java:onNext(255)) - client-0C76110B8A2B->ed5d81fa-aaf0-49db-aa57-acca1dd387bd: receive RaftClientReply:client-0C76110B8A2B->ed5d81fa-aaf0-49db-aa57-acca1dd387bd@group-729F0664FEA8, cid=2858, SUCCESS, logIndex=4053, commits[ed5d81fa-aaf0-49db-aa57-acca1dd387bd:c4055]
2019-09-10 22:12:16,951 [grpc-default-executor-0] INFO  client.GrpcClientProtocolClient (GrpcClientProtocolClient.java:onNext(255)) - client-0C76110B8A2B->ed5d81fa-aaf0-49db-aa57-acca1dd387bd: receive RaftClientReply:client-0C76110B8A2B->ed5d81fa-aaf0-49db-aa57-acca1dd387bd@group-729F0664FEA8, cid=2859, SUCCESS, logIndex=4054, commits[ed5d81fa-aaf0-49db-aa57-acca1dd387bd:c4055]
2019-09-10 22:12:16,952 [grpc-default-executor-0] INFO  client.GrpcClientProtocolClient (GrpcClientProtocolClient.java:onNext(255)) - client-0C76110B8A2B->ed5d81fa-aaf0-49db-aa57-acca1dd387bd: receive RaftClientReply:client-0C76110B8A2B->ed5d81fa-aaf0-49db-aa57-acca1dd387bd@group-729F0664FEA8, cid=2860, SUCCESS, logIndex=4055, commits[ed5d81fa-aaf0-49db-aa57-acca1dd387bd:c4055]
2019-09-10 22:12:16,970 [grpc-default-executor-1] INFO  client.GrpcClientProtocolClient (GrpcClientProtocolClient.java:onNext(255)) - client-0C76110B8A2B->ed5d81fa-aaf0-49db-aa57-acca1dd387bd: receive RaftClientReply:client-0C76110B8A2B->ed5d81fa-aaf0-49db-aa57-acca1dd387bd@group-729F0664FEA8, cid=2861, SUCCESS, logIndex=4058, commits[ed5d81fa-aaf0-49db-aa57-acca1dd387bd:c4059]
2019-09-10 22:12:16,970 [grpc-default-executor-1] INFO  client.GrpcClientProtocolClient (GrpcClientProtocolClient.java:onNext(255)) - client-0C76110B8A2B->ed5d81fa-aaf0-49db-aa57-acca1dd387bd: receive RaftClientReply:client-0C76110B8A2B->ed5d81fa-aaf0-49db-aa57-acca1dd387bd@group-729F0664FEA8, cid=2862, SUCCESS, logIndex=4059, commits[ed5d81fa-aaf0-49db-aa57-acca1dd387bd:c4061]
2019-09-10 22:12:16,971 [grpc-default-executor-1] INFO  client.GrpcClientProtocolClient (GrpcClientProtocolClient.java:onNext(255)) - client-0C76110B8A2B->ed5d81fa-aaf0-49db-aa57-acca1dd387bd: receive RaftClientReply:client-0C76110B8A2B->ed5d81fa-aaf0-49db-aa57-acca1dd387bd@group-729F0664FEA8, cid=2863, SUCCESS, logIndex=4060, commits[ed5d81fa-aaf0-49db-aa57-acca1dd387bd:c4061]
2019-09-10 22:12:16,971 [grpc-default-executor-1] INFO  client.GrpcClientProtocolClient (GrpcClientProtocolClient.java:onNext(255)) - client-0C76110B8A2B->ed5d81fa-aaf0-49db-aa57-acca1dd387bd: receive RaftClientReply:client-0C76110B8A2B->ed5d81fa-aaf0-49db-aa57-acca1dd387bd@group-729F0664FEA8, cid=2864, SUCCESS, logIndex=4061, commits[ed5d81fa-aaf0-49db-aa57-acca1dd387bd:c4062]
2019-09-10 22:12:16,983 [SCMBlockDeletingService#0] DEBUG block.SCMBlockDeletingService (SCMBlockDeletingService.java:call(138)) - Running DeletedBlockTransactionScanner
2019-09-10 22:12:16,983 [SCMBlockDeletingService#0] DEBUG block.SCMBlockDeletingService (SCMBlockDeletingService.java:call(155)) - Scanned deleted blocks log and got 0 delTX to process.
2019-09-10 22:12:16,996 [grpc-default-executor-1] INFO  client.GrpcClientProtocolClient (GrpcClientProtocolClient.java:onNext(255)) - client-0C76110B8A2B->ed5d81fa-aaf0-49db-aa57-acca1dd387bd: receive RaftClientReply:client-0C76110B8A2B->ed5d81fa-aaf0-49db-aa57-acca1dd387bd@group-729F0664FEA8, cid=2865, SUCCESS, logIndex=4064, commits[ed5d81fa-aaf0-49db-aa57-acca1dd387bd:c4065]
2019-09-10 22:12:16,997 [grpc-default-executor-1] INFO  client.GrpcClientProtocolClient (GrpcClientProtocolClient.java:onNext(255)) - client-0C76110B8A2B->ed5d81fa-aaf0-49db-aa57-acca1dd387bd: receive RaftClientReply:client-0C76110B8A2B->ed5d81fa-aaf0-49db-aa57-acca1dd387bd@group-729F0664FEA8, cid=2866, SUCCESS, logIndex=4065, commits[ed5d81fa-aaf0-49db-aa57-acca1dd387bd:c4065]
2019-09-10 22:12:17,000 [grpc-default-executor-1] INFO  client.GrpcClientProtocolClient (GrpcClientProtocolClient.java:onNext(255)) - client-0C76110B8A2B->ed5d81fa-aaf0-49db-aa57-acca1dd387bd: receive RaftClientReply:client-0C76110B8A2B->ed5d81fa-aaf0-49db-aa57-acca1dd387bd@group-729F0664FEA8, cid=2867, SUCCESS, logIndex=4066, commits[ed5d81fa-aaf0-49db-aa57-acca1dd387bd:c4068]
2019-09-10 22:12:17,000 [grpc-default-executor-1] INFO  client.GrpcClientProtocolClient (GrpcClientProtocolClient.java:onNext(255)) - client-0C76110B8A2B->ed5d81fa-aaf0-49db-aa57-acca1dd387bd: receive RaftClientReply:client-0C76110B8A2B->ed5d81fa-aaf0-49db-aa57-acca1dd387bd@group-729F0664FEA8, cid=2868, SUCCESS, logIndex=4067, commits[ed5d81fa-aaf0-49db-aa57-acca1dd387bd:c4068]
2019-09-10 22:12:17,017 [grpc-default-executor-1] INFO  client.GrpcClientProtocolClient (GrpcClientProtocolClient.java:onNext(255)) - client-0C76110B8A2B->ed5d81fa-aaf0-49db-aa57-acca1dd387bd: receive RaftClientReply:client-0C76110B8A2B->ed5d81fa-aaf0-49db-aa57-acca1dd387bd@group-729F0664FEA8, cid=2869, SUCCESS, logIndex=4069, commits[ed5d81fa-aaf0-49db-aa57-acca1dd387bd:c4070]
2019-09-10 22:12:17,017 [grpc-default-executor-1] INFO  client.GrpcClientProtocolClient (GrpcClientProtocolClient.java:onNext(255)) - client-0C76110B8A2B->ed5d81fa-aaf0-49db-aa57-acca1dd387bd: receive RaftClientReply:client-0C76110B8A2B->ed5d81fa-aaf0-49db-aa57-acca1dd387bd@group-729F0664FEA8, cid=2870, SUCCESS, logIndex=4070, commits[ed5d81fa-aaf0-49db-aa57-acca1dd387bd:c4070]
2019-09-10 22:12:17,017 [grpc-default-executor-1] INFO  client.GrpcClientProtocolClient (GrpcClientProtocolClient.java:onNext(255)) - client-0C76110B8A2B->ed5d81fa-aaf0-49db-aa57-acca1dd387bd: receive RaftClientReply:client-0C76110B8A2B->ed5d81fa-aaf0-49db-aa57-acca1dd387bd@group-729F0664FEA8, cid=2871, SUCCESS, logIndex=4071, commits[ed5d81fa-aaf0-49db-aa57-acca1dd387bd:c4072]
2019-09-10 22:12:17,017 [grpc-default-executor-1] INFO  client.GrpcClientProtocolClient (GrpcClientProtocolClient.java:onNext(255)) - client-0C76110B8A2B->ed5d81fa-aaf0-49db-aa57-acca1dd387bd: receive RaftClientReply:client-0C76110B8A2B->ed5d81fa-aaf0-49db-aa57-acca1dd387bd@group-729F0664FEA8, cid=2872, SUCCESS, logIndex=4072, commits[ed5d81fa-aaf0-49db-aa57-acca1dd387bd:c4072]
2019-09-10 22:12:17,089 [SCMBlockDeletingService#0] DEBUG block.SCMBlockDeletingService (SCMBlockDeletingService.java:call(138)) - Running DeletedBlockTransactionScanner
2019-09-10 22:12:17,089 [SCMBlockDeletingService#0] DEBUG block.SCMBlockDeletingService (SCMBlockDeletingService.java:call(155)) - Scanned deleted blocks log and got 0 delTX to process.
2019-09-10 22:12:17,190 [SCMBlockDeletingService#0] DEBUG block.SCMBlockDeletingService (SCMBlockDeletingService.java:call(138)) - Running DeletedBlockTransactionScanner
2019-09-10 22:12:17,190 [SCMBlockDeletingService#0] DEBUG block.SCMBlockDeletingService (SCMBlockDeletingService.java:call(155)) - Scanned deleted blocks log and got 0 delTX to process.
2019-09-10 22:12:17,192 [grpc-default-executor-0] INFO  client.GrpcClientProtocolClient (GrpcClientProtocolClient.java:onNext(255)) - client-0C76110B8A2B->ed5d81fa-aaf0-49db-aa57-acca1dd387bd: receive RaftClientReply:client-0C76110B8A2B->ed5d81fa-aaf0-49db-aa57-acca1dd387bd@group-729F0664FEA8, cid=2873, SUCCESS, logIndex=4075, commits[ed5d81fa-aaf0-49db-aa57-acca1dd387bd:c4078]
2019-09-10 22:12:17,193 [grpc-default-executor-0] INFO  client.GrpcClientProtocolClient (GrpcClientProtocolClient.java:onNext(255)) - client-0C76110B8A2B->ed5d81fa-aaf0-49db-aa57-acca1dd387bd: receive RaftClientReply:client-0C76110B8A2B->ed5d81fa-aaf0-49db-aa57-acca1dd387bd@group-729F0664FEA8, cid=2874, SUCCESS, logIndex=4076, commits[ed5d81fa-aaf0-49db-aa57-acca1dd387bd:c4078]
2019-09-10 22:12:17,193 [grpc-default-executor-0] INFO  client.GrpcClientProtocolClient (GrpcClientProtocolClient.java:onNext(255)) - client-0C76110B8A2B->ed5d81fa-aaf0-49db-aa57-acca1dd387bd: receive RaftClientReply:client-0C76110B8A2B->ed5d81fa-aaf0-49db-aa57-acca1dd387bd@group-729F0664FEA8, cid=2875, SUCCESS, logIndex=4077, commits[ed5d81fa-aaf0-49db-aa57-acca1dd387bd:c4079]
2019-09-10 22:12:17,193 [grpc-default-executor-0] INFO  client.GrpcClientProtocolClient (GrpcClientProtocolClient.java:onNext(255)) - client-0C76110B8A2B->ed5d81fa-aaf0-49db-aa57-acca1dd387bd: receive RaftClientReply:client-0C76110B8A2B->ed5d81fa-aaf0-49db-aa57-acca1dd387bd@group-729F0664FEA8, cid=2876, SUCCESS, logIndex=4078, commits[ed5d81fa-aaf0-49db-aa57-acca1dd387bd:c4079]
2019-09-10 22:12:17,211 [grpc-default-executor-1] INFO  client.GrpcClientProtocolClient (GrpcClientProtocolClient.java:onNext(255)) - client-0C76110B8A2B->ed5d81fa-aaf0-49db-aa57-acca1dd387bd: receive RaftClientReply:client-0C76110B8A2B->ed5d81fa-aaf0-49db-aa57-acca1dd387bd@group-729F0664FEA8, cid=2877, SUCCESS, logIndex=4080, commits[ed5d81fa-aaf0-49db-aa57-acca1dd387bd:c4081]
2019-09-10 22:12:17,211 [grpc-default-executor-0] INFO  client.GrpcClientProtocolClient (GrpcClientProtocolClient.java:onNext(255)) - client-0C76110B8A2B->ed5d81fa-aaf0-49db-aa57-acca1dd387bd: receive RaftClientReply:client-0C76110B8A2B->ed5d81fa-aaf0-49db-aa57-acca1dd387bd@group-729F0664FEA8, cid=2878, SUCCESS, logIndex=4081, commits[ed5d81fa-aaf0-49db-aa57-acca1dd387bd:c4083]
2019-09-10 22:12:17,212 [grpc-default-executor-0] INFO  client.GrpcClientProtocolClient (GrpcClientProtocolClient.java:onNext(255)) - client-0C76110B8A2B->ed5d81fa-aaf0-49db-aa57-acca1dd387bd: receive RaftClientReply:client-0C76110B8A2B->ed5d81fa-aaf0-49db-aa57-acca1dd387bd@group-729F0664FEA8, cid=2879, SUCCESS, logIndex=4082, commits[ed5d81fa-aaf0-49db-aa57-acca1dd387bd:c4083]
2019-09-10 22:12:17,212 [grpc-default-executor-0] INFO  client.GrpcClientProtocolClient (GrpcClientProtocolClient.java:onNext(255)) - client-0C76110B8A2B->ed5d81fa-aaf0-49db-aa57-acca1dd387bd: receive RaftClientReply:client-0C76110B8A2B->ed5d81fa-aaf0-49db-aa57-acca1dd387bd@group-729F0664FEA8, cid=2880, SUCCESS, logIndex=4083, commits[ed5d81fa-aaf0-49db-aa57-acca1dd387bd:c4083]
2019-09-10 22:12:17,241 [grpc-default-executor-1] INFO  client.GrpcClientProtocolClient (GrpcClientProtocolClient.java:onNext(255)) - client-0C76110B8A2B->ed5d81fa-aaf0-49db-aa57-acca1dd387bd: receive RaftClientReply:client-0C76110B8A2B->ed5d81fa-aaf0-49db-aa57-acca1dd387bd@group-729F0664FEA8, cid=2881, SUCCESS, logIndex=4086, commits[ed5d81fa-aaf0-49db-aa57-acca1dd387bd:c4089]
2019-09-10 22:12:17,241 [grpc-default-executor-1] INFO  client.GrpcClientProtocolClient (GrpcClientProtocolClient.java:onNext(255)) - client-0C76110B8A2B->ed5d81fa-aaf0-49db-aa57-acca1dd387bd: receive RaftClientReply:client-0C76110B8A2B->ed5d81fa-aaf0-49db-aa57-acca1dd387bd@group-729F0664FEA8, cid=2882, SUCCESS, logIndex=4087, commits[ed5d81fa-aaf0-49db-aa57-acca1dd387bd:c4090]
2019-09-10 22:12:17,242 [grpc-default-executor-1] INFO  client.GrpcClientProtocolClient (GrpcClientProtocolClient.java:onNext(255)) - client-0C76110B8A2B->ed5d81fa-aaf0-49db-aa57-acca1dd387bd: receive RaftClientReply:client-0C76110B8A2B->ed5d81fa-aaf0-49db-aa57-acca1dd387bd@group-729F0664FEA8, cid=2883, SUCCESS, logIndex=4088, commits[ed5d81fa-aaf0-49db-aa57-acca1dd387bd:c4090]
2019-09-10 22:12:17,242 [grpc-default-executor-1] INFO  client.GrpcClientProtocolClient (GrpcClientProtocolClient.java:onNext(255)) - client-0C76110B8A2B->ed5d81fa-aaf0-49db-aa57-acca1dd387bd: receive RaftClientReply:client-0C76110B8A2B->ed5d81fa-aaf0-49db-aa57-acca1dd387bd@group-729F0664FEA8, cid=2884, SUCCESS, logIndex=4089, commits[ed5d81fa-aaf0-49db-aa57-acca1dd387bd:c4090]
2019-09-10 22:12:17,261 [grpc-default-executor-0] INFO  client.GrpcClientProtocolClient (GrpcClientProtocolClient.java:onNext(255)) - client-0C76110B8A2B->ed5d81fa-aaf0-49db-aa57-acca1dd387bd: receive RaftClientReply:client-0C76110B8A2B->ed5d81fa-aaf0-49db-aa57-acca1dd387bd@group-729F0664FEA8, cid=2885, SUCCESS, logIndex=4091, commits[ed5d81fa-aaf0-49db-aa57-acca1dd387bd:c4094]
2019-09-10 22:12:17,262 [grpc-default-executor-0] INFO  client.GrpcClientProtocolClient (GrpcClientProtocolClient.java:onNext(255)) - client-0C76110B8A2B->ed5d81fa-aaf0-49db-aa57-acca1dd387bd: receive RaftClientReply:client-0C76110B8A2B->ed5d81fa-aaf0-49db-aa57-acca1dd387bd@group-729F0664FEA8, cid=2886, SUCCESS, logIndex=4092, commits[ed5d81fa-aaf0-49db-aa57-acca1dd387bd:c4095]
2019-09-10 22:12:17,262 [grpc-default-executor-0] INFO  client.GrpcClientProtocolClient (GrpcClientProtocolClient.java:onNext(255)) - client-0C76110B8A2B->ed5d81fa-aaf0-49db-aa57-acca1dd387bd: receive RaftClientReply:client-0C76110B8A2B->ed5d81fa-aaf0-49db-aa57-acca1dd387bd@group-729F0664FEA8, cid=2887, SUCCESS, logIndex=4093, commits[ed5d81fa-aaf0-49db-aa57-acca1dd387bd:c4095]
2019-09-10 22:12:17,262 [grpc-default-executor-0] INFO  client.GrpcClientProtocolClient (GrpcClientProtocolClient.java:onNext(255)) - client-0C76110B8A2B->ed5d81fa-aaf0-49db-aa57-acca1dd387bd: receive RaftClientReply:client-0C76110B8A2B->ed5d81fa-aaf0-49db-aa57-acca1dd387bd@group-729F0664FEA8, cid=2888, SUCCESS, logIndex=4094, commits[ed5d81fa-aaf0-49db-aa57-acca1dd387bd:c4095]
2019-09-10 22:12:17,289 [grpc-default-executor-0] INFO  client.GrpcClientProtocolClient (GrpcClientProtocolClient.java:onNext(255)) - client-0C76110B8A2B->ed5d81fa-aaf0-49db-aa57-acca1dd387bd: receive RaftClientReply:client-0C76110B8A2B->ed5d81fa-aaf0-49db-aa57-acca1dd387bd@group-729F0664FEA8, cid=2889, SUCCESS, logIndex=4096, commits[ed5d81fa-aaf0-49db-aa57-acca1dd387bd:c4099]
2019-09-10 22:12:17,289 [grpc-default-executor-0] INFO  client.GrpcClientProtocolClient (GrpcClientProtocolClient.java:onNext(255)) - client-0C76110B8A2B->ed5d81fa-aaf0-49db-aa57-acca1dd387bd: receive RaftClientReply:client-0C76110B8A2B->ed5d81fa-aaf0-49db-aa57-acca1dd387bd@group-729F0664FEA8, cid=2890, SUCCESS, logIndex=4097, commits[ed5d81fa-aaf0-49db-aa57-acca1dd387bd:c4099]
2019-09-10 22:12:17,290 [grpc-default-executor-0] INFO  client.GrpcClientProtocolClient (GrpcClientProtocolClient.java:onNext(255)) - client-0C76110B8A2B->ed5d81fa-aaf0-49db-aa57-acca1dd387bd: receive RaftClientReply:client-0C76110B8A2B->ed5d81fa-aaf0-49db-aa57-acca1dd387bd@group-729F0664FEA8, cid=2891, SUCCESS, logIndex=4098, commits[ed5d81fa-aaf0-49db-aa57-acca1dd387bd:c4100]
2019-09-10 22:12:17,290 [grpc-default-executor-0] INFO  client.GrpcClientProtocolClient (GrpcClientProtocolClient.java:onNext(255)) - client-0C76110B8A2B->ed5d81fa-aaf0-49db-aa57-acca1dd387bd: receive RaftClientReply:client-0C76110B8A2B->ed5d81fa-aaf0-49db-aa57-acca1dd387bd@group-729F0664FEA8, cid=2892, SUCCESS, logIndex=4099, commits[ed5d81fa-aaf0-49db-aa57-acca1dd387bd:c4100]
2019-09-10 22:12:17,290 [SCMBlockDeletingService#0] DEBUG block.SCMBlockDeletingService (SCMBlockDeletingService.java:call(138)) - Running DeletedBlockTransactionScanner
2019-09-10 22:12:17,291 [SCMBlockDeletingService#0] DEBUG block.SCMBlockDeletingService (SCMBlockDeletingService.java:call(155)) - Scanned deleted blocks log and got 0 delTX to process.
2019-09-10 22:12:17,310 [grpc-default-executor-1] INFO  client.GrpcClientProtocolClient (GrpcClientProtocolClient.java:onNext(255)) - client-0C76110B8A2B->ed5d81fa-aaf0-49db-aa57-acca1dd387bd: receive RaftClientReply:client-0C76110B8A2B->ed5d81fa-aaf0-49db-aa57-acca1dd387bd@group-729F0664FEA8, cid=2893, SUCCESS, logIndex=4101, commits[ed5d81fa-aaf0-49db-aa57-acca1dd387bd:c4104]
2019-09-10 22:12:17,310 [grpc-default-executor-1] INFO  client.GrpcClientProtocolClient (GrpcClientProtocolClient.java:onNext(255)) - client-0C76110B8A2B->ed5d81fa-aaf0-49db-aa57-acca1dd387bd: receive RaftClientReply:client-0C76110B8A2B->ed5d81fa-aaf0-49db-aa57-acca1dd387bd@group-729F0664FEA8, cid=2894, SUCCESS, logIndex=4102, commits[ed5d81fa-aaf0-49db-aa57-acca1dd387bd:c4104]
2019-09-10 22:12:17,311 [grpc-default-executor-1] INFO  client.GrpcClientProtocolClient (GrpcClientProtocolClient.java:onNext(255)) - client-0C76110B8A2B->ed5d81fa-aaf0-49db-aa57-acca1dd387bd: receive RaftClientReply:client-0C76110B8A2B->ed5d81fa-aaf0-49db-aa57-acca1dd387bd@group-729F0664FEA8, cid=2895, SUCCESS, logIndex=4103, commits[ed5d81fa-aaf0-49db-aa57-acca1dd387bd:c4104]
2019-09-10 22:12:17,311 [grpc-default-executor-1] INFO  client.GrpcClientProtocolClient (GrpcClientProtocolClient.java:onNext(255)) - client-0C76110B8A2B->ed5d81fa-aaf0-49db-aa57-acca1dd387bd: receive RaftClientReply:client-0C76110B8A2B->ed5d81fa-aaf0-49db-aa57-acca1dd387bd@group-729F0664FEA8, cid=2896, SUCCESS, logIndex=4104, commits[ed5d81fa-aaf0-49db-aa57-acca1dd387bd:c4105]
2019-09-10 22:12:17,338 [grpc-default-executor-1] INFO  client.GrpcClientProtocolClient (GrpcClientProtocolClient.java:onNext(255)) - client-0C76110B8A2B->ed5d81fa-aaf0-49db-aa57-acca1dd387bd: receive RaftClientReply:client-0C76110B8A2B->ed5d81fa-aaf0-49db-aa57-acca1dd387bd@group-729F0664FEA8, cid=2897, SUCCESS, logIndex=4106, commits[ed5d81fa-aaf0-49db-aa57-acca1dd387bd:c4109]
2019-09-10 22:12:17,339 [grpc-default-executor-1] INFO  client.GrpcClientProtocolClient (GrpcClientProtocolClient.java:onNext(255)) - client-0C76110B8A2B->ed5d81fa-aaf0-49db-aa57-acca1dd387bd: receive RaftClientReply:client-0C76110B8A2B->ed5d81fa-aaf0-49db-aa57-acca1dd387bd@group-729F0664FEA8, cid=2898, SUCCESS, logIndex=4107, commits[ed5d81fa-aaf0-49db-aa57-acca1dd387bd:c4110]
2019-09-10 22:12:17,339 [grpc-default-executor-1] INFO  client.GrpcClientProtocolClient (GrpcClientProtocolClient.java:onNext(255)) - client-0C76110B8A2B->ed5d81fa-aaf0-49db-aa57-acca1dd387bd: receive RaftClientReply:client-0C76110B8A2B->ed5d81fa-aaf0-49db-aa57-acca1dd387bd@group-729F0664FEA8, cid=2899, SUCCESS, logIndex=4108, commits[ed5d81fa-aaf0-49db-aa57-acca1dd387bd:c4110]
2019-09-10 22:12:17,339 [grpc-default-executor-1] INFO  client.GrpcClientProtocolClient (GrpcClientProtocolClient.java:onNext(255)) - client-0C76110B8A2B->ed5d81fa-aaf0-49db-aa57-acca1dd387bd: receive RaftClientReply:client-0C76110B8A2B->ed5d81fa-aaf0-49db-aa57-acca1dd387bd@group-729F0664FEA8, cid=2900, SUCCESS, logIndex=4109, commits[ed5d81fa-aaf0-49db-aa57-acca1dd387bd:c4110]
2019-09-10 22:12:17,359 [grpc-default-executor-0] INFO  client.GrpcClientProtocolClient (GrpcClientProtocolClient.java:onNext(255)) - client-0C76110B8A2B->ed5d81fa-aaf0-49db-aa57-acca1dd387bd: receive RaftClientReply:client-0C76110B8A2B->ed5d81fa-aaf0-49db-aa57-acca1dd387bd@group-729F0664FEA8, cid=2901, SUCCESS, logIndex=4111, commits[ed5d81fa-aaf0-49db-aa57-acca1dd387bd:c4114]
2019-09-10 22:12:17,359 [grpc-default-executor-0] INFO  client.GrpcClientProtocolClient (GrpcClientProtocolClient.java:onNext(255)) - client-0C76110B8A2B->ed5d81fa-aaf0-49db-aa57-acca1dd387bd: receive RaftClientReply:client-0C76110B8A2B->ed5d81fa-aaf0-49db-aa57-acca1dd387bd@group-729F0664FEA8, cid=2902, SUCCESS, logIndex=4112, commits[ed5d81fa-aaf0-49db-aa57-acca1dd387bd:c4114]
2019-09-10 22:12:17,359 [grpc-default-executor-0] INFO  client.GrpcClientProtocolClient (GrpcClientProtocolClient.java:onNext(255)) - client-0C76110B8A2B->ed5d81fa-aaf0-49db-aa57-acca1dd387bd: receive RaftClientReply:client-0C76110B8A2B->ed5d81fa-aaf0-49db-aa57-acca1dd387bd@group-729F0664FEA8, cid=2903, SUCCESS, logIndex=4113, commits[ed5d81fa-aaf0-49db-aa57-acca1dd387bd:c4114]
2019-09-10 22:12:17,359 [grpc-default-executor-0] INFO  client.GrpcClientProtocolClient (GrpcClientProtocolClient.java:onNext(255)) - client-0C76110B8A2B->ed5d81fa-aaf0-49db-aa57-acca1dd387bd: receive RaftClientReply:client-0C76110B8A2B->ed5d81fa-aaf0-49db-aa57-acca1dd387bd@group-729F0664FEA8, cid=2904, SUCCESS, logIndex=4114, commits[ed5d81fa-aaf0-49db-aa57-acca1dd387bd:c4114]
2019-09-10 22:12:17,388 [grpc-default-executor-0] INFO  client.GrpcClientProtocolClient (GrpcClientProtocolClient.java:onNext(255)) - client-0C76110B8A2B->ed5d81fa-aaf0-49db-aa57-acca1dd387bd: receive RaftClientReply:client-0C76110B8A2B->ed5d81fa-aaf0-49db-aa57-acca1dd387bd@group-729F0664FEA8, cid=2905, SUCCESS, logIndex=4116, commits[ed5d81fa-aaf0-49db-aa57-acca1dd387bd:c4119]
2019-09-10 22:12:17,389 [grpc-default-executor-0] INFO  client.GrpcClientProtocolClient (GrpcClientProtocolClient.java:onNext(255)) - client-0C76110B8A2B->ed5d81fa-aaf0-49db-aa57-acca1dd387bd: receive RaftClientReply:client-0C76110B8A2B->ed5d81fa-aaf0-49db-aa57-acca1dd387bd@group-729F0664FEA8, cid=2906, SUCCESS, logIndex=4117, commits[ed5d81fa-aaf0-49db-aa57-acca1dd387bd:c4120]
2019-09-10 22:12:17,389 [grpc-default-executor-0] INFO  client.GrpcClientProtocolClient (GrpcClientProtocolClient.java:onNext(255)) - client-0C76110B8A2B->ed5d81fa-aaf0-49db-aa57-acca1dd387bd: receive RaftClientReply:client-0C76110B8A2B->ed5d81fa-aaf0-49db-aa57-acca1dd387bd@group-729F0664FEA8, cid=2907, SUCCESS, logIndex=4118, commits[ed5d81fa-aaf0-49db-aa57-acca1dd387bd:c4120]
2019-09-10 22:12:17,389 [grpc-default-executor-0] INFO  client.GrpcClientProtocolClient (GrpcClientProtocolClient.java:onNext(255)) - client-0C76110B8A2B->ed5d81fa-aaf0-49db-aa57-acca1dd387bd: receive RaftClientReply:client-0C76110B8A2B->ed5d81fa-aaf0-49db-aa57-acca1dd387bd@group-729F0664FEA8, cid=2908, SUCCESS, logIndex=4119, commits[ed5d81fa-aaf0-49db-aa57-acca1dd387bd:c4120]
2019-09-10 22:12:17,391 [SCMBlockDeletingService#0] DEBUG block.SCMBlockDeletingService (SCMBlockDeletingService.java:call(138)) - Running DeletedBlockTransactionScanner
2019-09-10 22:12:17,391 [SCMBlockDeletingService#0] DEBUG block.SCMBlockDeletingService (SCMBlockDeletingService.java:call(155)) - Scanned deleted blocks log and got 0 delTX to process.
2019-09-10 22:12:17,408 [grpc-default-executor-0] INFO  client.GrpcClientProtocolClient (GrpcClientProtocolClient.java:onNext(255)) - client-0C76110B8A2B->ed5d81fa-aaf0-49db-aa57-acca1dd387bd: receive RaftClientReply:client-0C76110B8A2B->ed5d81fa-aaf0-49db-aa57-acca1dd387bd@group-729F0664FEA8, cid=2909, SUCCESS, logIndex=4121, commits[ed5d81fa-aaf0-49db-aa57-acca1dd387bd:c4124]
2019-09-10 22:12:17,409 [grpc-default-executor-0] INFO  client.GrpcClientProtocolClient (GrpcClientProtocolClient.java:onNext(255)) - client-0C76110B8A2B->ed5d81fa-aaf0-49db-aa57-acca1dd387bd: receive RaftClientReply:client-0C76110B8A2B->ed5d81fa-aaf0-49db-aa57-acca1dd387bd@group-729F0664FEA8, cid=2910, SUCCESS, logIndex=4122, commits[ed5d81fa-aaf0-49db-aa57-acca1dd387bd:c4125]
2019-09-10 22:12:17,409 [grpc-default-executor-0] INFO  client.GrpcClientProtocolClient (GrpcClientProtocolClient.java:onNext(255)) - client-0C76110B8A2B->ed5d81fa-aaf0-49db-aa57-acca1dd387bd: receive RaftClientReply:client-0C76110B8A2B->ed5d81fa-aaf0-49db-aa57-acca1dd387bd@group-729F0664FEA8, cid=2911, SUCCESS, logIndex=4123, commits[ed5d81fa-aaf0-49db-aa57-acca1dd387bd:c4125]
2019-09-10 22:12:17,409 [grpc-default-executor-0] INFO  client.GrpcClientProtocolClient (GrpcClientProtocolClient.java:onNext(255)) - client-0C76110B8A2B->ed5d81fa-aaf0-49db-aa57-acca1dd387bd: receive RaftClientReply:client-0C76110B8A2B->ed5d81fa-aaf0-49db-aa57-acca1dd387bd@group-729F0664FEA8, cid=2912, SUCCESS, logIndex=4124, commits[ed5d81fa-aaf0-49db-aa57-acca1dd387bd:c4125]
2019-09-10 22:12:17,433 [grpc-default-executor-0] INFO  client.GrpcClientProtocolClient (GrpcClientProtocolClient.java:onNext(255)) - client-0C76110B8A2B->ed5d81fa-aaf0-49db-aa57-acca1dd387bd: receive RaftClientReply:client-0C76110B8A2B->ed5d81fa-aaf0-49db-aa57-acca1dd387bd@group-729F0664FEA8, cid=2913, SUCCESS, logIndex=4126, commits[ed5d81fa-aaf0-49db-aa57-acca1dd387bd:c4127]
2019-09-10 22:12:17,433 [grpc-default-executor-0] INFO  client.GrpcClientProtocolClient (GrpcClientProtocolClient.java:onNext(255)) - client-0C76110B8A2B->ed5d81fa-aaf0-49db-aa57-acca1dd387bd: receive RaftClientReply:client-0C76110B8A2B->ed5d81fa-aaf0-49db-aa57-acca1dd387bd@group-729F0664FEA8, cid=2914, SUCCESS, logIndex=4127, commits[ed5d81fa-aaf0-49db-aa57-acca1dd387bd:c4127]
2019-09-10 22:12:17,434 [grpc-default-executor-0] INFO  client.GrpcClientProtocolClient (GrpcClientProtocolClient.java:onNext(255)) - client-0C76110B8A2B->ed5d81fa-aaf0-49db-aa57-acca1dd387bd: receive RaftClientReply:client-0C76110B8A2B->ed5d81fa-aaf0-49db-aa57-acca1dd387bd@group-729F0664FEA8, cid=2915, SUCCESS, logIndex=4128, commits[ed5d81fa-aaf0-49db-aa57-acca1dd387bd:c4129]
2019-09-10 22:12:17,434 [grpc-default-executor-0] INFO  client.GrpcClientProtocolClient (GrpcClientProtocolClient.java:onNext(255)) - client-0C76110B8A2B->ed5d81fa-aaf0-49db-aa57-acca1dd387bd: receive RaftClientReply:client-0C76110B8A2B->ed5d81fa-aaf0-49db-aa57-acca1dd387bd@group-729F0664FEA8, cid=2916, SUCCESS, logIndex=4129, commits[ed5d81fa-aaf0-49db-aa57-acca1dd387bd:c4129]
2019-09-10 22:12:17,491 [SCMBlockDeletingService#0] DEBUG block.SCMBlockDeletingService (SCMBlockDeletingService.java:call(138)) - Running DeletedBlockTransactionScanner
2019-09-10 22:12:17,492 [SCMBlockDeletingService#0] DEBUG block.SCMBlockDeletingService (SCMBlockDeletingService.java:call(155)) - Scanned deleted blocks log and got 0 delTX to process.
2019-09-10 22:12:17,544 [grpc-default-executor-1] INFO  client.GrpcClientProtocolClient (GrpcClientProtocolClient.java:onNext(255)) - client-0C76110B8A2B->ed5d81fa-aaf0-49db-aa57-acca1dd387bd: receive RaftClientReply:client-0C76110B8A2B->ed5d81fa-aaf0-49db-aa57-acca1dd387bd@group-729F0664FEA8, cid=2917, SUCCESS, logIndex=4132, commits[ed5d81fa-aaf0-49db-aa57-acca1dd387bd:c4135]
2019-09-10 22:12:17,544 [grpc-default-executor-1] INFO  client.GrpcClientProtocolClient (GrpcClientProtocolClient.java:onNext(255)) - client-0C76110B8A2B->ed5d81fa-aaf0-49db-aa57-acca1dd387bd: receive RaftClientReply:client-0C76110B8A2B->ed5d81fa-aaf0-49db-aa57-acca1dd387bd@group-729F0664FEA8, cid=2918, SUCCESS, logIndex=4133, commits[ed5d81fa-aaf0-49db-aa57-acca1dd387bd:c4136]
2019-09-10 22:12:17,545 [grpc-default-executor-1] INFO  client.GrpcClientProtocolClient (GrpcClientProtocolClient.java:onNext(255)) - client-0C76110B8A2B->ed5d81fa-aaf0-49db-aa57-acca1dd387bd: receive RaftClientReply:client-0C76110B8A2B->ed5d81fa-aaf0-49db-aa57-acca1dd387bd@group-729F0664FEA8, cid=2919, SUCCESS, logIndex=4134, commits[ed5d81fa-aaf0-49db-aa57-acca1dd387bd:c4136]
2019-09-10 22:12:17,545 [grpc-default-executor-1] INFO  client.GrpcClientProtocolClient (GrpcClientProtocolClient.java:onNext(255)) - client-0C76110B8A2B->ed5d81fa-aaf0-49db-aa57-acca1dd387bd: receive RaftClientReply:client-0C76110B8A2B->ed5d81fa-aaf0-49db-aa57-acca1dd387bd@group-729F0664FEA8, cid=2920, SUCCESS, logIndex=4135, commits[ed5d81fa-aaf0-49db-aa57-acca1dd387bd:c4136]
2019-09-10 22:12:17,572 [grpc-default-executor-1] INFO  client.GrpcClientProtocolClient (GrpcClientProtocolClient.java:onNext(255)) - client-0C76110B8A2B->ed5d81fa-aaf0-49db-aa57-acca1dd387bd: receive RaftClientReply:client-0C76110B8A2B->ed5d81fa-aaf0-49db-aa57-acca1dd387bd@group-729F0664FEA8, cid=2921, SUCCESS, logIndex=4137, commits[ed5d81fa-aaf0-49db-aa57-acca1dd387bd:c4138]
2019-09-10 22:12:17,573 [grpc-default-executor-1] INFO  client.GrpcClientProtocolClient (GrpcClientProtocolClient.java:onNext(255)) - client-0C76110B8A2B->ed5d81fa-aaf0-49db-aa57-acca1dd387bd: receive RaftClientReply:client-0C76110B8A2B->ed5d81fa-aaf0-49db-aa57-acca1dd387bd@group-729F0664FEA8, cid=2922, SUCCESS, logIndex=4138, commits[ed5d81fa-aaf0-49db-aa57-acca1dd387bd:c4140]
2019-09-10 22:12:17,573 [grpc-default-executor-1] INFO  client.GrpcClientProtocolClient (GrpcClientProtocolClient.java:onNext(255)) - client-0C76110B8A2B->ed5d81fa-aaf0-49db-aa57-acca1dd387bd: receive RaftClientReply:client-0C76110B8A2B->ed5d81fa-aaf0-49db-aa57-acca1dd387bd@group-729F0664FEA8, cid=2923, SUCCESS, logIndex=4139, commits[ed5d81fa-aaf0-49db-aa57-acca1dd387bd:c4141]
2019-09-10 22:12:17,573 [grpc-default-executor-1] INFO  client.GrpcClientProtocolClient (GrpcClientProtocolClient.java:onNext(255)) - client-0C76110B8A2B->ed5d81fa-aaf0-49db-aa57-acca1dd387bd: receive RaftClientReply:client-0C76110B8A2B->ed5d81fa-aaf0-49db-aa57-acca1dd387bd@group-729F0664FEA8, cid=2924, SUCCESS, logIndex=4140, commits[ed5d81fa-aaf0-49db-aa57-acca1dd387bd:c4141]
2019-09-10 22:12:17,592 [grpc-default-executor-1] INFO  client.GrpcClientProtocolClient (GrpcClientProtocolClient.java:onNext(255)) - client-0C76110B8A2B->ed5d81fa-aaf0-49db-aa57-acca1dd387bd: receive RaftClientReply:client-0C76110B8A2B->ed5d81fa-aaf0-49db-aa57-acca1dd387bd@group-729F0664FEA8, cid=2925, SUCCESS, logIndex=4143, commits[ed5d81fa-aaf0-49db-aa57-acca1dd387bd:c4144]
2019-09-10 22:12:17,592 [SCMBlockDeletingService#0] DEBUG block.SCMBlockDeletingService (SCMBlockDeletingService.java:call(138)) - Running DeletedBlockTransactionScanner
2019-09-10 22:12:17,592 [grpc-default-executor-1] INFO  client.GrpcClientProtocolClient (GrpcClientProtocolClient.java:onNext(255)) - client-0C76110B8A2B->ed5d81fa-aaf0-49db-aa57-acca1dd387bd: receive RaftClientReply:client-0C76110B8A2B->ed5d81fa-aaf0-49db-aa57-acca1dd387bd@group-729F0664FEA8, cid=2926, SUCCESS, logIndex=4144, commits[ed5d81fa-aaf0-49db-aa57-acca1dd387bd:c4146]
2019-09-10 22:12:17,592 [SCMBlockDeletingService#0] DEBUG block.SCMBlockDeletingService (SCMBlockDeletingService.java:call(155)) - Scanned deleted blocks log and got 0 delTX to process.
2019-09-10 22:12:17,592 [grpc-default-executor-1] INFO  client.GrpcClientProtocolClient (GrpcClientProtocolClient.java:onNext(255)) - client-0C76110B8A2B->ed5d81fa-aaf0-49db-aa57-acca1dd387bd: receive RaftClientReply:client-0C76110B8A2B->ed5d81fa-aaf0-49db-aa57-acca1dd387bd@group-729F0664FEA8, cid=2927, SUCCESS, logIndex=4145, commits[ed5d81fa-aaf0-49db-aa57-acca1dd387bd:c4147]
2019-09-10 22:12:17,593 [grpc-default-executor-1] INFO  client.GrpcClientProtocolClient (GrpcClientProtocolClient.java:onNext(255)) - client-0C76110B8A2B->ed5d81fa-aaf0-49db-aa57-acca1dd387bd: receive RaftClientReply:client-0C76110B8A2B->ed5d81fa-aaf0-49db-aa57-acca1dd387bd@group-729F0664FEA8, cid=2928, SUCCESS, logIndex=4146, commits[ed5d81fa-aaf0-49db-aa57-acca1dd387bd:c4147]
2019-09-10 22:12:17,623 [grpc-default-executor-1] INFO  client.GrpcClientProtocolClient (GrpcClientProtocolClient.java:onNext(255)) - client-0C76110B8A2B->ed5d81fa-aaf0-49db-aa57-acca1dd387bd: receive RaftClientReply:client-0C76110B8A2B->ed5d81fa-aaf0-49db-aa57-acca1dd387bd@group-729F0664FEA8, cid=2929, SUCCESS, logIndex=4149, commits[ed5d81fa-aaf0-49db-aa57-acca1dd387bd:c4150]
2019-09-10 22:12:17,624 [grpc-default-executor-1] INFO  client.GrpcClientProtocolClient (GrpcClientProtocolClient.java:onNext(255)) - client-0C76110B8A2B->ed5d81fa-aaf0-49db-aa57-acca1dd387bd: receive RaftClientReply:client-0C76110B8A2B->ed5d81fa-aaf0-49db-aa57-acca1dd387bd@group-729F0664FEA8, cid=2930, SUCCESS, logIndex=4150, commits[ed5d81fa-aaf0-49db-aa57-acca1dd387bd:c4152]
2019-09-10 22:12:17,624 [grpc-default-executor-1] INFO  client.GrpcClientProtocolClient (GrpcClientProtocolClient.java:onNext(255)) - client-0C76110B8A2B->ed5d81fa-aaf0-49db-aa57-acca1dd387bd: receive RaftClientReply:client-0C76110B8A2B->ed5d81fa-aaf0-49db-aa57-acca1dd387bd@group-729F0664FEA8, cid=2931, SUCCESS, logIndex=4151, commits[ed5d81fa-aaf0-49db-aa57-acca1dd387bd:c4152]
2019-09-10 22:12:17,624 [grpc-default-executor-1] INFO  client.GrpcClientProtocolClient (GrpcClientProtocolClient.java:onNext(255)) - client-0C76110B8A2B->ed5d81fa-aaf0-49db-aa57-acca1dd387bd: receive RaftClientReply:client-0C76110B8A2B->ed5d81fa-aaf0-49db-aa57-acca1dd387bd@group-729F0664FEA8, cid=2932, SUCCESS, logIndex=4152, commits[ed5d81fa-aaf0-49db-aa57-acca1dd387bd:c4153]
2019-09-10 22:12:17,643 [grpc-default-executor-0] INFO  client.GrpcClientProtocolClient (GrpcClientProtocolClient.java:onNext(255)) - client-0C76110B8A2B->ed5d81fa-aaf0-49db-aa57-acca1dd387bd: receive RaftClientReply:client-0C76110B8A2B->ed5d81fa-aaf0-49db-aa57-acca1dd387bd@group-729F0664FEA8, cid=2933, SUCCESS, logIndex=4155, commits[ed5d81fa-aaf0-49db-aa57-acca1dd387bd:c4156]
2019-09-10 22:12:17,643 [grpc-default-executor-0] INFO  client.GrpcClientProtocolClient (GrpcClientProtocolClient.java:onNext(255)) - client-0C76110B8A2B->ed5d81fa-aaf0-49db-aa57-acca1dd387bd: receive RaftClientReply:client-0C76110B8A2B->ed5d81fa-aaf0-49db-aa57-acca1dd387bd@group-729F0664FEA8, cid=2934, SUCCESS, logIndex=4156, commits[ed5d81fa-aaf0-49db-aa57-acca1dd387bd:c4158]
2019-09-10 22:12:17,644 [grpc-default-executor-0] INFO  client.GrpcClientProtocolClient (GrpcClientProtocolClient.java:onNext(255)) - client-0C76110B8A2B->ed5d81fa-aaf0-49db-aa57-acca1dd387bd: receive RaftClientReply:client-0C76110B8A2B->ed5d81fa-aaf0-49db-aa57-acca1dd387bd@group-729F0664FEA8, cid=2935, SUCCESS, logIndex=4157, commits[ed5d81fa-aaf0-49db-aa57-acca1dd387bd:c4158]
2019-09-10 22:12:17,644 [grpc-default-executor-0] INFO  client.GrpcClientProtocolClient (GrpcClientProtocolClient.java:onNext(255)) - client-0C76110B8A2B->ed5d81fa-aaf0-49db-aa57-acca1dd387bd: receive RaftClientReply:client-0C76110B8A2B->ed5d81fa-aaf0-49db-aa57-acca1dd387bd@group-729F0664FEA8, cid=2936, SUCCESS, logIndex=4158, commits[ed5d81fa-aaf0-49db-aa57-acca1dd387bd:c4159]
2019-09-10 22:12:17,671 [grpc-default-executor-0] INFO  client.GrpcClientProtocolClient (GrpcClientProtocolClient.java:onNext(255)) - client-0C76110B8A2B->ed5d81fa-aaf0-49db-aa57-acca1dd387bd: receive RaftClientReply:client-0C76110B8A2B->ed5d81fa-aaf0-49db-aa57-acca1dd387bd@group-729F0664FEA8, cid=2937, SUCCESS, logIndex=4161, commits[ed5d81fa-aaf0-49db-aa57-acca1dd387bd:c4162]
2019-09-10 22:12:17,671 [grpc-default-executor-0] INFO  client.GrpcClientProtocolClient (GrpcClientProtocolClient.java:onNext(255)) - client-0C76110B8A2B->ed5d81fa-aaf0-49db-aa57-acca1dd387bd: receive RaftClientReply:client-0C76110B8A2B->ed5d81fa-aaf0-49db-aa57-acca1dd387bd@group-729F0664FEA8, cid=2938, SUCCESS, logIndex=4162, commits[ed5d81fa-aaf0-49db-aa57-acca1dd387bd:c4164]
2019-09-10 22:12:17,672 [grpc-default-executor-0] INFO  client.GrpcClientProtocolClient (GrpcClientProtocolClient.java:onNext(255)) - client-0C76110B8A2B->ed5d81fa-aaf0-49db-aa57-acca1dd387bd: receive RaftClientReply:client-0C76110B8A2B->ed5d81fa-aaf0-49db-aa57-acca1dd387bd@group-729F0664FEA8, cid=2939, SUCCESS, logIndex=4163, commits[ed5d81fa-aaf0-49db-aa57-acca1dd387bd:c4165]
2019-09-10 22:12:17,672 [grpc-default-executor-0] INFO  client.GrpcClientProtocolClient (GrpcClientProtocolClient.java:onNext(255)) - client-0C76110B8A2B->ed5d81fa-aaf0-49db-aa57-acca1dd387bd: receive RaftClientReply:client-0C76110B8A2B->ed5d81fa-aaf0-49db-aa57-acca1dd387bd@group-729F0664FEA8, cid=2940, SUCCESS, logIndex=4164, commits[ed5d81fa-aaf0-49db-aa57-acca1dd387bd:c4165]
2019-09-10 22:12:17,690 [grpc-default-executor-0] INFO  client.GrpcClientProtocolClient (GrpcClientProtocolClient.java:onNext(255)) - client-0C76110B8A2B->ed5d81fa-aaf0-49db-aa57-acca1dd387bd: receive RaftClientReply:client-0C76110B8A2B->ed5d81fa-aaf0-49db-aa57-acca1dd387bd@group-729F0664FEA8, cid=2941, SUCCESS, logIndex=4167, commits[ed5d81fa-aaf0-49db-aa57-acca1dd387bd:c4168]
2019-09-10 22:12:17,690 [grpc-default-executor-0] INFO  client.GrpcClientProtocolClient (GrpcClientProtocolClient.java:onNext(255)) - client-0C76110B8A2B->ed5d81fa-aaf0-49db-aa57-acca1dd387bd: receive RaftClientReply:client-0C76110B8A2B->ed5d81fa-aaf0-49db-aa57-acca1dd387bd@group-729F0664FEA8, cid=2942, SUCCESS, logIndex=4168, commits[ed5d81fa-aaf0-49db-aa57-acca1dd387bd:c4170]
2019-09-10 22:12:17,691 [grpc-default-executor-0] INFO  client.GrpcClientProtocolClient (GrpcClientProtocolClient.java:onNext(255)) - client-0C76110B8A2B->ed5d81fa-aaf0-49db-aa57-acca1dd387bd: receive RaftClientReply:client-0C76110B8A2B->ed5d81fa-aaf0-49db-aa57-acca1dd387bd@group-729F0664FEA8, cid=2943, SUCCESS, logIndex=4169, commits[ed5d81fa-aaf0-49db-aa57-acca1dd387bd:c4171]
2019-09-10 22:12:17,691 [grpc-default-executor-0] INFO  client.GrpcClientProtocolClient (GrpcClientProtocolClient.java:onNext(255)) - client-0C76110B8A2B->ed5d81fa-aaf0-49db-aa57-acca1dd387bd: receive RaftClientReply:client-0C76110B8A2B->ed5d81fa-aaf0-49db-aa57-acca1dd387bd@group-729F0664FEA8, cid=2944, SUCCESS, logIndex=4170, commits[ed5d81fa-aaf0-49db-aa57-acca1dd387bd:c4171]
2019-09-10 22:12:17,693 [SCMBlockDeletingService#0] DEBUG block.SCMBlockDeletingService (SCMBlockDeletingService.java:call(138)) - Running DeletedBlockTransactionScanner
2019-09-10 22:12:17,693 [SCMBlockDeletingService#0] DEBUG block.SCMBlockDeletingService (SCMBlockDeletingService.java:call(155)) - Scanned deleted blocks log and got 0 delTX to process.
2019-09-10 22:12:17,718 [grpc-default-executor-1] INFO  client.GrpcClientProtocolClient (GrpcClientProtocolClient.java:onNext(255)) - client-0C76110B8A2B->ed5d81fa-aaf0-49db-aa57-acca1dd387bd: receive RaftClientReply:client-0C76110B8A2B->ed5d81fa-aaf0-49db-aa57-acca1dd387bd@group-729F0664FEA8, cid=2945, SUCCESS, logIndex=4173, commits[ed5d81fa-aaf0-49db-aa57-acca1dd387bd:c4174]
2019-09-10 22:12:17,718 [grpc-default-executor-1] INFO  client.GrpcClientProtocolClient (GrpcClientProtocolClient.java:onNext(255)) - client-0C76110B8A2B->ed5d81fa-aaf0-49db-aa57-acca1dd387bd: receive RaftClientReply:client-0C76110B8A2B->ed5d81fa-aaf0-49db-aa57-acca1dd387bd@group-729F0664FEA8, cid=2946, SUCCESS, logIndex=4174, commits[ed5d81fa-aaf0-49db-aa57-acca1dd387bd:c4176]
2019-09-10 22:12:17,719 [grpc-default-executor-1] INFO  client.GrpcClientProtocolClient (GrpcClientProtocolClient.java:onNext(255)) - client-0C76110B8A2B->ed5d81fa-aaf0-49db-aa57-acca1dd387bd: receive RaftClientReply:client-0C76110B8A2B->ed5d81fa-aaf0-49db-aa57-acca1dd387bd@group-729F0664FEA8, cid=2947, SUCCESS, logIndex=4175, commits[ed5d81fa-aaf0-49db-aa57-acca1dd387bd:c4176]
2019-09-10 22:12:17,719 [grpc-default-executor-1] INFO  client.GrpcClientProtocolClient (GrpcClientProtocolClient.java:onNext(255)) - client-0C76110B8A2B->ed5d81fa-aaf0-49db-aa57-acca1dd387bd: receive RaftClientReply:client-0C76110B8A2B->ed5d81fa-aaf0-49db-aa57-acca1dd387bd@group-729F0664FEA8, cid=2948, SUCCESS, logIndex=4176, commits[ed5d81fa-aaf0-49db-aa57-acca1dd387bd:c4177]
2019-09-10 22:12:17,738 [grpc-default-executor-1] INFO  client.GrpcClientProtocolClient (GrpcClientProtocolClient.java:onNext(255)) - client-0C76110B8A2B->ed5d81fa-aaf0-49db-aa57-acca1dd387bd: receive RaftClientReply:client-0C76110B8A2B->ed5d81fa-aaf0-49db-aa57-acca1dd387bd@group-729F0664FEA8, cid=2949, SUCCESS, logIndex=4179, commits[ed5d81fa-aaf0-49db-aa57-acca1dd387bd:c4180]
2019-09-10 22:12:17,738 [grpc-default-executor-1] INFO  client.GrpcClientProtocolClient (GrpcClientProtocolClient.java:onNext(255)) - client-0C76110B8A2B->ed5d81fa-aaf0-49db-aa57-acca1dd387bd: receive RaftClientReply:client-0C76110B8A2B->ed5d81fa-aaf0-49db-aa57-acca1dd387bd@group-729F0664FEA8, cid=2950, SUCCESS, logIndex=4180, commits[ed5d81fa-aaf0-49db-aa57-acca1dd387bd:c4182]
2019-09-10 22:12:17,739 [grpc-default-executor-1] INFO  client.GrpcClientProtocolClient (GrpcClientProtocolClient.java:onNext(255)) - client-0C76110B8A2B->ed5d81fa-aaf0-49db-aa57-acca1dd387bd: receive RaftClientReply:client-0C76110B8A2B->ed5d81fa-aaf0-49db-aa57-acca1dd387bd@group-729F0664FEA8, cid=2951, SUCCESS, logIndex=4181, commits[ed5d81fa-aaf0-49db-aa57-acca1dd387bd:c4182]
2019-09-10 22:12:17,739 [grpc-default-executor-1] INFO  client.GrpcClientProtocolClient (GrpcClientProtocolClient.java:onNext(255)) - client-0C76110B8A2B->ed5d81fa-aaf0-49db-aa57-acca1dd387bd: receive RaftClientReply:client-0C76110B8A2B->ed5d81fa-aaf0-49db-aa57-acca1dd387bd@group-729F0664FEA8, cid=2952, SUCCESS, logIndex=4182, commits[ed5d81fa-aaf0-49db-aa57-acca1dd387bd:c4183]
2019-09-10 22:12:17,767 [grpc-default-executor-1] INFO  client.GrpcClientProtocolClient (GrpcClientProtocolClient.java:onNext(255)) - client-0C76110B8A2B->ed5d81fa-aaf0-49db-aa57-acca1dd387bd: receive RaftClientReply:client-0C76110B8A2B->ed5d81fa-aaf0-49db-aa57-acca1dd387bd@group-729F0664FEA8, cid=2953, SUCCESS, logIndex=4185, commits[ed5d81fa-aaf0-49db-aa57-acca1dd387bd:c4188]
2019-09-10 22:12:17,768 [grpc-default-executor-1] INFO  client.GrpcClientProtocolClient (GrpcClientProtocolClient.java:onNext(255)) - client-0C76110B8A2B->ed5d81fa-aaf0-49db-aa57-acca1dd387bd: receive RaftClientReply:client-0C76110B8A2B->ed5d81fa-aaf0-49db-aa57-acca1dd387bd@group-729F0664FEA8, cid=2954, SUCCESS, logIndex=4186, commits[ed5d81fa-aaf0-49db-aa57-acca1dd387bd:c4189]
2019-09-10 22:12:17,768 [grpc-default-executor-1] INFO  client.GrpcClientProtocolClient (GrpcClientProtocolClient.java:onNext(255)) - client-0C76110B8A2B->ed5d81fa-aaf0-49db-aa57-acca1dd387bd: receive RaftClientReply:client-0C76110B8A2B->ed5d81fa-aaf0-49db-aa57-acca1dd387bd@group-729F0664FEA8, cid=2955, SUCCESS, logIndex=4187, commits[ed5d81fa-aaf0-49db-aa57-acca1dd387bd:c4189]
2019-09-10 22:12:17,768 [grpc-default-executor-1] INFO  client.GrpcClientProtocolClient (GrpcClientProtocolClient.java:onNext(255)) - client-0C76110B8A2B->ed5d81fa-aaf0-49db-aa57-acca1dd387bd: receive RaftClientReply:client-0C76110B8A2B->ed5d81fa-aaf0-49db-aa57-acca1dd387bd@group-729F0664FEA8, cid=2956, SUCCESS, logIndex=4188, commits[ed5d81fa-aaf0-49db-aa57-acca1dd387bd:c4189]
2019-09-10 22:12:17,786 [grpc-default-executor-1] INFO  client.GrpcClientProtocolClient (GrpcClientProtocolClient.java:onNext(255)) - client-0C76110B8A2B->ed5d81fa-aaf0-49db-aa57-acca1dd387bd: receive RaftClientReply:client-0C76110B8A2B->ed5d81fa-aaf0-49db-aa57-acca1dd387bd@group-729F0664FEA8, cid=2957, SUCCESS, logIndex=4190, commits[ed5d81fa-aaf0-49db-aa57-acca1dd387bd:c4193]
2019-09-10 22:12:17,786 [grpc-default-executor-1] INFO  client.GrpcClientProtocolClient (GrpcClientProtocolClient.java:onNext(255)) - client-0C76110B8A2B->ed5d81fa-aaf0-49db-aa57-acca1dd387bd: receive RaftClientReply:client-0C76110B8A2B->ed5d81fa-aaf0-49db-aa57-acca1dd387bd@group-729F0664FEA8, cid=2958, SUCCESS, logIndex=4191, commits[ed5d81fa-aaf0-49db-aa57-acca1dd387bd:c4194]
2019-09-10 22:12:17,786 [grpc-default-executor-1] INFO  client.GrpcClientProtocolClient (GrpcClientProtocolClient.java:onNext(255)) - client-0C76110B8A2B->ed5d81fa-aaf0-49db-aa57-acca1dd387bd: receive RaftClientReply:client-0C76110B8A2B->ed5d81fa-aaf0-49db-aa57-acca1dd387bd@group-729F0664FEA8, cid=2959, SUCCESS, logIndex=4192, commits[ed5d81fa-aaf0-49db-aa57-acca1dd387bd:c4194]
2019-09-10 22:12:17,787 [grpc-default-executor-1] INFO  client.GrpcClientProtocolClient (GrpcClientProtocolClient.java:onNext(255)) - client-0C76110B8A2B->ed5d81fa-aaf0-49db-aa57-acca1dd387bd: receive RaftClientReply:client-0C76110B8A2B->ed5d81fa-aaf0-49db-aa57-acca1dd387bd@group-729F0664FEA8, cid=2960, SUCCESS, logIndex=4193, commits[ed5d81fa-aaf0-49db-aa57-acca1dd387bd:c4194]
2019-09-10 22:12:17,793 [SCMBlockDeletingService#0] DEBUG block.SCMBlockDeletingService (SCMBlockDeletingService.java:call(138)) - Running DeletedBlockTransactionScanner
2019-09-10 22:12:17,793 [SCMBlockDeletingService#0] DEBUG block.SCMBlockDeletingService (SCMBlockDeletingService.java:call(155)) - Scanned deleted blocks log and got 0 delTX to process.
2019-09-10 22:12:17,894 [SCMBlockDeletingService#0] DEBUG block.SCMBlockDeletingService (SCMBlockDeletingService.java:call(138)) - Running DeletedBlockTransactionScanner
2019-09-10 22:12:17,894 [SCMBlockDeletingService#0] DEBUG block.SCMBlockDeletingService (SCMBlockDeletingService.java:call(155)) - Scanned deleted blocks log and got 0 delTX to process.
2019-09-10 22:12:17,994 [SCMBlockDeletingService#0] DEBUG block.SCMBlockDeletingService (SCMBlockDeletingService.java:call(138)) - Running DeletedBlockTransactionScanner
2019-09-10 22:12:17,994 [SCMBlockDeletingService#0] DEBUG block.SCMBlockDeletingService (SCMBlockDeletingService.java:call(155)) - Scanned deleted blocks log and got 0 delTX to process.
2019-09-10 22:12:18,001 [grpc-default-executor-1] INFO  client.GrpcClientProtocolClient (GrpcClientProtocolClient.java:onNext(255)) - client-0C76110B8A2B->ed5d81fa-aaf0-49db-aa57-acca1dd387bd: receive RaftClientReply:client-0C76110B8A2B->ed5d81fa-aaf0-49db-aa57-acca1dd387bd@group-729F0664FEA8, cid=2961, SUCCESS, logIndex=4195, commits[ed5d81fa-aaf0-49db-aa57-acca1dd387bd:c4196]
2019-09-10 22:12:18,002 [grpc-default-executor-1] INFO  client.GrpcClientProtocolClient (GrpcClientProtocolClient.java:onNext(255)) - client-0C76110B8A2B->ed5d81fa-aaf0-49db-aa57-acca1dd387bd: receive RaftClientReply:client-0C76110B8A2B->ed5d81fa-aaf0-49db-aa57-acca1dd387bd@group-729F0664FEA8, cid=2962, SUCCESS, logIndex=4196, commits[ed5d81fa-aaf0-49db-aa57-acca1dd387bd:c4196]
2019-09-10 22:12:18,003 [grpc-default-executor-1] INFO  client.GrpcClientProtocolClient (GrpcClientProtocolClient.java:onNext(255)) - client-0C76110B8A2B->ed5d81fa-aaf0-49db-aa57-acca1dd387bd: receive RaftClientReply:client-0C76110B8A2B->ed5d81fa-aaf0-49db-aa57-acca1dd387bd@group-729F0664FEA8, cid=2963, SUCCESS, logIndex=4197, commits[ed5d81fa-aaf0-49db-aa57-acca1dd387bd:c4198]
2019-09-10 22:12:18,004 [grpc-default-executor-1] INFO  client.GrpcClientProtocolClient (GrpcClientProtocolClient.java:onNext(255)) - client-0C76110B8A2B->ed5d81fa-aaf0-49db-aa57-acca1dd387bd: receive RaftClientReply:client-0C76110B8A2B->ed5d81fa-aaf0-49db-aa57-acca1dd387bd@group-729F0664FEA8, cid=2964, SUCCESS, logIndex=4198, commits[ed5d81fa-aaf0-49db-aa57-acca1dd387bd:c4198]
2019-09-10 22:12:18,015 [grpc-default-executor-0] INFO  client.GrpcClientProtocolClient (GrpcClientProtocolClient.java:onNext(255)) - client-0C76110B8A2B->ed5d81fa-aaf0-49db-aa57-acca1dd387bd: receive RaftClientReply:client-0C76110B8A2B->ed5d81fa-aaf0-49db-aa57-acca1dd387bd@group-729F0664FEA8, cid=2965, SUCCESS, logIndex=4201, commits[ed5d81fa-aaf0-49db-aa57-acca1dd387bd:c4204]
2019-09-10 22:12:18,015 [grpc-default-executor-0] INFO  client.GrpcClientProtocolClient (GrpcClientProtocolClient.java:onNext(255)) - client-0C76110B8A2B->ed5d81fa-aaf0-49db-aa57-acca1dd387bd: receive RaftClientReply:client-0C76110B8A2B->ed5d81fa-aaf0-49db-aa57-acca1dd387bd@group-729F0664FEA8, cid=2966, SUCCESS, logIndex=4202, commits[ed5d81fa-aaf0-49db-aa57-acca1dd387bd:c4205]
2019-09-10 22:12:18,016 [grpc-default-executor-0] INFO  client.GrpcClientProtocolClient (GrpcClientProtocolClient.java:onNext(255)) - client-0C76110B8A2B->ed5d81fa-aaf0-49db-aa57-acca1dd387bd: receive RaftClientReply:client-0C76110B8A2B->ed5d81fa-aaf0-49db-aa57-acca1dd387bd@group-729F0664FEA8, cid=2967, SUCCESS, logIndex=4203, commits[ed5d81fa-aaf0-49db-aa57-acca1dd387bd:c4205]
2019-09-10 22:12:18,016 [grpc-default-executor-0] INFO  client.GrpcClientProtocolClient (GrpcClientProtocolClient.java:onNext(255)) - client-0C76110B8A2B->ed5d81fa-aaf0-49db-aa57-acca1dd387bd: receive RaftClientReply:client-0C76110B8A2B->ed5d81fa-aaf0-49db-aa57-acca1dd387bd@group-729F0664FEA8, cid=2968, SUCCESS, logIndex=4204, commits[ed5d81fa-aaf0-49db-aa57-acca1dd387bd:c4205]
2019-09-10 22:12:18,044 [grpc-default-executor-0] INFO  client.GrpcClientProtocolClient (GrpcClientProtocolClient.java:onNext(255)) - client-0C76110B8A2B->ed5d81fa-aaf0-49db-aa57-acca1dd387bd: receive RaftClientReply:client-0C76110B8A2B->ed5d81fa-aaf0-49db-aa57-acca1dd387bd@group-729F0664FEA8, cid=2969, SUCCESS, logIndex=4206, commits[ed5d81fa-aaf0-49db-aa57-acca1dd387bd:c4209]
2019-09-10 22:12:18,045 [grpc-default-executor-0] INFO  client.GrpcClientProtocolClient (GrpcClientProtocolClient.java:onNext(255)) - client-0C76110B8A2B->ed5d81fa-aaf0-49db-aa57-acca1dd387bd: receive RaftClientReply:client-0C76110B8A2B->ed5d81fa-aaf0-49db-aa57-acca1dd387bd@group-729F0664FEA8, cid=2970, SUCCESS, logIndex=4207, commits[ed5d81fa-aaf0-49db-aa57-acca1dd387bd:c4210]
2019-09-10 22:12:18,045 [grpc-default-executor-0] INFO  client.GrpcClientProtocolClient (GrpcClientProtocolClient.java:onNext(255)) - client-0C76110B8A2B->ed5d81fa-aaf0-49db-aa57-acca1dd387bd: receive RaftClientReply:client-0C76110B8A2B->ed5d81fa-aaf0-49db-aa57-acca1dd387bd@group-729F0664FEA8, cid=2971, SUCCESS, logIndex=4208, commits[ed5d81fa-aaf0-49db-aa57-acca1dd387bd:c4210]
2019-09-10 22:12:18,046 [grpc-default-executor-0] INFO  client.GrpcClientProtocolClient (GrpcClientProtocolClient.java:onNext(255)) - client-0C76110B8A2B->ed5d81fa-aaf0-49db-aa57-acca1dd387bd: receive RaftClientReply:client-0C76110B8A2B->ed5d81fa-aaf0-49db-aa57-acca1dd387bd@group-729F0664FEA8, cid=2972, SUCCESS, logIndex=4209, commits[ed5d81fa-aaf0-49db-aa57-acca1dd387bd:c4210]
2019-09-10 22:12:18,065 [grpc-default-executor-0] INFO  client.GrpcClientProtocolClient (GrpcClientProtocolClient.java:onNext(255)) - client-0C76110B8A2B->ed5d81fa-aaf0-49db-aa57-acca1dd387bd: receive RaftClientReply:client-0C76110B8A2B->ed5d81fa-aaf0-49db-aa57-acca1dd387bd@group-729F0664FEA8, cid=2973, SUCCESS, logIndex=4211, commits[ed5d81fa-aaf0-49db-aa57-acca1dd387bd:c4214]
2019-09-10 22:12:18,065 [grpc-default-executor-0] INFO  client.GrpcClientProtocolClient (GrpcClientProtocolClient.java:onNext(255)) - client-0C76110B8A2B->ed5d81fa-aaf0-49db-aa57-acca1dd387bd: receive RaftClientReply:client-0C76110B8A2B->ed5d81fa-aaf0-49db-aa57-acca1dd387bd@group-729F0664FEA8, cid=2974, SUCCESS, logIndex=4212, commits[ed5d81fa-aaf0-49db-aa57-acca1dd387bd:c4214]
2019-09-10 22:12:18,066 [grpc-default-executor-0] INFO  client.GrpcClientProtocolClient (GrpcClientProtocolClient.java:onNext(255)) - client-0C76110B8A2B->ed5d81fa-aaf0-49db-aa57-acca1dd387bd: receive RaftClientReply:client-0C76110B8A2B->ed5d81fa-aaf0-49db-aa57-acca1dd387bd@group-729F0664FEA8, cid=2975, SUCCESS, logIndex=4213, commits[ed5d81fa-aaf0-49db-aa57-acca1dd387bd:c4214]
2019-09-10 22:12:18,066 [grpc-default-executor-0] INFO  client.GrpcClientProtocolClient (GrpcClientProtocolClient.java:onNext(255)) - client-0C76110B8A2B->ed5d81fa-aaf0-49db-aa57-acca1dd387bd: receive RaftClientReply:client-0C76110B8A2B->ed5d81fa-aaf0-49db-aa57-acca1dd387bd@group-729F0664FEA8, cid=2976, SUCCESS, logIndex=4214, commits[ed5d81fa-aaf0-49db-aa57-acca1dd387bd:c4214]
2019-09-10 22:12:18,093 [grpc-default-executor-1] INFO  client.GrpcClientProtocolClient (GrpcClientProtocolClient.java:onNext(255)) - client-0C76110B8A2B->ed5d81fa-aaf0-49db-aa57-acca1dd387bd: receive RaftClientReply:client-0C76110B8A2B->ed5d81fa-aaf0-49db-aa57-acca1dd387bd@group-729F0664FEA8, cid=2977, SUCCESS, logIndex=4216, commits[ed5d81fa-aaf0-49db-aa57-acca1dd387bd:c4219]
2019-09-10 22:12:18,093 [grpc-default-executor-1] INFO  client.GrpcClientProtocolClient (GrpcClientProtocolClient.java:onNext(255)) - client-0C76110B8A2B->ed5d81fa-aaf0-49db-aa57-acca1dd387bd: receive RaftClientReply:client-0C76110B8A2B->ed5d81fa-aaf0-49db-aa57-acca1dd387bd@group-729F0664FEA8, cid=2978, SUCCESS, logIndex=4217, commits[ed5d81fa-aaf0-49db-aa57-acca1dd387bd:c4220]
2019-09-10 22:12:18,094 [grpc-default-executor-1] INFO  client.GrpcClientProtocolClient (GrpcClientProtocolClient.java:onNext(255)) - client-0C76110B8A2B->ed5d81fa-aaf0-49db-aa57-acca1dd387bd: receive RaftClientReply:client-0C76110B8A2B->ed5d81fa-aaf0-49db-aa57-acca1dd387bd@group-729F0664FEA8, cid=2979, SUCCESS, logIndex=4218, commits[ed5d81fa-aaf0-49db-aa57-acca1dd387bd:c4220]
2019-09-10 22:12:18,094 [grpc-default-executor-1] INFO  client.GrpcClientProtocolClient (GrpcClientProtocolClient.java:onNext(255)) - client-0C76110B8A2B->ed5d81fa-aaf0-49db-aa57-acca1dd387bd: receive RaftClientReply:client-0C76110B8A2B->ed5d81fa-aaf0-49db-aa57-acca1dd387bd@group-729F0664FEA8, cid=2980, SUCCESS, logIndex=4219, commits[ed5d81fa-aaf0-49db-aa57-acca1dd387bd:c4220]
2019-09-10 22:12:18,095 [SCMBlockDeletingService#0] DEBUG block.SCMBlockDeletingService (SCMBlockDeletingService.java:call(138)) - Running DeletedBlockTransactionScanner
2019-09-10 22:12:18,095 [SCMBlockDeletingService#0] DEBUG block.SCMBlockDeletingService (SCMBlockDeletingService.java:call(155)) - Scanned deleted blocks log and got 0 delTX to process.
2019-09-10 22:12:18,114 [grpc-default-executor-0] INFO  client.GrpcClientProtocolClient (GrpcClientProtocolClient.java:onNext(255)) - client-0C76110B8A2B->ed5d81fa-aaf0-49db-aa57-acca1dd387bd: receive RaftClientReply:client-0C76110B8A2B->ed5d81fa-aaf0-49db-aa57-acca1dd387bd@group-729F0664FEA8, cid=2981, SUCCESS, logIndex=4221, commits[ed5d81fa-aaf0-49db-aa57-acca1dd387bd:c4224]
2019-09-10 22:12:18,114 [grpc-default-executor-0] INFO  client.GrpcClientProtocolClient (GrpcClientProtocolClient.java:onNext(255)) - client-0C76110B8A2B->ed5d81fa-aaf0-49db-aa57-acca1dd387bd: receive RaftClientReply:client-0C76110B8A2B->ed5d81fa-aaf0-49db-aa57-acca1dd387bd@group-729F0664FEA8, cid=2982, SUCCESS, logIndex=4222, commits[ed5d81fa-aaf0-49db-aa57-acca1dd387bd:c4225]
2019-09-10 22:12:18,115 [grpc-default-executor-0] INFO  client.GrpcClientProtocolClient (GrpcClientProtocolClient.java:onNext(255)) - client-0C76110B8A2B->ed5d81fa-aaf0-49db-aa57-acca1dd387bd: receive RaftClientReply:client-0C76110B8A2B->ed5d81fa-aaf0-49db-aa57-acca1dd387bd@group-729F0664FEA8, cid=2983, SUCCESS, logIndex=4223, commits[ed5d81fa-aaf0-49db-aa57-acca1dd387bd:c4225]
2019-09-10 22:12:18,115 [grpc-default-executor-0] INFO  client.GrpcClientProtocolClient (GrpcClientProtocolClient.java:onNext(255)) - client-0C76110B8A2B->ed5d81fa-aaf0-49db-aa57-acca1dd387bd: receive RaftClientReply:client-0C76110B8A2B->ed5d81fa-aaf0-49db-aa57-acca1dd387bd@group-729F0664FEA8, cid=2984, SUCCESS, logIndex=4224, commits[ed5d81fa-aaf0-49db-aa57-acca1dd387bd:c4225]
2019-09-10 22:12:18,144 [grpc-default-executor-0] INFO  client.GrpcClientProtocolClient (GrpcClientProtocolClient.java:onNext(255)) - client-0C76110B8A2B->ed5d81fa-aaf0-49db-aa57-acca1dd387bd: receive RaftClientReply:client-0C76110B8A2B->ed5d81fa-aaf0-49db-aa57-acca1dd387bd@group-729F0664FEA8, cid=2985, SUCCESS, logIndex=4226, commits[ed5d81fa-aaf0-49db-aa57-acca1dd387bd:c4229]
2019-09-10 22:12:18,144 [grpc-default-executor-0] INFO  client.GrpcClientProtocolClient (GrpcClientProtocolClient.java:onNext(255)) - client-0C76110B8A2B->ed5d81fa-aaf0-49db-aa57-acca1dd387bd: receive RaftClientReply:client-0C76110B8A2B->ed5d81fa-aaf0-49db-aa57-acca1dd387bd@group-729F0664FEA8, cid=2986, SUCCESS, logIndex=4227, commits[ed5d81fa-aaf0-49db-aa57-acca1dd387bd:c4230]
2019-09-10 22:12:18,145 [grpc-default-executor-0] INFO  client.GrpcClientProtocolClient (GrpcClientProtocolClient.java:onNext(255)) - client-0C76110B8A2B->ed5d81fa-aaf0-49db-aa57-acca1dd387bd: receive RaftClientReply:client-0C76110B8A2B->ed5d81fa-aaf0-49db-aa57-acca1dd387bd@group-729F0664FEA8, cid=2987, SUCCESS, logIndex=4228, commits[ed5d81fa-aaf0-49db-aa57-acca1dd387bd:c4230]
2019-09-10 22:12:18,145 [grpc-default-executor-0] INFO  client.GrpcClientProtocolClient (GrpcClientProtocolClient.java:onNext(255)) - client-0C76110B8A2B->ed5d81fa-aaf0-49db-aa57-acca1dd387bd: receive RaftClientReply:client-0C76110B8A2B->ed5d81fa-aaf0-49db-aa57-acca1dd387bd@group-729F0664FEA8, cid=2988, SUCCESS, logIndex=4229, commits[ed5d81fa-aaf0-49db-aa57-acca1dd387bd:c4230]
2019-09-10 22:12:18,163 [grpc-default-executor-1] INFO  client.GrpcClientProtocolClient (GrpcClientProtocolClient.java:onNext(255)) - client-0C76110B8A2B->ed5d81fa-aaf0-49db-aa57-acca1dd387bd: receive RaftClientReply:client-0C76110B8A2B->ed5d81fa-aaf0-49db-aa57-acca1dd387bd@group-729F0664FEA8, cid=2989, SUCCESS, logIndex=4231, commits[ed5d81fa-aaf0-49db-aa57-acca1dd387bd:c4232]
2019-09-10 22:12:18,163 [grpc-default-executor-1] INFO  client.GrpcClientProtocolClient (GrpcClientProtocolClient.java:onNext(255)) - client-0C76110B8A2B->ed5d81fa-aaf0-49db-aa57-acca1dd387bd: receive RaftClientReply:client-0C76110B8A2B->ed5d81fa-aaf0-49db-aa57-acca1dd387bd@group-729F0664FEA8, cid=2990, SUCCESS, logIndex=4232, commits[ed5d81fa-aaf0-49db-aa57-acca1dd387bd:c4232]
2019-09-10 22:12:18,176 [grpc-default-executor-1] INFO  client.GrpcClientProtocolClient (GrpcClientProtocolClient.java:onNext(255)) - client-0C76110B8A2B->ed5d81fa-aaf0-49db-aa57-acca1dd387bd: receive RaftClientReply:client-0C76110B8A2B->ed5d81fa-aaf0-49db-aa57-acca1dd387bd@group-729F0664FEA8, cid=2991, SUCCESS, logIndex=4233, commits[ed5d81fa-aaf0-49db-aa57-acca1dd387bd:c4234]
2019-09-10 22:12:18,177 [grpc-default-executor-1] INFO  client.GrpcClientProtocolClient (GrpcClientProtocolClient.java:onNext(255)) - client-0C76110B8A2B->ed5d81fa-aaf0-49db-aa57-acca1dd387bd: receive RaftClientReply:client-0C76110B8A2B->ed5d81fa-aaf0-49db-aa57-acca1dd387bd@group-729F0664FEA8, cid=2992, SUCCESS, logIndex=4234, commits[ed5d81fa-aaf0-49db-aa57-acca1dd387bd:c4234]
2019-09-10 22:12:18,195 [grpc-default-executor-1] INFO  client.GrpcClientProtocolClient (GrpcClientProtocolClient.java:onNext(255)) - client-0C76110B8A2B->ed5d81fa-aaf0-49db-aa57-acca1dd387bd: receive RaftClientReply:client-0C76110B8A2B->ed5d81fa-aaf0-49db-aa57-acca1dd387bd@group-729F0664FEA8, cid=2993, SUCCESS, logIndex=4237, commits[ed5d81fa-aaf0-49db-aa57-acca1dd387bd:c4240]
2019-09-10 22:12:18,195 [SCMBlockDeletingService#0] DEBUG block.SCMBlockDeletingService (SCMBlockDeletingService.java:call(138)) - Running DeletedBlockTransactionScanner
2019-09-10 22:12:18,195 [grpc-default-executor-1] INFO  client.GrpcClientProtocolClient (GrpcClientProtocolClient.java:onNext(255)) - client-0C76110B8A2B->ed5d81fa-aaf0-49db-aa57-acca1dd387bd: receive RaftClientReply:client-0C76110B8A2B->ed5d81fa-aaf0-49db-aa57-acca1dd387bd@group-729F0664FEA8, cid=2994, SUCCESS, logIndex=4238, commits[ed5d81fa-aaf0-49db-aa57-acca1dd387bd:c4240]
2019-09-10 22:12:18,195 [SCMBlockDeletingService#0] DEBUG block.SCMBlockDeletingService (SCMBlockDeletingService.java:call(155)) - Scanned deleted blocks log and got 0 delTX to process.
2019-09-10 22:12:18,196 [grpc-default-executor-1] INFO  client.GrpcClientProtocolClient (GrpcClientProtocolClient.java:onNext(255)) - client-0C76110B8A2B->ed5d81fa-aaf0-49db-aa57-acca1dd387bd: receive RaftClientReply:client-0C76110B8A2B->ed5d81fa-aaf0-49db-aa57-acca1dd387bd@group-729F0664FEA8, cid=2995, SUCCESS, logIndex=4239, commits[ed5d81fa-aaf0-49db-aa57-acca1dd387bd:c4240]
2019-09-10 22:12:18,196 [grpc-default-executor-1] INFO  client.GrpcClientProtocolClient (GrpcClientProtocolClient.java:onNext(255)) - client-0C76110B8A2B->ed5d81fa-aaf0-49db-aa57-acca1dd387bd: receive RaftClientReply:client-0C76110B8A2B->ed5d81fa-aaf0-49db-aa57-acca1dd387bd@group-729F0664FEA8, cid=2996, SUCCESS, logIndex=4240, commits[ed5d81fa-aaf0-49db-aa57-acca1dd387bd:c4240]
2019-09-10 22:12:18,203 [grpc-default-executor-0] INFO  client.GrpcClientProtocolClient (GrpcClientProtocolClient.java:onNext(255)) - client-0C76110B8A2B->ed5d81fa-aaf0-49db-aa57-acca1dd387bd: receive RaftClientReply:client-0C76110B8A2B->ed5d81fa-aaf0-49db-aa57-acca1dd387bd@group-729F0664FEA8, cid=2997, SUCCESS, logIndex=4242, commits[ed5d81fa-aaf0-49db-aa57-acca1dd387bd:c4243]
2019-09-10 22:12:18,203 [grpc-default-executor-0] INFO  client.GrpcClientProtocolClient (GrpcClientProtocolClient.java:onNext(255)) - client-0C76110B8A2B->ed5d81fa-aaf0-49db-aa57-acca1dd387bd: receive RaftClientReply:client-0C76110B8A2B->ed5d81fa-aaf0-49db-aa57-acca1dd387bd@group-729F0664FEA8, cid=2998, SUCCESS, logIndex=4243, commits[ed5d81fa-aaf0-49db-aa57-acca1dd387bd:c4243]
2019-09-10 22:12:18,214 [grpc-default-executor-0] INFO  client.GrpcClientProtocolClient (GrpcClientProtocolClient.java:onNext(255)) - client-0C76110B8A2B->ed5d81fa-aaf0-49db-aa57-acca1dd387bd: receive RaftClientReply:client-0C76110B8A2B->ed5d81fa-aaf0-49db-aa57-acca1dd387bd@group-729F0664FEA8, cid=2999, SUCCESS, logIndex=4244, commits[ed5d81fa-aaf0-49db-aa57-acca1dd387bd:c4246]
2019-09-10 22:12:18,214 [grpc-default-executor-0] INFO  client.GrpcClientProtocolClient (GrpcClientProtocolClient.java:onNext(255)) - client-0C76110B8A2B->ed5d81fa-aaf0-49db-aa57-acca1dd387bd: receive RaftClientReply:client-0C76110B8A2B->ed5d81fa-aaf0-49db-aa57-acca1dd387bd@group-729F0664FEA8, cid=3000, SUCCESS, logIndex=4245, commits[ed5d81fa-aaf0-49db-aa57-acca1dd387bd:c4246]
2019-09-10 22:12:18,239 [grpc-default-executor-0] INFO  client.GrpcClientProtocolClient (GrpcClientProtocolClient.java:onNext(255)) - client-0C76110B8A2B->ed5d81fa-aaf0-49db-aa57-acca1dd387bd: receive RaftClientReply:client-0C76110B8A2B->ed5d81fa-aaf0-49db-aa57-acca1dd387bd@group-729F0664FEA8, cid=3001, SUCCESS, logIndex=4247, commits[ed5d81fa-aaf0-49db-aa57-acca1dd387bd:c4248]
2019-09-10 22:12:18,239 [grpc-default-executor-0] INFO  client.GrpcClientProtocolClient (GrpcClientProtocolClient.java:onNext(255)) - client-0C76110B8A2B->ed5d81fa-aaf0-49db-aa57-acca1dd387bd: receive RaftClientReply:client-0C76110B8A2B->ed5d81fa-aaf0-49db-aa57-acca1dd387bd@group-729F0664FEA8, cid=3002, SUCCESS, logIndex=4248, commits[ed5d81fa-aaf0-49db-aa57-acca1dd387bd:c4248]
2019-09-10 22:12:18,240 [grpc-default-executor-0] INFO  client.GrpcClientProtocolClient (GrpcClientProtocolClient.java:onNext(255)) - client-0C76110B8A2B->ed5d81fa-aaf0-49db-aa57-acca1dd387bd: receive RaftClientReply:client-0C76110B8A2B->ed5d81fa-aaf0-49db-aa57-acca1dd387bd@group-729F0664FEA8, cid=3003, SUCCESS, logIndex=4249, commits[ed5d81fa-aaf0-49db-aa57-acca1dd387bd:c4250]
2019-09-10 22:12:18,241 [grpc-default-executor-0] INFO  client.GrpcClientProtocolClient (GrpcClientProtocolClient.java:onNext(255)) - client-0C76110B8A2B->ed5d81fa-aaf0-49db-aa57-acca1dd387bd: receive RaftClientReply:client-0C76110B8A2B->ed5d81fa-aaf0-49db-aa57-acca1dd387bd@group-729F0664FEA8, cid=3004, SUCCESS, logIndex=4250, commits[ed5d81fa-aaf0-49db-aa57-acca1dd387bd:c4250]
2019-09-10 22:12:18,296 [SCMBlockDeletingService#0] DEBUG block.SCMBlockDeletingService (SCMBlockDeletingService.java:call(138)) - Running DeletedBlockTransactionScanner
2019-09-10 22:12:18,296 [SCMBlockDeletingService#0] DEBUG block.SCMBlockDeletingService (SCMBlockDeletingService.java:call(155)) - Scanned deleted blocks log and got 0 delTX to process.
2019-09-10 22:12:18,346 [grpc-default-executor-0] INFO  client.GrpcClientProtocolClient (GrpcClientProtocolClient.java:onNext(255)) - client-0C76110B8A2B->ed5d81fa-aaf0-49db-aa57-acca1dd387bd: receive RaftClientReply:client-0C76110B8A2B->ed5d81fa-aaf0-49db-aa57-acca1dd387bd@group-729F0664FEA8, cid=3005, SUCCESS, logIndex=4253, commits[ed5d81fa-aaf0-49db-aa57-acca1dd387bd:c4256]
2019-09-10 22:12:18,347 [grpc-default-executor-0] INFO  client.GrpcClientProtocolClient (GrpcClientProtocolClient.java:onNext(255)) - client-0C76110B8A2B->ed5d81fa-aaf0-49db-aa57-acca1dd387bd: receive RaftClientReply:client-0C76110B8A2B->ed5d81fa-aaf0-49db-aa57-acca1dd387bd@group-729F0664FEA8, cid=3006, SUCCESS, logIndex=4254, commits[ed5d81fa-aaf0-49db-aa57-acca1dd387bd:c4257]
2019-09-10 22:12:18,347 [grpc-default-executor-0] INFO  client.GrpcClientProtocolClient (GrpcClientProtocolClient.java:onNext(255)) - client-0C76110B8A2B->ed5d81fa-aaf0-49db-aa57-acca1dd387bd: receive RaftClientReply:client-0C76110B8A2B->ed5d81fa-aaf0-49db-aa57-acca1dd387bd@group-729F0664FEA8, cid=3007, SUCCESS, logIndex=4255, commits[ed5d81fa-aaf0-49db-aa57-acca1dd387bd:c4257]
2019-09-10 22:12:18,348 [grpc-default-executor-0] INFO  client.GrpcClientProtocolClient (GrpcClientProtocolClient.java:onNext(255)) - client-0C76110B8A2B->ed5d81fa-aaf0-49db-aa57-acca1dd387bd: receive RaftClientReply:client-0C76110B8A2B->ed5d81fa-aaf0-49db-aa57-acca1dd387bd@group-729F0664FEA8, cid=3008, SUCCESS, logIndex=4256, commits[ed5d81fa-aaf0-49db-aa57-acca1dd387bd:c4257]
2019-09-10 22:12:18,376 [grpc-default-executor-0] INFO  client.GrpcClientProtocolClient (GrpcClientProtocolClient.java:onNext(255)) - client-0C76110B8A2B->ed5d81fa-aaf0-49db-aa57-acca1dd387bd: receive RaftClientReply:client-0C76110B8A2B->ed5d81fa-aaf0-49db-aa57-acca1dd387bd@group-729F0664FEA8, cid=3009, SUCCESS, logIndex=4258, commits[ed5d81fa-aaf0-49db-aa57-acca1dd387bd:c4259]
2019-09-10 22:12:18,377 [grpc-default-executor-0] INFO  client.GrpcClientProtocolClient (GrpcClientProtocolClient.java:onNext(255)) - client-0C76110B8A2B->ed5d81fa-aaf0-49db-aa57-acca1dd387bd: receive RaftClientReply:client-0C76110B8A2B->ed5d81fa-aaf0-49db-aa57-acca1dd387bd@group-729F0664FEA8, cid=3010, SUCCESS, logIndex=4259, commits[ed5d81fa-aaf0-49db-aa57-acca1dd387bd:c4259]
2019-09-10 22:12:18,378 [grpc-default-executor-0] INFO  client.GrpcClientProtocolClient (GrpcClientProtocolClient.java:onNext(255)) - client-0C76110B8A2B->ed5d81fa-aaf0-49db-aa57-acca1dd387bd: receive RaftClientReply:client-0C76110B8A2B->ed5d81fa-aaf0-49db-aa57-acca1dd387bd@group-729F0664FEA8, cid=3011, SUCCESS, logIndex=4260, commits[ed5d81fa-aaf0-49db-aa57-acca1dd387bd:c4261]
2019-09-10 22:12:18,378 [grpc-default-executor-0] INFO  client.GrpcClientProtocolClient (GrpcClientProtocolClient.java:onNext(255)) - client-0C76110B8A2B->ed5d81fa-aaf0-49db-aa57-acca1dd387bd: receive RaftClientReply:client-0C76110B8A2B->ed5d81fa-aaf0-49db-aa57-acca1dd387bd@group-729F0664FEA8, cid=3012, SUCCESS, logIndex=4261, commits[ed5d81fa-aaf0-49db-aa57-acca1dd387bd:c4261]
2019-09-10 22:12:18,397 [SCMBlockDeletingService#0] DEBUG block.SCMBlockDeletingService (SCMBlockDeletingService.java:call(138)) - Running DeletedBlockTransactionScanner
2019-09-10 22:12:18,397 [SCMBlockDeletingService#0] DEBUG block.SCMBlockDeletingService (SCMBlockDeletingService.java:call(155)) - Scanned deleted blocks log and got 0 delTX to process.
2019-09-10 22:12:18,398 [grpc-default-executor-0] INFO  client.GrpcClientProtocolClient (GrpcClientProtocolClient.java:onNext(255)) - client-0C76110B8A2B->ed5d81fa-aaf0-49db-aa57-acca1dd387bd: receive RaftClientReply:client-0C76110B8A2B->ed5d81fa-aaf0-49db-aa57-acca1dd387bd@group-729F0664FEA8, cid=3013, SUCCESS, logIndex=4264, commits[ed5d81fa-aaf0-49db-aa57-acca1dd387bd:c4267]
2019-09-10 22:12:18,398 [grpc-default-executor-0] INFO  client.GrpcClientProtocolClient (GrpcClientProtocolClient.java:onNext(255)) - client-0C76110B8A2B->ed5d81fa-aaf0-49db-aa57-acca1dd387bd: receive RaftClientReply:client-0C76110B8A2B->ed5d81fa-aaf0-49db-aa57-acca1dd387bd@group-729F0664FEA8, cid=3014, SUCCESS, logIndex=4265, commits[ed5d81fa-aaf0-49db-aa57-acca1dd387bd:c4267]
2019-09-10 22:12:18,398 [grpc-default-executor-0] INFO  client.GrpcClientProtocolClient (GrpcClientProtocolClient.java:onNext(255)) - client-0C76110B8A2B->ed5d81fa-aaf0-49db-aa57-acca1dd387bd: receive RaftClientReply:client-0C76110B8A2B->ed5d81fa-aaf0-49db-aa57-acca1dd387bd@group-729F0664FEA8, cid=3015, SUCCESS, logIndex=4266, commits[ed5d81fa-aaf0-49db-aa57-acca1dd387bd:c4267]
2019-09-10 22:12:18,399 [grpc-default-executor-0] INFO  client.GrpcClientProtocolClient (GrpcClientProtocolClient.java:onNext(255)) - client-0C76110B8A2B->ed5d81fa-aaf0-49db-aa57-acca1dd387bd: receive RaftClientReply:client-0C76110B8A2B->ed5d81fa-aaf0-49db-aa57-acca1dd387bd@group-729F0664FEA8, cid=3016, SUCCESS, logIndex=4267, commits[ed5d81fa-aaf0-49db-aa57-acca1dd387bd:c4267]
2019-09-10 22:12:18,427 [grpc-default-executor-0] INFO  client.GrpcClientProtocolClient (GrpcClientProtocolClient.java:onNext(255)) - client-0C76110B8A2B->ed5d81fa-aaf0-49db-aa57-acca1dd387bd: receive RaftClientReply:client-0C76110B8A2B->ed5d81fa-aaf0-49db-aa57-acca1dd387bd@group-729F0664FEA8, cid=3017, SUCCESS, logIndex=4269, commits[ed5d81fa-aaf0-49db-aa57-acca1dd387bd:c4270]
2019-09-10 22:12:18,427 [grpc-default-executor-0] INFO  client.GrpcClientProtocolClient (GrpcClientProtocolClient.java:onNext(255)) - client-0C76110B8A2B->ed5d81fa-aaf0-49db-aa57-acca1dd387bd: receive RaftClientReply:client-0C76110B8A2B->ed5d81fa-aaf0-49db-aa57-acca1dd387bd@group-729F0664FEA8, cid=3018, SUCCESS, logIndex=4270, commits[ed5d81fa-aaf0-49db-aa57-acca1dd387bd:c4272]
2019-09-10 22:12:18,428 [grpc-default-executor-0] INFO  client.GrpcClientProtocolClient (GrpcClientProtocolClient.java:onNext(255)) - client-0C76110B8A2B->ed5d81fa-aaf0-49db-aa57-acca1dd387bd: receive RaftClientReply:client-0C76110B8A2B->ed5d81fa-aaf0-49db-aa57-acca1dd387bd@group-729F0664FEA8, cid=3019, SUCCESS, logIndex=4271, commits[ed5d81fa-aaf0-49db-aa57-acca1dd387bd:c4273]
2019-09-10 22:12:18,428 [grpc-default-executor-0] INFO  client.GrpcClientProtocolClient (GrpcClientProtocolClient.java:onNext(255)) - client-0C76110B8A2B->ed5d81fa-aaf0-49db-aa57-acca1dd387bd: receive RaftClientReply:client-0C76110B8A2B->ed5d81fa-aaf0-49db-aa57-acca1dd387bd@group-729F0664FEA8, cid=3020, SUCCESS, logIndex=4272, commits[ed5d81fa-aaf0-49db-aa57-acca1dd387bd:c4273]
2019-09-10 22:12:18,447 [grpc-default-executor-1] INFO  client.GrpcClientProtocolClient (GrpcClientProtocolClient.java:onNext(255)) - client-0C76110B8A2B->ed5d81fa-aaf0-49db-aa57-acca1dd387bd: receive RaftClientReply:client-0C76110B8A2B->ed5d81fa-aaf0-49db-aa57-acca1dd387bd@group-729F0664FEA8, cid=3021, SUCCESS, logIndex=4275, commits[ed5d81fa-aaf0-49db-aa57-acca1dd387bd:c4276]
2019-09-10 22:12:18,447 [grpc-default-executor-1] INFO  client.GrpcClientProtocolClient (GrpcClientProtocolClient.java:onNext(255)) - client-0C76110B8A2B->ed5d81fa-aaf0-49db-aa57-acca1dd387bd: receive RaftClientReply:client-0C76110B8A2B->ed5d81fa-aaf0-49db-aa57-acca1dd387bd@group-729F0664FEA8, cid=3022, SUCCESS, logIndex=4276, commits[ed5d81fa-aaf0-49db-aa57-acca1dd387bd:c4276]
2019-09-10 22:12:18,449 [grpc-default-executor-1] INFO  client.GrpcClientProtocolClient (GrpcClientProtocolClient.java:onNext(255)) - client-0C76110B8A2B->ed5d81fa-aaf0-49db-aa57-acca1dd387bd: receive RaftClientReply:client-0C76110B8A2B->ed5d81fa-aaf0-49db-aa57-acca1dd387bd@group-729F0664FEA8, cid=3023, SUCCESS, logIndex=4277, commits[ed5d81fa-aaf0-49db-aa57-acca1dd387bd:c4278]
2019-09-10 22:12:18,449 [grpc-default-executor-1] INFO  client.GrpcClientProtocolClient (GrpcClientProtocolClient.java:onNext(255)) - client-0C76110B8A2B->ed5d81fa-aaf0-49db-aa57-acca1dd387bd: receive RaftClientReply:client-0C76110B8A2B->ed5d81fa-aaf0-49db-aa57-acca1dd387bd@group-729F0664FEA8, cid=3024, SUCCESS, logIndex=4278, commits[ed5d81fa-aaf0-49db-aa57-acca1dd387bd:c4278]
2019-09-10 22:12:18,477 [grpc-default-executor-1] INFO  client.GrpcClientProtocolClient (GrpcClientProtocolClient.java:onNext(255)) - client-0C76110B8A2B->ed5d81fa-aaf0-49db-aa57-acca1dd387bd: receive RaftClientReply:client-0C76110B8A2B->ed5d81fa-aaf0-49db-aa57-acca1dd387bd@group-729F0664FEA8, cid=3025, SUCCESS, logIndex=4281, commits[ed5d81fa-aaf0-49db-aa57-acca1dd387bd:c4282]
2019-09-10 22:12:18,477 [grpc-default-executor-1] INFO  client.GrpcClientProtocolClient (GrpcClientProtocolClient.java:onNext(255)) - client-0C76110B8A2B->ed5d81fa-aaf0-49db-aa57-acca1dd387bd: receive RaftClientReply:client-0C76110B8A2B->ed5d81fa-aaf0-49db-aa57-acca1dd387bd@group-729F0664FEA8, cid=3026, SUCCESS, logIndex=4282, commits[ed5d81fa-aaf0-49db-aa57-acca1dd387bd:c4284]
2019-09-10 22:12:18,477 [grpc-default-executor-1] INFO  client.GrpcClientProtocolClient (GrpcClientProtocolClient.java:onNext(255)) - client-0C76110B8A2B->ed5d81fa-aaf0-49db-aa57-acca1dd387bd: receive RaftClientReply:client-0C76110B8A2B->ed5d81fa-aaf0-49db-aa57-acca1dd387bd@group-729F0664FEA8, cid=3027, SUCCESS, logIndex=4283, commits[ed5d81fa-aaf0-49db-aa57-acca1dd387bd:c4284]
2019-09-10 22:12:18,478 [grpc-default-executor-1] INFO  client.GrpcClientProtocolClient (GrpcClientProtocolClient.java:onNext(255)) - client-0C76110B8A2B->ed5d81fa-aaf0-49db-aa57-acca1dd387bd: receive RaftClientReply:client-0C76110B8A2B->ed5d81fa-aaf0-49db-aa57-acca1dd387bd@group-729F0664FEA8, cid=3028, SUCCESS, logIndex=4284, commits[ed5d81fa-aaf0-49db-aa57-acca1dd387bd:c4285]
2019-09-10 22:12:18,496 [grpc-default-executor-1] INFO  client.GrpcClientProtocolClient (GrpcClientProtocolClient.java:onNext(255)) - client-0C76110B8A2B->ed5d81fa-aaf0-49db-aa57-acca1dd387bd: receive RaftClientReply:client-0C76110B8A2B->ed5d81fa-aaf0-49db-aa57-acca1dd387bd@group-729F0664FEA8, cid=3029, SUCCESS, logIndex=4287, commits[ed5d81fa-aaf0-49db-aa57-acca1dd387bd:c4288]
2019-09-10 22:12:18,496 [grpc-default-executor-1] INFO  client.GrpcClientProtocolClient (GrpcClientProtocolClient.java:onNext(255)) - client-0C76110B8A2B->ed5d81fa-aaf0-49db-aa57-acca1dd387bd: receive RaftClientReply:client-0C76110B8A2B->ed5d81fa-aaf0-49db-aa57-acca1dd387bd@group-729F0664FEA8, cid=3030, SUCCESS, logIndex=4288, commits[ed5d81fa-aaf0-49db-aa57-acca1dd387bd:c4290]
2019-09-10 22:12:18,497 [grpc-default-executor-1] INFO  client.GrpcClientProtocolClient (GrpcClientProtocolClient.java:onNext(255)) - client-0C76110B8A2B->ed5d81fa-aaf0-49db-aa57-acca1dd387bd: receive RaftClientReply:client-0C76110B8A2B->ed5d81fa-aaf0-49db-aa57-acca1dd387bd@group-729F0664FEA8, cid=3031, SUCCESS, logIndex=4289, commits[ed5d81fa-aaf0-49db-aa57-acca1dd387bd:c4291]
2019-09-10 22:12:18,497 [grpc-default-executor-1] INFO  client.GrpcClientProtocolClient (GrpcClientProtocolClient.java:onNext(255)) - client-0C76110B8A2B->ed5d81fa-aaf0-49db-aa57-acca1dd387bd: receive RaftClientReply:client-0C76110B8A2B->ed5d81fa-aaf0-49db-aa57-acca1dd387bd@group-729F0664FEA8, cid=3032, SUCCESS, logIndex=4290, commits[ed5d81fa-aaf0-49db-aa57-acca1dd387bd:c4291]
2019-09-10 22:12:18,497 [SCMBlockDeletingService#0] DEBUG block.SCMBlockDeletingService (SCMBlockDeletingService.java:call(138)) - Running DeletedBlockTransactionScanner
2019-09-10 22:12:18,497 [SCMBlockDeletingService#0] DEBUG block.SCMBlockDeletingService (SCMBlockDeletingService.java:call(155)) - Scanned deleted blocks log and got 0 delTX to process.
2019-09-10 22:12:18,523 [grpc-default-executor-1] INFO  client.GrpcClientProtocolClient (GrpcClientProtocolClient.java:onNext(255)) - client-0C76110B8A2B->ed5d81fa-aaf0-49db-aa57-acca1dd387bd: receive RaftClientReply:client-0C76110B8A2B->ed5d81fa-aaf0-49db-aa57-acca1dd387bd@group-729F0664FEA8, cid=3033, SUCCESS, logIndex=4293, commits[ed5d81fa-aaf0-49db-aa57-acca1dd387bd:c4294]
2019-09-10 22:12:18,524 [grpc-default-executor-1] INFO  client.GrpcClientProtocolClient (GrpcClientProtocolClient.java:onNext(255)) - client-0C76110B8A2B->ed5d81fa-aaf0-49db-aa57-acca1dd387bd: receive RaftClientReply:client-0C76110B8A2B->ed5d81fa-aaf0-49db-aa57-acca1dd387bd@group-729F0664FEA8, cid=3034, SUCCESS, logIndex=4294, commits[ed5d81fa-aaf0-49db-aa57-acca1dd387bd:c4296]
2019-09-10 22:12:18,524 [grpc-default-executor-1] INFO  client.GrpcClientProtocolClient (GrpcClientProtocolClient.java:onNext(255)) - client-0C76110B8A2B->ed5d81fa-aaf0-49db-aa57-acca1dd387bd: receive RaftClientReply:client-0C76110B8A2B->ed5d81fa-aaf0-49db-aa57-acca1dd387bd@group-729F0664FEA8, cid=3035, SUCCESS, logIndex=4295, commits[ed5d81fa-aaf0-49db-aa57-acca1dd387bd:c4297]
2019-09-10 22:12:18,524 [grpc-default-executor-1] INFO  client.GrpcClientProtocolClient (GrpcClientProtocolClient.java:onNext(255)) - client-0C76110B8A2B->ed5d81fa-aaf0-49db-aa57-acca1dd387bd: receive RaftClientReply:client-0C76110B8A2B->ed5d81fa-aaf0-49db-aa57-acca1dd387bd@group-729F0664FEA8, cid=3036, SUCCESS, logIndex=4296, commits[ed5d81fa-aaf0-49db-aa57-acca1dd387bd:c4297]
2019-09-10 22:12:18,532 [grpc-default-executor-1] INFO  client.GrpcClientProtocolClient (GrpcClientProtocolClient.java:onNext(255)) - client-0C76110B8A2B->ed5d81fa-aaf0-49db-aa57-acca1dd387bd: receive RaftClientReply:client-0C76110B8A2B->ed5d81fa-aaf0-49db-aa57-acca1dd387bd@group-729F0664FEA8, cid=3037, SUCCESS, logIndex=4299, commits[ed5d81fa-aaf0-49db-aa57-acca1dd387bd:c4300]
2019-09-10 22:12:18,532 [grpc-default-executor-1] INFO  client.GrpcClientProtocolClient (GrpcClientProtocolClient.java:onNext(255)) - client-0C76110B8A2B->ed5d81fa-aaf0-49db-aa57-acca1dd387bd: receive RaftClientReply:client-0C76110B8A2B->ed5d81fa-aaf0-49db-aa57-acca1dd387bd@group-729F0664FEA8, cid=3038, SUCCESS, logIndex=4300, commits[ed5d81fa-aaf0-49db-aa57-acca1dd387bd:c4300]
2019-09-10 22:12:18,542 [grpc-default-executor-1] INFO  client.GrpcClientProtocolClient (GrpcClientProtocolClient.java:onNext(255)) - client-0C76110B8A2B->ed5d81fa-aaf0-49db-aa57-acca1dd387bd: receive RaftClientReply:client-0C76110B8A2B->ed5d81fa-aaf0-49db-aa57-acca1dd387bd@group-729F0664FEA8, cid=3039, SUCCESS, logIndex=4301, commits[ed5d81fa-aaf0-49db-aa57-acca1dd387bd:c4303]
2019-09-10 22:12:18,542 [grpc-default-executor-1] INFO  client.GrpcClientProtocolClient (GrpcClientProtocolClient.java:onNext(255)) - client-0C76110B8A2B->ed5d81fa-aaf0-49db-aa57-acca1dd387bd: receive RaftClientReply:client-0C76110B8A2B->ed5d81fa-aaf0-49db-aa57-acca1dd387bd@group-729F0664FEA8, cid=3040, SUCCESS, logIndex=4302, commits[ed5d81fa-aaf0-49db-aa57-acca1dd387bd:c4303]
2019-09-10 22:12:18,568 [grpc-default-executor-1] INFO  client.GrpcClientProtocolClient (GrpcClientProtocolClient.java:onNext(255)) - client-0C76110B8A2B->ed5d81fa-aaf0-49db-aa57-acca1dd387bd: receive RaftClientReply:client-0C76110B8A2B->ed5d81fa-aaf0-49db-aa57-acca1dd387bd@group-729F0664FEA8, cid=3041, SUCCESS, logIndex=4304, commits[ed5d81fa-aaf0-49db-aa57-acca1dd387bd:c4307]
2019-09-10 22:12:18,569 [grpc-default-executor-1] INFO  client.GrpcClientProtocolClient (GrpcClientProtocolClient.java:onNext(255)) - client-0C76110B8A2B->ed5d81fa-aaf0-49db-aa57-acca1dd387bd: receive RaftClientReply:client-0C76110B8A2B->ed5d81fa-aaf0-49db-aa57-acca1dd387bd@group-729F0664FEA8, cid=3042, SUCCESS, logIndex=4305, commits[ed5d81fa-aaf0-49db-aa57-acca1dd387bd:c4308]
2019-09-10 22:12:18,569 [grpc-default-executor-1] INFO  client.GrpcClientProtocolClient (GrpcClientProtocolClient.java:onNext(255)) - client-0C76110B8A2B->ed5d81fa-aaf0-49db-aa57-acca1dd387bd: receive RaftClientReply:client-0C76110B8A2B->ed5d81fa-aaf0-49db-aa57-acca1dd387bd@group-729F0664FEA8, cid=3043, SUCCESS, logIndex=4306, commits[ed5d81fa-aaf0-49db-aa57-acca1dd387bd:c4308]
2019-09-10 22:12:18,569 [grpc-default-executor-1] INFO  client.GrpcClientProtocolClient (GrpcClientProtocolClient.java:onNext(255)) - client-0C76110B8A2B->ed5d81fa-aaf0-49db-aa57-acca1dd387bd: receive RaftClientReply:client-0C76110B8A2B->ed5d81fa-aaf0-49db-aa57-acca1dd387bd@group-729F0664FEA8, cid=3044, SUCCESS, logIndex=4307, commits[ed5d81fa-aaf0-49db-aa57-acca1dd387bd:c4308]
2019-09-10 22:12:18,585 [grpc-default-executor-0] INFO  client.GrpcClientProtocolClient (GrpcClientProtocolClient.java:onNext(255)) - client-0C76110B8A2B->ed5d81fa-aaf0-49db-aa57-acca1dd387bd: receive RaftClientReply:client-0C76110B8A2B->ed5d81fa-aaf0-49db-aa57-acca1dd387bd@group-729F0664FEA8, cid=3045, SUCCESS, logIndex=4309, commits[ed5d81fa-aaf0-49db-aa57-acca1dd387bd:c4310]
2019-09-10 22:12:18,586 [grpc-default-executor-0] INFO  client.GrpcClientProtocolClient (GrpcClientProtocolClient.java:onNext(255)) - client-0C76110B8A2B->ed5d81fa-aaf0-49db-aa57-acca1dd387bd: receive RaftClientReply:client-0C76110B8A2B->ed5d81fa-aaf0-49db-aa57-acca1dd387bd@group-729F0664FEA8, cid=3046, SUCCESS, logIndex=4310, commits[ed5d81fa-aaf0-49db-aa57-acca1dd387bd:c4310]
2019-09-10 22:12:18,586 [grpc-default-executor-0] INFO  client.GrpcClientProtocolClient (GrpcClientProtocolClient.java:onNext(255)) - client-0C76110B8A2B->ed5d81fa-aaf0-49db-aa57-acca1dd387bd: receive RaftClientReply:client-0C76110B8A2B->ed5d81fa-aaf0-49db-aa57-acca1dd387bd@group-729F0664FEA8, cid=3047, SUCCESS, logIndex=4311, commits[ed5d81fa-aaf0-49db-aa57-acca1dd387bd:c4312]
2019-09-10 22:12:18,586 [grpc-default-executor-0] INFO  client.GrpcClientProtocolClient (GrpcClientProtocolClient.java:onNext(255)) - client-0C76110B8A2B->ed5d81fa-aaf0-49db-aa57-acca1dd387bd: receive RaftClientReply:client-0C76110B8A2B->ed5d81fa-aaf0-49db-aa57-acca1dd387bd@group-729F0664FEA8, cid=3048, SUCCESS, logIndex=4312, commits[ed5d81fa-aaf0-49db-aa57-acca1dd387bd:c4313]
2019-09-10 22:12:18,661 [SCMBlockDeletingService#0] DEBUG block.SCMBlockDeletingService (SCMBlockDeletingService.java:call(138)) - Running DeletedBlockTransactionScanner
2019-09-10 22:12:18,662 [SCMBlockDeletingService#0] DEBUG block.SCMBlockDeletingService (SCMBlockDeletingService.java:call(155)) - Scanned deleted blocks log and got 0 delTX to process.
2019-09-10 22:12:18,762 [SCMBlockDeletingService#1] DEBUG block.SCMBlockDeletingService (SCMBlockDeletingService.java:call(138)) - Running DeletedBlockTransactionScanner
2019-09-10 22:12:18,762 [SCMBlockDeletingService#1] DEBUG block.SCMBlockDeletingService (SCMBlockDeletingService.java:call(155)) - Scanned deleted blocks log and got 0 delTX to process.
2019-09-10 22:12:18,802 [grpc-default-executor-1] INFO  client.GrpcClientProtocolClient (GrpcClientProtocolClient.java:onNext(255)) - client-0C76110B8A2B->ed5d81fa-aaf0-49db-aa57-acca1dd387bd: receive RaftClientReply:client-0C76110B8A2B->ed5d81fa-aaf0-49db-aa57-acca1dd387bd@group-729F0664FEA8, cid=3049, SUCCESS, logIndex=4315, commits[ed5d81fa-aaf0-49db-aa57-acca1dd387bd:c4316]
2019-09-10 22:12:18,812 [grpc-default-executor-1] INFO  client.GrpcClientProtocolClient (GrpcClientProtocolClient.java:onNext(255)) - client-0C76110B8A2B->ed5d81fa-aaf0-49db-aa57-acca1dd387bd: receive RaftClientReply:client-0C76110B8A2B->ed5d81fa-aaf0-49db-aa57-acca1dd387bd@group-729F0664FEA8, cid=3050, SUCCESS, logIndex=4316, commits[ed5d81fa-aaf0-49db-aa57-acca1dd387bd:c4316]
2019-09-10 22:12:18,813 [grpc-default-executor-1] INFO  client.GrpcClientProtocolClient (GrpcClientProtocolClient.java:onNext(255)) - client-0C76110B8A2B->ed5d81fa-aaf0-49db-aa57-acca1dd387bd: receive RaftClientReply:client-0C76110B8A2B->ed5d81fa-aaf0-49db-aa57-acca1dd387bd@group-729F0664FEA8, cid=3051, SUCCESS, logIndex=4317, commits[ed5d81fa-aaf0-49db-aa57-acca1dd387bd:c4318]
2019-09-10 22:12:18,813 [grpc-default-executor-1] INFO  client.GrpcClientProtocolClient (GrpcClientProtocolClient.java:onNext(255)) - client-0C76110B8A2B->ed5d81fa-aaf0-49db-aa57-acca1dd387bd: receive RaftClientReply:client-0C76110B8A2B->ed5d81fa-aaf0-49db-aa57-acca1dd387bd@group-729F0664FEA8, cid=3052, SUCCESS, logIndex=4318, commits[ed5d81fa-aaf0-49db-aa57-acca1dd387bd:c4319]
2019-09-10 22:12:18,833 [grpc-default-executor-0] INFO  client.GrpcClientProtocolClient (GrpcClientProtocolClient.java:onNext(255)) - client-0C76110B8A2B->ed5d81fa-aaf0-49db-aa57-acca1dd387bd: receive RaftClientReply:client-0C76110B8A2B->ed5d81fa-aaf0-49db-aa57-acca1dd387bd@group-729F0664FEA8, cid=3053, SUCCESS, logIndex=4321, commits[ed5d81fa-aaf0-49db-aa57-acca1dd387bd:c4322]
2019-09-10 22:12:18,833 [grpc-default-executor-0] INFO  client.GrpcClientProtocolClient (GrpcClientProtocolClient.java:onNext(255)) - client-0C76110B8A2B->ed5d81fa-aaf0-49db-aa57-acca1dd387bd: receive RaftClientReply:client-0C76110B8A2B->ed5d81fa-aaf0-49db-aa57-acca1dd387bd@group-729F0664FEA8, cid=3054, SUCCESS, logIndex=4322, commits[ed5d81fa-aaf0-49db-aa57-acca1dd387bd:c4322]
2019-09-10 22:12:18,841 [grpc-default-executor-0] INFO  client.GrpcClientProtocolClient (GrpcClientProtocolClient.java:onNext(255)) - client-0C76110B8A2B->ed5d81fa-aaf0-49db-aa57-acca1dd387bd: receive RaftClientReply:client-0C76110B8A2B->ed5d81fa-aaf0-49db-aa57-acca1dd387bd@group-729F0664FEA8, cid=3055, SUCCESS, logIndex=4323, commits[ed5d81fa-aaf0-49db-aa57-acca1dd387bd:c4324]
2019-09-10 22:12:18,842 [grpc-default-executor-0] INFO  client.GrpcClientProtocolClient (GrpcClientProtocolClient.java:onNext(255)) - client-0C76110B8A2B->ed5d81fa-aaf0-49db-aa57-acca1dd387bd: receive RaftClientReply:client-0C76110B8A2B->ed5d81fa-aaf0-49db-aa57-acca1dd387bd@group-729F0664FEA8, cid=3056, SUCCESS, logIndex=4324, commits[ed5d81fa-aaf0-49db-aa57-acca1dd387bd:c4325]
2019-09-10 22:12:18,863 [SCMBlockDeletingService#1] DEBUG block.SCMBlockDeletingService (SCMBlockDeletingService.java:call(138)) - Running DeletedBlockTransactionScanner
2019-09-10 22:12:18,863 [SCMBlockDeletingService#1] DEBUG block.SCMBlockDeletingService (SCMBlockDeletingService.java:call(155)) - Scanned deleted blocks log and got 0 delTX to process.
2019-09-10 22:12:18,870 [grpc-default-executor-0] INFO  client.GrpcClientProtocolClient (GrpcClientProtocolClient.java:onNext(255)) - client-0C76110B8A2B->ed5d81fa-aaf0-49db-aa57-acca1dd387bd: receive RaftClientReply:client-0C76110B8A2B->ed5d81fa-aaf0-49db-aa57-acca1dd387bd@group-729F0664FEA8, cid=3057, SUCCESS, logIndex=4327, commits[ed5d81fa-aaf0-49db-aa57-acca1dd387bd:c4330]
2019-09-10 22:12:18,870 [grpc-default-executor-0] INFO  client.GrpcClientProtocolClient (GrpcClientProtocolClient.java:onNext(255)) - client-0C76110B8A2B->ed5d81fa-aaf0-49db-aa57-acca1dd387bd: receive RaftClientReply:client-0C76110B8A2B->ed5d81fa-aaf0-49db-aa57-acca1dd387bd@group-729F0664FEA8, cid=3058, SUCCESS, logIndex=4328, commits[ed5d81fa-aaf0-49db-aa57-acca1dd387bd:c4330]
2019-09-10 22:12:18,871 [grpc-default-executor-0] INFO  client.GrpcClientProtocolClient (GrpcClientProtocolClient.java:onNext(255)) - client-0C76110B8A2B->ed5d81fa-aaf0-49db-aa57-acca1dd387bd: receive RaftClientReply:client-0C76110B8A2B->ed5d81fa-aaf0-49db-aa57-acca1dd387bd@group-729F0664FEA8, cid=3059, SUCCESS, logIndex=4329, commits[ed5d81fa-aaf0-49db-aa57-acca1dd387bd:c4331]
2019-09-10 22:12:18,871 [grpc-default-executor-0] INFO  client.GrpcClientProtocolClient (GrpcClientProtocolClient.java:onNext(255)) - client-0C76110B8A2B->ed5d81fa-aaf0-49db-aa57-acca1dd387bd: receive RaftClientReply:client-0C76110B8A2B->ed5d81fa-aaf0-49db-aa57-acca1dd387bd@group-729F0664FEA8, cid=3060, SUCCESS, logIndex=4330, commits[ed5d81fa-aaf0-49db-aa57-acca1dd387bd:c4331]
2019-09-10 22:12:18,891 [grpc-default-executor-0] INFO  client.GrpcClientProtocolClient (GrpcClientProtocolClient.java:onNext(255)) - client-0C76110B8A2B->ed5d81fa-aaf0-49db-aa57-acca1dd387bd: receive RaftClientReply:client-0C76110B8A2B->ed5d81fa-aaf0-49db-aa57-acca1dd387bd@group-729F0664FEA8, cid=3061, SUCCESS, logIndex=4333, commits[ed5d81fa-aaf0-49db-aa57-acca1dd387bd:c4334]
2019-09-10 22:12:18,891 [grpc-default-executor-0] INFO  client.GrpcClientProtocolClient (GrpcClientProtocolClient.java:onNext(255)) - client-0C76110B8A2B->ed5d81fa-aaf0-49db-aa57-acca1dd387bd: receive RaftClientReply:client-0C76110B8A2B->ed5d81fa-aaf0-49db-aa57-acca1dd387bd@group-729F0664FEA8, cid=3062, SUCCESS, logIndex=4334, commits[ed5d81fa-aaf0-49db-aa57-acca1dd387bd:c4336]
2019-09-10 22:12:18,891 [grpc-default-executor-0] INFO  client.GrpcClientProtocolClient (GrpcClientProtocolClient.java:onNext(255)) - client-0C76110B8A2B->ed5d81fa-aaf0-49db-aa57-acca1dd387bd: receive RaftClientReply:client-0C76110B8A2B->ed5d81fa-aaf0-49db-aa57-acca1dd387bd@group-729F0664FEA8, cid=3063, SUCCESS, logIndex=4335, commits[ed5d81fa-aaf0-49db-aa57-acca1dd387bd:c4337]
2019-09-10 22:12:18,892 [grpc-default-executor-0] INFO  client.GrpcClientProtocolClient (GrpcClientProtocolClient.java:onNext(255)) - client-0C76110B8A2B->ed5d81fa-aaf0-49db-aa57-acca1dd387bd: receive RaftClientReply:client-0C76110B8A2B->ed5d81fa-aaf0-49db-aa57-acca1dd387bd@group-729F0664FEA8, cid=3064, SUCCESS, logIndex=4336, commits[ed5d81fa-aaf0-49db-aa57-acca1dd387bd:c4337]
2019-09-10 22:12:18,919 [grpc-default-executor-1] INFO  client.GrpcClientProtocolClient (GrpcClientProtocolClient.java:onNext(255)) - client-0C76110B8A2B->ed5d81fa-aaf0-49db-aa57-acca1dd387bd: receive RaftClientReply:client-0C76110B8A2B->ed5d81fa-aaf0-49db-aa57-acca1dd387bd@group-729F0664FEA8, cid=3065, SUCCESS, logIndex=4339, commits[ed5d81fa-aaf0-49db-aa57-acca1dd387bd:c4340]
2019-09-10 22:12:18,920 [grpc-default-executor-1] INFO  client.GrpcClientProtocolClient (GrpcClientProtocolClient.java:onNext(255)) - client-0C76110B8A2B->ed5d81fa-aaf0-49db-aa57-acca1dd387bd: receive RaftClientReply:client-0C76110B8A2B->ed5d81fa-aaf0-49db-aa57-acca1dd387bd@group-729F0664FEA8, cid=3066, SUCCESS, logIndex=4340, commits[ed5d81fa-aaf0-49db-aa57-acca1dd387bd:c4342]
2019-09-10 22:12:18,920 [grpc-default-executor-1] INFO  client.GrpcClientProtocolClient (GrpcClientProtocolClient.java:onNext(255)) - client-0C76110B8A2B->ed5d81fa-aaf0-49db-aa57-acca1dd387bd: receive RaftClientReply:client-0C76110B8A2B->ed5d81fa-aaf0-49db-aa57-acca1dd387bd@group-729F0664FEA8, cid=3067, SUCCESS, logIndex=4341, commits[ed5d81fa-aaf0-49db-aa57-acca1dd387bd:c4343]
2019-09-10 22:12:18,920 [grpc-default-executor-1] INFO  client.GrpcClientProtocolClient (GrpcClientProtocolClient.java:onNext(255)) - client-0C76110B8A2B->ed5d81fa-aaf0-49db-aa57-acca1dd387bd: receive RaftClientReply:client-0C76110B8A2B->ed5d81fa-aaf0-49db-aa57-acca1dd387bd@group-729F0664FEA8, cid=3068, SUCCESS, logIndex=4342, commits[ed5d81fa-aaf0-49db-aa57-acca1dd387bd:c4343]
2019-09-10 22:12:18,938 [grpc-default-executor-0] INFO  client.GrpcClientProtocolClient (GrpcClientProtocolClient.java:onNext(255)) - client-0C76110B8A2B->ed5d81fa-aaf0-49db-aa57-acca1dd387bd: receive RaftClientReply:client-0C76110B8A2B->ed5d81fa-aaf0-49db-aa57-acca1dd387bd@group-729F0664FEA8, cid=3069, SUCCESS, logIndex=4345, commits[ed5d81fa-aaf0-49db-aa57-acca1dd387bd:c4346]
2019-09-10 22:12:18,938 [grpc-default-executor-0] INFO  client.GrpcClientProtocolClient (GrpcClientProtocolClient.java:onNext(255)) - client-0C76110B8A2B->ed5d81fa-aaf0-49db-aa57-acca1dd387bd: receive RaftClientReply:client-0C76110B8A2B->ed5d81fa-aaf0-49db-aa57-acca1dd387bd@group-729F0664FEA8, cid=3070, SUCCESS, logIndex=4346, commits[ed5d81fa-aaf0-49db-aa57-acca1dd387bd:c4348]
2019-09-10 22:12:18,938 [grpc-default-executor-0] INFO  client.GrpcClientProtocolClient (GrpcClientProtocolClient.java:onNext(255)) - client-0C76110B8A2B->ed5d81fa-aaf0-49db-aa57-acca1dd387bd: receive RaftClientReply:client-0C76110B8A2B->ed5d81fa-aaf0-49db-aa57-acca1dd387bd@group-729F0664FEA8, cid=3071, SUCCESS, logIndex=4347, commits[ed5d81fa-aaf0-49db-aa57-acca1dd387bd:c4348]
2019-09-10 22:12:18,939 [grpc-default-executor-0] INFO  client.GrpcClientProtocolClient (GrpcClientProtocolClient.java:onNext(255)) - client-0C76110B8A2B->ed5d81fa-aaf0-49db-aa57-acca1dd387bd: receive RaftClientReply:client-0C76110B8A2B->ed5d81fa-aaf0-49db-aa57-acca1dd387bd@group-729F0664FEA8, cid=3072, SUCCESS, logIndex=4348, commits[ed5d81fa-aaf0-49db-aa57-acca1dd387bd:c4349]
2019-09-10 22:12:18,963 [SCMBlockDeletingService#1] DEBUG block.SCMBlockDeletingService (SCMBlockDeletingService.java:call(138)) - Running DeletedBlockTransactionScanner
2019-09-10 22:12:18,964 [SCMBlockDeletingService#1] DEBUG block.SCMBlockDeletingService (SCMBlockDeletingService.java:call(155)) - Scanned deleted blocks log and got 0 delTX to process.
2019-09-10 22:12:18,967 [grpc-default-executor-1] INFO  client.GrpcClientProtocolClient (GrpcClientProtocolClient.java:onNext(255)) - client-0C76110B8A2B->ed5d81fa-aaf0-49db-aa57-acca1dd387bd: receive RaftClientReply:client-0C76110B8A2B->ed5d81fa-aaf0-49db-aa57-acca1dd387bd@group-729F0664FEA8, cid=3073, SUCCESS, logIndex=4351, commits[ed5d81fa-aaf0-49db-aa57-acca1dd387bd:c4354]
2019-09-10 22:12:18,967 [grpc-default-executor-1] INFO  client.GrpcClientProtocolClient (GrpcClientProtocolClient.java:onNext(255)) - client-0C76110B8A2B->ed5d81fa-aaf0-49db-aa57-acca1dd387bd: receive RaftClientReply:client-0C76110B8A2B->ed5d81fa-aaf0-49db-aa57-acca1dd387bd@group-729F0664FEA8, cid=3074, SUCCESS, logIndex=4352, commits[ed5d81fa-aaf0-49db-aa57-acca1dd387bd:c4355]
2019-09-10 22:12:18,967 [grpc-default-executor-1] INFO  client.GrpcClientProtocolClient (GrpcClientProtocolClient.java:onNext(255)) - client-0C76110B8A2B->ed5d81fa-aaf0-49db-aa57-acca1dd387bd: receive RaftClientReply:client-0C76110B8A2B->ed5d81fa-aaf0-49db-aa57-acca1dd387bd@group-729F0664FEA8, cid=3075, SUCCESS, logIndex=4353, commits[ed5d81fa-aaf0-49db-aa57-acca1dd387bd:c4355]
2019-09-10 22:12:18,968 [grpc-default-executor-1] INFO  client.GrpcClientProtocolClient (GrpcClientProtocolClient.java:onNext(255)) - client-0C76110B8A2B->ed5d81fa-aaf0-49db-aa57-acca1dd387bd: receive RaftClientReply:client-0C76110B8A2B->ed5d81fa-aaf0-49db-aa57-acca1dd387bd@group-729F0664FEA8, cid=3076, SUCCESS, logIndex=4354, commits[ed5d81fa-aaf0-49db-aa57-acca1dd387bd:c4355]
2019-09-10 22:12:18,986 [grpc-default-executor-1] INFO  client.GrpcClientProtocolClient (GrpcClientProtocolClient.java:onNext(255)) - client-0C76110B8A2B->ed5d81fa-aaf0-49db-aa57-acca1dd387bd: receive RaftClientReply:client-0C76110B8A2B->ed5d81fa-aaf0-49db-aa57-acca1dd387bd@group-729F0664FEA8, cid=3077, SUCCESS, logIndex=4356, commits[ed5d81fa-aaf0-49db-aa57-acca1dd387bd:c4359]
2019-09-10 22:12:18,987 [grpc-default-executor-1] INFO  client.GrpcClientProtocolClient (GrpcClientProtocolClient.java:onNext(255)) - client-0C76110B8A2B->ed5d81fa-aaf0-49db-aa57-acca1dd387bd: receive RaftClientReply:client-0C76110B8A2B->ed5d81fa-aaf0-49db-aa57-acca1dd387bd@group-729F0664FEA8, cid=3078, SUCCESS, logIndex=4357, commits[ed5d81fa-aaf0-49db-aa57-acca1dd387bd:c4359]
2019-09-10 22:12:18,987 [grpc-default-executor-1] INFO  client.GrpcClientProtocolClient (GrpcClientProtocolClient.java:onNext(255)) - client-0C76110B8A2B->ed5d81fa-aaf0-49db-aa57-acca1dd387bd: receive RaftClientReply:client-0C76110B8A2B->ed5d81fa-aaf0-49db-aa57-acca1dd387bd@group-729F0664FEA8, cid=3079, SUCCESS, logIndex=4358, commits[ed5d81fa-aaf0-49db-aa57-acca1dd387bd:c4360]
2019-09-10 22:12:18,987 [grpc-default-executor-1] INFO  client.GrpcClientProtocolClient (GrpcClientProtocolClient.java:onNext(255)) - client-0C76110B8A2B->ed5d81fa-aaf0-49db-aa57-acca1dd387bd: receive RaftClientReply:client-0C76110B8A2B->ed5d81fa-aaf0-49db-aa57-acca1dd387bd@group-729F0664FEA8, cid=3080, SUCCESS, logIndex=4359, commits[ed5d81fa-aaf0-49db-aa57-acca1dd387bd:c4360]
2019-09-10 22:12:19,017 [grpc-default-executor-0] INFO  client.GrpcClientProtocolClient (GrpcClientProtocolClient.java:onNext(255)) - client-0C76110B8A2B->ed5d81fa-aaf0-49db-aa57-acca1dd387bd: receive RaftClientReply:client-0C76110B8A2B->ed5d81fa-aaf0-49db-aa57-acca1dd387bd@group-729F0664FEA8, cid=3081, SUCCESS, logIndex=4361, commits[ed5d81fa-aaf0-49db-aa57-acca1dd387bd:c4362]
2019-09-10 22:12:19,017 [grpc-default-executor-0] INFO  client.GrpcClientProtocolClient (GrpcClientProtocolClient.java:onNext(255)) - client-0C76110B8A2B->ed5d81fa-aaf0-49db-aa57-acca1dd387bd: receive RaftClientReply:client-0C76110B8A2B->ed5d81fa-aaf0-49db-aa57-acca1dd387bd@group-729F0664FEA8, cid=3082, SUCCESS, logIndex=4362, commits[ed5d81fa-aaf0-49db-aa57-acca1dd387bd:c4364]
2019-09-10 22:12:19,018 [grpc-default-executor-0] INFO  client.GrpcClientProtocolClient (GrpcClientProtocolClient.java:onNext(255)) - client-0C76110B8A2B->ed5d81fa-aaf0-49db-aa57-acca1dd387bd: receive RaftClientReply:client-0C76110B8A2B->ed5d81fa-aaf0-49db-aa57-acca1dd387bd@group-729F0664FEA8, cid=3083, SUCCESS, logIndex=4363, commits[ed5d81fa-aaf0-49db-aa57-acca1dd387bd:c4365]
2019-09-10 22:12:19,018 [grpc-default-executor-0] INFO  client.GrpcClientProtocolClient (GrpcClientProtocolClient.java:onNext(255)) - client-0C76110B8A2B->ed5d81fa-aaf0-49db-aa57-acca1dd387bd: receive RaftClientReply:client-0C76110B8A2B->ed5d81fa-aaf0-49db-aa57-acca1dd387bd@group-729F0664FEA8, cid=3084, SUCCESS, logIndex=4364, commits[ed5d81fa-aaf0-49db-aa57-acca1dd387bd:c4365]
2019-09-10 22:12:19,036 [grpc-default-executor-0] INFO  client.GrpcClientProtocolClient (GrpcClientProtocolClient.java:onNext(255)) - client-0C76110B8A2B->ed5d81fa-aaf0-49db-aa57-acca1dd387bd: receive RaftClientReply:client-0C76110B8A2B->ed5d81fa-aaf0-49db-aa57-acca1dd387bd@group-729F0664FEA8, cid=3085, SUCCESS, logIndex=4367, commits[ed5d81fa-aaf0-49db-aa57-acca1dd387bd:c4368]
2019-09-10 22:12:19,037 [grpc-default-executor-0] INFO  client.GrpcClientProtocolClient (GrpcClientProtocolClient.java:onNext(255)) - client-0C76110B8A2B->ed5d81fa-aaf0-49db-aa57-acca1dd387bd: receive RaftClientReply:client-0C76110B8A2B->ed5d81fa-aaf0-49db-aa57-acca1dd387bd@group-729F0664FEA8, cid=3086, SUCCESS, logIndex=4368, commits[ed5d81fa-aaf0-49db-aa57-acca1dd387bd:c4370]
2019-09-10 22:12:19,037 [grpc-default-executor-0] INFO  client.GrpcClientProtocolClient (GrpcClientProtocolClient.java:onNext(255)) - client-0C76110B8A2B->ed5d81fa-aaf0-49db-aa57-acca1dd387bd: receive RaftClientReply:client-0C76110B8A2B->ed5d81fa-aaf0-49db-aa57-acca1dd387bd@group-729F0664FEA8, cid=3087, SUCCESS, logIndex=4369, commits[ed5d81fa-aaf0-49db-aa57-acca1dd387bd:c4371]
2019-09-10 22:12:19,037 [grpc-default-executor-0] INFO  client.GrpcClientProtocolClient (GrpcClientProtocolClient.java:onNext(255)) - client-0C76110B8A2B->ed5d81fa-aaf0-49db-aa57-acca1dd387bd: receive RaftClientReply:client-0C76110B8A2B->ed5d81fa-aaf0-49db-aa57-acca1dd387bd@group-729F0664FEA8, cid=3088, SUCCESS, logIndex=4370, commits[ed5d81fa-aaf0-49db-aa57-acca1dd387bd:c4371]
2019-09-10 22:12:19,064 [SCMBlockDeletingService#1] DEBUG block.SCMBlockDeletingService (SCMBlockDeletingService.java:call(138)) - Running DeletedBlockTransactionScanner
2019-09-10 22:12:19,064 [SCMBlockDeletingService#1] DEBUG block.SCMBlockDeletingService (SCMBlockDeletingService.java:call(155)) - Scanned deleted blocks log and got 0 delTX to process.
2019-09-10 22:12:19,064 [grpc-default-executor-0] INFO  client.GrpcClientProtocolClient (GrpcClientProtocolClient.java:onNext(255)) - client-0C76110B8A2B->ed5d81fa-aaf0-49db-aa57-acca1dd387bd: receive RaftClientReply:client-0C76110B8A2B->ed5d81fa-aaf0-49db-aa57-acca1dd387bd@group-729F0664FEA8, cid=3089, SUCCESS, logIndex=4373, commits[ed5d81fa-aaf0-49db-aa57-acca1dd387bd:c4376]
2019-09-10 22:12:19,065 [grpc-default-executor-0] INFO  client.GrpcClientProtocolClient (GrpcClientProtocolClient.java:onNext(255)) - client-0C76110B8A2B->ed5d81fa-aaf0-49db-aa57-acca1dd387bd: receive RaftClientReply:client-0C76110B8A2B->ed5d81fa-aaf0-49db-aa57-acca1dd387bd@group-729F0664FEA8, cid=3090, SUCCESS, logIndex=4374, commits[ed5d81fa-aaf0-49db-aa57-acca1dd387bd:c4376]
2019-09-10 22:12:19,065 [grpc-default-executor-0] INFO  client.GrpcClientProtocolClient (GrpcClientProtocolClient.java:onNext(255)) - client-0C76110B8A2B->ed5d81fa-aaf0-49db-aa57-acca1dd387bd: receive RaftClientReply:client-0C76110B8A2B->ed5d81fa-aaf0-49db-aa57-acca1dd387bd@group-729F0664FEA8, cid=3091, SUCCESS, logIndex=4375, commits[ed5d81fa-aaf0-49db-aa57-acca1dd387bd:c4376]
2019-09-10 22:12:19,065 [grpc-default-executor-0] INFO  client.GrpcClientProtocolClient (GrpcClientProtocolClient.java:onNext(255)) - client-0C76110B8A2B->ed5d81fa-aaf0-49db-aa57-acca1dd387bd: receive RaftClientReply:client-0C76110B8A2B->ed5d81fa-aaf0-49db-aa57-acca1dd387bd@group-729F0664FEA8, cid=3092, SUCCESS, logIndex=4376, commits[ed5d81fa-aaf0-49db-aa57-acca1dd387bd:c4376]
2019-09-10 22:12:19,091 [grpc-default-executor-0] INFO  client.GrpcClientProtocolClient (GrpcClientProtocolClient.java:onNext(255)) - client-0C76110B8A2B->ed5d81fa-aaf0-49db-aa57-acca1dd387bd: receive RaftClientReply:client-0C76110B8A2B->ed5d81fa-aaf0-49db-aa57-acca1dd387bd@group-729F0664FEA8, cid=3093, SUCCESS, logIndex=4378, commits[ed5d81fa-aaf0-49db-aa57-acca1dd387bd:c4379]
2019-09-10 22:12:19,092 [grpc-default-executor-0] INFO  client.GrpcClientProtocolClient (GrpcClientProtocolClient.java:onNext(255)) - client-0C76110B8A2B->ed5d81fa-aaf0-49db-aa57-acca1dd387bd: receive RaftClientReply:client-0C76110B8A2B->ed5d81fa-aaf0-49db-aa57-acca1dd387bd@group-729F0664FEA8, cid=3094, SUCCESS, logIndex=4379, commits[ed5d81fa-aaf0-49db-aa57-acca1dd387bd:c4380]
2019-09-10 22:12:19,164 [SCMBlockDeletingService#1] DEBUG block.SCMBlockDeletingService (SCMBlockDeletingService.java:call(138)) - Running DeletedBlockTransactionScanner
2019-09-10 22:12:19,165 [SCMBlockDeletingService#1] DEBUG block.SCMBlockDeletingService (SCMBlockDeletingService.java:call(155)) - Scanned deleted blocks log and got 0 delTX to process.
2019-09-10 22:12:19,171 [grpc-default-executor-0] INFO  client.GrpcClientProtocolClient (GrpcClientProtocolClient.java:onNext(255)) - client-0C76110B8A2B->ed5d81fa-aaf0-49db-aa57-acca1dd387bd: receive RaftClientReply:client-0C76110B8A2B->ed5d81fa-aaf0-49db-aa57-acca1dd387bd@group-729F0664FEA8, cid=3095, SUCCESS, logIndex=4381, commits[ed5d81fa-aaf0-49db-aa57-acca1dd387bd:c4382]
2019-09-10 22:12:19,172 [grpc-default-executor-0] INFO  client.GrpcClientProtocolClient (GrpcClientProtocolClient.java:onNext(255)) - client-0C76110B8A2B->ed5d81fa-aaf0-49db-aa57-acca1dd387bd: receive RaftClientReply:client-0C76110B8A2B->ed5d81fa-aaf0-49db-aa57-acca1dd387bd@group-729F0664FEA8, cid=3096, SUCCESS, logIndex=4382, commits[ed5d81fa-aaf0-49db-aa57-acca1dd387bd:c4382]
2019-09-10 22:12:19,197 [grpc-default-executor-0] INFO  client.GrpcClientProtocolClient (GrpcClientProtocolClient.java:onNext(255)) - client-0C76110B8A2B->ed5d81fa-aaf0-49db-aa57-acca1dd387bd: receive RaftClientReply:client-0C76110B8A2B->ed5d81fa-aaf0-49db-aa57-acca1dd387bd@group-729F0664FEA8, cid=3097, SUCCESS, logIndex=4384, commits[ed5d81fa-aaf0-49db-aa57-acca1dd387bd:c4385]
2019-09-10 22:12:19,198 [grpc-default-executor-0] INFO  client.GrpcClientProtocolClient (GrpcClientProtocolClient.java:onNext(255)) - client-0C76110B8A2B->ed5d81fa-aaf0-49db-aa57-acca1dd387bd: receive RaftClientReply:client-0C76110B8A2B->ed5d81fa-aaf0-49db-aa57-acca1dd387bd@group-729F0664FEA8, cid=3098, SUCCESS, logIndex=4385, commits[ed5d81fa-aaf0-49db-aa57-acca1dd387bd:c4385]
2019-09-10 22:12:19,199 [grpc-default-executor-0] INFO  client.GrpcClientProtocolClient (GrpcClientProtocolClient.java:onNext(255)) - client-0C76110B8A2B->ed5d81fa-aaf0-49db-aa57-acca1dd387bd: receive RaftClientReply:client-0C76110B8A2B->ed5d81fa-aaf0-49db-aa57-acca1dd387bd@group-729F0664FEA8, cid=3099, SUCCESS, logIndex=4386, commits[ed5d81fa-aaf0-49db-aa57-acca1dd387bd:c4387]
2019-09-10 22:12:19,199 [grpc-default-executor-0] INFO  client.GrpcClientProtocolClient (GrpcClientProtocolClient.java:onNext(255)) - client-0C76110B8A2B->ed5d81fa-aaf0-49db-aa57-acca1dd387bd: receive RaftClientReply:client-0C76110B8A2B->ed5d81fa-aaf0-49db-aa57-acca1dd387bd@group-729F0664FEA8, cid=3100, SUCCESS, logIndex=4387, commits[ed5d81fa-aaf0-49db-aa57-acca1dd387bd:c4387]
2019-09-10 22:12:19,212 [grpc-default-executor-0] INFO  client.GrpcClientProtocolClient (GrpcClientProtocolClient.java:onNext(255)) - client-0C76110B8A2B->ed5d81fa-aaf0-49db-aa57-acca1dd387bd: receive RaftClientReply:client-0C76110B8A2B->ed5d81fa-aaf0-49db-aa57-acca1dd387bd@group-729F0664FEA8, cid=3101, SUCCESS, logIndex=4390, commits[ed5d81fa-aaf0-49db-aa57-acca1dd387bd:c4393]
2019-09-10 22:12:19,212 [grpc-default-executor-0] INFO  client.GrpcClientProtocolClient (GrpcClientProtocolClient.java:onNext(255)) - client-0C76110B8A2B->ed5d81fa-aaf0-49db-aa57-acca1dd387bd: receive RaftClientReply:client-0C76110B8A2B->ed5d81fa-aaf0-49db-aa57-acca1dd387bd@group-729F0664FEA8, cid=3102, SUCCESS, logIndex=4391, commits[ed5d81fa-aaf0-49db-aa57-acca1dd387bd:c4393]
2019-09-10 22:12:19,213 [grpc-default-executor-0] INFO  client.GrpcClientProtocolClient (GrpcClientProtocolClient.java:onNext(255)) - client-0C76110B8A2B->ed5d81fa-aaf0-49db-aa57-acca1dd387bd: receive RaftClientReply:client-0C76110B8A2B->ed5d81fa-aaf0-49db-aa57-acca1dd387bd@group-729F0664FEA8, cid=3103, SUCCESS, logIndex=4392, commits[ed5d81fa-aaf0-49db-aa57-acca1dd387bd:c4393]
2019-09-10 22:12:19,213 [grpc-default-executor-0] INFO  client.GrpcClientProtocolClient (GrpcClientProtocolClient.java:onNext(255)) - client-0C76110B8A2B->ed5d81fa-aaf0-49db-aa57-acca1dd387bd: receive RaftClientReply:client-0C76110B8A2B->ed5d81fa-aaf0-49db-aa57-acca1dd387bd@group-729F0664FEA8, cid=3104, SUCCESS, logIndex=4393, commits[ed5d81fa-aaf0-49db-aa57-acca1dd387bd:c4393]
2019-09-10 22:12:19,239 [grpc-default-executor-0] INFO  client.GrpcClientProtocolClient (GrpcClientProtocolClient.java:onNext(255)) - client-0C76110B8A2B->ed5d81fa-aaf0-49db-aa57-acca1dd387bd: receive RaftClientReply:client-0C76110B8A2B->ed5d81fa-aaf0-49db-aa57-acca1dd387bd@group-729F0664FEA8, cid=3105, SUCCESS, logIndex=4395, commits[ed5d81fa-aaf0-49db-aa57-acca1dd387bd:c4398]
2019-09-10 22:12:19,239 [grpc-default-executor-0] INFO  client.GrpcClientProtocolClient (GrpcClientProtocolClient.java:onNext(255)) - client-0C76110B8A2B->ed5d81fa-aaf0-49db-aa57-acca1dd387bd: receive RaftClientReply:client-0C76110B8A2B->ed5d81fa-aaf0-49db-aa57-acca1dd387bd@group-729F0664FEA8, cid=3106, SUCCESS, logIndex=4396, commits[ed5d81fa-aaf0-49db-aa57-acca1dd387bd:c4399]
2019-09-10 22:12:19,240 [grpc-default-executor-0] INFO  client.GrpcClientProtocolClient (GrpcClientProtocolClient.java:onNext(255)) - client-0C76110B8A2B->ed5d81fa-aaf0-49db-aa57-acca1dd387bd: receive RaftClientReply:client-0C76110B8A2B->ed5d81fa-aaf0-49db-aa57-acca1dd387bd@group-729F0664FEA8, cid=3107, SUCCESS, logIndex=4397, commits[ed5d81fa-aaf0-49db-aa57-acca1dd387bd:c4399]
2019-09-10 22:12:19,240 [grpc-default-executor-0] INFO  client.GrpcClientProtocolClient (GrpcClientProtocolClient.java:onNext(255)) - client-0C76110B8A2B->ed5d81fa-aaf0-49db-aa57-acca1dd387bd: receive RaftClientReply:client-0C76110B8A2B->ed5d81fa-aaf0-49db-aa57-acca1dd387bd@group-729F0664FEA8, cid=3108, SUCCESS, logIndex=4398, commits[ed5d81fa-aaf0-49db-aa57-acca1dd387bd:c4399]
2019-09-10 22:12:19,258 [grpc-default-executor-0] INFO  client.GrpcClientProtocolClient (GrpcClientProtocolClient.java:onNext(255)) - client-0C76110B8A2B->ed5d81fa-aaf0-49db-aa57-acca1dd387bd: receive RaftClientReply:client-0C76110B8A2B->ed5d81fa-aaf0-49db-aa57-acca1dd387bd@group-729F0664FEA8, cid=3109, SUCCESS, logIndex=4400, commits[ed5d81fa-aaf0-49db-aa57-acca1dd387bd:c4401]
2019-09-10 22:12:19,259 [grpc-default-executor-0] INFO  client.GrpcClientProtocolClient (GrpcClientProtocolClient.java:onNext(255)) - client-0C76110B8A2B->ed5d81fa-aaf0-49db-aa57-acca1dd387bd: receive RaftClientReply:client-0C76110B8A2B->ed5d81fa-aaf0-49db-aa57-acca1dd387bd@group-729F0664FEA8, cid=3110, SUCCESS, logIndex=4401, commits[ed5d81fa-aaf0-49db-aa57-acca1dd387bd:c4401]
2019-09-10 22:12:19,265 [SCMBlockDeletingService#1] DEBUG block.SCMBlockDeletingService (SCMBlockDeletingService.java:call(138)) - Running DeletedBlockTransactionScanner
2019-09-10 22:12:19,265 [SCMBlockDeletingService#1] DEBUG block.SCMBlockDeletingService (SCMBlockDeletingService.java:call(155)) - Scanned deleted blocks log and got 0 delTX to process.
2019-09-10 22:12:19,273 [grpc-default-executor-0] INFO  client.GrpcClientProtocolClient (GrpcClientProtocolClient.java:onNext(255)) - client-0C76110B8A2B->ed5d81fa-aaf0-49db-aa57-acca1dd387bd: receive RaftClientReply:client-0C76110B8A2B->ed5d81fa-aaf0-49db-aa57-acca1dd387bd@group-729F0664FEA8, cid=3111, SUCCESS, logIndex=4402, commits[ed5d81fa-aaf0-49db-aa57-acca1dd387bd:c4403]
2019-09-10 22:12:19,273 [grpc-default-executor-0] INFO  client.GrpcClientProtocolClient (GrpcClientProtocolClient.java:onNext(255)) - client-0C76110B8A2B->ed5d81fa-aaf0-49db-aa57-acca1dd387bd: receive RaftClientReply:client-0C76110B8A2B->ed5d81fa-aaf0-49db-aa57-acca1dd387bd@group-729F0664FEA8, cid=3112, SUCCESS, logIndex=4403, commits[ed5d81fa-aaf0-49db-aa57-acca1dd387bd:c4403]
2019-09-10 22:12:19,306 [grpc-default-executor-0] INFO  client.GrpcClientProtocolClient (GrpcClientProtocolClient.java:onNext(255)) - client-0C76110B8A2B->ed5d81fa-aaf0-49db-aa57-acca1dd387bd: receive RaftClientReply:client-0C76110B8A2B->ed5d81fa-aaf0-49db-aa57-acca1dd387bd@group-729F0664FEA8, cid=3113, SUCCESS, logIndex=4406, commits[ed5d81fa-aaf0-49db-aa57-acca1dd387bd:c4409]
2019-09-10 22:12:19,307 [grpc-default-executor-0] INFO  client.GrpcClientProtocolClient (GrpcClientProtocolClient.java:onNext(255)) - client-0C76110B8A2B->ed5d81fa-aaf0-49db-aa57-acca1dd387bd: receive RaftClientReply:client-0C76110B8A2B->ed5d81fa-aaf0-49db-aa57-acca1dd387bd@group-729F0664FEA8, cid=3114, SUCCESS, logIndex=4407, commits[ed5d81fa-aaf0-49db-aa57-acca1dd387bd:c4409]
2019-09-10 22:12:19,308 [grpc-default-executor-0] INFO  client.GrpcClientProtocolClient (GrpcClientProtocolClient.java:onNext(255)) - client-0C76110B8A2B->ed5d81fa-aaf0-49db-aa57-acca1dd387bd: receive RaftClientReply:client-0C76110B8A2B->ed5d81fa-aaf0-49db-aa57-acca1dd387bd@group-729F0664FEA8, cid=3115, SUCCESS, logIndex=4408, commits[ed5d81fa-aaf0-49db-aa57-acca1dd387bd:c4410]
2019-09-10 22:12:19,308 [grpc-default-executor-0] INFO  client.GrpcClientProtocolClient (GrpcClientProtocolClient.java:onNext(255)) - client-0C76110B8A2B->ed5d81fa-aaf0-49db-aa57-acca1dd387bd: receive RaftClientReply:client-0C76110B8A2B->ed5d81fa-aaf0-49db-aa57-acca1dd387bd@group-729F0664FEA8, cid=3116, SUCCESS, logIndex=4409, commits[ed5d81fa-aaf0-49db-aa57-acca1dd387bd:c4410]
2019-09-10 22:12:19,326 [grpc-default-executor-0] INFO  client.GrpcClientProtocolClient (GrpcClientProtocolClient.java:onNext(255)) - client-0C76110B8A2B->ed5d81fa-aaf0-49db-aa57-acca1dd387bd: receive RaftClientReply:client-0C76110B8A2B->ed5d81fa-aaf0-49db-aa57-acca1dd387bd@group-729F0664FEA8, cid=3117, SUCCESS, logIndex=4411, commits[ed5d81fa-aaf0-49db-aa57-acca1dd387bd:c4412]
2019-09-10 22:12:19,326 [grpc-default-executor-0] INFO  client.GrpcClientProtocolClient (GrpcClientProtocolClient.java:onNext(255)) - client-0C76110B8A2B->ed5d81fa-aaf0-49db-aa57-acca1dd387bd: receive RaftClientReply:client-0C76110B8A2B->ed5d81fa-aaf0-49db-aa57-acca1dd387bd@group-729F0664FEA8, cid=3118, SUCCESS, logIndex=4412, commits[ed5d81fa-aaf0-49db-aa57-acca1dd387bd:c4414]
2019-09-10 22:12:19,327 [grpc-default-executor-0] INFO  client.GrpcClientProtocolClient (GrpcClientProtocolClient.java:onNext(255)) - client-0C76110B8A2B->ed5d81fa-aaf0-49db-aa57-acca1dd387bd: receive RaftClientReply:client-0C76110B8A2B->ed5d81fa-aaf0-49db-aa57-acca1dd387bd@group-729F0664FEA8, cid=3119, SUCCESS, logIndex=4413, commits[ed5d81fa-aaf0-49db-aa57-acca1dd387bd:c4414]
2019-09-10 22:12:19,327 [grpc-default-executor-0] INFO  client.GrpcClientProtocolClient (GrpcClientProtocolClient.java:onNext(255)) - client-0C76110B8A2B->ed5d81fa-aaf0-49db-aa57-acca1dd387bd: receive RaftClientReply:client-0C76110B8A2B->ed5d81fa-aaf0-49db-aa57-acca1dd387bd@group-729F0664FEA8, cid=3120, SUCCESS, logIndex=4414, commits[ed5d81fa-aaf0-49db-aa57-acca1dd387bd:c4415]
2019-09-10 22:12:19,345 [grpc-default-executor-0] INFO  client.GrpcClientProtocolClient (GrpcClientProtocolClient.java:onNext(255)) - client-0C76110B8A2B->ed5d81fa-aaf0-49db-aa57-acca1dd387bd: receive RaftClientReply:client-0C76110B8A2B->ed5d81fa-aaf0-49db-aa57-acca1dd387bd@group-729F0664FEA8, cid=3121, SUCCESS, logIndex=4417, commits[ed5d81fa-aaf0-49db-aa57-acca1dd387bd:c4420]
2019-09-10 22:12:19,345 [grpc-default-executor-0] INFO  client.GrpcClientProtocolClient (GrpcClientProtocolClient.java:onNext(255)) - client-0C76110B8A2B->ed5d81fa-aaf0-49db-aa57-acca1dd387bd: receive RaftClientReply:client-0C76110B8A2B->ed5d81fa-aaf0-49db-aa57-acca1dd387bd@group-729F0664FEA8, cid=3122, SUCCESS, logIndex=4418, commits[ed5d81fa-aaf0-49db-aa57-acca1dd387bd:c4420]
2019-09-10 22:12:19,346 [grpc-default-executor-0] INFO  client.GrpcClientProtocolClient (GrpcClientProtocolClient.java:onNext(255)) - client-0C76110B8A2B->ed5d81fa-aaf0-49db-aa57-acca1dd387bd: receive RaftClientReply:client-0C76110B8A2B->ed5d81fa-aaf0-49db-aa57-acca1dd387bd@group-729F0664FEA8, cid=3123, SUCCESS, logIndex=4419, commits[ed5d81fa-aaf0-49db-aa57-acca1dd387bd:c4421]
2019-09-10 22:12:19,346 [grpc-default-executor-0] INFO  client.GrpcClientProtocolClient (GrpcClientProtocolClient.java:onNext(255)) - client-0C76110B8A2B->ed5d81fa-aaf0-49db-aa57-acca1dd387bd: receive RaftClientReply:client-0C76110B8A2B->ed5d81fa-aaf0-49db-aa57-acca1dd387bd@group-729F0664FEA8, cid=3124, SUCCESS, logIndex=4420, commits[ed5d81fa-aaf0-49db-aa57-acca1dd387bd:c4421]
2019-09-10 22:12:19,353 [grpc-default-executor-0] INFO  client.GrpcClientProtocolClient (GrpcClientProtocolClient.java:onNext(255)) - client-0C76110B8A2B->ed5d81fa-aaf0-49db-aa57-acca1dd387bd: receive RaftClientReply:client-0C76110B8A2B->ed5d81fa-aaf0-49db-aa57-acca1dd387bd@group-729F0664FEA8, cid=3125, SUCCESS, logIndex=4422, commits[ed5d81fa-aaf0-49db-aa57-acca1dd387bd:c4423]
2019-09-10 22:12:19,353 [grpc-default-executor-0] INFO  client.GrpcClientProtocolClient (GrpcClientProtocolClient.java:onNext(255)) - client-0C76110B8A2B->ed5d81fa-aaf0-49db-aa57-acca1dd387bd: receive RaftClientReply:client-0C76110B8A2B->ed5d81fa-aaf0-49db-aa57-acca1dd387bd@group-729F0664FEA8, cid=3126, SUCCESS, logIndex=4423, commits[ed5d81fa-aaf0-49db-aa57-acca1dd387bd:c4423]
2019-09-10 22:12:19,363 [grpc-default-executor-0] INFO  client.GrpcClientProtocolClient (GrpcClientProtocolClient.java:onNext(255)) - client-0C76110B8A2B->ed5d81fa-aaf0-49db-aa57-acca1dd387bd: receive RaftClientReply:client-0C76110B8A2B->ed5d81fa-aaf0-49db-aa57-acca1dd387bd@group-729F0664FEA8, cid=3127, SUCCESS, logIndex=4424, commits[ed5d81fa-aaf0-49db-aa57-acca1dd387bd:c4426]
2019-09-10 22:12:19,363 [grpc-default-executor-0] INFO  client.GrpcClientProtocolClient (GrpcClientProtocolClient.java:onNext(255)) - client-0C76110B8A2B->ed5d81fa-aaf0-49db-aa57-acca1dd387bd: receive RaftClientReply:client-0C76110B8A2B->ed5d81fa-aaf0-49db-aa57-acca1dd387bd@group-729F0664FEA8, cid=3128, SUCCESS, logIndex=4425, commits[ed5d81fa-aaf0-49db-aa57-acca1dd387bd:c4426]
2019-09-10 22:12:19,366 [SCMBlockDeletingService#1] DEBUG block.SCMBlockDeletingService (SCMBlockDeletingService.java:call(138)) - Running DeletedBlockTransactionScanner
2019-09-10 22:12:19,366 [SCMBlockDeletingService#1] DEBUG block.SCMBlockDeletingService (SCMBlockDeletingService.java:call(155)) - Scanned deleted blocks log and got 0 delTX to process.
2019-09-10 22:12:19,379 [grpc-default-executor-0] INFO  client.GrpcClientProtocolClient (GrpcClientProtocolClient.java:onNext(255)) - client-0C76110B8A2B->ed5d81fa-aaf0-49db-aa57-acca1dd387bd: receive RaftClientReply:client-0C76110B8A2B->ed5d81fa-aaf0-49db-aa57-acca1dd387bd@group-729F0664FEA8, cid=3129, SUCCESS, logIndex=4427, commits[ed5d81fa-aaf0-49db-aa57-acca1dd387bd:c4430]
2019-09-10 22:12:19,379 [grpc-default-executor-0] INFO  client.GrpcClientProtocolClient (GrpcClientProtocolClient.java:onNext(255)) - client-0C76110B8A2B->ed5d81fa-aaf0-49db-aa57-acca1dd387bd: receive RaftClientReply:client-0C76110B8A2B->ed5d81fa-aaf0-49db-aa57-acca1dd387bd@group-729F0664FEA8, cid=3130, SUCCESS, logIndex=4428, commits[ed5d81fa-aaf0-49db-aa57-acca1dd387bd:c4430]
2019-09-10 22:12:19,379 [grpc-default-executor-0] INFO  client.GrpcClientProtocolClient (GrpcClientProtocolClient.java:onNext(255)) - client-0C76110B8A2B->ed5d81fa-aaf0-49db-aa57-acca1dd387bd: receive RaftClientReply:client-0C76110B8A2B->ed5d81fa-aaf0-49db-aa57-acca1dd387bd@group-729F0664FEA8, cid=3131, SUCCESS, logIndex=4429, commits[ed5d81fa-aaf0-49db-aa57-acca1dd387bd:c4430]
2019-09-10 22:12:19,380 [grpc-default-executor-0] INFO  client.GrpcClientProtocolClient (GrpcClientProtocolClient.java:onNext(255)) - client-0C76110B8A2B->ed5d81fa-aaf0-49db-aa57-acca1dd387bd: receive RaftClientReply:client-0C76110B8A2B->ed5d81fa-aaf0-49db-aa57-acca1dd387bd@group-729F0664FEA8, cid=3132, SUCCESS, logIndex=4430, commits[ed5d81fa-aaf0-49db-aa57-acca1dd387bd:c4430]
2019-09-10 22:12:19,387 [grpc-default-executor-0] INFO  client.GrpcClientProtocolClient (GrpcClientProtocolClient.java:onNext(255)) - client-0C76110B8A2B->ed5d81fa-aaf0-49db-aa57-acca1dd387bd: receive RaftClientReply:client-0C76110B8A2B->ed5d81fa-aaf0-49db-aa57-acca1dd387bd@group-729F0664FEA8, cid=3133, SUCCESS, logIndex=4432, commits[ed5d81fa-aaf0-49db-aa57-acca1dd387bd:c4433]
2019-09-10 22:12:19,387 [grpc-default-executor-0] INFO  client.GrpcClientProtocolClient (GrpcClientProtocolClient.java:onNext(255)) - client-0C76110B8A2B->ed5d81fa-aaf0-49db-aa57-acca1dd387bd: receive RaftClientReply:client-0C76110B8A2B->ed5d81fa-aaf0-49db-aa57-acca1dd387bd@group-729F0664FEA8, cid=3134, SUCCESS, logIndex=4433, commits[ed5d81fa-aaf0-49db-aa57-acca1dd387bd:c4433]
2019-09-10 22:12:19,388 [grpc-default-executor-0] INFO  client.GrpcClientProtocolClient (GrpcClientProtocolClient.java:onNext(255)) - client-0C76110B8A2B->ed5d81fa-aaf0-49db-aa57-acca1dd387bd: receive RaftClientReply:client-0C76110B8A2B->ed5d81fa-aaf0-49db-aa57-acca1dd387bd@group-729F0664FEA8, cid=3135, SUCCESS, logIndex=4434, commits[ed5d81fa-aaf0-49db-aa57-acca1dd387bd:c4436]
2019-09-10 22:12:19,388 [grpc-default-executor-0] INFO  client.GrpcClientProtocolClient (GrpcClientProtocolClient.java:onNext(255)) - client-0C76110B8A2B->ed5d81fa-aaf0-49db-aa57-acca1dd387bd: receive RaftClientReply:client-0C76110B8A2B->ed5d81fa-aaf0-49db-aa57-acca1dd387bd@group-729F0664FEA8, cid=3136, SUCCESS, logIndex=4435, commits[ed5d81fa-aaf0-49db-aa57-acca1dd387bd:c4436]
2019-09-10 22:12:19,467 [SCMBlockDeletingService#1] DEBUG block.SCMBlockDeletingService (SCMBlockDeletingService.java:call(138)) - Running DeletedBlockTransactionScanner
2019-09-10 22:12:19,467 [SCMBlockDeletingService#1] DEBUG block.SCMBlockDeletingService (SCMBlockDeletingService.java:call(155)) - Scanned deleted blocks log and got 0 delTX to process.
2019-09-10 22:12:19,482 [grpc-default-executor-1] INFO  client.GrpcClientProtocolClient (GrpcClientProtocolClient.java:onNext(255)) - client-0C76110B8A2B->ed5d81fa-aaf0-49db-aa57-acca1dd387bd: receive RaftClientReply:client-0C76110B8A2B->ed5d81fa-aaf0-49db-aa57-acca1dd387bd@group-729F0664FEA8, cid=3137, SUCCESS, logIndex=4437, commits[ed5d81fa-aaf0-49db-aa57-acca1dd387bd:c4438]
2019-09-10 22:12:19,483 [grpc-default-executor-1] INFO  client.GrpcClientProtocolClient (GrpcClientProtocolClient.java:onNext(255)) - client-0C76110B8A2B->ed5d81fa-aaf0-49db-aa57-acca1dd387bd: receive RaftClientReply:client-0C76110B8A2B->ed5d81fa-aaf0-49db-aa57-acca1dd387bd@group-729F0664FEA8, cid=3138, SUCCESS, logIndex=4438, commits[ed5d81fa-aaf0-49db-aa57-acca1dd387bd:c4439]
2019-09-10 22:12:19,567 [SCMBlockDeletingService#0] DEBUG block.SCMBlockDeletingService (SCMBlockDeletingService.java:call(138)) - Running DeletedBlockTransactionScanner
2019-09-10 22:12:19,568 [SCMBlockDeletingService#0] DEBUG block.SCMBlockDeletingService (SCMBlockDeletingService.java:call(155)) - Scanned deleted blocks log and got 0 delTX to process.
2019-09-10 22:12:19,606 [grpc-default-executor-1] INFO  client.GrpcClientProtocolClient (GrpcClientProtocolClient.java:onNext(255)) - client-0C76110B8A2B->ed5d81fa-aaf0-49db-aa57-acca1dd387bd: receive RaftClientReply:client-0C76110B8A2B->ed5d81fa-aaf0-49db-aa57-acca1dd387bd@group-729F0664FEA8, cid=3139, SUCCESS, logIndex=4440, commits[ed5d81fa-aaf0-49db-aa57-acca1dd387bd:c4441]
2019-09-10 22:12:19,607 [grpc-default-executor-1] INFO  client.GrpcClientProtocolClient (GrpcClientProtocolClient.java:onNext(255)) - client-0C76110B8A2B->ed5d81fa-aaf0-49db-aa57-acca1dd387bd: receive RaftClientReply:client-0C76110B8A2B->ed5d81fa-aaf0-49db-aa57-acca1dd387bd@group-729F0664FEA8, cid=3140, SUCCESS, logIndex=4441, commits[ed5d81fa-aaf0-49db-aa57-acca1dd387bd:c4442]
2019-09-10 22:12:19,625 [grpc-default-executor-1] INFO  client.GrpcClientProtocolClient (GrpcClientProtocolClient.java:onNext(255)) - client-0C76110B8A2B->ed5d81fa-aaf0-49db-aa57-acca1dd387bd: receive RaftClientReply:client-0C76110B8A2B->ed5d81fa-aaf0-49db-aa57-acca1dd387bd@group-729F0664FEA8, cid=3141, SUCCESS, logIndex=4443, commits[ed5d81fa-aaf0-49db-aa57-acca1dd387bd:c4444]
2019-09-10 22:12:19,626 [grpc-default-executor-1] INFO  client.GrpcClientProtocolClient (GrpcClientProtocolClient.java:onNext(255)) - client-0C76110B8A2B->ed5d81fa-aaf0-49db-aa57-acca1dd387bd: receive RaftClientReply:client-0C76110B8A2B->ed5d81fa-aaf0-49db-aa57-acca1dd387bd@group-729F0664FEA8, cid=3142, SUCCESS, logIndex=4444, commits[ed5d81fa-aaf0-49db-aa57-acca1dd387bd:c4446]
2019-09-10 22:12:19,626 [grpc-default-executor-1] INFO  client.GrpcClientProtocolClient (GrpcClientProtocolClient.java:onNext(255)) - client-0C76110B8A2B->ed5d81fa-aaf0-49db-aa57-acca1dd387bd: receive RaftClientReply:client-0C76110B8A2B->ed5d81fa-aaf0-49db-aa57-acca1dd387bd@group-729F0664FEA8, cid=3143, SUCCESS, logIndex=4445, commits[ed5d81fa-aaf0-49db-aa57-acca1dd387bd:c4447]
2019-09-10 22:12:19,626 [grpc-default-executor-1] INFO  client.GrpcClientProtocolClient (GrpcClientProtocolClient.java:onNext(255)) - client-0C76110B8A2B->ed5d81fa-aaf0-49db-aa57-acca1dd387bd: receive RaftClientReply:client-0C76110B8A2B->ed5d81fa-aaf0-49db-aa57-acca1dd387bd@group-729F0664FEA8, cid=3144, SUCCESS, logIndex=4446, commits[ed5d81fa-aaf0-49db-aa57-acca1dd387bd:c4447]
2019-09-10 22:12:19,652 [grpc-default-executor-1] INFO  client.GrpcClientProtocolClient (GrpcClientProtocolClient.java:onNext(255)) - client-0C76110B8A2B->ed5d81fa-aaf0-49db-aa57-acca1dd387bd: receive RaftClientReply:client-0C76110B8A2B->ed5d81fa-aaf0-49db-aa57-acca1dd387bd@group-729F0664FEA8, cid=3145, SUCCESS, logIndex=4449, commits[ed5d81fa-aaf0-49db-aa57-acca1dd387bd:c4450]
2019-09-10 22:12:19,653 [grpc-default-executor-1] INFO  client.GrpcClientProtocolClient (GrpcClientProtocolClient.java:onNext(255)) - client-0C76110B8A2B->ed5d81fa-aaf0-49db-aa57-acca1dd387bd: receive RaftClientReply:client-0C76110B8A2B->ed5d81fa-aaf0-49db-aa57-acca1dd387bd@group-729F0664FEA8, cid=3146, SUCCESS, logIndex=4450, commits[ed5d81fa-aaf0-49db-aa57-acca1dd387bd:c4452]
2019-09-10 22:12:19,653 [grpc-default-executor-1] INFO  client.GrpcClientProtocolClient (GrpcClientProtocolClient.java:onNext(255)) - client-0C76110B8A2B->ed5d81fa-aaf0-49db-aa57-acca1dd387bd: receive RaftClientReply:client-0C76110B8A2B->ed5d81fa-aaf0-49db-aa57-acca1dd387bd@group-729F0664FEA8, cid=3147, SUCCESS, logIndex=4451, commits[ed5d81fa-aaf0-49db-aa57-acca1dd387bd:c4453]
2019-09-10 22:12:19,653 [grpc-default-executor-1] INFO  client.GrpcClientProtocolClient (GrpcClientProtocolClient.java:onNext(255)) - client-0C76110B8A2B->ed5d81fa-aaf0-49db-aa57-acca1dd387bd: receive RaftClientReply:client-0C76110B8A2B->ed5d81fa-aaf0-49db-aa57-acca1dd387bd@group-729F0664FEA8, cid=3148, SUCCESS, logIndex=4452, commits[ed5d81fa-aaf0-49db-aa57-acca1dd387bd:c4453]
2019-09-10 22:12:19,668 [SCMBlockDeletingService#0] DEBUG block.SCMBlockDeletingService (SCMBlockDeletingService.java:call(138)) - Running DeletedBlockTransactionScanner
2019-09-10 22:12:19,668 [SCMBlockDeletingService#0] DEBUG block.SCMBlockDeletingService (SCMBlockDeletingService.java:call(155)) - Scanned deleted blocks log and got 0 delTX to process.
2019-09-10 22:12:19,671 [grpc-default-executor-1] INFO  client.GrpcClientProtocolClient (GrpcClientProtocolClient.java:onNext(255)) - client-0C76110B8A2B->ed5d81fa-aaf0-49db-aa57-acca1dd387bd: receive RaftClientReply:client-0C76110B8A2B->ed5d81fa-aaf0-49db-aa57-acca1dd387bd@group-729F0664FEA8, cid=3149, SUCCESS, logIndex=4455, commits[ed5d81fa-aaf0-49db-aa57-acca1dd387bd:c4456]
2019-09-10 22:12:19,672 [grpc-default-executor-1] INFO  client.GrpcClientProtocolClient (GrpcClientProtocolClient.java:onNext(255)) - client-0C76110B8A2B->ed5d81fa-aaf0-49db-aa57-acca1dd387bd: receive RaftClientReply:client-0C76110B8A2B->ed5d81fa-aaf0-49db-aa57-acca1dd387bd@group-729F0664FEA8, cid=3150, SUCCESS, logIndex=4456, commits[ed5d81fa-aaf0-49db-aa57-acca1dd387bd:c4456]
2019-09-10 22:12:19,672 [grpc-default-executor-1] INFO  client.GrpcClientProtocolClient (GrpcClientProtocolClient.java:onNext(255)) - client-0C76110B8A2B->ed5d81fa-aaf0-49db-aa57-acca1dd387bd: receive RaftClientReply:client-0C76110B8A2B->ed5d81fa-aaf0-49db-aa57-acca1dd387bd@group-729F0664FEA8, cid=3151, SUCCESS, logIndex=4457, commits[ed5d81fa-aaf0-49db-aa57-acca1dd387bd:c4458]
2019-09-10 22:12:19,672 [grpc-default-executor-1] INFO  client.GrpcClientProtocolClient (GrpcClientProtocolClient.java:onNext(255)) - client-0C76110B8A2B->ed5d81fa-aaf0-49db-aa57-acca1dd387bd: receive RaftClientReply:client-0C76110B8A2B->ed5d81fa-aaf0-49db-aa57-acca1dd387bd@group-729F0664FEA8, cid=3152, SUCCESS, logIndex=4458, commits[ed5d81fa-aaf0-49db-aa57-acca1dd387bd:c4459]
2019-09-10 22:12:19,699 [grpc-default-executor-1] INFO  client.GrpcClientProtocolClient (GrpcClientProtocolClient.java:onNext(255)) - client-0C76110B8A2B->ed5d81fa-aaf0-49db-aa57-acca1dd387bd: receive RaftClientReply:client-0C76110B8A2B->ed5d81fa-aaf0-49db-aa57-acca1dd387bd@group-729F0664FEA8, cid=3153, SUCCESS, logIndex=4461, commits[ed5d81fa-aaf0-49db-aa57-acca1dd387bd:c4462]
2019-09-10 22:12:19,700 [grpc-default-executor-1] INFO  client.GrpcClientProtocolClient (GrpcClientProtocolClient.java:onNext(255)) - client-0C76110B8A2B->ed5d81fa-aaf0-49db-aa57-acca1dd387bd: receive RaftClientReply:client-0C76110B8A2B->ed5d81fa-aaf0-49db-aa57-acca1dd387bd@group-729F0664FEA8, cid=3154, SUCCESS, logIndex=4462, commits[ed5d81fa-aaf0-49db-aa57-acca1dd387bd:c4462]
2019-09-10 22:12:19,710 [grpc-default-executor-1] INFO  client.GrpcClientProtocolClient (GrpcClientProtocolClient.java:onNext(255)) - client-0C76110B8A2B->ed5d81fa-aaf0-49db-aa57-acca1dd387bd: receive RaftClientReply:client-0C76110B8A2B->ed5d81fa-aaf0-49db-aa57-acca1dd387bd@group-729F0664FEA8, cid=3155, SUCCESS, logIndex=4463, commits[ed5d81fa-aaf0-49db-aa57-acca1dd387bd:c4464]
2019-09-10 22:12:19,710 [grpc-default-executor-1] INFO  client.GrpcClientProtocolClient (GrpcClientProtocolClient.java:onNext(255)) - client-0C76110B8A2B->ed5d81fa-aaf0-49db-aa57-acca1dd387bd: receive RaftClientReply:client-0C76110B8A2B->ed5d81fa-aaf0-49db-aa57-acca1dd387bd@group-729F0664FEA8, cid=3156, SUCCESS, logIndex=4464, commits[ed5d81fa-aaf0-49db-aa57-acca1dd387bd:c4464]
2019-09-10 22:12:19,721 [grpc-default-executor-1] INFO  client.GrpcClientProtocolClient (GrpcClientProtocolClient.java:onNext(255)) - client-0C76110B8A2B->ed5d81fa-aaf0-49db-aa57-acca1dd387bd: receive RaftClientReply:client-0C76110B8A2B->ed5d81fa-aaf0-49db-aa57-acca1dd387bd@group-729F0664FEA8, cid=3157, SUCCESS, logIndex=4467, commits[ed5d81fa-aaf0-49db-aa57-acca1dd387bd:c4470]
2019-09-10 22:12:19,721 [grpc-default-executor-1] INFO  client.GrpcClientProtocolClient (GrpcClientProtocolClient.java:onNext(255)) - client-0C76110B8A2B->ed5d81fa-aaf0-49db-aa57-acca1dd387bd: receive RaftClientReply:client-0C76110B8A2B->ed5d81fa-aaf0-49db-aa57-acca1dd387bd@group-729F0664FEA8, cid=3158, SUCCESS, logIndex=4468, commits[ed5d81fa-aaf0-49db-aa57-acca1dd387bd:c4471]
2019-09-10 22:12:19,722 [grpc-default-executor-1] INFO  client.GrpcClientProtocolClient (GrpcClientProtocolClient.java:onNext(255)) - client-0C76110B8A2B->ed5d81fa-aaf0-49db-aa57-acca1dd387bd: receive RaftClientReply:client-0C76110B8A2B->ed5d81fa-aaf0-49db-aa57-acca1dd387bd@group-729F0664FEA8, cid=3159, SUCCESS, logIndex=4469, commits[ed5d81fa-aaf0-49db-aa57-acca1dd387bd:c4471]
2019-09-10 22:12:19,722 [grpc-default-executor-1] INFO  client.GrpcClientProtocolClient (GrpcClientProtocolClient.java:onNext(255)) - client-0C76110B8A2B->ed5d81fa-aaf0-49db-aa57-acca1dd387bd: receive RaftClientReply:client-0C76110B8A2B->ed5d81fa-aaf0-49db-aa57-acca1dd387bd@group-729F0664FEA8, cid=3160, SUCCESS, logIndex=4470, commits[ed5d81fa-aaf0-49db-aa57-acca1dd387bd:c4471]
2019-09-10 22:12:19,746 [grpc-default-executor-1] INFO  client.GrpcClientProtocolClient (GrpcClientProtocolClient.java:onNext(255)) - client-0C76110B8A2B->ed5d81fa-aaf0-49db-aa57-acca1dd387bd: receive RaftClientReply:client-0C76110B8A2B->ed5d81fa-aaf0-49db-aa57-acca1dd387bd@group-729F0664FEA8, cid=3161, SUCCESS, logIndex=4472, commits[ed5d81fa-aaf0-49db-aa57-acca1dd387bd:c4473]
2019-09-10 22:12:19,746 [grpc-default-executor-1] INFO  client.GrpcClientProtocolClient (GrpcClientProtocolClient.java:onNext(255)) - client-0C76110B8A2B->ed5d81fa-aaf0-49db-aa57-acca1dd387bd: receive RaftClientReply:client-0C76110B8A2B->ed5d81fa-aaf0-49db-aa57-acca1dd387bd@group-729F0664FEA8, cid=3162, SUCCESS, logIndex=4473, commits[ed5d81fa-aaf0-49db-aa57-acca1dd387bd:c4475]
2019-09-10 22:12:19,746 [grpc-default-executor-1] INFO  client.GrpcClientProtocolClient (GrpcClientProtocolClient.java:onNext(255)) - client-0C76110B8A2B->ed5d81fa-aaf0-49db-aa57-acca1dd387bd: receive RaftClientReply:client-0C76110B8A2B->ed5d81fa-aaf0-49db-aa57-acca1dd387bd@group-729F0664FEA8, cid=3163, SUCCESS, logIndex=4474, commits[ed5d81fa-aaf0-49db-aa57-acca1dd387bd:c4475]
2019-09-10 22:12:19,747 [grpc-default-executor-1] INFO  client.GrpcClientProtocolClient (GrpcClientProtocolClient.java:onNext(255)) - client-0C76110B8A2B->ed5d81fa-aaf0-49db-aa57-acca1dd387bd: receive RaftClientReply:client-0C76110B8A2B->ed5d81fa-aaf0-49db-aa57-acca1dd387bd@group-729F0664FEA8, cid=3164, SUCCESS, logIndex=4475, commits[ed5d81fa-aaf0-49db-aa57-acca1dd387bd:c4476]
2019-09-10 22:12:19,768 [SCMBlockDeletingService#0] DEBUG block.SCMBlockDeletingService (SCMBlockDeletingService.java:call(138)) - Running DeletedBlockTransactionScanner
2019-09-10 22:12:19,769 [SCMBlockDeletingService#0] DEBUG block.SCMBlockDeletingService (SCMBlockDeletingService.java:call(155)) - Scanned deleted blocks log and got 0 delTX to process.
2019-09-10 22:12:19,772 [grpc-default-executor-1] INFO  client.GrpcClientProtocolClient (GrpcClientProtocolClient.java:onNext(255)) - client-0C76110B8A2B->ed5d81fa-aaf0-49db-aa57-acca1dd387bd: receive RaftClientReply:client-0C76110B8A2B->ed5d81fa-aaf0-49db-aa57-acca1dd387bd@group-729F0664FEA8, cid=3165, SUCCESS, logIndex=4478, commits[ed5d81fa-aaf0-49db-aa57-acca1dd387bd:c4479]
2019-09-10 22:12:19,772 [grpc-default-executor-1] INFO  client.GrpcClientProtocolClient (GrpcClientProtocolClient.java:onNext(255)) - client-0C76110B8A2B->ed5d81fa-aaf0-49db-aa57-acca1dd387bd: receive RaftClientReply:client-0C76110B8A2B->ed5d81fa-aaf0-49db-aa57-acca1dd387bd@group-729F0664FEA8, cid=3166, SUCCESS, logIndex=4479, commits[ed5d81fa-aaf0-49db-aa57-acca1dd387bd:c4479]
2019-09-10 22:12:19,773 [grpc-default-executor-1] INFO  client.GrpcClientProtocolClient (GrpcClientProtocolClient.java:onNext(255)) - client-0C76110B8A2B->ed5d81fa-aaf0-49db-aa57-acca1dd387bd: receive RaftClientReply:client-0C76110B8A2B->ed5d81fa-aaf0-49db-aa57-acca1dd387bd@group-729F0664FEA8, cid=3167, SUCCESS, logIndex=4480, commits[ed5d81fa-aaf0-49db-aa57-acca1dd387bd:c4481]
2019-09-10 22:12:19,774 [grpc-default-executor-1] INFO  client.GrpcClientProtocolClient (GrpcClientProtocolClient.java:onNext(255)) - client-0C76110B8A2B->ed5d81fa-aaf0-49db-aa57-acca1dd387bd: receive RaftClientReply:client-0C76110B8A2B->ed5d81fa-aaf0-49db-aa57-acca1dd387bd@group-729F0664FEA8, cid=3168, SUCCESS, logIndex=4481, commits[ed5d81fa-aaf0-49db-aa57-acca1dd387bd:c4481]
2019-09-10 22:12:19,797 [grpc-default-executor-1] INFO  client.GrpcClientProtocolClient (GrpcClientProtocolClient.java:onNext(255)) - client-0C76110B8A2B->ed5d81fa-aaf0-49db-aa57-acca1dd387bd: receive RaftClientReply:client-0C76110B8A2B->ed5d81fa-aaf0-49db-aa57-acca1dd387bd@group-729F0664FEA8, cid=3169, SUCCESS, logIndex=4484, commits[ed5d81fa-aaf0-49db-aa57-acca1dd387bd:c4485]
2019-09-10 22:12:19,797 [grpc-default-executor-1] INFO  client.GrpcClientProtocolClient (GrpcClientProtocolClient.java:onNext(255)) - client-0C76110B8A2B->ed5d81fa-aaf0-49db-aa57-acca1dd387bd: receive RaftClientReply:client-0C76110B8A2B->ed5d81fa-aaf0-49db-aa57-acca1dd387bd@group-729F0664FEA8, cid=3170, SUCCESS, logIndex=4485, commits[ed5d81fa-aaf0-49db-aa57-acca1dd387bd:c4485]
2019-09-10 22:12:19,799 [grpc-default-executor-1] INFO  client.GrpcClientProtocolClient (GrpcClientProtocolClient.java:onNext(255)) - client-0C76110B8A2B->ed5d81fa-aaf0-49db-aa57-acca1dd387bd: receive RaftClientReply:client-0C76110B8A2B->ed5d81fa-aaf0-49db-aa57-acca1dd387bd@group-729F0664FEA8, cid=3171, SUCCESS, logIndex=4486, commits[ed5d81fa-aaf0-49db-aa57-acca1dd387bd:c4487]
2019-09-10 22:12:19,799 [grpc-default-executor-1] INFO  client.GrpcClientProtocolClient (GrpcClientProtocolClient.java:onNext(255)) - client-0C76110B8A2B->ed5d81fa-aaf0-49db-aa57-acca1dd387bd: receive RaftClientReply:client-0C76110B8A2B->ed5d81fa-aaf0-49db-aa57-acca1dd387bd@group-729F0664FEA8, cid=3172, SUCCESS, logIndex=4487, commits[ed5d81fa-aaf0-49db-aa57-acca1dd387bd:c4487]
2019-09-10 22:12:19,812 [grpc-default-executor-1] INFO  client.GrpcClientProtocolClient (GrpcClientProtocolClient.java:onNext(255)) - client-0C76110B8A2B->ed5d81fa-aaf0-49db-aa57-acca1dd387bd: receive RaftClientReply:client-0C76110B8A2B->ed5d81fa-aaf0-49db-aa57-acca1dd387bd@group-729F0664FEA8, cid=3173, SUCCESS, logIndex=4490, commits[ed5d81fa-aaf0-49db-aa57-acca1dd387bd:c4493]
2019-09-10 22:12:19,813 [grpc-default-executor-1] INFO  client.GrpcClientProtocolClient (GrpcClientProtocolClient.java:onNext(255)) - client-0C76110B8A2B->ed5d81fa-aaf0-49db-aa57-acca1dd387bd: receive RaftClientReply:client-0C76110B8A2B->ed5d81fa-aaf0-49db-aa57-acca1dd387bd@group-729F0664FEA8, cid=3174, SUCCESS, logIndex=4491, commits[ed5d81fa-aaf0-49db-aa57-acca1dd387bd:c4493]
2019-09-10 22:12:19,813 [grpc-default-executor-1] INFO  client.GrpcClientProtocolClient (GrpcClientProtocolClient.java:onNext(255)) - client-0C76110B8A2B->ed5d81fa-aaf0-49db-aa57-acca1dd387bd: receive RaftClientReply:client-0C76110B8A2B->ed5d81fa-aaf0-49db-aa57-acca1dd387bd@group-729F0664FEA8, cid=3175, SUCCESS, logIndex=4492, commits[ed5d81fa-aaf0-49db-aa57-acca1dd387bd:c4493]
2019-09-10 22:12:19,813 [grpc-default-executor-1] INFO  client.GrpcClientProtocolClient (GrpcClientProtocolClient.java:onNext(255)) - client-0C76110B8A2B->ed5d81fa-aaf0-49db-aa57-acca1dd387bd: receive RaftClientReply:client-0C76110B8A2B->ed5d81fa-aaf0-49db-aa57-acca1dd387bd@group-729F0664FEA8, cid=3176, SUCCESS, logIndex=4493, commits[ed5d81fa-aaf0-49db-aa57-acca1dd387bd:c4493]
2019-09-10 22:12:19,836 [grpc-default-executor-0] INFO  client.GrpcClientProtocolClient (GrpcClientProtocolClient.java:onNext(255)) - client-0C76110B8A2B->ed5d81fa-aaf0-49db-aa57-acca1dd387bd: receive RaftClientReply:client-0C76110B8A2B->ed5d81fa-aaf0-49db-aa57-acca1dd387bd@group-729F0664FEA8, cid=3177, SUCCESS, logIndex=4495, commits[ed5d81fa-aaf0-49db-aa57-acca1dd387bd:c4496]
2019-09-10 22:12:19,837 [grpc-default-executor-0] INFO  client.GrpcClientProtocolClient (GrpcClientProtocolClient.java:onNext(255)) - client-0C76110B8A2B->ed5d81fa-aaf0-49db-aa57-acca1dd387bd: receive RaftClientReply:client-0C76110B8A2B->ed5d81fa-aaf0-49db-aa57-acca1dd387bd@group-729F0664FEA8, cid=3178, SUCCESS, logIndex=4496, commits[ed5d81fa-aaf0-49db-aa57-acca1dd387bd:c4498]
2019-09-10 22:12:19,837 [grpc-default-executor-0] INFO  client.GrpcClientProtocolClient (GrpcClientProtocolClient.java:onNext(255)) - client-0C76110B8A2B->ed5d81fa-aaf0-49db-aa57-acca1dd387bd: receive RaftClientReply:client-0C76110B8A2B->ed5d81fa-aaf0-49db-aa57-acca1dd387bd@group-729F0664FEA8, cid=3179, SUCCESS, logIndex=4497, commits[ed5d81fa-aaf0-49db-aa57-acca1dd387bd:c4498]
2019-09-10 22:12:19,837 [grpc-default-executor-0] INFO  client.GrpcClientProtocolClient (GrpcClientProtocolClient.java:onNext(255)) - client-0C76110B8A2B->ed5d81fa-aaf0-49db-aa57-acca1dd387bd: receive RaftClientReply:client-0C76110B8A2B->ed5d81fa-aaf0-49db-aa57-acca1dd387bd@group-729F0664FEA8, cid=3180, SUCCESS, logIndex=4498, commits[ed5d81fa-aaf0-49db-aa57-acca1dd387bd:c4499]
2019-09-10 22:12:19,856 [grpc-default-executor-1] INFO  client.GrpcClientProtocolClient (GrpcClientProtocolClient.java:onNext(255)) - client-0C76110B8A2B->ed5d81fa-aaf0-49db-aa57-acca1dd387bd: receive RaftClientReply:client-0C76110B8A2B->ed5d81fa-aaf0-49db-aa57-acca1dd387bd@group-729F0664FEA8, cid=3181, SUCCESS, logIndex=4501, commits[ed5d81fa-aaf0-49db-aa57-acca1dd387bd:c4502]
2019-09-10 22:12:19,856 [grpc-default-executor-1] INFO  client.GrpcClientProtocolClient (GrpcClientProtocolClient.java:onNext(255)) - client-0C76110B8A2B->ed5d81fa-aaf0-49db-aa57-acca1dd387bd: receive RaftClientReply:client-0C76110B8A2B->ed5d81fa-aaf0-49db-aa57-acca1dd387bd@group-729F0664FEA8, cid=3182, SUCCESS, logIndex=4502, commits[ed5d81fa-aaf0-49db-aa57-acca1dd387bd:c4502]
2019-09-10 22:12:19,869 [SCMBlockDeletingService#0] DEBUG block.SCMBlockDeletingService (SCMBlockDeletingService.java:call(138)) - Running DeletedBlockTransactionScanner
2019-09-10 22:12:19,869 [SCMBlockDeletingService#0] DEBUG block.SCMBlockDeletingService (SCMBlockDeletingService.java:call(155)) - Scanned deleted blocks log and got 0 delTX to process.
2019-09-10 22:12:19,941 [grpc-default-executor-0] INFO  client.GrpcClientProtocolClient (GrpcClientProtocolClient.java:onNext(255)) - client-0C76110B8A2B->ed5d81fa-aaf0-49db-aa57-acca1dd387bd: receive RaftClientReply:client-0C76110B8A2B->ed5d81fa-aaf0-49db-aa57-acca1dd387bd@group-729F0664FEA8, cid=3183, SUCCESS, logIndex=4504, commits[ed5d81fa-aaf0-49db-aa57-acca1dd387bd:c4505]
2019-09-10 22:12:19,941 [grpc-default-executor-0] INFO  client.GrpcClientProtocolClient (GrpcClientProtocolClient.java:onNext(255)) - client-0C76110B8A2B->ed5d81fa-aaf0-49db-aa57-acca1dd387bd: receive RaftClientReply:client-0C76110B8A2B->ed5d81fa-aaf0-49db-aa57-acca1dd387bd@group-729F0664FEA8, cid=3184, SUCCESS, logIndex=4505, commits[ed5d81fa-aaf0-49db-aa57-acca1dd387bd:c4505]
2019-09-10 22:12:19,966 [grpc-default-executor-1] INFO  client.GrpcClientProtocolClient (GrpcClientProtocolClient.java:onNext(255)) - client-0C76110B8A2B->ed5d81fa-aaf0-49db-aa57-acca1dd387bd: receive RaftClientReply:client-0C76110B8A2B->ed5d81fa-aaf0-49db-aa57-acca1dd387bd@group-729F0664FEA8, cid=3185, SUCCESS, logIndex=4507, commits[ed5d81fa-aaf0-49db-aa57-acca1dd387bd:c4508]
2019-09-10 22:12:19,966 [grpc-default-executor-1] INFO  client.GrpcClientProtocolClient (GrpcClientProtocolClient.java:onNext(255)) - client-0C76110B8A2B->ed5d81fa-aaf0-49db-aa57-acca1dd387bd: receive RaftClientReply:client-0C76110B8A2B->ed5d81fa-aaf0-49db-aa57-acca1dd387bd@group-729F0664FEA8, cid=3186, SUCCESS, logIndex=4508, commits[ed5d81fa-aaf0-49db-aa57-acca1dd387bd:c4510]
2019-09-10 22:12:19,966 [grpc-default-executor-1] INFO  client.GrpcClientProtocolClient (GrpcClientProtocolClient.java:onNext(255)) - client-0C76110B8A2B->ed5d81fa-aaf0-49db-aa57-acca1dd387bd: receive RaftClientReply:client-0C76110B8A2B->ed5d81fa-aaf0-49db-aa57-acca1dd387bd@group-729F0664FEA8, cid=3187, SUCCESS, logIndex=4509, commits[ed5d81fa-aaf0-49db-aa57-acca1dd387bd:c4511]
2019-09-10 22:12:19,967 [grpc-default-executor-1] INFO  client.GrpcClientProtocolClient (GrpcClientProtocolClient.java:onNext(255)) - client-0C76110B8A2B->ed5d81fa-aaf0-49db-aa57-acca1dd387bd: receive RaftClientReply:client-0C76110B8A2B->ed5d81fa-aaf0-49db-aa57-acca1dd387bd@group-729F0664FEA8, cid=3188, SUCCESS, logIndex=4510, commits[ed5d81fa-aaf0-49db-aa57-acca1dd387bd:c4511]
2019-09-10 22:12:19,970 [SCMBlockDeletingService#0] DEBUG block.SCMBlockDeletingService (SCMBlockDeletingService.java:call(138)) - Running DeletedBlockTransactionScanner
2019-09-10 22:12:19,970 [SCMBlockDeletingService#0] DEBUG block.SCMBlockDeletingService (SCMBlockDeletingService.java:call(155)) - Scanned deleted blocks log and got 0 delTX to process.
2019-09-10 22:12:19,986 [grpc-default-executor-1] INFO  client.GrpcClientProtocolClient (GrpcClientProtocolClient.java:onNext(255)) - client-0C76110B8A2B->ed5d81fa-aaf0-49db-aa57-acca1dd387bd: receive RaftClientReply:client-0C76110B8A2B->ed5d81fa-aaf0-49db-aa57-acca1dd387bd@group-729F0664FEA8, cid=3189, SUCCESS, logIndex=4513, commits[ed5d81fa-aaf0-49db-aa57-acca1dd387bd:c4516]
2019-09-10 22:12:19,987 [grpc-default-executor-1] INFO  client.GrpcClientProtocolClient (GrpcClientProtocolClient.java:onNext(255)) - client-0C76110B8A2B->ed5d81fa-aaf0-49db-aa57-acca1dd387bd: receive RaftClientReply:client-0C76110B8A2B->ed5d81fa-aaf0-49db-aa57-acca1dd387bd@group-729F0664FEA8, cid=3190, SUCCESS, logIndex=4514, commits[ed5d81fa-aaf0-49db-aa57-acca1dd387bd:c4517]
2019-09-10 22:12:19,987 [grpc-default-executor-1] INFO  client.GrpcClientProtocolClient (GrpcClientProtocolClient.java:onNext(255)) - client-0C76110B8A2B->ed5d81fa-aaf0-49db-aa57-acca1dd387bd: receive RaftClientReply:client-0C76110B8A2B->ed5d81fa-aaf0-49db-aa57-acca1dd387bd@group-729F0664FEA8, cid=3191, SUCCESS, logIndex=4515, commits[ed5d81fa-aaf0-49db-aa57-acca1dd387bd:c4517]
2019-09-10 22:12:19,987 [grpc-default-executor-1] INFO  client.GrpcClientProtocolClient (GrpcClientProtocolClient.java:onNext(255)) - client-0C76110B8A2B->ed5d81fa-aaf0-49db-aa57-acca1dd387bd: receive RaftClientReply:client-0C76110B8A2B->ed5d81fa-aaf0-49db-aa57-acca1dd387bd@group-729F0664FEA8, cid=3192, SUCCESS, logIndex=4516, commits[ed5d81fa-aaf0-49db-aa57-acca1dd387bd:c4517]
2019-09-10 22:12:20,015 [grpc-default-executor-1] INFO  client.GrpcClientProtocolClient (GrpcClientProtocolClient.java:onNext(255)) - client-0C76110B8A2B->ed5d81fa-aaf0-49db-aa57-acca1dd387bd: receive RaftClientReply:client-0C76110B8A2B->ed5d81fa-aaf0-49db-aa57-acca1dd387bd@group-729F0664FEA8, cid=3193, SUCCESS, logIndex=4518, commits[ed5d81fa-aaf0-49db-aa57-acca1dd387bd:c4519]
2019-09-10 22:12:20,015 [grpc-default-executor-1] INFO  client.GrpcClientProtocolClient (GrpcClientProtocolClient.java:onNext(255)) - client-0C76110B8A2B->ed5d81fa-aaf0-49db-aa57-acca1dd387bd: receive RaftClientReply:client-0C76110B8A2B->ed5d81fa-aaf0-49db-aa57-acca1dd387bd@group-729F0664FEA8, cid=3194, SUCCESS, logIndex=4519, commits[ed5d81fa-aaf0-49db-aa57-acca1dd387bd:c4519]
2019-09-10 22:12:20,016 [grpc-default-executor-1] INFO  client.GrpcClientProtocolClient (GrpcClientProtocolClient.java:onNext(255)) - client-0C76110B8A2B->ed5d81fa-aaf0-49db-aa57-acca1dd387bd: receive RaftClientReply:client-0C76110B8A2B->ed5d81fa-aaf0-49db-aa57-acca1dd387bd@group-729F0664FEA8, cid=3195, SUCCESS, logIndex=4520, commits[ed5d81fa-aaf0-49db-aa57-acca1dd387bd:c4521]
2019-09-10 22:12:20,016 [grpc-default-executor-1] INFO  client.GrpcClientProtocolClient (GrpcClientProtocolClient.java:onNext(255)) - client-0C76110B8A2B->ed5d81fa-aaf0-49db-aa57-acca1dd387bd: receive RaftClientReply:client-0C76110B8A2B->ed5d81fa-aaf0-49db-aa57-acca1dd387bd@group-729F0664FEA8, cid=3196, SUCCESS, logIndex=4521, commits[ed5d81fa-aaf0-49db-aa57-acca1dd387bd:c4521]
2019-09-10 22:12:20,030 [grpc-default-executor-1] INFO  client.GrpcClientProtocolClient (GrpcClientProtocolClient.java:onNext(255)) - client-0C76110B8A2B->ed5d81fa-aaf0-49db-aa57-acca1dd387bd: receive RaftClientReply:client-0C76110B8A2B->ed5d81fa-aaf0-49db-aa57-acca1dd387bd@group-729F0664FEA8, cid=3197, SUCCESS, logIndex=4524, commits[ed5d81fa-aaf0-49db-aa57-acca1dd387bd:c4527]
2019-09-10 22:12:20,030 [grpc-default-executor-1] INFO  client.GrpcClientProtocolClient (GrpcClientProtocolClient.java:onNext(255)) - client-0C76110B8A2B->ed5d81fa-aaf0-49db-aa57-acca1dd387bd: receive RaftClientReply:client-0C76110B8A2B->ed5d81fa-aaf0-49db-aa57-acca1dd387bd@group-729F0664FEA8, cid=3198, SUCCESS, logIndex=4525, commits[ed5d81fa-aaf0-49db-aa57-acca1dd387bd:c4527]
2019-09-10 22:12:20,030 [grpc-default-executor-1] INFO  client.GrpcClientProtocolClient (GrpcClientProtocolClient.java:onNext(255)) - client-0C76110B8A2B->ed5d81fa-aaf0-49db-aa57-acca1dd387bd: receive RaftClientReply:client-0C76110B8A2B->ed5d81fa-aaf0-49db-aa57-acca1dd387bd@group-729F0664FEA8, cid=3199, SUCCESS, logIndex=4526, commits[ed5d81fa-aaf0-49db-aa57-acca1dd387bd:c4527]
2019-09-10 22:12:20,031 [grpc-default-executor-1] INFO  client.GrpcClientProtocolClient (GrpcClientProtocolClient.java:onNext(255)) - client-0C76110B8A2B->ed5d81fa-aaf0-49db-aa57-acca1dd387bd: receive RaftClientReply:client-0C76110B8A2B->ed5d81fa-aaf0-49db-aa57-acca1dd387bd@group-729F0664FEA8, cid=3200, SUCCESS, logIndex=4527, commits[ed5d81fa-aaf0-49db-aa57-acca1dd387bd:c4527]
2019-09-10 22:12:20,069 [grpc-default-executor-1] INFO  client.GrpcClientProtocolClient (GrpcClientProtocolClient.java:onNext(255)) - client-0C76110B8A2B->ed5d81fa-aaf0-49db-aa57-acca1dd387bd: receive RaftClientReply:client-0C76110B8A2B->ed5d81fa-aaf0-49db-aa57-acca1dd387bd@group-729F0664FEA8, cid=3201, SUCCESS, logIndex=4529, commits[ed5d81fa-aaf0-49db-aa57-acca1dd387bd:c4532]
2019-09-10 22:12:20,069 [grpc-default-executor-1] INFO  client.GrpcClientProtocolClient (GrpcClientProtocolClient.java:onNext(255)) - client-0C76110B8A2B->ed5d81fa-aaf0-49db-aa57-acca1dd387bd: receive RaftClientReply:client-0C76110B8A2B->ed5d81fa-aaf0-49db-aa57-acca1dd387bd@group-729F0664FEA8, cid=3202, SUCCESS, logIndex=4530, commits[ed5d81fa-aaf0-49db-aa57-acca1dd387bd:c4533]
2019-09-10 22:12:20,070 [grpc-default-executor-1] INFO  client.GrpcClientProtocolClient (GrpcClientProtocolClient.java:onNext(255)) - client-0C76110B8A2B->ed5d81fa-aaf0-49db-aa57-acca1dd387bd: receive RaftClientReply:client-0C76110B8A2B->ed5d81fa-aaf0-49db-aa57-acca1dd387bd@group-729F0664FEA8, cid=3203, SUCCESS, logIndex=4531, commits[ed5d81fa-aaf0-49db-aa57-acca1dd387bd:c4533]
2019-09-10 22:12:20,070 [grpc-default-executor-1] INFO  client.GrpcClientProtocolClient (GrpcClientProtocolClient.java:onNext(255)) - client-0C76110B8A2B->ed5d81fa-aaf0-49db-aa57-acca1dd387bd: receive RaftClientReply:client-0C76110B8A2B->ed5d81fa-aaf0-49db-aa57-acca1dd387bd@group-729F0664FEA8, cid=3204, SUCCESS, logIndex=4532, commits[ed5d81fa-aaf0-49db-aa57-acca1dd387bd:c4533]
2019-09-10 22:12:20,070 [SCMBlockDeletingService#0] DEBUG block.SCMBlockDeletingService (SCMBlockDeletingService.java:call(138)) - Running DeletedBlockTransactionScanner
2019-09-10 22:12:20,070 [SCMBlockDeletingService#0] DEBUG block.SCMBlockDeletingService (SCMBlockDeletingService.java:call(155)) - Scanned deleted blocks log and got 0 delTX to process.
2019-09-10 22:12:20,087 [grpc-default-executor-0] INFO  client.GrpcClientProtocolClient (GrpcClientProtocolClient.java:onNext(255)) - client-0C76110B8A2B->ed5d81fa-aaf0-49db-aa57-acca1dd387bd: receive RaftClientReply:client-0C76110B8A2B->ed5d81fa-aaf0-49db-aa57-acca1dd387bd@group-729F0664FEA8, cid=3205, SUCCESS, logIndex=4534, commits[ed5d81fa-aaf0-49db-aa57-acca1dd387bd:c4535]
2019-09-10 22:12:20,087 [grpc-default-executor-0] INFO  client.GrpcClientProtocolClient (GrpcClientProtocolClient.java:onNext(255)) - client-0C76110B8A2B->ed5d81fa-aaf0-49db-aa57-acca1dd387bd: receive RaftClientReply:client-0C76110B8A2B->ed5d81fa-aaf0-49db-aa57-acca1dd387bd@group-729F0664FEA8, cid=3206, SUCCESS, logIndex=4535, commits[ed5d81fa-aaf0-49db-aa57-acca1dd387bd:c4537]
2019-09-10 22:12:20,088 [grpc-default-executor-0] INFO  client.GrpcClientProtocolClient (GrpcClientProtocolClient.java:onNext(255)) - client-0C76110B8A2B->ed5d81fa-aaf0-49db-aa57-acca1dd387bd: receive RaftClientReply:client-0C76110B8A2B->ed5d81fa-aaf0-49db-aa57-acca1dd387bd@group-729F0664FEA8, cid=3207, SUCCESS, logIndex=4536, commits[ed5d81fa-aaf0-49db-aa57-acca1dd387bd:c4537]
2019-09-10 22:12:20,088 [grpc-default-executor-0] INFO  client.GrpcClientProtocolClient (GrpcClientProtocolClient.java:onNext(255)) - client-0C76110B8A2B->ed5d81fa-aaf0-49db-aa57-acca1dd387bd: receive RaftClientReply:client-0C76110B8A2B->ed5d81fa-aaf0-49db-aa57-acca1dd387bd@group-729F0664FEA8, cid=3208, SUCCESS, logIndex=4537, commits[ed5d81fa-aaf0-49db-aa57-acca1dd387bd:c4538]
2019-09-10 22:12:20,114 [grpc-default-executor-0] INFO  client.GrpcClientProtocolClient (GrpcClientProtocolClient.java:onNext(255)) - client-0C76110B8A2B->ed5d81fa-aaf0-49db-aa57-acca1dd387bd: receive RaftClientReply:client-0C76110B8A2B->ed5d81fa-aaf0-49db-aa57-acca1dd387bd@group-729F0664FEA8, cid=3209, SUCCESS, logIndex=4540, commits[ed5d81fa-aaf0-49db-aa57-acca1dd387bd:c4543]
2019-09-10 22:12:20,115 [grpc-default-executor-0] INFO  client.GrpcClientProtocolClient (GrpcClientProtocolClient.java:onNext(255)) - client-0C76110B8A2B->ed5d81fa-aaf0-49db-aa57-acca1dd387bd: receive RaftClientReply:client-0C76110B8A2B->ed5d81fa-aaf0-49db-aa57-acca1dd387bd@group-729F0664FEA8, cid=3210, SUCCESS, logIndex=4541, commits[ed5d81fa-aaf0-49db-aa57-acca1dd387bd:c4543]
2019-09-10 22:12:20,115 [grpc-default-executor-0] INFO  client.GrpcClientProtocolClient (GrpcClientProtocolClient.java:onNext(255)) - client-0C76110B8A2B->ed5d81fa-aaf0-49db-aa57-acca1dd387bd: receive RaftClientReply:client-0C76110B8A2B->ed5d81fa-aaf0-49db-aa57-acca1dd387bd@group-729F0664FEA8, cid=3211, SUCCESS, logIndex=4542, commits[ed5d81fa-aaf0-49db-aa57-acca1dd387bd:c4544]
2019-09-10 22:12:20,115 [grpc-default-executor-0] INFO  client.GrpcClientProtocolClient (GrpcClientProtocolClient.java:onNext(255)) - client-0C76110B8A2B->ed5d81fa-aaf0-49db-aa57-acca1dd387bd: receive RaftClientReply:client-0C76110B8A2B->ed5d81fa-aaf0-49db-aa57-acca1dd387bd@group-729F0664FEA8, cid=3212, SUCCESS, logIndex=4543, commits[ed5d81fa-aaf0-49db-aa57-acca1dd387bd:c4544]
2019-09-10 22:12:20,133 [grpc-default-executor-0] INFO  client.GrpcClientProtocolClient (GrpcClientProtocolClient.java:onNext(255)) - client-0C76110B8A2B->ed5d81fa-aaf0-49db-aa57-acca1dd387bd: receive RaftClientReply:client-0C76110B8A2B->ed5d81fa-aaf0-49db-aa57-acca1dd387bd@group-729F0664FEA8, cid=3213, SUCCESS, logIndex=4545, commits[ed5d81fa-aaf0-49db-aa57-acca1dd387bd:c4546]
2019-09-10 22:12:20,133 [grpc-default-executor-0] INFO  client.GrpcClientProtocolClient (GrpcClientProtocolClient.java:onNext(255)) - client-0C76110B8A2B->ed5d81fa-aaf0-49db-aa57-acca1dd387bd: receive RaftClientReply:client-0C76110B8A2B->ed5d81fa-aaf0-49db-aa57-acca1dd387bd@group-729F0664FEA8, cid=3214, SUCCESS, logIndex=4546, commits[ed5d81fa-aaf0-49db-aa57-acca1dd387bd:c4548]
2019-09-10 22:12:20,133 [grpc-default-executor-0] INFO  client.GrpcClientProtocolClient (GrpcClientProtocolClient.java:onNext(255)) - client-0C76110B8A2B->ed5d81fa-aaf0-49db-aa57-acca1dd387bd: receive RaftClientReply:client-0C76110B8A2B->ed5d81fa-aaf0-49db-aa57-acca1dd387bd@group-729F0664FEA8, cid=3215, SUCCESS, logIndex=4547, commits[ed5d81fa-aaf0-49db-aa57-acca1dd387bd:c4548]
2019-09-10 22:12:20,134 [grpc-default-executor-0] INFO  client.GrpcClientProtocolClient (GrpcClientProtocolClient.java:onNext(255)) - client-0C76110B8A2B->ed5d81fa-aaf0-49db-aa57-acca1dd387bd: receive RaftClientReply:client-0C76110B8A2B->ed5d81fa-aaf0-49db-aa57-acca1dd387bd@group-729F0664FEA8, cid=3216, SUCCESS, logIndex=4548, commits[ed5d81fa-aaf0-49db-aa57-acca1dd387bd:c4548]
2019-09-10 22:12:20,161 [grpc-default-executor-1] INFO  client.GrpcClientProtocolClient (GrpcClientProtocolClient.java:onNext(255)) - client-0C76110B8A2B->ed5d81fa-aaf0-49db-aa57-acca1dd387bd: receive RaftClientReply:client-0C76110B8A2B->ed5d81fa-aaf0-49db-aa57-acca1dd387bd@group-729F0664FEA8, cid=3217, SUCCESS, logIndex=4551, commits[ed5d81fa-aaf0-49db-aa57-acca1dd387bd:c4554]
2019-09-10 22:12:20,161 [grpc-default-executor-1] INFO  client.GrpcClientProtocolClient (GrpcClientProtocolClient.java:onNext(255)) - client-0C76110B8A2B->ed5d81fa-aaf0-49db-aa57-acca1dd387bd: receive RaftClientReply:client-0C76110B8A2B->ed5d81fa-aaf0-49db-aa57-acca1dd387bd@group-729F0664FEA8, cid=3218, SUCCESS, logIndex=4552, commits[ed5d81fa-aaf0-49db-aa57-acca1dd387bd:c4555]
2019-09-10 22:12:20,162 [grpc-default-executor-1] INFO  client.GrpcClientProtocolClient (GrpcClientProtocolClient.java:onNext(255)) - client-0C76110B8A2B->ed5d81fa-aaf0-49db-aa57-acca1dd387bd: receive RaftClientReply:client-0C76110B8A2B->ed5d81fa-aaf0-49db-aa57-acca1dd387bd@group-729F0664FEA8, cid=3219, SUCCESS, logIndex=4553, commits[ed5d81fa-aaf0-49db-aa57-acca1dd387bd:c4555]
2019-09-10 22:12:20,162 [grpc-default-executor-1] INFO  client.GrpcClientProtocolClient (GrpcClientProtocolClient.java:onNext(255)) - client-0C76110B8A2B->ed5d81fa-aaf0-49db-aa57-acca1dd387bd: receive RaftClientReply:client-0C76110B8A2B->ed5d81fa-aaf0-49db-aa57-acca1dd387bd@group-729F0664FEA8, cid=3220, SUCCESS, logIndex=4554, commits[ed5d81fa-aaf0-49db-aa57-acca1dd387bd:c4555]
2019-09-10 22:12:20,171 [SCMBlockDeletingService#0] DEBUG block.SCMBlockDeletingService (SCMBlockDeletingService.java:call(138)) - Running DeletedBlockTransactionScanner
2019-09-10 22:12:20,171 [SCMBlockDeletingService#0] DEBUG block.SCMBlockDeletingService (SCMBlockDeletingService.java:call(155)) - Scanned deleted blocks log and got 0 delTX to process.
2019-09-10 22:12:20,179 [grpc-default-executor-1] INFO  client.GrpcClientProtocolClient (GrpcClientProtocolClient.java:onNext(255)) - client-0C76110B8A2B->ed5d81fa-aaf0-49db-aa57-acca1dd387bd: receive RaftClientReply:client-0C76110B8A2B->ed5d81fa-aaf0-49db-aa57-acca1dd387bd@group-729F0664FEA8, cid=3221, SUCCESS, logIndex=4556, commits[ed5d81fa-aaf0-49db-aa57-acca1dd387bd:c4557]
2019-09-10 22:12:20,179 [grpc-default-executor-1] INFO  client.GrpcClientProtocolClient (GrpcClientProtocolClient.java:onNext(255)) - client-0C76110B8A2B->ed5d81fa-aaf0-49db-aa57-acca1dd387bd: receive RaftClientReply:client-0C76110B8A2B->ed5d81fa-aaf0-49db-aa57-acca1dd387bd@group-729F0664FEA8, cid=3222, SUCCESS, logIndex=4557, commits[ed5d81fa-aaf0-49db-aa57-acca1dd387bd:c4559]
2019-09-10 22:12:20,179 [grpc-default-executor-1] INFO  client.GrpcClientProtocolClient (GrpcClientProtocolClient.java:onNext(255)) - client-0C76110B8A2B->ed5d81fa-aaf0-49db-aa57-acca1dd387bd: receive RaftClientReply:client-0C76110B8A2B->ed5d81fa-aaf0-49db-aa57-acca1dd387bd@group-729F0664FEA8, cid=3223, SUCCESS, logIndex=4558, commits[ed5d81fa-aaf0-49db-aa57-acca1dd387bd:c4559]
2019-09-10 22:12:20,179 [grpc-default-executor-1] INFO  client.GrpcClientProtocolClient (GrpcClientProtocolClient.java:onNext(255)) - client-0C76110B8A2B->ed5d81fa-aaf0-49db-aa57-acca1dd387bd: receive RaftClientReply:client-0C76110B8A2B->ed5d81fa-aaf0-49db-aa57-acca1dd387bd@group-729F0664FEA8, cid=3224, SUCCESS, logIndex=4559, commits[ed5d81fa-aaf0-49db-aa57-acca1dd387bd:c4560]
2019-09-10 22:12:20,603 [SCMBlockDeletingService#0] DEBUG block.SCMBlockDeletingService (SCMBlockDeletingService.java:call(138)) - Running DeletedBlockTransactionScanner
2019-09-10 22:12:20,603 [SCMBlockDeletingService#0] DEBUG block.SCMBlockDeletingService (SCMBlockDeletingService.java:call(155)) - Scanned deleted blocks log and got 0 delTX to process.
2019-09-10 22:12:20,617 [grpc-default-executor-0] INFO  client.GrpcClientProtocolClient (GrpcClientProtocolClient.java:onNext(255)) - client-0C76110B8A2B->ed5d81fa-aaf0-49db-aa57-acca1dd387bd: receive RaftClientReply:client-0C76110B8A2B->ed5d81fa-aaf0-49db-aa57-acca1dd387bd@group-729F0664FEA8, cid=3225, SUCCESS, logIndex=4562, commits[ed5d81fa-aaf0-49db-aa57-acca1dd387bd:c4563]
2019-09-10 22:12:20,618 [grpc-default-executor-0] INFO  client.GrpcClientProtocolClient (GrpcClientProtocolClient.java:onNext(255)) - client-0C76110B8A2B->ed5d81fa-aaf0-49db-aa57-acca1dd387bd: receive RaftClientReply:client-0C76110B8A2B->ed5d81fa-aaf0-49db-aa57-acca1dd387bd@group-729F0664FEA8, cid=3226, SUCCESS, logIndex=4563, commits[ed5d81fa-aaf0-49db-aa57-acca1dd387bd:c4564]
2019-09-10 22:12:20,703 [SCMBlockDeletingService#0] DEBUG block.SCMBlockDeletingService (SCMBlockDeletingService.java:call(138)) - Running DeletedBlockTransactionScanner
2019-09-10 22:12:20,704 [SCMBlockDeletingService#0] DEBUG block.SCMBlockDeletingService (SCMBlockDeletingService.java:call(155)) - Scanned deleted blocks log and got 0 delTX to process.
2019-09-10 22:12:20,748 [grpc-default-executor-1] INFO  client.GrpcClientProtocolClient (GrpcClientProtocolClient.java:onNext(255)) - client-0C76110B8A2B->ed5d81fa-aaf0-49db-aa57-acca1dd387bd: receive RaftClientReply:client-0C76110B8A2B->ed5d81fa-aaf0-49db-aa57-acca1dd387bd@group-729F0664FEA8, cid=3227, SUCCESS, logIndex=4565, commits[ed5d81fa-aaf0-49db-aa57-acca1dd387bd:c4566]
2019-09-10 22:12:20,748 [grpc-default-executor-1] INFO  client.GrpcClientProtocolClient (GrpcClientProtocolClient.java:onNext(255)) - client-0C76110B8A2B->ed5d81fa-aaf0-49db-aa57-acca1dd387bd: receive RaftClientReply:client-0C76110B8A2B->ed5d81fa-aaf0-49db-aa57-acca1dd387bd@group-729F0664FEA8, cid=3228, SUCCESS, logIndex=4566, commits[ed5d81fa-aaf0-49db-aa57-acca1dd387bd:c4567]
2019-09-10 22:12:20,767 [grpc-default-executor-1] INFO  client.GrpcClientProtocolClient (GrpcClientProtocolClient.java:onNext(255)) - client-0C76110B8A2B->ed5d81fa-aaf0-49db-aa57-acca1dd387bd: receive RaftClientReply:client-0C76110B8A2B->ed5d81fa-aaf0-49db-aa57-acca1dd387bd@group-729F0664FEA8, cid=3229, SUCCESS, logIndex=4568, commits[ed5d81fa-aaf0-49db-aa57-acca1dd387bd:c4571]
2019-09-10 22:12:20,767 [grpc-default-executor-1] INFO  client.GrpcClientProtocolClient (GrpcClientProtocolClient.java:onNext(255)) - client-0C76110B8A2B->ed5d81fa-aaf0-49db-aa57-acca1dd387bd: receive RaftClientReply:client-0C76110B8A2B->ed5d81fa-aaf0-49db-aa57-acca1dd387bd@group-729F0664FEA8, cid=3230, SUCCESS, logIndex=4569, commits[ed5d81fa-aaf0-49db-aa57-acca1dd387bd:c4572]
2019-09-10 22:12:20,767 [grpc-default-executor-1] INFO  client.GrpcClientProtocolClient (GrpcClientProtocolClient.java:onNext(255)) - client-0C76110B8A2B->ed5d81fa-aaf0-49db-aa57-acca1dd387bd: receive RaftClientReply:client-0C76110B8A2B->ed5d81fa-aaf0-49db-aa57-acca1dd387bd@group-729F0664FEA8, cid=3231, SUCCESS, logIndex=4570, commits[ed5d81fa-aaf0-49db-aa57-acca1dd387bd:c4572]
2019-09-10 22:12:20,768 [grpc-default-executor-1] INFO  client.GrpcClientProtocolClient (GrpcClientProtocolClient.java:onNext(255)) - client-0C76110B8A2B->ed5d81fa-aaf0-49db-aa57-acca1dd387bd: receive RaftClientReply:client-0C76110B8A2B->ed5d81fa-aaf0-49db-aa57-acca1dd387bd@group-729F0664FEA8, cid=3232, SUCCESS, logIndex=4571, commits[ed5d81fa-aaf0-49db-aa57-acca1dd387bd:c4572]
2019-09-10 22:12:20,796 [grpc-default-executor-1] INFO  client.GrpcClientProtocolClient (GrpcClientProtocolClient.java:onNext(255)) - client-0C76110B8A2B->ed5d81fa-aaf0-49db-aa57-acca1dd387bd: receive RaftClientReply:client-0C76110B8A2B->ed5d81fa-aaf0-49db-aa57-acca1dd387bd@group-729F0664FEA8, cid=3233, SUCCESS, logIndex=4573, commits[ed5d81fa-aaf0-49db-aa57-acca1dd387bd:c4574]
2019-09-10 22:12:20,796 [grpc-default-executor-1] INFO  client.GrpcClientProtocolClient (GrpcClientProtocolClient.java:onNext(255)) - client-0C76110B8A2B->ed5d81fa-aaf0-49db-aa57-acca1dd387bd: receive RaftClientReply:client-0C76110B8A2B->ed5d81fa-aaf0-49db-aa57-acca1dd387bd@group-729F0664FEA8, cid=3234, SUCCESS, logIndex=4574, commits[ed5d81fa-aaf0-49db-aa57-acca1dd387bd:c4574]
2019-09-10 22:12:20,804 [SCMBlockDeletingService#0] DEBUG block.SCMBlockDeletingService (SCMBlockDeletingService.java:call(138)) - Running DeletedBlockTransactionScanner
2019-09-10 22:12:20,804 [SCMBlockDeletingService#0] DEBUG block.SCMBlockDeletingService (SCMBlockDeletingService.java:call(155)) - Scanned deleted blocks log and got 0 delTX to process.
2019-09-10 22:12:20,810 [grpc-default-executor-1] INFO  client.GrpcClientProtocolClient (GrpcClientProtocolClient.java:onNext(255)) - client-0C76110B8A2B->ed5d81fa-aaf0-49db-aa57-acca1dd387bd: receive RaftClientReply:client-0C76110B8A2B->ed5d81fa-aaf0-49db-aa57-acca1dd387bd@group-729F0664FEA8, cid=3235, SUCCESS, logIndex=4575, commits[ed5d81fa-aaf0-49db-aa57-acca1dd387bd:c4576]
2019-09-10 22:12:20,811 [grpc-default-executor-1] INFO  client.GrpcClientProtocolClient (GrpcClientProtocolClient.java:onNext(255)) - client-0C76110B8A2B->ed5d81fa-aaf0-49db-aa57-acca1dd387bd: receive RaftClientReply:client-0C76110B8A2B->ed5d81fa-aaf0-49db-aa57-acca1dd387bd@group-729F0664FEA8, cid=3236, SUCCESS, logIndex=4576, commits[ed5d81fa-aaf0-49db-aa57-acca1dd387bd:c4577]
2019-09-10 22:12:20,831 [grpc-default-executor-1] INFO  client.GrpcClientProtocolClient (GrpcClientProtocolClient.java:onNext(255)) - client-0C76110B8A2B->ed5d81fa-aaf0-49db-aa57-acca1dd387bd: receive RaftClientReply:client-0C76110B8A2B->ed5d81fa-aaf0-49db-aa57-acca1dd387bd@group-729F0664FEA8, cid=3237, SUCCESS, logIndex=4579, commits[ed5d81fa-aaf0-49db-aa57-acca1dd387bd:c4582]
2019-09-10 22:12:20,831 [grpc-default-executor-1] INFO  client.GrpcClientProtocolClient (GrpcClientProtocolClient.java:onNext(255)) - client-0C76110B8A2B->ed5d81fa-aaf0-49db-aa57-acca1dd387bd: receive RaftClientReply:client-0C76110B8A2B->ed5d81fa-aaf0-49db-aa57-acca1dd387bd@group-729F0664FEA8, cid=3238, SUCCESS, logIndex=4580, commits[ed5d81fa-aaf0-49db-aa57-acca1dd387bd:c4583]
2019-09-10 22:12:20,832 [grpc-default-executor-1] INFO  client.GrpcClientProtocolClient (GrpcClientProtocolClient.java:onNext(255)) - client-0C76110B8A2B->ed5d81fa-aaf0-49db-aa57-acca1dd387bd: receive RaftClientReply:client-0C76110B8A2B->ed5d81fa-aaf0-49db-aa57-acca1dd387bd@group-729F0664FEA8, cid=3239, SUCCESS, logIndex=4581, commits[ed5d81fa-aaf0-49db-aa57-acca1dd387bd:c4583]
2019-09-10 22:12:20,832 [grpc-default-executor-1] INFO  client.GrpcClientProtocolClient (GrpcClientProtocolClient.java:onNext(255)) - client-0C76110B8A2B->ed5d81fa-aaf0-49db-aa57-acca1dd387bd: receive RaftClientReply:client-0C76110B8A2B->ed5d81fa-aaf0-49db-aa57-acca1dd387bd@group-729F0664FEA8, cid=3240, SUCCESS, logIndex=4582, commits[ed5d81fa-aaf0-49db-aa57-acca1dd387bd:c4583]
2019-09-10 22:12:20,861 [grpc-default-executor-1] INFO  client.GrpcClientProtocolClient (GrpcClientProtocolClient.java:onNext(255)) - client-0C76110B8A2B->ed5d81fa-aaf0-49db-aa57-acca1dd387bd: receive RaftClientReply:client-0C76110B8A2B->ed5d81fa-aaf0-49db-aa57-acca1dd387bd@group-729F0664FEA8, cid=3241, SUCCESS, logIndex=4584, commits[ed5d81fa-aaf0-49db-aa57-acca1dd387bd:c4587]
2019-09-10 22:12:20,862 [grpc-default-executor-1] INFO  client.GrpcClientProtocolClient (GrpcClientProtocolClient.java:onNext(255)) - client-0C76110B8A2B->ed5d81fa-aaf0-49db-aa57-acca1dd387bd: receive RaftClientReply:client-0C76110B8A2B->ed5d81fa-aaf0-49db-aa57-acca1dd387bd@group-729F0664FEA8, cid=3242, SUCCESS, logIndex=4585, commits[ed5d81fa-aaf0-49db-aa57-acca1dd387bd:c4588]
2019-09-10 22:12:20,862 [grpc-default-executor-1] INFO  client.GrpcClientProtocolClient (GrpcClientProtocolClient.java:onNext(255)) - client-0C76110B8A2B->ed5d81fa-aaf0-49db-aa57-acca1dd387bd: receive RaftClientReply:client-0C76110B8A2B->ed5d81fa-aaf0-49db-aa57-acca1dd387bd@group-729F0664FEA8, cid=3243, SUCCESS, logIndex=4586, commits[ed5d81fa-aaf0-49db-aa57-acca1dd387bd:c4588]
2019-09-10 22:12:20,862 [grpc-default-executor-1] INFO  client.GrpcClientProtocolClient (GrpcClientProtocolClient.java:onNext(255)) - client-0C76110B8A2B->ed5d81fa-aaf0-49db-aa57-acca1dd387bd: receive RaftClientReply:client-0C76110B8A2B->ed5d81fa-aaf0-49db-aa57-acca1dd387bd@group-729F0664FEA8, cid=3244, SUCCESS, logIndex=4587, commits[ed5d81fa-aaf0-49db-aa57-acca1dd387bd:c4588]
2019-09-10 22:12:20,882 [grpc-default-executor-0] INFO  client.GrpcClientProtocolClient (GrpcClientProtocolClient.java:onNext(255)) - client-0C76110B8A2B->ed5d81fa-aaf0-49db-aa57-acca1dd387bd: receive RaftClientReply:client-0C76110B8A2B->ed5d81fa-aaf0-49db-aa57-acca1dd387bd@group-729F0664FEA8, cid=3245, SUCCESS, logIndex=4589, commits[ed5d81fa-aaf0-49db-aa57-acca1dd387bd:c4592]
2019-09-10 22:12:20,882 [grpc-default-executor-0] INFO  client.GrpcClientProtocolClient (GrpcClientProtocolClient.java:onNext(255)) - client-0C76110B8A2B->ed5d81fa-aaf0-49db-aa57-acca1dd387bd: receive RaftClientReply:client-0C76110B8A2B->ed5d81fa-aaf0-49db-aa57-acca1dd387bd@group-729F0664FEA8, cid=3246, SUCCESS, logIndex=4590, commits[ed5d81fa-aaf0-49db-aa57-acca1dd387bd:c4592]
2019-09-10 22:12:20,883 [grpc-default-executor-0] INFO  client.GrpcClientProtocolClient (GrpcClientProtocolClient.java:onNext(255)) - client-0C76110B8A2B->ed5d81fa-aaf0-49db-aa57-acca1dd387bd: receive RaftClientReply:client-0C76110B8A2B->ed5d81fa-aaf0-49db-aa57-acca1dd387bd@group-729F0664FEA8, cid=3247, SUCCESS, logIndex=4591, commits[ed5d81fa-aaf0-49db-aa57-acca1dd387bd:c4592]
2019-09-10 22:12:20,883 [grpc-default-executor-0] INFO  client.GrpcClientProtocolClient (GrpcClientProtocolClient.java:onNext(255)) - client-0C76110B8A2B->ed5d81fa-aaf0-49db-aa57-acca1dd387bd: receive RaftClientReply:client-0C76110B8A2B->ed5d81fa-aaf0-49db-aa57-acca1dd387bd@group-729F0664FEA8, cid=3248, SUCCESS, logIndex=4592, commits[ed5d81fa-aaf0-49db-aa57-acca1dd387bd:c4592]
2019-09-10 22:12:20,903 [grpc-default-executor-0] INFO  client.GrpcClientProtocolClient (GrpcClientProtocolClient.java:onNext(255)) - client-0C76110B8A2B->ed5d81fa-aaf0-49db-aa57-acca1dd387bd: receive RaftClientReply:client-0C76110B8A2B->ed5d81fa-aaf0-49db-aa57-acca1dd387bd@group-729F0664FEA8, cid=3249, SUCCESS, logIndex=4594, commits[ed5d81fa-aaf0-49db-aa57-acca1dd387bd:c4597]
2019-09-10 22:12:20,904 [grpc-default-executor-0] INFO  client.GrpcClientProtocolClient (GrpcClientProtocolClient.java:onNext(255)) - client-0C76110B8A2B->ed5d81fa-aaf0-49db-aa57-acca1dd387bd: receive RaftClientReply:client-0C76110B8A2B->ed5d81fa-aaf0-49db-aa57-acca1dd387bd@group-729F0664FEA8, cid=3250, SUCCESS, logIndex=4595, commits[ed5d81fa-aaf0-49db-aa57-acca1dd387bd:c4598]
2019-09-10 22:12:20,904 [grpc-default-executor-0] INFO  client.GrpcClientProtocolClient (GrpcClientProtocolClient.java:onNext(255)) - client-0C76110B8A2B->ed5d81fa-aaf0-49db-aa57-acca1dd387bd: receive RaftClientReply:client-0C76110B8A2B->ed5d81fa-aaf0-49db-aa57-acca1dd387bd@group-729F0664FEA8, cid=3251, SUCCESS, logIndex=4596, commits[ed5d81fa-aaf0-49db-aa57-acca1dd387bd:c4598]
2019-09-10 22:12:20,905 [grpc-default-executor-0] INFO  client.GrpcClientProtocolClient (GrpcClientProtocolClient.java:onNext(255)) - client-0C76110B8A2B->ed5d81fa-aaf0-49db-aa57-acca1dd387bd: receive RaftClientReply:client-0C76110B8A2B->ed5d81fa-aaf0-49db-aa57-acca1dd387bd@group-729F0664FEA8, cid=3252, SUCCESS, logIndex=4597, commits[ed5d81fa-aaf0-49db-aa57-acca1dd387bd:c4598]
2019-09-10 22:12:20,905 [SCMBlockDeletingService#0] DEBUG block.SCMBlockDeletingService (SCMBlockDeletingService.java:call(138)) - Running DeletedBlockTransactionScanner
2019-09-10 22:12:20,905 [SCMBlockDeletingService#0] DEBUG block.SCMBlockDeletingService (SCMBlockDeletingService.java:call(155)) - Scanned deleted blocks log and got 0 delTX to process.
2019-09-10 22:12:20,922 [grpc-default-executor-1] INFO  client.GrpcClientProtocolClient (GrpcClientProtocolClient.java:onNext(255)) - client-0C76110B8A2B->ed5d81fa-aaf0-49db-aa57-acca1dd387bd: receive RaftClientReply:client-0C76110B8A2B->ed5d81fa-aaf0-49db-aa57-acca1dd387bd@group-729F0664FEA8, cid=3253, SUCCESS, logIndex=4599, commits[ed5d81fa-aaf0-49db-aa57-acca1dd387bd:c4600]
2019-09-10 22:12:20,922 [grpc-default-executor-1] INFO  client.GrpcClientProtocolClient (GrpcClientProtocolClient.java:onNext(255)) - client-0C76110B8A2B->ed5d81fa-aaf0-49db-aa57-acca1dd387bd: receive RaftClientReply:client-0C76110B8A2B->ed5d81fa-aaf0-49db-aa57-acca1dd387bd@group-729F0664FEA8, cid=3254, SUCCESS, logIndex=4600, commits[ed5d81fa-aaf0-49db-aa57-acca1dd387bd:c4602]
2019-09-10 22:12:20,923 [grpc-default-executor-1] INFO  client.GrpcClientProtocolClient (GrpcClientProtocolClient.java:onNext(255)) - client-0C76110B8A2B->ed5d81fa-aaf0-49db-aa57-acca1dd387bd: receive RaftClientReply:client-0C76110B8A2B->ed5d81fa-aaf0-49db-aa57-acca1dd387bd@group-729F0664FEA8, cid=3255, SUCCESS, logIndex=4601, commits[ed5d81fa-aaf0-49db-aa57-acca1dd387bd:c4603]
2019-09-10 22:12:20,923 [grpc-default-executor-1] INFO  client.GrpcClientProtocolClient (GrpcClientProtocolClient.java:onNext(255)) - client-0C76110B8A2B->ed5d81fa-aaf0-49db-aa57-acca1dd387bd: receive RaftClientReply:client-0C76110B8A2B->ed5d81fa-aaf0-49db-aa57-acca1dd387bd@group-729F0664FEA8, cid=3256, SUCCESS, logIndex=4602, commits[ed5d81fa-aaf0-49db-aa57-acca1dd387bd:c4603]
2019-09-10 22:12:20,951 [grpc-default-executor-0] INFO  client.GrpcClientProtocolClient (GrpcClientProtocolClient.java:onNext(255)) - client-0C76110B8A2B->ed5d81fa-aaf0-49db-aa57-acca1dd387bd: receive RaftClientReply:client-0C76110B8A2B->ed5d81fa-aaf0-49db-aa57-acca1dd387bd@group-729F0664FEA8, cid=3257, SUCCESS, logIndex=4605, commits[ed5d81fa-aaf0-49db-aa57-acca1dd387bd:c4608]
2019-09-10 22:12:20,951 [grpc-default-executor-0] INFO  client.GrpcClientProtocolClient (GrpcClientProtocolClient.java:onNext(255)) - client-0C76110B8A2B->ed5d81fa-aaf0-49db-aa57-acca1dd387bd: receive RaftClientReply:client-0C76110B8A2B->ed5d81fa-aaf0-49db-aa57-acca1dd387bd@group-729F0664FEA8, cid=3258, SUCCESS, logIndex=4606, commits[ed5d81fa-aaf0-49db-aa57-acca1dd387bd:c4608]
2019-09-10 22:12:20,952 [grpc-default-executor-0] INFO  client.GrpcClientProtocolClient (GrpcClientProtocolClient.java:onNext(255)) - client-0C76110B8A2B->ed5d81fa-aaf0-49db-aa57-acca1dd387bd: receive RaftClientReply:client-0C76110B8A2B->ed5d81fa-aaf0-49db-aa57-acca1dd387bd@group-729F0664FEA8, cid=3259, SUCCESS, logIndex=4607, commits[ed5d81fa-aaf0-49db-aa57-acca1dd387bd:c4608]
2019-09-10 22:12:20,952 [grpc-default-executor-0] INFO  client.GrpcClientProtocolClient (GrpcClientProtocolClient.java:onNext(255)) - client-0C76110B8A2B->ed5d81fa-aaf0-49db-aa57-acca1dd387bd: receive RaftClientReply:client-0C76110B8A2B->ed5d81fa-aaf0-49db-aa57-acca1dd387bd@group-729F0664FEA8, cid=3260, SUCCESS, logIndex=4608, commits[ed5d81fa-aaf0-49db-aa57-acca1dd387bd:c4609]
2019-09-10 22:12:20,971 [grpc-default-executor-1] INFO  client.GrpcClientProtocolClient (GrpcClientProtocolClient.java:onNext(255)) - client-0C76110B8A2B->ed5d81fa-aaf0-49db-aa57-acca1dd387bd: receive RaftClientReply:client-0C76110B8A2B->ed5d81fa-aaf0-49db-aa57-acca1dd387bd@group-729F0664FEA8, cid=3261, SUCCESS, logIndex=4610, commits[ed5d81fa-aaf0-49db-aa57-acca1dd387bd:c4613]
2019-09-10 22:12:20,972 [grpc-default-executor-1] INFO  client.GrpcClientProtocolClient (GrpcClientProtocolClient.java:onNext(255)) - client-0C76110B8A2B->ed5d81fa-aaf0-49db-aa57-acca1dd387bd: receive RaftClientReply:client-0C76110B8A2B->ed5d81fa-aaf0-49db-aa57-acca1dd387bd@group-729F0664FEA8, cid=3262, SUCCESS, logIndex=4611, commits[ed5d81fa-aaf0-49db-aa57-acca1dd387bd:c4613]
2019-09-10 22:12:20,972 [grpc-default-executor-1] INFO  client.GrpcClientProtocolClient (GrpcClientProtocolClient.java:onNext(255)) - client-0C76110B8A2B->ed5d81fa-aaf0-49db-aa57-acca1dd387bd: receive RaftClientReply:client-0C76110B8A2B->ed5d81fa-aaf0-49db-aa57-acca1dd387bd@group-729F0664FEA8, cid=3263, SUCCESS, logIndex=4612, commits[ed5d81fa-aaf0-49db-aa57-acca1dd387bd:c4614]
2019-09-10 22:12:20,972 [grpc-default-executor-1] INFO  client.GrpcClientProtocolClient (GrpcClientProtocolClient.java:onNext(255)) - client-0C76110B8A2B->ed5d81fa-aaf0-49db-aa57-acca1dd387bd: receive RaftClientReply:client-0C76110B8A2B->ed5d81fa-aaf0-49db-aa57-acca1dd387bd@group-729F0664FEA8, cid=3264, SUCCESS, logIndex=4613, commits[ed5d81fa-aaf0-49db-aa57-acca1dd387bd:c4614]
2019-09-10 22:12:21,000 [grpc-default-executor-1] INFO  client.GrpcClientProtocolClient (GrpcClientProtocolClient.java:onNext(255)) - client-0C76110B8A2B->ed5d81fa-aaf0-49db-aa57-acca1dd387bd: receive RaftClientReply:client-0C76110B8A2B->ed5d81fa-aaf0-49db-aa57-acca1dd387bd@group-729F0664FEA8, cid=3265, SUCCESS, logIndex=4615, commits[ed5d81fa-aaf0-49db-aa57-acca1dd387bd:c4618]
2019-09-10 22:12:21,000 [grpc-default-executor-1] INFO  client.GrpcClientProtocolClient (GrpcClientProtocolClient.java:onNext(255)) - client-0C76110B8A2B->ed5d81fa-aaf0-49db-aa57-acca1dd387bd: receive RaftClientReply:client-0C76110B8A2B->ed5d81fa-aaf0-49db-aa57-acca1dd387bd@group-729F0664FEA8, cid=3266, SUCCESS, logIndex=4616, commits[ed5d81fa-aaf0-49db-aa57-acca1dd387bd:c4619]
2019-09-10 22:12:21,001 [grpc-default-executor-1] INFO  client.GrpcClientProtocolClient (GrpcClientProtocolClient.java:onNext(255)) - client-0C76110B8A2B->ed5d81fa-aaf0-49db-aa57-acca1dd387bd: receive RaftClientReply:client-0C76110B8A2B->ed5d81fa-aaf0-49db-aa57-acca1dd387bd@group-729F0664FEA8, cid=3267, SUCCESS, logIndex=4617, commits[ed5d81fa-aaf0-49db-aa57-acca1dd387bd:c4619]
2019-09-10 22:12:21,001 [grpc-default-executor-1] INFO  client.GrpcClientProtocolClient (GrpcClientProtocolClient.java:onNext(255)) - client-0C76110B8A2B->ed5d81fa-aaf0-49db-aa57-acca1dd387bd: receive RaftClientReply:client-0C76110B8A2B->ed5d81fa-aaf0-49db-aa57-acca1dd387bd@group-729F0664FEA8, cid=3268, SUCCESS, logIndex=4618, commits[ed5d81fa-aaf0-49db-aa57-acca1dd387bd:c4619]
2019-09-10 22:12:21,005 [SCMBlockDeletingService#0] DEBUG block.SCMBlockDeletingService (SCMBlockDeletingService.java:call(138)) - Running DeletedBlockTransactionScanner
2019-09-10 22:12:21,006 [SCMBlockDeletingService#0] DEBUG block.SCMBlockDeletingService (SCMBlockDeletingService.java:call(155)) - Scanned deleted blocks log and got 0 delTX to process.
2019-09-10 22:12:21,019 [grpc-default-executor-0] INFO  client.GrpcClientProtocolClient (GrpcClientProtocolClient.java:onNext(255)) - client-0C76110B8A2B->ed5d81fa-aaf0-49db-aa57-acca1dd387bd: receive RaftClientReply:client-0C76110B8A2B->ed5d81fa-aaf0-49db-aa57-acca1dd387bd@group-729F0664FEA8, cid=3269, SUCCESS, logIndex=4620, commits[ed5d81fa-aaf0-49db-aa57-acca1dd387bd:c4621]
2019-09-10 22:12:21,020 [grpc-default-executor-0] INFO  client.GrpcClientProtocolClient (GrpcClientProtocolClient.java:onNext(255)) - client-0C76110B8A2B->ed5d81fa-aaf0-49db-aa57-acca1dd387bd: receive RaftClientReply:client-0C76110B8A2B->ed5d81fa-aaf0-49db-aa57-acca1dd387bd@group-729F0664FEA8, cid=3270, SUCCESS, logIndex=4621, commits[ed5d81fa-aaf0-49db-aa57-acca1dd387bd:c4621]
2019-09-10 22:12:21,101 [grpc-default-executor-1] INFO  client.GrpcClientProtocolClient (GrpcClientProtocolClient.java:onNext(255)) - client-0C76110B8A2B->ed5d81fa-aaf0-49db-aa57-acca1dd387bd: receive RaftClientReply:client-0C76110B8A2B->ed5d81fa-aaf0-49db-aa57-acca1dd387bd@group-729F0664FEA8, cid=3271, SUCCESS, logIndex=4623, commits[ed5d81fa-aaf0-49db-aa57-acca1dd387bd:c4624]
2019-09-10 22:12:21,101 [grpc-default-executor-1] INFO  client.GrpcClientProtocolClient (GrpcClientProtocolClient.java:onNext(255)) - client-0C76110B8A2B->ed5d81fa-aaf0-49db-aa57-acca1dd387bd: receive RaftClientReply:client-0C76110B8A2B->ed5d81fa-aaf0-49db-aa57-acca1dd387bd@group-729F0664FEA8, cid=3272, SUCCESS, logIndex=4624, commits[ed5d81fa-aaf0-49db-aa57-acca1dd387bd:c4625]
2019-09-10 22:12:21,106 [SCMBlockDeletingService#0] DEBUG block.SCMBlockDeletingService (SCMBlockDeletingService.java:call(138)) - Running DeletedBlockTransactionScanner
2019-09-10 22:12:21,106 [SCMBlockDeletingService#0] DEBUG block.SCMBlockDeletingService (SCMBlockDeletingService.java:call(155)) - Scanned deleted blocks log and got 0 delTX to process.
2019-09-10 22:12:21,129 [grpc-default-executor-0] INFO  client.GrpcClientProtocolClient (GrpcClientProtocolClient.java:onNext(255)) - client-0C76110B8A2B->ed5d81fa-aaf0-49db-aa57-acca1dd387bd: receive RaftClientReply:client-0C76110B8A2B->ed5d81fa-aaf0-49db-aa57-acca1dd387bd@group-729F0664FEA8, cid=3273, SUCCESS, logIndex=4626, commits[ed5d81fa-aaf0-49db-aa57-acca1dd387bd:c4627]
2019-09-10 22:12:21,129 [grpc-default-executor-0] INFO  client.GrpcClientProtocolClient (GrpcClientProtocolClient.java:onNext(255)) - client-0C76110B8A2B->ed5d81fa-aaf0-49db-aa57-acca1dd387bd: receive RaftClientReply:client-0C76110B8A2B->ed5d81fa-aaf0-49db-aa57-acca1dd387bd@group-729F0664FEA8, cid=3274, SUCCESS, logIndex=4627, commits[ed5d81fa-aaf0-49db-aa57-acca1dd387bd:c4629]
2019-09-10 22:12:21,130 [grpc-default-executor-0] INFO  client.GrpcClientProtocolClient (GrpcClientProtocolClient.java:onNext(255)) - client-0C76110B8A2B->ed5d81fa-aaf0-49db-aa57-acca1dd387bd: receive RaftClientReply:client-0C76110B8A2B->ed5d81fa-aaf0-49db-aa57-acca1dd387bd@group-729F0664FEA8, cid=3275, SUCCESS, logIndex=4628, commits[ed5d81fa-aaf0-49db-aa57-acca1dd387bd:c4630]
2019-09-10 22:12:21,130 [grpc-default-executor-0] INFO  client.GrpcClientProtocolClient (GrpcClientProtocolClient.java:onNext(255)) - client-0C76110B8A2B->ed5d81fa-aaf0-49db-aa57-acca1dd387bd: receive RaftClientReply:client-0C76110B8A2B->ed5d81fa-aaf0-49db-aa57-acca1dd387bd@group-729F0664FEA8, cid=3276, SUCCESS, logIndex=4629, commits[ed5d81fa-aaf0-49db-aa57-acca1dd387bd:c4630]
2019-09-10 22:12:21,151 [grpc-default-executor-1] INFO  client.GrpcClientProtocolClient (GrpcClientProtocolClient.java:onNext(255)) - client-0C76110B8A2B->ed5d81fa-aaf0-49db-aa57-acca1dd387bd: receive RaftClientReply:client-0C76110B8A2B->ed5d81fa-aaf0-49db-aa57-acca1dd387bd@group-729F0664FEA8, cid=3277, SUCCESS, logIndex=4632, commits[ed5d81fa-aaf0-49db-aa57-acca1dd387bd:c4635]
2019-09-10 22:12:21,151 [grpc-default-executor-1] INFO  client.GrpcClientProtocolClient (GrpcClientProtocolClient.java:onNext(255)) - client-0C76110B8A2B->ed5d81fa-aaf0-49db-aa57-acca1dd387bd: receive RaftClientReply:client-0C76110B8A2B->ed5d81fa-aaf0-49db-aa57-acca1dd387bd@group-729F0664FEA8, cid=3278, SUCCESS, logIndex=4633, commits[ed5d81fa-aaf0-49db-aa57-acca1dd387bd:c4635]
2019-09-10 22:12:21,152 [grpc-default-executor-1] INFO  client.GrpcClientProtocolClient (GrpcClientProtocolClient.java:onNext(255)) - client-0C76110B8A2B->ed5d81fa-aaf0-49db-aa57-acca1dd387bd: receive RaftClientReply:client-0C76110B8A2B->ed5d81fa-aaf0-49db-aa57-acca1dd387bd@group-729F0664FEA8, cid=3279, SUCCESS, logIndex=4634, commits[ed5d81fa-aaf0-49db-aa57-acca1dd387bd:c4636]
2019-09-10 22:12:21,152 [grpc-default-executor-1] INFO  client.GrpcClientProtocolClient (GrpcClientProtocolClient.java:onNext(255)) - client-0C76110B8A2B->ed5d81fa-aaf0-49db-aa57-acca1dd387bd: receive RaftClientReply:client-0C76110B8A2B->ed5d81fa-aaf0-49db-aa57-acca1dd387bd@group-729F0664FEA8, cid=3280, SUCCESS, logIndex=4635, commits[ed5d81fa-aaf0-49db-aa57-acca1dd387bd:c4636]
2019-09-10 22:12:21,181 [grpc-default-executor-1] INFO  client.GrpcClientProtocolClient (GrpcClientProtocolClient.java:onNext(255)) - client-0C76110B8A2B->ed5d81fa-aaf0-49db-aa57-acca1dd387bd: receive RaftClientReply:client-0C76110B8A2B->ed5d81fa-aaf0-49db-aa57-acca1dd387bd@group-729F0664FEA8, cid=3281, SUCCESS, logIndex=4637, commits[ed5d81fa-aaf0-49db-aa57-acca1dd387bd:c4640]
2019-09-10 22:12:21,182 [grpc-default-executor-1] INFO  client.GrpcClientProtocolClient (GrpcClientProtocolClient.java:onNext(255)) - client-0C76110B8A2B->ed5d81fa-aaf0-49db-aa57-acca1dd387bd: receive RaftClientReply:client-0C76110B8A2B->ed5d81fa-aaf0-49db-aa57-acca1dd387bd@group-729F0664FEA8, cid=3282, SUCCESS, logIndex=4638, commits[ed5d81fa-aaf0-49db-aa57-acca1dd387bd:c4640]
2019-09-10 22:12:21,182 [grpc-default-executor-1] INFO  client.GrpcClientProtocolClient (GrpcClientProtocolClient.java:onNext(255)) - client-0C76110B8A2B->ed5d81fa-aaf0-49db-aa57-acca1dd387bd: receive RaftClientReply:client-0C76110B8A2B->ed5d81fa-aaf0-49db-aa57-acca1dd387bd@group-729F0664FEA8, cid=3283, SUCCESS, logIndex=4639, commits[ed5d81fa-aaf0-49db-aa57-acca1dd387bd:c4641]
2019-09-10 22:12:21,182 [grpc-default-executor-1] INFO  client.GrpcClientProtocolClient (GrpcClientProtocolClient.java:onNext(255)) - client-0C76110B8A2B->ed5d81fa-aaf0-49db-aa57-acca1dd387bd: receive RaftClientReply:client-0C76110B8A2B->ed5d81fa-aaf0-49db-aa57-acca1dd387bd@group-729F0664FEA8, cid=3284, SUCCESS, logIndex=4640, commits[ed5d81fa-aaf0-49db-aa57-acca1dd387bd:c4641]
2019-09-10 22:12:21,206 [SCMBlockDeletingService#0] DEBUG block.SCMBlockDeletingService (SCMBlockDeletingService.java:call(138)) - Running DeletedBlockTransactionScanner
2019-09-10 22:12:21,207 [SCMBlockDeletingService#0] DEBUG block.SCMBlockDeletingService (SCMBlockDeletingService.java:call(155)) - Scanned deleted blocks log and got 0 delTX to process.
2019-09-10 22:12:21,214 [grpc-default-executor-0] INFO  client.GrpcClientProtocolClient (GrpcClientProtocolClient.java:onNext(255)) - client-0C76110B8A2B->ed5d81fa-aaf0-49db-aa57-acca1dd387bd: receive RaftClientReply:client-0C76110B8A2B->ed5d81fa-aaf0-49db-aa57-acca1dd387bd@group-729F0664FEA8, cid=3285, SUCCESS, logIndex=4642, commits[ed5d81fa-aaf0-49db-aa57-acca1dd387bd:c4645]
2019-09-10 22:12:21,215 [grpc-default-executor-0] INFO  client.GrpcClientProtocolClient (GrpcClientProtocolClient.java:onNext(255)) - client-0C76110B8A2B->ed5d81fa-aaf0-49db-aa57-acca1dd387bd: receive RaftClientReply:client-0C76110B8A2B->ed5d81fa-aaf0-49db-aa57-acca1dd387bd@group-729F0664FEA8, cid=3286, SUCCESS, logIndex=4643, commits[ed5d81fa-aaf0-49db-aa57-acca1dd387bd:c4646]
2019-09-10 22:12:21,215 [grpc-default-executor-0] INFO  client.GrpcClientProtocolClient (GrpcClientProtocolClient.java:onNext(255)) - client-0C76110B8A2B->ed5d81fa-aaf0-49db-aa57-acca1dd387bd: receive RaftClientReply:client-0C76110B8A2B->ed5d81fa-aaf0-49db-aa57-acca1dd387bd@group-729F0664FEA8, cid=3287, SUCCESS, logIndex=4644, commits[ed5d81fa-aaf0-49db-aa57-acca1dd387bd:c4646]
2019-09-10 22:12:21,215 [grpc-default-executor-0] INFO  client.GrpcClientProtocolClient (GrpcClientProtocolClient.java:onNext(255)) - client-0C76110B8A2B->ed5d81fa-aaf0-49db-aa57-acca1dd387bd: receive RaftClientReply:client-0C76110B8A2B->ed5d81fa-aaf0-49db-aa57-acca1dd387bd@group-729F0664FEA8, cid=3288, SUCCESS, logIndex=4645, commits[ed5d81fa-aaf0-49db-aa57-acca1dd387bd:c4646]
2019-09-10 22:12:21,245 [grpc-default-executor-1] INFO  client.GrpcClientProtocolClient (GrpcClientProtocolClient.java:onNext(255)) - client-0C76110B8A2B->ed5d81fa-aaf0-49db-aa57-acca1dd387bd: receive RaftClientReply:client-0C76110B8A2B->ed5d81fa-aaf0-49db-aa57-acca1dd387bd@group-729F0664FEA8, cid=3289, SUCCESS, logIndex=4647, commits[ed5d81fa-aaf0-49db-aa57-acca1dd387bd:c4648]
2019-09-10 22:12:21,245 [grpc-default-executor-1] INFO  client.GrpcClientProtocolClient (GrpcClientProtocolClient.java:onNext(255)) - client-0C76110B8A2B->ed5d81fa-aaf0-49db-aa57-acca1dd387bd: receive RaftClientReply:client-0C76110B8A2B->ed5d81fa-aaf0-49db-aa57-acca1dd387bd@group-729F0664FEA8, cid=3290, SUCCESS, logIndex=4648, commits[ed5d81fa-aaf0-49db-aa57-acca1dd387bd:c4650]
2019-09-10 22:12:21,246 [grpc-default-executor-1] INFO  client.GrpcClientProtocolClient (GrpcClientProtocolClient.java:onNext(255)) - client-0C76110B8A2B->ed5d81fa-aaf0-49db-aa57-acca1dd387bd: receive RaftClientReply:client-0C76110B8A2B->ed5d81fa-aaf0-49db-aa57-acca1dd387bd@group-729F0664FEA8, cid=3291, SUCCESS, logIndex=4649, commits[ed5d81fa-aaf0-49db-aa57-acca1dd387bd:c4650]
2019-09-10 22:12:21,246 [grpc-default-executor-1] INFO  client.GrpcClientProtocolClient (GrpcClientProtocolClient.java:onNext(255)) - client-0C76110B8A2B->ed5d81fa-aaf0-49db-aa57-acca1dd387bd: receive RaftClientReply:client-0C76110B8A2B->ed5d81fa-aaf0-49db-aa57-acca1dd387bd@group-729F0664FEA8, cid=3292, SUCCESS, logIndex=4650, commits[ed5d81fa-aaf0-49db-aa57-acca1dd387bd:c4651]
2019-09-10 22:12:21,265 [grpc-default-executor-0] INFO  client.GrpcClientProtocolClient (GrpcClientProtocolClient.java:onNext(255)) - client-0C76110B8A2B->ed5d81fa-aaf0-49db-aa57-acca1dd387bd: receive RaftClientReply:client-0C76110B8A2B->ed5d81fa-aaf0-49db-aa57-acca1dd387bd@group-729F0664FEA8, cid=3293, SUCCESS, logIndex=4653, commits[ed5d81fa-aaf0-49db-aa57-acca1dd387bd:c4654]
2019-09-10 22:12:21,265 [grpc-default-executor-0] INFO  client.GrpcClientProtocolClient (GrpcClientProtocolClient.java:onNext(255)) - client-0C76110B8A2B->ed5d81fa-aaf0-49db-aa57-acca1dd387bd: receive RaftClientReply:client-0C76110B8A2B->ed5d81fa-aaf0-49db-aa57-acca1dd387bd@group-729F0664FEA8, cid=3294, SUCCESS, logIndex=4654, commits[ed5d81fa-aaf0-49db-aa57-acca1dd387bd:c4654]
2019-09-10 22:12:21,279 [grpc-default-executor-0] INFO  client.GrpcClientProtocolClient (GrpcClientProtocolClient.java:onNext(255)) - client-0C76110B8A2B->ed5d81fa-aaf0-49db-aa57-acca1dd387bd: receive RaftClientReply:client-0C76110B8A2B->ed5d81fa-aaf0-49db-aa57-acca1dd387bd@group-729F0664FEA8, cid=3295, SUCCESS, logIndex=4655, commits[ed5d81fa-aaf0-49db-aa57-acca1dd387bd:c4657]
2019-09-10 22:12:21,279 [grpc-default-executor-0] INFO  client.GrpcClientProtocolClient (GrpcClientProtocolClient.java:onNext(255)) - client-0C76110B8A2B->ed5d81fa-aaf0-49db-aa57-acca1dd387bd: receive RaftClientReply:client-0C76110B8A2B->ed5d81fa-aaf0-49db-aa57-acca1dd387bd@group-729F0664FEA8, cid=3296, SUCCESS, logIndex=4656, commits[ed5d81fa-aaf0-49db-aa57-acca1dd387bd:c4657]
2019-09-10 22:12:21,307 [SCMBlockDeletingService#0] DEBUG block.SCMBlockDeletingService (SCMBlockDeletingService.java:call(138)) - Running DeletedBlockTransactionScanner
2019-09-10 22:12:21,307 [SCMBlockDeletingService#0] DEBUG block.SCMBlockDeletingService (SCMBlockDeletingService.java:call(155)) - Scanned deleted blocks log and got 0 delTX to process.
2019-09-10 22:12:21,309 [grpc-default-executor-0] INFO  client.GrpcClientProtocolClient (GrpcClientProtocolClient.java:onNext(255)) - client-0C76110B8A2B->ed5d81fa-aaf0-49db-aa57-acca1dd387bd: receive RaftClientReply:client-0C76110B8A2B->ed5d81fa-aaf0-49db-aa57-acca1dd387bd@group-729F0664FEA8, cid=3297, SUCCESS, logIndex=4658, commits[ed5d81fa-aaf0-49db-aa57-acca1dd387bd:c4661]
2019-09-10 22:12:21,309 [grpc-default-executor-0] INFO  client.GrpcClientProtocolClient (GrpcClientProtocolClient.java:onNext(255)) - client-0C76110B8A2B->ed5d81fa-aaf0-49db-aa57-acca1dd387bd: receive RaftClientReply:client-0C76110B8A2B->ed5d81fa-aaf0-49db-aa57-acca1dd387bd@group-729F0664FEA8, cid=3298, SUCCESS, logIndex=4659, commits[ed5d81fa-aaf0-49db-aa57-acca1dd387bd:c4661]
2019-09-10 22:12:21,309 [grpc-default-executor-0] INFO  client.GrpcClientProtocolClient (GrpcClientProtocolClient.java:onNext(255)) - client-0C76110B8A2B->ed5d81fa-aaf0-49db-aa57-acca1dd387bd: receive RaftClientReply:client-0C76110B8A2B->ed5d81fa-aaf0-49db-aa57-acca1dd387bd@group-729F0664FEA8, cid=3299, SUCCESS, logIndex=4660, commits[ed5d81fa-aaf0-49db-aa57-acca1dd387bd:c4662]
2019-09-10 22:12:21,310 [grpc-default-executor-0] INFO  client.GrpcClientProtocolClient (GrpcClientProtocolClient.java:onNext(255)) - client-0C76110B8A2B->ed5d81fa-aaf0-49db-aa57-acca1dd387bd: receive RaftClientReply:client-0C76110B8A2B->ed5d81fa-aaf0-49db-aa57-acca1dd387bd@group-729F0664FEA8, cid=3300, SUCCESS, logIndex=4661, commits[ed5d81fa-aaf0-49db-aa57-acca1dd387bd:c4662]
2019-09-10 22:12:21,329 [grpc-default-executor-0] INFO  client.GrpcClientProtocolClient (GrpcClientProtocolClient.java:onNext(255)) - client-0C76110B8A2B->ed5d81fa-aaf0-49db-aa57-acca1dd387bd: receive RaftClientReply:client-0C76110B8A2B->ed5d81fa-aaf0-49db-aa57-acca1dd387bd@group-729F0664FEA8, cid=3301, SUCCESS, logIndex=4664, commits[ed5d81fa-aaf0-49db-aa57-acca1dd387bd:c4665]
2019-09-10 22:12:21,329 [grpc-default-executor-0] INFO  client.GrpcClientProtocolClient (GrpcClientProtocolClient.java:onNext(255)) - client-0C76110B8A2B->ed5d81fa-aaf0-49db-aa57-acca1dd387bd: receive RaftClientReply:client-0C76110B8A2B->ed5d81fa-aaf0-49db-aa57-acca1dd387bd@group-729F0664FEA8, cid=3302, SUCCESS, logIndex=4665, commits[ed5d81fa-aaf0-49db-aa57-acca1dd387bd:c4667]
2019-09-10 22:12:21,329 [grpc-default-executor-0] INFO  client.GrpcClientProtocolClient (GrpcClientProtocolClient.java:onNext(255)) - client-0C76110B8A2B->ed5d81fa-aaf0-49db-aa57-acca1dd387bd: receive RaftClientReply:client-0C76110B8A2B->ed5d81fa-aaf0-49db-aa57-acca1dd387bd@group-729F0664FEA8, cid=3303, SUCCESS, logIndex=4666, commits[ed5d81fa-aaf0-49db-aa57-acca1dd387bd:c4667]
2019-09-10 22:12:21,330 [grpc-default-executor-0] INFO  client.GrpcClientProtocolClient (GrpcClientProtocolClient.java:onNext(255)) - client-0C76110B8A2B->ed5d81fa-aaf0-49db-aa57-acca1dd387bd: receive RaftClientReply:client-0C76110B8A2B->ed5d81fa-aaf0-49db-aa57-acca1dd387bd@group-729F0664FEA8, cid=3304, SUCCESS, logIndex=4667, commits[ed5d81fa-aaf0-49db-aa57-acca1dd387bd:c4668]
2019-09-10 22:12:21,358 [grpc-default-executor-0] INFO  client.GrpcClientProtocolClient (GrpcClientProtocolClient.java:onNext(255)) - client-0C76110B8A2B->ed5d81fa-aaf0-49db-aa57-acca1dd387bd: receive RaftClientReply:client-0C76110B8A2B->ed5d81fa-aaf0-49db-aa57-acca1dd387bd@group-729F0664FEA8, cid=3305, SUCCESS, logIndex=4670, commits[ed5d81fa-aaf0-49db-aa57-acca1dd387bd:c4671]
2019-09-10 22:12:21,359 [grpc-default-executor-0] INFO  client.GrpcClientProtocolClient (GrpcClientProtocolClient.java:onNext(255)) - client-0C76110B8A2B->ed5d81fa-aaf0-49db-aa57-acca1dd387bd: receive RaftClientReply:client-0C76110B8A2B->ed5d81fa-aaf0-49db-aa57-acca1dd387bd@group-729F0664FEA8, cid=3306, SUCCESS, logIndex=4671, commits[ed5d81fa-aaf0-49db-aa57-acca1dd387bd:c4673]
2019-09-10 22:12:21,359 [grpc-default-executor-0] INFO  client.GrpcClientProtocolClient (GrpcClientProtocolClient.java:onNext(255)) - client-0C76110B8A2B->ed5d81fa-aaf0-49db-aa57-acca1dd387bd: receive RaftClientReply:client-0C76110B8A2B->ed5d81fa-aaf0-49db-aa57-acca1dd387bd@group-729F0664FEA8, cid=3307, SUCCESS, logIndex=4672, commits[ed5d81fa-aaf0-49db-aa57-acca1dd387bd:c4673]
2019-09-10 22:12:21,359 [grpc-default-executor-0] INFO  client.GrpcClientProtocolClient (GrpcClientProtocolClient.java:onNext(255)) - client-0C76110B8A2B->ed5d81fa-aaf0-49db-aa57-acca1dd387bd: receive RaftClientReply:client-0C76110B8A2B->ed5d81fa-aaf0-49db-aa57-acca1dd387bd@group-729F0664FEA8, cid=3308, SUCCESS, logIndex=4673, commits[ed5d81fa-aaf0-49db-aa57-acca1dd387bd:c4674]
2019-09-10 22:12:21,378 [grpc-default-executor-0] INFO  client.GrpcClientProtocolClient (GrpcClientProtocolClient.java:onNext(255)) - client-0C76110B8A2B->ed5d81fa-aaf0-49db-aa57-acca1dd387bd: receive RaftClientReply:client-0C76110B8A2B->ed5d81fa-aaf0-49db-aa57-acca1dd387bd@group-729F0664FEA8, cid=3309, SUCCESS, logIndex=4676, commits[ed5d81fa-aaf0-49db-aa57-acca1dd387bd:c4677]
2019-09-10 22:12:21,378 [grpc-default-executor-0] INFO  client.GrpcClientProtocolClient (GrpcClientProtocolClient.java:onNext(255)) - client-0C76110B8A2B->ed5d81fa-aaf0-49db-aa57-acca1dd387bd: receive RaftClientReply:client-0C76110B8A2B->ed5d81fa-aaf0-49db-aa57-acca1dd387bd@group-729F0664FEA8, cid=3310, SUCCESS, logIndex=4677, commits[ed5d81fa-aaf0-49db-aa57-acca1dd387bd:c4679]
2019-09-10 22:12:21,378 [grpc-default-executor-0] INFO  client.GrpcClientProtocolClient (GrpcClientProtocolClient.java:onNext(255)) - client-0C76110B8A2B->ed5d81fa-aaf0-49db-aa57-acca1dd387bd: receive RaftClientReply:client-0C76110B8A2B->ed5d81fa-aaf0-49db-aa57-acca1dd387bd@group-729F0664FEA8, cid=3311, SUCCESS, logIndex=4678, commits[ed5d81fa-aaf0-49db-aa57-acca1dd387bd:c4679]
2019-09-10 22:12:21,379 [grpc-default-executor-0] INFO  client.GrpcClientProtocolClient (GrpcClientProtocolClient.java:onNext(255)) - client-0C76110B8A2B->ed5d81fa-aaf0-49db-aa57-acca1dd387bd: receive RaftClientReply:client-0C76110B8A2B->ed5d81fa-aaf0-49db-aa57-acca1dd387bd@group-729F0664FEA8, cid=3312, SUCCESS, logIndex=4679, commits[ed5d81fa-aaf0-49db-aa57-acca1dd387bd:c4679]
2019-09-10 22:12:21,406 [grpc-default-executor-0] INFO  client.GrpcClientProtocolClient (GrpcClientProtocolClient.java:onNext(255)) - client-0C76110B8A2B->ed5d81fa-aaf0-49db-aa57-acca1dd387bd: receive RaftClientReply:client-0C76110B8A2B->ed5d81fa-aaf0-49db-aa57-acca1dd387bd@group-729F0664FEA8, cid=3313, SUCCESS, logIndex=4682, commits[ed5d81fa-aaf0-49db-aa57-acca1dd387bd:c4683]
2019-09-10 22:12:21,406 [grpc-default-executor-0] INFO  client.GrpcClientProtocolClient (GrpcClientProtocolClient.java:onNext(255)) - client-0C76110B8A2B->ed5d81fa-aaf0-49db-aa57-acca1dd387bd: receive RaftClientReply:client-0C76110B8A2B->ed5d81fa-aaf0-49db-aa57-acca1dd387bd@group-729F0664FEA8, cid=3314, SUCCESS, logIndex=4683, commits[ed5d81fa-aaf0-49db-aa57-acca1dd387bd:c4684]
2019-09-10 22:12:21,408 [SCMBlockDeletingService#0] DEBUG block.SCMBlockDeletingService (SCMBlockDeletingService.java:call(138)) - Running DeletedBlockTransactionScanner
2019-09-10 22:12:21,408 [SCMBlockDeletingService#0] DEBUG block.SCMBlockDeletingService (SCMBlockDeletingService.java:call(155)) - Scanned deleted blocks log and got 0 delTX to process.
2019-09-10 22:12:21,528 [SCMBlockDeletingService#0] DEBUG block.SCMBlockDeletingService (SCMBlockDeletingService.java:call(138)) - Running DeletedBlockTransactionScanner
2019-09-10 22:12:21,529 [SCMBlockDeletingService#0] DEBUG block.SCMBlockDeletingService (SCMBlockDeletingService.java:call(155)) - Scanned deleted blocks log and got 0 delTX to process.
2019-09-10 22:12:21,553 [grpc-default-executor-0] INFO  client.GrpcClientProtocolClient (GrpcClientProtocolClient.java:onNext(255)) - client-0C76110B8A2B->ed5d81fa-aaf0-49db-aa57-acca1dd387bd: receive RaftClientReply:client-0C76110B8A2B->ed5d81fa-aaf0-49db-aa57-acca1dd387bd@group-729F0664FEA8, cid=3315, SUCCESS, logIndex=4685, commits[ed5d81fa-aaf0-49db-aa57-acca1dd387bd:c4686]
2019-09-10 22:12:21,553 [grpc-default-executor-0] INFO  client.GrpcClientProtocolClient (GrpcClientProtocolClient.java:onNext(255)) - client-0C76110B8A2B->ed5d81fa-aaf0-49db-aa57-acca1dd387bd: receive RaftClientReply:client-0C76110B8A2B->ed5d81fa-aaf0-49db-aa57-acca1dd387bd@group-729F0664FEA8, cid=3316, SUCCESS, logIndex=4686, commits[ed5d81fa-aaf0-49db-aa57-acca1dd387bd:c4687]
2019-09-10 22:12:21,576 [grpc-default-executor-0] INFO  client.GrpcClientProtocolClient (GrpcClientProtocolClient.java:onNext(255)) - client-0C76110B8A2B->ed5d81fa-aaf0-49db-aa57-acca1dd387bd: receive RaftClientReply:client-0C76110B8A2B->ed5d81fa-aaf0-49db-aa57-acca1dd387bd@group-729F0664FEA8, cid=3317, SUCCESS, logIndex=4688, commits[ed5d81fa-aaf0-49db-aa57-acca1dd387bd:c4691]
2019-09-10 22:12:21,576 [grpc-default-executor-0] INFO  client.GrpcClientProtocolClient (GrpcClientProtocolClient.java:onNext(255)) - client-0C76110B8A2B->ed5d81fa-aaf0-49db-aa57-acca1dd387bd: receive RaftClientReply:client-0C76110B8A2B->ed5d81fa-aaf0-49db-aa57-acca1dd387bd@group-729F0664FEA8, cid=3318, SUCCESS, logIndex=4689, commits[ed5d81fa-aaf0-49db-aa57-acca1dd387bd:c4692]
2019-09-10 22:12:21,577 [grpc-default-executor-0] INFO  client.GrpcClientProtocolClient (GrpcClientProtocolClient.java:onNext(255)) - client-0C76110B8A2B->ed5d81fa-aaf0-49db-aa57-acca1dd387bd: receive RaftClientReply:client-0C76110B8A2B->ed5d81fa-aaf0-49db-aa57-acca1dd387bd@group-729F0664FEA8, cid=3319, SUCCESS, logIndex=4690, commits[ed5d81fa-aaf0-49db-aa57-acca1dd387bd:c4692]
2019-09-10 22:12:21,577 [grpc-default-executor-0] INFO  client.GrpcClientProtocolClient (GrpcClientProtocolClient.java:onNext(255)) - client-0C76110B8A2B->ed5d81fa-aaf0-49db-aa57-acca1dd387bd: receive RaftClientReply:client-0C76110B8A2B->ed5d81fa-aaf0-49db-aa57-acca1dd387bd@group-729F0664FEA8, cid=3320, SUCCESS, logIndex=4691, commits[ed5d81fa-aaf0-49db-aa57-acca1dd387bd:c4692]
2019-09-10 22:12:21,607 [grpc-default-executor-1] INFO  client.GrpcClientProtocolClient (GrpcClientProtocolClient.java:onNext(255)) - client-0C76110B8A2B->ed5d81fa-aaf0-49db-aa57-acca1dd387bd: receive RaftClientReply:client-0C76110B8A2B->ed5d81fa-aaf0-49db-aa57-acca1dd387bd@group-729F0664FEA8, cid=3321, SUCCESS, logIndex=4693, commits[ed5d81fa-aaf0-49db-aa57-acca1dd387bd:c4694]
2019-09-10 22:12:21,608 [grpc-default-executor-1] INFO  client.GrpcClientProtocolClient (GrpcClientProtocolClient.java:onNext(255)) - client-0C76110B8A2B->ed5d81fa-aaf0-49db-aa57-acca1dd387bd: receive RaftClientReply:client-0C76110B8A2B->ed5d81fa-aaf0-49db-aa57-acca1dd387bd@group-729F0664FEA8, cid=3322, SUCCESS, logIndex=4694, commits[ed5d81fa-aaf0-49db-aa57-acca1dd387bd:c4694]
2019-09-10 22:12:21,609 [grpc-default-executor-1] INFO  client.GrpcClientProtocolClient (GrpcClientProtocolClient.java:onNext(255)) - client-0C76110B8A2B->ed5d81fa-aaf0-49db-aa57-acca1dd387bd: receive RaftClientReply:client-0C76110B8A2B->ed5d81fa-aaf0-49db-aa57-acca1dd387bd@group-729F0664FEA8, cid=3323, SUCCESS, logIndex=4695, commits[ed5d81fa-aaf0-49db-aa57-acca1dd387bd:c4696]
2019-09-10 22:12:21,609 [grpc-default-executor-1] INFO  client.GrpcClientProtocolClient (GrpcClientProtocolClient.java:onNext(255)) - client-0C76110B8A2B->ed5d81fa-aaf0-49db-aa57-acca1dd387bd: receive RaftClientReply:client-0C76110B8A2B->ed5d81fa-aaf0-49db-aa57-acca1dd387bd@group-729F0664FEA8, cid=3324, SUCCESS, logIndex=4696, commits[ed5d81fa-aaf0-49db-aa57-acca1dd387bd:c4696]
2019-09-10 22:12:21,629 [SCMBlockDeletingService#0] DEBUG block.SCMBlockDeletingService (SCMBlockDeletingService.java:call(138)) - Running DeletedBlockTransactionScanner
2019-09-10 22:12:21,629 [SCMBlockDeletingService#0] DEBUG block.SCMBlockDeletingService (SCMBlockDeletingService.java:call(155)) - Scanned deleted blocks log and got 0 delTX to process.
2019-09-10 22:12:21,631 [grpc-default-executor-1] INFO  client.GrpcClientProtocolClient (GrpcClientProtocolClient.java:onNext(255)) - client-0C76110B8A2B->ed5d81fa-aaf0-49db-aa57-acca1dd387bd: receive RaftClientReply:client-0C76110B8A2B->ed5d81fa-aaf0-49db-aa57-acca1dd387bd@group-729F0664FEA8, cid=3325, SUCCESS, logIndex=4699, commits[ed5d81fa-aaf0-49db-aa57-acca1dd387bd:c4702]
2019-09-10 22:12:21,631 [grpc-default-executor-1] INFO  client.GrpcClientProtocolClient (GrpcClientProtocolClient.java:onNext(255)) - client-0C76110B8A2B->ed5d81fa-aaf0-49db-aa57-acca1dd387bd: receive RaftClientReply:client-0C76110B8A2B->ed5d81fa-aaf0-49db-aa57-acca1dd387bd@group-729F0664FEA8, cid=3326, SUCCESS, logIndex=4700, commits[ed5d81fa-aaf0-49db-aa57-acca1dd387bd:c4702]
2019-09-10 22:12:21,632 [grpc-default-executor-1] INFO  client.GrpcClientProtocolClient (GrpcClientProtocolClient.java:onNext(255)) - client-0C76110B8A2B->ed5d81fa-aaf0-49db-aa57-acca1dd387bd: receive RaftClientReply:client-0C76110B8A2B->ed5d81fa-aaf0-49db-aa57-acca1dd387bd@group-729F0664FEA8, cid=3327, SUCCESS, logIndex=4701, commits[ed5d81fa-aaf0-49db-aa57-acca1dd387bd:c4702]
2019-09-10 22:12:21,632 [grpc-default-executor-1] INFO  client.GrpcClientProtocolClient (GrpcClientProtocolClient.java:onNext(255)) - client-0C76110B8A2B->ed5d81fa-aaf0-49db-aa57-acca1dd387bd: receive RaftClientReply:client-0C76110B8A2B->ed5d81fa-aaf0-49db-aa57-acca1dd387bd@group-729F0664FEA8, cid=3328, SUCCESS, logIndex=4702, commits[ed5d81fa-aaf0-49db-aa57-acca1dd387bd:c4702]
2019-09-10 22:12:21,660 [grpc-default-executor-1] INFO  client.GrpcClientProtocolClient (GrpcClientProtocolClient.java:onNext(255)) - client-0C76110B8A2B->ed5d81fa-aaf0-49db-aa57-acca1dd387bd: receive RaftClientReply:client-0C76110B8A2B->ed5d81fa-aaf0-49db-aa57-acca1dd387bd@group-729F0664FEA8, cid=3329, SUCCESS, logIndex=4704, commits[ed5d81fa-aaf0-49db-aa57-acca1dd387bd:c4705]
2019-09-10 22:12:21,661 [grpc-default-executor-1] INFO  client.GrpcClientProtocolClient (GrpcClientProtocolClient.java:onNext(255)) - client-0C76110B8A2B->ed5d81fa-aaf0-49db-aa57-acca1dd387bd: receive RaftClientReply:client-0C76110B8A2B->ed5d81fa-aaf0-49db-aa57-acca1dd387bd@group-729F0664FEA8, cid=3330, SUCCESS, logIndex=4705, commits[ed5d81fa-aaf0-49db-aa57-acca1dd387bd:c4707]
2019-09-10 22:12:21,661 [grpc-default-executor-1] INFO  client.GrpcClientProtocolClient (GrpcClientProtocolClient.java:onNext(255)) - client-0C76110B8A2B->ed5d81fa-aaf0-49db-aa57-acca1dd387bd: receive RaftClientReply:client-0C76110B8A2B->ed5d81fa-aaf0-49db-aa57-acca1dd387bd@group-729F0664FEA8, cid=3331, SUCCESS, logIndex=4706, commits[ed5d81fa-aaf0-49db-aa57-acca1dd387bd:c4707]
2019-09-10 22:12:21,662 [grpc-default-executor-1] INFO  client.GrpcClientProtocolClient (GrpcClientProtocolClient.java:onNext(255)) - client-0C76110B8A2B->ed5d81fa-aaf0-49db-aa57-acca1dd387bd: receive RaftClientReply:client-0C76110B8A2B->ed5d81fa-aaf0-49db-aa57-acca1dd387bd@group-729F0664FEA8, cid=3332, SUCCESS, logIndex=4707, commits[ed5d81fa-aaf0-49db-aa57-acca1dd387bd:c4708]
2019-09-10 22:12:21,682 [grpc-default-executor-0] INFO  client.GrpcClientProtocolClient (GrpcClientProtocolClient.java:onNext(255)) - client-0C76110B8A2B->ed5d81fa-aaf0-49db-aa57-acca1dd387bd: receive RaftClientReply:client-0C76110B8A2B->ed5d81fa-aaf0-49db-aa57-acca1dd387bd@group-729F0664FEA8, cid=3333, SUCCESS, logIndex=4710, commits[ed5d81fa-aaf0-49db-aa57-acca1dd387bd:c4713]
2019-09-10 22:12:21,682 [grpc-default-executor-0] INFO  client.GrpcClientProtocolClient (GrpcClientProtocolClient.java:onNext(255)) - client-0C76110B8A2B->ed5d81fa-aaf0-49db-aa57-acca1dd387bd: receive RaftClientReply:client-0C76110B8A2B->ed5d81fa-aaf0-49db-aa57-acca1dd387bd@group-729F0664FEA8, cid=3334, SUCCESS, logIndex=4711, commits[ed5d81fa-aaf0-49db-aa57-acca1dd387bd:c4714]
2019-09-10 22:12:21,682 [grpc-default-executor-0] INFO  client.GrpcClientProtocolClient (GrpcClientProtocolClient.java:onNext(255)) - client-0C76110B8A2B->ed5d81fa-aaf0-49db-aa57-acca1dd387bd: receive RaftClientReply:client-0C76110B8A2B->ed5d81fa-aaf0-49db-aa57-acca1dd387bd@group-729F0664FEA8, cid=3335, SUCCESS, logIndex=4712, commits[ed5d81fa-aaf0-49db-aa57-acca1dd387bd:c4714]
2019-09-10 22:12:21,683 [grpc-default-executor-0] INFO  client.GrpcClientProtocolClient (GrpcClientProtocolClient.java:onNext(255)) - client-0C76110B8A2B->ed5d81fa-aaf0-49db-aa57-acca1dd387bd: receive RaftClientReply:client-0C76110B8A2B->ed5d81fa-aaf0-49db-aa57-acca1dd387bd@group-729F0664FEA8, cid=3336, SUCCESS, logIndex=4713, commits[ed5d81fa-aaf0-49db-aa57-acca1dd387bd:c4714]
2019-09-10 22:12:21,711 [grpc-default-executor-1] INFO  client.GrpcClientProtocolClient (GrpcClientProtocolClient.java:onNext(255)) - client-0C76110B8A2B->ed5d81fa-aaf0-49db-aa57-acca1dd387bd: receive RaftClientReply:client-0C76110B8A2B->ed5d81fa-aaf0-49db-aa57-acca1dd387bd@group-729F0664FEA8, cid=3337, SUCCESS, logIndex=4715, commits[ed5d81fa-aaf0-49db-aa57-acca1dd387bd:c4718]
2019-09-10 22:12:21,712 [grpc-default-executor-1] INFO  client.GrpcClientProtocolClient (GrpcClientProtocolClient.java:onNext(255)) - client-0C76110B8A2B->ed5d81fa-aaf0-49db-aa57-acca1dd387bd: receive RaftClientReply:client-0C76110B8A2B->ed5d81fa-aaf0-49db-aa57-acca1dd387bd@group-729F0664FEA8, cid=3338, SUCCESS, logIndex=4716, commits[ed5d81fa-aaf0-49db-aa57-acca1dd387bd:c4718]
2019-09-10 22:12:21,712 [grpc-default-executor-1] INFO  client.GrpcClientProtocolClient (GrpcClientProtocolClient.java:onNext(255)) - client-0C76110B8A2B->ed5d81fa-aaf0-49db-aa57-acca1dd387bd: receive RaftClientReply:client-0C76110B8A2B->ed5d81fa-aaf0-49db-aa57-acca1dd387bd@group-729F0664FEA8, cid=3339, SUCCESS, logIndex=4717, commits[ed5d81fa-aaf0-49db-aa57-acca1dd387bd:c4718]
2019-09-10 22:12:21,713 [grpc-default-executor-1] INFO  client.GrpcClientProtocolClient (GrpcClientProtocolClient.java:onNext(255)) - client-0C76110B8A2B->ed5d81fa-aaf0-49db-aa57-acca1dd387bd: receive RaftClientReply:client-0C76110B8A2B->ed5d81fa-aaf0-49db-aa57-acca1dd387bd@group-729F0664FEA8, cid=3340, SUCCESS, logIndex=4718, commits[ed5d81fa-aaf0-49db-aa57-acca1dd387bd:c4718]
2019-09-10 22:12:21,729 [SCMBlockDeletingService#0] DEBUG block.SCMBlockDeletingService (SCMBlockDeletingService.java:call(138)) - Running DeletedBlockTransactionScanner
2019-09-10 22:12:21,730 [SCMBlockDeletingService#0] DEBUG block.SCMBlockDeletingService (SCMBlockDeletingService.java:call(155)) - Scanned deleted blocks log and got 0 delTX to process.
2019-09-10 22:12:21,731 [grpc-default-executor-1] INFO  client.GrpcClientProtocolClient (GrpcClientProtocolClient.java:onNext(255)) - client-0C76110B8A2B->ed5d81fa-aaf0-49db-aa57-acca1dd387bd: receive RaftClientReply:client-0C76110B8A2B->ed5d81fa-aaf0-49db-aa57-acca1dd387bd@group-729F0664FEA8, cid=3341, SUCCESS, logIndex=4720, commits[ed5d81fa-aaf0-49db-aa57-acca1dd387bd:c4721]
2019-09-10 22:12:21,731 [grpc-default-executor-1] INFO  client.GrpcClientProtocolClient (GrpcClientProtocolClient.java:onNext(255)) - client-0C76110B8A2B->ed5d81fa-aaf0-49db-aa57-acca1dd387bd: receive RaftClientReply:client-0C76110B8A2B->ed5d81fa-aaf0-49db-aa57-acca1dd387bd@group-729F0664FEA8, cid=3342, SUCCESS, logIndex=4721, commits[ed5d81fa-aaf0-49db-aa57-acca1dd387bd:c4723]
2019-09-10 22:12:21,732 [grpc-default-executor-1] INFO  client.GrpcClientProtocolClient (GrpcClientProtocolClient.java:onNext(255)) - client-0C76110B8A2B->ed5d81fa-aaf0-49db-aa57-acca1dd387bd: receive RaftClientReply:client-0C76110B8A2B->ed5d81fa-aaf0-49db-aa57-acca1dd387bd@group-729F0664FEA8, cid=3343, SUCCESS, logIndex=4722, commits[ed5d81fa-aaf0-49db-aa57-acca1dd387bd:c4723]
2019-09-10 22:12:21,732 [grpc-default-executor-1] INFO  client.GrpcClientProtocolClient (GrpcClientProtocolClient.java:onNext(255)) - client-0C76110B8A2B->ed5d81fa-aaf0-49db-aa57-acca1dd387bd: receive RaftClientReply:client-0C76110B8A2B->ed5d81fa-aaf0-49db-aa57-acca1dd387bd@group-729F0664FEA8, cid=3344, SUCCESS, logIndex=4723, commits[ed5d81fa-aaf0-49db-aa57-acca1dd387bd:c4724]
2019-09-10 22:12:21,759 [grpc-default-executor-1] INFO  client.GrpcClientProtocolClient (GrpcClientProtocolClient.java:onNext(255)) - client-0C76110B8A2B->ed5d81fa-aaf0-49db-aa57-acca1dd387bd: receive RaftClientReply:client-0C76110B8A2B->ed5d81fa-aaf0-49db-aa57-acca1dd387bd@group-729F0664FEA8, cid=3345, SUCCESS, logIndex=4726, commits[ed5d81fa-aaf0-49db-aa57-acca1dd387bd:c4727]
2019-09-10 22:12:21,760 [grpc-default-executor-1] INFO  client.GrpcClientProtocolClient (GrpcClientProtocolClient.java:onNext(255)) - client-0C76110B8A2B->ed5d81fa-aaf0-49db-aa57-acca1dd387bd: receive RaftClientReply:client-0C76110B8A2B->ed5d81fa-aaf0-49db-aa57-acca1dd387bd@group-729F0664FEA8, cid=3346, SUCCESS, logIndex=4727, commits[ed5d81fa-aaf0-49db-aa57-acca1dd387bd:c4727]
2019-09-10 22:12:21,761 [grpc-default-executor-1] INFO  client.GrpcClientProtocolClient (GrpcClientProtocolClient.java:onNext(255)) - client-0C76110B8A2B->ed5d81fa-aaf0-49db-aa57-acca1dd387bd: receive RaftClientReply:client-0C76110B8A2B->ed5d81fa-aaf0-49db-aa57-acca1dd387bd@group-729F0664FEA8, cid=3347, SUCCESS, logIndex=4728, commits[ed5d81fa-aaf0-49db-aa57-acca1dd387bd:c4729]
2019-09-10 22:12:21,761 [grpc-default-executor-1] INFO  client.GrpcClientProtocolClient (GrpcClientProtocolClient.java:onNext(255)) - client-0C76110B8A2B->ed5d81fa-aaf0-49db-aa57-acca1dd387bd: receive RaftClientReply:client-0C76110B8A2B->ed5d81fa-aaf0-49db-aa57-acca1dd387bd@group-729F0664FEA8, cid=3348, SUCCESS, logIndex=4729, commits[ed5d81fa-aaf0-49db-aa57-acca1dd387bd:c4729]
2019-09-10 22:12:21,777 [grpc-default-executor-1] INFO  client.GrpcClientProtocolClient (GrpcClientProtocolClient.java:onNext(255)) - client-0C76110B8A2B->ed5d81fa-aaf0-49db-aa57-acca1dd387bd: receive RaftClientReply:client-0C76110B8A2B->ed5d81fa-aaf0-49db-aa57-acca1dd387bd@group-729F0664FEA8, cid=3349, SUCCESS, logIndex=4732, commits[ed5d81fa-aaf0-49db-aa57-acca1dd387bd:c4733]
2019-09-10 22:12:21,778 [grpc-default-executor-1] INFO  client.GrpcClientProtocolClient (GrpcClientProtocolClient.java:onNext(255)) - client-0C76110B8A2B->ed5d81fa-aaf0-49db-aa57-acca1dd387bd: receive RaftClientReply:client-0C76110B8A2B->ed5d81fa-aaf0-49db-aa57-acca1dd387bd@group-729F0664FEA8, cid=3350, SUCCESS, logIndex=4733, commits[ed5d81fa-aaf0-49db-aa57-acca1dd387bd:c4735]
2019-09-10 22:12:21,778 [grpc-default-executor-1] INFO  client.GrpcClientProtocolClient (GrpcClientProtocolClient.java:onNext(255)) - client-0C76110B8A2B->ed5d81fa-aaf0-49db-aa57-acca1dd387bd: receive RaftClientReply:client-0C76110B8A2B->ed5d81fa-aaf0-49db-aa57-acca1dd387bd@group-729F0664FEA8, cid=3351, SUCCESS, logIndex=4734, commits[ed5d81fa-aaf0-49db-aa57-acca1dd387bd:c4735]
2019-09-10 22:12:21,778 [grpc-default-executor-1] INFO  client.GrpcClientProtocolClient (GrpcClientProtocolClient.java:onNext(255)) - client-0C76110B8A2B->ed5d81fa-aaf0-49db-aa57-acca1dd387bd: receive RaftClientReply:client-0C76110B8A2B->ed5d81fa-aaf0-49db-aa57-acca1dd387bd@group-729F0664FEA8, cid=3352, SUCCESS, logIndex=4735, commits[ed5d81fa-aaf0-49db-aa57-acca1dd387bd:c4735]
2019-09-10 22:12:21,804 [grpc-default-executor-1] INFO  client.GrpcClientProtocolClient (GrpcClientProtocolClient.java:onNext(255)) - client-0C76110B8A2B->ed5d81fa-aaf0-49db-aa57-acca1dd387bd: receive RaftClientReply:client-0C76110B8A2B->ed5d81fa-aaf0-49db-aa57-acca1dd387bd@group-729F0664FEA8, cid=3353, SUCCESS, logIndex=4738, commits[ed5d81fa-aaf0-49db-aa57-acca1dd387bd:c4739]
2019-09-10 22:12:21,805 [grpc-default-executor-1] INFO  client.GrpcClientProtocolClient (GrpcClientProtocolClient.java:onNext(255)) - client-0C76110B8A2B->ed5d81fa-aaf0-49db-aa57-acca1dd387bd: receive RaftClientReply:client-0C76110B8A2B->ed5d81fa-aaf0-49db-aa57-acca1dd387bd@group-729F0664FEA8, cid=3354, SUCCESS, logIndex=4739, commits[ed5d81fa-aaf0-49db-aa57-acca1dd387bd:c4741]
2019-09-10 22:12:21,805 [grpc-default-executor-1] INFO  client.GrpcClientProtocolClient (GrpcClientProtocolClient.java:onNext(255)) - client-0C76110B8A2B->ed5d81fa-aaf0-49db-aa57-acca1dd387bd: receive RaftClientReply:client-0C76110B8A2B->ed5d81fa-aaf0-49db-aa57-acca1dd387bd@group-729F0664FEA8, cid=3355, SUCCESS, logIndex=4740, commits[ed5d81fa-aaf0-49db-aa57-acca1dd387bd:c4742]
2019-09-10 22:12:21,805 [grpc-default-executor-1] INFO  client.GrpcClientProtocolClient (GrpcClientProtocolClient.java:onNext(255)) - client-0C76110B8A2B->ed5d81fa-aaf0-49db-aa57-acca1dd387bd: receive RaftClientReply:client-0C76110B8A2B->ed5d81fa-aaf0-49db-aa57-acca1dd387bd@group-729F0664FEA8, cid=3356, SUCCESS, logIndex=4741, commits[ed5d81fa-aaf0-49db-aa57-acca1dd387bd:c4742]
2019-09-10 22:12:21,830 [SCMBlockDeletingService#0] DEBUG block.SCMBlockDeletingService (SCMBlockDeletingService.java:call(138)) - Running DeletedBlockTransactionScanner
2019-09-10 22:12:21,830 [SCMBlockDeletingService#0] DEBUG block.SCMBlockDeletingService (SCMBlockDeletingService.java:call(155)) - Scanned deleted blocks log and got 0 delTX to process.
2019-09-10 22:12:21,842 [grpc-default-executor-1] INFO  client.GrpcClientProtocolClient (GrpcClientProtocolClient.java:onNext(255)) - client-0C76110B8A2B->ed5d81fa-aaf0-49db-aa57-acca1dd387bd: receive RaftClientReply:client-0C76110B8A2B->ed5d81fa-aaf0-49db-aa57-acca1dd387bd@group-729F0664FEA8, cid=3357, SUCCESS, logIndex=4744, commits[ed5d81fa-aaf0-49db-aa57-acca1dd387bd:c4745]
2019-09-10 22:12:21,842 [grpc-default-executor-1] INFO  client.GrpcClientProtocolClient (GrpcClientProtocolClient.java:onNext(255)) - client-0C76110B8A2B->ed5d81fa-aaf0-49db-aa57-acca1dd387bd: receive RaftClientReply:client-0C76110B8A2B->ed5d81fa-aaf0-49db-aa57-acca1dd387bd@group-729F0664FEA8, cid=3358, SUCCESS, logIndex=4745, commits[ed5d81fa-aaf0-49db-aa57-acca1dd387bd:c4746]
2019-09-10 22:12:21,910 [grpc-default-executor-0] INFO  client.GrpcClientProtocolClient (GrpcClientProtocolClient.java:onNext(255)) - client-0C76110B8A2B->ed5d81fa-aaf0-49db-aa57-acca1dd387bd: receive RaftClientReply:client-0C76110B8A2B->ed5d81fa-aaf0-49db-aa57-acca1dd387bd@group-729F0664FEA8, cid=3359, SUCCESS, logIndex=4747, commits[ed5d81fa-aaf0-49db-aa57-acca1dd387bd:c4748]
2019-09-10 22:12:21,911 [grpc-default-executor-0] INFO  client.GrpcClientProtocolClient (GrpcClientProtocolClient.java:onNext(255)) - client-0C76110B8A2B->ed5d81fa-aaf0-49db-aa57-acca1dd387bd: receive RaftClientReply:client-0C76110B8A2B->ed5d81fa-aaf0-49db-aa57-acca1dd387bd@group-729F0664FEA8, cid=3360, SUCCESS, logIndex=4748, commits[ed5d81fa-aaf0-49db-aa57-acca1dd387bd:c4749]
2019-09-10 22:12:21,931 [SCMBlockDeletingService#0] DEBUG block.SCMBlockDeletingService (SCMBlockDeletingService.java:call(138)) - Running DeletedBlockTransactionScanner
2019-09-10 22:12:21,931 [SCMBlockDeletingService#0] DEBUG block.SCMBlockDeletingService (SCMBlockDeletingService.java:call(155)) - Scanned deleted blocks log and got 0 delTX to process.
2019-09-10 22:12:21,941 [grpc-default-executor-0] INFO  client.GrpcClientProtocolClient (GrpcClientProtocolClient.java:onNext(255)) - client-0C76110B8A2B->ed5d81fa-aaf0-49db-aa57-acca1dd387bd: receive RaftClientReply:client-0C76110B8A2B->ed5d81fa-aaf0-49db-aa57-acca1dd387bd@group-729F0664FEA8, cid=3361, SUCCESS, logIndex=4750, commits[ed5d81fa-aaf0-49db-aa57-acca1dd387bd:c4753]
2019-09-10 22:12:21,941 [grpc-default-executor-0] INFO  client.GrpcClientProtocolClient (GrpcClientProtocolClient.java:onNext(255)) - client-0C76110B8A2B->ed5d81fa-aaf0-49db-aa57-acca1dd387bd: receive RaftClientReply:client-0C76110B8A2B->ed5d81fa-aaf0-49db-aa57-acca1dd387bd@group-729F0664FEA8, cid=3362, SUCCESS, logIndex=4751, commits[ed5d81fa-aaf0-49db-aa57-acca1dd387bd:c4753]
2019-09-10 22:12:21,941 [grpc-default-executor-0] INFO  client.GrpcClientProtocolClient (GrpcClientProtocolClient.java:onNext(255)) - client-0C76110B8A2B->ed5d81fa-aaf0-49db-aa57-acca1dd387bd: receive RaftClientReply:client-0C76110B8A2B->ed5d81fa-aaf0-49db-aa57-acca1dd387bd@group-729F0664FEA8, cid=3363, SUCCESS, logIndex=4752, commits[ed5d81fa-aaf0-49db-aa57-acca1dd387bd:c4754]
2019-09-10 22:12:21,942 [grpc-default-executor-0] INFO  client.GrpcClientProtocolClient (GrpcClientProtocolClient.java:onNext(255)) - client-0C76110B8A2B->ed5d81fa-aaf0-49db-aa57-acca1dd387bd: receive RaftClientReply:client-0C76110B8A2B->ed5d81fa-aaf0-49db-aa57-acca1dd387bd@group-729F0664FEA8, cid=3364, SUCCESS, logIndex=4753, commits[ed5d81fa-aaf0-49db-aa57-acca1dd387bd:c4754]
2019-09-10 22:12:21,959 [grpc-default-executor-1] INFO  client.GrpcClientProtocolClient (GrpcClientProtocolClient.java:onNext(255)) - client-0C76110B8A2B->ed5d81fa-aaf0-49db-aa57-acca1dd387bd: receive RaftClientReply:client-0C76110B8A2B->ed5d81fa-aaf0-49db-aa57-acca1dd387bd@group-729F0664FEA8, cid=3365, SUCCESS, logIndex=4755, commits[ed5d81fa-aaf0-49db-aa57-acca1dd387bd:c4756]
2019-09-10 22:12:21,959 [grpc-default-executor-1] INFO  client.GrpcClientProtocolClient (GrpcClientProtocolClient.java:onNext(255)) - client-0C76110B8A2B->ed5d81fa-aaf0-49db-aa57-acca1dd387bd: receive RaftClientReply:client-0C76110B8A2B->ed5d81fa-aaf0-49db-aa57-acca1dd387bd@group-729F0664FEA8, cid=3366, SUCCESS, logIndex=4756, commits[ed5d81fa-aaf0-49db-aa57-acca1dd387bd:c4758]
2019-09-10 22:12:21,960 [grpc-default-executor-1] INFO  client.GrpcClientProtocolClient (GrpcClientProtocolClient.java:onNext(255)) - client-0C76110B8A2B->ed5d81fa-aaf0-49db-aa57-acca1dd387bd: receive RaftClientReply:client-0C76110B8A2B->ed5d81fa-aaf0-49db-aa57-acca1dd387bd@group-729F0664FEA8, cid=3367, SUCCESS, logIndex=4757, commits[ed5d81fa-aaf0-49db-aa57-acca1dd387bd:c4758]
2019-09-10 22:12:21,960 [grpc-default-executor-1] INFO  client.GrpcClientProtocolClient (GrpcClientProtocolClient.java:onNext(255)) - client-0C76110B8A2B->ed5d81fa-aaf0-49db-aa57-acca1dd387bd: receive RaftClientReply:client-0C76110B8A2B->ed5d81fa-aaf0-49db-aa57-acca1dd387bd@group-729F0664FEA8, cid=3368, SUCCESS, logIndex=4758, commits[ed5d81fa-aaf0-49db-aa57-acca1dd387bd:c4759]
2019-09-10 22:12:21,987 [grpc-default-executor-0] INFO  client.GrpcClientProtocolClient (GrpcClientProtocolClient.java:onNext(255)) - client-0C76110B8A2B->ed5d81fa-aaf0-49db-aa57-acca1dd387bd: receive RaftClientReply:client-0C76110B8A2B->ed5d81fa-aaf0-49db-aa57-acca1dd387bd@group-729F0664FEA8, cid=3369, SUCCESS, logIndex=4761, commits[ed5d81fa-aaf0-49db-aa57-acca1dd387bd:c4762]
2019-09-10 22:12:21,987 [grpc-default-executor-0] INFO  client.GrpcClientProtocolClient (GrpcClientProtocolClient.java:onNext(255)) - client-0C76110B8A2B->ed5d81fa-aaf0-49db-aa57-acca1dd387bd: receive RaftClientReply:client-0C76110B8A2B->ed5d81fa-aaf0-49db-aa57-acca1dd387bd@group-729F0664FEA8, cid=3370, SUCCESS, logIndex=4762, commits[ed5d81fa-aaf0-49db-aa57-acca1dd387bd:c4762]
2019-09-10 22:12:21,989 [grpc-default-executor-0] INFO  client.GrpcClientProtocolClient (GrpcClientProtocolClient.java:onNext(255)) - client-0C76110B8A2B->ed5d81fa-aaf0-49db-aa57-acca1dd387bd: receive RaftClientReply:client-0C76110B8A2B->ed5d81fa-aaf0-49db-aa57-acca1dd387bd@group-729F0664FEA8, cid=3371, SUCCESS, logIndex=4763, commits[ed5d81fa-aaf0-49db-aa57-acca1dd387bd:c4764]
2019-09-10 22:12:21,989 [grpc-default-executor-0] INFO  client.GrpcClientProtocolClient (GrpcClientProtocolClient.java:onNext(255)) - client-0C76110B8A2B->ed5d81fa-aaf0-49db-aa57-acca1dd387bd: receive RaftClientReply:client-0C76110B8A2B->ed5d81fa-aaf0-49db-aa57-acca1dd387bd@group-729F0664FEA8, cid=3372, SUCCESS, logIndex=4764, commits[ed5d81fa-aaf0-49db-aa57-acca1dd387bd:c4764]
2019-09-10 22:12:22,002 [grpc-default-executor-0] INFO  client.GrpcClientProtocolClient (GrpcClientProtocolClient.java:onNext(255)) - client-0C76110B8A2B->ed5d81fa-aaf0-49db-aa57-acca1dd387bd: receive RaftClientReply:client-0C76110B8A2B->ed5d81fa-aaf0-49db-aa57-acca1dd387bd@group-729F0664FEA8, cid=3373, SUCCESS, logIndex=4767, commits[ed5d81fa-aaf0-49db-aa57-acca1dd387bd:c4770]
2019-09-10 22:12:22,003 [grpc-default-executor-0] INFO  client.GrpcClientProtocolClient (GrpcClientProtocolClient.java:onNext(255)) - client-0C76110B8A2B->ed5d81fa-aaf0-49db-aa57-acca1dd387bd: receive RaftClientReply:client-0C76110B8A2B->ed5d81fa-aaf0-49db-aa57-acca1dd387bd@group-729F0664FEA8, cid=3374, SUCCESS, logIndex=4768, commits[ed5d81fa-aaf0-49db-aa57-acca1dd387bd:c4770]
2019-09-10 22:12:22,003 [grpc-default-executor-0] INFO  client.GrpcClientProtocolClient (GrpcClientProtocolClient.java:onNext(255)) - client-0C76110B8A2B->ed5d81fa-aaf0-49db-aa57-acca1dd387bd: receive RaftClientReply:client-0C76110B8A2B->ed5d81fa-aaf0-49db-aa57-acca1dd387bd@group-729F0664FEA8, cid=3375, SUCCESS, logIndex=4769, commits[ed5d81fa-aaf0-49db-aa57-acca1dd387bd:c4770]
2019-09-10 22:12:22,003 [grpc-default-executor-0] INFO  client.GrpcClientProtocolClient (GrpcClientProtocolClient.java:onNext(255)) - client-0C76110B8A2B->ed5d81fa-aaf0-49db-aa57-acca1dd387bd: receive RaftClientReply:client-0C76110B8A2B->ed5d81fa-aaf0-49db-aa57-acca1dd387bd@group-729F0664FEA8, cid=3376, SUCCESS, logIndex=4770, commits[ed5d81fa-aaf0-49db-aa57-acca1dd387bd:c4770]
2019-09-10 22:12:22,030 [grpc-default-executor-1] INFO  client.GrpcClientProtocolClient (GrpcClientProtocolClient.java:onNext(255)) - client-0C76110B8A2B->ed5d81fa-aaf0-49db-aa57-acca1dd387bd: receive RaftClientReply:client-0C76110B8A2B->ed5d81fa-aaf0-49db-aa57-acca1dd387bd@group-729F0664FEA8, cid=3377, SUCCESS, logIndex=4772, commits[ed5d81fa-aaf0-49db-aa57-acca1dd387bd:c4773]
2019-09-10 22:12:22,031 [SCMBlockDeletingService#0] DEBUG block.SCMBlockDeletingService (SCMBlockDeletingService.java:call(138)) - Running DeletedBlockTransactionScanner
2019-09-10 22:12:22,031 [grpc-default-executor-1] INFO  client.GrpcClientProtocolClient (GrpcClientProtocolClient.java:onNext(255)) - client-0C76110B8A2B->ed5d81fa-aaf0-49db-aa57-acca1dd387bd: receive RaftClientReply:client-0C76110B8A2B->ed5d81fa-aaf0-49db-aa57-acca1dd387bd@group-729F0664FEA8, cid=3378, SUCCESS, logIndex=4773, commits[ed5d81fa-aaf0-49db-aa57-acca1dd387bd:c4775]
2019-09-10 22:12:22,032 [SCMBlockDeletingService#0] DEBUG block.SCMBlockDeletingService (SCMBlockDeletingService.java:call(155)) - Scanned deleted blocks log and got 0 delTX to process.
2019-09-10 22:12:22,032 [grpc-default-executor-1] INFO  client.GrpcClientProtocolClient (GrpcClientProtocolClient.java:onNext(255)) - client-0C76110B8A2B->ed5d81fa-aaf0-49db-aa57-acca1dd387bd: receive RaftClientReply:client-0C76110B8A2B->ed5d81fa-aaf0-49db-aa57-acca1dd387bd@group-729F0664FEA8, cid=3379, SUCCESS, logIndex=4774, commits[ed5d81fa-aaf0-49db-aa57-acca1dd387bd:c4776]
2019-09-10 22:12:22,032 [grpc-default-executor-1] INFO  client.GrpcClientProtocolClient (GrpcClientProtocolClient.java:onNext(255)) - client-0C76110B8A2B->ed5d81fa-aaf0-49db-aa57-acca1dd387bd: receive RaftClientReply:client-0C76110B8A2B->ed5d81fa-aaf0-49db-aa57-acca1dd387bd@group-729F0664FEA8, cid=3380, SUCCESS, logIndex=4775, commits[ed5d81fa-aaf0-49db-aa57-acca1dd387bd:c4776]
2019-09-10 22:12:22,050 [grpc-default-executor-1] INFO  client.GrpcClientProtocolClient (GrpcClientProtocolClient.java:onNext(255)) - client-0C76110B8A2B->ed5d81fa-aaf0-49db-aa57-acca1dd387bd: receive RaftClientReply:client-0C76110B8A2B->ed5d81fa-aaf0-49db-aa57-acca1dd387bd@group-729F0664FEA8, cid=3381, SUCCESS, logIndex=4778, commits[ed5d81fa-aaf0-49db-aa57-acca1dd387bd:c4779]
2019-09-10 22:12:22,051 [grpc-default-executor-1] INFO  client.GrpcClientProtocolClient (GrpcClientProtocolClient.java:onNext(255)) - client-0C76110B8A2B->ed5d81fa-aaf0-49db-aa57-acca1dd387bd: receive RaftClientReply:client-0C76110B8A2B->ed5d81fa-aaf0-49db-aa57-acca1dd387bd@group-729F0664FEA8, cid=3382, SUCCESS, logIndex=4779, commits[ed5d81fa-aaf0-49db-aa57-acca1dd387bd:c4781]
2019-09-10 22:12:22,051 [grpc-default-executor-1] INFO  client.GrpcClientProtocolClient (GrpcClientProtocolClient.java:onNext(255)) - client-0C76110B8A2B->ed5d81fa-aaf0-49db-aa57-acca1dd387bd: receive RaftClientReply:client-0C76110B8A2B->ed5d81fa-aaf0-49db-aa57-acca1dd387bd@group-729F0664FEA8, cid=3383, SUCCESS, logIndex=4780, commits[ed5d81fa-aaf0-49db-aa57-acca1dd387bd:c4782]
2019-09-10 22:12:22,051 [grpc-default-executor-1] INFO  client.GrpcClientProtocolClient (GrpcClientProtocolClient.java:onNext(255)) - client-0C76110B8A2B->ed5d81fa-aaf0-49db-aa57-acca1dd387bd: receive RaftClientReply:client-0C76110B8A2B->ed5d81fa-aaf0-49db-aa57-acca1dd387bd@group-729F0664FEA8, cid=3384, SUCCESS, logIndex=4781, commits[ed5d81fa-aaf0-49db-aa57-acca1dd387bd:c4782]
2019-09-10 22:12:22,078 [grpc-default-executor-1] INFO  client.GrpcClientProtocolClient (GrpcClientProtocolClient.java:onNext(255)) - client-0C76110B8A2B->ed5d81fa-aaf0-49db-aa57-acca1dd387bd: receive RaftClientReply:client-0C76110B8A2B->ed5d81fa-aaf0-49db-aa57-acca1dd387bd@group-729F0664FEA8, cid=3385, SUCCESS, logIndex=4784, commits[ed5d81fa-aaf0-49db-aa57-acca1dd387bd:c4785]
2019-09-10 22:12:22,078 [grpc-default-executor-1] INFO  client.GrpcClientProtocolClient (GrpcClientProtocolClient.java:onNext(255)) - client-0C76110B8A2B->ed5d81fa-aaf0-49db-aa57-acca1dd387bd: receive RaftClientReply:client-0C76110B8A2B->ed5d81fa-aaf0-49db-aa57-acca1dd387bd@group-729F0664FEA8, cid=3386, SUCCESS, logIndex=4785, commits[ed5d81fa-aaf0-49db-aa57-acca1dd387bd:c4787]
2019-09-10 22:12:22,078 [grpc-default-executor-1] INFO  client.GrpcClientProtocolClient (GrpcClientProtocolClient.java:onNext(255)) - client-0C76110B8A2B->ed5d81fa-aaf0-49db-aa57-acca1dd387bd: receive RaftClientReply:client-0C76110B8A2B->ed5d81fa-aaf0-49db-aa57-acca1dd387bd@group-729F0664FEA8, cid=3387, SUCCESS, logIndex=4786, commits[ed5d81fa-aaf0-49db-aa57-acca1dd387bd:c4787]
2019-09-10 22:12:22,079 [grpc-default-executor-1] INFO  client.GrpcClientProtocolClient (GrpcClientProtocolClient.java:onNext(255)) - client-0C76110B8A2B->ed5d81fa-aaf0-49db-aa57-acca1dd387bd: receive RaftClientReply:client-0C76110B8A2B->ed5d81fa-aaf0-49db-aa57-acca1dd387bd@group-729F0664FEA8, cid=3388, SUCCESS, logIndex=4787, commits[ed5d81fa-aaf0-49db-aa57-acca1dd387bd:c4787]
2019-09-10 22:12:22,088 [grpc-default-executor-0] INFO  client.GrpcClientProtocolClient (GrpcClientProtocolClient.java:onNext(255)) - client-0C76110B8A2B->ed5d81fa-aaf0-49db-aa57-acca1dd387bd: receive RaftClientReply:client-0C76110B8A2B->ed5d81fa-aaf0-49db-aa57-acca1dd387bd@group-729F0664FEA8, cid=3389, SUCCESS, logIndex=4790, commits[ed5d81fa-aaf0-49db-aa57-acca1dd387bd:c4793]
2019-09-10 22:12:22,088 [grpc-default-executor-0] INFO  client.GrpcClientProtocolClient (GrpcClientProtocolClient.java:onNext(255)) - client-0C76110B8A2B->ed5d81fa-aaf0-49db-aa57-acca1dd387bd: receive RaftClientReply:client-0C76110B8A2B->ed5d81fa-aaf0-49db-aa57-acca1dd387bd@group-729F0664FEA8, cid=3390, SUCCESS, logIndex=4791, commits[ed5d81fa-aaf0-49db-aa57-acca1dd387bd:c4793]
2019-09-10 22:12:22,088 [grpc-default-executor-0] INFO  client.GrpcClientProtocolClient (GrpcClientProtocolClient.java:onNext(255)) - client-0C76110B8A2B->ed5d81fa-aaf0-49db-aa57-acca1dd387bd: receive RaftClientReply:client-0C76110B8A2B->ed5d81fa-aaf0-49db-aa57-acca1dd387bd@group-729F0664FEA8, cid=3391, SUCCESS, logIndex=4792, commits[ed5d81fa-aaf0-49db-aa57-acca1dd387bd:c4793]
2019-09-10 22:12:22,089 [grpc-default-executor-0] INFO  client.GrpcClientProtocolClient (GrpcClientProtocolClient.java:onNext(255)) - client-0C76110B8A2B->ed5d81fa-aaf0-49db-aa57-acca1dd387bd: receive RaftClientReply:client-0C76110B8A2B->ed5d81fa-aaf0-49db-aa57-acca1dd387bd@group-729F0664FEA8, cid=3392, SUCCESS, logIndex=4793, commits[ed5d81fa-aaf0-49db-aa57-acca1dd387bd:c4794]
2019-09-10 22:12:22,104 [grpc-default-executor-0] INFO  client.GrpcClientProtocolClient (GrpcClientProtocolClient.java:onNext(255)) - client-0C76110B8A2B->ed5d81fa-aaf0-49db-aa57-acca1dd387bd: receive RaftClientReply:client-0C76110B8A2B->ed5d81fa-aaf0-49db-aa57-acca1dd387bd@group-729F0664FEA8, cid=3393, SUCCESS, logIndex=4795, commits[ed5d81fa-aaf0-49db-aa57-acca1dd387bd:c4796]
2019-09-10 22:12:22,105 [grpc-default-executor-0] INFO  client.GrpcClientProtocolClient (GrpcClientProtocolClient.java:onNext(255)) - client-0C76110B8A2B->ed5d81fa-aaf0-49db-aa57-acca1dd387bd: receive RaftClientReply:client-0C76110B8A2B->ed5d81fa-aaf0-49db-aa57-acca1dd387bd@group-729F0664FEA8, cid=3394, SUCCESS, logIndex=4796, commits[ed5d81fa-aaf0-49db-aa57-acca1dd387bd:c4796]
2019-09-10 22:12:22,131 [grpc-default-executor-0] INFO  client.GrpcClientProtocolClient (GrpcClientProtocolClient.java:onNext(255)) - client-0C76110B8A2B->ed5d81fa-aaf0-49db-aa57-acca1dd387bd: receive RaftClientReply:client-0C76110B8A2B->ed5d81fa-aaf0-49db-aa57-acca1dd387bd@group-729F0664FEA8, cid=3395, SUCCESS, logIndex=4797, commits[ed5d81fa-aaf0-49db-aa57-acca1dd387bd:c4799]
2019-09-10 22:12:22,132 [grpc-default-executor-0] INFO  client.GrpcClientProtocolClient (GrpcClientProtocolClient.java:onNext(255)) - client-0C76110B8A2B->ed5d81fa-aaf0-49db-aa57-acca1dd387bd: receive RaftClientReply:client-0C76110B8A2B->ed5d81fa-aaf0-49db-aa57-acca1dd387bd@group-729F0664FEA8, cid=3396, SUCCESS, logIndex=4798, commits[ed5d81fa-aaf0-49db-aa57-acca1dd387bd:c4799]
2019-09-10 22:12:22,132 [SCMBlockDeletingService#0] DEBUG block.SCMBlockDeletingService (SCMBlockDeletingService.java:call(138)) - Running DeletedBlockTransactionScanner
2019-09-10 22:12:22,132 [SCMBlockDeletingService#0] DEBUG block.SCMBlockDeletingService (SCMBlockDeletingService.java:call(155)) - Scanned deleted blocks log and got 0 delTX to process.
2019-09-10 22:12:22,151 [grpc-default-executor-1] INFO  client.GrpcClientProtocolClient (GrpcClientProtocolClient.java:onNext(255)) - client-0C76110B8A2B->ed5d81fa-aaf0-49db-aa57-acca1dd387bd: receive RaftClientReply:client-0C76110B8A2B->ed5d81fa-aaf0-49db-aa57-acca1dd387bd@group-729F0664FEA8, cid=3397, SUCCESS, logIndex=4800, commits[ed5d81fa-aaf0-49db-aa57-acca1dd387bd:c4803]
2019-09-10 22:12:22,151 [grpc-default-executor-1] INFO  client.GrpcClientProtocolClient (GrpcClientProtocolClient.java:onNext(255)) - client-0C76110B8A2B->ed5d81fa-aaf0-49db-aa57-acca1dd387bd: receive RaftClientReply:client-0C76110B8A2B->ed5d81fa-aaf0-49db-aa57-acca1dd387bd@group-729F0664FEA8, cid=3398, SUCCESS, logIndex=4801, commits[ed5d81fa-aaf0-49db-aa57-acca1dd387bd:c4804]
2019-09-10 22:12:22,152 [grpc-default-executor-1] INFO  client.GrpcClientProtocolClient (GrpcClientProtocolClient.java:onNext(255)) - client-0C76110B8A2B->ed5d81fa-aaf0-49db-aa57-acca1dd387bd: receive RaftClientReply:client-0C76110B8A2B->ed5d81fa-aaf0-49db-aa57-acca1dd387bd@group-729F0664FEA8, cid=3399, SUCCESS, logIndex=4802, commits[ed5d81fa-aaf0-49db-aa57-acca1dd387bd:c4804]
2019-09-10 22:12:22,152 [grpc-default-executor-1] INFO  client.GrpcClientProtocolClient (GrpcClientProtocolClient.java:onNext(255)) - client-0C76110B8A2B->ed5d81fa-aaf0-49db-aa57-acca1dd387bd: receive RaftClientReply:client-0C76110B8A2B->ed5d81fa-aaf0-49db-aa57-acca1dd387bd@group-729F0664FEA8, cid=3400, SUCCESS, logIndex=4803, commits[ed5d81fa-aaf0-49db-aa57-acca1dd387bd:c4804]
2019-09-10 22:12:22,177 [grpc-default-executor-1] INFO  client.GrpcClientProtocolClient (GrpcClientProtocolClient.java:onNext(255)) - client-0C76110B8A2B->ed5d81fa-aaf0-49db-aa57-acca1dd387bd: receive RaftClientReply:client-0C76110B8A2B->ed5d81fa-aaf0-49db-aa57-acca1dd387bd@group-729F0664FEA8, cid=3401, SUCCESS, logIndex=4805, commits[ed5d81fa-aaf0-49db-aa57-acca1dd387bd:c4806]
2019-09-10 22:12:22,178 [grpc-default-executor-1] INFO  client.GrpcClientProtocolClient (GrpcClientProtocolClient.java:onNext(255)) - client-0C76110B8A2B->ed5d81fa-aaf0-49db-aa57-acca1dd387bd: receive RaftClientReply:client-0C76110B8A2B->ed5d81fa-aaf0-49db-aa57-acca1dd387bd@group-729F0664FEA8, cid=3402, SUCCESS, logIndex=4806, commits[ed5d81fa-aaf0-49db-aa57-acca1dd387bd:c4806]
2019-09-10 22:12:22,233 [SCMBlockDeletingService#0] DEBUG block.SCMBlockDeletingService (SCMBlockDeletingService.java:call(138)) - Running DeletedBlockTransactionScanner
2019-09-10 22:12:22,233 [SCMBlockDeletingService#0] DEBUG block.SCMBlockDeletingService (SCMBlockDeletingService.java:call(155)) - Scanned deleted blocks log and got 0 delTX to process.
2019-09-10 22:12:22,262 [grpc-default-executor-1] INFO  client.GrpcClientProtocolClient (GrpcClientProtocolClient.java:onNext(255)) - client-0C76110B8A2B->ed5d81fa-aaf0-49db-aa57-acca1dd387bd: receive RaftClientReply:client-0C76110B8A2B->ed5d81fa-aaf0-49db-aa57-acca1dd387bd@group-729F0664FEA8, cid=3403, SUCCESS, logIndex=4808, commits[ed5d81fa-aaf0-49db-aa57-acca1dd387bd:c4809]
2019-09-10 22:12:22,263 [grpc-default-executor-1] INFO  client.GrpcClientProtocolClient (GrpcClientProtocolClient.java:onNext(255)) - client-0C76110B8A2B->ed5d81fa-aaf0-49db-aa57-acca1dd387bd: receive RaftClientReply:client-0C76110B8A2B->ed5d81fa-aaf0-49db-aa57-acca1dd387bd@group-729F0664FEA8, cid=3404, SUCCESS, logIndex=4809, commits[ed5d81fa-aaf0-49db-aa57-acca1dd387bd:c4810]
2019-09-10 22:12:22,338 [SCMBlockDeletingService#0] DEBUG block.SCMBlockDeletingService (SCMBlockDeletingService.java:call(138)) - Running DeletedBlockTransactionScanner
2019-09-10 22:12:22,339 [SCMBlockDeletingService#0] DEBUG block.SCMBlockDeletingService (SCMBlockDeletingService.java:call(155)) - Scanned deleted blocks log and got 0 delTX to process.
2019-09-10 22:12:22,351 [grpc-default-executor-1] INFO  client.GrpcClientProtocolClient (GrpcClientProtocolClient.java:onNext(255)) - client-0C76110B8A2B->ed5d81fa-aaf0-49db-aa57-acca1dd387bd: receive RaftClientReply:client-0C76110B8A2B->ed5d81fa-aaf0-49db-aa57-acca1dd387bd@group-729F0664FEA8, cid=3405, SUCCESS, logIndex=4811, commits[ed5d81fa-aaf0-49db-aa57-acca1dd387bd:c4812]
2019-09-10 22:12:22,351 [grpc-default-executor-1] INFO  client.GrpcClientProtocolClient (GrpcClientProtocolClient.java:onNext(255)) - client-0C76110B8A2B->ed5d81fa-aaf0-49db-aa57-acca1dd387bd: receive RaftClientReply:client-0C76110B8A2B->ed5d81fa-aaf0-49db-aa57-acca1dd387bd@group-729F0664FEA8, cid=3406, SUCCESS, logIndex=4812, commits[ed5d81fa-aaf0-49db-aa57-acca1dd387bd:c4814]
2019-09-10 22:12:22,352 [grpc-default-executor-1] INFO  client.GrpcClientProtocolClient (GrpcClientProtocolClient.java:onNext(255)) - client-0C76110B8A2B->ed5d81fa-aaf0-49db-aa57-acca1dd387bd: receive RaftClientReply:client-0C76110B8A2B->ed5d81fa-aaf0-49db-aa57-acca1dd387bd@group-729F0664FEA8, cid=3407, SUCCESS, logIndex=4813, commits[ed5d81fa-aaf0-49db-aa57-acca1dd387bd:c4815]
2019-09-10 22:12:22,352 [grpc-default-executor-1] INFO  client.GrpcClientProtocolClient (GrpcClientProtocolClient.java:onNext(255)) - client-0C76110B8A2B->ed5d81fa-aaf0-49db-aa57-acca1dd387bd: receive RaftClientReply:client-0C76110B8A2B->ed5d81fa-aaf0-49db-aa57-acca1dd387bd@group-729F0664FEA8, cid=3408, SUCCESS, logIndex=4814, commits[ed5d81fa-aaf0-49db-aa57-acca1dd387bd:c4815]
2019-09-10 22:12:22,382 [grpc-default-executor-1] INFO  client.GrpcClientProtocolClient (GrpcClientProtocolClient.java:onNext(255)) - client-0C76110B8A2B->ed5d81fa-aaf0-49db-aa57-acca1dd387bd: receive RaftClientReply:client-0C76110B8A2B->ed5d81fa-aaf0-49db-aa57-acca1dd387bd@group-729F0664FEA8, cid=3409, SUCCESS, logIndex=4817, commits[ed5d81fa-aaf0-49db-aa57-acca1dd387bd:c4818]
2019-09-10 22:12:22,383 [grpc-default-executor-1] INFO  client.GrpcClientProtocolClient (GrpcClientProtocolClient.java:onNext(255)) - client-0C76110B8A2B->ed5d81fa-aaf0-49db-aa57-acca1dd387bd: receive RaftClientReply:client-0C76110B8A2B->ed5d81fa-aaf0-49db-aa57-acca1dd387bd@group-729F0664FEA8, cid=3410, SUCCESS, logIndex=4818, commits[ed5d81fa-aaf0-49db-aa57-acca1dd387bd:c4820]
2019-09-10 22:12:22,383 [grpc-default-executor-1] INFO  client.GrpcClientProtocolClient (GrpcClientProtocolClient.java:onNext(255)) - client-0C76110B8A2B->ed5d81fa-aaf0-49db-aa57-acca1dd387bd: receive RaftClientReply:client-0C76110B8A2B->ed5d81fa-aaf0-49db-aa57-acca1dd387bd@group-729F0664FEA8, cid=3411, SUCCESS, logIndex=4819, commits[ed5d81fa-aaf0-49db-aa57-acca1dd387bd:c4820]
2019-09-10 22:12:22,383 [grpc-default-executor-1] INFO  client.GrpcClientProtocolClient (GrpcClientProtocolClient.java:onNext(255)) - client-0C76110B8A2B->ed5d81fa-aaf0-49db-aa57-acca1dd387bd: receive RaftClientReply:client-0C76110B8A2B->ed5d81fa-aaf0-49db-aa57-acca1dd387bd@group-729F0664FEA8, cid=3412, SUCCESS, logIndex=4820, commits[ed5d81fa-aaf0-49db-aa57-acca1dd387bd:c4821]
2019-09-10 22:12:22,403 [grpc-default-executor-0] INFO  client.GrpcClientProtocolClient (GrpcClientProtocolClient.java:onNext(255)) - client-0C76110B8A2B->ed5d81fa-aaf0-49db-aa57-acca1dd387bd: receive RaftClientReply:client-0C76110B8A2B->ed5d81fa-aaf0-49db-aa57-acca1dd387bd@group-729F0664FEA8, cid=3413, SUCCESS, logIndex=4823, commits[ed5d81fa-aaf0-49db-aa57-acca1dd387bd:c4824]
2019-09-10 22:12:22,403 [grpc-default-executor-0] INFO  client.GrpcClientProtocolClient (GrpcClientProtocolClient.java:onNext(255)) - client-0C76110B8A2B->ed5d81fa-aaf0-49db-aa57-acca1dd387bd: receive RaftClientReply:client-0C76110B8A2B->ed5d81fa-aaf0-49db-aa57-acca1dd387bd@group-729F0664FEA8, cid=3414, SUCCESS, logIndex=4824, commits[ed5d81fa-aaf0-49db-aa57-acca1dd387bd:c4826]
2019-09-10 22:12:22,403 [grpc-default-executor-0] INFO  client.GrpcClientProtocolClient (GrpcClientProtocolClient.java:onNext(255)) - client-0C76110B8A2B->ed5d81fa-aaf0-49db-aa57-acca1dd387bd: receive RaftClientReply:client-0C76110B8A2B->ed5d81fa-aaf0-49db-aa57-acca1dd387bd@group-729F0664FEA8, cid=3415, SUCCESS, logIndex=4825, commits[ed5d81fa-aaf0-49db-aa57-acca1dd387bd:c4826]
2019-09-10 22:12:22,404 [grpc-default-executor-0] INFO  client.GrpcClientProtocolClient (GrpcClientProtocolClient.java:onNext(255)) - client-0C76110B8A2B->ed5d81fa-aaf0-49db-aa57-acca1dd387bd: receive RaftClientReply:client-0C76110B8A2B->ed5d81fa-aaf0-49db-aa57-acca1dd387bd@group-729F0664FEA8, cid=3416, SUCCESS, logIndex=4826, commits[ed5d81fa-aaf0-49db-aa57-acca1dd387bd:c4827]
2019-09-10 22:12:22,434 [grpc-default-executor-0] INFO  client.GrpcClientProtocolClient (GrpcClientProtocolClient.java:onNext(255)) - client-0C76110B8A2B->ed5d81fa-aaf0-49db-aa57-acca1dd387bd: receive RaftClientReply:client-0C76110B8A2B->ed5d81fa-aaf0-49db-aa57-acca1dd387bd@group-729F0664FEA8, cid=3417, SUCCESS, logIndex=4829, commits[ed5d81fa-aaf0-49db-aa57-acca1dd387bd:c4830]
2019-09-10 22:12:22,435 [grpc-default-executor-0] INFO  client.GrpcClientProtocolClient (GrpcClientProtocolClient.java:onNext(255)) - client-0C76110B8A2B->ed5d81fa-aaf0-49db-aa57-acca1dd387bd: receive RaftClientReply:client-0C76110B8A2B->ed5d81fa-aaf0-49db-aa57-acca1dd387bd@group-729F0664FEA8, cid=3418, SUCCESS, logIndex=4830, commits[ed5d81fa-aaf0-49db-aa57-acca1dd387bd:c4830]
2019-09-10 22:12:22,439 [SCMBlockDeletingService#0] DEBUG block.SCMBlockDeletingService (SCMBlockDeletingService.java:call(138)) - Running DeletedBlockTransactionScanner
2019-09-10 22:12:22,439 [SCMBlockDeletingService#0] DEBUG block.SCMBlockDeletingService (SCMBlockDeletingService.java:call(155)) - Scanned deleted blocks log and got 0 delTX to process.
2019-09-10 22:12:22,445 [grpc-default-executor-0] INFO  client.GrpcClientProtocolClient (GrpcClientProtocolClient.java:onNext(255)) - client-0C76110B8A2B->ed5d81fa-aaf0-49db-aa57-acca1dd387bd: receive RaftClientReply:client-0C76110B8A2B->ed5d81fa-aaf0-49db-aa57-acca1dd387bd@group-729F0664FEA8, cid=3419, SUCCESS, logIndex=4831, commits[ed5d81fa-aaf0-49db-aa57-acca1dd387bd:c4832]
2019-09-10 22:12:22,446 [grpc-default-executor-0] INFO  client.GrpcClientProtocolClient (GrpcClientProtocolClient.java:onNext(255)) - client-0C76110B8A2B->ed5d81fa-aaf0-49db-aa57-acca1dd387bd: receive RaftClientReply:client-0C76110B8A2B->ed5d81fa-aaf0-49db-aa57-acca1dd387bd@group-729F0664FEA8, cid=3420, SUCCESS, logIndex=4832, commits[ed5d81fa-aaf0-49db-aa57-acca1dd387bd:c4833]
2019-09-10 22:12:22,463 [grpc-default-executor-1] INFO  client.GrpcClientProtocolClient (GrpcClientProtocolClient.java:onNext(255)) - client-0C76110B8A2B->ed5d81fa-aaf0-49db-aa57-acca1dd387bd: receive RaftClientReply:client-0C76110B8A2B->ed5d81fa-aaf0-49db-aa57-acca1dd387bd@group-729F0664FEA8, cid=3421, SUCCESS, logIndex=4835, commits[ed5d81fa-aaf0-49db-aa57-acca1dd387bd:c4836]
2019-09-10 22:12:22,463 [grpc-default-executor-1] INFO  client.GrpcClientProtocolClient (GrpcClientProtocolClient.java:onNext(255)) - client-0C76110B8A2B->ed5d81fa-aaf0-49db-aa57-acca1dd387bd: receive RaftClientReply:client-0C76110B8A2B->ed5d81fa-aaf0-49db-aa57-acca1dd387bd@group-729F0664FEA8, cid=3422, SUCCESS, logIndex=4836, commits[ed5d81fa-aaf0-49db-aa57-acca1dd387bd:c4836]
2019-09-10 22:12:22,464 [grpc-default-executor-1] INFO  client.GrpcClientProtocolClient (GrpcClientProtocolClient.java:onNext(255)) - client-0C76110B8A2B->ed5d81fa-aaf0-49db-aa57-acca1dd387bd: receive RaftClientReply:client-0C76110B8A2B->ed5d81fa-aaf0-49db-aa57-acca1dd387bd@group-729F0664FEA8, cid=3423, SUCCESS, logIndex=4837, commits[ed5d81fa-aaf0-49db-aa57-acca1dd387bd:c4838]
2019-09-10 22:12:22,464 [grpc-default-executor-1] INFO  client.GrpcClientProtocolClient (GrpcClientProtocolClient.java:onNext(255)) - client-0C76110B8A2B->ed5d81fa-aaf0-49db-aa57-acca1dd387bd: receive RaftClientReply:client-0C76110B8A2B->ed5d81fa-aaf0-49db-aa57-acca1dd387bd@group-729F0664FEA8, cid=3424, SUCCESS, logIndex=4838, commits[ed5d81fa-aaf0-49db-aa57-acca1dd387bd:c4839]
2019-09-10 22:12:22,491 [grpc-default-executor-0] INFO  client.GrpcClientProtocolClient (GrpcClientProtocolClient.java:onNext(255)) - client-0C76110B8A2B->ed5d81fa-aaf0-49db-aa57-acca1dd387bd: receive RaftClientReply:client-0C76110B8A2B->ed5d81fa-aaf0-49db-aa57-acca1dd387bd@group-729F0664FEA8, cid=3425, SUCCESS, logIndex=4841, commits[ed5d81fa-aaf0-49db-aa57-acca1dd387bd:c4844]
2019-09-10 22:12:22,491 [grpc-default-executor-0] INFO  client.GrpcClientProtocolClient (GrpcClientProtocolClient.java:onNext(255)) - client-0C76110B8A2B->ed5d81fa-aaf0-49db-aa57-acca1dd387bd: receive RaftClientReply:client-0C76110B8A2B->ed5d81fa-aaf0-49db-aa57-acca1dd387bd@group-729F0664FEA8, cid=3426, SUCCESS, logIndex=4842, commits[ed5d81fa-aaf0-49db-aa57-acca1dd387bd:c4845]
2019-09-10 22:12:22,491 [grpc-default-executor-0] INFO  client.GrpcClientProtocolClient (GrpcClientProtocolClient.java:onNext(255)) - client-0C76110B8A2B->ed5d81fa-aaf0-49db-aa57-acca1dd387bd: receive RaftClientReply:client-0C76110B8A2B->ed5d81fa-aaf0-49db-aa57-acca1dd387bd@group-729F0664FEA8, cid=3427, SUCCESS, logIndex=4843, commits[ed5d81fa-aaf0-49db-aa57-acca1dd387bd:c4845]
2019-09-10 22:12:22,491 [grpc-default-executor-0] INFO  client.GrpcClientProtocolClient (GrpcClientProtocolClient.java:onNext(255)) - client-0C76110B8A2B->ed5d81fa-aaf0-49db-aa57-acca1dd387bd: receive RaftClientReply:client-0C76110B8A2B->ed5d81fa-aaf0-49db-aa57-acca1dd387bd@group-729F0664FEA8, cid=3428, SUCCESS, logIndex=4844, commits[ed5d81fa-aaf0-49db-aa57-acca1dd387bd:c4845]
2019-09-10 22:12:22,509 [grpc-default-executor-1] INFO  client.GrpcClientProtocolClient (GrpcClientProtocolClient.java:onNext(255)) - client-0C76110B8A2B->ed5d81fa-aaf0-49db-aa57-acca1dd387bd: receive RaftClientReply:client-0C76110B8A2B->ed5d81fa-aaf0-49db-aa57-acca1dd387bd@group-729F0664FEA8, cid=3429, SUCCESS, logIndex=4846, commits[ed5d81fa-aaf0-49db-aa57-acca1dd387bd:c4847]
2019-09-10 22:12:22,509 [grpc-default-executor-1] INFO  client.GrpcClientProtocolClient (GrpcClientProtocolClient.java:onNext(255)) - client-0C76110B8A2B->ed5d81fa-aaf0-49db-aa57-acca1dd387bd: receive RaftClientReply:client-0C76110B8A2B->ed5d81fa-aaf0-49db-aa57-acca1dd387bd@group-729F0664FEA8, cid=3430, SUCCESS, logIndex=4847, commits[ed5d81fa-aaf0-49db-aa57-acca1dd387bd:c4849]
2019-09-10 22:12:22,509 [grpc-default-executor-1] INFO  client.GrpcClientProtocolClient (GrpcClientProtocolClient.java:onNext(255)) - client-0C76110B8A2B->ed5d81fa-aaf0-49db-aa57-acca1dd387bd: receive RaftClientReply:client-0C76110B8A2B->ed5d81fa-aaf0-49db-aa57-acca1dd387bd@group-729F0664FEA8, cid=3431, SUCCESS, logIndex=4848, commits[ed5d81fa-aaf0-49db-aa57-acca1dd387bd:c4849]
2019-09-10 22:12:22,510 [grpc-default-executor-1] INFO  client.GrpcClientProtocolClient (GrpcClientProtocolClient.java:onNext(255)) - client-0C76110B8A2B->ed5d81fa-aaf0-49db-aa57-acca1dd387bd: receive RaftClientReply:client-0C76110B8A2B->ed5d81fa-aaf0-49db-aa57-acca1dd387bd@group-729F0664FEA8, cid=3432, SUCCESS, logIndex=4849, commits[ed5d81fa-aaf0-49db-aa57-acca1dd387bd:c4850]
2019-09-10 22:12:22,535 [grpc-default-executor-0] INFO  client.GrpcClientProtocolClient (GrpcClientProtocolClient.java:onNext(255)) - client-0C76110B8A2B->ed5d81fa-aaf0-49db-aa57-acca1dd387bd: receive RaftClientReply:client-0C76110B8A2B->ed5d81fa-aaf0-49db-aa57-acca1dd387bd@group-729F0664FEA8, cid=3433, SUCCESS, logIndex=4852, commits[ed5d81fa-aaf0-49db-aa57-acca1dd387bd:c4853]
2019-09-10 22:12:22,535 [grpc-default-executor-0] INFO  client.GrpcClientProtocolClient (GrpcClientProtocolClient.java:onNext(255)) - client-0C76110B8A2B->ed5d81fa-aaf0-49db-aa57-acca1dd387bd: receive RaftClientReply:client-0C76110B8A2B->ed5d81fa-aaf0-49db-aa57-acca1dd387bd@group-729F0664FEA8, cid=3434, SUCCESS, logIndex=4853, commits[ed5d81fa-aaf0-49db-aa57-acca1dd387bd:c4853]
2019-09-10 22:12:22,536 [grpc-default-executor-0] INFO  client.GrpcClientProtocolClient (GrpcClientProtocolClient.java:onNext(255)) - client-0C76110B8A2B->ed5d81fa-aaf0-49db-aa57-acca1dd387bd: receive RaftClientReply:client-0C76110B8A2B->ed5d81fa-aaf0-49db-aa57-acca1dd387bd@group-729F0664FEA8, cid=3435, SUCCESS, logIndex=4854, commits[ed5d81fa-aaf0-49db-aa57-acca1dd387bd:c4855]
2019-09-10 22:12:22,536 [grpc-default-executor-0] INFO  client.GrpcClientProtocolClient (GrpcClientProtocolClient.java:onNext(255)) - client-0C76110B8A2B->ed5d81fa-aaf0-49db-aa57-acca1dd387bd: receive RaftClientReply:client-0C76110B8A2B->ed5d81fa-aaf0-49db-aa57-acca1dd387bd@group-729F0664FEA8, cid=3436, SUCCESS, logIndex=4855, commits[ed5d81fa-aaf0-49db-aa57-acca1dd387bd:c4855]
2019-09-10 22:12:22,540 [SCMBlockDeletingService#0] DEBUG block.SCMBlockDeletingService (SCMBlockDeletingService.java:call(138)) - Running DeletedBlockTransactionScanner
2019-09-10 22:12:22,540 [SCMBlockDeletingService#0] DEBUG block.SCMBlockDeletingService (SCMBlockDeletingService.java:call(155)) - Scanned deleted blocks log and got 0 delTX to process.
2019-09-10 22:12:22,553 [grpc-default-executor-0] INFO  client.GrpcClientProtocolClient (GrpcClientProtocolClient.java:onNext(255)) - client-0C76110B8A2B->ed5d81fa-aaf0-49db-aa57-acca1dd387bd: receive RaftClientReply:client-0C76110B8A2B->ed5d81fa-aaf0-49db-aa57-acca1dd387bd@group-729F0664FEA8, cid=3437, SUCCESS, logIndex=4858, commits[ed5d81fa-aaf0-49db-aa57-acca1dd387bd:c4859]
2019-09-10 22:12:22,553 [grpc-default-executor-0] INFO  client.GrpcClientProtocolClient (GrpcClientProtocolClient.java:onNext(255)) - client-0C76110B8A2B->ed5d81fa-aaf0-49db-aa57-acca1dd387bd: receive RaftClientReply:client-0C76110B8A2B->ed5d81fa-aaf0-49db-aa57-acca1dd387bd@group-729F0664FEA8, cid=3438, SUCCESS, logIndex=4859, commits[ed5d81fa-aaf0-49db-aa57-acca1dd387bd:c4859]
2019-09-10 22:12:22,554 [grpc-default-executor-0] INFO  client.GrpcClientProtocolClient (GrpcClientProtocolClient.java:onNext(255)) - client-0C76110B8A2B->ed5d81fa-aaf0-49db-aa57-acca1dd387bd: receive RaftClientReply:client-0C76110B8A2B->ed5d81fa-aaf0-49db-aa57-acca1dd387bd@group-729F0664FEA8, cid=3439, SUCCESS, logIndex=4860, commits[ed5d81fa-aaf0-49db-aa57-acca1dd387bd:c4861]
2019-09-10 22:12:22,554 [grpc-default-executor-0] INFO  client.GrpcClientProtocolClient (GrpcClientProtocolClient.java:onNext(255)) - client-0C76110B8A2B->ed5d81fa-aaf0-49db-aa57-acca1dd387bd: receive RaftClientReply:client-0C76110B8A2B->ed5d81fa-aaf0-49db-aa57-acca1dd387bd@group-729F0664FEA8, cid=3440, SUCCESS, logIndex=4861, commits[ed5d81fa-aaf0-49db-aa57-acca1dd387bd:c4861]
2019-09-10 22:12:22,580 [grpc-default-executor-0] INFO  client.GrpcClientProtocolClient (GrpcClientProtocolClient.java:onNext(255)) - client-0C76110B8A2B->ed5d81fa-aaf0-49db-aa57-acca1dd387bd: receive RaftClientReply:client-0C76110B8A2B->ed5d81fa-aaf0-49db-aa57-acca1dd387bd@group-729F0664FEA8, cid=3441, SUCCESS, logIndex=4864, commits[ed5d81fa-aaf0-49db-aa57-acca1dd387bd:c4865]
2019-09-10 22:12:22,580 [grpc-default-executor-0] INFO  client.GrpcClientProtocolClient (GrpcClientProtocolClient.java:onNext(255)) - client-0C76110B8A2B->ed5d81fa-aaf0-49db-aa57-acca1dd387bd: receive RaftClientReply:client-0C76110B8A2B->ed5d81fa-aaf0-49db-aa57-acca1dd387bd@group-729F0664FEA8, cid=3442, SUCCESS, logIndex=4865, commits[ed5d81fa-aaf0-49db-aa57-acca1dd387bd:c4867]
2019-09-10 22:12:22,581 [grpc-default-executor-0] INFO  client.GrpcClientProtocolClient (GrpcClientProtocolClient.java:onNext(255)) - client-0C76110B8A2B->ed5d81fa-aaf0-49db-aa57-acca1dd387bd: receive RaftClientReply:client-0C76110B8A2B->ed5d81fa-aaf0-49db-aa57-acca1dd387bd@group-729F0664FEA8, cid=3443, SUCCESS, logIndex=4866, commits[ed5d81fa-aaf0-49db-aa57-acca1dd387bd:c4867]
2019-09-10 22:12:22,581 [grpc-default-executor-0] INFO  client.GrpcClientProtocolClient (GrpcClientProtocolClient.java:onNext(255)) - client-0C76110B8A2B->ed5d81fa-aaf0-49db-aa57-acca1dd387bd: receive RaftClientReply:client-0C76110B8A2B->ed5d81fa-aaf0-49db-aa57-acca1dd387bd@group-729F0664FEA8, cid=3444, SUCCESS, logIndex=4867, commits[ed5d81fa-aaf0-49db-aa57-acca1dd387bd:c4867]
2019-09-10 22:12:22,599 [grpc-default-executor-0] INFO  client.GrpcClientProtocolClient (GrpcClientProtocolClient.java:onNext(255)) - client-0C76110B8A2B->ed5d81fa-aaf0-49db-aa57-acca1dd387bd: receive RaftClientReply:client-0C76110B8A2B->ed5d81fa-aaf0-49db-aa57-acca1dd387bd@group-729F0664FEA8, cid=3445, SUCCESS, logIndex=4870, commits[ed5d81fa-aaf0-49db-aa57-acca1dd387bd:c4871]
2019-09-10 22:12:22,599 [grpc-default-executor-0] INFO  client.GrpcClientProtocolClient (GrpcClientProtocolClient.java:onNext(255)) - client-0C76110B8A2B->ed5d81fa-aaf0-49db-aa57-acca1dd387bd: receive RaftClientReply:client-0C76110B8A2B->ed5d81fa-aaf0-49db-aa57-acca1dd387bd@group-729F0664FEA8, cid=3446, SUCCESS, logIndex=4871, commits[ed5d81fa-aaf0-49db-aa57-acca1dd387bd:c4872]
2019-09-10 22:12:22,640 [SCMBlockDeletingService#0] DEBUG block.SCMBlockDeletingService (SCMBlockDeletingService.java:call(138)) - Running DeletedBlockTransactionScanner
2019-09-10 22:12:22,640 [SCMBlockDeletingService#0] DEBUG block.SCMBlockDeletingService (SCMBlockDeletingService.java:call(155)) - Scanned deleted blocks log and got 0 delTX to process.
2019-09-10 22:12:22,683 [grpc-default-executor-1] INFO  client.GrpcClientProtocolClient (GrpcClientProtocolClient.java:onNext(255)) - client-0C76110B8A2B->ed5d81fa-aaf0-49db-aa57-acca1dd387bd: receive RaftClientReply:client-0C76110B8A2B->ed5d81fa-aaf0-49db-aa57-acca1dd387bd@group-729F0664FEA8, cid=3447, SUCCESS, logIndex=4873, commits[ed5d81fa-aaf0-49db-aa57-acca1dd387bd:c4874]
2019-09-10 22:12:22,683 [grpc-default-executor-1] INFO  client.GrpcClientProtocolClient (GrpcClientProtocolClient.java:onNext(255)) - client-0C76110B8A2B->ed5d81fa-aaf0-49db-aa57-acca1dd387bd: receive RaftClientReply:client-0C76110B8A2B->ed5d81fa-aaf0-49db-aa57-acca1dd387bd@group-729F0664FEA8, cid=3448, SUCCESS, logIndex=4874, commits[ed5d81fa-aaf0-49db-aa57-acca1dd387bd:c4875]
2019-09-10 22:12:22,710 [grpc-default-executor-0] INFO  client.GrpcClientProtocolClient (GrpcClientProtocolClient.java:onNext(255)) - client-0C76110B8A2B->ed5d81fa-aaf0-49db-aa57-acca1dd387bd: receive RaftClientReply:client-0C76110B8A2B->ed5d81fa-aaf0-49db-aa57-acca1dd387bd@group-729F0664FEA8, cid=3449, SUCCESS, logIndex=4876, commits[ed5d81fa-aaf0-49db-aa57-acca1dd387bd:c4879]
2019-09-10 22:12:22,711 [grpc-default-executor-0] INFO  client.GrpcClientProtocolClient (GrpcClientProtocolClient.java:onNext(255)) - client-0C76110B8A2B->ed5d81fa-aaf0-49db-aa57-acca1dd387bd: receive RaftClientReply:client-0C76110B8A2B->ed5d81fa-aaf0-49db-aa57-acca1dd387bd@group-729F0664FEA8, cid=3450, SUCCESS, logIndex=4877, commits[ed5d81fa-aaf0-49db-aa57-acca1dd387bd:c4879]
2019-09-10 22:12:22,711 [grpc-default-executor-0] INFO  client.GrpcClientProtocolClient (GrpcClientProtocolClient.java:onNext(255)) - client-0C76110B8A2B->ed5d81fa-aaf0-49db-aa57-acca1dd387bd: receive RaftClientReply:client-0C76110B8A2B->ed5d81fa-aaf0-49db-aa57-acca1dd387bd@group-729F0664FEA8, cid=3451, SUCCESS, logIndex=4878, commits[ed5d81fa-aaf0-49db-aa57-acca1dd387bd:c4880]
2019-09-10 22:12:22,711 [grpc-default-executor-0] INFO  client.GrpcClientProtocolClient (GrpcClientProtocolClient.java:onNext(255)) - client-0C76110B8A2B->ed5d81fa-aaf0-49db-aa57-acca1dd387bd: receive RaftClientReply:client-0C76110B8A2B->ed5d81fa-aaf0-49db-aa57-acca1dd387bd@group-729F0664FEA8, cid=3452, SUCCESS, logIndex=4879, commits[ed5d81fa-aaf0-49db-aa57-acca1dd387bd:c4880]
2019-09-10 22:12:22,741 [SCMBlockDeletingService#0] DEBUG block.SCMBlockDeletingService (SCMBlockDeletingService.java:call(138)) - Running DeletedBlockTransactionScanner
2019-09-10 22:12:22,741 [SCMBlockDeletingService#0] DEBUG block.SCMBlockDeletingService (SCMBlockDeletingService.java:call(155)) - Scanned deleted blocks log and got 0 delTX to process.
2019-09-10 22:12:22,741 [grpc-default-executor-1] INFO  client.GrpcClientProtocolClient (GrpcClientProtocolClient.java:onNext(255)) - client-0C76110B8A2B->ed5d81fa-aaf0-49db-aa57-acca1dd387bd: receive RaftClientReply:client-0C76110B8A2B->ed5d81fa-aaf0-49db-aa57-acca1dd387bd@group-729F0664FEA8, cid=3453, SUCCESS, logIndex=4881, commits[ed5d81fa-aaf0-49db-aa57-acca1dd387bd:c4882]
2019-09-10 22:12:22,742 [grpc-default-executor-1] INFO  client.GrpcClientProtocolClient (GrpcClientProtocolClient.java:onNext(255)) - client-0C76110B8A2B->ed5d81fa-aaf0-49db-aa57-acca1dd387bd: receive RaftClientReply:client-0C76110B8A2B->ed5d81fa-aaf0-49db-aa57-acca1dd387bd@group-729F0664FEA8, cid=3454, SUCCESS, logIndex=4882, commits[ed5d81fa-aaf0-49db-aa57-acca1dd387bd:c4882]
2019-09-10 22:12:22,744 [grpc-default-executor-1] INFO  client.GrpcClientProtocolClient (GrpcClientProtocolClient.java:onNext(255)) - client-0C76110B8A2B->ed5d81fa-aaf0-49db-aa57-acca1dd387bd: receive RaftClientReply:client-0C76110B8A2B->ed5d81fa-aaf0-49db-aa57-acca1dd387bd@group-729F0664FEA8, cid=3455, SUCCESS, logIndex=4883, commits[ed5d81fa-aaf0-49db-aa57-acca1dd387bd:c4884]
2019-09-10 22:12:22,745 [grpc-default-executor-1] INFO  client.GrpcClientProtocolClient (GrpcClientProtocolClient.java:onNext(255)) - client-0C76110B8A2B->ed5d81fa-aaf0-49db-aa57-acca1dd387bd: receive RaftClientReply:client-0C76110B8A2B->ed5d81fa-aaf0-49db-aa57-acca1dd387bd@group-729F0664FEA8, cid=3456, SUCCESS, logIndex=4884, commits[ed5d81fa-aaf0-49db-aa57-acca1dd387bd:c4884]
2019-09-10 22:12:22,773 [grpc-default-executor-1] INFO  client.GrpcClientProtocolClient (GrpcClientProtocolClient.java:onNext(255)) - client-0C76110B8A2B->ed5d81fa-aaf0-49db-aa57-acca1dd387bd: receive RaftClientReply:client-0C76110B8A2B->ed5d81fa-aaf0-49db-aa57-acca1dd387bd@group-729F0664FEA8, cid=3457, SUCCESS, logIndex=4887, commits[ed5d81fa-aaf0-49db-aa57-acca1dd387bd:c4888]
2019-09-10 22:12:22,774 [grpc-default-executor-1] INFO  client.GrpcClientProtocolClient (GrpcClientProtocolClient.java:onNext(255)) - client-0C76110B8A2B->ed5d81fa-aaf0-49db-aa57-acca1dd387bd: receive RaftClientReply:client-0C76110B8A2B->ed5d81fa-aaf0-49db-aa57-acca1dd387bd@group-729F0664FEA8, cid=3458, SUCCESS, logIndex=4888, commits[ed5d81fa-aaf0-49db-aa57-acca1dd387bd:c4890]
2019-09-10 22:12:22,774 [grpc-default-executor-1] INFO  client.GrpcClientProtocolClient (GrpcClientProtocolClient.java:onNext(255)) - client-0C76110B8A2B->ed5d81fa-aaf0-49db-aa57-acca1dd387bd: receive RaftClientReply:client-0C76110B8A2B->ed5d81fa-aaf0-49db-aa57-acca1dd387bd@group-729F0664FEA8, cid=3459, SUCCESS, logIndex=4889, commits[ed5d81fa-aaf0-49db-aa57-acca1dd387bd:c4890]
2019-09-10 22:12:22,774 [grpc-default-executor-1] INFO  client.GrpcClientProtocolClient (GrpcClientProtocolClient.java:onNext(255)) - client-0C76110B8A2B->ed5d81fa-aaf0-49db-aa57-acca1dd387bd: receive RaftClientReply:client-0C76110B8A2B->ed5d81fa-aaf0-49db-aa57-acca1dd387bd@group-729F0664FEA8, cid=3460, SUCCESS, logIndex=4890, commits[ed5d81fa-aaf0-49db-aa57-acca1dd387bd:c4891]
2019-09-10 22:12:22,793 [grpc-default-executor-1] INFO  client.GrpcClientProtocolClient (GrpcClientProtocolClient.java:onNext(255)) - client-0C76110B8A2B->ed5d81fa-aaf0-49db-aa57-acca1dd387bd: receive RaftClientReply:client-0C76110B8A2B->ed5d81fa-aaf0-49db-aa57-acca1dd387bd@group-729F0664FEA8, cid=3461, SUCCESS, logIndex=4893, commits[ed5d81fa-aaf0-49db-aa57-acca1dd387bd:c4894]
2019-09-10 22:12:22,794 [grpc-default-executor-1] INFO  client.GrpcClientProtocolClient (GrpcClientProtocolClient.java:onNext(255)) - client-0C76110B8A2B->ed5d81fa-aaf0-49db-aa57-acca1dd387bd: receive RaftClientReply:client-0C76110B8A2B->ed5d81fa-aaf0-49db-aa57-acca1dd387bd@group-729F0664FEA8, cid=3462, SUCCESS, logIndex=4894, commits[ed5d81fa-aaf0-49db-aa57-acca1dd387bd:c4896]
2019-09-10 22:12:22,794 [grpc-default-executor-1] INFO  client.GrpcClientProtocolClient (GrpcClientProtocolClient.java:onNext(255)) - client-0C76110B8A2B->ed5d81fa-aaf0-49db-aa57-acca1dd387bd: receive RaftClientReply:client-0C76110B8A2B->ed5d81fa-aaf0-49db-aa57-acca1dd387bd@group-729F0664FEA8, cid=3463, SUCCESS, logIndex=4895, commits[ed5d81fa-aaf0-49db-aa57-acca1dd387bd:c4896]
2019-09-10 22:12:22,794 [grpc-default-executor-1] INFO  client.GrpcClientProtocolClient (GrpcClientProtocolClient.java:onNext(255)) - client-0C76110B8A2B->ed5d81fa-aaf0-49db-aa57-acca1dd387bd: receive RaftClientReply:client-0C76110B8A2B->ed5d81fa-aaf0-49db-aa57-acca1dd387bd@group-729F0664FEA8, cid=3464, SUCCESS, logIndex=4896, commits[ed5d81fa-aaf0-49db-aa57-acca1dd387bd:c4897]
2019-09-10 22:12:22,822 [grpc-default-executor-0] INFO  client.GrpcClientProtocolClient (GrpcClientProtocolClient.java:onNext(255)) - client-0C76110B8A2B->ed5d81fa-aaf0-49db-aa57-acca1dd387bd: receive RaftClientReply:client-0C76110B8A2B->ed5d81fa-aaf0-49db-aa57-acca1dd387bd@group-729F0664FEA8, cid=3465, SUCCESS, logIndex=4899, commits[ed5d81fa-aaf0-49db-aa57-acca1dd387bd:c4900]
2019-09-10 22:12:22,822 [grpc-default-executor-0] INFO  client.GrpcClientProtocolClient (GrpcClientProtocolClient.java:onNext(255)) - client-0C76110B8A2B->ed5d81fa-aaf0-49db-aa57-acca1dd387bd: receive RaftClientReply:client-0C76110B8A2B->ed5d81fa-aaf0-49db-aa57-acca1dd387bd@group-729F0664FEA8, cid=3466, SUCCESS, logIndex=4900, commits[ed5d81fa-aaf0-49db-aa57-acca1dd387bd:c4902]
2019-09-10 22:12:22,822 [grpc-default-executor-0] INFO  client.GrpcClientProtocolClient (GrpcClientProtocolClient.java:onNext(255)) - client-0C76110B8A2B->ed5d81fa-aaf0-49db-aa57-acca1dd387bd: receive RaftClientReply:client-0C76110B8A2B->ed5d81fa-aaf0-49db-aa57-acca1dd387bd@group-729F0664FEA8, cid=3467, SUCCESS, logIndex=4901, commits[ed5d81fa-aaf0-49db-aa57-acca1dd387bd:c4903]
2019-09-10 22:12:22,822 [grpc-default-executor-0] INFO  client.GrpcClientProtocolClient (GrpcClientProtocolClient.java:onNext(255)) - client-0C76110B8A2B->ed5d81fa-aaf0-49db-aa57-acca1dd387bd: receive RaftClientReply:client-0C76110B8A2B->ed5d81fa-aaf0-49db-aa57-acca1dd387bd@group-729F0664FEA8, cid=3468, SUCCESS, logIndex=4902, commits[ed5d81fa-aaf0-49db-aa57-acca1dd387bd:c4903]
2019-09-10 22:12:22,841 [grpc-default-executor-0] INFO  client.GrpcClientProtocolClient (GrpcClientProtocolClient.java:onNext(255)) - client-0C76110B8A2B->ed5d81fa-aaf0-49db-aa57-acca1dd387bd: receive RaftClientReply:client-0C76110B8A2B->ed5d81fa-aaf0-49db-aa57-acca1dd387bd@group-729F0664FEA8, cid=3469, SUCCESS, logIndex=4905, commits[ed5d81fa-aaf0-49db-aa57-acca1dd387bd:c4906]
2019-09-10 22:12:22,841 [grpc-default-executor-0] INFO  client.GrpcClientProtocolClient (GrpcClientProtocolClient.java:onNext(255)) - client-0C76110B8A2B->ed5d81fa-aaf0-49db-aa57-acca1dd387bd: receive RaftClientReply:client-0C76110B8A2B->ed5d81fa-aaf0-49db-aa57-acca1dd387bd@group-729F0664FEA8, cid=3470, SUCCESS, logIndex=4906, commits[ed5d81fa-aaf0-49db-aa57-acca1dd387bd:c4908]
2019-09-10 22:12:22,841 [SCMBlockDeletingService#0] DEBUG block.SCMBlockDeletingService (SCMBlockDeletingService.java:call(138)) - Running DeletedBlockTransactionScanner
2019-09-10 22:12:22,842 [SCMBlockDeletingService#0] DEBUG block.SCMBlockDeletingService (SCMBlockDeletingService.java:call(155)) - Scanned deleted blocks log and got 0 delTX to process.
2019-09-10 22:12:22,842 [grpc-default-executor-0] INFO  client.GrpcClientProtocolClient (GrpcClientProtocolClient.java:onNext(255)) - client-0C76110B8A2B->ed5d81fa-aaf0-49db-aa57-acca1dd387bd: receive RaftClientReply:client-0C76110B8A2B->ed5d81fa-aaf0-49db-aa57-acca1dd387bd@group-729F0664FEA8, cid=3471, SUCCESS, logIndex=4907, commits[ed5d81fa-aaf0-49db-aa57-acca1dd387bd:c4909]
2019-09-10 22:12:22,842 [grpc-default-executor-0] INFO  client.GrpcClientProtocolClient (GrpcClientProtocolClient.java:onNext(255)) - client-0C76110B8A2B->ed5d81fa-aaf0-49db-aa57-acca1dd387bd: receive RaftClientReply:client-0C76110B8A2B->ed5d81fa-aaf0-49db-aa57-acca1dd387bd@group-729F0664FEA8, cid=3472, SUCCESS, logIndex=4908, commits[ed5d81fa-aaf0-49db-aa57-acca1dd387bd:c4909]
2019-09-10 22:12:22,870 [grpc-default-executor-1] INFO  client.GrpcClientProtocolClient (GrpcClientProtocolClient.java:onNext(255)) - client-0C76110B8A2B->ed5d81fa-aaf0-49db-aa57-acca1dd387bd: receive RaftClientReply:client-0C76110B8A2B->ed5d81fa-aaf0-49db-aa57-acca1dd387bd@group-729F0664FEA8, cid=3473, SUCCESS, logIndex=4911, commits[ed5d81fa-aaf0-49db-aa57-acca1dd387bd:c4912]
2019-09-10 22:12:22,871 [grpc-default-executor-1] INFO  client.GrpcClientProtocolClient (GrpcClientProtocolClient.java:onNext(255)) - client-0C76110B8A2B->ed5d81fa-aaf0-49db-aa57-acca1dd387bd: receive RaftClientReply:client-0C76110B8A2B->ed5d81fa-aaf0-49db-aa57-acca1dd387bd@group-729F0664FEA8, cid=3474, SUCCESS, logIndex=4912, commits[ed5d81fa-aaf0-49db-aa57-acca1dd387bd:c4914]
2019-09-10 22:12:22,871 [grpc-default-executor-1] INFO  client.GrpcClientProtocolClient (GrpcClientProtocolClient.java:onNext(255)) - client-0C76110B8A2B->ed5d81fa-aaf0-49db-aa57-acca1dd387bd: receive RaftClientReply:client-0C76110B8A2B->ed5d81fa-aaf0-49db-aa57-acca1dd387bd@group-729F0664FEA8, cid=3475, SUCCESS, logIndex=4913, commits[ed5d81fa-aaf0-49db-aa57-acca1dd387bd:c4915]
2019-09-10 22:12:22,871 [grpc-default-executor-1] INFO  client.GrpcClientProtocolClient (GrpcClientProtocolClient.java:onNext(255)) - client-0C76110B8A2B->ed5d81fa-aaf0-49db-aa57-acca1dd387bd: receive RaftClientReply:client-0C76110B8A2B->ed5d81fa-aaf0-49db-aa57-acca1dd387bd@group-729F0664FEA8, cid=3476, SUCCESS, logIndex=4914, commits[ed5d81fa-aaf0-49db-aa57-acca1dd387bd:c4915]
2019-09-10 22:12:22,889 [grpc-default-executor-1] INFO  client.GrpcClientProtocolClient (GrpcClientProtocolClient.java:onNext(255)) - client-0C76110B8A2B->ed5d81fa-aaf0-49db-aa57-acca1dd387bd: receive RaftClientReply:client-0C76110B8A2B->ed5d81fa-aaf0-49db-aa57-acca1dd387bd@group-729F0664FEA8, cid=3477, SUCCESS, logIndex=4917, commits[ed5d81fa-aaf0-49db-aa57-acca1dd387bd:c4918]
2019-09-10 22:12:22,889 [grpc-default-executor-1] INFO  client.GrpcClientProtocolClient (GrpcClientProtocolClient.java:onNext(255)) - client-0C76110B8A2B->ed5d81fa-aaf0-49db-aa57-acca1dd387bd: receive RaftClientReply:client-0C76110B8A2B->ed5d81fa-aaf0-49db-aa57-acca1dd387bd@group-729F0664FEA8, cid=3478, SUCCESS, logIndex=4918, commits[ed5d81fa-aaf0-49db-aa57-acca1dd387bd:c4918]
2019-09-10 22:12:22,903 [grpc-default-executor-1] INFO  client.GrpcClientProtocolClient (GrpcClientProtocolClient.java:onNext(255)) - client-0C76110B8A2B->ed5d81fa-aaf0-49db-aa57-acca1dd387bd: receive RaftClientReply:client-0C76110B8A2B->ed5d81fa-aaf0-49db-aa57-acca1dd387bd@group-729F0664FEA8, cid=3479, SUCCESS, logIndex=4919, commits[ed5d81fa-aaf0-49db-aa57-acca1dd387bd:c4921]
2019-09-10 22:12:22,904 [grpc-default-executor-1] INFO  client.GrpcClientProtocolClient (GrpcClientProtocolClient.java:onNext(255)) - client-0C76110B8A2B->ed5d81fa-aaf0-49db-aa57-acca1dd387bd: receive RaftClientReply:client-0C76110B8A2B->ed5d81fa-aaf0-49db-aa57-acca1dd387bd@group-729F0664FEA8, cid=3480, SUCCESS, logIndex=4920, commits[ed5d81fa-aaf0-49db-aa57-acca1dd387bd:c4921]
2019-09-10 22:12:22,931 [grpc-default-executor-0] INFO  client.GrpcClientProtocolClient (GrpcClientProtocolClient.java:onNext(255)) - client-0C76110B8A2B->ed5d81fa-aaf0-49db-aa57-acca1dd387bd: receive RaftClientReply:client-0C76110B8A2B->ed5d81fa-aaf0-49db-aa57-acca1dd387bd@group-729F0664FEA8, cid=3481, SUCCESS, logIndex=4922, commits[ed5d81fa-aaf0-49db-aa57-acca1dd387bd:c4925]
2019-09-10 22:12:22,932 [grpc-default-executor-0] INFO  client.GrpcClientProtocolClient (GrpcClientProtocolClient.java:onNext(255)) - client-0C76110B8A2B->ed5d81fa-aaf0-49db-aa57-acca1dd387bd: receive RaftClientReply:client-0C76110B8A2B->ed5d81fa-aaf0-49db-aa57-acca1dd387bd@group-729F0664FEA8, cid=3482, SUCCESS, logIndex=4923, commits[ed5d81fa-aaf0-49db-aa57-acca1dd387bd:c4926]
2019-09-10 22:12:22,932 [grpc-default-executor-0] INFO  client.GrpcClientProtocolClient (GrpcClientProtocolClient.java:onNext(255)) - client-0C76110B8A2B->ed5d81fa-aaf0-49db-aa57-acca1dd387bd: receive RaftClientReply:client-0C76110B8A2B->ed5d81fa-aaf0-49db-aa57-acca1dd387bd@group-729F0664FEA8, cid=3483, SUCCESS, logIndex=4924, commits[ed5d81fa-aaf0-49db-aa57-acca1dd387bd:c4926]
2019-09-10 22:12:22,932 [grpc-default-executor-0] INFO  client.GrpcClientProtocolClient (GrpcClientProtocolClient.java:onNext(255)) - client-0C76110B8A2B->ed5d81fa-aaf0-49db-aa57-acca1dd387bd: receive RaftClientReply:client-0C76110B8A2B->ed5d81fa-aaf0-49db-aa57-acca1dd387bd@group-729F0664FEA8, cid=3484, SUCCESS, logIndex=4925, commits[ed5d81fa-aaf0-49db-aa57-acca1dd387bd:c4926]
2019-09-10 22:12:22,942 [SCMBlockDeletingService#0] DEBUG block.SCMBlockDeletingService (SCMBlockDeletingService.java:call(138)) - Running DeletedBlockTransactionScanner
2019-09-10 22:12:22,942 [SCMBlockDeletingService#0] DEBUG block.SCMBlockDeletingService (SCMBlockDeletingService.java:call(155)) - Scanned deleted blocks log and got 0 delTX to process.
2019-09-10 22:12:22,950 [grpc-default-executor-1] INFO  client.GrpcClientProtocolClient (GrpcClientProtocolClient.java:onNext(255)) - client-0C76110B8A2B->ed5d81fa-aaf0-49db-aa57-acca1dd387bd: receive RaftClientReply:client-0C76110B8A2B->ed5d81fa-aaf0-49db-aa57-acca1dd387bd@group-729F0664FEA8, cid=3485, SUCCESS, logIndex=4927, commits[ed5d81fa-aaf0-49db-aa57-acca1dd387bd:c4928]
2019-09-10 22:12:22,950 [grpc-default-executor-1] INFO  client.GrpcClientProtocolClient (GrpcClientProtocolClient.java:onNext(255)) - client-0C76110B8A2B->ed5d81fa-aaf0-49db-aa57-acca1dd387bd: receive RaftClientReply:client-0C76110B8A2B->ed5d81fa-aaf0-49db-aa57-acca1dd387bd@group-729F0664FEA8, cid=3486, SUCCESS, logIndex=4928, commits[ed5d81fa-aaf0-49db-aa57-acca1dd387bd:c4930]
2019-09-10 22:12:22,950 [grpc-default-executor-1] INFO  client.GrpcClientProtocolClient (GrpcClientProtocolClient.java:onNext(255)) - client-0C76110B8A2B->ed5d81fa-aaf0-49db-aa57-acca1dd387bd: receive RaftClientReply:client-0C76110B8A2B->ed5d81fa-aaf0-49db-aa57-acca1dd387bd@group-729F0664FEA8, cid=3487, SUCCESS, logIndex=4929, commits[ed5d81fa-aaf0-49db-aa57-acca1dd387bd:c4931]
2019-09-10 22:12:22,950 [grpc-default-executor-1] INFO  client.GrpcClientProtocolClient (GrpcClientProtocolClient.java:onNext(255)) - client-0C76110B8A2B->ed5d81fa-aaf0-49db-aa57-acca1dd387bd: receive RaftClientReply:client-0C76110B8A2B->ed5d81fa-aaf0-49db-aa57-acca1dd387bd@group-729F0664FEA8, cid=3488, SUCCESS, logIndex=4930, commits[ed5d81fa-aaf0-49db-aa57-acca1dd387bd:c4931]
2019-09-10 22:12:22,977 [grpc-default-executor-0] INFO  client.GrpcClientProtocolClient (GrpcClientProtocolClient.java:onNext(255)) - client-0C76110B8A2B->ed5d81fa-aaf0-49db-aa57-acca1dd387bd: receive RaftClientReply:client-0C76110B8A2B->ed5d81fa-aaf0-49db-aa57-acca1dd387bd@group-729F0664FEA8, cid=3489, SUCCESS, logIndex=4933, commits[ed5d81fa-aaf0-49db-aa57-acca1dd387bd:c4934]
2019-09-10 22:12:22,977 [grpc-default-executor-0] INFO  client.GrpcClientProtocolClient (GrpcClientProtocolClient.java:onNext(255)) - client-0C76110B8A2B->ed5d81fa-aaf0-49db-aa57-acca1dd387bd: receive RaftClientReply:client-0C76110B8A2B->ed5d81fa-aaf0-49db-aa57-acca1dd387bd@group-729F0664FEA8, cid=3490, SUCCESS, logIndex=4934, commits[ed5d81fa-aaf0-49db-aa57-acca1dd387bd:c4934]
2019-09-10 22:12:23,042 [SCMBlockDeletingService#0] DEBUG block.SCMBlockDeletingService (SCMBlockDeletingService.java:call(138)) - Running DeletedBlockTransactionScanner
2019-09-10 22:12:23,043 [SCMBlockDeletingService#0] DEBUG block.SCMBlockDeletingService (SCMBlockDeletingService.java:call(155)) - Scanned deleted blocks log and got 0 delTX to process.
2019-09-10 22:12:23,067 [grpc-default-executor-1] INFO  client.GrpcClientProtocolClient (GrpcClientProtocolClient.java:onNext(255)) - client-0C76110B8A2B->ed5d81fa-aaf0-49db-aa57-acca1dd387bd: receive RaftClientReply:client-0C76110B8A2B->ed5d81fa-aaf0-49db-aa57-acca1dd387bd@group-729F0664FEA8, cid=3491, SUCCESS, logIndex=4936, commits[ed5d81fa-aaf0-49db-aa57-acca1dd387bd:c4937]
2019-09-10 22:12:23,067 [grpc-default-executor-1] INFO  client.GrpcClientProtocolClient (GrpcClientProtocolClient.java:onNext(255)) - client-0C76110B8A2B->ed5d81fa-aaf0-49db-aa57-acca1dd387bd: receive RaftClientReply:client-0C76110B8A2B->ed5d81fa-aaf0-49db-aa57-acca1dd387bd@group-729F0664FEA8, cid=3492, SUCCESS, logIndex=4937, commits[ed5d81fa-aaf0-49db-aa57-acca1dd387bd:c4938]
2019-09-10 22:12:23,086 [grpc-default-executor-0] INFO  client.GrpcClientProtocolClient (GrpcClientProtocolClient.java:onNext(255)) - client-0C76110B8A2B->ed5d81fa-aaf0-49db-aa57-acca1dd387bd: receive RaftClientReply:client-0C76110B8A2B->ed5d81fa-aaf0-49db-aa57-acca1dd387bd@group-729F0664FEA8, cid=3493, SUCCESS, logIndex=4939, commits[ed5d81fa-aaf0-49db-aa57-acca1dd387bd:c4940]
2019-09-10 22:12:23,086 [grpc-default-executor-0] INFO  client.GrpcClientProtocolClient (GrpcClientProtocolClient.java:onNext(255)) - client-0C76110B8A2B->ed5d81fa-aaf0-49db-aa57-acca1dd387bd: receive RaftClientReply:client-0C76110B8A2B->ed5d81fa-aaf0-49db-aa57-acca1dd387bd@group-729F0664FEA8, cid=3494, SUCCESS, logIndex=4940, commits[ed5d81fa-aaf0-49db-aa57-acca1dd387bd:c4942]
2019-09-10 22:12:23,087 [grpc-default-executor-0] INFO  client.GrpcClientProtocolClient (GrpcClientProtocolClient.java:onNext(255)) - client-0C76110B8A2B->ed5d81fa-aaf0-49db-aa57-acca1dd387bd: receive RaftClientReply:client-0C76110B8A2B->ed5d81fa-aaf0-49db-aa57-acca1dd387bd@group-729F0664FEA8, cid=3495, SUCCESS, logIndex=4941, commits[ed5d81fa-aaf0-49db-aa57-acca1dd387bd:c4942]
2019-09-10 22:12:23,087 [grpc-default-executor-0] INFO  client.GrpcClientProtocolClient (GrpcClientProtocolClient.java:onNext(255)) - client-0C76110B8A2B->ed5d81fa-aaf0-49db-aa57-acca1dd387bd: receive RaftClientReply:client-0C76110B8A2B->ed5d81fa-aaf0-49db-aa57-acca1dd387bd@group-729F0664FEA8, cid=3496, SUCCESS, logIndex=4942, commits[ed5d81fa-aaf0-49db-aa57-acca1dd387bd:c4942]
2019-09-10 22:12:23,111 [grpc-default-executor-0] INFO  client.GrpcClientProtocolClient (GrpcClientProtocolClient.java:onNext(255)) - client-0C76110B8A2B->ed5d81fa-aaf0-49db-aa57-acca1dd387bd: receive RaftClientReply:client-0C76110B8A2B->ed5d81fa-aaf0-49db-aa57-acca1dd387bd@group-729F0664FEA8, cid=3497, SUCCESS, logIndex=4945, commits[ed5d81fa-aaf0-49db-aa57-acca1dd387bd:c4946]
2019-09-10 22:12:23,111 [grpc-default-executor-0] INFO  client.GrpcClientProtocolClient (GrpcClientProtocolClient.java:onNext(255)) - client-0C76110B8A2B->ed5d81fa-aaf0-49db-aa57-acca1dd387bd: receive RaftClientReply:client-0C76110B8A2B->ed5d81fa-aaf0-49db-aa57-acca1dd387bd@group-729F0664FEA8, cid=3498, SUCCESS, logIndex=4946, commits[ed5d81fa-aaf0-49db-aa57-acca1dd387bd:c4946]
2019-09-10 22:12:23,113 [grpc-default-executor-0] INFO  client.GrpcClientProtocolClient (GrpcClientProtocolClient.java:onNext(255)) - client-0C76110B8A2B->ed5d81fa-aaf0-49db-aa57-acca1dd387bd: receive RaftClientReply:client-0C76110B8A2B->ed5d81fa-aaf0-49db-aa57-acca1dd387bd@group-729F0664FEA8, cid=3499, SUCCESS, logIndex=4947, commits[ed5d81fa-aaf0-49db-aa57-acca1dd387bd:c4948]
2019-09-10 22:12:23,113 [grpc-default-executor-0] INFO  client.GrpcClientProtocolClient (GrpcClientProtocolClient.java:onNext(255)) - client-0C76110B8A2B->ed5d81fa-aaf0-49db-aa57-acca1dd387bd: receive RaftClientReply:client-0C76110B8A2B->ed5d81fa-aaf0-49db-aa57-acca1dd387bd@group-729F0664FEA8, cid=3500, SUCCESS, logIndex=4948, commits[ed5d81fa-aaf0-49db-aa57-acca1dd387bd:c4948]
2019-09-10 22:12:23,124 [grpc-default-executor-1] INFO  client.GrpcClientProtocolClient (GrpcClientProtocolClient.java:onNext(255)) - client-0C76110B8A2B->ed5d81fa-aaf0-49db-aa57-acca1dd387bd: receive RaftClientReply:client-0C76110B8A2B->ed5d81fa-aaf0-49db-aa57-acca1dd387bd@group-729F0664FEA8, cid=3501, SUCCESS, logIndex=4951, commits[ed5d81fa-aaf0-49db-aa57-acca1dd387bd:c4954]
2019-09-10 22:12:23,124 [grpc-default-executor-1] INFO  client.GrpcClientProtocolClient (GrpcClientProtocolClient.java:onNext(255)) - client-0C76110B8A2B->ed5d81fa-aaf0-49db-aa57-acca1dd387bd: receive RaftClientReply:client-0C76110B8A2B->ed5d81fa-aaf0-49db-aa57-acca1dd387bd@group-729F0664FEA8, cid=3502, SUCCESS, logIndex=4952, commits[ed5d81fa-aaf0-49db-aa57-acca1dd387bd:c4955]
2019-09-10 22:12:23,125 [grpc-default-executor-1] INFO  client.GrpcClientProtocolClient (GrpcClientProtocolClient.java:onNext(255)) - client-0C76110B8A2B->ed5d81fa-aaf0-49db-aa57-acca1dd387bd: receive RaftClientReply:client-0C76110B8A2B->ed5d81fa-aaf0-49db-aa57-acca1dd387bd@group-729F0664FEA8, cid=3503, SUCCESS, logIndex=4953, commits[ed5d81fa-aaf0-49db-aa57-acca1dd387bd:c4955]
2019-09-10 22:12:23,125 [grpc-default-executor-1] INFO  client.GrpcClientProtocolClient (GrpcClientProtocolClient.java:onNext(255)) - client-0C76110B8A2B->ed5d81fa-aaf0-49db-aa57-acca1dd387bd: receive RaftClientReply:client-0C76110B8A2B->ed5d81fa-aaf0-49db-aa57-acca1dd387bd@group-729F0664FEA8, cid=3504, SUCCESS, logIndex=4954, commits[ed5d81fa-aaf0-49db-aa57-acca1dd387bd:c4955]
2019-09-10 22:12:23,207 [SCMBlockDeletingService#0] DEBUG block.SCMBlockDeletingService (SCMBlockDeletingService.java:call(138)) - Running DeletedBlockTransactionScanner
2019-09-10 22:12:23,207 [SCMBlockDeletingService#0] DEBUG block.SCMBlockDeletingService (SCMBlockDeletingService.java:call(155)) - Scanned deleted blocks log and got 0 delTX to process.
2019-09-10 22:12:23,223 [grpc-default-executor-0] INFO  client.GrpcClientProtocolClient (GrpcClientProtocolClient.java:onNext(255)) - client-0C76110B8A2B->ed5d81fa-aaf0-49db-aa57-acca1dd387bd: receive RaftClientReply:client-0C76110B8A2B->ed5d81fa-aaf0-49db-aa57-acca1dd387bd@group-729F0664FEA8, cid=3505, SUCCESS, logIndex=4956, commits[ed5d81fa-aaf0-49db-aa57-acca1dd387bd:c4959]
2019-09-10 22:12:23,224 [grpc-default-executor-0] INFO  client.GrpcClientProtocolClient (GrpcClientProtocolClient.java:onNext(255)) - client-0C76110B8A2B->ed5d81fa-aaf0-49db-aa57-acca1dd387bd: receive RaftClientReply:client-0C76110B8A2B->ed5d81fa-aaf0-49db-aa57-acca1dd387bd@group-729F0664FEA8, cid=3506, SUCCESS, logIndex=4957, commits[ed5d81fa-aaf0-49db-aa57-acca1dd387bd:c4959]
2019-09-10 22:12:23,224 [grpc-default-executor-0] INFO  client.GrpcClientProtocolClient (GrpcClientProtocolClient.java:onNext(255)) - client-0C76110B8A2B->ed5d81fa-aaf0-49db-aa57-acca1dd387bd: receive RaftClientReply:client-0C76110B8A2B->ed5d81fa-aaf0-49db-aa57-acca1dd387bd@group-729F0664FEA8, cid=3507, SUCCESS, logIndex=4958, commits[ed5d81fa-aaf0-49db-aa57-acca1dd387bd:c4960]
2019-09-10 22:12:23,224 [grpc-default-executor-0] INFO  client.GrpcClientProtocolClient (GrpcClientProtocolClient.java:onNext(255)) - client-0C76110B8A2B->ed5d81fa-aaf0-49db-aa57-acca1dd387bd: receive RaftClientReply:client-0C76110B8A2B->ed5d81fa-aaf0-49db-aa57-acca1dd387bd@group-729F0664FEA8, cid=3508, SUCCESS, logIndex=4959, commits[ed5d81fa-aaf0-49db-aa57-acca1dd387bd:c4960]
2019-09-10 22:12:23,244 [grpc-default-executor-0] INFO  client.GrpcClientProtocolClient (GrpcClientProtocolClient.java:onNext(255)) - client-0C76110B8A2B->ed5d81fa-aaf0-49db-aa57-acca1dd387bd: receive RaftClientReply:client-0C76110B8A2B->ed5d81fa-aaf0-49db-aa57-acca1dd387bd@group-729F0664FEA8, cid=3509, SUCCESS, logIndex=4962, commits[ed5d81fa-aaf0-49db-aa57-acca1dd387bd:c4963]
2019-09-10 22:12:23,244 [grpc-default-executor-0] INFO  client.GrpcClientProtocolClient (GrpcClientProtocolClient.java:onNext(255)) - client-0C76110B8A2B->ed5d81fa-aaf0-49db-aa57-acca1dd387bd: receive RaftClientReply:client-0C76110B8A2B->ed5d81fa-aaf0-49db-aa57-acca1dd387bd@group-729F0664FEA8, cid=3510, SUCCESS, logIndex=4963, commits[ed5d81fa-aaf0-49db-aa57-acca1dd387bd:c4965]
2019-09-10 22:12:23,245 [grpc-default-executor-0] INFO  client.GrpcClientProtocolClient (GrpcClientProtocolClient.java:onNext(255)) - client-0C76110B8A2B->ed5d81fa-aaf0-49db-aa57-acca1dd387bd: receive RaftClientReply:client-0C76110B8A2B->ed5d81fa-aaf0-49db-aa57-acca1dd387bd@group-729F0664FEA8, cid=3511, SUCCESS, logIndex=4964, commits[ed5d81fa-aaf0-49db-aa57-acca1dd387bd:c4965]
2019-09-10 22:12:23,245 [grpc-default-executor-0] INFO  client.GrpcClientProtocolClient (GrpcClientProtocolClient.java:onNext(255)) - client-0C76110B8A2B->ed5d81fa-aaf0-49db-aa57-acca1dd387bd: receive RaftClientReply:client-0C76110B8A2B->ed5d81fa-aaf0-49db-aa57-acca1dd387bd@group-729F0664FEA8, cid=3512, SUCCESS, logIndex=4965, commits[ed5d81fa-aaf0-49db-aa57-acca1dd387bd:c4966]
2019-09-10 22:12:23,272 [grpc-default-executor-0] INFO  client.GrpcClientProtocolClient (GrpcClientProtocolClient.java:onNext(255)) - client-0C76110B8A2B->ed5d81fa-aaf0-49db-aa57-acca1dd387bd: receive RaftClientReply:client-0C76110B8A2B->ed5d81fa-aaf0-49db-aa57-acca1dd387bd@group-729F0664FEA8, cid=3513, SUCCESS, logIndex=4968, commits[ed5d81fa-aaf0-49db-aa57-acca1dd387bd:c4969]
2019-09-10 22:12:23,273 [grpc-default-executor-0] INFO  client.GrpcClientProtocolClient (GrpcClientProtocolClient.java:onNext(255)) - client-0C76110B8A2B->ed5d81fa-aaf0-49db-aa57-acca1dd387bd: receive RaftClientReply:client-0C76110B8A2B->ed5d81fa-aaf0-49db-aa57-acca1dd387bd@group-729F0664FEA8, cid=3514, SUCCESS, logIndex=4969, commits[ed5d81fa-aaf0-49db-aa57-acca1dd387bd:c4971]
2019-09-10 22:12:23,273 [grpc-default-executor-0] INFO  client.GrpcClientProtocolClient (GrpcClientProtocolClient.java:onNext(255)) - client-0C76110B8A2B->ed5d81fa-aaf0-49db-aa57-acca1dd387bd: receive RaftClientReply:client-0C76110B8A2B->ed5d81fa-aaf0-49db-aa57-acca1dd387bd@group-729F0664FEA8, cid=3515, SUCCESS, logIndex=4970, commits[ed5d81fa-aaf0-49db-aa57-acca1dd387bd:c4972]
2019-09-10 22:12:23,273 [grpc-default-executor-0] INFO  client.GrpcClientProtocolClient (GrpcClientProtocolClient.java:onNext(255)) - client-0C76110B8A2B->ed5d81fa-aaf0-49db-aa57-acca1dd387bd: receive RaftClientReply:client-0C76110B8A2B->ed5d81fa-aaf0-49db-aa57-acca1dd387bd@group-729F0664FEA8, cid=3516, SUCCESS, logIndex=4971, commits[ed5d81fa-aaf0-49db-aa57-acca1dd387bd:c4972]
2019-09-10 22:12:23,290 [grpc-default-executor-0] INFO  client.GrpcClientProtocolClient (GrpcClientProtocolClient.java:onNext(255)) - client-0C76110B8A2B->ed5d81fa-aaf0-49db-aa57-acca1dd387bd: receive RaftClientReply:client-0C76110B8A2B->ed5d81fa-aaf0-49db-aa57-acca1dd387bd@group-729F0664FEA8, cid=3517, SUCCESS, logIndex=4974, commits[ed5d81fa-aaf0-49db-aa57-acca1dd387bd:c4975]
2019-09-10 22:12:23,291 [grpc-default-executor-0] INFO  client.GrpcClientProtocolClient (GrpcClientProtocolClient.java:onNext(255)) - client-0C76110B8A2B->ed5d81fa-aaf0-49db-aa57-acca1dd387bd: receive RaftClientReply:client-0C76110B8A2B->ed5d81fa-aaf0-49db-aa57-acca1dd387bd@group-729F0664FEA8, cid=3518, SUCCESS, logIndex=4975, commits[ed5d81fa-aaf0-49db-aa57-acca1dd387bd:c4977]
2019-09-10 22:12:23,291 [grpc-default-executor-0] INFO  client.GrpcClientProtocolClient (GrpcClientProtocolClient.java:onNext(255)) - client-0C76110B8A2B->ed5d81fa-aaf0-49db-aa57-acca1dd387bd: receive RaftClientReply:client-0C76110B8A2B->ed5d81fa-aaf0-49db-aa57-acca1dd387bd@group-729F0664FEA8, cid=3519, SUCCESS, logIndex=4976, commits[ed5d81fa-aaf0-49db-aa57-acca1dd387bd:c4977]
2019-09-10 22:12:23,291 [grpc-default-executor-0] INFO  client.GrpcClientProtocolClient (GrpcClientProtocolClient.java:onNext(255)) - client-0C76110B8A2B->ed5d81fa-aaf0-49db-aa57-acca1dd387bd: receive RaftClientReply:client-0C76110B8A2B->ed5d81fa-aaf0-49db-aa57-acca1dd387bd@group-729F0664FEA8, cid=3520, SUCCESS, logIndex=4977, commits[ed5d81fa-aaf0-49db-aa57-acca1dd387bd:c4978]
2019-09-10 22:12:23,308 [SCMBlockDeletingService#0] DEBUG block.SCMBlockDeletingService (SCMBlockDeletingService.java:call(138)) - Running DeletedBlockTransactionScanner
2019-09-10 22:12:23,308 [SCMBlockDeletingService#0] DEBUG block.SCMBlockDeletingService (SCMBlockDeletingService.java:call(155)) - Scanned deleted blocks log and got 0 delTX to process.
2019-09-10 22:12:23,317 [grpc-default-executor-0] INFO  client.GrpcClientProtocolClient (GrpcClientProtocolClient.java:onNext(255)) - client-0C76110B8A2B->ed5d81fa-aaf0-49db-aa57-acca1dd387bd: receive RaftClientReply:client-0C76110B8A2B->ed5d81fa-aaf0-49db-aa57-acca1dd387bd@group-729F0664FEA8, cid=3521, SUCCESS, logIndex=4980, commits[ed5d81fa-aaf0-49db-aa57-acca1dd387bd:c4981]
2019-09-10 22:12:23,317 [grpc-default-executor-0] INFO  client.GrpcClientProtocolClient (GrpcClientProtocolClient.java:onNext(255)) - client-0C76110B8A2B->ed5d81fa-aaf0-49db-aa57-acca1dd387bd: receive RaftClientReply:client-0C76110B8A2B->ed5d81fa-aaf0-49db-aa57-acca1dd387bd@group-729F0664FEA8, cid=3522, SUCCESS, logIndex=4981, commits[ed5d81fa-aaf0-49db-aa57-acca1dd387bd:c4983]
2019-09-10 22:12:23,317 [grpc-default-executor-0] INFO  client.GrpcClientProtocolClient (GrpcClientProtocolClient.java:onNext(255)) - client-0C76110B8A2B->ed5d81fa-aaf0-49db-aa57-acca1dd387bd: receive RaftClientReply:client-0C76110B8A2B->ed5d81fa-aaf0-49db-aa57-acca1dd387bd@group-729F0664FEA8, cid=3523, SUCCESS, logIndex=4982, commits[ed5d81fa-aaf0-49db-aa57-acca1dd387bd:c4983]
2019-09-10 22:12:23,318 [grpc-default-executor-0] INFO  client.GrpcClientProtocolClient (GrpcClientProtocolClient.java:onNext(255)) - client-0C76110B8A2B->ed5d81fa-aaf0-49db-aa57-acca1dd387bd: receive RaftClientReply:client-0C76110B8A2B->ed5d81fa-aaf0-49db-aa57-acca1dd387bd@group-729F0664FEA8, cid=3524, SUCCESS, logIndex=4983, commits[ed5d81fa-aaf0-49db-aa57-acca1dd387bd:c4983]
2019-09-10 22:12:23,348 [grpc-default-executor-1] INFO  client.GrpcClientProtocolClient (GrpcClientProtocolClient.java:onNext(255)) - client-0C76110B8A2B->ed5d81fa-aaf0-49db-aa57-acca1dd387bd: receive RaftClientReply:client-0C76110B8A2B->ed5d81fa-aaf0-49db-aa57-acca1dd387bd@group-729F0664FEA8, cid=3525, SUCCESS, logIndex=4986, commits[ed5d81fa-aaf0-49db-aa57-acca1dd387bd:c4987]
2019-09-10 22:12:23,348 [grpc-default-executor-1] INFO  client.GrpcClientProtocolClient (GrpcClientProtocolClient.java:onNext(255)) - client-0C76110B8A2B->ed5d81fa-aaf0-49db-aa57-acca1dd387bd: receive RaftClientReply:client-0C76110B8A2B->ed5d81fa-aaf0-49db-aa57-acca1dd387bd@group-729F0664FEA8, cid=3526, SUCCESS, logIndex=4987, commits[ed5d81fa-aaf0-49db-aa57-acca1dd387bd:c4989]
2019-09-10 22:12:23,348 [grpc-default-executor-1] INFO  client.GrpcClientProtocolClient (GrpcClientProtocolClient.java:onNext(255)) - client-0C76110B8A2B->ed5d81fa-aaf0-49db-aa57-acca1dd387bd: receive RaftClientReply:client-0C76110B8A2B->ed5d81fa-aaf0-49db-aa57-acca1dd387bd@group-729F0664FEA8, cid=3527, SUCCESS, logIndex=4988, commits[ed5d81fa-aaf0-49db-aa57-acca1dd387bd:c4989]
2019-09-10 22:12:23,348 [grpc-default-executor-1] INFO  client.GrpcClientProtocolClient (GrpcClientProtocolClient.java:onNext(255)) - client-0C76110B8A2B->ed5d81fa-aaf0-49db-aa57-acca1dd387bd: receive RaftClientReply:client-0C76110B8A2B->ed5d81fa-aaf0-49db-aa57-acca1dd387bd@group-729F0664FEA8, cid=3528, SUCCESS, logIndex=4989, commits[ed5d81fa-aaf0-49db-aa57-acca1dd387bd:c4990]
2019-09-10 22:12:23,374 [grpc-default-executor-1] INFO  client.GrpcClientProtocolClient (GrpcClientProtocolClient.java:onNext(255)) - client-0C76110B8A2B->ed5d81fa-aaf0-49db-aa57-acca1dd387bd: receive RaftClientReply:client-0C76110B8A2B->ed5d81fa-aaf0-49db-aa57-acca1dd387bd@group-729F0664FEA8, cid=3529, SUCCESS, logIndex=4992, commits[ed5d81fa-aaf0-49db-aa57-acca1dd387bd:c4995]
2019-09-10 22:12:23,375 [grpc-default-executor-1] INFO  client.GrpcClientProtocolClient (GrpcClientProtocolClient.java:onNext(255)) - client-0C76110B8A2B->ed5d81fa-aaf0-49db-aa57-acca1dd387bd: receive RaftClientReply:client-0C76110B8A2B->ed5d81fa-aaf0-49db-aa57-acca1dd387bd@group-729F0664FEA8, cid=3530, SUCCESS, logIndex=4993, commits[ed5d81fa-aaf0-49db-aa57-acca1dd387bd:c4995]
2019-09-10 22:12:23,375 [grpc-default-executor-1] INFO  client.GrpcClientProtocolClient (GrpcClientProtocolClient.java:onNext(255)) - client-0C76110B8A2B->ed5d81fa-aaf0-49db-aa57-acca1dd387bd: receive RaftClientReply:client-0C76110B8A2B->ed5d81fa-aaf0-49db-aa57-acca1dd387bd@group-729F0664FEA8, cid=3531, SUCCESS, logIndex=4994, commits[ed5d81fa-aaf0-49db-aa57-acca1dd387bd:c4995]
2019-09-10 22:12:23,375 [grpc-default-executor-1] INFO  client.GrpcClientProtocolClient (GrpcClientProtocolClient.java:onNext(255)) - client-0C76110B8A2B->ed5d81fa-aaf0-49db-aa57-acca1dd387bd: receive RaftClientReply:client-0C76110B8A2B->ed5d81fa-aaf0-49db-aa57-acca1dd387bd@group-729F0664FEA8, cid=3532, SUCCESS, logIndex=4995, commits[ed5d81fa-aaf0-49db-aa57-acca1dd387bd:c4995]
2019-09-10 22:12:23,392 [grpc-default-executor-1] INFO  client.GrpcClientProtocolClient (GrpcClientProtocolClient.java:onNext(255)) - client-0C76110B8A2B->ed5d81fa-aaf0-49db-aa57-acca1dd387bd: receive RaftClientReply:client-0C76110B8A2B->ed5d81fa-aaf0-49db-aa57-acca1dd387bd@group-729F0664FEA8, cid=3533, SUCCESS, logIndex=4997, commits[ed5d81fa-aaf0-49db-aa57-acca1dd387bd:c4998]
2019-09-10 22:12:23,393 [grpc-default-executor-1] INFO  client.GrpcClientProtocolClient (GrpcClientProtocolClient.java:onNext(255)) - client-0C76110B8A2B->ed5d81fa-aaf0-49db-aa57-acca1dd387bd: receive RaftClientReply:client-0C76110B8A2B->ed5d81fa-aaf0-49db-aa57-acca1dd387bd@group-729F0664FEA8, cid=3534, SUCCESS, logIndex=4998, commits[ed5d81fa-aaf0-49db-aa57-acca1dd387bd:c5000]
2019-09-10 22:12:23,393 [grpc-default-executor-1] INFO  client.GrpcClientProtocolClient (GrpcClientProtocolClient.java:onNext(255)) - client-0C76110B8A2B->ed5d81fa-aaf0-49db-aa57-acca1dd387bd: receive RaftClientReply:client-0C76110B8A2B->ed5d81fa-aaf0-49db-aa57-acca1dd387bd@group-729F0664FEA8, cid=3535, SUCCESS, logIndex=4999, commits[ed5d81fa-aaf0-49db-aa57-acca1dd387bd:c5000]
2019-09-10 22:12:23,393 [grpc-default-executor-1] INFO  client.GrpcClientProtocolClient (GrpcClientProtocolClient.java:onNext(255)) - client-0C76110B8A2B->ed5d81fa-aaf0-49db-aa57-acca1dd387bd: receive RaftClientReply:client-0C76110B8A2B->ed5d81fa-aaf0-49db-aa57-acca1dd387bd@group-729F0664FEA8, cid=3536, SUCCESS, logIndex=5000, commits[ed5d81fa-aaf0-49db-aa57-acca1dd387bd:c5001]
2019-09-10 22:12:23,408 [SCMBlockDeletingService#0] DEBUG block.SCMBlockDeletingService (SCMBlockDeletingService.java:call(138)) - Running DeletedBlockTransactionScanner
2019-09-10 22:12:23,408 [SCMBlockDeletingService#0] DEBUG block.SCMBlockDeletingService (SCMBlockDeletingService.java:call(155)) - Scanned deleted blocks log and got 0 delTX to process.
2019-09-10 22:12:23,509 [SCMBlockDeletingService#0] DEBUG block.SCMBlockDeletingService (SCMBlockDeletingService.java:call(138)) - Running DeletedBlockTransactionScanner
2019-09-10 22:12:23,509 [SCMBlockDeletingService#0] DEBUG block.SCMBlockDeletingService (SCMBlockDeletingService.java:call(155)) - Scanned deleted blocks log and got 0 delTX to process.
2019-09-10 22:12:23,511 [grpc-default-executor-1] INFO  client.GrpcClientProtocolClient (GrpcClientProtocolClient.java:onNext(255)) - client-0C76110B8A2B->ed5d81fa-aaf0-49db-aa57-acca1dd387bd: receive RaftClientReply:client-0C76110B8A2B->ed5d81fa-aaf0-49db-aa57-acca1dd387bd@group-729F0664FEA8, cid=3537, SUCCESS, logIndex=5003, commits[ed5d81fa-aaf0-49db-aa57-acca1dd387bd:c5006]
2019-09-10 22:12:23,511 [grpc-default-executor-1] INFO  client.GrpcClientProtocolClient (GrpcClientProtocolClient.java:onNext(255)) - client-0C76110B8A2B->ed5d81fa-aaf0-49db-aa57-acca1dd387bd: receive RaftClientReply:client-0C76110B8A2B->ed5d81fa-aaf0-49db-aa57-acca1dd387bd@group-729F0664FEA8, cid=3538, SUCCESS, logIndex=5004, commits[ed5d81fa-aaf0-49db-aa57-acca1dd387bd:c5006]
2019-09-10 22:12:23,512 [grpc-default-executor-1] INFO  client.GrpcClientProtocolClient (GrpcClientProtocolClient.java:onNext(255)) - client-0C76110B8A2B->ed5d81fa-aaf0-49db-aa57-acca1dd387bd: receive RaftClientReply:client-0C76110B8A2B->ed5d81fa-aaf0-49db-aa57-acca1dd387bd@group-729F0664FEA8, cid=3539, SUCCESS, logIndex=5005, commits[ed5d81fa-aaf0-49db-aa57-acca1dd387bd:c5007]
2019-09-10 22:12:23,512 [grpc-default-executor-1] INFO  client.GrpcClientProtocolClient (GrpcClientProtocolClient.java:onNext(255)) - client-0C76110B8A2B->ed5d81fa-aaf0-49db-aa57-acca1dd387bd: receive RaftClientReply:client-0C76110B8A2B->ed5d81fa-aaf0-49db-aa57-acca1dd387bd@group-729F0664FEA8, cid=3540, SUCCESS, logIndex=5006, commits[ed5d81fa-aaf0-49db-aa57-acca1dd387bd:c5007]
2019-09-10 22:12:23,532 [grpc-default-executor-0] INFO  client.GrpcClientProtocolClient (GrpcClientProtocolClient.java:onNext(255)) - client-0C76110B8A2B->ed5d81fa-aaf0-49db-aa57-acca1dd387bd: receive RaftClientReply:client-0C76110B8A2B->ed5d81fa-aaf0-49db-aa57-acca1dd387bd@group-729F0664FEA8, cid=3541, SUCCESS, logIndex=5008, commits[ed5d81fa-aaf0-49db-aa57-acca1dd387bd:c5011]
2019-09-10 22:12:23,533 [grpc-default-executor-0] INFO  client.GrpcClientProtocolClient (GrpcClientProtocolClient.java:onNext(255)) - client-0C76110B8A2B->ed5d81fa-aaf0-49db-aa57-acca1dd387bd: receive RaftClientReply:client-0C76110B8A2B->ed5d81fa-aaf0-49db-aa57-acca1dd387bd@group-729F0664FEA8, cid=3542, SUCCESS, logIndex=5009, commits[ed5d81fa-aaf0-49db-aa57-acca1dd387bd:c5012]
2019-09-10 22:12:23,533 [grpc-default-executor-0] INFO  client.GrpcClientProtocolClient (GrpcClientProtocolClient.java:onNext(255)) - client-0C76110B8A2B->ed5d81fa-aaf0-49db-aa57-acca1dd387bd: receive RaftClientReply:client-0C76110B8A2B->ed5d81fa-aaf0-49db-aa57-acca1dd387bd@group-729F0664FEA8, cid=3543, SUCCESS, logIndex=5010, commits[ed5d81fa-aaf0-49db-aa57-acca1dd387bd:c5012]
2019-09-10 22:12:23,533 [grpc-default-executor-0] INFO  client.GrpcClientProtocolClient (GrpcClientProtocolClient.java:onNext(255)) - client-0C76110B8A2B->ed5d81fa-aaf0-49db-aa57-acca1dd387bd: receive RaftClientReply:client-0C76110B8A2B->ed5d81fa-aaf0-49db-aa57-acca1dd387bd@group-729F0664FEA8, cid=3544, SUCCESS, logIndex=5011, commits[ed5d81fa-aaf0-49db-aa57-acca1dd387bd:c5012]
2019-09-10 22:12:23,564 [grpc-default-executor-0] INFO  client.GrpcClientProtocolClient (GrpcClientProtocolClient.java:onNext(255)) - client-0C76110B8A2B->ed5d81fa-aaf0-49db-aa57-acca1dd387bd: receive RaftClientReply:client-0C76110B8A2B->ed5d81fa-aaf0-49db-aa57-acca1dd387bd@group-729F0664FEA8, cid=3545, SUCCESS, logIndex=5013, commits[ed5d81fa-aaf0-49db-aa57-acca1dd387bd:c5016]
2019-09-10 22:12:23,564 [grpc-default-executor-0] INFO  client.GrpcClientProtocolClient (GrpcClientProtocolClient.java:onNext(255)) - client-0C76110B8A2B->ed5d81fa-aaf0-49db-aa57-acca1dd387bd: receive RaftClientReply:client-0C76110B8A2B->ed5d81fa-aaf0-49db-aa57-acca1dd387bd@group-729F0664FEA8, cid=3546, SUCCESS, logIndex=5014, commits[ed5d81fa-aaf0-49db-aa57-acca1dd387bd:c5017]
2019-09-10 22:12:23,565 [grpc-default-executor-0] INFO  client.GrpcClientProtocolClient (GrpcClientProtocolClient.java:onNext(255)) - client-0C76110B8A2B->ed5d81fa-aaf0-49db-aa57-acca1dd387bd: receive RaftClientReply:client-0C76110B8A2B->ed5d81fa-aaf0-49db-aa57-acca1dd387bd@group-729F0664FEA8, cid=3547, SUCCESS, logIndex=5015, commits[ed5d81fa-aaf0-49db-aa57-acca1dd387bd:c5017]
2019-09-10 22:12:23,565 [grpc-default-executor-0] INFO  client.GrpcClientProtocolClient (GrpcClientProtocolClient.java:onNext(255)) - client-0C76110B8A2B->ed5d81fa-aaf0-49db-aa57-acca1dd387bd: receive RaftClientReply:client-0C76110B8A2B->ed5d81fa-aaf0-49db-aa57-acca1dd387bd@group-729F0664FEA8, cid=3548, SUCCESS, logIndex=5016, commits[ed5d81fa-aaf0-49db-aa57-acca1dd387bd:c5017]
2019-09-10 22:12:23,582 [grpc-default-executor-1] INFO  client.GrpcClientProtocolClient (GrpcClientProtocolClient.java:onNext(255)) - client-0C76110B8A2B->ed5d81fa-aaf0-49db-aa57-acca1dd387bd: receive RaftClientReply:client-0C76110B8A2B->ed5d81fa-aaf0-49db-aa57-acca1dd387bd@group-729F0664FEA8, cid=3549, SUCCESS, logIndex=5018, commits[ed5d81fa-aaf0-49db-aa57-acca1dd387bd:c5019]
2019-09-10 22:12:23,583 [grpc-default-executor-1] INFO  client.GrpcClientProtocolClient (GrpcClientProtocolClient.java:onNext(255)) - client-0C76110B8A2B->ed5d81fa-aaf0-49db-aa57-acca1dd387bd: receive RaftClientReply:client-0C76110B8A2B->ed5d81fa-aaf0-49db-aa57-acca1dd387bd@group-729F0664FEA8, cid=3550, SUCCESS, logIndex=5019, commits[ed5d81fa-aaf0-49db-aa57-acca1dd387bd:c5021]
2019-09-10 22:12:23,583 [grpc-default-executor-1] INFO  client.GrpcClientProtocolClient (GrpcClientProtocolClient.java:onNext(255)) - client-0C76110B8A2B->ed5d81fa-aaf0-49db-aa57-acca1dd387bd: receive RaftClientReply:client-0C76110B8A2B->ed5d81fa-aaf0-49db-aa57-acca1dd387bd@group-729F0664FEA8, cid=3551, SUCCESS, logIndex=5020, commits[ed5d81fa-aaf0-49db-aa57-acca1dd387bd:c5021]
2019-09-10 22:12:23,583 [grpc-default-executor-1] INFO  client.GrpcClientProtocolClient (GrpcClientProtocolClient.java:onNext(255)) - client-0C76110B8A2B->ed5d81fa-aaf0-49db-aa57-acca1dd387bd: receive RaftClientReply:client-0C76110B8A2B->ed5d81fa-aaf0-49db-aa57-acca1dd387bd@group-729F0664FEA8, cid=3552, SUCCESS, logIndex=5021, commits[ed5d81fa-aaf0-49db-aa57-acca1dd387bd:c5022]
2019-09-10 22:12:23,609 [SCMBlockDeletingService#0] DEBUG block.SCMBlockDeletingService (SCMBlockDeletingService.java:call(138)) - Running DeletedBlockTransactionScanner
2019-09-10 22:12:23,610 [SCMBlockDeletingService#0] DEBUG block.SCMBlockDeletingService (SCMBlockDeletingService.java:call(155)) - Scanned deleted blocks log and got 0 delTX to process.
2019-09-10 22:12:23,610 [grpc-default-executor-1] INFO  client.GrpcClientProtocolClient (GrpcClientProtocolClient.java:onNext(255)) - client-0C76110B8A2B->ed5d81fa-aaf0-49db-aa57-acca1dd387bd: receive RaftClientReply:client-0C76110B8A2B->ed5d81fa-aaf0-49db-aa57-acca1dd387bd@group-729F0664FEA8, cid=3553, SUCCESS, logIndex=5024, commits[ed5d81fa-aaf0-49db-aa57-acca1dd387bd:c5025]
2019-09-10 22:12:23,611 [grpc-default-executor-1] INFO  client.GrpcClientProtocolClient (GrpcClientProtocolClient.java:onNext(255)) - client-0C76110B8A2B->ed5d81fa-aaf0-49db-aa57-acca1dd387bd: receive RaftClientReply:client-0C76110B8A2B->ed5d81fa-aaf0-49db-aa57-acca1dd387bd@group-729F0664FEA8, cid=3554, SUCCESS, logIndex=5025, commits[ed5d81fa-aaf0-49db-aa57-acca1dd387bd:c5027]
2019-09-10 22:12:23,611 [grpc-default-executor-1] INFO  client.GrpcClientProtocolClient (GrpcClientProtocolClient.java:onNext(255)) - client-0C76110B8A2B->ed5d81fa-aaf0-49db-aa57-acca1dd387bd: receive RaftClientReply:client-0C76110B8A2B->ed5d81fa-aaf0-49db-aa57-acca1dd387bd@group-729F0664FEA8, cid=3555, SUCCESS, logIndex=5026, commits[ed5d81fa-aaf0-49db-aa57-acca1dd387bd:c5027]
2019-09-10 22:12:23,611 [grpc-default-executor-1] INFO  client.GrpcClientProtocolClient (GrpcClientProtocolClient.java:onNext(255)) - client-0C76110B8A2B->ed5d81fa-aaf0-49db-aa57-acca1dd387bd: receive RaftClientReply:client-0C76110B8A2B->ed5d81fa-aaf0-49db-aa57-acca1dd387bd@group-729F0664FEA8, cid=3556, SUCCESS, logIndex=5027, commits[ed5d81fa-aaf0-49db-aa57-acca1dd387bd:c5028]
2019-09-10 22:12:23,643 [grpc-default-executor-1] INFO  client.GrpcClientProtocolClient (GrpcClientProtocolClient.java:onNext(255)) - client-0C76110B8A2B->ed5d81fa-aaf0-49db-aa57-acca1dd387bd: receive RaftClientReply:client-0C76110B8A2B->ed5d81fa-aaf0-49db-aa57-acca1dd387bd@group-729F0664FEA8, cid=3557, SUCCESS, logIndex=5030, commits[ed5d81fa-aaf0-49db-aa57-acca1dd387bd:c5031]
2019-09-10 22:12:23,644 [grpc-default-executor-1] INFO  client.GrpcClientProtocolClient (GrpcClientProtocolClient.java:onNext(255)) - client-0C76110B8A2B->ed5d81fa-aaf0-49db-aa57-acca1dd387bd: receive RaftClientReply:client-0C76110B8A2B->ed5d81fa-aaf0-49db-aa57-acca1dd387bd@group-729F0664FEA8, cid=3558, SUCCESS, logIndex=5031, commits[ed5d81fa-aaf0-49db-aa57-acca1dd387bd:c5033]
2019-09-10 22:12:23,644 [grpc-default-executor-1] INFO  client.GrpcClientProtocolClient (GrpcClientProtocolClient.java:onNext(255)) - client-0C76110B8A2B->ed5d81fa-aaf0-49db-aa57-acca1dd387bd: receive RaftClientReply:client-0C76110B8A2B->ed5d81fa-aaf0-49db-aa57-acca1dd387bd@group-729F0664FEA8, cid=3559, SUCCESS, logIndex=5032, commits[ed5d81fa-aaf0-49db-aa57-acca1dd387bd:c5033]
2019-09-10 22:12:23,644 [grpc-default-executor-1] INFO  client.GrpcClientProtocolClient (GrpcClientProtocolClient.java:onNext(255)) - client-0C76110B8A2B->ed5d81fa-aaf0-49db-aa57-acca1dd387bd: receive RaftClientReply:client-0C76110B8A2B->ed5d81fa-aaf0-49db-aa57-acca1dd387bd@group-729F0664FEA8, cid=3560, SUCCESS, logIndex=5033, commits[ed5d81fa-aaf0-49db-aa57-acca1dd387bd:c5034]
2019-09-10 22:12:23,673 [grpc-default-executor-1] INFO  client.GrpcClientProtocolClient (GrpcClientProtocolClient.java:onNext(255)) - client-0C76110B8A2B->ed5d81fa-aaf0-49db-aa57-acca1dd387bd: receive RaftClientReply:client-0C76110B8A2B->ed5d81fa-aaf0-49db-aa57-acca1dd387bd@group-729F0664FEA8, cid=3561, SUCCESS, logIndex=5036, commits[ed5d81fa-aaf0-49db-aa57-acca1dd387bd:c5039]
2019-09-10 22:12:23,673 [grpc-default-executor-1] INFO  client.GrpcClientProtocolClient (GrpcClientProtocolClient.java:onNext(255)) - client-0C76110B8A2B->ed5d81fa-aaf0-49db-aa57-acca1dd387bd: receive RaftClientReply:client-0C76110B8A2B->ed5d81fa-aaf0-49db-aa57-acca1dd387bd@group-729F0664FEA8, cid=3562, SUCCESS, logIndex=5037, commits[ed5d81fa-aaf0-49db-aa57-acca1dd387bd:c5039]
2019-09-10 22:12:23,674 [grpc-default-executor-1] INFO  client.GrpcClientProtocolClient (GrpcClientProtocolClient.java:onNext(255)) - client-0C76110B8A2B->ed5d81fa-aaf0-49db-aa57-acca1dd387bd: receive RaftClientReply:client-0C76110B8A2B->ed5d81fa-aaf0-49db-aa57-acca1dd387bd@group-729F0664FEA8, cid=3563, SUCCESS, logIndex=5038, commits[ed5d81fa-aaf0-49db-aa57-acca1dd387bd:c5040]
2019-09-10 22:12:23,674 [grpc-default-executor-1] INFO  client.GrpcClientProtocolClient (GrpcClientProtocolClient.java:onNext(255)) - client-0C76110B8A2B->ed5d81fa-aaf0-49db-aa57-acca1dd387bd: receive RaftClientReply:client-0C76110B8A2B->ed5d81fa-aaf0-49db-aa57-acca1dd387bd@group-729F0664FEA8, cid=3564, SUCCESS, logIndex=5039, commits[ed5d81fa-aaf0-49db-aa57-acca1dd387bd:c5040]
2019-09-10 22:12:23,693 [grpc-default-executor-0] INFO  client.GrpcClientProtocolClient (GrpcClientProtocolClient.java:onNext(255)) - client-0C76110B8A2B->ed5d81fa-aaf0-49db-aa57-acca1dd387bd: receive RaftClientReply:client-0C76110B8A2B->ed5d81fa-aaf0-49db-aa57-acca1dd387bd@group-729F0664FEA8, cid=3565, SUCCESS, logIndex=5042, commits[ed5d81fa-aaf0-49db-aa57-acca1dd387bd:c5043]
2019-09-10 22:12:23,693 [grpc-default-executor-0] INFO  client.GrpcClientProtocolClient (GrpcClientProtocolClient.java:onNext(255)) - client-0C76110B8A2B->ed5d81fa-aaf0-49db-aa57-acca1dd387bd: receive RaftClientReply:client-0C76110B8A2B->ed5d81fa-aaf0-49db-aa57-acca1dd387bd@group-729F0664FEA8, cid=3566, SUCCESS, logIndex=5043, commits[ed5d81fa-aaf0-49db-aa57-acca1dd387bd:c5043]
2019-09-10 22:12:23,695 [grpc-default-executor-0] INFO  client.GrpcClientProtocolClient (GrpcClientProtocolClient.java:onNext(255)) - client-0C76110B8A2B->ed5d81fa-aaf0-49db-aa57-acca1dd387bd: receive RaftClientReply:client-0C76110B8A2B->ed5d81fa-aaf0-49db-aa57-acca1dd387bd@group-729F0664FEA8, cid=3567, SUCCESS, logIndex=5044, commits[ed5d81fa-aaf0-49db-aa57-acca1dd387bd:c5045]
2019-09-10 22:12:23,695 [grpc-default-executor-0] INFO  client.GrpcClientProtocolClient (GrpcClientProtocolClient.java:onNext(255)) - client-0C76110B8A2B->ed5d81fa-aaf0-49db-aa57-acca1dd387bd: receive RaftClientReply:client-0C76110B8A2B->ed5d81fa-aaf0-49db-aa57-acca1dd387bd@group-729F0664FEA8, cid=3568, SUCCESS, logIndex=5045, commits[ed5d81fa-aaf0-49db-aa57-acca1dd387bd:c5045]
2019-09-10 22:12:23,710 [SCMBlockDeletingService#0] DEBUG block.SCMBlockDeletingService (SCMBlockDeletingService.java:call(138)) - Running DeletedBlockTransactionScanner
2019-09-10 22:12:23,710 [SCMBlockDeletingService#0] DEBUG block.SCMBlockDeletingService (SCMBlockDeletingService.java:call(155)) - Scanned deleted blocks log and got 0 delTX to process.
2019-09-10 22:12:23,723 [grpc-default-executor-0] INFO  client.GrpcClientProtocolClient (GrpcClientProtocolClient.java:onNext(255)) - client-0C76110B8A2B->ed5d81fa-aaf0-49db-aa57-acca1dd387bd: receive RaftClientReply:client-0C76110B8A2B->ed5d81fa-aaf0-49db-aa57-acca1dd387bd@group-729F0664FEA8, cid=3569, SUCCESS, logIndex=5048, commits[ed5d81fa-aaf0-49db-aa57-acca1dd387bd:c5049]
2019-09-10 22:12:23,723 [grpc-default-executor-0] INFO  client.GrpcClientProtocolClient (GrpcClientProtocolClient.java:onNext(255)) - client-0C76110B8A2B->ed5d81fa-aaf0-49db-aa57-acca1dd387bd: receive RaftClientReply:client-0C76110B8A2B->ed5d81fa-aaf0-49db-aa57-acca1dd387bd@group-729F0664FEA8, cid=3570, SUCCESS, logIndex=5049, commits[ed5d81fa-aaf0-49db-aa57-acca1dd387bd:c5049]
2019-09-10 22:12:23,725 [grpc-default-executor-0] INFO  client.GrpcClientProtocolClient (GrpcClientProtocolClient.java:onNext(255)) - client-0C76110B8A2B->ed5d81fa-aaf0-49db-aa57-acca1dd387bd: receive RaftClientReply:client-0C76110B8A2B->ed5d81fa-aaf0-49db-aa57-acca1dd387bd@group-729F0664FEA8, cid=3571, SUCCESS, logIndex=5050, commits[ed5d81fa-aaf0-49db-aa57-acca1dd387bd:c5051]
2019-09-10 22:12:23,725 [grpc-default-executor-0] INFO  client.GrpcClientProtocolClient (GrpcClientProtocolClient.java:onNext(255)) - client-0C76110B8A2B->ed5d81fa-aaf0-49db-aa57-acca1dd387bd: receive RaftClientReply:client-0C76110B8A2B->ed5d81fa-aaf0-49db-aa57-acca1dd387bd@group-729F0664FEA8, cid=3572, SUCCESS, logIndex=5051, commits[ed5d81fa-aaf0-49db-aa57-acca1dd387bd:c5051]
2019-09-10 22:12:23,736 [grpc-default-executor-0] INFO  client.GrpcClientProtocolClient (GrpcClientProtocolClient.java:onNext(255)) - client-0C76110B8A2B->ed5d81fa-aaf0-49db-aa57-acca1dd387bd: receive RaftClientReply:client-0C76110B8A2B->ed5d81fa-aaf0-49db-aa57-acca1dd387bd@group-729F0664FEA8, cid=3573, SUCCESS, logIndex=5054, commits[ed5d81fa-aaf0-49db-aa57-acca1dd387bd:c5057]
2019-09-10 22:12:23,736 [grpc-default-executor-0] INFO  client.GrpcClientProtocolClient (GrpcClientProtocolClient.java:onNext(255)) - client-0C76110B8A2B->ed5d81fa-aaf0-49db-aa57-acca1dd387bd: receive RaftClientReply:client-0C76110B8A2B->ed5d81fa-aaf0-49db-aa57-acca1dd387bd@group-729F0664FEA8, cid=3574, SUCCESS, logIndex=5055, commits[ed5d81fa-aaf0-49db-aa57-acca1dd387bd:c5058]
2019-09-10 22:12:23,737 [grpc-default-executor-0] INFO  client.GrpcClientProtocolClient (GrpcClientProtocolClient.java:onNext(255)) - client-0C76110B8A2B->ed5d81fa-aaf0-49db-aa57-acca1dd387bd: receive RaftClientReply:client-0C76110B8A2B->ed5d81fa-aaf0-49db-aa57-acca1dd387bd@group-729F0664FEA8, cid=3575, SUCCESS, logIndex=5056, commits[ed5d81fa-aaf0-49db-aa57-acca1dd387bd:c5058]
2019-09-10 22:12:23,737 [grpc-default-executor-0] INFO  client.GrpcClientProtocolClient (GrpcClientProtocolClient.java:onNext(255)) - client-0C76110B8A2B->ed5d81fa-aaf0-49db-aa57-acca1dd387bd: receive RaftClientReply:client-0C76110B8A2B->ed5d81fa-aaf0-49db-aa57-acca1dd387bd@group-729F0664FEA8, cid=3576, SUCCESS, logIndex=5057, commits[ed5d81fa-aaf0-49db-aa57-acca1dd387bd:c5058]
2019-09-10 22:12:23,763 [grpc-default-executor-0] INFO  client.GrpcClientProtocolClient (GrpcClientProtocolClient.java:onNext(255)) - client-0C76110B8A2B->ed5d81fa-aaf0-49db-aa57-acca1dd387bd: receive RaftClientReply:client-0C76110B8A2B->ed5d81fa-aaf0-49db-aa57-acca1dd387bd@group-729F0664FEA8, cid=3577, SUCCESS, logIndex=5059, commits[ed5d81fa-aaf0-49db-aa57-acca1dd387bd:c5060]
2019-09-10 22:12:23,763 [grpc-default-executor-0] INFO  client.GrpcClientProtocolClient (GrpcClientProtocolClient.java:onNext(255)) - client-0C76110B8A2B->ed5d81fa-aaf0-49db-aa57-acca1dd387bd: receive RaftClientReply:client-0C76110B8A2B->ed5d81fa-aaf0-49db-aa57-acca1dd387bd@group-729F0664FEA8, cid=3578, SUCCESS, logIndex=5060, commits[ed5d81fa-aaf0-49db-aa57-acca1dd387bd:c5062]
2019-09-10 22:12:23,764 [grpc-default-executor-0] INFO  client.GrpcClientProtocolClient (GrpcClientProtocolClient.java:onNext(255)) - client-0C76110B8A2B->ed5d81fa-aaf0-49db-aa57-acca1dd387bd: receive RaftClientReply:client-0C76110B8A2B->ed5d81fa-aaf0-49db-aa57-acca1dd387bd@group-729F0664FEA8, cid=3579, SUCCESS, logIndex=5061, commits[ed5d81fa-aaf0-49db-aa57-acca1dd387bd:c5063]
2019-09-10 22:12:23,764 [grpc-default-executor-0] INFO  client.GrpcClientProtocolClient (GrpcClientProtocolClient.java:onNext(255)) - client-0C76110B8A2B->ed5d81fa-aaf0-49db-aa57-acca1dd387bd: receive RaftClientReply:client-0C76110B8A2B->ed5d81fa-aaf0-49db-aa57-acca1dd387bd@group-729F0664FEA8, cid=3580, SUCCESS, logIndex=5062, commits[ed5d81fa-aaf0-49db-aa57-acca1dd387bd:c5063]
2019-09-10 22:12:23,810 [SCMBlockDeletingService#0] DEBUG block.SCMBlockDeletingService (SCMBlockDeletingService.java:call(138)) - Running DeletedBlockTransactionScanner
2019-09-10 22:12:23,811 [SCMBlockDeletingService#0] DEBUG block.SCMBlockDeletingService (SCMBlockDeletingService.java:call(155)) - Scanned deleted blocks log and got 0 delTX to process.
2019-09-10 22:12:23,879 [grpc-default-executor-0] INFO  client.GrpcClientProtocolClient (GrpcClientProtocolClient.java:onNext(255)) - client-0C76110B8A2B->ed5d81fa-aaf0-49db-aa57-acca1dd387bd: receive RaftClientReply:client-0C76110B8A2B->ed5d81fa-aaf0-49db-aa57-acca1dd387bd@group-729F0664FEA8, cid=3581, SUCCESS, logIndex=5065, commits[ed5d81fa-aaf0-49db-aa57-acca1dd387bd:c5068]
2019-09-10 22:12:23,879 [grpc-default-executor-0] INFO  client.GrpcClientProtocolClient (GrpcClientProtocolClient.java:onNext(255)) - client-0C76110B8A2B->ed5d81fa-aaf0-49db-aa57-acca1dd387bd: receive RaftClientReply:client-0C76110B8A2B->ed5d81fa-aaf0-49db-aa57-acca1dd387bd@group-729F0664FEA8, cid=3582, SUCCESS, logIndex=5066, commits[ed5d81fa-aaf0-49db-aa57-acca1dd387bd:c5068]
2019-09-10 22:12:23,880 [grpc-default-executor-0] INFO  client.GrpcClientProtocolClient (GrpcClientProtocolClient.java:onNext(255)) - client-0C76110B8A2B->ed5d81fa-aaf0-49db-aa57-acca1dd387bd: receive RaftClientReply:client-0C76110B8A2B->ed5d81fa-aaf0-49db-aa57-acca1dd387bd@group-729F0664FEA8, cid=3583, SUCCESS, logIndex=5067, commits[ed5d81fa-aaf0-49db-aa57-acca1dd387bd:c5068]
2019-09-10 22:12:23,880 [grpc-default-executor-0] INFO  client.GrpcClientProtocolClient (GrpcClientProtocolClient.java:onNext(255)) - client-0C76110B8A2B->ed5d81fa-aaf0-49db-aa57-acca1dd387bd: receive RaftClientReply:client-0C76110B8A2B->ed5d81fa-aaf0-49db-aa57-acca1dd387bd@group-729F0664FEA8, cid=3584, SUCCESS, logIndex=5068, commits[ed5d81fa-aaf0-49db-aa57-acca1dd387bd:c5068]
2019-09-10 22:12:23,906 [grpc-default-executor-0] INFO  client.GrpcClientProtocolClient (GrpcClientProtocolClient.java:onNext(255)) - client-0C76110B8A2B->ed5d81fa-aaf0-49db-aa57-acca1dd387bd: receive RaftClientReply:client-0C76110B8A2B->ed5d81fa-aaf0-49db-aa57-acca1dd387bd@group-729F0664FEA8, cid=3585, SUCCESS, logIndex=5070, commits[ed5d81fa-aaf0-49db-aa57-acca1dd387bd:c5071]
2019-09-10 22:12:23,907 [grpc-default-executor-0] INFO  client.GrpcClientProtocolClient (GrpcClientProtocolClient.java:onNext(255)) - client-0C76110B8A2B->ed5d81fa-aaf0-49db-aa57-acca1dd387bd: receive RaftClientReply:client-0C76110B8A2B->ed5d81fa-aaf0-49db-aa57-acca1dd387bd@group-729F0664FEA8, cid=3586, SUCCESS, logIndex=5071, commits[ed5d81fa-aaf0-49db-aa57-acca1dd387bd:c5071]
2019-09-10 22:12:23,908 [grpc-default-executor-0] INFO  client.GrpcClientProtocolClient (GrpcClientProtocolClient.java:onNext(255)) - client-0C76110B8A2B->ed5d81fa-aaf0-49db-aa57-acca1dd387bd: receive RaftClientReply:client-0C76110B8A2B->ed5d81fa-aaf0-49db-aa57-acca1dd387bd@group-729F0664FEA8, cid=3587, SUCCESS, logIndex=5072, commits[ed5d81fa-aaf0-49db-aa57-acca1dd387bd:c5073]
2019-09-10 22:12:23,908 [grpc-default-executor-0] INFO  client.GrpcClientProtocolClient (GrpcClientProtocolClient.java:onNext(255)) - client-0C76110B8A2B->ed5d81fa-aaf0-49db-aa57-acca1dd387bd: receive RaftClientReply:client-0C76110B8A2B->ed5d81fa-aaf0-49db-aa57-acca1dd387bd@group-729F0664FEA8, cid=3588, SUCCESS, logIndex=5073, commits[ed5d81fa-aaf0-49db-aa57-acca1dd387bd:c5073]
2019-09-10 22:12:23,911 [SCMBlockDeletingService#0] DEBUG block.SCMBlockDeletingService (SCMBlockDeletingService.java:call(138)) - Running DeletedBlockTransactionScanner
2019-09-10 22:12:23,911 [SCMBlockDeletingService#0] DEBUG block.SCMBlockDeletingService (SCMBlockDeletingService.java:call(155)) - Scanned deleted blocks log and got 0 delTX to process.
2019-09-10 22:12:23,920 [grpc-default-executor-0] INFO  client.GrpcClientProtocolClient (GrpcClientProtocolClient.java:onNext(255)) - client-0C76110B8A2B->ed5d81fa-aaf0-49db-aa57-acca1dd387bd: receive RaftClientReply:client-0C76110B8A2B->ed5d81fa-aaf0-49db-aa57-acca1dd387bd@group-729F0664FEA8, cid=3589, SUCCESS, logIndex=5076, commits[ed5d81fa-aaf0-49db-aa57-acca1dd387bd:c5079]
2019-09-10 22:12:23,920 [grpc-default-executor-0] INFO  client.GrpcClientProtocolClient (GrpcClientProtocolClient.java:onNext(255)) - client-0C76110B8A2B->ed5d81fa-aaf0-49db-aa57-acca1dd387bd: receive RaftClientReply:client-0C76110B8A2B->ed5d81fa-aaf0-49db-aa57-acca1dd387bd@group-729F0664FEA8, cid=3590, SUCCESS, logIndex=5077, commits[ed5d81fa-aaf0-49db-aa57-acca1dd387bd:c5080]
2019-09-10 22:12:23,920 [grpc-default-executor-0] INFO  client.GrpcClientProtocolClient (GrpcClientProtocolClient.java:onNext(255)) - client-0C76110B8A2B->ed5d81fa-aaf0-49db-aa57-acca1dd387bd: receive RaftClientReply:client-0C76110B8A2B->ed5d81fa-aaf0-49db-aa57-acca1dd387bd@group-729F0664FEA8, cid=3591, SUCCESS, logIndex=5078, commits[ed5d81fa-aaf0-49db-aa57-acca1dd387bd:c5080]
2019-09-10 22:12:23,921 [grpc-default-executor-0] INFO  client.GrpcClientProtocolClient (GrpcClientProtocolClient.java:onNext(255)) - client-0C76110B8A2B->ed5d81fa-aaf0-49db-aa57-acca1dd387bd: receive RaftClientReply:client-0C76110B8A2B->ed5d81fa-aaf0-49db-aa57-acca1dd387bd@group-729F0664FEA8, cid=3592, SUCCESS, logIndex=5079, commits[ed5d81fa-aaf0-49db-aa57-acca1dd387bd:c5080]
2019-09-10 22:12:23,949 [grpc-default-executor-0] INFO  client.GrpcClientProtocolClient (GrpcClientProtocolClient.java:onNext(255)) - client-0C76110B8A2B->ed5d81fa-aaf0-49db-aa57-acca1dd387bd: receive RaftClientReply:client-0C76110B8A2B->ed5d81fa-aaf0-49db-aa57-acca1dd387bd@group-729F0664FEA8, cid=3593, SUCCESS, logIndex=5081, commits[ed5d81fa-aaf0-49db-aa57-acca1dd387bd:c5082]
2019-09-10 22:12:23,949 [grpc-default-executor-0] INFO  client.GrpcClientProtocolClient (GrpcClientProtocolClient.java:onNext(255)) - client-0C76110B8A2B->ed5d81fa-aaf0-49db-aa57-acca1dd387bd: receive RaftClientReply:client-0C76110B8A2B->ed5d81fa-aaf0-49db-aa57-acca1dd387bd@group-729F0664FEA8, cid=3594, SUCCESS, logIndex=5082, commits[ed5d81fa-aaf0-49db-aa57-acca1dd387bd:c5084]
2019-09-10 22:12:23,949 [grpc-default-executor-0] INFO  client.GrpcClientProtocolClient (GrpcClientProtocolClient.java:onNext(255)) - client-0C76110B8A2B->ed5d81fa-aaf0-49db-aa57-acca1dd387bd: receive RaftClientReply:client-0C76110B8A2B->ed5d81fa-aaf0-49db-aa57-acca1dd387bd@group-729F0664FEA8, cid=3595, SUCCESS, logIndex=5083, commits[ed5d81fa-aaf0-49db-aa57-acca1dd387bd:c5085]
2019-09-10 22:12:23,950 [grpc-default-executor-0] INFO  client.GrpcClientProtocolClient (GrpcClientProtocolClient.java:onNext(255)) - client-0C76110B8A2B->ed5d81fa-aaf0-49db-aa57-acca1dd387bd: receive RaftClientReply:client-0C76110B8A2B->ed5d81fa-aaf0-49db-aa57-acca1dd387bd@group-729F0664FEA8, cid=3596, SUCCESS, logIndex=5084, commits[ed5d81fa-aaf0-49db-aa57-acca1dd387bd:c5085]
2019-09-10 22:12:23,968 [grpc-default-executor-0] INFO  client.GrpcClientProtocolClient (GrpcClientProtocolClient.java:onNext(255)) - client-0C76110B8A2B->ed5d81fa-aaf0-49db-aa57-acca1dd387bd: receive RaftClientReply:client-0C76110B8A2B->ed5d81fa-aaf0-49db-aa57-acca1dd387bd@group-729F0664FEA8, cid=3597, SUCCESS, logIndex=5087, commits[ed5d81fa-aaf0-49db-aa57-acca1dd387bd:c5088]
2019-09-10 22:12:23,968 [grpc-default-executor-0] INFO  client.GrpcClientProtocolClient (GrpcClientProtocolClient.java:onNext(255)) - client-0C76110B8A2B->ed5d81fa-aaf0-49db-aa57-acca1dd387bd: receive RaftClientReply:client-0C76110B8A2B->ed5d81fa-aaf0-49db-aa57-acca1dd387bd@group-729F0664FEA8, cid=3598, SUCCESS, logIndex=5088, commits[ed5d81fa-aaf0-49db-aa57-acca1dd387bd:c5090]
2019-09-10 22:12:23,968 [grpc-default-executor-0] INFO  client.GrpcClientProtocolClient (GrpcClientProtocolClient.java:onNext(255)) - client-0C76110B8A2B->ed5d81fa-aaf0-49db-aa57-acca1dd387bd: receive RaftClientReply:client-0C76110B8A2B->ed5d81fa-aaf0-49db-aa57-acca1dd387bd@group-729F0664FEA8, cid=3599, SUCCESS, logIndex=5089, commits[ed5d81fa-aaf0-49db-aa57-acca1dd387bd:c5091]
2019-09-10 22:12:23,969 [grpc-default-executor-0] INFO  client.GrpcClientProtocolClient (GrpcClientProtocolClient.java:onNext(255)) - client-0C76110B8A2B->ed5d81fa-aaf0-49db-aa57-acca1dd387bd: receive RaftClientReply:client-0C76110B8A2B->ed5d81fa-aaf0-49db-aa57-acca1dd387bd@group-729F0664FEA8, cid=3600, SUCCESS, logIndex=5090, commits[ed5d81fa-aaf0-49db-aa57-acca1dd387bd:c5091]
2019-09-10 22:12:24,050 [SCMBlockDeletingService#0] DEBUG block.SCMBlockDeletingService (SCMBlockDeletingService.java:call(138)) - Running DeletedBlockTransactionScanner
2019-09-10 22:12:24,051 [SCMBlockDeletingService#0] DEBUG block.SCMBlockDeletingService (SCMBlockDeletingService.java:call(155)) - Scanned deleted blocks log and got 0 delTX to process.
2019-09-10 22:12:24,064 [grpc-default-executor-0] INFO  client.GrpcClientProtocolClient (GrpcClientProtocolClient.java:onNext(255)) - client-0C76110B8A2B->ed5d81fa-aaf0-49db-aa57-acca1dd387bd: receive RaftClientReply:client-0C76110B8A2B->ed5d81fa-aaf0-49db-aa57-acca1dd387bd@group-729F0664FEA8, cid=3601, SUCCESS, logIndex=5093, commits[ed5d81fa-aaf0-49db-aa57-acca1dd387bd:c5094]
2019-09-10 22:12:24,065 [grpc-default-executor-0] INFO  client.GrpcClientProtocolClient (GrpcClientProtocolClient.java:onNext(255)) - client-0C76110B8A2B->ed5d81fa-aaf0-49db-aa57-acca1dd387bd: receive RaftClientReply:client-0C76110B8A2B->ed5d81fa-aaf0-49db-aa57-acca1dd387bd@group-729F0664FEA8, cid=3602, SUCCESS, logIndex=5094, commits[ed5d81fa-aaf0-49db-aa57-acca1dd387bd:c5096]
2019-09-10 22:12:24,065 [grpc-default-executor-0] INFO  client.GrpcClientProtocolClient (GrpcClientProtocolClient.java:onNext(255)) - client-0C76110B8A2B->ed5d81fa-aaf0-49db-aa57-acca1dd387bd: receive RaftClientReply:client-0C76110B8A2B->ed5d81fa-aaf0-49db-aa57-acca1dd387bd@group-729F0664FEA8, cid=3603, SUCCESS, logIndex=5095, commits[ed5d81fa-aaf0-49db-aa57-acca1dd387bd:c5096]
2019-09-10 22:12:24,065 [grpc-default-executor-0] INFO  client.GrpcClientProtocolClient (GrpcClientProtocolClient.java:onNext(255)) - client-0C76110B8A2B->ed5d81fa-aaf0-49db-aa57-acca1dd387bd: receive RaftClientReply:client-0C76110B8A2B->ed5d81fa-aaf0-49db-aa57-acca1dd387bd@group-729F0664FEA8, cid=3604, SUCCESS, logIndex=5096, commits[ed5d81fa-aaf0-49db-aa57-acca1dd387bd:c5097]
2019-09-10 22:12:24,083 [grpc-default-executor-0] INFO  client.GrpcClientProtocolClient (GrpcClientProtocolClient.java:onNext(255)) - client-0C76110B8A2B->ed5d81fa-aaf0-49db-aa57-acca1dd387bd: receive RaftClientReply:client-0C76110B8A2B->ed5d81fa-aaf0-49db-aa57-acca1dd387bd@group-729F0664FEA8, cid=3605, SUCCESS, logIndex=5099, commits[ed5d81fa-aaf0-49db-aa57-acca1dd387bd:c5100]
2019-09-10 22:12:24,084 [grpc-default-executor-0] INFO  client.GrpcClientProtocolClient (GrpcClientProtocolClient.java:onNext(255)) - client-0C76110B8A2B->ed5d81fa-aaf0-49db-aa57-acca1dd387bd: receive RaftClientReply:client-0C76110B8A2B->ed5d81fa-aaf0-49db-aa57-acca1dd387bd@group-729F0664FEA8, cid=3606, SUCCESS, logIndex=5100, commits[ed5d81fa-aaf0-49db-aa57-acca1dd387bd:c5102]
2019-09-10 22:12:24,084 [grpc-default-executor-0] INFO  client.GrpcClientProtocolClient (GrpcClientProtocolClient.java:onNext(255)) - client-0C76110B8A2B->ed5d81fa-aaf0-49db-aa57-acca1dd387bd: receive RaftClientReply:client-0C76110B8A2B->ed5d81fa-aaf0-49db-aa57-acca1dd387bd@group-729F0664FEA8, cid=3607, SUCCESS, logIndex=5101, commits[ed5d81fa-aaf0-49db-aa57-acca1dd387bd:c5103]
2019-09-10 22:12:24,084 [grpc-default-executor-0] INFO  client.GrpcClientProtocolClient (GrpcClientProtocolClient.java:onNext(255)) - client-0C76110B8A2B->ed5d81fa-aaf0-49db-aa57-acca1dd387bd: receive RaftClientReply:client-0C76110B8A2B->ed5d81fa-aaf0-49db-aa57-acca1dd387bd@group-729F0664FEA8, cid=3608, SUCCESS, logIndex=5102, commits[ed5d81fa-aaf0-49db-aa57-acca1dd387bd:c5103]
2019-09-10 22:12:24,113 [grpc-default-executor-0] INFO  client.GrpcClientProtocolClient (GrpcClientProtocolClient.java:onNext(255)) - client-0C76110B8A2B->ed5d81fa-aaf0-49db-aa57-acca1dd387bd: receive RaftClientReply:client-0C76110B8A2B->ed5d81fa-aaf0-49db-aa57-acca1dd387bd@group-729F0664FEA8, cid=3609, SUCCESS, logIndex=5105, commits[ed5d81fa-aaf0-49db-aa57-acca1dd387bd:c5106]
2019-09-10 22:12:24,114 [grpc-default-executor-0] INFO  client.GrpcClientProtocolClient (GrpcClientProtocolClient.java:onNext(255)) - client-0C76110B8A2B->ed5d81fa-aaf0-49db-aa57-acca1dd387bd: receive RaftClientReply:client-0C76110B8A2B->ed5d81fa-aaf0-49db-aa57-acca1dd387bd@group-729F0664FEA8, cid=3610, SUCCESS, logIndex=5106, commits[ed5d81fa-aaf0-49db-aa57-acca1dd387bd:c5108]
2019-09-10 22:12:24,114 [grpc-default-executor-0] INFO  client.GrpcClientProtocolClient (GrpcClientProtocolClient.java:onNext(255)) - client-0C76110B8A2B->ed5d81fa-aaf0-49db-aa57-acca1dd387bd: receive RaftClientReply:client-0C76110B8A2B->ed5d81fa-aaf0-49db-aa57-acca1dd387bd@group-729F0664FEA8, cid=3611, SUCCESS, logIndex=5107, commits[ed5d81fa-aaf0-49db-aa57-acca1dd387bd:c5109]
2019-09-10 22:12:24,114 [grpc-default-executor-0] INFO  client.GrpcClientProtocolClient (GrpcClientProtocolClient.java:onNext(255)) - client-0C76110B8A2B->ed5d81fa-aaf0-49db-aa57-acca1dd387bd: receive RaftClientReply:client-0C76110B8A2B->ed5d81fa-aaf0-49db-aa57-acca1dd387bd@group-729F0664FEA8, cid=3612, SUCCESS, logIndex=5108, commits[ed5d81fa-aaf0-49db-aa57-acca1dd387bd:c5109]
2019-09-10 22:12:24,133 [grpc-default-executor-1] INFO  client.GrpcClientProtocolClient (GrpcClientProtocolClient.java:onNext(255)) - client-0C76110B8A2B->ed5d81fa-aaf0-49db-aa57-acca1dd387bd: receive RaftClientReply:client-0C76110B8A2B->ed5d81fa-aaf0-49db-aa57-acca1dd387bd@group-729F0664FEA8, cid=3613, SUCCESS, logIndex=5111, commits[ed5d81fa-aaf0-49db-aa57-acca1dd387bd:c5112]
2019-09-10 22:12:24,133 [grpc-default-executor-1] INFO  client.GrpcClientProtocolClient (GrpcClientProtocolClient.java:onNext(255)) - client-0C76110B8A2B->ed5d81fa-aaf0-49db-aa57-acca1dd387bd: receive RaftClientReply:client-0C76110B8A2B->ed5d81fa-aaf0-49db-aa57-acca1dd387bd@group-729F0664FEA8, cid=3614, SUCCESS, logIndex=5112, commits[ed5d81fa-aaf0-49db-aa57-acca1dd387bd:c5114]
2019-09-10 22:12:24,134 [grpc-default-executor-1] INFO  client.GrpcClientProtocolClient (GrpcClientProtocolClient.java:onNext(255)) - client-0C76110B8A2B->ed5d81fa-aaf0-49db-aa57-acca1dd387bd: receive RaftClientReply:client-0C76110B8A2B->ed5d81fa-aaf0-49db-aa57-acca1dd387bd@group-729F0664FEA8, cid=3615, SUCCESS, logIndex=5113, commits[ed5d81fa-aaf0-49db-aa57-acca1dd387bd:c5115]
2019-09-10 22:12:24,134 [grpc-default-executor-1] INFO  client.GrpcClientProtocolClient (GrpcClientProtocolClient.java:onNext(255)) - client-0C76110B8A2B->ed5d81fa-aaf0-49db-aa57-acca1dd387bd: receive RaftClientReply:client-0C76110B8A2B->ed5d81fa-aaf0-49db-aa57-acca1dd387bd@group-729F0664FEA8, cid=3616, SUCCESS, logIndex=5114, commits[ed5d81fa-aaf0-49db-aa57-acca1dd387bd:c5115]
2019-09-10 22:12:24,151 [SCMBlockDeletingService#0] DEBUG block.SCMBlockDeletingService (SCMBlockDeletingService.java:call(138)) - Running DeletedBlockTransactionScanner
2019-09-10 22:12:24,151 [SCMBlockDeletingService#0] DEBUG block.SCMBlockDeletingService (SCMBlockDeletingService.java:call(155)) - Scanned deleted blocks log and got 0 delTX to process.
2019-09-10 22:12:24,161 [grpc-default-executor-1] INFO  client.GrpcClientProtocolClient (GrpcClientProtocolClient.java:onNext(255)) - client-0C76110B8A2B->ed5d81fa-aaf0-49db-aa57-acca1dd387bd: receive RaftClientReply:client-0C76110B8A2B->ed5d81fa-aaf0-49db-aa57-acca1dd387bd@group-729F0664FEA8, cid=3617, SUCCESS, logIndex=5117, commits[ed5d81fa-aaf0-49db-aa57-acca1dd387bd:c5118]
2019-09-10 22:12:24,162 [grpc-default-executor-1] INFO  client.GrpcClientProtocolClient (GrpcClientProtocolClient.java:onNext(255)) - client-0C76110B8A2B->ed5d81fa-aaf0-49db-aa57-acca1dd387bd: receive RaftClientReply:client-0C76110B8A2B->ed5d81fa-aaf0-49db-aa57-acca1dd387bd@group-729F0664FEA8, cid=3618, SUCCESS, logIndex=5118, commits[ed5d81fa-aaf0-49db-aa57-acca1dd387bd:c5120]
2019-09-10 22:12:24,162 [grpc-default-executor-1] INFO  client.GrpcClientProtocolClient (GrpcClientProtocolClient.java:onNext(255)) - client-0C76110B8A2B->ed5d81fa-aaf0-49db-aa57-acca1dd387bd: receive RaftClientReply:client-0C76110B8A2B->ed5d81fa-aaf0-49db-aa57-acca1dd387bd@group-729F0664FEA8, cid=3619, SUCCESS, logIndex=5119, commits[ed5d81fa-aaf0-49db-aa57-acca1dd387bd:c5121]
2019-09-10 22:12:24,162 [grpc-default-executor-1] INFO  client.GrpcClientProtocolClient (GrpcClientProtocolClient.java:onNext(255)) - client-0C76110B8A2B->ed5d81fa-aaf0-49db-aa57-acca1dd387bd: receive RaftClientReply:client-0C76110B8A2B->ed5d81fa-aaf0-49db-aa57-acca1dd387bd@group-729F0664FEA8, cid=3620, SUCCESS, logIndex=5120, commits[ed5d81fa-aaf0-49db-aa57-acca1dd387bd:c5121]
2019-09-10 22:12:24,181 [grpc-default-executor-0] INFO  client.GrpcClientProtocolClient (GrpcClientProtocolClient.java:onNext(255)) - client-0C76110B8A2B->ed5d81fa-aaf0-49db-aa57-acca1dd387bd: receive RaftClientReply:client-0C76110B8A2B->ed5d81fa-aaf0-49db-aa57-acca1dd387bd@group-729F0664FEA8, cid=3621, SUCCESS, logIndex=5123, commits[ed5d81fa-aaf0-49db-aa57-acca1dd387bd:c5124]
2019-09-10 22:12:24,182 [grpc-default-executor-0] INFO  client.GrpcClientProtocolClient (GrpcClientProtocolClient.java:onNext(255)) - client-0C76110B8A2B->ed5d81fa-aaf0-49db-aa57-acca1dd387bd: receive RaftClientReply:client-0C76110B8A2B->ed5d81fa-aaf0-49db-aa57-acca1dd387bd@group-729F0664FEA8, cid=3622, SUCCESS, logIndex=5124, commits[ed5d81fa-aaf0-49db-aa57-acca1dd387bd:c5126]
2019-09-10 22:12:24,182 [grpc-default-executor-0] INFO  client.GrpcClientProtocolClient (GrpcClientProtocolClient.java:onNext(255)) - client-0C76110B8A2B->ed5d81fa-aaf0-49db-aa57-acca1dd387bd: receive RaftClientReply:client-0C76110B8A2B->ed5d81fa-aaf0-49db-aa57-acca1dd387bd@group-729F0664FEA8, cid=3623, SUCCESS, logIndex=5125, commits[ed5d81fa-aaf0-49db-aa57-acca1dd387bd:c5126]
2019-09-10 22:12:24,182 [grpc-default-executor-0] INFO  client.GrpcClientProtocolClient (GrpcClientProtocolClient.java:onNext(255)) - client-0C76110B8A2B->ed5d81fa-aaf0-49db-aa57-acca1dd387bd: receive RaftClientReply:client-0C76110B8A2B->ed5d81fa-aaf0-49db-aa57-acca1dd387bd@group-729F0664FEA8, cid=3624, SUCCESS, logIndex=5126, commits[ed5d81fa-aaf0-49db-aa57-acca1dd387bd:c5127]
2019-09-10 22:12:24,251 [SCMBlockDeletingService#0] DEBUG block.SCMBlockDeletingService (SCMBlockDeletingService.java:call(138)) - Running DeletedBlockTransactionScanner
2019-09-10 22:12:24,252 [SCMBlockDeletingService#0] DEBUG block.SCMBlockDeletingService (SCMBlockDeletingService.java:call(155)) - Scanned deleted blocks log and got 0 delTX to process.
2019-09-10 22:12:24,311 [grpc-default-executor-1] INFO  client.GrpcClientProtocolClient (GrpcClientProtocolClient.java:onNext(255)) - client-0C76110B8A2B->ed5d81fa-aaf0-49db-aa57-acca1dd387bd: receive RaftClientReply:client-0C76110B8A2B->ed5d81fa-aaf0-49db-aa57-acca1dd387bd@group-729F0664FEA8, cid=3625, SUCCESS, logIndex=5129, commits[ed5d81fa-aaf0-49db-aa57-acca1dd387bd:c5132]
2019-09-10 22:12:24,312 [grpc-default-executor-1] INFO  client.GrpcClientProtocolClient (GrpcClientProtocolClient.java:onNext(255)) - client-0C76110B8A2B->ed5d81fa-aaf0-49db-aa57-acca1dd387bd: receive RaftClientReply:client-0C76110B8A2B->ed5d81fa-aaf0-49db-aa57-acca1dd387bd@group-729F0664FEA8, cid=3626, SUCCESS, logIndex=5130, commits[ed5d81fa-aaf0-49db-aa57-acca1dd387bd:c5133]
2019-09-10 22:12:24,312 [grpc-default-executor-1] INFO  client.GrpcClientProtocolClient (GrpcClientProtocolClient.java:onNext(255)) - client-0C76110B8A2B->ed5d81fa-aaf0-49db-aa57-acca1dd387bd: receive RaftClientReply:client-0C76110B8A2B->ed5d81fa-aaf0-49db-aa57-acca1dd387bd@group-729F0664FEA8, cid=3627, SUCCESS, logIndex=5131, commits[ed5d81fa-aaf0-49db-aa57-acca1dd387bd:c5133]
2019-09-10 22:12:24,313 [grpc-default-executor-1] INFO  client.GrpcClientProtocolClient (GrpcClientProtocolClient.java:onNext(255)) - client-0C76110B8A2B->ed5d81fa-aaf0-49db-aa57-acca1dd387bd: receive RaftClientReply:client-0C76110B8A2B->ed5d81fa-aaf0-49db-aa57-acca1dd387bd@group-729F0664FEA8, cid=3628, SUCCESS, logIndex=5132, commits[ed5d81fa-aaf0-49db-aa57-acca1dd387bd:c5133]
2019-09-10 22:12:24,331 [grpc-default-executor-1] INFO  client.GrpcClientProtocolClient (GrpcClientProtocolClient.java:onNext(255)) - client-0C76110B8A2B->ed5d81fa-aaf0-49db-aa57-acca1dd387bd: receive RaftClientReply:client-0C76110B8A2B->ed5d81fa-aaf0-49db-aa57-acca1dd387bd@group-729F0664FEA8, cid=3629, SUCCESS, logIndex=5134, commits[ed5d81fa-aaf0-49db-aa57-acca1dd387bd:c5135]
2019-09-10 22:12:24,332 [grpc-default-executor-1] INFO  client.GrpcClientProtocolClient (GrpcClientProtocolClient.java:onNext(255)) - client-0C76110B8A2B->ed5d81fa-aaf0-49db-aa57-acca1dd387bd: receive RaftClientReply:client-0C76110B8A2B->ed5d81fa-aaf0-49db-aa57-acca1dd387bd@group-729F0664FEA8, cid=3630, SUCCESS, logIndex=5135, commits[ed5d81fa-aaf0-49db-aa57-acca1dd387bd:c5135]
2019-09-10 22:12:24,333 [grpc-default-executor-1] INFO  client.GrpcClientProtocolClient (GrpcClientProtocolClient.java:onNext(255)) - client-0C76110B8A2B->ed5d81fa-aaf0-49db-aa57-acca1dd387bd: receive RaftClientReply:client-0C76110B8A2B->ed5d81fa-aaf0-49db-aa57-acca1dd387bd@group-729F0664FEA8, cid=3631, SUCCESS, logIndex=5136, commits[ed5d81fa-aaf0-49db-aa57-acca1dd387bd:c5137]
2019-09-10 22:12:24,333 [grpc-default-executor-1] INFO  client.GrpcClientProtocolClient (GrpcClientProtocolClient.java:onNext(255)) - client-0C76110B8A2B->ed5d81fa-aaf0-49db-aa57-acca1dd387bd: receive RaftClientReply:client-0C76110B8A2B->ed5d81fa-aaf0-49db-aa57-acca1dd387bd@group-729F0664FEA8, cid=3632, SUCCESS, logIndex=5137, commits[ed5d81fa-aaf0-49db-aa57-acca1dd387bd:c5137]
2019-09-10 22:12:24,352 [SCMBlockDeletingService#0] DEBUG block.SCMBlockDeletingService (SCMBlockDeletingService.java:call(138)) - Running DeletedBlockTransactionScanner
2019-09-10 22:12:24,352 [SCMBlockDeletingService#0] DEBUG block.SCMBlockDeletingService (SCMBlockDeletingService.java:call(155)) - Scanned deleted blocks log and got 0 delTX to process.
2019-09-10 22:12:24,363 [grpc-default-executor-1] INFO  client.GrpcClientProtocolClient (GrpcClientProtocolClient.java:onNext(255)) - client-0C76110B8A2B->ed5d81fa-aaf0-49db-aa57-acca1dd387bd: receive RaftClientReply:client-0C76110B8A2B->ed5d81fa-aaf0-49db-aa57-acca1dd387bd@group-729F0664FEA8, cid=3633, SUCCESS, logIndex=5140, commits[ed5d81fa-aaf0-49db-aa57-acca1dd387bd:c5143]
2019-09-10 22:12:24,364 [grpc-default-executor-1] INFO  client.GrpcClientProtocolClient (GrpcClientProtocolClient.java:onNext(255)) - client-0C76110B8A2B->ed5d81fa-aaf0-49db-aa57-acca1dd387bd: receive RaftClientReply:client-0C76110B8A2B->ed5d81fa-aaf0-49db-aa57-acca1dd387bd@group-729F0664FEA8, cid=3634, SUCCESS, logIndex=5141, commits[ed5d81fa-aaf0-49db-aa57-acca1dd387bd:c5144]
2019-09-10 22:12:24,364 [grpc-default-executor-1] INFO  client.GrpcClientProtocolClient (GrpcClientProtocolClient.java:onNext(255)) - client-0C76110B8A2B->ed5d81fa-aaf0-49db-aa57-acca1dd387bd: receive RaftClientReply:client-0C76110B8A2B->ed5d81fa-aaf0-49db-aa57-acca1dd387bd@group-729F0664FEA8, cid=3635, SUCCESS, logIndex=5142, commits[ed5d81fa-aaf0-49db-aa57-acca1dd387bd:c5144]
2019-09-10 22:12:24,365 [grpc-default-executor-1] INFO  client.GrpcClientProtocolClient (GrpcClientProtocolClient.java:onNext(255)) - client-0C76110B8A2B->ed5d81fa-aaf0-49db-aa57-acca1dd387bd: receive RaftClientReply:client-0C76110B8A2B->ed5d81fa-aaf0-49db-aa57-acca1dd387bd@group-729F0664FEA8, cid=3636, SUCCESS, logIndex=5143, commits[ed5d81fa-aaf0-49db-aa57-acca1dd387bd:c5144]
2019-09-10 22:12:24,382 [grpc-default-executor-0] INFO  client.GrpcClientProtocolClient (GrpcClientProtocolClient.java:onNext(255)) - client-0C76110B8A2B->ed5d81fa-aaf0-49db-aa57-acca1dd387bd: receive RaftClientReply:client-0C76110B8A2B->ed5d81fa-aaf0-49db-aa57-acca1dd387bd@group-729F0664FEA8, cid=3637, SUCCESS, logIndex=5145, commits[ed5d81fa-aaf0-49db-aa57-acca1dd387bd:c5146]
2019-09-10 22:12:24,383 [grpc-default-executor-0] INFO  client.GrpcClientProtocolClient (GrpcClientProtocolClient.java:onNext(255)) - client-0C76110B8A2B->ed5d81fa-aaf0-49db-aa57-acca1dd387bd: receive RaftClientReply:client-0C76110B8A2B->ed5d81fa-aaf0-49db-aa57-acca1dd387bd@group-729F0664FEA8, cid=3638, SUCCESS, logIndex=5146, commits[ed5d81fa-aaf0-49db-aa57-acca1dd387bd:c5148]
2019-09-10 22:12:24,383 [grpc-default-executor-0] INFO  client.GrpcClientProtocolClient (GrpcClientProtocolClient.java:onNext(255)) - client-0C76110B8A2B->ed5d81fa-aaf0-49db-aa57-acca1dd387bd: receive RaftClientReply:client-0C76110B8A2B->ed5d81fa-aaf0-49db-aa57-acca1dd387bd@group-729F0664FEA8, cid=3639, SUCCESS, logIndex=5147, commits[ed5d81fa-aaf0-49db-aa57-acca1dd387bd:c5149]
2019-09-10 22:12:24,383 [grpc-default-executor-0] INFO  client.GrpcClientProtocolClient (GrpcClientProtocolClient.java:onNext(255)) - client-0C76110B8A2B->ed5d81fa-aaf0-49db-aa57-acca1dd387bd: receive RaftClientReply:client-0C76110B8A2B->ed5d81fa-aaf0-49db-aa57-acca1dd387bd@group-729F0664FEA8, cid=3640, SUCCESS, logIndex=5148, commits[ed5d81fa-aaf0-49db-aa57-acca1dd387bd:c5149]
2019-09-10 22:12:24,414 [grpc-default-executor-1] INFO  client.GrpcClientProtocolClient (GrpcClientProtocolClient.java:onNext(255)) - client-0C76110B8A2B->ed5d81fa-aaf0-49db-aa57-acca1dd387bd: receive RaftClientReply:client-0C76110B8A2B->ed5d81fa-aaf0-49db-aa57-acca1dd387bd@group-729F0664FEA8, cid=3641, SUCCESS, logIndex=5151, commits[ed5d81fa-aaf0-49db-aa57-acca1dd387bd:c5154]
2019-09-10 22:12:24,414 [grpc-default-executor-1] INFO  client.GrpcClientProtocolClient (GrpcClientProtocolClient.java:onNext(255)) - client-0C76110B8A2B->ed5d81fa-aaf0-49db-aa57-acca1dd387bd: receive RaftClientReply:client-0C76110B8A2B->ed5d81fa-aaf0-49db-aa57-acca1dd387bd@group-729F0664FEA8, cid=3642, SUCCESS, logIndex=5152, commits[ed5d81fa-aaf0-49db-aa57-acca1dd387bd:c5155]
2019-09-10 22:12:24,414 [grpc-default-executor-1] INFO  client.GrpcClientProtocolClient (GrpcClientProtocolClient.java:onNext(255)) - client-0C76110B8A2B->ed5d81fa-aaf0-49db-aa57-acca1dd387bd: receive RaftClientReply:client-0C76110B8A2B->ed5d81fa-aaf0-49db-aa57-acca1dd387bd@group-729F0664FEA8, cid=3643, SUCCESS, logIndex=5153, commits[ed5d81fa-aaf0-49db-aa57-acca1dd387bd:c5155]
2019-09-10 22:12:24,414 [grpc-default-executor-1] INFO  client.GrpcClientProtocolClient (GrpcClientProtocolClient.java:onNext(255)) - client-0C76110B8A2B->ed5d81fa-aaf0-49db-aa57-acca1dd387bd: receive RaftClientReply:client-0C76110B8A2B->ed5d81fa-aaf0-49db-aa57-acca1dd387bd@group-729F0664FEA8, cid=3644, SUCCESS, logIndex=5154, commits[ed5d81fa-aaf0-49db-aa57-acca1dd387bd:c5155]
2019-09-10 22:12:24,434 [grpc-default-executor-1] INFO  client.GrpcClientProtocolClient (GrpcClientProtocolClient.java:onNext(255)) - client-0C76110B8A2B->ed5d81fa-aaf0-49db-aa57-acca1dd387bd: receive RaftClientReply:client-0C76110B8A2B->ed5d81fa-aaf0-49db-aa57-acca1dd387bd@group-729F0664FEA8, cid=3645, SUCCESS, logIndex=5156, commits[ed5d81fa-aaf0-49db-aa57-acca1dd387bd:c5159]
2019-09-10 22:12:24,434 [grpc-default-executor-1] INFO  client.GrpcClientProtocolClient (GrpcClientProtocolClient.java:onNext(255)) - client-0C76110B8A2B->ed5d81fa-aaf0-49db-aa57-acca1dd387bd: receive RaftClientReply:client-0C76110B8A2B->ed5d81fa-aaf0-49db-aa57-acca1dd387bd@group-729F0664FEA8, cid=3646, SUCCESS, logIndex=5157, commits[ed5d81fa-aaf0-49db-aa57-acca1dd387bd:c5160]
2019-09-10 22:12:24,435 [grpc-default-executor-1] INFO  client.GrpcClientProtocolClient (GrpcClientProtocolClient.java:onNext(255)) - client-0C76110B8A2B->ed5d81fa-aaf0-49db-aa57-acca1dd387bd: receive RaftClientReply:client-0C76110B8A2B->ed5d81fa-aaf0-49db-aa57-acca1dd387bd@group-729F0664FEA8, cid=3647, SUCCESS, logIndex=5158, commits[ed5d81fa-aaf0-49db-aa57-acca1dd387bd:c5160]
2019-09-10 22:12:24,435 [grpc-default-executor-1] INFO  client.GrpcClientProtocolClient (GrpcClientProtocolClient.java:onNext(255)) - client-0C76110B8A2B->ed5d81fa-aaf0-49db-aa57-acca1dd387bd: receive RaftClientReply:client-0C76110B8A2B->ed5d81fa-aaf0-49db-aa57-acca1dd387bd@group-729F0664FEA8, cid=3648, SUCCESS, logIndex=5159, commits[ed5d81fa-aaf0-49db-aa57-acca1dd387bd:c5160]
2019-09-10 22:12:24,453 [SCMBlockDeletingService#0] DEBUG block.SCMBlockDeletingService (SCMBlockDeletingService.java:call(138)) - Running DeletedBlockTransactionScanner
2019-09-10 22:12:24,453 [SCMBlockDeletingService#0] DEBUG block.SCMBlockDeletingService (SCMBlockDeletingService.java:call(155)) - Scanned deleted blocks log and got 0 delTX to process.
2019-09-10 22:12:24,465 [grpc-default-executor-0] INFO  client.GrpcClientProtocolClient (GrpcClientProtocolClient.java:onNext(255)) - client-0C76110B8A2B->ed5d81fa-aaf0-49db-aa57-acca1dd387bd: receive RaftClientReply:client-0C76110B8A2B->ed5d81fa-aaf0-49db-aa57-acca1dd387bd@group-729F0664FEA8, cid=3649, SUCCESS, logIndex=5161, commits[ed5d81fa-aaf0-49db-aa57-acca1dd387bd:c5164]
2019-09-10 22:12:24,466 [grpc-default-executor-0] INFO  client.GrpcClientProtocolClient (GrpcClientProtocolClient.java:onNext(255)) - client-0C76110B8A2B->ed5d81fa-aaf0-49db-aa57-acca1dd387bd: receive RaftClientReply:client-0C76110B8A2B->ed5d81fa-aaf0-49db-aa57-acca1dd387bd@group-729F0664FEA8, cid=3650, SUCCESS, logIndex=5162, commits[ed5d81fa-aaf0-49db-aa57-acca1dd387bd:c5165]
2019-09-10 22:12:24,466 [grpc-default-executor-0] INFO  client.GrpcClientProtocolClient (GrpcClientProtocolClient.java:onNext(255)) - client-0C76110B8A2B->ed5d81fa-aaf0-49db-aa57-acca1dd387bd: receive RaftClientReply:client-0C76110B8A2B->ed5d81fa-aaf0-49db-aa57-acca1dd387bd@group-729F0664FEA8, cid=3651, SUCCESS, logIndex=5163, commits[ed5d81fa-aaf0-49db-aa57-acca1dd387bd:c5165]
2019-09-10 22:12:24,467 [grpc-default-executor-0] INFO  client.GrpcClientProtocolClient (GrpcClientProtocolClient.java:onNext(255)) - client-0C76110B8A2B->ed5d81fa-aaf0-49db-aa57-acca1dd387bd: receive RaftClientReply:client-0C76110B8A2B->ed5d81fa-aaf0-49db-aa57-acca1dd387bd@group-729F0664FEA8, cid=3652, SUCCESS, logIndex=5164, commits[ed5d81fa-aaf0-49db-aa57-acca1dd387bd:c5165]
2019-09-10 22:12:24,487 [grpc-default-executor-0] INFO  client.GrpcClientProtocolClient (GrpcClientProtocolClient.java:onNext(255)) - client-0C76110B8A2B->ed5d81fa-aaf0-49db-aa57-acca1dd387bd: receive RaftClientReply:client-0C76110B8A2B->ed5d81fa-aaf0-49db-aa57-acca1dd387bd@group-729F0664FEA8, cid=3653, SUCCESS, logIndex=5166, commits[ed5d81fa-aaf0-49db-aa57-acca1dd387bd:c5169]
2019-09-10 22:12:24,487 [grpc-default-executor-0] INFO  client.GrpcClientProtocolClient (GrpcClientProtocolClient.java:onNext(255)) - client-0C76110B8A2B->ed5d81fa-aaf0-49db-aa57-acca1dd387bd: receive RaftClientReply:client-0C76110B8A2B->ed5d81fa-aaf0-49db-aa57-acca1dd387bd@group-729F0664FEA8, cid=3654, SUCCESS, logIndex=5167, commits[ed5d81fa-aaf0-49db-aa57-acca1dd387bd:c5169]
2019-09-10 22:12:24,487 [grpc-default-executor-0] INFO  client.GrpcClientProtocolClient (GrpcClientProtocolClient.java:onNext(255)) - client-0C76110B8A2B->ed5d81fa-aaf0-49db-aa57-acca1dd387bd: receive RaftClientReply:client-0C76110B8A2B->ed5d81fa-aaf0-49db-aa57-acca1dd387bd@group-729F0664FEA8, cid=3655, SUCCESS, logIndex=5168, commits[ed5d81fa-aaf0-49db-aa57-acca1dd387bd:c5170]
2019-09-10 22:12:24,488 [grpc-default-executor-0] INFO  client.GrpcClientProtocolClient (GrpcClientProtocolClient.java:onNext(255)) - client-0C76110B8A2B->ed5d81fa-aaf0-49db-aa57-acca1dd387bd: receive RaftClientReply:client-0C76110B8A2B->ed5d81fa-aaf0-49db-aa57-acca1dd387bd@group-729F0664FEA8, cid=3656, SUCCESS, logIndex=5169, commits[ed5d81fa-aaf0-49db-aa57-acca1dd387bd:c5170]
2019-09-10 22:12:24,515 [grpc-default-executor-0] INFO  client.GrpcClientProtocolClient (GrpcClientProtocolClient.java:onNext(255)) - client-0C76110B8A2B->ed5d81fa-aaf0-49db-aa57-acca1dd387bd: receive RaftClientReply:client-0C76110B8A2B->ed5d81fa-aaf0-49db-aa57-acca1dd387bd@group-729F0664FEA8, cid=3657, SUCCESS, logIndex=5171, commits[ed5d81fa-aaf0-49db-aa57-acca1dd387bd:c5172]
2019-09-10 22:12:24,516 [grpc-default-executor-0] INFO  client.GrpcClientProtocolClient (GrpcClientProtocolClient.java:onNext(255)) - client-0C76110B8A2B->ed5d81fa-aaf0-49db-aa57-acca1dd387bd: receive RaftClientReply:client-0C76110B8A2B->ed5d81fa-aaf0-49db-aa57-acca1dd387bd@group-729F0664FEA8, cid=3658, SUCCESS, logIndex=5172, commits[ed5d81fa-aaf0-49db-aa57-acca1dd387bd:c5174]
2019-09-10 22:12:24,516 [grpc-default-executor-0] INFO  client.GrpcClientProtocolClient (GrpcClientProtocolClient.java:onNext(255)) - client-0C76110B8A2B->ed5d81fa-aaf0-49db-aa57-acca1dd387bd: receive RaftClientReply:client-0C76110B8A2B->ed5d81fa-aaf0-49db-aa57-acca1dd387bd@group-729F0664FEA8, cid=3659, SUCCESS, logIndex=5173, commits[ed5d81fa-aaf0-49db-aa57-acca1dd387bd:c5175]
2019-09-10 22:12:24,516 [grpc-default-executor-0] INFO  client.GrpcClientProtocolClient (GrpcClientProtocolClient.java:onNext(255)) - client-0C76110B8A2B->ed5d81fa-aaf0-49db-aa57-acca1dd387bd: receive RaftClientReply:client-0C76110B8A2B->ed5d81fa-aaf0-49db-aa57-acca1dd387bd@group-729F0664FEA8, cid=3660, SUCCESS, logIndex=5174, commits[ed5d81fa-aaf0-49db-aa57-acca1dd387bd:c5176]
2019-09-10 22:12:24,535 [grpc-default-executor-0] INFO  client.GrpcClientProtocolClient (GrpcClientProtocolClient.java:onNext(255)) - client-0C76110B8A2B->ed5d81fa-aaf0-49db-aa57-acca1dd387bd: receive RaftClientReply:client-0C76110B8A2B->ed5d81fa-aaf0-49db-aa57-acca1dd387bd@group-729F0664FEA8, cid=3661, SUCCESS, logIndex=5177, commits[ed5d81fa-aaf0-49db-aa57-acca1dd387bd:c5178]
2019-09-10 22:12:24,535 [grpc-default-executor-0] INFO  client.GrpcClientProtocolClient (GrpcClientProtocolClient.java:onNext(255)) - client-0C76110B8A2B->ed5d81fa-aaf0-49db-aa57-acca1dd387bd: receive RaftClientReply:client-0C76110B8A2B->ed5d81fa-aaf0-49db-aa57-acca1dd387bd@group-729F0664FEA8, cid=3662, SUCCESS, logIndex=5178, commits[ed5d81fa-aaf0-49db-aa57-acca1dd387bd:c5180]
2019-09-10 22:12:24,536 [grpc-default-executor-0] INFO  client.GrpcClientProtocolClient (GrpcClientProtocolClient.java:onNext(255)) - client-0C76110B8A2B->ed5d81fa-aaf0-49db-aa57-acca1dd387bd: receive RaftClientReply:client-0C76110B8A2B->ed5d81fa-aaf0-49db-aa57-acca1dd387bd@group-729F0664FEA8, cid=3663, SUCCESS, logIndex=5179, commits[ed5d81fa-aaf0-49db-aa57-acca1dd387bd:c5180]
2019-09-10 22:12:24,536 [grpc-default-executor-0] INFO  client.GrpcClientProtocolClient (GrpcClientProtocolClient.java:onNext(255)) - client-0C76110B8A2B->ed5d81fa-aaf0-49db-aa57-acca1dd387bd: receive RaftClientReply:client-0C76110B8A2B->ed5d81fa-aaf0-49db-aa57-acca1dd387bd@group-729F0664FEA8, cid=3664, SUCCESS, logIndex=5180, commits[ed5d81fa-aaf0-49db-aa57-acca1dd387bd:c5181]
2019-09-10 22:12:24,553 [SCMBlockDeletingService#0] DEBUG block.SCMBlockDeletingService (SCMBlockDeletingService.java:call(138)) - Running DeletedBlockTransactionScanner
2019-09-10 22:12:24,554 [SCMBlockDeletingService#0] DEBUG block.SCMBlockDeletingService (SCMBlockDeletingService.java:call(155)) - Scanned deleted blocks log and got 0 delTX to process.
2019-09-10 22:12:24,564 [grpc-default-executor-0] INFO  client.GrpcClientProtocolClient (GrpcClientProtocolClient.java:onNext(255)) - client-0C76110B8A2B->ed5d81fa-aaf0-49db-aa57-acca1dd387bd: receive RaftClientReply:client-0C76110B8A2B->ed5d81fa-aaf0-49db-aa57-acca1dd387bd@group-729F0664FEA8, cid=3665, SUCCESS, logIndex=5183, commits[ed5d81fa-aaf0-49db-aa57-acca1dd387bd:c5186]
2019-09-10 22:12:24,564 [grpc-default-executor-0] INFO  client.GrpcClientProtocolClient (GrpcClientProtocolClient.java:onNext(255)) - client-0C76110B8A2B->ed5d81fa-aaf0-49db-aa57-acca1dd387bd: receive RaftClientReply:client-0C76110B8A2B->ed5d81fa-aaf0-49db-aa57-acca1dd387bd@group-729F0664FEA8, cid=3666, SUCCESS, logIndex=5184, commits[ed5d81fa-aaf0-49db-aa57-acca1dd387bd:c5187]
2019-09-10 22:12:24,564 [grpc-default-executor-0] INFO  client.GrpcClientProtocolClient (GrpcClientProtocolClient.java:onNext(255)) - client-0C76110B8A2B->ed5d81fa-aaf0-49db-aa57-acca1dd387bd: receive RaftClientReply:client-0C76110B8A2B->ed5d81fa-aaf0-49db-aa57-acca1dd387bd@group-729F0664FEA8, cid=3667, SUCCESS, logIndex=5185, commits[ed5d81fa-aaf0-49db-aa57-acca1dd387bd:c5187]
2019-09-10 22:12:24,564 [grpc-default-executor-0] INFO  client.GrpcClientProtocolClient (GrpcClientProtocolClient.java:onNext(255)) - client-0C76110B8A2B->ed5d81fa-aaf0-49db-aa57-acca1dd387bd: receive RaftClientReply:client-0C76110B8A2B->ed5d81fa-aaf0-49db-aa57-acca1dd387bd@group-729F0664FEA8, cid=3668, SUCCESS, logIndex=5186, commits[ed5d81fa-aaf0-49db-aa57-acca1dd387bd:c5187]
2019-09-10 22:12:24,654 [SCMBlockDeletingService#0] DEBUG block.SCMBlockDeletingService (SCMBlockDeletingService.java:call(138)) - Running DeletedBlockTransactionScanner
2019-09-10 22:12:24,654 [SCMBlockDeletingService#0] DEBUG block.SCMBlockDeletingService (SCMBlockDeletingService.java:call(155)) - Scanned deleted blocks log and got 0 delTX to process.
2019-09-10 22:12:24,674 [grpc-default-executor-0] INFO  client.GrpcClientProtocolClient (GrpcClientProtocolClient.java:onNext(255)) - client-0C76110B8A2B->ed5d81fa-aaf0-49db-aa57-acca1dd387bd: receive RaftClientReply:client-0C76110B8A2B->ed5d81fa-aaf0-49db-aa57-acca1dd387bd@group-729F0664FEA8, cid=3669, SUCCESS, logIndex=5188, commits[ed5d81fa-aaf0-49db-aa57-acca1dd387bd:c5191]
2019-09-10 22:12:24,675 [grpc-default-executor-0] INFO  client.GrpcClientProtocolClient (GrpcClientProtocolClient.java:onNext(255)) - client-0C76110B8A2B->ed5d81fa-aaf0-49db-aa57-acca1dd387bd: receive RaftClientReply:client-0C76110B8A2B->ed5d81fa-aaf0-49db-aa57-acca1dd387bd@group-729F0664FEA8, cid=3670, SUCCESS, logIndex=5189, commits[ed5d81fa-aaf0-49db-aa57-acca1dd387bd:c5192]
2019-09-10 22:12:24,675 [grpc-default-executor-0] INFO  client.GrpcClientProtocolClient (GrpcClientProtocolClient.java:onNext(255)) - client-0C76110B8A2B->ed5d81fa-aaf0-49db-aa57-acca1dd387bd: receive RaftClientReply:client-0C76110B8A2B->ed5d81fa-aaf0-49db-aa57-acca1dd387bd@group-729F0664FEA8, cid=3671, SUCCESS, logIndex=5190, commits[ed5d81fa-aaf0-49db-aa57-acca1dd387bd:c5192]
2019-09-10 22:12:24,675 [grpc-default-executor-0] INFO  client.GrpcClientProtocolClient (GrpcClientProtocolClient.java:onNext(255)) - client-0C76110B8A2B->ed5d81fa-aaf0-49db-aa57-acca1dd387bd: receive RaftClientReply:client-0C76110B8A2B->ed5d81fa-aaf0-49db-aa57-acca1dd387bd@group-729F0664FEA8, cid=3672, SUCCESS, logIndex=5191, commits[ed5d81fa-aaf0-49db-aa57-acca1dd387bd:c5192]
2019-09-10 22:12:24,705 [grpc-default-executor-0] INFO  client.GrpcClientProtocolClient (GrpcClientProtocolClient.java:onNext(255)) - client-0C76110B8A2B->ed5d81fa-aaf0-49db-aa57-acca1dd387bd: receive RaftClientReply:client-0C76110B8A2B->ed5d81fa-aaf0-49db-aa57-acca1dd387bd@group-729F0664FEA8, cid=3673, SUCCESS, logIndex=5193, commits[ed5d81fa-aaf0-49db-aa57-acca1dd387bd:c5196]
2019-09-10 22:12:24,706 [grpc-default-executor-0] INFO  client.GrpcClientProtocolClient (GrpcClientProtocolClient.java:onNext(255)) - client-0C76110B8A2B->ed5d81fa-aaf0-49db-aa57-acca1dd387bd: receive RaftClientReply:client-0C76110B8A2B->ed5d81fa-aaf0-49db-aa57-acca1dd387bd@group-729F0664FEA8, cid=3674, SUCCESS, logIndex=5194, commits[ed5d81fa-aaf0-49db-aa57-acca1dd387bd:c5196]
2019-09-10 22:12:24,706 [grpc-default-executor-0] INFO  client.GrpcClientProtocolClient (GrpcClientProtocolClient.java:onNext(255)) - client-0C76110B8A2B->ed5d81fa-aaf0-49db-aa57-acca1dd387bd: receive RaftClientReply:client-0C76110B8A2B->ed5d81fa-aaf0-49db-aa57-acca1dd387bd@group-729F0664FEA8, cid=3675, SUCCESS, logIndex=5195, commits[ed5d81fa-aaf0-49db-aa57-acca1dd387bd:c5196]
2019-09-10 22:12:24,706 [grpc-default-executor-0] INFO  client.GrpcClientProtocolClient (GrpcClientProtocolClient.java:onNext(255)) - client-0C76110B8A2B->ed5d81fa-aaf0-49db-aa57-acca1dd387bd: receive RaftClientReply:client-0C76110B8A2B->ed5d81fa-aaf0-49db-aa57-acca1dd387bd@group-729F0664FEA8, cid=3676, SUCCESS, logIndex=5196, commits[ed5d81fa-aaf0-49db-aa57-acca1dd387bd:c5196]
2019-09-10 22:12:24,725 [grpc-default-executor-1] INFO  client.GrpcClientProtocolClient (GrpcClientProtocolClient.java:onNext(255)) - client-0C76110B8A2B->ed5d81fa-aaf0-49db-aa57-acca1dd387bd: receive RaftClientReply:client-0C76110B8A2B->ed5d81fa-aaf0-49db-aa57-acca1dd387bd@group-729F0664FEA8, cid=3677, SUCCESS, logIndex=5198, commits[ed5d81fa-aaf0-49db-aa57-acca1dd387bd:c5201]
2019-09-10 22:12:24,725 [grpc-default-executor-1] INFO  client.GrpcClientProtocolClient (GrpcClientProtocolClient.java:onNext(255)) - client-0C76110B8A2B->ed5d81fa-aaf0-49db-aa57-acca1dd387bd: receive RaftClientReply:client-0C76110B8A2B->ed5d81fa-aaf0-49db-aa57-acca1dd387bd@group-729F0664FEA8, cid=3678, SUCCESS, logIndex=5199, commits[ed5d81fa-aaf0-49db-aa57-acca1dd387bd:c5201]
2019-09-10 22:12:24,726 [grpc-default-executor-1] INFO  client.GrpcClientProtocolClient (GrpcClientProtocolClient.java:onNext(255)) - client-0C76110B8A2B->ed5d81fa-aaf0-49db-aa57-acca1dd387bd: receive RaftClientReply:client-0C76110B8A2B->ed5d81fa-aaf0-49db-aa57-acca1dd387bd@group-729F0664FEA8, cid=3679, SUCCESS, logIndex=5200, commits[ed5d81fa-aaf0-49db-aa57-acca1dd387bd:c5202]
2019-09-10 22:12:24,726 [grpc-default-executor-1] INFO  client.GrpcClientProtocolClient (GrpcClientProtocolClient.java:onNext(255)) - client-0C76110B8A2B->ed5d81fa-aaf0-49db-aa57-acca1dd387bd: receive RaftClientReply:client-0C76110B8A2B->ed5d81fa-aaf0-49db-aa57-acca1dd387bd@group-729F0664FEA8, cid=3680, SUCCESS, logIndex=5201, commits[ed5d81fa-aaf0-49db-aa57-acca1dd387bd:c5202]
2019-09-10 22:12:24,753 [grpc-default-executor-0] INFO  client.GrpcClientProtocolClient (GrpcClientProtocolClient.java:onNext(255)) - client-0C76110B8A2B->ed5d81fa-aaf0-49db-aa57-acca1dd387bd: receive RaftClientReply:client-0C76110B8A2B->ed5d81fa-aaf0-49db-aa57-acca1dd387bd@group-729F0664FEA8, cid=3681, SUCCESS, logIndex=5203, commits[ed5d81fa-aaf0-49db-aa57-acca1dd387bd:c5207]
2019-09-10 22:12:24,754 [SCMBlockDeletingService#0] DEBUG block.SCMBlockDeletingService (SCMBlockDeletingService.java:call(138)) - Running DeletedBlockTransactionScanner
2019-09-10 22:12:24,755 [SCMBlockDeletingService#0] DEBUG block.SCMBlockDeletingService (SCMBlockDeletingService.java:call(155)) - Scanned deleted blocks log and got 0 delTX to process.
2019-09-10 22:12:24,756 [grpc-default-executor-0] INFO  client.GrpcClientProtocolClient (GrpcClientProtocolClient.java:onNext(255)) - client-0C76110B8A2B->ed5d81fa-aaf0-49db-aa57-acca1dd387bd: receive RaftClientReply:client-0C76110B8A2B->ed5d81fa-aaf0-49db-aa57-acca1dd387bd@group-729F0664FEA8, cid=3682, SUCCESS, logIndex=5204, commits[ed5d81fa-aaf0-49db-aa57-acca1dd387bd:c5208]
2019-09-10 22:12:24,757 [grpc-default-executor-0] INFO  client.GrpcClientProtocolClient (GrpcClientProtocolClient.java:onNext(255)) - client-0C76110B8A2B->ed5d81fa-aaf0-49db-aa57-acca1dd387bd: receive RaftClientReply:client-0C76110B8A2B->ed5d81fa-aaf0-49db-aa57-acca1dd387bd@group-729F0664FEA8, cid=3683, SUCCESS, logIndex=5205, commits[ed5d81fa-aaf0-49db-aa57-acca1dd387bd:c5208]
2019-09-10 22:12:24,760 [grpc-default-executor-0] INFO  client.GrpcClientProtocolClient (GrpcClientProtocolClient.java:onNext(255)) - client-0C76110B8A2B->ed5d81fa-aaf0-49db-aa57-acca1dd387bd: receive RaftClientReply:client-0C76110B8A2B->ed5d81fa-aaf0-49db-aa57-acca1dd387bd@group-729F0664FEA8, cid=3684, SUCCESS, logIndex=5206, commits[ed5d81fa-aaf0-49db-aa57-acca1dd387bd:c5208]
2019-09-10 22:12:24,780 [grpc-default-executor-1] INFO  client.GrpcClientProtocolClient (GrpcClientProtocolClient.java:onNext(255)) - client-0C76110B8A2B->ed5d81fa-aaf0-49db-aa57-acca1dd387bd: receive RaftClientReply:client-0C76110B8A2B->ed5d81fa-aaf0-49db-aa57-acca1dd387bd@group-729F0664FEA8, cid=3685, SUCCESS, logIndex=5209, commits[ed5d81fa-aaf0-49db-aa57-acca1dd387bd:c5212]
2019-09-10 22:12:24,781 [grpc-default-executor-1] INFO  client.GrpcClientProtocolClient (GrpcClientProtocolClient.java:onNext(255)) - client-0C76110B8A2B->ed5d81fa-aaf0-49db-aa57-acca1dd387bd: receive RaftClientReply:client-0C76110B8A2B->ed5d81fa-aaf0-49db-aa57-acca1dd387bd@group-729F0664FEA8, cid=3686, SUCCESS, logIndex=5210, commits[ed5d81fa-aaf0-49db-aa57-acca1dd387bd:c5212]
2019-09-10 22:12:24,781 [grpc-default-executor-1] INFO  client.GrpcClientProtocolClient (GrpcClientProtocolClient.java:onNext(255)) - client-0C76110B8A2B->ed5d81fa-aaf0-49db-aa57-acca1dd387bd: receive RaftClientReply:client-0C76110B8A2B->ed5d81fa-aaf0-49db-aa57-acca1dd387bd@group-729F0664FEA8, cid=3687, SUCCESS, logIndex=5211, commits[ed5d81fa-aaf0-49db-aa57-acca1dd387bd:c5213]
2019-09-10 22:12:24,781 [grpc-default-executor-1] INFO  client.GrpcClientProtocolClient (GrpcClientProtocolClient.java:onNext(255)) - client-0C76110B8A2B->ed5d81fa-aaf0-49db-aa57-acca1dd387bd: receive RaftClientReply:client-0C76110B8A2B->ed5d81fa-aaf0-49db-aa57-acca1dd387bd@group-729F0664FEA8, cid=3688, SUCCESS, logIndex=5212, commits[ed5d81fa-aaf0-49db-aa57-acca1dd387bd:c5213]
2019-09-10 22:12:24,810 [grpc-default-executor-0] INFO  client.GrpcClientProtocolClient (GrpcClientProtocolClient.java:onNext(255)) - client-0C76110B8A2B->ed5d81fa-aaf0-49db-aa57-acca1dd387bd: receive RaftClientReply:client-0C76110B8A2B->ed5d81fa-aaf0-49db-aa57-acca1dd387bd@group-729F0664FEA8, cid=3689, SUCCESS, logIndex=5214, commits[ed5d81fa-aaf0-49db-aa57-acca1dd387bd:c5217]
2019-09-10 22:12:24,811 [grpc-default-executor-0] INFO  client.GrpcClientProtocolClient (GrpcClientProtocolClient.java:onNext(255)) - client-0C76110B8A2B->ed5d81fa-aaf0-49db-aa57-acca1dd387bd: receive RaftClientReply:client-0C76110B8A2B->ed5d81fa-aaf0-49db-aa57-acca1dd387bd@group-729F0664FEA8, cid=3690, SUCCESS, logIndex=5215, commits[ed5d81fa-aaf0-49db-aa57-acca1dd387bd:c5217]
2019-09-10 22:12:24,811 [grpc-default-executor-0] INFO  client.GrpcClientProtocolClient (GrpcClientProtocolClient.java:onNext(255)) - client-0C76110B8A2B->ed5d81fa-aaf0-49db-aa57-acca1dd387bd: receive RaftClientReply:client-0C76110B8A2B->ed5d81fa-aaf0-49db-aa57-acca1dd387bd@group-729F0664FEA8, cid=3691, SUCCESS, logIndex=5216, commits[ed5d81fa-aaf0-49db-aa57-acca1dd387bd:c5218]
2019-09-10 22:12:24,811 [grpc-default-executor-0] INFO  client.GrpcClientProtocolClient (GrpcClientProtocolClient.java:onNext(255)) - client-0C76110B8A2B->ed5d81fa-aaf0-49db-aa57-acca1dd387bd: receive RaftClientReply:client-0C76110B8A2B->ed5d81fa-aaf0-49db-aa57-acca1dd387bd@group-729F0664FEA8, cid=3692, SUCCESS, logIndex=5217, commits[ed5d81fa-aaf0-49db-aa57-acca1dd387bd:c5218]
2019-09-10 22:12:24,830 [grpc-default-executor-1] INFO  client.GrpcClientProtocolClient (GrpcClientProtocolClient.java:onNext(255)) - client-0C76110B8A2B->ed5d81fa-aaf0-49db-aa57-acca1dd387bd: receive RaftClientReply:client-0C76110B8A2B->ed5d81fa-aaf0-49db-aa57-acca1dd387bd@group-729F0664FEA8, cid=3693, SUCCESS, logIndex=5219, commits[ed5d81fa-aaf0-49db-aa57-acca1dd387bd:c5222]
2019-09-10 22:12:24,831 [grpc-default-executor-1] INFO  client.GrpcClientProtocolClient (GrpcClientProtocolClient.java:onNext(255)) - client-0C76110B8A2B->ed5d81fa-aaf0-49db-aa57-acca1dd387bd: receive RaftClientReply:client-0C76110B8A2B->ed5d81fa-aaf0-49db-aa57-acca1dd387bd@group-729F0664FEA8, cid=3694, SUCCESS, logIndex=5220, commits[ed5d81fa-aaf0-49db-aa57-acca1dd387bd:c5222]
2019-09-10 22:12:24,831 [grpc-default-executor-1] INFO  client.GrpcClientProtocolClient (GrpcClientProtocolClient.java:onNext(255)) - client-0C76110B8A2B->ed5d81fa-aaf0-49db-aa57-acca1dd387bd: receive RaftClientReply:client-0C76110B8A2B->ed5d81fa-aaf0-49db-aa57-acca1dd387bd@group-729F0664FEA8, cid=3695, SUCCESS, logIndex=5221, commits[ed5d81fa-aaf0-49db-aa57-acca1dd387bd:c5223]
2019-09-10 22:12:24,831 [grpc-default-executor-1] INFO  client.GrpcClientProtocolClient (GrpcClientProtocolClient.java:onNext(255)) - client-0C76110B8A2B->ed5d81fa-aaf0-49db-aa57-acca1dd387bd: receive RaftClientReply:client-0C76110B8A2B->ed5d81fa-aaf0-49db-aa57-acca1dd387bd@group-729F0664FEA8, cid=3696, SUCCESS, logIndex=5222, commits[ed5d81fa-aaf0-49db-aa57-acca1dd387bd:c5223]
2019-09-10 22:12:24,913 [SCMBlockDeletingService#0] DEBUG block.SCMBlockDeletingService (SCMBlockDeletingService.java:call(138)) - Running DeletedBlockTransactionScanner
2019-09-10 22:12:24,913 [SCMBlockDeletingService#0] DEBUG block.SCMBlockDeletingService (SCMBlockDeletingService.java:call(155)) - Scanned deleted blocks log and got 0 delTX to process.
2019-09-10 22:12:24,930 [grpc-default-executor-1] INFO  client.GrpcClientProtocolClient (GrpcClientProtocolClient.java:onNext(255)) - client-0C76110B8A2B->ed5d81fa-aaf0-49db-aa57-acca1dd387bd: receive RaftClientReply:client-0C76110B8A2B->ed5d81fa-aaf0-49db-aa57-acca1dd387bd@group-729F0664FEA8, cid=3697, SUCCESS, logIndex=5224, commits[ed5d81fa-aaf0-49db-aa57-acca1dd387bd:c5227]
2019-09-10 22:12:24,931 [grpc-default-executor-1] INFO  client.GrpcClientProtocolClient (GrpcClientProtocolClient.java:onNext(255)) - client-0C76110B8A2B->ed5d81fa-aaf0-49db-aa57-acca1dd387bd: receive RaftClientReply:client-0C76110B8A2B->ed5d81fa-aaf0-49db-aa57-acca1dd387bd@group-729F0664FEA8, cid=3698, SUCCESS, logIndex=5225, commits[ed5d81fa-aaf0-49db-aa57-acca1dd387bd:c5228]
2019-09-10 22:12:24,931 [grpc-default-executor-1] INFO  client.GrpcClientProtocolClient (GrpcClientProtocolClient.java:onNext(255)) - client-0C76110B8A2B->ed5d81fa-aaf0-49db-aa57-acca1dd387bd: receive RaftClientReply:client-0C76110B8A2B->ed5d81fa-aaf0-49db-aa57-acca1dd387bd@group-729F0664FEA8, cid=3699, SUCCESS, logIndex=5226, commits[ed5d81fa-aaf0-49db-aa57-acca1dd387bd:c5228]
2019-09-10 22:12:24,931 [grpc-default-executor-1] INFO  client.GrpcClientProtocolClient (GrpcClientProtocolClient.java:onNext(255)) - client-0C76110B8A2B->ed5d81fa-aaf0-49db-aa57-acca1dd387bd: receive RaftClientReply:client-0C76110B8A2B->ed5d81fa-aaf0-49db-aa57-acca1dd387bd@group-729F0664FEA8, cid=3700, SUCCESS, logIndex=5227, commits[ed5d81fa-aaf0-49db-aa57-acca1dd387bd:c5228]
2019-09-10 22:12:24,956 [grpc-default-executor-1] INFO  client.GrpcClientProtocolClient (GrpcClientProtocolClient.java:onNext(255)) - client-0C76110B8A2B->ed5d81fa-aaf0-49db-aa57-acca1dd387bd: receive RaftClientReply:client-0C76110B8A2B->ed5d81fa-aaf0-49db-aa57-acca1dd387bd@group-729F0664FEA8, cid=3701, SUCCESS, logIndex=5229, commits[ed5d81fa-aaf0-49db-aa57-acca1dd387bd:c5232]
2019-09-10 22:12:24,957 [grpc-default-executor-1] INFO  client.GrpcClientProtocolClient (GrpcClientProtocolClient.java:onNext(255)) - client-0C76110B8A2B->ed5d81fa-aaf0-49db-aa57-acca1dd387bd: receive RaftClientReply:client-0C76110B8A2B->ed5d81fa-aaf0-49db-aa57-acca1dd387bd@group-729F0664FEA8, cid=3702, SUCCESS, logIndex=5230, commits[ed5d81fa-aaf0-49db-aa57-acca1dd387bd:c5232]
2019-09-10 22:12:24,957 [grpc-default-executor-1] INFO  client.GrpcClientProtocolClient (GrpcClientProtocolClient.java:onNext(255)) - client-0C76110B8A2B->ed5d81fa-aaf0-49db-aa57-acca1dd387bd: receive RaftClientReply:client-0C76110B8A2B->ed5d81fa-aaf0-49db-aa57-acca1dd387bd@group-729F0664FEA8, cid=3703, SUCCESS, logIndex=5231, commits[ed5d81fa-aaf0-49db-aa57-acca1dd387bd:c5232]
2019-09-10 22:12:24,957 [grpc-default-executor-1] INFO  client.GrpcClientProtocolClient (GrpcClientProtocolClient.java:onNext(255)) - client-0C76110B8A2B->ed5d81fa-aaf0-49db-aa57-acca1dd387bd: receive RaftClientReply:client-0C76110B8A2B->ed5d81fa-aaf0-49db-aa57-acca1dd387bd@group-729F0664FEA8, cid=3704, SUCCESS, logIndex=5232, commits[ed5d81fa-aaf0-49db-aa57-acca1dd387bd:c5233]
2019-09-10 22:12:24,986 [grpc-default-executor-0] INFO  client.GrpcClientProtocolClient (GrpcClientProtocolClient.java:onNext(255)) - client-0C76110B8A2B->ed5d81fa-aaf0-49db-aa57-acca1dd387bd: receive RaftClientReply:client-0C76110B8A2B->ed5d81fa-aaf0-49db-aa57-acca1dd387bd@group-729F0664FEA8, cid=3705, SUCCESS, logIndex=5234, commits[ed5d81fa-aaf0-49db-aa57-acca1dd387bd:c5235]
2019-09-10 22:12:24,986 [grpc-default-executor-0] INFO  client.GrpcClientProtocolClient (GrpcClientProtocolClient.java:onNext(255)) - client-0C76110B8A2B->ed5d81fa-aaf0-49db-aa57-acca1dd387bd: receive RaftClientReply:client-0C76110B8A2B->ed5d81fa-aaf0-49db-aa57-acca1dd387bd@group-729F0664FEA8, cid=3706, SUCCESS, logIndex=5235, commits[ed5d81fa-aaf0-49db-aa57-acca1dd387bd:c5235]
2019-09-10 22:12:24,988 [grpc-default-executor-0] INFO  client.GrpcClientProtocolClient (GrpcClientProtocolClient.java:onNext(255)) - client-0C76110B8A2B->ed5d81fa-aaf0-49db-aa57-acca1dd387bd: receive RaftClientReply:client-0C76110B8A2B->ed5d81fa-aaf0-49db-aa57-acca1dd387bd@group-729F0664FEA8, cid=3707, SUCCESS, logIndex=5236, commits[ed5d81fa-aaf0-49db-aa57-acca1dd387bd:c5237]
2019-09-10 22:12:24,988 [grpc-default-executor-0] INFO  client.GrpcClientProtocolClient (GrpcClientProtocolClient.java:onNext(255)) - client-0C76110B8A2B->ed5d81fa-aaf0-49db-aa57-acca1dd387bd: receive RaftClientReply:client-0C76110B8A2B->ed5d81fa-aaf0-49db-aa57-acca1dd387bd@group-729F0664FEA8, cid=3708, SUCCESS, logIndex=5237, commits[ed5d81fa-aaf0-49db-aa57-acca1dd387bd:c5237]
2019-09-10 22:12:25,001 [grpc-default-executor-0] INFO  client.GrpcClientProtocolClient (GrpcClientProtocolClient.java:onNext(255)) - client-0C76110B8A2B->ed5d81fa-aaf0-49db-aa57-acca1dd387bd: receive RaftClientReply:client-0C76110B8A2B->ed5d81fa-aaf0-49db-aa57-acca1dd387bd@group-729F0664FEA8, cid=3709, SUCCESS, logIndex=5240, commits[ed5d81fa-aaf0-49db-aa57-acca1dd387bd:c5243]
2019-09-10 22:12:25,001 [grpc-default-executor-0] INFO  client.GrpcClientProtocolClient (GrpcClientProtocolClient.java:onNext(255)) - client-0C76110B8A2B->ed5d81fa-aaf0-49db-aa57-acca1dd387bd: receive RaftClientReply:client-0C76110B8A2B->ed5d81fa-aaf0-49db-aa57-acca1dd387bd@group-729F0664FEA8, cid=3710, SUCCESS, logIndex=5241, commits[ed5d81fa-aaf0-49db-aa57-acca1dd387bd:c5243]
2019-09-10 22:12:25,001 [grpc-default-executor-0] INFO  client.GrpcClientProtocolClient (GrpcClientProtocolClient.java:onNext(255)) - client-0C76110B8A2B->ed5d81fa-aaf0-49db-aa57-acca1dd387bd: receive RaftClientReply:client-0C76110B8A2B->ed5d81fa-aaf0-49db-aa57-acca1dd387bd@group-729F0664FEA8, cid=3711, SUCCESS, logIndex=5242, commits[ed5d81fa-aaf0-49db-aa57-acca1dd387bd:c5243]
2019-09-10 22:12:25,002 [grpc-default-executor-0] INFO  client.GrpcClientProtocolClient (GrpcClientProtocolClient.java:onNext(255)) - client-0C76110B8A2B->ed5d81fa-aaf0-49db-aa57-acca1dd387bd: receive RaftClientReply:client-0C76110B8A2B->ed5d81fa-aaf0-49db-aa57-acca1dd387bd@group-729F0664FEA8, cid=3712, SUCCESS, logIndex=5243, commits[ed5d81fa-aaf0-49db-aa57-acca1dd387bd:c5243]
2019-09-10 22:12:25,014 [SCMBlockDeletingService#0] DEBUG block.SCMBlockDeletingService (SCMBlockDeletingService.java:call(138)) - Running DeletedBlockTransactionScanner
2019-09-10 22:12:25,014 [SCMBlockDeletingService#0] DEBUG block.SCMBlockDeletingService (SCMBlockDeletingService.java:call(155)) - Scanned deleted blocks log and got 0 delTX to process.
2019-09-10 22:12:25,114 [SCMBlockDeletingService#0] DEBUG block.SCMBlockDeletingService (SCMBlockDeletingService.java:call(138)) - Running DeletedBlockTransactionScanner
2019-09-10 22:12:25,114 [SCMBlockDeletingService#0] DEBUG block.SCMBlockDeletingService (SCMBlockDeletingService.java:call(155)) - Scanned deleted blocks log and got 0 delTX to process.
2019-09-10 22:12:25,129 [grpc-default-executor-0] INFO  client.GrpcClientProtocolClient (GrpcClientProtocolClient.java:onNext(255)) - client-0C76110B8A2B->ed5d81fa-aaf0-49db-aa57-acca1dd387bd: receive RaftClientReply:client-0C76110B8A2B->ed5d81fa-aaf0-49db-aa57-acca1dd387bd@group-729F0664FEA8, cid=3713, SUCCESS, logIndex=5245, commits[ed5d81fa-aaf0-49db-aa57-acca1dd387bd:c5246]
2019-09-10 22:12:25,129 [grpc-default-executor-0] INFO  client.GrpcClientProtocolClient (GrpcClientProtocolClient.java:onNext(255)) - client-0C76110B8A2B->ed5d81fa-aaf0-49db-aa57-acca1dd387bd: receive RaftClientReply:client-0C76110B8A2B->ed5d81fa-aaf0-49db-aa57-acca1dd387bd@group-729F0664FEA8, cid=3714, SUCCESS, logIndex=5246, commits[ed5d81fa-aaf0-49db-aa57-acca1dd387bd:c5248]
2019-09-10 22:12:25,130 [grpc-default-executor-0] INFO  client.GrpcClientProtocolClient (GrpcClientProtocolClient.java:onNext(255)) - client-0C76110B8A2B->ed5d81fa-aaf0-49db-aa57-acca1dd387bd: receive RaftClientReply:client-0C76110B8A2B->ed5d81fa-aaf0-49db-aa57-acca1dd387bd@group-729F0664FEA8, cid=3715, SUCCESS, logIndex=5247, commits[ed5d81fa-aaf0-49db-aa57-acca1dd387bd:c5248]
2019-09-10 22:12:25,130 [grpc-default-executor-0] INFO  client.GrpcClientProtocolClient (GrpcClientProtocolClient.java:onNext(255)) - client-0C76110B8A2B->ed5d81fa-aaf0-49db-aa57-acca1dd387bd: receive RaftClientReply:client-0C76110B8A2B->ed5d81fa-aaf0-49db-aa57-acca1dd387bd@group-729F0664FEA8, cid=3716, SUCCESS, logIndex=5248, commits[ed5d81fa-aaf0-49db-aa57-acca1dd387bd:c5249]
2019-09-10 22:12:25,151 [grpc-default-executor-0] INFO  client.GrpcClientProtocolClient (GrpcClientProtocolClient.java:onNext(255)) - client-0C76110B8A2B->ed5d81fa-aaf0-49db-aa57-acca1dd387bd: receive RaftClientReply:client-0C76110B8A2B->ed5d81fa-aaf0-49db-aa57-acca1dd387bd@group-729F0664FEA8, cid=3717, SUCCESS, logIndex=5251, commits[ed5d81fa-aaf0-49db-aa57-acca1dd387bd:c5254]
2019-09-10 22:12:25,151 [grpc-default-executor-0] INFO  client.GrpcClientProtocolClient (GrpcClientProtocolClient.java:onNext(255)) - client-0C76110B8A2B->ed5d81fa-aaf0-49db-aa57-acca1dd387bd: receive RaftClientReply:client-0C76110B8A2B->ed5d81fa-aaf0-49db-aa57-acca1dd387bd@group-729F0664FEA8, cid=3718, SUCCESS, logIndex=5252, commits[ed5d81fa-aaf0-49db-aa57-acca1dd387bd:c5255]
2019-09-10 22:12:25,151 [grpc-default-executor-0] INFO  client.GrpcClientProtocolClient (GrpcClientProtocolClient.java:onNext(255)) - client-0C76110B8A2B->ed5d81fa-aaf0-49db-aa57-acca1dd387bd: receive RaftClientReply:client-0C76110B8A2B->ed5d81fa-aaf0-49db-aa57-acca1dd387bd@group-729F0664FEA8, cid=3719, SUCCESS, logIndex=5253, commits[ed5d81fa-aaf0-49db-aa57-acca1dd387bd:c5255]
2019-09-10 22:12:25,151 [grpc-default-executor-0] INFO  client.GrpcClientProtocolClient (GrpcClientProtocolClient.java:onNext(255)) - client-0C76110B8A2B->ed5d81fa-aaf0-49db-aa57-acca1dd387bd: receive RaftClientReply:client-0C76110B8A2B->ed5d81fa-aaf0-49db-aa57-acca1dd387bd@group-729F0664FEA8, cid=3720, SUCCESS, logIndex=5254, commits[ed5d81fa-aaf0-49db-aa57-acca1dd387bd:c5255]
2019-09-10 22:12:25,183 [grpc-default-executor-0] INFO  client.GrpcClientProtocolClient (GrpcClientProtocolClient.java:onNext(255)) - client-0C76110B8A2B->ed5d81fa-aaf0-49db-aa57-acca1dd387bd: receive RaftClientReply:client-0C76110B8A2B->ed5d81fa-aaf0-49db-aa57-acca1dd387bd@group-729F0664FEA8, cid=3721, SUCCESS, logIndex=5256, commits[ed5d81fa-aaf0-49db-aa57-acca1dd387bd:c5259]
2019-09-10 22:12:25,183 [grpc-default-executor-0] INFO  client.GrpcClientProtocolClient (GrpcClientProtocolClient.java:onNext(255)) - client-0C76110B8A2B->ed5d81fa-aaf0-49db-aa57-acca1dd387bd: receive RaftClientReply:client-0C76110B8A2B->ed5d81fa-aaf0-49db-aa57-acca1dd387bd@group-729F0664FEA8, cid=3722, SUCCESS, logIndex=5257, commits[ed5d81fa-aaf0-49db-aa57-acca1dd387bd:c5260]
2019-09-10 22:12:25,183 [grpc-default-executor-0] INFO  client.GrpcClientProtocolClient (GrpcClientProtocolClient.java:onNext(255)) - client-0C76110B8A2B->ed5d81fa-aaf0-49db-aa57-acca1dd387bd: receive RaftClientReply:client-0C76110B8A2B->ed5d81fa-aaf0-49db-aa57-acca1dd387bd@group-729F0664FEA8, cid=3723, SUCCESS, logIndex=5258, commits[ed5d81fa-aaf0-49db-aa57-acca1dd387bd:c5260]
2019-09-10 22:12:25,183 [grpc-default-executor-0] INFO  client.GrpcClientProtocolClient (GrpcClientProtocolClient.java:onNext(255)) - client-0C76110B8A2B->ed5d81fa-aaf0-49db-aa57-acca1dd387bd: receive RaftClientReply:client-0C76110B8A2B->ed5d81fa-aaf0-49db-aa57-acca1dd387bd@group-729F0664FEA8, cid=3724, SUCCESS, logIndex=5259, commits[ed5d81fa-aaf0-49db-aa57-acca1dd387bd:c5260]
2019-09-10 22:12:25,203 [grpc-default-executor-0] INFO  client.GrpcClientProtocolClient (GrpcClientProtocolClient.java:onNext(255)) - client-0C76110B8A2B->ed5d81fa-aaf0-49db-aa57-acca1dd387bd: receive RaftClientReply:client-0C76110B8A2B->ed5d81fa-aaf0-49db-aa57-acca1dd387bd@group-729F0664FEA8, cid=3725, SUCCESS, logIndex=5261, commits[ed5d81fa-aaf0-49db-aa57-acca1dd387bd:c5264]
2019-09-10 22:12:25,203 [grpc-default-executor-0] INFO  client.GrpcClientProtocolClient (GrpcClientProtocolClient.java:onNext(255)) - client-0C76110B8A2B->ed5d81fa-aaf0-49db-aa57-acca1dd387bd: receive RaftClientReply:client-0C76110B8A2B->ed5d81fa-aaf0-49db-aa57-acca1dd387bd@group-729F0664FEA8, cid=3726, SUCCESS, logIndex=5262, commits[ed5d81fa-aaf0-49db-aa57-acca1dd387bd:c5265]
2019-09-10 22:12:25,203 [grpc-default-executor-0] INFO  client.GrpcClientProtocolClient (GrpcClientProtocolClient.java:onNext(255)) - client-0C76110B8A2B->ed5d81fa-aaf0-49db-aa57-acca1dd387bd: receive RaftClientReply:client-0C76110B8A2B->ed5d81fa-aaf0-49db-aa57-acca1dd387bd@group-729F0664FEA8, cid=3727, SUCCESS, logIndex=5263, commits[ed5d81fa-aaf0-49db-aa57-acca1dd387bd:c5265]
2019-09-10 22:12:25,204 [grpc-default-executor-0] INFO  client.GrpcClientProtocolClient (GrpcClientProtocolClient.java:onNext(255)) - client-0C76110B8A2B->ed5d81fa-aaf0-49db-aa57-acca1dd387bd: receive RaftClientReply:client-0C76110B8A2B->ed5d81fa-aaf0-49db-aa57-acca1dd387bd@group-729F0664FEA8, cid=3728, SUCCESS, logIndex=5264, commits[ed5d81fa-aaf0-49db-aa57-acca1dd387bd:c5265]
2019-09-10 22:12:25,215 [SCMBlockDeletingService#0] DEBUG block.SCMBlockDeletingService (SCMBlockDeletingService.java:call(138)) - Running DeletedBlockTransactionScanner
2019-09-10 22:12:25,215 [SCMBlockDeletingService#0] DEBUG block.SCMBlockDeletingService (SCMBlockDeletingService.java:call(155)) - Scanned deleted blocks log and got 0 delTX to process.
2019-09-10 22:12:25,233 [grpc-default-executor-1] INFO  client.GrpcClientProtocolClient (GrpcClientProtocolClient.java:onNext(255)) - client-0C76110B8A2B->ed5d81fa-aaf0-49db-aa57-acca1dd387bd: receive RaftClientReply:client-0C76110B8A2B->ed5d81fa-aaf0-49db-aa57-acca1dd387bd@group-729F0664FEA8, cid=3729, SUCCESS, logIndex=5266, commits[ed5d81fa-aaf0-49db-aa57-acca1dd387bd:c5269]
2019-09-10 22:12:25,233 [grpc-default-executor-1] INFO  client.GrpcClientProtocolClient (GrpcClientProtocolClient.java:onNext(255)) - client-0C76110B8A2B->ed5d81fa-aaf0-49db-aa57-acca1dd387bd: receive RaftClientReply:client-0C76110B8A2B->ed5d81fa-aaf0-49db-aa57-acca1dd387bd@group-729F0664FEA8, cid=3730, SUCCESS, logIndex=5267, commits[ed5d81fa-aaf0-49db-aa57-acca1dd387bd:c5270]
2019-09-10 22:12:25,233 [grpc-default-executor-1] INFO  client.GrpcClientProtocolClient (GrpcClientProtocolClient.java:onNext(255)) - client-0C76110B8A2B->ed5d81fa-aaf0-49db-aa57-acca1dd387bd: receive RaftClientReply:client-0C76110B8A2B->ed5d81fa-aaf0-49db-aa57-acca1dd387bd@group-729F0664FEA8, cid=3731, SUCCESS, logIndex=5268, commits[ed5d81fa-aaf0-49db-aa57-acca1dd387bd:c5270]
2019-09-10 22:12:25,234 [grpc-default-executor-1] INFO  client.GrpcClientProtocolClient (GrpcClientProtocolClient.java:onNext(255)) - client-0C76110B8A2B->ed5d81fa-aaf0-49db-aa57-acca1dd387bd: receive RaftClientReply:client-0C76110B8A2B->ed5d81fa-aaf0-49db-aa57-acca1dd387bd@group-729F0664FEA8, cid=3732, SUCCESS, logIndex=5269, commits[ed5d81fa-aaf0-49db-aa57-acca1dd387bd:c5270]
2019-09-10 22:12:25,255 [grpc-default-executor-1] INFO  client.GrpcClientProtocolClient (GrpcClientProtocolClient.java:onNext(255)) - client-0C76110B8A2B->ed5d81fa-aaf0-49db-aa57-acca1dd387bd: receive RaftClientReply:client-0C76110B8A2B->ed5d81fa-aaf0-49db-aa57-acca1dd387bd@group-729F0664FEA8, cid=3733, SUCCESS, logIndex=5271, commits[ed5d81fa-aaf0-49db-aa57-acca1dd387bd:c5272]
2019-09-10 22:12:25,256 [grpc-default-executor-1] INFO  client.GrpcClientProtocolClient (GrpcClientProtocolClient.java:onNext(255)) - client-0C76110B8A2B->ed5d81fa-aaf0-49db-aa57-acca1dd387bd: receive RaftClientReply:client-0C76110B8A2B->ed5d81fa-aaf0-49db-aa57-acca1dd387bd@group-729F0664FEA8, cid=3734, SUCCESS, logIndex=5272, commits[ed5d81fa-aaf0-49db-aa57-acca1dd387bd:c5272]
2019-09-10 22:12:25,258 [grpc-default-executor-1] INFO  client.GrpcClientProtocolClient (GrpcClientProtocolClient.java:onNext(255)) - client-0C76110B8A2B->ed5d81fa-aaf0-49db-aa57-acca1dd387bd: receive RaftClientReply:client-0C76110B8A2B->ed5d81fa-aaf0-49db-aa57-acca1dd387bd@group-729F0664FEA8, cid=3735, SUCCESS, logIndex=5273, commits[ed5d81fa-aaf0-49db-aa57-acca1dd387bd:c5274]
2019-09-10 22:12:25,258 [grpc-default-executor-1] INFO  client.GrpcClientProtocolClient (GrpcClientProtocolClient.java:onNext(255)) - client-0C76110B8A2B->ed5d81fa-aaf0-49db-aa57-acca1dd387bd: receive RaftClientReply:client-0C76110B8A2B->ed5d81fa-aaf0-49db-aa57-acca1dd387bd@group-729F0664FEA8, cid=3736, SUCCESS, logIndex=5274, commits[ed5d81fa-aaf0-49db-aa57-acca1dd387bd:c5274]
2019-09-10 22:12:25,286 [grpc-default-executor-0] INFO  client.GrpcClientProtocolClient (GrpcClientProtocolClient.java:onNext(255)) - client-0C76110B8A2B->ed5d81fa-aaf0-49db-aa57-acca1dd387bd: receive RaftClientReply:client-0C76110B8A2B->ed5d81fa-aaf0-49db-aa57-acca1dd387bd@group-729F0664FEA8, cid=3737, SUCCESS, logIndex=5277, commits[ed5d81fa-aaf0-49db-aa57-acca1dd387bd:c5278]
2019-09-10 22:12:25,286 [grpc-default-executor-0] INFO  client.GrpcClientProtocolClient (GrpcClientProtocolClient.java:onNext(255)) - client-0C76110B8A2B->ed5d81fa-aaf0-49db-aa57-acca1dd387bd: receive RaftClientReply:client-0C76110B8A2B->ed5d81fa-aaf0-49db-aa57-acca1dd387bd@group-729F0664FEA8, cid=3738, SUCCESS, logIndex=5278, commits[ed5d81fa-aaf0-49db-aa57-acca1dd387bd:c5280]
2019-09-10 22:12:25,287 [grpc-default-executor-0] INFO  client.GrpcClientProtocolClient (GrpcClientProtocolClient.java:onNext(255)) - client-0C76110B8A2B->ed5d81fa-aaf0-49db-aa57-acca1dd387bd: receive RaftClientReply:client-0C76110B8A2B->ed5d81fa-aaf0-49db-aa57-acca1dd387bd@group-729F0664FEA8, cid=3739, SUCCESS, logIndex=5279, commits[ed5d81fa-aaf0-49db-aa57-acca1dd387bd:c5280]
2019-09-10 22:12:25,287 [grpc-default-executor-0] INFO  client.GrpcClientProtocolClient (GrpcClientProtocolClient.java:onNext(255)) - client-0C76110B8A2B->ed5d81fa-aaf0-49db-aa57-acca1dd387bd: receive RaftClientReply:client-0C76110B8A2B->ed5d81fa-aaf0-49db-aa57-acca1dd387bd@group-729F0664FEA8, cid=3740, SUCCESS, logIndex=5280, commits[ed5d81fa-aaf0-49db-aa57-acca1dd387bd:c5281]
2019-09-10 22:12:25,307 [grpc-default-executor-0] INFO  client.GrpcClientProtocolClient (GrpcClientProtocolClient.java:onNext(255)) - client-0C76110B8A2B->ed5d81fa-aaf0-49db-aa57-acca1dd387bd: receive RaftClientReply:client-0C76110B8A2B->ed5d81fa-aaf0-49db-aa57-acca1dd387bd@group-729F0664FEA8, cid=3741, SUCCESS, logIndex=5283, commits[ed5d81fa-aaf0-49db-aa57-acca1dd387bd:c5286]
2019-09-10 22:12:25,308 [grpc-default-executor-0] INFO  client.GrpcClientProtocolClient (GrpcClientProtocolClient.java:onNext(255)) - client-0C76110B8A2B->ed5d81fa-aaf0-49db-aa57-acca1dd387bd: receive RaftClientReply:client-0C76110B8A2B->ed5d81fa-aaf0-49db-aa57-acca1dd387bd@group-729F0664FEA8, cid=3742, SUCCESS, logIndex=5284, commits[ed5d81fa-aaf0-49db-aa57-acca1dd387bd:c5287]
2019-09-10 22:12:25,308 [grpc-default-executor-0] INFO  client.GrpcClientProtocolClient (GrpcClientProtocolClient.java:onNext(255)) - client-0C76110B8A2B->ed5d81fa-aaf0-49db-aa57-acca1dd387bd: receive RaftClientReply:client-0C76110B8A2B->ed5d81fa-aaf0-49db-aa57-acca1dd387bd@group-729F0664FEA8, cid=3743, SUCCESS, logIndex=5285, commits[ed5d81fa-aaf0-49db-aa57-acca1dd387bd:c5287]
2019-09-10 22:12:25,308 [grpc-default-executor-0] INFO  client.GrpcClientProtocolClient (GrpcClientProtocolClient.java:onNext(255)) - client-0C76110B8A2B->ed5d81fa-aaf0-49db-aa57-acca1dd387bd: receive RaftClientReply:client-0C76110B8A2B->ed5d81fa-aaf0-49db-aa57-acca1dd387bd@group-729F0664FEA8, cid=3744, SUCCESS, logIndex=5286, commits[ed5d81fa-aaf0-49db-aa57-acca1dd387bd:c5287]
2019-09-10 22:12:25,315 [SCMBlockDeletingService#0] DEBUG block.SCMBlockDeletingService (SCMBlockDeletingService.java:call(138)) - Running DeletedBlockTransactionScanner
2019-09-10 22:12:25,316 [SCMBlockDeletingService#0] DEBUG block.SCMBlockDeletingService (SCMBlockDeletingService.java:call(155)) - Scanned deleted blocks log and got 0 delTX to process.
2019-09-10 22:12:25,335 [grpc-default-executor-1] INFO  client.GrpcClientProtocolClient (GrpcClientProtocolClient.java:onNext(255)) - client-0C76110B8A2B->ed5d81fa-aaf0-49db-aa57-acca1dd387bd: receive RaftClientReply:client-0C76110B8A2B->ed5d81fa-aaf0-49db-aa57-acca1dd387bd@group-729F0664FEA8, cid=3745, SUCCESS, logIndex=5288, commits[ed5d81fa-aaf0-49db-aa57-acca1dd387bd:c5289]
2019-09-10 22:12:25,336 [grpc-default-executor-1] INFO  client.GrpcClientProtocolClient (GrpcClientProtocolClient.java:onNext(255)) - client-0C76110B8A2B->ed5d81fa-aaf0-49db-aa57-acca1dd387bd: receive RaftClientReply:client-0C76110B8A2B->ed5d81fa-aaf0-49db-aa57-acca1dd387bd@group-729F0664FEA8, cid=3746, SUCCESS, logIndex=5289, commits[ed5d81fa-aaf0-49db-aa57-acca1dd387bd:c5289]
2019-09-10 22:12:25,337 [grpc-default-executor-1] INFO  client.GrpcClientProtocolClient (GrpcClientProtocolClient.java:onNext(255)) - client-0C76110B8A2B->ed5d81fa-aaf0-49db-aa57-acca1dd387bd: receive RaftClientReply:client-0C76110B8A2B->ed5d81fa-aaf0-49db-aa57-acca1dd387bd@group-729F0664FEA8, cid=3747, SUCCESS, logIndex=5290, commits[ed5d81fa-aaf0-49db-aa57-acca1dd387bd:c5291]
2019-09-10 22:12:25,337 [grpc-default-executor-1] INFO  client.GrpcClientProtocolClient (GrpcClientProtocolClient.java:onNext(255)) - client-0C76110B8A2B->ed5d81fa-aaf0-49db-aa57-acca1dd387bd: receive RaftClientReply:client-0C76110B8A2B->ed5d81fa-aaf0-49db-aa57-acca1dd387bd@group-729F0664FEA8, cid=3748, SUCCESS, logIndex=5291, commits[ed5d81fa-aaf0-49db-aa57-acca1dd387bd:c5291]
2019-09-10 22:12:25,349 [grpc-default-executor-1] INFO  client.GrpcClientProtocolClient (GrpcClientProtocolClient.java:onNext(255)) - client-0C76110B8A2B->ed5d81fa-aaf0-49db-aa57-acca1dd387bd: receive RaftClientReply:client-0C76110B8A2B->ed5d81fa-aaf0-49db-aa57-acca1dd387bd@group-729F0664FEA8, cid=3749, SUCCESS, logIndex=5294, commits[ed5d81fa-aaf0-49db-aa57-acca1dd387bd:c5297]
2019-09-10 22:12:25,349 [grpc-default-executor-1] INFO  client.GrpcClientProtocolClient (GrpcClientProtocolClient.java:onNext(255)) - client-0C76110B8A2B->ed5d81fa-aaf0-49db-aa57-acca1dd387bd: receive RaftClientReply:client-0C76110B8A2B->ed5d81fa-aaf0-49db-aa57-acca1dd387bd@group-729F0664FEA8, cid=3750, SUCCESS, logIndex=5295, commits[ed5d81fa-aaf0-49db-aa57-acca1dd387bd:c5298]
2019-09-10 22:12:25,350 [grpc-default-executor-1] INFO  client.GrpcClientProtocolClient (GrpcClientProtocolClient.java:onNext(255)) - client-0C76110B8A2B->ed5d81fa-aaf0-49db-aa57-acca1dd387bd: receive RaftClientReply:client-0C76110B8A2B->ed5d81fa-aaf0-49db-aa57-acca1dd387bd@group-729F0664FEA8, cid=3751, SUCCESS, logIndex=5296, commits[ed5d81fa-aaf0-49db-aa57-acca1dd387bd:c5298]
2019-09-10 22:12:25,350 [grpc-default-executor-1] INFO  client.GrpcClientProtocolClient (GrpcClientProtocolClient.java:onNext(255)) - client-0C76110B8A2B->ed5d81fa-aaf0-49db-aa57-acca1dd387bd: receive RaftClientReply:client-0C76110B8A2B->ed5d81fa-aaf0-49db-aa57-acca1dd387bd@group-729F0664FEA8, cid=3752, SUCCESS, logIndex=5297, commits[ed5d81fa-aaf0-49db-aa57-acca1dd387bd:c5298]
2019-09-10 22:12:25,378 [grpc-default-executor-1] INFO  client.GrpcClientProtocolClient (GrpcClientProtocolClient.java:onNext(255)) - client-0C76110B8A2B->ed5d81fa-aaf0-49db-aa57-acca1dd387bd: receive RaftClientReply:client-0C76110B8A2B->ed5d81fa-aaf0-49db-aa57-acca1dd387bd@group-729F0664FEA8, cid=3753, SUCCESS, logIndex=5299, commits[ed5d81fa-aaf0-49db-aa57-acca1dd387bd:c5302]
2019-09-10 22:12:25,378 [grpc-default-executor-1] INFO  client.GrpcClientProtocolClient (GrpcClientProtocolClient.java:onNext(255)) - client-0C76110B8A2B->ed5d81fa-aaf0-49db-aa57-acca1dd387bd: receive RaftClientReply:client-0C76110B8A2B->ed5d81fa-aaf0-49db-aa57-acca1dd387bd@group-729F0664FEA8, cid=3754, SUCCESS, logIndex=5300, commits[ed5d81fa-aaf0-49db-aa57-acca1dd387bd:c5303]
2019-09-10 22:12:25,378 [grpc-default-executor-1] INFO  client.GrpcClientProtocolClient (GrpcClientProtocolClient.java:onNext(255)) - client-0C76110B8A2B->ed5d81fa-aaf0-49db-aa57-acca1dd387bd: receive RaftClientReply:client-0C76110B8A2B->ed5d81fa-aaf0-49db-aa57-acca1dd387bd@group-729F0664FEA8, cid=3755, SUCCESS, logIndex=5301, commits[ed5d81fa-aaf0-49db-aa57-acca1dd387bd:c5303]
2019-09-10 22:12:25,379 [grpc-default-executor-1] INFO  client.GrpcClientProtocolClient (GrpcClientProtocolClient.java:onNext(255)) - client-0C76110B8A2B->ed5d81fa-aaf0-49db-aa57-acca1dd387bd: receive RaftClientReply:client-0C76110B8A2B->ed5d81fa-aaf0-49db-aa57-acca1dd387bd@group-729F0664FEA8, cid=3756, SUCCESS, logIndex=5302, commits[ed5d81fa-aaf0-49db-aa57-acca1dd387bd:c5303]
2019-09-10 22:12:25,416 [SCMBlockDeletingService#0] DEBUG block.SCMBlockDeletingService (SCMBlockDeletingService.java:call(138)) - Running DeletedBlockTransactionScanner
2019-09-10 22:12:25,416 [SCMBlockDeletingService#0] DEBUG block.SCMBlockDeletingService (SCMBlockDeletingService.java:call(155)) - Scanned deleted blocks log and got 0 delTX to process.
2019-09-10 22:12:25,480 [grpc-default-executor-1] INFO  client.GrpcClientProtocolClient (GrpcClientProtocolClient.java:onNext(255)) - client-0C76110B8A2B->ed5d81fa-aaf0-49db-aa57-acca1dd387bd: receive RaftClientReply:client-0C76110B8A2B->ed5d81fa-aaf0-49db-aa57-acca1dd387bd@group-729F0664FEA8, cid=3757, SUCCESS, logIndex=5304, commits[ed5d81fa-aaf0-49db-aa57-acca1dd387bd:c5305]
2019-09-10 22:12:25,480 [grpc-default-executor-1] INFO  client.GrpcClientProtocolClient (GrpcClientProtocolClient.java:onNext(255)) - client-0C76110B8A2B->ed5d81fa-aaf0-49db-aa57-acca1dd387bd: receive RaftClientReply:client-0C76110B8A2B->ed5d81fa-aaf0-49db-aa57-acca1dd387bd@group-729F0664FEA8, cid=3758, SUCCESS, logIndex=5305, commits[ed5d81fa-aaf0-49db-aa57-acca1dd387bd:c5307]
2019-09-10 22:12:25,481 [grpc-default-executor-1] INFO  client.GrpcClientProtocolClient (GrpcClientProtocolClient.java:onNext(255)) - client-0C76110B8A2B->ed5d81fa-aaf0-49db-aa57-acca1dd387bd: receive RaftClientReply:client-0C76110B8A2B->ed5d81fa-aaf0-49db-aa57-acca1dd387bd@group-729F0664FEA8, cid=3759, SUCCESS, logIndex=5306, commits[ed5d81fa-aaf0-49db-aa57-acca1dd387bd:c5307]
2019-09-10 22:12:25,481 [grpc-default-executor-1] INFO  client.GrpcClientProtocolClient (GrpcClientProtocolClient.java:onNext(255)) - client-0C76110B8A2B->ed5d81fa-aaf0-49db-aa57-acca1dd387bd: receive RaftClientReply:client-0C76110B8A2B->ed5d81fa-aaf0-49db-aa57-acca1dd387bd@group-729F0664FEA8, cid=3760, SUCCESS, logIndex=5307, commits[ed5d81fa-aaf0-49db-aa57-acca1dd387bd:c5308]
2019-09-10 22:12:25,511 [grpc-default-executor-1] INFO  client.GrpcClientProtocolClient (GrpcClientProtocolClient.java:onNext(255)) - client-0C76110B8A2B->ed5d81fa-aaf0-49db-aa57-acca1dd387bd: receive RaftClientReply:client-0C76110B8A2B->ed5d81fa-aaf0-49db-aa57-acca1dd387bd@group-729F0664FEA8, cid=3761, SUCCESS, logIndex=5310, commits[ed5d81fa-aaf0-49db-aa57-acca1dd387bd:c5313]
2019-09-10 22:12:25,511 [grpc-default-executor-1] INFO  client.GrpcClientProtocolClient (GrpcClientProtocolClient.java:onNext(255)) - client-0C76110B8A2B->ed5d81fa-aaf0-49db-aa57-acca1dd387bd: receive RaftClientReply:client-0C76110B8A2B->ed5d81fa-aaf0-49db-aa57-acca1dd387bd@group-729F0664FEA8, cid=3762, SUCCESS, logIndex=5311, commits[ed5d81fa-aaf0-49db-aa57-acca1dd387bd:c5313]
2019-09-10 22:12:25,512 [grpc-default-executor-1] INFO  client.GrpcClientProtocolClient (GrpcClientProtocolClient.java:onNext(255)) - client-0C76110B8A2B->ed5d81fa-aaf0-49db-aa57-acca1dd387bd: receive RaftClientReply:client-0C76110B8A2B->ed5d81fa-aaf0-49db-aa57-acca1dd387bd@group-729F0664FEA8, cid=3763, SUCCESS, logIndex=5312, commits[ed5d81fa-aaf0-49db-aa57-acca1dd387bd:c5314]
2019-09-10 22:12:25,512 [grpc-default-executor-1] INFO  client.GrpcClientProtocolClient (GrpcClientProtocolClient.java:onNext(255)) - client-0C76110B8A2B->ed5d81fa-aaf0-49db-aa57-acca1dd387bd: receive RaftClientReply:client-0C76110B8A2B->ed5d81fa-aaf0-49db-aa57-acca1dd387bd@group-729F0664FEA8, cid=3764, SUCCESS, logIndex=5313, commits[ed5d81fa-aaf0-49db-aa57-acca1dd387bd:c5314]
2019-09-10 22:12:25,516 [SCMBlockDeletingService#0] DEBUG block.SCMBlockDeletingService (SCMBlockDeletingService.java:call(138)) - Running DeletedBlockTransactionScanner
2019-09-10 22:12:25,517 [SCMBlockDeletingService#0] DEBUG block.SCMBlockDeletingService (SCMBlockDeletingService.java:call(155)) - Scanned deleted blocks log and got 0 delTX to process.
2019-09-10 22:12:25,531 [grpc-default-executor-1] INFO  client.GrpcClientProtocolClient (GrpcClientProtocolClient.java:onNext(255)) - client-0C76110B8A2B->ed5d81fa-aaf0-49db-aa57-acca1dd387bd: receive RaftClientReply:client-0C76110B8A2B->ed5d81fa-aaf0-49db-aa57-acca1dd387bd@group-729F0664FEA8, cid=3765, SUCCESS, logIndex=5315, commits[ed5d81fa-aaf0-49db-aa57-acca1dd387bd:c5318]
2019-09-10 22:12:25,531 [grpc-default-executor-1] INFO  client.GrpcClientProtocolClient (GrpcClientProtocolClient.java:onNext(255)) - client-0C76110B8A2B->ed5d81fa-aaf0-49db-aa57-acca1dd387bd: receive RaftClientReply:client-0C76110B8A2B->ed5d81fa-aaf0-49db-aa57-acca1dd387bd@group-729F0664FEA8, cid=3766, SUCCESS, logIndex=5316, commits[ed5d81fa-aaf0-49db-aa57-acca1dd387bd:c5318]
2019-09-10 22:12:25,532 [grpc-default-executor-1] INFO  client.GrpcClientProtocolClient (GrpcClientProtocolClient.java:onNext(255)) - client-0C76110B8A2B->ed5d81fa-aaf0-49db-aa57-acca1dd387bd: receive RaftClientReply:client-0C76110B8A2B->ed5d81fa-aaf0-49db-aa57-acca1dd387bd@group-729F0664FEA8, cid=3767, SUCCESS, logIndex=5317, commits[ed5d81fa-aaf0-49db-aa57-acca1dd387bd:c5318]
2019-09-10 22:12:25,532 [grpc-default-executor-1] INFO  client.GrpcClientProtocolClient (GrpcClientProtocolClient.java:onNext(255)) - client-0C76110B8A2B->ed5d81fa-aaf0-49db-aa57-acca1dd387bd: receive RaftClientReply:client-0C76110B8A2B->ed5d81fa-aaf0-49db-aa57-acca1dd387bd@group-729F0664FEA8, cid=3768, SUCCESS, logIndex=5318, commits[ed5d81fa-aaf0-49db-aa57-acca1dd387bd:c5318]
2019-09-10 22:12:25,565 [grpc-default-executor-1] INFO  client.GrpcClientProtocolClient (GrpcClientProtocolClient.java:onNext(255)) - client-0C76110B8A2B->ed5d81fa-aaf0-49db-aa57-acca1dd387bd: receive RaftClientReply:client-0C76110B8A2B->ed5d81fa-aaf0-49db-aa57-acca1dd387bd@group-729F0664FEA8, cid=3769, SUCCESS, logIndex=5320, commits[ed5d81fa-aaf0-49db-aa57-acca1dd387bd:c5321]
2019-09-10 22:12:25,566 [grpc-default-executor-1] INFO  client.GrpcClientProtocolClient (GrpcClientProtocolClient.java:onNext(255)) - client-0C76110B8A2B->ed5d81fa-aaf0-49db-aa57-acca1dd387bd: receive RaftClientReply:client-0C76110B8A2B->ed5d81fa-aaf0-49db-aa57-acca1dd387bd@group-729F0664FEA8, cid=3770, SUCCESS, logIndex=5321, commits[ed5d81fa-aaf0-49db-aa57-acca1dd387bd:c5323]
2019-09-10 22:12:25,566 [grpc-default-executor-1] INFO  client.GrpcClientProtocolClient (GrpcClientProtocolClient.java:onNext(255)) - client-0C76110B8A2B->ed5d81fa-aaf0-49db-aa57-acca1dd387bd: receive RaftClientReply:client-0C76110B8A2B->ed5d81fa-aaf0-49db-aa57-acca1dd387bd@group-729F0664FEA8, cid=3771, SUCCESS, logIndex=5322, commits[ed5d81fa-aaf0-49db-aa57-acca1dd387bd:c5323]
2019-09-10 22:12:25,566 [grpc-default-executor-1] INFO  client.GrpcClientProtocolClient (GrpcClientProtocolClient.java:onNext(255)) - client-0C76110B8A2B->ed5d81fa-aaf0-49db-aa57-acca1dd387bd: receive RaftClientReply:client-0C76110B8A2B->ed5d81fa-aaf0-49db-aa57-acca1dd387bd@group-729F0664FEA8, cid=3772, SUCCESS, logIndex=5323, commits[ed5d81fa-aaf0-49db-aa57-acca1dd387bd:c5324]
2019-09-10 22:12:25,586 [grpc-default-executor-1] INFO  client.GrpcClientProtocolClient (GrpcClientProtocolClient.java:onNext(255)) - client-0C76110B8A2B->ed5d81fa-aaf0-49db-aa57-acca1dd387bd: receive RaftClientReply:client-0C76110B8A2B->ed5d81fa-aaf0-49db-aa57-acca1dd387bd@group-729F0664FEA8, cid=3773, SUCCESS, logIndex=5326, commits[ed5d81fa-aaf0-49db-aa57-acca1dd387bd:c5327]
2019-09-10 22:12:25,586 [grpc-default-executor-1] INFO  client.GrpcClientProtocolClient (GrpcClientProtocolClient.java:onNext(255)) - client-0C76110B8A2B->ed5d81fa-aaf0-49db-aa57-acca1dd387bd: receive RaftClientReply:client-0C76110B8A2B->ed5d81fa-aaf0-49db-aa57-acca1dd387bd@group-729F0664FEA8, cid=3774, SUCCESS, logIndex=5327, commits[ed5d81fa-aaf0-49db-aa57-acca1dd387bd:c5327]
2019-09-10 22:12:25,588 [grpc-default-executor-1] INFO  client.GrpcClientProtocolClient (GrpcClientProtocolClient.java:onNext(255)) - client-0C76110B8A2B->ed5d81fa-aaf0-49db-aa57-acca1dd387bd: receive RaftClientReply:client-0C76110B8A2B->ed5d81fa-aaf0-49db-aa57-acca1dd387bd@group-729F0664FEA8, cid=3775, SUCCESS, logIndex=5328, commits[ed5d81fa-aaf0-49db-aa57-acca1dd387bd:c5329]
2019-09-10 22:12:25,588 [grpc-default-executor-1] INFO  client.GrpcClientProtocolClient (GrpcClientProtocolClient.java:onNext(255)) - client-0C76110B8A2B->ed5d81fa-aaf0-49db-aa57-acca1dd387bd: receive RaftClientReply:client-0C76110B8A2B->ed5d81fa-aaf0-49db-aa57-acca1dd387bd@group-729F0664FEA8, cid=3776, SUCCESS, logIndex=5329, commits[ed5d81fa-aaf0-49db-aa57-acca1dd387bd:c5329]
2019-09-10 22:12:25,615 [grpc-default-executor-1] INFO  client.GrpcClientProtocolClient (GrpcClientProtocolClient.java:onNext(255)) - client-0C76110B8A2B->ed5d81fa-aaf0-49db-aa57-acca1dd387bd: receive RaftClientReply:client-0C76110B8A2B->ed5d81fa-aaf0-49db-aa57-acca1dd387bd@group-729F0664FEA8, cid=3777, SUCCESS, logIndex=5332, commits[ed5d81fa-aaf0-49db-aa57-acca1dd387bd:c5333]
2019-09-10 22:12:25,616 [grpc-default-executor-0] INFO  client.GrpcClientProtocolClient (GrpcClientProtocolClient.java:onNext(255)) - client-0C76110B8A2B->ed5d81fa-aaf0-49db-aa57-acca1dd387bd: receive RaftClientReply:client-0C76110B8A2B->ed5d81fa-aaf0-49db-aa57-acca1dd387bd@group-729F0664FEA8, cid=3778, SUCCESS, logIndex=5333, commits[ed5d81fa-aaf0-49db-aa57-acca1dd387bd:c5335]
2019-09-10 22:12:25,616 [grpc-default-executor-0] INFO  client.GrpcClientProtocolClient (GrpcClientProtocolClient.java:onNext(255)) - client-0C76110B8A2B->ed5d81fa-aaf0-49db-aa57-acca1dd387bd: receive RaftClientReply:client-0C76110B8A2B->ed5d81fa-aaf0-49db-aa57-acca1dd387bd@group-729F0664FEA8, cid=3779, SUCCESS, logIndex=5334, commits[ed5d81fa-aaf0-49db-aa57-acca1dd387bd:c5335]
2019-09-10 22:12:25,616 [grpc-default-executor-0] INFO  client.GrpcClientProtocolClient (GrpcClientProtocolClient.java:onNext(255)) - client-0C76110B8A2B->ed5d81fa-aaf0-49db-aa57-acca1dd387bd: receive RaftClientReply:client-0C76110B8A2B->ed5d81fa-aaf0-49db-aa57-acca1dd387bd@group-729F0664FEA8, cid=3780, SUCCESS, logIndex=5335, commits[ed5d81fa-aaf0-49db-aa57-acca1dd387bd:c5336]
2019-09-10 22:12:25,617 [SCMBlockDeletingService#1] DEBUG block.SCMBlockDeletingService (SCMBlockDeletingService.java:call(138)) - Running DeletedBlockTransactionScanner
2019-09-10 22:12:25,617 [SCMBlockDeletingService#1] DEBUG block.SCMBlockDeletingService (SCMBlockDeletingService.java:call(155)) - Scanned deleted blocks log and got 0 delTX to process.
2019-09-10 22:12:25,635 [grpc-default-executor-0] INFO  client.GrpcClientProtocolClient (GrpcClientProtocolClient.java:onNext(255)) - client-0C76110B8A2B->ed5d81fa-aaf0-49db-aa57-acca1dd387bd: receive RaftClientReply:client-0C76110B8A2B->ed5d81fa-aaf0-49db-aa57-acca1dd387bd@group-729F0664FEA8, cid=3781, SUCCESS, logIndex=5338, commits[ed5d81fa-aaf0-49db-aa57-acca1dd387bd:c5339]
2019-09-10 22:12:25,636 [grpc-default-executor-0] INFO  client.GrpcClientProtocolClient (GrpcClientProtocolClient.java:onNext(255)) - client-0C76110B8A2B->ed5d81fa-aaf0-49db-aa57-acca1dd387bd: receive RaftClientReply:client-0C76110B8A2B->ed5d81fa-aaf0-49db-aa57-acca1dd387bd@group-729F0664FEA8, cid=3782, SUCCESS, logIndex=5339, commits[ed5d81fa-aaf0-49db-aa57-acca1dd387bd:c5339]
2019-09-10 22:12:25,637 [grpc-default-executor-0] INFO  client.GrpcClientProtocolClient (GrpcClientProtocolClient.java:onNext(255)) - client-0C76110B8A2B->ed5d81fa-aaf0-49db-aa57-acca1dd387bd: receive RaftClientReply:client-0C76110B8A2B->ed5d81fa-aaf0-49db-aa57-acca1dd387bd@group-729F0664FEA8, cid=3783, SUCCESS, logIndex=5340, commits[ed5d81fa-aaf0-49db-aa57-acca1dd387bd:c5342]
2019-09-10 22:12:25,637 [grpc-default-executor-0] INFO  client.GrpcClientProtocolClient (GrpcClientProtocolClient.java:onNext(255)) - client-0C76110B8A2B->ed5d81fa-aaf0-49db-aa57-acca1dd387bd: receive RaftClientReply:client-0C76110B8A2B->ed5d81fa-aaf0-49db-aa57-acca1dd387bd@group-729F0664FEA8, cid=3784, SUCCESS, logIndex=5341, commits[ed5d81fa-aaf0-49db-aa57-acca1dd387bd:c5342]
2019-09-10 22:12:25,662 [grpc-default-executor-1] INFO  client.GrpcClientProtocolClient (GrpcClientProtocolClient.java:onNext(255)) - client-0C76110B8A2B->ed5d81fa-aaf0-49db-aa57-acca1dd387bd: receive RaftClientReply:client-0C76110B8A2B->ed5d81fa-aaf0-49db-aa57-acca1dd387bd@group-729F0664FEA8, cid=3785, SUCCESS, logIndex=5343, commits[ed5d81fa-aaf0-49db-aa57-acca1dd387bd:c5344]
2019-09-10 22:12:25,662 [grpc-default-executor-1] INFO  client.GrpcClientProtocolClient (GrpcClientProtocolClient.java:onNext(255)) - client-0C76110B8A2B->ed5d81fa-aaf0-49db-aa57-acca1dd387bd: receive RaftClientReply:client-0C76110B8A2B->ed5d81fa-aaf0-49db-aa57-acca1dd387bd@group-729F0664FEA8, cid=3786, SUCCESS, logIndex=5344, commits[ed5d81fa-aaf0-49db-aa57-acca1dd387bd:c5346]
2019-09-10 22:12:25,662 [grpc-default-executor-1] INFO  client.GrpcClientProtocolClient (GrpcClientProtocolClient.java:onNext(255)) - client-0C76110B8A2B->ed5d81fa-aaf0-49db-aa57-acca1dd387bd: receive RaftClientReply:client-0C76110B8A2B->ed5d81fa-aaf0-49db-aa57-acca1dd387bd@group-729F0664FEA8, cid=3787, SUCCESS, logIndex=5345, commits[ed5d81fa-aaf0-49db-aa57-acca1dd387bd:c5347]
2019-09-10 22:12:25,663 [grpc-default-executor-1] INFO  client.GrpcClientProtocolClient (GrpcClientProtocolClient.java:onNext(255)) - client-0C76110B8A2B->ed5d81fa-aaf0-49db-aa57-acca1dd387bd: receive RaftClientReply:client-0C76110B8A2B->ed5d81fa-aaf0-49db-aa57-acca1dd387bd@group-729F0664FEA8, cid=3788, SUCCESS, logIndex=5346, commits[ed5d81fa-aaf0-49db-aa57-acca1dd387bd:c5347]
2019-09-10 22:12:25,681 [grpc-default-executor-0] INFO  client.GrpcClientProtocolClient (GrpcClientProtocolClient.java:onNext(255)) - client-0C76110B8A2B->ed5d81fa-aaf0-49db-aa57-acca1dd387bd: receive RaftClientReply:client-0C76110B8A2B->ed5d81fa-aaf0-49db-aa57-acca1dd387bd@group-729F0664FEA8, cid=3789, SUCCESS, logIndex=5349, commits[ed5d81fa-aaf0-49db-aa57-acca1dd387bd:c5352]
2019-09-10 22:12:25,681 [grpc-default-executor-0] INFO  client.GrpcClientProtocolClient (GrpcClientProtocolClient.java:onNext(255)) - client-0C76110B8A2B->ed5d81fa-aaf0-49db-aa57-acca1dd387bd: receive RaftClientReply:client-0C76110B8A2B->ed5d81fa-aaf0-49db-aa57-acca1dd387bd@group-729F0664FEA8, cid=3790, SUCCESS, logIndex=5350, commits[ed5d81fa-aaf0-49db-aa57-acca1dd387bd:c5353]
2019-09-10 22:12:25,682 [grpc-default-executor-0] INFO  client.GrpcClientProtocolClient (GrpcClientProtocolClient.java:onNext(255)) - client-0C76110B8A2B->ed5d81fa-aaf0-49db-aa57-acca1dd387bd: receive RaftClientReply:client-0C76110B8A2B->ed5d81fa-aaf0-49db-aa57-acca1dd387bd@group-729F0664FEA8, cid=3791, SUCCESS, logIndex=5351, commits[ed5d81fa-aaf0-49db-aa57-acca1dd387bd:c5353]
2019-09-10 22:12:25,682 [grpc-default-executor-0] INFO  client.GrpcClientProtocolClient (GrpcClientProtocolClient.java:onNext(255)) - client-0C76110B8A2B->ed5d81fa-aaf0-49db-aa57-acca1dd387bd: receive RaftClientReply:client-0C76110B8A2B->ed5d81fa-aaf0-49db-aa57-acca1dd387bd@group-729F0664FEA8, cid=3792, SUCCESS, logIndex=5352, commits[ed5d81fa-aaf0-49db-aa57-acca1dd387bd:c5353]
2019-09-10 22:12:25,773 [SCMBlockDeletingService#1] DEBUG block.SCMBlockDeletingService (SCMBlockDeletingService.java:call(138)) - Running DeletedBlockTransactionScanner
2019-09-10 22:12:25,774 [SCMBlockDeletingService#1] DEBUG block.SCMBlockDeletingService (SCMBlockDeletingService.java:call(155)) - Scanned deleted blocks log and got 0 delTX to process.
2019-09-10 22:12:25,788 [grpc-default-executor-0] INFO  client.GrpcClientProtocolClient (GrpcClientProtocolClient.java:onNext(255)) - client-0C76110B8A2B->ed5d81fa-aaf0-49db-aa57-acca1dd387bd: receive RaftClientReply:client-0C76110B8A2B->ed5d81fa-aaf0-49db-aa57-acca1dd387bd@group-729F0664FEA8, cid=3793, SUCCESS, logIndex=5354, commits[ed5d81fa-aaf0-49db-aa57-acca1dd387bd:c5355]
2019-09-10 22:12:25,789 [grpc-default-executor-0] INFO  client.GrpcClientProtocolClient (GrpcClientProtocolClient.java:onNext(255)) - client-0C76110B8A2B->ed5d81fa-aaf0-49db-aa57-acca1dd387bd: receive RaftClientReply:client-0C76110B8A2B->ed5d81fa-aaf0-49db-aa57-acca1dd387bd@group-729F0664FEA8, cid=3794, SUCCESS, logIndex=5355, commits[ed5d81fa-aaf0-49db-aa57-acca1dd387bd:c5355]
2019-09-10 22:12:25,790 [grpc-default-executor-0] INFO  client.GrpcClientProtocolClient (GrpcClientProtocolClient.java:onNext(255)) - client-0C76110B8A2B->ed5d81fa-aaf0-49db-aa57-acca1dd387bd: receive RaftClientReply:client-0C76110B8A2B->ed5d81fa-aaf0-49db-aa57-acca1dd387bd@group-729F0664FEA8, cid=3795, SUCCESS, logIndex=5356, commits[ed5d81fa-aaf0-49db-aa57-acca1dd387bd:c5357]
2019-09-10 22:12:25,791 [grpc-default-executor-0] INFO  client.GrpcClientProtocolClient (GrpcClientProtocolClient.java:onNext(255)) - client-0C76110B8A2B->ed5d81fa-aaf0-49db-aa57-acca1dd387bd: receive RaftClientReply:client-0C76110B8A2B->ed5d81fa-aaf0-49db-aa57-acca1dd387bd@group-729F0664FEA8, cid=3796, SUCCESS, logIndex=5357, commits[ed5d81fa-aaf0-49db-aa57-acca1dd387bd:c5357]
2019-09-10 22:12:25,804 [grpc-default-executor-0] INFO  client.GrpcClientProtocolClient (GrpcClientProtocolClient.java:onNext(255)) - client-0C76110B8A2B->ed5d81fa-aaf0-49db-aa57-acca1dd387bd: receive RaftClientReply:client-0C76110B8A2B->ed5d81fa-aaf0-49db-aa57-acca1dd387bd@group-729F0664FEA8, cid=3797, SUCCESS, logIndex=5360, commits[ed5d81fa-aaf0-49db-aa57-acca1dd387bd:c5363]
2019-09-10 22:12:25,804 [grpc-default-executor-0] INFO  client.GrpcClientProtocolClient (GrpcClientProtocolClient.java:onNext(255)) - client-0C76110B8A2B->ed5d81fa-aaf0-49db-aa57-acca1dd387bd: receive RaftClientReply:client-0C76110B8A2B->ed5d81fa-aaf0-49db-aa57-acca1dd387bd@group-729F0664FEA8, cid=3798, SUCCESS, logIndex=5361, commits[ed5d81fa-aaf0-49db-aa57-acca1dd387bd:c5363]
2019-09-10 22:12:25,805 [grpc-default-executor-0] INFO  client.GrpcClientProtocolClient (GrpcClientProtocolClient.java:onNext(255)) - client-0C76110B8A2B->ed5d81fa-aaf0-49db-aa57-acca1dd387bd: receive RaftClientReply:client-0C76110B8A2B->ed5d81fa-aaf0-49db-aa57-acca1dd387bd@group-729F0664FEA8, cid=3799, SUCCESS, logIndex=5362, commits[ed5d81fa-aaf0-49db-aa57-acca1dd387bd:c5363]
2019-09-10 22:12:25,805 [grpc-default-executor-0] INFO  client.GrpcClientProtocolClient (GrpcClientProtocolClient.java:onNext(255)) - client-0C76110B8A2B->ed5d81fa-aaf0-49db-aa57-acca1dd387bd: receive RaftClientReply:client-0C76110B8A2B->ed5d81fa-aaf0-49db-aa57-acca1dd387bd@group-729F0664FEA8, cid=3800, SUCCESS, logIndex=5363, commits[ed5d81fa-aaf0-49db-aa57-acca1dd387bd:c5363]
2019-09-10 22:12:25,874 [SCMBlockDeletingService#1] DEBUG block.SCMBlockDeletingService (SCMBlockDeletingService.java:call(138)) - Running DeletedBlockTransactionScanner
2019-09-10 22:12:25,874 [SCMBlockDeletingService#1] DEBUG block.SCMBlockDeletingService (SCMBlockDeletingService.java:call(155)) - Scanned deleted blocks log and got 0 delTX to process.
2019-09-10 22:12:25,929 [grpc-default-executor-1] INFO  client.GrpcClientProtocolClient (GrpcClientProtocolClient.java:onNext(255)) - client-0C76110B8A2B->ed5d81fa-aaf0-49db-aa57-acca1dd387bd: receive RaftClientReply:client-0C76110B8A2B->ed5d81fa-aaf0-49db-aa57-acca1dd387bd@group-729F0664FEA8, cid=3801, SUCCESS, logIndex=5365, commits[ed5d81fa-aaf0-49db-aa57-acca1dd387bd:c5368]
2019-09-10 22:12:25,930 [grpc-default-executor-1] INFO  client.GrpcClientProtocolClient (GrpcClientProtocolClient.java:onNext(255)) - client-0C76110B8A2B->ed5d81fa-aaf0-49db-aa57-acca1dd387bd: receive RaftClientReply:client-0C76110B8A2B->ed5d81fa-aaf0-49db-aa57-acca1dd387bd@group-729F0664FEA8, cid=3802, SUCCESS, logIndex=5366, commits[ed5d81fa-aaf0-49db-aa57-acca1dd387bd:c5369]
2019-09-10 22:12:25,930 [grpc-default-executor-1] INFO  client.GrpcClientProtocolClient (GrpcClientProtocolClient.java:onNext(255)) - client-0C76110B8A2B->ed5d81fa-aaf0-49db-aa57-acca1dd387bd: receive RaftClientReply:client-0C76110B8A2B->ed5d81fa-aaf0-49db-aa57-acca1dd387bd@group-729F0664FEA8, cid=3803, SUCCESS, logIndex=5367, commits[ed5d81fa-aaf0-49db-aa57-acca1dd387bd:c5369]
2019-09-10 22:12:25,931 [grpc-default-executor-1] INFO  client.GrpcClientProtocolClient (GrpcClientProtocolClient.java:onNext(255)) - client-0C76110B8A2B->ed5d81fa-aaf0-49db-aa57-acca1dd387bd: receive RaftClientReply:client-0C76110B8A2B->ed5d81fa-aaf0-49db-aa57-acca1dd387bd@group-729F0664FEA8, cid=3804, SUCCESS, logIndex=5368, commits[ed5d81fa-aaf0-49db-aa57-acca1dd387bd:c5369]
2019-09-10 22:12:25,951 [grpc-default-executor-0] INFO  client.GrpcClientProtocolClient (GrpcClientProtocolClient.java:onNext(255)) - client-0C76110B8A2B->ed5d81fa-aaf0-49db-aa57-acca1dd387bd: receive RaftClientReply:client-0C76110B8A2B->ed5d81fa-aaf0-49db-aa57-acca1dd387bd@group-729F0664FEA8, cid=3805, SUCCESS, logIndex=5370, commits[ed5d81fa-aaf0-49db-aa57-acca1dd387bd:c5371]
2019-09-10 22:12:25,951 [grpc-default-executor-0] INFO  client.GrpcClientProtocolClient (GrpcClientProtocolClient.java:onNext(255)) - client-0C76110B8A2B->ed5d81fa-aaf0-49db-aa57-acca1dd387bd: receive RaftClientReply:client-0C76110B8A2B->ed5d81fa-aaf0-49db-aa57-acca1dd387bd@group-729F0664FEA8, cid=3806, SUCCESS, logIndex=5371, commits[ed5d81fa-aaf0-49db-aa57-acca1dd387bd:c5373]
2019-09-10 22:12:25,952 [grpc-default-executor-0] INFO  client.GrpcClientProtocolClient (GrpcClientProtocolClient.java:onNext(255)) - client-0C76110B8A2B->ed5d81fa-aaf0-49db-aa57-acca1dd387bd: receive RaftClientReply:client-0C76110B8A2B->ed5d81fa-aaf0-49db-aa57-acca1dd387bd@group-729F0664FEA8, cid=3807, SUCCESS, logIndex=5372, commits[ed5d81fa-aaf0-49db-aa57-acca1dd387bd:c5373]
2019-09-10 22:12:25,952 [grpc-default-executor-0] INFO  client.GrpcClientProtocolClient (GrpcClientProtocolClient.java:onNext(255)) - client-0C76110B8A2B->ed5d81fa-aaf0-49db-aa57-acca1dd387bd: receive RaftClientReply:client-0C76110B8A2B->ed5d81fa-aaf0-49db-aa57-acca1dd387bd@group-729F0664FEA8, cid=3808, SUCCESS, logIndex=5373, commits[ed5d81fa-aaf0-49db-aa57-acca1dd387bd:c5373]
2019-09-10 22:12:25,975 [SCMBlockDeletingService#1] DEBUG block.SCMBlockDeletingService (SCMBlockDeletingService.java:call(138)) - Running DeletedBlockTransactionScanner
2019-09-10 22:12:25,975 [SCMBlockDeletingService#1] DEBUG block.SCMBlockDeletingService (SCMBlockDeletingService.java:call(155)) - Scanned deleted blocks log and got 0 delTX to process.
2019-09-10 22:12:25,978 [grpc-default-executor-0] INFO  client.GrpcClientProtocolClient (GrpcClientProtocolClient.java:onNext(255)) - client-0C76110B8A2B->ed5d81fa-aaf0-49db-aa57-acca1dd387bd: receive RaftClientReply:client-0C76110B8A2B->ed5d81fa-aaf0-49db-aa57-acca1dd387bd@group-729F0664FEA8, cid=3809, SUCCESS, logIndex=5376, commits[ed5d81fa-aaf0-49db-aa57-acca1dd387bd:c5377]
2019-09-10 22:12:25,979 [grpc-default-executor-0] INFO  client.GrpcClientProtocolClient (GrpcClientProtocolClient.java:onNext(255)) - client-0C76110B8A2B->ed5d81fa-aaf0-49db-aa57-acca1dd387bd: receive RaftClientReply:client-0C76110B8A2B->ed5d81fa-aaf0-49db-aa57-acca1dd387bd@group-729F0664FEA8, cid=3810, SUCCESS, logIndex=5377, commits[ed5d81fa-aaf0-49db-aa57-acca1dd387bd:c5379]
2019-09-10 22:12:25,979 [grpc-default-executor-0] INFO  client.GrpcClientProtocolClient (GrpcClientProtocolClient.java:onNext(255)) - client-0C76110B8A2B->ed5d81fa-aaf0-49db-aa57-acca1dd387bd: receive RaftClientReply:client-0C76110B8A2B->ed5d81fa-aaf0-49db-aa57-acca1dd387bd@group-729F0664FEA8, cid=3811, SUCCESS, logIndex=5378, commits[ed5d81fa-aaf0-49db-aa57-acca1dd387bd:c5380]
2019-09-10 22:12:25,979 [grpc-default-executor-0] INFO  client.GrpcClientProtocolClient (GrpcClientProtocolClient.java:onNext(255)) - client-0C76110B8A2B->ed5d81fa-aaf0-49db-aa57-acca1dd387bd: receive RaftClientReply:client-0C76110B8A2B->ed5d81fa-aaf0-49db-aa57-acca1dd387bd@group-729F0664FEA8, cid=3812, SUCCESS, logIndex=5379, commits[ed5d81fa-aaf0-49db-aa57-acca1dd387bd:c5380]
2019-09-10 22:12:25,999 [grpc-default-executor-1] INFO  client.GrpcClientProtocolClient (GrpcClientProtocolClient.java:onNext(255)) - client-0C76110B8A2B->ed5d81fa-aaf0-49db-aa57-acca1dd387bd: receive RaftClientReply:client-0C76110B8A2B->ed5d81fa-aaf0-49db-aa57-acca1dd387bd@group-729F0664FEA8, cid=3813, SUCCESS, logIndex=5382, commits[ed5d81fa-aaf0-49db-aa57-acca1dd387bd:c5385]
2019-09-10 22:12:26,000 [grpc-default-executor-1] INFO  client.GrpcClientProtocolClient (GrpcClientProtocolClient.java:onNext(255)) - client-0C76110B8A2B->ed5d81fa-aaf0-49db-aa57-acca1dd387bd: receive RaftClientReply:client-0C76110B8A2B->ed5d81fa-aaf0-49db-aa57-acca1dd387bd@group-729F0664FEA8, cid=3814, SUCCESS, logIndex=5383, commits[ed5d81fa-aaf0-49db-aa57-acca1dd387bd:c5385]
2019-09-10 22:12:26,000 [grpc-default-executor-1] INFO  client.GrpcClientProtocolClient (GrpcClientProtocolClient.java:onNext(255)) - client-0C76110B8A2B->ed5d81fa-aaf0-49db-aa57-acca1dd387bd: receive RaftClientReply:client-0C76110B8A2B->ed5d81fa-aaf0-49db-aa57-acca1dd387bd@group-729F0664FEA8, cid=3815, SUCCESS, logIndex=5384, commits[ed5d81fa-aaf0-49db-aa57-acca1dd387bd:c5385]
2019-09-10 22:12:26,000 [grpc-default-executor-1] INFO  client.GrpcClientProtocolClient (GrpcClientProtocolClient.java:onNext(255)) - client-0C76110B8A2B->ed5d81fa-aaf0-49db-aa57-acca1dd387bd: receive RaftClientReply:client-0C76110B8A2B->ed5d81fa-aaf0-49db-aa57-acca1dd387bd@group-729F0664FEA8, cid=3816, SUCCESS, logIndex=5385, commits[ed5d81fa-aaf0-49db-aa57-acca1dd387bd:c5385]
2019-09-10 22:12:26,027 [grpc-default-executor-1] INFO  client.GrpcClientProtocolClient (GrpcClientProtocolClient.java:onNext(255)) - client-0C76110B8A2B->ed5d81fa-aaf0-49db-aa57-acca1dd387bd: receive RaftClientReply:client-0C76110B8A2B->ed5d81fa-aaf0-49db-aa57-acca1dd387bd@group-729F0664FEA8, cid=3817, SUCCESS, logIndex=5387, commits[ed5d81fa-aaf0-49db-aa57-acca1dd387bd:c5390]
2019-09-10 22:12:26,028 [grpc-default-executor-1] INFO  client.GrpcClientProtocolClient (GrpcClientProtocolClient.java:onNext(255)) - client-0C76110B8A2B->ed5d81fa-aaf0-49db-aa57-acca1dd387bd: receive RaftClientReply:client-0C76110B8A2B->ed5d81fa-aaf0-49db-aa57-acca1dd387bd@group-729F0664FEA8, cid=3818, SUCCESS, logIndex=5388, commits[ed5d81fa-aaf0-49db-aa57-acca1dd387bd:c5391]
2019-09-10 22:12:26,028 [grpc-default-executor-1] INFO  client.GrpcClientProtocolClient (GrpcClientProtocolClient.java:onNext(255)) - client-0C76110B8A2B->ed5d81fa-aaf0-49db-aa57-acca1dd387bd: receive RaftClientReply:client-0C76110B8A2B->ed5d81fa-aaf0-49db-aa57-acca1dd387bd@group-729F0664FEA8, cid=3819, SUCCESS, logIndex=5389, commits[ed5d81fa-aaf0-49db-aa57-acca1dd387bd:c5391]
2019-09-10 22:12:26,028 [grpc-default-executor-1] INFO  client.GrpcClientProtocolClient (GrpcClientProtocolClient.java:onNext(255)) - client-0C76110B8A2B->ed5d81fa-aaf0-49db-aa57-acca1dd387bd: receive RaftClientReply:client-0C76110B8A2B->ed5d81fa-aaf0-49db-aa57-acca1dd387bd@group-729F0664FEA8, cid=3820, SUCCESS, logIndex=5390, commits[ed5d81fa-aaf0-49db-aa57-acca1dd387bd:c5391]
2019-09-10 22:12:26,045 [grpc-default-executor-0] INFO  client.GrpcClientProtocolClient (GrpcClientProtocolClient.java:onNext(255)) - client-0C76110B8A2B->ed5d81fa-aaf0-49db-aa57-acca1dd387bd: receive RaftClientReply:client-0C76110B8A2B->ed5d81fa-aaf0-49db-aa57-acca1dd387bd@group-729F0664FEA8, cid=3821, SUCCESS, logIndex=5392, commits[ed5d81fa-aaf0-49db-aa57-acca1dd387bd:c5393]
2019-09-10 22:12:26,046 [grpc-default-executor-0] INFO  client.GrpcClientProtocolClient (GrpcClientProtocolClient.java:onNext(255)) - client-0C76110B8A2B->ed5d81fa-aaf0-49db-aa57-acca1dd387bd: receive RaftClientReply:client-0C76110B8A2B->ed5d81fa-aaf0-49db-aa57-acca1dd387bd@group-729F0664FEA8, cid=3822, SUCCESS, logIndex=5393, commits[ed5d81fa-aaf0-49db-aa57-acca1dd387bd:c5395]
2019-09-10 22:12:26,046 [grpc-default-executor-0] INFO  client.GrpcClientProtocolClient (GrpcClientProtocolClient.java:onNext(255)) - client-0C76110B8A2B->ed5d81fa-aaf0-49db-aa57-acca1dd387bd: receive RaftClientReply:client-0C76110B8A2B->ed5d81fa-aaf0-49db-aa57-acca1dd387bd@group-729F0664FEA8, cid=3823, SUCCESS, logIndex=5394, commits[ed5d81fa-aaf0-49db-aa57-acca1dd387bd:c5396]
2019-09-10 22:12:26,046 [grpc-default-executor-0] INFO  client.GrpcClientProtocolClient (GrpcClientProtocolClient.java:onNext(255)) - client-0C76110B8A2B->ed5d81fa-aaf0-49db-aa57-acca1dd387bd: receive RaftClientReply:client-0C76110B8A2B->ed5d81fa-aaf0-49db-aa57-acca1dd387bd@group-729F0664FEA8, cid=3824, SUCCESS, logIndex=5395, commits[ed5d81fa-aaf0-49db-aa57-acca1dd387bd:c5396]
2019-09-10 22:12:26,072 [grpc-default-executor-1] INFO  client.GrpcClientProtocolClient (GrpcClientProtocolClient.java:onNext(255)) - client-0C76110B8A2B->ed5d81fa-aaf0-49db-aa57-acca1dd387bd: receive RaftClientReply:client-0C76110B8A2B->ed5d81fa-aaf0-49db-aa57-acca1dd387bd@group-729F0664FEA8, cid=3825, SUCCESS, logIndex=5398, commits[ed5d81fa-aaf0-49db-aa57-acca1dd387bd:c5399]
2019-09-10 22:12:26,072 [grpc-default-executor-1] INFO  client.GrpcClientProtocolClient (GrpcClientProtocolClient.java:onNext(255)) - client-0C76110B8A2B->ed5d81fa-aaf0-49db-aa57-acca1dd387bd: receive RaftClientReply:client-0C76110B8A2B->ed5d81fa-aaf0-49db-aa57-acca1dd387bd@group-729F0664FEA8, cid=3826, SUCCESS, logIndex=5399, commits[ed5d81fa-aaf0-49db-aa57-acca1dd387bd:c5399]
2019-09-10 22:12:26,074 [grpc-default-executor-1] INFO  client.GrpcClientProtocolClient (GrpcClientProtocolClient.java:onNext(255)) - client-0C76110B8A2B->ed5d81fa-aaf0-49db-aa57-acca1dd387bd: receive RaftClientReply:client-0C76110B8A2B->ed5d81fa-aaf0-49db-aa57-acca1dd387bd@group-729F0664FEA8, cid=3827, SUCCESS, logIndex=5400, commits[ed5d81fa-aaf0-49db-aa57-acca1dd387bd:c5401]
2019-09-10 22:12:26,074 [grpc-default-executor-1] INFO  client.GrpcClientProtocolClient (GrpcClientProtocolClient.java:onNext(255)) - client-0C76110B8A2B->ed5d81fa-aaf0-49db-aa57-acca1dd387bd: receive RaftClientReply:client-0C76110B8A2B->ed5d81fa-aaf0-49db-aa57-acca1dd387bd@group-729F0664FEA8, cid=3828, SUCCESS, logIndex=5401, commits[ed5d81fa-aaf0-49db-aa57-acca1dd387bd:c5401]
2019-09-10 22:12:26,075 [SCMBlockDeletingService#1] DEBUG block.SCMBlockDeletingService (SCMBlockDeletingService.java:call(138)) - Running DeletedBlockTransactionScanner
2019-09-10 22:12:26,075 [SCMBlockDeletingService#1] DEBUG block.SCMBlockDeletingService (SCMBlockDeletingService.java:call(155)) - Scanned deleted blocks log and got 0 delTX to process.
2019-09-10 22:12:26,086 [grpc-default-executor-1] INFO  client.GrpcClientProtocolClient (GrpcClientProtocolClient.java:onNext(255)) - client-0C76110B8A2B->ed5d81fa-aaf0-49db-aa57-acca1dd387bd: receive RaftClientReply:client-0C76110B8A2B->ed5d81fa-aaf0-49db-aa57-acca1dd387bd@group-729F0664FEA8, cid=3829, SUCCESS, logIndex=5404, commits[ed5d81fa-aaf0-49db-aa57-acca1dd387bd:c5407]
2019-09-10 22:12:26,086 [grpc-default-executor-1] INFO  client.GrpcClientProtocolClient (GrpcClientProtocolClient.java:onNext(255)) - client-0C76110B8A2B->ed5d81fa-aaf0-49db-aa57-acca1dd387bd: receive RaftClientReply:client-0C76110B8A2B->ed5d81fa-aaf0-49db-aa57-acca1dd387bd@group-729F0664FEA8, cid=3830, SUCCESS, logIndex=5405, commits[ed5d81fa-aaf0-49db-aa57-acca1dd387bd:c5408]
2019-09-10 22:12:26,086 [grpc-default-executor-1] INFO  client.GrpcClientProtocolClient (GrpcClientProtocolClient.java:onNext(255)) - client-0C76110B8A2B->ed5d81fa-aaf0-49db-aa57-acca1dd387bd: receive RaftClientReply:client-0C76110B8A2B->ed5d81fa-aaf0-49db-aa57-acca1dd387bd@group-729F0664FEA8, cid=3831, SUCCESS, logIndex=5406, commits[ed5d81fa-aaf0-49db-aa57-acca1dd387bd:c5408]
2019-09-10 22:12:26,087 [grpc-default-executor-1] INFO  client.GrpcClientProtocolClient (GrpcClientProtocolClient.java:onNext(255)) - client-0C76110B8A2B->ed5d81fa-aaf0-49db-aa57-acca1dd387bd: receive RaftClientReply:client-0C76110B8A2B->ed5d81fa-aaf0-49db-aa57-acca1dd387bd@group-729F0664FEA8, cid=3832, SUCCESS, logIndex=5407, commits[ed5d81fa-aaf0-49db-aa57-acca1dd387bd:c5408]
2019-09-10 22:12:26,113 [grpc-default-executor-1] INFO  client.GrpcClientProtocolClient (GrpcClientProtocolClient.java:onNext(255)) - client-0C76110B8A2B->ed5d81fa-aaf0-49db-aa57-acca1dd387bd: receive RaftClientReply:client-0C76110B8A2B->ed5d81fa-aaf0-49db-aa57-acca1dd387bd@group-729F0664FEA8, cid=3833, SUCCESS, logIndex=5409, commits[ed5d81fa-aaf0-49db-aa57-acca1dd387bd:c5410]
2019-09-10 22:12:26,113 [grpc-default-executor-1] INFO  client.GrpcClientProtocolClient (GrpcClientProtocolClient.java:onNext(255)) - client-0C76110B8A2B->ed5d81fa-aaf0-49db-aa57-acca1dd387bd: receive RaftClientReply:client-0C76110B8A2B->ed5d81fa-aaf0-49db-aa57-acca1dd387bd@group-729F0664FEA8, cid=3834, SUCCESS, logIndex=5410, commits[ed5d81fa-aaf0-49db-aa57-acca1dd387bd:c5412]
2019-09-10 22:12:26,113 [grpc-default-executor-1] INFO  client.GrpcClientProtocolClient (GrpcClientProtocolClient.java:onNext(255)) - client-0C76110B8A2B->ed5d81fa-aaf0-49db-aa57-acca1dd387bd: receive RaftClientReply:client-0C76110B8A2B->ed5d81fa-aaf0-49db-aa57-acca1dd387bd@group-729F0664FEA8, cid=3835, SUCCESS, logIndex=5411, commits[ed5d81fa-aaf0-49db-aa57-acca1dd387bd:c5413]
2019-09-10 22:12:26,114 [grpc-default-executor-1] INFO  client.GrpcClientProtocolClient (GrpcClientProtocolClient.java:onNext(255)) - client-0C76110B8A2B->ed5d81fa-aaf0-49db-aa57-acca1dd387bd: receive RaftClientReply:client-0C76110B8A2B->ed5d81fa-aaf0-49db-aa57-acca1dd387bd@group-729F0664FEA8, cid=3836, SUCCESS, logIndex=5412, commits[ed5d81fa-aaf0-49db-aa57-acca1dd387bd:c5413]
2019-09-10 22:12:26,132 [grpc-default-executor-0] INFO  client.GrpcClientProtocolClient (GrpcClientProtocolClient.java:onNext(255)) - client-0C76110B8A2B->ed5d81fa-aaf0-49db-aa57-acca1dd387bd: receive RaftClientReply:client-0C76110B8A2B->ed5d81fa-aaf0-49db-aa57-acca1dd387bd@group-729F0664FEA8, cid=3837, SUCCESS, logIndex=5415, commits[ed5d81fa-aaf0-49db-aa57-acca1dd387bd:c5416]
2019-09-10 22:12:26,133 [grpc-default-executor-0] INFO  client.GrpcClientProtocolClient (GrpcClientProtocolClient.java:onNext(255)) - client-0C76110B8A2B->ed5d81fa-aaf0-49db-aa57-acca1dd387bd: receive RaftClientReply:client-0C76110B8A2B->ed5d81fa-aaf0-49db-aa57-acca1dd387bd@group-729F0664FEA8, cid=3838, SUCCESS, logIndex=5416, commits[ed5d81fa-aaf0-49db-aa57-acca1dd387bd:c5416]
2019-09-10 22:12:26,134 [grpc-default-executor-0] INFO  client.GrpcClientProtocolClient (GrpcClientProtocolClient.java:onNext(255)) - client-0C76110B8A2B->ed5d81fa-aaf0-49db-aa57-acca1dd387bd: receive RaftClientReply:client-0C76110B8A2B->ed5d81fa-aaf0-49db-aa57-acca1dd387bd@group-729F0664FEA8, cid=3839, SUCCESS, logIndex=5417, commits[ed5d81fa-aaf0-49db-aa57-acca1dd387bd:c5418]
2019-09-10 22:12:26,134 [grpc-default-executor-0] INFO  client.GrpcClientProtocolClient (GrpcClientProtocolClient.java:onNext(255)) - client-0C76110B8A2B->ed5d81fa-aaf0-49db-aa57-acca1dd387bd: receive RaftClientReply:client-0C76110B8A2B->ed5d81fa-aaf0-49db-aa57-acca1dd387bd@group-729F0664FEA8, cid=3840, SUCCESS, logIndex=5418, commits[ed5d81fa-aaf0-49db-aa57-acca1dd387bd:c5418]
2019-09-10 22:12:26,161 [grpc-default-executor-0] INFO  client.GrpcClientProtocolClient (GrpcClientProtocolClient.java:onNext(255)) - client-0C76110B8A2B->ed5d81fa-aaf0-49db-aa57-acca1dd387bd: receive RaftClientReply:client-0C76110B8A2B->ed5d81fa-aaf0-49db-aa57-acca1dd387bd@group-729F0664FEA8, cid=3841, SUCCESS, logIndex=5421, commits[ed5d81fa-aaf0-49db-aa57-acca1dd387bd:c5424]
2019-09-10 22:12:26,162 [grpc-default-executor-0] INFO  client.GrpcClientProtocolClient (GrpcClientProtocolClient.java:onNext(255)) - client-0C76110B8A2B->ed5d81fa-aaf0-49db-aa57-acca1dd387bd: receive RaftClientReply:client-0C76110B8A2B->ed5d81fa-aaf0-49db-aa57-acca1dd387bd@group-729F0664FEA8, cid=3842, SUCCESS, logIndex=5422, commits[ed5d81fa-aaf0-49db-aa57-acca1dd387bd:c5424]
2019-09-10 22:12:26,162 [grpc-default-executor-0] INFO  client.GrpcClientProtocolClient (GrpcClientProtocolClient.java:onNext(255)) - client-0C76110B8A2B->ed5d81fa-aaf0-49db-aa57-acca1dd387bd: receive RaftClientReply:client-0C76110B8A2B->ed5d81fa-aaf0-49db-aa57-acca1dd387bd@group-729F0664FEA8, cid=3843, SUCCESS, logIndex=5423, commits[ed5d81fa-aaf0-49db-aa57-acca1dd387bd:c5425]
2019-09-10 22:12:26,162 [grpc-default-executor-0] INFO  client.GrpcClientProtocolClient (GrpcClientProtocolClient.java:onNext(255)) - client-0C76110B8A2B->ed5d81fa-aaf0-49db-aa57-acca1dd387bd: receive RaftClientReply:client-0C76110B8A2B->ed5d81fa-aaf0-49db-aa57-acca1dd387bd@group-729F0664FEA8, cid=3844, SUCCESS, logIndex=5424, commits[ed5d81fa-aaf0-49db-aa57-acca1dd387bd:c5425]
2019-09-10 22:12:26,176 [SCMBlockDeletingService#1] DEBUG block.SCMBlockDeletingService (SCMBlockDeletingService.java:call(138)) - Running DeletedBlockTransactionScanner
2019-09-10 22:12:26,176 [SCMBlockDeletingService#1] DEBUG block.SCMBlockDeletingService (SCMBlockDeletingService.java:call(155)) - Scanned deleted blocks log and got 0 delTX to process.
2019-09-10 22:12:26,276 [SCMBlockDeletingService#1] DEBUG block.SCMBlockDeletingService (SCMBlockDeletingService.java:call(138)) - Running DeletedBlockTransactionScanner
2019-09-10 22:12:26,277 [SCMBlockDeletingService#1] DEBUG block.SCMBlockDeletingService (SCMBlockDeletingService.java:call(155)) - Scanned deleted blocks log and got 0 delTX to process.
2019-09-10 22:12:26,279 [grpc-default-executor-1] INFO  client.GrpcClientProtocolClient (GrpcClientProtocolClient.java:onNext(255)) - client-0C76110B8A2B->ed5d81fa-aaf0-49db-aa57-acca1dd387bd: receive RaftClientReply:client-0C76110B8A2B->ed5d81fa-aaf0-49db-aa57-acca1dd387bd@group-729F0664FEA8, cid=3845, SUCCESS, logIndex=5426, commits[ed5d81fa-aaf0-49db-aa57-acca1dd387bd:c5429]
2019-09-10 22:12:26,279 [grpc-default-executor-1] INFO  client.GrpcClientProtocolClient (GrpcClientProtocolClient.java:onNext(255)) - client-0C76110B8A2B->ed5d81fa-aaf0-49db-aa57-acca1dd387bd: receive RaftClientReply:client-0C76110B8A2B->ed5d81fa-aaf0-49db-aa57-acca1dd387bd@group-729F0664FEA8, cid=3846, SUCCESS, logIndex=5427, commits[ed5d81fa-aaf0-49db-aa57-acca1dd387bd:c5430]
2019-09-10 22:12:26,280 [grpc-default-executor-1] INFO  client.GrpcClientProtocolClient (GrpcClientProtocolClient.java:onNext(255)) - client-0C76110B8A2B->ed5d81fa-aaf0-49db-aa57-acca1dd387bd: receive RaftClientReply:client-0C76110B8A2B->ed5d81fa-aaf0-49db-aa57-acca1dd387bd@group-729F0664FEA8, cid=3847, SUCCESS, logIndex=5428, commits[ed5d81fa-aaf0-49db-aa57-acca1dd387bd:c5430]
2019-09-10 22:12:26,280 [grpc-default-executor-0] INFO  client.GrpcClientProtocolClient (GrpcClientProtocolClient.java:onNext(255)) - client-0C76110B8A2B->ed5d81fa-aaf0-49db-aa57-acca1dd387bd: receive RaftClientReply:client-0C76110B8A2B->ed5d81fa-aaf0-49db-aa57-acca1dd387bd@group-729F0664FEA8, cid=3848, SUCCESS, logIndex=5429, commits[ed5d81fa-aaf0-49db-aa57-acca1dd387bd:c5430]
2019-09-10 22:12:26,309 [grpc-default-executor-0] INFO  client.GrpcClientProtocolClient (GrpcClientProtocolClient.java:onNext(255)) - client-0C76110B8A2B->ed5d81fa-aaf0-49db-aa57-acca1dd387bd: receive RaftClientReply:client-0C76110B8A2B->ed5d81fa-aaf0-49db-aa57-acca1dd387bd@group-729F0664FEA8, cid=3849, SUCCESS, logIndex=5431, commits[ed5d81fa-aaf0-49db-aa57-acca1dd387bd:c5432]
2019-09-10 22:12:26,309 [grpc-default-executor-0] INFO  client.GrpcClientProtocolClient (GrpcClientProtocolClient.java:onNext(255)) - client-0C76110B8A2B->ed5d81fa-aaf0-49db-aa57-acca1dd387bd: receive RaftClientReply:client-0C76110B8A2B->ed5d81fa-aaf0-49db-aa57-acca1dd387bd@group-729F0664FEA8, cid=3850, SUCCESS, logIndex=5432, commits[ed5d81fa-aaf0-49db-aa57-acca1dd387bd:c5434]
2019-09-10 22:12:26,310 [grpc-default-executor-0] INFO  client.GrpcClientProtocolClient (GrpcClientProtocolClient.java:onNext(255)) - client-0C76110B8A2B->ed5d81fa-aaf0-49db-aa57-acca1dd387bd: receive RaftClientReply:client-0C76110B8A2B->ed5d81fa-aaf0-49db-aa57-acca1dd387bd@group-729F0664FEA8, cid=3851, SUCCESS, logIndex=5433, commits[ed5d81fa-aaf0-49db-aa57-acca1dd387bd:c5435]
2019-09-10 22:12:26,310 [grpc-default-executor-0] INFO  client.GrpcClientProtocolClient (GrpcClientProtocolClient.java:onNext(255)) - client-0C76110B8A2B->ed5d81fa-aaf0-49db-aa57-acca1dd387bd: receive RaftClientReply:client-0C76110B8A2B->ed5d81fa-aaf0-49db-aa57-acca1dd387bd@group-729F0664FEA8, cid=3852, SUCCESS, logIndex=5434, commits[ed5d81fa-aaf0-49db-aa57-acca1dd387bd:c5435]
2019-09-10 22:12:26,328 [grpc-default-executor-1] INFO  client.GrpcClientProtocolClient (GrpcClientProtocolClient.java:onNext(255)) - client-0C76110B8A2B->ed5d81fa-aaf0-49db-aa57-acca1dd387bd: receive RaftClientReply:client-0C76110B8A2B->ed5d81fa-aaf0-49db-aa57-acca1dd387bd@group-729F0664FEA8, cid=3853, SUCCESS, logIndex=5437, commits[ed5d81fa-aaf0-49db-aa57-acca1dd387bd:c5438]
2019-09-10 22:12:26,329 [grpc-default-executor-1] INFO  client.GrpcClientProtocolClient (GrpcClientProtocolClient.java:onNext(255)) - client-0C76110B8A2B->ed5d81fa-aaf0-49db-aa57-acca1dd387bd: receive RaftClientReply:client-0C76110B8A2B->ed5d81fa-aaf0-49db-aa57-acca1dd387bd@group-729F0664FEA8, cid=3854, SUCCESS, logIndex=5438, commits[ed5d81fa-aaf0-49db-aa57-acca1dd387bd:c5438]
2019-09-10 22:12:26,331 [grpc-default-executor-1] INFO  client.GrpcClientProtocolClient (GrpcClientProtocolClient.java:onNext(255)) - client-0C76110B8A2B->ed5d81fa-aaf0-49db-aa57-acca1dd387bd: receive RaftClientReply:client-0C76110B8A2B->ed5d81fa-aaf0-49db-aa57-acca1dd387bd@group-729F0664FEA8, cid=3855, SUCCESS, logIndex=5439, commits[ed5d81fa-aaf0-49db-aa57-acca1dd387bd:c5440]
2019-09-10 22:12:26,331 [grpc-default-executor-1] INFO  client.GrpcClientProtocolClient (GrpcClientProtocolClient.java:onNext(255)) - client-0C76110B8A2B->ed5d81fa-aaf0-49db-aa57-acca1dd387bd: receive RaftClientReply:client-0C76110B8A2B->ed5d81fa-aaf0-49db-aa57-acca1dd387bd@group-729F0664FEA8, cid=3856, SUCCESS, logIndex=5440, commits[ed5d81fa-aaf0-49db-aa57-acca1dd387bd:c5440]
2019-09-10 22:12:26,359 [grpc-default-executor-1] INFO  client.GrpcClientProtocolClient (GrpcClientProtocolClient.java:onNext(255)) - client-0C76110B8A2B->ed5d81fa-aaf0-49db-aa57-acca1dd387bd: receive RaftClientReply:client-0C76110B8A2B->ed5d81fa-aaf0-49db-aa57-acca1dd387bd@group-729F0664FEA8, cid=3857, SUCCESS, logIndex=5443, commits[ed5d81fa-aaf0-49db-aa57-acca1dd387bd:c5444]
2019-09-10 22:12:26,360 [grpc-default-executor-1] INFO  client.GrpcClientProtocolClient (GrpcClientProtocolClient.java:onNext(255)) - client-0C76110B8A2B->ed5d81fa-aaf0-49db-aa57-acca1dd387bd: receive RaftClientReply:client-0C76110B8A2B->ed5d81fa-aaf0-49db-aa57-acca1dd387bd@group-729F0664FEA8, cid=3858, SUCCESS, logIndex=5444, commits[ed5d81fa-aaf0-49db-aa57-acca1dd387bd:c5446]
2019-09-10 22:12:26,360 [grpc-default-executor-1] INFO  client.GrpcClientProtocolClient (GrpcClientProtocolClient.java:onNext(255)) - client-0C76110B8A2B->ed5d81fa-aaf0-49db-aa57-acca1dd387bd: receive RaftClientReply:client-0C76110B8A2B->ed5d81fa-aaf0-49db-aa57-acca1dd387bd@group-729F0664FEA8, cid=3859, SUCCESS, logIndex=5445, commits[ed5d81fa-aaf0-49db-aa57-acca1dd387bd:c5446]
2019-09-10 22:12:26,360 [grpc-default-executor-1] INFO  client.GrpcClientProtocolClient (GrpcClientProtocolClient.java:onNext(255)) - client-0C76110B8A2B->ed5d81fa-aaf0-49db-aa57-acca1dd387bd: receive RaftClientReply:client-0C76110B8A2B->ed5d81fa-aaf0-49db-aa57-acca1dd387bd@group-729F0664FEA8, cid=3860, SUCCESS, logIndex=5446, commits[ed5d81fa-aaf0-49db-aa57-acca1dd387bd:c5447]
2019-09-10 22:12:26,377 [SCMBlockDeletingService#1] DEBUG block.SCMBlockDeletingService (SCMBlockDeletingService.java:call(138)) - Running DeletedBlockTransactionScanner
2019-09-10 22:12:26,377 [SCMBlockDeletingService#1] DEBUG block.SCMBlockDeletingService (SCMBlockDeletingService.java:call(155)) - Scanned deleted blocks log and got 0 delTX to process.
2019-09-10 22:12:26,379 [grpc-default-executor-1] INFO  client.GrpcClientProtocolClient (GrpcClientProtocolClient.java:onNext(255)) - client-0C76110B8A2B->ed5d81fa-aaf0-49db-aa57-acca1dd387bd: receive RaftClientReply:client-0C76110B8A2B->ed5d81fa-aaf0-49db-aa57-acca1dd387bd@group-729F0664FEA8, cid=3861, SUCCESS, logIndex=5449, commits[ed5d81fa-aaf0-49db-aa57-acca1dd387bd:c5450]
2019-09-10 22:12:26,379 [grpc-default-executor-1] INFO  client.GrpcClientProtocolClient (GrpcClientProtocolClient.java:onNext(255)) - client-0C76110B8A2B->ed5d81fa-aaf0-49db-aa57-acca1dd387bd: receive RaftClientReply:client-0C76110B8A2B->ed5d81fa-aaf0-49db-aa57-acca1dd387bd@group-729F0664FEA8, cid=3862, SUCCESS, logIndex=5450, commits[ed5d81fa-aaf0-49db-aa57-acca1dd387bd:c5452]
2019-09-10 22:12:26,380 [grpc-default-executor-1] INFO  client.GrpcClientProtocolClient (GrpcClientProtocolClient.java:onNext(255)) - client-0C76110B8A2B->ed5d81fa-aaf0-49db-aa57-acca1dd387bd: receive RaftClientReply:client-0C76110B8A2B->ed5d81fa-aaf0-49db-aa57-acca1dd387bd@group-729F0664FEA8, cid=3863, SUCCESS, logIndex=5451, commits[ed5d81fa-aaf0-49db-aa57-acca1dd387bd:c5452]
2019-09-10 22:12:26,380 [grpc-default-executor-1] INFO  client.GrpcClientProtocolClient (GrpcClientProtocolClient.java:onNext(255)) - client-0C76110B8A2B->ed5d81fa-aaf0-49db-aa57-acca1dd387bd: receive RaftClientReply:client-0C76110B8A2B->ed5d81fa-aaf0-49db-aa57-acca1dd387bd@group-729F0664FEA8, cid=3864, SUCCESS, logIndex=5452, commits[ed5d81fa-aaf0-49db-aa57-acca1dd387bd:c5453]
2019-09-10 22:12:26,408 [grpc-default-executor-0] INFO  client.GrpcClientProtocolClient (GrpcClientProtocolClient.java:onNext(255)) - client-0C76110B8A2B->ed5d81fa-aaf0-49db-aa57-acca1dd387bd: receive RaftClientReply:client-0C76110B8A2B->ed5d81fa-aaf0-49db-aa57-acca1dd387bd@group-729F0664FEA8, cid=3865, SUCCESS, logIndex=5455, commits[ed5d81fa-aaf0-49db-aa57-acca1dd387bd:c5458]
2019-09-10 22:12:26,409 [grpc-default-executor-0] INFO  client.GrpcClientProtocolClient (GrpcClientProtocolClient.java:onNext(255)) - client-0C76110B8A2B->ed5d81fa-aaf0-49db-aa57-acca1dd387bd: receive RaftClientReply:client-0C76110B8A2B->ed5d81fa-aaf0-49db-aa57-acca1dd387bd@group-729F0664FEA8, cid=3866, SUCCESS, logIndex=5456, commits[ed5d81fa-aaf0-49db-aa57-acca1dd387bd:c5459]
2019-09-10 22:12:26,409 [grpc-default-executor-0] INFO  client.GrpcClientProtocolClient (GrpcClientProtocolClient.java:onNext(255)) - client-0C76110B8A2B->ed5d81fa-aaf0-49db-aa57-acca1dd387bd: receive RaftClientReply:client-0C76110B8A2B->ed5d81fa-aaf0-49db-aa57-acca1dd387bd@group-729F0664FEA8, cid=3867, SUCCESS, logIndex=5457, commits[ed5d81fa-aaf0-49db-aa57-acca1dd387bd:c5459]
2019-09-10 22:12:26,409 [grpc-default-executor-0] INFO  client.GrpcClientProtocolClient (GrpcClientProtocolClient.java:onNext(255)) - client-0C76110B8A2B->ed5d81fa-aaf0-49db-aa57-acca1dd387bd: receive RaftClientReply:client-0C76110B8A2B->ed5d81fa-aaf0-49db-aa57-acca1dd387bd@group-729F0664FEA8, cid=3868, SUCCESS, logIndex=5458, commits[ed5d81fa-aaf0-49db-aa57-acca1dd387bd:c5459]
2019-09-10 22:12:26,427 [grpc-default-executor-0] INFO  client.GrpcClientProtocolClient (GrpcClientProtocolClient.java:onNext(255)) - client-0C76110B8A2B->ed5d81fa-aaf0-49db-aa57-acca1dd387bd: receive RaftClientReply:client-0C76110B8A2B->ed5d81fa-aaf0-49db-aa57-acca1dd387bd@group-729F0664FEA8, cid=3869, SUCCESS, logIndex=5460, commits[ed5d81fa-aaf0-49db-aa57-acca1dd387bd:c5461]
2019-09-10 22:12:26,427 [grpc-default-executor-0] INFO  client.GrpcClientProtocolClient (GrpcClientProtocolClient.java:onNext(255)) - client-0C76110B8A2B->ed5d81fa-aaf0-49db-aa57-acca1dd387bd: receive RaftClientReply:client-0C76110B8A2B->ed5d81fa-aaf0-49db-aa57-acca1dd387bd@group-729F0664FEA8, cid=3870, SUCCESS, logIndex=5461, commits[ed5d81fa-aaf0-49db-aa57-acca1dd387bd:c5463]
2019-09-10 22:12:26,428 [grpc-default-executor-0] INFO  client.GrpcClientProtocolClient (GrpcClientProtocolClient.java:onNext(255)) - client-0C76110B8A2B->ed5d81fa-aaf0-49db-aa57-acca1dd387bd: receive RaftClientReply:client-0C76110B8A2B->ed5d81fa-aaf0-49db-aa57-acca1dd387bd@group-729F0664FEA8, cid=3871, SUCCESS, logIndex=5462, commits[ed5d81fa-aaf0-49db-aa57-acca1dd387bd:c5464]
2019-09-10 22:12:26,428 [grpc-default-executor-0] INFO  client.GrpcClientProtocolClient (GrpcClientProtocolClient.java:onNext(255)) - client-0C76110B8A2B->ed5d81fa-aaf0-49db-aa57-acca1dd387bd: receive RaftClientReply:client-0C76110B8A2B->ed5d81fa-aaf0-49db-aa57-acca1dd387bd@group-729F0664FEA8, cid=3872, SUCCESS, logIndex=5463, commits[ed5d81fa-aaf0-49db-aa57-acca1dd387bd:c5464]
2019-09-10 22:12:26,456 [grpc-default-executor-1] INFO  client.GrpcClientProtocolClient (GrpcClientProtocolClient.java:onNext(255)) - client-0C76110B8A2B->ed5d81fa-aaf0-49db-aa57-acca1dd387bd: receive RaftClientReply:client-0C76110B8A2B->ed5d81fa-aaf0-49db-aa57-acca1dd387bd@group-729F0664FEA8, cid=3873, SUCCESS, logIndex=5466, commits[ed5d81fa-aaf0-49db-aa57-acca1dd387bd:c5467]
2019-09-10 22:12:26,457 [grpc-default-executor-1] INFO  client.GrpcClientProtocolClient (GrpcClientProtocolClient.java:onNext(255)) - client-0C76110B8A2B->ed5d81fa-aaf0-49db-aa57-acca1dd387bd: receive RaftClientReply:client-0C76110B8A2B->ed5d81fa-aaf0-49db-aa57-acca1dd387bd@group-729F0664FEA8, cid=3874, SUCCESS, logIndex=5467, commits[ed5d81fa-aaf0-49db-aa57-acca1dd387bd:c5469]
2019-09-10 22:12:26,457 [grpc-default-executor-1] INFO  client.GrpcClientProtocolClient (GrpcClientProtocolClient.java:onNext(255)) - client-0C76110B8A2B->ed5d81fa-aaf0-49db-aa57-acca1dd387bd: receive RaftClientReply:client-0C76110B8A2B->ed5d81fa-aaf0-49db-aa57-acca1dd387bd@group-729F0664FEA8, cid=3875, SUCCESS, logIndex=5468, commits[ed5d81fa-aaf0-49db-aa57-acca1dd387bd:c5469]
2019-09-10 22:12:26,457 [grpc-default-executor-1] INFO  client.GrpcClientProtocolClient (GrpcClientProtocolClient.java:onNext(255)) - client-0C76110B8A2B->ed5d81fa-aaf0-49db-aa57-acca1dd387bd: receive RaftClientReply:client-0C76110B8A2B->ed5d81fa-aaf0-49db-aa57-acca1dd387bd@group-729F0664FEA8, cid=3876, SUCCESS, logIndex=5469, commits[ed5d81fa-aaf0-49db-aa57-acca1dd387bd:c5470]
2019-09-10 22:12:26,475 [grpc-default-executor-1] INFO  client.GrpcClientProtocolClient (GrpcClientProtocolClient.java:onNext(255)) - client-0C76110B8A2B->ed5d81fa-aaf0-49db-aa57-acca1dd387bd: receive RaftClientReply:client-0C76110B8A2B->ed5d81fa-aaf0-49db-aa57-acca1dd387bd@group-729F0664FEA8, cid=3877, SUCCESS, logIndex=5472, commits[ed5d81fa-aaf0-49db-aa57-acca1dd387bd:c5473]
2019-09-10 22:12:26,476 [grpc-default-executor-1] INFO  client.GrpcClientProtocolClient (GrpcClientProtocolClient.java:onNext(255)) - client-0C76110B8A2B->ed5d81fa-aaf0-49db-aa57-acca1dd387bd: receive RaftClientReply:client-0C76110B8A2B->ed5d81fa-aaf0-49db-aa57-acca1dd387bd@group-729F0664FEA8, cid=3878, SUCCESS, logIndex=5473, commits[ed5d81fa-aaf0-49db-aa57-acca1dd387bd:c5475]
2019-09-10 22:12:26,476 [grpc-default-executor-1] INFO  client.GrpcClientProtocolClient (GrpcClientProtocolClient.java:onNext(255)) - client-0C76110B8A2B->ed5d81fa-aaf0-49db-aa57-acca1dd387bd: receive RaftClientReply:client-0C76110B8A2B->ed5d81fa-aaf0-49db-aa57-acca1dd387bd@group-729F0664FEA8, cid=3879, SUCCESS, logIndex=5474, commits[ed5d81fa-aaf0-49db-aa57-acca1dd387bd:c5475]
2019-09-10 22:12:26,476 [grpc-default-executor-1] INFO  client.GrpcClientProtocolClient (GrpcClientProtocolClient.java:onNext(255)) - client-0C76110B8A2B->ed5d81fa-aaf0-49db-aa57-acca1dd387bd: receive RaftClientReply:client-0C76110B8A2B->ed5d81fa-aaf0-49db-aa57-acca1dd387bd@group-729F0664FEA8, cid=3880, SUCCESS, logIndex=5475, commits[ed5d81fa-aaf0-49db-aa57-acca1dd387bd:c5476]
2019-09-10 22:12:26,477 [SCMBlockDeletingService#1] DEBUG block.SCMBlockDeletingService (SCMBlockDeletingService.java:call(138)) - Running DeletedBlockTransactionScanner
2019-09-10 22:12:26,478 [SCMBlockDeletingService#1] DEBUG block.SCMBlockDeletingService (SCMBlockDeletingService.java:call(155)) - Scanned deleted blocks log and got 0 delTX to process.
2019-09-10 22:12:26,500 [grpc-default-executor-1] INFO  client.GrpcClientProtocolClient (GrpcClientProtocolClient.java:onNext(255)) - client-0C76110B8A2B->ed5d81fa-aaf0-49db-aa57-acca1dd387bd: receive RaftClientReply:client-0C76110B8A2B->ed5d81fa-aaf0-49db-aa57-acca1dd387bd@group-729F0664FEA8, cid=3881, SUCCESS, logIndex=5478, commits[ed5d81fa-aaf0-49db-aa57-acca1dd387bd:c5479]
2019-09-10 22:12:26,500 [grpc-default-executor-1] INFO  client.GrpcClientProtocolClient (GrpcClientProtocolClient.java:onNext(255)) - client-0C76110B8A2B->ed5d81fa-aaf0-49db-aa57-acca1dd387bd: receive RaftClientReply:client-0C76110B8A2B->ed5d81fa-aaf0-49db-aa57-acca1dd387bd@group-729F0664FEA8, cid=3882, SUCCESS, logIndex=5479, commits[ed5d81fa-aaf0-49db-aa57-acca1dd387bd:c5479]
2019-09-10 22:12:26,501 [grpc-default-executor-1] INFO  client.GrpcClientProtocolClient (GrpcClientProtocolClient.java:onNext(255)) - client-0C76110B8A2B->ed5d81fa-aaf0-49db-aa57-acca1dd387bd: receive RaftClientReply:client-0C76110B8A2B->ed5d81fa-aaf0-49db-aa57-acca1dd387bd@group-729F0664FEA8, cid=3883, SUCCESS, logIndex=5480, commits[ed5d81fa-aaf0-49db-aa57-acca1dd387bd:c5481]
2019-09-10 22:12:26,501 [grpc-default-executor-1] INFO  client.GrpcClientProtocolClient (GrpcClientProtocolClient.java:onNext(255)) - client-0C76110B8A2B->ed5d81fa-aaf0-49db-aa57-acca1dd387bd: receive RaftClientReply:client-0C76110B8A2B->ed5d81fa-aaf0-49db-aa57-acca1dd387bd@group-729F0664FEA8, cid=3884, SUCCESS, logIndex=5481, commits[ed5d81fa-aaf0-49db-aa57-acca1dd387bd:c5481]
2019-09-10 22:12:26,508 [grpc-default-executor-1] INFO  client.GrpcClientProtocolClient (GrpcClientProtocolClient.java:onNext(255)) - client-0C76110B8A2B->ed5d81fa-aaf0-49db-aa57-acca1dd387bd: receive RaftClientReply:client-0C76110B8A2B->ed5d81fa-aaf0-49db-aa57-acca1dd387bd@group-729F0664FEA8, cid=3885, SUCCESS, logIndex=5484, commits[ed5d81fa-aaf0-49db-aa57-acca1dd387bd:c5485]
2019-09-10 22:12:26,509 [grpc-default-executor-1] INFO  client.GrpcClientProtocolClient (GrpcClientProtocolClient.java:onNext(255)) - client-0C76110B8A2B->ed5d81fa-aaf0-49db-aa57-acca1dd387bd: receive RaftClientReply:client-0C76110B8A2B->ed5d81fa-aaf0-49db-aa57-acca1dd387bd@group-729F0664FEA8, cid=3886, SUCCESS, logIndex=5485, commits[ed5d81fa-aaf0-49db-aa57-acca1dd387bd:c5485]
2019-09-10 22:12:26,510 [grpc-default-executor-1] INFO  client.GrpcClientProtocolClient (GrpcClientProtocolClient.java:onNext(255)) - client-0C76110B8A2B->ed5d81fa-aaf0-49db-aa57-acca1dd387bd: receive RaftClientReply:client-0C76110B8A2B->ed5d81fa-aaf0-49db-aa57-acca1dd387bd@group-729F0664FEA8, cid=3887, SUCCESS, logIndex=5486, commits[ed5d81fa-aaf0-49db-aa57-acca1dd387bd:c5488]
2019-09-10 22:12:26,510 [grpc-default-executor-1] INFO  client.GrpcClientProtocolClient (GrpcClientProtocolClient.java:onNext(255)) - client-0C76110B8A2B->ed5d81fa-aaf0-49db-aa57-acca1dd387bd: receive RaftClientReply:client-0C76110B8A2B->ed5d81fa-aaf0-49db-aa57-acca1dd387bd@group-729F0664FEA8, cid=3888, SUCCESS, logIndex=5487, commits[ed5d81fa-aaf0-49db-aa57-acca1dd387bd:c5488]
2019-09-10 22:12:26,585 [SCMBlockDeletingService#1] DEBUG block.SCMBlockDeletingService (SCMBlockDeletingService.java:call(138)) - Running DeletedBlockTransactionScanner
2019-09-10 22:12:26,585 [SCMBlockDeletingService#1] DEBUG block.SCMBlockDeletingService (SCMBlockDeletingService.java:call(155)) - Scanned deleted blocks log and got 0 delTX to process.
2019-09-10 22:12:26,685 [SCMBlockDeletingService#1] DEBUG block.SCMBlockDeletingService (SCMBlockDeletingService.java:call(138)) - Running DeletedBlockTransactionScanner
2019-09-10 22:12:26,686 [SCMBlockDeletingService#1] DEBUG block.SCMBlockDeletingService (SCMBlockDeletingService.java:call(155)) - Scanned deleted blocks log and got 0 delTX to process.
2019-09-10 22:12:26,716 [grpc-default-executor-0] INFO  client.GrpcClientProtocolClient (GrpcClientProtocolClient.java:onNext(255)) - client-0C76110B8A2B->ed5d81fa-aaf0-49db-aa57-acca1dd387bd: receive RaftClientReply:client-0C76110B8A2B->ed5d81fa-aaf0-49db-aa57-acca1dd387bd@group-729F0664FEA8, cid=3889, SUCCESS, logIndex=5489, commits[ed5d81fa-aaf0-49db-aa57-acca1dd387bd:c5490]
2019-09-10 22:12:26,717 [grpc-default-executor-0] INFO  client.GrpcClientProtocolClient (GrpcClientProtocolClient.java:onNext(255)) - client-0C76110B8A2B->ed5d81fa-aaf0-49db-aa57-acca1dd387bd: receive RaftClientReply:client-0C76110B8A2B->ed5d81fa-aaf0-49db-aa57-acca1dd387bd@group-729F0664FEA8, cid=3890, SUCCESS, logIndex=5490, commits[ed5d81fa-aaf0-49db-aa57-acca1dd387bd:c5490]
2019-09-10 22:12:26,719 [grpc-default-executor-0] INFO  client.GrpcClientProtocolClient (GrpcClientProtocolClient.java:onNext(255)) - client-0C76110B8A2B->ed5d81fa-aaf0-49db-aa57-acca1dd387bd: receive RaftClientReply:client-0C76110B8A2B->ed5d81fa-aaf0-49db-aa57-acca1dd387bd@group-729F0664FEA8, cid=3891, SUCCESS, logIndex=5491, commits[ed5d81fa-aaf0-49db-aa57-acca1dd387bd:c5492]
2019-09-10 22:12:26,719 [grpc-default-executor-0] INFO  client.GrpcClientProtocolClient (GrpcClientProtocolClient.java:onNext(255)) - client-0C76110B8A2B->ed5d81fa-aaf0-49db-aa57-acca1dd387bd: receive RaftClientReply:client-0C76110B8A2B->ed5d81fa-aaf0-49db-aa57-acca1dd387bd@group-729F0664FEA8, cid=3892, SUCCESS, logIndex=5492, commits[ed5d81fa-aaf0-49db-aa57-acca1dd387bd:c5492]
2019-09-10 22:12:26,731 [grpc-default-executor-1] INFO  client.GrpcClientProtocolClient (GrpcClientProtocolClient.java:onNext(255)) - client-0C76110B8A2B->ed5d81fa-aaf0-49db-aa57-acca1dd387bd: receive RaftClientReply:client-0C76110B8A2B->ed5d81fa-aaf0-49db-aa57-acca1dd387bd@group-729F0664FEA8, cid=3893, SUCCESS, logIndex=5495, commits[ed5d81fa-aaf0-49db-aa57-acca1dd387bd:c5498]
2019-09-10 22:12:26,731 [grpc-default-executor-1] INFO  client.GrpcClientProtocolClient (GrpcClientProtocolClient.java:onNext(255)) - client-0C76110B8A2B->ed5d81fa-aaf0-49db-aa57-acca1dd387bd: receive RaftClientReply:client-0C76110B8A2B->ed5d81fa-aaf0-49db-aa57-acca1dd387bd@group-729F0664FEA8, cid=3894, SUCCESS, logIndex=5496, commits[ed5d81fa-aaf0-49db-aa57-acca1dd387bd:c5499]
2019-09-10 22:12:26,731 [grpc-default-executor-1] INFO  client.GrpcClientProtocolClient (GrpcClientProtocolClient.java:onNext(255)) - client-0C76110B8A2B->ed5d81fa-aaf0-49db-aa57-acca1dd387bd: receive RaftClientReply:client-0C76110B8A2B->ed5d81fa-aaf0-49db-aa57-acca1dd387bd@group-729F0664FEA8, cid=3895, SUCCESS, logIndex=5497, commits[ed5d81fa-aaf0-49db-aa57-acca1dd387bd:c5499]
2019-09-10 22:12:26,732 [grpc-default-executor-1] INFO  client.GrpcClientProtocolClient (GrpcClientProtocolClient.java:onNext(255)) - client-0C76110B8A2B->ed5d81fa-aaf0-49db-aa57-acca1dd387bd: receive RaftClientReply:client-0C76110B8A2B->ed5d81fa-aaf0-49db-aa57-acca1dd387bd@group-729F0664FEA8, cid=3896, SUCCESS, logIndex=5498, commits[ed5d81fa-aaf0-49db-aa57-acca1dd387bd:c5499]
2019-09-10 22:12:26,759 [grpc-default-executor-0] INFO  client.GrpcClientProtocolClient (GrpcClientProtocolClient.java:onNext(255)) - client-0C76110B8A2B->ed5d81fa-aaf0-49db-aa57-acca1dd387bd: receive RaftClientReply:client-0C76110B8A2B->ed5d81fa-aaf0-49db-aa57-acca1dd387bd@group-729F0664FEA8, cid=3897, SUCCESS, logIndex=5500, commits[ed5d81fa-aaf0-49db-aa57-acca1dd387bd:c5503]
2019-09-10 22:12:26,759 [grpc-default-executor-0] INFO  client.GrpcClientProtocolClient (GrpcClientProtocolClient.java:onNext(255)) - client-0C76110B8A2B->ed5d81fa-aaf0-49db-aa57-acca1dd387bd: receive RaftClientReply:client-0C76110B8A2B->ed5d81fa-aaf0-49db-aa57-acca1dd387bd@group-729F0664FEA8, cid=3898, SUCCESS, logIndex=5501, commits[ed5d81fa-aaf0-49db-aa57-acca1dd387bd:c5503]
2019-09-10 22:12:26,760 [grpc-default-executor-0] INFO  client.GrpcClientProtocolClient (GrpcClientProtocolClient.java:onNext(255)) - client-0C76110B8A2B->ed5d81fa-aaf0-49db-aa57-acca1dd387bd: receive RaftClientReply:client-0C76110B8A2B->ed5d81fa-aaf0-49db-aa57-acca1dd387bd@group-729F0664FEA8, cid=3899, SUCCESS, logIndex=5502, commits[ed5d81fa-aaf0-49db-aa57-acca1dd387bd:c5504]
2019-09-10 22:12:26,760 [grpc-default-executor-0] INFO  client.GrpcClientProtocolClient (GrpcClientProtocolClient.java:onNext(255)) - client-0C76110B8A2B->ed5d81fa-aaf0-49db-aa57-acca1dd387bd: receive RaftClientReply:client-0C76110B8A2B->ed5d81fa-aaf0-49db-aa57-acca1dd387bd@group-729F0664FEA8, cid=3900, SUCCESS, logIndex=5503, commits[ed5d81fa-aaf0-49db-aa57-acca1dd387bd:c5504]
2019-09-10 22:12:26,777 [grpc-default-executor-0] INFO  client.GrpcClientProtocolClient (GrpcClientProtocolClient.java:onNext(255)) - client-0C76110B8A2B->ed5d81fa-aaf0-49db-aa57-acca1dd387bd: receive RaftClientReply:client-0C76110B8A2B->ed5d81fa-aaf0-49db-aa57-acca1dd387bd@group-729F0664FEA8, cid=3901, SUCCESS, logIndex=5505, commits[ed5d81fa-aaf0-49db-aa57-acca1dd387bd:c5506]
2019-09-10 22:12:26,777 [grpc-default-executor-0] INFO  client.GrpcClientProtocolClient (GrpcClientProtocolClient.java:onNext(255)) - client-0C76110B8A2B->ed5d81fa-aaf0-49db-aa57-acca1dd387bd: receive RaftClientReply:client-0C76110B8A2B->ed5d81fa-aaf0-49db-aa57-acca1dd387bd@group-729F0664FEA8, cid=3902, SUCCESS, logIndex=5506, commits[ed5d81fa-aaf0-49db-aa57-acca1dd387bd:c5508]
2019-09-10 22:12:26,778 [grpc-default-executor-0] INFO  client.GrpcClientProtocolClient (GrpcClientProtocolClient.java:onNext(255)) - client-0C76110B8A2B->ed5d81fa-aaf0-49db-aa57-acca1dd387bd: receive RaftClientReply:client-0C76110B8A2B->ed5d81fa-aaf0-49db-aa57-acca1dd387bd@group-729F0664FEA8, cid=3903, SUCCESS, logIndex=5507, commits[ed5d81fa-aaf0-49db-aa57-acca1dd387bd:c5508]
2019-09-10 22:12:26,778 [grpc-default-executor-0] INFO  client.GrpcClientProtocolClient (GrpcClientProtocolClient.java:onNext(255)) - client-0C76110B8A2B->ed5d81fa-aaf0-49db-aa57-acca1dd387bd: receive RaftClientReply:client-0C76110B8A2B->ed5d81fa-aaf0-49db-aa57-acca1dd387bd@group-729F0664FEA8, cid=3904, SUCCESS, logIndex=5508, commits[ed5d81fa-aaf0-49db-aa57-acca1dd387bd:c5509]
2019-09-10 22:12:26,786 [SCMBlockDeletingService#1] DEBUG block.SCMBlockDeletingService (SCMBlockDeletingService.java:call(138)) - Running DeletedBlockTransactionScanner
2019-09-10 22:12:26,786 [SCMBlockDeletingService#1] DEBUG block.SCMBlockDeletingService (SCMBlockDeletingService.java:call(155)) - Scanned deleted blocks log and got 0 delTX to process.
2019-09-10 22:12:26,796 [grpc-default-executor-0] INFO  segmented.SegmentedRaftLogWorker (SegmentedRaftLogWorker.java:rollLogSegment(385)) - ed5d81fa-aaf0-49db-aa57-acca1dd387bd-SegmentedRaftLogWorker:Storage Directory /workdir/hadoop-ozone/integration-test/target/test-dir/MiniOzoneClusterImpl-60bdcf22-3eb0-4011-b7cb-43d16866ba5a/datanode-0/data/ratis/a92760da-343f-4e6a-a8dc-729f0664fea8: Rolling segment log-0_5511 to index:5511
2019-09-10 22:12:26,809 [grpc-default-executor-0] INFO  client.GrpcClientProtocolClient (GrpcClientProtocolClient.java:onNext(255)) - client-0C76110B8A2B->ed5d81fa-aaf0-49db-aa57-acca1dd387bd: receive RaftClientReply:client-0C76110B8A2B->ed5d81fa-aaf0-49db-aa57-acca1dd387bd@group-729F0664FEA8, cid=3905, SUCCESS, logIndex=5511, commits[ed5d81fa-aaf0-49db-aa57-acca1dd387bd:c5511]
2019-09-10 22:12:26,809 [ed5d81fa-aaf0-49db-aa57-acca1dd387bd-SegmentedRaftLogWorker:Storage Directory /workdir/hadoop-ozone/integration-test/target/test-dir/MiniOzoneClusterImpl-60bdcf22-3eb0-4011-b7cb-43d16866ba5a/datanode-0/data/ratis/a92760da-343f-4e6a-a8dc-729f0664fea8] INFO  segmented.SegmentedRaftLogWorker (SegmentedRaftLogWorker.java:execute(526)) - ed5d81fa-aaf0-49db-aa57-acca1dd387bd-SegmentedRaftLogWorker:Storage Directory /workdir/hadoop-ozone/integration-test/target/test-dir/MiniOzoneClusterImpl-60bdcf22-3eb0-4011-b7cb-43d16866ba5a/datanode-0/data/ratis/a92760da-343f-4e6a-a8dc-729f0664fea8: Rolled log segment from /workdir/hadoop-ozone/integration-test/target/test-dir/MiniOzoneClusterImpl-60bdcf22-3eb0-4011-b7cb-43d16866ba5a/datanode-0/data/ratis/a92760da-343f-4e6a-a8dc-729f0664fea8/current/log_inprogress_0 to /workdir/hadoop-ozone/integration-test/target/test-dir/MiniOzoneClusterImpl-60bdcf22-3eb0-4011-b7cb-43d16866ba5a/datanode-0/data/ratis/a92760da-343f-4e6a-a8dc-729f0664fea8/current/log_0-5511
2019-09-10 22:12:26,846 [ed5d81fa-aaf0-49db-aa57-acca1dd387bd-SegmentedRaftLogWorker:Storage Directory /workdir/hadoop-ozone/integration-test/target/test-dir/MiniOzoneClusterImpl-60bdcf22-3eb0-4011-b7cb-43d16866ba5a/datanode-0/data/ratis/a92760da-343f-4e6a-a8dc-729f0664fea8] INFO  segmented.SegmentedRaftLogWorker (SegmentedRaftLogWorker.java:execute(569)) - ed5d81fa-aaf0-49db-aa57-acca1dd387bd-SegmentedRaftLogWorker:Storage Directory /workdir/hadoop-ozone/integration-test/target/test-dir/MiniOzoneClusterImpl-60bdcf22-3eb0-4011-b7cb-43d16866ba5a/datanode-0/data/ratis/a92760da-343f-4e6a-a8dc-729f0664fea8: created new log segment /workdir/hadoop-ozone/integration-test/target/test-dir/MiniOzoneClusterImpl-60bdcf22-3eb0-4011-b7cb-43d16866ba5a/datanode-0/data/ratis/a92760da-343f-4e6a-a8dc-729f0664fea8/current/log_inprogress_5512
2019-09-10 22:12:26,848 [grpc-default-executor-0] INFO  client.GrpcClientProtocolClient (GrpcClientProtocolClient.java:onNext(255)) - client-0C76110B8A2B->ed5d81fa-aaf0-49db-aa57-acca1dd387bd: receive RaftClientReply:client-0C76110B8A2B->ed5d81fa-aaf0-49db-aa57-acca1dd387bd@group-729F0664FEA8, cid=3906, SUCCESS, logIndex=5512, commits[ed5d81fa-aaf0-49db-aa57-acca1dd387bd:c5515]
2019-09-10 22:12:26,850 [grpc-default-executor-0] INFO  client.GrpcClientProtocolClient (GrpcClientProtocolClient.java:onNext(255)) - client-0C76110B8A2B->ed5d81fa-aaf0-49db-aa57-acca1dd387bd: receive RaftClientReply:client-0C76110B8A2B->ed5d81fa-aaf0-49db-aa57-acca1dd387bd@group-729F0664FEA8, cid=3907, SUCCESS, logIndex=5513, commits[ed5d81fa-aaf0-49db-aa57-acca1dd387bd:c5515]
2019-09-10 22:12:26,850 [grpc-default-executor-0] INFO  client.GrpcClientProtocolClient (GrpcClientProtocolClient.java:onNext(255)) - client-0C76110B8A2B->ed5d81fa-aaf0-49db-aa57-acca1dd387bd: receive RaftClientReply:client-0C76110B8A2B->ed5d81fa-aaf0-49db-aa57-acca1dd387bd@group-729F0664FEA8, cid=3908, SUCCESS, logIndex=5514, commits[ed5d81fa-aaf0-49db-aa57-acca1dd387bd:c5515]
2019-09-10 22:12:26,868 [grpc-default-executor-0] INFO  client.GrpcClientProtocolClient (GrpcClientProtocolClient.java:onNext(255)) - client-0C76110B8A2B->ed5d81fa-aaf0-49db-aa57-acca1dd387bd: receive RaftClientReply:client-0C76110B8A2B->ed5d81fa-aaf0-49db-aa57-acca1dd387bd@group-729F0664FEA8, cid=3909, SUCCESS, logIndex=5516, commits[ed5d81fa-aaf0-49db-aa57-acca1dd387bd:c5517]
2019-09-10 22:12:26,869 [grpc-default-executor-0] INFO  client.GrpcClientProtocolClient (GrpcClientProtocolClient.java:onNext(255)) - client-0C76110B8A2B->ed5d81fa-aaf0-49db-aa57-acca1dd387bd: receive RaftClientReply:client-0C76110B8A2B->ed5d81fa-aaf0-49db-aa57-acca1dd387bd@group-729F0664FEA8, cid=3910, SUCCESS, logIndex=5517, commits[ed5d81fa-aaf0-49db-aa57-acca1dd387bd:c5517]
2019-09-10 22:12:26,870 [grpc-default-executor-0] INFO  client.GrpcClientProtocolClient (GrpcClientProtocolClient.java:onNext(255)) - client-0C76110B8A2B->ed5d81fa-aaf0-49db-aa57-acca1dd387bd: receive RaftClientReply:client-0C76110B8A2B->ed5d81fa-aaf0-49db-aa57-acca1dd387bd@group-729F0664FEA8, cid=3911, SUCCESS, logIndex=5518, commits[ed5d81fa-aaf0-49db-aa57-acca1dd387bd:c5519]
2019-09-10 22:12:26,870 [grpc-default-executor-0] INFO  client.GrpcClientProtocolClient (GrpcClientProtocolClient.java:onNext(255)) - client-0C76110B8A2B->ed5d81fa-aaf0-49db-aa57-acca1dd387bd: receive RaftClientReply:client-0C76110B8A2B->ed5d81fa-aaf0-49db-aa57-acca1dd387bd@group-729F0664FEA8, cid=3912, SUCCESS, logIndex=5519, commits[ed5d81fa-aaf0-49db-aa57-acca1dd387bd:c5519]
2019-09-10 22:12:26,887 [SCMBlockDeletingService#1] DEBUG block.SCMBlockDeletingService (SCMBlockDeletingService.java:call(138)) - Running DeletedBlockTransactionScanner
2019-09-10 22:12:26,888 [SCMBlockDeletingService#1] DEBUG block.SCMBlockDeletingService (SCMBlockDeletingService.java:call(155)) - Scanned deleted blocks log and got 0 delTX to process.
2019-09-10 22:12:26,902 [grpc-default-executor-0] INFO  client.GrpcClientProtocolClient (GrpcClientProtocolClient.java:onNext(255)) - client-0C76110B8A2B->ed5d81fa-aaf0-49db-aa57-acca1dd387bd: receive RaftClientReply:client-0C76110B8A2B->ed5d81fa-aaf0-49db-aa57-acca1dd387bd@group-729F0664FEA8, cid=3913, SUCCESS, logIndex=5522, commits[ed5d81fa-aaf0-49db-aa57-acca1dd387bd:c5525]
2019-09-10 22:12:26,903 [grpc-default-executor-0] INFO  client.GrpcClientProtocolClient (GrpcClientProtocolClient.java:onNext(255)) - client-0C76110B8A2B->ed5d81fa-aaf0-49db-aa57-acca1dd387bd: receive RaftClientReply:client-0C76110B8A2B->ed5d81fa-aaf0-49db-aa57-acca1dd387bd@group-729F0664FEA8, cid=3914, SUCCESS, logIndex=5523, commits[ed5d81fa-aaf0-49db-aa57-acca1dd387bd:c5526]
2019-09-10 22:12:26,903 [grpc-default-executor-0] INFO  client.GrpcClientProtocolClient (GrpcClientProtocolClient.java:onNext(255)) - client-0C76110B8A2B->ed5d81fa-aaf0-49db-aa57-acca1dd387bd: receive RaftClientReply:client-0C76110B8A2B->ed5d81fa-aaf0-49db-aa57-acca1dd387bd@group-729F0664FEA8, cid=3915, SUCCESS, logIndex=5524, commits[ed5d81fa-aaf0-49db-aa57-acca1dd387bd:c5526]
2019-09-10 22:12:26,904 [grpc-default-executor-0] INFO  client.GrpcClientProtocolClient (GrpcClientProtocolClient.java:onNext(255)) - client-0C76110B8A2B->ed5d81fa-aaf0-49db-aa57-acca1dd387bd: receive RaftClientReply:client-0C76110B8A2B->ed5d81fa-aaf0-49db-aa57-acca1dd387bd@group-729F0664FEA8, cid=3916, SUCCESS, logIndex=5525, commits[ed5d81fa-aaf0-49db-aa57-acca1dd387bd:c5526]
2019-09-10 22:12:26,922 [grpc-default-executor-1] INFO  client.GrpcClientProtocolClient (GrpcClientProtocolClient.java:onNext(255)) - client-0C76110B8A2B->ed5d81fa-aaf0-49db-aa57-acca1dd387bd: receive RaftClientReply:client-0C76110B8A2B->ed5d81fa-aaf0-49db-aa57-acca1dd387bd@group-729F0664FEA8, cid=3917, SUCCESS, logIndex=5527, commits[ed5d81fa-aaf0-49db-aa57-acca1dd387bd:c5528]
2019-09-10 22:12:26,923 [grpc-default-executor-1] INFO  client.GrpcClientProtocolClient (GrpcClientProtocolClient.java:onNext(255)) - client-0C76110B8A2B->ed5d81fa-aaf0-49db-aa57-acca1dd387bd: receive RaftClientReply:client-0C76110B8A2B->ed5d81fa-aaf0-49db-aa57-acca1dd387bd@group-729F0664FEA8, cid=3918, SUCCESS, logIndex=5528, commits[ed5d81fa-aaf0-49db-aa57-acca1dd387bd:c5528]
2019-09-10 22:12:26,924 [grpc-default-executor-1] INFO  client.GrpcClientProtocolClient (GrpcClientProtocolClient.java:onNext(255)) - client-0C76110B8A2B->ed5d81fa-aaf0-49db-aa57-acca1dd387bd: receive RaftClientReply:client-0C76110B8A2B->ed5d81fa-aaf0-49db-aa57-acca1dd387bd@group-729F0664FEA8, cid=3919, SUCCESS, logIndex=5529, commits[ed5d81fa-aaf0-49db-aa57-acca1dd387bd:c5530]
2019-09-10 22:12:26,924 [grpc-default-executor-1] INFO  client.GrpcClientProtocolClient (GrpcClientProtocolClient.java:onNext(255)) - client-0C76110B8A2B->ed5d81fa-aaf0-49db-aa57-acca1dd387bd: receive RaftClientReply:client-0C76110B8A2B->ed5d81fa-aaf0-49db-aa57-acca1dd387bd@group-729F0664FEA8, cid=3920, SUCCESS, logIndex=5530, commits[ed5d81fa-aaf0-49db-aa57-acca1dd387bd:c5530]
2019-09-10 22:12:26,943 [grpc-default-executor-1] INFO  client.GrpcClientProtocolClient (GrpcClientProtocolClient.java:onNext(255)) - client-0C76110B8A2B->ed5d81fa-aaf0-49db-aa57-acca1dd387bd: receive RaftClientReply:client-0C76110B8A2B->ed5d81fa-aaf0-49db-aa57-acca1dd387bd@group-729F0664FEA8, cid=3921, SUCCESS, logIndex=5533, commits[ed5d81fa-aaf0-49db-aa57-acca1dd387bd:c5534]
2019-09-10 22:12:26,944 [grpc-default-executor-1] INFO  client.GrpcClientProtocolClient (GrpcClientProtocolClient.java:onNext(255)) - client-0C76110B8A2B->ed5d81fa-aaf0-49db-aa57-acca1dd387bd: receive RaftClientReply:client-0C76110B8A2B->ed5d81fa-aaf0-49db-aa57-acca1dd387bd@group-729F0664FEA8, cid=3922, SUCCESS, logIndex=5534, commits[ed5d81fa-aaf0-49db-aa57-acca1dd387bd:c5534]
2019-09-10 22:12:26,944 [grpc-default-executor-1] INFO  client.GrpcClientProtocolClient (GrpcClientProtocolClient.java:onNext(255)) - client-0C76110B8A2B->ed5d81fa-aaf0-49db-aa57-acca1dd387bd: receive RaftClientReply:client-0C76110B8A2B->ed5d81fa-aaf0-49db-aa57-acca1dd387bd@group-729F0664FEA8, cid=3923, SUCCESS, logIndex=5535, commits[ed5d81fa-aaf0-49db-aa57-acca1dd387bd:c5537]
2019-09-10 22:12:26,944 [grpc-default-executor-1] INFO  client.GrpcClientProtocolClient (GrpcClientProtocolClient.java:onNext(255)) - client-0C76110B8A2B->ed5d81fa-aaf0-49db-aa57-acca1dd387bd: receive RaftClientReply:client-0C76110B8A2B->ed5d81fa-aaf0-49db-aa57-acca1dd387bd@group-729F0664FEA8, cid=3924, SUCCESS, logIndex=5536, commits[ed5d81fa-aaf0-49db-aa57-acca1dd387bd:c5537]
2019-09-10 22:12:26,953 [grpc-default-executor-1] INFO  client.GrpcClientProtocolClient (GrpcClientProtocolClient.java:onNext(255)) - client-0C76110B8A2B->ed5d81fa-aaf0-49db-aa57-acca1dd387bd: receive RaftClientReply:client-0C76110B8A2B->ed5d81fa-aaf0-49db-aa57-acca1dd387bd@group-729F0664FEA8, cid=3925, SUCCESS, logIndex=5538, commits[ed5d81fa-aaf0-49db-aa57-acca1dd387bd:c5539]
2019-09-10 22:12:26,953 [grpc-default-executor-1] INFO  client.GrpcClientProtocolClient (GrpcClientProtocolClient.java:onNext(255)) - client-0C76110B8A2B->ed5d81fa-aaf0-49db-aa57-acca1dd387bd: receive RaftClientReply:client-0C76110B8A2B->ed5d81fa-aaf0-49db-aa57-acca1dd387bd@group-729F0664FEA8, cid=3926, SUCCESS, logIndex=5539, commits[ed5d81fa-aaf0-49db-aa57-acca1dd387bd:c5539]
2019-09-10 22:12:26,953 [grpc-default-executor-1] INFO  client.GrpcClientProtocolClient (GrpcClientProtocolClient.java:onNext(255)) - client-0C76110B8A2B->ed5d81fa-aaf0-49db-aa57-acca1dd387bd: receive RaftClientReply:client-0C76110B8A2B->ed5d81fa-aaf0-49db-aa57-acca1dd387bd@group-729F0664FEA8, cid=3927, SUCCESS, logIndex=5540, commits[ed5d81fa-aaf0-49db-aa57-acca1dd387bd:c5542]
2019-09-10 22:12:26,954 [grpc-default-executor-1] INFO  client.GrpcClientProtocolClient (GrpcClientProtocolClient.java:onNext(255)) - client-0C76110B8A2B->ed5d81fa-aaf0-49db-aa57-acca1dd387bd: receive RaftClientReply:client-0C76110B8A2B->ed5d81fa-aaf0-49db-aa57-acca1dd387bd@group-729F0664FEA8, cid=3928, SUCCESS, logIndex=5541, commits[ed5d81fa-aaf0-49db-aa57-acca1dd387bd:c5542]
2019-09-10 22:12:26,971 [grpc-default-executor-1] INFO  client.GrpcClientProtocolClient (GrpcClientProtocolClient.java:onNext(255)) - client-0C76110B8A2B->ed5d81fa-aaf0-49db-aa57-acca1dd387bd: receive RaftClientReply:client-0C76110B8A2B->ed5d81fa-aaf0-49db-aa57-acca1dd387bd@group-729F0664FEA8, cid=3929, SUCCESS, logIndex=5543, commits[ed5d81fa-aaf0-49db-aa57-acca1dd387bd:c5544]
2019-09-10 22:12:26,971 [grpc-default-executor-1] INFO  client.GrpcClientProtocolClient (GrpcClientProtocolClient.java:onNext(255)) - client-0C76110B8A2B->ed5d81fa-aaf0-49db-aa57-acca1dd387bd: receive RaftClientReply:client-0C76110B8A2B->ed5d81fa-aaf0-49db-aa57-acca1dd387bd@group-729F0664FEA8, cid=3930, SUCCESS, logIndex=5544, commits[ed5d81fa-aaf0-49db-aa57-acca1dd387bd:c5544]
2019-09-10 22:12:26,981 [grpc-default-executor-1] INFO  client.GrpcClientProtocolClient (GrpcClientProtocolClient.java:onNext(255)) - client-0C76110B8A2B->ed5d81fa-aaf0-49db-aa57-acca1dd387bd: receive RaftClientReply:client-0C76110B8A2B->ed5d81fa-aaf0-49db-aa57-acca1dd387bd@group-729F0664FEA8, cid=3931, SUCCESS, logIndex=5545, commits[ed5d81fa-aaf0-49db-aa57-acca1dd387bd:c5547]
2019-09-10 22:12:26,981 [grpc-default-executor-1] INFO  client.GrpcClientProtocolClient (GrpcClientProtocolClient.java:onNext(255)) - client-0C76110B8A2B->ed5d81fa-aaf0-49db-aa57-acca1dd387bd: receive RaftClientReply:client-0C76110B8A2B->ed5d81fa-aaf0-49db-aa57-acca1dd387bd@group-729F0664FEA8, cid=3932, SUCCESS, logIndex=5546, commits[ed5d81fa-aaf0-49db-aa57-acca1dd387bd:c5547]
2019-09-10 22:12:26,989 [SCMBlockDeletingService#1] DEBUG block.SCMBlockDeletingService (SCMBlockDeletingService.java:call(138)) - Running DeletedBlockTransactionScanner
2019-09-10 22:12:26,989 [SCMBlockDeletingService#1] DEBUG block.SCMBlockDeletingService (SCMBlockDeletingService.java:call(155)) - Scanned deleted blocks log and got 0 delTX to process.
2019-09-10 22:12:27,085 [grpc-default-executor-1] INFO  client.GrpcClientProtocolClient (GrpcClientProtocolClient.java:onNext(255)) - client-0C76110B8A2B->ed5d81fa-aaf0-49db-aa57-acca1dd387bd: receive RaftClientReply:client-0C76110B8A2B->ed5d81fa-aaf0-49db-aa57-acca1dd387bd@group-729F0664FEA8, cid=3933, SUCCESS, logIndex=5548, commits[ed5d81fa-aaf0-49db-aa57-acca1dd387bd:c5549]
2019-09-10 22:12:27,086 [grpc-default-executor-1] INFO  client.GrpcClientProtocolClient (GrpcClientProtocolClient.java:onNext(255)) - client-0C76110B8A2B->ed5d81fa-aaf0-49db-aa57-acca1dd387bd: receive RaftClientReply:client-0C76110B8A2B->ed5d81fa-aaf0-49db-aa57-acca1dd387bd@group-729F0664FEA8, cid=3934, SUCCESS, logIndex=5549, commits[ed5d81fa-aaf0-49db-aa57-acca1dd387bd:c5549]
2019-09-10 22:12:27,086 [grpc-default-executor-1] INFO  client.GrpcClientProtocolClient (GrpcClientProtocolClient.java:onNext(255)) - client-0C76110B8A2B->ed5d81fa-aaf0-49db-aa57-acca1dd387bd: receive RaftClientReply:client-0C76110B8A2B->ed5d81fa-aaf0-49db-aa57-acca1dd387bd@group-729F0664FEA8, cid=3935, SUCCESS, logIndex=5550, commits[ed5d81fa-aaf0-49db-aa57-acca1dd387bd:c5551]
2019-09-10 22:12:27,086 [grpc-default-executor-1] INFO  client.GrpcClientProtocolClient (GrpcClientProtocolClient.java:onNext(255)) - client-0C76110B8A2B->ed5d81fa-aaf0-49db-aa57-acca1dd387bd: receive RaftClientReply:client-0C76110B8A2B->ed5d81fa-aaf0-49db-aa57-acca1dd387bd@group-729F0664FEA8, cid=3936, SUCCESS, logIndex=5551, commits[ed5d81fa-aaf0-49db-aa57-acca1dd387bd:c5551]
2019-09-10 22:12:27,089 [SCMBlockDeletingService#1] DEBUG block.SCMBlockDeletingService (SCMBlockDeletingService.java:call(138)) - Running DeletedBlockTransactionScanner
2019-09-10 22:12:27,089 [SCMBlockDeletingService#1] DEBUG block.SCMBlockDeletingService (SCMBlockDeletingService.java:call(155)) - Scanned deleted blocks log and got 0 delTX to process.
2019-09-10 22:12:27,116 [grpc-default-executor-1] INFO  client.GrpcClientProtocolClient (GrpcClientProtocolClient.java:onNext(255)) - client-0C76110B8A2B->ed5d81fa-aaf0-49db-aa57-acca1dd387bd: receive RaftClientReply:client-0C76110B8A2B->ed5d81fa-aaf0-49db-aa57-acca1dd387bd@group-729F0664FEA8, cid=3937, SUCCESS, logIndex=5554, commits[ed5d81fa-aaf0-49db-aa57-acca1dd387bd:c5557]
2019-09-10 22:12:27,116 [grpc-default-executor-1] INFO  client.GrpcClientProtocolClient (GrpcClientProtocolClient.java:onNext(255)) - client-0C76110B8A2B->ed5d81fa-aaf0-49db-aa57-acca1dd387bd: receive RaftClientReply:client-0C76110B8A2B->ed5d81fa-aaf0-49db-aa57-acca1dd387bd@group-729F0664FEA8, cid=3938, SUCCESS, logIndex=5555, commits[ed5d81fa-aaf0-49db-aa57-acca1dd387bd:c5558]
2019-09-10 22:12:27,116 [grpc-default-executor-1] INFO  client.GrpcClientProtocolClient (GrpcClientProtocolClient.java:onNext(255)) - client-0C76110B8A2B->ed5d81fa-aaf0-49db-aa57-acca1dd387bd: receive RaftClientReply:client-0C76110B8A2B->ed5d81fa-aaf0-49db-aa57-acca1dd387bd@group-729F0664FEA8, cid=3939, SUCCESS, logIndex=5556, commits[ed5d81fa-aaf0-49db-aa57-acca1dd387bd:c5558]
2019-09-10 22:12:27,117 [grpc-default-executor-1] INFO  client.GrpcClientProtocolClient (GrpcClientProtocolClient.java:onNext(255)) - client-0C76110B8A2B->ed5d81fa-aaf0-49db-aa57-acca1dd387bd: receive RaftClientReply:client-0C76110B8A2B->ed5d81fa-aaf0-49db-aa57-acca1dd387bd@group-729F0664FEA8, cid=3940, SUCCESS, logIndex=5557, commits[ed5d81fa-aaf0-49db-aa57-acca1dd387bd:c5558]
2019-09-10 22:12:27,134 [grpc-default-executor-1] INFO  client.GrpcClientProtocolClient (GrpcClientProtocolClient.java:onNext(255)) - client-0C76110B8A2B->ed5d81fa-aaf0-49db-aa57-acca1dd387bd: receive RaftClientReply:client-0C76110B8A2B->ed5d81fa-aaf0-49db-aa57-acca1dd387bd@group-729F0664FEA8, cid=3941, SUCCESS, logIndex=5559, commits[ed5d81fa-aaf0-49db-aa57-acca1dd387bd:c5560]
2019-09-10 22:12:27,134 [grpc-default-executor-1] INFO  client.GrpcClientProtocolClient (GrpcClientProtocolClient.java:onNext(255)) - client-0C76110B8A2B->ed5d81fa-aaf0-49db-aa57-acca1dd387bd: receive RaftClientReply:client-0C76110B8A2B->ed5d81fa-aaf0-49db-aa57-acca1dd387bd@group-729F0664FEA8, cid=3942, SUCCESS, logIndex=5560, commits[ed5d81fa-aaf0-49db-aa57-acca1dd387bd:c5562]
2019-09-10 22:12:27,134 [grpc-default-executor-1] INFO  client.GrpcClientProtocolClient (GrpcClientProtocolClient.java:onNext(255)) - client-0C76110B8A2B->ed5d81fa-aaf0-49db-aa57-acca1dd387bd: receive RaftClientReply:client-0C76110B8A2B->ed5d81fa-aaf0-49db-aa57-acca1dd387bd@group-729F0664FEA8, cid=3943, SUCCESS, logIndex=5561, commits[ed5d81fa-aaf0-49db-aa57-acca1dd387bd:c5562]
2019-09-10 22:12:27,135 [grpc-default-executor-1] INFO  client.GrpcClientProtocolClient (GrpcClientProtocolClient.java:onNext(255)) - client-0C76110B8A2B->ed5d81fa-aaf0-49db-aa57-acca1dd387bd: receive RaftClientReply:client-0C76110B8A2B->ed5d81fa-aaf0-49db-aa57-acca1dd387bd@group-729F0664FEA8, cid=3944, SUCCESS, logIndex=5562, commits[ed5d81fa-aaf0-49db-aa57-acca1dd387bd:c5563]
2019-09-10 22:12:27,158 [grpc-default-executor-1] INFO  client.GrpcClientProtocolClient (GrpcClientProtocolClient.java:onNext(255)) - client-0C76110B8A2B->ed5d81fa-aaf0-49db-aa57-acca1dd387bd: receive RaftClientReply:client-0C76110B8A2B->ed5d81fa-aaf0-49db-aa57-acca1dd387bd@group-729F0664FEA8, cid=3945, SUCCESS, logIndex=5565, commits[ed5d81fa-aaf0-49db-aa57-acca1dd387bd:c5566]
2019-09-10 22:12:27,159 [grpc-default-executor-1] INFO  client.GrpcClientProtocolClient (GrpcClientProtocolClient.java:onNext(255)) - client-0C76110B8A2B->ed5d81fa-aaf0-49db-aa57-acca1dd387bd: receive RaftClientReply:client-0C76110B8A2B->ed5d81fa-aaf0-49db-aa57-acca1dd387bd@group-729F0664FEA8, cid=3946, SUCCESS, logIndex=5566, commits[ed5d81fa-aaf0-49db-aa57-acca1dd387bd:c5568]
2019-09-10 22:12:27,159 [grpc-default-executor-1] INFO  client.GrpcClientProtocolClient (GrpcClientProtocolClient.java:onNext(255)) - client-0C76110B8A2B->ed5d81fa-aaf0-49db-aa57-acca1dd387bd: receive RaftClientReply:client-0C76110B8A2B->ed5d81fa-aaf0-49db-aa57-acca1dd387bd@group-729F0664FEA8, cid=3947, SUCCESS, logIndex=5567, commits[ed5d81fa-aaf0-49db-aa57-acca1dd387bd:c5568]
2019-09-10 22:12:27,159 [grpc-default-executor-1] INFO  client.GrpcClientProtocolClient (GrpcClientProtocolClient.java:onNext(255)) - client-0C76110B8A2B->ed5d81fa-aaf0-49db-aa57-acca1dd387bd: receive RaftClientReply:client-0C76110B8A2B->ed5d81fa-aaf0-49db-aa57-acca1dd387bd@group-729F0664FEA8, cid=3948, SUCCESS, logIndex=5568, commits[ed5d81fa-aaf0-49db-aa57-acca1dd387bd:c5569]
2019-09-10 22:12:27,177 [grpc-default-executor-1] INFO  client.GrpcClientProtocolClient (GrpcClientProtocolClient.java:onNext(255)) - client-0C76110B8A2B->ed5d81fa-aaf0-49db-aa57-acca1dd387bd: receive RaftClientReply:client-0C76110B8A2B->ed5d81fa-aaf0-49db-aa57-acca1dd387bd@group-729F0664FEA8, cid=3949, SUCCESS, logIndex=5571, commits[ed5d81fa-aaf0-49db-aa57-acca1dd387bd:c5572]
2019-09-10 22:12:27,177 [grpc-default-executor-1] INFO  client.GrpcClientProtocolClient (GrpcClientProtocolClient.java:onNext(255)) - client-0C76110B8A2B->ed5d81fa-aaf0-49db-aa57-acca1dd387bd: receive RaftClientReply:client-0C76110B8A2B->ed5d81fa-aaf0-49db-aa57-acca1dd387bd@group-729F0664FEA8, cid=3950, SUCCESS, logIndex=5572, commits[ed5d81fa-aaf0-49db-aa57-acca1dd387bd:c5572]
2019-09-10 22:12:27,178 [grpc-default-executor-1] INFO  client.GrpcClientProtocolClient (GrpcClientProtocolClient.java:onNext(255)) - client-0C76110B8A2B->ed5d81fa-aaf0-49db-aa57-acca1dd387bd: receive RaftClientReply:client-0C76110B8A2B->ed5d81fa-aaf0-49db-aa57-acca1dd387bd@group-729F0664FEA8, cid=3951, SUCCESS, logIndex=5573, commits[ed5d81fa-aaf0-49db-aa57-acca1dd387bd:c5574]
2019-09-10 22:12:27,179 [grpc-default-executor-1] INFO  client.GrpcClientProtocolClient (GrpcClientProtocolClient.java:onNext(255)) - client-0C76110B8A2B->ed5d81fa-aaf0-49db-aa57-acca1dd387bd: receive RaftClientReply:client-0C76110B8A2B->ed5d81fa-aaf0-49db-aa57-acca1dd387bd@group-729F0664FEA8, cid=3952, SUCCESS, logIndex=5574, commits[ed5d81fa-aaf0-49db-aa57-acca1dd387bd:c5574]
2019-09-10 22:12:27,190 [SCMBlockDeletingService#1] DEBUG block.SCMBlockDeletingService (SCMBlockDeletingService.java:call(138)) - Running DeletedBlockTransactionScanner
2019-09-10 22:12:27,190 [SCMBlockDeletingService#1] DEBUG block.SCMBlockDeletingService (SCMBlockDeletingService.java:call(155)) - Scanned deleted blocks log and got 0 delTX to process.
2019-09-10 22:12:27,206 [grpc-default-executor-0] INFO  client.GrpcClientProtocolClient (GrpcClientProtocolClient.java:onNext(255)) - client-0C76110B8A2B->ed5d81fa-aaf0-49db-aa57-acca1dd387bd: receive RaftClientReply:client-0C76110B8A2B->ed5d81fa-aaf0-49db-aa57-acca1dd387bd@group-729F0664FEA8, cid=3953, SUCCESS, logIndex=5577, commits[ed5d81fa-aaf0-49db-aa57-acca1dd387bd:c5578]
2019-09-10 22:12:27,206 [grpc-default-executor-0] INFO  client.GrpcClientProtocolClient (GrpcClientProtocolClient.java:onNext(255)) - client-0C76110B8A2B->ed5d81fa-aaf0-49db-aa57-acca1dd387bd: receive RaftClientReply:client-0C76110B8A2B->ed5d81fa-aaf0-49db-aa57-acca1dd387bd@group-729F0664FEA8, cid=3954, SUCCESS, logIndex=5578, commits[ed5d81fa-aaf0-49db-aa57-acca1dd387bd:c5580]
2019-09-10 22:12:27,206 [grpc-default-executor-0] INFO  client.GrpcClientProtocolClient (GrpcClientProtocolClient.java:onNext(255)) - client-0C76110B8A2B->ed5d81fa-aaf0-49db-aa57-acca1dd387bd: receive RaftClientReply:client-0C76110B8A2B->ed5d81fa-aaf0-49db-aa57-acca1dd387bd@group-729F0664FEA8, cid=3955, SUCCESS, logIndex=5579, commits[ed5d81fa-aaf0-49db-aa57-acca1dd387bd:c5580]
2019-09-10 22:12:27,207 [grpc-default-executor-0] INFO  client.GrpcClientProtocolClient (GrpcClientProtocolClient.java:onNext(255)) - client-0C76110B8A2B->ed5d81fa-aaf0-49db-aa57-acca1dd387bd: receive RaftClientReply:client-0C76110B8A2B->ed5d81fa-aaf0-49db-aa57-acca1dd387bd@group-729F0664FEA8, cid=3956, SUCCESS, logIndex=5580, commits[ed5d81fa-aaf0-49db-aa57-acca1dd387bd:c5580]
2019-09-10 22:12:27,229 [grpc-default-executor-0] INFO  client.GrpcClientProtocolClient (GrpcClientProtocolClient.java:onNext(255)) - client-0C76110B8A2B->ed5d81fa-aaf0-49db-aa57-acca1dd387bd: receive RaftClientReply:client-0C76110B8A2B->ed5d81fa-aaf0-49db-aa57-acca1dd387bd@group-729F0664FEA8, cid=3957, SUCCESS, logIndex=5583, commits[ed5d81fa-aaf0-49db-aa57-acca1dd387bd:c5586]
2019-09-10 22:12:27,230 [grpc-default-executor-0] INFO  client.GrpcClientProtocolClient (GrpcClientProtocolClient.java:onNext(255)) - client-0C76110B8A2B->ed5d81fa-aaf0-49db-aa57-acca1dd387bd: receive RaftClientReply:client-0C76110B8A2B->ed5d81fa-aaf0-49db-aa57-acca1dd387bd@group-729F0664FEA8, cid=3958, SUCCESS, logIndex=5584, commits[ed5d81fa-aaf0-49db-aa57-acca1dd387bd:c5587]
2019-09-10 22:12:27,230 [grpc-default-executor-0] INFO  client.GrpcClientProtocolClient (GrpcClientProtocolClient.java:onNext(255)) - client-0C76110B8A2B->ed5d81fa-aaf0-49db-aa57-acca1dd387bd: receive RaftClientReply:client-0C76110B8A2B->ed5d81fa-aaf0-49db-aa57-acca1dd387bd@group-729F0664FEA8, cid=3959, SUCCESS, logIndex=5585, commits[ed5d81fa-aaf0-49db-aa57-acca1dd387bd:c5587]
2019-09-10 22:12:27,230 [grpc-default-executor-0] INFO  client.GrpcClientProtocolClient (GrpcClientProtocolClient.java:onNext(255)) - client-0C76110B8A2B->ed5d81fa-aaf0-49db-aa57-acca1dd387bd: receive RaftClientReply:client-0C76110B8A2B->ed5d81fa-aaf0-49db-aa57-acca1dd387bd@group-729F0664FEA8, cid=3960, SUCCESS, logIndex=5586, commits[ed5d81fa-aaf0-49db-aa57-acca1dd387bd:c5587]
2019-09-10 22:12:27,262 [grpc-default-executor-0] INFO  client.GrpcClientProtocolClient (GrpcClientProtocolClient.java:onNext(255)) - client-0C76110B8A2B->ed5d81fa-aaf0-49db-aa57-acca1dd387bd: receive RaftClientReply:client-0C76110B8A2B->ed5d81fa-aaf0-49db-aa57-acca1dd387bd@group-729F0664FEA8, cid=3961, SUCCESS, logIndex=5588, commits[ed5d81fa-aaf0-49db-aa57-acca1dd387bd:c5589]
2019-09-10 22:12:27,262 [grpc-default-executor-0] INFO  client.GrpcClientProtocolClient (GrpcClientProtocolClient.java:onNext(255)) - client-0C76110B8A2B->ed5d81fa-aaf0-49db-aa57-acca1dd387bd: receive RaftClientReply:client-0C76110B8A2B->ed5d81fa-aaf0-49db-aa57-acca1dd387bd@group-729F0664FEA8, cid=3962, SUCCESS, logIndex=5589, commits[ed5d81fa-aaf0-49db-aa57-acca1dd387bd:c5591]
2019-09-10 22:12:27,262 [grpc-default-executor-0] INFO  client.GrpcClientProtocolClient (GrpcClientProtocolClient.java:onNext(255)) - client-0C76110B8A2B->ed5d81fa-aaf0-49db-aa57-acca1dd387bd: receive RaftClientReply:client-0C76110B8A2B->ed5d81fa-aaf0-49db-aa57-acca1dd387bd@group-729F0664FEA8, cid=3963, SUCCESS, logIndex=5590, commits[ed5d81fa-aaf0-49db-aa57-acca1dd387bd:c5591]
2019-09-10 22:12:27,263 [grpc-default-executor-0] INFO  client.GrpcClientProtocolClient (GrpcClientProtocolClient.java:onNext(255)) - client-0C76110B8A2B->ed5d81fa-aaf0-49db-aa57-acca1dd387bd: receive RaftClientReply:client-0C76110B8A2B->ed5d81fa-aaf0-49db-aa57-acca1dd387bd@group-729F0664FEA8, cid=3964, SUCCESS, logIndex=5591, commits[ed5d81fa-aaf0-49db-aa57-acca1dd387bd:c5592]
2019-09-10 22:12:27,287 [grpc-default-executor-0] INFO  client.GrpcClientProtocolClient (GrpcClientProtocolClient.java:onNext(255)) - client-0C76110B8A2B->ed5d81fa-aaf0-49db-aa57-acca1dd387bd: receive RaftClientReply:client-0C76110B8A2B->ed5d81fa-aaf0-49db-aa57-acca1dd387bd@group-729F0664FEA8, cid=3965, SUCCESS, logIndex=5594, commits[ed5d81fa-aaf0-49db-aa57-acca1dd387bd:c5597]
2019-09-10 22:12:27,288 [grpc-default-executor-0] INFO  client.GrpcClientProtocolClient (GrpcClientProtocolClient.java:onNext(255)) - client-0C76110B8A2B->ed5d81fa-aaf0-49db-aa57-acca1dd387bd: receive RaftClientReply:client-0C76110B8A2B->ed5d81fa-aaf0-49db-aa57-acca1dd387bd@group-729F0664FEA8, cid=3966, SUCCESS, logIndex=5595, commits[ed5d81fa-aaf0-49db-aa57-acca1dd387bd:c5598]
2019-09-10 22:12:27,288 [grpc-default-executor-0] INFO  client.GrpcClientProtocolClient (GrpcClientProtocolClient.java:onNext(255)) - client-0C76110B8A2B->ed5d81fa-aaf0-49db-aa57-acca1dd387bd: receive RaftClientReply:client-0C76110B8A2B->ed5d81fa-aaf0-49db-aa57-acca1dd387bd@group-729F0664FEA8, cid=3967, SUCCESS, logIndex=5596, commits[ed5d81fa-aaf0-49db-aa57-acca1dd387bd:c5598]
2019-09-10 22:12:27,288 [grpc-default-executor-0] INFO  client.GrpcClientProtocolClient (GrpcClientProtocolClient.java:onNext(255)) - client-0C76110B8A2B->ed5d81fa-aaf0-49db-aa57-acca1dd387bd: receive RaftClientReply:client-0C76110B8A2B->ed5d81fa-aaf0-49db-aa57-acca1dd387bd@group-729F0664FEA8, cid=3968, SUCCESS, logIndex=5597, commits[ed5d81fa-aaf0-49db-aa57-acca1dd387bd:c5598]
2019-09-10 22:12:27,290 [SCMBlockDeletingService#1] DEBUG block.SCMBlockDeletingService (SCMBlockDeletingService.java:call(138)) - Running DeletedBlockTransactionScanner
2019-09-10 22:12:27,290 [SCMBlockDeletingService#1] DEBUG block.SCMBlockDeletingService (SCMBlockDeletingService.java:call(155)) - Scanned deleted blocks log and got 0 delTX to process.
2019-09-10 22:12:27,319 [grpc-default-executor-0] INFO  client.GrpcClientProtocolClient (GrpcClientProtocolClient.java:onNext(255)) - client-0C76110B8A2B->ed5d81fa-aaf0-49db-aa57-acca1dd387bd: receive RaftClientReply:client-0C76110B8A2B->ed5d81fa-aaf0-49db-aa57-acca1dd387bd@group-729F0664FEA8, cid=3969, SUCCESS, logIndex=5599, commits[ed5d81fa-aaf0-49db-aa57-acca1dd387bd:c5600]
2019-09-10 22:12:27,320 [grpc-default-executor-0] INFO  client.GrpcClientProtocolClient (GrpcClientProtocolClient.java:onNext(255)) - client-0C76110B8A2B->ed5d81fa-aaf0-49db-aa57-acca1dd387bd: receive RaftClientReply:client-0C76110B8A2B->ed5d81fa-aaf0-49db-aa57-acca1dd387bd@group-729F0664FEA8, cid=3970, SUCCESS, logIndex=5600, commits[ed5d81fa-aaf0-49db-aa57-acca1dd387bd:c5600]
2019-09-10 22:12:27,328 [grpc-default-executor-0] INFO  client.GrpcClientProtocolClient (GrpcClientProtocolClient.java:onNext(255)) - client-0C76110B8A2B->ed5d81fa-aaf0-49db-aa57-acca1dd387bd: receive RaftClientReply:client-0C76110B8A2B->ed5d81fa-aaf0-49db-aa57-acca1dd387bd@group-729F0664FEA8, cid=3971, SUCCESS, logIndex=5601, commits[ed5d81fa-aaf0-49db-aa57-acca1dd387bd:c5602]
2019-09-10 22:12:27,328 [grpc-default-executor-0] INFO  client.GrpcClientProtocolClient (GrpcClientProtocolClient.java:onNext(255)) - client-0C76110B8A2B->ed5d81fa-aaf0-49db-aa57-acca1dd387bd: receive RaftClientReply:client-0C76110B8A2B->ed5d81fa-aaf0-49db-aa57-acca1dd387bd@group-729F0664FEA8, cid=3972, SUCCESS, logIndex=5602, commits[ed5d81fa-aaf0-49db-aa57-acca1dd387bd:c5603]
2019-09-10 22:12:27,350 [grpc-default-executor-1] INFO  client.GrpcClientProtocolClient (GrpcClientProtocolClient.java:onNext(255)) - client-0C76110B8A2B->ed5d81fa-aaf0-49db-aa57-acca1dd387bd: receive RaftClientReply:client-0C76110B8A2B->ed5d81fa-aaf0-49db-aa57-acca1dd387bd@group-729F0664FEA8, cid=3973, SUCCESS, logIndex=5605, commits[ed5d81fa-aaf0-49db-aa57-acca1dd387bd:c5606]
2019-09-10 22:12:27,350 [grpc-default-executor-1] INFO  client.GrpcClientProtocolClient (GrpcClientProtocolClient.java:onNext(255)) - client-0C76110B8A2B->ed5d81fa-aaf0-49db-aa57-acca1dd387bd: receive RaftClientReply:client-0C76110B8A2B->ed5d81fa-aaf0-49db-aa57-acca1dd387bd@group-729F0664FEA8, cid=3974, SUCCESS, logIndex=5606, commits[ed5d81fa-aaf0-49db-aa57-acca1dd387bd:c5608]
2019-09-10 22:12:27,351 [grpc-default-executor-1] INFO  client.GrpcClientProtocolClient (GrpcClientProtocolClient.java:onNext(255)) - client-0C76110B8A2B->ed5d81fa-aaf0-49db-aa57-acca1dd387bd: receive RaftClientReply:client-0C76110B8A2B->ed5d81fa-aaf0-49db-aa57-acca1dd387bd@group-729F0664FEA8, cid=3975, SUCCESS, logIndex=5607, commits[ed5d81fa-aaf0-49db-aa57-acca1dd387bd:c5608]
2019-09-10 22:12:27,351 [grpc-default-executor-1] INFO  client.GrpcClientProtocolClient (GrpcClientProtocolClient.java:onNext(255)) - client-0C76110B8A2B->ed5d81fa-aaf0-49db-aa57-acca1dd387bd: receive RaftClientReply:client-0C76110B8A2B->ed5d81fa-aaf0-49db-aa57-acca1dd387bd@group-729F0664FEA8, cid=3976, SUCCESS, logIndex=5608, commits[ed5d81fa-aaf0-49db-aa57-acca1dd387bd:c5609]
2019-09-10 22:12:27,505 [SCMBlockDeletingService#1] DEBUG block.SCMBlockDeletingService (SCMBlockDeletingService.java:call(138)) - Running DeletedBlockTransactionScanner
2019-09-10 22:12:27,505 [SCMBlockDeletingService#1] DEBUG block.SCMBlockDeletingService (SCMBlockDeletingService.java:call(155)) - Scanned deleted blocks log and got 0 delTX to process.
2019-09-10 22:12:27,523 [grpc-default-executor-1] INFO  client.GrpcClientProtocolClient (GrpcClientProtocolClient.java:onNext(255)) - client-0C76110B8A2B->ed5d81fa-aaf0-49db-aa57-acca1dd387bd: receive RaftClientReply:client-0C76110B8A2B->ed5d81fa-aaf0-49db-aa57-acca1dd387bd@group-729F0664FEA8, cid=3977, SUCCESS, logIndex=5611, commits[ed5d81fa-aaf0-49db-aa57-acca1dd387bd:c5612]
2019-09-10 22:12:27,523 [grpc-default-executor-1] INFO  client.GrpcClientProtocolClient (GrpcClientProtocolClient.java:onNext(255)) - client-0C76110B8A2B->ed5d81fa-aaf0-49db-aa57-acca1dd387bd: receive RaftClientReply:client-0C76110B8A2B->ed5d81fa-aaf0-49db-aa57-acca1dd387bd@group-729F0664FEA8, cid=3978, SUCCESS, logIndex=5612, commits[ed5d81fa-aaf0-49db-aa57-acca1dd387bd:c5613]
2019-09-10 22:12:27,606 [SCMBlockDeletingService#1] DEBUG block.SCMBlockDeletingService (SCMBlockDeletingService.java:call(138)) - Running DeletedBlockTransactionScanner
2019-09-10 22:12:27,606 [SCMBlockDeletingService#1] DEBUG block.SCMBlockDeletingService (SCMBlockDeletingService.java:call(155)) - Scanned deleted blocks log and got 0 delTX to process.
2019-09-10 22:12:27,653 [grpc-default-executor-0] INFO  client.GrpcClientProtocolClient (GrpcClientProtocolClient.java:onNext(255)) - client-0C76110B8A2B->ed5d81fa-aaf0-49db-aa57-acca1dd387bd: receive RaftClientReply:client-0C76110B8A2B->ed5d81fa-aaf0-49db-aa57-acca1dd387bd@group-729F0664FEA8, cid=3979, SUCCESS, logIndex=5614, commits[ed5d81fa-aaf0-49db-aa57-acca1dd387bd:c5615]
2019-09-10 22:12:27,654 [grpc-default-executor-0] INFO  client.GrpcClientProtocolClient (GrpcClientProtocolClient.java:onNext(255)) - client-0C76110B8A2B->ed5d81fa-aaf0-49db-aa57-acca1dd387bd: receive RaftClientReply:client-0C76110B8A2B->ed5d81fa-aaf0-49db-aa57-acca1dd387bd@group-729F0664FEA8, cid=3980, SUCCESS, logIndex=5615, commits[ed5d81fa-aaf0-49db-aa57-acca1dd387bd:c5615]
2019-09-10 22:12:27,676 [grpc-default-executor-0] INFO  client.GrpcClientProtocolClient (GrpcClientProtocolClient.java:onNext(255)) - client-0C76110B8A2B->ed5d81fa-aaf0-49db-aa57-acca1dd387bd: receive RaftClientReply:client-0C76110B8A2B->ed5d81fa-aaf0-49db-aa57-acca1dd387bd@group-729F0664FEA8, cid=3981, SUCCESS, logIndex=5617, commits[ed5d81fa-aaf0-49db-aa57-acca1dd387bd:c5620]
2019-09-10 22:12:27,676 [grpc-default-executor-0] INFO  client.GrpcClientProtocolClient (GrpcClientProtocolClient.java:onNext(255)) - client-0C76110B8A2B->ed5d81fa-aaf0-49db-aa57-acca1dd387bd: receive RaftClientReply:client-0C76110B8A2B->ed5d81fa-aaf0-49db-aa57-acca1dd387bd@group-729F0664FEA8, cid=3982, SUCCESS, logIndex=5618, commits[ed5d81fa-aaf0-49db-aa57-acca1dd387bd:c5621]
2019-09-10 22:12:27,677 [grpc-default-executor-0] INFO  client.GrpcClientProtocolClient (GrpcClientProtocolClient.java:onNext(255)) - client-0C76110B8A2B->ed5d81fa-aaf0-49db-aa57-acca1dd387bd: receive RaftClientReply:client-0C76110B8A2B->ed5d81fa-aaf0-49db-aa57-acca1dd387bd@group-729F0664FEA8, cid=3983, SUCCESS, logIndex=5619, commits[ed5d81fa-aaf0-49db-aa57-acca1dd387bd:c5621]
2019-09-10 22:12:27,677 [grpc-default-executor-0] INFO  client.GrpcClientProtocolClient (GrpcClientProtocolClient.java:onNext(255)) - client-0C76110B8A2B->ed5d81fa-aaf0-49db-aa57-acca1dd387bd: receive RaftClientReply:client-0C76110B8A2B->ed5d81fa-aaf0-49db-aa57-acca1dd387bd@group-729F0664FEA8, cid=3984, SUCCESS, logIndex=5620, commits[ed5d81fa-aaf0-49db-aa57-acca1dd387bd:c5621]
2019-09-10 22:12:27,707 [SCMBlockDeletingService#1] DEBUG block.SCMBlockDeletingService (SCMBlockDeletingService.java:call(138)) - Running DeletedBlockTransactionScanner
2019-09-10 22:12:27,707 [SCMBlockDeletingService#1] DEBUG block.SCMBlockDeletingService (SCMBlockDeletingService.java:call(155)) - Scanned deleted blocks log and got 0 delTX to process.
2019-09-10 22:12:27,711 [grpc-default-executor-0] INFO  client.GrpcClientProtocolClient (GrpcClientProtocolClient.java:onNext(255)) - client-0C76110B8A2B->ed5d81fa-aaf0-49db-aa57-acca1dd387bd: receive RaftClientReply:client-0C76110B8A2B->ed5d81fa-aaf0-49db-aa57-acca1dd387bd@group-729F0664FEA8, cid=3985, SUCCESS, logIndex=5622, commits[ed5d81fa-aaf0-49db-aa57-acca1dd387bd:c5625]
2019-09-10 22:12:27,712 [grpc-default-executor-0] INFO  client.GrpcClientProtocolClient (GrpcClientProtocolClient.java:onNext(255)) - client-0C76110B8A2B->ed5d81fa-aaf0-49db-aa57-acca1dd387bd: receive RaftClientReply:client-0C76110B8A2B->ed5d81fa-aaf0-49db-aa57-acca1dd387bd@group-729F0664FEA8, cid=3986, SUCCESS, logIndex=5623, commits[ed5d81fa-aaf0-49db-aa57-acca1dd387bd:c5626]
2019-09-10 22:12:27,712 [grpc-default-executor-0] INFO  client.GrpcClientProtocolClient (GrpcClientProtocolClient.java:onNext(255)) - client-0C76110B8A2B->ed5d81fa-aaf0-49db-aa57-acca1dd387bd: receive RaftClientReply:client-0C76110B8A2B->ed5d81fa-aaf0-49db-aa57-acca1dd387bd@group-729F0664FEA8, cid=3987, SUCCESS, logIndex=5624, commits[ed5d81fa-aaf0-49db-aa57-acca1dd387bd:c5626]
2019-09-10 22:12:27,712 [grpc-default-executor-0] INFO  client.GrpcClientProtocolClient (GrpcClientProtocolClient.java:onNext(255)) - client-0C76110B8A2B->ed5d81fa-aaf0-49db-aa57-acca1dd387bd: receive RaftClientReply:client-0C76110B8A2B->ed5d81fa-aaf0-49db-aa57-acca1dd387bd@group-729F0664FEA8, cid=3988, SUCCESS, logIndex=5625, commits[ed5d81fa-aaf0-49db-aa57-acca1dd387bd:c5626]
2019-09-10 22:12:27,734 [grpc-default-executor-1] INFO  client.GrpcClientProtocolClient (GrpcClientProtocolClient.java:onNext(255)) - client-0C76110B8A2B->ed5d81fa-aaf0-49db-aa57-acca1dd387bd: receive RaftClientReply:client-0C76110B8A2B->ed5d81fa-aaf0-49db-aa57-acca1dd387bd@group-729F0664FEA8, cid=3989, SUCCESS, logIndex=5627, commits[ed5d81fa-aaf0-49db-aa57-acca1dd387bd:c5630]
2019-09-10 22:12:27,734 [grpc-default-executor-1] INFO  client.GrpcClientProtocolClient (GrpcClientProtocolClient.java:onNext(255)) - client-0C76110B8A2B->ed5d81fa-aaf0-49db-aa57-acca1dd387bd: receive RaftClientReply:client-0C76110B8A2B->ed5d81fa-aaf0-49db-aa57-acca1dd387bd@group-729F0664FEA8, cid=3990, SUCCESS, logIndex=5628, commits[ed5d81fa-aaf0-49db-aa57-acca1dd387bd:c5630]
2019-09-10 22:12:27,735 [grpc-default-executor-1] INFO  client.GrpcClientProtocolClient (GrpcClientProtocolClient.java:onNext(255)) - client-0C76110B8A2B->ed5d81fa-aaf0-49db-aa57-acca1dd387bd: receive RaftClientReply:client-0C76110B8A2B->ed5d81fa-aaf0-49db-aa57-acca1dd387bd@group-729F0664FEA8, cid=3991, SUCCESS, logIndex=5629, commits[ed5d81fa-aaf0-49db-aa57-acca1dd387bd:c5630]
2019-09-10 22:12:27,735 [grpc-default-executor-1] INFO  client.GrpcClientProtocolClient (GrpcClientProtocolClient.java:onNext(255)) - client-0C76110B8A2B->ed5d81fa-aaf0-49db-aa57-acca1dd387bd: receive RaftClientReply:client-0C76110B8A2B->ed5d81fa-aaf0-49db-aa57-acca1dd387bd@group-729F0664FEA8, cid=3992, SUCCESS, logIndex=5630, commits[ed5d81fa-aaf0-49db-aa57-acca1dd387bd:c5630]
2019-09-10 22:12:27,768 [grpc-default-executor-1] INFO  client.GrpcClientProtocolClient (GrpcClientProtocolClient.java:onNext(255)) - client-0C76110B8A2B->ed5d81fa-aaf0-49db-aa57-acca1dd387bd: receive RaftClientReply:client-0C76110B8A2B->ed5d81fa-aaf0-49db-aa57-acca1dd387bd@group-729F0664FEA8, cid=3993, SUCCESS, logIndex=5632, commits[ed5d81fa-aaf0-49db-aa57-acca1dd387bd:c5635]
2019-09-10 22:12:27,769 [grpc-default-executor-1] INFO  client.GrpcClientProtocolClient (GrpcClientProtocolClient.java:onNext(255)) - client-0C76110B8A2B->ed5d81fa-aaf0-49db-aa57-acca1dd387bd: receive RaftClientReply:client-0C76110B8A2B->ed5d81fa-aaf0-49db-aa57-acca1dd387bd@group-729F0664FEA8, cid=3994, SUCCESS, logIndex=5633, commits[ed5d81fa-aaf0-49db-aa57-acca1dd387bd:c5636]
2019-09-10 22:12:27,769 [grpc-default-executor-1] INFO  client.GrpcClientProtocolClient (GrpcClientProtocolClient.java:onNext(255)) - client-0C76110B8A2B->ed5d81fa-aaf0-49db-aa57-acca1dd387bd: receive RaftClientReply:client-0C76110B8A2B->ed5d81fa-aaf0-49db-aa57-acca1dd387bd@group-729F0664FEA8, cid=3995, SUCCESS, logIndex=5634, commits[ed5d81fa-aaf0-49db-aa57-acca1dd387bd:c5636]
2019-09-10 22:12:27,769 [grpc-default-executor-1] INFO  client.GrpcClientProtocolClient (GrpcClientProtocolClient.java:onNext(255)) - client-0C76110B8A2B->ed5d81fa-aaf0-49db-aa57-acca1dd387bd: receive RaftClientReply:client-0C76110B8A2B->ed5d81fa-aaf0-49db-aa57-acca1dd387bd@group-729F0664FEA8, cid=3996, SUCCESS, logIndex=5635, commits[ed5d81fa-aaf0-49db-aa57-acca1dd387bd:c5636]
2019-09-10 22:12:27,787 [grpc-default-executor-1] INFO  client.GrpcClientProtocolClient (GrpcClientProtocolClient.java:onNext(255)) - client-0C76110B8A2B->ed5d81fa-aaf0-49db-aa57-acca1dd387bd: receive RaftClientReply:client-0C76110B8A2B->ed5d81fa-aaf0-49db-aa57-acca1dd387bd@group-729F0664FEA8, cid=3997, SUCCESS, logIndex=5637, commits[ed5d81fa-aaf0-49db-aa57-acca1dd387bd:c5638]
2019-09-10 22:12:27,788 [grpc-default-executor-1] INFO  client.GrpcClientProtocolClient (GrpcClientProtocolClient.java:onNext(255)) - client-0C76110B8A2B->ed5d81fa-aaf0-49db-aa57-acca1dd387bd: receive RaftClientReply:client-0C76110B8A2B->ed5d81fa-aaf0-49db-aa57-acca1dd387bd@group-729F0664FEA8, cid=3998, SUCCESS, logIndex=5638, commits[ed5d81fa-aaf0-49db-aa57-acca1dd387bd:c5640]
2019-09-10 22:12:27,788 [grpc-default-executor-1] INFO  client.GrpcClientProtocolClient (GrpcClientProtocolClient.java:onNext(255)) - client-0C76110B8A2B->ed5d81fa-aaf0-49db-aa57-acca1dd387bd: receive RaftClientReply:client-0C76110B8A2B->ed5d81fa-aaf0-49db-aa57-acca1dd387bd@group-729F0664FEA8, cid=3999, SUCCESS, logIndex=5639, commits[ed5d81fa-aaf0-49db-aa57-acca1dd387bd:c5640]
2019-09-10 22:12:27,788 [grpc-default-executor-1] INFO  client.GrpcClientProtocolClient (GrpcClientProtocolClient.java:onNext(255)) - client-0C76110B8A2B->ed5d81fa-aaf0-49db-aa57-acca1dd387bd: receive RaftClientReply:client-0C76110B8A2B->ed5d81fa-aaf0-49db-aa57-acca1dd387bd@group-729F0664FEA8, cid=4000, SUCCESS, logIndex=5640, commits[ed5d81fa-aaf0-49db-aa57-acca1dd387bd:c5641]
2019-09-10 22:12:27,807 [SCMBlockDeletingService#1] DEBUG block.SCMBlockDeletingService (SCMBlockDeletingService.java:call(138)) - Running DeletedBlockTransactionScanner
2019-09-10 22:12:27,807 [SCMBlockDeletingService#1] DEBUG block.SCMBlockDeletingService (SCMBlockDeletingService.java:call(155)) - Scanned deleted blocks log and got 0 delTX to process.
2019-09-10 22:12:27,821 [grpc-default-executor-1] INFO  client.GrpcClientProtocolClient (GrpcClientProtocolClient.java:onNext(255)) - client-0C76110B8A2B->ed5d81fa-aaf0-49db-aa57-acca1dd387bd: receive RaftClientReply:client-0C76110B8A2B->ed5d81fa-aaf0-49db-aa57-acca1dd387bd@group-729F0664FEA8, cid=4001, SUCCESS, logIndex=5643, commits[ed5d81fa-aaf0-49db-aa57-acca1dd387bd:c5646]
2019-09-10 22:12:27,821 [grpc-default-executor-1] INFO  client.GrpcClientProtocolClient (GrpcClientProtocolClient.java:onNext(255)) - client-0C76110B8A2B->ed5d81fa-aaf0-49db-aa57-acca1dd387bd: receive RaftClientReply:client-0C76110B8A2B->ed5d81fa-aaf0-49db-aa57-acca1dd387bd@group-729F0664FEA8, cid=4002, SUCCESS, logIndex=5644, commits[ed5d81fa-aaf0-49db-aa57-acca1dd387bd:c5647]
2019-09-10 22:12:27,822 [grpc-default-executor-1] INFO  client.GrpcClientProtocolClient (GrpcClientProtocolClient.java:onNext(255)) - client-0C76110B8A2B->ed5d81fa-aaf0-49db-aa57-acca1dd387bd: receive RaftClientReply:client-0C76110B8A2B->ed5d81fa-aaf0-49db-aa57-acca1dd387bd@group-729F0664FEA8, cid=4003, SUCCESS, logIndex=5645, commits[ed5d81fa-aaf0-49db-aa57-acca1dd387bd:c5647]
2019-09-10 22:12:27,822 [grpc-default-executor-1] INFO  client.GrpcClientProtocolClient (GrpcClientProtocolClient.java:onNext(255)) - client-0C76110B8A2B->ed5d81fa-aaf0-49db-aa57-acca1dd387bd: receive RaftClientReply:client-0C76110B8A2B->ed5d81fa-aaf0-49db-aa57-acca1dd387bd@group-729F0664FEA8, cid=4004, SUCCESS, logIndex=5646, commits[ed5d81fa-aaf0-49db-aa57-acca1dd387bd:c5647]
2019-09-10 22:12:27,842 [grpc-default-executor-1] INFO  client.GrpcClientProtocolClient (GrpcClientProtocolClient.java:onNext(255)) - client-0C76110B8A2B->ed5d81fa-aaf0-49db-aa57-acca1dd387bd: receive RaftClientReply:client-0C76110B8A2B->ed5d81fa-aaf0-49db-aa57-acca1dd387bd@group-729F0664FEA8, cid=4005, SUCCESS, logIndex=5648, commits[ed5d81fa-aaf0-49db-aa57-acca1dd387bd:c5651]
2019-09-10 22:12:27,843 [grpc-default-executor-1] INFO  client.GrpcClientProtocolClient (GrpcClientProtocolClient.java:onNext(255)) - client-0C76110B8A2B->ed5d81fa-aaf0-49db-aa57-acca1dd387bd: receive RaftClientReply:client-0C76110B8A2B->ed5d81fa-aaf0-49db-aa57-acca1dd387bd@group-729F0664FEA8, cid=4006, SUCCESS, logIndex=5649, commits[ed5d81fa-aaf0-49db-aa57-acca1dd387bd:c5651]
2019-09-10 22:12:27,843 [grpc-default-executor-1] INFO  client.GrpcClientProtocolClient (GrpcClientProtocolClient.java:onNext(255)) - client-0C76110B8A2B->ed5d81fa-aaf0-49db-aa57-acca1dd387bd: receive RaftClientReply:client-0C76110B8A2B->ed5d81fa-aaf0-49db-aa57-acca1dd387bd@group-729F0664FEA8, cid=4007, SUCCESS, logIndex=5650, commits[ed5d81fa-aaf0-49db-aa57-acca1dd387bd:c5652]
2019-09-10 22:12:27,843 [grpc-default-executor-1] INFO  client.GrpcClientProtocolClient (GrpcClientProtocolClient.java:onNext(255)) - client-0C76110B8A2B->ed5d81fa-aaf0-49db-aa57-acca1dd387bd: receive RaftClientReply:client-0C76110B8A2B->ed5d81fa-aaf0-49db-aa57-acca1dd387bd@group-729F0664FEA8, cid=4008, SUCCESS, logIndex=5651, commits[ed5d81fa-aaf0-49db-aa57-acca1dd387bd:c5652]
2019-09-10 22:12:27,872 [grpc-default-executor-0] INFO  client.GrpcClientProtocolClient (GrpcClientProtocolClient.java:onNext(255)) - client-0C76110B8A2B->ed5d81fa-aaf0-49db-aa57-acca1dd387bd: receive RaftClientReply:client-0C76110B8A2B->ed5d81fa-aaf0-49db-aa57-acca1dd387bd@group-729F0664FEA8, cid=4009, SUCCESS, logIndex=5653, commits[ed5d81fa-aaf0-49db-aa57-acca1dd387bd:c5656]
2019-09-10 22:12:27,872 [grpc-default-executor-0] INFO  client.GrpcClientProtocolClient (GrpcClientProtocolClient.java:onNext(255)) - client-0C76110B8A2B->ed5d81fa-aaf0-49db-aa57-acca1dd387bd: receive RaftClientReply:client-0C76110B8A2B->ed5d81fa-aaf0-49db-aa57-acca1dd387bd@group-729F0664FEA8, cid=4010, SUCCESS, logIndex=5654, commits[ed5d81fa-aaf0-49db-aa57-acca1dd387bd:c5656]
2019-09-10 22:12:27,872 [grpc-default-executor-0] INFO  client.GrpcClientProtocolClient (GrpcClientProtocolClient.java:onNext(255)) - client-0C76110B8A2B->ed5d81fa-aaf0-49db-aa57-acca1dd387bd: receive RaftClientReply:client-0C76110B8A2B->ed5d81fa-aaf0-49db-aa57-acca1dd387bd@group-729F0664FEA8, cid=4011, SUCCESS, logIndex=5655, commits[ed5d81fa-aaf0-49db-aa57-acca1dd387bd:c5657]
2019-09-10 22:12:27,872 [grpc-default-executor-0] INFO  client.GrpcClientProtocolClient (GrpcClientProtocolClient.java:onNext(255)) - client-0C76110B8A2B->ed5d81fa-aaf0-49db-aa57-acca1dd387bd: receive RaftClientReply:client-0C76110B8A2B->ed5d81fa-aaf0-49db-aa57-acca1dd387bd@group-729F0664FEA8, cid=4012, SUCCESS, logIndex=5656, commits[ed5d81fa-aaf0-49db-aa57-acca1dd387bd:c5657]
2019-09-10 22:12:27,892 [grpc-default-executor-0] INFO  client.GrpcClientProtocolClient (GrpcClientProtocolClient.java:onNext(255)) - client-0C76110B8A2B->ed5d81fa-aaf0-49db-aa57-acca1dd387bd: receive RaftClientReply:client-0C76110B8A2B->ed5d81fa-aaf0-49db-aa57-acca1dd387bd@group-729F0664FEA8, cid=4013, SUCCESS, logIndex=5658, commits[ed5d81fa-aaf0-49db-aa57-acca1dd387bd:c5661]
2019-09-10 22:12:27,893 [grpc-default-executor-0] INFO  client.GrpcClientProtocolClient (GrpcClientProtocolClient.java:onNext(255)) - client-0C76110B8A2B->ed5d81fa-aaf0-49db-aa57-acca1dd387bd: receive RaftClientReply:client-0C76110B8A2B->ed5d81fa-aaf0-49db-aa57-acca1dd387bd@group-729F0664FEA8, cid=4014, SUCCESS, logIndex=5659, commits[ed5d81fa-aaf0-49db-aa57-acca1dd387bd:c5662]
2019-09-10 22:12:27,893 [grpc-default-executor-0] INFO  client.GrpcClientProtocolClient (GrpcClientProtocolClient.java:onNext(255)) - client-0C76110B8A2B->ed5d81fa-aaf0-49db-aa57-acca1dd387bd: receive RaftClientReply:client-0C76110B8A2B->ed5d81fa-aaf0-49db-aa57-acca1dd387bd@group-729F0664FEA8, cid=4015, SUCCESS, logIndex=5660, commits[ed5d81fa-aaf0-49db-aa57-acca1dd387bd:c5662]
2019-09-10 22:12:27,893 [grpc-default-executor-0] INFO  client.GrpcClientProtocolClient (GrpcClientProtocolClient.java:onNext(255)) - client-0C76110B8A2B->ed5d81fa-aaf0-49db-aa57-acca1dd387bd: receive RaftClientReply:client-0C76110B8A2B->ed5d81fa-aaf0-49db-aa57-acca1dd387bd@group-729F0664FEA8, cid=4016, SUCCESS, logIndex=5661, commits[ed5d81fa-aaf0-49db-aa57-acca1dd387bd:c5662]
2019-09-10 22:12:27,908 [SCMBlockDeletingService#1] DEBUG block.SCMBlockDeletingService (SCMBlockDeletingService.java:call(138)) - Running DeletedBlockTransactionScanner
2019-09-10 22:12:27,908 [SCMBlockDeletingService#1] DEBUG block.SCMBlockDeletingService (SCMBlockDeletingService.java:call(155)) - Scanned deleted blocks log and got 0 delTX to process.
2019-09-10 22:12:27,921 [grpc-default-executor-0] INFO  client.GrpcClientProtocolClient (GrpcClientProtocolClient.java:onNext(255)) - client-0C76110B8A2B->ed5d81fa-aaf0-49db-aa57-acca1dd387bd: receive RaftClientReply:client-0C76110B8A2B->ed5d81fa-aaf0-49db-aa57-acca1dd387bd@group-729F0664FEA8, cid=4017, SUCCESS, logIndex=5663, commits[ed5d81fa-aaf0-49db-aa57-acca1dd387bd:c5666]
2019-09-10 22:12:27,921 [grpc-default-executor-0] INFO  client.GrpcClientProtocolClient (GrpcClientProtocolClient.java:onNext(255)) - client-0C76110B8A2B->ed5d81fa-aaf0-49db-aa57-acca1dd387bd: receive RaftClientReply:client-0C76110B8A2B->ed5d81fa-aaf0-49db-aa57-acca1dd387bd@group-729F0664FEA8, cid=4018, SUCCESS, logIndex=5664, commits[ed5d81fa-aaf0-49db-aa57-acca1dd387bd:c5666]
2019-09-10 22:12:27,922 [grpc-default-executor-0] INFO  client.GrpcClientProtocolClient (GrpcClientProtocolClient.java:onNext(255)) - client-0C76110B8A2B->ed5d81fa-aaf0-49db-aa57-acca1dd387bd: receive RaftClientReply:client-0C76110B8A2B->ed5d81fa-aaf0-49db-aa57-acca1dd387bd@group-729F0664FEA8, cid=4019, SUCCESS, logIndex=5665, commits[ed5d81fa-aaf0-49db-aa57-acca1dd387bd:c5667]
2019-09-10 22:12:27,922 [grpc-default-executor-0] INFO  client.GrpcClientProtocolClient (GrpcClientProtocolClient.java:onNext(255)) - client-0C76110B8A2B->ed5d81fa-aaf0-49db-aa57-acca1dd387bd: receive RaftClientReply:client-0C76110B8A2B->ed5d81fa-aaf0-49db-aa57-acca1dd387bd@group-729F0664FEA8, cid=4020, SUCCESS, logIndex=5666, commits[ed5d81fa-aaf0-49db-aa57-acca1dd387bd:c5667]
2019-09-10 22:12:27,940 [grpc-default-executor-0] INFO  client.GrpcClientProtocolClient (GrpcClientProtocolClient.java:onNext(255)) - client-0C76110B8A2B->ed5d81fa-aaf0-49db-aa57-acca1dd387bd: receive RaftClientReply:client-0C76110B8A2B->ed5d81fa-aaf0-49db-aa57-acca1dd387bd@group-729F0664FEA8, cid=4021, SUCCESS, logIndex=5668, commits[ed5d81fa-aaf0-49db-aa57-acca1dd387bd:c5669]
2019-09-10 22:12:27,941 [grpc-default-executor-0] INFO  client.GrpcClientProtocolClient (GrpcClientProtocolClient.java:onNext(255)) - client-0C76110B8A2B->ed5d81fa-aaf0-49db-aa57-acca1dd387bd: receive RaftClientReply:client-0C76110B8A2B->ed5d81fa-aaf0-49db-aa57-acca1dd387bd@group-729F0664FEA8, cid=4022, SUCCESS, logIndex=5669, commits[ed5d81fa-aaf0-49db-aa57-acca1dd387bd:c5670]
2019-09-10 22:12:28,008 [SCMBlockDeletingService#1] DEBUG block.SCMBlockDeletingService (SCMBlockDeletingService.java:call(138)) - Running DeletedBlockTransactionScanner
2019-09-10 22:12:28,009 [SCMBlockDeletingService#1] DEBUG block.SCMBlockDeletingService (SCMBlockDeletingService.java:call(155)) - Scanned deleted blocks log and got 0 delTX to process.
2019-09-10 22:12:28,047 [grpc-default-executor-1] INFO  client.GrpcClientProtocolClient (GrpcClientProtocolClient.java:onNext(255)) - client-0C76110B8A2B->ed5d81fa-aaf0-49db-aa57-acca1dd387bd: receive RaftClientReply:client-0C76110B8A2B->ed5d81fa-aaf0-49db-aa57-acca1dd387bd@group-729F0664FEA8, cid=4023, SUCCESS, logIndex=5671, commits[ed5d81fa-aaf0-49db-aa57-acca1dd387bd:c5672]
2019-09-10 22:12:28,047 [grpc-default-executor-1] INFO  client.GrpcClientProtocolClient (GrpcClientProtocolClient.java:onNext(255)) - client-0C76110B8A2B->ed5d81fa-aaf0-49db-aa57-acca1dd387bd: receive RaftClientReply:client-0C76110B8A2B->ed5d81fa-aaf0-49db-aa57-acca1dd387bd@group-729F0664FEA8, cid=4024, SUCCESS, logIndex=5672, commits[ed5d81fa-aaf0-49db-aa57-acca1dd387bd:c5673]
2019-09-10 22:12:28,084 [grpc-default-executor-1] INFO  client.GrpcClientProtocolClient (GrpcClientProtocolClient.java:onNext(255)) - client-0C76110B8A2B->ed5d81fa-aaf0-49db-aa57-acca1dd387bd: receive RaftClientReply:client-0C76110B8A2B->ed5d81fa-aaf0-49db-aa57-acca1dd387bd@group-729F0664FEA8, cid=4025, SUCCESS, logIndex=5674, commits[ed5d81fa-aaf0-49db-aa57-acca1dd387bd:c5677]
2019-09-10 22:12:28,085 [grpc-default-executor-1] INFO  client.GrpcClientProtocolClient (GrpcClientProtocolClient.java:onNext(255)) - client-0C76110B8A2B->ed5d81fa-aaf0-49db-aa57-acca1dd387bd: receive RaftClientReply:client-0C76110B8A2B->ed5d81fa-aaf0-49db-aa57-acca1dd387bd@group-729F0664FEA8, cid=4026, SUCCESS, logIndex=5675, commits[ed5d81fa-aaf0-49db-aa57-acca1dd387bd:c5677]
2019-09-10 22:12:28,085 [grpc-default-executor-1] INFO  client.GrpcClientProtocolClient (GrpcClientProtocolClient.java:onNext(255)) - client-0C76110B8A2B->ed5d81fa-aaf0-49db-aa57-acca1dd387bd: receive RaftClientReply:client-0C76110B8A2B->ed5d81fa-aaf0-49db-aa57-acca1dd387bd@group-729F0664FEA8, cid=4027, SUCCESS, logIndex=5676, commits[ed5d81fa-aaf0-49db-aa57-acca1dd387bd:c5677]
2019-09-10 22:12:28,086 [grpc-default-executor-1] INFO  client.GrpcClientProtocolClient (GrpcClientProtocolClient.java:onNext(255)) - client-0C76110B8A2B->ed5d81fa-aaf0-49db-aa57-acca1dd387bd: receive RaftClientReply:client-0C76110B8A2B->ed5d81fa-aaf0-49db-aa57-acca1dd387bd@group-729F0664FEA8, cid=4028, SUCCESS, logIndex=5677, commits[ed5d81fa-aaf0-49db-aa57-acca1dd387bd:c5677]
2019-09-10 22:12:28,109 [SCMBlockDeletingService#1] DEBUG block.SCMBlockDeletingService (SCMBlockDeletingService.java:call(138)) - Running DeletedBlockTransactionScanner
2019-09-10 22:12:28,110 [SCMBlockDeletingService#1] DEBUG block.SCMBlockDeletingService (SCMBlockDeletingService.java:call(155)) - Scanned deleted blocks log and got 0 delTX to process.
2019-09-10 22:12:28,112 [grpc-default-executor-1] INFO  client.GrpcClientProtocolClient (GrpcClientProtocolClient.java:onNext(255)) - client-0C76110B8A2B->ed5d81fa-aaf0-49db-aa57-acca1dd387bd: receive RaftClientReply:client-0C76110B8A2B->ed5d81fa-aaf0-49db-aa57-acca1dd387bd@group-729F0664FEA8, cid=4029, SUCCESS, logIndex=5679, commits[ed5d81fa-aaf0-49db-aa57-acca1dd387bd:c5682]
2019-09-10 22:12:28,112 [grpc-default-executor-1] INFO  client.GrpcClientProtocolClient (GrpcClientProtocolClient.java:onNext(255)) - client-0C76110B8A2B->ed5d81fa-aaf0-49db-aa57-acca1dd387bd: receive RaftClientReply:client-0C76110B8A2B->ed5d81fa-aaf0-49db-aa57-acca1dd387bd@group-729F0664FEA8, cid=4030, SUCCESS, logIndex=5680, commits[ed5d81fa-aaf0-49db-aa57-acca1dd387bd:c5683]
2019-09-10 22:12:28,113 [grpc-default-executor-1] INFO  client.GrpcClientProtocolClient (GrpcClientProtocolClient.java:onNext(255)) - client-0C76110B8A2B->ed5d81fa-aaf0-49db-aa57-acca1dd387bd: receive RaftClientReply:client-0C76110B8A2B->ed5d81fa-aaf0-49db-aa57-acca1dd387bd@group-729F0664FEA8, cid=4031, SUCCESS, logIndex=5681, commits[ed5d81fa-aaf0-49db-aa57-acca1dd387bd:c5683]
2019-09-10 22:12:28,113 [grpc-default-executor-1] INFO  client.GrpcClientProtocolClient (GrpcClientProtocolClient.java:onNext(255)) - client-0C76110B8A2B->ed5d81fa-aaf0-49db-aa57-acca1dd387bd: receive RaftClientReply:client-0C76110B8A2B->ed5d81fa-aaf0-49db-aa57-acca1dd387bd@group-729F0664FEA8, cid=4032, SUCCESS, logIndex=5682, commits[ed5d81fa-aaf0-49db-aa57-acca1dd387bd:c5683]
2019-09-10 22:12:28,145 [grpc-default-executor-1] INFO  client.GrpcClientProtocolClient (GrpcClientProtocolClient.java:onNext(255)) - client-0C76110B8A2B->ed5d81fa-aaf0-49db-aa57-acca1dd387bd: receive RaftClientReply:client-0C76110B8A2B->ed5d81fa-aaf0-49db-aa57-acca1dd387bd@group-729F0664FEA8, cid=4033, SUCCESS, logIndex=5684, commits[ed5d81fa-aaf0-49db-aa57-acca1dd387bd:c5687]
2019-09-10 22:12:28,146 [grpc-default-executor-1] INFO  client.GrpcClientProtocolClient (GrpcClientProtocolClient.java:onNext(255)) - client-0C76110B8A2B->ed5d81fa-aaf0-49db-aa57-acca1dd387bd: receive RaftClientReply:client-0C76110B8A2B->ed5d81fa-aaf0-49db-aa57-acca1dd387bd@group-729F0664FEA8, cid=4034, SUCCESS, logIndex=5685, commits[ed5d81fa-aaf0-49db-aa57-acca1dd387bd:c5688]
2019-09-10 22:12:28,146 [grpc-default-executor-1] INFO  client.GrpcClientProtocolClient (GrpcClientProtocolClient.java:onNext(255)) - client-0C76110B8A2B->ed5d81fa-aaf0-49db-aa57-acca1dd387bd: receive RaftClientReply:client-0C76110B8A2B->ed5d81fa-aaf0-49db-aa57-acca1dd387bd@group-729F0664FEA8, cid=4035, SUCCESS, logIndex=5686, commits[ed5d81fa-aaf0-49db-aa57-acca1dd387bd:c5688]
2019-09-10 22:12:28,146 [grpc-default-executor-1] INFO  client.GrpcClientProtocolClient (GrpcClientProtocolClient.java:onNext(255)) - client-0C76110B8A2B->ed5d81fa-aaf0-49db-aa57-acca1dd387bd: receive RaftClientReply:client-0C76110B8A2B->ed5d81fa-aaf0-49db-aa57-acca1dd387bd@group-729F0664FEA8, cid=4036, SUCCESS, logIndex=5687, commits[ed5d81fa-aaf0-49db-aa57-acca1dd387bd:c5688]
2019-09-10 22:12:28,167 [grpc-default-executor-0] INFO  client.GrpcClientProtocolClient (GrpcClientProtocolClient.java:onNext(255)) - client-0C76110B8A2B->ed5d81fa-aaf0-49db-aa57-acca1dd387bd: receive RaftClientReply:client-0C76110B8A2B->ed5d81fa-aaf0-49db-aa57-acca1dd387bd@group-729F0664FEA8, cid=4037, SUCCESS, logIndex=5689, commits[ed5d81fa-aaf0-49db-aa57-acca1dd387bd:c5692]
2019-09-10 22:12:28,167 [grpc-default-executor-0] INFO  client.GrpcClientProtocolClient (GrpcClientProtocolClient.java:onNext(255)) - client-0C76110B8A2B->ed5d81fa-aaf0-49db-aa57-acca1dd387bd: receive RaftClientReply:client-0C76110B8A2B->ed5d81fa-aaf0-49db-aa57-acca1dd387bd@group-729F0664FEA8, cid=4038, SUCCESS, logIndex=5690, commits[ed5d81fa-aaf0-49db-aa57-acca1dd387bd:c5693]
2019-09-10 22:12:28,168 [grpc-default-executor-0] INFO  client.GrpcClientProtocolClient (GrpcClientProtocolClient.java:onNext(255)) - client-0C76110B8A2B->ed5d81fa-aaf0-49db-aa57-acca1dd387bd: receive RaftClientReply:client-0C76110B8A2B->ed5d81fa-aaf0-49db-aa57-acca1dd387bd@group-729F0664FEA8, cid=4039, SUCCESS, logIndex=5691, commits[ed5d81fa-aaf0-49db-aa57-acca1dd387bd:c5693]
2019-09-10 22:12:28,168 [grpc-default-executor-0] INFO  client.GrpcClientProtocolClient (GrpcClientProtocolClient.java:onNext(255)) - client-0C76110B8A2B->ed5d81fa-aaf0-49db-aa57-acca1dd387bd: receive RaftClientReply:client-0C76110B8A2B->ed5d81fa-aaf0-49db-aa57-acca1dd387bd@group-729F0664FEA8, cid=4040, SUCCESS, logIndex=5692, commits[ed5d81fa-aaf0-49db-aa57-acca1dd387bd:c5693]
2019-09-10 22:12:28,198 [grpc-default-executor-1] INFO  client.GrpcClientProtocolClient (GrpcClientProtocolClient.java:onNext(255)) - client-0C76110B8A2B->ed5d81fa-aaf0-49db-aa57-acca1dd387bd: receive RaftClientReply:client-0C76110B8A2B->ed5d81fa-aaf0-49db-aa57-acca1dd387bd@group-729F0664FEA8, cid=4041, SUCCESS, logIndex=5694, commits[ed5d81fa-aaf0-49db-aa57-acca1dd387bd:c5697]
2019-09-10 22:12:28,198 [grpc-default-executor-1] INFO  client.GrpcClientProtocolClient (GrpcClientProtocolClient.java:onNext(255)) - client-0C76110B8A2B->ed5d81fa-aaf0-49db-aa57-acca1dd387bd: receive RaftClientReply:client-0C76110B8A2B->ed5d81fa-aaf0-49db-aa57-acca1dd387bd@group-729F0664FEA8, cid=4042, SUCCESS, logIndex=5695, commits[ed5d81fa-aaf0-49db-aa57-acca1dd387bd:c5698]
2019-09-10 22:12:28,199 [grpc-default-executor-1] INFO  client.GrpcClientProtocolClient (GrpcClientProtocolClient.java:onNext(255)) - client-0C76110B8A2B->ed5d81fa-aaf0-49db-aa57-acca1dd387bd: receive RaftClientReply:client-0C76110B8A2B->ed5d81fa-aaf0-49db-aa57-acca1dd387bd@group-729F0664FEA8, cid=4043, SUCCESS, logIndex=5696, commits[ed5d81fa-aaf0-49db-aa57-acca1dd387bd:c5698]
2019-09-10 22:12:28,199 [grpc-default-executor-1] INFO  client.GrpcClientProtocolClient (GrpcClientProtocolClient.java:onNext(255)) - client-0C76110B8A2B->ed5d81fa-aaf0-49db-aa57-acca1dd387bd: receive RaftClientReply:client-0C76110B8A2B->ed5d81fa-aaf0-49db-aa57-acca1dd387bd@group-729F0664FEA8, cid=4044, SUCCESS, logIndex=5697, commits[ed5d81fa-aaf0-49db-aa57-acca1dd387bd:c5698]
2019-09-10 22:12:28,210 [SCMBlockDeletingService#1] DEBUG block.SCMBlockDeletingService (SCMBlockDeletingService.java:call(138)) - Running DeletedBlockTransactionScanner
2019-09-10 22:12:28,210 [SCMBlockDeletingService#1] DEBUG block.SCMBlockDeletingService (SCMBlockDeletingService.java:call(155)) - Scanned deleted blocks log and got 0 delTX to process.
2019-09-10 22:12:28,222 [grpc-default-executor-0] INFO  client.GrpcClientProtocolClient (GrpcClientProtocolClient.java:onNext(255)) - client-0C76110B8A2B->ed5d81fa-aaf0-49db-aa57-acca1dd387bd: receive RaftClientReply:client-0C76110B8A2B->ed5d81fa-aaf0-49db-aa57-acca1dd387bd@group-729F0664FEA8, cid=4045, SUCCESS, logIndex=5699, commits[ed5d81fa-aaf0-49db-aa57-acca1dd387bd:c5703]
2019-09-10 22:12:28,223 [grpc-default-executor-0] INFO  client.GrpcClientProtocolClient (GrpcClientProtocolClient.java:onNext(255)) - client-0C76110B8A2B->ed5d81fa-aaf0-49db-aa57-acca1dd387bd: receive RaftClientReply:client-0C76110B8A2B->ed5d81fa-aaf0-49db-aa57-acca1dd387bd@group-729F0664FEA8, cid=4046, SUCCESS, logIndex=5700, commits[ed5d81fa-aaf0-49db-aa57-acca1dd387bd:c5703]
2019-09-10 22:12:28,223 [grpc-default-executor-0] INFO  client.GrpcClientProtocolClient (GrpcClientProtocolClient.java:onNext(255)) - client-0C76110B8A2B->ed5d81fa-aaf0-49db-aa57-acca1dd387bd: receive RaftClientReply:client-0C76110B8A2B->ed5d81fa-aaf0-49db-aa57-acca1dd387bd@group-729F0664FEA8, cid=4047, SUCCESS, logIndex=5701, commits[ed5d81fa-aaf0-49db-aa57-acca1dd387bd:c5703]
2019-09-10 22:12:28,223 [grpc-default-executor-0] INFO  client.GrpcClientProtocolClient (GrpcClientProtocolClient.java:onNext(255)) - client-0C76110B8A2B->ed5d81fa-aaf0-49db-aa57-acca1dd387bd: receive RaftClientReply:client-0C76110B8A2B->ed5d81fa-aaf0-49db-aa57-acca1dd387bd@group-729F0664FEA8, cid=4048, SUCCESS, logIndex=5702, commits[ed5d81fa-aaf0-49db-aa57-acca1dd387bd:c5703]
2019-09-10 22:12:28,257 [grpc-default-executor-0] INFO  client.GrpcClientProtocolClient (GrpcClientProtocolClient.java:onNext(255)) - client-0C76110B8A2B->ed5d81fa-aaf0-49db-aa57-acca1dd387bd: receive RaftClientReply:client-0C76110B8A2B->ed5d81fa-aaf0-49db-aa57-acca1dd387bd@group-729F0664FEA8, cid=4049, SUCCESS, logIndex=5704, commits[ed5d81fa-aaf0-49db-aa57-acca1dd387bd:c5707]
2019-09-10 22:12:28,258 [grpc-default-executor-0] INFO  client.GrpcClientProtocolClient (GrpcClientProtocolClient.java:onNext(255)) - client-0C76110B8A2B->ed5d81fa-aaf0-49db-aa57-acca1dd387bd: receive RaftClientReply:client-0C76110B8A2B->ed5d81fa-aaf0-49db-aa57-acca1dd387bd@group-729F0664FEA8, cid=4050, SUCCESS, logIndex=5705, commits[ed5d81fa-aaf0-49db-aa57-acca1dd387bd:c5707]
2019-09-10 22:12:28,258 [grpc-default-executor-0] INFO  client.GrpcClientProtocolClient (GrpcClientProtocolClient.java:onNext(255)) - client-0C76110B8A2B->ed5d81fa-aaf0-49db-aa57-acca1dd387bd: receive RaftClientReply:client-0C76110B8A2B->ed5d81fa-aaf0-49db-aa57-acca1dd387bd@group-729F0664FEA8, cid=4051, SUCCESS, logIndex=5706, commits[ed5d81fa-aaf0-49db-aa57-acca1dd387bd:c5707]
2019-09-10 22:12:28,258 [grpc-default-executor-0] INFO  client.GrpcClientProtocolClient (GrpcClientProtocolClient.java:onNext(255)) - client-0C76110B8A2B->ed5d81fa-aaf0-49db-aa57-acca1dd387bd: receive RaftClientReply:client-0C76110B8A2B->ed5d81fa-aaf0-49db-aa57-acca1dd387bd@group-729F0664FEA8, cid=4052, SUCCESS, logIndex=5707, commits[ed5d81fa-aaf0-49db-aa57-acca1dd387bd:c5707]
2019-09-10 22:12:28,276 [grpc-default-executor-0] INFO  client.GrpcClientProtocolClient (GrpcClientProtocolClient.java:onNext(255)) - client-0C76110B8A2B->ed5d81fa-aaf0-49db-aa57-acca1dd387bd: receive RaftClientReply:client-0C76110B8A2B->ed5d81fa-aaf0-49db-aa57-acca1dd387bd@group-729F0664FEA8, cid=4053, SUCCESS, logIndex=5709, commits[ed5d81fa-aaf0-49db-aa57-acca1dd387bd:c5710]
2019-09-10 22:12:28,276 [grpc-default-executor-0] INFO  client.GrpcClientProtocolClient (GrpcClientProtocolClient.java:onNext(255)) - client-0C76110B8A2B->ed5d81fa-aaf0-49db-aa57-acca1dd387bd: receive RaftClientReply:client-0C76110B8A2B->ed5d81fa-aaf0-49db-aa57-acca1dd387bd@group-729F0664FEA8, cid=4054, SUCCESS, logIndex=5710, commits[ed5d81fa-aaf0-49db-aa57-acca1dd387bd:c5712]
2019-09-10 22:12:28,276 [grpc-default-executor-0] INFO  client.GrpcClientProtocolClient (GrpcClientProtocolClient.java:onNext(255)) - client-0C76110B8A2B->ed5d81fa-aaf0-49db-aa57-acca1dd387bd: receive RaftClientReply:client-0C76110B8A2B->ed5d81fa-aaf0-49db-aa57-acca1dd387bd@group-729F0664FEA8, cid=4055, SUCCESS, logIndex=5711, commits[ed5d81fa-aaf0-49db-aa57-acca1dd387bd:c5712]
2019-09-10 22:12:28,277 [grpc-default-executor-0] INFO  client.GrpcClientProtocolClient (GrpcClientProtocolClient.java:onNext(255)) - client-0C76110B8A2B->ed5d81fa-aaf0-49db-aa57-acca1dd387bd: receive RaftClientReply:client-0C76110B8A2B->ed5d81fa-aaf0-49db-aa57-acca1dd387bd@group-729F0664FEA8, cid=4056, SUCCESS, logIndex=5712, commits[ed5d81fa-aaf0-49db-aa57-acca1dd387bd:c5713]
2019-09-10 22:12:28,308 [grpc-default-executor-1] INFO  client.GrpcClientProtocolClient (GrpcClientProtocolClient.java:onNext(255)) - client-0C76110B8A2B->ed5d81fa-aaf0-49db-aa57-acca1dd387bd: receive RaftClientReply:client-0C76110B8A2B->ed5d81fa-aaf0-49db-aa57-acca1dd387bd@group-729F0664FEA8, cid=4057, SUCCESS, logIndex=5715, commits[ed5d81fa-aaf0-49db-aa57-acca1dd387bd:c5718]
2019-09-10 22:12:28,308 [grpc-default-executor-1] INFO  client.GrpcClientProtocolClient (GrpcClientProtocolClient.java:onNext(255)) - client-0C76110B8A2B->ed5d81fa-aaf0-49db-aa57-acca1dd387bd: receive RaftClientReply:client-0C76110B8A2B->ed5d81fa-aaf0-49db-aa57-acca1dd387bd@group-729F0664FEA8, cid=4058, SUCCESS, logIndex=5716, commits[ed5d81fa-aaf0-49db-aa57-acca1dd387bd:c5719]
2019-09-10 22:12:28,309 [grpc-default-executor-1] INFO  client.GrpcClientProtocolClient (GrpcClientProtocolClient.java:onNext(255)) - client-0C76110B8A2B->ed5d81fa-aaf0-49db-aa57-acca1dd387bd: receive RaftClientReply:client-0C76110B8A2B->ed5d81fa-aaf0-49db-aa57-acca1dd387bd@group-729F0664FEA8, cid=4059, SUCCESS, logIndex=5717, commits[ed5d81fa-aaf0-49db-aa57-acca1dd387bd:c5719]
2019-09-10 22:12:28,309 [grpc-default-executor-1] INFO  client.GrpcClientProtocolClient (GrpcClientProtocolClient.java:onNext(255)) - client-0C76110B8A2B->ed5d81fa-aaf0-49db-aa57-acca1dd387bd: receive RaftClientReply:client-0C76110B8A2B->ed5d81fa-aaf0-49db-aa57-acca1dd387bd@group-729F0664FEA8, cid=4060, SUCCESS, logIndex=5718, commits[ed5d81fa-aaf0-49db-aa57-acca1dd387bd:c5719]
2019-09-10 22:12:28,311 [SCMBlockDeletingService#1] DEBUG block.SCMBlockDeletingService (SCMBlockDeletingService.java:call(138)) - Running DeletedBlockTransactionScanner
2019-09-10 22:12:28,311 [SCMBlockDeletingService#1] DEBUG block.SCMBlockDeletingService (SCMBlockDeletingService.java:call(155)) - Scanned deleted blocks log and got 0 delTX to process.
2019-09-10 22:12:28,329 [grpc-default-executor-1] INFO  client.GrpcClientProtocolClient (GrpcClientProtocolClient.java:onNext(255)) - client-0C76110B8A2B->ed5d81fa-aaf0-49db-aa57-acca1dd387bd: receive RaftClientReply:client-0C76110B8A2B->ed5d81fa-aaf0-49db-aa57-acca1dd387bd@group-729F0664FEA8, cid=4061, SUCCESS, logIndex=5720, commits[ed5d81fa-aaf0-49db-aa57-acca1dd387bd:c5723]
2019-09-10 22:12:28,329 [grpc-default-executor-1] INFO  client.GrpcClientProtocolClient (GrpcClientProtocolClient.java:onNext(255)) - client-0C76110B8A2B->ed5d81fa-aaf0-49db-aa57-acca1dd387bd: receive RaftClientReply:client-0C76110B8A2B->ed5d81fa-aaf0-49db-aa57-acca1dd387bd@group-729F0664FEA8, cid=4062, SUCCESS, logIndex=5721, commits[ed5d81fa-aaf0-49db-aa57-acca1dd387bd:c5724]
2019-09-10 22:12:28,330 [grpc-default-executor-1] INFO  client.GrpcClientProtocolClient (GrpcClientProtocolClient.java:onNext(255)) - client-0C76110B8A2B->ed5d81fa-aaf0-49db-aa57-acca1dd387bd: receive RaftClientReply:client-0C76110B8A2B->ed5d81fa-aaf0-49db-aa57-acca1dd387bd@group-729F0664FEA8, cid=4063, SUCCESS, logIndex=5722, commits[ed5d81fa-aaf0-49db-aa57-acca1dd387bd:c5724]
2019-09-10 22:12:28,330 [grpc-default-executor-1] INFO  client.GrpcClientProtocolClient (GrpcClientProtocolClient.java:onNext(255)) - client-0C76110B8A2B->ed5d81fa-aaf0-49db-aa57-acca1dd387bd: receive RaftClientReply:client-0C76110B8A2B->ed5d81fa-aaf0-49db-aa57-acca1dd387bd@group-729F0664FEA8, cid=4064, SUCCESS, logIndex=5723, commits[ed5d81fa-aaf0-49db-aa57-acca1dd387bd:c5724]
2019-09-10 22:12:28,437 [SCMBlockDeletingService#1] DEBUG block.SCMBlockDeletingService (SCMBlockDeletingService.java:call(138)) - Running DeletedBlockTransactionScanner
2019-09-10 22:12:28,437 [SCMBlockDeletingService#1] DEBUG block.SCMBlockDeletingService (SCMBlockDeletingService.java:call(155)) - Scanned deleted blocks log and got 0 delTX to process.
2019-09-10 22:12:28,454 [grpc-default-executor-1] INFO  client.GrpcClientProtocolClient (GrpcClientProtocolClient.java:onNext(255)) - client-0C76110B8A2B->ed5d81fa-aaf0-49db-aa57-acca1dd387bd: receive RaftClientReply:client-0C76110B8A2B->ed5d81fa-aaf0-49db-aa57-acca1dd387bd@group-729F0664FEA8, cid=4065, SUCCESS, logIndex=5725, commits[ed5d81fa-aaf0-49db-aa57-acca1dd387bd:c5726]
2019-09-10 22:12:28,455 [grpc-default-executor-1] INFO  client.GrpcClientProtocolClient (GrpcClientProtocolClient.java:onNext(255)) - client-0C76110B8A2B->ed5d81fa-aaf0-49db-aa57-acca1dd387bd: receive RaftClientReply:client-0C76110B8A2B->ed5d81fa-aaf0-49db-aa57-acca1dd387bd@group-729F0664FEA8, cid=4066, SUCCESS, logIndex=5726, commits[ed5d81fa-aaf0-49db-aa57-acca1dd387bd:c5727]
2019-09-10 22:12:28,537 [SCMBlockDeletingService#1] DEBUG block.SCMBlockDeletingService (SCMBlockDeletingService.java:call(138)) - Running DeletedBlockTransactionScanner
2019-09-10 22:12:28,537 [SCMBlockDeletingService#1] DEBUG block.SCMBlockDeletingService (SCMBlockDeletingService.java:call(155)) - Scanned deleted blocks log and got 0 delTX to process.
2019-09-10 22:12:28,540 [grpc-default-executor-0] INFO  client.GrpcClientProtocolClient (GrpcClientProtocolClient.java:onNext(255)) - client-0C76110B8A2B->ed5d81fa-aaf0-49db-aa57-acca1dd387bd: receive RaftClientReply:client-0C76110B8A2B->ed5d81fa-aaf0-49db-aa57-acca1dd387bd@group-729F0664FEA8, cid=4067, SUCCESS, logIndex=5728, commits[ed5d81fa-aaf0-49db-aa57-acca1dd387bd:c5729]
2019-09-10 22:12:28,540 [grpc-default-executor-0] INFO  client.GrpcClientProtocolClient (GrpcClientProtocolClient.java:onNext(255)) - client-0C76110B8A2B->ed5d81fa-aaf0-49db-aa57-acca1dd387bd: receive RaftClientReply:client-0C76110B8A2B->ed5d81fa-aaf0-49db-aa57-acca1dd387bd@group-729F0664FEA8, cid=4068, SUCCESS, logIndex=5729, commits[ed5d81fa-aaf0-49db-aa57-acca1dd387bd:c5729]
2019-09-10 22:12:28,560 [grpc-default-executor-1] INFO  client.GrpcClientProtocolClient (GrpcClientProtocolClient.java:onNext(255)) - client-0C76110B8A2B->ed5d81fa-aaf0-49db-aa57-acca1dd387bd: receive RaftClientReply:client-0C76110B8A2B->ed5d81fa-aaf0-49db-aa57-acca1dd387bd@group-729F0664FEA8, cid=4069, SUCCESS, logIndex=5731, commits[ed5d81fa-aaf0-49db-aa57-acca1dd387bd:c5734]
2019-09-10 22:12:28,561 [grpc-default-executor-1] INFO  client.GrpcClientProtocolClient (GrpcClientProtocolClient.java:onNext(255)) - client-0C76110B8A2B->ed5d81fa-aaf0-49db-aa57-acca1dd387bd: receive RaftClientReply:client-0C76110B8A2B->ed5d81fa-aaf0-49db-aa57-acca1dd387bd@group-729F0664FEA8, cid=4070, SUCCESS, logIndex=5732, commits[ed5d81fa-aaf0-49db-aa57-acca1dd387bd:c5734]
2019-09-10 22:12:28,561 [grpc-default-executor-1] INFO  client.GrpcClientProtocolClient (GrpcClientProtocolClient.java:onNext(255)) - client-0C76110B8A2B->ed5d81fa-aaf0-49db-aa57-acca1dd387bd: receive RaftClientReply:client-0C76110B8A2B->ed5d81fa-aaf0-49db-aa57-acca1dd387bd@group-729F0664FEA8, cid=4071, SUCCESS, logIndex=5733, commits[ed5d81fa-aaf0-49db-aa57-acca1dd387bd:c5735]
2019-09-10 22:12:28,561 [grpc-default-executor-1] INFO  client.GrpcClientProtocolClient (GrpcClientProtocolClient.java:onNext(255)) - client-0C76110B8A2B->ed5d81fa-aaf0-49db-aa57-acca1dd387bd: receive RaftClientReply:client-0C76110B8A2B->ed5d81fa-aaf0-49db-aa57-acca1dd387bd@group-729F0664FEA8, cid=4072, SUCCESS, logIndex=5734, commits[ed5d81fa-aaf0-49db-aa57-acca1dd387bd:c5735]
2019-09-10 22:12:28,593 [grpc-default-executor-0] INFO  client.GrpcClientProtocolClient (GrpcClientProtocolClient.java:onNext(255)) - client-0C76110B8A2B->ed5d81fa-aaf0-49db-aa57-acca1dd387bd: receive RaftClientReply:client-0C76110B8A2B->ed5d81fa-aaf0-49db-aa57-acca1dd387bd@group-729F0664FEA8, cid=4073, SUCCESS, logIndex=5736, commits[ed5d81fa-aaf0-49db-aa57-acca1dd387bd:c5739]
2019-09-10 22:12:28,594 [grpc-default-executor-0] INFO  client.GrpcClientProtocolClient (GrpcClientProtocolClient.java:onNext(255)) - client-0C76110B8A2B->ed5d81fa-aaf0-49db-aa57-acca1dd387bd: receive RaftClientReply:client-0C76110B8A2B->ed5d81fa-aaf0-49db-aa57-acca1dd387bd@group-729F0664FEA8, cid=4074, SUCCESS, logIndex=5737, commits[ed5d81fa-aaf0-49db-aa57-acca1dd387bd:c5740]
2019-09-10 22:12:28,594 [grpc-default-executor-0] INFO  client.GrpcClientProtocolClient (GrpcClientProtocolClient.java:onNext(255)) - client-0C76110B8A2B->ed5d81fa-aaf0-49db-aa57-acca1dd387bd: receive RaftClientReply:client-0C76110B8A2B->ed5d81fa-aaf0-49db-aa57-acca1dd387bd@group-729F0664FEA8, cid=4075, SUCCESS, logIndex=5738, commits[ed5d81fa-aaf0-49db-aa57-acca1dd387bd:c5740]
2019-09-10 22:12:28,594 [grpc-default-executor-0] INFO  client.GrpcClientProtocolClient (GrpcClientProtocolClient.java:onNext(255)) - client-0C76110B8A2B->ed5d81fa-aaf0-49db-aa57-acca1dd387bd: receive RaftClientReply:client-0C76110B8A2B->ed5d81fa-aaf0-49db-aa57-acca1dd387bd@group-729F0664FEA8, cid=4076, SUCCESS, logIndex=5739, commits[ed5d81fa-aaf0-49db-aa57-acca1dd387bd:c5740]
2019-09-10 22:12:28,614 [grpc-default-executor-0] INFO  client.GrpcClientProtocolClient (GrpcClientProtocolClient.java:onNext(255)) - client-0C76110B8A2B->ed5d81fa-aaf0-49db-aa57-acca1dd387bd: receive RaftClientReply:client-0C76110B8A2B->ed5d81fa-aaf0-49db-aa57-acca1dd387bd@group-729F0664FEA8, cid=4077, SUCCESS, logIndex=5741, commits[ed5d81fa-aaf0-49db-aa57-acca1dd387bd:c5744]
2019-09-10 22:12:28,614 [grpc-default-executor-0] INFO  client.GrpcClientProtocolClient (GrpcClientProtocolClient.java:onNext(255)) - client-0C76110B8A2B->ed5d81fa-aaf0-49db-aa57-acca1dd387bd: receive RaftClientReply:client-0C76110B8A2B->ed5d81fa-aaf0-49db-aa57-acca1dd387bd@group-729F0664FEA8, cid=4078, SUCCESS, logIndex=5742, commits[ed5d81fa-aaf0-49db-aa57-acca1dd387bd:c5744]
2019-09-10 22:12:28,615 [grpc-default-executor-0] INFO  client.GrpcClientProtocolClient (GrpcClientProtocolClient.java:onNext(255)) - client-0C76110B8A2B->ed5d81fa-aaf0-49db-aa57-acca1dd387bd: receive RaftClientReply:client-0C76110B8A2B->ed5d81fa-aaf0-49db-aa57-acca1dd387bd@group-729F0664FEA8, cid=4079, SUCCESS, logIndex=5743, commits[ed5d81fa-aaf0-49db-aa57-acca1dd387bd:c5744]
2019-09-10 22:12:28,615 [grpc-default-executor-0] INFO  client.GrpcClientProtocolClient (GrpcClientProtocolClient.java:onNext(255)) - client-0C76110B8A2B->ed5d81fa-aaf0-49db-aa57-acca1dd387bd: receive RaftClientReply:client-0C76110B8A2B->ed5d81fa-aaf0-49db-aa57-acca1dd387bd@group-729F0664FEA8, cid=4080, SUCCESS, logIndex=5744, commits[ed5d81fa-aaf0-49db-aa57-acca1dd387bd:c5744]
2019-09-10 22:12:28,638 [SCMBlockDeletingService#1] DEBUG block.SCMBlockDeletingService (SCMBlockDeletingService.java:call(138)) - Running DeletedBlockTransactionScanner
2019-09-10 22:12:28,638 [SCMBlockDeletingService#1] DEBUG block.SCMBlockDeletingService (SCMBlockDeletingService.java:call(155)) - Scanned deleted blocks log and got 0 delTX to process.
2019-09-10 22:12:28,642 [grpc-default-executor-1] INFO  client.GrpcClientProtocolClient (GrpcClientProtocolClient.java:onNext(255)) - client-0C76110B8A2B->ed5d81fa-aaf0-49db-aa57-acca1dd387bd: receive RaftClientReply:client-0C76110B8A2B->ed5d81fa-aaf0-49db-aa57-acca1dd387bd@group-729F0664FEA8, cid=4081, SUCCESS, logIndex=5746, commits[ed5d81fa-aaf0-49db-aa57-acca1dd387bd:c5747]
2019-09-10 22:12:28,643 [grpc-default-executor-1] INFO  client.GrpcClientProtocolClient (GrpcClientProtocolClient.java:onNext(255)) - client-0C76110B8A2B->ed5d81fa-aaf0-49db-aa57-acca1dd387bd: receive RaftClientReply:client-0C76110B8A2B->ed5d81fa-aaf0-49db-aa57-acca1dd387bd@group-729F0664FEA8, cid=4082, SUCCESS, logIndex=5747, commits[ed5d81fa-aaf0-49db-aa57-acca1dd387bd:c5747]
2019-09-10 22:12:28,643 [grpc-default-executor-1] INFO  client.GrpcClientProtocolClient (GrpcClientProtocolClient.java:onNext(255)) - client-0C76110B8A2B->ed5d81fa-aaf0-49db-aa57-acca1dd387bd: receive RaftClientReply:client-0C76110B8A2B->ed5d81fa-aaf0-49db-aa57-acca1dd387bd@group-729F0664FEA8, cid=4083, SUCCESS, logIndex=5748, commits[ed5d81fa-aaf0-49db-aa57-acca1dd387bd:c5749]
2019-09-10 22:12:28,644 [grpc-default-executor-1] INFO  client.GrpcClientProtocolClient (GrpcClientProtocolClient.java:onNext(255)) - client-0C76110B8A2B->ed5d81fa-aaf0-49db-aa57-acca1dd387bd: receive RaftClientReply:client-0C76110B8A2B->ed5d81fa-aaf0-49db-aa57-acca1dd387bd@group-729F0664FEA8, cid=4084, SUCCESS, logIndex=5749, commits[ed5d81fa-aaf0-49db-aa57-acca1dd387bd:c5750]
2019-09-10 22:12:28,664 [grpc-default-executor-0] INFO  client.GrpcClientProtocolClient (GrpcClientProtocolClient.java:onNext(255)) - client-0C76110B8A2B->ed5d81fa-aaf0-49db-aa57-acca1dd387bd: receive RaftClientReply:client-0C76110B8A2B->ed5d81fa-aaf0-49db-aa57-acca1dd387bd@group-729F0664FEA8, cid=4085, SUCCESS, logIndex=5752, commits[ed5d81fa-aaf0-49db-aa57-acca1dd387bd:c5755]
2019-09-10 22:12:28,664 [grpc-default-executor-0] INFO  client.GrpcClientProtocolClient (GrpcClientProtocolClient.java:onNext(255)) - client-0C76110B8A2B->ed5d81fa-aaf0-49db-aa57-acca1dd387bd: receive RaftClientReply:client-0C76110B8A2B->ed5d81fa-aaf0-49db-aa57-acca1dd387bd@group-729F0664FEA8, cid=4086, SUCCESS, logIndex=5753, commits[ed5d81fa-aaf0-49db-aa57-acca1dd387bd:c5756]
2019-09-10 22:12:28,664 [grpc-default-executor-0] INFO  client.GrpcClientProtocolClient (GrpcClientProtocolClient.java:onNext(255)) - client-0C76110B8A2B->ed5d81fa-aaf0-49db-aa57-acca1dd387bd: receive RaftClientReply:client-0C76110B8A2B->ed5d81fa-aaf0-49db-aa57-acca1dd387bd@group-729F0664FEA8, cid=4087, SUCCESS, logIndex=5754, commits[ed5d81fa-aaf0-49db-aa57-acca1dd387bd:c5756]
2019-09-10 22:12:28,665 [grpc-default-executor-0] INFO  client.GrpcClientProtocolClient (GrpcClientProtocolClient.java:onNext(255)) - client-0C76110B8A2B->ed5d81fa-aaf0-49db-aa57-acca1dd387bd: receive RaftClientReply:client-0C76110B8A2B->ed5d81fa-aaf0-49db-aa57-acca1dd387bd@group-729F0664FEA8, cid=4088, SUCCESS, logIndex=5755, commits[ed5d81fa-aaf0-49db-aa57-acca1dd387bd:c5756]
2019-09-10 22:12:28,700 [grpc-default-executor-0] INFO  client.GrpcClientProtocolClient (GrpcClientProtocolClient.java:onNext(255)) - client-0C76110B8A2B->ed5d81fa-aaf0-49db-aa57-acca1dd387bd: receive RaftClientReply:client-0C76110B8A2B->ed5d81fa-aaf0-49db-aa57-acca1dd387bd@group-729F0664FEA8, cid=4089, SUCCESS, logIndex=5757, commits[ed5d81fa-aaf0-49db-aa57-acca1dd387bd:c5760]
2019-09-10 22:12:28,701 [grpc-default-executor-0] INFO  client.GrpcClientProtocolClient (GrpcClientProtocolClient.java:onNext(255)) - client-0C76110B8A2B->ed5d81fa-aaf0-49db-aa57-acca1dd387bd: receive RaftClientReply:client-0C76110B8A2B->ed5d81fa-aaf0-49db-aa57-acca1dd387bd@group-729F0664FEA8, cid=4090, SUCCESS, logIndex=5758, commits[ed5d81fa-aaf0-49db-aa57-acca1dd387bd:c5760]
2019-09-10 22:12:28,701 [grpc-default-executor-0] INFO  client.GrpcClientProtocolClient (GrpcClientProtocolClient.java:onNext(255)) - client-0C76110B8A2B->ed5d81fa-aaf0-49db-aa57-acca1dd387bd: receive RaftClientReply:client-0C76110B8A2B->ed5d81fa-aaf0-49db-aa57-acca1dd387bd@group-729F0664FEA8, cid=4091, SUCCESS, logIndex=5759, commits[ed5d81fa-aaf0-49db-aa57-acca1dd387bd:c5760]
2019-09-10 22:12:28,701 [grpc-default-executor-0] INFO  client.GrpcClientProtocolClient (GrpcClientProtocolClient.java:onNext(255)) - client-0C76110B8A2B->ed5d81fa-aaf0-49db-aa57-acca1dd387bd: receive RaftClientReply:client-0C76110B8A2B->ed5d81fa-aaf0-49db-aa57-acca1dd387bd@group-729F0664FEA8, cid=4092, SUCCESS, logIndex=5760, commits[ed5d81fa-aaf0-49db-aa57-acca1dd387bd:c5761]
2019-09-10 22:12:28,718 [grpc-default-executor-1] INFO  client.GrpcClientProtocolClient (GrpcClientProtocolClient.java:onNext(255)) - client-0C76110B8A2B->ed5d81fa-aaf0-49db-aa57-acca1dd387bd: receive RaftClientReply:client-0C76110B8A2B->ed5d81fa-aaf0-49db-aa57-acca1dd387bd@group-729F0664FEA8, cid=4093, SUCCESS, logIndex=5762, commits[ed5d81fa-aaf0-49db-aa57-acca1dd387bd:c5763]
2019-09-10 22:12:28,719 [grpc-default-executor-1] INFO  client.GrpcClientProtocolClient (GrpcClientProtocolClient.java:onNext(255)) - client-0C76110B8A2B->ed5d81fa-aaf0-49db-aa57-acca1dd387bd: receive RaftClientReply:client-0C76110B8A2B->ed5d81fa-aaf0-49db-aa57-acca1dd387bd@group-729F0664FEA8, cid=4094, SUCCESS, logIndex=5763, commits[ed5d81fa-aaf0-49db-aa57-acca1dd387bd:c5765]
2019-09-10 22:12:28,719 [grpc-default-executor-1] INFO  client.GrpcClientProtocolClient (GrpcClientProtocolClient.java:onNext(255)) - client-0C76110B8A2B->ed5d81fa-aaf0-49db-aa57-acca1dd387bd: receive RaftClientReply:client-0C76110B8A2B->ed5d81fa-aaf0-49db-aa57-acca1dd387bd@group-729F0664FEA8, cid=4095, SUCCESS, logIndex=5764, commits[ed5d81fa-aaf0-49db-aa57-acca1dd387bd:c5765]
2019-09-10 22:12:28,719 [grpc-default-executor-1] INFO  client.GrpcClientProtocolClient (GrpcClientProtocolClient.java:onNext(255)) - client-0C76110B8A2B->ed5d81fa-aaf0-49db-aa57-acca1dd387bd: receive RaftClientReply:client-0C76110B8A2B->ed5d81fa-aaf0-49db-aa57-acca1dd387bd@group-729F0664FEA8, cid=4096, SUCCESS, logIndex=5765, commits[ed5d81fa-aaf0-49db-aa57-acca1dd387bd:c5765]
2019-09-10 22:12:28,738 [SCMBlockDeletingService#1] DEBUG block.SCMBlockDeletingService (SCMBlockDeletingService.java:call(138)) - Running DeletedBlockTransactionScanner
2019-09-10 22:12:28,739 [SCMBlockDeletingService#1] DEBUG block.SCMBlockDeletingService (SCMBlockDeletingService.java:call(155)) - Scanned deleted blocks log and got 0 delTX to process.
2019-09-10 22:12:28,742 [grpc-default-executor-1] INFO  client.GrpcClientProtocolClient (GrpcClientProtocolClient.java:onNext(255)) - client-0C76110B8A2B->ed5d81fa-aaf0-49db-aa57-acca1dd387bd: receive RaftClientReply:client-0C76110B8A2B->ed5d81fa-aaf0-49db-aa57-acca1dd387bd@group-729F0664FEA8, cid=4097, SUCCESS, logIndex=5768, commits[ed5d81fa-aaf0-49db-aa57-acca1dd387bd:c5771]
2019-09-10 22:12:28,743 [grpc-default-executor-1] INFO  client.GrpcClientProtocolClient (GrpcClientProtocolClient.java:onNext(255)) - client-0C76110B8A2B->ed5d81fa-aaf0-49db-aa57-acca1dd387bd: receive RaftClientReply:client-0C76110B8A2B->ed5d81fa-aaf0-49db-aa57-acca1dd387bd@group-729F0664FEA8, cid=4098, SUCCESS, logIndex=5769, commits[ed5d81fa-aaf0-49db-aa57-acca1dd387bd:c5772]
2019-09-10 22:12:28,743 [grpc-default-executor-1] INFO  client.GrpcClientProtocolClient (GrpcClientProtocolClient.java:onNext(255)) - client-0C76110B8A2B->ed5d81fa-aaf0-49db-aa57-acca1dd387bd: receive RaftClientReply:client-0C76110B8A2B->ed5d81fa-aaf0-49db-aa57-acca1dd387bd@group-729F0664FEA8, cid=4099, SUCCESS, logIndex=5770, commits[ed5d81fa-aaf0-49db-aa57-acca1dd387bd:c5772]
2019-09-10 22:12:28,743 [grpc-default-executor-1] INFO  client.GrpcClientProtocolClient (GrpcClientProtocolClient.java:onNext(255)) - client-0C76110B8A2B->ed5d81fa-aaf0-49db-aa57-acca1dd387bd: receive RaftClientReply:client-0C76110B8A2B->ed5d81fa-aaf0-49db-aa57-acca1dd387bd@group-729F0664FEA8, cid=4100, SUCCESS, logIndex=5771, commits[ed5d81fa-aaf0-49db-aa57-acca1dd387bd:c5772]
2019-09-10 22:12:28,761 [grpc-default-executor-1] INFO  client.GrpcClientProtocolClient (GrpcClientProtocolClient.java:onNext(255)) - client-0C76110B8A2B->ed5d81fa-aaf0-49db-aa57-acca1dd387bd: receive RaftClientReply:client-0C76110B8A2B->ed5d81fa-aaf0-49db-aa57-acca1dd387bd@group-729F0664FEA8, cid=4101, SUCCESS, logIndex=5773, commits[ed5d81fa-aaf0-49db-aa57-acca1dd387bd:c5774]
2019-09-10 22:12:28,761 [grpc-default-executor-1] INFO  client.GrpcClientProtocolClient (GrpcClientProtocolClient.java:onNext(255)) - client-0C76110B8A2B->ed5d81fa-aaf0-49db-aa57-acca1dd387bd: receive RaftClientReply:client-0C76110B8A2B->ed5d81fa-aaf0-49db-aa57-acca1dd387bd@group-729F0664FEA8, cid=4102, SUCCESS, logIndex=5774, commits[ed5d81fa-aaf0-49db-aa57-acca1dd387bd:c5776]
2019-09-10 22:12:28,761 [grpc-default-executor-1] INFO  client.GrpcClientProtocolClient (GrpcClientProtocolClient.java:onNext(255)) - client-0C76110B8A2B->ed5d81fa-aaf0-49db-aa57-acca1dd387bd: receive RaftClientReply:client-0C76110B8A2B->ed5d81fa-aaf0-49db-aa57-acca1dd387bd@group-729F0664FEA8, cid=4103, SUCCESS, logIndex=5775, commits[ed5d81fa-aaf0-49db-aa57-acca1dd387bd:c5777]
2019-09-10 22:12:28,761 [grpc-default-executor-1] INFO  client.GrpcClientProtocolClient (GrpcClientProtocolClient.java:onNext(255)) - client-0C76110B8A2B->ed5d81fa-aaf0-49db-aa57-acca1dd387bd: receive RaftClientReply:client-0C76110B8A2B->ed5d81fa-aaf0-49db-aa57-acca1dd387bd@group-729F0664FEA8, cid=4104, SUCCESS, logIndex=5776, commits[ed5d81fa-aaf0-49db-aa57-acca1dd387bd:c5777]
2019-09-10 22:12:28,792 [grpc-default-executor-0] INFO  client.GrpcClientProtocolClient (GrpcClientProtocolClient.java:onNext(255)) - client-0C76110B8A2B->ed5d81fa-aaf0-49db-aa57-acca1dd387bd: receive RaftClientReply:client-0C76110B8A2B->ed5d81fa-aaf0-49db-aa57-acca1dd387bd@group-729F0664FEA8, cid=4105, SUCCESS, logIndex=5779, commits[ed5d81fa-aaf0-49db-aa57-acca1dd387bd:c5780]
2019-09-10 22:12:28,793 [grpc-default-executor-0] INFO  client.GrpcClientProtocolClient (GrpcClientProtocolClient.java:onNext(255)) - client-0C76110B8A2B->ed5d81fa-aaf0-49db-aa57-acca1dd387bd: receive RaftClientReply:client-0C76110B8A2B->ed5d81fa-aaf0-49db-aa57-acca1dd387bd@group-729F0664FEA8, cid=4106, SUCCESS, logIndex=5780, commits[ed5d81fa-aaf0-49db-aa57-acca1dd387bd:c5780]
2019-09-10 22:12:28,794 [grpc-default-executor-0] INFO  client.GrpcClientProtocolClient (GrpcClientProtocolClient.java:onNext(255)) - client-0C76110B8A2B->ed5d81fa-aaf0-49db-aa57-acca1dd387bd: receive RaftClientReply:client-0C76110B8A2B->ed5d81fa-aaf0-49db-aa57-acca1dd387bd@group-729F0664FEA8, cid=4107, SUCCESS, logIndex=5781, commits[ed5d81fa-aaf0-49db-aa57-acca1dd387bd:c5782]
2019-09-10 22:12:28,794 [grpc-default-executor-0] INFO  client.GrpcClientProtocolClient (GrpcClientProtocolClient.java:onNext(255)) - client-0C76110B8A2B->ed5d81fa-aaf0-49db-aa57-acca1dd387bd: receive RaftClientReply:client-0C76110B8A2B->ed5d81fa-aaf0-49db-aa57-acca1dd387bd@group-729F0664FEA8, cid=4108, SUCCESS, logIndex=5782, commits[ed5d81fa-aaf0-49db-aa57-acca1dd387bd:c5782]
2019-09-10 22:12:28,805 [grpc-default-executor-0] INFO  client.GrpcClientProtocolClient (GrpcClientProtocolClient.java:onNext(255)) - client-0C76110B8A2B->ed5d81fa-aaf0-49db-aa57-acca1dd387bd: receive RaftClientReply:client-0C76110B8A2B->ed5d81fa-aaf0-49db-aa57-acca1dd387bd@group-729F0664FEA8, cid=4109, SUCCESS, logIndex=5785, commits[ed5d81fa-aaf0-49db-aa57-acca1dd387bd:c5786]
2019-09-10 22:12:28,806 [grpc-default-executor-0] INFO  client.GrpcClientProtocolClient (GrpcClientProtocolClient.java:onNext(255)) - client-0C76110B8A2B->ed5d81fa-aaf0-49db-aa57-acca1dd387bd: receive RaftClientReply:client-0C76110B8A2B->ed5d81fa-aaf0-49db-aa57-acca1dd387bd@group-729F0664FEA8, cid=4110, SUCCESS, logIndex=5786, commits[ed5d81fa-aaf0-49db-aa57-acca1dd387bd:c5786]
2019-09-10 22:12:28,839 [SCMBlockDeletingService#1] DEBUG block.SCMBlockDeletingService (SCMBlockDeletingService.java:call(138)) - Running DeletedBlockTransactionScanner
2019-09-10 22:12:28,839 [SCMBlockDeletingService#1] DEBUG block.SCMBlockDeletingService (SCMBlockDeletingService.java:call(155)) - Scanned deleted blocks log and got 0 delTX to process.
2019-09-10 22:12:28,901 [grpc-default-executor-1] INFO  client.GrpcClientProtocolClient (GrpcClientProtocolClient.java:onNext(255)) - client-0C76110B8A2B->ed5d81fa-aaf0-49db-aa57-acca1dd387bd: receive RaftClientReply:client-0C76110B8A2B->ed5d81fa-aaf0-49db-aa57-acca1dd387bd@group-729F0664FEA8, cid=4111, SUCCESS, logIndex=5788, commits[ed5d81fa-aaf0-49db-aa57-acca1dd387bd:c5789]
2019-09-10 22:12:28,901 [grpc-default-executor-1] INFO  client.GrpcClientProtocolClient (GrpcClientProtocolClient.java:onNext(255)) - client-0C76110B8A2B->ed5d81fa-aaf0-49db-aa57-acca1dd387bd: receive RaftClientReply:client-0C76110B8A2B->ed5d81fa-aaf0-49db-aa57-acca1dd387bd@group-729F0664FEA8, cid=4112, SUCCESS, logIndex=5789, commits[ed5d81fa-aaf0-49db-aa57-acca1dd387bd:c5789]
2019-09-10 22:12:28,933 [grpc-default-executor-0] INFO  client.GrpcClientProtocolClient (GrpcClientProtocolClient.java:onNext(255)) - client-0C76110B8A2B->ed5d81fa-aaf0-49db-aa57-acca1dd387bd: receive RaftClientReply:client-0C76110B8A2B->ed5d81fa-aaf0-49db-aa57-acca1dd387bd@group-729F0664FEA8, cid=4113, SUCCESS, logIndex=5791, commits[ed5d81fa-aaf0-49db-aa57-acca1dd387bd:c5794]
2019-09-10 22:12:28,934 [grpc-default-executor-0] INFO  client.GrpcClientProtocolClient (GrpcClientProtocolClient.java:onNext(255)) - client-0C76110B8A2B->ed5d81fa-aaf0-49db-aa57-acca1dd387bd: receive RaftClientReply:client-0C76110B8A2B->ed5d81fa-aaf0-49db-aa57-acca1dd387bd@group-729F0664FEA8, cid=4114, SUCCESS, logIndex=5792, commits[ed5d81fa-aaf0-49db-aa57-acca1dd387bd:c5794]
2019-09-10 22:12:28,934 [grpc-default-executor-0] INFO  client.GrpcClientProtocolClient (GrpcClientProtocolClient.java:onNext(255)) - client-0C76110B8A2B->ed5d81fa-aaf0-49db-aa57-acca1dd387bd: receive RaftClientReply:client-0C76110B8A2B->ed5d81fa-aaf0-49db-aa57-acca1dd387bd@group-729F0664FEA8, cid=4115, SUCCESS, logIndex=5793, commits[ed5d81fa-aaf0-49db-aa57-acca1dd387bd:c5794]
2019-09-10 22:12:28,935 [grpc-default-executor-0] INFO  client.GrpcClientProtocolClient (GrpcClientProtocolClient.java:onNext(255)) - client-0C76110B8A2B->ed5d81fa-aaf0-49db-aa57-acca1dd387bd: receive RaftClientReply:client-0C76110B8A2B->ed5d81fa-aaf0-49db-aa57-acca1dd387bd@group-729F0664FEA8, cid=4116, SUCCESS, logIndex=5794, commits[ed5d81fa-aaf0-49db-aa57-acca1dd387bd:c5794]
2019-09-10 22:12:28,939 [SCMBlockDeletingService#0] DEBUG block.SCMBlockDeletingService (SCMBlockDeletingService.java:call(138)) - Running DeletedBlockTransactionScanner
2019-09-10 22:12:28,940 [SCMBlockDeletingService#0] DEBUG block.SCMBlockDeletingService (SCMBlockDeletingService.java:call(155)) - Scanned deleted blocks log and got 0 delTX to process.
2019-09-10 22:12:28,954 [grpc-default-executor-1] INFO  client.GrpcClientProtocolClient (GrpcClientProtocolClient.java:onNext(255)) - client-0C76110B8A2B->ed5d81fa-aaf0-49db-aa57-acca1dd387bd: receive RaftClientReply:client-0C76110B8A2B->ed5d81fa-aaf0-49db-aa57-acca1dd387bd@group-729F0664FEA8, cid=4117, SUCCESS, logIndex=5796, commits[ed5d81fa-aaf0-49db-aa57-acca1dd387bd:c5797]
2019-09-10 22:12:28,954 [grpc-default-executor-1] INFO  client.GrpcClientProtocolClient (GrpcClientProtocolClient.java:onNext(255)) - client-0C76110B8A2B->ed5d81fa-aaf0-49db-aa57-acca1dd387bd: receive RaftClientReply:client-0C76110B8A2B->ed5d81fa-aaf0-49db-aa57-acca1dd387bd@group-729F0664FEA8, cid=4118, SUCCESS, logIndex=5797, commits[ed5d81fa-aaf0-49db-aa57-acca1dd387bd:c5797]
2019-09-10 22:12:28,955 [grpc-default-executor-1] INFO  client.GrpcClientProtocolClient (GrpcClientProtocolClient.java:onNext(255)) - client-0C76110B8A2B->ed5d81fa-aaf0-49db-aa57-acca1dd387bd: receive RaftClientReply:client-0C76110B8A2B->ed5d81fa-aaf0-49db-aa57-acca1dd387bd@group-729F0664FEA8, cid=4119, SUCCESS, logIndex=5798, commits[ed5d81fa-aaf0-49db-aa57-acca1dd387bd:c5799]
2019-09-10 22:12:28,956 [grpc-default-executor-1] INFO  client.GrpcClientProtocolClient (GrpcClientProtocolClient.java:onNext(255)) - client-0C76110B8A2B->ed5d81fa-aaf0-49db-aa57-acca1dd387bd: receive RaftClientReply:client-0C76110B8A2B->ed5d81fa-aaf0-49db-aa57-acca1dd387bd@group-729F0664FEA8, cid=4120, SUCCESS, logIndex=5799, commits[ed5d81fa-aaf0-49db-aa57-acca1dd387bd:c5799]
2019-09-10 22:12:28,989 [grpc-default-executor-1] INFO  client.GrpcClientProtocolClient (GrpcClientProtocolClient.java:onNext(255)) - client-0C76110B8A2B->ed5d81fa-aaf0-49db-aa57-acca1dd387bd: receive RaftClientReply:client-0C76110B8A2B->ed5d81fa-aaf0-49db-aa57-acca1dd387bd@group-729F0664FEA8, cid=4121, SUCCESS, logIndex=5802, commits[ed5d81fa-aaf0-49db-aa57-acca1dd387bd:c5803]
2019-09-10 22:12:28,989 [grpc-default-executor-1] INFO  client.GrpcClientProtocolClient (GrpcClientProtocolClient.java:onNext(255)) - client-0C76110B8A2B->ed5d81fa-aaf0-49db-aa57-acca1dd387bd: receive RaftClientReply:client-0C76110B8A2B->ed5d81fa-aaf0-49db-aa57-acca1dd387bd@group-729F0664FEA8, cid=4122, SUCCESS, logIndex=5803, commits[ed5d81fa-aaf0-49db-aa57-acca1dd387bd:c5803]
2019-09-10 22:12:28,991 [grpc-default-executor-1] INFO  client.GrpcClientProtocolClient (GrpcClientProtocolClient.java:onNext(255)) - client-0C76110B8A2B->ed5d81fa-aaf0-49db-aa57-acca1dd387bd: receive RaftClientReply:client-0C76110B8A2B->ed5d81fa-aaf0-49db-aa57-acca1dd387bd@group-729F0664FEA8, cid=4123, SUCCESS, logIndex=5804, commits[ed5d81fa-aaf0-49db-aa57-acca1dd387bd:c5805]
2019-09-10 22:12:28,991 [grpc-default-executor-1] INFO  client.GrpcClientProtocolClient (GrpcClientProtocolClient.java:onNext(255)) - client-0C76110B8A2B->ed5d81fa-aaf0-49db-aa57-acca1dd387bd: receive RaftClientReply:client-0C76110B8A2B->ed5d81fa-aaf0-49db-aa57-acca1dd387bd@group-729F0664FEA8, cid=4124, SUCCESS, logIndex=5805, commits[ed5d81fa-aaf0-49db-aa57-acca1dd387bd:c5805]
2019-09-10 22:12:29,004 [grpc-default-executor-0] INFO  client.GrpcClientProtocolClient (GrpcClientProtocolClient.java:onNext(255)) - client-0C76110B8A2B->ed5d81fa-aaf0-49db-aa57-acca1dd387bd: receive RaftClientReply:client-0C76110B8A2B->ed5d81fa-aaf0-49db-aa57-acca1dd387bd@group-729F0664FEA8, cid=4125, SUCCESS, logIndex=5808, commits[ed5d81fa-aaf0-49db-aa57-acca1dd387bd:c5811]
2019-09-10 22:12:29,004 [grpc-default-executor-0] INFO  client.GrpcClientProtocolClient (GrpcClientProtocolClient.java:onNext(255)) - client-0C76110B8A2B->ed5d81fa-aaf0-49db-aa57-acca1dd387bd: receive RaftClientReply:client-0C76110B8A2B->ed5d81fa-aaf0-49db-aa57-acca1dd387bd@group-729F0664FEA8, cid=4126, SUCCESS, logIndex=5809, commits[ed5d81fa-aaf0-49db-aa57-acca1dd387bd:c5811]
2019-09-10 22:12:29,005 [grpc-default-executor-0] INFO  client.GrpcClientProtocolClient (GrpcClientProtocolClient.java:onNext(255)) - client-0C76110B8A2B->ed5d81fa-aaf0-49db-aa57-acca1dd387bd: receive RaftClientReply:client-0C76110B8A2B->ed5d81fa-aaf0-49db-aa57-acca1dd387bd@group-729F0664FEA8, cid=4127, SUCCESS, logIndex=5810, commits[ed5d81fa-aaf0-49db-aa57-acca1dd387bd:c5811]
2019-09-10 22:12:29,005 [grpc-default-executor-0] INFO  client.GrpcClientProtocolClient (GrpcClientProtocolClient.java:onNext(255)) - client-0C76110B8A2B->ed5d81fa-aaf0-49db-aa57-acca1dd387bd: receive RaftClientReply:client-0C76110B8A2B->ed5d81fa-aaf0-49db-aa57-acca1dd387bd@group-729F0664FEA8, cid=4128, SUCCESS, logIndex=5811, commits[ed5d81fa-aaf0-49db-aa57-acca1dd387bd:c5811]
2019-09-10 22:12:29,039 [grpc-default-executor-0] INFO  client.GrpcClientProtocolClient (GrpcClientProtocolClient.java:onNext(255)) - client-0C76110B8A2B->ed5d81fa-aaf0-49db-aa57-acca1dd387bd: receive RaftClientReply:client-0C76110B8A2B->ed5d81fa-aaf0-49db-aa57-acca1dd387bd@group-729F0664FEA8, cid=4129, SUCCESS, logIndex=5813, commits[ed5d81fa-aaf0-49db-aa57-acca1dd387bd:c5814]
2019-09-10 22:12:29,039 [grpc-default-executor-0] INFO  client.GrpcClientProtocolClient (GrpcClientProtocolClient.java:onNext(255)) - client-0C76110B8A2B->ed5d81fa-aaf0-49db-aa57-acca1dd387bd: receive RaftClientReply:client-0C76110B8A2B->ed5d81fa-aaf0-49db-aa57-acca1dd387bd@group-729F0664FEA8, cid=4130, SUCCESS, logIndex=5814, commits[ed5d81fa-aaf0-49db-aa57-acca1dd387bd:c5814]
2019-09-10 22:12:29,039 [grpc-default-executor-0] INFO  client.GrpcClientProtocolClient (GrpcClientProtocolClient.java:onNext(255)) - client-0C76110B8A2B->ed5d81fa-aaf0-49db-aa57-acca1dd387bd: receive RaftClientReply:client-0C76110B8A2B->ed5d81fa-aaf0-49db-aa57-acca1dd387bd@group-729F0664FEA8, cid=4131, SUCCESS, logIndex=5815, commits[ed5d81fa-aaf0-49db-aa57-acca1dd387bd:c5816]
2019-09-10 22:12:29,040 [grpc-default-executor-0] INFO  client.GrpcClientProtocolClient (GrpcClientProtocolClient.java:onNext(255)) - client-0C76110B8A2B->ed5d81fa-aaf0-49db-aa57-acca1dd387bd: receive RaftClientReply:client-0C76110B8A2B->ed5d81fa-aaf0-49db-aa57-acca1dd387bd@group-729F0664FEA8, cid=4132, SUCCESS, logIndex=5816, commits[ed5d81fa-aaf0-49db-aa57-acca1dd387bd:c5816]
2019-09-10 22:12:29,040 [SCMBlockDeletingService#0] DEBUG block.SCMBlockDeletingService (SCMBlockDeletingService.java:call(138)) - Running DeletedBlockTransactionScanner
2019-09-10 22:12:29,040 [SCMBlockDeletingService#0] DEBUG block.SCMBlockDeletingService (SCMBlockDeletingService.java:call(155)) - Scanned deleted blocks log and got 0 delTX to process.
2019-09-10 22:12:29,051 [grpc-default-executor-0] INFO  client.GrpcClientProtocolClient (GrpcClientProtocolClient.java:onNext(255)) - client-0C76110B8A2B->ed5d81fa-aaf0-49db-aa57-acca1dd387bd: receive RaftClientReply:client-0C76110B8A2B->ed5d81fa-aaf0-49db-aa57-acca1dd387bd@group-729F0664FEA8, cid=4133, SUCCESS, logIndex=5819, commits[ed5d81fa-aaf0-49db-aa57-acca1dd387bd:c5822]
2019-09-10 22:12:29,051 [grpc-default-executor-0] INFO  client.GrpcClientProtocolClient (GrpcClientProtocolClient.java:onNext(255)) - client-0C76110B8A2B->ed5d81fa-aaf0-49db-aa57-acca1dd387bd: receive RaftClientReply:client-0C76110B8A2B->ed5d81fa-aaf0-49db-aa57-acca1dd387bd@group-729F0664FEA8, cid=4134, SUCCESS, logIndex=5820, commits[ed5d81fa-aaf0-49db-aa57-acca1dd387bd:c5823]
2019-09-10 22:12:29,052 [grpc-default-executor-0] INFO  client.GrpcClientProtocolClient (GrpcClientProtocolClient.java:onNext(255)) - client-0C76110B8A2B->ed5d81fa-aaf0-49db-aa57-acca1dd387bd: receive RaftClientReply:client-0C76110B8A2B->ed5d81fa-aaf0-49db-aa57-acca1dd387bd@group-729F0664FEA8, cid=4135, SUCCESS, logIndex=5821, commits[ed5d81fa-aaf0-49db-aa57-acca1dd387bd:c5823]
2019-09-10 22:12:29,052 [grpc-default-executor-0] INFO  client.GrpcClientProtocolClient (GrpcClientProtocolClient.java:onNext(255)) - client-0C76110B8A2B->ed5d81fa-aaf0-49db-aa57-acca1dd387bd: receive RaftClientReply:client-0C76110B8A2B->ed5d81fa-aaf0-49db-aa57-acca1dd387bd@group-729F0664FEA8, cid=4136, SUCCESS, logIndex=5822, commits[ed5d81fa-aaf0-49db-aa57-acca1dd387bd:c5823]
2019-09-10 22:12:29,086 [grpc-default-executor-0] INFO  client.GrpcClientProtocolClient (GrpcClientProtocolClient.java:onNext(255)) - client-0C76110B8A2B->ed5d81fa-aaf0-49db-aa57-acca1dd387bd: receive RaftClientReply:client-0C76110B8A2B->ed5d81fa-aaf0-49db-aa57-acca1dd387bd@group-729F0664FEA8, cid=4137, SUCCESS, logIndex=5824, commits[ed5d81fa-aaf0-49db-aa57-acca1dd387bd:c5827]
2019-09-10 22:12:29,087 [grpc-default-executor-0] INFO  client.GrpcClientProtocolClient (GrpcClientProtocolClient.java:onNext(255)) - client-0C76110B8A2B->ed5d81fa-aaf0-49db-aa57-acca1dd387bd: receive RaftClientReply:client-0C76110B8A2B->ed5d81fa-aaf0-49db-aa57-acca1dd387bd@group-729F0664FEA8, cid=4138, SUCCESS, logIndex=5825, commits[ed5d81fa-aaf0-49db-aa57-acca1dd387bd:c5827]
2019-09-10 22:12:29,087 [grpc-default-executor-0] INFO  client.GrpcClientProtocolClient (GrpcClientProtocolClient.java:onNext(255)) - client-0C76110B8A2B->ed5d81fa-aaf0-49db-aa57-acca1dd387bd: receive RaftClientReply:client-0C76110B8A2B->ed5d81fa-aaf0-49db-aa57-acca1dd387bd@group-729F0664FEA8, cid=4139, SUCCESS, logIndex=5826, commits[ed5d81fa-aaf0-49db-aa57-acca1dd387bd:c5828]
2019-09-10 22:12:29,087 [grpc-default-executor-0] INFO  client.GrpcClientProtocolClient (GrpcClientProtocolClient.java:onNext(255)) - client-0C76110B8A2B->ed5d81fa-aaf0-49db-aa57-acca1dd387bd: receive RaftClientReply:client-0C76110B8A2B->ed5d81fa-aaf0-49db-aa57-acca1dd387bd@group-729F0664FEA8, cid=4140, SUCCESS, logIndex=5827, commits[ed5d81fa-aaf0-49db-aa57-acca1dd387bd:c5828]
2019-09-10 22:12:29,104 [grpc-default-executor-0] INFO  client.GrpcClientProtocolClient (GrpcClientProtocolClient.java:onNext(255)) - client-0C76110B8A2B->ed5d81fa-aaf0-49db-aa57-acca1dd387bd: receive RaftClientReply:client-0C76110B8A2B->ed5d81fa-aaf0-49db-aa57-acca1dd387bd@group-729F0664FEA8, cid=4141, SUCCESS, logIndex=5829, commits[ed5d81fa-aaf0-49db-aa57-acca1dd387bd:c5830]
2019-09-10 22:12:29,105 [grpc-default-executor-0] INFO  client.GrpcClientProtocolClient (GrpcClientProtocolClient.java:onNext(255)) - client-0C76110B8A2B->ed5d81fa-aaf0-49db-aa57-acca1dd387bd: receive RaftClientReply:client-0C76110B8A2B->ed5d81fa-aaf0-49db-aa57-acca1dd387bd@group-729F0664FEA8, cid=4142, SUCCESS, logIndex=5830, commits[ed5d81fa-aaf0-49db-aa57-acca1dd387bd:c5830]
2019-09-10 22:12:29,106 [grpc-default-executor-0] INFO  client.GrpcClientProtocolClient (GrpcClientProtocolClient.java:onNext(255)) - client-0C76110B8A2B->ed5d81fa-aaf0-49db-aa57-acca1dd387bd: receive RaftClientReply:client-0C76110B8A2B->ed5d81fa-aaf0-49db-aa57-acca1dd387bd@group-729F0664FEA8, cid=4143, SUCCESS, logIndex=5831, commits[ed5d81fa-aaf0-49db-aa57-acca1dd387bd:c5832]
2019-09-10 22:12:29,106 [grpc-default-executor-0] INFO  client.GrpcClientProtocolClient (GrpcClientProtocolClient.java:onNext(255)) - client-0C76110B8A2B->ed5d81fa-aaf0-49db-aa57-acca1dd387bd: receive RaftClientReply:client-0C76110B8A2B->ed5d81fa-aaf0-49db-aa57-acca1dd387bd@group-729F0664FEA8, cid=4144, SUCCESS, logIndex=5832, commits[ed5d81fa-aaf0-49db-aa57-acca1dd387bd:c5832]
2019-09-10 22:12:29,135 [grpc-default-executor-1] INFO  client.GrpcClientProtocolClient (GrpcClientProtocolClient.java:onNext(255)) - client-0C76110B8A2B->ed5d81fa-aaf0-49db-aa57-acca1dd387bd: receive RaftClientReply:client-0C76110B8A2B->ed5d81fa-aaf0-49db-aa57-acca1dd387bd@group-729F0664FEA8, cid=4145, SUCCESS, logIndex=5835, commits[ed5d81fa-aaf0-49db-aa57-acca1dd387bd:c5836]
2019-09-10 22:12:29,135 [grpc-default-executor-1] INFO  client.GrpcClientProtocolClient (GrpcClientProtocolClient.java:onNext(255)) - client-0C76110B8A2B->ed5d81fa-aaf0-49db-aa57-acca1dd387bd: receive RaftClientReply:client-0C76110B8A2B->ed5d81fa-aaf0-49db-aa57-acca1dd387bd@group-729F0664FEA8, cid=4146, SUCCESS, logIndex=5836, commits[ed5d81fa-aaf0-49db-aa57-acca1dd387bd:c5838]
2019-09-10 22:12:29,135 [grpc-default-executor-1] INFO  client.GrpcClientProtocolClient (GrpcClientProtocolClient.java:onNext(255)) - client-0C76110B8A2B->ed5d81fa-aaf0-49db-aa57-acca1dd387bd: receive RaftClientReply:client-0C76110B8A2B->ed5d81fa-aaf0-49db-aa57-acca1dd387bd@group-729F0664FEA8, cid=4147, SUCCESS, logIndex=5837, commits[ed5d81fa-aaf0-49db-aa57-acca1dd387bd:c5838]
2019-09-10 22:12:29,136 [grpc-default-executor-1] INFO  client.GrpcClientProtocolClient (GrpcClientProtocolClient.java:onNext(255)) - client-0C76110B8A2B->ed5d81fa-aaf0-49db-aa57-acca1dd387bd: receive RaftClientReply:client-0C76110B8A2B->ed5d81fa-aaf0-49db-aa57-acca1dd387bd@group-729F0664FEA8, cid=4148, SUCCESS, logIndex=5838, commits[ed5d81fa-aaf0-49db-aa57-acca1dd387bd:c5839]
2019-09-10 22:12:29,141 [SCMBlockDeletingService#0] DEBUG block.SCMBlockDeletingService (SCMBlockDeletingService.java:call(138)) - Running DeletedBlockTransactionScanner
2019-09-10 22:12:29,141 [SCMBlockDeletingService#0] DEBUG block.SCMBlockDeletingService (SCMBlockDeletingService.java:call(155)) - Scanned deleted blocks log and got 0 delTX to process.
2019-09-10 22:12:29,153 [grpc-default-executor-1] INFO  client.GrpcClientProtocolClient (GrpcClientProtocolClient.java:onNext(255)) - client-0C76110B8A2B->ed5d81fa-aaf0-49db-aa57-acca1dd387bd: receive RaftClientReply:client-0C76110B8A2B->ed5d81fa-aaf0-49db-aa57-acca1dd387bd@group-729F0664FEA8, cid=4149, SUCCESS, logIndex=5841, commits[ed5d81fa-aaf0-49db-aa57-acca1dd387bd:c5842]
2019-09-10 22:12:29,153 [grpc-default-executor-1] INFO  client.GrpcClientProtocolClient (GrpcClientProtocolClient.java:onNext(255)) - client-0C76110B8A2B->ed5d81fa-aaf0-49db-aa57-acca1dd387bd: receive RaftClientReply:client-0C76110B8A2B->ed5d81fa-aaf0-49db-aa57-acca1dd387bd@group-729F0664FEA8, cid=4150, SUCCESS, logIndex=5842, commits[ed5d81fa-aaf0-49db-aa57-acca1dd387bd:c5842]
2019-09-10 22:12:29,168 [grpc-default-executor-1] INFO  client.GrpcClientProtocolClient (GrpcClientProtocolClient.java:onNext(255)) - client-0C76110B8A2B->ed5d81fa-aaf0-49db-aa57-acca1dd387bd: receive RaftClientReply:client-0C76110B8A2B->ed5d81fa-aaf0-49db-aa57-acca1dd387bd@group-729F0664FEA8, cid=4151, SUCCESS, logIndex=5843, commits[ed5d81fa-aaf0-49db-aa57-acca1dd387bd:c5844]
2019-09-10 22:12:29,168 [grpc-default-executor-1] INFO  client.GrpcClientProtocolClient (GrpcClientProtocolClient.java:onNext(255)) - client-0C76110B8A2B->ed5d81fa-aaf0-49db-aa57-acca1dd387bd: receive RaftClientReply:client-0C76110B8A2B->ed5d81fa-aaf0-49db-aa57-acca1dd387bd@group-729F0664FEA8, cid=4152, SUCCESS, logIndex=5844, commits[ed5d81fa-aaf0-49db-aa57-acca1dd387bd:c5845]
2019-09-10 22:12:29,250 [SCMBlockDeletingService#0] DEBUG block.SCMBlockDeletingService (SCMBlockDeletingService.java:call(138)) - Running DeletedBlockTransactionScanner
2019-09-10 22:12:29,250 [SCMBlockDeletingService#0] DEBUG block.SCMBlockDeletingService (SCMBlockDeletingService.java:call(155)) - Scanned deleted blocks log and got 0 delTX to process.
2019-09-10 22:12:29,267 [grpc-default-executor-0] INFO  client.GrpcClientProtocolClient (GrpcClientProtocolClient.java:onNext(255)) - client-0C76110B8A2B->ed5d81fa-aaf0-49db-aa57-acca1dd387bd: receive RaftClientReply:client-0C76110B8A2B->ed5d81fa-aaf0-49db-aa57-acca1dd387bd@group-729F0664FEA8, cid=4153, SUCCESS, logIndex=5847, commits[ed5d81fa-aaf0-49db-aa57-acca1dd387bd:c5848]
2019-09-10 22:12:29,267 [grpc-default-executor-0] INFO  client.GrpcClientProtocolClient (GrpcClientProtocolClient.java:onNext(255)) - client-0C76110B8A2B->ed5d81fa-aaf0-49db-aa57-acca1dd387bd: receive RaftClientReply:client-0C76110B8A2B->ed5d81fa-aaf0-49db-aa57-acca1dd387bd@group-729F0664FEA8, cid=4154, SUCCESS, logIndex=5848, commits[ed5d81fa-aaf0-49db-aa57-acca1dd387bd:c5848]
2019-09-10 22:12:29,350 [SCMBlockDeletingService#0] DEBUG block.SCMBlockDeletingService (SCMBlockDeletingService.java:call(138)) - Running DeletedBlockTransactionScanner
2019-09-10 22:12:29,350 [SCMBlockDeletingService#0] DEBUG block.SCMBlockDeletingService (SCMBlockDeletingService.java:call(155)) - Scanned deleted blocks log and got 0 delTX to process.
2019-09-10 22:12:29,400 [grpc-default-executor-0] INFO  client.GrpcClientProtocolClient (GrpcClientProtocolClient.java:onNext(255)) - client-0C76110B8A2B->ed5d81fa-aaf0-49db-aa57-acca1dd387bd: receive RaftClientReply:client-0C76110B8A2B->ed5d81fa-aaf0-49db-aa57-acca1dd387bd@group-729F0664FEA8, cid=4155, SUCCESS, logIndex=5850, commits[ed5d81fa-aaf0-49db-aa57-acca1dd387bd:c5851]
2019-09-10 22:12:29,401 [grpc-default-executor-0] INFO  client.GrpcClientProtocolClient (GrpcClientProtocolClient.java:onNext(255)) - client-0C76110B8A2B->ed5d81fa-aaf0-49db-aa57-acca1dd387bd: receive RaftClientReply:client-0C76110B8A2B->ed5d81fa-aaf0-49db-aa57-acca1dd387bd@group-729F0664FEA8, cid=4156, SUCCESS, logIndex=5851, commits[ed5d81fa-aaf0-49db-aa57-acca1dd387bd:c5852]
2019-09-10 22:12:29,419 [grpc-default-executor-0] INFO  client.GrpcClientProtocolClient (GrpcClientProtocolClient.java:onNext(255)) - client-0C76110B8A2B->ed5d81fa-aaf0-49db-aa57-acca1dd387bd: receive RaftClientReply:client-0C76110B8A2B->ed5d81fa-aaf0-49db-aa57-acca1dd387bd@group-729F0664FEA8, cid=4157, SUCCESS, logIndex=5853, commits[ed5d81fa-aaf0-49db-aa57-acca1dd387bd:c5854]
2019-09-10 22:12:29,419 [grpc-default-executor-0] INFO  client.GrpcClientProtocolClient (GrpcClientProtocolClient.java:onNext(255)) - client-0C76110B8A2B->ed5d81fa-aaf0-49db-aa57-acca1dd387bd: receive RaftClientReply:client-0C76110B8A2B->ed5d81fa-aaf0-49db-aa57-acca1dd387bd@group-729F0664FEA8, cid=4158, SUCCESS, logIndex=5854, commits[ed5d81fa-aaf0-49db-aa57-acca1dd387bd:c5854]
2019-09-10 22:12:29,422 [grpc-default-executor-0] INFO  client.GrpcClientProtocolClient (GrpcClientProtocolClient.java:onNext(255)) - client-0C76110B8A2B->ed5d81fa-aaf0-49db-aa57-acca1dd387bd: receive RaftClientReply:client-0C76110B8A2B->ed5d81fa-aaf0-49db-aa57-acca1dd387bd@group-729F0664FEA8, cid=4159, SUCCESS, logIndex=5855, commits[ed5d81fa-aaf0-49db-aa57-acca1dd387bd:c5856]
2019-09-10 22:12:29,422 [grpc-default-executor-0] INFO  client.GrpcClientProtocolClient (GrpcClientProtocolClient.java:onNext(255)) - client-0C76110B8A2B->ed5d81fa-aaf0-49db-aa57-acca1dd387bd: receive RaftClientReply:client-0C76110B8A2B->ed5d81fa-aaf0-49db-aa57-acca1dd387bd@group-729F0664FEA8, cid=4160, SUCCESS, logIndex=5856, commits[ed5d81fa-aaf0-49db-aa57-acca1dd387bd:c5856]
2019-09-10 22:12:29,451 [SCMBlockDeletingService#0] DEBUG block.SCMBlockDeletingService (SCMBlockDeletingService.java:call(138)) - Running DeletedBlockTransactionScanner
2019-09-10 22:12:29,451 [SCMBlockDeletingService#0] DEBUG block.SCMBlockDeletingService (SCMBlockDeletingService.java:call(155)) - Scanned deleted blocks log and got 0 delTX to process.
2019-09-10 22:12:29,454 [grpc-default-executor-0] INFO  client.GrpcClientProtocolClient (GrpcClientProtocolClient.java:onNext(255)) - client-0C76110B8A2B->ed5d81fa-aaf0-49db-aa57-acca1dd387bd: receive RaftClientReply:client-0C76110B8A2B->ed5d81fa-aaf0-49db-aa57-acca1dd387bd@group-729F0664FEA8, cid=4161, SUCCESS, logIndex=5859, commits[ed5d81fa-aaf0-49db-aa57-acca1dd387bd:c5862]
2019-09-10 22:12:29,455 [grpc-default-executor-0] INFO  client.GrpcClientProtocolClient (GrpcClientProtocolClient.java:onNext(255)) - client-0C76110B8A2B->ed5d81fa-aaf0-49db-aa57-acca1dd387bd: receive RaftClientReply:client-0C76110B8A2B->ed5d81fa-aaf0-49db-aa57-acca1dd387bd@group-729F0664FEA8, cid=4162, SUCCESS, logIndex=5860, commits[ed5d81fa-aaf0-49db-aa57-acca1dd387bd:c5863]
2019-09-10 22:12:29,455 [grpc-default-executor-0] INFO  client.GrpcClientProtocolClient (GrpcClientProtocolClient.java:onNext(255)) - client-0C76110B8A2B->ed5d81fa-aaf0-49db-aa57-acca1dd387bd: receive RaftClientReply:client-0C76110B8A2B->ed5d81fa-aaf0-49db-aa57-acca1dd387bd@group-729F0664FEA8, cid=4163, SUCCESS, logIndex=5861, commits[ed5d81fa-aaf0-49db-aa57-acca1dd387bd:c5863]
2019-09-10 22:12:29,455 [grpc-default-executor-0] INFO  client.GrpcClientProtocolClient (GrpcClientProtocolClient.java:onNext(255)) - client-0C76110B8A2B->ed5d81fa-aaf0-49db-aa57-acca1dd387bd: receive RaftClientReply:client-0C76110B8A2B->ed5d81fa-aaf0-49db-aa57-acca1dd387bd@group-729F0664FEA8, cid=4164, SUCCESS, logIndex=5862, commits[ed5d81fa-aaf0-49db-aa57-acca1dd387bd:c5863]
2019-09-10 22:12:29,475 [grpc-default-executor-0] INFO  client.GrpcClientProtocolClient (GrpcClientProtocolClient.java:onNext(255)) - client-0C76110B8A2B->ed5d81fa-aaf0-49db-aa57-acca1dd387bd: receive RaftClientReply:client-0C76110B8A2B->ed5d81fa-aaf0-49db-aa57-acca1dd387bd@group-729F0664FEA8, cid=4165, SUCCESS, logIndex=5864, commits[ed5d81fa-aaf0-49db-aa57-acca1dd387bd:c5865]
2019-09-10 22:12:29,475 [grpc-default-executor-0] INFO  client.GrpcClientProtocolClient (GrpcClientProtocolClient.java:onNext(255)) - client-0C76110B8A2B->ed5d81fa-aaf0-49db-aa57-acca1dd387bd: receive RaftClientReply:client-0C76110B8A2B->ed5d81fa-aaf0-49db-aa57-acca1dd387bd@group-729F0664FEA8, cid=4166, SUCCESS, logIndex=5865, commits[ed5d81fa-aaf0-49db-aa57-acca1dd387bd:c5865]
2019-09-10 22:12:29,476 [grpc-default-executor-0] INFO  client.GrpcClientProtocolClient (GrpcClientProtocolClient.java:onNext(255)) - client-0C76110B8A2B->ed5d81fa-aaf0-49db-aa57-acca1dd387bd: receive RaftClientReply:client-0C76110B8A2B->ed5d81fa-aaf0-49db-aa57-acca1dd387bd@group-729F0664FEA8, cid=4167, SUCCESS, logIndex=5866, commits[ed5d81fa-aaf0-49db-aa57-acca1dd387bd:c5867]
2019-09-10 22:12:29,476 [grpc-default-executor-0] INFO  client.GrpcClientProtocolClient (GrpcClientProtocolClient.java:onNext(255)) - client-0C76110B8A2B->ed5d81fa-aaf0-49db-aa57-acca1dd387bd: receive RaftClientReply:client-0C76110B8A2B->ed5d81fa-aaf0-49db-aa57-acca1dd387bd@group-729F0664FEA8, cid=4168, SUCCESS, logIndex=5867, commits[ed5d81fa-aaf0-49db-aa57-acca1dd387bd:c5868]
2019-09-10 22:12:29,506 [grpc-default-executor-1] INFO  client.GrpcClientProtocolClient (GrpcClientProtocolClient.java:onNext(255)) - client-0C76110B8A2B->ed5d81fa-aaf0-49db-aa57-acca1dd387bd: receive RaftClientReply:client-0C76110B8A2B->ed5d81fa-aaf0-49db-aa57-acca1dd387bd@group-729F0664FEA8, cid=4169, SUCCESS, logIndex=5870, commits[ed5d81fa-aaf0-49db-aa57-acca1dd387bd:c5871]
2019-09-10 22:12:29,507 [grpc-default-executor-1] INFO  client.GrpcClientProtocolClient (GrpcClientProtocolClient.java:onNext(255)) - client-0C76110B8A2B->ed5d81fa-aaf0-49db-aa57-acca1dd387bd: receive RaftClientReply:client-0C76110B8A2B->ed5d81fa-aaf0-49db-aa57-acca1dd387bd@group-729F0664FEA8, cid=4170, SUCCESS, logIndex=5871, commits[ed5d81fa-aaf0-49db-aa57-acca1dd387bd:c5873]
2019-09-10 22:12:29,507 [grpc-default-executor-1] INFO  client.GrpcClientProtocolClient (GrpcClientProtocolClient.java:onNext(255)) - client-0C76110B8A2B->ed5d81fa-aaf0-49db-aa57-acca1dd387bd: receive RaftClientReply:client-0C76110B8A2B->ed5d81fa-aaf0-49db-aa57-acca1dd387bd@group-729F0664FEA8, cid=4171, SUCCESS, logIndex=5872, commits[ed5d81fa-aaf0-49db-aa57-acca1dd387bd:c5874]
2019-09-10 22:12:29,507 [grpc-default-executor-1] INFO  client.GrpcClientProtocolClient (GrpcClientProtocolClient.java:onNext(255)) - client-0C76110B8A2B->ed5d81fa-aaf0-49db-aa57-acca1dd387bd: receive RaftClientReply:client-0C76110B8A2B->ed5d81fa-aaf0-49db-aa57-acca1dd387bd@group-729F0664FEA8, cid=4172, SUCCESS, logIndex=5873, commits[ed5d81fa-aaf0-49db-aa57-acca1dd387bd:c5874]
2019-09-10 22:12:29,525 [grpc-default-executor-1] INFO  client.GrpcClientProtocolClient (GrpcClientProtocolClient.java:onNext(255)) - client-0C76110B8A2B->ed5d81fa-aaf0-49db-aa57-acca1dd387bd: receive RaftClientReply:client-0C76110B8A2B->ed5d81fa-aaf0-49db-aa57-acca1dd387bd@group-729F0664FEA8, cid=4173, SUCCESS, logIndex=5876, commits[ed5d81fa-aaf0-49db-aa57-acca1dd387bd:c5877]
2019-09-10 22:12:29,526 [grpc-default-executor-1] INFO  client.GrpcClientProtocolClient (GrpcClientProtocolClient.java:onNext(255)) - client-0C76110B8A2B->ed5d81fa-aaf0-49db-aa57-acca1dd387bd: receive RaftClientReply:client-0C76110B8A2B->ed5d81fa-aaf0-49db-aa57-acca1dd387bd@group-729F0664FEA8, cid=4174, SUCCESS, logIndex=5877, commits[ed5d81fa-aaf0-49db-aa57-acca1dd387bd:c5879]
2019-09-10 22:12:29,526 [grpc-default-executor-1] INFO  client.GrpcClientProtocolClient (GrpcClientProtocolClient.java:onNext(255)) - client-0C76110B8A2B->ed5d81fa-aaf0-49db-aa57-acca1dd387bd: receive RaftClientReply:client-0C76110B8A2B->ed5d81fa-aaf0-49db-aa57-acca1dd387bd@group-729F0664FEA8, cid=4175, SUCCESS, logIndex=5878, commits[ed5d81fa-aaf0-49db-aa57-acca1dd387bd:c5879]
2019-09-10 22:12:29,526 [grpc-default-executor-1] INFO  client.GrpcClientProtocolClient (GrpcClientProtocolClient.java:onNext(255)) - client-0C76110B8A2B->ed5d81fa-aaf0-49db-aa57-acca1dd387bd: receive RaftClientReply:client-0C76110B8A2B->ed5d81fa-aaf0-49db-aa57-acca1dd387bd@group-729F0664FEA8, cid=4176, SUCCESS, logIndex=5879, commits[ed5d81fa-aaf0-49db-aa57-acca1dd387bd:c5880]
2019-09-10 22:12:29,551 [SCMBlockDeletingService#0] DEBUG block.SCMBlockDeletingService (SCMBlockDeletingService.java:call(138)) - Running DeletedBlockTransactionScanner
2019-09-10 22:12:29,552 [SCMBlockDeletingService#0] DEBUG block.SCMBlockDeletingService (SCMBlockDeletingService.java:call(155)) - Scanned deleted blocks log and got 0 delTX to process.
2019-09-10 22:12:29,553 [grpc-default-executor-0] INFO  client.GrpcClientProtocolClient (GrpcClientProtocolClient.java:onNext(255)) - client-0C76110B8A2B->ed5d81fa-aaf0-49db-aa57-acca1dd387bd: receive RaftClientReply:client-0C76110B8A2B->ed5d81fa-aaf0-49db-aa57-acca1dd387bd@group-729F0664FEA8, cid=4177, SUCCESS, logIndex=5882, commits[ed5d81fa-aaf0-49db-aa57-acca1dd387bd:c5883]
2019-09-10 22:12:29,553 [grpc-default-executor-0] INFO  client.GrpcClientProtocolClient (GrpcClientProtocolClient.java:onNext(255)) - client-0C76110B8A2B->ed5d81fa-aaf0-49db-aa57-acca1dd387bd: receive RaftClientReply:client-0C76110B8A2B->ed5d81fa-aaf0-49db-aa57-acca1dd387bd@group-729F0664FEA8, cid=4178, SUCCESS, logIndex=5883, commits[ed5d81fa-aaf0-49db-aa57-acca1dd387bd:c5885]
2019-09-10 22:12:29,553 [grpc-default-executor-0] INFO  client.GrpcClientProtocolClient (GrpcClientProtocolClient.java:onNext(255)) - client-0C76110B8A2B->ed5d81fa-aaf0-49db-aa57-acca1dd387bd: receive RaftClientReply:client-0C76110B8A2B->ed5d81fa-aaf0-49db-aa57-acca1dd387bd@group-729F0664FEA8, cid=4179, SUCCESS, logIndex=5884, commits[ed5d81fa-aaf0-49db-aa57-acca1dd387bd:c5885]
2019-09-10 22:12:29,554 [grpc-default-executor-0] INFO  client.GrpcClientProtocolClient (GrpcClientProtocolClient.java:onNext(255)) - client-0C76110B8A2B->ed5d81fa-aaf0-49db-aa57-acca1dd387bd: receive RaftClientReply:client-0C76110B8A2B->ed5d81fa-aaf0-49db-aa57-acca1dd387bd@group-729F0664FEA8, cid=4180, SUCCESS, logIndex=5885, commits[ed5d81fa-aaf0-49db-aa57-acca1dd387bd:c5885]
2019-09-10 22:12:29,571 [grpc-default-executor-0] INFO  client.GrpcClientProtocolClient (GrpcClientProtocolClient.java:onNext(255)) - client-0C76110B8A2B->ed5d81fa-aaf0-49db-aa57-acca1dd387bd: receive RaftClientReply:client-0C76110B8A2B->ed5d81fa-aaf0-49db-aa57-acca1dd387bd@group-729F0664FEA8, cid=4181, SUCCESS, logIndex=5888, commits[ed5d81fa-aaf0-49db-aa57-acca1dd387bd:c5889]
2019-09-10 22:12:29,572 [grpc-default-executor-0] INFO  client.GrpcClientProtocolClient (GrpcClientProtocolClient.java:onNext(255)) - client-0C76110B8A2B->ed5d81fa-aaf0-49db-aa57-acca1dd387bd: receive RaftClientReply:client-0C76110B8A2B->ed5d81fa-aaf0-49db-aa57-acca1dd387bd@group-729F0664FEA8, cid=4182, SUCCESS, logIndex=5889, commits[ed5d81fa-aaf0-49db-aa57-acca1dd387bd:c5889]
2019-09-10 22:12:29,572 [grpc-default-executor-0] INFO  client.GrpcClientProtocolClient (GrpcClientProtocolClient.java:onNext(255)) - client-0C76110B8A2B->ed5d81fa-aaf0-49db-aa57-acca1dd387bd: receive RaftClientReply:client-0C76110B8A2B->ed5d81fa-aaf0-49db-aa57-acca1dd387bd@group-729F0664FEA8, cid=4183, SUCCESS, logIndex=5890, commits[ed5d81fa-aaf0-49db-aa57-acca1dd387bd:c5891]
2019-09-10 22:12:29,572 [grpc-default-executor-0] INFO  client.GrpcClientProtocolClient (GrpcClientProtocolClient.java:onNext(255)) - client-0C76110B8A2B->ed5d81fa-aaf0-49db-aa57-acca1dd387bd: receive RaftClientReply:client-0C76110B8A2B->ed5d81fa-aaf0-49db-aa57-acca1dd387bd@group-729F0664FEA8, cid=4184, SUCCESS, logIndex=5891, commits[ed5d81fa-aaf0-49db-aa57-acca1dd387bd:c5891]
2019-09-10 22:12:29,599 [grpc-default-executor-1] INFO  client.GrpcClientProtocolClient (GrpcClientProtocolClient.java:onNext(255)) - client-0C76110B8A2B->ed5d81fa-aaf0-49db-aa57-acca1dd387bd: receive RaftClientReply:client-0C76110B8A2B->ed5d81fa-aaf0-49db-aa57-acca1dd387bd@group-729F0664FEA8, cid=4185, SUCCESS, logIndex=5894, commits[ed5d81fa-aaf0-49db-aa57-acca1dd387bd:c5897]
2019-09-10 22:12:29,599 [grpc-default-executor-1] INFO  client.GrpcClientProtocolClient (GrpcClientProtocolClient.java:onNext(255)) - client-0C76110B8A2B->ed5d81fa-aaf0-49db-aa57-acca1dd387bd: receive RaftClientReply:client-0C76110B8A2B->ed5d81fa-aaf0-49db-aa57-acca1dd387bd@group-729F0664FEA8, cid=4186, SUCCESS, logIndex=5895, commits[ed5d81fa-aaf0-49db-aa57-acca1dd387bd:c5897]
2019-09-10 22:12:29,599 [grpc-default-executor-1] INFO  client.GrpcClientProtocolClient (GrpcClientProtocolClient.java:onNext(255)) - client-0C76110B8A2B->ed5d81fa-aaf0-49db-aa57-acca1dd387bd: receive RaftClientReply:client-0C76110B8A2B->ed5d81fa-aaf0-49db-aa57-acca1dd387bd@group-729F0664FEA8, cid=4187, SUCCESS, logIndex=5896, commits[ed5d81fa-aaf0-49db-aa57-acca1dd387bd:c5898]
2019-09-10 22:12:29,599 [grpc-default-executor-1] INFO  client.GrpcClientProtocolClient (GrpcClientProtocolClient.java:onNext(255)) - client-0C76110B8A2B->ed5d81fa-aaf0-49db-aa57-acca1dd387bd: receive RaftClientReply:client-0C76110B8A2B->ed5d81fa-aaf0-49db-aa57-acca1dd387bd@group-729F0664FEA8, cid=4188, SUCCESS, logIndex=5897, commits[ed5d81fa-aaf0-49db-aa57-acca1dd387bd:c5898]
2019-09-10 22:12:29,630 [grpc-default-executor-0] INFO  client.GrpcClientProtocolClient (GrpcClientProtocolClient.java:onNext(255)) - client-0C76110B8A2B->ed5d81fa-aaf0-49db-aa57-acca1dd387bd: receive RaftClientReply:client-0C76110B8A2B->ed5d81fa-aaf0-49db-aa57-acca1dd387bd@group-729F0664FEA8, cid=4189, SUCCESS, logIndex=5900, commits[ed5d81fa-aaf0-49db-aa57-acca1dd387bd:c5901]
2019-09-10 22:12:29,630 [grpc-default-executor-0] INFO  client.GrpcClientProtocolClient (GrpcClientProtocolClient.java:onNext(255)) - client-0C76110B8A2B->ed5d81fa-aaf0-49db-aa57-acca1dd387bd: receive RaftClientReply:client-0C76110B8A2B->ed5d81fa-aaf0-49db-aa57-acca1dd387bd@group-729F0664FEA8, cid=4190, SUCCESS, logIndex=5901, commits[ed5d81fa-aaf0-49db-aa57-acca1dd387bd:c5901]
2019-09-10 22:12:29,652 [SCMBlockDeletingService#0] DEBUG block.SCMBlockDeletingService (SCMBlockDeletingService.java:call(138)) - Running DeletedBlockTransactionScanner
2019-09-10 22:12:29,652 [SCMBlockDeletingService#0] DEBUG block.SCMBlockDeletingService (SCMBlockDeletingService.java:call(155)) - Scanned deleted blocks log and got 0 delTX to process.
2019-09-10 22:12:29,657 [grpc-default-executor-0] INFO  client.GrpcClientProtocolClient (GrpcClientProtocolClient.java:onNext(255)) - client-0C76110B8A2B->ed5d81fa-aaf0-49db-aa57-acca1dd387bd: receive RaftClientReply:client-0C76110B8A2B->ed5d81fa-aaf0-49db-aa57-acca1dd387bd@group-729F0664FEA8, cid=4191, SUCCESS, logIndex=5902, commits[ed5d81fa-aaf0-49db-aa57-acca1dd387bd:c5903]
2019-09-10 22:12:29,658 [grpc-default-executor-0] INFO  client.GrpcClientProtocolClient (GrpcClientProtocolClient.java:onNext(255)) - client-0C76110B8A2B->ed5d81fa-aaf0-49db-aa57-acca1dd387bd: receive RaftClientReply:client-0C76110B8A2B->ed5d81fa-aaf0-49db-aa57-acca1dd387bd@group-729F0664FEA8, cid=4192, SUCCESS, logIndex=5903, commits[ed5d81fa-aaf0-49db-aa57-acca1dd387bd:c5904]
2019-09-10 22:12:29,689 [grpc-default-executor-1] INFO  client.GrpcClientProtocolClient (GrpcClientProtocolClient.java:onNext(255)) - client-0C76110B8A2B->ed5d81fa-aaf0-49db-aa57-acca1dd387bd: receive RaftClientReply:client-0C76110B8A2B->ed5d81fa-aaf0-49db-aa57-acca1dd387bd@group-729F0664FEA8, cid=4193, SUCCESS, logIndex=5906, commits[ed5d81fa-aaf0-49db-aa57-acca1dd387bd:c5909]
2019-09-10 22:12:29,689 [grpc-default-executor-1] INFO  client.GrpcClientProtocolClient (GrpcClientProtocolClient.java:onNext(255)) - client-0C76110B8A2B->ed5d81fa-aaf0-49db-aa57-acca1dd387bd: receive RaftClientReply:client-0C76110B8A2B->ed5d81fa-aaf0-49db-aa57-acca1dd387bd@group-729F0664FEA8, cid=4194, SUCCESS, logIndex=5907, commits[ed5d81fa-aaf0-49db-aa57-acca1dd387bd:c5910]
2019-09-10 22:12:29,689 [grpc-default-executor-1] INFO  client.GrpcClientProtocolClient (GrpcClientProtocolClient.java:onNext(255)) - client-0C76110B8A2B->ed5d81fa-aaf0-49db-aa57-acca1dd387bd: receive RaftClientReply:client-0C76110B8A2B->ed5d81fa-aaf0-49db-aa57-acca1dd387bd@group-729F0664FEA8, cid=4195, SUCCESS, logIndex=5908, commits[ed5d81fa-aaf0-49db-aa57-acca1dd387bd:c5910]
2019-09-10 22:12:29,689 [grpc-default-executor-1] INFO  client.GrpcClientProtocolClient (GrpcClientProtocolClient.java:onNext(255)) - client-0C76110B8A2B->ed5d81fa-aaf0-49db-aa57-acca1dd387bd: receive RaftClientReply:client-0C76110B8A2B->ed5d81fa-aaf0-49db-aa57-acca1dd387bd@group-729F0664FEA8, cid=4196, SUCCESS, logIndex=5909, commits[ed5d81fa-aaf0-49db-aa57-acca1dd387bd:c5910]
2019-09-10 22:12:29,707 [grpc-default-executor-1] INFO  client.GrpcClientProtocolClient (GrpcClientProtocolClient.java:onNext(255)) - client-0C76110B8A2B->ed5d81fa-aaf0-49db-aa57-acca1dd387bd: receive RaftClientReply:client-0C76110B8A2B->ed5d81fa-aaf0-49db-aa57-acca1dd387bd@group-729F0664FEA8, cid=4197, SUCCESS, logIndex=5911, commits[ed5d81fa-aaf0-49db-aa57-acca1dd387bd:c5912]
2019-09-10 22:12:29,708 [grpc-default-executor-1] INFO  client.GrpcClientProtocolClient (GrpcClientProtocolClient.java:onNext(255)) - client-0C76110B8A2B->ed5d81fa-aaf0-49db-aa57-acca1dd387bd: receive RaftClientReply:client-0C76110B8A2B->ed5d81fa-aaf0-49db-aa57-acca1dd387bd@group-729F0664FEA8, cid=4198, SUCCESS, logIndex=5912, commits[ed5d81fa-aaf0-49db-aa57-acca1dd387bd:c5913]
2019-09-10 22:12:29,752 [SCMBlockDeletingService#0] DEBUG block.SCMBlockDeletingService (SCMBlockDeletingService.java:call(138)) - Running DeletedBlockTransactionScanner
2019-09-10 22:12:29,752 [SCMBlockDeletingService#0] DEBUG block.SCMBlockDeletingService (SCMBlockDeletingService.java:call(155)) - Scanned deleted blocks log and got 0 delTX to process.
2019-09-10 22:12:29,801 [grpc-default-executor-1] INFO  client.GrpcClientProtocolClient (GrpcClientProtocolClient.java:onNext(255)) - client-0C76110B8A2B->ed5d81fa-aaf0-49db-aa57-acca1dd387bd: receive RaftClientReply:client-0C76110B8A2B->ed5d81fa-aaf0-49db-aa57-acca1dd387bd@group-729F0664FEA8, cid=4199, SUCCESS, logIndex=5914, commits[ed5d81fa-aaf0-49db-aa57-acca1dd387bd:c5915]
2019-09-10 22:12:29,802 [grpc-default-executor-1] INFO  client.GrpcClientProtocolClient (GrpcClientProtocolClient.java:onNext(255)) - client-0C76110B8A2B->ed5d81fa-aaf0-49db-aa57-acca1dd387bd: receive RaftClientReply:client-0C76110B8A2B->ed5d81fa-aaf0-49db-aa57-acca1dd387bd@group-729F0664FEA8, cid=4200, SUCCESS, logIndex=5915, commits[ed5d81fa-aaf0-49db-aa57-acca1dd387bd:c5915]
2019-09-10 22:12:29,829 [grpc-default-executor-1] INFO  client.GrpcClientProtocolClient (GrpcClientProtocolClient.java:onNext(255)) - client-0C76110B8A2B->ed5d81fa-aaf0-49db-aa57-acca1dd387bd: receive RaftClientReply:client-0C76110B8A2B->ed5d81fa-aaf0-49db-aa57-acca1dd387bd@group-729F0664FEA8, cid=4201, SUCCESS, logIndex=5917, commits[ed5d81fa-aaf0-49db-aa57-acca1dd387bd:c5918]
2019-09-10 22:12:29,830 [grpc-default-executor-1] INFO  client.GrpcClientProtocolClient (GrpcClientProtocolClient.java:onNext(255)) - client-0C76110B8A2B->ed5d81fa-aaf0-49db-aa57-acca1dd387bd: receive RaftClientReply:client-0C76110B8A2B->ed5d81fa-aaf0-49db-aa57-acca1dd387bd@group-729F0664FEA8, cid=4202, SUCCESS, logIndex=5918, commits[ed5d81fa-aaf0-49db-aa57-acca1dd387bd:c5920]
2019-09-10 22:12:29,830 [grpc-default-executor-1] INFO  client.GrpcClientProtocolClient (GrpcClientProtocolClient.java:onNext(255)) - client-0C76110B8A2B->ed5d81fa-aaf0-49db-aa57-acca1dd387bd: receive RaftClientReply:client-0C76110B8A2B->ed5d81fa-aaf0-49db-aa57-acca1dd387bd@group-729F0664FEA8, cid=4203, SUCCESS, logIndex=5919, commits[ed5d81fa-aaf0-49db-aa57-acca1dd387bd:c5921]
2019-09-10 22:12:29,830 [grpc-default-executor-1] INFO  client.GrpcClientProtocolClient (GrpcClientProtocolClient.java:onNext(255)) - client-0C76110B8A2B->ed5d81fa-aaf0-49db-aa57-acca1dd387bd: receive RaftClientReply:client-0C76110B8A2B->ed5d81fa-aaf0-49db-aa57-acca1dd387bd@group-729F0664FEA8, cid=4204, SUCCESS, logIndex=5920, commits[ed5d81fa-aaf0-49db-aa57-acca1dd387bd:c5921]
2019-09-10 22:12:29,847 [grpc-default-executor-1] INFO  client.GrpcClientProtocolClient (GrpcClientProtocolClient.java:onNext(255)) - client-0C76110B8A2B->ed5d81fa-aaf0-49db-aa57-acca1dd387bd: receive RaftClientReply:client-0C76110B8A2B->ed5d81fa-aaf0-49db-aa57-acca1dd387bd@group-729F0664FEA8, cid=4205, SUCCESS, logIndex=5923, commits[ed5d81fa-aaf0-49db-aa57-acca1dd387bd:c5924]
2019-09-10 22:12:29,848 [grpc-default-executor-1] INFO  client.GrpcClientProtocolClient (GrpcClientProtocolClient.java:onNext(255)) - client-0C76110B8A2B->ed5d81fa-aaf0-49db-aa57-acca1dd387bd: receive RaftClientReply:client-0C76110B8A2B->ed5d81fa-aaf0-49db-aa57-acca1dd387bd@group-729F0664FEA8, cid=4206, SUCCESS, logIndex=5924, commits[ed5d81fa-aaf0-49db-aa57-acca1dd387bd:c5926]
2019-09-10 22:12:29,848 [grpc-default-executor-1] INFO  client.GrpcClientProtocolClient (GrpcClientProtocolClient.java:onNext(255)) - client-0C76110B8A2B->ed5d81fa-aaf0-49db-aa57-acca1dd387bd: receive RaftClientReply:client-0C76110B8A2B->ed5d81fa-aaf0-49db-aa57-acca1dd387bd@group-729F0664FEA8, cid=4207, SUCCESS, logIndex=5925, commits[ed5d81fa-aaf0-49db-aa57-acca1dd387bd:c5926]
2019-09-10 22:12:29,848 [grpc-default-executor-1] INFO  client.GrpcClientProtocolClient (GrpcClientProtocolClient.java:onNext(255)) - client-0C76110B8A2B->ed5d81fa-aaf0-49db-aa57-acca1dd387bd: receive RaftClientReply:client-0C76110B8A2B->ed5d81fa-aaf0-49db-aa57-acca1dd387bd@group-729F0664FEA8, cid=4208, SUCCESS, logIndex=5926, commits[ed5d81fa-aaf0-49db-aa57-acca1dd387bd:c5926]
2019-09-10 22:12:29,853 [SCMBlockDeletingService#0] DEBUG block.SCMBlockDeletingService (SCMBlockDeletingService.java:call(138)) - Running DeletedBlockTransactionScanner
2019-09-10 22:12:29,853 [SCMBlockDeletingService#0] DEBUG block.SCMBlockDeletingService (SCMBlockDeletingService.java:call(155)) - Scanned deleted blocks log and got 0 delTX to process.
2019-09-10 22:12:29,864 [grpc-default-executor-1] INFO  client.GrpcClientProtocolClient (GrpcClientProtocolClient.java:onNext(255)) - client-0C76110B8A2B->ed5d81fa-aaf0-49db-aa57-acca1dd387bd: receive RaftClientReply:client-0C76110B8A2B->ed5d81fa-aaf0-49db-aa57-acca1dd387bd@group-729F0664FEA8, cid=4209, SUCCESS, logIndex=5929, commits[ed5d81fa-aaf0-49db-aa57-acca1dd387bd:c5930]
2019-09-10 22:12:29,865 [grpc-default-executor-1] INFO  client.GrpcClientProtocolClient (GrpcClientProtocolClient.java:onNext(255)) - client-0C76110B8A2B->ed5d81fa-aaf0-49db-aa57-acca1dd387bd: receive RaftClientReply:client-0C76110B8A2B->ed5d81fa-aaf0-49db-aa57-acca1dd387bd@group-729F0664FEA8, cid=4210, SUCCESS, logIndex=5930, commits[ed5d81fa-aaf0-49db-aa57-acca1dd387bd:c5930]
2019-09-10 22:12:29,866 [grpc-default-executor-1] INFO  client.GrpcClientProtocolClient (GrpcClientProtocolClient.java:onNext(255)) - client-0C76110B8A2B->ed5d81fa-aaf0-49db-aa57-acca1dd387bd: receive RaftClientReply:client-0C76110B8A2B->ed5d81fa-aaf0-49db-aa57-acca1dd387bd@group-729F0664FEA8, cid=4211, SUCCESS, logIndex=5931, commits[ed5d81fa-aaf0-49db-aa57-acca1dd387bd:c5932]
2019-09-10 22:12:29,866 [grpc-default-executor-1] INFO  client.GrpcClientProtocolClient (GrpcClientProtocolClient.java:onNext(255)) - client-0C76110B8A2B->ed5d81fa-aaf0-49db-aa57-acca1dd387bd: receive RaftClientReply:client-0C76110B8A2B->ed5d81fa-aaf0-49db-aa57-acca1dd387bd@group-729F0664FEA8, cid=4212, SUCCESS, logIndex=5932, commits[ed5d81fa-aaf0-49db-aa57-acca1dd387bd:c5932]
2019-09-10 22:12:29,874 [grpc-default-executor-0] INFO  client.GrpcClientProtocolClient (GrpcClientProtocolClient.java:onNext(255)) - client-0C76110B8A2B->ed5d81fa-aaf0-49db-aa57-acca1dd387bd: receive RaftClientReply:client-0C76110B8A2B->ed5d81fa-aaf0-49db-aa57-acca1dd387bd@group-729F0664FEA8, cid=4213, SUCCESS, logIndex=5935, commits[ed5d81fa-aaf0-49db-aa57-acca1dd387bd:c5936]
2019-09-10 22:12:29,875 [grpc-default-executor-0] INFO  client.GrpcClientProtocolClient (GrpcClientProtocolClient.java:onNext(255)) - client-0C76110B8A2B->ed5d81fa-aaf0-49db-aa57-acca1dd387bd: receive RaftClientReply:client-0C76110B8A2B->ed5d81fa-aaf0-49db-aa57-acca1dd387bd@group-729F0664FEA8, cid=4214, SUCCESS, logIndex=5936, commits[ed5d81fa-aaf0-49db-aa57-acca1dd387bd:c5936]
2019-09-10 22:12:29,885 [grpc-default-executor-0] INFO  client.GrpcClientProtocolClient (GrpcClientProtocolClient.java:onNext(255)) - client-0C76110B8A2B->ed5d81fa-aaf0-49db-aa57-acca1dd387bd: receive RaftClientReply:client-0C76110B8A2B->ed5d81fa-aaf0-49db-aa57-acca1dd387bd@group-729F0664FEA8, cid=4215, SUCCESS, logIndex=5937, commits[ed5d81fa-aaf0-49db-aa57-acca1dd387bd:c5939]
2019-09-10 22:12:29,885 [grpc-default-executor-0] INFO  client.GrpcClientProtocolClient (GrpcClientProtocolClient.java:onNext(255)) - client-0C76110B8A2B->ed5d81fa-aaf0-49db-aa57-acca1dd387bd: receive RaftClientReply:client-0C76110B8A2B->ed5d81fa-aaf0-49db-aa57-acca1dd387bd@group-729F0664FEA8, cid=4216, SUCCESS, logIndex=5938, commits[ed5d81fa-aaf0-49db-aa57-acca1dd387bd:c5939]
2019-09-10 22:12:29,911 [grpc-default-executor-0] INFO  client.GrpcClientProtocolClient (GrpcClientProtocolClient.java:onNext(255)) - client-0C76110B8A2B->ed5d81fa-aaf0-49db-aa57-acca1dd387bd: receive RaftClientReply:client-0C76110B8A2B->ed5d81fa-aaf0-49db-aa57-acca1dd387bd@group-729F0664FEA8, cid=4217, SUCCESS, logIndex=5940, commits[ed5d81fa-aaf0-49db-aa57-acca1dd387bd:c5941]
2019-09-10 22:12:29,911 [grpc-default-executor-0] INFO  client.GrpcClientProtocolClient (GrpcClientProtocolClient.java:onNext(255)) - client-0C76110B8A2B->ed5d81fa-aaf0-49db-aa57-acca1dd387bd: receive RaftClientReply:client-0C76110B8A2B->ed5d81fa-aaf0-49db-aa57-acca1dd387bd@group-729F0664FEA8, cid=4218, SUCCESS, logIndex=5941, commits[ed5d81fa-aaf0-49db-aa57-acca1dd387bd:c5941]
2019-09-10 22:12:29,911 [grpc-default-executor-0] INFO  client.GrpcClientProtocolClient (GrpcClientProtocolClient.java:onNext(255)) - client-0C76110B8A2B->ed5d81fa-aaf0-49db-aa57-acca1dd387bd: receive RaftClientReply:client-0C76110B8A2B->ed5d81fa-aaf0-49db-aa57-acca1dd387bd@group-729F0664FEA8, cid=4219, SUCCESS, logIndex=5942, commits[ed5d81fa-aaf0-49db-aa57-acca1dd387bd:c5943]
2019-09-10 22:12:29,911 [grpc-default-executor-0] INFO  client.GrpcClientProtocolClient (GrpcClientProtocolClient.java:onNext(255)) - client-0C76110B8A2B->ed5d81fa-aaf0-49db-aa57-acca1dd387bd: receive RaftClientReply:client-0C76110B8A2B->ed5d81fa-aaf0-49db-aa57-acca1dd387bd@group-729F0664FEA8, cid=4220, SUCCESS, logIndex=5943, commits[ed5d81fa-aaf0-49db-aa57-acca1dd387bd:c5943]
2019-09-10 22:12:29,929 [grpc-default-executor-1] INFO  client.GrpcClientProtocolClient (GrpcClientProtocolClient.java:onNext(255)) - client-0C76110B8A2B->ed5d81fa-aaf0-49db-aa57-acca1dd387bd: receive RaftClientReply:client-0C76110B8A2B->ed5d81fa-aaf0-49db-aa57-acca1dd387bd@group-729F0664FEA8, cid=4221, SUCCESS, logIndex=5946, commits[ed5d81fa-aaf0-49db-aa57-acca1dd387bd:c5947]
2019-09-10 22:12:29,929 [grpc-default-executor-1] INFO  client.GrpcClientProtocolClient (GrpcClientProtocolClient.java:onNext(255)) - client-0C76110B8A2B->ed5d81fa-aaf0-49db-aa57-acca1dd387bd: receive RaftClientReply:client-0C76110B8A2B->ed5d81fa-aaf0-49db-aa57-acca1dd387bd@group-729F0664FEA8, cid=4222, SUCCESS, logIndex=5947, commits[ed5d81fa-aaf0-49db-aa57-acca1dd387bd:c5947]
2019-09-10 22:12:29,930 [grpc-default-executor-1] INFO  client.GrpcClientProtocolClient (GrpcClientProtocolClient.java:onNext(255)) - client-0C76110B8A2B->ed5d81fa-aaf0-49db-aa57-acca1dd387bd: receive RaftClientReply:client-0C76110B8A2B->ed5d81fa-aaf0-49db-aa57-acca1dd387bd@group-729F0664FEA8, cid=4223, SUCCESS, logIndex=5948, commits[ed5d81fa-aaf0-49db-aa57-acca1dd387bd:c5949]
2019-09-10 22:12:29,930 [grpc-default-executor-1] INFO  client.GrpcClientProtocolClient (GrpcClientProtocolClient.java:onNext(255)) - client-0C76110B8A2B->ed5d81fa-aaf0-49db-aa57-acca1dd387bd: receive RaftClientReply:client-0C76110B8A2B->ed5d81fa-aaf0-49db-aa57-acca1dd387bd@group-729F0664FEA8, cid=4224, SUCCESS, logIndex=5949, commits[ed5d81fa-aaf0-49db-aa57-acca1dd387bd:c5949]
2019-09-10 22:12:29,953 [SCMBlockDeletingService#0] DEBUG block.SCMBlockDeletingService (SCMBlockDeletingService.java:call(138)) - Running DeletedBlockTransactionScanner
2019-09-10 22:12:29,953 [SCMBlockDeletingService#0] DEBUG block.SCMBlockDeletingService (SCMBlockDeletingService.java:call(155)) - Scanned deleted blocks log and got 0 delTX to process.
2019-09-10 22:12:29,958 [grpc-default-executor-0] INFO  client.GrpcClientProtocolClient (GrpcClientProtocolClient.java:onNext(255)) - client-0C76110B8A2B->ed5d81fa-aaf0-49db-aa57-acca1dd387bd: receive RaftClientReply:client-0C76110B8A2B->ed5d81fa-aaf0-49db-aa57-acca1dd387bd@group-729F0664FEA8, cid=4225, SUCCESS, logIndex=5952, commits[ed5d81fa-aaf0-49db-aa57-acca1dd387bd:c5953]
2019-09-10 22:12:29,958 [grpc-default-executor-0] INFO  client.GrpcClientProtocolClient (GrpcClientProtocolClient.java:onNext(255)) - client-0C76110B8A2B->ed5d81fa-aaf0-49db-aa57-acca1dd387bd: receive RaftClientReply:client-0C76110B8A2B->ed5d81fa-aaf0-49db-aa57-acca1dd387bd@group-729F0664FEA8, cid=4226, SUCCESS, logIndex=5953, commits[ed5d81fa-aaf0-49db-aa57-acca1dd387bd:c5955]
2019-09-10 22:12:29,958 [grpc-default-executor-0] INFO  client.GrpcClientProtocolClient (GrpcClientProtocolClient.java:onNext(255)) - client-0C76110B8A2B->ed5d81fa-aaf0-49db-aa57-acca1dd387bd: receive RaftClientReply:client-0C76110B8A2B->ed5d81fa-aaf0-49db-aa57-acca1dd387bd@group-729F0664FEA8, cid=4227, SUCCESS, logIndex=5954, commits[ed5d81fa-aaf0-49db-aa57-acca1dd387bd:c5955]
2019-09-10 22:12:29,959 [grpc-default-executor-1] INFO  client.GrpcClientProtocolClient (GrpcClientProtocolClient.java:onNext(255)) - client-0C76110B8A2B->ed5d81fa-aaf0-49db-aa57-acca1dd387bd: receive RaftClientReply:client-0C76110B8A2B->ed5d81fa-aaf0-49db-aa57-acca1dd387bd@group-729F0664FEA8, cid=4228, SUCCESS, logIndex=5955, commits[ed5d81fa-aaf0-49db-aa57-acca1dd387bd:c5955]
2019-09-10 22:12:29,975 [grpc-default-executor-1] INFO  client.GrpcClientProtocolClient (GrpcClientProtocolClient.java:onNext(255)) - client-0C76110B8A2B->ed5d81fa-aaf0-49db-aa57-acca1dd387bd: receive RaftClientReply:client-0C76110B8A2B->ed5d81fa-aaf0-49db-aa57-acca1dd387bd@group-729F0664FEA8, cid=4229, SUCCESS, logIndex=5958, commits[ed5d81fa-aaf0-49db-aa57-acca1dd387bd:c5959]
2019-09-10 22:12:29,976 [grpc-default-executor-1] INFO  client.GrpcClientProtocolClient (GrpcClientProtocolClient.java:onNext(255)) - client-0C76110B8A2B->ed5d81fa-aaf0-49db-aa57-acca1dd387bd: receive RaftClientReply:client-0C76110B8A2B->ed5d81fa-aaf0-49db-aa57-acca1dd387bd@group-729F0664FEA8, cid=4230, SUCCESS, logIndex=5959, commits[ed5d81fa-aaf0-49db-aa57-acca1dd387bd:c5961]
2019-09-10 22:12:29,976 [grpc-default-executor-1] INFO  client.GrpcClientProtocolClient (GrpcClientProtocolClient.java:onNext(255)) - client-0C76110B8A2B->ed5d81fa-aaf0-49db-aa57-acca1dd387bd: receive RaftClientReply:client-0C76110B8A2B->ed5d81fa-aaf0-49db-aa57-acca1dd387bd@group-729F0664FEA8, cid=4231, SUCCESS, logIndex=5960, commits[ed5d81fa-aaf0-49db-aa57-acca1dd387bd:c5961]
2019-09-10 22:12:29,976 [grpc-default-executor-1] INFO  client.GrpcClientProtocolClient (GrpcClientProtocolClient.java:onNext(255)) - client-0C76110B8A2B->ed5d81fa-aaf0-49db-aa57-acca1dd387bd: receive RaftClientReply:client-0C76110B8A2B->ed5d81fa-aaf0-49db-aa57-acca1dd387bd@group-729F0664FEA8, cid=4232, SUCCESS, logIndex=5961, commits[ed5d81fa-aaf0-49db-aa57-acca1dd387bd:c5961]
2019-09-10 22:12:30,000 [grpc-default-executor-1] INFO  client.GrpcClientProtocolClient (GrpcClientProtocolClient.java:onNext(255)) - client-0C76110B8A2B->ed5d81fa-aaf0-49db-aa57-acca1dd387bd: receive RaftClientReply:client-0C76110B8A2B->ed5d81fa-aaf0-49db-aa57-acca1dd387bd@group-729F0664FEA8, cid=4233, SUCCESS, logIndex=5964, commits[ed5d81fa-aaf0-49db-aa57-acca1dd387bd:c5965]
2019-09-10 22:12:30,001 [grpc-default-executor-1] INFO  client.GrpcClientProtocolClient (GrpcClientProtocolClient.java:onNext(255)) - client-0C76110B8A2B->ed5d81fa-aaf0-49db-aa57-acca1dd387bd: receive RaftClientReply:client-0C76110B8A2B->ed5d81fa-aaf0-49db-aa57-acca1dd387bd@group-729F0664FEA8, cid=4234, SUCCESS, logIndex=5965, commits[ed5d81fa-aaf0-49db-aa57-acca1dd387bd:c5967]
2019-09-10 22:12:30,001 [grpc-default-executor-1] INFO  client.GrpcClientProtocolClient (GrpcClientProtocolClient.java:onNext(255)) - client-0C76110B8A2B->ed5d81fa-aaf0-49db-aa57-acca1dd387bd: receive RaftClientReply:client-0C76110B8A2B->ed5d81fa-aaf0-49db-aa57-acca1dd387bd@group-729F0664FEA8, cid=4235, SUCCESS, logIndex=5966, commits[ed5d81fa-aaf0-49db-aa57-acca1dd387bd:c5968]
2019-09-10 22:12:30,001 [grpc-default-executor-1] INFO  client.GrpcClientProtocolClient (GrpcClientProtocolClient.java:onNext(255)) - client-0C76110B8A2B->ed5d81fa-aaf0-49db-aa57-acca1dd387bd: receive RaftClientReply:client-0C76110B8A2B->ed5d81fa-aaf0-49db-aa57-acca1dd387bd@group-729F0664FEA8, cid=4236, SUCCESS, logIndex=5967, commits[ed5d81fa-aaf0-49db-aa57-acca1dd387bd:c5968]
2019-09-10 22:12:30,019 [grpc-default-executor-1] INFO  client.GrpcClientProtocolClient (GrpcClientProtocolClient.java:onNext(255)) - client-0C76110B8A2B->ed5d81fa-aaf0-49db-aa57-acca1dd387bd: receive RaftClientReply:client-0C76110B8A2B->ed5d81fa-aaf0-49db-aa57-acca1dd387bd@group-729F0664FEA8, cid=4237, SUCCESS, logIndex=5970, commits[ed5d81fa-aaf0-49db-aa57-acca1dd387bd:c5973]
2019-09-10 22:12:30,019 [grpc-default-executor-1] INFO  client.GrpcClientProtocolClient (GrpcClientProtocolClient.java:onNext(255)) - client-0C76110B8A2B->ed5d81fa-aaf0-49db-aa57-acca1dd387bd: receive RaftClientReply:client-0C76110B8A2B->ed5d81fa-aaf0-49db-aa57-acca1dd387bd@group-729F0664FEA8, cid=4238, SUCCESS, logIndex=5971, commits[ed5d81fa-aaf0-49db-aa57-acca1dd387bd:c5974]
2019-09-10 22:12:30,020 [grpc-default-executor-1] INFO  client.GrpcClientProtocolClient (GrpcClientProtocolClient.java:onNext(255)) - client-0C76110B8A2B->ed5d81fa-aaf0-49db-aa57-acca1dd387bd: receive RaftClientReply:client-0C76110B8A2B->ed5d81fa-aaf0-49db-aa57-acca1dd387bd@group-729F0664FEA8, cid=4239, SUCCESS, logIndex=5972, commits[ed5d81fa-aaf0-49db-aa57-acca1dd387bd:c5974]
2019-09-10 22:12:30,020 [grpc-default-executor-1] INFO  client.GrpcClientProtocolClient (GrpcClientProtocolClient.java:onNext(255)) - client-0C76110B8A2B->ed5d81fa-aaf0-49db-aa57-acca1dd387bd: receive RaftClientReply:client-0C76110B8A2B->ed5d81fa-aaf0-49db-aa57-acca1dd387bd@group-729F0664FEA8, cid=4240, SUCCESS, logIndex=5973, commits[ed5d81fa-aaf0-49db-aa57-acca1dd387bd:c5974]
2019-09-10 22:12:30,106 [SCMBlockDeletingService#0] DEBUG block.SCMBlockDeletingService (SCMBlockDeletingService.java:call(138)) - Running DeletedBlockTransactionScanner
2019-09-10 22:12:30,107 [SCMBlockDeletingService#0] DEBUG block.SCMBlockDeletingService (SCMBlockDeletingService.java:call(155)) - Scanned deleted blocks log and got 0 delTX to process.
2019-09-10 22:12:30,121 [grpc-default-executor-0] INFO  client.GrpcClientProtocolClient (GrpcClientProtocolClient.java:onNext(255)) - client-0C76110B8A2B->ed5d81fa-aaf0-49db-aa57-acca1dd387bd: receive RaftClientReply:client-0C76110B8A2B->ed5d81fa-aaf0-49db-aa57-acca1dd387bd@group-729F0664FEA8, cid=4241, SUCCESS, logIndex=5975, commits[ed5d81fa-aaf0-49db-aa57-acca1dd387bd:c5976]
2019-09-10 22:12:30,122 [grpc-default-executor-0] INFO  client.GrpcClientProtocolClient (GrpcClientProtocolClient.java:onNext(255)) - client-0C76110B8A2B->ed5d81fa-aaf0-49db-aa57-acca1dd387bd: receive RaftClientReply:client-0C76110B8A2B->ed5d81fa-aaf0-49db-aa57-acca1dd387bd@group-729F0664FEA8, cid=4242, SUCCESS, logIndex=5976, commits[ed5d81fa-aaf0-49db-aa57-acca1dd387bd:c5977]
2019-09-10 22:12:30,207 [SCMBlockDeletingService#0] DEBUG block.SCMBlockDeletingService (SCMBlockDeletingService.java:call(138)) - Running DeletedBlockTransactionScanner
2019-09-10 22:12:30,207 [SCMBlockDeletingService#0] DEBUG block.SCMBlockDeletingService (SCMBlockDeletingService.java:call(155)) - Scanned deleted blocks log and got 0 delTX to process.
2019-09-10 22:12:30,227 [grpc-default-executor-1] INFO  client.GrpcClientProtocolClient (GrpcClientProtocolClient.java:onNext(255)) - client-0C76110B8A2B->ed5d81fa-aaf0-49db-aa57-acca1dd387bd: receive RaftClientReply:client-0C76110B8A2B->ed5d81fa-aaf0-49db-aa57-acca1dd387bd@group-729F0664FEA8, cid=4243, SUCCESS, logIndex=5978, commits[ed5d81fa-aaf0-49db-aa57-acca1dd387bd:c5979]
2019-09-10 22:12:30,228 [grpc-default-executor-1] INFO  client.GrpcClientProtocolClient (GrpcClientProtocolClient.java:onNext(255)) - client-0C76110B8A2B->ed5d81fa-aaf0-49db-aa57-acca1dd387bd: receive RaftClientReply:client-0C76110B8A2B->ed5d81fa-aaf0-49db-aa57-acca1dd387bd@group-729F0664FEA8, cid=4244, SUCCESS, logIndex=5979, commits[ed5d81fa-aaf0-49db-aa57-acca1dd387bd:c5980]
2019-09-10 22:12:30,247 [grpc-default-executor-1] INFO  client.GrpcClientProtocolClient (GrpcClientProtocolClient.java:onNext(255)) - client-0C76110B8A2B->ed5d81fa-aaf0-49db-aa57-acca1dd387bd: receive RaftClientReply:client-0C76110B8A2B->ed5d81fa-aaf0-49db-aa57-acca1dd387bd@group-729F0664FEA8, cid=4245, SUCCESS, logIndex=5981, commits[ed5d81fa-aaf0-49db-aa57-acca1dd387bd:c5982]
2019-09-10 22:12:30,247 [grpc-default-executor-1] INFO  client.GrpcClientProtocolClient (GrpcClientProtocolClient.java:onNext(255)) - client-0C76110B8A2B->ed5d81fa-aaf0-49db-aa57-acca1dd387bd: receive RaftClientReply:client-0C76110B8A2B->ed5d81fa-aaf0-49db-aa57-acca1dd387bd@group-729F0664FEA8, cid=4246, SUCCESS, logIndex=5982, commits[ed5d81fa-aaf0-49db-aa57-acca1dd387bd:c5984]
2019-09-10 22:12:30,248 [grpc-default-executor-1] INFO  client.GrpcClientProtocolClient (GrpcClientProtocolClient.java:onNext(255)) - client-0C76110B8A2B->ed5d81fa-aaf0-49db-aa57-acca1dd387bd: receive RaftClientReply:client-0C76110B8A2B->ed5d81fa-aaf0-49db-aa57-acca1dd387bd@group-729F0664FEA8, cid=4247, SUCCESS, logIndex=5983, commits[ed5d81fa-aaf0-49db-aa57-acca1dd387bd:c5985]
2019-09-10 22:12:30,248 [grpc-default-executor-1] INFO  client.GrpcClientProtocolClient (GrpcClientProtocolClient.java:onNext(255)) - client-0C76110B8A2B->ed5d81fa-aaf0-49db-aa57-acca1dd387bd: receive RaftClientReply:client-0C76110B8A2B->ed5d81fa-aaf0-49db-aa57-acca1dd387bd@group-729F0664FEA8, cid=4248, SUCCESS, logIndex=5984, commits[ed5d81fa-aaf0-49db-aa57-acca1dd387bd:c5985]
2019-09-10 22:12:30,277 [grpc-default-executor-1] INFO  client.GrpcClientProtocolClient (GrpcClientProtocolClient.java:onNext(255)) - client-0C76110B8A2B->ed5d81fa-aaf0-49db-aa57-acca1dd387bd: receive RaftClientReply:client-0C76110B8A2B->ed5d81fa-aaf0-49db-aa57-acca1dd387bd@group-729F0664FEA8, cid=4249, SUCCESS, logIndex=5987, commits[ed5d81fa-aaf0-49db-aa57-acca1dd387bd:c5988]
2019-09-10 22:12:30,277 [grpc-default-executor-1] INFO  client.GrpcClientProtocolClient (GrpcClientProtocolClient.java:onNext(255)) - client-0C76110B8A2B->ed5d81fa-aaf0-49db-aa57-acca1dd387bd: receive RaftClientReply:client-0C76110B8A2B->ed5d81fa-aaf0-49db-aa57-acca1dd387bd@group-729F0664FEA8, cid=4250, SUCCESS, logIndex=5988, commits[ed5d81fa-aaf0-49db-aa57-acca1dd387bd:c5990]
2019-09-10 22:12:30,278 [grpc-default-executor-1] INFO  client.GrpcClientProtocolClient (GrpcClientProtocolClient.java:onNext(255)) - client-0C76110B8A2B->ed5d81fa-aaf0-49db-aa57-acca1dd387bd: receive RaftClientReply:client-0C76110B8A2B->ed5d81fa-aaf0-49db-aa57-acca1dd387bd@group-729F0664FEA8, cid=4251, SUCCESS, logIndex=5989, commits[ed5d81fa-aaf0-49db-aa57-acca1dd387bd:c5991]
2019-09-10 22:12:30,278 [grpc-default-executor-1] INFO  client.GrpcClientProtocolClient (GrpcClientProtocolClient.java:onNext(255)) - client-0C76110B8A2B->ed5d81fa-aaf0-49db-aa57-acca1dd387bd: receive RaftClientReply:client-0C76110B8A2B->ed5d81fa-aaf0-49db-aa57-acca1dd387bd@group-729F0664FEA8, cid=4252, SUCCESS, logIndex=5990, commits[ed5d81fa-aaf0-49db-aa57-acca1dd387bd:c5992]
2019-09-10 22:12:30,295 [grpc-default-executor-1] INFO  client.GrpcClientProtocolClient (GrpcClientProtocolClient.java:onNext(255)) - client-0C76110B8A2B->ed5d81fa-aaf0-49db-aa57-acca1dd387bd: receive RaftClientReply:client-0C76110B8A2B->ed5d81fa-aaf0-49db-aa57-acca1dd387bd@group-729F0664FEA8, cid=4253, SUCCESS, logIndex=5993, commits[ed5d81fa-aaf0-49db-aa57-acca1dd387bd:c5994]
2019-09-10 22:12:30,295 [grpc-default-executor-1] INFO  client.GrpcClientProtocolClient (GrpcClientProtocolClient.java:onNext(255)) - client-0C76110B8A2B->ed5d81fa-aaf0-49db-aa57-acca1dd387bd: receive RaftClientReply:client-0C76110B8A2B->ed5d81fa-aaf0-49db-aa57-acca1dd387bd@group-729F0664FEA8, cid=4254, SUCCESS, logIndex=5994, commits[ed5d81fa-aaf0-49db-aa57-acca1dd387bd:c5996]
2019-09-10 22:12:30,295 [grpc-default-executor-1] INFO  client.GrpcClientProtocolClient (GrpcClientProtocolClient.java:onNext(255)) - client-0C76110B8A2B->ed5d81fa-aaf0-49db-aa57-acca1dd387bd: receive RaftClientReply:client-0C76110B8A2B->ed5d81fa-aaf0-49db-aa57-acca1dd387bd@group-729F0664FEA8, cid=4255, SUCCESS, logIndex=5995, commits[ed5d81fa-aaf0-49db-aa57-acca1dd387bd:c5997]
2019-09-10 22:12:30,296 [grpc-default-executor-1] INFO  client.GrpcClientProtocolClient (GrpcClientProtocolClient.java:onNext(255)) - client-0C76110B8A2B->ed5d81fa-aaf0-49db-aa57-acca1dd387bd: receive RaftClientReply:client-0C76110B8A2B->ed5d81fa-aaf0-49db-aa57-acca1dd387bd@group-729F0664FEA8, cid=4256, SUCCESS, logIndex=5996, commits[ed5d81fa-aaf0-49db-aa57-acca1dd387bd:c5997]
2019-09-10 22:12:30,308 [SCMBlockDeletingService#0] DEBUG block.SCMBlockDeletingService (SCMBlockDeletingService.java:call(138)) - Running DeletedBlockTransactionScanner
2019-09-10 22:12:30,308 [SCMBlockDeletingService#0] DEBUG block.SCMBlockDeletingService (SCMBlockDeletingService.java:call(155)) - Scanned deleted blocks log and got 0 delTX to process.
2019-09-10 22:12:30,323 [grpc-default-executor-1] INFO  client.GrpcClientProtocolClient (GrpcClientProtocolClient.java:onNext(255)) - client-0C76110B8A2B->ed5d81fa-aaf0-49db-aa57-acca1dd387bd: receive RaftClientReply:client-0C76110B8A2B->ed5d81fa-aaf0-49db-aa57-acca1dd387bd@group-729F0664FEA8, cid=4257, SUCCESS, logIndex=5999, commits[ed5d81fa-aaf0-49db-aa57-acca1dd387bd:c6000]
2019-09-10 22:12:30,324 [grpc-default-executor-1] INFO  client.GrpcClientProtocolClient (GrpcClientProtocolClient.java:onNext(255)) - client-0C76110B8A2B->ed5d81fa-aaf0-49db-aa57-acca1dd387bd: receive RaftClientReply:client-0C76110B8A2B->ed5d81fa-aaf0-49db-aa57-acca1dd387bd@group-729F0664FEA8, cid=4258, SUCCESS, logIndex=6000, commits[ed5d81fa-aaf0-49db-aa57-acca1dd387bd:c6000]
2019-09-10 22:12:30,326 [grpc-default-executor-1] INFO  client.GrpcClientProtocolClient (GrpcClientProtocolClient.java:onNext(255)) - client-0C76110B8A2B->ed5d81fa-aaf0-49db-aa57-acca1dd387bd: receive RaftClientReply:client-0C76110B8A2B->ed5d81fa-aaf0-49db-aa57-acca1dd387bd@group-729F0664FEA8, cid=4259, SUCCESS, logIndex=6001, commits[ed5d81fa-aaf0-49db-aa57-acca1dd387bd:c6002]
2019-09-10 22:12:30,326 [grpc-default-executor-1] INFO  client.GrpcClientProtocolClient (GrpcClientProtocolClient.java:onNext(255)) - client-0C76110B8A2B->ed5d81fa-aaf0-49db-aa57-acca1dd387bd: receive RaftClientReply:client-0C76110B8A2B->ed5d81fa-aaf0-49db-aa57-acca1dd387bd@group-729F0664FEA8, cid=4260, SUCCESS, logIndex=6002, commits[ed5d81fa-aaf0-49db-aa57-acca1dd387bd:c6002]
2019-09-10 22:12:30,343 [grpc-default-executor-0] INFO  client.GrpcClientProtocolClient (GrpcClientProtocolClient.java:onNext(255)) - client-0C76110B8A2B->ed5d81fa-aaf0-49db-aa57-acca1dd387bd: receive RaftClientReply:client-0C76110B8A2B->ed5d81fa-aaf0-49db-aa57-acca1dd387bd@group-729F0664FEA8, cid=4261, SUCCESS, logIndex=6005, commits[ed5d81fa-aaf0-49db-aa57-acca1dd387bd:c6006]
2019-09-10 22:12:30,343 [grpc-default-executor-0] INFO  client.GrpcClientProtocolClient (GrpcClientProtocolClient.java:onNext(255)) - client-0C76110B8A2B->ed5d81fa-aaf0-49db-aa57-acca1dd387bd: receive RaftClientReply:client-0C76110B8A2B->ed5d81fa-aaf0-49db-aa57-acca1dd387bd@group-729F0664FEA8, cid=4262, SUCCESS, logIndex=6006, commits[ed5d81fa-aaf0-49db-aa57-acca1dd387bd:c6006]
2019-09-10 22:12:30,344 [grpc-default-executor-0] INFO  client.GrpcClientProtocolClient (GrpcClientProtocolClient.java:onNext(255)) - client-0C76110B8A2B->ed5d81fa-aaf0-49db-aa57-acca1dd387bd: receive RaftClientReply:client-0C76110B8A2B->ed5d81fa-aaf0-49db-aa57-acca1dd387bd@group-729F0664FEA8, cid=4263, SUCCESS, logIndex=6007, commits[ed5d81fa-aaf0-49db-aa57-acca1dd387bd:c6008]
2019-09-10 22:12:30,344 [grpc-default-executor-0] INFO  client.GrpcClientProtocolClient (GrpcClientProtocolClient.java:onNext(255)) - client-0C76110B8A2B->ed5d81fa-aaf0-49db-aa57-acca1dd387bd: receive RaftClientReply:client-0C76110B8A2B->ed5d81fa-aaf0-49db-aa57-acca1dd387bd@group-729F0664FEA8, cid=4264, SUCCESS, logIndex=6008, commits[ed5d81fa-aaf0-49db-aa57-acca1dd387bd:c6008]
2019-09-10 22:12:30,373 [grpc-default-executor-0] INFO  client.GrpcClientProtocolClient (GrpcClientProtocolClient.java:onNext(255)) - client-0C76110B8A2B->ed5d81fa-aaf0-49db-aa57-acca1dd387bd: receive RaftClientReply:client-0C76110B8A2B->ed5d81fa-aaf0-49db-aa57-acca1dd387bd@group-729F0664FEA8, cid=4265, SUCCESS, logIndex=6011, commits[ed5d81fa-aaf0-49db-aa57-acca1dd387bd:c6014]
2019-09-10 22:12:30,374 [grpc-default-executor-0] INFO  client.GrpcClientProtocolClient (GrpcClientProtocolClient.java:onNext(255)) - client-0C76110B8A2B->ed5d81fa-aaf0-49db-aa57-acca1dd387bd: receive RaftClientReply:client-0C76110B8A2B->ed5d81fa-aaf0-49db-aa57-acca1dd387bd@group-729F0664FEA8, cid=4266, SUCCESS, logIndex=6012, commits[ed5d81fa-aaf0-49db-aa57-acca1dd387bd:c6014]
2019-09-10 22:12:30,374 [grpc-default-executor-0] INFO  client.GrpcClientProtocolClient (GrpcClientProtocolClient.java:onNext(255)) - client-0C76110B8A2B->ed5d81fa-aaf0-49db-aa57-acca1dd387bd: receive RaftClientReply:client-0C76110B8A2B->ed5d81fa-aaf0-49db-aa57-acca1dd387bd@group-729F0664FEA8, cid=4267, SUCCESS, logIndex=6013, commits[ed5d81fa-aaf0-49db-aa57-acca1dd387bd:c6015]
2019-09-10 22:12:30,374 [grpc-default-executor-0] INFO  client.GrpcClientProtocolClient (GrpcClientProtocolClient.java:onNext(255)) - client-0C76110B8A2B->ed5d81fa-aaf0-49db-aa57-acca1dd387bd: receive RaftClientReply:client-0C76110B8A2B->ed5d81fa-aaf0-49db-aa57-acca1dd387bd@group-729F0664FEA8, cid=4268, SUCCESS, logIndex=6014, commits[ed5d81fa-aaf0-49db-aa57-acca1dd387bd:c6015]
2019-09-10 22:12:30,392 [grpc-default-executor-0] INFO  client.GrpcClientProtocolClient (GrpcClientProtocolClient.java:onNext(255)) - client-0C76110B8A2B->ed5d81fa-aaf0-49db-aa57-acca1dd387bd: receive RaftClientReply:client-0C76110B8A2B->ed5d81fa-aaf0-49db-aa57-acca1dd387bd@group-729F0664FEA8, cid=4269, SUCCESS, logIndex=6017, commits[ed5d81fa-aaf0-49db-aa57-acca1dd387bd:c6018]
2019-09-10 22:12:30,394 [grpc-default-executor-0] INFO  client.GrpcClientProtocolClient (GrpcClientProtocolClient.java:onNext(255)) - client-0C76110B8A2B->ed5d81fa-aaf0-49db-aa57-acca1dd387bd: receive RaftClientReply:client-0C76110B8A2B->ed5d81fa-aaf0-49db-aa57-acca1dd387bd@group-729F0664FEA8, cid=4270, SUCCESS, logIndex=6018, commits[ed5d81fa-aaf0-49db-aa57-acca1dd387bd:c6018]
2019-09-10 22:12:30,395 [grpc-default-executor-0] INFO  client.GrpcClientProtocolClient (GrpcClientProtocolClient.java:onNext(255)) - client-0C76110B8A2B->ed5d81fa-aaf0-49db-aa57-acca1dd387bd: receive RaftClientReply:client-0C76110B8A2B->ed5d81fa-aaf0-49db-aa57-acca1dd387bd@group-729F0664FEA8, cid=4271, SUCCESS, logIndex=6019, commits[ed5d81fa-aaf0-49db-aa57-acca1dd387bd:c6020]
2019-09-10 22:12:30,395 [grpc-default-executor-0] INFO  client.GrpcClientProtocolClient (GrpcClientProtocolClient.java:onNext(255)) - client-0C76110B8A2B->ed5d81fa-aaf0-49db-aa57-acca1dd387bd: receive RaftClientReply:client-0C76110B8A2B->ed5d81fa-aaf0-49db-aa57-acca1dd387bd@group-729F0664FEA8, cid=4272, SUCCESS, logIndex=6020, commits[ed5d81fa-aaf0-49db-aa57-acca1dd387bd:c6021]
2019-09-10 22:12:30,408 [SCMBlockDeletingService#0] DEBUG block.SCMBlockDeletingService (SCMBlockDeletingService.java:call(138)) - Running DeletedBlockTransactionScanner
2019-09-10 22:12:30,408 [SCMBlockDeletingService#0] DEBUG block.SCMBlockDeletingService (SCMBlockDeletingService.java:call(155)) - Scanned deleted blocks log and got 0 delTX to process.
2019-09-10 22:12:30,428 [grpc-default-executor-0] INFO  client.GrpcClientProtocolClient (GrpcClientProtocolClient.java:onNext(255)) - client-0C76110B8A2B->ed5d81fa-aaf0-49db-aa57-acca1dd387bd: receive RaftClientReply:client-0C76110B8A2B->ed5d81fa-aaf0-49db-aa57-acca1dd387bd@group-729F0664FEA8, cid=4273, SUCCESS, logIndex=6023, commits[ed5d81fa-aaf0-49db-aa57-acca1dd387bd:c6024]
2019-09-10 22:12:30,428 [grpc-default-executor-0] INFO  client.GrpcClientProtocolClient (GrpcClientProtocolClient.java:onNext(255)) - client-0C76110B8A2B->ed5d81fa-aaf0-49db-aa57-acca1dd387bd: receive RaftClientReply:client-0C76110B8A2B->ed5d81fa-aaf0-49db-aa57-acca1dd387bd@group-729F0664FEA8, cid=4274, SUCCESS, logIndex=6024, commits[ed5d81fa-aaf0-49db-aa57-acca1dd387bd:c6026]
2019-09-10 22:12:30,429 [grpc-default-executor-0] INFO  client.GrpcClientProtocolClient (GrpcClientProtocolClient.java:onNext(255)) - client-0C76110B8A2B->ed5d81fa-aaf0-49db-aa57-acca1dd387bd: receive RaftClientReply:client-0C76110B8A2B->ed5d81fa-aaf0-49db-aa57-acca1dd387bd@group-729F0664FEA8, cid=4275, SUCCESS, logIndex=6025, commits[ed5d81fa-aaf0-49db-aa57-acca1dd387bd:c6026]
2019-09-10 22:12:30,429 [grpc-default-executor-0] INFO  client.GrpcClientProtocolClient (GrpcClientProtocolClient.java:onNext(255)) - client-0C76110B8A2B->ed5d81fa-aaf0-49db-aa57-acca1dd387bd: receive RaftClientReply:client-0C76110B8A2B->ed5d81fa-aaf0-49db-aa57-acca1dd387bd@group-729F0664FEA8, cid=4276, SUCCESS, logIndex=6026, commits[ed5d81fa-aaf0-49db-aa57-acca1dd387bd:c6027]
2019-09-10 22:12:30,446 [grpc-default-executor-1] INFO  client.GrpcClientProtocolClient (GrpcClientProtocolClient.java:onNext(255)) - client-0C76110B8A2B->ed5d81fa-aaf0-49db-aa57-acca1dd387bd: receive RaftClientReply:client-0C76110B8A2B->ed5d81fa-aaf0-49db-aa57-acca1dd387bd@group-729F0664FEA8, cid=4277, SUCCESS, logIndex=6029, commits[ed5d81fa-aaf0-49db-aa57-acca1dd387bd:c6030]
2019-09-10 22:12:30,446 [grpc-default-executor-1] INFO  client.GrpcClientProtocolClient (GrpcClientProtocolClient.java:onNext(255)) - client-0C76110B8A2B->ed5d81fa-aaf0-49db-aa57-acca1dd387bd: receive RaftClientReply:client-0C76110B8A2B->ed5d81fa-aaf0-49db-aa57-acca1dd387bd@group-729F0664FEA8, cid=4278, SUCCESS, logIndex=6030, commits[ed5d81fa-aaf0-49db-aa57-acca1dd387bd:c6032]
2019-09-10 22:12:30,446 [grpc-default-executor-1] INFO  client.GrpcClientProtocolClient (GrpcClientProtocolClient.java:onNext(255)) - client-0C76110B8A2B->ed5d81fa-aaf0-49db-aa57-acca1dd387bd: receive RaftClientReply:client-0C76110B8A2B->ed5d81fa-aaf0-49db-aa57-acca1dd387bd@group-729F0664FEA8, cid=4279, SUCCESS, logIndex=6031, commits[ed5d81fa-aaf0-49db-aa57-acca1dd387bd:c6032]
2019-09-10 22:12:30,447 [grpc-default-executor-1] INFO  client.GrpcClientProtocolClient (GrpcClientProtocolClient.java:onNext(255)) - client-0C76110B8A2B->ed5d81fa-aaf0-49db-aa57-acca1dd387bd: receive RaftClientReply:client-0C76110B8A2B->ed5d81fa-aaf0-49db-aa57-acca1dd387bd@group-729F0664FEA8, cid=4280, SUCCESS, logIndex=6032, commits[ed5d81fa-aaf0-49db-aa57-acca1dd387bd:c6033]
2019-09-10 22:12:30,477 [grpc-default-executor-1] INFO  client.GrpcClientProtocolClient (GrpcClientProtocolClient.java:onNext(255)) - client-0C76110B8A2B->ed5d81fa-aaf0-49db-aa57-acca1dd387bd: receive RaftClientReply:client-0C76110B8A2B->ed5d81fa-aaf0-49db-aa57-acca1dd387bd@group-729F0664FEA8, cid=4281, SUCCESS, logIndex=6035, commits[ed5d81fa-aaf0-49db-aa57-acca1dd387bd:c6036]
2019-09-10 22:12:30,477 [grpc-default-executor-1] INFO  client.GrpcClientProtocolClient (GrpcClientProtocolClient.java:onNext(255)) - client-0C76110B8A2B->ed5d81fa-aaf0-49db-aa57-acca1dd387bd: receive RaftClientReply:client-0C76110B8A2B->ed5d81fa-aaf0-49db-aa57-acca1dd387bd@group-729F0664FEA8, cid=4282, SUCCESS, logIndex=6036, commits[ed5d81fa-aaf0-49db-aa57-acca1dd387bd:c6036]
2019-09-10 22:12:30,479 [grpc-default-executor-1] INFO  client.GrpcClientProtocolClient (GrpcClientProtocolClient.java:onNext(255)) - client-0C76110B8A2B->ed5d81fa-aaf0-49db-aa57-acca1dd387bd: receive RaftClientReply:client-0C76110B8A2B->ed5d81fa-aaf0-49db-aa57-acca1dd387bd@group-729F0664FEA8, cid=4283, SUCCESS, logIndex=6037, commits[ed5d81fa-aaf0-49db-aa57-acca1dd387bd:c6038]
2019-09-10 22:12:30,479 [grpc-default-executor-1] INFO  client.GrpcClientProtocolClient (GrpcClientProtocolClient.java:onNext(255)) - client-0C76110B8A2B->ed5d81fa-aaf0-49db-aa57-acca1dd387bd: receive RaftClientReply:client-0C76110B8A2B->ed5d81fa-aaf0-49db-aa57-acca1dd387bd@group-729F0664FEA8, cid=4284, SUCCESS, logIndex=6038, commits[ed5d81fa-aaf0-49db-aa57-acca1dd387bd:c6038]
2019-09-10 22:12:30,491 [grpc-default-executor-1] INFO  client.GrpcClientProtocolClient (GrpcClientProtocolClient.java:onNext(255)) - client-0C76110B8A2B->ed5d81fa-aaf0-49db-aa57-acca1dd387bd: receive RaftClientReply:client-0C76110B8A2B->ed5d81fa-aaf0-49db-aa57-acca1dd387bd@group-729F0664FEA8, cid=4285, SUCCESS, logIndex=6041, commits[ed5d81fa-aaf0-49db-aa57-acca1dd387bd:c6042]
2019-09-10 22:12:30,491 [grpc-default-executor-1] INFO  client.GrpcClientProtocolClient (GrpcClientProtocolClient.java:onNext(255)) - client-0C76110B8A2B->ed5d81fa-aaf0-49db-aa57-acca1dd387bd: receive RaftClientReply:client-0C76110B8A2B->ed5d81fa-aaf0-49db-aa57-acca1dd387bd@group-729F0664FEA8, cid=4286, SUCCESS, logIndex=6042, commits[ed5d81fa-aaf0-49db-aa57-acca1dd387bd:c6043]
2019-09-10 22:12:30,509 [SCMBlockDeletingService#0] DEBUG block.SCMBlockDeletingService (SCMBlockDeletingService.java:call(138)) - Running DeletedBlockTransactionScanner
2019-09-10 22:12:30,509 [SCMBlockDeletingService#0] DEBUG block.SCMBlockDeletingService (SCMBlockDeletingService.java:call(155)) - Scanned deleted blocks log and got 0 delTX to process.
2019-09-10 22:12:30,609 [SCMBlockDeletingService#0] DEBUG block.SCMBlockDeletingService (SCMBlockDeletingService.java:call(138)) - Running DeletedBlockTransactionScanner
2019-09-10 22:12:30,610 [SCMBlockDeletingService#0] DEBUG block.SCMBlockDeletingService (SCMBlockDeletingService.java:call(155)) - Scanned deleted blocks log and got 0 delTX to process.
2019-09-10 22:12:30,630 [grpc-default-executor-0] INFO  client.GrpcClientProtocolClient (GrpcClientProtocolClient.java:onNext(255)) - client-0C76110B8A2B->ed5d81fa-aaf0-49db-aa57-acca1dd387bd: receive RaftClientReply:client-0C76110B8A2B->ed5d81fa-aaf0-49db-aa57-acca1dd387bd@group-729F0664FEA8, cid=4287, SUCCESS, logIndex=6044, commits[ed5d81fa-aaf0-49db-aa57-acca1dd387bd:c6045]
2019-09-10 22:12:30,630 [grpc-default-executor-0] INFO  client.GrpcClientProtocolClient (GrpcClientProtocolClient.java:onNext(255)) - client-0C76110B8A2B->ed5d81fa-aaf0-49db-aa57-acca1dd387bd: receive RaftClientReply:client-0C76110B8A2B->ed5d81fa-aaf0-49db-aa57-acca1dd387bd@group-729F0664FEA8, cid=4288, SUCCESS, logIndex=6045, commits[ed5d81fa-aaf0-49db-aa57-acca1dd387bd:c6046]
2019-09-10 22:12:30,660 [grpc-default-executor-0] INFO  client.GrpcClientProtocolClient (GrpcClientProtocolClient.java:onNext(255)) - client-0C76110B8A2B->ed5d81fa-aaf0-49db-aa57-acca1dd387bd: receive RaftClientReply:client-0C76110B8A2B->ed5d81fa-aaf0-49db-aa57-acca1dd387bd@group-729F0664FEA8, cid=4289, SUCCESS, logIndex=6047, commits[ed5d81fa-aaf0-49db-aa57-acca1dd387bd:c6048]
2019-09-10 22:12:30,660 [grpc-default-executor-0] INFO  client.GrpcClientProtocolClient (GrpcClientProtocolClient.java:onNext(255)) - client-0C76110B8A2B->ed5d81fa-aaf0-49db-aa57-acca1dd387bd: receive RaftClientReply:client-0C76110B8A2B->ed5d81fa-aaf0-49db-aa57-acca1dd387bd@group-729F0664FEA8, cid=4290, SUCCESS, logIndex=6048, commits[ed5d81fa-aaf0-49db-aa57-acca1dd387bd:c6050]
2019-09-10 22:12:30,661 [grpc-default-executor-0] INFO  client.GrpcClientProtocolClient (GrpcClientProtocolClient.java:onNext(255)) - client-0C76110B8A2B->ed5d81fa-aaf0-49db-aa57-acca1dd387bd: receive RaftClientReply:client-0C76110B8A2B->ed5d81fa-aaf0-49db-aa57-acca1dd387bd@group-729F0664FEA8, cid=4291, SUCCESS, logIndex=6049, commits[ed5d81fa-aaf0-49db-aa57-acca1dd387bd:c6051]
2019-09-10 22:12:30,661 [grpc-default-executor-0] INFO  client.GrpcClientProtocolClient (GrpcClientProtocolClient.java:onNext(255)) - client-0C76110B8A2B->ed5d81fa-aaf0-49db-aa57-acca1dd387bd: receive RaftClientReply:client-0C76110B8A2B->ed5d81fa-aaf0-49db-aa57-acca1dd387bd@group-729F0664FEA8, cid=4292, SUCCESS, logIndex=6050, commits[ed5d81fa-aaf0-49db-aa57-acca1dd387bd:c6051]
2019-09-10 22:12:30,679 [grpc-default-executor-1] INFO  client.GrpcClientProtocolClient (GrpcClientProtocolClient.java:onNext(255)) - client-0C76110B8A2B->ed5d81fa-aaf0-49db-aa57-acca1dd387bd: receive RaftClientReply:client-0C76110B8A2B->ed5d81fa-aaf0-49db-aa57-acca1dd387bd@group-729F0664FEA8, cid=4293, SUCCESS, logIndex=6053, commits[ed5d81fa-aaf0-49db-aa57-acca1dd387bd:c6056]
2019-09-10 22:12:30,679 [grpc-default-executor-1] INFO  client.GrpcClientProtocolClient (GrpcClientProtocolClient.java:onNext(255)) - client-0C76110B8A2B->ed5d81fa-aaf0-49db-aa57-acca1dd387bd: receive RaftClientReply:client-0C76110B8A2B->ed5d81fa-aaf0-49db-aa57-acca1dd387bd@group-729F0664FEA8, cid=4294, SUCCESS, logIndex=6054, commits[ed5d81fa-aaf0-49db-aa57-acca1dd387bd:c6056]
2019-09-10 22:12:30,679 [grpc-default-executor-1] INFO  client.GrpcClientProtocolClient (GrpcClientProtocolClient.java:onNext(255)) - client-0C76110B8A2B->ed5d81fa-aaf0-49db-aa57-acca1dd387bd: receive RaftClientReply:client-0C76110B8A2B->ed5d81fa-aaf0-49db-aa57-acca1dd387bd@group-729F0664FEA8, cid=4295, SUCCESS, logIndex=6055, commits[ed5d81fa-aaf0-49db-aa57-acca1dd387bd:c6056]
2019-09-10 22:12:30,680 [grpc-default-executor-1] INFO  client.GrpcClientProtocolClient (GrpcClientProtocolClient.java:onNext(255)) - client-0C76110B8A2B->ed5d81fa-aaf0-49db-aa57-acca1dd387bd: receive RaftClientReply:client-0C76110B8A2B->ed5d81fa-aaf0-49db-aa57-acca1dd387bd@group-729F0664FEA8, cid=4296, SUCCESS, logIndex=6056, commits[ed5d81fa-aaf0-49db-aa57-acca1dd387bd:c6056]
2019-09-10 22:12:30,710 [SCMBlockDeletingService#0] DEBUG block.SCMBlockDeletingService (SCMBlockDeletingService.java:call(138)) - Running DeletedBlockTransactionScanner
2019-09-10 22:12:30,710 [SCMBlockDeletingService#0] DEBUG block.SCMBlockDeletingService (SCMBlockDeletingService.java:call(155)) - Scanned deleted blocks log and got 0 delTX to process.
2019-09-10 22:12:30,710 [grpc-default-executor-0] INFO  client.GrpcClientProtocolClient (GrpcClientProtocolClient.java:onNext(255)) - client-0C76110B8A2B->ed5d81fa-aaf0-49db-aa57-acca1dd387bd: receive RaftClientReply:client-0C76110B8A2B->ed5d81fa-aaf0-49db-aa57-acca1dd387bd@group-729F0664FEA8, cid=4297, SUCCESS, logIndex=6058, commits[ed5d81fa-aaf0-49db-aa57-acca1dd387bd:c6061]
2019-09-10 22:12:30,711 [grpc-default-executor-0] INFO  client.GrpcClientProtocolClient (GrpcClientProtocolClient.java:onNext(255)) - client-0C76110B8A2B->ed5d81fa-aaf0-49db-aa57-acca1dd387bd: receive RaftClientReply:client-0C76110B8A2B->ed5d81fa-aaf0-49db-aa57-acca1dd387bd@group-729F0664FEA8, cid=4298, SUCCESS, logIndex=6059, commits[ed5d81fa-aaf0-49db-aa57-acca1dd387bd:c6061]
2019-09-10 22:12:30,711 [grpc-default-executor-0] INFO  client.GrpcClientProtocolClient (GrpcClientProtocolClient.java:onNext(255)) - client-0C76110B8A2B->ed5d81fa-aaf0-49db-aa57-acca1dd387bd: receive RaftClientReply:client-0C76110B8A2B->ed5d81fa-aaf0-49db-aa57-acca1dd387bd@group-729F0664FEA8, cid=4299, SUCCESS, logIndex=6060, commits[ed5d81fa-aaf0-49db-aa57-acca1dd387bd:c6061]
2019-09-10 22:12:30,711 [grpc-default-executor-0] INFO  client.GrpcClientProtocolClient (GrpcClientProtocolClient.java:onNext(255)) - client-0C76110B8A2B->ed5d81fa-aaf0-49db-aa57-acca1dd387bd: receive RaftClientReply:client-0C76110B8A2B->ed5d81fa-aaf0-49db-aa57-acca1dd387bd@group-729F0664FEA8, cid=4300, SUCCESS, logIndex=6061, commits[ed5d81fa-aaf0-49db-aa57-acca1dd387bd:c6061]
2019-09-10 22:12:30,730 [grpc-default-executor-0] INFO  client.GrpcClientProtocolClient (GrpcClientProtocolClient.java:onNext(255)) - client-0C76110B8A2B->ed5d81fa-aaf0-49db-aa57-acca1dd387bd: receive RaftClientReply:client-0C76110B8A2B->ed5d81fa-aaf0-49db-aa57-acca1dd387bd@group-729F0664FEA8, cid=4301, SUCCESS, logIndex=6063, commits[ed5d81fa-aaf0-49db-aa57-acca1dd387bd:c6066]
2019-09-10 22:12:30,731 [grpc-default-executor-0] INFO  client.GrpcClientProtocolClient (GrpcClientProtocolClient.java:onNext(255)) - client-0C76110B8A2B->ed5d81fa-aaf0-49db-aa57-acca1dd387bd: receive RaftClientReply:client-0C76110B8A2B->ed5d81fa-aaf0-49db-aa57-acca1dd387bd@group-729F0664FEA8, cid=4302, SUCCESS, logIndex=6064, commits[ed5d81fa-aaf0-49db-aa57-acca1dd387bd:c6066]
2019-09-10 22:12:30,731 [grpc-default-executor-0] INFO  client.GrpcClientProtocolClient (GrpcClientProtocolClient.java:onNext(255)) - client-0C76110B8A2B->ed5d81fa-aaf0-49db-aa57-acca1dd387bd: receive RaftClientReply:client-0C76110B8A2B->ed5d81fa-aaf0-49db-aa57-acca1dd387bd@group-729F0664FEA8, cid=4303, SUCCESS, logIndex=6065, commits[ed5d81fa-aaf0-49db-aa57-acca1dd387bd:c6066]
2019-09-10 22:12:30,731 [grpc-default-executor-0] INFO  client.GrpcClientProtocolClient (GrpcClientProtocolClient.java:onNext(255)) - client-0C76110B8A2B->ed5d81fa-aaf0-49db-aa57-acca1dd387bd: receive RaftClientReply:client-0C76110B8A2B->ed5d81fa-aaf0-49db-aa57-acca1dd387bd@group-729F0664FEA8, cid=4304, SUCCESS, logIndex=6066, commits[ed5d81fa-aaf0-49db-aa57-acca1dd387bd:c6066]
2019-09-10 22:12:30,761 [grpc-default-executor-1] INFO  client.GrpcClientProtocolClient (GrpcClientProtocolClient.java:onNext(255)) - client-0C76110B8A2B->ed5d81fa-aaf0-49db-aa57-acca1dd387bd: receive RaftClientReply:client-0C76110B8A2B->ed5d81fa-aaf0-49db-aa57-acca1dd387bd@group-729F0664FEA8, cid=4305, SUCCESS, logIndex=6068, commits[ed5d81fa-aaf0-49db-aa57-acca1dd387bd:c6071]
2019-09-10 22:12:30,762 [grpc-default-executor-1] INFO  client.GrpcClientProtocolClient (GrpcClientProtocolClient.java:onNext(255)) - client-0C76110B8A2B->ed5d81fa-aaf0-49db-aa57-acca1dd387bd: receive RaftClientReply:client-0C76110B8A2B->ed5d81fa-aaf0-49db-aa57-acca1dd387bd@group-729F0664FEA8, cid=4306, SUCCESS, logIndex=6069, commits[ed5d81fa-aaf0-49db-aa57-acca1dd387bd:c6071]
2019-09-10 22:12:30,762 [grpc-default-executor-1] INFO  client.GrpcClientProtocolClient (GrpcClientProtocolClient.java:onNext(255)) - client-0C76110B8A2B->ed5d81fa-aaf0-49db-aa57-acca1dd387bd: receive RaftClientReply:client-0C76110B8A2B->ed5d81fa-aaf0-49db-aa57-acca1dd387bd@group-729F0664FEA8, cid=4307, SUCCESS, logIndex=6070, commits[ed5d81fa-aaf0-49db-aa57-acca1dd387bd:c6071]
2019-09-10 22:12:30,762 [grpc-default-executor-1] INFO  client.GrpcClientProtocolClient (GrpcClientProtocolClient.java:onNext(255)) - client-0C76110B8A2B->ed5d81fa-aaf0-49db-aa57-acca1dd387bd: receive RaftClientReply:client-0C76110B8A2B->ed5d81fa-aaf0-49db-aa57-acca1dd387bd@group-729F0664FEA8, cid=4308, SUCCESS, logIndex=6071, commits[ed5d81fa-aaf0-49db-aa57-acca1dd387bd:c6071]
2019-09-10 22:12:30,780 [grpc-default-executor-1] INFO  client.GrpcClientProtocolClient (GrpcClientProtocolClient.java:onNext(255)) - client-0C76110B8A2B->ed5d81fa-aaf0-49db-aa57-acca1dd387bd: receive RaftClientReply:client-0C76110B8A2B->ed5d81fa-aaf0-49db-aa57-acca1dd387bd@group-729F0664FEA8, cid=4309, SUCCESS, logIndex=6073, commits[ed5d81fa-aaf0-49db-aa57-acca1dd387bd:c6076]
2019-09-10 22:12:30,780 [grpc-default-executor-1] INFO  client.GrpcClientProtocolClient (GrpcClientProtocolClient.java:onNext(255)) - client-0C76110B8A2B->ed5d81fa-aaf0-49db-aa57-acca1dd387bd: receive RaftClientReply:client-0C76110B8A2B->ed5d81fa-aaf0-49db-aa57-acca1dd387bd@group-729F0664FEA8, cid=4310, SUCCESS, logIndex=6074, commits[ed5d81fa-aaf0-49db-aa57-acca1dd387bd:c6076]
2019-09-10 22:12:30,780 [grpc-default-executor-1] INFO  client.GrpcClientProtocolClient (GrpcClientProtocolClient.java:onNext(255)) - client-0C76110B8A2B->ed5d81fa-aaf0-49db-aa57-acca1dd387bd: receive RaftClientReply:client-0C76110B8A2B->ed5d81fa-aaf0-49db-aa57-acca1dd387bd@group-729F0664FEA8, cid=4311, SUCCESS, logIndex=6075, commits[ed5d81fa-aaf0-49db-aa57-acca1dd387bd:c6076]
2019-09-10 22:12:30,781 [grpc-default-executor-1] INFO  client.GrpcClientProtocolClient (GrpcClientProtocolClient.java:onNext(255)) - client-0C76110B8A2B->ed5d81fa-aaf0-49db-aa57-acca1dd387bd: receive RaftClientReply:client-0C76110B8A2B->ed5d81fa-aaf0-49db-aa57-acca1dd387bd@group-729F0664FEA8, cid=4312, SUCCESS, logIndex=6076, commits[ed5d81fa-aaf0-49db-aa57-acca1dd387bd:c6076]
2019-09-10 22:12:30,808 [grpc-default-executor-0] INFO  client.GrpcClientProtocolClient (GrpcClientProtocolClient.java:onNext(255)) - client-0C76110B8A2B->ed5d81fa-aaf0-49db-aa57-acca1dd387bd: receive RaftClientReply:client-0C76110B8A2B->ed5d81fa-aaf0-49db-aa57-acca1dd387bd@group-729F0664FEA8, cid=4313, SUCCESS, logIndex=6078, commits[ed5d81fa-aaf0-49db-aa57-acca1dd387bd:c6081]
2019-09-10 22:12:30,808 [grpc-default-executor-0] INFO  client.GrpcClientProtocolClient (GrpcClientProtocolClient.java:onNext(255)) - client-0C76110B8A2B->ed5d81fa-aaf0-49db-aa57-acca1dd387bd: receive RaftClientReply:client-0C76110B8A2B->ed5d81fa-aaf0-49db-aa57-acca1dd387bd@group-729F0664FEA8, cid=4314, SUCCESS, logIndex=6079, commits[ed5d81fa-aaf0-49db-aa57-acca1dd387bd:c6081]
2019-09-10 22:12:30,809 [grpc-default-executor-0] INFO  client.GrpcClientProtocolClient (GrpcClientProtocolClient.java:onNext(255)) - client-0C76110B8A2B->ed5d81fa-aaf0-49db-aa57-acca1dd387bd: receive RaftClientReply:client-0C76110B8A2B->ed5d81fa-aaf0-49db-aa57-acca1dd387bd@group-729F0664FEA8, cid=4315, SUCCESS, logIndex=6080, commits[ed5d81fa-aaf0-49db-aa57-acca1dd387bd:c6082]
2019-09-10 22:12:30,809 [grpc-default-executor-0] INFO  client.GrpcClientProtocolClient (GrpcClientProtocolClient.java:onNext(255)) - client-0C76110B8A2B->ed5d81fa-aaf0-49db-aa57-acca1dd387bd: receive RaftClientReply:client-0C76110B8A2B->ed5d81fa-aaf0-49db-aa57-acca1dd387bd@group-729F0664FEA8, cid=4316, SUCCESS, logIndex=6081, commits[ed5d81fa-aaf0-49db-aa57-acca1dd387bd:c6082]
2019-09-10 22:12:30,810 [SCMBlockDeletingService#0] DEBUG block.SCMBlockDeletingService (SCMBlockDeletingService.java:call(138)) - Running DeletedBlockTransactionScanner
2019-09-10 22:12:30,811 [SCMBlockDeletingService#0] DEBUG block.SCMBlockDeletingService (SCMBlockDeletingService.java:call(155)) - Scanned deleted blocks log and got 0 delTX to process.
2019-09-10 22:12:30,817 [grpc-default-executor-0] INFO  client.GrpcClientProtocolClient (GrpcClientProtocolClient.java:onNext(255)) - client-0C76110B8A2B->ed5d81fa-aaf0-49db-aa57-acca1dd387bd: receive RaftClientReply:client-0C76110B8A2B->ed5d81fa-aaf0-49db-aa57-acca1dd387bd@group-729F0664FEA8, cid=4317, SUCCESS, logIndex=6083, commits[ed5d81fa-aaf0-49db-aa57-acca1dd387bd:c6084]
2019-09-10 22:12:30,817 [grpc-default-executor-0] INFO  client.GrpcClientProtocolClient (GrpcClientProtocolClient.java:onNext(255)) - client-0C76110B8A2B->ed5d81fa-aaf0-49db-aa57-acca1dd387bd: receive RaftClientReply:client-0C76110B8A2B->ed5d81fa-aaf0-49db-aa57-acca1dd387bd@group-729F0664FEA8, cid=4318, SUCCESS, logIndex=6084, commits[ed5d81fa-aaf0-49db-aa57-acca1dd387bd:c6084]
2019-09-10 22:12:30,818 [grpc-default-executor-0] INFO  client.GrpcClientProtocolClient (GrpcClientProtocolClient.java:onNext(255)) - client-0C76110B8A2B->ed5d81fa-aaf0-49db-aa57-acca1dd387bd: receive RaftClientReply:client-0C76110B8A2B->ed5d81fa-aaf0-49db-aa57-acca1dd387bd@group-729F0664FEA8, cid=4319, SUCCESS, logIndex=6085, commits[ed5d81fa-aaf0-49db-aa57-acca1dd387bd:c6087]
2019-09-10 22:12:30,818 [grpc-default-executor-0] INFO  client.GrpcClientProtocolClient (GrpcClientProtocolClient.java:onNext(255)) - client-0C76110B8A2B->ed5d81fa-aaf0-49db-aa57-acca1dd387bd: receive RaftClientReply:client-0C76110B8A2B->ed5d81fa-aaf0-49db-aa57-acca1dd387bd@group-729F0664FEA8, cid=4320, SUCCESS, logIndex=6086, commits[ed5d81fa-aaf0-49db-aa57-acca1dd387bd:c6087]
2019-09-10 22:12:30,836 [grpc-default-executor-1] INFO  client.GrpcClientProtocolClient (GrpcClientProtocolClient.java:onNext(255)) - client-0C76110B8A2B->ed5d81fa-aaf0-49db-aa57-acca1dd387bd: receive RaftClientReply:client-0C76110B8A2B->ed5d81fa-aaf0-49db-aa57-acca1dd387bd@group-729F0664FEA8, cid=4321, SUCCESS, logIndex=6088, commits[ed5d81fa-aaf0-49db-aa57-acca1dd387bd:c6089]
2019-09-10 22:12:30,836 [grpc-default-executor-1] INFO  client.GrpcClientProtocolClient (GrpcClientProtocolClient.java:onNext(255)) - client-0C76110B8A2B->ed5d81fa-aaf0-49db-aa57-acca1dd387bd: receive RaftClientReply:client-0C76110B8A2B->ed5d81fa-aaf0-49db-aa57-acca1dd387bd@group-729F0664FEA8, cid=4322, SUCCESS, logIndex=6089, commits[ed5d81fa-aaf0-49db-aa57-acca1dd387bd:c6089]
2019-09-10 22:12:30,838 [grpc-default-executor-1] INFO  client.GrpcClientProtocolClient (GrpcClientProtocolClient.java:onNext(255)) - client-0C76110B8A2B->ed5d81fa-aaf0-49db-aa57-acca1dd387bd: receive RaftClientReply:client-0C76110B8A2B->ed5d81fa-aaf0-49db-aa57-acca1dd387bd@group-729F0664FEA8, cid=4323, SUCCESS, logIndex=6090, commits[ed5d81fa-aaf0-49db-aa57-acca1dd387bd:c6092]
2019-09-10 22:12:30,838 [grpc-default-executor-1] INFO  client.GrpcClientProtocolClient (GrpcClientProtocolClient.java:onNext(255)) - client-0C76110B8A2B->ed5d81fa-aaf0-49db-aa57-acca1dd387bd: receive RaftClientReply:client-0C76110B8A2B->ed5d81fa-aaf0-49db-aa57-acca1dd387bd@group-729F0664FEA8, cid=4324, SUCCESS, logIndex=6091, commits[ed5d81fa-aaf0-49db-aa57-acca1dd387bd:c6092]
2019-09-10 22:12:30,847 [grpc-default-executor-1] INFO  client.GrpcClientProtocolClient (GrpcClientProtocolClient.java:onNext(255)) - client-0C76110B8A2B->ed5d81fa-aaf0-49db-aa57-acca1dd387bd: receive RaftClientReply:client-0C76110B8A2B->ed5d81fa-aaf0-49db-aa57-acca1dd387bd@group-729F0664FEA8, cid=4325, SUCCESS, logIndex=6093, commits[ed5d81fa-aaf0-49db-aa57-acca1dd387bd:c6094]
2019-09-10 22:12:30,847 [grpc-default-executor-1] INFO  client.GrpcClientProtocolClient (GrpcClientProtocolClient.java:onNext(255)) - client-0C76110B8A2B->ed5d81fa-aaf0-49db-aa57-acca1dd387bd: receive RaftClientReply:client-0C76110B8A2B->ed5d81fa-aaf0-49db-aa57-acca1dd387bd@group-729F0664FEA8, cid=4326, SUCCESS, logIndex=6094, commits[ed5d81fa-aaf0-49db-aa57-acca1dd387bd:c6094]
2019-09-10 22:12:30,849 [grpc-default-executor-1] INFO  client.GrpcClientProtocolClient (GrpcClientProtocolClient.java:onNext(255)) - client-0C76110B8A2B->ed5d81fa-aaf0-49db-aa57-acca1dd387bd: receive RaftClientReply:client-0C76110B8A2B->ed5d81fa-aaf0-49db-aa57-acca1dd387bd@group-729F0664FEA8, cid=4327, SUCCESS, logIndex=6095, commits[ed5d81fa-aaf0-49db-aa57-acca1dd387bd:c6097]
2019-09-10 22:12:30,850 [grpc-default-executor-1] INFO  client.GrpcClientProtocolClient (GrpcClientProtocolClient.java:onNext(255)) - client-0C76110B8A2B->ed5d81fa-aaf0-49db-aa57-acca1dd387bd: receive RaftClientReply:client-0C76110B8A2B->ed5d81fa-aaf0-49db-aa57-acca1dd387bd@group-729F0664FEA8, cid=4328, SUCCESS, logIndex=6096, commits[ed5d81fa-aaf0-49db-aa57-acca1dd387bd:c6097]
2019-09-10 22:12:30,939 [SCMBlockDeletingService#1] DEBUG block.SCMBlockDeletingService (SCMBlockDeletingService.java:call(138)) - Running DeletedBlockTransactionScanner
2019-09-10 22:12:30,939 [SCMBlockDeletingService#1] DEBUG block.SCMBlockDeletingService (SCMBlockDeletingService.java:call(155)) - Scanned deleted blocks log and got 0 delTX to process.
2019-09-10 22:12:30,955 [grpc-default-executor-1] INFO  client.GrpcClientProtocolClient (GrpcClientProtocolClient.java:onNext(255)) - client-0C76110B8A2B->ed5d81fa-aaf0-49db-aa57-acca1dd387bd: receive RaftClientReply:client-0C76110B8A2B->ed5d81fa-aaf0-49db-aa57-acca1dd387bd@group-729F0664FEA8, cid=4329, SUCCESS, logIndex=6098, commits[ed5d81fa-aaf0-49db-aa57-acca1dd387bd:c6099]
2019-09-10 22:12:30,956 [grpc-default-executor-1] INFO  client.GrpcClientProtocolClient (GrpcClientProtocolClient.java:onNext(255)) - client-0C76110B8A2B->ed5d81fa-aaf0-49db-aa57-acca1dd387bd: receive RaftClientReply:client-0C76110B8A2B->ed5d81fa-aaf0-49db-aa57-acca1dd387bd@group-729F0664FEA8, cid=4330, SUCCESS, logIndex=6099, commits[ed5d81fa-aaf0-49db-aa57-acca1dd387bd:c6100]
2019-09-10 22:12:31,040 [SCMBlockDeletingService#1] DEBUG block.SCMBlockDeletingService (SCMBlockDeletingService.java:call(138)) - Running DeletedBlockTransactionScanner
2019-09-10 22:12:31,040 [SCMBlockDeletingService#1] DEBUG block.SCMBlockDeletingService (SCMBlockDeletingService.java:call(155)) - Scanned deleted blocks log and got 0 delTX to process.
2019-09-10 22:12:31,050 [grpc-default-executor-0] INFO  client.GrpcClientProtocolClient (GrpcClientProtocolClient.java:onNext(255)) - client-0C76110B8A2B->ed5d81fa-aaf0-49db-aa57-acca1dd387bd: receive RaftClientReply:client-0C76110B8A2B->ed5d81fa-aaf0-49db-aa57-acca1dd387bd@group-729F0664FEA8, cid=4331, SUCCESS, logIndex=6101, commits[ed5d81fa-aaf0-49db-aa57-acca1dd387bd:c6102]
2019-09-10 22:12:31,051 [grpc-default-executor-0] INFO  client.GrpcClientProtocolClient (GrpcClientProtocolClient.java:onNext(255)) - client-0C76110B8A2B->ed5d81fa-aaf0-49db-aa57-acca1dd387bd: receive RaftClientReply:client-0C76110B8A2B->ed5d81fa-aaf0-49db-aa57-acca1dd387bd@group-729F0664FEA8, cid=4332, SUCCESS, logIndex=6102, commits[ed5d81fa-aaf0-49db-aa57-acca1dd387bd:c6103]
2019-09-10 22:12:31,072 [grpc-default-executor-0] INFO  client.GrpcClientProtocolClient (GrpcClientProtocolClient.java:onNext(255)) - client-0C76110B8A2B->ed5d81fa-aaf0-49db-aa57-acca1dd387bd: receive RaftClientReply:client-0C76110B8A2B->ed5d81fa-aaf0-49db-aa57-acca1dd387bd@group-729F0664FEA8, cid=4333, SUCCESS, logIndex=6104, commits[ed5d81fa-aaf0-49db-aa57-acca1dd387bd:c6105]
2019-09-10 22:12:31,072 [grpc-default-executor-0] INFO  client.GrpcClientProtocolClient (GrpcClientProtocolClient.java:onNext(255)) - client-0C76110B8A2B->ed5d81fa-aaf0-49db-aa57-acca1dd387bd: receive RaftClientReply:client-0C76110B8A2B->ed5d81fa-aaf0-49db-aa57-acca1dd387bd@group-729F0664FEA8, cid=4334, SUCCESS, logIndex=6105, commits[ed5d81fa-aaf0-49db-aa57-acca1dd387bd:c6107]
2019-09-10 22:12:31,072 [grpc-default-executor-0] INFO  client.GrpcClientProtocolClient (GrpcClientProtocolClient.java:onNext(255)) - client-0C76110B8A2B->ed5d81fa-aaf0-49db-aa57-acca1dd387bd: receive RaftClientReply:client-0C76110B8A2B->ed5d81fa-aaf0-49db-aa57-acca1dd387bd@group-729F0664FEA8, cid=4335, SUCCESS, logIndex=6106, commits[ed5d81fa-aaf0-49db-aa57-acca1dd387bd:c6108]
2019-09-10 22:12:31,073 [grpc-default-executor-0] INFO  client.GrpcClientProtocolClient (GrpcClientProtocolClient.java:onNext(255)) - client-0C76110B8A2B->ed5d81fa-aaf0-49db-aa57-acca1dd387bd: receive RaftClientReply:client-0C76110B8A2B->ed5d81fa-aaf0-49db-aa57-acca1dd387bd@group-729F0664FEA8, cid=4336, SUCCESS, logIndex=6107, commits[ed5d81fa-aaf0-49db-aa57-acca1dd387bd:c6108]
2019-09-10 22:12:31,106 [grpc-default-executor-0] INFO  client.GrpcClientProtocolClient (GrpcClientProtocolClient.java:onNext(255)) - client-0C76110B8A2B->ed5d81fa-aaf0-49db-aa57-acca1dd387bd: receive RaftClientReply:client-0C76110B8A2B->ed5d81fa-aaf0-49db-aa57-acca1dd387bd@group-729F0664FEA8, cid=4337, SUCCESS, logIndex=6110, commits[ed5d81fa-aaf0-49db-aa57-acca1dd387bd:c6113]
2019-09-10 22:12:31,107 [grpc-default-executor-0] INFO  client.GrpcClientProtocolClient (GrpcClientProtocolClient.java:onNext(255)) - client-0C76110B8A2B->ed5d81fa-aaf0-49db-aa57-acca1dd387bd: receive RaftClientReply:client-0C76110B8A2B->ed5d81fa-aaf0-49db-aa57-acca1dd387bd@group-729F0664FEA8, cid=4338, SUCCESS, logIndex=6111, commits[ed5d81fa-aaf0-49db-aa57-acca1dd387bd:c6113]
2019-09-10 22:12:31,107 [grpc-default-executor-0] INFO  client.GrpcClientProtocolClient (GrpcClientProtocolClient.java:onNext(255)) - client-0C76110B8A2B->ed5d81fa-aaf0-49db-aa57-acca1dd387bd: receive RaftClientReply:client-0C76110B8A2B->ed5d81fa-aaf0-49db-aa57-acca1dd387bd@group-729F0664FEA8, cid=4339, SUCCESS, logIndex=6112, commits[ed5d81fa-aaf0-49db-aa57-acca1dd387bd:c6114]
2019-09-10 22:12:31,107 [grpc-default-executor-0] INFO  client.GrpcClientProtocolClient (GrpcClientProtocolClient.java:onNext(255)) - client-0C76110B8A2B->ed5d81fa-aaf0-49db-aa57-acca1dd387bd: receive RaftClientReply:client-0C76110B8A2B->ed5d81fa-aaf0-49db-aa57-acca1dd387bd@group-729F0664FEA8, cid=4340, SUCCESS, logIndex=6113, commits[ed5d81fa-aaf0-49db-aa57-acca1dd387bd:c6114]
2019-09-10 22:12:31,124 [grpc-default-executor-0] INFO  client.GrpcClientProtocolClient (GrpcClientProtocolClient.java:onNext(255)) - client-0C76110B8A2B->ed5d81fa-aaf0-49db-aa57-acca1dd387bd: receive RaftClientReply:client-0C76110B8A2B->ed5d81fa-aaf0-49db-aa57-acca1dd387bd@group-729F0664FEA8, cid=4341, SUCCESS, logIndex=6116, commits[ed5d81fa-aaf0-49db-aa57-acca1dd387bd:c6117]
2019-09-10 22:12:31,125 [grpc-default-executor-0] INFO  client.GrpcClientProtocolClient (GrpcClientProtocolClient.java:onNext(255)) - client-0C76110B8A2B->ed5d81fa-aaf0-49db-aa57-acca1dd387bd: receive RaftClientReply:client-0C76110B8A2B->ed5d81fa-aaf0-49db-aa57-acca1dd387bd@group-729F0664FEA8, cid=4342, SUCCESS, logIndex=6117, commits[ed5d81fa-aaf0-49db-aa57-acca1dd387bd:c6117]
2019-09-10 22:12:31,125 [grpc-default-executor-0] INFO  client.GrpcClientProtocolClient (GrpcClientProtocolClient.java:onNext(255)) - client-0C76110B8A2B->ed5d81fa-aaf0-49db-aa57-acca1dd387bd: receive RaftClientReply:client-0C76110B8A2B->ed5d81fa-aaf0-49db-aa57-acca1dd387bd@group-729F0664FEA8, cid=4343, SUCCESS, logIndex=6118, commits[ed5d81fa-aaf0-49db-aa57-acca1dd387bd:c6119]
2019-09-10 22:12:31,125 [grpc-default-executor-0] INFO  client.GrpcClientProtocolClient (GrpcClientProtocolClient.java:onNext(255)) - client-0C76110B8A2B->ed5d81fa-aaf0-49db-aa57-acca1dd387bd: receive RaftClientReply:client-0C76110B8A2B->ed5d81fa-aaf0-49db-aa57-acca1dd387bd@group-729F0664FEA8, cid=4344, SUCCESS, logIndex=6119, commits[ed5d81fa-aaf0-49db-aa57-acca1dd387bd:c6120]
2019-09-10 22:12:31,140 [SCMBlockDeletingService#1] DEBUG block.SCMBlockDeletingService (SCMBlockDeletingService.java:call(138)) - Running DeletedBlockTransactionScanner
2019-09-10 22:12:31,141 [SCMBlockDeletingService#1] DEBUG block.SCMBlockDeletingService (SCMBlockDeletingService.java:call(155)) - Scanned deleted blocks log and got 0 delTX to process.
2019-09-10 22:12:31,153 [grpc-default-executor-0] INFO  client.GrpcClientProtocolClient (GrpcClientProtocolClient.java:onNext(255)) - client-0C76110B8A2B->ed5d81fa-aaf0-49db-aa57-acca1dd387bd: receive RaftClientReply:client-0C76110B8A2B->ed5d81fa-aaf0-49db-aa57-acca1dd387bd@group-729F0664FEA8, cid=4345, SUCCESS, logIndex=6122, commits[ed5d81fa-aaf0-49db-aa57-acca1dd387bd:c6125]
2019-09-10 22:12:31,153 [grpc-default-executor-0] INFO  client.GrpcClientProtocolClient (GrpcClientProtocolClient.java:onNext(255)) - client-0C76110B8A2B->ed5d81fa-aaf0-49db-aa57-acca1dd387bd: receive RaftClientReply:client-0C76110B8A2B->ed5d81fa-aaf0-49db-aa57-acca1dd387bd@group-729F0664FEA8, cid=4346, SUCCESS, logIndex=6123, commits[ed5d81fa-aaf0-49db-aa57-acca1dd387bd:c6126]
2019-09-10 22:12:31,154 [grpc-default-executor-0] INFO  client.GrpcClientProtocolClient (GrpcClientProtocolClient.java:onNext(255)) - client-0C76110B8A2B->ed5d81fa-aaf0-49db-aa57-acca1dd387bd: receive RaftClientReply:client-0C76110B8A2B->ed5d81fa-aaf0-49db-aa57-acca1dd387bd@group-729F0664FEA8, cid=4347, SUCCESS, logIndex=6124, commits[ed5d81fa-aaf0-49db-aa57-acca1dd387bd:c6126]
2019-09-10 22:12:31,154 [grpc-default-executor-0] INFO  client.GrpcClientProtocolClient (GrpcClientProtocolClient.java:onNext(255)) - client-0C76110B8A2B->ed5d81fa-aaf0-49db-aa57-acca1dd387bd: receive RaftClientReply:client-0C76110B8A2B->ed5d81fa-aaf0-49db-aa57-acca1dd387bd@group-729F0664FEA8, cid=4348, SUCCESS, logIndex=6125, commits[ed5d81fa-aaf0-49db-aa57-acca1dd387bd:c6126]
2019-09-10 22:12:31,162 [grpc-default-executor-1] INFO  client.GrpcClientProtocolClient (GrpcClientProtocolClient.java:onNext(255)) - client-0C76110B8A2B->ed5d81fa-aaf0-49db-aa57-acca1dd387bd: receive RaftClientReply:client-0C76110B8A2B->ed5d81fa-aaf0-49db-aa57-acca1dd387bd@group-729F0664FEA8, cid=4349, SUCCESS, logIndex=6127, commits[ed5d81fa-aaf0-49db-aa57-acca1dd387bd:c6128]
2019-09-10 22:12:31,163 [grpc-default-executor-1] INFO  client.GrpcClientProtocolClient (GrpcClientProtocolClient.java:onNext(255)) - client-0C76110B8A2B->ed5d81fa-aaf0-49db-aa57-acca1dd387bd: receive RaftClientReply:client-0C76110B8A2B->ed5d81fa-aaf0-49db-aa57-acca1dd387bd@group-729F0664FEA8, cid=4350, SUCCESS, logIndex=6128, commits[ed5d81fa-aaf0-49db-aa57-acca1dd387bd:c6128]
2019-09-10 22:12:31,164 [grpc-default-executor-1] INFO  client.GrpcClientProtocolClient (GrpcClientProtocolClient.java:onNext(255)) - client-0C76110B8A2B->ed5d81fa-aaf0-49db-aa57-acca1dd387bd: receive RaftClientReply:client-0C76110B8A2B->ed5d81fa-aaf0-49db-aa57-acca1dd387bd@group-729F0664FEA8, cid=4351, SUCCESS, logIndex=6129, commits[ed5d81fa-aaf0-49db-aa57-acca1dd387bd:c6131]
2019-09-10 22:12:31,165 [grpc-default-executor-1] INFO  client.GrpcClientProtocolClient (GrpcClientProtocolClient.java:onNext(255)) - client-0C76110B8A2B->ed5d81fa-aaf0-49db-aa57-acca1dd387bd: receive RaftClientReply:client-0C76110B8A2B->ed5d81fa-aaf0-49db-aa57-acca1dd387bd@group-729F0664FEA8, cid=4352, SUCCESS, logIndex=6130, commits[ed5d81fa-aaf0-49db-aa57-acca1dd387bd:c6131]
2019-09-10 22:12:31,191 [grpc-default-executor-1] INFO  client.GrpcClientProtocolClient (GrpcClientProtocolClient.java:onNext(255)) - client-0C76110B8A2B->ed5d81fa-aaf0-49db-aa57-acca1dd387bd: receive RaftClientReply:client-0C76110B8A2B->ed5d81fa-aaf0-49db-aa57-acca1dd387bd@group-729F0664FEA8, cid=4353, SUCCESS, logIndex=6132, commits[ed5d81fa-aaf0-49db-aa57-acca1dd387bd:c6133]
2019-09-10 22:12:31,192 [grpc-default-executor-1] INFO  client.GrpcClientProtocolClient (GrpcClientProtocolClient.java:onNext(255)) - client-0C76110B8A2B->ed5d81fa-aaf0-49db-aa57-acca1dd387bd: receive RaftClientReply:client-0C76110B8A2B->ed5d81fa-aaf0-49db-aa57-acca1dd387bd@group-729F0664FEA8, cid=4354, SUCCESS, logIndex=6133, commits[ed5d81fa-aaf0-49db-aa57-acca1dd387bd:c6135]
2019-09-10 22:12:31,192 [grpc-default-executor-1] INFO  client.GrpcClientProtocolClient (GrpcClientProtocolClient.java:onNext(255)) - client-0C76110B8A2B->ed5d81fa-aaf0-49db-aa57-acca1dd387bd: receive RaftClientReply:client-0C76110B8A2B->ed5d81fa-aaf0-49db-aa57-acca1dd387bd@group-729F0664FEA8, cid=4355, SUCCESS, logIndex=6134, commits[ed5d81fa-aaf0-49db-aa57-acca1dd387bd:c6136]
2019-09-10 22:12:31,192 [grpc-default-executor-1] INFO  client.GrpcClientProtocolClient (GrpcClientProtocolClient.java:onNext(255)) - client-0C76110B8A2B->ed5d81fa-aaf0-49db-aa57-acca1dd387bd: receive RaftClientReply:client-0C76110B8A2B->ed5d81fa-aaf0-49db-aa57-acca1dd387bd@group-729F0664FEA8, cid=4356, SUCCESS, logIndex=6135, commits[ed5d81fa-aaf0-49db-aa57-acca1dd387bd:c6137]
2019-09-10 22:12:31,211 [grpc-default-executor-0] INFO  client.GrpcClientProtocolClient (GrpcClientProtocolClient.java:onNext(255)) - client-0C76110B8A2B->ed5d81fa-aaf0-49db-aa57-acca1dd387bd: receive RaftClientReply:client-0C76110B8A2B->ed5d81fa-aaf0-49db-aa57-acca1dd387bd@group-729F0664FEA8, cid=4357, SUCCESS, logIndex=6138, commits[ed5d81fa-aaf0-49db-aa57-acca1dd387bd:c6141]
2019-09-10 22:12:31,211 [grpc-default-executor-0] INFO  client.GrpcClientProtocolClient (GrpcClientProtocolClient.java:onNext(255)) - client-0C76110B8A2B->ed5d81fa-aaf0-49db-aa57-acca1dd387bd: receive RaftClientReply:client-0C76110B8A2B->ed5d81fa-aaf0-49db-aa57-acca1dd387bd@group-729F0664FEA8, cid=4358, SUCCESS, logIndex=6139, commits[ed5d81fa-aaf0-49db-aa57-acca1dd387bd:c6141]
2019-09-10 22:12:31,211 [grpc-default-executor-0] INFO  client.GrpcClientProtocolClient (GrpcClientProtocolClient.java:onNext(255)) - client-0C76110B8A2B->ed5d81fa-aaf0-49db-aa57-acca1dd387bd: receive RaftClientReply:client-0C76110B8A2B->ed5d81fa-aaf0-49db-aa57-acca1dd387bd@group-729F0664FEA8, cid=4359, SUCCESS, logIndex=6140, commits[ed5d81fa-aaf0-49db-aa57-acca1dd387bd:c6142]
2019-09-10 22:12:31,211 [grpc-default-executor-0] INFO  client.GrpcClientProtocolClient (GrpcClientProtocolClient.java:onNext(255)) - client-0C76110B8A2B->ed5d81fa-aaf0-49db-aa57-acca1dd387bd: receive RaftClientReply:client-0C76110B8A2B->ed5d81fa-aaf0-49db-aa57-acca1dd387bd@group-729F0664FEA8, cid=4360, SUCCESS, logIndex=6141, commits[ed5d81fa-aaf0-49db-aa57-acca1dd387bd:c6142]
2019-09-10 22:12:31,241 [SCMBlockDeletingService#1] DEBUG block.SCMBlockDeletingService (SCMBlockDeletingService.java:call(138)) - Running DeletedBlockTransactionScanner
2019-09-10 22:12:31,241 [SCMBlockDeletingService#1] DEBUG block.SCMBlockDeletingService (SCMBlockDeletingService.java:call(155)) - Scanned deleted blocks log and got 0 delTX to process.
2019-09-10 22:12:31,245 [grpc-default-executor-0] INFO  client.GrpcClientProtocolClient (GrpcClientProtocolClient.java:onNext(255)) - client-0C76110B8A2B->ed5d81fa-aaf0-49db-aa57-acca1dd387bd: receive RaftClientReply:client-0C76110B8A2B->ed5d81fa-aaf0-49db-aa57-acca1dd387bd@group-729F0664FEA8, cid=4361, SUCCESS, logIndex=6143, commits[ed5d81fa-aaf0-49db-aa57-acca1dd387bd:c6146]
2019-09-10 22:12:31,245 [grpc-default-executor-0] INFO  client.GrpcClientProtocolClient (GrpcClientProtocolClient.java:onNext(255)) - client-0C76110B8A2B->ed5d81fa-aaf0-49db-aa57-acca1dd387bd: receive RaftClientReply:client-0C76110B8A2B->ed5d81fa-aaf0-49db-aa57-acca1dd387bd@group-729F0664FEA8, cid=4362, SUCCESS, logIndex=6144, commits[ed5d81fa-aaf0-49db-aa57-acca1dd387bd:c6147]
2019-09-10 22:12:31,246 [grpc-default-executor-0] INFO  client.GrpcClientProtocolClient (GrpcClientProtocolClient.java:onNext(255)) - client-0C76110B8A2B->ed5d81fa-aaf0-49db-aa57-acca1dd387bd: receive RaftClientReply:client-0C76110B8A2B->ed5d81fa-aaf0-49db-aa57-acca1dd387bd@group-729F0664FEA8, cid=4363, SUCCESS, logIndex=6145, commits[ed5d81fa-aaf0-49db-aa57-acca1dd387bd:c6147]
2019-09-10 22:12:31,246 [grpc-default-executor-0] INFO  client.GrpcClientProtocolClient (GrpcClientProtocolClient.java:onNext(255)) - client-0C76110B8A2B->ed5d81fa-aaf0-49db-aa57-acca1dd387bd: receive RaftClientReply:client-0C76110B8A2B->ed5d81fa-aaf0-49db-aa57-acca1dd387bd@group-729F0664FEA8, cid=4364, SUCCESS, logIndex=6146, commits[ed5d81fa-aaf0-49db-aa57-acca1dd387bd:c6147]
2019-09-10 22:12:31,263 [grpc-default-executor-0] INFO  client.GrpcClientProtocolClient (GrpcClientProtocolClient.java:onNext(255)) - client-0C76110B8A2B->ed5d81fa-aaf0-49db-aa57-acca1dd387bd: receive RaftClientReply:client-0C76110B8A2B->ed5d81fa-aaf0-49db-aa57-acca1dd387bd@group-729F0664FEA8, cid=4365, SUCCESS, logIndex=6148, commits[ed5d81fa-aaf0-49db-aa57-acca1dd387bd:c6149]
2019-09-10 22:12:31,263 [grpc-default-executor-0] INFO  client.GrpcClientProtocolClient (GrpcClientProtocolClient.java:onNext(255)) - client-0C76110B8A2B->ed5d81fa-aaf0-49db-aa57-acca1dd387bd: receive RaftClientReply:client-0C76110B8A2B->ed5d81fa-aaf0-49db-aa57-acca1dd387bd@group-729F0664FEA8, cid=4366, SUCCESS, logIndex=6149, commits[ed5d81fa-aaf0-49db-aa57-acca1dd387bd:c6151]
2019-09-10 22:12:31,264 [grpc-default-executor-0] INFO  client.GrpcClientProtocolClient (GrpcClientProtocolClient.java:onNext(255)) - client-0C76110B8A2B->ed5d81fa-aaf0-49db-aa57-acca1dd387bd: receive RaftClientReply:client-0C76110B8A2B->ed5d81fa-aaf0-49db-aa57-acca1dd387bd@group-729F0664FEA8, cid=4367, SUCCESS, logIndex=6150, commits[ed5d81fa-aaf0-49db-aa57-acca1dd387bd:c6152]
2019-09-10 22:12:31,264 [grpc-default-executor-0] INFO  client.GrpcClientProtocolClient (GrpcClientProtocolClient.java:onNext(255)) - client-0C76110B8A2B->ed5d81fa-aaf0-49db-aa57-acca1dd387bd: receive RaftClientReply:client-0C76110B8A2B->ed5d81fa-aaf0-49db-aa57-acca1dd387bd@group-729F0664FEA8, cid=4368, SUCCESS, logIndex=6151, commits[ed5d81fa-aaf0-49db-aa57-acca1dd387bd:c6152]
2019-09-10 22:12:31,295 [grpc-default-executor-0] INFO  client.GrpcClientProtocolClient (GrpcClientProtocolClient.java:onNext(255)) - client-0C76110B8A2B->ed5d81fa-aaf0-49db-aa57-acca1dd387bd: receive RaftClientReply:client-0C76110B8A2B->ed5d81fa-aaf0-49db-aa57-acca1dd387bd@group-729F0664FEA8, cid=4369, SUCCESS, logIndex=6154, commits[ed5d81fa-aaf0-49db-aa57-acca1dd387bd:c6157]
2019-09-10 22:12:31,296 [grpc-default-executor-0] INFO  client.GrpcClientProtocolClient (GrpcClientProtocolClient.java:onNext(255)) - client-0C76110B8A2B->ed5d81fa-aaf0-49db-aa57-acca1dd387bd: receive RaftClientReply:client-0C76110B8A2B->ed5d81fa-aaf0-49db-aa57-acca1dd387bd@group-729F0664FEA8, cid=4370, SUCCESS, logIndex=6155, commits[ed5d81fa-aaf0-49db-aa57-acca1dd387bd:c6157]
2019-09-10 22:12:31,296 [grpc-default-executor-0] INFO  client.GrpcClientProtocolClient (GrpcClientProtocolClient.java:onNext(255)) - client-0C76110B8A2B->ed5d81fa-aaf0-49db-aa57-acca1dd387bd: receive RaftClientReply:client-0C76110B8A2B->ed5d81fa-aaf0-49db-aa57-acca1dd387bd@group-729F0664FEA8, cid=4371, SUCCESS, logIndex=6156, commits[ed5d81fa-aaf0-49db-aa57-acca1dd387bd:c6158]
2019-09-10 22:12:31,296 [grpc-default-executor-0] INFO  client.GrpcClientProtocolClient (GrpcClientProtocolClient.java:onNext(255)) - client-0C76110B8A2B->ed5d81fa-aaf0-49db-aa57-acca1dd387bd: receive RaftClientReply:client-0C76110B8A2B->ed5d81fa-aaf0-49db-aa57-acca1dd387bd@group-729F0664FEA8, cid=4372, SUCCESS, logIndex=6157, commits[ed5d81fa-aaf0-49db-aa57-acca1dd387bd:c6158]
2019-09-10 22:12:31,315 [grpc-default-executor-1] INFO  client.GrpcClientProtocolClient (GrpcClientProtocolClient.java:onNext(255)) - client-0C76110B8A2B->ed5d81fa-aaf0-49db-aa57-acca1dd387bd: receive RaftClientReply:client-0C76110B8A2B->ed5d81fa-aaf0-49db-aa57-acca1dd387bd@group-729F0664FEA8, cid=4373, SUCCESS, logIndex=6159, commits[ed5d81fa-aaf0-49db-aa57-acca1dd387bd:c6160]
2019-09-10 22:12:31,315 [grpc-default-executor-1] INFO  client.GrpcClientProtocolClient (GrpcClientProtocolClient.java:onNext(255)) - client-0C76110B8A2B->ed5d81fa-aaf0-49db-aa57-acca1dd387bd: receive RaftClientReply:client-0C76110B8A2B->ed5d81fa-aaf0-49db-aa57-acca1dd387bd@group-729F0664FEA8, cid=4374, SUCCESS, logIndex=6160, commits[ed5d81fa-aaf0-49db-aa57-acca1dd387bd:c6161]
2019-09-10 22:12:31,341 [SCMBlockDeletingService#0] DEBUG block.SCMBlockDeletingService (SCMBlockDeletingService.java:call(138)) - Running DeletedBlockTransactionScanner
2019-09-10 22:12:31,342 [SCMBlockDeletingService#0] DEBUG block.SCMBlockDeletingService (SCMBlockDeletingService.java:call(155)) - Scanned deleted blocks log and got 0 delTX to process.
2019-09-10 22:12:31,399 [grpc-default-executor-0] INFO  client.GrpcClientProtocolClient (GrpcClientProtocolClient.java:onNext(255)) - client-0C76110B8A2B->ed5d81fa-aaf0-49db-aa57-acca1dd387bd: receive RaftClientReply:client-0C76110B8A2B->ed5d81fa-aaf0-49db-aa57-acca1dd387bd@group-729F0664FEA8, cid=4375, SUCCESS, logIndex=6162, commits[ed5d81fa-aaf0-49db-aa57-acca1dd387bd:c6163]
2019-09-10 22:12:31,399 [grpc-default-executor-0] INFO  client.GrpcClientProtocolClient (GrpcClientProtocolClient.java:onNext(255)) - client-0C76110B8A2B->ed5d81fa-aaf0-49db-aa57-acca1dd387bd: receive RaftClientReply:client-0C76110B8A2B->ed5d81fa-aaf0-49db-aa57-acca1dd387bd@group-729F0664FEA8, cid=4376, SUCCESS, logIndex=6163, commits[ed5d81fa-aaf0-49db-aa57-acca1dd387bd:c6164]
2019-09-10 22:12:31,431 [grpc-default-executor-1] INFO  client.GrpcClientProtocolClient (GrpcClientProtocolClient.java:onNext(255)) - client-0C76110B8A2B->ed5d81fa-aaf0-49db-aa57-acca1dd387bd: receive RaftClientReply:client-0C76110B8A2B->ed5d81fa-aaf0-49db-aa57-acca1dd387bd@group-729F0664FEA8, cid=4377, SUCCESS, logIndex=6165, commits[ed5d81fa-aaf0-49db-aa57-acca1dd387bd:c6168]
2019-09-10 22:12:31,432 [grpc-default-executor-1] INFO  client.GrpcClientProtocolClient (GrpcClientProtocolClient.java:onNext(255)) - client-0C76110B8A2B->ed5d81fa-aaf0-49db-aa57-acca1dd387bd: receive RaftClientReply:client-0C76110B8A2B->ed5d81fa-aaf0-49db-aa57-acca1dd387bd@group-729F0664FEA8, cid=4378, SUCCESS, logIndex=6166, commits[ed5d81fa-aaf0-49db-aa57-acca1dd387bd:c6168]
2019-09-10 22:12:31,432 [grpc-default-executor-1] INFO  client.GrpcClientProtocolClient (GrpcClientProtocolClient.java:onNext(255)) - client-0C76110B8A2B->ed5d81fa-aaf0-49db-aa57-acca1dd387bd: receive RaftClientReply:client-0C76110B8A2B->ed5d81fa-aaf0-49db-aa57-acca1dd387bd@group-729F0664FEA8, cid=4379, SUCCESS, logIndex=6167, commits[ed5d81fa-aaf0-49db-aa57-acca1dd387bd:c6169]
2019-09-10 22:12:31,432 [grpc-default-executor-1] INFO  client.GrpcClientProtocolClient (GrpcClientProtocolClient.java:onNext(255)) - client-0C76110B8A2B->ed5d81fa-aaf0-49db-aa57-acca1dd387bd: receive RaftClientReply:client-0C76110B8A2B->ed5d81fa-aaf0-49db-aa57-acca1dd387bd@group-729F0664FEA8, cid=4380, SUCCESS, logIndex=6168, commits[ed5d81fa-aaf0-49db-aa57-acca1dd387bd:c6169]
2019-09-10 22:12:31,442 [SCMBlockDeletingService#1] DEBUG block.SCMBlockDeletingService (SCMBlockDeletingService.java:call(138)) - Running DeletedBlockTransactionScanner
2019-09-10 22:12:31,442 [SCMBlockDeletingService#1] DEBUG block.SCMBlockDeletingService (SCMBlockDeletingService.java:call(155)) - Scanned deleted blocks log and got 0 delTX to process.
2019-09-10 22:12:31,452 [grpc-default-executor-1] INFO  client.GrpcClientProtocolClient (GrpcClientProtocolClient.java:onNext(255)) - client-0C76110B8A2B->ed5d81fa-aaf0-49db-aa57-acca1dd387bd: receive RaftClientReply:client-0C76110B8A2B->ed5d81fa-aaf0-49db-aa57-acca1dd387bd@group-729F0664FEA8, cid=4381, SUCCESS, logIndex=6170, commits[ed5d81fa-aaf0-49db-aa57-acca1dd387bd:c6173]
2019-09-10 22:12:31,452 [grpc-default-executor-1] INFO  client.GrpcClientProtocolClient (GrpcClientProtocolClient.java:onNext(255)) - client-0C76110B8A2B->ed5d81fa-aaf0-49db-aa57-acca1dd387bd: receive RaftClientReply:client-0C76110B8A2B->ed5d81fa-aaf0-49db-aa57-acca1dd387bd@group-729F0664FEA8, cid=4382, SUCCESS, logIndex=6171, commits[ed5d81fa-aaf0-49db-aa57-acca1dd387bd:c6173]
2019-09-10 22:12:31,452 [grpc-default-executor-1] INFO  client.GrpcClientProtocolClient (GrpcClientProtocolClient.java:onNext(255)) - client-0C76110B8A2B->ed5d81fa-aaf0-49db-aa57-acca1dd387bd: receive RaftClientReply:client-0C76110B8A2B->ed5d81fa-aaf0-49db-aa57-acca1dd387bd@group-729F0664FEA8, cid=4383, SUCCESS, logIndex=6172, commits[ed5d81fa-aaf0-49db-aa57-acca1dd387bd:c6174]
2019-09-10 22:12:31,453 [grpc-default-executor-1] INFO  client.GrpcClientProtocolClient (GrpcClientProtocolClient.java:onNext(255)) - client-0C76110B8A2B->ed5d81fa-aaf0-49db-aa57-acca1dd387bd: receive RaftClientReply:client-0C76110B8A2B->ed5d81fa-aaf0-49db-aa57-acca1dd387bd@group-729F0664FEA8, cid=4384, SUCCESS, logIndex=6173, commits[ed5d81fa-aaf0-49db-aa57-acca1dd387bd:c6174]
2019-09-10 22:12:31,485 [grpc-default-executor-0] INFO  client.GrpcClientProtocolClient (GrpcClientProtocolClient.java:onNext(255)) - client-0C76110B8A2B->ed5d81fa-aaf0-49db-aa57-acca1dd387bd: receive RaftClientReply:client-0C76110B8A2B->ed5d81fa-aaf0-49db-aa57-acca1dd387bd@group-729F0664FEA8, cid=4385, SUCCESS, logIndex=6175, commits[ed5d81fa-aaf0-49db-aa57-acca1dd387bd:c6178]
2019-09-10 22:12:31,485 [grpc-default-executor-0] INFO  client.GrpcClientProtocolClient (GrpcClientProtocolClient.java:onNext(255)) - client-0C76110B8A2B->ed5d81fa-aaf0-49db-aa57-acca1dd387bd: receive RaftClientReply:client-0C76110B8A2B->ed5d81fa-aaf0-49db-aa57-acca1dd387bd@group-729F0664FEA8, cid=4386, SUCCESS, logIndex=6176, commits[ed5d81fa-aaf0-49db-aa57-acca1dd387bd:c6179]
2019-09-10 22:12:31,485 [grpc-default-executor-0] INFO  client.GrpcClientProtocolClient (GrpcClientProtocolClient.java:onNext(255)) - client-0C76110B8A2B->ed5d81fa-aaf0-49db-aa57-acca1dd387bd: receive RaftClientReply:client-0C76110B8A2B->ed5d81fa-aaf0-49db-aa57-acca1dd387bd@group-729F0664FEA8, cid=4387, SUCCESS, logIndex=6177, commits[ed5d81fa-aaf0-49db-aa57-acca1dd387bd:c6179]
2019-09-10 22:12:31,486 [grpc-default-executor-0] INFO  client.GrpcClientProtocolClient (GrpcClientProtocolClient.java:onNext(255)) - client-0C76110B8A2B->ed5d81fa-aaf0-49db-aa57-acca1dd387bd: receive RaftClientReply:client-0C76110B8A2B->ed5d81fa-aaf0-49db-aa57-acca1dd387bd@group-729F0664FEA8, cid=4388, SUCCESS, logIndex=6178, commits[ed5d81fa-aaf0-49db-aa57-acca1dd387bd:c6179]
2019-09-10 22:12:31,506 [grpc-default-executor-1] INFO  client.GrpcClientProtocolClient (GrpcClientProtocolClient.java:onNext(255)) - client-0C76110B8A2B->ed5d81fa-aaf0-49db-aa57-acca1dd387bd: receive RaftClientReply:client-0C76110B8A2B->ed5d81fa-aaf0-49db-aa57-acca1dd387bd@group-729F0664FEA8, cid=4389, SUCCESS, logIndex=6180, commits[ed5d81fa-aaf0-49db-aa57-acca1dd387bd:c6183]
2019-09-10 22:12:31,506 [grpc-default-executor-1] INFO  client.GrpcClientProtocolClient (GrpcClientProtocolClient.java:onNext(255)) - client-0C76110B8A2B->ed5d81fa-aaf0-49db-aa57-acca1dd387bd: receive RaftClientReply:client-0C76110B8A2B->ed5d81fa-aaf0-49db-aa57-acca1dd387bd@group-729F0664FEA8, cid=4390, SUCCESS, logIndex=6181, commits[ed5d81fa-aaf0-49db-aa57-acca1dd387bd:c6183]
2019-09-10 22:12:31,506 [grpc-default-executor-1] INFO  client.GrpcClientProtocolClient (GrpcClientProtocolClient.java:onNext(255)) - client-0C76110B8A2B->ed5d81fa-aaf0-49db-aa57-acca1dd387bd: receive RaftClientReply:client-0C76110B8A2B->ed5d81fa-aaf0-49db-aa57-acca1dd387bd@group-729F0664FEA8, cid=4391, SUCCESS, logIndex=6182, commits[ed5d81fa-aaf0-49db-aa57-acca1dd387bd:c6183]
2019-09-10 22:12:31,508 [grpc-default-executor-1] INFO  client.GrpcClientProtocolClient (GrpcClientProtocolClient.java:onNext(255)) - client-0C76110B8A2B->ed5d81fa-aaf0-49db-aa57-acca1dd387bd: receive RaftClientReply:client-0C76110B8A2B->ed5d81fa-aaf0-49db-aa57-acca1dd387bd@group-729F0664FEA8, cid=4392, SUCCESS, logIndex=6183, commits[ed5d81fa-aaf0-49db-aa57-acca1dd387bd:c6184]
2019-09-10 22:12:31,542 [SCMBlockDeletingService#1] DEBUG block.SCMBlockDeletingService (SCMBlockDeletingService.java:call(138)) - Running DeletedBlockTransactionScanner
2019-09-10 22:12:31,543 [SCMBlockDeletingService#1] DEBUG block.SCMBlockDeletingService (SCMBlockDeletingService.java:call(155)) - Scanned deleted blocks log and got 0 delTX to process.
2019-09-10 22:12:31,643 [SCMBlockDeletingService#1] DEBUG block.SCMBlockDeletingService (SCMBlockDeletingService.java:call(138)) - Running DeletedBlockTransactionScanner
2019-09-10 22:12:31,643 [SCMBlockDeletingService#1] DEBUG block.SCMBlockDeletingService (SCMBlockDeletingService.java:call(155)) - Scanned deleted blocks log and got 0 delTX to process.
2019-09-10 22:12:31,743 [SCMBlockDeletingService#1] DEBUG block.SCMBlockDeletingService (SCMBlockDeletingService.java:call(138)) - Running DeletedBlockTransactionScanner
2019-09-10 22:12:31,743 [SCMBlockDeletingService#1] DEBUG block.SCMBlockDeletingService (SCMBlockDeletingService.java:call(155)) - Scanned deleted blocks log and got 0 delTX to process.
2019-09-10 22:12:31,844 [SCMBlockDeletingService#1] DEBUG block.SCMBlockDeletingService (SCMBlockDeletingService.java:call(138)) - Running DeletedBlockTransactionScanner
2019-09-10 22:12:31,844 [SCMBlockDeletingService#1] DEBUG block.SCMBlockDeletingService (SCMBlockDeletingService.java:call(155)) - Scanned deleted blocks log and got 0 delTX to process.
2019-09-10 22:12:31,944 [SCMBlockDeletingService#1] DEBUG block.SCMBlockDeletingService (SCMBlockDeletingService.java:call(138)) - Running DeletedBlockTransactionScanner
2019-09-10 22:12:31,945 [SCMBlockDeletingService#1] DEBUG block.SCMBlockDeletingService (SCMBlockDeletingService.java:call(155)) - Scanned deleted blocks log and got 0 delTX to process.
2019-09-10 22:12:32,045 [SCMBlockDeletingService#1] DEBUG block.SCMBlockDeletingService (SCMBlockDeletingService.java:call(138)) - Running DeletedBlockTransactionScanner
2019-09-10 22:12:32,045 [SCMBlockDeletingService#1] DEBUG block.SCMBlockDeletingService (SCMBlockDeletingService.java:call(155)) - Scanned deleted blocks log and got 0 delTX to process.
2019-09-10 22:12:32,137 [grpc-default-executor-1] INFO  client.GrpcClientProtocolClient (GrpcClientProtocolClient.java:onNext(255)) - client-0C76110B8A2B->ed5d81fa-aaf0-49db-aa57-acca1dd387bd: receive RaftClientReply:client-0C76110B8A2B->ed5d81fa-aaf0-49db-aa57-acca1dd387bd@group-729F0664FEA8, cid=4393, SUCCESS, logIndex=6185, commits[ed5d81fa-aaf0-49db-aa57-acca1dd387bd:c6188]
2019-09-10 22:12:32,137 [grpc-default-executor-1] INFO  client.GrpcClientProtocolClient (GrpcClientProtocolClient.java:onNext(255)) - client-0C76110B8A2B->ed5d81fa-aaf0-49db-aa57-acca1dd387bd: receive RaftClientReply:client-0C76110B8A2B->ed5d81fa-aaf0-49db-aa57-acca1dd387bd@group-729F0664FEA8, cid=4394, SUCCESS, logIndex=6186, commits[ed5d81fa-aaf0-49db-aa57-acca1dd387bd:c6188]
2019-09-10 22:12:32,138 [grpc-default-executor-1] INFO  client.GrpcClientProtocolClient (GrpcClientProtocolClient.java:onNext(255)) - client-0C76110B8A2B->ed5d81fa-aaf0-49db-aa57-acca1dd387bd: receive RaftClientReply:client-0C76110B8A2B->ed5d81fa-aaf0-49db-aa57-acca1dd387bd@group-729F0664FEA8, cid=4395, SUCCESS, logIndex=6187, commits[ed5d81fa-aaf0-49db-aa57-acca1dd387bd:c6188]
2019-09-10 22:12:32,138 [grpc-default-executor-1] INFO  client.GrpcClientProtocolClient (GrpcClientProtocolClient.java:onNext(255)) - client-0C76110B8A2B->ed5d81fa-aaf0-49db-aa57-acca1dd387bd: receive RaftClientReply:client-0C76110B8A2B->ed5d81fa-aaf0-49db-aa57-acca1dd387bd@group-729F0664FEA8, cid=4396, SUCCESS, logIndex=6188, commits[ed5d81fa-aaf0-49db-aa57-acca1dd387bd:c6188]
2019-09-10 22:12:32,145 [SCMBlockDeletingService#1] DEBUG block.SCMBlockDeletingService (SCMBlockDeletingService.java:call(138)) - Running DeletedBlockTransactionScanner
2019-09-10 22:12:32,146 [SCMBlockDeletingService#1] DEBUG block.SCMBlockDeletingService (SCMBlockDeletingService.java:call(155)) - Scanned deleted blocks log and got 0 delTX to process.
2019-09-10 22:12:32,246 [SCMBlockDeletingService#1] DEBUG block.SCMBlockDeletingService (SCMBlockDeletingService.java:call(138)) - Running DeletedBlockTransactionScanner
2019-09-10 22:12:32,246 [SCMBlockDeletingService#1] DEBUG block.SCMBlockDeletingService (SCMBlockDeletingService.java:call(155)) - Scanned deleted blocks log and got 0 delTX to process.
2019-09-10 22:12:32,347 [SCMBlockDeletingService#1] DEBUG block.SCMBlockDeletingService (SCMBlockDeletingService.java:call(138)) - Running DeletedBlockTransactionScanner
2019-09-10 22:12:32,347 [SCMBlockDeletingService#1] DEBUG block.SCMBlockDeletingService (SCMBlockDeletingService.java:call(155)) - Scanned deleted blocks log and got 0 delTX to process.
2019-09-10 22:12:32,447 [SCMBlockDeletingService#0] DEBUG block.SCMBlockDeletingService (SCMBlockDeletingService.java:call(138)) - Running DeletedBlockTransactionScanner
2019-09-10 22:12:32,447 [SCMBlockDeletingService#0] DEBUG block.SCMBlockDeletingService (SCMBlockDeletingService.java:call(155)) - Scanned deleted blocks log and got 0 delTX to process.
2019-09-10 22:12:32,548 [SCMBlockDeletingService#0] DEBUG block.SCMBlockDeletingService (SCMBlockDeletingService.java:call(138)) - Running DeletedBlockTransactionScanner
2019-09-10 22:12:32,548 [SCMBlockDeletingService#0] DEBUG block.SCMBlockDeletingService (SCMBlockDeletingService.java:call(155)) - Scanned deleted blocks log and got 0 delTX to process.
2019-09-10 22:12:32,648 [SCMBlockDeletingService#0] DEBUG block.SCMBlockDeletingService (SCMBlockDeletingService.java:call(138)) - Running DeletedBlockTransactionScanner
2019-09-10 22:12:32,648 [SCMBlockDeletingService#0] DEBUG block.SCMBlockDeletingService (SCMBlockDeletingService.java:call(155)) - Scanned deleted blocks log and got 0 delTX to process.
2019-09-10 22:12:32,672 [grpc-default-executor-1] INFO  client.GrpcClientProtocolClient (GrpcClientProtocolClient.java:onNext(255)) - client-0C76110B8A2B->ed5d81fa-aaf0-49db-aa57-acca1dd387bd: receive RaftClientReply:client-0C76110B8A2B->ed5d81fa-aaf0-49db-aa57-acca1dd387bd@group-729F0664FEA8, cid=4397, SUCCESS, logIndex=6190, commits[ed5d81fa-aaf0-49db-aa57-acca1dd387bd:c6191]
2019-09-10 22:12:32,672 [grpc-default-executor-1] INFO  client.GrpcClientProtocolClient (GrpcClientProtocolClient.java:onNext(255)) - client-0C76110B8A2B->ed5d81fa-aaf0-49db-aa57-acca1dd387bd: receive RaftClientReply:client-0C76110B8A2B->ed5d81fa-aaf0-49db-aa57-acca1dd387bd@group-729F0664FEA8, cid=4398, SUCCESS, logIndex=6191, commits[ed5d81fa-aaf0-49db-aa57-acca1dd387bd:c6191]
2019-09-10 22:12:32,749 [SCMBlockDeletingService#0] DEBUG block.SCMBlockDeletingService (SCMBlockDeletingService.java:call(138)) - Running DeletedBlockTransactionScanner
2019-09-10 22:12:32,749 [SCMBlockDeletingService#0] DEBUG block.SCMBlockDeletingService (SCMBlockDeletingService.java:call(155)) - Scanned deleted blocks log and got 0 delTX to process.
2019-09-10 22:12:32,849 [SCMBlockDeletingService#0] DEBUG block.SCMBlockDeletingService (SCMBlockDeletingService.java:call(138)) - Running DeletedBlockTransactionScanner
2019-09-10 22:12:32,850 [SCMBlockDeletingService#0] DEBUG block.SCMBlockDeletingService (SCMBlockDeletingService.java:call(155)) - Scanned deleted blocks log and got 0 delTX to process.
2019-09-10 22:12:32,950 [SCMBlockDeletingService#0] DEBUG block.SCMBlockDeletingService (SCMBlockDeletingService.java:call(138)) - Running DeletedBlockTransactionScanner
2019-09-10 22:12:32,950 [SCMBlockDeletingService#0] DEBUG block.SCMBlockDeletingService (SCMBlockDeletingService.java:call(155)) - Scanned deleted blocks log and got 0 delTX to process.
2019-09-10 22:12:33,051 [SCMBlockDeletingService#0] DEBUG block.SCMBlockDeletingService (SCMBlockDeletingService.java:call(138)) - Running DeletedBlockTransactionScanner
2019-09-10 22:12:33,051 [SCMBlockDeletingService#0] DEBUG block.SCMBlockDeletingService (SCMBlockDeletingService.java:call(155)) - Scanned deleted blocks log and got 0 delTX to process.
2019-09-10 22:12:33,151 [SCMBlockDeletingService#0] DEBUG block.SCMBlockDeletingService (SCMBlockDeletingService.java:call(138)) - Running DeletedBlockTransactionScanner
2019-09-10 22:12:33,152 [SCMBlockDeletingService#0] DEBUG block.SCMBlockDeletingService (SCMBlockDeletingService.java:call(155)) - Scanned deleted blocks log and got 0 delTX to process.
2019-09-10 22:12:33,252 [SCMBlockDeletingService#0] DEBUG block.SCMBlockDeletingService (SCMBlockDeletingService.java:call(138)) - Running DeletedBlockTransactionScanner
2019-09-10 22:12:33,252 [SCMBlockDeletingService#0] DEBUG block.SCMBlockDeletingService (SCMBlockDeletingService.java:call(155)) - Scanned deleted blocks log and got 0 delTX to process.
2019-09-10 22:12:33,353 [SCMBlockDeletingService#0] DEBUG block.SCMBlockDeletingService (SCMBlockDeletingService.java:call(138)) - Running DeletedBlockTransactionScanner
2019-09-10 22:12:33,353 [SCMBlockDeletingService#0] DEBUG block.SCMBlockDeletingService (SCMBlockDeletingService.java:call(155)) - Scanned deleted blocks log and got 0 delTX to process.
2019-09-10 22:12:33,453 [SCMBlockDeletingService#0] DEBUG block.SCMBlockDeletingService (SCMBlockDeletingService.java:call(138)) - Running DeletedBlockTransactionScanner
2019-09-10 22:12:33,453 [SCMBlockDeletingService#0] DEBUG block.SCMBlockDeletingService (SCMBlockDeletingService.java:call(155)) - Scanned deleted blocks log and got 0 delTX to process.
2019-09-10 22:12:33,554 [SCMBlockDeletingService#0] DEBUG block.SCMBlockDeletingService (SCMBlockDeletingService.java:call(138)) - Running DeletedBlockTransactionScanner
2019-09-10 22:12:33,554 [SCMBlockDeletingService#0] DEBUG block.SCMBlockDeletingService (SCMBlockDeletingService.java:call(155)) - Scanned deleted blocks log and got 0 delTX to process.
2019-09-10 22:12:33,654 [SCMBlockDeletingService#0] DEBUG block.SCMBlockDeletingService (SCMBlockDeletingService.java:call(138)) - Running DeletedBlockTransactionScanner
2019-09-10 22:12:33,655 [SCMBlockDeletingService#0] DEBUG block.SCMBlockDeletingService (SCMBlockDeletingService.java:call(155)) - Scanned deleted blocks log and got 0 delTX to process.
2019-09-10 22:12:33,712 [grpc-default-executor-1] INFO  client.GrpcClientProtocolClient (GrpcClientProtocolClient.java:onNext(255)) - client-0C76110B8A2B->ed5d81fa-aaf0-49db-aa57-acca1dd387bd: receive RaftClientReply:client-0C76110B8A2B->ed5d81fa-aaf0-49db-aa57-acca1dd387bd@group-729F0664FEA8, cid=4399, SUCCESS, logIndex=6192, commits[ed5d81fa-aaf0-49db-aa57-acca1dd387bd:c6193]
2019-09-10 22:12:33,712 [grpc-default-executor-1] INFO  client.GrpcClientProtocolClient (GrpcClientProtocolClient.java:onNext(255)) - client-0C76110B8A2B->ed5d81fa-aaf0-49db-aa57-acca1dd387bd: receive RaftClientReply:client-0C76110B8A2B->ed5d81fa-aaf0-49db-aa57-acca1dd387bd@group-729F0664FEA8, cid=4400, SUCCESS, logIndex=6193, commits[ed5d81fa-aaf0-49db-aa57-acca1dd387bd:c6193]
2019-09-10 22:12:33,755 [SCMBlockDeletingService#0] DEBUG block.SCMBlockDeletingService (SCMBlockDeletingService.java:call(138)) - Running DeletedBlockTransactionScanner
2019-09-10 22:12:33,755 [SCMBlockDeletingService#0] DEBUG block.SCMBlockDeletingService (SCMBlockDeletingService.java:call(155)) - Scanned deleted blocks log and got 0 delTX to process.
2019-09-10 22:12:33,855 [SCMBlockDeletingService#0] DEBUG block.SCMBlockDeletingService (SCMBlockDeletingService.java:call(138)) - Running DeletedBlockTransactionScanner
2019-09-10 22:12:33,856 [SCMBlockDeletingService#0] DEBUG block.SCMBlockDeletingService (SCMBlockDeletingService.java:call(155)) - Scanned deleted blocks log and got 0 delTX to process.
2019-09-10 22:12:33,956 [SCMBlockDeletingService#0] DEBUG block.SCMBlockDeletingService (SCMBlockDeletingService.java:call(138)) - Running DeletedBlockTransactionScanner
2019-09-10 22:12:33,956 [SCMBlockDeletingService#0] DEBUG block.SCMBlockDeletingService (SCMBlockDeletingService.java:call(155)) - Scanned deleted blocks log and got 0 delTX to process.
2019-09-10 22:12:34,041 [grpc-default-executor-1] INFO  client.GrpcClientProtocolClient (GrpcClientProtocolClient.java:onNext(255)) - client-0C76110B8A2B->ed5d81fa-aaf0-49db-aa57-acca1dd387bd: receive RaftClientReply:client-0C76110B8A2B->ed5d81fa-aaf0-49db-aa57-acca1dd387bd@group-729F0664FEA8, cid=4401, SUCCESS, logIndex=6196, commits[ed5d81fa-aaf0-49db-aa57-acca1dd387bd:c6199]
2019-09-10 22:12:34,041 [grpc-default-executor-1] INFO  client.GrpcClientProtocolClient (GrpcClientProtocolClient.java:onNext(255)) - client-0C76110B8A2B->ed5d81fa-aaf0-49db-aa57-acca1dd387bd: receive RaftClientReply:client-0C76110B8A2B->ed5d81fa-aaf0-49db-aa57-acca1dd387bd@group-729F0664FEA8, cid=4402, SUCCESS, logIndex=6197, commits[ed5d81fa-aaf0-49db-aa57-acca1dd387bd:c6199]
2019-09-10 22:12:34,042 [grpc-default-executor-1] INFO  client.GrpcClientProtocolClient (GrpcClientProtocolClient.java:onNext(255)) - client-0C76110B8A2B->ed5d81fa-aaf0-49db-aa57-acca1dd387bd: receive RaftClientReply:client-0C76110B8A2B->ed5d81fa-aaf0-49db-aa57-acca1dd387bd@group-729F0664FEA8, cid=4403, SUCCESS, logIndex=6198, commits[ed5d81fa-aaf0-49db-aa57-acca1dd387bd:c6199]
2019-09-10 22:12:34,042 [grpc-default-executor-1] INFO  client.GrpcClientProtocolClient (GrpcClientProtocolClient.java:onNext(255)) - client-0C76110B8A2B->ed5d81fa-aaf0-49db-aa57-acca1dd387bd: receive RaftClientReply:client-0C76110B8A2B->ed5d81fa-aaf0-49db-aa57-acca1dd387bd@group-729F0664FEA8, cid=4404, SUCCESS, logIndex=6199, commits[ed5d81fa-aaf0-49db-aa57-acca1dd387bd:c6199]
2019-09-10 22:12:34,056 [SCMBlockDeletingService#0] DEBUG block.SCMBlockDeletingService (SCMBlockDeletingService.java:call(138)) - Running DeletedBlockTransactionScanner
2019-09-10 22:12:34,057 [SCMBlockDeletingService#0] DEBUG block.SCMBlockDeletingService (SCMBlockDeletingService.java:call(155)) - Scanned deleted blocks log and got 0 delTX to process.
2019-09-10 22:12:34,060 [grpc-default-executor-1] INFO  client.GrpcClientProtocolClient (GrpcClientProtocolClient.java:onNext(255)) - client-0C76110B8A2B->ed5d81fa-aaf0-49db-aa57-acca1dd387bd: receive RaftClientReply:client-0C76110B8A2B->ed5d81fa-aaf0-49db-aa57-acca1dd387bd@group-729F0664FEA8, cid=4405, SUCCESS, logIndex=6201, commits[ed5d81fa-aaf0-49db-aa57-acca1dd387bd:c6202]
2019-09-10 22:12:34,061 [grpc-default-executor-1] INFO  client.GrpcClientProtocolClient (GrpcClientProtocolClient.java:onNext(255)) - client-0C76110B8A2B->ed5d81fa-aaf0-49db-aa57-acca1dd387bd: receive RaftClientReply:client-0C76110B8A2B->ed5d81fa-aaf0-49db-aa57-acca1dd387bd@group-729F0664FEA8, cid=4406, SUCCESS, logIndex=6202, commits[ed5d81fa-aaf0-49db-aa57-acca1dd387bd:c6204]
2019-09-10 22:12:34,061 [grpc-default-executor-1] INFO  client.GrpcClientProtocolClient (GrpcClientProtocolClient.java:onNext(255)) - client-0C76110B8A2B->ed5d81fa-aaf0-49db-aa57-acca1dd387bd: receive RaftClientReply:client-0C76110B8A2B->ed5d81fa-aaf0-49db-aa57-acca1dd387bd@group-729F0664FEA8, cid=4407, SUCCESS, logIndex=6203, commits[ed5d81fa-aaf0-49db-aa57-acca1dd387bd:c6204]
2019-09-10 22:12:34,061 [grpc-default-executor-1] INFO  client.GrpcClientProtocolClient (GrpcClientProtocolClient.java:onNext(255)) - client-0C76110B8A2B->ed5d81fa-aaf0-49db-aa57-acca1dd387bd: receive RaftClientReply:client-0C76110B8A2B->ed5d81fa-aaf0-49db-aa57-acca1dd387bd@group-729F0664FEA8, cid=4408, SUCCESS, logIndex=6204, commits[ed5d81fa-aaf0-49db-aa57-acca1dd387bd:c6205]
2019-09-10 22:12:34,101 [grpc-default-executor-1] INFO  client.GrpcClientProtocolClient (GrpcClientProtocolClient.java:onNext(255)) - client-0C76110B8A2B->ed5d81fa-aaf0-49db-aa57-acca1dd387bd: receive RaftClientReply:client-0C76110B8A2B->ed5d81fa-aaf0-49db-aa57-acca1dd387bd@group-729F0664FEA8, cid=4409, SUCCESS, logIndex=6207, commits[ed5d81fa-aaf0-49db-aa57-acca1dd387bd:c6208]
2019-09-10 22:12:34,102 [grpc-default-executor-1] INFO  client.GrpcClientProtocolClient (GrpcClientProtocolClient.java:onNext(255)) - client-0C76110B8A2B->ed5d81fa-aaf0-49db-aa57-acca1dd387bd: receive RaftClientReply:client-0C76110B8A2B->ed5d81fa-aaf0-49db-aa57-acca1dd387bd@group-729F0664FEA8, cid=4410, SUCCESS, logIndex=6208, commits[ed5d81fa-aaf0-49db-aa57-acca1dd387bd:c6210]
2019-09-10 22:12:34,102 [grpc-default-executor-1] INFO  client.GrpcClientProtocolClient (GrpcClientProtocolClient.java:onNext(255)) - client-0C76110B8A2B->ed5d81fa-aaf0-49db-aa57-acca1dd387bd: receive RaftClientReply:client-0C76110B8A2B->ed5d81fa-aaf0-49db-aa57-acca1dd387bd@group-729F0664FEA8, cid=4411, SUCCESS, logIndex=6209, commits[ed5d81fa-aaf0-49db-aa57-acca1dd387bd:c6211]
2019-09-10 22:12:34,102 [grpc-default-executor-1] INFO  client.GrpcClientProtocolClient (GrpcClientProtocolClient.java:onNext(255)) - client-0C76110B8A2B->ed5d81fa-aaf0-49db-aa57-acca1dd387bd: receive RaftClientReply:client-0C76110B8A2B->ed5d81fa-aaf0-49db-aa57-acca1dd387bd@group-729F0664FEA8, cid=4412, SUCCESS, logIndex=6210, commits[ed5d81fa-aaf0-49db-aa57-acca1dd387bd:c6211]
2019-09-10 22:12:34,115 [grpc-default-executor-0] INFO  client.GrpcClientProtocolClient (GrpcClientProtocolClient.java:onNext(255)) - client-0C76110B8A2B->ed5d81fa-aaf0-49db-aa57-acca1dd387bd: receive RaftClientReply:client-0C76110B8A2B->ed5d81fa-aaf0-49db-aa57-acca1dd387bd@group-729F0664FEA8, cid=4413, SUCCESS, logIndex=6213, commits[ed5d81fa-aaf0-49db-aa57-acca1dd387bd:c6214]
2019-09-10 22:12:34,115 [grpc-default-executor-0] INFO  client.GrpcClientProtocolClient (GrpcClientProtocolClient.java:onNext(255)) - client-0C76110B8A2B->ed5d81fa-aaf0-49db-aa57-acca1dd387bd: receive RaftClientReply:client-0C76110B8A2B->ed5d81fa-aaf0-49db-aa57-acca1dd387bd@group-729F0664FEA8, cid=4414, SUCCESS, logIndex=6214, commits[ed5d81fa-aaf0-49db-aa57-acca1dd387bd:c6214]
2019-09-10 22:12:34,117 [grpc-default-executor-0] INFO  client.GrpcClientProtocolClient (GrpcClientProtocolClient.java:onNext(255)) - client-0C76110B8A2B->ed5d81fa-aaf0-49db-aa57-acca1dd387bd: receive RaftClientReply:client-0C76110B8A2B->ed5d81fa-aaf0-49db-aa57-acca1dd387bd@group-729F0664FEA8, cid=4415, SUCCESS, logIndex=6215, commits[ed5d81fa-aaf0-49db-aa57-acca1dd387bd:c6216]
2019-09-10 22:12:34,117 [grpc-default-executor-0] INFO  client.GrpcClientProtocolClient (GrpcClientProtocolClient.java:onNext(255)) - client-0C76110B8A2B->ed5d81fa-aaf0-49db-aa57-acca1dd387bd: receive RaftClientReply:client-0C76110B8A2B->ed5d81fa-aaf0-49db-aa57-acca1dd387bd@group-729F0664FEA8, cid=4416, SUCCESS, logIndex=6216, commits[ed5d81fa-aaf0-49db-aa57-acca1dd387bd:c6216]
2019-09-10 22:12:34,195 [SCMBlockDeletingService#0] DEBUG block.SCMBlockDeletingService (SCMBlockDeletingService.java:call(138)) - Running DeletedBlockTransactionScanner
2019-09-10 22:12:34,195 [SCMBlockDeletingService#0] DEBUG block.SCMBlockDeletingService (SCMBlockDeletingService.java:call(155)) - Scanned deleted blocks log and got 0 delTX to process.
2019-09-10 22:12:34,211 [grpc-default-executor-1] INFO  client.GrpcClientProtocolClient (GrpcClientProtocolClient.java:onNext(255)) - client-0C76110B8A2B->ed5d81fa-aaf0-49db-aa57-acca1dd387bd: receive RaftClientReply:client-0C76110B8A2B->ed5d81fa-aaf0-49db-aa57-acca1dd387bd@group-729F0664FEA8, cid=4417, SUCCESS, logIndex=6219, commits[ed5d81fa-aaf0-49db-aa57-acca1dd387bd:c6220]
2019-09-10 22:12:34,211 [grpc-default-executor-1] INFO  client.GrpcClientProtocolClient (GrpcClientProtocolClient.java:onNext(255)) - client-0C76110B8A2B->ed5d81fa-aaf0-49db-aa57-acca1dd387bd: receive RaftClientReply:client-0C76110B8A2B->ed5d81fa-aaf0-49db-aa57-acca1dd387bd@group-729F0664FEA8, cid=4418, SUCCESS, logIndex=6220, commits[ed5d81fa-aaf0-49db-aa57-acca1dd387bd:c6220]
2019-09-10 22:12:34,221 [grpc-default-executor-1] INFO  client.GrpcClientProtocolClient (GrpcClientProtocolClient.java:onNext(255)) - client-0C76110B8A2B->ed5d81fa-aaf0-49db-aa57-acca1dd387bd: receive RaftClientReply:client-0C76110B8A2B->ed5d81fa-aaf0-49db-aa57-acca1dd387bd@group-729F0664FEA8, cid=4419, SUCCESS, logIndex=6221, commits[ed5d81fa-aaf0-49db-aa57-acca1dd387bd:c6222]
2019-09-10 22:12:34,222 [grpc-default-executor-1] INFO  client.GrpcClientProtocolClient (GrpcClientProtocolClient.java:onNext(255)) - client-0C76110B8A2B->ed5d81fa-aaf0-49db-aa57-acca1dd387bd: receive RaftClientReply:client-0C76110B8A2B->ed5d81fa-aaf0-49db-aa57-acca1dd387bd@group-729F0664FEA8, cid=4420, SUCCESS, logIndex=6222, commits[ed5d81fa-aaf0-49db-aa57-acca1dd387bd:c6223]
2019-09-10 22:12:34,235 [grpc-default-executor-1] INFO  client.GrpcClientProtocolClient (GrpcClientProtocolClient.java:onNext(255)) - client-0C76110B8A2B->ed5d81fa-aaf0-49db-aa57-acca1dd387bd: receive RaftClientReply:client-0C76110B8A2B->ed5d81fa-aaf0-49db-aa57-acca1dd387bd@group-729F0664FEA8, cid=4421, SUCCESS, logIndex=6225, commits[ed5d81fa-aaf0-49db-aa57-acca1dd387bd:c6226]
2019-09-10 22:12:34,235 [grpc-default-executor-1] INFO  client.GrpcClientProtocolClient (GrpcClientProtocolClient.java:onNext(255)) - client-0C76110B8A2B->ed5d81fa-aaf0-49db-aa57-acca1dd387bd: receive RaftClientReply:client-0C76110B8A2B->ed5d81fa-aaf0-49db-aa57-acca1dd387bd@group-729F0664FEA8, cid=4422, SUCCESS, logIndex=6226, commits[ed5d81fa-aaf0-49db-aa57-acca1dd387bd:c6226]
2019-09-10 22:12:34,296 [SCMBlockDeletingService#0] DEBUG block.SCMBlockDeletingService (SCMBlockDeletingService.java:call(138)) - Running DeletedBlockTransactionScanner
2019-09-10 22:12:34,296 [SCMBlockDeletingService#0] DEBUG block.SCMBlockDeletingService (SCMBlockDeletingService.java:call(155)) - Scanned deleted blocks log and got 0 delTX to process.
2019-09-10 22:12:34,396 [SCMBlockDeletingService#0] DEBUG block.SCMBlockDeletingService (SCMBlockDeletingService.java:call(138)) - Running DeletedBlockTransactionScanner
2019-09-10 22:12:34,396 [SCMBlockDeletingService#0] DEBUG block.SCMBlockDeletingService (SCMBlockDeletingService.java:call(155)) - Scanned deleted blocks log and got 0 delTX to process.
2019-09-10 22:12:34,497 [SCMBlockDeletingService#0] DEBUG block.SCMBlockDeletingService (SCMBlockDeletingService.java:call(138)) - Running DeletedBlockTransactionScanner
2019-09-10 22:12:34,497 [SCMBlockDeletingService#0] DEBUG block.SCMBlockDeletingService (SCMBlockDeletingService.java:call(155)) - Scanned deleted blocks log and got 0 delTX to process.
2019-09-10 22:12:34,597 [SCMBlockDeletingService#0] DEBUG block.SCMBlockDeletingService (SCMBlockDeletingService.java:call(138)) - Running DeletedBlockTransactionScanner
2019-09-10 22:12:34,597 [SCMBlockDeletingService#0] DEBUG block.SCMBlockDeletingService (SCMBlockDeletingService.java:call(155)) - Scanned deleted blocks log and got 0 delTX to process.
2019-09-10 22:12:34,697 [SCMBlockDeletingService#0] DEBUG block.SCMBlockDeletingService (SCMBlockDeletingService.java:call(138)) - Running DeletedBlockTransactionScanner
2019-09-10 22:12:34,698 [SCMBlockDeletingService#0] DEBUG block.SCMBlockDeletingService (SCMBlockDeletingService.java:call(155)) - Scanned deleted blocks log and got 0 delTX to process.
2019-09-10 22:12:34,720 [IPC Server handler 19 on 41799] INFO  server.SCMBlockProtocolServer (SCMBlockProtocolServer.java:deleteKeyBlocks(212)) - SCM is informed by OM to delete 1 blocks
2019-09-10 22:12:34,721 [IPC Server handler 19 on 41799] INFO  block.BlockManagerImpl (BlockManagerImpl.java:deleteBlocks(269)) - Deleting blocks conID: 1 locID: 102770507853070336 bcsId: 0,conID: 2 locID: 102770507853332481 bcsId: 0,conID: 3 locID: 102770507853398018 bcsId: 0,conID: 1 locID: 102770507853529091 bcsId: 0,conID: 2 locID: 102770507853594628 bcsId: 0,conID: 3 locID: 102770507853594629 bcsId: 0,conID: 1 locID: 102770508101648391 bcsId: 0,conID: 2 locID: 102770508105842696 bcsId: 0,conID: 3 locID: 102770508110626825 bcsId: 0,conID: 1 locID: 102770508115214346 bcsId: 0,conID: 2 locID: 102770508119146507 bcsId: 0,conID: 3 locID: 102770508123602956 bcsId: 0,conID: 1 locID: 102770508135989261 bcsId: 0,conID: 2 locID: 102770508140118030 bcsId: 0,conID: 3 locID: 102770508144181263 bcsId: 0,conID: 1 locID: 102770508158205968 bcsId: 0,conID: 2 locID: 102770508162465809 bcsId: 0,conID: 3 locID: 102770508174065682 bcsId: 0,conID: 1 locID: 102770508178915347 bcsId: 0,conID: 2 locID: 102770508182650900 bcsId: 0,conID: 3 locID: 102770508186386453 bcsId: 0,conID: 1 locID: 102770508190842902 bcsId: 0,conID: 2 locID: 102770508194775063 bcsId: 0,conID: 3 locID: 102770508205654040 bcsId: 0,conID: 1 locID: 102770508211552281 bcsId: 0,conID: 2 locID: 102770508215418906 bcsId: 0,conID: 3 locID: 102770508219154459 bcsId: 0,conID: 1 locID: 102770508223021084 bcsId: 0,conID: 2 locID: 102770508234293277 bcsId: 0,conID: 3 locID: 102770508238159902 bcsId: 0,conID: 1 locID: 102770508242485279 bcsId: 0,conID: 2 locID: 102770508246810656 bcsId: 0,conID: 3 locID: 102770508250939425 bcsId: 0,conID: 1 locID: 102770508254543906 bcsId: 0,conID: 2 locID: 102770508275777571 bcsId: 0,conID: 3 locID: 102770508279185444 bcsId: 0,conID: 1 locID: 102770508282462245 bcsId: 0,conID: 2 locID: 102770508285804582 bcsId: 0,conID: 3 locID: 102770508289081383 bcsId: 0,conID: 1 locID: 102770508298518568 bcsId: 0,conID: 2 locID: 102770508301795369 bcsId: 0,conID: 3 locID: 102770508305006634 bcsId: 0,conID: 1 locID: 102770508308217899 bcsId: 0,conID: 2 locID: 102770508311494700 bcsId: 0,conID: 3 locID: 102770508314771501 bcsId: 0,conID: 1 locID: 102770508323815470 bcsId: 0,conID: 2 locID: 102770508327223343 bcsId: 0,conID: 3 locID: 102770508330565680 bcsId: 0,conID: 1 locID: 102770508333908017 bcsId: 0,conID: 2 locID: 102770508337053746 bcsId: 0,conID: 3 locID: 102770508345901107 bcsId: 0,conID: 1 locID: 102770508360712244 bcsId: 0,conID: 2 locID: 102770508364447797 bcsId: 0,conID: 3 locID: 102770508367593526 bcsId: 0,conID: 1 locID: 102770508370870327 bcsId: 0,conID: 2 locID: 102770508373950520 bcsId: 0,conID: 3 locID: 102770508383911993 bcsId: 0,conID: 1 locID: 102770508387516474 bcsId: 0,conID: 2 locID: 102770508390793275 bcsId: 0,conID: 3 locID: 102770508394004540 bcsId: 0,conID: 1 locID: 102770508397150269 bcsId: 0,conID: 2 locID: 102770508409143358 bcsId: 0,conID: 3 locID: 102770508412158015 bcsId: 0,conID: 1 locID: 102770508415238208 bcsId: 0,conID: 2 locID: 102770508418318401 bcsId: 0,conID: 3 locID: 102770508421922882 bcsId: 0,conID: 1 locID: 102770508424937539 bcsId: 0,conID: 2 locID: 102770508434636868 bcsId: 0,conID: 3 locID: 102770508437848133 bcsId: 0,conID: 1 locID: 102770508444729414 bcsId: 0,conID: 2 locID: 102770508447678535 bcsId: 0,conID: 3 locID: 102770508450562120 bcsId: 0,conID: 1 locID: 102770508460720201 bcsId: 0,conID: 2 locID: 102770508463997002 bcsId: 0,conID: 3 locID: 102770508468256843 bcsId: 0,conID: 1 locID: 102770508471599180 bcsId: 0,conID: 2 locID: 102770508474875981 bcsId: 0,conID: 3 locID: 102770508478283854 bcsId: 0,conID: 1 locID: 102770508494733391 bcsId: 0,conID: 2 locID: 102770508497879120 bcsId: 0,conID: 3 locID: 102770508501090385 bcsId: 0,conID: 1 locID: 102770508504105042 bcsId: 0,conID: 2 locID: 102770508508037203 bcsId: 0,conID: 3 locID: 102770508517408852 bcsId: 0,conID: 1 locID: 102770508520882261 bcsId: 0,conID: 2 locID: 102770508524159062 bcsId: 0,conID: 3 locID: 102770508527501399 bcsId: 0,conID: 1 locID: 102770508536283224 bcsId: 0,conID: 2 locID: 102770508539494489 bcsId: 0,conID: 3 locID: 102770508550635610 bcsId: 0,conID: 1 locID: 102770508553912411 bcsId: 0,conID: 2 locID: 102770508556927068 bcsId: 0,conID: 3 locID: 102770508559679581 bcsId: 0,conID: 1 locID: 102770508562759774 bcsId: 0,conID: 2 locID: 102770508571607135 bcsId: 0,conID: 3 locID: 102770508579733600 bcsId: 0,conID: 1 locID: 102770508582682721 bcsId: 0,conID: 2 locID: 102770508585959522 bcsId: 0,conID: 3 locID: 102770508588843107 bcsId: 0,conID: 1 locID: 102770508591857764 bcsId: 0,conID: 2 locID: 102770508600115301 bcsId: 0,conID: 3 locID: 102770508603457638 bcsId: 0,conID: 1 locID: 102770508606406759 bcsId: 0,conID: 2 locID: 102770508609683560 bcsId: 0,conID: 3 locID: 102770508613091433 bcsId: 0,conID: 1 locID: 102770508627509354 bcsId: 0,conID: 2 locID: 102770508630786155 bcsId: 0,conID: 3 locID: 102770508633866348 bcsId: 0,conID: 1 locID: 102770508636618861 bcsId: 0,conID: 2 locID: 102770508638781550 bcsId: 0,conID: 3 locID: 102770508641468527 bcsId: 0,conID: 1 locID: 102770508649857136 bcsId: 0,conID: 2 locID: 102770508653068401 bcsId: 0,conID: 3 locID: 102770508660998258 bcsId: 0,conID: 1 locID: 102770508664340595 bcsId: 0,conID: 2 locID: 102770508667551860 bcsId: 0,conID: 3 locID: 102770508670566517 bcsId: 0,conID: 1 locID: 102770508678889590 bcsId: 0,conID: 2 locID: 102770508682035319 bcsId: 0,conID: 3 locID: 102770508684984440 bcsId: 0,conID: 1 locID: 102770508688064633 bcsId: 0,conID: 2 locID: 102770508691406970 bcsId: 0,conID: 3 locID: 102770508703989883 bcsId: 0,conID: 1 locID: 102770508707266684 bcsId: 0,conID: 2 locID: 102770508710477949 bcsId: 0,conID: 3 locID: 102770508713689214 bcsId: 0,conID: 1 locID: 102770508716834943 bcsId: 0,conID: 2 locID: 102770508719128704 bcsId: 0,conID: 3 locID: 102770508730204289 bcsId: 0,conID: 1 locID: 102770508733481090 bcsId: 0,conID: 2 locID: 102770508736823427 bcsId: 0,conID: 3 locID: 102770508740034692 bcsId: 0,conID: 1 locID: 102770508749734021 bcsId: 0,conID: 2 locID: 102770508762710150 bcsId: 0,conID: 3 locID: 102770508766249095 bcsId: 0,conID: 1 locID: 102770508769460360 bcsId: 0,conID: 2 locID: 102770508772671625 bcsId: 0,conID: 3 locID: 102770508775882890 bcsId: 0,conID: 1 locID: 102770508779028619 bcsId: 0,conID: 2 locID: 102770508793184396 bcsId: 0,conID: 3 locID: 102770508796592269 bcsId: 0,conID: 1 locID: 102770508799803534 bcsId: 0,conID: 2 locID: 102770508802949263 bcsId: 0,conID: 3 locID: 102770508805898384 bcsId: 0,conID: 1 locID: 102770508815663249 bcsId: 0,conID: 2 locID: 102770508819071122 bcsId: 0,conID: 3 locID: 102770508822216851 bcsId: 0,conID: 1 locID: 102770508825624724 bcsId: 0,conID: 2 locID: 102770508829032597 bcsId: 0,conID: 3 locID: 102770508832243862 bcsId: 0,conID: 1 locID: 102770508849021079 bcsId: 0,conID: 2 locID: 102770508852166808 bcsId: 0,conID: 3 locID: 102770508855378073 bcsId: 0,conID: 1 locID: 102770508858065050 bcsId: 0,conID: 2 locID: 102770508860489883 bcsId: 0,conID: 3 locID: 102770508868747420 bcsId: 0,conID: 1 locID: 102770508872089757 bcsId: 0,conID: 2 locID: 102770508882313374 bcsId: 0,conID: 3 locID: 102770508906627231 bcsId: 0,conID: 1 locID: 102770508909183136 bcsId: 0,conID: 2 locID: 102770508912263329 bcsId: 0,conID: 3 locID: 102770508921700514 bcsId: 0,conID: 1 locID: 102770508925042851 bcsId: 0,conID: 2 locID: 102770508928319652 bcsId: 0,conID: 3 locID: 102770508931661989 bcsId: 0,conID: 1 locID: 102770508934742182 bcsId: 0,conID: 2 locID: 102770508948635815 bcsId: 0,conID: 3 locID: 102770508951584936 bcsId: 0,conID: 1 locID: 102770508955058345 bcsId: 0,conID: 2 locID: 102770508958204074 bcsId: 0,conID: 3 locID: 102770508961218731 bcsId: 0,conID: 1 locID: 102770508963381420 bcsId: 0,conID: 2 locID: 102770508972097709 bcsId: 0,conID: 3 locID: 102770508975112366 bcsId: 0,conID: 1 locID: 102770508978061487 bcsId: 0,conID: 2 locID: 102770508986450096 bcsId: 0,conID: 3 locID: 102770508989989041 bcsId: 0,conID: 1 locID: 102770508999491762 bcsId: 0,conID: 2 locID: 102770509002899635 bcsId: 0,conID: 3 locID: 102770509006110900 bcsId: 0,conID: 1 locID: 102770509009322165 bcsId: 0,conID: 2 locID: 102770509012467894 bcsId: 0,conID: 3 locID: 102770509016203447 bcsId: 0,conID: 1 locID: 102770509030097080 bcsId: 0,conID: 2 locID: 102770509038354617 bcsId: 0,conID: 3 locID: 102770509042024634 bcsId: 0,conID: 1 locID: 102770509045170363 bcsId: 0,conID: 2 locID: 102770509047595196 bcsId: 0,conID: 3 locID: 102770509058080957 bcsId: 0,conID: 1 locID: 102770509061161150 bcsId: 0,conID: 2 locID: 102770509063717055 bcsId: 0,conID: 3 locID: 102770509066731712 bcsId: 0,conID: 1 locID: 102770509069615297 bcsId: 0,conID: 2 locID: 102770509073088706 bcsId: 0,conID: 3 locID: 102770509105201347 bcsId: 0,conID: 1 locID: 102770509108478148 bcsId: 0,conID: 2 locID: 102770509111361733 bcsId: 0,conID: 3 locID: 102770509114114246 bcsId: 0,conID: 1 locID: 102770509116932295 bcsId: 0,conID: 2 locID: 102770509125976264 bcsId: 0,conID: 3 locID: 102770509129121993 bcsId: 0,conID: 1 locID: 102770509132267722 bcsId: 0,conID: 2 locID: 102770509137576139 bcsId: 0,conID: 3 locID: 102770509140132044 bcsId: 0,conID: 1 locID: 102770509143081165 bcsId: 0,conID: 2 locID: 102770509151862990 bcsId: 0,conID: 3 locID: 102770509155008719 bcsId: 0,conID: 1 locID: 102770509158154448 bcsId: 0,conID: 2 locID: 102770509161300177 bcsId: 0,conID: 3 locID: 102770509164314834 bcsId: 0,conID: 1 locID: 102770509177880787 bcsId: 0,conID: 2 locID: 102770509180960980 bcsId: 0,conID: 3 locID: 102770509183779029 bcsId: 0,conID: 1 locID: 102770509186072790 bcsId: 0,conID: 2 locID: 102770509188366551 bcsId: 0,conID: 3 locID: 102770509190070488 bcsId: 0,conID: 1 locID: 102770509198655705 bcsId: 0,conID: 2 locID: 102770509201866970 bcsId: 0,conID: 3 locID: 102770509205012699 bcsId: 0,conID: 1 locID: 102770509208027356 bcsId: 0,conID: 2 locID: 102770509211107549 bcsId: 0,conID: 3 locID: 102770509214384350 bcsId: 0,conID: 1 locID: 102770509506740447 bcsId: 0,conID: 2 locID: 102770509534134496 bcsId: 0,conID: 3 locID: 102770509537345761 bcsId: 0,conID: 1 locID: 102770509540425954 bcsId: 0,conID: 2 locID: 102770509544095971 bcsId: 0,conID: 3 locID: 102770509553402084 bcsId: 0,conID: 1 locID: 102770509556678885 bcsId: 0,conID: 2 locID: 102770509559824614 bcsId: 0,conID: 3 locID: 102770509563429095 bcsId: 0,conID: 1 locID: 102770509570572520 bcsId: 0,conID: 2 locID: 102770509573652713 bcsId: 0,conID: 3 locID: 102770509583679722 bcsId: 0,conID: 1 locID: 102770509586956523 bcsId: 0,conID: 2 locID: 102770509590364396 bcsId: 0,conID: 3 locID: 102770509593313517 bcsId: 0,conID: 1 locID: 102770509596328174 bcsId: 0,conID: 2 locID: 102770509605044463 bcsId: 0,conID: 3 locID: 102770509608124656 bcsId: 0,conID: 1 locID: 102770509611532529 bcsId: 0,conID: 2 locID: 102770509614678258 bcsId: 0,conID: 3 locID: 102770509625098483 bcsId: 0,conID: 1 locID: 102770509628506356 bcsId: 0,conID: 2 locID: 102770509639844085 bcsId: 0,conID: 3 locID: 102770509643055350 bcsId: 0,conID: 1 locID: 102770509646070007 bcsId: 0,conID: 2 locID: 102770509649084664 bcsId: 0,conID: 3 locID: 102770509652099321 bcsId: 0,conID: 1 locID: 102770509662454010 bcsId: 0,conID: 2 locID: 102770509665796347 bcsId: 0,conID: 3 locID: 102770509668811004 bcsId: 0,conID: 1 locID: 102770509672087805 bcsId: 0,conID: 2 locID: 102770509675626750 bcsId: 0,conID: 3 locID: 102770509687619839 bcsId: 0,conID: 1 locID: 102770509698302208 bcsId: 0,conID: 2 locID: 102770509702103297 bcsId: 0,conID: 3 locID: 102770509705904386 bcsId: 0,conID: 1 locID: 102770509708984579 bcsId: 0,conID: 2 locID: 102770509711999236 bcsId: 0,conID: 3 locID: 102770509721567493 bcsId: 0,conID: 1 locID: 102770509725761798 bcsId: 0,conID: 2 locID: 102770509729300743 bcsId: 0,conID: 3 locID: 102770509732118792 bcsId: 0,conID: 1 locID: 102770509735657737 bcsId: 0,conID: 2 locID: 102770509738803466 bcsId: 0,conID: 3 locID: 102770509755253003 bcsId: 0,conID: 1 locID: 102770509758136588 bcsId: 0,conID: 2 locID: 102770509761347853 bcsId: 0,conID: 3 locID: 102770509764559118 bcsId: 0,conID: 1 locID: 102770509767770383 bcsId: 0,conID: 2 locID: 102770509777010960 bcsId: 0,conID: 3 locID: 102770509780222225 bcsId: 0,conID: 1 locID: 102770509783564562 bcsId: 0,conID: 2 locID: 102770509786841363 bcsId: 0,conID: 3 locID: 102770509790249236 bcsId: 0,conID: 1 locID: 102770509793329429 bcsId: 0,conID: 2 locID: 102770509808664854 bcsId: 0,conID: 3 locID: 102770509811876119 bcsId: 0,conID: 1 locID: 102770509815021848 bcsId: 0,conID: 2 locID: 102770509818954009 bcsId: 0,conID: 3 locID: 102770509821772058 bcsId: 0,conID: 1 locID: 102770509830816027 bcsId: 0,conID: 2 locID: 102770509833765148 bcsId: 0,conID: 3 locID: 102770509837238557 bcsId: 0,conID: 1 locID: 102770509840253214 bcsId: 0,conID: 2 locID: 102770509843202335 bcsId: 0,conID: 3 locID: 102770509846216992 bcsId: 0,conID: 1 locID: 102770509859848481 bcsId: 0,conID: 2 locID: 102770509862863138 bcsId: 0,conID: 3 locID: 102770509866271011 bcsId: 0,conID: 1 locID: 102770509869351204 bcsId: 0,conID: 2 locID: 102770509872234789 bcsId: 0,conID: 3 locID: 102770509881016614 bcsId: 0,conID: 1 locID: 102770509884162343 bcsId: 0,conID: 2 locID: 102770509887177000 bcsId: 0,conID: 3 locID: 102770509890388265 bcsId: 0,conID: 1 locID: 102770509893533994 bcsId: 0,conID: 2 locID: 102770509896483115 bcsId: 0,conID: 3 locID: 102770509910704428 bcsId: 0,conID: 1 locID: 102770509913850157 bcsId: 0,conID: 2 locID: 102770509917323566 bcsId: 0,conID: 3 locID: 102770509920469295 bcsId: 0,conID: 1 locID: 102770509923942704 bcsId: 0,conID: 2 locID: 102770509932790065 bcsId: 0,conID: 3 locID: 102770509936329010 bcsId: 0,conID: 1 locID: 102770509939671347 bcsId: 0,conID: 2 locID: 102770509942882612 bcsId: 0,conID: 3 locID: 102770509946028341 bcsId: 0,conID: 1 locID: 102770509949174070 bcsId: 0,conID: 2 locID: 102770509958414647 bcsId: 0,conID: 3 locID: 102770509962740024 bcsId: 0,conID: 1 locID: 102770509978861881 bcsId: 0,conID: 2 locID: 102770509983973690 bcsId: 0,conID: 3 locID: 102770509987250491 bcsId: 0,conID: 1 locID: 102770509997605180 bcsId: 0,conID: 2 locID: 102770510002061629 bcsId: 0,conID: 3 locID: 102770510005535038 bcsId: 0,conID: 1 locID: 102770510008680767 bcsId: 0,conID: 2 locID: 102770510011826496 bcsId: 0,conID: 3 locID: 102770510014972225 bcsId: 0,conID: 1 locID: 102770510024999234 bcsId: 0,conID: 2 locID: 102770510028341571 bcsId: 0,conID: 3 locID: 102770510031094084 bcsId: 0,conID: 1 locID: 102770510034567493 bcsId: 0,conID: 2 locID: 102770510045643078 bcsId: 0,conID: 3 locID: 102770510055801159 bcsId: 0,conID: 1 locID: 102770510059012424 bcsId: 0,conID: 2 locID: 102770510062158153 bcsId: 0,conID: 3 locID: 102770510064845130 bcsId: 0,conID: 1 locID: 102770510068121931 bcsId: 0,conID: 2 locID: 102770510071267660 bcsId: 0,conID: 3 locID: 102770510080573773 bcsId: 0,conID: 1 locID: 102770510083916110 bcsId: 0,conID: 2 locID: 102770510088044879 bcsId: 0,conID: 3 locID: 102770510091256144 bcsId: 0,conID: 1 locID: 102770510094795089 bcsId: 0,conID: 2 locID: 102770510097547602 bcsId: 0,conID: 3 locID: 102770510114259283 bcsId: 0,conID: 1 locID: 102770510117077332 bcsId: 0,conID: 2 locID: 102770510120157525 bcsId: 0,conID: 3 locID: 102770510123303254 bcsId: 0,conID: 1 locID: 102770510125138263 bcsId: 0,conID: 2 locID: 102770510133789016 bcsId: 0,conID: 3 locID: 102770510137196889 bcsId: 0,conID: 1 locID: 102770510140408154 bcsId: 0,conID: 2 locID: 102770510143291739 bcsId: 0,conID: 3 locID: 102770510146306396 bcsId: 0,conID: 1 locID: 102770510148272477 bcsId: 0,conID: 2 locID: 102770510164066654 bcsId: 0,conID: 3 locID: 102770510167408991 bcsId: 0,conID: 1 locID: 102770510170751328 bcsId: 0,conID: 2 locID: 102770510173831521 bcsId: 0,conID: 3 locID: 102770510176846178 bcsId: 0,conID: 1 locID: 102770510186807651 bcsId: 0,conID: 2 locID: 102770510189953380 bcsId: 0,conID: 3 locID: 102770510193033573 bcsId: 0,conID: 1 locID: 102770510195982694 bcsId: 0,conID: 2 locID: 102770510199062887 bcsId: 0,conID: 3 locID: 102770510202077544 bcsId: 0,conID: 1 locID: 102770510214857065 bcsId: 0,conID: 2 locID: 102770510218133866 bcsId: 0,conID: 3 locID: 102770510221345131 bcsId: 0,conID: 1 locID: 102770510224490860 bcsId: 0,conID: 2 locID: 102770510227767661 bcsId: 0,conID: 3 locID: 102770510236680558 bcsId: 0,conID: 1 locID: 102770510239826287 bcsId: 0,conID: 2 locID: 102770510243168624 bcsId: 0,conID: 3 locID: 102770510246248817 bcsId: 0,conID: 1 locID: 102770510249394546 bcsId: 0,conID: 2 locID: 102770510252540275 bcsId: 0,conID: 3 locID: 102770510267548020 bcsId: 0,conID: 1 locID: 102770510270824821 bcsId: 0,conID: 2 locID: 102770510274036086 bcsId: 0,conID: 3 locID: 102770510278033783 bcsId: 0,conID: 1 locID: 102770510280524152 bcsId: 0,conID: 2 locID: 102770510289305977 bcsId: 0,conID: 3 locID: 102770510292582778 bcsId: 0,conID: 1 locID: 102770510295925115 bcsId: 0,conID: 2 locID: 102770510299070844 bcsId: 0,conID: 3 locID: 102770510302019965 bcsId: 0,conID: 1 locID: 102770510304903550 bcsId: 0,conID: 2 locID: 102770510321680767 bcsId: 0,conID: 3 locID: 102770510324892032 bcsId: 0,conID: 1 locID: 102770510328037761 bcsId: 0,conID: 2 locID: 102770510331183490 bcsId: 0,conID: 3 locID: 102770510334460291 bcsId: 0,conID: 1 locID: 102770510343242116 bcsId: 0,conID: 2 locID: 102770510345929093 bcsId: 0,conID: 3 locID: 102770510349926790 bcsId: 0,conID: 1 locID: 102770510353465735 bcsId: 0,conID: 2 locID: 102770510355825032 bcsId: 0,conID: 3 locID: 102770510357463433 bcsId: 0,conID: 1 locID: 102770510373061002 bcsId: 0,conID: 2 locID: 102770510376075659 bcsId: 0,conID: 3 locID: 102770510379286924 bcsId: 0,conID: 1 locID: 102770510382694797 bcsId: 0,conID: 2 locID: 102770510385250702 bcsId: 0,conID: 3 locID: 102770510393639311 bcsId: 0,conID: 1 locID: 102770510396719504 bcsId: 0,conID: 2 locID: 102770510399537553 bcsId: 0,conID: 3 locID: 102770510403273106 bcsId: 0,conID: 1 locID: 102770510406287763 bcsId: 0,conID: 2 locID: 102770510409302420 bcsId: 0,conID: 3 locID: 102770510447837589 bcsId: 0,conID: 1 locID: 102770510452097430 bcsId: 0,conID: 2 locID: 102770510455439767 bcsId: 0,conID: 3 locID: 102770510457995672 bcsId: 0,conID: 1 locID: 102770510461272473 bcsId: 0,conID: 2 locID: 102770510469726618 bcsId: 0,conID: 3 locID: 102770510473003419 bcsId: 0,conID: 1 locID: 102770510477197724 bcsId: 0,conID: 2 locID: 102770510481392029 bcsId: 0,conID: 3 locID: 102770510484668830 bcsId: 0,conID: 1 locID: 102770510487880095 bcsId: 0,conID: 2 locID: 102770510500987296 bcsId: 0,conID: 3 locID: 102770510504526241 bcsId: 0,conID: 1 locID: 102770510507803042 bcsId: 0,conID: 2 locID: 102770510511014307 bcsId: 0,conID: 3 locID: 102770510514094500 bcsId: 0,conID: 1 locID: 102770510522810789 bcsId: 0,conID: 2 locID: 102770510525956518 bcsId: 0,conID: 3 locID: 102770510528774567 bcsId: 0,conID: 1 locID: 102770510531985832 bcsId: 0,conID: 2 locID: 102770510534410665 bcsId: 0,conID: 3 locID: 102770510538539434 bcsId: 0,conID: 1 locID: 102770510551712171 bcsId: 0,conID: 2 locID: 102770510555054508 bcsId: 0,conID: 3 locID: 102770510559052205 bcsId: 0,conID: 1 locID: 102770510562001326 bcsId: 0,conID: 2 locID: 102770510564884911 bcsId: 0,conID: 3 locID: 102770510573404592 bcsId: 0,conID: 1 locID: 102770510577402289 bcsId: 0,conID: 2 locID: 102770510580613554 bcsId: 0,conID: 3 locID: 102770510583824819 bcsId: 0,conID: 1 locID: 102770510587822516 bcsId: 0,conID: 2 locID: 102770510590902709 bcsId: 0,conID: 3 locID: 102770510599815606 bcsId: 0,conID: 1 locID: 102770510602305975 bcsId: 0,conID: 2 locID: 102770510610170296 bcsId: 0,conID: 3 locID: 102770510613184953 bcsId: 0,conID: 1 locID: 102770510616986042 bcsId: 0,conID: 2 locID: 102770510619869627 bcsId: 0,conID: 3 locID: 102770510629110204 bcsId: 0,conID: 1 locID: 102770510632387005 bcsId: 0,conID: 2 locID: 102770510636384702 bcsId: 0,conID: 3 locID: 102770510639727039 bcsId: 0,conID: 1 locID: 102770510642414016 bcsId: 0,conID: 2 locID: 102770510651851201 bcsId: 0,conID: 3 locID: 102770510654472642 bcsId: 0,conID: 1 locID: 102770510657618371 bcsId: 0,conID: 2 locID: 102770510665220548 bcsId: 0,conID: 3 locID: 102770510668431813 bcsId: 0,conID: 1 locID: 102770510671643078 bcsId: 0,conID: 2 locID: 102770510681539015 bcsId: 0,conID: 3 locID: 102770510684815816 bcsId: 0,conID: 1 locID: 102770510688223689 bcsId: 0,conID: 2 locID: 102770510691631562 bcsId: 0,conID: 3 locID: 102770510694777291 bcsId: 0,conID: 1 locID: 102770510703952332 bcsId: 0,conID: 2 locID: 102770510707229133 bcsId: 0,conID: 3 locID: 102770510710899150 bcsId: 0,conID: 1 locID: 102770510714175951 bcsId: 0,conID: 2 locID: 102770510722433488 bcsId: 0,conID: 3 locID: 102770510725317073 bcsId: 0,conID: 1 locID: 102770510735147474 bcsId: 0,conID: 2 locID: 102770510738555347 bcsId: 0,conID: 3 locID: 102770510742094292 bcsId: 0,conID: 1 locID: 102770510745436629 bcsId: 0,conID: 2 locID: 102770510748123606 bcsId: 0,conID: 3 locID: 102770510756708823 bcsId: 0,conID: 1 locID: 102770510760051160 bcsId: 0,conID: 2 locID: 102770510763786713 bcsId: 0,conID: 3 locID: 102770510766932442 bcsId: 0,conID: 1 locID: 102770510769881563 bcsId: 0,conID: 2 locID: 102770510777942492 bcsId: 0,conID: 3 locID: 102770510787641821 bcsId: 0,conID: 1 locID: 102770510790787550 bcsId: 0,conID: 2 locID: 102770510793802207 bcsId: 0,conID: 3 locID: 102770510796423648 bcsId: 0,conID: 1 locID: 102770510799569377 bcsId: 0,conID: 2 locID: 102770510809137634 bcsId: 0,conID: 3 locID: 102770510812479971 bcsId: 0,conID: 1 locID: 102770510815625700 bcsId: 0,conID: 2 locID: 102770510818836965 bcsId: 0,conID: 3 locID: 102770510821917158 bcsId: 0,conID: 1 locID: 102770510824210919 bcsId: 0,conID: 2 locID: 102770510838694376 bcsId: 0,conID: 3 locID: 102770510841709033 bcsId: 0,conID: 1 locID: 102770510847803882 bcsId: 0,conID: 2 locID: 102770510851342827 bcsId: 0,conID: 3 locID: 102770510853243372 bcsId: 0,conID: 1 locID: 102770510861959661 bcsId: 0,conID: 2 locID: 102770510865105390 bcsId: 0,conID: 3 locID: 102770510867988975 bcsId: 0,conID: 1 locID: 102770510871396848 bcsId: 0,conID: 2 locID: 102770510875197937 bcsId: 0,conID: 3 locID: 102770510879326706 bcsId: 0,conID: 1 locID: 102770510900691443 bcsId: 0,conID: 2 locID: 102770510904426996 bcsId: 0,conID: 3 locID: 102770510907965941 bcsId: 0,conID: 1 locID: 102770510911570422 bcsId: 0,conID: 2 locID: 102770510914847223 bcsId: 0,conID: 3 locID: 102770510925005304 bcsId: 0,conID: 1 locID: 102770510929265145 bcsId: 0,conID: 2 locID: 102770510932869626 bcsId: 0,conID: 3 locID: 102770510936539643 bcsId: 0,conID: 1 locID: 102770510939947516 bcsId: 0,conID: 2 locID: 102770510943486461 bcsId: 0,conID: 3 locID: 102770510958625278 bcsId: 0,conID: 1 locID: 102770510962098687 bcsId: 0,conID: 2 locID: 102770510965441024 bcsId: 0,conID: 3 locID: 102770510968979969 bcsId: 0,conID: 1 locID: 102770510971732482 bcsId: 0,conID: 2 locID: 102770510980907523 bcsId: 0,conID: 3 locID: 102770510984577540 bcsId: 0,conID: 1 locID: 102770510987723269 bcsId: 0,conID: 2 locID: 102770510990737926 bcsId: 0,conID: 3 locID: 102770510994342407 bcsId: 0,conID: 1 locID: 102770510998340104 bcsId: 0,conID: 2 locID: 102770511015051785 bcsId: 0,conID: 3 locID: 102770511018590730 bcsId: 0,conID: 1 locID: 102770511021867531 bcsId: 0,conID: 2 locID: 102770511024816652 bcsId: 0,conID: 3 locID: 102770511030452749 bcsId: 0,conID: 1 locID: 102770511039889934 bcsId: 0,conID: 2 locID: 102770511042904591 bcsId: 0,conID: 3 locID: 102770511045329424 bcsId: 0,conID: 1 locID: 102770511048278545 bcsId: 0,conID: 2 locID: 102770511051293202 bcsId: 0,conID: 3 locID: 102770511054242323 bcsId: 0,conID: 1 locID: 102770511069184532 bcsId: 0,conID: 2 locID: 102770511072264725 bcsId: 0,conID: 3 locID: 102770511075475990 bcsId: 0,conID: 1 locID: 102770511078818327 bcsId: 0,conID: 2 locID: 102770511082160664 bcsId: 0,conID: 3 locID: 102770511094219289 bcsId: 0,conID: 1 locID: 102770511097430554 bcsId: 0,conID: 2 locID: 102770511100772891 bcsId: 0,conID: 3 locID: 102770511104049692 bcsId: 0,conID: 1 locID: 102770511106474525 bcsId: 0,conID: 2 locID: 102770511108571678 bcsId: 0,conID: 3 locID: 102770511123186207 bcsId: 0,conID: 1 locID: 102770511126659616 bcsId: 0,conID: 2 locID: 102770511129215521 bcsId: 0,conID: 3 locID: 102770511132295714 bcsId: 0,conID: 1 locID: 102770511135703587 bcsId: 0,conID: 2 locID: 102770511144616484 bcsId: 0,conID: 3 locID: 102770511148089893 bcsId: 0,conID: 1 locID: 102770511151694374 bcsId: 0,conID: 2 locID: 102770511296201255 bcsId: 0,conID: 3 locID: 102770511319073320 bcsId: 0,conID: 1 locID: 102770511322743337 bcsId: 0
2019-09-10 22:12:34,798 [SCMBlockDeletingService#0] DEBUG block.SCMBlockDeletingService (SCMBlockDeletingService.java:call(138)) - Running DeletedBlockTransactionScanner
2019-09-10 22:12:34,799 [SCMBlockDeletingService#0] DEBUG block.SCMBlockDeletingService (SCMBlockDeletingService.java:call(155)) - Scanned deleted blocks log and got 0 delTX to process.
2019-09-10 22:12:34,899 [SCMBlockDeletingService#0] DEBUG block.SCMBlockDeletingService (SCMBlockDeletingService.java:call(138)) - Running DeletedBlockTransactionScanner
2019-09-10 22:12:34,900 [SCMBlockDeletingService#0] DEBUG block.SCMBlockDeletingService (SCMBlockDeletingService.java:call(155)) - Scanned deleted blocks log and got 0 delTX to process.
2019-09-10 22:12:35,000 [SCMBlockDeletingService#0] DEBUG block.SCMBlockDeletingService (SCMBlockDeletingService.java:call(138)) - Running DeletedBlockTransactionScanner
2019-09-10 22:12:35,001 [SCMBlockDeletingService#0] DEBUG block.SCMBlockDeletingService (SCMBlockDeletingService.java:call(155)) - Scanned deleted blocks log and got 0 delTX to process.
2019-09-10 22:12:35,101 [SCMBlockDeletingService#0] DEBUG block.SCMBlockDeletingService (SCMBlockDeletingService.java:call(138)) - Running DeletedBlockTransactionScanner
2019-09-10 22:12:35,102 [SCMBlockDeletingService#0] DEBUG block.SCMBlockDeletingService (SCMBlockDeletingService.java:call(155)) - Scanned deleted blocks log and got 0 delTX to process.
2019-09-10 22:12:35,202 [SCMBlockDeletingService#0] DEBUG block.SCMBlockDeletingService (SCMBlockDeletingService.java:call(138)) - Running DeletedBlockTransactionScanner
2019-09-10 22:12:35,203 [SCMBlockDeletingService#0] DEBUG block.SCMBlockDeletingService (SCMBlockDeletingService.java:call(155)) - Scanned deleted blocks log and got 0 delTX to process.
2019-09-10 22:12:35,303 [SCMBlockDeletingService#0] DEBUG block.SCMBlockDeletingService (SCMBlockDeletingService.java:call(138)) - Running DeletedBlockTransactionScanner
2019-09-10 22:12:35,304 [SCMBlockDeletingService#0] DEBUG block.SCMBlockDeletingService (SCMBlockDeletingService.java:call(155)) - Scanned deleted blocks log and got 0 delTX to process.
2019-09-10 22:12:35,404 [SCMBlockDeletingService#0] DEBUG block.SCMBlockDeletingService (SCMBlockDeletingService.java:call(138)) - Running DeletedBlockTransactionScanner
2019-09-10 22:12:35,405 [SCMBlockDeletingService#0] DEBUG block.SCMBlockDeletingService (SCMBlockDeletingService.java:call(155)) - Scanned deleted blocks log and got 0 delTX to process.
2019-09-10 22:12:35,505 [SCMBlockDeletingService#0] DEBUG block.SCMBlockDeletingService (SCMBlockDeletingService.java:call(138)) - Running DeletedBlockTransactionScanner
2019-09-10 22:12:35,505 [SCMBlockDeletingService#0] DEBUG block.SCMBlockDeletingService (SCMBlockDeletingService.java:call(155)) - Scanned deleted blocks log and got 0 delTX to process.
2019-09-10 22:12:35,606 [SCMBlockDeletingService#0] DEBUG block.SCMBlockDeletingService (SCMBlockDeletingService.java:call(138)) - Running DeletedBlockTransactionScanner
2019-09-10 22:12:35,606 [SCMBlockDeletingService#0] DEBUG block.SCMBlockDeletingService (SCMBlockDeletingService.java:call(155)) - Scanned deleted blocks log and got 0 delTX to process.
2019-09-10 22:12:35,707 [SCMBlockDeletingService#0] DEBUG block.SCMBlockDeletingService (SCMBlockDeletingService.java:call(138)) - Running DeletedBlockTransactionScanner
2019-09-10 22:12:35,707 [SCMBlockDeletingService#0] DEBUG block.SCMBlockDeletingService (SCMBlockDeletingService.java:call(155)) - Scanned deleted blocks log and got 0 delTX to process.
2019-09-10 22:12:35,808 [SCMBlockDeletingService#0] DEBUG block.SCMBlockDeletingService (SCMBlockDeletingService.java:call(138)) - Running DeletedBlockTransactionScanner
2019-09-10 22:12:35,808 [SCMBlockDeletingService#0] DEBUG block.SCMBlockDeletingService (SCMBlockDeletingService.java:call(155)) - Scanned deleted blocks log and got 0 delTX to process.
2019-09-10 22:12:35,909 [SCMBlockDeletingService#0] DEBUG block.SCMBlockDeletingService (SCMBlockDeletingService.java:call(138)) - Running DeletedBlockTransactionScanner
2019-09-10 22:12:35,909 [SCMBlockDeletingService#0] DEBUG block.SCMBlockDeletingService (SCMBlockDeletingService.java:call(155)) - Scanned deleted blocks log and got 0 delTX to process.
2019-09-10 22:12:36,010 [SCMBlockDeletingService#0] DEBUG block.SCMBlockDeletingService (SCMBlockDeletingService.java:call(138)) - Running DeletedBlockTransactionScanner
2019-09-10 22:12:36,010 [SCMBlockDeletingService#0] DEBUG block.SCMBlockDeletingService (SCMBlockDeletingService.java:call(155)) - Scanned deleted blocks log and got 0 delTX to process.
2019-09-10 22:12:36,111 [SCMBlockDeletingService#0] DEBUG block.SCMBlockDeletingService (SCMBlockDeletingService.java:call(138)) - Running DeletedBlockTransactionScanner
2019-09-10 22:12:36,111 [SCMBlockDeletingService#0] DEBUG block.SCMBlockDeletingService (SCMBlockDeletingService.java:call(155)) - Scanned deleted blocks log and got 0 delTX to process.
2019-09-10 22:12:36,211 [SCMBlockDeletingService#0] DEBUG block.SCMBlockDeletingService (SCMBlockDeletingService.java:call(138)) - Running DeletedBlockTransactionScanner
2019-09-10 22:12:36,212 [SCMBlockDeletingService#0] DEBUG block.SCMBlockDeletingService (SCMBlockDeletingService.java:call(155)) - Scanned deleted blocks log and got 0 delTX to process.
2019-09-10 22:12:36,312 [SCMBlockDeletingService#0] DEBUG block.SCMBlockDeletingService (SCMBlockDeletingService.java:call(138)) - Running DeletedBlockTransactionScanner
2019-09-10 22:12:36,313 [SCMBlockDeletingService#0] DEBUG block.SCMBlockDeletingService (SCMBlockDeletingService.java:call(155)) - Scanned deleted blocks log and got 0 delTX to process.
2019-09-10 22:12:36,413 [SCMBlockDeletingService#0] DEBUG block.SCMBlockDeletingService (SCMBlockDeletingService.java:call(138)) - Running DeletedBlockTransactionScanner
2019-09-10 22:12:36,414 [SCMBlockDeletingService#0] DEBUG block.SCMBlockDeletingService (SCMBlockDeletingService.java:call(155)) - Scanned deleted blocks log and got 0 delTX to process.
2019-09-10 22:12:36,514 [SCMBlockDeletingService#0] DEBUG block.SCMBlockDeletingService (SCMBlockDeletingService.java:call(138)) - Running DeletedBlockTransactionScanner
2019-09-10 22:12:36,515 [SCMBlockDeletingService#0] DEBUG block.SCMBlockDeletingService (SCMBlockDeletingService.java:call(155)) - Scanned deleted blocks log and got 0 delTX to process.
2019-09-10 22:12:36,615 [SCMBlockDeletingService#0] DEBUG block.SCMBlockDeletingService (SCMBlockDeletingService.java:call(138)) - Running DeletedBlockTransactionScanner
2019-09-10 22:12:36,616 [SCMBlockDeletingService#0] DEBUG block.SCMBlockDeletingService (SCMBlockDeletingService.java:call(155)) - Scanned deleted blocks log and got 0 delTX to process.
2019-09-10 22:12:36,716 [SCMBlockDeletingService#0] DEBUG block.SCMBlockDeletingService (SCMBlockDeletingService.java:call(138)) - Running DeletedBlockTransactionScanner
2019-09-10 22:12:36,717 [SCMBlockDeletingService#0] DEBUG block.SCMBlockDeletingService (SCMBlockDeletingService.java:call(155)) - Scanned deleted blocks log and got 0 delTX to process.
2019-09-10 22:12:36,817 [SCMBlockDeletingService#0] DEBUG block.SCMBlockDeletingService (SCMBlockDeletingService.java:call(138)) - Running DeletedBlockTransactionScanner
2019-09-10 22:12:36,817 [SCMBlockDeletingService#0] DEBUG block.SCMBlockDeletingService (SCMBlockDeletingService.java:call(155)) - Scanned deleted blocks log and got 0 delTX to process.
2019-09-10 22:12:36,918 [SCMBlockDeletingService#0] DEBUG block.SCMBlockDeletingService (SCMBlockDeletingService.java:call(138)) - Running DeletedBlockTransactionScanner
2019-09-10 22:12:36,918 [SCMBlockDeletingService#0] DEBUG block.SCMBlockDeletingService (SCMBlockDeletingService.java:call(155)) - Scanned deleted blocks log and got 0 delTX to process.
2019-09-10 22:12:37,019 [SCMBlockDeletingService#0] DEBUG block.SCMBlockDeletingService (SCMBlockDeletingService.java:call(138)) - Running DeletedBlockTransactionScanner
2019-09-10 22:12:37,019 [SCMBlockDeletingService#0] DEBUG block.SCMBlockDeletingService (SCMBlockDeletingService.java:call(155)) - Scanned deleted blocks log and got 0 delTX to process.
2019-09-10 22:12:37,120 [SCMBlockDeletingService#0] DEBUG block.SCMBlockDeletingService (SCMBlockDeletingService.java:call(138)) - Running DeletedBlockTransactionScanner
2019-09-10 22:12:37,120 [SCMBlockDeletingService#0] DEBUG block.SCMBlockDeletingService (SCMBlockDeletingService.java:call(155)) - Scanned deleted blocks log and got 0 delTX to process.
2019-09-10 22:12:37,221 [SCMBlockDeletingService#0] DEBUG block.SCMBlockDeletingService (SCMBlockDeletingService.java:call(138)) - Running DeletedBlockTransactionScanner
2019-09-10 22:12:37,221 [SCMBlockDeletingService#0] DEBUG block.SCMBlockDeletingService (SCMBlockDeletingService.java:call(155)) - Scanned deleted blocks log and got 0 delTX to process.
2019-09-10 22:12:37,322 [SCMBlockDeletingService#0] DEBUG block.SCMBlockDeletingService (SCMBlockDeletingService.java:call(138)) - Running DeletedBlockTransactionScanner
2019-09-10 22:12:37,322 [SCMBlockDeletingService#0] DEBUG block.SCMBlockDeletingService (SCMBlockDeletingService.java:call(155)) - Scanned deleted blocks log and got 0 delTX to process.
2019-09-10 22:12:37,423 [SCMBlockDeletingService#0] DEBUG block.SCMBlockDeletingService (SCMBlockDeletingService.java:call(138)) - Running DeletedBlockTransactionScanner
2019-09-10 22:12:37,423 [SCMBlockDeletingService#0] DEBUG block.SCMBlockDeletingService (SCMBlockDeletingService.java:call(155)) - Scanned deleted blocks log and got 0 delTX to process.
2019-09-10 22:12:37,523 [SCMBlockDeletingService#0] DEBUG block.SCMBlockDeletingService (SCMBlockDeletingService.java:call(138)) - Running DeletedBlockTransactionScanner
2019-09-10 22:12:37,524 [SCMBlockDeletingService#0] DEBUG block.SCMBlockDeletingService (SCMBlockDeletingService.java:call(155)) - Scanned deleted blocks log and got 0 delTX to process.
2019-09-10 22:12:37,624 [SCMBlockDeletingService#0] DEBUG block.SCMBlockDeletingService (SCMBlockDeletingService.java:call(138)) - Running DeletedBlockTransactionScanner
2019-09-10 22:12:37,625 [SCMBlockDeletingService#0] DEBUG block.SCMBlockDeletingService (SCMBlockDeletingService.java:call(155)) - Scanned deleted blocks log and got 0 delTX to process.
2019-09-10 22:12:37,725 [SCMBlockDeletingService#0] DEBUG block.SCMBlockDeletingService (SCMBlockDeletingService.java:call(138)) - Running DeletedBlockTransactionScanner
2019-09-10 22:12:37,726 [SCMBlockDeletingService#0] DEBUG block.SCMBlockDeletingService (SCMBlockDeletingService.java:call(155)) - Scanned deleted blocks log and got 0 delTX to process.
2019-09-10 22:12:37,826 [SCMBlockDeletingService#0] DEBUG block.SCMBlockDeletingService (SCMBlockDeletingService.java:call(138)) - Running DeletedBlockTransactionScanner
2019-09-10 22:12:37,827 [SCMBlockDeletingService#0] DEBUG block.SCMBlockDeletingService (SCMBlockDeletingService.java:call(155)) - Scanned deleted blocks log and got 0 delTX to process.
2019-09-10 22:12:37,927 [SCMBlockDeletingService#0] DEBUG block.SCMBlockDeletingService (SCMBlockDeletingService.java:call(138)) - Running DeletedBlockTransactionScanner
2019-09-10 22:12:37,928 [SCMBlockDeletingService#0] DEBUG block.SCMBlockDeletingService (SCMBlockDeletingService.java:call(155)) - Scanned deleted blocks log and got 0 delTX to process.
2019-09-10 22:12:38,028 [SCMBlockDeletingService#0] DEBUG block.SCMBlockDeletingService (SCMBlockDeletingService.java:call(138)) - Running DeletedBlockTransactionScanner
2019-09-10 22:12:38,029 [SCMBlockDeletingService#0] DEBUG block.SCMBlockDeletingService (SCMBlockDeletingService.java:call(155)) - Scanned deleted blocks log and got 0 delTX to process.
2019-09-10 22:12:38,129 [SCMBlockDeletingService#0] DEBUG block.SCMBlockDeletingService (SCMBlockDeletingService.java:call(138)) - Running DeletedBlockTransactionScanner
2019-09-10 22:12:38,130 [SCMBlockDeletingService#0] DEBUG block.SCMBlockDeletingService (SCMBlockDeletingService.java:call(155)) - Scanned deleted blocks log and got 0 delTX to process.
2019-09-10 22:12:38,230 [SCMBlockDeletingService#0] DEBUG block.SCMBlockDeletingService (SCMBlockDeletingService.java:call(138)) - Running DeletedBlockTransactionScanner
2019-09-10 22:12:38,231 [SCMBlockDeletingService#0] DEBUG block.SCMBlockDeletingService (SCMBlockDeletingService.java:call(155)) - Scanned deleted blocks log and got 0 delTX to process.
2019-09-10 22:12:38,331 [SCMBlockDeletingService#0] DEBUG block.SCMBlockDeletingService (SCMBlockDeletingService.java:call(138)) - Running DeletedBlockTransactionScanner
2019-09-10 22:12:38,331 [SCMBlockDeletingService#0] DEBUG block.SCMBlockDeletingService (SCMBlockDeletingService.java:call(155)) - Scanned deleted blocks log and got 0 delTX to process.
2019-09-10 22:12:38,432 [SCMBlockDeletingService#0] DEBUG block.SCMBlockDeletingService (SCMBlockDeletingService.java:call(138)) - Running DeletedBlockTransactionScanner
2019-09-10 22:12:38,432 [SCMBlockDeletingService#0] DEBUG block.SCMBlockDeletingService (SCMBlockDeletingService.java:call(155)) - Scanned deleted blocks log and got 0 delTX to process.
2019-09-10 22:12:38,532 [SCMBlockDeletingService#0] DEBUG block.SCMBlockDeletingService (SCMBlockDeletingService.java:call(138)) - Running DeletedBlockTransactionScanner
2019-09-10 22:12:38,533 [SCMBlockDeletingService#0] DEBUG block.SCMBlockDeletingService (SCMBlockDeletingService.java:call(155)) - Scanned deleted blocks log and got 0 delTX to process.
2019-09-10 22:12:38,633 [SCMBlockDeletingService#0] DEBUG block.SCMBlockDeletingService (SCMBlockDeletingService.java:call(138)) - Running DeletedBlockTransactionScanner
2019-09-10 22:12:38,634 [SCMBlockDeletingService#0] DEBUG block.SCMBlockDeletingService (SCMBlockDeletingService.java:call(155)) - Scanned deleted blocks log and got 0 delTX to process.
2019-09-10 22:12:38,734 [SCMBlockDeletingService#0] DEBUG block.SCMBlockDeletingService (SCMBlockDeletingService.java:call(138)) - Running DeletedBlockTransactionScanner
2019-09-10 22:12:38,734 [SCMBlockDeletingService#0] DEBUG block.SCMBlockDeletingService (SCMBlockDeletingService.java:call(155)) - Scanned deleted blocks log and got 0 delTX to process.
2019-09-10 22:12:38,835 [SCMBlockDeletingService#0] DEBUG block.SCMBlockDeletingService (SCMBlockDeletingService.java:call(138)) - Running DeletedBlockTransactionScanner
2019-09-10 22:12:38,835 [SCMBlockDeletingService#0] DEBUG block.SCMBlockDeletingService (SCMBlockDeletingService.java:call(155)) - Scanned deleted blocks log and got 0 delTX to process.
2019-09-10 22:12:38,935 [SCMBlockDeletingService#0] DEBUG block.SCMBlockDeletingService (SCMBlockDeletingService.java:call(138)) - Running DeletedBlockTransactionScanner
2019-09-10 22:12:38,936 [SCMBlockDeletingService#0] DEBUG block.SCMBlockDeletingService (SCMBlockDeletingService.java:call(155)) - Scanned deleted blocks log and got 0 delTX to process.
2019-09-10 22:12:39,036 [SCMBlockDeletingService#0] DEBUG block.SCMBlockDeletingService (SCMBlockDeletingService.java:call(138)) - Running DeletedBlockTransactionScanner
2019-09-10 22:12:39,037 [SCMBlockDeletingService#0] DEBUG block.SCMBlockDeletingService (SCMBlockDeletingService.java:call(155)) - Scanned deleted blocks log and got 0 delTX to process.
2019-09-10 22:12:39,137 [SCMBlockDeletingService#0] DEBUG block.SCMBlockDeletingService (SCMBlockDeletingService.java:call(138)) - Running DeletedBlockTransactionScanner
2019-09-10 22:12:39,138 [SCMBlockDeletingService#0] DEBUG block.SCMBlockDeletingService (SCMBlockDeletingService.java:call(155)) - Scanned deleted blocks log and got 0 delTX to process.
2019-09-10 22:12:39,238 [SCMBlockDeletingService#0] DEBUG block.SCMBlockDeletingService (SCMBlockDeletingService.java:call(138)) - Running DeletedBlockTransactionScanner
2019-09-10 22:12:39,239 [SCMBlockDeletingService#0] DEBUG block.SCMBlockDeletingService (SCMBlockDeletingService.java:call(155)) - Scanned deleted blocks log and got 0 delTX to process.
2019-09-10 22:12:39,339 [SCMBlockDeletingService#0] DEBUG block.SCMBlockDeletingService (SCMBlockDeletingService.java:call(138)) - Running DeletedBlockTransactionScanner
2019-09-10 22:12:39,339 [SCMBlockDeletingService#0] DEBUG block.SCMBlockDeletingService (SCMBlockDeletingService.java:call(155)) - Scanned deleted blocks log and got 0 delTX to process.
2019-09-10 22:12:39,440 [SCMBlockDeletingService#0] DEBUG block.SCMBlockDeletingService (SCMBlockDeletingService.java:call(138)) - Running DeletedBlockTransactionScanner
2019-09-10 22:12:39,440 [SCMBlockDeletingService#0] DEBUG block.SCMBlockDeletingService (SCMBlockDeletingService.java:call(155)) - Scanned deleted blocks log and got 0 delTX to process.
2019-09-10 22:12:39,541 [SCMBlockDeletingService#0] DEBUG block.SCMBlockDeletingService (SCMBlockDeletingService.java:call(138)) - Running DeletedBlockTransactionScanner
2019-09-10 22:12:39,541 [SCMBlockDeletingService#0] DEBUG block.SCMBlockDeletingService (SCMBlockDeletingService.java:call(155)) - Scanned deleted blocks log and got 0 delTX to process.
2019-09-10 22:12:39,642 [SCMBlockDeletingService#1] DEBUG block.SCMBlockDeletingService (SCMBlockDeletingService.java:call(138)) - Running DeletedBlockTransactionScanner
2019-09-10 22:12:39,643 [SCMBlockDeletingService#1] DEBUG block.SCMBlockDeletingService (SCMBlockDeletingService.java:call(155)) - Scanned deleted blocks log and got 0 delTX to process.
2019-09-10 22:12:39,744 [SCMBlockDeletingService#1] DEBUG block.SCMBlockDeletingService (SCMBlockDeletingService.java:call(138)) - Running DeletedBlockTransactionScanner
2019-09-10 22:12:39,747 [SCMBlockDeletingService#1] DEBUG block.SCMBlockDeletingService (SCMBlockDeletingService.java:call(155)) - Scanned deleted blocks log and got 3 delTX to process.
2019-09-10 22:12:39,752 [SCMBlockDeletingService#1] DEBUG block.SCMBlockDeletingService (SCMBlockDeletingService.java:call(171)) - Added delete block command for datanode ed5d81fa-aaf0-49db-aa57-acca1dd387bd in the queue, number of delete block transactions: 3, TxID list: 1,2,3
2019-09-10 22:12:39,754 [SCMBlockDeletingService#1] INFO  block.SCMBlockDeletingService (SCMBlockDeletingService.java:call(182)) - Totally added 3 delete blocks command for 1 datanodes, task elapsed time: 10ms
2019-09-10 22:12:39,797 [Datanode State Machine Thread - 0] INFO  statemachine.DatanodeStateMachine (DatanodeStateMachine.java:lambda$startDaemon$0(350)) - Ozone container server started.
2019-09-10 22:12:39,854 [SCMBlockDeletingService#0] DEBUG block.SCMBlockDeletingService (SCMBlockDeletingService.java:call(138)) - Running DeletedBlockTransactionScanner
2019-09-10 22:12:39,854 [SCMBlockDeletingService#0] DEBUG block.SCMBlockDeletingService (SCMBlockDeletingService.java:call(155)) - Scanned deleted blocks log and got 3 delTX to process.
2019-09-10 22:12:39,855 [SCMBlockDeletingService#0] DEBUG block.SCMBlockDeletingService (SCMBlockDeletingService.java:call(171)) - Added delete block command for datanode ed5d81fa-aaf0-49db-aa57-acca1dd387bd in the queue, number of delete block transactions: 3, TxID list: 1,2,3
2019-09-10 22:12:39,855 [SCMBlockDeletingService#0] INFO  block.SCMBlockDeletingService (SCMBlockDeletingService.java:call(182)) - Totally added 3 delete blocks command for 1 datanodes, task elapsed time: 1ms
2019-09-10 22:12:39,955 [SCMBlockDeletingService#1] DEBUG block.SCMBlockDeletingService (SCMBlockDeletingService.java:call(138)) - Running DeletedBlockTransactionScanner
2019-09-10 22:12:39,956 [SCMBlockDeletingService#1] DEBUG block.SCMBlockDeletingService (SCMBlockDeletingService.java:call(155)) - Scanned deleted blocks log and got 3 delTX to process.
2019-09-10 22:12:39,956 [SCMBlockDeletingService#1] DEBUG block.SCMBlockDeletingService (SCMBlockDeletingService.java:call(171)) - Added delete block command for datanode ed5d81fa-aaf0-49db-aa57-acca1dd387bd in the queue, number of delete block transactions: 3, TxID list: 1,2,3
2019-09-10 22:12:39,957 [SCMBlockDeletingService#1] INFO  block.SCMBlockDeletingService (SCMBlockDeletingService.java:call(182)) - Totally added 3 delete blocks command for 1 datanodes, task elapsed time: 1ms
2019-09-10 22:12:40,057 [SCMBlockDeletingService#0] DEBUG block.SCMBlockDeletingService (SCMBlockDeletingService.java:call(138)) - Running DeletedBlockTransactionScanner
2019-09-10 22:12:40,058 [SCMBlockDeletingService#0] DEBUG block.SCMBlockDeletingService (SCMBlockDeletingService.java:call(155)) - Scanned deleted blocks log and got 3 delTX to process.
2019-09-10 22:12:40,058 [SCMBlockDeletingService#0] DEBUG block.SCMBlockDeletingService (SCMBlockDeletingService.java:call(171)) - Added delete block command for datanode ed5d81fa-aaf0-49db-aa57-acca1dd387bd in the queue, number of delete block transactions: 3, TxID list: 1,2,3
2019-09-10 22:12:40,058 [SCMBlockDeletingService#0] INFO  block.SCMBlockDeletingService (SCMBlockDeletingService.java:call(182)) - Totally added 3 delete blocks command for 1 datanodes, task elapsed time: 1ms
2019-09-10 22:12:40,159 [SCMBlockDeletingService#0] DEBUG block.SCMBlockDeletingService (SCMBlockDeletingService.java:call(138)) - Running DeletedBlockTransactionScanner
2019-09-10 22:12:40,159 [SCMBlockDeletingService#0] DEBUG block.SCMBlockDeletingService (SCMBlockDeletingService.java:call(155)) - Scanned deleted blocks log and got 3 delTX to process.
2019-09-10 22:12:40,159 [SCMBlockDeletingService#0] DEBUG block.SCMBlockDeletingService (SCMBlockDeletingService.java:call(171)) - Added delete block command for datanode ed5d81fa-aaf0-49db-aa57-acca1dd387bd in the queue, number of delete block transactions: 3, TxID list: 1,2,3
2019-09-10 22:12:40,160 [SCMBlockDeletingService#0] INFO  block.SCMBlockDeletingService (SCMBlockDeletingService.java:call(182)) - Totally added 3 delete blocks command for 1 datanodes, task elapsed time: 1ms
2019-09-10 22:12:40,260 [SCMBlockDeletingService#0] DEBUG block.SCMBlockDeletingService (SCMBlockDeletingService.java:call(138)) - Running DeletedBlockTransactionScanner
2019-09-10 22:12:40,261 [SCMBlockDeletingService#0] DEBUG block.SCMBlockDeletingService (SCMBlockDeletingService.java:call(155)) - Scanned deleted blocks log and got 3 delTX to process.
2019-09-10 22:12:40,261 [SCMBlockDeletingService#0] DEBUG block.SCMBlockDeletingService (SCMBlockDeletingService.java:call(171)) - Added delete block command for datanode ed5d81fa-aaf0-49db-aa57-acca1dd387bd in the queue, number of delete block transactions: 3, TxID list: 1,2,3
2019-09-10 22:12:40,261 [SCMBlockDeletingService#0] INFO  block.SCMBlockDeletingService (SCMBlockDeletingService.java:call(182)) - Totally added 3 delete blocks command for 1 datanodes, task elapsed time: 1ms
2019-09-10 22:12:40,362 [SCMBlockDeletingService#0] DEBUG block.SCMBlockDeletingService (SCMBlockDeletingService.java:call(138)) - Running DeletedBlockTransactionScanner
2019-09-10 22:12:40,362 [SCMBlockDeletingService#0] DEBUG block.SCMBlockDeletingService (SCMBlockDeletingService.java:call(155)) - Scanned deleted blocks log and got 3 delTX to process.
2019-09-10 22:12:40,362 [SCMBlockDeletingService#0] DEBUG block.SCMBlockDeletingService (SCMBlockDeletingService.java:call(171)) - Added delete block command for datanode ed5d81fa-aaf0-49db-aa57-acca1dd387bd in the queue, number of delete block transactions: 3, TxID list: 1,2,3
2019-09-10 22:12:40,363 [SCMBlockDeletingService#0] INFO  block.SCMBlockDeletingService (SCMBlockDeletingService.java:call(182)) - Totally added 3 delete blocks command for 1 datanodes, task elapsed time: 1ms
2019-09-10 22:12:40,463 [SCMBlockDeletingService#0] DEBUG block.SCMBlockDeletingService (SCMBlockDeletingService.java:call(138)) - Running DeletedBlockTransactionScanner
2019-09-10 22:12:40,463 [SCMBlockDeletingService#0] DEBUG block.SCMBlockDeletingService (SCMBlockDeletingService.java:call(155)) - Scanned deleted blocks log and got 3 delTX to process.
2019-09-10 22:12:40,464 [SCMBlockDeletingService#0] DEBUG block.SCMBlockDeletingService (SCMBlockDeletingService.java:call(171)) - Added delete block command for datanode ed5d81fa-aaf0-49db-aa57-acca1dd387bd in the queue, number of delete block transactions: 3, TxID list: 1,2,3
2019-09-10 22:12:40,464 [SCMBlockDeletingService#0] INFO  block.SCMBlockDeletingService (SCMBlockDeletingService.java:call(182)) - Totally added 3 delete blocks command for 1 datanodes, task elapsed time: 1ms
2019-09-10 22:12:40,564 [SCMBlockDeletingService#0] DEBUG block.SCMBlockDeletingService (SCMBlockDeletingService.java:call(138)) - Running DeletedBlockTransactionScanner
2019-09-10 22:12:40,565 [SCMBlockDeletingService#0] DEBUG block.SCMBlockDeletingService (SCMBlockDeletingService.java:call(155)) - Scanned deleted blocks log and got 3 delTX to process.
2019-09-10 22:12:40,565 [SCMBlockDeletingService#0] DEBUG block.SCMBlockDeletingService (SCMBlockDeletingService.java:call(171)) - Added delete block command for datanode ed5d81fa-aaf0-49db-aa57-acca1dd387bd in the queue, number of delete block transactions: 3, TxID list: 1,2,3
2019-09-10 22:12:40,565 [SCMBlockDeletingService#0] INFO  block.SCMBlockDeletingService (SCMBlockDeletingService.java:call(182)) - Totally added 3 delete blocks command for 1 datanodes, task elapsed time: 1ms
2019-09-10 22:12:40,666 [SCMBlockDeletingService#0] DEBUG block.SCMBlockDeletingService (SCMBlockDeletingService.java:call(138)) - Running DeletedBlockTransactionScanner
2019-09-10 22:12:40,666 [SCMBlockDeletingService#0] DEBUG block.SCMBlockDeletingService (SCMBlockDeletingService.java:call(155)) - Scanned deleted blocks log and got 3 delTX to process.
2019-09-10 22:12:40,667 [SCMBlockDeletingService#0] DEBUG block.SCMBlockDeletingService (SCMBlockDeletingService.java:call(171)) - Added delete block command for datanode ed5d81fa-aaf0-49db-aa57-acca1dd387bd in the queue, number of delete block transactions: 3, TxID list: 1,2,3
2019-09-10 22:12:40,667 [SCMBlockDeletingService#0] INFO  block.SCMBlockDeletingService (SCMBlockDeletingService.java:call(182)) - Totally added 3 delete blocks command for 1 datanodes, task elapsed time: 1ms
2019-09-10 22:12:40,755 [pool-7-thread-1] INFO  commands.RetriableDatanodeEventWatcher (RetriableDatanodeEventWatcher.java:onTimeout(47)) - RetriableDatanodeCommand type=deleteBlocksCommand with id=1568153559752 timed out. Retrying.
2019-09-10 22:12:40,767 [SCMBlockDeletingService#1] DEBUG block.SCMBlockDeletingService (SCMBlockDeletingService.java:call(138)) - Running DeletedBlockTransactionScanner
2019-09-10 22:12:40,768 [SCMBlockDeletingService#1] DEBUG block.SCMBlockDeletingService (SCMBlockDeletingService.java:call(155)) - Scanned deleted blocks log and got 3 delTX to process.
2019-09-10 22:12:40,768 [SCMBlockDeletingService#1] DEBUG block.SCMBlockDeletingService (SCMBlockDeletingService.java:call(171)) - Added delete block command for datanode ed5d81fa-aaf0-49db-aa57-acca1dd387bd in the queue, number of delete block transactions: 3, TxID list: 1,2,3
2019-09-10 22:12:40,768 [SCMBlockDeletingService#1] INFO  block.SCMBlockDeletingService (SCMBlockDeletingService.java:call(182)) - Totally added 3 delete blocks command for 1 datanodes, task elapsed time: 1ms
2019-09-10 22:12:40,854 [pool-7-thread-1] INFO  commands.RetriableDatanodeEventWatcher (RetriableDatanodeEventWatcher.java:onTimeout(47)) - RetriableDatanodeCommand type=deleteBlocksCommand with id=1568153559753 timed out. Retrying.
2019-09-10 22:12:40,868 [SCMBlockDeletingService#1] DEBUG block.SCMBlockDeletingService (SCMBlockDeletingService.java:call(138)) - Running DeletedBlockTransactionScanner
2019-09-10 22:12:40,869 [SCMBlockDeletingService#1] DEBUG block.SCMBlockDeletingService (SCMBlockDeletingService.java:call(155)) - Scanned deleted blocks log and got 3 delTX to process.
2019-09-10 22:12:40,869 [SCMBlockDeletingService#1] DEBUG block.SCMBlockDeletingService (SCMBlockDeletingService.java:call(171)) - Added delete block command for datanode ed5d81fa-aaf0-49db-aa57-acca1dd387bd in the queue, number of delete block transactions: 3, TxID list: 1,2,3
2019-09-10 22:12:40,869 [SCMBlockDeletingService#1] INFO  block.SCMBlockDeletingService (SCMBlockDeletingService.java:call(182)) - Totally added 3 delete blocks command for 1 datanodes, task elapsed time: 1ms
2019-09-10 22:12:40,957 [pool-7-thread-1] INFO  commands.RetriableDatanodeEventWatcher (RetriableDatanodeEventWatcher.java:onTimeout(47)) - RetriableDatanodeCommand type=deleteBlocksCommand with id=1568153559754 timed out. Retrying.
2019-09-10 22:12:40,970 [SCMBlockDeletingService#1] DEBUG block.SCMBlockDeletingService (SCMBlockDeletingService.java:call(138)) - Running DeletedBlockTransactionScanner
2019-09-10 22:12:40,970 [SCMBlockDeletingService#1] DEBUG block.SCMBlockDeletingService (SCMBlockDeletingService.java:call(155)) - Scanned deleted blocks log and got 3 delTX to process.
2019-09-10 22:12:40,970 [SCMBlockDeletingService#1] DEBUG block.SCMBlockDeletingService (SCMBlockDeletingService.java:call(171)) - Added delete block command for datanode ed5d81fa-aaf0-49db-aa57-acca1dd387bd in the queue, number of delete block transactions: 3, TxID list: 1,2,3
2019-09-10 22:12:40,971 [SCMBlockDeletingService#1] INFO  block.SCMBlockDeletingService (SCMBlockDeletingService.java:call(182)) - Totally added 3 delete blocks command for 1 datanodes, task elapsed time: 1ms
2019-09-10 22:12:41,059 [pool-7-thread-1] INFO  commands.RetriableDatanodeEventWatcher (RetriableDatanodeEventWatcher.java:onTimeout(47)) - RetriableDatanodeCommand type=deleteBlocksCommand with id=1568153559755 timed out. Retrying.
2019-09-10 22:12:41,071 [SCMBlockDeletingService#1] DEBUG block.SCMBlockDeletingService (SCMBlockDeletingService.java:call(138)) - Running DeletedBlockTransactionScanner
2019-09-10 22:12:41,072 [SCMBlockDeletingService#1] DEBUG block.SCMBlockDeletingService (SCMBlockDeletingService.java:call(155)) - Scanned deleted blocks log and got 3 delTX to process.
2019-09-10 22:12:41,072 [SCMBlockDeletingService#1] DEBUG block.SCMBlockDeletingService (SCMBlockDeletingService.java:call(171)) - Added delete block command for datanode ed5d81fa-aaf0-49db-aa57-acca1dd387bd in the queue, number of delete block transactions: 3, TxID list: 1,2,3
2019-09-10 22:12:41,072 [SCMBlockDeletingService#1] INFO  block.SCMBlockDeletingService (SCMBlockDeletingService.java:call(182)) - Totally added 3 delete blocks command for 1 datanodes, task elapsed time: 1ms
2019-09-10 22:12:41,159 [pool-7-thread-1] INFO  commands.RetriableDatanodeEventWatcher (RetriableDatanodeEventWatcher.java:onTimeout(47)) - RetriableDatanodeCommand type=deleteBlocksCommand with id=1568153559756 timed out. Retrying.
2019-09-10 22:12:41,173 [SCMBlockDeletingService#1] DEBUG block.SCMBlockDeletingService (SCMBlockDeletingService.java:call(138)) - Running DeletedBlockTransactionScanner
2019-09-10 22:12:41,173 [SCMBlockDeletingService#1] DEBUG block.SCMBlockDeletingService (SCMBlockDeletingService.java:call(155)) - Scanned deleted blocks log and got 3 delTX to process.
2019-09-10 22:12:41,173 [SCMBlockDeletingService#1] DEBUG block.SCMBlockDeletingService (SCMBlockDeletingService.java:call(171)) - Added delete block command for datanode ed5d81fa-aaf0-49db-aa57-acca1dd387bd in the queue, number of delete block transactions: 3, TxID list: 1,2,3
2019-09-10 22:12:41,174 [SCMBlockDeletingService#1] INFO  block.SCMBlockDeletingService (SCMBlockDeletingService.java:call(182)) - Totally added 3 delete blocks command for 1 datanodes, task elapsed time: 1ms
2019-09-10 22:12:41,262 [pool-7-thread-1] INFO  commands.RetriableDatanodeEventWatcher (RetriableDatanodeEventWatcher.java:onTimeout(47)) - RetriableDatanodeCommand type=deleteBlocksCommand with id=1568153559757 timed out. Retrying.
2019-09-10 22:12:41,274 [SCMBlockDeletingService#1] DEBUG block.SCMBlockDeletingService (SCMBlockDeletingService.java:call(138)) - Running DeletedBlockTransactionScanner
2019-09-10 22:12:41,275 [SCMBlockDeletingService#1] DEBUG block.SCMBlockDeletingService (SCMBlockDeletingService.java:call(155)) - Scanned deleted blocks log and got 3 delTX to process.
2019-09-10 22:12:41,275 [SCMBlockDeletingService#1] DEBUG block.SCMBlockDeletingService (SCMBlockDeletingService.java:call(171)) - Added delete block command for datanode ed5d81fa-aaf0-49db-aa57-acca1dd387bd in the queue, number of delete block transactions: 3, TxID list: 1,2,3
2019-09-10 22:12:41,275 [SCMBlockDeletingService#1] INFO  block.SCMBlockDeletingService (SCMBlockDeletingService.java:call(182)) - Totally added 3 delete blocks command for 1 datanodes, task elapsed time: 1ms
2019-09-10 22:12:41,362 [pool-7-thread-1] INFO  commands.RetriableDatanodeEventWatcher (RetriableDatanodeEventWatcher.java:onTimeout(47)) - RetriableDatanodeCommand type=deleteBlocksCommand with id=1568153559758 timed out. Retrying.
2019-09-10 22:12:41,376 [SCMBlockDeletingService#1] DEBUG block.SCMBlockDeletingService (SCMBlockDeletingService.java:call(138)) - Running DeletedBlockTransactionScanner
2019-09-10 22:12:41,376 [SCMBlockDeletingService#1] DEBUG block.SCMBlockDeletingService (SCMBlockDeletingService.java:call(155)) - Scanned deleted blocks log and got 3 delTX to process.
2019-09-10 22:12:41,376 [SCMBlockDeletingService#1] DEBUG block.SCMBlockDeletingService (SCMBlockDeletingService.java:call(171)) - Added delete block command for datanode ed5d81fa-aaf0-49db-aa57-acca1dd387bd in the queue, number of delete block transactions: 3, TxID list: 1,2,3
2019-09-10 22:12:41,377 [SCMBlockDeletingService#1] INFO  block.SCMBlockDeletingService (SCMBlockDeletingService.java:call(182)) - Totally added 3 delete blocks command for 1 datanodes, task elapsed time: 1ms
2019-09-10 22:12:41,464 [pool-7-thread-1] INFO  commands.RetriableDatanodeEventWatcher (RetriableDatanodeEventWatcher.java:onTimeout(47)) - RetriableDatanodeCommand type=deleteBlocksCommand with id=1568153559759 timed out. Retrying.
2019-09-10 22:12:41,477 [SCMBlockDeletingService#1] DEBUG block.SCMBlockDeletingService (SCMBlockDeletingService.java:call(138)) - Running DeletedBlockTransactionScanner
2019-09-10 22:12:41,478 [SCMBlockDeletingService#1] DEBUG block.SCMBlockDeletingService (SCMBlockDeletingService.java:call(155)) - Scanned deleted blocks log and got 3 delTX to process.
2019-09-10 22:12:41,478 [SCMBlockDeletingService#1] DEBUG block.SCMBlockDeletingService (SCMBlockDeletingService.java:call(171)) - Added delete block command for datanode ed5d81fa-aaf0-49db-aa57-acca1dd387bd in the queue, number of delete block transactions: 3, TxID list: 1,2,3
2019-09-10 22:12:41,478 [SCMBlockDeletingService#1] INFO  block.SCMBlockDeletingService (SCMBlockDeletingService.java:call(182)) - Totally added 3 delete blocks command for 1 datanodes, task elapsed time: 1ms
2019-09-10 22:12:41,565 [pool-7-thread-1] INFO  commands.RetriableDatanodeEventWatcher (RetriableDatanodeEventWatcher.java:onTimeout(47)) - RetriableDatanodeCommand type=deleteBlocksCommand with id=1568153559760 timed out. Retrying.
2019-09-10 22:12:41,579 [SCMBlockDeletingService#1] DEBUG block.SCMBlockDeletingService (SCMBlockDeletingService.java:call(138)) - Running DeletedBlockTransactionScanner
2019-09-10 22:12:41,579 [SCMBlockDeletingService#1] DEBUG block.SCMBlockDeletingService (SCMBlockDeletingService.java:call(155)) - Scanned deleted blocks log and got 3 delTX to process.
2019-09-10 22:12:41,579 [SCMBlockDeletingService#1] DEBUG block.SCMBlockDeletingService (SCMBlockDeletingService.java:call(171)) - Added delete block command for datanode ed5d81fa-aaf0-49db-aa57-acca1dd387bd in the queue, number of delete block transactions: 3, TxID list: 1,2,3
2019-09-10 22:12:41,580 [SCMBlockDeletingService#1] INFO  block.SCMBlockDeletingService (SCMBlockDeletingService.java:call(182)) - Totally added 3 delete blocks command for 1 datanodes, task elapsed time: 1ms
2019-09-10 22:12:41,667 [pool-7-thread-1] INFO  commands.RetriableDatanodeEventWatcher (RetriableDatanodeEventWatcher.java:onTimeout(47)) - RetriableDatanodeCommand type=deleteBlocksCommand with id=1568153559761 timed out. Retrying.
2019-09-10 22:12:41,680 [SCMBlockDeletingService#1] DEBUG block.SCMBlockDeletingService (SCMBlockDeletingService.java:call(138)) - Running DeletedBlockTransactionScanner
2019-09-10 22:12:41,681 [SCMBlockDeletingService#1] DEBUG block.SCMBlockDeletingService (SCMBlockDeletingService.java:call(155)) - Scanned deleted blocks log and got 3 delTX to process.
2019-09-10 22:12:41,681 [SCMBlockDeletingService#1] DEBUG block.SCMBlockDeletingService (SCMBlockDeletingService.java:call(171)) - Added delete block command for datanode ed5d81fa-aaf0-49db-aa57-acca1dd387bd in the queue, number of delete block transactions: 3, TxID list: 1,2,3
2019-09-10 22:12:41,681 [SCMBlockDeletingService#1] INFO  block.SCMBlockDeletingService (SCMBlockDeletingService.java:call(182)) - Totally added 3 delete blocks command for 1 datanodes, task elapsed time: 1ms
2019-09-10 22:12:41,755 [pool-7-thread-1] INFO  commands.RetriableDatanodeEventWatcher (RetriableDatanodeEventWatcher.java:onTimeout(47)) - RetriableDatanodeCommand type=deleteBlocksCommand with id=1568153559752 timed out. Retrying.
2019-09-10 22:12:41,769 [pool-7-thread-1] INFO  commands.RetriableDatanodeEventWatcher (RetriableDatanodeEventWatcher.java:onTimeout(47)) - RetriableDatanodeCommand type=deleteBlocksCommand with id=1568153559762 timed out. Retrying.
2019-09-10 22:12:41,782 [SCMBlockDeletingService#1] DEBUG block.SCMBlockDeletingService (SCMBlockDeletingService.java:call(138)) - Running DeletedBlockTransactionScanner
2019-09-10 22:12:41,782 [SCMBlockDeletingService#1] DEBUG block.SCMBlockDeletingService (SCMBlockDeletingService.java:call(155)) - Scanned deleted blocks log and got 3 delTX to process.
2019-09-10 22:12:41,782 [SCMBlockDeletingService#1] DEBUG block.SCMBlockDeletingService (SCMBlockDeletingService.java:call(171)) - Added delete block command for datanode ed5d81fa-aaf0-49db-aa57-acca1dd387bd in the queue, number of delete block transactions: 3, TxID list: 1,2,3
2019-09-10 22:12:41,783 [SCMBlockDeletingService#1] INFO  block.SCMBlockDeletingService (SCMBlockDeletingService.java:call(182)) - Totally added 3 delete blocks command for 1 datanodes, task elapsed time: 1ms
2019-09-10 22:12:41,855 [pool-7-thread-1] INFO  commands.RetriableDatanodeEventWatcher (RetriableDatanodeEventWatcher.java:onTimeout(47)) - RetriableDatanodeCommand type=deleteBlocksCommand with id=1568153559753 timed out. Retrying.
2019-09-10 22:12:41,869 [pool-7-thread-1] INFO  commands.RetriableDatanodeEventWatcher (RetriableDatanodeEventWatcher.java:onTimeout(47)) - RetriableDatanodeCommand type=deleteBlocksCommand with id=1568153559763 timed out. Retrying.
2019-09-10 22:12:41,883 [SCMBlockDeletingService#1] DEBUG block.SCMBlockDeletingService (SCMBlockDeletingService.java:call(138)) - Running DeletedBlockTransactionScanner
2019-09-10 22:12:41,883 [SCMBlockDeletingService#1] DEBUG block.SCMBlockDeletingService (SCMBlockDeletingService.java:call(155)) - Scanned deleted blocks log and got 3 delTX to process.
2019-09-10 22:12:41,884 [SCMBlockDeletingService#1] DEBUG block.SCMBlockDeletingService (SCMBlockDeletingService.java:call(171)) - Added delete block command for datanode ed5d81fa-aaf0-49db-aa57-acca1dd387bd in the queue, number of delete block transactions: 3, TxID list: 1,2,3
2019-09-10 22:12:41,884 [SCMBlockDeletingService#1] INFO  block.SCMBlockDeletingService (SCMBlockDeletingService.java:call(182)) - Totally added 3 delete blocks command for 1 datanodes, task elapsed time: 1ms
2019-09-10 22:12:41,957 [pool-7-thread-1] INFO  commands.RetriableDatanodeEventWatcher (RetriableDatanodeEventWatcher.java:onTimeout(47)) - RetriableDatanodeCommand type=deleteBlocksCommand with id=1568153559754 timed out. Retrying.
2019-09-10 22:12:41,971 [pool-7-thread-1] INFO  commands.RetriableDatanodeEventWatcher (RetriableDatanodeEventWatcher.java:onTimeout(47)) - RetriableDatanodeCommand type=deleteBlocksCommand with id=1568153559764 timed out. Retrying.
2019-09-10 22:12:41,984 [SCMBlockDeletingService#1] DEBUG block.SCMBlockDeletingService (SCMBlockDeletingService.java:call(138)) - Running DeletedBlockTransactionScanner
2019-09-10 22:12:41,985 [SCMBlockDeletingService#1] DEBUG block.SCMBlockDeletingService (SCMBlockDeletingService.java:call(155)) - Scanned deleted blocks log and got 3 delTX to process.
2019-09-10 22:12:41,985 [SCMBlockDeletingService#1] DEBUG block.SCMBlockDeletingService (SCMBlockDeletingService.java:call(171)) - Added delete block command for datanode ed5d81fa-aaf0-49db-aa57-acca1dd387bd in the queue, number of delete block transactions: 3, TxID list: 1,2,3
2019-09-10 22:12:41,985 [SCMBlockDeletingService#1] INFO  block.SCMBlockDeletingService (SCMBlockDeletingService.java:call(182)) - Totally added 3 delete blocks command for 1 datanodes, task elapsed time: 1ms
2019-09-10 22:12:42,059 [pool-7-thread-1] INFO  commands.RetriableDatanodeEventWatcher (RetriableDatanodeEventWatcher.java:onTimeout(47)) - RetriableDatanodeCommand type=deleteBlocksCommand with id=1568153559755 timed out. Retrying.
2019-09-10 22:12:42,073 [pool-7-thread-1] INFO  commands.RetriableDatanodeEventWatcher (RetriableDatanodeEventWatcher.java:onTimeout(47)) - RetriableDatanodeCommand type=deleteBlocksCommand with id=1568153559765 timed out. Retrying.
2019-09-10 22:12:42,086 [SCMBlockDeletingService#1] DEBUG block.SCMBlockDeletingService (SCMBlockDeletingService.java:call(138)) - Running DeletedBlockTransactionScanner
2019-09-10 22:12:42,086 [SCMBlockDeletingService#1] DEBUG block.SCMBlockDeletingService (SCMBlockDeletingService.java:call(155)) - Scanned deleted blocks log and got 3 delTX to process.
2019-09-10 22:12:42,086 [SCMBlockDeletingService#1] DEBUG block.SCMBlockDeletingService (SCMBlockDeletingService.java:call(171)) - Added delete block command for datanode ed5d81fa-aaf0-49db-aa57-acca1dd387bd in the queue, number of delete block transactions: 3, TxID list: 1,2,3
2019-09-10 22:12:42,087 [SCMBlockDeletingService#1] INFO  block.SCMBlockDeletingService (SCMBlockDeletingService.java:call(182)) - Totally added 3 delete blocks command for 1 datanodes, task elapsed time: 1ms
2019-09-10 22:12:42,160 [pool-7-thread-1] INFO  commands.RetriableDatanodeEventWatcher (RetriableDatanodeEventWatcher.java:onTimeout(47)) - RetriableDatanodeCommand type=deleteBlocksCommand with id=1568153559756 timed out. Retrying.
2019-09-10 22:12:42,173 [pool-7-thread-1] INFO  commands.RetriableDatanodeEventWatcher (RetriableDatanodeEventWatcher.java:onTimeout(47)) - RetriableDatanodeCommand type=deleteBlocksCommand with id=1568153559766 timed out. Retrying.
2019-09-10 22:12:42,187 [SCMBlockDeletingService#1] DEBUG block.SCMBlockDeletingService (SCMBlockDeletingService.java:call(138)) - Running DeletedBlockTransactionScanner
2019-09-10 22:12:42,187 [SCMBlockDeletingService#1] DEBUG block.SCMBlockDeletingService (SCMBlockDeletingService.java:call(155)) - Scanned deleted blocks log and got 3 delTX to process.
2019-09-10 22:12:42,187 [SCMBlockDeletingService#1] DEBUG block.SCMBlockDeletingService (SCMBlockDeletingService.java:call(171)) - Added delete block command for datanode ed5d81fa-aaf0-49db-aa57-acca1dd387bd in the queue, number of delete block transactions: 3, TxID list: 1,2,3
2019-09-10 22:12:42,188 [SCMBlockDeletingService#1] INFO  block.SCMBlockDeletingService (SCMBlockDeletingService.java:call(182)) - Totally added 3 delete blocks command for 1 datanodes, task elapsed time: 1ms
2019-09-10 22:12:42,263 [pool-7-thread-1] INFO  commands.RetriableDatanodeEventWatcher (RetriableDatanodeEventWatcher.java:onTimeout(47)) - RetriableDatanodeCommand type=deleteBlocksCommand with id=1568153559757 timed out. Retrying.
2019-09-10 22:12:42,275 [pool-7-thread-1] INFO  commands.RetriableDatanodeEventWatcher (RetriableDatanodeEventWatcher.java:onTimeout(47)) - RetriableDatanodeCommand type=deleteBlocksCommand with id=1568153559767 timed out. Retrying.
2019-09-10 22:12:42,288 [SCMBlockDeletingService#1] DEBUG block.SCMBlockDeletingService (SCMBlockDeletingService.java:call(138)) - Running DeletedBlockTransactionScanner
2019-09-10 22:12:42,288 [SCMBlockDeletingService#1] DEBUG block.SCMBlockDeletingService (SCMBlockDeletingService.java:call(155)) - Scanned deleted blocks log and got 3 delTX to process.
2019-09-10 22:12:42,289 [SCMBlockDeletingService#1] DEBUG block.SCMBlockDeletingService (SCMBlockDeletingService.java:call(171)) - Added delete block command for datanode ed5d81fa-aaf0-49db-aa57-acca1dd387bd in the queue, number of delete block transactions: 3, TxID list: 1,2,3
2019-09-10 22:12:42,289 [SCMBlockDeletingService#1] INFO  block.SCMBlockDeletingService (SCMBlockDeletingService.java:call(182)) - Totally added 3 delete blocks command for 1 datanodes, task elapsed time: 1ms
2019-09-10 22:12:42,363 [pool-7-thread-1] INFO  commands.RetriableDatanodeEventWatcher (RetriableDatanodeEventWatcher.java:onTimeout(47)) - RetriableDatanodeCommand type=deleteBlocksCommand with id=1568153559758 timed out. Retrying.
2019-09-10 22:12:42,377 [pool-7-thread-1] INFO  commands.RetriableDatanodeEventWatcher (RetriableDatanodeEventWatcher.java:onTimeout(47)) - RetriableDatanodeCommand type=deleteBlocksCommand with id=1568153559768 timed out. Retrying.
2019-09-10 22:12:42,389 [SCMBlockDeletingService#1] DEBUG block.SCMBlockDeletingService (SCMBlockDeletingService.java:call(138)) - Running DeletedBlockTransactionScanner
2019-09-10 22:12:42,390 [SCMBlockDeletingService#1] DEBUG block.SCMBlockDeletingService (SCMBlockDeletingService.java:call(155)) - Scanned deleted blocks log and got 3 delTX to process.
2019-09-10 22:12:42,390 [SCMBlockDeletingService#1] DEBUG block.SCMBlockDeletingService (SCMBlockDeletingService.java:call(171)) - Added delete block command for datanode ed5d81fa-aaf0-49db-aa57-acca1dd387bd in the queue, number of delete block transactions: 3, TxID list: 1,2,3
2019-09-10 22:12:42,390 [SCMBlockDeletingService#1] INFO  block.SCMBlockDeletingService (SCMBlockDeletingService.java:call(182)) - Totally added 3 delete blocks command for 1 datanodes, task elapsed time: 1ms
2019-09-10 22:12:42,464 [pool-7-thread-1] INFO  commands.RetriableDatanodeEventWatcher (RetriableDatanodeEventWatcher.java:onTimeout(47)) - RetriableDatanodeCommand type=deleteBlocksCommand with id=1568153559759 timed out. Retrying.
2019-09-10 22:12:42,479 [pool-7-thread-1] INFO  commands.RetriableDatanodeEventWatcher (RetriableDatanodeEventWatcher.java:onTimeout(47)) - RetriableDatanodeCommand type=deleteBlocksCommand with id=1568153559769 timed out. Retrying.
2019-09-10 22:12:42,491 [SCMBlockDeletingService#1] DEBUG block.SCMBlockDeletingService (SCMBlockDeletingService.java:call(138)) - Running DeletedBlockTransactionScanner
2019-09-10 22:12:42,491 [SCMBlockDeletingService#1] DEBUG block.SCMBlockDeletingService (SCMBlockDeletingService.java:call(155)) - Scanned deleted blocks log and got 3 delTX to process.
2019-09-10 22:12:42,491 [SCMBlockDeletingService#1] DEBUG block.SCMBlockDeletingService (SCMBlockDeletingService.java:call(171)) - Added delete block command for datanode ed5d81fa-aaf0-49db-aa57-acca1dd387bd in the queue, number of delete block transactions: 3, TxID list: 1,2,3
2019-09-10 22:12:42,492 [SCMBlockDeletingService#1] INFO  block.SCMBlockDeletingService (SCMBlockDeletingService.java:call(182)) - Totally added 3 delete blocks command for 1 datanodes, task elapsed time: 1ms
2019-09-10 22:12:42,566 [pool-7-thread-1] INFO  commands.RetriableDatanodeEventWatcher (RetriableDatanodeEventWatcher.java:onTimeout(47)) - RetriableDatanodeCommand type=deleteBlocksCommand with id=1568153559760 timed out. Retrying.
2019-09-10 22:12:42,579 [pool-7-thread-1] INFO  commands.RetriableDatanodeEventWatcher (RetriableDatanodeEventWatcher.java:onTimeout(47)) - RetriableDatanodeCommand type=deleteBlocksCommand with id=1568153559770 timed out. Retrying.
2019-09-10 22:12:42,592 [SCMBlockDeletingService#1] DEBUG block.SCMBlockDeletingService (SCMBlockDeletingService.java:call(138)) - Running DeletedBlockTransactionScanner
2019-09-10 22:12:42,592 [SCMBlockDeletingService#1] DEBUG block.SCMBlockDeletingService (SCMBlockDeletingService.java:call(155)) - Scanned deleted blocks log and got 3 delTX to process.
2019-09-10 22:12:42,593 [SCMBlockDeletingService#1] DEBUG block.SCMBlockDeletingService (SCMBlockDeletingService.java:call(171)) - Added delete block command for datanode ed5d81fa-aaf0-49db-aa57-acca1dd387bd in the queue, number of delete block transactions: 3, TxID list: 1,2,3
2019-09-10 22:12:42,593 [SCMBlockDeletingService#1] INFO  block.SCMBlockDeletingService (SCMBlockDeletingService.java:call(182)) - Totally added 3 delete blocks command for 1 datanodes, task elapsed time: 1ms
2019-09-10 22:12:42,607 [EventQueue-StaleNodeForStaleNodeHandler] INFO  node.StaleNodeHandler (StaleNodeHandler.java:onMessage(58)) - Datanode ed5d81fa-aaf0-49db-aa57-acca1dd387bd{ip: 192.168.157.245, host: pr-hdds-2007-wqvw6-2944049611, networkLocation: /default-rack, certSerialId: null} moved to stale state. Finalizing its pipelines [PipelineID=a92760da-343f-4e6a-a8dc-729f0664fea8]
2019-09-10 22:12:42,607 [EventQueue-StaleNodeForStaleNodeHandler] INFO  pipeline.SCMPipelineManager (SCMPipelineManager.java:finalizeAndDestroyPipeline(311)) - destroying pipeline:Pipeline[ Id: a92760da-343f-4e6a-a8dc-729f0664fea8, Nodes: ed5d81fa-aaf0-49db-aa57-acca1dd387bd{ip: 192.168.157.245, host: pr-hdds-2007-wqvw6-2944049611, networkLocation: /default-rack, certSerialId: null}, Type:RATIS, Factor:ONE, State:OPEN]
2019-09-10 22:12:42,608 [EventQueue-StaleNodeForStaleNodeHandler] INFO  pipeline.PipelineStateManager (PipelineStateManager.java:finalizePipeline(123)) - Pipeline Pipeline[ Id: a92760da-343f-4e6a-a8dc-729f0664fea8, Nodes: ed5d81fa-aaf0-49db-aa57-acca1dd387bd{ip: 192.168.157.245, host: pr-hdds-2007-wqvw6-2944049611, networkLocation: /default-rack, certSerialId: null}, Type:RATIS, Factor:ONE, State:CLOSED] moved to CLOSED state
2019-09-10 22:12:42,668 [pool-7-thread-1] INFO  commands.RetriableDatanodeEventWatcher (RetriableDatanodeEventWatcher.java:onTimeout(47)) - RetriableDatanodeCommand type=deleteBlocksCommand with id=1568153559761 timed out. Retrying.
2019-09-10 22:12:42,681 [pool-7-thread-1] INFO  commands.RetriableDatanodeEventWatcher (RetriableDatanodeEventWatcher.java:onTimeout(47)) - RetriableDatanodeCommand type=deleteBlocksCommand with id=1568153559771 timed out. Retrying.
2019-09-10 22:12:42,693 [SCMBlockDeletingService#1] DEBUG block.SCMBlockDeletingService (SCMBlockDeletingService.java:call(138)) - Running DeletedBlockTransactionScanner
2019-09-10 22:12:42,694 [SCMBlockDeletingService#1] DEBUG block.SCMBlockDeletingService (SCMBlockDeletingService.java:call(155)) - Scanned deleted blocks log and got 3 delTX to process.
2019-09-10 22:12:42,694 [SCMBlockDeletingService#1] DEBUG block.SCMBlockDeletingService (SCMBlockDeletingService.java:call(171)) - Added delete block command for datanode ed5d81fa-aaf0-49db-aa57-acca1dd387bd in the queue, number of delete block transactions: 3, TxID list: 1,2,3
2019-09-10 22:12:42,694 [SCMBlockDeletingService#1] INFO  block.SCMBlockDeletingService (SCMBlockDeletingService.java:call(182)) - Totally added 3 delete blocks command for 1 datanodes, task elapsed time: 1ms
2019-09-10 22:12:42,755 [pool-7-thread-1] INFO  commands.RetriableDatanodeEventWatcher (RetriableDatanodeEventWatcher.java:onTimeout(47)) - RetriableDatanodeCommand type=deleteBlocksCommand with id=1568153559752 timed out. Retrying.
2019-09-10 22:12:42,770 [pool-7-thread-1] INFO  commands.RetriableDatanodeEventWatcher (RetriableDatanodeEventWatcher.java:onTimeout(47)) - RetriableDatanodeCommand type=deleteBlocksCommand with id=1568153559762 timed out. Retrying.
2019-09-10 22:12:42,782 [pool-7-thread-1] INFO  commands.RetriableDatanodeEventWatcher (RetriableDatanodeEventWatcher.java:onTimeout(47)) - RetriableDatanodeCommand type=deleteBlocksCommand with id=1568153559772 timed out. Retrying.
2019-09-10 22:12:42,795 [SCMBlockDeletingService#1] DEBUG block.SCMBlockDeletingService (SCMBlockDeletingService.java:call(138)) - Running DeletedBlockTransactionScanner
2019-09-10 22:12:42,795 [SCMBlockDeletingService#1] DEBUG block.SCMBlockDeletingService (SCMBlockDeletingService.java:call(155)) - Scanned deleted blocks log and got 3 delTX to process.
2019-09-10 22:12:42,795 [SCMBlockDeletingService#1] DEBUG block.SCMBlockDeletingService (SCMBlockDeletingService.java:call(171)) - Added delete block command for datanode ed5d81fa-aaf0-49db-aa57-acca1dd387bd in the queue, number of delete block transactions: 3, TxID list: 1,2,3
2019-09-10 22:12:42,795 [SCMBlockDeletingService#1] INFO  block.SCMBlockDeletingService (SCMBlockDeletingService.java:call(182)) - Totally added 3 delete blocks command for 1 datanodes, task elapsed time: 1ms
2019-09-10 22:12:42,854 [pool-7-thread-1] INFO  commands.RetriableDatanodeEventWatcher (RetriableDatanodeEventWatcher.java:onTimeout(47)) - RetriableDatanodeCommand type=deleteBlocksCommand with id=1568153559753 timed out. Retrying.
2019-09-10 22:12:42,870 [pool-7-thread-1] INFO  commands.RetriableDatanodeEventWatcher (RetriableDatanodeEventWatcher.java:onTimeout(47)) - RetriableDatanodeCommand type=deleteBlocksCommand with id=1568153559763 timed out. Retrying.
2019-09-10 22:12:42,883 [pool-7-thread-1] INFO  commands.RetriableDatanodeEventWatcher (RetriableDatanodeEventWatcher.java:onTimeout(47)) - RetriableDatanodeCommand type=deleteBlocksCommand with id=1568153559773 timed out. Retrying.
2019-09-10 22:12:42,896 [SCMBlockDeletingService#1] DEBUG block.SCMBlockDeletingService (SCMBlockDeletingService.java:call(138)) - Running DeletedBlockTransactionScanner
2019-09-10 22:12:42,896 [SCMBlockDeletingService#1] DEBUG block.SCMBlockDeletingService (SCMBlockDeletingService.java:call(155)) - Scanned deleted blocks log and got 3 delTX to process.
2019-09-10 22:12:42,896 [SCMBlockDeletingService#1] DEBUG block.SCMBlockDeletingService (SCMBlockDeletingService.java:call(171)) - Added delete block command for datanode ed5d81fa-aaf0-49db-aa57-acca1dd387bd in the queue, number of delete block transactions: 3, TxID list: 1,2,3
2019-09-10 22:12:42,896 [SCMBlockDeletingService#1] INFO  block.SCMBlockDeletingService (SCMBlockDeletingService.java:call(182)) - Totally added 3 delete blocks command for 1 datanodes, task elapsed time: 1ms
2019-09-10 22:12:42,957 [pool-7-thread-1] INFO  commands.RetriableDatanodeEventWatcher (RetriableDatanodeEventWatcher.java:onTimeout(47)) - RetriableDatanodeCommand type=deleteBlocksCommand with id=1568153559754 timed out. Retrying.
2019-09-10 22:12:42,972 [pool-7-thread-1] INFO  commands.RetriableDatanodeEventWatcher (RetriableDatanodeEventWatcher.java:onTimeout(47)) - RetriableDatanodeCommand type=deleteBlocksCommand with id=1568153559764 timed out. Retrying.
2019-09-10 22:12:42,985 [pool-7-thread-1] INFO  commands.RetriableDatanodeEventWatcher (RetriableDatanodeEventWatcher.java:onTimeout(47)) - RetriableDatanodeCommand type=deleteBlocksCommand with id=1568153559774 timed out. Retrying.
2019-09-10 22:12:42,996 [SCMBlockDeletingService#1] DEBUG block.SCMBlockDeletingService (SCMBlockDeletingService.java:call(138)) - Running DeletedBlockTransactionScanner
2019-09-10 22:12:42,997 [SCMBlockDeletingService#1] DEBUG block.SCMBlockDeletingService (SCMBlockDeletingService.java:call(155)) - Scanned deleted blocks log and got 3 delTX to process.
2019-09-10 22:12:42,997 [SCMBlockDeletingService#1] DEBUG block.SCMBlockDeletingService (SCMBlockDeletingService.java:call(171)) - Added delete block command for datanode ed5d81fa-aaf0-49db-aa57-acca1dd387bd in the queue, number of delete block transactions: 3, TxID list: 1,2,3
2019-09-10 22:12:42,997 [SCMBlockDeletingService#1] INFO  block.SCMBlockDeletingService (SCMBlockDeletingService.java:call(182)) - Totally added 3 delete blocks command for 1 datanodes, task elapsed time: 1ms
2019-09-10 22:12:43,059 [pool-7-thread-1] INFO  commands.RetriableDatanodeEventWatcher (RetriableDatanodeEventWatcher.java:onTimeout(47)) - RetriableDatanodeCommand type=deleteBlocksCommand with id=1568153559755 timed out. Retrying.
2019-09-10 22:12:43,074 [pool-7-thread-1] INFO  commands.RetriableDatanodeEventWatcher (RetriableDatanodeEventWatcher.java:onTimeout(47)) - RetriableDatanodeCommand type=deleteBlocksCommand with id=1568153559765 timed out. Retrying.
2019-09-10 22:12:43,086 [pool-7-thread-1] INFO  commands.RetriableDatanodeEventWatcher (RetriableDatanodeEventWatcher.java:onTimeout(47)) - RetriableDatanodeCommand type=deleteBlocksCommand with id=1568153559775 timed out. Retrying.
2019-09-10 22:12:43,097 [SCMBlockDeletingService#1] DEBUG block.SCMBlockDeletingService (SCMBlockDeletingService.java:call(138)) - Running DeletedBlockTransactionScanner
2019-09-10 22:12:43,098 [SCMBlockDeletingService#1] DEBUG block.SCMBlockDeletingService (SCMBlockDeletingService.java:call(155)) - Scanned deleted blocks log and got 3 delTX to process.
2019-09-10 22:12:43,098 [SCMBlockDeletingService#1] DEBUG block.SCMBlockDeletingService (SCMBlockDeletingService.java:call(171)) - Added delete block command for datanode ed5d81fa-aaf0-49db-aa57-acca1dd387bd in the queue, number of delete block transactions: 3, TxID list: 1,2,3
2019-09-10 22:12:43,098 [SCMBlockDeletingService#1] INFO  block.SCMBlockDeletingService (SCMBlockDeletingService.java:call(182)) - Totally added 3 delete blocks command for 1 datanodes, task elapsed time: 1ms
2019-09-10 22:12:43,160 [pool-7-thread-1] INFO  commands.RetriableDatanodeEventWatcher (RetriableDatanodeEventWatcher.java:onTimeout(47)) - RetriableDatanodeCommand type=deleteBlocksCommand with id=1568153559756 timed out. Retrying.
2019-09-10 22:12:43,174 [pool-7-thread-1] INFO  commands.RetriableDatanodeEventWatcher (RetriableDatanodeEventWatcher.java:onTimeout(47)) - RetriableDatanodeCommand type=deleteBlocksCommand with id=1568153559766 timed out. Retrying.
2019-09-10 22:12:43,187 [pool-7-thread-1] INFO  commands.RetriableDatanodeEventWatcher (RetriableDatanodeEventWatcher.java:onTimeout(47)) - RetriableDatanodeCommand type=deleteBlocksCommand with id=1568153559776 timed out. Retrying.
2019-09-10 22:12:43,198 [SCMBlockDeletingService#1] DEBUG block.SCMBlockDeletingService (SCMBlockDeletingService.java:call(138)) - Running DeletedBlockTransactionScanner
2019-09-10 22:12:43,199 [SCMBlockDeletingService#1] DEBUG block.SCMBlockDeletingService (SCMBlockDeletingService.java:call(155)) - Scanned deleted blocks log and got 3 delTX to process.
2019-09-10 22:12:43,199 [SCMBlockDeletingService#1] DEBUG block.SCMBlockDeletingService (SCMBlockDeletingService.java:call(171)) - Added delete block command for datanode ed5d81fa-aaf0-49db-aa57-acca1dd387bd in the queue, number of delete block transactions: 3, TxID list: 1,2,3
2019-09-10 22:12:43,199 [SCMBlockDeletingService#1] INFO  block.SCMBlockDeletingService (SCMBlockDeletingService.java:call(182)) - Totally added 3 delete blocks command for 1 datanodes, task elapsed time: 1ms
2019-09-10 22:12:43,263 [pool-7-thread-1] INFO  commands.RetriableDatanodeEventWatcher (RetriableDatanodeEventWatcher.java:onTimeout(47)) - RetriableDatanodeCommand type=deleteBlocksCommand with id=1568153559757 timed out. Retrying.
2019-09-10 22:12:43,276 [pool-7-thread-1] INFO  commands.RetriableDatanodeEventWatcher (RetriableDatanodeEventWatcher.java:onTimeout(47)) - RetriableDatanodeCommand type=deleteBlocksCommand with id=1568153559767 timed out. Retrying.
2019-09-10 22:12:43,288 [pool-7-thread-1] INFO  commands.RetriableDatanodeEventWatcher (RetriableDatanodeEventWatcher.java:onTimeout(47)) - RetriableDatanodeCommand type=deleteBlocksCommand with id=1568153559777 timed out. Retrying.
2019-09-10 22:12:43,300 [SCMBlockDeletingService#1] DEBUG block.SCMBlockDeletingService (SCMBlockDeletingService.java:call(138)) - Running DeletedBlockTransactionScanner
2019-09-10 22:12:43,300 [SCMBlockDeletingService#1] DEBUG block.SCMBlockDeletingService (SCMBlockDeletingService.java:call(155)) - Scanned deleted blocks log and got 3 delTX to process.
2019-09-10 22:12:43,300 [SCMBlockDeletingService#1] DEBUG block.SCMBlockDeletingService (SCMBlockDeletingService.java:call(171)) - Added delete block command for datanode ed5d81fa-aaf0-49db-aa57-acca1dd387bd in the queue, number of delete block transactions: 3, TxID list: 1,2,3
2019-09-10 22:12:43,301 [SCMBlockDeletingService#1] INFO  block.SCMBlockDeletingService (SCMBlockDeletingService.java:call(182)) - Totally added 3 delete blocks command for 1 datanodes, task elapsed time: 2ms
2019-09-10 22:12:43,364 [pool-7-thread-1] INFO  commands.RetriableDatanodeEventWatcher (RetriableDatanodeEventWatcher.java:onTimeout(47)) - RetriableDatanodeCommand type=deleteBlocksCommand with id=1568153559758 timed out. Retrying.
2019-09-10 22:12:43,377 [pool-7-thread-1] INFO  commands.RetriableDatanodeEventWatcher (RetriableDatanodeEventWatcher.java:onTimeout(47)) - RetriableDatanodeCommand type=deleteBlocksCommand with id=1568153559768 timed out. Retrying.
2019-09-10 22:12:43,391 [pool-7-thread-1] INFO  commands.RetriableDatanodeEventWatcher (RetriableDatanodeEventWatcher.java:onTimeout(47)) - RetriableDatanodeCommand type=deleteBlocksCommand with id=1568153559778 timed out. Retrying.
2019-09-10 22:12:43,401 [SCMBlockDeletingService#1] DEBUG block.SCMBlockDeletingService (SCMBlockDeletingService.java:call(138)) - Running DeletedBlockTransactionScanner
2019-09-10 22:12:43,402 [SCMBlockDeletingService#1] DEBUG block.SCMBlockDeletingService (SCMBlockDeletingService.java:call(155)) - Scanned deleted blocks log and got 3 delTX to process.
2019-09-10 22:12:43,402 [SCMBlockDeletingService#1] DEBUG block.SCMBlockDeletingService (SCMBlockDeletingService.java:call(171)) - Added delete block command for datanode ed5d81fa-aaf0-49db-aa57-acca1dd387bd in the queue, number of delete block transactions: 3, TxID list: 1,2,3
2019-09-10 22:12:43,403 [SCMBlockDeletingService#1] INFO  block.SCMBlockDeletingService (SCMBlockDeletingService.java:call(182)) - Totally added 3 delete blocks command for 1 datanodes, task elapsed time: 1ms
2019-09-10 22:12:43,464 [pool-7-thread-1] INFO  commands.RetriableDatanodeEventWatcher (RetriableDatanodeEventWatcher.java:onTimeout(47)) - RetriableDatanodeCommand type=deleteBlocksCommand with id=1568153559759 timed out. Retrying.
2019-09-10 22:12:43,480 [pool-7-thread-1] INFO  commands.RetriableDatanodeEventWatcher (RetriableDatanodeEventWatcher.java:onTimeout(47)) - RetriableDatanodeCommand type=deleteBlocksCommand with id=1568153559769 timed out. Retrying.
2019-09-10 22:12:43,492 [pool-7-thread-1] INFO  commands.RetriableDatanodeEventWatcher (RetriableDatanodeEventWatcher.java:onTimeout(47)) - RetriableDatanodeCommand type=deleteBlocksCommand with id=1568153559779 timed out. Retrying.
2019-09-10 22:12:43,503 [SCMBlockDeletingService#1] DEBUG block.SCMBlockDeletingService (SCMBlockDeletingService.java:call(138)) - Running DeletedBlockTransactionScanner
2019-09-10 22:12:43,503 [SCMBlockDeletingService#1] DEBUG block.SCMBlockDeletingService (SCMBlockDeletingService.java:call(155)) - Scanned deleted blocks log and got 3 delTX to process.
2019-09-10 22:12:43,504 [SCMBlockDeletingService#1] DEBUG block.SCMBlockDeletingService (SCMBlockDeletingService.java:call(171)) - Added delete block command for datanode ed5d81fa-aaf0-49db-aa57-acca1dd387bd in the queue, number of delete block transactions: 3, TxID list: 1,2,3
2019-09-10 22:12:43,504 [SCMBlockDeletingService#1] INFO  block.SCMBlockDeletingService (SCMBlockDeletingService.java:call(182)) - Totally added 3 delete blocks command for 1 datanodes, task elapsed time: 1ms
2019-09-10 22:12:43,567 [pool-7-thread-1] INFO  commands.RetriableDatanodeEventWatcher (RetriableDatanodeEventWatcher.java:onTimeout(47)) - RetriableDatanodeCommand type=deleteBlocksCommand with id=1568153559760 timed out. Retrying.
2019-09-10 22:12:43,580 [pool-7-thread-1] INFO  commands.RetriableDatanodeEventWatcher (RetriableDatanodeEventWatcher.java:onTimeout(47)) - RetriableDatanodeCommand type=deleteBlocksCommand with id=1568153559770 timed out. Retrying.
2019-09-10 22:12:43,592 [pool-7-thread-1] INFO  commands.RetriableDatanodeEventWatcher (RetriableDatanodeEventWatcher.java:onTimeout(47)) - RetriableDatanodeCommand type=deleteBlocksCommand with id=1568153559780 timed out. Retrying.
2019-09-10 22:12:43,605 [SCMBlockDeletingService#1] DEBUG block.SCMBlockDeletingService (SCMBlockDeletingService.java:call(138)) - Running DeletedBlockTransactionScanner
2019-09-10 22:12:43,605 [SCMBlockDeletingService#1] DEBUG block.SCMBlockDeletingService (SCMBlockDeletingService.java:call(155)) - Scanned deleted blocks log and got 3 delTX to process.
2019-09-10 22:12:43,605 [SCMBlockDeletingService#1] DEBUG block.SCMBlockDeletingService (SCMBlockDeletingService.java:call(171)) - Added delete block command for datanode ed5d81fa-aaf0-49db-aa57-acca1dd387bd in the queue, number of delete block transactions: 3, TxID list: 1,2,3
2019-09-10 22:12:43,606 [SCMBlockDeletingService#1] INFO  block.SCMBlockDeletingService (SCMBlockDeletingService.java:call(182)) - Totally added 3 delete blocks command for 1 datanodes, task elapsed time: 1ms
2019-09-10 22:12:43,669 [pool-7-thread-1] INFO  commands.RetriableDatanodeEventWatcher (RetriableDatanodeEventWatcher.java:onTimeout(47)) - RetriableDatanodeCommand type=deleteBlocksCommand with id=1568153559761 timed out. Retrying.
2019-09-10 22:12:43,680 [pool-7-thread-1] INFO  commands.RetriableDatanodeEventWatcher (RetriableDatanodeEventWatcher.java:onTimeout(47)) - RetriableDatanodeCommand type=deleteBlocksCommand with id=1568153559771 timed out. Retrying.
2019-09-10 22:12:43,694 [pool-7-thread-1] INFO  commands.RetriableDatanodeEventWatcher (RetriableDatanodeEventWatcher.java:onTimeout(47)) - RetriableDatanodeCommand type=deleteBlocksCommand with id=1568153559781 timed out. Retrying.
2019-09-10 22:12:43,706 [SCMBlockDeletingService#1] DEBUG block.SCMBlockDeletingService (SCMBlockDeletingService.java:call(138)) - Running DeletedBlockTransactionScanner
2019-09-10 22:12:43,707 [SCMBlockDeletingService#1] DEBUG block.SCMBlockDeletingService (SCMBlockDeletingService.java:call(155)) - Scanned deleted blocks log and got 3 delTX to process.
2019-09-10 22:12:43,707 [SCMBlockDeletingService#1] DEBUG block.SCMBlockDeletingService (SCMBlockDeletingService.java:call(171)) - Added delete block command for datanode ed5d81fa-aaf0-49db-aa57-acca1dd387bd in the queue, number of delete block transactions: 3, TxID list: 1,2,3
2019-09-10 22:12:43,707 [SCMBlockDeletingService#1] INFO  block.SCMBlockDeletingService (SCMBlockDeletingService.java:call(182)) - Totally added 3 delete blocks command for 1 datanodes, task elapsed time: 1ms
2019-09-10 22:12:43,755 [pool-7-thread-1] INFO  commands.RetriableDatanodeEventWatcher (RetriableDatanodeEventWatcher.java:onTimeout(47)) - RetriableDatanodeCommand type=deleteBlocksCommand with id=1568153559752 timed out. Retrying.
2019-09-10 22:12:43,771 [pool-7-thread-1] INFO  commands.RetriableDatanodeEventWatcher (RetriableDatanodeEventWatcher.java:onTimeout(47)) - RetriableDatanodeCommand type=deleteBlocksCommand with id=1568153559762 timed out. Retrying.
2019-09-10 22:12:43,782 [pool-7-thread-1] INFO  commands.RetriableDatanodeEventWatcher (RetriableDatanodeEventWatcher.java:onTimeout(47)) - RetriableDatanodeCommand type=deleteBlocksCommand with id=1568153559772 timed out. Retrying.
2019-09-10 22:12:43,796 [pool-7-thread-1] INFO  commands.RetriableDatanodeEventWatcher (RetriableDatanodeEventWatcher.java:onTimeout(47)) - RetriableDatanodeCommand type=deleteBlocksCommand with id=1568153559782 timed out. Retrying.
2019-09-10 22:12:43,807 [SCMBlockDeletingService#1] DEBUG block.SCMBlockDeletingService (SCMBlockDeletingService.java:call(138)) - Running DeletedBlockTransactionScanner
2019-09-10 22:12:43,808 [SCMBlockDeletingService#1] DEBUG block.SCMBlockDeletingService (SCMBlockDeletingService.java:call(155)) - Scanned deleted blocks log and got 3 delTX to process.
2019-09-10 22:12:43,808 [SCMBlockDeletingService#1] DEBUG block.SCMBlockDeletingService (SCMBlockDeletingService.java:call(171)) - Added delete block command for datanode ed5d81fa-aaf0-49db-aa57-acca1dd387bd in the queue, number of delete block transactions: 3, TxID list: 1,2,3
2019-09-10 22:12:43,808 [SCMBlockDeletingService#1] INFO  block.SCMBlockDeletingService (SCMBlockDeletingService.java:call(182)) - Totally added 3 delete blocks command for 1 datanodes, task elapsed time: 1ms
2019-09-10 22:12:43,854 [pool-7-thread-1] INFO  commands.RetriableDatanodeEventWatcher (RetriableDatanodeEventWatcher.java:onTimeout(47)) - RetriableDatanodeCommand type=deleteBlocksCommand with id=1568153559753 timed out. Retrying.
2019-09-10 22:12:43,871 [pool-7-thread-1] INFO  commands.RetriableDatanodeEventWatcher (RetriableDatanodeEventWatcher.java:onTimeout(47)) - RetriableDatanodeCommand type=deleteBlocksCommand with id=1568153559763 timed out. Retrying.
2019-09-10 22:12:43,884 [pool-7-thread-1] INFO  commands.RetriableDatanodeEventWatcher (RetriableDatanodeEventWatcher.java:onTimeout(47)) - RetriableDatanodeCommand type=deleteBlocksCommand with id=1568153559773 timed out. Retrying.
2019-09-10 22:12:43,896 [pool-7-thread-1] INFO  commands.RetriableDatanodeEventWatcher (RetriableDatanodeEventWatcher.java:onTimeout(47)) - RetriableDatanodeCommand type=deleteBlocksCommand with id=1568153559783 timed out. Retrying.
2019-09-10 22:12:43,909 [SCMBlockDeletingService#1] DEBUG block.SCMBlockDeletingService (SCMBlockDeletingService.java:call(138)) - Running DeletedBlockTransactionScanner
2019-09-10 22:12:43,909 [SCMBlockDeletingService#1] DEBUG block.SCMBlockDeletingService (SCMBlockDeletingService.java:call(155)) - Scanned deleted blocks log and got 3 delTX to process.
2019-09-10 22:12:43,909 [SCMBlockDeletingService#1] DEBUG block.SCMBlockDeletingService (SCMBlockDeletingService.java:call(171)) - Added delete block command for datanode ed5d81fa-aaf0-49db-aa57-acca1dd387bd in the queue, number of delete block transactions: 3, TxID list: 1,2,3
2019-09-10 22:12:43,910 [SCMBlockDeletingService#1] INFO  block.SCMBlockDeletingService (SCMBlockDeletingService.java:call(182)) - Totally added 3 delete blocks command for 1 datanodes, task elapsed time: 1ms
2019-09-10 22:12:43,958 [pool-7-thread-1] INFO  commands.RetriableDatanodeEventWatcher (RetriableDatanodeEventWatcher.java:onTimeout(47)) - RetriableDatanodeCommand type=deleteBlocksCommand with id=1568153559754 timed out. Retrying.
2019-09-10 22:12:43,972 [pool-7-thread-1] INFO  commands.RetriableDatanodeEventWatcher (RetriableDatanodeEventWatcher.java:onTimeout(47)) - RetriableDatanodeCommand type=deleteBlocksCommand with id=1568153559764 timed out. Retrying.
2019-09-10 22:12:43,986 [pool-7-thread-1] INFO  commands.RetriableDatanodeEventWatcher (RetriableDatanodeEventWatcher.java:onTimeout(47)) - RetriableDatanodeCommand type=deleteBlocksCommand with id=1568153559774 timed out. Retrying.
2019-09-10 22:12:43,998 [pool-7-thread-1] INFO  commands.RetriableDatanodeEventWatcher (RetriableDatanodeEventWatcher.java:onTimeout(47)) - RetriableDatanodeCommand type=deleteBlocksCommand with id=1568153559784 timed out. Retrying.
2019-09-10 22:12:44,010 [SCMBlockDeletingService#1] DEBUG block.SCMBlockDeletingService (SCMBlockDeletingService.java:call(138)) - Running DeletedBlockTransactionScanner
2019-09-10 22:12:44,011 [SCMBlockDeletingService#1] DEBUG block.SCMBlockDeletingService (SCMBlockDeletingService.java:call(155)) - Scanned deleted blocks log and got 3 delTX to process.
2019-09-10 22:12:44,011 [SCMBlockDeletingService#1] DEBUG block.SCMBlockDeletingService (SCMBlockDeletingService.java:call(171)) - Added delete block command for datanode ed5d81fa-aaf0-49db-aa57-acca1dd387bd in the queue, number of delete block transactions: 3, TxID list: 1,2,3
2019-09-10 22:12:44,011 [SCMBlockDeletingService#1] INFO  block.SCMBlockDeletingService (SCMBlockDeletingService.java:call(182)) - Totally added 3 delete blocks command for 1 datanodes, task elapsed time: 1ms
2019-09-10 22:12:44,059 [pool-7-thread-1] INFO  commands.RetriableDatanodeEventWatcher (RetriableDatanodeEventWatcher.java:onTimeout(47)) - RetriableDatanodeCommand type=deleteBlocksCommand with id=1568153559755 timed out. Retrying.
2019-09-10 22:12:44,075 [pool-7-thread-1] INFO  commands.RetriableDatanodeEventWatcher (RetriableDatanodeEventWatcher.java:onTimeout(47)) - RetriableDatanodeCommand type=deleteBlocksCommand with id=1568153559765 timed out. Retrying.
2019-09-10 22:12:44,087 [pool-7-thread-1] INFO  commands.RetriableDatanodeEventWatcher (RetriableDatanodeEventWatcher.java:onTimeout(47)) - RetriableDatanodeCommand type=deleteBlocksCommand with id=1568153559775 timed out. Retrying.
2019-09-10 22:12:44,098 [pool-7-thread-1] INFO  commands.RetriableDatanodeEventWatcher (RetriableDatanodeEventWatcher.java:onTimeout(47)) - RetriableDatanodeCommand type=deleteBlocksCommand with id=1568153559785 timed out. Retrying.
2019-09-10 22:12:44,112 [SCMBlockDeletingService#1] DEBUG block.SCMBlockDeletingService (SCMBlockDeletingService.java:call(138)) - Running DeletedBlockTransactionScanner
2019-09-10 22:12:44,112 [SCMBlockDeletingService#1] DEBUG block.SCMBlockDeletingService (SCMBlockDeletingService.java:call(155)) - Scanned deleted blocks log and got 3 delTX to process.
2019-09-10 22:12:44,113 [SCMBlockDeletingService#1] DEBUG block.SCMBlockDeletingService (SCMBlockDeletingService.java:call(171)) - Added delete block command for datanode ed5d81fa-aaf0-49db-aa57-acca1dd387bd in the queue, number of delete block transactions: 3, TxID list: 1,2,3
2019-09-10 22:12:44,113 [SCMBlockDeletingService#1] INFO  block.SCMBlockDeletingService (SCMBlockDeletingService.java:call(182)) - Totally added 3 delete blocks command for 1 datanodes, task elapsed time: 2ms
2019-09-10 22:12:44,161 [pool-7-thread-1] INFO  commands.RetriableDatanodeEventWatcher (RetriableDatanodeEventWatcher.java:onTimeout(47)) - RetriableDatanodeCommand type=deleteBlocksCommand with id=1568153559756 timed out. Retrying.
2019-09-10 22:12:44,174 [pool-7-thread-1] INFO  commands.RetriableDatanodeEventWatcher (RetriableDatanodeEventWatcher.java:onTimeout(47)) - RetriableDatanodeCommand type=deleteBlocksCommand with id=1568153559766 timed out. Retrying.
2019-09-10 22:12:44,188 [pool-7-thread-1] INFO  commands.RetriableDatanodeEventWatcher (RetriableDatanodeEventWatcher.java:onTimeout(47)) - RetriableDatanodeCommand type=deleteBlocksCommand with id=1568153559776 timed out. Retrying.
2019-09-10 22:12:44,200 [pool-7-thread-1] INFO  commands.RetriableDatanodeEventWatcher (RetriableDatanodeEventWatcher.java:onTimeout(47)) - RetriableDatanodeCommand type=deleteBlocksCommand with id=1568153559786 timed out. Retrying.
2019-09-10 22:12:44,213 [SCMBlockDeletingService#1] DEBUG block.SCMBlockDeletingService (SCMBlockDeletingService.java:call(138)) - Running DeletedBlockTransactionScanner
2019-09-10 22:12:44,214 [SCMBlockDeletingService#1] DEBUG block.SCMBlockDeletingService (SCMBlockDeletingService.java:call(155)) - Scanned deleted blocks log and got 3 delTX to process.
2019-09-10 22:12:44,214 [SCMBlockDeletingService#1] DEBUG block.SCMBlockDeletingService (SCMBlockDeletingService.java:call(171)) - Added delete block command for datanode ed5d81fa-aaf0-49db-aa57-acca1dd387bd in the queue, number of delete block transactions: 3, TxID list: 1,2,3
2019-09-10 22:12:44,214 [SCMBlockDeletingService#1] INFO  block.SCMBlockDeletingService (SCMBlockDeletingService.java:call(182)) - Totally added 3 delete blocks command for 1 datanodes, task elapsed time: 1ms
2019-09-10 22:12:44,263 [pool-7-thread-1] INFO  commands.RetriableDatanodeEventWatcher (RetriableDatanodeEventWatcher.java:onTimeout(47)) - RetriableDatanodeCommand type=deleteBlocksCommand with id=1568153559757 timed out. Retrying.
2019-09-10 22:12:44,277 [pool-7-thread-1] INFO  commands.RetriableDatanodeEventWatcher (RetriableDatanodeEventWatcher.java:onTimeout(47)) - RetriableDatanodeCommand type=deleteBlocksCommand with id=1568153559767 timed out. Retrying.
2019-09-10 22:12:44,289 [pool-7-thread-1] INFO  commands.RetriableDatanodeEventWatcher (RetriableDatanodeEventWatcher.java:onTimeout(47)) - RetriableDatanodeCommand type=deleteBlocksCommand with id=1568153559777 timed out. Retrying.
2019-09-10 22:12:44,300 [pool-7-thread-1] INFO  commands.RetriableDatanodeEventWatcher (RetriableDatanodeEventWatcher.java:onTimeout(47)) - RetriableDatanodeCommand type=deleteBlocksCommand with id=1568153559787 timed out. Retrying.
2019-09-10 22:12:44,315 [SCMBlockDeletingService#1] DEBUG block.SCMBlockDeletingService (SCMBlockDeletingService.java:call(138)) - Running DeletedBlockTransactionScanner
2019-09-10 22:12:44,315 [SCMBlockDeletingService#1] DEBUG block.SCMBlockDeletingService (SCMBlockDeletingService.java:call(155)) - Scanned deleted blocks log and got 3 delTX to process.
2019-09-10 22:12:44,315 [SCMBlockDeletingService#1] DEBUG block.SCMBlockDeletingService (SCMBlockDeletingService.java:call(171)) - Added delete block command for datanode ed5d81fa-aaf0-49db-aa57-acca1dd387bd in the queue, number of delete block transactions: 3, TxID list: 1,2,3
2019-09-10 22:12:44,316 [SCMBlockDeletingService#1] INFO  block.SCMBlockDeletingService (SCMBlockDeletingService.java:call(182)) - Totally added 3 delete blocks command for 1 datanodes, task elapsed time: 2ms
2019-09-10 22:12:44,365 [pool-7-thread-1] INFO  commands.RetriableDatanodeEventWatcher (RetriableDatanodeEventWatcher.java:onTimeout(47)) - RetriableDatanodeCommand type=deleteBlocksCommand with id=1568153559758 timed out. Retrying.
2019-09-10 22:12:44,377 [pool-7-thread-1] INFO  commands.RetriableDatanodeEventWatcher (RetriableDatanodeEventWatcher.java:onTimeout(47)) - RetriableDatanodeCommand type=deleteBlocksCommand with id=1568153559768 timed out. Retrying.
2019-09-10 22:12:44,392 [pool-7-thread-1] INFO  commands.RetriableDatanodeEventWatcher (RetriableDatanodeEventWatcher.java:onTimeout(47)) - RetriableDatanodeCommand type=deleteBlocksCommand with id=1568153559778 timed out. Retrying.
2019-09-10 22:12:44,402 [pool-7-thread-1] INFO  commands.RetriableDatanodeEventWatcher (RetriableDatanodeEventWatcher.java:onTimeout(47)) - RetriableDatanodeCommand type=deleteBlocksCommand with id=1568153559788 timed out. Retrying.
2019-09-10 22:12:44,416 [SCMBlockDeletingService#1] DEBUG block.SCMBlockDeletingService (SCMBlockDeletingService.java:call(138)) - Running DeletedBlockTransactionScanner
2019-09-10 22:12:44,417 [SCMBlockDeletingService#1] DEBUG block.SCMBlockDeletingService (SCMBlockDeletingService.java:call(155)) - Scanned deleted blocks log and got 3 delTX to process.
2019-09-10 22:12:44,417 [SCMBlockDeletingService#1] DEBUG block.SCMBlockDeletingService (SCMBlockDeletingService.java:call(171)) - Added delete block command for datanode ed5d81fa-aaf0-49db-aa57-acca1dd387bd in the queue, number of delete block transactions: 3, TxID list: 1,2,3
2019-09-10 22:12:44,417 [SCMBlockDeletingService#1] INFO  block.SCMBlockDeletingService (SCMBlockDeletingService.java:call(182)) - Totally added 3 delete blocks command for 1 datanodes, task elapsed time: 1ms
2019-09-10 22:12:44,464 [pool-7-thread-1] INFO  commands.RetriableDatanodeEventWatcher (RetriableDatanodeEventWatcher.java:onTimeout(47)) - RetriableDatanodeCommand type=deleteBlocksCommand with id=1568153559759 timed out. Retrying.
2019-09-10 22:12:44,481 [pool-7-thread-1] INFO  commands.RetriableDatanodeEventWatcher (RetriableDatanodeEventWatcher.java:onTimeout(47)) - RetriableDatanodeCommand type=deleteBlocksCommand with id=1568153559769 timed out. Retrying.
2019-09-10 22:12:44,492 [pool-7-thread-1] INFO  commands.RetriableDatanodeEventWatcher (RetriableDatanodeEventWatcher.java:onTimeout(47)) - RetriableDatanodeCommand type=deleteBlocksCommand with id=1568153559779 timed out. Retrying.
2019-09-10 22:12:44,504 [pool-7-thread-1] INFO  commands.RetriableDatanodeEventWatcher (RetriableDatanodeEventWatcher.java:onTimeout(47)) - RetriableDatanodeCommand type=deleteBlocksCommand with id=1568153559789 timed out. Retrying.
2019-09-10 22:12:44,518 [SCMBlockDeletingService#1] DEBUG block.SCMBlockDeletingService (SCMBlockDeletingService.java:call(138)) - Running DeletedBlockTransactionScanner
2019-09-10 22:12:44,518 [SCMBlockDeletingService#1] DEBUG block.SCMBlockDeletingService (SCMBlockDeletingService.java:call(155)) - Scanned deleted blocks log and got 3 delTX to process.
2019-09-10 22:12:44,518 [SCMBlockDeletingService#1] DEBUG block.SCMBlockDeletingService (SCMBlockDeletingService.java:call(171)) - Added delete block command for datanode ed5d81fa-aaf0-49db-aa57-acca1dd387bd in the queue, number of delete block transactions: 3, TxID list: 1,2,3
2019-09-10 22:12:44,519 [SCMBlockDeletingService#1] INFO  block.SCMBlockDeletingService (SCMBlockDeletingService.java:call(182)) - Totally added 3 delete blocks command for 1 datanodes, task elapsed time: 1ms
2019-09-10 22:12:44,568 [pool-7-thread-1] INFO  commands.RetriableDatanodeEventWatcher (RetriableDatanodeEventWatcher.java:onTimeout(47)) - RetriableDatanodeCommand type=deleteBlocksCommand with id=1568153559760 timed out. Retrying.
2019-09-10 22:12:44,581 [pool-7-thread-1] INFO  commands.RetriableDatanodeEventWatcher (RetriableDatanodeEventWatcher.java:onTimeout(47)) - RetriableDatanodeCommand type=deleteBlocksCommand with id=1568153559770 timed out. Retrying.
2019-09-10 22:12:44,592 [pool-7-thread-1] INFO  commands.RetriableDatanodeEventWatcher (RetriableDatanodeEventWatcher.java:onTimeout(47)) - RetriableDatanodeCommand type=deleteBlocksCommand with id=1568153559780 timed out. Retrying.
2019-09-10 22:12:44,606 [pool-7-thread-1] INFO  commands.RetriableDatanodeEventWatcher (RetriableDatanodeEventWatcher.java:onTimeout(47)) - RetriableDatanodeCommand type=deleteBlocksCommand with id=1568153559790 timed out. Retrying.
2019-09-10 22:12:44,619 [SCMBlockDeletingService#1] DEBUG block.SCMBlockDeletingService (SCMBlockDeletingService.java:call(138)) - Running DeletedBlockTransactionScanner
2019-09-10 22:12:44,619 [SCMBlockDeletingService#1] DEBUG block.SCMBlockDeletingService (SCMBlockDeletingService.java:call(155)) - Scanned deleted blocks log and got 3 delTX to process.
2019-09-10 22:12:44,619 [SCMBlockDeletingService#1] DEBUG block.SCMBlockDeletingService (SCMBlockDeletingService.java:call(171)) - Added delete block command for datanode ed5d81fa-aaf0-49db-aa57-acca1dd387bd in the queue, number of delete block transactions: 3, TxID list: 1,2,3
2019-09-10 22:12:44,620 [SCMBlockDeletingService#1] INFO  block.SCMBlockDeletingService (SCMBlockDeletingService.java:call(182)) - Totally added 3 delete blocks command for 1 datanodes, task elapsed time: 0ms
2019-09-10 22:12:44,650 [main] INFO  ozoneimpl.OzoneContainer (OzoneContainer.java:stop(215)) - Attempting to stop container services.
2019-09-10 22:12:44,652 [main] INFO  impl.RaftServerProxy (RaftServerProxy.java:lambda$close$4(314)) - ed5d81fa-aaf0-49db-aa57-acca1dd387bd: close
2019-09-10 22:12:44,653 [main] INFO  impl.RaftServerImpl (RaftServerImpl.java:lambda$shutdown$3(245)) - ed5d81fa-aaf0-49db-aa57-acca1dd387bd: shutdown group-729F0664FEA8
2019-09-10 22:12:44,653 [main] INFO  util.JmxRegister (JmxRegister.java:unregister(73)) - Successfully un-registered JMX Bean with object name Ratis:service=RaftServer,group=group-729F0664FEA8,id=ed5d81fa-aaf0-49db-aa57-acca1dd387bd
2019-09-10 22:12:44,654 [main] INFO  impl.RoleInfo (RoleInfo.java:shutdownLeaderState(104)) - ed5d81fa-aaf0-49db-aa57-acca1dd387bd: shutdown LeaderState
2019-09-10 22:12:44,655 [main] INFO  impl.PendingRequests (PendingRequests.java:sendNotLeaderResponses(202)) - ed5d81fa-aaf0-49db-aa57-acca1dd387bd-PendingRequests: sendNotLeaderResponses
2019-09-10 22:12:44,659 [main] INFO  impl.StateMachineUpdater (StateMachineUpdater.java:stopAndJoin(115)) - StateMachineUpdater:ed5d81fa-aaf0-49db-aa57-acca1dd387bd:group-729F0664FEA8: set stopIndex = 6227
2019-09-10 22:12:44,659 [StateMachineUpdater:ed5d81fa-aaf0-49db-aa57-acca1dd387bd:group-729F0664FEA8] INFO  ratis.ContainerStateMachine (ContainerStateMachine.java:takeSnapshot(284)) - group-729F0664FEA8: Taking a snapshot at:(t:1, i:6226) file /workdir/hadoop-ozone/integration-test/target/test-dir/MiniOzoneClusterImpl-60bdcf22-3eb0-4011-b7cb-43d16866ba5a/datanode-0/data/ratis/a92760da-343f-4e6a-a8dc-729f0664fea8/sm/snapshot.1_6226
2019-09-10 22:12:44,670 [pool-7-thread-1] INFO  commands.RetriableDatanodeEventWatcher (RetriableDatanodeEventWatcher.java:onTimeout(47)) - RetriableDatanodeCommand type=deleteBlocksCommand with id=1568153559761 timed out. Retrying.
2019-09-10 22:12:44,680 [pool-7-thread-1] INFO  commands.RetriableDatanodeEventWatcher (RetriableDatanodeEventWatcher.java:onTimeout(47)) - RetriableDatanodeCommand type=deleteBlocksCommand with id=1568153559771 timed out. Retrying.
2019-09-10 22:12:44,683 [StateMachineUpdater:ed5d81fa-aaf0-49db-aa57-acca1dd387bd:group-729F0664FEA8] INFO  ratis.ContainerStateMachine (ContainerStateMachine.java:takeSnapshot(295)) - group-729F0664FEA8: Finished taking a snapshot at:(t:1, i:6226) file:/workdir/hadoop-ozone/integration-test/target/test-dir/MiniOzoneClusterImpl-60bdcf22-3eb0-4011-b7cb-43d16866ba5a/datanode-0/data/ratis/a92760da-343f-4e6a-a8dc-729f0664fea8/sm/snapshot.1_6226 time:24
2019-09-10 22:12:44,683 [StateMachineUpdater:ed5d81fa-aaf0-49db-aa57-acca1dd387bd:group-729F0664FEA8] INFO  impl.StateMachineUpdater (StateMachineUpdater.java:takeSnapshot(242)) - StateMachineUpdater:ed5d81fa-aaf0-49db-aa57-acca1dd387bd:group-729F0664FEA8: Took a snapshot at index 6226
2019-09-10 22:12:44,684 [StateMachineUpdater:ed5d81fa-aaf0-49db-aa57-acca1dd387bd:group-729F0664FEA8] INFO  impl.StateMachineUpdater (StateMachineUpdater.java:lambda$new$0(80)) - StateMachineUpdater:ed5d81fa-aaf0-49db-aa57-acca1dd387bd:group-729F0664FEA8: snapshotIndex: updateIncreasingly -1 -> 6226
2019-09-10 22:12:44,691 [main] INFO  impl.RaftServerImpl (ServerState.java:close(394)) - ed5d81fa-aaf0-49db-aa57-acca1dd387bd:group-729F0664FEA8 closes. The last applied log index is 6227
2019-09-10 22:12:44,694 [ed5d81fa-aaf0-49db-aa57-acca1dd387bd-SegmentedRaftLogWorker:Storage Directory /workdir/hadoop-ozone/integration-test/target/test-dir/MiniOzoneClusterImpl-60bdcf22-3eb0-4011-b7cb-43d16866ba5a/datanode-0/data/ratis/a92760da-343f-4e6a-a8dc-729f0664fea8] INFO  segmented.SegmentedRaftLogWorker (SegmentedRaftLogWorker.java:run(313)) - ed5d81fa-aaf0-49db-aa57-acca1dd387bd-SegmentedRaftLogWorker:Storage Directory /workdir/hadoop-ozone/integration-test/target/test-dir/MiniOzoneClusterImpl-60bdcf22-3eb0-4011-b7cb-43d16866ba5a/datanode-0/data/ratis/a92760da-343f-4e6a-a8dc-729f0664fea8 was interrupted, exiting. There are 0 tasks remaining in the queue.
2019-09-10 22:12:44,695 [pool-7-thread-1] INFO  commands.RetriableDatanodeEventWatcher (RetriableDatanodeEventWatcher.java:onTimeout(47)) - RetriableDatanodeCommand type=deleteBlocksCommand with id=1568153559781 timed out. Retrying.
2019-09-10 22:12:44,695 [main] INFO  segmented.SegmentedRaftLogWorker (SegmentedRaftLogWorker.java:close(228)) - ed5d81fa-aaf0-49db-aa57-acca1dd387bd-SegmentedRaftLogWorker:Storage Directory /workdir/hadoop-ozone/integration-test/target/test-dir/MiniOzoneClusterImpl-60bdcf22-3eb0-4011-b7cb-43d16866ba5a/datanode-0/data/ratis/a92760da-343f-4e6a-a8dc-729f0664fea8 close()
2019-09-10 22:12:44,697 [main] INFO  server.GrpcService (GrpcService.java:closeImpl(155)) - ed5d81fa-aaf0-49db-aa57-acca1dd387bd: shutdown server with port 39028 now
2019-09-10 22:12:44,700 [main] INFO  server.GrpcService (GrpcService.java:closeImpl(163)) - ed5d81fa-aaf0-49db-aa57-acca1dd387bd: shutdown server with port 39028 successfully
2019-09-10 22:12:44,706 [pool-7-thread-1] INFO  commands.RetriableDatanodeEventWatcher (RetriableDatanodeEventWatcher.java:onTimeout(47)) - RetriableDatanodeCommand type=deleteBlocksCommand with id=1568153559791 timed out. Retrying.
2019-09-10 22:12:44,706 [refreshUsed-/workdir/hadoop-ozone/integration-test/target/test-dir/MiniOzoneClusterImpl-60bdcf22-3eb0-4011-b7cb-43d16866ba5a/datanode-0/data/containers] WARN  fs.CachingGetSpaceUsed (CachingGetSpaceUsed.java:run(183)) - Thread Interrupted waiting to refresh disk information: sleep interrupted
2019-09-10 22:12:44,718 [main] INFO  utils.BackgroundService (BackgroundService.java:shutdown(148)) - Shutting down service BlockDeletingService
2019-09-10 22:12:44,720 [SCMBlockDeletingService#1] DEBUG block.SCMBlockDeletingService (SCMBlockDeletingService.java:call(138)) - Running DeletedBlockTransactionScanner
2019-09-10 22:12:44,721 [main] INFO  statemachine.DatanodeStateMachine (DatanodeStateMachine.java:stopDaemon(395)) - Ozone container server stopped.
2019-09-10 22:12:44,721 [SCMBlockDeletingService#1] DEBUG block.SCMBlockDeletingService (SCMBlockDeletingService.java:call(155)) - Scanned deleted blocks log and got 3 delTX to process.
2019-09-10 22:12:44,722 [SCMBlockDeletingService#1] DEBUG block.SCMBlockDeletingService (SCMBlockDeletingService.java:call(171)) - Added delete block command for datanode ed5d81fa-aaf0-49db-aa57-acca1dd387bd in the queue, number of delete block transactions: 3, TxID list: 1,2,3
2019-09-10 22:12:44,724 [SCMBlockDeletingService#1] INFO  block.SCMBlockDeletingService (SCMBlockDeletingService.java:call(182)) - Totally added 3 delete blocks command for 1 datanodes, task elapsed time: 4ms
2019-09-10 22:12:44,727 [main] INFO  handler.ContextHandler (ContextHandler.java:doStop(910)) - Stopped o.e.j.w.WebAppContext@4fc3c165{/,null,UNAVAILABLE}{/hddsDatanode}
2019-09-10 22:12:44,731 [main] INFO  server.AbstractConnector (AbstractConnector.java:doStop(318)) - Stopped ServerConnector@10a0fe30{HTTP/1.1,[http/1.1]}{0.0.0.0:0}
2019-09-10 22:12:44,732 [main] INFO  handler.ContextHandler (ContextHandler.java:doStop(910)) - Stopped o.e.j.s.ServletContextHandler@22587507{/static,jar:file:/home/user/.m2/repository/org/apache/hadoop/hadoop-hdds-container-service/0.5.0-SNAPSHOT/hadoop-hdds-container-service-0.5.0-SNAPSHOT.jar!/webapps/static,UNAVAILABLE}
2019-09-10 22:12:44,732 [main] INFO  handler.ContextHandler (ContextHandler.java:doStop(910)) - Stopped o.e.j.s.ServletContextHandler@48d293ee{/logs,file:///workdir/hadoop-ozone/integration-test/target/log,UNAVAILABLE}
2019-09-10 22:12:44,756 [pool-7-thread-1] INFO  commands.RetriableDatanodeEventWatcher (RetriableDatanodeEventWatcher.java:onTimeout(47)) - RetriableDatanodeCommand type=deleteBlocksCommand with id=1568153559752 timed out. Retrying.
2019-09-10 22:12:44,772 [pool-7-thread-1] INFO  commands.RetriableDatanodeEventWatcher (RetriableDatanodeEventWatcher.java:onTimeout(47)) - RetriableDatanodeCommand type=deleteBlocksCommand with id=1568153559762 timed out. Retrying.
2019-09-10 22:12:44,782 [pool-7-thread-1] INFO  commands.RetriableDatanodeEventWatcher (RetriableDatanodeEventWatcher.java:onTimeout(47)) - RetriableDatanodeCommand type=deleteBlocksCommand with id=1568153559772 timed out. Retrying.
2019-09-10 22:12:44,796 [pool-7-thread-1] INFO  commands.RetriableDatanodeEventWatcher (RetriableDatanodeEventWatcher.java:onTimeout(47)) - RetriableDatanodeCommand type=deleteBlocksCommand with id=1568153559782 timed out. Retrying.
2019-09-10 22:12:44,809 [pool-7-thread-1] INFO  commands.RetriableDatanodeEventWatcher (RetriableDatanodeEventWatcher.java:onTimeout(47)) - RetriableDatanodeCommand type=deleteBlocksCommand with id=1568153559792 timed out. Retrying.
2019-09-10 22:12:44,824 [SCMBlockDeletingService#1] DEBUG block.SCMBlockDeletingService (SCMBlockDeletingService.java:call(138)) - Running DeletedBlockTransactionScanner
2019-09-10 22:12:44,825 [SCMBlockDeletingService#1] DEBUG block.SCMBlockDeletingService (SCMBlockDeletingService.java:call(155)) - Scanned deleted blocks log and got 3 delTX to process.
2019-09-10 22:12:44,825 [SCMBlockDeletingService#1] DEBUG block.SCMBlockDeletingService (SCMBlockDeletingService.java:call(171)) - Added delete block command for datanode ed5d81fa-aaf0-49db-aa57-acca1dd387bd in the queue, number of delete block transactions: 3, TxID list: 1,2,3
2019-09-10 22:12:44,826 [SCMBlockDeletingService#1] INFO  block.SCMBlockDeletingService (SCMBlockDeletingService.java:call(182)) - Totally added 3 delete blocks command for 1 datanodes, task elapsed time: 1ms
2019-09-10 22:12:44,854 [pool-7-thread-1] INFO  commands.RetriableDatanodeEventWatcher (RetriableDatanodeEventWatcher.java:onTimeout(47)) - RetriableDatanodeCommand type=deleteBlocksCommand with id=1568153559753 timed out. Retrying.
2019-09-10 22:12:44,872 [pool-7-thread-1] INFO  commands.RetriableDatanodeEventWatcher (RetriableDatanodeEventWatcher.java:onTimeout(47)) - RetriableDatanodeCommand type=deleteBlocksCommand with id=1568153559763 timed out. Retrying.
2019-09-10 22:12:44,884 [pool-7-thread-1] INFO  commands.RetriableDatanodeEventWatcher (RetriableDatanodeEventWatcher.java:onTimeout(47)) - RetriableDatanodeCommand type=deleteBlocksCommand with id=1568153559773 timed out. Retrying.
2019-09-10 22:12:44,896 [pool-7-thread-1] INFO  commands.RetriableDatanodeEventWatcher (RetriableDatanodeEventWatcher.java:onTimeout(47)) - RetriableDatanodeCommand type=deleteBlocksCommand with id=1568153559783 timed out. Retrying.
2019-09-10 22:12:44,910 [pool-7-thread-1] INFO  commands.RetriableDatanodeEventWatcher (RetriableDatanodeEventWatcher.java:onTimeout(47)) - RetriableDatanodeCommand type=deleteBlocksCommand with id=1568153559793 timed out. Retrying.
2019-09-10 22:12:44,926 [SCMBlockDeletingService#1] DEBUG block.SCMBlockDeletingService (SCMBlockDeletingService.java:call(138)) - Running DeletedBlockTransactionScanner
2019-09-10 22:12:44,927 [SCMBlockDeletingService#1] DEBUG block.SCMBlockDeletingService (SCMBlockDeletingService.java:call(155)) - Scanned deleted blocks log and got 3 delTX to process.
2019-09-10 22:12:44,927 [SCMBlockDeletingService#1] DEBUG block.SCMBlockDeletingService (SCMBlockDeletingService.java:call(171)) - Added delete block command for datanode ed5d81fa-aaf0-49db-aa57-acca1dd387bd in the queue, number of delete block transactions: 3, TxID list: 1,2,3
2019-09-10 22:12:44,927 [SCMBlockDeletingService#1] INFO  block.SCMBlockDeletingService (SCMBlockDeletingService.java:call(182)) - Totally added 3 delete blocks command for 1 datanodes, task elapsed time: 1ms
2019-09-10 22:12:44,958 [pool-7-thread-1] INFO  commands.RetriableDatanodeEventWatcher (RetriableDatanodeEventWatcher.java:onTimeout(47)) - RetriableDatanodeCommand type=deleteBlocksCommand with id=1568153559754 timed out. Retrying.
2019-09-10 22:12:44,973 [pool-7-thread-1] INFO  commands.RetriableDatanodeEventWatcher (RetriableDatanodeEventWatcher.java:onTimeout(47)) - RetriableDatanodeCommand type=deleteBlocksCommand with id=1568153559764 timed out. Retrying.
2019-09-10 22:12:44,986 [pool-7-thread-1] INFO  commands.RetriableDatanodeEventWatcher (RetriableDatanodeEventWatcher.java:onTimeout(47)) - RetriableDatanodeCommand type=deleteBlocksCommand with id=1568153559774 timed out. Retrying.
2019-09-10 22:12:44,998 [pool-7-thread-1] INFO  commands.RetriableDatanodeEventWatcher (RetriableDatanodeEventWatcher.java:onTimeout(47)) - RetriableDatanodeCommand type=deleteBlocksCommand with id=1568153559784 timed out. Retrying.
2019-09-10 22:12:45,011 [pool-7-thread-1] INFO  commands.RetriableDatanodeEventWatcher (RetriableDatanodeEventWatcher.java:onTimeout(47)) - RetriableDatanodeCommand type=deleteBlocksCommand with id=1568153559794 timed out. Retrying.
2019-09-10 22:12:45,028 [SCMBlockDeletingService#1] DEBUG block.SCMBlockDeletingService (SCMBlockDeletingService.java:call(138)) - Running DeletedBlockTransactionScanner
2019-09-10 22:12:45,028 [SCMBlockDeletingService#1] DEBUG block.SCMBlockDeletingService (SCMBlockDeletingService.java:call(155)) - Scanned deleted blocks log and got 3 delTX to process.
2019-09-10 22:12:45,029 [SCMBlockDeletingService#1] DEBUG block.SCMBlockDeletingService (SCMBlockDeletingService.java:call(171)) - Added delete block command for datanode ed5d81fa-aaf0-49db-aa57-acca1dd387bd in the queue, number of delete block transactions: 3, TxID list: 1,2,3
2019-09-10 22:12:45,029 [SCMBlockDeletingService#1] INFO  block.SCMBlockDeletingService (SCMBlockDeletingService.java:call(182)) - Totally added 3 delete blocks command for 1 datanodes, task elapsed time: 2ms
2019-09-10 22:12:45,060 [pool-7-thread-1] INFO  commands.RetriableDatanodeEventWatcher (RetriableDatanodeEventWatcher.java:onTimeout(47)) - RetriableDatanodeCommand type=deleteBlocksCommand with id=1568153559755 timed out. Retrying.
2019-09-10 22:12:45,076 [pool-7-thread-1] INFO  commands.RetriableDatanodeEventWatcher (RetriableDatanodeEventWatcher.java:onTimeout(47)) - RetriableDatanodeCommand type=deleteBlocksCommand with id=1568153559765 timed out. Retrying.
2019-09-10 22:12:45,087 [pool-7-thread-1] INFO  commands.RetriableDatanodeEventWatcher (RetriableDatanodeEventWatcher.java:onTimeout(47)) - RetriableDatanodeCommand type=deleteBlocksCommand with id=1568153559775 timed out. Retrying.
2019-09-10 22:12:45,098 [pool-7-thread-1] INFO  commands.RetriableDatanodeEventWatcher (RetriableDatanodeEventWatcher.java:onTimeout(47)) - RetriableDatanodeCommand type=deleteBlocksCommand with id=1568153559785 timed out. Retrying.
2019-09-10 22:12:45,113 [pool-7-thread-1] INFO  commands.RetriableDatanodeEventWatcher (RetriableDatanodeEventWatcher.java:onTimeout(47)) - RetriableDatanodeCommand type=deleteBlocksCommand with id=1568153559795 timed out. Retrying.
2019-09-10 22:12:45,130 [SCMBlockDeletingService#1] DEBUG block.SCMBlockDeletingService (SCMBlockDeletingService.java:call(138)) - Running DeletedBlockTransactionScanner
2019-09-10 22:12:45,130 [SCMBlockDeletingService#1] DEBUG block.SCMBlockDeletingService (SCMBlockDeletingService.java:call(155)) - Scanned deleted blocks log and got 3 delTX to process.
2019-09-10 22:12:45,131 [SCMBlockDeletingService#1] DEBUG block.SCMBlockDeletingService (SCMBlockDeletingService.java:call(171)) - Added delete block command for datanode ed5d81fa-aaf0-49db-aa57-acca1dd387bd in the queue, number of delete block transactions: 3, TxID list: 1,2,3
2019-09-10 22:12:45,131 [SCMBlockDeletingService#1] INFO  block.SCMBlockDeletingService (SCMBlockDeletingService.java:call(182)) - Totally added 3 delete blocks command for 1 datanodes, task elapsed time: 2ms
2019-09-10 22:12:45,162 [pool-7-thread-1] INFO  commands.RetriableDatanodeEventWatcher (RetriableDatanodeEventWatcher.java:onTimeout(47)) - RetriableDatanodeCommand type=deleteBlocksCommand with id=1568153559756 timed out. Retrying.
2019-09-10 22:12:45,174 [pool-7-thread-1] INFO  commands.RetriableDatanodeEventWatcher (RetriableDatanodeEventWatcher.java:onTimeout(47)) - RetriableDatanodeCommand type=deleteBlocksCommand with id=1568153559766 timed out. Retrying.
2019-09-10 22:12:45,189 [pool-7-thread-1] INFO  commands.RetriableDatanodeEventWatcher (RetriableDatanodeEventWatcher.java:onTimeout(47)) - RetriableDatanodeCommand type=deleteBlocksCommand with id=1568153559776 timed out. Retrying.
2019-09-10 22:12:45,201 [pool-7-thread-1] INFO  commands.RetriableDatanodeEventWatcher (RetriableDatanodeEventWatcher.java:onTimeout(47)) - RetriableDatanodeCommand type=deleteBlocksCommand with id=1568153559786 timed out. Retrying.
2019-09-10 22:12:45,214 [pool-7-thread-1] INFO  commands.RetriableDatanodeEventWatcher (RetriableDatanodeEventWatcher.java:onTimeout(47)) - RetriableDatanodeCommand type=deleteBlocksCommand with id=1568153559796 timed out. Retrying.
2019-09-10 22:12:45,232 [SCMBlockDeletingService#1] DEBUG block.SCMBlockDeletingService (SCMBlockDeletingService.java:call(138)) - Running DeletedBlockTransactionScanner
2019-09-10 22:12:45,232 [SCMBlockDeletingService#1] DEBUG block.SCMBlockDeletingService (SCMBlockDeletingService.java:call(155)) - Scanned deleted blocks log and got 3 delTX to process.
2019-09-10 22:12:45,232 [SCMBlockDeletingService#1] DEBUG block.SCMBlockDeletingService (SCMBlockDeletingService.java:call(171)) - Added delete block command for datanode ed5d81fa-aaf0-49db-aa57-acca1dd387bd in the queue, number of delete block transactions: 3, TxID list: 1,2,3
2019-09-10 22:12:45,233 [SCMBlockDeletingService#1] INFO  block.SCMBlockDeletingService (SCMBlockDeletingService.java:call(182)) - Totally added 3 delete blocks command for 1 datanodes, task elapsed time: 2ms
2019-09-10 22:12:45,235 [main] INFO  ozone.MiniOzoneClusterImpl (MiniOzoneClusterImpl.java:lambda$waitForClusterToBeReady$0(140)) - Cluster is ready. Got 0 of 0 DN Heartbeats.
2019-09-10 22:12:45,240 [main] INFO  impl.MetricsSystemImpl (MetricsSystemImpl.java:init(158)) - HddsDatanode metrics system started (again)
2019-09-10 22:12:45,264 [pool-7-thread-1] INFO  commands.RetriableDatanodeEventWatcher (RetriableDatanodeEventWatcher.java:onTimeout(47)) - RetriableDatanodeCommand type=deleteBlocksCommand with id=1568153559757 timed out. Retrying.
2019-09-10 22:12:45,277 [pool-7-thread-1] INFO  commands.RetriableDatanodeEventWatcher (RetriableDatanodeEventWatcher.java:onTimeout(47)) - RetriableDatanodeCommand type=deleteBlocksCommand with id=1568153559767 timed out. Retrying.
2019-09-10 22:12:45,289 [pool-7-thread-1] INFO  commands.RetriableDatanodeEventWatcher (RetriableDatanodeEventWatcher.java:onTimeout(47)) - RetriableDatanodeCommand type=deleteBlocksCommand with id=1568153559777 timed out. Retrying.
2019-09-10 22:12:45,297 [main] INFO  ozone.HddsDatanodeService (HddsDatanodeService.java:start(184)) - HddsDatanodeService host:pr-hdds-2007-wqvw6-2944049611 ip:192.168.157.245
2019-09-10 22:12:45,300 [pool-7-thread-1] INFO  commands.RetriableDatanodeEventWatcher (RetriableDatanodeEventWatcher.java:onTimeout(47)) - RetriableDatanodeCommand type=deleteBlocksCommand with id=1568153559787 timed out. Retrying.
2019-09-10 22:12:45,302 [main] INFO  volume.VolumeUsage (VolumeUsage.java:loadScmUsed(144)) - Cached ScmUsed found for /workdir/hadoop-ozone/integration-test/target/test-dir/MiniOzoneClusterImpl-60bdcf22-3eb0-4011-b7cb-43d16866ba5a/datanode-0/data/containers : 4096 
2019-09-10 22:12:45,303 [main] INFO  volume.HddsVolume (HddsVolume.java:<init>(176)) - Creating Volume: /workdir/hadoop-ozone/integration-test/target/test-dir/MiniOzoneClusterImpl-60bdcf22-3eb0-4011-b7cb-43d16866ba5a/datanode-0/data/containers/hdds of  storage type : DISK and capacity : 1482555576320
2019-09-10 22:12:45,304 [main] INFO  volume.VolumeSet (VolumeSet.java:initializeVolumeSet(170)) - Added Volume : /workdir/hadoop-ozone/integration-test/target/test-dir/MiniOzoneClusterImpl-60bdcf22-3eb0-4011-b7cb-43d16866ba5a/datanode-0/data/containers/hdds to VolumeSet
2019-09-10 22:12:45,304 [main] INFO  volume.ThrottledAsyncChecker (ThrottledAsyncChecker.java:schedule(140)) - Scheduling a check for org.apache.hadoop.ozone.container.common.volume.HddsVolume@e11ecfa
2019-09-10 22:12:45,305 [main] INFO  volume.HddsVolumeChecker (HddsVolumeChecker.java:checkAllVolumes(203)) - Scheduled health check for volume org.apache.hadoop.ozone.container.common.volume.HddsVolume@e11ecfa
2019-09-10 22:12:45,316 [pool-7-thread-1] INFO  commands.RetriableDatanodeEventWatcher (RetriableDatanodeEventWatcher.java:onTimeout(47)) - RetriableDatanodeCommand type=deleteBlocksCommand with id=1568153559797 timed out. Retrying.
2019-09-10 22:12:45,333 [SCMBlockDeletingService#1] DEBUG block.SCMBlockDeletingService (SCMBlockDeletingService.java:call(138)) - Running DeletedBlockTransactionScanner
2019-09-10 22:12:45,334 [SCMBlockDeletingService#1] DEBUG block.SCMBlockDeletingService (SCMBlockDeletingService.java:call(155)) - Scanned deleted blocks log and got 3 delTX to process.
2019-09-10 22:12:45,335 [SCMBlockDeletingService#1] DEBUG block.SCMBlockDeletingService (SCMBlockDeletingService.java:call(171)) - Added delete block command for datanode ed5d81fa-aaf0-49db-aa57-acca1dd387bd in the queue, number of delete block transactions: 3, TxID list: 1,2,3
2019-09-10 22:12:45,335 [SCMBlockDeletingService#1] INFO  block.SCMBlockDeletingService (SCMBlockDeletingService.java:call(182)) - Totally added 3 delete blocks command for 1 datanodes, task elapsed time: 2ms
2019-09-10 22:12:45,366 [pool-7-thread-1] INFO  commands.RetriableDatanodeEventWatcher (RetriableDatanodeEventWatcher.java:onTimeout(47)) - RetriableDatanodeCommand type=deleteBlocksCommand with id=1568153559758 timed out. Retrying.
2019-09-10 22:12:45,377 [pool-7-thread-1] INFO  commands.RetriableDatanodeEventWatcher (RetriableDatanodeEventWatcher.java:onTimeout(47)) - RetriableDatanodeCommand type=deleteBlocksCommand with id=1568153559768 timed out. Retrying.
2019-09-10 22:12:45,393 [pool-7-thread-1] INFO  commands.RetriableDatanodeEventWatcher (RetriableDatanodeEventWatcher.java:onTimeout(47)) - RetriableDatanodeCommand type=deleteBlocksCommand with id=1568153559778 timed out. Retrying.
2019-09-10 22:12:45,402 [pool-7-thread-1] INFO  commands.RetriableDatanodeEventWatcher (RetriableDatanodeEventWatcher.java:onTimeout(47)) - RetriableDatanodeCommand type=deleteBlocksCommand with id=1568153559788 timed out. Retrying.
2019-09-10 22:12:45,408 [main] INFO  impl.RaftServerProxy (ConfUtils.java:logGet(43)) - raft.rpc.type = GRPC (default)
2019-09-10 22:12:45,408 [main] INFO  grpc.GrpcFactory (GrpcFactory.java:checkPooledByteBufAllocatorUseCacheForAllThreads(45)) - PERFORMANCE WARNING: useCacheForAllThreads is true that may cause Netty to create a lot garbage objects and, as a result, trigger GC.
	It is recommended to disable useCacheForAllThreads by setting -Dorg.apache.ratis.thirdparty.io.netty.allocator.useCacheForAllThreads=false in command line.
2019-09-10 22:12:45,409 [main] INFO  grpc.GrpcConfigKeys$Server (ConfUtils.java:logGet(43)) - raft.grpc.server.port = 39028 (custom)
2019-09-10 22:12:45,409 [main] INFO  server.GrpcService (ConfUtils.java:logGet(43)) - raft.grpc.message.size.max = 33570816 (custom)
2019-09-10 22:12:45,409 [main] INFO  server.RaftServerConfigKeys (ConfUtils.java:logGet(43)) - raft.server.log.appender.buffer.byte-limit = 33554432 (custom)
2019-09-10 22:12:45,409 [main] INFO  server.GrpcService (ConfUtils.java:logGet(43)) - raft.grpc.flow.control.window = 1MB (=1048576) (default)
2019-09-10 22:12:45,410 [main] INFO  server.RaftServerConfigKeys (ConfUtils.java:logGet(43)) - raft.server.rpc.request.timeout = 3000ms (default)
2019-09-10 22:12:45,410 [main] INFO  server.RaftServerConfigKeys (ConfUtils.java:logGet(43)) - raft.server.storage.dir = [/workdir/hadoop-ozone/integration-test/target/test-dir/MiniOzoneClusterImpl-60bdcf22-3eb0-4011-b7cb-43d16866ba5a/datanode-0/data/ratis] (custom)
2019-09-10 22:12:45,411 [main] INFO  impl.RaftServerProxy (RaftServerProxy.java:lambda$null$0(191)) - ed5d81fa-aaf0-49db-aa57-acca1dd387bd: found a subdirectory /workdir/hadoop-ozone/integration-test/target/test-dir/MiniOzoneClusterImpl-60bdcf22-3eb0-4011-b7cb-43d16866ba5a/datanode-0/data/ratis/a92760da-343f-4e6a-a8dc-729f0664fea8
2019-09-10 22:12:45,412 [main] INFO  impl.RaftServerProxy (RaftServerProxy.java:addNew(89)) - ed5d81fa-aaf0-49db-aa57-acca1dd387bd: addNew group-729F0664FEA8:[] returns group-729F0664FEA8:java.util.concurrent.CompletableFuture@4483d35[Not completed]
2019-09-10 22:12:45,419 [pool-7-thread-1] INFO  commands.RetriableDatanodeEventWatcher (RetriableDatanodeEventWatcher.java:onTimeout(47)) - RetriableDatanodeCommand type=deleteBlocksCommand with id=1568153559798 timed out. Retrying.
2019-09-10 22:12:45,434 [main] INFO  hdfs.DFSUtil (DFSUtil.java:httpServerTemplateForNNAndJN(1641)) - Starting Web-server for hddsDatanode at: http://0.0.0.0:40441
2019-09-10 22:12:45,435 [pool-592-thread-1] INFO  impl.RaftServerImpl (RaftServerImpl.java:<init>(93)) - ed5d81fa-aaf0-49db-aa57-acca1dd387bd: new RaftServerImpl for group-729F0664FEA8:[] with ContainerStateMachine:uninitialized
2019-09-10 22:12:45,436 [SCMBlockDeletingService#1] DEBUG block.SCMBlockDeletingService (SCMBlockDeletingService.java:call(138)) - Running DeletedBlockTransactionScanner
2019-09-10 22:12:45,436 [pool-592-thread-1] INFO  server.RaftServerConfigKeys (ConfUtils.java:logGet(43)) - raft.server.rpc.timeout.min = 5s (custom)
2019-09-10 22:12:45,436 [pool-592-thread-1] INFO  server.RaftServerConfigKeys (ConfUtils.java:logGet(43)) - raft.server.rpc.timeout.max = 5200ms (custom)
2019-09-10 22:12:45,436 [pool-592-thread-1] INFO  server.RaftServerConfigKeys (ConfUtils.java:logGet(43)) - raft.server.rpcslowness.timeout = 120s (custom)
2019-09-10 22:12:45,436 [SCMBlockDeletingService#1] DEBUG block.SCMBlockDeletingService (SCMBlockDeletingService.java:call(155)) - Scanned deleted blocks log and got 3 delTX to process.
2019-09-10 22:12:45,437 [pool-592-thread-1] INFO  server.RaftServerConfigKeys (ConfUtils.java:logGet(43)) - raft.server.sleep.deviation.threshold = 300 (default)
2019-09-10 22:12:45,437 [SCMBlockDeletingService#1] DEBUG block.SCMBlockDeletingService (SCMBlockDeletingService.java:call(171)) - Added delete block command for datanode ed5d81fa-aaf0-49db-aa57-acca1dd387bd in the queue, number of delete block transactions: 3, TxID list: 1,2,3
2019-09-10 22:12:45,437 [pool-592-thread-1] INFO  server.RaftServerConfigKeys (ConfUtils.java:logGet(43)) - raft.server.log.appender.install.snapshot.enabled = false (custom)
2019-09-10 22:12:45,437 [pool-592-thread-1] INFO  impl.RaftServerImpl (ServerState.java:<init>(105)) - ed5d81fa-aaf0-49db-aa57-acca1dd387bd:group-729F0664FEA8 ConfigurationManager, init=-1: [], old=null, confs=<EMPTY_MAP>
2019-09-10 22:12:45,437 [SCMBlockDeletingService#1] INFO  block.SCMBlockDeletingService (SCMBlockDeletingService.java:call(182)) - Totally added 3 delete blocks command for 1 datanodes, task elapsed time: 2ms
2019-09-10 22:12:45,437 [pool-592-thread-1] INFO  server.RaftServerConfigKeys (ConfUtils.java:logGet(43)) - raft.server.storage.dir = [/workdir/hadoop-ozone/integration-test/target/test-dir/MiniOzoneClusterImpl-60bdcf22-3eb0-4011-b7cb-43d16866ba5a/datanode-0/data/ratis] (custom)
2019-09-10 22:12:45,438 [main] INFO  server.AuthenticationFilter (AuthenticationFilter.java:constructSecretProvider(240)) - Unable to initialize FileSignerSecretProvider, falling back to use random secrets.
2019-09-10 22:12:45,440 [main] WARN  http.HttpRequestLog (HttpRequestLog.java:getRequestLog(97)) - Jetty request log can only be enabled using Log4j
2019-09-10 22:12:45,442 [main] INFO  http.HttpServer2 (HttpServer2.java:addGlobalFilter(975)) - Added global filter 'safety' (class=org.apache.hadoop.http.HttpServer2$QuotingInputFilter)
2019-09-10 22:12:45,443 [main] INFO  http.HttpServer2 (HttpServer2.java:addFilter(948)) - Added filter static_user_filter (class=org.apache.hadoop.http.lib.StaticUserWebFilter$StaticUserFilter) to context hddsDatanode
2019-09-10 22:12:45,443 [main] INFO  http.HttpServer2 (HttpServer2.java:addFilter(958)) - Added filter static_user_filter (class=org.apache.hadoop.http.lib.StaticUserWebFilter$StaticUserFilter) to context static
2019-09-10 22:12:45,443 [main] INFO  http.HttpServer2 (HttpServer2.java:addFilter(958)) - Added filter static_user_filter (class=org.apache.hadoop.http.lib.StaticUserWebFilter$StaticUserFilter) to context logs
2019-09-10 22:12:45,445 [main] INFO  http.HttpServer2 (HttpServer2.java:bindListener(1191)) - Jetty bound to port 40441
2019-09-10 22:12:45,445 [main] INFO  server.Server (Server.java:doStart(351)) - jetty-9.3.24.v20180605, build timestamp: 2018-06-05T17:11:56Z, git hash: 84205aa28f11a4f31f2a3b86d1bba2cc8ab69827
2019-09-10 22:12:45,448 [main] INFO  handler.ContextHandler (ContextHandler.java:doStart(781)) - Started o.e.j.s.ServletContextHandler@3762c4fc{/logs,file:///workdir/hadoop-ozone/integration-test/target/log,AVAILABLE}
2019-09-10 22:12:45,449 [main] INFO  handler.ContextHandler (ContextHandler.java:doStart(781)) - Started o.e.j.s.ServletContextHandler@59fbb34{/static,jar:file:/home/user/.m2/repository/org/apache/hadoop/hadoop-hdds-container-service/0.5.0-SNAPSHOT/hadoop-hdds-container-service-0.5.0-SNAPSHOT.jar!/webapps/static,AVAILABLE}
2019-09-10 22:12:45,465 [pool-7-thread-1] INFO  commands.RetriableDatanodeEventWatcher (RetriableDatanodeEventWatcher.java:onTimeout(47)) - RetriableDatanodeCommand type=deleteBlocksCommand with id=1568153559759 timed out. Retrying.
2019-09-10 22:12:45,479 [main] INFO  handler.ContextHandler (ContextHandler.java:doStart(781)) - Started o.e.j.w.WebAppContext@36aa52d2{/,file:///tmp/jetty-0.0.0.0-40441-hddsDatanode-_-any-8730126044317875265.dir/webapp/,AVAILABLE}{/hddsDatanode}
2019-09-10 22:12:45,480 [main] INFO  server.AbstractConnector (AbstractConnector.java:doStart(278)) - Started ServerConnector@4ee25d80{HTTP/1.1,[http/1.1]}{0.0.0.0:40441}
2019-09-10 22:12:45,481 [main] INFO  server.Server (Server.java:doStart(419)) - Started @77183ms
2019-09-10 22:12:45,481 [main] WARN  impl.MetricsSystemImpl (MetricsSystemImpl.java:register(276)) - Sink prometheus already exists!
2019-09-10 22:12:45,482 [pool-7-thread-1] INFO  commands.RetriableDatanodeEventWatcher (RetriableDatanodeEventWatcher.java:onTimeout(47)) - RetriableDatanodeCommand type=deleteBlocksCommand with id=1568153559769 timed out. Retrying.
2019-09-10 22:12:45,482 [main] INFO  server.BaseHttpServer (BaseHttpServer.java:updateConnectorAddress(215)) - HTTP server of HDDSDATANODE is listening at http://0.0.0.0:40441
2019-09-10 22:12:45,482 [main] INFO  ozone.MiniOzoneClusterImpl (MiniOzoneClusterImpl.java:lambda$waitForClusterToBeReady$0(140)) - Waiting for cluster to be ready. Got 0 of 1 DN Heartbeats.
2019-09-10 22:12:45,484 [org.apache.hadoop.util.JvmPauseMonitor$Monitor@e1a4eb0] INFO  util.JvmPauseMonitor (JvmPauseMonitor.java:run(188)) - Starting JVM pause monitor
2019-09-10 22:12:45,492 [pool-7-thread-1] INFO  commands.RetriableDatanodeEventWatcher (RetriableDatanodeEventWatcher.java:onTimeout(47)) - RetriableDatanodeCommand type=deleteBlocksCommand with id=1568153559779 timed out. Retrying.
2019-09-10 22:12:45,504 [pool-7-thread-1] INFO  commands.RetriableDatanodeEventWatcher (RetriableDatanodeEventWatcher.java:onTimeout(47)) - RetriableDatanodeCommand type=deleteBlocksCommand with id=1568153559789 timed out. Retrying.
2019-09-10 22:12:45,519 [pool-7-thread-1] INFO  commands.RetriableDatanodeEventWatcher (RetriableDatanodeEventWatcher.java:onTimeout(47)) - RetriableDatanodeCommand type=deleteBlocksCommand with id=1568153559799 timed out. Retrying.
2019-09-10 22:12:45,537 [SCMBlockDeletingService#0] DEBUG block.SCMBlockDeletingService (SCMBlockDeletingService.java:call(138)) - Running DeletedBlockTransactionScanner
2019-09-10 22:12:45,538 [SCMBlockDeletingService#0] DEBUG block.SCMBlockDeletingService (SCMBlockDeletingService.java:call(155)) - Scanned deleted blocks log and got 3 delTX to process.
2019-09-10 22:12:45,538 [SCMBlockDeletingService#0] DEBUG block.SCMBlockDeletingService (SCMBlockDeletingService.java:call(171)) - Added delete block command for datanode ed5d81fa-aaf0-49db-aa57-acca1dd387bd in the queue, number of delete block transactions: 3, TxID list: 1,2,3
2019-09-10 22:12:45,538 [SCMBlockDeletingService#0] INFO  block.SCMBlockDeletingService (SCMBlockDeletingService.java:call(182)) - Totally added 3 delete blocks command for 1 datanodes, task elapsed time: 1ms
2019-09-10 22:12:45,568 [pool-7-thread-1] INFO  commands.RetriableDatanodeEventWatcher (RetriableDatanodeEventWatcher.java:onTimeout(47)) - RetriableDatanodeCommand type=deleteBlocksCommand with id=1568153559760 timed out. Retrying.
2019-09-10 22:12:45,582 [pool-7-thread-1] INFO  commands.RetriableDatanodeEventWatcher (RetriableDatanodeEventWatcher.java:onTimeout(47)) - RetriableDatanodeCommand type=deleteBlocksCommand with id=1568153559770 timed out. Retrying.
2019-09-10 22:12:45,592 [pool-7-thread-1] INFO  commands.RetriableDatanodeEventWatcher (RetriableDatanodeEventWatcher.java:onTimeout(47)) - RetriableDatanodeCommand type=deleteBlocksCommand with id=1568153559780 timed out. Retrying.
2019-09-10 22:12:45,607 [pool-7-thread-1] INFO  commands.RetriableDatanodeEventWatcher (RetriableDatanodeEventWatcher.java:onTimeout(47)) - RetriableDatanodeCommand type=deleteBlocksCommand with id=1568153559790 timed out. Retrying.
2019-09-10 22:12:45,619 [pool-7-thread-1] INFO  commands.RetriableDatanodeEventWatcher (RetriableDatanodeEventWatcher.java:onTimeout(47)) - RetriableDatanodeCommand type=deleteBlocksCommand with id=1568153559800 timed out. Retrying.
2019-09-10 22:12:45,639 [SCMBlockDeletingService#0] DEBUG block.SCMBlockDeletingService (SCMBlockDeletingService.java:call(138)) - Running DeletedBlockTransactionScanner
2019-09-10 22:12:45,639 [SCMBlockDeletingService#0] DEBUG block.SCMBlockDeletingService (SCMBlockDeletingService.java:call(155)) - Scanned deleted blocks log and got 3 delTX to process.
2019-09-10 22:12:45,640 [SCMBlockDeletingService#0] DEBUG block.SCMBlockDeletingService (SCMBlockDeletingService.java:call(171)) - Added delete block command for datanode ed5d81fa-aaf0-49db-aa57-acca1dd387bd in the queue, number of delete block transactions: 3, TxID list: 1,2,3
2019-09-10 22:12:45,640 [SCMBlockDeletingService#0] INFO  block.SCMBlockDeletingService (SCMBlockDeletingService.java:call(182)) - Totally added 3 delete blocks command for 1 datanodes, task elapsed time: 1ms
2019-09-10 22:12:45,671 [pool-7-thread-1] INFO  commands.RetriableDatanodeEventWatcher (RetriableDatanodeEventWatcher.java:onTimeout(47)) - RetriableDatanodeCommand type=deleteBlocksCommand with id=1568153559761 timed out. Retrying.
2019-09-10 22:12:45,681 [pool-7-thread-1] INFO  commands.RetriableDatanodeEventWatcher (RetriableDatanodeEventWatcher.java:onTimeout(47)) - RetriableDatanodeCommand type=deleteBlocksCommand with id=1568153559771 timed out. Retrying.
2019-09-10 22:12:45,695 [pool-7-thread-1] INFO  commands.RetriableDatanodeEventWatcher (RetriableDatanodeEventWatcher.java:onTimeout(47)) - RetriableDatanodeCommand type=deleteBlocksCommand with id=1568153559781 timed out. Retrying.
2019-09-10 22:12:45,707 [pool-7-thread-1] INFO  commands.RetriableDatanodeEventWatcher (RetriableDatanodeEventWatcher.java:onTimeout(47)) - RetriableDatanodeCommand type=deleteBlocksCommand with id=1568153559791 timed out. Retrying.
2019-09-10 22:12:45,721 [pool-7-thread-1] INFO  commands.RetriableDatanodeEventWatcher (RetriableDatanodeEventWatcher.java:onTimeout(47)) - RetriableDatanodeCommand type=deleteBlocksCommand with id=1568153559801 timed out. Retrying.
2019-09-10 22:12:45,741 [SCMBlockDeletingService#0] DEBUG block.SCMBlockDeletingService (SCMBlockDeletingService.java:call(138)) - Running DeletedBlockTransactionScanner
2019-09-10 22:12:45,741 [SCMBlockDeletingService#0] DEBUG block.SCMBlockDeletingService (SCMBlockDeletingService.java:call(155)) - Scanned deleted blocks log and got 3 delTX to process.
2019-09-10 22:12:45,741 [SCMBlockDeletingService#0] DEBUG block.SCMBlockDeletingService (SCMBlockDeletingService.java:call(171)) - Added delete block command for datanode ed5d81fa-aaf0-49db-aa57-acca1dd387bd in the queue, number of delete block transactions: 3, TxID list: 1,2,3
2019-09-10 22:12:45,742 [SCMBlockDeletingService#0] INFO  block.SCMBlockDeletingService (SCMBlockDeletingService.java:call(182)) - Totally added 3 delete blocks command for 1 datanodes, task elapsed time: 1ms
2019-09-10 22:12:45,758 [pool-7-thread-1] INFO  commands.RetriableDatanodeEventWatcher (RetriableDatanodeEventWatcher.java:onTimeout(47)) - RetriableDatanodeCommand type=deleteBlocksCommand with id=1568153559752 timed out. Retrying.
2019-09-10 22:12:45,772 [pool-7-thread-1] INFO  commands.RetriableDatanodeEventWatcher (RetriableDatanodeEventWatcher.java:onTimeout(47)) - RetriableDatanodeCommand type=deleteBlocksCommand with id=1568153559762 timed out. Retrying.
2019-09-10 22:12:45,783 [pool-7-thread-1] INFO  commands.RetriableDatanodeEventWatcher (RetriableDatanodeEventWatcher.java:onTimeout(47)) - RetriableDatanodeCommand type=deleteBlocksCommand with id=1568153559772 timed out. Retrying.
2019-09-10 22:12:45,796 [pool-7-thread-1] INFO  commands.RetriableDatanodeEventWatcher (RetriableDatanodeEventWatcher.java:onTimeout(47)) - RetriableDatanodeCommand type=deleteBlocksCommand with id=1568153559782 timed out. Retrying.
2019-09-10 22:12:45,810 [pool-7-thread-1] INFO  commands.RetriableDatanodeEventWatcher (RetriableDatanodeEventWatcher.java:onTimeout(47)) - RetriableDatanodeCommand type=deleteBlocksCommand with id=1568153559792 timed out. Retrying.
2019-09-10 22:12:45,826 [pool-7-thread-1] INFO  commands.RetriableDatanodeEventWatcher (RetriableDatanodeEventWatcher.java:onTimeout(47)) - RetriableDatanodeCommand type=deleteBlocksCommand with id=1568153559802 timed out. Retrying.
2019-09-10 22:12:45,842 [SCMBlockDeletingService#0] DEBUG block.SCMBlockDeletingService (SCMBlockDeletingService.java:call(138)) - Running DeletedBlockTransactionScanner
2019-09-10 22:12:45,842 [SCMBlockDeletingService#0] DEBUG block.SCMBlockDeletingService (SCMBlockDeletingService.java:call(155)) - Scanned deleted blocks log and got 3 delTX to process.
2019-09-10 22:12:45,843 [SCMBlockDeletingService#0] DEBUG block.SCMBlockDeletingService (SCMBlockDeletingService.java:call(171)) - Added delete block command for datanode ed5d81fa-aaf0-49db-aa57-acca1dd387bd in the queue, number of delete block transactions: 3, TxID list: 1,2,3
2019-09-10 22:12:45,843 [SCMBlockDeletingService#0] INFO  block.SCMBlockDeletingService (SCMBlockDeletingService.java:call(182)) - Totally added 3 delete blocks command for 1 datanodes, task elapsed time: 1ms
2019-09-10 22:12:45,854 [pool-7-thread-1] INFO  commands.RetriableDatanodeEventWatcher (RetriableDatanodeEventWatcher.java:onTimeout(47)) - RetriableDatanodeCommand type=deleteBlocksCommand with id=1568153559753 timed out. Retrying.
2019-09-10 22:12:45,873 [pool-7-thread-1] INFO  commands.RetriableDatanodeEventWatcher (RetriableDatanodeEventWatcher.java:onTimeout(47)) - RetriableDatanodeCommand type=deleteBlocksCommand with id=1568153559763 timed out. Retrying.
2019-09-10 22:12:45,884 [pool-7-thread-1] INFO  commands.RetriableDatanodeEventWatcher (RetriableDatanodeEventWatcher.java:onTimeout(47)) - RetriableDatanodeCommand type=deleteBlocksCommand with id=1568153559773 timed out. Retrying.
2019-09-10 22:12:45,897 [pool-7-thread-1] INFO  commands.RetriableDatanodeEventWatcher (RetriableDatanodeEventWatcher.java:onTimeout(47)) - RetriableDatanodeCommand type=deleteBlocksCommand with id=1568153559783 timed out. Retrying.
2019-09-10 22:12:45,911 [pool-7-thread-1] INFO  commands.RetriableDatanodeEventWatcher (RetriableDatanodeEventWatcher.java:onTimeout(47)) - RetriableDatanodeCommand type=deleteBlocksCommand with id=1568153559793 timed out. Retrying.
2019-09-10 22:12:45,927 [pool-7-thread-1] INFO  commands.RetriableDatanodeEventWatcher (RetriableDatanodeEventWatcher.java:onTimeout(47)) - RetriableDatanodeCommand type=deleteBlocksCommand with id=1568153559803 timed out. Retrying.
2019-09-10 22:12:45,944 [SCMBlockDeletingService#0] DEBUG block.SCMBlockDeletingService (SCMBlockDeletingService.java:call(138)) - Running DeletedBlockTransactionScanner
2019-09-10 22:12:45,944 [SCMBlockDeletingService#0] DEBUG block.SCMBlockDeletingService (SCMBlockDeletingService.java:call(155)) - Scanned deleted blocks log and got 3 delTX to process.
2019-09-10 22:12:45,944 [SCMBlockDeletingService#0] DEBUG block.SCMBlockDeletingService (SCMBlockDeletingService.java:call(171)) - Added delete block command for datanode ed5d81fa-aaf0-49db-aa57-acca1dd387bd in the queue, number of delete block transactions: 3, TxID list: 1,2,3
2019-09-10 22:12:45,945 [SCMBlockDeletingService#0] INFO  block.SCMBlockDeletingService (SCMBlockDeletingService.java:call(182)) - Totally added 3 delete blocks command for 1 datanodes, task elapsed time: 1ms
2019-09-10 22:12:45,959 [pool-7-thread-1] INFO  commands.RetriableDatanodeEventWatcher (RetriableDatanodeEventWatcher.java:onTimeout(47)) - RetriableDatanodeCommand type=deleteBlocksCommand with id=1568153559754 timed out. Retrying.
2019-09-10 22:12:45,973 [pool-7-thread-1] INFO  commands.RetriableDatanodeEventWatcher (RetriableDatanodeEventWatcher.java:onTimeout(47)) - RetriableDatanodeCommand type=deleteBlocksCommand with id=1568153559764 timed out. Retrying.
2019-09-10 22:12:45,987 [pool-7-thread-1] INFO  commands.RetriableDatanodeEventWatcher (RetriableDatanodeEventWatcher.java:onTimeout(47)) - RetriableDatanodeCommand type=deleteBlocksCommand with id=1568153559774 timed out. Retrying.
2019-09-10 22:12:45,998 [pool-7-thread-1] INFO  commands.RetriableDatanodeEventWatcher (RetriableDatanodeEventWatcher.java:onTimeout(47)) - RetriableDatanodeCommand type=deleteBlocksCommand with id=1568153559784 timed out. Retrying.
2019-09-10 22:12:46,012 [pool-7-thread-1] INFO  commands.RetriableDatanodeEventWatcher (RetriableDatanodeEventWatcher.java:onTimeout(47)) - RetriableDatanodeCommand type=deleteBlocksCommand with id=1568153559794 timed out. Retrying.
2019-09-10 22:12:46,029 [pool-7-thread-1] INFO  commands.RetriableDatanodeEventWatcher (RetriableDatanodeEventWatcher.java:onTimeout(47)) - RetriableDatanodeCommand type=deleteBlocksCommand with id=1568153559804 timed out. Retrying.
2019-09-10 22:12:46,045 [SCMBlockDeletingService#0] DEBUG block.SCMBlockDeletingService (SCMBlockDeletingService.java:call(138)) - Running DeletedBlockTransactionScanner
2019-09-10 22:12:46,046 [SCMBlockDeletingService#0] DEBUG block.SCMBlockDeletingService (SCMBlockDeletingService.java:call(155)) - Scanned deleted blocks log and got 3 delTX to process.
2019-09-10 22:12:46,046 [SCMBlockDeletingService#0] DEBUG block.SCMBlockDeletingService (SCMBlockDeletingService.java:call(171)) - Added delete block command for datanode ed5d81fa-aaf0-49db-aa57-acca1dd387bd in the queue, number of delete block transactions: 3, TxID list: 1,2,3
2019-09-10 22:12:46,046 [SCMBlockDeletingService#0] INFO  block.SCMBlockDeletingService (SCMBlockDeletingService.java:call(182)) - Totally added 3 delete blocks command for 1 datanodes, task elapsed time: 1ms
2019-09-10 22:12:46,060 [pool-7-thread-1] INFO  commands.RetriableDatanodeEventWatcher (RetriableDatanodeEventWatcher.java:onTimeout(47)) - RetriableDatanodeCommand type=deleteBlocksCommand with id=1568153559755 timed out. Retrying.
2019-09-10 22:12:46,077 [pool-7-thread-1] INFO  commands.RetriableDatanodeEventWatcher (RetriableDatanodeEventWatcher.java:onTimeout(47)) - RetriableDatanodeCommand type=deleteBlocksCommand with id=1568153559765 timed out. Retrying.
2019-09-10 22:12:46,087 [pool-7-thread-1] INFO  commands.RetriableDatanodeEventWatcher (RetriableDatanodeEventWatcher.java:onTimeout(47)) - RetriableDatanodeCommand type=deleteBlocksCommand with id=1568153559775 timed out. Retrying.
2019-09-10 22:12:46,099 [pool-7-thread-1] INFO  commands.RetriableDatanodeEventWatcher (RetriableDatanodeEventWatcher.java:onTimeout(47)) - RetriableDatanodeCommand type=deleteBlocksCommand with id=1568153559785 timed out. Retrying.
2019-09-10 22:12:46,114 [pool-7-thread-1] INFO  commands.RetriableDatanodeEventWatcher (RetriableDatanodeEventWatcher.java:onTimeout(47)) - RetriableDatanodeCommand type=deleteBlocksCommand with id=1568153559795 timed out. Retrying.
2019-09-10 22:12:46,130 [pool-7-thread-1] INFO  commands.RetriableDatanodeEventWatcher (RetriableDatanodeEventWatcher.java:onTimeout(47)) - RetriableDatanodeCommand type=deleteBlocksCommand with id=1568153559805 timed out. Retrying.
2019-09-10 22:12:46,147 [SCMBlockDeletingService#0] DEBUG block.SCMBlockDeletingService (SCMBlockDeletingService.java:call(138)) - Running DeletedBlockTransactionScanner
2019-09-10 22:12:46,147 [SCMBlockDeletingService#0] DEBUG block.SCMBlockDeletingService (SCMBlockDeletingService.java:call(155)) - Scanned deleted blocks log and got 3 delTX to process.
2019-09-10 22:12:46,147 [SCMBlockDeletingService#0] DEBUG block.SCMBlockDeletingService (SCMBlockDeletingService.java:call(171)) - Added delete block command for datanode ed5d81fa-aaf0-49db-aa57-acca1dd387bd in the queue, number of delete block transactions: 3, TxID list: 1,2,3
2019-09-10 22:12:46,148 [SCMBlockDeletingService#0] INFO  block.SCMBlockDeletingService (SCMBlockDeletingService.java:call(182)) - Totally added 3 delete blocks command for 1 datanodes, task elapsed time: 1ms
2019-09-10 22:12:46,163 [pool-7-thread-1] INFO  commands.RetriableDatanodeEventWatcher (RetriableDatanodeEventWatcher.java:onTimeout(47)) - RetriableDatanodeCommand type=deleteBlocksCommand with id=1568153559756 timed out. Retrying.
2019-09-10 22:12:46,174 [pool-7-thread-1] INFO  commands.RetriableDatanodeEventWatcher (RetriableDatanodeEventWatcher.java:onTimeout(47)) - RetriableDatanodeCommand type=deleteBlocksCommand with id=1568153559766 timed out. Retrying.
2019-09-10 22:12:46,190 [pool-7-thread-1] INFO  commands.RetriableDatanodeEventWatcher (RetriableDatanodeEventWatcher.java:onTimeout(47)) - RetriableDatanodeCommand type=deleteBlocksCommand with id=1568153559776 timed out. Retrying.
2019-09-10 22:12:46,201 [pool-7-thread-1] INFO  commands.RetriableDatanodeEventWatcher (RetriableDatanodeEventWatcher.java:onTimeout(47)) - RetriableDatanodeCommand type=deleteBlocksCommand with id=1568153559786 timed out. Retrying.
2019-09-10 22:12:46,215 [pool-7-thread-1] INFO  commands.RetriableDatanodeEventWatcher (RetriableDatanodeEventWatcher.java:onTimeout(47)) - RetriableDatanodeCommand type=deleteBlocksCommand with id=1568153559796 timed out. Retrying.
2019-09-10 22:12:46,233 [pool-7-thread-1] INFO  commands.RetriableDatanodeEventWatcher (RetriableDatanodeEventWatcher.java:onTimeout(47)) - RetriableDatanodeCommand type=deleteBlocksCommand with id=1568153559806 timed out. Retrying.
2019-09-10 22:12:46,248 [SCMBlockDeletingService#0] DEBUG block.SCMBlockDeletingService (SCMBlockDeletingService.java:call(138)) - Running DeletedBlockTransactionScanner
2019-09-10 22:12:46,249 [SCMBlockDeletingService#0] DEBUG block.SCMBlockDeletingService (SCMBlockDeletingService.java:call(155)) - Scanned deleted blocks log and got 3 delTX to process.
2019-09-10 22:12:46,249 [SCMBlockDeletingService#0] DEBUG block.SCMBlockDeletingService (SCMBlockDeletingService.java:call(171)) - Added delete block command for datanode ed5d81fa-aaf0-49db-aa57-acca1dd387bd in the queue, number of delete block transactions: 3, TxID list: 1,2,3
2019-09-10 22:12:46,250 [SCMBlockDeletingService#0] INFO  block.SCMBlockDeletingService (SCMBlockDeletingService.java:call(182)) - Totally added 3 delete blocks command for 1 datanodes, task elapsed time: 1ms
2019-09-10 22:12:46,264 [pool-7-thread-1] INFO  commands.RetriableDatanodeEventWatcher (RetriableDatanodeEventWatcher.java:onTimeout(47)) - RetriableDatanodeCommand type=deleteBlocksCommand with id=1568153559757 timed out. Retrying.
2019-09-10 22:12:46,278 [pool-7-thread-1] INFO  commands.RetriableDatanodeEventWatcher (RetriableDatanodeEventWatcher.java:onTimeout(47)) - RetriableDatanodeCommand type=deleteBlocksCommand with id=1568153559767 timed out. Retrying.
2019-09-10 22:12:46,290 [pool-7-thread-1] INFO  commands.RetriableDatanodeEventWatcher (RetriableDatanodeEventWatcher.java:onTimeout(47)) - RetriableDatanodeCommand type=deleteBlocksCommand with id=1568153559777 timed out. Retrying.
2019-09-10 22:12:46,300 [pool-7-thread-1] INFO  commands.RetriableDatanodeEventWatcher (RetriableDatanodeEventWatcher.java:onTimeout(47)) - RetriableDatanodeCommand type=deleteBlocksCommand with id=1568153559787 timed out. Retrying.
2019-09-10 22:12:46,317 [pool-7-thread-1] INFO  commands.RetriableDatanodeEventWatcher (RetriableDatanodeEventWatcher.java:onTimeout(47)) - RetriableDatanodeCommand type=deleteBlocksCommand with id=1568153559797 timed out. Retrying.
2019-09-10 22:12:46,335 [pool-7-thread-1] INFO  commands.RetriableDatanodeEventWatcher (RetriableDatanodeEventWatcher.java:onTimeout(47)) - RetriableDatanodeCommand type=deleteBlocksCommand with id=1568153559807 timed out. Retrying.
2019-09-10 22:12:46,350 [SCMBlockDeletingService#0] DEBUG block.SCMBlockDeletingService (SCMBlockDeletingService.java:call(138)) - Running DeletedBlockTransactionScanner
2019-09-10 22:12:46,351 [SCMBlockDeletingService#0] DEBUG block.SCMBlockDeletingService (SCMBlockDeletingService.java:call(155)) - Scanned deleted blocks log and got 3 delTX to process.
2019-09-10 22:12:46,351 [SCMBlockDeletingService#0] DEBUG block.SCMBlockDeletingService (SCMBlockDeletingService.java:call(171)) - Added delete block command for datanode ed5d81fa-aaf0-49db-aa57-acca1dd387bd in the queue, number of delete block transactions: 3, TxID list: 1,2,3
2019-09-10 22:12:46,351 [SCMBlockDeletingService#0] INFO  block.SCMBlockDeletingService (SCMBlockDeletingService.java:call(182)) - Totally added 3 delete blocks command for 1 datanodes, task elapsed time: 1ms
2019-09-10 22:12:46,366 [pool-7-thread-1] INFO  commands.RetriableDatanodeEventWatcher (RetriableDatanodeEventWatcher.java:onTimeout(47)) - RetriableDatanodeCommand type=deleteBlocksCommand with id=1568153559758 timed out. Retrying.
2019-09-10 22:12:46,378 [pool-7-thread-1] INFO  commands.RetriableDatanodeEventWatcher (RetriableDatanodeEventWatcher.java:onTimeout(47)) - RetriableDatanodeCommand type=deleteBlocksCommand with id=1568153559768 timed out. Retrying.
2019-09-10 22:12:46,394 [pool-7-thread-1] INFO  commands.RetriableDatanodeEventWatcher (RetriableDatanodeEventWatcher.java:onTimeout(47)) - RetriableDatanodeCommand type=deleteBlocksCommand with id=1568153559778 timed out. Retrying.
2019-09-10 22:12:46,402 [pool-7-thread-1] INFO  commands.RetriableDatanodeEventWatcher (RetriableDatanodeEventWatcher.java:onTimeout(47)) - RetriableDatanodeCommand type=deleteBlocksCommand with id=1568153559788 timed out. Retrying.
2019-09-10 22:12:46,422 [pool-7-thread-1] INFO  commands.RetriableDatanodeEventWatcher (RetriableDatanodeEventWatcher.java:onTimeout(47)) - RetriableDatanodeCommand type=deleteBlocksCommand with id=1568153559798 timed out. Retrying.
2019-09-10 22:12:46,437 [pool-7-thread-1] INFO  commands.RetriableDatanodeEventWatcher (RetriableDatanodeEventWatcher.java:onTimeout(47)) - RetriableDatanodeCommand type=deleteBlocksCommand with id=1568153559808 timed out. Retrying.
2019-09-10 22:12:46,452 [SCMBlockDeletingService#0] DEBUG block.SCMBlockDeletingService (SCMBlockDeletingService.java:call(138)) - Running DeletedBlockTransactionScanner
2019-09-10 22:12:46,452 [SCMBlockDeletingService#0] DEBUG block.SCMBlockDeletingService (SCMBlockDeletingService.java:call(155)) - Scanned deleted blocks log and got 3 delTX to process.
2019-09-10 22:12:46,452 [SCMBlockDeletingService#0] DEBUG block.SCMBlockDeletingService (SCMBlockDeletingService.java:call(171)) - Added delete block command for datanode ed5d81fa-aaf0-49db-aa57-acca1dd387bd in the queue, number of delete block transactions: 3, TxID list: 1,2,3
2019-09-10 22:12:46,453 [SCMBlockDeletingService#0] INFO  block.SCMBlockDeletingService (SCMBlockDeletingService.java:call(182)) - Totally added 3 delete blocks command for 1 datanodes, task elapsed time: 2ms
2019-09-10 22:12:46,466 [pool-7-thread-1] INFO  commands.RetriableDatanodeEventWatcher (RetriableDatanodeEventWatcher.java:onTimeout(47)) - RetriableDatanodeCommand type=deleteBlocksCommand with id=1568153559759 timed out. Retrying.
2019-09-10 22:12:46,482 [pool-7-thread-1] INFO  commands.RetriableDatanodeEventWatcher (RetriableDatanodeEventWatcher.java:onTimeout(47)) - RetriableDatanodeCommand type=deleteBlocksCommand with id=1568153559769 timed out. Retrying.
2019-09-10 22:12:46,483 [main] INFO  ozone.MiniOzoneClusterImpl (MiniOzoneClusterImpl.java:lambda$waitForClusterToBeReady$0(140)) - Waiting for cluster to be ready. Got 0 of 1 DN Heartbeats.
2019-09-10 22:12:46,492 [pool-7-thread-1] INFO  commands.RetriableDatanodeEventWatcher (RetriableDatanodeEventWatcher.java:onTimeout(47)) - RetriableDatanodeCommand type=deleteBlocksCommand with id=1568153559779 timed out. Retrying.
2019-09-10 22:12:46,505 [pool-7-thread-1] INFO  commands.RetriableDatanodeEventWatcher (RetriableDatanodeEventWatcher.java:onTimeout(47)) - RetriableDatanodeCommand type=deleteBlocksCommand with id=1568153559789 timed out. Retrying.
2019-09-10 22:12:46,519 [pool-7-thread-1] INFO  commands.RetriableDatanodeEventWatcher (RetriableDatanodeEventWatcher.java:onTimeout(47)) - RetriableDatanodeCommand type=deleteBlocksCommand with id=1568153559799 timed out. Retrying.
2019-09-10 22:12:46,538 [pool-7-thread-1] INFO  commands.RetriableDatanodeEventWatcher (RetriableDatanodeEventWatcher.java:onTimeout(47)) - RetriableDatanodeCommand type=deleteBlocksCommand with id=1568153559809 timed out. Retrying.
2019-09-10 22:12:46,553 [SCMBlockDeletingService#0] DEBUG block.SCMBlockDeletingService (SCMBlockDeletingService.java:call(138)) - Running DeletedBlockTransactionScanner
2019-09-10 22:12:46,554 [SCMBlockDeletingService#0] DEBUG block.SCMBlockDeletingService (SCMBlockDeletingService.java:call(155)) - Scanned deleted blocks log and got 3 delTX to process.
2019-09-10 22:12:46,554 [SCMBlockDeletingService#0] DEBUG block.SCMBlockDeletingService (SCMBlockDeletingService.java:call(171)) - Added delete block command for datanode ed5d81fa-aaf0-49db-aa57-acca1dd387bd in the queue, number of delete block transactions: 3, TxID list: 1,2,3
2019-09-10 22:12:46,554 [SCMBlockDeletingService#0] INFO  block.SCMBlockDeletingService (SCMBlockDeletingService.java:call(182)) - Totally added 3 delete blocks command for 1 datanodes, task elapsed time: 1ms
2019-09-10 22:12:46,568 [pool-7-thread-1] INFO  commands.RetriableDatanodeEventWatcher (RetriableDatanodeEventWatcher.java:onTimeout(47)) - RetriableDatanodeCommand type=deleteBlocksCommand with id=1568153559760 timed out. Retrying.
2019-09-10 22:12:46,583 [pool-7-thread-1] INFO  commands.RetriableDatanodeEventWatcher (RetriableDatanodeEventWatcher.java:onTimeout(47)) - RetriableDatanodeCommand type=deleteBlocksCommand with id=1568153559770 timed out. Retrying.
2019-09-10 22:12:46,593 [pool-7-thread-1] INFO  commands.RetriableDatanodeEventWatcher (RetriableDatanodeEventWatcher.java:onTimeout(47)) - RetriableDatanodeCommand type=deleteBlocksCommand with id=1568153559780 timed out. Retrying.
2019-09-10 22:12:46,607 [pool-7-thread-1] INFO  commands.RetriableDatanodeEventWatcher (RetriableDatanodeEventWatcher.java:onTimeout(47)) - RetriableDatanodeCommand type=deleteBlocksCommand with id=1568153559790 timed out. Retrying.
2019-09-10 22:12:46,620 [pool-7-thread-1] INFO  commands.RetriableDatanodeEventWatcher (RetriableDatanodeEventWatcher.java:onTimeout(47)) - RetriableDatanodeCommand type=deleteBlocksCommand with id=1568153559800 timed out. Retrying.
2019-09-10 22:12:46,640 [pool-7-thread-1] INFO  commands.RetriableDatanodeEventWatcher (RetriableDatanodeEventWatcher.java:onTimeout(47)) - RetriableDatanodeCommand type=deleteBlocksCommand with id=1568153559810 timed out. Retrying.
2019-09-10 22:12:46,655 [SCMBlockDeletingService#0] DEBUG block.SCMBlockDeletingService (SCMBlockDeletingService.java:call(138)) - Running DeletedBlockTransactionScanner
2019-09-10 22:12:46,655 [SCMBlockDeletingService#0] DEBUG block.SCMBlockDeletingService (SCMBlockDeletingService.java:call(155)) - Scanned deleted blocks log and got 3 delTX to process.
2019-09-10 22:12:46,656 [SCMBlockDeletingService#0] DEBUG block.SCMBlockDeletingService (SCMBlockDeletingService.java:call(171)) - Added delete block command for datanode ed5d81fa-aaf0-49db-aa57-acca1dd387bd in the queue, number of delete block transactions: 3, TxID list: 1,2,3
2019-09-10 22:12:46,656 [SCMBlockDeletingService#0] INFO  block.SCMBlockDeletingService (SCMBlockDeletingService.java:call(182)) - Totally added 3 delete blocks command for 1 datanodes, task elapsed time: 2ms
2019-09-10 22:12:46,672 [pool-7-thread-1] INFO  commands.RetriableDatanodeEventWatcher (RetriableDatanodeEventWatcher.java:onTimeout(47)) - RetriableDatanodeCommand type=deleteBlocksCommand with id=1568153559761 timed out. Retrying.
2019-09-10 22:12:46,681 [pool-7-thread-1] INFO  commands.RetriableDatanodeEventWatcher (RetriableDatanodeEventWatcher.java:onTimeout(47)) - RetriableDatanodeCommand type=deleteBlocksCommand with id=1568153559771 timed out. Retrying.
2019-09-10 22:12:46,695 [pool-7-thread-1] INFO  commands.RetriableDatanodeEventWatcher (RetriableDatanodeEventWatcher.java:onTimeout(47)) - RetriableDatanodeCommand type=deleteBlocksCommand with id=1568153559781 timed out. Retrying.
2019-09-10 22:12:46,708 [pool-7-thread-1] INFO  commands.RetriableDatanodeEventWatcher (RetriableDatanodeEventWatcher.java:onTimeout(47)) - RetriableDatanodeCommand type=deleteBlocksCommand with id=1568153559791 timed out. Retrying.
2019-09-10 22:12:46,721 [pool-7-thread-1] INFO  commands.RetriableDatanodeEventWatcher (RetriableDatanodeEventWatcher.java:onTimeout(47)) - RetriableDatanodeCommand type=deleteBlocksCommand with id=1568153559801 timed out. Retrying.
2019-09-10 22:12:46,742 [pool-7-thread-1] INFO  commands.RetriableDatanodeEventWatcher (RetriableDatanodeEventWatcher.java:onTimeout(47)) - RetriableDatanodeCommand type=deleteBlocksCommand with id=1568153559811 timed out. Retrying.
2019-09-10 22:12:46,756 [SCMBlockDeletingService#0] DEBUG block.SCMBlockDeletingService (SCMBlockDeletingService.java:call(138)) - Running DeletedBlockTransactionScanner
2019-09-10 22:12:46,757 [SCMBlockDeletingService#0] DEBUG block.SCMBlockDeletingService (SCMBlockDeletingService.java:call(155)) - Scanned deleted blocks log and got 3 delTX to process.
2019-09-10 22:12:46,757 [SCMBlockDeletingService#0] DEBUG block.SCMBlockDeletingService (SCMBlockDeletingService.java:call(171)) - Added delete block command for datanode ed5d81fa-aaf0-49db-aa57-acca1dd387bd in the queue, number of delete block transactions: 3, TxID list: 1,2,3
2019-09-10 22:12:46,757 [pool-7-thread-1] INFO  commands.RetriableDatanodeEventWatcher (RetriableDatanodeEventWatcher.java:onTimeout(47)) - RetriableDatanodeCommand type=deleteBlocksCommand with id=1568153559752 timed out. Retrying.
2019-09-10 22:12:46,757 [SCMBlockDeletingService#0] INFO  block.SCMBlockDeletingService (SCMBlockDeletingService.java:call(182)) - Totally added 3 delete blocks command for 1 datanodes, task elapsed time: 1ms
2019-09-10 22:12:46,773 [pool-7-thread-1] INFO  commands.RetriableDatanodeEventWatcher (RetriableDatanodeEventWatcher.java:onTimeout(47)) - RetriableDatanodeCommand type=deleteBlocksCommand with id=1568153559762 timed out. Retrying.
2019-09-10 22:12:46,783 [pool-7-thread-1] INFO  commands.RetriableDatanodeEventWatcher (RetriableDatanodeEventWatcher.java:onTimeout(47)) - RetriableDatanodeCommand type=deleteBlocksCommand with id=1568153559772 timed out. Retrying.
2019-09-10 22:12:46,797 [pool-7-thread-1] INFO  commands.RetriableDatanodeEventWatcher (RetriableDatanodeEventWatcher.java:onTimeout(47)) - RetriableDatanodeCommand type=deleteBlocksCommand with id=1568153559782 timed out. Retrying.
2019-09-10 22:12:46,810 [pool-7-thread-1] INFO  commands.RetriableDatanodeEventWatcher (RetriableDatanodeEventWatcher.java:onTimeout(47)) - RetriableDatanodeCommand type=deleteBlocksCommand with id=1568153559792 timed out. Retrying.
2019-09-10 22:12:46,826 [pool-7-thread-1] INFO  commands.RetriableDatanodeEventWatcher (RetriableDatanodeEventWatcher.java:onTimeout(47)) - RetriableDatanodeCommand type=deleteBlocksCommand with id=1568153559802 timed out. Retrying.
2019-09-10 22:12:46,843 [pool-7-thread-1] INFO  commands.RetriableDatanodeEventWatcher (RetriableDatanodeEventWatcher.java:onTimeout(47)) - RetriableDatanodeCommand type=deleteBlocksCommand with id=1568153559812 timed out. Retrying.
2019-09-10 22:12:46,854 [pool-7-thread-1] INFO  commands.RetriableDatanodeEventWatcher (RetriableDatanodeEventWatcher.java:onTimeout(47)) - RetriableDatanodeCommand type=deleteBlocksCommand with id=1568153559753 timed out. Retrying.
2019-09-10 22:12:46,858 [SCMBlockDeletingService#0] DEBUG block.SCMBlockDeletingService (SCMBlockDeletingService.java:call(138)) - Running DeletedBlockTransactionScanner
2019-09-10 22:12:46,858 [SCMBlockDeletingService#0] DEBUG block.SCMBlockDeletingService (SCMBlockDeletingService.java:call(155)) - Scanned deleted blocks log and got 3 delTX to process.
2019-09-10 22:12:46,858 [SCMBlockDeletingService#0] DEBUG block.SCMBlockDeletingService (SCMBlockDeletingService.java:call(171)) - Added delete block command for datanode ed5d81fa-aaf0-49db-aa57-acca1dd387bd in the queue, number of delete block transactions: 3, TxID list: 1,2,3
2019-09-10 22:12:46,859 [SCMBlockDeletingService#0] INFO  block.SCMBlockDeletingService (SCMBlockDeletingService.java:call(182)) - Totally added 3 delete blocks command for 1 datanodes, task elapsed time: 1ms
2019-09-10 22:12:46,874 [pool-7-thread-1] INFO  commands.RetriableDatanodeEventWatcher (RetriableDatanodeEventWatcher.java:onTimeout(47)) - RetriableDatanodeCommand type=deleteBlocksCommand with id=1568153559763 timed out. Retrying.
2019-09-10 22:12:46,884 [pool-7-thread-1] INFO  commands.RetriableDatanodeEventWatcher (RetriableDatanodeEventWatcher.java:onTimeout(47)) - RetriableDatanodeCommand type=deleteBlocksCommand with id=1568153559773 timed out. Retrying.
2019-09-10 22:12:46,898 [pool-7-thread-1] INFO  commands.RetriableDatanodeEventWatcher (RetriableDatanodeEventWatcher.java:onTimeout(47)) - RetriableDatanodeCommand type=deleteBlocksCommand with id=1568153559783 timed out. Retrying.
2019-09-10 22:12:46,912 [pool-7-thread-1] INFO  commands.RetriableDatanodeEventWatcher (RetriableDatanodeEventWatcher.java:onTimeout(47)) - RetriableDatanodeCommand type=deleteBlocksCommand with id=1568153559793 timed out. Retrying.
2019-09-10 22:12:46,927 [pool-7-thread-1] INFO  commands.RetriableDatanodeEventWatcher (RetriableDatanodeEventWatcher.java:onTimeout(47)) - RetriableDatanodeCommand type=deleteBlocksCommand with id=1568153559803 timed out. Retrying.
2019-09-10 22:12:46,945 [pool-7-thread-1] INFO  commands.RetriableDatanodeEventWatcher (RetriableDatanodeEventWatcher.java:onTimeout(47)) - RetriableDatanodeCommand type=deleteBlocksCommand with id=1568153559813 timed out. Retrying.
2019-09-10 22:12:46,959 [SCMBlockDeletingService#0] DEBUG block.SCMBlockDeletingService (SCMBlockDeletingService.java:call(138)) - Running DeletedBlockTransactionScanner
2019-09-10 22:12:46,959 [pool-7-thread-1] INFO  commands.RetriableDatanodeEventWatcher (RetriableDatanodeEventWatcher.java:onTimeout(47)) - RetriableDatanodeCommand type=deleteBlocksCommand with id=1568153559754 timed out. Retrying.
2019-09-10 22:12:46,960 [SCMBlockDeletingService#0] DEBUG block.SCMBlockDeletingService (SCMBlockDeletingService.java:call(155)) - Scanned deleted blocks log and got 3 delTX to process.
2019-09-10 22:12:46,960 [SCMBlockDeletingService#0] DEBUG block.SCMBlockDeletingService (SCMBlockDeletingService.java:call(171)) - Added delete block command for datanode ed5d81fa-aaf0-49db-aa57-acca1dd387bd in the queue, number of delete block transactions: 3, TxID list: 1,2,3
2019-09-10 22:12:46,960 [SCMBlockDeletingService#0] INFO  block.SCMBlockDeletingService (SCMBlockDeletingService.java:call(182)) - Totally added 3 delete blocks command for 1 datanodes, task elapsed time: 1ms
2019-09-10 22:12:46,973 [pool-7-thread-1] INFO  commands.RetriableDatanodeEventWatcher (RetriableDatanodeEventWatcher.java:onTimeout(47)) - RetriableDatanodeCommand type=deleteBlocksCommand with id=1568153559764 timed out. Retrying.
2019-09-10 22:12:46,988 [pool-7-thread-1] INFO  commands.RetriableDatanodeEventWatcher (RetriableDatanodeEventWatcher.java:onTimeout(47)) - RetriableDatanodeCommand type=deleteBlocksCommand with id=1568153559774 timed out. Retrying.
2019-09-10 22:12:46,998 [pool-7-thread-1] INFO  commands.RetriableDatanodeEventWatcher (RetriableDatanodeEventWatcher.java:onTimeout(47)) - RetriableDatanodeCommand type=deleteBlocksCommand with id=1568153559784 timed out. Retrying.
2019-09-10 22:12:47,013 [pool-7-thread-1] INFO  commands.RetriableDatanodeEventWatcher (RetriableDatanodeEventWatcher.java:onTimeout(47)) - RetriableDatanodeCommand type=deleteBlocksCommand with id=1568153559794 timed out. Retrying.
2019-09-10 22:12:47,030 [pool-7-thread-1] INFO  commands.RetriableDatanodeEventWatcher (RetriableDatanodeEventWatcher.java:onTimeout(47)) - RetriableDatanodeCommand type=deleteBlocksCommand with id=1568153559804 timed out. Retrying.
2019-09-10 22:12:47,045 [pool-7-thread-1] INFO  commands.RetriableDatanodeEventWatcher (RetriableDatanodeEventWatcher.java:onTimeout(47)) - RetriableDatanodeCommand type=deleteBlocksCommand with id=1568153559814 timed out. Retrying.
2019-09-10 22:12:47,061 [pool-7-thread-1] INFO  commands.RetriableDatanodeEventWatcher (SCMBlockDeletingService.java:call(138)) - Running DeletedBlockTransactionScanner
2019-09-10 22:12:47,061 [pool-7-thread-1] INFO  commands.RetriableDatanodeEventWatcher (RetriableDatanodeEventWatcher.java:onTimeout(47)) - RetriableDatanodeCommand type=deleteBlocksCommand with id=1568153559755 timed out. Retrying.
2019-09-10 22:12:47,061 [SCMBlockDeletingService#0] DEBUG block.SCMBlockDeletingService (SCMBlockDeletingService.java:call(155)) - Scanned deleted blocks log and got 3 delTX to process.
2019-09-10 22:12:47,062 [SCMBlockDeletingService#0] DEBUG block.SCMBlockDeletingService (SCMBlockDeletingService.java:call(171)) - Added delete block command for datanode ed5d81fa-aaf0-49db-aa57-acca1dd387bd in the queue, number of delete block transactions: 3, TxID list: 1,2,3
2019-09-10 22:12:47,062 [SCMBlockDeletingService#0] INFO  block.SCMBlockDeletingService (SCMBlockDeletingService.java:call(182)) - Totally added 3 delete blocks command for 1 datanodes, task elapsed time: 2ms
2019-09-10 22:12:47,078 [pool-7-thread-1] INFO  commands.RetriableDatanodeEventWatcher (RetriableDatanodeEventWatcher.java:onTimeout(47)) - RetriableDatanodeCommand type=deleteBlocksCommand with id=1568153559765 timed out. Retrying.
2019-09-10 22:12:47,087 [pool-7-thread-1] INFO  commands.RetriableDatanodeEventWatcher (RetriableDatanodeEventWatcher.java:onTimeout(47)) - RetriableDatanodeCommand type=deleteBlocksCommand with id=1568153559775 timed out. Retrying.
2019-09-10 22:12:47,100 [pool-7-thread-1] INFO  commands.RetriableDatanodeEventWatcher (RetriableDatanodeEventWatcher.java:onTimeout(47)) - RetriableDatanodeCommand type=deleteBlocksCommand with id=1568153559785 timed out. Retrying.
2019-09-10 22:12:47,114 [pool-7-thread-1] INFO  commands.RetriableDatanodeEventWatcher (RetriableDatanodeEventWatcher.java:onTimeout(47)) - RetriableDatanodeCommand type=deleteBlocksCommand with id=1568153559795 timed out. Retrying.
2019-09-10 22:12:47,131 [pool-7-thread-1] INFO  commands.RetriableDatanodeEventWatcher (RetriableDatanodeEventWatcher.java:onTimeout(47)) - RetriableDatanodeCommand type=deleteBlocksCommand with id=1568153559805 timed out. Retrying.
2019-09-10 22:12:47,147 [pool-7-thread-1] INFO  commands.RetriableDatanodeEventWatcher (RetriableDatanodeEventWatcher.java:onTimeout(47)) - RetriableDatanodeCommand type=deleteBlocksCommand with id=1568153559815 timed out. Retrying.
2019-09-10 22:12:47,162 [SCMBlockDeletingService#0] DEBUG block.SCMBlockDeletingService (SCMBlockDeletingService.java:call(138)) - Running DeletedBlockTransactionScanner
2019-09-10 22:12:47,163 [SCMBlockDeletingService#0] DEBUG block.SCMBlockDeletingService (SCMBlockDeletingService.java:call(155)) - Scanned deleted blocks log and got 3 delTX to process.
2019-09-10 22:12:47,163 [SCMBlockDeletingService#0] DEBUG block.SCMBlockDeletingService (SCMBlockDeletingService.java:call(171)) - Added delete block command for datanode ed5d81fa-aaf0-49db-aa57-acca1dd387bd in the queue, number of delete block transactions: 3, TxID list: 1,2,3
2019-09-10 22:12:47,163 [pool-7-thread-1] INFO  commands.RetriableDatanodeEventWatcher (RetriableDatanodeEventWatcher.java:onTimeout(47)) - RetriableDatanodeCommand type=deleteBlocksCommand with id=1568153559756 timed out. Retrying.
2019-09-10 22:12:47,164 [SCMBlockDeletingService#0] INFO  block.SCMBlockDeletingService (SCMBlockDeletingService.java:call(182)) - Totally added 3 delete blocks command for 1 datanodes, task elapsed time: 1ms
2019-09-10 22:12:47,175 [pool-7-thread-1] INFO  commands.RetriableDatanodeEventWatcher (RetriableDatanodeEventWatcher.java:onTimeout(47)) - RetriableDatanodeCommand type=deleteBlocksCommand with id=1568153559766 timed out. Retrying.
2019-09-10 22:12:47,191 [pool-7-thread-1] INFO  commands.RetriableDatanodeEventWatcher (RetriableDatanodeEventWatcher.java:onTimeout(47)) - RetriableDatanodeCommand type=deleteBlocksCommand with id=1568153559776 timed out. Retrying.
2019-09-10 22:12:47,201 [pool-7-thread-1] INFO  commands.RetriableDatanodeEventWatcher (RetriableDatanodeEventWatcher.java:onTimeout(47)) - RetriableDatanodeCommand type=deleteBlocksCommand with id=1568153559786 timed out. Retrying.
2019-09-10 22:12:47,216 [pool-7-thread-1] INFO  commands.RetriableDatanodeEventWatcher (RetriableDatanodeEventWatcher.java:onTimeout(47)) - RetriableDatanodeCommand type=deleteBlocksCommand with id=1568153559796 timed out. Retrying.
2019-09-10 22:12:47,234 [pool-7-thread-1] INFO  commands.RetriableDatanodeEventWatcher (RetriableDatanodeEventWatcher.java:onTimeout(47)) - RetriableDatanodeCommand type=deleteBlocksCommand with id=1568153559806 timed out. Retrying.
2019-09-10 22:12:47,249 [pool-7-thread-1] INFO  commands.RetriableDatanodeEventWatcher (RetriableDatanodeEventWatcher.java:onTimeout(47)) - RetriableDatanodeCommand type=deleteBlocksCommand with id=1568153559816 timed out. Retrying.
2019-09-10 22:12:47,264 [SCMBlockDeletingService#0] DEBUG block.SCMBlockDeletingService (SCMBlockDeletingService.java:call(138)) - Running DeletedBlockTransactionScanner
2019-09-10 22:12:47,264 [SCMBlockDeletingService#0] DEBUG block.SCMBlockDeletingService (SCMBlockDeletingService.java:call(155)) - Scanned deleted blocks log and got 3 delTX to process.
2019-09-10 22:12:47,265 [pool-7-thread-1] INFO  commands.RetriableDatanodeEventWatcher (RetriableDatanodeEventWatcher.java:onTimeout(47)) - RetriableDatanodeCommand type=deleteBlocksCommand with id=1568153559757 timed out. Retrying.
2019-09-10 22:12:47,265 [SCMBlockDeletingService#0] DEBUG block.SCMBlockDeletingService (SCMBlockDeletingService.java:call(171)) - Added delete block command for datanode ed5d81fa-aaf0-49db-aa57-acca1dd387bd in the queue, number of delete block transactions: 3, TxID list: 1,2,3
2019-09-10 22:12:47,265 [SCMBlockDeletingService#0] INFO  block.SCMBlockDeletingService (SCMBlockDeletingService.java:call(182)) - Totally added 3 delete blocks command for 1 datanodes, task elapsed time: 1ms
2019-09-10 22:12:47,278 [pool-7-thread-1] INFO  commands.RetriableDatanodeEventWatcher (RetriableDatanodeEventWatcher.java:onTimeout(47)) - RetriableDatanodeCommand type=deleteBlocksCommand with id=1568153559767 timed out. Retrying.
2019-09-10 22:12:47,291 [pool-7-thread-1] INFO  commands.RetriableDatanodeEventWatcher (RetriableDatanodeEventWatcher.java:onTimeout(47)) - RetriableDatanodeCommand type=deleteBlocksCommand with id=1568153559777 timed out. Retrying.
2019-09-10 22:12:47,300 [pool-7-thread-1] INFO  commands.RetriableDatanodeEventWatcher (RetriableDatanodeEventWatcher.java:onTimeout(47)) - RetriableDatanodeCommand type=deleteBlocksCommand with id=1568153559787 timed out. Retrying.
2019-09-10 22:12:47,318 [pool-7-thread-1] INFO  commands.RetriableDatanodeEventWatcher (RetriableDatanodeEventWatcher.java:onTimeout(47)) - RetriableDatanodeCommand type=deleteBlocksCommand with id=1568153559797 timed out. Retrying.
2019-09-10 22:12:47,335 [pool-7-thread-1] INFO  commands.RetriableDatanodeEventWatcher (RetriableDatanodeEventWatcher.java:onTimeout(47)) - RetriableDatanodeCommand type=deleteBlocksCommand with id=1568153559807 timed out. Retrying.
2019-09-10 22:12:47,352 [pool-7-thread-1] INFO  commands.RetriableDatanodeEventWatcher (RetriableDatanodeEventWatcher.java:onTimeout(47)) - RetriableDatanodeCommand type=deleteBlocksCommand with id=1568153559817 timed out. Retrying.
2019-09-10 22:12:47,365 [SCMBlockDeletingService#0] DEBUG block.SCMBlockDeletingService (SCMBlockDeletingService.java:call(138)) - Running DeletedBlockTransactionScanner
2019-09-10 22:12:47,366 [SCMBlockDeletingService#0] DEBUG block.SCMBlockDeletingService (SCMBlockDeletingService.java:call(155)) - Scanned deleted blocks log and got 3 delTX to process.
2019-09-10 22:12:47,366 [SCMBlockDeletingService#0] DEBUG block.SCMBlockDeletingService (SCMBlockDeletingService.java:call(171)) - Added delete block command for datanode ed5d81fa-aaf0-49db-aa57-acca1dd387bd in the queue, number of delete block transactions: 3, TxID list: 1,2,3
2019-09-10 22:12:47,367 [pool-7-thread-1] INFO  commands.RetriableDatanodeEventWatcher (RetriableDatanodeEventWatcher.java:onTimeout(47)) - RetriableDatanodeCommand type=deleteBlocksCommand with id=1568153559758 timed out. Retrying.
2019-09-10 22:12:47,367 [SCMBlockDeletingService#0] INFO  block.SCMBlockDeletingService (SCMBlockDeletingService.java:call(182)) - Totally added 3 delete blocks command for 1 datanodes, task elapsed time: 1ms
2019-09-10 22:12:47,379 [pool-7-thread-1] INFO  commands.RetriableDatanodeEventWatcher (RetriableDatanodeEventWatcher.java:onTimeout(47)) - RetriableDatanodeCommand type=deleteBlocksCommand with id=1568153559768 timed out. Retrying.
2019-09-10 22:12:47,394 [pool-7-thread-1] INFO  commands.RetriableDatanodeEventWatcher (RetriableDatanodeEventWatcher.java:onTimeout(47)) - RetriableDatanodeCommand type=deleteBlocksCommand with id=1568153559778 timed out. Retrying.
2019-09-10 22:12:47,402 [pool-7-thread-1] INFO  commands.RetriableDatanodeEventWatcher (RetriableDatanodeEventWatcher.java:onTimeout(47)) - RetriableDatanodeCommand type=deleteBlocksCommand with id=1568153559788 timed out. Retrying.
2019-09-10 22:12:47,423 [pool-7-thread-1] INFO  commands.RetriableDatanodeEventWatcher (RetriableDatanodeEventWatcher.java:onTimeout(47)) - RetriableDatanodeCommand type=deleteBlocksCommand with id=1568153559798 timed out. Retrying.
2019-09-10 22:12:47,438 [pool-7-thread-1] INFO  commands.RetriableDatanodeEventWatcher (RetriableDatanodeEventWatcher.java:onTimeout(47)) - RetriableDatanodeCommand type=deleteBlocksCommand with id=1568153559808 timed out. Retrying.
2019-09-10 22:12:47,452 [pool-7-thread-1] INFO  commands.RetriableDatanodeEventWatcher (RetriableDatanodeEventWatcher.java:onTimeout(47)) - RetriableDatanodeCommand type=deleteBlocksCommand with id=1568153559818 timed out. Retrying.
2019-09-10 22:12:47,467 [pool-7-thread-1] INFO  commands.RetriableDatanodeEventWatcher (RetriableDatanodeEventWatcher.java:onTimeout(47)) - RetriableDatanodeCommand type=deleteBlocksCommand with id=1568153559759 timed out. Retrying.
2019-09-10 22:12:47,467 [SCMBlockDeletingService#0] DEBUG block.SCMBlockDeletingService (SCMBlockDeletingService.java:call(138)) - Running DeletedBlockTransactionScanner
2019-09-10 22:12:47,468 [SCMBlockDeletingService#0] DEBUG block.SCMBlockDeletingService (SCMBlockDeletingService.java:call(155)) - Scanned deleted blocks log and got 3 delTX to process.
2019-09-10 22:12:47,468 [SCMBlockDeletingService#0] DEBUG block.SCMBlockDeletingService (SCMBlockDeletingService.java:call(171)) - Added delete block command for datanode ed5d81fa-aaf0-49db-aa57-acca1dd387bd in the queue, number of delete block transactions: 3, TxID list: 1,2,3
2019-09-10 22:12:47,468 [SCMBlockDeletingService#0] INFO  block.SCMBlockDeletingService (SCMBlockDeletingService.java:call(182)) - Totally added 3 delete blocks command for 1 datanodes, task elapsed time: 1ms
2019-09-10 22:12:47,482 [pool-7-thread-1] INFO  commands.RetriableDatanodeEventWatcher (RetriableDatanodeEventWatcher.java:onTimeout(47)) - RetriableDatanodeCommand type=deleteBlocksCommand with id=1568153559769 timed out. Retrying.
2019-09-10 22:12:47,483 [main] INFO  ozone.MiniOzoneClusterImpl (MiniOzoneClusterImpl.java:lambda$waitForClusterToBeReady$0(140)) - Waiting for cluster to be ready. Got 0 of 1 DN Heartbeats.
2019-09-10 22:12:47,486 [Datanode State Machine Thread - 0] INFO  ozoneimpl.OzoneContainer (OzoneContainer.java:start(201)) - Attempting to start container services.
2019-09-10 22:12:47,486 [Datanode State Machine Thread - 0] INFO  ozoneimpl.OzoneContainer (OzoneContainer.java:startContainerScrub(175)) - Background container scrubber has been disabled by hdds.containerscrub.enabled
2019-09-10 22:12:47,486 [Datanode State Machine Thread - 0] INFO  ratis.XceiverServerRatis (XceiverServerRatis.java:start(393)) - Starting XceiverServerRatis ed5d81fa-aaf0-49db-aa57-acca1dd387bd at port 39028
2019-09-10 22:12:47,493 [pool-7-thread-1] INFO  commands.RetriableDatanodeEventWatcher (RetriableDatanodeEventWatcher.java:onTimeout(47)) - RetriableDatanodeCommand type=deleteBlocksCommand with id=1568153559779 timed out. Retrying.
2019-09-10 22:12:47,505 [pool-7-thread-1] INFO  commands.RetriableDatanodeEventWatcher (RetriableDatanodeEventWatcher.java:onTimeout(47)) - RetriableDatanodeCommand type=deleteBlocksCommand with id=1568153559789 timed out. Retrying.
2019-09-10 22:12:47,520 [pool-7-thread-1] INFO  commands.RetriableDatanodeEventWatcher (RetriableDatanodeEventWatcher.java:onTimeout(47)) - RetriableDatanodeCommand type=deleteBlocksCommand with id=1568153559799 timed out. Retrying.
2019-09-10 22:12:47,538 [pool-7-thread-1] INFO  commands.RetriableDatanodeEventWatcher (RetriableDatanodeEventWatcher.java:onTimeout(47)) - RetriableDatanodeCommand type=deleteBlocksCommand with id=1568153559809 timed out. Retrying.
2019-09-10 22:12:47,555 [pool-7-thread-1] INFO  commands.RetriableDatanodeEventWatcher (RetriableDatanodeEventWatcher.java:onTimeout(47)) - RetriableDatanodeCommand type=deleteBlocksCommand with id=1568153559819 timed out. Retrying.
2019-09-10 22:12:47,569 [SCMBlockDeletingService#0] DEBUG block.SCMBlockDeletingService (RetriableDatanodeEventWatcher.java:onTimeout(47)) - RetriableDatanodeCommand type=deleteBlocksCommand with id=1568153559760 timed out. Retrying.
SCMBlockDeletingService.java:call(138)) - Running DeletedBlockTransactionScanner
2019-09-10 22:12:47,569 [pool-7-thread-1] INFO  commands.RetriableDatanodeEventWatcher (RetriableDatanodeEventWatcher.java:onTimeout(47)) - RetriableDatanodeCommand type=deleteBlocksCommand with id=1568153559760 timed out. Retrying.
2019-09-10 22:12:47,569 [SCMBlockDeletingService#0] DEBUG block.SCMBlockDeletingService (SCMBlockDeletingService.java:call(155)) - Scanned deleted blocks log and got 3 delTX to process.
2019-09-10 22:12:47,569 [SCMBlockDeletingService#0] DEBUG block.SCMBlockDeletingService (SCMBlockDeletingService.java:call(171)) - Added delete block command for datanode ed5d81fa-aaf0-49db-aa57-acca1dd387bd in the queue, number of delete block transactions: 3, TxID list: 1,2,3
2019-09-10 22:12:47,570 [SCMBlockDeletingService#0] INFO  block.SCMBlockDeletingService (SCMBlockDeletingService.java:call(182)) - Totally added 3 delete blocks command for 1 datanodes, task elapsed time: 1ms
2019-09-10 22:12:47,584 [pool-7-thread-1] INFO  commands.RetriableDatanodeEventWatcher (RetriableDatanodeEventWatcher.java:onTimeout(47)) - RetriableDatanodeCommand type=deleteBlocksCommand with id=1568153559770 timed out. Retrying.
2019-09-10 22:12:47,593 [pool-7-thread-1] INFO  commands.RetriableDatanodeEventWatcher (RetriableDatanodeEventWatcher.java:onTimeout(47)) - RetriableDatanodeCommand type=deleteBlocksCommand with id=1568153559780 timed out. Retrying.
2019-09-10 22:12:47,608 [pool-7-thread-1] INFO  commands.RetriableDatanodeEventWatcher (RetriableDatanodeEventWatcher.java:onTimeout(47)) - RetriableDatanodeCommand type=deleteBlocksCommand with id=1568153559790 timed out. Retrying.
2019-09-10 22:12:47,620 [pool-7-thread-1] INFO  commands.RetriableDatanodeEventWatcher (RetriableDatanodeEventWatcher.java:onTimeout(47)) - RetriableDatanodeCommand type=deleteBlocksCommand with id=1568153559800 timed out. Retrying.
2019-09-10 22:12:47,639 [pool-7-thread-1] INFO  commands.RetriableDatanodeEventWatcher (RetriableDatanodeEventWatcher.java:onTimeout(47)) - RetriableDatanodeCommand type=deleteBlocksCommand with id=1568153559810 timed out. Retrying.
2019-09-10 22:12:47,656 [pool-7-thread-1] INFO  commands.RetriableDatanodeEventWatcher (RetriableDatanodeEventWatcher.java:onTimeout(47)) - RetriableDatanodeCommand type=deleteBlocksCommand with id=1568153559820 timed out. Retrying.
2019-09-10 22:12:47,670 [SCMBlockDeletingService#0] DEBUG block.SCMBlockDeletingService (SCMBlockDeletingService.java:call(138)) - Running DeletedBlockTransactionScanner
2019-09-10 22:12:47,671 [SCMBlockDeletingService#0] DEBUG block.SCMBlockDeletingService (SCMBlockDeletingService.java:call(155)) - Scanned deleted blocks log and got 3 delTX to process.
2019-09-10 22:12:47,671 [SCMBlockDeletingService#0] DEBUG block.SCMBlockDeletingService (SCMBlockDeletingService.java:call(171)) - Added delete block command for datanode ed5d81fa-aaf0-49db-aa57-acca1dd387bd in the queue, number of delete block transactions: 3, TxID list: 1,2,3
2019-09-10 22:12:47,671 [SCMBlockDeletingService#0] INFO  block.SCMBlockDeletingService (SCMBlockDeletingService.java:call(182)) - Totally added 3 delete blocks command for 1 datanodes, task elapsed time: 1ms
2019-09-10 22:12:47,672 [pool-7-thread-1] INFO  commands.RetriableDatanodeEventWatcher (RetriableDatanodeEventWatcher.java:onTimeout(47)) - RetriableDatanodeCommand type=deleteBlocksCommand with id=1568153559761 timed out. Retrying.
2019-09-10 22:12:47,681 [pool-7-thread-1] INFO  commands.RetriableDatanodeEventWatcher (RetriableDatanodeEventWatcher.java:onTimeout(47)) - RetriableDatanodeCommand type=deleteBlocksCommand with id=1568153559771 timed out. Retrying.
2019-09-10 22:12:47,695 [pool-7-thread-1] INFO  commands.RetriableDatanodeEventWatcher (RetriableDatanodeEventWatcher.java:onTimeout(47)) - RetriableDatanodeCommand type=deleteBlocksCommand with id=1568153559781 timed out. Retrying.
2019-09-10 22:12:47,709 [pool-7-thread-1] INFO  commands.RetriableDatanodeEventWatcher (RetriableDatanodeEventWatcher.java:onTimeout(47)) - RetriableDatanodeCommand type=deleteBlocksCommand with id=1568153559791 timed out. Retrying.
2019-09-10 22:12:47,721 [pool-7-thread-1] INFO  commands.RetriableDatanodeEventWatcher (RetriableDatanodeEventWatcher.java:onTimeout(47)) - RetriableDatanodeCommand type=deleteBlocksCommand with id=1568153559801 timed out. Retrying.
2019-09-10 22:12:47,743 [pool-7-thread-1] INFO  commands.RetriableDatanodeEventWatcher (RetriableDatanodeEventWatcher.java:onTimeout(47)) - RetriableDatanodeCommand type=deleteBlocksCommand with id=1568153559811 timed out. Retrying.
2019-09-10 22:12:47,757 [pool-7-thread-1] INFO  commands.RetriableDatanodeEventWatcher (RetriableDatanodeEventWatcher.java:onTimeout(47)) - RetriableDatanodeCommand type=deleteBlocksCommand with id=1568153559752 timed out. Retrying.
2019-09-10 22:12:47,757 [pool-7-thread-2] INFO  commands.RetriableDatanodeEventWatcher (RetriableDatanodeEventWatcher.java:onTimeout(47)) - RetriableDatanodeCommand type=deleteBlocksCommand with id=1568153559821 timed out. Retrying.
2019-09-10 22:12:47,772 [SCMBlockDeletingService#0] DEBUG block.SCMBlockDeletingService (SCMBlockDeletingService.java:call(138)) - Running DeletedBlockTransactionScanner
2019-09-10 22:12:47,772 [SCMBlockDeletingService#0] DEBUG block.SCMBlockDeletingService (SCMBlockDeletingService.java:call(155)) - Scanned deleted blocks log and got 3 delTX to process.
2019-09-10 22:12:47,772 [SCMBlockDeletingService#0] DEBUG block.SCMBlockDeletingService (SCMBlockDeletingService.java:call(171)) - Added delete block command for datanode ed5d81fa-aaf0-49db-aa57-acca1dd387bd in the queue, number of delete block transactions: 3, TxID list: 1,2,3
2019-09-10 22:12:47,773 [SCMBlockDeletingService#0] INFO  block.SCMBlockDeletingService (SCMBlockDeletingService.java:call(182)) - Totally added 3 delete blocks command for 1 datanodes, task elapsed time: 1ms
2019-09-10 22:12:47,774 [pool-7-thread-2] INFO  commands.RetriableDatanodeEventWatcher (RetriableDatanodeEventWatcher.java:onTimeout(47)) - RetriableDatanodeCommand type=deleteBlocksCommand with id=1568153559762 timed out. Retrying.
2019-09-10 22:12:47,784 [pool-7-thread-2] INFO  commands.RetriableDatanodeEventWatcher (RetriableDatanodeEventWatcher.java:onTimeout(47)) - RetriableDatanodeCommand type=deleteBlocksCommand with id=1568153559772 timed out. Retrying.
2019-09-10 22:12:47,797 [pool-7-thread-2] INFO  commands.RetriableDatanodeEventWatcher (RetriableDatanodeEventWatcher.java:onTimeout(47)) - RetriableDatanodeCommand type=deleteBlocksCommand with id=1568153559782 timed out. Retrying.
2019-09-10 22:12:47,811 [pool-7-thread-2] INFO  commands.RetriableDatanodeEventWatcher (RetriableDatanodeEventWatcher.java:onTimeout(47)) - RetriableDatanodeCommand type=deleteBlocksCommand with id=1568153559792 timed out. Retrying.
2019-09-10 22:12:47,827 [pool-7-thread-2] INFO  commands.RetriableDatanodeEventWatcher (RetriableDatanodeEventWatcher.java:onTimeout(47)) - RetriableDatanodeCommand type=deleteBlocksCommand with id=1568153559802 timed out. Retrying.
2019-09-10 22:12:47,843 [pool-7-thread-2] INFO  commands.RetriableDatanodeEventWatcher (RetriableDatanodeEventWatcher.java:onTimeout(47)) - RetriableDatanodeCommand type=deleteBlocksCommand with id=1568153559812 timed out. Retrying.
2019-09-10 22:12:47,855 [pool-7-thread-2] INFO  commands.RetriableDatanodeEventWatcher (RetriableDatanodeEventWatcher.java:onTimeout(47)) - RetriableDatanodeCommand type=deleteBlocksCommand with id=1568153559753 timed out. Retrying.
2019-09-10 22:12:47,859 [pool-7-thread-2] INFO  commands.RetriableDatanodeEventWatcher (RetriableDatanodeEventWatcher.java:onTimeout(47)) - RetriableDatanodeCommand type=deleteBlocksCommand with id=1568153559822 timed out. Retrying.
2019-09-10 22:12:47,873 [SCMBlockDeletingService#0] DEBUG block.SCMBlockDeletingService (SCMBlockDeletingService.java:call(138)) - Running DeletedBlockTransactionScanner
2019-09-10 22:12:47,874 [SCMBlockDeletingService#0] DEBUG block.SCMBlockDeletingService (SCMBlockDeletingService.java:call(155)) - Scanned deleted blocks log and got 3 delTX to process.
2019-09-10 22:12:47,874 [SCMBlockDeletingService#0] DEBUG block.SCMBlockDeletingService (SCMBlockDeletingService.java:call(171)) - Added delete block command for datanode ed5d81fa-aaf0-49db-aa57-acca1dd387bd in the queue, number of delete block transactions: 3, TxID list: 1,2,3
RetriableDatanodeCommand type=deleteBlocksCommand with id=1568153559763 timed out. Retrying.
2019-09-10 22:12:47,874 [SCMBlockDeletingService#0] INFO  block.SCMBlockDeletingService (SCMBlockDeletingService.java:call(182)) - Totally added 3 delete blocks command for 1 datanodes, task elapsed time: 1ms
2019-09-10 22:12:47,874 [pool-7-thread-2] INFO  commands.RetriableDatanodeEventWatcher (RetriableDatanodeEventWatcher.java:onTimeout(47)) - RetriableDatanodeCommand type=deleteBlocksCommand with id=1568153559763 timed out. Retrying.
2019-09-10 22:12:47,885 [pool-7-thread-2] INFO  commands.RetriableDatanodeEventWatcher (RetriableDatanodeEventWatcher.java:onTimeout(47)) - RetriableDatanodeCommand type=deleteBlocksCommand with id=1568153559773 timed out. Retrying.
2019-09-10 22:12:47,899 [pool-7-thread-2] INFO  commands.RetriableDatanodeEventWatcher (RetriableDatanodeEventWatcher.java:onTimeout(47)) - RetriableDatanodeCommand type=deleteBlocksCommand with id=1568153559783 timed out. Retrying.
2019-09-10 22:12:47,911 [pool-7-thread-2] INFO  commands.RetriableDatanodeEventWatcher (RetriableDatanodeEventWatcher.java:onTimeout(47)) - RetriableDatanodeCommand type=deleteBlocksCommand with id=1568153559793 timed out. Retrying.
2019-09-10 22:12:47,928 [pool-7-thread-2] INFO  commands.RetriableDatanodeEventWatcher (RetriableDatanodeEventWatcher.java:onTimeout(47)) - RetriableDatanodeCommand type=deleteBlocksCommand with id=1568153559803 timed out. Retrying.
2019-09-10 22:12:47,946 [pool-7-thread-2] INFO  commands.RetriableDatanodeEventWatcher (RetriableDatanodeEventWatcher.java:onTimeout(47)) - RetriableDatanodeCommand type=deleteBlocksCommand with id=1568153559813 timed out. Retrying.
2019-09-10 22:12:47,959 [pool-7-thread-2] INFO  commands.RetriableDatanodeEventWatcher (RetriableDatanodeEventWatcher.java:onTimeout(47)) - RetriableDatanodeCommand type=deleteBlocksCommand with id=1568153559754 timed out. Retrying.
2019-09-10 22:12:47,961 [pool-7-thread-2] INFO  commands.RetriableDatanodeEventWatcher (RetriableDatanodeEventWatcher.java:onTimeout(47)) - RetriableDatanodeCommand type=deleteBlocksCommand with id=1568153559823 timed out. Retrying.
2019-09-10 22:12:47,974 [pool-7-thread-2] INFO  commands.RetriableDatanodeEventWatcher (RetriableDatanodeEventWatcher.java:onTimeout(47)) - RetriableDatanodeCommand type=deleteBlocksCommand with id=1568153559764 timed out. Retrying.
2019-09-10 22:12:47,975 [SCMBlockDeletingService#0] DEBUG block.SCMBlockDeletingService (SCMBlockDeletingService.java:call(138)) - Running DeletedBlockTransactionScanner
2019-09-10 22:12:47,975 [SCMBlockDeletingService#0] DEBUG block.SCMBlockDeletingService (SCMBlockDeletingService.java:call(155)) - Scanned deleted blocks log and got 3 delTX to process.
2019-09-10 22:12:47,975 [SCMBlockDeletingService#0] DEBUG block.SCMBlockDeletingService (SCMBlockDeletingService.java:call(171)) - Added delete block command for datanode ed5d81fa-aaf0-49db-aa57-acca1dd387bd in the queue, number of delete block transactions: 3, TxID list: 1,2,3
2019-09-10 22:12:47,989 [pool-7-thread-2] INFO  commands.RetriableDatanodeEventWatcher (RetriableDatanodeEventWatcher.java:onTimeout(47)) - RetriableDatanodeCommand type=deleteBlocksCommand with id=1568153559774 timed out. Retrying.
2019-09-10 22:12:47,998 [pool-7-thread-2] INFO  commands.RetriableDatanodeEventWatcher (RetriableDatanodeEventWatcher.java:onTimeout(47)) - RetriableDatanodeCommand type=deleteBlocksCommand with id=1568153559784 timed out. Retrying.
2019-09-10 22:12:48,013 [pool-7-thread-2] INFO  commands.RetriableDatanodeEventWatcher (RetriableDatanodeEventWatcher.java:onTimeout(47)) - RetriableDatanodeCommand type=deleteBlocksCommand with id=1568153559794 timed out. Retrying.
2019-09-10 22:12:48,031 [pool-7-thread-2] INFO  commands.RetriableDatanodeEventWatcher (RetriableDatanodeEventWatcher.java:onTimeout(47)) - RetriableDatanodeCommand type=deleteBlocksCommand with id=1568153559804 timed out. Retrying.
2019-09-10 22:12:48,046 [pool-7-thread-2] INFO  commands.RetriableDatanodeEventWatcher (RetriableDatanodeEventWatcher.java:onTimeout(47)) - RetriableDatanodeCommand type=deleteBlocksCommand with id=1568153559814 timed out. Retrying.
2019-09-10 22:12:48,062 [pool-7-thread-2] INFO  commands.RetriableDatanodeEventWatcher (RetriableDatanodeEventWatcher.java:onTimeout(47)) - RetriableDatanodeCommand type=deleteBlocksCommand with id=1568153559755 timed out. Retrying.
2019-09-10 22:12:48,062 [pool-7-thread-1] INFO  commands.RetriableDatanodeEventWatcher (RetriableDatanodeEventWatcher.java:onTimeout(47)) - RetriableDatanodeCommand type=deleteBlocksCommand with id=1568153559824 timed out. Retrying.
2019-09-10 22:12:48,078 [pool-7-thread-1] INFO  commands.RetriableDatanodeEventWatcher (RetriableDatanodeEventWatcher.java:onTimeout(47)) - RetriableDatanodeCommand type=deleteBlocksCommand with id=1568153559765 timed out. Retrying.
2019-09-10 22:12:48,088 [pool-7-thread-1] INFO  commands.RetriableDatanodeEventWatcher (RetriableDatanodeEventWatcher.java:onTimeout(47)) - RetriableDatanodeCommand type=deleteBlocksCommand with id=1568153559775 timed out. Retrying.
2019-09-10 22:12:48,099 [pool-7-thread-1] INFO  commands.RetriableDatanodeEventWatcher (RetriableDatanodeEventWatcher.java:onTimeout(47)) - RetriableDatanodeCommand type=deleteBlocksCommand with id=1568153559785 timed out. Retrying.
2019-09-10 22:12:48,115 [pool-7-thread-1] INFO  commands.RetriableDatanodeEventWatcher (RetriableDatanodeEventWatcher.java:onTimeout(47)) - RetriableDatanodeCommand type=deleteBlocksCommand with id=1568153559795 timed out. Retrying.
2019-09-10 22:12:48,132 [pool-7-thread-1] INFO  commands.RetriableDatanodeEventWatcher (RetriableDatanodeEventWatcher.java:onTimeout(47)) - RetriableDatanodeCommand type=deleteBlocksCommand with id=1568153559805 timed out. Retrying.
2019-09-10 22:12:48,147 [pool-7-thread-1] INFO  commands.RetriableDatanodeEventWatcher (RetriableDatanodeEventWatcher.java:onTimeout(47)) - RetriableDatanodeCommand type=deleteBlocksCommand with id=1568153559815 timed out. Retrying.
2019-09-10 22:12:48,164 [pool-7-thread-1] INFO  commands.RetriableDatanodeEventWatcher (RetriableDatanodeEventWatcher.java:onTimeout(47)) - RetriableDatanodeCommand type=deleteBlocksCommand with id=1568153559756 timed out. Retrying.
2019-09-10 22:12:48,164 [pool-7-thread-2] INFO  commands.RetriableDatanodeEventWatcher (RetriableDatanodeEventWatcher.java:onTimeout(47)) - RetriableDatanodeCommand type=deleteBlocksCommand with id=1568153559825 timed out. Retrying.
2019-09-10 22:12:48,176 [pool-7-thread-2] INFO  commands.RetriableDatanodeEventWatcher (RetriableDatanodeEventWatcher.java:onTimeout(47)) - RetriableDatanodeCommand type=deleteBlocksCommand with id=1568153559766 timed out. Retrying.
2019-09-10 22:12:48,192 [pool-7-thread-2] INFO  commands.RetriableDatanodeEventWatcher (RetriableDatanodeEventWatcher.java:onTimeout(47)) - RetriableDatanodeCommand type=deleteBlocksCommand with id=1568153559776 timed out. Retrying.
2019-09-10 22:12:48,201 [pool-7-thread-2] INFO  commands.RetriableDatanodeEventWatcher (RetriableDatanodeEventWatcher.java:onTimeout(47)) - RetriableDatanodeCommand type=deleteBlocksCommand with id=1568153559786 timed out. Retrying.
2019-09-10 22:12:48,217 [pool-7-thread-2] INFO  commands.RetriableDatanodeEventWatcher (RetriableDatanodeEventWatcher.java:onTimeout(47)) - RetriableDatanodeCommand type=deleteBlocksCommand with id=1568153559796 timed out. Retrying.
2019-09-10 22:12:48,234 [pool-7-thread-2] INFO  commands.RetriableDatanodeEventWatcher (RetriableDatanodeEventWatcher.java:onTimeout(47)) - RetriableDatanodeCommand type=deleteBlocksCommand with id=1568153559806 timed out. Retrying.
2019-09-10 22:12:48,240 [SCMBlockDeletingService#0] INFO  block.SCMBlockDeletingService (SCMBlockDeletingService.java:call(182)) - Totally added 3 delete blocks command for 1 datanodes, task elapsed time: 266ms
2019-09-10 22:12:48,249 [pool-7-thread-2] INFO  commands.RetriableDatanodeEventWatcher (RetriableDatanodeEventWatcher.java:onTimeout(47)) - RetriableDatanodeCommand type=deleteBlocksCommand with id=1568153559816 timed out. Retrying.
2019-09-10 22:12:48,265 [pool-7-thread-2] INFO  commands.RetriableDatanodeEventWatcher (RetriableDatanodeEventWatcher.java:onTimeout(47)) - RetriableDatanodeCommand type=deleteBlocksCommand with id=1568153559757 timed out. Retrying.
2019-09-10 22:12:48,265 [pool-7-thread-1] INFO  commands.RetriableDatanodeEventWatcher (RetriableDatanodeEventWatcher.java:onTimeout(47)) - RetriableDatanodeCommand type=deleteBlocksCommand with id=1568153559826 timed out. Retrying.
2019-09-10 22:12:48,279 [pool-7-thread-1] INFO  commands.RetriableDatanodeEventWatcher (RetriableDatanodeEventWatcher.java:onTimeout(47)) - RetriableDatanodeCommand type=deleteBlocksCommand with id=1568153559767 timed out. Retrying.
2019-09-10 22:12:48,290 [pool-7-thread-1] INFO  commands.RetriableDatanodeEventWatcher (RetriableDatanodeEventWatcher.java:onTimeout(47)) - RetriableDatanodeCommand type=deleteBlocksCommand with id=1568153559777 timed out. Retrying.
2019-09-10 22:12:48,295 [pool-592-thread-1] INFO  storage.RaftStorageDirectory (RaftStorageDirectory.java:tryLock(328)) - Lock on /workdir/hadoop-ozone/integration-test/target/test-dir/MiniOzoneClusterImpl-60bdcf22-3eb0-4011-b7cb-43d16866ba5a/datanode-0/data/ratis/a92760da-343f-4e6a-a8dc-729f0664fea8/in_use.lock acquired by nodename 29515@pr-hdds-2007-wqvw6-2944049611
2019-09-10 22:12:48,301 [pool-7-thread-1] INFO  commands.RetriableDatanodeEventWatcher (RetriableDatanodeEventWatcher.java:onTimeout(47)) - RetriableDatanodeCommand type=deleteBlocksCommand with id=1568153559787 timed out. Retrying.
2019-09-10 22:12:48,303 [pool-592-thread-1] INFO  ratis.ContainerStateMachine (ContainerStateMachine.java:loadSnapshot(236)) - group-729F0664FEA8: Setting the last applied index to (t:1, i:6226)
2019-09-10 22:12:48,307 [pool-592-thread-1] INFO  impl.RaftServerImpl (ServerState.java:setRaftConf(361)) - ed5d81fa-aaf0-49db-aa57-acca1dd387bd:group-729F0664FEA8 set configuration 0: [ed5d81fa-aaf0-49db-aa57-acca1dd387bd:192.168.157.245:39028], old=null at 0
2019-09-10 22:12:48,307 [pool-592-thread-1] INFO  server.RaftServerConfigKeys (ConfUtils.java:logGet(43)) - raft.server.leader.election.timeout = 120s (custom)
2019-09-10 22:12:48,308 [pool-592-thread-1] INFO  server.RaftServerConfigKeys (ConfUtils.java:logGet(43)) - raft.server.log.use.memory = false (default)
2019-09-10 22:12:48,308 [pool-592-thread-1] INFO  server.RaftServerConfigKeys (ConfUtils.java:logGet(43)) - raft.server.log.purge.gap = 1000000 (custom)
2019-09-10 22:12:48,308 [pool-592-thread-1] INFO  server.RaftServerConfigKeys (ConfUtils.java:logGet(43)) - raft.server.log.appender.buffer.byte-limit = 33554432 (custom)
2019-09-10 22:12:48,308 [pool-592-thread-1] INFO  server.RaftServerConfigKeys (ConfUtils.java:logGet(43)) - raft.server.log.segment.size.max = 1048576 (custom)
2019-09-10 22:12:48,308 [pool-592-thread-1] INFO  server.RaftServerConfigKeys (ConfUtils.java:logGet(43)) - raft.server.log.segment.cache.num.max = 2 (custom)
2019-09-10 22:12:48,309 [pool-592-thread-1] INFO  segmented.SegmentedRaftLogWorker (SegmentedRaftLogWorker.java:<init>(172)) - new ed5d81fa-aaf0-49db-aa57-acca1dd387bd-SegmentedRaftLogWorker:Storage Directory /workdir/hadoop-ozone/integration-test/target/test-dir/MiniOzoneClusterImpl-60bdcf22-3eb0-4011-b7cb-43d16866ba5a/datanode-0/data/ratis/a92760da-343f-4e6a-a8dc-729f0664fea8 for RaftStorage:Storage Directory /workdir/hadoop-ozone/integration-test/target/test-dir/MiniOzoneClusterImpl-60bdcf22-3eb0-4011-b7cb-43d16866ba5a/datanode-0/data/ratis/a92760da-343f-4e6a-a8dc-729f0664fea8
2019-09-10 22:12:48,309 [pool-592-thread-1] INFO  server.RaftServerConfigKeys (ConfUtils.java:logGet(43)) - raft.server.log.queue.byte-limit = 2147483647 (custom)
2019-09-10 22:12:48,309 [pool-592-thread-1] INFO  server.RaftServerConfigKeys (ConfUtils.java:logGet(43)) - raft.server.log.queue.element-limit = 1024 (custom)
2019-09-10 22:12:48,309 [pool-592-thread-1] INFO  server.RaftServerConfigKeys (ConfUtils.java:logGet(43)) - raft.server.log.segment.size.max = 1048576 (custom)
2019-09-10 22:12:48,310 [pool-592-thread-1] INFO  server.RaftServerConfigKeys (ConfUtils.java:logGet(43)) - raft.server.log.preallocated.size = 16384 (custom)
2019-09-10 22:12:48,310 [pool-592-thread-1] INFO  server.RaftServerConfigKeys (ConfUtils.java:logGet(43)) - raft.server.log.write.buffer.size = 33554432 (custom)
2019-09-10 22:12:48,310 [pool-592-thread-1] INFO  server.RaftServerConfigKeys (ConfUtils.java:logGet(43)) - raft.server.log.force.sync.num = 128 (default)
2019-09-10 22:12:48,310 [pool-592-thread-1] INFO  server.RaftServerConfigKeys (ConfUtils.java:logGet(43)) - raft.server.log.statemachine.data.sync = true (default)
2019-09-10 22:12:48,310 [pool-592-thread-1] INFO  server.RaftServerConfigKeys (ConfUtils.java:logGet(43)) - raft.server.log.statemachine.data.sync.timeout = 10s (default)
2019-09-10 22:12:48,311 [pool-592-thread-1] INFO  server.RaftServerConfigKeys (ConfUtils.java:logGet(43)) - raft.server.log.statemachine.data.sync.timeout.retry = -1 (default)
2019-09-10 22:12:48,311 [pool-592-thread-1] INFO  server.RaftServerConfigKeys (ConfUtils.java:logGet(43)) - raft.server.log.statemachine.data.caching.enabled = true (custom)
2019-09-10 22:12:48,319 [pool-7-thread-1] INFO  commands.RetriableDatanodeEventWatcher (RetriableDatanodeEventWatcher.java:onTimeout(47)) - RetriableDatanodeCommand type=deleteBlocksCommand with id=1568153559797 timed out. Retrying.
2019-09-10 22:12:48,321 [pool-592-thread-1] INFO  impl.RaftServerImpl (ServerState.java:setRaftConf(361)) - ed5d81fa-aaf0-49db-aa57-acca1dd387bd:group-729F0664FEA8 set configuration 0: [ed5d81fa-aaf0-49db-aa57-acca1dd387bd:192.168.157.245:39028], old=null at 0
2019-09-10 22:12:48,336 [pool-7-thread-1] INFO  commands.RetriableDatanodeEventWatcher (RetriableDatanodeEventWatcher.java:onTimeout(47)) - RetriableDatanodeCommand type=deleteBlocksCommand with id=1568153559807 timed out. Retrying.
2019-09-10 22:12:48,341 [SCMBlockDeletingService#0] DEBUG block.SCMBlockDeletingService (SCMBlockDeletingService.java:call(138)) - Running DeletedBlockTransactionScanner
2019-09-10 22:12:48,342 [SCMBlockDeletingService#0] DEBUG block.SCMBlockDeletingService (SCMBlockDeletingService.java:call(155)) - Scanned deleted blocks log and got 3 delTX to process.
2019-09-10 22:12:48,342 [SCMBlockDeletingService#0] DEBUG block.SCMBlockDeletingService (SCMBlockDeletingService.java:call(171)) - Added delete block command for datanode ed5d81fa-aaf0-49db-aa57-acca1dd387bd in the queue, number of delete block transactions: 3, TxID list: 1,2,3
2019-09-10 22:12:48,342 [SCMBlockDeletingService#0] INFO  block.SCMBlockDeletingService (SCMBlockDeletingService.java:call(182)) - Totally added 3 delete blocks command for 1 datanodes, task elapsed time: 1ms
2019-09-10 22:12:48,352 [pool-7-thread-1] INFO  commands.RetriableDatanodeEventWatcher (RetriableDatanodeEventWatcher.java:onTimeout(47)) - RetriableDatanodeCommand type=deleteBlocksCommand with id=1568153559817 timed out. Retrying.
2019-09-10 22:12:48,367 [pool-7-thread-1] INFO  commands.RetriableDatanodeEventWatcher (RetriableDatanodeEventWatcher.java:onTimeout(47)) - RetriableDatanodeCommand type=deleteBlocksCommand with id=1568153559758 timed out. Retrying.
2019-09-10 22:12:48,367 [pool-7-thread-2] INFO  commands.RetriableDatanodeEventWatcher (RetriableDatanodeEventWatcher.java:onTimeout(47)) - RetriableDatanodeCommand type=deleteBlocksCommand with id=1568153559827 timed out. Retrying.
2019-09-10 22:12:48,380 [pool-7-thread-2] INFO  commands.RetriableDatanodeEventWatcher (RetriableDatanodeEventWatcher.java:onTimeout(47)) - RetriableDatanodeCommand type=deleteBlocksCommand with id=1568153559768 timed out. Retrying.
2019-09-10 22:12:48,381 [pool-592-thread-1] INFO  segmented.LogSegment (LogSegment.java:loadSegment(145)) - Successfully read 5512 entries from segment file /workdir/hadoop-ozone/integration-test/target/test-dir/MiniOzoneClusterImpl-60bdcf22-3eb0-4011-b7cb-43d16866ba5a/datanode-0/data/ratis/a92760da-343f-4e6a-a8dc-729f0664fea8/current/log_0-5511
2019-09-10 22:12:48,384 [pool-592-thread-1] INFO  segmented.LogSegment (LogSegment.java:loadSegment(145)) - Successfully read 716 entries from segment file /workdir/hadoop-ozone/integration-test/target/test-dir/MiniOzoneClusterImpl-60bdcf22-3eb0-4011-b7cb-43d16866ba5a/datanode-0/data/ratis/a92760da-343f-4e6a-a8dc-729f0664fea8/current/log_inprogress_5512
2019-09-10 22:12:48,385 [pool-592-thread-1] INFO  segmented.SegmentedRaftLogWorker (SegmentedRaftLogWorker.java:lambda$new$0(132)) - ed5d81fa-aaf0-49db-aa57-acca1dd387bd-SegmentedRaftLogWorker:Storage Directory /workdir/hadoop-ozone/integration-test/target/test-dir/MiniOzoneClusterImpl-60bdcf22-3eb0-4011-b7cb-43d16866ba5a/datanode-0/data/ratis/a92760da-343f-4e6a-a8dc-729f0664fea8: flushIndex: setUnconditionally 0 -> 6227
2019-09-10 22:12:48,394 [pool-7-thread-2] INFO  commands.RetriableDatanodeEventWatcher (RetriableDatanodeEventWatcher.java:onTimeout(47)) - RetriableDatanodeCommand type=deleteBlocksCommand with id=1568153559778 timed out. Retrying.
2019-09-10 22:12:48,403 [pool-7-thread-2] INFO  commands.RetriableDatanodeEventWatcher (RetriableDatanodeEventWatcher.java:onTimeout(47)) - RetriableDatanodeCommand type=deleteBlocksCommand with id=1568153559788 timed out. Retrying.
2019-09-10 22:12:48,411 [pool-592-thread-1] INFO  raftlog.RaftLog (RaftLog.java:lambda$new$0(62)) - ed5d81fa-aaf0-49db-aa57-acca1dd387bd: commitIndex: updateToMax old=6226, new=6226, updated? false
2019-09-10 22:12:48,412 [pool-592-thread-1] INFO  server.RaftServerConfigKeys (ConfUtils.java:logGet(43)) - raft.server.snapshot.auto.trigger.enabled = true (custom)
2019-09-10 22:12:48,412 [pool-592-thread-1] INFO  server.RaftServerConfigKeys (ConfUtils.java:logGet(43)) - raft.server.snapshot.auto.trigger.threshold = 10000 (custom)
2019-09-10 22:12:48,412 [pool-592-thread-1] INFO  server.RaftServerConfigKeys (ConfUtils.java:logGet(43)) - raft.server.retrycache.expirytime = 600000ms (custom)
2019-09-10 22:12:48,412 [Datanode State Machine Thread - 0] INFO  impl.RaftServerImpl (RaftServerImpl.java:start(180)) - ed5d81fa-aaf0-49db-aa57-acca1dd387bd: start group-729F0664FEA8
2019-09-10 22:12:48,415 [Datanode State Machine Thread - 0] INFO  impl.RaftServerImpl (RaftServerImpl.java:setRole(171)) - ed5d81fa-aaf0-49db-aa57-acca1dd387bd:group-729F0664FEA8 changes role from null to FOLLOWER at term 1 for startAsFollower
2019-09-10 22:12:48,416 [Datanode State Machine Thread - 0] INFO  impl.RoleInfo (RoleInfo.java:updateAndGet(143)) - ed5d81fa-aaf0-49db-aa57-acca1dd387bd: start FollowerState
2019-09-10 22:12:48,417 [Datanode State Machine Thread - 0] INFO  util.JmxRegister (JmxRegister.java:tryRegister(44)) - Successfully registered JMX Bean with object name Ratis:service=RaftServer,group=group-729F0664FEA8,id=ed5d81fa-aaf0-49db-aa57-acca1dd387bd
2019-09-10 22:12:48,418 [Datanode State Machine Thread - 0] INFO  impl.RaftServerProxy (RaftServerProxy.java:lambda$start$3(299)) - ed5d81fa-aaf0-49db-aa57-acca1dd387bd: start RPC server
2019-09-10 22:12:48,423 [Datanode State Machine Thread - 0] INFO  server.GrpcService (GrpcService.java:startImpl(149)) - ed5d81fa-aaf0-49db-aa57-acca1dd387bd: GrpcService started, listening on 0.0.0.0/0.0.0.0:39028
2019-09-10 22:12:48,424 [pool-7-thread-2] INFO  commands.RetriableDatanodeEventWatcher (RetriableDatanodeEventWatcher.java:onTimeout(47)) - RetriableDatanodeCommand type=deleteBlocksCommand with id=1568153559798 timed out. Retrying.
2019-09-10 22:12:48,439 [pool-7-thread-2] INFO  commands.RetriableDatanodeEventWatcher (RetriableDatanodeEventWatcher.java:onTimeout(47)) - RetriableDatanodeCommand type=deleteBlocksCommand with id=1568153559808 timed out. Retrying.
2019-09-10 22:12:48,443 [SCMBlockDeletingService#0] DEBUG block.SCMBlockDeletingService (SCMBlockDeletingService.java:call(138)) - Running DeletedBlockTransactionScanner
2019-09-10 22:12:48,443 [SCMBlockDeletingService#0] DEBUG block.SCMBlockDeletingService (SCMBlockDeletingService.java:call(155)) - Scanned deleted blocks log and got 3 delTX to process.
2019-09-10 22:12:48,443 [SCMBlockDeletingService#0] DEBUG block.SCMBlockDeletingService (SCMBlockDeletingService.java:call(171)) - Added delete block command for datanode ed5d81fa-aaf0-49db-aa57-acca1dd387bd in the queue, number of delete block transactions: 3, TxID list: 1,2,3
2019-09-10 22:12:48,444 [SCMBlockDeletingService#0] INFO  block.SCMBlockDeletingService (SCMBlockDeletingService.java:call(182)) - Totally added 3 delete blocks command for 1 datanodes, task elapsed time: 0ms
2019-09-10 22:12:48,453 [pool-7-thread-2] INFO  commands.RetriableDatanodeEventWatcher (RetriableDatanodeEventWatcher.java:onTimeout(47)) - RetriableDatanodeCommand type=deleteBlocksCommand with id=1568153559818 timed out. Retrying.
2019-09-10 22:12:48,467 [pool-7-thread-2] INFO  commands.RetriableDatanodeEventWatcher (RetriableDatanodeEventWatcher.java:onTimeout(47)) - RetriableDatanodeCommand type=deleteBlocksCommand with id=1568153559759 timed out. Retrying.
2019-09-10 22:12:48,469 [pool-7-thread-2] INFO  commands.RetriableDatanodeEventWatcher (RetriableDatanodeEventWatcher.java:onTimeout(47)) - RetriableDatanodeCommand type=deleteBlocksCommand with id=1568153559828 timed out. Retrying.
2019-09-10 22:12:48,482 [pool-7-thread-2] INFO  commands.RetriableDatanodeEventWatcher (RetriableDatanodeEventWatcher.java:onTimeout(47)) - RetriableDatanodeCommand type=deleteBlocksCommand with id=1568153559769 timed out. Retrying.
2019-09-10 22:12:48,484 [main] INFO  ozone.MiniOzoneClusterImpl (MiniOzoneClusterImpl.java:lambda$waitForClusterToBeReady$0(140)) - Waiting for cluster to be ready. Got 0 of 1 DN Heartbeats.
2019-09-10 22:12:48,494 [pool-7-thread-2] INFO  commands.RetriableDatanodeEventWatcher (RetriableDatanodeEventWatcher.java:onTimeout(47)) - RetriableDatanodeCommand type=deleteBlocksCommand with id=1568153559779 timed out. Retrying.
2019-09-10 22:12:48,506 [pool-7-thread-2] INFO  commands.RetriableDatanodeEventWatcher (RetriableDatanodeEventWatcher.java:onTimeout(47)) - RetriableDatanodeCommand type=deleteBlocksCommand with id=1568153559789 timed out. Retrying.
2019-09-10 22:12:48,520 [pool-7-thread-2] INFO  commands.RetriableDatanodeEventWatcher (RetriableDatanodeEventWatcher.java:onTimeout(47)) - RetriableDatanodeCommand type=deleteBlocksCommand with id=1568153559799 timed out. Retrying.
2019-09-10 22:12:48,539 [pool-7-thread-2] INFO  commands.RetriableDatanodeEventWatcher (RetriableDatanodeEventWatcher.java:onTimeout(47)) - RetriableDatanodeCommand type=deleteBlocksCommand with id=1568153559809 timed out. Retrying.
2019-09-10 22:12:48,544 [SCMBlockDeletingService#0] DEBUG block.SCMBlockDeletingService (SCMBlockDeletingService.java:call(138)) - Running DeletedBlockTransactionScanner
2019-09-10 22:12:48,545 [SCMBlockDeletingService#0] DEBUG block.SCMBlockDeletingService (SCMBlockDeletingService.java:call(155)) - Scanned deleted blocks log and got 3 delTX to process.
2019-09-10 22:12:48,545 [SCMBlockDeletingService#0] DEBUG block.SCMBlockDeletingService (SCMBlockDeletingService.java:call(171)) - Added delete block command for datanode ed5d81fa-aaf0-49db-aa57-acca1dd387bd in the queue, number of delete block transactions: 3, TxID list: 1,2,3
2019-09-10 22:12:48,545 [SCMBlockDeletingService#0] INFO  block.SCMBlockDeletingService (SCMBlockDeletingService.java:call(182)) - Totally added 3 delete blocks command for 1 datanodes, task elapsed time: 1ms
2019-09-10 22:12:48,555 [pool-7-thread-2] INFO  commands.RetriableDatanodeEventWatcher (RetriableDatanodeEventWatcher.java:onTimeout(47)) - RetriableDatanodeCommand type=deleteBlocksCommand with id=1568153559819 timed out. Retrying.
2019-09-10 22:12:48,570 [pool-7-thread-2] INFO  commands.RetriableDatanodeEventWatcher (RetriableDatanodeEventWatcher.java:onTimeout(47)) - RetriableDatanodeCommand type=deleteBlocksCommand with id=1568153559760 timed out. Retrying.
2019-09-10 22:12:48,570 [pool-7-thread-1] INFO  commands.RetriableDatanodeEventWatcher (RetriableDatanodeEventWatcher.java:onTimeout(47)) - RetriableDatanodeCommand type=deleteBlocksCommand with id=1568153559829 timed out. Retrying.
2019-09-10 22:12:48,585 [pool-7-thread-1] INFO  commands.RetriableDatanodeEventWatcher (RetriableDatanodeEventWatcher.java:onTimeout(47)) - RetriableDatanodeCommand type=deleteBlocksCommand with id=1568153559770 timed out. Retrying.
2019-09-10 22:12:48,593 [pool-7-thread-1] INFO  commands.RetriableDatanodeEventWatcher (RetriableDatanodeEventWatcher.java:onTimeout(47)) - RetriableDatanodeCommand type=deleteBlocksCommand with id=1568153559780 timed out. Retrying.
2019-09-10 22:12:48,609 [pool-7-thread-1] INFO  commands.RetriableDatanodeEventWatcher (RetriableDatanodeEventWatcher.java:onTimeout(47)) - RetriableDatanodeCommand type=deleteBlocksCommand with id=1568153559790 timed out. Retrying.
2019-09-10 22:12:48,620 [pool-7-thread-1] INFO  commands.RetriableDatanodeEventWatcher (RetriableDatanodeEventWatcher.java:onTimeout(47)) - RetriableDatanodeCommand type=deleteBlocksCommand with id=1568153559800 timed out. Retrying.
2019-09-10 22:12:48,640 [pool-7-thread-1] INFO  commands.RetriableDatanodeEventWatcher (RetriableDatanodeEventWatcher.java:onTimeout(47)) - RetriableDatanodeCommand type=deleteBlocksCommand with id=1568153559810 timed out. Retrying.
2019-09-10 22:12:48,646 [SCMBlockDeletingService#0] DEBUG block.SCMBlockDeletingService (SCMBlockDeletingService.java:call(138)) - Running DeletedBlockTransactionScanner
2019-09-10 22:12:48,646 [SCMBlockDeletingService#0] DEBUG block.SCMBlockDeletingService (SCMBlockDeletingService.java:call(155)) - Scanned deleted blocks log and got 3 delTX to process.
2019-09-10 22:12:48,646 [SCMBlockDeletingService#0] DEBUG block.SCMBlockDeletingService (SCMBlockDeletingService.java:call(171)) - Added delete block command for datanode ed5d81fa-aaf0-49db-aa57-acca1dd387bd in the queue, number of delete block transactions: 3, TxID list: 1,2,3
2019-09-10 22:12:48,647 [SCMBlockDeletingService#0] INFO  block.SCMBlockDeletingService (SCMBlockDeletingService.java:call(182)) - Totally added 3 delete blocks command for 1 datanodes, task elapsed time: 1ms
2019-09-10 22:12:48,657 [pool-7-thread-1] INFO  commands.RetriableDatanodeEventWatcher (RetriableDatanodeEventWatcher.java:onTimeout(47)) - RetriableDatanodeCommand type=deleteBlocksCommand with id=1568153559820 timed out. Retrying.
2019-09-10 22:12:48,671 [pool-7-thread-1] INFO  commands.RetriableDatanodeEventWatcher (RetriableDatanodeEventWatcher.java:onTimeout(47)) - RetriableDatanodeCommand type=deleteBlocksCommand with id=1568153559830 timed out. Retrying.
2019-09-10 22:12:48,673 [pool-7-thread-1] INFO  commands.RetriableDatanodeEventWatcher (RetriableDatanodeEventWatcher.java:onTimeout(47)) - RetriableDatanodeCommand type=deleteBlocksCommand with id=1568153559761 timed out. Retrying.
2019-09-10 22:12:48,681 [pool-7-thread-1] INFO  commands.RetriableDatanodeEventWatcher (RetriableDatanodeEventWatcher.java:onTimeout(47)) - RetriableDatanodeCommand type=deleteBlocksCommand with id=1568153559771 timed out. Retrying.
2019-09-10 22:12:48,696 [pool-7-thread-1] INFO  commands.RetriableDatanodeEventWatcher (RetriableDatanodeEventWatcher.java:onTimeout(47)) - RetriableDatanodeCommand type=deleteBlocksCommand with id=1568153559781 timed out. Retrying.
2019-09-10 22:12:48,708 [pool-7-thread-1] INFO  commands.RetriableDatanodeEventWatcher (RetriableDatanodeEventWatcher.java:onTimeout(47)) - RetriableDatanodeCommand type=deleteBlocksCommand with id=1568153559791 timed out. Retrying.
2019-09-10 22:12:48,722 [pool-7-thread-1] INFO  commands.RetriableDatanodeEventWatcher (RetriableDatanodeEventWatcher.java:onTimeout(47)) - RetriableDatanodeCommand type=deleteBlocksCommand with id=1568153559801 timed out. Retrying.
2019-09-10 22:12:48,742 [pool-7-thread-1] INFO  commands.RetriableDatanodeEventWatcher (RetriableDatanodeEventWatcher.java:onTimeout(47)) - RetriableDatanodeCommand type=deleteBlocksCommand with id=1568153559811 timed out. Retrying.
2019-09-10 22:12:48,747 [SCMBlockDeletingService#0] DEBUG block.SCMBlockDeletingService (SCMBlockDeletingService.java:call(138)) - Running DeletedBlockTransactionScanner
2019-09-10 22:12:48,748 [SCMBlockDeletingService#0] DEBUG block.SCMBlockDeletingService (SCMBlockDeletingService.java:call(155)) - Scanned deleted blocks log and got 3 delTX to process.
2019-09-10 22:12:48,748 [SCMBlockDeletingService#0] DEBUG block.SCMBlockDeletingService (SCMBlockDeletingService.java:call(171)) - Added delete block command for datanode ed5d81fa-aaf0-49db-aa57-acca1dd387bd in the queue, number of delete block transactions: 3, TxID list: 1,2,3
2019-09-10 22:12:48,748 [SCMBlockDeletingService#0] INFO  block.SCMBlockDeletingService (SCMBlockDeletingService.java:call(182)) - Totally added 3 delete blocks command for 1 datanodes, task elapsed time: 1ms
2019-09-10 22:12:48,757 [pool-7-thread-1] INFO  commands.RetriableDatanodeEventWatcher (RetriableDatanodeEventWatcher.java:onTimeout(47)) - RetriableDatanodeCommand type=deleteBlocksCommand with id=1568153559752 timed out. Retrying.
2019-09-10 22:12:48,757 [pool-7-thread-2] INFO  commands.RetriableDatanodeEventWatcher (RetriableDatanodeEventWatcher.java:onTimeout(47)) - RetriableDatanodeCommand type=deleteBlocksCommand with id=1568153559821 timed out. Retrying.
2019-09-10 22:12:48,773 [pool-7-thread-2] INFO  commands.RetriableDatanodeEventWatcher (RetriableDatanodeEventWatcher.java:onTimeout(47)) - RetriableDatanodeCommand type=deleteBlocksCommand with id=1568153559831 timed out. Retrying.
2019-09-10 22:12:48,774 [pool-7-thread-2] INFO  commands.RetriableDatanodeEventWatcher (RetriableDatanodeEventWatcher.java:onTimeout(47)) - RetriableDatanodeCommand type=deleteBlocksCommand with id=1568153559762 timed out. Retrying.
2019-09-10 22:12:48,784 [pool-7-thread-2] INFO  commands.RetriableDatanodeEventWatcher (RetriableDatanodeEventWatcher.java:onTimeout(47)) - RetriableDatanodeCommand type=deleteBlocksCommand with id=1568153559772 timed out. Retrying.
2019-09-10 22:12:48,798 [pool-7-thread-2] INFO  commands.RetriableDatanodeEventWatcher (RetriableDatanodeEventWatcher.java:onTimeout(47)) - RetriableDatanodeCommand type=deleteBlocksCommand with id=1568153559782 timed out. Retrying.
2019-09-10 22:12:48,811 [pool-7-thread-2] INFO  commands.RetriableDatanodeEventWatcher (RetriableDatanodeEventWatcher.java:onTimeout(47)) - RetriableDatanodeCommand type=deleteBlocksCommand with id=1568153559792 timed out. Retrying.
2019-09-10 22:12:48,827 [pool-7-thread-2] INFO  commands.RetriableDatanodeEventWatcher (RetriableDatanodeEventWatcher.java:onTimeout(47)) - RetriableDatanodeCommand type=deleteBlocksCommand with id=1568153559802 timed out. Retrying.
2019-09-10 22:12:48,844 [pool-7-thread-2] INFO  commands.RetriableDatanodeEventWatcher (RetriableDatanodeEventWatcher.java:onTimeout(47)) - RetriableDatanodeCommand type=deleteBlocksCommand with id=1568153559812 timed out. Retrying.
2019-09-10 22:12:48,849 [SCMBlockDeletingService#0] DEBUG block.SCMBlockDeletingService (SCMBlockDeletingService.java:call(138)) - Running DeletedBlockTransactionScanner
2019-09-10 22:12:48,849 [SCMBlockDeletingService#0] DEBUG block.SCMBlockDeletingService (SCMBlockDeletingService.java:call(155)) - Scanned deleted blocks log and got 3 delTX to process.
2019-09-10 22:12:48,849 [SCMBlockDeletingService#0] DEBUG block.SCMBlockDeletingService (SCMBlockDeletingService.java:call(171)) - Added delete block command for datanode ed5d81fa-aaf0-49db-aa57-acca1dd387bd in the queue, number of delete block transactions: 3, TxID list: 1,2,3
2019-09-10 22:12:48,850 [SCMBlockDeletingService#0] INFO  block.SCMBlockDeletingService (SCMBlockDeletingService.java:call(182)) - Totally added 3 delete blocks command for 1 datanodes, task elapsed time: 1ms
2019-09-10 22:12:48,856 [pool-7-thread-2] INFO  commands.RetriableDatanodeEventWatcher (RetriableDatanodeEventWatcher.java:onTimeout(47)) - RetriableDatanodeCommand type=deleteBlocksCommand with id=1568153559753 timed out. Retrying.
2019-09-10 22:12:48,858 [pool-7-thread-2] INFO  commands.RetriableDatanodeEventWatcher (RetriableDatanodeEventWatcher.java:onTimeout(47)) - RetriableDatanodeCommand type=deleteBlocksCommand with id=1568153559822 timed out. Retrying.
2019-09-10 22:12:48,875 [pool-7-thread-2] INFO  commands.RetriableDatanodeEventWatcher (RetriableDatanodeEventWatcher.java:onTimeout(47)) - RetriableDatanodeCommand type=deleteBlocksCommand with id=1568153559763 timed out. Retrying.
2019-09-10 22:12:48,875 [pool-7-thread-1] INFO  commands.RetriableDatanodeEventWatcher (RetriableDatanodeEventWatcher.java:onTimeout(47)) - RetriableDatanodeCommand type=deleteBlocksCommand with id=1568153559832 timed out. Retrying.
2019-09-10 22:12:48,886 [pool-7-thread-1] INFO  commands.RetriableDatanodeEventWatcher (RetriableDatanodeEventWatcher.java:onTimeout(47)) - RetriableDatanodeCommand type=deleteBlocksCommand with id=1568153559773 timed out. Retrying.
2019-09-10 22:12:48,900 [pool-7-thread-1] INFO  commands.RetriableDatanodeEventWatcher (RetriableDatanodeEventWatcher.java:onTimeout(47)) - RetriableDatanodeCommand type=deleteBlocksCommand with id=1568153559783 timed out. Retrying.
2019-09-10 22:12:48,911 [pool-7-thread-1] INFO  commands.RetriableDatanodeEventWatcher (RetriableDatanodeEventWatcher.java:onTimeout(47)) - RetriableDatanodeCommand type=deleteBlocksCommand with id=1568153559793 timed out. Retrying.
2019-09-10 22:12:48,929 [pool-7-thread-1] INFO  commands.RetriableDatanodeEventWatcher (RetriableDatanodeEventWatcher.java:onTimeout(47)) - RetriableDatanodeCommand type=deleteBlocksCommand with id=1568153559803 timed out. Retrying.
2019-09-10 22:12:48,946 [pool-7-thread-1] INFO  commands.RetriableDatanodeEventWatcher (RetriableDatanodeEventWatcher.java:onTimeout(47)) - RetriableDatanodeCommand type=deleteBlocksCommand with id=1568153559813 timed out. Retrying.
2019-09-10 22:12:48,950 [SCMBlockDeletingService#0] DEBUG block.SCMBlockDeletingService (SCMBlockDeletingService.java:call(138)) - Running DeletedBlockTransactionScanner
2019-09-10 22:12:48,951 [SCMBlockDeletingService#0] DEBUG block.SCMBlockDeletingService (SCMBlockDeletingService.java:call(155)) - Scanned deleted blocks log and got 3 delTX to process.
2019-09-10 22:12:48,951 [SCMBlockDeletingService#0] DEBUG block.SCMBlockDeletingService (SCMBlockDeletingService.java:call(171)) - Added delete block command for datanode ed5d81fa-aaf0-49db-aa57-acca1dd387bd in the queue, number of delete block transactions: 3, TxID list: 1,2,3
2019-09-10 22:12:48,951 [SCMBlockDeletingService#0] INFO  block.SCMBlockDeletingService (SCMBlockDeletingService.java:call(182)) - Totally added 3 delete blocks command for 1 datanodes, task elapsed time: 1ms
2019-09-10 22:12:48,959 [pool-7-thread-1] INFO  commands.RetriableDatanodeEventWatcher (RetriableDatanodeEventWatcher.java:onTimeout(47)) - RetriableDatanodeCommand type=deleteBlocksCommand with id=1568153559754 timed out. Retrying.
2019-09-10 22:12:48,962 [pool-7-thread-1] INFO  commands.RetriableDatanodeEventWatcher (RetriableDatanodeEventWatcher.java:onTimeout(47)) - RetriableDatanodeCommand type=deleteBlocksCommand with id=1568153559823 timed out. Retrying.
2019-09-10 22:12:48,974 [pool-7-thread-1] INFO  commands.RetriableDatanodeEventWatcher (RetriableDatanodeEventWatcher.java:onTimeout(47)) - RetriableDatanodeCommand type=deleteBlocksCommand with id=1568153559764 timed out. Retrying.
2019-09-10 22:12:48,975 [pool-7-thread-1] INFO  commands.RetriableDatanodeEventWatcher (RetriableDatanodeEventWatcher.java:onTimeout(47)) - RetriableDatanodeCommand type=deleteBlocksCommand with id=1568153559833 timed out. Retrying.
2019-09-10 22:12:48,989 [pool-7-thread-1] INFO  commands.RetriableDatanodeEventWatcher (RetriableDatanodeEventWatcher.java:onTimeout(47)) - RetriableDatanodeCommand type=deleteBlocksCommand with id=1568153559774 timed out. Retrying.
2019-09-10 22:12:48,999 [pool-7-thread-1] INFO  commands.RetriableDatanodeEventWatcher (RetriableDatanodeEventWatcher.java:onTimeout(47)) - RetriableDatanodeCommand type=deleteBlocksCommand with id=1568153559784 timed out. Retrying.
2019-09-10 22:12:49,014 [pool-7-thread-1] INFO  commands.RetriableDatanodeEventWatcher (RetriableDatanodeEventWatcher.java:onTimeout(47)) - RetriableDatanodeCommand type=deleteBlocksCommand with id=1568153559794 timed out. Retrying.
2019-09-10 22:12:49,031 [pool-7-thread-1] INFO  commands.RetriableDatanodeEventWatcher (RetriableDatanodeEventWatcher.java:onTimeout(47)) - RetriableDatanodeCommand type=deleteBlocksCommand with id=1568153559804 timed out. Retrying.
2019-09-10 22:12:49,047 [pool-7-thread-1] INFO  commands.RetriableDatanodeEventWatcher (RetriableDatanodeEventWatcher.java:onTimeout(47)) - RetriableDatanodeCommand type=deleteBlocksCommand with id=1568153559814 timed out. Retrying.
2019-09-10 22:12:49,052 [SCMBlockDeletingService#0] DEBUG block.SCMBlockDeletingService (SCMBlockDeletingService.java:call(138)) - Running DeletedBlockTransactionScanner
2019-09-10 22:12:49,052 [SCMBlockDeletingService#0] DEBUG block.SCMBlockDeletingService (SCMBlockDeletingService.java:call(155)) - Scanned deleted blocks log and got 3 delTX to process.
2019-09-10 22:12:49,052 [SCMBlockDeletingService#0] DEBUG block.SCMBlockDeletingService (SCMBlockDeletingService.java:call(171)) - Added delete block command for datanode ed5d81fa-aaf0-49db-aa57-acca1dd387bd in the queue, number of delete block transactions: 3, TxID list: 1,2,3
2019-09-10 22:12:49,053 [SCMBlockDeletingService#0] INFO  block.SCMBlockDeletingService (SCMBlockDeletingService.java:call(182)) - Totally added 3 delete blocks command for 1 datanodes, task elapsed time: 1ms
2019-09-10 22:12:49,063 [pool-7-thread-1] INFO  commands.RetriableDatanodeEventWatcher (RetriableDatanodeEventWatcher.java:onTimeout(47)) - RetriableDatanodeCommand type=deleteBlocksCommand with id=1568153559755 timed out. Retrying.
2019-09-10 22:12:49,063 [pool-7-thread-2] INFO  commands.RetriableDatanodeEventWatcher (RetriableDatanodeEventWatcher.java:onTimeout(47)) - RetriableDatanodeCommand type=deleteBlocksCommand with id=1568153559824 timed out. Retrying.
2019-09-10 22:12:49,079 [pool-7-thread-2] INFO  commands.RetriableDatanodeEventWatcher (RetriableDatanodeEventWatcher.java:onTimeout(47)) - RetriableDatanodeCommand type=deleteBlocksCommand with id=1568153559765 timed out. Retrying.
2019-09-10 22:12:49,089 [pool-7-thread-2] INFO  commands.RetriableDatanodeEventWatcher (RetriableDatanodeEventWatcher.java:onTimeout(47)) - RetriableDatanodeCommand type=deleteBlocksCommand with id=1568153559775 timed out. Retrying.
2019-09-10 22:12:49,100 [pool-7-thread-2] INFO  commands.RetriableDatanodeEventWatcher (RetriableDatanodeEventWatcher.java:onTimeout(47)) - RetriableDatanodeCommand type=deleteBlocksCommand with id=1568153559785 timed out. Retrying.
2019-09-10 22:12:49,115 [pool-7-thread-2] INFO  commands.RetriableDatanodeEventWatcher (RetriableDatanodeEventWatcher.java:onTimeout(47)) - RetriableDatanodeCommand type=deleteBlocksCommand with id=1568153559795 timed out. Retrying.
2019-09-10 22:12:49,133 [pool-7-thread-2] INFO  commands.RetriableDatanodeEventWatcher (RetriableDatanodeEventWatcher.java:onTimeout(47)) - RetriableDatanodeCommand type=deleteBlocksCommand with id=1568153559805 timed out. Retrying.
2019-09-10 22:12:49,147 [pool-7-thread-2] INFO  commands.RetriableDatanodeEventWatcher (RetriableDatanodeEventWatcher.java:onTimeout(47)) - RetriableDatanodeCommand type=deleteBlocksCommand with id=1568153559815 timed out. Retrying.
2019-09-10 22:12:49,153 [SCMBlockDeletingService#0] DEBUG block.SCMBlockDeletingService (SCMBlockDeletingService.java:call(138)) - Running DeletedBlockTransactionScanner
2019-09-10 22:12:49,154 [SCMBlockDeletingService#0] DEBUG block.SCMBlockDeletingService (SCMBlockDeletingService.java:call(155)) - Scanned deleted blocks log and got 3 delTX to process.
2019-09-10 22:12:49,154 [SCMBlockDeletingService#0] DEBUG block.SCMBlockDeletingService (SCMBlockDeletingService.java:call(171)) - Added delete block command for datanode ed5d81fa-aaf0-49db-aa57-acca1dd387bd in the queue, number of delete block transactions: 3, TxID list: 1,2,3
2019-09-10 22:12:49,154 [SCMBlockDeletingService#0] INFO  block.SCMBlockDeletingService (SCMBlockDeletingService.java:call(182)) - Totally added 3 delete blocks command for 1 datanodes, task elapsed time: 1ms
2019-09-10 22:12:49,164 [pool-7-thread-1] INFO  commands.RetriableDatanodeEventWatcher (RetriableDatanodeEventWatcher.java:onTimeout(47)) - RetriableDatanodeCommand type=deleteBlocksCommand with id=1568153559825 timed out. Retrying.
2019-09-10 22:12:49,164 [pool-7-thread-2] INFO  commands.RetriableDatanodeEventWatcher (RetriableDatanodeEventWatcher.java:onTimeout(47)) - RetriableDatanodeCommand type=deleteBlocksCommand with id=1568153559756 timed out. Retrying.
2019-09-10 22:12:49,177 [pool-7-thread-2] INFO  commands.RetriableDatanodeEventWatcher (RetriableDatanodeEventWatcher.java:onTimeout(47)) - RetriableDatanodeCommand type=deleteBlocksCommand with id=1568153559766 timed out. Retrying.
2019-09-10 22:12:49,192 [pool-7-thread-2] INFO  commands.RetriableDatanodeEventWatcher (RetriableDatanodeEventWatcher.java:onTimeout(47)) - RetriableDatanodeCommand type=deleteBlocksCommand with id=1568153559776 timed out. Retrying.
2019-09-10 22:12:49,201 [pool-7-thread-2] INFO  commands.RetriableDatanodeEventWatcher (RetriableDatanodeEventWatcher.java:onTimeout(47)) - RetriableDatanodeCommand type=deleteBlocksCommand with id=1568153559786 timed out. Retrying.
2019-09-10 22:12:49,218 [pool-7-thread-2] INFO  commands.RetriableDatanodeEventWatcher (RetriableDatanodeEventWatcher.java:onTimeout(47)) - RetriableDatanodeCommand type=deleteBlocksCommand with id=1568153559796 timed out. Retrying.
2019-09-10 22:12:49,234 [pool-7-thread-2] INFO  commands.RetriableDatanodeEventWatcher (RetriableDatanodeEventWatcher.java:onTimeout(47)) - RetriableDatanodeCommand type=deleteBlocksCommand with id=1568153559806 timed out. Retrying.
2019-09-10 22:12:49,252 [pool-7-thread-2] INFO  commands.RetriableDatanodeEventWatcher (RetriableDatanodeEventWatcher.java:onTimeout(47)) - RetriableDatanodeCommand type=deleteBlocksCommand with id=1568153559816 timed out. Retrying.
2019-09-10 22:12:49,255 [SCMBlockDeletingService#1] DEBUG block.SCMBlockDeletingService (SCMBlockDeletingService.java:call(138)) - Running DeletedBlockTransactionScanner
2019-09-10 22:12:49,255 [SCMBlockDeletingService#1] DEBUG block.SCMBlockDeletingService (SCMBlockDeletingService.java:call(155)) - Scanned deleted blocks log and got 3 delTX to process.
2019-09-10 22:12:49,255 [SCMBlockDeletingService#1] DEBUG block.SCMBlockDeletingService (SCMBlockDeletingService.java:call(171)) - Added delete block command for datanode ed5d81fa-aaf0-49db-aa57-acca1dd387bd in the queue, number of delete block transactions: 3, TxID list: 1,2,3
2019-09-10 22:12:49,256 [SCMBlockDeletingService#1] INFO  block.SCMBlockDeletingService (SCMBlockDeletingService.java:call(182)) - Totally added 3 delete blocks command for 1 datanodes, task elapsed time: 1ms
2019-09-10 22:12:49,266 [pool-7-thread-1] INFO  commands.RetriableDatanodeEventWatcher (RetriableDatanodeEventWatcher.java:onTimeout(47)) - RetriableDatanodeCommand type=deleteBlocksCommand with id=1568153559826 timed out. Retrying.
2019-09-10 22:12:49,266 [pool-7-thread-2] INFO  commands.RetriableDatanodeEventWatcher (RetriableDatanodeEventWatcher.java:onTimeout(47)) - RetriableDatanodeCommand type=deleteBlocksCommand with id=1568153559757 timed out. Retrying.
2019-09-10 22:12:49,279 [pool-7-thread-2] INFO  commands.RetriableDatanodeEventWatcher (RetriableDatanodeEventWatcher.java:onTimeout(47)) - RetriableDatanodeCommand type=deleteBlocksCommand with id=1568153559767 timed out. Retrying.
2019-09-10 22:12:49,291 [pool-7-thread-2] INFO  commands.RetriableDatanodeEventWatcher (RetriableDatanodeEventWatcher.java:onTimeout(47)) - RetriableDatanodeCommand type=deleteBlocksCommand with id=1568153559777 timed out. Retrying.
2019-09-10 22:12:49,302 [pool-7-thread-2] INFO  commands.RetriableDatanodeEventWatcher (RetriableDatanodeEventWatcher.java:onTimeout(47)) - RetriableDatanodeCommand type=deleteBlocksCommand with id=1568153559787 timed out. Retrying.
2019-09-10 22:12:49,320 [pool-7-thread-2] INFO  commands.RetriableDatanodeEventWatcher (RetriableDatanodeEventWatcher.java:onTimeout(47)) - RetriableDatanodeCommand type=deleteBlocksCommand with id=1568153559797 timed out. Retrying.
2019-09-10 22:12:49,337 [pool-7-thread-2] INFO  commands.RetriableDatanodeEventWatcher (RetriableDatanodeEventWatcher.java:onTimeout(47)) - RetriableDatanodeCommand type=deleteBlocksCommand with id=1568153559807 timed out. Retrying.
2019-09-10 22:12:49,341 [pool-7-thread-2] INFO  commands.RetriableDatanodeEventWatcher (RetriableDatanodeEventWatcher.java:onTimeout(47)) - RetriableDatanodeCommand type=deleteBlocksCommand with id=1568153559834 timed out. Retrying.
2019-09-10 22:12:49,353 [pool-7-thread-2] INFO  commands.RetriableDatanodeEventWatcher (RetriableDatanodeEventWatcher.java:onTimeout(47)) - RetriableDatanodeCommand type=deleteBlocksCommand with id=1568153559817 timed out. Retrying.
2019-09-10 22:12:49,356 [SCMBlockDeletingService#1] DEBUG block.SCMBlockDeletingService (SCMBlockDeletingService.java:call(138)) - Running DeletedBlockTransactionScanner
2019-09-10 22:12:49,357 [SCMBlockDeletingService#1] DEBUG block.SCMBlockDeletingService (SCMBlockDeletingService.java:call(155)) - Scanned deleted blocks log and got 3 delTX to process.
2019-09-10 22:12:49,357 [SCMBlockDeletingService#1] DEBUG block.SCMBlockDeletingService (SCMBlockDeletingService.java:call(171)) - Added delete block command for datanode ed5d81fa-aaf0-49db-aa57-acca1dd387bd in the queue, number of delete block transactions: 3, TxID list: 1,2,3
2019-09-10 22:12:49,357 [SCMBlockDeletingService#1] INFO  block.SCMBlockDeletingService (SCMBlockDeletingService.java:call(182)) - Totally added 3 delete blocks command for 1 datanodes, task elapsed time: 1ms
2019-09-10 22:12:49,367 [pool-7-thread-2] INFO  commands.RetriableDatanodeEventWatcher (RetriableDatanodeEventWatcher.java:onTimeout(47)) - RetriableDatanodeCommand type=deleteBlocksCommand with id=1568153559758 timed out. Retrying.
2019-09-10 22:12:49,368 [pool-7-thread-1] INFO  commands.RetriableDatanodeEventWatcher (RetriableDatanodeEventWatcher.java:onTimeout(47)) - RetriableDatanodeCommand type=deleteBlocksCommand with id=1568153559827 timed out. Retrying.
2019-09-10 22:12:49,380 [pool-7-thread-1] INFO  commands.RetriableDatanodeEventWatcher (RetriableDatanodeEventWatcher.java:onTimeout(47)) - RetriableDatanodeCommand type=deleteBlocksCommand with id=1568153559768 timed out. Retrying.
2019-09-10 22:12:49,395 [pool-7-thread-1] INFO  commands.RetriableDatanodeEventWatcher (RetriableDatanodeEventWatcher.java:onTimeout(47)) - RetriableDatanodeCommand type=deleteBlocksCommand with id=1568153559778 timed out. Retrying.
2019-09-10 22:12:49,403 [pool-7-thread-1] INFO  commands.RetriableDatanodeEventWatcher (RetriableDatanodeEventWatcher.java:onTimeout(47)) - RetriableDatanodeCommand type=deleteBlocksCommand with id=1568153559788 timed out. Retrying.
2019-09-10 22:12:49,425 [pool-7-thread-1] INFO  commands.RetriableDatanodeEventWatcher (RetriableDatanodeEventWatcher.java:onTimeout(47)) - RetriableDatanodeCommand type=deleteBlocksCommand with id=1568153559798 timed out. Retrying.
2019-09-10 22:12:49,439 [pool-7-thread-1] INFO  commands.RetriableDatanodeEventWatcher (RetriableDatanodeEventWatcher.java:onTimeout(47)) - RetriableDatanodeCommand type=deleteBlocksCommand with id=1568153559808 timed out. Retrying.
2019-09-10 22:12:49,444 [pool-7-thread-1] INFO  commands.RetriableDatanodeEventWatcher (RetriableDatanodeEventWatcher.java:onTimeout(47)) - RetriableDatanodeCommand type=deleteBlocksCommand with id=1568153559835 timed out. Retrying.
2019-09-10 22:12:49,454 [pool-7-thread-1] INFO  commands.RetriableDatanodeEventWatcher (RetriableDatanodeEventWatcher.java:onTimeout(47)) - RetriableDatanodeCommand type=deleteBlocksCommand with id=1568153559818 timed out. Retrying.
2019-09-10 22:12:49,458 [SCMBlockDeletingService#1] DEBUG block.SCMBlockDeletingService (SCMBlockDeletingService.java:call(138)) - Running DeletedBlockTransactionScanner
2019-09-10 22:12:49,458 [SCMBlockDeletingService#1] DEBUG block.SCMBlockDeletingService (SCMBlockDeletingService.java:call(155)) - Scanned deleted blocks log and got 3 delTX to process.
2019-09-10 22:12:49,458 [SCMBlockDeletingService#1] DEBUG block.SCMBlockDeletingService (SCMBlockDeletingService.java:call(171)) - Added delete block command for datanode ed5d81fa-aaf0-49db-aa57-acca1dd387bd in the queue, number of delete block transactions: 3, TxID list: 1,2,3
2019-09-10 22:12:49,459 [SCMBlockDeletingService#1] INFO  block.SCMBlockDeletingService (SCMBlockDeletingService.java:call(182)) - Totally added 3 delete blocks command for 1 datanodes, task elapsed time: 1ms
2019-09-10 22:12:49,468 [pool-7-thread-1] INFO  commands.RetriableDatanodeEventWatcher (RetriableDatanodeEventWatcher.java:onTimeout(47)) - RetriableDatanodeCommand type=deleteBlocksCommand with id=1568153559759 timed out. Retrying.
2019-09-10 22:12:49,469 [pool-7-thread-1] INFO  commands.RetriableDatanodeEventWatcher (RetriableDatanodeEventWatcher.java:onTimeout(47)) - RetriableDatanodeCommand type=deleteBlocksCommand with id=1568153559828 timed out. Retrying.
2019-09-10 22:12:49,483 [pool-7-thread-1] INFO  commands.RetriableDatanodeEventWatcher (RetriableDatanodeEventWatcher.java:onTimeout(47)) - RetriableDatanodeCommand type=deleteBlocksCommand with id=1568153559769 timed out. Retrying.
2019-09-10 22:12:49,485 [main] INFO  ozone.MiniOzoneClusterImpl (MiniOzoneClusterImpl.java:lambda$waitForClusterToBeReady$0(140)) - Waiting for cluster to be ready. Got 0 of 1 DN Heartbeats.
2019-09-10 22:12:49,488 [EventQueue-PendingDeleteStatusForPendingDeleteHandler] INFO  block.SCMBlockDeletingService (SCMBlockDeletingService.java:handlePendingDeletes(115)) - Block deletion txnID mismatch in datanode ed5d81fa-aaf0-49db-aa57-acca1dd387bd for containerID 1. Datanode delete txnID: 0, SCM txnID: 1
2019-09-10 22:12:49,488 [EventQueue-PendingDeleteStatusForPendingDeleteHandler] INFO  block.SCMBlockDeletingService (SCMBlockDeletingService.java:handlePendingDeletes(115)) - Block deletion txnID mismatch in datanode ed5d81fa-aaf0-49db-aa57-acca1dd387bd for containerID 2. Datanode delete txnID: 0, SCM txnID: 2
2019-09-10 22:12:49,488 [EventQueue-PendingDeleteStatusForPendingDeleteHandler] INFO  block.SCMBlockDeletingService (SCMBlockDeletingService.java:handlePendingDeletes(115)) - Block deletion txnID mismatch in datanode ed5d81fa-aaf0-49db-aa57-acca1dd387bd for containerID 3. Datanode delete txnID: 0, SCM txnID: 3
2019-09-10 22:12:49,494 [pool-7-thread-1] INFO  commands.RetriableDatanodeEventWatcher (RetriableDatanodeEventWatcher.java:onTimeout(47)) - RetriableDatanodeCommand type=deleteBlocksCommand with id=1568153559779 timed out. Retrying.
2019-09-10 22:12:49,507 [pool-7-thread-1] INFO  commands.RetriableDatanodeEventWatcher (RetriableDatanodeEventWatcher.java:onTimeout(47)) - RetriableDatanodeCommand type=deleteBlocksCommand with id=1568153559789 timed out. Retrying.
2019-09-10 22:12:49,521 [pool-7-thread-1] INFO  commands.RetriableDatanodeEventWatcher (RetriableDatanodeEventWatcher.java:onTimeout(47)) - RetriableDatanodeCommand type=deleteBlocksCommand with id=1568153559799 timed out. Retrying.
2019-09-10 22:12:49,539 [pool-7-thread-1] INFO  commands.RetriableDatanodeEventWatcher (RetriableDatanodeEventWatcher.java:onTimeout(47)) - RetriableDatanodeCommand type=deleteBlocksCommand with id=1568153559809 timed out. Retrying.
2019-09-10 22:12:49,545 [pool-7-thread-1] INFO  commands.RetriableDatanodeEventWatcher (RetriableDatanodeEventWatcher.java:onTimeout(47)) - RetriableDatanodeCommand type=deleteBlocksCommand with id=1568153559836 timed out. Retrying.
2019-09-10 22:12:49,555 [pool-7-thread-1] INFO  commands.RetriableDatanodeEventWatcher (RetriableDatanodeEventWatcher.java:onTimeout(47)) - RetriableDatanodeCommand type=deleteBlocksCommand with id=1568153559819 timed out. Retrying.
2019-09-10 22:12:49,559 [SCMBlockDeletingService#1] DEBUG block.SCMBlockDeletingService (SCMBlockDeletingService.java:call(138)) - Running DeletedBlockTransactionScanner
2019-09-10 22:12:49,559 [SCMBlockDeletingService#1] DEBUG block.SCMBlockDeletingService (SCMBlockDeletingService.java:call(155)) - Scanned deleted blocks log and got 3 delTX to process.
2019-09-10 22:12:49,560 [SCMBlockDeletingService#1] DEBUG block.SCMBlockDeletingService (SCMBlockDeletingService.java:call(171)) - Added delete block command for datanode ed5d81fa-aaf0-49db-aa57-acca1dd387bd in the queue, number of delete block transactions: 3, TxID list: 1,2,3
2019-09-10 22:12:49,560 [SCMBlockDeletingService#1] INFO  block.SCMBlockDeletingService (SCMBlockDeletingService.java:call(182)) - Totally added 3 delete blocks command for 1 datanodes, task elapsed time: 1ms
2019-09-10 22:12:49,571 [pool-7-thread-1] INFO  commands.RetriableDatanodeEventWatcher (RetriableDatanodeEventWatcher.java:onTimeout(47)) - RetriableDatanodeCommand type=deleteBlocksCommand with id=1568153559760 timed out. Retrying.
2019-09-10 22:12:49,571 [pool-7-thread-2] INFO  commands.RetriableDatanodeEventWatcher (RetriableDatanodeEventWatcher.java:onTimeout(47)) - RetriableDatanodeCommand type=deleteBlocksCommand with id=1568153559829 timed out. Retrying.
2019-09-10 22:12:49,585 [pool-7-thread-2] INFO  commands.RetriableDatanodeEventWatcher (RetriableDatanodeEventWatcher.java:onTimeout(47)) - RetriableDatanodeCommand type=deleteBlocksCommand with id=1568153559770 timed out. Retrying.
2019-09-10 22:12:49,594 [pool-7-thread-2] INFO  commands.RetriableDatanodeEventWatcher (RetriableDatanodeEventWatcher.java:onTimeout(47)) - RetriableDatanodeCommand type=deleteBlocksCommand with id=1568153559780 timed out. Retrying.
2019-09-10 22:12:49,610 [pool-7-thread-2] INFO  commands.RetriableDatanodeEventWatcher (RetriableDatanodeEventWatcher.java:onTimeout(47)) - RetriableDatanodeCommand type=deleteBlocksCommand with id=1568153559790 timed out. Retrying.
2019-09-10 22:12:49,621 [pool-7-thread-2] INFO  commands.RetriableDatanodeEventWatcher (RetriableDatanodeEventWatcher.java:onTimeout(47)) - RetriableDatanodeCommand type=deleteBlocksCommand with id=1568153559800 timed out. Retrying.
2019-09-10 22:12:49,641 [pool-7-thread-2] INFO  commands.RetriableDatanodeEventWatcher (RetriableDatanodeEventWatcher.java:onTimeout(47)) - RetriableDatanodeCommand type=deleteBlocksCommand with id=1568153559810 timed out. Retrying.
2019-09-10 22:12:49,646 [pool-7-thread-2] INFO  commands.RetriableDatanodeEventWatcher (RetriableDatanodeEventWatcher.java:onTimeout(47)) - RetriableDatanodeCommand type=deleteBlocksCommand with id=1568153559837 timed out. Retrying.
2019-09-10 22:12:49,657 [pool-7-thread-2] INFO  commands.RetriableDatanodeEventWatcher (RetriableDatanodeEventWatcher.java:onTimeout(47)) - RetriableDatanodeCommand type=deleteBlocksCommand with id=1568153559820 timed out. Retrying.
2019-09-10 22:12:49,660 [SCMBlockDeletingService#1] DEBUG block.SCMBlockDeletingService (SCMBlockDeletingService.java:call(138)) - Running DeletedBlockTransactionScanner
2019-09-10 22:12:49,661 [SCMBlockDeletingService#1] DEBUG block.SCMBlockDeletingService (SCMBlockDeletingService.java:call(155)) - Scanned deleted blocks log and got 3 delTX to process.
2019-09-10 22:12:49,661 [SCMBlockDeletingService#1] DEBUG block.SCMBlockDeletingService (SCMBlockDeletingService.java:call(171)) - Added delete block command for datanode ed5d81fa-aaf0-49db-aa57-acca1dd387bd in the queue, number of delete block transactions: 3, TxID list: 1,2,3
2019-09-10 22:12:49,661 [SCMBlockDeletingService#1] INFO  block.SCMBlockDeletingService (SCMBlockDeletingService.java:call(182)) - Totally added 3 delete blocks command for 1 datanodes, task elapsed time: 1ms
2019-09-10 22:12:49,672 [pool-7-thread-2] INFO  commands.RetriableDatanodeEventWatcher (RetriableDatanodeEventWatcher.java:onTimeout(47)) - RetriableDatanodeCommand type=deleteBlocksCommand with id=1568153559830 timed out. Retrying.
2019-09-10 22:12:49,673 [pool-7-thread-2] INFO  commands.RetriableDatanodeEventWatcher (RetriableDatanodeEventWatcher.java:onTimeout(47)) - RetriableDatanodeCommand type=deleteBlocksCommand with id=1568153559761 timed out. Retrying.
2019-09-10 22:12:49,682 [pool-7-thread-2] INFO  commands.RetriableDatanodeEventWatcher (RetriableDatanodeEventWatcher.java:onTimeout(47)) - RetriableDatanodeCommand type=deleteBlocksCommand with id=1568153559771 timed out. Retrying.
2019-09-10 22:12:49,695 [pool-7-thread-2] INFO  commands.RetriableDatanodeEventWatcher (RetriableDatanodeEventWatcher.java:onTimeout(47)) - RetriableDatanodeCommand type=deleteBlocksCommand with id=1568153559781 timed out. Retrying.
2019-09-10 22:12:49,709 [pool-7-thread-2] INFO  commands.RetriableDatanodeEventWatcher (RetriableDatanodeEventWatcher.java:onTimeout(47)) - RetriableDatanodeCommand type=deleteBlocksCommand with id=1568153559791 timed out. Retrying.
2019-09-10 22:12:49,722 [pool-7-thread-2] INFO  commands.RetriableDatanodeEventWatcher (RetriableDatanodeEventWatcher.java:onTimeout(47)) - RetriableDatanodeCommand type=deleteBlocksCommand with id=1568153559801 timed out. Retrying.
2019-09-10 22:12:49,742 [pool-7-thread-2] INFO  commands.RetriableDatanodeEventWatcher (RetriableDatanodeEventWatcher.java:onTimeout(47)) - RetriableDatanodeCommand type=deleteBlocksCommand with id=1568153559811 timed out. Retrying.
2019-09-10 22:12:49,748 [pool-7-thread-2] INFO  commands.RetriableDatanodeEventWatcher (RetriableDatanodeEventWatcher.java:onTimeout(47)) - RetriableDatanodeCommand type=deleteBlocksCommand with id=1568153559838 timed out. Retrying.
2019-09-10 22:12:49,757 [pool-7-thread-2] INFO  commands.RetriableDatanodeEventWatcher (RetriableDatanodeEventWatcher.java:onTimeout(47)) - RetriableDatanodeCommand type=deleteBlocksCommand with id=1568153559821 timed out. Retrying.
2019-09-10 22:12:49,758 [pool-7-thread-1] INFO  commands.RetriableDatanodeEventWatcher (RetriableDatanodeEventWatcher.java:onTimeout(47)) - RetriableDatanodeCommand type=deleteBlocksCommand with id=1568153559752 timed out. Retrying.
2019-09-10 22:12:49,762 [SCMBlockDeletingService#1] DEBUG block.SCMBlockDeletingService (SCMBlockDeletingService.java:call(138)) - Running DeletedBlockTransactionScanner
2019-09-10 22:12:49,762 [SCMBlockDeletingService#1] DEBUG block.SCMBlockDeletingService (SCMBlockDeletingService.java:call(155)) - Scanned deleted blocks log and got 3 delTX to process.
2019-09-10 22:12:49,762 [SCMBlockDeletingService#1] DEBUG block.SCMBlockDeletingService (SCMBlockDeletingService.java:call(171)) - Added delete block command for datanode ed5d81fa-aaf0-49db-aa57-acca1dd387bd in the queue, number of delete block transactions: 3, TxID list: 1,2,3
2019-09-10 22:12:49,763 [SCMBlockDeletingService#1] INFO  block.SCMBlockDeletingService (SCMBlockDeletingService.java:call(182)) - Totally added 3 delete blocks command for 1 datanodes, task elapsed time: 1ms
2019-09-10 22:12:49,774 [pool-7-thread-1] INFO  commands.RetriableDatanodeEventWatcher (RetriableDatanodeEventWatcher.java:onTimeout(47)) - RetriableDatanodeCommand type=deleteBlocksCommand with id=1568153559831 timed out. Retrying.
2019-09-10 22:12:49,774 [pool-7-thread-1] INFO  commands.RetriableDatanodeEventWatcher (RetriableDatanodeEventWatcher.java:onTimeout(47)) - RetriableDatanodeCommand type=deleteBlocksCommand with id=1568153559762 timed out. Retrying.
2019-09-10 22:12:49,784 [pool-7-thread-1] INFO  commands.RetriableDatanodeEventWatcher (RetriableDatanodeEventWatcher.java:onTimeout(47)) - RetriableDatanodeCommand type=deleteBlocksCommand with id=1568153559772 timed out. Retrying.
2019-09-10 22:12:49,799 [pool-7-thread-1] INFO  commands.RetriableDatanodeEventWatcher (RetriableDatanodeEventWatcher.java:onTimeout(47)) - RetriableDatanodeCommand type=deleteBlocksCommand with id=1568153559782 timed out. Retrying.
2019-09-10 22:12:49,811 [pool-7-thread-1] INFO  commands.RetriableDatanodeEventWatcher (RetriableDatanodeEventWatcher.java:onTimeout(47)) - RetriableDatanodeCommand type=deleteBlocksCommand with id=1568153559792 timed out. Retrying.
2019-09-10 22:12:49,828 [pool-7-thread-1] INFO  commands.RetriableDatanodeEventWatcher (RetriableDatanodeEventWatcher.java:onTimeout(47)) - RetriableDatanodeCommand type=deleteBlocksCommand with id=1568153559802 timed out. Retrying.
2019-09-10 22:12:49,843 [pool-7-thread-1] INFO  commands.RetriableDatanodeEventWatcher (RetriableDatanodeEventWatcher.java:onTimeout(47)) - RetriableDatanodeCommand type=deleteBlocksCommand with id=1568153559812 timed out. Retrying.
2019-09-10 22:12:49,850 [pool-7-thread-1] INFO  commands.RetriableDatanodeEventWatcher (RetriableDatanodeEventWatcher.java:onTimeout(47)) - RetriableDatanodeCommand type=deleteBlocksCommand with id=1568153559839 timed out. Retrying.
2019-09-10 22:12:49,857 [pool-7-thread-1] INFO  commands.RetriableDatanodeEventWatcher (RetriableDatanodeEventWatcher.java:onTimeout(47)) - RetriableDatanodeCommand type=deleteBlocksCommand with id=1568153559753 timed out. Retrying.
2019-09-10 22:12:49,858 [pool-7-thread-1] INFO  commands.RetriableDatanodeEventWatcher (RetriableDatanodeEventWatcher.java:onTimeout(47)) - RetriableDatanodeCommand type=deleteBlocksCommand with id=1568153559822 timed out. Retrying.
2019-09-10 22:12:49,863 [SCMBlockDeletingService#1] DEBUG block.SCMBlockDeletingService (SCMBlockDeletingService.java:call(138)) - Running DeletedBlockTransactionScanner
2019-09-10 22:12:49,863 [SCMBlockDeletingService#1] DEBUG block.SCMBlockDeletingService (SCMBlockDeletingService.java:call(155)) - Scanned deleted blocks log and got 3 delTX to process.
2019-09-10 22:12:49,864 [SCMBlockDeletingService#1] DEBUG block.SCMBlockDeletingService (SCMBlockDeletingService.java:call(171)) - Added delete block command for datanode ed5d81fa-aaf0-49db-aa57-acca1dd387bd in the queue, number of delete block transactions: 3, TxID list: 1,2,3
2019-09-10 22:12:49,864 [SCMBlockDeletingService#1] INFO  block.SCMBlockDeletingService (SCMBlockDeletingService.java:call(182)) - Totally added 3 delete blocks command for 1 datanodes, task elapsed time: 1ms
2019-09-10 22:12:49,876 [pool-7-thread-1] INFO  commands.RetriableDatanodeEventWatcher (RetriableDatanodeEventWatcher.java:onTimeout(47)) - RetriableDatanodeCommand type=deleteBlocksCommand with id=1568153559832 timed out. Retrying.
2019-09-10 22:12:49,876 [pool-7-thread-2] INFO  commands.RetriableDatanodeEventWatcher (RetriableDatanodeEventWatcher.java:onTimeout(47)) - RetriableDatanodeCommand type=deleteBlocksCommand with id=1568153559763 timed out. Retrying.
2019-09-10 22:12:49,886 [pool-7-thread-2] INFO  commands.RetriableDatanodeEventWatcher (RetriableDatanodeEventWatcher.java:onTimeout(47)) - RetriableDatanodeCommand type=deleteBlocksCommand with id=1568153559773 timed out. Retrying.
2019-09-10 22:12:49,900 [pool-7-thread-2] INFO  commands.RetriableDatanodeEventWatcher (RetriableDatanodeEventWatcher.java:onTimeout(47)) - RetriableDatanodeCommand type=deleteBlocksCommand with id=1568153559783 timed out. Retrying.
2019-09-10 22:12:49,911 [pool-7-thread-2] INFO  commands.RetriableDatanodeEventWatcher (RetriableDatanodeEventWatcher.java:onTimeout(47)) - RetriableDatanodeCommand type=deleteBlocksCommand with id=1568153559793 timed out. Retrying.
2019-09-10 22:12:49,929 [pool-7-thread-2] INFO  commands.RetriableDatanodeEventWatcher (RetriableDatanodeEventWatcher.java:onTimeout(47)) - RetriableDatanodeCommand type=deleteBlocksCommand with id=1568153559803 timed out. Retrying.
2019-09-10 22:12:49,947 [pool-7-thread-2] INFO  commands.RetriableDatanodeEventWatcher (RetriableDatanodeEventWatcher.java:onTimeout(47)) - RetriableDatanodeCommand type=deleteBlocksCommand with id=1568153559813 timed out. Retrying.
2019-09-10 22:12:49,951 [pool-7-thread-2] INFO  commands.RetriableDatanodeEventWatcher (RetriableDatanodeEventWatcher.java:onTimeout(47)) - RetriableDatanodeCommand type=deleteBlocksCommand with id=1568153559840 timed out. Retrying.
2019-09-10 22:12:49,960 [pool-7-thread-2] INFO  commands.RetriableDatanodeEventWatcher (RetriableDatanodeEventWatcher.java:onTimeout(47)) - RetriableDatanodeCommand type=deleteBlocksCommand with id=1568153559754 timed out. Retrying.
2019-09-10 22:12:49,962 [pool-7-thread-2] INFO  commands.RetriableDatanodeEventWatcher (RetriableDatanodeEventWatcher.java:onTimeout(47)) - RetriableDatanodeCommand type=deleteBlocksCommand with id=1568153559823 timed out. Retrying.
2019-09-10 22:12:49,964 [SCMBlockDeletingService#1] DEBUG block.SCMBlockDeletingService (SCMBlockDeletingService.java:call(138)) - Running DeletedBlockTransactionScanner
2019-09-10 22:12:49,964 [SCMBlockDeletingService#1] DEBUG block.SCMBlockDeletingService (SCMBlockDeletingService.java:call(155)) - Scanned deleted blocks log and got 3 delTX to process.
2019-09-10 22:12:49,965 [SCMBlockDeletingService#1] DEBUG block.SCMBlockDeletingService (SCMBlockDeletingService.java:call(171)) - Added delete block command for datanode ed5d81fa-aaf0-49db-aa57-acca1dd387bd in the queue, number of delete block transactions: 3, TxID list: 1,2,3
2019-09-10 22:12:49,965 [SCMBlockDeletingService#1] INFO  block.SCMBlockDeletingService (SCMBlockDeletingService.java:call(182)) - Totally added 3 delete blocks command for 1 datanodes, task elapsed time: 1ms
2019-09-10 22:12:49,975 [pool-7-thread-2] INFO  commands.RetriableDatanodeEventWatcher (RetriableDatanodeEventWatcher.java:onTimeout(47)) - RetriableDatanodeCommand type=deleteBlocksCommand with id=1568153559764 timed out. Retrying.
2019-09-10 22:12:49,975 [pool-7-thread-2] INFO  commands.RetriableDatanodeEventWatcher (RetriableDatanodeEventWatcher.java:onTimeout(47)) - RetriableDatanodeCommand type=deleteBlocksCommand with id=1568153559833 timed out. Retrying.
2019-09-10 22:12:49,989 [pool-7-thread-2] INFO  commands.RetriableDatanodeEventWatcher (RetriableDatanodeEventWatcher.java:onTimeout(47)) - RetriableDatanodeCommand type=deleteBlocksCommand with id=1568153559774 timed out. Retrying.
2019-09-10 22:12:50,000 [pool-7-thread-2] INFO  commands.RetriableDatanodeEventWatcher (RetriableDatanodeEventWatcher.java:onTimeout(47)) - RetriableDatanodeCommand type=deleteBlocksCommand with id=1568153559784 timed out. Retrying.
2019-09-10 22:12:50,015 [pool-7-thread-2] INFO  commands.RetriableDatanodeEventWatcher (RetriableDatanodeEventWatcher.java:onTimeout(47)) - RetriableDatanodeCommand type=deleteBlocksCommand with id=1568153559794 timed out. Retrying.
2019-09-10 22:12:50,032 [pool-7-thread-2] INFO  commands.RetriableDatanodeEventWatcher (RetriableDatanodeEventWatcher.java:onTimeout(47)) - RetriableDatanodeCommand type=deleteBlocksCommand with id=1568153559804 timed out. Retrying.
2019-09-10 22:12:50,047 [pool-7-thread-2] INFO  commands.RetriableDatanodeEventWatcher (RetriableDatanodeEventWatcher.java:onTimeout(47)) - RetriableDatanodeCommand type=deleteBlocksCommand with id=1568153559814 timed out. Retrying.
2019-09-10 22:12:50,053 [pool-7-thread-2] INFO  commands.RetriableDatanodeEventWatcher (RetriableDatanodeEventWatcher.java:onTimeout(47)) - RetriableDatanodeCommand type=deleteBlocksCommand with id=1568153559841 timed out. Retrying.
2019-09-10 22:12:50,063 [pool-7-thread-2] INFO  commands.RetriableDatanodeEventWatcher (RetriableDatanodeEventWatcher.java:onTimeout(47)) - RetriableDatanodeCommand type=deleteBlocksCommand with id=1568153559824 timed out. Retrying.
2019-09-10 22:12:50,063 [pool-7-thread-1] INFO  commands.RetriableDatanodeEventWatcher (RetriableDatanodeEventWatcher.java:onTimeout(47)) - RetriableDatanodeCommand type=deleteBlocksCommand with id=1568153559755 timed out. Retrying.
2019-09-10 22:12:50,065 [SCMBlockDeletingService#1] DEBUG block.SCMBlockDeletingService (SCMBlockDeletingService.java:call(138)) - Running DeletedBlockTransactionScanner
2019-09-10 22:12:50,066 [SCMBlockDeletingService#1] DEBUG block.SCMBlockDeletingService (SCMBlockDeletingService.java:call(155)) - Scanned deleted blocks log and got 3 delTX to process.
2019-09-10 22:12:50,066 [SCMBlockDeletingService#1] DEBUG block.SCMBlockDeletingService (SCMBlockDeletingService.java:call(171)) - Added delete block command for datanode ed5d81fa-aaf0-49db-aa57-acca1dd387bd in the queue, number of delete block transactions: 3, TxID list: 1,2,3
2019-09-10 22:12:50,066 [SCMBlockDeletingService#1] INFO  block.SCMBlockDeletingService (SCMBlockDeletingService.java:call(182)) - Totally added 3 delete blocks command for 1 datanodes, task elapsed time: 1ms
2019-09-10 22:12:50,078 [pool-7-thread-1] INFO  commands.RetriableDatanodeEventWatcher (RetriableDatanodeEventWatcher.java:onTimeout(47)) - RetriableDatanodeCommand type=deleteBlocksCommand with id=1568153559765 timed out. Retrying.
2019-09-10 22:12:50,090 [pool-7-thread-1] INFO  commands.RetriableDatanodeEventWatcher (RetriableDatanodeEventWatcher.java:onTimeout(47)) - RetriableDatanodeCommand type=deleteBlocksCommand with id=1568153559775 timed out. Retrying.
2019-09-10 22:12:50,100 [pool-7-thread-1] INFO  commands.RetriableDatanodeEventWatcher (RetriableDatanodeEventWatcher.java:onTimeout(47)) - RetriableDatanodeCommand type=deleteBlocksCommand with id=1568153559785 timed out. Retrying.
2019-09-10 22:12:50,116 [pool-7-thread-1] INFO  commands.RetriableDatanodeEventWatcher (RetriableDatanodeEventWatcher.java:onTimeout(47)) - RetriableDatanodeCommand type=deleteBlocksCommand with id=1568153559795 timed out. Retrying.
2019-09-10 22:12:50,133 [pool-7-thread-1] INFO  commands.RetriableDatanodeEventWatcher (RetriableDatanodeEventWatcher.java:onTimeout(47)) - RetriableDatanodeCommand type=deleteBlocksCommand with id=1568153559805 timed out. Retrying.
2019-09-10 22:12:50,148 [pool-7-thread-1] INFO  commands.RetriableDatanodeEventWatcher (RetriableDatanodeEventWatcher.java:onTimeout(47)) - RetriableDatanodeCommand type=deleteBlocksCommand with id=1568153559815 timed out. Retrying.
2019-09-10 22:12:50,154 [pool-7-thread-1] INFO  commands.RetriableDatanodeEventWatcher (RetriableDatanodeEventWatcher.java:onTimeout(47)) - RetriableDatanodeCommand type=deleteBlocksCommand with id=1568153559842 timed out. Retrying.
2019-09-10 22:12:50,164 [pool-7-thread-1] INFO  commands.RetriableDatanodeEventWatcher (RetriableDatanodeEventWatcher.java:onTimeout(47)) - RetriableDatanodeCommand type=deleteBlocksCommand with id=1568153559825 timed out. Retrying.
2019-09-10 22:12:50,165 [pool-7-thread-2] INFO  commands.RetriableDatanodeEventWatcher (RetriableDatanodeEventWatcher.java:onTimeout(47)) - RetriableDatanodeCommand type=deleteBlocksCommand with id=1568153559756 timed out. Retrying.
2019-09-10 22:12:50,167 [SCMBlockDeletingService#1] DEBUG block.SCMBlockDeletingService (SCMBlockDeletingService.java:call(138)) - Running DeletedBlockTransactionScanner
2019-09-10 22:12:50,167 [SCMBlockDeletingService#1] DEBUG block.SCMBlockDeletingService (SCMBlockDeletingService.java:call(155)) - Scanned deleted blocks log and got 3 delTX to process.
2019-09-10 22:12:50,167 [SCMBlockDeletingService#1] DEBUG block.SCMBlockDeletingService (SCMBlockDeletingService.java:call(171)) - Added delete block command for datanode ed5d81fa-aaf0-49db-aa57-acca1dd387bd in the queue, number of delete block transactions: 3, TxID list: 1,2,3
2019-09-10 22:12:50,168 [SCMBlockDeletingService#1] INFO  block.SCMBlockDeletingService (SCMBlockDeletingService.java:call(182)) - Totally added 3 delete blocks command for 1 datanodes, task elapsed time: 2ms
2019-09-10 22:12:50,178 [pool-7-thread-2] INFO  commands.RetriableDatanodeEventWatcher (RetriableDatanodeEventWatcher.java:onTimeout(47)) - RetriableDatanodeCommand type=deleteBlocksCommand with id=1568153559766 timed out. Retrying.
2019-09-10 22:12:50,191 [pool-7-thread-2] INFO  commands.RetriableDatanodeEventWatcher (RetriableDatanodeEventWatcher.java:onTimeout(47)) - RetriableDatanodeCommand type=deleteBlocksCommand with id=1568153559776 timed out. Retrying.
2019-09-10 22:12:50,202 [pool-7-thread-2] INFO  commands.RetriableDatanodeEventWatcher (RetriableDatanodeEventWatcher.java:onTimeout(47)) - RetriableDatanodeCommand type=deleteBlocksCommand with id=1568153559786 timed out. Retrying.
2019-09-10 22:12:50,218 [pool-7-thread-2] INFO  commands.RetriableDatanodeEventWatcher (RetriableDatanodeEventWatcher.java:onTimeout(47)) - RetriableDatanodeCommand type=deleteBlocksCommand with id=1568153559796 timed out. Retrying.
2019-09-10 22:12:50,235 [pool-7-thread-2] INFO  commands.RetriableDatanodeEventWatcher (RetriableDatanodeEventWatcher.java:onTimeout(47)) - RetriableDatanodeCommand type=deleteBlocksCommand with id=1568153559806 timed out. Retrying.
2019-09-10 22:12:50,253 [pool-7-thread-2] INFO  commands.RetriableDatanodeEventWatcher (RetriableDatanodeEventWatcher.java:onTimeout(47)) - RetriableDatanodeCommand type=deleteBlocksCommand with id=1568153559816 timed out. Retrying.
2019-09-10 22:12:50,256 [pool-7-thread-2] INFO  commands.RetriableDatanodeEventWatcher (RetriableDatanodeEventWatcher.java:onTimeout(47)) - RetriableDatanodeCommand type=deleteBlocksCommand with id=1568153559843 timed out. Retrying.
2019-09-10 22:12:50,267 [pool-7-thread-2] INFO  commands.RetriableDatanodeEventWatcher (RetriableDatanodeEventWatcher.java:onTimeout(47)) - RetriableDatanodeCommand type=deleteBlocksCommand with id=1568153559826 timed out. Retrying.
2019-09-10 22:12:50,267 [pool-7-thread-1] INFO  commands.RetriableDatanodeEventWatcher (RetriableDatanodeEventWatcher.java:onTimeout(47)) - RetriableDatanodeCommand type=deleteBlocksCommand with id=1568153559757 timed out. Retrying.
2019-09-10 22:12:50,268 [SCMBlockDeletingService#1] DEBUG block.SCMBlockDeletingService (SCMBlockDeletingService.java:call(138)) - Running DeletedBlockTransactionScanner
2019-09-10 22:12:50,269 [SCMBlockDeletingService#1] DEBUG block.SCMBlockDeletingService (SCMBlockDeletingService.java:call(155)) - Scanned deleted blocks log and got 3 delTX to process.
2019-09-10 22:12:50,269 [SCMBlockDeletingService#1] DEBUG block.SCMBlockDeletingService (SCMBlockDeletingService.java:call(171)) - Added delete block command for datanode ed5d81fa-aaf0-49db-aa57-acca1dd387bd in the queue, number of delete block transactions: 3, TxID list: 1,2,3
2019-09-10 22:12:50,269 [SCMBlockDeletingService#1] INFO  block.SCMBlockDeletingService (SCMBlockDeletingService.java:call(182)) - Totally added 3 delete blocks command for 1 datanodes, task elapsed time: 1ms
2019-09-10 22:12:50,279 [pool-7-thread-1] INFO  commands.RetriableDatanodeEventWatcher (RetriableDatanodeEventWatcher.java:onTimeout(47)) - RetriableDatanodeCommand type=deleteBlocksCommand with id=1568153559767 timed out. Retrying.
2019-09-10 22:12:50,292 [pool-7-thread-1] INFO  commands.RetriableDatanodeEventWatcher (RetriableDatanodeEventWatcher.java:onTimeout(47)) - RetriableDatanodeCommand type=deleteBlocksCommand with id=1568153559777 timed out. Retrying.
2019-09-10 22:12:50,301 [pool-7-thread-1] INFO  commands.RetriableDatanodeEventWatcher (RetriableDatanodeEventWatcher.java:onTimeout(47)) - RetriableDatanodeCommand type=deleteBlocksCommand with id=1568153559787 timed out. Retrying.
2019-09-10 22:12:50,321 [pool-7-thread-1] INFO  commands.RetriableDatanodeEventWatcher (RetriableDatanodeEventWatcher.java:onTimeout(47)) - RetriableDatanodeCommand type=deleteBlocksCommand with id=1568153559797 timed out. Retrying.
2019-09-10 22:12:50,337 [pool-7-thread-1] INFO  commands.RetriableDatanodeEventWatcher (RetriableDatanodeEventWatcher.java:onTimeout(47)) - RetriableDatanodeCommand type=deleteBlocksCommand with id=1568153559807 timed out. Retrying.
2019-09-10 22:12:50,341 [pool-7-thread-1] INFO  commands.RetriableDatanodeEventWatcher (RetriableDatanodeEventWatcher.java:onTimeout(47)) - RetriableDatanodeCommand type=deleteBlocksCommand with id=1568153559834 timed out. Retrying.
2019-09-10 22:12:50,354 [pool-7-thread-1] INFO  commands.RetriableDatanodeEventWatcher (RetriableDatanodeEventWatcher.java:onTimeout(47)) - RetriableDatanodeCommand type=deleteBlocksCommand with id=1568153559817 timed out. Retrying.
2019-09-10 22:12:50,357 [pool-7-thread-1] INFO  commands.RetriableDatanodeEventWatcher (RetriableDatanodeEventWatcher.java:onTimeout(47)) - RetriableDatanodeCommand type=deleteBlocksCommand with id=1568153559844 timed out. Retrying.
2019-09-10 22:12:50,368 [pool-7-thread-1] INFO  commands.RetriableDatanodeEventWatcher (RetriableDatanodeEventWatcher.java:onTimeout(47)) - RetriableDatanodeCommand type=deleteBlocksCommand with id=1568153559758 timed out. Retrying.
2019-09-10 22:12:50,368 [pool-7-thread-1] INFO  commands.RetriableDatanodeEventWatcher (RetriableDatanodeEventWatcher.java:onTimeout(47)) - RetriableDatanodeCommand type=deleteBlocksCommand with id=1568153559827 timed out. Retrying.
2019-09-10 22:12:50,370 [SCMBlockDeletingService#1] DEBUG block.SCMBlockDeletingService (SCMBlockDeletingService.java:call(138)) - Running DeletedBlockTransactionScanner
2019-09-10 22:12:50,370 [SCMBlockDeletingService#1] DEBUG block.SCMBlockDeletingService (SCMBlockDeletingService.java:call(155)) - Scanned deleted blocks log and got 3 delTX to process.
2019-09-10 22:12:50,370 [SCMBlockDeletingService#1] DEBUG block.SCMBlockDeletingService (SCMBlockDeletingService.java:call(171)) - Added delete block command for datanode ed5d81fa-aaf0-49db-aa57-acca1dd387bd in the queue, number of delete block transactions: 3, TxID list: 1,2,3
2019-09-10 22:12:50,371 [SCMBlockDeletingService#1] INFO  block.SCMBlockDeletingService (SCMBlockDeletingService.java:call(182)) - Totally added 3 delete blocks command for 1 datanodes, task elapsed time: 2ms
2019-09-10 22:12:50,381 [pool-7-thread-1] INFO  commands.RetriableDatanodeEventWatcher (RetriableDatanodeEventWatcher.java:onTimeout(47)) - RetriableDatanodeCommand type=deleteBlocksCommand with id=1568153559768 timed out. Retrying.
2019-09-10 22:12:50,394 [pool-7-thread-1] INFO  commands.RetriableDatanodeEventWatcher (RetriableDatanodeEventWatcher.java:onTimeout(47)) - RetriableDatanodeCommand type=deleteBlocksCommand with id=1568153559778 timed out. Retrying.
2019-09-10 22:12:50,403 [pool-7-thread-1] INFO  commands.RetriableDatanodeEventWatcher (RetriableDatanodeEventWatcher.java:onTimeout(47)) - RetriableDatanodeCommand type=deleteBlocksCommand with id=1568153559788 timed out. Retrying.
2019-09-10 22:12:50,425 [pool-7-thread-1] INFO  commands.RetriableDatanodeEventWatcher (RetriableDatanodeEventWatcher.java:onTimeout(47)) - RetriableDatanodeCommand type=deleteBlocksCommand with id=1568153559798 timed out. Retrying.
2019-09-10 22:12:50,439 [pool-7-thread-1] INFO  commands.RetriableDatanodeEventWatcher (RetriableDatanodeEventWatcher.java:onTimeout(47)) - RetriableDatanodeCommand type=deleteBlocksCommand with id=1568153559808 timed out. Retrying.
2019-09-10 22:12:50,444 [pool-7-thread-1] INFO  commands.RetriableDatanodeEventWatcher (RetriableDatanodeEventWatcher.java:onTimeout(47)) - RetriableDatanodeCommand type=deleteBlocksCommand with id=1568153559835 timed out. Retrying.
2019-09-10 22:12:50,454 [pool-7-thread-1] INFO  commands.RetriableDatanodeEventWatcher (RetriableDatanodeEventWatcher.java:onTimeout(47)) - RetriableDatanodeCommand type=deleteBlocksCommand with id=1568153559818 timed out. Retrying.
2019-09-10 22:12:50,459 [pool-7-thread-1] INFO  commands.RetriableDatanodeEventWatcher (RetriableDatanodeEventWatcher.java:onTimeout(47)) - RetriableDatanodeCommand type=deleteBlocksCommand with id=1568153559845 timed out. Retrying.
2019-09-10 22:12:50,468 [pool-7-thread-1] INFO  commands.RetriableDatanodeEventWatcher (RetriableDatanodeEventWatcher.java:onTimeout(47)) - RetriableDatanodeCommand type=deleteBlocksCommand with id=1568153559759 timed out. Retrying.
2019-09-10 22:12:50,470 [pool-7-thread-1] INFO  commands.RetriableDatanodeEventWatcher (RetriableDatanodeEventWatcher.java:onTimeout(47)) - RetriableDatanodeCommand type=deleteBlocksCommand with id=1568153559828 timed out. Retrying.
2019-09-10 22:12:50,471 [SCMBlockDeletingService#1] DEBUG block.SCMBlockDeletingService (SCMBlockDeletingService.java:call(138)) - Running DeletedBlockTransactionScanner
2019-09-10 22:12:50,472 [SCMBlockDeletingService#1] DEBUG block.SCMBlockDeletingService (SCMBlockDeletingService.java:call(155)) - Scanned deleted blocks log and got 3 delTX to process.
2019-09-10 22:12:50,472 [SCMBlockDeletingService#1] DEBUG block.SCMBlockDeletingService (SCMBlockDeletingService.java:call(171)) - Added delete block command for datanode ed5d81fa-aaf0-49db-aa57-acca1dd387bd in the queue, number of delete block transactions: 3, TxID list: 1,2,3
2019-09-10 22:12:50,472 [SCMBlockDeletingService#1] INFO  block.SCMBlockDeletingService (SCMBlockDeletingService.java:call(182)) - Totally added 3 delete blocks command for 1 datanodes, task elapsed time: 1ms
2019-09-10 22:12:50,482 [pool-7-thread-1] INFO  commands.RetriableDatanodeEventWatcher (RetriableDatanodeEventWatcher.java:onTimeout(47)) - RetriableDatanodeCommand type=deleteBlocksCommand with id=1568153559769 timed out. Retrying.
2019-09-10 22:12:50,485 [main] INFO  ozone.MiniOzoneClusterImpl (MiniOzoneClusterImpl.java:lambda$waitForClusterToBeReady$0(140)) - Waiting for cluster to be ready. Got 0 of 1 DN Heartbeats.
2019-09-10 22:12:50,495 [pool-7-thread-1] INFO  commands.RetriableDatanodeEventWatcher (RetriableDatanodeEventWatcher.java:onTimeout(47)) - RetriableDatanodeCommand type=deleteBlocksCommand with id=1568153559779 timed out. Retrying.
2019-09-10 22:12:50,507 [pool-7-thread-1] INFO  commands.RetriableDatanodeEventWatcher (RetriableDatanodeEventWatcher.java:onTimeout(47)) - RetriableDatanodeCommand type=deleteBlocksCommand with id=1568153559789 timed out. Retrying.
2019-09-10 22:12:50,521 [pool-7-thread-1] INFO  commands.RetriableDatanodeEventWatcher (RetriableDatanodeEventWatcher.java:onTimeout(47)) - RetriableDatanodeCommand type=deleteBlocksCommand with id=1568153559799 timed out. Retrying.
2019-09-10 22:12:50,540 [pool-7-thread-1] INFO  commands.RetriableDatanodeEventWatcher (RetriableDatanodeEventWatcher.java:onTimeout(47)) - RetriableDatanodeCommand type=deleteBlocksCommand with id=1568153559809 timed out. Retrying.
2019-09-10 22:12:50,545 [pool-7-thread-1] INFO  commands.RetriableDatanodeEventWatcher (RetriableDatanodeEventWatcher.java:onTimeout(47)) - RetriableDatanodeCommand type=deleteBlocksCommand with id=1568153559836 timed out. Retrying.
2019-09-10 22:12:50,556 [pool-7-thread-1] INFO  commands.RetriableDatanodeEventWatcher (RetriableDatanodeEventWatcher.java:onTimeout(47)) - RetriableDatanodeCommand type=deleteBlocksCommand with id=1568153559819 timed out. Retrying.
2019-09-10 22:12:50,559 [pool-7-thread-1] INFO  commands.RetriableDatanodeEventWatcher (RetriableDatanodeEventWatcher.java:onTimeout(47)) - RetriableDatanodeCommand type=deleteBlocksCommand with id=1568153559846 timed out. Retrying.
2019-09-10 22:12:50,572 [pool-7-thread-1] INFO  commands.RetriableDatanodeEventWatcher (RetriableDatanodeEventWatcher.java:onTimeout(47)) - RetriableDatanodeCommand type=deleteBlocksCommand with id=1568153559829 timed out. Retrying.
2019-09-10 22:12:50,572 [pool-7-thread-2] INFO  commands.RetriableDatanodeEventWatcher (RetriableDatanodeEventWatcher.java:onTimeout(47)) - RetriableDatanodeCommand type=deleteBlocksCommand with id=1568153559760 timed out. Retrying.
2019-09-10 22:12:50,573 [SCMBlockDeletingService#1] DEBUG block.SCMBlockDeletingService (SCMBlockDeletingService.java:call(138)) - Running DeletedBlockTransactionScanner
2019-09-10 22:12:50,573 [SCMBlockDeletingService#1] DEBUG block.SCMBlockDeletingService (SCMBlockDeletingService.java:call(155)) - Scanned deleted blocks log and got 3 delTX to process.
2019-09-10 22:12:50,573 [SCMBlockDeletingService#1] DEBUG block.SCMBlockDeletingService (SCMBlockDeletingService.java:call(171)) - Added delete block command for datanode ed5d81fa-aaf0-49db-aa57-acca1dd387bd in the queue, number of delete block transactions: 3, TxID list: 1,2,3
2019-09-10 22:12:50,574 [SCMBlockDeletingService#1] INFO  block.SCMBlockDeletingService (SCMBlockDeletingService.java:call(182)) - Totally added 3 delete blocks command for 1 datanodes, task elapsed time: 1ms
2019-09-10 22:12:50,585 [pool-7-thread-2] INFO  commands.RetriableDatanodeEventWatcher (RetriableDatanodeEventWatcher.java:onTimeout(47)) - RetriableDatanodeCommand type=deleteBlocksCommand with id=1568153559770 timed out. Retrying.
2019-09-10 22:12:50,594 [pool-7-thread-2] INFO  commands.RetriableDatanodeEventWatcher (RetriableDatanodeEventWatcher.java:onTimeout(47)) - RetriableDatanodeCommand type=deleteBlocksCommand with id=1568153559780 timed out. Retrying.
2019-09-10 22:12:50,610 [pool-7-thread-2] INFO  commands.RetriableDatanodeEventWatcher (RetriableDatanodeEventWatcher.java:onTimeout(47)) - RetriableDatanodeCommand type=deleteBlocksCommand with id=1568153559790 timed out. Retrying.
2019-09-10 22:12:50,621 [pool-7-thread-2] INFO  commands.RetriableDatanodeEventWatcher (RetriableDatanodeEventWatcher.java:onTimeout(47)) - RetriableDatanodeCommand type=deleteBlocksCommand with id=1568153559800 timed out. Retrying.
2019-09-10 22:12:50,640 [pool-7-thread-2] INFO  commands.RetriableDatanodeEventWatcher (RetriableDatanodeEventWatcher.java:onTimeout(47)) - RetriableDatanodeCommand type=deleteBlocksCommand with id=1568153559810 timed out. Retrying.
2019-09-10 22:12:50,647 [pool-7-thread-2] INFO  commands.RetriableDatanodeEventWatcher (RetriableDatanodeEventWatcher.java:onTimeout(47)) - RetriableDatanodeCommand type=deleteBlocksCommand with id=1568153559837 timed out. Retrying.
2019-09-10 22:12:50,657 [pool-7-thread-2] INFO  commands.RetriableDatanodeEventWatcher (RetriableDatanodeEventWatcher.java:onTimeout(47)) - RetriableDatanodeCommand type=deleteBlocksCommand with id=1568153559820 timed out. Retrying.
2019-09-10 22:12:50,662 [pool-7-thread-2] INFO  commands.RetriableDatanodeEventWatcher (RetriableDatanodeEventWatcher.java:onTimeout(47)) - RetriableDatanodeCommand type=deleteBlocksCommand with id=1568153559847 timed out. Retrying.
2019-09-10 22:12:50,671 [pool-7-thread-2] INFO  commands.RetriableDatanodeEventWatcher (RetriableDatanodeEventWatcher.java:onTimeout(47)) - RetriableDatanodeCommand type=deleteBlocksCommand with id=1568153559830 timed out. Retrying.
2019-09-10 22:12:50,674 [pool-7-thread-2] INFO  commands.RetriableDatanodeEventWatcher (RetriableDatanodeEventWatcher.java:onTimeout(47)) - RetriableDatanodeCommand type=deleteBlocksCommand with id=1568153559761 timed out. Retrying.
2019-09-10 22:12:50,674 [SCMBlockDeletingService#1] DEBUG block.SCMBlockDeletingService (SCMBlockDeletingService.java:call(138)) - Running DeletedBlockTransactionScanner
2019-09-10 22:12:50,675 [SCMBlockDeletingService#1] DEBUG block.SCMBlockDeletingService (SCMBlockDeletingService.java:call(155)) - Scanned deleted blocks log and got 3 delTX to process.
2019-09-10 22:12:50,675 [SCMBlockDeletingService#1] DEBUG block.SCMBlockDeletingService (SCMBlockDeletingService.java:call(171)) - Added delete block command for datanode ed5d81fa-aaf0-49db-aa57-acca1dd387bd in the queue, number of delete block transactions: 3, TxID list: 1,2,3
2019-09-10 22:12:50,675 [SCMBlockDeletingService#1] INFO  block.SCMBlockDeletingService (SCMBlockDeletingService.java:call(182)) - Totally added 3 delete blocks command for 1 datanodes, task elapsed time: 1ms
2019-09-10 22:12:50,682 [pool-7-thread-2] INFO  commands.RetriableDatanodeEventWatcher (RetriableDatanodeEventWatcher.java:onTimeout(47)) - RetriableDatanodeCommand type=deleteBlocksCommand with id=1568153559771 timed out. Retrying.
2019-09-10 22:12:50,696 [pool-7-thread-2] INFO  commands.RetriableDatanodeEventWatcher (RetriableDatanodeEventWatcher.java:onTimeout(47)) - RetriableDatanodeCommand type=deleteBlocksCommand with id=1568153559781 timed out. Retrying.
2019-09-10 22:12:50,710 [pool-7-thread-2] INFO  commands.RetriableDatanodeEventWatcher (RetriableDatanodeEventWatcher.java:onTimeout(47)) - RetriableDatanodeCommand type=deleteBlocksCommand with id=1568153559791 timed out. Retrying.
2019-09-10 22:12:50,723 [pool-7-thread-2] INFO  commands.RetriableDatanodeEventWatcher (RetriableDatanodeEventWatcher.java:onTimeout(47)) - RetriableDatanodeCommand type=deleteBlocksCommand with id=1568153559801 timed out. Retrying.
2019-09-10 22:12:50,742 [pool-7-thread-2] INFO  commands.RetriableDatanodeEventWatcher (RetriableDatanodeEventWatcher.java:onTimeout(47)) - RetriableDatanodeCommand type=deleteBlocksCommand with id=1568153559811 timed out. Retrying.
2019-09-10 22:12:50,749 [pool-7-thread-2] INFO  commands.RetriableDatanodeEventWatcher (RetriableDatanodeEventWatcher.java:onTimeout(47)) - RetriableDatanodeCommand type=deleteBlocksCommand with id=1568153559838 timed out. Retrying.
2019-09-10 22:12:50,758 [pool-7-thread-2] INFO  commands.RetriableDatanodeEventWatcher (RetriableDatanodeEventWatcher.java:onTimeout(47)) - RetriableDatanodeCommand type=deleteBlocksCommand with id=1568153559821 timed out. Retrying.
2019-09-10 22:12:50,758 [pool-7-thread-1] INFO  commands.RetriableDatanodeEventWatcher (RetriableDatanodeEventWatcher.java:onTimeout(47)) - RetriableDatanodeCommand type=deleteBlocksCommand with id=1568153559752 timed out. Retrying.
2019-09-10 22:12:50,763 [pool-7-thread-1] INFO  commands.RetriableDatanodeEventWatcher (RetriableDatanodeEventWatcher.java:onTimeout(47)) - RetriableDatanodeCommand type=deleteBlocksCommand with id=1568153559848 timed out. Retrying.
2019-09-10 22:12:50,773 [pool-7-thread-1] INFO  commands.RetriableDatanodeEventWatcher (RetriableDatanodeEventWatcher.java:onTimeout(47)) - RetriableDatanodeCommand type=deleteBlocksCommand with id=1568153559831 timed out. Retrying.
2019-09-10 22:12:50,775 [pool-7-thread-1] INFO  commands.RetriableDatanodeEventWatcher (RetriableDatanodeEventWatcher.java:onTimeout(47)) - RetriableDatanodeCommand type=deleteBlocksCommand with id=1568153559762 timed out. Retrying.
2019-09-10 22:12:50,776 [SCMBlockDeletingService#1] DEBUG block.SCMBlockDeletingService (SCMBlockDeletingService.java:call(138)) - Running DeletedBlockTransactionScanner
2019-09-10 22:12:50,776 [SCMBlockDeletingService#1] DEBUG block.SCMBlockDeletingService (SCMBlockDeletingService.java:call(155)) - Scanned deleted blocks log and got 3 delTX to process.
2019-09-10 22:12:50,776 [SCMBlockDeletingService#1] DEBUG block.SCMBlockDeletingService (SCMBlockDeletingService.java:call(171)) - Added delete block command for datanode ed5d81fa-aaf0-49db-aa57-acca1dd387bd in the queue, number of delete block transactions: 3, TxID list: 1,2,3
2019-09-10 22:12:50,777 [SCMBlockDeletingService#1] INFO  block.SCMBlockDeletingService (SCMBlockDeletingService.java:call(182)) - Totally added 3 delete blocks command for 1 datanodes, task elapsed time: 1ms
2019-09-10 22:12:50,785 [pool-7-thread-1] INFO  commands.RetriableDatanodeEventWatcher (RetriableDatanodeEventWatcher.java:onTimeout(47)) - RetriableDatanodeCommand type=deleteBlocksCommand with id=1568153559772 timed out. Retrying.
2019-09-10 22:12:50,798 [pool-7-thread-1] INFO  commands.RetriableDatanodeEventWatcher (RetriableDatanodeEventWatcher.java:onTimeout(47)) - RetriableDatanodeCommand type=deleteBlocksCommand with id=1568153559782 timed out. Retrying.
2019-09-10 22:12:50,812 [pool-7-thread-1] INFO  commands.RetriableDatanodeEventWatcher (RetriableDatanodeEventWatcher.java:onTimeout(47)) - RetriableDatanodeCommand type=deleteBlocksCommand with id=1568153559792 timed out. Retrying.
2019-09-10 22:12:50,828 [pool-7-thread-1] INFO  commands.RetriableDatanodeEventWatcher (RetriableDatanodeEventWatcher.java:onTimeout(47)) - RetriableDatanodeCommand type=deleteBlocksCommand with id=1568153559802 timed out. Retrying.
2019-09-10 22:12:50,844 [pool-7-thread-1] INFO  commands.RetriableDatanodeEventWatcher (RetriableDatanodeEventWatcher.java:onTimeout(47)) - RetriableDatanodeCommand type=deleteBlocksCommand with id=1568153559812 timed out. Retrying.
2019-09-10 22:12:50,849 [pool-7-thread-1] INFO  commands.RetriableDatanodeEventWatcher (RetriableDatanodeEventWatcher.java:onTimeout(47)) - RetriableDatanodeCommand type=deleteBlocksCommand with id=1568153559839 timed out. Retrying.
2019-09-10 22:12:50,858 [pool-7-thread-1] INFO  commands.RetriableDatanodeEventWatcher (RetriableDatanodeEventWatcher.java:onTimeout(47)) - RetriableDatanodeCommand type=deleteBlocksCommand with id=1568153559753 timed out. Retrying.
2019-09-10 22:12:50,858 [pool-7-thread-1] INFO  commands.RetriableDatanodeEventWatcher (RetriableDatanodeEventWatcher.java:onTimeout(47)) - RetriableDatanodeCommand type=deleteBlocksCommand with id=1568153559822 timed out. Retrying.
2019-09-10 22:12:50,864 [pool-7-thread-1] INFO  commands.RetriableDatanodeEventWatcher (RetriableDatanodeEventWatcher.java:onTimeout(47)) - RetriableDatanodeCommand type=deleteBlocksCommand with id=1568153559849 timed out. Retrying.
2019-09-10 22:12:50,877 [SCMBlockDeletingService#1] DEBUG block.SCMBlockDeletingService (RetriableDatanodeEventWatcher.java:onTimeout(47)) - RetriableDatanodeCommand type=deleteBlocksCommand with id=1568153559832 timed out. Retrying.
SCMBlockDeletingService.java:call(138)) - Running DeletedBlockTransactionScanner
2019-09-10 22:12:50,877 [pool-7-thread-1] INFO  commands.RetriableDatanodeEventWatcher (RetriableDatanodeEventWatcher.java:onTimeout(47)) - RetriableDatanodeCommand type=deleteBlocksCommand with id=1568153559832 timed out. Retrying.
2019-09-10 22:12:50,877 [pool-7-thread-2] INFO  commands.RetriableDatanodeEventWatcher (RetriableDatanodeEventWatcher.java:onTimeout(47)) - RetriableDatanodeCommand type=deleteBlocksCommand with id=1568153559763 timed out. Retrying.
2019-09-10 22:12:50,878 [SCMBlockDeletingService#1] DEBUG block.SCMBlockDeletingService (SCMBlockDeletingService.java:call(155)) - Scanned deleted blocks log and got 3 delTX to process.
2019-09-10 22:12:50,878 [SCMBlockDeletingService#1] DEBUG block.SCMBlockDeletingService (SCMBlockDeletingService.java:call(171)) - Added delete block command for datanode ed5d81fa-aaf0-49db-aa57-acca1dd387bd in the queue, number of delete block transactions: 3, TxID list: 1,2,3
2019-09-10 22:12:50,878 [SCMBlockDeletingService#1] INFO  block.SCMBlockDeletingService (SCMBlockDeletingService.java:call(182)) - Totally added 3 delete blocks command for 1 datanodes, task elapsed time: 1ms
2019-09-10 22:12:50,887 [pool-7-thread-2] INFO  commands.RetriableDatanodeEventWatcher (RetriableDatanodeEventWatcher.java:onTimeout(47)) - RetriableDatanodeCommand type=deleteBlocksCommand with id=1568153559773 timed out. Retrying.
2019-09-10 22:12:50,901 [pool-7-thread-2] INFO  commands.RetriableDatanodeEventWatcher (RetriableDatanodeEventWatcher.java:onTimeout(47)) - RetriableDatanodeCommand type=deleteBlocksCommand with id=1568153559783 timed out. Retrying.
2019-09-10 22:12:50,912 [pool-7-thread-2] INFO  commands.RetriableDatanodeEventWatcher (RetriableDatanodeEventWatcher.java:onTimeout(47)) - RetriableDatanodeCommand type=deleteBlocksCommand with id=1568153559793 timed out. Retrying.
2019-09-10 22:12:50,929 [pool-7-thread-2] INFO  commands.RetriableDatanodeEventWatcher (RetriableDatanodeEventWatcher.java:onTimeout(47)) - RetriableDatanodeCommand type=deleteBlocksCommand with id=1568153559803 timed out. Retrying.
2019-09-10 22:12:50,948 [pool-7-thread-2] INFO  commands.RetriableDatanodeEventWatcher (RetriableDatanodeEventWatcher.java:onTimeout(47)) - RetriableDatanodeCommand type=deleteBlocksCommand with id=1568153559813 timed out. Retrying.
2019-09-10 22:12:50,951 [pool-7-thread-2] INFO  commands.RetriableDatanodeEventWatcher (RetriableDatanodeEventWatcher.java:onTimeout(47)) - RetriableDatanodeCommand type=deleteBlocksCommand with id=1568153559840 timed out. Retrying.
2019-09-10 22:12:50,961 [pool-7-thread-2] INFO  commands.RetriableDatanodeEventWatcher (RetriableDatanodeEventWatcher.java:onTimeout(47)) - RetriableDatanodeCommand type=deleteBlocksCommand with id=1568153559754 timed out. Retrying.
2019-09-10 22:12:50,962 [pool-7-thread-2] INFO  commands.RetriableDatanodeEventWatcher (RetriableDatanodeEventWatcher.java:onTimeout(47)) - RetriableDatanodeCommand type=deleteBlocksCommand with id=1568153559823 timed out. Retrying.
2019-09-10 22:12:50,965 [pool-7-thread-2] INFO  commands.RetriableDatanodeEventWatcher (RetriableDatanodeEventWatcher.java:onTimeout(47)) - RetriableDatanodeCommand type=deleteBlocksCommand with id=1568153559850 timed out. Retrying.
2019-09-10 22:12:50,975 [pool-7-thread-2] INFO  commands.RetriableDatanodeEventWatcher (RetriableDatanodeEventWatcher.java:onTimeout(47)) - RetriableDatanodeCommand type=deleteBlocksCommand with id=1568153559833 timed out. Retrying.
2019-09-10 22:12:50,975 [pool-7-thread-1] INFO  commands.RetriableDatanodeEventWatcher (RetriableDatanodeEventWatcher.java:onTimeout(47)) - RetriableDatanodeCommand type=deleteBlocksCommand with id=1568153559764 timed out. Retrying.
2019-09-10 22:12:50,979 [SCMBlockDeletingService#1] DEBUG block.SCMBlockDeletingService (SCMBlockDeletingService.java:call(138)) - Running DeletedBlockTransactionScanner
2019-09-10 22:12:50,979 [SCMBlockDeletingService#1] DEBUG block.SCMBlockDeletingService (SCMBlockDeletingService.java:call(155)) - Scanned deleted blocks log and got 3 delTX to process.
2019-09-10 22:12:50,979 [SCMBlockDeletingService#1] DEBUG block.SCMBlockDeletingService (SCMBlockDeletingService.java:call(171)) - Added delete block command for datanode ed5d81fa-aaf0-49db-aa57-acca1dd387bd in the queue, number of delete block transactions: 3, TxID list: 1,2,3
2019-09-10 22:12:50,980 [SCMBlockDeletingService#1] INFO  block.SCMBlockDeletingService (SCMBlockDeletingService.java:call(182)) - Totally added 3 delete blocks command for 1 datanodes, task elapsed time: 1ms
2019-09-10 22:12:50,990 [pool-7-thread-1] INFO  commands.RetriableDatanodeEventWatcher (RetriableDatanodeEventWatcher.java:onTimeout(47)) - RetriableDatanodeCommand type=deleteBlocksCommand with id=1568153559774 timed out. Retrying.
2019-09-10 22:12:51,000 [pool-7-thread-1] INFO  commands.RetriableDatanodeEventWatcher (RetriableDatanodeEventWatcher.java:onTimeout(47)) - RetriableDatanodeCommand type=deleteBlocksCommand with id=1568153559784 timed out. Retrying.
2019-09-10 22:12:51,016 [pool-7-thread-1] INFO  commands.RetriableDatanodeEventWatcher (RetriableDatanodeEventWatcher.java:onTimeout(47)) - RetriableDatanodeCommand type=deleteBlocksCommand with id=1568153559794 timed out. Retrying.
2019-09-10 22:12:51,032 [pool-7-thread-1] INFO  commands.RetriableDatanodeEventWatcher (RetriableDatanodeEventWatcher.java:onTimeout(47)) - RetriableDatanodeCommand type=deleteBlocksCommand with id=1568153559804 timed out. Retrying.
2019-09-10 22:12:51,048 [pool-7-thread-1] INFO  commands.RetriableDatanodeEventWatcher (RetriableDatanodeEventWatcher.java:onTimeout(47)) - RetriableDatanodeCommand type=deleteBlocksCommand with id=1568153559814 timed out. Retrying.
2019-09-10 22:12:51,053 [pool-7-thread-1] INFO  commands.RetriableDatanodeEventWatcher (RetriableDatanodeEventWatcher.java:onTimeout(47)) - RetriableDatanodeCommand type=deleteBlocksCommand with id=1568153559841 timed out. Retrying.
2019-09-10 22:12:51,064 [pool-7-thread-1] INFO  commands.RetriableDatanodeEventWatcher (RetriableDatanodeEventWatcher.java:onTimeout(47)) - RetriableDatanodeCommand type=deleteBlocksCommand with id=1568153559824 timed out. Retrying.
2019-09-10 22:12:51,064 [pool-7-thread-2] INFO  commands.RetriableDatanodeEventWatcher (RetriableDatanodeEventWatcher.java:onTimeout(47)) - RetriableDatanodeCommand type=deleteBlocksCommand with id=1568153559755 timed out. Retrying.
2019-09-10 22:12:51,066 [pool-7-thread-2] INFO  commands.RetriableDatanodeEventWatcher (RetriableDatanodeEventWatcher.java:onTimeout(47)) - RetriableDatanodeCommand type=deleteBlocksCommand with id=1568153559851 timed out. Retrying.
2019-09-10 22:12:51,079 [pool-7-thread-2] INFO  commands.RetriableDatanodeEventWatcher (RetriableDatanodeEventWatcher.java:onTimeout(47)) - RetriableDatanodeCommand type=deleteBlocksCommand with id=1568153559765 timed out. Retrying.
2019-09-10 22:12:51,080 [SCMBlockDeletingService#1] DEBUG block.SCMBlockDeletingService (SCMBlockDeletingService.java:call(138)) - Running DeletedBlockTransactionScanner
2019-09-10 22:12:51,081 [SCMBlockDeletingService#1] DEBUG block.SCMBlockDeletingService (SCMBlockDeletingService.java:call(155)) - Scanned deleted blocks log and got 3 delTX to process.
2019-09-10 22:12:51,081 [SCMBlockDeletingService#1] DEBUG block.SCMBlockDeletingService (SCMBlockDeletingService.java:call(171)) - Added delete block command for datanode ed5d81fa-aaf0-49db-aa57-acca1dd387bd in the queue, number of delete block transactions: 3, TxID list: 1,2,3
2019-09-10 22:12:51,081 [SCMBlockDeletingService#1] INFO  block.SCMBlockDeletingService (SCMBlockDeletingService.java:call(182)) - Totally added 3 delete blocks command for 1 datanodes, task elapsed time: 1ms
2019-09-10 22:12:51,090 [pool-7-thread-2] INFO  commands.RetriableDatanodeEventWatcher (RetriableDatanodeEventWatcher.java:onTimeout(47)) - RetriableDatanodeCommand type=deleteBlocksCommand with id=1568153559775 timed out. Retrying.
2019-09-10 22:12:51,101 [pool-7-thread-2] INFO  commands.RetriableDatanodeEventWatcher (RetriableDatanodeEventWatcher.java:onTimeout(47)) - RetriableDatanodeCommand type=deleteBlocksCommand with id=1568153559785 timed out. Retrying.
2019-09-10 22:12:51,116 [pool-7-thread-2] INFO  commands.RetriableDatanodeEventWatcher (RetriableDatanodeEventWatcher.java:onTimeout(47)) - RetriableDatanodeCommand type=deleteBlocksCommand with id=1568153559795 timed out. Retrying.
2019-09-10 22:12:51,134 [pool-7-thread-2] INFO  commands.RetriableDatanodeEventWatcher (RetriableDatanodeEventWatcher.java:onTimeout(47)) - RetriableDatanodeCommand type=deleteBlocksCommand with id=1568153559805 timed out. Retrying.
2019-09-10 22:12:51,147 [pool-7-thread-2] INFO  commands.RetriableDatanodeEventWatcher (RetriableDatanodeEventWatcher.java:onTimeout(47)) - RetriableDatanodeCommand type=deleteBlocksCommand with id=1568153559815 timed out. Retrying.
2019-09-10 22:12:51,155 [pool-7-thread-2] INFO  commands.RetriableDatanodeEventWatcher (RetriableDatanodeEventWatcher.java:onTimeout(47)) - RetriableDatanodeCommand type=deleteBlocksCommand with id=1568153559842 timed out. Retrying.
2019-09-10 22:12:51,164 [pool-7-thread-2] INFO  commands.RetriableDatanodeEventWatcher (RetriableDatanodeEventWatcher.java:onTimeout(47)) - RetriableDatanodeCommand type=deleteBlocksCommand with id=1568153559825 timed out. Retrying.
2019-09-10 22:12:51,165 [pool-7-thread-1] INFO  commands.RetriableDatanodeEventWatcher (RetriableDatanodeEventWatcher.java:onTimeout(47)) - RetriableDatanodeCommand type=deleteBlocksCommand with id=1568153559756 timed out. Retrying.
2019-09-10 22:12:51,168 [pool-7-thread-1] INFO  commands.RetriableDatanodeEventWatcher (RetriableDatanodeEventWatcher.java:onTimeout(47)) - RetriableDatanodeCommand type=deleteBlocksCommand with id=1568153559852 timed out. Retrying.
2019-09-10 22:12:51,178 [pool-7-thread-1] INFO  commands.RetriableDatanodeEventWatcher (RetriableDatanodeEventWatcher.java:onTimeout(47)) - RetriableDatanodeCommand type=deleteBlocksCommand with id=1568153559766 timed out. Retrying.
2019-09-10 22:12:51,182 [SCMBlockDeletingService#1] DEBUG block.SCMBlockDeletingService (SCMBlockDeletingService.java:call(138)) - Running DeletedBlockTransactionScanner
2019-09-10 22:12:51,182 [SCMBlockDeletingService#1] DEBUG block.SCMBlockDeletingService (SCMBlockDeletingService.java:call(155)) - Scanned deleted blocks log and got 3 delTX to process.
2019-09-10 22:12:51,182 [SCMBlockDeletingService#1] DEBUG block.SCMBlockDeletingService (SCMBlockDeletingService.java:call(171)) - Added delete block command for datanode ed5d81fa-aaf0-49db-aa57-acca1dd387bd in the queue, number of delete block transactions: 3, TxID list: 1,2,3
2019-09-10 22:12:51,183 [SCMBlockDeletingService#1] INFO  block.SCMBlockDeletingService (SCMBlockDeletingService.java:call(182)) - Totally added 3 delete blocks command for 1 datanodes, task elapsed time: 1ms
2019-09-10 22:12:51,192 [pool-7-thread-1] INFO  commands.RetriableDatanodeEventWatcher (RetriableDatanodeEventWatcher.java:onTimeout(47)) - RetriableDatanodeCommand type=deleteBlocksCommand with id=1568153559776 timed out. Retrying.
2019-09-10 22:12:51,201 [pool-7-thread-1] INFO  commands.RetriableDatanodeEventWatcher (RetriableDatanodeEventWatcher.java:onTimeout(47)) - RetriableDatanodeCommand type=deleteBlocksCommand with id=1568153559786 timed out. Retrying.
2019-09-10 22:12:51,219 [pool-7-thread-1] INFO  commands.RetriableDatanodeEventWatcher (RetriableDatanodeEventWatcher.java:onTimeout(47)) - RetriableDatanodeCommand type=deleteBlocksCommand with id=1568153559796 timed out. Retrying.
2019-09-10 22:12:51,235 [pool-7-thread-1] INFO  commands.RetriableDatanodeEventWatcher (RetriableDatanodeEventWatcher.java:onTimeout(47)) - RetriableDatanodeCommand type=deleteBlocksCommand with id=1568153559806 timed out. Retrying.
2019-09-10 22:12:51,253 [pool-7-thread-1] INFO  commands.RetriableDatanodeEventWatcher (RetriableDatanodeEventWatcher.java:onTimeout(47)) - RetriableDatanodeCommand type=deleteBlocksCommand with id=1568153559816 timed out. Retrying.
2019-09-10 22:12:51,256 [pool-7-thread-1] INFO  commands.RetriableDatanodeEventWatcher (RetriableDatanodeEventWatcher.java:onTimeout(47)) - RetriableDatanodeCommand type=deleteBlocksCommand with id=1568153559843 timed out. Retrying.
2019-09-10 22:12:51,270 [pool-7-thread-1] INFO  commands.RetriableDatanodeEventWatcher (RetriableDatanodeEventWatcher.java:onTimeout(47)) - RetriableDatanodeCommand type=deleteBlocksCommand with id=1568153559826 timed out. Retrying.
2019-09-10 22:12:51,270 [pool-7-thread-2] INFO  commands.RetriableDatanodeEventWatcher (RetriableDatanodeEventWatcher.java:onTimeout(47)) - RetriableDatanodeCommand type=deleteBlocksCommand with id=1568153559853 timed out. Retrying.
2019-09-10 22:12:51,271 [pool-7-thread-3] INFO  commands.RetriableDatanodeEventWatcher (RetriableDatanodeEventWatcher.java:onTimeout(47)) - RetriableDatanodeCommand type=deleteBlocksCommand with id=1568153559757 timed out. Retrying.
2019-09-10 22:12:51,279 [pool-7-thread-3] INFO  commands.RetriableDatanodeEventWatcher (RetriableDatanodeEventWatcher.java:onTimeout(47)) - RetriableDatanodeCommand type=deleteBlocksCommand with id=1568153559767 timed out. Retrying.
2019-09-10 22:12:51,283 [SCMBlockDeletingService#1] DEBUG block.SCMBlockDeletingService (SCMBlockDeletingService.java:call(138)) - Running DeletedBlockTransactionScanner
2019-09-10 22:12:51,284 [SCMBlockDeletingService#1] DEBUG block.SCMBlockDeletingService (SCMBlockDeletingService.java:call(155)) - Scanned deleted blocks log and got 3 delTX to process.
2019-09-10 22:12:51,284 [SCMBlockDeletingService#1] DEBUG block.SCMBlockDeletingService (SCMBlockDeletingService.java:call(171)) - Added delete block command for datanode ed5d81fa-aaf0-49db-aa57-acca1dd387bd in the queue, number of delete block transactions: 3, TxID list: 1,2,3
2019-09-10 22:12:51,284 [SCMBlockDeletingService#1] INFO  block.SCMBlockDeletingService (SCMBlockDeletingService.java:call(182)) - Totally added 3 delete blocks command for 1 datanodes, task elapsed time: 1ms
2019-09-10 22:12:51,291 [pool-7-thread-3] INFO  commands.RetriableDatanodeEventWatcher (RetriableDatanodeEventWatcher.java:onTimeout(47)) - RetriableDatanodeCommand type=deleteBlocksCommand with id=1568153559777 timed out. Retrying.
2019-09-10 22:12:51,302 [pool-7-thread-3] INFO  commands.RetriableDatanodeEventWatcher (RetriableDatanodeEventWatcher.java:onTimeout(47)) - RetriableDatanodeCommand type=deleteBlocksCommand with id=1568153559787 timed out. Retrying.
2019-09-10 22:12:51,320 [pool-7-thread-3] INFO  commands.RetriableDatanodeEventWatcher (RetriableDatanodeEventWatcher.java:onTimeout(47)) - RetriableDatanodeCommand type=deleteBlocksCommand with id=1568153559797 timed out. Retrying.
2019-09-10 22:12:51,338 [pool-7-thread-3] INFO  commands.RetriableDatanodeEventWatcher (RetriableDatanodeEventWatcher.java:onTimeout(47)) - RetriableDatanodeCommand type=deleteBlocksCommand with id=1568153559807 timed out. Retrying.
2019-09-10 22:12:51,342 [pool-7-thread-3] INFO  commands.RetriableDatanodeEventWatcher (RetriableDatanodeEventWatcher.java:onTimeout(47)) - RetriableDatanodeCommand type=deleteBlocksCommand with id=1568153559834 timed out. Retrying.
2019-09-10 22:12:51,354 [pool-7-thread-3] INFO  commands.RetriableDatanodeEventWatcher (RetriableDatanodeEventWatcher.java:onTimeout(47)) - RetriableDatanodeCommand type=deleteBlocksCommand with id=1568153559817 timed out. Retrying.
2019-09-10 22:12:51,358 [pool-7-thread-3] INFO  commands.RetriableDatanodeEventWatcher (RetriableDatanodeEventWatcher.java:onTimeout(47)) - RetriableDatanodeCommand type=deleteBlocksCommand with id=1568153559844 timed out. Retrying.
2019-09-10 22:12:51,368 [pool-7-thread-3] INFO  commands.RetriableDatanodeEventWatcher (RetriableDatanodeEventWatcher.java:onTimeout(47)) - RetriableDatanodeCommand type=deleteBlocksCommand with id=1568153559827 timed out. Retrying.
2019-09-10 22:12:51,369 [pool-7-thread-2] INFO  commands.RetriableDatanodeEventWatcher (RetriableDatanodeEventWatcher.java:onTimeout(47)) - RetriableDatanodeCommand type=deleteBlocksCommand with id=1568153559758 timed out. Retrying.
2019-09-10 22:12:51,370 [pool-7-thread-2] INFO  commands.RetriableDatanodeEventWatcher (RetriableDatanodeEventWatcher.java:onTimeout(47)) - RetriableDatanodeCommand type=deleteBlocksCommand with id=1568153559854 timed out. Retrying.
2019-09-10 22:12:51,381 [pool-7-thread-2] INFO  commands.RetriableDatanodeEventWatcher (RetriableDatanodeEventWatcher.java:onTimeout(47)) - RetriableDatanodeCommand type=deleteBlocksCommand with id=1568153559768 timed out. Retrying.
2019-09-10 22:12:51,385 [SCMBlockDeletingService#1] DEBUG block.SCMBlockDeletingService (SCMBlockDeletingService.java:call(138)) - Running DeletedBlockTransactionScanner
2019-09-10 22:12:51,385 [SCMBlockDeletingService#1] DEBUG block.SCMBlockDeletingService (SCMBlockDeletingService.java:call(155)) - Scanned deleted blocks log and got 3 delTX to process.
2019-09-10 22:12:51,385 [SCMBlockDeletingService#1] DEBUG block.SCMBlockDeletingService (SCMBlockDeletingService.java:call(171)) - Added delete block command for datanode ed5d81fa-aaf0-49db-aa57-acca1dd387bd in the queue, number of delete block transactions: 3, TxID list: 1,2,3
2019-09-10 22:12:51,386 [SCMBlockDeletingService#1] INFO  block.SCMBlockDeletingService (SCMBlockDeletingService.java:call(182)) - Totally added 3 delete blocks command for 1 datanodes, task elapsed time: 1ms
2019-09-10 22:12:51,395 [pool-7-thread-2] INFO  commands.RetriableDatanodeEventWatcher (RetriableDatanodeEventWatcher.java:onTimeout(47)) - RetriableDatanodeCommand type=deleteBlocksCommand with id=1568153559778 timed out. Retrying.
2019-09-10 22:12:51,404 [pool-7-thread-2] INFO  commands.RetriableDatanodeEventWatcher (RetriableDatanodeEventWatcher.java:onTimeout(47)) - RetriableDatanodeCommand type=deleteBlocksCommand with id=1568153559788 timed out. Retrying.
2019-09-10 22:12:51,426 [pool-7-thread-2] INFO  commands.RetriableDatanodeEventWatcher (RetriableDatanodeEventWatcher.java:onTimeout(47)) - RetriableDatanodeCommand type=deleteBlocksCommand with id=1568153559798 timed out. Retrying.
2019-09-10 22:12:51,439 [pool-7-thread-2] INFO  commands.RetriableDatanodeEventWatcher (RetriableDatanodeEventWatcher.java:onTimeout(47)) - RetriableDatanodeCommand type=deleteBlocksCommand with id=1568153559808 timed out. Retrying.
2019-09-10 22:12:51,444 [pool-7-thread-2] INFO  commands.RetriableDatanodeEventWatcher (RetriableDatanodeEventWatcher.java:onTimeout(47)) - RetriableDatanodeCommand type=deleteBlocksCommand with id=1568153559835 timed out. Retrying.
2019-09-10 22:12:51,454 [pool-7-thread-2] INFO  commands.RetriableDatanodeEventWatcher (RetriableDatanodeEventWatcher.java:onTimeout(47)) - RetriableDatanodeCommand type=deleteBlocksCommand with id=1568153559818 timed out. Retrying.
2019-09-10 22:12:51,459 [pool-7-thread-2] INFO  commands.RetriableDatanodeEventWatcher (RetriableDatanodeEventWatcher.java:onTimeout(47)) - RetriableDatanodeCommand type=deleteBlocksCommand with id=1568153559845 timed out. Retrying.
2019-09-10 22:12:51,468 [pool-7-thread-2] INFO  commands.RetriableDatanodeEventWatcher (RetriableDatanodeEventWatcher.java:onTimeout(47)) - RetriableDatanodeCommand type=deleteBlocksCommand with id=1568153559759 timed out. Retrying.
2019-09-10 22:12:51,470 [pool-7-thread-2] INFO  commands.RetriableDatanodeEventWatcher (RetriableDatanodeEventWatcher.java:onTimeout(47)) - RetriableDatanodeCommand type=deleteBlocksCommand with id=1568153559828 timed out. Retrying.
2019-09-10 22:12:51,472 [pool-7-thread-2] INFO  commands.RetriableDatanodeEventWatcher (RetriableDatanodeEventWatcher.java:onTimeout(47)) - RetriableDatanodeCommand type=deleteBlocksCommand with id=1568153559855 timed out. Retrying.
2019-09-10 22:12:51,483 [pool-7-thread-2] INFO  commands.RetriableDatanodeEventWatcher (RetriableDatanodeEventWatcher.java:onTimeout(47)) - RetriableDatanodeCommand type=deleteBlocksCommand with id=1568153559769 timed out. Retrying.
2019-09-10 22:12:51,485 [EventQueue-PendingDeleteStatusForPendingDeleteHandler] INFO  block.SCMBlockDeletingService (SCMBlockDeletingService.java:handlePendingDeletes(115)) - Block deletion txnID mismatch in datanode ed5d81fa-aaf0-49db-aa57-acca1dd387bd for containerID 1. Datanode delete txnID: 0, SCM txnID: 1
2019-09-10 22:12:51,485 [EventQueue-PendingDeleteStatusForPendingDeleteHandler] INFO  block.SCMBlockDeletingService (SCMBlockDeletingService.java:handlePendingDeletes(115)) - Block deletion txnID mismatch in datanode ed5d81fa-aaf0-49db-aa57-acca1dd387bd for containerID 2. Datanode delete txnID: 0, SCM txnID: 2
2019-09-10 22:12:51,485 [main] INFO  ozone.MiniOzoneClusterImpl (MiniOzoneClusterImpl.java:lambda$waitForClusterToBeReady$0(140)) - Waiting for cluster to be ready. Got 0 of 1 DN Heartbeats.
2019-09-10 22:12:51,486 [EventQueue-PendingDeleteStatusForPendingDeleteHandler] INFO  block.SCMBlockDeletingService (SCMBlockDeletingService.java:handlePendingDeletes(115)) - Block deletion txnID mismatch in datanode ed5d81fa-aaf0-49db-aa57-acca1dd387bd for containerID 3. Datanode delete txnID: 0, SCM txnID: 3
2019-09-10 22:12:51,486 [SCMBlockDeletingService#1] DEBUG block.SCMBlockDeletingService (SCMBlockDeletingService.java:call(138)) - Running DeletedBlockTransactionScanner
2019-09-10 22:12:51,487 [SCMBlockDeletingService#1] DEBUG block.SCMBlockDeletingService (SCMBlockDeletingService.java:call(155)) - Scanned deleted blocks log and got 3 delTX to process.
2019-09-10 22:12:51,487 [SCMBlockDeletingService#1] DEBUG block.SCMBlockDeletingService (SCMBlockDeletingService.java:call(171)) - Added delete block command for datanode ed5d81fa-aaf0-49db-aa57-acca1dd387bd in the queue, number of delete block transactions: 3, TxID list: 1,2,3
2019-09-10 22:12:51,487 [SCMBlockDeletingService#1] INFO  block.SCMBlockDeletingService (SCMBlockDeletingService.java:call(182)) - Totally added 3 delete blocks command for 1 datanodes, task elapsed time: 1ms
2019-09-10 22:12:51,494 [pool-7-thread-2] INFO  commands.RetriableDatanodeEventWatcher (RetriableDatanodeEventWatcher.java:onTimeout(47)) - RetriableDatanodeCommand type=deleteBlocksCommand with id=1568153559779 timed out. Retrying.
2019-09-10 22:12:51,508 [pool-7-thread-2] INFO  commands.RetriableDatanodeEventWatcher (RetriableDatanodeEventWatcher.java:onTimeout(47)) - RetriableDatanodeCommand type=deleteBlocksCommand with id=1568153559789 timed out. Retrying.
2019-09-10 22:12:51,522 [pool-7-thread-2] INFO  commands.RetriableDatanodeEventWatcher (RetriableDatanodeEventWatcher.java:onTimeout(47)) - RetriableDatanodeCommand type=deleteBlocksCommand with id=1568153559799 timed out. Retrying.
2019-09-10 22:12:51,540 [pool-7-thread-2] INFO  commands.RetriableDatanodeEventWatcher (RetriableDatanodeEventWatcher.java:onTimeout(47)) - RetriableDatanodeCommand type=deleteBlocksCommand with id=1568153559809 timed out. Retrying.
2019-09-10 22:12:51,541 [grpc-default-executor-1] INFO  impl.RaftServerProxy (RaftServerProxy.java:addNew(89)) - ed5d81fa-aaf0-49db-aa57-acca1dd387bd: addNew group-05A9782DD737:[ed5d81fa-aaf0-49db-aa57-acca1dd387bd:192.168.157.245:39028] returns group-05A9782DD737:java.util.concurrent.CompletableFuture@7fe42022[Not completed]
2019-09-10 22:12:51,543 [pool-592-thread-1] INFO  impl.RaftServerImpl (RaftServerImpl.java:<init>(93)) - ed5d81fa-aaf0-49db-aa57-acca1dd387bd: new RaftServerImpl for group-05A9782DD737:[ed5d81fa-aaf0-49db-aa57-acca1dd387bd:192.168.157.245:39028] with ContainerStateMachine:uninitialized
2019-09-10 22:12:51,543 [pool-592-thread-1] INFO  server.RaftServerConfigKeys (ConfUtils.java:logGet(43)) - raft.server.rpc.timeout.min = 5s (custom)
2019-09-10 22:12:51,544 [pool-592-thread-1] INFO  server.RaftServerConfigKeys (ConfUtils.java:logGet(43)) - raft.server.rpc.timeout.max = 5200ms (custom)
2019-09-10 22:12:51,544 [pool-592-thread-1] INFO  server.RaftServerConfigKeys (ConfUtils.java:logGet(43)) - raft.server.rpcslowness.timeout = 120s (custom)
2019-09-10 22:12:51,544 [pool-592-thread-1] INFO  server.RaftServerConfigKeys (ConfUtils.java:logGet(43)) - raft.server.sleep.deviation.threshold = 300 (default)
2019-09-10 22:12:51,544 [pool-592-thread-1] INFO  server.RaftServerConfigKeys (ConfUtils.java:logGet(43)) - raft.server.log.appender.install.snapshot.enabled = false (custom)
2019-09-10 22:12:51,544 [pool-592-thread-1] INFO  impl.RaftServerImpl (ServerState.java:<init>(105)) - ed5d81fa-aaf0-49db-aa57-acca1dd387bd:group-05A9782DD737 ConfigurationManager, init=-1: [ed5d81fa-aaf0-49db-aa57-acca1dd387bd:192.168.157.245:39028], old=null, confs=<EMPTY_MAP>
2019-09-10 22:12:51,545 [pool-592-thread-1] INFO  server.RaftServerConfigKeys (ConfUtils.java:logGet(43)) - raft.server.storage.dir = [/workdir/hadoop-ozone/integration-test/target/test-dir/MiniOzoneClusterImpl-60bdcf22-3eb0-4011-b7cb-43d16866ba5a/datanode-0/data/ratis] (custom)
2019-09-10 22:12:51,545 [pool-592-thread-1] INFO  storage.RaftStorageDirectory (RaftStorageDirectory.java:analyzeStorage(246)) - The storage directory /workdir/hadoop-ozone/integration-test/target/test-dir/MiniOzoneClusterImpl-60bdcf22-3eb0-4011-b7cb-43d16866ba5a/datanode-0/data/ratis/4652f909-a2b1-4d8e-9716-05a9782dd737 does not exist. Creating ...
2019-09-10 22:12:51,546 [pool-7-thread-2] INFO  commands.RetriableDatanodeEventWatcher (RetriableDatanodeEventWatcher.java:onTimeout(47)) - RetriableDatanodeCommand type=deleteBlocksCommand with id=1568153559836 timed out. Retrying.
2019-09-10 22:12:51,556 [pool-7-thread-2] INFO  commands.RetriableDatanodeEventWatcher (RetriableDatanodeEventWatcher.java:onTimeout(47)) - RetriableDatanodeCommand type=deleteBlocksCommand with id=1568153559819 timed out. Retrying.
2019-09-10 22:12:51,560 [pool-7-thread-2] INFO  commands.RetriableDatanodeEventWatcher (RetriableDatanodeEventWatcher.java:onTimeout(47)) - RetriableDatanodeCommand type=deleteBlocksCommand with id=1568153559846 timed out. Retrying.
2019-09-10 22:12:51,572 [pool-7-thread-2] INFO  commands.RetriableDatanodeEventWatcher (RetriableDatanodeEventWatcher.java:onTimeout(47)) - RetriableDatanodeCommand type=deleteBlocksCommand with id=1568153559829 timed out. Retrying.
2019-09-10 22:12:51,572 [pool-7-thread-3] INFO  commands.RetriableDatanodeEventWatcher (RetriableDatanodeEventWatcher.java:onTimeout(47)) - RetriableDatanodeCommand type=deleteBlocksCommand with id=1568153559760 timed out. Retrying.
2019-09-10 22:12:51,574 [pool-7-thread-3] INFO  commands.RetriableDatanodeEventWatcher (RetriableDatanodeEventWatcher.java:onTimeout(47)) - RetriableDatanodeCommand type=deleteBlocksCommand with id=1568153559856 timed out. Retrying.
2019-09-10 22:12:51,585 [pool-7-thread-3] INFO  commands.RetriableDatanodeEventWatcher (RetriableDatanodeEventWatcher.java:onTimeout(47)) - RetriableDatanodeCommand type=deleteBlocksCommand with id=1568153559770 timed out. Retrying.
2019-09-10 22:12:51,588 [SCMBlockDeletingService#1] DEBUG block.SCMBlockDeletingService (SCMBlockDeletingService.java:call(138)) - Running DeletedBlockTransactionScanner
2019-09-10 22:12:51,588 [SCMBlockDeletingService#1] DEBUG block.SCMBlockDeletingService (SCMBlockDeletingService.java:call(155)) - Scanned deleted blocks log and got 3 delTX to process.
2019-09-10 22:12:51,589 [SCMBlockDeletingService#1] DEBUG block.SCMBlockDeletingService (SCMBlockDeletingService.java:call(171)) - Added delete block command for datanode ed5d81fa-aaf0-49db-aa57-acca1dd387bd in the queue, number of delete block transactions: 3, TxID list: 1,2,3
2019-09-10 22:12:51,589 [SCMBlockDeletingService#1] INFO  block.SCMBlockDeletingService (SCMBlockDeletingService.java:call(182)) - Totally added 3 delete blocks command for 1 datanodes, task elapsed time: 2ms
2019-09-10 22:12:51,595 [pool-7-thread-3] INFO  commands.RetriableDatanodeEventWatcher (RetriableDatanodeEventWatcher.java:onTimeout(47)) - RetriableDatanodeCommand type=deleteBlocksCommand with id=1568153559780 timed out. Retrying.
2019-09-10 22:12:51,609 [pool-7-thread-3] INFO  commands.RetriableDatanodeEventWatcher (RetriableDatanodeEventWatcher.java:onTimeout(47)) - RetriableDatanodeCommand type=deleteBlocksCommand with id=1568153559790 timed out. Retrying.
2019-09-10 22:12:51,622 [pool-7-thread-3] INFO  commands.RetriableDatanodeEventWatcher (RetriableDatanodeEventWatcher.java:onTimeout(47)) - RetriableDatanodeCommand type=deleteBlocksCommand with id=1568153559800 timed out. Retrying.
2019-09-10 22:12:51,640 [pool-7-thread-3] INFO  commands.RetriableDatanodeEventWatcher (RetriableDatanodeEventWatcher.java:onTimeout(47)) - RetriableDatanodeCommand type=deleteBlocksCommand with id=1568153559810 timed out. Retrying.
2019-09-10 22:12:51,648 [pool-7-thread-3] INFO  commands.RetriableDatanodeEventWatcher (RetriableDatanodeEventWatcher.java:onTimeout(47)) - RetriableDatanodeCommand type=deleteBlocksCommand with id=1568153559837 timed out. Retrying.
2019-09-10 22:12:51,658 [pool-7-thread-3] INFO  commands.RetriableDatanodeEventWatcher (RetriableDatanodeEventWatcher.java:onTimeout(47)) - RetriableDatanodeCommand type=deleteBlocksCommand with id=1568153559820 timed out. Retrying.
2019-09-10 22:12:51,662 [pool-7-thread-3] INFO  commands.RetriableDatanodeEventWatcher (RetriableDatanodeEventWatcher.java:onTimeout(47)) - RetriableDatanodeCommand type=deleteBlocksCommand with id=1568153559847 timed out. Retrying.
2019-09-10 22:12:51,672 [pool-7-thread-3] INFO  commands.RetriableDatanodeEventWatcher (RetriableDatanodeEventWatcher.java:onTimeout(47)) - RetriableDatanodeCommand type=deleteBlocksCommand with id=1568153559830 timed out. Retrying.
2019-09-10 22:12:51,674 [pool-7-thread-3] INFO  commands.RetriableDatanodeEventWatcher (RetriableDatanodeEventWatcher.java:onTimeout(47)) - RetriableDatanodeCommand type=deleteBlocksCommand with id=1568153559857 timed out. Retrying.
2019-09-10 22:12:51,674 [pool-7-thread-2] INFO  commands.RetriableDatanodeEventWatcher (RetriableDatanodeEventWatcher.java:onTimeout(47)) - RetriableDatanodeCommand type=deleteBlocksCommand with id=1568153559761 timed out. Retrying.
2019-09-10 22:12:51,683 [pool-7-thread-2] INFO  commands.RetriableDatanodeEventWatcher (RetriableDatanodeEventWatcher.java:onTimeout(47)) - RetriableDatanodeCommand type=deleteBlocksCommand with id=1568153559771 timed out. Retrying.
2019-09-10 22:12:51,689 [SCMBlockDeletingService#1] DEBUG block.SCMBlockDeletingService (SCMBlockDeletingService.java:call(138)) - Running DeletedBlockTransactionScanner
2019-09-10 22:12:51,690 [SCMBlockDeletingService#1] DEBUG block.SCMBlockDeletingService (SCMBlockDeletingService.java:call(155)) - Scanned deleted blocks log and got 3 delTX to process.
2019-09-10 22:12:51,690 [SCMBlockDeletingService#1] DEBUG block.SCMBlockDeletingService (SCMBlockDeletingService.java:call(171)) - Added delete block command for datanode ed5d81fa-aaf0-49db-aa57-acca1dd387bd in the queue, number of delete block transactions: 3, TxID list: 1,2,3
2019-09-10 22:12:51,691 [SCMBlockDeletingService#1] INFO  block.SCMBlockDeletingService (SCMBlockDeletingService.java:call(182)) - Totally added 3 delete blocks command for 1 datanodes, task elapsed time: 1ms
2019-09-10 22:12:51,696 [pool-7-thread-2] INFO  commands.RetriableDatanodeEventWatcher (RetriableDatanodeEventWatcher.java:onTimeout(47)) - RetriableDatanodeCommand type=deleteBlocksCommand with id=1568153559781 timed out. Retrying.
2019-09-10 22:12:51,710 [pool-7-thread-2] INFO  commands.RetriableDatanodeEventWatcher (RetriableDatanodeEventWatcher.java:onTimeout(47)) - RetriableDatanodeCommand type=deleteBlocksCommand with id=1568153559791 timed out. Retrying.
2019-09-10 22:12:51,723 [pool-7-thread-2] INFO  commands.RetriableDatanodeEventWatcher (RetriableDatanodeEventWatcher.java:onTimeout(47)) - RetriableDatanodeCommand type=deleteBlocksCommand with id=1568153559801 timed out. Retrying.
2019-09-10 22:12:51,743 [pool-7-thread-2] INFO  commands.RetriableDatanodeEventWatcher (RetriableDatanodeEventWatcher.java:onTimeout(47)) - RetriableDatanodeCommand type=deleteBlocksCommand with id=1568153559811 timed out. Retrying.
2019-09-10 22:12:51,750 [pool-7-thread-2] INFO  commands.RetriableDatanodeEventWatcher (RetriableDatanodeEventWatcher.java:onTimeout(47)) - RetriableDatanodeCommand type=deleteBlocksCommand with id=1568153559838 timed out. Retrying.
2019-09-10 22:12:51,759 [pool-7-thread-2] INFO  commands.RetriableDatanodeEventWatcher (RetriableDatanodeEventWatcher.java:onTimeout(47)) - RetriableDatanodeCommand type=deleteBlocksCommand with id=1568153559821 timed out. Retrying.
2019-09-10 22:12:51,759 [pool-7-thread-3] INFO  commands.RetriableDatanodeEventWatcher (RetriableDatanodeEventWatcher.java:onTimeout(47)) - RetriableDatanodeCommand type=deleteBlocksCommand with id=1568153559752 timed out. Retrying.
2019-09-10 22:12:51,763 [pool-7-thread-3] INFO  commands.RetriableDatanodeEventWatcher (RetriableDatanodeEventWatcher.java:onTimeout(47)) - RetriableDatanodeCommand type=deleteBlocksCommand with id=1568153559848 timed out. Retrying.
2019-09-10 22:12:51,774 [pool-7-thread-3] INFO  commands.RetriableDatanodeEventWatcher (RetriableDatanodeEventWatcher.java:onTimeout(47)) - RetriableDatanodeCommand type=deleteBlocksCommand with id=1568153559831 timed out. Retrying.
2019-09-10 22:12:51,775 [pool-7-thread-3] INFO  commands.RetriableDatanodeEventWatcher (RetriableDatanodeEventWatcher.java:onTimeout(47)) - RetriableDatanodeCommand type=deleteBlocksCommand with id=1568153559762 timed out. Retrying.
2019-09-10 22:12:51,777 [pool-7-thread-3] INFO  commands.RetriableDatanodeEventWatcher (RetriableDatanodeEventWatcher.java:onTimeout(47)) - RetriableDatanodeCommand type=deleteBlocksCommand with id=1568153559858 timed out. Retrying.
2019-09-10 22:12:51,784 [pool-7-thread-3] INFO  commands.RetriableDatanodeEventWatcher (RetriableDatanodeEventWatcher.java:onTimeout(47)) - RetriableDatanodeCommand type=deleteBlocksCommand with id=1568153559772 timed out. Retrying.
2019-09-10 22:12:51,791 [SCMBlockDeletingService#1] DEBUG block.SCMBlockDeletingService (SCMBlockDeletingService.java:call(138)) - Running DeletedBlockTransactionScanner
2019-09-10 22:12:51,792 [SCMBlockDeletingService#1] DEBUG block.SCMBlockDeletingService (SCMBlockDeletingService.java:call(155)) - Scanned deleted blocks log and got 3 delTX to process.
2019-09-10 22:12:51,793 [SCMBlockDeletingService#1] DEBUG block.SCMBlockDeletingService (SCMBlockDeletingService.java:call(171)) - Added delete block command for datanode ed5d81fa-aaf0-49db-aa57-acca1dd387bd in the queue, number of delete block transactions: 3, TxID list: 1,2,3
2019-09-10 22:12:51,793 [SCMBlockDeletingService#1] INFO  block.SCMBlockDeletingService (SCMBlockDeletingService.java:call(182)) - Totally added 3 delete blocks command for 1 datanodes, task elapsed time: 2ms
2019-09-10 22:12:51,799 [pool-7-thread-3] INFO  commands.RetriableDatanodeEventWatcher (RetriableDatanodeEventWatcher.java:onTimeout(47)) - RetriableDatanodeCommand type=deleteBlocksCommand with id=1568153559782 timed out. Retrying.
2019-09-10 22:12:51,812 [pool-7-thread-3] INFO  commands.RetriableDatanodeEventWatcher (RetriableDatanodeEventWatcher.java:onTimeout(47)) - RetriableDatanodeCommand type=deleteBlocksCommand with id=1568153559792 timed out. Retrying.
2019-09-10 22:12:51,829 [pool-7-thread-3] INFO  commands.RetriableDatanodeEventWatcher (RetriableDatanodeEventWatcher.java:onTimeout(47)) - RetriableDatanodeCommand type=deleteBlocksCommand with id=1568153559802 timed out. Retrying.
2019-09-10 22:12:51,844 [pool-7-thread-3] INFO  commands.RetriableDatanodeEventWatcher (RetriableDatanodeEventWatcher.java:onTimeout(47)) - RetriableDatanodeCommand type=deleteBlocksCommand with id=1568153559812 timed out. Retrying.
2019-09-10 22:12:51,850 [pool-7-thread-3] INFO  commands.RetriableDatanodeEventWatcher (RetriableDatanodeEventWatcher.java:onTimeout(47)) - RetriableDatanodeCommand type=deleteBlocksCommand with id=1568153559839 timed out. Retrying.
2019-09-10 22:12:51,858 [pool-7-thread-3] INFO  commands.RetriableDatanodeEventWatcher (RetriableDatanodeEventWatcher.java:onTimeout(47)) - RetriableDatanodeCommand type=deleteBlocksCommand with id=1568153559822 timed out. Retrying.
2019-09-10 22:12:51,859 [pool-7-thread-2] INFO  commands.RetriableDatanodeEventWatcher (RetriableDatanodeEventWatcher.java:onTimeout(47)) - RetriableDatanodeCommand type=deleteBlocksCommand with id=1568153559753 timed out. Retrying.
2019-09-10 22:12:51,864 [pool-7-thread-2] INFO  commands.RetriableDatanodeEventWatcher (RetriableDatanodeEventWatcher.java:onTimeout(47)) - RetriableDatanodeCommand type=deleteBlocksCommand with id=1568153559849 timed out. Retrying.
2019-09-10 22:12:51,878 [pool-7-thread-2] INFO  commands.RetriableDatanodeEventWatcher (RetriableDatanodeEventWatcher.java:onTimeout(47)) - RetriableDatanodeCommand type=deleteBlocksCommand with id=1568153559832 timed out. Retrying.
2019-09-10 22:12:51,878 [pool-7-thread-1] INFO  commands.RetriableDatanodeEventWatcher (RetriableDatanodeEventWatcher.java:onTimeout(47)) - RetriableDatanodeCommand type=deleteBlocksCommand with id=1568153559763 timed out. Retrying.
2019-09-10 22:12:51,878 [pool-7-thread-3] INFO  commands.RetriableDatanodeEventWatcher (RetriableDatanodeEventWatcher.java:onTimeout(47)) - RetriableDatanodeCommand type=deleteBlocksCommand with id=1568153559859 timed out. Retrying.
2019-09-10 22:12:51,887 [pool-592-thread-1] INFO  storage.RaftStorageDirectory (RaftStorageDirectory.java:tryLock(328)) - Lock on /workdir/hadoop-ozone/integration-test/target/test-dir/MiniOzoneClusterImpl-60bdcf22-3eb0-4011-b7cb-43d16866ba5a/datanode-0/data/ratis/4652f909-a2b1-4d8e-9716-05a9782dd737/in_use.lock acquired by nodename 29515@pr-hdds-2007-wqvw6-2944049611
2019-09-10 22:12:51,888 [pool-7-thread-3] INFO  commands.RetriableDatanodeEventWatcher (RetriableDatanodeEventWatcher.java:onTimeout(47)) - RetriableDatanodeCommand type=deleteBlocksCommand with id=1568153559773 timed out. Retrying.
2019-09-10 22:12:51,894 [SCMBlockDeletingService#1] DEBUG block.SCMBlockDeletingService (SCMBlockDeletingService.java:call(138)) - Running DeletedBlockTransactionScanner
2019-09-10 22:12:51,895 [SCMBlockDeletingService#1] DEBUG block.SCMBlockDeletingService (SCMBlockDeletingService.java:call(155)) - Scanned deleted blocks log and got 3 delTX to process.
2019-09-10 22:12:51,895 [SCMBlockDeletingService#1] DEBUG block.SCMBlockDeletingService (SCMBlockDeletingService.java:call(171)) - Added delete block command for datanode ed5d81fa-aaf0-49db-aa57-acca1dd387bd in the queue, number of delete block transactions: 3, TxID list: 1,2,3
2019-09-10 22:12:51,896 [SCMBlockDeletingService#1] INFO  block.SCMBlockDeletingService (SCMBlockDeletingService.java:call(182)) - Totally added 3 delete blocks command for 1 datanodes, task elapsed time: 1ms
2019-09-10 22:12:51,901 [pool-7-thread-3] INFO  commands.RetriableDatanodeEventWatcher (RetriableDatanodeEventWatcher.java:onTimeout(47)) - RetriableDatanodeCommand type=deleteBlocksCommand with id=1568153559783 timed out. Retrying.
2019-09-10 22:12:51,912 [pool-7-thread-3] INFO  commands.RetriableDatanodeEventWatcher (RetriableDatanodeEventWatcher.java:onTimeout(47)) - RetriableDatanodeCommand type=deleteBlocksCommand with id=1568153559793 timed out. Retrying.
2019-09-10 22:12:51,930 [pool-7-thread-3] INFO  commands.RetriableDatanodeEventWatcher (RetriableDatanodeEventWatcher.java:onTimeout(47)) - RetriableDatanodeCommand type=deleteBlocksCommand with id=1568153559803 timed out. Retrying.
2019-09-10 22:12:52,0502019-09-10 22:12:52,050 [ [pool-7-thread-2] INFOSCMBlockDeletingService#1]   DEBUG commands.RetriableDatanodeEventWatcher (block.SCMBlockDeletingService (RetriableDatanodeEventWatcher.java:onTimeout(47)) - SCMBlockDeletingService.java:RetriableDatanodeCommand type=deleteBlocksCommand with id=1568153559814 timed out. Retrying.
call(138)) - Running DeletedBlockTransactionScanner
2019-09-10 22:12:52,053 [pool-592-thread-1] INFO  storage.RaftStorage (RaftStorage.java:format(72)) - Storage directory /workdir/hadoop-ozone/integration-test/target/test-dir/MiniOzoneClusterImpl-60bdcf22-3eb0-4011-b7cb-43d16866ba5a/datanode-0/data/ratis/4652f909-a2b1-4d8e-9716-05a9782dd737 has been successfully formatted.
2019-09-10 22:12:52,050 [pool-7-thread-2] INFO  commands.RetriableDatanodeEventWatcher (RetriableDatanodeEventWatcher.java:onTimeout(47)) - RetriableDatanodeCommand type=deleteBlocksCommand with id=1568153559814 timed out. Retrying.
2019-09-10 22:12:52,056 [pool-7-thread-12] INFO  commands.RetriableDatanodeEventWatcher (RetriableDatanodeEventWatcher.java:onTimeout(47)) - RetriableDatanodeCommand type=deleteBlocksCommand with id=1568153559804 timed out. Retrying.
2019-09-10 22:12:52,056 [pool-7-thread-6] INFO  commands.RetriableDatanodeEventWatcher (RetriableDatanodeEventWatcher.java:onTimeout(47)) - RetriableDatanodeCommand type=deleteBlocksCommand with id=1568153559840 timed out. Retrying.
2019-09-10 22:12:52,056 [pool-7-thread-10] INFO  commands.RetriableDatanodeEventWatcher (RetriableDatanodeEventWatcher.java:onTimeout(47)) - RetriableDatanodeCommand type=deleteBlocksCommand with id=1568153559754 timed out. Retrying.
2019-09-10 22:12:52,057 [pool-592-thread-1] INFO  ratis.ContainerStateMachine (RetriableDatanodeEventWatcher.java:onTimeout(47)) - RetriableDatanodeCommand type=deleteBlocksCommand with id=1568153559774 timed out. Retrying.
ContainerStateMachine.java:loadSnapshot(227)) - group-05A9782DD737: The snapshot info is null. Setting the last applied indexto:(t:0, i:~)
2019-09-10 22:12:52,057 [SCMBlockDeletingService#1] DEBUG block.SCMBlockDeletingService (SCMBlockDeletingService.java:call(155)) - Scanned deleted blocks log and got 3 delTX to process.
2019-09-10 22:12:52,056 [pool-7-thread-9] INFO  commands.RetriableDatanodeEventWatcher (RetriableDatanodeEventWatcher.java:onTimeout(47)) - RetriableDatanodeCommand type=deleteBlocksCommand with id=1568153559774 timed out. Retrying.
2019-09-10 22:12:52,064 [pool-7-thread-8] INFO  commands.RetriableDatanodeEventWatcher (ConfUtils.java:logGet(43)) - raft.server.leader.election.timeout = 120s (custom)
2019-09-10 22:12:52,064 [pool-7-thread-8] INFO  commands.RetriableDatanodeEventWatcher (RetriableDatanodeEventWatcher.java:onTimeout(47)) - RetriableDatanodeCommand type=deleteBlocksCommand with id=1568153559764 timed out. Retrying.
2019-09-10 22:12:52,064 [pool-7-thread-7] INFO  commands.RetriableDatanodeEventWatcher (SCMBlockDeletingService.java:call(171)) - Added delete block command for datanode ed5d81fa-aaf0-49db-aa57-acca1dd387bd in the queue, number of delete block transactions: 3, TxID list: 1,2,3
2019-09-10 22:12:52,064 [pool-592-thread-1] INFO  server.RaftServerConfigKeys (RetriableDatanodeEventWatcher.java:onTimeout(47)) - RetriableDatanodeCommand type=deleteBlocksCommand with id=1568153559850 timed out. Retrying.
ConfUtils.java:logGet(43)) - raft.server.log.use.memory = false (default)
2019-09-10 22:12:52,064 [pool-7-thread-7] INFO  commands.RetriableDatanodeEventWatcher (RetriableDatanodeEventWatcher.java:onTimeout(47)) - RetriableDatanodeCommand type=deleteBlocksCommand with id=1568153559850 timed out. Retrying.
2019-09-10 22:12:52,065 [pool-592-thread-1] INFO  server.RaftServerConfigKeys (RetriableDatanodeEventWatcher.java:onTimeout(47)) - RetriableDatanodeCommand type=deleteBlocksCommand with id=1568153559860 timed out. Retrying.
ConfUtils.java:logGet(43)) - raft.server.log.purge.gap = 1000000 (custom)
2019-09-10 22:12:52,065 [SCMBlockDeletingService#1] INFO  block.SCMBlockDeletingService (SCMBlockDeletingService.java:call(182)) - Totally added 3 delete blocks command for 1 datanodes, task elapsed time: 15ms
2019-09-10 22:12:52,065 [pool-7-thread-5] INFO  commands.RetriableDatanodeEventWatcher (RetriableDatanodeEventWatcher.java:onTimeout(47)) - RetriableDatanodeCommand type=deleteBlocksCommand with id=1568153559860 timed out. Retrying.
2019-09-10 22:12:52,065 [pool-7-thread-4] INFO  commands.RetriableDatanodeEventWatcher (ConfUtils.java:logGet(43)) - raft.server.log.appender.buffer.byte-limit = 33554432 (custom)
2019-09-10 22:12:52,065 [pool-7-thread-4] INFO  commands.RetriableDatanodeEventWatcher (RetriableDatanodeEventWatcher.java:onTimeout(47)) - RetriableDatanodeCommand type=deleteBlocksCommand with id=1568153559823 timed out. Retrying.
INFO  server.RaftServerConfigKeys (2019-09-10 22:12:52,066 [pool-7-thread-1] INFO  commands.RetriableDatanodeEventWatcher (RetriableDatanodeEventWatcher.java:onTimeout(47)) - RetriableDatanodeCommand type=deleteBlocksCommand with id=1568153559813 timed out. Retrying.
ConfUtils.java:logGet(43)) - raft.server.log.segment.size.max = 1048576 (custom)
2019-09-10 22:12:52,066 [pool-7-thread-1] INFO  commands.RetriableDatanodeEventWatcher (RetriableDatanodeEventWatcher.java:onTimeout(47)) - RetriableDatanodeCommand type=deleteBlocksCommand with id=1568153559813 timed out. Retrying.
2019-09-10 22:12:52,066 [pool-7-thread-3] INFO  commands.RetriableDatanodeEventWatcher (RetriableDatanodeEventWatcher.java:onTimeout(47)) - RetriableDatanodeCommand type=deleteBlocksCommand with id=1568153559833 timed out. Retrying.
ConfUtils.java:logGet(43)) - raft.server.log.segment.cache.num.max = 2 (custom)
2019-09-10 22:12:52,066 [pool-7-thread-3] INFO  commands.RetriableDatanodeEventWatcher (RetriableDatanodeEventWatcher.java:onTimeout(47)) - RetriableDatanodeCommand type=deleteBlocksCommand with id=1568153559833 timed out. Retrying.
2019-09-10 22:12:52,066 [pool-7-thread-1] INFO  commands.RetriableDatanodeEventWatcher (SegmentedRaftLogWorker.java:<init>(172)) - new ed5d81fa-aaf0-49db-aa57-acca1dd387bd-SegmentedRaftLogWorker:Storage Directory /workdir/hadoop-ozone/integration-test/target/test-dir/MiniOzoneClusterImpl-60bdcf22-3eb0-4011-b7cb-43d16866ba5a/datanode-0/data/ratis/4652f909-a2b1-4d8e-9716-05a9782dd737 for RaftStorage:Storage Directory /workdir/hadoop-ozone/integration-test/target/test-dir/MiniOzoneClusterImpl-60bdcf22-3eb0-4011-b7cb-43d16866ba5a/datanode-0/data/ratis/4652f909-a2b1-4d8e-9716-05a9782dd737
2019-09-10 22:12:52,066 [pool-7-thread-1] INFO  commands.RetriableDatanodeEventWatcher (RetriableDatanodeEventWatcher.java:onTimeout(47)) - RetriableDatanodeCommand type=deleteBlocksCommand with id=1568153559851 timed out. Retrying.
2019-09-10 22:12:52,066 [pool-592-thread-1] INFO  server.RaftServerConfigKeys (RetriableDatanodeEventWatcher.java:onTimeout(47)) - RetriableDatanodeCommand type=deleteBlocksCommand with id=1568153559824 timed out. Retrying.
ConfUtils.java:logGet(43)) - raft.server.log.queue.byte-limit = 2147483647 (custom)
2019-09-10 22:12:52,066 [pool-7-thread-7] INFO  commands.RetriableDatanodeEventWatcher (RetriableDatanodeEventWatcher.java:onTimeout(47)) - RetriableDatanodeCommand type=deleteBlocksCommand with id=1568153559824 timed out. Retrying.
2019-09-10 22:12:52,067 [pool-7-thread-8] INFO  commands.RetriableDatanodeEventWatcher (RetriableDatanodeEventWatcher.java:onTimeout(47)) - RetriableDatanodeCommand type=deleteBlocksCommand with id=1568153559755 timed out. Retrying.
ConfUtils.java:logGet(43)) - raft.server.log.queue.element-limit = 1024 (custom)
2019-09-10 22:12:52,067 [pool-7-thread-8] INFO  commands.RetriableDatanodeEventWatcher (RetriableDatanodeEventWatcher.java:onTimeout(47)) - RetriableDatanodeCommand type=deleteBlocksCommand with id=1568153559755 timed out. Retrying.
2019-09-10 22:12:52,068 [pool-592-thread-1] INFO  server.RaftServerConfigKeys (RetriableDatanodeEventWatcher.java:onTimeout(47)) - RetriableDatanodeCommand type=deleteBlocksCommand with id=1568153559841 timed out. Retrying.
ConfUtils.java:logGet(43)) - raft.server.log.segment.size.max = 1048576 (custom)
2019-09-10 22:12:52,068 [pool-7-thread-10] INFO  commands.RetriableDatanodeEventWatcher (RetriableDatanodeEventWatcher.java:onTimeout(47)) - RetriableDatanodeCommand type=deleteBlocksCommand with id=1568153559841 timed out. Retrying.
2019-09-10 22:12:52,068 [pool-7-thread-13] INFO  commands.RetriableDatanodeEventWatcher (ConfUtils.java:logGet(43)) - raft.server.log.preallocated.size = 16384 (custom)
2019-09-10 22:12:52,068 [pool-7-thread-13] INFO  commands.RetriableDatanodeEventWatcher (RetriableDatanodeEventWatcher.java:onTimeout(47)) - RetriableDatanodeCommand type=deleteBlocksCommand with id=1568153559784 timed out. Retrying.
raft.server.log.write.buffer.size = 33554432 (custom)
2019-09-10 22:12:52,068 [pool-592-thread-1] INFO  server.RaftServerConfigKeys (RetriableDatanodeEventWatcher.java:onTimeout(47)) - RetriableDatanodeCommand type=deleteBlocksCommand with id=1568153559794 timed out. Retrying.
ConfUtils.java:logGet(43)) - raft.server.log.force.sync.num = 128 (default)
2019-09-10 22:12:52,068 [pool-7-thread-11] INFO  commands.RetriableDatanodeEventWatcher (RetriableDatanodeEventWatcher.java:onTimeout(47)) - RetriableDatanodeCommand type=deleteBlocksCommand with id=1568153559794 timed out. Retrying.
2019-09-10 22:12:52,069 [pool-592-thread-1] INFO  server.RaftServerConfigKeys (ConfUtils.java:logGet(43)) - raft.server.log.statemachine.data.sync = true (default)
2019-09-10 22:12:52,069 [pool-592-thread-1] INFO  server.RaftServerConfigKeys (ConfUtils.java:logGet(43)) - raft.server.log.statemachine.data.sync.timeout = 10s (default)
2019-09-10 22:12:52,069 [pool-592-thread-1] INFO  server.RaftServerConfigKeys (ConfUtils.java:logGet(43)) - raft.server.log.statemachine.data.sync.timeout.retry = -1 (default)
2019-09-10 22:12:52,069 [pool-592-thread-1] INFO  server.RaftServerConfigKeys (ConfUtils.java:logGet(43)) - raft.server.log.statemachine.data.caching.enabled = true (custom)
2019-09-10 22:12:52,070 [pool-592-thread-1] INFO  segmented.SegmentedRaftLogWorker (SegmentedRaftLogWorker.java:lambda$new$0(132)) - ed5d81fa-aaf0-49db-aa57-acca1dd387bd-SegmentedRaftLogWorker:Storage Directory /workdir/hadoop-ozone/integration-test/target/test-dir/MiniOzoneClusterImpl-60bdcf22-3eb0-4011-b7cb-43d16866ba5a/datanode-0/data/ratis/4652f909-a2b1-4d8e-9716-05a9782dd737: flushIndex: setUnconditionally 0 -> -1
2019-09-10 22:12:52,071 [pool-592-thread-1] INFO  server.RaftServerConfigKeys (ConfUtils.java:logGet(43)) - raft.server.snapshot.auto.trigger.enabled = true (custom)
2019-09-10 22:12:52,071 [pool-592-thread-1] INFO  server.RaftServerConfigKeys (ConfUtils.java:logGet(43)) - raft.server.snapshot.auto.trigger.threshold = 10000 (custom)
2019-09-10 22:12:52,071 [pool-592-thread-1] INFO  server.RaftServerConfigKeys (ConfUtils.java:logGet(43)) - raft.server.retrycache.expirytime = 600000ms (custom)
2019-09-10 22:12:52,072 [pool-592-thread-1] INFO  impl.RaftServerImpl (RaftServerImpl.java:start(180)) - ed5d81fa-aaf0-49db-aa57-acca1dd387bd: start group-05A9782DD737
2019-09-10 22:12:52,072 [pool-592-thread-1] INFO  impl.RaftServerImpl (RaftServerImpl.java:setRole(171)) - ed5d81fa-aaf0-49db-aa57-acca1dd387bd:group-05A9782DD737 changes role from null to FOLLOWER at term 0 for startAsFollower
2019-09-10 22:12:52,072 [pool-592-thread-1] INFO  impl.RoleInfo (RoleInfo.java:updateAndGet(143)) - ed5d81fa-aaf0-49db-aa57-acca1dd387bd: start FollowerState
2019-09-10 22:12:52,073 [pool-592-thread-1] INFO  util.JmxRegister (JmxRegister.java:tryRegister(44)) - Successfully registered JMX Bean with object name Ratis:service=RaftServer,group=group-05A9782DD737,id=ed5d81fa-aaf0-49db-aa57-acca1dd387bd
2019-09-10 22:12:52,081 [pool-7-thread-11] INFO  commands.RetriableDatanodeEventWatcher (RetriableDatanodeEventWatcher.java:onTimeout(47)) - RetriableDatanodeCommand type=deleteBlocksCommand with id=1568153559765 timed out. Retrying.
2019-09-10 22:12:52,081 [pool-7-thread-11] INFO  commands.RetriableDatanodeEventWatcher (RetriableDatanodeEventWatcher.java:onTimeout(47)) - RetriableDatanodeCommand type=deleteBlocksCommand with id=1568153559861 timed out. Retrying.
2019-09-10 22:12:52,085 [RatisPipelineUtilsThread] INFO  pipeline.PipelineStateManager (PipelineStateManager.java:addPipeline(56)) - Created pipeline Pipeline[ Id: 4652f909-a2b1-4d8e-9716-05a9782dd737, Nodes: ed5d81fa-aaf0-49db-aa57-acca1dd387bd{ip: 192.168.157.245, host: pr-hdds-2007-wqvw6-2944049611, networkLocation: /default-rack, certSerialId: null}, Type:RATIS, Factor:ONE, State:OPEN]
2019-09-10 22:12:52,090 [pool-7-thread-11] INFO  commands.RetriableDatanodeEventWatcher (RetriableDatanodeEventWatcher.java:onTimeout(47)) - RetriableDatanodeCommand type=deleteBlocksCommand with id=1568153559775 timed out. Retrying.
2019-09-10 22:12:52,102 [pool-7-thread-11] INFO  commands.RetriableDatanodeEventWatcher (RetriableDatanodeEventWatcher.java:onTimeout(47)) - RetriableDatanodeCommand type=deleteBlocksCommand with id=1568153559785 timed out. Retrying.
2019-09-10 22:12:52,116 [pool-7-thread-11] INFO  commands.RetriableDatanodeEventWatcher (RetriableDatanodeEventWatcher.java:onTimeout(47)) - RetriableDatanodeCommand type=deleteBlocksCommand with id=1568153559795 timed out. Retrying.
2019-09-10 22:12:52,135 [pool-7-thread-11] INFO  commands.RetriableDatanodeEventWatcher (RetriableDatanodeEventWatcher.java:onTimeout(47)) - RetriableDatanodeCommand type=deleteBlocksCommand with id=1568153559805 timed out. Retrying.
2019-09-10 22:12:52,147 [pool-7-thread-11] INFO  commands.RetriableDatanodeEventWatcher (RetriableDatanodeEventWatcher.java:onTimeout(47)) - RetriableDatanodeCommand type=deleteBlocksCommand with id=1568153559815 timed out. Retrying.
2019-09-10 22:12:52,156 [pool-7-thread-11] INFO  commands.RetriableDatanodeEventWatcher (RetriableDatanodeEventWatcher.java:onTimeout(47)) - RetriableDatanodeCommand type=deleteBlocksCommand with id=1568153559842 timed out. Retrying.
2019-09-10 22:12:52,164 [pool-7-thread-11] INFO  commands.RetriableDatanodeEventWatcher (RetriableDatanodeEventWatcher.java:onTimeout(47)) - RetriableDatanodeCommand type=deleteBlocksCommand with id=1568153559825 timed out. Retrying.
2019-09-10 22:12:52,165 [pool-7-thread-13] INFO  commands.RetriableDatanodeEventWatcher (RetriableDatanodeEventWatcher.java:onTimeout(47)) - RetriableDatanodeCommand type=deleteBlocksCommand with id=1568153559756 timed out. Retrying.
2019-09-10 22:12:52,165 [SCMBlockDeletingService#1] DEBUG block.SCMBlockDeletingService (SCMBlockDeletingService.java:call(138)) - Running DeletedBlockTransactionScanner
2019-09-10 22:12:52,166 [SCMBlockDeletingService#1] DEBUG block.SCMBlockDeletingService (SCMBlockDeletingService.java:call(155)) - Scanned deleted blocks log and got 3 delTX to process.
2019-09-10 22:12:52,166 [SCMBlockDeletingService#1] DEBUG block.SCMBlockDeletingService (SCMBlockDeletingService.java:call(171)) - Added delete block command for datanode ed5d81fa-aaf0-49db-aa57-acca1dd387bd in the queue, number of delete block transactions: 3, TxID list: 1,2,3
2019-09-10 22:12:52,167 [SCMBlockDeletingService#1] INFO  block.SCMBlockDeletingService (SCMBlockDeletingService.java:call(182)) - Totally added 3 delete blocks command for 1 datanodes, task elapsed time: 1ms
2019-09-10 22:12:52,168 [pool-7-thread-13] INFO  commands.RetriableDatanodeEventWatcher (RetriableDatanodeEventWatcher.java:onTimeout(47)) - RetriableDatanodeCommand type=deleteBlocksCommand with id=1568153559852 timed out. Retrying.
2019-09-10 22:12:52,179 [pool-7-thread-13] INFO  commands.RetriableDatanodeEventWatcher (RetriableDatanodeEventWatcher.java:onTimeout(47)) - RetriableDatanodeCommand type=deleteBlocksCommand with id=1568153559766 timed out. Retrying.
2019-09-10 22:12:52,182 [pool-7-thread-13] INFO  commands.RetriableDatanodeEventWatcher (RetriableDatanodeEventWatcher.java:onTimeout(47)) - RetriableDatanodeCommand type=deleteBlocksCommand with id=1568153559862 timed out. Retrying.
2019-09-10 22:12:52,193 [pool-7-thread-13] INFO  commands.RetriableDatanodeEventWatcher (RetriableDatanodeEventWatcher.java:onTimeout(47)) - RetriableDatanodeCommand type=deleteBlocksCommand with id=1568153559776 timed out. Retrying.
2019-09-10 22:12:52,201 [pool-7-thread-13] INFO  commands.RetriableDatanodeEventWatcher (RetriableDatanodeEventWatcher.java:onTimeout(47)) - RetriableDatanodeCommand type=deleteBlocksCommand with id=1568153559786 timed out. Retrying.
2019-09-10 22:12:52,219 [pool-7-thread-13] INFO  commands.RetriableDatanodeEventWatcher (RetriableDatanodeEventWatcher.java:onTimeout(47)) - RetriableDatanodeCommand type=deleteBlocksCommand with id=1568153559796 timed out. Retrying.
2019-09-10 22:12:52,236 [pool-7-thread-13] INFO  commands.RetriableDatanodeEventWatcher (RetriableDatanodeEventWatcher.java:onTimeout(47)) - RetriableDatanodeCommand type=deleteBlocksCommand with id=1568153559806 timed out. Retrying.
2019-09-10 22:12:52,254 [pool-7-thread-13] INFO  commands.RetriableDatanodeEventWatcher (RetriableDatanodeEventWatcher.java:onTimeout(47)) - RetriableDatanodeCommand type=deleteBlocksCommand with id=1568153559816 timed out. Retrying.
2019-09-10 22:12:52,256 [pool-7-thread-13] INFO  commands.RetriableDatanodeEventWatcher (RetriableDatanodeEventWatcher.java:onTimeout(47)) - RetriableDatanodeCommand type=deleteBlocksCommand with id=1568153559843 timed out. Retrying.
2019-09-10 22:12:52,267 [SCMBlockDeletingService#1] DEBUG block.SCMBlockDeletingService (SCMBlockDeletingService.java:call(138)) - Running DeletedBlockTransactionScanner
2019-09-10 22:12:52,267 [SCMBlockDeletingService#1] DEBUG block.SCMBlockDeletingService (SCMBlockDeletingService.java:call(155)) - Scanned deleted blocks log and got 3 delTX to process.
2019-09-10 22:12:52,268 [SCMBlockDeletingService#1] DEBUG block.SCMBlockDeletingService (SCMBlockDeletingService.java:call(171)) - Added delete block command for datanode ed5d81fa-aaf0-49db-aa57-acca1dd387bd in the queue, number of delete block transactions: 3, TxID list: 1,2,3
2019-09-10 22:12:52,268 [SCMBlockDeletingService#1] INFO  block.SCMBlockDeletingService (SCMBlockDeletingService.java:call(182)) - Totally added 3 delete blocks command for 1 datanodes, task elapsed time: 2ms
2019-09-10 22:12:52,271 [pool-7-thread-13] INFO  commands.RetriableDatanodeEventWatcher (RetriableDatanodeEventWatcher.java:onTimeout(47)) - RetriableDatanodeCommand type=deleteBlocksCommand with id=1568153559826 timed out. Retrying.
2019-09-10 22:12:52,271 [pool-7-thread-13] INFO  commands.RetriableDatanodeEventWatcher (RetriableDatanodeEventWatcher.java:onTimeout(47)) - RetriableDatanodeCommand type=deleteBlocksCommand with id=1568153559853 timed out. Retrying.
2019-09-10 22:12:52,271 [pool-7-thread-11] INFO  commands.RetriableDatanodeEventWatcher (RetriableDatanodeEventWatcher.java:onTimeout(47)) - RetriableDatanodeCommand type=deleteBlocksCommand with id=1568153559757 timed out. Retrying.
2019-09-10 22:12:52,280 [pool-7-thread-11] INFO  commands.RetriableDatanodeEventWatcher (RetriableDatanodeEventWatcher.java:onTimeout(47)) - RetriableDatanodeCommand type=deleteBlocksCommand with id=1568153559767 timed out. Retrying.
2019-09-10 22:12:52,284 [pool-7-thread-11] INFO  commands.RetriableDatanodeEventWatcher (RetriableDatanodeEventWatcher.java:onTimeout(47)) - RetriableDatanodeCommand type=deleteBlocksCommand with id=1568153559863 timed out. Retrying.
2019-09-10 22:12:52,292 [pool-7-thread-11] INFO  commands.RetriableDatanodeEventWatcher (RetriableDatanodeEventWatcher.java:onTimeout(47)) - RetriableDatanodeCommand type=deleteBlocksCommand with id=1568153559777 timed out. Retrying.
2019-09-10 22:12:52,301 [pool-7-thread-11] INFO  commands.RetriableDatanodeEventWatcher (RetriableDatanodeEventWatcher.java:onTimeout(47)) - RetriableDatanodeCommand type=deleteBlocksCommand with id=1568153559787 timed out. Retrying.
2019-09-10 22:12:52,321 [pool-7-thread-11] INFO  commands.RetriableDatanodeEventWatcher (RetriableDatanodeEventWatcher.java:onTimeout(47)) - RetriableDatanodeCommand type=deleteBlocksCommand with id=1568153559797 timed out. Retrying.
2019-09-10 22:12:52,337 [pool-7-thread-11] INFO  commands.RetriableDatanodeEventWatcher (RetriableDatanodeEventWatcher.java:onTimeout(47)) - RetriableDatanodeCommand type=deleteBlocksCommand with id=1568153559807 timed out. Retrying.
2019-09-10 22:12:52,343 [pool-7-thread-11] INFO  commands.RetriableDatanodeEventWatcher (RetriableDatanodeEventWatcher.java:onTimeout(47)) - RetriableDatanodeCommand type=deleteBlocksCommand with id=1568153559834 timed out. Retrying.
2019-09-10 22:12:52,354 [pool-7-thread-11] INFO  commands.RetriableDatanodeEventWatcher (RetriableDatanodeEventWatcher.java:onTimeout(47)) - RetriableDatanodeCommand type=deleteBlocksCommand with id=1568153559817 timed out. Retrying.
2019-09-10 22:12:52,359 [pool-7-thread-11] INFO  commands.RetriableDatanodeEventWatcher (RetriableDatanodeEventWatcher.java:onTimeout(47)) - RetriableDatanodeCommand type=deleteBlocksCommand with id=1568153559844 timed out. Retrying.
2019-09-10 22:12:52,368 [pool-7-thread-11] INFO  commands.RetriableDatanodeEventWatcher (RetriableDatanodeEventWatcher.java:onTimeout(47)) - RetriableDatanodeCommand type=deleteBlocksCommand with id=1568153559827 timed out. Retrying.
SCMBlockDeletingService.java:call(138)) - Running DeletedBlockTransactionScanner
2019-09-10 22:12:52,368 [pool-7-thread-11] INFO  commands.RetriableDatanodeEventWatcher (RetriableDatanodeEventWatcher.java:onTimeout(47)) - RetriableDatanodeCommand type=deleteBlocksCommand with id=1568153559827 timed out. Retrying.
2019-09-10 22:12:52,369 [pool-7-thread-13] INFO  commands.RetriableDatanodeEventWatcher (RetriableDatanodeEventWatcher.java:onTimeout(47)) - RetriableDatanodeCommand type=deleteBlocksCommand with id=1568153559758 timed out. Retrying.
2019-09-10 22:12:52,369 [SCMBlockDeletingService#1] DEBUG block.SCMBlockDeletingService (SCMBlockDeletingService.java:call(155)) - Scanned deleted blocks log and got 3 delTX to process.
2019-09-10 22:12:52,369 [SCMBlockDeletingService#1] DEBUG block.SCMBlockDeletingService (SCMBlockDeletingService.java:call(171)) - Added delete block command for datanode ed5d81fa-aaf0-49db-aa57-acca1dd387bd in the queue, number of delete block transactions: 3, TxID list: 1,2,3
2019-09-10 22:12:52,369 [SCMBlockDeletingService#1] INFO  block.SCMBlockDeletingService (SCMBlockDeletingService.java:call(182)) - Totally added 3 delete blocks command for 1 datanodes, task elapsed time: 1ms
2019-09-10 22:12:52,370 [pool-7-thread-13] INFO  commands.RetriableDatanodeEventWatcher (RetriableDatanodeEventWatcher.java:onTimeout(47)) - RetriableDatanodeCommand type=deleteBlocksCommand with id=1568153559854 timed out. Retrying.
2019-09-10 22:12:52,381 [pool-7-thread-13] INFO  commands.RetriableDatanodeEventWatcher (RetriableDatanodeEventWatcher.java:onTimeout(47)) - RetriableDatanodeCommand type=deleteBlocksCommand with id=1568153559768 timed out. Retrying.
2019-09-10 22:12:52,385 [pool-7-thread-13] INFO  commands.RetriableDatanodeEventWatcher (RetriableDatanodeEventWatcher.java:onTimeout(47)) - RetriableDatanodeCommand type=deleteBlocksCommand with id=1568153559864 timed out. Retrying.
2019-09-10 22:12:52,394 [pool-7-thread-13] INFO  commands.RetriableDatanodeEventWatcher (RetriableDatanodeEventWatcher.java:onTimeout(47)) - RetriableDatanodeCommand type=deleteBlocksCommand with id=1568153559778 timed out. Retrying.
2019-09-10 22:12:52,405 [pool-7-thread-13] INFO  commands.RetriableDatanodeEventWatcher (RetriableDatanodeEventWatcher.java:onTimeout(47)) - RetriableDatanodeCommand type=deleteBlocksCommand with id=1568153559788 timed out. Retrying.
2019-09-10 22:12:52,425 [pool-7-thread-13] INFO  commands.RetriableDatanodeEventWatcher (RetriableDatanodeEventWatcher.java:onTimeout(47)) - RetriableDatanodeCommand type=deleteBlocksCommand with id=1568153559798 timed out. Retrying.
2019-09-10 22:12:52,440 [pool-7-thread-13] INFO  commands.RetriableDatanodeEventWatcher (RetriableDatanodeEventWatcher.java:onTimeout(47)) - RetriableDatanodeCommand type=deleteBlocksCommand with id=1568153559808 timed out. Retrying.
2019-09-10 22:12:52,444 [pool-7-thread-13] INFO  commands.RetriableDatanodeEventWatcher (RetriableDatanodeEventWatcher.java:onTimeout(47)) - RetriableDatanodeCommand type=deleteBlocksCommand with id=1568153559835 timed out. Retrying.
2019-09-10 22:12:52,455 [pool-7-thread-13] INFO  commands.RetriableDatanodeEventWatcher (RetriableDatanodeEventWatcher.java:onTimeout(47)) - RetriableDatanodeCommand type=deleteBlocksCommand with id=1568153559818 timed out. Retrying.
2019-09-10 22:12:52,459 [pool-7-thread-13] INFO  commands.RetriableDatanodeEventWatcher (RetriableDatanodeEventWatcher.java:onTimeout(47)) - RetriableDatanodeCommand type=deleteBlocksCommand with id=1568153559845 timed out. Retrying.
2019-09-10 22:12:52,469 [pool-7-thread-13] INFO  commands.RetriableDatanodeEventWatcher (RetriableDatanodeEventWatcher.java:onTimeout(47)) - RetriableDatanodeCommand type=deleteBlocksCommand with id=1568153559759 timed out. Retrying.
2019-09-10 22:12:52,470 [SCMBlockDeletingService#1] DEBUG block.SCMBlockDeletingService (SCMBlockDeletingService.java:call(138)) - Running DeletedBlockTransactionScanner
2019-09-10 22:12:52,470 [pool-7-thread-13] INFO  commands.RetriableDatanodeEventWatcher (RetriableDatanodeEventWatcher.java:onTimeout(47)) - RetriableDatanodeCommand type=deleteBlocksCommand with id=1568153559828 timed out. Retrying.
2019-09-10 22:12:52,470 [SCMBlockDeletingService#1] DEBUG block.SCMBlockDeletingService (SCMBlockDeletingService.java:call(155)) - Scanned deleted blocks log and got 3 delTX to process.
2019-09-10 22:12:52,471 [SCMBlockDeletingService#1] DEBUG block.SCMBlockDeletingService (SCMBlockDeletingService.java:call(171)) - Added delete block command for datanode ed5d81fa-aaf0-49db-aa57-acca1dd387bd in the queue, number of delete block transactions: 3, TxID list: 1,2,3
2019-09-10 22:12:52,471 [SCMBlockDeletingService#1] INFO  block.SCMBlockDeletingService (SCMBlockDeletingService.java:call(182)) - Totally added 3 delete blocks command for 1 datanodes, task elapsed time: 2ms
2019-09-10 22:12:52,473 [pool-7-thread-13] INFO  commands.RetriableDatanodeEventWatcher (RetriableDatanodeEventWatcher.java:onTimeout(47)) - RetriableDatanodeCommand type=deleteBlocksCommand with id=1568153559855 timed out. Retrying.
2019-09-10 22:12:52,483 [pool-7-thread-13] INFO  commands.RetriableDatanodeEventWatcher (RetriableDatanodeEventWatcher.java:onTimeout(47)) - RetriableDatanodeCommand type=deleteBlocksCommand with id=1568153559769 timed out. Retrying.
2019-09-10 22:12:52,487 [main] INFO  ozone.MiniOzoneClusterImpl (MiniOzoneClusterImpl.java:lambda$waitForClusterToBeReady$0(140)) - Cluster is ready. Got 1 of 1 DN Heartbeats.
2019-09-10 22:12:52,488 [pool-7-thread-13] INFO  commands.RetriableDatanodeEventWatcher (RetriableDatanodeEventWatcher.java:onTimeout(47)) - RetriableDatanodeCommand type=deleteBlocksCommand with id=1568153559865 timed out. Retrying.
2019-09-10 22:12:52,491 [Datanode State Machine Thread - 0] ERROR statemachine.EndpointStateMachine (EndpointStateMachine.java:logIfNeeded(204)) - Unable to communicate to SCM server at 0.0.0.0:46662 for past 0 seconds.
java.net.SocketTimeoutException: Call From pr-hdds-2007-wqvw6-2944049611/192.168.157.245 to 0.0.0.0:46662 failed on socket timeout exception: java.net.SocketTimeoutException: 1000 millis timeout while waiting for channel to be ready for read. ch : java.nio.channels.SocketChannel[connected local=/192.168.157.245:36240 remote=/0.0.0.0:46662]; For more details see:  http://wiki.apache.org/hadoop/SocketTimeout
	at sun.reflect.NativeConstructorAccessorImpl.newInstance0(Native Method)
	at sun.reflect.NativeConstructorAccessorImpl.newInstance(NativeConstructorAccessorImpl.java:62)
	at sun.reflect.DelegatingConstructorAccessorImpl.newInstance(DelegatingConstructorAccessorImpl.java:45)
	at java.lang.reflect.Constructor.newInstance(Constructor.java:423)
	at org.apache.hadoop.net.NetUtils.wrapWithMessage(NetUtils.java:831)
	at org.apache.hadoop.net.NetUtils.wrapException(NetUtils.java:775)
	at org.apache.hadoop.ipc.Client.getRpcResponse(Client.java:1515)
	at org.apache.hadoop.ipc.Client.call(Client.java:1457)
	at org.apache.hadoop.ipc.Client.call(Client.java:1367)
	at org.apache.hadoop.ipc.ProtobufRpcEngine$Invoker.invoke(ProtobufRpcEngine.java:228)
	at org.apache.hadoop.ipc.ProtobufRpcEngine$Invoker.invoke(ProtobufRpcEngine.java:116)
	at com.sun.proxy.$Proxy32.sendHeartbeat(Unknown Source)
	at org.apache.hadoop.ozone.protocolPB.StorageContainerDatanodeProtocolClientSideTranslatorPB.sendHeartbeat(StorageContainerDatanodeProtocolClientSideTranslatorPB.java:131)
	at org.apache.hadoop.ozone.container.common.states.endpoint.HeartbeatEndpointTask.call(HeartbeatEndpointTask.java:143)
	at org.apache.hadoop.ozone.container.common.states.endpoint.HeartbeatEndpointTask.call(HeartbeatEndpointTask.java:74)
	at java.util.concurrent.FutureTask.run(FutureTask.java:266)
	at java.util.concurrent.Executors$RunnableAdapter.call(Executors.java:511)
	at java.util.concurrent.FutureTask.run(FutureTask.java:266)
	at java.util.concurrent.ThreadPoolExecutor.runWorker(ThreadPoolExecutor.java:1149)
	at java.util.concurrent.ThreadPoolExecutor$Worker.run(ThreadPoolExecutor.java:624)
	at java.lang.Thread.run(Thread.java:748)
Caused by: java.net.SocketTimeoutException: 1000 millis timeout while waiting for channel to be ready for read. ch : java.nio.channels.SocketChannel[connected local=/192.168.157.245:36240 remote=/0.0.0.0:46662]
	at org.apache.hadoop.net.SocketIOWithTimeout.doIO(SocketIOWithTimeout.java:164)
	at org.apache.hadoop.net.SocketInputStream.read(SocketInputStream.java:161)
	at org.apache.hadoop.net.SocketInputStream.read(SocketInputStream.java:131)
	at java.io.FilterInputStream.read(FilterInputStream.java:133)
	at java.io.BufferedInputStream.fill(BufferedInputStream.java:246)
	at java.io.BufferedInputStream.read(BufferedInputStream.java:265)
	at java.io.FilterInputStream.read(FilterInputStream.java:83)
	at java.io.FilterInputStream.read(FilterInputStream.java:83)
	at org.apache.hadoop.ipc.Client$Connection$PingInputStream.read(Client.java:557)
	at java.io.DataInputStream.readInt(DataInputStream.java:387)
	at org.apache.hadoop.ipc.Client$IpcStreams.readResponse(Client.java:1816)
	at org.apache.hadoop.ipc.Client$Connection.receiveRpcResponse(Client.java:1173)
	at org.apache.hadoop.ipc.Client$Connection.run(Client.java:1069)
2019-09-10 22:12:52,495 [pool-7-thread-13] INFO  commands.RetriableDatanodeEventWatcher (RetriableDatanodeEventWatcher.java:onTimeout(47)) - RetriableDatanodeCommand type=deleteBlocksCommand with id=1568153559779 timed out. Retrying.
2019-09-10 22:12:52,503 [EventQueue-PendingDeleteStatusForPendingDeleteHandler] INFO  block.SCMBlockDeletingService (SCMBlockDeletingService.java:handlePendingDeletes(115)) - Block deletion txnID mismatch in datanode ed5d81fa-aaf0-49db-aa57-acca1dd387bd for containerID 1. Datanode delete txnID: 0, SCM txnID: 1
2019-09-10 22:12:52,503 [EventQueue-PendingDeleteStatusForPendingDeleteHandler] INFO  block.SCMBlockDeletingService (SCMBlockDeletingService.java:handlePendingDeletes(115)) - Block deletion txnID mismatch in datanode ed5d81fa-aaf0-49db-aa57-acca1dd387bd for containerID 2. Datanode delete txnID: 0, SCM txnID: 2
2019-09-10 22:12:52,504 [EventQueue-PendingDeleteStatusForPendingDeleteHandler] INFO  block.SCMBlockDeletingService (SCMBlockDeletingService.java:handlePendingDeletes(115)) - Block deletion txnID mismatch in datanode ed5d81fa-aaf0-49db-aa57-acca1dd387bd for containerID 3. Datanode delete txnID: 0, SCM txnID: 3
2019-09-10 22:12:52,509 [pool-7-thread-13] INFO  commands.RetriableDatanodeEventWatcher (RetriableDatanodeEventWatcher.java:onTimeout(47)) - RetriableDatanodeCommand type=deleteBlocksCommand with id=1568153559789 timed out. Retrying.
2019-09-10 22:12:52,521 [pool-7-thread-13] INFO  commands.RetriableDatanodeEventWatcher (RetriableDatanodeEventWatcher.java:onTimeout(47)) - RetriableDatanodeCommand type=deleteBlocksCommand with id=1568153559799 timed out. Retrying.
2019-09-10 22:12:52,541 [pool-7-thread-13] INFO  commands.RetriableDatanodeEventWatcher (RetriableDatanodeEventWatcher.java:onTimeout(47)) - RetriableDatanodeCommand type=deleteBlocksCommand with id=1568153559809 timed out. Retrying.
2019-09-10 22:12:52,546 [pool-7-thread-13] INFO  commands.RetriableDatanodeEventWatcher (RetriableDatanodeEventWatcher.java:onTimeout(47)) - RetriableDatanodeCommand type=deleteBlocksCommand with id=1568153559836 timed out. Retrying.
2019-09-10 22:12:52,557 [pool-7-thread-13] INFO  commands.RetriableDatanodeEventWatcher (RetriableDatanodeEventWatcher.java:onTimeout(47)) - RetriableDatanodeCommand type=deleteBlocksCommand with id=1568153559819 timed out. Retrying.
2019-09-10 22:12:52,561 [pool-7-thread-13] INFO  commands.RetriableDatanodeEventWatcher (RetriableDatanodeEventWatcher.java:onTimeout(47)) - RetriableDatanodeCommand type=deleteBlocksCommand with id=1568153559846 timed out. Retrying.
2019-09-10 22:12:52,571 [SCMBlockDeletingService#1] DEBUG block.SCMBlockDeletingService (SCMBlockDeletingService.java:call(138)) - Running DeletedBlockTransactionScanner
2019-09-10 22:12:52,572 [SCMBlockDeletingService#1] DEBUG block.SCMBlockDeletingService (SCMBlockDeletingService.java:call(155)) - Scanned deleted blocks log and got 3 delTX to process.
2019-09-10 22:12:52,572 [pool-7-thread-11] INFO  commands.RetriableDatanodeEventWatcher (SCMBlockDeletingService.java:call(171)) - Added delete block command for datanode ed5d81fa-aaf0-49db-aa57-acca1dd387bd in the queue, number of delete block transactions: 3, TxID list: 1,2,3
2019-09-10 22:12:52,572 [pool-7-thread-11] INFO  commands.RetriableDatanodeEventWatcher (RetriableDatanodeEventWatcher.java:onTimeout(47)) - RetriableDatanodeCommand type=deleteBlocksCommand with id=1568153559760 timed out. Retrying.
2019-09-10 22:12:52,573 [pool-7-thread-13] INFO  commands.RetriableDatanodeEventWatcher (RetriableDatanodeEventWatcher.java:onTimeout(47)) - RetriableDatanodeCommand type=deleteBlocksCommand with id=1568153559829 timed out. Retrying.
2019-09-10 22:12:52,573 [SCMBlockDeletingService#1] INFO  block.SCMBlockDeletingService (SCMBlockDeletingService.java:call(182)) - Totally added 3 delete blocks command for 1 datanodes, task elapsed time: 1ms
2019-09-10 22:12:52,574 [pool-7-thread-13] INFO  commands.RetriableDatanodeEventWatcher (RetriableDatanodeEventWatcher.java:onTimeout(47)) - RetriableDatanodeCommand type=deleteBlocksCommand with id=1568153559856 timed out. Retrying.
2019-09-10 22:12:52,586 [pool-7-thread-13] INFO  commands.RetriableDatanodeEventWatcher (RetriableDatanodeEventWatcher.java:onTimeout(47)) - RetriableDatanodeCommand type=deleteBlocksCommand with id=1568153559770 timed out. Retrying.
2019-09-10 22:12:52,588 [pool-7-thread-13] INFO  commands.RetriableDatanodeEventWatcher (RetriableDatanodeEventWatcher.java:onTimeout(47)) - RetriableDatanodeCommand type=deleteBlocksCommand with id=1568153559866 timed out. Retrying.
2019-09-10 22:12:52,663 [pool-7-thread-13] INFO  commands.RetriableDatanodeEventWatcher (RetriableDatanodeEventWatcher.java:onTimeout(47)) - RetriableDatanodeCommand type=deleteBlocksCommand with id=1568153559837 timed out. Retrying.
2019-09-10 22:12:52,663 [pool-7-thread-1] INFO  commands.RetriableDatanodeEventWatcher (RetriableDatanodeEventWatcher.java:onTimeout(47)) - RetriableDatanodeCommand type=deleteBlocksCommand with id=1568153559780 timed out. Retrying.
2019-09-10 22:12:52,664 [pool-7-thread-3] INFO  commands.RetriableDatanodeEventWatcher (RetriableDatanodeEventWatcher.java:onTimeout(47)) - RetriableDatanodeCommand type=deleteBlocksCommand with id=1568153559790 timed out. Retrying.
2019-09-10 22:12:52,664 [pool-7-thread-7] INFO  commands.RetriableDatanodeEventWatcher (RetriableDatanodeEventWatcher.java:onTimeout(47)) - RetriableDatanodeCommand type=deleteBlocksCommand with id=1568153559800 timed out. Retrying.
2019-09-10 22:12:52,664 [pool-7-thread-11] INFO  commands.RetriableDatanodeEventWatcher (RetriableDatanodeEventWatcher.java:onTimeout(47)) - RetriableDatanodeCommand type=deleteBlocksCommand with id=1568153559810 timed out. Retrying.
2019-09-10 22:12:52,665 [pool-7-thread-10] INFO  commands.RetriableDatanodeEventWatcher (RetriableDatanodeEventWatcher.java:onTimeout(47)) - RetriableDatanodeCommand type=deleteBlocksCommand with id=1568153559820 timed out. Retrying.
2019-09-10 22:12:52,665 [pool-7-thread-8] INFO  commands.RetriableDatanodeEventWatcher (RetriableDatanodeEventWatcher.java:onTimeout(47)) - RetriableDatanodeCommand type=deleteBlocksCommand with id=1568153559847 timed out. Retrying.
2019-09-10 22:12:52,672 [pool-7-thread-8] INFO  commands.RetriableDatanodeEventWatcher (RetriableDatanodeEventWatcher.java:onTimeout(47)) - RetriableDatanodeCommand type=deleteBlocksCommand with id=1568153559830 timed out. Retrying.
2019-09-10 22:12:52,673 [SCMBlockDeletingService#1] DEBUG block.SCMBlockDeletingService (SCMBlockDeletingService.java:call(138)) - Running DeletedBlockTransactionScanner
2019-09-10 22:12:52,674 [SCMBlockDeletingService#1] DEBUG block.SCMBlockDeletingService (SCMBlockDeletingService.java:call(155)) - Scanned deleted blocks log and got 3 delTX to process.
2019-09-10 22:12:52,674 [SCMBlockDeletingService#1] DEBUG block.SCMBlockDeletingService (SCMBlockDeletingService.java:call(171)) - Added delete block command for datanode ed5d81fa-aaf0-49db-aa57-acca1dd387bd in the queue, number of delete block transactions: 3, TxID list: 1,2,3
2019-09-10 22:12:52,674 [pool-7-thread-8] INFO  commands.RetriableDatanodeEventWatcher (RetriableDatanodeEventWatcher.java:onTimeout(47)) - RetriableDatanodeCommand type=deleteBlocksCommand with id=1568153559857 timed out. Retrying.
2019-09-10 22:12:52,674 [SCMBlockDeletingService#1] INFO  block.SCMBlockDeletingService (RetriableDatanodeEventWatcher.java:onTimeout(47)) - RetriableDatanodeCommand type=deleteBlocksCommand with id=1568153559761 timed out. Retrying.
SCMBlockDeletingService.java:call(182)) - Totally added 3 delete blocks command for 1 datanodes, task elapsed time: 1ms
2019-09-10 22:12:52,674 [pool-7-thread-10] INFO  commands.RetriableDatanodeEventWatcher (RetriableDatanodeEventWatcher.java:onTimeout(47)) - RetriableDatanodeCommand type=deleteBlocksCommand with id=1568153559761 timed out. Retrying.
2019-09-10 22:12:52,684 [pool-7-thread-10] INFO  commands.RetriableDatanodeEventWatcher (RetriableDatanodeEventWatcher.java:onTimeout(47)) - RetriableDatanodeCommand type=deleteBlocksCommand with id=1568153559771 timed out. Retrying.
2019-09-10 22:12:52,690 [pool-7-thread-10] INFO  commands.RetriableDatanodeEventWatcher (RetriableDatanodeEventWatcher.java:onTimeout(47)) - RetriableDatanodeCommand type=deleteBlocksCommand with id=1568153559867 timed out. Retrying.
2019-09-10 22:12:52,697 [pool-7-thread-10] INFO  commands.RetriableDatanodeEventWatcher (RetriableDatanodeEventWatcher.java:onTimeout(47)) - RetriableDatanodeCommand type=deleteBlocksCommand with id=1568153559781 timed out. Retrying.
2019-09-10 22:12:52,710 [pool-7-thread-10] INFO  commands.RetriableDatanodeEventWatcher (RetriableDatanodeEventWatcher.java:onTimeout(47)) - RetriableDatanodeCommand type=deleteBlocksCommand with id=1568153559791 timed out. Retrying.
2019-09-10 22:12:52,724 [pool-7-thread-10] INFO  commands.RetriableDatanodeEventWatcher (RetriableDatanodeEventWatcher.java:onTimeout(47)) - RetriableDatanodeCommand type=deleteBlocksCommand with id=1568153559801 timed out. Retrying.
2019-09-10 22:12:52,743 [pool-7-thread-10] INFO  commands.RetriableDatanodeEventWatcher (RetriableDatanodeEventWatcher.java:onTimeout(47)) - RetriableDatanodeCommand type=deleteBlocksCommand with id=1568153559811 timed out. Retrying.
2019-09-10 22:12:52,750 [pool-7-thread-10] INFO  commands.RetriableDatanodeEventWatcher (RetriableDatanodeEventWatcher.java:onTimeout(47)) - RetriableDatanodeCommand type=deleteBlocksCommand with id=1568153559838 timed out. Retrying.
2019-09-10 22:12:52,756 [IPC Server handler 4 on 46662] WARN  ipc.Server (Server.java:setupResponse(2950)) - Large response size 4084350 for call Call#1956 Retry#0 org.apache.hadoop.ozone.protocol.StorageContainerDatanodeProtocol.sendHeartbeat from 192.168.157.245:36240
2019-09-10 22:12:52,756 [IPC Server handler 4 on 46662] WARN  ipc.Server (Server.java:processResponse(1523)) - IPC Server handler 4 on 46662, call Call#1956 Retry#0 org.apache.hadoop.ozone.protocol.StorageContainerDatanodeProtocol.sendHeartbeat from 192.168.157.245:36240: output error
2019-09-10 22:12:52,756 [IPC Server handler 4 on 46662] INFO  ipc.Server (Server.java:run(2695)) - IPC Server handler 4 on 46662 caught an exception
java.nio.channels.ClosedChannelException
	at sun.nio.ch.SocketChannelImpl.ensureWriteOpen(SocketChannelImpl.java:270)
	at sun.nio.ch.SocketChannelImpl.write(SocketChannelImpl.java:461)
	at org.apache.hadoop.ipc.Server.channelIO(Server.java:3298)
	at org.apache.hadoop.ipc.Server.channelWrite(Server.java:3250)
	at org.apache.hadoop.ipc.Server.access$1700(Server.java:137)
	at org.apache.hadoop.ipc.Server$Responder.processResponse(Server.java:1473)
	at org.apache.hadoop.ipc.Server$Responder.doRespond(Server.java:1543)
	at org.apache.hadoop.ipc.Server$Connection.sendResponse(Server.java:2593)
	at org.apache.hadoop.ipc.Server$Connection.access$300(Server.java:1615)
	at org.apache.hadoop.ipc.Server$RpcCall.doResponse(Server.java:940)
	at org.apache.hadoop.ipc.Server$Call.sendResponse(Server.java:774)
	at org.apache.hadoop.ipc.Server$RpcCall.run(Server.java:885)
	at org.apache.hadoop.ipc.Server$RpcCall.run(Server.java:822)
	at java.security.AccessController.doPrivileged(Native Method)
	at javax.security.auth.Subject.doAs(Subject.java:422)
	at org.apache.hadoop.security.UserGroupInformation.doAs(UserGroupInformation.java:1730)
	at org.apache.hadoop.ipc.Server$Handler.run(Server.java:2682)
2019-09-10 22:12:52,760 [pool-7-thread-10] INFO  commands.RetriableDatanodeEventWatcher (RetriableDatanodeEventWatcher.java:onTimeout(47)) - RetriableDatanodeCommand type=deleteBlocksCommand with id=1568153559821 timed out. Retrying.
2019-09-10 22:12:52,760 [pool-7-thread-8] INFO  commands.RetriableDatanodeEventWatcher (RetriableDatanodeEventWatcher.java:onTimeout(47)) - RetriableDatanodeCommand type=deleteBlocksCommand with id=1568153559752 timed out. Retrying.
2019-09-10 22:12:52,764 [pool-7-thread-8] INFO  commands.RetriableDatanodeEventWatcher (RetriableDatanodeEventWatcher.java:onTimeout(47)) - RetriableDatanodeCommand type=deleteBlocksCommand with id=1568153559848 timed out. Retrying.
2019-09-10 22:12:52,774 [pool-7-thread-8] INFO  commands.RetriableDatanodeEventWatcher (RetriableDatanodeEventWatcher.java:onTimeout(47)) - RetriableDatanodeCommand type=deleteBlocksCommand with id=1568153559831 timed out. Retrying.
2019-09-10 22:12:52,774 [SCMBlockDeletingService#1] DEBUG block.SCMBlockDeletingService (SCMBlockDeletingService.java:call(138)) - Running DeletedBlockTransactionScanner
2019-09-10 22:12:52,775 [SCMBlockDeletingService#1] DEBUG block.SCMBlockDeletingService (SCMBlockDeletingService.java:call(155)) - Scanned deleted blocks log and got 3 delTX to process.
2019-09-10 22:12:52,775 [SCMBlockDeletingService#1] DEBUG block.SCMBlockDeletingService (SCMBlockDeletingService.java:call(171)) - Added delete block command for datanode ed5d81fa-aaf0-49db-aa57-acca1dd387bd in the queue, number of delete block transactions: 3, TxID list: 1,2,3
2019-09-10 22:12:52,775 [pool-7-thread-8] INFO  commands.RetriableDatanodeEventWatcher (RetriableDatanodeEventWatcher.java:onTimeout(47)) - RetriableDatanodeCommand type=deleteBlocksCommand with id=1568153559762 timed out. Retrying.
2019-09-10 22:12:52,776 [SCMBlockDeletingService#1] INFO  block.SCMBlockDeletingService (SCMBlockDeletingService.java:call(182)) - Totally added 3 delete blocks command for 1 datanodes, task elapsed time: 1ms
2019-09-10 22:12:52,778 [pool-7-thread-8] INFO  commands.RetriableDatanodeEventWatcher (RetriableDatanodeEventWatcher.java:onTimeout(47)) - RetriableDatanodeCommand type=deleteBlocksCommand with id=1568153559858 timed out. Retrying.
2019-09-10 22:12:52,782 [EventQueue-PendingDeleteStatusForPendingDeleteHandler] INFO  block.SCMBlockDeletingService (SCMBlockDeletingService.java:handlePendingDeletes(115)) - Block deletion txnID mismatch in datanode ed5d81fa-aaf0-49db-aa57-acca1dd387bd for containerID 1. Datanode delete txnID: 0, SCM txnID: 1
2019-09-10 22:12:52,782 [EventQueue-PendingDeleteStatusForPendingDeleteHandler] INFO  block.SCMBlockDeletingService (SCMBlockDeletingService.java:handlePendingDeletes(115)) - Block deletion txnID mismatch in datanode ed5d81fa-aaf0-49db-aa57-acca1dd387bd for containerID 2. Datanode delete txnID: 0, SCM txnID: 2
2019-09-10 22:12:52,782 [EventQueue-PendingDeleteStatusForPendingDeleteHandler] INFO  block.SCMBlockDeletingService (SCMBlockDeletingService.java:handlePendingDeletes(115)) - Block deletion txnID mismatch in datanode ed5d81fa-aaf0-49db-aa57-acca1dd387bd for containerID 3. Datanode delete txnID: 0, SCM txnID: 3
2019-09-10 22:12:52,784 [pool-7-thread-8] INFO  commands.RetriableDatanodeEventWatcher (RetriableDatanodeEventWatcher.java:onTimeout(47)) - RetriableDatanodeCommand type=deleteBlocksCommand with id=1568153559772 timed out. Retrying.
2019-09-10 22:12:52,793 [pool-7-thread-8] INFO  commands.RetriableDatanodeEventWatcher (RetriableDatanodeEventWatcher.java:onTimeout(47)) - RetriableDatanodeCommand type=deleteBlocksCommand with id=1568153559868 timed out. Retrying.
2019-09-10 22:12:52,799 [pool-7-thread-8] INFO  commands.RetriableDatanodeEventWatcher (RetriableDatanodeEventWatcher.java:onTimeout(47)) - RetriableDatanodeCommand type=deleteBlocksCommand with id=1568153559782 timed out. Retrying.
2019-09-10 22:12:52,812 [pool-7-thread-8] INFO  commands.RetriableDatanodeEventWatcher (RetriableDatanodeEventWatcher.java:onTimeout(47)) - RetriableDatanodeCommand type=deleteBlocksCommand with id=1568153559792 timed out. Retrying.
2019-09-10 22:12:52,830 [pool-7-thread-8] INFO  commands.RetriableDatanodeEventWatcher (RetriableDatanodeEventWatcher.java:onTimeout(47)) - RetriableDatanodeCommand type=deleteBlocksCommand with id=1568153559802 timed out. Retrying.
2019-09-10 22:12:52,844 [pool-7-thread-8] INFO  commands.RetriableDatanodeEventWatcher (RetriableDatanodeEventWatcher.java:onTimeout(47)) - RetriableDatanodeCommand type=deleteBlocksCommand with id=1568153559812 timed out. Retrying.
2019-09-10 22:12:52,850 [pool-7-thread-8] INFO  commands.RetriableDatanodeEventWatcher (RetriableDatanodeEventWatcher.java:onTimeout(47)) - RetriableDatanodeCommand type=deleteBlocksCommand with id=1568153559839 timed out. Retrying.
2019-09-10 22:12:52,850 [EventQueue-PendingDeleteStatusForPendingDeleteHandler] INFO  block.SCMBlockDeletingService (SCMBlockDeletingService.java:handlePendingDeletes(115)) - Block deletion txnID mismatch in datanode ed5d81fa-aaf0-49db-aa57-acca1dd387bd for containerID 1. Datanode delete txnID: 0, SCM txnID: 1
2019-09-10 22:12:52,850 [EventQueue-PendingDeleteStatusForPendingDeleteHandler] INFO  block.SCMBlockDeletingService (SCMBlockDeletingService.java:handlePendingDeletes(115)) - Block deletion txnID mismatch in datanode ed5d81fa-aaf0-49db-aa57-acca1dd387bd for containerID 2. Datanode delete txnID: 0, SCM txnID: 2
2019-09-10 22:12:52,850 [EventQueue-PendingDeleteStatusForPendingDeleteHandler] INFO  block.SCMBlockDeletingService (SCMBlockDeletingService.java:handlePendingDeletes(115)) - Block deletion txnID mismatch in datanode ed5d81fa-aaf0-49db-aa57-acca1dd387bd for containerID 3. Datanode delete txnID: 0, SCM txnID: 3
2019-09-10 22:12:52,858 [pool-7-thread-8] INFO  commands.RetriableDatanodeEventWatcher (RetriableDatanodeEventWatcher.java:onTimeout(47)) - RetriableDatanodeCommand type=deleteBlocksCommand with id=1568153559822 timed out. Retrying.
2019-09-10 22:12:52,859 [pool-7-thread-10] INFO  commands.RetriableDatanodeEventWatcher (RetriableDatanodeEventWatcher.java:onTimeout(47)) - RetriableDatanodeCommand type=deleteBlocksCommand with id=1568153559753 timed out. Retrying.
2019-09-10 22:12:52,864 [pool-7-thread-10] INFO  commands.RetriableDatanodeEventWatcher (RetriableDatanodeEventWatcher.java:onTimeout(47)) - RetriableDatanodeCommand type=deleteBlocksCommand with id=1568153559849 timed out. Retrying.
2019-09-10 22:12:52,876 [SCMBlockDeletingService#1] DEBUG block.SCMBlockDeletingService (SCMBlockDeletingService.java:call(138)) - Running DeletedBlockTransactionScanner
2019-09-10 22:12:52,876 [SCMBlockDeletingService#1] DEBUG block.SCMBlockDeletingService (SCMBlockDeletingService.java:call(155)) - Scanned deleted blocks log and got 3 delTX to process.
2019-09-10 22:12:52,877 [SCMBlockDeletingService#1] DEBUG block.SCMBlockDeletingService (SCMBlockDeletingService.java:call(171)) - Added delete block command for datanode ed5d81fa-aaf0-49db-aa57-acca1dd387bd in the queue, number of delete block transactions: 3, TxID list: 1,2,3
2019-09-10 22:12:52,877 [SCMBlockDeletingService#1] INFO  block.SCMBlockDeletingService (SCMBlockDeletingService.java:call(182)) - Totally added 3 delete blocks command for 1 datanodes, task elapsed time: 0ms
2019-09-10 22:12:52,879 [pool-7-thread-8] INFO  commands.RetriableDatanodeEventWatcher (RetriableDatanodeEventWatcher.java:onTimeout(47)) - RetriableDatanodeCommand type=deleteBlocksCommand with id=1568153559859 timed out. Retrying.
2019-09-10 22:12:52,879 [pool-7-thread-11] INFO  commands.RetriableDatanodeEventWatcher (RetriableDatanodeEventWatcher.java:onTimeout(47)) - RetriableDatanodeCommand type=deleteBlocksCommand with id=1568153559763 timed out. Retrying.
2019-09-10 22:12:52,879 [pool-7-thread-10] INFO  commands.RetriableDatanodeEventWatcher (RetriableDatanodeEventWatcher.java:onTimeout(47)) - RetriableDatanodeCommand type=deleteBlocksCommand with id=1568153559832 timed out. Retrying.
2019-09-10 22:12:52,888 [pool-7-thread-10] INFO  commands.RetriableDatanodeEventWatcher (RetriableDatanodeEventWatcher.java:onTimeout(47)) - RetriableDatanodeCommand type=deleteBlocksCommand with id=1568153559773 timed out. Retrying.
2019-09-10 22:12:52,896 [pool-7-thread-10] INFO  commands.RetriableDatanodeEventWatcher (RetriableDatanodeEventWatcher.java:onTimeout(47)) - RetriableDatanodeCommand type=deleteBlocksCommand with id=1568153559869 timed out. Retrying.
2019-09-10 22:12:52,900 [pool-7-thread-10] INFO  commands.RetriableDatanodeEventWatcher (RetriableDatanodeEventWatcher.java:onTimeout(47)) - RetriableDatanodeCommand type=deleteBlocksCommand with id=1568153559783 timed out. Retrying.
2019-09-10 22:12:52,913 [pool-7-thread-10] INFO  commands.RetriableDatanodeEventWatcher (RetriableDatanodeEventWatcher.java:onTimeout(47)) - RetriableDatanodeCommand type=deleteBlocksCommand with id=1568153559793 timed out. Retrying.
2019-09-10 22:12:52,930 [pool-7-thread-10] INFO  commands.RetriableDatanodeEventWatcher (RetriableDatanodeEventWatcher.java:onTimeout(47)) - RetriableDatanodeCommand type=deleteBlocksCommand with id=1568153559803 timed out. Retrying.
2019-09-10 22:12:52,977 [SCMBlockDeletingService#1] DEBUG block.SCMBlockDeletingService (SCMBlockDeletingService.java:call(138)) - Running DeletedBlockTransactionScanner
2019-09-10 22:12:52,978 [SCMBlockDeletingService#1] DEBUG block.SCMBlockDeletingService (SCMBlockDeletingService.java:call(155)) - Scanned deleted blocks log and got 3 delTX to process.
2019-09-10 22:12:52,978 [SCMBlockDeletingService#1] DEBUG block.SCMBlockDeletingService (SCMBlockDeletingService.java:call(171)) - Added delete block command for datanode ed5d81fa-aaf0-49db-aa57-acca1dd387bd in the queue, number of delete block transactions: 3, TxID list: 1,2,3
2019-09-10 22:12:52,978 [SCMBlockDeletingService#1] INFO  block.SCMBlockDeletingService (SCMBlockDeletingService.java:call(182)) - Totally added 3 delete blocks command for 1 datanodes, task elapsed time: 1ms
2019-09-10 22:12:53,068 [pool-7-thread-10] INFO  commands.RetriableDatanodeEventWatcher (RetriableDatanodeEventWatcher.java:onTimeout(47)) - RetriableDatanodeCommand type=deleteBlocksCommand with id=1568153559824 timed out. Retrying.
2019-09-10 22:12:53,069 [pool-7-thread-1] INFO  commands.RetriableDatanodeEventWatcher (RetriableDatanodeEventWatcher.java:onTimeout(47)) - RetriableDatanodeCommand type=deleteBlocksCommand with id=1568153559860 timed out. Retrying.
2019-09-10 22:12:53,069 [pool-7-thread-1] INFO  commands.RetriableDatanodeEventWatcher (RetriableDatanodeEventWatcher.java:onTimeout(47)) - RetriableDatanodeCommand type=deleteBlocksCommand with id=1568153559870 timed out. Retrying.
2019-09-10 22:12:53,069 [pool-7-thread-3] INFO  commands.RetriableDatanodeEventWatcher (RetriableDatanodeEventWatcher.java:onTimeout(47)) - RetriableDatanodeCommand type=deleteBlocksCommand with id=1568153559823 timed out. Retrying.
2019-09-10 22:12:53,069 [pool-7-thread-7] INFO  commands.RetriableDatanodeEventWatcher (RetriableDatanodeEventWatcher.java:onTimeout(47)) - RetriableDatanodeCommand type=deleteBlocksCommand with id=1568153559814 timed out. Retrying.
2019-09-10 22:12:53,069 [pool-7-thread-13] INFO  commands.RetriableDatanodeEventWatcher (RetriableDatanodeEventWatcher.java:onTimeout(47)) - RetriableDatanodeCommand type=deleteBlocksCommand with id=1568153559850 timed out. Retrying.
2019-09-10 22:12:53,070 [pool-7-thread-8] INFO  commands.RetriableDatanodeEventWatcher (RetriableDatanodeEventWatcher.java:onTimeout(47)) - RetriableDatanodeCommand type=deleteBlocksCommand with id=1568153559813 timed out. Retrying.
2019-09-10 22:12:53,070 [pool-7-thread-11] INFO  commands.RetriableDatanodeEventWatcher (RetriableDatanodeEventWatcher.java:onTimeout(47)) - RetriableDatanodeCommand type=deleteBlocksCommand with id=1568153559833 timed out. Retrying.
2019-09-10 22:12:53,070 [pool-7-thread-6] INFO  commands.RetriableDatanodeEventWatcher (RetriableDatanodeEventWatcher.java:onTimeout(47)) - RetriableDatanodeCommand type=deleteBlocksCommand with id=1568153559784 timed out. Retrying.
2019-09-10 22:12:53,070 [pool-7-thread-13] INFO  commands.RetriableDatanodeEventWatcher (RetriableDatanodeEventWatcher.java:onTimeout(47)) - RetriableDatanodeCommand type=deleteBlocksCommand with id=1568153559755 timed out. Retrying.
2019-09-10 22:12:53,071 [pool-7-thread-9] INFO  commands.RetriableDatanodeEventWatcher (RetriableDatanodeEventWatcher.java:onTimeout(47)) - RetriableDatanodeCommand type=deleteBlocksCommand with id=1568153559804 timed out. Retrying.
2019-09-10 22:12:53,071 [pool-7-thread-7] INFO  commands.RetriableDatanodeEventWatcher (RetriableDatanodeEventWatcher.java:onTimeout(47)) - RetriableDatanodeCommand type=deleteBlocksCommand with id=1568153559794 timed out. Retrying.
2019-09-10 22:12:53,071 [pool-7-thread-8] INFO  commands.RetriableDatanodeEventWatcher (RetriableDatanodeEventWatcher.java:onTimeout(47)) - RetriableDatanodeCommand type=deleteBlocksCommand with id=1568153559754 timed out. Retrying.
2019-09-10 22:12:53,071 [pool-7-thread-5] INFO  commands.RetriableDatanodeEventWatcher (RetriableDatanodeEventWatcher.java:onTimeout(47)) - RetriableDatanodeCommand type=deleteBlocksCommand with id=1568153559774 timed out. Retrying.
2019-09-10 22:12:53,072 [pool-7-thread-4] INFO  commands.RetriableDatanodeEventWatcher (RetriableDatanodeEventWatcher.java:onTimeout(47)) - RetriableDatanodeCommand type=deleteBlocksCommand with id=1568153559764 timed out. Retrying.
2019-09-10 22:12:53,072 [pool-7-thread-10] INFO  commands.RetriableDatanodeEventWatcher (RetriableDatanodeEventWatcher.java:onTimeout(47)) - RetriableDatanodeCommand type=deleteBlocksCommand with id=1568153559851 timed out. Retrying.
2019-09-10 22:12:53,072 [pool-7-thread-3] INFO  commands.RetriableDatanodeEventWatcher (RetriableDatanodeEventWatcher.java:onTimeout(47)) - RetriableDatanodeCommand type=deleteBlocksCommand with id=1568153559840 timed out. Retrying.
2019-09-10 22:12:53,072 [pool-7-thread-1] INFO  commands.RetriableDatanodeEventWatcher (RetriableDatanodeEventWatcher.java:onTimeout(47)) - RetriableDatanodeCommand type=deleteBlocksCommand with id=1568153559841 timed out. Retrying.
2019-09-10 22:12:53,079 [SCMBlockDeletingService#1] DEBUG block.SCMBlockDeletingService (SCMBlockDeletingService.java:call(138)) - Running DeletedBlockTransactionScanner
2019-09-10 22:12:53,079 [SCMBlockDeletingService#1] DEBUG block.SCMBlockDeletingService (SCMBlockDeletingService.java:call(155)) - Scanned deleted blocks log and got 3 delTX to process.
2019-09-10 22:12:53,080 [SCMBlockDeletingService#1] DEBUG block.SCMBlockDeletingService (SCMBlockDeletingService.java:call(171)) - Added delete block command for datanode ed5d81fa-aaf0-49db-aa57-acca1dd387bd in the queue, number of delete block transactions: 3, TxID list: 1,2,3
2019-09-10 22:12:53,080 [SCMBlockDeletingService#1] INFO  block.SCMBlockDeletingService (SCMBlockDeletingService.java:call(182)) - Totally added 3 delete blocks command for 1 datanodes, task elapsed time: 2ms
2019-09-10 22:12:53,082 [pool-7-thread-1] INFO  commands.RetriableDatanodeEventWatcher (RetriableDatanodeEventWatcher.java:onTimeout(47)) - RetriableDatanodeCommand type=deleteBlocksCommand with id=1568153559861 timed out. Retrying.
2019-09-10 22:12:53,082 [pool-7-thread-3] INFO  commands.RetriableDatanodeEventWatcher (RetriableDatanodeEventWatcher.java:onTimeout(47)) - RetriableDatanodeCommand type=deleteBlocksCommand with id=1568153559765 timed out. Retrying.
2019-09-10 22:12:53,088 [EventQueue-PendingDeleteStatusForPendingDeleteHandler] INFO  block.SCMBlockDeletingService (SCMBlockDeletingService.java:handlePendingDeletes(115)) - Block deletion txnID mismatch in datanode ed5d81fa-aaf0-49db-aa57-acca1dd387bd for containerID 1. Datanode delete txnID: 0, SCM txnID: 1
2019-09-10 22:12:53,088 [EventQueue-PendingDeleteStatusForPendingDeleteHandler] INFO  block.SCMBlockDeletingService (SCMBlockDeletingService.java:handlePendingDeletes(115)) - Block deletion txnID mismatch in datanode ed5d81fa-aaf0-49db-aa57-acca1dd387bd for containerID 2. Datanode delete txnID: 0, SCM txnID: 2
2019-09-10 22:12:53,088 [EventQueue-PendingDeleteStatusForPendingDeleteHandler] INFO  block.SCMBlockDeletingService (SCMBlockDeletingService.java:handlePendingDeletes(115)) - Block deletion txnID mismatch in datanode ed5d81fa-aaf0-49db-aa57-acca1dd387bd for containerID 3. Datanode delete txnID: 0, SCM txnID: 3
2019-09-10 22:12:53,090 [pool-7-thread-3] INFO  commands.RetriableDatanodeEventWatcher (RetriableDatanodeEventWatcher.java:onTimeout(47)) - RetriableDatanodeCommand type=deleteBlocksCommand with id=1568153559775 timed out. Retrying.
2019-09-10 22:12:53,103 [pool-7-thread-3] INFO  commands.RetriableDatanodeEventWatcher (RetriableDatanodeEventWatcher.java:onTimeout(47)) - RetriableDatanodeCommand type=deleteBlocksCommand with id=1568153559785 timed out. Retrying.
2019-09-10 22:12:53,116 [pool-7-thread-3] INFO  commands.RetriableDatanodeEventWatcher (RetriableDatanodeEventWatcher.java:onTimeout(47)) - RetriableDatanodeCommand type=deleteBlocksCommand with id=1568153559795 timed out. Retrying.
2019-09-10 22:12:53,145 [pool-7-thread-3] INFO  commands.RetriableDatanodeEventWatcher (RetriableDatanodeEventWatcher.java:onTimeout(47)) - RetriableDatanodeCommand type=deleteBlocksCommand with id=1568153559805 timed out. Retrying.
2019-09-10 22:12:53,148 [pool-7-thread-3] INFO  commands.RetriableDatanodeEventWatcher (RetriableDatanodeEventWatcher.java:onTimeout(47)) - RetriableDatanodeCommand type=deleteBlocksCommand with id=1568153559815 timed out. Retrying.
2019-09-10 22:12:53,156 [pool-7-thread-3] INFO  commands.RetriableDatanodeEventWatcher (RetriableDatanodeEventWatcher.java:onTimeout(47)) - RetriableDatanodeCommand type=deleteBlocksCommand with id=1568153559842 timed out. Retrying.
2019-09-10 22:12:53,166 [pool-7-thread-3] INFO  commands.RetriableDatanodeEventWatcher (RetriableDatanodeEventWatcher.java:onTimeout(47)) - RetriableDatanodeCommand type=deleteBlocksCommand with id=1568153559825 timed out. Retrying.
2019-09-10 22:12:53,166 [pool-7-thread-1] INFO  commands.RetriableDatanodeEventWatcher (RetriableDatanodeEventWatcher.java:onTimeout(47)) - RetriableDatanodeCommand type=deleteBlocksCommand with id=1568153559871 timed out. Retrying.
2019-09-10 22:12:53,166 [pool-7-thread-10] INFO  commands.RetriableDatanodeEventWatcher (RetriableDatanodeEventWatcher.java:onTimeout(47)) - RetriableDatanodeCommand type=deleteBlocksCommand with id=1568153559756 timed out. Retrying.
2019-09-10 22:12:53,169 [pool-7-thread-10] INFO  commands.RetriableDatanodeEventWatcher (RetriableDatanodeEventWatcher.java:onTimeout(47)) - RetriableDatanodeCommand type=deleteBlocksCommand with id=1568153559852 timed out. Retrying.
2019-09-10 22:12:53,179 [pool-7-thread-10] INFO  commands.RetriableDatanodeEventWatcher (RetriableDatanodeEventWatcher.java:onTimeout(47)) - RetriableDatanodeCommand type=deleteBlocksCommand with id=1568153559766 timed out. Retrying.
2019-09-10 22:12:53,180 [SCMBlockDeletingService#1] DEBUG block.SCMBlockDeletingService (SCMBlockDeletingService.java:call(138)) - Running DeletedBlockTransactionScanner
2019-09-10 22:12:53,181 [SCMBlockDeletingService#1] DEBUG block.SCMBlockDeletingService (SCMBlockDeletingService.java:call(155)) - Scanned deleted blocks log and got 3 delTX to process.
2019-09-10 22:12:53,181 [SCMBlockDeletingService#1] DEBUG block.SCMBlockDeletingService (SCMBlockDeletingService.java:call(171)) - Added delete block command for datanode ed5d81fa-aaf0-49db-aa57-acca1dd387bd in the queue, number of delete block transactions: 3, TxID list: 1,2,3
2019-09-10 22:12:53,181 [SCMBlockDeletingService#1] INFO  block.SCMBlockDeletingService (SCMBlockDeletingService.java:call(182)) - Totally added 3 delete blocks command for 1 datanodes, task elapsed time: 1ms
2019-09-10 22:12:53,182 [pool-7-thread-10] INFO  commands.RetriableDatanodeEventWatcher (RetriableDatanodeEventWatcher.java:onTimeout(47)) - RetriableDatanodeCommand type=deleteBlocksCommand with id=1568153559862 timed out. Retrying.
2019-09-10 22:12:53,194 [pool-7-thread-10] INFO  commands.RetriableDatanodeEventWatcher (RetriableDatanodeEventWatcher.java:onTimeout(47)) - RetriableDatanodeCommand type=deleteBlocksCommand with id=1568153559776 timed out. Retrying.
2019-09-10 22:12:53,201 [pool-7-thread-10] INFO  commands.RetriableDatanodeEventWatcher (RetriableDatanodeEventWatcher.java:onTimeout(47)) - RetriableDatanodeCommand type=deleteBlocksCommand with id=1568153559786 timed out. Retrying.
2019-09-10 22:12:53,219 [pool-7-thread-10] INFO  commands.RetriableDatanodeEventWatcher (RetriableDatanodeEventWatcher.java:onTimeout(47)) - RetriableDatanodeCommand type=deleteBlocksCommand with id=1568153559796 timed out. Retrying.
2019-09-10 22:12:53,236 [pool-7-thread-10] INFO  commands.RetriableDatanodeEventWatcher (RetriableDatanodeEventWatcher.java:onTimeout(47)) - RetriableDatanodeCommand type=deleteBlocksCommand with id=1568153559806 timed out. Retrying.
2019-09-10 22:12:53,255 [pool-7-thread-10] INFO  commands.RetriableDatanodeEventWatcher (RetriableDatanodeEventWatcher.java:onTimeout(47)) - RetriableDatanodeCommand type=deleteBlocksCommand with id=1568153559816 timed out. Retrying.
2019-09-10 22:12:53,257 [pool-7-thread-10] INFO  commands.RetriableDatanodeEventWatcher (RetriableDatanodeEventWatcher.java:onTimeout(47)) - RetriableDatanodeCommand type=deleteBlocksCommand with id=1568153559843 timed out. Retrying.
2019-09-10 22:12:53,267 [pool-7-thread-10] INFO  commands.RetriableDatanodeEventWatcher (RetriableDatanodeEventWatcher.java:onTimeout(47)) - RetriableDatanodeCommand type=deleteBlocksCommand with id=1568153559872 timed out. Retrying.
2019-09-10 22:12:53,272 [pool-7-thread-10] INFO  commands.RetriableDatanodeEventWatcher (RetriableDatanodeEventWatcher.java:onTimeout(47)) - RetriableDatanodeCommand type=deleteBlocksCommand with id=1568153559826 timed out. Retrying.
2019-09-10 22:12:53,272 [pool-7-thread-1] INFO  commands.RetriableDatanodeEventWatcher (RetriableDatanodeEventWatcher.java:onTimeout(47)) - RetriableDatanodeCommand type=deleteBlocksCommand with id=1568153559853 timed out. Retrying.
2019-09-10 22:12:53,272 [pool-7-thread-3] INFO  commands.RetriableDatanodeEventWatcher (RetriableDatanodeEventWatcher.java:onTimeout(47)) - RetriableDatanodeCommand type=deleteBlocksCommand with id=1568153559757 timed out. Retrying.
2019-09-10 22:12:53,281 [pool-7-thread-3] INFO  commands.RetriableDatanodeEventWatcher (RetriableDatanodeEventWatcher.java:onTimeout(47)) - RetriableDatanodeCommand type=deleteBlocksCommand with id=1568153559767 timed out. Retrying.
2019-09-10 22:12:53,282 [SCMBlockDeletingService#1] DEBUG block.SCMBlockDeletingService (SCMBlockDeletingService.java:call(138)) - Running DeletedBlockTransactionScanner
2019-09-10 22:12:53,282 [SCMBlockDeletingService#1] DEBUG block.SCMBlockDeletingService (SCMBlockDeletingService.java:call(155)) - Scanned deleted blocks log and got 3 delTX to process.
2019-09-10 22:12:53,282 [SCMBlockDeletingService#1] DEBUG block.SCMBlockDeletingService (SCMBlockDeletingService.java:call(171)) - Added delete block command for datanode ed5d81fa-aaf0-49db-aa57-acca1dd387bd in the queue, number of delete block transactions: 3, TxID list: 1,2,3
2019-09-10 22:12:53,283 [SCMBlockDeletingService#1] INFO  block.SCMBlockDeletingService (SCMBlockDeletingService.java:call(182)) - Totally added 3 delete blocks command for 1 datanodes, task elapsed time: 1ms
2019-09-10 22:12:53,284 [pool-7-thread-3] INFO  commands.RetriableDatanodeEventWatcher (RetriableDatanodeEventWatcher.java:onTimeout(47)) - RetriableDatanodeCommand type=deleteBlocksCommand with id=1568153559863 timed out. Retrying.
2019-09-10 22:12:53,293 [pool-7-thread-3] INFO  commands.RetriableDatanodeEventWatcher (RetriableDatanodeEventWatcher.java:onTimeout(47)) - RetriableDatanodeCommand type=deleteBlocksCommand with id=1568153559777 timed out. Retrying.
2019-09-10 22:12:53,301 [pool-7-thread-3] INFO  commands.RetriableDatanodeEventWatcher (RetriableDatanodeEventWatcher.java:onTimeout(47)) - RetriableDatanodeCommand type=deleteBlocksCommand with id=1568153559787 timed out. Retrying.
2019-09-10 22:12:53,322 [pool-7-thread-3] INFO  commands.RetriableDatanodeEventWatcher (RetriableDatanodeEventWatcher.java:onTimeout(47)) - RetriableDatanodeCommand type=deleteBlocksCommand with id=1568153559797 timed out. Retrying.
2019-09-10 22:12:53,337 [pool-7-thread-3] INFO  commands.RetriableDatanodeEventWatcher (RetriableDatanodeEventWatcher.java:onTimeout(47)) - RetriableDatanodeCommand type=deleteBlocksCommand with id=1568153559807 timed out. Retrying.
2019-09-10 22:12:53,344 [pool-7-thread-3] INFO  commands.RetriableDatanodeEventWatcher (RetriableDatanodeEventWatcher.java:onTimeout(47)) - RetriableDatanodeCommand type=deleteBlocksCommand with id=1568153559834 timed out. Retrying.
2019-09-10 22:12:53,354 [pool-7-thread-3] INFO  commands.RetriableDatanodeEventWatcher (RetriableDatanodeEventWatcher.java:onTimeout(47)) - RetriableDatanodeCommand type=deleteBlocksCommand with id=1568153559817 timed out. Retrying.
2019-09-10 22:12:53,360 [pool-7-thread-3] INFO  commands.RetriableDatanodeEventWatcher (RetriableDatanodeEventWatcher.java:onTimeout(47)) - RetriableDatanodeCommand type=deleteBlocksCommand with id=1568153559844 timed out. Retrying.
2019-09-10 22:12:53,368 [pool-7-thread-3] INFO  commands.RetriableDatanodeEventWatcher (RetriableDatanodeEventWatcher.java:onTimeout(47)) - RetriableDatanodeCommand type=deleteBlocksCommand with id=1568153559827 timed out. Retrying.
2019-09-10 22:12:53,369 [pool-7-thread-1] INFO  commands.RetriableDatanodeEventWatcher (RetriableDatanodeEventWatcher.java:onTimeout(47)) - RetriableDatanodeCommand type=deleteBlocksCommand with id=1568153559758 timed out. Retrying.
2019-09-10 22:12:53,370 [pool-7-thread-1] INFO  commands.RetriableDatanodeEventWatcher (RetriableDatanodeEventWatcher.java:onTimeout(47)) - RetriableDatanodeCommand type=deleteBlocksCommand with id=1568153559873 timed out. Retrying.
2019-09-10 22:12:53,370 [pool-7-thread-3] INFO  commands.RetriableDatanodeEventWatcher (RetriableDatanodeEventWatcher.java:onTimeout(47)) - RetriableDatanodeCommand type=deleteBlocksCommand with id=1568153559854 timed out. Retrying.
2019-09-10 22:12:53,381 [pool-7-thread-3] INFO  commands.RetriableDatanodeEventWatcher (RetriableDatanodeEventWatcher.java:onTimeout(47)) - RetriableDatanodeCommand type=deleteBlocksCommand with id=1568153559768 timed out. Retrying.
2019-09-10 22:12:53,383 [SCMBlockDeletingService#1] DEBUG block.SCMBlockDeletingService (SCMBlockDeletingService.java:call(138)) - Running DeletedBlockTransactionScanner
2019-09-10 22:12:53,383 [SCMBlockDeletingService#1] DEBUG block.SCMBlockDeletingService (SCMBlockDeletingService.java:call(155)) - Scanned deleted blocks log and got 3 delTX to process.
2019-09-10 22:12:53,384 [SCMBlockDeletingService#1] DEBUG block.SCMBlockDeletingService (SCMBlockDeletingService.java:call(171)) - Added delete block command for datanode ed5d81fa-aaf0-49db-aa57-acca1dd387bd in the queue, number of delete block transactions: 3, TxID list: 1,2,3
2019-09-10 22:12:53,384 [SCMBlockDeletingService#1] INFO  block.SCMBlockDeletingService (SCMBlockDeletingService.java:call(182)) - Totally added 3 delete blocks command for 1 datanodes, task elapsed time: 1ms
2019-09-10 22:12:53,386 [pool-7-thread-3] INFO  commands.RetriableDatanodeEventWatcher (RetriableDatanodeEventWatcher.java:onTimeout(47)) - RetriableDatanodeCommand type=deleteBlocksCommand with id=1568153559864 timed out. Retrying.
2019-09-10 22:12:53,394 [pool-7-thread-3] INFO  commands.RetriableDatanodeEventWatcher (RetriableDatanodeEventWatcher.java:onTimeout(47)) - RetriableDatanodeCommand type=deleteBlocksCommand with id=1568153559778 timed out. Retrying.
2019-09-10 22:12:53,406 [pool-7-thread-3] INFO  commands.RetriableDatanodeEventWatcher (RetriableDatanodeEventWatcher.java:onTimeout(47)) - RetriableDatanodeCommand type=deleteBlocksCommand with id=1568153559788 timed out. Retrying.
2019-09-10 22:12:53,425 [pool-7-thread-3] INFO  commands.RetriableDatanodeEventWatcher (RetriableDatanodeEventWatcher.java:onTimeout(47)) - RetriableDatanodeCommand type=deleteBlocksCommand with id=1568153559798 timed out. Retrying.
2019-09-10 22:12:53,441 [pool-7-thread-3] INFO  commands.RetriableDatanodeEventWatcher (RetriableDatanodeEventWatcher.java:onTimeout(47)) - RetriableDatanodeCommand type=deleteBlocksCommand with id=1568153559808 timed out. Retrying.
2019-09-10 22:12:53,444 [pool-7-thread-3] INFO  commands.RetriableDatanodeEventWatcher (RetriableDatanodeEventWatcher.java:onTimeout(47)) - RetriableDatanodeCommand type=deleteBlocksCommand with id=1568153559835 timed out. Retrying.
2019-09-10 22:12:53,456 [pool-7-thread-3] INFO  commands.RetriableDatanodeEventWatcher (RetriableDatanodeEventWatcher.java:onTimeout(47)) - RetriableDatanodeCommand type=deleteBlocksCommand with id=1568153559818 timed out. Retrying.
2019-09-10 22:12:53,460 [pool-7-thread-3] INFO  commands.RetriableDatanodeEventWatcher (RetriableDatanodeEventWatcher.java:onTimeout(47)) - RetriableDatanodeCommand type=deleteBlocksCommand with id=1568153559845 timed out. Retrying.
2019-09-10 22:12:53,469 [pool-7-thread-3] INFO  commands.RetriableDatanodeEventWatcher (RetriableDatanodeEventWatcher.java:onTimeout(47)) - RetriableDatanodeCommand type=deleteBlocksCommand with id=1568153559759 timed out. Retrying.
2019-09-10 22:12:53,471 [pool-7-thread-3] INFO  commands.RetriableDatanodeEventWatcher (RetriableDatanodeEventWatcher.java:onTimeout(47)) - RetriableDatanodeCommand type=deleteBlocksCommand with id=1568153559874 timed out. Retrying.
2019-09-10 22:12:53,471 [pool-7-thread-1] INFO  commands.RetriableDatanodeEventWatcher (RetriableDatanodeEventWatcher.java:onTimeout(47)) - RetriableDatanodeCommand type=deleteBlocksCommand with id=1568153559828 timed out. Retrying.
2019-09-10 22:12:53,473 [pool-7-thread-1] INFO  commands.RetriableDatanodeEventWatcher (RetriableDatanodeEventWatcher.java:onTimeout(47)) - RetriableDatanodeCommand type=deleteBlocksCommand with id=1568153559855 timed out. Retrying.
2019-09-10 22:12:53,484 [pool-7-thread-1] INFO  commands.RetriableDatanodeEventWatcher (RetriableDatanodeEventWatcher.java:onTimeout(47)) - RetriableDatanodeCommand type=deleteBlocksCommand with id=1568153559769 timed out. Retrying.
2019-09-10 22:12:53,484 [SCMBlockDeletingService#1] DEBUG block.SCMBlockDeletingService (SCMBlockDeletingService.java:call(138)) - Running DeletedBlockTransactionScanner
2019-09-10 22:12:53,485 [SCMBlockDeletingService#1] DEBUG block.SCMBlockDeletingService (SCMBlockDeletingService.java:call(155)) - Scanned deleted blocks log and got 3 delTX to process.
2019-09-10 22:12:53,485 [SCMBlockDeletingService#1] DEBUG block.SCMBlockDeletingService (SCMBlockDeletingService.java:call(171)) - Added delete block command for datanode ed5d81fa-aaf0-49db-aa57-acca1dd387bd in the queue, number of delete block transactions: 3, TxID list: 1,2,3
2019-09-10 22:12:53,485 [SCMBlockDeletingService#1] INFO  block.SCMBlockDeletingService (SCMBlockDeletingService.java:call(182)) - Totally added 3 delete blocks command for 1 datanodes, task elapsed time: 1ms
2019-09-10 22:12:53,491 [pool-7-thread-1] INFO  commands.RetriableDatanodeEventWatcher (RetriableDatanodeEventWatcher.java:onTimeout(47)) - RetriableDatanodeCommand type=deleteBlocksCommand with id=1568153559865 timed out. Retrying.
DeleteBlocksCommandHandler.java:handle(106)) - Start to delete container blocks, TXIDs=[1(0),2(0),3(0)], numOfContainers=3, numOfBlocks=553
SCMBlockDeletingService.java:handlePendingDeletes(115)) - Block deletion txnID mismatch in datanode ed5d81fa-aaf0-49db-aa57-acca1dd387bd for containerID 1. Datanode delete txnID: 0, SCM txnID: 1
2019-09-10 22:12:53,488 [Command processor thread] INFO  commandhandler.DeleteBlocksCommandHandler (DeleteBlocksCommandHandler.java:handle(106)) - Start to delete container blocks, TXIDs=[1(0),2(0),3(0)], numOfContainers=3, numOfBlocks=553
2019-09-10 22:12:53,493 [EventQueue-PendingDeleteStatusForPendingDeleteHandler] INFO  block.SCMBlockDeletingService (SCMBlockDeletingService.java:handlePendingDeletes(115)) - Block deletion txnID mismatch in datanode ed5d81fa-aaf0-49db-aa57-acca1dd387bd for containerID 2. Datanode delete txnID: 0, SCM txnID: 2
2019-09-10 22:12:53,491 [pool-7-thread-1] INFO  commands.RetriableDatanodeEventWatcher (RetriableDatanodeEventWatcher.java:onTimeout(47)) - RetriableDatanodeCommand type=deleteBlocksCommand with id=1568153559865 timed out. Retrying.
2019-09-10 22:12:53,492 [Thread-4619] INFO  impl.FollowerState (FollowerState.java:run(106)) - ed5d81fa-aaf0-49db-aa57-acca1dd387bd:group-729F0664FEA8 changes to CANDIDATE, lastRpcTime:5075, electionTimeout:5075ms
2019-09-10 22:12:53,494 [EventQueue-PendingDeleteStatusForPendingDeleteHandler] INFO  block.SCMBlockDeletingService (SCMBlockDeletingService.java:handlePendingDeletes(115)) - Block deletion txnID mismatch in datanode ed5d81fa-aaf0-49db-aa57-acca1dd387bd for containerID 3. Datanode delete txnID: 0, SCM txnID: 3
2019-09-10 22:12:53,494 [Thread-4619] INFO  impl.RoleInfo (RoleInfo.java:shutdownFollowerState(121)) - ed5d81fa-aaf0-49db-aa57-acca1dd387bd: shutdown FollowerState
2019-09-10 22:12:53,494 [Thread-4619] INFO  impl.RaftServerImpl (RaftServerImpl.java:setRole(171)) - ed5d81fa-aaf0-49db-aa57-acca1dd387bd:group-729F0664FEA8 changes role from FOLLOWER to CANDIDATE at term 1 for changeToCandidate
2019-09-10 22:12:53,495 [Thread-4619] INFO  impl.RoleInfo (RoleInfo.java:updateAndGet(143)) - ed5d81fa-aaf0-49db-aa57-acca1dd387bd: start LeaderElection
2019-09-10 22:12:53,496 [pool-7-thread-1] INFO  commands.RetriableDatanodeEventWatcher (RetriableDatanodeEventWatcher.java:onTimeout(47)) - RetriableDatanodeCommand type=deleteBlocksCommand with id=1568153559779 timed out. Retrying.
2019-09-10 22:12:53,508 [pool-7-thread-1] INFO  commands.RetriableDatanodeEventWatcher (RetriableDatanodeEventWatcher.java:onTimeout(47)) - RetriableDatanodeCommand type=deleteBlocksCommand with id=1568153559789 timed out. Retrying.
2019-09-10 22:12:53,522 [pool-7-thread-1] INFO  commands.RetriableDatanodeEventWatcher (RetriableDatanodeEventWatcher.java:onTimeout(47)) - RetriableDatanodeCommand type=deleteBlocksCommand with id=1568153559799 timed out. Retrying.
2019-09-10 22:12:53,529 [Command processor thread] INFO  commandhandler.DeleteBlocksCommandHandler (DeleteBlocksCommandHandler.java:handle(106)) - Start to delete container blocks, TXIDs=[1(0),2(0),3(0)], numOfContainers=3, numOfBlocks=553
2019-09-10 22:12:53,530 [Command processor thread] INFO  commandhandler.DeleteBlocksCommandHandler (DeleteBlocksCommandHandler.java:handle(106)) - Start to delete container blocks, TXIDs=[1(0),2(0),3(0)], numOfContainers=3, numOfBlocks=553
2019-09-10 22:12:53,532 [Command processor thread] INFO  commandhandler.DeleteBlocksCommandHandler (DeleteBlocksCommandHandler.java:handle(106)) - Start to delete container blocks, TXIDs=[1(0),2(0),3(0)], numOfContainers=3, numOfBlocks=553
2019-09-10 22:12:53,534 [Command processor thread] INFO  commandhandler.DeleteBlocksCommandHandler (DeleteBlocksCommandHandler.java:handle(106)) - Start to delete container blocks, TXIDs=[1(0),2(0),3(0)], numOfContainers=3, numOfBlocks=553
2019-09-10 22:12:53,535 [Command processor thread] INFO  commandhandler.DeleteBlocksCommandHandler (DeleteBlocksCommandHandler.java:handle(106)) - Start to delete container blocks, TXIDs=[1(0),2(0),3(0)], numOfContainers=3, numOfBlocks=553
2019-09-10 22:12:53,537 [Command processor thread] INFO  commandhandler.DeleteBlocksCommandHandler (DeleteBlocksCommandHandler.java:handle(106)) - Start to delete container blocks, TXIDs=[1(0),2(0),3(0)], numOfContainers=3, numOfBlocks=553
2019-09-10 22:12:53,538 [Command processor thread] INFO  commandhandler.DeleteBlocksCommandHandler (DeleteBlocksCommandHandler.java:handle(106)) - Start to delete container blocks, TXIDs=[1(0),2(0),3(0)], numOfContainers=3, numOfBlocks=553
2019-09-10 22:12:53,540 [Command processor thread] INFO  commandhandler.DeleteBlocksCommandHandler (DeleteBlocksCommandHandler.java:handle(106)) - Start to delete container blocks, TXIDs=[1(0),2(0),3(0)], numOfContainers=3, numOfBlocks=553
2019-09-10 22:12:53,541 [pool-7-thread-1] INFO  commands.RetriableDatanodeEventWatcher (RetriableDatanodeEventWatcher.java:onTimeout(47)) - RetriableDatanodeCommand type=deleteBlocksCommand with id=1568153559809 timed out. Retrying.
2019-09-10 22:12:53,541 [Command processor thread] INFO  commandhandler.DeleteBlocksCommandHandler (DeleteBlocksCommandHandler.java:handle(106)) - Start to delete container blocks, TXIDs=[1(0),2(0),3(0)], numOfContainers=3, numOfBlocks=553
2019-09-10 22:12:53,543 [Command processor thread] INFO  commandhandler.DeleteBlocksCommandHandler (DeleteBlocksCommandHandler.java:handle(106)) - Start to delete container blocks, TXIDs=[1(0),2(0),3(0)], numOfContainers=3, numOfBlocks=553
2019-09-10 22:12:53,544 [Command processor thread] INFO  commandhandler.DeleteBlocksCommandHandler (DeleteBlocksCommandHandler.java:handle(106)) - Start to delete container blocks, TXIDs=[1(0),2(0),3(0)], numOfContainers=3, numOfBlocks=553
2019-09-10 22:12:53,546 [Command processor thread] INFO  commandhandler.DeleteBlocksCommandHandler (DeleteBlocksCommandHandler.java:handle(106)) - Start to delete container blocks, TXIDs=[1(161),2(161),3(161)], numOfContainers=3, numOfBlocks=553
2019-09-10 22:12:53,547 [pool-7-thread-1] INFO  commands.RetriableDatanodeEventWatcher (RetriableDatanodeEventWatcher.java:onTimeout(47)) - RetriableDatanodeCommand type=deleteBlocksCommand with id=1568153559836 timed out. Retrying.
2019-09-10 22:12:53,547 [Command processor thread] INFO  commandhandler.DeleteBlocksCommandHandler (DeleteBlocksCommandHandler.java:handle(106)) - Start to delete container blocks, TXIDs=[1(0),2(0),3(0)], numOfContainers=3, numOfBlocks=553
2019-09-10 22:12:53,549 [Command processor thread] INFO  commandhandler.DeleteBlocksCommandHandler (DeleteBlocksCommandHandler.java:handle(106)) - Start to delete container blocks, TXIDs=[1(0),2(0),3(0)], numOfContainers=3, numOfBlocks=553
2019-09-10 22:12:53,550 [Command processor thread] INFO  commandhandler.DeleteBlocksCommandHandler (DeleteBlocksCommandHandler.java:handle(106)) - Start to delete container blocks, TXIDs=[1(0),2(0),3(0)], numOfContainers=3, numOfBlocks=553
2019-09-10 22:12:53,551 [Command processor thread] INFO  commandhandler.DeleteBlocksCommandHandler (DeleteBlocksCommandHandler.java:handle(106)) - Start to delete container blocks, TXIDs=[1(0),2(0),3(0)], numOfContainers=3, numOfBlocks=553
2019-09-10 22:12:53,553 [Command processor thread] INFO  commandhandler.DeleteBlocksCommandHandler (DeleteBlocksCommandHandler.java:handle(106)) - Start to delete container blocks, TXIDs=[1(0),2(0),3(0)], numOfContainers=3, numOfBlocks=553
2019-09-10 22:12:53,554 [Command processor thread] INFO  commandhandler.DeleteBlocksCommandHandler (DeleteBlocksCommandHandler.java:handle(106)) - Start to delete container blocks, TXIDs=[1(0),2(0),3(0)], numOfContainers=3, numOfBlocks=553
2019-09-10 22:12:53,556 [Command processor thread] INFO  commandhandler.DeleteBlocksCommandHandler (DeleteBlocksCommandHandler.java:handle(106)) - Start to delete container blocks, TXIDs=[1(0),2(0),3(0)], numOfContainers=3, numOfBlocks=553
2019-09-10 22:12:53,557 [Command processor thread] INFO  commandhandler.DeleteBlocksCommandHandler (DeleteBlocksCommandHandler.java:handle(106)) - Start to delete container blocks, TXIDs=[1(0),2(0),3(0)], numOfContainers=3, numOfBlocks=553
2019-09-10 22:12:53,557 [pool-7-thread-1] INFO  commands.RetriableDatanodeEventWatcher (RetriableDatanodeEventWatcher.java:onTimeout(47)) - RetriableDatanodeCommand type=deleteBlocksCommand with id=1568153559819 timed out. Retrying.
2019-09-10 22:12:53,558 [Command processor thread] INFO  commandhandler.DeleteBlocksCommandHandler (DeleteBlocksCommandHandler.java:handle(106)) - Start to delete container blocks, TXIDs=[1(0),2(0),3(0)], numOfContainers=3, numOfBlocks=553
2019-09-10 22:12:53,560 [Command processor thread] INFO  commandhandler.DeleteBlocksCommandHandler (DeleteBlocksCommandHandler.java:handle(106)) - Start to delete container blocks, TXIDs=[1(0),2(0),3(0)], numOfContainers=3, numOfBlocks=553
2019-09-10 22:12:53,561 [pool-7-thread-1] INFO  commands.RetriableDatanodeEventWatcher (RetriableDatanodeEventWatcher.java:onTimeout(47)) - RetriableDatanodeCommand type=deleteBlocksCommand with id=1568153559846 timed out. Retrying.
2019-09-10 22:12:53,561 [Command processor thread] INFO  commandhandler.DeleteBlocksCommandHandler (DeleteBlocksCommandHandler.java:handle(106)) - Start to delete container blocks, TXIDs=[1(0),2(0),3(0)], numOfContainers=3, numOfBlocks=553
2019-09-10 22:12:53,562 [Command processor thread] INFO  commandhandler.DeleteBlocksCommandHandler (DeleteBlocksCommandHandler.java:handle(106)) - Start to delete container blocks, TXIDs=[1(683),2(683),3(683)], numOfContainers=3, numOfBlocks=553
2019-09-10 22:12:53,564 [Command processor thread] INFO  commandhandler.DeleteBlocksCommandHandler (DeleteBlocksCommandHandler.java:handle(106)) - Start to delete container blocks, TXIDs=[1(0),2(0),3(0)], numOfContainers=3, numOfBlocks=553
2019-09-10 22:12:53,565 [Command processor thread] INFO  commandhandler.DeleteBlocksCommandHandler (DeleteBlocksCommandHandler.java:handle(106)) - Start to delete container blocks, TXIDs=[1(0),2(0),3(0)], numOfContainers=3, numOfBlocks=553
2019-09-10 22:12:53,566 [Command processor thread] INFO  commandhandler.DeleteBlocksCommandHandler (DeleteBlocksCommandHandler.java:handle(106)) - Start to delete container blocks, TXIDs=[1(0),2(0),3(0)], numOfContainers=3, numOfBlocks=553
2019-09-10 22:12:53,567 [Command processor thread] INFO  commandhandler.DeleteBlocksCommandHandler (DeleteBlocksCommandHandler.java:handle(106)) - Start to delete container blocks, TXIDs=[1(0),2(0),3(0)], numOfContainers=3, numOfBlocks=553
2019-09-10 22:12:53,569 [Command processor thread] INFO  commandhandler.DeleteBlocksCommandHandler (DeleteBlocksCommandHandler.java:handle(106)) - Start to delete container blocks, TXIDs=[1(0),2(0),3(0)], numOfContainers=3, numOfBlocks=553
2019-09-10 22:12:53,570 [Command processor thread] INFO  commandhandler.DeleteBlocksCommandHandler (DeleteBlocksCommandHandler.java:handle(106)) - Start to delete container blocks, TXIDs=[1(0),2(0),3(0)], numOfContainers=3, numOfBlocks=553
2019-09-10 22:12:53,571 [Command processor thread] INFO  commandhandler.DeleteBlocksCommandHandler (DeleteBlocksCommandHandler.java:handle(106)) - Start to delete container blocks, TXIDs=[1(0),2(0),3(0)], numOfContainers=3, numOfBlocks=553
2019-09-10 22:12:53,573 [Command processor thread] INFO  commandhandler.DeleteBlocksCommandHandler (DeleteBlocksCommandHandler.java:handle(106)) - Start to delete container blocks, TXIDs=[1(0),2(0),3(0)], numOfContainers=3, numOfBlocks=553
2019-09-10 22:12:53,573 [pool-7-thread-1] INFO  commands.RetriableDatanodeEventWatcher (RetriableDatanodeEventWatcher.java:onTimeout(47)) - RetriableDatanodeCommand type=deleteBlocksCommand with id=1568153559875 timed out. Retrying.
2019-09-10 22:12:53,573 [pool-7-thread-10] INFO  commands.RetriableDatanodeEventWatcher (RetriableDatanodeEventWatcher.java:onTimeout(47)) - RetriableDatanodeCommand type=deleteBlocksCommand with id=1568153559760 timed out. Retrying.
2019-09-10 22:12:53,573 [pool-7-thread-3] INFO  commands.RetriableDatanodeEventWatcher (RetriableDatanodeEventWatcher.java:onTimeout(47)) - RetriableDatanodeCommand type=deleteBlocksCommand with id=1568153559829 timed out. Retrying.
2019-09-10 22:12:53,574 [Command processor thread] INFO  commandhandler.DeleteBlocksCommandHandler (DeleteBlocksCommandHandler.java:handle(106)) - Start to delete container blocks, TXIDs=[1(0),2(0),3(0)], numOfContainers=3, numOfBlocks=553
2019-09-10 22:12:53,575 [pool-7-thread-3] INFO  commands.RetriableDatanodeEventWatcher (RetriableDatanodeEventWatcher.java:onTimeout(47)) - RetriableDatanodeCommand type=deleteBlocksCommand with id=1568153559856 timed out. Retrying.
2019-09-10 22:12:53,575 [Command processor thread] INFO  commandhandler.DeleteBlocksCommandHandler (DeleteBlocksCommandHandler.java:handle(106)) - Start to delete container blocks, TXIDs=[1(0),2(0),3(0)], numOfContainers=3, numOfBlocks=553
2019-09-10 22:12:53,576 [Command processor thread] INFO  commandhandler.DeleteBlocksCommandHandler (DeleteBlocksCommandHandler.java:handle(106)) - Start to delete container blocks, TXIDs=[1(0),2(0),3(0)], numOfContainers=3, numOfBlocks=553
2019-09-10 22:12:53,578 [Command processor thread] INFO  commandhandler.DeleteBlocksCommandHandler (DeleteBlocksCommandHandler.java:handle(106)) - Start to delete container blocks, TXIDs=[1(0),2(0),3(0)], numOfContainers=3, numOfBlocks=553
2019-09-10 22:12:53,579 [Command processor thread] INFO  commandhandler.DeleteBlocksCommandHandler (DeleteBlocksCommandHandler.java:handle(106)) - Start to delete container blocks, TXIDs=[1(733),2(733),3(733)], numOfContainers=3, numOfBlocks=553
2019-09-10 22:12:53,580 [Command processor thread] INFO  commandhandler.DeleteBlocksCommandHandler (DeleteBlocksCommandHandler.java:handle(106)) - Start to delete container blocks, TXIDs=[1(0),2(0),3(0)], numOfContainers=3, numOfBlocks=553
2019-09-10 22:12:53,581 [Command processor thread] INFO  commandhandler.DeleteBlocksCommandHandler (DeleteBlocksCommandHandler.java:handle(106)) - Start to delete container blocks, TXIDs=[1(0),2(0),3(0)], numOfContainers=3, numOfBlocks=553
2019-09-10 22:12:53,582 [Command processor thread] INFO  commandhandler.DeleteBlocksCommandHandler (DeleteBlocksCommandHandler.java:handle(106)) - Start to delete container blocks, TXIDs=[1(0),2(0),3(0)], numOfContainers=3, numOfBlocks=553
2019-09-10 22:12:53,584 [Command processor thread] INFO  commandhandler.DeleteBlocksCommandHandler (DeleteBlocksCommandHandler.java:handle(106)) - Start to delete container blocks, TXIDs=[1(0),2(0),3(0)], numOfContainers=3, numOfBlocks=553
2019-09-10 22:12:53,585 [Command processor thread] INFO  commandhandler.DeleteBlocksCommandHandler (DeleteBlocksCommandHandler.java:handle(106)) - Start to delete container blocks, TXIDs=[1(0),2(0),3(0)], numOfContainers=3, numOfBlocks=553
2019-09-10 22:12:53,586 [SCMBlockDeletingService#1] DEBUG block.SCMBlockDeletingService (SCMBlockDeletingService.java:call(138)) - Running DeletedBlockTransactionScanner
2019-09-10 22:12:53,586 [Command processor thread] INFO  commandhandler.DeleteBlocksCommandHandler (RetriableDatanodeEventWatcher.java:onTimeout(47)) - RetriableDatanodeCommand type=deleteBlocksCommand with id=1568153559770 timed out. Retrying.
DeleteBlocksCommandHandler.java:handle(106)) - Start to delete container blocks, TXIDs=[1(0),2(0),3(0)], numOfContainers=3, numOfBlocks=553
SCMBlockDeletingService.java:call(155)) - Scanned deleted blocks log and got 3 delTX to process.
2019-09-10 22:12:53,586 [Command processor thread] INFO  commandhandler.DeleteBlocksCommandHandler (DeleteBlocksCommandHandler.java:handle(106)) - Start to delete container blocks, TXIDs=[1(0),2(0),3(0)], numOfContainers=3, numOfBlocks=553
2019-09-10 22:12:53,586 [pool-7-thread-3] INFO  commands.RetriableDatanodeEventWatcher (RetriableDatanodeEventWatcher.java:onTimeout(47)) - RetriableDatanodeCommand type=deleteBlocksCommand with id=1568153559770 timed out. Retrying.
2019-09-10 22:12:53,586 [SCMBlockDeletingService#1] DEBUG block.SCMBlockDeletingService (SCMBlockDeletingService.java:call(171)) - Added delete block command for datanode ed5d81fa-aaf0-49db-aa57-acca1dd387bd in the queue, number of delete block transactions: 3, TxID list: 1,2,3
2019-09-10 22:12:53,587 [SCMBlockDeletingService#1] INFO  block.SCMBlockDeletingService (SCMBlockDeletingService.java:call(182)) - Totally added 3 delete blocks command for 1 datanodes, task elapsed time: 1ms
2019-09-10 22:12:53,587 [Command processor thread] INFO  commandhandler.DeleteBlocksCommandHandler (DeleteBlocksCommandHandler.java:handle(106)) - Start to delete container blocks, TXIDs=[1(0),2(0),3(0)], numOfContainers=3, numOfBlocks=553
2019-09-10 22:12:53,589 [pool-7-thread-3] INFO  commands.RetriableDatanodeEventWatcher (RetriableDatanodeEventWatcher.java:onTimeout(47)) - RetriableDatanodeCommand type=deleteBlocksCommand with id=1568153559866 timed out. Retrying.
2019-09-10 22:12:53,589 [Command processor thread] INFO  commandhandler.DeleteBlocksCommandHandler (DeleteBlocksCommandHandler.java:handle(106)) - Start to delete container blocks, TXIDs=[1(0),2(0),3(0)], numOfContainers=3, numOfBlocks=553
2019-09-10 22:12:53,590 [Command processor thread] INFO  commandhandler.DeleteBlocksCommandHandler (DeleteBlocksCommandHandler.java:handle(106)) - Start to delete container blocks, TXIDs=[1(0),2(0),3(0)], numOfContainers=3, numOfBlocks=553
2019-09-10 22:12:53,591 [Command processor thread] INFO  commandhandler.DeleteBlocksCommandHandler (DeleteBlocksCommandHandler.java:handle(106)) - Start to delete container blocks, TXIDs=[1(0),2(0),3(0)], numOfContainers=3, numOfBlocks=553
2019-09-10 22:12:53,592 [Command processor thread] INFO  commandhandler.DeleteBlocksCommandHandler (DeleteBlocksCommandHandler.java:handle(106)) - Start to delete container blocks, TXIDs=[1(0),2(0),3(0)], numOfContainers=3, numOfBlocks=553
2019-09-10 22:12:53,593 [Command processor thread] INFO  commandhandler.DeleteBlocksCommandHandler (DeleteBlocksCommandHandler.java:handle(106)) - Start to delete container blocks, TXIDs=[1(0),2(0),3(0)], numOfContainers=3, numOfBlocks=553
2019-09-10 22:12:53,594 [Command processor thread] INFO  commandhandler.DeleteBlocksCommandHandler (DeleteBlocksCommandHandler.java:handle(106)) - Start to delete container blocks, TXIDs=[1(733),2(733),3(733)], numOfContainers=3, numOfBlocks=553
2019-09-10 22:12:53,595 [Command processor thread] INFO  commandhandler.DeleteBlocksCommandHandler (DeleteBlocksCommandHandler.java:handle(106)) - Start to delete container blocks, TXIDs=[1(0),2(0),3(0)], numOfContainers=3, numOfBlocks=553
2019-09-10 22:12:53,596 [Command processor thread] INFO  commandhandler.DeleteBlocksCommandHandler (DeleteBlocksCommandHandler.java:handle(106)) - Start to delete container blocks, TXIDs=[1(0),2(0),3(0)], numOfContainers=3, numOfBlocks=553
2019-09-10 22:12:53,597 [Command processor thread] INFO  commandhandler.DeleteBlocksCommandHandler (DeleteBlocksCommandHandler.java:handle(106)) - Start to delete container blocks, TXIDs=[1(0),2(0),3(0)], numOfContainers=3, numOfBlocks=553
2019-09-10 22:12:53,598 [Command processor thread] INFO  commandhandler.DeleteBlocksCommandHandler (DeleteBlocksCommandHandler.java:handle(106)) - Start to delete container blocks, TXIDs=[1(0),2(0),3(0)], numOfContainers=3, numOfBlocks=553
2019-09-10 22:12:53,599 [Command processor thread] INFO  commandhandler.DeleteBlocksCommandHandler (DeleteBlocksCommandHandler.java:handle(106)) - Start to delete container blocks, TXIDs=[1(0),2(0),3(0)], numOfContainers=3, numOfBlocks=553
2019-09-10 22:12:53,599 [Command processor thread] INFO  commandhandler.DeleteBlocksCommandHandler (DeleteBlocksCommandHandler.java:handle(106)) - Start to delete container blocks, TXIDs=[1(0),2(0),3(0)], numOfContainers=3, numOfBlocks=553
2019-09-10 22:12:53,600 [Command processor thread] INFO  commandhandler.DeleteBlocksCommandHandler (DeleteBlocksCommandHandler.java:handle(106)) - Start to delete container blocks, TXIDs=[1(0),2(0),3(0)], numOfContainers=3, numOfBlocks=553
2019-09-10 22:12:53,601 [Command processor thread] INFO  commandhandler.DeleteBlocksCommandHandler (DeleteBlocksCommandHandler.java:handle(106)) - Start to delete container blocks, TXIDs=[1(733),2(733),3(733)], numOfContainers=3, numOfBlocks=553
2019-09-10 22:12:53,602 [Command processor thread] INFO  commandhandler.DeleteBlocksCommandHandler (DeleteBlocksCommandHandler.java:handle(106)) - Start to delete container blocks, TXIDs=[1(0),2(0),3(0)], numOfContainers=3, numOfBlocks=553
BlockDeletingService.java:getTasks(129)) - Plan to choose 10 containers for block deletion, actually returns 3 valid containers.
2019-09-10 22:12:53,602 [Command processor thread] INFO  commandhandler.DeleteBlocksCommandHandler (DeleteBlocksCommandHandler.java:handle(106)) - Start to delete container blocks, TXIDs=[1(0),2(0),3(0)], numOfContainers=3, numOfBlocks=553
2019-09-10 22:12:53,603 [Command processor thread] INFO  commandhandler.DeleteBlocksCommandHandler (DeleteBlocksCommandHandler.java:handle(106)) - Start to delete container blocks, TXIDs=[1(0),2(0),3(0)], numOfContainers=3, numOfBlocks=553
2019-09-10 22:12:53,604 [Command processor thread] INFO  commandhandler.DeleteBlocksCommandHandler (DeleteBlocksCommandHandler.java:handle(106)) - Start to delete container blocks, TXIDs=[1(0),2(0),3(0)], numOfContainers=3, numOfBlocks=553
2019-09-10 22:12:53,605 [Command processor thread] INFO  commandhandler.DeleteBlocksCommandHandler (DeleteBlocksCommandHandler.java:handle(106)) - Start to delete container blocks, TXIDs=[1(0),2(0),3(0)], numOfContainers=3, numOfBlocks=553
2019-09-10 22:12:53,609 [Command processor thread] INFO  commandhandler.DeleteBlocksCommandHandler (DeleteBlocksCommandHandler.java:handle(106)) - Start to delete container blocks, TXIDs=[1(0),2(0),3(0)], numOfContainers=3, numOfBlocks=553
2019-09-10 22:12:53,610 [Command processor thread] INFO  commandhandler.DeleteBlocksCommandHandler (DeleteBlocksCommandHandler.java:handle(106)) - Start to delete container blocks, TXIDs=[1(0),2(0),3(0)], numOfContainers=3, numOfBlocks=553
2019-09-10 22:12:53,611 [Command processor thread] INFO  commandhandler.DeleteBlocksCommandHandler (DeleteBlocksCommandHandler.java:handle(106)) - Start to delete container blocks, TXIDs=[1(0),2(0),3(0)], numOfContainers=3, numOfBlocks=553
2019-09-10 22:12:53,612 [Command processor thread] INFO  commandhandler.DeleteBlocksCommandHandler (DeleteBlocksCommandHandler.java:handle(106)) - Start to delete container blocks, TXIDs=[1(0),2(0),3(0)], numOfContainers=3, numOfBlocks=553
2019-09-10 22:12:53,613 [Command processor thread] INFO  commandhandler.DeleteBlocksCommandHandler (DeleteBlocksCommandHandler.java:handle(106)) - Start to delete container blocks, TXIDs=[1(0),2(0),3(0)], numOfContainers=3, numOfBlocks=553
2019-09-10 22:12:53,614 [Command processor thread] INFO  commandhandler.DeleteBlocksCommandHandler (DeleteBlocksCommandHandler.java:handle(106)) - Start to delete container blocks, TXIDs=[1(0),2(0),3(0)], numOfContainers=3, numOfBlocks=553
2019-09-10 22:12:53,614 [Command processor thread] INFO  commandhandler.DeleteBlocksCommandHandler (DeleteBlocksCommandHandler.java:handle(106)) - Start to delete container blocks, TXIDs=[1(0),2(0),3(0)], numOfContainers=3, numOfBlocks=553
2019-09-10 22:12:53,615 [Command processor thread] INFO  commandhandler.DeleteBlocksCommandHandler (DeleteBlocksCommandHandler.java:handle(106)) - Start to delete container blocks, TXIDs=[1(0),2(0),3(0)], numOfContainers=3, numOfBlocks=553
2019-09-10 22:12:53,616 [Command processor thread] INFO  commandhandler.DeleteBlocksCommandHandler (DeleteBlocksCommandHandler.java:handle(106)) - Start to delete container blocks, TXIDs=[1(0),2(0),3(0)], numOfContainers=3, numOfBlocks=553
2019-09-10 22:12:53,617 [Command processor thread] INFO  commandhandler.DeleteBlocksCommandHandler (DeleteBlocksCommandHandler.java:handle(106)) - Start to delete container blocks, TXIDs=[1(0),2(0),3(0)], numOfContainers=3, numOfBlocks=553
2019-09-10 22:12:53,618 [Command processor thread] INFO  commandhandler.DeleteBlocksCommandHandler (DeleteBlocksCommandHandler.java:handle(106)) - Start to delete container blocks, TXIDs=[1(0),2(0),3(0)], numOfContainers=3, numOfBlocks=553
2019-09-10 22:12:53,619 [Command processor thread] INFO  commandhandler.DeleteBlocksCommandHandler (DeleteBlocksCommandHandler.java:handle(106)) - Start to delete container blocks, TXIDs=[1(0),2(0),3(0)], numOfContainers=3, numOfBlocks=553
2019-09-10 22:12:53,620 [Command processor thread] INFO  commandhandler.DeleteBlocksCommandHandler (DeleteBlocksCommandHandler.java:handle(106)) - Start to delete container blocks, TXIDs=[1(0),2(0),3(0)], numOfContainers=3, numOfBlocks=553
2019-09-10 22:12:53,621 [Command processor thread] INFO  commandhandler.DeleteBlocksCommandHandler (DeleteBlocksCommandHandler.java:handle(106)) - Start to delete container blocks, TXIDs=[1(0),2(0),3(0)], numOfContainers=3, numOfBlocks=553
2019-09-10 22:12:53,621 [Command processor thread] INFO  commandhandler.DeleteBlocksCommandHandler (DeleteBlocksCommandHandler.java:handle(106)) - Start to delete container blocks, TXIDs=[1(0),2(0),3(0)], numOfContainers=3, numOfBlocks=553
2019-09-10 22:12:53,622 [Command processor thread] INFO  commandhandler.DeleteBlocksCommandHandler (DeleteBlocksCommandHandler.java:handle(106)) - Start to delete container blocks, TXIDs=[1(0),2(0),3(0)], numOfContainers=3, numOfBlocks=553
2019-09-10 22:12:53,623 [Command processor thread] INFO  commandhandler.DeleteBlocksCommandHandler (DeleteBlocksCommandHandler.java:handle(106)) - Start to delete container blocks, TXIDs=[1(0),2(0),3(0)], numOfContainers=3, numOfBlocks=553
2019-09-10 22:12:53,624 [Command processor thread] INFO  commandhandler.DeleteBlocksCommandHandler (DeleteBlocksCommandHandler.java:handle(106)) - Start to delete container blocks, TXIDs=[1(0),2(0),3(0)], numOfContainers=3, numOfBlocks=553
2019-09-10 22:12:53,625 [Command processor thread] INFO  commandhandler.DeleteBlocksCommandHandler (DeleteBlocksCommandHandler.java:handle(106)) - Start to delete container blocks, TXIDs=[1(0),2(0),3(0)], numOfContainers=3, numOfBlocks=553
2019-09-10 22:12:53,626 [Command processor thread] INFO  commandhandler.DeleteBlocksCommandHandler (DeleteBlocksCommandHandler.java:handle(106)) - Start to delete container blocks, TXIDs=[1(733),2(733),3(733)], numOfContainers=3, numOfBlocks=553
2019-09-10 22:12:53,627 [Command processor thread] INFO  commandhandler.DeleteBlocksCommandHandler (DeleteBlocksCommandHandler.java:handle(106)) - Start to delete container blocks, TXIDs=[1(0),2(0),3(0)], numOfContainers=3, numOfBlocks=553
2019-09-10 22:12:53,628 [Command processor thread] INFO  commandhandler.DeleteBlocksCommandHandler (DeleteBlocksCommandHandler.java:handle(106)) - Start to delete container blocks, TXIDs=[1(0),2(0),3(0)], numOfContainers=3, numOfBlocks=553
2019-09-10 22:12:53,629 [Command processor thread] INFO  commandhandler.DeleteBlocksCommandHandler (DeleteBlocksCommandHandler.java:handle(106)) - Start to delete container blocks, TXIDs=[1(0),2(0),3(0)], numOfContainers=3, numOfBlocks=553
2019-09-10 22:12:53,630 [Command processor thread] INFO  commandhandler.DeleteBlocksCommandHandler (DeleteBlocksCommandHandler.java:handle(106)) - Start to delete container blocks, TXIDs=[1(0),2(0),3(0)], numOfContainers=3, numOfBlocks=553
2019-09-10 22:12:53,630 [Command processor thread] INFO  commandhandler.DeleteBlocksCommandHandler (DeleteBlocksCommandHandler.java:handle(106)) - Start to delete container blocks, TXIDs=[1(0),2(0),3(0)], numOfContainers=3, numOfBlocks=553
2019-09-10 22:12:53,631 [Command processor thread] INFO  commandhandler.DeleteBlocksCommandHandler (DeleteBlocksCommandHandler.java:handle(106)) - Start to delete container blocks, TXIDs=[1(0),2(0),3(0)], numOfContainers=3, numOfBlocks=553
2019-09-10 22:12:53,632 [Command processor thread] INFO  commandhandler.DeleteBlocksCommandHandler (DeleteBlocksCommandHandler.java:handle(106)) - Start to delete container blocks, TXIDs=[1(0),2(0),3(0)], numOfContainers=3, numOfBlocks=553
2019-09-10 22:12:53,633 [Command processor thread] INFO  commandhandler.DeleteBlocksCommandHandler (DeleteBlocksCommandHandler.java:handle(106)) - Start to delete container blocks, TXIDs=[1(0),2(0),3(0)], numOfContainers=3, numOfBlocks=553
2019-09-10 22:12:53,634 [Command processor thread] INFO  commandhandler.DeleteBlocksCommandHandler (DeleteBlocksCommandHandler.java:handle(106)) - Start to delete container blocks, TXIDs=[1(0),2(0),3(0)], numOfContainers=3, numOfBlocks=553
2019-09-10 22:12:53,635 [Command processor thread] INFO  commandhandler.DeleteBlocksCommandHandler (DeleteBlocksCommandHandler.java:handle(106)) - Start to delete container blocks, TXIDs=[1(733),2(733),3(733)], numOfContainers=3, numOfBlocks=553
2019-09-10 22:12:53,636 [Command processor thread] INFO  commandhandler.DeleteBlocksCommandHandler (DeleteBlocksCommandHandler.java:handle(106)) - Start to delete container blocks, TXIDs=[1(0),2(0),3(0)], numOfContainers=3, numOfBlocks=553
2019-09-10 22:12:53,637 [Command processor thread] INFO  commandhandler.DeleteBlocksCommandHandler (DeleteBlocksCommandHandler.java:handle(106)) - Start to delete container blocks, TXIDs=[1(0),2(0),3(0)], numOfContainers=3, numOfBlocks=553
2019-09-10 22:12:53,638 [Command processor thread] INFO  commandhandler.DeleteBlocksCommandHandler (DeleteBlocksCommandHandler.java:handle(106)) - Start to delete container blocks, TXIDs=[1(0),2(0),3(0)], numOfContainers=3, numOfBlocks=553
2019-09-10 22:12:53,638 [Command processor thread] INFO  commandhandler.DeleteBlocksCommandHandler (DeleteBlocksCommandHandler.java:handle(106)) - Start to delete container blocks, TXIDs=[1(0),2(0),3(0)], numOfContainers=3, numOfBlocks=553
2019-09-10 22:12:53,639 [Command processor thread] INFO  commandhandler.DeleteBlocksCommandHandler (DeleteBlocksCommandHandler.java:handle(106)) - Start to delete container blocks, TXIDs=[1(0),2(0),3(0)], numOfContainers=3, numOfBlocks=553
2019-09-10 22:12:53,640 [Command processor thread] INFO  commandhandler.DeleteBlocksCommandHandler (DeleteBlocksCommandHandler.java:handle(106)) - Start to delete container blocks, TXIDs=[1(0),2(0),3(0)], numOfContainers=3, numOfBlocks=553
2019-09-10 22:12:53,641 [Command processor thread] INFO  commandhandler.DeleteBlocksCommandHandler (DeleteBlocksCommandHandler.java:handle(106)) - Start to delete container blocks, TXIDs=[1(0),2(0),3(0)], numOfContainers=3, numOfBlocks=553
2019-09-10 22:12:53,642 [Command processor thread] INFO  commandhandler.DeleteBlocksCommandHandler (DeleteBlocksCommandHandler.java:handle(106)) - Start to delete container blocks, TXIDs=[1(0),2(0),3(0)], numOfContainers=3, numOfBlocks=553
2019-09-10 22:12:53,643 [Command processor thread] INFO  commandhandler.DeleteBlocksCommandHandler (DeleteBlocksCommandHandler.java:handle(106)) - Start to delete container blocks, TXIDs=[1(0),2(0),3(0)], numOfContainers=3, numOfBlocks=553
2019-09-10 22:12:53,644 [Command processor thread] INFO  commandhandler.DeleteBlocksCommandHandler (DeleteBlocksCommandHandler.java:handle(106)) - Start to delete container blocks, TXIDs=[1(0),2(0),3(0)], numOfContainers=3, numOfBlocks=553
2019-09-10 22:12:53,645 [Command processor thread] INFO  commandhandler.DeleteBlocksCommandHandler (DeleteBlocksCommandHandler.java:handle(106)) - Start to delete container blocks, TXIDs=[1(0),2(0),3(0)], numOfContainers=3, numOfBlocks=553
2019-09-10 22:12:53,645 [Command processor thread] INFO  commandhandler.DeleteBlocksCommandHandler (DeleteBlocksCommandHandler.java:handle(106)) - Start to delete container blocks, TXIDs=[1(0),2(0),3(0)], numOfContainers=3, numOfBlocks=553
2019-09-10 22:12:53,646 [Command processor thread] INFO  commandhandler.DeleteBlocksCommandHandler (DeleteBlocksCommandHandler.java:handle(106)) - Start to delete container blocks, TXIDs=[1(0),2(0),3(0)], numOfContainers=3, numOfBlocks=553
2019-09-10 22:12:53,647 [Command processor thread] INFO  commandhandler.DeleteBlocksCommandHandler (DeleteBlocksCommandHandler.java:handle(106)) - Start to delete container blocks, TXIDs=[1(0),2(0),3(0)], numOfContainers=3, numOfBlocks=553
2019-09-10 22:12:53,648 [Command processor thread] INFO  commandhandler.DeleteBlocksCommandHandler (DeleteBlocksCommandHandler.java:handle(106)) - Start to delete container blocks, TXIDs=[1(733),2(733),3(733)], numOfContainers=3, numOfBlocks=553
2019-09-10 22:12:53,649 [Command processor thread] INFO  commandhandler.DeleteBlocksCommandHandler (DeleteBlocksCommandHandler.java:handle(106)) - Start to delete container blocks, TXIDs=[1(0),2(0),3(0)], numOfContainers=3, numOfBlocks=553
2019-09-10 22:12:53,650 [Command processor thread] INFO  commandhandler.DeleteBlocksCommandHandler (DeleteBlocksCommandHandler.java:handle(106)) - Start to delete container blocks, TXIDs=[1(0),2(0),3(0)], numOfContainers=3, numOfBlocks=553
2019-09-10 22:12:53,651 [Command processor thread] INFO  commandhandler.DeleteBlocksCommandHandler (DeleteBlocksCommandHandler.java:handle(106)) - Start to delete container blocks, TXIDs=[1(0),2(0),3(0)], numOfContainers=3, numOfBlocks=553
2019-09-10 22:12:53,652 [Command processor thread] INFO  commandhandler.DeleteBlocksCommandHandler (DeleteBlocksCommandHandler.java:handle(106)) - Start to delete container blocks, TXIDs=[1(0),2(0),3(0)], numOfContainers=3, numOfBlocks=553
2019-09-10 22:12:53,652 [Command processor thread] INFO  commandhandler.DeleteBlocksCommandHandler (DeleteBlocksCommandHandler.java:handle(106)) - Start to delete container blocks, TXIDs=[1(0),2(0),3(0)], numOfContainers=3, numOfBlocks=553
2019-09-10 22:12:53,653 [Command processor thread] INFO  commandhandler.DeleteBlocksCommandHandler (DeleteBlocksCommandHandler.java:handle(106)) - Start to delete container blocks, TXIDs=[1(0),2(0),3(0)], numOfContainers=3, numOfBlocks=553
2019-09-10 22:12:53,654 [Command processor thread] INFO  commandhandler.DeleteBlocksCommandHandler (DeleteBlocksCommandHandler.java:handle(106)) - Start to delete container blocks, TXIDs=[1(0),2(0),3(0)], numOfContainers=3, numOfBlocks=553
2019-09-10 22:12:53,655 [Command processor thread] INFO  commandhandler.DeleteBlocksCommandHandler (DeleteBlocksCommandHandler.java:handle(106)) - Start to delete container blocks, TXIDs=[1(0),2(0),3(0)], numOfContainers=3, numOfBlocks=553
2019-09-10 22:12:53,656 [Command processor thread] INFO  commandhandler.DeleteBlocksCommandHandler (DeleteBlocksCommandHandler.java:handle(106)) - Start to delete container blocks, TXIDs=[1(0),2(0),3(0)], numOfContainers=3, numOfBlocks=553
2019-09-10 22:12:53,657 [Command processor thread] INFO  commandhandler.DeleteBlocksCommandHandler (DeleteBlocksCommandHandler.java:handle(106)) - Start to delete container blocks, TXIDs=[1(0),2(0),3(0)], numOfContainers=3, numOfBlocks=553
2019-09-10 22:12:53,658 [Command processor thread] INFO  commandhandler.DeleteBlocksCommandHandler (DeleteBlocksCommandHandler.java:handle(106)) - Start to delete container blocks, TXIDs=[1(0),2(0),3(0)], numOfContainers=3, numOfBlocks=553
2019-09-10 22:12:53,659 [Command processor thread] INFO  commandhandler.DeleteBlocksCommandHandler (DeleteBlocksCommandHandler.java:handle(106)) - Start to delete container blocks, TXIDs=[1(0),2(0),3(0)], numOfContainers=3, numOfBlocks=553
2019-09-10 22:12:53,659 [Command processor thread] INFO  commandhandler.DeleteBlocksCommandHandler (DeleteBlocksCommandHandler.java:handle(106)) - Start to delete container blocks, TXIDs=[1(733),2(733),3(733)], numOfContainers=3, numOfBlocks=553
2019-09-10 22:12:53,660 [Command processor thread] INFO  commandhandler.DeleteBlocksCommandHandler (DeleteBlocksCommandHandler.java:handle(106)) - Start to delete container blocks, TXIDs=[1(0),2(0),3(0)], numOfContainers=3, numOfBlocks=553
2019-09-10 22:12:53,661 [Command processor thread] INFO  commandhandler.DeleteBlocksCommandHandler (DeleteBlocksCommandHandler.java:handle(106)) - Start to delete container blocks, TXIDs=[1(0),2(0),3(0)], numOfContainers=3, numOfBlocks=553
2019-09-10 22:12:53,662 [Command processor thread] INFO  commandhandler.DeleteBlocksCommandHandler (DeleteBlocksCommandHandler.java:handle(106)) - Start to delete container blocks, TXIDs=[1(0),2(0),3(0)], numOfContainers=3, numOfBlocks=553
2019-09-10 22:12:53,663 [Command processor thread] INFO  commandhandler.DeleteBlocksCommandHandler (DeleteBlocksCommandHandler.java:handle(106)) - Start to delete container blocks, TXIDs=[1(0),2(0),3(0)], numOfContainers=3, numOfBlocks=553
2019-09-10 22:12:53,664 [Command processor thread] INFO  commandhandler.DeleteBlocksCommandHandler (DeleteBlocksCommandHandler.java:handle(106)) - Start to delete container blocks, TXIDs=[1(0),2(0),3(0)], numOfContainers=3, numOfBlocks=553
2019-09-10 22:12:53,664 [pool-7-thread-3] INFO  commands.RetriableDatanodeEventWatcher (RetriableDatanodeEventWatcher.java:onTimeout(47)) - RetriableDatanodeCommand type=deleteBlocksCommand with id=1568153559837 timed out. Retrying.
2019-09-10 22:12:53,664 [pool-7-thread-10] INFO  commands.RetriableDatanodeEventWatcher (RetriableDatanodeEventWatcher.java:onTimeout(47)) - RetriableDatanodeCommand type=deleteBlocksCommand with id=1568153559780 timed out. Retrying.
2019-09-10 22:12:53,665 [Command processor thread] INFO  commandhandler.DeleteBlocksCommandHandler (DeleteBlocksCommandHandler.java:handle(106)) - Start to delete container blocks, TXIDs=[1(0),2(0),3(0)], numOfContainers=3, numOfBlocks=553
2019-09-10 22:12:53,665 [pool-7-thread-10] INFO  commands.RetriableDatanodeEventWatcher (RetriableDatanodeEventWatcher.java:onTimeout(47)) - RetriableDatanodeCommand type=deleteBlocksCommand with id=1568153559810 timed out. Retrying.
2019-09-10 22:12:53,666 [Command processor thread] INFO  commandhandler.DeleteBlocksCommandHandler (DeleteBlocksCommandHandler.java:handle(106)) - Start to delete container blocks, TXIDs=[1(0),2(0),3(0)], numOfContainers=3, numOfBlocks=553
2019-09-10 22:12:53,666 [pool-7-thread-5] INFO  commands.RetriableDatanodeEventWatcher (RetriableDatanodeEventWatcher.java:onTimeout(47)) - RetriableDatanodeCommand type=deleteBlocksCommand with id=1568153559790 timed out. Retrying.
2019-09-10 22:12:53,666 [pool-7-thread-3] INFO  commands.RetriableDatanodeEventWatcher (RetriableDatanodeEventWatcher.java:onTimeout(47)) - RetriableDatanodeCommand type=deleteBlocksCommand with id=1568153559820 timed out. Retrying.
2019-09-10 22:12:53,666 [pool-7-thread-4] INFO  commands.RetriableDatanodeEventWatcher (RetriableDatanodeEventWatcher.java:onTimeout(47)) - RetriableDatanodeCommand type=deleteBlocksCommand with id=1568153559800 timed out. Retrying.
2019-09-10 22:12:53,666 [pool-7-thread-1] INFO  commands.RetriableDatanodeEventWatcher (RetriableDatanodeEventWatcher.java:onTimeout(47)) - RetriableDatanodeCommand type=deleteBlocksCommand with id=1568153559847 timed out. Retrying.
2019-09-10 22:12:53,667 [Command processor thread] INFO  commandhandler.DeleteBlocksCommandHandler (DeleteBlocksCommandHandler.java:handle(106)) - Start to delete container blocks, TXIDs=[1(0),2(0),3(0)], numOfContainers=3, numOfBlocks=553
2019-09-10 22:12:53,668 [Command processor thread] INFO  commandhandler.DeleteBlocksCommandHandler (DeleteBlocksCommandHandler.java:handle(106)) - Start to delete container blocks, TXIDs=[1(0),2(0),3(0)], numOfContainers=3, numOfBlocks=553
2019-09-10 22:12:53,668 [Command processor thread] INFO  commandhandler.DeleteBlocksCommandHandler (DeleteBlocksCommandHandler.java:handle(106)) - Start to delete container blocks, TXIDs=[1(0),2(0),3(0)], numOfContainers=3, numOfBlocks=553
2019-09-10 22:12:53,669 [Command processor thread] INFO  commandhandler.DeleteBlocksCommandHandler (DeleteBlocksCommandHandler.java:handle(106)) - Start to delete container blocks, TXIDs=[1(858),2(858),3(858)], numOfContainers=3, numOfBlocks=553
2019-09-10 22:12:53,670 [Command processor thread] INFO  commandhandler.DeleteBlocksCommandHandler (DeleteBlocksCommandHandler.java:handle(106)) - Start to delete container blocks, TXIDs=[1(0),2(0),3(0)], numOfContainers=3, numOfBlocks=553
2019-09-10 22:12:53,671 [Command processor thread] INFO  commandhandler.DeleteBlocksCommandHandler (DeleteBlocksCommandHandler.java:handle(106)) - Start to delete container blocks, TXIDs=[1(0),2(0),3(0)], numOfContainers=3, numOfBlocks=553
2019-09-10 22:12:53,672 [Command processor thread] INFO  commandhandler.DeleteBlocksCommandHandler (DeleteBlocksCommandHandler.java:handle(106)) - Start to delete container blocks, TXIDs=[1(0),2(0),3(0)], numOfContainers=3, numOfBlocks=553
2019-09-10 22:12:53,673 [pool-7-thread-1] INFO  commands.RetriableDatanodeEventWatcher (RetriableDatanodeEventWatcher.java:onTimeout(47)) - RetriableDatanodeCommand type=deleteBlocksCommand with id=1568153559830 timed out. Retrying.
2019-09-10 22:12:53,673 [Command processor thread] INFO  commandhandler.DeleteBlocksCommandHandler (DeleteBlocksCommandHandler.java:handle(106)) - Start to delete container blocks, TXIDs=[1(0),2(0),3(0)], numOfContainers=3, numOfBlocks=553
2019-09-10 22:12:53,673 [pool-7-thread-1] INFO  commands.RetriableDatanodeEventWatcher (RetriableDatanodeEventWatcher.java:onTimeout(47)) - RetriableDatanodeCommand type=deleteBlocksCommand with id=1568153559876 timed out. Retrying.
2019-09-10 22:12:53,674 [Command processor thread] INFO  commandhandler.DeleteBlocksCommandHandler (DeleteBlocksCommandHandler.java:handle(106)) - Start to delete container blocks, TXIDs=[1(161),2(161),3(161)], numOfContainers=3, numOfBlocks=553
2019-09-10 22:12:53,674 [pool-7-thread-1] INFO  commands.RetriableDatanodeEventWatcher (RetriableDatanodeEventWatcher.java:onTimeout(47)) - RetriableDatanodeCommand type=deleteBlocksCommand with id=1568153559857 timed out. Retrying.
2019-09-10 22:12:53,675 [pool-7-thread-4] INFO  commands.RetriableDatanodeEventWatcher (RetriableDatanodeEventWatcher.java:onTimeout(47)) - RetriableDatanodeCommand type=deleteBlocksCommand with id=1568153559761 timed out. Retrying.
2019-09-10 22:12:53,675 [Command processor thread] INFO  commandhandler.DeleteBlocksCommandHandler (DeleteBlocksCommandHandler.java:handle(106)) - Start to delete container blocks, TXIDs=[1(0),2(0),3(0)], numOfContainers=3, numOfBlocks=553
2019-09-10 22:12:53,676 [Command processor thread] INFO  commandhandler.DeleteBlocksCommandHandler (DeleteBlocksCommandHandler.java:handle(106)) - Start to delete container blocks, TXIDs=[1(0),2(0),3(0)], numOfContainers=3, numOfBlocks=553
2019-09-10 22:12:53,676 [Command processor thread] INFO  commandhandler.DeleteBlocksCommandHandler (DeleteBlocksCommandHandler.java:handle(106)) - Start to delete container blocks, TXIDs=[1(0),2(0),3(0)], numOfContainers=3, numOfBlocks=553
2019-09-10 22:12:53,677 [Command processor thread] INFO  commandhandler.DeleteBlocksCommandHandler (DeleteBlocksCommandHandler.java:handle(106)) - Start to delete container blocks, TXIDs=[1(0),2(0),3(0)], numOfContainers=3, numOfBlocks=553
2019-09-10 22:12:53,678 [Command processor thread] INFO  commandhandler.DeleteBlocksCommandHandler (DeleteBlocksCommandHandler.java:handle(106)) - Start to delete container blocks, TXIDs=[1(0),2(0),3(0)], numOfContainers=3, numOfBlocks=553
2019-09-10 22:12:53,679 [Command processor thread] INFO  commandhandler.DeleteBlocksCommandHandler (DeleteBlocksCommandHandler.java:handle(106)) - Start to delete container blocks, TXIDs=[1(0),2(0),3(0)], numOfContainers=3, numOfBlocks=553
2019-09-10 22:12:53,680 [Command processor thread] INFO  commandhandler.DeleteBlocksCommandHandler (DeleteBlocksCommandHandler.java:handle(106)) - Start to delete container blocks, TXIDs=[1(0),2(0),3(0)], numOfContainers=3, numOfBlocks=553
2019-09-10 22:12:53,681 [Command processor thread] INFO  commandhandler.DeleteBlocksCommandHandler (DeleteBlocksCommandHandler.java:handle(106)) - Start to delete container blocks, TXIDs=[1(0),2(0),3(0)], numOfContainers=3, numOfBlocks=553
2019-09-10 22:12:53,682 [Command processor thread] INFO  commandhandler.DeleteBlocksCommandHandler (DeleteBlocksCommandHandler.java:handle(106)) - Start to delete container blocks, TXIDs=[1(858),2(858),3(858)], numOfContainers=3, numOfBlocks=553
2019-09-10 22:12:53,682 [Command processor thread] INFO  commandhandler.DeleteBlocksCommandHandler (DeleteBlocksCommandHandler.java:handle(106)) - Start to delete container blocks, TXIDs=[1(0),2(0),3(0)], numOfContainers=3, numOfBlocks=553
2019-09-10 22:12:53,683 [Command processor thread] INFO  commandhandler.DeleteBlocksCommandHandler (DeleteBlocksCommandHandler.java:handle(106)) - Start to delete container blocks, TXIDs=[1(0),2(0),3(0)], numOfContainers=3, numOfBlocks=553
2019-09-10 22:12:53,684 [pool-7-thread-4] INFO  commands.RetriableDatanodeEventWatcher (RetriableDatanodeEventWatcher.java:onTimeout(47)) - RetriableDatanodeCommand type=deleteBlocksCommand with id=1568153559771 timed out. Retrying.
2019-09-10 22:12:53,684 [Command processor thread] INFO  commandhandler.DeleteBlocksCommandHandler (DeleteBlocksCommandHandler.java:handle(106)) - Start to delete container blocks, TXIDs=[1(0),2(0),3(0)], numOfContainers=3, numOfBlocks=553
2019-09-10 22:12:53,685 [Command processor thread] INFO  commandhandler.DeleteBlocksCommandHandler (DeleteBlocksCommandHandler.java:handle(106)) - Start to delete container blocks, TXIDs=[1(683),2(683),3(683)], numOfContainers=3, numOfBlocks=553
2019-09-10 22:12:53,686 [Command processor thread] INFO  commandhandler.DeleteBlocksCommandHandler (DeleteBlocksCommandHandler.java:handle(106)) - Start to delete container blocks, TXIDs=[1(0),2(0),3(0)], numOfContainers=3, numOfBlocks=553
2019-09-10 22:12:53,687 [Command processor thread] INFO  commandhandler.DeleteBlocksCommandHandler (DeleteBlocksCommandHandler.java:handle(106)) - Start to delete container blocks, TXIDs=[1(0),2(0),3(0)], numOfContainers=3, numOfBlocks=553
2019-09-10 22:12:53,687 [SCMBlockDeletingService#1] DEBUG block.SCMBlockDeletingService (SCMBlockDeletingService.java:call(138)) - Running DeletedBlockTransactionScanner
2019-09-10 22:12:53,687 [SCMBlockDeletingService#1] DEBUG block.SCMBlockDeletingService (SCMBlockDeletingService.java:call(155)) - Scanned deleted blocks log and got 3 delTX to process.
2019-09-10 22:12:53,688 [Command processor thread] INFO  commandhandler.DeleteBlocksCommandHandler (SCMBlockDeletingService.java:call(171)) - Added delete block command for datanode ed5d81fa-aaf0-49db-aa57-acca1dd387bd in the queue, number of delete block transactions: 3, TxID list: 1,2,3
2019-09-10 22:12:53,688 [Command processor thread] INFO  commandhandler.DeleteBlocksCommandHandler (DeleteBlocksCommandHandler.java:handle(106)) - Start to delete container blocks, TXIDs=[1(0),2(0),3(0)], numOfContainers=3, numOfBlocks=553
2019-09-10 22:12:53,688 [SCMBlockDeletingService#1] INFO  block.SCMBlockDeletingService (SCMBlockDeletingService.java:call(182)) - Totally added 3 delete blocks command for 1 datanodes, task elapsed time: 1ms
2019-09-10 22:12:53,689 [Command processor thread] INFO  commandhandler.DeleteBlocksCommandHandler (DeleteBlocksCommandHandler.java:handle(106)) - Start to delete container blocks, TXIDs=[1(0),2(0),3(0)], numOfContainers=3, numOfBlocks=553
2019-09-10 22:12:53,689 [Command processor thread] INFO  commandhandler.DeleteBlocksCommandHandler (DeleteBlocksCommandHandler.java:handle(106)) - Start to delete container blocks, TXIDs=[1(0),2(0),3(0)], numOfContainers=3, numOfBlocks=553
2019-09-10 22:12:53,690 [Command processor thread] INFO  commandhandler.DeleteBlocksCommandHandler (DeleteBlocksCommandHandler.java:handle(106)) - Start to delete container blocks, TXIDs=[1(0),2(0),3(0)], numOfContainers=3, numOfBlocks=553
2019-09-10 22:12:53,691 [pool-7-thread-4] INFO  commands.RetriableDatanodeEventWatcher (RetriableDatanodeEventWatcher.java:onTimeout(47)) - RetriableDatanodeCommand type=deleteBlocksCommand with id=1568153559867 timed out. Retrying.
2019-09-10 22:12:53,691 [Command processor thread] INFO  commandhandler.DeleteBlocksCommandHandler (DeleteBlocksCommandHandler.java:handle(106)) - Start to delete container blocks, TXIDs=[1(0),2(0),3(0)], numOfContainers=3, numOfBlocks=553
2019-09-10 22:12:53,692 [Command processor thread] INFO  commandhandler.DeleteBlocksCommandHandler (DeleteBlocksCommandHandler.java:handle(106)) - Start to delete container blocks, TXIDs=[1(0),2(0),3(0)], numOfContainers=3, numOfBlocks=553
2019-09-10 22:12:53,693 [Command processor thread] INFO  commandhandler.DeleteBlocksCommandHandler (DeleteBlocksCommandHandler.java:handle(106)) - Start to delete container blocks, TXIDs=[1(0),2(0),3(0)], numOfContainers=3, numOfBlocks=553
2019-09-10 22:12:53,694 [Command processor thread] INFO  commandhandler.DeleteBlocksCommandHandler (DeleteBlocksCommandHandler.java:handle(106)) - Start to delete container blocks, TXIDs=[1(858),2(858),3(858)], numOfContainers=3, numOfBlocks=553
2019-09-10 22:12:53,695 [Command processor thread] INFO  commandhandler.DeleteBlocksCommandHandler (DeleteBlocksCommandHandler.java:handle(106)) - Start to delete container blocks, TXIDs=[1(0),2(0),3(0)], numOfContainers=3, numOfBlocks=553
2019-09-10 22:12:53,696 [Command processor thread] INFO  commandhandler.DeleteBlocksCommandHandler (DeleteBlocksCommandHandler.java:handle(106)) - Start to delete container blocks, TXIDs=[1(0),2(0),3(0)], numOfContainers=3, numOfBlocks=553
2019-09-10 22:12:53,696 [Command processor thread] INFO  commandhandler.DeleteBlocksCommandHandler (DeleteBlocksCommandHandler.java:handle(106)) - Start to delete container blocks, TXIDs=[1(0),2(0),3(0)], numOfContainers=3, numOfBlocks=553
2019-09-10 22:12:53,697 [pool-7-thread-4] INFO  commands.RetriableDatanodeEventWatcher (RetriableDatanodeEventWatcher.java:onTimeout(47)) - RetriableDatanodeCommand type=deleteBlocksCommand with id=1568153559781 timed out. Retrying.
2019-09-10 22:12:53,697 [Command processor thread] INFO  commandhandler.DeleteBlocksCommandHandler (DeleteBlocksCommandHandler.java:handle(106)) - Start to delete container blocks, TXIDs=[1(733),2(733),3(733)], numOfContainers=3, numOfBlocks=553
2019-09-10 22:12:53,698 [Command processor thread] INFO  commandhandler.DeleteBlocksCommandHandler (DeleteBlocksCommandHandler.java:handle(106)) - Start to delete container blocks, TXIDs=[1(0),2(0),3(0)], numOfContainers=3, numOfBlocks=553
2019-09-10 22:12:53,699 [Command processor thread] INFO  commandhandler.DeleteBlocksCommandHandler (DeleteBlocksCommandHandler.java:handle(106)) - Start to delete container blocks, TXIDs=[1(0),2(0),3(0)], numOfContainers=3, numOfBlocks=553
2019-09-10 22:12:53,700 [Command processor thread] INFO  commandhandler.DeleteBlocksCommandHandler (DeleteBlocksCommandHandler.java:handle(106)) - Start to delete container blocks, TXIDs=[1(0),2(0),3(0)], numOfContainers=3, numOfBlocks=553
2019-09-10 22:12:53,701 [Command processor thread] INFO  commandhandler.DeleteBlocksCommandHandler (DeleteBlocksCommandHandler.java:handle(106)) - Start to delete container blocks, TXIDs=[1(0),2(0),3(0)], numOfContainers=3, numOfBlocks=553
2019-09-10 22:12:53,702 [Command processor thread] INFO  commandhandler.DeleteBlocksCommandHandler (DeleteBlocksCommandHandler.java:handle(106)) - Start to delete container blocks, TXIDs=[1(0),2(0),3(0)], numOfContainers=3, numOfBlocks=553
2019-09-10 22:12:53,703 [Command processor thread] INFO  commandhandler.DeleteBlocksCommandHandler (DeleteBlocksCommandHandler.java:handle(106)) - Start to delete container blocks, TXIDs=[1(0),2(0),3(0)], numOfContainers=3, numOfBlocks=553
2019-09-10 22:12:53,704 [Command processor thread] INFO  commandhandler.DeleteBlocksCommandHandler (DeleteBlocksCommandHandler.java:handle(106)) - Start to delete container blocks, TXIDs=[1(0),2(0),3(0)], numOfContainers=3, numOfBlocks=553
2019-09-10 22:12:53,705 [Command processor thread] INFO  commandhandler.DeleteBlocksCommandHandler (DeleteBlocksCommandHandler.java:handle(106)) - Start to delete container blocks, TXIDs=[1(0),2(0),3(0)], numOfContainers=3, numOfBlocks=553
2019-09-10 22:12:53,705 [Command processor thread] INFO  commandhandler.DeleteBlocksCommandHandler (DeleteBlocksCommandHandler.java:handle(106)) - Start to delete container blocks, TXIDs=[1(905),2(905),3(905)], numOfContainers=3, numOfBlocks=553
2019-09-10 22:12:53,706 [Command processor thread] INFO  commandhandler.DeleteBlocksCommandHandler (DeleteBlocksCommandHandler.java:handle(106)) - Start to delete container blocks, TXIDs=[1(0),2(0),3(0)], numOfContainers=3, numOfBlocks=553
2019-09-10 22:12:53,707 [Command processor thread] INFO  commandhandler.DeleteBlocksCommandHandler (DeleteBlocksCommandHandler.java:handle(106)) - Start to delete container blocks, TXIDs=[1(0),2(0),3(0)], numOfContainers=3, numOfBlocks=553
2019-09-10 22:12:53,708 [Command processor thread] INFO  commandhandler.DeleteBlocksCommandHandler (DeleteBlocksCommandHandler.java:handle(106)) - Start to delete container blocks, TXIDs=[1(0),2(0),3(0)], numOfContainers=3, numOfBlocks=553
2019-09-10 22:12:53,709 [Command processor thread] INFO  commandhandler.DeleteBlocksCommandHandler (DeleteBlocksCommandHandler.java:handle(106)) - Start to delete container blocks, TXIDs=[1(0),2(0),3(0)], numOfContainers=3, numOfBlocks=553
2019-09-10 22:12:53,710 [Command processor thread] INFO  commandhandler.DeleteBlocksCommandHandler (DeleteBlocksCommandHandler.java:handle(106)) - Start to delete container blocks, TXIDs=[1(733),2(733),3(733)], numOfContainers=3, numOfBlocks=553
2019-09-10 22:12:53,711 [pool-7-thread-4] INFO  commands.RetriableDatanodeEventWatcher (RetriableDatanodeEventWatcher.java:onTimeout(DeleteBlocksCommandHandler.java:handle(106)) - Start to delete container blocks, TXIDs=[1(0),2(0),3(0)], numOfContainers=3, numOfBlocks=553
47)) - RetriableDatanodeCommand type=deleteBlocksCommand with id=1568153559791 timed out. Retrying.
2019-09-10 22:12:53,711 [Command processor thread] INFO  commandhandler.DeleteBlocksCommandHandler (DeleteBlocksCommandHandler.java:handle(106)) - Start to delete container blocks, TXIDs=[1(0),2(0),3(0)], numOfContainers=3, numOfBlocks=553
2019-09-10 22:12:53,712 [Command processor thread] INFO  commandhandler.DeleteBlocksCommandHandler (DeleteBlocksCommandHandler.java:handle(106)) - Start to delete container blocks, TXIDs=[1(0),2(0),3(0)], numOfContainers=3, numOfBlocks=553
2019-09-10 22:12:53,712 [Command processor thread] INFO  commandhandler.DeleteBlocksCommandHandler (DeleteBlocksCommandHandler.java:handle(106)) - Start to delete container blocks, TXIDs=[1(0),2(0),3(0)], numOfContainers=3, numOfBlocks=553
2019-09-10 22:12:53,713 [Command processor thread] INFO  commandhandler.DeleteBlocksCommandHandler (DeleteBlocksCommandHandler.java:handle(106)) - Start to delete container blocks, TXIDs=[1(909),2(909),3(909)], numOfContainers=3, numOfBlocks=553
2019-09-10 22:12:53,714 [Command processor thread] INFO  commandhandler.DeleteBlocksCommandHandler (DeleteBlocksCommandHandler.java:handle(106)) - Start to delete container blocks, TXIDs=[1(0),2(0),3(0)], numOfContainers=3, numOfBlocks=553
2019-09-10 22:12:53,715 [Command processor thread] INFO  commandhandler.DeleteBlocksCommandHandler (DeleteBlocksCommandHandler.java:handle(106)) - Start to delete container blocks, TXIDs=[1(0),2(0),3(0)], numOfContainers=3, numOfBlocks=553
2019-09-10 22:12:53,716 [Command processor thread] INFO  commandhandler.DeleteBlocksCommandHandler (DeleteBlocksCommandHandler.java:handle(106)) - Start to delete container blocks, TXIDs=[1(733),2(733),3(733)], numOfContainers=3, numOfBlocks=553
2019-09-10 22:12:53,717 [Command processor thread] INFO  commandhandler.DeleteBlocksCommandHandler (DeleteBlocksCommandHandler.java:handle(106)) - Start to delete container blocks, TXIDs=[1(0),2(0),3(0)], numOfContainers=3, numOfBlocks=553
2019-09-10 22:12:53,718 [Command processor thread] INFO  commandhandler.DeleteBlocksCommandHandler (DeleteBlocksCommandHandler.java:handle(106)) - Start to delete container blocks, TXIDs=[1(0),2(0),3(0)], numOfContainers=3, numOfBlocks=553
2019-09-10 22:12:53,718 [Command processor thread] INFO  commandhandler.DeleteBlocksCommandHandler (DeleteBlocksCommandHandler.java:handle(106)) - Start to delete container blocks, TXIDs=[1(0),2(0),3(0)], numOfContainers=3, numOfBlocks=553
2019-09-10 22:12:53,719 [Command processor thread] INFO  commandhandler.DeleteBlocksCommandHandler (DeleteBlocksCommandHandler.java:handle(106)) - Start to delete container blocks, TXIDs=[1(0),2(0),3(0)], numOfContainers=3, numOfBlocks=553
2019-09-10 22:12:53,720 [Command processor thread] INFO  commandhandler.DeleteBlocksCommandHandler (DeleteBlocksCommandHandler.java:handle(106)) - Start to delete container blocks, TXIDs=[1(0),2(0),3(0)], numOfContainers=3, numOfBlocks=553
2019-09-10 22:12:53,721 [Command processor thread] INFO  commandhandler.DeleteBlocksCommandHandler (DeleteBlocksCommandHandler.java:handle(106)) - Start to delete container blocks, TXIDs=[1(0),2(0),3(0)], numOfContainers=3, numOfBlocks=553
2019-09-10 22:12:53,722 [Command processor thread] INFO  commandhandler.DeleteBlocksCommandHandler (DeleteBlocksCommandHandler.java:handle(106)) - Start to delete container blocks, TXIDs=[1(0),2(0),3(0)], numOfContainers=3, numOfBlocks=553
2019-09-10 22:12:53,723 [Command processor thread] INFO  commandhandler.DeleteBlocksCommandHandler (DeleteBlocksCommandHandler.java:handle(106)) - Start to delete container blocks, TXIDs=[1(0),2(0),3(0)], numOfContainers=3, numOfBlocks=553
2019-09-10 22:12:53,723 [Command processor thread] INFO  commandhandler.DeleteBlocksCommandHandler (DeleteBlocksCommandHandler.java:handle(106)) - Start to delete container blocks, TXIDs=[1(0),2(0),3(0)], numOfContainers=3, numOfBlocks=553
2019-09-10 22:12:53,724 [pool-7-thread-4] INFO  commands.RetriableDatanodeEventWatcher (RetriableDatanodeEventWatcher.java:onTimeout(47)) - RetriableDatanodeCommand type=deleteBlocksCommand with id=1568153559801 timed out. Retrying.
2019-09-10 22:12:53,724 [Command processor thread] INFO  commandhandler.DeleteBlocksCommandHandler (DeleteBlocksCommandHandler.java:handle(106)) - Start to delete container blocks, TXIDs=[1(0),2(0),3(0)], numOfContainers=3, numOfBlocks=553
2019-09-10 22:12:53,725 [Command processor thread] INFO  commandhandler.DeleteBlocksCommandHandler (DeleteBlocksCommandHandler.java:handle(106)) - Start to delete container blocks, TXIDs=[1(0),2(0),3(0)], numOfContainers=3, numOfBlocks=553
2019-09-10 22:12:53,726 [Command processor thread] INFO  commandhandler.DeleteBlocksCommandHandler (DeleteBlocksCommandHandler.java:handle(106)) - Start to delete container blocks, TXIDs=[1(0),2(0),3(0)], numOfContainers=3, numOfBlocks=553
2019-09-10 22:12:53,727 [Command processor thread] INFO  commandhandler.DeleteBlocksCommandHandler (DeleteBlocksCommandHandler.java:handle(106)) - Start to delete container blocks, TXIDs=[1(0),2(0),3(0)], numOfContainers=3, numOfBlocks=553
2019-09-10 22:12:53,728 [Command processor thread] INFO  commandhandler.DeleteBlocksCommandHandler (DeleteBlocksCommandHandler.java:handle(106)) - Start to delete container blocks, TXIDs=[1(0),2(0),3(0)], numOfContainers=3, numOfBlocks=553
2019-09-10 22:12:53,729 [Command processor thread] INFO  commandhandler.DeleteBlocksCommandHandler (DeleteBlocksCommandHandler.java:handle(106)) - Start to delete container blocks, TXIDs=[1(0),2(0),3(0)], numOfContainers=3, numOfBlocks=553
2019-09-10 22:12:53,729 [Command processor thread] INFO  commandhandler.DeleteBlocksCommandHandler (DeleteBlocksCommandHandler.java:handle(106)) - Start to delete container blocks, TXIDs=[1(909),2(909),3(909)], numOfContainers=3, numOfBlocks=553
2019-09-10 22:12:53,730 [Command processor thread] INFO  commandhandler.DeleteBlocksCommandHandler (DeleteBlocksCommandHandler.java:handle(106)) - Start to delete container blocks, TXIDs=[1(0),2(0),3(0)], numOfContainers=3, numOfBlocks=553
2019-09-10 22:12:53,731 [Command processor thread] INFO  commandhandler.DeleteBlocksCommandHandler (DeleteBlocksCommandHandler.java:handle(106)) - Start to delete container blocks, TXIDs=[1(0),2(0),3(0)], numOfContainers=3, numOfBlocks=553
2019-09-10 22:12:53,732 [Command processor thread] INFO  commandhandler.DeleteBlocksCommandHandler (DeleteBlocksCommandHandler.java:handle(106)) - Start to delete container blocks, TXIDs=[1(0),2(0),3(0)], numOfContainers=3, numOfBlocks=553
2019-09-10 22:12:53,733 [Command processor thread] INFO  commandhandler.DeleteBlocksCommandHandler (DeleteBlocksCommandHandler.java:handle(106)) - Start to delete container blocks, TXIDs=[1(0),2(0),3(0)], numOfContainers=3, numOfBlocks=553
2019-09-10 22:12:53,734 [Command processor thread] INFO  commandhandler.DeleteBlocksCommandHandler (DeleteBlocksCommandHandler.java:handle(106)) - Start to delete container blocks, TXIDs=[1(0),2(0),3(0)], numOfContainers=3, numOfBlocks=553
2019-09-10 22:12:53,734 [Command processor thread] INFO  commandhandler.DeleteBlocksCommandHandler (DeleteBlocksCommandHandler.java:handle(106)) - Start to delete container blocks, TXIDs=[1(0),2(0),3(0)], numOfContainers=3, numOfBlocks=553
2019-09-10 22:12:53,735 [Command processor thread] INFO  commandhandler.DeleteBlocksCommandHandler (DeleteBlocksCommandHandler.java:handle(106)) - Start to delete container blocks, TXIDs=[1(0),2(0),3(0)], numOfContainers=3, numOfBlocks=553
2019-09-10 22:12:53,736 [Command processor thread] INFO  commandhandler.DeleteBlocksCommandHandler (DeleteBlocksCommandHandler.java:handle(106)) - Start to delete container blocks, TXIDs=[1(0),2(0),3(0)], numOfContainers=3, numOfBlocks=553
2019-09-10 22:12:53,737 [Command processor thread] INFO  commandhandler.DeleteBlocksCommandHandler (DeleteBlocksCommandHandler.java:handle(106)) - Start to delete container blocks, TXIDs=[1(0),2(0),3(0)], numOfContainers=3, numOfBlocks=553
2019-09-10 22:12:53,738 [Command processor thread] INFO  commandhandler.DeleteBlocksCommandHandler (DeleteBlocksCommandHandler.java:handle(106)) - Start to delete container blocks, TXIDs=[1(733),2(733),3(733)], numOfContainers=3, numOfBlocks=553
2019-09-10 22:12:53,739 [Command processor thread] INFO  commandhandler.DeleteBlocksCommandHandler (DeleteBlocksCommandHandler.java:handle(106)) - Start to delete container blocks, TXIDs=[1(0),2(0),3(0)], numOfContainers=3, numOfBlocks=553
2019-09-10 22:12:53,739 [Command processor thread] INFO  commandhandler.DeleteBlocksCommandHandler (DeleteBlocksCommandHandler.java:handle(106)) - Start to delete container blocks, TXIDs=[1(0),2(0),3(0)], numOfContainers=3, numOfBlocks=553
2019-09-10 22:12:53,740 [Command processor thread] INFO  commandhandler.DeleteBlocksCommandHandler (DeleteBlocksCommandHandler.java:handle(106)) - Start to delete container blocks, TXIDs=[1(0),2(0),3(0)], numOfContainers=3, numOfBlocks=553
2019-09-10 22:12:53,741 [Command processor thread] INFO  commandhandler.DeleteBlocksCommandHandler (DeleteBlocksCommandHandler.java:handle(106)) - Start to delete container blocks, TXIDs=[1(936),2(936),3(936)], numOfContainers=3, numOfBlocks=553
2019-09-10 22:12:53,742 [Command processor thread] INFO  commandhandler.DeleteBlocksCommandHandler (DeleteBlocksCommandHandler.java:handle(106)) - Start to delete container blocks, TXIDs=[1(0),2(0),3(0)], numOfContainers=3, numOfBlocks=553
2019-09-10 22:12:53,743 [Command processor thread] INFO  commandhandler.DeleteBlocksCommandHandler (DeleteBlocksCommandHandler.java:handle(106)) - Start to delete container blocks, TXIDs=[1(0),2(0),3(0)], numOfContainers=3, numOfBlocks=553
2019-09-10 22:12:53,744 [pool-7-thread-4] INFO  commands.RetriableDatanodeEventWatcher (RetriableDatanodeEventWatcher.java:onTimeout(47)) - RetriableDatanodeCommand type=deleteBlocksCommand with id=1568153559811 timed out. Retrying.
2019-09-10 22:12:53,744 [Command processor thread] INFO  commandhandler.DeleteBlocksCommandHandler (DeleteBlocksCommandHandler.java:handle(106)) - Start to delete container blocks, TXIDs=[1(0),2(0),3(0)], numOfContainers=3, numOfBlocks=553
2019-09-10 22:12:53,745 [Command processor thread] INFO  commandhandler.DeleteBlocksCommandHandler (DeleteBlocksCommandHandler.java:handle(106)) - Start to delete container blocks, TXIDs=[1(0),2(0),3(0)], numOfContainers=3, numOfBlocks=553
2019-09-10 22:12:53,745 [Command processor thread] INFO  commandhandler.DeleteBlocksCommandHandler (DeleteBlocksCommandHandler.java:handle(106)) - Start to delete container blocks, TXIDs=[1(0),2(0),3(0)], numOfContainers=3, numOfBlocks=553
2019-09-10 22:12:53,746 [Command processor thread] INFO  commandhandler.DeleteBlocksCommandHandler (DeleteBlocksCommandHandler.java:handle(106)) - Start to delete container blocks, TXIDs=[1(0),2(0),3(0)], numOfContainers=3, numOfBlocks=553
2019-09-10 22:12:53,747 [Command processor thread] INFO  commandhandler.DeleteBlocksCommandHandler (DeleteBlocksCommandHandler.java:handle(106)) - Start to delete container blocks, TXIDs=[1(0),2(0),3(0)], numOfContainers=3, numOfBlocks=553
2019-09-10 22:12:53,748 [Command processor thread] INFO  commandhandler.DeleteBlocksCommandHandler (DeleteBlocksCommandHandler.java:handle(106)) - Start to delete container blocks, TXIDs=[1(733),2(733),3(733)], numOfContainers=3, numOfBlocks=553
2019-09-10 22:12:53,749 [Command processor thread] INFO  commandhandler.DeleteBlocksCommandHandler (DeleteBlocksCommandHandler.java:handle(106)) - Start to delete container blocks, TXIDs=[1(0),2(0),3(0)], numOfContainers=3, numOfBlocks=553
2019-09-10 22:12:53,750 [Command processor thread] INFO  commandhandler.DeleteBlocksCommandHandler (DeleteBlocksCommandHandler.java:handle(106)) - Start to delete container blocks, TXIDs=[1(0),2(0),3(0)], numOfContainers=3, numOfBlocks=553
2019-09-10 22:12:53,750 [pool-7-thread-4] INFO  commands.RetriableDatanodeEventWatcher (RetriableDatanodeEventWatcher.java:onTimeout(47)) - RetriableDatanodeCommand type=deleteBlocksCommand with id=1568153559838 timed out. Retrying.
2019-09-10 22:12:53,750 [Command processor thread] INFO  commandhandler.DeleteBlocksCommandHandler (DeleteBlocksCommandHandler.java:handle(106)) - Start to delete container blocks, TXIDs=[1(0),2(0),3(0)], numOfContainers=3, numOfBlocks=553
2019-09-10 22:12:53,751 [Command processor thread] INFO  commandhandler.DeleteBlocksCommandHandler (DeleteBlocksCommandHandler.java:handle(106)) - Start to delete container blocks, TXIDs=[1(0),2(0),3(0)], numOfContainers=3, numOfBlocks=553
2019-09-10 22:12:53,752 [Command processor thread] INFO  commandhandler.DeleteBlocksCommandHandler (DeleteBlocksCommandHandler.java:handle(106)) - Start to delete container blocks, TXIDs=[1(936),2(936),3(936)], numOfContainers=3, numOfBlocks=553
2019-09-10 22:12:53,753 [Command processor thread] INFO  commandhandler.DeleteBlocksCommandHandler (DeleteBlocksCommandHandler.java:handle(106)) - Start to delete container blocks, TXIDs=[1(0),2(0),3(0)], numOfContainers=3, numOfBlocks=553
2019-09-10 22:12:53,754 [Command processor thread] INFO  commandhandler.DeleteBlocksCommandHandler (DeleteBlocksCommandHandler.java:handle(106)) - Start to delete container blocks, TXIDs=[1(0),2(0),3(0)], numOfContainers=3, numOfBlocks=553
2019-09-10 22:12:53,755 [Command processor thread] INFO  commandhandler.DeleteBlocksCommandHandler (DeleteBlocksCommandHandler.java:handle(106)) - Start to delete container blocks, TXIDs=[1(0),2(0),3(0)], numOfContainers=3, numOfBlocks=553
2019-09-10 22:12:53,755 [Command processor thread] INFO  commandhandler.DeleteBlocksCommandHandler (DeleteBlocksCommandHandler.java:handle(106)) - Start to delete container blocks, TXIDs=[1(0),2(0),3(0)], numOfContainers=3, numOfBlocks=553
2019-09-10 22:12:53,756 [Command processor thread] INFO  commandhandler.DeleteBlocksCommandHandler (DeleteBlocksCommandHandler.java:handle(106)) - Start to delete container blocks, TXIDs=[1(0),2(0),3(0)], numOfContainers=3, numOfBlocks=553
2019-09-10 22:12:53,757 [Command processor thread] INFO  commandhandler.DeleteBlocksCommandHandler (DeleteBlocksCommandHandler.java:handle(106)) - Start to delete container blocks, TXIDs=[1(0),2(0),3(0)], numOfContainers=3, numOfBlocks=553
2019-09-10 22:12:53,758 [Command processor thread] INFO  commandhandler.DeleteBlocksCommandHandler (DeleteBlocksCommandHandler.java:handle(106)) - Start to delete container blocks, TXIDs=[1(0),2(0),3(0)], numOfContainers=3, numOfBlocks=553
2019-09-10 22:12:53,759 [Command processor thread] INFO  commandhandler.DeleteBlocksCommandHandler (DeleteBlocksCommandHandler.java:handle(106)) - Start to delete container blocks, TXIDs=[1(0),2(0),3(0)], numOfContainers=3, numOfBlocks=553
2019-09-10 22:12:53,760 [Command processor thread] INFO  commandhandler.DeleteBlocksCommandHandler (DeleteBlocksCommandHandler.java:handle(106)) - Start to delete container blocks, TXIDs=[1(0),2(0),3(0)], numOfContainers=3, numOfBlocks=553
2019-09-10 22:12:53,760 [Command processor thread] INFO  commandhandler.DeleteBlocksCommandHandler (DeleteBlocksCommandHandler.java:handle(106)) - Start to delete container blocks, TXIDs=[1(0),2(0),3(0)], numOfContainers=3, numOfBlocks=553
2019-09-10 22:12:53,761 [pool-7-thread-4] INFO  commands.RetriableDatanodeEventWatcher (RetriableDatanodeEventWatcher.java:onTimeout(47)) - RetriableDatanodeCommand type=deleteBlocksCommand with id=1568153559821 timed out. Retrying.
2019-09-10 22:12:53,761 [pool-7-thread-1] INFO  commands.RetriableDatanodeEventWatcher (RetriableDatanodeEventWatcher.java:onTimeout(47)) - RetriableDatanodeCommand type=deleteBlocksCommand with id=1568153559752 timed out. Retrying.
2019-09-10 22:12:53,761 [Command processor thread] INFO  commandhandler.DeleteBlocksCommandHandler (DeleteBlocksCommandHandler.java:handle(106)) - Start to delete container blocks, TXIDs=[1(733),2(733),3(733)], numOfContainers=3, numOfBlocks=553
2019-09-10 22:12:53,762 [Command processor thread] INFO  commandhandler.DeleteBlocksCommandHandler (DeleteBlocksCommandHandler.java:handle(106)) - Start to delete container blocks, TXIDs=[1(0),2(0),3(0)], numOfContainers=3, numOfBlocks=553
2019-09-10 22:12:53,763 [Command processor thread] INFO  commandhandler.DeleteBlocksCommandHandler (DeleteBlocksCommandHandler.java:handle(106)) - Start to delete container blocks, TXIDs=[1(0),2(0),3(0)], numOfContainers=3, numOfBlocks=553
2019-09-10 22:12:53,763 [pool-7-thread-1] INFO  commands.RetriableDatanodeEventWatcher (RetriableDatanodeEventWatcher.java:onTimeout(47)) - RetriableDatanodeCommand type=deleteBlocksCommand with id=1568153559848 timed out. Retrying.
2019-09-10 22:12:53,764 [Command processor thread] INFO  commandhandler.DeleteBlocksCommandHandler (DeleteBlocksCommandHandler.java:handle(106)) - Start to delete container blocks, TXIDs=[1(962),2(962),3(962)], numOfContainers=3, numOfBlocks=553
2019-09-10 22:12:53,765 [Command processor thread] INFO  commandhandler.DeleteBlocksCommandHandler (DeleteBlocksCommandHandler.java:handle(106)) - Start to delete container blocks, TXIDs=[1(0),2(0),3(0)], numOfContainers=3, numOfBlocks=553
2019-09-10 22:12:53,766 [Command processor thread] INFO  commandhandler.DeleteBlocksCommandHandler (DeleteBlocksCommandHandler.java:handle(106)) - Start to delete container blocks, TXIDs=[1(0),2(0),3(0)], numOfContainers=3, numOfBlocks=553
2019-09-10 22:12:53,766 [Command processor thread] INFO  commandhandler.DeleteBlocksCommandHandler (DeleteBlocksCommandHandler.java:handle(106)) - Start to delete container blocks, TXIDs=[1(0),2(0),3(0)], numOfContainers=3, numOfBlocks=553
2019-09-10 22:12:53,767 [Command processor thread] INFO  commandhandler.DeleteBlocksCommandHandler (DeleteBlocksCommandHandler.java:handle(106)) - Start to delete container blocks, TXIDs=[1(0),2(0),3(0)], numOfContainers=3, numOfBlocks=553
2019-09-10 22:12:53,768 [Command processor thread] INFO  commandhandler.DeleteBlocksCommandHandler (DeleteBlocksCommandHandler.java:handle(106)) - Start to delete container blocks, TXIDs=[1(0),2(0),3(0)], numOfContainers=3, numOfBlocks=553
2019-09-10 22:12:53,769 [Command processor thread] INFO  commandhandler.DeleteBlocksCommandHandler (DeleteBlocksCommandHandler.java:handle(106)) - Start to delete container blocks, TXIDs=[1(0),2(0),3(0)], numOfContainers=3, numOfBlocks=553
2019-09-10 22:12:53,770 [Command processor thread] INFO  commandhandler.DeleteBlocksCommandHandler (DeleteBlocksCommandHandler.java:handle(106)) - Start to delete container blocks, TXIDs=[1(0),2(0),3(0)], numOfContainers=3, numOfBlocks=553
2019-09-10 22:12:53,771 [Command processor thread] INFO  commandhandler.DeleteBlocksCommandHandler (DeleteBlocksCommandHandler.java:handle(106)) - Start to delete container blocks, TXIDs=[1(0),2(0),3(0)], numOfContainers=3, numOfBlocks=553
2019-09-10 22:12:53,771 [Command processor thread] INFO  commandhandler.DeleteBlocksCommandHandler (DeleteBlocksCommandHandler.java:handle(106)) - Start to delete container blocks, TXIDs=[1(0),2(0),3(0)], numOfContainers=3, numOfBlocks=553
2019-09-10 22:12:53,772 [Command processor thread] INFO  commandhandler.DeleteBlocksCommandHandler (DeleteBlocksCommandHandler.java:handle(106)) - Start to delete container blocks, TXIDs=[1(733),2(733),3(733)], numOfContainers=3, numOfBlocks=553
2019-09-10 22:12:53,773 [Command processor thread] INFO  commandhandler.DeleteBlocksCommandHandler (DeleteBlocksCommandHandler.java:handle(106)) - Start to delete container blocks, TXIDs=[1(0),2(0),3(0)], numOfContainers=3, numOfBlocks=553
2019-09-10 22:12:53,774 [Command processor thread] INFO  commandhandler.DeleteBlocksCommandHandler (DeleteBlocksCommandHandler.java:handle(106)) - Start to delete container blocks, TXIDs=[1(0),2(0),3(0)], numOfContainers=3, numOfBlocks=553
2019-09-10 22:12:53,7752019-09-10 22:12:53,775 [Command processor thread] INFO  commandhandler.DeleteBlocksCommandHandler (DeleteBlocksCommandHandler.java:handle(106)) - Start to delete container blocks, TXIDs=[1(0),2(0),3(0)], numOfContainers=3, numOfBlocks=553
2019-09-10 22:12:53,775 [pool-7-thread-1] INFO  commands.RetriableDatanodeEventWatcher (RetriableDatanodeEventWatcher.java:onTimeout(47)) - RetriableDatanodeCommand type=deleteBlocksCommand with id=1568153559831 timed out. Retrying.
2019-09-10 22:12:53,775 [pool-7-thread-1] INFO  commands.RetriableDatanodeEventWatcher (RetriableDatanodeEventWatcher.java:onTimeout(47)) - RetriableDatanodeCommand type=deleteBlocksCommand with id=1568153559877 timed out. Retrying.
2019-09-10 22:12:53,775 [pool-7-thread-4] INFO  commands.RetriableDatanodeEventWatcher (RetriableDatanodeEventWatcher.java:onTimeout(47)) - RetriableDatanodeCommand type=deleteBlocksCommand with id=1568153559762 timed out. Retrying.
2019-09-10 22:12:53,775 [Command processor thread] INFO  commandhandler.DeleteBlocksCommandHandler (DeleteBlocksCommandHandler.java:handle(106)) - Start to delete container blocks, TXIDs=[1(962),2(962),3(962)], numOfContainers=3, numOfBlocks=553
2019-09-10 22:12:53,776 [Command processor thread] INFO  commandhandler.DeleteBlocksCommandHandler (DeleteBlocksCommandHandler.java:handle(106)) - Start to delete container blocks, TXIDs=[1(0),2(0),3(0)], numOfContainers=3, numOfBlocks=553
2019-09-10 22:12:53,777 [Command processor thread] INFO  commandhandler.DeleteBlocksCommandHandler (DeleteBlocksCommandHandler.java:handle(106)) - Start to delete container blocks, TXIDs=[1(0),2(0),3(0)], numOfContainers=3, numOfBlocks=553
2019-09-10 22:12:53,778 [Command processor thread] INFO  commandhandler.DeleteBlocksCommandHandler (DeleteBlocksCommandHandler.java:handle(106)) - Start to delete container blocks, TXIDs=[1(0),2(0),3(0)], numOfContainers=3, numOfBlocks=553
2019-09-10 22:12:53,779 [pool-7-thread-4] INFO  commands.RetriableDatanodeEventWatcher (RetriableDatanodeEventWatcher.java:onTimeout(47)) - RetriableDatanodeCommand type=deleteBlocksCommand with id=1568153559858 timed out. Retrying.
2019-09-10 22:12:53,779 [Command processor thread] INFO  commandhandler.DeleteBlocksCommandHandler (DeleteBlocksCommandHandler.java:handle(106)) - Start to delete container blocks, TXIDs=[1(0),2(0),3(0)], numOfContainers=3, numOfBlocks=553
2019-09-10 22:12:53,780 [Command processor thread] INFO  commandhandler.DeleteBlocksCommandHandler (DeleteBlocksCommandHandler.java:handle(106)) - Start to delete container blocks, TXIDs=[1(0),2(0),3(0)], numOfContainers=3, numOfBlocks=553
2019-09-10 22:12:53,781 [Command processor thread] INFO  commandhandler.DeleteBlocksCommandHandler (DeleteBlocksCommandHandler.java:handle(106)) - Start to delete container blocks, TXIDs=[1(0),2(0),3(0)], numOfContainers=3, numOfBlocks=553
2019-09-10 22:12:53,781 [Command processor thread] INFO  commandhandler.DeleteBlocksCommandHandler (DeleteBlocksCommandHandler.java:handle(106)) - Start to delete container blocks, TXIDs=[1(0),2(0),3(0)], numOfContainers=3, numOfBlocks=553
2019-09-10 22:12:53,782 [Command processor thread] INFO  commandhandler.DeleteBlocksCommandHandler (DeleteBlocksCommandHandler.java:handle(106)) - Start to delete container blocks, TXIDs=[1(0),2(0),3(0)], numOfContainers=3, numOfBlocks=553
2019-09-10 22:12:53,783 [Command processor thread] INFO  commandhandler.DeleteBlocksCommandHandler (DeleteBlocksCommandHandler.java:handle(106)) - Start to delete container blocks, TXIDs=[1(858),2(858),3(858)], numOfContainers=3, numOfBlocks=553
2019-09-10 22:12:53,784 [Command processor thread] INFO  commandhandler.DeleteBlocksCommandHandler (DeleteBlocksCommandHandler.java:handle(106)) - Start to delete container blocks, TXIDs=[1(0),2(0),3(0)], numOfContainers=3, numOfBlocks=553
2019-09-10 22:12:53,785 [Command processor thread] INFO  commandhandler.DeleteBlocksCommandHandler (DeleteBlocksCommandHandler.java:handle(106)) - Start to delete container blocks, TXIDs=[1(0),2(0),3(0)], numOfContainers=3, numOfBlocks=553
2019-09-10 22:12:53,785 [pool-7-thread-4] INFO  commands.RetriableDatanodeEventWatcher (RetriableDatanodeEventWatcher.java:onTimeout(47)) - RetriableDatanodeCommand type=deleteBlocksCommand with id=1568153559772 timed out. Retrying.
2019-09-10 22:12:53,786 [Command processor thread] INFO  commandhandler.DeleteBlocksCommandHandler (DeleteBlocksCommandHandler.java:handle(106)) - Start to delete container blocks, TXIDs=[1(0),2(0),3(0)], numOfContainers=3, numOfBlocks=553
2019-09-10 22:12:53,787 [Command processor thread] INFO  commandhandler.DeleteBlocksCommandHandler (DeleteBlocksCommandHandler.java:handle(106)) - Start to delete container blocks, TXIDs=[1(989),2(989),3(989)], numOfContainers=3, numOfBlocks=553
2019-09-10 22:12:53,787 [Command processor thread] INFO  commandhandler.DeleteBlocksCommandHandler (DeleteBlocksCommandHandler.java:handle(106)) - Start to delete container blocks, TXIDs=[1(0),2(0),3(0)], numOfContainers=3, numOfBlocks=553
2019-09-10 22:12:53,788 [Command processor thread] INFO  commandhandler.DeleteBlocksCommandHandler (DeleteBlocksCommandHandler.java:handle(106)) - Start to delete container blocks, TXIDs=[1(161),2(161),3(161)], numOfContainers=3, numOfBlocks=553
2019-09-10 22:12:53,788 [SCMBlockDeletingService#1] DEBUG block.SCMBlockDeletingService (SCMBlockDeletingService.java:call(138)) - Running DeletedBlockTransactionScanner
2019-09-10 22:12:53,789 [SCMBlockDeletingService#1] DEBUG block.SCMBlockDeletingService (SCMBlockDeletingService.java:call(155)) - Scanned deleted blocks log and got 3 delTX to process.
2019-09-10 22:12:53,789 [SCMBlockDeletingService#1] DEBUG block.SCMBlockDeletingService (SCMBlockDeletingService.java:call(171)) - Added delete block command for datanode ed5d81fa-aaf0-49db-aa57-acca1dd387bd in the queue, number of delete block transactions: 3, TxID list: 1,2,3
2019-09-10 22:12:53,789 [Command processor thread] INFO  commandhandler.DeleteBlocksCommandHandler (DeleteBlocksCommandHandler.java:handle(106)) - Start to delete container blocks, TXIDs=[1(0),2(0),3(0)], numOfContainers=3, numOfBlocks=553
2019-09-10 22:12:53,789 [SCMBlockDeletingService#1] INFO  block.SCMBlockDeletingService (SCMBlockDeletingService.java:call(182)) - Totally added 3 delete blocks command for 1 datanodes, task elapsed time: 1ms
2019-09-10 22:12:53,790 [Command processor thread] INFO  commandhandler.DeleteBlocksCommandHandler (DeleteBlocksCommandHandler.java:handle(106)) - Start to delete container blocks, TXIDs=[1(0),2(0),3(0)], numOfContainers=3, numOfBlocks=553
2019-09-10 22:12:53,791 [Command processor thread] INFO  commandhandler.DeleteBlocksCommandHandler (DeleteBlocksCommandHandler.java:handle(106)) - Start to delete container blocks, TXIDs=[1(0),2(0),3(0)], numOfContainers=3, numOfBlocks=553
2019-09-10 22:12:53,792 [Command processor thread] INFO  commandhandler.DeleteBlocksCommandHandler (DeleteBlocksCommandHandler.java:handle(106)) - Start to delete container blocks, TXIDs=[1(0),2(0),3(0)], numOfContainers=3, numOfBlocks=553
2019-09-10 22:12:53,792 [pool-7-thread-4] INFO  commands.RetriableDatanodeEventWatcher (RetriableDatanodeEventWatcher.java:onTimeout(47)) - RetriableDatanodeCommand type=deleteBlocksCommand with id=1568153559868 timed out. Retrying.
2019-09-10 22:12:53,792 [Command processor thread] INFO  commandhandler.DeleteBlocksCommandHandler (DeleteBlocksCommandHandler.java:handle(106)) - Start to delete container blocks, TXIDs=[1(0),2(0),3(0)], numOfContainers=3, numOfBlocks=553
2019-09-10 22:12:53,793 [Command processor thread] INFO  commandhandler.DeleteBlocksCommandHandler (DeleteBlocksCommandHandler.java:handle(106)) - Start to delete container blocks, TXIDs=[1(0),2(0),3(0)], numOfContainers=3, numOfBlocks=553
2019-09-10 22:12:53,794 [Command processor thread] INFO  commandhandler.DeleteBlocksCommandHandler (DeleteBlocksCommandHandler.java:handle(106)) - Start to delete container blocks, TXIDs=[1(0),2(0),3(0)], numOfContainers=3, numOfBlocks=553
2019-09-10 22:12:53,795 [Command processor thread] INFO  commandhandler.DeleteBlocksCommandHandler (DeleteBlocksCommandHandler.java:handle(106)) - Start to delete container blocks, TXIDs=[1(0),2(0),3(0)], numOfContainers=3, numOfBlocks=553
2019-09-10 22:12:53,796 [Command processor thread] INFO  commandhandler.DeleteBlocksCommandHandler (DeleteBlocksCommandHandler.java:handle(106)) - Start to delete container blocks, TXIDs=[1(858),2(858),3(858)], numOfContainers=3, numOfBlocks=553
2019-09-10 22:12:53,796 [Command processor thread] INFO  commandhandler.DeleteBlocksCommandHandler (DeleteBlocksCommandHandler.java:handle(106)) - Start to delete container blocks, TXIDs=[1(0),2(0),3(0)], numOfContainers=3, numOfBlocks=553
2019-09-10 22:12:53,797 [Command processor thread] INFO  commandhandler.DeleteBlocksCommandHandler (DeleteBlocksCommandHandler.java:handle(106)) - Start to delete container blocks, TXIDs=[1(0),2(0),3(0)], numOfContainers=3, numOfBlocks=553
2019-09-10 22:12:53,798 [Command processor thread] INFO  commandhandler.DeleteBlocksCommandHandler (DeleteBlocksCommandHandler.java:handle(106)) - Start to delete container blocks, TXIDs=[1(0),2(0),3(0)], numOfContainers=3, numOfBlocks=553
2019-09-10 22:12:53,800 [pool-7-thread-4] INFO  commands.RetriableDatanodeEventWatcher (RetriableDatanodeEventWatcher.java:onTimeout(47)) - RetriableDatanodeCommand type=deleteBlocksCommand with id=1568153559782 timed out. Retrying.
2019-09-10 22:12:53,812 [pool-7-thread-4] INFO  commands.RetriableDatanodeEventWatcher (RetriableDatanodeEventWatcher.java:onTimeout(47)) - RetriableDatanodeCommand type=deleteBlocksCommand with id=1568153559792 timed out. Retrying.
2019-09-10 22:12:53,831 [pool-7-thread-4] INFO  commands.RetriableDatanodeEventWatcher (RetriableDatanodeEventWatcher.java:onTimeout(47)) - RetriableDatanodeCommand type=deleteBlocksCommand with id=1568153559802 timed out. Retrying.
2019-09-10 22:12:53,844 [pool-7-thread-4] INFO  commands.RetriableDatanodeEventWatcher (RetriableDatanodeEventWatcher.java:onTimeout(47)) - RetriableDatanodeCommand type=deleteBlocksCommand with id=1568153559812 timed out. Retrying.
2019-09-10 22:12:53,851 [pool-7-thread-4] INFO  commands.RetriableDatanodeEventWatcher (RetriableDatanodeEventWatcher.java:onTimeout(47)) - RetriableDatanodeCommand type=deleteBlocksCommand with id=1568153559839 timed out. Retrying.
2019-09-10 22:12:53,858 [pool-7-thread-4] INFO  commands.RetriableDatanodeEventWatcher (RetriableDatanodeEventWatcher.java:onTimeout(47)) - RetriableDatanodeCommand type=deleteBlocksCommand with id=1568153559822 timed out. Retrying.
2019-09-10 22:12:53,858 [pool-7-thread-1] INFO  commands.RetriableDatanodeEventWatcher (RetriableDatanodeEventWatcher.java:onTimeout(47)) - RetriableDatanodeCommand type=deleteBlocksCommand with id=1568153559753 timed out. Retrying.
2019-09-10 22:12:53,865 [pool-7-thread-1] INFO  commands.RetriableDatanodeEventWatcher (RetriableDatanodeEventWatcher.java:onTimeout(47)) - RetriableDatanodeCommand type=deleteBlocksCommand with id=1568153559849 timed out. Retrying.
2019-09-10 22:12:53,876 [pool-7-thread-1] INFO  commands.RetriableDatanodeEventWatcher (RetriableDatanodeEventWatcher.java:onTimeout(47)) - RetriableDatanodeCommand type=deleteBlocksCommand with id=1568153559878 timed out. Retrying.
2019-09-10 22:12:53,880 [pool-7-thread-1] INFO  commands.RetriableDatanodeEventWatcher (RetriableDatanodeEventWatcher.java:onTimeout(47)) - RetriableDatanodeCommand type=deleteBlocksCommand with id=1568153559832 timed out. Retrying.
2019-09-10 22:12:53,880 [pool-7-thread-3] INFO  commands.RetriableDatanodeEventWatcher (RetriableDatanodeEventWatcher.java:onTimeout(47)) - RetriableDatanodeCommand type=deleteBlocksCommand with id=1568153559763 timed out. Retrying.
2019-09-10 22:12:53,880 [pool-7-thread-4] INFO  commands.RetriableDatanodeEventWatcher (RetriableDatanodeEventWatcher.java:onTimeout(47)) - RetriableDatanodeCommand type=deleteBlocksCommand with id=1568153559859 timed out. Retrying.
2019-09-10 22:12:53,889 [pool-7-thread-4] INFO  commands.RetriableDatanodeEventWatcher (RetriableDatanodeEventWatcher.java:onTimeout(47)) - RetriableDatanodeCommand type=deleteBlocksCommand with id=1568153559773 timed out. Retrying.
2019-09-10 22:12:53,889 [SCMBlockDeletingService#1] DEBUG block.SCMBlockDeletingService (SCMBlockDeletingService.java:call(138)) - Running DeletedBlockTransactionScanner
2019-09-10 22:12:53,890 [SCMBlockDeletingService#1] DEBUG block.SCMBlockDeletingService (SCMBlockDeletingService.java:call(155)) - Scanned deleted blocks log and got 3 delTX to process.
2019-09-10 22:12:53,890 [SCMBlockDeletingService#1] DEBUG block.SCMBlockDeletingService (SCMBlockDeletingService.java:call(171)) - Added delete block command for datanode ed5d81fa-aaf0-49db-aa57-acca1dd387bd in the queue, number of delete block transactions: 3, TxID list: 1,2,3
2019-09-10 22:12:53,891 [SCMBlockDeletingService#1] INFO  block.SCMBlockDeletingService (SCMBlockDeletingService.java:call(182)) - Totally added 3 delete blocks command for 1 datanodes, task elapsed time: 1ms
2019-09-10 22:12:53,896 [pool-7-thread-4] INFO  commands.RetriableDatanodeEventWatcher (RetriableDatanodeEventWatcher.java:onTimeout(47)) - RetriableDatanodeCommand type=deleteBlocksCommand with id=1568153559869 timed out. Retrying.
2019-09-10 22:12:53,897 [EventQueue-DeleteBlockStatusForDeletedBlockLogImpl] DEBUG block.DeletedBlockLogImpl (DeletedBlockLogImpl.java:isTransactionFailed(245)) - Got block deletion ACK from datanode, TXIDs=1, success=true
2019-09-10 22:12:53,898 [EventQueue-DeleteBlockStatusForDeletedBlockLogImpl] DEBUG block.DeletedBlockLogImpl (DeletedBlockLogImpl.java:commitTransactions(227)) - Purging txId=1 from block deletion log
2019-09-10 22:12:53,899 [EventQueue-DeleteBlockStatusForDeletedBlockLogImpl] DEBUG block.DeletedBlockLogImpl (DeletedBlockLogImpl.java:commitTransactions(231)) - Datanode txId=1 containerId=#1 committed by dnId=ed5d81fa-aaf0-49db-aa57-acca1dd387bd
2019-09-10 22:12:53,899 [EventQueue-DeleteBlockStatusForDeletedBlockLogImpl] DEBUG block.DeletedBlockLogImpl (DeletedBlockLogImpl.java:isTransactionFailed(245)) - Got block deletion ACK from datanode, TXIDs=2, success=true
2019-09-10 22:12:53,899 [EventQueue-DeleteBlockStatusForDeletedBlockLogImpl] DEBUG block.DeletedBlockLogImpl (DeletedBlockLogImpl.java:commitTransactions(227)) - Purging txId=2 from block deletion log
2019-09-10 22:12:53,899 [EventQueue-DeleteBlockStatusForDeletedBlockLogImpl] DEBUG block.DeletedBlockLogImpl (DeletedBlockLogImpl.java:commitTransactions(231)) - Datanode txId=2 containerId=#2 committed by dnId=ed5d81fa-aaf0-49db-aa57-acca1dd387bd
2019-09-10 22:12:53,899 [EventQueue-DeleteBlockStatusForDeletedBlockLogImpl] DEBUG block.DeletedBlockLogImpl (DeletedBlockLogImpl.java:isTransactionFailed(245)) - Got block deletion ACK from datanode, TXIDs=3, success=true
2019-09-10 22:12:53,900 [EventQueue-DeleteBlockStatusForDeletedBlockLogImpl] DEBUG block.DeletedBlockLogImpl (DeletedBlockLogImpl.java:commitTransactions(227)) - Purging txId=3 from block deletion log
2019-09-10 22:12:53,900 [EventQueue-DeleteBlockStatusForDeletedBlockLogImpl] DEBUG block.DeletedBlockLogImpl (DeletedBlockLogImpl.java:commitTransactions(231)) - Datanode txId=3 containerId=#3 committed by dnId=ed5d81fa-aaf0-49db-aa57-acca1dd387bd
2019-09-10 22:12:53,900 [EventQueue-DeleteBlockStatusForDeletedBlockLogImpl] DEBUG block.DeletedBlockLogImpl (DeletedBlockLogImpl.java:isTransactionFailed(245)) - Got block deletion ACK from datanode, TXIDs=1, success=true
2019-09-10 22:12:53,900 [EventQueue-DeleteBlockStatusForDeletedBlockLogImpl] WARN  block.DeletedBlockLogImpl (DeletedBlockLogImpl.java:commitTransactions(205)) - Transaction txId=1 commit by dnId=ed5d81fa-aaf0-49db-aa57-acca1dd387bd for containerID=#1 failed. Corresponding entry not found.
2019-09-10 22:12:53,900 [EventQueue-DeleteBlockStatusForDeletedBlockLogImpl] DEBUG block.DeletedBlockLogImpl (DeletedBlockLogImpl.java:isTransactionFailed(245)) - Got block deletion ACK from datanode, TXIDs=1, success=true
2019-09-10 22:12:53,900 [EventQueue-DeleteBlockStatusForDeletedBlockLogImpl] WARN  block.DeletedBlockLogImpl (DeletedBlockLogImpl.java:commitTransactions(205)) - Transaction txId=1 commit by dnId=ed5d81fa-aaf0-49db-aa57-acca1dd387bd for containerID=#1 failed. Corresponding entry not found.
2019-09-10 22:12:53,900 [EventQueue-DeleteBlockStatusForDeletedBlockLogImpl] DEBUG block.DeletedBlockLogImpl (DeletedBlockLogImpl.java:isTransactionFailed(245)) - Got block deletion ACK from datanode, TXIDs=1, success=true
2019-09-10 22:12:53,900 [EventQueue-DeleteBlockStatusForDeletedBlockLogImpl] WARN  block.DeletedBlockLogImpl (DeletedBlockLogImpl.java:commitTransactions(205)) - Transaction txId=1 commit by dnId=ed5d81fa-aaf0-49db-aa57-acca1dd387bd for containerID=#1 failed. Corresponding entry not found.
2019-09-10 22:12:53,901 [EventQueue-DeleteBlockStatusForDeletedBlockLogImpl] DEBUG block.DeletedBlockLogImpl (DeletedBlockLogImpl.java:isTransactionFailed(245)) - Got block deletion ACK from datanode, TXIDs=1, success=true
2019-09-10 22:12:53,901 [EventQueue-DeleteBlockStatusForDeletedBlockLogImpl] WARN  block.DeletedBlockLogImpl (DeletedBlockLogImpl.java:commitTransactions(205)) - Transaction txId=1 commit by dnId=ed5d81fa-aaf0-49db-aa57-acca1dd387bd for containerID=#1 failed. Corresponding entry not found.
2019-09-10 22:12:53,901 [EventQueue-DeleteBlockStatusForDeletedBlockLogImpl] DEBUG block.DeletedBlockLogImpl (DeletedBlockLogImpl.java:isTransactionFailed(245)) - Got block deletion ACK from datanode, TXIDs=1, success=true
2019-09-10 22:12:53,901 [EventQueue-DeleteBlockStatusForDeletedBlockLogImpl] WARN  block.DeletedBlockLogImpl (DeletedBlockLogImpl.java:commitTransactions(205)) - Transaction txId=1 commit by dnId=ed5d81fa-aaf0-49db-aa57-acca1dd387bd for containerID=#1 failed. Corresponding entry not found.
2019-09-10 22:12:53,901 [IPC Server handler 3 on 46662] WARN  block.DeletedBlockLogImpl (DeletedBlockLogImpl.java:incrementCount(141)) - Deleted TXID not found.
2019-09-10 22:12:53,901 [IPC Server handler 3 on 46662] WARN  block.DeletedBlockLogImpl (DeletedBlockLogImpl.java:incrementCount(141)) - Deleted TXID not found.
2019-09-10 22:12:53,901 [IPC Server handler 3 on 46662] WARN  block.DeletedBlockLogImpl (DeletedBlockLogImpl.java:incrementCount(141)) - Deleted TXID not found.
2019-09-10 22:12:53,902 [EventQueue-DeleteBlockStatusForDeletedBlockLogImpl] DEBUG block.DeletedBlockLogImpl (DeletedBlockLogImpl.java:isTransactionFailed(245)) - Got block deletion ACK from datanode, TXIDs=1, success=true
2019-09-10 22:12:53,902 [EventQueue-DeleteBlockStatusForDeletedBlockLogImpl] WARN  block.DeletedBlockLogImpl (DeletedBlockLogImpl.java:commitTransactions(205)) - Transaction txId=1 commit by dnId=ed5d81fa-aaf0-49db-aa57-acca1dd387bd for containerID=#1 failed. Corresponding entry not found.
2019-09-10 22:12:53,902 [EventQueue-DeleteBlockStatusForDeletedBlockLogImpl] DEBUG block.DeletedBlockLogImpl (DeletedBlockLogImpl.java:isTransactionFailed(245)) - Got block deletion ACK from datanode, TXIDs=1, success=true
2019-09-10 22:12:53,902 [EventQueue-DeleteBlockStatusForDeletedBlockLogImpl] WARN  block.DeletedBlockLogImpl (DeletedBlockLogImpl.java:commitTransactions(205)) - Transaction txId=1 commit by dnId=ed5d81fa-aaf0-49db-aa57-acca1dd387bd for containerID=#1 failed. Corresponding entry not found.
2019-09-10 22:12:53,902 [EventQueue-DeleteBlockStatusForDeletedBlockLogImpl] DEBUG block.DeletedBlockLogImpl (DeletedBlockLogImpl.java:isTransactionFailed(245)) - Got block deletion ACK from datanode, TXIDs=1, success=true
2019-09-10 22:12:53,902 [EventQueue-DeleteBlockStatusForDeletedBlockLogImpl] WARN  block.DeletedBlockLogImpl (DeletedBlockLogImpl.java:commitTransactions(205)) - Transaction txId=1 commit by dnId=ed5d81fa-aaf0-49db-aa57-acca1dd387bd for containerID=#1 failed. Corresponding entry not found.
2019-09-10 22:12:53,902 [EventQueue-DeleteBlockStatusForDeletedBlockLogImpl] DEBUG block.DeletedBlockLogImpl (DeletedBlockLogImpl.java:isTransactionFailed(245)) - Got block deletion ACK from datanode, TXIDs=1, success=true
2019-09-10 22:12:53,902 [EventQueue-DeleteBlockStatusForDeletedBlockLogImpl] WARN  block.DeletedBlockLogImpl (DeletedBlockLogImpl.java:commitTransactions(205)) - Transaction txId=1 commit by dnId=ed5d81fa-aaf0-49db-aa57-acca1dd387bd for containerID=#1 failed. Corresponding entry not found.
2019-09-10 22:12:53,902 [EventQueue-DeleteBlockStatusForDeletedBlockLogImpl] DEBUG block.DeletedBlockLogImpl (DeletedBlockLogImpl.java:isTransactionFailed(245)) - Got block deletion ACK from datanode, TXIDs=1, success=true
2019-09-10 22:12:53,903 [EventQueue-DeleteBlockStatusForDeletedBlockLogImpl] WARN  block.DeletedBlockLogImpl (DeletedBlockLogImpl.java:commitTransactions(205)) - Transaction txId=1 commit by dnId=ed5d81fa-aaf0-49db-aa57-acca1dd387bd for containerID=#1 failed. Corresponding entry not found.
2019-09-10 22:12:53,903 [EventQueue-DeleteBlockStatusForDeletedBlockLogImpl] DEBUG block.DeletedBlockLogImpl (DeletedBlockLogImpl.java:isTransactionFailed(245)) - Got block deletion ACK from datanode, TXIDs=1, success=true
2019-09-10 22:12:53,903 [EventQueue-DeleteBlockStatusForDeletedBlockLogImpl] WARN  block.DeletedBlockLogImpl (DeletedBlockLogImpl.java:commitTransactions(205)) - Transaction txId=1 commit by dnId=ed5d81fa-aaf0-49db-aa57-acca1dd387bd for containerID=#1 failed. Corresponding entry not found.
2019-09-10 22:12:53,903 [IPC Server handler 3 on 46662] WARN  block.DeletedBlockLogImpl (DeletedBlockLogImpl.java:incrementCount(141)) - Deleted TXID not found.
2019-09-10 22:12:53,903 [IPC Server handler 3 on 46662] WARN  block.DeletedBlockLogImpl (DeletedBlockLogImpl.java:incrementCount(141)) - Deleted TXID not found.
2019-09-10 22:12:53,903 [IPC Server handler 3 on 46662] WARN  block.DeletedBlockLogImpl (DeletedBlockLogImpl.java:incrementCount(141)) - Deleted TXID not found.
2019-09-10 22:12:53,903 [EventQueue-DeleteBlockStatusForDeletedBlockLogImpl] DEBUG block.DeletedBlockLogImpl (DeletedBlockLogImpl.java:isTransactionFailed(245)) - Got block deletion ACK from datanode, TXIDs=1, success=true
2019-09-10 22:12:53,903 [EventQueue-DeleteBlockStatusForDeletedBlockLogImpl] WARN  block.DeletedBlockLogImpl (DeletedBlockLogImpl.java:commitTransactions(205)) - Transaction txId=1 commit by dnId=ed5d81fa-aaf0-49db-aa57-acca1dd387bd for containerID=#1 failed. Corresponding entry not found.
2019-09-10 22:12:53,904 [EventQueue-DeleteBlockStatusForDeletedBlockLogImpl] DEBUG block.DeletedBlockLogImpl (DeletedBlockLogImpl.java:isTransactionFailed(245)) - Got block deletion ACK from datanode, TXIDs=1, success=true
2019-09-10 22:12:53,904 [EventQueue-DeleteBlockStatusForDeletedBlockLogImpl] WARN  block.DeletedBlockLogImpl (DeletedBlockLogImpl.java:commitTransactions(205)) - Transaction txId=1 commit by dnId=ed5d81fa-aaf0-49db-aa57-acca1dd387bd for containerID=#1 failed. Corresponding entry not found.
2019-09-10 22:12:53,904 [EventQueue-DeleteBlockStatusForDeletedBlockLogImpl] DEBUG block.DeletedBlockLogImpl (DeletedBlockLogImpl.java:isTransactionFailed(245)) - Got block deletion ACK from datanode, TXIDs=1, success=true
2019-09-10 22:12:53,904 [EventQueue-DeleteBlockStatusForDeletedBlockLogImpl] WARN  block.DeletedBlockLogImpl (DeletedBlockLogImpl.java:commitTransactions(205)) - Transaction txId=1 commit by dnId=ed5d81fa-aaf0-49db-aa57-acca1dd387bd for containerID=#1 failed. Corresponding entry not found.
2019-09-10 22:12:53,904 [EventQueue-DeleteBlockStatusForDeletedBlockLogImpl] DEBUG block.DeletedBlockLogImpl (DeletedBlockLogImpl.java:isTransactionFailed(245)) - Got block deletion ACK from datanode, TXIDs=1, success=true
2019-09-10 22:12:53,904 [EventQueue-DeleteBlockStatusForDeletedBlockLogImpl] WARN  block.DeletedBlockLogImpl (DeletedBlockLogImpl.java:commitTransactions(205)) - Transaction txId=1 commit by dnId=ed5d81fa-aaf0-49db-aa57-acca1dd387bd for containerID=#1 failed. Corresponding entry not found.
2019-09-10 22:12:53,904 [EventQueue-DeleteBlockStatusForDeletedBlockLogImpl] DEBUG block.DeletedBlockLogImpl (DeletedBlockLogImpl.java:isTransactionFailed(245)) - Got block deletion ACK from datanode, TXIDs=1, success=true
2019-09-10 22:12:53,904 [EventQueue-DeleteBlockStatusForDeletedBlockLogImpl] WARN  block.DeletedBlockLogImpl (DeletedBlockLogImpl.java:commitTransactions(205)) - Transaction txId=1 commit by dnId=ed5d81fa-aaf0-49db-aa57-acca1dd387bd for containerID=#1 failed. Corresponding entry not found.
2019-09-10 22:12:53,904 [EventQueue-DeleteBlockStatusForDeletedBlockLogImpl] DEBUG block.DeletedBlockLogImpl (DeletedBlockLogImpl.java:isTransactionFailed(245)) - Got block deletion ACK from datanode, TXIDs=1, success=true
2019-09-10 22:12:53,904 [EventQueue-DeleteBlockStatusForDeletedBlockLogImpl] WARN  block.DeletedBlockLogImpl (DeletedBlockLogImpl.java:commitTransactions(205)) - Transaction txId=1 commit by dnId=ed5d81fa-aaf0-49db-aa57-acca1dd387bd for containerID=#1 failed. Corresponding entry not found.
2019-09-10 22:12:53,905 [EventQueue-DeleteBlockStatusForDeletedBlockLogImpl] DEBUG block.DeletedBlockLogImpl (DeletedBlockLogImpl.java:isTransactionFailed(245)) - Got block deletion ACK from datanode, TXIDs=1, success=true
2019-09-10 22:12:53,905 [EventQueue-DeleteBlockStatusForDeletedBlockLogImpl] WARN  block.DeletedBlockLogImpl (DeletedBlockLogImpl.java:commitTransactions(205)) - Transaction txId=1 commit by dnId=ed5d81fa-aaf0-49db-aa57-acca1dd387bd for containerID=#1 failed. Corresponding entry not found.
2019-09-10 22:12:53,905 [EventQueue-DeleteBlockStatusForDeletedBlockLogImpl] DEBUG block.DeletedBlockLogImpl (DeletedBlockLogImpl.java:isTransactionFailed(245)) - Got block deletion ACK from datanode, TXIDs=1, success=true
2019-09-10 22:12:53,905 [EventQueue-DeleteBlockStatusForDeletedBlockLogImpl] WARN  block.DeletedBlockLogImpl (DeletedBlockLogImpl.java:commitTransactions(205)) - Transaction txId=1 commit by dnId=ed5d81fa-aaf0-49db-aa57-acca1dd387bd for containerID=#1 failed. Corresponding entry not found.
2019-09-10 22:12:53,905 [EventQueue-DeleteBlockStatusForDeletedBlockLogImpl] DEBUG block.DeletedBlockLogImpl (DeletedBlockLogImpl.java:isTransactionFailed(245)) - Got block deletion ACK from datanode, TXIDs=1, success=true
2019-09-10 22:12:53,905 [EventQueue-DeleteBlockStatusForDeletedBlockLogImpl] WARN  block.DeletedBlockLogImpl (DeletedBlockLogImpl.java:commitTransactions(205)) - Transaction txId=1 commit by dnId=ed5d81fa-aaf0-49db-aa57-acca1dd387bd for containerID=#1 failed. Corresponding entry not found.
2019-09-10 22:12:53,905 [EventQueue-DeleteBlockStatusForDeletedBlockLogImpl] DEBUG block.DeletedBlockLogImpl (DeletedBlockLogImpl.java:isTransactionFailed(245)) - Got block deletion ACK from datanode, TXIDs=1, success=true
2019-09-10 22:12:53,905 [EventQueue-DeleteBlockStatusForDeletedBlockLogImpl] WARN  block.DeletedBlockLogImpl (DeletedBlockLogImpl.java:commitTransactions(205)) - Transaction txId=1 commit by dnId=ed5d81fa-aaf0-49db-aa57-acca1dd387bd for containerID=#1 failed. Corresponding entry not found.
2019-09-10 22:12:53,905 [EventQueue-DeleteBlockStatusForDeletedBlockLogImpl] DEBUG block.DeletedBlockLogImpl (DeletedBlockLogImpl.java:isTransactionFailed(245)) - Got block deletion ACK from datanode, TXIDs=1, success=true
2019-09-10 22:12:53,906 [EventQueue-DeleteBlockStatusForDeletedBlockLogImpl] WARN  block.DeletedBlockLogImpl (DeletedBlockLogImpl.java:commitTransactions(205)) - Transaction txId=1 commit by dnId=ed5d81fa-aaf0-49db-aa57-acca1dd387bd for containerID=#1 failed. Corresponding entry not found.
2019-09-10 22:12:53,906 [EventQueue-DeleteBlockStatusForDeletedBlockLogImpl] DEBUG block.DeletedBlockLogImpl (DeletedBlockLogImpl.java:isTransactionFailed(245)) - Got block deletion ACK from datanode, TXIDs=1, success=true
2019-09-10 22:12:53,906 [EventQueue-DeleteBlockStatusForDeletedBlockLogImpl] WARN  block.DeletedBlockLogImpl (DeletedBlockLogImpl.java:commitTransactions(205)) - Transaction txId=1 commit by dnId=ed5d81fa-aaf0-49db-aa57-acca1dd387bd for containerID=#1 failed. Corresponding entry not found.
2019-09-10 22:12:53,906 [EventQueue-DeleteBlockStatusForDeletedBlockLogImpl] DEBUG block.DeletedBlockLogImpl (DeletedBlockLogImpl.java:isTransactionFailed(245)) - Got block deletion ACK from datanode, TXIDs=1, success=true
2019-09-10 22:12:53,906 [EventQueue-DeleteBlockStatusForDeletedBlockLogImpl] WARN  block.DeletedBlockLogImpl (DeletedBlockLogImpl.java:commitTransactions(205)) - Transaction txId=1 commit by dnId=ed5d81fa-aaf0-49db-aa57-acca1dd387bd for containerID=#1 failed. Corresponding entry not found.
2019-09-10 22:12:53,906 [EventQueue-DeleteBlockStatusForDeletedBlockLogImpl] DEBUG block.DeletedBlockLogImpl (DeletedBlockLogImpl.java:isTransactionFailed(245)) - Got block deletion ACK from datanode, TXIDs=1, success=true
2019-09-10 22:12:53,906 [EventQueue-DeleteBlockStatusForDeletedBlockLogImpl] WARN  block.DeletedBlockLogImpl (DeletedBlockLogImpl.java:commitTransactions(205)) - Transaction txId=1 commit by dnId=ed5d81fa-aaf0-49db-aa57-acca1dd387bd for containerID=#1 failed. Corresponding entry not found.
2019-09-10 22:12:53,906 [EventQueue-DeleteBlockStatusForDeletedBlockLogImpl] DEBUG block.DeletedBlockLogImpl (DeletedBlockLogImpl.java:isTransactionFailed(245)) - Got block deletion ACK from datanode, TXIDs=1, success=true
2019-09-10 22:12:53,906 [EventQueue-DeleteBlockStatusForDeletedBlockLogImpl] WARN  block.DeletedBlockLogImpl (DeletedBlockLogImpl.java:commitTransactions(205)) - Transaction txId=1 commit by dnId=ed5d81fa-aaf0-49db-aa57-acca1dd387bd for containerID=#1 failed. Corresponding entry not found.
2019-09-10 22:12:53,907 [EventQueue-DeleteBlockStatusForDeletedBlockLogImpl] DEBUG block.DeletedBlockLogImpl (DeletedBlockLogImpl.java:isTransactionFailed(245)) - Got block deletion ACK from datanode, TXIDs=1, success=true
2019-09-10 22:12:53,907 [EventQueue-DeleteBlockStatusForDeletedBlockLogImpl] WARN  block.DeletedBlockLogImpl (DeletedBlockLogImpl.java:commitTransactions(205)) - Transaction txId=1 commit by dnId=ed5d81fa-aaf0-49db-aa57-acca1dd387bd for containerID=#1 failed. Corresponding entry not found.
2019-09-10 22:12:53,907 [EventQueue-DeleteBlockStatusForDeletedBlockLogImpl] DEBUG block.DeletedBlockLogImpl (DeletedBlockLogImpl.java:isTransactionFailed(245)) - Got block deletion ACK from datanode, TXIDs=1, success=true
2019-09-10 22:12:53,907 [EventQueue-DeleteBlockStatusForDeletedBlockLogImpl] WARN  block.DeletedBlockLogImpl (DeletedBlockLogImpl.java:commitTransactions(205)) - Transaction txId=1 commit by dnId=ed5d81fa-aaf0-49db-aa57-acca1dd387bd for containerID=#1 failed. Corresponding entry not found.
2019-09-10 22:12:53,907 [EventQueue-DeleteBlockStatusForDeletedBlockLogImpl] DEBUG block.DeletedBlockLogImpl (DeletedBlockLogImpl.java:isTransactionFailed(245)) - Got block deletion ACK from datanode, TXIDs=1, success=true
2019-09-10 22:12:53,907 [EventQueue-DeleteBlockStatusForDeletedBlockLogImpl] WARN  block.DeletedBlockLogImpl (DeletedBlockLogImpl.java:commitTransactions(205)) - Transaction txId=1 commit by dnId=ed5d81fa-aaf0-49db-aa57-acca1dd387bd for containerID=#1 failed. Corresponding entry not found.
2019-09-10 22:12:53,907 [EventQueue-DeleteBlockStatusForDeletedBlockLogImpl] DEBUG block.DeletedBlockLogImpl (DeletedBlockLogImpl.java:isTransactionFailed(245)) - Got block deletion ACK from datanode, TXIDs=1, success=true
2019-09-10 22:12:53,907 [EventQueue-DeleteBlockStatusForDeletedBlockLogImpl] WARN  block.DeletedBlockLogImpl (DeletedBlockLogImpl.java:commitTransactions(205)) - Transaction txId=1 commit by dnId=ed5d81fa-aaf0-49db-aa57-acca1dd387bd for containerID=#1 failed. Corresponding entry not found.
2019-09-10 22:12:53,907 [EventQueue-DeleteBlockStatusForDeletedBlockLogImpl] DEBUG block.DeletedBlockLogImpl (DeletedBlockLogImpl.java:isTransactionFailed(245)) - Got block deletion ACK from datanode, TXIDs=1, success=true
2019-09-10 22:12:53,908 [EventQueue-DeleteBlockStatusForDeletedBlockLogImpl] WARN  block.DeletedBlockLogImpl (DeletedBlockLogImpl.java:commitTransactions(205)) - Transaction txId=1 commit by dnId=ed5d81fa-aaf0-49db-aa57-acca1dd387bd for containerID=#1 failed. Corresponding entry not found.
2019-09-10 22:12:53,908 [EventQueue-DeleteBlockStatusForDeletedBlockLogImpl] DEBUG block.DeletedBlockLogImpl (DeletedBlockLogImpl.java:isTransactionFailed(245)) - Got block deletion ACK from datanode, TXIDs=1, success=true
2019-09-10 22:12:53,908 [EventQueue-DeleteBlockStatusForDeletedBlockLogImpl] WARN  block.DeletedBlockLogImpl (DeletedBlockLogImpl.java:commitTransactions(205)) - Transaction txId=1 commit by dnId=ed5d81fa-aaf0-49db-aa57-acca1dd387bd for containerID=#1 failed. Corresponding entry not found.
2019-09-10 22:12:53,908 [IPC Server handler 3 on 46662] WARN  block.DeletedBlockLogImpl (DeletedBlockLogImpl.java:incrementCount(141)) - Deleted TXID not found.
2019-09-10 22:12:53,908 [IPC Server handler 3 on 46662] WARN  block.DeletedBlockLogImpl (DeletedBlockLogImpl.java:incrementCount(141)) - Deleted TXID not found.
2019-09-10 22:12:53,908 [IPC Server handler 3 on 46662] WARN  block.DeletedBlockLogImpl (DeletedBlockLogImpl.java:incrementCount(141)) - Deleted TXID not found.
2019-09-10 22:12:53,908 [EventQueue-DeleteBlockStatusForDeletedBlockLogImpl] DEBUG block.DeletedBlockLogImpl (DeletedBlockLogImpl.java:isTransactionFailed(245)) - Got block deletion ACK from datanode, TXIDs=1, success=true
2019-09-10 22:12:53,908 [EventQueue-DeleteBlockStatusForDeletedBlockLogImpl] WARN  block.DeletedBlockLogImpl (DeletedBlockLogImpl.java:commitTransactions(205)) - Transaction txId=1 commit by dnId=ed5d81fa-aaf0-49db-aa57-acca1dd387bd for containerID=#1 failed. Corresponding entry not found.
2019-09-10 22:12:53,909 [EventQueue-DeleteBlockStatusForDeletedBlockLogImpl] DEBUG block.DeletedBlockLogImpl (DeletedBlockLogImpl.java:isTransactionFailed(245)) - Got block deletion ACK from datanode, TXIDs=1, success=true
2019-09-10 22:12:53,909 [EventQueue-DeleteBlockStatusForDeletedBlockLogImpl] WARN  block.DeletedBlockLogImpl (DeletedBlockLogImpl.java:commitTransactions(205)) - Transaction txId=1 commit by dnId=ed5d81fa-aaf0-49db-aa57-acca1dd387bd for containerID=#1 failed. Corresponding entry not found.
2019-09-10 22:12:53,909 [EventQueue-DeleteBlockStatusForDeletedBlockLogImpl] DEBUG block.DeletedBlockLogImpl (DeletedBlockLogImpl.java:isTransactionFailed(245)) - Got block deletion ACK from datanode, TXIDs=1, success=true
2019-09-10 22:12:53,909 [EventQueue-DeleteBlockStatusForDeletedBlockLogImpl] WARN  block.DeletedBlockLogImpl (DeletedBlockLogImpl.java:commitTransactions(205)) - Transaction txId=1 commit by dnId=ed5d81fa-aaf0-49db-aa57-acca1dd387bd for containerID=#1 failed. Corresponding entry not found.
2019-09-10 22:12:53,909 [EventQueue-DeleteBlockStatusForDeletedBlockLogImpl] DEBUG block.DeletedBlockLogImpl (DeletedBlockLogImpl.java:isTransactionFailed(245)) - Got block deletion ACK from datanode, TXIDs=1, success=true
2019-09-10 22:12:53,909 [EventQueue-DeleteBlockStatusForDeletedBlockLogImpl] WARN  block.DeletedBlockLogImpl (DeletedBlockLogImpl.java:commitTransactions(205)) - Transaction txId=1 commit by dnId=ed5d81fa-aaf0-49db-aa57-acca1dd387bd for containerID=#1 failed. Corresponding entry not found.
2019-09-10 22:12:53,909 [EventQueue-DeleteBlockStatusForDeletedBlockLogImpl] DEBUG block.DeletedBlockLogImpl (DeletedBlockLogImpl.java:isTransactionFailed(245)) - Got block deletion ACK from datanode, TXIDs=1, success=true
2019-09-10 22:12:53,909 [EventQueue-DeleteBlockStatusForDeletedBlockLogImpl] WARN  block.DeletedBlockLogImpl (DeletedBlockLogImpl.java:commitTransactions(205)) - Transaction txId=1 commit by dnId=ed5d81fa-aaf0-49db-aa57-acca1dd387bd for containerID=#1 failed. Corresponding entry not found.
2019-09-10 22:12:53,909 [EventQueue-DeleteBlockStatusForDeletedBlockLogImpl] DEBUG block.DeletedBlockLogImpl (DeletedBlockLogImpl.java:isTransactionFailed(245)) - Got block deletion ACK from datanode, TXIDs=1, success=true
2019-09-10 22:12:53,909 [EventQueue-DeleteBlockStatusForDeletedBlockLogImpl] WARN  block.DeletedBlockLogImpl (DeletedBlockLogImpl.java:commitTransactions(205)) - Transaction txId=1 commit by dnId=ed5d81fa-aaf0-49db-aa57-acca1dd387bd for containerID=#1 failed. Corresponding entry not found.
2019-09-10 22:12:53,910 [EventQueue-DeleteBlockStatusForDeletedBlockLogImpl] DEBUG block.DeletedBlockLogImpl (DeletedBlockLogImpl.java:isTransactionFailed(245)) - Got block deletion ACK from datanode, TXIDs=1, success=true
2019-09-10 22:12:53,910 [EventQueue-DeleteBlockStatusForDeletedBlockLogImpl] WARN  block.DeletedBlockLogImpl (DeletedBlockLogImpl.java:commitTransactions(205)) - Transaction txId=1 commit by dnId=ed5d81fa-aaf0-49db-aa57-acca1dd387bd for containerID=#1 failed. Corresponding entry not found.
2019-09-10 22:12:53,910 [EventQueue-DeleteBlockStatusForDeletedBlockLogImpl] DEBUG block.DeletedBlockLogImpl (DeletedBlockLogImpl.java:isTransactionFailed(245)) - Got block deletion ACK from datanode, TXIDs=1, success=true
2019-09-10 22:12:53,910 [EventQueue-DeleteBlockStatusForDeletedBlockLogImpl] WARN  block.DeletedBlockLogImpl (DeletedBlockLogImpl.java:commitTransactions(205)) - Transaction txId=1 commit by dnId=ed5d81fa-aaf0-49db-aa57-acca1dd387bd for containerID=#1 failed. Corresponding entry not found.
2019-09-10 22:12:53,910 [EventQueue-DeleteBlockStatusForDeletedBlockLogImpl] DEBUG block.DeletedBlockLogImpl (DeletedBlockLogImpl.java:isTransactionFailed(245)) - Got block deletion ACK from datanode, TXIDs=1, success=true
2019-09-10 22:12:53,910 [EventQueue-DeleteBlockStatusForDeletedBlockLogImpl] WARN  block.DeletedBlockLogImpl (DeletedBlockLogImpl.java:commitTransactions(205)) - Transaction txId=1 commit by dnId=ed5d81fa-aaf0-49db-aa57-acca1dd387bd for containerID=#1 failed. Corresponding entry not found.
2019-09-10 22:12:53,910 [EventQueue-DeleteBlockStatusForDeletedBlockLogImpl] DEBUG block.DeletedBlockLogImpl (DeletedBlockLogImpl.java:isTransactionFailed(245)) - Got block deletion ACK from datanode, TXIDs=1, success=true
2019-09-10 22:12:53,910 [EventQueue-DeleteBlockStatusForDeletedBlockLogImpl] WARN  block.DeletedBlockLogImpl (DeletedBlockLogImpl.java:commitTransactions(205)) - Transaction txId=1 commit by dnId=ed5d81fa-aaf0-49db-aa57-acca1dd387bd for containerID=#1 failed. Corresponding entry not found.
2019-09-10 22:12:53,910 [EventQueue-DeleteBlockStatusForDeletedBlockLogImpl] DEBUG block.DeletedBlockLogImpl (DeletedBlockLogImpl.java:isTransactionFailed(245)) - Got block deletion ACK from datanode, TXIDs=1, success=true
2019-09-10 22:12:53,910 [EventQueue-DeleteBlockStatusForDeletedBlockLogImpl] WARN  block.DeletedBlockLogImpl (DeletedBlockLogImpl.java:commitTransactions(205)) - Transaction txId=1 commit by dnId=ed5d81fa-aaf0-49db-aa57-acca1dd387bd for containerID=#1 failed. Corresponding entry not found.
2019-09-10 22:12:53,911 [EventQueue-DeleteBlockStatusForDeletedBlockLogImpl] DEBUG block.DeletedBlockLogImpl (DeletedBlockLogImpl.java:isTransactionFailed(245)) - Got block deletion ACK from datanode, TXIDs=1, success=true
2019-09-10 22:12:53,911 [EventQueue-DeleteBlockStatusForDeletedBlockLogImpl] WARN  block.DeletedBlockLogImpl (DeletedBlockLogImpl.java:commitTransactions(205)) - Transaction txId=1 commit by dnId=ed5d81fa-aaf0-49db-aa57-acca1dd387bd for containerID=#1 failed. Corresponding entry not found.
2019-09-10 22:12:53,911 [EventQueue-DeleteBlockStatusForDeletedBlockLogImpl] DEBUG block.DeletedBlockLogImpl (DeletedBlockLogImpl.java:isTransactionFailed(245)) - Got block deletion ACK from datanode, TXIDs=1, success=true
2019-09-10 22:12:53,911 [EventQueue-DeleteBlockStatusForDeletedBlockLogImpl] WARN  block.DeletedBlockLogImpl (DeletedBlockLogImpl.java:commitTransactions(205)) - Transaction txId=1 commit by dnId=ed5d81fa-aaf0-49db-aa57-acca1dd387bd for containerID=#1 failed. Corresponding entry not found.
2019-09-10 22:12:53,911 [EventQueue-DeleteBlockStatusForDeletedBlockLogImpl] DEBUG block.DeletedBlockLogImpl (DeletedBlockLogImpl.java:isTransactionFailed(245)) - Got block deletion ACK from datanode, TXIDs=1, success=true
2019-09-10 22:12:53,911 [EventQueue-DeleteBlockStatusForDeletedBlockLogImpl] WARN  block.DeletedBlockLogImpl (DeletedBlockLogImpl.java:commitTransactions(205)) - Transaction txId=1 commit by dnId=ed5d81fa-aaf0-49db-aa57-acca1dd387bd for containerID=#1 failed. Corresponding entry not found.
2019-09-10 22:12:53,911 [EventQueue-DeleteBlockStatusForDeletedBlockLogImpl] DEBUG block.DeletedBlockLogImpl (DeletedBlockLogImpl.java:isTransactionFailed(245)) - Got block deletion ACK from datanode, TXIDs=1, success=true
2019-09-10 22:12:53,911 [EventQueue-DeleteBlockStatusForDeletedBlockLogImpl] WARN  block.DeletedBlockLogImpl (DeletedBlockLogImpl.java:commitTransactions(205)) - Transaction txId=1 commit by dnId=ed5d81fa-aaf0-49db-aa57-acca1dd387bd for containerID=#1 failed. Corresponding entry not found.
2019-09-10 22:12:53,911 [EventQueue-DeleteBlockStatusForDeletedBlockLogImpl] DEBUG block.DeletedBlockLogImpl (DeletedBlockLogImpl.java:isTransactionFailed(245)) - Got block deletion ACK from datanode, TXIDs=1, success=true
2019-09-10 22:12:53,911 [EventQueue-DeleteBlockStatusForDeletedBlockLogImpl] WARN  block.DeletedBlockLogImpl (DeletedBlockLogImpl.java:commitTransactions(205)) - Transaction txId=1 commit by dnId=ed5d81fa-aaf0-49db-aa57-acca1dd387bd for containerID=#1 failed. Corresponding entry not found.
2019-09-10 22:12:53,912 [EventQueue-DeleteBlockStatusForDeletedBlockLogImpl] DEBUG block.DeletedBlockLogImpl (DeletedBlockLogImpl.java:isTransactionFailed(245)) - Got block deletion ACK from datanode, TXIDs=1, success=true
2019-09-10 22:12:53,912 [EventQueue-DeleteBlockStatusForDeletedBlockLogImpl] WARN  block.DeletedBlockLogImpl (DeletedBlockLogImpl.java:commitTransactions(205)) - Transaction txId=1 commit by dnId=ed5d81fa-aaf0-49db-aa57-acca1dd387bd for containerID=#1 failed. Corresponding entry not found.
2019-09-10 22:12:53,912 [EventQueue-DeleteBlockStatusForDeletedBlockLogImpl] DEBUG block.DeletedBlockLogImpl (DeletedBlockLogImpl.java:isTransactionFailed(245)) - Got block deletion ACK from datanode, TXIDs=1, success=true
2019-09-10 22:12:53,912 [EventQueue-DeleteBlockStatusForDeletedBlockLogImpl] WARN  block.DeletedBlockLogImpl (DeletedBlockLogImpl.java:commitTransactions(205)) - Transaction txId=1 commit by dnId=ed5d81fa-aaf0-49db-aa57-acca1dd387bd for containerID=#1 failed. Corresponding entry not found.
2019-09-10 22:12:53,912 [EventQueue-DeleteBlockStatusForDeletedBlockLogImpl] DEBUG block.DeletedBlockLogImpl (DeletedBlockLogImpl.java:isTransactionFailed(245)) - Got block deletion ACK from datanode, TXIDs=1, success=true
2019-09-10 22:12:53,912 [EventQueue-DeleteBlockStatusForDeletedBlockLogImpl] WARN  block.DeletedBlockLogImpl (DeletedBlockLogImpl.java:commitTransactions(205)) - Transaction txId=1 commit by dnId=ed5d81fa-aaf0-49db-aa57-acca1dd387bd for containerID=#1 failed. Corresponding entry not found.
2019-09-10 22:12:53,912 [EventQueue-DeleteBlockStatusForDeletedBlockLogImpl] DEBUG block.DeletedBlockLogImpl (DeletedBlockLogImpl.java:isTransactionFailed(245)) - Got block deletion ACK from datanode, TXIDs=1, success=true
2019-09-10 22:12:53,912 [EventQueue-DeleteBlockStatusForDeletedBlockLogImpl] WARN  block.DeletedBlockLogImpl (DeletedBlockLogImpl.java:commitTransactions(205)) - Transaction txId=1 commit by dnId=ed5d81fa-aaf0-49db-aa57-acca1dd387bd for containerID=#1 failed. Corresponding entry not found.
2019-09-10 22:12:53,912 [EventQueue-DeleteBlockStatusForDeletedBlockLogImpl] DEBUG block.DeletedBlockLogImpl (DeletedBlockLogImpl.java:isTransactionFailed(245)) - Got block deletion ACK from datanode, TXIDs=1, success=true
2019-09-10 22:12:53,912 [EventQueue-DeleteBlockStatusForDeletedBlockLogImpl] WARN  block.DeletedBlockLogImpl (DeletedBlockLogImpl.java:commitTransactions(205)) - Transaction txId=1 commit by dnId=ed5d81fa-aaf0-49db-aa57-acca1dd387bd for containerID=#1 failed. Corresponding entry not found.
2019-09-10 22:12:53,913 [EventQueue-DeleteBlockStatusForDeletedBlockLogImpl] DEBUG block.DeletedBlockLogImpl (DeletedBlockLogImpl.java:isTransactionFailed(245)) - Got block deletion ACK from datanode, TXIDs=1, success=true
2019-09-10 22:12:53,913 [EventQueue-DeleteBlockStatusForDeletedBlockLogImpl] WARN  block.DeletedBlockLogImpl (DeletedBlockLogImpl.java:commitTransactions(205)) - Transaction txId=1 commit by dnId=ed5d81fa-aaf0-49db-aa57-acca1dd387bd for containerID=#1 failed. Corresponding entry not found.
2019-09-10 22:12:53,913 [EventQueue-DeleteBlockStatusForDeletedBlockLogImpl] DEBUG block.DeletedBlockLogImpl (DeletedBlockLogImpl.java:isTransactionFailed(245)) - Got block deletion ACK from datanode, TXIDs=1, success=true
2019-09-10 22:12:53,913 [EventQueue-DeleteBlockStatusForDeletedBlockLogImpl] WARN  block.DeletedBlockLogImpl (DeletedBlockLogImpl.java:commitTransactions(205)) - Transaction txId=1 commit by dnId=ed5d81fa-aaf0-49db-aa57-acca1dd387bd for containerID=#1 failed. Corresponding entry not found.
2019-09-10 22:12:53,913 [EventQueue-DeleteBlockStatusForDeletedBlockLogImpl] DEBUG block.DeletedBlockLogImpl (DeletedBlockLogImpl.java:isTransactionFailed(245)) - Got block deletion ACK from datanode, TXIDs=1, success=true
2019-09-10 22:12:53,913 [EventQueue-DeleteBlockStatusForDeletedBlockLogImpl] WARN  block.DeletedBlockLogImpl (DeletedBlockLogImpl.java:commitTransactions(205)) - Transaction txId=1 commit by dnId=ed5d81fa-aaf0-49db-aa57-acca1dd387bd for containerID=#1 failed. Corresponding entry not found.
2019-09-10 22:12:53,913 [EventQueue-DeleteBlockStatusForDeletedBlockLogImpl] DEBUG block.DeletedBlockLogImpl (DeletedBlockLogImpl.java:isTransactionFailed(245)) - Got block deletion ACK from datanode, TXIDs=1, success=true
2019-09-10 22:12:53,913 [EventQueue-DeleteBlockStatusForDeletedBlockLogImpl] WARN  block.DeletedBlockLogImpl (DeletedBlockLogImpl.java:commitTransactions(205)) - Transaction txId=1 commit by dnId=ed5d81fa-aaf0-49db-aa57-acca1dd387bd for containerID=#1 failed. Corresponding entry not found.
2019-09-10 22:12:53,913 [EventQueue-DeleteBlockStatusForDeletedBlockLogImpl] DEBUG block.DeletedBlockLogImpl (DeletedBlockLogImpl.java:isTransactionFailed(245)) - Got block deletion ACK from datanode, TXIDs=1, success=true
2019-09-10 22:12:53,914 [EventQueue-DeleteBlockStatusForDeletedBlockLogImpl] WARN  block.DeletedBlockLogImpl (DeletedBlockLogImpl.java:commitTransactions(205)) - Transaction txId=1 commit by dnId=ed5d81fa-aaf0-49db-aa57-acca1dd387bd for containerID=#1 failed. Corresponding entry not found.
2019-09-10 22:12:53,914 [EventQueue-DeleteBlockStatusForDeletedBlockLogImpl] DEBUG block.DeletedBlockLogImpl (DeletedBlockLogImpl.java:isTransactionFailed(245)) - Got block deletion ACK from datanode, TXIDs=1, success=true
2019-09-10 22:12:53,914 [EventQueue-DeleteBlockStatusForDeletedBlockLogImpl] WARN  block.DeletedBlockLogImpl (DeletedBlockLogImpl.java:commitTransactions(205)) - Transaction txId=1 commit by dnId=ed5d81fa-aaf0-49db-aa57-acca1dd387bd for containerID=#1 failed. Corresponding entry not found.
2019-09-10 22:12:53,914 [EventQueue-DeleteBlockStatusForDeletedBlockLogImpl] DEBUG block.DeletedBlockLogImpl (DeletedBlockLogImpl.java:isTransactionFailed(245)) - Got block deletion ACK from datanode, TXIDs=1, success=true
2019-09-10 22:12:53,914 [EventQueue-DeleteBlockStatusForDeletedBlockLogImpl] WARN  block.DeletedBlockLogImpl (DeletedBlockLogImpl.java:commitTransactions(205)) - Transaction txId=1 commit by dnId=ed5d81fa-aaf0-49db-aa57-acca1dd387bd for containerID=#1 failed. Corresponding entry not found.
2019-09-10 22:12:53,914 [EventQueue-DeleteBlockStatusForDeletedBlockLogImpl] DEBUG block.DeletedBlockLogImpl (DeletedBlockLogImpl.java:isTransactionFailed(245)) - Got block deletion ACK from datanode, TXIDs=1, success=true
2019-09-10 22:12:53,914 [EventQueue-DeleteBlockStatusForDeletedBlockLogImpl] WARN  block.DeletedBlockLogImpl (DeletedBlockLogImpl.java:commitTransactions(205)) - Transaction txId=1 commit by dnId=ed5d81fa-aaf0-49db-aa57-acca1dd387bd for containerID=#1 failed. Corresponding entry not found.
2019-09-10 22:12:53,914 [EventQueue-DeleteBlockStatusForDeletedBlockLogImpl] DEBUG block.DeletedBlockLogImpl (DeletedBlockLogImpl.java:isTransactionFailed(245)) - Got block deletion ACK from datanode, TXIDs=1, success=true
2019-09-10 22:12:53,914 [EventQueue-DeleteBlockStatusForDeletedBlockLogImpl] WARN  block.DeletedBlockLogImpl (DeletedBlockLogImpl.java:commitTransactions(205)) - Transaction txId=1 commit by dnId=ed5d81fa-aaf0-49db-aa57-acca1dd387bd for containerID=#1 failed. Corresponding entry not found.
2019-09-10 22:12:53,914 [IPC Server handler 3 on 46662] WARN  block.DeletedBlockLogImpl (DeletedBlockLogImpl.java:incrementCount(141)) - Deleted TXID not found.
2019-09-10 22:12:53,915 [IPC Server handler 3 on 46662] WARN  block.DeletedBlockLogImpl (DeletedBlockLogImpl.java:incrementCount(141)) - Deleted TXID not found.
2019-09-10 22:12:53,915 [IPC Server handler 3 on 46662] WARN  block.DeletedBlockLogImpl (DeletedBlockLogImpl.java:incrementCount(141)) - Deleted TXID not found.
2019-09-10 22:12:53,915 [EventQueue-DeleteBlockStatusForDeletedBlockLogImpl] DEBUG block.DeletedBlockLogImpl (DeletedBlockLogImpl.java:isTransactionFailed(245)) - Got block deletion ACK from datanode, TXIDs=1, success=true
2019-09-10 22:12:53,915 [EventQueue-DeleteBlockStatusForDeletedBlockLogImpl] WARN  block.DeletedBlockLogImpl (DeletedBlockLogImpl.java:commitTransactions(205)) - Transaction txId=1 commit by dnId=ed5d81fa-aaf0-49db-aa57-acca1dd387bd for containerID=#1 failed. Corresponding entry not found.
2019-09-10 22:12:53,915 [EventQueue-DeleteBlockStatusForDeletedBlockLogImpl] DEBUG block.DeletedBlockLogImpl (DeletedBlockLogImpl.java:isTransactionFailed(245)) - Got block deletion ACK from datanode, TXIDs=1, success=true
2019-09-10 22:12:53,915 [EventQueue-DeleteBlockStatusForDeletedBlockLogImpl] WARN  block.DeletedBlockLogImpl (DeletedBlockLogImpl.java:commitTransactions(205)) - Transaction txId=1 commit by dnId=ed5d81fa-aaf0-49db-aa57-acca1dd387bd for containerID=#1 failed. Corresponding entry not found.
2019-09-10 22:12:53,915 [EventQueue-DeleteBlockStatusForDeletedBlockLogImpl] DEBUG block.DeletedBlockLogImpl (DeletedBlockLogImpl.java:isTransactionFailed(245)) - Got block deletion ACK from datanode, TXIDs=1, success=true
2019-09-10 22:12:53,915 [EventQueue-DeleteBlockStatusForDeletedBlockLogImpl] WARN  block.DeletedBlockLogImpl (DeletedBlockLogImpl.java:commitTransactions(205)) - Transaction txId=1 commit by dnId=ed5d81fa-aaf0-49db-aa57-acca1dd387bd for containerID=#1 failed. Corresponding entry not found.
2019-09-10 22:12:53,915 [EventQueue-DeleteBlockStatusForDeletedBlockLogImpl] DEBUG block.DeletedBlockLogImpl (DeletedBlockLogImpl.java:isTransactionFailed(245)) - Got block deletion ACK from datanode, TXIDs=1, success=true
2019-09-10 22:12:53,916 [EventQueue-DeleteBlockStatusForDeletedBlockLogImpl] WARN  block.DeletedBlockLogImpl (DeletedBlockLogImpl.java:commitTransactions(205)) - Transaction txId=1 commit by dnId=ed5d81fa-aaf0-49db-aa57-acca1dd387bd for containerID=#1 failed. Corresponding entry not found.
2019-09-10 22:12:53,916 [EventQueue-DeleteBlockStatusForDeletedBlockLogImpl] DEBUG block.DeletedBlockLogImpl (DeletedBlockLogImpl.java:isTransactionFailed(245)) - Got block deletion ACK from datanode, TXIDs=1, success=true
2019-09-10 22:12:53,916 [EventQueue-DeleteBlockStatusForDeletedBlockLogImpl] WARN  block.DeletedBlockLogImpl (DeletedBlockLogImpl.java:commitTransactions(205)) - Transaction txId=1 commit by dnId=ed5d81fa-aaf0-49db-aa57-acca1dd387bd for containerID=#1 failed. Corresponding entry not found.
2019-09-10 22:12:53,916 [EventQueue-DeleteBlockStatusForDeletedBlockLogImpl] DEBUG block.DeletedBlockLogImpl (DeletedBlockLogImpl.java:isTransactionFailed(245)) - Got block deletion ACK from datanode, TXIDs=1, success=true
2019-09-10 22:12:53,916 [EventQueue-DeleteBlockStatusForDeletedBlockLogImpl] WARN  block.DeletedBlockLogImpl (DeletedBlockLogImpl.java:commitTransactions(205)) - Transaction txId=1 commit by dnId=ed5d81fa-aaf0-49db-aa57-acca1dd387bd for containerID=#1 failed. Corresponding entry not found.
2019-09-10 22:12:53,916 [EventQueue-DeleteBlockStatusForDeletedBlockLogImpl] DEBUG block.DeletedBlockLogImpl (DeletedBlockLogImpl.java:isTransactionFailed(245)) - Got block deletion ACK from datanode, TXIDs=1, success=true
2019-09-10 22:12:53,916 [EventQueue-DeleteBlockStatusForDeletedBlockLogImpl] WARN  block.DeletedBlockLogImpl (DeletedBlockLogImpl.java:commitTransactions(205)) - Transaction txId=1 commit by dnId=ed5d81fa-aaf0-49db-aa57-acca1dd387bd for containerID=#1 failed. Corresponding entry not found.
2019-09-10 22:12:53,917 [IPC Server handler 3 on 46662] WARN  block.DeletedBlockLogImpl (DeletedBlockLogImpl.java:incrementCount(141)) - Deleted TXID not found.
2019-09-10 22:12:53,917 [IPC Server handler 3 on 46662] WARN  block.DeletedBlockLogImpl (DeletedBlockLogImpl.java:incrementCount(141)) - Deleted TXID not found.
2019-09-10 22:12:53,917 [IPC Server handler 3 on 46662] WARN  block.DeletedBlockLogImpl (DeletedBlockLogImpl.java:incrementCount(141)) - Deleted TXID not found.
2019-09-10 22:12:53,917 [EventQueue-DeleteBlockStatusForDeletedBlockLogImpl] DEBUG block.DeletedBlockLogImpl (DeletedBlockLogImpl.java:isTransactionFailed(245)) - Got block deletion ACK from datanode, TXIDs=1, success=true
2019-09-10 22:12:53,917 [EventQueue-DeleteBlockStatusForDeletedBlockLogImpl] WARN  block.DeletedBlockLogImpl (DeletedBlockLogImpl.java:commitTransactions(205)) - Transaction txId=1 commit by dnId=ed5d81fa-aaf0-49db-aa57-acca1dd387bd for containerID=#1 failed. Corresponding entry not found.
2019-09-10 22:12:53,917 [IPC Server handler 3 on 46662] WARN  block.DeletedBlockLogImpl (DeletedBlockLogImpl.java:incrementCount(141)) - Deleted TXID not found.
2019-09-10 22:12:53,917 [IPC Server handler 3 on 46662] WARN  block.DeletedBlockLogImpl (DeletedBlockLogImpl.java:incrementCount(141)) - Deleted TXID not found.
2019-09-10 22:12:53,918 [IPC Server handler 3 on 46662] WARN  block.DeletedBlockLogImpl (DeletedBlockLogImpl.java:incrementCount(141)) - Deleted TXID not found.
2019-09-10 22:12:53,918 [EventQueue-DeleteBlockStatusForDeletedBlockLogImpl] DEBUG block.DeletedBlockLogImpl (DeletedBlockLogImpl.java:isTransactionFailed(245)) - Got block deletion ACK from datanode, TXIDs=1, success=true
2019-09-10 22:12:53,918 [EventQueue-DeleteBlockStatusForDeletedBlockLogImpl] WARN  block.DeletedBlockLogImpl (DeletedBlockLogImpl.java:commitTransactions(205)) - Transaction txId=1 commit by dnId=ed5d81fa-aaf0-49db-aa57-acca1dd387bd for containerID=#1 failed. Corresponding entry not found.
2019-09-10 22:12:53,918 [IPC Server handler 3 on 46662] WARN  block.DeletedBlockLogImpl (DeletedBlockLogImpl.java:incrementCount(141)) - Deleted TXID not found.
2019-09-10 22:12:53,918 [IPC Server handler 3 on 46662] WARN  block.DeletedBlockLogImpl (DeletedBlockLogImpl.java:incrementCount(141)) - Deleted TXID not found.
2019-09-10 22:12:53,918 [IPC Server handler 3 on 46662] WARN  block.DeletedBlockLogImpl (DeletedBlockLogImpl.java:incrementCount(141)) - Deleted TXID not found.
2019-09-10 22:12:53,918 [EventQueue-DeleteBlockStatusForDeletedBlockLogImpl] DEBUG block.DeletedBlockLogImpl (DeletedBlockLogImpl.java:isTransactionFailed(245)) - Got block deletion ACK from datanode, TXIDs=1, success=true
2019-09-10 22:12:53,918 [EventQueue-DeleteBlockStatusForDeletedBlockLogImpl] WARN  block.DeletedBlockLogImpl (DeletedBlockLogImpl.java:commitTransactions(205)) - Transaction txId=1 commit by dnId=ed5d81fa-aaf0-49db-aa57-acca1dd387bd for containerID=#1 failed. Corresponding entry not found.
2019-09-10 22:12:53,919 [EventQueue-DeleteBlockStatusForDeletedBlockLogImpl] DEBUG block.DeletedBlockLogImpl (DeletedBlockLogImpl.java:isTransactionFailed(245)) - Got block deletion ACK from datanode, TXIDs=1, success=true
2019-09-10 22:12:53,919 [EventQueue-DeleteBlockStatusForDeletedBlockLogImpl] WARN  block.DeletedBlockLogImpl (DeletedBlockLogImpl.java:commitTransactions(205)) - Transaction txId=1 commit by dnId=ed5d81fa-aaf0-49db-aa57-acca1dd387bd for containerID=#1 failed. Corresponding entry not found.
2019-09-10 22:12:53,919 [IPC Server handler 3 on 46662] WARN  block.DeletedBlockLogImpl (DeletedBlockLogImpl.java:incrementCount(141)) - Deleted TXID not found.
2019-09-10 22:12:53,919 [IPC Server handler 3 on 46662] WARN  block.DeletedBlockLogImpl (DeletedBlockLogImpl.java:incrementCount(141)) - Deleted TXID not found.
2019-09-10 22:12:53,919 [IPC Server handler 3 on 46662] WARN  block.DeletedBlockLogImpl (DeletedBlockLogImpl.java:incrementCount(141)) - Deleted TXID not found.
2019-09-10 22:12:53,919 [EventQueue-DeleteBlockStatusForDeletedBlockLogImpl] DEBUG block.DeletedBlockLogImpl (DeletedBlockLogImpl.java:isTransactionFailed(245)) - Got block deletion ACK from datanode, TXIDs=1, success=true
2019-09-10 22:12:53,919 [EventQueue-DeleteBlockStatusForDeletedBlockLogImpl] WARN  block.DeletedBlockLogImpl (DeletedBlockLogImpl.java:commitTransactions(205)) - Transaction txId=1 commit by dnId=ed5d81fa-aaf0-49db-aa57-acca1dd387bd for containerID=#1 failed. Corresponding entry not found.
2019-09-10 22:12:53,919 [IPC Server handler 3 on 46662] WARN  block.DeletedBlockLogImpl (DeletedBlockLogImpl.java:incrementCount(141)) - Deleted TXID not found.
2019-09-10 22:12:53,920 [IPC Server handler 3 on 46662] WARN  block.DeletedBlockLogImpl (DeletedBlockLogImpl.java:incrementCount(141)) - Deleted TXID not found.
2019-09-10 22:12:53,920 [IPC Server handler 3 on 46662] WARN  block.DeletedBlockLogImpl (DeletedBlockLogImpl.java:incrementCount(141)) - Deleted TXID not found.
2019-09-10 22:12:53,920 [EventQueue-DeleteBlockStatusForDeletedBlockLogImpl] DEBUG block.DeletedBlockLogImpl (DeletedBlockLogImpl.java:isTransactionFailed(245)) - Got block deletion ACK from datanode, TXIDs=1, success=true
2019-09-10 22:12:53,920 [EventQueue-DeleteBlockStatusForDeletedBlockLogImpl] WARN  block.DeletedBlockLogImpl (DeletedBlockLogImpl.java:commitTransactions(205)) - Transaction txId=1 commit by dnId=ed5d81fa-aaf0-49db-aa57-acca1dd387bd for containerID=#1 failed. Corresponding entry not found.
2019-09-10 22:12:53,920 [IPC Server handler 3 on 46662] WARN  block.DeletedBlockLogImpl (DeletedBlockLogImpl.java:incrementCount(141)) - Deleted TXID not found.
2019-09-10 22:12:53,920 [IPC Server handler 3 on 46662] WARN  block.DeletedBlockLogImpl (DeletedBlockLogImpl.java:incrementCount(141)) - Deleted TXID not found.
2019-09-10 22:12:53,920 [IPC Server handler 3 on 46662] WARN  block.DeletedBlockLogImpl (DeletedBlockLogImpl.java:incrementCount(141)) - Deleted TXID not found.
2019-09-10 22:12:53,920 [EventQueue-DeleteBlockStatusForDeletedBlockLogImpl] DEBUG block.DeletedBlockLogImpl (DeletedBlockLogImpl.java:isTransactionFailed(245)) - Got block deletion ACK from datanode, TXIDs=1, success=true
2019-09-10 22:12:53,921 [EventQueue-DeleteBlockStatusForDeletedBlockLogImpl] WARN  block.DeletedBlockLogImpl (DeletedBlockLogImpl.java:commitTransactions(205)) - Transaction txId=1 commit by dnId=ed5d81fa-aaf0-49db-aa57-acca1dd387bd for containerID=#1 failed. Corresponding entry not found.
2019-09-10 22:12:53,921 [EventQueue-DeleteBlockStatusForDeletedBlockLogImpl] DEBUG block.DeletedBlockLogImpl (DeletedBlockLogImpl.java:isTransactionFailed(245)) - Got block deletion ACK from datanode, TXIDs=1, success=true
2019-09-10 22:12:53,921 [EventQueue-DeleteBlockStatusForDeletedBlockLogImpl] WARN  block.DeletedBlockLogImpl (DeletedBlockLogImpl.java:commitTransactions(205)) - Transaction txId=1 commit by dnId=ed5d81fa-aaf0-49db-aa57-acca1dd387bd for containerID=#1 failed. Corresponding entry not found.
2019-09-10 22:12:53,921 [EventQueue-DeleteBlockStatusForDeletedBlockLogImpl] DEBUG block.DeletedBlockLogImpl (DeletedBlockLogImpl.java:isTransactionFailed(245)) - Got block deletion ACK from datanode, TXIDs=1, success=true
2019-09-10 22:12:53,921 [EventQueue-DeleteBlockStatusForDeletedBlockLogImpl] WARN  block.DeletedBlockLogImpl (DeletedBlockLogImpl.java:commitTransactions(205)) - Transaction txId=1 commit by dnId=ed5d81fa-aaf0-49db-aa57-acca1dd387bd for containerID=#1 failed. Corresponding entry not found.
2019-09-10 22:12:53,921 [IPC Server handler 3 on 46662] WARN  block.DeletedBlockLogImpl (DeletedBlockLogImpl.java:incrementCount(141)) - Deleted TXID not found.
2019-09-10 22:12:53,921 [IPC Server handler 3 on 46662] WARN  block.DeletedBlockLogImpl (DeletedBlockLogImpl.java:incrementCount(141)) - Deleted TXID not found.
2019-09-10 22:12:53,921 [IPC Server handler 3 on 46662] WARN  block.DeletedBlockLogImpl (DeletedBlockLogImpl.java:incrementCount(141)) - Deleted TXID not found.
2019-09-10 22:12:53,922 [EventQueue-DeleteBlockStatusForDeletedBlockLogImpl] DEBUG block.DeletedBlockLogImpl (DeletedBlockLogImpl.java:isTransactionFailed(245)) - Got block deletion ACK from datanode, TXIDs=1, success=true
2019-09-10 22:12:53,922 [EventQueue-DeleteBlockStatusForDeletedBlockLogImpl] WARN  block.DeletedBlockLogImpl (DeletedBlockLogImpl.java:commitTransactions(205)) - Transaction txId=1 commit by dnId=ed5d81fa-aaf0-49db-aa57-acca1dd387bd for containerID=#1 failed. Corresponding entry not found.
2019-09-10 22:12:53,922 [EventQueue-DeleteBlockStatusForDeletedBlockLogImpl] DEBUG block.DeletedBlockLogImpl (DeletedBlockLogImpl.java:isTransactionFailed(245)) - Got block deletion ACK from datanode, TXIDs=1, success=true
2019-09-10 22:12:53,922 [EventQueue-DeleteBlockStatusForDeletedBlockLogImpl] WARN  block.DeletedBlockLogImpl (DeletedBlockLogImpl.java:commitTransactions(205)) - Transaction txId=1 commit by dnId=ed5d81fa-aaf0-49db-aa57-acca1dd387bd for containerID=#1 failed. Corresponding entry not found.
2019-09-10 22:12:53,922 [EventQueue-DeleteBlockStatusForDeletedBlockLogImpl] DEBUG block.DeletedBlockLogImpl (DeletedBlockLogImpl.java:isTransactionFailed(245)) - Got block deletion ACK from datanode, TXIDs=1, success=true
2019-09-10 22:12:53,922 [EventQueue-DeleteBlockStatusForDeletedBlockLogImpl] WARN  block.DeletedBlockLogImpl (DeletedBlockLogImpl.java:commitTransactions(205)) - Transaction txId=1 commit by dnId=ed5d81fa-aaf0-49db-aa57-acca1dd387bd for containerID=#1 failed. Corresponding entry not found.
2019-09-10 22:12:53,922 [EventQueue-DeleteBlockStatusForDeletedBlockLogImpl] DEBUG block.DeletedBlockLogImpl (DeletedBlockLogImpl.java:isTransactionFailed(245)) - Got block deletion ACK from datanode, TXIDs=1, success=true
2019-09-10 22:12:53,922 [EventQueue-DeleteBlockStatusForDeletedBlockLogImpl] WARN  block.DeletedBlockLogImpl (DeletedBlockLogImpl.java:commitTransactions(205)) - Transaction txId=1 commit by dnId=ed5d81fa-aaf0-49db-aa57-acca1dd387bd for containerID=#1 failed. Corresponding entry not found.
2019-09-10 22:12:53,922 [IPC Server handler 3 on 46662] WARN  block.DeletedBlockLogImpl (DeletedBlockLogImpl.java:incrementCount(141)) - Deleted TXID not found.
2019-09-10 22:12:53,923 [IPC Server handler 3 on 46662] WARN  block.DeletedBlockLogImpl (DeletedBlockLogImpl.java:incrementCount(141)) - Deleted TXID not found.
2019-09-10 22:12:53,923 [IPC Server handler 3 on 46662] WARN  block.DeletedBlockLogImpl (DeletedBlockLogImpl.java:incrementCount(141)) - Deleted TXID not found.
2019-09-10 22:12:53,923 [EventQueue-DeleteBlockStatusForDeletedBlockLogImpl] DEBUG block.DeletedBlockLogImpl (DeletedBlockLogImpl.java:isTransactionFailed(245)) - Got block deletion ACK from datanode, TXIDs=1, success=true
2019-09-10 22:12:53,923 [EventQueue-DeleteBlockStatusForDeletedBlockLogImpl] WARN  block.DeletedBlockLogImpl (DeletedBlockLogImpl.java:commitTransactions(205)) - Transaction txId=1 commit by dnId=ed5d81fa-aaf0-49db-aa57-acca1dd387bd for containerID=#1 failed. Corresponding entry not found.
2019-09-10 22:12:53,923 [EventQueue-DeleteBlockStatusForDeletedBlockLogImpl] DEBUG block.DeletedBlockLogImpl (DeletedBlockLogImpl.java:isTransactionFailed(245)) - Got block deletion ACK from datanode, TXIDs=1, success=true
2019-09-10 22:12:53,923 [EventQueue-DeleteBlockStatusForDeletedBlockLogImpl] WARN  block.DeletedBlockLogImpl (DeletedBlockLogImpl.java:commitTransactions(205)) - Transaction txId=1 commit by dnId=ed5d81fa-aaf0-49db-aa57-acca1dd387bd for containerID=#1 failed. Corresponding entry not found.
2019-09-10 22:12:53,923 [EventQueue-DeleteBlockStatusForDeletedBlockLogImpl] DEBUG block.DeletedBlockLogImpl (DeletedBlockLogImpl.java:isTransactionFailed(245)) - Got block deletion ACK from datanode, TXIDs=1, success=true
2019-09-10 22:12:53,923 [EventQueue-DeleteBlockStatusForDeletedBlockLogImpl] WARN  block.DeletedBlockLogImpl (DeletedBlockLogImpl.java:commitTransactions(205)) - Transaction txId=1 commit by dnId=ed5d81fa-aaf0-49db-aa57-acca1dd387bd for containerID=#1 failed. Corresponding entry not found.
2019-09-10 22:12:53,923 [IPC Server handler 3 on 46662] WARN  block.DeletedBlockLogImpl (DeletedBlockLogImpl.java:incrementCount(141)) - Deleted TXID not found.
2019-09-10 22:12:53,924 [IPC Server handler 3 on 46662] WARN  block.DeletedBlockLogImpl (DeletedBlockLogImpl.java:incrementCount(141)) - Deleted TXID not found.
2019-09-10 22:12:53,924 [IPC Server handler 3 on 46662] WARN  block.DeletedBlockLogImpl (DeletedBlockLogImpl.java:incrementCount(141)) - Deleted TXID not found.
2019-09-10 22:12:53,924 [EventQueue-DeleteBlockStatusForDeletedBlockLogImpl] DEBUG block.DeletedBlockLogImpl (DeletedBlockLogImpl.java:isTransactionFailed(245)) - Got block deletion ACK from datanode, TXIDs=1, success=true
2019-09-10 22:12:53,924 [EventQueue-DeleteBlockStatusForDeletedBlockLogImpl] WARN  block.DeletedBlockLogImpl (DeletedBlockLogImpl.java:commitTransactions(205)) - Transaction txId=1 commit by dnId=ed5d81fa-aaf0-49db-aa57-acca1dd387bd for containerID=#1 failed. Corresponding entry not found.
2019-09-10 22:12:53,924 [IPC Server handler 3 on 46662] WARN  block.DeletedBlockLogImpl (DeletedBlockLogImpl.java:incrementCount(141)) - Deleted TXID not found.
2019-09-10 22:12:53,924 [IPC Server handler 3 on 46662] WARN  block.DeletedBlockLogImpl (DeletedBlockLogImpl.java:incrementCount(141)) - Deleted TXID not found.
2019-09-10 22:12:53,924 [IPC Server handler 3 on 46662] WARN  block.DeletedBlockLogImpl (DeletedBlockLogImpl.java:incrementCount(141)) - Deleted TXID not found.
2019-09-10 22:12:53,925 [EventQueue-DeleteBlockStatusForDeletedBlockLogImpl] DEBUG block.DeletedBlockLogImpl (DeletedBlockLogImpl.java:isTransactionFailed(245)) - Got block deletion ACK from datanode, TXIDs=1, success=true
2019-09-10 22:12:53,925 [EventQueue-DeleteBlockStatusForDeletedBlockLogImpl] WARN  block.DeletedBlockLogImpl (DeletedBlockLogImpl.java:commitTransactions(205)) - Transaction txId=1 commit by dnId=ed5d81fa-aaf0-49db-aa57-acca1dd387bd for containerID=#1 failed. Corresponding entry not found.
2019-09-10 22:12:53,925 [IPC Server handler 3 on 46662] WARN  block.DeletedBlockLogImpl (DeletedBlockLogImpl.java:incrementCount(141)) - Deleted TXID not found.
2019-09-10 22:12:53,925 [IPC Server handler 3 on 46662] WARN  block.DeletedBlockLogImpl (DeletedBlockLogImpl.java:incrementCount(141)) - Deleted TXID not found.
2019-09-10 22:12:53,925 [IPC Server handler 3 on 46662] WARN  block.DeletedBlockLogImpl (DeletedBlockLogImpl.java:incrementCount(141)) - Deleted TXID not found.
2019-09-10 22:12:53,925 [EventQueue-DeleteBlockStatusForDeletedBlockLogImpl] DEBUG block.DeletedBlockLogImpl (DeletedBlockLogImpl.java:isTransactionFailed(245)) - Got block deletion ACK from datanode, TXIDs=1, success=true
2019-09-10 22:12:53,925 [EventQueue-DeleteBlockStatusForDeletedBlockLogImpl] WARN  block.DeletedBlockLogImpl (DeletedBlockLogImpl.java:commitTransactions(205)) - Transaction txId=1 commit by dnId=ed5d81fa-aaf0-49db-aa57-acca1dd387bd for containerID=#1 failed. Corresponding entry not found.
2019-09-10 22:12:53,925 [IPC Server handler 3 on 46662] WARN  block.DeletedBlockLogImpl (DeletedBlockLogImpl.java:incrementCount(141)) - Deleted TXID not found.
2019-09-10 22:12:53,925 [IPC Server handler 3 on 46662] WARN  block.DeletedBlockLogImpl (DeletedBlockLogImpl.java:incrementCount(141)) - Deleted TXID not found.
2019-09-10 22:12:53,926 [IPC Server handler 3 on 46662] WARN  block.DeletedBlockLogImpl (DeletedBlockLogImpl.java:incrementCount(141)) - Deleted TXID not found.
2019-09-10 22:12:53,926 [EventQueue-DeleteBlockStatusForDeletedBlockLogImpl] DEBUG block.DeletedBlockLogImpl (DeletedBlockLogImpl.java:isTransactionFailed(245)) - Got block deletion ACK from datanode, TXIDs=1, success=true
2019-09-10 22:12:53,926 [EventQueue-DeleteBlockStatusForDeletedBlockLogImpl] WARN  block.DeletedBlockLogImpl (DeletedBlockLogImpl.java:commitTransactions(205)) - Transaction txId=1 commit by dnId=ed5d81fa-aaf0-49db-aa57-acca1dd387bd for containerID=#1 failed. Corresponding entry not found.
2019-09-10 22:12:53,926 [IPC Server handler 3 on 46662] WARN  block.DeletedBlockLogImpl (DeletedBlockLogImpl.java:incrementCount(141)) - Deleted TXID not found.
2019-09-10 22:12:53,926 [IPC Server handler 3 on 46662] WARN  block.DeletedBlockLogImpl (DeletedBlockLogImpl.java:incrementCount(141)) - Deleted TXID not found.
2019-09-10 22:12:53,926 [IPC Server handler 3 on 46662] WARN  block.DeletedBlockLogImpl (DeletedBlockLogImpl.java:incrementCount(141)) - Deleted TXID not found.
2019-09-10 22:12:53,926 [EventQueue-DeleteBlockStatusForDeletedBlockLogImpl] DEBUG block.DeletedBlockLogImpl (DeletedBlockLogImpl.java:isTransactionFailed(245)) - Got block deletion ACK from datanode, TXIDs=1, success=true
2019-09-10 22:12:53,926 [EventQueue-DeleteBlockStatusForDeletedBlockLogImpl] WARN  block.DeletedBlockLogImpl (DeletedBlockLogImpl.java:commitTransactions(205)) - Transaction txId=1 commit by dnId=ed5d81fa-aaf0-49db-aa57-acca1dd387bd for containerID=#1 failed. Corresponding entry not found.
2019-09-10 22:12:53,927 [EventQueue-DeleteBlockStatusForDeletedBlockLogImpl] DEBUG block.DeletedBlockLogImpl (DeletedBlockLogImpl.java:isTransactionFailed(245)) - Got block deletion ACK from datanode, TXIDs=1, success=true
2019-09-10 22:12:53,927 [EventQueue-DeleteBlockStatusForDeletedBlockLogImpl] WARN  block.DeletedBlockLogImpl (DeletedBlockLogImpl.java:commitTransactions(205)) - Transaction txId=1 commit by dnId=ed5d81fa-aaf0-49db-aa57-acca1dd387bd for containerID=#1 failed. Corresponding entry not found.
2019-09-10 22:12:53,927 [IPC Server handler 3 on 46662] WARN  block.DeletedBlockLogImpl (DeletedBlockLogImpl.java:incrementCount(141)) - Deleted TXID not found.
2019-09-10 22:12:53,927 [IPC Server handler 3 on 46662] WARN  block.DeletedBlockLogImpl (DeletedBlockLogImpl.java:incrementCount(141)) - Deleted TXID not found.
2019-09-10 22:12:53,927 [IPC Server handler 3 on 46662] WARN  block.DeletedBlockLogImpl (DeletedBlockLogImpl.java:incrementCount(141)) - Deleted TXID not found.
2019-09-10 22:12:53,927 [EventQueue-DeleteBlockStatusForDeletedBlockLogImpl] DEBUG block.DeletedBlockLogImpl (DeletedBlockLogImpl.java:isTransactionFailed(245)) - Got block deletion ACK from datanode, TXIDs=1, success=true
2019-09-10 22:12:53,927 [EventQueue-DeleteBlockStatusForDeletedBlockLogImpl] WARN  block.DeletedBlockLogImpl (DeletedBlockLogImpl.java:commitTransactions(205)) - Transaction txId=1 commit by dnId=ed5d81fa-aaf0-49db-aa57-acca1dd387bd for containerID=#1 failed. Corresponding entry not found.
2019-09-10 22:12:53,927 [IPC Server handler 3 on 46662] WARN  block.DeletedBlockLogImpl (DeletedBlockLogImpl.java:incrementCount(141)) - Deleted TXID not found.
2019-09-10 22:12:53,927 [IPC Server handler 3 on 46662] WARN  block.DeletedBlockLogImpl (DeletedBlockLogImpl.java:incrementCount(141)) - Deleted TXID not found.
2019-09-10 22:12:53,928 [IPC Server handler 3 on 46662] WARN  block.DeletedBlockLogImpl (DeletedBlockLogImpl.java:incrementCount(141)) - Deleted TXID not found.
2019-09-10 22:12:53,928 [EventQueue-DeleteBlockStatusForDeletedBlockLogImpl] DEBUG block.DeletedBlockLogImpl (DeletedBlockLogImpl.java:isTransactionFailed(245)) - Got block deletion ACK from datanode, TXIDs=1, success=true
2019-09-10 22:12:53,928 [EventQueue-DeleteBlockStatusForDeletedBlockLogImpl] WARN  block.DeletedBlockLogImpl (DeletedBlockLogImpl.java:commitTransactions(205)) - Transaction txId=1 commit by dnId=ed5d81fa-aaf0-49db-aa57-acca1dd387bd for containerID=#1 failed. Corresponding entry not found.
2019-09-10 22:12:53,928 [IPC Server handler 3 on 46662] WARN  block.DeletedBlockLogImpl (DeletedBlockLogImpl.java:incrementCount(141)) - Deleted TXID not found.
2019-09-10 22:12:53,928 [IPC Server handler 3 on 46662] WARN  block.DeletedBlockLogImpl (DeletedBlockLogImpl.java:incrementCount(141)) - Deleted TXID not found.
2019-09-10 22:12:53,928 [IPC Server handler 3 on 46662] WARN  block.DeletedBlockLogImpl (DeletedBlockLogImpl.java:incrementCount(141)) - Deleted TXID not found.
2019-09-10 22:12:53,928 [EventQueue-DeleteBlockStatusForDeletedBlockLogImpl] DEBUG block.DeletedBlockLogImpl (DeletedBlockLogImpl.java:isTransactionFailed(245)) - Got block deletion ACK from datanode, TXIDs=1, success=true
2019-09-10 22:12:53,928 [EventQueue-DeleteBlockStatusForDeletedBlockLogImpl] WARN  block.DeletedBlockLogImpl (DeletedBlockLogImpl.java:commitTransactions(205)) - Transaction txId=1 commit by dnId=ed5d81fa-aaf0-49db-aa57-acca1dd387bd for containerID=#1 failed. Corresponding entry not found.
2019-09-10 22:12:53,928 [EventQueue-DeleteBlockStatusForDeletedBlockLogImpl] DEBUG block.DeletedBlockLogImpl (DeletedBlockLogImpl.java:isTransactionFailed(245)) - Got block deletion ACK from datanode, TXIDs=1, success=true
2019-09-10 22:12:53,929 [EventQueue-DeleteBlockStatusForDeletedBlockLogImpl] WARN  block.DeletedBlockLogImpl (DeletedBlockLogImpl.java:commitTransactions(205)) - Transaction txId=1 commit by dnId=ed5d81fa-aaf0-49db-aa57-acca1dd387bd for containerID=#1 failed. Corresponding entry not found.
2019-09-10 22:12:53,929 [EventQueue-DeleteBlockStatusForDeletedBlockLogImpl] DEBUG block.DeletedBlockLogImpl (DeletedBlockLogImpl.java:isTransactionFailed(245)) - Got block deletion ACK from datanode, TXIDs=1, success=true
2019-09-10 22:12:53,929 [EventQueue-DeleteBlockStatusForDeletedBlockLogImpl] WARN  block.DeletedBlockLogImpl (DeletedBlockLogImpl.java:commitTransactions(205)) - Transaction txId=1 commit by dnId=ed5d81fa-aaf0-49db-aa57-acca1dd387bd for containerID=#1 failed. Corresponding entry not found.
2019-09-10 22:12:53,929 [EventQueue-DeleteBlockStatusForDeletedBlockLogImpl] DEBUG block.DeletedBlockLogImpl (DeletedBlockLogImpl.java:isTransactionFailed(245)) - Got block deletion ACK from datanode, TXIDs=1, success=true
2019-09-10 22:12:53,929 [EventQueue-DeleteBlockStatusForDeletedBlockLogImpl] WARN  block.DeletedBlockLogImpl (DeletedBlockLogImpl.java:commitTransactions(205)) - Transaction txId=1 commit by dnId=ed5d81fa-aaf0-49db-aa57-acca1dd387bd for containerID=#1 failed. Corresponding entry not found.
2019-09-10 22:12:53,930 [EventQueue-DeleteBlockStatusForDeletedBlockLogImpl] DEBUG block.DeletedBlockLogImpl (DeletedBlockLogImpl.java:isTransactionFailed(245)) - Got block deletion ACK from datanode, TXIDs=1, success=true
2019-09-10 22:12:53,930 [EventQueue-DeleteBlockStatusForDeletedBlockLogImpl] WARN  block.DeletedBlockLogImpl (DeletedBlockLogImpl.java:commitTransactions(205)) - Transaction txId=1 commit by dnId=ed5d81fa-aaf0-49db-aa57-acca1dd387bd for containerID=#1 failed. Corresponding entry not found.
2019-09-10 22:12:53,930 [EventQueue-DeleteBlockStatusForDeletedBlockLogImpl] DEBUG block.DeletedBlockLogImpl (DeletedBlockLogImpl.java:isTransactionFailed(245)) - Got block deletion ACK from datanode, TXIDs=1, success=true
2019-09-10 22:12:53,930 [EventQueue-DeleteBlockStatusForDeletedBlockLogImpl] WARN  block.DeletedBlockLogImpl (DeletedBlockLogImpl.java:commitTransactions(205)) - Transaction txId=1 commit by dnId=ed5d81fa-aaf0-49db-aa57-acca1dd387bd for containerID=#1 failed. Corresponding entry not found.
2019-09-10 22:12:53,930 [IPC Server handler 3 on 46662] WARN  block.DeletedBlockLogImpl (DeletedBlockLogImpl.java:incrementCount(141)) - Deleted TXID not found.
2019-09-10 22:12:53,930 [IPC Server handler 3 on 46662] WARN  block.DeletedBlockLogImpl (DeletedBlockLogImpl.java:incrementCount(141)) - Deleted TXID not found.
2019-09-10 22:12:53,930 [IPC Server handler 3 on 46662] WARN  block.DeletedBlockLogImpl (DeletedBlockLogImpl.java:incrementCount(141)) - Deleted TXID not found.
2019-09-10 22:12:53,930 [EventQueue-DeleteBlockStatusForDeletedBlockLogImpl] DEBUG block.DeletedBlockLogImpl (DeletedBlockLogImpl.java:isTransactionFailed(245)) - Got block deletion ACK from datanode, TXIDs=1, success=true
2019-09-10 22:12:53,931 [EventQueue-DeleteBlockStatusForDeletedBlockLogImpl] WARN  block.DeletedBlockLogImpl (DeletedBlockLogImpl.java:commitTransactions(205)) - Transaction txId=1 commit by dnId=ed5d81fa-aaf0-49db-aa57-acca1dd387bd for containerID=#1 failed. Corresponding entry not found.
2019-09-10 22:12:53,931 [EventQueue-DeleteBlockStatusForDeletedBlockLogImpl] DEBUG block.DeletedBlockLogImpl (DeletedBlockLogImpl.java:isTransactionFailed(245)) - Got block deletion ACK from datanode, TXIDs=1, success=true
2019-09-10 22:12:53,931 [EventQueue-DeleteBlockStatusForDeletedBlockLogImpl] WARN  block.DeletedBlockLogImpl (DeletedBlockLogImpl.java:commitTransactions(205)) - Transaction txId=1 commit by dnId=ed5d81fa-aaf0-49db-aa57-acca1dd387bd for containerID=#1 failed. Corresponding entry not found.
2019-09-10 22:12:53,931 [IPC Server handler 3 on 46662] WARN  block.DeletedBlockLogImpl (DeletedBlockLogImpl.java:incrementCount(141)) - Deleted TXID not found.
2019-09-10 22:12:53,931 [IPC Server handler 3 on 46662] WARN  block.DeletedBlockLogImpl (DeletedBlockLogImpl.java:incrementCount(141)) - Deleted TXID not found.
2019-09-10 22:12:53,931 [IPC Server handler 3 on 46662] WARN  block.DeletedBlockLogImpl (DeletedBlockLogImpl.java:incrementCount(141)) - Deleted TXID not found.
2019-09-10 22:12:53,931 [EventQueue-DeleteBlockStatusForDeletedBlockLogImpl] DEBUG block.DeletedBlockLogImpl (DeletedBlockLogImpl.java:isTransactionFailed(245)) - Got block deletion ACK from datanode, TXIDs=1, success=true
2019-09-10 22:12:53,931 [EventQueue-DeleteBlockStatusForDeletedBlockLogImpl] WARN  block.DeletedBlockLogImpl (DeletedBlockLogImpl.java:commitTransactions(205)) - Transaction txId=1 commit by dnId=ed5d81fa-aaf0-49db-aa57-acca1dd387bd for containerID=#1 failed. Corresponding entry not found.
2019-09-10 22:12:53,931 [IPC Server handler 3 on 46662] WARN  block.DeletedBlockLogImpl (DeletedBlockLogImpl.java:incrementCount(141)) - Deleted TXID not found.
2019-09-10 22:12:53,932 [IPC Server handler 3 on 46662] WARN  block.DeletedBlockLogImpl (DeletedBlockLogImpl.java:incrementCount(141)) - Deleted TXID not found.
2019-09-10 22:12:53,932 [IPC Server handler 3 on 46662] WARN  block.DeletedBlockLogImpl (DeletedBlockLogImpl.java:incrementCount(141)) - Deleted TXID not found.
2019-09-10 22:12:53,932 [EventQueue-DeleteBlockStatusForDeletedBlockLogImpl] DEBUG block.DeletedBlockLogImpl (DeletedBlockLogImpl.java:isTransactionFailed(245)) - Got block deletion ACK from datanode, TXIDs=1, success=true
2019-09-10 22:12:53,932 [EventQueue-DeleteBlockStatusForDeletedBlockLogImpl] WARN  block.DeletedBlockLogImpl (DeletedBlockLogImpl.java:commitTransactions(205)) - Transaction txId=1 commit by dnId=ed5d81fa-aaf0-49db-aa57-acca1dd387bd for containerID=#1 failed. Corresponding entry not found.
2019-09-10 22:12:53,932 [IPC Server handler 3 on 46662] WARN  block.DeletedBlockLogImpl (DeletedBlockLogImpl.java:incrementCount(141)) - Deleted TXID not found.
2019-09-10 22:12:53,932 [IPC Server handler 3 on 46662] WARN  block.DeletedBlockLogImpl (DeletedBlockLogImpl.java:incrementCount(141)) - Deleted TXID not found.
2019-09-10 22:12:53,932 [IPC Server handler 3 on 46662] WARN  block.DeletedBlockLogImpl (DeletedBlockLogImpl.java:incrementCount(141)) - Deleted TXID not found.
2019-09-10 22:12:53,932 [EventQueue-DeleteBlockStatusForDeletedBlockLogImpl] DEBUG block.DeletedBlockLogImpl (DeletedBlockLogImpl.java:isTransactionFailed(245)) - Got block deletion ACK from datanode, TXIDs=1, success=true
2019-09-10 22:12:53,932 [EventQueue-DeleteBlockStatusForDeletedBlockLogImpl] WARN  block.DeletedBlockLogImpl (DeletedBlockLogImpl.java:commitTransactions(205)) - Transaction txId=1 commit by dnId=ed5d81fa-aaf0-49db-aa57-acca1dd387bd for containerID=#1 failed. Corresponding entry not found.
2019-09-10 22:12:53,933 [IPC Server handler 3 on 46662] WARN  block.DeletedBlockLogImpl (DeletedBlockLogImpl.java:incrementCount(141)) - Deleted TXID not found.
2019-09-10 22:12:53,933 [IPC Server handler 3 on 46662] WARN  block.DeletedBlockLogImpl (DeletedBlockLogImpl.java:incrementCount(141)) - Deleted TXID not found.
2019-09-10 22:12:53,933 [IPC Server handler 3 on 46662] WARN  block.DeletedBlockLogImpl (DeletedBlockLogImpl.java:incrementCount(141)) - Deleted TXID not found.
2019-09-10 22:12:53,933 [EventQueue-DeleteBlockStatusForDeletedBlockLogImpl] DEBUG block.DeletedBlockLogImpl (DeletedBlockLogImpl.java:isTransactionFailed(245)) - Got block deletion ACK from datanode, TXIDs=1, success=true
2019-09-10 22:12:53,933 [EventQueue-DeleteBlockStatusForDeletedBlockLogImpl] WARN  block.DeletedBlockLogImpl (DeletedBlockLogImpl.java:commitTransactions(205)) - Transaction txId=1 commit by dnId=ed5d81fa-aaf0-49db-aa57-acca1dd387bd for containerID=#1 failed. Corresponding entry not found.
2019-09-10 22:12:53,933 [EventQueue-DeleteBlockStatusForDeletedBlockLogImpl] DEBUG block.DeletedBlockLogImpl (DeletedBlockLogImpl.java:isTransactionFailed(245)) - Got block deletion ACK from datanode, TXIDs=1, success=true
2019-09-10 22:12:53,933 [EventQueue-DeleteBlockStatusForDeletedBlockLogImpl] WARN  block.DeletedBlockLogImpl (DeletedBlockLogImpl.java:commitTransactions(205)) - Transaction txId=1 commit by dnId=ed5d81fa-aaf0-49db-aa57-acca1dd387bd for containerID=#1 failed. Corresponding entry not found.
2019-09-10 22:12:53,933 [EventQueue-DeleteBlockStatusForDeletedBlockLogImpl] DEBUG block.DeletedBlockLogImpl (DeletedBlockLogImpl.java:isTransactionFailed(245)) - Got block deletion ACK from datanode, TXIDs=1, success=true
2019-09-10 22:12:53,934 [EventQueue-DeleteBlockStatusForDeletedBlockLogImpl] WARN  block.DeletedBlockLogImpl (DeletedBlockLogImpl.java:commitTransactions(205)) - Transaction txId=1 commit by dnId=ed5d81fa-aaf0-49db-aa57-acca1dd387bd for containerID=#1 failed. Corresponding entry not found.
2019-09-10 22:12:53,934 [EventQueue-DeleteBlockStatusForDeletedBlockLogImpl] DEBUG block.DeletedBlockLogImpl (DeletedBlockLogImpl.java:isTransactionFailed(245)) - Got block deletion ACK from datanode, TXIDs=1, success=true
2019-09-10 22:12:53,934 [EventQueue-DeleteBlockStatusForDeletedBlockLogImpl] WARN  block.DeletedBlockLogImpl (DeletedBlockLogImpl.java:commitTransactions(205)) - Transaction txId=1 commit by dnId=ed5d81fa-aaf0-49db-aa57-acca1dd387bd for containerID=#1 failed. Corresponding entry not found.
2019-09-10 22:12:53,934 [EventQueue-DeleteBlockStatusForDeletedBlockLogImpl] DEBUG block.DeletedBlockLogImpl (DeletedBlockLogImpl.java:isTransactionFailed(245)) - Got block deletion ACK from datanode, TXIDs=1, success=true
2019-09-10 22:12:53,934 [EventQueue-DeleteBlockStatusForDeletedBlockLogImpl] WARN  block.DeletedBlockLogImpl (DeletedBlockLogImpl.java:commitTransactions(205)) - Transaction txId=1 commit by dnId=ed5d81fa-aaf0-49db-aa57-acca1dd387bd for containerID=#1 failed. Corresponding entry not found.
2019-09-10 22:12:53,934 [EventQueue-DeleteBlockStatusForDeletedBlockLogImpl] DEBUG block.DeletedBlockLogImpl (DeletedBlockLogImpl.java:isTransactionFailed(245)) - Got block deletion ACK from datanode, TXIDs=1, success=true
2019-09-10 22:12:53,934 [EventQueue-DeleteBlockStatusForDeletedBlockLogImpl] WARN  block.DeletedBlockLogImpl (DeletedBlockLogImpl.java:commitTransactions(205)) - Transaction txId=1 commit by dnId=ed5d81fa-aaf0-49db-aa57-acca1dd387bd for containerID=#1 failed. Corresponding entry not found.
2019-09-10 22:12:53,934 [EventQueue-DeleteBlockStatusForDeletedBlockLogImpl] DEBUG block.DeletedBlockLogImpl (DeletedBlockLogImpl.java:isTransactionFailed(245)) - Got block deletion ACK from datanode, TXIDs=1, success=true
2019-09-10 22:12:53,934 [EventQueue-DeleteBlockStatusForDeletedBlockLogImpl] WARN  block.DeletedBlockLogImpl (DeletedBlockLogImpl.java:commitTransactions(205)) - Transaction txId=1 commit by dnId=ed5d81fa-aaf0-49db-aa57-acca1dd387bd for containerID=#1 failed. Corresponding entry not found.
2019-09-10 22:12:53,935 [EventQueue-DeleteBlockStatusForDeletedBlockLogImpl] DEBUG block.DeletedBlockLogImpl (DeletedBlockLogImpl.java:isTransactionFailed(245)) - Got block deletion ACK from datanode, TXIDs=1, success=true
2019-09-10 22:12:53,935 [EventQueue-DeleteBlockStatusForDeletedBlockLogImpl] WARN  block.DeletedBlockLogImpl (DeletedBlockLogImpl.java:commitTransactions(205)) - Transaction txId=1 commit by dnId=ed5d81fa-aaf0-49db-aa57-acca1dd387bd for containerID=#1 failed. Corresponding entry not found.
2019-09-10 22:12:53,935 [EventQueue-DeleteBlockStatusForDeletedBlockLogImpl] DEBUG block.DeletedBlockLogImpl (DeletedBlockLogImpl.java:isTransactionFailed(245)) - Got block deletion ACK from datanode, TXIDs=1, success=true
2019-09-10 22:12:53,935 [EventQueue-DeleteBlockStatusForDeletedBlockLogImpl] WARN  block.DeletedBlockLogImpl (DeletedBlockLogImpl.java:commitTransactions(205)) - Transaction txId=1 commit by dnId=ed5d81fa-aaf0-49db-aa57-acca1dd387bd for containerID=#1 failed. Corresponding entry not found.
2019-09-10 22:12:53,935 [EventQueue-DeleteBlockStatusForDeletedBlockLogImpl] DEBUG block.DeletedBlockLogImpl (DeletedBlockLogImpl.java:isTransactionFailed(245)) - Got block deletion ACK from datanode, TXIDs=1, success=true
2019-09-10 22:12:53,935 [EventQueue-DeleteBlockStatusForDeletedBlockLogImpl] WARN  block.DeletedBlockLogImpl (DeletedBlockLogImpl.java:commitTransactions(205)) - Transaction txId=1 commit by dnId=ed5d81fa-aaf0-49db-aa57-acca1dd387bd for containerID=#1 failed. Corresponding entry not found.
2019-09-10 22:12:53,935 [EventQueue-DeleteBlockStatusForDeletedBlockLogImpl] DEBUG block.DeletedBlockLogImpl (DeletedBlockLogImpl.java:isTransactionFailed(245)) - Got block deletion ACK from datanode, TXIDs=1, success=true
2019-09-10 22:12:53,935 [EventQueue-DeleteBlockStatusForDeletedBlockLogImpl] WARN  block.DeletedBlockLogImpl (DeletedBlockLogImpl.java:commitTransactions(205)) - Transaction txId=1 commit by dnId=ed5d81fa-aaf0-49db-aa57-acca1dd387bd for containerID=#1 failed. Corresponding entry not found.
2019-09-10 22:12:53,935 [EventQueue-DeleteBlockStatusForDeletedBlockLogImpl] DEBUG block.DeletedBlockLogImpl (DeletedBlockLogImpl.java:isTransactionFailed(245)) - Got block deletion ACK from datanode, TXIDs=1, success=true
2019-09-10 22:12:53,936 [EventQueue-DeleteBlockStatusForDeletedBlockLogImpl] WARN  block.DeletedBlockLogImpl (DeletedBlockLogImpl.java:commitTransactions(205)) - Transaction txId=1 commit by dnId=ed5d81fa-aaf0-49db-aa57-acca1dd387bd for containerID=#1 failed. Corresponding entry not found.
2019-09-10 22:12:53,936 [EventQueue-DeleteBlockStatusForDeletedBlockLogImpl] DEBUG block.DeletedBlockLogImpl (DeletedBlockLogImpl.java:isTransactionFailed(245)) - Got block deletion ACK from datanode, TXIDs=1, success=true
2019-09-10 22:12:53,936 [EventQueue-DeleteBlockStatusForDeletedBlockLogImpl] WARN  block.DeletedBlockLogImpl (DeletedBlockLogImpl.java:commitTransactions(205)) - Transaction txId=1 commit by dnId=ed5d81fa-aaf0-49db-aa57-acca1dd387bd for containerID=#1 failed. Corresponding entry not found.
2019-09-10 22:12:53,936 [EventQueue-DeleteBlockStatusForDeletedBlockLogImpl] DEBUG block.DeletedBlockLogImpl (DeletedBlockLogImpl.java:isTransactionFailed(245)) - Got block deletion ACK from datanode, TXIDs=1, success=true
2019-09-10 22:12:53,936 [EventQueue-DeleteBlockStatusForDeletedBlockLogImpl] WARN  block.DeletedBlockLogImpl (DeletedBlockLogImpl.java:commitTransactions(205)) - Transaction txId=1 commit by dnId=ed5d81fa-aaf0-49db-aa57-acca1dd387bd for containerID=#1 failed. Corresponding entry not found.
2019-09-10 22:12:53,936 [EventQueue-DeleteBlockStatusForDeletedBlockLogImpl] DEBUG block.DeletedBlockLogImpl (DeletedBlockLogImpl.java:isTransactionFailed(245)) - Got block deletion ACK from datanode, TXIDs=1, success=true
2019-09-10 22:12:53,936 [EventQueue-DeleteBlockStatusForDeletedBlockLogImpl] WARN  block.DeletedBlockLogImpl (DeletedBlockLogImpl.java:commitTransactions(205)) - Transaction txId=1 commit by dnId=ed5d81fa-aaf0-49db-aa57-acca1dd387bd for containerID=#1 failed. Corresponding entry not found.
2019-09-10 22:12:53,936 [EventQueue-DeleteBlockStatusForDeletedBlockLogImpl] DEBUG block.DeletedBlockLogImpl (DeletedBlockLogImpl.java:isTransactionFailed(245)) - Got block deletion ACK from datanode, TXIDs=1, success=true
2019-09-10 22:12:53,936 [EventQueue-DeleteBlockStatusForDeletedBlockLogImpl] WARN  block.DeletedBlockLogImpl (DeletedBlockLogImpl.java:commitTransactions(205)) - Transaction txId=1 commit by dnId=ed5d81fa-aaf0-49db-aa57-acca1dd387bd for containerID=#1 failed. Corresponding entry not found.
2019-09-10 22:12:53,937 [EventQueue-DeleteBlockStatusForDeletedBlockLogImpl] DEBUG block.DeletedBlockLogImpl (DeletedBlockLogImpl.java:isTransactionFailed(245)) - Got block deletion ACK from datanode, TXIDs=1, success=true
2019-09-10 22:12:53,937 [EventQueue-DeleteBlockStatusForDeletedBlockLogImpl] WARN  block.DeletedBlockLogImpl (DeletedBlockLogImpl.java:commitTransactions(205)) - Transaction txId=1 commit by dnId=ed5d81fa-aaf0-49db-aa57-acca1dd387bd for containerID=#1 failed. Corresponding entry not found.
2019-09-10 22:12:53,937 [EventQueue-DeleteBlockStatusForDeletedBlockLogImpl] DEBUG block.DeletedBlockLogImpl (DeletedBlockLogImpl.java:isTransactionFailed(245)) - Got block deletion ACK from datanode, TXIDs=1, success=true
2019-09-10 22:12:53,937 [EventQueue-DeleteBlockStatusForDeletedBlockLogImpl] WARN  block.DeletedBlockLogImpl (DeletedBlockLogImpl.java:commitTransactions(205)) - Transaction txId=1 commit by dnId=ed5d81fa-aaf0-49db-aa57-acca1dd387bd for containerID=#1 failed. Corresponding entry not found.
2019-09-10 22:12:53,937 [EventQueue-DeleteBlockStatusForDeletedBlockLogImpl] DEBUG block.DeletedBlockLogImpl (DeletedBlockLogImpl.java:isTransactionFailed(245)) - Got block deletion ACK from datanode, TXIDs=1, success=true
2019-09-10 22:12:53,937 [EventQueue-DeleteBlockStatusForDeletedBlockLogImpl] WARN  block.DeletedBlockLogImpl (DeletedBlockLogImpl.java:commitTransactions(205)) - Transaction txId=1 commit by dnId=ed5d81fa-aaf0-49db-aa57-acca1dd387bd for containerID=#1 failed. Corresponding entry not found.
2019-09-10 22:12:53,937 [EventQueue-DeleteBlockStatusForDeletedBlockLogImpl] DEBUG block.DeletedBlockLogImpl (DeletedBlockLogImpl.java:isTransactionFailed(245)) - Got block deletion ACK from datanode, TXIDs=1, success=true
2019-09-10 22:12:53,937 [EventQueue-DeleteBlockStatusForDeletedBlockLogImpl] WARN  block.DeletedBlockLogImpl (DeletedBlockLogImpl.java:commitTransactions(205)) - Transaction txId=1 commit by dnId=ed5d81fa-aaf0-49db-aa57-acca1dd387bd for containerID=#1 failed. Corresponding entry not found.
2019-09-10 22:12:53,937 [EventQueue-DeleteBlockStatusForDeletedBlockLogImpl] DEBUG block.DeletedBlockLogImpl (DeletedBlockLogImpl.java:isTransactionFailed(245)) - Got block deletion ACK from datanode, TXIDs=1, success=true
2019-09-10 22:12:53,938 [EventQueue-DeleteBlockStatusForDeletedBlockLogImpl] WARN  block.DeletedBlockLogImpl (DeletedBlockLogImpl.java:commitTransactions(205)) - Transaction txId=1 commit by dnId=ed5d81fa-aaf0-49db-aa57-acca1dd387bd for containerID=#1 failed. Corresponding entry not found.
2019-09-10 22:12:53,978 [pool-7-thread-4] INFO  commands.RetriableDatanodeEventWatcher (RetriableDatanodeEventWatcher.java:onTimeout(47)) - RetriableDatanodeCommand type=deleteBlocksCommand with id=1568153559879 timed out. Retrying.
2019-09-10 22:12:53,991 [SCMBlockDeletingService#1] DEBUG block.SCMBlockDeletingService (SCMBlockDeletingService.java:call(138)) - Running DeletedBlockTransactionScanner
2019-09-10 22:12:53,991 [SCMBlockDeletingService#1] DEBUG block.SCMBlockDeletingService (SCMBlockDeletingService.java:call(155)) - Scanned deleted blocks log and got 0 delTX to process.
2019-09-10 22:12:54,079 [pool-7-thread-4] INFO  commands.RetriableDatanodeEventWatcher (RetriableDatanodeEventWatcher.java:onTimeout(47)) - RetriableDatanodeCommand type=deleteBlocksCommand with id=1568153559880 timed out. Retrying.
2019-09-10 22:12:54,089 [IPC Server handler 8 on 46662] WARN  block.DeletedBlockLogImpl (DeletedBlockLogImpl.java:incrementCount(141)) - Deleted TXID not found.
2019-09-10 22:12:54,089 [IPC Server handler 8 on 46662] WARN  block.DeletedBlockLogImpl (DeletedBlockLogImpl.java:incrementCount(141)) - Deleted TXID not found.
2019-09-10 22:12:54,090 [IPC Server handler 8 on 46662] WARN  block.DeletedBlockLogImpl (DeletedBlockLogImpl.java:incrementCount(141)) - Deleted TXID not found.
2019-09-10 22:12:54,090 [EventQueue-DeleteBlockStatusForEventWatcher$$Lambda$30/27362884] WARN  events.EventWatcher (EventWatcher.java:lambda$start$0(110)) - Completion event without active lease. Id=1568153559875
2019-09-10 22:12:54,090 [EventQueue-DeleteBlockStatusForDeletedBlockLogImpl] DEBUG block.DeletedBlockLogImpl (DeletedBlockLogImpl.java:isTransactionFailed(245)) - Got block deletion ACK from datanode, TXIDs=1, success=true
2019-09-10 22:12:54,090 [EventQueue-DeleteBlockStatusForEventWatcher$$Lambda$30/27362884] WARN  events.EventWatcher (EventWatcher.java:lambda$start$0(110)) - Completion event without active lease. Id=1568153559876
2019-09-10 22:12:54,090 [EventQueue-DeleteBlockStatusForDeletedBlockLogImpl] WARN  block.DeletedBlockLogImpl (DeletedBlockLogImpl.java:commitTransactions(205)) - Transaction txId=1 commit by dnId=ed5d81fa-aaf0-49db-aa57-acca1dd387bd for containerID=#1 failed. Corresponding entry not found.
2019-09-10 22:12:54,090 [EventQueue-DeleteBlockStatusForEventWatcher$$Lambda$30/27362884] WARN  events.EventWatcher (EventWatcher.java:lambda$start$0(110)) - Completion event without active lease. Id=1568153559829
2019-09-10 22:12:54,090 [IPC Server handler 8 on 46662] WARN  block.DeletedBlockLogImpl (DeletedBlockLogImpl.java:incrementCount(141)) - Deleted TXID not found.
2019-09-10 22:12:54,090 [EventQueue-DeleteBlockStatusForEventWatcher$$Lambda$30/27362884] WARN  events.EventWatcher (EventWatcher.java:lambda$start$0(110)) - Completion event without active lease. Id=1568153559830
2019-09-10 22:12:54,091 [IPC Server handler 8 on 46662] WARN  block.DeletedBlockLogImpl (DeletedBlockLogImpl.java:incrementCount(141)) - Deleted TXID not found.
2019-09-10 22:12:54,091 [EventQueue-DeleteBlockStatusForEventWatcher$$Lambda$30/27362884] WARN  events.EventWatcher (EventWatcher.java:lambda$start$0(110)) - Completion event without active lease. Id=1568153559837
2019-09-10 22:12:54,091 [IPC Server handler 8 on 46662] WARN  block.DeletedBlockLogImpl (DeletedBlockLogImpl.java:incrementCount(141)) - Deleted TXID not found.
2019-09-10 22:12:54,091 [EventQueue-DeleteBlockStatusForEventWatcher$$Lambda$30/27362884] WARN  events.EventWatcher (EventWatcher.java:lambda$start$0(110)) - Completion event without active lease. Id=1568153559836
2019-09-10 22:12:54,091 [EventQueue-DeleteBlockStatusForDeletedBlockLogImpl] DEBUG block.DeletedBlockLogImpl (DeletedBlockLogImpl.java:isTransactionFailed(245)) - Got block deletion ACK from datanode, TXIDs=1, success=true
2019-09-10 22:12:54,091 [SCMBlockDeletingService#1] DEBUG block.SCMBlockDeletingService (SCMBlockDeletingService.java:call(138)) - Running DeletedBlockTransactionScanner
2019-09-10 22:12:54,091 [EventQueue-DeleteBlockStatusForEventWatcher$$Lambda$30/27362884] WARN  events.EventWatcher (EventWatcher.java:lambda$start$0(110)) - Completion event without active lease. Id=1568153559809
2019-09-10 22:12:54,091 [EventQueue-DeleteBlockStatusForDeletedBlockLogImpl] WARN  block.DeletedBlockLogImpl (DeletedBlockLogImpl.java:commitTransactions(205)) - Transaction txId=1 commit by dnId=ed5d81fa-aaf0-49db-aa57-acca1dd387bd for containerID=#1 failed. Corresponding entry not found.
2019-09-10 22:12:54,092 [EventQueue-DeleteBlockStatusForEventWatcher$$Lambda$30/27362884] WARN  events.EventWatcher (EventWatcher.java:lambda$start$0(110)) - Completion event without active lease. Id=1568153559810
2019-09-10 22:12:54,092 [EventQueue-DeleteBlockStatusForDeletedBlockLogImpl] DEBUG block.DeletedBlockLogImpl (DeletedBlockLogImpl.java:isTransactionFailed(245)) - Got block deletion ACK from datanode, TXIDs=1, success=true
2019-09-10 22:12:54,092 [EventQueue-DeleteBlockStatusForEventWatcher$$Lambda$30/27362884] WARN  events.EventWatcher (EventWatcher.java:lambda$start$0(110)) - Completion event without active lease. Id=1568153559819
2019-09-10 22:12:54,092 [EventQueue-DeleteBlockStatusForDeletedBlockLogImpl] WARN  block.DeletedBlockLogImpl (DeletedBlockLogImpl.java:commitTransactions(205)) - Transaction txId=1 commit by dnId=ed5d81fa-aaf0-49db-aa57-acca1dd387bd for containerID=#1 failed. Corresponding entry not found.
2019-09-10 22:12:54,092 [EventQueue-DeleteBlockStatusForEventWatcher$$Lambda$30/27362884] WARN  events.EventWatcher (EventWatcher.java:lambda$start$0(110)) - Completion event without active lease. Id=1568153559820
2019-09-10 22:12:54,092 [EventQueue-DeleteBlockStatusForDeletedBlockLogImpl] DEBUG block.DeletedBlockLogImpl (DeletedBlockLogImpl.java:isTransactionFailed(245)) - Got block deletion ACK from datanode, TXIDs=1, success=true
2019-09-10 22:12:54,092 [EventQueue-DeleteBlockStatusForEventWatcher$$Lambda$30/27362884] WARN  events.EventWatcher (EventWatcher.java:lambda$start$0(110)) - Completion event without active lease. Id=1568153559857
2019-09-10 22:12:54,092 [EventQueue-DeleteBlockStatusForDeletedBlockLogImpl] WARN  block.DeletedBlockLogImpl (DeletedBlockLogImpl.java:commitTransactions(205)) - Transaction txId=1 commit by dnId=ed5d81fa-aaf0-49db-aa57-acca1dd387bd for containerID=#1 failed. Corresponding entry not found.
2019-09-10 22:12:54,092 [EventQueue-DeleteBlockStatusForEventWatcher$$Lambda$30/27362884] WARN  events.EventWatcher (EventWatcher.java:lambda$start$0(110)) - Completion event without active lease. Id=1568153559856
2019-09-10 22:12:54,092 [EventQueue-DeleteBlockStatusForDeletedBlockLogImpl] DEBUG block.DeletedBlockLogImpl (DeletedBlockLogImpl.java:isTransactionFailed(245)) - Got block deletion ACK from datanode, TXIDs=1, success=true
2019-09-10 22:12:54,093 [EventQueue-DeleteBlockStatusForEventWatcher$$Lambda$30/27362884] WARN  events.EventWatcher (EventWatcher.java:lambda$start$0(110)) - Completion event without active lease. Id=1568153559865
2019-09-10 22:12:54,093 [EventQueue-DeleteBlockStatusForDeletedBlockLogImpl] WARN  block.DeletedBlockLogImpl (DeletedBlockLogImpl.java:commitTransactions(205)) - Transaction txId=1 commit by dnId=ed5d81fa-aaf0-49db-aa57-acca1dd387bd for containerID=#1 failed. Corresponding entry not found.
2019-09-10 22:12:54,093 [EventQueue-DeleteBlockStatusForEventWatcher$$Lambda$30/27362884] WARN  events.EventWatcher (EventWatcher.java:lambda$start$0(110)) - Completion event without active lease. Id=1568153559866
2019-09-10 22:12:54,093 [EventQueue-DeleteBlockStatusForDeletedBlockLogImpl] DEBUG block.DeletedBlockLogImpl (DeletedBlockLogImpl.java:isTransactionFailed(245)) - Got block deletion ACK from datanode, TXIDs=1, success=true
2019-09-10 22:12:54,093 [EventQueue-DeleteBlockStatusForEventWatcher$$Lambda$30/27362884] WARN  events.EventWatcher (EventWatcher.java:lambda$start$0(110)) - Completion event without active lease. Id=1568153559847
2019-09-10 22:12:54,093 [EventQueue-DeleteBlockStatusForDeletedBlockLogImpl] WARN  block.DeletedBlockLogImpl (DeletedBlockLogImpl.java:commitTransactions(205)) - Transaction txId=1 commit by dnId=ed5d81fa-aaf0-49db-aa57-acca1dd387bd for containerID=#1 failed. Corresponding entry not found.
2019-09-10 22:12:54,093 [EventQueue-DeleteBlockStatusForEventWatcher$$Lambda$30/27362884] WARN  events.EventWatcher (EventWatcher.java:lambda$start$0(110)) - Completion event without active lease. Id=1568153559846
2019-09-10 22:12:54,093 [EventQueue-DeleteBlockStatusForDeletedBlockLogImpl] DEBUG block.DeletedBlockLogImpl (DeletedBlockLogImpl.java:isTransactionFailed(245)) - Got block deletion ACK from datanode, TXIDs=1, success=true
2019-09-10 22:12:54,093 [EventQueue-DeleteBlockStatusForEventWatcher$$Lambda$30/27362884] WARN  events.EventWatcher (EventWatcher.java:lambda$start$0(110)) - Completion event without active lease. Id=1568153559761
2019-09-10 22:12:54,093 [EventQueue-DeleteBlockStatusForDeletedBlockLogImpl] WARN  block.DeletedBlockLogImpl (DeletedBlockLogImpl.java:commitTransactions(205)) - Transaction txId=1 commit by dnId=ed5d81fa-aaf0-49db-aa57-acca1dd387bd for containerID=#1 failed. Corresponding entry not found.
2019-09-10 22:12:54,094 [EventQueue-DeleteBlockStatusForEventWatcher$$Lambda$30/27362884] WARN  events.EventWatcher (EventWatcher.java:lambda$start$0(110)) - Completion event without active lease. Id=1568153559760
2019-09-10 22:12:54,094 [IPC Server handler 8 on 46662] WARN  block.DeletedBlockLogImpl (DeletedBlockLogImpl.java:incrementCount(141)) - Deleted TXID not found.
2019-09-10 22:12:54,094 [EventQueue-DeleteBlockStatusForEventWatcher$$Lambda$30/27362884] WARN  events.EventWatcher (EventWatcher.java:lambda$start$0(110)) - Completion event without active lease. Id=1568153559771
2019-09-10 22:12:54,094 [IPC Server handler 8 on 46662] WARN  block.DeletedBlockLogImpl (DeletedBlockLogImpl.java:incrementCount(141)) - Deleted TXID not found.
2019-09-10 22:12:54,094 [EventQueue-DeleteBlockStatusForEventWatcher$$Lambda$30/27362884] WARN  events.EventWatcher (EventWatcher.java:lambda$start$0(110)) - Completion event without active lease. Id=1568153559770
2019-09-10 22:12:54,094 [IPC Server handler 8 on 46662] WARN  block.DeletedBlockLogImpl (DeletedBlockLogImpl.java:incrementCount(141)) - Deleted TXID not found.
2019-09-10 22:12:54,094 [EventQueue-DeleteBlockStatusForEventWatcher$$Lambda$30/27362884] WARN  events.EventWatcher (EventWatcher.java:lambda$start$0(110)) - Completion event without active lease. Id=1568153559799
2019-09-10 22:12:54,094 [EventQueue-DeleteBlockStatusForDeletedBlockLogImpl] DEBUG block.DeletedBlockLogImpl (DeletedBlockLogImpl.java:isTransactionFailed(245)) - Got block deletion ACK from datanode, TXIDs=1, success=true
2019-09-10 22:12:54,094 [SCMBlockDeletingService#1] DEBUG block.SCMBlockDeletingService (SCMBlockDeletingService.java:call(155)) - Scanned deleted blocks log and got 0 delTX to process.
2019-09-10 22:12:54,094 [EventQueue-DeleteBlockStatusForDeletedBlockLogImpl] WARN  block.DeletedBlockLogImpl (DeletedBlockLogImpl.java:commitTransactions(205)) - Transaction txId=1 commit by dnId=ed5d81fa-aaf0-49db-aa57-acca1dd387bd for containerID=#1 failed. Corresponding entry not found.
2019-09-10 22:12:54,094 [EventQueue-DeleteBlockStatusForEventWatcher$$Lambda$30/27362884] WARN  events.EventWatcher (EventWatcher.java:lambda$start$0(110)) - Completion event without active lease. Id=1568153559800
2019-09-10 22:12:54,095 [EventQueue-DeleteBlockStatusForDeletedBlockLogImpl] DEBUG block.DeletedBlockLogImpl (DeletedBlockLogImpl.java:isTransactionFailed(245)) - Got block deletion ACK from datanode, TXIDs=1, success=true
2019-09-10 22:12:54,095 [EventQueue-DeleteBlockStatusForEventWatcher$$Lambda$30/27362884] WARN  events.EventWatcher (EventWatcher.java:lambda$start$0(110)) - Completion event without active lease. Id=1568153559779
2019-09-10 22:12:54,095 [EventQueue-DeleteBlockStatusForDeletedBlockLogImpl] WARN  block.DeletedBlockLogImpl (DeletedBlockLogImpl.java:commitTransactions(205)) - Transaction txId=1 commit by dnId=ed5d81fa-aaf0-49db-aa57-acca1dd387bd for containerID=#1 failed. Corresponding entry not found.
2019-09-10 22:12:54,095 [EventQueue-DeleteBlockStatusForEventWatcher$$Lambda$30/27362884] WARN  events.EventWatcher (EventWatcher.java:lambda$start$0(110)) - Completion event without active lease. Id=1568153559780
2019-09-10 22:12:54,095 [EventQueue-DeleteBlockStatusForDeletedBlockLogImpl] DEBUG block.DeletedBlockLogImpl (DeletedBlockLogImpl.java:isTransactionFailed(245)) - Got block deletion ACK from datanode, TXIDs=1, success=true
2019-09-10 22:12:54,095 [EventQueue-DeleteBlockStatusForEventWatcher$$Lambda$30/27362884] WARN  events.EventWatcher (EventWatcher.java:lambda$start$0(110)) - Completion event without active lease. Id=1568153559789
2019-09-10 22:12:54,095 [EventQueue-DeleteBlockStatusForDeletedBlockLogImpl] WARN  block.DeletedBlockLogImpl (DeletedBlockLogImpl.java:commitTransactions(205)) - Transaction txId=1 commit by dnId=ed5d81fa-aaf0-49db-aa57-acca1dd387bd for containerID=#1 failed. Corresponding entry not found.
2019-09-10 22:12:54,095 [EventQueue-DeleteBlockStatusForEventWatcher$$Lambda$30/27362884] WARN  events.EventWatcher (EventWatcher.java:lambda$start$0(110)) - Completion event without active lease. Id=1568153559790
2019-09-10 22:12:54,095 [EventQueue-DeleteBlockStatusForDeletedBlockLogImpl] DEBUG block.DeletedBlockLogImpl (DeletedBlockLogImpl.java:isTransactionFailed(245)) - Got block deletion ACK from datanode, TXIDs=1, success=true
2019-09-10 22:12:54,096 [EventQueue-DeleteBlockStatusForDeletedBlockLogImpl] WARN  block.DeletedBlockLogImpl (DeletedBlockLogImpl.java:commitTransactions(205)) - Transaction txId=1 commit by dnId=ed5d81fa-aaf0-49db-aa57-acca1dd387bd for containerID=#1 failed. Corresponding entry not found.
2019-09-10 22:12:54,096 [EventQueue-DeleteBlockStatusForDeletedBlockLogImpl] DEBUG block.DeletedBlockLogImpl (DeletedBlockLogImpl.java:isTransactionFailed(245)) - Got block deletion ACK from datanode, TXIDs=1, success=true
2019-09-10 22:12:54,096 [EventQueue-DeleteBlockStatusForDeletedBlockLogImpl] WARN  block.DeletedBlockLogImpl (DeletedBlockLogImpl.java:commitTransactions(205)) - Transaction txId=1 commit by dnId=ed5d81fa-aaf0-49db-aa57-acca1dd387bd for containerID=#1 failed. Corresponding entry not found.
2019-09-10 22:12:54,096 [EventQueue-DeleteBlockStatusForDeletedBlockLogImpl] DEBUG block.DeletedBlockLogImpl (DeletedBlockLogImpl.java:isTransactionFailed(245)) - Got block deletion ACK from datanode, TXIDs=1, success=true
2019-09-10 22:12:54,096 [EventQueue-DeleteBlockStatusForDeletedBlockLogImpl] WARN  block.DeletedBlockLogImpl (DeletedBlockLogImpl.java:commitTransactions(205)) - Transaction txId=1 commit by dnId=ed5d81fa-aaf0-49db-aa57-acca1dd387bd for containerID=#1 failed. Corresponding entry not found.
2019-09-10 22:12:54,096 [EventQueue-DeleteBlockStatusForDeletedBlockLogImpl] DEBUG block.DeletedBlockLogImpl (DeletedBlockLogImpl.java:isTransactionFailed(245)) - Got block deletion ACK from datanode, TXIDs=1, success=true
2019-09-10 22:12:54,096 [EventQueue-DeleteBlockStatusForDeletedBlockLogImpl] WARN  block.DeletedBlockLogImpl (DeletedBlockLogImpl.java:commitTransactions(205)) - Transaction txId=1 commit by dnId=ed5d81fa-aaf0-49db-aa57-acca1dd387bd for containerID=#1 failed. Corresponding entry not found.
2019-09-10 22:12:54,096 [EventQueue-DeleteBlockStatusForDeletedBlockLogImpl] DEBUG block.DeletedBlockLogImpl (DeletedBlockLogImpl.java:isTransactionFailed(245)) - Got block deletion ACK from datanode, TXIDs=1, success=true
2019-09-10 22:12:54,096 [EventQueue-DeleteBlockStatusForDeletedBlockLogImpl] WARN  block.DeletedBlockLogImpl (DeletedBlockLogImpl.java:commitTransactions(205)) - Transaction txId=1 commit by dnId=ed5d81fa-aaf0-49db-aa57-acca1dd387bd for containerID=#1 failed. Corresponding entry not found.
2019-09-10 22:12:54,096 [EventQueue-DeleteBlockStatusForDeletedBlockLogImpl] DEBUG block.DeletedBlockLogImpl (DeletedBlockLogImpl.java:isTransactionFailed(245)) - Got block deletion ACK from datanode, TXIDs=1, success=true
2019-09-10 22:12:54,096 [EventQueue-DeleteBlockStatusForDeletedBlockLogImpl] WARN  block.DeletedBlockLogImpl (DeletedBlockLogImpl.java:commitTransactions(205)) - Transaction txId=1 commit by dnId=ed5d81fa-aaf0-49db-aa57-acca1dd387bd for containerID=#1 failed. Corresponding entry not found.
2019-09-10 22:12:54,097 [EventQueue-DeleteBlockStatusForDeletedBlockLogImpl] DEBUG block.DeletedBlockLogImpl (DeletedBlockLogImpl.java:isTransactionFailed(245)) - Got block deletion ACK from datanode, TXIDs=1, success=true
2019-09-10 22:12:54,097 [EventQueue-DeleteBlockStatusForDeletedBlockLogImpl] WARN  block.DeletedBlockLogImpl (DeletedBlockLogImpl.java:commitTransactions(205)) - Transaction txId=1 commit by dnId=ed5d81fa-aaf0-49db-aa57-acca1dd387bd for containerID=#1 failed. Corresponding entry not found.
2019-09-10 22:12:54,097 [EventQueue-DeleteBlockStatusForDeletedBlockLogImpl] DEBUG block.DeletedBlockLogImpl (DeletedBlockLogImpl.java:isTransactionFailed(245)) - Got block deletion ACK from datanode, TXIDs=1, success=true
2019-09-10 22:12:54,097 [EventQueue-DeleteBlockStatusForDeletedBlockLogImpl] WARN  block.DeletedBlockLogImpl (DeletedBlockLogImpl.java:commitTransactions(205)) - Transaction txId=1 commit by dnId=ed5d81fa-aaf0-49db-aa57-acca1dd387bd for containerID=#1 failed. Corresponding entry not found.
2019-09-10 22:12:54,097 [EventQueue-DeleteBlockStatusForDeletedBlockLogImpl] DEBUG block.DeletedBlockLogImpl (DeletedBlockLogImpl.java:isTransactionFailed(245)) - Got block deletion ACK from datanode, TXIDs=1, success=true
2019-09-10 22:12:54,097 [EventQueue-DeleteBlockStatusForDeletedBlockLogImpl] WARN  block.DeletedBlockLogImpl (DeletedBlockLogImpl.java:commitTransactions(205)) - Transaction txId=1 commit by dnId=ed5d81fa-aaf0-49db-aa57-acca1dd387bd for containerID=#1 failed. Corresponding entry not found.
2019-09-10 22:12:54,097 [EventQueue-DeleteBlockStatusForDeletedBlockLogImpl] DEBUG block.DeletedBlockLogImpl (DeletedBlockLogImpl.java:isTransactionFailed(245)) - Got block deletion ACK from datanode, TXIDs=1, success=true
2019-09-10 22:12:54,097 [EventQueue-DeleteBlockStatusForDeletedBlockLogImpl] WARN  block.DeletedBlockLogImpl (DeletedBlockLogImpl.java:commitTransactions(205)) - Transaction txId=1 commit by dnId=ed5d81fa-aaf0-49db-aa57-acca1dd387bd for containerID=#1 failed. Corresponding entry not found.
2019-09-10 22:12:54,097 [EventQueue-DeleteBlockStatusForDeletedBlockLogImpl] DEBUG block.DeletedBlockLogImpl (DeletedBlockLogImpl.java:isTransactionFailed(245)) - Got block deletion ACK from datanode, TXIDs=1, success=true
2019-09-10 22:12:54,097 [EventQueue-DeleteBlockStatusForDeletedBlockLogImpl] WARN  block.DeletedBlockLogImpl (DeletedBlockLogImpl.java:commitTransactions(205)) - Transaction txId=1 commit by dnId=ed5d81fa-aaf0-49db-aa57-acca1dd387bd for containerID=#1 failed. Corresponding entry not found.
2019-09-10 22:12:54,097 [EventQueue-DeleteBlockStatusForDeletedBlockLogImpl] DEBUG block.DeletedBlockLogImpl (DeletedBlockLogImpl.java:isTransactionFailed(245)) - Got block deletion ACK from datanode, TXIDs=1, success=true
2019-09-10 22:12:54,097 [EventQueue-DeleteBlockStatusForDeletedBlockLogImpl] WARN  block.DeletedBlockLogImpl (DeletedBlockLogImpl.java:commitTransactions(205)) - Transaction txId=1 commit by dnId=ed5d81fa-aaf0-49db-aa57-acca1dd387bd for containerID=#1 failed. Corresponding entry not found.
2019-09-10 22:12:54,097 [EventQueue-DeleteBlockStatusForDeletedBlockLogImpl] DEBUG block.DeletedBlockLogImpl (DeletedBlockLogImpl.java:isTransactionFailed(245)) - Got block deletion ACK from datanode, TXIDs=1, success=true
2019-09-10 22:12:54,098 [EventQueue-DeleteBlockStatusForDeletedBlockLogImpl] WARN  block.DeletedBlockLogImpl (DeletedBlockLogImpl.java:commitTransactions(205)) - Transaction txId=1 commit by dnId=ed5d81fa-aaf0-49db-aa57-acca1dd387bd for containerID=#1 failed. Corresponding entry not found.
2019-09-10 22:12:54,098 [EventQueue-DeleteBlockStatusForDeletedBlockLogImpl] DEBUG block.DeletedBlockLogImpl (DeletedBlockLogImpl.java:isTransactionFailed(245)) - Got block deletion ACK from datanode, TXIDs=1, success=true
2019-09-10 22:12:54,098 [EventQueue-DeleteBlockStatusForDeletedBlockLogImpl] WARN  block.DeletedBlockLogImpl (DeletedBlockLogImpl.java:commitTransactions(205)) - Transaction txId=1 commit by dnId=ed5d81fa-aaf0-49db-aa57-acca1dd387bd for containerID=#1 failed. Corresponding entry not found.
2019-09-10 22:12:54,098 [EventQueue-DeleteBlockStatusForDeletedBlockLogImpl] DEBUG block.DeletedBlockLogImpl (DeletedBlockLogImpl.java:isTransactionFailed(245)) - Got block deletion ACK from datanode, TXIDs=1, success=true
2019-09-10 22:12:54,098 [EventQueue-DeleteBlockStatusForDeletedBlockLogImpl] WARN  block.DeletedBlockLogImpl (DeletedBlockLogImpl.java:commitTransactions(205)) - Transaction txId=1 commit by dnId=ed5d81fa-aaf0-49db-aa57-acca1dd387bd for containerID=#1 failed. Corresponding entry not found.
2019-09-10 22:12:54,098 [EventQueue-DeleteBlockStatusForDeletedBlockLogImpl] DEBUG block.DeletedBlockLogImpl (DeletedBlockLogImpl.java:isTransactionFailed(245)) - Got block deletion ACK from datanode, TXIDs=1, success=true
2019-09-10 22:12:54,098 [EventQueue-DeleteBlockStatusForDeletedBlockLogImpl] WARN  block.DeletedBlockLogImpl (DeletedBlockLogImpl.java:commitTransactions(205)) - Transaction txId=1 commit by dnId=ed5d81fa-aaf0-49db-aa57-acca1dd387bd for containerID=#1 failed. Corresponding entry not found.
2019-09-10 22:12:54,098 [EventQueue-DeleteBlockStatusForDeletedBlockLogImpl] DEBUG block.DeletedBlockLogImpl (DeletedBlockLogImpl.java:isTransactionFailed(245)) - Got block deletion ACK from datanode, TXIDs=1, success=true
2019-09-10 22:12:54,098 [EventQueue-DeleteBlockStatusForDeletedBlockLogImpl] WARN  block.DeletedBlockLogImpl (DeletedBlockLogImpl.java:commitTransactions(205)) - Transaction txId=1 commit by dnId=ed5d81fa-aaf0-49db-aa57-acca1dd387bd for containerID=#1 failed. Corresponding entry not found.
2019-09-10 22:12:54,098 [EventQueue-DeleteBlockStatusForDeletedBlockLogImpl] DEBUG block.DeletedBlockLogImpl (DeletedBlockLogImpl.java:isTransactionFailed(245)) - Got block deletion ACK from datanode, TXIDs=1, success=true
2019-09-10 22:12:54,098 [EventQueue-DeleteBlockStatusForDeletedBlockLogImpl] WARN  block.DeletedBlockLogImpl (DeletedBlockLogImpl.java:commitTransactions(205)) - Transaction txId=1 commit by dnId=ed5d81fa-aaf0-49db-aa57-acca1dd387bd for containerID=#1 failed. Corresponding entry not found.
2019-09-10 22:12:54,098 [EventQueue-DeleteBlockStatusForDeletedBlockLogImpl] DEBUG block.DeletedBlockLogImpl (DeletedBlockLogImpl.java:isTransactionFailed(245)) - Got block deletion ACK from datanode, TXIDs=1, success=true
2019-09-10 22:12:54,099 [EventQueue-DeleteBlockStatusForDeletedBlockLogImpl] WARN  block.DeletedBlockLogImpl (DeletedBlockLogImpl.java:commitTransactions(205)) - Transaction txId=1 commit by dnId=ed5d81fa-aaf0-49db-aa57-acca1dd387bd for containerID=#1 failed. Corresponding entry not found.
2019-09-10 22:12:54,099 [EventQueue-DeleteBlockStatusForDeletedBlockLogImpl] DEBUG block.DeletedBlockLogImpl (DeletedBlockLogImpl.java:isTransactionFailed(245)) - Got block deletion ACK from datanode, TXIDs=1, success=true
2019-09-10 22:12:54,099 [EventQueue-DeleteBlockStatusForDeletedBlockLogImpl] WARN  block.DeletedBlockLogImpl (DeletedBlockLogImpl.java:commitTransactions(205)) - Transaction txId=1 commit by dnId=ed5d81fa-aaf0-49db-aa57-acca1dd387bd for containerID=#1 failed. Corresponding entry not found.
2019-09-10 22:12:54,099 [EventQueue-DeleteBlockStatusForDeletedBlockLogImpl] DEBUG block.DeletedBlockLogImpl (DeletedBlockLogImpl.java:isTransactionFailed(245)) - Got block deletion ACK from datanode, TXIDs=1, success=true
2019-09-10 22:12:54,099 [EventQueue-DeleteBlockStatusForDeletedBlockLogImpl] WARN  block.DeletedBlockLogImpl (DeletedBlockLogImpl.java:commitTransactions(205)) - Transaction txId=1 commit by dnId=ed5d81fa-aaf0-49db-aa57-acca1dd387bd for containerID=#1 failed. Corresponding entry not found.
2019-09-10 22:12:54,099 [EventQueue-DeleteBlockStatusForDeletedBlockLogImpl] DEBUG block.DeletedBlockLogImpl (DeletedBlockLogImpl.java:isTransactionFailed(245)) - Got block deletion ACK from datanode, TXIDs=1, success=true
2019-09-10 22:12:54,099 [EventQueue-DeleteBlockStatusForDeletedBlockLogImpl] WARN  block.DeletedBlockLogImpl (DeletedBlockLogImpl.java:commitTransactions(205)) - Transaction txId=1 commit by dnId=ed5d81fa-aaf0-49db-aa57-acca1dd387bd for containerID=#1 failed. Corresponding entry not found.
2019-09-10 22:12:54,099 [EventQueue-DeleteBlockStatusForDeletedBlockLogImpl] DEBUG block.DeletedBlockLogImpl (DeletedBlockLogImpl.java:isTransactionFailed(245)) - Got block deletion ACK from datanode, TXIDs=1, success=true
2019-09-10 22:12:54,099 [EventQueue-DeleteBlockStatusForDeletedBlockLogImpl] WARN  block.DeletedBlockLogImpl (DeletedBlockLogImpl.java:commitTransactions(205)) - Transaction txId=1 commit by dnId=ed5d81fa-aaf0-49db-aa57-acca1dd387bd for containerID=#1 failed. Corresponding entry not found.
2019-09-10 22:12:54,099 [EventQueue-DeleteBlockStatusForDeletedBlockLogImpl] DEBUG block.DeletedBlockLogImpl (DeletedBlockLogImpl.java:isTransactionFailed(245)) - Got block deletion ACK from datanode, TXIDs=1, success=true
2019-09-10 22:12:54,099 [EventQueue-DeleteBlockStatusForDeletedBlockLogImpl] WARN  block.DeletedBlockLogImpl (DeletedBlockLogImpl.java:commitTransactions(205)) - Transaction txId=1 commit by dnId=ed5d81fa-aaf0-49db-aa57-acca1dd387bd for containerID=#1 failed. Corresponding entry not found.
2019-09-10 22:12:54,195 [SCMBlockDeletingService#1] DEBUG block.SCMBlockDeletingService (SCMBlockDeletingService.java:call(138)) - Running DeletedBlockTransactionScanner
2019-09-10 22:12:54,195 [SCMBlockDeletingService#1] DEBUG block.SCMBlockDeletingService (SCMBlockDeletingService.java:call(155)) - Scanned deleted blocks log and got 0 delTX to process.
2019-09-10 22:12:54,296 [SCMBlockDeletingService#1] DEBUG block.SCMBlockDeletingService (SCMBlockDeletingService.java:call(138)) - Running DeletedBlockTransactionScanner
2019-09-10 22:12:54,296 [SCMBlockDeletingService#1] DEBUG block.SCMBlockDeletingService (SCMBlockDeletingService.java:call(155)) - Scanned deleted blocks log and got 0 delTX to process.
2019-09-10 22:12:54,396 [SCMBlockDeletingService#1] DEBUG block.SCMBlockDeletingService (SCMBlockDeletingService.java:call(138)) - Running DeletedBlockTransactionScanner
2019-09-10 22:12:54,396 [SCMBlockDeletingService#1] DEBUG block.SCMBlockDeletingService (SCMBlockDeletingService.java:call(155)) - Scanned deleted blocks log and got 0 delTX to process.
2019-09-10 22:12:54,497 [SCMBlockDeletingService#1] DEBUG block.SCMBlockDeletingService (SCMBlockDeletingService.java:call(138)) - Running DeletedBlockTransactionScanner
2019-09-10 22:12:54,497 [SCMBlockDeletingService#1] DEBUG block.SCMBlockDeletingService (SCMBlockDeletingService.java:call(155)) - Scanned deleted blocks log and got 0 delTX to process.
]]></system-out>
    <system-err><![CDATA[ERROR StatusLogger No Log4j 2 configuration file found. Using default configuration (logging only errors to the console), or user programmatically provided configurations. Set system property 'log4j2.debug' to show Log4j 2 internal initialization logging. See https://logging.apache.org/log4j/2.x/manual/configuration.html for instructions on how to configure Log4j 2
]]></system-err>
  </testcase>
</testsuite>