<?xml version="1.0" encoding="UTF-8"?>
<testsuite xmlns:xsi="http://www.w3.org/2001/XMLSchema-instance" xsi:noNamespaceSchemaLocation="https://maven.apache.org/surefire/maven-surefire-plugin/xsd/surefire-test-report.xsd" name="org.apache.hadoop.ozone.client.rpc.TestBlockOutputStreamWithFailures" time="786.073" tests="8" errors="0" skipped="0" failures="1">
  <properties>
    <property name="awt.toolkit" value="sun.awt.X11.XToolkit"/>
    <property name="file.encoding.pkg" value="sun.io"/>
    <property name="java.specification.version" value="1.8"/>
    <property name="sun.cpu.isalist" value=""/>
    <property name="sun.jnu.encoding" value="UTF-8"/>
    <property name="java.class.path" value="/workdir/hadoop-ozone/integration-test/target/test-classes:/workdir/hadoop-ozone/integration-test/target/classes:/home/user/.m2/repository/org/apache/hadoop/hadoop-ozone-common/0.5.0-SNAPSHOT/hadoop-ozone-common-0.5.0-SNAPSHOT.jar:/home/user/.m2/repository/org/apache/commons/commons-compress/1.4.1/commons-compress-1.4.1.jar:/home/user/.m2/repository/org/tukaani/xz/1.0/xz-1.0.jar:/home/user/.m2/repository/org/apache/hadoop/hadoop-common/3.2.0/hadoop-common-3.2.0.jar:/home/user/.m2/repository/org/apache/hadoop/hadoop-hdfs/3.2.0/hadoop-hdfs-3.2.0.jar:/home/user/.m2/repository/org/apache/hadoop/hadoop-hdfs-client/3.2.0/hadoop-hdfs-client-3.2.0.jar:/home/user/.m2/repository/com/fasterxml/jackson/core/jackson-annotations/2.9.5/jackson-annotations-2.9.5.jar:/home/user/.m2/repository/org/apache/hadoop/hadoop-hdds-common/0.5.0-SNAPSHOT/hadoop-hdds-common-0.5.0-SNAPSHOT.jar:/home/user/.m2/repository/javax/annotation/javax.annotation-api/1.2/javax.annotation-api-1.2.jar:/home/user/.m2/repository/org/apache/ratis/ratis-server/0.4.0-2337318-SNAPSHOT/ratis-server-0.4.0-2337318-SNAPSHOT.jar:/home/user/.m2/repository/org/apache/ratis/ratis-thirdparty-misc/0.2.0/ratis-thirdparty-misc-0.2.0.jar:/home/user/.m2/repository/org/apache/ratis/ratis-proto/0.4.0-2337318-SNAPSHOT/ratis-proto-0.4.0-2337318-SNAPSHOT.jar:/home/user/.m2/repository/org/apache/ratis/ratis-common/0.4.0-2337318-SNAPSHOT/ratis-common-0.4.0-2337318-SNAPSHOT.jar:/home/user/.m2/repository/org/apache/ratis/ratis-client/0.4.0-2337318-SNAPSHOT/ratis-client-0.4.0-2337318-SNAPSHOT.jar:/home/user/.m2/repository/org/apache/ratis/ratis-metrics/0.4.0-2337318-SNAPSHOT/ratis-metrics-0.4.0-2337318-SNAPSHOT.jar:/home/user/.m2/repository/org/apache/ratis/ratis-netty/0.4.0-2337318-SNAPSHOT/ratis-netty-0.4.0-2337318-SNAPSHOT.jar:/home/user/.m2/repository/org/apache/ratis/ratis-grpc/0.4.0-2337318-SNAPSHOT/ratis-grpc-0.4.0-2337318-SNAPSHOT.jar:/home/user/.m2/repository/org/rocksdb/rocksdbjni/6.0.1/rocksdbjni-6.0.1.jar:/home/user/.m2/repository/org/apache/logging/log4j/log4j-api/2.11.0/log4j-api-2.11.0.jar:/home/user/.m2/repository/org/apache/logging/log4j/log4j-core/2.11.0/log4j-core-2.11.0.jar:/home/user/.m2/repository/com/lmax/disruptor/3.4.2/disruptor-3.4.2.jar:/home/user/.m2/repository/org/apache/commons/commons-pool2/2.6.0/commons-pool2-2.6.0.jar:/home/user/.m2/repository/org/bouncycastle/bcpkix-jdk15on/1.60/bcpkix-jdk15on-1.60.jar:/home/user/.m2/repository/commons-validator/commons-validator/1.6/commons-validator-1.6.jar:/home/user/.m2/repository/commons-digester/commons-digester/1.8.1/commons-digester-1.8.1.jar:/home/user/.m2/repository/io/jaegertracing/jaeger-client/0.33.1/jaeger-client-0.33.1.jar:/home/user/.m2/repository/io/jaegertracing/jaeger-thrift/0.33.1/jaeger-thrift-0.33.1.jar:/home/user/.m2/repository/org/apache/thrift/libthrift/0.11.0/libthrift-0.11.0.jar:/home/user/.m2/repository/com/squareup/okhttp3/okhttp/3.9.0/okhttp-3.9.0.jar:/home/user/.m2/repository/com/squareup/okio/okio/1.13.0/okio-1.13.0.jar:/home/user/.m2/repository/io/jaegertracing/jaeger-core/0.33.1/jaeger-core-0.33.1.jar:/home/user/.m2/repository/io/jaegertracing/jaeger-tracerresolver/0.33.1/jaeger-tracerresolver-0.33.1.jar:/home/user/.m2/repository/io/opentracing/contrib/opentracing-tracerresolver/0.1.5/opentracing-tracerresolver-0.1.5.jar:/home/user/.m2/repository/io/opentracing/opentracing-util/0.31.0/opentracing-util-0.31.0.jar:/home/user/.m2/repository/io/opentracing/opentracing-api/0.31.0/opentracing-api-0.31.0.jar:/home/user/.m2/repository/io/opentracing/opentracing-noop/0.31.0/opentracing-noop-0.31.0.jar:/home/user/.m2/repository/org/apache/hadoop/hadoop-hdds-server-framework/0.5.0-SNAPSHOT/hadoop-hdds-server-framework-0.5.0-SNAPSHOT.jar:/home/user/.m2/repository/org/apache/hadoop/hadoop-hdds-container-service/0.5.0-SNAPSHOT/hadoop-hdds-container-service-0.5.0-SNAPSHOT.jar:/home/user/.m2/repository/org/apache/hadoop/hadoop-hdds-client/0.5.0-SNAPSHOT/hadoop-hdds-client-0.5.0-SNAPSHOT.jar:/home/user/.m2/repository/org/apache/hadoop/hadoop-hdds-tools/0.5.0-SNAPSHOT/hadoop-hdds-tools-0.5.0-SNAPSHOT.jar:/home/user/.m2/repository/org/apache/hadoop/hadoop-hdds-server-scm/0.5.0-SNAPSHOT/hadoop-hdds-server-scm-0.5.0-SNAPSHOT.jar:/home/user/.m2/repository/org/apache/hadoop/hadoop-hdds-docs/0.5.0-SNAPSHOT/hadoop-hdds-docs-0.5.0-SNAPSHOT.jar:/home/user/.m2/repository/io/dropwizard/metrics/metrics-core/3.2.4/metrics-core-3.2.4.jar:/home/user/.m2/repository/org/hamcrest/hamcrest-all/1.3/hamcrest-all-1.3.jar:/home/user/.m2/repository/org/bouncycastle/bcprov-jdk15on/1.60/bcprov-jdk15on-1.60.jar:/home/user/.m2/repository/info/picocli/picocli/3.9.6/picocli-3.9.6.jar:/home/user/.m2/repository/com/google/protobuf/protobuf-java/2.5.0/protobuf-java-2.5.0.jar:/home/user/.m2/repository/com/google/guava/guava/11.0.2/guava-11.0.2.jar:/home/user/.m2/repository/org/apache/hadoop/hadoop-ozone-ozone-manager/0.5.0-SNAPSHOT/hadoop-ozone-ozone-manager-0.5.0-SNAPSHOT.jar:/home/user/.m2/repository/org/apache/hadoop/hadoop-minikdc/3.2.0/hadoop-minikdc-3.2.0.jar:/home/user/.m2/repository/commons-io/commons-io/2.5/commons-io-2.5.jar:/home/user/.m2/repository/org/apache/kerby/kerb-simplekdc/1.0.1/kerb-simplekdc-1.0.1.jar:/home/user/.m2/repository/org/apache/kerby/kerb-client/1.0.1/kerb-client-1.0.1.jar:/home/user/.m2/repository/org/apache/kerby/kerby-config/1.0.1/kerby-config-1.0.1.jar:/home/user/.m2/repository/org/apache/kerby/kerb-core/1.0.1/kerb-core-1.0.1.jar:/home/user/.m2/repository/org/apache/kerby/kerby-pkix/1.0.1/kerby-pkix-1.0.1.jar:/home/user/.m2/repository/org/apache/kerby/kerby-asn1/1.0.1/kerby-asn1-1.0.1.jar:/home/user/.m2/repository/org/apache/kerby/kerby-util/1.0.1/kerby-util-1.0.1.jar:/home/user/.m2/repository/org/apache/kerby/kerb-common/1.0.1/kerb-common-1.0.1.jar:/home/user/.m2/repository/org/apache/kerby/kerb-crypto/1.0.1/kerb-crypto-1.0.1.jar:/home/user/.m2/repository/org/apache/kerby/kerb-util/1.0.1/kerb-util-1.0.1.jar:/home/user/.m2/repository/org/apache/kerby/token-provider/1.0.1/token-provider-1.0.1.jar:/home/user/.m2/repository/org/apache/kerby/kerb-admin/1.0.1/kerb-admin-1.0.1.jar:/home/user/.m2/repository/org/apache/kerby/kerb-server/1.0.1/kerb-server-1.0.1.jar:/home/user/.m2/repository/org/apache/kerby/kerb-identity/1.0.1/kerb-identity-1.0.1.jar:/home/user/.m2/repository/org/apache/kerby/kerby-xdr/1.0.1/kerby-xdr-1.0.1.jar:/home/user/.m2/repository/org/slf4j/slf4j-log4j12/1.7.25/slf4j-log4j12-1.7.25.jar:/home/user/.m2/repository/org/apache/hadoop/hadoop-ozone-s3gateway/0.5.0-SNAPSHOT/hadoop-ozone-s3gateway-0.5.0-SNAPSHOT.jar:/home/user/.m2/repository/org/jboss/weld/servlet/weld-servlet/2.4.7.Final/weld-servlet-2.4.7.Final.jar:/home/user/.m2/repository/org/glassfish/jersey/containers/jersey-container-servlet-core/2.27/jersey-container-servlet-core-2.27.jar:/home/user/.m2/repository/org/glassfish/hk2/external/javax.inject/2.5.0-b42/javax.inject-2.5.0-b42.jar:/home/user/.m2/repository/org/glassfish/jersey/core/jersey-common/2.27/jersey-common-2.27.jar:/home/user/.m2/repository/org/glassfish/hk2/osgi-resource-locator/1.0.1/osgi-resource-locator-1.0.1.jar:/home/user/.m2/repository/javax/ws/rs/javax.ws.rs-api/2.1/javax.ws.rs-api-2.1.jar:/home/user/.m2/repository/org/glassfish/jersey/ext/cdi/jersey-cdi1x/2.27/jersey-cdi1x-2.27.jar:/home/user/.m2/repository/org/glassfish/jersey/inject/jersey-hk2/2.27/jersey-hk2-2.27.jar:/home/user/.m2/repository/org/glassfish/hk2/hk2-locator/2.5.0-b42/hk2-locator-2.5.0-b42.jar:/home/user/.m2/repository/org/javassist/javassist/3.22.0-CR2/javassist-3.22.0-CR2.jar:/home/user/.m2/repository/org/glassfish/hk2/hk2-api/2.5.0/hk2-api-2.5.0.jar:/home/user/.m2/repository/org/glassfish/hk2/external/jakarta.inject/2.5.0/jakarta.inject-2.5.0.jar:/home/user/.m2/repository/org/glassfish/hk2/hk2-utils/2.5.0/hk2-utils-2.5.0.jar:/home/user/.m2/repository/jakarta/annotation/jakarta.annotation-api/1.3.4/jakarta.annotation-api-1.3.4.jar:/home/user/.m2/repository/org/glassfish/hk2/external/aopalliance-repackaged/2.5.0/aopalliance-repackaged-2.5.0.jar:/home/user/.m2/repository/com/fasterxml/jackson/dataformat/jackson-dataformat-xml/2.9.0/jackson-dataformat-xml-2.9.0.jar:/home/user/.m2/repository/com/fasterxml/jackson/core/jackson-core/2.9.5/jackson-core-2.9.5.jar:/home/user/.m2/repository/com/fasterxml/jackson/module/jackson-module-jaxb-annotations/2.9.5/jackson-module-jaxb-annotations-2.9.5.jar:/home/user/.m2/repository/javax/enterprise/cdi-api/1.2/cdi-api-1.2.jar:/home/user/.m2/repository/javax/el/javax.el-api/3.0.0/javax.el-api-3.0.0.jar:/home/user/.m2/repository/javax/interceptor/javax.interceptor-api/1.2/javax.interceptor-api-1.2.jar:/home/user/.m2/repository/javax/inject/javax.inject/1/javax.inject-1.jar:/home/user/.m2/repository/com/sun/xml/bind/jaxb-impl/2.3.0.1/jaxb-impl-2.3.0.1.jar:/home/user/.m2/repository/com/sun/xml/bind/jaxb-core/2.3.0.1/jaxb-core-2.3.0.1.jar:/home/user/.m2/repository/javax/xml/bind/jaxb-api/2.3.0/jaxb-api-2.3.0.jar:/home/user/.m2/repository/javax/activation/activation/1.1.1/activation-1.1.1.jar:/home/user/.m2/repository/org/apache/hadoop/hadoop-ozone-csi/0.5.0-SNAPSHOT/hadoop-ozone-csi-0.5.0-SNAPSHOT.jar:/home/user/.m2/repository/com/google/protobuf/protobuf-java-util/3.5.1/protobuf-java-util-3.5.1.jar:/home/user/.m2/repository/org/apache/hadoop/hadoop-hdds-config/0.5.0-SNAPSHOT/hadoop-hdds-config-0.5.0-SNAPSHOT.jar:/home/user/.m2/repository/io/grpc/grpc-netty/1.17.1/grpc-netty-1.17.1.jar:/home/user/.m2/repository/io/grpc/grpc-core/1.17.1/grpc-core-1.17.1.jar:/home/user/.m2/repository/io/grpc/grpc-context/1.17.1/grpc-context-1.17.1.jar:/home/user/.m2/repository/com/google/errorprone/error_prone_annotations/2.2.0/error_prone_annotations-2.2.0.jar:/home/user/.m2/repository/org/codehaus/mojo/animal-sniffer-annotations/1.17/animal-sniffer-annotations-1.17.jar:/home/user/.m2/repository/io/opencensus/opencensus-api/0.17.0/opencensus-api-0.17.0.jar:/home/user/.m2/repository/io/opencensus/opencensus-contrib-grpc-metrics/0.17.0/opencensus-contrib-grpc-metrics-0.17.0.jar:/home/user/.m2/repository/io/netty/netty-codec-http2/4.1.30.Final/netty-codec-http2-4.1.30.Final.jar:/home/user/.m2/repository/io/netty/netty-codec-http/4.1.30.Final/netty-codec-http-4.1.30.Final.jar:/home/user/.m2/repository/io/netty/netty-codec/4.1.30.Final/netty-codec-4.1.30.Final.jar:/home/user/.m2/repository/io/netty/netty-handler/4.1.30.Final/netty-handler-4.1.30.Final.jar:/home/user/.m2/repository/io/netty/netty-handler-proxy/4.1.30.Final/netty-handler-proxy-4.1.30.Final.jar:/home/user/.m2/repository/io/netty/netty-codec-socks/4.1.30.Final/netty-codec-socks-4.1.30.Final.jar:/home/user/.m2/repository/io/netty/netty-transport-native-epoll/4.1.30.Final/netty-transport-native-epoll-4.1.30.Final.jar:/home/user/.m2/repository/io/netty/netty-common/4.1.30.Final/netty-common-4.1.30.Final.jar:/home/user/.m2/repository/io/netty/netty-buffer/4.1.30.Final/netty-buffer-4.1.30.Final.jar:/home/user/.m2/repository/io/netty/netty-transport/4.1.30.Final/netty-transport-4.1.30.Final.jar:/home/user/.m2/repository/io/netty/netty-resolver/4.1.30.Final/netty-resolver-4.1.30.Final.jar:/home/user/.m2/repository/io/netty/netty-transport-native-unix-common/4.1.30.Final/netty-transport-native-unix-common-4.1.30.Final.jar:/home/user/.m2/repository/io/grpc/grpc-protobuf/1.17.1/grpc-protobuf-1.17.1.jar:/home/user/.m2/repository/com/google/api/grpc/proto-google-common-protos/1.0.0/proto-google-common-protos-1.0.0.jar:/home/user/.m2/repository/io/grpc/grpc-protobuf-lite/1.17.1/grpc-protobuf-lite-1.17.1.jar:/home/user/.m2/repository/io/grpc/grpc-stub/1.17.1/grpc-stub-1.17.1.jar:/home/user/.m2/repository/org/apache/hadoop/hadoop-ozone-recon/0.5.0-SNAPSHOT/hadoop-ozone-recon-0.5.0-SNAPSHOT.jar:/home/user/.m2/repository/org/apache/hadoop/hadoop-ozone-reconcodegen/0.5.0-SNAPSHOT/hadoop-ozone-reconcodegen-0.5.0-SNAPSHOT.jar:/home/user/.m2/repository/com/google/inject/extensions/guice-multibindings/4.0/guice-multibindings-4.0.jar:/home/user/.m2/repository/com/google/inject/guice/4.0/guice-4.0.jar:/home/user/.m2/repository/aopalliance/aopalliance/1.0/aopalliance-1.0.jar:/home/user/.m2/repository/com/google/inject/extensions/guice-servlet/4.0/guice-servlet-4.0.jar:/home/user/.m2/repository/org/glassfish/jersey/containers/jersey-container-servlet/2.27/jersey-container-servlet-2.27.jar:/home/user/.m2/repository/org/glassfish/hk2/guice-bridge/2.5.0/guice-bridge-2.5.0.jar:/home/user/.m2/repository/org/glassfish/jersey/core/jersey-server/2.27/jersey-server-2.27.jar:/home/user/.m2/repository/org/glassfish/jersey/core/jersey-client/2.27/jersey-client-2.27.jar:/home/user/.m2/repository/org/glassfish/jersey/media/jersey-media-jaxb/2.27/jersey-media-jaxb-2.27.jar:/home/user/.m2/repository/javax/validation/validation-api/1.1.0.Final/validation-api-1.1.0.Final.jar:/home/user/.m2/repository/org/glassfish/jersey/media/jersey-media-json-jackson/2.27/jersey-media-json-jackson-2.27.jar:/home/user/.m2/repository/org/glassfish/jersey/ext/jersey-entity-filtering/2.27/jersey-entity-filtering-2.27.jar:/home/user/.m2/repository/com/google/inject/extensions/guice-assistedinject/4.0/guice-assistedinject-4.0.jar:/home/user/.m2/repository/org/jooq/jooq/3.11.10/jooq-3.11.10.jar:/home/user/.m2/repository/org/jooq/jooq-meta/3.11.10/jooq-meta-3.11.10.jar:/home/user/.m2/repository/org/jooq/jooq-codegen/3.11.10/jooq-codegen-3.11.10.jar:/home/user/.m2/repository/com/jolbox/bonecp/0.8.0.RELEASE/bonecp-0.8.0.RELEASE.jar:/home/user/.m2/repository/org/xerial/sqlite-jdbc/3.25.2/sqlite-jdbc-3.25.2.jar:/home/user/.m2/repository/org/springframework/spring-jdbc/5.1.3.RELEASE/spring-jdbc-5.1.3.RELEASE.jar:/home/user/.m2/repository/org/springframework/spring-beans/5.1.3.RELEASE/spring-beans-5.1.3.RELEASE.jar:/home/user/.m2/repository/org/springframework/spring-core/5.1.3.RELEASE/spring-core-5.1.3.RELEASE.jar:/home/user/.m2/repository/org/springframework/spring-jcl/5.1.3.RELEASE/spring-jcl-5.1.3.RELEASE.jar:/home/user/.m2/repository/org/springframework/spring-tx/5.1.3.RELEASE/spring-tx-5.1.3.RELEASE.jar:/home/user/.m2/repository/org/apache/hadoop/hadoop-ozone-client/0.5.0-SNAPSHOT/hadoop-ozone-client-0.5.0-SNAPSHOT.jar:/home/user/.m2/repository/commons-lang/commons-lang/2.6/commons-lang-2.6.jar:/home/user/.m2/repository/org/apache/hadoop/hadoop-ozone-ozone-manager/0.5.0-SNAPSHOT/hadoop-ozone-ozone-manager-0.5.0-SNAPSHOT-tests.jar:/home/user/.m2/repository/junit/junit/4.11/junit-4.11.jar:/home/user/.m2/repository/org/hamcrest/hamcrest-core/1.3/hamcrest-core-1.3.jar:/home/user/.m2/repository/org/openjdk/jmh/jmh-core/1.19/jmh-core-1.19.jar:/home/user/.m2/repository/net/sf/jopt-simple/jopt-simple/4.6/jopt-simple-4.6.jar:/home/user/.m2/repository/org/apache/commons/commons-math3/3.1.1/commons-math3-3.1.1.jar:/home/user/.m2/repository/org/openjdk/jmh/jmh-generator-annprocess/1.19/jmh-generator-annprocess-1.19.jar:/home/user/.m2/repository/org/mockito/mockito-all/1.8.5/mockito-all-1.8.5.jar:/home/user/.m2/repository/org/apache/hadoop/hadoop-kms/3.2.0/hadoop-kms-3.2.0.jar:/home/user/.m2/repository/org/apache/hadoop/hadoop-auth/3.2.0/hadoop-auth-3.2.0.jar:/home/user/.m2/repository/com/nimbusds/nimbus-jose-jwt/4.41.1/nimbus-jose-jwt-4.41.1.jar:/home/user/.m2/repository/com/github/stephenc/jcip/jcip-annotations/1.0-1/jcip-annotations-1.0-1.jar:/home/user/.m2/repository/net/minidev/json-smart/2.3/json-smart-2.3.jar:/home/user/.m2/repository/net/minidev/accessors-smart/1.2/accessors-smart-1.2.jar:/home/user/.m2/repository/org/ow2/asm/asm/5.0.4/asm-5.0.4.jar:/home/user/.m2/repository/org/apache/curator/curator-framework/2.12.0/curator-framework-2.12.0.jar:/home/user/.m2/repository/com/sun/jersey/jersey-core/1.19/jersey-core-1.19.jar:/home/user/.m2/repository/javax/ws/rs/jsr311-api/1.1.1/jsr311-api-1.1.1.jar:/home/user/.m2/repository/com/sun/jersey/jersey-server/1.19/jersey-server-1.19.jar:/home/user/.m2/repository/javax/servlet/javax.servlet-api/3.1.0/javax.servlet-api-3.1.0.jar:/home/user/.m2/repository/org/eclipse/jetty/jetty-server/9.3.24.v20180605/jetty-server-9.3.24.v20180605.jar:/home/user/.m2/repository/org/eclipse/jetty/jetty-http/9.3.24.v20180605/jetty-http-9.3.24.v20180605.jar:/home/user/.m2/repository/org/eclipse/jetty/jetty-io/9.3.24.v20180605/jetty-io-9.3.24.v20180605.jar:/home/user/.m2/repository/org/eclipse/jetty/jetty-webapp/9.3.24.v20180605/jetty-webapp-9.3.24.v20180605.jar:/home/user/.m2/repository/org/eclipse/jetty/jetty-xml/9.3.24.v20180605/jetty-xml-9.3.24.v20180605.jar:/home/user/.m2/repository/log4j/log4j/1.2.17/log4j-1.2.17.jar:/home/user/.m2/repository/org/slf4j/slf4j-api/1.7.25/slf4j-api-1.7.25.jar:/home/user/.m2/repository/org/slf4j/jul-to-slf4j/1.7.25/jul-to-slf4j-1.7.25.jar:/home/user/.m2/repository/org/eclipse/jetty/jetty-util/9.3.24.v20180605/jetty-util-9.3.24.v20180605.jar:/home/user/.m2/repository/com/fasterxml/jackson/core/jackson-databind/2.9.5/jackson-databind-2.9.5.jar:/home/user/.m2/repository/org/apache/hadoop/hadoop-kms/3.2.0/hadoop-kms-3.2.0-tests.jar:/home/user/.m2/repository/org/apache/hadoop/hadoop-hdds-server-scm/0.5.0-SNAPSHOT/hadoop-hdds-server-scm-0.5.0-SNAPSHOT-tests.jar:/home/user/.m2/repository/org/apache/hadoop/hadoop-hdds-container-service/0.5.0-SNAPSHOT/hadoop-hdds-container-service-0.5.0-SNAPSHOT-tests.jar:/home/user/.m2/repository/org/yaml/snakeyaml/1.16/snakeyaml-1.16.jar:/home/user/.m2/repository/org/apache/hadoop/hadoop-common/3.2.0/hadoop-common-3.2.0-tests.jar:/home/user/.m2/repository/org/apache/hadoop/hadoop-annotations/3.2.0/hadoop-annotations-3.2.0.jar:/usr/lib/jvm/java-1.8-openjdk/jre/../lib/tools.jar:/home/user/.m2/repository/commons-cli/commons-cli/1.2/commons-cli-1.2.jar:/home/user/.m2/repository/org/apache/httpcomponents/httpclient/4.5.2/httpclient-4.5.2.jar:/home/user/.m2/repository/org/apache/httpcomponents/httpcore/4.4.4/httpcore-4.4.4.jar:/home/user/.m2/repository/commons-codec/commons-codec/1.11/commons-codec-1.11.jar:/home/user/.m2/repository/commons-net/commons-net/3.6/commons-net-3.6.jar:/home/user/.m2/repository/commons-collections/commons-collections/3.2.2/commons-collections-3.2.2.jar:/home/user/.m2/repository/org/eclipse/jetty/jetty-servlet/9.3.24.v20180605/jetty-servlet-9.3.24.v20180605.jar:/home/user/.m2/repository/org/eclipse/jetty/jetty-security/9.3.24.v20180605/jetty-security-9.3.24.v20180605.jar:/home/user/.m2/repository/javax/servlet/jsp/jsp-api/2.1/jsp-api-2.1.jar:/home/user/.m2/repository/com/sun/jersey/jersey-servlet/1.19/jersey-servlet-1.19.jar:/home/user/.m2/repository/com/sun/jersey/jersey-json/1.19/jersey-json-1.19.jar:/home/user/.m2/repository/org/codehaus/jettison/jettison/1.1/jettison-1.1.jar:/home/user/.m2/repository/org/codehaus/jackson/jackson-core-asl/1.9.13/jackson-core-asl-1.9.13.jar:/home/user/.m2/repository/org/codehaus/jackson/jackson-mapper-asl/1.9.13/jackson-mapper-asl-1.9.13.jar:/home/user/.m2/repository/org/codehaus/jackson/jackson-jaxrs/1.9.13/jackson-jaxrs-1.9.13.jar:/home/user/.m2/repository/org/codehaus/jackson/jackson-xc/1.9.13/jackson-xc-1.9.13.jar:/home/user/.m2/repository/commons-logging/commons-logging/1.1.3/commons-logging-1.1.3.jar:/home/user/.m2/repository/commons-beanutils/commons-beanutils/1.9.3/commons-beanutils-1.9.3.jar:/home/user/.m2/repository/org/apache/commons/commons-configuration2/2.1.1/commons-configuration2-2.1.1.jar:/home/user/.m2/repository/org/apache/commons/commons-lang3/3.7/commons-lang3-3.7.jar:/home/user/.m2/repository/org/apache/commons/commons-text/1.4/commons-text-1.4.jar:/home/user/.m2/repository/org/apache/avro/avro/1.7.7/avro-1.7.7.jar:/home/user/.m2/repository/com/thoughtworks/paranamer/paranamer/2.3/paranamer-2.3.jar:/home/user/.m2/repository/org/xerial/snappy/snappy-java/1.0.5/snappy-java-1.0.5.jar:/home/user/.m2/repository/com/google/re2j/re2j/1.1/re2j-1.1.jar:/home/user/.m2/repository/com/google/code/gson/gson/2.2.4/gson-2.2.4.jar:/home/user/.m2/repository/com/jcraft/jsch/0.1.54/jsch-0.1.54.jar:/home/user/.m2/repository/org/apache/curator/curator-client/2.12.0/curator-client-2.12.0.jar:/home/user/.m2/repository/org/apache/curator/curator-recipes/2.12.0/curator-recipes-2.12.0.jar:/home/user/.m2/repository/com/google/code/findbugs/jsr305/3.0.0/jsr305-3.0.0.jar:/home/user/.m2/repository/org/apache/htrace/htrace-core4/4.1.0-incubating/htrace-core4-4.1.0-incubating.jar:/home/user/.m2/repository/org/apache/zookeeper/zookeeper/3.4.13/zookeeper-3.4.13.jar:/home/user/.m2/repository/org/apache/yetus/audience-annotations/0.5.0/audience-annotations-0.5.0.jar:/home/user/.m2/repository/org/codehaus/woodstox/stax2-api/3.1.4/stax2-api-3.1.4.jar:/home/user/.m2/repository/com/fasterxml/woodstox/woodstox-core/5.0.3/woodstox-core-5.0.3.jar:/home/user/.m2/repository/dnsjava/dnsjava/2.1.7/dnsjava-2.1.7.jar:/home/user/.m2/repository/org/apache/hadoop/hadoop-hdfs/3.2.0/hadoop-hdfs-3.2.0-tests.jar:/home/user/.m2/repository/org/eclipse/jetty/jetty-util-ajax/9.3.24.v20180605/jetty-util-ajax-9.3.24.v20180605.jar:/home/user/.m2/repository/commons-daemon/commons-daemon/1.0.13/commons-daemon-1.0.13.jar:/home/user/.m2/repository/io/netty/netty/3.10.5.Final/netty-3.10.5.Final.jar:/home/user/.m2/repository/io/netty/netty-all/4.0.52.Final/netty-all-4.0.52.Final.jar:/home/user/.m2/repository/org/fusesource/leveldbjni/leveldbjni-all/1.8/leveldbjni-all-1.8.jar:"/>
    <property name="java.vm.vendor" value="IcedTea"/>
    <property name="sun.arch.data.model" value="64"/>
    <property name="test.build.dir" value="/workdir/hadoop-ozone/integration-test/target/test-dir"/>
    <property name="test.cache.data" value=""/>
    <property name="java.vendor.url" value="https://icedtea.classpath.org"/>
    <property name="user.timezone" value=""/>
    <property name="java.vm.specification.version" value="1.8"/>
    <property name="os.name" value="Linux"/>
    <property name="test.build.data" value="/workdir/hadoop-ozone/integration-test/target/test-dir"/>
    <property name="user.country" value="US"/>
    <property name="sun.java.launcher" value="SUN_STANDARD"/>
    <property name="sun.boot.library.path" value="/usr/lib/jvm/java-1.8-openjdk/jre/lib/amd64"/>
    <property name="sun.java.command" value="/workdir/hadoop-ozone/integration-test/target/surefire/surefirebooter9168878673617328632.jar /workdir/hadoop-ozone/integration-test/target/surefire 2019-09-10T21-12-40_943-jvmRun1 surefire6030259011015455241tmp surefire_307787909073897965584tmp"/>
    <property name="test" value="!TestMiniChaosOzoneCluster"/>
    <property name="surefire.test.class.path" value="/workdir/hadoop-ozone/integration-test/target/test-classes:/workdir/hadoop-ozone/integration-test/target/classes:/home/user/.m2/repository/org/apache/hadoop/hadoop-ozone-common/0.5.0-SNAPSHOT/hadoop-ozone-common-0.5.0-SNAPSHOT.jar:/home/user/.m2/repository/org/apache/commons/commons-compress/1.4.1/commons-compress-1.4.1.jar:/home/user/.m2/repository/org/tukaani/xz/1.0/xz-1.0.jar:/home/user/.m2/repository/org/apache/hadoop/hadoop-common/3.2.0/hadoop-common-3.2.0.jar:/home/user/.m2/repository/org/apache/hadoop/hadoop-hdfs/3.2.0/hadoop-hdfs-3.2.0.jar:/home/user/.m2/repository/org/apache/hadoop/hadoop-hdfs-client/3.2.0/hadoop-hdfs-client-3.2.0.jar:/home/user/.m2/repository/com/fasterxml/jackson/core/jackson-annotations/2.9.5/jackson-annotations-2.9.5.jar:/home/user/.m2/repository/org/apache/hadoop/hadoop-hdds-common/0.5.0-SNAPSHOT/hadoop-hdds-common-0.5.0-SNAPSHOT.jar:/home/user/.m2/repository/javax/annotation/javax.annotation-api/1.2/javax.annotation-api-1.2.jar:/home/user/.m2/repository/org/apache/ratis/ratis-server/0.4.0-2337318-SNAPSHOT/ratis-server-0.4.0-2337318-SNAPSHOT.jar:/home/user/.m2/repository/org/apache/ratis/ratis-thirdparty-misc/0.2.0/ratis-thirdparty-misc-0.2.0.jar:/home/user/.m2/repository/org/apache/ratis/ratis-proto/0.4.0-2337318-SNAPSHOT/ratis-proto-0.4.0-2337318-SNAPSHOT.jar:/home/user/.m2/repository/org/apache/ratis/ratis-common/0.4.0-2337318-SNAPSHOT/ratis-common-0.4.0-2337318-SNAPSHOT.jar:/home/user/.m2/repository/org/apache/ratis/ratis-client/0.4.0-2337318-SNAPSHOT/ratis-client-0.4.0-2337318-SNAPSHOT.jar:/home/user/.m2/repository/org/apache/ratis/ratis-metrics/0.4.0-2337318-SNAPSHOT/ratis-metrics-0.4.0-2337318-SNAPSHOT.jar:/home/user/.m2/repository/org/apache/ratis/ratis-netty/0.4.0-2337318-SNAPSHOT/ratis-netty-0.4.0-2337318-SNAPSHOT.jar:/home/user/.m2/repository/org/apache/ratis/ratis-grpc/0.4.0-2337318-SNAPSHOT/ratis-grpc-0.4.0-2337318-SNAPSHOT.jar:/home/user/.m2/repository/org/rocksdb/rocksdbjni/6.0.1/rocksdbjni-6.0.1.jar:/home/user/.m2/repository/org/apache/logging/log4j/log4j-api/2.11.0/log4j-api-2.11.0.jar:/home/user/.m2/repository/org/apache/logging/log4j/log4j-core/2.11.0/log4j-core-2.11.0.jar:/home/user/.m2/repository/com/lmax/disruptor/3.4.2/disruptor-3.4.2.jar:/home/user/.m2/repository/org/apache/commons/commons-pool2/2.6.0/commons-pool2-2.6.0.jar:/home/user/.m2/repository/org/bouncycastle/bcpkix-jdk15on/1.60/bcpkix-jdk15on-1.60.jar:/home/user/.m2/repository/commons-validator/commons-validator/1.6/commons-validator-1.6.jar:/home/user/.m2/repository/commons-digester/commons-digester/1.8.1/commons-digester-1.8.1.jar:/home/user/.m2/repository/io/jaegertracing/jaeger-client/0.33.1/jaeger-client-0.33.1.jar:/home/user/.m2/repository/io/jaegertracing/jaeger-thrift/0.33.1/jaeger-thrift-0.33.1.jar:/home/user/.m2/repository/org/apache/thrift/libthrift/0.11.0/libthrift-0.11.0.jar:/home/user/.m2/repository/com/squareup/okhttp3/okhttp/3.9.0/okhttp-3.9.0.jar:/home/user/.m2/repository/com/squareup/okio/okio/1.13.0/okio-1.13.0.jar:/home/user/.m2/repository/io/jaegertracing/jaeger-core/0.33.1/jaeger-core-0.33.1.jar:/home/user/.m2/repository/io/jaegertracing/jaeger-tracerresolver/0.33.1/jaeger-tracerresolver-0.33.1.jar:/home/user/.m2/repository/io/opentracing/contrib/opentracing-tracerresolver/0.1.5/opentracing-tracerresolver-0.1.5.jar:/home/user/.m2/repository/io/opentracing/opentracing-util/0.31.0/opentracing-util-0.31.0.jar:/home/user/.m2/repository/io/opentracing/opentracing-api/0.31.0/opentracing-api-0.31.0.jar:/home/user/.m2/repository/io/opentracing/opentracing-noop/0.31.0/opentracing-noop-0.31.0.jar:/home/user/.m2/repository/org/apache/hadoop/hadoop-hdds-server-framework/0.5.0-SNAPSHOT/hadoop-hdds-server-framework-0.5.0-SNAPSHOT.jar:/home/user/.m2/repository/org/apache/hadoop/hadoop-hdds-container-service/0.5.0-SNAPSHOT/hadoop-hdds-container-service-0.5.0-SNAPSHOT.jar:/home/user/.m2/repository/org/apache/hadoop/hadoop-hdds-client/0.5.0-SNAPSHOT/hadoop-hdds-client-0.5.0-SNAPSHOT.jar:/home/user/.m2/repository/org/apache/hadoop/hadoop-hdds-tools/0.5.0-SNAPSHOT/hadoop-hdds-tools-0.5.0-SNAPSHOT.jar:/home/user/.m2/repository/org/apache/hadoop/hadoop-hdds-server-scm/0.5.0-SNAPSHOT/hadoop-hdds-server-scm-0.5.0-SNAPSHOT.jar:/home/user/.m2/repository/org/apache/hadoop/hadoop-hdds-docs/0.5.0-SNAPSHOT/hadoop-hdds-docs-0.5.0-SNAPSHOT.jar:/home/user/.m2/repository/io/dropwizard/metrics/metrics-core/3.2.4/metrics-core-3.2.4.jar:/home/user/.m2/repository/org/hamcrest/hamcrest-all/1.3/hamcrest-all-1.3.jar:/home/user/.m2/repository/org/bouncycastle/bcprov-jdk15on/1.60/bcprov-jdk15on-1.60.jar:/home/user/.m2/repository/info/picocli/picocli/3.9.6/picocli-3.9.6.jar:/home/user/.m2/repository/com/google/protobuf/protobuf-java/2.5.0/protobuf-java-2.5.0.jar:/home/user/.m2/repository/com/google/guava/guava/11.0.2/guava-11.0.2.jar:/home/user/.m2/repository/org/apache/hadoop/hadoop-ozone-ozone-manager/0.5.0-SNAPSHOT/hadoop-ozone-ozone-manager-0.5.0-SNAPSHOT.jar:/home/user/.m2/repository/org/apache/hadoop/hadoop-minikdc/3.2.0/hadoop-minikdc-3.2.0.jar:/home/user/.m2/repository/commons-io/commons-io/2.5/commons-io-2.5.jar:/home/user/.m2/repository/org/apache/kerby/kerb-simplekdc/1.0.1/kerb-simplekdc-1.0.1.jar:/home/user/.m2/repository/org/apache/kerby/kerb-client/1.0.1/kerb-client-1.0.1.jar:/home/user/.m2/repository/org/apache/kerby/kerby-config/1.0.1/kerby-config-1.0.1.jar:/home/user/.m2/repository/org/apache/kerby/kerb-core/1.0.1/kerb-core-1.0.1.jar:/home/user/.m2/repository/org/apache/kerby/kerby-pkix/1.0.1/kerby-pkix-1.0.1.jar:/home/user/.m2/repository/org/apache/kerby/kerby-asn1/1.0.1/kerby-asn1-1.0.1.jar:/home/user/.m2/repository/org/apache/kerby/kerby-util/1.0.1/kerby-util-1.0.1.jar:/home/user/.m2/repository/org/apache/kerby/kerb-common/1.0.1/kerb-common-1.0.1.jar:/home/user/.m2/repository/org/apache/kerby/kerb-crypto/1.0.1/kerb-crypto-1.0.1.jar:/home/user/.m2/repository/org/apache/kerby/kerb-util/1.0.1/kerb-util-1.0.1.jar:/home/user/.m2/repository/org/apache/kerby/token-provider/1.0.1/token-provider-1.0.1.jar:/home/user/.m2/repository/org/apache/kerby/kerb-admin/1.0.1/kerb-admin-1.0.1.jar:/home/user/.m2/repository/org/apache/kerby/kerb-server/1.0.1/kerb-server-1.0.1.jar:/home/user/.m2/repository/org/apache/kerby/kerb-identity/1.0.1/kerb-identity-1.0.1.jar:/home/user/.m2/repository/org/apache/kerby/kerby-xdr/1.0.1/kerby-xdr-1.0.1.jar:/home/user/.m2/repository/org/slf4j/slf4j-log4j12/1.7.25/slf4j-log4j12-1.7.25.jar:/home/user/.m2/repository/org/apache/hadoop/hadoop-ozone-s3gateway/0.5.0-SNAPSHOT/hadoop-ozone-s3gateway-0.5.0-SNAPSHOT.jar:/home/user/.m2/repository/org/jboss/weld/servlet/weld-servlet/2.4.7.Final/weld-servlet-2.4.7.Final.jar:/home/user/.m2/repository/org/glassfish/jersey/containers/jersey-container-servlet-core/2.27/jersey-container-servlet-core-2.27.jar:/home/user/.m2/repository/org/glassfish/hk2/external/javax.inject/2.5.0-b42/javax.inject-2.5.0-b42.jar:/home/user/.m2/repository/org/glassfish/jersey/core/jersey-common/2.27/jersey-common-2.27.jar:/home/user/.m2/repository/org/glassfish/hk2/osgi-resource-locator/1.0.1/osgi-resource-locator-1.0.1.jar:/home/user/.m2/repository/javax/ws/rs/javax.ws.rs-api/2.1/javax.ws.rs-api-2.1.jar:/home/user/.m2/repository/org/glassfish/jersey/ext/cdi/jersey-cdi1x/2.27/jersey-cdi1x-2.27.jar:/home/user/.m2/repository/org/glassfish/jersey/inject/jersey-hk2/2.27/jersey-hk2-2.27.jar:/home/user/.m2/repository/org/glassfish/hk2/hk2-locator/2.5.0-b42/hk2-locator-2.5.0-b42.jar:/home/user/.m2/repository/org/javassist/javassist/3.22.0-CR2/javassist-3.22.0-CR2.jar:/home/user/.m2/repository/org/glassfish/hk2/hk2-api/2.5.0/hk2-api-2.5.0.jar:/home/user/.m2/repository/org/glassfish/hk2/external/jakarta.inject/2.5.0/jakarta.inject-2.5.0.jar:/home/user/.m2/repository/org/glassfish/hk2/hk2-utils/2.5.0/hk2-utils-2.5.0.jar:/home/user/.m2/repository/jakarta/annotation/jakarta.annotation-api/1.3.4/jakarta.annotation-api-1.3.4.jar:/home/user/.m2/repository/org/glassfish/hk2/external/aopalliance-repackaged/2.5.0/aopalliance-repackaged-2.5.0.jar:/home/user/.m2/repository/com/fasterxml/jackson/dataformat/jackson-dataformat-xml/2.9.0/jackson-dataformat-xml-2.9.0.jar:/home/user/.m2/repository/com/fasterxml/jackson/core/jackson-core/2.9.5/jackson-core-2.9.5.jar:/home/user/.m2/repository/com/fasterxml/jackson/module/jackson-module-jaxb-annotations/2.9.5/jackson-module-jaxb-annotations-2.9.5.jar:/home/user/.m2/repository/javax/enterprise/cdi-api/1.2/cdi-api-1.2.jar:/home/user/.m2/repository/javax/el/javax.el-api/3.0.0/javax.el-api-3.0.0.jar:/home/user/.m2/repository/javax/interceptor/javax.interceptor-api/1.2/javax.interceptor-api-1.2.jar:/home/user/.m2/repository/javax/inject/javax.inject/1/javax.inject-1.jar:/home/user/.m2/repository/com/sun/xml/bind/jaxb-impl/2.3.0.1/jaxb-impl-2.3.0.1.jar:/home/user/.m2/repository/com/sun/xml/bind/jaxb-core/2.3.0.1/jaxb-core-2.3.0.1.jar:/home/user/.m2/repository/javax/xml/bind/jaxb-api/2.3.0/jaxb-api-2.3.0.jar:/home/user/.m2/repository/javax/activation/activation/1.1.1/activation-1.1.1.jar:/home/user/.m2/repository/org/apache/hadoop/hadoop-ozone-csi/0.5.0-SNAPSHOT/hadoop-ozone-csi-0.5.0-SNAPSHOT.jar:/home/user/.m2/repository/com/google/protobuf/protobuf-java-util/3.5.1/protobuf-java-util-3.5.1.jar:/home/user/.m2/repository/org/apache/hadoop/hadoop-hdds-config/0.5.0-SNAPSHOT/hadoop-hdds-config-0.5.0-SNAPSHOT.jar:/home/user/.m2/repository/io/grpc/grpc-netty/1.17.1/grpc-netty-1.17.1.jar:/home/user/.m2/repository/io/grpc/grpc-core/1.17.1/grpc-core-1.17.1.jar:/home/user/.m2/repository/io/grpc/grpc-context/1.17.1/grpc-context-1.17.1.jar:/home/user/.m2/repository/com/google/errorprone/error_prone_annotations/2.2.0/error_prone_annotations-2.2.0.jar:/home/user/.m2/repository/org/codehaus/mojo/animal-sniffer-annotations/1.17/animal-sniffer-annotations-1.17.jar:/home/user/.m2/repository/io/opencensus/opencensus-api/0.17.0/opencensus-api-0.17.0.jar:/home/user/.m2/repository/io/opencensus/opencensus-contrib-grpc-metrics/0.17.0/opencensus-contrib-grpc-metrics-0.17.0.jar:/home/user/.m2/repository/io/netty/netty-codec-http2/4.1.30.Final/netty-codec-http2-4.1.30.Final.jar:/home/user/.m2/repository/io/netty/netty-codec-http/4.1.30.Final/netty-codec-http-4.1.30.Final.jar:/home/user/.m2/repository/io/netty/netty-codec/4.1.30.Final/netty-codec-4.1.30.Final.jar:/home/user/.m2/repository/io/netty/netty-handler/4.1.30.Final/netty-handler-4.1.30.Final.jar:/home/user/.m2/repository/io/netty/netty-handler-proxy/4.1.30.Final/netty-handler-proxy-4.1.30.Final.jar:/home/user/.m2/repository/io/netty/netty-codec-socks/4.1.30.Final/netty-codec-socks-4.1.30.Final.jar:/home/user/.m2/repository/io/netty/netty-transport-native-epoll/4.1.30.Final/netty-transport-native-epoll-4.1.30.Final.jar:/home/user/.m2/repository/io/netty/netty-common/4.1.30.Final/netty-common-4.1.30.Final.jar:/home/user/.m2/repository/io/netty/netty-buffer/4.1.30.Final/netty-buffer-4.1.30.Final.jar:/home/user/.m2/repository/io/netty/netty-transport/4.1.30.Final/netty-transport-4.1.30.Final.jar:/home/user/.m2/repository/io/netty/netty-resolver/4.1.30.Final/netty-resolver-4.1.30.Final.jar:/home/user/.m2/repository/io/netty/netty-transport-native-unix-common/4.1.30.Final/netty-transport-native-unix-common-4.1.30.Final.jar:/home/user/.m2/repository/io/grpc/grpc-protobuf/1.17.1/grpc-protobuf-1.17.1.jar:/home/user/.m2/repository/com/google/api/grpc/proto-google-common-protos/1.0.0/proto-google-common-protos-1.0.0.jar:/home/user/.m2/repository/io/grpc/grpc-protobuf-lite/1.17.1/grpc-protobuf-lite-1.17.1.jar:/home/user/.m2/repository/io/grpc/grpc-stub/1.17.1/grpc-stub-1.17.1.jar:/home/user/.m2/repository/org/apache/hadoop/hadoop-ozone-recon/0.5.0-SNAPSHOT/hadoop-ozone-recon-0.5.0-SNAPSHOT.jar:/home/user/.m2/repository/org/apache/hadoop/hadoop-ozone-reconcodegen/0.5.0-SNAPSHOT/hadoop-ozone-reconcodegen-0.5.0-SNAPSHOT.jar:/home/user/.m2/repository/com/google/inject/extensions/guice-multibindings/4.0/guice-multibindings-4.0.jar:/home/user/.m2/repository/com/google/inject/guice/4.0/guice-4.0.jar:/home/user/.m2/repository/aopalliance/aopalliance/1.0/aopalliance-1.0.jar:/home/user/.m2/repository/com/google/inject/extensions/guice-servlet/4.0/guice-servlet-4.0.jar:/home/user/.m2/repository/org/glassfish/jersey/containers/jersey-container-servlet/2.27/jersey-container-servlet-2.27.jar:/home/user/.m2/repository/org/glassfish/hk2/guice-bridge/2.5.0/guice-bridge-2.5.0.jar:/home/user/.m2/repository/org/glassfish/jersey/core/jersey-server/2.27/jersey-server-2.27.jar:/home/user/.m2/repository/org/glassfish/jersey/core/jersey-client/2.27/jersey-client-2.27.jar:/home/user/.m2/repository/org/glassfish/jersey/media/jersey-media-jaxb/2.27/jersey-media-jaxb-2.27.jar:/home/user/.m2/repository/javax/validation/validation-api/1.1.0.Final/validation-api-1.1.0.Final.jar:/home/user/.m2/repository/org/glassfish/jersey/media/jersey-media-json-jackson/2.27/jersey-media-json-jackson-2.27.jar:/home/user/.m2/repository/org/glassfish/jersey/ext/jersey-entity-filtering/2.27/jersey-entity-filtering-2.27.jar:/home/user/.m2/repository/com/google/inject/extensions/guice-assistedinject/4.0/guice-assistedinject-4.0.jar:/home/user/.m2/repository/org/jooq/jooq/3.11.10/jooq-3.11.10.jar:/home/user/.m2/repository/org/jooq/jooq-meta/3.11.10/jooq-meta-3.11.10.jar:/home/user/.m2/repository/org/jooq/jooq-codegen/3.11.10/jooq-codegen-3.11.10.jar:/home/user/.m2/repository/com/jolbox/bonecp/0.8.0.RELEASE/bonecp-0.8.0.RELEASE.jar:/home/user/.m2/repository/org/xerial/sqlite-jdbc/3.25.2/sqlite-jdbc-3.25.2.jar:/home/user/.m2/repository/org/springframework/spring-jdbc/5.1.3.RELEASE/spring-jdbc-5.1.3.RELEASE.jar:/home/user/.m2/repository/org/springframework/spring-beans/5.1.3.RELEASE/spring-beans-5.1.3.RELEASE.jar:/home/user/.m2/repository/org/springframework/spring-core/5.1.3.RELEASE/spring-core-5.1.3.RELEASE.jar:/home/user/.m2/repository/org/springframework/spring-jcl/5.1.3.RELEASE/spring-jcl-5.1.3.RELEASE.jar:/home/user/.m2/repository/org/springframework/spring-tx/5.1.3.RELEASE/spring-tx-5.1.3.RELEASE.jar:/home/user/.m2/repository/org/apache/hadoop/hadoop-ozone-client/0.5.0-SNAPSHOT/hadoop-ozone-client-0.5.0-SNAPSHOT.jar:/home/user/.m2/repository/commons-lang/commons-lang/2.6/commons-lang-2.6.jar:/home/user/.m2/repository/org/apache/hadoop/hadoop-ozone-ozone-manager/0.5.0-SNAPSHOT/hadoop-ozone-ozone-manager-0.5.0-SNAPSHOT-tests.jar:/home/user/.m2/repository/junit/junit/4.11/junit-4.11.jar:/home/user/.m2/repository/org/hamcrest/hamcrest-core/1.3/hamcrest-core-1.3.jar:/home/user/.m2/repository/org/openjdk/jmh/jmh-core/1.19/jmh-core-1.19.jar:/home/user/.m2/repository/net/sf/jopt-simple/jopt-simple/4.6/jopt-simple-4.6.jar:/home/user/.m2/repository/org/apache/commons/commons-math3/3.1.1/commons-math3-3.1.1.jar:/home/user/.m2/repository/org/openjdk/jmh/jmh-generator-annprocess/1.19/jmh-generator-annprocess-1.19.jar:/home/user/.m2/repository/org/mockito/mockito-all/1.8.5/mockito-all-1.8.5.jar:/home/user/.m2/repository/org/apache/hadoop/hadoop-kms/3.2.0/hadoop-kms-3.2.0.jar:/home/user/.m2/repository/org/apache/hadoop/hadoop-auth/3.2.0/hadoop-auth-3.2.0.jar:/home/user/.m2/repository/com/nimbusds/nimbus-jose-jwt/4.41.1/nimbus-jose-jwt-4.41.1.jar:/home/user/.m2/repository/com/github/stephenc/jcip/jcip-annotations/1.0-1/jcip-annotations-1.0-1.jar:/home/user/.m2/repository/net/minidev/json-smart/2.3/json-smart-2.3.jar:/home/user/.m2/repository/net/minidev/accessors-smart/1.2/accessors-smart-1.2.jar:/home/user/.m2/repository/org/ow2/asm/asm/5.0.4/asm-5.0.4.jar:/home/user/.m2/repository/org/apache/curator/curator-framework/2.12.0/curator-framework-2.12.0.jar:/home/user/.m2/repository/com/sun/jersey/jersey-core/1.19/jersey-core-1.19.jar:/home/user/.m2/repository/javax/ws/rs/jsr311-api/1.1.1/jsr311-api-1.1.1.jar:/home/user/.m2/repository/com/sun/jersey/jersey-server/1.19/jersey-server-1.19.jar:/home/user/.m2/repository/javax/servlet/javax.servlet-api/3.1.0/javax.servlet-api-3.1.0.jar:/home/user/.m2/repository/org/eclipse/jetty/jetty-server/9.3.24.v20180605/jetty-server-9.3.24.v20180605.jar:/home/user/.m2/repository/org/eclipse/jetty/jetty-http/9.3.24.v20180605/jetty-http-9.3.24.v20180605.jar:/home/user/.m2/repository/org/eclipse/jetty/jetty-io/9.3.24.v20180605/jetty-io-9.3.24.v20180605.jar:/home/user/.m2/repository/org/eclipse/jetty/jetty-webapp/9.3.24.v20180605/jetty-webapp-9.3.24.v20180605.jar:/home/user/.m2/repository/org/eclipse/jetty/jetty-xml/9.3.24.v20180605/jetty-xml-9.3.24.v20180605.jar:/home/user/.m2/repository/log4j/log4j/1.2.17/log4j-1.2.17.jar:/home/user/.m2/repository/org/slf4j/slf4j-api/1.7.25/slf4j-api-1.7.25.jar:/home/user/.m2/repository/org/slf4j/jul-to-slf4j/1.7.25/jul-to-slf4j-1.7.25.jar:/home/user/.m2/repository/org/eclipse/jetty/jetty-util/9.3.24.v20180605/jetty-util-9.3.24.v20180605.jar:/home/user/.m2/repository/com/fasterxml/jackson/core/jackson-databind/2.9.5/jackson-databind-2.9.5.jar:/home/user/.m2/repository/org/apache/hadoop/hadoop-kms/3.2.0/hadoop-kms-3.2.0-tests.jar:/home/user/.m2/repository/org/apache/hadoop/hadoop-hdds-server-scm/0.5.0-SNAPSHOT/hadoop-hdds-server-scm-0.5.0-SNAPSHOT-tests.jar:/home/user/.m2/repository/org/apache/hadoop/hadoop-hdds-container-service/0.5.0-SNAPSHOT/hadoop-hdds-container-service-0.5.0-SNAPSHOT-tests.jar:/home/user/.m2/repository/org/yaml/snakeyaml/1.16/snakeyaml-1.16.jar:/home/user/.m2/repository/org/apache/hadoop/hadoop-common/3.2.0/hadoop-common-3.2.0-tests.jar:/home/user/.m2/repository/org/apache/hadoop/hadoop-annotations/3.2.0/hadoop-annotations-3.2.0.jar:/usr/lib/jvm/java-1.8-openjdk/jre/../lib/tools.jar:/home/user/.m2/repository/commons-cli/commons-cli/1.2/commons-cli-1.2.jar:/home/user/.m2/repository/org/apache/httpcomponents/httpclient/4.5.2/httpclient-4.5.2.jar:/home/user/.m2/repository/org/apache/httpcomponents/httpcore/4.4.4/httpcore-4.4.4.jar:/home/user/.m2/repository/commons-codec/commons-codec/1.11/commons-codec-1.11.jar:/home/user/.m2/repository/commons-net/commons-net/3.6/commons-net-3.6.jar:/home/user/.m2/repository/commons-collections/commons-collections/3.2.2/commons-collections-3.2.2.jar:/home/user/.m2/repository/org/eclipse/jetty/jetty-servlet/9.3.24.v20180605/jetty-servlet-9.3.24.v20180605.jar:/home/user/.m2/repository/org/eclipse/jetty/jetty-security/9.3.24.v20180605/jetty-security-9.3.24.v20180605.jar:/home/user/.m2/repository/javax/servlet/jsp/jsp-api/2.1/jsp-api-2.1.jar:/home/user/.m2/repository/com/sun/jersey/jersey-servlet/1.19/jersey-servlet-1.19.jar:/home/user/.m2/repository/com/sun/jersey/jersey-json/1.19/jersey-json-1.19.jar:/home/user/.m2/repository/org/codehaus/jettison/jettison/1.1/jettison-1.1.jar:/home/user/.m2/repository/org/codehaus/jackson/jackson-core-asl/1.9.13/jackson-core-asl-1.9.13.jar:/home/user/.m2/repository/org/codehaus/jackson/jackson-mapper-asl/1.9.13/jackson-mapper-asl-1.9.13.jar:/home/user/.m2/repository/org/codehaus/jackson/jackson-jaxrs/1.9.13/jackson-jaxrs-1.9.13.jar:/home/user/.m2/repository/org/codehaus/jackson/jackson-xc/1.9.13/jackson-xc-1.9.13.jar:/home/user/.m2/repository/commons-logging/commons-logging/1.1.3/commons-logging-1.1.3.jar:/home/user/.m2/repository/commons-beanutils/commons-beanutils/1.9.3/commons-beanutils-1.9.3.jar:/home/user/.m2/repository/org/apache/commons/commons-configuration2/2.1.1/commons-configuration2-2.1.1.jar:/home/user/.m2/repository/org/apache/commons/commons-lang3/3.7/commons-lang3-3.7.jar:/home/user/.m2/repository/org/apache/commons/commons-text/1.4/commons-text-1.4.jar:/home/user/.m2/repository/org/apache/avro/avro/1.7.7/avro-1.7.7.jar:/home/user/.m2/repository/com/thoughtworks/paranamer/paranamer/2.3/paranamer-2.3.jar:/home/user/.m2/repository/org/xerial/snappy/snappy-java/1.0.5/snappy-java-1.0.5.jar:/home/user/.m2/repository/com/google/re2j/re2j/1.1/re2j-1.1.jar:/home/user/.m2/repository/com/google/code/gson/gson/2.2.4/gson-2.2.4.jar:/home/user/.m2/repository/com/jcraft/jsch/0.1.54/jsch-0.1.54.jar:/home/user/.m2/repository/org/apache/curator/curator-client/2.12.0/curator-client-2.12.0.jar:/home/user/.m2/repository/org/apache/curator/curator-recipes/2.12.0/curator-recipes-2.12.0.jar:/home/user/.m2/repository/com/google/code/findbugs/jsr305/3.0.0/jsr305-3.0.0.jar:/home/user/.m2/repository/org/apache/htrace/htrace-core4/4.1.0-incubating/htrace-core4-4.1.0-incubating.jar:/home/user/.m2/repository/org/apache/zookeeper/zookeeper/3.4.13/zookeeper-3.4.13.jar:/home/user/.m2/repository/org/apache/yetus/audience-annotations/0.5.0/audience-annotations-0.5.0.jar:/home/user/.m2/repository/org/codehaus/woodstox/stax2-api/3.1.4/stax2-api-3.1.4.jar:/home/user/.m2/repository/com/fasterxml/woodstox/woodstox-core/5.0.3/woodstox-core-5.0.3.jar:/home/user/.m2/repository/dnsjava/dnsjava/2.1.7/dnsjava-2.1.7.jar:/home/user/.m2/repository/org/apache/hadoop/hadoop-hdfs/3.2.0/hadoop-hdfs-3.2.0-tests.jar:/home/user/.m2/repository/org/eclipse/jetty/jetty-util-ajax/9.3.24.v20180605/jetty-util-ajax-9.3.24.v20180605.jar:/home/user/.m2/repository/commons-daemon/commons-daemon/1.0.13/commons-daemon-1.0.13.jar:/home/user/.m2/repository/io/netty/netty/3.10.5.Final/netty-3.10.5.Final.jar:/home/user/.m2/repository/io/netty/netty-all/4.0.52.Final/netty-all-4.0.52.Final.jar:/home/user/.m2/repository/org/fusesource/leveldbjni/leveldbjni-all/1.8/leveldbjni-all-1.8.jar:"/>
    <property name="sun.cpu.endian" value="little"/>
    <property name="user.home" value="/home/user"/>
    <property name="user.language" value="en"/>
    <property name="java.specification.vendor" value="Oracle Corporation"/>
    <property name="java.home" value="/usr/lib/jvm/java-1.8-openjdk/jre"/>
    <property name="java.security.krb5.conf" value="/workdir/hadoop-ozone/integration-test/target/test-classes/krb5.conf"/>
    <property name="basedir" value="/workdir/hadoop-ozone/integration-test"/>
    <property name="file.separator" value="/"/>
    <property name="line.separator" value="&#10;"/>
    <property name="java.vm.specification.vendor" value="Oracle Corporation"/>
    <property name="java.specification.name" value="Java Platform API Specification"/>
    <property name="java.awt.graphicsenv" value="sun.awt.X11GraphicsEnvironment"/>
    <property name="surefire.real.class.path" value="/workdir/hadoop-ozone/integration-test/target/surefire/surefirebooter9168878673617328632.jar"/>
    <property name="hadoop.log.dir" value="/workdir/hadoop-ozone/integration-test/target/log"/>
    <property name="sun.boot.class.path" value="/usr/lib/jvm/java-1.8-openjdk/jre/lib/resources.jar:/usr/lib/jvm/java-1.8-openjdk/jre/lib/rt.jar:/usr/lib/jvm/java-1.8-openjdk/jre/lib/sunrsasign.jar:/usr/lib/jvm/java-1.8-openjdk/jre/lib/jsse.jar:/usr/lib/jvm/java-1.8-openjdk/jre/lib/jce.jar:/usr/lib/jvm/java-1.8-openjdk/jre/lib/charsets.jar:/usr/lib/jvm/java-1.8-openjdk/jre/lib/jfr.jar:/usr/lib/jvm/java-1.8-openjdk/jre/classes"/>
    <property name="sun.management.compiler" value="HotSpot 64-Bit Tiered Compilers"/>
    <property name="java.runtime.version" value="1.8.0_212-b04"/>
    <property name="java.net.preferIPv4Stack" value="true"/>
    <property name="user.name" value="jenkins1000"/>
    <property name="path.separator" value=":"/>
    <property name="java.security.egd" value="file:///dev/urandom"/>
    <property name="os.version" value="3.10.0-957.12.2.el7.x86_64"/>
    <property name="java.endorsed.dirs" value="/usr/lib/jvm/java-1.8-openjdk/jre/lib/endorsed"/>
    <property name="java.runtime.name" value="OpenJDK Runtime Environment"/>
    <property name="file.encoding" value="UTF-8"/>
    <property name="java.vm.name" value="OpenJDK 64-Bit Server VM"/>
    <property name="test.build.webapps" value=""/>
    <property name="localRepository" value="/home/user/.m2/repository"/>
    <property name="java.vendor.url.bug" value="https://icedtea.classpath.org/bugzilla"/>
    <property name="java.io.tmpdir" value="/tmp"/>
    <property name="require.test.libhadoop" value=""/>
    <property name="java.version" value="1.8.0_212"/>
    <property name="user.dir" value="/workdir/hadoop-ozone/integration-test"/>
    <property name="os.arch" value="amd64"/>
    <property name="java.vm.specification.name" value="Java Virtual Machine Specification"/>
    <property name="test.build.classes" value="/workdir/hadoop-ozone/integration-test/target/test-classes"/>
    <property name="java.awt.printerjob" value="sun.print.PSPrinterJob"/>
    <property name="sun.os.patch.level" value="unknown"/>
    <property name="hadoop.tmp.dir" value="/workdir/hadoop-ozone/integration-test/target/tmp"/>
    <property name="java.library.path" value="/usr/lib/jvm/java-1.8-openjdk/jre/lib/amd64/server:/usr/lib/jvm/java-1.8-openjdk/jre/lib/amd64:/usr/lib/jvm/java-1.8-openjdk/jre/../lib/amd64:/workdir/hadoop-ozone/integration-test/target/native/target/usr/local/lib:/workdir/hadoop-ozone/integration-test/../../hadoop-common-project/hadoop-common/target/native/target/usr/local/lib:/usr/java/packages/lib/amd64:/usr/lib64:/lib64:/lib:/usr/lib"/>
    <property name="java.vm.info" value="mixed mode"/>
    <property name="java.vendor" value="IcedTea"/>
    <property name="java.vm.version" value="25.212-b04"/>
    <property name="java.ext.dirs" value="/usr/lib/jvm/java-1.8-openjdk/jre/lib/ext:/usr/java/packages/lib/ext"/>
    <property name="sun.io.unicode.encoding" value="UnicodeLittle"/>
    <property name="java.class.version" value="52.0"/>
  </properties>
  <testcase name="test2DatanodesFailure" classname="org.apache.hadoop.ozone.client.rpc.TestBlockOutputStreamWithFailures" time="111.582"/>
  <testcase name="testDatanodeFailureWithPreAllocation" classname="org.apache.hadoop.ozone.client.rpc.TestBlockOutputStreamWithFailures" time="236.838"/>
  <testcase name="testDatanodeFailureWithSingleNodeRatis" classname="org.apache.hadoop.ozone.client.rpc.TestBlockOutputStreamWithFailures" time="231.962"/>
  <testcase name="testWatchForCommitWithSingleNodeRatis" classname="org.apache.hadoop.ozone.client.rpc.TestBlockOutputStreamWithFailures" time="36.694"/>
  <testcase name="testWatchForCommitDatanodeFailure" classname="org.apache.hadoop.ozone.client.rpc.TestBlockOutputStreamWithFailures" time="54.818">
    <failure message="expected:&lt;2&gt; but was:&lt;3&gt;" type="java.lang.AssertionError"><![CDATA[java.lang.AssertionError: expected:<2> but was:<3>
	at org.junit.Assert.fail(Assert.java:88)
	at org.junit.Assert.failNotEquals(Assert.java:743)
	at org.junit.Assert.assertEquals(Assert.java:118)
	at org.junit.Assert.assertEquals(Assert.java:555)
	at org.junit.Assert.assertEquals(Assert.java:542)
	at org.apache.hadoop.ozone.client.rpc.TestBlockOutputStreamWithFailures.testWatchForCommitDatanodeFailure(TestBlockOutputStreamWithFailures.java:366)
	at sun.reflect.NativeMethodAccessorImpl.invoke0(Native Method)
	at sun.reflect.NativeMethodAccessorImpl.invoke(NativeMethodAccessorImpl.java:62)
	at sun.reflect.DelegatingMethodAccessorImpl.invoke(DelegatingMethodAccessorImpl.java:43)
	at java.lang.reflect.Method.invoke(Method.java:498)
	at org.junit.runners.model.FrameworkMethod$1.runReflectiveCall(FrameworkMethod.java:47)
	at org.junit.internal.runners.model.ReflectiveCallable.run(ReflectiveCallable.java:12)
	at org.junit.runners.model.FrameworkMethod.invokeExplosively(FrameworkMethod.java:44)
	at org.junit.internal.runners.statements.InvokeMethod.evaluate(InvokeMethod.java:17)
	at org.junit.internal.runners.statements.RunBefores.evaluate(RunBefores.java:26)
	at org.junit.internal.runners.statements.RunAfters.evaluate(RunAfters.java:27)
	at org.junit.runners.ParentRunner.runLeaf(ParentRunner.java:271)
	at org.junit.runners.BlockJUnit4ClassRunner.runChild(BlockJUnit4ClassRunner.java:70)
	at org.junit.runners.BlockJUnit4ClassRunner.runChild(BlockJUnit4ClassRunner.java:50)
	at org.junit.runners.ParentRunner$3.run(ParentRunner.java:238)
	at org.junit.runners.ParentRunner$1.schedule(ParentRunner.java:63)
	at org.junit.runners.ParentRunner.runChildren(ParentRunner.java:236)
	at org.junit.runners.ParentRunner.access$000(ParentRunner.java:53)
	at org.junit.runners.ParentRunner$2.evaluate(ParentRunner.java:229)
	at org.junit.runners.ParentRunner.run(ParentRunner.java:309)
	at org.apache.maven.surefire.junit4.JUnit4Provider.execute(JUnit4Provider.java:365)
	at org.apache.maven.surefire.junit4.JUnit4Provider.executeWithRerun(JUnit4Provider.java:273)
	at org.apache.maven.surefire.junit4.JUnit4Provider.executeTestSet(JUnit4Provider.java:238)
	at org.apache.maven.surefire.junit4.JUnit4Provider.invoke(JUnit4Provider.java:159)
	at org.apache.maven.surefire.booter.ForkedBooter.invokeProviderInSameClassLoader(ForkedBooter.java:384)
	at org.apache.maven.surefire.booter.ForkedBooter.runSuitesInProcess(ForkedBooter.java:345)
	at org.apache.maven.surefire.booter.ForkedBooter.execute(ForkedBooter.java:126)
	at org.apache.maven.surefire.booter.ForkedBooter.main(ForkedBooter.java:418)
]]></failure>
    <system-out><![CDATA[2019-09-10 21:42:28,852 [main] WARN  server.ServerUtils (ServerUtils.java:getScmDbDir(145)) - ozone.scm.db.dirs is not configured. We recommend adding this setting. Falling back to ozone.metadata.dirs instead.
2019-09-10 21:42:28,881 [main] WARN  server.ServerUtils (ServerUtils.java:getScmDbDir(145)) - ozone.scm.db.dirs is not configured. We recommend adding this setting. Falling back to ozone.metadata.dirs instead.
2019-09-10 21:42:28,881 [main] WARN  server.ServerUtils (ServerUtils.java:getScmDbDir(145)) - ozone.scm.db.dirs is not configured. We recommend adding this setting. Falling back to ozone.metadata.dirs instead.
2019-09-10 21:42:28,881 [main] INFO  db.DBStoreBuilder (DBStoreBuilder.java:addTable(110)) - using custom profile for table: deletedBlocks
2019-09-10 21:42:28,882 [main] INFO  db.DBStoreBuilder (DBStoreBuilder.java:processTables(161)) - Using default column profile:DBProfile.DISK for Table:deletedBlocks
2019-09-10 21:42:28,882 [main] INFO  db.DBStoreBuilder (DBStoreBuilder.java:addTable(110)) - using custom profile for table: validCerts
2019-09-10 21:42:28,882 [main] INFO  db.DBStoreBuilder (DBStoreBuilder.java:processTables(161)) - Using default column profile:DBProfile.DISK for Table:validCerts
2019-09-10 21:42:28,882 [main] INFO  db.DBStoreBuilder (DBStoreBuilder.java:addTable(110)) - using custom profile for table: revokedCerts
2019-09-10 21:42:28,882 [main] INFO  db.DBStoreBuilder (DBStoreBuilder.java:processTables(161)) - Using default column profile:DBProfile.DISK for Table:revokedCerts
2019-09-10 21:42:28,883 [main] INFO  db.DBStoreBuilder (DBStoreBuilder.java:addTable(110)) - using custom profile for table: default
2019-09-10 21:42:28,883 [main] INFO  db.DBStoreBuilder (DBStoreBuilder.java:processTables(167)) - Using default column profile:DBProfile.DISK for Table:default
2019-09-10 21:42:28,883 [main] INFO  db.DBStoreBuilder (DBStoreBuilder.java:getDbProfile(198)) - Using default options. DBProfile.DISK
2019-09-10 21:42:29,036 [main] INFO  net.NodeSchemaLoader (NodeSchemaLoader.java:loadSchemaFromFile(125)) - Loading file from sun.misc.CompoundEnumeration@4b9dbf07
2019-09-10 21:42:29,037 [main] INFO  net.NodeSchemaLoader (NodeSchemaLoader.java:loadSchema(171)) - Loading network topology layer schema file
2019-09-10 21:42:29,042 [main] INFO  node.SCMNodeManager (SCMNodeManager.java:<init>(114)) - Entering startup safe mode.
2019-09-10 21:42:29,043 [main] INFO  algorithms.ContainerPlacementPolicyFactory (ContainerPlacementPolicyFactory.java:getPolicy(55)) - Create container placement policy of type org.apache.hadoop.hdds.scm.container.placement.algorithms.SCMContainerPlacementRandom
2019-09-10 21:42:29,043 [main] WARN  server.ServerUtils (ServerUtils.java:getScmDbDir(145)) - ozone.scm.db.dirs is not configured. We recommend adding this setting. Falling back to ozone.metadata.dirs instead.
2019-09-10 21:42:29,094 [main] INFO  pipeline.SCMPipelineManager (SCMPipelineManager.java:initializePipelineState(128)) - No pipeline exists in current db
2019-09-10 21:42:29,094 [main] WARN  server.ServerUtils (ServerUtils.java:getScmDbDir(145)) - ozone.scm.db.dirs is not configured. We recommend adding this setting. Falling back to ozone.metadata.dirs instead.
2019-09-10 21:42:29,150 [main] WARN  events.EventQueue (EventQueue.java:fireEvent(183)) - No event handler registered for event TypedEvent{payloadType=SafeModeStatus, name='SafeModeStatus'}
2019-09-10 21:42:29,151 [main] INFO  ipc.CallQueueManager (CallQueueManager.java:<init>(84)) - Using callQueue: class java.util.concurrent.LinkedBlockingQueue, queueCapacity: 2000, scheduler: class org.apache.hadoop.ipc.DefaultRpcScheduler, ipcBackoff: false.
2019-09-10 21:42:29,153 [Socket Reader #1 for port 44261] INFO  ipc.Server (Server.java:run(1074)) - Starting Socket Reader #1 for port 44261
2019-09-10 21:42:29,154 [main] INFO  ipc.CallQueueManager (CallQueueManager.java:<init>(84)) - Using callQueue: class java.util.concurrent.LinkedBlockingQueue, queueCapacity: 2000, scheduler: class org.apache.hadoop.ipc.DefaultRpcScheduler, ipcBackoff: false.
2019-09-10 21:42:29,155 [Socket Reader #1 for port 40410] INFO  ipc.Server (Server.java:run(1074)) - Starting Socket Reader #1 for port 40410
2019-09-10 21:42:29,156 [main] INFO  ipc.CallQueueManager (CallQueueManager.java:<init>(84)) - Using callQueue: class java.util.concurrent.LinkedBlockingQueue, queueCapacity: 2000, scheduler: class org.apache.hadoop.ipc.DefaultRpcScheduler, ipcBackoff: false.
2019-09-10 21:42:29,157 [Socket Reader #1 for port 38694] INFO  ipc.Server (Server.java:run(1074)) - Starting Socket Reader #1 for port 38694
2019-09-10 21:42:29,162 [main] INFO  hdfs.DFSUtil (DFSUtil.java:httpServerTemplateForNNAndJN(1641)) - Starting Web-server for scm at: http://0.0.0.0:0
2019-09-10 21:42:29,164 [main] INFO  server.AuthenticationFilter (AuthenticationFilter.java:constructSecretProvider(240)) - Unable to initialize FileSignerSecretProvider, falling back to use random secrets.
2019-09-10 21:42:29,164 [main] WARN  http.HttpRequestLog (HttpRequestLog.java:getRequestLog(97)) - Jetty request log can only be enabled using Log4j
2019-09-10 21:42:29,166 [main] INFO  http.HttpServer2 (HttpServer2.java:addGlobalFilter(975)) - Added global filter 'safety' (class=org.apache.hadoop.http.HttpServer2$QuotingInputFilter)
2019-09-10 21:42:29,167 [main] INFO  http.HttpServer2 (HttpServer2.java:addFilter(948)) - Added filter static_user_filter (class=org.apache.hadoop.http.lib.StaticUserWebFilter$StaticUserFilter) to context scm
2019-09-10 21:42:29,167 [main] INFO  http.HttpServer2 (HttpServer2.java:addFilter(958)) - Added filter static_user_filter (class=org.apache.hadoop.http.lib.StaticUserWebFilter$StaticUserFilter) to context static
2019-09-10 21:42:29,167 [main] INFO  http.HttpServer2 (HttpServer2.java:addFilter(958)) - Added filter static_user_filter (class=org.apache.hadoop.http.lib.StaticUserWebFilter$StaticUserFilter) to context logs
2019-09-10 21:42:29,169 [main] INFO  server.StorageContainerManager (StorageContainerManager.java:start(759)) - StorageContainerLocationProtocol RPC server is listening at /0.0.0.0:38694
2019-09-10 21:42:29,172 [main] WARN  impl.MetricsConfig (MetricsConfig.java:loadFirst(134)) - Cannot locate configuration: tried hadoop-metrics2-storagecontainermanager.properties,hadoop-metrics2.properties
2019-09-10 21:42:29,173 [main] INFO  impl.MetricsSystemImpl (MetricsSystemImpl.java:startTimer(374)) - Scheduled Metric snapshot period at 10 second(s).
2019-09-10 21:42:29,173 [main] INFO  impl.MetricsSystemImpl (MetricsSystemImpl.java:start(191)) - StorageContainerManager metrics system started
2019-09-10 21:42:29,199 [main] WARN  impl.MetricsSystemImpl (MetricsSystemImpl.java:register(276)) - Sink prometheus already exists!
2019-09-10 21:42:29,250 [main] INFO  server.SCMClientProtocolServer (SCMClientProtocolServer.java:start(151)) - RPC server for Client  is listening at /0.0.0.0:38694
2019-09-10 21:42:29,250 [IPC Server Responder] INFO  ipc.Server (Server.java:run(1314)) - IPC Server Responder: starting
2019-09-10 21:42:29,250 [IPC Server listener on 38694] INFO  ipc.Server (Server.java:run(1153)) - IPC Server listener on 38694: starting
2019-09-10 21:42:29,254 [main] INFO  server.StorageContainerManager (StorageContainerManager.java:start(769)) - ScmBlockLocationProtocol RPC server is listening at /0.0.0.0:40410
2019-09-10 21:42:29,254 [main] INFO  server.SCMBlockProtocolServer (SCMBlockProtocolServer.java:start(146)) - RPC server for Block Protocol is listening at /0.0.0.0:40410
2019-09-10 21:42:29,254 [IPC Server listener on 40410] INFO  ipc.Server (Server.java:run(1153)) - IPC Server listener on 40410: starting
2019-09-10 21:42:29,254 [IPC Server Responder] INFO  ipc.Server (Server.java:run(1314)) - IPC Server Responder: starting
2019-09-10 21:42:29,258 [main] INFO  server.StorageContainerManager (StorageContainerManager.java:start(773)) - ScmDatanodeProtocl RPC server is listening at /0.0.0.0:44261
2019-09-10 21:42:29,258 [main] INFO  server.SCMDatanodeProtocolServer (SCMDatanodeProtocolServer.java:start(191)) - RPC server for DataNodes is listening at /0.0.0.0:44261
2019-09-10 21:42:29,258 [IPC Server Responder] INFO  ipc.Server (Server.java:run(1314)) - IPC Server Responder: starting
2019-09-10 21:42:29,258 [IPC Server listener on 44261] INFO  ipc.Server (Server.java:run(1153)) - IPC Server listener on 44261: starting
2019-09-10 21:42:29,262 [main] INFO  http.HttpServer2 (HttpServer2.java:bindListener(1191)) - Jetty bound to port 45316
2019-09-10 21:42:29,262 [main] INFO  server.Server (Server.java:doStart(351)) - jetty-9.3.24.v20180605, build timestamp: 2018-06-05T17:11:56Z, git hash: 84205aa28f11a4f31f2a3b86d1bba2cc8ab69827
2019-09-10 21:42:29,264 [main] INFO  handler.ContextHandler (ContextHandler.java:doStart(781)) - Started o.e.j.s.ServletContextHandler@6af65f29{/logs,file:///workdir/hadoop-ozone/integration-test/target/log,AVAILABLE}
2019-09-10 21:42:29,264 [main] INFO  handler.ContextHandler (ContextHandler.java:doStart(781)) - Started o.e.j.s.ServletContextHandler@3c81cd82{/static,file:///workdir/hadoop-ozone/integration-test/target/test-classes/webapps/static,AVAILABLE}
2019-09-10 21:42:30,945 [main] INFO  handler.ContextHandler (ContextHandler.java:doStart(781)) - Started o.e.j.w.WebAppContext@48bc2fce{/,file:///workdir/hadoop-ozone/integration-test/target/test-classes/webapps/scm/,AVAILABLE}{/scm}
2019-09-10 21:42:30,946 [main] INFO  server.AbstractConnector (AbstractConnector.java:doStart(278)) - Started ServerConnector@1eca3ea7{HTTP/1.1,[http/1.1]}{0.0.0.0:45316}
2019-09-10 21:42:30,947 [main] INFO  server.Server (Server.java:doStart(419)) - Started @619792ms
2019-09-10 21:42:30,948 [main] WARN  impl.MetricsSystemImpl (MetricsSystemImpl.java:register(276)) - Sink prometheus already exists!
2019-09-10 21:42:30,949 [main] INFO  server.BaseHttpServer (BaseHttpServer.java:updateConnectorAddress(215)) - HTTP server of SCM is listening at http://0.0.0.0:45316
2019-09-10 21:42:30,950 [main] WARN  server.ServerUtils (ServerUtils.java:getDBPath(222)) - ozone.om.db.dirs is not configured. We recommend adding this setting. Falling back to ozone.metadata.dirs instead.
2019-09-10 21:42:30,951 [org.apache.hadoop.util.JvmPauseMonitor$Monitor@73a6cc79] INFO  util.JvmPauseMonitor (JvmPauseMonitor.java:run(188)) - Starting JVM pause monitor
2019-09-10 21:42:30,965 [main] WARN  server.ServerUtils (ServerUtils.java:getDBPath(222)) - ozone.om.db.dirs is not configured. We recommend adding this setting. Falling back to ozone.metadata.dirs instead.
2019-09-10 21:42:30,966 [main] WARN  server.ServerUtils (ServerUtils.java:getDBPath(222)) - ozone.om.db.dirs is not configured. We recommend adding this setting. Falling back to ozone.metadata.dirs instead.
2019-09-10 21:42:30,966 [main] INFO  om.OzoneManager (OzoneManager.java:setOMNodeDetails(649)) - OM Service ID is not set. Setting it to the default ID: omServiceIdDefault
2019-09-10 21:42:30,966 [main] INFO  om.OzoneManager (OzoneManager.java:setOMNodeDetails(655)) - OM Node ID is not set. Setting it to the OmStorage's OmID: f789fc02-1c0e-42e7-b244-c33f4083b43d
2019-09-10 21:42:30,967 [main] INFO  om.OzoneManager (OzoneManager.java:loadOMHAConfigs(606)) - Found matching OM address with OMServiceId: null, OMNodeId: null, RPC Address: localhost:0 and Ratis port: 9872
2019-09-10 21:42:30,975 [main] WARN  server.ServerUtils (ServerUtils.java:getDBPath(222)) - ozone.om.db.dirs is not configured. We recommend adding this setting. Falling back to ozone.metadata.dirs instead.
2019-09-10 21:42:30,975 [main] INFO  db.DBStoreBuilder (DBStoreBuilder.java:addTable(110)) - using custom profile for table: userTable
2019-09-10 21:42:30,975 [main] INFO  db.DBStoreBuilder (DBStoreBuilder.java:processTables(161)) - Using default column profile:DBProfile.DISK for Table:userTable
2019-09-10 21:42:30,976 [main] INFO  db.DBStoreBuilder (DBStoreBuilder.java:addTable(110)) - using custom profile for table: volumeTable
2019-09-10 21:42:30,976 [main] INFO  db.DBStoreBuilder (DBStoreBuilder.java:processTables(161)) - Using default column profile:DBProfile.DISK for Table:volumeTable
2019-09-10 21:42:30,976 [main] INFO  db.DBStoreBuilder (DBStoreBuilder.java:addTable(110)) - using custom profile for table: bucketTable
2019-09-10 21:42:30,977 [main] INFO  db.DBStoreBuilder (DBStoreBuilder.java:processTables(161)) - Using default column profile:DBProfile.DISK for Table:bucketTable
2019-09-10 21:42:30,977 [main] INFO  db.DBStoreBuilder (DBStoreBuilder.java:addTable(110)) - using custom profile for table: keyTable
2019-09-10 21:42:30,977 [main] INFO  db.DBStoreBuilder (DBStoreBuilder.java:processTables(161)) - Using default column profile:DBProfile.DISK for Table:keyTable
2019-09-10 21:42:30,977 [main] INFO  db.DBStoreBuilder (DBStoreBuilder.java:addTable(110)) - using custom profile for table: deletedTable
2019-09-10 21:42:30,978 [main] INFO  db.DBStoreBuilder (DBStoreBuilder.java:processTables(161)) - Using default column profile:DBProfile.DISK for Table:deletedTable
2019-09-10 21:42:30,978 [main] INFO  db.DBStoreBuilder (DBStoreBuilder.java:addTable(110)) - using custom profile for table: openKeyTable
2019-09-10 21:42:30,978 [main] INFO  db.DBStoreBuilder (DBStoreBuilder.java:processTables(161)) - Using default column profile:DBProfile.DISK for Table:openKeyTable
2019-09-10 21:42:30,979 [main] INFO  db.DBStoreBuilder (DBStoreBuilder.java:addTable(110)) - using custom profile for table: s3Table
2019-09-10 21:42:30,979 [main] INFO  db.DBStoreBuilder (DBStoreBuilder.java:processTables(161)) - Using default column profile:DBProfile.DISK for Table:s3Table
2019-09-10 21:42:30,979 [main] INFO  db.DBStoreBuilder (DBStoreBuilder.java:addTable(110)) - using custom profile for table: multipartInfoTable
2019-09-10 21:42:30,979 [main] INFO  db.DBStoreBuilder (DBStoreBuilder.java:processTables(161)) - Using default column profile:DBProfile.DISK for Table:multipartInfoTable
2019-09-10 21:42:30,980 [main] INFO  db.DBStoreBuilder (DBStoreBuilder.java:addTable(110)) - using custom profile for table: dTokenTable
2019-09-10 21:42:30,980 [main] INFO  db.DBStoreBuilder (DBStoreBuilder.java:processTables(161)) - Using default column profile:DBProfile.DISK for Table:dTokenTable
2019-09-10 21:42:30,980 [main] INFO  db.DBStoreBuilder (DBStoreBuilder.java:addTable(110)) - using custom profile for table: s3SecretTable
2019-09-10 21:42:30,980 [main] INFO  db.DBStoreBuilder (DBStoreBuilder.java:processTables(161)) - Using default column profile:DBProfile.DISK for Table:s3SecretTable
2019-09-10 21:42:30,981 [main] INFO  db.DBStoreBuilder (DBStoreBuilder.java:addTable(110)) - using custom profile for table: prefixTable
2019-09-10 21:42:30,981 [main] INFO  db.DBStoreBuilder (DBStoreBuilder.java:processTables(161)) - Using default column profile:DBProfile.DISK for Table:prefixTable
2019-09-10 21:42:30,982 [main] INFO  db.DBStoreBuilder (DBStoreBuilder.java:addTable(110)) - using custom profile for table: default
2019-09-10 21:42:30,982 [main] INFO  db.DBStoreBuilder (DBStoreBuilder.java:processTables(167)) - Using default column profile:DBProfile.DISK for Table:default
2019-09-10 21:42:30,982 [main] INFO  db.DBStoreBuilder (DBStoreBuilder.java:getDbProfile(198)) - Using default options. DBProfile.DISK
2019-09-10 21:42:31,488 [main] INFO  ipc.CallQueueManager (CallQueueManager.java:<init>(84)) - Using callQueue: class java.util.concurrent.LinkedBlockingQueue, queueCapacity: 2000, scheduler: class org.apache.hadoop.ipc.DefaultRpcScheduler, ipcBackoff: false.
2019-09-10 21:42:31,489 [Socket Reader #1 for port 38651] INFO  ipc.Server (Server.java:run(1074)) - Starting Socket Reader #1 for port 38651
2019-09-10 21:42:31,506 [main] INFO  om.OzoneManager (OzoneManager.java:start(1240)) - OzoneManager RPC server is listening at localhost/127.0.0.1:38651
2019-09-10 21:42:31,506 [main] INFO  impl.MetricsSystemImpl (MetricsSystemImpl.java:init(158)) - OzoneManager metrics system started (again)
2019-09-10 21:42:31,507 [IPC Server Responder] INFO  ipc.Server (Server.java:run(1314)) - IPC Server Responder: starting
2019-09-10 21:42:31,507 [IPC Server listener on 38651] INFO  ipc.Server (Server.java:run(1153)) - IPC Server listener on 38651: starting
2019-09-10 21:42:31,513 [main] INFO  hdfs.DFSUtil (DFSUtil.java:httpServerTemplateForNNAndJN(1641)) - Starting Web-server for ozoneManager at: http://0.0.0.0:0
2019-09-10 21:42:31,515 [main] INFO  server.AuthenticationFilter (AuthenticationFilter.java:constructSecretProvider(240)) - Unable to initialize FileSignerSecretProvider, falling back to use random secrets.
2019-09-10 21:42:31,516 [main] WARN  http.HttpRequestLog (HttpRequestLog.java:getRequestLog(97)) - Jetty request log can only be enabled using Log4j
2019-09-10 21:42:31,518 [main] INFO  http.HttpServer2 (HttpServer2.java:addGlobalFilter(975)) - Added global filter 'safety' (class=org.apache.hadoop.http.HttpServer2$QuotingInputFilter)
2019-09-10 21:42:31,519 [main] INFO  http.HttpServer2 (HttpServer2.java:addFilter(948)) - Added filter static_user_filter (class=org.apache.hadoop.http.lib.StaticUserWebFilter$StaticUserFilter) to context ozoneManager
2019-09-10 21:42:31,519 [main] INFO  http.HttpServer2 (HttpServer2.java:addFilter(958)) - Added filter static_user_filter (class=org.apache.hadoop.http.lib.StaticUserWebFilter$StaticUserFilter) to context static
2019-09-10 21:42:31,519 [main] INFO  http.HttpServer2 (HttpServer2.java:addFilter(958)) - Added filter static_user_filter (class=org.apache.hadoop.http.lib.StaticUserWebFilter$StaticUserFilter) to context logs
2019-09-10 21:42:31,520 [main] INFO  http.HttpServer2 (HttpServer2.java:bindListener(1191)) - Jetty bound to port 33594
2019-09-10 21:42:31,521 [main] INFO  server.Server (Server.java:doStart(351)) - jetty-9.3.24.v20180605, build timestamp: 2018-06-05T17:11:56Z, git hash: 84205aa28f11a4f31f2a3b86d1bba2cc8ab69827
2019-09-10 21:42:31,522 [main] INFO  handler.ContextHandler (ContextHandler.java:doStart(781)) - Started o.e.j.s.ServletContextHandler@38732364{/logs,file:///workdir/hadoop-ozone/integration-test/target/log,AVAILABLE}
2019-09-10 21:42:31,523 [main] INFO  handler.ContextHandler (ContextHandler.java:doStart(781)) - Started o.e.j.s.ServletContextHandler@48cd319d{/static,file:///workdir/hadoop-ozone/integration-test/target/test-classes/webapps/static,AVAILABLE}
2019-09-10 21:42:31,528 [main] INFO  handler.ContextHandler (ContextHandler.java:doStart(781)) - Started o.e.j.w.WebAppContext@6b2fdffc{/,file:///workdir/hadoop-ozone/integration-test/target/test-classes/webapps/ozoneManager/,AVAILABLE}{/ozoneManager}
2019-09-10 21:42:31,528 [main] INFO  server.AbstractConnector (AbstractConnector.java:doStart(278)) - Started ServerConnector@2ca3d826{HTTP/1.1,[http/1.1]}{0.0.0.0:33594}
2019-09-10 21:42:31,530 [main] INFO  server.Server (Server.java:doStart(419)) - Started @620374ms
2019-09-10 21:42:31,530 [main] WARN  impl.MetricsSystemImpl (MetricsSystemImpl.java:register(276)) - Sink prometheus already exists!
2019-09-10 21:42:31,531 [main] INFO  server.BaseHttpServer (BaseHttpServer.java:updateConnectorAddress(215)) - HTTP server of OZONEMANAGER is listening at http://0.0.0.0:33594
2019-09-10 21:42:31,549 [main] INFO  impl.MetricsSystemImpl (MetricsSystemImpl.java:init(158)) - HddsDatanode metrics system started (again)
2019-09-10 21:42:31,551 [main] INFO  ozone.HddsDatanodeService (HddsDatanodeService.java:start(184)) - HddsDatanodeService host:pr-hdds-2007-wqvw6-2944049611 ip:192.168.157.245
2019-09-10 21:42:31,559 [main] INFO  volume.HddsVolume (HddsVolume.java:<init>(176)) - Creating Volume: /workdir/hadoop-ozone/integration-test/target/test-dir/MiniOzoneClusterImpl-89ab4714-a06f-49fd-a91c-210e479dc798/datanode-0/data/containers/hdds of  storage type : DISK and capacity : 1482555576320
2019-09-10 21:42:31,559 [main] INFO  volume.VolumeSet (VolumeSet.java:initializeVolumeSet(170)) - Added Volume : /workdir/hadoop-ozone/integration-test/target/test-dir/MiniOzoneClusterImpl-89ab4714-a06f-49fd-a91c-210e479dc798/datanode-0/data/containers/hdds to VolumeSet
2019-09-10 21:42:31,559 [main] INFO  volume.ThrottledAsyncChecker (ThrottledAsyncChecker.java:schedule(140)) - Scheduling a check for org.apache.hadoop.ozone.container.common.volume.HddsVolume@38ac8968
2019-09-10 21:42:31,560 [main] INFO  volume.HddsVolumeChecker (HddsVolumeChecker.java:checkAllVolumes(203)) - Scheduled health check for volume org.apache.hadoop.ozone.container.common.volume.HddsVolume@38ac8968
2019-09-10 21:42:31,577 [main] INFO  impl.RaftServerProxy (ConfUtils.java:logGet(43)) - raft.rpc.type = GRPC (default)
2019-09-10 21:42:31,577 [main] INFO  grpc.GrpcFactory (GrpcFactory.java:checkPooledByteBufAllocatorUseCacheForAllThreads(45)) - PERFORMANCE WARNING: useCacheForAllThreads is true that may cause Netty to create a lot garbage objects and, as a result, trigger GC.
	It is recommended to disable useCacheForAllThreads by setting -Dorg.apache.ratis.thirdparty.io.netty.allocator.useCacheForAllThreads=false in command line.
2019-09-10 21:42:31,578 [main] INFO  grpc.GrpcConfigKeys$Server (ConfUtils.java:logGet(43)) - raft.grpc.server.port = 0 (default)
2019-09-10 21:42:31,578 [main] INFO  server.GrpcService (ConfUtils.java:logGet(43)) - raft.grpc.message.size.max = 33570816 (custom)
2019-09-10 21:42:31,578 [main] INFO  server.RaftServerConfigKeys (ConfUtils.java:logGet(43)) - raft.server.log.appender.buffer.byte-limit = 33554432 (custom)
2019-09-10 21:42:31,578 [main] INFO  server.GrpcService (ConfUtils.java:logGet(43)) - raft.grpc.flow.control.window = 1MB (=1048576) (default)
2019-09-10 21:42:31,579 [main] INFO  server.RaftServerConfigKeys (ConfUtils.java:logGet(43)) - raft.server.rpc.request.timeout = 3000ms (default)
2019-09-10 21:42:31,579 [main] INFO  server.RaftServerConfigKeys (ConfUtils.java:logGet(43)) - raft.server.storage.dir = [/workdir/hadoop-ozone/integration-test/target/test-dir/MiniOzoneClusterImpl-89ab4714-a06f-49fd-a91c-210e479dc798/datanode-0/data/ratis] (custom)
2019-09-10 21:42:31,581 [main] INFO  hdfs.DFSUtil (DFSUtil.java:httpServerTemplateForNNAndJN(1641)) - Starting Web-server for hddsDatanode at: http://0.0.0.0:0
2019-09-10 21:42:31,582 [main] INFO  server.AuthenticationFilter (AuthenticationFilter.java:constructSecretProvider(240)) - Unable to initialize FileSignerSecretProvider, falling back to use random secrets.
2019-09-10 21:42:31,582 [main] WARN  http.HttpRequestLog (HttpRequestLog.java:getRequestLog(97)) - Jetty request log can only be enabled using Log4j
2019-09-10 21:42:31,585 [main] INFO  http.HttpServer2 (HttpServer2.java:addGlobalFilter(975)) - Added global filter 'safety' (class=org.apache.hadoop.http.HttpServer2$QuotingInputFilter)
2019-09-10 21:42:31,587 [main] INFO  http.HttpServer2 (HttpServer2.java:addFilter(948)) - Added filter static_user_filter (class=org.apache.hadoop.http.lib.StaticUserWebFilter$StaticUserFilter) to context hddsDatanode
2019-09-10 21:42:31,587 [main] INFO  http.HttpServer2 (HttpServer2.java:addFilter(958)) - Added filter static_user_filter (class=org.apache.hadoop.http.lib.StaticUserWebFilter$StaticUserFilter) to context static
2019-09-10 21:42:31,587 [main] INFO  http.HttpServer2 (HttpServer2.java:addFilter(958)) - Added filter static_user_filter (class=org.apache.hadoop.http.lib.StaticUserWebFilter$StaticUserFilter) to context logs
2019-09-10 21:42:31,588 [main] INFO  http.HttpServer2 (HttpServer2.java:bindListener(1191)) - Jetty bound to port 45858
2019-09-10 21:42:31,589 [main] INFO  server.Server (Server.java:doStart(351)) - jetty-9.3.24.v20180605, build timestamp: 2018-06-05T17:11:56Z, git hash: 84205aa28f11a4f31f2a3b86d1bba2cc8ab69827
2019-09-10 21:42:31,591 [main] INFO  handler.ContextHandler (ContextHandler.java:doStart(781)) - Started o.e.j.s.ServletContextHandler@6380e9e9{/logs,file:///workdir/hadoop-ozone/integration-test/target/log,AVAILABLE}
2019-09-10 21:42:31,591 [main] INFO  handler.ContextHandler (ContextHandler.java:doStart(781)) - Started o.e.j.s.ServletContextHandler@6a09484c{/static,jar:file:/home/user/.m2/repository/org/apache/hadoop/hadoop-hdds-container-service/0.5.0-SNAPSHOT/hadoop-hdds-container-service-0.5.0-SNAPSHOT.jar!/webapps/static,AVAILABLE}
2019-09-10 21:42:31,634 [main] INFO  handler.ContextHandler (ContextHandler.java:doStart(781)) - Started o.e.j.w.WebAppContext@14b4340c{/,file:///tmp/jetty-0.0.0.0-45858-hddsDatanode-_-any-3546198267292380542.dir/webapp/,AVAILABLE}{/hddsDatanode}
2019-09-10 21:42:31,634 [main] INFO  server.AbstractConnector (AbstractConnector.java:doStart(278)) - Started ServerConnector@12abcd1e{HTTP/1.1,[http/1.1]}{0.0.0.0:45858}
2019-09-10 21:42:31,636 [main] INFO  server.Server (Server.java:doStart(419)) - Started @620481ms
2019-09-10 21:42:31,636 [main] WARN  impl.MetricsSystemImpl (MetricsSystemImpl.java:register(276)) - Sink prometheus already exists!
2019-09-10 21:42:31,637 [main] INFO  server.BaseHttpServer (BaseHttpServer.java:updateConnectorAddress(215)) - HTTP server of HDDSDATANODE is listening at http://0.0.0.0:45858
2019-09-10 21:42:31,638 [main] INFO  impl.MetricsSystemImpl (MetricsSystemImpl.java:init(158)) - HddsDatanode metrics system started (again)
2019-09-10 21:42:31,641 [org.apache.hadoop.util.JvmPauseMonitor$Monitor@94bb53b] INFO  util.JvmPauseMonitor (JvmPauseMonitor.java:run(188)) - Starting JVM pause monitor
2019-09-10 21:42:31,641 [main] INFO  ozone.HddsDatanodeService (HddsDatanodeService.java:start(184)) - HddsDatanodeService host:pr-hdds-2007-wqvw6-2944049611 ip:192.168.157.245
2019-09-10 21:42:31,642 [Datanode State Machine Thread - 0] INFO  datanode.InitDatanodeState (InitDatanodeState.java:persistContainerDatanodeDetails(140)) - DatanodeDetails is persisted to /workdir/hadoop-ozone/integration-test/target/test-dir/MiniOzoneClusterImpl-89ab4714-a06f-49fd-a91c-210e479dc798/datanode-0/meta/datanode.id
2019-09-10 21:42:31,648 [main] INFO  volume.HddsVolume (HddsVolume.java:<init>(176)) - Creating Volume: /workdir/hadoop-ozone/integration-test/target/test-dir/MiniOzoneClusterImpl-89ab4714-a06f-49fd-a91c-210e479dc798/datanode-1/data/containers/hdds of  storage type : DISK and capacity : 1482555576320
2019-09-10 21:42:31,649 [main] INFO  volume.VolumeSet (VolumeSet.java:initializeVolumeSet(170)) - Added Volume : /workdir/hadoop-ozone/integration-test/target/test-dir/MiniOzoneClusterImpl-89ab4714-a06f-49fd-a91c-210e479dc798/datanode-1/data/containers/hdds to VolumeSet
2019-09-10 21:42:31,649 [main] INFO  volume.ThrottledAsyncChecker (ThrottledAsyncChecker.java:schedule(140)) - Scheduling a check for org.apache.hadoop.ozone.container.common.volume.HddsVolume@afde064
2019-09-10 21:42:31,650 [main] INFO  volume.HddsVolumeChecker (HddsVolumeChecker.java:checkAllVolumes(203)) - Scheduled health check for volume org.apache.hadoop.ozone.container.common.volume.HddsVolume@afde064
2019-09-10 21:42:31,670 [main] INFO  impl.RaftServerProxy (ConfUtils.java:logGet(43)) - raft.rpc.type = GRPC (default)
2019-09-10 21:42:31,670 [main] INFO  grpc.GrpcFactory (GrpcFactory.java:checkPooledByteBufAllocatorUseCacheForAllThreads(45)) - PERFORMANCE WARNING: useCacheForAllThreads is true that may cause Netty to create a lot garbage objects and, as a result, trigger GC.
	It is recommended to disable useCacheForAllThreads by setting -Dorg.apache.ratis.thirdparty.io.netty.allocator.useCacheForAllThreads=false in command line.
2019-09-10 21:42:31,670 [main] INFO  grpc.GrpcConfigKeys$Server (ConfUtils.java:logGet(43)) - raft.grpc.server.port = 0 (default)
2019-09-10 21:42:31,671 [main] INFO  server.GrpcService (ConfUtils.java:logGet(43)) - raft.grpc.message.size.max = 33570816 (custom)
2019-09-10 21:42:31,671 [main] INFO  server.RaftServerConfigKeys (ConfUtils.java:logGet(43)) - raft.server.log.appender.buffer.byte-limit = 33554432 (custom)
2019-09-10 21:42:31,671 [main] INFO  server.GrpcService (ConfUtils.java:logGet(43)) - raft.grpc.flow.control.window = 1MB (=1048576) (default)
2019-09-10 21:42:31,672 [main] INFO  server.RaftServerConfigKeys (ConfUtils.java:logGet(43)) - raft.server.rpc.request.timeout = 3000ms (default)
2019-09-10 21:42:31,672 [main] INFO  server.RaftServerConfigKeys (ConfUtils.java:logGet(43)) - raft.server.storage.dir = [/workdir/hadoop-ozone/integration-test/target/test-dir/MiniOzoneClusterImpl-89ab4714-a06f-49fd-a91c-210e479dc798/datanode-1/data/ratis] (custom)
2019-09-10 21:42:31,674 [main] INFO  hdfs.DFSUtil (DFSUtil.java:httpServerTemplateForNNAndJN(1641)) - Starting Web-server for hddsDatanode at: http://0.0.0.0:0
2019-09-10 21:42:31,675 [main] INFO  server.AuthenticationFilter (AuthenticationFilter.java:constructSecretProvider(240)) - Unable to initialize FileSignerSecretProvider, falling back to use random secrets.
2019-09-10 21:42:31,676 [main] WARN  http.HttpRequestLog (HttpRequestLog.java:getRequestLog(97)) - Jetty request log can only be enabled using Log4j
2019-09-10 21:42:31,678 [main] INFO  http.HttpServer2 (HttpServer2.java:addGlobalFilter(975)) - Added global filter 'safety' (class=org.apache.hadoop.http.HttpServer2$QuotingInputFilter)
2019-09-10 21:42:31,678 [main] INFO  http.HttpServer2 (HttpServer2.java:addFilter(948)) - Added filter static_user_filter (class=org.apache.hadoop.http.lib.StaticUserWebFilter$StaticUserFilter) to context hddsDatanode
2019-09-10 21:42:31,679 [main] INFO  http.HttpServer2 (HttpServer2.java:addFilter(958)) - Added filter static_user_filter (class=org.apache.hadoop.http.lib.StaticUserWebFilter$StaticUserFilter) to context static
2019-09-10 21:42:31,679 [main] INFO  http.HttpServer2 (HttpServer2.java:addFilter(958)) - Added filter static_user_filter (class=org.apache.hadoop.http.lib.StaticUserWebFilter$StaticUserFilter) to context logs
2019-09-10 21:42:31,680 [main] INFO  http.HttpServer2 (HttpServer2.java:bindListener(1191)) - Jetty bound to port 33637
2019-09-10 21:42:31,680 [main] INFO  server.Server (Server.java:doStart(351)) - jetty-9.3.24.v20180605, build timestamp: 2018-06-05T17:11:56Z, git hash: 84205aa28f11a4f31f2a3b86d1bba2cc8ab69827
2019-09-10 21:42:31,682 [main] INFO  handler.ContextHandler (ContextHandler.java:doStart(781)) - Started o.e.j.s.ServletContextHandler@6d7ad0f5{/logs,file:///workdir/hadoop-ozone/integration-test/target/log,AVAILABLE}
2019-09-10 21:42:31,682 [main] INFO  handler.ContextHandler (ContextHandler.java:doStart(781)) - Started o.e.j.s.ServletContextHandler@49a38b1{/static,jar:file:/home/user/.m2/repository/org/apache/hadoop/hadoop-hdds-container-service/0.5.0-SNAPSHOT/hadoop-hdds-container-service-0.5.0-SNAPSHOT.jar!/webapps/static,AVAILABLE}
2019-09-10 21:42:31,719 [main] INFO  handler.ContextHandler (ContextHandler.java:doStart(781)) - Started o.e.j.w.WebAppContext@62a6674f{/,file:///tmp/jetty-0.0.0.0-33637-hddsDatanode-_-any-6275599327460610556.dir/webapp/,AVAILABLE}{/hddsDatanode}
2019-09-10 21:42:31,719 [main] INFO  server.AbstractConnector (AbstractConnector.java:doStart(278)) - Started ServerConnector@70881123{HTTP/1.1,[http/1.1]}{0.0.0.0:33637}
2019-09-10 21:42:31,721 [main] INFO  server.Server (Server.java:doStart(419)) - Started @620566ms
2019-09-10 21:42:31,721 [main] WARN  impl.MetricsSystemImpl (MetricsSystemImpl.java:register(276)) - Sink prometheus already exists!
2019-09-10 21:42:31,722 [main] INFO  server.BaseHttpServer (BaseHttpServer.java:updateConnectorAddress(215)) - HTTP server of HDDSDATANODE is listening at http://0.0.0.0:33637
2019-09-10 21:42:31,722 [main] INFO  impl.MetricsSystemImpl (MetricsSystemImpl.java:init(158)) - HddsDatanode metrics system started (again)
2019-09-10 21:42:31,728 [main] INFO  ozone.HddsDatanodeService (HddsDatanodeService.java:start(184)) - HddsDatanodeService host:pr-hdds-2007-wqvw6-2944049611 ip:192.168.157.245
2019-09-10 21:42:31,730 [org.apache.hadoop.util.JvmPauseMonitor$Monitor@ed21afe] INFO  util.JvmPauseMonitor (JvmPauseMonitor.java:run(188)) - Starting JVM pause monitor
2019-09-10 21:42:31,732 [Datanode State Machine Thread - 0] INFO  datanode.InitDatanodeState (InitDatanodeState.java:persistContainerDatanodeDetails(140)) - DatanodeDetails is persisted to /workdir/hadoop-ozone/integration-test/target/test-dir/MiniOzoneClusterImpl-89ab4714-a06f-49fd-a91c-210e479dc798/datanode-1/meta/datanode.id
2019-09-10 21:42:31,738 [main] INFO  volume.HddsVolume (HddsVolume.java:<init>(176)) - Creating Volume: /workdir/hadoop-ozone/integration-test/target/test-dir/MiniOzoneClusterImpl-89ab4714-a06f-49fd-a91c-210e479dc798/datanode-2/data/containers/hdds of  storage type : DISK and capacity : 1482555576320
2019-09-10 21:42:31,738 [main] INFO  volume.VolumeSet (VolumeSet.java:initializeVolumeSet(170)) - Added Volume : /workdir/hadoop-ozone/integration-test/target/test-dir/MiniOzoneClusterImpl-89ab4714-a06f-49fd-a91c-210e479dc798/datanode-2/data/containers/hdds to VolumeSet
2019-09-10 21:42:31,738 [main] INFO  volume.ThrottledAsyncChecker (ThrottledAsyncChecker.java:schedule(140)) - Scheduling a check for org.apache.hadoop.ozone.container.common.volume.HddsVolume@476fde05
2019-09-10 21:42:31,739 [main] INFO  volume.HddsVolumeChecker (HddsVolumeChecker.java:checkAllVolumes(203)) - Scheduled health check for volume org.apache.hadoop.ozone.container.common.volume.HddsVolume@476fde05
2019-09-10 21:42:31,753 [main] INFO  impl.RaftServerProxy (ConfUtils.java:logGet(43)) - raft.rpc.type = GRPC (default)
2019-09-10 21:42:31,753 [main] INFO  grpc.GrpcFactory (GrpcFactory.java:checkPooledByteBufAllocatorUseCacheForAllThreads(45)) - PERFORMANCE WARNING: useCacheForAllThreads is true that may cause Netty to create a lot garbage objects and, as a result, trigger GC.
	It is recommended to disable useCacheForAllThreads by setting -Dorg.apache.ratis.thirdparty.io.netty.allocator.useCacheForAllThreads=false in command line.
2019-09-10 21:42:31,754 [main] INFO  grpc.GrpcConfigKeys$Server (ConfUtils.java:logGet(43)) - raft.grpc.server.port = 0 (default)
2019-09-10 21:42:31,754 [main] INFO  server.GrpcService (ConfUtils.java:logGet(43)) - raft.grpc.message.size.max = 33570816 (custom)
2019-09-10 21:42:31,754 [main] INFO  server.RaftServerConfigKeys (ConfUtils.java:logGet(43)) - raft.server.log.appender.buffer.byte-limit = 33554432 (custom)
2019-09-10 21:42:31,754 [main] INFO  server.GrpcService (ConfUtils.java:logGet(43)) - raft.grpc.flow.control.window = 1MB (=1048576) (default)
2019-09-10 21:42:31,754 [main] INFO  server.RaftServerConfigKeys (ConfUtils.java:logGet(43)) - raft.server.rpc.request.timeout = 3000ms (default)
2019-09-10 21:42:31,755 [main] INFO  server.RaftServerConfigKeys (ConfUtils.java:logGet(43)) - raft.server.storage.dir = [/workdir/hadoop-ozone/integration-test/target/test-dir/MiniOzoneClusterImpl-89ab4714-a06f-49fd-a91c-210e479dc798/datanode-2/data/ratis] (custom)
2019-09-10 21:42:31,756 [main] INFO  hdfs.DFSUtil (DFSUtil.java:httpServerTemplateForNNAndJN(1641)) - Starting Web-server for hddsDatanode at: http://0.0.0.0:0
2019-09-10 21:42:31,758 [main] INFO  server.AuthenticationFilter (AuthenticationFilter.java:constructSecretProvider(240)) - Unable to initialize FileSignerSecretProvider, falling back to use random secrets.
2019-09-10 21:42:31,758 [main] WARN  http.HttpRequestLog (HttpRequestLog.java:getRequestLog(97)) - Jetty request log can only be enabled using Log4j
2019-09-10 21:42:31,759 [main] INFO  http.HttpServer2 (HttpServer2.java:addGlobalFilter(975)) - Added global filter 'safety' (class=org.apache.hadoop.http.HttpServer2$QuotingInputFilter)
2019-09-10 21:42:31,760 [main] INFO  http.HttpServer2 (HttpServer2.java:addFilter(948)) - Added filter static_user_filter (class=org.apache.hadoop.http.lib.StaticUserWebFilter$StaticUserFilter) to context hddsDatanode
2019-09-10 21:42:31,760 [main] INFO  http.HttpServer2 (HttpServer2.java:addFilter(958)) - Added filter static_user_filter (class=org.apache.hadoop.http.lib.StaticUserWebFilter$StaticUserFilter) to context static
2019-09-10 21:42:31,760 [main] INFO  http.HttpServer2 (HttpServer2.java:addFilter(958)) - Added filter static_user_filter (class=org.apache.hadoop.http.lib.StaticUserWebFilter$StaticUserFilter) to context logs
2019-09-10 21:42:31,761 [main] INFO  http.HttpServer2 (HttpServer2.java:bindListener(1191)) - Jetty bound to port 36095
2019-09-10 21:42:31,761 [main] INFO  server.Server (Server.java:doStart(351)) - jetty-9.3.24.v20180605, build timestamp: 2018-06-05T17:11:56Z, git hash: 84205aa28f11a4f31f2a3b86d1bba2cc8ab69827
2019-09-10 21:42:31,763 [main] INFO  handler.ContextHandler (ContextHandler.java:doStart(781)) - Started o.e.j.s.ServletContextHandler@130cfc47{/logs,file:///workdir/hadoop-ozone/integration-test/target/log,AVAILABLE}
2019-09-10 21:42:31,763 [main] INFO  handler.ContextHandler (ContextHandler.java:doStart(781)) - Started o.e.j.s.ServletContextHandler@2b6fb197{/static,jar:file:/home/user/.m2/repository/org/apache/hadoop/hadoop-hdds-container-service/0.5.0-SNAPSHOT/hadoop-hdds-container-service-0.5.0-SNAPSHOT.jar!/webapps/static,AVAILABLE}
2019-09-10 21:42:31,950 [main] INFO  handler.ContextHandler (ContextHandler.java:doStart(781)) - Started o.e.j.w.WebAppContext@6889f56f{/,file:///tmp/jetty-0.0.0.0-36095-hddsDatanode-_-any-1241864335341947375.dir/webapp/,AVAILABLE}{/hddsDatanode}
2019-09-10 21:42:31,950 [main] INFO  server.AbstractConnector (AbstractConnector.java:doStart(278)) - Started ServerConnector@231b35fb{HTTP/1.1,[http/1.1]}{0.0.0.0:36095}
2019-09-10 21:42:31,952 [main] INFO  server.Server (Server.java:doStart(419)) - Started @620797ms
2019-09-10 21:42:31,953 [main] WARN  impl.MetricsSystemImpl (MetricsSystemImpl.java:register(276)) - Sink prometheus already exists!
2019-09-10 21:42:31,954 [main] INFO  server.BaseHttpServer (BaseHttpServer.java:updateConnectorAddress(215)) - HTTP server of HDDSDATANODE is listening at http://0.0.0.0:36095
2019-09-10 21:42:31,954 [main] INFO  impl.MetricsSystemImpl (MetricsSystemImpl.java:init(158)) - HddsDatanode metrics system started (again)
2019-09-10 21:42:31,958 [org.apache.hadoop.util.JvmPauseMonitor$Monitor@779def77] INFO  util.JvmPauseMonitor (JvmPauseMonitor.java:run(188)) - Starting JVM pause monitor
2019-09-10 21:42:31,959 [main] INFO  ozone.HddsDatanodeService (HddsDatanodeService.java:start(184)) - HddsDatanodeService host:pr-hdds-2007-wqvw6-2944049611 ip:192.168.157.245
2019-09-10 21:42:31,960 [Datanode State Machine Thread - 0] INFO  datanode.InitDatanodeState (InitDatanodeState.java:persistContainerDatanodeDetails(140)) - DatanodeDetails is persisted to /workdir/hadoop-ozone/integration-test/target/test-dir/MiniOzoneClusterImpl-89ab4714-a06f-49fd-a91c-210e479dc798/datanode-2/meta/datanode.id
2019-09-10 21:42:31,968 [main] INFO  volume.HddsVolume (HddsVolume.java:<init>(176)) - Creating Volume: /workdir/hadoop-ozone/integration-test/target/test-dir/MiniOzoneClusterImpl-89ab4714-a06f-49fd-a91c-210e479dc798/datanode-3/data/containers/hdds of  storage type : DISK and capacity : 1482555576320
2019-09-10 21:42:31,968 [main] INFO  volume.VolumeSet (VolumeSet.java:initializeVolumeSet(170)) - Added Volume : /workdir/hadoop-ozone/integration-test/target/test-dir/MiniOzoneClusterImpl-89ab4714-a06f-49fd-a91c-210e479dc798/datanode-3/data/containers/hdds to VolumeSet
2019-09-10 21:42:31,968 [main] INFO  volume.ThrottledAsyncChecker (ThrottledAsyncChecker.java:schedule(140)) - Scheduling a check for org.apache.hadoop.ozone.container.common.volume.HddsVolume@353c6da1
2019-09-10 21:42:31,969 [main] INFO  volume.HddsVolumeChecker (HddsVolumeChecker.java:checkAllVolumes(203)) - Scheduled health check for volume org.apache.hadoop.ozone.container.common.volume.HddsVolume@353c6da1
2019-09-10 21:42:31,991 [main] INFO  impl.RaftServerProxy (ConfUtils.java:logGet(43)) - raft.rpc.type = GRPC (default)
2019-09-10 21:42:31,991 [main] INFO  grpc.GrpcFactory (GrpcFactory.java:checkPooledByteBufAllocatorUseCacheForAllThreads(45)) - PERFORMANCE WARNING: useCacheForAllThreads is true that may cause Netty to create a lot garbage objects and, as a result, trigger GC.
	It is recommended to disable useCacheForAllThreads by setting -Dorg.apache.ratis.thirdparty.io.netty.allocator.useCacheForAllThreads=false in command line.
2019-09-10 21:42:31,991 [main] INFO  grpc.GrpcConfigKeys$Server (ConfUtils.java:logGet(43)) - raft.grpc.server.port = 0 (default)
2019-09-10 21:42:31,992 [main] INFO  server.GrpcService (ConfUtils.java:logGet(43)) - raft.grpc.message.size.max = 33570816 (custom)
2019-09-10 21:42:31,992 [main] INFO  server.RaftServerConfigKeys (ConfUtils.java:logGet(43)) - raft.server.log.appender.buffer.byte-limit = 33554432 (custom)
2019-09-10 21:42:31,992 [main] INFO  server.GrpcService (ConfUtils.java:logGet(43)) - raft.grpc.flow.control.window = 1MB (=1048576) (default)
2019-09-10 21:42:31,992 [main] INFO  server.RaftServerConfigKeys (ConfUtils.java:logGet(43)) - raft.server.rpc.request.timeout = 3000ms (default)
2019-09-10 21:42:31,993 [main] INFO  server.RaftServerConfigKeys (ConfUtils.java:logGet(43)) - raft.server.storage.dir = [/workdir/hadoop-ozone/integration-test/target/test-dir/MiniOzoneClusterImpl-89ab4714-a06f-49fd-a91c-210e479dc798/datanode-3/data/ratis] (custom)
2019-09-10 21:42:31,995 [main] INFO  hdfs.DFSUtil (DFSUtil.java:httpServerTemplateForNNAndJN(1641)) - Starting Web-server for hddsDatanode at: http://0.0.0.0:0
2019-09-10 21:42:31,997 [main] INFO  server.AuthenticationFilter (AuthenticationFilter.java:constructSecretProvider(240)) - Unable to initialize FileSignerSecretProvider, falling back to use random secrets.
2019-09-10 21:42:31,997 [main] WARN  http.HttpRequestLog (HttpRequestLog.java:getRequestLog(97)) - Jetty request log can only be enabled using Log4j
2019-09-10 21:42:31,999 [main] INFO  http.HttpServer2 (HttpServer2.java:addGlobalFilter(975)) - Added global filter 'safety' (class=org.apache.hadoop.http.HttpServer2$QuotingInputFilter)
2019-09-10 21:42:32,000 [main] INFO  http.HttpServer2 (HttpServer2.java:addFilter(948)) - Added filter static_user_filter (class=org.apache.hadoop.http.lib.StaticUserWebFilter$StaticUserFilter) to context hddsDatanode
2019-09-10 21:42:32,001 [main] INFO  http.HttpServer2 (HttpServer2.java:addFilter(958)) - Added filter static_user_filter (class=org.apache.hadoop.http.lib.StaticUserWebFilter$StaticUserFilter) to context static
2019-09-10 21:42:32,001 [main] INFO  http.HttpServer2 (HttpServer2.java:addFilter(958)) - Added filter static_user_filter (class=org.apache.hadoop.http.lib.StaticUserWebFilter$StaticUserFilter) to context logs
2019-09-10 21:42:32,002 [main] INFO  http.HttpServer2 (HttpServer2.java:bindListener(1191)) - Jetty bound to port 43301
2019-09-10 21:42:32,002 [main] INFO  server.Server (Server.java:doStart(351)) - jetty-9.3.24.v20180605, build timestamp: 2018-06-05T17:11:56Z, git hash: 84205aa28f11a4f31f2a3b86d1bba2cc8ab69827
2019-09-10 21:42:32,004 [main] INFO  handler.ContextHandler (ContextHandler.java:doStart(781)) - Started o.e.j.s.ServletContextHandler@4f664bee{/logs,file:///workdir/hadoop-ozone/integration-test/target/log,AVAILABLE}
2019-09-10 21:42:32,005 [main] INFO  handler.ContextHandler (ContextHandler.java:doStart(781)) - Started o.e.j.s.ServletContextHandler@4fd74223{/static,jar:file:/home/user/.m2/repository/org/apache/hadoop/hadoop-hdds-container-service/0.5.0-SNAPSHOT/hadoop-hdds-container-service-0.5.0-SNAPSHOT.jar!/webapps/static,AVAILABLE}
2019-09-10 21:42:32,048 [main] INFO  handler.ContextHandler (ContextHandler.java:doStart(781)) - Started o.e.j.w.WebAppContext@21e5f0b6{/,file:///tmp/jetty-0.0.0.0-43301-hddsDatanode-_-any-1887347067661568044.dir/webapp/,AVAILABLE}{/hddsDatanode}
2019-09-10 21:42:32,049 [main] INFO  server.AbstractConnector (AbstractConnector.java:doStart(278)) - Started ServerConnector@93bf0e0{HTTP/1.1,[http/1.1]}{0.0.0.0:43301}
2019-09-10 21:42:32,049 [main] INFO  server.Server (Server.java:doStart(419)) - Started @620894ms
2019-09-10 21:42:32,050 [main] WARN  impl.MetricsSystemImpl (MetricsSystemImpl.java:register(276)) - Sink prometheus already exists!
2019-09-10 21:42:32,051 [main] INFO  server.BaseHttpServer (BaseHttpServer.java:updateConnectorAddress(215)) - HTTP server of HDDSDATANODE is listening at http://0.0.0.0:43301
2019-09-10 21:42:32,052 [main] INFO  impl.MetricsSystemImpl (MetricsSystemImpl.java:init(158)) - HddsDatanode metrics system started (again)
2019-09-10 21:42:32,055 [org.apache.hadoop.util.JvmPauseMonitor$Monitor@229cb855] INFO  util.JvmPauseMonitor (JvmPauseMonitor.java:run(188)) - Starting JVM pause monitor
2019-09-10 21:42:32,056 [main] INFO  ozone.HddsDatanodeService (HddsDatanodeService.java:start(184)) - HddsDatanodeService host:pr-hdds-2007-wqvw6-2944049611 ip:192.168.157.245
2019-09-10 21:42:32,057 [Datanode State Machine Thread - 0] INFO  datanode.InitDatanodeState (InitDatanodeState.java:persistContainerDatanodeDetails(140)) - DatanodeDetails is persisted to /workdir/hadoop-ozone/integration-test/target/test-dir/MiniOzoneClusterImpl-89ab4714-a06f-49fd-a91c-210e479dc798/datanode-3/meta/datanode.id
2019-09-10 21:42:32,063 [main] INFO  volume.HddsVolume (HddsVolume.java:<init>(176)) - Creating Volume: /workdir/hadoop-ozone/integration-test/target/test-dir/MiniOzoneClusterImpl-89ab4714-a06f-49fd-a91c-210e479dc798/datanode-4/data/containers/hdds of  storage type : DISK and capacity : 1482555576320
2019-09-10 21:42:32,063 [main] INFO  volume.VolumeSet (VolumeSet.java:initializeVolumeSet(170)) - Added Volume : /workdir/hadoop-ozone/integration-test/target/test-dir/MiniOzoneClusterImpl-89ab4714-a06f-49fd-a91c-210e479dc798/datanode-4/data/containers/hdds to VolumeSet
2019-09-10 21:42:32,064 [main] INFO  volume.ThrottledAsyncChecker (ThrottledAsyncChecker.java:schedule(140)) - Scheduling a check for org.apache.hadoop.ozone.container.common.volume.HddsVolume@34a6d9db
2019-09-10 21:42:32,064 [main] INFO  volume.HddsVolumeChecker (HddsVolumeChecker.java:checkAllVolumes(203)) - Scheduled health check for volume org.apache.hadoop.ozone.container.common.volume.HddsVolume@34a6d9db
2019-09-10 21:42:32,081 [main] INFO  impl.RaftServerProxy (ConfUtils.java:logGet(43)) - raft.rpc.type = GRPC (default)
2019-09-10 21:42:32,081 [main] INFO  grpc.GrpcFactory (GrpcFactory.java:checkPooledByteBufAllocatorUseCacheForAllThreads(45)) - PERFORMANCE WARNING: useCacheForAllThreads is true that may cause Netty to create a lot garbage objects and, as a result, trigger GC.
	It is recommended to disable useCacheForAllThreads by setting -Dorg.apache.ratis.thirdparty.io.netty.allocator.useCacheForAllThreads=false in command line.
2019-09-10 21:42:32,081 [main] INFO  grpc.GrpcConfigKeys$Server (ConfUtils.java:logGet(43)) - raft.grpc.server.port = 0 (default)
2019-09-10 21:42:32,082 [main] INFO  server.GrpcService (ConfUtils.java:logGet(43)) - raft.grpc.message.size.max = 33570816 (custom)
2019-09-10 21:42:32,082 [main] INFO  server.RaftServerConfigKeys (ConfUtils.java:logGet(43)) - raft.server.log.appender.buffer.byte-limit = 33554432 (custom)
2019-09-10 21:42:32,082 [main] INFO  server.GrpcService (ConfUtils.java:logGet(43)) - raft.grpc.flow.control.window = 1MB (=1048576) (default)
2019-09-10 21:42:32,082 [main] INFO  server.RaftServerConfigKeys (ConfUtils.java:logGet(43)) - raft.server.rpc.request.timeout = 3000ms (default)
2019-09-10 21:42:32,083 [main] INFO  server.RaftServerConfigKeys (ConfUtils.java:logGet(43)) - raft.server.storage.dir = [/workdir/hadoop-ozone/integration-test/target/test-dir/MiniOzoneClusterImpl-89ab4714-a06f-49fd-a91c-210e479dc798/datanode-4/data/ratis] (custom)
2019-09-10 21:42:32,084 [main] INFO  hdfs.DFSUtil (DFSUtil.java:httpServerTemplateForNNAndJN(1641)) - Starting Web-server for hddsDatanode at: http://0.0.0.0:0
2019-09-10 21:42:32,085 [main] INFO  server.AuthenticationFilter (AuthenticationFilter.java:constructSecretProvider(240)) - Unable to initialize FileSignerSecretProvider, falling back to use random secrets.
2019-09-10 21:42:32,086 [main] WARN  http.HttpRequestLog (HttpRequestLog.java:getRequestLog(97)) - Jetty request log can only be enabled using Log4j
2019-09-10 21:42:32,087 [main] INFO  http.HttpServer2 (HttpServer2.java:addGlobalFilter(975)) - Added global filter 'safety' (class=org.apache.hadoop.http.HttpServer2$QuotingInputFilter)
2019-09-10 21:42:32,088 [main] INFO  http.HttpServer2 (HttpServer2.java:addFilter(948)) - Added filter static_user_filter (class=org.apache.hadoop.http.lib.StaticUserWebFilter$StaticUserFilter) to context hddsDatanode
2019-09-10 21:42:32,088 [main] INFO  http.HttpServer2 (HttpServer2.java:addFilter(958)) - Added filter static_user_filter (class=org.apache.hadoop.http.lib.StaticUserWebFilter$StaticUserFilter) to context logs
2019-09-10 21:42:32,088 [main] INFO  http.HttpServer2 (HttpServer2.java:addFilter(958)) - Added filter static_user_filter (class=org.apache.hadoop.http.lib.StaticUserWebFilter$StaticUserFilter) to context static
2019-09-10 21:42:32,089 [main] INFO  http.HttpServer2 (HttpServer2.java:bindListener(1191)) - Jetty bound to port 41512
2019-09-10 21:42:32,089 [main] INFO  server.Server (Server.java:doStart(351)) - jetty-9.3.24.v20180605, build timestamp: 2018-06-05T17:11:56Z, git hash: 84205aa28f11a4f31f2a3b86d1bba2cc8ab69827
2019-09-10 21:42:32,091 [main] INFO  handler.ContextHandler (ContextHandler.java:doStart(781)) - Started o.e.j.s.ServletContextHandler@681e913c{/logs,file:///workdir/hadoop-ozone/integration-test/target/log,AVAILABLE}
2019-09-10 21:42:32,091 [main] INFO  handler.ContextHandler (ContextHandler.java:doStart(781)) - Started o.e.j.s.ServletContextHandler@1eeb5818{/static,jar:file:/home/user/.m2/repository/org/apache/hadoop/hadoop-hdds-container-service/0.5.0-SNAPSHOT/hadoop-hdds-container-service-0.5.0-SNAPSHOT.jar!/webapps/static,AVAILABLE}
2019-09-10 21:42:32,121 [main] INFO  handler.ContextHandler (ContextHandler.java:doStart(781)) - Started o.e.j.w.WebAppContext@32ab408e{/,file:///tmp/jetty-0.0.0.0-41512-hddsDatanode-_-any-245503647328836208.dir/webapp/,AVAILABLE}{/hddsDatanode}
2019-09-10 21:42:32,122 [main] INFO  server.AbstractConnector (AbstractConnector.java:doStart(278)) - Started ServerConnector@6ad6443{HTTP/1.1,[http/1.1]}{0.0.0.0:41512}
2019-09-10 21:42:32,122 [main] INFO  server.Server (Server.java:doStart(419)) - Started @620967ms
2019-09-10 21:42:32,123 [main] WARN  impl.MetricsSystemImpl (MetricsSystemImpl.java:register(276)) - Sink prometheus already exists!
2019-09-10 21:42:32,124 [main] INFO  server.BaseHttpServer (BaseHttpServer.java:updateConnectorAddress(215)) - HTTP server of HDDSDATANODE is listening at http://0.0.0.0:41512
2019-09-10 21:42:32,124 [main] INFO  impl.MetricsSystemImpl (MetricsSystemImpl.java:init(158)) - HddsDatanode metrics system started (again)
2019-09-10 21:42:32,129 [main] INFO  ozone.HddsDatanodeService (HddsDatanodeService.java:start(184)) - HddsDatanodeService host:pr-hdds-2007-wqvw6-2944049611 ip:192.168.157.245
2019-09-10 21:42:32,129 [org.apache.hadoop.util.JvmPauseMonitor$Monitor@676f26c8] INFO  util.JvmPauseMonitor (JvmPauseMonitor.java:run(188)) - Starting JVM pause monitor
2019-09-10 21:42:32,132 [Datanode State Machine Thread - 0] INFO  datanode.InitDatanodeState (InitDatanodeState.java:persistContainerDatanodeDetails(140)) - DatanodeDetails is persisted to /workdir/hadoop-ozone/integration-test/target/test-dir/MiniOzoneClusterImpl-89ab4714-a06f-49fd-a91c-210e479dc798/datanode-4/meta/datanode.id
2019-09-10 21:42:32,138 [main] INFO  volume.HddsVolume (HddsVolume.java:<init>(176)) - Creating Volume: /workdir/hadoop-ozone/integration-test/target/test-dir/MiniOzoneClusterImpl-89ab4714-a06f-49fd-a91c-210e479dc798/datanode-5/data/containers/hdds of  storage type : DISK and capacity : 1482555576320
2019-09-10 21:42:32,138 [main] INFO  volume.VolumeSet (VolumeSet.java:initializeVolumeSet(170)) - Added Volume : /workdir/hadoop-ozone/integration-test/target/test-dir/MiniOzoneClusterImpl-89ab4714-a06f-49fd-a91c-210e479dc798/datanode-5/data/containers/hdds to VolumeSet
2019-09-10 21:42:32,139 [main] INFO  volume.ThrottledAsyncChecker (ThrottledAsyncChecker.java:schedule(140)) - Scheduling a check for org.apache.hadoop.ozone.container.common.volume.HddsVolume@a91119b
2019-09-10 21:42:32,139 [main] INFO  volume.HddsVolumeChecker (HddsVolumeChecker.java:checkAllVolumes(203)) - Scheduled health check for volume org.apache.hadoop.ozone.container.common.volume.HddsVolume@a91119b
2019-09-10 21:42:32,155 [main] INFO  impl.RaftServerProxy (ConfUtils.java:logGet(43)) - raft.rpc.type = GRPC (default)
2019-09-10 21:42:32,155 [main] INFO  grpc.GrpcFactory (GrpcFactory.java:checkPooledByteBufAllocatorUseCacheForAllThreads(45)) - PERFORMANCE WARNING: useCacheForAllThreads is true that may cause Netty to create a lot garbage objects and, as a result, trigger GC.
	It is recommended to disable useCacheForAllThreads by setting -Dorg.apache.ratis.thirdparty.io.netty.allocator.useCacheForAllThreads=false in command line.
2019-09-10 21:42:32,155 [main] INFO  grpc.GrpcConfigKeys$Server (ConfUtils.java:logGet(43)) - raft.grpc.server.port = 0 (default)
2019-09-10 21:42:32,156 [main] INFO  server.GrpcService (ConfUtils.java:logGet(43)) - raft.grpc.message.size.max = 33570816 (custom)
2019-09-10 21:42:32,156 [main] INFO  server.RaftServerConfigKeys (ConfUtils.java:logGet(43)) - raft.server.log.appender.buffer.byte-limit = 33554432 (custom)
2019-09-10 21:42:32,157 [main] INFO  server.GrpcService (ConfUtils.java:logGet(43)) - raft.grpc.flow.control.window = 1MB (=1048576) (default)
2019-09-10 21:42:32,157 [main] INFO  server.RaftServerConfigKeys (ConfUtils.java:logGet(43)) - raft.server.rpc.request.timeout = 3000ms (default)
2019-09-10 21:42:32,158 [main] INFO  server.RaftServerConfigKeys (ConfUtils.java:logGet(43)) - raft.server.storage.dir = [/workdir/hadoop-ozone/integration-test/target/test-dir/MiniOzoneClusterImpl-89ab4714-a06f-49fd-a91c-210e479dc798/datanode-5/data/ratis] (custom)
2019-09-10 21:42:32,160 [main] INFO  hdfs.DFSUtil (DFSUtil.java:httpServerTemplateForNNAndJN(1641)) - Starting Web-server for hddsDatanode at: http://0.0.0.0:0
2019-09-10 21:42:32,161 [main] INFO  server.AuthenticationFilter (AuthenticationFilter.java:constructSecretProvider(240)) - Unable to initialize FileSignerSecretProvider, falling back to use random secrets.
2019-09-10 21:42:32,162 [main] WARN  http.HttpRequestLog (HttpRequestLog.java:getRequestLog(97)) - Jetty request log can only be enabled using Log4j
2019-09-10 21:42:32,163 [main] INFO  http.HttpServer2 (HttpServer2.java:addGlobalFilter(975)) - Added global filter 'safety' (class=org.apache.hadoop.http.HttpServer2$QuotingInputFilter)
2019-09-10 21:42:32,164 [main] INFO  http.HttpServer2 (HttpServer2.java:addFilter(948)) - Added filter static_user_filter (class=org.apache.hadoop.http.lib.StaticUserWebFilter$StaticUserFilter) to context hddsDatanode
2019-09-10 21:42:32,164 [main] INFO  http.HttpServer2 (HttpServer2.java:addFilter(958)) - Added filter static_user_filter (class=org.apache.hadoop.http.lib.StaticUserWebFilter$StaticUserFilter) to context static
2019-09-10 21:42:32,164 [main] INFO  http.HttpServer2 (HttpServer2.java:addFilter(958)) - Added filter static_user_filter (class=org.apache.hadoop.http.lib.StaticUserWebFilter$StaticUserFilter) to context logs
2019-09-10 21:42:32,165 [main] INFO  http.HttpServer2 (HttpServer2.java:bindListener(1191)) - Jetty bound to port 45966
2019-09-10 21:42:32,165 [main] INFO  server.Server (Server.java:doStart(351)) - jetty-9.3.24.v20180605, build timestamp: 2018-06-05T17:11:56Z, git hash: 84205aa28f11a4f31f2a3b86d1bba2cc8ab69827
2019-09-10 21:42:32,167 [main] INFO  handler.ContextHandler (ContextHandler.java:doStart(781)) - Started o.e.j.s.ServletContextHandler@51e8d066{/logs,file:///workdir/hadoop-ozone/integration-test/target/log,AVAILABLE}
2019-09-10 21:42:32,167 [main] INFO  handler.ContextHandler (ContextHandler.java:doStart(781)) - Started o.e.j.s.ServletContextHandler@27898e13{/static,jar:file:/home/user/.m2/repository/org/apache/hadoop/hadoop-hdds-container-service/0.5.0-SNAPSHOT/hadoop-hdds-container-service-0.5.0-SNAPSHOT.jar!/webapps/static,AVAILABLE}
2019-09-10 21:42:32,194 [main] INFO  handler.ContextHandler (ContextHandler.java:doStart(781)) - Started o.e.j.w.WebAppContext@3b5a19ed{/,file:///tmp/jetty-0.0.0.0-45966-hddsDatanode-_-any-4418723404730169937.dir/webapp/,AVAILABLE}{/hddsDatanode}
2019-09-10 21:42:32,194 [main] INFO  server.AbstractConnector (AbstractConnector.java:doStart(278)) - Started ServerConnector@15d236fd{HTTP/1.1,[http/1.1]}{0.0.0.0:45966}
2019-09-10 21:42:32,196 [main] INFO  server.Server (Server.java:doStart(419)) - Started @621041ms
2019-09-10 21:42:32,196 [main] WARN  impl.MetricsSystemImpl (MetricsSystemImpl.java:register(276)) - Sink prometheus already exists!
2019-09-10 21:42:32,197 [main] INFO  server.BaseHttpServer (BaseHttpServer.java:updateConnectorAddress(215)) - HTTP server of HDDSDATANODE is listening at http://0.0.0.0:45966
2019-09-10 21:42:32,197 [main] INFO  impl.MetricsSystemImpl (MetricsSystemImpl.java:init(158)) - HddsDatanode metrics system started (again)
2019-09-10 21:42:32,201 [main] INFO  ozone.HddsDatanodeService (HddsDatanodeService.java:start(184)) - HddsDatanodeService host:pr-hdds-2007-wqvw6-2944049611 ip:192.168.157.245
2019-09-10 21:42:32,201 [org.apache.hadoop.util.JvmPauseMonitor$Monitor@44bf3545] INFO  util.JvmPauseMonitor (JvmPauseMonitor.java:run(188)) - Starting JVM pause monitor
2019-09-10 21:42:32,202 [Datanode State Machine Thread - 0] INFO  datanode.InitDatanodeState (InitDatanodeState.java:persistContainerDatanodeDetails(140)) - DatanodeDetails is persisted to /workdir/hadoop-ozone/integration-test/target/test-dir/MiniOzoneClusterImpl-89ab4714-a06f-49fd-a91c-210e479dc798/datanode-5/meta/datanode.id
2019-09-10 21:42:32,208 [main] INFO  volume.HddsVolume (HddsVolume.java:<init>(176)) - Creating Volume: /workdir/hadoop-ozone/integration-test/target/test-dir/MiniOzoneClusterImpl-89ab4714-a06f-49fd-a91c-210e479dc798/datanode-6/data/containers/hdds of  storage type : DISK and capacity : 1482555576320
2019-09-10 21:42:32,208 [main] INFO  volume.VolumeSet (VolumeSet.java:initializeVolumeSet(170)) - Added Volume : /workdir/hadoop-ozone/integration-test/target/test-dir/MiniOzoneClusterImpl-89ab4714-a06f-49fd-a91c-210e479dc798/datanode-6/data/containers/hdds to VolumeSet
2019-09-10 21:42:32,208 [main] INFO  volume.ThrottledAsyncChecker (ThrottledAsyncChecker.java:schedule(140)) - Scheduling a check for org.apache.hadoop.ozone.container.common.volume.HddsVolume@5e3db14
2019-09-10 21:42:32,209 [main] INFO  volume.HddsVolumeChecker (HddsVolumeChecker.java:checkAllVolumes(203)) - Scheduled health check for volume org.apache.hadoop.ozone.container.common.volume.HddsVolume@5e3db14
2019-09-10 21:42:32,223 [main] INFO  impl.RaftServerProxy (ConfUtils.java:logGet(43)) - raft.rpc.type = GRPC (default)
2019-09-10 21:42:32,224 [main] INFO  grpc.GrpcFactory (GrpcFactory.java:checkPooledByteBufAllocatorUseCacheForAllThreads(45)) - PERFORMANCE WARNING: useCacheForAllThreads is true that may cause Netty to create a lot garbage objects and, as a result, trigger GC.
	It is recommended to disable useCacheForAllThreads by setting -Dorg.apache.ratis.thirdparty.io.netty.allocator.useCacheForAllThreads=false in command line.
2019-09-10 21:42:32,224 [main] INFO  grpc.GrpcConfigKeys$Server (ConfUtils.java:logGet(43)) - raft.grpc.server.port = 0 (default)
2019-09-10 21:42:32,224 [main] INFO  server.GrpcService (ConfUtils.java:logGet(43)) - raft.grpc.message.size.max = 33570816 (custom)
2019-09-10 21:42:32,224 [main] INFO  server.RaftServerConfigKeys (ConfUtils.java:logGet(43)) - raft.server.log.appender.buffer.byte-limit = 33554432 (custom)
2019-09-10 21:42:32,224 [main] INFO  server.GrpcService (ConfUtils.java:logGet(43)) - raft.grpc.flow.control.window = 1MB (=1048576) (default)
2019-09-10 21:42:32,225 [main] INFO  server.RaftServerConfigKeys (ConfUtils.java:logGet(43)) - raft.server.rpc.request.timeout = 3000ms (default)
2019-09-10 21:42:32,225 [main] INFO  server.RaftServerConfigKeys (ConfUtils.java:logGet(43)) - raft.server.storage.dir = [/workdir/hadoop-ozone/integration-test/target/test-dir/MiniOzoneClusterImpl-89ab4714-a06f-49fd-a91c-210e479dc798/datanode-6/data/ratis] (custom)
2019-09-10 21:42:32,226 [main] INFO  hdfs.DFSUtil (DFSUtil.java:httpServerTemplateForNNAndJN(1641)) - Starting Web-server for hddsDatanode at: http://0.0.0.0:0
2019-09-10 21:42:32,227 [main] INFO  server.AuthenticationFilter (AuthenticationFilter.java:constructSecretProvider(240)) - Unable to initialize FileSignerSecretProvider, falling back to use random secrets.
2019-09-10 21:42:32,227 [main] WARN  http.HttpRequestLog (HttpRequestLog.java:getRequestLog(97)) - Jetty request log can only be enabled using Log4j
2019-09-10 21:42:32,229 [main] INFO  http.HttpServer2 (HttpServer2.java:addGlobalFilter(975)) - Added global filter 'safety' (class=org.apache.hadoop.http.HttpServer2$QuotingInputFilter)
2019-09-10 21:42:32,229 [main] INFO  http.HttpServer2 (HttpServer2.java:addFilter(948)) - Added filter static_user_filter (class=org.apache.hadoop.http.lib.StaticUserWebFilter$StaticUserFilter) to context hddsDatanode
2019-09-10 21:42:32,229 [main] INFO  http.HttpServer2 (HttpServer2.java:addFilter(958)) - Added filter static_user_filter (class=org.apache.hadoop.http.lib.StaticUserWebFilter$StaticUserFilter) to context logs
2019-09-10 21:42:32,230 [main] INFO  http.HttpServer2 (HttpServer2.java:addFilter(958)) - Added filter static_user_filter (class=org.apache.hadoop.http.lib.StaticUserWebFilter$StaticUserFilter) to context static
2019-09-10 21:42:32,230 [main] INFO  http.HttpServer2 (HttpServer2.java:bindListener(1191)) - Jetty bound to port 35720
2019-09-10 21:42:32,230 [main] INFO  server.Server (Server.java:doStart(351)) - jetty-9.3.24.v20180605, build timestamp: 2018-06-05T17:11:56Z, git hash: 84205aa28f11a4f31f2a3b86d1bba2cc8ab69827
2019-09-10 21:42:32,232 [main] INFO  handler.ContextHandler (ContextHandler.java:doStart(781)) - Started o.e.j.s.ServletContextHandler@2d206a71{/logs,file:///workdir/hadoop-ozone/integration-test/target/log,AVAILABLE}
2019-09-10 21:42:32,233 [main] INFO  handler.ContextHandler (ContextHandler.java:doStart(781)) - Started o.e.j.s.ServletContextHandler@3a40bb52{/static,jar:file:/home/user/.m2/repository/org/apache/hadoop/hadoop-hdds-container-service/0.5.0-SNAPSHOT/hadoop-hdds-container-service-0.5.0-SNAPSHOT.jar!/webapps/static,AVAILABLE}
2019-09-10 21:42:32,260 [main] INFO  handler.ContextHandler (ContextHandler.java:doStart(781)) - Started o.e.j.w.WebAppContext@61d60e38{/,file:///tmp/jetty-0.0.0.0-35720-hddsDatanode-_-any-7813870206343207194.dir/webapp/,AVAILABLE}{/hddsDatanode}
2019-09-10 21:42:32,260 [main] INFO  server.AbstractConnector (AbstractConnector.java:doStart(278)) - Started ServerConnector@6e95973c{HTTP/1.1,[http/1.1]}{0.0.0.0:35720}
2019-09-10 21:42:32,260 [main] INFO  server.Server (Server.java:doStart(419)) - Started @621105ms
2019-09-10 21:42:32,266 [main] WARN  impl.MetricsSystemImpl (MetricsSystemImpl.java:register(276)) - Sink prometheus already exists!
2019-09-10 21:42:32,266 [main] INFO  server.BaseHttpServer (BaseHttpServer.java:updateConnectorAddress(215)) - HTTP server of HDDSDATANODE is listening at http://0.0.0.0:35720
2019-09-10 21:42:32,267 [main] INFO  ozone.MiniOzoneClusterImpl (MiniOzoneClusterImpl.java:lambda$waitForClusterToBeReady$0(140)) - Waiting for cluster to be ready. Got 0 of 7 DN Heartbeats.
2019-09-10 21:42:32,268 [org.apache.hadoop.util.JvmPauseMonitor$Monitor@60830e26] INFO  util.JvmPauseMonitor (JvmPauseMonitor.java:run(188)) - Starting JVM pause monitor
2019-09-10 21:42:32,269 [Datanode State Machine Thread - 0] INFO  datanode.InitDatanodeState (InitDatanodeState.java:persistContainerDatanodeDetails(140)) - DatanodeDetails is persisted to /workdir/hadoop-ozone/integration-test/target/test-dir/MiniOzoneClusterImpl-89ab4714-a06f-49fd-a91c-210e479dc798/datanode-6/meta/datanode.id
2019-09-10 21:42:33,267 [main] INFO  ozone.MiniOzoneClusterImpl (MiniOzoneClusterImpl.java:lambda$waitForClusterToBeReady$0(140)) - Waiting for cluster to be ready. Got 0 of 7 DN Heartbeats.
2019-09-10 21:42:33,681 [Datanode State Machine Thread - 0] INFO  ozoneimpl.OzoneContainer (OzoneContainer.java:start(201)) - Attempting to start container services.
2019-09-10 21:42:33,681 [Datanode State Machine Thread - 0] INFO  ozoneimpl.OzoneContainer (OzoneContainer.java:startContainerScrub(175)) - Background container scrubber has been disabled by hdds.containerscrub.enabled
2019-09-10 21:42:33,682 [Datanode State Machine Thread - 0] INFO  ratis.XceiverServerRatis (XceiverServerRatis.java:start(393)) - Starting XceiverServerRatis 8a367430-73c6-4691-a893-24a58d3c5b91 at port 0
2019-09-10 21:42:33,686 [Datanode State Machine Thread - 0] INFO  impl.RaftServerProxy (RaftServerProxy.java:lambda$start$3(299)) - 8a367430-73c6-4691-a893-24a58d3c5b91: start RPC server
2019-09-10 21:42:33,688 [Datanode State Machine Thread - 0] INFO  server.GrpcService (GrpcService.java:startImpl(149)) - 8a367430-73c6-4691-a893-24a58d3c5b91: GrpcService started, listening on 0.0.0.0/0.0.0.0:35277
2019-09-10 21:42:33,688 [Datanode State Machine Thread - 0] INFO  ratis.XceiverServerRatis (XceiverServerRatis.java:start(403)) - XceiverServerRatis 8a367430-73c6-4691-a893-24a58d3c5b91 is started using port 35277
2019-09-10 21:42:33,689 [Datanode State Machine Thread - 0] INFO  server.XceiverServerGrpc (XceiverServerGrpc.java:start(163)) - XceiverServerGrpc 8a367430-73c6-4691-a893-24a58d3c5b91 is started using port 42765
2019-09-10 21:42:33,745 [Datanode State Machine Thread - 0] INFO  ozoneimpl.OzoneContainer (OzoneContainer.java:start(201)) - Attempting to start container services.
2019-09-10 21:42:33,746 [Datanode State Machine Thread - 0] INFO  ozoneimpl.OzoneContainer (OzoneContainer.java:startContainerScrub(175)) - Background container scrubber has been disabled by hdds.containerscrub.enabled
2019-09-10 21:42:33,746 [Datanode State Machine Thread - 0] INFO  ratis.XceiverServerRatis (XceiverServerRatis.java:start(393)) - Starting XceiverServerRatis f933e11a-a116-4831-9071-5b6229b09e88 at port 0
2019-09-10 21:42:33,752 [Datanode State Machine Thread - 0] INFO  impl.RaftServerProxy (RaftServerProxy.java:lambda$start$3(299)) - f933e11a-a116-4831-9071-5b6229b09e88: start RPC server
2019-09-10 21:42:33,754 [Datanode State Machine Thread - 0] INFO  server.GrpcService (GrpcService.java:startImpl(149)) - f933e11a-a116-4831-9071-5b6229b09e88: GrpcService started, listening on 0.0.0.0/0.0.0.0:42911
2019-09-10 21:42:33,754 [Datanode State Machine Thread - 0] INFO  ratis.XceiverServerRatis (XceiverServerRatis.java:start(403)) - XceiverServerRatis f933e11a-a116-4831-9071-5b6229b09e88 is started using port 42911
2019-09-10 21:42:33,755 [Datanode State Machine Thread - 0] INFO  server.XceiverServerGrpc (XceiverServerGrpc.java:start(163)) - XceiverServerGrpc f933e11a-a116-4831-9071-5b6229b09e88 is started using port 42042
2019-09-10 21:42:33,974 [Datanode State Machine Thread - 0] INFO  ozoneimpl.OzoneContainer (OzoneContainer.java:start(201)) - Attempting to start container services.
2019-09-10 21:42:33,974 [Datanode State Machine Thread - 0] INFO  ozoneimpl.OzoneContainer (OzoneContainer.java:startContainerScrub(175)) - Background container scrubber has been disabled by hdds.containerscrub.enabled
2019-09-10 21:42:33,975 [Datanode State Machine Thread - 0] INFO  ratis.XceiverServerRatis (XceiverServerRatis.java:start(393)) - Starting XceiverServerRatis 015512a9-a872-4562-a045-0746d0865c08 at port 0
2019-09-10 21:42:33,981 [Datanode State Machine Thread - 0] INFO  impl.RaftServerProxy (RaftServerProxy.java:lambda$start$3(299)) - 015512a9-a872-4562-a045-0746d0865c08: start RPC server
2019-09-10 21:42:33,982 [Datanode State Machine Thread - 0] INFO  server.GrpcService (GrpcService.java:startImpl(149)) - 015512a9-a872-4562-a045-0746d0865c08: GrpcService started, listening on 0.0.0.0/0.0.0.0:33435
2019-09-10 21:42:33,982 [Datanode State Machine Thread - 0] INFO  ratis.XceiverServerRatis (XceiverServerRatis.java:start(403)) - XceiverServerRatis 015512a9-a872-4562-a045-0746d0865c08 is started using port 33435
2019-09-10 21:42:33,985 [Datanode State Machine Thread - 0] INFO  server.XceiverServerGrpc (XceiverServerGrpc.java:start(163)) - XceiverServerGrpc 015512a9-a872-4562-a045-0746d0865c08 is started using port 33643
2019-09-10 21:42:34,099 [Datanode State Machine Thread - 0] INFO  ozoneimpl.OzoneContainer (OzoneContainer.java:start(201)) - Attempting to start container services.
2019-09-10 21:42:34,099 [Datanode State Machine Thread - 0] INFO  ozoneimpl.OzoneContainer (OzoneContainer.java:startContainerScrub(175)) - Background container scrubber has been disabled by hdds.containerscrub.enabled
2019-09-10 21:42:34,099 [Datanode State Machine Thread - 0] INFO  ratis.XceiverServerRatis (XceiverServerRatis.java:start(393)) - Starting XceiverServerRatis 5ce445f2-79e2-4057-935d-c7a236a581cd at port 0
2019-09-10 21:42:34,107 [Datanode State Machine Thread - 0] INFO  impl.RaftServerProxy (RaftServerProxy.java:lambda$start$3(299)) - 5ce445f2-79e2-4057-935d-c7a236a581cd: start RPC server
2019-09-10 21:42:34,111 [Datanode State Machine Thread - 0] INFO  server.GrpcService (GrpcService.java:startImpl(149)) - 5ce445f2-79e2-4057-935d-c7a236a581cd: GrpcService started, listening on 0.0.0.0/0.0.0.0:40841
2019-09-10 21:42:34,111 [Datanode State Machine Thread - 0] INFO  ratis.XceiverServerRatis (XceiverServerRatis.java:start(403)) - XceiverServerRatis 5ce445f2-79e2-4057-935d-c7a236a581cd is started using port 40841
2019-09-10 21:42:34,112 [Datanode State Machine Thread - 0] INFO  server.XceiverServerGrpc (XceiverServerGrpc.java:start(163)) - XceiverServerGrpc 5ce445f2-79e2-4057-935d-c7a236a581cd is started using port 34065
2019-09-10 21:42:34,141 [Datanode State Machine Thread - 0] INFO  ozoneimpl.OzoneContainer (OzoneContainer.java:start(201)) - Attempting to start container services.
2019-09-10 21:42:34,141 [Datanode State Machine Thread - 0] INFO  ozoneimpl.OzoneContainer (OzoneContainer.java:startContainerScrub(175)) - Background container scrubber has been disabled by hdds.containerscrub.enabled
2019-09-10 21:42:34,141 [Datanode State Machine Thread - 0] INFO  ratis.XceiverServerRatis (XceiverServerRatis.java:start(393)) - Starting XceiverServerRatis 54252f36-17d3-44da-82d9-c462bd19d858 at port 0
2019-09-10 21:42:34,149 [Datanode State Machine Thread - 0] INFO  impl.RaftServerProxy (RaftServerProxy.java:lambda$start$3(299)) - 54252f36-17d3-44da-82d9-c462bd19d858: start RPC server
2019-09-10 21:42:34,149 [Datanode State Machine Thread - 0] INFO  server.GrpcService (GrpcService.java:startImpl(149)) - 54252f36-17d3-44da-82d9-c462bd19d858: GrpcService started, listening on 0.0.0.0/0.0.0.0:35361
2019-09-10 21:42:34,149 [Datanode State Machine Thread - 0] INFO  ratis.XceiverServerRatis (XceiverServerRatis.java:start(403)) - XceiverServerRatis 54252f36-17d3-44da-82d9-c462bd19d858 is started using port 35361
2019-09-10 21:42:34,161 [Datanode State Machine Thread - 0] INFO  server.XceiverServerGrpc (XceiverServerGrpc.java:start(163)) - XceiverServerGrpc 54252f36-17d3-44da-82d9-c462bd19d858 is started using port 40959
2019-09-10 21:42:34,208 [Datanode State Machine Thread - 0] INFO  ozoneimpl.OzoneContainer (OzoneContainer.java:start(201)) - Attempting to start container services.
2019-09-10 21:42:34,209 [Datanode State Machine Thread - 0] INFO  ozoneimpl.OzoneContainer (OzoneContainer.java:startContainerScrub(175)) - Background container scrubber has been disabled by hdds.containerscrub.enabled
2019-09-10 21:42:34,209 [Datanode State Machine Thread - 0] INFO  ratis.XceiverServerRatis (XceiverServerRatis.java:start(393)) - Starting XceiverServerRatis a51c52ab-c67a-438e-9398-785fa2adbd64 at port 0
2019-09-10 21:42:34,217 [Datanode State Machine Thread - 0] INFO  impl.RaftServerProxy (RaftServerProxy.java:lambda$start$3(299)) - a51c52ab-c67a-438e-9398-785fa2adbd64: start RPC server
2019-09-10 21:42:34,218 [Datanode State Machine Thread - 0] INFO  server.GrpcService (GrpcService.java:startImpl(149)) - a51c52ab-c67a-438e-9398-785fa2adbd64: GrpcService started, listening on 0.0.0.0/0.0.0.0:43951
2019-09-10 21:42:34,218 [Datanode State Machine Thread - 0] INFO  ratis.XceiverServerRatis (XceiverServerRatis.java:start(403)) - XceiverServerRatis a51c52ab-c67a-438e-9398-785fa2adbd64 is started using port 43951
2019-09-10 21:42:34,219 [Datanode State Machine Thread - 0] INFO  server.XceiverServerGrpc (XceiverServerGrpc.java:start(163)) - XceiverServerGrpc a51c52ab-c67a-438e-9398-785fa2adbd64 is started using port 33496
2019-09-10 21:42:34,268 [main] INFO  ozone.MiniOzoneClusterImpl (MiniOzoneClusterImpl.java:lambda$waitForClusterToBeReady$0(140)) - Waiting for cluster to be ready. Got 0 of 7 DN Heartbeats.
2019-09-10 21:42:34,277 [Datanode State Machine Thread - 0] INFO  ozoneimpl.OzoneContainer (OzoneContainer.java:start(201)) - Attempting to start container services.
2019-09-10 21:42:34,277 [Datanode State Machine Thread - 0] INFO  ozoneimpl.OzoneContainer (OzoneContainer.java:startContainerScrub(175)) - Background container scrubber has been disabled by hdds.containerscrub.enabled
2019-09-10 21:42:34,277 [Datanode State Machine Thread - 0] INFO  ratis.XceiverServerRatis (XceiverServerRatis.java:start(393)) - Starting XceiverServerRatis 96288502-8d6b-4590-9ac7-525d1ce60e78 at port 0
2019-09-10 21:42:34,285 [Datanode State Machine Thread - 0] INFO  impl.RaftServerProxy (RaftServerProxy.java:lambda$start$3(299)) - 96288502-8d6b-4590-9ac7-525d1ce60e78: start RPC server
2019-09-10 21:42:34,286 [Datanode State Machine Thread - 0] INFO  server.GrpcService (GrpcService.java:startImpl(149)) - 96288502-8d6b-4590-9ac7-525d1ce60e78: GrpcService started, listening on 0.0.0.0/0.0.0.0:45288
2019-09-10 21:42:34,286 [Datanode State Machine Thread - 0] INFO  ratis.XceiverServerRatis (XceiverServerRatis.java:start(403)) - XceiverServerRatis 96288502-8d6b-4590-9ac7-525d1ce60e78 is started using port 45288
2019-09-10 21:42:34,287 [Datanode State Machine Thread - 0] INFO  server.XceiverServerGrpc (XceiverServerGrpc.java:start(163)) - XceiverServerGrpc 96288502-8d6b-4590-9ac7-525d1ce60e78 is started using port 44635
2019-09-10 21:42:35,269 [main] INFO  ozone.MiniOzoneClusterImpl (MiniOzoneClusterImpl.java:lambda$waitForClusterToBeReady$0(140)) - Waiting for cluster to be ready. Got 0 of 7 DN Heartbeats.
2019-09-10 21:42:35,648 [IPC Server handler 0 on 44261] INFO  net.NetworkTopology (NetworkTopologyImpl.java:add(110)) - Added a new node: /default-rack/8a367430-73c6-4691-a893-24a58d3c5b91
2019-09-10 21:42:35,650 [IPC Server handler 0 on 44261] INFO  node.SCMNodeManager (SCMNodeManager.java:register(266)) - Registered Data node : 8a367430-73c6-4691-a893-24a58d3c5b91{ip: 192.168.157.245, host: pr-hdds-2007-wqvw6-2944049611, networkLocation: /default-rack, certSerialId: null}
2019-09-10 21:42:35,651 [EventQueue-NodeRegistrationContainerReportForDataNodeSafeModeRule] INFO  safemode.SCMSafeModeManager (DataNodeSafeModeRule.java:process(71)) - SCM in safe mode. 1 DataNodes registered, 1 required.
2019-09-10 21:42:35,654 [EventQueue-NodeRegistrationContainerReportForDataNodeSafeModeRule] INFO  safemode.SCMSafeModeManager (SCMSafeModeManager.java:validateSafeModeExitRules(177)) - ScmSafeModeManager, all rules are successfully validated
2019-09-10 21:42:35,654 [EventQueue-NodeRegistrationContainerReportForDataNodeSafeModeRule] INFO  safemode.SCMSafeModeManager (SCMSafeModeManager.java:exitSafeMode(193)) - SCM exiting safe mode.
2019-09-10 21:42:35,669 [grpc-default-executor-10] INFO  impl.RaftServerProxy (RaftServerProxy.java:addNew(89)) - 8a367430-73c6-4691-a893-24a58d3c5b91: addNew group-DEB12148E1D0:[8a367430-73c6-4691-a893-24a58d3c5b91:192.168.157.245:35277] returns group-DEB12148E1D0:java.util.concurrent.CompletableFuture@55811639[Not completed]
2019-09-10 21:42:35,671 [pool-409-thread-1] INFO  impl.RaftServerImpl (RaftServerImpl.java:<init>(93)) - 8a367430-73c6-4691-a893-24a58d3c5b91: new RaftServerImpl for group-DEB12148E1D0:[8a367430-73c6-4691-a893-24a58d3c5b91:192.168.157.245:35277] with ContainerStateMachine:uninitialized
2019-09-10 21:42:35,672 [pool-409-thread-1] INFO  server.RaftServerConfigKeys (ConfUtils.java:logGet(43)) - raft.server.rpc.timeout.min = 5s (custom)
2019-09-10 21:42:35,672 [pool-409-thread-1] INFO  server.RaftServerConfigKeys (ConfUtils.java:logGet(43)) - raft.server.rpc.timeout.max = 5200ms (custom)
2019-09-10 21:42:35,672 [pool-409-thread-1] INFO  server.RaftServerConfigKeys (ConfUtils.java:logGet(43)) - raft.server.rpcslowness.timeout = 120s (custom)
2019-09-10 21:42:35,672 [pool-409-thread-1] INFO  server.RaftServerConfigKeys (ConfUtils.java:logGet(43)) - raft.server.sleep.deviation.threshold = 300 (default)
2019-09-10 21:42:35,672 [pool-409-thread-1] INFO  server.RaftServerConfigKeys (ConfUtils.java:logGet(43)) - raft.server.log.appender.install.snapshot.enabled = false (custom)
2019-09-10 21:42:35,673 [pool-409-thread-1] INFO  impl.RaftServerImpl (ServerState.java:<init>(105)) - 8a367430-73c6-4691-a893-24a58d3c5b91:group-DEB12148E1D0 ConfigurationManager, init=-1: [8a367430-73c6-4691-a893-24a58d3c5b91:192.168.157.245:35277], old=null, confs=<EMPTY_MAP>
2019-09-10 21:42:35,673 [pool-409-thread-1] INFO  server.RaftServerConfigKeys (ConfUtils.java:logGet(43)) - raft.server.storage.dir = [/workdir/hadoop-ozone/integration-test/target/test-dir/MiniOzoneClusterImpl-89ab4714-a06f-49fd-a91c-210e479dc798/datanode-0/data/ratis] (custom)
2019-09-10 21:42:35,674 [pool-409-thread-1] INFO  storage.RaftStorageDirectory (RaftStorageDirectory.java:analyzeStorage(246)) - The storage directory /workdir/hadoop-ozone/integration-test/target/test-dir/MiniOzoneClusterImpl-89ab4714-a06f-49fd-a91c-210e479dc798/datanode-0/data/ratis/a2d84266-4f64-48ea-96d6-deb12148e1d0 does not exist. Creating ...
2019-09-10 21:42:35,679 [pool-409-thread-1] INFO  storage.RaftStorageDirectory (RaftStorageDirectory.java:tryLock(328)) - Lock on /workdir/hadoop-ozone/integration-test/target/test-dir/MiniOzoneClusterImpl-89ab4714-a06f-49fd-a91c-210e479dc798/datanode-0/data/ratis/a2d84266-4f64-48ea-96d6-deb12148e1d0/in_use.lock acquired by nodename 3781@pr-hdds-2007-wqvw6-2944049611
2019-09-10 21:42:35,686 [pool-409-thread-1] INFO  storage.RaftStorage (RaftStorage.java:format(72)) - Storage directory /workdir/hadoop-ozone/integration-test/target/test-dir/MiniOzoneClusterImpl-89ab4714-a06f-49fd-a91c-210e479dc798/datanode-0/data/ratis/a2d84266-4f64-48ea-96d6-deb12148e1d0 has been successfully formatted.
2019-09-10 21:42:35,687 [pool-409-thread-1] INFO  ratis.ContainerStateMachine (ContainerStateMachine.java:loadSnapshot(227)) - group-DEB12148E1D0: The snapshot info is null. Setting the last applied indexto:(t:0, i:~)
2019-09-10 21:42:35,687 [pool-409-thread-1] INFO  server.RaftServerConfigKeys (ConfUtils.java:logGet(43)) - raft.server.leader.election.timeout = 120s (custom)
2019-09-10 21:42:35,687 [pool-409-thread-1] INFO  server.RaftServerConfigKeys (ConfUtils.java:logGet(43)) - raft.server.log.use.memory = false (default)
2019-09-10 21:42:35,687 [pool-409-thread-1] INFO  server.RaftServerConfigKeys (ConfUtils.java:logGet(43)) - raft.server.log.purge.gap = 1000000 (custom)
2019-09-10 21:42:35,688 [pool-409-thread-1] INFO  server.RaftServerConfigKeys (ConfUtils.java:logGet(43)) - raft.server.log.appender.buffer.byte-limit = 33554432 (custom)
2019-09-10 21:42:35,688 [pool-409-thread-1] INFO  server.RaftServerConfigKeys (ConfUtils.java:logGet(43)) - raft.server.log.segment.size.max = 1048576 (custom)
2019-09-10 21:42:35,688 [pool-409-thread-1] INFO  server.RaftServerConfigKeys (ConfUtils.java:logGet(43)) - raft.server.log.segment.cache.num.max = 2 (custom)
2019-09-10 21:42:35,688 [pool-409-thread-1] INFO  segmented.SegmentedRaftLogWorker (SegmentedRaftLogWorker.java:<init>(172)) - new 8a367430-73c6-4691-a893-24a58d3c5b91-SegmentedRaftLogWorker:Storage Directory /workdir/hadoop-ozone/integration-test/target/test-dir/MiniOzoneClusterImpl-89ab4714-a06f-49fd-a91c-210e479dc798/datanode-0/data/ratis/a2d84266-4f64-48ea-96d6-deb12148e1d0 for RaftStorage:Storage Directory /workdir/hadoop-ozone/integration-test/target/test-dir/MiniOzoneClusterImpl-89ab4714-a06f-49fd-a91c-210e479dc798/datanode-0/data/ratis/a2d84266-4f64-48ea-96d6-deb12148e1d0
2019-09-10 21:42:35,688 [pool-409-thread-1] INFO  server.RaftServerConfigKeys (ConfUtils.java:logGet(43)) - raft.server.log.queue.byte-limit = 2147483647 (custom)
2019-09-10 21:42:35,689 [pool-409-thread-1] INFO  server.RaftServerConfigKeys (ConfUtils.java:logGet(43)) - raft.server.log.queue.element-limit = 1024 (custom)
2019-09-10 21:42:35,689 [pool-409-thread-1] INFO  server.RaftServerConfigKeys (ConfUtils.java:logGet(43)) - raft.server.log.segment.size.max = 1048576 (custom)
2019-09-10 21:42:35,689 [pool-409-thread-1] INFO  server.RaftServerConfigKeys (ConfUtils.java:logGet(43)) - raft.server.log.preallocated.size = 16384 (custom)
2019-09-10 21:42:35,689 [pool-409-thread-1] INFO  server.RaftServerConfigKeys (ConfUtils.java:logGet(43)) - raft.server.log.write.buffer.size = 33554432 (custom)
2019-09-10 21:42:35,689 [pool-409-thread-1] INFO  server.RaftServerConfigKeys (ConfUtils.java:logGet(43)) - raft.server.log.force.sync.num = 128 (default)
2019-09-10 21:42:35,690 [pool-409-thread-1] INFO  server.RaftServerConfigKeys (ConfUtils.java:logGet(43)) - raft.server.log.statemachine.data.sync = true (default)
2019-09-10 21:42:35,690 [pool-409-thread-1] INFO  server.RaftServerConfigKeys (ConfUtils.java:logGet(43)) - raft.server.log.statemachine.data.sync.timeout = 10s (default)
2019-09-10 21:42:35,690 [pool-409-thread-1] INFO  server.RaftServerConfigKeys (ConfUtils.java:logGet(43)) - raft.server.log.statemachine.data.sync.timeout.retry = -1 (default)
2019-09-10 21:42:35,690 [pool-409-thread-1] INFO  server.RaftServerConfigKeys (ConfUtils.java:logGet(43)) - raft.server.log.statemachine.data.caching.enabled = true (custom)
2019-09-10 21:42:35,691 [pool-409-thread-1] INFO  segmented.SegmentedRaftLogWorker (SegmentedRaftLogWorker.java:lambda$new$0(132)) - 8a367430-73c6-4691-a893-24a58d3c5b91-SegmentedRaftLogWorker:Storage Directory /workdir/hadoop-ozone/integration-test/target/test-dir/MiniOzoneClusterImpl-89ab4714-a06f-49fd-a91c-210e479dc798/datanode-0/data/ratis/a2d84266-4f64-48ea-96d6-deb12148e1d0: flushIndex: setUnconditionally 0 -> -1
2019-09-10 21:42:35,691 [pool-409-thread-1] INFO  server.RaftServerConfigKeys (ConfUtils.java:logGet(43)) - raft.server.snapshot.auto.trigger.enabled = true (custom)
2019-09-10 21:42:35,691 [pool-409-thread-1] INFO  server.RaftServerConfigKeys (ConfUtils.java:logGet(43)) - raft.server.snapshot.auto.trigger.threshold = 10000 (custom)
2019-09-10 21:42:35,692 [pool-409-thread-1] INFO  server.RaftServerConfigKeys (ConfUtils.java:logGet(43)) - raft.server.retrycache.expirytime = 600000ms (custom)
2019-09-10 21:42:35,692 [pool-409-thread-1] INFO  impl.RaftServerImpl (RaftServerImpl.java:start(180)) - 8a367430-73c6-4691-a893-24a58d3c5b91: start group-DEB12148E1D0
2019-09-10 21:42:35,692 [pool-409-thread-1] INFO  impl.RaftServerImpl (RaftServerImpl.java:setRole(171)) - 8a367430-73c6-4691-a893-24a58d3c5b91:group-DEB12148E1D0 changes role from null to FOLLOWER at term 0 for startAsFollower
2019-09-10 21:42:35,692 [pool-409-thread-1] INFO  impl.RoleInfo (RoleInfo.java:updateAndGet(143)) - 8a367430-73c6-4691-a893-24a58d3c5b91: start FollowerState
2019-09-10 21:42:35,693 [pool-409-thread-1] INFO  util.JmxRegister (JmxRegister.java:tryRegister(44)) - Successfully registered JMX Bean with object name Ratis:service=RaftServer,group=group-DEB12148E1D0,id=8a367430-73c6-4691-a893-24a58d3c5b91
2019-09-10 21:42:35,696 [RatisPipelineUtilsThread] INFO  pipeline.PipelineStateManager (PipelineStateManager.java:addPipeline(56)) - Created pipeline Pipeline[ Id: a2d84266-4f64-48ea-96d6-deb12148e1d0, Nodes: 8a367430-73c6-4691-a893-24a58d3c5b91{ip: 192.168.157.245, host: pr-hdds-2007-wqvw6-2944049611, networkLocation: /default-rack, certSerialId: null}, Type:RATIS, Factor:ONE, State:OPEN]
2019-09-10 21:42:35,730 [IPC Server handler 19 on 44261] INFO  net.NetworkTopology (NetworkTopologyImpl.java:add(110)) - Added a new node: /default-rack/f933e11a-a116-4831-9071-5b6229b09e88
2019-09-10 21:42:35,730 [IPC Server handler 19 on 44261] INFO  node.SCMNodeManager (SCMNodeManager.java:register(266)) - Registered Data node : f933e11a-a116-4831-9071-5b6229b09e88{ip: 192.168.157.245, host: pr-hdds-2007-wqvw6-2944049611, networkLocation: /default-rack, certSerialId: null}
2019-09-10 21:42:35,739 [grpc-default-executor-10] INFO  impl.RaftServerProxy (RaftServerProxy.java:addNew(89)) - f933e11a-a116-4831-9071-5b6229b09e88: addNew group-6008B8967713:[f933e11a-a116-4831-9071-5b6229b09e88:192.168.157.245:42911] returns group-6008B8967713:java.util.concurrent.CompletableFuture@6dde0093[Not completed]
2019-09-10 21:42:35,740 [pool-419-thread-1] INFO  impl.RaftServerImpl (RaftServerImpl.java:<init>(93)) - f933e11a-a116-4831-9071-5b6229b09e88: new RaftServerImpl for group-6008B8967713:[f933e11a-a116-4831-9071-5b6229b09e88:192.168.157.245:42911] with ContainerStateMachine:uninitialized
2019-09-10 21:42:35,740 [pool-419-thread-1] INFO  server.RaftServerConfigKeys (ConfUtils.java:logGet(43)) - raft.server.rpc.timeout.min = 5s (custom)
2019-09-10 21:42:35,740 [pool-419-thread-1] INFO  server.RaftServerConfigKeys (ConfUtils.java:logGet(43)) - raft.server.rpc.timeout.max = 5200ms (custom)
2019-09-10 21:42:35,740 [pool-419-thread-1] INFO  server.RaftServerConfigKeys (ConfUtils.java:logGet(43)) - raft.server.rpcslowness.timeout = 120s (custom)
2019-09-10 21:42:35,741 [pool-419-thread-1] INFO  server.RaftServerConfigKeys (ConfUtils.java:logGet(43)) - raft.server.sleep.deviation.threshold = 300 (default)
2019-09-10 21:42:35,741 [pool-419-thread-1] INFO  server.RaftServerConfigKeys (ConfUtils.java:logGet(43)) - raft.server.log.appender.install.snapshot.enabled = false (custom)
2019-09-10 21:42:35,741 [pool-419-thread-1] INFO  impl.RaftServerImpl (ServerState.java:<init>(105)) - f933e11a-a116-4831-9071-5b6229b09e88:group-6008B8967713 ConfigurationManager, init=-1: [f933e11a-a116-4831-9071-5b6229b09e88:192.168.157.245:42911], old=null, confs=<EMPTY_MAP>
2019-09-10 21:42:35,741 [pool-419-thread-1] INFO  server.RaftServerConfigKeys (ConfUtils.java:logGet(43)) - raft.server.storage.dir = [/workdir/hadoop-ozone/integration-test/target/test-dir/MiniOzoneClusterImpl-89ab4714-a06f-49fd-a91c-210e479dc798/datanode-1/data/ratis] (custom)
2019-09-10 21:42:35,741 [pool-419-thread-1] INFO  storage.RaftStorageDirectory (RaftStorageDirectory.java:analyzeStorage(246)) - The storage directory /workdir/hadoop-ozone/integration-test/target/test-dir/MiniOzoneClusterImpl-89ab4714-a06f-49fd-a91c-210e479dc798/datanode-1/data/ratis/f6fa17c2-8dd9-4c9e-8f3d-6008b8967713 does not exist. Creating ...
2019-09-10 21:42:35,749 [pool-419-thread-1] INFO  storage.RaftStorageDirectory (RaftStorageDirectory.java:tryLock(328)) - Lock on /workdir/hadoop-ozone/integration-test/target/test-dir/MiniOzoneClusterImpl-89ab4714-a06f-49fd-a91c-210e479dc798/datanode-1/data/ratis/f6fa17c2-8dd9-4c9e-8f3d-6008b8967713/in_use.lock acquired by nodename 3781@pr-hdds-2007-wqvw6-2944049611
2019-09-10 21:42:35,757 [pool-419-thread-1] INFO  storage.RaftStorage (RaftStorage.java:format(72)) - Storage directory /workdir/hadoop-ozone/integration-test/target/test-dir/MiniOzoneClusterImpl-89ab4714-a06f-49fd-a91c-210e479dc798/datanode-1/data/ratis/f6fa17c2-8dd9-4c9e-8f3d-6008b8967713 has been successfully formatted.
2019-09-10 21:42:35,757 [pool-419-thread-1] INFO  ratis.ContainerStateMachine (ContainerStateMachine.java:loadSnapshot(227)) - group-6008B8967713: The snapshot info is null. Setting the last applied indexto:(t:0, i:~)
2019-09-10 21:42:35,757 [pool-419-thread-1] INFO  server.RaftServerConfigKeys (ConfUtils.java:logGet(43)) - raft.server.leader.election.timeout = 120s (custom)
2019-09-10 21:42:35,757 [pool-419-thread-1] INFO  server.RaftServerConfigKeys (ConfUtils.java:logGet(43)) - raft.server.log.use.memory = false (default)
2019-09-10 21:42:35,757 [pool-419-thread-1] INFO  server.RaftServerConfigKeys (ConfUtils.java:logGet(43)) - raft.server.log.purge.gap = 1000000 (custom)
2019-09-10 21:42:35,757 [pool-419-thread-1] INFO  server.RaftServerConfigKeys (ConfUtils.java:logGet(43)) - raft.server.log.appender.buffer.byte-limit = 33554432 (custom)
2019-09-10 21:42:35,758 [pool-419-thread-1] INFO  server.RaftServerConfigKeys (ConfUtils.java:logGet(43)) - raft.server.log.segment.size.max = 1048576 (custom)
2019-09-10 21:42:35,758 [pool-419-thread-1] INFO  server.RaftServerConfigKeys (ConfUtils.java:logGet(43)) - raft.server.log.segment.cache.num.max = 2 (custom)
2019-09-10 21:42:35,758 [pool-419-thread-1] INFO  segmented.SegmentedRaftLogWorker (SegmentedRaftLogWorker.java:<init>(172)) - new f933e11a-a116-4831-9071-5b6229b09e88-SegmentedRaftLogWorker:Storage Directory /workdir/hadoop-ozone/integration-test/target/test-dir/MiniOzoneClusterImpl-89ab4714-a06f-49fd-a91c-210e479dc798/datanode-1/data/ratis/f6fa17c2-8dd9-4c9e-8f3d-6008b8967713 for RaftStorage:Storage Directory /workdir/hadoop-ozone/integration-test/target/test-dir/MiniOzoneClusterImpl-89ab4714-a06f-49fd-a91c-210e479dc798/datanode-1/data/ratis/f6fa17c2-8dd9-4c9e-8f3d-6008b8967713
2019-09-10 21:42:35,758 [pool-419-thread-1] INFO  server.RaftServerConfigKeys (ConfUtils.java:logGet(43)) - raft.server.log.queue.byte-limit = 2147483647 (custom)
2019-09-10 21:42:35,758 [pool-419-thread-1] INFO  server.RaftServerConfigKeys (ConfUtils.java:logGet(43)) - raft.server.log.queue.element-limit = 1024 (custom)
2019-09-10 21:42:35,758 [pool-419-thread-1] INFO  server.RaftServerConfigKeys (ConfUtils.java:logGet(43)) - raft.server.log.segment.size.max = 1048576 (custom)
2019-09-10 21:42:35,758 [pool-419-thread-1] INFO  server.RaftServerConfigKeys (ConfUtils.java:logGet(43)) - raft.server.log.preallocated.size = 16384 (custom)
2019-09-10 21:42:35,759 [pool-419-thread-1] INFO  server.RaftServerConfigKeys (ConfUtils.java:logGet(43)) - raft.server.log.write.buffer.size = 33554432 (custom)
2019-09-10 21:42:35,759 [pool-419-thread-1] INFO  server.RaftServerConfigKeys (ConfUtils.java:logGet(43)) - raft.server.log.force.sync.num = 128 (default)
2019-09-10 21:42:35,759 [pool-419-thread-1] INFO  server.RaftServerConfigKeys (ConfUtils.java:logGet(43)) - raft.server.log.statemachine.data.sync = true (default)
2019-09-10 21:42:35,759 [pool-419-thread-1] INFO  server.RaftServerConfigKeys (ConfUtils.java:logGet(43)) - raft.server.log.statemachine.data.sync.timeout = 10s (default)
2019-09-10 21:42:35,759 [pool-419-thread-1] INFO  server.RaftServerConfigKeys (ConfUtils.java:logGet(43)) - raft.server.log.statemachine.data.sync.timeout.retry = -1 (default)
2019-09-10 21:42:35,759 [pool-419-thread-1] INFO  server.RaftServerConfigKeys (ConfUtils.java:logGet(43)) - raft.server.log.statemachine.data.caching.enabled = true (custom)
2019-09-10 21:42:35,760 [pool-419-thread-1] INFO  segmented.SegmentedRaftLogWorker (SegmentedRaftLogWorker.java:lambda$new$0(132)) - f933e11a-a116-4831-9071-5b6229b09e88-SegmentedRaftLogWorker:Storage Directory /workdir/hadoop-ozone/integration-test/target/test-dir/MiniOzoneClusterImpl-89ab4714-a06f-49fd-a91c-210e479dc798/datanode-1/data/ratis/f6fa17c2-8dd9-4c9e-8f3d-6008b8967713: flushIndex: setUnconditionally 0 -> -1
2019-09-10 21:42:35,760 [pool-419-thread-1] INFO  server.RaftServerConfigKeys (ConfUtils.java:logGet(43)) - raft.server.snapshot.auto.trigger.enabled = true (custom)
2019-09-10 21:42:35,760 [pool-419-thread-1] INFO  server.RaftServerConfigKeys (ConfUtils.java:logGet(43)) - raft.server.snapshot.auto.trigger.threshold = 10000 (custom)
2019-09-10 21:42:35,761 [pool-419-thread-1] INFO  server.RaftServerConfigKeys (ConfUtils.java:logGet(43)) - raft.server.retrycache.expirytime = 600000ms (custom)
2019-09-10 21:42:35,761 [pool-419-thread-1] INFO  impl.RaftServerImpl (RaftServerImpl.java:start(180)) - f933e11a-a116-4831-9071-5b6229b09e88: start group-6008B8967713
2019-09-10 21:42:35,761 [pool-419-thread-1] INFO  impl.RaftServerImpl (RaftServerImpl.java:setRole(171)) - f933e11a-a116-4831-9071-5b6229b09e88:group-6008B8967713 changes role from null to FOLLOWER at term 0 for startAsFollower
2019-09-10 21:42:35,761 [pool-419-thread-1] INFO  impl.RoleInfo (RoleInfo.java:updateAndGet(143)) - f933e11a-a116-4831-9071-5b6229b09e88: start FollowerState
2019-09-10 21:42:35,762 [pool-419-thread-1] INFO  util.JmxRegister (JmxRegister.java:tryRegister(44)) - Successfully registered JMX Bean with object name Ratis:service=RaftServer,group=group-6008B8967713,id=f933e11a-a116-4831-9071-5b6229b09e88
2019-09-10 21:42:35,764 [RatisPipelineUtilsThread] INFO  pipeline.PipelineStateManager (PipelineStateManager.java:addPipeline(56)) - Created pipeline Pipeline[ Id: f6fa17c2-8dd9-4c9e-8f3d-6008b8967713, Nodes: f933e11a-a116-4831-9071-5b6229b09e88{ip: 192.168.157.245, host: pr-hdds-2007-wqvw6-2944049611, networkLocation: /default-rack, certSerialId: null}, Type:RATIS, Factor:ONE, State:OPEN]
2019-09-10 21:42:35,959 [IPC Server handler 17 on 44261] INFO  net.NetworkTopology (NetworkTopologyImpl.java:add(110)) - Added a new node: /default-rack/015512a9-a872-4562-a045-0746d0865c08
2019-09-10 21:42:35,960 [IPC Server handler 17 on 44261] INFO  node.SCMNodeManager (SCMNodeManager.java:register(266)) - Registered Data node : 015512a9-a872-4562-a045-0746d0865c08{ip: 192.168.157.245, host: pr-hdds-2007-wqvw6-2944049611, networkLocation: /default-rack, certSerialId: null}
2019-09-10 21:42:35,968 [grpc-default-executor-10] INFO  impl.RaftServerProxy (RaftServerProxy.java:addNew(89)) - 015512a9-a872-4562-a045-0746d0865c08: addNew group-2D7E53BB3862:[015512a9-a872-4562-a045-0746d0865c08:192.168.157.245:33435] returns group-2D7E53BB3862:java.util.concurrent.CompletableFuture@6da42568[Not completed]
2019-09-10 21:42:35,970 [pool-429-thread-1] INFO  impl.RaftServerImpl (RaftServerImpl.java:<init>(93)) - 015512a9-a872-4562-a045-0746d0865c08: new RaftServerImpl for group-2D7E53BB3862:[015512a9-a872-4562-a045-0746d0865c08:192.168.157.245:33435] with ContainerStateMachine:uninitialized
2019-09-10 21:42:35,970 [pool-429-thread-1] INFO  server.RaftServerConfigKeys (ConfUtils.java:logGet(43)) - raft.server.rpc.timeout.min = 5s (custom)
2019-09-10 21:42:35,970 [pool-429-thread-1] INFO  server.RaftServerConfigKeys (ConfUtils.java:logGet(43)) - raft.server.rpc.timeout.max = 5200ms (custom)
2019-09-10 21:42:35,970 [pool-429-thread-1] INFO  server.RaftServerConfigKeys (ConfUtils.java:logGet(43)) - raft.server.rpcslowness.timeout = 120s (custom)
2019-09-10 21:42:35,970 [pool-429-thread-1] INFO  server.RaftServerConfigKeys (ConfUtils.java:logGet(43)) - raft.server.sleep.deviation.threshold = 300 (default)
2019-09-10 21:42:35,970 [pool-429-thread-1] INFO  server.RaftServerConfigKeys (ConfUtils.java:logGet(43)) - raft.server.log.appender.install.snapshot.enabled = false (custom)
2019-09-10 21:42:35,971 [pool-429-thread-1] INFO  impl.RaftServerImpl (ServerState.java:<init>(105)) - 015512a9-a872-4562-a045-0746d0865c08:group-2D7E53BB3862 ConfigurationManager, init=-1: [015512a9-a872-4562-a045-0746d0865c08:192.168.157.245:33435], old=null, confs=<EMPTY_MAP>
2019-09-10 21:42:35,971 [pool-429-thread-1] INFO  server.RaftServerConfigKeys (ConfUtils.java:logGet(43)) - raft.server.storage.dir = [/workdir/hadoop-ozone/integration-test/target/test-dir/MiniOzoneClusterImpl-89ab4714-a06f-49fd-a91c-210e479dc798/datanode-2/data/ratis] (custom)
2019-09-10 21:42:35,971 [pool-429-thread-1] INFO  storage.RaftStorageDirectory (RaftStorageDirectory.java:analyzeStorage(246)) - The storage directory /workdir/hadoop-ozone/integration-test/target/test-dir/MiniOzoneClusterImpl-89ab4714-a06f-49fd-a91c-210e479dc798/datanode-2/data/ratis/45021292-2da5-4f95-a95f-2d7e53bb3862 does not exist. Creating ...
2019-09-10 21:42:35,985 [pool-429-thread-1] INFO  storage.RaftStorageDirectory (RaftStorageDirectory.java:tryLock(328)) - Lock on /workdir/hadoop-ozone/integration-test/target/test-dir/MiniOzoneClusterImpl-89ab4714-a06f-49fd-a91c-210e479dc798/datanode-2/data/ratis/45021292-2da5-4f95-a95f-2d7e53bb3862/in_use.lock acquired by nodename 3781@pr-hdds-2007-wqvw6-2944049611
2019-09-10 21:42:35,994 [pool-429-thread-1] INFO  storage.RaftStorage (RaftStorage.java:format(72)) - Storage directory /workdir/hadoop-ozone/integration-test/target/test-dir/MiniOzoneClusterImpl-89ab4714-a06f-49fd-a91c-210e479dc798/datanode-2/data/ratis/45021292-2da5-4f95-a95f-2d7e53bb3862 has been successfully formatted.
2019-09-10 21:42:35,994 [pool-429-thread-1] INFO  ratis.ContainerStateMachine (ContainerStateMachine.java:loadSnapshot(227)) - group-2D7E53BB3862: The snapshot info is null. Setting the last applied indexto:(t:0, i:~)
2019-09-10 21:42:35,994 [pool-429-thread-1] INFO  server.RaftServerConfigKeys (ConfUtils.java:logGet(43)) - raft.server.leader.election.timeout = 120s (custom)
2019-09-10 21:42:35,994 [pool-429-thread-1] INFO  server.RaftServerConfigKeys (ConfUtils.java:logGet(43)) - raft.server.log.use.memory = false (default)
2019-09-10 21:42:35,994 [pool-429-thread-1] INFO  server.RaftServerConfigKeys (ConfUtils.java:logGet(43)) - raft.server.log.purge.gap = 1000000 (custom)
2019-09-10 21:42:35,994 [pool-429-thread-1] INFO  server.RaftServerConfigKeys (ConfUtils.java:logGet(43)) - raft.server.log.appender.buffer.byte-limit = 33554432 (custom)
2019-09-10 21:42:35,995 [pool-429-thread-1] INFO  server.RaftServerConfigKeys (ConfUtils.java:logGet(43)) - raft.server.log.segment.size.max = 1048576 (custom)
2019-09-10 21:42:35,995 [pool-429-thread-1] INFO  server.RaftServerConfigKeys (ConfUtils.java:logGet(43)) - raft.server.log.segment.cache.num.max = 2 (custom)
2019-09-10 21:42:35,995 [pool-429-thread-1] INFO  segmented.SegmentedRaftLogWorker (SegmentedRaftLogWorker.java:<init>(172)) - new 015512a9-a872-4562-a045-0746d0865c08-SegmentedRaftLogWorker:Storage Directory /workdir/hadoop-ozone/integration-test/target/test-dir/MiniOzoneClusterImpl-89ab4714-a06f-49fd-a91c-210e479dc798/datanode-2/data/ratis/45021292-2da5-4f95-a95f-2d7e53bb3862 for RaftStorage:Storage Directory /workdir/hadoop-ozone/integration-test/target/test-dir/MiniOzoneClusterImpl-89ab4714-a06f-49fd-a91c-210e479dc798/datanode-2/data/ratis/45021292-2da5-4f95-a95f-2d7e53bb3862
2019-09-10 21:42:35,995 [pool-429-thread-1] INFO  server.RaftServerConfigKeys (ConfUtils.java:logGet(43)) - raft.server.log.queue.byte-limit = 2147483647 (custom)
2019-09-10 21:42:35,995 [pool-429-thread-1] INFO  server.RaftServerConfigKeys (ConfUtils.java:logGet(43)) - raft.server.log.queue.element-limit = 1024 (custom)
2019-09-10 21:42:35,995 [pool-429-thread-1] INFO  server.RaftServerConfigKeys (ConfUtils.java:logGet(43)) - raft.server.log.segment.size.max = 1048576 (custom)
2019-09-10 21:42:35,996 [pool-429-thread-1] INFO  server.RaftServerConfigKeys (ConfUtils.java:logGet(43)) - raft.server.log.preallocated.size = 16384 (custom)
2019-09-10 21:42:35,996 [pool-429-thread-1] INFO  server.RaftServerConfigKeys (ConfUtils.java:logGet(43)) - raft.server.log.write.buffer.size = 33554432 (custom)
2019-09-10 21:42:35,996 [pool-429-thread-1] INFO  server.RaftServerConfigKeys (ConfUtils.java:logGet(43)) - raft.server.log.force.sync.num = 128 (default)
2019-09-10 21:42:35,996 [pool-429-thread-1] INFO  server.RaftServerConfigKeys (ConfUtils.java:logGet(43)) - raft.server.log.statemachine.data.sync = true (default)
2019-09-10 21:42:35,996 [pool-429-thread-1] INFO  server.RaftServerConfigKeys (ConfUtils.java:logGet(43)) - raft.server.log.statemachine.data.sync.timeout = 10s (default)
2019-09-10 21:42:35,996 [pool-429-thread-1] INFO  server.RaftServerConfigKeys (ConfUtils.java:logGet(43)) - raft.server.log.statemachine.data.sync.timeout.retry = -1 (default)
2019-09-10 21:42:35,996 [pool-429-thread-1] INFO  server.RaftServerConfigKeys (ConfUtils.java:logGet(43)) - raft.server.log.statemachine.data.caching.enabled = true (custom)
2019-09-10 21:42:35,997 [pool-429-thread-1] INFO  segmented.SegmentedRaftLogWorker (SegmentedRaftLogWorker.java:lambda$new$0(132)) - 015512a9-a872-4562-a045-0746d0865c08-SegmentedRaftLogWorker:Storage Directory /workdir/hadoop-ozone/integration-test/target/test-dir/MiniOzoneClusterImpl-89ab4714-a06f-49fd-a91c-210e479dc798/datanode-2/data/ratis/45021292-2da5-4f95-a95f-2d7e53bb3862: flushIndex: setUnconditionally 0 -> -1
2019-09-10 21:42:35,997 [pool-429-thread-1] INFO  server.RaftServerConfigKeys (ConfUtils.java:logGet(43)) - raft.server.snapshot.auto.trigger.enabled = true (custom)
2019-09-10 21:42:35,997 [pool-429-thread-1] INFO  server.RaftServerConfigKeys (ConfUtils.java:logGet(43)) - raft.server.snapshot.auto.trigger.threshold = 10000 (custom)
2019-09-10 21:42:35,997 [pool-429-thread-1] INFO  server.RaftServerConfigKeys (ConfUtils.java:logGet(43)) - raft.server.retrycache.expirytime = 600000ms (custom)
2019-09-10 21:42:35,998 [pool-429-thread-1] INFO  impl.RaftServerImpl (RaftServerImpl.java:start(180)) - 015512a9-a872-4562-a045-0746d0865c08: start group-2D7E53BB3862
2019-09-10 21:42:35,998 [pool-429-thread-1] INFO  impl.RaftServerImpl (RaftServerImpl.java:setRole(171)) - 015512a9-a872-4562-a045-0746d0865c08:group-2D7E53BB3862 changes role from null to FOLLOWER at term 0 for startAsFollower
2019-09-10 21:42:35,998 [pool-429-thread-1] INFO  impl.RoleInfo (RoleInfo.java:updateAndGet(143)) - 015512a9-a872-4562-a045-0746d0865c08: start FollowerState
2019-09-10 21:42:35,998 [pool-429-thread-1] INFO  util.JmxRegister (JmxRegister.java:tryRegister(44)) - Successfully registered JMX Bean with object name Ratis:service=RaftServer,group=group-2D7E53BB3862,id=015512a9-a872-4562-a045-0746d0865c08
2019-09-10 21:42:36,001 [RatisPipelineUtilsThread] INFO  pipeline.PipelineStateManager (PipelineStateManager.java:addPipeline(56)) - Created pipeline Pipeline[ Id: 45021292-2da5-4f95-a95f-2d7e53bb3862, Nodes: 015512a9-a872-4562-a045-0746d0865c08{ip: 192.168.157.245, host: pr-hdds-2007-wqvw6-2944049611, networkLocation: /default-rack, certSerialId: null}, Type:RATIS, Factor:ONE, State:OPEN]
2019-09-10 21:42:36,015 [grpc-default-executor-9] INFO  impl.RaftServerProxy (RaftServerProxy.java:addNew(89)) - 8a367430-73c6-4691-a893-24a58d3c5b91: addNew group-375B930B3664:[f933e11a-a116-4831-9071-5b6229b09e88:192.168.157.245:42911, 015512a9-a872-4562-a045-0746d0865c08:192.168.157.245:33435, 8a367430-73c6-4691-a893-24a58d3c5b91:192.168.157.245:35277] returns group-375B930B3664:java.util.concurrent.CompletableFuture@4cec6d48[Not completed]
2019-09-10 21:42:36,015 [grpc-default-executor-4] INFO  impl.RaftServerProxy (RaftServerProxy.java:addNew(89)) - f933e11a-a116-4831-9071-5b6229b09e88: addNew group-375B930B3664:[f933e11a-a116-4831-9071-5b6229b09e88:192.168.157.245:42911, 015512a9-a872-4562-a045-0746d0865c08:192.168.157.245:33435, 8a367430-73c6-4691-a893-24a58d3c5b91:192.168.157.245:35277] returns group-375B930B3664:java.util.concurrent.CompletableFuture@22538d78[Not completed]
2019-09-10 21:42:36,016 [grpc-default-executor-10] INFO  impl.RaftServerProxy (RaftServerProxy.java:addNew(89)) - 015512a9-a872-4562-a045-0746d0865c08: addNew group-375B930B3664:[f933e11a-a116-4831-9071-5b6229b09e88:192.168.157.245:42911, 015512a9-a872-4562-a045-0746d0865c08:192.168.157.245:33435, 8a367430-73c6-4691-a893-24a58d3c5b91:192.168.157.245:35277] returns group-375B930B3664:java.util.concurrent.CompletableFuture@5f61c29f[Not completed]
2019-09-10 21:42:36,017 [pool-409-thread-1] INFO  impl.RaftServerImpl (RaftServerImpl.java:<init>(93)) - 8a367430-73c6-4691-a893-24a58d3c5b91: new RaftServerImpl for group-375B930B3664:[f933e11a-a116-4831-9071-5b6229b09e88:192.168.157.245:42911, 015512a9-a872-4562-a045-0746d0865c08:192.168.157.245:33435, 8a367430-73c6-4691-a893-24a58d3c5b91:192.168.157.245:35277] with ContainerStateMachine:uninitialized
2019-09-10 21:42:36,017 [pool-409-thread-1] INFO  server.RaftServerConfigKeys (ConfUtils.java:logGet(43)) - raft.server.rpc.timeout.min = 5s (custom)
2019-09-10 21:42:36,017 [pool-409-thread-1] INFO  server.RaftServerConfigKeys (ConfUtils.java:logGet(43)) - raft.server.rpc.timeout.max = 5200ms (custom)
2019-09-10 21:42:36,017 [pool-409-thread-1] INFO  server.RaftServerConfigKeys (ConfUtils.java:logGet(43)) - raft.server.rpcslowness.timeout = 120s (custom)
2019-09-10 21:42:36,017 [pool-409-thread-1] INFO  server.RaftServerConfigKeys (ConfUtils.java:logGet(43)) - raft.server.sleep.deviation.threshold = 300 (default)
2019-09-10 21:42:36,017 [pool-429-thread-1] INFO  impl.RaftServerImpl (RaftServerImpl.java:<init>(93)) - 015512a9-a872-4562-a045-0746d0865c08: new RaftServerImpl for group-375B930B3664:[f933e11a-a116-4831-9071-5b6229b09e88:192.168.157.245:42911, 015512a9-a872-4562-a045-0746d0865c08:192.168.157.245:33435, 8a367430-73c6-4691-a893-24a58d3c5b91:192.168.157.245:35277] with ContainerStateMachine:uninitialized
2019-09-10 21:42:36,017 [pool-409-thread-1] INFO  server.RaftServerConfigKeys (ConfUtils.java:logGet(43)) - raft.server.log.appender.install.snapshot.enabled = false (custom)
2019-09-10 21:42:36,018 [pool-429-thread-1] INFO  server.RaftServerConfigKeys (ConfUtils.java:logGet(43)) - raft.server.rpc.timeout.min = 5s (custom)
2019-09-10 21:42:36,018 [pool-409-thread-1] INFO  impl.RaftServerImpl (ServerState.java:<init>(105)) - 8a367430-73c6-4691-a893-24a58d3c5b91:group-375B930B3664 ConfigurationManager, init=-1: [f933e11a-a116-4831-9071-5b6229b09e88:192.168.157.245:42911, 015512a9-a872-4562-a045-0746d0865c08:192.168.157.245:33435, 8a367430-73c6-4691-a893-24a58d3c5b91:192.168.157.245:35277], old=null, confs=<EMPTY_MAP>
2019-09-10 21:42:36,018 [pool-429-thread-1] INFO  server.RaftServerConfigKeys (ConfUtils.java:logGet(43)) - raft.server.rpc.timeout.max = 5200ms (custom)
2019-09-10 21:42:36,018 [pool-409-thread-1] INFO  server.RaftServerConfigKeys (ConfUtils.java:logGet(43)) - raft.server.storage.dir = [/workdir/hadoop-ozone/integration-test/target/test-dir/MiniOzoneClusterImpl-89ab4714-a06f-49fd-a91c-210e479dc798/datanode-0/data/ratis] (custom)
2019-09-10 21:42:36,018 [pool-429-thread-1] INFO  server.RaftServerConfigKeys (ConfUtils.java:logGet(43)) - raft.server.rpcslowness.timeout = 120s (custom)
2019-09-10 21:42:36,018 [pool-419-thread-1] INFO  impl.RaftServerImpl (RaftServerImpl.java:<init>(93)) - f933e11a-a116-4831-9071-5b6229b09e88: new RaftServerImpl for group-375B930B3664:[f933e11a-a116-4831-9071-5b6229b09e88:192.168.157.245:42911, 015512a9-a872-4562-a045-0746d0865c08:192.168.157.245:33435, 8a367430-73c6-4691-a893-24a58d3c5b91:192.168.157.245:35277] with ContainerStateMachine:uninitialized
2019-09-10 21:42:36,018 [pool-429-thread-1] INFO  server.RaftServerConfigKeys (ConfUtils.java:logGet(43)) - raft.server.sleep.deviation.threshold = 300 (default)
2019-09-10 21:42:36,018 [pool-419-thread-1] INFO  server.RaftServerConfigKeys (ConfUtils.java:logGet(43)) - raft.server.rpc.timeout.min = 5s (custom)
2019-09-10 21:42:36,018 [pool-409-thread-1] INFO  storage.RaftStorageDirectory (RaftStorageDirectory.java:analyzeStorage(246)) - The storage directory /workdir/hadoop-ozone/integration-test/target/test-dir/MiniOzoneClusterImpl-89ab4714-a06f-49fd-a91c-210e479dc798/datanode-0/data/ratis/d5e3a037-8037-4c31-aa7e-375b930b3664 does not exist. Creating ...
2019-09-10 21:42:36,019 [pool-419-thread-1] INFO  server.RaftServerConfigKeys (ConfUtils.java:logGet(43)) - raft.server.rpc.timeout.max = 5200ms (custom)
2019-09-10 21:42:36,019 [pool-429-thread-1] INFO  server.RaftServerConfigKeys (ConfUtils.java:logGet(43)) - raft.server.log.appender.install.snapshot.enabled = false (custom)
2019-09-10 21:42:36,019 [pool-419-thread-1] INFO  server.RaftServerConfigKeys (ConfUtils.java:logGet(43)) - raft.server.rpcslowness.timeout = 120s (custom)
2019-09-10 21:42:36,019 [pool-429-thread-1] INFO  impl.RaftServerImpl (ServerState.java:<init>(105)) - 015512a9-a872-4562-a045-0746d0865c08:group-375B930B3664 ConfigurationManager, init=-1: [f933e11a-a116-4831-9071-5b6229b09e88:192.168.157.245:42911, 015512a9-a872-4562-a045-0746d0865c08:192.168.157.245:33435, 8a367430-73c6-4691-a893-24a58d3c5b91:192.168.157.245:35277], old=null, confs=<EMPTY_MAP>
2019-09-10 21:42:36,019 [pool-419-thread-1] INFO  server.RaftServerConfigKeys (ConfUtils.java:logGet(43)) - raft.server.sleep.deviation.threshold = 300 (default)
2019-09-10 21:42:36,019 [pool-429-thread-1] INFO  server.RaftServerConfigKeys (ConfUtils.java:logGet(43)) - raft.server.storage.dir = [/workdir/hadoop-ozone/integration-test/target/test-dir/MiniOzoneClusterImpl-89ab4714-a06f-49fd-a91c-210e479dc798/datanode-2/data/ratis] (custom)
2019-09-10 21:42:36,019 [pool-419-thread-1] INFO  server.RaftServerConfigKeys (ConfUtils.java:logGet(43)) - raft.server.log.appender.install.snapshot.enabled = false (custom)
2019-09-10 21:42:36,020 [pool-419-thread-1] INFO  impl.RaftServerImpl (ServerState.java:<init>(105)) - f933e11a-a116-4831-9071-5b6229b09e88:group-375B930B3664 ConfigurationManager, init=-1: [f933e11a-a116-4831-9071-5b6229b09e88:192.168.157.245:42911, 015512a9-a872-4562-a045-0746d0865c08:192.168.157.245:33435, 8a367430-73c6-4691-a893-24a58d3c5b91:192.168.157.245:35277], old=null, confs=<EMPTY_MAP>
2019-09-10 21:42:36,020 [pool-429-thread-1] INFO  storage.RaftStorageDirectory (RaftStorageDirectory.java:analyzeStorage(246)) - The storage directory /workdir/hadoop-ozone/integration-test/target/test-dir/MiniOzoneClusterImpl-89ab4714-a06f-49fd-a91c-210e479dc798/datanode-2/data/ratis/d5e3a037-8037-4c31-aa7e-375b930b3664 does not exist. Creating ...
2019-09-10 21:42:36,020 [pool-419-thread-1] INFO  server.RaftServerConfigKeys (ConfUtils.java:logGet(43)) - raft.server.storage.dir = [/workdir/hadoop-ozone/integration-test/target/test-dir/MiniOzoneClusterImpl-89ab4714-a06f-49fd-a91c-210e479dc798/datanode-1/data/ratis] (custom)
2019-09-10 21:42:36,020 [pool-419-thread-1] INFO  storage.RaftStorageDirectory (RaftStorageDirectory.java:analyzeStorage(246)) - The storage directory /workdir/hadoop-ozone/integration-test/target/test-dir/MiniOzoneClusterImpl-89ab4714-a06f-49fd-a91c-210e479dc798/datanode-1/data/ratis/d5e3a037-8037-4c31-aa7e-375b930b3664 does not exist. Creating ...
2019-09-10 21:42:36,025 [pool-429-thread-1] INFO  storage.RaftStorageDirectory (RaftStorageDirectory.java:tryLock(328)) - Lock on /workdir/hadoop-ozone/integration-test/target/test-dir/MiniOzoneClusterImpl-89ab4714-a06f-49fd-a91c-210e479dc798/datanode-2/data/ratis/d5e3a037-8037-4c31-aa7e-375b930b3664/in_use.lock acquired by nodename 3781@pr-hdds-2007-wqvw6-2944049611
2019-09-10 21:42:36,025 [pool-419-thread-1] INFO  storage.RaftStorageDirectory (RaftStorageDirectory.java:tryLock(328)) - Lock on /workdir/hadoop-ozone/integration-test/target/test-dir/MiniOzoneClusterImpl-89ab4714-a06f-49fd-a91c-210e479dc798/datanode-1/data/ratis/d5e3a037-8037-4c31-aa7e-375b930b3664/in_use.lock acquired by nodename 3781@pr-hdds-2007-wqvw6-2944049611
2019-09-10 21:42:36,025 [pool-409-thread-1] INFO  storage.RaftStorageDirectory (RaftStorageDirectory.java:tryLock(328)) - Lock on /workdir/hadoop-ozone/integration-test/target/test-dir/MiniOzoneClusterImpl-89ab4714-a06f-49fd-a91c-210e479dc798/datanode-0/data/ratis/d5e3a037-8037-4c31-aa7e-375b930b3664/in_use.lock acquired by nodename 3781@pr-hdds-2007-wqvw6-2944049611
2019-09-10 21:42:36,040 [pool-419-thread-1] INFO  storage.RaftStorage (RaftStorage.java:format(72)) - Storage directory /workdir/hadoop-ozone/integration-test/target/test-dir/MiniOzoneClusterImpl-89ab4714-a06f-49fd-a91c-210e479dc798/datanode-1/data/ratis/d5e3a037-8037-4c31-aa7e-375b930b3664 has been successfully formatted.
2019-09-10 21:42:36,040 [pool-429-thread-1] INFO  storage.RaftStorage (RaftStorage.java:format(72)) - Storage directory /workdir/hadoop-ozone/integration-test/target/test-dir/MiniOzoneClusterImpl-89ab4714-a06f-49fd-a91c-210e479dc798/datanode-2/data/ratis/d5e3a037-8037-4c31-aa7e-375b930b3664 has been successfully formatted.
2019-09-10 21:42:36,040 [pool-419-thread-1] INFO  ratis.ContainerStateMachine (ContainerStateMachine.java:loadSnapshot(227)) - group-375B930B3664: The snapshot info is null. Setting the last applied indexto:(t:0, i:~)
2019-09-10 21:42:36,040 [pool-409-thread-1] INFO  storage.RaftStorage (RaftStorage.java:format(72)) - Storage directory /workdir/hadoop-ozone/integration-test/target/test-dir/MiniOzoneClusterImpl-89ab4714-a06f-49fd-a91c-210e479dc798/datanode-0/data/ratis/d5e3a037-8037-4c31-aa7e-375b930b3664 has been successfully formatted.
2019-09-10 21:42:36,040 [pool-429-thread-1] INFO  ratis.ContainerStateMachine (ContainerStateMachine.java:loadSnapshot(227)) - group-375B930B3664: The snapshot info is null. Setting the last applied indexto:(t:0, i:~)
2019-09-10 21:42:36,040 [pool-419-thread-1] INFO  server.RaftServerConfigKeys (ConfUtils.java:logGet(43)) - raft.server.leader.election.timeout = 120s (custom)
2019-09-10 21:42:36,040 [pool-409-thread-1] INFO  ratis.ContainerStateMachine (ContainerStateMachine.java:loadSnapshot(227)) - group-375B930B3664: The snapshot info is null. Setting the last applied indexto:(t:0, i:~)
2019-09-10 21:42:36,040 [pool-429-thread-1] INFO  server.RaftServerConfigKeys (ConfUtils.java:logGet(43)) - raft.server.leader.election.timeout = 120s (custom)
2019-09-10 21:42:36,041 [pool-409-thread-1] INFO  server.RaftServerConfigKeys (ConfUtils.java:logGet(43)) - raft.server.leader.election.timeout = 120s (custom)
2019-09-10 21:42:36,040 [pool-419-thread-1] INFO  server.RaftServerConfigKeys (ConfUtils.java:logGet(43)) - raft.server.log.use.memory = false (default)
2019-09-10 21:42:36,041 [pool-409-thread-1] INFO  server.RaftServerConfigKeys (ConfUtils.java:logGet(43)) - raft.server.log.use.memory = false (default)
2019-09-10 21:42:36,041 [pool-429-thread-1] INFO  server.RaftServerConfigKeys (ConfUtils.java:logGet(43)) - raft.server.log.use.memory = false (default)
2019-09-10 21:42:36,041 [pool-409-thread-1] INFO  server.RaftServerConfigKeys (ConfUtils.java:logGet(43)) - raft.server.log.purge.gap = 1000000 (custom)
2019-09-10 21:42:36,041 [pool-419-thread-1] INFO  server.RaftServerConfigKeys (ConfUtils.java:logGet(43)) - raft.server.log.purge.gap = 1000000 (custom)
2019-09-10 21:42:36,041 [pool-409-thread-1] INFO  server.RaftServerConfigKeys (ConfUtils.java:logGet(43)) - raft.server.log.appender.buffer.byte-limit = 33554432 (custom)
2019-09-10 21:42:36,041 [pool-429-thread-1] INFO  server.RaftServerConfigKeys (ConfUtils.java:logGet(43)) - raft.server.log.purge.gap = 1000000 (custom)
2019-09-10 21:42:36,042 [pool-409-thread-1] INFO  server.RaftServerConfigKeys (ConfUtils.java:logGet(43)) - raft.server.log.segment.size.max = 1048576 (custom)
2019-09-10 21:42:36,041 [pool-419-thread-1] INFO  server.RaftServerConfigKeys (ConfUtils.java:logGet(43)) - raft.server.log.appender.buffer.byte-limit = 33554432 (custom)
2019-09-10 21:42:36,042 [pool-409-thread-1] INFO  server.RaftServerConfigKeys (ConfUtils.java:logGet(43)) - raft.server.log.segment.cache.num.max = 2 (custom)
2019-09-10 21:42:36,042 [pool-429-thread-1] INFO  server.RaftServerConfigKeys (ConfUtils.java:logGet(43)) - raft.server.log.appender.buffer.byte-limit = 33554432 (custom)
2019-09-10 21:42:36,042 [pool-409-thread-1] INFO  segmented.SegmentedRaftLogWorker (SegmentedRaftLogWorker.java:<init>(172)) - new 8a367430-73c6-4691-a893-24a58d3c5b91-SegmentedRaftLogWorker:Storage Directory /workdir/hadoop-ozone/integration-test/target/test-dir/MiniOzoneClusterImpl-89ab4714-a06f-49fd-a91c-210e479dc798/datanode-0/data/ratis/d5e3a037-8037-4c31-aa7e-375b930b3664 for RaftStorage:Storage Directory /workdir/hadoop-ozone/integration-test/target/test-dir/MiniOzoneClusterImpl-89ab4714-a06f-49fd-a91c-210e479dc798/datanode-0/data/ratis/d5e3a037-8037-4c31-aa7e-375b930b3664
2019-09-10 21:42:36,042 [pool-419-thread-1] INFO  server.RaftServerConfigKeys (ConfUtils.java:logGet(43)) - raft.server.log.segment.size.max = 1048576 (custom)
2019-09-10 21:42:36,043 [pool-409-thread-1] INFO  server.RaftServerConfigKeys (ConfUtils.java:logGet(43)) - raft.server.log.queue.byte-limit = 2147483647 (custom)
2019-09-10 21:42:36,042 [pool-429-thread-1] INFO  server.RaftServerConfigKeys (ConfUtils.java:logGet(43)) - raft.server.log.segment.size.max = 1048576 (custom)
2019-09-10 21:42:36,043 [pool-409-thread-1] INFO  server.RaftServerConfigKeys (ConfUtils.java:logGet(43)) - raft.server.log.queue.element-limit = 1024 (custom)
2019-09-10 21:42:36,043 [pool-419-thread-1] INFO  server.RaftServerConfigKeys (ConfUtils.java:logGet(43)) - raft.server.log.segment.cache.num.max = 2 (custom)
2019-09-10 21:42:36,043 [pool-409-thread-1] INFO  server.RaftServerConfigKeys (ConfUtils.java:logGet(43)) - raft.server.log.segment.size.max = 1048576 (custom)
2019-09-10 21:42:36,043 [pool-429-thread-1] INFO  server.RaftServerConfigKeys (ConfUtils.java:logGet(43)) - raft.server.log.segment.cache.num.max = 2 (custom)
2019-09-10 21:42:36,043 [pool-409-thread-1] INFO  server.RaftServerConfigKeys (ConfUtils.java:logGet(43)) - raft.server.log.preallocated.size = 16384 (custom)
2019-09-10 21:42:36,043 [pool-419-thread-1] INFO  segmented.SegmentedRaftLogWorker (SegmentedRaftLogWorker.java:<init>(172)) - new f933e11a-a116-4831-9071-5b6229b09e88-SegmentedRaftLogWorker:Storage Directory /workdir/hadoop-ozone/integration-test/target/test-dir/MiniOzoneClusterImpl-89ab4714-a06f-49fd-a91c-210e479dc798/datanode-1/data/ratis/d5e3a037-8037-4c31-aa7e-375b930b3664 for RaftStorage:Storage Directory /workdir/hadoop-ozone/integration-test/target/test-dir/MiniOzoneClusterImpl-89ab4714-a06f-49fd-a91c-210e479dc798/datanode-1/data/ratis/d5e3a037-8037-4c31-aa7e-375b930b3664
2019-09-10 21:42:36,044 [pool-409-thread-1] INFO  server.RaftServerConfigKeys (ConfUtils.java:logGet(43)) - raft.server.log.write.buffer.size = 33554432 (custom)
2019-09-10 21:42:36,043 [pool-429-thread-1] INFO  segmented.SegmentedRaftLogWorker (SegmentedRaftLogWorker.java:<init>(172)) - new 015512a9-a872-4562-a045-0746d0865c08-SegmentedRaftLogWorker:Storage Directory /workdir/hadoop-ozone/integration-test/target/test-dir/MiniOzoneClusterImpl-89ab4714-a06f-49fd-a91c-210e479dc798/datanode-2/data/ratis/d5e3a037-8037-4c31-aa7e-375b930b3664 for RaftStorage:Storage Directory /workdir/hadoop-ozone/integration-test/target/test-dir/MiniOzoneClusterImpl-89ab4714-a06f-49fd-a91c-210e479dc798/datanode-2/data/ratis/d5e3a037-8037-4c31-aa7e-375b930b3664
2019-09-10 21:42:36,044 [pool-409-thread-1] INFO  server.RaftServerConfigKeys (ConfUtils.java:logGet(43)) - raft.server.log.force.sync.num = 128 (default)
2019-09-10 21:42:36,044 [pool-409-thread-1] INFO  server.RaftServerConfigKeys (ConfUtils.java:logGet(43)) - raft.server.log.statemachine.data.sync = true (default)
2019-09-10 21:42:36,044 [pool-419-thread-1] INFO  server.RaftServerConfigKeys (ConfUtils.java:logGet(43)) - raft.server.log.queue.byte-limit = 2147483647 (custom)
2019-09-10 21:42:36,044 [pool-409-thread-1] INFO  server.RaftServerConfigKeys (ConfUtils.java:logGet(43)) - raft.server.log.statemachine.data.sync.timeout = 10s (default)
2019-09-10 21:42:36,044 [pool-429-thread-1] INFO  server.RaftServerConfigKeys (ConfUtils.java:logGet(43)) - raft.server.log.queue.byte-limit = 2147483647 (custom)
2019-09-10 21:42:36,045 [pool-409-thread-1] INFO  server.RaftServerConfigKeys (ConfUtils.java:logGet(43)) - raft.server.log.statemachine.data.sync.timeout.retry = -1 (default)
2019-09-10 21:42:36,044 [pool-419-thread-1] INFO  server.RaftServerConfigKeys (ConfUtils.java:logGet(43)) - raft.server.log.queue.element-limit = 1024 (custom)
2019-09-10 21:42:36,045 [pool-409-thread-1] INFO  server.RaftServerConfigKeys (ConfUtils.java:logGet(43)) - raft.server.log.statemachine.data.caching.enabled = true (custom)
2019-09-10 21:42:36,045 [pool-429-thread-1] INFO  server.RaftServerConfigKeys (ConfUtils.java:logGet(43)) - raft.server.log.queue.element-limit = 1024 (custom)
2019-09-10 21:42:36,045 [pool-419-thread-1] INFO  server.RaftServerConfigKeys (ConfUtils.java:logGet(43)) - raft.server.log.segment.size.max = 1048576 (custom)
2019-09-10 21:42:36,045 [pool-409-thread-1] INFO  segmented.SegmentedRaftLogWorker (SegmentedRaftLogWorker.java:lambda$new$0(132)) - 8a367430-73c6-4691-a893-24a58d3c5b91-SegmentedRaftLogWorker:Storage Directory /workdir/hadoop-ozone/integration-test/target/test-dir/MiniOzoneClusterImpl-89ab4714-a06f-49fd-a91c-210e479dc798/datanode-0/data/ratis/d5e3a037-8037-4c31-aa7e-375b930b3664: flushIndex: setUnconditionally 0 -> -1
2019-09-10 21:42:36,045 [pool-429-thread-1] INFO  server.RaftServerConfigKeys (ConfUtils.java:logGet(43)) - raft.server.log.segment.size.max = 1048576 (custom)
2019-09-10 21:42:36,045 [pool-419-thread-1] INFO  server.RaftServerConfigKeys (ConfUtils.java:logGet(43)) - raft.server.log.preallocated.size = 16384 (custom)
2019-09-10 21:42:36,046 [pool-409-thread-1] INFO  server.RaftServerConfigKeys (ConfUtils.java:logGet(43)) - raft.server.snapshot.auto.trigger.enabled = true (custom)
2019-09-10 21:42:36,046 [pool-429-thread-1] INFO  server.RaftServerConfigKeys (ConfUtils.java:logGet(43)) - raft.server.log.preallocated.size = 16384 (custom)
2019-09-10 21:42:36,046 [pool-409-thread-1] INFO  server.RaftServerConfigKeys (ConfUtils.java:logGet(43)) - raft.server.snapshot.auto.trigger.threshold = 10000 (custom)
2019-09-10 21:42:36,046 [pool-419-thread-1] INFO  server.RaftServerConfigKeys (ConfUtils.java:logGet(43)) - raft.server.log.write.buffer.size = 33554432 (custom)
2019-09-10 21:42:36,047 [pool-409-thread-1] INFO  server.RaftServerConfigKeys (ConfUtils.java:logGet(43)) - raft.server.retrycache.expirytime = 600000ms (custom)
2019-09-10 21:42:36,046 [pool-429-thread-1] INFO  server.RaftServerConfigKeys (ConfUtils.java:logGet(43)) - raft.server.log.write.buffer.size = 33554432 (custom)
2019-09-10 21:42:36,047 [pool-409-thread-1] INFO  impl.RaftServerImpl (RaftServerImpl.java:start(180)) - 8a367430-73c6-4691-a893-24a58d3c5b91: start group-375B930B3664
2019-09-10 21:42:36,047 [pool-419-thread-1] INFO  server.RaftServerConfigKeys (ConfUtils.java:logGet(43)) - raft.server.log.force.sync.num = 128 (default)
2019-09-10 21:42:36,047 [pool-409-thread-1] INFO  impl.RaftServerImpl (RaftServerImpl.java:setRole(171)) - 8a367430-73c6-4691-a893-24a58d3c5b91:group-375B930B3664 changes role from null to FOLLOWER at term 0 for startAsFollower
2019-09-10 21:42:36,047 [pool-429-thread-1] INFO  server.RaftServerConfigKeys (ConfUtils.java:logGet(43)) - raft.server.log.force.sync.num = 128 (default)
2019-09-10 21:42:36,047 [pool-409-thread-1] INFO  impl.RoleInfo (RoleInfo.java:updateAndGet(143)) - 8a367430-73c6-4691-a893-24a58d3c5b91: start FollowerState
2019-09-10 21:42:36,047 [pool-419-thread-1] INFO  server.RaftServerConfigKeys (ConfUtils.java:logGet(43)) - raft.server.log.statemachine.data.sync = true (default)
2019-09-10 21:42:36,048 [pool-419-thread-1] INFO  server.RaftServerConfigKeys (ConfUtils.java:logGet(43)) - raft.server.log.statemachine.data.sync.timeout = 10s (default)
2019-09-10 21:42:36,048 [pool-429-thread-1] INFO  server.RaftServerConfigKeys (ConfUtils.java:logGet(43)) - raft.server.log.statemachine.data.sync = true (default)
2019-09-10 21:42:36,048 [pool-419-thread-1] INFO  server.RaftServerConfigKeys (ConfUtils.java:logGet(43)) - raft.server.log.statemachine.data.sync.timeout.retry = -1 (default)
2019-09-10 21:42:36,058 [pool-409-thread-1] INFO  util.JmxRegister (JmxRegister.java:tryRegister(44)) - Successfully registered JMX Bean with object name Ratis:service=RaftServer,group=group-375B930B3664,id=8a367430-73c6-4691-a893-24a58d3c5b91
2019-09-10 21:42:36,058 [pool-429-thread-1] INFO  server.RaftServerConfigKeys (ConfUtils.java:logGet(43)) - raft.server.log.statemachine.data.sync.timeout = 10s (default)
2019-09-10 21:42:36,059 [pool-429-thread-1] INFO  server.RaftServerConfigKeys (ConfUtils.java:logGet(43)) - raft.server.log.statemachine.data.sync.timeout.retry = -1 (default)
2019-09-10 21:42:36,058 [pool-419-thread-1] INFO  server.RaftServerConfigKeys (ConfUtils.java:logGet(43)) - raft.server.log.statemachine.data.caching.enabled = true (custom)
2019-09-10 21:42:36,059 [pool-429-thread-1] INFO  server.RaftServerConfigKeys (ConfUtils.java:logGet(43)) - raft.server.log.statemachine.data.caching.enabled = true (custom)
2019-09-10 21:42:36,066 [pool-429-thread-1] INFO  segmented.SegmentedRaftLogWorker (SegmentedRaftLogWorker.java:lambda$new$0(132)) - 015512a9-a872-4562-a045-0746d0865c08-SegmentedRaftLogWorker:Storage Directory /workdir/hadoop-ozone/integration-test/target/test-dir/MiniOzoneClusterImpl-89ab4714-a06f-49fd-a91c-210e479dc798/datanode-2/data/ratis/d5e3a037-8037-4c31-aa7e-375b930b3664: flushIndex: setUnconditionally 0 -> -1
2019-09-10 21:42:36,066 [IPC Server handler 18 on 44261] INFO  net.NetworkTopology (NetworkTopologyImpl.java:add(110)) - Added a new node: /default-rack/5ce445f2-79e2-4057-935d-c7a236a581cd
2019-09-10 21:42:36,066 [pool-419-thread-1] INFO  segmented.SegmentedRaftLogWorker (SegmentedRaftLogWorker.java:lambda$new$0(132)) - f933e11a-a116-4831-9071-5b6229b09e88-SegmentedRaftLogWorker:Storage Directory /workdir/hadoop-ozone/integration-test/target/test-dir/MiniOzoneClusterImpl-89ab4714-a06f-49fd-a91c-210e479dc798/datanode-1/data/ratis/d5e3a037-8037-4c31-aa7e-375b930b3664: flushIndex: setUnconditionally 0 -> -1
2019-09-10 21:42:36,066 [IPC Server handler 18 on 44261] INFO  node.SCMNodeManager (SCMNodeManager.java:register(266)) - Registered Data node : 5ce445f2-79e2-4057-935d-c7a236a581cd{ip: 192.168.157.245, host: pr-hdds-2007-wqvw6-2944049611, networkLocation: /default-rack, certSerialId: null}
2019-09-10 21:42:36,066 [pool-429-thread-1] INFO  server.RaftServerConfigKeys (ConfUtils.java:logGet(43)) - raft.server.snapshot.auto.trigger.enabled = true (custom)
2019-09-10 21:42:36,067 [pool-419-thread-1] INFO  server.RaftServerConfigKeys (ConfUtils.java:logGet(43)) - raft.server.snapshot.auto.trigger.enabled = true (custom)
2019-09-10 21:42:36,067 [pool-429-thread-1] INFO  server.RaftServerConfigKeys (ConfUtils.java:logGet(43)) - raft.server.snapshot.auto.trigger.threshold = 10000 (custom)
2019-09-10 21:42:36,067 [pool-419-thread-1] INFO  server.RaftServerConfigKeys (ConfUtils.java:logGet(43)) - raft.server.snapshot.auto.trigger.threshold = 10000 (custom)
2019-09-10 21:42:36,067 [pool-429-thread-1] INFO  server.RaftServerConfigKeys (ConfUtils.java:logGet(43)) - raft.server.retrycache.expirytime = 600000ms (custom)
2019-09-10 21:42:36,067 [pool-419-thread-1] INFO  server.RaftServerConfigKeys (ConfUtils.java:logGet(43)) - raft.server.retrycache.expirytime = 600000ms (custom)
2019-09-10 21:42:36,067 [pool-429-thread-1] INFO  impl.RaftServerImpl (RaftServerImpl.java:start(180)) - 015512a9-a872-4562-a045-0746d0865c08: start group-375B930B3664
2019-09-10 21:42:36,067 [pool-419-thread-1] INFO  impl.RaftServerImpl (RaftServerImpl.java:start(180)) - f933e11a-a116-4831-9071-5b6229b09e88: start group-375B930B3664
2019-09-10 21:42:36,068 [pool-429-thread-1] INFO  impl.RaftServerImpl (RaftServerImpl.java:setRole(171)) - 015512a9-a872-4562-a045-0746d0865c08:group-375B930B3664 changes role from null to FOLLOWER at term 0 for startAsFollower
2019-09-10 21:42:36,068 [pool-419-thread-1] INFO  impl.RaftServerImpl (RaftServerImpl.java:setRole(171)) - f933e11a-a116-4831-9071-5b6229b09e88:group-375B930B3664 changes role from null to FOLLOWER at term 0 for startAsFollower
2019-09-10 21:42:36,068 [pool-429-thread-1] INFO  impl.RoleInfo (RoleInfo.java:updateAndGet(143)) - 015512a9-a872-4562-a045-0746d0865c08: start FollowerState
2019-09-10 21:42:36,068 [pool-419-thread-1] INFO  impl.RoleInfo (RoleInfo.java:updateAndGet(143)) - f933e11a-a116-4831-9071-5b6229b09e88: start FollowerState
2019-09-10 21:42:36,068 [pool-429-thread-1] INFO  util.JmxRegister (JmxRegister.java:tryRegister(44)) - Successfully registered JMX Bean with object name Ratis:service=RaftServer,group=group-375B930B3664,id=015512a9-a872-4562-a045-0746d0865c08
2019-09-10 21:42:36,068 [pool-419-thread-1] INFO  util.JmxRegister (JmxRegister.java:tryRegister(44)) - Successfully registered JMX Bean with object name Ratis:service=RaftServer,group=group-375B930B3664,id=f933e11a-a116-4831-9071-5b6229b09e88
2019-09-10 21:42:36,071 [RatisPipelineUtilsThread] INFO  pipeline.PipelineStateManager (PipelineStateManager.java:addPipeline(56)) - Created pipeline Pipeline[ Id: d5e3a037-8037-4c31-aa7e-375b930b3664, Nodes: 015512a9-a872-4562-a045-0746d0865c08{ip: 192.168.157.245, host: pr-hdds-2007-wqvw6-2944049611, networkLocation: /default-rack, certSerialId: null}f933e11a-a116-4831-9071-5b6229b09e88{ip: 192.168.157.245, host: pr-hdds-2007-wqvw6-2944049611, networkLocation: /default-rack, certSerialId: null}8a367430-73c6-4691-a893-24a58d3c5b91{ip: 192.168.157.245, host: pr-hdds-2007-wqvw6-2944049611, networkLocation: /default-rack, certSerialId: null}, Type:RATIS, Factor:THREE, State:OPEN]
2019-09-10 21:42:36,132 [IPC Server handler 15 on 44261] INFO  net.NetworkTopology (NetworkTopologyImpl.java:add(110)) - Added a new node: /default-rack/54252f36-17d3-44da-82d9-c462bd19d858
2019-09-10 21:42:36,132 [IPC Server handler 15 on 44261] INFO  node.SCMNodeManager (SCMNodeManager.java:register(266)) - Registered Data node : 54252f36-17d3-44da-82d9-c462bd19d858{ip: 192.168.157.245, host: pr-hdds-2007-wqvw6-2944049611, networkLocation: /default-rack, certSerialId: null}
2019-09-10 21:42:36,143 [grpc-default-executor-10] INFO  impl.RaftServerProxy (RaftServerProxy.java:addNew(89)) - 54252f36-17d3-44da-82d9-c462bd19d858: addNew group-B85AB36EA1FC:[54252f36-17d3-44da-82d9-c462bd19d858:192.168.157.245:35361] returns group-B85AB36EA1FC:java.util.concurrent.CompletableFuture@55fa956d[Not completed]
2019-09-10 21:42:36,144 [pool-449-thread-1] INFO  impl.RaftServerImpl (RaftServerImpl.java:<init>(93)) - 54252f36-17d3-44da-82d9-c462bd19d858: new RaftServerImpl for group-B85AB36EA1FC:[54252f36-17d3-44da-82d9-c462bd19d858:192.168.157.245:35361] with ContainerStateMachine:uninitialized
2019-09-10 21:42:36,145 [pool-449-thread-1] INFO  server.RaftServerConfigKeys (ConfUtils.java:logGet(43)) - raft.server.rpc.timeout.min = 5s (custom)
2019-09-10 21:42:36,145 [pool-449-thread-1] INFO  server.RaftServerConfigKeys (ConfUtils.java:logGet(43)) - raft.server.rpc.timeout.max = 5200ms (custom)
2019-09-10 21:42:36,145 [pool-449-thread-1] INFO  server.RaftServerConfigKeys (ConfUtils.java:logGet(43)) - raft.server.rpcslowness.timeout = 120s (custom)
2019-09-10 21:42:36,145 [pool-449-thread-1] INFO  server.RaftServerConfigKeys (ConfUtils.java:logGet(43)) - raft.server.sleep.deviation.threshold = 300 (default)
2019-09-10 21:42:36,145 [pool-449-thread-1] INFO  server.RaftServerConfigKeys (ConfUtils.java:logGet(43)) - raft.server.log.appender.install.snapshot.enabled = false (custom)
2019-09-10 21:42:36,145 [pool-449-thread-1] INFO  impl.RaftServerImpl (ServerState.java:<init>(105)) - 54252f36-17d3-44da-82d9-c462bd19d858:group-B85AB36EA1FC ConfigurationManager, init=-1: [54252f36-17d3-44da-82d9-c462bd19d858:192.168.157.245:35361], old=null, confs=<EMPTY_MAP>
2019-09-10 21:42:36,145 [pool-449-thread-1] INFO  server.RaftServerConfigKeys (ConfUtils.java:logGet(43)) - raft.server.storage.dir = [/workdir/hadoop-ozone/integration-test/target/test-dir/MiniOzoneClusterImpl-89ab4714-a06f-49fd-a91c-210e479dc798/datanode-4/data/ratis] (custom)
2019-09-10 21:42:36,146 [pool-449-thread-1] INFO  storage.RaftStorageDirectory (RaftStorageDirectory.java:analyzeStorage(246)) - The storage directory /workdir/hadoop-ozone/integration-test/target/test-dir/MiniOzoneClusterImpl-89ab4714-a06f-49fd-a91c-210e479dc798/datanode-4/data/ratis/c2466790-c761-49ac-8b45-b85ab36ea1fc does not exist. Creating ...
2019-09-10 21:42:36,152 [pool-449-thread-1] INFO  storage.RaftStorageDirectory (RaftStorageDirectory.java:tryLock(328)) - Lock on /workdir/hadoop-ozone/integration-test/target/test-dir/MiniOzoneClusterImpl-89ab4714-a06f-49fd-a91c-210e479dc798/datanode-4/data/ratis/c2466790-c761-49ac-8b45-b85ab36ea1fc/in_use.lock acquired by nodename 3781@pr-hdds-2007-wqvw6-2944049611
2019-09-10 21:42:36,159 [pool-449-thread-1] INFO  storage.RaftStorage (RaftStorage.java:format(72)) - Storage directory /workdir/hadoop-ozone/integration-test/target/test-dir/MiniOzoneClusterImpl-89ab4714-a06f-49fd-a91c-210e479dc798/datanode-4/data/ratis/c2466790-c761-49ac-8b45-b85ab36ea1fc has been successfully formatted.
2019-09-10 21:42:36,159 [pool-449-thread-1] INFO  ratis.ContainerStateMachine (ContainerStateMachine.java:loadSnapshot(227)) - group-B85AB36EA1FC: The snapshot info is null. Setting the last applied indexto:(t:0, i:~)
2019-09-10 21:42:36,159 [pool-449-thread-1] INFO  server.RaftServerConfigKeys (ConfUtils.java:logGet(43)) - raft.server.leader.election.timeout = 120s (custom)
2019-09-10 21:42:36,159 [pool-449-thread-1] INFO  server.RaftServerConfigKeys (ConfUtils.java:logGet(43)) - raft.server.log.use.memory = false (default)
2019-09-10 21:42:36,159 [pool-449-thread-1] INFO  server.RaftServerConfigKeys (ConfUtils.java:logGet(43)) - raft.server.log.purge.gap = 1000000 (custom)
2019-09-10 21:42:36,160 [pool-449-thread-1] INFO  server.RaftServerConfigKeys (ConfUtils.java:logGet(43)) - raft.server.log.appender.buffer.byte-limit = 33554432 (custom)
2019-09-10 21:42:36,160 [pool-449-thread-1] INFO  server.RaftServerConfigKeys (ConfUtils.java:logGet(43)) - raft.server.log.segment.size.max = 1048576 (custom)
2019-09-10 21:42:36,160 [pool-449-thread-1] INFO  server.RaftServerConfigKeys (ConfUtils.java:logGet(43)) - raft.server.log.segment.cache.num.max = 2 (custom)
2019-09-10 21:42:36,160 [pool-449-thread-1] INFO  segmented.SegmentedRaftLogWorker (SegmentedRaftLogWorker.java:<init>(172)) - new 54252f36-17d3-44da-82d9-c462bd19d858-SegmentedRaftLogWorker:Storage Directory /workdir/hadoop-ozone/integration-test/target/test-dir/MiniOzoneClusterImpl-89ab4714-a06f-49fd-a91c-210e479dc798/datanode-4/data/ratis/c2466790-c761-49ac-8b45-b85ab36ea1fc for RaftStorage:Storage Directory /workdir/hadoop-ozone/integration-test/target/test-dir/MiniOzoneClusterImpl-89ab4714-a06f-49fd-a91c-210e479dc798/datanode-4/data/ratis/c2466790-c761-49ac-8b45-b85ab36ea1fc
2019-09-10 21:42:36,160 [pool-449-thread-1] INFO  server.RaftServerConfigKeys (ConfUtils.java:logGet(43)) - raft.server.log.queue.byte-limit = 2147483647 (custom)
2019-09-10 21:42:36,160 [pool-449-thread-1] INFO  server.RaftServerConfigKeys (ConfUtils.java:logGet(43)) - raft.server.log.queue.element-limit = 1024 (custom)
2019-09-10 21:42:36,160 [pool-449-thread-1] INFO  server.RaftServerConfigKeys (ConfUtils.java:logGet(43)) - raft.server.log.segment.size.max = 1048576 (custom)
2019-09-10 21:42:36,161 [pool-449-thread-1] INFO  server.RaftServerConfigKeys (ConfUtils.java:logGet(43)) - raft.server.log.preallocated.size = 16384 (custom)
2019-09-10 21:42:36,161 [pool-449-thread-1] INFO  server.RaftServerConfigKeys (ConfUtils.java:logGet(43)) - raft.server.log.write.buffer.size = 33554432 (custom)
2019-09-10 21:42:36,161 [pool-449-thread-1] INFO  server.RaftServerConfigKeys (ConfUtils.java:logGet(43)) - raft.server.log.force.sync.num = 128 (default)
2019-09-10 21:42:36,161 [pool-449-thread-1] INFO  server.RaftServerConfigKeys (ConfUtils.java:logGet(43)) - raft.server.log.statemachine.data.sync = true (default)
2019-09-10 21:42:36,161 [pool-449-thread-1] INFO  server.RaftServerConfigKeys (ConfUtils.java:logGet(43)) - raft.server.log.statemachine.data.sync.timeout = 10s (default)
2019-09-10 21:42:36,161 [pool-449-thread-1] INFO  server.RaftServerConfigKeys (ConfUtils.java:logGet(43)) - raft.server.log.statemachine.data.sync.timeout.retry = -1 (default)
2019-09-10 21:42:36,161 [pool-449-thread-1] INFO  server.RaftServerConfigKeys (ConfUtils.java:logGet(43)) - raft.server.log.statemachine.data.caching.enabled = true (custom)
2019-09-10 21:42:36,162 [pool-449-thread-1] INFO  segmented.SegmentedRaftLogWorker (SegmentedRaftLogWorker.java:lambda$new$0(132)) - 54252f36-17d3-44da-82d9-c462bd19d858-SegmentedRaftLogWorker:Storage Directory /workdir/hadoop-ozone/integration-test/target/test-dir/MiniOzoneClusterImpl-89ab4714-a06f-49fd-a91c-210e479dc798/datanode-4/data/ratis/c2466790-c761-49ac-8b45-b85ab36ea1fc: flushIndex: setUnconditionally 0 -> -1
2019-09-10 21:42:36,162 [pool-449-thread-1] INFO  server.RaftServerConfigKeys (ConfUtils.java:logGet(43)) - raft.server.snapshot.auto.trigger.enabled = true (custom)
2019-09-10 21:42:36,162 [pool-449-thread-1] INFO  server.RaftServerConfigKeys (ConfUtils.java:logGet(43)) - raft.server.snapshot.auto.trigger.threshold = 10000 (custom)
2019-09-10 21:42:36,162 [pool-449-thread-1] INFO  server.RaftServerConfigKeys (ConfUtils.java:logGet(43)) - raft.server.retrycache.expirytime = 600000ms (custom)
2019-09-10 21:42:36,162 [pool-449-thread-1] INFO  impl.RaftServerImpl (RaftServerImpl.java:start(180)) - 54252f36-17d3-44da-82d9-c462bd19d858: start group-B85AB36EA1FC
2019-09-10 21:42:36,162 [pool-449-thread-1] INFO  impl.RaftServerImpl (RaftServerImpl.java:setRole(171)) - 54252f36-17d3-44da-82d9-c462bd19d858:group-B85AB36EA1FC changes role from null to FOLLOWER at term 0 for startAsFollower
2019-09-10 21:42:36,163 [pool-449-thread-1] INFO  impl.RoleInfo (RoleInfo.java:updateAndGet(143)) - 54252f36-17d3-44da-82d9-c462bd19d858: start FollowerState
2019-09-10 21:42:36,163 [pool-449-thread-1] INFO  util.JmxRegister (JmxRegister.java:tryRegister(44)) - Successfully registered JMX Bean with object name Ratis:service=RaftServer,group=group-B85AB36EA1FC,id=54252f36-17d3-44da-82d9-c462bd19d858
2019-09-10 21:42:36,165 [RatisPipelineUtilsThread] INFO  pipeline.PipelineStateManager (PipelineStateManager.java:addPipeline(56)) - Created pipeline Pipeline[ Id: c2466790-c761-49ac-8b45-b85ab36ea1fc, Nodes: 54252f36-17d3-44da-82d9-c462bd19d858{ip: 192.168.157.245, host: pr-hdds-2007-wqvw6-2944049611, networkLocation: /default-rack, certSerialId: null}, Type:RATIS, Factor:ONE, State:OPEN]
2019-09-10 21:42:36,172 [grpc-default-executor-10] INFO  impl.RaftServerProxy (RaftServerProxy.java:addNew(89)) - 5ce445f2-79e2-4057-935d-c7a236a581cd: addNew group-3B313D23AA6D:[5ce445f2-79e2-4057-935d-c7a236a581cd:192.168.157.245:40841] returns group-3B313D23AA6D:java.util.concurrent.CompletableFuture@576c440e[Not completed]
2019-09-10 21:42:36,173 [pool-439-thread-1] INFO  impl.RaftServerImpl (RaftServerImpl.java:<init>(93)) - 5ce445f2-79e2-4057-935d-c7a236a581cd: new RaftServerImpl for group-3B313D23AA6D:[5ce445f2-79e2-4057-935d-c7a236a581cd:192.168.157.245:40841] with ContainerStateMachine:uninitialized
2019-09-10 21:42:36,173 [pool-439-thread-1] INFO  server.RaftServerConfigKeys (ConfUtils.java:logGet(43)) - raft.server.rpc.timeout.min = 5s (custom)
2019-09-10 21:42:36,173 [pool-439-thread-1] INFO  server.RaftServerConfigKeys (ConfUtils.java:logGet(43)) - raft.server.rpc.timeout.max = 5200ms (custom)
2019-09-10 21:42:36,173 [pool-439-thread-1] INFO  server.RaftServerConfigKeys (ConfUtils.java:logGet(43)) - raft.server.rpcslowness.timeout = 120s (custom)
2019-09-10 21:42:36,173 [pool-439-thread-1] INFO  server.RaftServerConfigKeys (ConfUtils.java:logGet(43)) - raft.server.sleep.deviation.threshold = 300 (default)
2019-09-10 21:42:36,173 [pool-439-thread-1] INFO  server.RaftServerConfigKeys (ConfUtils.java:logGet(43)) - raft.server.log.appender.install.snapshot.enabled = false (custom)
2019-09-10 21:42:36,173 [pool-439-thread-1] INFO  impl.RaftServerImpl (ServerState.java:<init>(105)) - 5ce445f2-79e2-4057-935d-c7a236a581cd:group-3B313D23AA6D ConfigurationManager, init=-1: [5ce445f2-79e2-4057-935d-c7a236a581cd:192.168.157.245:40841], old=null, confs=<EMPTY_MAP>
2019-09-10 21:42:36,174 [pool-439-thread-1] INFO  server.RaftServerConfigKeys (ConfUtils.java:logGet(43)) - raft.server.storage.dir = [/workdir/hadoop-ozone/integration-test/target/test-dir/MiniOzoneClusterImpl-89ab4714-a06f-49fd-a91c-210e479dc798/datanode-3/data/ratis] (custom)
2019-09-10 21:42:36,174 [pool-439-thread-1] INFO  storage.RaftStorageDirectory (RaftStorageDirectory.java:analyzeStorage(246)) - The storage directory /workdir/hadoop-ozone/integration-test/target/test-dir/MiniOzoneClusterImpl-89ab4714-a06f-49fd-a91c-210e479dc798/datanode-3/data/ratis/51575d14-2f0e-41a4-9bdd-3b313d23aa6d does not exist. Creating ...
2019-09-10 21:42:36,181 [pool-439-thread-1] INFO  storage.RaftStorageDirectory (RaftStorageDirectory.java:tryLock(328)) - Lock on /workdir/hadoop-ozone/integration-test/target/test-dir/MiniOzoneClusterImpl-89ab4714-a06f-49fd-a91c-210e479dc798/datanode-3/data/ratis/51575d14-2f0e-41a4-9bdd-3b313d23aa6d/in_use.lock acquired by nodename 3781@pr-hdds-2007-wqvw6-2944049611
2019-09-10 21:42:36,194 [pool-439-thread-1] INFO  storage.RaftStorage (RaftStorage.java:format(72)) - Storage directory /workdir/hadoop-ozone/integration-test/target/test-dir/MiniOzoneClusterImpl-89ab4714-a06f-49fd-a91c-210e479dc798/datanode-3/data/ratis/51575d14-2f0e-41a4-9bdd-3b313d23aa6d has been successfully formatted.
2019-09-10 21:42:36,195 [pool-439-thread-1] INFO  ratis.ContainerStateMachine (ContainerStateMachine.java:loadSnapshot(227)) - group-3B313D23AA6D: The snapshot info is null. Setting the last applied indexto:(t:0, i:~)
2019-09-10 21:42:36,195 [pool-439-thread-1] INFO  server.RaftServerConfigKeys (ConfUtils.java:logGet(43)) - raft.server.leader.election.timeout = 120s (custom)
2019-09-10 21:42:36,195 [pool-439-thread-1] INFO  server.RaftServerConfigKeys (ConfUtils.java:logGet(43)) - raft.server.log.use.memory = false (default)
2019-09-10 21:42:36,195 [pool-439-thread-1] INFO  server.RaftServerConfigKeys (ConfUtils.java:logGet(43)) - raft.server.log.purge.gap = 1000000 (custom)
2019-09-10 21:42:36,195 [pool-439-thread-1] INFO  server.RaftServerConfigKeys (ConfUtils.java:logGet(43)) - raft.server.log.appender.buffer.byte-limit = 33554432 (custom)
2019-09-10 21:42:36,195 [pool-439-thread-1] INFO  server.RaftServerConfigKeys (ConfUtils.java:logGet(43)) - raft.server.log.segment.size.max = 1048576 (custom)
2019-09-10 21:42:36,195 [pool-439-thread-1] INFO  server.RaftServerConfigKeys (ConfUtils.java:logGet(43)) - raft.server.log.segment.cache.num.max = 2 (custom)
2019-09-10 21:42:36,195 [pool-439-thread-1] INFO  segmented.SegmentedRaftLogWorker (SegmentedRaftLogWorker.java:<init>(172)) - new 5ce445f2-79e2-4057-935d-c7a236a581cd-SegmentedRaftLogWorker:Storage Directory /workdir/hadoop-ozone/integration-test/target/test-dir/MiniOzoneClusterImpl-89ab4714-a06f-49fd-a91c-210e479dc798/datanode-3/data/ratis/51575d14-2f0e-41a4-9bdd-3b313d23aa6d for RaftStorage:Storage Directory /workdir/hadoop-ozone/integration-test/target/test-dir/MiniOzoneClusterImpl-89ab4714-a06f-49fd-a91c-210e479dc798/datanode-3/data/ratis/51575d14-2f0e-41a4-9bdd-3b313d23aa6d
2019-09-10 21:42:36,196 [pool-439-thread-1] INFO  server.RaftServerConfigKeys (ConfUtils.java:logGet(43)) - raft.server.log.queue.byte-limit = 2147483647 (custom)
2019-09-10 21:42:36,196 [pool-439-thread-1] INFO  server.RaftServerConfigKeys (ConfUtils.java:logGet(43)) - raft.server.log.queue.element-limit = 1024 (custom)
2019-09-10 21:42:36,196 [pool-439-thread-1] INFO  server.RaftServerConfigKeys (ConfUtils.java:logGet(43)) - raft.server.log.segment.size.max = 1048576 (custom)
2019-09-10 21:42:36,196 [pool-439-thread-1] INFO  server.RaftServerConfigKeys (ConfUtils.java:logGet(43)) - raft.server.log.preallocated.size = 16384 (custom)
2019-09-10 21:42:36,196 [pool-439-thread-1] INFO  server.RaftServerConfigKeys (ConfUtils.java:logGet(43)) - raft.server.log.write.buffer.size = 33554432 (custom)
2019-09-10 21:42:36,196 [pool-439-thread-1] INFO  server.RaftServerConfigKeys (ConfUtils.java:logGet(43)) - raft.server.log.force.sync.num = 128 (default)
2019-09-10 21:42:36,196 [pool-439-thread-1] INFO  server.RaftServerConfigKeys (ConfUtils.java:logGet(43)) - raft.server.log.statemachine.data.sync = true (default)
2019-09-10 21:42:36,196 [pool-439-thread-1] INFO  server.RaftServerConfigKeys (ConfUtils.java:logGet(43)) - raft.server.log.statemachine.data.sync.timeout = 10s (default)
2019-09-10 21:42:36,196 [pool-439-thread-1] INFO  server.RaftServerConfigKeys (ConfUtils.java:logGet(43)) - raft.server.log.statemachine.data.sync.timeout.retry = -1 (default)
2019-09-10 21:42:36,197 [pool-439-thread-1] INFO  server.RaftServerConfigKeys (ConfUtils.java:logGet(43)) - raft.server.log.statemachine.data.caching.enabled = true (custom)
2019-09-10 21:42:36,197 [pool-439-thread-1] INFO  segmented.SegmentedRaftLogWorker (SegmentedRaftLogWorker.java:lambda$new$0(132)) - 5ce445f2-79e2-4057-935d-c7a236a581cd-SegmentedRaftLogWorker:Storage Directory /workdir/hadoop-ozone/integration-test/target/test-dir/MiniOzoneClusterImpl-89ab4714-a06f-49fd-a91c-210e479dc798/datanode-3/data/ratis/51575d14-2f0e-41a4-9bdd-3b313d23aa6d: flushIndex: setUnconditionally 0 -> -1
2019-09-10 21:42:36,197 [pool-439-thread-1] INFO  server.RaftServerConfigKeys (ConfUtils.java:logGet(43)) - raft.server.snapshot.auto.trigger.enabled = true (custom)
2019-09-10 21:42:36,197 [pool-439-thread-1] INFO  server.RaftServerConfigKeys (ConfUtils.java:logGet(43)) - raft.server.snapshot.auto.trigger.threshold = 10000 (custom)
2019-09-10 21:42:36,198 [pool-439-thread-1] INFO  server.RaftServerConfigKeys (ConfUtils.java:logGet(43)) - raft.server.retrycache.expirytime = 600000ms (custom)
2019-09-10 21:42:36,198 [pool-439-thread-1] INFO  impl.RaftServerImpl (RaftServerImpl.java:start(180)) - 5ce445f2-79e2-4057-935d-c7a236a581cd: start group-3B313D23AA6D
2019-09-10 21:42:36,198 [pool-439-thread-1] INFO  impl.RaftServerImpl (RaftServerImpl.java:setRole(171)) - 5ce445f2-79e2-4057-935d-c7a236a581cd:group-3B313D23AA6D changes role from null to FOLLOWER at term 0 for startAsFollower
2019-09-10 21:42:36,198 [pool-439-thread-1] INFO  impl.RoleInfo (RoleInfo.java:updateAndGet(143)) - 5ce445f2-79e2-4057-935d-c7a236a581cd: start FollowerState
2019-09-10 21:42:36,198 [pool-439-thread-1] INFO  util.JmxRegister (JmxRegister.java:tryRegister(44)) - Successfully registered JMX Bean with object name Ratis:service=RaftServer,group=group-3B313D23AA6D,id=5ce445f2-79e2-4057-935d-c7a236a581cd
2019-09-10 21:42:36,200 [RatisPipelineUtilsThread] INFO  pipeline.PipelineStateManager (PipelineStateManager.java:addPipeline(56)) - Created pipeline Pipeline[ Id: 51575d14-2f0e-41a4-9bdd-3b313d23aa6d, Nodes: 5ce445f2-79e2-4057-935d-c7a236a581cd{ip: 192.168.157.245, host: pr-hdds-2007-wqvw6-2944049611, networkLocation: /default-rack, certSerialId: null}, Type:RATIS, Factor:ONE, State:OPEN]
2019-09-10 21:42:36,202 [IPC Server handler 16 on 44261] INFO  net.NetworkTopology (NetworkTopologyImpl.java:add(110)) - Added a new node: /default-rack/a51c52ab-c67a-438e-9398-785fa2adbd64
2019-09-10 21:42:36,202 [IPC Server handler 16 on 44261] INFO  node.SCMNodeManager (SCMNodeManager.java:register(266)) - Registered Data node : a51c52ab-c67a-438e-9398-785fa2adbd64{ip: 192.168.157.245, host: pr-hdds-2007-wqvw6-2944049611, networkLocation: /default-rack, certSerialId: null}
2019-09-10 21:42:36,211 [grpc-default-executor-10] INFO  impl.RaftServerProxy (RaftServerProxy.java:addNew(89)) - a51c52ab-c67a-438e-9398-785fa2adbd64: addNew group-FB239201D27D:[a51c52ab-c67a-438e-9398-785fa2adbd64:192.168.157.245:43951] returns group-FB239201D27D:java.util.concurrent.CompletableFuture@8cc2b40[Not completed]
2019-09-10 21:42:36,212 [pool-459-thread-1] INFO  impl.RaftServerImpl (RaftServerImpl.java:<init>(93)) - a51c52ab-c67a-438e-9398-785fa2adbd64: new RaftServerImpl for group-FB239201D27D:[a51c52ab-c67a-438e-9398-785fa2adbd64:192.168.157.245:43951] with ContainerStateMachine:uninitialized
2019-09-10 21:42:36,213 [pool-459-thread-1] INFO  server.RaftServerConfigKeys (ConfUtils.java:logGet(43)) - raft.server.rpc.timeout.min = 5s (custom)
2019-09-10 21:42:36,213 [pool-459-thread-1] INFO  server.RaftServerConfigKeys (ConfUtils.java:logGet(43)) - raft.server.rpc.timeout.max = 5200ms (custom)
2019-09-10 21:42:36,213 [pool-459-thread-1] INFO  server.RaftServerConfigKeys (ConfUtils.java:logGet(43)) - raft.server.rpcslowness.timeout = 120s (custom)
2019-09-10 21:42:36,213 [pool-459-thread-1] INFO  server.RaftServerConfigKeys (ConfUtils.java:logGet(43)) - raft.server.sleep.deviation.threshold = 300 (default)
2019-09-10 21:42:36,213 [pool-459-thread-1] INFO  server.RaftServerConfigKeys (ConfUtils.java:logGet(43)) - raft.server.log.appender.install.snapshot.enabled = false (custom)
2019-09-10 21:42:36,213 [pool-459-thread-1] INFO  impl.RaftServerImpl (ServerState.java:<init>(105)) - a51c52ab-c67a-438e-9398-785fa2adbd64:group-FB239201D27D ConfigurationManager, init=-1: [a51c52ab-c67a-438e-9398-785fa2adbd64:192.168.157.245:43951], old=null, confs=<EMPTY_MAP>
2019-09-10 21:42:36,213 [pool-459-thread-1] INFO  server.RaftServerConfigKeys (ConfUtils.java:logGet(43)) - raft.server.storage.dir = [/workdir/hadoop-ozone/integration-test/target/test-dir/MiniOzoneClusterImpl-89ab4714-a06f-49fd-a91c-210e479dc798/datanode-5/data/ratis] (custom)
2019-09-10 21:42:36,213 [pool-459-thread-1] INFO  storage.RaftStorageDirectory (RaftStorageDirectory.java:analyzeStorage(246)) - The storage directory /workdir/hadoop-ozone/integration-test/target/test-dir/MiniOzoneClusterImpl-89ab4714-a06f-49fd-a91c-210e479dc798/datanode-5/data/ratis/53e71375-30ee-4528-aa15-fb239201d27d does not exist. Creating ...
2019-09-10 21:42:36,219 [pool-459-thread-1] INFO  storage.RaftStorageDirectory (RaftStorageDirectory.java:tryLock(328)) - Lock on /workdir/hadoop-ozone/integration-test/target/test-dir/MiniOzoneClusterImpl-89ab4714-a06f-49fd-a91c-210e479dc798/datanode-5/data/ratis/53e71375-30ee-4528-aa15-fb239201d27d/in_use.lock acquired by nodename 3781@pr-hdds-2007-wqvw6-2944049611
2019-09-10 21:42:36,227 [pool-459-thread-1] INFO  storage.RaftStorage (RaftStorage.java:format(72)) - Storage directory /workdir/hadoop-ozone/integration-test/target/test-dir/MiniOzoneClusterImpl-89ab4714-a06f-49fd-a91c-210e479dc798/datanode-5/data/ratis/53e71375-30ee-4528-aa15-fb239201d27d has been successfully formatted.
2019-09-10 21:42:36,227 [pool-459-thread-1] INFO  ratis.ContainerStateMachine (ContainerStateMachine.java:loadSnapshot(227)) - group-FB239201D27D: The snapshot info is null. Setting the last applied indexto:(t:0, i:~)
2019-09-10 21:42:36,227 [pool-459-thread-1] INFO  server.RaftServerConfigKeys (ConfUtils.java:logGet(43)) - raft.server.leader.election.timeout = 120s (custom)
2019-09-10 21:42:36,227 [pool-459-thread-1] INFO  server.RaftServerConfigKeys (ConfUtils.java:logGet(43)) - raft.server.log.use.memory = false (default)
2019-09-10 21:42:36,227 [pool-459-thread-1] INFO  server.RaftServerConfigKeys (ConfUtils.java:logGet(43)) - raft.server.log.purge.gap = 1000000 (custom)
2019-09-10 21:42:36,227 [pool-459-thread-1] INFO  server.RaftServerConfigKeys (ConfUtils.java:logGet(43)) - raft.server.log.appender.buffer.byte-limit = 33554432 (custom)
2019-09-10 21:42:36,227 [pool-459-thread-1] INFO  server.RaftServerConfigKeys (ConfUtils.java:logGet(43)) - raft.server.log.segment.size.max = 1048576 (custom)
2019-09-10 21:42:36,228 [pool-459-thread-1] INFO  server.RaftServerConfigKeys (ConfUtils.java:logGet(43)) - raft.server.log.segment.cache.num.max = 2 (custom)
2019-09-10 21:42:36,228 [pool-459-thread-1] INFO  segmented.SegmentedRaftLogWorker (SegmentedRaftLogWorker.java:<init>(172)) - new a51c52ab-c67a-438e-9398-785fa2adbd64-SegmentedRaftLogWorker:Storage Directory /workdir/hadoop-ozone/integration-test/target/test-dir/MiniOzoneClusterImpl-89ab4714-a06f-49fd-a91c-210e479dc798/datanode-5/data/ratis/53e71375-30ee-4528-aa15-fb239201d27d for RaftStorage:Storage Directory /workdir/hadoop-ozone/integration-test/target/test-dir/MiniOzoneClusterImpl-89ab4714-a06f-49fd-a91c-210e479dc798/datanode-5/data/ratis/53e71375-30ee-4528-aa15-fb239201d27d
2019-09-10 21:42:36,228 [pool-459-thread-1] INFO  server.RaftServerConfigKeys (ConfUtils.java:logGet(43)) - raft.server.log.queue.byte-limit = 2147483647 (custom)
2019-09-10 21:42:36,228 [pool-459-thread-1] INFO  server.RaftServerConfigKeys (ConfUtils.java:logGet(43)) - raft.server.log.queue.element-limit = 1024 (custom)
2019-09-10 21:42:36,228 [pool-459-thread-1] INFO  server.RaftServerConfigKeys (ConfUtils.java:logGet(43)) - raft.server.log.segment.size.max = 1048576 (custom)
2019-09-10 21:42:36,228 [pool-459-thread-1] INFO  server.RaftServerConfigKeys (ConfUtils.java:logGet(43)) - raft.server.log.preallocated.size = 16384 (custom)
2019-09-10 21:42:36,228 [pool-459-thread-1] INFO  server.RaftServerConfigKeys (ConfUtils.java:logGet(43)) - raft.server.log.write.buffer.size = 33554432 (custom)
2019-09-10 21:42:36,228 [pool-459-thread-1] INFO  server.RaftServerConfigKeys (ConfUtils.java:logGet(43)) - raft.server.log.force.sync.num = 128 (default)
2019-09-10 21:42:36,228 [pool-459-thread-1] INFO  server.RaftServerConfigKeys (ConfUtils.java:logGet(43)) - raft.server.log.statemachine.data.sync = true (default)
2019-09-10 21:42:36,229 [pool-459-thread-1] INFO  server.RaftServerConfigKeys (ConfUtils.java:logGet(43)) - raft.server.log.statemachine.data.sync.timeout = 10s (default)
2019-09-10 21:42:36,229 [pool-459-thread-1] INFO  server.RaftServerConfigKeys (ConfUtils.java:logGet(43)) - raft.server.log.statemachine.data.sync.timeout.retry = -1 (default)
2019-09-10 21:42:36,229 [pool-459-thread-1] INFO  server.RaftServerConfigKeys (ConfUtils.java:logGet(43)) - raft.server.log.statemachine.data.caching.enabled = true (custom)
2019-09-10 21:42:36,229 [pool-459-thread-1] INFO  segmented.SegmentedRaftLogWorker (SegmentedRaftLogWorker.java:lambda$new$0(132)) - a51c52ab-c67a-438e-9398-785fa2adbd64-SegmentedRaftLogWorker:Storage Directory /workdir/hadoop-ozone/integration-test/target/test-dir/MiniOzoneClusterImpl-89ab4714-a06f-49fd-a91c-210e479dc798/datanode-5/data/ratis/53e71375-30ee-4528-aa15-fb239201d27d: flushIndex: setUnconditionally 0 -> -1
2019-09-10 21:42:36,229 [pool-459-thread-1] INFO  server.RaftServerConfigKeys (ConfUtils.java:logGet(43)) - raft.server.snapshot.auto.trigger.enabled = true (custom)
2019-09-10 21:42:36,230 [pool-459-thread-1] INFO  server.RaftServerConfigKeys (ConfUtils.java:logGet(43)) - raft.server.snapshot.auto.trigger.threshold = 10000 (custom)
2019-09-10 21:42:36,230 [pool-459-thread-1] INFO  server.RaftServerConfigKeys (ConfUtils.java:logGet(43)) - raft.server.retrycache.expirytime = 600000ms (custom)
2019-09-10 21:42:36,230 [pool-459-thread-1] INFO  impl.RaftServerImpl (RaftServerImpl.java:start(180)) - a51c52ab-c67a-438e-9398-785fa2adbd64: start group-FB239201D27D
2019-09-10 21:42:36,230 [pool-459-thread-1] INFO  impl.RaftServerImpl (RaftServerImpl.java:setRole(171)) - a51c52ab-c67a-438e-9398-785fa2adbd64:group-FB239201D27D changes role from null to FOLLOWER at term 0 for startAsFollower
2019-09-10 21:42:36,230 [pool-459-thread-1] INFO  impl.RoleInfo (RoleInfo.java:updateAndGet(143)) - a51c52ab-c67a-438e-9398-785fa2adbd64: start FollowerState
2019-09-10 21:42:36,230 [pool-459-thread-1] INFO  util.JmxRegister (JmxRegister.java:tryRegister(44)) - Successfully registered JMX Bean with object name Ratis:service=RaftServer,group=group-FB239201D27D,id=a51c52ab-c67a-438e-9398-785fa2adbd64
2019-09-10 21:42:36,232 [RatisPipelineUtilsThread] INFO  pipeline.PipelineStateManager (PipelineStateManager.java:addPipeline(56)) - Created pipeline Pipeline[ Id: 53e71375-30ee-4528-aa15-fb239201d27d, Nodes: a51c52ab-c67a-438e-9398-785fa2adbd64{ip: 192.168.157.245, host: pr-hdds-2007-wqvw6-2944049611, networkLocation: /default-rack, certSerialId: null}, Type:RATIS, Factor:ONE, State:OPEN]
2019-09-10 21:42:36,244 [grpc-default-executor-9] INFO  impl.RaftServerProxy (RaftServerProxy.java:addNew(89)) - 5ce445f2-79e2-4057-935d-c7a236a581cd: addNew group-4647CE2A2CE4:[54252f36-17d3-44da-82d9-c462bd19d858:192.168.157.245:35361, a51c52ab-c67a-438e-9398-785fa2adbd64:192.168.157.245:43951, 5ce445f2-79e2-4057-935d-c7a236a581cd:192.168.157.245:40841] returns group-4647CE2A2CE4:java.util.concurrent.CompletableFuture@40380c25[Not completed]
2019-09-10 21:42:36,244 [grpc-default-executor-10] INFO  impl.RaftServerProxy (RaftServerProxy.java:addNew(89)) - a51c52ab-c67a-438e-9398-785fa2adbd64: addNew group-4647CE2A2CE4:[54252f36-17d3-44da-82d9-c462bd19d858:192.168.157.245:35361, a51c52ab-c67a-438e-9398-785fa2adbd64:192.168.157.245:43951, 5ce445f2-79e2-4057-935d-c7a236a581cd:192.168.157.245:40841] returns group-4647CE2A2CE4:java.util.concurrent.CompletableFuture@cab80dc[Not completed]
2019-09-10 21:42:36,244 [grpc-default-executor-4] INFO  impl.RaftServerProxy (RaftServerProxy.java:addNew(89)) - 54252f36-17d3-44da-82d9-c462bd19d858: addNew group-4647CE2A2CE4:[54252f36-17d3-44da-82d9-c462bd19d858:192.168.157.245:35361, a51c52ab-c67a-438e-9398-785fa2adbd64:192.168.157.245:43951, 5ce445f2-79e2-4057-935d-c7a236a581cd:192.168.157.245:40841] returns group-4647CE2A2CE4:java.util.concurrent.CompletableFuture@cde830[Not completed]
2019-09-10 21:42:36,245 [pool-439-thread-1] INFO  impl.RaftServerImpl (RaftServerImpl.java:<init>(93)) - 5ce445f2-79e2-4057-935d-c7a236a581cd: new RaftServerImpl for group-4647CE2A2CE4:[54252f36-17d3-44da-82d9-c462bd19d858:192.168.157.245:35361, a51c52ab-c67a-438e-9398-785fa2adbd64:192.168.157.245:43951, 5ce445f2-79e2-4057-935d-c7a236a581cd:192.168.157.245:40841] with ContainerStateMachine:uninitialized
2019-09-10 21:42:36,245 [pool-439-thread-1] INFO  server.RaftServerConfigKeys (ConfUtils.java:logGet(43)) - raft.server.rpc.timeout.min = 5s (custom)
2019-09-10 21:42:36,246 [pool-439-thread-1] INFO  server.RaftServerConfigKeys (ConfUtils.java:logGet(43)) - raft.server.rpc.timeout.max = 5200ms (custom)
2019-09-10 21:42:36,246 [pool-439-thread-1] INFO  server.RaftServerConfigKeys (ConfUtils.java:logGet(43)) - raft.server.rpcslowness.timeout = 120s (custom)
2019-09-10 21:42:36,246 [pool-439-thread-1] INFO  server.RaftServerConfigKeys (ConfUtils.java:logGet(43)) - raft.server.sleep.deviation.threshold = 300 (default)
2019-09-10 21:42:36,246 [pool-439-thread-1] INFO  server.RaftServerConfigKeys (ConfUtils.java:logGet(43)) - raft.server.log.appender.install.snapshot.enabled = false (custom)
2019-09-10 21:42:36,246 [pool-449-thread-1] INFO  impl.RaftServerImpl (RaftServerImpl.java:<init>(93)) - 54252f36-17d3-44da-82d9-c462bd19d858: new RaftServerImpl for group-4647CE2A2CE4:[54252f36-17d3-44da-82d9-c462bd19d858:192.168.157.245:35361, a51c52ab-c67a-438e-9398-785fa2adbd64:192.168.157.245:43951, 5ce445f2-79e2-4057-935d-c7a236a581cd:192.168.157.245:40841] with ContainerStateMachine:uninitialized
2019-09-10 21:42:36,246 [pool-439-thread-1] INFO  impl.RaftServerImpl (ServerState.java:<init>(105)) - 5ce445f2-79e2-4057-935d-c7a236a581cd:group-4647CE2A2CE4 ConfigurationManager, init=-1: [54252f36-17d3-44da-82d9-c462bd19d858:192.168.157.245:35361, a51c52ab-c67a-438e-9398-785fa2adbd64:192.168.157.245:43951, 5ce445f2-79e2-4057-935d-c7a236a581cd:192.168.157.245:40841], old=null, confs=<EMPTY_MAP>
2019-09-10 21:42:36,246 [pool-449-thread-1] INFO  server.RaftServerConfigKeys (ConfUtils.java:logGet(43)) - raft.server.rpc.timeout.min = 5s (custom)
2019-09-10 21:42:36,246 [pool-459-thread-1] INFO  impl.RaftServerImpl (RaftServerImpl.java:<init>(93)) - a51c52ab-c67a-438e-9398-785fa2adbd64: new RaftServerImpl for group-4647CE2A2CE4:[54252f36-17d3-44da-82d9-c462bd19d858:192.168.157.245:35361, a51c52ab-c67a-438e-9398-785fa2adbd64:192.168.157.245:43951, 5ce445f2-79e2-4057-935d-c7a236a581cd:192.168.157.245:40841] with ContainerStateMachine:uninitialized
2019-09-10 21:42:36,246 [pool-439-thread-1] INFO  server.RaftServerConfigKeys (ConfUtils.java:logGet(43)) - raft.server.storage.dir = [/workdir/hadoop-ozone/integration-test/target/test-dir/MiniOzoneClusterImpl-89ab4714-a06f-49fd-a91c-210e479dc798/datanode-3/data/ratis] (custom)
2019-09-10 21:42:36,247 [pool-459-thread-1] INFO  server.RaftServerConfigKeys (ConfUtils.java:logGet(43)) - raft.server.rpc.timeout.min = 5s (custom)
2019-09-10 21:42:36,246 [pool-449-thread-1] INFO  server.RaftServerConfigKeys (ConfUtils.java:logGet(43)) - raft.server.rpc.timeout.max = 5200ms (custom)
2019-09-10 21:42:36,247 [pool-439-thread-1] INFO  storage.RaftStorageDirectory (RaftStorageDirectory.java:analyzeStorage(246)) - The storage directory /workdir/hadoop-ozone/integration-test/target/test-dir/MiniOzoneClusterImpl-89ab4714-a06f-49fd-a91c-210e479dc798/datanode-3/data/ratis/b04ac957-915a-453f-a5d9-4647ce2a2ce4 does not exist. Creating ...
2019-09-10 21:42:36,247 [pool-459-thread-1] INFO  server.RaftServerConfigKeys (ConfUtils.java:logGet(43)) - raft.server.rpc.timeout.max = 5200ms (custom)
2019-09-10 21:42:36,247 [pool-449-thread-1] INFO  server.RaftServerConfigKeys (ConfUtils.java:logGet(43)) - raft.server.rpcslowness.timeout = 120s (custom)
2019-09-10 21:42:36,247 [pool-459-thread-1] INFO  server.RaftServerConfigKeys (ConfUtils.java:logGet(43)) - raft.server.rpcslowness.timeout = 120s (custom)
2019-09-10 21:42:36,247 [pool-449-thread-1] INFO  server.RaftServerConfigKeys (ConfUtils.java:logGet(43)) - raft.server.sleep.deviation.threshold = 300 (default)
2019-09-10 21:42:36,247 [pool-459-thread-1] INFO  server.RaftServerConfigKeys (ConfUtils.java:logGet(43)) - raft.server.sleep.deviation.threshold = 300 (default)
2019-09-10 21:42:36,247 [pool-449-thread-1] INFO  server.RaftServerConfigKeys (ConfUtils.java:logGet(43)) - raft.server.log.appender.install.snapshot.enabled = false (custom)
2019-09-10 21:42:36,248 [pool-459-thread-1] INFO  server.RaftServerConfigKeys (ConfUtils.java:logGet(43)) - raft.server.log.appender.install.snapshot.enabled = false (custom)
2019-09-10 21:42:36,248 [pool-449-thread-1] INFO  impl.RaftServerImpl (ServerState.java:<init>(105)) - 54252f36-17d3-44da-82d9-c462bd19d858:group-4647CE2A2CE4 ConfigurationManager, init=-1: [54252f36-17d3-44da-82d9-c462bd19d858:192.168.157.245:35361, a51c52ab-c67a-438e-9398-785fa2adbd64:192.168.157.245:43951, 5ce445f2-79e2-4057-935d-c7a236a581cd:192.168.157.245:40841], old=null, confs=<EMPTY_MAP>
2019-09-10 21:42:36,248 [pool-459-thread-1] INFO  impl.RaftServerImpl (ServerState.java:<init>(105)) - a51c52ab-c67a-438e-9398-785fa2adbd64:group-4647CE2A2CE4 ConfigurationManager, init=-1: [54252f36-17d3-44da-82d9-c462bd19d858:192.168.157.245:35361, a51c52ab-c67a-438e-9398-785fa2adbd64:192.168.157.245:43951, 5ce445f2-79e2-4057-935d-c7a236a581cd:192.168.157.245:40841], old=null, confs=<EMPTY_MAP>
2019-09-10 21:42:36,248 [pool-449-thread-1] INFO  server.RaftServerConfigKeys (ConfUtils.java:logGet(43)) - raft.server.storage.dir = [/workdir/hadoop-ozone/integration-test/target/test-dir/MiniOzoneClusterImpl-89ab4714-a06f-49fd-a91c-210e479dc798/datanode-4/data/ratis] (custom)
2019-09-10 21:42:36,248 [pool-459-thread-1] INFO  server.RaftServerConfigKeys (ConfUtils.java:logGet(43)) - raft.server.storage.dir = [/workdir/hadoop-ozone/integration-test/target/test-dir/MiniOzoneClusterImpl-89ab4714-a06f-49fd-a91c-210e479dc798/datanode-5/data/ratis] (custom)
2019-09-10 21:42:36,248 [pool-449-thread-1] INFO  storage.RaftStorageDirectory (RaftStorageDirectory.java:analyzeStorage(246)) - The storage directory /workdir/hadoop-ozone/integration-test/target/test-dir/MiniOzoneClusterImpl-89ab4714-a06f-49fd-a91c-210e479dc798/datanode-4/data/ratis/b04ac957-915a-453f-a5d9-4647ce2a2ce4 does not exist. Creating ...
2019-09-10 21:42:36,248 [pool-459-thread-1] INFO  storage.RaftStorageDirectory (RaftStorageDirectory.java:analyzeStorage(246)) - The storage directory /workdir/hadoop-ozone/integration-test/target/test-dir/MiniOzoneClusterImpl-89ab4714-a06f-49fd-a91c-210e479dc798/datanode-5/data/ratis/b04ac957-915a-453f-a5d9-4647ce2a2ce4 does not exist. Creating ...
2019-09-10 21:42:36,254 [pool-459-thread-1] INFO  storage.RaftStorageDirectory (RaftStorageDirectory.java:tryLock(328)) - Lock on /workdir/hadoop-ozone/integration-test/target/test-dir/MiniOzoneClusterImpl-89ab4714-a06f-49fd-a91c-210e479dc798/datanode-5/data/ratis/b04ac957-915a-453f-a5d9-4647ce2a2ce4/in_use.lock acquired by nodename 3781@pr-hdds-2007-wqvw6-2944049611
2019-09-10 21:42:36,254 [pool-439-thread-1] INFO  storage.RaftStorageDirectory (RaftStorageDirectory.java:tryLock(328)) - Lock on /workdir/hadoop-ozone/integration-test/target/test-dir/MiniOzoneClusterImpl-89ab4714-a06f-49fd-a91c-210e479dc798/datanode-3/data/ratis/b04ac957-915a-453f-a5d9-4647ce2a2ce4/in_use.lock acquired by nodename 3781@pr-hdds-2007-wqvw6-2944049611
2019-09-10 21:42:36,254 [pool-449-thread-1] INFO  storage.RaftStorageDirectory (RaftStorageDirectory.java:tryLock(328)) - Lock on /workdir/hadoop-ozone/integration-test/target/test-dir/MiniOzoneClusterImpl-89ab4714-a06f-49fd-a91c-210e479dc798/datanode-4/data/ratis/b04ac957-915a-453f-a5d9-4647ce2a2ce4/in_use.lock acquired by nodename 3781@pr-hdds-2007-wqvw6-2944049611
2019-09-10 21:42:36,268 [pool-439-thread-1] INFO  storage.RaftStorage (RaftStorage.java:format(72)) - Storage directory /workdir/hadoop-ozone/integration-test/target/test-dir/MiniOzoneClusterImpl-89ab4714-a06f-49fd-a91c-210e479dc798/datanode-3/data/ratis/b04ac957-915a-453f-a5d9-4647ce2a2ce4 has been successfully formatted.
2019-09-10 21:42:36,268 [pool-459-thread-1] INFO  storage.RaftStorage (RaftStorage.java:format(72)) - Storage directory /workdir/hadoop-ozone/integration-test/target/test-dir/MiniOzoneClusterImpl-89ab4714-a06f-49fd-a91c-210e479dc798/datanode-5/data/ratis/b04ac957-915a-453f-a5d9-4647ce2a2ce4 has been successfully formatted.
2019-09-10 21:42:36,268 [pool-449-thread-1] INFO  storage.RaftStorage (RaftStorage.java:format(72)) - Storage directory /workdir/hadoop-ozone/integration-test/target/test-dir/MiniOzoneClusterImpl-89ab4714-a06f-49fd-a91c-210e479dc798/datanode-4/data/ratis/b04ac957-915a-453f-a5d9-4647ce2a2ce4 has been successfully formatted.
2019-09-10 21:42:36,268 [pool-439-thread-1] INFO  ratis.ContainerStateMachine (ContainerStateMachine.java:loadSnapshot(227)) - group-4647CE2A2CE4: The snapshot info is null. Setting the last applied indexto:(t:0, i:~)
2019-09-10 21:42:36,268 [pool-449-thread-1] INFO  ratis.ContainerStateMachine (ContainerStateMachine.java:loadSnapshot(227)) - group-4647CE2A2CE4: The snapshot info is null. Setting the last applied indexto:(t:0, i:~)
2019-09-10 21:42:36,268 [pool-459-thread-1] INFO  ratis.ContainerStateMachine (ContainerStateMachine.java:loadSnapshot(227)) - group-4647CE2A2CE4: The snapshot info is null. Setting the last applied indexto:(t:0, i:~)
2019-09-10 21:42:36,268 [pool-449-thread-1] INFO  server.RaftServerConfigKeys (ConfUtils.java:logGet(43)) - raft.server.leader.election.timeout = 120s (custom)
2019-09-10 21:42:36,268 [pool-439-thread-1] INFO  server.RaftServerConfigKeys (ConfUtils.java:logGet(43)) - raft.server.leader.election.timeout = 120s (custom)
2019-09-10 21:42:36,268 [pool-449-thread-1] INFO  server.RaftServerConfigKeys (ConfUtils.java:logGet(43)) - raft.server.log.use.memory = false (default)
2019-09-10 21:42:36,268 [pool-459-thread-1] INFO  server.RaftServerConfigKeys (ConfUtils.java:logGet(43)) - raft.server.leader.election.timeout = 120s (custom)
2019-09-10 21:42:36,269 [IPC Server handler 1 on 44261] INFO  net.NetworkTopology (NetworkTopologyImpl.java:add(110)) - Added a new node: /default-rack/96288502-8d6b-4590-9ac7-525d1ce60e78
2019-09-10 21:42:36,269 [pool-449-thread-1] INFO  server.RaftServerConfigKeys (ConfUtils.java:logGet(43)) - raft.server.log.purge.gap = 1000000 (custom)
2019-09-10 21:42:36,269 [pool-439-thread-1] INFO  server.RaftServerConfigKeys (ConfUtils.java:logGet(43)) - raft.server.log.use.memory = false (default)
2019-09-10 21:42:36,269 [pool-449-thread-1] INFO  server.RaftServerConfigKeys (ConfUtils.java:logGet(43)) - raft.server.log.appender.buffer.byte-limit = 33554432 (custom)
2019-09-10 21:42:36,269 [main] INFO  ozone.MiniOzoneClusterImpl (MiniOzoneClusterImpl.java:lambda$waitForClusterToBeReady$0(140)) - Cluster is ready. Got 7 of 7 DN Heartbeats.
2019-09-10 21:42:36,269 [IPC Server handler 1 on 44261] INFO  node.SCMNodeManager (SCMNodeManager.java:register(266)) - Registered Data node : 96288502-8d6b-4590-9ac7-525d1ce60e78{ip: 192.168.157.245, host: pr-hdds-2007-wqvw6-2944049611, networkLocation: /default-rack, certSerialId: null}
2019-09-10 21:42:36,269 [pool-459-thread-1] INFO  server.RaftServerConfigKeys (ConfUtils.java:logGet(43)) - raft.server.log.use.memory = false (default)
2019-09-10 21:42:36,269 [pool-449-thread-1] INFO  server.RaftServerConfigKeys (ConfUtils.java:logGet(43)) - raft.server.log.segment.size.max = 1048576 (custom)
2019-09-10 21:42:36,269 [pool-439-thread-1] INFO  server.RaftServerConfigKeys (ConfUtils.java:logGet(43)) - raft.server.log.purge.gap = 1000000 (custom)
2019-09-10 21:42:36,270 [pool-449-thread-1] INFO  server.RaftServerConfigKeys (ConfUtils.java:logGet(43)) - raft.server.log.segment.cache.num.max = 2 (custom)
2019-09-10 21:42:36,270 [pool-459-thread-1] INFO  server.RaftServerConfigKeys (ConfUtils.java:logGet(43)) - raft.server.log.purge.gap = 1000000 (custom)
2019-09-10 21:42:36,270 [pool-449-thread-1] INFO  segmented.SegmentedRaftLogWorker (SegmentedRaftLogWorker.java:<init>(172)) - new 54252f36-17d3-44da-82d9-c462bd19d858-SegmentedRaftLogWorker:Storage Directory /workdir/hadoop-ozone/integration-test/target/test-dir/MiniOzoneClusterImpl-89ab4714-a06f-49fd-a91c-210e479dc798/datanode-4/data/ratis/b04ac957-915a-453f-a5d9-4647ce2a2ce4 for RaftStorage:Storage Directory /workdir/hadoop-ozone/integration-test/target/test-dir/MiniOzoneClusterImpl-89ab4714-a06f-49fd-a91c-210e479dc798/datanode-4/data/ratis/b04ac957-915a-453f-a5d9-4647ce2a2ce4
2019-09-10 21:42:36,270 [pool-439-thread-1] INFO  server.RaftServerConfigKeys (ConfUtils.java:logGet(43)) - raft.server.log.appender.buffer.byte-limit = 33554432 (custom)
2019-09-10 21:42:36,270 [pool-449-thread-1] INFO  server.RaftServerConfigKeys (ConfUtils.java:logGet(43)) - raft.server.log.queue.byte-limit = 2147483647 (custom)
2019-09-10 21:42:36,270 [pool-459-thread-1] INFO  server.RaftServerConfigKeys (ConfUtils.java:logGet(43)) - raft.server.log.appender.buffer.byte-limit = 33554432 (custom)
2019-09-10 21:42:36,271 [pool-449-thread-1] INFO  server.RaftServerConfigKeys (ConfUtils.java:logGet(43)) - raft.server.log.queue.element-limit = 1024 (custom)
2019-09-10 21:42:36,271 [pool-439-thread-1] INFO  server.RaftServerConfigKeys (ConfUtils.java:logGet(43)) - raft.server.log.segment.size.max = 1048576 (custom)
2019-09-10 21:42:36,271 [pool-449-thread-1] INFO  server.RaftServerConfigKeys (ConfUtils.java:logGet(43)) - raft.server.log.segment.size.max = 1048576 (custom)
2019-09-10 21:42:36,271 [pool-459-thread-1] INFO  server.RaftServerConfigKeys (ConfUtils.java:logGet(43)) - raft.server.log.segment.size.max = 1048576 (custom)
2019-09-10 21:42:36,271 [pool-449-thread-1] INFO  server.RaftServerConfigKeys (ConfUtils.java:logGet(43)) - raft.server.log.preallocated.size = 16384 (custom)
2019-09-10 21:42:36,271 [pool-439-thread-1] INFO  server.RaftServerConfigKeys (ConfUtils.java:logGet(43)) - raft.server.log.segment.cache.num.max = 2 (custom)
2019-09-10 21:42:36,271 [pool-449-thread-1] INFO  server.RaftServerConfigKeys (ConfUtils.java:logGet(43)) - raft.server.log.write.buffer.size = 33554432 (custom)
2019-09-10 21:42:36,271 [pool-459-thread-1] INFO  server.RaftServerConfigKeys (ConfUtils.java:logGet(43)) - raft.server.log.segment.cache.num.max = 2 (custom)
2019-09-10 21:42:36,272 [pool-449-thread-1] INFO  server.RaftServerConfigKeys (ConfUtils.java:logGet(43)) - raft.server.log.force.sync.num = 128 (default)
2019-09-10 21:42:36,272 [pool-439-thread-1] INFO  segmented.SegmentedRaftLogWorker (SegmentedRaftLogWorker.java:<init>(172)) - new 5ce445f2-79e2-4057-935d-c7a236a581cd-SegmentedRaftLogWorker:Storage Directory /workdir/hadoop-ozone/integration-test/target/test-dir/MiniOzoneClusterImpl-89ab4714-a06f-49fd-a91c-210e479dc798/datanode-3/data/ratis/b04ac957-915a-453f-a5d9-4647ce2a2ce4 for RaftStorage:Storage Directory /workdir/hadoop-ozone/integration-test/target/test-dir/MiniOzoneClusterImpl-89ab4714-a06f-49fd-a91c-210e479dc798/datanode-3/data/ratis/b04ac957-915a-453f-a5d9-4647ce2a2ce4
2019-09-10 21:42:36,272 [pool-449-thread-1] INFO  server.RaftServerConfigKeys (ConfUtils.java:logGet(43)) - raft.server.log.statemachine.data.sync = true (default)
2019-09-10 21:42:36,272 [pool-459-thread-1] INFO  segmented.SegmentedRaftLogWorker (SegmentedRaftLogWorker.java:<init>(172)) - new a51c52ab-c67a-438e-9398-785fa2adbd64-SegmentedRaftLogWorker:Storage Directory /workdir/hadoop-ozone/integration-test/target/test-dir/MiniOzoneClusterImpl-89ab4714-a06f-49fd-a91c-210e479dc798/datanode-5/data/ratis/b04ac957-915a-453f-a5d9-4647ce2a2ce4 for RaftStorage:Storage Directory /workdir/hadoop-ozone/integration-test/target/test-dir/MiniOzoneClusterImpl-89ab4714-a06f-49fd-a91c-210e479dc798/datanode-5/data/ratis/b04ac957-915a-453f-a5d9-4647ce2a2ce4
2019-09-10 21:42:36,272 [pool-449-thread-1] INFO  server.RaftServerConfigKeys (ConfUtils.java:logGet(43)) - raft.server.log.statemachine.data.sync.timeout = 10s (default)
2019-09-10 21:42:36,272 [pool-439-thread-1] INFO  server.RaftServerConfigKeys (ConfUtils.java:logGet(43)) - raft.server.log.queue.byte-limit = 2147483647 (custom)
2019-09-10 21:42:36,277 [pool-439-thread-1] INFO  server.RaftServerConfigKeys (ConfUtils.java:logGet(43)) - raft.server.log.queue.element-limit = 1024 (custom)
2019-09-10 21:42:36,272 [pool-449-thread-1] INFO  server.RaftServerConfigKeys (ConfUtils.java:logGet(43)) - raft.server.log.statemachine.data.sync.timeout.retry = -1 (default)
2019-09-10 21:42:36,272 [pool-459-thread-1] INFO  server.RaftServerConfigKeys (ConfUtils.java:logGet(43)) - raft.server.log.queue.byte-limit = 2147483647 (custom)
2019-09-10 21:42:36,278 [pool-449-thread-1] INFO  server.RaftServerConfigKeys (ConfUtils.java:logGet(43)) - raft.server.log.statemachine.data.caching.enabled = true (custom)
2019-09-10 21:42:36,278 [pool-439-thread-1] INFO  server.RaftServerConfigKeys (ConfUtils.java:logGet(43)) - raft.server.log.segment.size.max = 1048576 (custom)
2019-09-10 21:42:36,278 [pool-449-thread-1] INFO  segmented.SegmentedRaftLogWorker (SegmentedRaftLogWorker.java:lambda$new$0(132)) - 54252f36-17d3-44da-82d9-c462bd19d858-SegmentedRaftLogWorker:Storage Directory /workdir/hadoop-ozone/integration-test/target/test-dir/MiniOzoneClusterImpl-89ab4714-a06f-49fd-a91c-210e479dc798/datanode-4/data/ratis/b04ac957-915a-453f-a5d9-4647ce2a2ce4: flushIndex: setUnconditionally 0 -> -1
2019-09-10 21:42:36,278 [pool-459-thread-1] INFO  server.RaftServerConfigKeys (ConfUtils.java:logGet(43)) - raft.server.log.queue.element-limit = 1024 (custom)
2019-09-10 21:42:36,278 [pool-439-thread-1] INFO  server.RaftServerConfigKeys (ConfUtils.java:logGet(43)) - raft.server.log.preallocated.size = 16384 (custom)
2019-09-10 21:42:36,279 [pool-449-thread-1] INFO  server.RaftServerConfigKeys (ConfUtils.java:logGet(43)) - raft.server.snapshot.auto.trigger.enabled = true (custom)
2019-09-10 21:42:36,279 [pool-459-thread-1] INFO  server.RaftServerConfigKeys (ConfUtils.java:logGet(43)) - raft.server.log.segment.size.max = 1048576 (custom)
2019-09-10 21:42:36,279 [pool-449-thread-1] INFO  server.RaftServerConfigKeys (ConfUtils.java:logGet(43)) - raft.server.snapshot.auto.trigger.threshold = 10000 (custom)
2019-09-10 21:42:36,279 [pool-439-thread-1] INFO  server.RaftServerConfigKeys (ConfUtils.java:logGet(43)) - raft.server.log.write.buffer.size = 33554432 (custom)
2019-09-10 21:42:36,279 [pool-449-thread-1] INFO  server.RaftServerConfigKeys (ConfUtils.java:logGet(43)) - raft.server.retrycache.expirytime = 600000ms (custom)
2019-09-10 21:42:36,279 [pool-459-thread-1] INFO  server.RaftServerConfigKeys (ConfUtils.java:logGet(43)) - raft.server.log.preallocated.size = 16384 (custom)
2019-09-10 21:42:36,280 [pool-449-thread-1] INFO  impl.RaftServerImpl (RaftServerImpl.java:start(180)) - 54252f36-17d3-44da-82d9-c462bd19d858: start group-4647CE2A2CE4
2019-09-10 21:42:36,280 [pool-439-thread-1] INFO  server.RaftServerConfigKeys (ConfUtils.java:logGet(43)) - raft.server.log.force.sync.num = 128 (default)
2019-09-10 21:42:36,280 [pool-449-thread-1] INFO  impl.RaftServerImpl (RaftServerImpl.java:setRole(171)) - 54252f36-17d3-44da-82d9-c462bd19d858:group-4647CE2A2CE4 changes role from null to FOLLOWER at term 0 for startAsFollower
2019-09-10 21:42:36,280 [pool-459-thread-1] INFO  server.RaftServerConfigKeys (ConfUtils.java:logGet(43)) - raft.server.log.write.buffer.size = 33554432 (custom)
2019-09-10 21:42:36,280 [pool-449-thread-1] INFO  impl.RoleInfo (RoleInfo.java:updateAndGet(143)) - 54252f36-17d3-44da-82d9-c462bd19d858: start FollowerState
2019-09-10 21:42:36,280 [pool-439-thread-1] INFO  server.RaftServerConfigKeys (ConfUtils.java:logGet(43)) - raft.server.log.statemachine.data.sync = true (default)
2019-09-10 21:42:36,280 [pool-459-thread-1] INFO  server.RaftServerConfigKeys (ConfUtils.java:logGet(43)) - raft.server.log.force.sync.num = 128 (default)
2019-09-10 21:42:36,283 [pool-439-thread-1] INFO  server.RaftServerConfigKeys (ConfUtils.java:logGet(43)) - raft.server.log.statemachine.data.sync.timeout = 10s (default)
2019-09-10 21:42:36,283 [pool-449-thread-1] INFO  util.JmxRegister (JmxRegister.java:tryRegister(44)) - Successfully registered JMX Bean with object name Ratis:service=RaftServer,group=group-4647CE2A2CE4,id=54252f36-17d3-44da-82d9-c462bd19d858
2019-09-10 21:42:36,283 [pool-439-thread-1] INFO  server.RaftServerConfigKeys (ConfUtils.java:logGet(43)) - raft.server.log.statemachine.data.sync.timeout.retry = -1 (default)
2019-09-10 21:42:36,283 [pool-459-thread-1] INFO  server.RaftServerConfigKeys (ConfUtils.java:logGet(43)) - raft.server.log.statemachine.data.sync = true (default)
2019-09-10 21:42:36,283 [pool-439-thread-1] INFO  server.RaftServerConfigKeys (ConfUtils.java:logGet(43)) - raft.server.log.statemachine.data.caching.enabled = true (custom)
2019-09-10 21:42:36,284 [pool-459-thread-1] INFO  server.RaftServerConfigKeys (ConfUtils.java:logGet(43)) - raft.server.log.statemachine.data.sync.timeout = 10s (default)
2019-09-10 21:42:36,284 [pool-459-thread-1] INFO  server.RaftServerConfigKeys (ConfUtils.java:logGet(43)) - raft.server.log.statemachine.data.sync.timeout.retry = -1 (default)
2019-09-10 21:42:36,284 [pool-439-thread-1] INFO  segmented.SegmentedRaftLogWorker (SegmentedRaftLogWorker.java:lambda$new$0(132)) - 5ce445f2-79e2-4057-935d-c7a236a581cd-SegmentedRaftLogWorker:Storage Directory /workdir/hadoop-ozone/integration-test/target/test-dir/MiniOzoneClusterImpl-89ab4714-a06f-49fd-a91c-210e479dc798/datanode-3/data/ratis/b04ac957-915a-453f-a5d9-4647ce2a2ce4: flushIndex: setUnconditionally 0 -> -1
2019-09-10 21:42:36,300 [pool-459-thread-1] INFO  server.RaftServerConfigKeys (ConfUtils.java:logGet(43)) - raft.server.log.statemachine.data.caching.enabled = true (custom)
2019-09-10 21:42:36,300 [pool-439-thread-1] INFO  server.RaftServerConfigKeys (ConfUtils.java:logGet(43)) - raft.server.snapshot.auto.trigger.enabled = true (custom)
2019-09-10 21:42:36,300 [pool-439-thread-1] INFO  server.RaftServerConfigKeys (ConfUtils.java:logGet(43)) - raft.server.snapshot.auto.trigger.threshold = 10000 (custom)
2019-09-10 21:42:36,300 [pool-459-thread-1] INFO  segmented.SegmentedRaftLogWorker (SegmentedRaftLogWorker.java:lambda$new$0(132)) - a51c52ab-c67a-438e-9398-785fa2adbd64-SegmentedRaftLogWorker:Storage Directory /workdir/hadoop-ozone/integration-test/target/test-dir/MiniOzoneClusterImpl-89ab4714-a06f-49fd-a91c-210e479dc798/datanode-5/data/ratis/b04ac957-915a-453f-a5d9-4647ce2a2ce4: flushIndex: setUnconditionally 0 -> -1
2019-09-10 21:42:36,301 [pool-439-thread-1] INFO  server.RaftServerConfigKeys (ConfUtils.java:logGet(43)) - raft.server.retrycache.expirytime = 600000ms (custom)
2019-09-10 21:42:36,301 [pool-459-thread-1] INFO  server.RaftServerConfigKeys (ConfUtils.java:logGet(43)) - raft.server.snapshot.auto.trigger.enabled = true (custom)
2019-09-10 21:42:36,301 [pool-439-thread-1] INFO  impl.RaftServerImpl (RaftServerImpl.java:start(180)) - 5ce445f2-79e2-4057-935d-c7a236a581cd: start group-4647CE2A2CE4
2019-09-10 21:42:36,301 [pool-459-thread-1] INFO  server.RaftServerConfigKeys (ConfUtils.java:logGet(43)) - raft.server.snapshot.auto.trigger.threshold = 10000 (custom)
2019-09-10 21:42:36,301 [pool-439-thread-1] INFO  impl.RaftServerImpl (RaftServerImpl.java:setRole(171)) - 5ce445f2-79e2-4057-935d-c7a236a581cd:group-4647CE2A2CE4 changes role from null to FOLLOWER at term 0 for startAsFollower
2019-09-10 21:42:36,301 [pool-459-thread-1] INFO  server.RaftServerConfigKeys (ConfUtils.java:logGet(43)) - raft.server.retrycache.expirytime = 600000ms (custom)
2019-09-10 21:42:36,301 [pool-439-thread-1] INFO  impl.RoleInfo (RoleInfo.java:updateAndGet(143)) - 5ce445f2-79e2-4057-935d-c7a236a581cd: start FollowerState
2019-09-10 21:42:36,302 [pool-459-thread-1] INFO  impl.RaftServerImpl (RaftServerImpl.java:start(180)) - a51c52ab-c67a-438e-9398-785fa2adbd64: start group-4647CE2A2CE4
2019-09-10 21:42:36,302 [pool-459-thread-1] INFO  impl.RaftServerImpl (RaftServerImpl.java:setRole(171)) - a51c52ab-c67a-438e-9398-785fa2adbd64:group-4647CE2A2CE4 changes role from null to FOLLOWER at term 0 for startAsFollower
2019-09-10 21:42:36,302 [pool-439-thread-1] INFO  util.JmxRegister (JmxRegister.java:tryRegister(44)) - Successfully registered JMX Bean with object name Ratis:service=RaftServer,group=group-4647CE2A2CE4,id=5ce445f2-79e2-4057-935d-c7a236a581cd
2019-09-10 21:42:36,302 [pool-459-thread-1] INFO  impl.RoleInfo (RoleInfo.java:updateAndGet(143)) - a51c52ab-c67a-438e-9398-785fa2adbd64: start FollowerState
2019-09-10 21:42:36,302 [pool-459-thread-1] INFO  util.JmxRegister (JmxRegister.java:tryRegister(44)) - Successfully registered JMX Bean with object name Ratis:service=RaftServer,group=group-4647CE2A2CE4,id=a51c52ab-c67a-438e-9398-785fa2adbd64
2019-09-10 21:42:36,304 [main] INFO  rpc.RpcClient (RpcClient.java:createVolume(294)) - Creating Volume: testblockoutputstream, with jenkins1000 as owner.
2019-09-10 21:42:36,305 [RatisPipelineUtilsThread] INFO  pipeline.PipelineStateManager (PipelineStateManager.java:addPipeline(56)) - Created pipeline Pipeline[ Id: b04ac957-915a-453f-a5d9-4647ce2a2ce4, Nodes: 54252f36-17d3-44da-82d9-c462bd19d858{ip: 192.168.157.245, host: pr-hdds-2007-wqvw6-2944049611, networkLocation: /default-rack, certSerialId: null}5ce445f2-79e2-4057-935d-c7a236a581cd{ip: 192.168.157.245, host: pr-hdds-2007-wqvw6-2944049611, networkLocation: /default-rack, certSerialId: null}a51c52ab-c67a-438e-9398-785fa2adbd64{ip: 192.168.157.245, host: pr-hdds-2007-wqvw6-2944049611, networkLocation: /default-rack, certSerialId: null}, Type:RATIS, Factor:THREE, State:OPEN]
2019-09-10 21:42:36,309 [IPC Server handler 1 on 38651] INFO  volume.OMVolumeCreateRequest (OMVolumeCreateRequest.java:validateAndUpdateCache(189)) - created volume:testblockoutputstream for user:jenkins1000
2019-09-10 21:42:36,373 [main] INFO  rpc.RpcClient (RpcClient.java:createBucket(433)) - Creating Bucket: testblockoutputstream/testblockoutputstream, with Versioning false and Storage Type set to DISK and Encryption set to false 
2019-09-10 21:42:36,416 [grpc-default-executor-4] INFO  client.GrpcClientProtocolClient (GrpcClientProtocolClient.java:onNext(255)) - client-72FA98D339D5->54252f36-17d3-44da-82d9-c462bd19d858: receive RaftClientReply:client-72FA98D339D5->54252f36-17d3-44da-82d9-c462bd19d858@group-4647CE2A2CE4, cid=182, FAILED org.apache.ratis.protocol.NotLeaderException: Server 54252f36-17d3-44da-82d9-c462bd19d858 is not the leader (null). Request must be sent to leader., logIndex=0, commits[54252f36-17d3-44da-82d9-c462bd19d858:c-1]
2019-09-10 21:42:37,433 [grpc-default-executor-4] INFO  client.GrpcClientProtocolClient (GrpcClientProtocolClient.java:onNext(255)) - client-72FA98D339D5->5ce445f2-79e2-4057-935d-c7a236a581cd: receive RaftClientReply:client-72FA98D339D5->5ce445f2-79e2-4057-935d-c7a236a581cd@group-4647CE2A2CE4, cid=182, FAILED org.apache.ratis.protocol.NotLeaderException: Server 5ce445f2-79e2-4057-935d-c7a236a581cd is not the leader (null). Request must be sent to leader., logIndex=0, commits[5ce445f2-79e2-4057-935d-c7a236a581cd:c-1]
2019-09-10 21:42:38,443 [grpc-default-executor-4] INFO  client.GrpcClientProtocolClient (GrpcClientProtocolClient.java:onNext(255)) - client-72FA98D339D5->54252f36-17d3-44da-82d9-c462bd19d858: receive RaftClientReply:client-72FA98D339D5->54252f36-17d3-44da-82d9-c462bd19d858@group-4647CE2A2CE4, cid=182, FAILED org.apache.ratis.protocol.NotLeaderException: Server 54252f36-17d3-44da-82d9-c462bd19d858 is not the leader (null). Request must be sent to leader., logIndex=0, commits[54252f36-17d3-44da-82d9-c462bd19d858:c-1]
2019-09-10 21:42:38,656 [Thread-3601] INFO  container.ReplicationManager (ReplicationManager.java:start(162)) - Starting Replication Monitor Thread.
2019-09-10 21:42:38,660 [ReplicationMonitor] INFO  container.ReplicationManager (ReplicationManager.java:run(225)) - Replication Monitor Thread took 0 milliseconds for processing 1 containers.
2019-09-10 21:42:39,457 [grpc-default-executor-10] INFO  client.GrpcClientProtocolClient (GrpcClientProtocolClient.java:onNext(255)) - client-72FA98D339D5->a51c52ab-c67a-438e-9398-785fa2adbd64: receive RaftClientReply:client-72FA98D339D5->a51c52ab-c67a-438e-9398-785fa2adbd64@group-4647CE2A2CE4, cid=182, FAILED org.apache.ratis.protocol.NotLeaderException: Server a51c52ab-c67a-438e-9398-785fa2adbd64 is not the leader (null). Request must be sent to leader., logIndex=0, commits[a51c52ab-c67a-438e-9398-785fa2adbd64:c-1]
2019-09-10 21:42:40,467 [grpc-default-executor-4] INFO  client.GrpcClientProtocolClient (GrpcClientProtocolClient.java:onNext(255)) - client-72FA98D339D5->54252f36-17d3-44da-82d9-c462bd19d858: receive RaftClientReply:client-72FA98D339D5->54252f36-17d3-44da-82d9-c462bd19d858@group-4647CE2A2CE4, cid=182, FAILED org.apache.ratis.protocol.NotLeaderException: Server 54252f36-17d3-44da-82d9-c462bd19d858 is not the leader (null). Request must be sent to leader., logIndex=0, commits[54252f36-17d3-44da-82d9-c462bd19d858:c-1]
2019-09-10 21:42:40,754 [Thread-3603] INFO  impl.FollowerState (FollowerState.java:run(106)) - 8a367430-73c6-4691-a893-24a58d3c5b91:group-DEB12148E1D0 changes to CANDIDATE, lastRpcTime:5061, electionTimeout:5061ms
2019-09-10 21:42:40,754 [Thread-3603] INFO  impl.RoleInfo (RoleInfo.java:shutdownFollowerState(121)) - 8a367430-73c6-4691-a893-24a58d3c5b91: shutdown FollowerState
2019-09-10 21:42:40,754 [Thread-3603] INFO  impl.RaftServerImpl (RaftServerImpl.java:setRole(171)) - 8a367430-73c6-4691-a893-24a58d3c5b91:group-DEB12148E1D0 changes role from FOLLOWER to CANDIDATE at term 0 for changeToCandidate
2019-09-10 21:42:40,754 [Thread-3603] INFO  impl.RoleInfo (RoleInfo.java:updateAndGet(143)) - 8a367430-73c6-4691-a893-24a58d3c5b91: start LeaderElection
2019-09-10 21:42:40,793 [Thread-3606] INFO  impl.FollowerState (FollowerState.java:run(106)) - f933e11a-a116-4831-9071-5b6229b09e88:group-6008B8967713 changes to CANDIDATE, lastRpcTime:5031, electionTimeout:5031ms
2019-09-10 21:42:40,793 [Thread-3606] INFO  impl.RoleInfo (RoleInfo.java:shutdownFollowerState(121)) - f933e11a-a116-4831-9071-5b6229b09e88: shutdown FollowerState
2019-09-10 21:42:40,793 [Thread-3606] INFO  impl.RaftServerImpl (RaftServerImpl.java:setRole(171)) - f933e11a-a116-4831-9071-5b6229b09e88:group-6008B8967713 changes role from FOLLOWER to CANDIDATE at term 0 for changeToCandidate
2019-09-10 21:42:40,793 [Thread-3606] INFO  impl.RoleInfo (RoleInfo.java:updateAndGet(143)) - f933e11a-a116-4831-9071-5b6229b09e88: start LeaderElection
2019-09-10 21:42:40,793 [8a367430-73c6-4691-a893-24a58d3c5b91:group-DEB12148E1D0:LeaderElection72] INFO  impl.LeaderElection (LeaderElection.java:askForVotes(181)) - 8a367430-73c6-4691-a893-24a58d3c5b91:group-DEB12148E1D0:LeaderElection72: begin an election at term 1 for -1: [8a367430-73c6-4691-a893-24a58d3c5b91:192.168.157.245:35277], old=null
2019-09-10 21:42:40,793 [8a367430-73c6-4691-a893-24a58d3c5b91:group-DEB12148E1D0:LeaderElection72] INFO  impl.RoleInfo (RoleInfo.java:shutdownLeaderElection(134)) - 8a367430-73c6-4691-a893-24a58d3c5b91: shutdown LeaderElection
2019-09-10 21:42:40,794 [8a367430-73c6-4691-a893-24a58d3c5b91:group-DEB12148E1D0:LeaderElection72] INFO  impl.RaftServerImpl (RaftServerImpl.java:setRole(171)) - 8a367430-73c6-4691-a893-24a58d3c5b91:group-DEB12148E1D0 changes role from CANDIDATE to LEADER at term 1 for changeToLeader
2019-09-10 21:42:40,794 [8a367430-73c6-4691-a893-24a58d3c5b91:group-DEB12148E1D0:LeaderElection72] INFO  impl.RaftServerImpl (ServerState.java:setLeader(263)) - 8a367430-73c6-4691-a893-24a58d3c5b91:group-DEB12148E1D0 change Leader from null to 8a367430-73c6-4691-a893-24a58d3c5b91 at term 1 for becomeLeader, leader elected after 5106ms
2019-09-10 21:42:40,794 [8a367430-73c6-4691-a893-24a58d3c5b91:group-DEB12148E1D0:LeaderElection72] INFO  server.RaftServerConfigKeys (ConfUtils.java:logGet(43)) - raft.server.staging.catchup.gap = 1000 (default)
2019-09-10 21:42:40,794 [8a367430-73c6-4691-a893-24a58d3c5b91:group-DEB12148E1D0:LeaderElection72] INFO  server.RaftServerConfigKeys (ConfUtils.java:logGet(43)) - raft.server.rpc.sleep.time = 25ms (default)
2019-09-10 21:42:40,794 [8a367430-73c6-4691-a893-24a58d3c5b91:group-DEB12148E1D0:LeaderElection72] INFO  server.RaftServerConfigKeys (ConfUtils.java:logGet(43)) - raft.server.write.element-limit = 4096 (default)
2019-09-10 21:42:40,794 [8a367430-73c6-4691-a893-24a58d3c5b91:group-DEB12148E1D0:LeaderElection72] INFO  server.RaftServerConfigKeys (ConfUtils.java:logGet(43)) - raft.server.watch.timeout = 10s (default)
2019-09-10 21:42:40,795 [8a367430-73c6-4691-a893-24a58d3c5b91:group-DEB12148E1D0:LeaderElection72] INFO  server.RaftServerConfigKeys (ConfUtils.java:logGet(43)) - raft.server.watch.timeout.denomination = 1s (default)
2019-09-10 21:42:40,795 [8a367430-73c6-4691-a893-24a58d3c5b91:group-DEB12148E1D0:LeaderElection72] INFO  server.RaftServerConfigKeys (ConfUtils.java:logGet(43)) - raft.server.watch.element-limit = 65536 (default)
2019-09-10 21:42:40,795 [8a367430-73c6-4691-a893-24a58d3c5b91:group-DEB12148E1D0:LeaderElection72] INFO  impl.RoleInfo (RoleInfo.java:updateAndGet(143)) - 8a367430-73c6-4691-a893-24a58d3c5b91: start LeaderState
2019-09-10 21:42:40,795 [8a367430-73c6-4691-a893-24a58d3c5b91:group-DEB12148E1D0:LeaderElection72] INFO  segmented.SegmentedRaftLogWorker (SegmentedRaftLogWorker.java:startLogSegment(380)) - 8a367430-73c6-4691-a893-24a58d3c5b91-SegmentedRaftLogWorker:Storage Directory /workdir/hadoop-ozone/integration-test/target/test-dir/MiniOzoneClusterImpl-89ab4714-a06f-49fd-a91c-210e479dc798/datanode-0/data/ratis/a2d84266-4f64-48ea-96d6-deb12148e1d0: Starting segment from index:0
2019-09-10 21:42:40,799 [8a367430-73c6-4691-a893-24a58d3c5b91:group-DEB12148E1D0:LeaderElection72] INFO  impl.RaftServerImpl (ServerState.java:setRaftConf(361)) - 8a367430-73c6-4691-a893-24a58d3c5b91:group-DEB12148E1D0 set configuration 0: [8a367430-73c6-4691-a893-24a58d3c5b91:192.168.157.245:35277], old=null at 0
2019-09-10 21:42:40,851 [8a367430-73c6-4691-a893-24a58d3c5b91-SegmentedRaftLogWorker:Storage Directory /workdir/hadoop-ozone/integration-test/target/test-dir/MiniOzoneClusterImpl-89ab4714-a06f-49fd-a91c-210e479dc798/datanode-0/data/ratis/a2d84266-4f64-48ea-96d6-deb12148e1d0] INFO  segmented.SegmentedRaftLogWorker (SegmentedRaftLogWorker.java:execute(569)) - 8a367430-73c6-4691-a893-24a58d3c5b91-SegmentedRaftLogWorker:Storage Directory /workdir/hadoop-ozone/integration-test/target/test-dir/MiniOzoneClusterImpl-89ab4714-a06f-49fd-a91c-210e479dc798/datanode-0/data/ratis/a2d84266-4f64-48ea-96d6-deb12148e1d0: created new log segment /workdir/hadoop-ozone/integration-test/target/test-dir/MiniOzoneClusterImpl-89ab4714-a06f-49fd-a91c-210e479dc798/datanode-0/data/ratis/a2d84266-4f64-48ea-96d6-deb12148e1d0/current/log_inprogress_0
2019-09-10 21:42:40,852 [f933e11a-a116-4831-9071-5b6229b09e88:group-6008B8967713:LeaderElection73] INFO  impl.LeaderElection (LeaderElection.java:askForVotes(181)) - f933e11a-a116-4831-9071-5b6229b09e88:group-6008B8967713:LeaderElection73: begin an election at term 1 for -1: [f933e11a-a116-4831-9071-5b6229b09e88:192.168.157.245:42911], old=null
2019-09-10 21:42:40,852 [f933e11a-a116-4831-9071-5b6229b09e88:group-6008B8967713:LeaderElection73] INFO  impl.RoleInfo (RoleInfo.java:shutdownLeaderElection(134)) - f933e11a-a116-4831-9071-5b6229b09e88: shutdown LeaderElection
2019-09-10 21:42:40,852 [f933e11a-a116-4831-9071-5b6229b09e88:group-6008B8967713:LeaderElection73] INFO  impl.RaftServerImpl (RaftServerImpl.java:setRole(171)) - f933e11a-a116-4831-9071-5b6229b09e88:group-6008B8967713 changes role from CANDIDATE to LEADER at term 1 for changeToLeader
2019-09-10 21:42:40,852 [f933e11a-a116-4831-9071-5b6229b09e88:group-6008B8967713:LeaderElection73] INFO  impl.RaftServerImpl (ServerState.java:setLeader(263)) - f933e11a-a116-4831-9071-5b6229b09e88:group-6008B8967713 change Leader from null to f933e11a-a116-4831-9071-5b6229b09e88 at term 1 for becomeLeader, leader elected after 5095ms
2019-09-10 21:42:40,852 [f933e11a-a116-4831-9071-5b6229b09e88:group-6008B8967713:LeaderElection73] INFO  server.RaftServerConfigKeys (ConfUtils.java:logGet(43)) - raft.server.staging.catchup.gap = 1000 (default)
2019-09-10 21:42:40,852 [f933e11a-a116-4831-9071-5b6229b09e88:group-6008B8967713:LeaderElection73] INFO  server.RaftServerConfigKeys (ConfUtils.java:logGet(43)) - raft.server.rpc.sleep.time = 25ms (default)
2019-09-10 21:42:40,853 [f933e11a-a116-4831-9071-5b6229b09e88:group-6008B8967713:LeaderElection73] INFO  server.RaftServerConfigKeys (ConfUtils.java:logGet(43)) - raft.server.write.element-limit = 4096 (default)
2019-09-10 21:42:40,853 [f933e11a-a116-4831-9071-5b6229b09e88:group-6008B8967713:LeaderElection73] INFO  server.RaftServerConfigKeys (ConfUtils.java:logGet(43)) - raft.server.watch.timeout = 10s (default)
2019-09-10 21:42:40,853 [f933e11a-a116-4831-9071-5b6229b09e88:group-6008B8967713:LeaderElection73] INFO  server.RaftServerConfigKeys (ConfUtils.java:logGet(43)) - raft.server.watch.timeout.denomination = 1s (default)
2019-09-10 21:42:40,853 [f933e11a-a116-4831-9071-5b6229b09e88:group-6008B8967713:LeaderElection73] INFO  server.RaftServerConfigKeys (ConfUtils.java:logGet(43)) - raft.server.watch.element-limit = 65536 (default)
2019-09-10 21:42:40,854 [f933e11a-a116-4831-9071-5b6229b09e88:group-6008B8967713:LeaderElection73] INFO  impl.RoleInfo (RoleInfo.java:updateAndGet(143)) - f933e11a-a116-4831-9071-5b6229b09e88: start LeaderState
2019-09-10 21:42:40,854 [f933e11a-a116-4831-9071-5b6229b09e88:group-6008B8967713:LeaderElection73] INFO  segmented.SegmentedRaftLogWorker (SegmentedRaftLogWorker.java:startLogSegment(380)) - f933e11a-a116-4831-9071-5b6229b09e88-SegmentedRaftLogWorker:Storage Directory /workdir/hadoop-ozone/integration-test/target/test-dir/MiniOzoneClusterImpl-89ab4714-a06f-49fd-a91c-210e479dc798/datanode-1/data/ratis/f6fa17c2-8dd9-4c9e-8f3d-6008b8967713: Starting segment from index:0
2019-09-10 21:42:40,854 [f933e11a-a116-4831-9071-5b6229b09e88:group-6008B8967713:LeaderElection73] INFO  impl.RaftServerImpl (ServerState.java:setRaftConf(361)) - f933e11a-a116-4831-9071-5b6229b09e88:group-6008B8967713 set configuration 0: [f933e11a-a116-4831-9071-5b6229b09e88:192.168.157.245:42911], old=null at 0
2019-09-10 21:42:40,910 [f933e11a-a116-4831-9071-5b6229b09e88-SegmentedRaftLogWorker:Storage Directory /workdir/hadoop-ozone/integration-test/target/test-dir/MiniOzoneClusterImpl-89ab4714-a06f-49fd-a91c-210e479dc798/datanode-1/data/ratis/f6fa17c2-8dd9-4c9e-8f3d-6008b8967713] INFO  segmented.SegmentedRaftLogWorker (SegmentedRaftLogWorker.java:execute(569)) - f933e11a-a116-4831-9071-5b6229b09e88-SegmentedRaftLogWorker:Storage Directory /workdir/hadoop-ozone/integration-test/target/test-dir/MiniOzoneClusterImpl-89ab4714-a06f-49fd-a91c-210e479dc798/datanode-1/data/ratis/f6fa17c2-8dd9-4c9e-8f3d-6008b8967713: created new log segment /workdir/hadoop-ozone/integration-test/target/test-dir/MiniOzoneClusterImpl-89ab4714-a06f-49fd-a91c-210e479dc798/datanode-1/data/ratis/f6fa17c2-8dd9-4c9e-8f3d-6008b8967713/current/log_inprogress_0
2019-09-10 21:42:41,054 [Thread-3609] INFO  impl.FollowerState (FollowerState.java:run(106)) - 015512a9-a872-4562-a045-0746d0865c08:group-2D7E53BB3862 changes to CANDIDATE, lastRpcTime:5056, electionTimeout:5056ms
2019-09-10 21:42:41,055 [Thread-3609] INFO  impl.RoleInfo (RoleInfo.java:shutdownFollowerState(121)) - 015512a9-a872-4562-a045-0746d0865c08: shutdown FollowerState
2019-09-10 21:42:41,055 [Thread-3609] INFO  impl.RaftServerImpl (RaftServerImpl.java:setRole(171)) - 015512a9-a872-4562-a045-0746d0865c08:group-2D7E53BB3862 changes role from FOLLOWER to CANDIDATE at term 0 for changeToCandidate
2019-09-10 21:42:41,055 [Thread-3609] INFO  impl.RoleInfo (RoleInfo.java:updateAndGet(143)) - 015512a9-a872-4562-a045-0746d0865c08: start LeaderElection
2019-09-10 21:42:41,123 [Thread-3612] INFO  impl.FollowerState (FollowerState.java:run(106)) - 8a367430-73c6-4691-a893-24a58d3c5b91:group-375B930B3664 changes to CANDIDATE, lastRpcTime:5075, electionTimeout:5075ms
2019-09-10 21:42:41,123 [Thread-3612] INFO  impl.RoleInfo (RoleInfo.java:shutdownFollowerState(121)) - 8a367430-73c6-4691-a893-24a58d3c5b91: shutdown FollowerState
2019-09-10 21:42:41,124 [Thread-3612] INFO  impl.RaftServerImpl (RaftServerImpl.java:setRole(171)) - 8a367430-73c6-4691-a893-24a58d3c5b91:group-375B930B3664 changes role from FOLLOWER to CANDIDATE at term 0 for changeToCandidate
2019-09-10 21:42:41,124 [Thread-3612] INFO  impl.RoleInfo (RoleInfo.java:updateAndGet(143)) - 8a367430-73c6-4691-a893-24a58d3c5b91: start LeaderElection
2019-09-10 21:42:41,218 [Thread-3621] INFO  impl.FollowerState (FollowerState.java:run(106)) - 54252f36-17d3-44da-82d9-c462bd19d858:group-B85AB36EA1FC changes to CANDIDATE, lastRpcTime:5055, electionTimeout:5055ms
2019-09-10 21:42:41,218 [Thread-3621] INFO  impl.RoleInfo (RoleInfo.java:shutdownFollowerState(121)) - 54252f36-17d3-44da-82d9-c462bd19d858: shutdown FollowerState
2019-09-10 21:42:41,219 [Thread-3621] INFO  impl.RaftServerImpl (RaftServerImpl.java:setRole(171)) - 54252f36-17d3-44da-82d9-c462bd19d858:group-B85AB36EA1FC changes role from FOLLOWER to CANDIDATE at term 0 for changeToCandidate
2019-09-10 21:42:41,219 [Thread-3621] INFO  impl.RoleInfo (RoleInfo.java:updateAndGet(143)) - 54252f36-17d3-44da-82d9-c462bd19d858: start LeaderElection
2019-09-10 21:42:41,233 [Thread-3617] INFO  impl.FollowerState (FollowerState.java:run(106)) - f933e11a-a116-4831-9071-5b6229b09e88:group-375B930B3664 changes to CANDIDATE, lastRpcTime:5165, electionTimeout:5165ms
2019-09-10 21:42:41,234 [Thread-3617] INFO  impl.RoleInfo (RoleInfo.java:shutdownFollowerState(121)) - f933e11a-a116-4831-9071-5b6229b09e88: shutdown FollowerState
2019-09-10 21:42:41,234 [Thread-3617] INFO  impl.RaftServerImpl (RaftServerImpl.java:setRole(171)) - f933e11a-a116-4831-9071-5b6229b09e88:group-375B930B3664 changes role from FOLLOWER to CANDIDATE at term 0 for changeToCandidate
2019-09-10 21:42:41,234 [Thread-3617] INFO  impl.RoleInfo (RoleInfo.java:updateAndGet(143)) - f933e11a-a116-4831-9071-5b6229b09e88: start LeaderElection
2019-09-10 21:42:41,246 [Thread-3624] INFO  impl.FollowerState (FollowerState.java:run(106)) - 5ce445f2-79e2-4057-935d-c7a236a581cd:group-3B313D23AA6D changes to CANDIDATE, lastRpcTime:5048, electionTimeout:5042ms
2019-09-10 21:42:41,246 [Thread-3624] INFO  impl.RoleInfo (RoleInfo.java:shutdownFollowerState(121)) - 5ce445f2-79e2-4057-935d-c7a236a581cd: shutdown FollowerState
2019-09-10 21:42:41,246 [Thread-3624] INFO  impl.RaftServerImpl (RaftServerImpl.java:setRole(171)) - 5ce445f2-79e2-4057-935d-c7a236a581cd:group-3B313D23AA6D changes role from FOLLOWER to CANDIDATE at term 0 for changeToCandidate
2019-09-10 21:42:41,246 [Thread-3624] INFO  impl.RoleInfo (RoleInfo.java:updateAndGet(143)) - 5ce445f2-79e2-4057-935d-c7a236a581cd: start LeaderElection
2019-09-10 21:42:41,258 [Thread-3616] INFO  impl.FollowerState (FollowerState.java:run(106)) - 015512a9-a872-4562-a045-0746d0865c08:group-375B930B3664 changes to CANDIDATE, lastRpcTime:5190, electionTimeout:5190ms
2019-09-10 21:42:41,259 [Thread-3616] INFO  impl.RoleInfo (RoleInfo.java:shutdownFollowerState(121)) - 015512a9-a872-4562-a045-0746d0865c08: shutdown FollowerState
2019-09-10 21:42:41,259 [Thread-3616] INFO  impl.RaftServerImpl (RaftServerImpl.java:setRole(171)) - 015512a9-a872-4562-a045-0746d0865c08:group-375B930B3664 changes role from FOLLOWER to CANDIDATE at term 0 for changeToCandidate
2019-09-10 21:42:41,259 [Thread-3616] INFO  impl.RoleInfo (RoleInfo.java:updateAndGet(143)) - 015512a9-a872-4562-a045-0746d0865c08: start LeaderElection
2019-09-10 21:42:41,310 [Thread-3636] INFO  impl.FollowerState (FollowerState.java:run(106)) - 5ce445f2-79e2-4057-935d-c7a236a581cd:group-4647CE2A2CE4 changes to CANDIDATE, lastRpcTime:5008, electionTimeout:5008ms
2019-09-10 21:42:41,310 [Thread-3636] INFO  impl.RoleInfo (RoleInfo.java:shutdownFollowerState(121)) - 5ce445f2-79e2-4057-935d-c7a236a581cd: shutdown FollowerState
2019-09-10 21:42:41,310 [Thread-3636] INFO  impl.RaftServerImpl (RaftServerImpl.java:setRole(171)) - 5ce445f2-79e2-4057-935d-c7a236a581cd:group-4647CE2A2CE4 changes role from FOLLOWER to CANDIDATE at term 0 for changeToCandidate
2019-09-10 21:42:41,310 [Thread-3636] INFO  impl.RoleInfo (RoleInfo.java:updateAndGet(143)) - 5ce445f2-79e2-4057-935d-c7a236a581cd: start LeaderElection
2019-09-10 21:42:41,415 [Thread-3631] INFO  impl.FollowerState (FollowerState.java:run(106)) - 54252f36-17d3-44da-82d9-c462bd19d858:group-4647CE2A2CE4 changes to CANDIDATE, lastRpcTime:5134, electionTimeout:5132ms
2019-09-10 21:42:41,415 [Thread-3631] INFO  impl.RoleInfo (RoleInfo.java:shutdownFollowerState(121)) - 54252f36-17d3-44da-82d9-c462bd19d858: shutdown FollowerState
2019-09-10 21:42:41,415 [Thread-3631] INFO  impl.RaftServerImpl (RaftServerImpl.java:setRole(171)) - 54252f36-17d3-44da-82d9-c462bd19d858:group-4647CE2A2CE4 changes role from FOLLOWER to CANDIDATE at term 0 for changeToCandidate
2019-09-10 21:42:41,415 [Thread-3631] INFO  impl.RoleInfo (RoleInfo.java:updateAndGet(143)) - 54252f36-17d3-44da-82d9-c462bd19d858: start LeaderElection
2019-09-10 21:42:41,421 [Thread-3627] INFO  impl.FollowerState (FollowerState.java:run(106)) - a51c52ab-c67a-438e-9398-785fa2adbd64:group-FB239201D27D changes to CANDIDATE, lastRpcTime:5191, electionTimeout:5191ms
2019-09-10 21:42:41,422 [Thread-3627] INFO  impl.RoleInfo (RoleInfo.java:shutdownFollowerState(121)) - a51c52ab-c67a-438e-9398-785fa2adbd64: shutdown FollowerState
2019-09-10 21:42:41,422 [Thread-3627] INFO  impl.RaftServerImpl (RaftServerImpl.java:setRole(171)) - a51c52ab-c67a-438e-9398-785fa2adbd64:group-FB239201D27D changes role from FOLLOWER to CANDIDATE at term 0 for changeToCandidate
2019-09-10 21:42:41,422 [Thread-3627] INFO  impl.RoleInfo (RoleInfo.java:updateAndGet(143)) - a51c52ab-c67a-438e-9398-785fa2adbd64: start LeaderElection
2019-09-10 21:42:41,476 [grpc-default-executor-10] INFO  client.GrpcClientProtocolClient (GrpcClientProtocolClient.java:onNext(255)) - client-72FA98D339D5->5ce445f2-79e2-4057-935d-c7a236a581cd: receive RaftClientReply:client-72FA98D339D5->5ce445f2-79e2-4057-935d-c7a236a581cd@group-4647CE2A2CE4, cid=182, FAILED org.apache.ratis.protocol.NotLeaderException: Server 5ce445f2-79e2-4057-935d-c7a236a581cd is not the leader (null). Request must be sent to leader., logIndex=0, commits[5ce445f2-79e2-4057-935d-c7a236a581cd:c-1]
2019-09-10 21:42:41,479 [Thread-3637] INFO  impl.FollowerState (FollowerState.java:run(106)) - a51c52ab-c67a-438e-9398-785fa2adbd64:group-4647CE2A2CE4 changes to CANDIDATE, lastRpcTime:5176, electionTimeout:5175ms
2019-09-10 21:42:41,479 [Thread-3637] INFO  impl.RoleInfo (RoleInfo.java:shutdownFollowerState(121)) - a51c52ab-c67a-438e-9398-785fa2adbd64: shutdown FollowerState
2019-09-10 21:42:41,479 [Thread-3637] INFO  impl.RaftServerImpl (RaftServerImpl.java:setRole(171)) - a51c52ab-c67a-438e-9398-785fa2adbd64:group-4647CE2A2CE4 changes role from FOLLOWER to CANDIDATE at term 0 for changeToCandidate
2019-09-10 21:42:41,479 [Thread-3637] INFO  impl.RoleInfo (RoleInfo.java:updateAndGet(143)) - a51c52ab-c67a-438e-9398-785fa2adbd64: start LeaderElection
2019-09-10 21:42:42,035 [015512a9-a872-4562-a045-0746d0865c08:group-2D7E53BB3862:LeaderElection74] INFO  impl.LeaderElection (LeaderElection.java:askForVotes(181)) - 015512a9-a872-4562-a045-0746d0865c08:group-2D7E53BB3862:LeaderElection74: begin an election at term 1 for -1: [015512a9-a872-4562-a045-0746d0865c08:192.168.157.245:33435], old=null
2019-09-10 21:42:42,035 [015512a9-a872-4562-a045-0746d0865c08:group-375B930B3664:LeaderElection79] INFO  impl.LeaderElection (LeaderElection.java:askForVotes(181)) - 015512a9-a872-4562-a045-0746d0865c08:group-375B930B3664:LeaderElection79: begin an election at term 1 for -1: [f933e11a-a116-4831-9071-5b6229b09e88:192.168.157.245:42911, 015512a9-a872-4562-a045-0746d0865c08:192.168.157.245:33435, 8a367430-73c6-4691-a893-24a58d3c5b91:192.168.157.245:35277], old=null
2019-09-10 21:42:42,035 [a51c52ab-c67a-438e-9398-785fa2adbd64:group-4647CE2A2CE4:LeaderElection83] INFO  impl.LeaderElection (LeaderElection.java:askForVotes(181)) - a51c52ab-c67a-438e-9398-785fa2adbd64:group-4647CE2A2CE4:LeaderElection83: begin an election at term 1 for -1: [54252f36-17d3-44da-82d9-c462bd19d858:192.168.157.245:35361, a51c52ab-c67a-438e-9398-785fa2adbd64:192.168.157.245:43951, 5ce445f2-79e2-4057-935d-c7a236a581cd:192.168.157.245:40841], old=null
2019-09-10 21:42:42,035 [54252f36-17d3-44da-82d9-c462bd19d858:group-B85AB36EA1FC:LeaderElection76] INFO  impl.LeaderElection (LeaderElection.java:askForVotes(181)) - 54252f36-17d3-44da-82d9-c462bd19d858:group-B85AB36EA1FC:LeaderElection76: begin an election at term 1 for -1: [54252f36-17d3-44da-82d9-c462bd19d858:192.168.157.245:35361], old=null
2019-09-10 21:42:42,035 [5ce445f2-79e2-4057-935d-c7a236a581cd:group-3B313D23AA6D:LeaderElection78] INFO  impl.LeaderElection (LeaderElection.java:askForVotes(181)) - 5ce445f2-79e2-4057-935d-c7a236a581cd:group-3B313D23AA6D:LeaderElection78: begin an election at term 1 for -1: [5ce445f2-79e2-4057-935d-c7a236a581cd:192.168.157.245:40841], old=null
2019-09-10 21:42:42,035 [a51c52ab-c67a-438e-9398-785fa2adbd64:group-FB239201D27D:LeaderElection82] INFO  impl.LeaderElection (LeaderElection.java:askForVotes(181)) - a51c52ab-c67a-438e-9398-785fa2adbd64:group-FB239201D27D:LeaderElection82: begin an election at term 1 for -1: [a51c52ab-c67a-438e-9398-785fa2adbd64:192.168.157.245:43951], old=null
2019-09-10 21:42:42,035 [8a367430-73c6-4691-a893-24a58d3c5b91:group-375B930B3664:LeaderElection75] INFO  impl.LeaderElection (LeaderElection.java:askForVotes(181)) - 8a367430-73c6-4691-a893-24a58d3c5b91:group-375B930B3664:LeaderElection75: begin an election at term 1 for -1: [f933e11a-a116-4831-9071-5b6229b09e88:192.168.157.245:42911, 015512a9-a872-4562-a045-0746d0865c08:192.168.157.245:33435, 8a367430-73c6-4691-a893-24a58d3c5b91:192.168.157.245:35277], old=null
2019-09-10 21:42:42,035 [5ce445f2-79e2-4057-935d-c7a236a581cd:group-4647CE2A2CE4:LeaderElection80] INFO  impl.LeaderElection (LeaderElection.java:askForVotes(181)) - 5ce445f2-79e2-4057-935d-c7a236a581cd:group-4647CE2A2CE4:LeaderElection80: begin an election at term 1 for -1: [54252f36-17d3-44da-82d9-c462bd19d858:192.168.157.245:35361, a51c52ab-c67a-438e-9398-785fa2adbd64:192.168.157.245:43951, 5ce445f2-79e2-4057-935d-c7a236a581cd:192.168.157.245:40841], old=null
2019-09-10 21:42:42,035 [54252f36-17d3-44da-82d9-c462bd19d858:group-4647CE2A2CE4:LeaderElection81] INFO  impl.LeaderElection (LeaderElection.java:askForVotes(181)) - 54252f36-17d3-44da-82d9-c462bd19d858:group-4647CE2A2CE4:LeaderElection81: begin an election at term 1 for -1: [54252f36-17d3-44da-82d9-c462bd19d858:192.168.157.245:35361, a51c52ab-c67a-438e-9398-785fa2adbd64:192.168.157.245:43951, 5ce445f2-79e2-4057-935d-c7a236a581cd:192.168.157.245:40841], old=null
2019-09-10 21:42:42,035 [f933e11a-a116-4831-9071-5b6229b09e88:group-375B930B3664:LeaderElection77] INFO  impl.LeaderElection (LeaderElection.java:askForVotes(181)) - f933e11a-a116-4831-9071-5b6229b09e88:group-375B930B3664:LeaderElection77: begin an election at term 1 for -1: [f933e11a-a116-4831-9071-5b6229b09e88:192.168.157.245:42911, 015512a9-a872-4562-a045-0746d0865c08:192.168.157.245:33435, 8a367430-73c6-4691-a893-24a58d3c5b91:192.168.157.245:35277], old=null
2019-09-10 21:42:42,036 [a51c52ab-c67a-438e-9398-785fa2adbd64:group-FB239201D27D:LeaderElection82] INFO  impl.RoleInfo (RoleInfo.java:shutdownLeaderElection(134)) - a51c52ab-c67a-438e-9398-785fa2adbd64: shutdown LeaderElection
2019-09-10 21:42:42,036 [5ce445f2-79e2-4057-935d-c7a236a581cd:group-3B313D23AA6D:LeaderElection78] INFO  impl.RoleInfo (RoleInfo.java:shutdownLeaderElection(134)) - 5ce445f2-79e2-4057-935d-c7a236a581cd: shutdown LeaderElection
2019-09-10 21:42:42,036 [54252f36-17d3-44da-82d9-c462bd19d858:group-B85AB36EA1FC:LeaderElection76] INFO  impl.RoleInfo (RoleInfo.java:shutdownLeaderElection(134)) - 54252f36-17d3-44da-82d9-c462bd19d858: shutdown LeaderElection
2019-09-10 21:42:42,035 [015512a9-a872-4562-a045-0746d0865c08:group-2D7E53BB3862:LeaderElection74] INFO  impl.RoleInfo (RoleInfo.java:shutdownLeaderElection(134)) - 015512a9-a872-4562-a045-0746d0865c08: shutdown LeaderElection
2019-09-10 21:42:42,038 [54252f36-17d3-44da-82d9-c462bd19d858:group-B85AB36EA1FC:LeaderElection76] INFO  impl.RaftServerImpl (RaftServerImpl.java:setRole(171)) - 54252f36-17d3-44da-82d9-c462bd19d858:group-B85AB36EA1FC changes role from CANDIDATE to LEADER at term 1 for changeToLeader
2019-09-10 21:42:42,038 [5ce445f2-79e2-4057-935d-c7a236a581cd:group-3B313D23AA6D:LeaderElection78] INFO  impl.RaftServerImpl (RaftServerImpl.java:setRole(171)) - 5ce445f2-79e2-4057-935d-c7a236a581cd:group-3B313D23AA6D changes role from CANDIDATE to LEADER at term 1 for changeToLeader
2019-09-10 21:42:42,043 [5ce445f2-79e2-4057-935d-c7a236a581cd:group-3B313D23AA6D:LeaderElection78] INFO  impl.RaftServerImpl (ServerState.java:setLeader(263)) - 5ce445f2-79e2-4057-935d-c7a236a581cd:group-3B313D23AA6D change Leader from null to 5ce445f2-79e2-4057-935d-c7a236a581cd at term 1 for becomeLeader, leader elected after 5848ms
2019-09-10 21:42:42,038 [a51c52ab-c67a-438e-9398-785fa2adbd64:group-FB239201D27D:LeaderElection82] INFO  impl.RaftServerImpl (RaftServerImpl.java:setRole(171)) - a51c52ab-c67a-438e-9398-785fa2adbd64:group-FB239201D27D changes role from CANDIDATE to LEADER at term 1 for changeToLeader
2019-09-10 21:42:42,044 [5ce445f2-79e2-4057-935d-c7a236a581cd:group-3B313D23AA6D:LeaderElection78] INFO  server.RaftServerConfigKeys (ConfUtils.java:logGet(43)) - raft.server.staging.catchup.gap = 1000 (default)
2019-09-10 21:42:42,039 [54252f36-17d3-44da-82d9-c462bd19d858:group-B85AB36EA1FC:LeaderElection76] INFO  impl.RaftServerImpl (ServerState.java:setLeader(263)) - 54252f36-17d3-44da-82d9-c462bd19d858:group-B85AB36EA1FC change Leader from null to 54252f36-17d3-44da-82d9-c462bd19d858 at term 1 for becomeLeader, leader elected after 5879ms
2019-09-10 21:42:42,038 [015512a9-a872-4562-a045-0746d0865c08:group-2D7E53BB3862:LeaderElection74] INFO  impl.RaftServerImpl (RaftServerImpl.java:setRole(171)) - 015512a9-a872-4562-a045-0746d0865c08:group-2D7E53BB3862 changes role from CANDIDATE to LEADER at term 1 for changeToLeader
2019-09-10 21:42:42,044 [54252f36-17d3-44da-82d9-c462bd19d858:group-B85AB36EA1FC:LeaderElection76] INFO  server.RaftServerConfigKeys (ConfUtils.java:logGet(43)) - raft.server.staging.catchup.gap = 1000 (default)
2019-09-10 21:42:42,044 [5ce445f2-79e2-4057-935d-c7a236a581cd:group-3B313D23AA6D:LeaderElection78] INFO  server.RaftServerConfigKeys (ConfUtils.java:logGet(43)) - raft.server.rpc.sleep.time = 25ms (default)
2019-09-10 21:42:42,044 [a51c52ab-c67a-438e-9398-785fa2adbd64:group-FB239201D27D:LeaderElection82] INFO  impl.RaftServerImpl (ServerState.java:setLeader(263)) - a51c52ab-c67a-438e-9398-785fa2adbd64:group-FB239201D27D change Leader from null to a51c52ab-c67a-438e-9398-785fa2adbd64 at term 1 for becomeLeader, leader elected after 5816ms
2019-09-10 21:42:42,045 [5ce445f2-79e2-4057-935d-c7a236a581cd:group-3B313D23AA6D:LeaderElection78] INFO  server.RaftServerConfigKeys (ConfUtils.java:logGet(43)) - raft.server.write.element-limit = 4096 (default)
2019-09-10 21:42:42,044 [54252f36-17d3-44da-82d9-c462bd19d858:group-B85AB36EA1FC:LeaderElection76] INFO  server.RaftServerConfigKeys (ConfUtils.java:logGet(43)) - raft.server.rpc.sleep.time = 25ms (default)
2019-09-10 21:42:42,044 [015512a9-a872-4562-a045-0746d0865c08:group-2D7E53BB3862:LeaderElection74] INFO  impl.RaftServerImpl (ServerState.java:setLeader(263)) - 015512a9-a872-4562-a045-0746d0865c08:group-2D7E53BB3862 change Leader from null to 015512a9-a872-4562-a045-0746d0865c08 at term 1 for becomeLeader, leader elected after 6050ms
2019-09-10 21:42:42,057 [54252f36-17d3-44da-82d9-c462bd19d858:group-B85AB36EA1FC:LeaderElection76] INFO  server.RaftServerConfigKeys (ConfUtils.java:logGet(43)) - raft.server.write.element-limit = 4096 (default)
2019-09-10 21:42:42,045 [5ce445f2-79e2-4057-935d-c7a236a581cd:group-3B313D23AA6D:LeaderElection78] INFO  server.RaftServerConfigKeys (ConfUtils.java:logGet(43)) - raft.server.watch.timeout = 10s (default)
2019-09-10 21:42:42,061 [5ce445f2-79e2-4057-935d-c7a236a581cd:group-3B313D23AA6D:LeaderElection78] INFO  server.RaftServerConfigKeys (ConfUtils.java:logGet(43)) - raft.server.watch.timeout.denomination = 1s (default)
2019-09-10 21:42:42,045 [a51c52ab-c67a-438e-9398-785fa2adbd64:group-FB239201D27D:LeaderElection82] INFO  server.RaftServerConfigKeys (ConfUtils.java:logGet(43)) - raft.server.staging.catchup.gap = 1000 (default)
2019-09-10 21:42:42,061 [5ce445f2-79e2-4057-935d-c7a236a581cd:group-3B313D23AA6D:LeaderElection78] INFO  server.RaftServerConfigKeys (ConfUtils.java:logGet(43)) - raft.server.watch.element-limit = 65536 (default)
2019-09-10 21:42:42,058 [54252f36-17d3-44da-82d9-c462bd19d858:group-B85AB36EA1FC:LeaderElection76] INFO  server.RaftServerConfigKeys (ConfUtils.java:logGet(43)) - raft.server.watch.timeout = 10s (default)
2019-09-10 21:42:42,057 [015512a9-a872-4562-a045-0746d0865c08:group-2D7E53BB3862:LeaderElection74] INFO  server.RaftServerConfigKeys (ConfUtils.java:logGet(43)) - raft.server.staging.catchup.gap = 1000 (default)
2019-09-10 21:42:42,061 [54252f36-17d3-44da-82d9-c462bd19d858:group-B85AB36EA1FC:LeaderElection76] INFO  server.RaftServerConfigKeys (ConfUtils.java:logGet(43)) - raft.server.watch.timeout.denomination = 1s (default)
2019-09-10 21:42:42,061 [5ce445f2-79e2-4057-935d-c7a236a581cd:group-3B313D23AA6D:LeaderElection78] INFO  impl.RoleInfo (RoleInfo.java:updateAndGet(143)) - 5ce445f2-79e2-4057-935d-c7a236a581cd: start LeaderState
2019-09-10 21:42:42,061 [a51c52ab-c67a-438e-9398-785fa2adbd64:group-FB239201D27D:LeaderElection82] INFO  server.RaftServerConfigKeys (ConfUtils.java:logGet(43)) - raft.server.rpc.sleep.time = 25ms (default)
2019-09-10 21:42:42,062 [54252f36-17d3-44da-82d9-c462bd19d858:group-B85AB36EA1FC:LeaderElection76] INFO  server.RaftServerConfigKeys (ConfUtils.java:logGet(43)) - raft.server.watch.element-limit = 65536 (default)
2019-09-10 21:42:42,061 [015512a9-a872-4562-a045-0746d0865c08:group-2D7E53BB3862:LeaderElection74] INFO  server.RaftServerConfigKeys (ConfUtils.java:logGet(43)) - raft.server.rpc.sleep.time = 25ms (default)
2019-09-10 21:42:42,062 [54252f36-17d3-44da-82d9-c462bd19d858:group-B85AB36EA1FC:LeaderElection76] INFO  impl.RoleInfo (RoleInfo.java:updateAndGet(143)) - 54252f36-17d3-44da-82d9-c462bd19d858: start LeaderState
2019-09-10 21:42:42,062 [a51c52ab-c67a-438e-9398-785fa2adbd64:group-FB239201D27D:LeaderElection82] INFO  server.RaftServerConfigKeys (ConfUtils.java:logGet(43)) - raft.server.write.element-limit = 4096 (default)
2019-09-10 21:42:42,062 [5ce445f2-79e2-4057-935d-c7a236a581cd:group-3B313D23AA6D:LeaderElection78] INFO  segmented.SegmentedRaftLogWorker (SegmentedRaftLogWorker.java:startLogSegment(380)) - 5ce445f2-79e2-4057-935d-c7a236a581cd-SegmentedRaftLogWorker:Storage Directory /workdir/hadoop-ozone/integration-test/target/test-dir/MiniOzoneClusterImpl-89ab4714-a06f-49fd-a91c-210e479dc798/datanode-3/data/ratis/51575d14-2f0e-41a4-9bdd-3b313d23aa6d: Starting segment from index:0
2019-09-10 21:42:42,070 [a51c52ab-c67a-438e-9398-785fa2adbd64:group-FB239201D27D:LeaderElection82] INFO  server.RaftServerConfigKeys (ConfUtils.java:logGet(43)) - raft.server.watch.timeout = 10s (default)
2019-09-10 21:42:42,063 [54252f36-17d3-44da-82d9-c462bd19d858:group-B85AB36EA1FC:LeaderElection76] INFO  segmented.SegmentedRaftLogWorker (SegmentedRaftLogWorker.java:startLogSegment(380)) - 54252f36-17d3-44da-82d9-c462bd19d858-SegmentedRaftLogWorker:Storage Directory /workdir/hadoop-ozone/integration-test/target/test-dir/MiniOzoneClusterImpl-89ab4714-a06f-49fd-a91c-210e479dc798/datanode-4/data/ratis/c2466790-c761-49ac-8b45-b85ab36ea1fc: Starting segment from index:0
2019-09-10 21:42:42,063 [015512a9-a872-4562-a045-0746d0865c08:group-2D7E53BB3862:LeaderElection74] INFO  server.RaftServerConfigKeys (ConfUtils.java:logGet(43)) - raft.server.write.element-limit = 4096 (default)
2019-09-10 21:42:42,070 [5ce445f2-79e2-4057-935d-c7a236a581cd:group-3B313D23AA6D:LeaderElection78] INFO  impl.RaftServerImpl (ServerState.java:setRaftConf(361)) - 5ce445f2-79e2-4057-935d-c7a236a581cd:group-3B313D23AA6D set configuration 0: [5ce445f2-79e2-4057-935d-c7a236a581cd:192.168.157.245:40841], old=null at 0
2019-09-10 21:42:42,070 [a51c52ab-c67a-438e-9398-785fa2adbd64:group-FB239201D27D:LeaderElection82] INFO  server.RaftServerConfigKeys (ConfUtils.java:logGet(43)) - raft.server.watch.timeout.denomination = 1s (default)
2019-09-10 21:42:42,073 [54252f36-17d3-44da-82d9-c462bd19d858:group-B85AB36EA1FC:LeaderElection76] INFO  impl.RaftServerImpl (ServerState.java:setRaftConf(361)) - 54252f36-17d3-44da-82d9-c462bd19d858:group-B85AB36EA1FC set configuration 0: [54252f36-17d3-44da-82d9-c462bd19d858:192.168.157.245:35361], old=null at 0
2019-09-10 21:42:42,071 [015512a9-a872-4562-a045-0746d0865c08:group-2D7E53BB3862:LeaderElection74] INFO  server.RaftServerConfigKeys (ConfUtils.java:logGet(43)) - raft.server.watch.timeout = 10s (default)
2019-09-10 21:42:42,074 [a51c52ab-c67a-438e-9398-785fa2adbd64:group-FB239201D27D:LeaderElection82] INFO  server.RaftServerConfigKeys (ConfUtils.java:logGet(43)) - raft.server.watch.element-limit = 65536 (default)
2019-09-10 21:42:42,120 [015512a9-a872-4562-a045-0746d0865c08:group-2D7E53BB3862:LeaderElection74] INFO  server.RaftServerConfigKeys (ConfUtils.java:logGet(43)) - raft.server.watch.timeout.denomination = 1s (default)
2019-09-10 21:42:42,120 [a51c52ab-c67a-438e-9398-785fa2adbd64:group-FB239201D27D:LeaderElection82] INFO  impl.RoleInfo (RoleInfo.java:updateAndGet(143)) - a51c52ab-c67a-438e-9398-785fa2adbd64: start LeaderState
2019-09-10 21:42:42,120 [015512a9-a872-4562-a045-0746d0865c08:group-2D7E53BB3862:LeaderElection74] INFO  server.RaftServerConfigKeys (ConfUtils.java:logGet(43)) - raft.server.watch.element-limit = 65536 (default)
2019-09-10 21:42:42,120 [8a367430-73c6-4691-a893-24a58d3c5b91:group-375B930B3664:LeaderElection75] INFO  impl.LeaderElection (LeaderElection.java:logAndReturn(56)) - 8a367430-73c6-4691-a893-24a58d3c5b91:group-375B930B3664:LeaderElection75: Election REJECTED; received 2 response(s) [8a367430-73c6-4691-a893-24a58d3c5b91<-f933e11a-a116-4831-9071-5b6229b09e88#0:FAIL-t1, 8a367430-73c6-4691-a893-24a58d3c5b91<-015512a9-a872-4562-a045-0746d0865c08#0:FAIL-t1] and 0 exception(s); 8a367430-73c6-4691-a893-24a58d3c5b91:t1, leader=null, voted=8a367430-73c6-4691-a893-24a58d3c5b91, raftlog=8a367430-73c6-4691-a893-24a58d3c5b91-SegmentedRaftLog:OPENED:c-1,f-1,i0, conf=-1: [f933e11a-a116-4831-9071-5b6229b09e88:192.168.157.245:42911, 015512a9-a872-4562-a045-0746d0865c08:192.168.157.245:33435, 8a367430-73c6-4691-a893-24a58d3c5b91:192.168.157.245:35277], old=null
2019-09-10 21:42:42,121 [015512a9-a872-4562-a045-0746d0865c08:group-2D7E53BB3862:LeaderElection74] INFO  impl.RoleInfo (RoleInfo.java:updateAndGet(143)) - 015512a9-a872-4562-a045-0746d0865c08: start LeaderState
2019-09-10 21:42:42,120 [a51c52ab-c67a-438e-9398-785fa2adbd64:group-FB239201D27D:LeaderElection82] INFO  segmented.SegmentedRaftLogWorker (SegmentedRaftLogWorker.java:startLogSegment(380)) - a51c52ab-c67a-438e-9398-785fa2adbd64-SegmentedRaftLogWorker:Storage Directory /workdir/hadoop-ozone/integration-test/target/test-dir/MiniOzoneClusterImpl-89ab4714-a06f-49fd-a91c-210e479dc798/datanode-5/data/ratis/53e71375-30ee-4528-aa15-fb239201d27d: Starting segment from index:0
2019-09-10 21:42:42,121 [015512a9-a872-4562-a045-0746d0865c08:group-2D7E53BB3862:LeaderElection74] INFO  segmented.SegmentedRaftLogWorker (SegmentedRaftLogWorker.java:startLogSegment(380)) - 015512a9-a872-4562-a045-0746d0865c08-SegmentedRaftLogWorker:Storage Directory /workdir/hadoop-ozone/integration-test/target/test-dir/MiniOzoneClusterImpl-89ab4714-a06f-49fd-a91c-210e479dc798/datanode-2/data/ratis/45021292-2da5-4f95-a95f-2d7e53bb3862: Starting segment from index:0
2019-09-10 21:42:42,121 [8a367430-73c6-4691-a893-24a58d3c5b91:group-375B930B3664:LeaderElection75] INFO  impl.RaftServerImpl (RaftServerImpl.java:setRole(171)) - 8a367430-73c6-4691-a893-24a58d3c5b91:group-375B930B3664 changes role from CANDIDATE to FOLLOWER at term 1 for DISCOVERED_A_NEW_TERM
2019-09-10 21:42:42,122 [a51c52ab-c67a-438e-9398-785fa2adbd64:group-FB239201D27D:LeaderElection82] INFO  impl.RaftServerImpl (ServerState.java:setRaftConf(361)) - a51c52ab-c67a-438e-9398-785fa2adbd64:group-FB239201D27D set configuration 0: [a51c52ab-c67a-438e-9398-785fa2adbd64:192.168.157.245:43951], old=null at 0
2019-09-10 21:42:42,122 [8a367430-73c6-4691-a893-24a58d3c5b91:group-375B930B3664:LeaderElection75] INFO  impl.RoleInfo (RoleInfo.java:shutdownLeaderElection(134)) - 8a367430-73c6-4691-a893-24a58d3c5b91: shutdown LeaderElection
2019-09-10 21:42:42,125 [015512a9-a872-4562-a045-0746d0865c08:group-2D7E53BB3862:LeaderElection74] INFO  impl.RaftServerImpl (ServerState.java:setRaftConf(361)) - 015512a9-a872-4562-a045-0746d0865c08:group-2D7E53BB3862 set configuration 0: [015512a9-a872-4562-a045-0746d0865c08:192.168.157.245:33435], old=null at 0
2019-09-10 21:42:42,125 [5ce445f2-79e2-4057-935d-c7a236a581cd-SegmentedRaftLogWorker:Storage Directory /workdir/hadoop-ozone/integration-test/target/test-dir/MiniOzoneClusterImpl-89ab4714-a06f-49fd-a91c-210e479dc798/datanode-3/data/ratis/51575d14-2f0e-41a4-9bdd-3b313d23aa6d] INFO  segmented.SegmentedRaftLogWorker (SegmentedRaftLogWorker.java:execute(569)) - 5ce445f2-79e2-4057-935d-c7a236a581cd-SegmentedRaftLogWorker:Storage Directory /workdir/hadoop-ozone/integration-test/target/test-dir/MiniOzoneClusterImpl-89ab4714-a06f-49fd-a91c-210e479dc798/datanode-3/data/ratis/51575d14-2f0e-41a4-9bdd-3b313d23aa6d: created new log segment /workdir/hadoop-ozone/integration-test/target/test-dir/MiniOzoneClusterImpl-89ab4714-a06f-49fd-a91c-210e479dc798/datanode-3/data/ratis/51575d14-2f0e-41a4-9bdd-3b313d23aa6d/current/log_inprogress_0
2019-09-10 21:42:42,125 [54252f36-17d3-44da-82d9-c462bd19d858-SegmentedRaftLogWorker:Storage Directory /workdir/hadoop-ozone/integration-test/target/test-dir/MiniOzoneClusterImpl-89ab4714-a06f-49fd-a91c-210e479dc798/datanode-4/data/ratis/c2466790-c761-49ac-8b45-b85ab36ea1fc] INFO  segmented.SegmentedRaftLogWorker (SegmentedRaftLogWorker.java:execute(569)) - 54252f36-17d3-44da-82d9-c462bd19d858-SegmentedRaftLogWorker:Storage Directory /workdir/hadoop-ozone/integration-test/target/test-dir/MiniOzoneClusterImpl-89ab4714-a06f-49fd-a91c-210e479dc798/datanode-4/data/ratis/c2466790-c761-49ac-8b45-b85ab36ea1fc: created new log segment /workdir/hadoop-ozone/integration-test/target/test-dir/MiniOzoneClusterImpl-89ab4714-a06f-49fd-a91c-210e479dc798/datanode-4/data/ratis/c2466790-c761-49ac-8b45-b85ab36ea1fc/current/log_inprogress_0
2019-09-10 21:42:42,125 [8a367430-73c6-4691-a893-24a58d3c5b91:group-375B930B3664:LeaderElection75] INFO  impl.RoleInfo (RoleInfo.java:updateAndGet(143)) - 8a367430-73c6-4691-a893-24a58d3c5b91: start FollowerState
2019-09-10 21:42:42,166 [a51c52ab-c67a-438e-9398-785fa2adbd64:group-4647CE2A2CE4:LeaderElection83] INFO  impl.LeaderElection (LeaderElection.java:logAndReturn(56)) - a51c52ab-c67a-438e-9398-785fa2adbd64:group-4647CE2A2CE4:LeaderElection83: Election REJECTED; received 2 response(s) [a51c52ab-c67a-438e-9398-785fa2adbd64<-54252f36-17d3-44da-82d9-c462bd19d858#0:FAIL-t1, a51c52ab-c67a-438e-9398-785fa2adbd64<-5ce445f2-79e2-4057-935d-c7a236a581cd#0:FAIL-t1] and 0 exception(s); a51c52ab-c67a-438e-9398-785fa2adbd64:t1, leader=null, voted=a51c52ab-c67a-438e-9398-785fa2adbd64, raftlog=a51c52ab-c67a-438e-9398-785fa2adbd64-SegmentedRaftLog:OPENED:c-1,f-1,i0, conf=-1: [54252f36-17d3-44da-82d9-c462bd19d858:192.168.157.245:35361, a51c52ab-c67a-438e-9398-785fa2adbd64:192.168.157.245:43951, 5ce445f2-79e2-4057-935d-c7a236a581cd:192.168.157.245:40841], old=null
2019-09-10 21:42:42,167 [a51c52ab-c67a-438e-9398-785fa2adbd64:group-4647CE2A2CE4:LeaderElection83] INFO  impl.RaftServerImpl (RaftServerImpl.java:setRole(171)) - a51c52ab-c67a-438e-9398-785fa2adbd64:group-4647CE2A2CE4 changes role from CANDIDATE to FOLLOWER at term 1 for DISCOVERED_A_NEW_TERM
2019-09-10 21:42:42,168 [a51c52ab-c67a-438e-9398-785fa2adbd64:group-4647CE2A2CE4:LeaderElection83] INFO  impl.RoleInfo (RoleInfo.java:shutdownLeaderElection(134)) - a51c52ab-c67a-438e-9398-785fa2adbd64: shutdown LeaderElection
2019-09-10 21:42:42,168 [015512a9-a872-4562-a045-0746d0865c08:group-375B930B3664:LeaderElection79] INFO  impl.LeaderElection (LeaderElection.java:logAndReturn(56)) - 015512a9-a872-4562-a045-0746d0865c08:group-375B930B3664:LeaderElection79: Election REJECTED; received 2 response(s) [015512a9-a872-4562-a045-0746d0865c08<-f933e11a-a116-4831-9071-5b6229b09e88#0:FAIL-t1, 015512a9-a872-4562-a045-0746d0865c08<-8a367430-73c6-4691-a893-24a58d3c5b91#0:FAIL-t1] and 0 exception(s); 015512a9-a872-4562-a045-0746d0865c08:t1, leader=null, voted=015512a9-a872-4562-a045-0746d0865c08, raftlog=015512a9-a872-4562-a045-0746d0865c08-SegmentedRaftLog:OPENED:c-1,f-1,i0, conf=-1: [f933e11a-a116-4831-9071-5b6229b09e88:192.168.157.245:42911, 015512a9-a872-4562-a045-0746d0865c08:192.168.157.245:33435, 8a367430-73c6-4691-a893-24a58d3c5b91:192.168.157.245:35277], old=null
2019-09-10 21:42:42,168 [5ce445f2-79e2-4057-935d-c7a236a581cd:group-4647CE2A2CE4:LeaderElection80] INFO  impl.LeaderElection (LeaderElection.java:logAndReturn(56)) - 5ce445f2-79e2-4057-935d-c7a236a581cd:group-4647CE2A2CE4:LeaderElection80: Election REJECTED; received 2 response(s) [5ce445f2-79e2-4057-935d-c7a236a581cd<-54252f36-17d3-44da-82d9-c462bd19d858#0:FAIL-t1, 5ce445f2-79e2-4057-935d-c7a236a581cd<-a51c52ab-c67a-438e-9398-785fa2adbd64#0:FAIL-t1] and 0 exception(s); 5ce445f2-79e2-4057-935d-c7a236a581cd:t1, leader=null, voted=5ce445f2-79e2-4057-935d-c7a236a581cd, raftlog=5ce445f2-79e2-4057-935d-c7a236a581cd-SegmentedRaftLog:OPENED:c-1,f-1,i0, conf=-1: [54252f36-17d3-44da-82d9-c462bd19d858:192.168.157.245:35361, a51c52ab-c67a-438e-9398-785fa2adbd64:192.168.157.245:43951, 5ce445f2-79e2-4057-935d-c7a236a581cd:192.168.157.245:40841], old=null
2019-09-10 21:42:42,168 [015512a9-a872-4562-a045-0746d0865c08:group-375B930B3664:LeaderElection79] INFO  impl.RaftServerImpl (RaftServerImpl.java:setRole(171)) - 015512a9-a872-4562-a045-0746d0865c08:group-375B930B3664 changes role from CANDIDATE to FOLLOWER at term 1 for DISCOVERED_A_NEW_TERM
2019-09-10 21:42:42,168 [a51c52ab-c67a-438e-9398-785fa2adbd64:group-4647CE2A2CE4:LeaderElection83] INFO  impl.RoleInfo (RoleInfo.java:updateAndGet(143)) - a51c52ab-c67a-438e-9398-785fa2adbd64: start FollowerState
2019-09-10 21:42:42,168 [015512a9-a872-4562-a045-0746d0865c08:group-375B930B3664:LeaderElection79] INFO  impl.RoleInfo (RoleInfo.java:shutdownLeaderElection(134)) - 015512a9-a872-4562-a045-0746d0865c08: shutdown LeaderElection
2019-09-10 21:42:42,168 [f933e11a-a116-4831-9071-5b6229b09e88:group-375B930B3664:LeaderElection77] INFO  impl.LeaderElection (LeaderElection.java:logAndReturn(56)) - f933e11a-a116-4831-9071-5b6229b09e88:group-375B930B3664:LeaderElection77: Election REJECTED; received 2 response(s) [f933e11a-a116-4831-9071-5b6229b09e88<-015512a9-a872-4562-a045-0746d0865c08#0:FAIL-t1, f933e11a-a116-4831-9071-5b6229b09e88<-8a367430-73c6-4691-a893-24a58d3c5b91#0:FAIL-t1] and 0 exception(s); f933e11a-a116-4831-9071-5b6229b09e88:t1, leader=null, voted=f933e11a-a116-4831-9071-5b6229b09e88, raftlog=f933e11a-a116-4831-9071-5b6229b09e88-SegmentedRaftLog:OPENED:c-1,f-1,i0, conf=-1: [f933e11a-a116-4831-9071-5b6229b09e88:192.168.157.245:42911, 015512a9-a872-4562-a045-0746d0865c08:192.168.157.245:33435, 8a367430-73c6-4691-a893-24a58d3c5b91:192.168.157.245:35277], old=null
2019-09-10 21:42:42,168 [5ce445f2-79e2-4057-935d-c7a236a581cd:group-4647CE2A2CE4:LeaderElection80] INFO  impl.RaftServerImpl (RaftServerImpl.java:setRole(171)) - 5ce445f2-79e2-4057-935d-c7a236a581cd:group-4647CE2A2CE4 changes role from CANDIDATE to FOLLOWER at term 1 for DISCOVERED_A_NEW_TERM
2019-09-10 21:42:42,169 [5ce445f2-79e2-4057-935d-c7a236a581cd:group-4647CE2A2CE4:LeaderElection80] INFO  impl.RoleInfo (RoleInfo.java:shutdownLeaderElection(134)) - 5ce445f2-79e2-4057-935d-c7a236a581cd: shutdown LeaderElection
2019-09-10 21:42:42,169 [f933e11a-a116-4831-9071-5b6229b09e88:group-375B930B3664:LeaderElection77] INFO  impl.RaftServerImpl (RaftServerImpl.java:setRole(171)) - f933e11a-a116-4831-9071-5b6229b09e88:group-375B930B3664 changes role from CANDIDATE to FOLLOWER at term 1 for DISCOVERED_A_NEW_TERM
2019-09-10 21:42:42,169 [015512a9-a872-4562-a045-0746d0865c08:group-375B930B3664:LeaderElection79] INFO  impl.RoleInfo (RoleInfo.java:updateAndGet(143)) - 015512a9-a872-4562-a045-0746d0865c08: start FollowerState
2019-09-10 21:42:42,170 [54252f36-17d3-44da-82d9-c462bd19d858:group-4647CE2A2CE4:LeaderElection81] INFO  impl.LeaderElection (LeaderElection.java:logAndReturn(56)) - 54252f36-17d3-44da-82d9-c462bd19d858:group-4647CE2A2CE4:LeaderElection81: Election REJECTED; received 2 response(s) [54252f36-17d3-44da-82d9-c462bd19d858<-a51c52ab-c67a-438e-9398-785fa2adbd64#0:FAIL-t1, 54252f36-17d3-44da-82d9-c462bd19d858<-5ce445f2-79e2-4057-935d-c7a236a581cd#0:FAIL-t1] and 0 exception(s); 54252f36-17d3-44da-82d9-c462bd19d858:t1, leader=null, voted=54252f36-17d3-44da-82d9-c462bd19d858, raftlog=54252f36-17d3-44da-82d9-c462bd19d858-SegmentedRaftLog:OPENED:c-1,f-1,i0, conf=-1: [54252f36-17d3-44da-82d9-c462bd19d858:192.168.157.245:35361, a51c52ab-c67a-438e-9398-785fa2adbd64:192.168.157.245:43951, 5ce445f2-79e2-4057-935d-c7a236a581cd:192.168.157.245:40841], old=null
2019-09-10 21:42:42,170 [f933e11a-a116-4831-9071-5b6229b09e88:group-375B930B3664:LeaderElection77] INFO  impl.RoleInfo (RoleInfo.java:shutdownLeaderElection(134)) - f933e11a-a116-4831-9071-5b6229b09e88: shutdown LeaderElection
2019-09-10 21:42:42,169 [5ce445f2-79e2-4057-935d-c7a236a581cd:group-4647CE2A2CE4:LeaderElection80] INFO  impl.RoleInfo (RoleInfo.java:updateAndGet(143)) - 5ce445f2-79e2-4057-935d-c7a236a581cd: start FollowerState
2019-09-10 21:42:42,170 [f933e11a-a116-4831-9071-5b6229b09e88:group-375B930B3664:LeaderElection77] INFO  impl.RoleInfo (RoleInfo.java:updateAndGet(143)) - f933e11a-a116-4831-9071-5b6229b09e88: start FollowerState
2019-09-10 21:42:42,170 [54252f36-17d3-44da-82d9-c462bd19d858:group-4647CE2A2CE4:LeaderElection81] INFO  impl.RaftServerImpl (RaftServerImpl.java:setRole(171)) - 54252f36-17d3-44da-82d9-c462bd19d858:group-4647CE2A2CE4 changes role from CANDIDATE to FOLLOWER at term 1 for DISCOVERED_A_NEW_TERM
2019-09-10 21:42:42,171 [54252f36-17d3-44da-82d9-c462bd19d858:group-4647CE2A2CE4:LeaderElection81] INFO  impl.RoleInfo (RoleInfo.java:shutdownLeaderElection(134)) - 54252f36-17d3-44da-82d9-c462bd19d858: shutdown LeaderElection
2019-09-10 21:42:42,171 [54252f36-17d3-44da-82d9-c462bd19d858:group-4647CE2A2CE4:LeaderElection81] INFO  impl.RoleInfo (RoleInfo.java:updateAndGet(143)) - 54252f36-17d3-44da-82d9-c462bd19d858: start FollowerState
2019-09-10 21:42:42,171 [a51c52ab-c67a-438e-9398-785fa2adbd64-SegmentedRaftLogWorker:Storage Directory /workdir/hadoop-ozone/integration-test/target/test-dir/MiniOzoneClusterImpl-89ab4714-a06f-49fd-a91c-210e479dc798/datanode-5/data/ratis/53e71375-30ee-4528-aa15-fb239201d27d] INFO  segmented.SegmentedRaftLogWorker (SegmentedRaftLogWorker.java:execute(569)) - a51c52ab-c67a-438e-9398-785fa2adbd64-SegmentedRaftLogWorker:Storage Directory /workdir/hadoop-ozone/integration-test/target/test-dir/MiniOzoneClusterImpl-89ab4714-a06f-49fd-a91c-210e479dc798/datanode-5/data/ratis/53e71375-30ee-4528-aa15-fb239201d27d: created new log segment /workdir/hadoop-ozone/integration-test/target/test-dir/MiniOzoneClusterImpl-89ab4714-a06f-49fd-a91c-210e479dc798/datanode-5/data/ratis/53e71375-30ee-4528-aa15-fb239201d27d/current/log_inprogress_0
2019-09-10 21:42:42,212 [015512a9-a872-4562-a045-0746d0865c08-SegmentedRaftLogWorker:Storage Directory /workdir/hadoop-ozone/integration-test/target/test-dir/MiniOzoneClusterImpl-89ab4714-a06f-49fd-a91c-210e479dc798/datanode-2/data/ratis/45021292-2da5-4f95-a95f-2d7e53bb3862] INFO  segmented.SegmentedRaftLogWorker (SegmentedRaftLogWorker.java:execute(569)) - 015512a9-a872-4562-a045-0746d0865c08-SegmentedRaftLogWorker:Storage Directory /workdir/hadoop-ozone/integration-test/target/test-dir/MiniOzoneClusterImpl-89ab4714-a06f-49fd-a91c-210e479dc798/datanode-2/data/ratis/45021292-2da5-4f95-a95f-2d7e53bb3862: created new log segment /workdir/hadoop-ozone/integration-test/target/test-dir/MiniOzoneClusterImpl-89ab4714-a06f-49fd-a91c-210e479dc798/datanode-2/data/ratis/45021292-2da5-4f95-a95f-2d7e53bb3862/current/log_inprogress_0
2019-09-10 21:42:42,485 [grpc-default-executor-2] INFO  client.GrpcClientProtocolClient (GrpcClientProtocolClient.java:onNext(255)) - client-72FA98D339D5->a51c52ab-c67a-438e-9398-785fa2adbd64: receive RaftClientReply:client-72FA98D339D5->a51c52ab-c67a-438e-9398-785fa2adbd64@group-4647CE2A2CE4, cid=182, FAILED org.apache.ratis.protocol.NotLeaderException: Server a51c52ab-c67a-438e-9398-785fa2adbd64 is not the leader (null). Request must be sent to leader., logIndex=0, commits[a51c52ab-c67a-438e-9398-785fa2adbd64:c-1]
2019-09-10 21:42:43,498 [grpc-default-executor-9] INFO  client.GrpcClientProtocolClient (GrpcClientProtocolClient.java:onNext(255)) - client-72FA98D339D5->54252f36-17d3-44da-82d9-c462bd19d858: receive RaftClientReply:client-72FA98D339D5->54252f36-17d3-44da-82d9-c462bd19d858@group-4647CE2A2CE4, cid=182, FAILED org.apache.ratis.protocol.NotLeaderException: Server 54252f36-17d3-44da-82d9-c462bd19d858 is not the leader (null). Request must be sent to leader., logIndex=0, commits[54252f36-17d3-44da-82d9-c462bd19d858:c-1]
2019-09-10 21:42:44,508 [grpc-default-executor-9] INFO  client.GrpcClientProtocolClient (GrpcClientProtocolClient.java:onNext(255)) - client-72FA98D339D5->5ce445f2-79e2-4057-935d-c7a236a581cd: receive RaftClientReply:client-72FA98D339D5->5ce445f2-79e2-4057-935d-c7a236a581cd@group-4647CE2A2CE4, cid=182, FAILED org.apache.ratis.protocol.NotLeaderException: Server 5ce445f2-79e2-4057-935d-c7a236a581cd is not the leader (null). Request must be sent to leader., logIndex=0, commits[5ce445f2-79e2-4057-935d-c7a236a581cd:c-1]
2019-09-10 21:42:45,521 [grpc-default-executor-2] INFO  client.GrpcClientProtocolClient (GrpcClientProtocolClient.java:onNext(255)) - client-72FA98D339D5->54252f36-17d3-44da-82d9-c462bd19d858: receive RaftClientReply:client-72FA98D339D5->54252f36-17d3-44da-82d9-c462bd19d858@group-4647CE2A2CE4, cid=182, FAILED org.apache.ratis.protocol.NotLeaderException: Server 54252f36-17d3-44da-82d9-c462bd19d858 is not the leader (null). Request must be sent to leader., logIndex=0, commits[54252f36-17d3-44da-82d9-c462bd19d858:c-1]
2019-09-10 21:42:46,531 [grpc-default-executor-9] INFO  client.GrpcClientProtocolClient (GrpcClientProtocolClient.java:onNext(255)) - client-72FA98D339D5->a51c52ab-c67a-438e-9398-785fa2adbd64: receive RaftClientReply:client-72FA98D339D5->a51c52ab-c67a-438e-9398-785fa2adbd64@group-4647CE2A2CE4, cid=182, FAILED org.apache.ratis.protocol.NotLeaderException: Server a51c52ab-c67a-438e-9398-785fa2adbd64 is not the leader (null). Request must be sent to leader., logIndex=0, commits[a51c52ab-c67a-438e-9398-785fa2adbd64:c-1]
2019-09-10 21:42:47,199 [Thread-3691] INFO  impl.FollowerState (FollowerState.java:run(106)) - 015512a9-a872-4562-a045-0746d0865c08:group-375B930B3664 changes to CANDIDATE, lastRpcTime:5030, electionTimeout:5029ms
2019-09-10 21:42:47,200 [Thread-3691] INFO  impl.RoleInfo (RoleInfo.java:shutdownFollowerState(121)) - 015512a9-a872-4562-a045-0746d0865c08: shutdown FollowerState
2019-09-10 21:42:47,200 [Thread-3691] INFO  impl.RaftServerImpl (RaftServerImpl.java:setRole(171)) - 015512a9-a872-4562-a045-0746d0865c08:group-375B930B3664 changes role from FOLLOWER to CANDIDATE at term 1 for changeToCandidate
2019-09-10 21:42:47,200 [Thread-3691] INFO  impl.RoleInfo (RoleInfo.java:updateAndGet(143)) - 015512a9-a872-4562-a045-0746d0865c08: start LeaderElection
2019-09-10 21:42:47,218 [015512a9-a872-4562-a045-0746d0865c08:group-375B930B3664:LeaderElection84] INFO  impl.LeaderElection (LeaderElection.java:askForVotes(181)) - 015512a9-a872-4562-a045-0746d0865c08:group-375B930B3664:LeaderElection84: begin an election at term 2 for -1: [f933e11a-a116-4831-9071-5b6229b09e88:192.168.157.245:42911, 015512a9-a872-4562-a045-0746d0865c08:192.168.157.245:33435, 8a367430-73c6-4691-a893-24a58d3c5b91:192.168.157.245:35277], old=null
2019-09-10 21:42:47,221 [grpc-default-executor-2] INFO  impl.RaftServerImpl (RaftServerImpl.java:setRole(171)) - 8a367430-73c6-4691-a893-24a58d3c5b91:group-375B930B3664 changes role from FOLLOWER to FOLLOWER at term 2 for recognizeCandidate:015512a9-a872-4562-a045-0746d0865c08
2019-09-10 21:42:47,221 [grpc-default-executor-9] INFO  impl.RaftServerImpl (RaftServerImpl.java:setRole(171)) - f933e11a-a116-4831-9071-5b6229b09e88:group-375B930B3664 changes role from FOLLOWER to FOLLOWER at term 2 for recognizeCandidate:015512a9-a872-4562-a045-0746d0865c08
2019-09-10 21:42:47,221 [grpc-default-executor-2] INFO  impl.RoleInfo (RoleInfo.java:shutdownFollowerState(121)) - 8a367430-73c6-4691-a893-24a58d3c5b91: shutdown FollowerState
2019-09-10 21:42:47,221 [grpc-default-executor-9] INFO  impl.RoleInfo (RoleInfo.java:shutdownFollowerState(121)) - f933e11a-a116-4831-9071-5b6229b09e88: shutdown FollowerState
2019-09-10 21:42:47,222 [Thread-3689] INFO  impl.FollowerState (FollowerState.java:run(114)) - 8a367430-73c6-4691-a893-24a58d3c5b91: FollowerState was interrupted: java.lang.InterruptedException: sleep interrupted
2019-09-10 21:42:47,222 [grpc-default-executor-2] INFO  impl.RoleInfo (RoleInfo.java:updateAndGet(143)) - 8a367430-73c6-4691-a893-24a58d3c5b91: start FollowerState
2019-09-10 21:42:47,222 [Thread-3693] INFO  impl.FollowerState (FollowerState.java:run(114)) - f933e11a-a116-4831-9071-5b6229b09e88: FollowerState was interrupted: java.lang.InterruptedException: sleep interrupted
2019-09-10 21:42:47,222 [grpc-default-executor-9] INFO  impl.RoleInfo (RoleInfo.java:updateAndGet(143)) - f933e11a-a116-4831-9071-5b6229b09e88: start FollowerState
2019-09-10 21:42:47,242 [015512a9-a872-4562-a045-0746d0865c08:group-375B930B3664:LeaderElection84] INFO  impl.LeaderElection (LeaderElection.java:logAndReturn(56)) - 015512a9-a872-4562-a045-0746d0865c08:group-375B930B3664:LeaderElection84: Election PASSED; received 1 response(s) [015512a9-a872-4562-a045-0746d0865c08<-8a367430-73c6-4691-a893-24a58d3c5b91#0:OK-t2] and 0 exception(s); 015512a9-a872-4562-a045-0746d0865c08:t2, leader=null, voted=015512a9-a872-4562-a045-0746d0865c08, raftlog=015512a9-a872-4562-a045-0746d0865c08-SegmentedRaftLog:OPENED:c-1,f-1,i0, conf=-1: [f933e11a-a116-4831-9071-5b6229b09e88:192.168.157.245:42911, 015512a9-a872-4562-a045-0746d0865c08:192.168.157.245:33435, 8a367430-73c6-4691-a893-24a58d3c5b91:192.168.157.245:35277], old=null
2019-09-10 21:42:47,242 [015512a9-a872-4562-a045-0746d0865c08:group-375B930B3664:LeaderElection84] INFO  impl.RoleInfo (RoleInfo.java:shutdownLeaderElection(134)) - 015512a9-a872-4562-a045-0746d0865c08: shutdown LeaderElection
2019-09-10 21:42:47,242 [015512a9-a872-4562-a045-0746d0865c08:group-375B930B3664:LeaderElection84] INFO  impl.RaftServerImpl (RaftServerImpl.java:setRole(171)) - 015512a9-a872-4562-a045-0746d0865c08:group-375B930B3664 changes role from CANDIDATE to LEADER at term 2 for changeToLeader
2019-09-10 21:42:47,242 [015512a9-a872-4562-a045-0746d0865c08:group-375B930B3664:LeaderElection84] INFO  impl.RaftServerImpl (ServerState.java:setLeader(263)) - 015512a9-a872-4562-a045-0746d0865c08:group-375B930B3664 change Leader from null to 015512a9-a872-4562-a045-0746d0865c08 at term 2 for becomeLeader, leader elected after 11201ms
2019-09-10 21:42:47,242 [015512a9-a872-4562-a045-0746d0865c08:group-375B930B3664:LeaderElection84] INFO  server.RaftServerConfigKeys (ConfUtils.java:logGet(43)) - raft.server.staging.catchup.gap = 1000 (default)
2019-09-10 21:42:47,242 [015512a9-a872-4562-a045-0746d0865c08:group-375B930B3664:LeaderElection84] INFO  server.RaftServerConfigKeys (ConfUtils.java:logGet(43)) - raft.server.rpc.sleep.time = 25ms (default)
2019-09-10 21:42:47,243 [015512a9-a872-4562-a045-0746d0865c08:group-375B930B3664:LeaderElection84] INFO  server.RaftServerConfigKeys (ConfUtils.java:logGet(43)) - raft.server.write.element-limit = 4096 (default)
2019-09-10 21:42:47,243 [015512a9-a872-4562-a045-0746d0865c08:group-375B930B3664:LeaderElection84] INFO  server.RaftServerConfigKeys (ConfUtils.java:logGet(43)) - raft.server.watch.timeout = 10s (default)
2019-09-10 21:42:47,243 [015512a9-a872-4562-a045-0746d0865c08:group-375B930B3664:LeaderElection84] INFO  server.RaftServerConfigKeys (ConfUtils.java:logGet(43)) - raft.server.watch.timeout.denomination = 1s (default)
2019-09-10 21:42:47,243 [015512a9-a872-4562-a045-0746d0865c08:group-375B930B3664:LeaderElection84] INFO  server.RaftServerConfigKeys (ConfUtils.java:logGet(43)) - raft.server.watch.element-limit = 65536 (default)
2019-09-10 21:42:47,243 [015512a9-a872-4562-a045-0746d0865c08:group-375B930B3664:LeaderElection84] INFO  server.RaftServerConfigKeys (ConfUtils.java:logGet(43)) - raft.server.log.appender.snapshot.chunk.size.max = 16MB (=16777216) (default)
2019-09-10 21:42:47,243 [015512a9-a872-4562-a045-0746d0865c08:group-375B930B3664:LeaderElection84] INFO  server.RaftServerConfigKeys (ConfUtils.java:logGet(43)) - raft.server.log.appender.buffer.byte-limit = 33554432 (custom)
2019-09-10 21:42:47,244 [015512a9-a872-4562-a045-0746d0865c08:group-375B930B3664:LeaderElection84] INFO  server.RaftServerConfigKeys (ConfUtils.java:logGet(43)) - raft.server.log.appender.buffer.element-limit = 1 (custom)
2019-09-10 21:42:47,244 [015512a9-a872-4562-a045-0746d0865c08:group-375B930B3664:LeaderElection84] INFO  grpc.GrpcConfigKeys$Server (ConfUtils.java:logGet(43)) - raft.grpc.server.leader.outstanding.appends.max = 128 (default)
2019-09-10 21:42:47,244 [015512a9-a872-4562-a045-0746d0865c08:group-375B930B3664:LeaderElection84] INFO  server.RaftServerConfigKeys (ConfUtils.java:logGet(43)) - raft.server.rpc.request.timeout = 3000ms (default)
2019-09-10 21:42:47,244 [015512a9-a872-4562-a045-0746d0865c08:group-375B930B3664:LeaderElection84] INFO  server.RaftServerConfigKeys (ConfUtils.java:logGet(43)) - raft.server.log.appender.install.snapshot.enabled = false (custom)
2019-09-10 21:42:47,244 [015512a9-a872-4562-a045-0746d0865c08:group-375B930B3664:LeaderElection84] INFO  server.RaftServerConfigKeys (ConfUtils.java:logGet(43)) - raft.server.log.appender.snapshot.chunk.size.max = 16MB (=16777216) (default)
2019-09-10 21:42:47,244 [015512a9-a872-4562-a045-0746d0865c08:group-375B930B3664:LeaderElection84] INFO  server.RaftServerConfigKeys (ConfUtils.java:logGet(43)) - raft.server.log.appender.buffer.byte-limit = 33554432 (custom)
2019-09-10 21:42:47,245 [015512a9-a872-4562-a045-0746d0865c08:group-375B930B3664:LeaderElection84] INFO  server.RaftServerConfigKeys (ConfUtils.java:logGet(43)) - raft.server.log.appender.buffer.element-limit = 1 (custom)
2019-09-10 21:42:47,245 [015512a9-a872-4562-a045-0746d0865c08:group-375B930B3664:LeaderElection84] INFO  grpc.GrpcConfigKeys$Server (ConfUtils.java:logGet(43)) - raft.grpc.server.leader.outstanding.appends.max = 128 (default)
2019-09-10 21:42:47,245 [015512a9-a872-4562-a045-0746d0865c08:group-375B930B3664:LeaderElection84] INFO  server.RaftServerConfigKeys (ConfUtils.java:logGet(43)) - raft.server.rpc.request.timeout = 3000ms (default)
2019-09-10 21:42:47,245 [015512a9-a872-4562-a045-0746d0865c08:group-375B930B3664:LeaderElection84] INFO  server.RaftServerConfigKeys (ConfUtils.java:logGet(43)) - raft.server.log.appender.install.snapshot.enabled = false (custom)
2019-09-10 21:42:47,245 [015512a9-a872-4562-a045-0746d0865c08:group-375B930B3664:LeaderElection84] INFO  impl.RoleInfo (RoleInfo.java:updateAndGet(143)) - 015512a9-a872-4562-a045-0746d0865c08: start LeaderState
2019-09-10 21:42:47,245 [015512a9-a872-4562-a045-0746d0865c08:group-375B930B3664:LeaderElection84] INFO  segmented.SegmentedRaftLogWorker (SegmentedRaftLogWorker.java:startLogSegment(380)) - 015512a9-a872-4562-a045-0746d0865c08-SegmentedRaftLogWorker:Storage Directory /workdir/hadoop-ozone/integration-test/target/test-dir/MiniOzoneClusterImpl-89ab4714-a06f-49fd-a91c-210e479dc798/datanode-2/data/ratis/d5e3a037-8037-4c31-aa7e-375b930b3664: Starting segment from index:0
2019-09-10 21:42:47,246 [015512a9-a872-4562-a045-0746d0865c08:group-375B930B3664:LeaderElection84] INFO  impl.RaftServerImpl (ServerState.java:setRaftConf(361)) - 015512a9-a872-4562-a045-0746d0865c08:group-375B930B3664 set configuration 0: [f933e11a-a116-4831-9071-5b6229b09e88:192.168.157.245:42911, 015512a9-a872-4562-a045-0746d0865c08:192.168.157.245:33435, 8a367430-73c6-4691-a893-24a58d3c5b91:192.168.157.245:35277], old=null at 0
2019-09-10 21:42:47,247 [grpc-default-executor-2] INFO  impl.RaftServerImpl (ServerState.java:setLeader(263)) - 8a367430-73c6-4691-a893-24a58d3c5b91:group-375B930B3664 change Leader from null to 015512a9-a872-4562-a045-0746d0865c08 at term 2 for appendEntries, leader elected after 11206ms
2019-09-10 21:42:47,247 [grpc-default-executor-9] INFO  impl.RaftServerImpl (ServerState.java:setLeader(263)) - f933e11a-a116-4831-9071-5b6229b09e88:group-375B930B3664 change Leader from null to 015512a9-a872-4562-a045-0746d0865c08 at term 2 for appendEntries, leader elected after 11207ms
2019-09-10 21:42:47,250 [grpc-default-executor-9] INFO  impl.RaftServerImpl (ServerState.java:setRaftConf(361)) - 8a367430-73c6-4691-a893-24a58d3c5b91:group-375B930B3664 set configuration 0: [f933e11a-a116-4831-9071-5b6229b09e88:192.168.157.245:42911, 015512a9-a872-4562-a045-0746d0865c08:192.168.157.245:33435, 8a367430-73c6-4691-a893-24a58d3c5b91:192.168.157.245:35277], old=null at 0
2019-09-10 21:42:47,250 [grpc-default-executor-2] INFO  impl.RaftServerImpl (ServerState.java:setRaftConf(361)) - f933e11a-a116-4831-9071-5b6229b09e88:group-375B930B3664 set configuration 0: [f933e11a-a116-4831-9071-5b6229b09e88:192.168.157.245:42911, 015512a9-a872-4562-a045-0746d0865c08:192.168.157.245:33435, 8a367430-73c6-4691-a893-24a58d3c5b91:192.168.157.245:35277], old=null at 0
2019-09-10 21:42:47,250 [grpc-default-executor-9] INFO  segmented.SegmentedRaftLogWorker (SegmentedRaftLogWorker.java:startLogSegment(380)) - 8a367430-73c6-4691-a893-24a58d3c5b91-SegmentedRaftLogWorker:Storage Directory /workdir/hadoop-ozone/integration-test/target/test-dir/MiniOzoneClusterImpl-89ab4714-a06f-49fd-a91c-210e479dc798/datanode-0/data/ratis/d5e3a037-8037-4c31-aa7e-375b930b3664: Starting segment from index:0
2019-09-10 21:42:47,250 [grpc-default-executor-2] INFO  segmented.SegmentedRaftLogWorker (SegmentedRaftLogWorker.java:startLogSegment(380)) - f933e11a-a116-4831-9071-5b6229b09e88-SegmentedRaftLogWorker:Storage Directory /workdir/hadoop-ozone/integration-test/target/test-dir/MiniOzoneClusterImpl-89ab4714-a06f-49fd-a91c-210e479dc798/datanode-1/data/ratis/d5e3a037-8037-4c31-aa7e-375b930b3664: Starting segment from index:0
2019-09-10 21:42:47,296 [Thread-3694] INFO  impl.FollowerState (FollowerState.java:run(106)) - 54252f36-17d3-44da-82d9-c462bd19d858:group-4647CE2A2CE4 changes to CANDIDATE, lastRpcTime:5124, electionTimeout:5124ms
2019-09-10 21:42:47,296 [Thread-3694] INFO  impl.RoleInfo (RoleInfo.java:shutdownFollowerState(121)) - 54252f36-17d3-44da-82d9-c462bd19d858: shutdown FollowerState
2019-09-10 21:42:47,296 [Thread-3694] INFO  impl.RaftServerImpl (RaftServerImpl.java:setRole(171)) - 54252f36-17d3-44da-82d9-c462bd19d858:group-4647CE2A2CE4 changes role from FOLLOWER to CANDIDATE at term 1 for changeToCandidate
2019-09-10 21:42:47,296 [Thread-3694] INFO  impl.RoleInfo (RoleInfo.java:updateAndGet(143)) - 54252f36-17d3-44da-82d9-c462bd19d858: start LeaderElection
2019-09-10 21:42:47,300 [015512a9-a872-4562-a045-0746d0865c08-SegmentedRaftLogWorker:Storage Directory /workdir/hadoop-ozone/integration-test/target/test-dir/MiniOzoneClusterImpl-89ab4714-a06f-49fd-a91c-210e479dc798/datanode-2/data/ratis/d5e3a037-8037-4c31-aa7e-375b930b3664] INFO  segmented.SegmentedRaftLogWorker (SegmentedRaftLogWorker.java:execute(569)) - 015512a9-a872-4562-a045-0746d0865c08-SegmentedRaftLogWorker:Storage Directory /workdir/hadoop-ozone/integration-test/target/test-dir/MiniOzoneClusterImpl-89ab4714-a06f-49fd-a91c-210e479dc798/datanode-2/data/ratis/d5e3a037-8037-4c31-aa7e-375b930b3664: created new log segment /workdir/hadoop-ozone/integration-test/target/test-dir/MiniOzoneClusterImpl-89ab4714-a06f-49fd-a91c-210e479dc798/datanode-2/data/ratis/d5e3a037-8037-4c31-aa7e-375b930b3664/current/log_inprogress_0
2019-09-10 21:42:47,300 [8a367430-73c6-4691-a893-24a58d3c5b91-SegmentedRaftLogWorker:Storage Directory /workdir/hadoop-ozone/integration-test/target/test-dir/MiniOzoneClusterImpl-89ab4714-a06f-49fd-a91c-210e479dc798/datanode-0/data/ratis/d5e3a037-8037-4c31-aa7e-375b930b3664] INFO  segmented.SegmentedRaftLogWorker (SegmentedRaftLogWorker.java:execute(569)) - 8a367430-73c6-4691-a893-24a58d3c5b91-SegmentedRaftLogWorker:Storage Directory /workdir/hadoop-ozone/integration-test/target/test-dir/MiniOzoneClusterImpl-89ab4714-a06f-49fd-a91c-210e479dc798/datanode-0/data/ratis/d5e3a037-8037-4c31-aa7e-375b930b3664: created new log segment /workdir/hadoop-ozone/integration-test/target/test-dir/MiniOzoneClusterImpl-89ab4714-a06f-49fd-a91c-210e479dc798/datanode-0/data/ratis/d5e3a037-8037-4c31-aa7e-375b930b3664/current/log_inprogress_0
2019-09-10 21:42:47,300 [f933e11a-a116-4831-9071-5b6229b09e88-SegmentedRaftLogWorker:Storage Directory /workdir/hadoop-ozone/integration-test/target/test-dir/MiniOzoneClusterImpl-89ab4714-a06f-49fd-a91c-210e479dc798/datanode-1/data/ratis/d5e3a037-8037-4c31-aa7e-375b930b3664] INFO  segmented.SegmentedRaftLogWorker (SegmentedRaftLogWorker.java:execute(569)) - f933e11a-a116-4831-9071-5b6229b09e88-SegmentedRaftLogWorker:Storage Directory /workdir/hadoop-ozone/integration-test/target/test-dir/MiniOzoneClusterImpl-89ab4714-a06f-49fd-a91c-210e479dc798/datanode-1/data/ratis/d5e3a037-8037-4c31-aa7e-375b930b3664: created new log segment /workdir/hadoop-ozone/integration-test/target/test-dir/MiniOzoneClusterImpl-89ab4714-a06f-49fd-a91c-210e479dc798/datanode-1/data/ratis/d5e3a037-8037-4c31-aa7e-375b930b3664/current/log_inprogress_0
2019-09-10 21:42:47,304 [54252f36-17d3-44da-82d9-c462bd19d858:group-4647CE2A2CE4:LeaderElection85] INFO  impl.LeaderElection (LeaderElection.java:askForVotes(181)) - 54252f36-17d3-44da-82d9-c462bd19d858:group-4647CE2A2CE4:LeaderElection85: begin an election at term 2 for -1: [54252f36-17d3-44da-82d9-c462bd19d858:192.168.157.245:35361, a51c52ab-c67a-438e-9398-785fa2adbd64:192.168.157.245:43951, 5ce445f2-79e2-4057-935d-c7a236a581cd:192.168.157.245:40841], old=null
2019-09-10 21:42:47,306 [grpc-default-executor-2] INFO  impl.RaftServerImpl (RaftServerImpl.java:setRole(171)) - a51c52ab-c67a-438e-9398-785fa2adbd64:group-4647CE2A2CE4 changes role from FOLLOWER to FOLLOWER at term 2 for recognizeCandidate:54252f36-17d3-44da-82d9-c462bd19d858
2019-09-10 21:42:47,306 [grpc-default-executor-2] INFO  impl.RoleInfo (RoleInfo.java:shutdownFollowerState(121)) - a51c52ab-c67a-438e-9398-785fa2adbd64: shutdown FollowerState
2019-09-10 21:42:47,306 [grpc-default-executor-9] INFO  impl.RaftServerImpl (RaftServerImpl.java:setRole(171)) - 5ce445f2-79e2-4057-935d-c7a236a581cd:group-4647CE2A2CE4 changes role from FOLLOWER to FOLLOWER at term 2 for recognizeCandidate:54252f36-17d3-44da-82d9-c462bd19d858
2019-09-10 21:42:47,307 [Thread-3690] INFO  impl.FollowerState (FollowerState.java:run(114)) - a51c52ab-c67a-438e-9398-785fa2adbd64: FollowerState was interrupted: java.lang.InterruptedException: sleep interrupted
2019-09-10 21:42:47,307 [grpc-default-executor-2] INFO  impl.RoleInfo (RoleInfo.java:updateAndGet(143)) - a51c52ab-c67a-438e-9398-785fa2adbd64: start FollowerState
2019-09-10 21:42:47,307 [grpc-default-executor-9] INFO  impl.RoleInfo (RoleInfo.java:shutdownFollowerState(121)) - 5ce445f2-79e2-4057-935d-c7a236a581cd: shutdown FollowerState
2019-09-10 21:42:47,311 [grpc-default-executor-9] INFO  impl.RoleInfo (RoleInfo.java:updateAndGet(143)) - 5ce445f2-79e2-4057-935d-c7a236a581cd: start FollowerState
2019-09-10 21:42:47,311 [Thread-3692] INFO  impl.FollowerState (FollowerState.java:run(114)) - 5ce445f2-79e2-4057-935d-c7a236a581cd: FollowerState was interrupted: java.lang.InterruptedException: sleep interrupted
2019-09-10 21:42:47,341 [54252f36-17d3-44da-82d9-c462bd19d858:group-4647CE2A2CE4:LeaderElection85] INFO  impl.LeaderElection (LeaderElection.java:logAndReturn(56)) - 54252f36-17d3-44da-82d9-c462bd19d858:group-4647CE2A2CE4:LeaderElection85: Election PASSED; received 1 response(s) [54252f36-17d3-44da-82d9-c462bd19d858<-5ce445f2-79e2-4057-935d-c7a236a581cd#0:OK-t2] and 0 exception(s); 54252f36-17d3-44da-82d9-c462bd19d858:t2, leader=null, voted=54252f36-17d3-44da-82d9-c462bd19d858, raftlog=54252f36-17d3-44da-82d9-c462bd19d858-SegmentedRaftLog:OPENED:c-1,f-1,i0, conf=-1: [54252f36-17d3-44da-82d9-c462bd19d858:192.168.157.245:35361, a51c52ab-c67a-438e-9398-785fa2adbd64:192.168.157.245:43951, 5ce445f2-79e2-4057-935d-c7a236a581cd:192.168.157.245:40841], old=null
2019-09-10 21:42:47,341 [54252f36-17d3-44da-82d9-c462bd19d858:group-4647CE2A2CE4:LeaderElection85] INFO  impl.RoleInfo (RoleInfo.java:shutdownLeaderElection(134)) - 54252f36-17d3-44da-82d9-c462bd19d858: shutdown LeaderElection
2019-09-10 21:42:47,341 [54252f36-17d3-44da-82d9-c462bd19d858:group-4647CE2A2CE4:LeaderElection85] INFO  impl.RaftServerImpl (RaftServerImpl.java:setRole(171)) - 54252f36-17d3-44da-82d9-c462bd19d858:group-4647CE2A2CE4 changes role from CANDIDATE to LEADER at term 2 for changeToLeader
2019-09-10 21:42:47,341 [54252f36-17d3-44da-82d9-c462bd19d858:group-4647CE2A2CE4:LeaderElection85] INFO  impl.RaftServerImpl (ServerState.java:setLeader(263)) - 54252f36-17d3-44da-82d9-c462bd19d858:group-4647CE2A2CE4 change Leader from null to 54252f36-17d3-44da-82d9-c462bd19d858 at term 2 for becomeLeader, leader elected after 11073ms
2019-09-10 21:42:47,342 [54252f36-17d3-44da-82d9-c462bd19d858:group-4647CE2A2CE4:LeaderElection85] INFO  server.RaftServerConfigKeys (ConfUtils.java:logGet(43)) - raft.server.staging.catchup.gap = 1000 (default)
2019-09-10 21:42:47,342 [54252f36-17d3-44da-82d9-c462bd19d858:group-4647CE2A2CE4:LeaderElection85] INFO  server.RaftServerConfigKeys (ConfUtils.java:logGet(43)) - raft.server.rpc.sleep.time = 25ms (default)
2019-09-10 21:42:47,342 [54252f36-17d3-44da-82d9-c462bd19d858:group-4647CE2A2CE4:LeaderElection85] INFO  server.RaftServerConfigKeys (ConfUtils.java:logGet(43)) - raft.server.write.element-limit = 4096 (default)
2019-09-10 21:42:47,342 [54252f36-17d3-44da-82d9-c462bd19d858:group-4647CE2A2CE4:LeaderElection85] INFO  server.RaftServerConfigKeys (ConfUtils.java:logGet(43)) - raft.server.watch.timeout = 10s (default)
2019-09-10 21:42:47,342 [54252f36-17d3-44da-82d9-c462bd19d858:group-4647CE2A2CE4:LeaderElection85] INFO  server.RaftServerConfigKeys (ConfUtils.java:logGet(43)) - raft.server.watch.timeout.denomination = 1s (default)
2019-09-10 21:42:47,342 [54252f36-17d3-44da-82d9-c462bd19d858:group-4647CE2A2CE4:LeaderElection85] INFO  server.RaftServerConfigKeys (ConfUtils.java:logGet(43)) - raft.server.watch.element-limit = 65536 (default)
2019-09-10 21:42:47,343 [54252f36-17d3-44da-82d9-c462bd19d858:group-4647CE2A2CE4:LeaderElection85] INFO  server.RaftServerConfigKeys (ConfUtils.java:logGet(43)) - raft.server.log.appender.snapshot.chunk.size.max = 16MB (=16777216) (default)
2019-09-10 21:42:47,343 [54252f36-17d3-44da-82d9-c462bd19d858:group-4647CE2A2CE4:LeaderElection85] INFO  server.RaftServerConfigKeys (ConfUtils.java:logGet(43)) - raft.server.log.appender.buffer.byte-limit = 33554432 (custom)
2019-09-10 21:42:47,343 [54252f36-17d3-44da-82d9-c462bd19d858:group-4647CE2A2CE4:LeaderElection85] INFO  server.RaftServerConfigKeys (ConfUtils.java:logGet(43)) - raft.server.log.appender.buffer.element-limit = 1 (custom)
2019-09-10 21:42:47,343 [54252f36-17d3-44da-82d9-c462bd19d858:group-4647CE2A2CE4:LeaderElection85] INFO  grpc.GrpcConfigKeys$Server (ConfUtils.java:logGet(43)) - raft.grpc.server.leader.outstanding.appends.max = 128 (default)
2019-09-10 21:42:47,344 [54252f36-17d3-44da-82d9-c462bd19d858:group-4647CE2A2CE4:LeaderElection85] INFO  server.RaftServerConfigKeys (ConfUtils.java:logGet(43)) - raft.server.rpc.request.timeout = 3000ms (default)
2019-09-10 21:42:47,344 [54252f36-17d3-44da-82d9-c462bd19d858:group-4647CE2A2CE4:LeaderElection85] INFO  server.RaftServerConfigKeys (ConfUtils.java:logGet(43)) - raft.server.log.appender.install.snapshot.enabled = false (custom)
2019-09-10 21:42:47,344 [54252f36-17d3-44da-82d9-c462bd19d858:group-4647CE2A2CE4:LeaderElection85] INFO  server.RaftServerConfigKeys (ConfUtils.java:logGet(43)) - raft.server.log.appender.snapshot.chunk.size.max = 16MB (=16777216) (default)
2019-09-10 21:42:47,344 [54252f36-17d3-44da-82d9-c462bd19d858:group-4647CE2A2CE4:LeaderElection85] INFO  server.RaftServerConfigKeys (ConfUtils.java:logGet(43)) - raft.server.log.appender.buffer.byte-limit = 33554432 (custom)
2019-09-10 21:42:47,344 [54252f36-17d3-44da-82d9-c462bd19d858:group-4647CE2A2CE4:LeaderElection85] INFO  server.RaftServerConfigKeys (ConfUtils.java:logGet(43)) - raft.server.log.appender.buffer.element-limit = 1 (custom)
2019-09-10 21:42:47,345 [54252f36-17d3-44da-82d9-c462bd19d858:group-4647CE2A2CE4:LeaderElection85] INFO  grpc.GrpcConfigKeys$Server (ConfUtils.java:logGet(43)) - raft.grpc.server.leader.outstanding.appends.max = 128 (default)
2019-09-10 21:42:47,345 [54252f36-17d3-44da-82d9-c462bd19d858:group-4647CE2A2CE4:LeaderElection85] INFO  server.RaftServerConfigKeys (ConfUtils.java:logGet(43)) - raft.server.rpc.request.timeout = 3000ms (default)
2019-09-10 21:42:47,345 [54252f36-17d3-44da-82d9-c462bd19d858:group-4647CE2A2CE4:LeaderElection85] INFO  server.RaftServerConfigKeys (ConfUtils.java:logGet(43)) - raft.server.log.appender.install.snapshot.enabled = false (custom)
2019-09-10 21:42:47,345 [54252f36-17d3-44da-82d9-c462bd19d858:group-4647CE2A2CE4:LeaderElection85] INFO  impl.RoleInfo (RoleInfo.java:updateAndGet(143)) - 54252f36-17d3-44da-82d9-c462bd19d858: start LeaderState
2019-09-10 21:42:47,345 [54252f36-17d3-44da-82d9-c462bd19d858:group-4647CE2A2CE4:LeaderElection85] INFO  segmented.SegmentedRaftLogWorker (SegmentedRaftLogWorker.java:startLogSegment(380)) - 54252f36-17d3-44da-82d9-c462bd19d858-SegmentedRaftLogWorker:Storage Directory /workdir/hadoop-ozone/integration-test/target/test-dir/MiniOzoneClusterImpl-89ab4714-a06f-49fd-a91c-210e479dc798/datanode-4/data/ratis/b04ac957-915a-453f-a5d9-4647ce2a2ce4: Starting segment from index:0
2019-09-10 21:42:47,346 [54252f36-17d3-44da-82d9-c462bd19d858:group-4647CE2A2CE4:LeaderElection85] INFO  impl.RaftServerImpl (ServerState.java:setRaftConf(361)) - 54252f36-17d3-44da-82d9-c462bd19d858:group-4647CE2A2CE4 set configuration 0: [54252f36-17d3-44da-82d9-c462bd19d858:192.168.157.245:35361, a51c52ab-c67a-438e-9398-785fa2adbd64:192.168.157.245:43951, 5ce445f2-79e2-4057-935d-c7a236a581cd:192.168.157.245:40841], old=null at 0
2019-09-10 21:42:47,386 [grpc-default-executor-9] INFO  impl.RaftServerImpl (ServerState.java:setLeader(263)) - 5ce445f2-79e2-4057-935d-c7a236a581cd:group-4647CE2A2CE4 change Leader from null to 54252f36-17d3-44da-82d9-c462bd19d858 at term 2 for appendEntries, leader elected after 11117ms
2019-09-10 21:42:47,386 [grpc-default-executor-2] INFO  impl.RaftServerImpl (ServerState.java:setLeader(263)) - a51c52ab-c67a-438e-9398-785fa2adbd64:group-4647CE2A2CE4 change Leader from null to 54252f36-17d3-44da-82d9-c462bd19d858 at term 2 for appendEntries, leader elected after 11117ms
2019-09-10 21:42:47,388 [grpc-default-executor-2] INFO  impl.RaftServerImpl (ServerState.java:setRaftConf(361)) - 5ce445f2-79e2-4057-935d-c7a236a581cd:group-4647CE2A2CE4 set configuration 0: [54252f36-17d3-44da-82d9-c462bd19d858:192.168.157.245:35361, a51c52ab-c67a-438e-9398-785fa2adbd64:192.168.157.245:43951, 5ce445f2-79e2-4057-935d-c7a236a581cd:192.168.157.245:40841], old=null at 0
2019-09-10 21:42:47,388 [grpc-default-executor-9] INFO  impl.RaftServerImpl (ServerState.java:setRaftConf(361)) - a51c52ab-c67a-438e-9398-785fa2adbd64:group-4647CE2A2CE4 set configuration 0: [54252f36-17d3-44da-82d9-c462bd19d858:192.168.157.245:35361, a51c52ab-c67a-438e-9398-785fa2adbd64:192.168.157.245:43951, 5ce445f2-79e2-4057-935d-c7a236a581cd:192.168.157.245:40841], old=null at 0
2019-09-10 21:42:47,389 [grpc-default-executor-2] INFO  segmented.SegmentedRaftLogWorker (SegmentedRaftLogWorker.java:startLogSegment(380)) - 5ce445f2-79e2-4057-935d-c7a236a581cd-SegmentedRaftLogWorker:Storage Directory /workdir/hadoop-ozone/integration-test/target/test-dir/MiniOzoneClusterImpl-89ab4714-a06f-49fd-a91c-210e479dc798/datanode-3/data/ratis/b04ac957-915a-453f-a5d9-4647ce2a2ce4: Starting segment from index:0
2019-09-10 21:42:47,389 [grpc-default-executor-9] INFO  segmented.SegmentedRaftLogWorker (SegmentedRaftLogWorker.java:startLogSegment(380)) - a51c52ab-c67a-438e-9398-785fa2adbd64-SegmentedRaftLogWorker:Storage Directory /workdir/hadoop-ozone/integration-test/target/test-dir/MiniOzoneClusterImpl-89ab4714-a06f-49fd-a91c-210e479dc798/datanode-5/data/ratis/b04ac957-915a-453f-a5d9-4647ce2a2ce4: Starting segment from index:0
2019-09-10 21:42:47,396 [54252f36-17d3-44da-82d9-c462bd19d858-SegmentedRaftLogWorker:Storage Directory /workdir/hadoop-ozone/integration-test/target/test-dir/MiniOzoneClusterImpl-89ab4714-a06f-49fd-a91c-210e479dc798/datanode-4/data/ratis/b04ac957-915a-453f-a5d9-4647ce2a2ce4] INFO  segmented.SegmentedRaftLogWorker (SegmentedRaftLogWorker.java:execute(569)) - 54252f36-17d3-44da-82d9-c462bd19d858-SegmentedRaftLogWorker:Storage Directory /workdir/hadoop-ozone/integration-test/target/test-dir/MiniOzoneClusterImpl-89ab4714-a06f-49fd-a91c-210e479dc798/datanode-4/data/ratis/b04ac957-915a-453f-a5d9-4647ce2a2ce4: created new log segment /workdir/hadoop-ozone/integration-test/target/test-dir/MiniOzoneClusterImpl-89ab4714-a06f-49fd-a91c-210e479dc798/datanode-4/data/ratis/b04ac957-915a-453f-a5d9-4647ce2a2ce4/current/log_inprogress_0
2019-09-10 21:42:47,445 [5ce445f2-79e2-4057-935d-c7a236a581cd-SegmentedRaftLogWorker:Storage Directory /workdir/hadoop-ozone/integration-test/target/test-dir/MiniOzoneClusterImpl-89ab4714-a06f-49fd-a91c-210e479dc798/datanode-3/data/ratis/b04ac957-915a-453f-a5d9-4647ce2a2ce4] INFO  segmented.SegmentedRaftLogWorker (SegmentedRaftLogWorker.java:execute(569)) - 5ce445f2-79e2-4057-935d-c7a236a581cd-SegmentedRaftLogWorker:Storage Directory /workdir/hadoop-ozone/integration-test/target/test-dir/MiniOzoneClusterImpl-89ab4714-a06f-49fd-a91c-210e479dc798/datanode-3/data/ratis/b04ac957-915a-453f-a5d9-4647ce2a2ce4: created new log segment /workdir/hadoop-ozone/integration-test/target/test-dir/MiniOzoneClusterImpl-89ab4714-a06f-49fd-a91c-210e479dc798/datanode-3/data/ratis/b04ac957-915a-453f-a5d9-4647ce2a2ce4/current/log_inprogress_0
2019-09-10 21:42:47,445 [a51c52ab-c67a-438e-9398-785fa2adbd64-SegmentedRaftLogWorker:Storage Directory /workdir/hadoop-ozone/integration-test/target/test-dir/MiniOzoneClusterImpl-89ab4714-a06f-49fd-a91c-210e479dc798/datanode-5/data/ratis/b04ac957-915a-453f-a5d9-4647ce2a2ce4] INFO  segmented.SegmentedRaftLogWorker (SegmentedRaftLogWorker.java:execute(569)) - a51c52ab-c67a-438e-9398-785fa2adbd64-SegmentedRaftLogWorker:Storage Directory /workdir/hadoop-ozone/integration-test/target/test-dir/MiniOzoneClusterImpl-89ab4714-a06f-49fd-a91c-210e479dc798/datanode-5/data/ratis/b04ac957-915a-453f-a5d9-4647ce2a2ce4: created new log segment /workdir/hadoop-ozone/integration-test/target/test-dir/MiniOzoneClusterImpl-89ab4714-a06f-49fd-a91c-210e479dc798/datanode-5/data/ratis/b04ac957-915a-453f-a5d9-4647ce2a2ce4/current/log_inprogress_0
2019-09-10 21:42:47,539 [grpc-default-executor-9] INFO  client.GrpcClientProtocolClient (GrpcClientProtocolClient.java:onNext(255)) - client-72FA98D339D5->5ce445f2-79e2-4057-935d-c7a236a581cd: receive RaftClientReply:client-72FA98D339D5->5ce445f2-79e2-4057-935d-c7a236a581cd@group-4647CE2A2CE4, cid=182, FAILED org.apache.ratis.protocol.NotLeaderException: Server 5ce445f2-79e2-4057-935d-c7a236a581cd is not the leader (54252f36-17d3-44da-82d9-c462bd19d858:192.168.157.245:35361). Request must be sent to leader., logIndex=0, commits[5ce445f2-79e2-4057-935d-c7a236a581cd:c-1, 54252f36-17d3-44da-82d9-c462bd19d858:c-1, a51c52ab-c67a-438e-9398-785fa2adbd64:c-1]
2019-09-10 21:42:47,703 [grpc-default-executor-2] INFO  client.GrpcClientProtocolClient (GrpcClientProtocolClient.java:onNext(255)) - client-72FA98D339D5->54252f36-17d3-44da-82d9-c462bd19d858: receive RaftClientReply:client-72FA98D339D5->54252f36-17d3-44da-82d9-c462bd19d858@group-4647CE2A2CE4, cid=182, SUCCESS, logIndex=1, commits[54252f36-17d3-44da-82d9-c462bd19d858:c1, a51c52ab-c67a-438e-9398-785fa2adbd64:c0, 5ce445f2-79e2-4057-935d-c7a236a581cd:c0]
2019-09-10 21:42:47,722 [grpc-default-executor-2] INFO  client.GrpcClientProtocolClient (GrpcClientProtocolClient.java:onNext(255)) - client-72FA98D339D5->54252f36-17d3-44da-82d9-c462bd19d858: receive RaftClientReply:client-72FA98D339D5->54252f36-17d3-44da-82d9-c462bd19d858@group-4647CE2A2CE4, cid=183, SUCCESS, logIndex=3, commits[54252f36-17d3-44da-82d9-c462bd19d858:c4, a51c52ab-c67a-438e-9398-785fa2adbd64:c2, 5ce445f2-79e2-4057-935d-c7a236a581cd:c2]
2019-09-10 21:42:47,827 [grpc-default-executor-11] INFO  client.GrpcClientProtocolClient (GrpcClientProtocolClient.java:onNext(255)) - client-72FA98D339D5->54252f36-17d3-44da-82d9-c462bd19d858: receive RaftClientReply:client-72FA98D339D5->54252f36-17d3-44da-82d9-c462bd19d858@group-4647CE2A2CE4, cid=184, SUCCESS, logIndex=4, commits[54252f36-17d3-44da-82d9-c462bd19d858:c11, a51c52ab-c67a-438e-9398-785fa2adbd64:c7, 5ce445f2-79e2-4057-935d-c7a236a581cd:c7]
2019-09-10 21:42:47,831 [grpc-default-executor-11] INFO  client.GrpcClientProtocolClient (GrpcClientProtocolClient.java:onNext(255)) - client-72FA98D339D5->54252f36-17d3-44da-82d9-c462bd19d858: receive RaftClientReply:client-72FA98D339D5->54252f36-17d3-44da-82d9-c462bd19d858@group-4647CE2A2CE4, cid=185, SUCCESS, logIndex=5, commits[54252f36-17d3-44da-82d9-c462bd19d858:c11, a51c52ab-c67a-438e-9398-785fa2adbd64:c7, 5ce445f2-79e2-4057-935d-c7a236a581cd:c7]
2019-09-10 21:42:47,832 [grpc-default-executor-11] INFO  client.GrpcClientProtocolClient (GrpcClientProtocolClient.java:onNext(255)) - client-72FA98D339D5->54252f36-17d3-44da-82d9-c462bd19d858: receive RaftClientReply:client-72FA98D339D5->54252f36-17d3-44da-82d9-c462bd19d858@group-4647CE2A2CE4, cid=186, SUCCESS, logIndex=6, commits[54252f36-17d3-44da-82d9-c462bd19d858:c11, a51c52ab-c67a-438e-9398-785fa2adbd64:c7, 5ce445f2-79e2-4057-935d-c7a236a581cd:c7]
2019-09-10 21:42:47,943 [grpc-default-executor-11] INFO  client.GrpcClientProtocolClient (GrpcClientProtocolClient.java:onNext(255)) - client-72FA98D339D5->54252f36-17d3-44da-82d9-c462bd19d858: receive RaftClientReply:client-72FA98D339D5->54252f36-17d3-44da-82d9-c462bd19d858@group-4647CE2A2CE4, cid=187, SUCCESS, logIndex=7, commits[54252f36-17d3-44da-82d9-c462bd19d858:c11, a51c52ab-c67a-438e-9398-785fa2adbd64:c7, 5ce445f2-79e2-4057-935d-c7a236a581cd:c7]
2019-09-10 21:42:47,974 [grpc-default-executor-11] INFO  client.GrpcClientProtocolClient (GrpcClientProtocolClient.java:onNext(255)) - client-72FA98D339D5->54252f36-17d3-44da-82d9-c462bd19d858: receive RaftClientReply:client-72FA98D339D5->54252f36-17d3-44da-82d9-c462bd19d858@group-4647CE2A2CE4, cid=188, SUCCESS, logIndex=12, commits[54252f36-17d3-44da-82d9-c462bd19d858:c13, a51c52ab-c67a-438e-9398-785fa2adbd64:c11, 5ce445f2-79e2-4057-935d-c7a236a581cd:c11]
2019-09-10 21:42:47,975 [grpc-default-executor-11] INFO  client.GrpcClientProtocolClient (GrpcClientProtocolClient.java:onNext(255)) - client-72FA98D339D5->54252f36-17d3-44da-82d9-c462bd19d858: receive RaftClientReply:client-72FA98D339D5->54252f36-17d3-44da-82d9-c462bd19d858@group-4647CE2A2CE4, cid=189, SUCCESS, logIndex=13, commits[54252f36-17d3-44da-82d9-c462bd19d858:c13, a51c52ab-c67a-438e-9398-785fa2adbd64:c11, 5ce445f2-79e2-4057-935d-c7a236a581cd:c11]
2019-09-10 21:42:48,017 [grpc-default-executor-11] INFO  client.GrpcClientProtocolClient (GrpcClientProtocolClient.java:onNext(255)) - client-72FA98D339D5->54252f36-17d3-44da-82d9-c462bd19d858: receive RaftClientReply:client-72FA98D339D5->54252f36-17d3-44da-82d9-c462bd19d858@group-4647CE2A2CE4, cid=190, SUCCESS, logIndex=0, commits[54252f36-17d3-44da-82d9-c462bd19d858:c14, a51c52ab-c67a-438e-9398-785fa2adbd64:c13, 5ce445f2-79e2-4057-935d-c7a236a581cd:c13]
2019-09-10 21:42:48,693 [Datanode State Machine Thread - 0] INFO  statemachine.DatanodeStateMachine (DatanodeStateMachine.java:lambda$startDaemon$0(350)) - Ozone container server started.
2019-09-10 21:42:52,743 [EventQueue-StaleNodeForStaleNodeHandler] INFO  node.StaleNodeHandler (StaleNodeHandler.java:onMessage(58)) - Datanode 54252f36-17d3-44da-82d9-c462bd19d858{ip: 192.168.157.245, host: pr-hdds-2007-wqvw6-2944049611, networkLocation: /default-rack, certSerialId: null} moved to stale state. Finalizing its pipelines [PipelineID=c2466790-c761-49ac-8b45-b85ab36ea1fc, PipelineID=b04ac957-915a-453f-a5d9-4647ce2a2ce4]
2019-09-10 21:42:52,743 [EventQueue-StaleNodeForStaleNodeHandler] INFO  pipeline.SCMPipelineManager (SCMPipelineManager.java:finalizeAndDestroyPipeline(311)) - destroying pipeline:Pipeline[ Id: c2466790-c761-49ac-8b45-b85ab36ea1fc, Nodes: 54252f36-17d3-44da-82d9-c462bd19d858{ip: 192.168.157.245, host: pr-hdds-2007-wqvw6-2944049611, networkLocation: /default-rack, certSerialId: null}, Type:RATIS, Factor:ONE, State:OPEN]
2019-09-10 21:42:52,744 [EventQueue-StaleNodeForStaleNodeHandler] INFO  pipeline.PipelineStateManager (PipelineStateManager.java:finalizePipeline(123)) - Pipeline Pipeline[ Id: c2466790-c761-49ac-8b45-b85ab36ea1fc, Nodes: 54252f36-17d3-44da-82d9-c462bd19d858{ip: 192.168.157.245, host: pr-hdds-2007-wqvw6-2944049611, networkLocation: /default-rack, certSerialId: null}, Type:RATIS, Factor:ONE, State:CLOSED] moved to CLOSED state
2019-09-10 21:42:52,744 [EventQueue-StaleNodeForStaleNodeHandler] INFO  pipeline.SCMPipelineManager (SCMPipelineManager.java:finalizeAndDestroyPipeline(311)) - destroying pipeline:Pipeline[ Id: b04ac957-915a-453f-a5d9-4647ce2a2ce4, Nodes: 54252f36-17d3-44da-82d9-c462bd19d858{ip: 192.168.157.245, host: pr-hdds-2007-wqvw6-2944049611, networkLocation: /default-rack, certSerialId: null}5ce445f2-79e2-4057-935d-c7a236a581cd{ip: 192.168.157.245, host: pr-hdds-2007-wqvw6-2944049611, networkLocation: /default-rack, certSerialId: null}a51c52ab-c67a-438e-9398-785fa2adbd64{ip: 192.168.157.245, host: pr-hdds-2007-wqvw6-2944049611, networkLocation: /default-rack, certSerialId: null}, Type:RATIS, Factor:THREE, State:OPEN]
2019-09-10 21:42:52,744 [EventQueue-StaleNodeForStaleNodeHandler] INFO  pipeline.PipelineStateManager (PipelineStateManager.java:finalizePipeline(123)) - Pipeline Pipeline[ Id: b04ac957-915a-453f-a5d9-4647ce2a2ce4, Nodes: 54252f36-17d3-44da-82d9-c462bd19d858{ip: 192.168.157.245, host: pr-hdds-2007-wqvw6-2944049611, networkLocation: /default-rack, certSerialId: null}5ce445f2-79e2-4057-935d-c7a236a581cd{ip: 192.168.157.245, host: pr-hdds-2007-wqvw6-2944049611, networkLocation: /default-rack, certSerialId: null}a51c52ab-c67a-438e-9398-785fa2adbd64{ip: 192.168.157.245, host: pr-hdds-2007-wqvw6-2944049611, networkLocation: /default-rack, certSerialId: null}, Type:RATIS, Factor:THREE, State:CLOSED] moved to CLOSED state
2019-09-10 21:42:52,745 [EventQueue-CloseContainerForCloseContainerEventHandler] INFO  container.CloseContainerEventHandler (CloseContainerEventHandler.java:onMessage(61)) - Close container Event triggered for container : #1
2019-09-10 21:42:53,022 [main] INFO  ozoneimpl.OzoneContainer (OzoneContainer.java:stop(215)) - Attempting to stop container services.
2019-09-10 21:42:53,023 [main] INFO  impl.RaftServerProxy (RaftServerProxy.java:lambda$close$4(314)) - 54252f36-17d3-44da-82d9-c462bd19d858: close
2019-09-10 21:42:53,023 [main] INFO  impl.RaftServerImpl (RaftServerImpl.java:lambda$shutdown$3(245)) - 54252f36-17d3-44da-82d9-c462bd19d858: shutdown group-B85AB36EA1FC
2019-09-10 21:42:53,024 [ForkJoinPool.commonPool-worker-1] INFO  impl.RaftServerImpl (RaftServerImpl.java:lambda$shutdown$3(245)) - 54252f36-17d3-44da-82d9-c462bd19d858: shutdown group-4647CE2A2CE4
2019-09-10 21:42:53,024 [main] INFO  util.JmxRegister (JmxRegister.java:unregister(73)) - Successfully un-registered JMX Bean with object name Ratis:service=RaftServer,group=group-B85AB36EA1FC,id=54252f36-17d3-44da-82d9-c462bd19d858
2019-09-10 21:42:53,024 [ForkJoinPool.commonPool-worker-1] INFO  util.JmxRegister (JmxRegister.java:unregister(73)) - Successfully un-registered JMX Bean with object name Ratis:service=RaftServer,group=group-4647CE2A2CE4,id=54252f36-17d3-44da-82d9-c462bd19d858
2019-09-10 21:42:53,025 [main] INFO  impl.RoleInfo (RoleInfo.java:shutdownLeaderState(104)) - 54252f36-17d3-44da-82d9-c462bd19d858: shutdown LeaderState
2019-09-10 21:42:53,025 [ForkJoinPool.commonPool-worker-1] INFO  impl.RoleInfo (RoleInfo.java:shutdownLeaderState(104)) - 54252f36-17d3-44da-82d9-c462bd19d858: shutdown LeaderState
2019-09-10 21:42:53,025 [main] INFO  impl.PendingRequests (PendingRequests.java:sendNotLeaderResponses(202)) - 54252f36-17d3-44da-82d9-c462bd19d858-PendingRequests: sendNotLeaderResponses
2019-09-10 21:42:53,030 [org.apache.ratis.server.impl.LogAppender$AppenderDaemon$$Lambda$508/1205554514@7a6c128b] WARN  server.GrpcLogAppender (GrpcLogAppender.java:mayWait(143)) - GrpcLogAppender(54252f36-17d3-44da-82d9-c462bd19d858->a51c52ab-c67a-438e-9398-785fa2adbd64): Wait interrupted by java.lang.InterruptedException
2019-09-10 21:42:53,030 [org.apache.ratis.server.impl.LogAppender$AppenderDaemon$$Lambda$508/1205554514@3f6e93a2] WARN  server.GrpcLogAppender (GrpcLogAppender.java:mayWait(143)) - GrpcLogAppender(54252f36-17d3-44da-82d9-c462bd19d858->5ce445f2-79e2-4057-935d-c7a236a581cd): Wait interrupted by java.lang.InterruptedException
2019-09-10 21:42:53,030 [ForkJoinPool.commonPool-worker-1] INFO  impl.PendingRequests (PendingRequests.java:sendNotLeaderResponses(202)) - 54252f36-17d3-44da-82d9-c462bd19d858-PendingRequests: sendNotLeaderResponses
2019-09-10 21:42:53,030 [main] INFO  impl.StateMachineUpdater (StateMachineUpdater.java:stopAndJoin(115)) - StateMachineUpdater:54252f36-17d3-44da-82d9-c462bd19d858:group-B85AB36EA1FC: set stopIndex = 0
2019-09-10 21:42:53,035 [ForkJoinPool.commonPool-worker-1] INFO  impl.StateMachineUpdater (StateMachineUpdater.java:stopAndJoin(115)) - StateMachineUpdater:54252f36-17d3-44da-82d9-c462bd19d858:group-4647CE2A2CE4: set stopIndex = 15
2019-09-10 21:42:53,031 [grpc-default-executor-9] INFO  server.GrpcServerProtocolService (GrpcServerProtocolService.java:onCompleted(104)) - 5ce445f2-79e2-4057-935d-c7a236a581cd: appendEntries completed
2019-09-10 21:42:53,030 [grpc-default-executor-11] INFO  server.GrpcServerProtocolService (GrpcServerProtocolService.java:onCompleted(104)) - a51c52ab-c67a-438e-9398-785fa2adbd64: appendEntries completed
2019-09-10 21:42:53,035 [StateMachineUpdater:54252f36-17d3-44da-82d9-c462bd19d858:group-4647CE2A2CE4] INFO  ratis.ContainerStateMachine (ContainerStateMachine.java:takeSnapshot(284)) - group-4647CE2A2CE4: Taking a snapshot at:(t:2, i:13) file /workdir/hadoop-ozone/integration-test/target/test-dir/MiniOzoneClusterImpl-89ab4714-a06f-49fd-a91c-210e479dc798/datanode-4/data/ratis/b04ac957-915a-453f-a5d9-4647ce2a2ce4/sm/snapshot.2_13
2019-09-10 21:42:53,035 [main] INFO  impl.RaftServerImpl (ServerState.java:close(394)) - 54252f36-17d3-44da-82d9-c462bd19d858:group-B85AB36EA1FC closes. The last applied log index is 0
2019-09-10 21:42:53,036 [grpc-default-executor-9] INFO  server.GrpcLogAppender (GrpcLogAppender.java:onCompleted(292)) - 54252f36-17d3-44da-82d9-c462bd19d858->a51c52ab-c67a-438e-9398-785fa2adbd64: follower responses appendEntries COMPLETED
2019-09-10 21:42:53,036 [grpc-default-executor-11] INFO  server.GrpcLogAppender (GrpcLogAppender.java:onCompleted(292)) - 54252f36-17d3-44da-82d9-c462bd19d858->5ce445f2-79e2-4057-935d-c7a236a581cd: follower responses appendEntries COMPLETED
2019-09-10 21:42:53,037 [grpc-default-executor-9] INFO  impl.FollowerInfo (FollowerInfo.java:lambda$new$0(50)) - 54252f36-17d3-44da-82d9-c462bd19d858->a51c52ab-c67a-438e-9398-785fa2adbd64: nextIndex: updateUnconditionally 16 -> 15
2019-09-10 21:42:53,036 [54252f36-17d3-44da-82d9-c462bd19d858-SegmentedRaftLogWorker:Storage Directory /workdir/hadoop-ozone/integration-test/target/test-dir/MiniOzoneClusterImpl-89ab4714-a06f-49fd-a91c-210e479dc798/datanode-4/data/ratis/c2466790-c761-49ac-8b45-b85ab36ea1fc] INFO  segmented.SegmentedRaftLogWorker (SegmentedRaftLogWorker.java:run(313)) - 54252f36-17d3-44da-82d9-c462bd19d858-SegmentedRaftLogWorker:Storage Directory /workdir/hadoop-ozone/integration-test/target/test-dir/MiniOzoneClusterImpl-89ab4714-a06f-49fd-a91c-210e479dc798/datanode-4/data/ratis/c2466790-c761-49ac-8b45-b85ab36ea1fc was interrupted, exiting. There are 0 tasks remaining in the queue.
2019-09-10 21:42:53,037 [grpc-default-executor-11] INFO  impl.FollowerInfo (FollowerInfo.java:lambda$new$0(50)) - 54252f36-17d3-44da-82d9-c462bd19d858->5ce445f2-79e2-4057-935d-c7a236a581cd: nextIndex: updateUnconditionally 16 -> 15
2019-09-10 21:42:53,048 [main] INFO  segmented.SegmentedRaftLogWorker (SegmentedRaftLogWorker.java:close(228)) - 54252f36-17d3-44da-82d9-c462bd19d858-SegmentedRaftLogWorker:Storage Directory /workdir/hadoop-ozone/integration-test/target/test-dir/MiniOzoneClusterImpl-89ab4714-a06f-49fd-a91c-210e479dc798/datanode-4/data/ratis/c2466790-c761-49ac-8b45-b85ab36ea1fc close()
2019-09-10 21:42:53,054 [StateMachineUpdater:54252f36-17d3-44da-82d9-c462bd19d858:group-4647CE2A2CE4] INFO  ratis.ContainerStateMachine (ContainerStateMachine.java:takeSnapshot(295)) - group-4647CE2A2CE4: Finished taking a snapshot at:(t:2, i:13) file:/workdir/hadoop-ozone/integration-test/target/test-dir/MiniOzoneClusterImpl-89ab4714-a06f-49fd-a91c-210e479dc798/datanode-4/data/ratis/b04ac957-915a-453f-a5d9-4647ce2a2ce4/sm/snapshot.2_13 time:17
2019-09-10 21:42:53,054 [StateMachineUpdater:54252f36-17d3-44da-82d9-c462bd19d858:group-4647CE2A2CE4] INFO  impl.StateMachineUpdater (StateMachineUpdater.java:takeSnapshot(242)) - StateMachineUpdater:54252f36-17d3-44da-82d9-c462bd19d858:group-4647CE2A2CE4: Took a snapshot at index 13
2019-09-10 21:42:53,054 [StateMachineUpdater:54252f36-17d3-44da-82d9-c462bd19d858:group-4647CE2A2CE4] INFO  impl.StateMachineUpdater (StateMachineUpdater.java:lambda$new$0(80)) - StateMachineUpdater:54252f36-17d3-44da-82d9-c462bd19d858:group-4647CE2A2CE4: snapshotIndex: updateIncreasingly -1 -> 13
2019-09-10 21:42:53,054 [ForkJoinPool.commonPool-worker-1] INFO  impl.RaftServerImpl (ServerState.java:close(394)) - 54252f36-17d3-44da-82d9-c462bd19d858:group-4647CE2A2CE4 closes. The last applied log index is 15
2019-09-10 21:42:53,055 [54252f36-17d3-44da-82d9-c462bd19d858-SegmentedRaftLogWorker:Storage Directory /workdir/hadoop-ozone/integration-test/target/test-dir/MiniOzoneClusterImpl-89ab4714-a06f-49fd-a91c-210e479dc798/datanode-4/data/ratis/b04ac957-915a-453f-a5d9-4647ce2a2ce4] INFO  segmented.SegmentedRaftLogWorker (SegmentedRaftLogWorker.java:run(313)) - 54252f36-17d3-44da-82d9-c462bd19d858-SegmentedRaftLogWorker:Storage Directory /workdir/hadoop-ozone/integration-test/target/test-dir/MiniOzoneClusterImpl-89ab4714-a06f-49fd-a91c-210e479dc798/datanode-4/data/ratis/b04ac957-915a-453f-a5d9-4647ce2a2ce4 was interrupted, exiting. There are 0 tasks remaining in the queue.
2019-09-10 21:42:53,057 [ForkJoinPool.commonPool-worker-1] INFO  segmented.SegmentedRaftLogWorker (SegmentedRaftLogWorker.java:close(228)) - 54252f36-17d3-44da-82d9-c462bd19d858-SegmentedRaftLogWorker:Storage Directory /workdir/hadoop-ozone/integration-test/target/test-dir/MiniOzoneClusterImpl-89ab4714-a06f-49fd-a91c-210e479dc798/datanode-4/data/ratis/b04ac957-915a-453f-a5d9-4647ce2a2ce4 close()
2019-09-10 21:42:53,060 [main] INFO  server.GrpcService (GrpcService.java:closeImpl(155)) - 54252f36-17d3-44da-82d9-c462bd19d858: shutdown server with port 35361 now
2019-09-10 21:42:53,061 [grpc-default-executor-9] WARN  client.GrpcClientProtocolService (LogUtils.java:warn(134)) - 6-UnorderedRequestStreamObserver6: onError: org.apache.ratis.thirdparty.io.grpc.StatusRuntimeException: CANCELLED: cancelled before receiving half close
2019-09-10 21:42:53,062 [main] INFO  server.GrpcService (GrpcService.java:closeImpl(163)) - 54252f36-17d3-44da-82d9-c462bd19d858: shutdown server with port 35361 successfully
2019-09-10 21:42:53,063 [refreshUsed-/workdir/hadoop-ozone/integration-test/target/test-dir/MiniOzoneClusterImpl-89ab4714-a06f-49fd-a91c-210e479dc798/datanode-4/data/containers] WARN  fs.CachingGetSpaceUsed (CachingGetSpaceUsed.java:run(183)) - Thread Interrupted waiting to refresh disk information: sleep interrupted
2019-09-10 21:42:53,079 [main] INFO  utils.BackgroundService (BackgroundService.java:shutdown(148)) - Shutting down service BlockDeletingService
2019-09-10 21:42:53,085 [main] INFO  statemachine.DatanodeStateMachine (DatanodeStateMachine.java:stopDaemon(395)) - Ozone container server stopped.
2019-09-10 21:42:53,086 [main] INFO  handler.ContextHandler (ContextHandler.java:doStop(910)) - Stopped o.e.j.w.WebAppContext@32ab408e{/,null,UNAVAILABLE}{/hddsDatanode}
2019-09-10 21:42:53,086 [main] INFO  server.AbstractConnector (AbstractConnector.java:doStop(318)) - Stopped ServerConnector@6ad6443{HTTP/1.1,[http/1.1]}{0.0.0.0:0}
2019-09-10 21:42:53,087 [main] INFO  handler.ContextHandler (ContextHandler.java:doStop(910)) - Stopped o.e.j.s.ServletContextHandler@1eeb5818{/static,jar:file:/home/user/.m2/repository/org/apache/hadoop/hadoop-hdds-container-service/0.5.0-SNAPSHOT/hadoop-hdds-container-service-0.5.0-SNAPSHOT.jar!/webapps/static,UNAVAILABLE}
2019-09-10 21:42:53,087 [main] INFO  handler.ContextHandler (ContextHandler.java:doStop(910)) - Stopped o.e.j.s.ServletContextHandler@681e913c{/logs,file:///workdir/hadoop-ozone/integration-test/target/log,UNAVAILABLE}
2019-09-10 21:42:55,098 [grpc-default-executor-9] INFO  client.GrpcClientProtocolClient (GrpcClientProtocolClient.java:onNext(255)) - client-72FA98D339D5->a51c52ab-c67a-438e-9398-785fa2adbd64: receive RaftClientReply:client-72FA98D339D5->a51c52ab-c67a-438e-9398-785fa2adbd64@group-4647CE2A2CE4, cid=191, FAILED org.apache.ratis.protocol.NotLeaderException: Server a51c52ab-c67a-438e-9398-785fa2adbd64 is not the leader (54252f36-17d3-44da-82d9-c462bd19d858:192.168.157.245:35361). Request must be sent to leader., logIndex=0, commits[a51c52ab-c67a-438e-9398-785fa2adbd64:c15, 54252f36-17d3-44da-82d9-c462bd19d858:c15, 5ce445f2-79e2-4057-935d-c7a236a581cd:c15]
2019-09-10 21:42:56,109 [grpc-default-executor-2] INFO  client.GrpcClientProtocolClient (GrpcClientProtocolClient.java:onNext(255)) - client-72FA98D339D5->5ce445f2-79e2-4057-935d-c7a236a581cd: receive RaftClientReply:client-72FA98D339D5->5ce445f2-79e2-4057-935d-c7a236a581cd@group-4647CE2A2CE4, cid=191, FAILED org.apache.ratis.protocol.NotLeaderException: Server 5ce445f2-79e2-4057-935d-c7a236a581cd is not the leader (54252f36-17d3-44da-82d9-c462bd19d858:192.168.157.245:35361). Request must be sent to leader., logIndex=0, commits[5ce445f2-79e2-4057-935d-c7a236a581cd:c15, 54252f36-17d3-44da-82d9-c462bd19d858:c15, a51c52ab-c67a-438e-9398-785fa2adbd64:c15]
2019-09-10 21:42:57,124 [grpc-default-executor-9] INFO  client.GrpcClientProtocolClient (GrpcClientProtocolClient.java:onNext(255)) - client-72FA98D339D5->a51c52ab-c67a-438e-9398-785fa2adbd64: receive RaftClientReply:client-72FA98D339D5->a51c52ab-c67a-438e-9398-785fa2adbd64@group-4647CE2A2CE4, cid=191, FAILED org.apache.ratis.protocol.NotLeaderException: Server a51c52ab-c67a-438e-9398-785fa2adbd64 is not the leader (54252f36-17d3-44da-82d9-c462bd19d858:192.168.157.245:35361). Request must be sent to leader., logIndex=0, commits[a51c52ab-c67a-438e-9398-785fa2adbd64:c15, 54252f36-17d3-44da-82d9-c462bd19d858:c15, 5ce445f2-79e2-4057-935d-c7a236a581cd:c15]
2019-09-10 21:42:58,142 [grpc-default-executor-9] INFO  client.GrpcClientProtocolClient (GrpcClientProtocolClient.java:onNext(255)) - client-72FA98D339D5->a51c52ab-c67a-438e-9398-785fa2adbd64: receive RaftClientReply:client-72FA98D339D5->a51c52ab-c67a-438e-9398-785fa2adbd64@group-4647CE2A2CE4, cid=191, FAILED org.apache.ratis.protocol.NotLeaderException: Server a51c52ab-c67a-438e-9398-785fa2adbd64 is not the leader (54252f36-17d3-44da-82d9-c462bd19d858:192.168.157.245:35361). Request must be sent to leader., logIndex=0, commits[a51c52ab-c67a-438e-9398-785fa2adbd64:c15, 54252f36-17d3-44da-82d9-c462bd19d858:c15, 5ce445f2-79e2-4057-935d-c7a236a581cd:c15]
2019-09-10 21:42:59,163 [grpc-default-executor-11] INFO  client.GrpcClientProtocolClient (GrpcClientProtocolClient.java:onNext(255)) - client-72FA98D339D5->5ce445f2-79e2-4057-935d-c7a236a581cd: receive RaftClientReply:client-72FA98D339D5->5ce445f2-79e2-4057-935d-c7a236a581cd@group-4647CE2A2CE4, cid=191, FAILED org.apache.ratis.protocol.NotLeaderException: Server 5ce445f2-79e2-4057-935d-c7a236a581cd is not the leader (54252f36-17d3-44da-82d9-c462bd19d858:192.168.157.245:35361). Request must be sent to leader., logIndex=0, commits[5ce445f2-79e2-4057-935d-c7a236a581cd:c15, 54252f36-17d3-44da-82d9-c462bd19d858:c15, a51c52ab-c67a-438e-9398-785fa2adbd64:c15]
2019-09-10 21:43:00,178 [grpc-default-executor-11] INFO  client.GrpcClientProtocolClient (GrpcClientProtocolClient.java:onNext(255)) - client-72FA98D339D5->5ce445f2-79e2-4057-935d-c7a236a581cd: receive RaftClientReply:client-72FA98D339D5->5ce445f2-79e2-4057-935d-c7a236a581cd@group-4647CE2A2CE4, cid=191, FAILED org.apache.ratis.protocol.NotLeaderException: Server 5ce445f2-79e2-4057-935d-c7a236a581cd is not the leader (54252f36-17d3-44da-82d9-c462bd19d858:192.168.157.245:35361). Request must be sent to leader., logIndex=0, commits[5ce445f2-79e2-4057-935d-c7a236a581cd:c15, 54252f36-17d3-44da-82d9-c462bd19d858:c15, a51c52ab-c67a-438e-9398-785fa2adbd64:c15]
2019-09-10 21:43:01,208 [grpc-default-executor-2] INFO  client.GrpcClientProtocolClient (GrpcClientProtocolClient.java:onNext(255)) - client-72FA98D339D5->a51c52ab-c67a-438e-9398-785fa2adbd64: receive RaftClientReply:client-72FA98D339D5->a51c52ab-c67a-438e-9398-785fa2adbd64@group-4647CE2A2CE4, cid=191, FAILED org.apache.ratis.protocol.NotLeaderException: Server a51c52ab-c67a-438e-9398-785fa2adbd64 is not the leader (54252f36-17d3-44da-82d9-c462bd19d858:192.168.157.245:35361). Request must be sent to leader., logIndex=0, commits[a51c52ab-c67a-438e-9398-785fa2adbd64:c15, 54252f36-17d3-44da-82d9-c462bd19d858:c15, 5ce445f2-79e2-4057-935d-c7a236a581cd:c15]
2019-09-10 21:43:02,229 [grpc-default-executor-9] INFO  client.GrpcClientProtocolClient (GrpcClientProtocolClient.java:onNext(255)) - client-72FA98D339D5->a51c52ab-c67a-438e-9398-785fa2adbd64: receive RaftClientReply:client-72FA98D339D5->a51c52ab-c67a-438e-9398-785fa2adbd64@group-4647CE2A2CE4, cid=191, FAILED org.apache.ratis.protocol.NotLeaderException: Server a51c52ab-c67a-438e-9398-785fa2adbd64 is not the leader (54252f36-17d3-44da-82d9-c462bd19d858:192.168.157.245:35361). Request must be sent to leader., logIndex=0, commits[a51c52ab-c67a-438e-9398-785fa2adbd64:c15, 54252f36-17d3-44da-82d9-c462bd19d858:c15, 5ce445f2-79e2-4057-935d-c7a236a581cd:c15]
2019-09-10 21:43:02,502 [Thread-3728] INFO  impl.FollowerState (FollowerState.java:run(106)) - 5ce445f2-79e2-4057-935d-c7a236a581cd:group-4647CE2A2CE4 changes to CANDIDATE, lastRpcTime:9480, electionTimeout:5010ms
2019-09-10 21:43:02,503 [Thread-3728] INFO  impl.RoleInfo (RoleInfo.java:shutdownFollowerState(121)) - 5ce445f2-79e2-4057-935d-c7a236a581cd: shutdown FollowerState
2019-09-10 21:43:02,503 [Thread-3728] INFO  impl.RaftServerImpl (RaftServerImpl.java:setRole(171)) - 5ce445f2-79e2-4057-935d-c7a236a581cd:group-4647CE2A2CE4 changes role from FOLLOWER to CANDIDATE at term 2 for changeToCandidate
2019-09-10 21:43:02,503 [Thread-3728] INFO  impl.RoleInfo (RoleInfo.java:updateAndGet(143)) - 5ce445f2-79e2-4057-935d-c7a236a581cd: start LeaderElection
2019-09-10 21:43:02,504 [5ce445f2-79e2-4057-935d-c7a236a581cd:group-4647CE2A2CE4:LeaderElection86] INFO  impl.RaftServerImpl (ServerState.java:setLeader(263)) - 5ce445f2-79e2-4057-935d-c7a236a581cd:group-4647CE2A2CE4 change Leader from 54252f36-17d3-44da-82d9-c462bd19d858 to null at term 2 for initElection
2019-09-10 21:43:02,518 [5ce445f2-79e2-4057-935d-c7a236a581cd:group-4647CE2A2CE4:LeaderElection86] INFO  impl.LeaderElection (LeaderElection.java:askForVotes(181)) - 5ce445f2-79e2-4057-935d-c7a236a581cd:group-4647CE2A2CE4:LeaderElection86: begin an election at term 3 for 0: [54252f36-17d3-44da-82d9-c462bd19d858:192.168.157.245:35361, a51c52ab-c67a-438e-9398-785fa2adbd64:192.168.157.245:43951, 5ce445f2-79e2-4057-935d-c7a236a581cd:192.168.157.245:40841], old=null
2019-09-10 21:43:02,521 [5ce445f2-79e2-4057-935d-c7a236a581cd:group-4647CE2A2CE4:LeaderElection86] INFO  impl.LeaderElection (LogUtils.java:infoOrTrace(149)) - 5ce445f2-79e2-4057-935d-c7a236a581cd:group-4647CE2A2CE4:LeaderElection86 got exception when requesting votes: {}
java.util.concurrent.ExecutionException: org.apache.ratis.thirdparty.io.grpc.StatusRuntimeException: UNAVAILABLE: io exception
	at java.util.concurrent.FutureTask.report(FutureTask.java:122)
	at java.util.concurrent.FutureTask.get(FutureTask.java:192)
	at org.apache.ratis.server.impl.LeaderElection.waitForResults(LeaderElection.java:262)
	at org.apache.ratis.server.impl.LeaderElection.askForVotes(LeaderElection.java:200)
	at org.apache.ratis.server.impl.LeaderElection.run(LeaderElection.java:130)
	at java.lang.Thread.run(Thread.java:748)
Caused by: org.apache.ratis.thirdparty.io.grpc.StatusRuntimeException: UNAVAILABLE: io exception
	at org.apache.ratis.thirdparty.io.grpc.stub.ClientCalls.toStatusRuntimeException(ClientCalls.java:233)
	at org.apache.ratis.thirdparty.io.grpc.stub.ClientCalls.getUnchecked(ClientCalls.java:214)
	at org.apache.ratis.thirdparty.io.grpc.stub.ClientCalls.blockingUnaryCall(ClientCalls.java:139)
	at org.apache.ratis.proto.grpc.RaftServerProtocolServiceGrpc$RaftServerProtocolServiceBlockingStub.requestVote(RaftServerProtocolServiceGrpc.java:265)
	at org.apache.ratis.grpc.server.GrpcServerProtocolClient.requestVote(GrpcServerProtocolClient.java:83)
	at org.apache.ratis.grpc.server.GrpcService.requestVote(GrpcService.java:195)
	at org.apache.ratis.server.impl.LeaderElection.lambda$submitRequests$1(LeaderElection.java:237)
	at java.util.concurrent.FutureTask.run(FutureTask.java:266)
	at java.util.concurrent.Executors$RunnableAdapter.call(Executors.java:511)
	at java.util.concurrent.FutureTask.run(FutureTask.java:266)
	at java.util.concurrent.ThreadPoolExecutor.runWorker(ThreadPoolExecutor.java:1149)
	at java.util.concurrent.ThreadPoolExecutor$Worker.run(ThreadPoolExecutor.java:624)
	... 1 more
Caused by: org.apache.ratis.thirdparty.io.netty.channel.AbstractChannel$AnnotatedConnectException: Connection refused: /192.168.157.245:35361
	at sun.nio.ch.SocketChannelImpl.checkConnect(Native Method)
	at sun.nio.ch.SocketChannelImpl.finishConnect(SocketChannelImpl.java:717)
	at org.apache.ratis.thirdparty.io.netty.channel.socket.nio.NioSocketChannel.doFinishConnect(NioSocketChannel.java:327)
	at org.apache.ratis.thirdparty.io.netty.channel.nio.AbstractNioChannel$AbstractNioUnsafe.finishConnect(AbstractNioChannel.java:340)
	at org.apache.ratis.thirdparty.io.netty.channel.nio.NioEventLoop.processSelectedKey(NioEventLoop.java:632)
	at org.apache.ratis.thirdparty.io.netty.channel.nio.NioEventLoop.processSelectedKeysOptimized(NioEventLoop.java:579)
	at org.apache.ratis.thirdparty.io.netty.channel.nio.NioEventLoop.processSelectedKeys(NioEventLoop.java:496)
	at org.apache.ratis.thirdparty.io.netty.channel.nio.NioEventLoop.run(NioEventLoop.java:458)
	at org.apache.ratis.thirdparty.io.netty.util.concurrent.SingleThreadEventExecutor$5.run(SingleThreadEventExecutor.java:897)
	at org.apache.ratis.thirdparty.io.netty.util.concurrent.FastThreadLocalRunnable.run(FastThreadLocalRunnable.java:30)
	... 1 more
Caused by: java.net.ConnectException: Connection refused
	... 11 more
2019-09-10 21:43:02,525 [grpc-default-executor-11] INFO  impl.RaftServerImpl (ServerState.java:setLeader(263)) - a51c52ab-c67a-438e-9398-785fa2adbd64:group-4647CE2A2CE4 change Leader from 54252f36-17d3-44da-82d9-c462bd19d858 to null at term 3 for updateCurrentTerm
2019-09-10 21:43:02,526 [grpc-default-executor-11] INFO  impl.RaftServerImpl (RaftServerImpl.java:setRole(171)) - a51c52ab-c67a-438e-9398-785fa2adbd64:group-4647CE2A2CE4 changes role from FOLLOWER to FOLLOWER at term 3 for recognizeCandidate:5ce445f2-79e2-4057-935d-c7a236a581cd
2019-09-10 21:43:02,526 [grpc-default-executor-11] INFO  impl.RoleInfo (RoleInfo.java:shutdownFollowerState(121)) - a51c52ab-c67a-438e-9398-785fa2adbd64: shutdown FollowerState
2019-09-10 21:43:02,526 [grpc-default-executor-11] INFO  impl.RoleInfo (RoleInfo.java:updateAndGet(143)) - a51c52ab-c67a-438e-9398-785fa2adbd64: start FollowerState
2019-09-10 21:43:02,526 [Thread-3727] INFO  impl.FollowerState (FollowerState.java:run(114)) - a51c52ab-c67a-438e-9398-785fa2adbd64: FollowerState was interrupted: java.lang.InterruptedException: sleep interrupted
2019-09-10 21:43:02,541 [5ce445f2-79e2-4057-935d-c7a236a581cd:group-4647CE2A2CE4:LeaderElection86] INFO  impl.LeaderElection (LeaderElection.java:logAndReturn(56)) - 5ce445f2-79e2-4057-935d-c7a236a581cd:group-4647CE2A2CE4:LeaderElection86: Election PASSED; received 1 response(s) [5ce445f2-79e2-4057-935d-c7a236a581cd<-a51c52ab-c67a-438e-9398-785fa2adbd64#0:OK-t3] and 1 exception(s); 5ce445f2-79e2-4057-935d-c7a236a581cd:t3, leader=null, voted=5ce445f2-79e2-4057-935d-c7a236a581cd, raftlog=5ce445f2-79e2-4057-935d-c7a236a581cd-SegmentedRaftLog:OPENED:c15,f15,i15, conf=0: [54252f36-17d3-44da-82d9-c462bd19d858:192.168.157.245:35361, a51c52ab-c67a-438e-9398-785fa2adbd64:192.168.157.245:43951, 5ce445f2-79e2-4057-935d-c7a236a581cd:192.168.157.245:40841], old=null
2019-09-10 21:43:02,541 [5ce445f2-79e2-4057-935d-c7a236a581cd:group-4647CE2A2CE4:LeaderElection86] INFO  impl.LeaderElection (LogUtils.java:infoOrTrace(149)) -   Exception 0: {}
java.util.concurrent.ExecutionException: org.apache.ratis.thirdparty.io.grpc.StatusRuntimeException: UNAVAILABLE: io exception
	at java.util.concurrent.FutureTask.report(FutureTask.java:122)
	at java.util.concurrent.FutureTask.get(FutureTask.java:192)
	at org.apache.ratis.server.impl.LeaderElection.waitForResults(LeaderElection.java:262)
	at org.apache.ratis.server.impl.LeaderElection.askForVotes(LeaderElection.java:200)
	at org.apache.ratis.server.impl.LeaderElection.run(LeaderElection.java:130)
	at java.lang.Thread.run(Thread.java:748)
Caused by: org.apache.ratis.thirdparty.io.grpc.StatusRuntimeException: UNAVAILABLE: io exception
	at org.apache.ratis.thirdparty.io.grpc.stub.ClientCalls.toStatusRuntimeException(ClientCalls.java:233)
	at org.apache.ratis.thirdparty.io.grpc.stub.ClientCalls.getUnchecked(ClientCalls.java:214)
	at org.apache.ratis.thirdparty.io.grpc.stub.ClientCalls.blockingUnaryCall(ClientCalls.java:139)
	at org.apache.ratis.proto.grpc.RaftServerProtocolServiceGrpc$RaftServerProtocolServiceBlockingStub.requestVote(RaftServerProtocolServiceGrpc.java:265)
	at org.apache.ratis.grpc.server.GrpcServerProtocolClient.requestVote(GrpcServerProtocolClient.java:83)
	at org.apache.ratis.grpc.server.GrpcService.requestVote(GrpcService.java:195)
	at org.apache.ratis.server.impl.LeaderElection.lambda$submitRequests$1(LeaderElection.java:237)
	at java.util.concurrent.FutureTask.run(FutureTask.java:266)
	at java.util.concurrent.Executors$RunnableAdapter.call(Executors.java:511)
	at java.util.concurrent.FutureTask.run(FutureTask.java:266)
	at java.util.concurrent.ThreadPoolExecutor.runWorker(ThreadPoolExecutor.java:1149)
	at java.util.concurrent.ThreadPoolExecutor$Worker.run(ThreadPoolExecutor.java:624)
	... 1 more
Caused by: org.apache.ratis.thirdparty.io.netty.channel.AbstractChannel$AnnotatedConnectException: Connection refused: /192.168.157.245:35361
	at sun.nio.ch.SocketChannelImpl.checkConnect(Native Method)
	at sun.nio.ch.SocketChannelImpl.finishConnect(SocketChannelImpl.java:717)
	at org.apache.ratis.thirdparty.io.netty.channel.socket.nio.NioSocketChannel.doFinishConnect(NioSocketChannel.java:327)
	at org.apache.ratis.thirdparty.io.netty.channel.nio.AbstractNioChannel$AbstractNioUnsafe.finishConnect(AbstractNioChannel.java:340)
	at org.apache.ratis.thirdparty.io.netty.channel.nio.NioEventLoop.processSelectedKey(NioEventLoop.java:632)
	at org.apache.ratis.thirdparty.io.netty.channel.nio.NioEventLoop.processSelectedKeysOptimized(NioEventLoop.java:579)
	at org.apache.ratis.thirdparty.io.netty.channel.nio.NioEventLoop.processSelectedKeys(NioEventLoop.java:496)
	at org.apache.ratis.thirdparty.io.netty.channel.nio.NioEventLoop.run(NioEventLoop.java:458)
	at org.apache.ratis.thirdparty.io.netty.util.concurrent.SingleThreadEventExecutor$5.run(SingleThreadEventExecutor.java:897)
	at org.apache.ratis.thirdparty.io.netty.util.concurrent.FastThreadLocalRunnable.run(FastThreadLocalRunnable.java:30)
	... 1 more
Caused by: java.net.ConnectException: Connection refused
	... 11 more
2019-09-10 21:43:02,542 [5ce445f2-79e2-4057-935d-c7a236a581cd:group-4647CE2A2CE4:LeaderElection86] INFO  impl.RoleInfo (RoleInfo.java:shutdownLeaderElection(134)) - 5ce445f2-79e2-4057-935d-c7a236a581cd: shutdown LeaderElection
2019-09-10 21:43:02,542 [5ce445f2-79e2-4057-935d-c7a236a581cd:group-4647CE2A2CE4:LeaderElection86] INFO  impl.RaftServerImpl (RaftServerImpl.java:setRole(171)) - 5ce445f2-79e2-4057-935d-c7a236a581cd:group-4647CE2A2CE4 changes role from CANDIDATE to LEADER at term 3 for changeToLeader
2019-09-10 21:43:02,542 [5ce445f2-79e2-4057-935d-c7a236a581cd:group-4647CE2A2CE4:LeaderElection86] INFO  impl.RaftServerImpl (ServerState.java:setLeader(263)) - 5ce445f2-79e2-4057-935d-c7a236a581cd:group-4647CE2A2CE4 change Leader from null to 5ce445f2-79e2-4057-935d-c7a236a581cd at term 3 for becomeLeader, leader elected after 38ms
2019-09-10 21:43:02,542 [5ce445f2-79e2-4057-935d-c7a236a581cd:group-4647CE2A2CE4:LeaderElection86] INFO  server.RaftServerConfigKeys (ConfUtils.java:logGet(43)) - raft.server.staging.catchup.gap = 1000 (default)
2019-09-10 21:43:02,543 [5ce445f2-79e2-4057-935d-c7a236a581cd:group-4647CE2A2CE4:LeaderElection86] INFO  server.RaftServerConfigKeys (ConfUtils.java:logGet(43)) - raft.server.rpc.sleep.time = 25ms (default)
2019-09-10 21:43:02,543 [5ce445f2-79e2-4057-935d-c7a236a581cd:group-4647CE2A2CE4:LeaderElection86] INFO  server.RaftServerConfigKeys (ConfUtils.java:logGet(43)) - raft.server.write.element-limit = 4096 (default)
2019-09-10 21:43:02,543 [5ce445f2-79e2-4057-935d-c7a236a581cd:group-4647CE2A2CE4:LeaderElection86] INFO  server.RaftServerConfigKeys (ConfUtils.java:logGet(43)) - raft.server.watch.timeout = 10s (default)
2019-09-10 21:43:02,543 [5ce445f2-79e2-4057-935d-c7a236a581cd:group-4647CE2A2CE4:LeaderElection86] INFO  server.RaftServerConfigKeys (ConfUtils.java:logGet(43)) - raft.server.watch.timeout.denomination = 1s (default)
2019-09-10 21:43:02,543 [5ce445f2-79e2-4057-935d-c7a236a581cd:group-4647CE2A2CE4:LeaderElection86] INFO  server.RaftServerConfigKeys (ConfUtils.java:logGet(43)) - raft.server.watch.element-limit = 65536 (default)
2019-09-10 21:43:02,544 [5ce445f2-79e2-4057-935d-c7a236a581cd:group-4647CE2A2CE4:LeaderElection86] INFO  server.RaftServerConfigKeys (ConfUtils.java:logGet(43)) - raft.server.log.appender.snapshot.chunk.size.max = 16MB (=16777216) (default)
2019-09-10 21:43:02,544 [5ce445f2-79e2-4057-935d-c7a236a581cd:group-4647CE2A2CE4:LeaderElection86] INFO  server.RaftServerConfigKeys (ConfUtils.java:logGet(43)) - raft.server.log.appender.buffer.byte-limit = 33554432 (custom)
2019-09-10 21:43:02,544 [5ce445f2-79e2-4057-935d-c7a236a581cd:group-4647CE2A2CE4:LeaderElection86] INFO  server.RaftServerConfigKeys (ConfUtils.java:logGet(43)) - raft.server.log.appender.buffer.element-limit = 1 (custom)
2019-09-10 21:43:02,544 [5ce445f2-79e2-4057-935d-c7a236a581cd:group-4647CE2A2CE4:LeaderElection86] INFO  grpc.GrpcConfigKeys$Server (ConfUtils.java:logGet(43)) - raft.grpc.server.leader.outstanding.appends.max = 128 (default)
2019-09-10 21:43:02,545 [5ce445f2-79e2-4057-935d-c7a236a581cd:group-4647CE2A2CE4:LeaderElection86] INFO  server.RaftServerConfigKeys (ConfUtils.java:logGet(43)) - raft.server.rpc.request.timeout = 3000ms (default)
2019-09-10 21:43:02,545 [5ce445f2-79e2-4057-935d-c7a236a581cd:group-4647CE2A2CE4:LeaderElection86] INFO  server.RaftServerConfigKeys (ConfUtils.java:logGet(43)) - raft.server.log.appender.install.snapshot.enabled = false (custom)
2019-09-10 21:43:02,545 [5ce445f2-79e2-4057-935d-c7a236a581cd:group-4647CE2A2CE4:LeaderElection86] INFO  server.RaftServerConfigKeys (ConfUtils.java:logGet(43)) - raft.server.log.appender.snapshot.chunk.size.max = 16MB (=16777216) (default)
2019-09-10 21:43:02,545 [5ce445f2-79e2-4057-935d-c7a236a581cd:group-4647CE2A2CE4:LeaderElection86] INFO  server.RaftServerConfigKeys (ConfUtils.java:logGet(43)) - raft.server.log.appender.buffer.byte-limit = 33554432 (custom)
2019-09-10 21:43:02,546 [5ce445f2-79e2-4057-935d-c7a236a581cd:group-4647CE2A2CE4:LeaderElection86] INFO  server.RaftServerConfigKeys (ConfUtils.java:logGet(43)) - raft.server.log.appender.buffer.element-limit = 1 (custom)
2019-09-10 21:43:02,546 [5ce445f2-79e2-4057-935d-c7a236a581cd:group-4647CE2A2CE4:LeaderElection86] INFO  grpc.GrpcConfigKeys$Server (ConfUtils.java:logGet(43)) - raft.grpc.server.leader.outstanding.appends.max = 128 (default)
2019-09-10 21:43:02,546 [5ce445f2-79e2-4057-935d-c7a236a581cd:group-4647CE2A2CE4:LeaderElection86] INFO  server.RaftServerConfigKeys (ConfUtils.java:logGet(43)) - raft.server.rpc.request.timeout = 3000ms (default)
2019-09-10 21:43:02,546 [5ce445f2-79e2-4057-935d-c7a236a581cd:group-4647CE2A2CE4:LeaderElection86] INFO  server.RaftServerConfigKeys (ConfUtils.java:logGet(43)) - raft.server.log.appender.install.snapshot.enabled = false (custom)
2019-09-10 21:43:02,546 [5ce445f2-79e2-4057-935d-c7a236a581cd:group-4647CE2A2CE4:LeaderElection86] INFO  impl.RoleInfo (RoleInfo.java:updateAndGet(143)) - 5ce445f2-79e2-4057-935d-c7a236a581cd: start LeaderState
2019-09-10 21:43:02,547 [5ce445f2-79e2-4057-935d-c7a236a581cd:group-4647CE2A2CE4:LeaderElection86] INFO  segmented.SegmentedRaftLogWorker (SegmentedRaftLogWorker.java:rollLogSegment(385)) - 5ce445f2-79e2-4057-935d-c7a236a581cd-SegmentedRaftLogWorker:Storage Directory /workdir/hadoop-ozone/integration-test/target/test-dir/MiniOzoneClusterImpl-89ab4714-a06f-49fd-a91c-210e479dc798/datanode-3/data/ratis/b04ac957-915a-453f-a5d9-4647ce2a2ce4: Rolling segment log-0_15 to index:15
2019-09-10 21:43:02,548 [5ce445f2-79e2-4057-935d-c7a236a581cd:group-4647CE2A2CE4:LeaderElection86] INFO  impl.RaftServerImpl (ServerState.java:setRaftConf(361)) - 5ce445f2-79e2-4057-935d-c7a236a581cd:group-4647CE2A2CE4 set configuration 16: [54252f36-17d3-44da-82d9-c462bd19d858:192.168.157.245:35361, a51c52ab-c67a-438e-9398-785fa2adbd64:192.168.157.245:43951, 5ce445f2-79e2-4057-935d-c7a236a581cd:192.168.157.245:40841], old=null at 16
2019-09-10 21:43:02,548 [5ce445f2-79e2-4057-935d-c7a236a581cd-SegmentedRaftLogWorker:Storage Directory /workdir/hadoop-ozone/integration-test/target/test-dir/MiniOzoneClusterImpl-89ab4714-a06f-49fd-a91c-210e479dc798/datanode-3/data/ratis/b04ac957-915a-453f-a5d9-4647ce2a2ce4] INFO  segmented.SegmentedRaftLogWorker (SegmentedRaftLogWorker.java:execute(526)) - 5ce445f2-79e2-4057-935d-c7a236a581cd-SegmentedRaftLogWorker:Storage Directory /workdir/hadoop-ozone/integration-test/target/test-dir/MiniOzoneClusterImpl-89ab4714-a06f-49fd-a91c-210e479dc798/datanode-3/data/ratis/b04ac957-915a-453f-a5d9-4647ce2a2ce4: Rolled log segment from /workdir/hadoop-ozone/integration-test/target/test-dir/MiniOzoneClusterImpl-89ab4714-a06f-49fd-a91c-210e479dc798/datanode-3/data/ratis/b04ac957-915a-453f-a5d9-4647ce2a2ce4/current/log_inprogress_0 to /workdir/hadoop-ozone/integration-test/target/test-dir/MiniOzoneClusterImpl-89ab4714-a06f-49fd-a91c-210e479dc798/datanode-3/data/ratis/b04ac957-915a-453f-a5d9-4647ce2a2ce4/current/log_0-15
2019-09-10 21:43:02,548 [grpc-default-executor-11] WARN  server.GrpcLogAppender (LogUtils.java:warn(134)) - 5ce445f2-79e2-4057-935d-c7a236a581cd->54252f36-17d3-44da-82d9-c462bd19d858: Failed appendEntries: org.apache.ratis.thirdparty.io.grpc.StatusRuntimeException: UNAVAILABLE: io exception
2019-09-10 21:43:02,549 [grpc-default-executor-11] INFO  impl.FollowerInfo (FollowerInfo.java:lambda$new$0(50)) - 5ce445f2-79e2-4057-935d-c7a236a581cd->54252f36-17d3-44da-82d9-c462bd19d858: nextIndex: updateUnconditionally 16 -> 1
2019-09-10 21:43:02,549 [grpc-default-executor-2] INFO  impl.RaftServerImpl (ServerState.java:setLeader(263)) - a51c52ab-c67a-438e-9398-785fa2adbd64:group-4647CE2A2CE4 change Leader from null to 5ce445f2-79e2-4057-935d-c7a236a581cd at term 3 for appendEntries, leader elected after 24ms
2019-09-10 21:43:02,552 [grpc-default-executor-2] INFO  impl.RaftServerImpl (ServerState.java:setRaftConf(361)) - a51c52ab-c67a-438e-9398-785fa2adbd64:group-4647CE2A2CE4 set configuration 16: [54252f36-17d3-44da-82d9-c462bd19d858:192.168.157.245:35361, a51c52ab-c67a-438e-9398-785fa2adbd64:192.168.157.245:43951, 5ce445f2-79e2-4057-935d-c7a236a581cd:192.168.157.245:40841], old=null at 16
2019-09-10 21:43:02,553 [grpc-default-executor-2] INFO  segmented.SegmentedRaftLogWorker (SegmentedRaftLogWorker.java:rollLogSegment(385)) - a51c52ab-c67a-438e-9398-785fa2adbd64-SegmentedRaftLogWorker:Storage Directory /workdir/hadoop-ozone/integration-test/target/test-dir/MiniOzoneClusterImpl-89ab4714-a06f-49fd-a91c-210e479dc798/datanode-5/data/ratis/b04ac957-915a-453f-a5d9-4647ce2a2ce4: Rolling segment log-0_15 to index:15
2019-09-10 21:43:02,553 [a51c52ab-c67a-438e-9398-785fa2adbd64-SegmentedRaftLogWorker:Storage Directory /workdir/hadoop-ozone/integration-test/target/test-dir/MiniOzoneClusterImpl-89ab4714-a06f-49fd-a91c-210e479dc798/datanode-5/data/ratis/b04ac957-915a-453f-a5d9-4647ce2a2ce4] INFO  segmented.SegmentedRaftLogWorker (SegmentedRaftLogWorker.java:execute(526)) - a51c52ab-c67a-438e-9398-785fa2adbd64-SegmentedRaftLogWorker:Storage Directory /workdir/hadoop-ozone/integration-test/target/test-dir/MiniOzoneClusterImpl-89ab4714-a06f-49fd-a91c-210e479dc798/datanode-5/data/ratis/b04ac957-915a-453f-a5d9-4647ce2a2ce4: Rolled log segment from /workdir/hadoop-ozone/integration-test/target/test-dir/MiniOzoneClusterImpl-89ab4714-a06f-49fd-a91c-210e479dc798/datanode-5/data/ratis/b04ac957-915a-453f-a5d9-4647ce2a2ce4/current/log_inprogress_0 to /workdir/hadoop-ozone/integration-test/target/test-dir/MiniOzoneClusterImpl-89ab4714-a06f-49fd-a91c-210e479dc798/datanode-5/data/ratis/b04ac957-915a-453f-a5d9-4647ce2a2ce4/current/log_0-15
2019-09-10 21:43:02,603 [5ce445f2-79e2-4057-935d-c7a236a581cd-SegmentedRaftLogWorker:Storage Directory /workdir/hadoop-ozone/integration-test/target/test-dir/MiniOzoneClusterImpl-89ab4714-a06f-49fd-a91c-210e479dc798/datanode-3/data/ratis/b04ac957-915a-453f-a5d9-4647ce2a2ce4] INFO  segmented.SegmentedRaftLogWorker (SegmentedRaftLogWorker.java:execute(569)) - 5ce445f2-79e2-4057-935d-c7a236a581cd-SegmentedRaftLogWorker:Storage Directory /workdir/hadoop-ozone/integration-test/target/test-dir/MiniOzoneClusterImpl-89ab4714-a06f-49fd-a91c-210e479dc798/datanode-3/data/ratis/b04ac957-915a-453f-a5d9-4647ce2a2ce4: created new log segment /workdir/hadoop-ozone/integration-test/target/test-dir/MiniOzoneClusterImpl-89ab4714-a06f-49fd-a91c-210e479dc798/datanode-3/data/ratis/b04ac957-915a-453f-a5d9-4647ce2a2ce4/current/log_inprogress_16
2019-09-10 21:43:02,603 [a51c52ab-c67a-438e-9398-785fa2adbd64-SegmentedRaftLogWorker:Storage Directory /workdir/hadoop-ozone/integration-test/target/test-dir/MiniOzoneClusterImpl-89ab4714-a06f-49fd-a91c-210e479dc798/datanode-5/data/ratis/b04ac957-915a-453f-a5d9-4647ce2a2ce4] INFO  segmented.SegmentedRaftLogWorker (SegmentedRaftLogWorker.java:execute(569)) - a51c52ab-c67a-438e-9398-785fa2adbd64-SegmentedRaftLogWorker:Storage Directory /workdir/hadoop-ozone/integration-test/target/test-dir/MiniOzoneClusterImpl-89ab4714-a06f-49fd-a91c-210e479dc798/datanode-5/data/ratis/b04ac957-915a-453f-a5d9-4647ce2a2ce4: created new log segment /workdir/hadoop-ozone/integration-test/target/test-dir/MiniOzoneClusterImpl-89ab4714-a06f-49fd-a91c-210e479dc798/datanode-5/data/ratis/b04ac957-915a-453f-a5d9-4647ce2a2ce4/current/log_inprogress_16
2019-09-10 21:43:02,625 [grpc-default-executor-2] WARN  server.GrpcLogAppender (LogUtils.java:warn(134)) - 5ce445f2-79e2-4057-935d-c7a236a581cd->54252f36-17d3-44da-82d9-c462bd19d858: Failed appendEntries: org.apache.ratis.thirdparty.io.grpc.StatusRuntimeException: UNAVAILABLE: io exception
2019-09-10 21:43:02,626 [grpc-default-executor-2] INFO  impl.FollowerInfo (FollowerInfo.java:lambda$new$0(50)) - 5ce445f2-79e2-4057-935d-c7a236a581cd->54252f36-17d3-44da-82d9-c462bd19d858: nextIndex: updateUnconditionally 2 -> 1
2019-09-10 21:43:02,635 [grpc-default-executor-9] WARN  server.GrpcLogAppender (LogUtils.java:warn(134)) - 5ce445f2-79e2-4057-935d-c7a236a581cd->54252f36-17d3-44da-82d9-c462bd19d858: Failed appendEntries: org.apache.ratis.thirdparty.io.grpc.StatusRuntimeException: UNAVAILABLE: io exception
2019-09-10 21:43:02,636 [grpc-default-executor-9] INFO  impl.FollowerInfo (FollowerInfo.java:lambda$new$0(50)) - 5ce445f2-79e2-4057-935d-c7a236a581cd->54252f36-17d3-44da-82d9-c462bd19d858: nextIndex: updateUnconditionally 2 -> 1
2019-09-10 21:43:03,243 [grpc-default-executor-9] INFO  client.GrpcClientProtocolClient (GrpcClientProtocolClient.java:onNext(255)) - client-72FA98D339D5->a51c52ab-c67a-438e-9398-785fa2adbd64: receive RaftClientReply:client-72FA98D339D5->a51c52ab-c67a-438e-9398-785fa2adbd64@group-4647CE2A2CE4, cid=191, FAILED org.apache.ratis.protocol.NotLeaderException: Server a51c52ab-c67a-438e-9398-785fa2adbd64 is not the leader (5ce445f2-79e2-4057-935d-c7a236a581cd:192.168.157.245:40841). Request must be sent to leader., logIndex=0, commits[a51c52ab-c67a-438e-9398-785fa2adbd64:c16, 54252f36-17d3-44da-82d9-c462bd19d858:c15, 5ce445f2-79e2-4057-935d-c7a236a581cd:c16]
21:43:03.249 [grpc-default-executor-2] ERROR DNAudit - user=null | ip=null | op=WRITE_CHUNK {blockData=conID: 1 locID: 102770393507430413 bcsId: 13} | ret=FAILURE
org.apache.hadoop.hdds.scm.container.common.helpers.ContainerNotOpenException: Container 1 in CLOSING state
	at org.apache.hadoop.ozone.container.common.impl.HddsDispatcher.validateContainerCommand(HddsDispatcher.java:408) ~[hadoop-hdds-container-service-0.5.0-SNAPSHOT.jar:?]
	at org.apache.hadoop.ozone.container.common.transport.server.ratis.ContainerStateMachine.startTransaction(ContainerStateMachine.java:310) ~[hadoop-hdds-container-service-0.5.0-SNAPSHOT.jar:?]
	at org.apache.ratis.server.impl.RaftServerImpl.submitClientRequestAsync(RaftServerImpl.java:566) ~[ratis-server-0.4.0-2337318-SNAPSHOT.jar:0.4.0-2337318-SNAPSHOT]
	at org.apache.ratis.server.impl.RaftServerProxy.lambda$submitClientRequestAsync$7(RaftServerProxy.java:333) ~[ratis-server-0.4.0-2337318-SNAPSHOT.jar:0.4.0-2337318-SNAPSHOT]
	at org.apache.ratis.server.impl.RaftServerProxy.lambda$null$5(RaftServerProxy.java:328) ~[ratis-server-0.4.0-2337318-SNAPSHOT.jar:0.4.0-2337318-SNAPSHOT]
	at org.apache.ratis.util.JavaUtils.callAsUnchecked(JavaUtils.java:109) ~[ratis-common-0.4.0-2337318-SNAPSHOT.jar:0.4.0-2337318-SNAPSHOT]
	at org.apache.ratis.server.impl.RaftServerProxy.lambda$submitRequest$6(RaftServerProxy.java:328) ~[ratis-server-0.4.0-2337318-SNAPSHOT.jar:0.4.0-2337318-SNAPSHOT]
	at java.util.concurrent.CompletableFuture.uniComposeStage(CompletableFuture.java:981) ~[?:1.8.0_212]
	at java.util.concurrent.CompletableFuture.thenCompose(CompletableFuture.java:2124) ~[?:1.8.0_212]
	at org.apache.ratis.server.impl.RaftServerProxy.submitRequest(RaftServerProxy.java:327) ~[ratis-server-0.4.0-2337318-SNAPSHOT.jar:0.4.0-2337318-SNAPSHOT]
	at org.apache.ratis.server.impl.RaftServerProxy.submitClientRequestAsync(RaftServerProxy.java:333) ~[ratis-server-0.4.0-2337318-SNAPSHOT.jar:0.4.0-2337318-SNAPSHOT]
	at org.apache.ratis.grpc.client.GrpcClientProtocolService$RequestStreamObserver.processClientRequest(GrpcClientProtocolService.java:220) ~[ratis-grpc-0.4.0-2337318-SNAPSHOT.jar:0.4.0-2337318-SNAPSHOT]
	at org.apache.ratis.grpc.client.GrpcClientProtocolService$OrderedRequestStreamObserver.processClientRequest(GrpcClientProtocolService.java:326) ~[ratis-grpc-0.4.0-2337318-SNAPSHOT.jar:0.4.0-2337318-SNAPSHOT]
	at org.apache.ratis.util.SlidingWindow$Server.processRequestsFromHead(SlidingWindow.java:429) [ratis-common-0.4.0-2337318-SNAPSHOT.jar:0.4.0-2337318-SNAPSHOT]
	at org.apache.ratis.util.SlidingWindow$Server.receivedRequest(SlidingWindow.java:421) [ratis-common-0.4.0-2337318-SNAPSHOT.jar:0.4.0-2337318-SNAPSHOT]
	at org.apache.ratis.grpc.client.GrpcClientProtocolService$OrderedRequestStreamObserver.processClientRequest(GrpcClientProtocolService.java:345) [ratis-grpc-0.4.0-2337318-SNAPSHOT.jar:0.4.0-2337318-SNAPSHOT]
	at org.apache.ratis.grpc.client.GrpcClientProtocolService$RequestStreamObserver.onNext(GrpcClientProtocolService.java:240) [ratis-grpc-0.4.0-2337318-SNAPSHOT.jar:0.4.0-2337318-SNAPSHOT]
	at org.apache.ratis.grpc.client.GrpcClientProtocolService$RequestStreamObserver.onNext(GrpcClientProtocolService.java:168) [ratis-grpc-0.4.0-2337318-SNAPSHOT.jar:0.4.0-2337318-SNAPSHOT]
	at org.apache.ratis.thirdparty.io.grpc.stub.ServerCalls$StreamingServerCallHandler$StreamingServerCallListener.onMessage(ServerCalls.java:248) [ratis-thirdparty-misc-0.2.0.jar:0.2.0]
	at org.apache.ratis.thirdparty.io.grpc.internal.ServerCallImpl$ServerStreamListenerImpl.messagesAvailable(ServerCallImpl.java:263) [ratis-thirdparty-misc-0.2.0.jar:0.2.0]
	at org.apache.ratis.thirdparty.io.grpc.internal.ServerImpl$JumpToApplicationThreadServerStreamListener$1MessagesAvailable.runInContext(ServerImpl.java:686) [ratis-thirdparty-misc-0.2.0.jar:0.2.0]
	at org.apache.ratis.thirdparty.io.grpc.internal.ContextRunnable.run(ContextRunnable.java:37) [ratis-thirdparty-misc-0.2.0.jar:0.2.0]
	at org.apache.ratis.thirdparty.io.grpc.internal.SerializingExecutor.run(SerializingExecutor.java:123) [ratis-thirdparty-misc-0.2.0.jar:0.2.0]
	at java.util.concurrent.ThreadPoolExecutor.runWorker(ThreadPoolExecutor.java:1149) [?:1.8.0_212]
	at java.util.concurrent.ThreadPoolExecutor$Worker.run(ThreadPoolExecutor.java:624) [?:1.8.0_212]
	at java.lang.Thread.run(Thread.java:748) [?:1.8.0_212]
2019-09-10 21:43:03,262 [grpc-default-executor-2] INFO  client.GrpcClientProtocolClient (GrpcClientProtocolClient.java:onNext(255)) - client-72FA98D339D5->5ce445f2-79e2-4057-935d-c7a236a581cd: receive RaftClientReply:client-72FA98D339D5->5ce445f2-79e2-4057-935d-c7a236a581cd@group-4647CE2A2CE4, cid=191, FAILED org.apache.ratis.protocol.StateMachineException: org.apache.hadoop.hdds.scm.container.common.helpers.ContainerNotOpenException from Server 5ce445f2-79e2-4057-935d-c7a236a581cd: Container 1 in CLOSING state, logIndex=0, commits[5ce445f2-79e2-4057-935d-c7a236a581cd:c17, 54252f36-17d3-44da-82d9-c462bd19d858:c15, a51c52ab-c67a-438e-9398-785fa2adbd64:c16]
21:43:03.263 [grpc-default-executor-9] ERROR DNAudit - user=null | ip=null | op=WRITE_CHUNK {blockData=conID: 1 locID: 102770393507430413 bcsId: 13} | ret=FAILURE
org.apache.hadoop.hdds.scm.container.common.helpers.ContainerNotOpenException: Container 1 in CLOSING state
	at org.apache.hadoop.ozone.container.common.impl.HddsDispatcher.validateContainerCommand(HddsDispatcher.java:408) ~[hadoop-hdds-container-service-0.5.0-SNAPSHOT.jar:?]
	at org.apache.hadoop.ozone.container.common.transport.server.ratis.ContainerStateMachine.startTransaction(ContainerStateMachine.java:310) ~[hadoop-hdds-container-service-0.5.0-SNAPSHOT.jar:?]
	at org.apache.ratis.server.impl.RaftServerImpl.submitClientRequestAsync(RaftServerImpl.java:566) ~[ratis-server-0.4.0-2337318-SNAPSHOT.jar:0.4.0-2337318-SNAPSHOT]
	at org.apache.ratis.server.impl.RaftServerProxy.lambda$submitClientRequestAsync$7(RaftServerProxy.java:333) ~[ratis-server-0.4.0-2337318-SNAPSHOT.jar:0.4.0-2337318-SNAPSHOT]
	at org.apache.ratis.server.impl.RaftServerProxy.lambda$null$5(RaftServerProxy.java:328) ~[ratis-server-0.4.0-2337318-SNAPSHOT.jar:0.4.0-2337318-SNAPSHOT]
	at org.apache.ratis.util.JavaUtils.callAsUnchecked(JavaUtils.java:109) ~[ratis-common-0.4.0-2337318-SNAPSHOT.jar:0.4.0-2337318-SNAPSHOT]
	at org.apache.ratis.server.impl.RaftServerProxy.lambda$submitRequest$6(RaftServerProxy.java:328) ~[ratis-server-0.4.0-2337318-SNAPSHOT.jar:0.4.0-2337318-SNAPSHOT]
	at java.util.concurrent.CompletableFuture.uniComposeStage(CompletableFuture.java:981) ~[?:1.8.0_212]
	at java.util.concurrent.CompletableFuture.thenCompose(CompletableFuture.java:2124) ~[?:1.8.0_212]
	at org.apache.ratis.server.impl.RaftServerProxy.submitRequest(RaftServerProxy.java:327) ~[ratis-server-0.4.0-2337318-SNAPSHOT.jar:0.4.0-2337318-SNAPSHOT]
	at org.apache.ratis.server.impl.RaftServerProxy.submitClientRequestAsync(RaftServerProxy.java:333) ~[ratis-server-0.4.0-2337318-SNAPSHOT.jar:0.4.0-2337318-SNAPSHOT]
	at org.apache.ratis.grpc.client.GrpcClientProtocolService$RequestStreamObserver.processClientRequest(GrpcClientProtocolService.java:220) ~[ratis-grpc-0.4.0-2337318-SNAPSHOT.jar:0.4.0-2337318-SNAPSHOT]
	at org.apache.ratis.grpc.client.GrpcClientProtocolService$OrderedRequestStreamObserver.processClientRequest(GrpcClientProtocolService.java:326) ~[ratis-grpc-0.4.0-2337318-SNAPSHOT.jar:0.4.0-2337318-SNAPSHOT]
	at org.apache.ratis.util.SlidingWindow$Server.processRequestsFromHead(SlidingWindow.java:429) [ratis-common-0.4.0-2337318-SNAPSHOT.jar:0.4.0-2337318-SNAPSHOT]
	at org.apache.ratis.util.SlidingWindow$Server.receivedRequest(SlidingWindow.java:421) [ratis-common-0.4.0-2337318-SNAPSHOT.jar:0.4.0-2337318-SNAPSHOT]
	at org.apache.ratis.grpc.client.GrpcClientProtocolService$OrderedRequestStreamObserver.processClientRequest(GrpcClientProtocolService.java:345) [ratis-grpc-0.4.0-2337318-SNAPSHOT.jar:0.4.0-2337318-SNAPSHOT]
	at org.apache.ratis.grpc.client.GrpcClientProtocolService$RequestStreamObserver.onNext(GrpcClientProtocolService.java:240) [ratis-grpc-0.4.0-2337318-SNAPSHOT.jar:0.4.0-2337318-SNAPSHOT]
	at org.apache.ratis.grpc.client.GrpcClientProtocolService$RequestStreamObserver.onNext(GrpcClientProtocolService.java:168) [ratis-grpc-0.4.0-2337318-SNAPSHOT.jar:0.4.0-2337318-SNAPSHOT]
	at org.apache.ratis.thirdparty.io.grpc.stub.ServerCalls$StreamingServerCallHandler$StreamingServerCallListener.onMessage(ServerCalls.java:248) [ratis-thirdparty-misc-0.2.0.jar:0.2.0]
	at org.apache.ratis.thirdparty.io.grpc.internal.ServerCallImpl$ServerStreamListenerImpl.messagesAvailable(ServerCallImpl.java:263) [ratis-thirdparty-misc-0.2.0.jar:0.2.0]
	at org.apache.ratis.thirdparty.io.grpc.internal.ServerImpl$JumpToApplicationThreadServerStreamListener$1MessagesAvailable.runInContext(ServerImpl.java:686) [ratis-thirdparty-misc-0.2.0.jar:0.2.0]
	at org.apache.ratis.thirdparty.io.grpc.internal.ContextRunnable.run(ContextRunnable.java:37) [ratis-thirdparty-misc-0.2.0.jar:0.2.0]
	at org.apache.ratis.thirdparty.io.grpc.internal.SerializingExecutor.run(SerializingExecutor.java:123) [ratis-thirdparty-misc-0.2.0.jar:0.2.0]
	at java.util.concurrent.ThreadPoolExecutor.runWorker(ThreadPoolExecutor.java:1149) [?:1.8.0_212]
	at java.util.concurrent.ThreadPoolExecutor$Worker.run(ThreadPoolExecutor.java:624) [?:1.8.0_212]
	at java.lang.Thread.run(Thread.java:748) [?:1.8.0_212]
21:43:03.266 [grpc-default-executor-9] ERROR DNAudit - user=null | ip=null | op=PUT_BLOCK {blockData=[blockId=conID: 1 locID: 102770393507430413 bcsId: 0,size=650]} | ret=FAILURE
org.apache.hadoop.hdds.scm.container.common.helpers.ContainerNotOpenException: Container 1 in CLOSING state
	at org.apache.hadoop.ozone.container.common.impl.HddsDispatcher.validateContainerCommand(HddsDispatcher.java:408) ~[hadoop-hdds-container-service-0.5.0-SNAPSHOT.jar:?]
	at org.apache.hadoop.ozone.container.common.transport.server.ratis.ContainerStateMachine.startTransaction(ContainerStateMachine.java:310) ~[hadoop-hdds-container-service-0.5.0-SNAPSHOT.jar:?]
	at org.apache.ratis.server.impl.RaftServerImpl.submitClientRequestAsync(RaftServerImpl.java:566) ~[ratis-server-0.4.0-2337318-SNAPSHOT.jar:0.4.0-2337318-SNAPSHOT]
	at org.apache.ratis.server.impl.RaftServerProxy.lambda$submitClientRequestAsync$7(RaftServerProxy.java:333) ~[ratis-server-0.4.0-2337318-SNAPSHOT.jar:0.4.0-2337318-SNAPSHOT]
	at org.apache.ratis.server.impl.RaftServerProxy.lambda$null$5(RaftServerProxy.java:328) ~[ratis-server-0.4.0-2337318-SNAPSHOT.jar:0.4.0-2337318-SNAPSHOT]
	at org.apache.ratis.util.JavaUtils.callAsUnchecked(JavaUtils.java:109) ~[ratis-common-0.4.0-2337318-SNAPSHOT.jar:0.4.0-2337318-SNAPSHOT]
	at org.apache.ratis.server.impl.RaftServerProxy.lambda$submitRequest$6(RaftServerProxy.java:328) ~[ratis-server-0.4.0-2337318-SNAPSHOT.jar:0.4.0-2337318-SNAPSHOT]
	at java.util.concurrent.CompletableFuture.uniComposeStage(CompletableFuture.java:981) ~[?:1.8.0_212]
	at java.util.concurrent.CompletableFuture.thenCompose(CompletableFuture.java:2124) ~[?:1.8.0_212]
	at org.apache.ratis.server.impl.RaftServerProxy.submitRequest(RaftServerProxy.java:327) ~[ratis-server-0.4.0-2337318-SNAPSHOT.jar:0.4.0-2337318-SNAPSHOT]
	at org.apache.ratis.server.impl.RaftServerProxy.submitClientRequestAsync(RaftServerProxy.java:333) ~[ratis-server-0.4.0-2337318-SNAPSHOT.jar:0.4.0-2337318-SNAPSHOT]
	at org.apache.ratis.grpc.client.GrpcClientProtocolService$RequestStreamObserver.processClientRequest(GrpcClientProtocolService.java:220) ~[ratis-grpc-0.4.0-2337318-SNAPSHOT.jar:0.4.0-2337318-SNAPSHOT]
	at org.apache.ratis.grpc.client.GrpcClientProtocolService$OrderedRequestStreamObserver.processClientRequest(GrpcClientProtocolService.java:326) ~[ratis-grpc-0.4.0-2337318-SNAPSHOT.jar:0.4.0-2337318-SNAPSHOT]
	at org.apache.ratis.util.SlidingWindow$Server.processRequestsFromHead(SlidingWindow.java:429) [ratis-common-0.4.0-2337318-SNAPSHOT.jar:0.4.0-2337318-SNAPSHOT]
	at org.apache.ratis.util.SlidingWindow$Server.receivedRequest(SlidingWindow.java:421) [ratis-common-0.4.0-2337318-SNAPSHOT.jar:0.4.0-2337318-SNAPSHOT]
	at org.apache.ratis.grpc.client.GrpcClientProtocolService$OrderedRequestStreamObserver.processClientRequest(GrpcClientProtocolService.java:345) [ratis-grpc-0.4.0-2337318-SNAPSHOT.jar:0.4.0-2337318-SNAPSHOT]
	at org.apache.ratis.grpc.client.GrpcClientProtocolService$RequestStreamObserver.onNext(GrpcClientProtocolService.java:240) [ratis-grpc-0.4.0-2337318-SNAPSHOT.jar:0.4.0-2337318-SNAPSHOT]
	at org.apache.ratis.grpc.client.GrpcClientProtocolService$RequestStreamObserver.onNext(GrpcClientProtocolService.java:168) [ratis-grpc-0.4.0-2337318-SNAPSHOT.jar:0.4.0-2337318-SNAPSHOT]
	at org.apache.ratis.thirdparty.io.grpc.stub.ServerCalls$StreamingServerCallHandler$StreamingServerCallListener.onMessage(ServerCalls.java:248) [ratis-thirdparty-misc-0.2.0.jar:0.2.0]
	at org.apache.ratis.thirdparty.io.grpc.internal.ServerCallImpl$ServerStreamListenerImpl.messagesAvailable(ServerCallImpl.java:263) [ratis-thirdparty-misc-0.2.0.jar:0.2.0]
	at org.apache.ratis.thirdparty.io.grpc.internal.ServerImpl$JumpToApplicationThreadServerStreamListener$1MessagesAvailable.runInContext(ServerImpl.java:686) [ratis-thirdparty-misc-0.2.0.jar:0.2.0]
	at org.apache.ratis.thirdparty.io.grpc.internal.ContextRunnable.run(ContextRunnable.java:37) [ratis-thirdparty-misc-0.2.0.jar:0.2.0]
	at org.apache.ratis.thirdparty.io.grpc.internal.SerializingExecutor.run(SerializingExecutor.java:123) [ratis-thirdparty-misc-0.2.0.jar:0.2.0]
	at java.util.concurrent.ThreadPoolExecutor.runWorker(ThreadPoolExecutor.java:1149) [?:1.8.0_212]
	at java.util.concurrent.ThreadPoolExecutor$Worker.run(ThreadPoolExecutor.java:624) [?:1.8.0_212]
	at java.lang.Thread.run(Thread.java:748) [?:1.8.0_212]
2019-09-10 21:43:03,281 [grpc-default-executor-2] INFO  client.GrpcClientProtocolClient (GrpcClientProtocolClient.java:onNext(255)) - client-72FA98D339D5->5ce445f2-79e2-4057-935d-c7a236a581cd: receive RaftClientReply:client-72FA98D339D5->5ce445f2-79e2-4057-935d-c7a236a581cd@group-4647CE2A2CE4, cid=192, FAILED org.apache.ratis.protocol.StateMachineException: org.apache.hadoop.hdds.scm.container.common.helpers.ContainerNotOpenException from Server 5ce445f2-79e2-4057-935d-c7a236a581cd: Container 1 in CLOSING state, logIndex=0, commits[5ce445f2-79e2-4057-935d-c7a236a581cd:c17, 54252f36-17d3-44da-82d9-c462bd19d858:c15, a51c52ab-c67a-438e-9398-785fa2adbd64:c16]
21:43:03.281 [grpc-default-executor-9] ERROR DNAudit - user=null | ip=null | op=WRITE_CHUNK {blockData=conID: 1 locID: 102770393507430413 bcsId: 13} | ret=FAILURE
org.apache.hadoop.hdds.scm.container.common.helpers.ContainerNotOpenException: Container 1 in CLOSING state
	at org.apache.hadoop.ozone.container.common.impl.HddsDispatcher.validateContainerCommand(HddsDispatcher.java:408) ~[hadoop-hdds-container-service-0.5.0-SNAPSHOT.jar:?]
	at org.apache.hadoop.ozone.container.common.transport.server.ratis.ContainerStateMachine.startTransaction(ContainerStateMachine.java:310) ~[hadoop-hdds-container-service-0.5.0-SNAPSHOT.jar:?]
	at org.apache.ratis.server.impl.RaftServerImpl.submitClientRequestAsync(RaftServerImpl.java:566) ~[ratis-server-0.4.0-2337318-SNAPSHOT.jar:0.4.0-2337318-SNAPSHOT]
	at org.apache.ratis.server.impl.RaftServerProxy.lambda$submitClientRequestAsync$7(RaftServerProxy.java:333) ~[ratis-server-0.4.0-2337318-SNAPSHOT.jar:0.4.0-2337318-SNAPSHOT]
	at org.apache.ratis.server.impl.RaftServerProxy.lambda$null$5(RaftServerProxy.java:328) ~[ratis-server-0.4.0-2337318-SNAPSHOT.jar:0.4.0-2337318-SNAPSHOT]
	at org.apache.ratis.util.JavaUtils.callAsUnchecked(JavaUtils.java:109) ~[ratis-common-0.4.0-2337318-SNAPSHOT.jar:0.4.0-2337318-SNAPSHOT]
	at org.apache.ratis.server.impl.RaftServerProxy.lambda$submitRequest$6(RaftServerProxy.java:328) ~[ratis-server-0.4.0-2337318-SNAPSHOT.jar:0.4.0-2337318-SNAPSHOT]
	at java.util.concurrent.CompletableFuture.uniComposeStage(CompletableFuture.java:981) ~[?:1.8.0_212]
	at java.util.concurrent.CompletableFuture.thenCompose(CompletableFuture.java:2124) ~[?:1.8.0_212]
	at org.apache.ratis.server.impl.RaftServerProxy.submitRequest(RaftServerProxy.java:327) ~[ratis-server-0.4.0-2337318-SNAPSHOT.jar:0.4.0-2337318-SNAPSHOT]
	at org.apache.ratis.server.impl.RaftServerProxy.submitClientRequestAsync(RaftServerProxy.java:333) ~[ratis-server-0.4.0-2337318-SNAPSHOT.jar:0.4.0-2337318-SNAPSHOT]
	at org.apache.ratis.grpc.client.GrpcClientProtocolService$RequestStreamObserver.processClientRequest(GrpcClientProtocolService.java:220) ~[ratis-grpc-0.4.0-2337318-SNAPSHOT.jar:0.4.0-2337318-SNAPSHOT]
	at org.apache.ratis.grpc.client.GrpcClientProtocolService$OrderedRequestStreamObserver.processClientRequest(GrpcClientProtocolService.java:326) ~[ratis-grpc-0.4.0-2337318-SNAPSHOT.jar:0.4.0-2337318-SNAPSHOT]
	at org.apache.ratis.util.SlidingWindow$Server.processRequestsFromHead(SlidingWindow.java:429) [ratis-common-0.4.0-2337318-SNAPSHOT.jar:0.4.0-2337318-SNAPSHOT]
	at org.apache.ratis.util.SlidingWindow$Server.receivedRequest(SlidingWindow.java:421) [ratis-common-0.4.0-2337318-SNAPSHOT.jar:0.4.0-2337318-SNAPSHOT]
	at org.apache.ratis.grpc.client.GrpcClientProtocolService$OrderedRequestStreamObserver.processClientRequest(GrpcClientProtocolService.java:345) [ratis-grpc-0.4.0-2337318-SNAPSHOT.jar:0.4.0-2337318-SNAPSHOT]
	at org.apache.ratis.grpc.client.GrpcClientProtocolService$RequestStreamObserver.onNext(GrpcClientProtocolService.java:240) [ratis-grpc-0.4.0-2337318-SNAPSHOT.jar:0.4.0-2337318-SNAPSHOT]
	at org.apache.ratis.grpc.client.GrpcClientProtocolService$RequestStreamObserver.onNext(GrpcClientProtocolService.java:168) [ratis-grpc-0.4.0-2337318-SNAPSHOT.jar:0.4.0-2337318-SNAPSHOT]
	at org.apache.ratis.thirdparty.io.grpc.stub.ServerCalls$StreamingServerCallHandler$StreamingServerCallListener.onMessage(ServerCalls.java:248) [ratis-thirdparty-misc-0.2.0.jar:0.2.0]
	at org.apache.ratis.thirdparty.io.grpc.internal.ServerCallImpl$ServerStreamListenerImpl.messagesAvailable(ServerCallImpl.java:263) [ratis-thirdparty-misc-0.2.0.jar:0.2.0]
	at org.apache.ratis.thirdparty.io.grpc.internal.ServerImpl$JumpToApplicationThreadServerStreamListener$1MessagesAvailable.runInContext(ServerImpl.java:686) [ratis-thirdparty-misc-0.2.0.jar:0.2.0]
	at org.apache.ratis.thirdparty.io.grpc.internal.ContextRunnable.run(ContextRunnable.java:37) [ratis-thirdparty-misc-0.2.0.jar:0.2.0]
	at org.apache.ratis.thirdparty.io.grpc.internal.SerializingExecutor.run(SerializingExecutor.java:123) [ratis-thirdparty-misc-0.2.0.jar:0.2.0]
	at java.util.concurrent.ThreadPoolExecutor.runWorker(ThreadPoolExecutor.java:1149) [?:1.8.0_212]
	at java.util.concurrent.ThreadPoolExecutor$Worker.run(ThreadPoolExecutor.java:624) [?:1.8.0_212]
	at java.lang.Thread.run(Thread.java:748) [?:1.8.0_212]
2019-09-10 21:43:03,282 [grpc-default-executor-2] INFO  client.GrpcClientProtocolClient (GrpcClientProtocolClient.java:onNext(255)) - client-72FA98D339D5->5ce445f2-79e2-4057-935d-c7a236a581cd: receive RaftClientReply:client-72FA98D339D5->5ce445f2-79e2-4057-935d-c7a236a581cd@group-4647CE2A2CE4, cid=193, FAILED org.apache.ratis.protocol.StateMachineException: org.apache.hadoop.hdds.scm.container.common.helpers.ContainerNotOpenException from Server 5ce445f2-79e2-4057-935d-c7a236a581cd: Container 1 in CLOSING state, logIndex=0, commits[5ce445f2-79e2-4057-935d-c7a236a581cd:c17, 54252f36-17d3-44da-82d9-c462bd19d858:c15, a51c52ab-c67a-438e-9398-785fa2adbd64:c16]
21:43:03.283 [grpc-default-executor-9] ERROR DNAudit - user=null | ip=null | op=WRITE_CHUNK {blockData=conID: 1 locID: 102770393507430413 bcsId: 13} | ret=FAILURE
org.apache.hadoop.hdds.scm.container.common.helpers.ContainerNotOpenException: Container 1 in CLOSING state
	at org.apache.hadoop.ozone.container.common.impl.HddsDispatcher.validateContainerCommand(HddsDispatcher.java:408) ~[hadoop-hdds-container-service-0.5.0-SNAPSHOT.jar:?]
	at org.apache.hadoop.ozone.container.common.transport.server.ratis.ContainerStateMachine.startTransaction(ContainerStateMachine.java:310) ~[hadoop-hdds-container-service-0.5.0-SNAPSHOT.jar:?]
	at org.apache.ratis.server.impl.RaftServerImpl.submitClientRequestAsync(RaftServerImpl.java:566) ~[ratis-server-0.4.0-2337318-SNAPSHOT.jar:0.4.0-2337318-SNAPSHOT]
	at org.apache.ratis.server.impl.RaftServerProxy.lambda$submitClientRequestAsync$7(RaftServerProxy.java:333) ~[ratis-server-0.4.0-2337318-SNAPSHOT.jar:0.4.0-2337318-SNAPSHOT]
	at org.apache.ratis.server.impl.RaftServerProxy.lambda$null$5(RaftServerProxy.java:328) ~[ratis-server-0.4.0-2337318-SNAPSHOT.jar:0.4.0-2337318-SNAPSHOT]
	at org.apache.ratis.util.JavaUtils.callAsUnchecked(JavaUtils.java:109) ~[ratis-common-0.4.0-2337318-SNAPSHOT.jar:0.4.0-2337318-SNAPSHOT]
	at org.apache.ratis.server.impl.RaftServerProxy.lambda$submitRequest$6(RaftServerProxy.java:328) ~[ratis-server-0.4.0-2337318-SNAPSHOT.jar:0.4.0-2337318-SNAPSHOT]
	at java.util.concurrent.CompletableFuture.uniComposeStage(CompletableFuture.java:981) ~[?:1.8.0_212]
	at java.util.concurrent.CompletableFuture.thenCompose(CompletableFuture.java:2124) ~[?:1.8.0_212]
	at org.apache.ratis.server.impl.RaftServerProxy.submitRequest(RaftServerProxy.java:327) ~[ratis-server-0.4.0-2337318-SNAPSHOT.jar:0.4.0-2337318-SNAPSHOT]
	at org.apache.ratis.server.impl.RaftServerProxy.submitClientRequestAsync(RaftServerProxy.java:333) ~[ratis-server-0.4.0-2337318-SNAPSHOT.jar:0.4.0-2337318-SNAPSHOT]
	at org.apache.ratis.grpc.client.GrpcClientProtocolService$RequestStreamObserver.processClientRequest(GrpcClientProtocolService.java:220) ~[ratis-grpc-0.4.0-2337318-SNAPSHOT.jar:0.4.0-2337318-SNAPSHOT]
	at org.apache.ratis.grpc.client.GrpcClientProtocolService$OrderedRequestStreamObserver.processClientRequest(GrpcClientProtocolService.java:326) ~[ratis-grpc-0.4.0-2337318-SNAPSHOT.jar:0.4.0-2337318-SNAPSHOT]
	at org.apache.ratis.util.SlidingWindow$Server.processRequestsFromHead(SlidingWindow.java:429) [ratis-common-0.4.0-2337318-SNAPSHOT.jar:0.4.0-2337318-SNAPSHOT]
	at org.apache.ratis.util.SlidingWindow$Server.receivedRequest(SlidingWindow.java:421) [ratis-common-0.4.0-2337318-SNAPSHOT.jar:0.4.0-2337318-SNAPSHOT]
	at org.apache.ratis.grpc.client.GrpcClientProtocolService$OrderedRequestStreamObserver.processClientRequest(GrpcClientProtocolService.java:345) [ratis-grpc-0.4.0-2337318-SNAPSHOT.jar:0.4.0-2337318-SNAPSHOT]
	at org.apache.ratis.grpc.client.GrpcClientProtocolService$RequestStreamObserver.onNext(GrpcClientProtocolService.java:240) [ratis-grpc-0.4.0-2337318-SNAPSHOT.jar:0.4.0-2337318-SNAPSHOT]
	at org.apache.ratis.grpc.client.GrpcClientProtocolService$RequestStreamObserver.onNext(GrpcClientProtocolService.java:168) [ratis-grpc-0.4.0-2337318-SNAPSHOT.jar:0.4.0-2337318-SNAPSHOT]
	at org.apache.ratis.thirdparty.io.grpc.stub.ServerCalls$StreamingServerCallHandler$StreamingServerCallListener.onMessage(ServerCalls.java:248) [ratis-thirdparty-misc-0.2.0.jar:0.2.0]
	at org.apache.ratis.thirdparty.io.grpc.internal.ServerCallImpl$ServerStreamListenerImpl.messagesAvailable(ServerCallImpl.java:263) [ratis-thirdparty-misc-0.2.0.jar:0.2.0]
	at org.apache.ratis.thirdparty.io.grpc.internal.ServerImpl$JumpToApplicationThreadServerStreamListener$1MessagesAvailable.runInContext(ServerImpl.java:686) [ratis-thirdparty-misc-0.2.0.jar:0.2.0]
	at org.apache.ratis.thirdparty.io.grpc.internal.ContextRunnable.run(ContextRunnable.java:37) [ratis-thirdparty-misc-0.2.0.jar:0.2.0]
	at org.apache.ratis.thirdparty.io.grpc.internal.SerializingExecutor.run(SerializingExecutor.java:123) [ratis-thirdparty-misc-0.2.0.jar:0.2.0]
	at java.util.concurrent.ThreadPoolExecutor.runWorker(ThreadPoolExecutor.java:1149) [?:1.8.0_212]
	at java.util.concurrent.ThreadPoolExecutor$Worker.run(ThreadPoolExecutor.java:624) [?:1.8.0_212]
	at java.lang.Thread.run(Thread.java:748) [?:1.8.0_212]
2019-09-10 21:43:03,296 [grpc-default-executor-2] INFO  client.GrpcClientProtocolClient (GrpcClientProtocolClient.java:onNext(255)) - client-72FA98D339D5->5ce445f2-79e2-4057-935d-c7a236a581cd: receive RaftClientReply:client-72FA98D339D5->5ce445f2-79e2-4057-935d-c7a236a581cd@group-4647CE2A2CE4, cid=194, FAILED org.apache.ratis.protocol.StateMachineException: org.apache.hadoop.hdds.scm.container.common.helpers.ContainerNotOpenException from Server 5ce445f2-79e2-4057-935d-c7a236a581cd: Container 1 in CLOSING state, logIndex=0, commits[5ce445f2-79e2-4057-935d-c7a236a581cd:c17, 54252f36-17d3-44da-82d9-c462bd19d858:c15, a51c52ab-c67a-438e-9398-785fa2adbd64:c16]
21:43:03.296 [grpc-default-executor-9] ERROR DNAudit - user=null | ip=null | op=PUT_BLOCK {blockData=[blockId=conID: 1 locID: 102770393507430413 bcsId: 0,size=800]} | ret=FAILURE
org.apache.hadoop.hdds.scm.container.common.helpers.ContainerNotOpenException: Container 1 in CLOSING state
	at org.apache.hadoop.ozone.container.common.impl.HddsDispatcher.validateContainerCommand(HddsDispatcher.java:408) ~[hadoop-hdds-container-service-0.5.0-SNAPSHOT.jar:?]
	at org.apache.hadoop.ozone.container.common.transport.server.ratis.ContainerStateMachine.startTransaction(ContainerStateMachine.java:310) ~[hadoop-hdds-container-service-0.5.0-SNAPSHOT.jar:?]
	at org.apache.ratis.server.impl.RaftServerImpl.submitClientRequestAsync(RaftServerImpl.java:566) ~[ratis-server-0.4.0-2337318-SNAPSHOT.jar:0.4.0-2337318-SNAPSHOT]
	at org.apache.ratis.server.impl.RaftServerProxy.lambda$submitClientRequestAsync$7(RaftServerProxy.java:333) ~[ratis-server-0.4.0-2337318-SNAPSHOT.jar:0.4.0-2337318-SNAPSHOT]
	at org.apache.ratis.server.impl.RaftServerProxy.lambda$null$5(RaftServerProxy.java:328) ~[ratis-server-0.4.0-2337318-SNAPSHOT.jar:0.4.0-2337318-SNAPSHOT]
	at org.apache.ratis.util.JavaUtils.callAsUnchecked(JavaUtils.java:109) ~[ratis-common-0.4.0-2337318-SNAPSHOT.jar:0.4.0-2337318-SNAPSHOT]
	at org.apache.ratis.server.impl.RaftServerProxy.lambda$submitRequest$6(RaftServerProxy.java:328) ~[ratis-server-0.4.0-2337318-SNAPSHOT.jar:0.4.0-2337318-SNAPSHOT]
	at java.util.concurrent.CompletableFuture.uniComposeStage(CompletableFuture.java:981) ~[?:1.8.0_212]
	at java.util.concurrent.CompletableFuture.thenCompose(CompletableFuture.java:2124) ~[?:1.8.0_212]
	at org.apache.ratis.server.impl.RaftServerProxy.submitRequest(RaftServerProxy.java:327) ~[ratis-server-0.4.0-2337318-SNAPSHOT.jar:0.4.0-2337318-SNAPSHOT]
	at org.apache.ratis.server.impl.RaftServerProxy.submitClientRequestAsync(RaftServerProxy.java:333) ~[ratis-server-0.4.0-2337318-SNAPSHOT.jar:0.4.0-2337318-SNAPSHOT]
	at org.apache.ratis.grpc.client.GrpcClientProtocolService$RequestStreamObserver.processClientRequest(GrpcClientProtocolService.java:220) ~[ratis-grpc-0.4.0-2337318-SNAPSHOT.jar:0.4.0-2337318-SNAPSHOT]
	at org.apache.ratis.grpc.client.GrpcClientProtocolService$OrderedRequestStreamObserver.processClientRequest(GrpcClientProtocolService.java:326) ~[ratis-grpc-0.4.0-2337318-SNAPSHOT.jar:0.4.0-2337318-SNAPSHOT]
	at org.apache.ratis.util.SlidingWindow$Server.processRequestsFromHead(SlidingWindow.java:429) [ratis-common-0.4.0-2337318-SNAPSHOT.jar:0.4.0-2337318-SNAPSHOT]
	at org.apache.ratis.util.SlidingWindow$Server.receivedRequest(SlidingWindow.java:421) [ratis-common-0.4.0-2337318-SNAPSHOT.jar:0.4.0-2337318-SNAPSHOT]
	at org.apache.ratis.grpc.client.GrpcClientProtocolService$OrderedRequestStreamObserver.processClientRequest(GrpcClientProtocolService.java:345) [ratis-grpc-0.4.0-2337318-SNAPSHOT.jar:0.4.0-2337318-SNAPSHOT]
	at org.apache.ratis.grpc.client.GrpcClientProtocolService$RequestStreamObserver.onNext(GrpcClientProtocolService.java:240) [ratis-grpc-0.4.0-2337318-SNAPSHOT.jar:0.4.0-2337318-SNAPSHOT]
	at org.apache.ratis.grpc.client.GrpcClientProtocolService$RequestStreamObserver.onNext(GrpcClientProtocolService.java:168) [ratis-grpc-0.4.0-2337318-SNAPSHOT.jar:0.4.0-2337318-SNAPSHOT]
	at org.apache.ratis.thirdparty.io.grpc.stub.ServerCalls$StreamingServerCallHandler$StreamingServerCallListener.onMessage(ServerCalls.java:248) [ratis-thirdparty-misc-0.2.0.jar:0.2.0]
	at org.apache.ratis.thirdparty.io.grpc.internal.ServerCallImpl$ServerStreamListenerImpl.messagesAvailable(ServerCallImpl.java:263) [ratis-thirdparty-misc-0.2.0.jar:0.2.0]
	at org.apache.ratis.thirdparty.io.grpc.internal.ServerImpl$JumpToApplicationThreadServerStreamListener$1MessagesAvailable.runInContext(ServerImpl.java:686) [ratis-thirdparty-misc-0.2.0.jar:0.2.0]
	at org.apache.ratis.thirdparty.io.grpc.internal.ContextRunnable.run(ContextRunnable.java:37) [ratis-thirdparty-misc-0.2.0.jar:0.2.0]
	at org.apache.ratis.thirdparty.io.grpc.internal.SerializingExecutor.run(SerializingExecutor.java:123) [ratis-thirdparty-misc-0.2.0.jar:0.2.0]
	at java.util.concurrent.ThreadPoolExecutor.runWorker(ThreadPoolExecutor.java:1149) [?:1.8.0_212]
	at java.util.concurrent.ThreadPoolExecutor$Worker.run(ThreadPoolExecutor.java:624) [?:1.8.0_212]
	at java.lang.Thread.run(Thread.java:748) [?:1.8.0_212]
2019-09-10 21:43:03,297 [grpc-default-executor-2] INFO  client.GrpcClientProtocolClient (GrpcClientProtocolClient.java:onNext(255)) - client-72FA98D339D5->5ce445f2-79e2-4057-935d-c7a236a581cd: receive RaftClientReply:client-72FA98D339D5->5ce445f2-79e2-4057-935d-c7a236a581cd@group-4647CE2A2CE4, cid=195, FAILED org.apache.ratis.protocol.StateMachineException: org.apache.hadoop.hdds.scm.container.common.helpers.ContainerNotOpenException from Server 5ce445f2-79e2-4057-935d-c7a236a581cd: Container 1 in CLOSING state, logIndex=0, commits[5ce445f2-79e2-4057-935d-c7a236a581cd:c17, 54252f36-17d3-44da-82d9-c462bd19d858:c15, a51c52ab-c67a-438e-9398-785fa2adbd64:c16]
2019-09-10 21:43:03,304 [grpc-default-executor-9] INFO  client.GrpcClientProtocolClient (GrpcClientProtocolClient.java:onNext(255)) - client-72FA98D339D5->5ce445f2-79e2-4057-935d-c7a236a581cd: receive RaftClientReply:client-72FA98D339D5->5ce445f2-79e2-4057-935d-c7a236a581cd@group-4647CE2A2CE4, cid=196, FAILED org.apache.ratis.protocol.StateMachineException: org.apache.hadoop.hdds.scm.container.common.helpers.ContainerNotOpenException from Server 5ce445f2-79e2-4057-935d-c7a236a581cd: Container 1 in CLOSING state, logIndex=0, commits[5ce445f2-79e2-4057-935d-c7a236a581cd:c17, 54252f36-17d3-44da-82d9-c462bd19d858:c15, a51c52ab-c67a-438e-9398-785fa2adbd64:c16]
2019-09-10 21:43:03,483 [grpc-default-executor-9] INFO  client.GrpcClientProtocolClient (GrpcClientProtocolClient.java:onNext(255)) - client-13F2E3BC502A->015512a9-a872-4562-a045-0746d0865c08: receive RaftClientReply:client-13F2E3BC502A->015512a9-a872-4562-a045-0746d0865c08@group-375B930B3664, cid=197, SUCCESS, logIndex=1, commits[015512a9-a872-4562-a045-0746d0865c08:c1, f933e11a-a116-4831-9071-5b6229b09e88:c0, 8a367430-73c6-4691-a893-24a58d3c5b91:c0]
2019-09-10 21:43:03,525 [grpc-default-executor-9] INFO  client.GrpcClientProtocolClient (GrpcClientProtocolClient.java:onNext(255)) - client-13F2E3BC502A->015512a9-a872-4562-a045-0746d0865c08: receive RaftClientReply:client-13F2E3BC502A->015512a9-a872-4562-a045-0746d0865c08@group-375B930B3664, cid=198, SUCCESS, logIndex=3, commits[015512a9-a872-4562-a045-0746d0865c08:c4, f933e11a-a116-4831-9071-5b6229b09e88:c1, 8a367430-73c6-4691-a893-24a58d3c5b91:c1]
2019-09-10 21:43:03,574 [grpc-default-executor-9] INFO  client.GrpcClientProtocolClient (GrpcClientProtocolClient.java:onNext(255)) - client-13F2E3BC502A->015512a9-a872-4562-a045-0746d0865c08: receive RaftClientReply:client-13F2E3BC502A->015512a9-a872-4562-a045-0746d0865c08@group-375B930B3664, cid=199, SUCCESS, logIndex=4, commits[015512a9-a872-4562-a045-0746d0865c08:c12, f933e11a-a116-4831-9071-5b6229b09e88:c7, 8a367430-73c6-4691-a893-24a58d3c5b91:c7]
2019-09-10 21:43:03,574 [grpc-default-executor-9] INFO  client.GrpcClientProtocolClient (GrpcClientProtocolClient.java:onNext(255)) - client-13F2E3BC502A->015512a9-a872-4562-a045-0746d0865c08: receive RaftClientReply:client-13F2E3BC502A->015512a9-a872-4562-a045-0746d0865c08@group-375B930B3664, cid=200, SUCCESS, logIndex=5, commits[015512a9-a872-4562-a045-0746d0865c08:c12, f933e11a-a116-4831-9071-5b6229b09e88:c7, 8a367430-73c6-4691-a893-24a58d3c5b91:c7]
2019-09-10 21:43:03,578 [grpc-default-executor-9] INFO  client.GrpcClientProtocolClient (GrpcClientProtocolClient.java:onNext(255)) - client-13F2E3BC502A->015512a9-a872-4562-a045-0746d0865c08: receive RaftClientReply:client-13F2E3BC502A->015512a9-a872-4562-a045-0746d0865c08@group-375B930B3664, cid=201, SUCCESS, logIndex=6, commits[015512a9-a872-4562-a045-0746d0865c08:c12, f933e11a-a116-4831-9071-5b6229b09e88:c7, 8a367430-73c6-4691-a893-24a58d3c5b91:c7]
2019-09-10 21:43:03,668 [grpc-default-executor-9] INFO  client.GrpcClientProtocolClient (GrpcClientProtocolClient.java:onNext(255)) - client-13F2E3BC502A->015512a9-a872-4562-a045-0746d0865c08: receive RaftClientReply:client-13F2E3BC502A->015512a9-a872-4562-a045-0746d0865c08@group-375B930B3664, cid=202, SUCCESS, logIndex=7, commits[015512a9-a872-4562-a045-0746d0865c08:c12, f933e11a-a116-4831-9071-5b6229b09e88:c7, 8a367430-73c6-4691-a893-24a58d3c5b91:c7]
2019-09-10 21:43:03,695 [grpc-default-executor-11] INFO  client.GrpcClientProtocolClient (GrpcClientProtocolClient.java:onNext(255)) - client-13F2E3BC502A->015512a9-a872-4562-a045-0746d0865c08: receive RaftClientReply:client-13F2E3BC502A->015512a9-a872-4562-a045-0746d0865c08@group-375B930B3664, cid=203, SUCCESS, logIndex=13, commits[015512a9-a872-4562-a045-0746d0865c08:c14, f933e11a-a116-4831-9071-5b6229b09e88:c12, 8a367430-73c6-4691-a893-24a58d3c5b91:c12]
2019-09-10 21:43:03,695 [grpc-default-executor-11] INFO  client.GrpcClientProtocolClient (GrpcClientProtocolClient.java:onNext(255)) - client-13F2E3BC502A->015512a9-a872-4562-a045-0746d0865c08: receive RaftClientReply:client-13F2E3BC502A->015512a9-a872-4562-a045-0746d0865c08@group-375B930B3664, cid=204, SUCCESS, logIndex=14, commits[015512a9-a872-4562-a045-0746d0865c08:c14, f933e11a-a116-4831-9071-5b6229b09e88:c12, 8a367430-73c6-4691-a893-24a58d3c5b91:c12]
2019-09-10 21:43:03,701 [grpc-default-executor-9] INFO  client.GrpcClientProtocolClient (GrpcClientProtocolClient.java:onNext(255)) - client-13F2E3BC502A->015512a9-a872-4562-a045-0746d0865c08: receive RaftClientReply:client-13F2E3BC502A->015512a9-a872-4562-a045-0746d0865c08@group-375B930B3664, cid=205, SUCCESS, logIndex=0, commits[015512a9-a872-4562-a045-0746d0865c08:c15, f933e11a-a116-4831-9071-5b6229b09e88:c14, 8a367430-73c6-4691-a893-24a58d3c5b91:c14]
2019-09-10 21:43:03,702 [main] INFO  ozone.MiniOzoneClusterImpl (MiniOzoneClusterImpl.java:shutdown(307)) - Shutting down the Mini Ozone Cluster
2019-09-10 21:43:03,702 [main] INFO  ozone.MiniOzoneClusterImpl (MiniOzoneClusterImpl.java:stop(322)) - Stopping the Mini Ozone Cluster
2019-09-10 21:43:03,702 [main] INFO  ozone.MiniOzoneClusterImpl (MiniOzoneClusterImpl.java:stop(324)) - Stopping the OzoneManager
2019-09-10 21:43:03,702 [main] INFO  ipc.Server (Server.java:stop(3082)) - Stopping server on 38651
2019-09-10 21:43:03,709 [IPC Server listener on 38651] INFO  ipc.Server (Server.java:run(1185)) - Stopping IPC Server listener on 38651
2019-09-10 21:43:03,710 [main] INFO  ratis.OzoneManagerDoubleBuffer (OzoneManagerDoubleBuffer.java:stop(248)) - Stopping OMDoubleBuffer flush thread
2019-09-10 21:43:03,710 [IPC Server Responder] INFO  ipc.Server (Server.java:run(1319)) - Stopping IPC Server Responder
2019-09-10 21:43:03,712 [OMDoubleBufferFlushThread] INFO  ratis.OzoneManagerDoubleBuffer (OzoneManagerDoubleBuffer.java:flushTransactions(191)) - OMDoubleBuffer flush thread OMDoubleBufferFlushThread is interrupted and will exit. OMDoubleBufferFlushThread
2019-09-10 21:43:03,720 [main] INFO  utils.BackgroundService (BackgroundService.java:shutdown(148)) - Shutting down service KeyDeletingService
2019-09-10 21:43:04,237 [main] INFO  handler.ContextHandler (ContextHandler.java:doStop(910)) - Stopped o.e.j.w.WebAppContext@6b2fdffc{/,null,UNAVAILABLE}{/ozoneManager}
2019-09-10 21:43:04,238 [main] INFO  server.AbstractConnector (AbstractConnector.java:doStop(318)) - Stopped ServerConnector@2ca3d826{HTTP/1.1,[http/1.1]}{0.0.0.0:0}
2019-09-10 21:43:04,239 [main] INFO  handler.ContextHandler (ContextHandler.java:doStop(910)) - Stopped o.e.j.s.ServletContextHandler@48cd319d{/static,file:///workdir/hadoop-ozone/integration-test/target/test-classes/webapps/static,UNAVAILABLE}
2019-09-10 21:43:04,239 [main] INFO  handler.ContextHandler (ContextHandler.java:doStop(910)) - Stopped o.e.j.s.ServletContextHandler@38732364{/logs,file:///workdir/hadoop-ozone/integration-test/target/log,UNAVAILABLE}
2019-09-10 21:43:04,243 [main] INFO  ozone.MiniOzoneClusterImpl (MiniOzoneClusterImpl.java:stop(330)) - Shutting the HddsDatanodes
2019-09-10 21:43:04,464 [Datanode State Machine Thread - 0] INFO  statemachine.DatanodeStateMachine (DatanodeStateMachine.java:lambda$startDaemon$0(350)) - Ozone container server started.
2019-09-10 21:43:05,101 [Datanode State Machine Thread - 0] INFO  statemachine.DatanodeStateMachine (DatanodeStateMachine.java:lambda$startDaemon$0(350)) - Ozone container server started.
2019-09-10 21:43:05,139 [grpc-default-executor-9] WARN  server.GrpcLogAppender (LogUtils.java:warn(134)) - 5ce445f2-79e2-4057-935d-c7a236a581cd->54252f36-17d3-44da-82d9-c462bd19d858: Failed appendEntries: org.apache.ratis.thirdparty.io.grpc.StatusRuntimeException: UNAVAILABLE: io exception
2019-09-10 21:43:05,140 [grpc-default-executor-9] INFO  impl.FollowerInfo (FollowerInfo.java:lambda$new$0(50)) - 5ce445f2-79e2-4057-935d-c7a236a581cd->54252f36-17d3-44da-82d9-c462bd19d858: nextIndex: updateUnconditionally 1 -> 0
2019-09-10 21:43:07,637 [grpc-default-executor-2] WARN  server.GrpcLogAppender (LogUtils.java:warn(134)) - 5ce445f2-79e2-4057-935d-c7a236a581cd->54252f36-17d3-44da-82d9-c462bd19d858: Failed appendEntries: org.apache.ratis.thirdparty.io.grpc.StatusRuntimeException: UNAVAILABLE: io exception
2019-09-10 21:43:07,637 [grpc-default-executor-2] INFO  impl.FollowerInfo (FollowerInfo.java:lambda$new$0(50)) - 5ce445f2-79e2-4057-935d-c7a236a581cd->54252f36-17d3-44da-82d9-c462bd19d858: nextIndex: updateUnconditionally 0 -> 0
2019-09-10 21:43:08,471 [EventQueue-StaleNodeForStaleNodeHandler] INFO  node.StaleNodeHandler (StaleNodeHandler.java:onMessage(58)) - Datanode f933e11a-a116-4831-9071-5b6229b09e88{ip: 192.168.157.245, host: pr-hdds-2007-wqvw6-2944049611, networkLocation: /default-rack, certSerialId: null} moved to stale state. Finalizing its pipelines [PipelineID=d5e3a037-8037-4c31-aa7e-375b930b3664, PipelineID=f6fa17c2-8dd9-4c9e-8f3d-6008b8967713]
2019-09-10 21:43:08,471 [EventQueue-StaleNodeForStaleNodeHandler] INFO  pipeline.SCMPipelineManager (SCMPipelineManager.java:finalizeAndDestroyPipeline(311)) - destroying pipeline:Pipeline[ Id: d5e3a037-8037-4c31-aa7e-375b930b3664, Nodes: 015512a9-a872-4562-a045-0746d0865c08{ip: 192.168.157.245, host: pr-hdds-2007-wqvw6-2944049611, networkLocation: /default-rack, certSerialId: null}f933e11a-a116-4831-9071-5b6229b09e88{ip: 192.168.157.245, host: pr-hdds-2007-wqvw6-2944049611, networkLocation: /default-rack, certSerialId: null}8a367430-73c6-4691-a893-24a58d3c5b91{ip: 192.168.157.245, host: pr-hdds-2007-wqvw6-2944049611, networkLocation: /default-rack, certSerialId: null}, Type:RATIS, Factor:THREE, State:OPEN]
2019-09-10 21:43:08,472 [EventQueue-StaleNodeForStaleNodeHandler] INFO  pipeline.PipelineStateManager (PipelineStateManager.java:finalizePipeline(123)) - Pipeline Pipeline[ Id: d5e3a037-8037-4c31-aa7e-375b930b3664, Nodes: 015512a9-a872-4562-a045-0746d0865c08{ip: 192.168.157.245, host: pr-hdds-2007-wqvw6-2944049611, networkLocation: /default-rack, certSerialId: null}f933e11a-a116-4831-9071-5b6229b09e88{ip: 192.168.157.245, host: pr-hdds-2007-wqvw6-2944049611, networkLocation: /default-rack, certSerialId: null}8a367430-73c6-4691-a893-24a58d3c5b91{ip: 192.168.157.245, host: pr-hdds-2007-wqvw6-2944049611, networkLocation: /default-rack, certSerialId: null}, Type:RATIS, Factor:THREE, State:CLOSED] moved to CLOSED state
2019-09-10 21:43:08,472 [EventQueue-CloseContainerForCloseContainerEventHandler] INFO  container.CloseContainerEventHandler (CloseContainerEventHandler.java:onMessage(61)) - Close container Event triggered for container : #2
2019-09-10 21:43:08,472 [EventQueue-StaleNodeForStaleNodeHandler] INFO  pipeline.SCMPipelineManager (SCMPipelineManager.java:finalizeAndDestroyPipeline(311)) - destroying pipeline:Pipeline[ Id: f6fa17c2-8dd9-4c9e-8f3d-6008b8967713, Nodes: f933e11a-a116-4831-9071-5b6229b09e88{ip: 192.168.157.245, host: pr-hdds-2007-wqvw6-2944049611, networkLocation: /default-rack, certSerialId: null}, Type:RATIS, Factor:ONE, State:OPEN]
2019-09-10 21:43:08,472 [EventQueue-StaleNodeForStaleNodeHandler] INFO  pipeline.PipelineStateManager (PipelineStateManager.java:finalizePipeline(123)) - Pipeline Pipeline[ Id: f6fa17c2-8dd9-4c9e-8f3d-6008b8967713, Nodes: f933e11a-a116-4831-9071-5b6229b09e88{ip: 192.168.157.245, host: pr-hdds-2007-wqvw6-2944049611, networkLocation: /default-rack, certSerialId: null}, Type:RATIS, Factor:ONE, State:CLOSED] moved to CLOSED state
2019-09-10 21:43:09,172 [EventQueue-StaleNodeForStaleNodeHandler] INFO  node.StaleNodeHandler (StaleNodeHandler.java:onMessage(58)) - Datanode 5ce445f2-79e2-4057-935d-c7a236a581cd{ip: 192.168.157.245, host: pr-hdds-2007-wqvw6-2944049611, networkLocation: /default-rack, certSerialId: null} moved to stale state. Finalizing its pipelines [PipelineID=b04ac957-915a-453f-a5d9-4647ce2a2ce4, PipelineID=51575d14-2f0e-41a4-9bdd-3b313d23aa6d]
2019-09-10 21:43:09,172 [EventQueue-StaleNodeForStaleNodeHandler] INFO  pipeline.SCMPipelineManager (SCMPipelineManager.java:finalizeAndDestroyPipeline(311)) - destroying pipeline:Pipeline[ Id: b04ac957-915a-453f-a5d9-4647ce2a2ce4, Nodes: 54252f36-17d3-44da-82d9-c462bd19d858{ip: 192.168.157.245, host: pr-hdds-2007-wqvw6-2944049611, networkLocation: /default-rack, certSerialId: null}5ce445f2-79e2-4057-935d-c7a236a581cd{ip: 192.168.157.245, host: pr-hdds-2007-wqvw6-2944049611, networkLocation: /default-rack, certSerialId: null}a51c52ab-c67a-438e-9398-785fa2adbd64{ip: 192.168.157.245, host: pr-hdds-2007-wqvw6-2944049611, networkLocation: /default-rack, certSerialId: null}, Type:RATIS, Factor:THREE, State:CLOSED]
2019-09-10 21:43:09,173 [EventQueue-StaleNodeForStaleNodeHandler] INFO  pipeline.SCMPipelineManager (SCMPipelineManager.java:finalizeAndDestroyPipeline(311)) - destroying pipeline:Pipeline[ Id: 51575d14-2f0e-41a4-9bdd-3b313d23aa6d, Nodes: 5ce445f2-79e2-4057-935d-c7a236a581cd{ip: 192.168.157.245, host: pr-hdds-2007-wqvw6-2944049611, networkLocation: /default-rack, certSerialId: null}, Type:RATIS, Factor:ONE, State:OPEN]
2019-09-10 21:43:09,173 [EventQueue-StaleNodeForStaleNodeHandler] INFO  pipeline.PipelineStateManager (PipelineStateManager.java:finalizePipeline(123)) - Pipeline Pipeline[ Id: 51575d14-2f0e-41a4-9bdd-3b313d23aa6d, Nodes: 5ce445f2-79e2-4057-935d-c7a236a581cd{ip: 192.168.157.245, host: pr-hdds-2007-wqvw6-2944049611, networkLocation: /default-rack, certSerialId: null}, Type:RATIS, Factor:ONE, State:CLOSED] moved to CLOSED state
2019-09-10 21:43:09,244 [ForkJoinPool.commonPool-worker-0] INFO  ozoneimpl.OzoneContainer (OzoneContainer.java:stop(215)) - Attempting to stop container services.
2019-09-10 21:43:09,244 [main] INFO  ozoneimpl.OzoneContainer (OzoneContainer.java:stop(215)) - Attempting to stop container services.
2019-09-10 21:43:09,245 [ForkJoinPool.commonPool-worker-0] INFO  impl.RaftServerProxy (RaftServerProxy.java:lambda$close$4(314)) - f933e11a-a116-4831-9071-5b6229b09e88: close
2019-09-10 21:43:09,245 [main] INFO  impl.RaftServerProxy (RaftServerProxy.java:lambda$close$4(314)) - 5ce445f2-79e2-4057-935d-c7a236a581cd: close
2019-09-10 21:43:09,246 [ForkJoinPool.commonPool-worker-0] INFO  impl.RaftServerImpl (RaftServerImpl.java:lambda$shutdown$3(245)) - f933e11a-a116-4831-9071-5b6229b09e88: shutdown group-375B930B3664
2019-09-10 21:43:09,246 [main] INFO  impl.RaftServerImpl (RaftServerImpl.java:lambda$shutdown$3(245)) - 5ce445f2-79e2-4057-935d-c7a236a581cd: shutdown group-4647CE2A2CE4
2019-09-10 21:43:09,246 [ForkJoinPool.commonPool-worker-0] INFO  util.JmxRegister (JmxRegister.java:unregister(73)) - Successfully un-registered JMX Bean with object name Ratis:service=RaftServer,group=group-375B930B3664,id=f933e11a-a116-4831-9071-5b6229b09e88
2019-09-10 21:43:09,247 [main] INFO  util.JmxRegister (JmxRegister.java:unregister(73)) - Successfully un-registered JMX Bean with object name Ratis:service=RaftServer,group=group-4647CE2A2CE4,id=5ce445f2-79e2-4057-935d-c7a236a581cd
2019-09-10 21:43:09,247 [ForkJoinPool.commonPool-worker-0] INFO  impl.RoleInfo (RoleInfo.java:shutdownFollowerState(121)) - f933e11a-a116-4831-9071-5b6229b09e88: shutdown FollowerState
2019-09-10 21:43:09,248 [main] INFO  impl.RoleInfo (RoleInfo.java:shutdownLeaderState(104)) - 5ce445f2-79e2-4057-935d-c7a236a581cd: shutdown LeaderState
2019-09-10 21:43:09,248 [Thread-3714] INFO  impl.FollowerState (FollowerState.java:run(114)) - f933e11a-a116-4831-9071-5b6229b09e88: FollowerState was interrupted: java.lang.InterruptedException: sleep interrupted
2019-09-10 21:43:09,253 [main] INFO  impl.PendingRequests (PendingRequests.java:sendNotLeaderResponses(202)) - 5ce445f2-79e2-4057-935d-c7a236a581cd-PendingRequests: sendNotLeaderResponses
2019-09-10 21:43:09,248 [StateMachineUpdater:f933e11a-a116-4831-9071-5b6229b09e88:group-375B930B3664] INFO  ratis.ContainerStateMachine (ContainerStateMachine.java:takeSnapshot(284)) - group-375B930B3664: Taking a snapshot at:(t:2, i:14) file /workdir/hadoop-ozone/integration-test/target/test-dir/MiniOzoneClusterImpl-89ab4714-a06f-49fd-a91c-210e479dc798/datanode-1/data/ratis/d5e3a037-8037-4c31-aa7e-375b930b3664/sm/snapshot.2_14
2019-09-10 21:43:09,248 [ForkJoinPool.commonPool-worker-0] INFO  impl.StateMachineUpdater (StateMachineUpdater.java:stopAndJoin(115)) - StateMachineUpdater:f933e11a-a116-4831-9071-5b6229b09e88:group-375B930B3664: set stopIndex = 16
2019-09-10 21:43:09,254 [StateMachineUpdater:5ce445f2-79e2-4057-935d-c7a236a581cd:group-4647CE2A2CE4] INFO  ratis.ContainerStateMachine (ContainerStateMachine.java:takeSnapshot(284)) - group-4647CE2A2CE4: Taking a snapshot at:(t:2, i:13) file /workdir/hadoop-ozone/integration-test/target/test-dir/MiniOzoneClusterImpl-89ab4714-a06f-49fd-a91c-210e479dc798/datanode-3/data/ratis/b04ac957-915a-453f-a5d9-4647ce2a2ce4/sm/snapshot.2_13
2019-09-10 21:43:09,254 [main] INFO  impl.StateMachineUpdater (StateMachineUpdater.java:stopAndJoin(115)) - StateMachineUpdater:5ce445f2-79e2-4057-935d-c7a236a581cd:group-4647CE2A2CE4: set stopIndex = 17
2019-09-10 21:43:09,253 [org.apache.ratis.server.impl.LogAppender$AppenderDaemon$$Lambda$508/1205554514@56a88a10] WARN  server.GrpcLogAppender (GrpcLogAppender.java:mayWait(143)) - GrpcLogAppender(5ce445f2-79e2-4057-935d-c7a236a581cd->a51c52ab-c67a-438e-9398-785fa2adbd64): Wait interrupted by java.lang.InterruptedException
2019-09-10 21:43:09,253 [org.apache.ratis.server.impl.LogAppender$AppenderDaemon$$Lambda$508/1205554514@30df78d2] WARN  server.GrpcLogAppender (GrpcLogAppender.java:mayWait(143)) - GrpcLogAppender(5ce445f2-79e2-4057-935d-c7a236a581cd->54252f36-17d3-44da-82d9-c462bd19d858): Wait interrupted by java.lang.InterruptedException
2019-09-10 21:43:09,256 [grpc-default-executor-9] INFO  server.GrpcServerProtocolService (GrpcServerProtocolService.java:onCompleted(104)) - a51c52ab-c67a-438e-9398-785fa2adbd64: appendEntries completed
2019-09-10 21:43:09,256 [grpc-default-executor-9] INFO  server.GrpcLogAppender (GrpcLogAppender.java:onCompleted(292)) - 5ce445f2-79e2-4057-935d-c7a236a581cd->a51c52ab-c67a-438e-9398-785fa2adbd64: follower responses appendEntries COMPLETED
2019-09-10 21:43:09,256 [grpc-default-executor-9] INFO  impl.FollowerInfo (FollowerInfo.java:lambda$new$0(50)) - 5ce445f2-79e2-4057-935d-c7a236a581cd->a51c52ab-c67a-438e-9398-785fa2adbd64: nextIndex: updateUnconditionally 18 -> 17
2019-09-10 21:43:12,878 [Thread-3851] INFO  impl.FollowerState (FollowerState.java:run(106)) - a51c52ab-c67a-438e-9398-785fa2adbd64:group-4647CE2A2CE4 changes to CANDIDATE, lastRpcTime:5241, electionTimeout:5198ms
2019-09-10 21:43:12,878 [Thread-3851] INFO  impl.RoleInfo (RoleInfo.java:shutdownFollowerState(121)) - a51c52ab-c67a-438e-9398-785fa2adbd64: shutdown FollowerState
2019-09-10 21:43:12,878 [Thread-3851] INFO  impl.RaftServerImpl (RaftServerImpl.java:setRole(171)) - a51c52ab-c67a-438e-9398-785fa2adbd64:group-4647CE2A2CE4 changes role from FOLLOWER to CANDIDATE at term 3 for changeToCandidate
2019-09-10 21:43:12,878 [Thread-3851] INFO  impl.RoleInfo (RoleInfo.java:updateAndGet(143)) - a51c52ab-c67a-438e-9398-785fa2adbd64: start LeaderElection
2019-09-10 21:43:12,883 [a51c52ab-c67a-438e-9398-785fa2adbd64:group-4647CE2A2CE4:LeaderElection87] INFO  impl.RaftServerImpl (ServerState.java:setLeader(263)) - a51c52ab-c67a-438e-9398-785fa2adbd64:group-4647CE2A2CE4 change Leader from 5ce445f2-79e2-4057-935d-c7a236a581cd to null at term 3 for initElection
2019-09-10 21:43:13,179 [StateMachineUpdater:5ce445f2-79e2-4057-935d-c7a236a581cd:group-4647CE2A2CE4] INFO  ratis.ContainerStateMachine (ContainerStateMachine.java:takeSnapshot(295)) - group-4647CE2A2CE4: Finished taking a snapshot at:(t:2, i:13) file:/workdir/hadoop-ozone/integration-test/target/test-dir/MiniOzoneClusterImpl-89ab4714-a06f-49fd-a91c-210e479dc798/datanode-3/data/ratis/b04ac957-915a-453f-a5d9-4647ce2a2ce4/sm/snapshot.2_13 time:3925
2019-09-10 21:43:13,179 [a51c52ab-c67a-438e-9398-785fa2adbd64:group-4647CE2A2CE4:LeaderElection87] INFO  impl.LeaderElection (LeaderElection.java:askForVotes(181)) - a51c52ab-c67a-438e-9398-785fa2adbd64:group-4647CE2A2CE4:LeaderElection87: begin an election at term 4 for 16: [54252f36-17d3-44da-82d9-c462bd19d858:192.168.157.245:35361, a51c52ab-c67a-438e-9398-785fa2adbd64:192.168.157.245:43951, 5ce445f2-79e2-4057-935d-c7a236a581cd:192.168.157.245:40841], old=null
2019-09-10 21:43:13,179 [StateMachineUpdater:f933e11a-a116-4831-9071-5b6229b09e88:group-375B930B3664] INFO  ratis.ContainerStateMachine (ContainerStateMachine.java:takeSnapshot(295)) - group-375B930B3664: Finished taking a snapshot at:(t:2, i:14) file:/workdir/hadoop-ozone/integration-test/target/test-dir/MiniOzoneClusterImpl-89ab4714-a06f-49fd-a91c-210e479dc798/datanode-1/data/ratis/d5e3a037-8037-4c31-aa7e-375b930b3664/sm/snapshot.2_14 time:3931
2019-09-10 21:43:13,180 [StateMachineUpdater:5ce445f2-79e2-4057-935d-c7a236a581cd:group-4647CE2A2CE4] INFO  impl.StateMachineUpdater (StateMachineUpdater.java:takeSnapshot(242)) - StateMachineUpdater:5ce445f2-79e2-4057-935d-c7a236a581cd:group-4647CE2A2CE4: Took a snapshot at index 13
2019-09-10 21:43:13,180 [StateMachineUpdater:f933e11a-a116-4831-9071-5b6229b09e88:group-375B930B3664] INFO  impl.StateMachineUpdater (StateMachineUpdater.java:takeSnapshot(242)) - StateMachineUpdater:f933e11a-a116-4831-9071-5b6229b09e88:group-375B930B3664: Took a snapshot at index 14
2019-09-10 21:43:13,180 [StateMachineUpdater:5ce445f2-79e2-4057-935d-c7a236a581cd:group-4647CE2A2CE4] INFO  impl.StateMachineUpdater (StateMachineUpdater.java:lambda$new$0(80)) - StateMachineUpdater:5ce445f2-79e2-4057-935d-c7a236a581cd:group-4647CE2A2CE4: snapshotIndex: updateIncreasingly -1 -> 13
2019-09-10 21:43:13,180 [StateMachineUpdater:f933e11a-a116-4831-9071-5b6229b09e88:group-375B930B3664] INFO  impl.StateMachineUpdater (StateMachineUpdater.java:lambda$new$0(80)) - StateMachineUpdater:f933e11a-a116-4831-9071-5b6229b09e88:group-375B930B3664: snapshotIndex: updateIncreasingly -1 -> 14
2019-09-10 21:43:13,181 [main] INFO  impl.RaftServerImpl (ServerState.java:close(394)) - 5ce445f2-79e2-4057-935d-c7a236a581cd:group-4647CE2A2CE4 closes. The last applied log index is 17
2019-09-10 21:43:13,181 [ForkJoinPool.commonPool-worker-0] INFO  impl.RaftServerImpl (ServerState.java:close(394)) - f933e11a-a116-4831-9071-5b6229b09e88:group-375B930B3664 closes. The last applied log index is 16
2019-09-10 21:43:13,182 [5ce445f2-79e2-4057-935d-c7a236a581cd-SegmentedRaftLogWorker:Storage Directory /workdir/hadoop-ozone/integration-test/target/test-dir/MiniOzoneClusterImpl-89ab4714-a06f-49fd-a91c-210e479dc798/datanode-3/data/ratis/b04ac957-915a-453f-a5d9-4647ce2a2ce4] INFO  segmented.SegmentedRaftLogWorker (SegmentedRaftLogWorker.java:run(313)) - 5ce445f2-79e2-4057-935d-c7a236a581cd-SegmentedRaftLogWorker:Storage Directory /workdir/hadoop-ozone/integration-test/target/test-dir/MiniOzoneClusterImpl-89ab4714-a06f-49fd-a91c-210e479dc798/datanode-3/data/ratis/b04ac957-915a-453f-a5d9-4647ce2a2ce4 was interrupted, exiting. There are 0 tasks remaining in the queue.
2019-09-10 21:43:13,182 [f933e11a-a116-4831-9071-5b6229b09e88-SegmentedRaftLogWorker:Storage Directory /workdir/hadoop-ozone/integration-test/target/test-dir/MiniOzoneClusterImpl-89ab4714-a06f-49fd-a91c-210e479dc798/datanode-1/data/ratis/d5e3a037-8037-4c31-aa7e-375b930b3664] INFO  segmented.SegmentedRaftLogWorker (SegmentedRaftLogWorker.java:run(313)) - f933e11a-a116-4831-9071-5b6229b09e88-SegmentedRaftLogWorker:Storage Directory /workdir/hadoop-ozone/integration-test/target/test-dir/MiniOzoneClusterImpl-89ab4714-a06f-49fd-a91c-210e479dc798/datanode-1/data/ratis/d5e3a037-8037-4c31-aa7e-375b930b3664 was interrupted, exiting. There are 0 tasks remaining in the queue.
2019-09-10 21:43:13,187 [main] INFO  segmented.SegmentedRaftLogWorker (SegmentedRaftLogWorker.java:close(228)) - 5ce445f2-79e2-4057-935d-c7a236a581cd-SegmentedRaftLogWorker:Storage Directory /workdir/hadoop-ozone/integration-test/target/test-dir/MiniOzoneClusterImpl-89ab4714-a06f-49fd-a91c-210e479dc798/datanode-3/data/ratis/b04ac957-915a-453f-a5d9-4647ce2a2ce4 close()
2019-09-10 21:43:13,189 [ForkJoinPool.commonPool-worker-0] INFO  segmented.SegmentedRaftLogWorker (SegmentedRaftLogWorker.java:close(228)) - f933e11a-a116-4831-9071-5b6229b09e88-SegmentedRaftLogWorker:Storage Directory /workdir/hadoop-ozone/integration-test/target/test-dir/MiniOzoneClusterImpl-89ab4714-a06f-49fd-a91c-210e479dc798/datanode-1/data/ratis/d5e3a037-8037-4c31-aa7e-375b930b3664 close()
2019-09-10 21:43:13,198 [a51c52ab-c67a-438e-9398-785fa2adbd64:group-4647CE2A2CE4:LeaderElection87] INFO  impl.LeaderElection (LogUtils.java:infoOrTrace(149)) - a51c52ab-c67a-438e-9398-785fa2adbd64:group-4647CE2A2CE4:LeaderElection87 got exception when requesting votes: {}
java.util.concurrent.ExecutionException: org.apache.ratis.thirdparty.io.grpc.StatusRuntimeException: UNAVAILABLE: io exception
	at java.util.concurrent.FutureTask.report(FutureTask.java:122)
	at java.util.concurrent.FutureTask.get(FutureTask.java:192)
	at org.apache.ratis.server.impl.LeaderElection.waitForResults(LeaderElection.java:262)
	at org.apache.ratis.server.impl.LeaderElection.askForVotes(LeaderElection.java:200)
	at org.apache.ratis.server.impl.LeaderElection.run(LeaderElection.java:130)
	at java.lang.Thread.run(Thread.java:748)
Caused by: org.apache.ratis.thirdparty.io.grpc.StatusRuntimeException: UNAVAILABLE: io exception
	at org.apache.ratis.thirdparty.io.grpc.stub.ClientCalls.toStatusRuntimeException(ClientCalls.java:233)
	at org.apache.ratis.thirdparty.io.grpc.stub.ClientCalls.getUnchecked(ClientCalls.java:214)
	at org.apache.ratis.thirdparty.io.grpc.stub.ClientCalls.blockingUnaryCall(ClientCalls.java:139)
	at org.apache.ratis.proto.grpc.RaftServerProtocolServiceGrpc$RaftServerProtocolServiceBlockingStub.requestVote(RaftServerProtocolServiceGrpc.java:265)
	at org.apache.ratis.grpc.server.GrpcServerProtocolClient.requestVote(GrpcServerProtocolClient.java:83)
	at org.apache.ratis.grpc.server.GrpcService.requestVote(GrpcService.java:195)
	at org.apache.ratis.server.impl.LeaderElection.lambda$submitRequests$1(LeaderElection.java:237)
	at java.util.concurrent.FutureTask.run(FutureTask.java:266)
	at java.util.concurrent.Executors$RunnableAdapter.call(Executors.java:511)
	at java.util.concurrent.FutureTask.run(FutureTask.java:266)
	at java.util.concurrent.ThreadPoolExecutor.runWorker(ThreadPoolExecutor.java:1149)
	at java.util.concurrent.ThreadPoolExecutor$Worker.run(ThreadPoolExecutor.java:624)
	... 1 more
Caused by: org.apache.ratis.thirdparty.io.netty.channel.AbstractChannel$AnnotatedConnectException: Connection refused: /192.168.157.245:35361
	at sun.nio.ch.SocketChannelImpl.checkConnect(Native Method)
	at sun.nio.ch.SocketChannelImpl.finishConnect(SocketChannelImpl.java:717)
	at org.apache.ratis.thirdparty.io.netty.channel.socket.nio.NioSocketChannel.doFinishConnect(NioSocketChannel.java:327)
	at org.apache.ratis.thirdparty.io.netty.channel.nio.AbstractNioChannel$AbstractNioUnsafe.finishConnect(AbstractNioChannel.java:340)
	at org.apache.ratis.thirdparty.io.netty.channel.nio.NioEventLoop.processSelectedKey(NioEventLoop.java:632)
	at org.apache.ratis.thirdparty.io.netty.channel.nio.NioEventLoop.processSelectedKeysOptimized(NioEventLoop.java:579)
	at org.apache.ratis.thirdparty.io.netty.channel.nio.NioEventLoop.processSelectedKeys(NioEventLoop.java:496)
	at org.apache.ratis.thirdparty.io.netty.channel.nio.NioEventLoop.run(NioEventLoop.java:458)
	at org.apache.ratis.thirdparty.io.netty.util.concurrent.SingleThreadEventExecutor$5.run(SingleThreadEventExecutor.java:897)
	at org.apache.ratis.thirdparty.io.netty.util.concurrent.FastThreadLocalRunnable.run(FastThreadLocalRunnable.java:30)
	... 1 more
Caused by: java.net.ConnectException: Connection refused
	... 11 more
2019-09-10 21:43:13,198 [main] INFO  impl.RaftServerImpl (RaftServerImpl.java:lambda$shutdown$3(245)) - 5ce445f2-79e2-4057-935d-c7a236a581cd: shutdown group-3B313D23AA6D
2019-09-10 21:43:13,203 [ForkJoinPool.commonPool-worker-0] INFO  impl.RaftServerImpl (RaftServerImpl.java:lambda$shutdown$3(245)) - f933e11a-a116-4831-9071-5b6229b09e88: shutdown group-6008B8967713
2019-09-10 21:43:13,207 [grpc-default-executor-9] WARN  server.GrpcServerProtocolService (LogUtils.java:warn(134)) - 5ce445f2-79e2-4057-935d-c7a236a581cd: Failed requestVote a51c52ab-c67a-438e-9398-785fa2adbd64->5ce445f2-79e2-4057-935d-c7a236a581cd#0: org.apache.ratis.protocol.ServerNotReadyException: Server 5ce445f2-79e2-4057-935d-c7a236a581cd is not [RUNNING]: current state is CLOSED
2019-09-10 21:43:13,207 [main] INFO  util.JmxRegister (JmxRegister.java:unregister(73)) - Successfully un-registered JMX Bean with object name Ratis:service=RaftServer,group=group-3B313D23AA6D,id=5ce445f2-79e2-4057-935d-c7a236a581cd
2019-09-10 21:43:13,208 [main] INFO  impl.RoleInfo (RoleInfo.java:shutdownLeaderState(104)) - 5ce445f2-79e2-4057-935d-c7a236a581cd: shutdown LeaderState
2019-09-10 21:43:13,208 [ForkJoinPool.commonPool-worker-0] INFO  util.JmxRegister (JmxRegister.java:unregister(73)) - Successfully un-registered JMX Bean with object name Ratis:service=RaftServer,group=group-6008B8967713,id=f933e11a-a116-4831-9071-5b6229b09e88
2019-09-10 21:43:13,209 [main] INFO  impl.PendingRequests (PendingRequests.java:sendNotLeaderResponses(202)) - 5ce445f2-79e2-4057-935d-c7a236a581cd-PendingRequests: sendNotLeaderResponses
2019-09-10 21:43:13,209 [ForkJoinPool.commonPool-worker-0] INFO  impl.RoleInfo (RoleInfo.java:shutdownLeaderState(104)) - f933e11a-a116-4831-9071-5b6229b09e88: shutdown LeaderState
2019-09-10 21:43:13,210 [main] INFO  impl.StateMachineUpdater (StateMachineUpdater.java:stopAndJoin(115)) - StateMachineUpdater:5ce445f2-79e2-4057-935d-c7a236a581cd:group-3B313D23AA6D: set stopIndex = 0
2019-09-10 21:43:13,210 [ForkJoinPool.commonPool-worker-0] INFO  impl.PendingRequests (PendingRequests.java:sendNotLeaderResponses(202)) - f933e11a-a116-4831-9071-5b6229b09e88-PendingRequests: sendNotLeaderResponses
2019-09-10 21:43:13,211 [main] INFO  impl.RaftServerImpl (ServerState.java:close(394)) - 5ce445f2-79e2-4057-935d-c7a236a581cd:group-3B313D23AA6D closes. The last applied log index is 0
2019-09-10 21:43:13,211 [ForkJoinPool.commonPool-worker-0] INFO  impl.StateMachineUpdater (StateMachineUpdater.java:stopAndJoin(115)) - StateMachineUpdater:f933e11a-a116-4831-9071-5b6229b09e88:group-6008B8967713: set stopIndex = 0
2019-09-10 21:43:13,212 [5ce445f2-79e2-4057-935d-c7a236a581cd-SegmentedRaftLogWorker:Storage Directory /workdir/hadoop-ozone/integration-test/target/test-dir/MiniOzoneClusterImpl-89ab4714-a06f-49fd-a91c-210e479dc798/datanode-3/data/ratis/51575d14-2f0e-41a4-9bdd-3b313d23aa6d] INFO  segmented.SegmentedRaftLogWorker (SegmentedRaftLogWorker.java:run(313)) - 5ce445f2-79e2-4057-935d-c7a236a581cd-SegmentedRaftLogWorker:Storage Directory /workdir/hadoop-ozone/integration-test/target/test-dir/MiniOzoneClusterImpl-89ab4714-a06f-49fd-a91c-210e479dc798/datanode-3/data/ratis/51575d14-2f0e-41a4-9bdd-3b313d23aa6d was interrupted, exiting. There are 0 tasks remaining in the queue.
2019-09-10 21:43:13,212 [ForkJoinPool.commonPool-worker-0] INFO  impl.RaftServerImpl (ServerState.java:close(394)) - f933e11a-a116-4831-9071-5b6229b09e88:group-6008B8967713 closes. The last applied log index is 0
2019-09-10 21:43:13,214 [main] INFO  segmented.SegmentedRaftLogWorker (SegmentedRaftLogWorker.java:close(228)) - 5ce445f2-79e2-4057-935d-c7a236a581cd-SegmentedRaftLogWorker:Storage Directory /workdir/hadoop-ozone/integration-test/target/test-dir/MiniOzoneClusterImpl-89ab4714-a06f-49fd-a91c-210e479dc798/datanode-3/data/ratis/51575d14-2f0e-41a4-9bdd-3b313d23aa6d close()
2019-09-10 21:43:13,215 [f933e11a-a116-4831-9071-5b6229b09e88-SegmentedRaftLogWorker:Storage Directory /workdir/hadoop-ozone/integration-test/target/test-dir/MiniOzoneClusterImpl-89ab4714-a06f-49fd-a91c-210e479dc798/datanode-1/data/ratis/f6fa17c2-8dd9-4c9e-8f3d-6008b8967713] INFO  segmented.SegmentedRaftLogWorker (SegmentedRaftLogWorker.java:run(313)) - f933e11a-a116-4831-9071-5b6229b09e88-SegmentedRaftLogWorker:Storage Directory /workdir/hadoop-ozone/integration-test/target/test-dir/MiniOzoneClusterImpl-89ab4714-a06f-49fd-a91c-210e479dc798/datanode-1/data/ratis/f6fa17c2-8dd9-4c9e-8f3d-6008b8967713 was interrupted, exiting. There are 0 tasks remaining in the queue.
2019-09-10 21:43:13,220 [main] INFO  server.GrpcService (GrpcService.java:closeImpl(155)) - 5ce445f2-79e2-4057-935d-c7a236a581cd: shutdown server with port 40841 now
2019-09-10 21:43:13,222 [ForkJoinPool.commonPool-worker-0] INFO  segmented.SegmentedRaftLogWorker (SegmentedRaftLogWorker.java:close(228)) - f933e11a-a116-4831-9071-5b6229b09e88-SegmentedRaftLogWorker:Storage Directory /workdir/hadoop-ozone/integration-test/target/test-dir/MiniOzoneClusterImpl-89ab4714-a06f-49fd-a91c-210e479dc798/datanode-1/data/ratis/f6fa17c2-8dd9-4c9e-8f3d-6008b8967713 close()
2019-09-10 21:43:13,227 [ForkJoinPool.commonPool-worker-0] INFO  server.GrpcService (GrpcService.java:closeImpl(155)) - f933e11a-a116-4831-9071-5b6229b09e88: shutdown server with port 42911 now
2019-09-10 21:43:13,227 [a51c52ab-c67a-438e-9398-785fa2adbd64:group-4647CE2A2CE4:LeaderElection87] INFO  impl.LeaderElection (LogUtils.java:infoOrTrace(149)) - a51c52ab-c67a-438e-9398-785fa2adbd64:group-4647CE2A2CE4:LeaderElection87 got exception when requesting votes: {}
java.util.concurrent.ExecutionException: org.apache.ratis.thirdparty.io.grpc.StatusRuntimeException: INTERNAL: Server 5ce445f2-79e2-4057-935d-c7a236a581cd is not [RUNNING]: current state is CLOSED
	at java.util.concurrent.FutureTask.report(FutureTask.java:122)
	at java.util.concurrent.FutureTask.get(FutureTask.java:192)
	at org.apache.ratis.server.impl.LeaderElection.waitForResults(LeaderElection.java:262)
	at org.apache.ratis.server.impl.LeaderElection.askForVotes(LeaderElection.java:200)
	at org.apache.ratis.server.impl.LeaderElection.run(LeaderElection.java:130)
	at java.lang.Thread.run(Thread.java:748)
Caused by: org.apache.ratis.thirdparty.io.grpc.StatusRuntimeException: INTERNAL: Server 5ce445f2-79e2-4057-935d-c7a236a581cd is not [RUNNING]: current state is CLOSED
	at org.apache.ratis.thirdparty.io.grpc.stub.ClientCalls.toStatusRuntimeException(ClientCalls.java:233)
	at org.apache.ratis.thirdparty.io.grpc.stub.ClientCalls.getUnchecked(ClientCalls.java:214)
	at org.apache.ratis.thirdparty.io.grpc.stub.ClientCalls.blockingUnaryCall(ClientCalls.java:139)
	at org.apache.ratis.proto.grpc.RaftServerProtocolServiceGrpc$RaftServerProtocolServiceBlockingStub.requestVote(RaftServerProtocolServiceGrpc.java:265)
	at org.apache.ratis.grpc.server.GrpcServerProtocolClient.requestVote(GrpcServerProtocolClient.java:83)
	at org.apache.ratis.grpc.server.GrpcService.requestVote(GrpcService.java:195)
	at org.apache.ratis.server.impl.LeaderElection.lambda$submitRequests$1(LeaderElection.java:237)
	at java.util.concurrent.FutureTask.run(FutureTask.java:266)
	at java.util.concurrent.Executors$RunnableAdapter.call(Executors.java:511)
	at java.util.concurrent.FutureTask.run(FutureTask.java:266)
	at java.util.concurrent.ThreadPoolExecutor.runWorker(ThreadPoolExecutor.java:1149)
	at java.util.concurrent.ThreadPoolExecutor$Worker.run(ThreadPoolExecutor.java:624)
	... 1 more
2019-09-10 21:43:13,227 [main] INFO  server.GrpcService (GrpcService.java:closeImpl(163)) - 5ce445f2-79e2-4057-935d-c7a236a581cd: shutdown server with port 40841 successfully
2019-09-10 21:43:13,230 [ForkJoinPool.commonPool-worker-0] INFO  server.GrpcService (GrpcService.java:closeImpl(163)) - f933e11a-a116-4831-9071-5b6229b09e88: shutdown server with port 42911 successfully
2019-09-10 21:43:13,229 [grpc-default-executor-2] WARN  server.GrpcServerProtocolService (LogUtils.java:warn(134)) - f933e11a-a116-4831-9071-5b6229b09e88: appendEntries onError: org.apache.ratis.thirdparty.io.grpc.StatusRuntimeException: CANCELLED: cancelled before receiving half close
2019-09-10 21:43:13,229 [a51c52ab-c67a-438e-9398-785fa2adbd64:group-4647CE2A2CE4:LeaderElection87] INFO  impl.LeaderElection (LeaderElection.java:logAndReturn(56)) - a51c52ab-c67a-438e-9398-785fa2adbd64:group-4647CE2A2CE4:LeaderElection87: Election REJECTED; received 0 response(s) [] and 2 exception(s); a51c52ab-c67a-438e-9398-785fa2adbd64:t4, leader=null, voted=a51c52ab-c67a-438e-9398-785fa2adbd64, raftlog=a51c52ab-c67a-438e-9398-785fa2adbd64-SegmentedRaftLog:OPENED:c17,f17,i17, conf=16: [54252f36-17d3-44da-82d9-c462bd19d858:192.168.157.245:35361, a51c52ab-c67a-438e-9398-785fa2adbd64:192.168.157.245:43951, 5ce445f2-79e2-4057-935d-c7a236a581cd:192.168.157.245:40841], old=null
2019-09-10 21:43:13,231 [a51c52ab-c67a-438e-9398-785fa2adbd64:group-4647CE2A2CE4:LeaderElection87] INFO  impl.LeaderElection (LogUtils.java:infoOrTrace(149)) -   Exception 0: {}
java.util.concurrent.ExecutionException: org.apache.ratis.thirdparty.io.grpc.StatusRuntimeException: UNAVAILABLE: io exception
	at java.util.concurrent.FutureTask.report(FutureTask.java:122)
	at java.util.concurrent.FutureTask.get(FutureTask.java:192)
	at org.apache.ratis.server.impl.LeaderElection.waitForResults(LeaderElection.java:262)
	at org.apache.ratis.server.impl.LeaderElection.askForVotes(LeaderElection.java:200)
	at org.apache.ratis.server.impl.LeaderElection.run(LeaderElection.java:130)
	at java.lang.Thread.run(Thread.java:748)
Caused by: org.apache.ratis.thirdparty.io.grpc.StatusRuntimeException: UNAVAILABLE: io exception
	at org.apache.ratis.thirdparty.io.grpc.stub.ClientCalls.toStatusRuntimeException(ClientCalls.java:233)
	at org.apache.ratis.thirdparty.io.grpc.stub.ClientCalls.getUnchecked(ClientCalls.java:214)
	at org.apache.ratis.thirdparty.io.grpc.stub.ClientCalls.blockingUnaryCall(ClientCalls.java:139)
	at org.apache.ratis.proto.grpc.RaftServerProtocolServiceGrpc$RaftServerProtocolServiceBlockingStub.requestVote(RaftServerProtocolServiceGrpc.java:265)
	at org.apache.ratis.grpc.server.GrpcServerProtocolClient.requestVote(GrpcServerProtocolClient.java:83)
	at org.apache.ratis.grpc.server.GrpcService.requestVote(GrpcService.java:195)
	at org.apache.ratis.server.impl.LeaderElection.lambda$submitRequests$1(LeaderElection.java:237)
	at java.util.concurrent.FutureTask.run(FutureTask.java:266)
	at java.util.concurrent.Executors$RunnableAdapter.call(Executors.java:511)
	at java.util.concurrent.FutureTask.run(FutureTask.java:266)
	at java.util.concurrent.ThreadPoolExecutor.runWorker(ThreadPoolExecutor.java:1149)
	at java.util.concurrent.ThreadPoolExecutor$Worker.run(ThreadPoolExecutor.java:624)
	... 1 more
Caused by: org.apache.ratis.thirdparty.io.netty.channel.AbstractChannel$AnnotatedConnectException: Connection refused: /192.168.157.245:35361
	at sun.nio.ch.SocketChannelImpl.checkConnect(Native Method)
	at sun.nio.ch.SocketChannelImpl.finishConnect(SocketChannelImpl.java:717)
	at org.apache.ratis.thirdparty.io.netty.channel.socket.nio.NioSocketChannel.doFinishConnect(NioSocketChannel.java:327)
	at org.apache.ratis.thirdparty.io.netty.channel.nio.AbstractNioChannel$AbstractNioUnsafe.finishConnect(AbstractNioChannel.java:340)
	at org.apache.ratis.thirdparty.io.netty.channel.nio.NioEventLoop.processSelectedKey(NioEventLoop.java:632)
	at org.apache.ratis.thirdparty.io.netty.channel.nio.NioEventLoop.processSelectedKeysOptimized(NioEventLoop.java:579)
	at org.apache.ratis.thirdparty.io.netty.channel.nio.NioEventLoop.processSelectedKeys(NioEventLoop.java:496)
	at org.apache.ratis.thirdparty.io.netty.channel.nio.NioEventLoop.run(NioEventLoop.java:458)
	at org.apache.ratis.thirdparty.io.netty.util.concurrent.SingleThreadEventExecutor$5.run(SingleThreadEventExecutor.java:897)
	at org.apache.ratis.thirdparty.io.netty.util.concurrent.FastThreadLocalRunnable.run(FastThreadLocalRunnable.java:30)
	... 1 more
Caused by: java.net.ConnectException: Connection refused
	... 11 more
2019-09-10 21:43:13,230 [grpc-default-executor-11] WARN  server.GrpcLogAppender (LogUtils.java:warn(134)) - 015512a9-a872-4562-a045-0746d0865c08->f933e11a-a116-4831-9071-5b6229b09e88: Failed appendEntries: org.apache.ratis.thirdparty.io.grpc.StatusRuntimeException: CANCELLED: HTTP/2 error code: CANCEL
Received Rst Stream
2019-09-10 21:43:13,232 [a51c52ab-c67a-438e-9398-785fa2adbd64:group-4647CE2A2CE4:LeaderElection87] INFO  impl.LeaderElection (LogUtils.java:infoOrTrace(149)) -   Exception 1: {}
java.util.concurrent.ExecutionException: org.apache.ratis.thirdparty.io.grpc.StatusRuntimeException: INTERNAL: Server 5ce445f2-79e2-4057-935d-c7a236a581cd is not [RUNNING]: current state is CLOSED
	at java.util.concurrent.FutureTask.report(FutureTask.java:122)
	at java.util.concurrent.FutureTask.get(FutureTask.java:192)
	at org.apache.ratis.server.impl.LeaderElection.waitForResults(LeaderElection.java:262)
	at org.apache.ratis.server.impl.LeaderElection.askForVotes(LeaderElection.java:200)
	at org.apache.ratis.server.impl.LeaderElection.run(LeaderElection.java:130)
	at java.lang.Thread.run(Thread.java:748)
Caused by: org.apache.ratis.thirdparty.io.grpc.StatusRuntimeException: INTERNAL: Server 5ce445f2-79e2-4057-935d-c7a236a581cd is not [RUNNING]: current state is CLOSED
	at org.apache.ratis.thirdparty.io.grpc.stub.ClientCalls.toStatusRuntimeException(ClientCalls.java:233)
	at org.apache.ratis.thirdparty.io.grpc.stub.ClientCalls.getUnchecked(ClientCalls.java:214)
	at org.apache.ratis.thirdparty.io.grpc.stub.ClientCalls.blockingUnaryCall(ClientCalls.java:139)
	at org.apache.ratis.proto.grpc.RaftServerProtocolServiceGrpc$RaftServerProtocolServiceBlockingStub.requestVote(RaftServerProtocolServiceGrpc.java:265)
	at org.apache.ratis.grpc.server.GrpcServerProtocolClient.requestVote(GrpcServerProtocolClient.java:83)
	at org.apache.ratis.grpc.server.GrpcService.requestVote(GrpcService.java:195)
	at org.apache.ratis.server.impl.LeaderElection.lambda$submitRequests$1(LeaderElection.java:237)
	at java.util.concurrent.FutureTask.run(FutureTask.java:266)
	at java.util.concurrent.Executors$RunnableAdapter.call(Executors.java:511)
	at java.util.concurrent.FutureTask.run(FutureTask.java:266)
	at java.util.concurrent.ThreadPoolExecutor.runWorker(ThreadPoolExecutor.java:1149)
	at java.util.concurrent.ThreadPoolExecutor$Worker.run(ThreadPoolExecutor.java:624)
	... 1 more
2019-09-10 21:43:13,232 [grpc-default-executor-11] INFO  impl.FollowerInfo (FollowerInfo.java:lambda$new$0(50)) - 015512a9-a872-4562-a045-0746d0865c08->f933e11a-a116-4831-9071-5b6229b09e88: nextIndex: updateUnconditionally 19 -> 17
2019-09-10 21:43:13,232 [refreshUsed-/workdir/hadoop-ozone/integration-test/target/test-dir/MiniOzoneClusterImpl-89ab4714-a06f-49fd-a91c-210e479dc798/datanode-3/data/containers] WARN  fs.CachingGetSpaceUsed (CachingGetSpaceUsed.java:run(183)) - Thread Interrupted waiting to refresh disk information: sleep interrupted
2019-09-10 21:43:13,232 [a51c52ab-c67a-438e-9398-785fa2adbd64:group-4647CE2A2CE4:LeaderElection87] INFO  impl.RaftServerImpl (RaftServerImpl.java:setRole(171)) - a51c52ab-c67a-438e-9398-785fa2adbd64:group-4647CE2A2CE4 changes role from CANDIDATE to FOLLOWER at term 4 for DISCOVERED_A_NEW_TERM
2019-09-10 21:43:13,233 [a51c52ab-c67a-438e-9398-785fa2adbd64:group-4647CE2A2CE4:LeaderElection87] INFO  impl.RoleInfo (RoleInfo.java:shutdownLeaderElection(134)) - a51c52ab-c67a-438e-9398-785fa2adbd64: shutdown LeaderElection
2019-09-10 21:43:13,234 [a51c52ab-c67a-438e-9398-785fa2adbd64:group-4647CE2A2CE4:LeaderElection87] INFO  impl.RoleInfo (RoleInfo.java:updateAndGet(143)) - a51c52ab-c67a-438e-9398-785fa2adbd64: start FollowerState
2019-09-10 21:43:13,238 [refreshUsed-/workdir/hadoop-ozone/integration-test/target/test-dir/MiniOzoneClusterImpl-89ab4714-a06f-49fd-a91c-210e479dc798/datanode-1/data/containers] WARN  fs.CachingGetSpaceUsed (CachingGetSpaceUsed.java:run(183)) - Thread Interrupted waiting to refresh disk information: sleep interrupted
2019-09-10 21:43:13,245 [RatisApplyTransactionExecutor 2] INFO  interfaces.Container (KeyValueContainer.java:flushAndSyncDB(382)) - Container 2 is synced with bcsId 14.
2019-09-10 21:43:13,246 [RatisApplyTransactionExecutor 2] INFO  interfaces.Container (KeyValueContainer.java:flushAndSyncDB(382)) - Container 2 is synced with bcsId 14.
2019-09-10 21:43:13,247 [RatisApplyTransactionExecutor 2] INFO  interfaces.Container (KeyValueContainer.java:flushAndSyncDB(382)) - Container 2 is synced with bcsId 14.
2019-09-10 21:43:13,247 [RatisApplyTransactionExecutor 2] INFO  interfaces.Container (KeyValueContainer.java:flushAndSyncDB(382)) - Container 2 is synced with bcsId 14.
2019-09-10 21:43:13,259 [main] INFO  utils.BackgroundService (BackgroundService.java:shutdown(148)) - Shutting down service BlockDeletingService
2019-09-10 21:43:13,260 [ForkJoinPool.commonPool-worker-0] INFO  utils.BackgroundService (BackgroundService.java:shutdown(148)) - Shutting down service BlockDeletingService
2019-09-10 21:43:13,265 [main] INFO  statemachine.DatanodeStateMachine (DatanodeStateMachine.java:stopDaemon(395)) - Ozone container server stopped.
2019-09-10 21:43:13,269 [ForkJoinPool.commonPool-worker-0] INFO  statemachine.DatanodeStateMachine (DatanodeStateMachine.java:stopDaemon(395)) - Ozone container server stopped.
2019-09-10 21:43:13,273 [EventQueue-IncrementalContainerReportForIncrementalContainerReportHandler] INFO  container.IncrementalContainerReportHandler (AbstractContainerReportHandler.java:updateContainerState(176)) - Moving container #2 to CLOSED state, datanode 015512a9-a872-4562-a045-0746d0865c08{ip: 192.168.157.245, host: pr-hdds-2007-wqvw6-2944049611, networkLocation: /default-rack, certSerialId: null} reported CLOSED replica.
2019-09-10 21:43:13,273 [main] INFO  handler.ContextHandler (ContextHandler.java:doStop(910)) - Stopped o.e.j.w.WebAppContext@21e5f0b6{/,null,UNAVAILABLE}{/hddsDatanode}
2019-09-10 21:43:13,275 [ForkJoinPool.commonPool-worker-0] INFO  handler.ContextHandler (ContextHandler.java:doStop(910)) - Stopped o.e.j.w.WebAppContext@62a6674f{/,null,UNAVAILABLE}{/hddsDatanode}
2019-09-10 21:43:13,275 [main] INFO  server.AbstractConnector (AbstractConnector.java:doStop(318)) - Stopped ServerConnector@93bf0e0{HTTP/1.1,[http/1.1]}{0.0.0.0:0}
2019-09-10 21:43:13,276 [ForkJoinPool.commonPool-worker-0] INFO  server.AbstractConnector (AbstractConnector.java:doStop(318)) - Stopped ServerConnector@70881123{HTTP/1.1,[http/1.1]}{0.0.0.0:0}
2019-09-10 21:43:13,276 [main] INFO  handler.ContextHandler (ContextHandler.java:doStop(910)) - Stopped o.e.j.s.ServletContextHandler@4fd74223{/static,jar:file:/home/user/.m2/repository/org/apache/hadoop/hadoop-hdds-container-service/0.5.0-SNAPSHOT/hadoop-hdds-container-service-0.5.0-SNAPSHOT.jar!/webapps/static,UNAVAILABLE}
2019-09-10 21:43:13,277 [ForkJoinPool.commonPool-worker-0] INFO  handler.ContextHandler (ContextHandler.java:doStop(910)) - Stopped o.e.j.s.ServletContextHandler@49a38b1{/static,jar:file:/home/user/.m2/repository/org/apache/hadoop/hadoop-hdds-container-service/0.5.0-SNAPSHOT/hadoop-hdds-container-service-0.5.0-SNAPSHOT.jar!/webapps/static,UNAVAILABLE}
2019-09-10 21:43:13,278 [main] INFO  handler.ContextHandler (ContextHandler.java:doStop(910)) - Stopped o.e.j.s.ServletContextHandler@4f664bee{/logs,file:///workdir/hadoop-ozone/integration-test/target/log,UNAVAILABLE}
2019-09-10 21:43:13,279 [ForkJoinPool.commonPool-worker-0] INFO  handler.ContextHandler (ContextHandler.java:doStop(910)) - Stopped o.e.j.s.ServletContextHandler@6d7ad0f5{/logs,file:///workdir/hadoop-ozone/integration-test/target/log,UNAVAILABLE}
2019-09-10 21:43:14,265 [Datanode State Machine Thread - 0] INFO  statemachine.DatanodeStateMachine (DatanodeStateMachine.java:lambda$startDaemon$0(350)) - Ozone container server started.
2019-09-10 21:43:14,273 [Datanode State Machine Thread - 0] INFO  statemachine.DatanodeStateMachine (DatanodeStateMachine.java:lambda$startDaemon$0(350)) - Ozone container server started.
2019-09-10 21:43:15,711 [grpc-default-executor-11] WARN  server.GrpcLogAppender (LogUtils.java:warn(134)) - 015512a9-a872-4562-a045-0746d0865c08->f933e11a-a116-4831-9071-5b6229b09e88: Failed appendEntries: org.apache.ratis.thirdparty.io.grpc.StatusRuntimeException: UNAVAILABLE: io exception
2019-09-10 21:43:15,711 [grpc-default-executor-11] INFO  impl.FollowerInfo (FollowerInfo.java:lambda$new$0(50)) - 015512a9-a872-4562-a045-0746d0865c08->f933e11a-a116-4831-9071-5b6229b09e88: nextIndex: updateUnconditionally 17 -> 16
2019-09-10 21:43:18,211 [grpc-default-executor-11] WARN  server.GrpcLogAppender (LogUtils.java:warn(134)) - 015512a9-a872-4562-a045-0746d0865c08->f933e11a-a116-4831-9071-5b6229b09e88: Failed appendEntries: org.apache.ratis.thirdparty.io.grpc.StatusRuntimeException: UNAVAILABLE: io exception
2019-09-10 21:43:18,211 [grpc-default-executor-11] INFO  impl.FollowerInfo (FollowerInfo.java:lambda$new$0(50)) - 015512a9-a872-4562-a045-0746d0865c08->f933e11a-a116-4831-9071-5b6229b09e88: nextIndex: updateUnconditionally 16 -> 15
2019-09-10 21:43:18,281 [ForkJoinPool.commonPool-worker-0] INFO  ozoneimpl.OzoneContainer (OzoneContainer.java:stop(215)) - Attempting to stop container services.
2019-09-10 21:43:18,281 [main] INFO  ozoneimpl.OzoneContainer (OzoneContainer.java:stop(215)) - Attempting to stop container services.
2019-09-10 21:43:18,281 [ForkJoinPool.commonPool-worker-0] INFO  impl.RaftServerProxy (RaftServerProxy.java:lambda$close$4(314)) - 015512a9-a872-4562-a045-0746d0865c08: close
2019-09-10 21:43:18,282 [main] INFO  impl.RaftServerProxy (RaftServerProxy.java:lambda$close$4(314)) - 96288502-8d6b-4590-9ac7-525d1ce60e78: close
2019-09-10 21:43:18,282 [ForkJoinPool.commonPool-worker-0] INFO  impl.RaftServerImpl (RaftServerImpl.java:lambda$shutdown$3(245)) - 015512a9-a872-4562-a045-0746d0865c08: shutdown group-2D7E53BB3862
2019-09-10 21:43:18,283 [main] INFO  server.GrpcService (GrpcService.java:closeImpl(155)) - 96288502-8d6b-4590-9ac7-525d1ce60e78: shutdown server with port 45288 now
2019-09-10 21:43:18,283 [ForkJoinPool.commonPool-worker-0] INFO  util.JmxRegister (JmxRegister.java:unregister(73)) - Successfully un-registered JMX Bean with object name Ratis:service=RaftServer,group=group-2D7E53BB3862,id=015512a9-a872-4562-a045-0746d0865c08
2019-09-10 21:43:18,284 [EventQueue-StaleNodeForStaleNodeHandler] INFO  node.StaleNodeHandler (StaleNodeHandler.java:onMessage(58)) - Datanode 015512a9-a872-4562-a045-0746d0865c08{ip: 192.168.157.245, host: pr-hdds-2007-wqvw6-2944049611, networkLocation: /default-rack, certSerialId: null} moved to stale state. Finalizing its pipelines [PipelineID=45021292-2da5-4f95-a95f-2d7e53bb3862, PipelineID=d5e3a037-8037-4c31-aa7e-375b930b3664]
2019-09-10 21:43:18,284 [main] INFO  server.GrpcService (GrpcService.java:closeImpl(163)) - 96288502-8d6b-4590-9ac7-525d1ce60e78: shutdown server with port 45288 successfully
2019-09-10 21:43:18,284 [EventQueue-StaleNodeForStaleNodeHandler] INFO  pipeline.SCMPipelineManager (SCMPipelineManager.java:finalizeAndDestroyPipeline(311)) - destroying pipeline:Pipeline[ Id: 45021292-2da5-4f95-a95f-2d7e53bb3862, Nodes: 015512a9-a872-4562-a045-0746d0865c08{ip: 192.168.157.245, host: pr-hdds-2007-wqvw6-2944049611, networkLocation: /default-rack, certSerialId: null}, Type:RATIS, Factor:ONE, State:OPEN]
2019-09-10 21:43:18,284 [ForkJoinPool.commonPool-worker-0] INFO  impl.RoleInfo (RoleInfo.java:shutdownLeaderState(104)) - 015512a9-a872-4562-a045-0746d0865c08: shutdown LeaderState
2019-09-10 21:43:18,284 [EventQueue-StaleNodeForStaleNodeHandler] INFO  pipeline.PipelineStateManager (PipelineStateManager.java:finalizePipeline(123)) - Pipeline Pipeline[ Id: 45021292-2da5-4f95-a95f-2d7e53bb3862, Nodes: 015512a9-a872-4562-a045-0746d0865c08{ip: 192.168.157.245, host: pr-hdds-2007-wqvw6-2944049611, networkLocation: /default-rack, certSerialId: null}, Type:RATIS, Factor:ONE, State:CLOSED] moved to CLOSED state
2019-09-10 21:43:18,285 [ForkJoinPool.commonPool-worker-0] INFO  impl.PendingRequests (PendingRequests.java:sendNotLeaderResponses(202)) - 015512a9-a872-4562-a045-0746d0865c08-PendingRequests: sendNotLeaderResponses
2019-09-10 21:43:18,285 [EventQueue-StaleNodeForStaleNodeHandler] INFO  pipeline.SCMPipelineManager (SCMPipelineManager.java:finalizeAndDestroyPipeline(311)) - destroying pipeline:Pipeline[ Id: d5e3a037-8037-4c31-aa7e-375b930b3664, Nodes: 015512a9-a872-4562-a045-0746d0865c08{ip: 192.168.157.245, host: pr-hdds-2007-wqvw6-2944049611, networkLocation: /default-rack, certSerialId: null}f933e11a-a116-4831-9071-5b6229b09e88{ip: 192.168.157.245, host: pr-hdds-2007-wqvw6-2944049611, networkLocation: /default-rack, certSerialId: null}8a367430-73c6-4691-a893-24a58d3c5b91{ip: 192.168.157.245, host: pr-hdds-2007-wqvw6-2944049611, networkLocation: /default-rack, certSerialId: null}, Type:RATIS, Factor:THREE, State:CLOSED]
2019-09-10 21:43:18,285 [ForkJoinPool.commonPool-worker-0] INFO  impl.StateMachineUpdater (StateMachineUpdater.java:stopAndJoin(115)) - StateMachineUpdater:015512a9-a872-4562-a045-0746d0865c08:group-2D7E53BB3862: set stopIndex = 0
2019-09-10 21:43:18,285 [EventQueue-StaleNodeForStaleNodeHandler] INFO  node.StaleNodeHandler (StaleNodeHandler.java:onMessage(58)) - Datanode 96288502-8d6b-4590-9ac7-525d1ce60e78{ip: 192.168.157.245, host: pr-hdds-2007-wqvw6-2944049611, networkLocation: /default-rack, certSerialId: null} moved to stale state. Finalizing its pipelines []
2019-09-10 21:43:18,286 [ForkJoinPool.commonPool-worker-0] INFO  impl.RaftServerImpl (ServerState.java:close(394)) - 015512a9-a872-4562-a045-0746d0865c08:group-2D7E53BB3862 closes. The last applied log index is 0
2019-09-10 21:43:18,286 [015512a9-a872-4562-a045-0746d0865c08-SegmentedRaftLogWorker:Storage Directory /workdir/hadoop-ozone/integration-test/target/test-dir/MiniOzoneClusterImpl-89ab4714-a06f-49fd-a91c-210e479dc798/datanode-2/data/ratis/45021292-2da5-4f95-a95f-2d7e53bb3862] INFO  segmented.SegmentedRaftLogWorker (SegmentedRaftLogWorker.java:run(313)) - 015512a9-a872-4562-a045-0746d0865c08-SegmentedRaftLogWorker:Storage Directory /workdir/hadoop-ozone/integration-test/target/test-dir/MiniOzoneClusterImpl-89ab4714-a06f-49fd-a91c-210e479dc798/datanode-2/data/ratis/45021292-2da5-4f95-a95f-2d7e53bb3862 was interrupted, exiting. There are 0 tasks remaining in the queue.
2019-09-10 21:43:18,295 [refreshUsed-/workdir/hadoop-ozone/integration-test/target/test-dir/MiniOzoneClusterImpl-89ab4714-a06f-49fd-a91c-210e479dc798/datanode-6/data/containers] WARN  fs.CachingGetSpaceUsed (CachingGetSpaceUsed.java:run(183)) - Thread Interrupted waiting to refresh disk information: sleep interrupted
2019-09-10 21:43:18,306 [main] INFO  utils.BackgroundService (BackgroundService.java:shutdown(148)) - Shutting down service BlockDeletingService
2019-09-10 21:43:18,310 [main] INFO  statemachine.DatanodeStateMachine (DatanodeStateMachine.java:stopDaemon(395)) - Ozone container server stopped.
2019-09-10 21:43:18,311 [main] INFO  handler.ContextHandler (ContextHandler.java:doStop(910)) - Stopped o.e.j.w.WebAppContext@61d60e38{/,null,UNAVAILABLE}{/hddsDatanode}
2019-09-10 21:43:18,313 [ForkJoinPool.commonPool-worker-0] INFO  segmented.SegmentedRaftLogWorker (SegmentedRaftLogWorker.java:close(228)) - 015512a9-a872-4562-a045-0746d0865c08-SegmentedRaftLogWorker:Storage Directory /workdir/hadoop-ozone/integration-test/target/test-dir/MiniOzoneClusterImpl-89ab4714-a06f-49fd-a91c-210e479dc798/datanode-2/data/ratis/45021292-2da5-4f95-a95f-2d7e53bb3862 close()
2019-09-10 21:43:18,313 [main] INFO  server.AbstractConnector (AbstractConnector.java:doStop(318)) - Stopped ServerConnector@6e95973c{HTTP/1.1,[http/1.1]}{0.0.0.0:0}
2019-09-10 21:43:18,314 [ForkJoinPool.commonPool-worker-0] INFO  impl.RaftServerImpl (RaftServerImpl.java:lambda$shutdown$3(245)) - 015512a9-a872-4562-a045-0746d0865c08: shutdown group-375B930B3664
2019-09-10 21:43:18,315 [main] INFO  handler.ContextHandler (ContextHandler.java:doStop(910)) - Stopped o.e.j.s.ServletContextHandler@3a40bb52{/static,jar:file:/home/user/.m2/repository/org/apache/hadoop/hadoop-hdds-container-service/0.5.0-SNAPSHOT/hadoop-hdds-container-service-0.5.0-SNAPSHOT.jar!/webapps/static,UNAVAILABLE}
2019-09-10 21:43:18,315 [ForkJoinPool.commonPool-worker-0] INFO  util.JmxRegister (JmxRegister.java:unregister(73)) - Successfully un-registered JMX Bean with object name Ratis:service=RaftServer,group=group-375B930B3664,id=015512a9-a872-4562-a045-0746d0865c08
2019-09-10 21:43:18,315 [main] INFO  handler.ContextHandler (ContextHandler.java:doStop(910)) - Stopped o.e.j.s.ServletContextHandler@2d206a71{/logs,file:///workdir/hadoop-ozone/integration-test/target/log,UNAVAILABLE}
2019-09-10 21:43:18,315 [ForkJoinPool.commonPool-worker-0] INFO  impl.RoleInfo (RoleInfo.java:shutdownLeaderState(104)) - 015512a9-a872-4562-a045-0746d0865c08: shutdown LeaderState
2019-09-10 21:43:18,318 [ForkJoinPool.commonPool-worker-0] INFO  impl.PendingRequests (PendingRequests.java:sendNotLeaderResponses(202)) - 015512a9-a872-4562-a045-0746d0865c08-PendingRequests: sendNotLeaderResponses
2019-09-10 21:43:18,318 [org.apache.ratis.server.impl.LogAppender$AppenderDaemon$$Lambda$508/1205554514@555b2d58] WARN  server.GrpcLogAppender (GrpcLogAppender.java:mayWait(143)) - GrpcLogAppender(015512a9-a872-4562-a045-0746d0865c08->f933e11a-a116-4831-9071-5b6229b09e88): Wait interrupted by java.lang.InterruptedException
2019-09-10 21:43:18,318 [org.apache.ratis.server.impl.LogAppender$AppenderDaemon$$Lambda$508/1205554514@1059a997] WARN  server.GrpcLogAppender (GrpcLogAppender.java:mayWait(143)) - GrpcLogAppender(015512a9-a872-4562-a045-0746d0865c08->8a367430-73c6-4691-a893-24a58d3c5b91): Wait interrupted by java.lang.InterruptedException
2019-09-10 21:43:18,320 [StateMachineUpdater:015512a9-a872-4562-a045-0746d0865c08:group-375B930B3664] INFO  ratis.ContainerStateMachine (ContainerStateMachine.java:takeSnapshot(284)) - group-375B930B3664: Taking a snapshot at:(t:2, i:18) file /workdir/hadoop-ozone/integration-test/target/test-dir/MiniOzoneClusterImpl-89ab4714-a06f-49fd-a91c-210e479dc798/datanode-2/data/ratis/d5e3a037-8037-4c31-aa7e-375b930b3664/sm/snapshot.2_18
2019-09-10 21:43:18,320 [grpc-default-executor-2] INFO  server.GrpcServerProtocolService (GrpcServerProtocolService.java:onCompleted(104)) - 8a367430-73c6-4691-a893-24a58d3c5b91: appendEntries completed
2019-09-10 21:43:18,321 [ForkJoinPool.commonPool-worker-0] INFO  impl.StateMachineUpdater (StateMachineUpdater.java:stopAndJoin(115)) - StateMachineUpdater:015512a9-a872-4562-a045-0746d0865c08:group-375B930B3664: set stopIndex = 18
2019-09-10 21:43:18,321 [grpc-default-executor-11] INFO  server.GrpcLogAppender (GrpcLogAppender.java:onCompleted(292)) - 015512a9-a872-4562-a045-0746d0865c08->8a367430-73c6-4691-a893-24a58d3c5b91: follower responses appendEntries COMPLETED
2019-09-10 21:43:18,321 [grpc-default-executor-11] INFO  impl.FollowerInfo (FollowerInfo.java:lambda$new$0(50)) - 015512a9-a872-4562-a045-0746d0865c08->8a367430-73c6-4691-a893-24a58d3c5b91: nextIndex: updateUnconditionally 19 -> 18
2019-09-10 21:43:18,339 [StateMachineUpdater:015512a9-a872-4562-a045-0746d0865c08:group-375B930B3664] INFO  ratis.ContainerStateMachine (ContainerStateMachine.java:takeSnapshot(295)) - group-375B930B3664: Finished taking a snapshot at:(t:2, i:18) file:/workdir/hadoop-ozone/integration-test/target/test-dir/MiniOzoneClusterImpl-89ab4714-a06f-49fd-a91c-210e479dc798/datanode-2/data/ratis/d5e3a037-8037-4c31-aa7e-375b930b3664/sm/snapshot.2_18 time:19
2019-09-10 21:43:18,339 [StateMachineUpdater:015512a9-a872-4562-a045-0746d0865c08:group-375B930B3664] INFO  impl.StateMachineUpdater (StateMachineUpdater.java:takeSnapshot(242)) - StateMachineUpdater:015512a9-a872-4562-a045-0746d0865c08:group-375B930B3664: Took a snapshot at index 18
2019-09-10 21:43:18,340 [StateMachineUpdater:015512a9-a872-4562-a045-0746d0865c08:group-375B930B3664] INFO  impl.StateMachineUpdater (StateMachineUpdater.java:lambda$new$0(80)) - StateMachineUpdater:015512a9-a872-4562-a045-0746d0865c08:group-375B930B3664: snapshotIndex: updateIncreasingly -1 -> 18
2019-09-10 21:43:18,340 [ForkJoinPool.commonPool-worker-0] INFO  impl.RaftServerImpl (ServerState.java:close(394)) - 015512a9-a872-4562-a045-0746d0865c08:group-375B930B3664 closes. The last applied log index is 18
2019-09-10 21:43:18,340 [015512a9-a872-4562-a045-0746d0865c08-SegmentedRaftLogWorker:Storage Directory /workdir/hadoop-ozone/integration-test/target/test-dir/MiniOzoneClusterImpl-89ab4714-a06f-49fd-a91c-210e479dc798/datanode-2/data/ratis/d5e3a037-8037-4c31-aa7e-375b930b3664] INFO  segmented.SegmentedRaftLogWorker (SegmentedRaftLogWorker.java:run(313)) - 015512a9-a872-4562-a045-0746d0865c08-SegmentedRaftLogWorker:Storage Directory /workdir/hadoop-ozone/integration-test/target/test-dir/MiniOzoneClusterImpl-89ab4714-a06f-49fd-a91c-210e479dc798/datanode-2/data/ratis/d5e3a037-8037-4c31-aa7e-375b930b3664 was interrupted, exiting. There are 0 tasks remaining in the queue.
2019-09-10 21:43:18,342 [ForkJoinPool.commonPool-worker-0] INFO  segmented.SegmentedRaftLogWorker (SegmentedRaftLogWorker.java:close(228)) - 015512a9-a872-4562-a045-0746d0865c08-SegmentedRaftLogWorker:Storage Directory /workdir/hadoop-ozone/integration-test/target/test-dir/MiniOzoneClusterImpl-89ab4714-a06f-49fd-a91c-210e479dc798/datanode-2/data/ratis/d5e3a037-8037-4c31-aa7e-375b930b3664 close()
2019-09-10 21:43:18,344 [ForkJoinPool.commonPool-worker-0] INFO  server.GrpcService (GrpcService.java:closeImpl(155)) - 015512a9-a872-4562-a045-0746d0865c08: shutdown server with port 33435 now
2019-09-10 21:43:18,344 [grpc-default-executor-2] WARN  client.GrpcClientProtocolService (LogUtils.java:warn(134)) - 1-UnorderedRequestStreamObserver1: onError: org.apache.ratis.thirdparty.io.grpc.StatusRuntimeException: CANCELLED: cancelled before receiving half close
2019-09-10 21:43:18,344 [ForkJoinPool.commonPool-worker-0] INFO  server.GrpcService (GrpcService.java:closeImpl(163)) - 015512a9-a872-4562-a045-0746d0865c08: shutdown server with port 33435 successfully
2019-09-10 21:43:18,348 [refreshUsed-/workdir/hadoop-ozone/integration-test/target/test-dir/MiniOzoneClusterImpl-89ab4714-a06f-49fd-a91c-210e479dc798/datanode-2/data/containers] WARN  fs.CachingGetSpaceUsed (CachingGetSpaceUsed.java:run(183)) - Thread Interrupted waiting to refresh disk information: sleep interrupted
2019-09-10 21:43:18,358 [ForkJoinPool.commonPool-worker-0] INFO  utils.BackgroundService (BackgroundService.java:shutdown(148)) - Shutting down service BlockDeletingService
2019-09-10 21:43:18,361 [ForkJoinPool.commonPool-worker-0] INFO  statemachine.DatanodeStateMachine (DatanodeStateMachine.java:stopDaemon(395)) - Ozone container server stopped.
2019-09-10 21:43:18,364 [ForkJoinPool.commonPool-worker-0] INFO  handler.ContextHandler (ContextHandler.java:doStop(910)) - Stopped o.e.j.w.WebAppContext@6889f56f{/,null,UNAVAILABLE}{/hddsDatanode}
2019-09-10 21:43:18,365 [ForkJoinPool.commonPool-worker-0] INFO  server.AbstractConnector (AbstractConnector.java:doStop(318)) - Stopped ServerConnector@231b35fb{HTTP/1.1,[http/1.1]}{0.0.0.0:0}
2019-09-10 21:43:18,366 [ForkJoinPool.commonPool-worker-0] INFO  handler.ContextHandler (ContextHandler.java:doStop(910)) - Stopped o.e.j.s.ServletContextHandler@2b6fb197{/static,jar:file:/home/user/.m2/repository/org/apache/hadoop/hadoop-hdds-container-service/0.5.0-SNAPSHOT/hadoop-hdds-container-service-0.5.0-SNAPSHOT.jar!/webapps/static,UNAVAILABLE}
2019-09-10 21:43:18,367 [ForkJoinPool.commonPool-worker-0] INFO  handler.ContextHandler (ContextHandler.java:doStop(910)) - Stopped o.e.j.s.ServletContextHandler@130cfc47{/logs,file:///workdir/hadoop-ozone/integration-test/target/log,UNAVAILABLE}
2019-09-10 21:43:18,389 [Thread-3941] INFO  impl.FollowerState (FollowerState.java:run(106)) - a51c52ab-c67a-438e-9398-785fa2adbd64:group-4647CE2A2CE4 changes to CANDIDATE, lastRpcTime:5154, electionTimeout:5152ms
2019-09-10 21:43:18,389 [Thread-3941] INFO  impl.RoleInfo (RoleInfo.java:shutdownFollowerState(121)) - a51c52ab-c67a-438e-9398-785fa2adbd64: shutdown FollowerState
2019-09-10 21:43:18,390 [Thread-3941] INFO  impl.RaftServerImpl (RaftServerImpl.java:setRole(171)) - a51c52ab-c67a-438e-9398-785fa2adbd64:group-4647CE2A2CE4 changes role from FOLLOWER to CANDIDATE at term 4 for changeToCandidate
2019-09-10 21:43:18,390 [Thread-3941] INFO  impl.RoleInfo (RoleInfo.java:updateAndGet(143)) - a51c52ab-c67a-438e-9398-785fa2adbd64: start LeaderElection
2019-09-10 21:43:18,407 [a51c52ab-c67a-438e-9398-785fa2adbd64:group-4647CE2A2CE4:LeaderElection88] INFO  impl.LeaderElection (LeaderElection.java:askForVotes(181)) - a51c52ab-c67a-438e-9398-785fa2adbd64:group-4647CE2A2CE4:LeaderElection88: begin an election at term 5 for 16: [54252f36-17d3-44da-82d9-c462bd19d858:192.168.157.245:35361, a51c52ab-c67a-438e-9398-785fa2adbd64:192.168.157.245:43951, 5ce445f2-79e2-4057-935d-c7a236a581cd:192.168.157.245:40841], old=null
2019-09-10 21:43:18,408 [a51c52ab-c67a-438e-9398-785fa2adbd64:group-4647CE2A2CE4:LeaderElection88] INFO  impl.LeaderElection (LogUtils.java:infoOrTrace(149)) - a51c52ab-c67a-438e-9398-785fa2adbd64:group-4647CE2A2CE4:LeaderElection88 got exception when requesting votes: {}
java.util.concurrent.ExecutionException: org.apache.ratis.thirdparty.io.grpc.StatusRuntimeException: UNAVAILABLE: io exception
	at java.util.concurrent.FutureTask.report(FutureTask.java:122)
	at java.util.concurrent.FutureTask.get(FutureTask.java:192)
	at org.apache.ratis.server.impl.LeaderElection.waitForResults(LeaderElection.java:262)
	at org.apache.ratis.server.impl.LeaderElection.askForVotes(LeaderElection.java:200)
	at org.apache.ratis.server.impl.LeaderElection.run(LeaderElection.java:130)
	at java.lang.Thread.run(Thread.java:748)
Caused by: org.apache.ratis.thirdparty.io.grpc.StatusRuntimeException: UNAVAILABLE: io exception
	at org.apache.ratis.thirdparty.io.grpc.stub.ClientCalls.toStatusRuntimeException(ClientCalls.java:233)
	at org.apache.ratis.thirdparty.io.grpc.stub.ClientCalls.getUnchecked(ClientCalls.java:214)
	at org.apache.ratis.thirdparty.io.grpc.stub.ClientCalls.blockingUnaryCall(ClientCalls.java:139)
	at org.apache.ratis.proto.grpc.RaftServerProtocolServiceGrpc$RaftServerProtocolServiceBlockingStub.requestVote(RaftServerProtocolServiceGrpc.java:265)
	at org.apache.ratis.grpc.server.GrpcServerProtocolClient.requestVote(GrpcServerProtocolClient.java:83)
	at org.apache.ratis.grpc.server.GrpcService.requestVote(GrpcService.java:195)
	at org.apache.ratis.server.impl.LeaderElection.lambda$submitRequests$1(LeaderElection.java:237)
	at java.util.concurrent.FutureTask.run(FutureTask.java:266)
	at java.util.concurrent.Executors$RunnableAdapter.call(Executors.java:511)
	at java.util.concurrent.FutureTask.run(FutureTask.java:266)
	at java.util.concurrent.ThreadPoolExecutor.runWorker(ThreadPoolExecutor.java:1149)
	at java.util.concurrent.ThreadPoolExecutor$Worker.run(ThreadPoolExecutor.java:624)
	... 1 more
Caused by: org.apache.ratis.thirdparty.io.netty.channel.AbstractChannel$AnnotatedConnectException: Connection refused: /192.168.157.245:35361
	at sun.nio.ch.SocketChannelImpl.checkConnect(Native Method)
	at sun.nio.ch.SocketChannelImpl.finishConnect(SocketChannelImpl.java:717)
	at org.apache.ratis.thirdparty.io.netty.channel.socket.nio.NioSocketChannel.doFinishConnect(NioSocketChannel.java:327)
	at org.apache.ratis.thirdparty.io.netty.channel.nio.AbstractNioChannel$AbstractNioUnsafe.finishConnect(AbstractNioChannel.java:340)
	at org.apache.ratis.thirdparty.io.netty.channel.nio.NioEventLoop.processSelectedKey(NioEventLoop.java:632)
	at org.apache.ratis.thirdparty.io.netty.channel.nio.NioEventLoop.processSelectedKeysOptimized(NioEventLoop.java:579)
	at org.apache.ratis.thirdparty.io.netty.channel.nio.NioEventLoop.processSelectedKeys(NioEventLoop.java:496)
	at org.apache.ratis.thirdparty.io.netty.channel.nio.NioEventLoop.run(NioEventLoop.java:458)
	at org.apache.ratis.thirdparty.io.netty.util.concurrent.SingleThreadEventExecutor$5.run(SingleThreadEventExecutor.java:897)
	at org.apache.ratis.thirdparty.io.netty.util.concurrent.FastThreadLocalRunnable.run(FastThreadLocalRunnable.java:30)
	... 1 more
Caused by: java.net.ConnectException: Connection refused
	... 11 more
2019-09-10 21:43:18,410 [a51c52ab-c67a-438e-9398-785fa2adbd64:group-4647CE2A2CE4:LeaderElection88] INFO  impl.LeaderElection (LogUtils.java:infoOrTrace(149)) - a51c52ab-c67a-438e-9398-785fa2adbd64:group-4647CE2A2CE4:LeaderElection88 got exception when requesting votes: {}
java.util.concurrent.ExecutionException: org.apache.ratis.thirdparty.io.grpc.StatusRuntimeException: UNAVAILABLE: io exception
	at java.util.concurrent.FutureTask.report(FutureTask.java:122)
	at java.util.concurrent.FutureTask.get(FutureTask.java:192)
	at org.apache.ratis.server.impl.LeaderElection.waitForResults(LeaderElection.java:262)
	at org.apache.ratis.server.impl.LeaderElection.askForVotes(LeaderElection.java:200)
	at org.apache.ratis.server.impl.LeaderElection.run(LeaderElection.java:130)
	at java.lang.Thread.run(Thread.java:748)
Caused by: org.apache.ratis.thirdparty.io.grpc.StatusRuntimeException: UNAVAILABLE: io exception
	at org.apache.ratis.thirdparty.io.grpc.stub.ClientCalls.toStatusRuntimeException(ClientCalls.java:233)
	at org.apache.ratis.thirdparty.io.grpc.stub.ClientCalls.getUnchecked(ClientCalls.java:214)
	at org.apache.ratis.thirdparty.io.grpc.stub.ClientCalls.blockingUnaryCall(ClientCalls.java:139)
	at org.apache.ratis.proto.grpc.RaftServerProtocolServiceGrpc$RaftServerProtocolServiceBlockingStub.requestVote(RaftServerProtocolServiceGrpc.java:265)
	at org.apache.ratis.grpc.server.GrpcServerProtocolClient.requestVote(GrpcServerProtocolClient.java:83)
	at org.apache.ratis.grpc.server.GrpcService.requestVote(GrpcService.java:195)
	at org.apache.ratis.server.impl.LeaderElection.lambda$submitRequests$1(LeaderElection.java:237)
	at java.util.concurrent.FutureTask.run(FutureTask.java:266)
	at java.util.concurrent.Executors$RunnableAdapter.call(Executors.java:511)
	at java.util.concurrent.FutureTask.run(FutureTask.java:266)
	at java.util.concurrent.ThreadPoolExecutor.runWorker(ThreadPoolExecutor.java:1149)
	at java.util.concurrent.ThreadPoolExecutor$Worker.run(ThreadPoolExecutor.java:624)
	... 1 more
Caused by: org.apache.ratis.thirdparty.io.netty.channel.AbstractChannel$AnnotatedConnectException: Connection refused: /192.168.157.245:40841
	at sun.nio.ch.SocketChannelImpl.checkConnect(Native Method)
	at sun.nio.ch.SocketChannelImpl.finishConnect(SocketChannelImpl.java:717)
	at org.apache.ratis.thirdparty.io.netty.channel.socket.nio.NioSocketChannel.doFinishConnect(NioSocketChannel.java:327)
	at org.apache.ratis.thirdparty.io.netty.channel.nio.AbstractNioChannel$AbstractNioUnsafe.finishConnect(AbstractNioChannel.java:340)
	at org.apache.ratis.thirdparty.io.netty.channel.nio.NioEventLoop.processSelectedKey(NioEventLoop.java:632)
	at org.apache.ratis.thirdparty.io.netty.channel.nio.NioEventLoop.processSelectedKeysOptimized(NioEventLoop.java:579)
	at org.apache.ratis.thirdparty.io.netty.channel.nio.NioEventLoop.processSelectedKeys(NioEventLoop.java:496)
	at org.apache.ratis.thirdparty.io.netty.channel.nio.NioEventLoop.run(NioEventLoop.java:458)
	at org.apache.ratis.thirdparty.io.netty.util.concurrent.SingleThreadEventExecutor$5.run(SingleThreadEventExecutor.java:897)
	at org.apache.ratis.thirdparty.io.netty.util.concurrent.FastThreadLocalRunnable.run(FastThreadLocalRunnable.java:30)
	... 1 more
Caused by: java.net.ConnectException: Connection refused
	... 11 more
2019-09-10 21:43:18,411 [a51c52ab-c67a-438e-9398-785fa2adbd64:group-4647CE2A2CE4:LeaderElection88] INFO  impl.LeaderElection (LeaderElection.java:logAndReturn(56)) - a51c52ab-c67a-438e-9398-785fa2adbd64:group-4647CE2A2CE4:LeaderElection88: Election REJECTED; received 0 response(s) [] and 2 exception(s); a51c52ab-c67a-438e-9398-785fa2adbd64:t5, leader=null, voted=a51c52ab-c67a-438e-9398-785fa2adbd64, raftlog=a51c52ab-c67a-438e-9398-785fa2adbd64-SegmentedRaftLog:OPENED:c17,f17,i17, conf=16: [54252f36-17d3-44da-82d9-c462bd19d858:192.168.157.245:35361, a51c52ab-c67a-438e-9398-785fa2adbd64:192.168.157.245:43951, 5ce445f2-79e2-4057-935d-c7a236a581cd:192.168.157.245:40841], old=null
2019-09-10 21:43:18,411 [a51c52ab-c67a-438e-9398-785fa2adbd64:group-4647CE2A2CE4:LeaderElection88] INFO  impl.LeaderElection (LogUtils.java:infoOrTrace(149)) -   Exception 0: {}
java.util.concurrent.ExecutionException: org.apache.ratis.thirdparty.io.grpc.StatusRuntimeException: UNAVAILABLE: io exception
	at java.util.concurrent.FutureTask.report(FutureTask.java:122)
	at java.util.concurrent.FutureTask.get(FutureTask.java:192)
	at org.apache.ratis.server.impl.LeaderElection.waitForResults(LeaderElection.java:262)
	at org.apache.ratis.server.impl.LeaderElection.askForVotes(LeaderElection.java:200)
	at org.apache.ratis.server.impl.LeaderElection.run(LeaderElection.java:130)
	at java.lang.Thread.run(Thread.java:748)
Caused by: org.apache.ratis.thirdparty.io.grpc.StatusRuntimeException: UNAVAILABLE: io exception
	at org.apache.ratis.thirdparty.io.grpc.stub.ClientCalls.toStatusRuntimeException(ClientCalls.java:233)
	at org.apache.ratis.thirdparty.io.grpc.stub.ClientCalls.getUnchecked(ClientCalls.java:214)
	at org.apache.ratis.thirdparty.io.grpc.stub.ClientCalls.blockingUnaryCall(ClientCalls.java:139)
	at org.apache.ratis.proto.grpc.RaftServerProtocolServiceGrpc$RaftServerProtocolServiceBlockingStub.requestVote(RaftServerProtocolServiceGrpc.java:265)
	at org.apache.ratis.grpc.server.GrpcServerProtocolClient.requestVote(GrpcServerProtocolClient.java:83)
	at org.apache.ratis.grpc.server.GrpcService.requestVote(GrpcService.java:195)
	at org.apache.ratis.server.impl.LeaderElection.lambda$submitRequests$1(LeaderElection.java:237)
	at java.util.concurrent.FutureTask.run(FutureTask.java:266)
	at java.util.concurrent.Executors$RunnableAdapter.call(Executors.java:511)
	at java.util.concurrent.FutureTask.run(FutureTask.java:266)
	at java.util.concurrent.ThreadPoolExecutor.runWorker(ThreadPoolExecutor.java:1149)
	at java.util.concurrent.ThreadPoolExecutor$Worker.run(ThreadPoolExecutor.java:624)
	... 1 more
Caused by: org.apache.ratis.thirdparty.io.netty.channel.AbstractChannel$AnnotatedConnectException: Connection refused: /192.168.157.245:35361
	at sun.nio.ch.SocketChannelImpl.checkConnect(Native Method)
	at sun.nio.ch.SocketChannelImpl.finishConnect(SocketChannelImpl.java:717)
	at org.apache.ratis.thirdparty.io.netty.channel.socket.nio.NioSocketChannel.doFinishConnect(NioSocketChannel.java:327)
	at org.apache.ratis.thirdparty.io.netty.channel.nio.AbstractNioChannel$AbstractNioUnsafe.finishConnect(AbstractNioChannel.java:340)
	at org.apache.ratis.thirdparty.io.netty.channel.nio.NioEventLoop.processSelectedKey(NioEventLoop.java:632)
	at org.apache.ratis.thirdparty.io.netty.channel.nio.NioEventLoop.processSelectedKeysOptimized(NioEventLoop.java:579)
	at org.apache.ratis.thirdparty.io.netty.channel.nio.NioEventLoop.processSelectedKeys(NioEventLoop.java:496)
	at org.apache.ratis.thirdparty.io.netty.channel.nio.NioEventLoop.run(NioEventLoop.java:458)
	at org.apache.ratis.thirdparty.io.netty.util.concurrent.SingleThreadEventExecutor$5.run(SingleThreadEventExecutor.java:897)
	at org.apache.ratis.thirdparty.io.netty.util.concurrent.FastThreadLocalRunnable.run(FastThreadLocalRunnable.java:30)
	... 1 more
Caused by: java.net.ConnectException: Connection refused
	... 11 more
2019-09-10 21:43:18,411 [a51c52ab-c67a-438e-9398-785fa2adbd64:group-4647CE2A2CE4:LeaderElection88] INFO  impl.LeaderElection (LogUtils.java:infoOrTrace(149)) -   Exception 1: {}
java.util.concurrent.ExecutionException: org.apache.ratis.thirdparty.io.grpc.StatusRuntimeException: UNAVAILABLE: io exception
	at java.util.concurrent.FutureTask.report(FutureTask.java:122)
	at java.util.concurrent.FutureTask.get(FutureTask.java:192)
	at org.apache.ratis.server.impl.LeaderElection.waitForResults(LeaderElection.java:262)
	at org.apache.ratis.server.impl.LeaderElection.askForVotes(LeaderElection.java:200)
	at org.apache.ratis.server.impl.LeaderElection.run(LeaderElection.java:130)
	at java.lang.Thread.run(Thread.java:748)
Caused by: org.apache.ratis.thirdparty.io.grpc.StatusRuntimeException: UNAVAILABLE: io exception
	at org.apache.ratis.thirdparty.io.grpc.stub.ClientCalls.toStatusRuntimeException(ClientCalls.java:233)
	at org.apache.ratis.thirdparty.io.grpc.stub.ClientCalls.getUnchecked(ClientCalls.java:214)
	at org.apache.ratis.thirdparty.io.grpc.stub.ClientCalls.blockingUnaryCall(ClientCalls.java:139)
	at org.apache.ratis.proto.grpc.RaftServerProtocolServiceGrpc$RaftServerProtocolServiceBlockingStub.requestVote(RaftServerProtocolServiceGrpc.java:265)
	at org.apache.ratis.grpc.server.GrpcServerProtocolClient.requestVote(GrpcServerProtocolClient.java:83)
	at org.apache.ratis.grpc.server.GrpcService.requestVote(GrpcService.java:195)
	at org.apache.ratis.server.impl.LeaderElection.lambda$submitRequests$1(LeaderElection.java:237)
	at java.util.concurrent.FutureTask.run(FutureTask.java:266)
	at java.util.concurrent.Executors$RunnableAdapter.call(Executors.java:511)
	at java.util.concurrent.FutureTask.run(FutureTask.java:266)
	at java.util.concurrent.ThreadPoolExecutor.runWorker(ThreadPoolExecutor.java:1149)
	at java.util.concurrent.ThreadPoolExecutor$Worker.run(ThreadPoolExecutor.java:624)
	... 1 more
Caused by: org.apache.ratis.thirdparty.io.netty.channel.AbstractChannel$AnnotatedConnectException: Connection refused: /192.168.157.245:40841
	at sun.nio.ch.SocketChannelImpl.checkConnect(Native Method)
	at sun.nio.ch.SocketChannelImpl.finishConnect(SocketChannelImpl.java:717)
	at org.apache.ratis.thirdparty.io.netty.channel.socket.nio.NioSocketChannel.doFinishConnect(NioSocketChannel.java:327)
	at org.apache.ratis.thirdparty.io.netty.channel.nio.AbstractNioChannel$AbstractNioUnsafe.finishConnect(AbstractNioChannel.java:340)
	at org.apache.ratis.thirdparty.io.netty.channel.nio.NioEventLoop.processSelectedKey(NioEventLoop.java:632)
	at org.apache.ratis.thirdparty.io.netty.channel.nio.NioEventLoop.processSelectedKeysOptimized(NioEventLoop.java:579)
	at org.apache.ratis.thirdparty.io.netty.channel.nio.NioEventLoop.processSelectedKeys(NioEventLoop.java:496)
	at org.apache.ratis.thirdparty.io.netty.channel.nio.NioEventLoop.run(NioEventLoop.java:458)
	at org.apache.ratis.thirdparty.io.netty.util.concurrent.SingleThreadEventExecutor$5.run(SingleThreadEventExecutor.java:897)
	at org.apache.ratis.thirdparty.io.netty.util.concurrent.FastThreadLocalRunnable.run(FastThreadLocalRunnable.java:30)
	... 1 more
Caused by: java.net.ConnectException: Connection refused
	... 11 more
2019-09-10 21:43:18,412 [a51c52ab-c67a-438e-9398-785fa2adbd64:group-4647CE2A2CE4:LeaderElection88] INFO  impl.RaftServerImpl (RaftServerImpl.java:setRole(171)) - a51c52ab-c67a-438e-9398-785fa2adbd64:group-4647CE2A2CE4 changes role from CANDIDATE to FOLLOWER at term 5 for DISCOVERED_A_NEW_TERM
2019-09-10 21:43:18,412 [a51c52ab-c67a-438e-9398-785fa2adbd64:group-4647CE2A2CE4:LeaderElection88] INFO  impl.RoleInfo (RoleInfo.java:shutdownLeaderElection(134)) - a51c52ab-c67a-438e-9398-785fa2adbd64: shutdown LeaderElection
2019-09-10 21:43:18,412 [a51c52ab-c67a-438e-9398-785fa2adbd64:group-4647CE2A2CE4:LeaderElection88] INFO  impl.RoleInfo (RoleInfo.java:updateAndGet(143)) - a51c52ab-c67a-438e-9398-785fa2adbd64: start FollowerState
2019-09-10 21:43:18,714 [Datanode State Machine Thread - 0] INFO  statemachine.DatanodeStateMachine (DatanodeStateMachine.java:lambda$startDaemon$0(350)) - Ozone container server started.
2019-09-10 21:43:19,267 [Datanode State Machine Thread - 0] INFO  statemachine.DatanodeStateMachine (DatanodeStateMachine.java:lambda$startDaemon$0(350)) - Ozone container server started.
2019-09-10 21:43:22,789 [EventQueue-StaleNodeForStaleNodeHandler] INFO  node.StaleNodeHandler (StaleNodeHandler.java:onMessage(58)) - Datanode a51c52ab-c67a-438e-9398-785fa2adbd64{ip: 192.168.157.245, host: pr-hdds-2007-wqvw6-2944049611, networkLocation: /default-rack, certSerialId: null} moved to stale state. Finalizing its pipelines [PipelineID=b04ac957-915a-453f-a5d9-4647ce2a2ce4, PipelineID=53e71375-30ee-4528-aa15-fb239201d27d]
2019-09-10 21:43:22,789 [EventQueue-StaleNodeForStaleNodeHandler] INFO  pipeline.SCMPipelineManager (SCMPipelineManager.java:finalizeAndDestroyPipeline(311)) - destroying pipeline:Pipeline[ Id: b04ac957-915a-453f-a5d9-4647ce2a2ce4, Nodes: 54252f36-17d3-44da-82d9-c462bd19d858{ip: 192.168.157.245, host: pr-hdds-2007-wqvw6-2944049611, networkLocation: /default-rack, certSerialId: null}5ce445f2-79e2-4057-935d-c7a236a581cd{ip: 192.168.157.245, host: pr-hdds-2007-wqvw6-2944049611, networkLocation: /default-rack, certSerialId: null}a51c52ab-c67a-438e-9398-785fa2adbd64{ip: 192.168.157.245, host: pr-hdds-2007-wqvw6-2944049611, networkLocation: /default-rack, certSerialId: null}, Type:RATIS, Factor:THREE, State:CLOSED]
2019-09-10 21:43:22,790 [EventQueue-StaleNodeForStaleNodeHandler] INFO  pipeline.SCMPipelineManager (SCMPipelineManager.java:finalizeAndDestroyPipeline(311)) - destroying pipeline:Pipeline[ Id: 53e71375-30ee-4528-aa15-fb239201d27d, Nodes: a51c52ab-c67a-438e-9398-785fa2adbd64{ip: 192.168.157.245, host: pr-hdds-2007-wqvw6-2944049611, networkLocation: /default-rack, certSerialId: null}, Type:RATIS, Factor:ONE, State:OPEN]
2019-09-10 21:43:22,790 [EventQueue-StaleNodeForStaleNodeHandler] INFO  pipeline.PipelineStateManager (PipelineStateManager.java:finalizePipeline(123)) - Pipeline Pipeline[ Id: 53e71375-30ee-4528-aa15-fb239201d27d, Nodes: a51c52ab-c67a-438e-9398-785fa2adbd64{ip: 192.168.157.245, host: pr-hdds-2007-wqvw6-2944049611, networkLocation: /default-rack, certSerialId: null}, Type:RATIS, Factor:ONE, State:CLOSED] moved to CLOSED state
2019-09-10 21:43:23,291 [EventQueue-StaleNodeForStaleNodeHandler] INFO  node.StaleNodeHandler (StaleNodeHandler.java:onMessage(58)) - Datanode 8a367430-73c6-4691-a893-24a58d3c5b91{ip: 192.168.157.245, host: pr-hdds-2007-wqvw6-2944049611, networkLocation: /default-rack, certSerialId: null} moved to stale state. Finalizing its pipelines [PipelineID=d5e3a037-8037-4c31-aa7e-375b930b3664, PipelineID=a2d84266-4f64-48ea-96d6-deb12148e1d0]
2019-09-10 21:43:23,291 [EventQueue-StaleNodeForStaleNodeHandler] INFO  pipeline.SCMPipelineManager (SCMPipelineManager.java:finalizeAndDestroyPipeline(311)) - destroying pipeline:Pipeline[ Id: d5e3a037-8037-4c31-aa7e-375b930b3664, Nodes: 015512a9-a872-4562-a045-0746d0865c08{ip: 192.168.157.245, host: pr-hdds-2007-wqvw6-2944049611, networkLocation: /default-rack, certSerialId: null}f933e11a-a116-4831-9071-5b6229b09e88{ip: 192.168.157.245, host: pr-hdds-2007-wqvw6-2944049611, networkLocation: /default-rack, certSerialId: null}8a367430-73c6-4691-a893-24a58d3c5b91{ip: 192.168.157.245, host: pr-hdds-2007-wqvw6-2944049611, networkLocation: /default-rack, certSerialId: null}, Type:RATIS, Factor:THREE, State:CLOSED]
2019-09-10 21:43:23,291 [EventQueue-StaleNodeForStaleNodeHandler] INFO  pipeline.SCMPipelineManager (SCMPipelineManager.java:finalizeAndDestroyPipeline(311)) - destroying pipeline:Pipeline[ Id: a2d84266-4f64-48ea-96d6-deb12148e1d0, Nodes: 8a367430-73c6-4691-a893-24a58d3c5b91{ip: 192.168.157.245, host: pr-hdds-2007-wqvw6-2944049611, networkLocation: /default-rack, certSerialId: null}, Type:RATIS, Factor:ONE, State:OPEN]
2019-09-10 21:43:23,291 [EventQueue-StaleNodeForStaleNodeHandler] INFO  pipeline.PipelineStateManager (PipelineStateManager.java:finalizePipeline(123)) - Pipeline Pipeline[ Id: a2d84266-4f64-48ea-96d6-deb12148e1d0, Nodes: 8a367430-73c6-4691-a893-24a58d3c5b91{ip: 192.168.157.245, host: pr-hdds-2007-wqvw6-2944049611, networkLocation: /default-rack, certSerialId: null}, Type:RATIS, Factor:ONE, State:CLOSED] moved to CLOSED state
2019-09-10 21:43:23,318 [main] INFO  ozoneimpl.OzoneContainer (OzoneContainer.java:stop(215)) - Attempting to stop container services.
2019-09-10 21:43:23,319 [main] INFO  impl.RaftServerProxy (RaftServerProxy.java:lambda$close$4(314)) - a51c52ab-c67a-438e-9398-785fa2adbd64: close
2019-09-10 21:43:23,319 [main] INFO  impl.RaftServerImpl (RaftServerImpl.java:lambda$shutdown$3(245)) - a51c52ab-c67a-438e-9398-785fa2adbd64: shutdown group-4647CE2A2CE4
2019-09-10 21:43:23,319 [main] INFO  util.JmxRegister (JmxRegister.java:unregister(73)) - Successfully un-registered JMX Bean with object name Ratis:service=RaftServer,group=group-4647CE2A2CE4,id=a51c52ab-c67a-438e-9398-785fa2adbd64
2019-09-10 21:43:23,319 [main] INFO  impl.RoleInfo (RoleInfo.java:shutdownFollowerState(121)) - a51c52ab-c67a-438e-9398-785fa2adbd64: shutdown FollowerState
2019-09-10 21:43:23,320 [main] INFO  impl.StateMachineUpdater (StateMachineUpdater.java:stopAndJoin(115)) - StateMachineUpdater:a51c52ab-c67a-438e-9398-785fa2adbd64:group-4647CE2A2CE4: set stopIndex = 17
2019-09-10 21:43:23,320 [StateMachineUpdater:a51c52ab-c67a-438e-9398-785fa2adbd64:group-4647CE2A2CE4] INFO  ratis.ContainerStateMachine (ContainerStateMachine.java:takeSnapshot(284)) - group-4647CE2A2CE4: Taking a snapshot at:(t:2, i:13) file /workdir/hadoop-ozone/integration-test/target/test-dir/MiniOzoneClusterImpl-89ab4714-a06f-49fd-a91c-210e479dc798/datanode-5/data/ratis/b04ac957-915a-453f-a5d9-4647ce2a2ce4/sm/snapshot.2_13
2019-09-10 21:43:23,320 [Thread-3948] INFO  impl.FollowerState (FollowerState.java:run(114)) - a51c52ab-c67a-438e-9398-785fa2adbd64: FollowerState was interrupted: java.lang.InterruptedException: sleep interrupted
2019-09-10 21:43:23,334 [StateMachineUpdater:a51c52ab-c67a-438e-9398-785fa2adbd64:group-4647CE2A2CE4] INFO  ratis.ContainerStateMachine (ContainerStateMachine.java:takeSnapshot(295)) - group-4647CE2A2CE4: Finished taking a snapshot at:(t:2, i:13) file:/workdir/hadoop-ozone/integration-test/target/test-dir/MiniOzoneClusterImpl-89ab4714-a06f-49fd-a91c-210e479dc798/datanode-5/data/ratis/b04ac957-915a-453f-a5d9-4647ce2a2ce4/sm/snapshot.2_13 time:14
2019-09-10 21:43:23,334 [StateMachineUpdater:a51c52ab-c67a-438e-9398-785fa2adbd64:group-4647CE2A2CE4] INFO  impl.StateMachineUpdater (StateMachineUpdater.java:takeSnapshot(242)) - StateMachineUpdater:a51c52ab-c67a-438e-9398-785fa2adbd64:group-4647CE2A2CE4: Took a snapshot at index 13
2019-09-10 21:43:23,334 [StateMachineUpdater:a51c52ab-c67a-438e-9398-785fa2adbd64:group-4647CE2A2CE4] INFO  impl.StateMachineUpdater (StateMachineUpdater.java:lambda$new$0(80)) - StateMachineUpdater:a51c52ab-c67a-438e-9398-785fa2adbd64:group-4647CE2A2CE4: snapshotIndex: updateIncreasingly -1 -> 13
2019-09-10 21:43:23,334 [main] INFO  impl.RaftServerImpl (ServerState.java:close(394)) - a51c52ab-c67a-438e-9398-785fa2adbd64:group-4647CE2A2CE4 closes. The last applied log index is 17
2019-09-10 21:43:23,335 [a51c52ab-c67a-438e-9398-785fa2adbd64-SegmentedRaftLogWorker:Storage Directory /workdir/hadoop-ozone/integration-test/target/test-dir/MiniOzoneClusterImpl-89ab4714-a06f-49fd-a91c-210e479dc798/datanode-5/data/ratis/b04ac957-915a-453f-a5d9-4647ce2a2ce4] INFO  segmented.SegmentedRaftLogWorker (SegmentedRaftLogWorker.java:run(313)) - a51c52ab-c67a-438e-9398-785fa2adbd64-SegmentedRaftLogWorker:Storage Directory /workdir/hadoop-ozone/integration-test/target/test-dir/MiniOzoneClusterImpl-89ab4714-a06f-49fd-a91c-210e479dc798/datanode-5/data/ratis/b04ac957-915a-453f-a5d9-4647ce2a2ce4 was interrupted, exiting. There are 0 tasks remaining in the queue.
2019-09-10 21:43:23,336 [main] INFO  segmented.SegmentedRaftLogWorker (SegmentedRaftLogWorker.java:close(228)) - a51c52ab-c67a-438e-9398-785fa2adbd64-SegmentedRaftLogWorker:Storage Directory /workdir/hadoop-ozone/integration-test/target/test-dir/MiniOzoneClusterImpl-89ab4714-a06f-49fd-a91c-210e479dc798/datanode-5/data/ratis/b04ac957-915a-453f-a5d9-4647ce2a2ce4 close()
2019-09-10 21:43:23,338 [main] INFO  impl.RaftServerImpl (RaftServerImpl.java:lambda$shutdown$3(245)) - a51c52ab-c67a-438e-9398-785fa2adbd64: shutdown group-FB239201D27D
2019-09-10 21:43:23,338 [main] INFO  util.JmxRegister (JmxRegister.java:unregister(73)) - Successfully un-registered JMX Bean with object name Ratis:service=RaftServer,group=group-FB239201D27D,id=a51c52ab-c67a-438e-9398-785fa2adbd64
2019-09-10 21:43:23,338 [main] INFO  impl.RoleInfo (RoleInfo.java:shutdownLeaderState(104)) - a51c52ab-c67a-438e-9398-785fa2adbd64: shutdown LeaderState
2019-09-10 21:43:23,338 [main] INFO  impl.PendingRequests (PendingRequests.java:sendNotLeaderResponses(202)) - a51c52ab-c67a-438e-9398-785fa2adbd64-PendingRequests: sendNotLeaderResponses
2019-09-10 21:43:23,339 [main] INFO  impl.StateMachineUpdater (StateMachineUpdater.java:stopAndJoin(115)) - StateMachineUpdater:a51c52ab-c67a-438e-9398-785fa2adbd64:group-FB239201D27D: set stopIndex = 0
2019-09-10 21:43:23,339 [main] INFO  impl.RaftServerImpl (ServerState.java:close(394)) - a51c52ab-c67a-438e-9398-785fa2adbd64:group-FB239201D27D closes. The last applied log index is 0
2019-09-10 21:43:23,339 [a51c52ab-c67a-438e-9398-785fa2adbd64-SegmentedRaftLogWorker:Storage Directory /workdir/hadoop-ozone/integration-test/target/test-dir/MiniOzoneClusterImpl-89ab4714-a06f-49fd-a91c-210e479dc798/datanode-5/data/ratis/53e71375-30ee-4528-aa15-fb239201d27d] INFO  segmented.SegmentedRaftLogWorker (SegmentedRaftLogWorker.java:run(313)) - a51c52ab-c67a-438e-9398-785fa2adbd64-SegmentedRaftLogWorker:Storage Directory /workdir/hadoop-ozone/integration-test/target/test-dir/MiniOzoneClusterImpl-89ab4714-a06f-49fd-a91c-210e479dc798/datanode-5/data/ratis/53e71375-30ee-4528-aa15-fb239201d27d was interrupted, exiting. There are 0 tasks remaining in the queue.
2019-09-10 21:43:23,340 [main] INFO  segmented.SegmentedRaftLogWorker (SegmentedRaftLogWorker.java:close(228)) - a51c52ab-c67a-438e-9398-785fa2adbd64-SegmentedRaftLogWorker:Storage Directory /workdir/hadoop-ozone/integration-test/target/test-dir/MiniOzoneClusterImpl-89ab4714-a06f-49fd-a91c-210e479dc798/datanode-5/data/ratis/53e71375-30ee-4528-aa15-fb239201d27d close()
2019-09-10 21:43:23,345 [main] INFO  server.GrpcService (GrpcService.java:closeImpl(155)) - a51c52ab-c67a-438e-9398-785fa2adbd64: shutdown server with port 43951 now
2019-09-10 21:43:23,345 [main] INFO  server.GrpcService (GrpcService.java:closeImpl(163)) - a51c52ab-c67a-438e-9398-785fa2adbd64: shutdown server with port 43951 successfully
2019-09-10 21:43:23,347 [refreshUsed-/workdir/hadoop-ozone/integration-test/target/test-dir/MiniOzoneClusterImpl-89ab4714-a06f-49fd-a91c-210e479dc798/datanode-5/data/containers] WARN  fs.CachingGetSpaceUsed (CachingGetSpaceUsed.java:run(183)) - Thread Interrupted waiting to refresh disk information: sleep interrupted
2019-09-10 21:43:23,361 [main] INFO  utils.BackgroundService (BackgroundService.java:shutdown(148)) - Shutting down service BlockDeletingService
2019-09-10 21:43:23,363 [main] INFO  statemachine.DatanodeStateMachine (DatanodeStateMachine.java:stopDaemon(395)) - Ozone container server stopped.
2019-09-10 21:43:23,364 [main] INFO  handler.ContextHandler (ContextHandler.java:doStop(910)) - Stopped o.e.j.w.WebAppContext@3b5a19ed{/,null,UNAVAILABLE}{/hddsDatanode}
2019-09-10 21:43:23,365 [main] INFO  server.AbstractConnector (AbstractConnector.java:doStop(318)) - Stopped ServerConnector@15d236fd{HTTP/1.1,[http/1.1]}{0.0.0.0:0}
2019-09-10 21:43:23,365 [main] INFO  handler.ContextHandler (ContextHandler.java:doStop(910)) - Stopped o.e.j.s.ServletContextHandler@27898e13{/static,jar:file:/home/user/.m2/repository/org/apache/hadoop/hadoop-hdds-container-service/0.5.0-SNAPSHOT/hadoop-hdds-container-service-0.5.0-SNAPSHOT.jar!/webapps/static,UNAVAILABLE}
2019-09-10 21:43:23,366 [main] INFO  handler.ContextHandler (ContextHandler.java:doStop(910)) - Stopped o.e.j.s.ServletContextHandler@51e8d066{/logs,file:///workdir/hadoop-ozone/integration-test/target/log,UNAVAILABLE}
2019-09-10 21:43:23,368 [ForkJoinPool.commonPool-worker-0] INFO  ozoneimpl.OzoneContainer (OzoneContainer.java:stop(215)) - Attempting to stop container services.
2019-09-10 21:43:23,368 [ForkJoinPool.commonPool-worker-0] INFO  impl.RaftServerProxy (RaftServerProxy.java:lambda$close$4(314)) - 8a367430-73c6-4691-a893-24a58d3c5b91: close
2019-09-10 21:43:23,368 [ForkJoinPool.commonPool-worker-0] INFO  impl.RaftServerImpl (RaftServerImpl.java:lambda$shutdown$3(245)) - 8a367430-73c6-4691-a893-24a58d3c5b91: shutdown group-375B930B3664
2019-09-10 21:43:23,368 [ForkJoinPool.commonPool-worker-0] INFO  util.JmxRegister (JmxRegister.java:unregister(73)) - Successfully un-registered JMX Bean with object name Ratis:service=RaftServer,group=group-375B930B3664,id=8a367430-73c6-4691-a893-24a58d3c5b91
2019-09-10 21:43:23,368 [ForkJoinPool.commonPool-worker-0] INFO  impl.RoleInfo (RoleInfo.java:shutdownFollowerState(121)) - 8a367430-73c6-4691-a893-24a58d3c5b91: shutdown FollowerState
2019-09-10 21:43:23,369 [ForkJoinPool.commonPool-worker-0] INFO  impl.StateMachineUpdater (StateMachineUpdater.java:stopAndJoin(115)) - StateMachineUpdater:8a367430-73c6-4691-a893-24a58d3c5b91:group-375B930B3664: set stopIndex = 18
2019-09-10 21:43:23,369 [Thread-3713] INFO  impl.FollowerState (FollowerState.java:run(114)) - 8a367430-73c6-4691-a893-24a58d3c5b91: FollowerState was interrupted: java.lang.InterruptedException: sleep interrupted
2019-09-10 21:43:23,369 [StateMachineUpdater:8a367430-73c6-4691-a893-24a58d3c5b91:group-375B930B3664] INFO  ratis.ContainerStateMachine (ContainerStateMachine.java:takeSnapshot(284)) - group-375B930B3664: Taking a snapshot at:(t:2, i:17) file /workdir/hadoop-ozone/integration-test/target/test-dir/MiniOzoneClusterImpl-89ab4714-a06f-49fd-a91c-210e479dc798/datanode-0/data/ratis/d5e3a037-8037-4c31-aa7e-375b930b3664/sm/snapshot.2_17
2019-09-10 21:43:23,382 [StateMachineUpdater:8a367430-73c6-4691-a893-24a58d3c5b91:group-375B930B3664] INFO  ratis.ContainerStateMachine (ContainerStateMachine.java:takeSnapshot(295)) - group-375B930B3664: Finished taking a snapshot at:(t:2, i:17) file:/workdir/hadoop-ozone/integration-test/target/test-dir/MiniOzoneClusterImpl-89ab4714-a06f-49fd-a91c-210e479dc798/datanode-0/data/ratis/d5e3a037-8037-4c31-aa7e-375b930b3664/sm/snapshot.2_17 time:14
2019-09-10 21:43:23,382 [StateMachineUpdater:8a367430-73c6-4691-a893-24a58d3c5b91:group-375B930B3664] INFO  impl.StateMachineUpdater (StateMachineUpdater.java:takeSnapshot(242)) - StateMachineUpdater:8a367430-73c6-4691-a893-24a58d3c5b91:group-375B930B3664: Took a snapshot at index 17
2019-09-10 21:43:23,382 [StateMachineUpdater:8a367430-73c6-4691-a893-24a58d3c5b91:group-375B930B3664] INFO  impl.StateMachineUpdater (StateMachineUpdater.java:lambda$new$0(80)) - StateMachineUpdater:8a367430-73c6-4691-a893-24a58d3c5b91:group-375B930B3664: snapshotIndex: updateIncreasingly -1 -> 17
2019-09-10 21:43:23,382 [ForkJoinPool.commonPool-worker-0] INFO  impl.RaftServerImpl (ServerState.java:close(394)) - 8a367430-73c6-4691-a893-24a58d3c5b91:group-375B930B3664 closes. The last applied log index is 18
2019-09-10 21:43:23,383 [8a367430-73c6-4691-a893-24a58d3c5b91-SegmentedRaftLogWorker:Storage Directory /workdir/hadoop-ozone/integration-test/target/test-dir/MiniOzoneClusterImpl-89ab4714-a06f-49fd-a91c-210e479dc798/datanode-0/data/ratis/d5e3a037-8037-4c31-aa7e-375b930b3664] INFO  segmented.SegmentedRaftLogWorker (SegmentedRaftLogWorker.java:run(313)) - 8a367430-73c6-4691-a893-24a58d3c5b91-SegmentedRaftLogWorker:Storage Directory /workdir/hadoop-ozone/integration-test/target/test-dir/MiniOzoneClusterImpl-89ab4714-a06f-49fd-a91c-210e479dc798/datanode-0/data/ratis/d5e3a037-8037-4c31-aa7e-375b930b3664 was interrupted, exiting. There are 0 tasks remaining in the queue.
2019-09-10 21:43:23,383 [ForkJoinPool.commonPool-worker-0] INFO  segmented.SegmentedRaftLogWorker (SegmentedRaftLogWorker.java:close(228)) - 8a367430-73c6-4691-a893-24a58d3c5b91-SegmentedRaftLogWorker:Storage Directory /workdir/hadoop-ozone/integration-test/target/test-dir/MiniOzoneClusterImpl-89ab4714-a06f-49fd-a91c-210e479dc798/datanode-0/data/ratis/d5e3a037-8037-4c31-aa7e-375b930b3664 close()
2019-09-10 21:43:23,384 [ForkJoinPool.commonPool-worker-0] INFO  impl.RaftServerImpl (RaftServerImpl.java:lambda$shutdown$3(245)) - 8a367430-73c6-4691-a893-24a58d3c5b91: shutdown group-DEB12148E1D0
2019-09-10 21:43:23,384 [ForkJoinPool.commonPool-worker-0] INFO  util.JmxRegister (JmxRegister.java:unregister(73)) - Successfully un-registered JMX Bean with object name Ratis:service=RaftServer,group=group-DEB12148E1D0,id=8a367430-73c6-4691-a893-24a58d3c5b91
2019-09-10 21:43:23,384 [ForkJoinPool.commonPool-worker-0] INFO  impl.RoleInfo (RoleInfo.java:shutdownLeaderState(104)) - 8a367430-73c6-4691-a893-24a58d3c5b91: shutdown LeaderState
2019-09-10 21:43:23,384 [ForkJoinPool.commonPool-worker-0] INFO  impl.PendingRequests (PendingRequests.java:sendNotLeaderResponses(202)) - 8a367430-73c6-4691-a893-24a58d3c5b91-PendingRequests: sendNotLeaderResponses
2019-09-10 21:43:23,384 [ForkJoinPool.commonPool-worker-0] INFO  impl.StateMachineUpdater (StateMachineUpdater.java:stopAndJoin(115)) - StateMachineUpdater:8a367430-73c6-4691-a893-24a58d3c5b91:group-DEB12148E1D0: set stopIndex = 0
2019-09-10 21:43:23,384 [ForkJoinPool.commonPool-worker-0] INFO  impl.RaftServerImpl (ServerState.java:close(394)) - 8a367430-73c6-4691-a893-24a58d3c5b91:group-DEB12148E1D0 closes. The last applied log index is 0
2019-09-10 21:43:23,385 [8a367430-73c6-4691-a893-24a58d3c5b91-SegmentedRaftLogWorker:Storage Directory /workdir/hadoop-ozone/integration-test/target/test-dir/MiniOzoneClusterImpl-89ab4714-a06f-49fd-a91c-210e479dc798/datanode-0/data/ratis/a2d84266-4f64-48ea-96d6-deb12148e1d0] INFO  segmented.SegmentedRaftLogWorker (SegmentedRaftLogWorker.java:run(313)) - 8a367430-73c6-4691-a893-24a58d3c5b91-SegmentedRaftLogWorker:Storage Directory /workdir/hadoop-ozone/integration-test/target/test-dir/MiniOzoneClusterImpl-89ab4714-a06f-49fd-a91c-210e479dc798/datanode-0/data/ratis/a2d84266-4f64-48ea-96d6-deb12148e1d0 was interrupted, exiting. There are 0 tasks remaining in the queue.
2019-09-10 21:43:23,385 [ForkJoinPool.commonPool-worker-0] INFO  segmented.SegmentedRaftLogWorker (SegmentedRaftLogWorker.java:close(228)) - 8a367430-73c6-4691-a893-24a58d3c5b91-SegmentedRaftLogWorker:Storage Directory /workdir/hadoop-ozone/integration-test/target/test-dir/MiniOzoneClusterImpl-89ab4714-a06f-49fd-a91c-210e479dc798/datanode-0/data/ratis/a2d84266-4f64-48ea-96d6-deb12148e1d0 close()
2019-09-10 21:43:23,386 [ForkJoinPool.commonPool-worker-0] INFO  server.GrpcService (GrpcService.java:closeImpl(155)) - 8a367430-73c6-4691-a893-24a58d3c5b91: shutdown server with port 35277 now
2019-09-10 21:43:23,386 [ForkJoinPool.commonPool-worker-0] INFO  server.GrpcService (GrpcService.java:closeImpl(163)) - 8a367430-73c6-4691-a893-24a58d3c5b91: shutdown server with port 35277 successfully
2019-09-10 21:43:23,387 [refreshUsed-/workdir/hadoop-ozone/integration-test/target/test-dir/MiniOzoneClusterImpl-89ab4714-a06f-49fd-a91c-210e479dc798/datanode-0/data/containers] WARN  fs.CachingGetSpaceUsed (CachingGetSpaceUsed.java:run(183)) - Thread Interrupted waiting to refresh disk information: sleep interrupted
2019-09-10 21:43:23,400 [ForkJoinPool.commonPool-worker-0] INFO  utils.BackgroundService (BackgroundService.java:shutdown(148)) - Shutting down service BlockDeletingService
2019-09-10 21:43:23,403 [ForkJoinPool.commonPool-worker-0] INFO  statemachine.DatanodeStateMachine (DatanodeStateMachine.java:stopDaemon(395)) - Ozone container server stopped.
2019-09-10 21:43:23,405 [ForkJoinPool.commonPool-worker-0] INFO  handler.ContextHandler (ContextHandler.java:doStop(910)) - Stopped o.e.j.w.WebAppContext@14b4340c{/,null,UNAVAILABLE}{/hddsDatanode}
2019-09-10 21:43:23,405 [ForkJoinPool.commonPool-worker-0] INFO  server.AbstractConnector (AbstractConnector.java:doStop(318)) - Stopped ServerConnector@12abcd1e{HTTP/1.1,[http/1.1]}{0.0.0.0:0}
2019-09-10 21:43:23,406 [ForkJoinPool.commonPool-worker-0] INFO  handler.ContextHandler (ContextHandler.java:doStop(910)) - Stopped o.e.j.s.ServletContextHandler@6a09484c{/static,jar:file:/home/user/.m2/repository/org/apache/hadoop/hadoop-hdds-container-service/0.5.0-SNAPSHOT/hadoop-hdds-container-service-0.5.0-SNAPSHOT.jar!/webapps/static,UNAVAILABLE}
2019-09-10 21:43:23,407 [ForkJoinPool.commonPool-worker-0] INFO  handler.ContextHandler (ContextHandler.java:doStop(910)) - Stopped o.e.j.s.ServletContextHandler@6380e9e9{/logs,file:///workdir/hadoop-ozone/integration-test/target/log,UNAVAILABLE}
2019-09-10 21:43:23,408 [main] INFO  ozone.MiniOzoneClusterImpl (MiniOzoneClusterImpl.java:stop(339)) - Stopping the StorageContainerManager
2019-09-10 21:43:23,408 [main] INFO  server.StorageContainerManager (StorageContainerManager.java:stop(797)) - Stopping Replication Manager Service.
2019-09-10 21:43:23,408 [main] INFO  container.ReplicationManager (ReplicationManager.java:stop(203)) - Stopping Replication Monitor Thread.
2019-09-10 21:43:23,408 [main] INFO  server.StorageContainerManager (StorageContainerManager.java:stop(804)) - Stopping Lease Manager of the command watchers
2019-09-10 21:43:23,408 [main] INFO  server.StorageContainerManager (StorageContainerManager.java:stop(811)) - Stopping datanode service RPC server
2019-09-10 21:43:23,408 [main] INFO  server.SCMDatanodeProtocolServer (SCMDatanodeProtocolServer.java:stop(367)) - Stopping the RPC server for DataNodes
2019-09-10 21:43:23,408 [main] INFO  ipc.Server (Server.java:stop(3082)) - Stopping server on 44261
2019-09-10 21:43:23,410 [IPC Server listener on 44261] INFO  ipc.Server (Server.java:run(1185)) - Stopping IPC Server listener on 44261
2019-09-10 21:43:23,410 [IPC Server Responder] INFO  ipc.Server (Server.java:run(1319)) - Stopping IPC Server Responder
2019-09-10 21:43:23,491 [SCM Heartbeat Processing Thread - 0] WARN  node.NodeStateManager (NodeStateManager.java:scheduleNextHealthCheck(646)) - Current Thread is interrupted, shutting down HB processing thread for Node Manager.
2019-09-10 21:43:23,491 [main] INFO  server.StorageContainerManager (StorageContainerManager.java:stop(819)) - Stopping block service RPC server
2019-09-10 21:43:23,492 [main] INFO  server.SCMBlockProtocolServer (SCMBlockProtocolServer.java:stop(155)) - Stopping the RPC server for Block Protocol
2019-09-10 21:43:23,492 [main] INFO  ipc.Server (Server.java:stop(3082)) - Stopping server on 40410
2019-09-10 21:43:23,494 [IPC Server listener on 40410] INFO  ipc.Server (Server.java:run(1185)) - Stopping IPC Server listener on 40410
2019-09-10 21:43:23,494 [main] INFO  server.StorageContainerManager (StorageContainerManager.java:stop(826)) - Stopping the StorageContainerLocationProtocol RPC server
2019-09-10 21:43:23,495 [main] INFO  server.SCMClientProtocolServer (SCMClientProtocolServer.java:stop(159)) - Stopping the RPC server for Client Protocol
2019-09-10 21:43:23,494 [IPC Server Responder] INFO  ipc.Server (Server.java:run(1319)) - Stopping IPC Server Responder
2019-09-10 21:43:23,495 [main] INFO  ipc.Server (Server.java:stop(3082)) - Stopping server on 38694
2019-09-10 21:43:23,497 [IPC Server listener on 38694] INFO  ipc.Server (Server.java:run(1185)) - Stopping IPC Server listener on 38694
2019-09-10 21:43:23,497 [main] INFO  server.StorageContainerManager (StorageContainerManager.java:stop(833)) - Stopping Storage Container Manager HTTP server.
2019-09-10 21:43:23,497 [IPC Server Responder] INFO  ipc.Server (Server.java:run(1319)) - Stopping IPC Server Responder
2019-09-10 21:43:23,498 [main] INFO  handler.ContextHandler (ContextHandler.java:doStop(910)) - Stopped o.e.j.w.WebAppContext@48bc2fce{/,null,UNAVAILABLE}{/scm}
2019-09-10 21:43:23,499 [main] INFO  server.AbstractConnector (AbstractConnector.java:doStop(318)) - Stopped ServerConnector@1eca3ea7{HTTP/1.1,[http/1.1]}{0.0.0.0:0}
2019-09-10 21:43:23,499 [main] INFO  handler.ContextHandler (ContextHandler.java:doStop(910)) - Stopped o.e.j.s.ServletContextHandler@3c81cd82{/static,file:///workdir/hadoop-ozone/integration-test/target/test-classes/webapps/static,UNAVAILABLE}
2019-09-10 21:43:23,500 [main] INFO  handler.ContextHandler (ContextHandler.java:doStop(910)) - Stopped o.e.j.s.ServletContextHandler@6af65f29{/logs,file:///workdir/hadoop-ozone/integration-test/target/log,UNAVAILABLE}
2019-09-10 21:43:23,501 [main] INFO  server.StorageContainerManager (StorageContainerManager.java:stop(844)) - Stopping Block Manager Service.
2019-09-10 21:43:23,501 [main] INFO  utils.BackgroundService (BackgroundService.java:shutdown(148)) - Shutting down service SCMBlockDeletingService
2019-09-10 21:43:23,501 [main] INFO  utils.BackgroundService (BackgroundService.java:shutdown(148)) - Shutting down service SCMBlockDeletingService
2019-09-10 21:43:23,502 [main] INFO  server.StorageContainerManager (StorageContainerManager.java:stop(866)) - Stopping SCM Event Queue.
2019-09-10 21:43:23,505 [main] INFO  impl.MetricsSystemImpl (MetricsSystemImpl.java:stop(210)) - Stopping HddsDatanode metrics system...
2019-09-10 21:43:23,513 [main] INFO  impl.MetricsSystemImpl (MetricsSystemImpl.java:stop(216)) - HddsDatanode metrics system stopped.
]]></system-out>
  </testcase>
  <testcase name="testFailureWithPrimeSizedData" classname="org.apache.hadoop.ozone.client.rpc.TestBlockOutputStreamWithFailures" time="47.572"/>
  <testcase name="testWatchForCommitWithCloseContainerException" classname="org.apache.hadoop.ozone.client.rpc.TestBlockOutputStreamWithFailures" time="33.405"/>
  <testcase name="testExceptionDuringClose" classname="org.apache.hadoop.ozone.client.rpc.TestBlockOutputStreamWithFailures" time="32.936"/>
</testsuite>