<?xml version="1.0" encoding="UTF-8"?>
<testsuite xmlns:xsi="http://www.w3.org/2001/XMLSchema-instance" xsi:noNamespaceSchemaLocation="https://maven.apache.org/surefire/maven-surefire-plugin/xsd/surefire-test-report.xsd" name="org.apache.hadoop.ozone.client.rpc.TestMultiBlockWritesWithDnFailures" time="32.181" tests="1" errors="1" skipped="0" failures="0">
  <properties>
    <property name="awt.toolkit" value="sun.awt.X11.XToolkit"/>
    <property name="file.encoding.pkg" value="sun.io"/>
    <property name="java.specification.version" value="1.8"/>
    <property name="sun.cpu.isalist" value=""/>
    <property name="sun.jnu.encoding" value="UTF-8"/>
    <property name="java.class.path" value="/workdir/hadoop-ozone/integration-test/target/test-classes:/workdir/hadoop-ozone/integration-test/target/classes:/home/user/.m2/repository/org/apache/hadoop/hadoop-ozone-common/0.4.1-SNAPSHOT/hadoop-ozone-common-0.4.1-SNAPSHOT.jar:/home/user/.m2/repository/org/apache/commons/commons-compress/1.4.1/commons-compress-1.4.1.jar:/home/user/.m2/repository/org/tukaani/xz/1.0/xz-1.0.jar:/home/user/.m2/repository/org/apache/hadoop/hadoop-common/3.2.0/hadoop-common-3.2.0.jar:/home/user/.m2/repository/org/apache/hadoop/hadoop-hdfs/3.2.0/hadoop-hdfs-3.2.0.jar:/home/user/.m2/repository/org/apache/hadoop/hadoop-hdfs-client/3.2.0/hadoop-hdfs-client-3.2.0.jar:/home/user/.m2/repository/com/fasterxml/jackson/core/jackson-annotations/2.9.5/jackson-annotations-2.9.5.jar:/home/user/.m2/repository/org/apache/hadoop/hadoop-hdds-common/0.4.1-SNAPSHOT/hadoop-hdds-common-0.4.1-SNAPSHOT.jar:/home/user/.m2/repository/javax/annotation/javax.annotation-api/1.2/javax.annotation-api-1.2.jar:/home/user/.m2/repository/org/apache/ratis/ratis-server/0.4.0-2337318-SNAPSHOT/ratis-server-0.4.0-2337318-SNAPSHOT.jar:/home/user/.m2/repository/org/apache/ratis/ratis-thirdparty-misc/0.2.0/ratis-thirdparty-misc-0.2.0.jar:/home/user/.m2/repository/org/apache/ratis/ratis-proto/0.4.0-2337318-SNAPSHOT/ratis-proto-0.4.0-2337318-SNAPSHOT.jar:/home/user/.m2/repository/org/apache/ratis/ratis-common/0.4.0-2337318-SNAPSHOT/ratis-common-0.4.0-2337318-SNAPSHOT.jar:/home/user/.m2/repository/org/apache/ratis/ratis-client/0.4.0-2337318-SNAPSHOT/ratis-client-0.4.0-2337318-SNAPSHOT.jar:/home/user/.m2/repository/org/apache/ratis/ratis-metrics/0.4.0-2337318-SNAPSHOT/ratis-metrics-0.4.0-2337318-SNAPSHOT.jar:/home/user/.m2/repository/org/apache/ratis/ratis-netty/0.4.0-2337318-SNAPSHOT/ratis-netty-0.4.0-2337318-SNAPSHOT.jar:/home/user/.m2/repository/org/apache/ratis/ratis-grpc/0.4.0-2337318-SNAPSHOT/ratis-grpc-0.4.0-2337318-SNAPSHOT.jar:/home/user/.m2/repository/org/rocksdb/rocksdbjni/6.0.1/rocksdbjni-6.0.1.jar:/home/user/.m2/repository/org/apache/logging/log4j/log4j-api/2.11.0/log4j-api-2.11.0.jar:/home/user/.m2/repository/org/apache/logging/log4j/log4j-core/2.11.0/log4j-core-2.11.0.jar:/home/user/.m2/repository/com/lmax/disruptor/3.4.2/disruptor-3.4.2.jar:/home/user/.m2/repository/org/apache/commons/commons-pool2/2.6.0/commons-pool2-2.6.0.jar:/home/user/.m2/repository/org/bouncycastle/bcpkix-jdk15on/1.60/bcpkix-jdk15on-1.60.jar:/home/user/.m2/repository/commons-validator/commons-validator/1.6/commons-validator-1.6.jar:/home/user/.m2/repository/commons-digester/commons-digester/1.8.1/commons-digester-1.8.1.jar:/home/user/.m2/repository/io/jaegertracing/jaeger-client/0.33.1/jaeger-client-0.33.1.jar:/home/user/.m2/repository/io/jaegertracing/jaeger-thrift/0.33.1/jaeger-thrift-0.33.1.jar:/home/user/.m2/repository/org/apache/thrift/libthrift/0.11.0/libthrift-0.11.0.jar:/home/user/.m2/repository/com/squareup/okhttp3/okhttp/3.9.0/okhttp-3.9.0.jar:/home/user/.m2/repository/com/squareup/okio/okio/1.13.0/okio-1.13.0.jar:/home/user/.m2/repository/io/jaegertracing/jaeger-core/0.33.1/jaeger-core-0.33.1.jar:/home/user/.m2/repository/io/jaegertracing/jaeger-tracerresolver/0.33.1/jaeger-tracerresolver-0.33.1.jar:/home/user/.m2/repository/io/opentracing/contrib/opentracing-tracerresolver/0.1.5/opentracing-tracerresolver-0.1.5.jar:/home/user/.m2/repository/io/opentracing/opentracing-util/0.31.0/opentracing-util-0.31.0.jar:/home/user/.m2/repository/io/opentracing/opentracing-api/0.31.0/opentracing-api-0.31.0.jar:/home/user/.m2/repository/io/opentracing/opentracing-noop/0.31.0/opentracing-noop-0.31.0.jar:/home/user/.m2/repository/org/apache/hadoop/hadoop-hdds-server-framework/0.4.1-SNAPSHOT/hadoop-hdds-server-framework-0.4.1-SNAPSHOT.jar:/home/user/.m2/repository/org/apache/hadoop/hadoop-hdds-container-service/0.4.1-SNAPSHOT/hadoop-hdds-container-service-0.4.1-SNAPSHOT.jar:/home/user/.m2/repository/org/apache/hadoop/hadoop-hdds-client/0.4.1-SNAPSHOT/hadoop-hdds-client-0.4.1-SNAPSHOT.jar:/home/user/.m2/repository/org/apache/hadoop/hadoop-hdds-tools/0.4.1-SNAPSHOT/hadoop-hdds-tools-0.4.1-SNAPSHOT.jar:/home/user/.m2/repository/org/apache/hadoop/hadoop-hdds-server-scm/0.4.1-SNAPSHOT/hadoop-hdds-server-scm-0.4.1-SNAPSHOT.jar:/home/user/.m2/repository/org/apache/hadoop/hadoop-hdds-docs/0.4.1-SNAPSHOT/hadoop-hdds-docs-0.4.1-SNAPSHOT.jar:/home/user/.m2/repository/io/dropwizard/metrics/metrics-core/3.2.4/metrics-core-3.2.4.jar:/home/user/.m2/repository/org/hamcrest/hamcrest-all/1.3/hamcrest-all-1.3.jar:/home/user/.m2/repository/org/bouncycastle/bcprov-jdk15on/1.60/bcprov-jdk15on-1.60.jar:/home/user/.m2/repository/info/picocli/picocli/3.9.6/picocli-3.9.6.jar:/home/user/.m2/repository/com/google/protobuf/protobuf-java/2.5.0/protobuf-java-2.5.0.jar:/home/user/.m2/repository/com/google/guava/guava/11.0.2/guava-11.0.2.jar:/home/user/.m2/repository/org/apache/hadoop/hadoop-ozone-ozone-manager/0.4.1-SNAPSHOT/hadoop-ozone-ozone-manager-0.4.1-SNAPSHOT.jar:/home/user/.m2/repository/org/apache/hadoop/hadoop-minikdc/3.2.0/hadoop-minikdc-3.2.0.jar:/home/user/.m2/repository/commons-io/commons-io/2.5/commons-io-2.5.jar:/home/user/.m2/repository/org/apache/kerby/kerb-simplekdc/1.0.1/kerb-simplekdc-1.0.1.jar:/home/user/.m2/repository/org/apache/kerby/kerb-client/1.0.1/kerb-client-1.0.1.jar:/home/user/.m2/repository/org/apache/kerby/kerby-config/1.0.1/kerby-config-1.0.1.jar:/home/user/.m2/repository/org/apache/kerby/kerb-core/1.0.1/kerb-core-1.0.1.jar:/home/user/.m2/repository/org/apache/kerby/kerby-pkix/1.0.1/kerby-pkix-1.0.1.jar:/home/user/.m2/repository/org/apache/kerby/kerby-asn1/1.0.1/kerby-asn1-1.0.1.jar:/home/user/.m2/repository/org/apache/kerby/kerby-util/1.0.1/kerby-util-1.0.1.jar:/home/user/.m2/repository/org/apache/kerby/kerb-common/1.0.1/kerb-common-1.0.1.jar:/home/user/.m2/repository/org/apache/kerby/kerb-crypto/1.0.1/kerb-crypto-1.0.1.jar:/home/user/.m2/repository/org/apache/kerby/kerb-util/1.0.1/kerb-util-1.0.1.jar:/home/user/.m2/repository/org/apache/kerby/token-provider/1.0.1/token-provider-1.0.1.jar:/home/user/.m2/repository/org/apache/kerby/kerb-admin/1.0.1/kerb-admin-1.0.1.jar:/home/user/.m2/repository/org/apache/kerby/kerb-server/1.0.1/kerb-server-1.0.1.jar:/home/user/.m2/repository/org/apache/kerby/kerb-identity/1.0.1/kerb-identity-1.0.1.jar:/home/user/.m2/repository/org/apache/kerby/kerby-xdr/1.0.1/kerby-xdr-1.0.1.jar:/home/user/.m2/repository/org/slf4j/slf4j-log4j12/1.7.25/slf4j-log4j12-1.7.25.jar:/home/user/.m2/repository/org/apache/hadoop/hadoop-ozone-objectstore-service/0.4.1-SNAPSHOT/hadoop-ozone-objectstore-service-0.4.1-SNAPSHOT.jar:/home/user/.m2/repository/org/apache/hadoop/hadoop-ozone-s3gateway/0.4.1-SNAPSHOT/hadoop-ozone-s3gateway-0.4.1-SNAPSHOT.jar:/home/user/.m2/repository/org/jboss/weld/servlet/weld-servlet/2.4.7.Final/weld-servlet-2.4.7.Final.jar:/home/user/.m2/repository/org/glassfish/jersey/containers/jersey-container-servlet-core/2.27/jersey-container-servlet-core-2.27.jar:/home/user/.m2/repository/org/glassfish/hk2/external/javax.inject/2.5.0-b42/javax.inject-2.5.0-b42.jar:/home/user/.m2/repository/org/glassfish/jersey/core/jersey-common/2.27/jersey-common-2.27.jar:/home/user/.m2/repository/org/glassfish/hk2/osgi-resource-locator/1.0.1/osgi-resource-locator-1.0.1.jar:/home/user/.m2/repository/javax/ws/rs/javax.ws.rs-api/2.1/javax.ws.rs-api-2.1.jar:/home/user/.m2/repository/org/glassfish/jersey/ext/cdi/jersey-cdi1x/2.27/jersey-cdi1x-2.27.jar:/home/user/.m2/repository/org/glassfish/jersey/inject/jersey-hk2/2.27/jersey-hk2-2.27.jar:/home/user/.m2/repository/org/glassfish/hk2/hk2-locator/2.5.0-b42/hk2-locator-2.5.0-b42.jar:/home/user/.m2/repository/org/javassist/javassist/3.22.0-CR2/javassist-3.22.0-CR2.jar:/home/user/.m2/repository/org/glassfish/hk2/hk2-api/2.5.0/hk2-api-2.5.0.jar:/home/user/.m2/repository/org/glassfish/hk2/external/jakarta.inject/2.5.0/jakarta.inject-2.5.0.jar:/home/user/.m2/repository/org/glassfish/hk2/hk2-utils/2.5.0/hk2-utils-2.5.0.jar:/home/user/.m2/repository/jakarta/annotation/jakarta.annotation-api/1.3.4/jakarta.annotation-api-1.3.4.jar:/home/user/.m2/repository/org/glassfish/hk2/external/aopalliance-repackaged/2.5.0/aopalliance-repackaged-2.5.0.jar:/home/user/.m2/repository/com/fasterxml/jackson/dataformat/jackson-dataformat-xml/2.9.0/jackson-dataformat-xml-2.9.0.jar:/home/user/.m2/repository/com/fasterxml/jackson/core/jackson-core/2.9.5/jackson-core-2.9.5.jar:/home/user/.m2/repository/com/fasterxml/jackson/module/jackson-module-jaxb-annotations/2.9.5/jackson-module-jaxb-annotations-2.9.5.jar:/home/user/.m2/repository/javax/enterprise/cdi-api/1.2/cdi-api-1.2.jar:/home/user/.m2/repository/javax/el/javax.el-api/3.0.0/javax.el-api-3.0.0.jar:/home/user/.m2/repository/javax/interceptor/javax.interceptor-api/1.2/javax.interceptor-api-1.2.jar:/home/user/.m2/repository/javax/inject/javax.inject/1/javax.inject-1.jar:/home/user/.m2/repository/com/sun/xml/bind/jaxb-impl/2.3.0.1/jaxb-impl-2.3.0.1.jar:/home/user/.m2/repository/com/sun/xml/bind/jaxb-core/2.3.0.1/jaxb-core-2.3.0.1.jar:/home/user/.m2/repository/javax/xml/bind/jaxb-api/2.3.0/jaxb-api-2.3.0.jar:/home/user/.m2/repository/javax/activation/activation/1.1.1/activation-1.1.1.jar:/home/user/.m2/repository/org/apache/hadoop/hadoop-ozone-csi/0.4.1-SNAPSHOT/hadoop-ozone-csi-0.4.1-SNAPSHOT.jar:/home/user/.m2/repository/com/google/protobuf/protobuf-java-util/3.5.1/protobuf-java-util-3.5.1.jar:/home/user/.m2/repository/org/apache/hadoop/hadoop-hdds-config/0.4.1-SNAPSHOT/hadoop-hdds-config-0.4.1-SNAPSHOT.jar:/home/user/.m2/repository/io/grpc/grpc-netty/1.17.1/grpc-netty-1.17.1.jar:/home/user/.m2/repository/io/grpc/grpc-core/1.17.1/grpc-core-1.17.1.jar:/home/user/.m2/repository/io/grpc/grpc-context/1.17.1/grpc-context-1.17.1.jar:/home/user/.m2/repository/com/google/errorprone/error_prone_annotations/2.2.0/error_prone_annotations-2.2.0.jar:/home/user/.m2/repository/org/codehaus/mojo/animal-sniffer-annotations/1.17/animal-sniffer-annotations-1.17.jar:/home/user/.m2/repository/io/opencensus/opencensus-api/0.17.0/opencensus-api-0.17.0.jar:/home/user/.m2/repository/io/opencensus/opencensus-contrib-grpc-metrics/0.17.0/opencensus-contrib-grpc-metrics-0.17.0.jar:/home/user/.m2/repository/io/netty/netty-codec-http2/4.1.30.Final/netty-codec-http2-4.1.30.Final.jar:/home/user/.m2/repository/io/netty/netty-codec-http/4.1.30.Final/netty-codec-http-4.1.30.Final.jar:/home/user/.m2/repository/io/netty/netty-codec/4.1.30.Final/netty-codec-4.1.30.Final.jar:/home/user/.m2/repository/io/netty/netty-handler/4.1.30.Final/netty-handler-4.1.30.Final.jar:/home/user/.m2/repository/io/netty/netty-handler-proxy/4.1.30.Final/netty-handler-proxy-4.1.30.Final.jar:/home/user/.m2/repository/io/netty/netty-codec-socks/4.1.30.Final/netty-codec-socks-4.1.30.Final.jar:/home/user/.m2/repository/io/netty/netty-transport-native-epoll/4.1.30.Final/netty-transport-native-epoll-4.1.30.Final.jar:/home/user/.m2/repository/io/netty/netty-common/4.1.30.Final/netty-common-4.1.30.Final.jar:/home/user/.m2/repository/io/netty/netty-buffer/4.1.30.Final/netty-buffer-4.1.30.Final.jar:/home/user/.m2/repository/io/netty/netty-transport/4.1.30.Final/netty-transport-4.1.30.Final.jar:/home/user/.m2/repository/io/netty/netty-resolver/4.1.30.Final/netty-resolver-4.1.30.Final.jar:/home/user/.m2/repository/io/netty/netty-transport-native-unix-common/4.1.30.Final/netty-transport-native-unix-common-4.1.30.Final.jar:/home/user/.m2/repository/io/grpc/grpc-protobuf/1.17.1/grpc-protobuf-1.17.1.jar:/home/user/.m2/repository/com/google/api/grpc/proto-google-common-protos/1.0.0/proto-google-common-protos-1.0.0.jar:/home/user/.m2/repository/io/grpc/grpc-protobuf-lite/1.17.1/grpc-protobuf-lite-1.17.1.jar:/home/user/.m2/repository/io/grpc/grpc-stub/1.17.1/grpc-stub-1.17.1.jar:/home/user/.m2/repository/org/apache/hadoop/hadoop-ozone-recon/0.4.1-SNAPSHOT/hadoop-ozone-recon-0.4.1-SNAPSHOT.jar:/home/user/.m2/repository/org/apache/hadoop/hadoop-ozone-reconcodegen/0.4.1-SNAPSHOT/hadoop-ozone-reconcodegen-0.4.1-SNAPSHOT.jar:/home/user/.m2/repository/com/google/inject/extensions/guice-multibindings/4.0/guice-multibindings-4.0.jar:/home/user/.m2/repository/com/google/inject/guice/4.0/guice-4.0.jar:/home/user/.m2/repository/aopalliance/aopalliance/1.0/aopalliance-1.0.jar:/home/user/.m2/repository/com/google/inject/extensions/guice-servlet/4.0/guice-servlet-4.0.jar:/home/user/.m2/repository/org/glassfish/jersey/containers/jersey-container-servlet/2.27/jersey-container-servlet-2.27.jar:/home/user/.m2/repository/org/glassfish/hk2/guice-bridge/2.5.0/guice-bridge-2.5.0.jar:/home/user/.m2/repository/org/glassfish/jersey/core/jersey-server/2.27/jersey-server-2.27.jar:/home/user/.m2/repository/org/glassfish/jersey/core/jersey-client/2.27/jersey-client-2.27.jar:/home/user/.m2/repository/org/glassfish/jersey/media/jersey-media-jaxb/2.27/jersey-media-jaxb-2.27.jar:/home/user/.m2/repository/javax/validation/validation-api/1.1.0.Final/validation-api-1.1.0.Final.jar:/home/user/.m2/repository/org/glassfish/jersey/media/jersey-media-json-jackson/2.27/jersey-media-json-jackson-2.27.jar:/home/user/.m2/repository/org/glassfish/jersey/ext/jersey-entity-filtering/2.27/jersey-entity-filtering-2.27.jar:/home/user/.m2/repository/com/google/inject/extensions/guice-assistedinject/4.0/guice-assistedinject-4.0.jar:/home/user/.m2/repository/org/jooq/jooq/3.11.10/jooq-3.11.10.jar:/home/user/.m2/repository/org/jooq/jooq-meta/3.11.10/jooq-meta-3.11.10.jar:/home/user/.m2/repository/org/jooq/jooq-codegen/3.11.10/jooq-codegen-3.11.10.jar:/home/user/.m2/repository/com/jolbox/bonecp/0.8.0.RELEASE/bonecp-0.8.0.RELEASE.jar:/home/user/.m2/repository/org/xerial/sqlite-jdbc/3.25.2/sqlite-jdbc-3.25.2.jar:/home/user/.m2/repository/org/springframework/spring-jdbc/5.1.3.RELEASE/spring-jdbc-5.1.3.RELEASE.jar:/home/user/.m2/repository/org/springframework/spring-beans/5.1.3.RELEASE/spring-beans-5.1.3.RELEASE.jar:/home/user/.m2/repository/org/springframework/spring-core/5.1.3.RELEASE/spring-core-5.1.3.RELEASE.jar:/home/user/.m2/repository/org/springframework/spring-jcl/5.1.3.RELEASE/spring-jcl-5.1.3.RELEASE.jar:/home/user/.m2/repository/org/springframework/spring-tx/5.1.3.RELEASE/spring-tx-5.1.3.RELEASE.jar:/home/user/.m2/repository/org/apache/hadoop/hadoop-ozone-client/0.4.1-SNAPSHOT/hadoop-ozone-client-0.4.1-SNAPSHOT.jar:/home/user/.m2/repository/commons-lang/commons-lang/2.6/commons-lang-2.6.jar:/home/user/.m2/repository/org/apache/hadoop/hadoop-ozone-ozone-manager/0.4.1-SNAPSHOT/hadoop-ozone-ozone-manager-0.4.1-SNAPSHOT-tests.jar:/home/user/.m2/repository/junit/junit/4.11/junit-4.11.jar:/home/user/.m2/repository/org/hamcrest/hamcrest-core/1.3/hamcrest-core-1.3.jar:/home/user/.m2/repository/org/openjdk/jmh/jmh-core/1.19/jmh-core-1.19.jar:/home/user/.m2/repository/net/sf/jopt-simple/jopt-simple/4.6/jopt-simple-4.6.jar:/home/user/.m2/repository/org/apache/commons/commons-math3/3.1.1/commons-math3-3.1.1.jar:/home/user/.m2/repository/org/openjdk/jmh/jmh-generator-annprocess/1.19/jmh-generator-annprocess-1.19.jar:/home/user/.m2/repository/org/mockito/mockito-all/1.8.5/mockito-all-1.8.5.jar:/home/user/.m2/repository/org/apache/hadoop/hadoop-kms/3.2.0/hadoop-kms-3.2.0.jar:/home/user/.m2/repository/org/apache/hadoop/hadoop-auth/3.2.0/hadoop-auth-3.2.0.jar:/home/user/.m2/repository/com/nimbusds/nimbus-jose-jwt/4.41.1/nimbus-jose-jwt-4.41.1.jar:/home/user/.m2/repository/com/github/stephenc/jcip/jcip-annotations/1.0-1/jcip-annotations-1.0-1.jar:/home/user/.m2/repository/net/minidev/json-smart/2.3/json-smart-2.3.jar:/home/user/.m2/repository/net/minidev/accessors-smart/1.2/accessors-smart-1.2.jar:/home/user/.m2/repository/org/ow2/asm/asm/5.0.4/asm-5.0.4.jar:/home/user/.m2/repository/org/apache/curator/curator-framework/2.12.0/curator-framework-2.12.0.jar:/home/user/.m2/repository/com/sun/jersey/jersey-core/1.19/jersey-core-1.19.jar:/home/user/.m2/repository/javax/ws/rs/jsr311-api/1.1.1/jsr311-api-1.1.1.jar:/home/user/.m2/repository/com/sun/jersey/jersey-server/1.19/jersey-server-1.19.jar:/home/user/.m2/repository/javax/servlet/javax.servlet-api/3.1.0/javax.servlet-api-3.1.0.jar:/home/user/.m2/repository/org/eclipse/jetty/jetty-server/9.3.24.v20180605/jetty-server-9.3.24.v20180605.jar:/home/user/.m2/repository/org/eclipse/jetty/jetty-http/9.3.24.v20180605/jetty-http-9.3.24.v20180605.jar:/home/user/.m2/repository/org/eclipse/jetty/jetty-io/9.3.24.v20180605/jetty-io-9.3.24.v20180605.jar:/home/user/.m2/repository/org/eclipse/jetty/jetty-webapp/9.3.24.v20180605/jetty-webapp-9.3.24.v20180605.jar:/home/user/.m2/repository/org/eclipse/jetty/jetty-xml/9.3.24.v20180605/jetty-xml-9.3.24.v20180605.jar:/home/user/.m2/repository/log4j/log4j/1.2.17/log4j-1.2.17.jar:/home/user/.m2/repository/org/slf4j/slf4j-api/1.7.25/slf4j-api-1.7.25.jar:/home/user/.m2/repository/org/slf4j/jul-to-slf4j/1.7.25/jul-to-slf4j-1.7.25.jar:/home/user/.m2/repository/org/eclipse/jetty/jetty-util/9.3.24.v20180605/jetty-util-9.3.24.v20180605.jar:/home/user/.m2/repository/com/fasterxml/jackson/core/jackson-databind/2.9.5/jackson-databind-2.9.5.jar:/home/user/.m2/repository/org/apache/hadoop/hadoop-kms/3.2.0/hadoop-kms-3.2.0-tests.jar:/home/user/.m2/repository/org/apache/hadoop/hadoop-hdds-server-scm/0.4.1-SNAPSHOT/hadoop-hdds-server-scm-0.4.1-SNAPSHOT-tests.jar:/home/user/.m2/repository/org/apache/hadoop/hadoop-hdds-container-service/0.4.1-SNAPSHOT/hadoop-hdds-container-service-0.4.1-SNAPSHOT-tests.jar:/home/user/.m2/repository/org/yaml/snakeyaml/1.16/snakeyaml-1.16.jar:/home/user/.m2/repository/org/apache/hadoop/hadoop-common/3.2.0/hadoop-common-3.2.0-tests.jar:/home/user/.m2/repository/org/apache/hadoop/hadoop-annotations/3.2.0/hadoop-annotations-3.2.0.jar:/usr/lib/jvm/java-1.8-openjdk/jre/../lib/tools.jar:/home/user/.m2/repository/commons-cli/commons-cli/1.2/commons-cli-1.2.jar:/home/user/.m2/repository/org/apache/httpcomponents/httpclient/4.5.2/httpclient-4.5.2.jar:/home/user/.m2/repository/org/apache/httpcomponents/httpcore/4.4.4/httpcore-4.4.4.jar:/home/user/.m2/repository/commons-codec/commons-codec/1.11/commons-codec-1.11.jar:/home/user/.m2/repository/commons-net/commons-net/3.6/commons-net-3.6.jar:/home/user/.m2/repository/commons-collections/commons-collections/3.2.2/commons-collections-3.2.2.jar:/home/user/.m2/repository/org/eclipse/jetty/jetty-servlet/9.3.24.v20180605/jetty-servlet-9.3.24.v20180605.jar:/home/user/.m2/repository/org/eclipse/jetty/jetty-security/9.3.24.v20180605/jetty-security-9.3.24.v20180605.jar:/home/user/.m2/repository/javax/servlet/jsp/jsp-api/2.1/jsp-api-2.1.jar:/home/user/.m2/repository/com/sun/jersey/jersey-servlet/1.19/jersey-servlet-1.19.jar:/home/user/.m2/repository/com/sun/jersey/jersey-json/1.19/jersey-json-1.19.jar:/home/user/.m2/repository/org/codehaus/jettison/jettison/1.1/jettison-1.1.jar:/home/user/.m2/repository/org/codehaus/jackson/jackson-core-asl/1.9.13/jackson-core-asl-1.9.13.jar:/home/user/.m2/repository/org/codehaus/jackson/jackson-mapper-asl/1.9.13/jackson-mapper-asl-1.9.13.jar:/home/user/.m2/repository/org/codehaus/jackson/jackson-jaxrs/1.9.13/jackson-jaxrs-1.9.13.jar:/home/user/.m2/repository/org/codehaus/jackson/jackson-xc/1.9.13/jackson-xc-1.9.13.jar:/home/user/.m2/repository/commons-logging/commons-logging/1.1.3/commons-logging-1.1.3.jar:/home/user/.m2/repository/commons-beanutils/commons-beanutils/1.9.3/commons-beanutils-1.9.3.jar:/home/user/.m2/repository/org/apache/commons/commons-configuration2/2.1.1/commons-configuration2-2.1.1.jar:/home/user/.m2/repository/org/apache/commons/commons-lang3/3.7/commons-lang3-3.7.jar:/home/user/.m2/repository/org/apache/commons/commons-text/1.4/commons-text-1.4.jar:/home/user/.m2/repository/org/apache/avro/avro/1.7.7/avro-1.7.7.jar:/home/user/.m2/repository/com/thoughtworks/paranamer/paranamer/2.3/paranamer-2.3.jar:/home/user/.m2/repository/org/xerial/snappy/snappy-java/1.0.5/snappy-java-1.0.5.jar:/home/user/.m2/repository/com/google/re2j/re2j/1.1/re2j-1.1.jar:/home/user/.m2/repository/com/google/code/gson/gson/2.2.4/gson-2.2.4.jar:/home/user/.m2/repository/com/jcraft/jsch/0.1.54/jsch-0.1.54.jar:/home/user/.m2/repository/org/apache/curator/curator-client/2.12.0/curator-client-2.12.0.jar:/home/user/.m2/repository/org/apache/curator/curator-recipes/2.12.0/curator-recipes-2.12.0.jar:/home/user/.m2/repository/com/google/code/findbugs/jsr305/3.0.0/jsr305-3.0.0.jar:/home/user/.m2/repository/org/apache/htrace/htrace-core4/4.1.0-incubating/htrace-core4-4.1.0-incubating.jar:/home/user/.m2/repository/org/apache/zookeeper/zookeeper/3.4.13/zookeeper-3.4.13.jar:/home/user/.m2/repository/org/apache/yetus/audience-annotations/0.5.0/audience-annotations-0.5.0.jar:/home/user/.m2/repository/org/codehaus/woodstox/stax2-api/3.1.4/stax2-api-3.1.4.jar:/home/user/.m2/repository/com/fasterxml/woodstox/woodstox-core/5.0.3/woodstox-core-5.0.3.jar:/home/user/.m2/repository/dnsjava/dnsjava/2.1.7/dnsjava-2.1.7.jar:/home/user/.m2/repository/org/apache/hadoop/hadoop-hdfs/3.2.0/hadoop-hdfs-3.2.0-tests.jar:/home/user/.m2/repository/org/eclipse/jetty/jetty-util-ajax/9.3.24.v20180605/jetty-util-ajax-9.3.24.v20180605.jar:/home/user/.m2/repository/commons-daemon/commons-daemon/1.0.13/commons-daemon-1.0.13.jar:/home/user/.m2/repository/io/netty/netty/3.10.5.Final/netty-3.10.5.Final.jar:/home/user/.m2/repository/io/netty/netty-all/4.0.52.Final/netty-all-4.0.52.Final.jar:/home/user/.m2/repository/org/fusesource/leveldbjni/leveldbjni-all/1.8/leveldbjni-all-1.8.jar:"/>
    <property name="java.vm.vendor" value="IcedTea"/>
    <property name="sun.arch.data.model" value="64"/>
    <property name="test.build.dir" value="/workdir/hadoop-ozone/integration-test/target/test-dir"/>
    <property name="test.cache.data" value=""/>
    <property name="java.vendor.url" value="https://icedtea.classpath.org"/>
    <property name="user.timezone" value=""/>
    <property name="java.vm.specification.version" value="1.8"/>
    <property name="os.name" value="Linux"/>
    <property name="test.build.data" value="/workdir/hadoop-ozone/integration-test/target/test-dir"/>
    <property name="user.country" value="US"/>
    <property name="sun.java.launcher" value="SUN_STANDARD"/>
    <property name="sun.boot.library.path" value="/usr/lib/jvm/java-1.8-openjdk/jre/lib/amd64"/>
    <property name="sun.java.command" value="/workdir/hadoop-ozone/integration-test/target/surefire/surefirebooter1564641731505230441.jar /workdir/hadoop-ozone/integration-test/target/surefire 2019-08-06T03-13-01_114-jvmRun1 surefire7392734467785195388tmp surefire_423654481976274803503tmp"/>
    <property name="surefire.test.class.path" value="/workdir/hadoop-ozone/integration-test/target/test-classes:/workdir/hadoop-ozone/integration-test/target/classes:/home/user/.m2/repository/org/apache/hadoop/hadoop-ozone-common/0.4.1-SNAPSHOT/hadoop-ozone-common-0.4.1-SNAPSHOT.jar:/home/user/.m2/repository/org/apache/commons/commons-compress/1.4.1/commons-compress-1.4.1.jar:/home/user/.m2/repository/org/tukaani/xz/1.0/xz-1.0.jar:/home/user/.m2/repository/org/apache/hadoop/hadoop-common/3.2.0/hadoop-common-3.2.0.jar:/home/user/.m2/repository/org/apache/hadoop/hadoop-hdfs/3.2.0/hadoop-hdfs-3.2.0.jar:/home/user/.m2/repository/org/apache/hadoop/hadoop-hdfs-client/3.2.0/hadoop-hdfs-client-3.2.0.jar:/home/user/.m2/repository/com/fasterxml/jackson/core/jackson-annotations/2.9.5/jackson-annotations-2.9.5.jar:/home/user/.m2/repository/org/apache/hadoop/hadoop-hdds-common/0.4.1-SNAPSHOT/hadoop-hdds-common-0.4.1-SNAPSHOT.jar:/home/user/.m2/repository/javax/annotation/javax.annotation-api/1.2/javax.annotation-api-1.2.jar:/home/user/.m2/repository/org/apache/ratis/ratis-server/0.4.0-2337318-SNAPSHOT/ratis-server-0.4.0-2337318-SNAPSHOT.jar:/home/user/.m2/repository/org/apache/ratis/ratis-thirdparty-misc/0.2.0/ratis-thirdparty-misc-0.2.0.jar:/home/user/.m2/repository/org/apache/ratis/ratis-proto/0.4.0-2337318-SNAPSHOT/ratis-proto-0.4.0-2337318-SNAPSHOT.jar:/home/user/.m2/repository/org/apache/ratis/ratis-common/0.4.0-2337318-SNAPSHOT/ratis-common-0.4.0-2337318-SNAPSHOT.jar:/home/user/.m2/repository/org/apache/ratis/ratis-client/0.4.0-2337318-SNAPSHOT/ratis-client-0.4.0-2337318-SNAPSHOT.jar:/home/user/.m2/repository/org/apache/ratis/ratis-metrics/0.4.0-2337318-SNAPSHOT/ratis-metrics-0.4.0-2337318-SNAPSHOT.jar:/home/user/.m2/repository/org/apache/ratis/ratis-netty/0.4.0-2337318-SNAPSHOT/ratis-netty-0.4.0-2337318-SNAPSHOT.jar:/home/user/.m2/repository/org/apache/ratis/ratis-grpc/0.4.0-2337318-SNAPSHOT/ratis-grpc-0.4.0-2337318-SNAPSHOT.jar:/home/user/.m2/repository/org/rocksdb/rocksdbjni/6.0.1/rocksdbjni-6.0.1.jar:/home/user/.m2/repository/org/apache/logging/log4j/log4j-api/2.11.0/log4j-api-2.11.0.jar:/home/user/.m2/repository/org/apache/logging/log4j/log4j-core/2.11.0/log4j-core-2.11.0.jar:/home/user/.m2/repository/com/lmax/disruptor/3.4.2/disruptor-3.4.2.jar:/home/user/.m2/repository/org/apache/commons/commons-pool2/2.6.0/commons-pool2-2.6.0.jar:/home/user/.m2/repository/org/bouncycastle/bcpkix-jdk15on/1.60/bcpkix-jdk15on-1.60.jar:/home/user/.m2/repository/commons-validator/commons-validator/1.6/commons-validator-1.6.jar:/home/user/.m2/repository/commons-digester/commons-digester/1.8.1/commons-digester-1.8.1.jar:/home/user/.m2/repository/io/jaegertracing/jaeger-client/0.33.1/jaeger-client-0.33.1.jar:/home/user/.m2/repository/io/jaegertracing/jaeger-thrift/0.33.1/jaeger-thrift-0.33.1.jar:/home/user/.m2/repository/org/apache/thrift/libthrift/0.11.0/libthrift-0.11.0.jar:/home/user/.m2/repository/com/squareup/okhttp3/okhttp/3.9.0/okhttp-3.9.0.jar:/home/user/.m2/repository/com/squareup/okio/okio/1.13.0/okio-1.13.0.jar:/home/user/.m2/repository/io/jaegertracing/jaeger-core/0.33.1/jaeger-core-0.33.1.jar:/home/user/.m2/repository/io/jaegertracing/jaeger-tracerresolver/0.33.1/jaeger-tracerresolver-0.33.1.jar:/home/user/.m2/repository/io/opentracing/contrib/opentracing-tracerresolver/0.1.5/opentracing-tracerresolver-0.1.5.jar:/home/user/.m2/repository/io/opentracing/opentracing-util/0.31.0/opentracing-util-0.31.0.jar:/home/user/.m2/repository/io/opentracing/opentracing-api/0.31.0/opentracing-api-0.31.0.jar:/home/user/.m2/repository/io/opentracing/opentracing-noop/0.31.0/opentracing-noop-0.31.0.jar:/home/user/.m2/repository/org/apache/hadoop/hadoop-hdds-server-framework/0.4.1-SNAPSHOT/hadoop-hdds-server-framework-0.4.1-SNAPSHOT.jar:/home/user/.m2/repository/org/apache/hadoop/hadoop-hdds-container-service/0.4.1-SNAPSHOT/hadoop-hdds-container-service-0.4.1-SNAPSHOT.jar:/home/user/.m2/repository/org/apache/hadoop/hadoop-hdds-client/0.4.1-SNAPSHOT/hadoop-hdds-client-0.4.1-SNAPSHOT.jar:/home/user/.m2/repository/org/apache/hadoop/hadoop-hdds-tools/0.4.1-SNAPSHOT/hadoop-hdds-tools-0.4.1-SNAPSHOT.jar:/home/user/.m2/repository/org/apache/hadoop/hadoop-hdds-server-scm/0.4.1-SNAPSHOT/hadoop-hdds-server-scm-0.4.1-SNAPSHOT.jar:/home/user/.m2/repository/org/apache/hadoop/hadoop-hdds-docs/0.4.1-SNAPSHOT/hadoop-hdds-docs-0.4.1-SNAPSHOT.jar:/home/user/.m2/repository/io/dropwizard/metrics/metrics-core/3.2.4/metrics-core-3.2.4.jar:/home/user/.m2/repository/org/hamcrest/hamcrest-all/1.3/hamcrest-all-1.3.jar:/home/user/.m2/repository/org/bouncycastle/bcprov-jdk15on/1.60/bcprov-jdk15on-1.60.jar:/home/user/.m2/repository/info/picocli/picocli/3.9.6/picocli-3.9.6.jar:/home/user/.m2/repository/com/google/protobuf/protobuf-java/2.5.0/protobuf-java-2.5.0.jar:/home/user/.m2/repository/com/google/guava/guava/11.0.2/guava-11.0.2.jar:/home/user/.m2/repository/org/apache/hadoop/hadoop-ozone-ozone-manager/0.4.1-SNAPSHOT/hadoop-ozone-ozone-manager-0.4.1-SNAPSHOT.jar:/home/user/.m2/repository/org/apache/hadoop/hadoop-minikdc/3.2.0/hadoop-minikdc-3.2.0.jar:/home/user/.m2/repository/commons-io/commons-io/2.5/commons-io-2.5.jar:/home/user/.m2/repository/org/apache/kerby/kerb-simplekdc/1.0.1/kerb-simplekdc-1.0.1.jar:/home/user/.m2/repository/org/apache/kerby/kerb-client/1.0.1/kerb-client-1.0.1.jar:/home/user/.m2/repository/org/apache/kerby/kerby-config/1.0.1/kerby-config-1.0.1.jar:/home/user/.m2/repository/org/apache/kerby/kerb-core/1.0.1/kerb-core-1.0.1.jar:/home/user/.m2/repository/org/apache/kerby/kerby-pkix/1.0.1/kerby-pkix-1.0.1.jar:/home/user/.m2/repository/org/apache/kerby/kerby-asn1/1.0.1/kerby-asn1-1.0.1.jar:/home/user/.m2/repository/org/apache/kerby/kerby-util/1.0.1/kerby-util-1.0.1.jar:/home/user/.m2/repository/org/apache/kerby/kerb-common/1.0.1/kerb-common-1.0.1.jar:/home/user/.m2/repository/org/apache/kerby/kerb-crypto/1.0.1/kerb-crypto-1.0.1.jar:/home/user/.m2/repository/org/apache/kerby/kerb-util/1.0.1/kerb-util-1.0.1.jar:/home/user/.m2/repository/org/apache/kerby/token-provider/1.0.1/token-provider-1.0.1.jar:/home/user/.m2/repository/org/apache/kerby/kerb-admin/1.0.1/kerb-admin-1.0.1.jar:/home/user/.m2/repository/org/apache/kerby/kerb-server/1.0.1/kerb-server-1.0.1.jar:/home/user/.m2/repository/org/apache/kerby/kerb-identity/1.0.1/kerb-identity-1.0.1.jar:/home/user/.m2/repository/org/apache/kerby/kerby-xdr/1.0.1/kerby-xdr-1.0.1.jar:/home/user/.m2/repository/org/slf4j/slf4j-log4j12/1.7.25/slf4j-log4j12-1.7.25.jar:/home/user/.m2/repository/org/apache/hadoop/hadoop-ozone-objectstore-service/0.4.1-SNAPSHOT/hadoop-ozone-objectstore-service-0.4.1-SNAPSHOT.jar:/home/user/.m2/repository/org/apache/hadoop/hadoop-ozone-s3gateway/0.4.1-SNAPSHOT/hadoop-ozone-s3gateway-0.4.1-SNAPSHOT.jar:/home/user/.m2/repository/org/jboss/weld/servlet/weld-servlet/2.4.7.Final/weld-servlet-2.4.7.Final.jar:/home/user/.m2/repository/org/glassfish/jersey/containers/jersey-container-servlet-core/2.27/jersey-container-servlet-core-2.27.jar:/home/user/.m2/repository/org/glassfish/hk2/external/javax.inject/2.5.0-b42/javax.inject-2.5.0-b42.jar:/home/user/.m2/repository/org/glassfish/jersey/core/jersey-common/2.27/jersey-common-2.27.jar:/home/user/.m2/repository/org/glassfish/hk2/osgi-resource-locator/1.0.1/osgi-resource-locator-1.0.1.jar:/home/user/.m2/repository/javax/ws/rs/javax.ws.rs-api/2.1/javax.ws.rs-api-2.1.jar:/home/user/.m2/repository/org/glassfish/jersey/ext/cdi/jersey-cdi1x/2.27/jersey-cdi1x-2.27.jar:/home/user/.m2/repository/org/glassfish/jersey/inject/jersey-hk2/2.27/jersey-hk2-2.27.jar:/home/user/.m2/repository/org/glassfish/hk2/hk2-locator/2.5.0-b42/hk2-locator-2.5.0-b42.jar:/home/user/.m2/repository/org/javassist/javassist/3.22.0-CR2/javassist-3.22.0-CR2.jar:/home/user/.m2/repository/org/glassfish/hk2/hk2-api/2.5.0/hk2-api-2.5.0.jar:/home/user/.m2/repository/org/glassfish/hk2/external/jakarta.inject/2.5.0/jakarta.inject-2.5.0.jar:/home/user/.m2/repository/org/glassfish/hk2/hk2-utils/2.5.0/hk2-utils-2.5.0.jar:/home/user/.m2/repository/jakarta/annotation/jakarta.annotation-api/1.3.4/jakarta.annotation-api-1.3.4.jar:/home/user/.m2/repository/org/glassfish/hk2/external/aopalliance-repackaged/2.5.0/aopalliance-repackaged-2.5.0.jar:/home/user/.m2/repository/com/fasterxml/jackson/dataformat/jackson-dataformat-xml/2.9.0/jackson-dataformat-xml-2.9.0.jar:/home/user/.m2/repository/com/fasterxml/jackson/core/jackson-core/2.9.5/jackson-core-2.9.5.jar:/home/user/.m2/repository/com/fasterxml/jackson/module/jackson-module-jaxb-annotations/2.9.5/jackson-module-jaxb-annotations-2.9.5.jar:/home/user/.m2/repository/javax/enterprise/cdi-api/1.2/cdi-api-1.2.jar:/home/user/.m2/repository/javax/el/javax.el-api/3.0.0/javax.el-api-3.0.0.jar:/home/user/.m2/repository/javax/interceptor/javax.interceptor-api/1.2/javax.interceptor-api-1.2.jar:/home/user/.m2/repository/javax/inject/javax.inject/1/javax.inject-1.jar:/home/user/.m2/repository/com/sun/xml/bind/jaxb-impl/2.3.0.1/jaxb-impl-2.3.0.1.jar:/home/user/.m2/repository/com/sun/xml/bind/jaxb-core/2.3.0.1/jaxb-core-2.3.0.1.jar:/home/user/.m2/repository/javax/xml/bind/jaxb-api/2.3.0/jaxb-api-2.3.0.jar:/home/user/.m2/repository/javax/activation/activation/1.1.1/activation-1.1.1.jar:/home/user/.m2/repository/org/apache/hadoop/hadoop-ozone-csi/0.4.1-SNAPSHOT/hadoop-ozone-csi-0.4.1-SNAPSHOT.jar:/home/user/.m2/repository/com/google/protobuf/protobuf-java-util/3.5.1/protobuf-java-util-3.5.1.jar:/home/user/.m2/repository/org/apache/hadoop/hadoop-hdds-config/0.4.1-SNAPSHOT/hadoop-hdds-config-0.4.1-SNAPSHOT.jar:/home/user/.m2/repository/io/grpc/grpc-netty/1.17.1/grpc-netty-1.17.1.jar:/home/user/.m2/repository/io/grpc/grpc-core/1.17.1/grpc-core-1.17.1.jar:/home/user/.m2/repository/io/grpc/grpc-context/1.17.1/grpc-context-1.17.1.jar:/home/user/.m2/repository/com/google/errorprone/error_prone_annotations/2.2.0/error_prone_annotations-2.2.0.jar:/home/user/.m2/repository/org/codehaus/mojo/animal-sniffer-annotations/1.17/animal-sniffer-annotations-1.17.jar:/home/user/.m2/repository/io/opencensus/opencensus-api/0.17.0/opencensus-api-0.17.0.jar:/home/user/.m2/repository/io/opencensus/opencensus-contrib-grpc-metrics/0.17.0/opencensus-contrib-grpc-metrics-0.17.0.jar:/home/user/.m2/repository/io/netty/netty-codec-http2/4.1.30.Final/netty-codec-http2-4.1.30.Final.jar:/home/user/.m2/repository/io/netty/netty-codec-http/4.1.30.Final/netty-codec-http-4.1.30.Final.jar:/home/user/.m2/repository/io/netty/netty-codec/4.1.30.Final/netty-codec-4.1.30.Final.jar:/home/user/.m2/repository/io/netty/netty-handler/4.1.30.Final/netty-handler-4.1.30.Final.jar:/home/user/.m2/repository/io/netty/netty-handler-proxy/4.1.30.Final/netty-handler-proxy-4.1.30.Final.jar:/home/user/.m2/repository/io/netty/netty-codec-socks/4.1.30.Final/netty-codec-socks-4.1.30.Final.jar:/home/user/.m2/repository/io/netty/netty-transport-native-epoll/4.1.30.Final/netty-transport-native-epoll-4.1.30.Final.jar:/home/user/.m2/repository/io/netty/netty-common/4.1.30.Final/netty-common-4.1.30.Final.jar:/home/user/.m2/repository/io/netty/netty-buffer/4.1.30.Final/netty-buffer-4.1.30.Final.jar:/home/user/.m2/repository/io/netty/netty-transport/4.1.30.Final/netty-transport-4.1.30.Final.jar:/home/user/.m2/repository/io/netty/netty-resolver/4.1.30.Final/netty-resolver-4.1.30.Final.jar:/home/user/.m2/repository/io/netty/netty-transport-native-unix-common/4.1.30.Final/netty-transport-native-unix-common-4.1.30.Final.jar:/home/user/.m2/repository/io/grpc/grpc-protobuf/1.17.1/grpc-protobuf-1.17.1.jar:/home/user/.m2/repository/com/google/api/grpc/proto-google-common-protos/1.0.0/proto-google-common-protos-1.0.0.jar:/home/user/.m2/repository/io/grpc/grpc-protobuf-lite/1.17.1/grpc-protobuf-lite-1.17.1.jar:/home/user/.m2/repository/io/grpc/grpc-stub/1.17.1/grpc-stub-1.17.1.jar:/home/user/.m2/repository/org/apache/hadoop/hadoop-ozone-recon/0.4.1-SNAPSHOT/hadoop-ozone-recon-0.4.1-SNAPSHOT.jar:/home/user/.m2/repository/org/apache/hadoop/hadoop-ozone-reconcodegen/0.4.1-SNAPSHOT/hadoop-ozone-reconcodegen-0.4.1-SNAPSHOT.jar:/home/user/.m2/repository/com/google/inject/extensions/guice-multibindings/4.0/guice-multibindings-4.0.jar:/home/user/.m2/repository/com/google/inject/guice/4.0/guice-4.0.jar:/home/user/.m2/repository/aopalliance/aopalliance/1.0/aopalliance-1.0.jar:/home/user/.m2/repository/com/google/inject/extensions/guice-servlet/4.0/guice-servlet-4.0.jar:/home/user/.m2/repository/org/glassfish/jersey/containers/jersey-container-servlet/2.27/jersey-container-servlet-2.27.jar:/home/user/.m2/repository/org/glassfish/hk2/guice-bridge/2.5.0/guice-bridge-2.5.0.jar:/home/user/.m2/repository/org/glassfish/jersey/core/jersey-server/2.27/jersey-server-2.27.jar:/home/user/.m2/repository/org/glassfish/jersey/core/jersey-client/2.27/jersey-client-2.27.jar:/home/user/.m2/repository/org/glassfish/jersey/media/jersey-media-jaxb/2.27/jersey-media-jaxb-2.27.jar:/home/user/.m2/repository/javax/validation/validation-api/1.1.0.Final/validation-api-1.1.0.Final.jar:/home/user/.m2/repository/org/glassfish/jersey/media/jersey-media-json-jackson/2.27/jersey-media-json-jackson-2.27.jar:/home/user/.m2/repository/org/glassfish/jersey/ext/jersey-entity-filtering/2.27/jersey-entity-filtering-2.27.jar:/home/user/.m2/repository/com/google/inject/extensions/guice-assistedinject/4.0/guice-assistedinject-4.0.jar:/home/user/.m2/repository/org/jooq/jooq/3.11.10/jooq-3.11.10.jar:/home/user/.m2/repository/org/jooq/jooq-meta/3.11.10/jooq-meta-3.11.10.jar:/home/user/.m2/repository/org/jooq/jooq-codegen/3.11.10/jooq-codegen-3.11.10.jar:/home/user/.m2/repository/com/jolbox/bonecp/0.8.0.RELEASE/bonecp-0.8.0.RELEASE.jar:/home/user/.m2/repository/org/xerial/sqlite-jdbc/3.25.2/sqlite-jdbc-3.25.2.jar:/home/user/.m2/repository/org/springframework/spring-jdbc/5.1.3.RELEASE/spring-jdbc-5.1.3.RELEASE.jar:/home/user/.m2/repository/org/springframework/spring-beans/5.1.3.RELEASE/spring-beans-5.1.3.RELEASE.jar:/home/user/.m2/repository/org/springframework/spring-core/5.1.3.RELEASE/spring-core-5.1.3.RELEASE.jar:/home/user/.m2/repository/org/springframework/spring-jcl/5.1.3.RELEASE/spring-jcl-5.1.3.RELEASE.jar:/home/user/.m2/repository/org/springframework/spring-tx/5.1.3.RELEASE/spring-tx-5.1.3.RELEASE.jar:/home/user/.m2/repository/org/apache/hadoop/hadoop-ozone-client/0.4.1-SNAPSHOT/hadoop-ozone-client-0.4.1-SNAPSHOT.jar:/home/user/.m2/repository/commons-lang/commons-lang/2.6/commons-lang-2.6.jar:/home/user/.m2/repository/org/apache/hadoop/hadoop-ozone-ozone-manager/0.4.1-SNAPSHOT/hadoop-ozone-ozone-manager-0.4.1-SNAPSHOT-tests.jar:/home/user/.m2/repository/junit/junit/4.11/junit-4.11.jar:/home/user/.m2/repository/org/hamcrest/hamcrest-core/1.3/hamcrest-core-1.3.jar:/home/user/.m2/repository/org/openjdk/jmh/jmh-core/1.19/jmh-core-1.19.jar:/home/user/.m2/repository/net/sf/jopt-simple/jopt-simple/4.6/jopt-simple-4.6.jar:/home/user/.m2/repository/org/apache/commons/commons-math3/3.1.1/commons-math3-3.1.1.jar:/home/user/.m2/repository/org/openjdk/jmh/jmh-generator-annprocess/1.19/jmh-generator-annprocess-1.19.jar:/home/user/.m2/repository/org/mockito/mockito-all/1.8.5/mockito-all-1.8.5.jar:/home/user/.m2/repository/org/apache/hadoop/hadoop-kms/3.2.0/hadoop-kms-3.2.0.jar:/home/user/.m2/repository/org/apache/hadoop/hadoop-auth/3.2.0/hadoop-auth-3.2.0.jar:/home/user/.m2/repository/com/nimbusds/nimbus-jose-jwt/4.41.1/nimbus-jose-jwt-4.41.1.jar:/home/user/.m2/repository/com/github/stephenc/jcip/jcip-annotations/1.0-1/jcip-annotations-1.0-1.jar:/home/user/.m2/repository/net/minidev/json-smart/2.3/json-smart-2.3.jar:/home/user/.m2/repository/net/minidev/accessors-smart/1.2/accessors-smart-1.2.jar:/home/user/.m2/repository/org/ow2/asm/asm/5.0.4/asm-5.0.4.jar:/home/user/.m2/repository/org/apache/curator/curator-framework/2.12.0/curator-framework-2.12.0.jar:/home/user/.m2/repository/com/sun/jersey/jersey-core/1.19/jersey-core-1.19.jar:/home/user/.m2/repository/javax/ws/rs/jsr311-api/1.1.1/jsr311-api-1.1.1.jar:/home/user/.m2/repository/com/sun/jersey/jersey-server/1.19/jersey-server-1.19.jar:/home/user/.m2/repository/javax/servlet/javax.servlet-api/3.1.0/javax.servlet-api-3.1.0.jar:/home/user/.m2/repository/org/eclipse/jetty/jetty-server/9.3.24.v20180605/jetty-server-9.3.24.v20180605.jar:/home/user/.m2/repository/org/eclipse/jetty/jetty-http/9.3.24.v20180605/jetty-http-9.3.24.v20180605.jar:/home/user/.m2/repository/org/eclipse/jetty/jetty-io/9.3.24.v20180605/jetty-io-9.3.24.v20180605.jar:/home/user/.m2/repository/org/eclipse/jetty/jetty-webapp/9.3.24.v20180605/jetty-webapp-9.3.24.v20180605.jar:/home/user/.m2/repository/org/eclipse/jetty/jetty-xml/9.3.24.v20180605/jetty-xml-9.3.24.v20180605.jar:/home/user/.m2/repository/log4j/log4j/1.2.17/log4j-1.2.17.jar:/home/user/.m2/repository/org/slf4j/slf4j-api/1.7.25/slf4j-api-1.7.25.jar:/home/user/.m2/repository/org/slf4j/jul-to-slf4j/1.7.25/jul-to-slf4j-1.7.25.jar:/home/user/.m2/repository/org/eclipse/jetty/jetty-util/9.3.24.v20180605/jetty-util-9.3.24.v20180605.jar:/home/user/.m2/repository/com/fasterxml/jackson/core/jackson-databind/2.9.5/jackson-databind-2.9.5.jar:/home/user/.m2/repository/org/apache/hadoop/hadoop-kms/3.2.0/hadoop-kms-3.2.0-tests.jar:/home/user/.m2/repository/org/apache/hadoop/hadoop-hdds-server-scm/0.4.1-SNAPSHOT/hadoop-hdds-server-scm-0.4.1-SNAPSHOT-tests.jar:/home/user/.m2/repository/org/apache/hadoop/hadoop-hdds-container-service/0.4.1-SNAPSHOT/hadoop-hdds-container-service-0.4.1-SNAPSHOT-tests.jar:/home/user/.m2/repository/org/yaml/snakeyaml/1.16/snakeyaml-1.16.jar:/home/user/.m2/repository/org/apache/hadoop/hadoop-common/3.2.0/hadoop-common-3.2.0-tests.jar:/home/user/.m2/repository/org/apache/hadoop/hadoop-annotations/3.2.0/hadoop-annotations-3.2.0.jar:/usr/lib/jvm/java-1.8-openjdk/jre/../lib/tools.jar:/home/user/.m2/repository/commons-cli/commons-cli/1.2/commons-cli-1.2.jar:/home/user/.m2/repository/org/apache/httpcomponents/httpclient/4.5.2/httpclient-4.5.2.jar:/home/user/.m2/repository/org/apache/httpcomponents/httpcore/4.4.4/httpcore-4.4.4.jar:/home/user/.m2/repository/commons-codec/commons-codec/1.11/commons-codec-1.11.jar:/home/user/.m2/repository/commons-net/commons-net/3.6/commons-net-3.6.jar:/home/user/.m2/repository/commons-collections/commons-collections/3.2.2/commons-collections-3.2.2.jar:/home/user/.m2/repository/org/eclipse/jetty/jetty-servlet/9.3.24.v20180605/jetty-servlet-9.3.24.v20180605.jar:/home/user/.m2/repository/org/eclipse/jetty/jetty-security/9.3.24.v20180605/jetty-security-9.3.24.v20180605.jar:/home/user/.m2/repository/javax/servlet/jsp/jsp-api/2.1/jsp-api-2.1.jar:/home/user/.m2/repository/com/sun/jersey/jersey-servlet/1.19/jersey-servlet-1.19.jar:/home/user/.m2/repository/com/sun/jersey/jersey-json/1.19/jersey-json-1.19.jar:/home/user/.m2/repository/org/codehaus/jettison/jettison/1.1/jettison-1.1.jar:/home/user/.m2/repository/org/codehaus/jackson/jackson-core-asl/1.9.13/jackson-core-asl-1.9.13.jar:/home/user/.m2/repository/org/codehaus/jackson/jackson-mapper-asl/1.9.13/jackson-mapper-asl-1.9.13.jar:/home/user/.m2/repository/org/codehaus/jackson/jackson-jaxrs/1.9.13/jackson-jaxrs-1.9.13.jar:/home/user/.m2/repository/org/codehaus/jackson/jackson-xc/1.9.13/jackson-xc-1.9.13.jar:/home/user/.m2/repository/commons-logging/commons-logging/1.1.3/commons-logging-1.1.3.jar:/home/user/.m2/repository/commons-beanutils/commons-beanutils/1.9.3/commons-beanutils-1.9.3.jar:/home/user/.m2/repository/org/apache/commons/commons-configuration2/2.1.1/commons-configuration2-2.1.1.jar:/home/user/.m2/repository/org/apache/commons/commons-lang3/3.7/commons-lang3-3.7.jar:/home/user/.m2/repository/org/apache/commons/commons-text/1.4/commons-text-1.4.jar:/home/user/.m2/repository/org/apache/avro/avro/1.7.7/avro-1.7.7.jar:/home/user/.m2/repository/com/thoughtworks/paranamer/paranamer/2.3/paranamer-2.3.jar:/home/user/.m2/repository/org/xerial/snappy/snappy-java/1.0.5/snappy-java-1.0.5.jar:/home/user/.m2/repository/com/google/re2j/re2j/1.1/re2j-1.1.jar:/home/user/.m2/repository/com/google/code/gson/gson/2.2.4/gson-2.2.4.jar:/home/user/.m2/repository/com/jcraft/jsch/0.1.54/jsch-0.1.54.jar:/home/user/.m2/repository/org/apache/curator/curator-client/2.12.0/curator-client-2.12.0.jar:/home/user/.m2/repository/org/apache/curator/curator-recipes/2.12.0/curator-recipes-2.12.0.jar:/home/user/.m2/repository/com/google/code/findbugs/jsr305/3.0.0/jsr305-3.0.0.jar:/home/user/.m2/repository/org/apache/htrace/htrace-core4/4.1.0-incubating/htrace-core4-4.1.0-incubating.jar:/home/user/.m2/repository/org/apache/zookeeper/zookeeper/3.4.13/zookeeper-3.4.13.jar:/home/user/.m2/repository/org/apache/yetus/audience-annotations/0.5.0/audience-annotations-0.5.0.jar:/home/user/.m2/repository/org/codehaus/woodstox/stax2-api/3.1.4/stax2-api-3.1.4.jar:/home/user/.m2/repository/com/fasterxml/woodstox/woodstox-core/5.0.3/woodstox-core-5.0.3.jar:/home/user/.m2/repository/dnsjava/dnsjava/2.1.7/dnsjava-2.1.7.jar:/home/user/.m2/repository/org/apache/hadoop/hadoop-hdfs/3.2.0/hadoop-hdfs-3.2.0-tests.jar:/home/user/.m2/repository/org/eclipse/jetty/jetty-util-ajax/9.3.24.v20180605/jetty-util-ajax-9.3.24.v20180605.jar:/home/user/.m2/repository/commons-daemon/commons-daemon/1.0.13/commons-daemon-1.0.13.jar:/home/user/.m2/repository/io/netty/netty/3.10.5.Final/netty-3.10.5.Final.jar:/home/user/.m2/repository/io/netty/netty-all/4.0.52.Final/netty-all-4.0.52.Final.jar:/home/user/.m2/repository/org/fusesource/leveldbjni/leveldbjni-all/1.8/leveldbjni-all-1.8.jar:"/>
    <property name="sun.cpu.endian" value="little"/>
    <property name="user.home" value="/home/user"/>
    <property name="user.language" value="en"/>
    <property name="java.specification.vendor" value="Oracle Corporation"/>
    <property name="java.home" value="/usr/lib/jvm/java-1.8-openjdk/jre"/>
    <property name="java.security.krb5.conf" value="/workdir/hadoop-ozone/integration-test/target/test-classes/krb5.conf"/>
    <property name="basedir" value="/workdir/hadoop-ozone/integration-test"/>
    <property name="file.separator" value="/"/>
    <property name="line.separator" value="&#10;"/>
    <property name="java.vm.specification.vendor" value="Oracle Corporation"/>
    <property name="java.specification.name" value="Java Platform API Specification"/>
    <property name="java.awt.graphicsenv" value="sun.awt.X11GraphicsEnvironment"/>
    <property name="surefire.real.class.path" value="/workdir/hadoop-ozone/integration-test/target/surefire/surefirebooter1564641731505230441.jar"/>
    <property name="hadoop.log.dir" value="/workdir/hadoop-ozone/integration-test/target/log"/>
    <property name="sun.boot.class.path" value="/usr/lib/jvm/java-1.8-openjdk/jre/lib/resources.jar:/usr/lib/jvm/java-1.8-openjdk/jre/lib/rt.jar:/usr/lib/jvm/java-1.8-openjdk/jre/lib/sunrsasign.jar:/usr/lib/jvm/java-1.8-openjdk/jre/lib/jsse.jar:/usr/lib/jvm/java-1.8-openjdk/jre/lib/jce.jar:/usr/lib/jvm/java-1.8-openjdk/jre/lib/charsets.jar:/usr/lib/jvm/java-1.8-openjdk/jre/lib/jfr.jar:/usr/lib/jvm/java-1.8-openjdk/jre/classes"/>
    <property name="sun.management.compiler" value="HotSpot 64-Bit Tiered Compilers"/>
    <property name="java.runtime.version" value="1.8.0_212-b04"/>
    <property name="java.net.preferIPv4Stack" value="true"/>
    <property name="user.name" value="jenkins1000"/>
    <property name="path.separator" value=":"/>
    <property name="java.security.egd" value="file:///dev/urandom"/>
    <property name="os.version" value="3.10.0-957.12.2.el7.x86_64"/>
    <property name="java.endorsed.dirs" value="/usr/lib/jvm/java-1.8-openjdk/jre/lib/endorsed"/>
    <property name="java.runtime.name" value="OpenJDK Runtime Environment"/>
    <property name="file.encoding" value="UTF-8"/>
    <property name="java.vm.name" value="OpenJDK 64-Bit Server VM"/>
    <property name="test.build.webapps" value=""/>
    <property name="localRepository" value="/home/user/.m2/repository"/>
    <property name="java.vendor.url.bug" value="https://icedtea.classpath.org/bugzilla"/>
    <property name="java.io.tmpdir" value="/tmp"/>
    <property name="require.test.libhadoop" value=""/>
    <property name="java.version" value="1.8.0_212"/>
    <property name="user.dir" value="/workdir/hadoop-ozone/integration-test"/>
    <property name="os.arch" value="amd64"/>
    <property name="java.vm.specification.name" value="Java Virtual Machine Specification"/>
    <property name="test.build.classes" value="/workdir/hadoop-ozone/integration-test/target/test-classes"/>
    <property name="java.awt.printerjob" value="sun.print.PSPrinterJob"/>
    <property name="sun.os.patch.level" value="unknown"/>
    <property name="hadoop.tmp.dir" value="/workdir/hadoop-ozone/integration-test/target/tmp"/>
    <property name="java.library.path" value="/usr/lib/jvm/java-1.8-openjdk/jre/lib/amd64/server:/usr/lib/jvm/java-1.8-openjdk/jre/lib/amd64:/usr/lib/jvm/java-1.8-openjdk/jre/../lib/amd64:/workdir/hadoop-ozone/integration-test/target/native/target/usr/local/lib:/workdir/hadoop-ozone/integration-test/../../hadoop-common-project/hadoop-common/target/native/target/usr/local/lib:/usr/java/packages/lib/amd64:/usr/lib64:/lib64:/lib:/usr/lib"/>
    <property name="java.vm.info" value="mixed mode"/>
    <property name="java.vendor" value="IcedTea"/>
    <property name="java.vm.version" value="25.212-b04"/>
    <property name="java.ext.dirs" value="/usr/lib/jvm/java-1.8-openjdk/jre/lib/ext:/usr/java/packages/lib/ext"/>
    <property name="sun.io.unicode.encoding" value="UnicodeLittle"/>
    <property name="java.class.version" value="52.0"/>
  </properties>
  <testcase name="testMultiBlockWritesWithDnFailures" classname="org.apache.hadoop.ozone.client.rpc.TestMultiBlockWritesWithDnFailures" time="32.121">
    <error message="Allocated 0 blocks. Requested 1 blocks" type="INTERNAL_ERROR org.apache.hadoop.ozone.om.exceptions.OMException">INTERNAL_ERROR org.apache.hadoop.ozone.om.exceptions.OMException: Allocated 0 blocks. Requested 1 blocks
	at org.apache.hadoop.ozone.om.protocolPB.OzoneManagerProtocolClientSideTranslatorPB.handleError(OzoneManagerProtocolClientSideTranslatorPB.java:720)
	at org.apache.hadoop.ozone.om.protocolPB.OzoneManagerProtocolClientSideTranslatorPB.allocateBlock(OzoneManagerProtocolClientSideTranslatorPB.java:752)
	at org.apache.hadoop.ozone.client.io.BlockOutputStreamEntryPool.allocateNewBlock(BlockOutputStreamEntryPool.java:248)
	at org.apache.hadoop.ozone.client.io.BlockOutputStreamEntryPool.allocateBlockIfNeeded(BlockOutputStreamEntryPool.java:296)
	at org.apache.hadoop.ozone.client.io.KeyOutputStream.handleWrite(KeyOutputStream.java:201)
	at org.apache.hadoop.ozone.client.io.KeyOutputStream.handleRetry(KeyOutputStream.java:376)
	at org.apache.hadoop.ozone.client.io.KeyOutputStream.handleException(KeyOutputStream.java:325)
	at org.apache.hadoop.ozone.client.io.KeyOutputStream.handleWrite(KeyOutputStream.java:231)
	at org.apache.hadoop.ozone.client.io.KeyOutputStream.write(KeyOutputStream.java:193)
	at org.apache.hadoop.ozone.client.io.OzoneOutputStream.write(OzoneOutputStream.java:49)
	at java.io.OutputStream.write(OutputStream.java:75)
	at org.apache.hadoop.ozone.client.rpc.TestMultiBlockWritesWithDnFailures.testMultiBlockWritesWithDnFailures(TestMultiBlockWritesWithDnFailures.java:144)
	at sun.reflect.NativeMethodAccessorImpl.invoke0(Native Method)
	at sun.reflect.NativeMethodAccessorImpl.invoke(NativeMethodAccessorImpl.java:62)
	at sun.reflect.DelegatingMethodAccessorImpl.invoke(DelegatingMethodAccessorImpl.java:43)
	at java.lang.reflect.Method.invoke(Method.java:498)
	at org.junit.runners.model.FrameworkMethod$1.runReflectiveCall(FrameworkMethod.java:47)
	at org.junit.internal.runners.model.ReflectiveCallable.run(ReflectiveCallable.java:12)
	at org.junit.runners.model.FrameworkMethod.invokeExplosively(FrameworkMethod.java:44)
	at org.junit.internal.runners.statements.InvokeMethod.evaluate(InvokeMethod.java:17)
	at org.junit.runners.ParentRunner.runLeaf(ParentRunner.java:271)
	at org.junit.runners.BlockJUnit4ClassRunner.runChild(BlockJUnit4ClassRunner.java:70)
	at org.junit.runners.BlockJUnit4ClassRunner.runChild(BlockJUnit4ClassRunner.java:50)
	at org.junit.runners.ParentRunner$3.run(ParentRunner.java:238)
	at org.junit.runners.ParentRunner$1.schedule(ParentRunner.java:63)
	at org.junit.runners.ParentRunner.runChildren(ParentRunner.java:236)
	at org.junit.runners.ParentRunner.access$000(ParentRunner.java:53)
	at org.junit.runners.ParentRunner$2.evaluate(ParentRunner.java:229)
	at org.junit.runners.ParentRunner.run(ParentRunner.java:309)
	at org.apache.maven.surefire.junit4.JUnit4Provider.execute(JUnit4Provider.java:365)
	at org.apache.maven.surefire.junit4.JUnit4Provider.executeWithRerun(JUnit4Provider.java:273)
	at org.apache.maven.surefire.junit4.JUnit4Provider.executeTestSet(JUnit4Provider.java:238)
	at org.apache.maven.surefire.junit4.JUnit4Provider.invoke(JUnit4Provider.java:159)
	at org.apache.maven.surefire.booter.ForkedBooter.invokeProviderInSameClassLoader(ForkedBooter.java:384)
	at org.apache.maven.surefire.booter.ForkedBooter.runSuitesInProcess(ForkedBooter.java:345)
	at org.apache.maven.surefire.booter.ForkedBooter.execute(ForkedBooter.java:126)
	at org.apache.maven.surefire.booter.ForkedBooter.main(ForkedBooter.java:418)
</error>
    <system-out><![CDATA[2019-08-06 03:59:49,439 WARN  server.ServerUtils (ServerUtils.java:getScmDbDir(145)) - ozone.scm.db.dirs is not configured. We recommend adding this setting. Falling back to ozone.metadata.dirs instead.
2019-08-06 03:59:49,543 WARN  server.ServerUtils (ServerUtils.java:getScmDbDir(145)) - ozone.scm.db.dirs is not configured. We recommend adding this setting. Falling back to ozone.metadata.dirs instead.
2019-08-06 03:59:49,546 WARN  server.ServerUtils (ServerUtils.java:getScmDbDir(145)) - ozone.scm.db.dirs is not configured. We recommend adding this setting. Falling back to ozone.metadata.dirs instead.
2019-08-06 03:59:49,564 INFO  util.log (Log.java:initialized(192)) - Logging initialized @881ms
2019-08-06 03:59:49,667 INFO  db.DBStoreBuilder (DBStoreBuilder.java:addTable(110)) - using custom profile for table: deletedBlocks
2019-08-06 03:59:49,668 INFO  db.DBStoreBuilder (DBStoreBuilder.java:processTables(161)) - Using default column profile:DBProfile.DISK for Table:deletedBlocks
2019-08-06 03:59:49,668 INFO  db.DBStoreBuilder (DBStoreBuilder.java:addTable(110)) - using custom profile for table: validCerts
2019-08-06 03:59:49,668 INFO  db.DBStoreBuilder (DBStoreBuilder.java:processTables(161)) - Using default column profile:DBProfile.DISK for Table:validCerts
2019-08-06 03:59:49,669 INFO  db.DBStoreBuilder (DBStoreBuilder.java:addTable(110)) - using custom profile for table: revokedCerts
2019-08-06 03:59:49,669 INFO  db.DBStoreBuilder (DBStoreBuilder.java:processTables(161)) - Using default column profile:DBProfile.DISK for Table:revokedCerts
2019-08-06 03:59:49,681 INFO  db.DBStoreBuilder (DBStoreBuilder.java:addTable(110)) - using custom profile for table: default
2019-08-06 03:59:49,682 INFO  db.DBStoreBuilder (DBStoreBuilder.java:processTables(167)) - Using default column profile:DBProfile.DISK for Table:default
2019-08-06 03:59:49,683 INFO  db.DBStoreBuilder (DBStoreBuilder.java:getDbProfile(198)) - Using default options. DBProfile.DISK
2019-08-06 03:59:49,818 INFO  net.NodeSchemaLoader (NodeSchemaLoader.java:loadSchemaFromFile(125)) - Loading file from sun.misc.CompoundEnumeration@7193666c
2019-08-06 03:59:49,824 INFO  net.NodeSchemaLoader (NodeSchemaLoader.java:loadSchema(171)) - Loading network topology layer schema file
2019-08-06 03:59:49,910 INFO  node.SCMNodeManager (SCMNodeManager.java:<init>(121)) - Entering startup safe mode.
2019-08-06 03:59:49,993 WARN  server.ServerUtils (ServerUtils.java:getScmDbDir(145)) - ozone.scm.db.dirs is not configured. We recommend adding this setting. Falling back to ozone.metadata.dirs instead.
2019-08-06 03:59:50,047 INFO  pipeline.SCMPipelineManager (SCMPipelineManager.java:initializePipelineState(126)) - No pipeline exists in current db
2019-08-06 03:59:50,050 WARN  server.ServerUtils (ServerUtils.java:getScmDbDir(145)) - ozone.scm.db.dirs is not configured. We recommend adding this setting. Falling back to ozone.metadata.dirs instead.
2019-08-06 03:59:50,144 WARN  events.EventQueue (EventQueue.java:fireEvent(175)) - No event handler registered for event TypedEvent{payloadType=SafeModeStatus, name='SafeModeStatus'}
2019-08-06 03:59:50,526 INFO  ipc.CallQueueManager (CallQueueManager.java:<init>(84)) - Using callQueue: class java.util.concurrent.LinkedBlockingQueue, queueCapacity: 2000, scheduler: class org.apache.hadoop.ipc.DefaultRpcScheduler, ipcBackoff: false.
2019-08-06 03:59:50,554 INFO  ipc.Server (Server.java:run(1074)) - Starting Socket Reader #1 for port 33923
2019-08-06 03:59:50,578 INFO  ipc.CallQueueManager (CallQueueManager.java:<init>(84)) - Using callQueue: class java.util.concurrent.LinkedBlockingQueue, queueCapacity: 2000, scheduler: class org.apache.hadoop.ipc.DefaultRpcScheduler, ipcBackoff: false.
2019-08-06 03:59:50,579 INFO  ipc.Server (Server.java:run(1074)) - Starting Socket Reader #1 for port 41457
2019-08-06 03:59:50,586 INFO  ipc.CallQueueManager (CallQueueManager.java:<init>(84)) - Using callQueue: class java.util.concurrent.LinkedBlockingQueue, queueCapacity: 2000, scheduler: class org.apache.hadoop.ipc.DefaultRpcScheduler, ipcBackoff: false.
2019-08-06 03:59:50,587 INFO  ipc.Server (Server.java:run(1074)) - Starting Socket Reader #1 for port 42537
2019-08-06 03:59:50,718 INFO  hdfs.DFSUtil (DFSUtil.java:httpServerTemplateForNNAndJN(1641)) - Starting Web-server for scm at: http://0.0.0.0:0
2019-08-06 03:59:50,888 INFO  server.AuthenticationFilter (AuthenticationFilter.java:constructSecretProvider(240)) - Unable to initialize FileSignerSecretProvider, falling back to use random secrets.
2019-08-06 03:59:50,897 WARN  http.HttpRequestLog (HttpRequestLog.java:getRequestLog(97)) - Jetty request log can only be enabled using Log4j
2019-08-06 03:59:50,905 INFO  http.HttpServer2 (HttpServer2.java:addGlobalFilter(975)) - Added global filter 'safety' (class=org.apache.hadoop.http.HttpServer2$QuotingInputFilter)
2019-08-06 03:59:50,909 INFO  http.HttpServer2 (HttpServer2.java:addFilter(948)) - Added filter static_user_filter (class=org.apache.hadoop.http.lib.StaticUserWebFilter$StaticUserFilter) to context scm
2019-08-06 03:59:50,909 INFO  http.HttpServer2 (HttpServer2.java:addFilter(958)) - Added filter static_user_filter (class=org.apache.hadoop.http.lib.StaticUserWebFilter$StaticUserFilter) to context logs
2019-08-06 03:59:50,910 INFO  http.HttpServer2 (HttpServer2.java:addFilter(958)) - Added filter static_user_filter (class=org.apache.hadoop.http.lib.StaticUserWebFilter$StaticUserFilter) to context static
2019-08-06 03:59:50,940 INFO  server.StorageContainerManager (StorageContainerManager.java:start(758)) - StorageContainerLocationProtocol RPC server is listening at /0.0.0.0:42537
2019-08-06 03:59:50,999 WARN  impl.MetricsConfig (MetricsConfig.java:loadFirst(134)) - Cannot locate configuration: tried hadoop-metrics2-storagecontainermanager.properties,hadoop-metrics2.properties
2019-08-06 03:59:51,012 INFO  impl.MetricsSystemImpl (MetricsSystemImpl.java:startTimer(374)) - Scheduled Metric snapshot period at 10 second(s).
2019-08-06 03:59:51,012 INFO  impl.MetricsSystemImpl (MetricsSystemImpl.java:start(191)) - StorageContainerManager metrics system started
2019-08-06 03:59:51,271 INFO  server.SCMClientProtocolServer (SCMClientProtocolServer.java:start(151)) - RPC server for Client  is listening at /0.0.0.0:42537
2019-08-06 03:59:51,272 INFO  ipc.Server (Server.java:run(1153)) - IPC Server listener on 42537: starting
2019-08-06 03:59:51,272 INFO  ipc.Server (Server.java:run(1314)) - IPC Server Responder: starting
2019-08-06 03:59:51,275 INFO  server.StorageContainerManager (StorageContainerManager.java:start(768)) - ScmBlockLocationProtocol RPC server is listening at /0.0.0.0:41457
2019-08-06 03:59:51,276 INFO  server.SCMBlockProtocolServer (SCMBlockProtocolServer.java:start(140)) - RPC server for Block Protocol is listening at /0.0.0.0:41457
2019-08-06 03:59:51,276 INFO  ipc.Server (Server.java:run(1314)) - IPC Server Responder: starting
2019-08-06 03:59:51,276 INFO  ipc.Server (Server.java:run(1153)) - IPC Server listener on 41457: starting
2019-08-06 03:59:51,281 INFO  server.StorageContainerManager (StorageContainerManager.java:start(772)) - ScmDatanodeProtocl RPC server is listening at /0.0.0.0:33923
2019-08-06 03:59:51,282 INFO  server.SCMDatanodeProtocolServer (SCMDatanodeProtocolServer.java:start(191)) - RPC server for DataNodes is listening at /0.0.0.0:33923
2019-08-06 03:59:51,283 INFO  ipc.Server (Server.java:run(1314)) - IPC Server Responder: starting
2019-08-06 03:59:51,283 INFO  ipc.Server (Server.java:run(1153)) - IPC Server listener on 33923: starting
2019-08-06 03:59:51,292 INFO  http.HttpServer2 (HttpServer2.java:bindListener(1191)) - Jetty bound to port 38597
2019-08-06 03:59:51,294 INFO  server.Server (Server.java:doStart(351)) - jetty-9.3.24.v20180605, build timestamp: 2018-06-05T17:11:56Z, git hash: 84205aa28f11a4f31f2a3b86d1bba2cc8ab69827
2019-08-06 03:59:51,345 INFO  handler.ContextHandler (ContextHandler.java:doStart(781)) - Started o.e.j.s.ServletContextHandler@75f95314{/logs,file:///workdir/hadoop-ozone/integration-test/target/log,AVAILABLE}
2019-08-06 03:59:51,346 INFO  handler.ContextHandler (ContextHandler.java:doStart(781)) - Started o.e.j.s.ServletContextHandler@6bbe2511{/static,file:///workdir/hadoop-ozone/integration-test/target/test-classes/webapps/static,AVAILABLE}
2019-08-06 03:59:51,388 INFO  handler.ContextHandler (ContextHandler.java:doStart(781)) - Started o.e.j.w.WebAppContext@285d851a{/,file:///workdir/hadoop-ozone/integration-test/target/test-classes/webapps/scm/,AVAILABLE}{/scm}
2019-08-06 03:59:51,394 INFO  server.AbstractConnector (AbstractConnector.java:doStart(278)) - Started ServerConnector@32232e55{HTTP/1.1,[http/1.1]}{0.0.0.0:38597}
2019-08-06 03:59:51,394 INFO  server.Server (Server.java:doStart(419)) - Started @2711ms
2019-08-06 03:59:51,396 INFO  server.BaseHttpServer (BaseHttpServer.java:updateConnectorAddress(207)) - HTTP server of SCM is listening at http://0.0.0.0:38597
2019-08-06 03:59:51,402 INFO  util.JvmPauseMonitor (JvmPauseMonitor.java:run(188)) - Starting JVM pause monitor
2019-08-06 03:59:51,404 WARN  server.ServerUtils (ServerUtils.java:getDBPath(222)) - ozone.om.db.dirs is not configured. We recommend adding this setting. Falling back to ozone.metadata.dirs instead.
2019-08-06 03:59:51,532 WARN  server.ServerUtils (ServerUtils.java:getDBPath(222)) - ozone.om.db.dirs is not configured. We recommend adding this setting. Falling back to ozone.metadata.dirs instead.
2019-08-06 03:59:51,533 WARN  server.ServerUtils (ServerUtils.java:getDBPath(222)) - ozone.om.db.dirs is not configured. We recommend adding this setting. Falling back to ozone.metadata.dirs instead.
2019-08-06 03:59:51,534 INFO  om.OzoneManager (OzoneManager.java:setOMNodeDetails(644)) - OM Service ID is not set. Setting it to the default ID: omServiceIdDefault
2019-08-06 03:59:51,534 INFO  om.OzoneManager (OzoneManager.java:setOMNodeDetails(650)) - OM Node ID is not set. Setting it to the OmStorage's OmID: 0f7c2dd2-55eb-47bc-a02b-a54289111cd6
2019-08-06 03:59:51,535 INFO  om.OzoneManager (OzoneManager.java:loadOMHAConfigs(601)) - Found matching OM address with OMServiceId: null, OMNodeId: null, RPC Address: localhost:0 and Ratis port: 9872
2019-08-06 03:59:52,278 WARN  server.ServerUtils (ServerUtils.java:getDBPath(222)) - ozone.om.db.dirs is not configured. We recommend adding this setting. Falling back to ozone.metadata.dirs instead.
2019-08-06 03:59:52,286 INFO  db.DBStoreBuilder (DBStoreBuilder.java:addTable(110)) - using custom profile for table: userTable
2019-08-06 03:59:52,286 INFO  db.DBStoreBuilder (DBStoreBuilder.java:processTables(161)) - Using default column profile:DBProfile.DISK for Table:userTable
2019-08-06 03:59:52,287 INFO  db.DBStoreBuilder (DBStoreBuilder.java:addTable(110)) - using custom profile for table: volumeTable
2019-08-06 03:59:52,287 INFO  db.DBStoreBuilder (DBStoreBuilder.java:processTables(161)) - Using default column profile:DBProfile.DISK for Table:volumeTable
2019-08-06 03:59:52,287 INFO  db.DBStoreBuilder (DBStoreBuilder.java:addTable(110)) - using custom profile for table: bucketTable
2019-08-06 03:59:52,287 INFO  db.DBStoreBuilder (DBStoreBuilder.java:processTables(161)) - Using default column profile:DBProfile.DISK for Table:bucketTable
2019-08-06 03:59:52,288 INFO  db.DBStoreBuilder (DBStoreBuilder.java:addTable(110)) - using custom profile for table: keyTable
2019-08-06 03:59:52,288 INFO  db.DBStoreBuilder (DBStoreBuilder.java:processTables(161)) - Using default column profile:DBProfile.DISK for Table:keyTable
2019-08-06 03:59:52,288 INFO  db.DBStoreBuilder (DBStoreBuilder.java:addTable(110)) - using custom profile for table: deletedTable
2019-08-06 03:59:52,288 INFO  db.DBStoreBuilder (DBStoreBuilder.java:processTables(161)) - Using default column profile:DBProfile.DISK for Table:deletedTable
2019-08-06 03:59:52,289 INFO  db.DBStoreBuilder (DBStoreBuilder.java:addTable(110)) - using custom profile for table: openKeyTable
2019-08-06 03:59:52,289 INFO  db.DBStoreBuilder (DBStoreBuilder.java:processTables(161)) - Using default column profile:DBProfile.DISK for Table:openKeyTable
2019-08-06 03:59:52,289 INFO  db.DBStoreBuilder (DBStoreBuilder.java:addTable(110)) - using custom profile for table: s3Table
2019-08-06 03:59:52,289 INFO  db.DBStoreBuilder (DBStoreBuilder.java:processTables(161)) - Using default column profile:DBProfile.DISK for Table:s3Table
2019-08-06 03:59:52,290 INFO  db.DBStoreBuilder (DBStoreBuilder.java:addTable(110)) - using custom profile for table: multipartInfoTable
2019-08-06 03:59:52,290 INFO  db.DBStoreBuilder (DBStoreBuilder.java:processTables(161)) - Using default column profile:DBProfile.DISK for Table:multipartInfoTable
2019-08-06 03:59:52,290 INFO  db.DBStoreBuilder (DBStoreBuilder.java:addTable(110)) - using custom profile for table: dTokenTable
2019-08-06 03:59:52,290 INFO  db.DBStoreBuilder (DBStoreBuilder.java:processTables(161)) - Using default column profile:DBProfile.DISK for Table:dTokenTable
2019-08-06 03:59:52,291 INFO  db.DBStoreBuilder (DBStoreBuilder.java:addTable(110)) - using custom profile for table: s3SecretTable
2019-08-06 03:59:52,291 INFO  db.DBStoreBuilder (DBStoreBuilder.java:processTables(161)) - Using default column profile:DBProfile.DISK for Table:s3SecretTable
2019-08-06 03:59:52,291 INFO  db.DBStoreBuilder (DBStoreBuilder.java:addTable(110)) - using custom profile for table: prefixTable
2019-08-06 03:59:52,291 INFO  db.DBStoreBuilder (DBStoreBuilder.java:processTables(161)) - Using default column profile:DBProfile.DISK for Table:prefixTable
2019-08-06 03:59:52,292 INFO  db.DBStoreBuilder (DBStoreBuilder.java:addTable(110)) - using custom profile for table: default
2019-08-06 03:59:52,292 INFO  db.DBStoreBuilder (DBStoreBuilder.java:processTables(167)) - Using default column profile:DBProfile.DISK for Table:default
2019-08-06 03:59:52,292 INFO  db.DBStoreBuilder (DBStoreBuilder.java:getDbProfile(198)) - Using default options. DBProfile.DISK
2019-08-06 03:59:52,548 INFO  ipc.CallQueueManager (CallQueueManager.java:<init>(84)) - Using callQueue: class java.util.concurrent.LinkedBlockingQueue, queueCapacity: 2000, scheduler: class org.apache.hadoop.ipc.DefaultRpcScheduler, ipcBackoff: false.
2019-08-06 03:59:52,549 INFO  ipc.Server (Server.java:run(1074)) - Starting Socket Reader #1 for port 46627
2019-08-06 03:59:52,569 INFO  om.OzoneManager (OzoneManager.java:start(1255)) - OzoneManager RPC server is listening at localhost/127.0.0.1:46627
2019-08-06 03:59:52,569 INFO  impl.MetricsSystemImpl (MetricsSystemImpl.java:init(158)) - OzoneManager metrics system started (again)
2019-08-06 03:59:52,571 INFO  ipc.Server (Server.java:run(1153)) - IPC Server listener on 46627: starting
2019-08-06 03:59:52,571 INFO  ipc.Server (Server.java:run(1314)) - IPC Server Responder: starting
2019-08-06 03:59:52,579 INFO  hdfs.DFSUtil (DFSUtil.java:httpServerTemplateForNNAndJN(1641)) - Starting Web-server for ozoneManager at: http://0.0.0.0:0
2019-08-06 03:59:52,581 INFO  server.AuthenticationFilter (AuthenticationFilter.java:constructSecretProvider(240)) - Unable to initialize FileSignerSecretProvider, falling back to use random secrets.
2019-08-06 03:59:52,582 WARN  http.HttpRequestLog (HttpRequestLog.java:getRequestLog(97)) - Jetty request log can only be enabled using Log4j
2019-08-06 03:59:52,584 INFO  http.HttpServer2 (HttpServer2.java:addGlobalFilter(975)) - Added global filter 'safety' (class=org.apache.hadoop.http.HttpServer2$QuotingInputFilter)
2019-08-06 03:59:52,586 INFO  http.HttpServer2 (HttpServer2.java:addFilter(948)) - Added filter static_user_filter (class=org.apache.hadoop.http.lib.StaticUserWebFilter$StaticUserFilter) to context ozoneManager
2019-08-06 03:59:52,586 INFO  http.HttpServer2 (HttpServer2.java:addFilter(958)) - Added filter static_user_filter (class=org.apache.hadoop.http.lib.StaticUserWebFilter$StaticUserFilter) to context static
2019-08-06 03:59:52,586 INFO  http.HttpServer2 (HttpServer2.java:addFilter(958)) - Added filter static_user_filter (class=org.apache.hadoop.http.lib.StaticUserWebFilter$StaticUserFilter) to context logs
2019-08-06 03:59:52,588 INFO  http.HttpServer2 (HttpServer2.java:bindListener(1191)) - Jetty bound to port 40831
2019-08-06 03:59:52,589 INFO  server.Server (Server.java:doStart(351)) - jetty-9.3.24.v20180605, build timestamp: 2018-06-05T17:11:56Z, git hash: 84205aa28f11a4f31f2a3b86d1bba2cc8ab69827
2019-08-06 03:59:52,591 INFO  handler.ContextHandler (ContextHandler.java:doStart(781)) - Started o.e.j.s.ServletContextHandler@7808fb9{/logs,file:///workdir/hadoop-ozone/integration-test/target/log,AVAILABLE}
2019-08-06 03:59:52,592 INFO  handler.ContextHandler (ContextHandler.java:doStart(781)) - Started o.e.j.s.ServletContextHandler@6b580b88{/static,file:///workdir/hadoop-ozone/integration-test/target/test-classes/webapps/static,AVAILABLE}
2019-08-06 03:59:52,597 INFO  handler.ContextHandler (ContextHandler.java:doStart(781)) - Started o.e.j.w.WebAppContext@4a1c0752{/,file:///workdir/hadoop-ozone/integration-test/target/test-classes/webapps/ozoneManager/,AVAILABLE}{/ozoneManager}
2019-08-06 03:59:52,598 INFO  server.AbstractConnector (AbstractConnector.java:doStart(278)) - Started ServerConnector@332f25c8{HTTP/1.1,[http/1.1]}{0.0.0.0:40831}
2019-08-06 03:59:52,598 INFO  server.Server (Server.java:doStart(419)) - Started @3915ms
2019-08-06 03:59:52,599 INFO  server.BaseHttpServer (BaseHttpServer.java:updateConnectorAddress(207)) - HTTP server of OZONEMANAGER is listening at http://0.0.0.0:40831
2019-08-06 03:59:53,004 INFO  impl.MetricsSystemImpl (MetricsSystemImpl.java:init(158)) - HddsDatanode metrics system started (again)
2019-08-06 03:59:53,113 INFO  ozone.HddsDatanodeService (HddsDatanodeService.java:start(184)) - HddsDatanodeService host:byscane-nightly-vxsck-2133491976 ip:192.168.5.158
2019-08-06 03:59:53,147 INFO  volume.HddsVolume (HddsVolume.java:<init>(176)) - Creating Volume: /workdir/hadoop-ozone/integration-test/target/test-dir/MiniOzoneClusterImpl-3ccb74c5-f290-4a5a-9dce-3cc2bd5106e0/datanode-0/data/containers/hdds of  storage type : DISK and capacity : 52710309888
2019-08-06 03:59:53,150 INFO  volume.VolumeSet (VolumeSet.java:initializeVolumeSet(170)) - Added Volume : /workdir/hadoop-ozone/integration-test/target/test-dir/MiniOzoneClusterImpl-3ccb74c5-f290-4a5a-9dce-3cc2bd5106e0/datanode-0/data/containers/hdds to VolumeSet
2019-08-06 03:59:53,155 INFO  volume.ThrottledAsyncChecker (ThrottledAsyncChecker.java:schedule(140)) - Scheduling a check for org.apache.hadoop.ozone.container.common.volume.HddsVolume@29a69a35
2019-08-06 03:59:53,181 INFO  volume.HddsVolumeChecker (HddsVolumeChecker.java:checkAllVolumes(203)) - Scheduled health check for volume org.apache.hadoop.ozone.container.common.volume.HddsVolume@29a69a35
2019-08-06 03:59:53,305 INFO  impl.RaftServerProxy (ConfUtils.java:logGet(43)) - raft.rpc.type = GRPC (default)
2019-08-06 03:59:53,372 INFO  grpc.GrpcFactory (GrpcFactory.java:checkPooledByteBufAllocatorUseCacheForAllThreads(45)) - PERFORMANCE WARNING: useCacheForAllThreads is true that may cause Netty to create a lot garbage objects and, as a result, trigger GC.
	It is recommended to disable useCacheForAllThreads by setting -Dorg.apache.ratis.thirdparty.io.netty.allocator.useCacheForAllThreads=false in command line.
2019-08-06 03:59:53,376 INFO  grpc.GrpcConfigKeys$Server (ConfUtils.java:logGet(43)) - raft.grpc.server.port = 0 (default)
2019-08-06 03:59:53,377 INFO  server.GrpcService (ConfUtils.java:logGet(43)) - raft.grpc.message.size.max = 33570816 (custom)
2019-08-06 03:59:53,378 INFO  server.RaftServerConfigKeys (ConfUtils.java:logGet(43)) - raft.server.log.appender.buffer.byte-limit = 33554432 (custom)
2019-08-06 03:59:53,379 INFO  server.GrpcService (ConfUtils.java:logGet(43)) - raft.grpc.flow.control.window = 1MB (=1048576) (default)
2019-08-06 03:59:53,380 INFO  server.RaftServerConfigKeys (ConfUtils.java:logGet(43)) - raft.server.rpc.request.timeout = 3000ms (default)
2019-08-06 03:59:53,553 INFO  server.RaftServerConfigKeys (ConfUtils.java:logGet(43)) - raft.server.storage.dir = [/workdir/hadoop-ozone/integration-test/target/test-dir/MiniOzoneClusterImpl-3ccb74c5-f290-4a5a-9dce-3cc2bd5106e0/datanode-0/data/ratis] (custom)
2019-08-06 03:59:53,592 INFO  replication.SimpleContainerDownloader (SimpleContainerDownloader.java:<init>(72)) - Starting container downloader service to copy containers to replicate.
2019-08-06 03:59:53,607 INFO  hdfs.DFSUtil (DFSUtil.java:httpServerTemplateForNNAndJN(1641)) - Starting Web-server for hddsDatanode at: http://0.0.0.0:0
2019-08-06 03:59:53,610 INFO  server.AuthenticationFilter (AuthenticationFilter.java:constructSecretProvider(240)) - Unable to initialize FileSignerSecretProvider, falling back to use random secrets.
2019-08-06 03:59:53,612 WARN  http.HttpRequestLog (HttpRequestLog.java:getRequestLog(97)) - Jetty request log can only be enabled using Log4j
2019-08-06 03:59:53,615 INFO  http.HttpServer2 (HttpServer2.java:addGlobalFilter(975)) - Added global filter 'safety' (class=org.apache.hadoop.http.HttpServer2$QuotingInputFilter)
2019-08-06 03:59:53,617 INFO  http.HttpServer2 (HttpServer2.java:addFilter(948)) - Added filter static_user_filter (class=org.apache.hadoop.http.lib.StaticUserWebFilter$StaticUserFilter) to context hddsDatanode
2019-08-06 03:59:53,617 INFO  http.HttpServer2 (HttpServer2.java:addFilter(958)) - Added filter static_user_filter (class=org.apache.hadoop.http.lib.StaticUserWebFilter$StaticUserFilter) to context logs
2019-08-06 03:59:53,617 INFO  http.HttpServer2 (HttpServer2.java:addFilter(958)) - Added filter static_user_filter (class=org.apache.hadoop.http.lib.StaticUserWebFilter$StaticUserFilter) to context static
2019-08-06 03:59:53,620 INFO  http.HttpServer2 (HttpServer2.java:bindListener(1191)) - Jetty bound to port 32790
2019-08-06 03:59:53,620 INFO  server.Server (Server.java:doStart(351)) - jetty-9.3.24.v20180605, build timestamp: 2018-06-05T17:11:56Z, git hash: 84205aa28f11a4f31f2a3b86d1bba2cc8ab69827
2019-08-06 03:59:53,623 INFO  handler.ContextHandler (ContextHandler.java:doStart(781)) - Started o.e.j.s.ServletContextHandler@65c33b92{/logs,file:///workdir/hadoop-ozone/integration-test/target/log,AVAILABLE}
2019-08-06 03:59:53,624 INFO  handler.ContextHandler (ContextHandler.java:doStart(781)) - Started o.e.j.s.ServletContextHandler@4e08acf9{/static,jar:file:/home/user/.m2/repository/org/apache/hadoop/hadoop-hdds-container-service/0.4.1-SNAPSHOT/hadoop-hdds-container-service-0.4.1-SNAPSHOT.jar!/webapps/static,AVAILABLE}
2019-08-06 03:59:53,674 INFO  handler.ContextHandler (ContextHandler.java:doStart(781)) - Started o.e.j.w.WebAppContext@36417a54{/,file:///tmp/jetty-0.0.0.0-32790-hddsDatanode-_-any-8904378042501617389.dir/webapp/,AVAILABLE}{/hddsDatanode}
2019-08-06 03:59:53,675 INFO  server.AbstractConnector (AbstractConnector.java:doStart(278)) - Started ServerConnector@2b8bb184{HTTP/1.1,[http/1.1]}{0.0.0.0:32790}
2019-08-06 03:59:53,676 INFO  server.Server (Server.java:doStart(419)) - Started @4993ms
2019-08-06 03:59:53,678 INFO  server.BaseHttpServer (BaseHttpServer.java:updateConnectorAddress(207)) - HTTP server of HDDSDATANODE is listening at http://0.0.0.0:32790
2019-08-06 03:59:54,746 INFO  ozone.HddsDatanodeService (HddsDatanodeService.java:startPlugins(395)) - Started plug-in org.apache.hadoop.ozone.web.OzoneHddsDatanodeService@623e0631
2019-08-06 03:59:54,748 INFO  impl.MetricsSystemImpl (MetricsSystemImpl.java:init(158)) - HddsDatanode metrics system started (again)
2019-08-06 03:59:54,750 INFO  ozone.HddsDatanodeService (HddsDatanodeService.java:start(184)) - HddsDatanodeService host:byscane-nightly-vxsck-2133491976 ip:192.168.5.158
2019-08-06 03:59:54,754 INFO  util.JvmPauseMonitor (JvmPauseMonitor.java:run(188)) - Starting JVM pause monitor
2019-08-06 03:59:54,759 INFO  volume.HddsVolume (HddsVolume.java:<init>(176)) - Creating Volume: /workdir/hadoop-ozone/integration-test/target/test-dir/MiniOzoneClusterImpl-3ccb74c5-f290-4a5a-9dce-3cc2bd5106e0/datanode-1/data/containers/hdds of  storage type : DISK and capacity : 52710309888
2019-08-06 03:59:54,759 INFO  volume.VolumeSet (VolumeSet.java:initializeVolumeSet(170)) - Added Volume : /workdir/hadoop-ozone/integration-test/target/test-dir/MiniOzoneClusterImpl-3ccb74c5-f290-4a5a-9dce-3cc2bd5106e0/datanode-1/data/containers/hdds to VolumeSet
2019-08-06 03:59:54,760 INFO  volume.ThrottledAsyncChecker (ThrottledAsyncChecker.java:schedule(140)) - Scheduling a check for org.apache.hadoop.ozone.container.common.volume.HddsVolume@1b57c345
2019-08-06 03:59:54,761 INFO  volume.HddsVolumeChecker (HddsVolumeChecker.java:checkAllVolumes(203)) - Scheduled health check for volume org.apache.hadoop.ozone.container.common.volume.HddsVolume@1b57c345
2019-08-06 03:59:54,780 INFO  impl.RaftServerProxy (ConfUtils.java:logGet(43)) - raft.rpc.type = GRPC (default)
2019-08-06 03:59:54,780 INFO  grpc.GrpcFactory (GrpcFactory.java:checkPooledByteBufAllocatorUseCacheForAllThreads(45)) - PERFORMANCE WARNING: useCacheForAllThreads is true that may cause Netty to create a lot garbage objects and, as a result, trigger GC.
	It is recommended to disable useCacheForAllThreads by setting -Dorg.apache.ratis.thirdparty.io.netty.allocator.useCacheForAllThreads=false in command line.
2019-08-06 03:59:54,781 INFO  grpc.GrpcConfigKeys$Server (ConfUtils.java:logGet(43)) - raft.grpc.server.port = 0 (default)
2019-08-06 03:59:54,781 INFO  server.GrpcService (ConfUtils.java:logGet(43)) - raft.grpc.message.size.max = 33570816 (custom)
2019-08-06 03:59:54,781 INFO  server.RaftServerConfigKeys (ConfUtils.java:logGet(43)) - raft.server.log.appender.buffer.byte-limit = 33554432 (custom)
2019-08-06 03:59:54,781 INFO  server.GrpcService (ConfUtils.java:logGet(43)) - raft.grpc.flow.control.window = 1MB (=1048576) (default)
2019-08-06 03:59:54,782 INFO  server.RaftServerConfigKeys (ConfUtils.java:logGet(43)) - raft.server.rpc.request.timeout = 3000ms (default)
2019-08-06 03:59:54,782 INFO  server.RaftServerConfigKeys (ConfUtils.java:logGet(43)) - raft.server.storage.dir = [/workdir/hadoop-ozone/integration-test/target/test-dir/MiniOzoneClusterImpl-3ccb74c5-f290-4a5a-9dce-3cc2bd5106e0/datanode-1/data/ratis] (custom)
2019-08-06 03:59:54,783 INFO  replication.SimpleContainerDownloader (SimpleContainerDownloader.java:<init>(72)) - Starting container downloader service to copy containers to replicate.
2019-08-06 03:59:54,785 INFO  hdfs.DFSUtil (DFSUtil.java:httpServerTemplateForNNAndJN(1641)) - Starting Web-server for hddsDatanode at: http://0.0.0.0:0
2019-08-06 03:59:54,787 INFO  server.AuthenticationFilter (AuthenticationFilter.java:constructSecretProvider(240)) - Unable to initialize FileSignerSecretProvider, falling back to use random secrets.
2019-08-06 03:59:54,789 WARN  http.HttpRequestLog (HttpRequestLog.java:getRequestLog(97)) - Jetty request log can only be enabled using Log4j
2019-08-06 03:59:54,793 INFO  http.HttpServer2 (HttpServer2.java:addGlobalFilter(975)) - Added global filter 'safety' (class=org.apache.hadoop.http.HttpServer2$QuotingInputFilter)
2019-08-06 03:59:54,795 INFO  http.HttpServer2 (HttpServer2.java:addFilter(948)) - Added filter static_user_filter (class=org.apache.hadoop.http.lib.StaticUserWebFilter$StaticUserFilter) to context hddsDatanode
2019-08-06 03:59:54,795 INFO  http.HttpServer2 (HttpServer2.java:addFilter(958)) - Added filter static_user_filter (class=org.apache.hadoop.http.lib.StaticUserWebFilter$StaticUserFilter) to context static
2019-08-06 03:59:54,795 INFO  http.HttpServer2 (HttpServer2.java:addFilter(958)) - Added filter static_user_filter (class=org.apache.hadoop.http.lib.StaticUserWebFilter$StaticUserFilter) to context logs
2019-08-06 03:59:54,797 INFO  http.HttpServer2 (HttpServer2.java:bindListener(1191)) - Jetty bound to port 40956
2019-08-06 03:59:54,798 INFO  server.Server (Server.java:doStart(351)) - jetty-9.3.24.v20180605, build timestamp: 2018-06-05T17:11:56Z, git hash: 84205aa28f11a4f31f2a3b86d1bba2cc8ab69827
2019-08-06 03:59:54,801 INFO  handler.ContextHandler (ContextHandler.java:doStart(781)) - Started o.e.j.s.ServletContextHandler@48268eec{/logs,file:///workdir/hadoop-ozone/integration-test/target/log,AVAILABLE}
2019-08-06 03:59:54,803 INFO  handler.ContextHandler (ContextHandler.java:doStart(781)) - Started o.e.j.s.ServletContextHandler@4bf80c29{/static,jar:file:/home/user/.m2/repository/org/apache/hadoop/hadoop-hdds-container-service/0.4.1-SNAPSHOT/hadoop-hdds-container-service-0.4.1-SNAPSHOT.jar!/webapps/static,AVAILABLE}
2019-08-06 03:59:54,851 INFO  handler.ContextHandler (ContextHandler.java:doStart(781)) - Started o.e.j.w.WebAppContext@3a38f122{/,file:///tmp/jetty-0.0.0.0-40956-hddsDatanode-_-any-4792274285477506289.dir/webapp/,AVAILABLE}{/hddsDatanode}
2019-08-06 03:59:54,852 INFO  server.AbstractConnector (AbstractConnector.java:doStart(278)) - Started ServerConnector@2ce03e86{HTTP/1.1,[http/1.1]}{0.0.0.0:40956}
2019-08-06 03:59:54,853 INFO  server.Server (Server.java:doStart(419)) - Started @6170ms
2019-08-06 03:59:54,855 INFO  server.BaseHttpServer (BaseHttpServer.java:updateConnectorAddress(207)) - HTTP server of HDDSDATANODE is listening at http://0.0.0.0:40956
2019-08-06 03:59:54,884 INFO  datanode.InitDatanodeState (InitDatanodeState.java:persistContainerDatanodeDetails(140)) - DatanodeDetails is persisted to /workdir/hadoop-ozone/integration-test/target/test-dir/MiniOzoneClusterImpl-3ccb74c5-f290-4a5a-9dce-3cc2bd5106e0/datanode-0/meta/datanode.id
2019-08-06 03:59:55,001 INFO  ozone.HddsDatanodeService (HddsDatanodeService.java:startPlugins(395)) - Started plug-in org.apache.hadoop.ozone.web.OzoneHddsDatanodeService@24dd44f9
2019-08-06 03:59:55,002 INFO  impl.MetricsSystemImpl (MetricsSystemImpl.java:init(158)) - HddsDatanode metrics system started (again)
2019-08-06 03:59:55,005 INFO  ozone.HddsDatanodeService (HddsDatanodeService.java:start(184)) - HddsDatanodeService host:byscane-nightly-vxsck-2133491976 ip:192.168.5.158
2019-08-06 03:59:55,005 INFO  util.JvmPauseMonitor (JvmPauseMonitor.java:run(188)) - Starting JVM pause monitor
2019-08-06 03:59:55,014 INFO  volume.HddsVolume (HddsVolume.java:<init>(176)) - Creating Volume: /workdir/hadoop-ozone/integration-test/target/test-dir/MiniOzoneClusterImpl-3ccb74c5-f290-4a5a-9dce-3cc2bd5106e0/datanode-2/data/containers/hdds of  storage type : DISK and capacity : 52710309888
2019-08-06 03:59:55,015 INFO  volume.VolumeSet (VolumeSet.java:initializeVolumeSet(170)) - Added Volume : /workdir/hadoop-ozone/integration-test/target/test-dir/MiniOzoneClusterImpl-3ccb74c5-f290-4a5a-9dce-3cc2bd5106e0/datanode-2/data/containers/hdds to VolumeSet
2019-08-06 03:59:55,015 INFO  volume.ThrottledAsyncChecker (ThrottledAsyncChecker.java:schedule(140)) - Scheduling a check for org.apache.hadoop.ozone.container.common.volume.HddsVolume@7197b07f
2019-08-06 03:59:55,015 INFO  volume.HddsVolumeChecker (HddsVolumeChecker.java:checkAllVolumes(203)) - Scheduled health check for volume org.apache.hadoop.ozone.container.common.volume.HddsVolume@7197b07f
2019-08-06 03:59:55,016 INFO  datanode.InitDatanodeState (InitDatanodeState.java:persistContainerDatanodeDetails(140)) - DatanodeDetails is persisted to /workdir/hadoop-ozone/integration-test/target/test-dir/MiniOzoneClusterImpl-3ccb74c5-f290-4a5a-9dce-3cc2bd5106e0/datanode-1/meta/datanode.id
2019-08-06 03:59:55,029 INFO  impl.RaftServerProxy (ConfUtils.java:logGet(43)) - raft.rpc.type = GRPC (default)
2019-08-06 03:59:55,030 INFO  grpc.GrpcFactory (GrpcFactory.java:checkPooledByteBufAllocatorUseCacheForAllThreads(45)) - PERFORMANCE WARNING: useCacheForAllThreads is true that may cause Netty to create a lot garbage objects and, as a result, trigger GC.
	It is recommended to disable useCacheForAllThreads by setting -Dorg.apache.ratis.thirdparty.io.netty.allocator.useCacheForAllThreads=false in command line.
2019-08-06 03:59:55,030 INFO  grpc.GrpcConfigKeys$Server (ConfUtils.java:logGet(43)) - raft.grpc.server.port = 0 (default)
2019-08-06 03:59:55,030 INFO  server.GrpcService (ConfUtils.java:logGet(43)) - raft.grpc.message.size.max = 33570816 (custom)
2019-08-06 03:59:55,030 INFO  server.RaftServerConfigKeys (ConfUtils.java:logGet(43)) - raft.server.log.appender.buffer.byte-limit = 33554432 (custom)
2019-08-06 03:59:55,031 INFO  server.GrpcService (ConfUtils.java:logGet(43)) - raft.grpc.flow.control.window = 1MB (=1048576) (default)
2019-08-06 03:59:55,031 INFO  server.RaftServerConfigKeys (ConfUtils.java:logGet(43)) - raft.server.rpc.request.timeout = 3000ms (default)
2019-08-06 03:59:55,032 INFO  server.RaftServerConfigKeys (ConfUtils.java:logGet(43)) - raft.server.storage.dir = [/workdir/hadoop-ozone/integration-test/target/test-dir/MiniOzoneClusterImpl-3ccb74c5-f290-4a5a-9dce-3cc2bd5106e0/datanode-2/data/ratis] (custom)
2019-08-06 03:59:55,032 INFO  replication.SimpleContainerDownloader (SimpleContainerDownloader.java:<init>(72)) - Starting container downloader service to copy containers to replicate.
2019-08-06 03:59:55,034 INFO  hdfs.DFSUtil (DFSUtil.java:httpServerTemplateForNNAndJN(1641)) - Starting Web-server for hddsDatanode at: http://0.0.0.0:0
2019-08-06 03:59:55,035 INFO  server.AuthenticationFilter (AuthenticationFilter.java:constructSecretProvider(240)) - Unable to initialize FileSignerSecretProvider, falling back to use random secrets.
2019-08-06 03:59:55,036 WARN  http.HttpRequestLog (HttpRequestLog.java:getRequestLog(97)) - Jetty request log can only be enabled using Log4j
2019-08-06 03:59:55,038 INFO  http.HttpServer2 (HttpServer2.java:addGlobalFilter(975)) - Added global filter 'safety' (class=org.apache.hadoop.http.HttpServer2$QuotingInputFilter)
2019-08-06 03:59:55,039 INFO  http.HttpServer2 (HttpServer2.java:addFilter(948)) - Added filter static_user_filter (class=org.apache.hadoop.http.lib.StaticUserWebFilter$StaticUserFilter) to context hddsDatanode
2019-08-06 03:59:55,039 INFO  http.HttpServer2 (HttpServer2.java:addFilter(958)) - Added filter static_user_filter (class=org.apache.hadoop.http.lib.StaticUserWebFilter$StaticUserFilter) to context logs
2019-08-06 03:59:55,039 INFO  http.HttpServer2 (HttpServer2.java:addFilter(958)) - Added filter static_user_filter (class=org.apache.hadoop.http.lib.StaticUserWebFilter$StaticUserFilter) to context static
2019-08-06 03:59:55,040 INFO  http.HttpServer2 (HttpServer2.java:bindListener(1191)) - Jetty bound to port 36172
2019-08-06 03:59:55,040 INFO  server.Server (Server.java:doStart(351)) - jetty-9.3.24.v20180605, build timestamp: 2018-06-05T17:11:56Z, git hash: 84205aa28f11a4f31f2a3b86d1bba2cc8ab69827
2019-08-06 03:59:55,045 INFO  handler.ContextHandler (ContextHandler.java:doStart(781)) - Started o.e.j.s.ServletContextHandler@3e26482{/logs,file:///workdir/hadoop-ozone/integration-test/target/log,AVAILABLE}
2019-08-06 03:59:55,045 INFO  handler.ContextHandler (ContextHandler.java:doStart(781)) - Started o.e.j.s.ServletContextHandler@6b37df8e{/static,jar:file:/home/user/.m2/repository/org/apache/hadoop/hadoop-hdds-container-service/0.4.1-SNAPSHOT/hadoop-hdds-container-service-0.4.1-SNAPSHOT.jar!/webapps/static,AVAILABLE}
2019-08-06 03:59:55,082 INFO  handler.ContextHandler (ContextHandler.java:doStart(781)) - Started o.e.j.w.WebAppContext@6e8fdd19{/,file:///tmp/jetty-0.0.0.0-36172-hddsDatanode-_-any-2691770984011385999.dir/webapp/,AVAILABLE}{/hddsDatanode}
2019-08-06 03:59:55,083 INFO  server.AbstractConnector (AbstractConnector.java:doStart(278)) - Started ServerConnector@35787726{HTTP/1.1,[http/1.1]}{0.0.0.0:36172}
2019-08-06 03:59:55,083 INFO  server.Server (Server.java:doStart(419)) - Started @6400ms
2019-08-06 03:59:55,085 INFO  server.BaseHttpServer (BaseHttpServer.java:updateConnectorAddress(207)) - HTTP server of HDDSDATANODE is listening at http://0.0.0.0:36172
2019-08-06 03:59:55,251 INFO  ozone.HddsDatanodeService (HddsDatanodeService.java:startPlugins(395)) - Started plug-in org.apache.hadoop.ozone.web.OzoneHddsDatanodeService@209f3887
2019-08-06 03:59:55,252 INFO  impl.MetricsSystemImpl (MetricsSystemImpl.java:init(158)) - HddsDatanode metrics system started (again)
2019-08-06 03:59:55,255 INFO  ozone.HddsDatanodeService (HddsDatanodeService.java:start(184)) - HddsDatanodeService host:byscane-nightly-vxsck-2133491976 ip:192.168.5.158
2019-08-06 03:59:55,256 INFO  util.JvmPauseMonitor (JvmPauseMonitor.java:run(188)) - Starting JVM pause monitor
2019-08-06 03:59:55,259 INFO  datanode.InitDatanodeState (InitDatanodeState.java:persistContainerDatanodeDetails(140)) - DatanodeDetails is persisted to /workdir/hadoop-ozone/integration-test/target/test-dir/MiniOzoneClusterImpl-3ccb74c5-f290-4a5a-9dce-3cc2bd5106e0/datanode-2/meta/datanode.id
2019-08-06 03:59:55,264 INFO  volume.HddsVolume (HddsVolume.java:<init>(176)) - Creating Volume: /workdir/hadoop-ozone/integration-test/target/test-dir/MiniOzoneClusterImpl-3ccb74c5-f290-4a5a-9dce-3cc2bd5106e0/datanode-3/data/containers/hdds of  storage type : DISK and capacity : 52710309888
2019-08-06 03:59:55,265 INFO  volume.VolumeSet (VolumeSet.java:initializeVolumeSet(170)) - Added Volume : /workdir/hadoop-ozone/integration-test/target/test-dir/MiniOzoneClusterImpl-3ccb74c5-f290-4a5a-9dce-3cc2bd5106e0/datanode-3/data/containers/hdds to VolumeSet
2019-08-06 03:59:55,265 INFO  volume.ThrottledAsyncChecker (ThrottledAsyncChecker.java:schedule(140)) - Scheduling a check for org.apache.hadoop.ozone.container.common.volume.HddsVolume@58687fb7
2019-08-06 03:59:55,265 INFO  volume.HddsVolumeChecker (HddsVolumeChecker.java:checkAllVolumes(203)) - Scheduled health check for volume org.apache.hadoop.ozone.container.common.volume.HddsVolume@58687fb7
2019-08-06 03:59:55,280 INFO  impl.RaftServerProxy (ConfUtils.java:logGet(43)) - raft.rpc.type = GRPC (default)
2019-08-06 03:59:55,280 INFO  grpc.GrpcFactory (GrpcFactory.java:checkPooledByteBufAllocatorUseCacheForAllThreads(45)) - PERFORMANCE WARNING: useCacheForAllThreads is true that may cause Netty to create a lot garbage objects and, as a result, trigger GC.
	It is recommended to disable useCacheForAllThreads by setting -Dorg.apache.ratis.thirdparty.io.netty.allocator.useCacheForAllThreads=false in command line.
2019-08-06 03:59:55,281 INFO  grpc.GrpcConfigKeys$Server (ConfUtils.java:logGet(43)) - raft.grpc.server.port = 0 (default)
2019-08-06 03:59:55,281 INFO  server.GrpcService (ConfUtils.java:logGet(43)) - raft.grpc.message.size.max = 33570816 (custom)
2019-08-06 03:59:55,281 INFO  server.RaftServerConfigKeys (ConfUtils.java:logGet(43)) - raft.server.log.appender.buffer.byte-limit = 33554432 (custom)
2019-08-06 03:59:55,281 INFO  server.GrpcService (ConfUtils.java:logGet(43)) - raft.grpc.flow.control.window = 1MB (=1048576) (default)
2019-08-06 03:59:55,282 INFO  server.RaftServerConfigKeys (ConfUtils.java:logGet(43)) - raft.server.rpc.request.timeout = 3000ms (default)
2019-08-06 03:59:55,282 INFO  server.RaftServerConfigKeys (ConfUtils.java:logGet(43)) - raft.server.storage.dir = [/workdir/hadoop-ozone/integration-test/target/test-dir/MiniOzoneClusterImpl-3ccb74c5-f290-4a5a-9dce-3cc2bd5106e0/datanode-3/data/ratis] (custom)
2019-08-06 03:59:55,283 INFO  replication.SimpleContainerDownloader (SimpleContainerDownloader.java:<init>(72)) - Starting container downloader service to copy containers to replicate.
2019-08-06 03:59:55,284 INFO  hdfs.DFSUtil (DFSUtil.java:httpServerTemplateForNNAndJN(1641)) - Starting Web-server for hddsDatanode at: http://0.0.0.0:0
2019-08-06 03:59:55,285 INFO  server.AuthenticationFilter (AuthenticationFilter.java:constructSecretProvider(240)) - Unable to initialize FileSignerSecretProvider, falling back to use random secrets.
2019-08-06 03:59:55,285 WARN  http.HttpRequestLog (HttpRequestLog.java:getRequestLog(97)) - Jetty request log can only be enabled using Log4j
2019-08-06 03:59:55,287 INFO  http.HttpServer2 (HttpServer2.java:addGlobalFilter(975)) - Added global filter 'safety' (class=org.apache.hadoop.http.HttpServer2$QuotingInputFilter)
2019-08-06 03:59:55,288 INFO  http.HttpServer2 (HttpServer2.java:addFilter(948)) - Added filter static_user_filter (class=org.apache.hadoop.http.lib.StaticUserWebFilter$StaticUserFilter) to context hddsDatanode
2019-08-06 03:59:55,288 INFO  http.HttpServer2 (HttpServer2.java:addFilter(958)) - Added filter static_user_filter (class=org.apache.hadoop.http.lib.StaticUserWebFilter$StaticUserFilter) to context static
2019-08-06 03:59:55,288 INFO  http.HttpServer2 (HttpServer2.java:addFilter(958)) - Added filter static_user_filter (class=org.apache.hadoop.http.lib.StaticUserWebFilter$StaticUserFilter) to context logs
2019-08-06 03:59:55,289 INFO  http.HttpServer2 (HttpServer2.java:bindListener(1191)) - Jetty bound to port 37118
2019-08-06 03:59:55,289 INFO  server.Server (Server.java:doStart(351)) - jetty-9.3.24.v20180605, build timestamp: 2018-06-05T17:11:56Z, git hash: 84205aa28f11a4f31f2a3b86d1bba2cc8ab69827
2019-08-06 03:59:55,291 INFO  handler.ContextHandler (ContextHandler.java:doStart(781)) - Started o.e.j.s.ServletContextHandler@14b275bd{/logs,file:///workdir/hadoop-ozone/integration-test/target/log,AVAILABLE}
2019-08-06 03:59:55,292 INFO  handler.ContextHandler (ContextHandler.java:doStart(781)) - Started o.e.j.s.ServletContextHandler@4b03cbad{/static,jar:file:/home/user/.m2/repository/org/apache/hadoop/hadoop-hdds-container-service/0.4.1-SNAPSHOT/hadoop-hdds-container-service-0.4.1-SNAPSHOT.jar!/webapps/static,AVAILABLE}
2019-08-06 03:59:55,321 INFO  handler.ContextHandler (ContextHandler.java:doStart(781)) - Started o.e.j.w.WebAppContext@6b162ecc{/,file:///tmp/jetty-0.0.0.0-37118-hddsDatanode-_-any-2775052098904504708.dir/webapp/,AVAILABLE}{/hddsDatanode}
2019-08-06 03:59:55,321 INFO  server.AbstractConnector (AbstractConnector.java:doStart(278)) - Started ServerConnector@3b4086c1{HTTP/1.1,[http/1.1]}{0.0.0.0:37118}
2019-08-06 03:59:55,322 INFO  server.Server (Server.java:doStart(419)) - Started @6639ms
2019-08-06 03:59:55,323 INFO  server.BaseHttpServer (BaseHttpServer.java:updateConnectorAddress(207)) - HTTP server of HDDSDATANODE is listening at http://0.0.0.0:37118
2019-08-06 03:59:55,481 INFO  ozone.HddsDatanodeService (HddsDatanodeService.java:startPlugins(395)) - Started plug-in org.apache.hadoop.ozone.web.OzoneHddsDatanodeService@34c7232c
2019-08-06 03:59:55,482 INFO  impl.MetricsSystemImpl (MetricsSystemImpl.java:init(158)) - HddsDatanode metrics system started (again)
2019-08-06 03:59:55,487 INFO  ozone.HddsDatanodeService (HddsDatanodeService.java:start(184)) - HddsDatanodeService host:byscane-nightly-vxsck-2133491976 ip:192.168.5.158
2019-08-06 03:59:55,487 INFO  util.JvmPauseMonitor (JvmPauseMonitor.java:run(188)) - Starting JVM pause monitor
2019-08-06 03:59:55,490 INFO  datanode.InitDatanodeState (InitDatanodeState.java:persistContainerDatanodeDetails(140)) - DatanodeDetails is persisted to /workdir/hadoop-ozone/integration-test/target/test-dir/MiniOzoneClusterImpl-3ccb74c5-f290-4a5a-9dce-3cc2bd5106e0/datanode-3/meta/datanode.id
2019-08-06 03:59:55,497 INFO  volume.HddsVolume (HddsVolume.java:<init>(176)) - Creating Volume: /workdir/hadoop-ozone/integration-test/target/test-dir/MiniOzoneClusterImpl-3ccb74c5-f290-4a5a-9dce-3cc2bd5106e0/datanode-4/data/containers/hdds of  storage type : DISK and capacity : 52710309888
2019-08-06 03:59:55,497 INFO  volume.VolumeSet (VolumeSet.java:initializeVolumeSet(170)) - Added Volume : /workdir/hadoop-ozone/integration-test/target/test-dir/MiniOzoneClusterImpl-3ccb74c5-f290-4a5a-9dce-3cc2bd5106e0/datanode-4/data/containers/hdds to VolumeSet
2019-08-06 03:59:55,497 INFO  volume.ThrottledAsyncChecker (ThrottledAsyncChecker.java:schedule(140)) - Scheduling a check for org.apache.hadoop.ozone.container.common.volume.HddsVolume@27a9f025
2019-08-06 03:59:55,498 INFO  volume.HddsVolumeChecker (HddsVolumeChecker.java:checkAllVolumes(203)) - Scheduled health check for volume org.apache.hadoop.ozone.container.common.volume.HddsVolume@27a9f025
2019-08-06 03:59:55,516 INFO  impl.RaftServerProxy (ConfUtils.java:logGet(43)) - raft.rpc.type = GRPC (default)
2019-08-06 03:59:55,516 INFO  grpc.GrpcFactory (GrpcFactory.java:checkPooledByteBufAllocatorUseCacheForAllThreads(45)) - PERFORMANCE WARNING: useCacheForAllThreads is true that may cause Netty to create a lot garbage objects and, as a result, trigger GC.
	It is recommended to disable useCacheForAllThreads by setting -Dorg.apache.ratis.thirdparty.io.netty.allocator.useCacheForAllThreads=false in command line.
2019-08-06 03:59:55,516 INFO  grpc.GrpcConfigKeys$Server (ConfUtils.java:logGet(43)) - raft.grpc.server.port = 0 (default)
2019-08-06 03:59:55,517 INFO  server.GrpcService (ConfUtils.java:logGet(43)) - raft.grpc.message.size.max = 33570816 (custom)
2019-08-06 03:59:55,517 INFO  server.RaftServerConfigKeys (ConfUtils.java:logGet(43)) - raft.server.log.appender.buffer.byte-limit = 33554432 (custom)
2019-08-06 03:59:55,517 INFO  server.GrpcService (ConfUtils.java:logGet(43)) - raft.grpc.flow.control.window = 1MB (=1048576) (default)
2019-08-06 03:59:55,517 INFO  server.RaftServerConfigKeys (ConfUtils.java:logGet(43)) - raft.server.rpc.request.timeout = 3000ms (default)
2019-08-06 03:59:55,518 INFO  server.RaftServerConfigKeys (ConfUtils.java:logGet(43)) - raft.server.storage.dir = [/workdir/hadoop-ozone/integration-test/target/test-dir/MiniOzoneClusterImpl-3ccb74c5-f290-4a5a-9dce-3cc2bd5106e0/datanode-4/data/ratis] (custom)
2019-08-06 03:59:55,519 INFO  replication.SimpleContainerDownloader (SimpleContainerDownloader.java:<init>(72)) - Starting container downloader service to copy containers to replicate.
2019-08-06 03:59:55,520 INFO  hdfs.DFSUtil (DFSUtil.java:httpServerTemplateForNNAndJN(1641)) - Starting Web-server for hddsDatanode at: http://0.0.0.0:0
2019-08-06 03:59:55,522 INFO  server.AuthenticationFilter (AuthenticationFilter.java:constructSecretProvider(240)) - Unable to initialize FileSignerSecretProvider, falling back to use random secrets.
2019-08-06 03:59:55,523 WARN  http.HttpRequestLog (HttpRequestLog.java:getRequestLog(97)) - Jetty request log can only be enabled using Log4j
2019-08-06 03:59:55,525 INFO  http.HttpServer2 (HttpServer2.java:addGlobalFilter(975)) - Added global filter 'safety' (class=org.apache.hadoop.http.HttpServer2$QuotingInputFilter)
2019-08-06 03:59:55,526 INFO  http.HttpServer2 (HttpServer2.java:addFilter(948)) - Added filter static_user_filter (class=org.apache.hadoop.http.lib.StaticUserWebFilter$StaticUserFilter) to context hddsDatanode
2019-08-06 03:59:55,527 INFO  http.HttpServer2 (HttpServer2.java:addFilter(958)) - Added filter static_user_filter (class=org.apache.hadoop.http.lib.StaticUserWebFilter$StaticUserFilter) to context logs
2019-08-06 03:59:55,527 INFO  http.HttpServer2 (HttpServer2.java:addFilter(958)) - Added filter static_user_filter (class=org.apache.hadoop.http.lib.StaticUserWebFilter$StaticUserFilter) to context static
2019-08-06 03:59:55,528 INFO  http.HttpServer2 (HttpServer2.java:bindListener(1191)) - Jetty bound to port 46036
2019-08-06 03:59:55,529 INFO  server.Server (Server.java:doStart(351)) - jetty-9.3.24.v20180605, build timestamp: 2018-06-05T17:11:56Z, git hash: 84205aa28f11a4f31f2a3b86d1bba2cc8ab69827
2019-08-06 03:59:55,537 INFO  handler.ContextHandler (ContextHandler.java:doStart(781)) - Started o.e.j.s.ServletContextHandler@48d739f{/logs,file:///workdir/hadoop-ozone/integration-test/target/log,AVAILABLE}
2019-08-06 03:59:55,538 INFO  handler.ContextHandler (ContextHandler.java:doStart(781)) - Started o.e.j.s.ServletContextHandler@65cc5252{/static,jar:file:/home/user/.m2/repository/org/apache/hadoop/hadoop-hdds-container-service/0.4.1-SNAPSHOT/hadoop-hdds-container-service-0.4.1-SNAPSHOT.jar!/webapps/static,AVAILABLE}
2019-08-06 03:59:55,568 INFO  handler.ContextHandler (ContextHandler.java:doStart(781)) - Started o.e.j.w.WebAppContext@53d6e959{/,file:///tmp/jetty-0.0.0.0-46036-hddsDatanode-_-any-2420565441741008086.dir/webapp/,AVAILABLE}{/hddsDatanode}
2019-08-06 03:59:55,569 INFO  server.AbstractConnector (AbstractConnector.java:doStart(278)) - Started ServerConnector@3caee3a8{HTTP/1.1,[http/1.1]}{0.0.0.0:46036}
2019-08-06 03:59:55,570 INFO  server.Server (Server.java:doStart(419)) - Started @6887ms
2019-08-06 03:59:55,571 INFO  server.BaseHttpServer (BaseHttpServer.java:updateConnectorAddress(207)) - HTTP server of HDDSDATANODE is listening at http://0.0.0.0:46036
2019-08-06 03:59:55,705 INFO  ozone.HddsDatanodeService (HddsDatanodeService.java:startPlugins(395)) - Started plug-in org.apache.hadoop.ozone.web.OzoneHddsDatanodeService@454bcbbf
2019-08-06 03:59:55,705 INFO  impl.MetricsSystemImpl (MetricsSystemImpl.java:init(158)) - HddsDatanode metrics system started (again)
2019-08-06 03:59:55,710 INFO  ozone.HddsDatanodeService (HddsDatanodeService.java:start(184)) - HddsDatanodeService host:byscane-nightly-vxsck-2133491976 ip:192.168.5.158
2019-08-06 03:59:55,710 INFO  util.JvmPauseMonitor (JvmPauseMonitor.java:run(188)) - Starting JVM pause monitor
2019-08-06 03:59:55,713 INFO  datanode.InitDatanodeState (InitDatanodeState.java:persistContainerDatanodeDetails(140)) - DatanodeDetails is persisted to /workdir/hadoop-ozone/integration-test/target/test-dir/MiniOzoneClusterImpl-3ccb74c5-f290-4a5a-9dce-3cc2bd5106e0/datanode-4/meta/datanode.id
2019-08-06 03:59:55,718 INFO  volume.HddsVolume (HddsVolume.java:<init>(176)) - Creating Volume: /workdir/hadoop-ozone/integration-test/target/test-dir/MiniOzoneClusterImpl-3ccb74c5-f290-4a5a-9dce-3cc2bd5106e0/datanode-5/data/containers/hdds of  storage type : DISK and capacity : 52710309888
2019-08-06 03:59:55,719 INFO  volume.VolumeSet (VolumeSet.java:initializeVolumeSet(170)) - Added Volume : /workdir/hadoop-ozone/integration-test/target/test-dir/MiniOzoneClusterImpl-3ccb74c5-f290-4a5a-9dce-3cc2bd5106e0/datanode-5/data/containers/hdds to VolumeSet
2019-08-06 03:59:55,719 INFO  volume.ThrottledAsyncChecker (ThrottledAsyncChecker.java:schedule(140)) - Scheduling a check for org.apache.hadoop.ozone.container.common.volume.HddsVolume@115c946b
2019-08-06 03:59:55,720 INFO  volume.HddsVolumeChecker (HddsVolumeChecker.java:checkAllVolumes(203)) - Scheduled health check for volume org.apache.hadoop.ozone.container.common.volume.HddsVolume@115c946b
2019-08-06 03:59:55,733 INFO  impl.RaftServerProxy (ConfUtils.java:logGet(43)) - raft.rpc.type = GRPC (default)
2019-08-06 03:59:55,734 INFO  grpc.GrpcFactory (GrpcFactory.java:checkPooledByteBufAllocatorUseCacheForAllThreads(45)) - PERFORMANCE WARNING: useCacheForAllThreads is true that may cause Netty to create a lot garbage objects and, as a result, trigger GC.
	It is recommended to disable useCacheForAllThreads by setting -Dorg.apache.ratis.thirdparty.io.netty.allocator.useCacheForAllThreads=false in command line.
2019-08-06 03:59:55,734 INFO  grpc.GrpcConfigKeys$Server (ConfUtils.java:logGet(43)) - raft.grpc.server.port = 0 (default)
2019-08-06 03:59:55,734 INFO  server.GrpcService (ConfUtils.java:logGet(43)) - raft.grpc.message.size.max = 33570816 (custom)
2019-08-06 03:59:55,735 INFO  server.RaftServerConfigKeys (ConfUtils.java:logGet(43)) - raft.server.log.appender.buffer.byte-limit = 33554432 (custom)
2019-08-06 03:59:55,735 INFO  server.GrpcService (ConfUtils.java:logGet(43)) - raft.grpc.flow.control.window = 1MB (=1048576) (default)
2019-08-06 03:59:55,735 INFO  server.RaftServerConfigKeys (ConfUtils.java:logGet(43)) - raft.server.rpc.request.timeout = 3000ms (default)
2019-08-06 03:59:55,736 INFO  server.RaftServerConfigKeys (ConfUtils.java:logGet(43)) - raft.server.storage.dir = [/workdir/hadoop-ozone/integration-test/target/test-dir/MiniOzoneClusterImpl-3ccb74c5-f290-4a5a-9dce-3cc2bd5106e0/datanode-5/data/ratis] (custom)
2019-08-06 03:59:55,736 INFO  replication.SimpleContainerDownloader (SimpleContainerDownloader.java:<init>(72)) - Starting container downloader service to copy containers to replicate.
2019-08-06 03:59:55,737 INFO  hdfs.DFSUtil (DFSUtil.java:httpServerTemplateForNNAndJN(1641)) - Starting Web-server for hddsDatanode at: http://0.0.0.0:0
2019-08-06 03:59:55,739 INFO  server.AuthenticationFilter (AuthenticationFilter.java:constructSecretProvider(240)) - Unable to initialize FileSignerSecretProvider, falling back to use random secrets.
2019-08-06 03:59:55,739 WARN  http.HttpRequestLog (HttpRequestLog.java:getRequestLog(97)) - Jetty request log can only be enabled using Log4j
2019-08-06 03:59:55,740 INFO  http.HttpServer2 (HttpServer2.java:addGlobalFilter(975)) - Added global filter 'safety' (class=org.apache.hadoop.http.HttpServer2$QuotingInputFilter)
2019-08-06 03:59:55,741 INFO  http.HttpServer2 (HttpServer2.java:addFilter(948)) - Added filter static_user_filter (class=org.apache.hadoop.http.lib.StaticUserWebFilter$StaticUserFilter) to context hddsDatanode
2019-08-06 03:59:55,741 INFO  http.HttpServer2 (HttpServer2.java:addFilter(958)) - Added filter static_user_filter (class=org.apache.hadoop.http.lib.StaticUserWebFilter$StaticUserFilter) to context static
2019-08-06 03:59:55,741 INFO  http.HttpServer2 (HttpServer2.java:addFilter(958)) - Added filter static_user_filter (class=org.apache.hadoop.http.lib.StaticUserWebFilter$StaticUserFilter) to context logs
2019-08-06 03:59:55,742 INFO  http.HttpServer2 (HttpServer2.java:bindListener(1191)) - Jetty bound to port 38750
2019-08-06 03:59:55,742 INFO  server.Server (Server.java:doStart(351)) - jetty-9.3.24.v20180605, build timestamp: 2018-06-05T17:11:56Z, git hash: 84205aa28f11a4f31f2a3b86d1bba2cc8ab69827
2019-08-06 03:59:55,744 INFO  handler.ContextHandler (ContextHandler.java:doStart(781)) - Started o.e.j.s.ServletContextHandler@36d582cb{/logs,file:///workdir/hadoop-ozone/integration-test/target/log,AVAILABLE}
2019-08-06 03:59:55,745 INFO  handler.ContextHandler (ContextHandler.java:doStart(781)) - Started o.e.j.s.ServletContextHandler@24d8f87a{/static,jar:file:/home/user/.m2/repository/org/apache/hadoop/hadoop-hdds-container-service/0.4.1-SNAPSHOT/hadoop-hdds-container-service-0.4.1-SNAPSHOT.jar!/webapps/static,AVAILABLE}
2019-08-06 03:59:55,775 INFO  handler.ContextHandler (ContextHandler.java:doStart(781)) - Started o.e.j.w.WebAppContext@4f3c7808{/,file:///tmp/jetty-0.0.0.0-38750-hddsDatanode-_-any-661093306618951727.dir/webapp/,AVAILABLE}{/hddsDatanode}
2019-08-06 03:59:55,775 INFO  server.AbstractConnector (AbstractConnector.java:doStart(278)) - Started ServerConnector@4b4969ea{HTTP/1.1,[http/1.1]}{0.0.0.0:38750}
2019-08-06 03:59:55,776 INFO  server.Server (Server.java:doStart(419)) - Started @7093ms
2019-08-06 03:59:55,777 INFO  server.BaseHttpServer (BaseHttpServer.java:updateConnectorAddress(207)) - HTTP server of HDDSDATANODE is listening at http://0.0.0.0:38750
2019-08-06 03:59:55,975 INFO  ozone.HddsDatanodeService (HddsDatanodeService.java:startPlugins(395)) - Started plug-in org.apache.hadoop.ozone.web.OzoneHddsDatanodeService@230232b0
2019-08-06 03:59:55,996 INFO  ozone.MiniOzoneClusterImpl (MiniOzoneClusterImpl.java:lambda$waitForClusterToBeReady$0(142)) - Waiting for cluster to be ready. Got 0 of 6 DN Heartbeats.
2019-08-06 03:59:55,997 INFO  util.JvmPauseMonitor (JvmPauseMonitor.java:run(188)) - Starting JVM pause monitor
2019-08-06 03:59:55,999 INFO  datanode.InitDatanodeState (InitDatanodeState.java:persistContainerDatanodeDetails(140)) - DatanodeDetails is persisted to /workdir/hadoop-ozone/integration-test/target/test-dir/MiniOzoneClusterImpl-3ccb74c5-f290-4a5a-9dce-3cc2bd5106e0/datanode-5/meta/datanode.id
2019-08-06 03:59:56,807 INFO  ozoneimpl.OzoneContainer (OzoneContainer.java:start(186)) - Attempting to start container services.
2019-08-06 03:59:56,809 INFO  ozoneimpl.OzoneContainer (OzoneContainer.java:startContainerScrub(160)) - Background container scrubber has been disabled by hdds.containerscrub.enabled
2019-08-06 03:59:56,810 INFO  ratis.XceiverServerRatis (XceiverServerRatis.java:start(404)) - Starting XceiverServerRatis de835e49-1c7e-4340-a18a-ead43fc03d6b at port 0
2019-08-06 03:59:56,835 INFO  impl.RaftServerProxy (RaftServerProxy.java:lambda$start$3(299)) - de835e49-1c7e-4340-a18a-ead43fc03d6b: start RPC server
2019-08-06 03:59:56,967 INFO  server.GrpcService (GrpcService.java:startImpl(149)) - de835e49-1c7e-4340-a18a-ead43fc03d6b: GrpcService started, listening on 0.0.0.0/0.0.0.0:36972
2019-08-06 03:59:56,969 INFO  ratis.XceiverServerRatis (XceiverServerRatis.java:start(414)) - XceiverServerRatis de835e49-1c7e-4340-a18a-ead43fc03d6b is started using port 36972
2019-08-06 03:59:56,971 INFO  server.XceiverServerGrpc (XceiverServerGrpc.java:start(161)) - XceiverServerGrpc de835e49-1c7e-4340-a18a-ead43fc03d6b is started using port 33468
2019-08-06 03:59:56,997 INFO  ozone.MiniOzoneClusterImpl (MiniOzoneClusterImpl.java:lambda$waitForClusterToBeReady$0(142)) - Waiting for cluster to be ready. Got 0 of 6 DN Heartbeats.
2019-08-06 03:59:57,014 INFO  ozoneimpl.OzoneContainer (OzoneContainer.java:start(186)) - Attempting to start container services.
2019-08-06 03:59:57,017 INFO  ozoneimpl.OzoneContainer (OzoneContainer.java:startContainerScrub(160)) - Background container scrubber has been disabled by hdds.containerscrub.enabled
2019-08-06 03:59:57,017 INFO  ratis.XceiverServerRatis (XceiverServerRatis.java:start(404)) - Starting XceiverServerRatis cc72ac89-3777-4424-826d-49e0d8cad7e1 at port 0
2019-08-06 03:59:57,027 INFO  impl.RaftServerProxy (RaftServerProxy.java:lambda$start$3(299)) - cc72ac89-3777-4424-826d-49e0d8cad7e1: start RPC server
2019-08-06 03:59:57,031 INFO  server.GrpcService (GrpcService.java:startImpl(149)) - cc72ac89-3777-4424-826d-49e0d8cad7e1: GrpcService started, listening on 0.0.0.0/0.0.0.0:38241
2019-08-06 03:59:57,031 INFO  ratis.XceiverServerRatis (XceiverServerRatis.java:start(414)) - XceiverServerRatis cc72ac89-3777-4424-826d-49e0d8cad7e1 is started using port 38241
2019-08-06 03:59:57,034 INFO  server.XceiverServerGrpc (XceiverServerGrpc.java:start(161)) - XceiverServerGrpc cc72ac89-3777-4424-826d-49e0d8cad7e1 is started using port 43367
2019-08-06 03:59:57,264 INFO  ozoneimpl.OzoneContainer (OzoneContainer.java:start(186)) - Attempting to start container services.
2019-08-06 03:59:57,266 INFO  ozoneimpl.OzoneContainer (OzoneContainer.java:startContainerScrub(160)) - Background container scrubber has been disabled by hdds.containerscrub.enabled
2019-08-06 03:59:57,266 INFO  ratis.XceiverServerRatis (XceiverServerRatis.java:start(404)) - Starting XceiverServerRatis a4a8aa91-b5ac-48d1-b631-c0458072a4d4 at port 0
2019-08-06 03:59:57,275 INFO  impl.RaftServerProxy (RaftServerProxy.java:lambda$start$3(299)) - a4a8aa91-b5ac-48d1-b631-c0458072a4d4: start RPC server
2019-08-06 03:59:57,278 INFO  server.GrpcService (GrpcService.java:startImpl(149)) - a4a8aa91-b5ac-48d1-b631-c0458072a4d4: GrpcService started, listening on 0.0.0.0/0.0.0.0:33571
2019-08-06 03:59:57,278 INFO  ratis.XceiverServerRatis (XceiverServerRatis.java:start(414)) - XceiverServerRatis a4a8aa91-b5ac-48d1-b631-c0458072a4d4 is started using port 33571
2019-08-06 03:59:57,281 INFO  server.XceiverServerGrpc (XceiverServerGrpc.java:start(161)) - XceiverServerGrpc a4a8aa91-b5ac-48d1-b631-c0458072a4d4 is started using port 44854
2019-08-06 03:59:57,497 INFO  ozoneimpl.OzoneContainer (OzoneContainer.java:start(186)) - Attempting to start container services.
2019-08-06 03:59:57,499 INFO  ozoneimpl.OzoneContainer (OzoneContainer.java:startContainerScrub(160)) - Background container scrubber has been disabled by hdds.containerscrub.enabled
2019-08-06 03:59:57,500 INFO  ratis.XceiverServerRatis (XceiverServerRatis.java:start(404)) - Starting XceiverServerRatis 73cd4a4e-42c3-40e8-842b-0ce3707a011f at port 0
2019-08-06 03:59:57,508 INFO  impl.RaftServerProxy (RaftServerProxy.java:lambda$start$3(299)) - 73cd4a4e-42c3-40e8-842b-0ce3707a011f: start RPC server
2019-08-06 03:59:57,512 INFO  server.GrpcService (GrpcService.java:startImpl(149)) - 73cd4a4e-42c3-40e8-842b-0ce3707a011f: GrpcService started, listening on 0.0.0.0/0.0.0.0:33326
2019-08-06 03:59:57,512 INFO  ratis.XceiverServerRatis (XceiverServerRatis.java:start(414)) - XceiverServerRatis 73cd4a4e-42c3-40e8-842b-0ce3707a011f is started using port 33326
2019-08-06 03:59:57,515 INFO  server.XceiverServerGrpc (XceiverServerGrpc.java:start(161)) - XceiverServerGrpc 73cd4a4e-42c3-40e8-842b-0ce3707a011f is started using port 37431
2019-08-06 03:59:57,720 INFO  ozoneimpl.OzoneContainer (OzoneContainer.java:start(186)) - Attempting to start container services.
2019-08-06 03:59:57,726 INFO  ozoneimpl.OzoneContainer (OzoneContainer.java:startContainerScrub(160)) - Background container scrubber has been disabled by hdds.containerscrub.enabled
2019-08-06 03:59:57,726 INFO  ratis.XceiverServerRatis (XceiverServerRatis.java:start(404)) - Starting XceiverServerRatis 90fd38de-1e9c-4165-9fac-00006e188e54 at port 0
2019-08-06 03:59:57,733 INFO  impl.RaftServerProxy (RaftServerProxy.java:lambda$start$3(299)) - 90fd38de-1e9c-4165-9fac-00006e188e54: start RPC server
2019-08-06 03:59:57,737 INFO  server.GrpcService (GrpcService.java:startImpl(149)) - 90fd38de-1e9c-4165-9fac-00006e188e54: GrpcService started, listening on 0.0.0.0/0.0.0.0:35030
2019-08-06 03:59:57,737 INFO  ratis.XceiverServerRatis (XceiverServerRatis.java:start(414)) - XceiverServerRatis 90fd38de-1e9c-4165-9fac-00006e188e54 is started using port 35030
2019-08-06 03:59:57,740 INFO  server.XceiverServerGrpc (XceiverServerGrpc.java:start(161)) - XceiverServerGrpc 90fd38de-1e9c-4165-9fac-00006e188e54 is started using port 42336
2019-08-06 03:59:57,999 INFO  ozone.MiniOzoneClusterImpl (MiniOzoneClusterImpl.java:lambda$waitForClusterToBeReady$0(142)) - Waiting for cluster to be ready. Got 0 of 6 DN Heartbeats.
2019-08-06 03:59:58,009 INFO  ozoneimpl.OzoneContainer (OzoneContainer.java:start(186)) - Attempting to start container services.
2019-08-06 03:59:58,009 INFO  ozoneimpl.OzoneContainer (OzoneContainer.java:startContainerScrub(160)) - Background container scrubber has been disabled by hdds.containerscrub.enabled
2019-08-06 03:59:58,009 INFO  ratis.XceiverServerRatis (XceiverServerRatis.java:start(404)) - Starting XceiverServerRatis 94b9433a-9fa9-48ae-83a7-d6636bfbcab0 at port 0
2019-08-06 03:59:58,018 INFO  impl.RaftServerProxy (RaftServerProxy.java:lambda$start$3(299)) - 94b9433a-9fa9-48ae-83a7-d6636bfbcab0: start RPC server
2019-08-06 03:59:58,021 INFO  server.GrpcService (GrpcService.java:startImpl(149)) - 94b9433a-9fa9-48ae-83a7-d6636bfbcab0: GrpcService started, listening on 0.0.0.0/0.0.0.0:41681
2019-08-06 03:59:58,021 INFO  ratis.XceiverServerRatis (XceiverServerRatis.java:start(414)) - XceiverServerRatis 94b9433a-9fa9-48ae-83a7-d6636bfbcab0 is started using port 41681
2019-08-06 03:59:58,024 INFO  server.XceiverServerGrpc (XceiverServerGrpc.java:start(161)) - XceiverServerGrpc 94b9433a-9fa9-48ae-83a7-d6636bfbcab0 is started using port 36511
2019-08-06 03:59:58,802 INFO  net.NetworkTopology (NetworkTopologyImpl.java:add(110)) - Added a new node: /default-rack/de835e49-1c7e-4340-a18a-ead43fc03d6b
2019-08-06 03:59:58,802 INFO  node.SCMNodeManager (SCMNodeManager.java:register(273)) - Registered Data node : de835e49-1c7e-4340-a18a-ead43fc03d6b{ip: 192.168.5.158, host: byscane-nightly-vxsck-2133491976, networkLocation: /default-rack, certSerialId: null}
2019-08-06 03:59:58,811 INFO  safemode.SCMSafeModeManager (DataNodeSafeModeRule.java:process(71)) - SCM in safe mode. 1 DataNodes registered, 1 required.
2019-08-06 03:59:58,812 INFO  safemode.SCMSafeModeManager (SCMSafeModeManager.java:validateSafeModeExitRules(177)) - ScmSafeModeManager, all rules are successfully validated
2019-08-06 03:59:58,812 INFO  safemode.SCMSafeModeManager (SCMSafeModeManager.java:exitSafeMode(193)) - SCM exiting safe mode.
2019-08-06 03:59:59,000 INFO  ozone.MiniOzoneClusterImpl (MiniOzoneClusterImpl.java:lambda$waitForClusterToBeReady$0(142)) - Waiting for cluster to be ready. Got 1 of 6 DN Heartbeats.
2019-08-06 03:59:59,009 INFO  net.NetworkTopology (NetworkTopologyImpl.java:add(110)) - Added a new node: /default-rack/cc72ac89-3777-4424-826d-49e0d8cad7e1
2019-08-06 03:59:59,009 INFO  node.SCMNodeManager (SCMNodeManager.java:register(273)) - Registered Data node : cc72ac89-3777-4424-826d-49e0d8cad7e1{ip: 192.168.5.158, host: byscane-nightly-vxsck-2133491976, networkLocation: /default-rack, certSerialId: null}
2019-08-06 03:59:59,260 INFO  net.NetworkTopology (NetworkTopologyImpl.java:add(110)) - Added a new node: /default-rack/a4a8aa91-b5ac-48d1-b631-c0458072a4d4
2019-08-06 03:59:59,260 INFO  node.SCMNodeManager (SCMNodeManager.java:register(273)) - Registered Data node : a4a8aa91-b5ac-48d1-b631-c0458072a4d4{ip: 192.168.5.158, host: byscane-nightly-vxsck-2133491976, networkLocation: /default-rack, certSerialId: null}
2019-08-06 03:59:59,354 INFO  impl.RaftServerProxy (RaftServerProxy.java:addNew(89)) - de835e49-1c7e-4340-a18a-ead43fc03d6b: addNew group-3807B295A88B:[de835e49-1c7e-4340-a18a-ead43fc03d6b:192.168.5.158:36972] returns group-3807B295A88B:java.util.concurrent.CompletableFuture@2630dbd[Not completed]
2019-08-06 03:59:59,693 INFO  net.NetworkTopology (NetworkTopologyImpl.java:add(110)) - Added a new node: /default-rack/73cd4a4e-42c3-40e8-842b-0ce3707a011f
2019-08-06 03:59:59,693 INFO  node.SCMNodeManager (SCMNodeManager.java:register(273)) - Registered Data node : 73cd4a4e-42c3-40e8-842b-0ce3707a011f{ip: 192.168.5.158, host: byscane-nightly-vxsck-2133491976, networkLocation: /default-rack, certSerialId: null}
2019-08-06 03:59:59,697 INFO  impl.RaftServerImpl (RaftServerImpl.java:<init>(93)) - de835e49-1c7e-4340-a18a-ead43fc03d6b: new RaftServerImpl for group-3807B295A88B:[de835e49-1c7e-4340-a18a-ead43fc03d6b:192.168.5.158:36972] with ContainerStateMachine:uninitialized
2019-08-06 03:59:59,698 INFO  server.RaftServerConfigKeys (ConfUtils.java:logGet(43)) - raft.server.rpc.timeout.min = 5s (custom)
2019-08-06 03:59:59,699 INFO  server.RaftServerConfigKeys (ConfUtils.java:logGet(43)) - raft.server.rpc.timeout.max = 5200ms (custom)
2019-08-06 03:59:59,700 INFO  server.RaftServerConfigKeys (ConfUtils.java:logGet(43)) - raft.server.rpcslowness.timeout = 120s (custom)
2019-08-06 03:59:59,701 INFO  server.RaftServerConfigKeys (ConfUtils.java:logGet(43)) - raft.server.sleep.deviation.threshold = 300 (default)
2019-08-06 03:59:59,701 INFO  server.RaftServerConfigKeys (ConfUtils.java:logGet(43)) - raft.server.log.appender.install.snapshot.enabled = false (custom)
2019-08-06 03:59:59,708 INFO  impl.RaftServerImpl (ServerState.java:<init>(105)) - de835e49-1c7e-4340-a18a-ead43fc03d6b:group-3807B295A88B ConfigurationManager, init=-1: [de835e49-1c7e-4340-a18a-ead43fc03d6b:192.168.5.158:36972], old=null, confs=<EMPTY_MAP>
2019-08-06 03:59:59,708 INFO  server.RaftServerConfigKeys (ConfUtils.java:logGet(43)) - raft.server.storage.dir = [/workdir/hadoop-ozone/integration-test/target/test-dir/MiniOzoneClusterImpl-3ccb74c5-f290-4a5a-9dce-3cc2bd5106e0/datanode-0/data/ratis] (custom)
2019-08-06 03:59:59,713 INFO  net.NetworkTopology (NetworkTopologyImpl.java:add(110)) - Added a new node: /default-rack/90fd38de-1e9c-4165-9fac-00006e188e54
2019-08-06 03:59:59,714 INFO  node.SCMNodeManager (SCMNodeManager.java:register(273)) - Registered Data node : 90fd38de-1e9c-4165-9fac-00006e188e54{ip: 192.168.5.158, host: byscane-nightly-vxsck-2133491976, networkLocation: /default-rack, certSerialId: null}
2019-08-06 03:59:59,716 INFO  storage.RaftStorageDirectory (RaftStorageDirectory.java:analyzeStorage(246)) - The storage directory /workdir/hadoop-ozone/integration-test/target/test-dir/MiniOzoneClusterImpl-3ccb74c5-f290-4a5a-9dce-3cc2bd5106e0/datanode-0/data/ratis/91241b66-def5-4141-8245-3807b295a88b does not exist. Creating ...
2019-08-06 03:59:59,733 INFO  storage.RaftStorageDirectory (RaftStorageDirectory.java:tryLock(328)) - Lock on /workdir/hadoop-ozone/integration-test/target/test-dir/MiniOzoneClusterImpl-3ccb74c5-f290-4a5a-9dce-3cc2bd5106e0/datanode-0/data/ratis/91241b66-def5-4141-8245-3807b295a88b/in_use.lock acquired by nodename 16127@byscane-nightly-vxsck-2133491976
2019-08-06 03:59:59,738 INFO  storage.RaftStorage (RaftStorage.java:format(72)) - Storage directory /workdir/hadoop-ozone/integration-test/target/test-dir/MiniOzoneClusterImpl-3ccb74c5-f290-4a5a-9dce-3cc2bd5106e0/datanode-0/data/ratis/91241b66-def5-4141-8245-3807b295a88b has been successfully formatted.
2019-08-06 03:59:59,740 INFO  ratis.ContainerStateMachine (ContainerStateMachine.java:loadSnapshot(213)) - group-3807B295A88B: The snapshot info is null. Setting the last applied indexto:(t:0, i:~)
2019-08-06 03:59:59,740 INFO  server.RaftServerConfigKeys (ConfUtils.java:logGet(43)) - raft.server.leader.election.timeout = 120s (custom)
2019-08-06 03:59:59,742 INFO  server.RaftServerConfigKeys (ConfUtils.java:logGet(43)) - raft.server.log.use.memory = false (default)
2019-08-06 03:59:59,747 INFO  server.RaftServerConfigKeys (ConfUtils.java:logGet(43)) - raft.server.log.purge.gap = 1000000000 (custom)
2019-08-06 03:59:59,747 INFO  server.RaftServerConfigKeys (ConfUtils.java:logGet(43)) - raft.server.log.appender.buffer.byte-limit = 33554432 (custom)
2019-08-06 03:59:59,748 INFO  server.RaftServerConfigKeys (ConfUtils.java:logGet(43)) - raft.server.log.segment.size.max = 1048576 (custom)
2019-08-06 03:59:59,752 INFO  server.RaftServerConfigKeys (ConfUtils.java:logGet(43)) - raft.server.log.segment.cache.num.max = 2 (custom)
2019-08-06 03:59:59,757 INFO  segmented.SegmentedRaftLogWorker (SegmentedRaftLogWorker.java:<init>(172)) - new de835e49-1c7e-4340-a18a-ead43fc03d6b-SegmentedRaftLogWorker:Storage Directory /workdir/hadoop-ozone/integration-test/target/test-dir/MiniOzoneClusterImpl-3ccb74c5-f290-4a5a-9dce-3cc2bd5106e0/datanode-0/data/ratis/91241b66-def5-4141-8245-3807b295a88b for RaftStorage:Storage Directory /workdir/hadoop-ozone/integration-test/target/test-dir/MiniOzoneClusterImpl-3ccb74c5-f290-4a5a-9dce-3cc2bd5106e0/datanode-0/data/ratis/91241b66-def5-4141-8245-3807b295a88b
2019-08-06 03:59:59,768 INFO  server.RaftServerConfigKeys (ConfUtils.java:logGet(43)) - raft.server.log.queue.byte-limit = 2147483647 (custom)
2019-08-06 03:59:59,768 INFO  server.RaftServerConfigKeys (ConfUtils.java:logGet(43)) - raft.server.log.queue.element-limit = 1024 (custom)
2019-08-06 03:59:59,772 INFO  server.RaftServerConfigKeys (ConfUtils.java:logGet(43)) - raft.server.log.segment.size.max = 1048576 (custom)
2019-08-06 03:59:59,773 INFO  server.RaftServerConfigKeys (ConfUtils.java:logGet(43)) - raft.server.log.preallocated.size = 16384 (custom)
2019-08-06 03:59:59,773 INFO  server.RaftServerConfigKeys (ConfUtils.java:logGet(43)) - raft.server.log.write.buffer.size = 33554432 (custom)
2019-08-06 03:59:59,773 INFO  server.RaftServerConfigKeys (ConfUtils.java:logGet(43)) - raft.server.log.force.sync.num = 128 (default)
2019-08-06 03:59:59,774 INFO  server.RaftServerConfigKeys (ConfUtils.java:logGet(43)) - raft.server.log.statemachine.data.sync = true (default)
2019-08-06 03:59:59,774 INFO  server.RaftServerConfigKeys (ConfUtils.java:logGet(43)) - raft.server.log.statemachine.data.sync.timeout = 10s (default)
2019-08-06 03:59:59,775 INFO  server.RaftServerConfigKeys (ConfUtils.java:logGet(43)) - raft.server.log.statemachine.data.sync.timeout.retry = -1 (default)
2019-08-06 03:59:59,783 INFO  server.RaftServerConfigKeys (ConfUtils.java:logGet(43)) - raft.server.log.statemachine.data.caching.enabled = true (custom)
2019-08-06 03:59:59,787 INFO  segmented.SegmentedRaftLogWorker (SegmentedRaftLogWorker.java:lambda$new$0(132)) - de835e49-1c7e-4340-a18a-ead43fc03d6b-SegmentedRaftLogWorker:Storage Directory /workdir/hadoop-ozone/integration-test/target/test-dir/MiniOzoneClusterImpl-3ccb74c5-f290-4a5a-9dce-3cc2bd5106e0/datanode-0/data/ratis/91241b66-def5-4141-8245-3807b295a88b: flushIndex: setUnconditionally 0 -> -1
2019-08-06 03:59:59,790 INFO  server.RaftServerConfigKeys (ConfUtils.java:logGet(43)) - raft.server.snapshot.auto.trigger.enabled = true (custom)
2019-08-06 03:59:59,791 INFO  server.RaftServerConfigKeys (ConfUtils.java:logGet(43)) - raft.server.snapshot.auto.trigger.threshold = 10000 (custom)
2019-08-06 03:59:59,792 INFO  server.RaftServerConfigKeys (ConfUtils.java:logGet(43)) - raft.server.retrycache.expirytime = 600000ms (custom)
2019-08-06 03:59:59,810 INFO  impl.RaftServerImpl (RaftServerImpl.java:start(180)) - de835e49-1c7e-4340-a18a-ead43fc03d6b: start group-3807B295A88B
2019-08-06 03:59:59,811 INFO  impl.RaftServerImpl (RaftServerImpl.java:setRole(171)) - de835e49-1c7e-4340-a18a-ead43fc03d6b:group-3807B295A88B changes role from null to FOLLOWER at term 0 for startAsFollower
2019-08-06 03:59:59,812 INFO  impl.RoleInfo (RoleInfo.java:updateAndGet(143)) - de835e49-1c7e-4340-a18a-ead43fc03d6b: start FollowerState
2019-08-06 03:59:59,814 INFO  util.JmxRegister (JmxRegister.java:tryRegister(44)) - Successfully registered JMX Bean with object name Ratis:service=RaftServer,group=group-3807B295A88B,id=de835e49-1c7e-4340-a18a-ead43fc03d6b
2019-08-06 03:59:59,882 INFO  pipeline.PipelineStateManager (PipelineStateManager.java:addPipeline(56)) - Created pipeline Pipeline[ Id: 91241b66-def5-4141-8245-3807b295a88b, Nodes: de835e49-1c7e-4340-a18a-ead43fc03d6b{ip: 192.168.5.158, host: byscane-nightly-vxsck-2133491976, networkLocation: /default-rack, certSerialId: null}, Type:RATIS, Factor:ONE, State:OPEN]
2019-08-06 03:59:59,910 INFO  impl.RaftServerProxy (RaftServerProxy.java:addNew(89)) - 73cd4a4e-42c3-40e8-842b-0ce3707a011f: addNew group-BC9AE3D9C764:[73cd4a4e-42c3-40e8-842b-0ce3707a011f:192.168.5.158:33326] returns group-BC9AE3D9C764:java.util.concurrent.CompletableFuture@4fa1947a[Not completed]
2019-08-06 03:59:59,955 INFO  impl.RaftServerImpl (RaftServerImpl.java:<init>(93)) - 73cd4a4e-42c3-40e8-842b-0ce3707a011f: new RaftServerImpl for group-BC9AE3D9C764:[73cd4a4e-42c3-40e8-842b-0ce3707a011f:192.168.5.158:33326] with ContainerStateMachine:uninitialized
2019-08-06 03:59:59,956 INFO  server.RaftServerConfigKeys (ConfUtils.java:logGet(43)) - raft.server.rpc.timeout.min = 5s (custom)
2019-08-06 03:59:59,956 INFO  server.RaftServerConfigKeys (ConfUtils.java:logGet(43)) - raft.server.rpc.timeout.max = 5200ms (custom)
2019-08-06 03:59:59,957 INFO  server.RaftServerConfigKeys (ConfUtils.java:logGet(43)) - raft.server.rpcslowness.timeout = 120s (custom)
2019-08-06 03:59:59,957 INFO  server.RaftServerConfigKeys (ConfUtils.java:logGet(43)) - raft.server.sleep.deviation.threshold = 300 (default)
2019-08-06 03:59:59,957 INFO  server.RaftServerConfigKeys (ConfUtils.java:logGet(43)) - raft.server.log.appender.install.snapshot.enabled = false (custom)
2019-08-06 03:59:59,957 INFO  impl.RaftServerImpl (ServerState.java:<init>(105)) - 73cd4a4e-42c3-40e8-842b-0ce3707a011f:group-BC9AE3D9C764 ConfigurationManager, init=-1: [73cd4a4e-42c3-40e8-842b-0ce3707a011f:192.168.5.158:33326], old=null, confs=<EMPTY_MAP>
2019-08-06 03:59:59,958 INFO  server.RaftServerConfigKeys (ConfUtils.java:logGet(43)) - raft.server.storage.dir = [/workdir/hadoop-ozone/integration-test/target/test-dir/MiniOzoneClusterImpl-3ccb74c5-f290-4a5a-9dce-3cc2bd5106e0/datanode-3/data/ratis] (custom)
2019-08-06 03:59:59,958 INFO  storage.RaftStorageDirectory (RaftStorageDirectory.java:analyzeStorage(246)) - The storage directory /workdir/hadoop-ozone/integration-test/target/test-dir/MiniOzoneClusterImpl-3ccb74c5-f290-4a5a-9dce-3cc2bd5106e0/datanode-3/data/ratis/a293c426-cc66-462b-a485-bc9ae3d9c764 does not exist. Creating ...
2019-08-06 03:59:59,971 INFO  storage.RaftStorageDirectory (RaftStorageDirectory.java:tryLock(328)) - Lock on /workdir/hadoop-ozone/integration-test/target/test-dir/MiniOzoneClusterImpl-3ccb74c5-f290-4a5a-9dce-3cc2bd5106e0/datanode-3/data/ratis/a293c426-cc66-462b-a485-bc9ae3d9c764/in_use.lock acquired by nodename 16127@byscane-nightly-vxsck-2133491976
2019-08-06 03:59:59,976 INFO  storage.RaftStorage (RaftStorage.java:format(72)) - Storage directory /workdir/hadoop-ozone/integration-test/target/test-dir/MiniOzoneClusterImpl-3ccb74c5-f290-4a5a-9dce-3cc2bd5106e0/datanode-3/data/ratis/a293c426-cc66-462b-a485-bc9ae3d9c764 has been successfully formatted.
2019-08-06 03:59:59,977 INFO  ratis.ContainerStateMachine (ContainerStateMachine.java:loadSnapshot(213)) - group-BC9AE3D9C764: The snapshot info is null. Setting the last applied indexto:(t:0, i:~)
2019-08-06 03:59:59,979 INFO  server.RaftServerConfigKeys (ConfUtils.java:logGet(43)) - raft.server.leader.election.timeout = 120s (custom)
2019-08-06 03:59:59,979 INFO  server.RaftServerConfigKeys (ConfUtils.java:logGet(43)) - raft.server.log.use.memory = false (default)
2019-08-06 03:59:59,979 INFO  server.RaftServerConfigKeys (ConfUtils.java:logGet(43)) - raft.server.log.purge.gap = 1000000000 (custom)
2019-08-06 03:59:59,979 INFO  server.RaftServerConfigKeys (ConfUtils.java:logGet(43)) - raft.server.log.appender.buffer.byte-limit = 33554432 (custom)
2019-08-06 03:59:59,979 INFO  server.RaftServerConfigKeys (ConfUtils.java:logGet(43)) - raft.server.log.segment.size.max = 1048576 (custom)
2019-08-06 03:59:59,980 INFO  server.RaftServerConfigKeys (ConfUtils.java:logGet(43)) - raft.server.log.segment.cache.num.max = 2 (custom)
2019-08-06 03:59:59,980 INFO  segmented.SegmentedRaftLogWorker (SegmentedRaftLogWorker.java:<init>(172)) - new 73cd4a4e-42c3-40e8-842b-0ce3707a011f-SegmentedRaftLogWorker:Storage Directory /workdir/hadoop-ozone/integration-test/target/test-dir/MiniOzoneClusterImpl-3ccb74c5-f290-4a5a-9dce-3cc2bd5106e0/datanode-3/data/ratis/a293c426-cc66-462b-a485-bc9ae3d9c764 for RaftStorage:Storage Directory /workdir/hadoop-ozone/integration-test/target/test-dir/MiniOzoneClusterImpl-3ccb74c5-f290-4a5a-9dce-3cc2bd5106e0/datanode-3/data/ratis/a293c426-cc66-462b-a485-bc9ae3d9c764
2019-08-06 03:59:59,981 INFO  server.RaftServerConfigKeys (ConfUtils.java:logGet(43)) - raft.server.log.queue.byte-limit = 2147483647 (custom)
2019-08-06 03:59:59,981 INFO  server.RaftServerConfigKeys (ConfUtils.java:logGet(43)) - raft.server.log.queue.element-limit = 1024 (custom)
2019-08-06 03:59:59,982 INFO  server.RaftServerConfigKeys (ConfUtils.java:logGet(43)) - raft.server.log.segment.size.max = 1048576 (custom)
2019-08-06 03:59:59,982 INFO  server.RaftServerConfigKeys (ConfUtils.java:logGet(43)) - raft.server.log.preallocated.size = 16384 (custom)
2019-08-06 03:59:59,982 INFO  server.RaftServerConfigKeys (ConfUtils.java:logGet(43)) - raft.server.log.write.buffer.size = 33554432 (custom)
2019-08-06 03:59:59,982 INFO  server.RaftServerConfigKeys (ConfUtils.java:logGet(43)) - raft.server.log.force.sync.num = 128 (default)
2019-08-06 03:59:59,983 INFO  server.RaftServerConfigKeys (ConfUtils.java:logGet(43)) - raft.server.log.statemachine.data.sync = true (default)
2019-08-06 03:59:59,983 INFO  server.RaftServerConfigKeys (ConfUtils.java:logGet(43)) - raft.server.log.statemachine.data.sync.timeout = 10s (default)
2019-08-06 03:59:59,983 INFO  server.RaftServerConfigKeys (ConfUtils.java:logGet(43)) - raft.server.log.statemachine.data.sync.timeout.retry = -1 (default)
2019-08-06 03:59:59,984 INFO  server.RaftServerConfigKeys (ConfUtils.java:logGet(43)) - raft.server.log.statemachine.data.caching.enabled = true (custom)
2019-08-06 03:59:59,984 INFO  segmented.SegmentedRaftLogWorker (SegmentedRaftLogWorker.java:lambda$new$0(132)) - 73cd4a4e-42c3-40e8-842b-0ce3707a011f-SegmentedRaftLogWorker:Storage Directory /workdir/hadoop-ozone/integration-test/target/test-dir/MiniOzoneClusterImpl-3ccb74c5-f290-4a5a-9dce-3cc2bd5106e0/datanode-3/data/ratis/a293c426-cc66-462b-a485-bc9ae3d9c764: flushIndex: setUnconditionally 0 -> -1
2019-08-06 03:59:59,984 INFO  server.RaftServerConfigKeys (ConfUtils.java:logGet(43)) - raft.server.snapshot.auto.trigger.enabled = true (custom)
2019-08-06 03:59:59,985 INFO  server.RaftServerConfigKeys (ConfUtils.java:logGet(43)) - raft.server.snapshot.auto.trigger.threshold = 10000 (custom)
2019-08-06 03:59:59,985 INFO  server.RaftServerConfigKeys (ConfUtils.java:logGet(43)) - raft.server.retrycache.expirytime = 600000ms (custom)
2019-08-06 03:59:59,985 INFO  impl.RaftServerImpl (RaftServerImpl.java:start(180)) - 73cd4a4e-42c3-40e8-842b-0ce3707a011f: start group-BC9AE3D9C764
2019-08-06 03:59:59,985 INFO  impl.RaftServerImpl (RaftServerImpl.java:setRole(171)) - 73cd4a4e-42c3-40e8-842b-0ce3707a011f:group-BC9AE3D9C764 changes role from null to FOLLOWER at term 0 for startAsFollower
2019-08-06 03:59:59,986 INFO  impl.RoleInfo (RoleInfo.java:updateAndGet(143)) - 73cd4a4e-42c3-40e8-842b-0ce3707a011f: start FollowerState
2019-08-06 03:59:59,987 INFO  util.JmxRegister (JmxRegister.java:tryRegister(44)) - Successfully registered JMX Bean with object name Ratis:service=RaftServer,group=group-BC9AE3D9C764,id=73cd4a4e-42c3-40e8-842b-0ce3707a011f
2019-08-06 04:00:00,002 INFO  ozone.MiniOzoneClusterImpl (MiniOzoneClusterImpl.java:lambda$waitForClusterToBeReady$0(142)) - Waiting for cluster to be ready. Got 5 of 6 DN Heartbeats.
2019-08-06 04:00:00,003 INFO  pipeline.PipelineStateManager (PipelineStateManager.java:addPipeline(56)) - Created pipeline Pipeline[ Id: a293c426-cc66-462b-a485-bc9ae3d9c764, Nodes: 73cd4a4e-42c3-40e8-842b-0ce3707a011f{ip: 192.168.5.158, host: byscane-nightly-vxsck-2133491976, networkLocation: /default-rack, certSerialId: null}, Type:RATIS, Factor:ONE, State:OPEN]
2019-08-06 04:00:00,004 INFO  net.NetworkTopology (NetworkTopologyImpl.java:add(110)) - Added a new node: /default-rack/94b9433a-9fa9-48ae-83a7-d6636bfbcab0
2019-08-06 04:00:00,004 INFO  node.SCMNodeManager (SCMNodeManager.java:register(273)) - Registered Data node : 94b9433a-9fa9-48ae-83a7-d6636bfbcab0{ip: 192.168.5.158, host: byscane-nightly-vxsck-2133491976, networkLocation: /default-rack, certSerialId: null}
2019-08-06 04:00:00,023 INFO  impl.RaftServerProxy (RaftServerProxy.java:addNew(89)) - a4a8aa91-b5ac-48d1-b631-c0458072a4d4: addNew group-AF6B93CB9EE5:[a4a8aa91-b5ac-48d1-b631-c0458072a4d4:192.168.5.158:33571] returns group-AF6B93CB9EE5:java.util.concurrent.CompletableFuture@27c2f5fe[Not completed]
2019-08-06 04:00:00,036 INFO  impl.RaftServerImpl (RaftServerImpl.java:<init>(93)) - a4a8aa91-b5ac-48d1-b631-c0458072a4d4: new RaftServerImpl for group-AF6B93CB9EE5:[a4a8aa91-b5ac-48d1-b631-c0458072a4d4:192.168.5.158:33571] with ContainerStateMachine:uninitialized
2019-08-06 04:00:00,036 INFO  server.RaftServerConfigKeys (ConfUtils.java:logGet(43)) - raft.server.rpc.timeout.min = 5s (custom)
2019-08-06 04:00:00,036 INFO  server.RaftServerConfigKeys (ConfUtils.java:logGet(43)) - raft.server.rpc.timeout.max = 5200ms (custom)
2019-08-06 04:00:00,036 INFO  server.RaftServerConfigKeys (ConfUtils.java:logGet(43)) - raft.server.rpcslowness.timeout = 120s (custom)
2019-08-06 04:00:00,036 INFO  server.RaftServerConfigKeys (ConfUtils.java:logGet(43)) - raft.server.sleep.deviation.threshold = 300 (default)
2019-08-06 04:00:00,036 INFO  server.RaftServerConfigKeys (ConfUtils.java:logGet(43)) - raft.server.log.appender.install.snapshot.enabled = false (custom)
2019-08-06 04:00:00,036 INFO  impl.RaftServerImpl (ServerState.java:<init>(105)) - a4a8aa91-b5ac-48d1-b631-c0458072a4d4:group-AF6B93CB9EE5 ConfigurationManager, init=-1: [a4a8aa91-b5ac-48d1-b631-c0458072a4d4:192.168.5.158:33571], old=null, confs=<EMPTY_MAP>
2019-08-06 04:00:00,037 INFO  server.RaftServerConfigKeys (ConfUtils.java:logGet(43)) - raft.server.storage.dir = [/workdir/hadoop-ozone/integration-test/target/test-dir/MiniOzoneClusterImpl-3ccb74c5-f290-4a5a-9dce-3cc2bd5106e0/datanode-2/data/ratis] (custom)
2019-08-06 04:00:00,037 INFO  storage.RaftStorageDirectory (RaftStorageDirectory.java:analyzeStorage(246)) - The storage directory /workdir/hadoop-ozone/integration-test/target/test-dir/MiniOzoneClusterImpl-3ccb74c5-f290-4a5a-9dce-3cc2bd5106e0/datanode-2/data/ratis/2d251b3e-a2ac-4c39-a2d6-af6b93cb9ee5 does not exist. Creating ...
2019-08-06 04:00:00,041 INFO  storage.RaftStorageDirectory (RaftStorageDirectory.java:tryLock(328)) - Lock on /workdir/hadoop-ozone/integration-test/target/test-dir/MiniOzoneClusterImpl-3ccb74c5-f290-4a5a-9dce-3cc2bd5106e0/datanode-2/data/ratis/2d251b3e-a2ac-4c39-a2d6-af6b93cb9ee5/in_use.lock acquired by nodename 16127@byscane-nightly-vxsck-2133491976
2019-08-06 04:00:00,045 INFO  storage.RaftStorage (RaftStorage.java:format(72)) - Storage directory /workdir/hadoop-ozone/integration-test/target/test-dir/MiniOzoneClusterImpl-3ccb74c5-f290-4a5a-9dce-3cc2bd5106e0/datanode-2/data/ratis/2d251b3e-a2ac-4c39-a2d6-af6b93cb9ee5 has been successfully formatted.
2019-08-06 04:00:00,045 INFO  ratis.ContainerStateMachine (ContainerStateMachine.java:loadSnapshot(213)) - group-AF6B93CB9EE5: The snapshot info is null. Setting the last applied indexto:(t:0, i:~)
2019-08-06 04:00:00,045 INFO  server.RaftServerConfigKeys (ConfUtils.java:logGet(43)) - raft.server.leader.election.timeout = 120s (custom)
2019-08-06 04:00:00,045 INFO  server.RaftServerConfigKeys (ConfUtils.java:logGet(43)) - raft.server.log.use.memory = false (default)
2019-08-06 04:00:00,045 INFO  server.RaftServerConfigKeys (ConfUtils.java:logGet(43)) - raft.server.log.purge.gap = 1000000000 (custom)
2019-08-06 04:00:00,046 INFO  server.RaftServerConfigKeys (ConfUtils.java:logGet(43)) - raft.server.log.appender.buffer.byte-limit = 33554432 (custom)
2019-08-06 04:00:00,046 INFO  server.RaftServerConfigKeys (ConfUtils.java:logGet(43)) - raft.server.log.segment.size.max = 1048576 (custom)
2019-08-06 04:00:00,046 INFO  server.RaftServerConfigKeys (ConfUtils.java:logGet(43)) - raft.server.log.segment.cache.num.max = 2 (custom)
2019-08-06 04:00:00,046 INFO  segmented.SegmentedRaftLogWorker (SegmentedRaftLogWorker.java:<init>(172)) - new a4a8aa91-b5ac-48d1-b631-c0458072a4d4-SegmentedRaftLogWorker:Storage Directory /workdir/hadoop-ozone/integration-test/target/test-dir/MiniOzoneClusterImpl-3ccb74c5-f290-4a5a-9dce-3cc2bd5106e0/datanode-2/data/ratis/2d251b3e-a2ac-4c39-a2d6-af6b93cb9ee5 for RaftStorage:Storage Directory /workdir/hadoop-ozone/integration-test/target/test-dir/MiniOzoneClusterImpl-3ccb74c5-f290-4a5a-9dce-3cc2bd5106e0/datanode-2/data/ratis/2d251b3e-a2ac-4c39-a2d6-af6b93cb9ee5
2019-08-06 04:00:00,046 INFO  server.RaftServerConfigKeys (ConfUtils.java:logGet(43)) - raft.server.log.queue.byte-limit = 2147483647 (custom)
2019-08-06 04:00:00,046 INFO  server.RaftServerConfigKeys (ConfUtils.java:logGet(43)) - raft.server.log.queue.element-limit = 1024 (custom)
2019-08-06 04:00:00,047 INFO  server.RaftServerConfigKeys (ConfUtils.java:logGet(43)) - raft.server.log.segment.size.max = 1048576 (custom)
2019-08-06 04:00:00,047 INFO  server.RaftServerConfigKeys (ConfUtils.java:logGet(43)) - raft.server.log.preallocated.size = 16384 (custom)
2019-08-06 04:00:00,047 INFO  server.RaftServerConfigKeys (ConfUtils.java:logGet(43)) - raft.server.log.write.buffer.size = 33554432 (custom)
2019-08-06 04:00:00,047 INFO  server.RaftServerConfigKeys (ConfUtils.java:logGet(43)) - raft.server.log.force.sync.num = 128 (default)
2019-08-06 04:00:00,047 INFO  server.RaftServerConfigKeys (ConfUtils.java:logGet(43)) - raft.server.log.statemachine.data.sync = true (default)
2019-08-06 04:00:00,048 INFO  server.RaftServerConfigKeys (ConfUtils.java:logGet(43)) - raft.server.log.statemachine.data.sync.timeout = 10s (default)
2019-08-06 04:00:00,048 INFO  server.RaftServerConfigKeys (ConfUtils.java:logGet(43)) - raft.server.log.statemachine.data.sync.timeout.retry = -1 (default)
2019-08-06 04:00:00,048 INFO  server.RaftServerConfigKeys (ConfUtils.java:logGet(43)) - raft.server.log.statemachine.data.caching.enabled = true (custom)
2019-08-06 04:00:00,048 INFO  segmented.SegmentedRaftLogWorker (SegmentedRaftLogWorker.java:lambda$new$0(132)) - a4a8aa91-b5ac-48d1-b631-c0458072a4d4-SegmentedRaftLogWorker:Storage Directory /workdir/hadoop-ozone/integration-test/target/test-dir/MiniOzoneClusterImpl-3ccb74c5-f290-4a5a-9dce-3cc2bd5106e0/datanode-2/data/ratis/2d251b3e-a2ac-4c39-a2d6-af6b93cb9ee5: flushIndex: setUnconditionally 0 -> -1
2019-08-06 04:00:00,049 INFO  server.RaftServerConfigKeys (ConfUtils.java:logGet(43)) - raft.server.snapshot.auto.trigger.enabled = true (custom)
2019-08-06 04:00:00,049 INFO  server.RaftServerConfigKeys (ConfUtils.java:logGet(43)) - raft.server.snapshot.auto.trigger.threshold = 10000 (custom)
2019-08-06 04:00:00,049 INFO  server.RaftServerConfigKeys (ConfUtils.java:logGet(43)) - raft.server.retrycache.expirytime = 600000ms (custom)
2019-08-06 04:00:00,049 INFO  impl.RaftServerImpl (RaftServerImpl.java:start(180)) - a4a8aa91-b5ac-48d1-b631-c0458072a4d4: start group-AF6B93CB9EE5
2019-08-06 04:00:00,050 INFO  impl.RaftServerImpl (RaftServerImpl.java:setRole(171)) - a4a8aa91-b5ac-48d1-b631-c0458072a4d4:group-AF6B93CB9EE5 changes role from null to FOLLOWER at term 0 for startAsFollower
2019-08-06 04:00:00,050 INFO  impl.RoleInfo (RoleInfo.java:updateAndGet(143)) - a4a8aa91-b5ac-48d1-b631-c0458072a4d4: start FollowerState
2019-08-06 04:00:00,050 INFO  util.JmxRegister (JmxRegister.java:tryRegister(44)) - Successfully registered JMX Bean with object name Ratis:service=RaftServer,group=group-AF6B93CB9EE5,id=a4a8aa91-b5ac-48d1-b631-c0458072a4d4
2019-08-06 04:00:00,062 INFO  pipeline.PipelineStateManager (PipelineStateManager.java:addPipeline(56)) - Created pipeline Pipeline[ Id: 2d251b3e-a2ac-4c39-a2d6-af6b93cb9ee5, Nodes: a4a8aa91-b5ac-48d1-b631-c0458072a4d4{ip: 192.168.5.158, host: byscane-nightly-vxsck-2133491976, networkLocation: /default-rack, certSerialId: null}, Type:RATIS, Factor:ONE, State:OPEN]
2019-08-06 04:00:00,092 INFO  impl.RaftServerProxy (RaftServerProxy.java:addNew(89)) - 90fd38de-1e9c-4165-9fac-00006e188e54: addNew group-CE5D2AF28213:[90fd38de-1e9c-4165-9fac-00006e188e54:192.168.5.158:35030] returns group-CE5D2AF28213:java.util.concurrent.CompletableFuture@3f7896e8[Not completed]
2019-08-06 04:00:00,095 INFO  impl.RaftServerImpl (RaftServerImpl.java:<init>(93)) - 90fd38de-1e9c-4165-9fac-00006e188e54: new RaftServerImpl for group-CE5D2AF28213:[90fd38de-1e9c-4165-9fac-00006e188e54:192.168.5.158:35030] with ContainerStateMachine:uninitialized
2019-08-06 04:00:00,095 INFO  server.RaftServerConfigKeys (ConfUtils.java:logGet(43)) - raft.server.rpc.timeout.min = 5s (custom)
2019-08-06 04:00:00,096 INFO  server.RaftServerConfigKeys (ConfUtils.java:logGet(43)) - raft.server.rpc.timeout.max = 5200ms (custom)
2019-08-06 04:00:00,096 INFO  server.RaftServerConfigKeys (ConfUtils.java:logGet(43)) - raft.server.rpcslowness.timeout = 120s (custom)
2019-08-06 04:00:00,096 INFO  server.RaftServerConfigKeys (ConfUtils.java:logGet(43)) - raft.server.sleep.deviation.threshold = 300 (default)
2019-08-06 04:00:00,096 INFO  server.RaftServerConfigKeys (ConfUtils.java:logGet(43)) - raft.server.log.appender.install.snapshot.enabled = false (custom)
2019-08-06 04:00:00,097 INFO  impl.RaftServerImpl (ServerState.java:<init>(105)) - 90fd38de-1e9c-4165-9fac-00006e188e54:group-CE5D2AF28213 ConfigurationManager, init=-1: [90fd38de-1e9c-4165-9fac-00006e188e54:192.168.5.158:35030], old=null, confs=<EMPTY_MAP>
2019-08-06 04:00:00,097 INFO  server.RaftServerConfigKeys (ConfUtils.java:logGet(43)) - raft.server.storage.dir = [/workdir/hadoop-ozone/integration-test/target/test-dir/MiniOzoneClusterImpl-3ccb74c5-f290-4a5a-9dce-3cc2bd5106e0/datanode-4/data/ratis] (custom)
2019-08-06 04:00:00,098 INFO  storage.RaftStorageDirectory (RaftStorageDirectory.java:analyzeStorage(246)) - The storage directory /workdir/hadoop-ozone/integration-test/target/test-dir/MiniOzoneClusterImpl-3ccb74c5-f290-4a5a-9dce-3cc2bd5106e0/datanode-4/data/ratis/aed88c97-b59a-42ad-9443-ce5d2af28213 does not exist. Creating ...
2019-08-06 04:00:00,110 INFO  storage.RaftStorageDirectory (RaftStorageDirectory.java:tryLock(328)) - Lock on /workdir/hadoop-ozone/integration-test/target/test-dir/MiniOzoneClusterImpl-3ccb74c5-f290-4a5a-9dce-3cc2bd5106e0/datanode-4/data/ratis/aed88c97-b59a-42ad-9443-ce5d2af28213/in_use.lock acquired by nodename 16127@byscane-nightly-vxsck-2133491976
2019-08-06 04:00:00,115 INFO  storage.RaftStorage (RaftStorage.java:format(72)) - Storage directory /workdir/hadoop-ozone/integration-test/target/test-dir/MiniOzoneClusterImpl-3ccb74c5-f290-4a5a-9dce-3cc2bd5106e0/datanode-4/data/ratis/aed88c97-b59a-42ad-9443-ce5d2af28213 has been successfully formatted.
2019-08-06 04:00:00,115 INFO  ratis.ContainerStateMachine (ContainerStateMachine.java:loadSnapshot(213)) - group-CE5D2AF28213: The snapshot info is null. Setting the last applied indexto:(t:0, i:~)
2019-08-06 04:00:00,115 INFO  server.RaftServerConfigKeys (ConfUtils.java:logGet(43)) - raft.server.leader.election.timeout = 120s (custom)
2019-08-06 04:00:00,116 INFO  server.RaftServerConfigKeys (ConfUtils.java:logGet(43)) - raft.server.log.use.memory = false (default)
2019-08-06 04:00:00,116 INFO  server.RaftServerConfigKeys (ConfUtils.java:logGet(43)) - raft.server.log.purge.gap = 1000000000 (custom)
2019-08-06 04:00:00,116 INFO  server.RaftServerConfigKeys (ConfUtils.java:logGet(43)) - raft.server.log.appender.buffer.byte-limit = 33554432 (custom)
2019-08-06 04:00:00,116 INFO  server.RaftServerConfigKeys (ConfUtils.java:logGet(43)) - raft.server.log.segment.size.max = 1048576 (custom)
2019-08-06 04:00:00,116 INFO  server.RaftServerConfigKeys (ConfUtils.java:logGet(43)) - raft.server.log.segment.cache.num.max = 2 (custom)
2019-08-06 04:00:00,117 INFO  segmented.SegmentedRaftLogWorker (SegmentedRaftLogWorker.java:<init>(172)) - new 90fd38de-1e9c-4165-9fac-00006e188e54-SegmentedRaftLogWorker:Storage Directory /workdir/hadoop-ozone/integration-test/target/test-dir/MiniOzoneClusterImpl-3ccb74c5-f290-4a5a-9dce-3cc2bd5106e0/datanode-4/data/ratis/aed88c97-b59a-42ad-9443-ce5d2af28213 for RaftStorage:Storage Directory /workdir/hadoop-ozone/integration-test/target/test-dir/MiniOzoneClusterImpl-3ccb74c5-f290-4a5a-9dce-3cc2bd5106e0/datanode-4/data/ratis/aed88c97-b59a-42ad-9443-ce5d2af28213
2019-08-06 04:00:00,117 INFO  server.RaftServerConfigKeys (ConfUtils.java:logGet(43)) - raft.server.log.queue.byte-limit = 2147483647 (custom)
2019-08-06 04:00:00,117 INFO  server.RaftServerConfigKeys (ConfUtils.java:logGet(43)) - raft.server.log.queue.element-limit = 1024 (custom)
2019-08-06 04:00:00,117 INFO  server.RaftServerConfigKeys (ConfUtils.java:logGet(43)) - raft.server.log.segment.size.max = 1048576 (custom)
2019-08-06 04:00:00,118 INFO  server.RaftServerConfigKeys (ConfUtils.java:logGet(43)) - raft.server.log.preallocated.size = 16384 (custom)
2019-08-06 04:00:00,118 INFO  server.RaftServerConfigKeys (ConfUtils.java:logGet(43)) - raft.server.log.write.buffer.size = 33554432 (custom)
2019-08-06 04:00:00,118 INFO  server.RaftServerConfigKeys (ConfUtils.java:logGet(43)) - raft.server.log.force.sync.num = 128 (default)
2019-08-06 04:00:00,119 INFO  server.RaftServerConfigKeys (ConfUtils.java:logGet(43)) - raft.server.log.statemachine.data.sync = true (default)
2019-08-06 04:00:00,119 INFO  server.RaftServerConfigKeys (ConfUtils.java:logGet(43)) - raft.server.log.statemachine.data.sync.timeout = 10s (default)
2019-08-06 04:00:00,119 INFO  server.RaftServerConfigKeys (ConfUtils.java:logGet(43)) - raft.server.log.statemachine.data.sync.timeout.retry = -1 (default)
2019-08-06 04:00:00,120 INFO  server.RaftServerConfigKeys (ConfUtils.java:logGet(43)) - raft.server.log.statemachine.data.caching.enabled = true (custom)
2019-08-06 04:00:00,120 INFO  segmented.SegmentedRaftLogWorker (SegmentedRaftLogWorker.java:lambda$new$0(132)) - 90fd38de-1e9c-4165-9fac-00006e188e54-SegmentedRaftLogWorker:Storage Directory /workdir/hadoop-ozone/integration-test/target/test-dir/MiniOzoneClusterImpl-3ccb74c5-f290-4a5a-9dce-3cc2bd5106e0/datanode-4/data/ratis/aed88c97-b59a-42ad-9443-ce5d2af28213: flushIndex: setUnconditionally 0 -> -1
2019-08-06 04:00:00,120 INFO  server.RaftServerConfigKeys (ConfUtils.java:logGet(43)) - raft.server.snapshot.auto.trigger.enabled = true (custom)
2019-08-06 04:00:00,121 INFO  server.RaftServerConfigKeys (ConfUtils.java:logGet(43)) - raft.server.snapshot.auto.trigger.threshold = 10000 (custom)
2019-08-06 04:00:00,121 INFO  server.RaftServerConfigKeys (ConfUtils.java:logGet(43)) - raft.server.retrycache.expirytime = 600000ms (custom)
2019-08-06 04:00:00,121 INFO  impl.RaftServerImpl (RaftServerImpl.java:start(180)) - 90fd38de-1e9c-4165-9fac-00006e188e54: start group-CE5D2AF28213
2019-08-06 04:00:00,121 INFO  impl.RaftServerImpl (RaftServerImpl.java:setRole(171)) - 90fd38de-1e9c-4165-9fac-00006e188e54:group-CE5D2AF28213 changes role from null to FOLLOWER at term 0 for startAsFollower
2019-08-06 04:00:00,121 INFO  impl.RoleInfo (RoleInfo.java:updateAndGet(143)) - 90fd38de-1e9c-4165-9fac-00006e188e54: start FollowerState
2019-08-06 04:00:00,122 INFO  util.JmxRegister (JmxRegister.java:tryRegister(44)) - Successfully registered JMX Bean with object name Ratis:service=RaftServer,group=group-CE5D2AF28213,id=90fd38de-1e9c-4165-9fac-00006e188e54
2019-08-06 04:00:00,135 INFO  pipeline.PipelineStateManager (PipelineStateManager.java:addPipeline(56)) - Created pipeline Pipeline[ Id: aed88c97-b59a-42ad-9443-ce5d2af28213, Nodes: 90fd38de-1e9c-4165-9fac-00006e188e54{ip: 192.168.5.158, host: byscane-nightly-vxsck-2133491976, networkLocation: /default-rack, certSerialId: null}, Type:RATIS, Factor:ONE, State:OPEN]
2019-08-06 04:00:00,159 INFO  impl.RaftServerProxy (RaftServerProxy.java:addNew(89)) - 94b9433a-9fa9-48ae-83a7-d6636bfbcab0: addNew group-DF76DD50433B:[94b9433a-9fa9-48ae-83a7-d6636bfbcab0:192.168.5.158:41681] returns group-DF76DD50433B:java.util.concurrent.CompletableFuture@320411b6[Not completed]
2019-08-06 04:00:00,164 INFO  impl.RaftServerImpl (RaftServerImpl.java:<init>(93)) - 94b9433a-9fa9-48ae-83a7-d6636bfbcab0: new RaftServerImpl for group-DF76DD50433B:[94b9433a-9fa9-48ae-83a7-d6636bfbcab0:192.168.5.158:41681] with ContainerStateMachine:uninitialized
2019-08-06 04:00:00,165 INFO  server.RaftServerConfigKeys (ConfUtils.java:logGet(43)) - raft.server.rpc.timeout.min = 5s (custom)
2019-08-06 04:00:00,165 INFO  server.RaftServerConfigKeys (ConfUtils.java:logGet(43)) - raft.server.rpc.timeout.max = 5200ms (custom)
2019-08-06 04:00:00,165 INFO  server.RaftServerConfigKeys (ConfUtils.java:logGet(43)) - raft.server.rpcslowness.timeout = 120s (custom)
2019-08-06 04:00:00,165 INFO  server.RaftServerConfigKeys (ConfUtils.java:logGet(43)) - raft.server.sleep.deviation.threshold = 300 (default)
2019-08-06 04:00:00,165 INFO  server.RaftServerConfigKeys (ConfUtils.java:logGet(43)) - raft.server.log.appender.install.snapshot.enabled = false (custom)
2019-08-06 04:00:00,166 INFO  impl.RaftServerImpl (ServerState.java:<init>(105)) - 94b9433a-9fa9-48ae-83a7-d6636bfbcab0:group-DF76DD50433B ConfigurationManager, init=-1: [94b9433a-9fa9-48ae-83a7-d6636bfbcab0:192.168.5.158:41681], old=null, confs=<EMPTY_MAP>
2019-08-06 04:00:00,166 INFO  server.RaftServerConfigKeys (ConfUtils.java:logGet(43)) - raft.server.storage.dir = [/workdir/hadoop-ozone/integration-test/target/test-dir/MiniOzoneClusterImpl-3ccb74c5-f290-4a5a-9dce-3cc2bd5106e0/datanode-5/data/ratis] (custom)
2019-08-06 04:00:00,167 INFO  storage.RaftStorageDirectory (RaftStorageDirectory.java:analyzeStorage(246)) - The storage directory /workdir/hadoop-ozone/integration-test/target/test-dir/MiniOzoneClusterImpl-3ccb74c5-f290-4a5a-9dce-3cc2bd5106e0/datanode-5/data/ratis/5a49160d-2b8d-496c-b903-df76dd50433b does not exist. Creating ...
2019-08-06 04:00:00,180 INFO  storage.RaftStorageDirectory (RaftStorageDirectory.java:tryLock(328)) - Lock on /workdir/hadoop-ozone/integration-test/target/test-dir/MiniOzoneClusterImpl-3ccb74c5-f290-4a5a-9dce-3cc2bd5106e0/datanode-5/data/ratis/5a49160d-2b8d-496c-b903-df76dd50433b/in_use.lock acquired by nodename 16127@byscane-nightly-vxsck-2133491976
2019-08-06 04:00:00,185 INFO  storage.RaftStorage (RaftStorage.java:format(72)) - Storage directory /workdir/hadoop-ozone/integration-test/target/test-dir/MiniOzoneClusterImpl-3ccb74c5-f290-4a5a-9dce-3cc2bd5106e0/datanode-5/data/ratis/5a49160d-2b8d-496c-b903-df76dd50433b has been successfully formatted.
2019-08-06 04:00:00,185 INFO  ratis.ContainerStateMachine (ContainerStateMachine.java:loadSnapshot(213)) - group-DF76DD50433B: The snapshot info is null. Setting the last applied indexto:(t:0, i:~)
2019-08-06 04:00:00,185 INFO  server.RaftServerConfigKeys (ConfUtils.java:logGet(43)) - raft.server.leader.election.timeout = 120s (custom)
2019-08-06 04:00:00,185 INFO  server.RaftServerConfigKeys (ConfUtils.java:logGet(43)) - raft.server.log.use.memory = false (default)
2019-08-06 04:00:00,186 INFO  server.RaftServerConfigKeys (ConfUtils.java:logGet(43)) - raft.server.log.purge.gap = 1000000000 (custom)
2019-08-06 04:00:00,186 INFO  server.RaftServerConfigKeys (ConfUtils.java:logGet(43)) - raft.server.log.appender.buffer.byte-limit = 33554432 (custom)
2019-08-06 04:00:00,186 INFO  server.RaftServerConfigKeys (ConfUtils.java:logGet(43)) - raft.server.log.segment.size.max = 1048576 (custom)
2019-08-06 04:00:00,186 INFO  server.RaftServerConfigKeys (ConfUtils.java:logGet(43)) - raft.server.log.segment.cache.num.max = 2 (custom)
2019-08-06 04:00:00,187 INFO  segmented.SegmentedRaftLogWorker (SegmentedRaftLogWorker.java:<init>(172)) - new 94b9433a-9fa9-48ae-83a7-d6636bfbcab0-SegmentedRaftLogWorker:Storage Directory /workdir/hadoop-ozone/integration-test/target/test-dir/MiniOzoneClusterImpl-3ccb74c5-f290-4a5a-9dce-3cc2bd5106e0/datanode-5/data/ratis/5a49160d-2b8d-496c-b903-df76dd50433b for RaftStorage:Storage Directory /workdir/hadoop-ozone/integration-test/target/test-dir/MiniOzoneClusterImpl-3ccb74c5-f290-4a5a-9dce-3cc2bd5106e0/datanode-5/data/ratis/5a49160d-2b8d-496c-b903-df76dd50433b
2019-08-06 04:00:00,187 INFO  server.RaftServerConfigKeys (ConfUtils.java:logGet(43)) - raft.server.log.queue.byte-limit = 2147483647 (custom)
2019-08-06 04:00:00,187 INFO  server.RaftServerConfigKeys (ConfUtils.java:logGet(43)) - raft.server.log.queue.element-limit = 1024 (custom)
2019-08-06 04:00:00,188 INFO  server.RaftServerConfigKeys (ConfUtils.java:logGet(43)) - raft.server.log.segment.size.max = 1048576 (custom)
2019-08-06 04:00:00,188 INFO  server.RaftServerConfigKeys (ConfUtils.java:logGet(43)) - raft.server.log.preallocated.size = 16384 (custom)
2019-08-06 04:00:00,188 INFO  server.RaftServerConfigKeys (ConfUtils.java:logGet(43)) - raft.server.log.write.buffer.size = 33554432 (custom)
2019-08-06 04:00:00,188 INFO  server.RaftServerConfigKeys (ConfUtils.java:logGet(43)) - raft.server.log.force.sync.num = 128 (default)
2019-08-06 04:00:00,189 INFO  server.RaftServerConfigKeys (ConfUtils.java:logGet(43)) - raft.server.log.statemachine.data.sync = true (default)
2019-08-06 04:00:00,189 INFO  server.RaftServerConfigKeys (ConfUtils.java:logGet(43)) - raft.server.log.statemachine.data.sync.timeout = 10s (default)
2019-08-06 04:00:00,189 INFO  server.RaftServerConfigKeys (ConfUtils.java:logGet(43)) - raft.server.log.statemachine.data.sync.timeout.retry = -1 (default)
2019-08-06 04:00:00,189 INFO  server.RaftServerConfigKeys (ConfUtils.java:logGet(43)) - raft.server.log.statemachine.data.caching.enabled = true (custom)
2019-08-06 04:00:00,190 INFO  segmented.SegmentedRaftLogWorker (SegmentedRaftLogWorker.java:lambda$new$0(132)) - 94b9433a-9fa9-48ae-83a7-d6636bfbcab0-SegmentedRaftLogWorker:Storage Directory /workdir/hadoop-ozone/integration-test/target/test-dir/MiniOzoneClusterImpl-3ccb74c5-f290-4a5a-9dce-3cc2bd5106e0/datanode-5/data/ratis/5a49160d-2b8d-496c-b903-df76dd50433b: flushIndex: setUnconditionally 0 -> -1
2019-08-06 04:00:00,190 INFO  server.RaftServerConfigKeys (ConfUtils.java:logGet(43)) - raft.server.snapshot.auto.trigger.enabled = true (custom)
2019-08-06 04:00:00,191 INFO  server.RaftServerConfigKeys (ConfUtils.java:logGet(43)) - raft.server.snapshot.auto.trigger.threshold = 10000 (custom)
2019-08-06 04:00:00,191 INFO  server.RaftServerConfigKeys (ConfUtils.java:logGet(43)) - raft.server.retrycache.expirytime = 600000ms (custom)
2019-08-06 04:00:00,191 INFO  impl.RaftServerImpl (RaftServerImpl.java:start(180)) - 94b9433a-9fa9-48ae-83a7-d6636bfbcab0: start group-DF76DD50433B
2019-08-06 04:00:00,191 INFO  impl.RaftServerImpl (RaftServerImpl.java:setRole(171)) - 94b9433a-9fa9-48ae-83a7-d6636bfbcab0:group-DF76DD50433B changes role from null to FOLLOWER at term 0 for startAsFollower
2019-08-06 04:00:00,192 INFO  impl.RoleInfo (RoleInfo.java:updateAndGet(143)) - 94b9433a-9fa9-48ae-83a7-d6636bfbcab0: start FollowerState
2019-08-06 04:00:00,192 INFO  util.JmxRegister (JmxRegister.java:tryRegister(44)) - Successfully registered JMX Bean with object name Ratis:service=RaftServer,group=group-DF76DD50433B,id=94b9433a-9fa9-48ae-83a7-d6636bfbcab0
2019-08-06 04:00:00,219 INFO  pipeline.PipelineStateManager (PipelineStateManager.java:addPipeline(56)) - Created pipeline Pipeline[ Id: 5a49160d-2b8d-496c-b903-df76dd50433b, Nodes: 94b9433a-9fa9-48ae-83a7-d6636bfbcab0{ip: 192.168.5.158, host: byscane-nightly-vxsck-2133491976, networkLocation: /default-rack, certSerialId: null}, Type:RATIS, Factor:ONE, State:OPEN]
2019-08-06 04:00:00,248 INFO  impl.RaftServerProxy (RaftServerProxy.java:addNew(89)) - cc72ac89-3777-4424-826d-49e0d8cad7e1: addNew group-03BB3AC750E1:[cc72ac89-3777-4424-826d-49e0d8cad7e1:192.168.5.158:38241] returns group-03BB3AC750E1:java.util.concurrent.CompletableFuture@2ef1b8ee[Not completed]
2019-08-06 04:00:00,249 INFO  impl.RaftServerImpl (RaftServerImpl.java:<init>(93)) - cc72ac89-3777-4424-826d-49e0d8cad7e1: new RaftServerImpl for group-03BB3AC750E1:[cc72ac89-3777-4424-826d-49e0d8cad7e1:192.168.5.158:38241] with ContainerStateMachine:uninitialized
2019-08-06 04:00:00,250 INFO  server.RaftServerConfigKeys (ConfUtils.java:logGet(43)) - raft.server.rpc.timeout.min = 5s (custom)
2019-08-06 04:00:00,250 INFO  server.RaftServerConfigKeys (ConfUtils.java:logGet(43)) - raft.server.rpc.timeout.max = 5200ms (custom)
2019-08-06 04:00:00,250 INFO  server.RaftServerConfigKeys (ConfUtils.java:logGet(43)) - raft.server.rpcslowness.timeout = 120s (custom)
2019-08-06 04:00:00,250 INFO  server.RaftServerConfigKeys (ConfUtils.java:logGet(43)) - raft.server.sleep.deviation.threshold = 300 (default)
2019-08-06 04:00:00,250 INFO  server.RaftServerConfigKeys (ConfUtils.java:logGet(43)) - raft.server.log.appender.install.snapshot.enabled = false (custom)
2019-08-06 04:00:00,251 INFO  impl.RaftServerImpl (ServerState.java:<init>(105)) - cc72ac89-3777-4424-826d-49e0d8cad7e1:group-03BB3AC750E1 ConfigurationManager, init=-1: [cc72ac89-3777-4424-826d-49e0d8cad7e1:192.168.5.158:38241], old=null, confs=<EMPTY_MAP>
2019-08-06 04:00:00,251 INFO  server.RaftServerConfigKeys (ConfUtils.java:logGet(43)) - raft.server.storage.dir = [/workdir/hadoop-ozone/integration-test/target/test-dir/MiniOzoneClusterImpl-3ccb74c5-f290-4a5a-9dce-3cc2bd5106e0/datanode-1/data/ratis] (custom)
2019-08-06 04:00:00,251 INFO  storage.RaftStorageDirectory (RaftStorageDirectory.java:analyzeStorage(246)) - The storage directory /workdir/hadoop-ozone/integration-test/target/test-dir/MiniOzoneClusterImpl-3ccb74c5-f290-4a5a-9dce-3cc2bd5106e0/datanode-1/data/ratis/16a0cbe9-cbba-4f33-943f-03bb3ac750e1 does not exist. Creating ...
2019-08-06 04:00:00,263 INFO  storage.RaftStorageDirectory (RaftStorageDirectory.java:tryLock(328)) - Lock on /workdir/hadoop-ozone/integration-test/target/test-dir/MiniOzoneClusterImpl-3ccb74c5-f290-4a5a-9dce-3cc2bd5106e0/datanode-1/data/ratis/16a0cbe9-cbba-4f33-943f-03bb3ac750e1/in_use.lock acquired by nodename 16127@byscane-nightly-vxsck-2133491976
2019-08-06 04:00:00,272 INFO  storage.RaftStorage (RaftStorage.java:format(72)) - Storage directory /workdir/hadoop-ozone/integration-test/target/test-dir/MiniOzoneClusterImpl-3ccb74c5-f290-4a5a-9dce-3cc2bd5106e0/datanode-1/data/ratis/16a0cbe9-cbba-4f33-943f-03bb3ac750e1 has been successfully formatted.
2019-08-06 04:00:00,272 INFO  ratis.ContainerStateMachine (ContainerStateMachine.java:loadSnapshot(213)) - group-03BB3AC750E1: The snapshot info is null. Setting the last applied indexto:(t:0, i:~)
2019-08-06 04:00:00,272 INFO  server.RaftServerConfigKeys (ConfUtils.java:logGet(43)) - raft.server.leader.election.timeout = 120s (custom)
2019-08-06 04:00:00,272 INFO  server.RaftServerConfigKeys (ConfUtils.java:logGet(43)) - raft.server.log.use.memory = false (default)
2019-08-06 04:00:00,273 INFO  server.RaftServerConfigKeys (ConfUtils.java:logGet(43)) - raft.server.log.purge.gap = 1000000000 (custom)
2019-08-06 04:00:00,273 INFO  server.RaftServerConfigKeys (ConfUtils.java:logGet(43)) - raft.server.log.appender.buffer.byte-limit = 33554432 (custom)
2019-08-06 04:00:00,273 INFO  server.RaftServerConfigKeys (ConfUtils.java:logGet(43)) - raft.server.log.segment.size.max = 1048576 (custom)
2019-08-06 04:00:00,273 INFO  server.RaftServerConfigKeys (ConfUtils.java:logGet(43)) - raft.server.log.segment.cache.num.max = 2 (custom)
2019-08-06 04:00:00,273 INFO  segmented.SegmentedRaftLogWorker (SegmentedRaftLogWorker.java:<init>(172)) - new cc72ac89-3777-4424-826d-49e0d8cad7e1-SegmentedRaftLogWorker:Storage Directory /workdir/hadoop-ozone/integration-test/target/test-dir/MiniOzoneClusterImpl-3ccb74c5-f290-4a5a-9dce-3cc2bd5106e0/datanode-1/data/ratis/16a0cbe9-cbba-4f33-943f-03bb3ac750e1 for RaftStorage:Storage Directory /workdir/hadoop-ozone/integration-test/target/test-dir/MiniOzoneClusterImpl-3ccb74c5-f290-4a5a-9dce-3cc2bd5106e0/datanode-1/data/ratis/16a0cbe9-cbba-4f33-943f-03bb3ac750e1
2019-08-06 04:00:00,274 INFO  server.RaftServerConfigKeys (ConfUtils.java:logGet(43)) - raft.server.log.queue.byte-limit = 2147483647 (custom)
2019-08-06 04:00:00,274 INFO  server.RaftServerConfigKeys (ConfUtils.java:logGet(43)) - raft.server.log.queue.element-limit = 1024 (custom)
2019-08-06 04:00:00,274 INFO  server.RaftServerConfigKeys (ConfUtils.java:logGet(43)) - raft.server.log.segment.size.max = 1048576 (custom)
2019-08-06 04:00:00,274 INFO  server.RaftServerConfigKeys (ConfUtils.java:logGet(43)) - raft.server.log.preallocated.size = 16384 (custom)
2019-08-06 04:00:00,275 INFO  server.RaftServerConfigKeys (ConfUtils.java:logGet(43)) - raft.server.log.write.buffer.size = 33554432 (custom)
2019-08-06 04:00:00,275 INFO  server.RaftServerConfigKeys (ConfUtils.java:logGet(43)) - raft.server.log.force.sync.num = 128 (default)
2019-08-06 04:00:00,275 INFO  server.RaftServerConfigKeys (ConfUtils.java:logGet(43)) - raft.server.log.statemachine.data.sync = true (default)
2019-08-06 04:00:00,275 INFO  server.RaftServerConfigKeys (ConfUtils.java:logGet(43)) - raft.server.log.statemachine.data.sync.timeout = 10s (default)
2019-08-06 04:00:00,276 INFO  server.RaftServerConfigKeys (ConfUtils.java:logGet(43)) - raft.server.log.statemachine.data.sync.timeout.retry = -1 (default)
2019-08-06 04:00:00,276 INFO  server.RaftServerConfigKeys (ConfUtils.java:logGet(43)) - raft.server.log.statemachine.data.caching.enabled = true (custom)
2019-08-06 04:00:00,277 INFO  segmented.SegmentedRaftLogWorker (SegmentedRaftLogWorker.java:lambda$new$0(132)) - cc72ac89-3777-4424-826d-49e0d8cad7e1-SegmentedRaftLogWorker:Storage Directory /workdir/hadoop-ozone/integration-test/target/test-dir/MiniOzoneClusterImpl-3ccb74c5-f290-4a5a-9dce-3cc2bd5106e0/datanode-1/data/ratis/16a0cbe9-cbba-4f33-943f-03bb3ac750e1: flushIndex: setUnconditionally 0 -> -1
2019-08-06 04:00:00,277 INFO  server.RaftServerConfigKeys (ConfUtils.java:logGet(43)) - raft.server.snapshot.auto.trigger.enabled = true (custom)
2019-08-06 04:00:00,278 INFO  server.RaftServerConfigKeys (ConfUtils.java:logGet(43)) - raft.server.snapshot.auto.trigger.threshold = 10000 (custom)
2019-08-06 04:00:00,278 INFO  server.RaftServerConfigKeys (ConfUtils.java:logGet(43)) - raft.server.retrycache.expirytime = 600000ms (custom)
2019-08-06 04:00:00,278 INFO  impl.RaftServerImpl (RaftServerImpl.java:start(180)) - cc72ac89-3777-4424-826d-49e0d8cad7e1: start group-03BB3AC750E1
2019-08-06 04:00:00,279 INFO  impl.RaftServerImpl (RaftServerImpl.java:setRole(171)) - cc72ac89-3777-4424-826d-49e0d8cad7e1:group-03BB3AC750E1 changes role from null to FOLLOWER at term 0 for startAsFollower
2019-08-06 04:00:00,279 INFO  impl.RoleInfo (RoleInfo.java:updateAndGet(143)) - cc72ac89-3777-4424-826d-49e0d8cad7e1: start FollowerState
2019-08-06 04:00:00,279 INFO  util.JmxRegister (JmxRegister.java:tryRegister(44)) - Successfully registered JMX Bean with object name Ratis:service=RaftServer,group=group-03BB3AC750E1,id=cc72ac89-3777-4424-826d-49e0d8cad7e1
2019-08-06 04:00:00,291 INFO  pipeline.PipelineStateManager (PipelineStateManager.java:addPipeline(56)) - Created pipeline Pipeline[ Id: 16a0cbe9-cbba-4f33-943f-03bb3ac750e1, Nodes: cc72ac89-3777-4424-826d-49e0d8cad7e1{ip: 192.168.5.158, host: byscane-nightly-vxsck-2133491976, networkLocation: /default-rack, certSerialId: null}, Type:RATIS, Factor:ONE, State:OPEN]
2019-08-06 04:00:00,337 INFO  impl.RaftServerProxy (RaftServerProxy.java:addNew(89)) - de835e49-1c7e-4340-a18a-ead43fc03d6b: addNew group-C34138DEFB95:[a4a8aa91-b5ac-48d1-b631-c0458072a4d4:192.168.5.158:33571, 73cd4a4e-42c3-40e8-842b-0ce3707a011f:192.168.5.158:33326, de835e49-1c7e-4340-a18a-ead43fc03d6b:192.168.5.158:36972] returns group-C34138DEFB95:java.util.concurrent.CompletableFuture@63818e2f[Not completed]
2019-08-06 04:00:00,337 INFO  impl.RaftServerProxy (RaftServerProxy.java:addNew(89)) - 73cd4a4e-42c3-40e8-842b-0ce3707a011f: addNew group-C34138DEFB95:[a4a8aa91-b5ac-48d1-b631-c0458072a4d4:192.168.5.158:33571, 73cd4a4e-42c3-40e8-842b-0ce3707a011f:192.168.5.158:33326, de835e49-1c7e-4340-a18a-ead43fc03d6b:192.168.5.158:36972] returns group-C34138DEFB95:java.util.concurrent.CompletableFuture@6db9b2f[Not completed]
2019-08-06 04:00:00,341 INFO  impl.RaftServerProxy (RaftServerProxy.java:addNew(89)) - a4a8aa91-b5ac-48d1-b631-c0458072a4d4: addNew group-C34138DEFB95:[a4a8aa91-b5ac-48d1-b631-c0458072a4d4:192.168.5.158:33571, 73cd4a4e-42c3-40e8-842b-0ce3707a011f:192.168.5.158:33326, de835e49-1c7e-4340-a18a-ead43fc03d6b:192.168.5.158:36972] returns group-C34138DEFB95:java.util.concurrent.CompletableFuture@43d90590[Not completed]
2019-08-06 04:00:00,341 INFO  impl.RaftServerImpl (RaftServerImpl.java:<init>(93)) - de835e49-1c7e-4340-a18a-ead43fc03d6b: new RaftServerImpl for group-C34138DEFB95:[a4a8aa91-b5ac-48d1-b631-c0458072a4d4:192.168.5.158:33571, 73cd4a4e-42c3-40e8-842b-0ce3707a011f:192.168.5.158:33326, de835e49-1c7e-4340-a18a-ead43fc03d6b:192.168.5.158:36972] with ContainerStateMachine:uninitialized
2019-08-06 04:00:00,342 INFO  server.RaftServerConfigKeys (ConfUtils.java:logGet(43)) - raft.server.rpc.timeout.min = 5s (custom)
2019-08-06 04:00:00,342 INFO  server.RaftServerConfigKeys (ConfUtils.java:logGet(43)) - raft.server.rpc.timeout.max = 5200ms (custom)
2019-08-06 04:00:00,342 INFO  server.RaftServerConfigKeys (ConfUtils.java:logGet(43)) - raft.server.rpcslowness.timeout = 120s (custom)
2019-08-06 04:00:00,342 INFO  server.RaftServerConfigKeys (ConfUtils.java:logGet(43)) - raft.server.sleep.deviation.threshold = 300 (default)
2019-08-06 04:00:00,342 INFO  impl.RaftServerImpl (RaftServerImpl.java:<init>(93)) - 73cd4a4e-42c3-40e8-842b-0ce3707a011f: new RaftServerImpl for group-C34138DEFB95:[a4a8aa91-b5ac-48d1-b631-c0458072a4d4:192.168.5.158:33571, 73cd4a4e-42c3-40e8-842b-0ce3707a011f:192.168.5.158:33326, de835e49-1c7e-4340-a18a-ead43fc03d6b:192.168.5.158:36972] with ContainerStateMachine:uninitialized
2019-08-06 04:00:00,343 INFO  server.RaftServerConfigKeys (ConfUtils.java:logGet(43)) - raft.server.log.appender.install.snapshot.enabled = false (custom)
2019-08-06 04:00:00,343 INFO  server.RaftServerConfigKeys (ConfUtils.java:logGet(43)) - raft.server.rpc.timeout.min = 5s (custom)
2019-08-06 04:00:00,343 INFO  impl.RaftServerImpl (ServerState.java:<init>(105)) - de835e49-1c7e-4340-a18a-ead43fc03d6b:group-C34138DEFB95 ConfigurationManager, init=-1: [a4a8aa91-b5ac-48d1-b631-c0458072a4d4:192.168.5.158:33571, 73cd4a4e-42c3-40e8-842b-0ce3707a011f:192.168.5.158:33326, de835e49-1c7e-4340-a18a-ead43fc03d6b:192.168.5.158:36972], old=null, confs=<EMPTY_MAP>
2019-08-06 04:00:00,343 INFO  server.RaftServerConfigKeys (ConfUtils.java:logGet(43)) - raft.server.rpc.timeout.max = 5200ms (custom)
2019-08-06 04:00:00,343 INFO  server.RaftServerConfigKeys (ConfUtils.java:logGet(43)) - raft.server.rpcslowness.timeout = 120s (custom)
2019-08-06 04:00:00,343 INFO  server.RaftServerConfigKeys (ConfUtils.java:logGet(43)) - raft.server.storage.dir = [/workdir/hadoop-ozone/integration-test/target/test-dir/MiniOzoneClusterImpl-3ccb74c5-f290-4a5a-9dce-3cc2bd5106e0/datanode-0/data/ratis] (custom)
2019-08-06 04:00:00,344 INFO  impl.RaftServerImpl (RaftServerImpl.java:<init>(93)) - a4a8aa91-b5ac-48d1-b631-c0458072a4d4: new RaftServerImpl for group-C34138DEFB95:[a4a8aa91-b5ac-48d1-b631-c0458072a4d4:192.168.5.158:33571, 73cd4a4e-42c3-40e8-842b-0ce3707a011f:192.168.5.158:33326, de835e49-1c7e-4340-a18a-ead43fc03d6b:192.168.5.158:36972] with ContainerStateMachine:uninitialized
2019-08-06 04:00:00,344 INFO  server.RaftServerConfigKeys (ConfUtils.java:logGet(43)) - raft.server.sleep.deviation.threshold = 300 (default)
2019-08-06 04:00:00,344 INFO  server.RaftServerConfigKeys (ConfUtils.java:logGet(43)) - raft.server.rpc.timeout.min = 5s (custom)
2019-08-06 04:00:00,344 INFO  storage.RaftStorageDirectory (RaftStorageDirectory.java:analyzeStorage(246)) - The storage directory /workdir/hadoop-ozone/integration-test/target/test-dir/MiniOzoneClusterImpl-3ccb74c5-f290-4a5a-9dce-3cc2bd5106e0/datanode-0/data/ratis/b62b6465-a059-48a4-82fc-c34138defb95 does not exist. Creating ...
2019-08-06 04:00:00,344 INFO  server.RaftServerConfigKeys (ConfUtils.java:logGet(43)) - raft.server.rpc.timeout.max = 5200ms (custom)
2019-08-06 04:00:00,344 INFO  server.RaftServerConfigKeys (ConfUtils.java:logGet(43)) - raft.server.log.appender.install.snapshot.enabled = false (custom)
2019-08-06 04:00:00,345 INFO  server.RaftServerConfigKeys (ConfUtils.java:logGet(43)) - raft.server.rpcslowness.timeout = 120s (custom)
2019-08-06 04:00:00,345 INFO  impl.RaftServerImpl (ServerState.java:<init>(105)) - 73cd4a4e-42c3-40e8-842b-0ce3707a011f:group-C34138DEFB95 ConfigurationManager, init=-1: [a4a8aa91-b5ac-48d1-b631-c0458072a4d4:192.168.5.158:33571, 73cd4a4e-42c3-40e8-842b-0ce3707a011f:192.168.5.158:33326, de835e49-1c7e-4340-a18a-ead43fc03d6b:192.168.5.158:36972], old=null, confs=<EMPTY_MAP>
2019-08-06 04:00:00,345 INFO  server.RaftServerConfigKeys (ConfUtils.java:logGet(43)) - raft.server.sleep.deviation.threshold = 300 (default)
2019-08-06 04:00:00,345 INFO  server.RaftServerConfigKeys (ConfUtils.java:logGet(43)) - raft.server.storage.dir = [/workdir/hadoop-ozone/integration-test/target/test-dir/MiniOzoneClusterImpl-3ccb74c5-f290-4a5a-9dce-3cc2bd5106e0/datanode-3/data/ratis] (custom)
2019-08-06 04:00:00,346 INFO  server.RaftServerConfigKeys (ConfUtils.java:logGet(43)) - raft.server.log.appender.install.snapshot.enabled = false (custom)
2019-08-06 04:00:00,346 INFO  impl.RaftServerImpl (ServerState.java:<init>(105)) - a4a8aa91-b5ac-48d1-b631-c0458072a4d4:group-C34138DEFB95 ConfigurationManager, init=-1: [a4a8aa91-b5ac-48d1-b631-c0458072a4d4:192.168.5.158:33571, 73cd4a4e-42c3-40e8-842b-0ce3707a011f:192.168.5.158:33326, de835e49-1c7e-4340-a18a-ead43fc03d6b:192.168.5.158:36972], old=null, confs=<EMPTY_MAP>
2019-08-06 04:00:00,346 INFO  storage.RaftStorageDirectory (RaftStorageDirectory.java:analyzeStorage(246)) - The storage directory /workdir/hadoop-ozone/integration-test/target/test-dir/MiniOzoneClusterImpl-3ccb74c5-f290-4a5a-9dce-3cc2bd5106e0/datanode-3/data/ratis/b62b6465-a059-48a4-82fc-c34138defb95 does not exist. Creating ...
2019-08-06 04:00:00,346 INFO  server.RaftServerConfigKeys (ConfUtils.java:logGet(43)) - raft.server.storage.dir = [/workdir/hadoop-ozone/integration-test/target/test-dir/MiniOzoneClusterImpl-3ccb74c5-f290-4a5a-9dce-3cc2bd5106e0/datanode-2/data/ratis] (custom)
2019-08-06 04:00:00,347 INFO  storage.RaftStorageDirectory (RaftStorageDirectory.java:analyzeStorage(246)) - The storage directory /workdir/hadoop-ozone/integration-test/target/test-dir/MiniOzoneClusterImpl-3ccb74c5-f290-4a5a-9dce-3cc2bd5106e0/datanode-2/data/ratis/b62b6465-a059-48a4-82fc-c34138defb95 does not exist. Creating ...
2019-08-06 04:00:00,358 INFO  storage.RaftStorageDirectory (RaftStorageDirectory.java:tryLock(328)) - Lock on /workdir/hadoop-ozone/integration-test/target/test-dir/MiniOzoneClusterImpl-3ccb74c5-f290-4a5a-9dce-3cc2bd5106e0/datanode-0/data/ratis/b62b6465-a059-48a4-82fc-c34138defb95/in_use.lock acquired by nodename 16127@byscane-nightly-vxsck-2133491976
2019-08-06 04:00:00,358 INFO  storage.RaftStorageDirectory (RaftStorageDirectory.java:tryLock(328)) - Lock on /workdir/hadoop-ozone/integration-test/target/test-dir/MiniOzoneClusterImpl-3ccb74c5-f290-4a5a-9dce-3cc2bd5106e0/datanode-2/data/ratis/b62b6465-a059-48a4-82fc-c34138defb95/in_use.lock acquired by nodename 16127@byscane-nightly-vxsck-2133491976
2019-08-06 04:00:00,358 INFO  storage.RaftStorageDirectory (RaftStorageDirectory.java:tryLock(328)) - Lock on /workdir/hadoop-ozone/integration-test/target/test-dir/MiniOzoneClusterImpl-3ccb74c5-f290-4a5a-9dce-3cc2bd5106e0/datanode-3/data/ratis/b62b6465-a059-48a4-82fc-c34138defb95/in_use.lock acquired by nodename 16127@byscane-nightly-vxsck-2133491976
2019-08-06 04:00:00,363 INFO  storage.RaftStorage (RaftStorage.java:format(72)) - Storage directory /workdir/hadoop-ozone/integration-test/target/test-dir/MiniOzoneClusterImpl-3ccb74c5-f290-4a5a-9dce-3cc2bd5106e0/datanode-0/data/ratis/b62b6465-a059-48a4-82fc-c34138defb95 has been successfully formatted.
2019-08-06 04:00:00,363 INFO  storage.RaftStorage (RaftStorage.java:format(72)) - Storage directory /workdir/hadoop-ozone/integration-test/target/test-dir/MiniOzoneClusterImpl-3ccb74c5-f290-4a5a-9dce-3cc2bd5106e0/datanode-2/data/ratis/b62b6465-a059-48a4-82fc-c34138defb95 has been successfully formatted.
2019-08-06 04:00:00,363 INFO  ratis.ContainerStateMachine (ContainerStateMachine.java:loadSnapshot(213)) - group-C34138DEFB95: The snapshot info is null. Setting the last applied indexto:(t:0, i:~)
2019-08-06 04:00:00,363 INFO  storage.RaftStorage (RaftStorage.java:format(72)) - Storage directory /workdir/hadoop-ozone/integration-test/target/test-dir/MiniOzoneClusterImpl-3ccb74c5-f290-4a5a-9dce-3cc2bd5106e0/datanode-3/data/ratis/b62b6465-a059-48a4-82fc-c34138defb95 has been successfully formatted.
2019-08-06 04:00:00,363 INFO  ratis.ContainerStateMachine (ContainerStateMachine.java:loadSnapshot(213)) - group-C34138DEFB95: The snapshot info is null. Setting the last applied indexto:(t:0, i:~)
2019-08-06 04:00:00,363 INFO  ratis.ContainerStateMachine (ContainerStateMachine.java:loadSnapshot(213)) - group-C34138DEFB95: The snapshot info is null. Setting the last applied indexto:(t:0, i:~)
2019-08-06 04:00:00,363 INFO  server.RaftServerConfigKeys (ConfUtils.java:logGet(43)) - raft.server.leader.election.timeout = 120s (custom)
2019-08-06 04:00:00,364 INFO  server.RaftServerConfigKeys (ConfUtils.java:logGet(43)) - raft.server.leader.election.timeout = 120s (custom)
2019-08-06 04:00:00,363 INFO  server.RaftServerConfigKeys (ConfUtils.java:logGet(43)) - raft.server.leader.election.timeout = 120s (custom)
2019-08-06 04:00:00,364 INFO  server.RaftServerConfigKeys (ConfUtils.java:logGet(43)) - raft.server.log.use.memory = false (default)
2019-08-06 04:00:00,364 INFO  server.RaftServerConfigKeys (ConfUtils.java:logGet(43)) - raft.server.log.use.memory = false (default)
2019-08-06 04:00:00,364 INFO  server.RaftServerConfigKeys (ConfUtils.java:logGet(43)) - raft.server.log.purge.gap = 1000000000 (custom)
2019-08-06 04:00:00,364 INFO  server.RaftServerConfigKeys (ConfUtils.java:logGet(43)) - raft.server.log.use.memory = false (default)
2019-08-06 04:00:00,364 INFO  server.RaftServerConfigKeys (ConfUtils.java:logGet(43)) - raft.server.log.appender.buffer.byte-limit = 33554432 (custom)
2019-08-06 04:00:00,364 INFO  server.RaftServerConfigKeys (ConfUtils.java:logGet(43)) - raft.server.log.purge.gap = 1000000000 (custom)
2019-08-06 04:00:00,365 INFO  server.RaftServerConfigKeys (ConfUtils.java:logGet(43)) - raft.server.log.segment.size.max = 1048576 (custom)
2019-08-06 04:00:00,365 INFO  server.RaftServerConfigKeys (ConfUtils.java:logGet(43)) - raft.server.log.purge.gap = 1000000000 (custom)
2019-08-06 04:00:00,365 INFO  server.RaftServerConfigKeys (ConfUtils.java:logGet(43)) - raft.server.log.segment.cache.num.max = 2 (custom)
2019-08-06 04:00:00,365 INFO  server.RaftServerConfigKeys (ConfUtils.java:logGet(43)) - raft.server.log.appender.buffer.byte-limit = 33554432 (custom)
2019-08-06 04:00:00,365 INFO  segmented.SegmentedRaftLogWorker (SegmentedRaftLogWorker.java:<init>(172)) - new 73cd4a4e-42c3-40e8-842b-0ce3707a011f-SegmentedRaftLogWorker:Storage Directory /workdir/hadoop-ozone/integration-test/target/test-dir/MiniOzoneClusterImpl-3ccb74c5-f290-4a5a-9dce-3cc2bd5106e0/datanode-3/data/ratis/b62b6465-a059-48a4-82fc-c34138defb95 for RaftStorage:Storage Directory /workdir/hadoop-ozone/integration-test/target/test-dir/MiniOzoneClusterImpl-3ccb74c5-f290-4a5a-9dce-3cc2bd5106e0/datanode-3/data/ratis/b62b6465-a059-48a4-82fc-c34138defb95
2019-08-06 04:00:00,365 INFO  server.RaftServerConfigKeys (ConfUtils.java:logGet(43)) - raft.server.log.appender.buffer.byte-limit = 33554432 (custom)
2019-08-06 04:00:00,366 INFO  server.RaftServerConfigKeys (ConfUtils.java:logGet(43)) - raft.server.log.queue.byte-limit = 2147483647 (custom)
2019-08-06 04:00:00,366 INFO  server.RaftServerConfigKeys (ConfUtils.java:logGet(43)) - raft.server.log.segment.size.max = 1048576 (custom)
2019-08-06 04:00:00,368 INFO  server.RaftServerConfigKeys (ConfUtils.java:logGet(43)) - raft.server.log.queue.element-limit = 1024 (custom)
2019-08-06 04:00:00,368 INFO  server.RaftServerConfigKeys (ConfUtils.java:logGet(43)) - raft.server.log.segment.size.max = 1048576 (custom)
2019-08-06 04:00:00,368 INFO  server.RaftServerConfigKeys (ConfUtils.java:logGet(43)) - raft.server.log.segment.size.max = 1048576 (custom)
2019-08-06 04:00:00,368 INFO  server.RaftServerConfigKeys (ConfUtils.java:logGet(43)) - raft.server.log.segment.cache.num.max = 2 (custom)
2019-08-06 04:00:00,368 INFO  server.RaftServerConfigKeys (ConfUtils.java:logGet(43)) - raft.server.log.preallocated.size = 16384 (custom)
2019-08-06 04:00:00,368 INFO  server.RaftServerConfigKeys (ConfUtils.java:logGet(43)) - raft.server.log.segment.cache.num.max = 2 (custom)
2019-08-06 04:00:00,369 INFO  server.RaftServerConfigKeys (ConfUtils.java:logGet(43)) - raft.server.log.write.buffer.size = 33554432 (custom)
2019-08-06 04:00:00,369 INFO  segmented.SegmentedRaftLogWorker (SegmentedRaftLogWorker.java:<init>(172)) - new de835e49-1c7e-4340-a18a-ead43fc03d6b-SegmentedRaftLogWorker:Storage Directory /workdir/hadoop-ozone/integration-test/target/test-dir/MiniOzoneClusterImpl-3ccb74c5-f290-4a5a-9dce-3cc2bd5106e0/datanode-0/data/ratis/b62b6465-a059-48a4-82fc-c34138defb95 for RaftStorage:Storage Directory /workdir/hadoop-ozone/integration-test/target/test-dir/MiniOzoneClusterImpl-3ccb74c5-f290-4a5a-9dce-3cc2bd5106e0/datanode-0/data/ratis/b62b6465-a059-48a4-82fc-c34138defb95
2019-08-06 04:00:00,369 INFO  server.RaftServerConfigKeys (ConfUtils.java:logGet(43)) - raft.server.log.force.sync.num = 128 (default)
2019-08-06 04:00:00,369 INFO  segmented.SegmentedRaftLogWorker (SegmentedRaftLogWorker.java:<init>(172)) - new a4a8aa91-b5ac-48d1-b631-c0458072a4d4-SegmentedRaftLogWorker:Storage Directory /workdir/hadoop-ozone/integration-test/target/test-dir/MiniOzoneClusterImpl-3ccb74c5-f290-4a5a-9dce-3cc2bd5106e0/datanode-2/data/ratis/b62b6465-a059-48a4-82fc-c34138defb95 for RaftStorage:Storage Directory /workdir/hadoop-ozone/integration-test/target/test-dir/MiniOzoneClusterImpl-3ccb74c5-f290-4a5a-9dce-3cc2bd5106e0/datanode-2/data/ratis/b62b6465-a059-48a4-82fc-c34138defb95
2019-08-06 04:00:00,369 INFO  server.RaftServerConfigKeys (ConfUtils.java:logGet(43)) - raft.server.log.statemachine.data.sync = true (default)
2019-08-06 04:00:00,369 INFO  server.RaftServerConfigKeys (ConfUtils.java:logGet(43)) - raft.server.log.queue.byte-limit = 2147483647 (custom)
2019-08-06 04:00:00,373 INFO  server.RaftServerConfigKeys (ConfUtils.java:logGet(43)) - raft.server.log.statemachine.data.sync.timeout = 10s (default)
2019-08-06 04:00:00,371 INFO  server.RaftServerConfigKeys (ConfUtils.java:logGet(43)) - raft.server.log.queue.byte-limit = 2147483647 (custom)
2019-08-06 04:00:00,373 INFO  server.RaftServerConfigKeys (ConfUtils.java:logGet(43)) - raft.server.log.statemachine.data.sync.timeout.retry = -1 (default)
2019-08-06 04:00:00,373 INFO  server.RaftServerConfigKeys (ConfUtils.java:logGet(43)) - raft.server.log.queue.element-limit = 1024 (custom)
2019-08-06 04:00:00,374 INFO  server.RaftServerConfigKeys (ConfUtils.java:logGet(43)) - raft.server.log.statemachine.data.caching.enabled = true (custom)
2019-08-06 04:00:00,373 INFO  server.RaftServerConfigKeys (ConfUtils.java:logGet(43)) - raft.server.log.queue.element-limit = 1024 (custom)
2019-08-06 04:00:00,374 INFO  server.RaftServerConfigKeys (ConfUtils.java:logGet(43)) - raft.server.log.segment.size.max = 1048576 (custom)
2019-08-06 04:00:00,374 INFO  server.RaftServerConfigKeys (ConfUtils.java:logGet(43)) - raft.server.log.segment.size.max = 1048576 (custom)
2019-08-06 04:00:00,374 INFO  segmented.SegmentedRaftLogWorker (SegmentedRaftLogWorker.java:lambda$new$0(132)) - 73cd4a4e-42c3-40e8-842b-0ce3707a011f-SegmentedRaftLogWorker:Storage Directory /workdir/hadoop-ozone/integration-test/target/test-dir/MiniOzoneClusterImpl-3ccb74c5-f290-4a5a-9dce-3cc2bd5106e0/datanode-3/data/ratis/b62b6465-a059-48a4-82fc-c34138defb95: flushIndex: setUnconditionally 0 -> -1
2019-08-06 04:00:00,374 INFO  server.RaftServerConfigKeys (ConfUtils.java:logGet(43)) - raft.server.log.preallocated.size = 16384 (custom)
2019-08-06 04:00:00,374 INFO  server.RaftServerConfigKeys (ConfUtils.java:logGet(43)) - raft.server.log.preallocated.size = 16384 (custom)
2019-08-06 04:00:00,375 INFO  server.RaftServerConfigKeys (ConfUtils.java:logGet(43)) - raft.server.snapshot.auto.trigger.enabled = true (custom)
2019-08-06 04:00:00,375 INFO  server.RaftServerConfigKeys (ConfUtils.java:logGet(43)) - raft.server.log.write.buffer.size = 33554432 (custom)
2019-08-06 04:00:00,375 INFO  server.RaftServerConfigKeys (ConfUtils.java:logGet(43)) - raft.server.snapshot.auto.trigger.threshold = 10000 (custom)
2019-08-06 04:00:00,375 INFO  server.RaftServerConfigKeys (ConfUtils.java:logGet(43)) - raft.server.log.write.buffer.size = 33554432 (custom)
2019-08-06 04:00:00,375 INFO  server.RaftServerConfigKeys (ConfUtils.java:logGet(43)) - raft.server.retrycache.expirytime = 600000ms (custom)
2019-08-06 04:00:00,375 INFO  server.RaftServerConfigKeys (ConfUtils.java:logGet(43)) - raft.server.log.force.sync.num = 128 (default)
2019-08-06 04:00:00,376 INFO  impl.RaftServerImpl (RaftServerImpl.java:start(180)) - 73cd4a4e-42c3-40e8-842b-0ce3707a011f: start group-C34138DEFB95
2019-08-06 04:00:00,376 INFO  server.RaftServerConfigKeys (ConfUtils.java:logGet(43)) - raft.server.log.force.sync.num = 128 (default)
2019-08-06 04:00:00,376 INFO  impl.RaftServerImpl (RaftServerImpl.java:setRole(171)) - 73cd4a4e-42c3-40e8-842b-0ce3707a011f:group-C34138DEFB95 changes role from null to FOLLOWER at term 0 for startAsFollower
2019-08-06 04:00:00,376 INFO  server.RaftServerConfigKeys (ConfUtils.java:logGet(43)) - raft.server.log.statemachine.data.sync = true (default)
2019-08-06 04:00:00,376 INFO  impl.RoleInfo (RoleInfo.java:updateAndGet(143)) - 73cd4a4e-42c3-40e8-842b-0ce3707a011f: start FollowerState
2019-08-06 04:00:00,376 INFO  server.RaftServerConfigKeys (ConfUtils.java:logGet(43)) - raft.server.log.statemachine.data.sync = true (default)
2019-08-06 04:00:00,376 INFO  server.RaftServerConfigKeys (ConfUtils.java:logGet(43)) - raft.server.log.statemachine.data.sync.timeout = 10s (default)
2019-08-06 04:00:00,377 INFO  util.JmxRegister (JmxRegister.java:tryRegister(44)) - Successfully registered JMX Bean with object name Ratis:service=RaftServer,group=group-C34138DEFB95,id=73cd4a4e-42c3-40e8-842b-0ce3707a011f
2019-08-06 04:00:00,377 INFO  server.RaftServerConfigKeys (ConfUtils.java:logGet(43)) - raft.server.log.statemachine.data.sync.timeout = 10s (default)
2019-08-06 04:00:00,377 INFO  server.RaftServerConfigKeys (ConfUtils.java:logGet(43)) - raft.server.log.statemachine.data.sync.timeout.retry = -1 (default)
2019-08-06 04:00:00,377 INFO  server.RaftServerConfigKeys (ConfUtils.java:logGet(43)) - raft.server.log.statemachine.data.sync.timeout.retry = -1 (default)
2019-08-06 04:00:00,378 INFO  server.RaftServerConfigKeys (ConfUtils.java:logGet(43)) - raft.server.log.statemachine.data.caching.enabled = true (custom)
2019-08-06 04:00:00,378 INFO  server.RaftServerConfigKeys (ConfUtils.java:logGet(43)) - raft.server.log.statemachine.data.caching.enabled = true (custom)
2019-08-06 04:00:00,378 INFO  segmented.SegmentedRaftLogWorker (SegmentedRaftLogWorker.java:lambda$new$0(132)) - a4a8aa91-b5ac-48d1-b631-c0458072a4d4-SegmentedRaftLogWorker:Storage Directory /workdir/hadoop-ozone/integration-test/target/test-dir/MiniOzoneClusterImpl-3ccb74c5-f290-4a5a-9dce-3cc2bd5106e0/datanode-2/data/ratis/b62b6465-a059-48a4-82fc-c34138defb95: flushIndex: setUnconditionally 0 -> -1
2019-08-06 04:00:00,378 INFO  segmented.SegmentedRaftLogWorker (SegmentedRaftLogWorker.java:lambda$new$0(132)) - de835e49-1c7e-4340-a18a-ead43fc03d6b-SegmentedRaftLogWorker:Storage Directory /workdir/hadoop-ozone/integration-test/target/test-dir/MiniOzoneClusterImpl-3ccb74c5-f290-4a5a-9dce-3cc2bd5106e0/datanode-0/data/ratis/b62b6465-a059-48a4-82fc-c34138defb95: flushIndex: setUnconditionally 0 -> -1
2019-08-06 04:00:00,381 INFO  server.RaftServerConfigKeys (ConfUtils.java:logGet(43)) - raft.server.snapshot.auto.trigger.enabled = true (custom)
2019-08-06 04:00:00,381 INFO  server.RaftServerConfigKeys (ConfUtils.java:logGet(43)) - raft.server.snapshot.auto.trigger.enabled = true (custom)
2019-08-06 04:00:00,381 INFO  server.RaftServerConfigKeys (ConfUtils.java:logGet(43)) - raft.server.snapshot.auto.trigger.threshold = 10000 (custom)
2019-08-06 04:00:00,383 INFO  server.RaftServerConfigKeys (ConfUtils.java:logGet(43)) - raft.server.snapshot.auto.trigger.threshold = 10000 (custom)
2019-08-06 04:00:00,383 INFO  server.RaftServerConfigKeys (ConfUtils.java:logGet(43)) - raft.server.retrycache.expirytime = 600000ms (custom)
2019-08-06 04:00:00,383 INFO  server.RaftServerConfigKeys (ConfUtils.java:logGet(43)) - raft.server.retrycache.expirytime = 600000ms (custom)
2019-08-06 04:00:00,385 INFO  impl.RaftServerImpl (RaftServerImpl.java:start(180)) - de835e49-1c7e-4340-a18a-ead43fc03d6b: start group-C34138DEFB95
2019-08-06 04:00:00,385 INFO  impl.RaftServerImpl (RaftServerImpl.java:start(180)) - a4a8aa91-b5ac-48d1-b631-c0458072a4d4: start group-C34138DEFB95
2019-08-06 04:00:00,385 INFO  impl.RaftServerImpl (RaftServerImpl.java:setRole(171)) - de835e49-1c7e-4340-a18a-ead43fc03d6b:group-C34138DEFB95 changes role from null to FOLLOWER at term 0 for startAsFollower
2019-08-06 04:00:00,392 INFO  impl.RaftServerImpl (RaftServerImpl.java:setRole(171)) - a4a8aa91-b5ac-48d1-b631-c0458072a4d4:group-C34138DEFB95 changes role from null to FOLLOWER at term 0 for startAsFollower
2019-08-06 04:00:00,392 INFO  impl.RoleInfo (RoleInfo.java:updateAndGet(143)) - de835e49-1c7e-4340-a18a-ead43fc03d6b: start FollowerState
2019-08-06 04:00:00,395 INFO  impl.RoleInfo (RoleInfo.java:updateAndGet(143)) - a4a8aa91-b5ac-48d1-b631-c0458072a4d4: start FollowerState
2019-08-06 04:00:00,395 INFO  util.JmxRegister (JmxRegister.java:tryRegister(44)) - Successfully registered JMX Bean with object name Ratis:service=RaftServer,group=group-C34138DEFB95,id=de835e49-1c7e-4340-a18a-ead43fc03d6b
2019-08-06 04:00:00,395 INFO  util.JmxRegister (JmxRegister.java:tryRegister(44)) - Successfully registered JMX Bean with object name Ratis:service=RaftServer,group=group-C34138DEFB95,id=a4a8aa91-b5ac-48d1-b631-c0458072a4d4
2019-08-06 04:00:00,414 INFO  pipeline.PipelineStateManager (PipelineStateManager.java:addPipeline(56)) - Created pipeline Pipeline[ Id: b62b6465-a059-48a4-82fc-c34138defb95, Nodes: de835e49-1c7e-4340-a18a-ead43fc03d6b{ip: 192.168.5.158, host: byscane-nightly-vxsck-2133491976, networkLocation: /default-rack, certSerialId: null}73cd4a4e-42c3-40e8-842b-0ce3707a011f{ip: 192.168.5.158, host: byscane-nightly-vxsck-2133491976, networkLocation: /default-rack, certSerialId: null}a4a8aa91-b5ac-48d1-b631-c0458072a4d4{ip: 192.168.5.158, host: byscane-nightly-vxsck-2133491976, networkLocation: /default-rack, certSerialId: null}, Type:RATIS, Factor:THREE, State:OPEN]
2019-08-06 04:00:00,446 INFO  impl.RaftServerProxy (RaftServerProxy.java:addNew(89)) - cc72ac89-3777-4424-826d-49e0d8cad7e1: addNew group-4270BC23B2C1:[cc72ac89-3777-4424-826d-49e0d8cad7e1:192.168.5.158:38241, 94b9433a-9fa9-48ae-83a7-d6636bfbcab0:192.168.5.158:41681, 90fd38de-1e9c-4165-9fac-00006e188e54:192.168.5.158:35030] returns group-4270BC23B2C1:java.util.concurrent.CompletableFuture@4b81f237[Not completed]
2019-08-06 04:00:00,446 INFO  impl.RaftServerProxy (RaftServerProxy.java:addNew(89)) - 94b9433a-9fa9-48ae-83a7-d6636bfbcab0: addNew group-4270BC23B2C1:[cc72ac89-3777-4424-826d-49e0d8cad7e1:192.168.5.158:38241, 94b9433a-9fa9-48ae-83a7-d6636bfbcab0:192.168.5.158:41681, 90fd38de-1e9c-4165-9fac-00006e188e54:192.168.5.158:35030] returns group-4270BC23B2C1:java.util.concurrent.CompletableFuture@7646a9[Not completed]
2019-08-06 04:00:00,448 INFO  impl.RaftServerProxy (RaftServerProxy.java:addNew(89)) - 90fd38de-1e9c-4165-9fac-00006e188e54: addNew group-4270BC23B2C1:[cc72ac89-3777-4424-826d-49e0d8cad7e1:192.168.5.158:38241, 94b9433a-9fa9-48ae-83a7-d6636bfbcab0:192.168.5.158:41681, 90fd38de-1e9c-4165-9fac-00006e188e54:192.168.5.158:35030] returns group-4270BC23B2C1:java.util.concurrent.CompletableFuture@7250604d[Not completed]
2019-08-06 04:00:00,449 INFO  impl.RaftServerImpl (RaftServerImpl.java:<init>(93)) - cc72ac89-3777-4424-826d-49e0d8cad7e1: new RaftServerImpl for group-4270BC23B2C1:[cc72ac89-3777-4424-826d-49e0d8cad7e1:192.168.5.158:38241, 94b9433a-9fa9-48ae-83a7-d6636bfbcab0:192.168.5.158:41681, 90fd38de-1e9c-4165-9fac-00006e188e54:192.168.5.158:35030] with ContainerStateMachine:uninitialized
2019-08-06 04:00:00,449 INFO  server.RaftServerConfigKeys (ConfUtils.java:logGet(43)) - raft.server.rpc.timeout.min = 5s (custom)
2019-08-06 04:00:00,450 INFO  server.RaftServerConfigKeys (ConfUtils.java:logGet(43)) - raft.server.rpc.timeout.max = 5200ms (custom)
2019-08-06 04:00:00,450 INFO  server.RaftServerConfigKeys (ConfUtils.java:logGet(43)) - raft.server.rpcslowness.timeout = 120s (custom)
2019-08-06 04:00:00,450 INFO  server.RaftServerConfigKeys (ConfUtils.java:logGet(43)) - raft.server.sleep.deviation.threshold = 300 (default)
2019-08-06 04:00:00,450 INFO  server.RaftServerConfigKeys (ConfUtils.java:logGet(43)) - raft.server.log.appender.install.snapshot.enabled = false (custom)
2019-08-06 04:00:00,450 INFO  impl.RaftServerImpl (ServerState.java:<init>(105)) - cc72ac89-3777-4424-826d-49e0d8cad7e1:group-4270BC23B2C1 ConfigurationManager, init=-1: [cc72ac89-3777-4424-826d-49e0d8cad7e1:192.168.5.158:38241, 94b9433a-9fa9-48ae-83a7-d6636bfbcab0:192.168.5.158:41681, 90fd38de-1e9c-4165-9fac-00006e188e54:192.168.5.158:35030], old=null, confs=<EMPTY_MAP>
2019-08-06 04:00:00,450 INFO  server.RaftServerConfigKeys (ConfUtils.java:logGet(43)) - raft.server.storage.dir = [/workdir/hadoop-ozone/integration-test/target/test-dir/MiniOzoneClusterImpl-3ccb74c5-f290-4a5a-9dce-3cc2bd5106e0/datanode-1/data/ratis] (custom)
2019-08-06 04:00:00,451 INFO  impl.RaftServerImpl (RaftServerImpl.java:<init>(93)) - 90fd38de-1e9c-4165-9fac-00006e188e54: new RaftServerImpl for group-4270BC23B2C1:[cc72ac89-3777-4424-826d-49e0d8cad7e1:192.168.5.158:38241, 94b9433a-9fa9-48ae-83a7-d6636bfbcab0:192.168.5.158:41681, 90fd38de-1e9c-4165-9fac-00006e188e54:192.168.5.158:35030] with ContainerStateMachine:uninitialized
2019-08-06 04:00:00,451 INFO  storage.RaftStorageDirectory (RaftStorageDirectory.java:analyzeStorage(246)) - The storage directory /workdir/hadoop-ozone/integration-test/target/test-dir/MiniOzoneClusterImpl-3ccb74c5-f290-4a5a-9dce-3cc2bd5106e0/datanode-1/data/ratis/3d3abd0d-a2ea-469e-b354-4270bc23b2c1 does not exist. Creating ...
2019-08-06 04:00:00,451 INFO  server.RaftServerConfigKeys (ConfUtils.java:logGet(43)) - raft.server.rpc.timeout.min = 5s (custom)
2019-08-06 04:00:00,451 INFO  server.RaftServerConfigKeys (ConfUtils.java:logGet(43)) - raft.server.rpc.timeout.max = 5200ms (custom)
2019-08-06 04:00:00,452 INFO  server.RaftServerConfigKeys (ConfUtils.java:logGet(43)) - raft.server.rpcslowness.timeout = 120s (custom)
2019-08-06 04:00:00,452 INFO  server.RaftServerConfigKeys (ConfUtils.java:logGet(43)) - raft.server.sleep.deviation.threshold = 300 (default)
2019-08-06 04:00:00,452 INFO  impl.RaftServerImpl (RaftServerImpl.java:<init>(93)) - 94b9433a-9fa9-48ae-83a7-d6636bfbcab0: new RaftServerImpl for group-4270BC23B2C1:[cc72ac89-3777-4424-826d-49e0d8cad7e1:192.168.5.158:38241, 94b9433a-9fa9-48ae-83a7-d6636bfbcab0:192.168.5.158:41681, 90fd38de-1e9c-4165-9fac-00006e188e54:192.168.5.158:35030] with ContainerStateMachine:uninitialized
2019-08-06 04:00:00,452 INFO  server.RaftServerConfigKeys (ConfUtils.java:logGet(43)) - raft.server.log.appender.install.snapshot.enabled = false (custom)
2019-08-06 04:00:00,452 INFO  server.RaftServerConfigKeys (ConfUtils.java:logGet(43)) - raft.server.rpc.timeout.min = 5s (custom)
2019-08-06 04:00:00,452 INFO  impl.RaftServerImpl (ServerState.java:<init>(105)) - 90fd38de-1e9c-4165-9fac-00006e188e54:group-4270BC23B2C1 ConfigurationManager, init=-1: [cc72ac89-3777-4424-826d-49e0d8cad7e1:192.168.5.158:38241, 94b9433a-9fa9-48ae-83a7-d6636bfbcab0:192.168.5.158:41681, 90fd38de-1e9c-4165-9fac-00006e188e54:192.168.5.158:35030], old=null, confs=<EMPTY_MAP>
2019-08-06 04:00:00,453 INFO  server.RaftServerConfigKeys (ConfUtils.java:logGet(43)) - raft.server.rpc.timeout.max = 5200ms (custom)
2019-08-06 04:00:00,453 INFO  server.RaftServerConfigKeys (ConfUtils.java:logGet(43)) - raft.server.storage.dir = [/workdir/hadoop-ozone/integration-test/target/test-dir/MiniOzoneClusterImpl-3ccb74c5-f290-4a5a-9dce-3cc2bd5106e0/datanode-4/data/ratis] (custom)
2019-08-06 04:00:00,453 INFO  server.RaftServerConfigKeys (ConfUtils.java:logGet(43)) - raft.server.rpcslowness.timeout = 120s (custom)
2019-08-06 04:00:00,453 INFO  server.RaftServerConfigKeys (ConfUtils.java:logGet(43)) - raft.server.sleep.deviation.threshold = 300 (default)
2019-08-06 04:00:00,453 INFO  storage.RaftStorageDirectory (RaftStorageDirectory.java:analyzeStorage(246)) - The storage directory /workdir/hadoop-ozone/integration-test/target/test-dir/MiniOzoneClusterImpl-3ccb74c5-f290-4a5a-9dce-3cc2bd5106e0/datanode-4/data/ratis/3d3abd0d-a2ea-469e-b354-4270bc23b2c1 does not exist. Creating ...
2019-08-06 04:00:00,453 INFO  server.RaftServerConfigKeys (ConfUtils.java:logGet(43)) - raft.server.log.appender.install.snapshot.enabled = false (custom)
2019-08-06 04:00:00,454 INFO  impl.RaftServerImpl (ServerState.java:<init>(105)) - 94b9433a-9fa9-48ae-83a7-d6636bfbcab0:group-4270BC23B2C1 ConfigurationManager, init=-1: [cc72ac89-3777-4424-826d-49e0d8cad7e1:192.168.5.158:38241, 94b9433a-9fa9-48ae-83a7-d6636bfbcab0:192.168.5.158:41681, 90fd38de-1e9c-4165-9fac-00006e188e54:192.168.5.158:35030], old=null, confs=<EMPTY_MAP>
2019-08-06 04:00:00,454 INFO  server.RaftServerConfigKeys (ConfUtils.java:logGet(43)) - raft.server.storage.dir = [/workdir/hadoop-ozone/integration-test/target/test-dir/MiniOzoneClusterImpl-3ccb74c5-f290-4a5a-9dce-3cc2bd5106e0/datanode-5/data/ratis] (custom)
2019-08-06 04:00:00,454 INFO  storage.RaftStorageDirectory (RaftStorageDirectory.java:analyzeStorage(246)) - The storage directory /workdir/hadoop-ozone/integration-test/target/test-dir/MiniOzoneClusterImpl-3ccb74c5-f290-4a5a-9dce-3cc2bd5106e0/datanode-5/data/ratis/3d3abd0d-a2ea-469e-b354-4270bc23b2c1 does not exist. Creating ...
2019-08-06 04:00:00,464 INFO  storage.RaftStorageDirectory (RaftStorageDirectory.java:tryLock(328)) - Lock on /workdir/hadoop-ozone/integration-test/target/test-dir/MiniOzoneClusterImpl-3ccb74c5-f290-4a5a-9dce-3cc2bd5106e0/datanode-1/data/ratis/3d3abd0d-a2ea-469e-b354-4270bc23b2c1/in_use.lock acquired by nodename 16127@byscane-nightly-vxsck-2133491976
2019-08-06 04:00:00,464 INFO  storage.RaftStorageDirectory (RaftStorageDirectory.java:tryLock(328)) - Lock on /workdir/hadoop-ozone/integration-test/target/test-dir/MiniOzoneClusterImpl-3ccb74c5-f290-4a5a-9dce-3cc2bd5106e0/datanode-4/data/ratis/3d3abd0d-a2ea-469e-b354-4270bc23b2c1/in_use.lock acquired by nodename 16127@byscane-nightly-vxsck-2133491976
2019-08-06 04:00:00,464 INFO  storage.RaftStorageDirectory (RaftStorageDirectory.java:tryLock(328)) - Lock on /workdir/hadoop-ozone/integration-test/target/test-dir/MiniOzoneClusterImpl-3ccb74c5-f290-4a5a-9dce-3cc2bd5106e0/datanode-5/data/ratis/3d3abd0d-a2ea-469e-b354-4270bc23b2c1/in_use.lock acquired by nodename 16127@byscane-nightly-vxsck-2133491976
2019-08-06 04:00:00,468 INFO  storage.RaftStorage (RaftStorage.java:format(72)) - Storage directory /workdir/hadoop-ozone/integration-test/target/test-dir/MiniOzoneClusterImpl-3ccb74c5-f290-4a5a-9dce-3cc2bd5106e0/datanode-1/data/ratis/3d3abd0d-a2ea-469e-b354-4270bc23b2c1 has been successfully formatted.
2019-08-06 04:00:00,468 INFO  storage.RaftStorage (RaftStorage.java:format(72)) - Storage directory /workdir/hadoop-ozone/integration-test/target/test-dir/MiniOzoneClusterImpl-3ccb74c5-f290-4a5a-9dce-3cc2bd5106e0/datanode-4/data/ratis/3d3abd0d-a2ea-469e-b354-4270bc23b2c1 has been successfully formatted.
2019-08-06 04:00:00,468 INFO  storage.RaftStorage (RaftStorage.java:format(72)) - Storage directory /workdir/hadoop-ozone/integration-test/target/test-dir/MiniOzoneClusterImpl-3ccb74c5-f290-4a5a-9dce-3cc2bd5106e0/datanode-5/data/ratis/3d3abd0d-a2ea-469e-b354-4270bc23b2c1 has been successfully formatted.
2019-08-06 04:00:00,469 INFO  ratis.ContainerStateMachine (ContainerStateMachine.java:loadSnapshot(213)) - group-4270BC23B2C1: The snapshot info is null. Setting the last applied indexto:(t:0, i:~)
2019-08-06 04:00:00,469 INFO  ratis.ContainerStateMachine (ContainerStateMachine.java:loadSnapshot(213)) - group-4270BC23B2C1: The snapshot info is null. Setting the last applied indexto:(t:0, i:~)
2019-08-06 04:00:00,469 INFO  ratis.ContainerStateMachine (ContainerStateMachine.java:loadSnapshot(213)) - group-4270BC23B2C1: The snapshot info is null. Setting the last applied indexto:(t:0, i:~)
2019-08-06 04:00:00,469 INFO  server.RaftServerConfigKeys (ConfUtils.java:logGet(43)) - raft.server.leader.election.timeout = 120s (custom)
2019-08-06 04:00:00,469 INFO  server.RaftServerConfigKeys (ConfUtils.java:logGet(43)) - raft.server.leader.election.timeout = 120s (custom)
2019-08-06 04:00:00,470 INFO  server.RaftServerConfigKeys (ConfUtils.java:logGet(43)) - raft.server.log.use.memory = false (default)
2019-08-06 04:00:00,469 INFO  server.RaftServerConfigKeys (ConfUtils.java:logGet(43)) - raft.server.leader.election.timeout = 120s (custom)
2019-08-06 04:00:00,470 INFO  server.RaftServerConfigKeys (ConfUtils.java:logGet(43)) - raft.server.log.purge.gap = 1000000000 (custom)
2019-08-06 04:00:00,470 INFO  server.RaftServerConfigKeys (ConfUtils.java:logGet(43)) - raft.server.log.use.memory = false (default)
2019-08-06 04:00:00,470 INFO  server.RaftServerConfigKeys (ConfUtils.java:logGet(43)) - raft.server.log.appender.buffer.byte-limit = 33554432 (custom)
2019-08-06 04:00:00,470 INFO  server.RaftServerConfigKeys (ConfUtils.java:logGet(43)) - raft.server.log.use.memory = false (default)
2019-08-06 04:00:00,471 INFO  server.RaftServerConfigKeys (ConfUtils.java:logGet(43)) - raft.server.log.segment.size.max = 1048576 (custom)
2019-08-06 04:00:00,470 INFO  server.RaftServerConfigKeys (ConfUtils.java:logGet(43)) - raft.server.log.purge.gap = 1000000000 (custom)
2019-08-06 04:00:00,471 INFO  server.RaftServerConfigKeys (ConfUtils.java:logGet(43)) - raft.server.log.segment.cache.num.max = 2 (custom)
2019-08-06 04:00:00,471 INFO  server.RaftServerConfigKeys (ConfUtils.java:logGet(43)) - raft.server.log.purge.gap = 1000000000 (custom)
2019-08-06 04:00:00,471 INFO  segmented.SegmentedRaftLogWorker (SegmentedRaftLogWorker.java:<init>(172)) - new 94b9433a-9fa9-48ae-83a7-d6636bfbcab0-SegmentedRaftLogWorker:Storage Directory /workdir/hadoop-ozone/integration-test/target/test-dir/MiniOzoneClusterImpl-3ccb74c5-f290-4a5a-9dce-3cc2bd5106e0/datanode-5/data/ratis/3d3abd0d-a2ea-469e-b354-4270bc23b2c1 for RaftStorage:Storage Directory /workdir/hadoop-ozone/integration-test/target/test-dir/MiniOzoneClusterImpl-3ccb74c5-f290-4a5a-9dce-3cc2bd5106e0/datanode-5/data/ratis/3d3abd0d-a2ea-469e-b354-4270bc23b2c1
2019-08-06 04:00:00,471 INFO  server.RaftServerConfigKeys (ConfUtils.java:logGet(43)) - raft.server.log.appender.buffer.byte-limit = 33554432 (custom)
2019-08-06 04:00:00,471 INFO  server.RaftServerConfigKeys (ConfUtils.java:logGet(43)) - raft.server.log.queue.byte-limit = 2147483647 (custom)
2019-08-06 04:00:00,471 INFO  server.RaftServerConfigKeys (ConfUtils.java:logGet(43)) - raft.server.log.appender.buffer.byte-limit = 33554432 (custom)
2019-08-06 04:00:00,473 INFO  server.RaftServerConfigKeys (ConfUtils.java:logGet(43)) - raft.server.log.queue.element-limit = 1024 (custom)
2019-08-06 04:00:00,473 INFO  server.RaftServerConfigKeys (ConfUtils.java:logGet(43)) - raft.server.log.segment.size.max = 1048576 (custom)
2019-08-06 04:00:00,474 INFO  server.RaftServerConfigKeys (ConfUtils.java:logGet(43)) - raft.server.log.segment.size.max = 1048576 (custom)
2019-08-06 04:00:00,473 INFO  server.RaftServerConfigKeys (ConfUtils.java:logGet(43)) - raft.server.log.segment.size.max = 1048576 (custom)
2019-08-06 04:00:00,474 INFO  server.RaftServerConfigKeys (ConfUtils.java:logGet(43)) - raft.server.log.preallocated.size = 16384 (custom)
2019-08-06 04:00:00,474 INFO  server.RaftServerConfigKeys (ConfUtils.java:logGet(43)) - raft.server.log.segment.cache.num.max = 2 (custom)
2019-08-06 04:00:00,474 INFO  server.RaftServerConfigKeys (ConfUtils.java:logGet(43)) - raft.server.log.write.buffer.size = 33554432 (custom)
2019-08-06 04:00:00,474 INFO  server.RaftServerConfigKeys (ConfUtils.java:logGet(43)) - raft.server.log.segment.cache.num.max = 2 (custom)
2019-08-06 04:00:00,474 INFO  server.RaftServerConfigKeys (ConfUtils.java:logGet(43)) - raft.server.log.force.sync.num = 128 (default)
2019-08-06 04:00:00,474 INFO  segmented.SegmentedRaftLogWorker (SegmentedRaftLogWorker.java:<init>(172)) - new 90fd38de-1e9c-4165-9fac-00006e188e54-SegmentedRaftLogWorker:Storage Directory /workdir/hadoop-ozone/integration-test/target/test-dir/MiniOzoneClusterImpl-3ccb74c5-f290-4a5a-9dce-3cc2bd5106e0/datanode-4/data/ratis/3d3abd0d-a2ea-469e-b354-4270bc23b2c1 for RaftStorage:Storage Directory /workdir/hadoop-ozone/integration-test/target/test-dir/MiniOzoneClusterImpl-3ccb74c5-f290-4a5a-9dce-3cc2bd5106e0/datanode-4/data/ratis/3d3abd0d-a2ea-469e-b354-4270bc23b2c1
2019-08-06 04:00:00,475 INFO  server.RaftServerConfigKeys (ConfUtils.java:logGet(43)) - raft.server.log.statemachine.data.sync = true (default)
2019-08-06 04:00:00,475 INFO  segmented.SegmentedRaftLogWorker (SegmentedRaftLogWorker.java:<init>(172)) - new cc72ac89-3777-4424-826d-49e0d8cad7e1-SegmentedRaftLogWorker:Storage Directory /workdir/hadoop-ozone/integration-test/target/test-dir/MiniOzoneClusterImpl-3ccb74c5-f290-4a5a-9dce-3cc2bd5106e0/datanode-1/data/ratis/3d3abd0d-a2ea-469e-b354-4270bc23b2c1 for RaftStorage:Storage Directory /workdir/hadoop-ozone/integration-test/target/test-dir/MiniOzoneClusterImpl-3ccb74c5-f290-4a5a-9dce-3cc2bd5106e0/datanode-1/data/ratis/3d3abd0d-a2ea-469e-b354-4270bc23b2c1
2019-08-06 04:00:00,476 INFO  server.RaftServerConfigKeys (ConfUtils.java:logGet(43)) - raft.server.log.statemachine.data.sync.timeout = 10s (default)
2019-08-06 04:00:00,475 INFO  server.RaftServerConfigKeys (ConfUtils.java:logGet(43)) - raft.server.log.queue.byte-limit = 2147483647 (custom)
2019-08-06 04:00:00,477 INFO  server.RaftServerConfigKeys (ConfUtils.java:logGet(43)) - raft.server.log.statemachine.data.sync.timeout.retry = -1 (default)
2019-08-06 04:00:00,476 INFO  server.RaftServerConfigKeys (ConfUtils.java:logGet(43)) - raft.server.log.queue.byte-limit = 2147483647 (custom)
2019-08-06 04:00:00,478 INFO  server.RaftServerConfigKeys (ConfUtils.java:logGet(43)) - raft.server.log.statemachine.data.caching.enabled = true (custom)
2019-08-06 04:00:00,478 INFO  server.RaftServerConfigKeys (ConfUtils.java:logGet(43)) - raft.server.log.queue.element-limit = 1024 (custom)
2019-08-06 04:00:00,478 INFO  server.RaftServerConfigKeys (ConfUtils.java:logGet(43)) - raft.server.log.queue.element-limit = 1024 (custom)
2019-08-06 04:00:00,479 INFO  server.RaftServerConfigKeys (ConfUtils.java:logGet(43)) - raft.server.log.segment.size.max = 1048576 (custom)
2019-08-06 04:00:00,479 INFO  segmented.SegmentedRaftLogWorker (SegmentedRaftLogWorker.java:lambda$new$0(132)) - 94b9433a-9fa9-48ae-83a7-d6636bfbcab0-SegmentedRaftLogWorker:Storage Directory /workdir/hadoop-ozone/integration-test/target/test-dir/MiniOzoneClusterImpl-3ccb74c5-f290-4a5a-9dce-3cc2bd5106e0/datanode-5/data/ratis/3d3abd0d-a2ea-469e-b354-4270bc23b2c1: flushIndex: setUnconditionally 0 -> -1
2019-08-06 04:00:00,479 INFO  server.RaftServerConfigKeys (ConfUtils.java:logGet(43)) - raft.server.log.preallocated.size = 16384 (custom)
2019-08-06 04:00:00,479 INFO  server.RaftServerConfigKeys (ConfUtils.java:logGet(43)) - raft.server.log.segment.size.max = 1048576 (custom)
2019-08-06 04:00:00,479 INFO  server.RaftServerConfigKeys (ConfUtils.java:logGet(43)) - raft.server.snapshot.auto.trigger.enabled = true (custom)
2019-08-06 04:00:00,479 INFO  server.RaftServerConfigKeys (ConfUtils.java:logGet(43)) - raft.server.log.write.buffer.size = 33554432 (custom)
2019-08-06 04:00:00,480 INFO  server.RaftServerConfigKeys (ConfUtils.java:logGet(43)) - raft.server.snapshot.auto.trigger.threshold = 10000 (custom)
2019-08-06 04:00:00,480 INFO  server.RaftServerConfigKeys (ConfUtils.java:logGet(43)) - raft.server.log.preallocated.size = 16384 (custom)
2019-08-06 04:00:00,480 INFO  server.RaftServerConfigKeys (ConfUtils.java:logGet(43)) - raft.server.retrycache.expirytime = 600000ms (custom)
2019-08-06 04:00:00,480 INFO  server.RaftServerConfigKeys (ConfUtils.java:logGet(43)) - raft.server.log.force.sync.num = 128 (default)
2019-08-06 04:00:00,480 INFO  impl.RaftServerImpl (RaftServerImpl.java:start(180)) - 94b9433a-9fa9-48ae-83a7-d6636bfbcab0: start group-4270BC23B2C1
2019-08-06 04:00:00,480 INFO  server.RaftServerConfigKeys (ConfUtils.java:logGet(43)) - raft.server.log.write.buffer.size = 33554432 (custom)
2019-08-06 04:00:00,481 INFO  impl.RaftServerImpl (RaftServerImpl.java:setRole(171)) - 94b9433a-9fa9-48ae-83a7-d6636bfbcab0:group-4270BC23B2C1 changes role from null to FOLLOWER at term 0 for startAsFollower
2019-08-06 04:00:00,480 INFO  server.RaftServerConfigKeys (ConfUtils.java:logGet(43)) - raft.server.log.statemachine.data.sync = true (default)
2019-08-06 04:00:00,481 INFO  impl.RoleInfo (RoleInfo.java:updateAndGet(143)) - 94b9433a-9fa9-48ae-83a7-d6636bfbcab0: start FollowerState
2019-08-06 04:00:00,481 INFO  server.RaftServerConfigKeys (ConfUtils.java:logGet(43)) - raft.server.log.force.sync.num = 128 (default)
2019-08-06 04:00:00,481 INFO  server.RaftServerConfigKeys (ConfUtils.java:logGet(43)) - raft.server.log.statemachine.data.sync.timeout = 10s (default)
2019-08-06 04:00:00,481 INFO  server.RaftServerConfigKeys (ConfUtils.java:logGet(43)) - raft.server.log.statemachine.data.sync = true (default)
2019-08-06 04:00:00,482 INFO  util.JmxRegister (JmxRegister.java:tryRegister(44)) - Successfully registered JMX Bean with object name Ratis:service=RaftServer,group=group-4270BC23B2C1,id=94b9433a-9fa9-48ae-83a7-d6636bfbcab0
2019-08-06 04:00:00,482 INFO  server.RaftServerConfigKeys (ConfUtils.java:logGet(43)) - raft.server.log.statemachine.data.sync.timeout.retry = -1 (default)
2019-08-06 04:00:00,482 INFO  server.RaftServerConfigKeys (ConfUtils.java:logGet(43)) - raft.server.log.statemachine.data.sync.timeout = 10s (default)
2019-08-06 04:00:00,482 INFO  server.RaftServerConfigKeys (ConfUtils.java:logGet(43)) - raft.server.log.statemachine.data.sync.timeout.retry = -1 (default)
2019-08-06 04:00:00,482 INFO  server.RaftServerConfigKeys (ConfUtils.java:logGet(43)) - raft.server.log.statemachine.data.caching.enabled = true (custom)
2019-08-06 04:00:00,482 INFO  server.RaftServerConfigKeys (ConfUtils.java:logGet(43)) - raft.server.log.statemachine.data.caching.enabled = true (custom)
2019-08-06 04:00:00,483 INFO  segmented.SegmentedRaftLogWorker (SegmentedRaftLogWorker.java:lambda$new$0(132)) - 90fd38de-1e9c-4165-9fac-00006e188e54-SegmentedRaftLogWorker:Storage Directory /workdir/hadoop-ozone/integration-test/target/test-dir/MiniOzoneClusterImpl-3ccb74c5-f290-4a5a-9dce-3cc2bd5106e0/datanode-4/data/ratis/3d3abd0d-a2ea-469e-b354-4270bc23b2c1: flushIndex: setUnconditionally 0 -> -1
2019-08-06 04:00:00,483 INFO  segmented.SegmentedRaftLogWorker (SegmentedRaftLogWorker.java:lambda$new$0(132)) - cc72ac89-3777-4424-826d-49e0d8cad7e1-SegmentedRaftLogWorker:Storage Directory /workdir/hadoop-ozone/integration-test/target/test-dir/MiniOzoneClusterImpl-3ccb74c5-f290-4a5a-9dce-3cc2bd5106e0/datanode-1/data/ratis/3d3abd0d-a2ea-469e-b354-4270bc23b2c1: flushIndex: setUnconditionally 0 -> -1
2019-08-06 04:00:00,483 INFO  server.RaftServerConfigKeys (ConfUtils.java:logGet(43)) - raft.server.snapshot.auto.trigger.enabled = true (custom)
2019-08-06 04:00:00,483 INFO  server.RaftServerConfigKeys (ConfUtils.java:logGet(43)) - raft.server.snapshot.auto.trigger.enabled = true (custom)
2019-08-06 04:00:00,483 INFO  server.RaftServerConfigKeys (ConfUtils.java:logGet(43)) - raft.server.snapshot.auto.trigger.threshold = 10000 (custom)
2019-08-06 04:00:00,483 INFO  server.RaftServerConfigKeys (ConfUtils.java:logGet(43)) - raft.server.snapshot.auto.trigger.threshold = 10000 (custom)
2019-08-06 04:00:00,484 INFO  server.RaftServerConfigKeys (ConfUtils.java:logGet(43)) - raft.server.retrycache.expirytime = 600000ms (custom)
2019-08-06 04:00:00,485 INFO  server.RaftServerConfigKeys (ConfUtils.java:logGet(43)) - raft.server.retrycache.expirytime = 600000ms (custom)
2019-08-06 04:00:00,485 INFO  impl.RaftServerImpl (RaftServerImpl.java:start(180)) - 90fd38de-1e9c-4165-9fac-00006e188e54: start group-4270BC23B2C1
2019-08-06 04:00:00,485 INFO  impl.RaftServerImpl (RaftServerImpl.java:start(180)) - cc72ac89-3777-4424-826d-49e0d8cad7e1: start group-4270BC23B2C1
2019-08-06 04:00:00,486 INFO  impl.RaftServerImpl (RaftServerImpl.java:setRole(171)) - 90fd38de-1e9c-4165-9fac-00006e188e54:group-4270BC23B2C1 changes role from null to FOLLOWER at term 0 for startAsFollower
2019-08-06 04:00:00,487 INFO  impl.RaftServerImpl (RaftServerImpl.java:setRole(171)) - cc72ac89-3777-4424-826d-49e0d8cad7e1:group-4270BC23B2C1 changes role from null to FOLLOWER at term 0 for startAsFollower
2019-08-06 04:00:00,487 INFO  impl.RoleInfo (RoleInfo.java:updateAndGet(143)) - 90fd38de-1e9c-4165-9fac-00006e188e54: start FollowerState
2019-08-06 04:00:00,487 INFO  impl.RoleInfo (RoleInfo.java:updateAndGet(143)) - cc72ac89-3777-4424-826d-49e0d8cad7e1: start FollowerState
2019-08-06 04:00:00,490 INFO  util.JmxRegister (JmxRegister.java:tryRegister(44)) - Successfully registered JMX Bean with object name Ratis:service=RaftServer,group=group-4270BC23B2C1,id=90fd38de-1e9c-4165-9fac-00006e188e54
2019-08-06 04:00:00,490 INFO  util.JmxRegister (JmxRegister.java:tryRegister(44)) - Successfully registered JMX Bean with object name Ratis:service=RaftServer,group=group-4270BC23B2C1,id=cc72ac89-3777-4424-826d-49e0d8cad7e1
2019-08-06 04:00:00,506 INFO  pipeline.PipelineStateManager (PipelineStateManager.java:addPipeline(56)) - Created pipeline Pipeline[ Id: 3d3abd0d-a2ea-469e-b354-4270bc23b2c1, Nodes: 90fd38de-1e9c-4165-9fac-00006e188e54{ip: 192.168.5.158, host: byscane-nightly-vxsck-2133491976, networkLocation: /default-rack, certSerialId: null}94b9433a-9fa9-48ae-83a7-d6636bfbcab0{ip: 192.168.5.158, host: byscane-nightly-vxsck-2133491976, networkLocation: /default-rack, certSerialId: null}cc72ac89-3777-4424-826d-49e0d8cad7e1{ip: 192.168.5.158, host: byscane-nightly-vxsck-2133491976, networkLocation: /default-rack, certSerialId: null}, Type:RATIS, Factor:THREE, State:OPEN]
2019-08-06 04:00:01,003 INFO  ozone.MiniOzoneClusterImpl (MiniOzoneClusterImpl.java:lambda$waitForClusterToBeReady$0(142)) - Cluster is ready. Got 6 of 6 DN Heartbeats.
2019-08-06 04:00:01,355 INFO  rpc.RpcClient (RpcClient.java:createVolume(288)) - Creating Volume: datanodefailurehandlingtest, with jenkins1000 as owner.
2019-08-06 04:00:01,402 INFO  rpc.RpcClient (RpcClient.java:createBucket(425)) - Creating Bucket: datanodefailurehandlingtest/datanodefailurehandlingtest, with Versioning false and Storage Type set to DISK and Encryption set to false 
2019-08-06 04:00:01,680 INFO  impl.MetricsSystemImpl (MetricsSystemImpl.java:init(158)) - XceiverClientMetrics metrics system started (again)
2019-08-06 04:00:01,800 INFO  client.GrpcClientProtocolClient (GrpcClientProtocolClient.java:onNext(255)) - client-262A2309FDE3->90fd38de-1e9c-4165-9fac-00006e188e54: receive RaftClientReply:client-262A2309FDE3->90fd38de-1e9c-4165-9fac-00006e188e54@group-4270BC23B2C1, cid=12, FAILED org.apache.ratis.protocol.NotLeaderException: Server 90fd38de-1e9c-4165-9fac-00006e188e54 is not the leader (null). Request must be sent to leader., logIndex=0, commits[90fd38de-1e9c-4165-9fac-00006e188e54:c-1]
2019-08-06 04:00:01,815 INFO  container.ReplicationManager (ReplicationManager.java:start(155)) - Starting Replication Monitor Thread.
2019-08-06 04:00:01,819 INFO  container.ReplicationManager (ReplicationManager.java:run(207)) - Replication Monitor Thread took 3 milliseconds for processing 1 containers.
2019-08-06 04:00:02,859 INFO  client.GrpcClientProtocolClient (GrpcClientProtocolClient.java:onNext(255)) - client-262A2309FDE3->cc72ac89-3777-4424-826d-49e0d8cad7e1: receive RaftClientReply:client-262A2309FDE3->cc72ac89-3777-4424-826d-49e0d8cad7e1@group-4270BC23B2C1, cid=12, FAILED org.apache.ratis.protocol.NotLeaderException: Server cc72ac89-3777-4424-826d-49e0d8cad7e1 is not the leader (null). Request must be sent to leader., logIndex=0, commits[cc72ac89-3777-4424-826d-49e0d8cad7e1:c-1]
2019-08-06 04:00:03,898 INFO  client.GrpcClientProtocolClient (GrpcClientProtocolClient.java:onNext(255)) - client-262A2309FDE3->94b9433a-9fa9-48ae-83a7-d6636bfbcab0: receive RaftClientReply:client-262A2309FDE3->94b9433a-9fa9-48ae-83a7-d6636bfbcab0@group-4270BC23B2C1, cid=12, FAILED org.apache.ratis.protocol.NotLeaderException: Server 94b9433a-9fa9-48ae-83a7-d6636bfbcab0 is not the leader (null). Request must be sent to leader., logIndex=0, commits[94b9433a-9fa9-48ae-83a7-d6636bfbcab0:c-1]
2019-08-06 04:00:04,820 INFO  impl.FollowerState (FollowerState.java:run(106)) - de835e49-1c7e-4340-a18a-ead43fc03d6b:group-3807B295A88B changes to CANDIDATE, lastRpcTime:5008, electionTimeout:5007ms
2019-08-06 04:00:04,820 INFO  impl.RoleInfo (RoleInfo.java:shutdownFollowerState(121)) - de835e49-1c7e-4340-a18a-ead43fc03d6b: shutdown FollowerState
2019-08-06 04:00:04,820 INFO  impl.RaftServerImpl (RaftServerImpl.java:setRole(171)) - de835e49-1c7e-4340-a18a-ead43fc03d6b:group-3807B295A88B changes role from FOLLOWER to CANDIDATE at term 0 for changeToCandidate
2019-08-06 04:00:04,824 INFO  impl.RoleInfo (RoleInfo.java:updateAndGet(143)) - de835e49-1c7e-4340-a18a-ead43fc03d6b: start LeaderElection
2019-08-06 04:00:04,845 INFO  impl.LeaderElection (LeaderElection.java:askForVotes(181)) - de835e49-1c7e-4340-a18a-ead43fc03d6b:group-3807B295A88B:LeaderElection1: begin an election at term 1 for -1: [de835e49-1c7e-4340-a18a-ead43fc03d6b:192.168.5.158:36972], old=null
2019-08-06 04:00:04,847 INFO  impl.RoleInfo (RoleInfo.java:shutdownLeaderElection(134)) - de835e49-1c7e-4340-a18a-ead43fc03d6b: shutdown LeaderElection
2019-08-06 04:00:04,847 INFO  impl.RaftServerImpl (RaftServerImpl.java:setRole(171)) - de835e49-1c7e-4340-a18a-ead43fc03d6b:group-3807B295A88B changes role from CANDIDATE to LEADER at term 1 for changeToLeader
2019-08-06 04:00:04,848 INFO  impl.RaftServerImpl (ServerState.java:setLeader(263)) - de835e49-1c7e-4340-a18a-ead43fc03d6b:group-3807B295A88B change Leader from null to de835e49-1c7e-4340-a18a-ead43fc03d6b at term 1 for becomeLeader, leader elected after 5107ms
2019-08-06 04:00:04,856 INFO  server.RaftServerConfigKeys (ConfUtils.java:logGet(43)) - raft.server.staging.catchup.gap = 1000 (default)
2019-08-06 04:00:04,857 INFO  server.RaftServerConfigKeys (ConfUtils.java:logGet(43)) - raft.server.rpc.sleep.time = 25ms (default)
2019-08-06 04:00:04,860 INFO  server.RaftServerConfigKeys (ConfUtils.java:logGet(43)) - raft.server.write.element-limit = 4096 (default)
2019-08-06 04:00:04,863 INFO  server.RaftServerConfigKeys (ConfUtils.java:logGet(43)) - raft.server.watch.timeout = 10s (default)
2019-08-06 04:00:04,863 INFO  server.RaftServerConfigKeys (ConfUtils.java:logGet(43)) - raft.server.watch.timeout.denomination = 1s (default)
2019-08-06 04:00:04,864 INFO  server.RaftServerConfigKeys (ConfUtils.java:logGet(43)) - raft.server.watch.element-limit = 65536 (default)
2019-08-06 04:00:04,875 INFO  impl.RoleInfo (RoleInfo.java:updateAndGet(143)) - de835e49-1c7e-4340-a18a-ead43fc03d6b: start LeaderState
2019-08-06 04:00:04,901 INFO  segmented.SegmentedRaftLogWorker (SegmentedRaftLogWorker.java:startLogSegment(380)) - de835e49-1c7e-4340-a18a-ead43fc03d6b-SegmentedRaftLogWorker:Storage Directory /workdir/hadoop-ozone/integration-test/target/test-dir/MiniOzoneClusterImpl-3ccb74c5-f290-4a5a-9dce-3cc2bd5106e0/datanode-0/data/ratis/91241b66-def5-4141-8245-3807b295a88b: Starting segment from index:0
2019-08-06 04:00:04,912 INFO  impl.RaftServerImpl (ServerState.java:setRaftConf(361)) - de835e49-1c7e-4340-a18a-ead43fc03d6b:group-3807B295A88B set configuration 0: [de835e49-1c7e-4340-a18a-ead43fc03d6b:192.168.5.158:36972], old=null at 0
2019-08-06 04:00:04,935 INFO  client.GrpcClientProtocolClient (GrpcClientProtocolClient.java:onNext(255)) - client-262A2309FDE3->90fd38de-1e9c-4165-9fac-00006e188e54: receive RaftClientReply:client-262A2309FDE3->90fd38de-1e9c-4165-9fac-00006e188e54@group-4270BC23B2C1, cid=12, FAILED org.apache.ratis.protocol.NotLeaderException: Server 90fd38de-1e9c-4165-9fac-00006e188e54 is not the leader (null). Request must be sent to leader., logIndex=0, commits[90fd38de-1e9c-4165-9fac-00006e188e54:c-1]
2019-08-06 04:00:05,036 INFO  impl.FollowerState (FollowerState.java:run(106)) - 73cd4a4e-42c3-40e8-842b-0ce3707a011f:group-BC9AE3D9C764 changes to CANDIDATE, lastRpcTime:5050, electionTimeout:5049ms
2019-08-06 04:00:05,039 INFO  impl.RoleInfo (RoleInfo.java:shutdownFollowerState(121)) - 73cd4a4e-42c3-40e8-842b-0ce3707a011f: shutdown FollowerState
2019-08-06 04:00:05,039 INFO  impl.RaftServerImpl (RaftServerImpl.java:setRole(171)) - 73cd4a4e-42c3-40e8-842b-0ce3707a011f:group-BC9AE3D9C764 changes role from FOLLOWER to CANDIDATE at term 0 for changeToCandidate
2019-08-06 04:00:05,039 INFO  impl.RoleInfo (RoleInfo.java:updateAndGet(143)) - 73cd4a4e-42c3-40e8-842b-0ce3707a011f: start LeaderElection
2019-08-06 04:00:05,058 INFO  impl.LeaderElection (LeaderElection.java:askForVotes(181)) - 73cd4a4e-42c3-40e8-842b-0ce3707a011f:group-BC9AE3D9C764:LeaderElection2: begin an election at term 1 for -1: [73cd4a4e-42c3-40e8-842b-0ce3707a011f:192.168.5.158:33326], old=null
2019-08-06 04:00:05,059 INFO  impl.RoleInfo (RoleInfo.java:shutdownLeaderElection(134)) - 73cd4a4e-42c3-40e8-842b-0ce3707a011f: shutdown LeaderElection
2019-08-06 04:00:05,060 INFO  impl.RaftServerImpl (RaftServerImpl.java:setRole(171)) - 73cd4a4e-42c3-40e8-842b-0ce3707a011f:group-BC9AE3D9C764 changes role from CANDIDATE to LEADER at term 1 for changeToLeader
2019-08-06 04:00:05,060 INFO  impl.RaftServerImpl (ServerState.java:setLeader(263)) - 73cd4a4e-42c3-40e8-842b-0ce3707a011f:group-BC9AE3D9C764 change Leader from null to 73cd4a4e-42c3-40e8-842b-0ce3707a011f at term 1 for becomeLeader, leader elected after 5081ms
2019-08-06 04:00:05,062 INFO  server.RaftServerConfigKeys (ConfUtils.java:logGet(43)) - raft.server.staging.catchup.gap = 1000 (default)
2019-08-06 04:00:05,062 INFO  server.RaftServerConfigKeys (ConfUtils.java:logGet(43)) - raft.server.rpc.sleep.time = 25ms (default)
2019-08-06 04:00:05,062 INFO  server.RaftServerConfigKeys (ConfUtils.java:logGet(43)) - raft.server.write.element-limit = 4096 (default)
2019-08-06 04:00:05,062 INFO  server.RaftServerConfigKeys (ConfUtils.java:logGet(43)) - raft.server.watch.timeout = 10s (default)
2019-08-06 04:00:05,062 INFO  server.RaftServerConfigKeys (ConfUtils.java:logGet(43)) - raft.server.watch.timeout.denomination = 1s (default)
2019-08-06 04:00:05,063 INFO  server.RaftServerConfigKeys (ConfUtils.java:logGet(43)) - raft.server.watch.element-limit = 65536 (default)
2019-08-06 04:00:05,063 INFO  impl.RoleInfo (RoleInfo.java:updateAndGet(143)) - 73cd4a4e-42c3-40e8-842b-0ce3707a011f: start LeaderState
2019-08-06 04:00:05,063 INFO  segmented.SegmentedRaftLogWorker (SegmentedRaftLogWorker.java:startLogSegment(380)) - 73cd4a4e-42c3-40e8-842b-0ce3707a011f-SegmentedRaftLogWorker:Storage Directory /workdir/hadoop-ozone/integration-test/target/test-dir/MiniOzoneClusterImpl-3ccb74c5-f290-4a5a-9dce-3cc2bd5106e0/datanode-3/data/ratis/a293c426-cc66-462b-a485-bc9ae3d9c764: Starting segment from index:0
2019-08-06 04:00:05,064 INFO  impl.RaftServerImpl (ServerState.java:setRaftConf(361)) - 73cd4a4e-42c3-40e8-842b-0ce3707a011f:group-BC9AE3D9C764 set configuration 0: [73cd4a4e-42c3-40e8-842b-0ce3707a011f:192.168.5.158:33326], old=null at 0
2019-08-06 04:00:05,109 INFO  segmented.SegmentedRaftLogWorker (SegmentedRaftLogWorker.java:execute(569)) - 73cd4a4e-42c3-40e8-842b-0ce3707a011f-SegmentedRaftLogWorker:Storage Directory /workdir/hadoop-ozone/integration-test/target/test-dir/MiniOzoneClusterImpl-3ccb74c5-f290-4a5a-9dce-3cc2bd5106e0/datanode-3/data/ratis/a293c426-cc66-462b-a485-bc9ae3d9c764: created new log segment /workdir/hadoop-ozone/integration-test/target/test-dir/MiniOzoneClusterImpl-3ccb74c5-f290-4a5a-9dce-3cc2bd5106e0/datanode-3/data/ratis/a293c426-cc66-462b-a485-bc9ae3d9c764/current/log_inprogress_0
2019-08-06 04:00:05,109 INFO  segmented.SegmentedRaftLogWorker (SegmentedRaftLogWorker.java:execute(569)) - de835e49-1c7e-4340-a18a-ead43fc03d6b-SegmentedRaftLogWorker:Storage Directory /workdir/hadoop-ozone/integration-test/target/test-dir/MiniOzoneClusterImpl-3ccb74c5-f290-4a5a-9dce-3cc2bd5106e0/datanode-0/data/ratis/91241b66-def5-4141-8245-3807b295a88b: created new log segment /workdir/hadoop-ozone/integration-test/target/test-dir/MiniOzoneClusterImpl-3ccb74c5-f290-4a5a-9dce-3cc2bd5106e0/datanode-0/data/ratis/91241b66-def5-4141-8245-3807b295a88b/current/log_inprogress_0
2019-08-06 04:00:05,212 INFO  impl.FollowerState (FollowerState.java:run(106)) - a4a8aa91-b5ac-48d1-b631-c0458072a4d4:group-AF6B93CB9EE5 changes to CANDIDATE, lastRpcTime:5162, electionTimeout:5162ms
2019-08-06 04:00:05,214 INFO  impl.RoleInfo (RoleInfo.java:shutdownFollowerState(121)) - a4a8aa91-b5ac-48d1-b631-c0458072a4d4: shutdown FollowerState
2019-08-06 04:00:05,214 INFO  impl.RaftServerImpl (RaftServerImpl.java:setRole(171)) - a4a8aa91-b5ac-48d1-b631-c0458072a4d4:group-AF6B93CB9EE5 changes role from FOLLOWER to CANDIDATE at term 0 for changeToCandidate
2019-08-06 04:00:05,215 INFO  impl.RoleInfo (RoleInfo.java:updateAndGet(143)) - a4a8aa91-b5ac-48d1-b631-c0458072a4d4: start LeaderElection
2019-08-06 04:00:05,226 INFO  impl.LeaderElection (LeaderElection.java:askForVotes(181)) - a4a8aa91-b5ac-48d1-b631-c0458072a4d4:group-AF6B93CB9EE5:LeaderElection3: begin an election at term 1 for -1: [a4a8aa91-b5ac-48d1-b631-c0458072a4d4:192.168.5.158:33571], old=null
2019-08-06 04:00:05,227 INFO  impl.RoleInfo (RoleInfo.java:shutdownLeaderElection(134)) - a4a8aa91-b5ac-48d1-b631-c0458072a4d4: shutdown LeaderElection
2019-08-06 04:00:05,228 INFO  impl.RaftServerImpl (RaftServerImpl.java:setRole(171)) - a4a8aa91-b5ac-48d1-b631-c0458072a4d4:group-AF6B93CB9EE5 changes role from CANDIDATE to LEADER at term 1 for changeToLeader
2019-08-06 04:00:05,228 INFO  impl.RaftServerImpl (ServerState.java:setLeader(263)) - a4a8aa91-b5ac-48d1-b631-c0458072a4d4:group-AF6B93CB9EE5 change Leader from null to a4a8aa91-b5ac-48d1-b631-c0458072a4d4 at term 1 for becomeLeader, leader elected after 5182ms
2019-08-06 04:00:05,230 INFO  server.RaftServerConfigKeys (ConfUtils.java:logGet(43)) - raft.server.staging.catchup.gap = 1000 (default)
2019-08-06 04:00:05,230 INFO  server.RaftServerConfigKeys (ConfUtils.java:logGet(43)) - raft.server.rpc.sleep.time = 25ms (default)
2019-08-06 04:00:05,231 INFO  server.RaftServerConfigKeys (ConfUtils.java:logGet(43)) - raft.server.write.element-limit = 4096 (default)
2019-08-06 04:00:05,231 INFO  server.RaftServerConfigKeys (ConfUtils.java:logGet(43)) - raft.server.watch.timeout = 10s (default)
2019-08-06 04:00:05,231 INFO  server.RaftServerConfigKeys (ConfUtils.java:logGet(43)) - raft.server.watch.timeout.denomination = 1s (default)
2019-08-06 04:00:05,231 INFO  server.RaftServerConfigKeys (ConfUtils.java:logGet(43)) - raft.server.watch.element-limit = 65536 (default)
2019-08-06 04:00:05,232 INFO  impl.RoleInfo (RoleInfo.java:updateAndGet(143)) - a4a8aa91-b5ac-48d1-b631-c0458072a4d4: start LeaderState
2019-08-06 04:00:05,232 INFO  segmented.SegmentedRaftLogWorker (SegmentedRaftLogWorker.java:startLogSegment(380)) - a4a8aa91-b5ac-48d1-b631-c0458072a4d4-SegmentedRaftLogWorker:Storage Directory /workdir/hadoop-ozone/integration-test/target/test-dir/MiniOzoneClusterImpl-3ccb74c5-f290-4a5a-9dce-3cc2bd5106e0/datanode-2/data/ratis/2d251b3e-a2ac-4c39-a2d6-af6b93cb9ee5: Starting segment from index:0
2019-08-06 04:00:05,233 INFO  impl.RaftServerImpl (ServerState.java:setRaftConf(361)) - a4a8aa91-b5ac-48d1-b631-c0458072a4d4:group-AF6B93CB9EE5 set configuration 0: [a4a8aa91-b5ac-48d1-b631-c0458072a4d4:192.168.5.158:33571], old=null at 0
2019-08-06 04:00:05,265 INFO  segmented.SegmentedRaftLogWorker (SegmentedRaftLogWorker.java:execute(569)) - a4a8aa91-b5ac-48d1-b631-c0458072a4d4-SegmentedRaftLogWorker:Storage Directory /workdir/hadoop-ozone/integration-test/target/test-dir/MiniOzoneClusterImpl-3ccb74c5-f290-4a5a-9dce-3cc2bd5106e0/datanode-2/data/ratis/2d251b3e-a2ac-4c39-a2d6-af6b93cb9ee5: created new log segment /workdir/hadoop-ozone/integration-test/target/test-dir/MiniOzoneClusterImpl-3ccb74c5-f290-4a5a-9dce-3cc2bd5106e0/datanode-2/data/ratis/2d251b3e-a2ac-4c39-a2d6-af6b93cb9ee5/current/log_inprogress_0
2019-08-06 04:00:05,300 INFO  impl.FollowerState (FollowerState.java:run(106)) - 90fd38de-1e9c-4165-9fac-00006e188e54:group-CE5D2AF28213 changes to CANDIDATE, lastRpcTime:5178, electionTimeout:5178ms
2019-08-06 04:00:05,301 INFO  impl.RoleInfo (RoleInfo.java:shutdownFollowerState(121)) - 90fd38de-1e9c-4165-9fac-00006e188e54: shutdown FollowerState
2019-08-06 04:00:05,311 INFO  impl.RaftServerImpl (RaftServerImpl.java:setRole(171)) - 90fd38de-1e9c-4165-9fac-00006e188e54:group-CE5D2AF28213 changes role from FOLLOWER to CANDIDATE at term 0 for changeToCandidate
2019-08-06 04:00:05,312 INFO  impl.RoleInfo (RoleInfo.java:updateAndGet(143)) - 90fd38de-1e9c-4165-9fac-00006e188e54: start LeaderElection
2019-08-06 04:00:05,330 INFO  impl.LeaderElection (LeaderElection.java:askForVotes(181)) - 90fd38de-1e9c-4165-9fac-00006e188e54:group-CE5D2AF28213:LeaderElection4: begin an election at term 1 for -1: [90fd38de-1e9c-4165-9fac-00006e188e54:192.168.5.158:35030], old=null
2019-08-06 04:00:05,331 INFO  impl.RoleInfo (RoleInfo.java:shutdownLeaderElection(134)) - 90fd38de-1e9c-4165-9fac-00006e188e54: shutdown LeaderElection
2019-08-06 04:00:05,331 INFO  impl.RaftServerImpl (RaftServerImpl.java:setRole(171)) - 90fd38de-1e9c-4165-9fac-00006e188e54:group-CE5D2AF28213 changes role from CANDIDATE to LEADER at term 1 for changeToLeader
2019-08-06 04:00:05,331 INFO  impl.RaftServerImpl (ServerState.java:setLeader(263)) - 90fd38de-1e9c-4165-9fac-00006e188e54:group-CE5D2AF28213 change Leader from null to 90fd38de-1e9c-4165-9fac-00006e188e54 at term 1 for becomeLeader, leader elected after 5216ms
2019-08-06 04:00:05,333 INFO  server.RaftServerConfigKeys (ConfUtils.java:logGet(43)) - raft.server.staging.catchup.gap = 1000 (default)
2019-08-06 04:00:05,333 INFO  server.RaftServerConfigKeys (ConfUtils.java:logGet(43)) - raft.server.rpc.sleep.time = 25ms (default)
2019-08-06 04:00:05,334 INFO  server.RaftServerConfigKeys (ConfUtils.java:logGet(43)) - raft.server.write.element-limit = 4096 (default)
2019-08-06 04:00:05,334 INFO  server.RaftServerConfigKeys (ConfUtils.java:logGet(43)) - raft.server.watch.timeout = 10s (default)
2019-08-06 04:00:05,334 INFO  server.RaftServerConfigKeys (ConfUtils.java:logGet(43)) - raft.server.watch.timeout.denomination = 1s (default)
2019-08-06 04:00:05,334 INFO  server.RaftServerConfigKeys (ConfUtils.java:logGet(43)) - raft.server.watch.element-limit = 65536 (default)
2019-08-06 04:00:05,335 INFO  impl.RoleInfo (RoleInfo.java:updateAndGet(143)) - 90fd38de-1e9c-4165-9fac-00006e188e54: start LeaderState
2019-08-06 04:00:05,335 INFO  segmented.SegmentedRaftLogWorker (SegmentedRaftLogWorker.java:startLogSegment(380)) - 90fd38de-1e9c-4165-9fac-00006e188e54-SegmentedRaftLogWorker:Storage Directory /workdir/hadoop-ozone/integration-test/target/test-dir/MiniOzoneClusterImpl-3ccb74c5-f290-4a5a-9dce-3cc2bd5106e0/datanode-4/data/ratis/aed88c97-b59a-42ad-9443-ce5d2af28213: Starting segment from index:0
2019-08-06 04:00:05,336 INFO  impl.RaftServerImpl (ServerState.java:setRaftConf(361)) - 90fd38de-1e9c-4165-9fac-00006e188e54:group-CE5D2AF28213 set configuration 0: [90fd38de-1e9c-4165-9fac-00006e188e54:192.168.5.158:35030], old=null at 0
2019-08-06 04:00:05,355 INFO  impl.FollowerState (FollowerState.java:run(106)) - 94b9433a-9fa9-48ae-83a7-d6636bfbcab0:group-DF76DD50433B changes to CANDIDATE, lastRpcTime:5163, electionTimeout:5154ms
2019-08-06 04:00:05,356 INFO  impl.RoleInfo (RoleInfo.java:shutdownFollowerState(121)) - 94b9433a-9fa9-48ae-83a7-d6636bfbcab0: shutdown FollowerState
2019-08-06 04:00:05,356 INFO  impl.RaftServerImpl (RaftServerImpl.java:setRole(171)) - 94b9433a-9fa9-48ae-83a7-d6636bfbcab0:group-DF76DD50433B changes role from FOLLOWER to CANDIDATE at term 0 for changeToCandidate
2019-08-06 04:00:05,356 INFO  impl.RoleInfo (RoleInfo.java:updateAndGet(143)) - 94b9433a-9fa9-48ae-83a7-d6636bfbcab0: start LeaderElection
2019-08-06 04:00:05,368 INFO  segmented.SegmentedRaftLogWorker (SegmentedRaftLogWorker.java:execute(569)) - 90fd38de-1e9c-4165-9fac-00006e188e54-SegmentedRaftLogWorker:Storage Directory /workdir/hadoop-ozone/integration-test/target/test-dir/MiniOzoneClusterImpl-3ccb74c5-f290-4a5a-9dce-3cc2bd5106e0/datanode-4/data/ratis/aed88c97-b59a-42ad-9443-ce5d2af28213: created new log segment /workdir/hadoop-ozone/integration-test/target/test-dir/MiniOzoneClusterImpl-3ccb74c5-f290-4a5a-9dce-3cc2bd5106e0/datanode-4/data/ratis/aed88c97-b59a-42ad-9443-ce5d2af28213/current/log_inprogress_0
2019-08-06 04:00:05,369 INFO  impl.LeaderElection (LeaderElection.java:askForVotes(181)) - 94b9433a-9fa9-48ae-83a7-d6636bfbcab0:group-DF76DD50433B:LeaderElection5: begin an election at term 1 for -1: [94b9433a-9fa9-48ae-83a7-d6636bfbcab0:192.168.5.158:41681], old=null
2019-08-06 04:00:05,369 INFO  impl.RoleInfo (RoleInfo.java:shutdownLeaderElection(134)) - 94b9433a-9fa9-48ae-83a7-d6636bfbcab0: shutdown LeaderElection
2019-08-06 04:00:05,369 INFO  impl.RaftServerImpl (RaftServerImpl.java:setRole(171)) - 94b9433a-9fa9-48ae-83a7-d6636bfbcab0:group-DF76DD50433B changes role from CANDIDATE to LEADER at term 1 for changeToLeader
2019-08-06 04:00:05,369 INFO  impl.RaftServerImpl (ServerState.java:setLeader(263)) - 94b9433a-9fa9-48ae-83a7-d6636bfbcab0:group-DF76DD50433B change Leader from null to 94b9433a-9fa9-48ae-83a7-d6636bfbcab0 at term 1 for becomeLeader, leader elected after 5183ms
2019-08-06 04:00:05,371 INFO  server.RaftServerConfigKeys (ConfUtils.java:logGet(43)) - raft.server.staging.catchup.gap = 1000 (default)
2019-08-06 04:00:05,371 INFO  server.RaftServerConfigKeys (ConfUtils.java:logGet(43)) - raft.server.rpc.sleep.time = 25ms (default)
2019-08-06 04:00:05,371 INFO  server.RaftServerConfigKeys (ConfUtils.java:logGet(43)) - raft.server.write.element-limit = 4096 (default)
2019-08-06 04:00:05,372 INFO  server.RaftServerConfigKeys (ConfUtils.java:logGet(43)) - raft.server.watch.timeout = 10s (default)
2019-08-06 04:00:05,372 INFO  server.RaftServerConfigKeys (ConfUtils.java:logGet(43)) - raft.server.watch.timeout.denomination = 1s (default)
2019-08-06 04:00:05,372 INFO  server.RaftServerConfigKeys (ConfUtils.java:logGet(43)) - raft.server.watch.element-limit = 65536 (default)
2019-08-06 04:00:05,372 INFO  impl.RoleInfo (RoleInfo.java:updateAndGet(143)) - 94b9433a-9fa9-48ae-83a7-d6636bfbcab0: start LeaderState
2019-08-06 04:00:05,373 INFO  segmented.SegmentedRaftLogWorker (SegmentedRaftLogWorker.java:startLogSegment(380)) - 94b9433a-9fa9-48ae-83a7-d6636bfbcab0-SegmentedRaftLogWorker:Storage Directory /workdir/hadoop-ozone/integration-test/target/test-dir/MiniOzoneClusterImpl-3ccb74c5-f290-4a5a-9dce-3cc2bd5106e0/datanode-5/data/ratis/5a49160d-2b8d-496c-b903-df76dd50433b: Starting segment from index:0
2019-08-06 04:00:05,374 INFO  impl.RaftServerImpl (ServerState.java:setRaftConf(361)) - 94b9433a-9fa9-48ae-83a7-d6636bfbcab0:group-DF76DD50433B set configuration 0: [94b9433a-9fa9-48ae-83a7-d6636bfbcab0:192.168.5.158:41681], old=null at 0
2019-08-06 04:00:05,410 INFO  segmented.SegmentedRaftLogWorker (SegmentedRaftLogWorker.java:execute(569)) - 94b9433a-9fa9-48ae-83a7-d6636bfbcab0-SegmentedRaftLogWorker:Storage Directory /workdir/hadoop-ozone/integration-test/target/test-dir/MiniOzoneClusterImpl-3ccb74c5-f290-4a5a-9dce-3cc2bd5106e0/datanode-5/data/ratis/5a49160d-2b8d-496c-b903-df76dd50433b: created new log segment /workdir/hadoop-ozone/integration-test/target/test-dir/MiniOzoneClusterImpl-3ccb74c5-f290-4a5a-9dce-3cc2bd5106e0/datanode-5/data/ratis/5a49160d-2b8d-496c-b903-df76dd50433b/current/log_inprogress_0
2019-08-06 04:00:05,423 INFO  impl.FollowerState (FollowerState.java:run(106)) - 73cd4a4e-42c3-40e8-842b-0ce3707a011f:group-C34138DEFB95 changes to CANDIDATE, lastRpcTime:5046, electionTimeout:5046ms
2019-08-06 04:00:05,423 INFO  impl.RoleInfo (RoleInfo.java:shutdownFollowerState(121)) - 73cd4a4e-42c3-40e8-842b-0ce3707a011f: shutdown FollowerState
2019-08-06 04:00:05,423 INFO  impl.RaftServerImpl (RaftServerImpl.java:setRole(171)) - 73cd4a4e-42c3-40e8-842b-0ce3707a011f:group-C34138DEFB95 changes role from FOLLOWER to CANDIDATE at term 0 for changeToCandidate
2019-08-06 04:00:05,424 INFO  impl.RoleInfo (RoleInfo.java:updateAndGet(143)) - 73cd4a4e-42c3-40e8-842b-0ce3707a011f: start LeaderElection
2019-08-06 04:00:05,434 INFO  impl.LeaderElection (LeaderElection.java:askForVotes(181)) - 73cd4a4e-42c3-40e8-842b-0ce3707a011f:group-C34138DEFB95:LeaderElection6: begin an election at term 1 for -1: [a4a8aa91-b5ac-48d1-b631-c0458072a4d4:192.168.5.158:33571, 73cd4a4e-42c3-40e8-842b-0ce3707a011f:192.168.5.158:33326, de835e49-1c7e-4340-a18a-ead43fc03d6b:192.168.5.158:36972], old=null
2019-08-06 04:00:05,436 INFO  impl.FollowerState (FollowerState.java:run(106)) - a4a8aa91-b5ac-48d1-b631-c0458072a4d4:group-C34138DEFB95 changes to CANDIDATE, lastRpcTime:5041, electionTimeout:5041ms
2019-08-06 04:00:05,437 INFO  impl.RoleInfo (RoleInfo.java:shutdownFollowerState(121)) - a4a8aa91-b5ac-48d1-b631-c0458072a4d4: shutdown FollowerState
2019-08-06 04:00:05,437 INFO  impl.RaftServerImpl (RaftServerImpl.java:setRole(171)) - a4a8aa91-b5ac-48d1-b631-c0458072a4d4:group-C34138DEFB95 changes role from FOLLOWER to CANDIDATE at term 0 for changeToCandidate
2019-08-06 04:00:05,437 INFO  impl.RoleInfo (RoleInfo.java:updateAndGet(143)) - a4a8aa91-b5ac-48d1-b631-c0458072a4d4: start LeaderElection
2019-08-06 04:00:05,448 INFO  impl.LeaderElection (LeaderElection.java:askForVotes(181)) - a4a8aa91-b5ac-48d1-b631-c0458072a4d4:group-C34138DEFB95:LeaderElection7: begin an election at term 1 for -1: [a4a8aa91-b5ac-48d1-b631-c0458072a4d4:192.168.5.158:33571, 73cd4a4e-42c3-40e8-842b-0ce3707a011f:192.168.5.158:33326, de835e49-1c7e-4340-a18a-ead43fc03d6b:192.168.5.158:36972], old=null
2019-08-06 04:00:05,471 INFO  impl.FollowerState (FollowerState.java:run(106)) - cc72ac89-3777-4424-826d-49e0d8cad7e1:group-03BB3AC750E1 changes to CANDIDATE, lastRpcTime:5192, electionTimeout:5192ms
2019-08-06 04:00:05,472 INFO  impl.RoleInfo (RoleInfo.java:shutdownFollowerState(121)) - cc72ac89-3777-4424-826d-49e0d8cad7e1: shutdown FollowerState
2019-08-06 04:00:05,472 INFO  impl.RaftServerImpl (RaftServerImpl.java:setRole(171)) - cc72ac89-3777-4424-826d-49e0d8cad7e1:group-03BB3AC750E1 changes role from FOLLOWER to CANDIDATE at term 0 for changeToCandidate
2019-08-06 04:00:05,474 INFO  impl.RoleInfo (RoleInfo.java:updateAndGet(143)) - cc72ac89-3777-4424-826d-49e0d8cad7e1: start LeaderElection
2019-08-06 04:00:05,484 INFO  impl.LeaderElection (LeaderElection.java:askForVotes(181)) - cc72ac89-3777-4424-826d-49e0d8cad7e1:group-03BB3AC750E1:LeaderElection8: begin an election at term 1 for -1: [cc72ac89-3777-4424-826d-49e0d8cad7e1:192.168.5.158:38241], old=null
2019-08-06 04:00:05,484 INFO  impl.RoleInfo (RoleInfo.java:shutdownLeaderElection(134)) - cc72ac89-3777-4424-826d-49e0d8cad7e1: shutdown LeaderElection
2019-08-06 04:00:05,485 INFO  impl.RaftServerImpl (RaftServerImpl.java:setRole(171)) - cc72ac89-3777-4424-826d-49e0d8cad7e1:group-03BB3AC750E1 changes role from CANDIDATE to LEADER at term 1 for changeToLeader
2019-08-06 04:00:05,485 INFO  impl.RaftServerImpl (ServerState.java:setLeader(263)) - cc72ac89-3777-4424-826d-49e0d8cad7e1:group-03BB3AC750E1 change Leader from null to cc72ac89-3777-4424-826d-49e0d8cad7e1 at term 1 for becomeLeader, leader elected after 5212ms
2019-08-06 04:00:05,487 INFO  server.RaftServerConfigKeys (ConfUtils.java:logGet(43)) - raft.server.staging.catchup.gap = 1000 (default)
2019-08-06 04:00:05,487 INFO  server.RaftServerConfigKeys (ConfUtils.java:logGet(43)) - raft.server.rpc.sleep.time = 25ms (default)
2019-08-06 04:00:05,492 INFO  server.RaftServerConfigKeys (ConfUtils.java:logGet(43)) - raft.server.write.element-limit = 4096 (default)
2019-08-06 04:00:05,492 INFO  server.RaftServerConfigKeys (ConfUtils.java:logGet(43)) - raft.server.watch.timeout = 10s (default)
2019-08-06 04:00:05,492 INFO  server.RaftServerConfigKeys (ConfUtils.java:logGet(43)) - raft.server.watch.timeout.denomination = 1s (default)
2019-08-06 04:00:05,492 INFO  server.RaftServerConfigKeys (ConfUtils.java:logGet(43)) - raft.server.watch.element-limit = 65536 (default)
2019-08-06 04:00:05,493 INFO  impl.RoleInfo (RoleInfo.java:updateAndGet(143)) - cc72ac89-3777-4424-826d-49e0d8cad7e1: start LeaderState
2019-08-06 04:00:05,493 INFO  segmented.SegmentedRaftLogWorker (SegmentedRaftLogWorker.java:startLogSegment(380)) - cc72ac89-3777-4424-826d-49e0d8cad7e1-SegmentedRaftLogWorker:Storage Directory /workdir/hadoop-ozone/integration-test/target/test-dir/MiniOzoneClusterImpl-3ccb74c5-f290-4a5a-9dce-3cc2bd5106e0/datanode-1/data/ratis/16a0cbe9-cbba-4f33-943f-03bb3ac750e1: Starting segment from index:0
2019-08-06 04:00:05,494 INFO  impl.RaftServerImpl (ServerState.java:setRaftConf(361)) - cc72ac89-3777-4424-826d-49e0d8cad7e1:group-03BB3AC750E1 set configuration 0: [cc72ac89-3777-4424-826d-49e0d8cad7e1:192.168.5.158:38241], old=null at 0
2019-08-06 04:00:05,519 INFO  impl.RaftServerImpl (RaftServerImpl.java:setRole(171)) - de835e49-1c7e-4340-a18a-ead43fc03d6b:group-C34138DEFB95 changes role from FOLLOWER to FOLLOWER at term 1 for recognizeCandidate:73cd4a4e-42c3-40e8-842b-0ce3707a011f
2019-08-06 04:00:05,520 INFO  impl.RoleInfo (RoleInfo.java:shutdownFollowerState(121)) - de835e49-1c7e-4340-a18a-ead43fc03d6b: shutdown FollowerState
2019-08-06 04:00:05,520 INFO  segmented.SegmentedRaftLogWorker (SegmentedRaftLogWorker.java:execute(569)) - cc72ac89-3777-4424-826d-49e0d8cad7e1-SegmentedRaftLogWorker:Storage Directory /workdir/hadoop-ozone/integration-test/target/test-dir/MiniOzoneClusterImpl-3ccb74c5-f290-4a5a-9dce-3cc2bd5106e0/datanode-1/data/ratis/16a0cbe9-cbba-4f33-943f-03bb3ac750e1: created new log segment /workdir/hadoop-ozone/integration-test/target/test-dir/MiniOzoneClusterImpl-3ccb74c5-f290-4a5a-9dce-3cc2bd5106e0/datanode-1/data/ratis/16a0cbe9-cbba-4f33-943f-03bb3ac750e1/current/log_inprogress_0
2019-08-06 04:00:05,520 INFO  impl.RoleInfo (RoleInfo.java:updateAndGet(143)) - de835e49-1c7e-4340-a18a-ead43fc03d6b: start FollowerState
2019-08-06 04:00:05,520 INFO  impl.FollowerState (FollowerState.java:run(114)) - de835e49-1c7e-4340-a18a-ead43fc03d6b: FollowerState was interrupted: java.lang.InterruptedException: sleep interrupted
2019-08-06 04:00:05,531 INFO  impl.FollowerState (FollowerState.java:run(106)) - 90fd38de-1e9c-4165-9fac-00006e188e54:group-4270BC23B2C1 changes to CANDIDATE, lastRpcTime:5042, electionTimeout:5033ms
2019-08-06 04:00:05,533 INFO  impl.RoleInfo (RoleInfo.java:shutdownFollowerState(121)) - 90fd38de-1e9c-4165-9fac-00006e188e54: shutdown FollowerState
2019-08-06 04:00:05,533 INFO  impl.RaftServerImpl (RaftServerImpl.java:setRole(171)) - 90fd38de-1e9c-4165-9fac-00006e188e54:group-4270BC23B2C1 changes role from FOLLOWER to CANDIDATE at term 0 for changeToCandidate
2019-08-06 04:00:05,534 INFO  impl.RoleInfo (RoleInfo.java:updateAndGet(143)) - 90fd38de-1e9c-4165-9fac-00006e188e54: start LeaderElection
2019-08-06 04:00:05,546 INFO  impl.LeaderElection (LeaderElection.java:askForVotes(181)) - 90fd38de-1e9c-4165-9fac-00006e188e54:group-4270BC23B2C1:LeaderElection9: begin an election at term 1 for -1: [cc72ac89-3777-4424-826d-49e0d8cad7e1:192.168.5.158:38241, 94b9433a-9fa9-48ae-83a7-d6636bfbcab0:192.168.5.158:41681, 90fd38de-1e9c-4165-9fac-00006e188e54:192.168.5.158:35030], old=null
2019-08-06 04:00:05,564 INFO  impl.LeaderElection (LeaderElection.java:logAndReturn(56)) - a4a8aa91-b5ac-48d1-b631-c0458072a4d4:group-C34138DEFB95:LeaderElection7: Election REJECTED; received 2 response(s) [a4a8aa91-b5ac-48d1-b631-c0458072a4d4<-73cd4a4e-42c3-40e8-842b-0ce3707a011f#0:FAIL-t1, a4a8aa91-b5ac-48d1-b631-c0458072a4d4<-de835e49-1c7e-4340-a18a-ead43fc03d6b#0:FAIL-t1] and 0 exception(s); a4a8aa91-b5ac-48d1-b631-c0458072a4d4:t1, leader=null, voted=a4a8aa91-b5ac-48d1-b631-c0458072a4d4, raftlog=a4a8aa91-b5ac-48d1-b631-c0458072a4d4-SegmentedRaftLog:OPENED:c-1,f-1,i0, conf=-1: [a4a8aa91-b5ac-48d1-b631-c0458072a4d4:192.168.5.158:33571, 73cd4a4e-42c3-40e8-842b-0ce3707a011f:192.168.5.158:33326, de835e49-1c7e-4340-a18a-ead43fc03d6b:192.168.5.158:36972], old=null
2019-08-06 04:00:05,564 INFO  impl.LeaderElection (LeaderElection.java:logAndReturn(56)) - 73cd4a4e-42c3-40e8-842b-0ce3707a011f:group-C34138DEFB95:LeaderElection6: Election PASSED; received 2 response(s) [73cd4a4e-42c3-40e8-842b-0ce3707a011f<-a4a8aa91-b5ac-48d1-b631-c0458072a4d4#0:FAIL-t1, 73cd4a4e-42c3-40e8-842b-0ce3707a011f<-de835e49-1c7e-4340-a18a-ead43fc03d6b#0:OK-t1] and 0 exception(s); 73cd4a4e-42c3-40e8-842b-0ce3707a011f:t1, leader=null, voted=73cd4a4e-42c3-40e8-842b-0ce3707a011f, raftlog=73cd4a4e-42c3-40e8-842b-0ce3707a011f-SegmentedRaftLog:OPENED:c-1,f-1,i0, conf=-1: [a4a8aa91-b5ac-48d1-b631-c0458072a4d4:192.168.5.158:33571, 73cd4a4e-42c3-40e8-842b-0ce3707a011f:192.168.5.158:33326, de835e49-1c7e-4340-a18a-ead43fc03d6b:192.168.5.158:36972], old=null
2019-08-06 04:00:05,564 INFO  impl.RoleInfo (RoleInfo.java:shutdownLeaderElection(134)) - 73cd4a4e-42c3-40e8-842b-0ce3707a011f: shutdown LeaderElection
2019-08-06 04:00:05,564 INFO  impl.RaftServerImpl (RaftServerImpl.java:setRole(171)) - a4a8aa91-b5ac-48d1-b631-c0458072a4d4:group-C34138DEFB95 changes role from CANDIDATE to FOLLOWER at term 1 for DISCOVERED_A_NEW_TERM
2019-08-06 04:00:05,564 INFO  impl.RaftServerImpl (RaftServerImpl.java:setRole(171)) - 73cd4a4e-42c3-40e8-842b-0ce3707a011f:group-C34138DEFB95 changes role from CANDIDATE to LEADER at term 1 for changeToLeader
2019-08-06 04:00:05,568 INFO  impl.RoleInfo (RoleInfo.java:shutdownLeaderElection(134)) - a4a8aa91-b5ac-48d1-b631-c0458072a4d4: shutdown LeaderElection
2019-08-06 04:00:05,570 INFO  impl.RaftServerImpl (ServerState.java:setLeader(263)) - 73cd4a4e-42c3-40e8-842b-0ce3707a011f:group-C34138DEFB95 change Leader from null to 73cd4a4e-42c3-40e8-842b-0ce3707a011f at term 1 for becomeLeader, leader elected after 5206ms
2019-08-06 04:00:05,572 INFO  server.RaftServerConfigKeys (ConfUtils.java:logGet(43)) - raft.server.staging.catchup.gap = 1000 (default)
2019-08-06 04:00:05,573 INFO  impl.RoleInfo (RoleInfo.java:updateAndGet(143)) - a4a8aa91-b5ac-48d1-b631-c0458072a4d4: start FollowerState
2019-08-06 04:00:05,574 INFO  server.RaftServerConfigKeys (ConfUtils.java:logGet(43)) - raft.server.rpc.sleep.time = 25ms (default)
2019-08-06 04:00:05,579 INFO  server.RaftServerConfigKeys (ConfUtils.java:logGet(43)) - raft.server.write.element-limit = 4096 (default)
2019-08-06 04:00:05,581 INFO  server.RaftServerConfigKeys (ConfUtils.java:logGet(43)) - raft.server.watch.timeout = 10s (default)
2019-08-06 04:00:05,582 INFO  impl.RaftServerImpl (RaftServerImpl.java:setRole(171)) - 94b9433a-9fa9-48ae-83a7-d6636bfbcab0:group-4270BC23B2C1 changes role from FOLLOWER to FOLLOWER at term 1 for recognizeCandidate:90fd38de-1e9c-4165-9fac-00006e188e54
2019-08-06 04:00:05,583 INFO  impl.RoleInfo (RoleInfo.java:shutdownFollowerState(121)) - 94b9433a-9fa9-48ae-83a7-d6636bfbcab0: shutdown FollowerState
2019-08-06 04:00:05,582 INFO  server.RaftServerConfigKeys (ConfUtils.java:logGet(43)) - raft.server.watch.timeout.denomination = 1s (default)
2019-08-06 04:00:05,584 INFO  impl.RoleInfo (RoleInfo.java:updateAndGet(143)) - 94b9433a-9fa9-48ae-83a7-d6636bfbcab0: start FollowerState
2019-08-06 04:00:05,584 INFO  impl.FollowerState (FollowerState.java:run(114)) - 94b9433a-9fa9-48ae-83a7-d6636bfbcab0: FollowerState was interrupted: java.lang.InterruptedException: sleep interrupted
2019-08-06 04:00:05,584 INFO  impl.RaftServerImpl (RaftServerImpl.java:setRole(171)) - cc72ac89-3777-4424-826d-49e0d8cad7e1:group-4270BC23B2C1 changes role from FOLLOWER to FOLLOWER at term 1 for recognizeCandidate:90fd38de-1e9c-4165-9fac-00006e188e54
2019-08-06 04:00:05,585 INFO  impl.RoleInfo (RoleInfo.java:shutdownFollowerState(121)) - cc72ac89-3777-4424-826d-49e0d8cad7e1: shutdown FollowerState
2019-08-06 04:00:05,584 INFO  server.RaftServerConfigKeys (ConfUtils.java:logGet(43)) - raft.server.watch.element-limit = 65536 (default)
2019-08-06 04:00:05,586 INFO  impl.RoleInfo (RoleInfo.java:updateAndGet(143)) - cc72ac89-3777-4424-826d-49e0d8cad7e1: start FollowerState
2019-08-06 04:00:05,586 INFO  impl.FollowerState (FollowerState.java:run(114)) - cc72ac89-3777-4424-826d-49e0d8cad7e1: FollowerState was interrupted: java.lang.InterruptedException: sleep interrupted
2019-08-06 04:00:05,590 INFO  server.RaftServerConfigKeys (ConfUtils.java:logGet(43)) - raft.server.log.appender.snapshot.chunk.size.max = 16MB (=16777216) (default)
2019-08-06 04:00:05,590 INFO  server.RaftServerConfigKeys (ConfUtils.java:logGet(43)) - raft.server.log.appender.buffer.byte-limit = 33554432 (custom)
2019-08-06 04:00:05,591 INFO  server.RaftServerConfigKeys (ConfUtils.java:logGet(43)) - raft.server.log.appender.buffer.element-limit = 1 (custom)
2019-08-06 04:00:05,594 INFO  grpc.GrpcConfigKeys$Server (ConfUtils.java:logGet(43)) - raft.grpc.server.leader.outstanding.appends.max = 128 (default)
2019-08-06 04:00:05,596 INFO  server.RaftServerConfigKeys (ConfUtils.java:logGet(43)) - raft.server.rpc.request.timeout = 3000ms (default)
2019-08-06 04:00:05,596 INFO  server.RaftServerConfigKeys (ConfUtils.java:logGet(43)) - raft.server.log.appender.install.snapshot.enabled = false (custom)
2019-08-06 04:00:05,597 INFO  server.RaftServerConfigKeys (ConfUtils.java:logGet(43)) - raft.server.log.appender.snapshot.chunk.size.max = 16MB (=16777216) (default)
2019-08-06 04:00:05,597 INFO  server.RaftServerConfigKeys (ConfUtils.java:logGet(43)) - raft.server.log.appender.buffer.byte-limit = 33554432 (custom)
2019-08-06 04:00:05,597 INFO  server.RaftServerConfigKeys (ConfUtils.java:logGet(43)) - raft.server.log.appender.buffer.element-limit = 1 (custom)
2019-08-06 04:00:05,597 INFO  grpc.GrpcConfigKeys$Server (ConfUtils.java:logGet(43)) - raft.grpc.server.leader.outstanding.appends.max = 128 (default)
2019-08-06 04:00:05,597 INFO  server.RaftServerConfigKeys (ConfUtils.java:logGet(43)) - raft.server.rpc.request.timeout = 3000ms (default)
2019-08-06 04:00:05,598 INFO  server.RaftServerConfigKeys (ConfUtils.java:logGet(43)) - raft.server.log.appender.install.snapshot.enabled = false (custom)
2019-08-06 04:00:05,599 INFO  impl.RoleInfo (RoleInfo.java:updateAndGet(143)) - 73cd4a4e-42c3-40e8-842b-0ce3707a011f: start LeaderState
2019-08-06 04:00:05,599 INFO  segmented.SegmentedRaftLogWorker (SegmentedRaftLogWorker.java:startLogSegment(380)) - 73cd4a4e-42c3-40e8-842b-0ce3707a011f-SegmentedRaftLogWorker:Storage Directory /workdir/hadoop-ozone/integration-test/target/test-dir/MiniOzoneClusterImpl-3ccb74c5-f290-4a5a-9dce-3cc2bd5106e0/datanode-3/data/ratis/b62b6465-a059-48a4-82fc-c34138defb95: Starting segment from index:0
2019-08-06 04:00:05,600 INFO  impl.RaftServerImpl (ServerState.java:setRaftConf(361)) - 73cd4a4e-42c3-40e8-842b-0ce3707a011f:group-C34138DEFB95 set configuration 0: [a4a8aa91-b5ac-48d1-b631-c0458072a4d4:192.168.5.158:33571, 73cd4a4e-42c3-40e8-842b-0ce3707a011f:192.168.5.158:33326, de835e49-1c7e-4340-a18a-ead43fc03d6b:192.168.5.158:36972], old=null at 0
2019-08-06 04:00:05,626 INFO  segmented.SegmentedRaftLogWorker (SegmentedRaftLogWorker.java:execute(569)) - 73cd4a4e-42c3-40e8-842b-0ce3707a011f-SegmentedRaftLogWorker:Storage Directory /workdir/hadoop-ozone/integration-test/target/test-dir/MiniOzoneClusterImpl-3ccb74c5-f290-4a5a-9dce-3cc2bd5106e0/datanode-3/data/ratis/b62b6465-a059-48a4-82fc-c34138defb95: created new log segment /workdir/hadoop-ozone/integration-test/target/test-dir/MiniOzoneClusterImpl-3ccb74c5-f290-4a5a-9dce-3cc2bd5106e0/datanode-3/data/ratis/b62b6465-a059-48a4-82fc-c34138defb95/current/log_inprogress_0
2019-08-06 04:00:05,630 INFO  impl.LeaderElection (LeaderElection.java:logAndReturn(56)) - 90fd38de-1e9c-4165-9fac-00006e188e54:group-4270BC23B2C1:LeaderElection9: Election PASSED; received 1 response(s) [90fd38de-1e9c-4165-9fac-00006e188e54<-cc72ac89-3777-4424-826d-49e0d8cad7e1#0:OK-t1] and 0 exception(s); 90fd38de-1e9c-4165-9fac-00006e188e54:t1, leader=null, voted=90fd38de-1e9c-4165-9fac-00006e188e54, raftlog=90fd38de-1e9c-4165-9fac-00006e188e54-SegmentedRaftLog:OPENED:c-1,f-1,i0, conf=-1: [cc72ac89-3777-4424-826d-49e0d8cad7e1:192.168.5.158:38241, 94b9433a-9fa9-48ae-83a7-d6636bfbcab0:192.168.5.158:41681, 90fd38de-1e9c-4165-9fac-00006e188e54:192.168.5.158:35030], old=null
2019-08-06 04:00:05,630 INFO  impl.RoleInfo (RoleInfo.java:shutdownLeaderElection(134)) - 90fd38de-1e9c-4165-9fac-00006e188e54: shutdown LeaderElection
2019-08-06 04:00:05,634 INFO  impl.RaftServerImpl (RaftServerImpl.java:setRole(171)) - 90fd38de-1e9c-4165-9fac-00006e188e54:group-4270BC23B2C1 changes role from CANDIDATE to LEADER at term 1 for changeToLeader
2019-08-06 04:00:05,634 INFO  impl.RaftServerImpl (ServerState.java:setLeader(263)) - 90fd38de-1e9c-4165-9fac-00006e188e54:group-4270BC23B2C1 change Leader from null to 90fd38de-1e9c-4165-9fac-00006e188e54 at term 1 for becomeLeader, leader elected after 5164ms
2019-08-06 04:00:05,634 INFO  server.RaftServerConfigKeys (ConfUtils.java:logGet(43)) - raft.server.staging.catchup.gap = 1000 (default)
2019-08-06 04:00:05,635 INFO  server.RaftServerConfigKeys (ConfUtils.java:logGet(43)) - raft.server.rpc.sleep.time = 25ms (default)
2019-08-06 04:00:05,635 INFO  server.RaftServerConfigKeys (ConfUtils.java:logGet(43)) - raft.server.write.element-limit = 4096 (default)
2019-08-06 04:00:05,635 INFO  server.RaftServerConfigKeys (ConfUtils.java:logGet(43)) - raft.server.watch.timeout = 10s (default)
2019-08-06 04:00:05,636 INFO  server.RaftServerConfigKeys (ConfUtils.java:logGet(43)) - raft.server.watch.timeout.denomination = 1s (default)
2019-08-06 04:00:05,636 INFO  server.RaftServerConfigKeys (ConfUtils.java:logGet(43)) - raft.server.watch.element-limit = 65536 (default)
2019-08-06 04:00:05,636 INFO  server.RaftServerConfigKeys (ConfUtils.java:logGet(43)) - raft.server.log.appender.snapshot.chunk.size.max = 16MB (=16777216) (default)
2019-08-06 04:00:05,637 INFO  server.RaftServerConfigKeys (ConfUtils.java:logGet(43)) - raft.server.log.appender.buffer.byte-limit = 33554432 (custom)
2019-08-06 04:00:05,637 INFO  server.RaftServerConfigKeys (ConfUtils.java:logGet(43)) - raft.server.log.appender.buffer.element-limit = 1 (custom)
2019-08-06 04:00:05,637 INFO  grpc.GrpcConfigKeys$Server (ConfUtils.java:logGet(43)) - raft.grpc.server.leader.outstanding.appends.max = 128 (default)
2019-08-06 04:00:05,638 INFO  server.RaftServerConfigKeys (ConfUtils.java:logGet(43)) - raft.server.rpc.request.timeout = 3000ms (default)
2019-08-06 04:00:05,638 INFO  server.RaftServerConfigKeys (ConfUtils.java:logGet(43)) - raft.server.log.appender.install.snapshot.enabled = false (custom)
2019-08-06 04:00:05,638 INFO  server.RaftServerConfigKeys (ConfUtils.java:logGet(43)) - raft.server.log.appender.snapshot.chunk.size.max = 16MB (=16777216) (default)
2019-08-06 04:00:05,639 INFO  server.RaftServerConfigKeys (ConfUtils.java:logGet(43)) - raft.server.log.appender.buffer.byte-limit = 33554432 (custom)
2019-08-06 04:00:05,639 INFO  server.RaftServerConfigKeys (ConfUtils.java:logGet(43)) - raft.server.log.appender.buffer.element-limit = 1 (custom)
2019-08-06 04:00:05,639 INFO  grpc.GrpcConfigKeys$Server (ConfUtils.java:logGet(43)) - raft.grpc.server.leader.outstanding.appends.max = 128 (default)
2019-08-06 04:00:05,640 INFO  server.RaftServerConfigKeys (ConfUtils.java:logGet(43)) - raft.server.rpc.request.timeout = 3000ms (default)
2019-08-06 04:00:05,640 INFO  server.RaftServerConfigKeys (ConfUtils.java:logGet(43)) - raft.server.log.appender.install.snapshot.enabled = false (custom)
2019-08-06 04:00:05,640 INFO  impl.RoleInfo (RoleInfo.java:updateAndGet(143)) - 90fd38de-1e9c-4165-9fac-00006e188e54: start LeaderState
2019-08-06 04:00:05,640 INFO  segmented.SegmentedRaftLogWorker (SegmentedRaftLogWorker.java:startLogSegment(380)) - 90fd38de-1e9c-4165-9fac-00006e188e54-SegmentedRaftLogWorker:Storage Directory /workdir/hadoop-ozone/integration-test/target/test-dir/MiniOzoneClusterImpl-3ccb74c5-f290-4a5a-9dce-3cc2bd5106e0/datanode-4/data/ratis/3d3abd0d-a2ea-469e-b354-4270bc23b2c1: Starting segment from index:0
2019-08-06 04:00:05,642 INFO  impl.RaftServerImpl (ServerState.java:setRaftConf(361)) - 90fd38de-1e9c-4165-9fac-00006e188e54:group-4270BC23B2C1 set configuration 0: [cc72ac89-3777-4424-826d-49e0d8cad7e1:192.168.5.158:38241, 94b9433a-9fa9-48ae-83a7-d6636bfbcab0:192.168.5.158:41681, 90fd38de-1e9c-4165-9fac-00006e188e54:192.168.5.158:35030], old=null at 0
2019-08-06 04:00:05,666 INFO  segmented.SegmentedRaftLogWorker (SegmentedRaftLogWorker.java:execute(569)) - 90fd38de-1e9c-4165-9fac-00006e188e54-SegmentedRaftLogWorker:Storage Directory /workdir/hadoop-ozone/integration-test/target/test-dir/MiniOzoneClusterImpl-3ccb74c5-f290-4a5a-9dce-3cc2bd5106e0/datanode-4/data/ratis/3d3abd0d-a2ea-469e-b354-4270bc23b2c1: created new log segment /workdir/hadoop-ozone/integration-test/target/test-dir/MiniOzoneClusterImpl-3ccb74c5-f290-4a5a-9dce-3cc2bd5106e0/datanode-4/data/ratis/3d3abd0d-a2ea-469e-b354-4270bc23b2c1/current/log_inprogress_0
2019-08-06 04:00:05,676 INFO  impl.RaftServerImpl (ServerState.java:setLeader(263)) - de835e49-1c7e-4340-a18a-ead43fc03d6b:group-C34138DEFB95 change Leader from null to 73cd4a4e-42c3-40e8-842b-0ce3707a011f at term 1 for appendEntries, leader elected after 5312ms
2019-08-06 04:00:05,678 INFO  impl.RaftServerImpl (ServerState.java:setLeader(263)) - cc72ac89-3777-4424-826d-49e0d8cad7e1:group-4270BC23B2C1 change Leader from null to 90fd38de-1e9c-4165-9fac-00006e188e54 at term 1 for appendEntries, leader elected after 5208ms
2019-08-06 04:00:05,678 INFO  impl.RaftServerImpl (ServerState.java:setLeader(263)) - 94b9433a-9fa9-48ae-83a7-d6636bfbcab0:group-4270BC23B2C1 change Leader from null to 90fd38de-1e9c-4165-9fac-00006e188e54 at term 1 for appendEntries, leader elected after 5208ms
2019-08-06 04:00:05,676 INFO  impl.RaftServerImpl (ServerState.java:setLeader(263)) - a4a8aa91-b5ac-48d1-b631-c0458072a4d4:group-C34138DEFB95 change Leader from null to 73cd4a4e-42c3-40e8-842b-0ce3707a011f at term 1 for appendEntries, leader elected after 5312ms
2019-08-06 04:00:05,720 INFO  impl.RaftServerImpl (ServerState.java:setRaftConf(361)) - a4a8aa91-b5ac-48d1-b631-c0458072a4d4:group-C34138DEFB95 set configuration 0: [a4a8aa91-b5ac-48d1-b631-c0458072a4d4:192.168.5.158:33571, 73cd4a4e-42c3-40e8-842b-0ce3707a011f:192.168.5.158:33326, de835e49-1c7e-4340-a18a-ead43fc03d6b:192.168.5.158:36972], old=null at 0
2019-08-06 04:00:05,720 INFO  impl.RaftServerImpl (ServerState.java:setRaftConf(361)) - de835e49-1c7e-4340-a18a-ead43fc03d6b:group-C34138DEFB95 set configuration 0: [a4a8aa91-b5ac-48d1-b631-c0458072a4d4:192.168.5.158:33571, 73cd4a4e-42c3-40e8-842b-0ce3707a011f:192.168.5.158:33326, de835e49-1c7e-4340-a18a-ead43fc03d6b:192.168.5.158:36972], old=null at 0
2019-08-06 04:00:05,720 INFO  impl.RaftServerImpl (ServerState.java:setRaftConf(361)) - 94b9433a-9fa9-48ae-83a7-d6636bfbcab0:group-4270BC23B2C1 set configuration 0: [cc72ac89-3777-4424-826d-49e0d8cad7e1:192.168.5.158:38241, 94b9433a-9fa9-48ae-83a7-d6636bfbcab0:192.168.5.158:41681, 90fd38de-1e9c-4165-9fac-00006e188e54:192.168.5.158:35030], old=null at 0
2019-08-06 04:00:05,720 INFO  impl.RaftServerImpl (ServerState.java:setRaftConf(361)) - cc72ac89-3777-4424-826d-49e0d8cad7e1:group-4270BC23B2C1 set configuration 0: [cc72ac89-3777-4424-826d-49e0d8cad7e1:192.168.5.158:38241, 94b9433a-9fa9-48ae-83a7-d6636bfbcab0:192.168.5.158:41681, 90fd38de-1e9c-4165-9fac-00006e188e54:192.168.5.158:35030], old=null at 0
2019-08-06 04:00:05,721 INFO  segmented.SegmentedRaftLogWorker (SegmentedRaftLogWorker.java:startLogSegment(380)) - 94b9433a-9fa9-48ae-83a7-d6636bfbcab0-SegmentedRaftLogWorker:Storage Directory /workdir/hadoop-ozone/integration-test/target/test-dir/MiniOzoneClusterImpl-3ccb74c5-f290-4a5a-9dce-3cc2bd5106e0/datanode-5/data/ratis/3d3abd0d-a2ea-469e-b354-4270bc23b2c1: Starting segment from index:0
2019-08-06 04:00:05,721 INFO  segmented.SegmentedRaftLogWorker (SegmentedRaftLogWorker.java:startLogSegment(380)) - de835e49-1c7e-4340-a18a-ead43fc03d6b-SegmentedRaftLogWorker:Storage Directory /workdir/hadoop-ozone/integration-test/target/test-dir/MiniOzoneClusterImpl-3ccb74c5-f290-4a5a-9dce-3cc2bd5106e0/datanode-0/data/ratis/b62b6465-a059-48a4-82fc-c34138defb95: Starting segment from index:0
2019-08-06 04:00:05,720 INFO  segmented.SegmentedRaftLogWorker (SegmentedRaftLogWorker.java:startLogSegment(380)) - a4a8aa91-b5ac-48d1-b631-c0458072a4d4-SegmentedRaftLogWorker:Storage Directory /workdir/hadoop-ozone/integration-test/target/test-dir/MiniOzoneClusterImpl-3ccb74c5-f290-4a5a-9dce-3cc2bd5106e0/datanode-2/data/ratis/b62b6465-a059-48a4-82fc-c34138defb95: Starting segment from index:0
2019-08-06 04:00:05,721 INFO  segmented.SegmentedRaftLogWorker (SegmentedRaftLogWorker.java:startLogSegment(380)) - cc72ac89-3777-4424-826d-49e0d8cad7e1-SegmentedRaftLogWorker:Storage Directory /workdir/hadoop-ozone/integration-test/target/test-dir/MiniOzoneClusterImpl-3ccb74c5-f290-4a5a-9dce-3cc2bd5106e0/datanode-1/data/ratis/3d3abd0d-a2ea-469e-b354-4270bc23b2c1: Starting segment from index:0
2019-08-06 04:00:05,750 INFO  segmented.SegmentedRaftLogWorker (SegmentedRaftLogWorker.java:execute(569)) - cc72ac89-3777-4424-826d-49e0d8cad7e1-SegmentedRaftLogWorker:Storage Directory /workdir/hadoop-ozone/integration-test/target/test-dir/MiniOzoneClusterImpl-3ccb74c5-f290-4a5a-9dce-3cc2bd5106e0/datanode-1/data/ratis/3d3abd0d-a2ea-469e-b354-4270bc23b2c1: created new log segment /workdir/hadoop-ozone/integration-test/target/test-dir/MiniOzoneClusterImpl-3ccb74c5-f290-4a5a-9dce-3cc2bd5106e0/datanode-1/data/ratis/3d3abd0d-a2ea-469e-b354-4270bc23b2c1/current/log_inprogress_0
2019-08-06 04:00:05,750 INFO  segmented.SegmentedRaftLogWorker (SegmentedRaftLogWorker.java:execute(569)) - 94b9433a-9fa9-48ae-83a7-d6636bfbcab0-SegmentedRaftLogWorker:Storage Directory /workdir/hadoop-ozone/integration-test/target/test-dir/MiniOzoneClusterImpl-3ccb74c5-f290-4a5a-9dce-3cc2bd5106e0/datanode-5/data/ratis/3d3abd0d-a2ea-469e-b354-4270bc23b2c1: created new log segment /workdir/hadoop-ozone/integration-test/target/test-dir/MiniOzoneClusterImpl-3ccb74c5-f290-4a5a-9dce-3cc2bd5106e0/datanode-5/data/ratis/3d3abd0d-a2ea-469e-b354-4270bc23b2c1/current/log_inprogress_0
2019-08-06 04:00:05,750 INFO  segmented.SegmentedRaftLogWorker (SegmentedRaftLogWorker.java:execute(569)) - a4a8aa91-b5ac-48d1-b631-c0458072a4d4-SegmentedRaftLogWorker:Storage Directory /workdir/hadoop-ozone/integration-test/target/test-dir/MiniOzoneClusterImpl-3ccb74c5-f290-4a5a-9dce-3cc2bd5106e0/datanode-2/data/ratis/b62b6465-a059-48a4-82fc-c34138defb95: created new log segment /workdir/hadoop-ozone/integration-test/target/test-dir/MiniOzoneClusterImpl-3ccb74c5-f290-4a5a-9dce-3cc2bd5106e0/datanode-2/data/ratis/b62b6465-a059-48a4-82fc-c34138defb95/current/log_inprogress_0
2019-08-06 04:00:05,750 INFO  segmented.SegmentedRaftLogWorker (SegmentedRaftLogWorker.java:execute(569)) - de835e49-1c7e-4340-a18a-ead43fc03d6b-SegmentedRaftLogWorker:Storage Directory /workdir/hadoop-ozone/integration-test/target/test-dir/MiniOzoneClusterImpl-3ccb74c5-f290-4a5a-9dce-3cc2bd5106e0/datanode-0/data/ratis/b62b6465-a059-48a4-82fc-c34138defb95: created new log segment /workdir/hadoop-ozone/integration-test/target/test-dir/MiniOzoneClusterImpl-3ccb74c5-f290-4a5a-9dce-3cc2bd5106e0/datanode-0/data/ratis/b62b6465-a059-48a4-82fc-c34138defb95/current/log_inprogress_0
2019-08-06 04:00:05,978 INFO  client.GrpcClientProtocolClient (GrpcClientProtocolClient.java:onNext(255)) - client-262A2309FDE3->94b9433a-9fa9-48ae-83a7-d6636bfbcab0: receive RaftClientReply:client-262A2309FDE3->94b9433a-9fa9-48ae-83a7-d6636bfbcab0@group-4270BC23B2C1, cid=12, FAILED org.apache.ratis.protocol.NotLeaderException: Server 94b9433a-9fa9-48ae-83a7-d6636bfbcab0 is not the leader (90fd38de-1e9c-4165-9fac-00006e188e54:192.168.5.158:35030). Request must be sent to leader., logIndex=0, commits[94b9433a-9fa9-48ae-83a7-d6636bfbcab0:c0, cc72ac89-3777-4424-826d-49e0d8cad7e1:c-1, 90fd38de-1e9c-4165-9fac-00006e188e54:c0]
2019-08-06 04:00:06,001 WARN  io.KeyOutputStream (KeyOutputStream.java:handleException(276)) - Encountered exception java.io.IOException: Unexpected Storage Container Exception: java.util.concurrent.CompletionException: java.util.concurrent.CompletionException: org.apache.ratis.protocol.RaftRetryFailureException: Failed RaftClientRequest:client-262A2309FDE3->94b9433a-9fa9-48ae-83a7-d6636bfbcab0@group-4270BC23B2C1, cid=12, seq=1*, RW, org.apache.hadoop.hdds.scm.XceiverClientRatis$$Lambda$314/1993403607@45a11442 for 5 attempts with RetryLimited(maxAttempts=5, sleepTime=1000ms) on the pipeline Pipeline[ Id: 3d3abd0d-a2ea-469e-b354-4270bc23b2c1, Nodes: 90fd38de-1e9c-4165-9fac-00006e188e54{ip: 192.168.5.158, host: byscane-nightly-vxsck-2133491976, networkLocation: /default-rack, certSerialId: null}94b9433a-9fa9-48ae-83a7-d6636bfbcab0{ip: 192.168.5.158, host: byscane-nightly-vxsck-2133491976, networkLocation: /default-rack, certSerialId: null}cc72ac89-3777-4424-826d-49e0d8cad7e1{ip: 192.168.5.158, host: byscane-nightly-vxsck-2133491976, networkLocation: /default-rack, certSerialId: null}, Type:RATIS, Factor:THREE, State:OPEN]. The last committed block length is 0, uncommitted data length is 2097152 retry count 0
2019-08-06 04:00:06,067 INFO  client.GrpcClientProtocolClient (GrpcClientProtocolClient.java:onNext(255)) - client-4E63B6160CA4->de835e49-1c7e-4340-a18a-ead43fc03d6b: receive RaftClientReply:client-4E63B6160CA4->de835e49-1c7e-4340-a18a-ead43fc03d6b@group-C34138DEFB95, cid=16, FAILED org.apache.ratis.protocol.NotLeaderException: Server de835e49-1c7e-4340-a18a-ead43fc03d6b is not the leader (73cd4a4e-42c3-40e8-842b-0ce3707a011f:192.168.5.158:33326). Request must be sent to leader., logIndex=0, commits[de835e49-1c7e-4340-a18a-ead43fc03d6b:c0, a4a8aa91-b5ac-48d1-b631-c0458072a4d4:c-1, 73cd4a4e-42c3-40e8-842b-0ce3707a011f:c0]
2019-08-06 04:00:06,391 INFO  client.GrpcClientProtocolClient (GrpcClientProtocolClient.java:onNext(255)) - client-4E63B6160CA4->73cd4a4e-42c3-40e8-842b-0ce3707a011f: receive RaftClientReply:client-4E63B6160CA4->73cd4a4e-42c3-40e8-842b-0ce3707a011f@group-C34138DEFB95, cid=16, SUCCESS, logIndex=1, commits[73cd4a4e-42c3-40e8-842b-0ce3707a011f:c1, a4a8aa91-b5ac-48d1-b631-c0458072a4d4:c0, de835e49-1c7e-4340-a18a-ead43fc03d6b:c1]
2019-08-06 04:00:06,587 INFO  client.GrpcClientProtocolClient (GrpcClientProtocolClient.java:onNext(255)) - client-4E63B6160CA4->73cd4a4e-42c3-40e8-842b-0ce3707a011f: receive RaftClientReply:client-4E63B6160CA4->73cd4a4e-42c3-40e8-842b-0ce3707a011f@group-C34138DEFB95, cid=17, SUCCESS, logIndex=3, commits[73cd4a4e-42c3-40e8-842b-0ce3707a011f:c8, a4a8aa91-b5ac-48d1-b631-c0458072a4d4:c6, de835e49-1c7e-4340-a18a-ead43fc03d6b:c6]
2019-08-06 04:00:06,592 INFO  client.GrpcClientProtocolClient (GrpcClientProtocolClient.java:onNext(255)) - client-4E63B6160CA4->73cd4a4e-42c3-40e8-842b-0ce3707a011f: receive RaftClientReply:client-4E63B6160CA4->73cd4a4e-42c3-40e8-842b-0ce3707a011f@group-C34138DEFB95, cid=18, SUCCESS, logIndex=5, commits[73cd4a4e-42c3-40e8-842b-0ce3707a011f:c8, a4a8aa91-b5ac-48d1-b631-c0458072a4d4:c6, de835e49-1c7e-4340-a18a-ead43fc03d6b:c6]
2019-08-06 04:00:06,683 INFO  client.GrpcClientProtocolClient (GrpcClientProtocolClient.java:onNext(255)) - client-4E63B6160CA4->73cd4a4e-42c3-40e8-842b-0ce3707a011f: receive RaftClientReply:client-4E63B6160CA4->73cd4a4e-42c3-40e8-842b-0ce3707a011f@group-C34138DEFB95, cid=19, SUCCESS, logIndex=6, commits[73cd4a4e-42c3-40e8-842b-0ce3707a011f:c8, a4a8aa91-b5ac-48d1-b631-c0458072a4d4:c6, de835e49-1c7e-4340-a18a-ead43fc03d6b:c6]
2019-08-06 04:00:06,749 INFO  client.GrpcClientProtocolClient (GrpcClientProtocolClient.java:onNext(255)) - client-4E63B6160CA4->73cd4a4e-42c3-40e8-842b-0ce3707a011f: receive RaftClientReply:client-4E63B6160CA4->73cd4a4e-42c3-40e8-842b-0ce3707a011f@group-C34138DEFB95, cid=20, SUCCESS, logIndex=9, commits[73cd4a4e-42c3-40e8-842b-0ce3707a011f:c10, a4a8aa91-b5ac-48d1-b631-c0458072a4d4:c8, de835e49-1c7e-4340-a18a-ead43fc03d6b:c8]
2019-08-06 04:00:06,754 INFO  client.GrpcClientProtocolClient (GrpcClientProtocolClient.java:onNext(255)) - client-4E63B6160CA4->73cd4a4e-42c3-40e8-842b-0ce3707a011f: receive RaftClientReply:client-4E63B6160CA4->73cd4a4e-42c3-40e8-842b-0ce3707a011f@group-C34138DEFB95, cid=21, SUCCESS, logIndex=10, commits[73cd4a4e-42c3-40e8-842b-0ce3707a011f:c10, a4a8aa91-b5ac-48d1-b631-c0458072a4d4:c8, de835e49-1c7e-4340-a18a-ead43fc03d6b:c8]
2019-08-06 04:00:06,772 INFO  client.GrpcClientProtocolClient (GrpcClientProtocolClient.java:onNext(255)) - client-4E63B6160CA4->73cd4a4e-42c3-40e8-842b-0ce3707a011f: receive RaftClientReply:client-4E63B6160CA4->73cd4a4e-42c3-40e8-842b-0ce3707a011f@group-C34138DEFB95, cid=22, SUCCESS, logIndex=11, commits[73cd4a4e-42c3-40e8-842b-0ce3707a011f:c12, a4a8aa91-b5ac-48d1-b631-c0458072a4d4:c10, de835e49-1c7e-4340-a18a-ead43fc03d6b:c9]
2019-08-06 04:00:06,773 INFO  client.GrpcClientProtocolClient (GrpcClientProtocolClient.java:onNext(255)) - client-4E63B6160CA4->73cd4a4e-42c3-40e8-842b-0ce3707a011f: receive RaftClientReply:client-4E63B6160CA4->73cd4a4e-42c3-40e8-842b-0ce3707a011f@group-C34138DEFB95, cid=23, SUCCESS, logIndex=12, commits[73cd4a4e-42c3-40e8-842b-0ce3707a011f:c14, a4a8aa91-b5ac-48d1-b631-c0458072a4d4:c10, de835e49-1c7e-4340-a18a-ead43fc03d6b:c10]
2019-08-06 04:00:06,797 INFO  client.GrpcClientProtocolClient (GrpcClientProtocolClient.java:onNext(255)) - client-4E63B6160CA4->73cd4a4e-42c3-40e8-842b-0ce3707a011f: receive RaftClientReply:client-4E63B6160CA4->73cd4a4e-42c3-40e8-842b-0ce3707a011f@group-C34138DEFB95, cid=24, SUCCESS, logIndex=0, commits[73cd4a4e-42c3-40e8-842b-0ce3707a011f:c16, a4a8aa91-b5ac-48d1-b631-c0458072a4d4:c14, de835e49-1c7e-4340-a18a-ead43fc03d6b:c14]
2019-08-06 04:00:06,818 INFO  datanode.ObjectStoreHandler (ObjectStoreHandler.java:close(155)) - Closing ObjectStoreHandler.
2019-08-06 04:00:06,819 INFO  ozone.HddsDatanodeService (HddsDatanodeService.java:stop(451)) - Stopped plug-in org.apache.hadoop.ozone.web.OzoneHddsDatanodeService@623e0631
2019-08-06 04:00:06,897 INFO  statemachine.DatanodeStateMachine (DatanodeStateMachine.java:lambda$startDaemon$0(350)) - Ozone container server started.
2019-08-06 04:00:06,924 INFO  client.GrpcClientProtocolClient (GrpcClientProtocolClient.java:onNext(255)) - client-4E63B6160CA4->73cd4a4e-42c3-40e8-842b-0ce3707a011f: receive RaftClientReply:client-4E63B6160CA4->73cd4a4e-42c3-40e8-842b-0ce3707a011f@group-C34138DEFB95, cid=25, SUCCESS, logIndex=17, commits[73cd4a4e-42c3-40e8-842b-0ce3707a011f:c18, a4a8aa91-b5ac-48d1-b631-c0458072a4d4:c16, de835e49-1c7e-4340-a18a-ead43fc03d6b:c16]
2019-08-06 04:00:06,952 INFO  client.GrpcClientProtocolClient (GrpcClientProtocolClient.java:onNext(255)) - client-4E63B6160CA4->73cd4a4e-42c3-40e8-842b-0ce3707a011f: receive RaftClientReply:client-4E63B6160CA4->73cd4a4e-42c3-40e8-842b-0ce3707a011f@group-C34138DEFB95, cid=26, SUCCESS, logIndex=18, commits[73cd4a4e-42c3-40e8-842b-0ce3707a011f:c20, a4a8aa91-b5ac-48d1-b631-c0458072a4d4:c18, de835e49-1c7e-4340-a18a-ead43fc03d6b:c18]
2019-08-06 04:00:11,822 INFO  ozoneimpl.OzoneContainer (OzoneContainer.java:stop(199)) - Attempting to stop container services.
2019-08-06 04:00:11,823 INFO  impl.RaftServerProxy (RaftServerProxy.java:lambda$close$4(314)) - de835e49-1c7e-4340-a18a-ead43fc03d6b: close
2019-08-06 04:00:11,826 INFO  impl.RaftServerImpl (RaftServerImpl.java:lambda$shutdown$3(245)) - de835e49-1c7e-4340-a18a-ead43fc03d6b: shutdown group-C34138DEFB95
2019-08-06 04:00:11,826 INFO  impl.RaftServerImpl (RaftServerImpl.java:lambda$shutdown$3(245)) - de835e49-1c7e-4340-a18a-ead43fc03d6b: shutdown group-3807B295A88B
2019-08-06 04:00:11,826 INFO  util.JmxRegister (JmxRegister.java:unregister(73)) - Successfully un-registered JMX Bean with object name Ratis:service=RaftServer,group=group-C34138DEFB95,id=de835e49-1c7e-4340-a18a-ead43fc03d6b
2019-08-06 04:00:11,827 INFO  util.JmxRegister (JmxRegister.java:unregister(73)) - Successfully un-registered JMX Bean with object name Ratis:service=RaftServer,group=group-3807B295A88B,id=de835e49-1c7e-4340-a18a-ead43fc03d6b
2019-08-06 04:00:11,827 INFO  impl.RoleInfo (RoleInfo.java:shutdownFollowerState(121)) - de835e49-1c7e-4340-a18a-ead43fc03d6b: shutdown FollowerState
2019-08-06 04:00:11,827 INFO  impl.RoleInfo (RoleInfo.java:shutdownLeaderState(104)) - de835e49-1c7e-4340-a18a-ead43fc03d6b: shutdown LeaderState
2019-08-06 04:00:11,828 INFO  impl.FollowerState (FollowerState.java:run(114)) - de835e49-1c7e-4340-a18a-ead43fc03d6b: FollowerState was interrupted: java.lang.InterruptedException: sleep interrupted
2019-08-06 04:00:11,828 INFO  impl.StateMachineUpdater (StateMachineUpdater.java:stopAndJoin(115)) - StateMachineUpdater:de835e49-1c7e-4340-a18a-ead43fc03d6b:group-C34138DEFB95: set stopIndex = 20
2019-08-06 04:00:11,828 INFO  ratis.ContainerStateMachine (ContainerStateMachine.java:takeSnapshot(262)) - group-C34138DEFB95: Taking a snapshot at:(t:1, i:18) file /workdir/hadoop-ozone/integration-test/target/test-dir/MiniOzoneClusterImpl-3ccb74c5-f290-4a5a-9dce-3cc2bd5106e0/datanode-0/data/ratis/b62b6465-a059-48a4-82fc-c34138defb95/sm/snapshot.1_18
2019-08-06 04:00:11,833 INFO  impl.PendingRequests (PendingRequests.java:sendNotLeaderResponses(202)) - de835e49-1c7e-4340-a18a-ead43fc03d6b-PendingRequests: sendNotLeaderResponses
2019-08-06 04:00:11,836 INFO  impl.StateMachineUpdater (StateMachineUpdater.java:stopAndJoin(115)) - StateMachineUpdater:de835e49-1c7e-4340-a18a-ead43fc03d6b:group-3807B295A88B: set stopIndex = 0
2019-08-06 04:00:11,840 INFO  impl.RaftServerImpl (ServerState.java:close(394)) - de835e49-1c7e-4340-a18a-ead43fc03d6b:group-3807B295A88B closes. The last applied log index is 0
2019-08-06 04:00:11,844 INFO  segmented.SegmentedRaftLogWorker (SegmentedRaftLogWorker.java:run(313)) - de835e49-1c7e-4340-a18a-ead43fc03d6b-SegmentedRaftLogWorker:Storage Directory /workdir/hadoop-ozone/integration-test/target/test-dir/MiniOzoneClusterImpl-3ccb74c5-f290-4a5a-9dce-3cc2bd5106e0/datanode-0/data/ratis/91241b66-def5-4141-8245-3807b295a88b was interrupted, exiting. There are 0 tasks remaining in the queue.
2019-08-06 04:00:11,848 INFO  segmented.SegmentedRaftLogWorker (SegmentedRaftLogWorker.java:close(228)) - de835e49-1c7e-4340-a18a-ead43fc03d6b-SegmentedRaftLogWorker:Storage Directory /workdir/hadoop-ozone/integration-test/target/test-dir/MiniOzoneClusterImpl-3ccb74c5-f290-4a5a-9dce-3cc2bd5106e0/datanode-0/data/ratis/91241b66-def5-4141-8245-3807b295a88b close()
2019-08-06 04:00:11,865 INFO  ratis.ContainerStateMachine (ContainerStateMachine.java:takeSnapshot(273)) - group-C34138DEFB95: Finished taking a snapshot at:(t:1, i:18) file:/workdir/hadoop-ozone/integration-test/target/test-dir/MiniOzoneClusterImpl-3ccb74c5-f290-4a5a-9dce-3cc2bd5106e0/datanode-0/data/ratis/b62b6465-a059-48a4-82fc-c34138defb95/sm/snapshot.1_18 time:37
2019-08-06 04:00:11,865 INFO  impl.StateMachineUpdater (StateMachineUpdater.java:takeSnapshot(242)) - StateMachineUpdater:de835e49-1c7e-4340-a18a-ead43fc03d6b:group-C34138DEFB95: Took a snapshot at index 18
2019-08-06 04:00:11,866 INFO  impl.StateMachineUpdater (StateMachineUpdater.java:lambda$new$0(80)) - StateMachineUpdater:de835e49-1c7e-4340-a18a-ead43fc03d6b:group-C34138DEFB95: snapshotIndex: updateIncreasingly -1 -> 18
2019-08-06 04:00:11,871 INFO  impl.RaftServerImpl (ServerState.java:close(394)) - de835e49-1c7e-4340-a18a-ead43fc03d6b:group-C34138DEFB95 closes. The last applied log index is 20
2019-08-06 04:00:11,872 INFO  segmented.SegmentedRaftLogWorker (SegmentedRaftLogWorker.java:run(313)) - de835e49-1c7e-4340-a18a-ead43fc03d6b-SegmentedRaftLogWorker:Storage Directory /workdir/hadoop-ozone/integration-test/target/test-dir/MiniOzoneClusterImpl-3ccb74c5-f290-4a5a-9dce-3cc2bd5106e0/datanode-0/data/ratis/b62b6465-a059-48a4-82fc-c34138defb95 was interrupted, exiting. There are 0 tasks remaining in the queue.
2019-08-06 04:00:11,876 INFO  segmented.SegmentedRaftLogWorker (SegmentedRaftLogWorker.java:close(228)) - de835e49-1c7e-4340-a18a-ead43fc03d6b-SegmentedRaftLogWorker:Storage Directory /workdir/hadoop-ozone/integration-test/target/test-dir/MiniOzoneClusterImpl-3ccb74c5-f290-4a5a-9dce-3cc2bd5106e0/datanode-0/data/ratis/b62b6465-a059-48a4-82fc-c34138defb95 close()
2019-08-06 04:00:11,882 INFO  server.GrpcService (GrpcService.java:closeImpl(155)) - de835e49-1c7e-4340-a18a-ead43fc03d6b: shutdown server with port 36972 now
2019-08-06 04:00:11,890 INFO  server.GrpcService (GrpcService.java:closeImpl(163)) - de835e49-1c7e-4340-a18a-ead43fc03d6b: shutdown server with port 36972 successfully
2019-08-06 04:00:11,890 WARN  server.GrpcServerProtocolService (LogUtils.java:warn(134)) - de835e49-1c7e-4340-a18a-ead43fc03d6b: appendEntries onError: org.apache.ratis.thirdparty.io.grpc.StatusRuntimeException: CANCELLED: cancelled before receiving half close
2019-08-06 04:00:11,895 INFO  utils.BackgroundService (BackgroundService.java:shutdown(148)) - Shutting down service BlockDeletingService
2019-08-06 04:00:11,895 WARN  server.GrpcLogAppender (LogUtils.java:warn(134)) - 73cd4a4e-42c3-40e8-842b-0ce3707a011f->de835e49-1c7e-4340-a18a-ead43fc03d6b: Failed appendEntries: org.apache.ratis.thirdparty.io.grpc.StatusRuntimeException: CANCELLED: HTTP/2 error code: CANCEL
Received Rst Stream
2019-08-06 04:00:11,899 WARN  fs.CachingGetSpaceUsed (CachingGetSpaceUsed.java:run(183)) - Thread Interrupted waiting to refresh disk information: sleep interrupted
2019-08-06 04:00:11,899 INFO  impl.FollowerInfo (FollowerInfo.java:lambda$new$0(50)) - 73cd4a4e-42c3-40e8-842b-0ce3707a011f->de835e49-1c7e-4340-a18a-ead43fc03d6b: nextIndex: updateUnconditionally 21 -> 20
2019-08-06 04:00:11,926 INFO  statemachine.DatanodeStateMachine (DatanodeStateMachine.java:stopDaemon(395)) - Ozone container server stopped.
2019-08-06 04:00:11,938 INFO  handler.ContextHandler (ContextHandler.java:doStop(910)) - Stopped o.e.j.w.WebAppContext@36417a54{/,null,UNAVAILABLE}{/hddsDatanode}
2019-08-06 04:00:11,949 INFO  server.AbstractConnector (AbstractConnector.java:doStop(318)) - Stopped ServerConnector@2b8bb184{HTTP/1.1,[http/1.1]}{0.0.0.0:0}
2019-08-06 04:00:11,950 INFO  handler.ContextHandler (ContextHandler.java:doStop(910)) - Stopped o.e.j.s.ServletContextHandler@4e08acf9{/static,jar:file:/home/user/.m2/repository/org/apache/hadoop/hadoop-hdds-container-service/0.4.1-SNAPSHOT/hadoop-hdds-container-service-0.4.1-SNAPSHOT.jar!/webapps/static,UNAVAILABLE}
2019-08-06 04:00:11,950 INFO  handler.ContextHandler (ContextHandler.java:doStop(910)) - Stopped o.e.j.s.ServletContextHandler@65c33b92{/logs,file:///workdir/hadoop-ozone/integration-test/target/log,UNAVAILABLE}
2019-08-06 04:00:11,954 INFO  datanode.ObjectStoreHandler (ObjectStoreHandler.java:close(155)) - Closing ObjectStoreHandler.
2019-08-06 04:00:11,955 INFO  ozone.HddsDatanodeService (HddsDatanodeService.java:stop(451)) - Stopped plug-in org.apache.hadoop.ozone.web.OzoneHddsDatanodeService@34c7232c
2019-08-06 04:00:11,958 WARN  server.GrpcLogAppender (LogUtils.java:warn(134)) - 73cd4a4e-42c3-40e8-842b-0ce3707a011f->de835e49-1c7e-4340-a18a-ead43fc03d6b: Failed appendEntries: org.apache.ratis.thirdparty.io.grpc.StatusRuntimeException: UNAVAILABLE: io exception
2019-08-06 04:00:11,960 INFO  impl.FollowerInfo (FollowerInfo.java:lambda$new$0(50)) - 73cd4a4e-42c3-40e8-842b-0ce3707a011f->de835e49-1c7e-4340-a18a-ead43fc03d6b: nextIndex: updateUnconditionally 20 -> 19
2019-08-06 04:00:12,872 INFO  statemachine.DatanodeStateMachine (DatanodeStateMachine.java:lambda$startDaemon$0(350)) - Ozone container server started.
2019-08-06 04:00:14,464 WARN  server.GrpcLogAppender (LogUtils.java:warn(134)) - 73cd4a4e-42c3-40e8-842b-0ce3707a011f->de835e49-1c7e-4340-a18a-ead43fc03d6b: Failed appendEntries: org.apache.ratis.thirdparty.io.grpc.StatusRuntimeException: UNAVAILABLE: io exception
2019-08-06 04:00:14,468 INFO  impl.FollowerInfo (FollowerInfo.java:lambda$new$0(50)) - 73cd4a4e-42c3-40e8-842b-0ce3707a011f->de835e49-1c7e-4340-a18a-ead43fc03d6b: nextIndex: updateUnconditionally 19 -> 18
2019-08-06 04:00:16,956 INFO  ozoneimpl.OzoneContainer (OzoneContainer.java:stop(199)) - Attempting to stop container services.
2019-08-06 04:00:16,957 INFO  impl.RaftServerProxy (RaftServerProxy.java:lambda$close$4(314)) - 73cd4a4e-42c3-40e8-842b-0ce3707a011f: close
2019-08-06 04:00:16,958 INFO  impl.RaftServerImpl (RaftServerImpl.java:lambda$shutdown$3(245)) - 73cd4a4e-42c3-40e8-842b-0ce3707a011f: shutdown group-C34138DEFB95
2019-08-06 04:00:16,958 INFO  impl.RaftServerImpl (RaftServerImpl.java:lambda$shutdown$3(245)) - 73cd4a4e-42c3-40e8-842b-0ce3707a011f: shutdown group-BC9AE3D9C764
2019-08-06 04:00:16,958 INFO  util.JmxRegister (JmxRegister.java:unregister(73)) - Successfully un-registered JMX Bean with object name Ratis:service=RaftServer,group=group-C34138DEFB95,id=73cd4a4e-42c3-40e8-842b-0ce3707a011f
2019-08-06 04:00:16,959 INFO  util.JmxRegister (JmxRegister.java:unregister(73)) - Successfully un-registered JMX Bean with object name Ratis:service=RaftServer,group=group-BC9AE3D9C764,id=73cd4a4e-42c3-40e8-842b-0ce3707a011f
2019-08-06 04:00:16,959 INFO  impl.RoleInfo (RoleInfo.java:shutdownLeaderState(104)) - 73cd4a4e-42c3-40e8-842b-0ce3707a011f: shutdown LeaderState
2019-08-06 04:00:16,959 INFO  impl.RoleInfo (RoleInfo.java:shutdownLeaderState(104)) - 73cd4a4e-42c3-40e8-842b-0ce3707a011f: shutdown LeaderState
2019-08-06 04:00:16,963 INFO  impl.PendingRequests (PendingRequests.java:sendNotLeaderResponses(202)) - 73cd4a4e-42c3-40e8-842b-0ce3707a011f-PendingRequests: sendNotLeaderResponses
2019-08-06 04:00:16,964 INFO  impl.PendingRequests (PendingRequests.java:sendNotLeaderResponses(202)) - 73cd4a4e-42c3-40e8-842b-0ce3707a011f-PendingRequests: sendNotLeaderResponses
2019-08-06 04:00:16,964 WARN  server.GrpcLogAppender (GrpcLogAppender.java:mayWait(143)) - GrpcLogAppender(73cd4a4e-42c3-40e8-842b-0ce3707a011f->a4a8aa91-b5ac-48d1-b631-c0458072a4d4): Wait interrupted by java.lang.InterruptedException
2019-08-06 04:00:16,968 WARN  server.GrpcLogAppender (GrpcLogAppender.java:mayWait(143)) - GrpcLogAppender(73cd4a4e-42c3-40e8-842b-0ce3707a011f->de835e49-1c7e-4340-a18a-ead43fc03d6b): Wait interrupted by java.lang.InterruptedException
2019-08-06 04:00:16,970 INFO  impl.StateMachineUpdater (StateMachineUpdater.java:stopAndJoin(115)) - StateMachineUpdater:73cd4a4e-42c3-40e8-842b-0ce3707a011f:group-BC9AE3D9C764: set stopIndex = 0
2019-08-06 04:00:16,973 INFO  ratis.ContainerStateMachine (ContainerStateMachine.java:takeSnapshot(262)) - group-C34138DEFB95: Taking a snapshot at:(t:1, i:20) file /workdir/hadoop-ozone/integration-test/target/test-dir/MiniOzoneClusterImpl-3ccb74c5-f290-4a5a-9dce-3cc2bd5106e0/datanode-3/data/ratis/b62b6465-a059-48a4-82fc-c34138defb95/sm/snapshot.1_20
2019-08-06 04:00:16,971 INFO  impl.StateMachineUpdater (StateMachineUpdater.java:stopAndJoin(115)) - StateMachineUpdater:73cd4a4e-42c3-40e8-842b-0ce3707a011f:group-C34138DEFB95: set stopIndex = 20
2019-08-06 04:00:16,973 INFO  impl.RaftServerImpl (ServerState.java:close(394)) - 73cd4a4e-42c3-40e8-842b-0ce3707a011f:group-BC9AE3D9C764 closes. The last applied log index is 0
2019-08-06 04:00:16,982 INFO  segmented.SegmentedRaftLogWorker (SegmentedRaftLogWorker.java:run(313)) - 73cd4a4e-42c3-40e8-842b-0ce3707a011f-SegmentedRaftLogWorker:Storage Directory /workdir/hadoop-ozone/integration-test/target/test-dir/MiniOzoneClusterImpl-3ccb74c5-f290-4a5a-9dce-3cc2bd5106e0/datanode-3/data/ratis/a293c426-cc66-462b-a485-bc9ae3d9c764 was interrupted, exiting. There are 0 tasks remaining in the queue.
2019-08-06 04:00:16,987 INFO  server.GrpcServerProtocolService (GrpcServerProtocolService.java:onCompleted(104)) - a4a8aa91-b5ac-48d1-b631-c0458072a4d4: appendEntries completed
2019-08-06 04:00:16,988 INFO  server.GrpcLogAppender (GrpcLogAppender.java:onError(281)) - GrpcLogAppender(73cd4a4e-42c3-40e8-842b-0ce3707a011f->de835e49-1c7e-4340-a18a-ead43fc03d6b) is stopped
2019-08-06 04:00:16,990 INFO  server.GrpcLogAppender (GrpcLogAppender.java:onCompleted(292)) - 73cd4a4e-42c3-40e8-842b-0ce3707a011f->a4a8aa91-b5ac-48d1-b631-c0458072a4d4: follower responses appendEntries COMPLETED
2019-08-06 04:00:16,993 INFO  segmented.SegmentedRaftLogWorker (SegmentedRaftLogWorker.java:close(228)) - 73cd4a4e-42c3-40e8-842b-0ce3707a011f-SegmentedRaftLogWorker:Storage Directory /workdir/hadoop-ozone/integration-test/target/test-dir/MiniOzoneClusterImpl-3ccb74c5-f290-4a5a-9dce-3cc2bd5106e0/datanode-3/data/ratis/a293c426-cc66-462b-a485-bc9ae3d9c764 close()
2019-08-06 04:00:16,994 INFO  impl.FollowerInfo (FollowerInfo.java:lambda$new$0(50)) - 73cd4a4e-42c3-40e8-842b-0ce3707a011f->a4a8aa91-b5ac-48d1-b631-c0458072a4d4: nextIndex: updateUnconditionally 21 -> 20
2019-08-06 04:00:16,997 INFO  ratis.ContainerStateMachine (ContainerStateMachine.java:takeSnapshot(273)) - group-C34138DEFB95: Finished taking a snapshot at:(t:1, i:20) file:/workdir/hadoop-ozone/integration-test/target/test-dir/MiniOzoneClusterImpl-3ccb74c5-f290-4a5a-9dce-3cc2bd5106e0/datanode-3/data/ratis/b62b6465-a059-48a4-82fc-c34138defb95/sm/snapshot.1_20 time:27
2019-08-06 04:00:16,997 INFO  impl.StateMachineUpdater (StateMachineUpdater.java:takeSnapshot(242)) - StateMachineUpdater:73cd4a4e-42c3-40e8-842b-0ce3707a011f:group-C34138DEFB95: Took a snapshot at index 20
2019-08-06 04:00:16,997 INFO  impl.StateMachineUpdater (StateMachineUpdater.java:lambda$new$0(80)) - StateMachineUpdater:73cd4a4e-42c3-40e8-842b-0ce3707a011f:group-C34138DEFB95: snapshotIndex: updateIncreasingly -1 -> 20
2019-08-06 04:00:16,998 INFO  impl.RaftServerImpl (ServerState.java:close(394)) - 73cd4a4e-42c3-40e8-842b-0ce3707a011f:group-C34138DEFB95 closes. The last applied log index is 20
2019-08-06 04:00:16,999 INFO  segmented.SegmentedRaftLogWorker (SegmentedRaftLogWorker.java:run(313)) - 73cd4a4e-42c3-40e8-842b-0ce3707a011f-SegmentedRaftLogWorker:Storage Directory /workdir/hadoop-ozone/integration-test/target/test-dir/MiniOzoneClusterImpl-3ccb74c5-f290-4a5a-9dce-3cc2bd5106e0/datanode-3/data/ratis/b62b6465-a059-48a4-82fc-c34138defb95 was interrupted, exiting. There are 0 tasks remaining in the queue.
2019-08-06 04:00:17,000 INFO  segmented.SegmentedRaftLogWorker (SegmentedRaftLogWorker.java:close(228)) - 73cd4a4e-42c3-40e8-842b-0ce3707a011f-SegmentedRaftLogWorker:Storage Directory /workdir/hadoop-ozone/integration-test/target/test-dir/MiniOzoneClusterImpl-3ccb74c5-f290-4a5a-9dce-3cc2bd5106e0/datanode-3/data/ratis/b62b6465-a059-48a4-82fc-c34138defb95 close()
2019-08-06 04:00:17,004 INFO  server.GrpcService (GrpcService.java:closeImpl(155)) - 73cd4a4e-42c3-40e8-842b-0ce3707a011f: shutdown server with port 33326 now
2019-08-06 04:00:17,007 INFO  server.GrpcService (GrpcService.java:closeImpl(163)) - 73cd4a4e-42c3-40e8-842b-0ce3707a011f: shutdown server with port 33326 successfully
2019-08-06 04:00:17,009 WARN  client.GrpcClientProtocolService (LogUtils.java:warn(134)) - 1-UnorderedRequestStreamObserver1: onError: org.apache.ratis.thirdparty.io.grpc.StatusRuntimeException: CANCELLED: cancelled before receiving half close
2019-08-06 04:00:17,012 INFO  utils.BackgroundService (BackgroundService.java:shutdown(148)) - Shutting down service BlockDeletingService
2019-08-06 04:00:17,013 WARN  fs.CachingGetSpaceUsed (CachingGetSpaceUsed.java:run(183)) - Thread Interrupted waiting to refresh disk information: sleep interrupted
2019-08-06 04:00:17,033 INFO  statemachine.DatanodeStateMachine (DatanodeStateMachine.java:stopDaemon(395)) - Ozone container server stopped.
2019-08-06 04:00:17,035 INFO  handler.ContextHandler (ContextHandler.java:doStop(910)) - Stopped o.e.j.w.WebAppContext@6b162ecc{/,null,UNAVAILABLE}{/hddsDatanode}
2019-08-06 04:00:17,036 INFO  server.AbstractConnector (AbstractConnector.java:doStop(318)) - Stopped ServerConnector@3b4086c1{HTTP/1.1,[http/1.1]}{0.0.0.0:0}
2019-08-06 04:00:17,036 INFO  handler.ContextHandler (ContextHandler.java:doStop(910)) - Stopped o.e.j.s.ServletContextHandler@4b03cbad{/static,jar:file:/home/user/.m2/repository/org/apache/hadoop/hadoop-hdds-container-service/0.4.1-SNAPSHOT/hadoop-hdds-container-service-0.4.1-SNAPSHOT.jar!/webapps/static,UNAVAILABLE}
2019-08-06 04:00:17,037 INFO  handler.ContextHandler (ContextHandler.java:doStop(910)) - Stopped o.e.j.s.ServletContextHandler@14b275bd{/logs,file:///workdir/hadoop-ozone/integration-test/target/log,UNAVAILABLE}
2019-08-06 04:00:21,002 INFO  impl.FollowerState (FollowerState.java:run(106)) - a4a8aa91-b5ac-48d1-b631-c0458072a4d4:group-C34138DEFB95 changes to CANDIDATE, lastRpcTime:6538, electionTimeout:5136ms
2019-08-06 04:00:21,002 INFO  impl.RoleInfo (RoleInfo.java:shutdownFollowerState(121)) - a4a8aa91-b5ac-48d1-b631-c0458072a4d4: shutdown FollowerState
2019-08-06 04:00:21,002 INFO  impl.RaftServerImpl (RaftServerImpl.java:setRole(171)) - a4a8aa91-b5ac-48d1-b631-c0458072a4d4:group-C34138DEFB95 changes role from FOLLOWER to CANDIDATE at term 1 for changeToCandidate
2019-08-06 04:00:21,002 INFO  impl.RoleInfo (RoleInfo.java:updateAndGet(143)) - a4a8aa91-b5ac-48d1-b631-c0458072a4d4: start LeaderElection
2019-08-06 04:00:21,005 INFO  impl.RaftServerImpl (ServerState.java:setLeader(263)) - a4a8aa91-b5ac-48d1-b631-c0458072a4d4:group-C34138DEFB95 change Leader from 73cd4a4e-42c3-40e8-842b-0ce3707a011f to null at term 1 for initElection
2019-08-06 04:00:21,011 INFO  impl.LeaderElection (LeaderElection.java:askForVotes(181)) - a4a8aa91-b5ac-48d1-b631-c0458072a4d4:group-C34138DEFB95:LeaderElection10: begin an election at term 2 for 0: [a4a8aa91-b5ac-48d1-b631-c0458072a4d4:192.168.5.158:33571, 73cd4a4e-42c3-40e8-842b-0ce3707a011f:192.168.5.158:33326, de835e49-1c7e-4340-a18a-ead43fc03d6b:192.168.5.158:36972], old=null
2019-08-06 04:00:21,019 INFO  impl.LeaderElection (LogUtils.java:infoOrTrace(149)) - a4a8aa91-b5ac-48d1-b631-c0458072a4d4:group-C34138DEFB95:LeaderElection10 got exception when requesting votes: {}
java.util.concurrent.ExecutionException: org.apache.ratis.thirdparty.io.grpc.StatusRuntimeException: UNAVAILABLE: io exception
	at java.util.concurrent.FutureTask.report(FutureTask.java:122)
	at java.util.concurrent.FutureTask.get(FutureTask.java:192)
	at org.apache.ratis.server.impl.LeaderElection.waitForResults(LeaderElection.java:262)
	at org.apache.ratis.server.impl.LeaderElection.askForVotes(LeaderElection.java:200)
	at org.apache.ratis.server.impl.LeaderElection.run(LeaderElection.java:130)
	at java.lang.Thread.run(Thread.java:748)
Caused by: org.apache.ratis.thirdparty.io.grpc.StatusRuntimeException: UNAVAILABLE: io exception
	at org.apache.ratis.thirdparty.io.grpc.stub.ClientCalls.toStatusRuntimeException(ClientCalls.java:233)
	at org.apache.ratis.thirdparty.io.grpc.stub.ClientCalls.getUnchecked(ClientCalls.java:214)
	at org.apache.ratis.thirdparty.io.grpc.stub.ClientCalls.blockingUnaryCall(ClientCalls.java:139)
	at org.apache.ratis.proto.grpc.RaftServerProtocolServiceGrpc$RaftServerProtocolServiceBlockingStub.requestVote(RaftServerProtocolServiceGrpc.java:265)
	at org.apache.ratis.grpc.server.GrpcServerProtocolClient.requestVote(GrpcServerProtocolClient.java:83)
	at org.apache.ratis.grpc.server.GrpcService.requestVote(GrpcService.java:195)
	at org.apache.ratis.server.impl.LeaderElection.lambda$submitRequests$1(LeaderElection.java:237)
	at java.util.concurrent.FutureTask.run(FutureTask.java:266)
	at java.util.concurrent.Executors$RunnableAdapter.call(Executors.java:511)
	at java.util.concurrent.FutureTask.run(FutureTask.java:266)
	at java.util.concurrent.ThreadPoolExecutor.runWorker(ThreadPoolExecutor.java:1149)
	at java.util.concurrent.ThreadPoolExecutor$Worker.run(ThreadPoolExecutor.java:624)
	... 1 more
Caused by: org.apache.ratis.thirdparty.io.netty.channel.AbstractChannel$AnnotatedConnectException: Connection refused: /192.168.5.158:36972
	at sun.nio.ch.SocketChannelImpl.checkConnect(Native Method)
	at sun.nio.ch.SocketChannelImpl.finishConnect(SocketChannelImpl.java:717)
	at org.apache.ratis.thirdparty.io.netty.channel.socket.nio.NioSocketChannel.doFinishConnect(NioSocketChannel.java:327)
	at org.apache.ratis.thirdparty.io.netty.channel.nio.AbstractNioChannel$AbstractNioUnsafe.finishConnect(AbstractNioChannel.java:340)
	at org.apache.ratis.thirdparty.io.netty.channel.nio.NioEventLoop.processSelectedKey(NioEventLoop.java:632)
	at org.apache.ratis.thirdparty.io.netty.channel.nio.NioEventLoop.processSelectedKeysOptimized(NioEventLoop.java:579)
	at org.apache.ratis.thirdparty.io.netty.channel.nio.NioEventLoop.processSelectedKeys(NioEventLoop.java:496)
	at org.apache.ratis.thirdparty.io.netty.channel.nio.NioEventLoop.run(NioEventLoop.java:458)
	at org.apache.ratis.thirdparty.io.netty.util.concurrent.SingleThreadEventExecutor$5.run(SingleThreadEventExecutor.java:897)
	at org.apache.ratis.thirdparty.io.netty.util.concurrent.FastThreadLocalRunnable.run(FastThreadLocalRunnable.java:30)
	... 1 more
Caused by: java.net.ConnectException: Connection refused
	... 11 more
2019-08-06 04:00:21,023 INFO  impl.LeaderElection (LogUtils.java:infoOrTrace(149)) - a4a8aa91-b5ac-48d1-b631-c0458072a4d4:group-C34138DEFB95:LeaderElection10 got exception when requesting votes: {}
java.util.concurrent.ExecutionException: org.apache.ratis.thirdparty.io.grpc.StatusRuntimeException: UNAVAILABLE: io exception
	at java.util.concurrent.FutureTask.report(FutureTask.java:122)
	at java.util.concurrent.FutureTask.get(FutureTask.java:192)
	at org.apache.ratis.server.impl.LeaderElection.waitForResults(LeaderElection.java:262)
	at org.apache.ratis.server.impl.LeaderElection.askForVotes(LeaderElection.java:200)
	at org.apache.ratis.server.impl.LeaderElection.run(LeaderElection.java:130)
	at java.lang.Thread.run(Thread.java:748)
Caused by: org.apache.ratis.thirdparty.io.grpc.StatusRuntimeException: UNAVAILABLE: io exception
	at org.apache.ratis.thirdparty.io.grpc.stub.ClientCalls.toStatusRuntimeException(ClientCalls.java:233)
	at org.apache.ratis.thirdparty.io.grpc.stub.ClientCalls.getUnchecked(ClientCalls.java:214)
	at org.apache.ratis.thirdparty.io.grpc.stub.ClientCalls.blockingUnaryCall(ClientCalls.java:139)
	at org.apache.ratis.proto.grpc.RaftServerProtocolServiceGrpc$RaftServerProtocolServiceBlockingStub.requestVote(RaftServerProtocolServiceGrpc.java:265)
	at org.apache.ratis.grpc.server.GrpcServerProtocolClient.requestVote(GrpcServerProtocolClient.java:83)
	at org.apache.ratis.grpc.server.GrpcService.requestVote(GrpcService.java:195)
	at org.apache.ratis.server.impl.LeaderElection.lambda$submitRequests$1(LeaderElection.java:237)
	at java.util.concurrent.FutureTask.run(FutureTask.java:266)
	at java.util.concurrent.Executors$RunnableAdapter.call(Executors.java:511)
	at java.util.concurrent.FutureTask.run(FutureTask.java:266)
	at java.util.concurrent.ThreadPoolExecutor.runWorker(ThreadPoolExecutor.java:1149)
	at java.util.concurrent.ThreadPoolExecutor$Worker.run(ThreadPoolExecutor.java:624)
	... 1 more
Caused by: org.apache.ratis.thirdparty.io.netty.channel.AbstractChannel$AnnotatedConnectException: Connection refused: /192.168.5.158:33326
	at sun.nio.ch.SocketChannelImpl.checkConnect(Native Method)
	at sun.nio.ch.SocketChannelImpl.finishConnect(SocketChannelImpl.java:717)
	at org.apache.ratis.thirdparty.io.netty.channel.socket.nio.NioSocketChannel.doFinishConnect(NioSocketChannel.java:327)
	at org.apache.ratis.thirdparty.io.netty.channel.nio.AbstractNioChannel$AbstractNioUnsafe.finishConnect(AbstractNioChannel.java:340)
	at org.apache.ratis.thirdparty.io.netty.channel.nio.NioEventLoop.processSelectedKey(NioEventLoop.java:632)
	at org.apache.ratis.thirdparty.io.netty.channel.nio.NioEventLoop.processSelectedKeysOptimized(NioEventLoop.java:579)
	at org.apache.ratis.thirdparty.io.netty.channel.nio.NioEventLoop.processSelectedKeys(NioEventLoop.java:496)
	at org.apache.ratis.thirdparty.io.netty.channel.nio.NioEventLoop.run(NioEventLoop.java:458)
	at org.apache.ratis.thirdparty.io.netty.util.concurrent.SingleThreadEventExecutor$5.run(SingleThreadEventExecutor.java:897)
	at org.apache.ratis.thirdparty.io.netty.util.concurrent.FastThreadLocalRunnable.run(FastThreadLocalRunnable.java:30)
	... 1 more
Caused by: java.net.ConnectException: Connection refused
	... 11 more
2019-08-06 04:00:21,026 INFO  impl.LeaderElection (LeaderElection.java:logAndReturn(56)) - a4a8aa91-b5ac-48d1-b631-c0458072a4d4:group-C34138DEFB95:LeaderElection10: Election REJECTED; received 0 response(s) [] and 2 exception(s); a4a8aa91-b5ac-48d1-b631-c0458072a4d4:t2, leader=null, voted=a4a8aa91-b5ac-48d1-b631-c0458072a4d4, raftlog=a4a8aa91-b5ac-48d1-b631-c0458072a4d4-SegmentedRaftLog:OPENED:c20,f20,i20, conf=0: [a4a8aa91-b5ac-48d1-b631-c0458072a4d4:192.168.5.158:33571, 73cd4a4e-42c3-40e8-842b-0ce3707a011f:192.168.5.158:33326, de835e49-1c7e-4340-a18a-ead43fc03d6b:192.168.5.158:36972], old=null
2019-08-06 04:00:21,026 INFO  impl.LeaderElection (LogUtils.java:infoOrTrace(149)) -   Exception 0: {}
java.util.concurrent.ExecutionException: org.apache.ratis.thirdparty.io.grpc.StatusRuntimeException: UNAVAILABLE: io exception
	at java.util.concurrent.FutureTask.report(FutureTask.java:122)
	at java.util.concurrent.FutureTask.get(FutureTask.java:192)
	at org.apache.ratis.server.impl.LeaderElection.waitForResults(LeaderElection.java:262)
	at org.apache.ratis.server.impl.LeaderElection.askForVotes(LeaderElection.java:200)
	at org.apache.ratis.server.impl.LeaderElection.run(LeaderElection.java:130)
	at java.lang.Thread.run(Thread.java:748)
Caused by: org.apache.ratis.thirdparty.io.grpc.StatusRuntimeException: UNAVAILABLE: io exception
	at org.apache.ratis.thirdparty.io.grpc.stub.ClientCalls.toStatusRuntimeException(ClientCalls.java:233)
	at org.apache.ratis.thirdparty.io.grpc.stub.ClientCalls.getUnchecked(ClientCalls.java:214)
	at org.apache.ratis.thirdparty.io.grpc.stub.ClientCalls.blockingUnaryCall(ClientCalls.java:139)
	at org.apache.ratis.proto.grpc.RaftServerProtocolServiceGrpc$RaftServerProtocolServiceBlockingStub.requestVote(RaftServerProtocolServiceGrpc.java:265)
	at org.apache.ratis.grpc.server.GrpcServerProtocolClient.requestVote(GrpcServerProtocolClient.java:83)
	at org.apache.ratis.grpc.server.GrpcService.requestVote(GrpcService.java:195)
	at org.apache.ratis.server.impl.LeaderElection.lambda$submitRequests$1(LeaderElection.java:237)
	at java.util.concurrent.FutureTask.run(FutureTask.java:266)
	at java.util.concurrent.Executors$RunnableAdapter.call(Executors.java:511)
	at java.util.concurrent.FutureTask.run(FutureTask.java:266)
	at java.util.concurrent.ThreadPoolExecutor.runWorker(ThreadPoolExecutor.java:1149)
	at java.util.concurrent.ThreadPoolExecutor$Worker.run(ThreadPoolExecutor.java:624)
	... 1 more
Caused by: org.apache.ratis.thirdparty.io.netty.channel.AbstractChannel$AnnotatedConnectException: Connection refused: /192.168.5.158:36972
	at sun.nio.ch.SocketChannelImpl.checkConnect(Native Method)
	at sun.nio.ch.SocketChannelImpl.finishConnect(SocketChannelImpl.java:717)
	at org.apache.ratis.thirdparty.io.netty.channel.socket.nio.NioSocketChannel.doFinishConnect(NioSocketChannel.java:327)
	at org.apache.ratis.thirdparty.io.netty.channel.nio.AbstractNioChannel$AbstractNioUnsafe.finishConnect(AbstractNioChannel.java:340)
	at org.apache.ratis.thirdparty.io.netty.channel.nio.NioEventLoop.processSelectedKey(NioEventLoop.java:632)
	at org.apache.ratis.thirdparty.io.netty.channel.nio.NioEventLoop.processSelectedKeysOptimized(NioEventLoop.java:579)
	at org.apache.ratis.thirdparty.io.netty.channel.nio.NioEventLoop.processSelectedKeys(NioEventLoop.java:496)
	at org.apache.ratis.thirdparty.io.netty.channel.nio.NioEventLoop.run(NioEventLoop.java:458)
	at org.apache.ratis.thirdparty.io.netty.util.concurrent.SingleThreadEventExecutor$5.run(SingleThreadEventExecutor.java:897)
	at org.apache.ratis.thirdparty.io.netty.util.concurrent.FastThreadLocalRunnable.run(FastThreadLocalRunnable.java:30)
	... 1 more
Caused by: java.net.ConnectException: Connection refused
	... 11 more
2019-08-06 04:00:21,027 INFO  impl.LeaderElection (LogUtils.java:infoOrTrace(149)) -   Exception 1: {}
java.util.concurrent.ExecutionException: org.apache.ratis.thirdparty.io.grpc.StatusRuntimeException: UNAVAILABLE: io exception
	at java.util.concurrent.FutureTask.report(FutureTask.java:122)
	at java.util.concurrent.FutureTask.get(FutureTask.java:192)
	at org.apache.ratis.server.impl.LeaderElection.waitForResults(LeaderElection.java:262)
	at org.apache.ratis.server.impl.LeaderElection.askForVotes(LeaderElection.java:200)
	at org.apache.ratis.server.impl.LeaderElection.run(LeaderElection.java:130)
	at java.lang.Thread.run(Thread.java:748)
Caused by: org.apache.ratis.thirdparty.io.grpc.StatusRuntimeException: UNAVAILABLE: io exception
	at org.apache.ratis.thirdparty.io.grpc.stub.ClientCalls.toStatusRuntimeException(ClientCalls.java:233)
	at org.apache.ratis.thirdparty.io.grpc.stub.ClientCalls.getUnchecked(ClientCalls.java:214)
	at org.apache.ratis.thirdparty.io.grpc.stub.ClientCalls.blockingUnaryCall(ClientCalls.java:139)
	at org.apache.ratis.proto.grpc.RaftServerProtocolServiceGrpc$RaftServerProtocolServiceBlockingStub.requestVote(RaftServerProtocolServiceGrpc.java:265)
	at org.apache.ratis.grpc.server.GrpcServerProtocolClient.requestVote(GrpcServerProtocolClient.java:83)
	at org.apache.ratis.grpc.server.GrpcService.requestVote(GrpcService.java:195)
	at org.apache.ratis.server.impl.LeaderElection.lambda$submitRequests$1(LeaderElection.java:237)
	at java.util.concurrent.FutureTask.run(FutureTask.java:266)
	at java.util.concurrent.Executors$RunnableAdapter.call(Executors.java:511)
	at java.util.concurrent.FutureTask.run(FutureTask.java:266)
	at java.util.concurrent.ThreadPoolExecutor.runWorker(ThreadPoolExecutor.java:1149)
	at java.util.concurrent.ThreadPoolExecutor$Worker.run(ThreadPoolExecutor.java:624)
	... 1 more
Caused by: org.apache.ratis.thirdparty.io.netty.channel.AbstractChannel$AnnotatedConnectException: Connection refused: /192.168.5.158:33326
	at sun.nio.ch.SocketChannelImpl.checkConnect(Native Method)
	at sun.nio.ch.SocketChannelImpl.finishConnect(SocketChannelImpl.java:717)
	at org.apache.ratis.thirdparty.io.netty.channel.socket.nio.NioSocketChannel.doFinishConnect(NioSocketChannel.java:327)
	at org.apache.ratis.thirdparty.io.netty.channel.nio.AbstractNioChannel$AbstractNioUnsafe.finishConnect(AbstractNioChannel.java:340)
	at org.apache.ratis.thirdparty.io.netty.channel.nio.NioEventLoop.processSelectedKey(NioEventLoop.java:632)
	at org.apache.ratis.thirdparty.io.netty.channel.nio.NioEventLoop.processSelectedKeysOptimized(NioEventLoop.java:579)
	at org.apache.ratis.thirdparty.io.netty.channel.nio.NioEventLoop.processSelectedKeys(NioEventLoop.java:496)
	at org.apache.ratis.thirdparty.io.netty.channel.nio.NioEventLoop.run(NioEventLoop.java:458)
	at org.apache.ratis.thirdparty.io.netty.util.concurrent.SingleThreadEventExecutor$5.run(SingleThreadEventExecutor.java:897)
	at org.apache.ratis.thirdparty.io.netty.util.concurrent.FastThreadLocalRunnable.run(FastThreadLocalRunnable.java:30)
	... 1 more
Caused by: java.net.ConnectException: Connection refused
	... 11 more
2019-08-06 04:00:21,027 INFO  impl.RaftServerImpl (RaftServerImpl.java:setRole(171)) - a4a8aa91-b5ac-48d1-b631-c0458072a4d4:group-C34138DEFB95 changes role from CANDIDATE to FOLLOWER at term 2 for DISCOVERED_A_NEW_TERM
2019-08-06 04:00:21,027 INFO  impl.RoleInfo (RoleInfo.java:shutdownLeaderElection(134)) - a4a8aa91-b5ac-48d1-b631-c0458072a4d4: shutdown LeaderElection
2019-08-06 04:00:21,029 INFO  impl.RoleInfo (RoleInfo.java:updateAndGet(143)) - a4a8aa91-b5ac-48d1-b631-c0458072a4d4: start FollowerState
2019-08-06 04:00:21,116 INFO  client.GrpcClientProtocolClient (GrpcClientProtocolClient.java:onNext(255)) - client-4E63B6160CA4->a4a8aa91-b5ac-48d1-b631-c0458072a4d4: receive RaftClientReply:client-4E63B6160CA4->a4a8aa91-b5ac-48d1-b631-c0458072a4d4@group-C34138DEFB95, cid=27, FAILED org.apache.ratis.protocol.NotLeaderException: Server a4a8aa91-b5ac-48d1-b631-c0458072a4d4 is not the leader (null). Request must be sent to leader., logIndex=0, commits[a4a8aa91-b5ac-48d1-b631-c0458072a4d4:c20, 73cd4a4e-42c3-40e8-842b-0ce3707a011f:c20, de835e49-1c7e-4340-a18a-ead43fc03d6b:c20]
2019-08-06 04:00:21,128 WARN  io.KeyOutputStream (KeyOutputStream.java:handleException(276)) - Encountered exception java.io.IOException: Unexpected Storage Container Exception: java.util.concurrent.CompletionException: java.util.concurrent.CompletionException: org.apache.ratis.protocol.RaftRetryFailureException: Failed RaftClientRequest:client-4E63B6160CA4->a4a8aa91-b5ac-48d1-b631-c0458072a4d4@group-C34138DEFB95, cid=27, seq=11*, RW, org.apache.hadoop.hdds.scm.XceiverClientRatis$$Lambda$314/1993403607@4fb11d7f for 5 attempts with RetryLimited(maxAttempts=5, sleepTime=1000ms) on the pipeline Pipeline[ Id: b62b6465-a059-48a4-82fc-c34138defb95, Nodes: de835e49-1c7e-4340-a18a-ead43fc03d6b{ip: 192.168.5.158, host: byscane-nightly-vxsck-2133491976, networkLocation: /default-rack, certSerialId: null}73cd4a4e-42c3-40e8-842b-0ce3707a011f{ip: 192.168.5.158, host: byscane-nightly-vxsck-2133491976, networkLocation: /default-rack, certSerialId: null}a4a8aa91-b5ac-48d1-b631-c0458072a4d4{ip: 192.168.5.158, host: byscane-nightly-vxsck-2133491976, networkLocation: /default-rack, certSerialId: null}, Type:RATIS, Factor:THREE, State:OPEN]. The last committed block length is 1048576, uncommitted data length is 1048576 retry count 0
2019-08-06 04:00:21,153 WARN  block.BlockManagerImpl (BlockManagerImpl.java:allocateBlock(192)) - Pipeline creation failed for type:RATIS factor:THREE. Retrying get pipelines call once.
org.apache.hadoop.hdds.scm.pipeline.InsufficientDatanodesException: Cannot create pipeline of factor 3 using 0 nodes.
	at org.apache.hadoop.hdds.scm.pipeline.RatisPipelineProvider.create(RatisPipelineProvider.java:151)
	at org.apache.hadoop.hdds.scm.pipeline.PipelineFactory.create(PipelineFactory.java:57)
	at org.apache.hadoop.hdds.scm.pipeline.SCMPipelineManager.createPipeline(SCMPipelineManager.java:149)
	at org.apache.hadoop.hdds.scm.block.BlockManagerImpl.allocateBlock(BlockManagerImpl.java:190)
	at org.apache.hadoop.hdds.scm.server.SCMBlockProtocolServer.allocateBlock(SCMBlockProtocolServer.java:175)
	at org.apache.hadoop.ozone.protocolPB.ScmBlockLocationProtocolServerSideTranslatorPB.allocateScmBlock(ScmBlockLocationProtocolServerSideTranslatorPB.java:153)
	at org.apache.hadoop.ozone.protocolPB.ScmBlockLocationProtocolServerSideTranslatorPB.send(ScmBlockLocationProtocolServerSideTranslatorPB.java:112)
	at org.apache.hadoop.hdds.protocol.proto.ScmBlockLocationProtocolProtos$ScmBlockLocationProtocolService$2.callBlockingMethod(ScmBlockLocationProtocolProtos.java:13157)
	at org.apache.hadoop.ipc.ProtobufRpcEngine$Server$ProtoBufRpcInvoker.call(ProtobufRpcEngine.java:524)
	at org.apache.hadoop.ipc.RPC$Server.call(RPC.java:1025)
	at org.apache.hadoop.ipc.Server$RpcCall.run(Server.java:876)
	at org.apache.hadoop.ipc.Server$RpcCall.run(Server.java:822)
	at java.security.AccessController.doPrivileged(Native Method)
	at javax.security.auth.Subject.doAs(Subject.java:422)
	at org.apache.hadoop.security.UserGroupInformation.doAs(UserGroupInformation.java:1730)
	at org.apache.hadoop.ipc.Server$Handler.run(Server.java:2682)
2019-08-06 04:00:21,158 INFO  block.BlockManagerImpl (BlockManagerImpl.java:allocateBlock(198)) - Could not find available pipeline of type:RATIS and factor:THREE even after retrying
2019-08-06 04:00:21,158 ERROR block.BlockManagerImpl (BlockManagerImpl.java:allocateBlock(222)) - Unable to allocate a block for the size: 4194304, type: RATIS, factor: THREE
04:00:21.164 [IPC Server handler 16 on 46627] ERROR OMAudit - user=jenkins1000 | ip=127.0.0.1 | op=ALLOCATE_BLOCK {volume=datanodefailurehandlingtest, bucket=datanodefailurehandlingtest, key=ratis3, dataSize=0, replicationType=null, replicationFactor=null, keyLocationInfo=null, clientID=102568034400272384} | ret=FAILURE
org.apache.hadoop.hdds.scm.exceptions.SCMException: Allocated 0 blocks. Requested 1 blocks
	at org.apache.hadoop.hdds.scm.protocolPB.ScmBlockLocationProtocolClientSideTranslatorPB.handleError(ScmBlockLocationProtocolClientSideTranslatorPB.java:118) ~[hadoop-hdds-common-0.4.1-SNAPSHOT.jar:?]
	at org.apache.hadoop.hdds.scm.protocolPB.ScmBlockLocationProtocolClientSideTranslatorPB.allocateBlock(ScmBlockLocationProtocolClientSideTranslatorPB.java:156) ~[hadoop-hdds-common-0.4.1-SNAPSHOT.jar:?]
	at sun.reflect.NativeMethodAccessorImpl.invoke0(Native Method) ~[?:1.8.0_212]
	at sun.reflect.NativeMethodAccessorImpl.invoke(NativeMethodAccessorImpl.java:62) ~[?:1.8.0_212]
	at sun.reflect.DelegatingMethodAccessorImpl.invoke(DelegatingMethodAccessorImpl.java:43) ~[?:1.8.0_212]
	at java.lang.reflect.Method.invoke(Method.java:498) ~[?:1.8.0_212]
	at org.apache.hadoop.hdds.tracing.TraceAllMethod.invoke(TraceAllMethod.java:66) ~[hadoop-hdds-common-0.4.1-SNAPSHOT.jar:?]
	at com.sun.proxy.$Proxy25.allocateBlock(Unknown Source) ~[?:?]
	at org.apache.hadoop.ozone.om.KeyManagerImpl.allocateBlock(KeyManagerImpl.java:333) ~[hadoop-ozone-ozone-manager-0.4.1-SNAPSHOT.jar:?]
	at org.apache.hadoop.ozone.om.KeyManagerImpl.allocateBlock(KeyManagerImpl.java:304) ~[hadoop-ozone-ozone-manager-0.4.1-SNAPSHOT.jar:?]
	at org.apache.hadoop.ozone.om.OzoneManager.allocateBlock(OzoneManager.java:2291) [hadoop-ozone-ozone-manager-0.4.1-SNAPSHOT.jar:?]
	at org.apache.hadoop.ozone.protocolPB.OzoneManagerRequestHandler.allocateBlock(OzoneManagerRequestHandler.java:717) [hadoop-ozone-ozone-manager-0.4.1-SNAPSHOT.jar:?]
	at org.apache.hadoop.ozone.protocolPB.OzoneManagerRequestHandler.handle(OzoneManagerRequestHandler.java:240) [hadoop-ozone-ozone-manager-0.4.1-SNAPSHOT.jar:?]
	at org.apache.hadoop.ozone.protocolPB.OzoneManagerProtocolServerSideTranslatorPB.submitRequestDirectlyToOM(OzoneManagerProtocolServerSideTranslatorPB.java:192) [hadoop-ozone-ozone-manager-0.4.1-SNAPSHOT.jar:?]
	at org.apache.hadoop.ozone.protocolPB.OzoneManagerProtocolServerSideTranslatorPB.submitRequest(OzoneManagerProtocolServerSideTranslatorPB.java:110) [hadoop-ozone-ozone-manager-0.4.1-SNAPSHOT.jar:?]
	at org.apache.hadoop.ozone.protocol.proto.OzoneManagerProtocolProtos$OzoneManagerService$2.callBlockingMethod(OzoneManagerProtocolProtos.java) [hadoop-ozone-common-0.4.1-SNAPSHOT.jar:?]
	at org.apache.hadoop.ipc.ProtobufRpcEngine$Server$ProtoBufRpcInvoker.call(ProtobufRpcEngine.java:524) [hadoop-common-3.2.0.jar:?]
	at org.apache.hadoop.ipc.RPC$Server.call(RPC.java:1025) [hadoop-common-3.2.0.jar:?]
	at org.apache.hadoop.ipc.Server$RpcCall.run(Server.java:876) [hadoop-common-3.2.0.jar:?]
	at org.apache.hadoop.ipc.Server$RpcCall.run(Server.java:822) [hadoop-common-3.2.0.jar:?]
	at java.security.AccessController.doPrivileged(Native Method) [?:1.8.0_212]
	at javax.security.auth.Subject.doAs(Subject.java:422) [?:1.8.0_212]
	at org.apache.hadoop.security.UserGroupInformation.doAs(UserGroupInformation.java:1730) [hadoop-common-3.2.0.jar:?]
	at org.apache.hadoop.ipc.Server$Handler.run(Server.java:2682) [hadoop-common-3.2.0.jar:?]
2019-08-06 04:00:21,183 ERROR io.BlockOutputStreamEntryPool (BlockOutputStreamEntryPool.java:allocateBlockIfNeeded(299)) - Try to allocate more blocks for write failed, already allocated 0 blocks for this write.
INTERNAL_ERROR org.apache.hadoop.ozone.om.exceptions.OMException: Allocated 0 blocks. Requested 1 blocks
	at org.apache.hadoop.ozone.om.protocolPB.OzoneManagerProtocolClientSideTranslatorPB.handleError(OzoneManagerProtocolClientSideTranslatorPB.java:720)
	at org.apache.hadoop.ozone.om.protocolPB.OzoneManagerProtocolClientSideTranslatorPB.allocateBlock(OzoneManagerProtocolClientSideTranslatorPB.java:752)
	at org.apache.hadoop.ozone.client.io.BlockOutputStreamEntryPool.allocateNewBlock(BlockOutputStreamEntryPool.java:248)
	at org.apache.hadoop.ozone.client.io.BlockOutputStreamEntryPool.allocateBlockIfNeeded(BlockOutputStreamEntryPool.java:296)
	at org.apache.hadoop.ozone.client.io.KeyOutputStream.handleWrite(KeyOutputStream.java:201)
	at org.apache.hadoop.ozone.client.io.KeyOutputStream.handleRetry(KeyOutputStream.java:376)
	at org.apache.hadoop.ozone.client.io.KeyOutputStream.handleException(KeyOutputStream.java:325)
	at org.apache.hadoop.ozone.client.io.KeyOutputStream.handleWrite(KeyOutputStream.java:231)
	at org.apache.hadoop.ozone.client.io.KeyOutputStream.write(KeyOutputStream.java:193)
	at org.apache.hadoop.ozone.client.io.OzoneOutputStream.write(OzoneOutputStream.java:49)
	at java.io.OutputStream.write(OutputStream.java:75)
	at org.apache.hadoop.ozone.client.rpc.TestMultiBlockWritesWithDnFailures.testMultiBlockWritesWithDnFailures(TestMultiBlockWritesWithDnFailures.java:144)
	at sun.reflect.NativeMethodAccessorImpl.invoke0(Native Method)
	at sun.reflect.NativeMethodAccessorImpl.invoke(NativeMethodAccessorImpl.java:62)
	at sun.reflect.DelegatingMethodAccessorImpl.invoke(DelegatingMethodAccessorImpl.java:43)
	at java.lang.reflect.Method.invoke(Method.java:498)
	at org.junit.runners.model.FrameworkMethod$1.runReflectiveCall(FrameworkMethod.java:47)
	at org.junit.internal.runners.model.ReflectiveCallable.run(ReflectiveCallable.java:12)
	at org.junit.runners.model.FrameworkMethod.invokeExplosively(FrameworkMethod.java:44)
	at org.junit.internal.runners.statements.InvokeMethod.evaluate(InvokeMethod.java:17)
	at org.junit.runners.ParentRunner.runLeaf(ParentRunner.java:271)
	at org.junit.runners.BlockJUnit4ClassRunner.runChild(BlockJUnit4ClassRunner.java:70)
	at org.junit.runners.BlockJUnit4ClassRunner.runChild(BlockJUnit4ClassRunner.java:50)
	at org.junit.runners.ParentRunner$3.run(ParentRunner.java:238)
	at org.junit.runners.ParentRunner$1.schedule(ParentRunner.java:63)
	at org.junit.runners.ParentRunner.runChildren(ParentRunner.java:236)
	at org.junit.runners.ParentRunner.access$000(ParentRunner.java:53)
	at org.junit.runners.ParentRunner$2.evaluate(ParentRunner.java:229)
	at org.junit.runners.ParentRunner.run(ParentRunner.java:309)
	at org.apache.maven.surefire.junit4.JUnit4Provider.execute(JUnit4Provider.java:365)
	at org.apache.maven.surefire.junit4.JUnit4Provider.executeWithRerun(JUnit4Provider.java:273)
	at org.apache.maven.surefire.junit4.JUnit4Provider.executeTestSet(JUnit4Provider.java:238)
	at org.apache.maven.surefire.junit4.JUnit4Provider.invoke(JUnit4Provider.java:159)
	at org.apache.maven.surefire.booter.ForkedBooter.invokeProviderInSameClassLoader(ForkedBooter.java:384)
	at org.apache.maven.surefire.booter.ForkedBooter.runSuitesInProcess(ForkedBooter.java:345)
	at org.apache.maven.surefire.booter.ForkedBooter.execute(ForkedBooter.java:126)
	at org.apache.maven.surefire.booter.ForkedBooter.main(ForkedBooter.java:418)
]]></system-out>
    <system-err><![CDATA[ERROR StatusLogger No Log4j 2 configuration file found. Using default configuration (logging only errors to the console), or user programmatically provided configurations. Set system property 'log4j2.debug' to show Log4j 2 internal initialization logging. See https://logging.apache.org/log4j/2.x/manual/configuration.html for instructions on how to configure Log4j 2
Aug 06, 2019 3:59:53 AM com.sun.jersey.server.impl.application.WebApplicationImpl _initiate
INFO: Initiating Jersey application, version 'Jersey: 1.19 02/11/2015 03:25 AM'
Aug 06, 2019 3:59:54 AM com.sun.jersey.server.impl.application.WebApplicationImpl _initiate
INFO: Initiating Jersey application, version 'Jersey: 1.19 02/11/2015 03:25 AM'
Aug 06, 2019 3:59:55 AM com.sun.jersey.server.impl.application.WebApplicationImpl _initiate
INFO: Initiating Jersey application, version 'Jersey: 1.19 02/11/2015 03:25 AM'
Aug 06, 2019 3:59:55 AM com.sun.jersey.server.impl.application.WebApplicationImpl _initiate
INFO: Initiating Jersey application, version 'Jersey: 1.19 02/11/2015 03:25 AM'
Aug 06, 2019 3:59:55 AM com.sun.jersey.server.impl.application.WebApplicationImpl _initiate
INFO: Initiating Jersey application, version 'Jersey: 1.19 02/11/2015 03:25 AM'
Aug 06, 2019 3:59:55 AM com.sun.jersey.server.impl.application.WebApplicationImpl _initiate
INFO: Initiating Jersey application, version 'Jersey: 1.19 02/11/2015 03:25 AM'
]]></system-err>
  </testcase>
</testsuite>